0	فارسی	-	-	-	-
1	راکمی	-	-	-	-
2	درست‌تر	-	-	-	-
3	می‌نویسیم	-	-	-	-
4	.	-	-	-	-

0	به‌گزارش	-	-	-	-
1	ایسنا	-	-	-	-
2	سمینار	-	-	-	-
3	شیمی	-	-	-	-
4	آلی	-	-	-	-
5	از	-	-	-	-
6	امروز	-	-	-	-
7	۱۱	-	-	-	-
8	شهریور	-	-	-	-
9	۱۳۹۶	-	-	-	-
10	در	-	-	-	-
11	دانشگاه	-	-	-	-
12	علم	-	-	-	-
13	و	-	-	-	-
14	صنعت	-	-	-	-
15	ایران	-	-	-	-
16	آغاز	-	-	-	-
17	به	-	-	-	-
18	کار	-	-	-	-
19	کرد	-	-	-	-
20	.	-	-	-	-

0	این	-	-	-	-
1	سمینار	-	-	-	-
2	تا	-	-	-	-
3	۱۳	-	-	-	-
4	شهریور	-	-	-	-
5	ادامه	-	-	-	-
6	می‌یابد	-	-	-	-
7	.	-	-	-	-

0	رئیس	-	-	-	-
1	سازمان	-	-	-	-
2	برنامه	-	-	-	-
3	و	-	-	-	-
4	بودجه	-	-	-	-
5	،	-	-	-	-
6	برنامه	-	-	-	-
7	جامع	-	-	-	-
8	دولت	-	-	-	-
9	مشتمل	-	-	-	-
10	بر	-	-	-	-
11	۱۲	-	-	-	-
12	بسته	-	-	-	-
13	برای	-	-	-	-
14	خنثی‌سازی	-	-	-	-
15	و	-	-	-	-
16	تقلیل	-	-	-	-
17	تحریم‌‌های	-	-	-	-
18	آمریکا	-	-	-	-
19	را	-	-	-	-
20	تشریح	-	-	-	-
21	کرد	-	-	-	-
22	.	-	-	-	-

0	خانه	-	-	-	-
1	ملت	-	-	-	-
2	نوشت	-	-	-	-
3	:	-	-	-	-

0	محمدباقر	-	-	-	-
1	نوبخت	-	-	-	-
2	رئیس	-	-	-	-
3	سازمان	-	-	-	-
4	برنامه	-	-	-	-
5	و	-	-	-	-
6	بودجه	-	-	-	-
7	در	-	-	-	-
8	نشست	-	-	-	-
9	مشترک	-	-	-	-
10	رؤسای	-	-	-	-
11	کمیسیون‌‌های	-	-	-	-
12	تخصصی	-	-	-	-
13	مجلس	-	-	-	-
14	با	-	-	-	-
15	بیان	-	-	-	-
16	اینکه	-	-	-	-
17	از	-	-	-	-
18	زمان	-	-	-	-
19	مشخص	-	-	-	-
20	شدن	-	-	-	-
21	اعمال	-	-	-	-
22	تحریم‌های	-	-	-	-
23	۹۰	-	-	-	-
24	روزه	-	-	-	-
25	و	-	-	-	-
26	۱۸۰	-	-	-	-
27	روزه	-	-	-	-
28	آمریکا	-	-	-	-
29	علیه	-	-	-	-
30	ایران‌سازمان	-	-	-	-
31	برنامه	-	-	-	-
32	و	-	-	-	-
33	بودجه	-	-	-	-
34	به‌صورت	-	-	-	-
35	دقیق	-	-	-	-
36	حوزه‌های	-	-	-	-
37	این	-	-	-	-
38	تحریم‌ها	-	-	-	-
39	را	-	-	-	-
40	مشخص	-	-	-	-
41	کرد	-	-	-	-
42	،	-	-	-	-
43	گفت	-	-	-	-
44	:	-	-	-	-

0	برای	-	-	-	-
1	خنثی‌سازی	-	-	-	-
2	و	-	-	-	-
3	به	-	-	-	-
4	حداقل	-	-	-	-
5	رسیدن	-	-	-	-
6	این	-	-	-	-
7	تحریم‌ها	-	-	-	-
8	یک	-	-	-	-
9	برنامه	-	-	-	-
10	جامع	-	-	-	-
11	مشتمل	-	-	-	-
12	بر	-	-	-	-
13	۱۲	-	-	-	-
14	بسته	-	-	-	-
15	در	-	-	-	-
16	سازمان	-	-	-	-
17	طراحی	-	-	-	-
18	و	-	-	-	-
19	مشخص	-	-	-	-
20	شد	-	-	-	-
21	که	-	-	-	-
22	هر	-	-	-	-
23	یک	-	-	-	-
24	از‌دستگاه‌های	-	-	-	-
25	موجود	-	-	-	-
26	در	-	-	-	-
27	وزارتخانه‌ها	-	-	-	-
28	با	-	-	-	-
29	اعمال	-	-	-	-
30	تحریم‌های	-	-	-	-
31	۹۰	-	-	-	-
32	روزه	-	-	-	-
33	و	-	-	-	-
34	۱۸۰	-	-	-	-
35	روزه	-	-	-	-
36	چه	-	-	-	-
37	آسیب‌هایی	-	-	-	-
38	می‌بینند	-	-	-	-
39	و	-	-	-	-
40	در	-	-	-	-
41	کوتاه‌مدت	-	-	-	-
42	،	-	-	-	-
43	میان‌مدت	-	-	-	-
44	و	-	-	-	-
45	بلند	-	-	-	-
46	مدت	-	-	-	-
47	باید	-	-	-	-
48	چه	-	-	-	-
49	برنامه‌هایی	-	-	-	-
50	اعمال	-	-	-	-
51	شود	-	-	-	-
52	که	-	-	-	-
53	تکلیف	-	-	-	-
54	وزارت	-	-	-	-
55	خانه‌ها	-	-	-	-
56	در	-	-	-	-
57	این	-	-	-	-
58	حوزه	-	-	-	-
59	مشخص	-	-	-	-
60	شد	-	-	-	-
61	.	-	-	-	-

0	جوانی	-	-	-	-
1	از	-	-	-	-
2	یک	-	-	-	-
3	خانواده	-	-	-	-
4	فقیر	-	-	-	-
5	(	-	-	-	-
6	فرخ	-	-	-	-
7	)	-	-	-	-
8	دل‌باخته	-	-	-	-
9	دختر	-	-	-	-
10	عمه‌اش	-	-	-	-
11	(	-	-	-	-
12	مهین	-	-	-	-
13	)	-	-	-	-
14	از	-	-	-	-
15	خانواده‌	-	-	-	-
16	ای	-	-	-	-
17	اشرافی	-	-	-	-
18	و	-	-	-	-
19	متعین	-	-	-	-
20	است	-	-	-	-
21	.	-	-	-	-

0	پدر	-	-	-	-
1	مهین	-	-	-	-
2	به	-	-	-	-
3	سودای	-	-	-	-
4	مال	-	-	-	-
5	و	-	-	-	-
6	مقام	-	-	-	-
7	در‌صدد	-	-	-	-
8	است	-	-	-	-
9	دختر	-	-	-	-
10	را	-	-	-	-
11	به	-	-	-	-
12	خواستگار	-	-	-	-
13	ثروتمند	-	-	-	-
14	(	-	-	-	-
15	سیاوش	-	-	-	-
16	میرزا	-	-	-	-
17	)	-	-	-	-
18	بدهد	-	-	-	-
19	.	-	-	-	-

0	با	-	-	-	-
1	طرح	-	-	-	-
2	توطئه‌ای	-	-	-	-
3	فرخ	-	-	-	-
4	را	-	-	-	-
5	دستگیر	-	-	-	-
6	کرده	-	-	-	-
7	و	-	-	-	-
8	به	-	-	-	-
9	تبعید	-	-	-	-
10	می‌فرستند	-	-	-	-
11	.	-	-	-	-

0	فرخ	-	-	-	-
1	که	-	-	-	-
2	در	-	-	-	-
3	این	-	-	-	-
4	دستگاه	-	-	-	-
5	سمت	-	-	-	-
6	مهمی	-	-	-	-
7	دارد	-	-	-	-
8	،	-	-	-	-
9	ظاهرا	-	-	-	-
10	به	-	-	-	-
11	آرمان	-	-	-	-
12	خود	-	-	-	-
13	برای	-	-	-	-
14	مبارزه	-	-	-	-
15	با	-	-	-	-
16	فساد	-	-	-	-
17	نائل	-	-	-	-
18	شده‌است	-	-	-	-
19	.	-	-	-	-

0	وی	-	-	-	-
1	با	-	-	-	-
2	بیان	-	-	-	-
3	اینکه	-	-	-	-
4	نقدینگی	-	-	-	-
5	قابل	-	-	-	-
6	ملاحظه‌ای	-	-	-	-
7	در	-	-	-	-
8	کشور	-	-	-	-
9	وجود	-	-	-	-
10	دارد	-	-	-	-
11	که	-	-	-	-
12	مهار	-	-	-	-
13	نقدینگی	-	-	-	-
14	و	-	-	-	-
15	هدایت	-	-	-	-
16	آن	-	-	-	-
17	یکی	-	-	-	-
18	از	-	-	-	-
19	بسته‌های	-	-	-	-
20	دولت	-	-	-	-
21	در	-	-	-	-
22	نظر	-	-	-	-
23	گرفته‌شد	-	-	-	-
24	،	-	-	-	-
25	افزود	-	-	-	-
26	:	-	-	-	-

0	۷۶	-	-	-	-
1	هزار	-	-	-	-
2	پروژه	-	-	-	-
3	ناتمام	-	-	-	-
4	در	-	-	-	-
5	کشور	-	-	-	-
6	وجود	-	-	-	-
7	دارد	-	-	-	-
8	که	-	-	-	-
9	در	-	-	-	-
10	بسته‌دیگری	-	-	-	-
11	در	-	-	-	-
12	کشور	-	-	-	-
13	مشخص	-	-	-	-
14	شد	-	-	-	-
15	که	-	-	-	-
16	چه	-	-	-	-
17	راهکارهایی	-	-	-	-
18	برای	-	-	-	-
19	اتمام	-	-	-	-
20	پروژه‌های	-	-	-	-
21	مهم	-	-	-	-
22	باید	-	-	-	-
23	اتخاذ	-	-	-	-
24	شود	-	-	-	-
25	و	-	-	-	-
26	مدلی	-	-	-	-
27	در	-	-	-	-
28	قالب	-	-	-	-
29	مشارکت	-	-	-	-
30	عمومی	-	-	-	-
31	خصوصی	-	-	-	-
32	و	-	-	-	-
33	در	-	-	-	-
34	یک	-	-	-	-
35	بسته	-	-	-	-
36	تهیه	-	-	-	-
37	شد	-	-	-	-
38	.	-	-	-	-

0	گاهی	-	-	-	-
1	رویدادهایی	-	-	-	-
2	موجب	-	-	-	-
3	می‌شود	-	-	-	-
4	شما	-	-	-	-
5	منطق	-	-	-	-
6	خود	-	-	-	-
7	را	-	-	-	-
8	از‌دست	-	-	-	-
9	بدهید	-	-	-	-
10	وگرنه	-	-	-	-
11	دلیل	-	-	-	-
12	برای	-	-	-	-
13	از‌دست	-	-	-	-
14	دادن	-	-	-	-
15	آن	-	-	-	-
16	ندارید	-	-	-	-
17	.	-	-	-	-

0	«	-	-	-	-
1	چنآنچه	-	-	-	-
2	واکنش	-	-	-	-
3	نابهنجار	-	-	-	-
4	در‌برابر	-	-	-	-
5	موقعیت	-	-	-	-
6	نابهنجار	-	-	-	-
7	،	-	-	-	-
8	رفتار	-	-	-	-
9	طبیعی	-	-	-	-
10	به	-	-	-	-
11	شمار	-	-	-	-
12	می‌رود	-	-	-	-
13	.	-	-	-	-

0	ما	-	-	-	-
1	روانپزشکان	-	-	-	-
2	حتی	-	-	-	-
3	انتظار	-	-	-	-
4	این	-	-	-	-
5	را	-	-	-	-
6	داریم	-	-	-	-
7	که	-	-	-	-
8	واکنش‌های	-	-	-	-
9	یک	-	-	-	-
10	فرد	-	-	-	-
11	در‌برابر	-	-	-	-
12	یک	-	-	-	-
13	امر	-	-	-	-
14	نابهنجار	-	-	-	-
15	،	-	-	-	-
16	از‌قبیل	-	-	-	-
17	فرستادن	-	-	-	-
18	به	-	-	-	-
19	تیمارستان	-	-	-	-
20	،	-	-	-	-
21	به	-	-	-	-
22	نسبت	-	-	-	-
23	درجه	-	-	-	-
24	بهنجار	-	-	-	-
25	بودن	-	-	-	-
26	او	-	-	-	-
27	نابهنجار	-	-	-	-
28	باشد	-	-	-	-
29	.	-	-	-	-

0	واکنش	-	-	-	-
1	فردی	-	-	-	-
2	که	-	-	-	-
3	به	-	-	-	-
4	اردوگاه	-	-	-	-
5	کار	-	-	-	-
6	اجباری	-	-	-	-
7	وارد‌شده	-	-	-	-
8	است	-	-	-	-
9	نیز	-	-	-	-
10	وضع	-	-	-	-
11	نابهنجار	-	-	-	-
12	ذهنی	-	-	-	-
13	او	-	-	-	-
14	را	-	-	-	-
15	نشان	-	-	-	-
16	می‌دهد	-	-	-	-
17	.	-	-	-	-

0	صبح	-	-	-	-
1	زود	-	-	-	-
2	،	-	-	-	-
3	وقتی‌که	-	-	-	-
4	هوا	-	-	-	-
5	هنوز	-	-	-	-
6	گرگ‌و‌میش	-	-	-	-
7	بود	-	-	-	-
8	زندانی	-	-	-	-
9	با	-	-	-	-
10	گروهش	-	-	-	-
11	جلوی	-	-	-	-
12	در	-	-	-	-
13	می‌ایستاد	-	-	-	-
14	و	-	-	-	-
15	آماده	-	-	-	-
16	کار	-	-	-	-
17	بود	-	-	-	-
18	.	-	-	-	-

0	با	-	-	-	-
1	شنیدن	-	-	-	-
2	صدای	-	-	-	-
3	فریادی	-	-	-	-
4	،	-	-	-	-
5	می‌دید	-	-	-	-
6	که	-	-	-	-
7	چگونه	-	-	-	-
8	رفیقی	-	-	-	-
9	را	-	-	-	-
10	نقش	-	-	-	-
11	زمین	-	-	-	-
12	می‌کنند	-	-	-	-
13	و	-	-	-	-
14	دیگر‌بار	-	-	-	-
15	او	-	-	-	-
16	را	-	-	-	-
17	می‌ایستانند	-	-	-	-
18	و	-	-	-	-
19	باز	-	-	-	-
20	هم‌اینکار	-	-	-	-
21	تکرار	-	-	-	-
22	می‌شود	-	-	-	-
23	،	-	-	-	-
24	چرا	-	-	-	-
25	چنین	-	-	-	-
26	می‌کردند	-	-	-	-
27	؟	-	-	-	-

0	برای	-	-	-	-
1	این	-	-	-	-
2	که	-	-	-	-
3	تب	-	-	-	-
4	داشت	-	-	-	-
5	و	-	-	-	-
6	بی‌موقع	-	-	-	-
7	به	-	-	-	-
8	درمانگاه	-	-	-	-
9	رفته‌بود	-	-	-	-
10	و	-	-	-	-
11	به‌خاطر	-	-	-	-
12	همین‌که	-	-	-	-
13	می‌خواست	-	-	-	-
14	از	-	-	-	-
15	وظایف	-	-	-	-
16	روزانه‌اش	-	-	-	-
17	رها	-	-	-	-
18	شود	-	-	-	-
19	تنبیه	-	-	-	-
20	می‌شد	-	-	-	-
21	.	-	-	-	-

0	اینبار	-	-	-	-
1	نتونستم	-	-	-	-
2	جلوی	-	-	-	-
3	خندم	-	-	-	-
4	رو	-	-	-	-
5	بگیرم	-	-	-	-
6	یه	-	-	-	-
7	دونه	-	-	-	-
8	با	-	-	-	-
9	مشت	-	-	-	-
10	ناخود‌آگاه	-	-	-	-
11	زدم	-	-	-	-
12	به	-	-	-	-
13	بازوش	-	-	-	-
14	که	-	-	-	-
15	با	-	-	-	-
16	یه	-	-	-	-
17	لبخند	-	-	-	-
18	مرموذی	-	-	-	-
19	نگام	-	-	-	-
20	کرد	-	-	-	-
21	.	-	-	-	-

0	پایه‌ی	-	-	-	-
1	یه	-	-	-	-
2	دور	-	-	-	-
3	دور	-	-	-	-
4	هستی	-	-	-	-
5	؟؟؟!!!	-	-	-	-

0	خندیدم	-	-	-	-
1	و	-	-	-	-
2	سرمو	-	-	-	-
3	با	-	-	-	-
4	ذوق	-	-	-	-
5	تکون	-	-	-	-
6	دادم	-	-	-	-
7	و	-	-	-	-
8	پریدم	-	-	-	-
9	بالا	-	-	-	-
10	و	-	-	-	-
11	شروع	-	-	-	-
12	کردم	-	-	-	-
13	روندن	-	-	-	-
14	…	-	-	-	-
15	راهنماییم	-	-	-	-
16	کرد	-	-	-	-
17	تا	-	-	-	-
18	رفتیم	-	-	-	-
19	سمت	-	-	-	-
20	سعادت‌آباد	-	-	-	-
21	و	-	-	-	-
22	کنارآب‌میوه‌فروشی	-	-	-	-
23	ایستادیم	-	-	-	-
24	.	-	-	-	-

0	شب	-	-	-	-
1	بود	-	-	-	-
2	ستار	-	-	-	-
3	گان	-	-	-	-
4	در	-	-	-	-
5	آسمان	-	-	-	-
6	میدر	-	-	-	-
7	خشنیدند	-	-	-	-
8	،	-	-	-	-
9	از	-	-	-	-
10	کاربربرمیگشتم	-	-	-	-
11	که	-	-	-	-
12	برای	-	-	-	-
13	خانه	-	-	-	-
14	نان	-	-	-	-
15	و	-	-	-	-
16	ا	-	-	-	-
17	نار	-	-	-	-
18	خرید	-	-	-	-
19	کردم	-	-	-	-
20	.	-	-	-	-

0	ساعت	-	-	-	-
1	۱۳:	-	-	-	-

0	۲ب	-	-	-	-
1	.	-	-	-	-

0	ظ	-	-	-	-
1	هر	-	-	-	-
2	جا	-	-	-	-
3	یی	-	-	-	-
4	را	-	-	-	-
5	گشتم	-	-	-	-
6	نبود	-	-	-	-
7	و	-	-	-	-
8	دربه‌دردنبال	-	-	-	-
9	آن	-	-	-	-
10	بودم	-	-	-	-
11	.	-	-	-	-

0	کوچ‌نشینان	-	-	-	-
1	به	-	-	-	-
2	ییلاق	-	-	-	-
3	کوچ	-	-	-	-
4	کردند	-	-	-	-
5	در	-	-	-	-
6	مسیر	-	-	-	-
7	بودندطوفان	-	-	-	-
8	شن	-	-	-	-
9	شروع	-	-	-	-
10	شد	-	-	-	-
11	،	-	-	-	-
12	درطوفان	-	-	-	-
13	گیر‌کردند	-	-	-	-
14	.	-	-	-	-

0	صبح	-	-	-	-
1	شد	-	-	-	-
2	هوا	-	-	-	-
3	آروم	-	-	-	-
4	شده‌بود	-	-	-	-
5	اما	-	-	-	-
6	گوسفندان	-	-	-	-
7	همه	-	-	-	-
8	پراکنده‌شده	-	-	-	-
9	بودند	-	-	-	-
10	.	-	-	-	-

0	زمان	-	-	-	-
1	جانشینی	-	-	-	-
2	فرارسید	-	-	-	-
3	برادردربرابربرادرقرارگرفته	-	-	-	-
4	بود	-	-	-	-
5	.	-	-	-	-

0	مادر	-	-	-	-
1	برای	-	-	-	-
2	خرید	-	-	-	-
3	پرده	-	-	-	-
4	به	-	-	-	-
5	پر	-	-	-	-
6	ده	-	-	-	-
7	سرا	-	-	-	-
8	رفت	-	-	-	-
9	ولی	-	-	-	-
10	پرده‌ی	-	-	-	-
11	خو	-	-	-	-
12	بی‌پیدانکرد	-	-	-	-
13	.	-	-	-	-

0	درصورتی‌که	-	-	-	-
1	حجم	-	-	-	-
2	حافظه	-	-	-	-
3	۱۰	-	-	-	-
4	ترا	-	-	-	-
5	بایت	-	-	-	-
6	یا	-	-	-	-
7	۱۵	-	-	-	-
8	ترابایت	-	-	-	-
9	باشد	-	-	-	-
10	عالی	-	-	-	-
11	میشوددرغیراین	-	-	-	-
12	صورت	-	-	-	-
13	قابل	-	-	-	-
14	استفاده	-	-	-	-
15	نمی‌باشد	-	-	-	-
16	.	-	-	-	-

0	کسب‌و‌کار	-	-	-	-
1	در	-	-	-	-
2	اقتصاد	-	-	-	-
3	سرمایه	-	-	-	-
4	‌داری	-	-	-	-
5	حکم‌	-	-	-	-
6	فرماست	-	-	-	-
7	،	-	-	-	-
8	بیشتر	-	-	-	-
9	کسب‌و‌کار‌ها	-	-	-	-
10	که	-	-	-	-
11	مالک	-	-	-	-
12	آن‌‌ها	-	-	-	-
13	بخش	-	-	-	-
14	خصوصی	-	-	-	-
15	است	-	-	-	-
16	برای	-	-	-	-
17	این	-	-	-	-
18	ایجاد‌شده‌اند	-	-	-	-
19	که	-	-	-	-
20	سود	-	-	-	-
21	ساز	-	-	-	-
22	باشند	-	-	-	-
23	و	-	-	-	-
24	دارایی	-	-	-	-
25	صاحب‌	-	-	-	-
26	شان	-	-	-	-
27	را	-	-	-	-
28	بیشتر	-	-	-	-
29	کنند	-	-	-	-
30	.	-	-	-	-

0	کسب‌و‌کارها	-	-	-	-
1	می‌توانند	-	-	-	-
2	نا	-	-	-	-
3	سودبر	-	-	-	-
4	باشند	-	-	-	-
5	یا	-	-	-	-
6	مالک	-	-	-	-
7	آن‌ها	-	-	-	-
8	دولت	-	-	-	-
9	باشد	-	-	-	-
10	.	-	-	-	-

0	از	-	-	-	-
1	کسب‌و‌کاری	-	-	-	-
2	که	-	-	-	-
3	چندین	-	-	-	-
4	فرد	-	-	-	-
5	در	-	-	-	-
6	دارایی	-	-	-	-
7	آن	-	-	-	-
8	شریک	-	-	-	-
9	باشند	-	-	-	-
10	با	-	-	-	-
11	عنوان	-	-	-	-
12	شرکت	-	-	-	-
13	یاد	-	-	-	-
14	برده‌می‌شود	-	-	-	-
15	،	-	-	-	-
16	هر	-	-	-	-
17	چند	-	-	-	-
18	که	-	-	-	-
19	این	-	-	-	-
20	واژه	-	-	-	-
21	تعریف	-	-	-	-
22	دقیق‌‌تری	-	-	-	-
23	نیز	-	-	-	-
24	دارد	-	-	-	-
25	.	-	-	-	-

0	پترس	-	-	-	-
1	و	-	-	-	-
2	پلومن	-	-	-	-
3	،	-	-	-	-
4	از	-	-	-	-
5	صاحب‌نظران	-	-	-	-
6	این	-	-	-	-
7	حوزه	-	-	-	-
8	،	-	-	-	-
9	بر	-	-	-	-
10	این	-	-	-	-
11	باورند	-	-	-	-
12	که	-	-	-	-
13	هر	-	-	-	-
14	نوع	-	-	-	-
15	خرید‌و‌فروش	-	-	-	-
16	کسب‌وکار	-	-	-	-
17	نیست	-	-	-	-
18	،	-	-	-	-
19	بلکه	-	-	-	-
20	کسب‌وکار	-	-	-	-
21	هر	-	-	-	-
22	نوع	-	-	-	-
23	تبادل	-	-	-	-
24	تکرار‌شونده	-	-	-	-
25	و	-	-	-	-
26	تجدید	-	-	-	-
27	پذیر	-	-	-	-
28	است	-	-	-	-
29	.	-	-	-	-

0	صد‌ها	-	-	-	-
1	تن	-	-	-	-
2	از	-	-	-	-
3	مرد‌ها	-	-	-	-
4	به	-	-	-	-
5	بیگاری	-	-	-	-
6	کشیده‌شدندوبه	-	-	-	-
7	ده‌ها	-	-	-	-
8	زن	-	-	-	-
9	تجاوز	-	-	-	-
10	شد	-	-	-	-
11	.	-	-	-	-

0	فروشند‌گان	-	-	-	-
1	کالا	-	-	-	-
2	هایی	-	-	-	-
3	را	-	-	-	-
4	که	-	-	-	-
5	به	-	-	-	-
6	فروش	-	-	-	-
7	نمیرسند	-	-	-	-
8	با	-	-	-	-
9	قیمت	-	-	-	-
10	پایین‌تر	-	-	-	-
11	به	-	-	-	-
12	حراج	-	-	-	-
13	میگذارند	-	-	-	-
14	.	-	-	-	-

0	علاوه‌بر	-	-	-	-
1	این	-	-	-	-
2	اجناس	-	-	-	-
3	که	-	-	-	-
4	سال‌ها	-	-	-	-
5	پیش‌فروش	-	-	-	-
6	نرفته‌اند	-	-	-	-
7	هم	-	-	-	-
8	در	-	-	-	-
9	این	-	-	-	-
10	حراج	-	-	-	-
11	وجود	-	-	-	-
12	دارند	-	-	-	-
13	.	-	-	-	-

0	سرور‌های	-	-	-	-
1	گوگل	-	-	-	-
2	کیلو	-	-	-	-
3	ترابایت	-	-	-	-
4	حافظه‌دارند	-	-	-	-
5	.	-	-	-	-

0	بت‌پرست	-	-	-	-
1	پیر	-	-	-	-
2	اهن	-	-	-	-
3	را	-	-	-	-
4	تکه‌تکه	-	-	-	-
5	کرد	-	-	-	-
6	.	-	-	-	-

0	به‌گزارش	-	-	-	-
1	شبکه	-	-	-	-
2	ان	-	-	-	-
3	بی	-	-	-	-
4	سی	-	-	-	-
5	نیوز	-	-	-	-
6	قایق‌های	-	-	-	-
7	تندروی	-	-	-	-
8	نیروی	-	-	-	-
9	دریایی	-	-	-	-
10	ایران	-	-	-	-
11	در	-	-	-	-
12	آب‌های	-	-	-	-
13	خلیج‌فارس	-	-	-	-
14	به	-	-	-	-
15	ناو	-	-	-	-
16	آمریکایی	-	-	-	-
17	اسکس	-	-	-	-
18	و	-	-	-	-
19	دیگر	-	-	-	-
20	کشتی‌های	-	-	-	-
21	آمریکایی	-	-	-	-
22	نزدیک	-	-	-	-
23	شده‌اند	-	-	-	-
24	.	-	-	-	-

0	در‌حالی‌که	-	-	-	-
1	ژنرال	-	-	-	-
2	جوزف	-	-	-	-
3	ووتل	-	-	-	-
4	فرمانده	-	-	-	-
5	مقر	-	-	-	-
6	مرکزی	-	-	-	-
7	ارتش	-	-	-	-
8	آمریکا	-	-	-	-
9	نیز	-	-	-	-
10	در	-	-	-	-
11	ناو	-	-	-	-
12	اسکس	-	-	-	-
13	بوده‌است	-	-	-	-
14	.	-	-	-	-

0	بنابر	-	-	-	-
1	این	-	-	-	-
2	گزارش	-	-	-	-
3	قایق‌های	-	-	-	-
4	تندروی	-	-	-	-
5	ایرانی	-	-	-	-
6	تا	-	-	-	-
7	فاصله	-	-	-	-
8	۳۰۰	-	-	-	-
9	یاردی	-	-	-	-
10	از	-	-	-	-
11	اسکس	-	-	-	-
12	به	-	-	-	-
13	این	-	-	-	-
14	ناو	-	-	-	-
15	آمریکایی	-	-	-	-
16	نزدیک	-	-	-	-
17	شده‌بودند	-	-	-	-
18	.	-	-	-	-

0	یک	-	-	-	-
1	ملوان	-	-	-	-
2	ایرانی	-	-	-	-
3	در	-	-	-	-
4	یک	-	-	-	-
5	تماس	-	-	-	-
6	رادیویی	-	-	-	-
7	از	-	-	-	-
8	ناو	-	-	-	-
9	اسکس	-	-	-	-
10	خواسته‌بود	-	-	-	-
11	تا	-	-	-	-
12	ملیت	-	-	-	-
13	خود	-	-	-	-
14	را	-	-	-	-
15	مشخص	-	-	-	-
16	کند	-	-	-	-
17	.	-	-	-	-

0	در	-	-	-	-
1	پاسخ	-	-	-	-
2	به	-	-	-	-
3	این	-	-	-	-
4	تماس	-	-	-	-
5	نیز	-	-	-	-
6	یک	-	-	-	-
7	ملوان	-	-	-	-
8	آمریکایی	-	-	-	-
9	کشتی‌های	-	-	-	-
10	آمریکایی‌ها	-	-	-	-
11	را	-	-	-	-
12	برای	-	-	-	-
13	ایران	-	-	-	-
14	معرفی	-	-	-	-
15	کرده	-	-	-	-
16	و	-	-	-	-
17	توضیح	-	-	-	-
18	داده‌است	-	-	-	-
19	که	-	-	-	-
20	آن‌ها	-	-	-	-
21	در	-	-	-	-
22	حال	-	-	-	-
23	انجام	-	-	-	-
24	یک	-	-	-	-
25	ماموریت	-	-	-	-
26	دریایی	-	-	-	-
27	هستند	-	-	-	-
28	.	-	-	-	-

0	محمدجواد	-	-	-	-
1	ظریف	-	-	-	-
2	وزیر	-	-	-	-
3	امور	-	-	-	-
4	خارجه	-	-	-	-
5	ایران	-	-	-	-
6	نیز	-	-	-	-
7	پیش‌از	-	-	-	-
8	این	-	-	-	-
9	در	-	-	-	-
10	یک	-	-	-	-
11	پیام	-	-	-	-
12	توییتری	-	-	-	-
13	تاکید	-	-	-	-
14	کرده‌بود	-	-	-	-
15	که	-	-	-	-
16	نیروی	-	-	-	-
17	دریایی	-	-	-	-
18	ایران	-	-	-	-
19	در	-	-	-	-
20	خلیج‌فارس	-	-	-	-
21	است	-	-	-	-
22	نه	-	-	-	-
23	خلیج	-	-	-	-
24	مکزیک	-	-	-	-
25	و	-	-	-	-
26	سوال	-	-	-	-
27	این	-	-	-	-
28	است	-	-	-	-
29	که	-	-	-	-
30	چرا	-	-	-	-
31	نیروی	-	-	-	-
32	دریایی	-	-	-	-
33	آمریکا	-	-	-	-
34	باید	-	-	-	-
35	جایی	-	-	-	-
36	هزاران	-	-	-	-
37	مایل	-	-	-	-
38	دورتر	-	-	-	-
39	از	-	-	-	-
40	کشورش	-	-	-	-
41	باشد	-	-	-	-
42	.	-	-	-	-

0	در‌حال‌حاضر	-	-	-	-
1	در	-	-	-	-
2	کشور	-	-	-	-
3	ما	-	-	-	-
4	رشته	-	-	-	-
5	هایی	-	-	-	-
6	در	-	-	-	-
7	دوره	-	-	-	-
8	رزیدنتی	-	-	-	-
9	پرطرفدار	-	-	-	-
10	هستند	-	-	-	-
11	که	-	-	-	-
12	درآمد	-	-	-	-
13	بالاتری	-	-	-	-
14	دارند	-	-	-	-
15	.	-	-	-	-

0	در	-	-	-	-
1	واقع	-	-	-	-
2	اختلاف	-	-	-	-
3	درآمدی	-	-	-	-
4	بسیار	-	-	-	-
5	زیاد	-	-	-	-
6	بین	-	-	-	-
7	خود	-	-	-	-
8	رشته‌های	-	-	-	-
9	تخصص	-	-	-	-
10	پزشکی	-	-	-	-
11	سبب	-	-	-	-
12	جهت‌گیری	-	-	-	-
13	انتخاب	-	-	-	-
14	رشته	-	-	-	-
15	داوطلبان	-	-	-	-
16	آزمون	-	-	-	-
17	دستیاری	-	-	-	-
18	شده‌است	-	-	-	-
19	.	-	-	-	-

0	طوری	-	-	-	-
1	که	-	-	-	-
2	در‌حال‌حاضر	-	-	-	-
3	رشته‌های	-	-	-	-
4	رادیولوژی	-	-	-	-
5	،	-	-	-	-
6	چشم	-	-	-	-
7	،	-	-	-	-
8	پوست	-	-	-	-
9	و	-	-	-	-
10	ارتوپدی	-	-	-	-
11	پرطرفدار‌ترین	-	-	-	-
12	رشته‌ها	-	-	-	-
13	در‌بین	-	-	-	-
14	داوطلبین	-	-	-	-
15	این	-	-	-	-
16	آزمون	-	-	-	-
17	می‌باشد	-	-	-	-
18	.	-	-	-	-

0	این	-	-	-	-
1	در	-	-	-	-
2	حالی	-	-	-	-
3	است	-	-	-	-
4	که	-	-	-	-
5	در	-	-	-	-
6	کشور	-	-	-	-
7	آمریکا	-	-	-	-
8	طبق	-	-	-	-
9	گزارش	-	-	-	-
10	سال	-	-	-	-
11	۲۰۱۱	-	-	-	-
12	Medscape	-	-	-	-
13	اختلاف	-	-	-	-
14	درآمد	-	-	-	-
15	متوسط	-	-	-	-
16	انواع	-	-	-	-
17	رشته‌های	-	-	-	-
18	پزشکی	-	-	-	-
19	حداکثر	-	-	-	-
20	۲	-	-	-	-
21	برابر	-	-	-	-
22	است	-	-	-	-
23	.	-	-	-	-

0	در	-	-	-	-
1	اینجا	-	-	-	-
2	اشاره	-	-	-	-
3	میکنم	-	-	-	-
4	به	-	-	-	-
5	در	-	-	-	-
6	آمد	-	-	-	-
7	پزشکان	-	-	-	-
8	دارو‌ساز	-	-	-	-
9	دارو‌خانه‌دار	-	-	-	-
10	که	-	-	-	-
11	به‌مراتب	-	-	-	-
12	از	-	-	-	-
13	همکاران	-	-	-	-
14	داروسازمسئول	-	-	-	-
15	فنی	-	-	-	-
16	دارو‌خانه	-	-	-	-
17	بیشتر	-	-	-	-
18	است	-	-	-	-
19	وتمامی	-	-	-	-
20	تعرفه	-	-	-	-
21	نسخ	-	-	-	-
22	و	-	-	-	-
23	سودهای	-	-	-	-
24	دارو	-	-	-	-
25	و	-	-	-	-
26	جوائز	-	-	-	-
27	داروئی	-	-	-	-
28	و	-	-	-	-
29	…	-	-	-	-
30	رابه	-	-	-	-
31	جیب	-	-	-	-
32	خود	-	-	-	-
33	روانه	-	-	-	-
34	میکنند	-	-	-	-
35	وهمیشه	-	-	-	-
36	ازاینکه	-	-	-	-
37	وضعیت	-	-	-	-
38	درآمدی	-	-	-	-
39	مناسبی	-	-	-	-
40	ندارند	-	-	-	-
41	مینالند	-	-	-	-
42	وبه‌جرات	-	-	-	-
43	۹۰	-	-	-	-
44	درصد	-	-	-	-
45	داروخانه	-	-	-	-
46	سوددهی	-	-	-	-
47	فوق‌العاده‌ای	-	-	-	-
48	دارند	-	-	-	-
49	.	-	-	-	-

0	سلام	-	-	-	-
1	به‌همه	-	-	-	-
2	دوستان	-	-	-	-
3	عزیز	-	-	-	-
4	.	-	-	-	-

0	انچه	-	-	-	-
1	که	-	-	-	-
2	بنده	-	-	-	-
3	در	-	-	-	-
4	ارتباط	-	-	-	-
5	با	-	-	-	-
6	ماشین	-	-	-	-
7	x	-	-	-	-
8	۲۲	-	-	-	-
9	م	-	-	-	-
10	میخوام	-	-	-	-
11	متذکر	-	-	-	-
12	بشم	-	-	-	-
13	.	-	-	-	-

0	اول	-	-	-	-
1	اینکه	-	-	-	-
2	بنده	-	-	-	-
3	نه	-	-	-	-
4	فروشنده	-	-	-	-
5	هستم	-	-	-	-
6	و	-	-	-	-
7	نه	-	-	-	-
8	دلال	-	-	-	-
9	من	-	-	-	-
10	هممثل	-	-	-	-
11	همه	-	-	-	-
12	شما	-	-	-	-
13	یک	-	-	-	-
14	دستگاه	-	-	-	-
15	از	-	-	-	-
16	این	-	-	-	-
17	مدل	-	-	-	-
18	ماشین	-	-	-	-
19	در	-	-	-	-
20	اواخر	-	-	-	-
21	مرداد	-	-	-	-
22	۹۶	-	-	-	-
23	از	-	-	-	-
24	نمایندگی	-	-	-	-
25	تحویل	-	-	-	-
26	گرفته‌ام	-	-	-	-
27	و	-	-	-	-
28	بحمدالله	-	-	-	-
29	با	-	-	-	-
30	این	-	-	-	-
31	ماشین	-	-	-	-
32	حدود	-	-	-	-
33	۳۸۶۰۰	-	-	-	-
34	کیلومتر	-	-	-	-
35	تو	-	-	-	-
36	تمام	-	-	-	-
37	جاده‌های	-	-	-	-
38	ایران	-	-	-	-
39	و	-	-	-	-
40	یکبار	-	-	-	-
41	به	-	-	-	-
42	اربیل	-	-	-	-
43	عراق	-	-	-	-
44	و	-	-	-	-
45	اخیر	-	-	-	-
46	هم	-	-	-	-
47	تازه	-	-	-	-
48	از	-	-	-	-
49	ارمنستان	-	-	-	-
50	با	-	-	-	-
51	این	-	-	-	-
52	ماشین	-	-	-	-
53	رفت‌و‌آمد	-	-	-	-
54	داشته‌ام	-	-	-	-
55	.	-	-	-	-

0	و	-	-	-	-
1	به	-	-	-	-
2	لحاظ	-	-	-	-
3	سواری	-	-	-	-
4	در	-	-	-	-
5	نوع	-	-	-	-
6	خودش	-	-	-	-
7	بی‌نظیر	-	-	-	-
8	بوده	-	-	-	-
9	و	-	-	-	-
10	اصلا	-	-	-	-
11	احساس	-	-	-	-
12	خستگی	-	-	-	-
13	نمیکنی	-	-	-	-
14	.	-	-	-	-

0	و	-	-	-	-
1	لزومی	-	-	-	-
2	هم	-	-	-	-
3	نبود	-	-	-	-
4	از	-	-	-	-
5	ماشین	-	-	-	-
6	خودم	-	-	-	-
7	تعریف	-	-	-	-
8	کنم	-	-	-	-
9	.	-	-	-	-

0	بهر‌حال	-	-	-	-
1	هرکسی	-	-	-	-
2	سلیقه	-	-	-	-
3	خاص	-	-	-	-
4	خودش	-	-	-	-
5	را	-	-	-	-
6	داره	-	-	-	-
7	.	-	-	-	-

0	یکی	-	-	-	-
1	میگه	-	-	-	-
2	ماشین	-	-	-	-
3	بدی	-	-	-	-
4	هست	-	-	-	-
5	و	-	-	-	-
6	یکی	-	-	-	-
7	میگه	-	-	-	-
8	ماشین	-	-	-	-
9	خوب	-	-	-	-
10	.	-	-	-	-

0	حی	-	-	-	-
1	و	-	-	-	-
2	حاضر	-	-	-	-
3	این	-	-	-	-
4	ماشین	-	-	-	-
5	در	-	-	-	-
6	نوع	-	-	-	-
7	خودش	-	-	-	-
8	بی‌نظیر	-	-	-	-
9	بوده	-	-	-	-
10	و	-	-	-	-
11	تا	-	-	-	-
12	الان	-	-	-	-
13	فقط	-	-	-	-
14	به‌غیر	-	-	-	-
15	از	-	-	-	-
16	روغن	-	-	-	-
17	و	-	-	-	-
18	فیلتر	-	-	-	-
19	چیزی	-	-	-	-
20	تا	-	-	-	-
21	حال	-	-	-	-
22	تعویض	-	-	-	-
23	نکرده‌ام	-	-	-	-
24	و	-	-	-	-
25	و	-	-	-	-
26	به	-	-	-	-
27	نسبت	-	-	-	-
28	مصرف	-	-	-	-
29	سوخت	-	-	-	-
30	تو	-	-	-	-
31	جاده‌های	-	-	-	-
32	ایران	-	-	-	-
33	و	-	-	-	-
34	جاده‌های	-	-	-	-
35	کوهستانی	-	-	-	-
36	کشورهای	-	-	-	-
37	همسایه	-	-	-	-
38	خیلی	-	-	-	-
39	کم‌مصرف	-	-	-	-
40	و	-	-	-	-
41	تو	-	-	-	-
42	سربالایی	-	-	-	-
43	خیلی	-	-	-	-
44	راحت	-	-	-	-
45	کشش	-	-	-	-
46	خوبی	-	-	-	-
47	داشته	-	-	-	-
48	.	-	-	-	-

0	شاخص	-	-	-	-
1	بازار	-	-	-	-
2	بورس	-	-	-	-
3	در	-	-	-	-
4	تمام	-	-	-	-
5	نقاط	-	-	-	-
6	دنیا	-	-	-	-
7	به	-	-	-	-
8	کف	-	-	-	-
9	ممکن	-	-	-	-
10	خودش	-	-	-	-
11	رسید	-	-	-	-
12	.	-	-	-	-

0	بعضی	-	-	-	-
1	بورس‌ها	-	-	-	-
2	هم	-	-	-	-
3	کلا	-	-	-	-
4	قهر	-	-	-	-
5	کردن	-	-	-	-
6	رفتن	-	-	-	-
7	خونه‌هاشون	-	-	-	-
8	گفتن	-	-	-	-
9	ما	-	-	-	-
10	دیگه	-	-	-	-
11	نمی‌تونیم	-	-	-	-
12	!	-	-	-	-

0	آخرین	-	-	-	-
1	بازی	-	-	-	-
2	شب	-	-	-	-
3	دوم	-	-	-	-
4	هفته	-	-	-	-
5	دهم	-	-	-	-
6	رقابت‌های	-	-	-	-
7	لیگ	-	-	-	-
8	دسته‌اول	-	-	-	-
9	اسپانیا	-	-	-	-
10	(	-	-	-	-
11	لالیگا	-	-	-	-
12	)	-	-	-	-
13	با	-	-	-	-
14	برتری	-	-	-	-
15	خانگی	-	-	-	-
16	۲	-	-	-	-
17	بر	-	-	-	-
18	صفر	-	-	-	-
19	تیم	-	-	-	-
20	فوتبال	-	-	-	-
21	اتلتیکومادرید	-	-	-	-
22	مقابل	-	-	-	-
23	رئال	-	-	-	-
24	سوسیداد	-	-	-	-
25	به	-	-	-	-
26	پایان	-	-	-	-
27	رسید	-	-	-	-
28	.	-	-	-	-

0	سرمربی	-	-	-	-
1	سابق	-	-	-	-
2	تیم	-	-	-	-
3	ملی	-	-	-	-
4	اسپانیا	-	-	-	-
5	با	-	-	-	-
6	رقم	-	-	-	-
7	زدن	-	-	-	-
8	یک	-	-	-	-
9	شروع	-	-	-	-
10	افتضاح	-	-	-	-
11	تیمش	-	-	-	-
12	را	-	-	-	-
13	در	-	-	-	-
14	رده	-	-	-	-
15	نازل	-	-	-	-
16	هفتم	-	-	-	-
17	قرار	-	-	-	-
18	داده	-	-	-	-
19	و	-	-	-	-
20	تا	-	-	-	-
21	اینجا	-	-	-	-
22	هم	-	-	-	-
23	به	-	-	-	-
24	اصرار	-	-	-	-
25	مدیر	-	-	-	-
26	ورزشی	-	-	-	-
27	باشگاه	-	-	-	-
28	توسط	-	-	-	-
29	فلورنتینو	-	-	-	-
30	پرس	-	-	-	-
31	،	-	-	-	-
32	رئیس	-	-	-	-
33	باشگاه	-	-	-	-
34	اخراج	-	-	-	-
35	نشده‌است	-	-	-	-
36	اما	-	-	-	-
37	شاید	-	-	-	-
38	این	-	-	-	-
39	،	-	-	-	-
40	آخرین	-	-	-	-
41	فرصتش	-	-	-	-
42	باشد	-	-	-	-
43	.	-	-	-	-

0	بازیکن	-	-	-	-
1	سابق	-	-	-	-
2	بارسلونا	-	-	-	-
3	می‌تواند	-	-	-	-
4	به	-	-	-	-
5	این	-	-	-	-
6	فرصت	-	-	-	-
7	به	-	-	-	-
8	دیده	-	-	-	-
9	مثبت	-	-	-	-
10	نگاه	-	-	-	-
11	کند	-	-	-	-
12	چون	-	-	-	-
13	رئال‌مادرید	-	-	-	-
14	هر	-	-	-	-
15	چقدر	-	-	-	-
16	در	-	-	-	-
17	این	-	-	-	-
18	سال‌ها	-	-	-	-
19	ال‌کلاسیکوهای	-	-	-	-
20	خانگی	-	-	-	-
21	را	-	-	-	-
22	باخته	-	-	-	-
23	در	-	-	-	-
24	۳	-	-	-	-
25	جدال	-	-	-	-
26	اخیر	-	-	-	-
27	در	-	-	-	-
28	نوکمپ	-	-	-	-
29	شکست	-	-	-	-
30	نخورده‌است	-	-	-	-
31	.	-	-	-	-

0	در	-	-	-	-
1	طرف	-	-	-	-
2	مقابل	-	-	-	-
3	بارسلونا	-	-	-	-
4	پس‌از	-	-	-	-
5	۳	-	-	-	-
6	هفته	-	-	-	-
7	متوالی	-	-	-	-
8	ناکامی	-	-	-	-
9	در	-	-	-	-
10	کسب	-	-	-	-
11	پیروزی	-	-	-	-
12	به	-	-	-	-
13	اوج	-	-	-	-
14	برگشت	-	-	-	-
15	و	-	-	-	-
16	با	-	-	-	-
17	برتری	-	-	-	-
18	بر	-	-	-	-
19	سویا	-	-	-	-
20	صدر	-	-	-	-
21	جدول	-	-	-	-
22	را	-	-	-	-
23	در	-	-	-	-
24	اختیار	-	-	-	-
25	گرفت	-	-	-	-
26	اما	-	-	-	-
27	این	-	-	-	-
28	موضوع	-	-	-	-
29	به	-	-	-	-
30	قیمت	-	-	-	-
31	از‌دست	-	-	-	-
32	ادن	-	-	-	-
33	لیونل	-	-	-	-
34	مسی	-	-	-	-
35	،	-	-	-	-
36	ستاره‌اش	-	-	-	-
37	به	-	-	-	-
38	مدت	-	-	-	-
39	۴	-	-	-	-
40	هفته	-	-	-	-
41	انجامید	-	-	-	-
42	و	-	-	-	-
43	حالا	-	-	-	-
44	بهترین	-	-	-	-
45	گلزن	-	-	-	-
46	تاریخ	-	-	-	-
47	ال‌کلاسیکو	-	-	-	-
48	در	-	-	-	-
49	این	-	-	-	-
50	نبرد	-	-	-	-
51	سنتی	-	-	-	-
52	غایب	-	-	-	-
53	است	-	-	-	-
54	.	-	-	-	-

0	طرح‌های	-	-	-	-
1	ارائه‌شده	-	-	-	-
2	برای	-	-	-	-
3	مهاجرت	-	-	-	-
4	ماشین	-	-	-	-
5	مجازی	-	-	-	-
6	در	-	-	-	-
7	سه	-	-	-	-
8	بخش	-	-	-	-
9	طبقه‌بندی	-	-	-	-
10	شده‌اند	-	-	-	-
11	:	-	-	-	-

0	فاصله	-	-	-	-
1	،	-	-	-	-
2	مسافت	-	-	-	-
3	،	-	-	-	-
4	جزئیات	-	-	-	-
5	.	-	-	-	-

0	مطالعات	-	-	-	-
1	در‌مورد	-	-	-	-
2	مهاجرت	-	-	-	-
3	غیر	-	-	-	-
4	زنده	-	-	-	-
5	بسادگی	-	-	-	-
6	قابل	-	-	-	-
7	انجام	-	-	-	-
8	است	-	-	-	-
9	ولی	-	-	-	-
10	کسانی	-	-	-	-
11	که	-	-	-	-
12	بر‌روی	-	-	-	-
13	مهاجرت	-	-	-	-
14	زنده	-	-	-	-
15	مطالعه	-	-	-	-
16	می‌کنند	-	-	-	-
17	،	-	-	-	-
18	بصورت	-	-	-	-
19	کلی	-	-	-	-
20	با	-	-	-	-
21	سه	-	-	-	-
22	چالش	-	-	-	-
23	اساسی	-	-	-	-
24	روبرو	-	-	-	-
25	می‌شوند	-	-	-	-
26	:	-	-	-	-

0	مهاجرت	-	-	-	-
1	داده‌های	-	-	-	-
2	حافظه	-	-	-	-
3	،	-	-	-	-
4	مهاجرت	-	-	-	-
5	داده‌های	-	-	-	-
6	ذخیره‌شده	-	-	-	-
7	و	-	-	-	-
8	تداوم	-	-	-	-
9	برقراری	-	-	-	-
10	اتصال	-	-	-	-
11	به	-	-	-	-
12	شبکه	-	-	-	-
13	.	-	-	-	-

0	کارهایی	-	-	-	-
1	که	-	-	-	-
2	برای	-	-	-	-
3	تجزیه	-	-	-	-
4	و	-	-	-	-
5	تحلیل	-	-	-	-
6	عملکرد	-	-	-	-
7	و	-	-	-	-
8	کارایی	-	-	-	-
9	مهاجرت	-	-	-	-
10	ماشین	-	-	-	-
11	مجازی	-	-	-	-
12	انجام‌شده	-	-	-	-
13	است	-	-	-	-
14	،	-	-	-	-
15	نیز	-	-	-	-
16	ذکر‌شده	-	-	-	-
17	است	-	-	-	-
18	.	-	-	-	-

0	با	-	-	-	-
1	توسعه	-	-	-	-
2	و	-	-	-	-
3	تکامل	-	-	-	-
4	رایانش‌ابری	-	-	-	-
5	،	-	-	-	-
6	تحرک	-	-	-	-
7	کاربر	-	-	-	-
8	،	-	-	-	-
9	یک	-	-	-	-
10	انگیزه	-	-	-	-
11	مهم	-	-	-	-
12	برای	-	-	-	-
13	مهاجرت	-	-	-	-
14	زنده	-	-	-	-
15	VM	-	-	-	-
16	در	-	-	-	-
17	برخی	-	-	-	-
18	از	-	-	-	-
19	سناریوها	-	-	-	-
20	(	-	-	-	-
21	مانند	-	-	-	-
22	محاسبات	-	-	-	-
23	مه	-	-	-	-
24	خواهد‌بود	-	-	-	-
25	.	-	-	-	-

0	بنابراین	-	-	-	-
1	مطالعات	-	-	-	-
2	در‌مورد	-	-	-	-
3	پیوند	-	-	-	-
4	مهاجرت	-	-	-	-
5	VM	-	-	-	-
6	،	-	-	-	-
7	به	-	-	-	-
8	تحرک	-	-	-	-
9	کاربران	-	-	-	-
10	خلاصه‌شده	-	-	-	-
11	است	-	-	-	-
12	.	-	-	-	-

0	کاربری	-	-	-	-
1	که	-	-	-	-
2	دسترسی	-	-	-	-
3	فیزیکی	-	-	-	-
4	غیرمجاز	-	-	-	-
5	به	-	-	-	-
6	کامپیوتر	-	-	-	-
7	پیدا	-	-	-	-
8	کرده‌باشد	-	-	-	-
9	،	-	-	-	-
10	قادر	-	-	-	-
11	است	-	-	-	-
12	اطلاعات	-	-	-	-
13	را	-	-	-	-
14	از	-	-	-	-
15	آن	-	-	-	-
16	کپی	-	-	-	-
17	کند	-	-	-	-
18	.	-	-	-	-

0	حتی	-	-	-	-
1	اگر	-	-	-	-
2	سیستم	-	-	-	-
3	با‌امنیت	-	-	-	-
4	استاندارد	-	-	-	-
5	حفاظت‌شده	-	-	-	-
6	باشد	-	-	-	-
7	،	-	-	-	-
8	حساب	-	-	-	-
9	کاربر	-	-	-	-
10	و	-	-	-	-
11	پسورد	-	-	-	-
12	او	-	-	-	-
13	را	-	-	-	-
14	می‌توان	-	-	-	-
15	با	-	-	-	-
16	گذر	-	-	-	-
17	از	-	-	-	-
18	این	-	-	-	-
19	مکانیسم‌ها	-	-	-	-
20	و	-	-	-	-
21	راه‌اندازی	-	-	-	-
22	سیستم	-	-	-	-
23	عامل	-	-	-	-
24	دیگر	-	-	-	-
25	یا	-	-	-	-
26	ابزاری	-	-	-	-
27	از	-	-	-	-
28	CD-ROM	-	-	-	-
29	برای	-	-	-	-
30	راه‌اندازی	-	-	-	-
31	مجدد	-	-	-	-
32	پسورد	-	-	-	-
33	سرپرست	-	-	-	-
34	و	-	-	-	-
35	تبدیل	-	-	-	-
36	آن	-	-	-	-
37	به	-	-	-	-
38	رشته	-	-	-	-
39	null	-	-	-	-
40	،	-	-	-	-
41	به	-	-	-	-
42	دست	-	-	-	-
43	آورد	-	-	-	-
44	.	-	-	-	-

0	رمزگذاری	-	-	-	-
1	دیسک	-	-	-	-
2	و	-	-	-	-
3	ماژول	-	-	-	-
4	Trusted	-	-	-	-
5	Platform	-	-	-	-
6	برای	-	-	-	-
7	جلوگیری	-	-	-	-
8	از	-	-	-	-
9	چنین	-	-	-	-
10	حمله‌هایی	-	-	-	-
11	طراحی	-	-	-	-
12	شده‌اند	-	-	-	-
13	.	-	-	-	-

