0	در	-	-	-	-
1	هم	-	-	-	-
2	تنیدگی	-	-	-	-
3	کوانتومی	-	-	-	-
4	می‌گوید	-	-	-	-
5	«	-	-	-	-
6	در	-	-	-	-
7	سامانه‌های	-	-	-	-
8	مرکب	-	-	-	-
9	با	-	-	-	-
10	وضعیت‌هایی	-	-	-	-
11	مواجه	-	-	-	-
12	می‌شویم	-	-	-	-
13	که	-	-	-	-
14	در	-	-	-	-
15	آن	-	-	-	-
16	اجزای	-	-	-	-
17	سامانه	-	-	-	-
18	دارای	-	-	-	-
19	هیچ	-	-	-	-
20	ویژگی	-	-	-	-
21	نیستند	-	-	-	-
22	بلکه	-	-	-	-
23	فقط	-	-	-	-
24	سامانهٔ	-	-	-	-
25	کل	-	-	-	-
26	دارای	-	-	-	-
27	دسته‌ای	-	-	-	-
28	از	-	-	-	-
29	ویژگی‌ها	-	-	-	-
30	است	-	-	-	-
31	.	-	-	-	-
32	»	-	-	-	-
33	به	-	-	-	-
34	زبان	-	-	-	-
35	ساده	-	-	-	-
36	و	-	-	-	-
37	به	-	-	-	-
38	عنوان	-	-	-	-
39	اولین	-	-	-	-
40	مثال	-	-	-	-
41	تاریخی	-	-	-	-
42	،	-	-	-	-
43	درهم‌تنیدگی	-	-	-	-
44	جفت	-	-	-	-
45	شدن	-	-	-	-
46	خواص	-	-	-	-
47	مکانیکی	-	-	-	-
48	دو	-	-	-	-
49	ذره	-	-	-	-
50	است	-	-	-	-
51	،	-	-	-	-
52	ذراتی	-	-	-	-
53	که	-	-	-	-
54	پیش‌تر	-	-	-	-
55	با	-	-	-	-
56	یکدیگر	-	-	-	-
57	در	-	-	-	-
58	اندرکنش	-	-	-	-
59	بوده	-	-	-	-
60	و	-	-	-	-
61	سپس‌از	-	-	-	-
62	یک	-	-	-	-
63	دیگر	-	-	-	-
64	جدا‌شده‌اند	-	-	-	-
65	.	-	-	-	-

0	در	-	-	-	-
1	هم	-	-	-	-
2	تنیدگی	-	-	-	-
3	برای	-	-	-	-
4	ذراتی	-	-	-	-
5	همچون	-	-	-	-
6	فوتونها	-	-	-	-
7	،	-	-	-	-
8	الکترونها	-	-	-	-
9	و	-	-	-	-
10	حتی	-	-	-	-
11	مولکول‌ها	-	-	-	-
12	رخ	-	-	-	-
13	می‌دهد	-	-	-	-
14	.	-	-	-	-

0	این	-	-	-	-
1	اندرکنش	-	-	-	-
2	فیزیکی	-	-	-	-
3	مربوط	-	-	-	-
4	به	-	-	-	-
5	خواصی	-	-	-	-
6	نظیر	-	-	-	-
7	مکان	-	-	-	-
8	،	-	-	-	-
9	تکانه	-	-	-	-
10	،	-	-	-	-
11	اسپین	-	-	-	-
12	و	-	-	-	-
13	قطبش	-	-	-	-
14	و	-	-	-	-
15	…	-	-	-	-
16	است	-	-	-	-
17	به	-	-	-	-
18	گونه‌ای	-	-	-	-
19	که	-	-	-	-
20	با	-	-	-	-
21	تعیین	-	-	-	-
22	هر	-	-	-	-
23	یک	-	-	-	-
24	از	-	-	-	-
25	خواص	-	-	-	-
26	برای	-	-	-	-
27	یکی	-	-	-	-
28	از	-	-	-	-
29	دو	-	-	-	-
30	ذره	-	-	-	-
31	همان	-	-	-	-
32	خاصیت	-	-	-	-
33	در	-	-	-	-
34	دیگری	-	-	-	-
35	تعیین	-	-	-	-
36	می‌شود	-	-	-	-
37	.	-	-	-	-

0	به	-	-	-	-
1	عبارت	-	-	-	-
2	دیگر	-	-	-	-
3	هر	-	-	-	-
4	یک	-	-	-	-
5	از	-	-	-	-
6	ذرات	-	-	-	-
7	جفت	-	-	-	-
8	شده	-	-	-	-
9	به‌خوبی	-	-	-	-
10	توسط	-	-	-	-
11	حالت	-	-	-	-
12	کوانتومی	-	-	-	-
13	مشابه	-	-	-	-
14	توصیف	-	-	-	-
15	می‌شوند	-	-	-	-
16	.	-	-	-	-

0	فلسفه‌ای	-	-	-	-
1	که	-	-	-	-
2	منجر	-	-	-	-
3	به	-	-	-	-
4	شکل‌گیری	-	-	-	-
5	ی	-	-	-	-
6	زبان‌های	-	-	-	-
7	شی	-	-	-	-
8	گرا	-	-	-	-
9	شد	-	-	-	-
10	،	-	-	-	-
11	عبارت	-	-	-	-
12	بود	-	-	-	-
13	از	-	-	-	-
14	این	-	-	-	-
15	واقعیت	-	-	-	-
16	که	-	-	-	-
17	نحوهٔ	-	-	-	-
18	عملکرد	-	-	-	-
19	مغز	-	-	-	-
20	و	-	-	-	-
21	شیوهٔ	-	-	-	-
22	دریافت	-	-	-	-
23	اطلاعات	-	-	-	-
24	از	-	-	-	-
25	محیط	-	-	-	-
26	پیرامون	-	-	-	-
27	و	-	-	-	-
28	پردازش	-	-	-	-
29	آن	-	-	-	-
30	اطلاعات	-	-	-	-
31	(	-	-	-	-
32	اندیشیدن	-	-	-	-
33	)	-	-	-	-
34	،	-	-	-	-
35	شیوه‌ای	-	-	-	-
36	شی	-	-	-	-
37	گراست	-	-	-	-
38	،	-	-	-	-
39	از‌همین‌روی	-	-	-	-
40	می‌بایستی	-	-	-	-
41	زبانی	-	-	-	-
42	تعریف	-	-	-	-
43	می‌شد	-	-	-	-
44	که	-	-	-	-
45	همین	-	-	-	-
46	شیوه	-	-	-	-
47	را	-	-	-	-
48	مبنای	-	-	-	-
49	کار	-	-	-	-
50	خود	-	-	-	-
51	قرار	-	-	-	-
52	داده	-	-	-	-
53	و	-	-	-	-
54	بازتولید	-	-	-	-
55	می‌کرد	-	-	-	-
56	؛	-	-	-	-
57	و	-	-	-	-
58	دقیقا	-	-	-	-
59	به‌همان	-	-	-	-
60	شکل	-	-	-	-
61	که	-	-	-	-
62	اشیا	-	-	-	-
63	در	-	-	-	-
64	جهان	-	-	-	-
65	خارج	-	-	-	-
66	،	-	-	-	-
67	دارای	-	-	-	-
68	هویت	-	-	-	-
69	و	-	-	-	-
70	کارکرد	-	-	-	-
71	مشخص	-	-	-	-
72	و	-	-	-	-
73	یگانه	-	-	-	-
74	برای	-	-	-	-
75	خود	-	-	-	-
76	هستند	-	-	-	-
77	و	-	-	-	-
78	در‌عین	-	-	-	-
79	حال	-	-	-	-
80	با	-	-	-	-
81	دیگر	-	-	-	-
82	اشیا	-	-	-	-
83	در	-	-	-	-
84	ارتباطی	-	-	-	-
85	تنگاتنگ	-	-	-	-
86	و	-	-	-	-
87	مستقیم	-	-	-	-
88	اند	-	-	-	-
89	،	-	-	-	-
90	در	-	-	-	-
91	زبان‌های	-	-	-	-
92	برنامه‌نویسی	-	-	-	-
93	نیز	-	-	-	-
94	می‌بایستی	-	-	-	-
95	این	-	-	-	-
96	اصول	-	-	-	-
97	کلی	-	-	-	-
98	برقرار	-	-	-	-
99	می‌شد	-	-	-	-
100	.	-	-	-	-

0	تا	-	-	-	-
1	به	-	-	-	-
2	این	-	-	-	-
3	شکل	-	-	-	-
4	،	-	-	-	-
5	برنامه‌نویس	-	-	-	-
6	بتواند	-	-	-	-
7	با	-	-	-	-
8	بهره‌گیری	-	-	-	-
9	از	-	-	-	-
10	زبانی	-	-	-	-
11	که	-	-	-	-
12	به	-	-	-	-
13	روش	-	-	-	-
14	اندیشیدنش	-	-	-	-
15	،	-	-	-	-
16	نزدیکی	-	-	-	-
17	بیشتری	-	-	-	-
18	دارد	-	-	-	-
19	،	-	-	-	-
20	شی‌های	-	-	-	-
21	مختلفی	-	-	-	-
22	را	-	-	-	-
23	تعریف	-	-	-	-
24	نموده	-	-	-	-
25	،	-	-	-	-
26	این	-	-	-	-
27	شی‌ها	-	-	-	-
28	را	-	-	-	-
29	در	-	-	-	-
30	ارتباط	-	-	-	-
31	با	-	-	-	-
32	یکدیگر	-	-	-	-
33	قرار	-	-	-	-
34	داده	-	-	-	-
35	و	-	-	-	-
36	از	-	-	-	-
37	شی‌های	-	-	-	-
38	پویای	-	-	-	-
39	تولید‌شده	-	-	-	-
40	برای	-	-	-	-
41	حل	-	-	-	-
42	مسئله‌ی	-	-	-	-
43	پیش	-	-	-	-
44	روی	-	-	-	-
45	استفاده	-	-	-	-
46	نماید	-	-	-	-
47	.	-	-	-	-

0	امروزه	-	-	-	-
1	اکثر	-	-	-	-
2	زبان‌های	-	-	-	-
3	دستوری	-	-	-	-
4	برنامه‌نویسی	-	-	-	-
5	از	-	-	-	-
6	فنون	-	-	-	-
7	شی‌گرایی	-	-	-	-
8	پشتیبانی	-	-	-	-
9	می‌کنند	-	-	-	-
10	.	-	-	-	-

0	زبان‌هایی	-	-	-	-
1	مانند	-	-	-	-
2	جاوا	-	-	-	-
3	،	-	-	-	-
4	سی++	-	-	-	-
5	،	-	-	-	-
6	سی	-	-	-	-
7	شارپ	-	-	-	-
8	،	-	-	-	-
9	دلفی	-	-	-	-
10	از‌جمله	-	-	-	-
11	زبان‌های	-	-	-	-
12	شی‌گرا	-	-	-	-
13	هستند	-	-	-	-
14	.	-	-	-	-

0	حتی	-	-	-	-
1	بسیاری	-	-	-	-
2	از	-	-	-	-
3	زبانهای	-	-	-	-
4	روال	-	-	-	-
5	گونه	-	-	-	-
6	که	-	-	-	-
7	ساختار	-	-	-	-
8	برنامه‌ها	-	-	-	-
9	در	-	-	-	-
10	آن‌ها	-	-	-	-
11	بلوک‌هایی	-	-	-	-
12	با	-	-	-	-
13	نام	-	-	-	-
14	پروسیجر	-	-	-	-
15	است	-	-	-	-
16	امروزه	-	-	-	-
17	از	-	-	-	-
18	فنون	-	-	-	-
19	شی‌گرایی	-	-	-	-
20	نیز	-	-	-	-
21	پشتبانی	-	-	-	-
22	می‌کنند	-	-	-	-
23	.	-	-	-	-

0	زبان‌های	-	-	-	-
1	سی++	-	-	-	-
2	و	-	-	-	-
3	پی‌اچ‌پی	-	-	-	-
4	از	-	-	-	-
5	این	-	-	-	-
6	جمله	-	-	-	-
7	هستند	-	-	-	-
8	.	-	-	-	-

0	هر	-	-	-	-
1	شیء	-	-	-	-
2	یک	-	-	-	-
3	سری	-	-	-	-
4	خصوصیت	-	-	-	-
5	و	-	-	-	-
6	قابلیت	-	-	-	-
7	دارد	-	-	-	-
8	،	-	-	-	-
9	که	-	-	-	-
10	اصطلاحا	-	-	-	-
11	Properties	-	-	-	-
12	و	-	-	-	-
13	Operation	-	-	-	-
14	خوانده‌می‌شوند	-	-	-	-
15	.	-	-	-	-

0	در	-	-	-	-
1	این	-	-	-	-
2	پارادایم	-	-	-	-
3	برنامه‌نویسی	-	-	-	-
4	،	-	-	-	-
5	دید	-	-	-	-
6	برنامه‌نویس	-	-	-	-
7	به	-	-	-	-
8	سیستم	-	-	-	-
9	دید	-	-	-	-
10	شخصی	-	-	-	-
11	است	-	-	-	-
12	که	-	-	-	-
13	سعی	-	-	-	-
14	می‌نماید	-	-	-	-
15	با	-	-	-	-
16	پیدا	-	-	-	-
17	کردن	-	-	-	-
18	اشیاء	-	-	-	-
19	مختلف	-	-	-	-
20	در	-	-	-	-
21	سیستم	-	-	-	-
22	و	-	-	-	-
23	برقراری	-	-	-	-
24	ارتباط	-	-	-	-
25	بین	-	-	-	-
26	آن‌ها	-	-	-	-
27	سیستم	-	-	-	-
28	را	-	-	-	-
29	تولید	-	-	-	-
30	نماید	-	-	-	-
31	.	-	-	-	-

0	ردیت	-	-	-	-
1	یک	-	-	-	-
2	وب‌گاه	-	-	-	-
3	برای	-	-	-	-
4	جمع‌آوری	-	-	-	-
5	اخبار	-	-	-	-
6	اجتماعی	-	-	-	-
7	که	-	-	-	-
8	در	-	-	-	-
9	آن	-	-	-	-
10	کاربران	-	-	-	-
11	ثبت‌نام	-	-	-	-
12	کرده	-	-	-	-
13	قادرند	-	-	-	-
14	اخبار	-	-	-	-
15	را	-	-	-	-
16	در	-	-	-	-
17	قالب	-	-	-	-
18	لینک	-	-	-	-
19	یا	-	-	-	-
20	متن	-	-	-	-
21	ارسال	-	-	-	-
22	کنند	-	-	-	-
23	و	-	-	-	-
24	آن	-	-	-	-
25	را	-	-	-	-
26	با	-	-	-	-
27	دیگران	-	-	-	-
28	به	-	-	-	-
29	اشتراک	-	-	-	-
30	بگذارند	-	-	-	-
31	.	-	-	-	-

0	کاربران	-	-	-	-
1	می‌توانند	-	-	-	-
2	به	-	-	-	-
3	پست	-	-	-	-
4	یا	-	-	-	-
5	گزارش‌های	-	-	-	-
6	نوشته	-	-	-	-
7	شده	-	-	-	-
8	رأی	-	-	-	-
9	دهند	-	-	-	-
10	و	-	-	-	-
11	جایگاه	-	-	-	-
12	آن	-	-	-	-
13	خبر	-	-	-	-
14	را	-	-	-	-
15	در	-	-	-	-
16	صفحات	-	-	-	-
17	ردیت	-	-	-	-
18	و	-	-	-	-
19	صفحهٔ	-	-	-	-
20	اصلی	-	-	-	-
21	مشخص	-	-	-	-
22	کنند	-	-	-	-
23	.	-	-	-	-

0	در	-	-	-	-
1	واقع	-	-	-	-
2	کاربران	-	-	-	-
3	هستند	-	-	-	-
4	که	-	-	-	-
5	در	-	-	-	-
6	ردیت	-	-	-	-
7	اهمیت	-	-	-	-
8	خبر	-	-	-	-
9	را	-	-	-	-
10	تعیین	-	-	-	-
11	می‌کنند	-	-	-	-
12	.	-	-	-	-

0	این	-	-	-	-
1	وب‌گاه	-	-	-	-
2	در	-	-	-	-
3	سال	-	-	-	-
4	۲۰۰۵	-	-	-	-
5	توسط	-	-	-	-
6	استیو	-	-	-	-
7	هافمن	-	-	-	-
8	و	-	-	-	-
9	الکسیس	-	-	-	-
10	اوهانیان	-	-	-	-
11	که	-	-	-	-
12	هر	-	-	-	-
13	دو	-	-	-	-
14	دانش‌آموختهٔ	-	-	-	-
15	دانشگاه	-	-	-	-
16	ویرجینیا	-	-	-	-
17	هستند	-	-	-	-
18	تأسیس	-	-	-	-
19	شد	-	-	-	-
20	.	-	-	-	-

0	دفتر	-	-	-	-
1	مرکزی	-	-	-	-
2	ردیت	-	-	-	-
3	در	-	-	-	-
4	سانفرانسیسکو	-	-	-	-
5	،	-	-	-	-
6	کالیفرنیا	-	-	-	-
7	در	-	-	-	-
8	ایالات‌متحده	-	-	-	-
9	آمریکا	-	-	-	-
10	است	-	-	-	-
11	.	-	-	-	-

0	درخشش	-	-	-	-
1	یا	-	-	-	-
2	تلألو	-	-	-	-
3	(	-	-	-	-
4	به	-	-	-	-
5	انگلیسی	-	-	-	-
6	:	-	-	-	-

0	The	-	-	-	-
1	Shining	-	-	-	-
2	)	-	-	-	-
3	فیلمی	-	-	-	-
4	در	-	-	-	-
5	سبک	-	-	-	-
6	ترسناک	-	-	-	-
7	روانشناسانه	-	-	-	-
8	محصول	-	-	-	-
9	آمریکا	-	-	-	-
10	و	-	-	-	-
11	بریتانیا	-	-	-	-
12	به	-	-	-	-
13	کارگردانی	-	-	-	-
14	و	-	-	-	-
15	تهیه‌کنندگی	-	-	-	-
16	استنلی	-	-	-	-
17	کوبریک	-	-	-	-
18	است	-	-	-	-
19	که	-	-	-	-
20	در	-	-	-	-
21	سال	-	-	-	-
22	۱۹۸۰	-	-	-	-
23	منتشر	-	-	-	-
24	شد	-	-	-	-
25	.	-	-	-	-

0	فیلم‌نامه	-	-	-	-
1	این	-	-	-	-
2	کار	-	-	-	-
3	را	-	-	-	-
4	کوبریک	-	-	-	-
5	و	-	-	-	-
6	دایان	-	-	-	-
7	جانسون	-	-	-	-
8	،	-	-	-	-
9	رمان‌نویس	-	-	-	-
10	زاده	-	-	-	-
11	آمریکا	-	-	-	-
12	نوشتند	-	-	-	-
13	.	-	-	-	-

0	در	-	-	-	-
1	این	-	-	-	-
2	فیلم	-	-	-	-
3	هنرپیشگانی	-	-	-	-
4	همچون	-	-	-	-
5	جک	-	-	-	-
6	نیکلسون	-	-	-	-
7	،	-	-	-	-
8	شلی	-	-	-	-
9	دووال	-	-	-	-
10	و	-	-	-	-
11	دنی	-	-	-	-
12	لوید	-	-	-	-
13	به	-	-	-	-
14	ایفای	-	-	-	-
15	نقش	-	-	-	-
16	پرداخته‌اند	-	-	-	-
17	.	-	-	-	-

0	درخشش	-	-	-	-
1	تنها	-	-	-	-
2	فیلم	-	-	-	-
3	کوبریک	-	-	-	-
4	در	-	-	-	-
5	ژانر	-	-	-	-
6	وحشت	-	-	-	-
7	محسوب	-	-	-	-
8	می‌شود	-	-	-	-
9	.	-	-	-	-

0	فیلم	-	-	-	-
1	بر‌اساس	-	-	-	-
2	داستانی	-	-	-	-
3	به‌همین	-	-	-	-
4	نام	-	-	-	-
5	از	-	-	-	-
6	استیون	-	-	-	-
7	کینگ	-	-	-	-
8	ساخته‌شد	-	-	-	-
9	.	-	-	-	-

0	جک	-	-	-	-
1	نیکلسون	-	-	-	-
2	در	-	-	-	-
3	معروف‌ترین	-	-	-	-
4	سکانس	-	-	-	-
5	فیلم	-	-	-	-
6	برداشتهای	-	-	-	-
7	مکرر	-	-	-	-
8	کوبریک	-	-	-	-
9	در‌حین	-	-	-	-
10	این	-	-	-	-
11	فیلم	-	-	-	-
12	یکی	-	-	-	-
13	از	-	-	-	-
14	ضرب‌المثلهای	-	-	-	-
15	صنعت	-	-	-	-
16	فیلمسازی	-	-	-	-
17	شده‌است	-	-	-	-
18	.	-	-	-	-

0	او	-	-	-	-
1	۱۲۷	-	-	-	-
2	مرتبه	-	-	-	-
3	از	-	-	-	-
4	شلی	-	-	-	-
5	دووال	-	-	-	-
6	برای	-	-	-	-
7	یکی	-	-	-	-
8	از	-	-	-	-
9	سکانسهای	-	-	-	-
10	فیلم	-	-	-	-
11	فیلمبرداری	-	-	-	-
12	کرد	-	-	-	-
13	.	-	-	-	-

0	عصبیت	-	-	-	-
1	شلی	-	-	-	-
2	دووال	-	-	-	-
3	در	-	-	-	-
4	فیلم	-	-	-	-
5	به‌خوبی	-	-	-	-
6	مشهود	-	-	-	-
7	است	-	-	-	-
8	اسکتمن	-	-	-	-
9	کراترز	-	-	-	-
10	به	-	-	-	-
11	نقش	-	-	-	-
12	آشپز	-	-	-	-
13	سیاه‌پوست	-	-	-	-
14	هتل	-	-	-	-
15	مجبور	-	-	-	-
16	شد	-	-	-	-
17	۴۰	-	-	-	-
18	بار	-	-	-	-
19	صحنه	-	-	-	-
20	درگیری	-	-	-	-
21	با	-	-	-	-
22	تبر	-	-	-	-
23	را	-	-	-	-
24	بازی	-	-	-	-
25	کند	-	-	-	-
26	و	-	-	-	-
27	نهایتا	-	-	-	-
28	دچار	-	-	-	-
29	فروپاشی	-	-	-	-
30	عصبی	-	-	-	-
31	شده	-	-	-	-
32	و	-	-	-	-
33	با	-	-	-	-
34	گریه	-	-	-	-
35	به	-	-	-	-
36	کوبریک	-	-	-	-
37	گفت	-	-	-	-
38	:	-	-	-	-

0	«	-	-	-	-
1	آقای	-	-	-	-
2	کوبریک	-	-	-	-
3	آخه	-	-	-	-
4	چی	-	-	-	-
5	از	-	-	-	-
6	جونم	-	-	-	-
7	میخواین	-	-	-	-
8	؟	-	-	-	-
9	»	-	-	-	-
10	اما	-	-	-	-
11	کوبریک	-	-	-	-
12	سکانس	-	-	-	-
13	خروج	-	-	-	-
14	و	-	-	-	-
15	فوران	-	-	-	-
16	خون	-	-	-	-
17	از	-	-	-	-
18	درون	-	-	-	-
19	آسانسور	-	-	-	-
20	هتل	-	-	-	-
21	اورلووک	-	-	-	-
22	را	-	-	-	-
23	تنها	-	-	-	-
24	سه	-	-	-	-
25	مرتبه	-	-	-	-
26	تکرار	-	-	-	-
27	کردو	-	-	-	-
28	علت	-	-	-	-
29	به‌سختی	-	-	-	-
30	تکرار	-	-	-	-
31	این	-	-	-	-
32	صحنه	-	-	-	-
33	بازمی‌گشت	-	-	-	-
34	که	-	-	-	-
35	هر	-	-	-	-
36	بار	-	-	-	-
37	آماده‌کردن	-	-	-	-
38	آن	-	-	-	-
39	۹	-	-	-	-
40	ساعت	-	-	-	-
41	طول	-	-	-	-
42	می‌کشید	-	-	-	-
43	!	-	-	-	-

0	اما	-	-	-	-
1	کوبریک	-	-	-	-
2	پس‌از	-	-	-	-
3	تماشای	-	-	-	-
4	سکانس	-	-	-	-
5	می‌گفت	-	-	-	-
6	:	-	-	-	-

0	«	-	-	-	-
1	نه	-	-	-	-
2	شبیه	-	-	-	-
3	خون	-	-	-	-
4	واقعی	-	-	-	-
5	نشد	-	-	-	-
6	.	-	-	-	-
7	»	-	-	-	-
8	نکته	-	-	-	-
9	جالب	-	-	-	-
10	در‌مورد	-	-	-	-
11	این	-	-	-	-
12	صحنه‌این	-	-	-	-
13	بود	-	-	-	-
14	که	-	-	-	-
15	اداره	-	-	-	-
16	سانسور	-	-	-	-
17	انگلستان	-	-	-	-
18	از	-	-	-	-
19	وفور	-	-	-	-
20	این	-	-	-	-
21	همه	-	-	-	-
22	خون	-	-	-	-
23	در	-	-	-	-
24	یک	-	-	-	-
25	سکانس	-	-	-	-
26	به	-	-	-	-
27	تنگ	-	-	-	-
28	آمده	-	-	-	-
29	و	-	-	-	-
30	درجه	-	-	-	-
31	فیلم	-	-	-	-
32	را	-	-	-	-
33	فقط	-	-	-	-
34	برای	-	-	-	-
35	بزرگسالان	-	-	-	-
36	اعلام	-	-	-	-
37	نموده‌بود	-	-	-	-
38	اما	-	-	-	-
39	گویا	-	-	-	-
40	کوبریک	-	-	-	-
41	با	-	-	-	-
42	زیرکی	-	-	-	-
43	آنها	-	-	-	-
44	را	-	-	-	-
45	قانع	-	-	-	-
46	کرد	-	-	-	-
47	که	-	-	-	-
48	این	-	-	-	-
49	مایع	-	-	-	-
50	لزج	-	-	-	-
51	،	-	-	-	-
52	خون	-	-	-	-
53	نبوده	-	-	-	-
54	بلکه	-	-	-	-
55	«	-	-	-	-
56	فاضلاب	-	-	-	-
57	»	-	-	-	-
58	است	-	-	-	-
59	.	-	-	-	-

0	بازیگر	-	-	-	-
1	نقش	-	-	-	-
2	بچه	-	-	-	-
3	فیلم	-	-	-	-
4	تا	-	-	-	-
5	۱۲	-	-	-	-
6	سالگی	-	-	-	-
7	نفهمید	-	-	-	-
8	که	-	-	-	-
9	در	-	-	-	-
10	فیلمی	-	-	-	-
11	ترسناک	-	-	-	-
12	بازی	-	-	-	-
13	کرده‌است	-	-	-	-
14	.	-	-	-	-

0	در	-	-	-	-
1	صورتی	-	-	-	-
2	که	-	-	-	-
3	در	-	-	-	-
4	۷	-	-	-	-
5	سالگی	-	-	-	-
6	این	-	-	-	-
7	نقش	-	-	-	-
8	را	-	-	-	-
9	بازی	-	-	-	-
10	کرده‌بود	-	-	-	-
11	.	-	-	-	-

0	کوبریک	-	-	-	-
1	حس	-	-	-	-
2	مسئولیت	-	-	-	-
3	شدیدی	-	-	-	-
4	در	-	-	-	-
5	این	-	-	-	-
6	خصوص	-	-	-	-
7	احساس	-	-	-	-
8	می‌کرد	-	-	-	-
9	و	-	-	-	-
10	بدین	-	-	-	-
11	لحاظ	-	-	-	-
12	این	-	-	-	-
13	امر	-	-	-	-
14	را	-	-	-	-
15	از	-	-	-	-
16	کودک	-	-	-	-
17	هنرمند	-	-	-	-
18	پنهان	-	-	-	-
19	نگاهداشت	-	-	-	-
20	تا	-	-	-	-
21	به	-	-	-	-
22	روحیه	-	-	-	-
23	او	-	-	-	-
24	لطمه‌ای	-	-	-	-
25	وارد	-	-	-	-
26	نگردد	-	-	-	-
27	.	-	-	-	-

0	حتی	-	-	-	-
1	بار	-	-	-	-
2	نخستی	-	-	-	-
3	که	-	-	-	-
4	دنی	-	-	-	-
5	لوید	-	-	-	-
6	این	-	-	-	-
7	فیلم	-	-	-	-
8	را	-	-	-	-
9	واقعا	-	-	-	-
10	تماشا	-	-	-	-
11	کرد	-	-	-	-
12	با	-	-	-	-
13	خود	-	-	-	-
14	استنلی	-	-	-	-
15	کوبریک	-	-	-	-
16	بود	-	-	-	-
17	.	-	-	-	-

0	زلاتان	-	-	-	-
1	برای	-	-	-	-
2	اولین	-	-	-	-
3	بار	-	-	-	-
4	در	-	-	-	-
5	سال	-	-	-	-
6	۱۹۹۶	-	-	-	-
7	با	-	-	-	-
8	مالمو	-	-	-	-
9	قرارداد	-	-	-	-
10	بست	-	-	-	-
11	و	-	-	-	-
12	در	-	-	-	-
13	سال	-	-	-	-
14	۱۹۹۹	-	-	-	-
15	در	-	-	-	-
16	ترکیب	-	-	-	-
17	تیم	-	-	-	-
18	اول	-	-	-	-
19	این	-	-	-	-
20	تیم	-	-	-	-
21	در	-	-	-	-
22	لیگ	-	-	-	-
23	اول	-	-	-	-
24	سوئد	-	-	-	-
25	قرار	-	-	-	-
26	گرفت	-	-	-	-
27	که	-	-	-	-
28	در	-	-	-	-
29	این	-	-	-	-
30	سال	-	-	-	-
31	این	-	-	-	-
32	تیم	-	-	-	-
33	با	-	-	-	-
34	رتبه	-	-	-	-
35	سیزدهم	-	-	-	-
36	به	-	-	-	-
37	لیگ	-	-	-	-
38	دوم	-	-	-	-
39	سقوط	-	-	-	-
40	کرد	-	-	-	-
41	ولی	-	-	-	-
42	فصل	-	-	-	-
43	بعد	-	-	-	-
44	به	-	-	-	-
45	لیگ	-	-	-	-
46	اول	-	-	-	-
47	بازگشت	-	-	-	-
48	.	-	-	-	-

0	پیش‌از	-	-	-	-
1	آن‌که	-	-	-	-
2	لئو	-	-	-	-
3	بینهاکر	-	-	-	-
4	سرمربی	-	-	-	-
5	آژاکس	-	-	-	-
6	علاقه	-	-	-	-
7	خود	-	-	-	-
8	را	-	-	-	-
9	برای	-	-	-	-
10	جذب	-	-	-	-
11	این	-	-	-	-
12	بازیکن	-	-	-	-
13	نشان	-	-	-	-
14	دهد	-	-	-	-
15	این	-	-	-	-
16	آرسن	-	-	-	-
17	ونگر	-	-	-	-
18	بود	-	-	-	-
19	که	-	-	-	-
20	زلاتان	-	-	-	-
21	را	-	-	-	-
22	کشف	-	-	-	-
23	کرد	-	-	-	-
24	اما	-	-	-	-
25	طی	-	-	-	-
26	تلاشی	-	-	-	-
27	ناموفق	-	-	-	-
28	برای	-	-	-	-
29	انتقال	-	-	-	-
30	وی	-	-	-	-
31	به	-	-	-	-
32	آرسنال	-	-	-	-
33	ابراهیموویچ	-	-	-	-
34	به	-	-	-	-
35	آژاکس	-	-	-	-
36	پیوست	-	-	-	-
37	.	-	-	-	-

0	در	-	-	-	-
1	۲۲	-	-	-	-
2	مارس	-	-	-	-
3	۲۰۰۱	-	-	-	-
4	ابراهیموویچ	-	-	-	-
5	با	-	-	-	-
6	قرار	-	-	-	-
7	دادی	-	-	-	-
8	معادل	-	-	-	-
9	۸۰	-	-	-	-
10	میلیون	-	-	-	-
11	کرون	-	-	-	-
12	سوئد	-	-	-	-
13	به	-	-	-	-
14	آژاکس	-	-	-	-
15	پیوست	-	-	-	-
16	.	-	-	-	-

0	«	-	-	-	-
1	قدرت	-	-	-	-
2	فقط	-	-	-	-
3	نصیب	-	-	-	-
4	کسانی	-	-	-	-
5	می‌شود	-	-	-	-
6	که	-	-	-	-
7	جرات	-	-	-	-
8	کنند	-	-	-	-
9	خم	-	-	-	-
10	شوند	-	-	-	-
11	و	-	-	-	-
12	آن	-	-	-	-
13	را	-	-	-	-
14	به‌دقت	-	-	-	-
15	بگیرند	-	-	-	-
16	.	-	-	-	-

0	فقط	-	-	-	-
1	یک	-	-	-	-
2	چیز	-	-	-	-
3	مهم	-	-	-	-
4	است	-	-	-	-
5	:	-	-	-	-

0	باید	-	-	-	-
1	فقط	-	-	-	-
2	جرات	-	-	-	-
3	داشت	-	-	-	-
4	.	-	-	-	-

0	لازم	-	-	-	-
1	بود	-	-	-	-
2	بدانم	-	-	-	-
3	که	-	-	-	-
4	آیا	-	-	-	-
5	من	-	-	-	-
6	هم	-	-	-	-
7	مانند	-	-	-	-
8	همهٔ	-	-	-	-
9	مردم	-	-	-	-
10	شپش	-	-	-	-
11	هستم	-	-	-	-
12	یا	-	-	-	-
13	انسانم	-	-	-	-
14	؟	-	-	-	-

0	آیا	-	-	-	-
1	من	-	-	-	-
2	می‌توانم	-	-	-	-
3	از	-	-	-	-
4	حد	-	-	-	-
5	معین	-	-	-	-
6	تجاوز	-	-	-	-
7	کنم	-	-	-	-
8	،	-	-	-	-
9	یا	-	-	-	-
10	نمی‌توانم	-	-	-	-
11	؟	-	-	-	-

0	آیا	-	-	-	-
1	جسارت	-	-	-	-
2	این	-	-	-	-
3	را	-	-	-	-
4	دارم	-	-	-	-
5	که	-	-	-	-
6	خم	-	-	-	-
7	شوم	-	-	-	-
8	و	-	-	-	-
9	آنچه	-	-	-	-
10	را	-	-	-	-
11	می‌خواهم	-	-	-	-
12	،	-	-	-	-
13	بردارم	-	-	-	-
14	یا	-	-	-	-
15	نه	-	-	-	-
16	.	-	-	-	-

0	آیا	-	-	-	-
1	موجودی	-	-	-	-
2	ترسو	-	-	-	-
3	و	-	-	-	-
4	بزدلم	-	-	-	-
5	یا	-	-	-	-
6	صاحب	-	-	-	-
7	حق	-	-	-	-
8	و	-	-	-	-
9	اختیار	-	-	-	-
10	هستم	-	-	-	-
11	؟	-	-	-	-
12	»	-	-	-	-
13	«	-	-	-	-
14	قابل‌توجه	-	-	-	-
15	است	-	-	-	-
16	که	-	-	-	-
17	بیشتر	-	-	-	-
18	اشخاص	-	-	-	-
19	نیکوکار	-	-	-	-
20	و	-	-	-	-
21	بنیانگذار	-	-	-	-
22	اصول	-	-	-	-
23	انسانیت	-	-	-	-
24	،	-	-	-	-
25	مردمانی	-	-	-	-
26	بودند	-	-	-	-
27	بی‌نهایت	-	-	-	-
28	خونریز	-	-	-	-
29	.	-	-	-	-

0	همه	-	-	-	-
1	،	-	-	-	-
2	و	-	-	-	-
3	نه	-	-	-	-
4	اشخاص	-	-	-	-
5	بزرگ	-	-	-	-
6	،	-	-	-	-
7	بلکه	-	-	-	-
8	حتی	-	-	-	-
9	آن‌هایی	-	-	-	-
10	که	-	-	-	-
11	فقط	-	-	-	-
12	کمی	-	-	-	-
13	بیرون	-	-	-	-
14	از	-	-	-	-
15	چهارچوب	-	-	-	-
16	معمول	-	-	-	-
17	هستند	-	-	-	-
18	،	-	-	-	-
19	یعنی	-	-	-	-
20	حتی	-	-	-	-
21	آن‌هایی	-	-	-	-
22	که	-	-	-	-
23	اندکی	-	-	-	-
24	توانایی	-	-	-	-
25	گفتن	-	-	-	-
26	سخن	-	-	-	-
27	نو	-	-	-	-
28	را	-	-	-	-
29	دارند	-	-	-	-
30	،	-	-	-	-
31	قاعدتا	-	-	-	-
32	باید	-	-	-	-
33	،	-	-	-	-
34	بنا	-	-	-	-
35	بر	-	-	-	-
36	طبیعت	-	-	-	-
37	خود	-	-	-	-
38	،	-	-	-	-
39	کم	-	-	-	-
40	و	-	-	-	-
41	بیش	-	-	-	-
42	متجاوز	-	-	-	-
43	باشند	-	-	-	-
44	.	-	-	-	-

0	اگر	-	-	-	-
1	جز	-	-	-	-
2	این	-	-	-	-
3	باشد	-	-	-	-
4	مشکل	-	-	-	-
5	است	-	-	-	-
6	آن‌ها	-	-	-	-
7	از	-	-	-	-
8	چهار	-	-	-	-
9	دیوار	-	-	-	-
10	خود	-	-	-	-
11	به	-	-	-	-
12	درآیند	-	-	-	-
13	،	-	-	-	-
14	و	-	-	-	-
15	از	-	-	-	-
16	ماندن	-	-	-	-
17	در	-	-	-	-
18	آن	-	-	-	-
19	چهارچوب	-	-	-	-
20	به‌خاطر	-	-	-	-
21	طبع	-	-	-	-
22	خود	-	-	-	-
23	،	-	-	-	-
24	نمی‌توانند	-	-	-	-
25	راضی	-	-	-	-
26	باشند	-	-	-	-
27	.	-	-	-	-
28	»	-	-	-	-
29	«	-	-	-	-
30	همه	-	-	-	-
31	قاتلن	-	-	-	-
32	؛	-	-	-	-
33	همیشه	-	-	-	-
34	زمین	-	-	-	-
35	جاری	-	-	-	-
36	از	-	-	-	-
37	خون	-	-	-	-
38	بوده	-	-	-	-
39	.	-	-	-	-

0	روی	-	-	-	-
1	زمین	-	-	-	-
2	کسایی	-	-	-	-
3	که	-	-	-	-
4	قتل	-	-	-	-
5	می‌کنن	-	-	-	-
6	بعدها	-	-	-	-
7	صاحب	-	-	-	-
8	بزرگ‌ترین	-	-	-	-
9	افتخارها	-	-	-	-
10	شدن	-	-	-	-
11	.	-	-	-	-

0	من	-	-	-	-
1	فقط	-	-	-	-
2	می‌خواستم	-	-	-	-
3	به	-	-	-	-
4	مردم	-	-	-	-
5	خوبی	-	-	-	-
6	کنم	-	-	-	-
7	.	-	-	-	-

0	کشتن	-	-	-	-
1	یک	-	-	-	-
2	پیرزن	-	-	-	-
3	رباخوار	-	-	-	-
4	و	-	-	-	-
5	از	-	-	-	-
6	بین	-	-	-	-
7	بردن	-	-	-	-
8	یک	-	-	-	-
9	حشرهٔ	-	-	-	-
10	کثیف	-	-	-	-
11	،	-	-	-	-
12	کجاش	-	-	-	-
13	جنایته	-	-	-	-
14	؟	-	-	-	-
15	»	-	-	-	-
16	«	-	-	-	-
17	همه	-	-	-	-
18	چیزم	-	-	-	-
19	را	-	-	-	-
20	باخته‌بودم	-	-	-	-
21	.	-	-	-	-

0	همه	-	-	-	-
1	چیزم	-	-	-	-
2	را	-	-	-	-
3	!	-	-	-	-

0	از	-	-	-	-
1	کازینو	-	-	-	-
2	بیرون	-	-	-	-
3	آمدم	-	-	-	-
4	.	-	-	-	-

0	آن	-	-	-	-
1	وقت	-	-	-	-
2	دیدم	-	-	-	-
3	یک	-	-	-	-
4	گولدن	-	-	-	-
5	ته	-	-	-	-
6	جیب	-	-	-	-
7	جلیقه‌ام	-	-	-	-
8	مانده	-	-	-	-
9	.	-	-	-	-

0	گفتم	-	-	-	-
1	:	-	-	-	-

0	«	-	-	-	-
1	آه	-	-	-	-
2	پس	-	-	-	-
3	هنوز	-	-	-	-
4	می‌توانم	-	-	-	-
5	غذایی	-	-	-	-
6	بخورم	-	-	-	-
7	!	-	-	-	-
8	»	-	-	-	-
9	اما	-	-	-	-
10	صد	-	-	-	-
11	قدم	-	-	-	-
12	نرفته‌بودم	-	-	-	-
13	که	-	-	-	-
14	تصمیمم	-	-	-	-
15	عوض	-	-	-	-
16	شد	-	-	-	-
17	.	-	-	-	-

0	برگشتم	-	-	-	-
1	و	-	-	-	-
2	یک	-	-	-	-
3	گولدن	-	-	-	-
4	را	-	-	-	-
5	روی	-	-	-	-
6	مانک	-	-	-	-
7	گذاشتم	-	-	-	-
8	(	-	-	-	-
9	بله	-	-	-	-
10	خوب	-	-	-	-
11	به	-	-	-	-
12	یاد	-	-	-	-
13	دارم	-	-	-	-
14	.	-	-	-	-

0	روی	-	-	-	-
1	مانک	-	-	-	-
2	)	-	-	-	-
3	و	-	-	-	-
4	جدا	-	-	-	-
5	وقتی	-	-	-	-
6	آدم	-	-	-	-
7	در	-	-	-	-
8	کشوری	-	-	-	-
9	بیگانه	-	-	-	-
10	دور	-	-	-	-
11	از	-	-	-	-
12	وطن	-	-	-	-
13	و	-	-	-	-
14	کس	-	-	-	-
15	و	-	-	-	-
16	کارش	-	-	-	-
17	تنهاست	-	-	-	-
18	و	-	-	-	-
19	نمی‌داند	-	-	-	-
20	که	-	-	-	-
21	همان	-	-	-	-
22	روز	-	-	-	-
23	چه	-	-	-	-
24	خواهد‌خورد	-	-	-	-
25	و	-	-	-	-
26	می‌خواهد	-	-	-	-
27	آخرین	-	-	-	-
28	گولدن	-	-	-	-
29	خود	-	-	-	-
30	را	-	-	-	-
31	آخرینش	-	-	-	-
32	را	-	-	-	-
33	به	-	-	-	-
34	خطر	-	-	-	-
35	اندازد	-	-	-	-
36	احساس	-	-	-	-
37	عجیبی	-	-	-	-
38	دارد	-	-	-	-
39	.	-	-	-	-

0	اما	-	-	-	-
1	خطر	-	-	-	-
2	کردم	-	-	-	-
3	و	-	-	-	-
4	بردم	-	-	-	-
5	و	-	-	-	-
6	بیست	-	-	-	-
7	دقیقه	-	-	-	-
8	بعد	-	-	-	-
9	با	-	-	-	-
10	صد	-	-	-	-
11	و	-	-	-	-
12	هفتاد	-	-	-	-
13	گولدن	-	-	-	-
14	در	-	-	-	-
15	جیب	-	-	-	-
16	از	-	-	-	-
17	کازینو	-	-	-	-
18	بیرون	-	-	-	-
19	آمدم	-	-	-	-
20	.	-	-	-	-

0	این	-	-	-	-
1	یک	-	-	-	-
2	واقعیت	-	-	-	-
3	است	-	-	-	-
4	.	-	-	-	-

0	گاهی	-	-	-	-
1	آخرین	-	-	-	-
2	گولدن	-	-	-	-
3	چه‌کارها	-	-	-	-
4	می‌کند	-	-	-	-
5	!	-	-	-	-

0	اگر	-	-	-	-
1	شکستم	-	-	-	-
2	را	-	-	-	-
3	پذیرفته‌بودم	-	-	-	-
4	اگر	-	-	-	-
5	جرئت	-	-	-	-
6	تصمیم	-	-	-	-
7	نمی‌داشتم	-	-	-	-
8	چه	-	-	-	-
9	شده‌بود	-	-	-	-
10	؟	-	-	-	-

0	…	-	-	-	-
1	فردا	-	-	-	-
2	،	-	-	-	-
3	فردا	-	-	-	-
4	،	-	-	-	-
5	همه	-	-	-	-
6	چیز	-	-	-	-
7	تمام	-	-	-	-
8	خواهد‌شد	-	-	-	-
9	.	-	-	-	-
10	»	-	-	-	-

