0	﻿جملات	-	-	-	-
1	تست	-	-	-	-
2	:	-	-	-	-

0	تخت‌جمشید	-	-	-	-
1	،	-	-	-	-
2	مجموعه‌ای	-	-	-	-
3	از	-	-	-	-
4	کاخهای	-	-	-	-
5	بسیار	-	-	-	-
6	با	-	-	-	-
7	شکوهی	-	-	-	-
8	است	-	-	-	-
9	که	-	-	-	-
10	ساخت	-	-	-	-
11	آنها	-	-	-	-
12	در	-	-	-	-
13	سال	-	-	-	-
14	به	-	-	-	-
15	۵۱۲	-	-	-	-
16	قبل‌از	-	-	-	-
17	میلاد	-	-	-	-
18	آغاز	-	-	-	-
19	شد	-	-	-	-
20	و	-	-	-	-
21	اتمام	-	-	-	-
22	آن	-	-	-	-
23	۱۵۰	-	-	-	-
24	سال	-	-	-	-
25	به	-	-	-	-
26	طول	-	-	-	-
27	انجامید	-	-	-	-
28	.	-	-	-	-

0	تختجمشید	-	-	-	-
1	در	-	-	-	-
2	محوطة	-	-	-	-
3	وسیعی	-	-	-	-
4	واقع‌شده	-	-	-	-
5	که	-	-	-	-
6	از‌یک‌طرف	-	-	-	-
7	به	-	-	-	-
8	کوه	-	-	-	-
9	رحمت	-	-	-	-
10	و	-	-	-	-
11	از	-	-	-	-
12	طرف	-	-	-	-
13	دیگر	-	-	-	-
14	به	-	-	-	-
15	مرو	-	-	-	-
16	دشت	-	-	-	-
17	محدود	-	-	-	-
18	است	-	-	-	-
19	.	-	-	-	-

0	این	-	-	-	-
1	کاخهای	-	-	-	-
2	عظیم	-	-	-	-
3	سلطنتی	-	-	-	-
4	در	-	-	-	-
5	کنار	-	-	-	-
6	شهر	-	-	-	-
7	پارسه	-	-	-	-
8	که	-	-	-	-
9	یونانیان	-	-	-	-
10	آن	-	-	-	-
11	را	-	-	-	-
12	پرسپولیس	-	-	-	-
13	خوانده‌اند	-	-	-	-
14	ساخته‌شده	-	-	-	-
15	است	-	-	-	-
16	.	-	-	-	-

0	تعداد	-	-	-	-
1	محدودی	-	-	-	-
2	از	-	-	-	-
3	این	-	-	-	-
4	جواهر	-	-	-	-
5	ات	-	-	-	-
6	در	-	-	-	-
7	موزه	-	-	-	-
8	ملی	-	-	-	-
9	ایران	-	-	-	-
10	نگهداری	-	-	-	-
11	می‌شود	-	-	-	-
12	.	-	-	-	-

0	بزرگترین	-	-	-	-
1	کاخ	-	-	-	-
2	در‌مجموعه	-	-	-	-
3	تخت‌جمشید	-	-	-	-
4	کاخ	-	-	-	-
5	مشهور	-	-	-	-
6	به	-	-	-	-
7	صد	-	-	-	-
8	ستون	-	-	-	-
9	است	-	-	-	-
10	که	-	-	-	-
11	احتمالا	-	-	-	-
12	یکی	-	-	-	-
13	از	-	-	-	-
14	بزرگترین	-	-	-	-
15	آثار	-	-	-	-
16	معماری	-	-	-	-
17	دوره	-	-	-	-
18	هخامنشیان	-	-	-	-
19	بوده	-	-	-	-
20	و	-	-	-	-
21	داریوش	-	-	-	-
22	اول	-	-	-	-
23	از	-	-	-	-
24	آن	-	-	-	-
25	به	-	-	-	-
26	عنوان	-	-	-	-
27	سالن	-	-	-	-
28	بارعام	-	-	-	-
29	خود	-	-	-	-
30	استفاده	-	-	-	-
31	می‌کرده	-	-	-	-
32	است	-	-	-	-
33	.	-	-	-	-

0	تایسون	-	-	-	-
1	که	-	-	-	-
2	اختر	-	-	-	-
3	فیزیک	-	-	-	-
4	‌دان	-	-	-	-
5	و	-	-	-	-
6	مدیر	-	-	-	-
7	آسمان	-	-	-	-
8	‌نمای	-	-	-	-
9	هیدن	-	-	-	-
10	در	-	-	-	-
11	موزه‌ی	-	-	-	-
12	تاریخ	-	-	-	-
13	طبیعی	-	-	-	-
14	آمریکا	-	-	-	-
15	است	-	-	-	-
16	،	-	-	-	-
17	دوباره‌قرار	-	-	-	-
18	است	-	-	-	-
19	به	-	-	-	-
20	نشنال	-	-	-	-
21	جئوگرافیک	-	-	-	-
22	باز	-	-	-	-
23	گردد	-	-	-	-
24	.	-	-	-	-

0	طرفدارانژانر	-	-	-	-
1	علمی‌	-	-	-	-
2	تخیلی	-	-	-	-
3	کانال	-	-	-	-
4	syfy	-	-	-	-
5	را	-	-	-	-
6	می‌شناسند	-	-	-	-
7	.	-	-	-	-

0	این	-	-	-	-
1	کانال	-	-	-	-
2	تا	-	-	-	-
3	چند	-	-	-	-
4	سال	-	-	-	-
5	پیش	-	-	-	-
6	با	-	-	-	-
7	نام	-	-	-	-
8	Scifi	-	-	-	-
9	برنامه	-	-	-	-
10	‌هایش	-	-	-	-
11	راپخش	-	-	-	-
12	می‌کرد	-	-	-	-
13	،	-	-	-	-
14	اما	-	-	-	-
15	بنا‌به	-	-	-	-
16	گفته‌ی	-	-	-	-
17	خودشان	-	-	-	-
18	که	-	-	-	-
19	تصمیم	-	-	-	-
20	گرفته‌بودند	-	-	-	-
21	مخاطب	-	-	-	-
22	ان	-	-	-	-
23	دیگر	-	-	-	-
24	ی	-	-	-	-
25	به	-	-	-	-
26	جز	-	-	-	-
27	علاقه‌	-	-	-	-
28	مندان	-	-	-	-
29	علمی‌تخیلی	-	-	-	-
30	راهم	-	-	-	-
31	جذب	-	-	-	-
32	کنند	-	-	-	-
33	و	-	-	-	-
34	برنامه‌های	-	-	-	-
35	دیگری	-	-	-	-
36	هم	-	-	-	-
37	تولیدکنند	-	-	-	-
38	.	-	-	-	-

0	این	-	-	-	-
1	برنامه	-	-	-	-
2	اگرچه	-	-	-	-
3	اولین	-	-	-	-
4	تجربه‌ی	-	-	-	-
5	برنامه	-	-	-	-
6	شبانه‌ی	-	-	-	-
7	علم‌	-	-	-	-
8	محور	-	-	-	-
9	با	-	-	-	-
10	چاشنی	-	-	-	-
11	طنز	-	-	-	-
12	و	-	-	-	-
13	ادبیات	-	-	-	-
14	عامه	-	-	-	-
15	در	-	-	-	-
16	تلویزیون	-	-	-	-
17	به	-	-	-	-
18	شمار	-	-	-	-
19	می‌رود	-	-	-	-
20	،	-	-	-	-
21	اما	-	-	-	-
22	می‌تواند	-	-	-	-
23	آینده‌ی	-	-	-	-
24	چنین	-	-	-	-
25	برنامه‌هایی	-	-	-	-
26	را	-	-	-	-
27	مشخص	-	-	-	-
28	کند	-	-	-	-
29	و	-	-	-	-
30	موفقیت	-	-	-	-
31	یا	-	-	-	-
32	عدم	-	-	-	-
33	‌موفقیت	-	-	-	-
34	آن	-	-	-	-
35	بیش‌از	-	-	-	-
36	موفقیت	-	-	-	-
37	یا	-	-	-	-
38	شکست	-	-	-	-
39	یک	-	-	-	-
40	پروژه	-	-	-	-
41	در	-	-	-	-
42	بلندمدت	-	-	-	-
43	بر	-	-	-	-
44	حضور	-	-	-	-
45	علم	-	-	-	-
46	در	-	-	-	-
47	نقش	-	-	-	-
48	اصلی	-	-	-	-
49	ومحوری	-	-	-	-
50	دنیای	-	-	-	-
51	رسانه‌های	-	-	-	-
52	رسمی	-	-	-	-
53	،	-	-	-	-
54	تأثیرخواهدگذاشت	-	-	-	-
55	.	-	-	-	-

0	اگر	-	-	-	-
1	به	-	-	-	-
2	دنیای	-	-	-	-
3	علمی‌تخیلی	-	-	-	-
4	و	-	-	-	-
5	نقاطی	-	-	-	-
6	که	-	-	-	-
7	مرزهای	-	-	-	-
8	آن	-	-	-	-
9	با	-	-	-	-
10	دنیای	-	-	-	-
11	واقعی	-	-	-	-
12	در	-	-	-	-
13	هم	-	-	-	-
14	‌آمیخته	-	-	-	-
15	می‌شود	-	-	-	-
16	علاقه	-	-	-	-
17	دارید	-	-	-	-
18	،	-	-	-	-
19	نام	-	-	-	-
20	ایلان	-	-	-	-
21	ماسک	-	-	-	-
22	را	-	-	-	-
23	در	-	-	-	-
24	ذهن	-	-	-	-
25	داشته‌باشید	-	-	-	-
26	.	-	-	-	-

0	کارآفرینی	-	-	-	-
1	که	-	-	-	-
2	اصالتااهل	-	-	-	-
3	آفریقای	-	-	-	-
4	جنوبی	-	-	-	-
5	است	-	-	-	-
6	و	-	-	-	-
7	از	-	-	-	-
8	او	-	-	-	-
9	با	-	-	-	-
10	نام	-	-	-	-
11	مرد	-	-	-	-
12	آهنی	-	-	-	-
13	دنیای	-	-	-	-
14	واقعی	-	-	-	-
15	هم	-	-	-	-
16	نام	-	-	-	-
17	‌برده	-	-	-	-
18	می‌شود	-	-	-	-
19	و	-	-	-	-
20	در‌حال‌حاضر	-	-	-	-
21	،	-	-	-	-
22	مشغول	-	-	-	-
23	ایفا	-	-	-	-
24	ی	-	-	-	-
25	نقش	-	-	-	-
26	تونی	-	-	-	-
27	استارک‌دنیای	-	-	-	-
28	ما	-	-	-	-
29	است	-	-	-	-
30	.	-	-	-	-

0	اوهم‌	-	-	-	-
1	زمان	-	-	-	-
2	ایده‌ی	-	-	-	-
3	قطارهای	-	-	-	-
4	فوق‌	-	-	-	-
5	سریع	-	-	-	-
6	را	-	-	-	-
7	مطرح	-	-	-	-
8	کرده	-	-	-	-
9	و	-	-	-	-
10	اکنون	-	-	-	-
11	به‌دنبال	-	-	-	-
12	اینترنت	-	-	-	-
13	رایگان	-	-	-	-
14	جهانی	-	-	-	-
15	است	-	-	-	-
16	.	-	-	-	-

0	این	-	-	-	-
1	سازمان	-	-	-	-
2	فضایی	-	-	-	-
3	تاکنون	-	-	-	-
4	موفق	-	-	-	-
5	به	-	-	-	-
6	اثبات	-	-	-	-
7	۲۵۲۵	-	-	-	-
8	سیاره‌ی	-	-	-	-
9	خارجی	-	-	-	-
10	شده‌است	-	-	-	-
11	که	-	-	-	-
12	از	-	-	-	-
13	این	-	-	-	-
14	رقم	-	-	-	-
15	،	-	-	-	-
16	ده	-	-	-	-
17	سیاره‌ی	-	-	-	-
18	سنگی	-	-	-	-
19	،	-	-	-	-
20	هم‌	-	-	-	-
21	اندازه	-	-	-	-
22	با	-	-	-	-
23	زمین	-	-	-	-
24	واحتمالا	-	-	-	-
25	قابل	-	-	-	-
26	سکونت	-	-	-	-
27	هستند	-	-	-	-
28	.	-	-	-	-

0	شاید	-	-	-	-
1	برخی	-	-	-	-
2	نگران	-	-	-	-
3	باشند	-	-	-	-
4	سیستم	-	-	-	-
5	هوش	-	-	-	-
6	مصنوعی	-	-	-	-
7	گوگل	-	-	-	-
8	ستاره	-	-	-	-
9	‌شناسان	-	-	-	-
10	راکنار	-	-	-	-
11	بزند	-	-	-	-
12	؛	-	-	-	-
13	اما	-	-	-	-
14	به‌گفته‌ی	-	-	-	-
15	ناسا	-	-	-	-
16	جای	-	-	-	-
17	نگرانی‌نیست	-	-	-	-
18	.	-	-	-	-

0	چرا	-	-	-	-
1	که	-	-	-	-
2	ریاضی	-	-	-	-
3	زبان	-	-	-	-
4	فیزیک	-	-	-	-
5	است	-	-	-	-
6	،	-	-	-	-
7	اما	-	-	-	-
8	از	-	-	-	-
9	آنجایی‌که	-	-	-	-
10	پدیده‌های	-	-	-	-
11	جهان	-	-	-	-
12	ابتدا	-	-	-	-
13	وجود	-	-	-	-
14	داشته‌اند	-	-	-	-
15	،	-	-	-	-
16	مشاهده	-	-	-	-
17	و	-	-	-	-
18	درک	-	-	-	-
19	شده‌اند	-	-	-	-
20	و	-	-	-	-
21	سپس	-	-	-	-
22	برای	-	-	-	-
23	آن‌ها	-	-	-	-
24	مبانی	-	-	-	-
25	ریاضیاتی	-	-	-	-
26	تعریف‌شده	-	-	-	-
27	است	-	-	-	-
28	،	-	-	-	-
29	با	-	-	-	-
30	اندکی	-	-	-	-
31	تلاش	-	-	-	-
32	می‌توان	-	-	-	-
33	مباحث	-	-	-	-
34	مربوط	-	-	-	-
35	به	-	-	-	-
36	فیزیک	-	-	-	-
37	کلاسیک	-	-	-	-
38	را	-	-	-	-
39	،	-	-	-	-
40	بااجتناب	-	-	-	-
41	از	-	-	-	-
42	وارد	-	-	-	-
43	شدن	-	-	-	-
44	در	-	-	-	-
45	مبانی	-	-	-	-
46	ریاضی	-	-	-	-
47	(	-	-	-	-
48	که	-	-	-	-
49	هدف	-	-	-	-
50	تالیف	-	-	-	-
51	این	-	-	-	-
52	مجموعه	-	-	-	-
53	است	-	-	-	-
54	)	-	-	-	-
55	توضیح	-	-	-	-
56	داد	-	-	-	-
57	.	-	-	-	-

0	اما	-	-	-	-
1	وارد	-	-	-	-
2	شدن	-	-	-	-
3	به	-	-	-	-
4	دنیای	-	-	-	-
5	فیزیک	-	-	-	-
6	کوانتوم	-	-	-	-
7	و	-	-	-	-
8	پرهیز	-	-	-	-
9	از	-	-	-	-
10	مبانی	-	-	-	-
11	ریاضی	-	-	-	-
12	اجتناب‌ناپذیر	-	-	-	-
13	است	-	-	-	-
14	.	-	-	-	-

0	چرا	-	-	-	-
1	که	-	-	-	-
2	دنیای	-	-	-	-
3	فیزیک	-	-	-	-
4	کوانتوم	-	-	-	-
5	،	-	-	-	-
6	به‌غایت	-	-	-	-
7	انتزاعیو	-	-	-	-
8	ذهنی	-	-	-	-
9	است	-	-	-	-
10	.	-	-	-	-

0	همان‌طورکه	-	-	-	-
1	شاید	-	-	-	-
2	خودتان	-	-	-	-
3	نیزبدانید	-	-	-	-
4	،	-	-	-	-
5	بحث‌ها	-	-	-	-
6	و	-	-	-	-
7	منازعات	-	-	-	-
8	اصلی	-	-	-	-
9	فیزیکدانان	-	-	-	-
10	بزرگ	-	-	-	-
11	نظیر	-	-	-	-
12	؛	-	-	-	-
13	فاینمن	-	-	-	-
14	،	-	-	-	-
15	اینشتین	-	-	-	-
16	،	-	-	-	-
17	بور	-	-	-	-
18	و	-	-	-	-
19	…	-	-	-	-
20	همه	-	-	-	-
21	و	-	-	-	-
22	همه	-	-	-	-
23	در	-	-	-	-
24	مبانی	-	-	-	-
25	کوانتوم	-	-	-	-
26	بوده‌است	-	-	-	-
27	و	-	-	-	-
28	عامل	-	-	-	-
29	تمامی	-	-	-	-
30	این	-	-	-	-
31	اتفاقات	-	-	-	-
32	یک	-	-	-	-
33	دلیل	-	-	-	-
34	ساده	-	-	-	-
35	است	-	-	-	-
36	؛	-	-	-	-
37	فهم	-	-	-	-
38	کامل	-	-	-	-
39	فیزیک	-	-	-	-
40	کوانتوم	-	-	-	-
41	نا	-	-	-	-
42	شدنی	-	-	-	-
43	است	-	-	-	-
44	!	-	-	-	-

0	در	-	-	-	-
1	این	-	-	-	-
2	قسمت	-	-	-	-
3	از	-	-	-	-
4	مجموعه	-	-	-	-
5	،	-	-	-	-
6	که	-	-	-	-
7	به‌صورت	-	-	-	-
8	اختصاصی	-	-	-	-
9	به	-	-	-	-
10	نا	-	-	-	-
11	رسایی‌‌های	-	-	-	-
12	فیزیک	-	-	-	-
13	کلاسیک	-	-	-	-
14	و	-	-	-	-
15	گام	-	-	-	-
16	‌های	-	-	-	-
17	آغازین	-	-	-	-
18	فیزیک	-	-	-	-
19	کوانتوم	-	-	-	-
20	می‌‌پردازیم	-	-	-	-
21	،	-	-	-	-
22	استفاده	-	-	-	-
23	از	-	-	-	-
24	ریاضیات	-	-	-	-
25	بیش‌از‌پیش	-	-	-	-
26	حس	-	-	-	-
27	می‌شد	-	-	-	-
28	.	-	-	-	-

0	چراکه	-	-	-	-
1	درحالت	-	-	-	-
2	کلی	-	-	-	-
3	شما	-	-	-	-
4	،	-	-	-	-
5	تنها	-	-	-	-
6	برای	-	-	-	-
7	درک	-	-	-	-
8	یک	-	-	-	-
9	موضوع	-	-	-	-
10	نیاز	-	-	-	-
11	به	-	-	-	-
12	دانستن	-	-	-	-
13	صفرتاصد	-	-	-	-
14	ریز	-	-	-	-
15	موضوعات	-	-	-	-
16	آن	-	-	-	-
17	مطلب	-	-	-	-
18	دارید	-	-	-	-
19	،	-	-	-	-
20	حال	-	-	-	-
21	اگر	-	-	-	-
22	بخواهید	-	-	-	-
23	،	-	-	-	-
24	نا	-	-	-	-
25	رسایی	-	-	-	-
26	موضوعی	-	-	-	-
27	را	-	-	-	-
28	پیدا	-	-	-	-
29	کنید	-	-	-	-
30	و	-	-	-	-
31	برای	-	-	-	-
32	حل	-	-	-	-
33	آن	-	-	-	-
34	راه	-	-	-	-
35	کاری	-	-	-	-
36	ارائه	-	-	-	-
37	دهید	-	-	-	-
38	،	-	-	-	-
39	باید	-	-	-	-
40	علاوه‌بر	-	-	-	-
41	دانستن	-	-	-	-
42	صفر	-	-	-	-
43	تا	-	-	-	-
44	صد	-	-	-	-
45	ریز	-	-	-	-
46	موضوعات	-	-	-	-
47	بر	-	-	-	-
48	تمامی	-	-	-	-
49	مطالب	-	-	-	-
50	مرتبط	-	-	-	-
51	با	-	-	-	-
52	آن	-	-	-	-
53	موضوع	-	-	-	-
54	نیز	-	-	-	-
55	اشراف	-	-	-	-
56	کامل	-	-	-	-
57	داشته‌باشید	-	-	-	-
58	،	-	-	-	-
59	که	-	-	-	-
60	مبانی	-	-	-	-
61	ریاضی	-	-	-	-
62	یکی	-	-	-	-
63	ازاصلی	-	-	-	-
64	‌ترین	-	-	-	-
65	ارکان	-	-	-	-
66	آن	-	-	-	-
67	است	-	-	-	-
68	.	-	-	-	-

0	با	-	-	-	-
1	این	-	-	-	-
2	وجود	-	-	-	-
3	،	-	-	-	-
4	تمامی	-	-	-	-
5	تلاش	-	-	-	-
6	بر	-	-	-	-
7	این	-	-	-	-
8	هدف	-	-	-	-
9	گذاشته‌شده‌است	-	-	-	-
10	،	-	-	-	-
11	که	-	-	-	-
12	مخاطبی	-	-	-	-
13	که	-	-	-	-
14	به	-	-	-	-
15	علم	-	-	-	-
16	علاقه‌مند	-	-	-	-
17	است	-	-	-	-
18	و	-	-	-	-
19	در‌عین	-	-	-	-
20	حال	-	-	-	-
21	پایه‌ی	-	-	-	-
22	ریاضیاتی	-	-	-	-
23	قوی	-	-	-	-
24	ندارد	-	-	-	-
25	،	-	-	-	-
26	بتواند	-	-	-	-
27	مفاهیم	-	-	-	-
28	و	-	-	-	-
29	مباحث	-	-	-	-
30	مطرح‌شده	-	-	-	-
31	رادرک	-	-	-	-
32	کند	-	-	-	-
33	و	-	-	-	-
34	از	-	-	-	-
35	فهم	-	-	-	-
36	آن‌ها	-	-	-	-
37	لذت	-	-	-	-
38	ببرد	-	-	-	-
39	.	-	-	-	-

0	فاجعه‌ی	-	-	-	-
1	فرا	-	-	-	-
2	بنفش	-	-	-	-
3	یا	-	-	-	-
4	فاجعه	-	-	-	-
5	رایلی	-	-	-	-
6	جینزاشاره	-	-	-	-
7	به	-	-	-	-
8	نتیجه‌ای	-	-	-	-
9	دارد	-	-	-	-
10	که	-	-	-	-
11	ناشی	-	-	-	-
12	از	-	-	-	-
13	اصول	-	-	-	-
14	فیزیک	-	-	-	-
15	کلاسیک	-	-	-	-
16	تقسیم	-	-	-	-
17	مساوی	-	-	-	-
18	انرژی	-	-	-	-
19	و	-	-	-	-
20	تابش	-	-	-	-
21	نوسانگرهای	-	-	-	-
22	بار	-	-	-	-
23	دار	-	-	-	-
24	برای	-	-	-	-
25	توضیح	-	-	-	-
26	تابش	-	-	-	-
27	جسم	-	-	-	-
28	سیاه	-	-	-	-
29	در	-	-	-	-
30	طول	-	-	-	-
31	موج‌های	-	-	-	-
32	کوتاه	-	-	-	-
33	است	-	-	-	-
34	.	-	-	-	-

0	فرمول	-	-	-	-
1	پلانک	-	-	-	-
2	هر	-	-	-	-
3	چند	-	-	-	-
4	موفقیت‌آمیز	-	-	-	-
5	بود	-	-	-	-
6	،	-	-	-	-
7	اما	-	-	-	-
8	نتیجه‌گیری	-	-	-	-
9	ماهیت	-	-	-	-
10	کوانتومی	-	-	-	-
11	تابش	-	-	-	-
12	از	-	-	-	-
13	آن	-	-	-	-
14	چندان	-	-	-	-
15	الزامی	-	-	-	-
16	نیست	-	-	-	-
17	.	-	-	-	-

0	بخش	-	-	-	-
1	عمده‌ای	-	-	-	-
2	در	-	-	-	-
3	پذیرفتن	-	-	-	-
4	آن	-	-	-	-
5	از	-	-	-	-
6	کار	-	-	-	-
7	آلبرت	-	-	-	-
8	اینشتین	-	-	-	-
9	حاصل	-	-	-	-
10	شد	-	-	-	-
11	،	-	-	-	-
12	که	-	-	-	-
13	در	-	-	-	-
14	سال	-	-	-	-
15	۱۹۰۵	-	-	-	-
16	با	-	-	-	-
17	استفاده	-	-	-	-
18	از	-	-	-	-
19	مفهوم	-	-	-	-
20	ماهیت	-	-	-	-
21	کوانتومی	-	-	-	-
22	نور	-	-	-	-
23	،	-	-	-	-
24	بعضی	-	-	-	-
25	ازخاصیت‌های	-	-	-	-
26	ویژه	-	-	-	-
27	فلز	-	-	-	-
28	ات	-	-	-	-
29	را	-	-	-	-
30	وقتی	-	-	-	-
31	در	-	-	-	-
32	معرض	-	-	-	-
33	نور	-	-	-	-
34	مرئی	-	-	-	-
35	و	-	-	-	-
36	فرا	-	-	-	-
37	بنفش	-	-	-	-
38	قرار	-	-	-	-
39	می‌گیرند	-	-	-	-
40	،	-	-	-	-
41	توضیح	-	-	-	-
42	داد	-	-	-	-
43	.	-	-	-	-

0	کشف	-	-	-	-
1	اثر	-	-	-	-
2	فوتو	-	-	-	-
3	الکتریک	-	-	-	-
4	با	-	-	-	-
5	کار	-	-	-	-
6	هاینریش	-	-	-	-
7	هرتز	-	-	-	-
8	در	-	-	-	-
9	سال	-	-	-	-
10	۱۸۸۷	-	-	-	-
11	آغاز	-	-	-	-
12	شد	-	-	-	-
13	.	-	-	-	-

0	آزمایشی	-	-	-	-
1	که	-	-	-	-
2	سر‌راست‌ترین	-	-	-	-
3	،	-	-	-	-
4	مدرک	-	-	-	-
5	ماهیت	-	-	-	-
6	ذره‌ای	-	-	-	-
7	تابش	-	-	-	-
8	را	-	-	-	-
9	در	-	-	-	-
10	اختیار	-	-	-	-
11	می‌گذارد	-	-	-	-
12	،	-	-	-	-
13	اثر	-	-	-	-
14	کامپتون	-	-	-	-
15	است	-	-	-	-
16	.	-	-	-	-

0	آرتور	-	-	-	-
1	هولی	-	-	-	-
2	کامیون	-	-	-	-
3	کشف	-	-	-	-
4	کرد	-	-	-	-
5	،	-	-	-	-
6	تابشی	-	-	-	-
7	با	-	-	-	-
8	یک	-	-	-	-
9	طول	-	-	-	-
10	موج	-	-	-	-
11	معین	-	-	-	-
12	(	-	-	-	-
13	در	-	-	-	-
14	ناحیه	-	-	-	-
15	پرتو	-	-	-	-
16	X	-	-	-	-
17	)	-	-	-	-
18	که	-	-	-	-
19	از	-	-	-	-
20	یک	-	-	-	-
21	ورقه‌ی	-	-	-	-
22	فلزی	-	-	-	-
23	می‌گذرد	-	-	-	-
24	،	-	-	-	-
25	به	-	-	-	-
26	گونه‌ای	-	-	-	-
27	پراکنده‌می‌شود	-	-	-	-
28	که	-	-	-	-
29	با	-	-	-	-
30	نظریه‌ی	-	-	-	-
31	تابش	-	-	-	-
32	کلاسیک	-	-	-	-
33	سازگار	-	-	-	-
34	نیست	-	-	-	-
35	.	-	-	-	-

0	بنا‌به‌نظریه‌ی	-	-	-	-
1	کلاسیک	-	-	-	-
2	،	-	-	-	-
3	ساز	-	-	-	-
4	و	-	-	-	-
5	کار	-	-	-	-
6	این	-	-	-	-
7	اثر	-	-	-	-
8	عبارت	-	-	-	-
9	است	-	-	-	-
10	،	-	-	-	-
11	از	-	-	-	-
12	تابش	-	-	-	-
13	مجدد	-	-	-	-
14	نور	-	-	-	-
15	توسط	-	-	-	-
16	الکترون‌هایی	-	-	-	-
17	که	-	-	-	-
18	با	-	-	-	-
19	تابش	-	-	-	-
20	فرودی	-	-	-	-
21	به	-	-	-	-
22	نوسان	-	-	-	-
23	وا	-	-	-	-
24	داشته	-	-	-	-
25	شده‌اند	-	-	-	-
26	گریس	-	-	-	-
27	هاپر	-	-	-	-
28	(	-	-	-	-
29	Grace	-	-	-	-
30	Brewster	-	-	-	-
31	Murray	-	-	-	-
32	Hopper	-	-	-	-
33	)	-	-	-	-
34	دانشمند	-	-	-	-
35	آمریکایی	-	-	-	-
36	علوم	-	-	-	-
37	کامپیوتر	-	-	-	-
38	بود	-	-	-	-
39	که	-	-	-	-
40	نام	-	-	-	-
41	خودش	-	-	-	-
42	را	-	-	-	-
43	به‌عنوان	-	-	-	-
44	یکی	-	-	-	-
45	از	-	-	-	-
46	اولین	-	-	-	-
47	برنامه‌نویس‌های	-	-	-	-
48	کامپیوتر	-	-	-	-
49	مشهور	-	-	-	-
50	هاروارد	-	-	-	-
51	مارک	-	-	-	-
52	جاودانه	-	-	-	-
53	کرد	-	-	-	-
54	.	-	-	-	-

0	او	-	-	-	-
1	یکی	-	-	-	-
2	از‌پیشگامان	-	-	-	-
3	برنامه‌نویسی	-	-	-	-
4	مدرن	-	-	-	-
5	بود	-	-	-	-
6	و	-	-	-	-
7	اولین	-	-	-	-
8	کامپایلر	-	-	-	-
9	برنامه‌نویسی	-	-	-	-
10	را	-	-	-	-
11	نیز	-	-	-	-
12	توسعه	-	-	-	-
13	داد	-	-	-	-
14	.	-	-	-	-

0	ایده‌ی	-	-	-	-
1	زبان‌های	-	-	-	-
2	برنامه‌نویسی	-	-	-	-
3	مستقل	-	-	-	-
4	از	-	-	-	-
5	ماشین	-	-	-	-
6	از	-	-	-	-
7	ذهن	-	-	-	-
8	این	-	-	-	-
9	دانشمند	-	-	-	-
10	زاده	-	-	-	-
11	شد	-	-	-	-
12	و	-	-	-	-
13	بعد‌ها	-	-	-	-
14	به	-	-	-	-
15	خلق	-	-	-	-
16	زبان	-	-	-	-
17	برنامه	-	-	-	-
18	‌نویسی	-	-	-	-
19	کوبول	-	-	-	-
20	انجامید	-	-	-	-
21	.	-	-	-	-

0	هاپر	-	-	-	-
1	علاقه‌ی	-	-	-	-
2	زیادی	-	-	-	-
3	نیز	-	-	-	-
4	به	-	-	-	-
5	ارتش	-	-	-	-
6	داشت	-	-	-	-
7	و	-	-	-	-
8	در	-	-	-	-
9	دوران	-	-	-	-
10	جنگ	-	-	-	-
11	جهانی	-	-	-	-
12	دوم	-	-	-	-
13	برای	-	-	-	-
14	ملحق	-	-	-	-
15	شدن	-	-	-	-
16	به	-	-	-	-
17	ارتش	-	-	-	-
18	آمریکا	-	-	-	-
19	پیش‌قدم	-	-	-	-
20	شد	-	-	-	-
21	.	-	-	-	-

0	البته	-	-	-	-
1	او	-	-	-	-
2	در‌ابتدا	-	-	-	-
3	از‌پیوستن	-	-	-	-
4	به	-	-	-	-
5	ارتش	-	-	-	-
6	منع‌شده	-	-	-	-
7	اما	-	-	-	-
8	در	-	-	-	-
9	لیست	-	-	-	-
10	نیروهای	-	-	-	-
11	رزرو	-	-	-	-
12	قرار	-	-	-	-
13	گرفت	-	-	-	-
14	.	-	-	-	-

0	این	-	-	-	-
1	بانوی	-	-	-	-
2	دانشمند	-	-	-	-
3	در	-	-	-	-
4	توسعه‌ی	-	-	-	-
5	کامپیوتر	-	-	-	-
6	UNIVAC	-	-	-	-
7	I	-	-	-	-
8	نیز	-	-	-	-
9	نقش	-	-	-	-
10	داشته‌است	-	-	-	-
11	.	-	-	-	-

0	تلاش‌های	-	-	-	-
1	هاپر	-	-	-	-
2	برای	-	-	-	-
3	توسعه‌ی	-	-	-	-
4	کامپایلر	-	-	-	-
5	در	-	-	-	-
6	جهت	-	-	-	-
7	این	-	-	-	-
8	ایده	-	-	-	-
9	بود	-	-	-	-
10	که	-	-	-	-
11	می‌توان	-	-	-	-
12	به	-	-	-	-
13	زبان	-	-	-	-
14	انگلیسی	-	-	-	-
15	با	-	-	-	-
16	کامپیوترها	-	-	-	-
17	صحبت	-	-	-	-
18	کرد	-	-	-	-
19	.	-	-	-	-

0	دستاوردهای	-	-	-	-
1	گریس	-	-	-	-
2	هاپر	-	-	-	-
3	و	-	-	-	-
4	فعالیت	-	-	-	-
5	او	-	-	-	-
6	در	-	-	-	-
7	ارتش	-	-	-	-
8	باعث	-	-	-	-
9	شده	-	-	-	-
10	تا	-	-	-	-
11	القاب	-	-	-	-
12	متنوعی	-	-	-	-
13	از	-	-	-	-
14	ملکه‌ی	-	-	-	-
15	برنامه‌	-	-	-	-
16	نویسی	-	-	-	-
17	تا	-	-	-	-
18	گریس	-	-	-	-
19	شگفت‌انگیز	-	-	-	-
20	به	-	-	-	-
21	او	-	-	-	-
22	داده‌شود	-	-	-	-
23	.	-	-	-	-

0	برخی	-	-	-	-
1	از	-	-	-	-
2	موشک‌ها	-	-	-	-
3	و	-	-	-	-
4	ابر‌کامپیوتر‌های	-	-	-	-
5	آمریکایی	-	-	-	-
6	نیز	-	-	-	-
7	به	-	-	-	-
8	نام	-	-	-	-
9	این	-	-	-	-
10	دانشمند	-	-	-	-
11	ثبت‌شده‌اند	-	-	-	-
12	.	-	-	-	-

0	هاپر	-	-	-	-
1	در	-	-	-	-
2	طول	-	-	-	-
3	مدت	-	-	-	-
4	زندگی	-	-	-	-
5	۴۰	-	-	-	-
6	جایزه	-	-	-	-
7	و	-	-	-	-
8	درجه‌ی	-	-	-	-
9	افتخاری	-	-	-	-
10	متنوع	-	-	-	-
11	دریافت	-	-	-	-
12	کرد	-	-	-	-
13	.	-	-	-	-

0	حتی	-	-	-	-
1	پس‌از	-	-	-	-
2	مرگ	-	-	-	-
3	هاپر	-	-	-	-
4	نیز	-	-	-	-
5	جایزه‌هایی	-	-	-	-
6	به	-	-	-	-
7	او	-	-	-	-
8	اهدا	-	-	-	-
9	شد	-	-	-	-
10	که	-	-	-	-
11	از	-	-	-	-
12	این	-	-	-	-
13	میان	-	-	-	-
14	می‌توان	-	-	-	-
15	مدال	-	-	-	-
16	آزادی	-	-	-	-
17	سال	-	-	-	-
18	۲۰۱۶	-	-	-	-
19	آمریکا	-	-	-	-
20	را	-	-	-	-
21	نام	-	-	-	-
22	برد	-	-	-	-
23	.	-	-	-	-

0	تعدادروزهایسالسیصدوشصتوپنجروزمیباشد	-	-	-	-
1	.	-	-	-	-

0	رومینادخترخیلیگلیاست	-	-	-	-
1	.	-	-	-	-

0	ایده‌یزبان‌هایبرنامه‌نویسیمستقلازماشینازذهنایندانشمندزادهشدوبعدهابهخلقزبانبرنامه‌نویسیکوبولانجامید	-	-	-	-
1	.	-	-	-	-

0	تابشفرودیبهنوسانواداشتهشده‌اند	-	-	-	-
1	.	-	-	-	-

0	کشفاثرفوتوالکتریکباکارهاینریشهرتزدرسال	-	-	-	-
1	۱۸۸۷	-	-	-	-
2	آغازشد	-	-	-	-
3	.	-	-	-	-

0	متن	-	-	-	-
1	۲۰۰۰	-	-	-	-
2	کلمه‌ای	-	-	-	-
3	برای	-	-	-	-
4	تست	-	-	-	-
5	-	-	-	-	-
6	نازنین	-	-	-	-
7	کریمی	-	-	-	-
8	مقدم	-	-	-	-
9	۹۷۴۴۳۳۰۳	-	-	-	-
10	دارم	-	-	-	-
11	این	-	-	-	-
12	متن	-	-	-	-
13	را	-	-	-	-
14	تحت	-	-	-	-
15	فشار	-	-	-	-
16	عصبی	-	-	-	-
17	شدیدی	-	-	-	-
18	مینویسم	-	-	-	-
19	،	-	-	-	-
20	چرا	-	-	-	-
21	که	-	-	-	-
22	پس‌از	-	-	-	-
23	امشب	-	-	-	-
24	دیگر	-	-	-	-
25	وجود	-	-	-	-
26	نخواهم‌داشت	-	-	-	-
27	.	-	-	-	-

0	تحمل	-	-	-	-
1	این	-	-	-	-
2	شکنجه	-	-	-	-
3	بدون	-	-	-	-
4	پول	-	-	-	-
5	دیگر	-	-	-	-
6	ممکن	-	-	-	-
7	نیست	-	-	-	-
8	و	-	-	-	-
9	من	-	-	-	-
10	خود	-	-	-	-
11	را	-	-	-	-
12	از	-	-	-	-
13	پنجره‌ی	-	-	-	-
14	این	-	-	-	-
15	،	-	-	-	-
16	و	-	-	-	-
17	ذخیره‌ی	-	-	-	-
18	دارویم	-	-	-	-
19	که	-	-	-	-
20	زندگی	-	-	-	-
21	را	-	-	-	-
22	برایم	-	-	-	-
23	قابل	-	-	-	-
24	تحمل‌تر	-	-	-	-
25	میکرد	-	-	-	-
26	و	-	-	-	-
27	حالا	-	-	-	-
28	ته	-	-	-	-
29	کشیده‌است	-	-	-	-
30	شیروانی	-	-	-	-
31	به	-	-	-	-
32	خیابان	-	-	-	-
33	نکبت‌زده	-	-	-	-
34	خواهم‌انداخت	-	-	-	-
35	.	-	-	-	-

0	از	-	-	-	-
1	اعتیادم	-	-	-	-
2	به	-	-	-	-
3	مورفین	-	-	-	-
4	اینطور	-	-	-	-
5	برداشت	-	-	-	-
6	نکن	-	-	-	-
7	که	-	-	-	-
8	آدم	-	-	-	-
9	ضعیف‌النفس	-	-	-	-
10	یا	-	-	-	-
11	بیماری	-	-	-	-
12	هستم	-	-	-	-
13	.	-	-	-	-

0	پس	-	-	-	-
1	که	-	-	-	-
2	چرا	-	-	-	-
3	چاره‌ای	-	-	-	-
4	جز	-	-	-	-
5	–	-	-	-	-
6	هرچند	-	-	-	-
7	هیچوقت	-	-	-	-
8	حقیقت	-	-	-	-
9	را	-	-	-	-
10	نخواهی‌دانست	-	-	-	-
11	–	-	-	-	-
12	از	-	-	-	-
13	خواندن	-	-	-	-
14	این	-	-	-	-
15	خطوط	-	-	-	-
16	که	-	-	-	-
17	سراسیمه	-	-	-	-
18	نوشته‌ام	-	-	-	-
19	حدس	-	-	-	-
20	خواهی‌زد	-	-	-	-
21	فراموشی	-	-	-	-
22	یا	-	-	-	-
23	مرگ	-	-	-	-
24	ندارم	-	-	-	-
25	.	-	-	-	-

0	در	-	-	-	-
1	یکی	-	-	-	-
2	از	-	-	-	-
3	آزادترین	-	-	-	-
4	و	-	-	-	-
5	کم‌ترددترین	-	-	-	-
6	بخشهای	-	-	-	-
7	اقیانوس	-	-	-	-
8	آرام	-	-	-	-
9	بود	-	-	-	-
10	که	-	-	-	-
11	کشتی‌ای	-	-	-	-
12	که	-	-	-	-
13	من	-	-	-	-
14	مباشرش	-	-	-	-
15	بودم	-	-	-	-
16	گرفتار	-	-	-	-
17	دزدان	-	-	-	-
18	دریایی	-	-	-	-
19	آلمانی	-	-	-	-
20	شد	-	-	-	-
21	.	-	-	-	-

0	جنگ	-	-	-	-
1	بزرگ	-	-	-	-
2	آن‌زمان	-	-	-	-
3	تازه	-	-	-	-
4	در‌آغاز	-	-	-	-
5	راه	-	-	-	-
6	خود	-	-	-	-
7	بود	-	-	-	-
8	و	-	-	-	-
9	نیروی	-	-	-	-
10	دریایی	-	-	-	-
11	هنوز	-	-	-	-
12	چندان	-	-	-	-
13	دچار	-	-	-	-
14	آن	-	-	-	-
15	وحشیگری	-	-	-	-
16	و	-	-	-	-
17	فساد	-	-	-	-
18	نشده‌بود	-	-	-	-
19	،	-	-	-	-
20	به‌همین	-	-	-	-
21	دلیل	-	-	-	-
22	با	-	-	-	-
23	این	-	-	-	-
24	که	-	-	-	-
25	کشتی	-	-	-	-
26	ما	-	-	-	-
27	بدل	-	-	-	-
28	به	-	-	-	-
29	طعمه‌ی	-	-	-	-
30	لذیذی	-	-	-	-
31	برای	-	-	-	-
32	آنها	-	-	-	-
33	شد	-	-	-	-
34	،	-	-	-	-
35	اما	-	-	-	-
36	با	-	-	-	-
37	ما	-	-	-	-
38	افسران	-	-	-	-
39	کشتی	-	-	-	-
40	که	-	-	-	-
41	حالا	-	-	-	-
42	زندانیان	-	-	-	-
43	دریایی	-	-	-	-
44	بودیم	-	-	-	-
45	با	-	-	-	-
46	ملاطفت	-	-	-	-
47	رفتار	-	-	-	-
48	شد	-	-	-	-
49	.	-	-	-	-

0	در	-	-	-	-
1	حقیقت	-	-	-	-
2	آنها	-	-	-	-
3	ما	-	-	-	-
4	را	-	-	-	-
5	چنان	-	-	-	-
6	آزاد	-	-	-	-
7	گذاشته‌بودند	-	-	-	-
8	که	-	-	-	-
9	پنج	-	-	-	-
10	روز	-	-	-	-
11	پس‌از	-	-	-	-
12	زندانی	-	-	-	-
13	شدنمان	-	-	-	-
14	توانستم	-	-	-	-
15	یک	-	-	-	-
16	قایق	-	-	-	-
17	کوچک	-	-	-	-
18	و	-	-	-	-
19	آب	-	-	-	-
20	و	-	-	-	-
21	غذای	-	-	-	-
22	چندین	-	-	-	-
23	روزم	-	-	-	-
24	را	-	-	-	-
25	برداشته	-	-	-	-
26	و	-	-	-	-
27	فرار	-	-	-	-
28	کنم	-	-	-	-
29	.	-	-	-	-

0	پس‌از	-	-	-	-
1	آن	-	-	-	-
2	که	-	-	-	-
3	خودم	-	-	-	-
4	را	-	-	-	-
5	تنها	-	-	-	-
6	و	-	-	-	-
7	رها	-	-	-	-
8	یافتم	-	-	-	-
9	،	-	-	-	-
10	هیچ	-	-	-	-
11	از	-	-	-	-
12	مکان	-	-	-	-
13	و	-	-	-	-
14	پیرامونم‌نمیدانستم	-	-	-	-
15	.	-	-	-	-

0	هیچوقت	-	-	-	-
1	مسیریاب	-	-	-	-
2	قابلی	-	-	-	-
3	نبودم	-	-	-	-
4	و	-	-	-	-
5	فقط	-	-	-	-
6	با‌کمک	-	-	-	-
7	خورشید	-	-	-	-
8	و	-	-	-	-
9	ستاره‌ها	-	-	-	-
10	،	-	-	-	-
11	آن‌هم	-	-	-	-
12	به‌دشواری	-	-	-	-
13	،	-	-	-	-
14	متوجه	-	-	-	-
15	شدم	-	-	-	-
16	احتمالا	-	-	-	-
17	پایینتر	-	-	-	-
18	از	-	-	-	-
19	نصف‌النهار	-	-	-	-
20	هستم	-	-	-	-
21	.	-	-	-	-

0	از	-	-	-	-
1	طول	-	-	-	-
2	جغرافیایی	-	-	-	-
3	مکان	-	-	-	-
4	خود	-	-	-	-
5	هیچ	-	-	-	-
6	اطلاعی	-	-	-	-
7	نداشتم	-	-	-	-
8	و	-	-	-	-
9	تا	-	-	-	-
10	دوردستها	-	-	-	-
11	جزیره	-	-	-	-
12	و	-	-	-	-
13	ساحلی	-	-	-	-
14	به	-	-	-	-
15	چشم	-	-	-	-
16	نمی‌آمد	-	-	-	-
17	.	-	-	-	-

0	هوا	-	-	-	-
1	آرام	-	-	-	-
2	بود	-	-	-	-
3	و	-	-	-	-
4	من	-	-	-	-
5	روزهای	-	-	-	-
6	بسیار	-	-	-	-
7	که	-	-	-	-
8	شمارش	-	-	-	-
9	از‌دستانم	-	-	-	-
10	خارج	-	-	-	-
11	است	-	-	-	-
12	،	-	-	-	-
13	زیر	-	-	-	-
14	خورشید	-	-	-	-
15	سوزان	-	-	-	-
16	سرگردان	-	-	-	-
17	بودم	-	-	-	-
18	؛	-	-	-	-
19	در	-	-	-	-
20	انتظار	-	-	-	-
21	کشتی‌ای	-	-	-	-
22	که	-	-	-	-
23	از	-	-	-	-
24	مجاورتم	-	-	-	-
25	عبور	-	-	-	-
26	کند	-	-	-	-
27	یا	-	-	-	-
28	جزیرهای	-	-	-	-
29	که	-	-	-	-
30	قابل	-	-	-	-
31	سکونت	-	-	-	-
32	باشد	-	-	-	-
33	.	-	-	-	-

0	اما	-	-	-	-
1	نه	-	-	-	-
2	از	-	-	-	-
3	کشتی	-	-	-	-
4	و	-	-	-	-
5	نه	-	-	-	-
6	از	-	-	-	-
7	جزیره	-	-	-	-
8	خبری	-	-	-	-
9	نشد	-	-	-	-
10	و	-	-	-	-
11	در	-	-	-	-
12	سنگینی	-	-	-	-
13	آن	-	-	-	-
14	آبی‌بی‌انتها	-	-	-	-
15	،	-	-	-	-
16	ناامیدی	-	-	-	-
17	در	-	-	-	-
18	تنهایی‌ام	-	-	-	-
19	ریشه	-	-	-	-
20	دواند	-	-	-	-
21	.	-	-	-	-

0	تغییر	-	-	-	-
1	،	-	-	-	-
2	زمانی‌که	-	-	-	-
3	در	-	-	-	-
4	خواب	-	-	-	-
5	بودم	-	-	-	-
6	رخ	-	-	-	-
7	داد	-	-	-	-
8	.	-	-	-	-

0	جزئیاتش	-	-	-	-
1	را	-	-	-	-
2	هیچوقت	-	-	-	-
3	نخواهم‌دانست	-	-	-	-
4	،	-	-	-	-
5	زیرا	-	-	-	-
6	خوابم	-	-	-	-
7	،	-	-	-	-
8	هرچند	-	-	-	-
9	آشفته	-	-	-	-
10	و	-	-	-	-
11	آلوده	-	-	-	-
12	به	-	-	-	-
13	رویا	-	-	-	-
14	،	-	-	-	-
15	پیوسته‌بود	-	-	-	-
16	.	-	-	-	-

0	زمانی‌که	-	-	-	-
1	بالآخره	-	-	-	-
2	بیدار	-	-	-	-
3	شدم	-	-	-	-
4	،	-	-	-	-
5	خود	-	-	-	-
6	را	-	-	-	-
7	تا	-	-	-	-
8	کمر	-	-	-	-
9	فرو	-	-	-	-
10	رفته	-	-	-	-
11	در	-	-	-	-
12	توده‌ای	-	-	-	-
13	لزج	-	-	-	-
14	از	-	-	-	-
15	لجنی	-	-	-	-
16	جهنمی	-	-	-	-
17	و	-	-	-	-
18	سیاهرنگ	-	-	-	-
19	یافتم	-	-	-	-
20	که	-	-	-	-
21	زمین	-	-	-	-
22	اطرافم	-	-	-	-
23	را	-	-	-	-
24	تا	-	-	-	-
25	چشم	-	-	-	-
26	کار	-	-	-	-
27	میکرد	-	-	-	-
28	پوشانده‌بود	-	-	-	-
29	.	-	-	-	-

0	قایقم	-	-	-	-
1	هم	-	-	-	-
2	کمی	-	-	-	-
3	آن‌طرفتر	-	-	-	-
4	،	-	-	-	-
5	در	-	-	-	-
6	همین	-	-	-	-
7	لجن	-	-	-	-
8	به	-	-	-	-
9	زمین	-	-	-	-
10	نشسته‌بود	-	-	-	-
11	.	-	-	-	-

0	خواننده‌ی	-	-	-	-
1	این	-	-	-	-
2	متن	-	-	-	-
3	شاید	-	-	-	-
4	گمان	-	-	-	-
5	ببرد	-	-	-	-
6	که	-	-	-	-
7	نخستین	-	-	-	-
8	واکنش	-	-	-	-
9	من	-	-	-	-
10	باید	-	-	-	-
11	متحیر	-	-	-	-
12	شدن	-	-	-	-
13	از	-	-	-	-
14	این	-	-	-	-
15	تغییر	-	-	-	-
16	عظیم	-	-	-	-
17	و	-	-	-	-
18	نامنتظره‌ی	-	-	-	-
19	محیط	-	-	-	-
20	پیرامونم	-	-	-	-
21	باشد	-	-	-	-
22	،	-	-	-	-
23	اما	-	-	-	-
24	در	-	-	-	-
25	حقیقت	-	-	-	-
26	من	-	-	-	-
27	بیش‌از	-	-	-	-
28	آنکه	-	-	-	-
29	شگفت‌زده	-	-	-	-
30	باشم	-	-	-	-
31	،	-	-	-	-
32	ترسیده‌بودم	-	-	-	-
33	؛	-	-	-	-
34	چرا	-	-	-	-
35	که	-	-	-	-
36	در	-	-	-	-
37	آن	-	-	-	-
38	هوا	-	-	-	-
39	و	-	-	-	-
40	خاک	-	-	-	-
41	فاسد	-	-	-	-
42	چنان	-	-	-	-
43	حالت	-	-	-	-
44	مخوفی	-	-	-	-
45	وجود	-	-	-	-
46	داشت	-	-	-	-
47	که	-	-	-	-
48	تا	-	-	-	-
49	عمق	-	-	-	-
50	وجودم	-	-	-	-
51	را	-	-	-	-
52	میلرزاند	-	-	-	-
53	.	-	-	-	-

0	زمین	-	-	-	-
1	پوشیده‌بود	-	-	-	-
2	از	-	-	-	-
3	لاشه‌ی	-	-	-	-
4	درحال	-	-	-	-
5	فساد	-	-	-	-
6	ماهیها	-	-	-	-
7	و	-	-	-	-
8	چیزهای	-	-	-	-
9	وصف‌ناپذیر	-	-	-	-
10	دیگری	-	-	-	-
11	که	-	-	-	-
12	از	-	-	-	-
13	میان	-	-	-	-
14	گل‌ولای	-	-	-	-
15	کریه	-	-	-	-
16	آن	-	-	-	-
17	دشت	-	-	-	-
18	بی‌انتها	-	-	-	-
19	سر	-	-	-	-
20	بیرون	-	-	-	-
21	آورده‌بودند	-	-	-	-
22	.	-	-	-	-

0	نباید	-	-	-	-
1	امید	-	-	-	-
2	داشته‌باشم	-	-	-	-
3	که	-	-	-	-
4	بتوانم	-	-	-	-
5	آن	-	-	-	-
6	مخافت	-	-	-	-
7	هولناکی	-	-	-	-
8	که	-	-	-	-
9	در	-	-	-	-
10	سکوت	-	-	-	-
11	محض	-	-	-	-
12	جای	-	-	-	-
13	گرفته‌بود	-	-	-	-
14	را	-	-	-	-
15	به	-	-	-	-
16	قالب	-	-	-	-
17	کلمات	-	-	-	-
18	در	-	-	-	-
19	بیاورم	-	-	-	-
20	.	-	-	-	-

0	کمترین	-	-	-	-
1	صدایی	-	-	-	-
2	به	-	-	-	-
3	گوش	-	-	-	-
4	نمی‌رسید	-	-	-	-
5	و	-	-	-	-
6	هیچ‌چیز	-	-	-	-
7	به	-	-	-	-
8	چشم	-	-	-	-
9	نمی‌آمد	-	-	-	-
10	،	-	-	-	-
11	مگر	-	-	-	-
12	محدودهای	-	-	-	-
13	وسیع	-	-	-	-
14	از	-	-	-	-
15	لجنی	-	-	-	-
16	سیاهرنگ	-	-	-	-
17	.	-	-	-	-

0	اما	-	-	-	-
1	آن	-	-	-	-
2	حد	-	-	-	-
3	از	-	-	-	-
4	سکوت	-	-	-	-
5	و	-	-	-	-
6	سکون	-	-	-	-
7	و	-	-	-	-
8	یکنواختی	-	-	-	-
9	منظره	-	-	-	-
10	،	-	-	-	-
11	مرا	-	-	-	-
12	دچار	-	-	-	-
13	ترسی	-	-	-	-
14	تهوع‌آور	-	-	-	-
15	می‌کرد	-	-	-	-
16	.	-	-	-	-

0	خورشید	-	-	-	-
1	در	-	-	-	-
2	میان	-	-	-	-
3	آسمانی	-	-	-	-
4	وحشی	-	-	-	-
5	و	-	-	-	-
6	بی‌ابر	-	-	-	-
7	می‌تابید	-	-	-	-
8	که	-	-	-	-
9	به	-	-	-	-
10	دید	-	-	-	-
11	من	-	-	-	-
12	،	-	-	-	-
13	انگار	-	-	-	-
14	سیاه	-	-	-	-
15	بود	-	-	-	-
16	.	-	-	-	-

0	انگار	-	-	-	-
1	که	-	-	-	-
2	تصویر	-	-	-	-
3	گل‌ولای	-	-	-	-
4	جوهرمانند	-	-	-	-
5	زیر	-	-	-	-
6	پاهایم	-	-	-	-
7	،	-	-	-	-
8	در	-	-	-	-
9	آسمان	-	-	-	-
10	منعکس‌شده	-	-	-	-
11	بود	-	-	-	-
12	.	-	-	-	-

0	هنگامی‌که	-	-	-	-
1	خودم	-	-	-	-
2	را	-	-	-	-
3	افتان	-	-	-	-
4	و	-	-	-	-
5	خیزان	-	-	-	-
6	به	-	-	-	-
7	قایق	-	-	-	-
8	رساندم	-	-	-	-
9	،	-	-	-	-
10	دریافتم	-	-	-	-
11	که	-	-	-	-
12	تنها	-	-	-	-
13	یک	-	-	-	-
14	نظریه	-	-	-	-
15	برای	-	-	-	-
16	توجیه	-	-	-	-
17	وضعیتم	-	-	-	-
18	وجود	-	-	-	-
19	دارد	-	-	-	-
20	.	-	-	-	-

0	طی	-	-	-	-
1	یک	-	-	-	-
2	فوران	-	-	-	-
3	نادر	-	-	-	-
4	آتشفشانی	-	-	-	-
5	،	-	-	-	-
6	تکه‌ای	-	-	-	-
7	از	-	-	-	-
8	کف	-	-	-	-
9	اقیانوس	-	-	-	-
10	بالا	-	-	-	-
11	آمده‌بود	-	-	-	-
12	و	-	-	-	-
13	زمین‌هایی	-	-	-	-
14	را	-	-	-	-
15	آشکار	-	-	-	-
16	کرده‌بود	-	-	-	-
17	که	-	-	-	-
18	میلیونها	-	-	-	-
19	سال	-	-	-	-
20	در	-	-	-	-
21	اعماق	-	-	-	-
22	دست‌نیافتنی	-	-	-	-
23	آبها	-	-	-	-
24	پنهان	-	-	-	-
25	مانده‌بودند	-	-	-	-
26	.	-	-	-	-

0	زمینی	-	-	-	-
1	که	-	-	-	-
2	در	-	-	-	-
3	زیر	-	-	-	-
4	من	-	-	-	-
5	بالا	-	-	-	-
6	آمده‌بود	-	-	-	-
7	چنان	-	-	-	-
8	وسیع	-	-	-	-
9	بود	-	-	-	-
10	که	-	-	-	-
11	هرچقدر	-	-	-	-
12	گوشهایم	-	-	-	-
13	را	-	-	-	-
14	تیز	-	-	-	-
15	می‌کردم	-	-	-	-
16	،	-	-	-	-
17	کمترین	-	-	-	-
18	صدایی	-	-	-	-
19	از	-	-	-	-
20	تلاطم	-	-	-	-
21	اقیانوس	-	-	-	-
22	به	-	-	-	-
23	گوشم	-	-	-	-
24	نمی‌رسید	-	-	-	-
25	.	-	-	-	-

0	حتا	-	-	-	-
1	مرغان	-	-	-	-
2	دریایی	-	-	-	-
3	برای	-	-	-	-
4	ارتزاق	-	-	-	-
5	از	-	-	-	-
6	ماهیان	-	-	-	-
7	مرده	-	-	-	-
8	نیامده	-	-	-	-
9	بودند	-	-	-	-
10	.	-	-	-	-

0	ساعتها	-	-	-	-
1	در	-	-	-	-
2	قایق	-	-	-	-
3	که	-	-	-	-
4	به	-	-	-	-
5	یکسو	-	-	-	-
6	افتاده	-	-	-	-
7	و	-	-	-	-
8	سرپناه	-	-	-	-
9	مختصری	-	-	-	-
10	در‌برابر	-	-	-	-
11	آفتاب	-	-	-	-
12	ارائه	-	-	-	-
13	کرده‌بود	-	-	-	-
14	غرق	-	-	-	-
15	در	-	-	-	-
16	فکر	-	-	-	-
17	و	-	-	-	-
18	اندیشه	-	-	-	-
19	نشستم	-	-	-	-
20	.	-	-	-	-

0	کمی	-	-	-	-
1	که	-	-	-	-
2	از	-	-	-	-
3	روز	-	-	-	-
4	گذشت	-	-	-	-
5	،	-	-	-	-
6	زمین	-	-	-	-
7	چسبندگی	-	-	-	-
8	خود	-	-	-	-
9	را	-	-	-	-
10	از‌دست	-	-	-	-
11	داد	-	-	-	-
12	و	-	-	-	-
13	به‌نظر	-	-	-	-
14	کمی	-	-	-	-
15	دیگر	-	-	-	-
16	آماده‌ی	-	-	-	-
17	قدم‌زدن	-	-	-	-
18	میشد	-	-	-	-
19	.	-	-	-	-

0	آن	-	-	-	-
1	شب	-	-	-	-
2	زمان	-	-	-	-
3	زیادی	-	-	-	-
4	نخوابیدم	-	-	-	-
5	،	-	-	-	-
6	و	-	-	-	-
7	فردا	-	-	-	-
8	برای	-	-	-	-
9	خودم	-	-	-	-
10	بسته‌ای	-	-	-	-
11	شامل	-	-	-	-
12	آب	-	-	-	-
13	و	-	-	-	-
14	غذا	-	-	-	-
15	فراهم	-	-	-	-
16	کردم	-	-	-	-
17	؛	-	-	-	-
18	توشه‌ای	-	-	-	-
19	برای	-	-	-	-
20	یک	-	-	-	-
21	سفر	-	-	-	-
22	زمینی	-	-	-	-
23	در	-	-	-	-
24	جستجوی	-	-	-	-
25	دریایی	-	-	-	-
26	که	-	-	-	-
27	ناپدید‌شده	-	-	-	-
28	بود	-	-	-	-
29	و	-	-	-	-
30	احتمالا	-	-	-	-
31	راهی	-	-	-	-
32	برای	-	-	-	-
33	نجات	-	-	-	-
34	.	-	-	-	-

0	روز	-	-	-	-
1	سوم	-	-	-	-
2	،	-	-	-	-
3	زمین	-	-	-	-
4	را	-	-	-	-
5	خشک	-	-	-	-
6	یافتم	-	-	-	-
7	،	-	-	-	-
8	طوری	-	-	-	-
9	که	-	-	-	-
10	میشد	-	-	-	-
11	رویش	-	-	-	-
12	بی‌دردسر	-	-	-	-
13	قدم	-	-	-	-
14	برداشت	-	-	-	-
15	.	-	-	-	-

0	بوی	-	-	-	-
1	فساد	-	-	-	-
2	ماهی‌ها	-	-	-	-
3	جنون	-	-	-	-
4	آور	-	-	-	-
5	بود	-	-	-	-
6	؛	-	-	-	-
7	اما	-	-	-	-
8	ذهنم	-	-	-	-
9	درگیر	-	-	-	-
10	موضوعاتی	-	-	-	-
11	چنان	-	-	-	-
12	حیاتی	-	-	-	-
13	بود	-	-	-	-
14	که	-	-	-	-
15	چنین	-	-	-	-
16	آزار	-	-	-	-
17	مختصری	-	-	-	-
18	را	-	-	-	-
19	نادیده	-	-	-	-
20	می‌گرفت	-	-	-	-
21	،	-	-	-	-
22	و	-	-	-	-
23	من	-	-	-	-
24	جسورانه	-	-	-	-
25	در	-	-	-	-
26	پی	-	-	-	-
27	هدفی	-	-	-	-
28	نامعلوم	-	-	-	-
29	سفرم	-	-	-	-
30	را	-	-	-	-
31	آغاز	-	-	-	-
32	کردم	-	-	-	-
33	.	-	-	-	-

0	تمام	-	-	-	-
1	روز	-	-	-	-
2	را	-	-	-	-
3	مصمم	-	-	-	-
4	به	-	-	-	-
5	سمت	-	-	-	-
6	غرب	-	-	-	-
7	رفتم	-	-	-	-
8	،	-	-	-	-
9	به	-	-	-	-
10	سوی	-	-	-	-
11	تپه‌ای	-	-	-	-
12	در	-	-	-	-
13	دوردست	-	-	-	-
14	که	-	-	-	-
15	مرتفع‌تر	-	-	-	-
16	از	-	-	-	-
17	هر	-	-	-	-
18	بلندی	-	-	-	-
19	دیگری	-	-	-	-
20	بود	-	-	-	-
21	.	-	-	-	-

0	شب	-	-	-	-
1	را	-	-	-	-
2	در	-	-	-	-
3	جایی	-	-	-	-
4	مستقر	-	-	-	-
5	شدم	-	-	-	-
6	و	-	-	-	-
7	روز	-	-	-	-
8	بعد	-	-	-	-
9	دوباره‌به	-	-	-	-
10	سوی	-	-	-	-
11	تپه	-	-	-	-
12	حرکت	-	-	-	-
13	کردم	-	-	-	-
14	،	-	-	-	-
15	هرچند	-	-	-	-
16	که	-	-	-	-
17	چندان	-	-	-	-
18	بزرگتر	-	-	-	-
19	از	-	-	-	-
20	وقتی‌که	-	-	-	-
21	نخستین‌بار	-	-	-	-
22	دیده	-	-	-	-
23	بودمش	-	-	-	-
24	به‌نظر	-	-	-	-
25	نمی‌آمد	-	-	-	-
26	.	-	-	-	-

0	عصر	-	-	-	-
1	روز	-	-	-	-
2	چهارم	-	-	-	-
3	به	-	-	-	-
4	دامنه‌ی	-	-	-	-
5	تپه	-	-	-	-
6	رسیدم	-	-	-	-
7	،	-	-	-	-
8	که	-	-	-	-
9	حالا	-	-	-	-
10	بسیار	-	-	-	-
11	بزرگتر	-	-	-	-
12	از	-	-	-	-
13	قبل	-	-	-	-
14	به‌نظر	-	-	-	-
15	می‌رسید	-	-	-	-
16	.	-	-	-	-

0	تپه	-	-	-	-
1	در	-	-	-	-
2	مجاورت	-	-	-	-
3	دره‌ای	-	-	-	-
4	بود	-	-	-	-
5	و	-	-	-	-
6	این	-	-	-	-
7	باعث	-	-	-	-
8	می‌شد	-	-	-	-
9	دامنه‌ی	-	-	-	-
10	پرشیبی	-	-	-	-
11	داشته‌باشد	-	-	-	-
12	.	-	-	-	-

0	خسته‌تر	-	-	-	-
1	از	-	-	-	-
2	آن	-	-	-	-
3	بودم	-	-	-	-
4	که	-	-	-	-
5	بالا	-	-	-	-
6	بروم	-	-	-	-
7	،	-	-	-	-
8	پس	-	-	-	-
9	در	-	-	-	-
10	سایه‌ی	-	-	-	-
11	تپه	-	-	-	-
12	به	-	-	-	-
13	خواب	-	-	-	-
14	رفتم	-	-	-	-
15	.	-	-	-	-

0	نمیدانم	-	-	-	-
1	رویاهای	-	-	-	-
2	آن	-	-	-	-
3	شبم	-	-	-	-
4	چرا	-	-	-	-
5	آنچنان	-	-	-	-
6	دیوانه‌وار	-	-	-	-
7	بودند	-	-	-	-
8	.	-	-	-	-

0	اما	-	-	-	-
1	پیش‌از	-	-	-	-
2	آنکه	-	-	-	-
3	ماه	-	-	-	-
4	از	-	-	-	-
5	نیمه	-	-	-	-
6	گذشته	-	-	-	-
7	که	-	-	-	-
8	رو	-	-	-	-
9	به	-	-	-	-
10	نازکی	-	-	-	-
11	می‌رفت	-	-	-	-
12	بر	-	-	-	-
13	فراز	-	-	-	-
14	فلات‌های	-	-	-	-
15	شرق	-	-	-	-
16	نمایان	-	-	-	-
17	شود	-	-	-	-
18	،	-	-	-	-
19	من	-	-	-	-
20	بیدار	-	-	-	-
21	و	-	-	-	-
22	خیس	-	-	-	-
23	از	-	-	-	-
24	عرق	-	-	-	-
25	سرد	-	-	-	-
26	بودم	-	-	-	-
27	و	-	-	-	-
28	دیگر	-	-	-	-
29	قصد	-	-	-	-
30	خوابیدن	-	-	-	-
31	نداشتم	-	-	-	-
32	.	-	-	-	-

0	مشاهده‌ی	-	-	-	-
1	دوباره‌ی	-	-	-	-
2	تصاویری	-	-	-	-
3	که	-	-	-	-
4	به	-	-	-	-
5	خواب	-	-	-	-
6	دیده‌بودم	-	-	-	-
7	،	-	-	-	-
8	از	-	-	-	-
9	تحملم	-	-	-	-
10	خارج	-	-	-	-
11	بود	-	-	-	-
12	.	-	-	-	-

0	و	-	-	-	-
1	در	-	-	-	-
2	تلألو	-	-	-	-
3	ماه	-	-	-	-
4	دریافتم	-	-	-	-
5	که	-	-	-	-
6	سفر	-	-	-	-
7	کردن	-	-	-	-
8	در	-	-	-	-
9	روز	-	-	-	-
10	چه	-	-	-	-
11	انتخاب	-	-	-	-
12	نابخردانه‌ای	-	-	-	-
13	بوده‌است	-	-	-	-
14	.	-	-	-	-

0	سفرم	-	-	-	-
1	بی	-	-	-	-
2	حضور	-	-	-	-
3	تابش	-	-	-	-
4	سوزان	-	-	-	-
5	خورشید	-	-	-	-
6	توان	-	-	-	-
7	کمتری	-	-	-	-
8	از	-	-	-	-
9	من	-	-	-	-
10	می‌گرفت	-	-	-	-
11	.	-	-	-	-

0	در	-	-	-	-
1	حقیقت	-	-	-	-
2	،	-	-	-	-
3	حالا	-	-	-	-
4	حس	-	-	-	-
5	می‌کردم	-	-	-	-
6	توان	-	-	-	-
7	به	-	-	-	-
8	انجام	-	-	-	-
9	رساندن	-	-	-	-
10	صعودی	-	-	-	-
11	که	-	-	-	-
12	پیشتر	-	-	-	-
13	هنگام	-	-	-	-
14	روز	-	-	-	-
15	از	-	-	-	-
16	آن	-	-	-	-
17	منصرف	-	-	-	-
18	شده‌بودم	-	-	-	-
19	را	-	-	-	-
20	داشتم	-	-	-	-
21	.	-	-	-	-

0	بسته‌ام	-	-	-	-
1	را	-	-	-	-
2	برداشتم	-	-	-	-
3	و	-	-	-	-
4	به	-	-	-	-
5	سوی	-	-	-	-
6	سینه‌ی	-	-	-	-
7	تپه	-	-	-	-
8	به	-	-	-	-
9	راه	-	-	-	-
10	افتادم	-	-	-	-
11	.	-	-	-	-

0	پیشتر	-	-	-	-
1	گفتم	-	-	-	-
2	که	-	-	-	-
3	یکنواختی	-	-	-	-
4	تزلزل‌ناپذیر	-	-	-	-
5	محیط	-	-	-	-
6	پیرامونم	-	-	-	-
7	برای	-	-	-	-
8	من	-	-	-	-
9	به	-	-	-	-
10	نوعی	-	-	-	-
11	هراس‌آور	-	-	-	-
12	بود	-	-	-	-
13	؛	-	-	-	-
14	اما	-	-	-	-
15	احساس	-	-	-	-
16	میکنم	-	-	-	-
17	زمانی‌که	-	-	-	-
18	به	-	-	-	-
19	قله‌ی	-	-	-	-
20	تپه	-	-	-	-
21	رسیدم	-	-	-	-
22	و	-	-	-	-
23	به	-	-	-	-
24	سوی	-	-	-	-
25	دیگرش	-	-	-	-
26	نگاه	-	-	-	-
27	انداخته	-	-	-	-
28	و	-	-	-	-
29	دره	-	-	-	-
30	یا	-	-	-	-
31	گسلی	-	-	-	-
32	بی‌اندازه	-	-	-	-
33	عمیق	-	-	-	-
34	را	-	-	-	-
35	دیدم	-	-	-	-
36	که	-	-	-	-
37	ماه	-	-	-	-
38	هنوز	-	-	-	-
39	آنقدر	-	-	-	-
40	در	-	-	-	-
41	آسمان	-	-	-	-
42	بالا‌نرفته	-	-	-	-
43	بود	-	-	-	-
44	تا	-	-	-	-
45	گوشه‌و‌کنارهای	-	-	-	-
46	تاریکش	-	-	-	-
47	را	-	-	-	-
48	روشن	-	-	-	-
49	کند	-	-	-	-
50	،	-	-	-	-
51	وحشتی	-	-	-	-
52	بسیار	-	-	-	-
53	بیشتر	-	-	-	-
54	را	-	-	-	-
55	متحمل	-	-	-	-
56	شدم	-	-	-	-
57	.	-	-	-	-

0	احساس	-	-	-	-
1	میکردم	-	-	-	-
2	بر	-	-	-	-
3	لبه‌ی	-	-	-	-
4	جهان	-	-	-	-
5	قرار	-	-	-	-
6	دارم	-	-	-	-
7	و	-	-	-	-
8	چشم	-	-	-	-
9	به	-	-	-	-
10	آشوبی	-	-	-	-
11	و	-	-	-	-
12	صعود	-	-	-	-
13	هولناک	-	-	-	-
14	شیطان	-	-	-	-
15	در‌سرزمین‌های	-	-	-	-
16	بی‌انتها	-	-	-	-
17	از	-	-	-	-
18	شبی	-	-	-	-
19	ابدی	-	-	-	-
20	دوخته‌ام	-	-	-	-
21	.	-	-	-	-

0	در	-	-	-	-
1	میانه‌ی	-	-	-	-
2	وحشت	-	-	-	-
3	،	-	-	-	-
4	بخش‌هایی	-	-	-	-
5	از	-	-	-	-
6	بیقواره‌ی	-	-	-	-
7	تاریکی	-	-	-	-
8	به	-	-	-	-
9	یادم	-	-	-	-
10	می‌آمد	-	-	-	-
11	.	-	-	-	-

0	ماه	-	-	-	-
1	که	-	-	-	-
2	در	-	-	-	-
3	آسمان	-	-	-	-
4	بالاتر	-	-	-	-
5	رفت	-	-	-	-
6	،	-	-	-	-
7	دریافتم	-	-	-	-
8	شیب	-	-	-	-
9	تپه	-	-	-	-
10	آنچنان	-	-	-	-
11	هم	-	-	-	-
12	که	-	-	-	-
13	گمان	-	-	-	-
14	برده‌بودم	-	-	-	-
15	تند	-	-	-	-
16	نبود	-	-	-	-
17	.	-	-	-	-

0	لبه‌ها	-	-	-	-
1	و	-	-	-	-
2	زائده‌های	-	-	-	-
3	تخته‌سنگها	-	-	-	-
4	جای	-	-	-	-
5	پای	-	-	-	-
6	نسبتا	-	-	-	-
7	راحتی	-	-	-	-
8	برای	-	-	-	-
9	پایین	-	-	-	-
10	آمدن	-	-	-	-
11	فراهم	-	-	-	-
12	می‌کردند	-	-	-	-
13	؛	-	-	-	-
14	هرچند	-	-	-	-
15	که	-	-	-	-
16	پس‌از	-	-	-	-
17	چندصد	-	-	-	-
18	پا	-	-	-	-
19	پایین	-	-	-	-
20	آمدن	-	-	-	-
21	،	-	-	-	-
22	از	-	-	-	-
23	شیب	-	-	-	-
24	بسیار	-	-	-	-
25	کاسته‌می‌شد	-	-	-	-
26	.	-	-	-	-

0	با	-	-	-	-
1	شوقی	-	-	-	-
2	که	-	-	-	-
3	به	-	-	-	-
4	هیچ	-	-	-	-
5	روی	-	-	-	-
6	دلیلش	-	-	-	-
7	را	-	-	-	-
8	نمی‌فهمیدم	-	-	-	-
9	،	-	-	-	-
10	به‌دشواری	-	-	-	-
11	از	-	-	-	-
12	صخره‌ها	-	-	-	-
13	به	-	-	-	-
14	پایین	-	-	-	-
15	لغزیدم	-	-	-	-
16	و	-	-	-	-
17	روی	-	-	-	-
18	شیب	-	-	-	-
19	ملایم	-	-	-	-
20	آن	-	-	-	-
21	پایین	-	-	-	-
22	ایستادم	-	-	-	-
23	و	-	-	-	-
24	به	-	-	-	-
25	آن	-	-	-	-
26	اعماق	-	-	-	-
27	سراسر	-	-	-	-
28	سیاه	-	-	-	-
29	گسل	-	-	-	-
30	چشم	-	-	-	-
31	دوختم	-	-	-	-
32	که	-	-	-	-
33	هنوز	-	-	-	-
34	نوری	-	-	-	-
35	به	-	-	-	-
36	آنها	-	-	-	-
37	راه	-	-	-	-
38	نیافته‌بود	-	-	-	-
39	.	-	-	-	-

0	ناگهان	-	-	-	-
1	توجهم	-	-	-	-
2	به	-	-	-	-
3	شئی	-	-	-	-
4	یگانه	-	-	-	-
5	و	-	-	-	-
6	وسیع	-	-	-	-
7	جلب	-	-	-	-
8	شد	-	-	-	-
9	که	-	-	-	-
10	بر	-	-	-	-
11	تپه‌ی	-	-	-	-
12	دیگری	-	-	-	-
13	قرار	-	-	-	-
14	داشت	-	-	-	-
15	که	-	-	-	-
16	تقریبا	-	-	-	-
17	صد	-	-	-	-
18	یارد	-	-	-	-
19	جلوتر	-	-	-	-
20	دوباره‌از	-	-	-	-
21	آن‌سوی	-	-	-	-
22	گسل	-	-	-	-
23	سر	-	-	-	-
24	بلند	-	-	-	-
25	می‌کرد	-	-	-	-
26	،	-	-	-	-
27	شئی	-	-	-	-
28	که	-	-	-	-
29	زیر	-	-	-	-
30	نور	-	-	-	-
31	تازه‌رسیده‌ی	-	-	-	-
32	مهتاب	-	-	-	-
33	،	-	-	-	-
34	برق	-	-	-	-
35	سفیدی	-	-	-	-
36	داشت	-	-	-	-
37	.	-	-	-	-

0	این	-	-	-	-
1	که	-	-	-	-
2	آن	-	-	-	-
3	شئ	-	-	-	-
4	در	-	-	-	-
5	حقیقت	-	-	-	-
6	تکه	-	-	-	-
7	سنگی	-	-	-	-
8	غول‌آسا	-	-	-	-
9	بود	-	-	-	-
10	را	-	-	-	-
11	زود	-	-	-	-
12	بر	-	-	-	-
13	نمی‌آمد	-	-	-	-
14	ساخته‌ی	-	-	-	-
15	دست	-	-	-	-
16	طبیعت	-	-	-	-
17	باشد	-	-	-	-
18	.	-	-	-	-

0	به‌نحوی	-	-	-	-
1	آگاه	-	-	-	-
2	بودم	-	-	-	-
3	که	-	-	-	-
4	از	-	-	-	-
5	مکان	-	-	-	-
6	و	-	-	-	-
7	حالتی	-	-	-	-
8	که	-	-	-	-
9	داشت	-	-	-	-
10	انباشته	-	-	-	-
11	از	-	-	-	-
12	احساسی	-	-	-	-
13	کرد	-	-	-	-
14	که	-	-	-	-
15	از	-	-	-	-
16	بیانش	-	-	-	-
17	عاجزم	-	-	-	-
18	؛	-	-	-	-
19	زیرا	-	-	-	-
20	تقریبا	-	-	-	-
21	تردید	-	-	-	-
22	نداشتم	-	-	-	-
23	که	-	-	-	-
24	با‌وجود	-	-	-	-
25	قد	-	-	-	-
26	و	-	-	-	-
27	قواره‌ی	-	-	-	-
28	عظیمش	-	-	-	-
29	و	-	-	-	-
30	جای	-	-	-	-
31	گرفتنش	-	-	-	-
32	در	-	-	-	-
33	ناکجایی‌که	-	-	-	-
34	از	-	-	-	-
35	آغاز	-	-	-	-
36	جهان	-	-	-	-
37	در	-	-	-	-
38	کف	-	-	-	-
39	اقیانوس	-	-	-	-
40	قرار	-	-	-	-
41	داشت	-	-	-	-
42	،	-	-	-	-
43	آن	-	-	-	-
44	شئ	-	-	-	-
45	عجیب	-	-	-	-
46	،	-	-	-	-
47	تخته‌سنگی	-	-	-	-
48	خوش‌تراش	-	-	-	-
49	بود	-	-	-	-
50	که	-	-	-	-
51	تن	-	-	-	-
52	حجیمش	-	-	-	-
53	دست	-	-	-	-
54	هنروران	-	-	-	-
55	و	-	-	-	-
56	شاید	-	-	-	-
57	پرستش	-	-	-	-
58	مردمانی	-	-	-	-
59	صاحب	-	-	-	-
60	هوشمندی	-	-	-	-
61	را	-	-	-	-
62	به	-	-	-	-
63	خود	-	-	-	-
64	دیده‌بود	-	-	-	-
65	.	-	-	-	-

0	گیج	-	-	-	-
1	و	-	-	-	-
2	ترسیده‌بودم	-	-	-	-
3	،	-	-	-	-
4	اما	-	-	-	-
5	هنوز	-	-	-	-
6	بارقه‌هایی	-	-	-	-
7	از	-	-	-	-
8	شور	-	-	-	-
9	یک	-	-	-	-
10	باستان‌شناس	-	-	-	-
11	یا	-	-	-	-
12	دانشمند	-	-	-	-
13	در	-	-	-	-
14	من	-	-	-	-
15	بود	-	-	-	-
16	،	-	-	-	-
17	پس	-	-	-	-
18	پیرامونم	-	-	-	-
19	را	-	-	-	-
20	با	-	-	-	-
21	دقت	-	-	-	-
22	بیشتری	-	-	-	-
23	بررسی	-	-	-	-
24	کردم	-	-	-	-
25	.	-	-	-	-

0	ماه	-	-	-	-
1	حالا	-	-	-	-
2	در	-	-	-	-
3	مکان	-	-	-	-
4	سرسو	-	-	-	-
5	قرار	-	-	-	-
6	داشت	-	-	-	-
7	و	-	-	-	-
8	غریب	-	-	-	-
9	و	-	-	-	-
10	زنده	-	-	-	-
11	بر	-	-	-	-
12	تپه‌های	-	-	-	-
13	بلندبالا	-	-	-	-
14	می‌تابید	-	-	-	-
15	که	-	-	-	-
16	دره	-	-	-	-
17	را	-	-	-	-
18	در	-	-	-	-
19	محاصره	-	-	-	-
20	گرفته‌بودند	-	-	-	-
21	،	-	-	-	-
22	و	-	-	-	-
23	جریانی	-	-	-	-
24	از	-	-	-	-
25	آب	-	-	-	-
26	را	-	-	-	-
27	در	-	-	-	-
28	انتهای	-	-	-	-
29	آن	-	-	-	-
30	دره‌ی	-	-	-	-
31	عمیق	-	-	-	-
32	آشکار	-	-	-	-
33	می‌کرد	-	-	-	-
34	.	-	-	-	-

0	آب	-	-	-	-
1	دیوانه‌وار	-	-	-	-
2	به	-	-	-	-
3	هردیواره‌ی	-	-	-	-
4	گسل	-	-	-	-
5	میکوبید	-	-	-	-
6	و	-	-	-	-
7	حتا	-	-	-	-
8	چیزی	-	-	-	-
9	نمانده‌بود	-	-	-	-
10	پای	-	-	-	-
11	مرا	-	-	-	-
12	که	-	-	-	-
13	بر	-	-	-	-
14	دامنه‌ی	-	-	-	-
15	شیب	-	-	-	-
16	ایستاده	-	-	-	-
17	بودم‌تر	-	-	-	-
18	کند	-	-	-	-
19	.	-	-	-	-

0	در	-	-	-	-
1	آن‌سوی	-	-	-	-
2	دره	-	-	-	-
3	،	-	-	-	-
4	موجها	-	-	-	-
5	پایه‌ی	-	-	-	-
6	تخته‌سنگ	-	-	-	-
7	غول‌آسا	-	-	-	-
8	را	-	-	-	-
9	می‌شستند	-	-	-	-
10	و	-	-	-	-
11	من	-	-	-	-
12	حالا	-	-	-	-
13	میتوانستم	-	-	-	-
14	بر	-	-	-	-
15	سطح	-	-	-	-
16	۲	-	-	-	-
17	آن	-	-	-	-
18	نوشته‌ها	-	-	-	-
19	و	-	-	-	-
20	حکاکی‌هایی	-	-	-	-
21	بی‌ظرافت	-	-	-	-
22	را	-	-	-	-
23	تشخیص	-	-	-	-
24	دهم	-	-	-	-
25	.	-	-	-	-

0	نوشته‌ها	-	-	-	-
1	به	-	-	-	-
2	خط‌نگارهای	-	-	-	-
3	بودند	-	-	-	-
4	که	-	-	-	-
5	برای	-	-	-	-
6	من	-	-	-	-
7	ناآشنا	-	-	-	-
8	بود	-	-	-	-
9	و	-	-	-	-
10	به	-	-	-	-
11	هیچکدام	-	-	-	-
12	از	-	-	-	-
13	چیزهایی	-	-	-	-
14	که	-	-	-	-
15	درکتابها	-	-	-	-
16	دیده‌بودم	-	-	-	-
17	نیز	-	-	-	-
18	شباهت	-	-	-	-
19	نداشت	-	-	-	-
20	.	-	-	-	-

0	عموما	-	-	-	-
1	از	-	-	-	-
2	نشانه‌هایی	-	-	-	-
3	که	-	-	-	-
4	به	-	-	-	-
5	دریا	-	-	-	-
6	یا	-	-	-	-
7	موجودات	-	-	-	-
8	آن	-	-	-	-
9	ربط	-	-	-	-
10	داشت	-	-	-	-
11	تشکیل‌شده	-	-	-	-
12	بود	-	-	-	-
13	؛	-	-	-	-
14	نرم‌تن‌ها	-	-	-	-
15	و	-	-	-	-
16	والها	-	-	-	-
17	و	-	-	-	-
18	چیزهایی	-	-	-	-
19	از	-	-	-	-
20	این	-	-	-	-
21	دست	-	-	-	-
22	.	-	-	-	-

0	شماری	-	-	-	-
1	از	-	-	-	-
2	نشانه‌ها	-	-	-	-
3	نماینده‌ی	-	-	-	-
4	موجوداتی	-	-	-	-
5	،	-	-	-	-
6	مانند	-	-	-	-
7	ماهیها	-	-	-	-
8	،	-	-	-	-
9	مارماهیها	-	-	-	-
10	،	-	-	-	-
11	هشت‌پاها	-	-	-	-
12	،	-	-	-	-
13	میگوها	-	-	-	-
14	دریازی	-	-	-	-
15	بودند	-	-	-	-
16	که	-	-	-	-
17	جهان	-	-	-	-
18	مدرن	-	-	-	-
19	آنها	-	-	-	-
20	را	-	-	-	-
21	تا	-	-	-	-
22	به	-	-	-	-
23	حال	-	-	-	-
24	به	-	-	-	-
25	چشم	-	-	-	-
26	ندیده‌بود	-	-	-	-
27	،	-	-	-	-
28	اما	-	-	-	-
29	من	-	-	-	-
30	توانسته‌بودم	-	-	-	-
31	اجساد	-	-	-	-
32	درحال	-	-	-	-
33	فسادشان	-	-	-	-
34	را	-	-	-	-
35	روی	-	-	-	-
36	زمینی	-	-	-	-
37	که	-	-	-	-
38	از	-	-	-	-
39	کف	-	-	-	-
40	اقیانوس	-	-	-	-
41	بلند	-	-	-	-
42	شده‌بود	-	-	-	-
43	ببینم	-	-	-	-
44	.	-	-	-	-

0	اما	-	-	-	-
1	آنچه	-	-	-	-
2	مرا	-	-	-	-
3	حیرت‌زده	-	-	-	-
4	برجای	-	-	-	-
5	گذاشت	-	-	-	-
6	،	-	-	-	-
7	حکاکی‌ها	-	-	-	-
8	بودند	-	-	-	-
9	.	-	-	-	-

0	آن‌سوی	-	-	-	-
1	آب‌هایی	-	-	-	-
2	که	-	-	-	-
3	میان	-	-	-	-
4	ما	-	-	-	-
5	فاصله	-	-	-	-
6	انداخته‌بود	-	-	-	-
7	،	-	-	-	-
8	پای	-	-	-	-
9	تخته‌سنگ	-	-	-	-
10	ردیفی	-	-	-	-
11	از	-	-	-	-
12	۳	-	-	-	-
13	کنده‌کاری‌هایی	-	-	-	-
14	قرار	-	-	-	-
15	داشت	-	-	-	-
16	که	-	-	-	-
17	احتمالا	-	-	-	-
18	حسادت	-	-	-	-
19	دوری	-	-	-	-
20	را	-	-	-	-
21	برمی‌انگیختند	-	-	-	-
22	.	-	-	-	-

0	گمان	-	-	-	-
1	می‌کنم	-	-	-	-
2	آن	-	-	-	-
3	حکاکی‌ها	-	-	-	-
4	قرار	-	-	-	-
5	بود	-	-	-	-
6	نمایانگر	-	-	-	-
7	انسان	-	-	-	-
8	باشند	-	-	-	-
9	.	-	-	-	-

0	آن	-	-	-	-
1	موجودات	-	-	-	-
2	کنده‌کاری	-	-	-	-
3	شده	-	-	-	-
4	داشتند	-	-	-	-
5	خودستایانه	-	-	-	-
6	به	-	-	-	-
7	خویش	-	-	-	-
8	می‌نگریستند	-	-	-	-
9	،	-	-	-	-
10	یا	-	-	-	-
11	شاید	-	-	-	-
12	هم	-	-	-	-
13	به	-	-	-	-
14	تخته‌سنگ	-	-	-	-
15	غول‌آسای	-	-	-	-
16	دیگری	-	-	-	-
17	که	-	-	-	-
18	در	-	-	-	-
19	زیر	-	-	-	-
20	موج‌ها	-	-	-	-
21	جای	-	-	-	-
22	داشت	-	-	-	-
23	نگاه	-	-	-	-
24	می‌کردند	-	-	-	-
25	.	-	-	-	-

0	از	-	-	-	-
1	جزئیات	-	-	-	-
2	تن	-	-	-	-
3	و	-	-	-	-
4	صورتشان	-	-	-	-
5	نمیتوانم	-	-	-	-
6	چیزی	-	-	-	-
7	بگویم	-	-	-	-
8	،	-	-	-	-
9	چرا	-	-	-	-
10	که	-	-	-	-
11	حتا	-	-	-	-
12	یادآوری	-	-	-	-
13	آنها	-	-	-	-
14	نیز	-	-	-	-
15	سرم	-	-	-	-
16	را	-	-	-	-
17	سبک	-	-	-	-
18	کرده	-	-	-	-
19	و	-	-	-	-
20	به	-	-	-	-
21	دوران	-	-	-	-
22	می‌اندازد	-	-	-	-
23	.	-	-	-	-

0	آنچنان	-	-	-	-
1	بیقواره	-	-	-	-
2	که	-	-	-	-
3	حتی	-	-	-	-
4	پو	-	-	-	-
5	و	-	-	-	-
6	بولور	-	-	-	-
7	نمیتوانستند	-	-	-	-
8	چیزی	-	-	-	-
9	همانندش	-	-	-	-
10	را	-	-	-	-
11	تصور	-	-	-	-
12	کنند	-	-	-	-
13	.	-	-	-	-

0	در	-	-	-	-
1	شمای	-	-	-	-
2	کلی	-	-	-	-
3	،	-	-	-	-
4	سوای	-	-	-	-
5	انگشتان	-	-	-	-
6	به‌هم	-	-	-	-
7	چسبیده‌ی	-	-	-	-
8	دست	-	-	-	-
9	و	-	-	-	-
10	پایشان	-	-	-	-
11	مانند	-	-	-	-
12	انسان	-	-	-	-
13	بودند	-	-	-	-
14	،	-	-	-	-
15	سوای	-	-	-	-
16	لبهای	-	-	-	-
17	بیاندازه	-	-	-	-
18	پهن	-	-	-	-
19	و	-	-	-	-
20	آویزانشان	-	-	-	-
21	،	-	-	-	-
22	آن	-	-	-	-
23	چشمان	-	-	-	-
24	شیشهای	-	-	-	-
25	و	-	-	-	-
26	وقزده	-	-	-	-
27	و	-	-	-	-
28	جزئیات	-	-	-	-
29	دیگری	-	-	-	-
30	که	-	-	-	-
31	یادآوریشان	-	-	-	-
32	به	-	-	-	-
33	هیچ	-	-	-	-
34	روی	-	-	-	-
35	خوشآیند	-	-	-	-
36	نیست	-	-	-	-
37	.	-	-	-	-

0	کنجکاو	-	-	-	-
1	شده‌بودم	-	-	-	-
2	،	-	-	-	-
3	زیرا	-	-	-	-
4	در	-	-	-	-
5	کنده‌کاریها	-	-	-	-
6	تناسب	-	-	-	-
7	آن	-	-	-	-
8	موجودات	-	-	-	-
9	با	-	-	-	-
10	سایر	-	-	-	-
11	اجزای	-	-	-	-
12	تصویر	-	-	-	-
13	رعایت	-	-	-	-
14	نشده‌بود	-	-	-	-
15	.	-	-	-	-

0	برای	-	-	-	-
1	مثال	-	-	-	-
2	،	-	-	-	-
3	یکی	-	-	-	-
4	از	-	-	-	-
5	آنها	-	-	-	-
6	داشت	-	-	-	-
7	نهنگی	-	-	-	-
8	را	-	-	-	-
9	به	-	-	-	-
10	قتل	-	-	-	-
11	می‌رساند	-	-	-	-
12	که	-	-	-	-
13	تنها	-	-	-	-
14	کمی	-	-	-	-
15	بزرگتر	-	-	-	-
16	از	-	-	-	-
17	خودش	-	-	-	-
18	ترسیم‌شده	-	-	-	-
19	بود	-	-	-	-
20	.	-	-	-	-

0	همانطور	-	-	-	-
1	که	-	-	-	-
2	گفتم	-	-	-	-
3	اندازه‌ی	-	-	-	-
4	غریب	-	-	-	-
5	و	-	-	-	-
6	شمایل	-	-	-	-
7	هیولاییشان	-	-	-	-
8	بیش‌از	-	-	-	-
9	همه	-	-	-	-
10	توجهم	-	-	-	-
11	را	-	-	-	-
12	جلب	-	-	-	-
13	کرد	-	-	-	-
14	،	-	-	-	-
15	اما	-	-	-	-
16	لحظه‌ای	-	-	-	-
17	طول	-	-	-	-
18	نکشید	-	-	-	-
19	که	-	-	-	-
20	اندیشیدم	-	-	-	-
21	آنها	-	-	-	-
22	بی‌تردید	-	-	-	-
23	خدایان	-	-	-	-
24	ساختگی	-	-	-	-
25	قومی	-	-	-	-
26	دریانورد	-	-	-	-
27	یا	-	-	-	-
28	ماهیگیر	-	-	-	-
29	بوده	-	-	-	-
30	که	-	-	-	-
31	در	-	-	-	-
32	زمانهای	-	-	-	-
33	دور	-	-	-	-
34	می‌زیستهاند	-	-	-	-
35	؛	-	-	-	-
36	قومی	-	-	-	-
37	که	-	-	-	-
38	آخرین	-	-	-	-
39	بازمانده‌شان	-	-	-	-
40	قرنها	-	-	-	-
41	پیش‌از	-	-	-	-
42	آنکه	-	-	-	-
43	نخستین	-	-	-	-
44	انسان	-	-	-	-
45	پا	-	-	-	-
46	به	-	-	-	-
47	دنیا	-	-	-	-
48	بگذارد	-	-	-	-
49	از	-	-	-	-
50	میان	-	-	-	-
51	رفته‌بود	-	-	-	-
52	.	-	-	-	-

0	داشتم	-	-	-	-
1	به	-	-	-	-
2	گذشته‌ای	-	-	-	-
3	نگاه	-	-	-	-
4	میکردم	-	-	-	-
5	که	-	-	-	-
6	تاریخش	-	-	-	-
7	از	-	-	-	-
8	تصور	-	-	-	-
9	جسورترین	-	-	-	-
10	انسان‌شناس	-	-	-	-
11	نیز	-	-	-	-
12	دورتر	-	-	-	-
13	می‌رفت	-	-	-	-
14	؛	-	-	-	-
15	حیرتزده	-	-	-	-
16	و	-	-	-	-
17	سرمست	-	-	-	-
18	ایستاده‌بودم	-	-	-	-
19	و	-	-	-	-
20	ماه	-	-	-	-
21	بازتابهای	-	-	-	-
22	غریبی‌بر	-	-	-	-
23	توده	-	-	-	-
24	آب	-	-	-	-
25	بیصدای	-	-	-	-
26	مقابلم	-	-	-	-
27	می‌انداخت	-	-	-	-
28	.	-	-	-	-

0	سپس	-	-	-	-
1	،	-	-	-	-
2	ناگهان	-	-	-	-
3	دیدمش	-	-	-	-
4	.	-	-	-	-

0	تنها	-	-	-	-
1	تکانهای	-	-	-	-
2	مختصر	-	-	-	-
3	آب	-	-	-	-
4	بود	-	-	-	-
5	که	-	-	-	-
6	آمدنش	-	-	-	-
7	به	-	-	-	-
8	سطح	-	-	-	-
9	را	-	-	-	-
10	خبر	-	-	-	-
11	می‌داد	-	-	-	-
12	.	-	-	-	-

0	او	-	-	-	-
1	از	-	-	-	-
2	آبهای	-	-	-	-
3	تاریک	-	-	-	-
4	بالا	-	-	-	-
5	آمد	-	-	-	-
6	،	-	-	-	-
7	عظیم	-	-	-	-
8	بود	-	-	-	-
9	،	-	-	-	-
10	به	-	-	-	-
11	پلیفموس	-	-	-	-
12	می‌مانست	-	-	-	-
13	.	-	-	-	-

0	لبریز	-	-	-	-
1	از	-	-	-	-
2	تنفر	-	-	-	-
3	،	-	-	-	-
4	همچون	-	-	-	-
5	هیولایی	-	-	-	-
6	حیرت‌انگیز	-	-	-	-
7	برخاسته	-	-	-	-
8	از	-	-	-	-
9	کابوسها	-	-	-	-
10	،	-	-	-	-
11	به	-	-	-	-
12	سوی	-	-	-	-
13	مجسمه	-	-	-	-
14	دوید	-	-	-	-
15	و	-	-	-	-
16	بازوان	-	-	-	-
17	عظیم	-	-	-	-
18	فلسپوشش	-	-	-	-
19	را	-	-	-	-
20	اطراف	-	-	-	-
21	آن	-	-	-	-
22	تکان	-	-	-	-
23	داد	-	-	-	-
24	؛	-	-	-	-
25	سر	-	-	-	-
26	هولناکش	-	-	-	-
27	را	-	-	-	-
28	خم	-	-	-	-
29	کرده‌بود	-	-	-	-
30	و	-	-	-	-
31	صداهای	-	-	-	-
32	آهنگینی	-	-	-	-
33	از	-	-	-	-
34	گلو	-	-	-	-
35	خارج	-	-	-	-
36	میکرد	-	-	-	-
37	.	-	-	-	-

0	به‌نظر	-	-	-	-
1	آن	-	-	-	-
2	زمان	-	-	-	-
3	بود	-	-	-	-
4	که	-	-	-	-
5	دیوانه	-	-	-	-
6	شدم	-	-	-	-
7	.	-	-	-	-

0	از	-	-	-	-
1	صعود	-	-	-	-
2	دیوانه‌وارم	-	-	-	-
3	از	-	-	-	-
4	آن	-	-	-	-
5	شیب	-	-	-	-
6	و	-	-	-	-
7	صخره‌ها	-	-	-	-
8	و	-	-	-	-
9	از	-	-	-	-
10	بازگشت	-	-	-	-
11	وهمگینم	-	-	-	-
12	به	-	-	-	-
13	سوی	-	-	-	-
14	قایق	-	-	-	-
15	به	-	-	-	-
16	گل	-	-	-	-
17	نشسته	-	-	-	-
18	،	-	-	-	-
19	جز	-	-	-	-
20	اندک	-	-	-	-
21	چیزی	-	-	-	-
22	به‌خاطر	-	-	-	-
23	ندارم	-	-	-	-
24	.	-	-	-	-

0	میدانم	-	-	-	-
1	که	-	-	-	-
2	بسیار	-	-	-	-
3	آواز	-	-	-	-
4	خواندم	-	-	-	-
5	،	-	-	-	-
6	و	-	-	-	-
7	زمانی‌که	-	-	-	-
8	دیگر	-	-	-	-
9	نتوانستم	-	-	-	-
10	بخوانم	-	-	-	-
11	به‌نحو	-	-	-	-
12	غریبی	-	-	-	-
13	خندیدم	-	-	-	-
14	.	-	-	-	-

0	تصاویر	-	-	-	-
1	تمایزناپذیری	-	-	-	-
2	از	-	-	-	-
3	رخداد	-	-	-	-
4	یک	-	-	-	-
5	طوفان	-	-	-	-
6	بزرگ	-	-	-	-
7	مدتی	-	-	-	-
8	پس‌از	-	-	-	-
9	آنکه	-	-	-	-
10	به	-	-	-	-
11	قایق	-	-	-	-
12	رسیده‌بودم	-	-	-	-
13	را	-	-	-	-
14	به‌خاطر	-	-	-	-
15	دارم	-	-	-	-
16	.	-	-	-	-

0	اما	-	-	-	-
1	به	-	-	-	-
2	هر	-	-	-	-
3	روی	-	-	-	-
4	،	-	-	-	-
5	میدانم	-	-	-	-
6	که	-	-	-	-
7	صدای	-	-	-	-
8	غرش	-	-	-	-
9	تندر	-	-	-	-
10	و	-	-	-	-
11	صداهایی	-	-	-	-
12	ازین	-	-	-	-
13	دست	-	-	-	-
14	را	-	-	-	-
15	شنیدم	-	-	-	-
16	که	-	-	-	-
17	طبیعت	-	-	-	-
18	در	-	-	-	-
19	دیوانه‌ترین	-	-	-	-
20	شرایطش	-	-	-	-
21	ساطع	-	-	-	-
22	می‌کند	-	-	-	-
23	.	-	-	-	-

0	هنگامی‌که	-	-	-	-
1	از	-	-	-	-
2	سیاهی‌ها	-	-	-	-
3	خارج	-	-	-	-
4	شدم	-	-	-	-
5	،	-	-	-	-
6	در	-	-	-	-
7	بیمارستان	-	-	-	-
8	سان‌فرانسیسکو	-	-	-	-
9	بودم	-	-	-	-
10	.	-	-	-	-

0	کاپیتان	-	-	-	-
1	یک	-	-	-	-
2	کشتی	-	-	-	-
3	آمریکایی	-	-	-	-
4	که	-	-	-	-
5	قایقم	-	-	-	-
6	را	-	-	-	-
7	در	-	-	-	-
8	میانه‌ی	-	-	-	-
9	اقیانوس	-	-	-	-
10	دیده‌بود	-	-	-	-
11	،	-	-	-	-
12	مرا	-	-	-	-
13	به	-	-	-	-
14	آنجا	-	-	-	-
15	آورده‌بود	-	-	-	-
16	.	-	-	-	-

0	در	-	-	-	-
1	هذیانهایم	-	-	-	-
2	حرفهای	-	-	-	-
3	زیادی	-	-	-	-
4	زده‌بودم	-	-	-	-
5	،	-	-	-	-
6	اما	-	-	-	-
7	دریافتم	-	-	-	-
8	که	-	-	-	-
9	کمترین	-	-	-	-
10	توجهی	-	-	-	-
11	را	-	-	-	-
12	به	-	-	-	-
13	آنها	-	-	-	-
14	روا	-	-	-	-
15	نداشته‌اند	-	-	-	-
16	.	-	-	-	-

0	آنها	-	-	-	-
1	که	-	-	-	-
2	مرا	-	-	-	-
3	نجات	-	-	-	-
4	دادند	-	-	-	-
5	از	-	-	-	-
6	بالا	-	-	-	-
7	آمدن	-	-	-	-
8	کف	-	-	-	-
9	هیچ‌کجای	-	-	-	-
10	اقیانوس	-	-	-	-
11	آرام	-	-	-	-
12	خبری	-	-	-	-
13	نداشتند	-	-	-	-
14	،	-	-	-	-
15	و	-	-	-	-
16	من	-	-	-	-
17	هم	-	-	-	-
18	بر	-	-	-	-
19	چیزی	-	-	-	-
20	که	-	-	-	-
21	میدانستم	-	-	-	-
22	باور	-	-	-	-
23	نخواهند‌کرد	-	-	-	-
24	اصرار	-	-	-	-
25	نورزیدم	-	-	-	-
26	.	-	-	-	-

0	زمانی	-	-	-	-
1	یک	-	-	-	-
2	نژادشناس	-	-	-	-
3	مطرح	-	-	-	-
4	را	-	-	-	-
5	جستم	-	-	-	-
6	و	-	-	-	-
7	او	-	-	-	-
8	را	-	-	-	-
9	با	-	-	-	-
10	پرسشهای	-	-	-	-
11	خودم	-	-	-	-
12	درباره‌ی	-	-	-	-
13	داگون	-	-	-	-
14	،	-	-	-	-
15	افسانه‌ی	-	-	-	-
16	باستانی	-	-	-	-
17	فلسطینی	-	-	-	-
18	،	-	-	-	-
19	آن	-	-	-	-
20	نیم	-	-	-	-
21	خداوند	-	-	-	-
22	و	-	-	-	-
23	نیم	-	-	-	-
24	ماهی	-	-	-	-
25	سر	-	-	-	-
26	شوق	-	-	-	-
27	آوردم	-	-	-	-
28	.	-	-	-	-

0	اما	-	-	-	-
1	به‌تندی	-	-	-	-
2	دریافتم	-	-	-	-
3	که	-	-	-	-
4	او	-	-	-	-
5	فقط	-	-	-	-
6	ناامیدانه	-	-	-	-
7	آنچه	-	-	-	-
8	به	-	-	-	-
9	چشم	-	-	-	-
10	می‌دید	-	-	-	-
11	را	-	-	-	-
12	میپذیرفت	-	-	-	-
13	،	-	-	-	-
14	و	-	-	-	-
15	دست	-	-	-	-
16	از‌پی	-	-	-	-
17	گرفتن	-	-	-	-
18	پرسشهایم	-	-	-	-
19	کشیدم	-	-	-	-
20	.	-	-	-	-

0	شبها	-	-	-	-
1	،	-	-	-	-
2	به‌ویژه	-	-	-	-
3	زمانی‌که	-	-	-	-
4	ماه	-	-	-	-
5	از	-	-	-	-
6	نیمه	-	-	-	-
7	گذشته‌است	-	-	-	-
8	و	-	-	-	-
9	رو	-	-	-	-
10	به	-	-	-	-
11	نازکی	-	-	-	-
12	میرود	-	-	-	-
13	،	-	-	-	-
14	او	-	-	-	-
15	را	-	-	-	-
16	میبینم	-	-	-	-
17	.	-	-	-	-

0	مورفین	-	-	-	-
1	را	-	-	-	-
2	آزموده‌ام	-	-	-	-
3	،	-	-	-	-
4	اما	-	-	-	-
5	تنها	-	-	-	-
6	پایانی	-	-	-	-
7	گذرا	-	-	-	-
8	به	-	-	-	-
9	دردهایم	-	-	-	-
10	بخشیده	-	-	-	-
11	و	-	-	-	-
12	در‌عوض	-	-	-	-
13	مرا	-	-	-	-
14	چون	-	-	-	-
15	برده‌ای	-	-	-	-
16	ناتوان	-	-	-	-
17	در	-	-	-	-
18	چنگال	-	-	-	-
19	خویش	-	-	-	-
20	اسیر	-	-	-	-
21	کرده‌است	-	-	-	-
22	.	-	-	-	-

0	پس	-	-	-	-
1	حالا	-	-	-	-
2	،	-	-	-	-
3	من	-	-	-	-
4	به‌همه‌چیز	-	-	-	-
5	پایان	-	-	-	-
6	میبخشم	-	-	-	-
7	،	-	-	-	-
8	حالا‌که	-	-	-	-
9	شرح	-	-	-	-
10	تمام	-	-	-	-
11	ماجرا	-	-	-	-
12	را	-	-	-	-
13	برای	-	-	-	-
14	دوستان	-	-	-	-
15	و	-	-	-	-
16	اطرافیانم	-	-	-	-
17	نوشته‌ام	-	-	-	-
18	تا	-	-	-	-
19	از	-	-	-	-
20	حقیقت	-	-	-	-
21	آگاه	-	-	-	-
22	شوند	-	-	-	-
23	و	-	-	-	-
24	یا	-	-	-	-
25	خود	-	-	-	-
26	را	-	-	-	-
27	حقیرانه	-	-	-	-
28	با	-	-	-	-
29	آن	-	-	-	-
30	سرگرم‌کنند	-	-	-	-
31	.	-	-	-	-

0	گاه	-	-	-	-
1	و	-	-	-	-
2	بیگاه	-	-	-	-
3	از	-	-	-	-
4	خود	-	-	-	-
5	می‌پرسم	-	-	-	-
6	که	-	-	-	-
7	آیا	-	-	-	-
8	همه‌چیز	-	-	-	-
9	نمیتوانسته	-	-	-	-
10	تماما	-	-	-	-
11	وهم	-	-	-	-
12	بوده‌باشد	-	-	-	-
13	؟	-	-	-	-

0	جنونی	-	-	-	-
1	ناشی	-	-	-	-
2	از	-	-	-	-
3	تب	-	-	-	-
4	که	-	-	-	-
5	پس‌از	-	-	-	-
6	فرار	-	-	-	-
7	از	-	-	-	-
8	کشتی	-	-	-	-
9	آلمانها	-	-	-	-
10	،	-	-	-	-
11	زمانی	-	-	-	-
12	تصویری	-	-	-	-
13	زنده	-	-	-	-
14	و	-	-	-	-
15	،	-	-	-	-
16	که	-	-	-	-
17	گرمازده	-	-	-	-
18	و	-	-	-	-
19	پریشان	-	-	-	-
20	در	-	-	-	-
21	قایق	-	-	-	-
22	روباز	-	-	-	-
23	خود	-	-	-	-
24	افتاده‌بودم	-	-	-	-
25	دچارش	-	-	-	-
26	شده‌بودم	-	-	-	-
27	؟	-	-	-	-

0	این	-	-	-	-
1	را	-	-	-	-
2	از	-	-	-	-
3	خود	-	-	-	-
4	می‌پرسم	-	-	-	-
5	و	-	-	-	-
6	هربار	-	-	-	-
7	در	-	-	-	-
8	پاسخ	-	-	-	-
9	هولناک	-	-	-	-
10	پیش	-	-	-	-
11	چشمانم	-	-	-	-
12	می‌دود	-	-	-	-
13	.	-	-	-	-

0	نمی‌توانم	-	-	-	-
1	به	-	-	-	-
2	دریای	-	-	-	-
3	پرعمق	-	-	-	-
4	بیاندیشم	-	-	-	-
5	و	-	-	-	-
6	از	-	-	-	-
7	فکر	-	-	-	-
8	موجودات	-	-	-	-
9	بی‌نامی	-	-	-	-
10	که	-	-	-	-
11	شاید	-	-	-	-
12	همین	-	-	-	-
13	لحظه	-	-	-	-
14	در	-	-	-	-
15	بستر	-	-	-	-
16	لزج	-	-	-	-
17	آن	-	-	-	-
18	بت‌های	-	-	-	-
19	باستانی	-	-	-	-
20	سنگیشان	-	-	-	-
21	را	-	-	-	-
22	می‌پرستند	-	-	-	-
23	و	-	-	-	-
24	تصویر	-	-	-	-
25	خود	-	-	-	-
26	را	-	-	-	-
27	بر	-	-	-	-
28	ستونهای	-	-	-	-
29	ساخته	-	-	-	-
30	از	-	-	-	-
31	گرانیت	-	-	-	-
32	نم‌کشیده‌ی	-	-	-	-
33	زیر	-	-	-	-
34	دریا	-	-	-	-
35	میتراشند	-	-	-	-
36	بر	-	-	-	-
37	،	-	-	-	-
38	میخزند	-	-	-	-
39	خود	-	-	-	-
40	نلرزم	-	-	-	-
41	.	-	-	-	-

0	در	-	-	-	-
1	رویاهایم	-	-	-	-
2	روزی	-	-	-	-
3	را	-	-	-	-
4	میبینم	-	-	-	-
5	که	-	-	-	-
6	آنها	-	-	-	-
7	از	-	-	-	-
8	سطح	-	-	-	-
9	آبها	-	-	-	-
10	بالا	-	-	-	-
11	می‌آیند	-	-	-	-
12	تا	-	-	-	-
13	با	-	-	-	-
14	پنجه‌های	-	-	-	-
15	بویناکشان	-	-	-	-
16	،	-	-	-	-
17	بازمانده‌های	-	-	-	-
18	بشری	-	-	-	-
19	حقیر	-	-	-	-
20	و	-	-	-	-
21	خسته	-	-	-	-
22	از	-	-	-	-
23	جنگ	-	-	-	-
24	را	-	-	-	-
25	با	-	-	-	-
26	خود	-	-	-	-
27	به	-	-	-	-
28	زیر	-	-	-	-
29	بکشند	-	-	-	-
30	.	-	-	-	-

0	رویای	-	-	-	-
1	روزی	-	-	-	-
2	را	-	-	-	-
3	که	-	-	-	-
4	زمین	-	-	-	-
5	سر	-	-	-	-
6	به	-	-	-	-
7	سر	-	-	-	-
8	غرق	-	-	-	-
9	خواهد‌شد	-	-	-	-
10	،	-	-	-	-
11	و	-	-	-	-
12	کف	-	-	-	-
13	تاریک	-	-	-	-
14	اقیانوس	-	-	-	-
15	در	-	-	-	-
16	میانه‌ی	-	-	-	-
17	آن	-	-	-	-
18	آشوب	-	-	-	-
19	جهانی	-	-	-	-
20	فراز	-	-	-	-
21	خواهد‌آمد	-	-	-	-
22	.	-	-	-	-

0	پایان	-	-	-	-
1	کار	-	-	-	-
2	نزدیک	-	-	-	-
3	است	-	-	-	-
4	.	-	-	-	-

0	از‌سوی	-	-	-	-
1	در	-	-	-	-
2	صدایی	-	-	-	-
3	میشنوم	-	-	-	-
4	،	-	-	-	-
5	تو	-	-	-	-
6	گویی	-	-	-	-
7	که	-	-	-	-
8	جسمی	-	-	-	-
9	لغزان	-	-	-	-
10	و	-	-	-	-
11	لزج	-	-	-	-
12	خود	-	-	-	-
13	را	-	-	-	-
14	به	-	-	-	-
15	آن	-	-	-	-
16	میکوبد	-	-	-	-
17	.	-	-	-	-

0	نباید	-	-	-	-
1	مرا	-	-	-	-
2	بیابد	-	-	-	-
3	.	-	-	-	-

0	خدایا	-	-	-	-
1	،	-	-	-	-
2	آن	-	-	-	-
3	دست	-	-	-	-
4	!	-	-	-	-

0	پنجره	-	-	-	-
1	!	-	-	-	-

0	پنجره	-	-	-	-
1	!	-	-	-	-

0	پوریا	-	-	-	-
1	-	-	-	-	-
2	لوبیا	-	-	-	-
3	-	-	-	-	-
4	مهوش	-	-	-	-
5	-	-	-	-	-
6	داستان	-	-	-	-
7	کوتاه	-	-	-	-
8	داگون	-	-	-	-
9	-	-	-	-	-
10	اثر	-	-	-	-
11	هوارد	-	-	-	-
12	فیلیپس	-	-	-	-
13	لاوکرفت	-	-	-	-
14	-	-	-	-	-
15	مترجم	-	-	-	-
16	بهداد	-	-	-	-
17	احمدی	-	-	-	-

