0	استهزاء	-	-	-	-
1	و	-	-	-	-
2	مسخره	-	-	-	-
3	‌کردن	-	-	-	-
4	دیگران	-	-	-	-
5	موجب	-	-	-	-
6	ایجاد	-	-	-	-
7	کدورت	-	-	-	-
8	بین	-	-	-	-
9	افراد	-	-	-	-
10	می‌شود	-	-	-	-
11	.	-	-	-	-

0	تهاتر	-	-	-	-
1	فقط	-	-	-	-
2	در‌مورد	-	-	-	-
3	دو	-	-	-	-
4	دینی	-	-	-	-
5	حاصل	-	-	-	-
6	می‌شود	-	-	-	-
7	که	-	-	-	-
8	موضوع	-	-	-	-
9	یکسانی	-	-	-	-
10	داشته‌باشند	-	-	-	-
11	.	-	-	-	-

0	کاپتان	-	-	-	-
1	کشتی	-	-	-	-
2	جنگی	-	-	-	-
3	دستور	-	-	-	-
4	عقب‌نشینی	-	-	-	-
5	کردن	-	-	-	-
6	را	-	-	-	-
7	صادر	-	-	-	-
8	کرد	-	-	-	-
9	.	-	-	-	-

0	هرگاه	-	-	-	-
1	موصی	-	-	-	-
2	پس‌از	-	-	-	-
3	انشاء	-	-	-	-
4	وصیت‌نامه	-	-	-	-
5	محجور	-	-	-	-
6	شود	-	-	-	-
7	وصیت	-	-	-	-
8	از	-	-	-	-
9	بین	-	-	-	-
10	نمی‌رود	-	-	-	-
11	.	-	-	-	-

0	توران	-	-	-	-
1	و	-	-	-	-
2	ایران	-	-	-	-
3	سال	-	-	-	-
4	یان	-	-	-	-
5	دراز	-	-	-	-
6	با	-	-	-	-
7	یکدیگر	-	-	-	-
8	به	-	-	-	-
9	جنگ	-	-	-	-
10	می‌پرداختند	-	-	-	-
11	.	-	-	-	-

0	زردگوش	-	-	-	-
1	کنایه	-	-	-	-
2	از	-	-	-	-
3	انسان	-	-	-	-
4	منافق	-	-	-	-
5	مفسده	-	-	-	-
6	و	-	-	-	-
7	بیکاره	-	-	-	-
8	است	-	-	-	-
9	.	-	-	-	-

0	خنبانیدن	-	-	-	-
1	تقلید	-	-	-	-
2	کردن	-	-	-	-
3	حرکات	-	-	-	-
4	و	-	-	-	-
5	سکنات	-	-	-	-
6	کسی	-	-	-	-
7	از	-	-	-	-
8	روی	-	-	-	-
9	ریشخند	-	-	-	-
10	می‌باشد	-	-	-	-
11	.	-	-	-	-

0	خنده	-	-	-	-
1	بر	-	-	-	-
2	هر	-	-	-	-
3	درد	-	-	-	-
4	بی‌درمان	-	-	-	-
5	دواست	-	-	-	-
6	از	-	-	-	-
7	عملکرد	-	-	-	-
8	دانشجویان	-	-	-	-
9	راضی	-	-	-	-
10	ام	-	-	-	-
11	.	-	-	-	-

0	کودکان	-	-	-	-
1	بازی	-	-	-	-
2	با	-	-	-	-
3	بادبادک	-	-	-	-
4	را	-	-	-	-
5	خیلی	-	-	-	-
6	دوست	-	-	-	-
7	دارند	-	-	-	-
8	.	-	-	-	-

0	معلمین	-	-	-	-
1	با	-	-	-	-
2	فراست	-	-	-	-
3	خود	-	-	-	-
4	توانستند	-	-	-	-
5	مشکلاة	-	-	-	-
6	دانش‌آموزان	-	-	-	-
7	را	-	-	-	-
8	حل‌کنند	-	-	-	-
9	.	-	-	-	-

0	نگران	-	-	-	-
1	نباش	-	-	-	-
2	…	-	-	-	-
3	!؟	-	-	-	-

0	بنده	-	-	-	-
1	هم‌آن	-	-	-	-
2	به	-	-	-	-
3	که	-	-	-	-
4	ز	-	-	-	-
5	تقصیر	-	-	-	-
6	خویش	-	-	-	-
7	شکر	-	-	-	-
8	به	-	-	-	-
9	درگاه	-	-	-	-
10	خدا	-	-	-	-
11	آورد	-	-	-	-
12	.	-	-	-	-

0	خنده	-	-	-	-
1	حالتی	-	-	-	-
2	در	-	-	-	-
3	چهرۀ	-	-	-	-
4	انسان	-	-	-	-
5	به	-	-	-	-
6	‌واسطۀ	-	-	-	-
7	شعف	-	-	-	-
8	خوشحالی	-	-	-	-
9	یا	-	-	-	-
10	تمسخر	-	-	-	-
11	که	-	-	-	-
12	در	-	-	-	-
13	آن	-	-	-	-
14	لب‌ها	-	-	-	-
15	گشوده	-	-	-	-
16	میگردد	-	-	-	-
17	و	-	-	-	-
18	گاه	-	-	-	-
19	با	-	-	-	-
20	صدای	-	-	-	-
21	مخصوصی	-	-	-	-
22	همراه	-	-	-	-
23	است	-	-	-	-
24	.	-	-	-	-

0	ابرنواختر	-	-	-	-
1	ام-	-	-	-	-
2	۸۹	-	-	-	-
3	یکی	-	-	-	-
4	از	-	-	-	-
5	انواع	-	-	-	-
6	اجرام	-	-	-	-
7	مسیه	-	-	-	-
8	است	-	-	-	-
9	.	-	-	-	-

0	شادروان	-	-	-	-
1	هرگز	-	-	-	-
2	چیزی	-	-	-	-
3	به	-	-	-	-
4	عاریة	-	-	-	-
5	نگرفته‌بود	-	-	-	-
6	دخترک	-	-	-	-
7	کبریت	-	-	-	-
8	فروش	-	-	-	-
9	از	-	-	-	-
10	شدت	-	-	-	-
11	سرما	-	-	-	-
12	چیزی	-	-	-	-
13	را	-	-	-	-
14	احساس	-	-	-	-
15	نمیکرد;نیست	-	-	-	-
16	بر	-	-	-	-
17	ناله‌ی	-	-	-	-
18	افسرده‌دمان	-	-	-	-
19	گوش	-	-	-	-
20	مرا	-	-	-	-
21	بلبلی	-	-	-	-
22	کو	-	-	-	-
23	که	-	-	-	-
24	صفیرش	-	-	-	-
25	برد	-	-	-	-
26	از	-	-	-	-
27	هوش	-	-	-	-
28	مرا	-	-	-	-
29	واخواست	-	-	-	-
30	امتنا	-	-	-	-
31	از	-	-	-	-
32	قبول	-	-	-	-
33	یا	-	-	-	-
34	نکول	-	-	-	-
35	اعتراضی	-	-	-	-
36	است	-	-	-	-
37	که	-	-	-	-
38	بر‌اثر	-	-	-	-
39	خودداری	-	-	-	-
40	از	-	-	-	-
41	نوشتن	-	-	-	-
42	از	-	-	-	-
43	طرف	-	-	-	-
44	تأدیه	-	-	-	-
45	کنندهی	-	-	-	-
46	برات	-	-	-	-
47	اتفاق	-	-	-	-
48	میافتد	-	-	-	-
49	.	-	-	-	-

0	فرش	-	-	-	-
1	دستباف	-	-	-	-
2	طرح	-	-	-	-
3	نامی	-	-	-	-
4	یکی	-	-	-	-
5	از	-	-	-	-
6	طرحهای	-	-	-	-
7	معروف	-	-	-	-
8	در	-	-	-	-
9	این	-	-	-	-
10	حوزه	-	-	-	-
11	می‌باشد	-	-	-	-
12	دیوان	-	-	-	-
13	بین‌المللی	-	-	-	-
14	لاهه	-	-	-	-
15	به	-	-	-	-
16	شکایة	-	-	-	-
17	کشورهای	-	-	-	-
18	در‌حال‌توسعه	-	-	-	-
19	و	-	-	-	-
20	توسعهیافته	-	-	-	-
21	می‌پردازد	-	-	-	-
22	امواج	-	-	-	-
23	رادیواکتیو	-	-	-	-
24	را	-	-	-	-
25	می‌توان	-	-	-	-
26	در	-	-	-	-
27	بسیاری	-	-	-	-
28	از	-	-	-	-
29	مصارف	-	-	-	-
30	پزشکی	-	-	-	-
31	استفاده‌کرد	-	-	-	-
32	.	-	-	-	-

0	آراء	-	-	-	-
1	مأخوذة	-	-	-	-
2	تعیین‌کنندهی	-	-	-	-
3	رجال	-	-	-	-
4	سیاسی	-	-	-	-
5	است	-	-	-	-
6	مناظر	-	-	-	-
7	بکر	-	-	-	-
8	جزایر	-	-	-	-
9	جنوب	-	-	-	-
10	موضوع	-	-	-	-
11	تصاویر	-	-	-	-
12	گرفته‌شده	-	-	-	-
13	توسط	-	-	-	-
14	عکاسان	-	-	-	-
15	حرفه‌ای	-	-	-	-
16	بود	-	-	-	-
17	.	-	-	-	-

0	ادبا	-	-	-	-
1	به	-	-	-	-
2	نقد	-	-	-	-
3	آثار	-	-	-	-
4	ادبی	-	-	-	-
5	وی	-	-	-	-
6	پرداختند	-	-	-	-
7	ائمهی	-	-	-	-
8	جمعه	-	-	-	-
9	توسط	-	-	-	-
10	بنیان	-	-	-	-
11	گذار	-	-	-	-
12	جمهوری	-	-	-	-
13	اسلامی	-	-	-	-
14	ایران	-	-	-	-
15	انتخاب	-	-	-	-
16	شدند	-	-	-	-
17	.	-	-	-	-

0	معابد	-	-	-	-
1	و	-	-	-	-
2	مساجد	-	-	-	-
3	اماکن	-	-	-	-
4	مقدسی	-	-	-	-
5	هستند	-	-	-	-
6	.	-	-	-	-

0	که	-	-	-	-
1	مفاهیم	-	-	-	-
2	و	-	-	-	-
3	رموز	-	-	-	-
4	معنوی	-	-	-	-
5	را	-	-	-	-
6	به	-	-	-	-
7	مردم	-	-	-	-
8	منتقل	-	-	-	-
9	می‌کنند	-	-	-	-
10	.	-	-	-	-

0	حقایق	-	-	-	-
1	عقاید	-	-	-	-
2	فقهای	-	-	-	-
3	پیشین	-	-	-	-
4	بر	-	-	-	-
5	ما	-	-	-	-
6	پوشیده‌است	-	-	-	-
7	.	-	-	-	-

0	اسامی	-	-	-	-
1	اسرای	-	-	-	-
2	تحت	-	-	-	-
3	امر	-	-	-	-
4	امیر	-	-	-	-
5	اعلام	-	-	-	-
6	شدند	-	-	-	-
7	.	-	-	-	-

0	پاکروان	-	-	-	-
1	کسی	-	-	-	-
2	است	-	-	-	-
3	که	-	-	-	-
4	روان	-	-	-	-
5	پاکی	-	-	-	-
6	داشته‌باشد	-	-	-	-
7	پرندگان	-	-	-	-
8	مهاجر	-	-	-	-
9	همچون	-	-	-	-
10	آزادگان	-	-	-	-
11	به	-	-	-	-
12	مرغزار	-	-	-	-
13	بازگشتند	-	-	-	-
14	.	-	-	-	-

0	آیا	-	-	-	-
1	مسئولین	-	-	-	-
2	میتوانند	-	-	-	-
3	شایستگیشان	-	-	-	-
4	را	-	-	-	-
5	نشان	-	-	-	-
6	دهند	-	-	-	-
7	.	-	-	-	-

0	و	-	-	-	-
1	مسئولیت	-	-	-	-
2	تصمیمات	-	-	-	-
3	خود	-	-	-	-
4	را	-	-	-	-
5	بر‌عهده‌بگیرند	-	-	-	-
6	.	-	-	-	-

0	سبزیجات	-	-	-	-
1	و	-	-	-	-
2	صیفیجات	-	-	-	-
3	در	-	-	-	-
4	کنار	-	-	-	-
5	نشاسته	-	-	-	-
6	و	-	-	-	-
7	غلات	-	-	-	-
8	باید	-	-	-	-
9	در	-	-	-	-
10	رژیم	-	-	-	-
11	غذایی	-	-	-	-
12	در	-	-	-	-
13	نظر	-	-	-	-
14	گرفته‌شود	-	-	-	-
15	.	-	-	-	-

0	آیندگان	-	-	-	-
1	نیز	-	-	-	-
2	همانند	-	-	-	-
3	گذشتگان	-	-	-	-
4	با	-	-	-	-
5	چالش‌های	-	-	-	-
6	فراوانی	-	-	-	-
7	دست‌و‌پنجه	-	-	-	-
8	نرم‌خواهند	-	-	-	-
9	کرد	-	-	-	-
10	دبیرستان	-	-	-	-
11	شایستگان	-	-	-	-
12	یکی	-	-	-	-
13	از	-	-	-	-
14	مدارس	-	-	-	-
15	غیرانتفاعی	-	-	-	-
16	است	-	-	-	-
17	که	-	-	-	-
18	در	-	-	-	-
19	حوزه‌های	-	-	-	-
20	علوم	-	-	-	-
21	انسانی	-	-	-	-
22	ریاضیات	-	-	-	-
23	و	-	-	-	-
24	علوم	-	-	-	-
25	تجربی	-	-	-	-
26	به	-	-	-	-
27	تعلیم	-	-	-	-
28	و	-	-	-	-
29	تربیت	-	-	-	-
30	دانش‌آموزان	-	-	-	-
31	می‌پردازد	-	-	-	-
32	آزادگی	-	-	-	-
33	و	-	-	-	-
34	آزاد‌منشی	-	-	-	-
35	از	-	-	-	-
36	ویژگیهای	-	-	-	-
37	اصلی	-	-	-	-
38	و	-	-	-	-
39	شاخص	-	-	-	-
40	امامان	-	-	-	-
41	بود	-	-	-	-
42	.	-	-	-	-

0	امروزه	-	-	-	-
1	الگوریتم‌های	-	-	-	-
2	فراابتکاری	-	-	-	-
3	نقش	-	-	-	-
4	مهمی	-	-	-	-
5	در	-	-	-	-
6	حل	-	-	-	-
7	مسائل	-	-	-	-
8	بهینه‌سازی	-	-	-	-
9	چند‌هدفه	-	-	-	-
10	دارند	-	-	-	-
11	.	-	-	-	-

0	بادکنک	-	-	-	-
1	بوسیلهی	-	-	-	-
2	گاز	-	-	-	-
3	هلیوم	-	-	-	-
4	پرشده	-	-	-	-
5	بود	-	-	-	-
6	بادبادکرانی	-	-	-	-
7	و	-	-	-	-
8	قایقرانی	-	-	-	-
9	شغل	-	-	-	-
10	جالبیست	-	-	-	-
11	.	-	-	-	-

0	که	-	-	-	-
1	نیاز	-	-	-	-
2	به‌مهارت‌های	-	-	-	-
3	خاص	-	-	-	-
4	خود	-	-	-	-
5	را	-	-	-	-
6	دارند	-	-	-	-
7	.	-	-	-	-

0	شنوندگان	-	-	-	-
1	و	-	-	-	-
2	بینندگان	-	-	-	-
3	این	-	-	-	-
4	برنامه	-	-	-	-
5	گروه	-	-	-	-
6	سنی	-	-	-	-
7	خاصی	-	-	-	-
8	هستند	-	-	-	-
9	.	-	-	-	-

0	فعالیت‌های	-	-	-	-
1	مرکز	-	-	-	-
2	مذاهب	-	-	-	-
3	اسلامی	-	-	-	-
4	در	-	-	-	-
5	شانگهای	-	-	-	-
6	به	-	-	-	-
7	جویندگان	-	-	-	-
8	اسلام	-	-	-	-
9	معرفی	-	-	-	-
10	شد	-	-	-	-
11	.	-	-	-	-

0	مقالات	-	-	-	-
1	و	-	-	-	-
2	تحقیقات	-	-	-	-
3	بسیاری	-	-	-	-
4	برای	-	-	-	-
5	پیشگیری	-	-	-	-
6	از	-	-	-	-
7	بیماریهای	-	-	-	-
8	عفونی	-	-	-	-
9	و	-	-	-	-
10	باکتریایی	-	-	-	-
11	ارائه‌شده	-	-	-	-
12	است	-	-	-	-
13	.	-	-	-	-

0	پاکستان	-	-	-	-
1	و	-	-	-	-
2	افغانستان	-	-	-	-
3	کشورهای	-	-	-	-
4	همسایه‌ی	-	-	-	-
5	شرقی	-	-	-	-
6	ایران	-	-	-	-
7	هستند	-	-	-	-
8	که	-	-	-	-
9	تضاد	-	-	-	-
10	منافع	-	-	-	-
11	با	-	-	-	-
12	یکدیگر	-	-	-	-
13	دارد	-	-	-	-
14	.	-	-	-	-

0	فاطمه	-	-	-	-
1	مراعات	-	-	-	-
2	حضور	-	-	-	-
3	مادرش	-	-	-	-
4	را	-	-	-	-
5	نمی‌کرد	-	-	-	-
6	.	-	-	-	-

0	یکی	-	-	-	-
1	از	-	-	-	-
2	آرایه‌های	-	-	-	-
3	ادبی	-	-	-	-
4	مراعات	-	-	-	-
5	نظیر	-	-	-	-
6	است	-	-	-	-
7	.	-	-	-	-

0	کلان	-	-	-	-
1	شهر	-	-	-	-
2	اصفهان	-	-	-	-
3	مشکلات	-	-	-	-
4	و	-	-	-	-
5	معضلات	-	-	-	-
6	خود	-	-	-	-
7	را	-	-	-	-
8	دارد	-	-	-	-
9	.	-	-	-	-

0	هان	-	-	-	-
1	ای	-	-	-	-
2	پسر	-	-	-	-
3	!	-	-	-	-

0	مکان	-	-	-	-
1	تاریک	-	-	-	-
2	جای	-	-	-	-
3	خوبی‌برای	-	-	-	-
4	رشد	-	-	-	-
5	باکتری‌ها	-	-	-	-
6	است	-	-	-	-
7	.	-	-	-	-

0	زمان	-	-	-	-
1	بازی	-	-	-	-
2	فوتبال	-	-	-	-
3	بارسلونا	-	-	-	-
4	و	-	-	-	-
5	رئال‌مادرید	-	-	-	-
6	ساعت	-	-	-	-
7	۲۰	-	-	-	-
8	روز	-	-	-	-
9	هجدهم	-	-	-	-
10	آبان	-	-	-	-
11	است	-	-	-	-
12	.	-	-	-	-

0	طاووس	-	-	-	-
1	خرامان	-	-	-	-
2	،	-	-	-	-
3	خرامان	-	-	-	-
4	راه	-	-	-	-
5	می‌رود	-	-	-	-
6	.	-	-	-	-

0	همه‌ی	-	-	-	-
1	شهرها	-	-	-	-
2	یک	-	-	-	-
3	میدان	-	-	-	-
4	به	-	-	-	-
5	نام	-	-	-	-
6	آزادی	-	-	-	-
7	دارند	-	-	-	-
8	.	-	-	-	-

0	علی	-	-	-	-
1	دوان‌دوان	-	-	-	-
2	گریان	-	-	-	-
3	و	-	-	-	-
4	نالان	-	-	-	-
5	به	-	-	-	-
6	مدرسه	-	-	-	-
7	رفت	-	-	-	-
8	.	-	-	-	-

0	کشور	-	-	-	-
1	آلمان	-	-	-	-
2	در	-	-	-	-
3	قاره‌ی	-	-	-	-
4	سبز	-	-	-	-
5	قرار	-	-	-	-
6	دارد	-	-	-	-
7	.	-	-	-	-

0	شکوفه	-	-	-	-
1	خندان	-	-	-	-
2	با	-	-	-	-
3	شیرینی	-	-	-	-
4	وارد	-	-	-	-
5	شد	-	-	-	-
6	.	-	-	-	-

0	امان	-	-	-	-
1	بده	-	-	-	-
2	!!!	-	-	-	-

0	امارات	-	-	-	-
1	متحده	-	-	-	-
2	عربی	-	-	-	-
3	یکی	-	-	-	-
4	از	-	-	-	-
5	کشورهای	-	-	-	-
6	حوزه‌ی	-	-	-	-
7	خلیج‌فارس	-	-	-	-
8	است	-	-	-	-
9	.	-	-	-	-

0	Emily	-	-	-	-
1	Rose	-	-	-	-
2	در	-	-	-	-
3	سال	-	-	-	-
4	۱۹۹۷	-	-	-	-
5	جن‌زده	-	-	-	-
6	شد	-	-	-	-
7	.	-	-	-	-

0	ناودانی‌ها	-	-	-	-
1	از	-	-	-	-
2	آشغال	-	-	-	-
3	پرشده	-	-	-	-
4	بود	-	-	-	-
5	.	-	-	-	-

0	نادان	-	-	-	-
1	همه	-	-	-	-
2	را	-	-	-	-
3	به	-	-	-	-
4	چشم	-	-	-	-
5	خویش	-	-	-	-
6	می‌بیند	-	-	-	-
7	.	-	-	-	-

0	سعید	-	-	-	-
1	در	-	-	-	-
2	عنفوان	-	-	-	-
3	جوانی	-	-	-	-
4	در	-	-	-	-
5	گذشت	-	-	-	-
6	.	-	-	-	-

0	قوری	-	-	-	-
1	گلگلی	-	-	-	-
2	شکست	-	-	-	-
3	.	-	-	-	-

0	در	-	-	-	-
1	این	-	-	-	-
2	دنیای	-	-	-	-
3	وانفساء	-	-	-	-
4	…	-	-	-	-
5	حسرت‌زای	-	-	-	-
6	بی	-	-	-	-
7	فردا	-	-	-	-
8	خدایا	-	-	-	-
9	عاشقان	-	-	-	-
10	را	-	-	-	-
11	غم	-	-	-	-
12	مده	-	-	-	-
13	.	-	-	-	-

0	نردبان	-	-	-	-
1	ترقی	-	-	-	-
2	را	-	-	-	-
3	به‌سرعت	-	-	-	-
4	طی	-	-	-	-
5	کرد	-	-	-	-
6	.	-	-	-	-

0	ادبیات	-	-	-	-
1	پارسی	-	-	-	-
2	تاریخچه‌ی	-	-	-	-
3	دیرینه‌ای	-	-	-	-
4	دارد	-	-	-	-
5	.	-	-	-	-

0	شهر	-	-	-	-
1	ابادان	-	-	-	-
2	عروس	-	-	-	-
3	ایران	-	-	-	-
4	است	-	-	-	-
5	.	-	-	-	-

0	لیوان	-	-	-	-
1	پر	-	-	-	-
2	از	-	-	-	-
3	چای	-	-	-	-
4	شکست	-	-	-	-
5	و	-	-	-	-
6	او	-	-	-	-
7	را	-	-	-	-
8	سوزاند	-	-	-	-
9	.	-	-	-	-

0	واردات	-	-	-	-
1	و	-	-	-	-
2	صادرات	-	-	-	-
3	کشمش	-	-	-	-
4	سود	-	-	-	-
5	خوبی	-	-	-	-
6	دارد	-	-	-	-
7	.	-	-	-	-

0	شایان	-	-	-	-
1	ذکر	-	-	-	-
2	است	-	-	-	-
3	که	-	-	-	-
4	رفسنجان	-	-	-	-
5	پسته‌ی	-	-	-	-
6	مرغوبی	-	-	-	-
7	دارد	-	-	-	-
8	.	-	-	-	-

0	باغ	-	-	-	-
1	بی‌برگی	-	-	-	-
2	که	-	-	-	-
3	میگوید	-	-	-	-
4	که	-	-	-	-
5	زیبا	-	-	-	-
6	نیست	-	-	-	-
7	.	-	-	-	-

0	شیروان	-	-	-	-
1	یکی	-	-	-	-
2	از	-	-	-	-
3	شهرستانهای	-	-	-	-
4	کرمانشاه	-	-	-	-
5	است	-	-	-	-
6	.	-	-	-	-

0	آسمان	-	-	-	-
1	آبی‌زمین	-	-	-	-
2	پاک	-	-	-	-
3	…	-	-	-	-
4	…	-	-	-	-
5	…	-	-	-	-
6	.	-	-	-	-

0	شمیران	-	-	-	-
1	نام	-	-	-	-
2	منطقه‌ای	-	-	-	-
3	در	-	-	-	-
4	تهران	-	-	-	-
5	است	-	-	-	-
6	.	-	-	-	-

0	لیفان	-	-	-	-
1	یک	-	-	-	-
2	خودروی	-	-	-	-
3	چینیست	-	-	-	-
4	که	-	-	-	-
5	بدرد	-	-	-	-
6	نمی‌خورد	-	-	-	-
7	.	-	-	-	-

0	ما	-	-	-	-
1	باید	-	-	-	-
2	همواره	-	-	-	-
3	به‌دنبال	-	-	-	-
4	آرمان	-	-	-	-
5	خود	-	-	-	-
6	باشیم	-	-	-	-
7	.	-	-	-	-

0	خفتان	-	-	-	-
1	خود	-	-	-	-
2	را	-	-	-	-
3	پوشید	-	-	-	-
4	و	-	-	-	-
5	به	-	-	-	-
6	میدان	-	-	-	-
7	رزم	-	-	-	-
8	رفت	-	-	-	-
9	.	-	-	-	-

0	ریختن	-	-	-	-
1	زباله	-	-	-	-
2	در	-	-	-	-
3	دامان	-	-	-	-
4	طبیعت	-	-	-	-
5	بی‌فرهنگی	-	-	-	-
6	است	-	-	-	-
7	.	-	-	-	-

0	شکلات	-	-	-	-
1	فرمند	-	-	-	-
2	یکی	-	-	-	-
3	از	-	-	-	-
4	مرغوبترین	-	-	-	-
5	برندها	-	-	-	-
6	در	-	-	-	-
7	این	-	-	-	-
8	حوزه	-	-	-	-
9	است	-	-	-	-
10	.	-	-	-	-

0	خزان	-	-	-	-
1	فصلیست	-	-	-	-
2	که	-	-	-	-
3	در	-	-	-	-
4	آن	-	-	-	-
5	برگ	-	-	-	-
6	درختان	-	-	-	-
7	زرد	-	-	-	-
8	می‌شود	-	-	-	-
9	.	-	-	-	-

0	وزیر	-	-	-	-
1	علوم	-	-	-	-
2	درجمع	-	-	-	-
3	استادان	-	-	-	-
4	نمونه	-	-	-	-
5	:	-	-	-	-

0	سن	-	-	-	-
1	بازنشستگی	-	-	-	-
2	استادان	-	-	-	-
3	نمونه	-	-	-	-
4	به	-	-	-	-
5	۷۰	-	-	-	-
6	سال	-	-	-	-
7	افزایش	-	-	-	-
8	می‌یابد	-	-	-	-
9	اصوات	-	-	-	-
10	وزیدن	-	-	-	-
11	بادما	-	-	-	-
12	را	-	-	-	-
13	ترساند	-	-	-	-
14	.	-	-	-	-

0	دانشگاه	-	-	-	-
1	باید	-	-	-	-
2	مهد	-	-	-	-
3	چالشهای	-	-	-	-
4	گفتمانی	-	-	-	-
5	و	-	-	-	-
6	خط‌دهنده	-	-	-	-
7	و	-	-	-	-
8	برنامه‌ریز	-	-	-	-
9	جریانات	-	-	-	-
10	سیاسی	-	-	-	-
11	باشد	-	-	-	-
12	.	-	-	-	-

0	دفاتر	-	-	-	-
1	سازمانملل	-	-	-	-
2	متحددر	-	-	-	-
3	همه‌ی	-	-	-	-
4	پایتختهای	-	-	-	-
5	جهان	-	-	-	-
6	هستند	-	-	-	-
7	.	-	-	-	-

0	دختری	-	-	-	-
1	بالباس	-	-	-	-
2	صورتی	-	-	-	-
3	را	-	-	-	-
4	دیدم	-	-	-	-
5	که	-	-	-	-
6	صورتی	-	-	-	-
7	زیبا	-	-	-	-
8	داشت	-	-	-	-
9	.	-	-	-	-

0	توصیه	-	-	-	-
1	ما	-	-	-	-
2	در	-	-	-	-
3	جهت	-	-	-	-
4	تلاش	-	-	-	-
5	برای	-	-	-	-
6	دانایی	-	-	-	-
7	محوری	-	-	-	-
8	و	-	-	-	-
9	توسعه	-	-	-	-
10	گفتمان	-	-	-	-
11	علمی	-	-	-	-
12	به	-	-	-	-
13	معنی	-	-	-	-
14	عدم	-	-	-	-
15	تمایل	-	-	-	-
16	به	-	-	-	-
17	مباحث	-	-	-	-
18	سیاسی	-	-	-	-
19	نیست	-	-	-	-
20	؛	-	-	-	-
21	بلکه	-	-	-	-
22	بر‌عکس	-	-	-	-
23	،	-	-	-	-
24	دانشگاه	-	-	-	-
25	باید	-	-	-	-
26	مهد	-	-	-	-
27	چالشهای	-	-	-	-
28	گفتمانی	-	-	-	-
29	باشد	-	-	-	-
30	ولی	-	-	-	-
31	این	-	-	-	-
32	امر	-	-	-	-
33	،	-	-	-	-
34	بدان	-	-	-	-
35	معنی‌نیست	-	-	-	-
36	که	-	-	-	-
37	دانشگاه	-	-	-	-
38	،	-	-	-	-
39	ابزار	-	-	-	-
40	دست	-	-	-	-
41	سیاسیون	-	-	-	-
42	قرار	-	-	-	-
43	بگیرد	-	-	-	-
44	.	-	-	-	-

0	وی	-	-	-	-
1	تأکید	-	-	-	-
2	کرد	-	-	-	-
3	:	-	-	-	-

0	دانشگاه	-	-	-	-
1	نه‌تنها	-	-	-	-
2	نباید	-	-	-	-
3	تحت	-	-	-	-
4	تأثیر	-	-	-	-
5	القائات	-	-	-	-
6	سیاسی	-	-	-	-
7	قرار	-	-	-	-
8	بگیرد	-	-	-	-
9	؛	-	-	-	-
10	بلکه	-	-	-	-
11	باید	-	-	-	-
12	خط‌دهنده	-	-	-	-
13	و	-	-	-	-
14	برنامه‌ریز	-	-	-	-
15	جریانات	-	-	-	-
16	سیاسی	-	-	-	-
17	باشد	-	-	-	-
18	و	-	-	-	-
19	مهمترین	-	-	-	-
20	عنصر	-	-	-	-
21	پیاده	-	-	-	-
22	شدن	-	-	-	-
23	این	-	-	-	-
24	آرمان	-	-	-	-
25	،	-	-	-	-
26	دانشجویان	-	-	-	-
27	و	-	-	-	-
28	اعضای	-	-	-	-
29	هیات	-	-	-	-
30	علمی	-	-	-	-
31	دانشگاهها	-	-	-	-
32	و	-	-	-	-
33	در	-	-	-	-
34	رأس	-	-	-	-
35	آنها	-	-	-	-
36	استادان	-	-	-	-
37	نمونه	-	-	-	-
38	هستند	-	-	-	-
39	.	-	-	-	-

0	اگر	-	-	-	-
1	چه	-	-	-	-
2	دانشگاهها	-	-	-	-
3	باید	-	-	-	-
4	پرچمدار	-	-	-	-
5	کرسیهای	-	-	-	-
6	آزاد‌اندیشی	-	-	-	-
7	و	-	-	-	-
8	حاکمیت	-	-	-	-
9	دانایی	-	-	-	-
10	محوری	-	-	-	-
11	باشند	-	-	-	-
12	،	-	-	-	-
13	باید	-	-	-	-
14	توجه	-	-	-	-
15	داشته‌باشند	-	-	-	-
16	که	-	-	-	-
17	ناخودآگاه	-	-	-	-
18	تحت	-	-	-	-
19	تأثیر	-	-	-	-
20	جوسازیها	-	-	-	-
21	و	-	-	-	-
22	القائات	-	-	-	-
23	رسانه‌ها	-	-	-	-
24	قرار	-	-	-	-
25	نگیرند	-	-	-	-
26	.	-	-	-	-

0	اقدامات	-	-	-	-
1	انجام‌شده	-	-	-	-
2	در	-	-	-	-
3	جهت	-	-	-	-
4	ارتقای	-	-	-	-
5	جایگاه	-	-	-	-
6	استادان	-	-	-	-
7	نمونه	-	-	-	-
8	اشاره	-	-	-	-
9	کرد	-	-	-	-
10	و	-	-	-	-
11	گفت	-	-	-	-
12	:	-	-	-	-

0	در	-	-	-	-
1	بنیاد	-	-	-	-
2	نخبگان	-	-	-	-
3	،	-	-	-	-
4	استادان	-	-	-	-
5	نمونه	-	-	-	-
6	از	-	-	-	-
7	مصادیق	-	-	-	-
8	نخبگان	-	-	-	-
9	شناخته‌شدند	-	-	-	-
10	و	-	-	-	-
11	این	-	-	-	-
12	امر	-	-	-	-
13	به	-	-	-	-
14	لحاظ	-	-	-	-
15	معنوی	-	-	-	-
16	،	-	-	-	-
17	اهمیت	-	-	-	-
18	ویژهای	-	-	-	-
19	دارد	-	-	-	-
20	.	-	-	-	-
21	،	-	-	-	-
22	در	-	-	-	-
23	تعریف	-	-	-	-
24	و	-	-	-	-
25	تعیین	-	-	-	-
26	شاخصهای	-	-	-	-
27	لازم	-	-	-	-
28	برای	-	-	-	-
29	انتخاب	-	-	-	-
30	«	-	-	-	-
31	استاد	-	-	-	-
32	نمونه	-	-	-	-
33	»	-	-	-	-
34	بازنگری	-	-	-	-
35	کنند	-	-	-	-
36	با	-	-	-	-
37	وسواس	-	-	-	-
38	و	-	-	-	-
39	دقت	-	-	-	-
40	،	-	-	-	-
41	همچنین	-	-	-	-
42	در	-	-	-	-
43	این	-	-	-	-
44	برنامه	-	-	-	-
45	از	-	-	-	-
46	جمعی	-	-	-	-
47	از	-	-	-	-
48	دانش‌آموختهگان	-	-	-	-
49	نمونه	-	-	-	-
50	و	-	-	-	-
51	استادان	-	-	-	-
52	پیش‌کسوت	-	-	-	-
53	این	-	-	-	-
54	موسسه	-	-	-	-
55	تقدیر	-	-	-	-
56	می‌شود	-	-	-	-
57	.	-	-	-	-

0	سقراط	-	-	-	-
1	به	-	-	-	-
2	دستوردادستان	-	-	-	-
3	جام	-	-	-	-
4	شوکران	-	-	-	-
5	را	-	-	-	-
6	نوشید	-	-	-	-
7	.	-	-	-	-

0	هم	-	-	-	-
1	چنین	-	-	-	-
2	نتایج	-	-	-	-
3	مشروطین	-	-	-	-
4	اسفند	-	-	-	-
5	ماه	-	-	-	-
6	۸۲	-	-	-	-
7	که	-	-	-	-
8	درس	-	-	-	-
9	مشروطی	-	-	-	-
10	خود	-	-	-	-
11	را	-	-	-	-
12	در	-	-	-	-
13	آزمون	-	-	-	-
14	مرداد‌ماه	-	-	-	-
15	۸۳	-	-	-	-
16	امتحان	-	-	-	-
17	داده‌اند	-	-	-	-
18	.	-	-	-	-

0	مردی	-	-	-	-
1	به	-	-	-	-
2	اطفال	-	-	-	-
3	گفت	-	-	-	-
4	که	-	-	-	-
5	گلها	-	-	-	-
6	را	-	-	-	-
7	نکنند	-	-	-	-
8	.	-	-	-	-

0	بنا‌به	-	-	-	-
1	دلایل	-	-	-	-
2	معرفی‌شده	-	-	-	-
3	با	-	-	-	-
4	اخذ	-	-	-	-
5	نمرات	-	-	-	-
6	‌	-	-	-	-
7	٢٠	-	-	-	-
8	غیر	-	-	-	-
9	واقعی	-	-	-	-
10	به	-	-	-	-
11	گروه	-	-	-	-
12	معدل	-	-	-	-
13	بیست‌ها	-	-	-	-
14	پیوسته‌اند	-	-	-	-
15	که	-	-	-	-
16	در	-	-	-	-
17	طول	-	-	-	-
18	‌	-	-	-	-
19	١٤	-	-	-	-
20	سال	-	-	-	-
21	گذشته	-	-	-	-
22	بر	-	-	-	-
23	تعداد	-	-	-	-
24	این	-	-	-	-
25	معدل	-	-	-	-
26	بیست‌ها	-	-	-	-
27	به‌طور	-	-	-	-
28	بی‌رویه‌ای	-	-	-	-
29	اضافه‌شده	-	-	-	-
30	است	-	-	-	-
31	این	-	-	-	-
32	محقق	-	-	-	-
33	تاکید	-	-	-	-
34	دارد	-	-	-	-
35	:	-	-	-	-

0	منطقی‌ترین	-	-	-	-
1	روش	-	-	-	-
2	ارزش	-	-	-	-
3	یابی	-	-	-	-
4	سیره	-	-	-	-
5	نبوی	-	-	-	-
6	رشته‌های	-	-	-	-
7	متنوع	-	-	-	-
8	دیگری	-	-	-	-
9	همچون	-	-	-	-
10	وبلاگ‌نویسی	-	-	-	-
11	،	-	-	-	-
12	کتابخوانی	-	-	-	-
13	،	-	-	-	-
14	گرافیک	-	-	-	-
15	،	-	-	-	-
16	کاریکاتور	-	-	-	-
17	،	-	-	-	-
18	شعر	-	-	-	-
19	،	-	-	-	-
20	داستان	-	-	-	-
21	کوتاه	-	-	-	-
22	،	-	-	-	-
23	عکاسی	-	-	-	-
24	،	-	-	-	-
25	خوشنویسی	-	-	-	-
26	،	-	-	-	-
27	چهل	-	-	-	-
28	حدیث‌نویسی	-	-	-	-
29	،	-	-	-	-
30	نماهنگ	-	-	-	-
31	و	-	-	-	-
32	فیلم	-	-	-	-
33	کوتاه	-	-	-	-
34	پیش‌بینی	-	-	-	-
35	شده‌است	-	-	-	-
36	.	-	-	-	-

0	نخستین	-	-	-	-
1	مرکز	-	-	-	-
2	آموزش	-	-	-	-
3	عالی	-	-	-	-
4	بین‌المللی	-	-	-	-
5	دانشگاه	-	-	-	-
6	موناش	-	-	-	-
7	استرالیا	-	-	-	-
8	در	-	-	-	-
9	کیش	-	-	-	-
10	آغاز	-	-	-	-
11	به	-	-	-	-
12	کار	-	-	-	-
13	کرد	-	-	-	-
14	.	-	-	-	-

0	وی	-	-	-	-
1	اعلام	-	-	-	-
2	و	-	-	-	-
3	پیش‌بینی	-	-	-	-
4	کرد	-	-	-	-
5	دومین	-	-	-	-
6	گردهمآیی	-	-	-	-
7	دانشجویان	-	-	-	-
8	.	-	-	-	-

0	هفتمین	-	-	-	-
1	اجلاس	-	-	-	-
2	مشترک	-	-	-	-
3	هیاتهای	-	-	-	-
4	امنای	-	-	-	-
5	دانشگاهها	-	-	-	-
6	و	-	-	-	-
7	موسسات	-	-	-	-
8	آموزش	-	-	-	-
9	عالی	-	-	-	-
10	و	-	-	-	-
11	پژوهشی	-	-	-	-
12	برگزار	-	-	-	-
13	شد	-	-	-	-
14	.	-	-	-	-

0	آیین‌نامه‌های	-	-	-	-
1	مالی	-	-	-	-
2	و	-	-	-	-
3	معاملاتی	-	-	-	-
4	دانشگاهها	-	-	-	-
5	برای	-	-	-	-
6	رفع	-	-	-	-
7	معضلات	-	-	-	-
8	معیشتی	-	-	-	-
9	،	-	-	-	-
10	کارکنان	-	-	-	-
11	.	-	-	-	-

0	موجب	-	-	-	-
1	نگرانی	-	-	-	-
2	افکار	-	-	-	-
3	عمومی	-	-	-	-
4	و	-	-	-	-
5	ایجاد	-	-	-	-
6	بد	-	-	-	-
7	بینی	-	-	-	-
8	در	-	-	-	-
9	اذهان	-	-	-	-
10	جوانان	-	-	-	-
11	داوطلب	-	-	-	-
12	ورود	-	-	-	-
13	به	-	-	-	-
14	دانشگاه‌ها	-	-	-	-
15	شده‌است	-	-	-	-
16	.	-	-	-	-

0	هرگونه	-	-	-	-
1	شائبه‌ای	-	-	-	-
2	به	-	-	-	-
3	دور	-	-	-	-
4	است	-	-	-	-
5	و	-	-	-	-
6	به‌هیچ‌وجه	-	-	-	-
7	ورود	-	-	-	-
8	داوطلبی	-	-	-	-
9	به	-	-	-	-
10	دانشگاه	-	-	-	-
11	بدون	-	-	-	-
12	شرکت	-	-	-	-
13	در	-	-	-	-
14	آزمون	-	-	-	-
15	سراسری	-	-	-	-
16	و	-	-	-	-
17	کسب	-	-	-	-
18	اولویت	-	-	-	-
19	علمی	-	-	-	-
20	امکان‌پذیر	-	-	-	-
21	نبوده	-	-	-	-
22	و	-	-	-	-
23	نیست	-	-	-	-
24	.	-	-	-	-

0	به	-	-	-	-
1	واحدهای	-	-	-	-
2	دانشگاهی	-	-	-	-
3	تهران	-	-	-	-
4	سماء	-	-	-	-
5	،	-	-	-	-
6	آشتیان	-	-	-	-
7	،	-	-	-	-
8	‌	-	-	-	-
9	اراک	-	-	-	-
10	،	-	-	-	-
11	اسلامشهر	-	-	-	-
12	،	-	-	-	-
13	قائم	-	-	-	-
14	شهر	-	-	-	-
15	،	-	-	-	-
16	خوی	-	-	-	-
17	،	-	-	-	-
18	رودهن	-	-	-	-
19	،	-	-	-	-
20	زرند	-	-	-	-
21	،	-	-	-	-
22	زنجان	-	-	-	-
23	،	-	-	-	-
24	سوادکوه	-	-	-	-
25	،	-	-	-	-
26	شاهرود	-	-	-	-
27	،	-	-	-	-
28	شبستر	-	-	-	-
29	،	-	-	-	-
30	شهرکرد	-	-	-	-
31	،	-	-	-	-
32	علوم	-	-	-	-
33	و	-	-	-	-
34	تحقیقات	-	-	-	-
35	تهران	-	-	-	-
36	،	-	-	-	-
37	کاشان	-	-	-	-
38	،	-	-	-	-
39	کرج	-	-	-	-
40	،	-	-	-	-
41	کرمان	-	-	-	-
42	،	-	-	-	-
43	مراغه	-	-	-	-
44	،	-	-	-	-
45	میمه	-	-	-	-
46	،	-	-	-	-
47	ورامین	-	-	-	-
48	و	-	-	-	-
49	…	-	-	-	-
50	در	-	-	-	-
51	مقطع	-	-	-	-
52	کارشناسی	-	-	-	-
53	ارشد	-	-	-	-
54	در	-	-	-	-
55	شاخه‌های	-	-	-	-
56	بیوسیستماتیک	-	-	-	-
57	،	-	-	-	-
58	گیاهی	-	-	-	-
59	و	-	-	-	-
60	جانوری	-	-	-	-
61	جنین‌شناسی	-	-	-	-
62	،	-	-	-	-
63	اکولوژی	-	-	-	-
64	،	-	-	-	-
65	فیزیولوژی	-	-	-	-
66	،	-	-	-	-
67	سلولی	-	-	-	-
68	،	-	-	-	-
69	مولکولی	-	-	-	-
70	و	-	-	-	-
71	بیوشیمی	-	-	-	-
72	و	-	-	-	-
73	در	-	-	-	-
74	دوره‌	-	-	-	-
75	دکترا	-	-	-	-
76	در	-	-	-	-
77	گرایش	-	-	-	-
78	سلولی	-	-	-	-
79	،	-	-	-	-
80	مولکولی	-	-	-	-
81	مشغول	-	-	-	-
82	به	-	-	-	-
83	تحصیل	-	-	-	-
84	می‌باشند	-	-	-	-
85	.	-	-	-	-

0	کارخانه‌های	-	-	-	-
1	مواد	-	-	-	-
2	غذایی	-	-	-	-
3	و	-	-	-	-
4	اداره‌های‌	-	-	-	-
5	بهداشت	-	-	-	-
6	فعالیت	-	-	-	-
7	کنند	-	-	-	-
8	.	-	-	-	-

0	با	-	-	-	-
1	این	-	-	-	-
2	حال	-	-	-	-
3	شورای	-	-	-	-
4	شهر	-	-	-	-
5	در‌کل	-	-	-	-
6	یک	-	-	-	-
7	امر	-	-	-	-
8	سرنوشت‌ساز	-	-	-	-
9	بوده	-	-	-	-
10	و	-	-	-	-
11	امید	-	-	-	-
12	است	-	-	-	-
13	تا	-	-	-	-
14	،	-	-	-	-
15	مشارکت	-	-	-	-
16	داشته‌باشند	-	-	-	-
17	.	-	-	-	-

0	تاکید	-	-	-	-
1	کرد	-	-	-	-
2	:	-	-	-	-

0	اگر	-	-	-	-
1	به	-	-	-	-
2	دانشمندان	-	-	-	-
3	ارج	-	-	-	-
4	ننهیم	-	-	-	-
5	،	-	-	-	-
6	آزادی	-	-	-	-
7	و	-	-	-	-
8	انگیزه	-	-	-	-
9	علمی	-	-	-	-
10	را	-	-	-	-
11	در	-	-	-	-
12	آنان	-	-	-	-
13	تقویت	-	-	-	-
14	نکنیم	-	-	-	-
15	!	-	-	-	-

0	توسعه	-	-	-	-
1	همه‌جانبه	-	-	-	-
2	کشور	-	-	-	-
3	تحقق	-	-	-	-
4	ناپذیر	-	-	-	-
5	خواهد‌ماند	-	-	-	-
6	.	-	-	-	-

0	اظهار	-	-	-	-
1	کرد	-	-	-	-
2	:	-	-	-	-

0	‌	-	-	-	-
1	اسم	-	-	-	-
2	دانشگاهیا	-	-	-	-
3	مردمان	-	-	-	-
4	گرگان	-	-	-	-
5	دچاریاس	-	-	-	-
6	شدند	-	-	-	-
7	.	-	-	-	-

0	نیاکان	-	-	-	-
1	ما	-	-	-	-
2	افرادی	-	-	-	-
3	روشن‌ضمیر	-	-	-	-
4	بودند	-	-	-	-
5	.	-	-	-	-

0	ن	-	-	-	-
1	برخی	-	-	-	-
2	از	-	-	-	-
3	ملاکهای	-	-	-	-
4	رتبه‌بندی	-	-	-	-
5	دانشگاههای	-	-	-	-
6	دنیاست	-	-	-	-
7	.	-	-	-	-

0	برنامه‌ریزی	-	-	-	-
1	شهری	-	-	-	-
2	،	-	-	-	-
3	فیزیک	-	-	-	-
4	،	-	-	-	-
5	جغرافیای	-	-	-	-
6	انسانی-	-	-	-	-
7	علوم	-	-	-	-
8	اقتصادی	-	-	-	-
9	،	-	-	-	-
10	جغرافیای	-	-	-	-
11	طبیعی-	-	-	-	-
12	ژئوموفولوژی	-	-	-	-
13	،	-	-	-	-
14	مدیریت	-	-	-	-
15	بازرگانی-	-	-	-	-
16	بازاریابی	-	-	-	-
17	،	-	-	-	-
18	جغرافیای	-	-	-	-
19	طبیعی-	-	-	-	-
20	اقلیم‌شناسی	-	-	-	-
21	،	-	-	-	-
22	مدیریت	-	-	-	-
23	بازرگانی-	-	-	-	-
24	رفتار	-	-	-	-
25	سازمانی	-	-	-	-
26	و	-	-	-	-
27	مدیریت	-	-	-	-
28	منابع	-	-	-	-
29	انسانی	-	-	-	-
30	،	-	-	-	-
31	جامعه‌شناسی	-	-	-	-
32	،	-	-	-	-
33	روانشناسی	-	-	-	-
34	عمومی	-	-	-	-
35	،	-	-	-	-
36	فلسفه	-	-	-	-
37	،	-	-	-	-
38	مدیریت	-	-	-	-
39	آموزشی	-	-	-	-
40	،	-	-	-	-
41	آموزش	-	-	-	-
42	زبان	-	-	-	-
43	انگلیسی	-	-	-	-
44	،	-	-	-	-
45	برنامه‌ریزی	-	-	-	-
46	درسی	-	-	-	-
47	،	-	-	-	-
48	زبان	-	-	-	-
49	و	-	-	-	-
50	ادبیات	-	-	-	-
51	عرب	-	-	-	-
52	،	-	-	-	-
53	مشاوره	-	-	-	-
54	،	-	-	-	-
55	زبانشناسی	-	-	-	-
56	همگانی	-	-	-	-
57	،	-	-	-	-
58	کامپیوتر-	-	-	-	-
59	نرم‌افزار	-	-	-	-
60	آمار	-	-	-	-
61	،	-	-	-	-
62	کامپیوتر-	-	-	-	-
63	معماری	-	-	-	-
64	کامپیوتر	-	-	-	-
65	،	-	-	-	-
66	ریاضی-	-	-	-	-
67	آنالیز	-	-	-	-
68	،	-	-	-	-
69	ریاضی-	-	-	-	-
70	جبر	-	-	-	-
71	،	-	-	-	-
72	زمین‌شناسی-	-	-	-	-
73	چینه	-	-	-	-
74	و	-	-	-	-
75	فسیل	-	-	-	-
76	شناسی	-	-	-	-
77	و	-	-	-	-
78	میکروبیولوژی	-	-	-	-
79	دانشجوی	-	-	-	-
80	دکترا	-	-	-	-
81	می‌پذیرد	-	-	-	-
82	.	-	-	-	-

0	کسب	-	-	-	-
1	حد‌نصاب	-	-	-	-
2	لازم	-	-	-	-
3	در	-	-	-	-
4	آزمون	-	-	-	-
5	ورودی	-	-	-	-
6	به	-	-	-	-
7	دوره‌ی	-	-	-	-
8	دکتری	-	-	-	-
9	از	-	-	-	-
10	دیگر	-	-	-	-
11	شرایط	-	-	-	-
12	ثبت‌نام	-	-	-	-
13	است	-	-	-	-
14	.	-	-	-	-

0	دانشگاه	-	-	-	-
1	غیر	-	-	-	-
2	مجاز	-	-	-	-
3	هاوایی	-	-	-	-
4	در	-	-	-	-
5	سال	-	-	-	-
6	‌	-	-	-	-
7	۱۳۷۲	-	-	-	-
8	تاسیس	-	-	-	-
9	شد	-	-	-	-
10	و	-	-	-	-
11	۵۰۰	-	-	-	-
12	فارغ‌التحصیل	-	-	-	-
13	بود	-	-	-	-
14	که	-	-	-	-
15	همگی	-	-	-	-
16	آنها	-	-	-	-
17	شناسایی	-	-	-	-
18	شده‌اند	-	-	-	-
19	و	-	-	-	-
20	براساس	-	-	-	-
21	کیفرخواست	-	-	-	-
22	حبس	-	-	-	-
23	تعزیری	-	-	-	-
24	(	-	-	-	-
25	بازدارنده	-	-	-	-
26	)	-	-	-	-
27	به	-	-	-	-
28	اتهام	-	-	-	-
29	کلاهبرداری	-	-	-	-
30	تبرئه‌شده	-	-	-	-
31	و	-	-	-	-
32	حکم	-	-	-	-
33	۳	-	-	-	-
34	سال	-	-	-	-
35	وی	-	-	-	-
36	نیز	-	-	-	-
37	نقض	-	-	-	-
38	شده‌است	-	-	-	-
39	.	-	-	-	-

0	در	-	-	-	-
1	صورت	-	-	-	-
2	ضرورت	-	-	-	-
3	اسامی	-	-	-	-
4	فارغ‌التحصیلان	-	-	-	-
5	ذی‌نفع	-	-	-	-
6	منتشر	-	-	-	-
7	می‌شود	-	-	-	-
8	.	-	-	-	-

0	تبعات	-	-	-	-
1	منفی	-	-	-	-
2	زیادی	-	-	-	-
3	به‌دنبال	-	-	-	-
4	خواهد‌داشت	-	-	-	-
5	.	-	-	-	-

0	سلام	-	-	-	-
1	به‌همه‌ی	-	-	-	-
2	مردم	-	-	-	-
3	ایران	-	-	-	-
4	که	-	-	-	-
5	خوش‌اخلاق	-	-	-	-
6	هستند	-	-	-	-
7	.	-	-	-	-

0	پلنگی	-	-	-	-
1	با	-	-	-	-
2	پوستی	-	-	-	-
3	راه‌راه	-	-	-	-
4	دیدم	-	-	-	-
5	که	-	-	-	-
6	تند‌تند	-	-	-	-
7	می‌دوید	-	-	-	-
8	و	-	-	-	-
9	من	-	-	-	-
10	ترسیدم	-	-	-	-
11	و	-	-	-	-
12	گفتم	-	-	-	-
13	وااای	-	-	-	-
14	.	-	-	-	-

0	محصولاتی	-	-	-	-
1	نظیر	-	-	-	-
2	پلاستیک	-	-	-	-
3	،	-	-	-	-
4	دارو	-	-	-	-
5	،	-	-	-	-
6	موادشوینده	-	-	-	-
7	و	-	-	-	-
8	سوخت‌ها	-	-	-	-
9	در	-	-	-	-
10	واحدهای	-	-	-	-
11	عملی	-	-	-	-
12	استفاده	-	-	-	-
13	می‌کنند	-	-	-	-
14	و	-	-	-	-
15	همچنین	-	-	-	-
16	برای	-	-	-	-
17	بالابردن	-	-	-	-
18	تولید	-	-	-	-
19	برنامه‌ریزی	-	-	-	-
20	می‌کند	-	-	-	-
21	.	-	-	-	-

0	انرژی	-	-	-	-
1	هسته‌ای	-	-	-	-
2	،	-	-	-	-
3	صنایع	-	-	-	-
4	غذایی	-	-	-	-
5	،	-	-	-	-
6	توسعه‌ی	-	-	-	-
7	منابع	-	-	-	-
8	جدید	-	-	-	-
9	انرژی	-	-	-	-
10	،	-	-	-	-
11	تحقیقات	-	-	-	-
12	،	-	-	-	-
13	مدیریت	-	-	-	-
14	،	-	-	-	-
15	پردازش	-	-	-	-
16	داده‌ها	-	-	-	-
17	و	-	-	-	-
18	میزان	-	-	-	-
19	و	-	-	-	-
20	بازار	-	-	-	-
21	فروش	-	-	-	-
22	از	-	-	-	-
23	دیگر	-	-	-	-
24	زمینه‌های	-	-	-	-
25	فعالیت	-	-	-	-
26	مهندسان	-	-	-	-
27	شیمی	-	-	-	-
28	می‌باشد	-	-	-	-
29	.	-	-	-	-

0	اما	-	-	-	-
1	قواغنین	-	-	-	-
2	دست	-	-	-	-
3	و	-	-	-	-
4	پاگیر	-	-	-	-
5	دانشگاه	-	-	-	-
6	قم	-	-	-	-
7	،	-	-	-	-
8	چون	-	-	-	-
9	همیشه	-	-	-	-
10	انگیزه‌ها	-	-	-	-
11	و	-	-	-	-
12	اراده‌ها	-	-	-	-
13	را	-	-	-	-
14	سرد	-	-	-	-
15	و	-	-	-	-
16	بی‌رمق	-	-	-	-
17	می‌نماید	-	-	-	-
18	.	-	-	-	-

0	ترافیک	-	-	-	-
1	شدید	-	-	-	-
2	در	-	-	-	-
3	اتوبان	-	-	-	-
4	چمران	-	-	-	-
5	بسیار	-	-	-	-
6	آزار	-	-	-	-
7	دهنده	-	-	-	-
8	بود	-	-	-	-
9	.	-	-	-	-

0	آهنگی	-	-	-	-
1	شنیدم	-	-	-	-
2	که	-	-	-	-
3	خواننده	-	-	-	-
4	با	-	-	-	-
5	صدایی	-	-	-	-
6	زیبا	-	-	-	-
7	و	-	-	-	-
8	رسا	-	-	-	-
9	آن	-	-	-	-
10	را	-	-	-	-
11	میخواند	-	-	-	-
12	.	-	-	-	-

0	دختری	-	-	-	-
1	با	-	-	-	-
2	کفشهای	-	-	-	-
3	کتانی	-	-	-	-
4	دیدم	-	-	-	-
5	که	-	-	-	-
6	سبزیجات	-	-	-	-
7	میخورد	-	-	-	-
8	.	-	-	-	-

0	واحد	-	-	-	-
1	مرکزی	-	-	-	-
2	خبر	-	-	-	-
3	اخبار	-	-	-	-
4	جدیدی	-	-	-	-
5	را	-	-	-	-
6	مخابره	-	-	-	-
7	کرد	-	-	-	-
8	.	-	-	-	-

0	چرا	-	-	-	-
1	لباسهای	-	-	-	-
2	خواهرت	-	-	-	-
3	را	-	-	-	-
4	اتو	-	-	-	-
5	نکردی	-	-	-	-
6	؟	-	-	-	-

0	دشمنان	-	-	-	-
1	ایران	-	-	-	-
2	در	-	-	-	-
3	همه	-	-	-	-
4	نقاط	-	-	-	-
5	جهان	-	-	-	-
6	پراکننده	-	-	-	-
7	هستند	-	-	-	-
8	.	-	-	-	-

0	گروه	-	-	-	-
1	بزرگ	-	-	-	-
2	موسیقیایی	-	-	-	-
3	پاپ	-	-	-	-
4	راک	-	-	-	-
5	در	-	-	-	-
6	کابل	-	-	-	-
7	کنسرت	-	-	-	-
8	خواهند‌داشت	-	-	-	-
9	.	-	-	-	-

0	دیشب	-	-	-	-
1	برنامه	-	-	-	-
2	۹۰	-	-	-	-
3	به‌علت	-	-	-	-
4	سو	-	-	-	-
5	تفاهم	-	-	-	-
6	بین	-	-	-	-
7	دست	-	-	-	-
8	اندر	-	-	-	-
9	کاران	-	-	-	-
10	پخش	-	-	-	-
11	نشد	-	-	-	-
12	.	-	-	-	-

0	ستارگان	-	-	-	-
1	سینمای	-	-	-	-
2	هالیوود	-	-	-	-
3	بسیار	-	-	-	-
4	پر	-	-	-	-
5	درآمد	-	-	-	-
6	هستند	-	-	-	-
7	.	-	-	-	-

0	سیستم	-	-	-	-
1	کامپیوتری	-	-	-	-
2	شرکتهای	-	-	-	-
3	ایرانی	-	-	-	-
4	قوی	-	-	-	-
5	نیست	-	-	-	-
6	.	-	-	-	-

0	خواهرم	-	-	-	-
1	به	-	-	-	-
2	مغازه	-	-	-	-
3	رفت	-	-	-	-
4	و	-	-	-	-
5	شکلات	-	-	-	-
6	و	-	-	-	-
7	آبنبات	-	-	-	-
8	خرید	-	-	-	-
9	.	-	-	-	-

0	او	-	-	-	-
1	به	-	-	-	-
2	من	-	-	-	-
3	نگاه	-	-	-	-
4	خیلی	-	-	-	-
5	سنگینی	-	-	-	-
6	کرد	-	-	-	-
7	.	-	-	-	-

0	من	-	-	-	-
1	به	-	-	-	-
2	معلمم	-	-	-	-
3	که	-	-	-	-
4	دست	-	-	-	-
5	به	-	-	-	-
6	سینه	-	-	-	-
7	ایستاده‌بود	-	-	-	-
8	نگاه	-	-	-	-
9	بدی	-	-	-	-
10	کردم	-	-	-	-
11	.	-	-	-	-

0	طلاب	-	-	-	-
1	حوزه‌ی	-	-	-	-
2	عملیه	-	-	-	-
3	قم	-	-	-	-
4	بسیار	-	-	-	-
5	پر	-	-	-	-
6	کار	-	-	-	-
7	و	-	-	-	-
8	سخت	-	-	-	-
9	کوش	-	-	-	-
10	هستند	-	-	-	-
11	.	-	-	-	-

0	رانندگی	-	-	-	-
1	با	-	-	-	-
2	سرعت	-	-	-	-
3	بالا	-	-	-	-
4	برای	-	-	-	-
5	سر	-	-	-	-
6	نشینان	-	-	-	-
7	و	-	-	-	-
8	راننده	-	-	-	-
9	خطر	-	-	-	-
10	ناک	-	-	-	-
11	است	-	-	-	-
12	.	-	-	-	-

0	سه	-	-	-	-
1	ماه	-	-	-	-
2	مانده	-	-	-	-
3	به	-	-	-	-
4	جشنواره	-	-	-	-
5	فیلم	-	-	-	-
6	فجر	-	-	-	-
7	بعضی	-	-	-	-
8	از	-	-	-	-
9	کار‌گر	-	-	-	-
10	دانان	-	-	-	-
11	فیلمهای	-	-	-	-
12	خود	-	-	-	-
13	را	-	-	-	-
14	به	-	-	-	-
15	کمیته	-	-	-	-
16	داوران	-	-	-	-
17	تحویل	-	-	-	-
18	دادند	-	-	-	-
19	.	-	-	-	-

0	موسم	-	-	-	-
1	بهاران	-	-	-	-
2	هوای	-	-	-	-
3	شمال	-	-	-	-
4	شهر	-	-	-	-
5	تهران	-	-	-	-
6	بسیار	-	-	-	-
7	دل	-	-	-	-
8	ربا	-	-	-	-
9	میشود	-	-	-	-
10	.	-	-	-	-

0	یکی	-	-	-	-
1	از	-	-	-	-
2	آثار	-	-	-	-
3	بشدت	-	-	-	-
4	دوست‌داشتنی	-	-	-	-
5	جیم	-	-	-	-
6	جارموش	-	-	-	-
7	که	-	-	-	-
8	تماما	-	-	-	-
9	حول	-	-	-	-
10	محور	-	-	-	-
11	گفتگو	-	-	-	-
12	،	-	-	-	-
13	سیگار	-	-	-	-
14	و	-	-	-	-
15	قهوه	-	-	-	-
16	میگردد	-	-	-	-
17	و	-	-	-	-
18	ادای	-	-	-	-
19	دین	-	-	-	-
20	جیم	-	-	-	-
21	به	-	-	-	-
22	این	-	-	-	-
23	دو	-	-	-	-
24	عزیز	-	-	-	-
25	است	-	-	-	-
26	.	-	-	-	-

0	صداوسیمای	-	-	-	-
1	جمهوری	-	-	-	-
2	اسلامی	-	-	-	-
3	ایران	-	-	-	-
4	برنامههای	-	-	-	-
5	جالبی	-	-	-	-
6	ندارد	-	-	-	-
7	.	-	-	-	-

0	پرداخت	-	-	-	-
1	قبض	-	-	-	-
2	به‌صورت	-	-	-	-
3	الکترونیکی	-	-	-	-
4	هزینه	-	-	-	-
5	آبونمان	-	-	-	-
6	را	-	-	-	-
7	کاهش	-	-	-	-
8	بسزایی	-	-	-	-
9	میدهد	-	-	-	-
10	.	-	-	-	-

0	آشپزی	-	-	-	-
1	در	-	-	-	-
2	رستوران	-	-	-	-
3	هنگام	-	-	-	-
4	پخت	-	-	-	-
5	غذا	-	-	-	-
6	دستش	-	-	-	-
7	سوخت	-	-	-	-
8	.	-	-	-	-

0	ماشین‌آلات	-	-	-	-
1	چینی	-	-	-	-
2	کیفیت	-	-	-	-
3	مرغوبی	-	-	-	-
4	ندارند	-	-	-	-
5	.	-	-	-	-

0	کردستان	-	-	-	-
1	سرزمینی	-	-	-	-
2	بسیار	-	-	-	-
3	دل	-	-	-	-
4	فریب	-	-	-	-
5	میباشد	-	-	-	-
6	.	-	-	-	-

0	الهی	-	-	-	-
1	جانتان	-	-	-	-
2	سلامت	-	-	-	-
3	و	-	-	-	-
4	تن	-	-	-	-
5	درست	-	-	-	-
6	باشد	-	-	-	-
7	.	-	-	-	-

0	البسه	-	-	-	-
1	خودتان	-	-	-	-
2	را	-	-	-	-
3	با	-	-	-	-
4	اتو	-	-	-	-
5	صاف	-	-	-	-
6	کنید	-	-	-	-
7	.	-	-	-	-

0	بیماران	-	-	-	-
1	قبلی	-	-	-	-
2	و	-	-	-	-
3	عروقی	-	-	-	-
4	در	-	-	-	-
5	بیمارستان	-	-	-	-
6	آبان	-	-	-	-
7	بستری	-	-	-	-
8	شدند	-	-	-	-
9	.	-	-	-	-

0	سامان	-	-	-	-
1	پسری	-	-	-	-
2	هنرمند	-	-	-	-
3	او	-	-	-	-
4	موسیقی‌دان	-	-	-	-
5	است	-	-	-	-
6	.	-	-	-	-

0	مجمع	-	-	-	-
1	عمومی	-	-	-	-
2	و	-	-	-	-
3	انتخابات	-	-	-	-
4	شورای	-	-	-	-
5	مرکزی	-	-	-	-
6	و	-	-	-	-
7	بازرسین	-	-	-	-
8	جامعه	-	-	-	-
9	دانش‌آموختگان	-	-	-	-
10	دانشگاه	-	-	-	-
11	ظرف	-	-	-	-
12	ماه	-	-	-	-
13	آتی	-	-	-	-
14	برگزار	-	-	-	-
15	میشود	-	-	-	-
16	.	-	-	-	-

