0	﻿دانشکده	-	-	-	-
1	مدیریت	-	-	-	-
2	دانشگاه	-	-	-	-
3	تهران	-	-	-	-
4	؛	-	-	-	-
5	داده‌کاوی	-	-	-	-
6	چیست	-	-	-	-
7	و	-	-	-	-
8	چه	-	-	-	-
9	فایده‌ای	-	-	-	-
10	دارد	-	-	-	-
11	؟	-	-	-	-

0	داده‌کاوی	-	-	-	-
1	علم	-	-	-	-
2	و	-	-	-	-
3	فنی	-	-	-	-
4	است	-	-	-	-
5	که	-	-	-	-
6	در	-	-	-	-
7	سالهای	-	-	-	-
8	اخیر	-	-	-	-
9	و	-	-	-	-
10	با	-	-	-	-
11	گسترش	-	-	-	-
12	استفاده	-	-	-	-
13	از	-	-	-	-
14	فناوری	-	-	-	-
15	اطلاعات	-	-	-	-
16	و	-	-	-	-
17	سیستم‌های	-	-	-	-
18	اطلاعاتی	-	-	-	-
19	مورد	-	-	-	-
20	توجه	-	-	-	-
21	سازمان‌ها	-	-	-	-
22	قرار	-	-	-	-
23	گرفت	-	-	-	-
24	.	-	-	-	-

0	داده‌کاوی	-	-	-	-
1	کاربردهای	-	-	-	-
2	مختلفی	-	-	-	-
3	برای	-	-	-	-
4	سازمان‌ها	-	-	-	-
5	دارد	-	-	-	-
6	و	-	-	-	-
7	می‌تواند	-	-	-	-
8	برای	-	-	-	-
9	شرکت‌ها	-	-	-	-
10	در‌زمینه‌های	-	-	-	-
11	مهمی	-	-	-	-
12	مثل	-	-	-	-
13	بازاریابی	-	-	-	-
14	و	-	-	-	-
15	فروش	-	-	-	-
16	بسیار	-	-	-	-
17	راهگشا	-	-	-	-
18	و	-	-	-	-
19	مفید	-	-	-	-
20	باشد	-	-	-	-
21	.	-	-	-	-

0	در‌ادامه	-	-	-	-
1	با	-	-	-	-
2	مفهوم	-	-	-	-
3	داده	-	-	-	-
4	و	-	-	-	-
5	اطلاعات	-	-	-	-
6	آشنا	-	-	-	-
7	میشویم	-	-	-	-
8	و	-	-	-	-
9	سپس	-	-	-	-
10	با‌معنای	-	-	-	-
11	داده‌کاوی	-	-	-	-
12	و	-	-	-	-
13	کاربردهای	-	-	-	-
14	آن	-	-	-	-
15	بیشتر	-	-	-	-
16	آشنا	-	-	-	-
17	خواهیم‌شد	-	-	-	-
18	:	-	-	-	-

0	داده	-	-	-	-
1	با‌اطلاعات	-	-	-	-
2	چه	-	-	-	-
3	فرقی	-	-	-	-
4	دارد	-	-	-	-
5	؟	-	-	-	-

0	بسیاری	-	-	-	-
1	از	-	-	-	-
2	مردم	-	-	-	-
3	به‌اشتباه	-	-	-	-
4	می‌پندارند	-	-	-	-
5	که	-	-	-	-
6	داده	-	-	-	-
7	با‌اطلاعات	-	-	-	-
8	تفاوت	-	-	-	-
9	ندارد	-	-	-	-
10	و	-	-	-	-
11	عموما	-	-	-	-
12	این	-	-	-	-
13	دو	-	-	-	-
14	واژه	-	-	-	-
15	را	-	-	-	-
16	به‌جای	-	-	-	-
17	هم	-	-	-	-
18	استفاده	-	-	-	-
19	می‌کنند	-	-	-	-
20	.	-	-	-	-

0	داده	-	-	-	-
1	می‌تواند	-	-	-	-
2	هر	-	-	-	-
3	نوع	-	-	-	-
4	از	-	-	-	-
5	کاراکتر	-	-	-	-
6	شامل	-	-	-	-
7	متن	-	-	-	-
8	،	-	-	-	-
9	عدد	-	-	-	-
10	،	-	-	-	-
11	کلمه	-	-	-	-
12	،	-	-	-	-
13	صدا	-	-	-	-
14	و	-	-	-	-
15	تصویر	-	-	-	-
16	باشد	-	-	-	-
17	و	-	-	-	-
18	در	-	-	-	-
19	صورتی	-	-	-	-
20	که	-	-	-	-
21	توسط	-	-	-	-
22	انسان	-	-	-	-
23	مشاهده	-	-	-	-
24	شود	-	-	-	-
25	لزوما	-	-	-	-
26	معنای	-	-	-	-
27	خاصی	-	-	-	-
28	هم	-	-	-	-
29	در	-	-	-	-
30	بر	-	-	-	-
31	نخواهد‌داشت	-	-	-	-
32	.	-	-	-	-

0	داده‌ها	-	-	-	-
1	عموما	-	-	-	-
2	خام	-	-	-	-
3	،	-	-	-	-
4	دسته‌بندی	-	-	-	-
5	و	-	-	-	-
6	طبقه‌بندی	-	-	-	-
7	نشده	-	-	-	-
8	هستند	-	-	-	-
9	و	-	-	-	-
10	در	-	-	-	-
11	صورتی	-	-	-	-
12	که	-	-	-	-
13	بخواهیم	-	-	-	-
14	از	-	-	-	-
15	آنها	-	-	-	-
16	به‌صورت	-	-	-	-
17	مستقیم	-	-	-	-
18	استفاده	-	-	-	-
19	کنیم	-	-	-	-
20	عموما	-	-	-	-
21	بی‌فایده	-	-	-	-
22	خواهد‌بود	-	-	-	-
23	.	-	-	-	-

0	حال	-	-	-	-
1	آنکه	-	-	-	-
2	پس‌از	-	-	-	-
3	طبقه‌بندی	-	-	-	-
4	،	-	-	-	-
5	دسته‌بندی	-	-	-	-
6	و	-	-	-	-
7	ساختاردهی	-	-	-	-
8	به	-	-	-	-
9	داده‌ها	-	-	-	-
10	اطلاعات	-	-	-	-
11	به	-	-	-	-
12	وجود	-	-	-	-
13	می‌آید	-	-	-	-
14	.	-	-	-	-

0	می‌توان	-	-	-	-
1	از	-	-	-	-
2	داده‌ها	-	-	-	-
3	برای	-	-	-	-
4	تصمیم‌گیری	-	-	-	-
5	و	-	-	-	-
6	یا	-	-	-	-
7	ایجاد	-	-	-	-
8	دانش	-	-	-	-
9	در‌مورد	-	-	-	-
10	یک	-	-	-	-
11	مقوله	-	-	-	-
12	استفاده‌کرد	-	-	-	-
13	.	-	-	-	-

0	اطلاعات	-	-	-	-
1	عموما	-	-	-	-
2	برای	-	-	-	-
3	کاربر	-	-	-	-
4	مفهوم	-	-	-	-
5	دارد	-	-	-	-
6	و	-	-	-	-
7	قابل	-	-	-	-
8	استفاده	-	-	-	-
9	است	-	-	-	-
10	.	-	-	-	-

0	مثال	-	-	-	-
1	:	-	-	-	-

0	تاریخ	-	-	-	-
1	دمای	-	-	-	-
2	سراسر	-	-	-	-
3	جهان	-	-	-	-
4	در	-	-	-	-
5	صد	-	-	-	-
6	سال	-	-	-	-
7	گذشته	-	-	-	-
8	داده‌است	-	-	-	-
9	،	-	-	-	-
10	حال	-	-	-	-
11	آنکه	-	-	-	-
12	روند	-	-	-	-
13	افزایش	-	-	-	-
14	یا	-	-	-	-
15	کاهش	-	-	-	-
16	دما	-	-	-	-
17	در	-	-	-	-
18	این	-	-	-	-
19	سالها	-	-	-	-
20	یک	-	-	-	-
21	اطلاعات	-	-	-	-
22	است	-	-	-	-
23	.	-	-	-	-

0	نمرات	-	-	-	-
1	دانشجویان	-	-	-	-
2	یک	-	-	-	-
3	کلاس	-	-	-	-
4	داده‌است	-	-	-	-
5	،	-	-	-	-
6	اما	-	-	-	-
7	ترتیب	-	-	-	-
8	نمرات	-	-	-	-
9	،	-	-	-	-
10	میانگین	-	-	-	-
11	،	-	-	-	-
12	و	-	-	-	-
13	ارتباط	-	-	-	-
14	نمره‌این	-	-	-	-
15	درس	-	-	-	-
16	با	-	-	-	-
17	معدل	-	-	-	-
18	دانشجو	-	-	-	-
19	یا	-	-	-	-
20	یک	-	-	-	-
21	درس	-	-	-	-
22	دیگر	-	-	-	-
23	یک	-	-	-	-
24	نمونه	-	-	-	-
25	از	-	-	-	-
26	اطلاعات	-	-	-	-
27	است	-	-	-	-
28	.	-	-	-	-

0	انبوه	-	-	-	-
1	داده	-	-	-	-
2	بلای	-	-	-	-
3	جان	-	-	-	-
4	سازمان‌ها	-	-	-	-
5	یک	-	-	-	-
6	کسب‌و‌کار	-	-	-	-
7	فرضی	-	-	-	-
8	فعال	-	-	-	-
9	در‌زمینه‌فروش	-	-	-	-
10	را	-	-	-	-
11	در	-	-	-	-
12	نظر	-	-	-	-
13	بگیرید	-	-	-	-
14	،	-	-	-	-
15	این	-	-	-	-
16	سازمان	-	-	-	-
17	هر‌روز	-	-	-	-
18	صدها	-	-	-	-
19	مورد	-	-	-	-
20	فروش	-	-	-	-
21	را	-	-	-	-
22	از	-	-	-	-
23	دهها	-	-	-	-
24	مشتری	-	-	-	-
25	ثبت	-	-	-	-
26	می‌کند	-	-	-	-
27	،	-	-	-	-
28	تمام	-	-	-	-
29	داده‌های	-	-	-	-
30	مربوط	-	-	-	-
31	به	-	-	-	-
32	یک	-	-	-	-
33	خرید	-	-	-	-
34	از‌جمله	-	-	-	-
35	نام	-	-	-	-
36	و	-	-	-	-
37	قیمت	-	-	-	-
38	و	-	-	-	-
39	دسته	-	-	-	-
40	کالاها	-	-	-	-
41	و	-	-	-	-
42	اطلاعات	-	-	-	-
43	مربوط	-	-	-	-
44	به	-	-	-	-
45	خریدار	-	-	-	-
46	را	-	-	-	-
47	ثبت	-	-	-	-
48	می‌کند	-	-	-	-
49	.	-	-	-	-

0	پس‌از	-	-	-	-
1	گذشت	-	-	-	-
2	مدتی	-	-	-	-
3	این	-	-	-	-
4	سازمان	-	-	-	-
5	انبوهی	-	-	-	-
6	از	-	-	-	-
7	داده‌ها	-	-	-	-
8	بی‌معنا	-	-	-	-
9	دارد	-	-	-	-
10	که	-	-	-	-
11	نمی‌تواند	-	-	-	-
12	از	-	-	-	-
13	آنها	-	-	-	-
14	بهره	-	-	-	-
15	ببرد	-	-	-	-
16	.	-	-	-	-

0	این	-	-	-	-
1	سازمان	-	-	-	-
2	اگر	-	-	-	-
3	بخواهد	-	-	-	-
4	بفهمد	-	-	-	-
5	کدام	-	-	-	-
6	مشتریان	-	-	-	-
7	از	-	-	-	-
8	چه	-	-	-	-
9	کالایی	-	-	-	-
10	بیشتر	-	-	-	-
11	خوششان	-	-	-	-
12	آمده	-	-	-	-
13	راهی	-	-	-	-
14	ندارد	-	-	-	-
15	،	-	-	-	-
16	نمی‌تواند	-	-	-	-
17	بفهمد	-	-	-	-
18	خریداران	-	-	-	-
19	با	-	-	-	-
20	هزینه	-	-	-	-
21	بالا	-	-	-	-
22	از	-	-	-	-
23	چه	-	-	-	-
24	کالایی	-	-	-	-
25	خرید	-	-	-	-
26	می‌کنند	-	-	-	-
27	و	-	-	-	-
28	خریداران	-	-	-	-
29	با	-	-	-	-
30	سبد	-	-	-	-
31	قیمتی	-	-	-	-
32	پایین	-	-	-	-
33	چه	-	-	-	-
34	کالایی	-	-	-	-
35	را	-	-	-	-
36	می‌پسندند	-	-	-	-
37	؛	-	-	-	-
38	نمی‌داند	-	-	-	-
39	کدام	-	-	-	-
40	کالا	-	-	-	-
41	فروش	-	-	-	-
42	بهتری	-	-	-	-
43	دارد	-	-	-	-
44	،	-	-	-	-
45	چه	-	-	-	-
46	کالایی	-	-	-	-
47	در	-	-	-	-
48	انبار	-	-	-	-
49	می‌ماند	-	-	-	-
50	،	-	-	-	-
51	چه	-	-	-	-
52	کالایی	-	-	-	-
53	حجم	-	-	-	-
54	سرمایه	-	-	-	-
55	سازمان	-	-	-	-
56	را	-	-	-	-
57	درگیر	-	-	-	-
58	می‌کند	-	-	-	-
59	و	-	-	-	-
60	در	-	-	-	-
61	یک	-	-	-	-
62	کلام	-	-	-	-
63	:	-	-	-	-

0	از	-	-	-	-
1	میان	-	-	-	-
2	انبوه	-	-	-	-
3	داده	-	-	-	-
4	هیچ	-	-	-	-
5	دانش	-	-	-	-
6	مفیدی	-	-	-	-
7	استخراج	-	-	-	-
8	نمی‌کند	-	-	-	-
9	.	-	-	-	-

0	داده‌کاوی	-	-	-	-
1	چیست	-	-	-	-
2	؟	-	-	-	-

0	سازمان‌ها	-	-	-	-
1	برای	-	-	-	-
2	تصمیم‌گیری	-	-	-	-
3	و	-	-	-	-
4	برنامه‌ریزی	-	-	-	-
5	به	-	-	-	-
6	اطلاعات	-	-	-	-
7	نیاز	-	-	-	-
8	دارند	-	-	-	-
9	،	-	-	-	-
10	بخش	-	-	-	-
11	مهمی	-	-	-	-
12	از	-	-	-	-
13	این	-	-	-	-
14	اطلاعات	-	-	-	-
15	از	-	-	-	-
16	خود	-	-	-	-
17	سازمان	-	-	-	-
18	ناشی	-	-	-	-
19	می‌شود	-	-	-	-
20	،	-	-	-	-
21	از	-	-	-	-
22	داده‌های	-	-	-	-
23	قبلی	-	-	-	-
24	و	-	-	-	-
25	الگوهای	-	-	-	-
26	عملکرد	-	-	-	-
27	سازمان	-	-	-	-
28	استخراج	-	-	-	-
29	می‌شوند	-	-	-	-
30	،	-	-	-	-
31	داده‌های	-	-	-	-
32	خود	-	-	-	-
33	سازمان	-	-	-	-
34	نشان‌دهنده	-	-	-	-
35	رفتار	-	-	-	-
36	مشتریان	-	-	-	-
37	و	-	-	-	-
38	همکاران	-	-	-	-
39	و	-	-	-	-
40	بیان‌کننده	-	-	-	-
41	موفقیت	-	-	-	-
42	یا	-	-	-	-
43	شکست	-	-	-	-
44	سازمان	-	-	-	-
45	در	-	-	-	-
46	یک	-	-	-	-
47	عمل	-	-	-	-
48	خاص	-	-	-	-
49	هستند	-	-	-	-
50	.	-	-	-	-

0	برای	-	-	-	-
1	استخراج	-	-	-	-
2	اطلاعات	-	-	-	-
3	مفید	-	-	-	-
4	از	-	-	-	-
5	میان	-	-	-	-
6	انبوه	-	-	-	-
7	حجم	-	-	-	-
8	داده‌های	-	-	-	-
9	ثبت‌شده	-	-	-	-
10	باید	-	-	-	-
11	از	-	-	-	-
12	فن	-	-	-	-
13	داده‌کاوی	-	-	-	-
14	استفاده‌کرد	-	-	-	-
15	.	-	-	-	-

0	داده‌کاوی	-	-	-	-
1	فنی	-	-	-	-
2	است	-	-	-	-
3	که	-	-	-	-
4	از	-	-	-	-
5	میان	-	-	-	-
6	پایگاه	-	-	-	-
7	داده	-	-	-	-
8	سازمان	-	-	-	-
9	،	-	-	-	-
10	به‌دنبال	-	-	-	-
11	الگوهای	-	-	-	-
12	پنهان	-	-	-	-
13	در	-	-	-	-
14	میان	-	-	-	-
15	داده‌ها	-	-	-	-
16	،	-	-	-	-
17	ارتباط	-	-	-	-
18	میان	-	-	-	-
19	آنها	-	-	-	-
20	،	-	-	-	-
21	روند	-	-	-	-
22	و	-	-	-	-
23	الگوی	-	-	-	-
24	آنها	-	-	-	-
25	می‌گردد	-	-	-	-
26	.	-	-	-	-

0	داده‌کاوی	-	-	-	-
1	از	-	-	-	-
2	توابع	-	-	-	-
3	و	-	-	-	-
4	الگوریتم‌های	-	-	-	-
5	پیشرفته	-	-	-	-
6	ریاضی	-	-	-	-
7	استفاده	-	-	-	-
8	می‌کند	-	-	-	-
9	تا	-	-	-	-
10	ارتباط	-	-	-	-
11	میان	-	-	-	-
12	دو	-	-	-	-
13	دسته	-	-	-	-
14	از	-	-	-	-
15	داده	-	-	-	-
16	و	-	-	-	-
17	امکان	-	-	-	-
18	رخ	-	-	-	-
19	دادن	-	-	-	-
20	یک	-	-	-	-
21	نتیجه	-	-	-	-
22	را	-	-	-	-
23	در	-	-	-	-
24	آینده	-	-	-	-
25	پیش‌بینی	-	-	-	-
26	کند	-	-	-	-
27	.	-	-	-	-

0	داده‌کاوی	-	-	-	-
1	چه	-	-	-	-
2	کاری	-	-	-	-
3	می‌تواند	-	-	-	-
4	انجام	-	-	-	-
5	دهد	-	-	-	-
6	؟	-	-	-	-

0	داده‌کاوی	-	-	-	-
1	عموما	-	-	-	-
2	توسط	-	-	-	-
3	سازمان‌های	-	-	-	-
4	مشتری	-	-	-	-
5	محور	-	-	-	-
6	استفاده	-	-	-	-
7	می‌شود	-	-	-	-
8	،	-	-	-	-
9	این	-	-	-	-
10	سازمان‌ها	-	-	-	-
11	(	-	-	-	-
12	فروشگاه‌ها	-	-	-	-
13	،	-	-	-	-
14	تولید	-	-	-	-
15	کنندگان	-	-	-	-
16	،	-	-	-	-
17	خرده‌فروشان	-	-	-	-
18	و	-	-	-	-
19	فروشگاه‌های	-	-	-	-
20	اینترنتی	-	-	-	-
21	)	-	-	-	-
22	می‌توانند	-	-	-	-
23	با	-	-	-	-
24	استفاده	-	-	-	-
25	از	-	-	-	-
26	داده‌کاوی	-	-	-	-
27	ارتباط	-	-	-	-
28	میان	-	-	-	-
29	اقدامات	-	-	-	-
30	خود	-	-	-	-
31	و	-	-	-	-
32	عوامل	-	-	-	-
33	درونی	-	-	-	-
34	سازمان	-	-	-	-
35	مثل	-	-	-	-
36	قیمت	-	-	-	-
37	کالاها	-	-	-	-
38	،	-	-	-	-
39	تخفیفات	-	-	-	-
40	،	-	-	-	-
41	هزینه	-	-	-	-
42	تبلیغات	-	-	-	-
43	و	-	-	-	-
44	دیگر	-	-	-	-
45	عوامل	-	-	-	-
46	داخلی	-	-	-	-
47	را	-	-	-	-
48	با	-	-	-	-
49	عوامل	-	-	-	-
50	بیرونی	-	-	-	-
51	مثل	-	-	-	-
52	مشخصات	-	-	-	-
53	مشتریان	-	-	-	-
54	(	-	-	-	-
55	سن	-	-	-	-
56	،	-	-	-	-
57	جنسیت	-	-	-	-
58	،	-	-	-	-
59	درآمد	-	-	-	-
60	و	-	-	-	-
61	محل	-	-	-	-
62	سکونت	-	-	-	-
63	)	-	-	-	-
64	،	-	-	-	-
65	رقبا	-	-	-	-
66	و	-	-	-	-
67	عوامل	-	-	-	-
68	عمومی	-	-	-	-
69	بازار	-	-	-	-
70	(	-	-	-	-
71	سطح	-	-	-	-
72	درآمد	-	-	-	-
73	جامعه	-	-	-	-
74	،	-	-	-	-
75	وضعیت	-	-	-	-
76	رونق	-	-	-	-
77	و	-	-	-	-
78	رکود	-	-	-	-
79	اقتصادی	-	-	-	-
80	)	-	-	-	-
81	را	-	-	-	-
82	پیدا	-	-	-	-
83	کنند	-	-	-	-
84	.	-	-	-	-

0	علاوه‌بر	-	-	-	-
1	این	-	-	-	-
2	می‌توان	-	-	-	-
3	شاخص	-	-	-	-
4	هایی	-	-	-	-
5	مثل	-	-	-	-
6	رضایت	-	-	-	-
7	مشتری	-	-	-	-
8	،	-	-	-	-
9	درآمد	-	-	-	-
10	و	-	-	-	-
11	سود	-	-	-	-
12	سازمان	-	-	-	-
13	،	-	-	-	-
14	مجموع	-	-	-	-
15	سرمایه	-	-	-	-
16	درگردش	-	-	-	-
17	و	-	-	-	-
18	هزینه‌های	-	-	-	-
19	جاری	-	-	-	-
20	و	-	-	-	-
21	میزان	-	-	-	-
22	افزایش	-	-	-	-
23	و	-	-	-	-
24	کاهش	-	-	-	-
25	آنها	-	-	-	-
26	در	-	-	-	-
27	طول	-	-	-	-
28	زمان	-	-	-	-
29	را	-	-	-	-
30	استخراج	-	-	-	-
31	کند	-	-	-	-
32	.	-	-	-	-

0	به‌طور	-	-	-	-
1	مثال	-	-	-	-
2	شرکت	-	-	-	-
3	ویدئوی	-	-	-	-
4	خانگی	-	-	-	-
5	از	-	-	-	-
6	داده‌های	-	-	-	-
7	سابق	-	-	-	-
8	مشتریان	-	-	-	-
9	استفاده	-	-	-	-
10	میکند	-	-	-	-
11	و	-	-	-	-
12	به	-	-	-	-
13	انها	-	-	-	-
14	ویدئوهایی	-	-	-	-
15	پیشنهاد	-	-	-	-
16	می‌دهد	-	-	-	-
17	تا	-	-	-	-
18	آنها	-	-	-	-
19	را	-	-	-	-
20	تماشا	-	-	-	-
21	کنند	-	-	-	-
22	.	-	-	-	-

0	والمارت	-	-	-	-
1	(	-	-	-	-
2	بزرگترین	-	-	-	-
3	خرده‌فروش	-	-	-	-
4	زنجیره‌ای	-	-	-	-
5	جهان	-	-	-	-
6	)	-	-	-	-
7	برای	-	-	-	-
8	بهبود	-	-	-	-
9	عمکلرد	-	-	-	-
10	عرضه	-	-	-	-
11	کنندگان	-	-	-	-
12	خود	-	-	-	-
13	از	-	-	-	-
14	داده‌کاوی	-	-	-	-
15	در	-	-	-	-
16	مقیاسی	-	-	-	-
17	وسیع	-	-	-	-
18	استفاده‌کرده	-	-	-	-
19	است	-	-	-	-
20	.	-	-	-	-

0	داده‌های	-	-	-	-
1	۲۹۰۰	-	-	-	-
2	فروشگاه	-	-	-	-
3	در	-	-	-	-
4	۶	-	-	-	-
5	کشور	-	-	-	-
6	برای	-	-	-	-
7	این	-	-	-	-
8	کار	-	-	-	-
9	استفاده‌شده‌اند	-	-	-	-
10	و	-	-	-	-
11	در‌مجموع	-	-	-	-
12	۷٫۵	-	-	-	-
13	ترابایت	-	-	-	-
14	داده	-	-	-	-
15	مورد‌بررسی	-	-	-	-
16	قرار	-	-	-	-
17	گرفت	-	-	-	-
18	.	-	-	-	-

0	۳۵۰۰	-	-	-	-
1	تامین	-	-	-	-
2	کننده	-	-	-	-
3	به	-	-	-	-
4	داده‌های	-	-	-	-
5	دسترسی	-	-	-	-
6	پیدا	-	-	-	-
7	کردند	-	-	-	-
8	تا	-	-	-	-
9	بتوانند	-	-	-	-
10	الگوهای	-	-	-	-
11	خرید	-	-	-	-
12	مشتریان	-	-	-	-
13	،	-	-	-	-
14	عمکلرد	-	-	-	-
15	یک	-	-	-	-
16	کالا	-	-	-	-
17	و	-	-	-	-
18	محصول	-	-	-	-
19	خاص	-	-	-	-
20	را	-	-	-	-
21	بررسی	-	-	-	-
22	کنند	-	-	-	-
23	و	-	-	-	-
24	برنامه‌های	-	-	-	-
25	خود	-	-	-	-
26	را	-	-	-	-
27	بر	-	-	-	-
28	این	-	-	-	-
29	پایه	-	-	-	-
30	و	-	-	-	-
31	اساس	-	-	-	-
32	بهبود	-	-	-	-
33	دهند	-	-	-	-
34	.	-	-	-	-

0	استراتژی	-	-	-	-
1	و	-	-	-	-
2	داده‌کاوی	-	-	-	-
3	صد	-	-	-	-
4	البته	-	-	-	-
5	کاربرد‌های	-	-	-	-
6	داده‌کاوی	-	-	-	-
7	بسیار	-	-	-	-
8	زیاد	-	-	-	-
9	است	-	-	-	-
10	و	-	-	-	-
11	می‌تواند	-	-	-	-
12	در	-	-	-	-
13	شرکت‌ها	-	-	-	-
14	و	-	-	-	-
15	سازمان‌ها	-	-	-	-
16	مختلف	-	-	-	-
17	متفاوت	-	-	-	-
18	باشد	-	-	-	-
19	.	-	-	-	-

0	آنچه	-	-	-	-
1	در	-	-	-	-
2	بالا	-	-	-	-
3	بیان	-	-	-	-
4	شد	-	-	-	-
5	خلاصه‌ای	-	-	-	-
6	از	-	-	-	-
7	کاربردهای	-	-	-	-
8	داده‌کاوی	-	-	-	-
9	در	-	-	-	-
10	بخش	-	-	-	-
11	فروش	-	-	-	-
12	و	-	-	-	-
13	بازاریابی‌بود	-	-	-	-
14	.	-	-	-	-

0	شما	-	-	-	-
1	می‌توانید	-	-	-	-
2	با	-	-	-	-
3	استفاده	-	-	-	-
4	از	-	-	-	-
5	داده‌کاوی	-	-	-	-
6	در	-	-	-	-
7	حل	-	-	-	-
8	مشکلات	-	-	-	-
9	سازمان	-	-	-	-
10	مفید	-	-	-	-
11	واقع	-	-	-	-
12	شوید	-	-	-	-
13	.	-	-	-	-

0	استراتژیست‌های	-	-	-	-
1	بزرگ	-	-	-	-
2	موفق	-	-	-	-
3	برای	-	-	-	-
4	مستدل	-	-	-	-
5	و	-	-	-	-
6	دقیق	-	-	-	-
7	بودن	-	-	-	-
8	استراتژی‌ها	-	-	-	-
9	و	-	-	-	-
10	برنامه‌ریزی‌های	-	-	-	-
11	خود	-	-	-	-
12	باید	-	-	-	-
13	از	-	-	-	-
14	داده‌کاوی	-	-	-	-
15	و	-	-	-	-
16	اطلاعات	-	-	-	-
17	به‌دست‌آمده	-	-	-	-
18	از	-	-	-	-
19	آن	-	-	-	-
20	حد‌اکثر	-	-	-	-
21	استفاده	-	-	-	-
22	را	-	-	-	-
23	ببرند	-	-	-	-
24	.	-	-	-	-

0	در	-	-	-	-
1	واقع	-	-	-	-
2	برنامه‌ریزی	-	-	-	-
3	استراتژیک	-	-	-	-
4	بدون	-	-	-	-
5	استفاده	-	-	-	-
6	از	-	-	-	-
7	داده‌کاوی	-	-	-	-
8	مثل	-	-	-	-
9	رانندگی	-	-	-	-
10	با	-	-	-	-
11	چشمان	-	-	-	-
12	بسته‌است	-	-	-	-
13	!	-	-	-	-

0	اگر	-	-	-	-
1	یک	-	-	-	-
2	استراتژیست	-	-	-	-
3	می‌خواهد	-	-	-	-
4	در‌زمینه‌برنامه‌ریزی	-	-	-	-
5	کاربردی	-	-	-	-
6	و	-	-	-	-
7	اجرایی	-	-	-	-
8	موفق	-	-	-	-
9	باشد	-	-	-	-
10	باید	-	-	-	-
11	از	-	-	-	-
12	سلاح	-	-	-	-
13	داده‌کاوی	-	-	-	-
14	استفاده	-	-	-	-
15	کند	-	-	-	-
16	.	-	-	-	-

0	داده	-	-	-	-
1	کای	-	-	-	-
2	چه	-	-	-	-
3	فایده‌ای	-	-	-	-
4	دارد	-	-	-	-
5	؟	-	-	-	-

0	شناخت	-	-	-	-
1	مشتریان	-	-	-	-
2	سودآور	-	-	-	-
3	:	-	-	-	-

0	می‌توانید	-	-	-	-
1	مشتریانی	-	-	-	-
2	که	-	-	-	-
3	بیشترین	-	-	-	-
4	سود	-	-	-	-
5	شما	-	-	-	-
6	از	-	-	-	-
7	آنها	-	-	-	-
8	حاصل‌شده	-	-	-	-
9	را	-	-	-	-
10	شناسایی	-	-	-	-
11	کنید	-	-	-	-
12	و	-	-	-	-
13	برای	-	-	-	-
14	حفظ	-	-	-	-
15	وفاداری	-	-	-	-
16	مشتری	-	-	-	-
17	تلاش	-	-	-	-
18	کنید	-	-	-	-
19	.	-	-	-	-

0	بهینه‌سازی	-	-	-	-
1	سبد	-	-	-	-
2	محصول	-	-	-	-
3	:	-	-	-	-

0	شناخت	-	-	-	-
1	محصولات	-	-	-	-
2	پر	-	-	-	-
3	فروش	-	-	-	-
4	،	-	-	-	-
5	محصولات	-	-	-	-
6	سودآور	-	-	-	-
7	محصولات	-	-	-	-
8	زیان‌ده	-	-	-	-
9	از	-	-	-	-
10	دیگر	-	-	-	-
11	فواید	-	-	-	-
12	داده‌کاوی	-	-	-	-
13	است	-	-	-	-
14	.	-	-	-	-

0	با	-	-	-	-
1	این	-	-	-	-
2	کار	-	-	-	-
3	می‌توانید	-	-	-	-
4	در	-	-	-	-
5	بهتر	-	-	-	-
6	کردن	-	-	-	-
7	سبد	-	-	-	-
8	محصول	-	-	-	-
9	خود	-	-	-	-
10	اقدام	-	-	-	-
11	کنید	-	-	-	-
12	.	-	-	-	-

0	شناخت	-	-	-	-
1	مشتریان	-	-	-	-
2	وفادار	-	-	-	-
3	و	-	-	-	-
4	قدیمی	-	-	-	-
5	:	-	-	-	-

0	می‌توانید	-	-	-	-
1	بفهمید	-	-	-	-
2	مشتریان	-	-	-	-
3	قدیمی	-	-	-	-
4	شما	-	-	-	-
5	چه	-	-	-	-
6	کسانی	-	-	-	-
7	هستند	-	-	-	-
8	و	-	-	-	-
9	با	-	-	-	-
10	چه	-	-	-	-
11	برنامه‌ای	-	-	-	-
12	خرید	-	-	-	-
13	می‌کنند	-	-	-	-
14	،	-	-	-	-
15	چه	-	-	-	-
16	کالایی	-	-	-	-
17	را	-	-	-	-
18	دوست	-	-	-	-
19	دارند	-	-	-	-
20	و	-	-	-	-
21	چه	-	-	-	-
22	کالایی	-	-	-	-
23	باعث	-	-	-	-
24	وفاداری	-	-	-	-
25	آنها	-	-	-	-
26	شده‌است	-	-	-	-
27	.	-	-	-	-

0	بررسی	-	-	-	-
1	طول	-	-	-	-
2	عمر	-	-	-	-
3	مشتری	-	-	-	-
4	:	-	-	-	-

0	با	-	-	-	-
1	استفاده	-	-	-	-
2	از	-	-	-	-
3	داده‌کاوی	-	-	-	-
4	می‌توانید	-	-	-	-
5	طول	-	-	-	-
6	عمر	-	-	-	-
7	مشتری	-	-	-	-
8	و	-	-	-	-
9	چرخه	-	-	-	-
10	آن	-	-	-	-
11	،	-	-	-	-
12	میزان	-	-	-	-
13	سود	-	-	-	-
14	حاصل	-	-	-	-
15	عایده	-	-	-	-
16	از	-	-	-	-
17	هر	-	-	-	-
18	مشتری	-	-	-	-
19	در	-	-	-	-
20	هر	-	-	-	-
21	مرحله	-	-	-	-
22	را	-	-	-	-
23	بررسی	-	-	-	-
24	کنید	-	-	-	-
25	.	-	-	-	-

