0	از	-	-	-	-
1	آتشی	-	-	-	-
2	که	-	-	-	-
3	افروختم	-	-	-	-
4	خودم	-	-	-	-
5	سوختم	-	-	-	-
6	جانبازان	-	-	-	-
7	و	-	-	-	-
8	معلولین	-	-	-	-
9	کشور	-	-	-	-
10	آب‌‌های	-	-	-	-
11	آزاد	-	-	-	-
12	دریای	-	-	-	-
13	مکران	-	-	-	-
14	را	-	-	-	-
15	درنوردیدند	-	-	-	-
16	بعدا	-	-	-	-
17	ز	-	-	-	-
18	خجالت	-	-	-	-
19	تو	-	-	-	-
20	درمی‌آیم	-	-	-	-
21	با	-	-	-	-
22	گفتن	-	-	-	-
23	کلمه‌ی	-	-	-	-
24	«	-	-	-	-
25	سپاسگزارم	-	-	-	-
26	»	-	-	-	-
27	مراتب	-	-	-	-
28	تشکر	-	-	-	-
29	و	-	-	-	-
30	تقدیر	-	-	-	-
31	خود	-	-	-	-
32	را	-	-	-	-
33	به	-	-	-	-
34	یکدیگر	-	-	-	-
35	اعلام	-	-	-	-
36	می‌دارند	-	-	-	-
37	بتازید	-	-	-	-
38	بتازید	-	-	-	-
39	که	-	-	-	-
40	چالاک	-	-	-	-
41	سوارید	-	-	-	-
42	.	-	-	-	-

0	بنازید	-	-	-	-
1	بنازید	-	-	-	-
2	که	-	-	-	-
3	خوبان	-	-	-	-
4	جهانید	-	-	-	-
5	در	-	-	-	-
6	سلسله‌مراتب	-	-	-	-
7	دانشگاه	-	-	-	-
8	چهار	-	-	-	-
9	رده	-	-	-	-
10	مربی	-	-	-	-
11	،	-	-	-	-
12	استادیار	-	-	-	-
13	،	-	-	-	-
14	دانشیار	-	-	-	-
15	و	-	-	-	-
16	استاد	-	-	-	-
17	تمامی	-	-	-	-
18	وجود	-	-	-	-
19	دارد	-	-	-	-
20	که	-	-	-	-
21	مرتبه	-	-	-	-
22	آخر	-	-	-	-
23	در	-	-	-	-
24	خارج	-	-	-	-
25	از	-	-	-	-
26	کشور	-	-	-	-
27	«	-	-	-	-
28	پرفسور	-	-	-	-
29	»	-	-	-	-
30	نامیده‌می‌شود	-	-	-	-
31	در	-	-	-	-
32	کاربرد	-	-	-	-
33	امروزی	-	-	-	-
34	وزارت	-	-	-	-
35	یکی	-	-	-	-
36	از	-	-	-	-
37	اجزای	-	-	-	-
38	ساختار	-	-	-	-
39	دولت	-	-	-	-
40	است	-	-	-	-
41	آموزش	-	-	-	-
42	آشپزی	-	-	-	-
43	در	-	-	-	-
44	دستپخت	-	-	-	-
45	در	-	-	-	-
46	قالب	-	-	-	-
47	دستور	-	-	-	-
48	پخت	-	-	-	-
49	۴	-	-	-	-
50	گروه	-	-	-	-
51	غذای	-	-	-	-
52	ایرانی	-	-	-	-
53	غذای	-	-	-	-
54	ملل	-	-	-	-
55	فست	-	-	-	-
56	فود	-	-	-	-
57	و	-	-	-	-
58	فینگر	-	-	-	-
59	فود	-	-	-	-
60	و	-	-	-	-
61	نان-قنادی-دسر	-	-	-	-
62	و	-	-	-	-
63	البته	-	-	-	-
64	مسابقه	-	-	-	-
65	آشپزی	-	-	-	-
66	ارائه	-	-	-	-
67	میشود	-	-	-	-
68	توزیع	-	-	-	-
69	یکنواخت	-	-	-	-
70	:	-	-	-	-

0	توزیعی	-	-	-	-
1	که	-	-	-	-
2	در	-	-	-	-
3	حالت	-	-	-	-
4	پیوسته	-	-	-	-
5	دارای	-	-	-	-
6	چگالی	-	-	-	-
7	ثابتی	-	-	-	-
8	بر	-	-	-	-
9	مجموعه‌ای	-	-	-	-
10	مفروض	-	-	-	-
11	است	-	-	-	-
12	و	-	-	-	-
13	در	-	-	-	-
14	حالت	-	-	-	-
15	گسسته	-	-	-	-
16	احتمالی	-	-	-	-
17	یکسان	-	-	-	-
18	را	-	-	-	-
19	به	-	-	-	-
20	هر	-	-	-	-
21	مقدار	-	-	-	-
22	برد	-	-	-	-
23	خود	-	-	-	-
24	تخصیص	-	-	-	-
25	می‌دهد	-	-	-	-
26	دولت	-	-	-	-
27	کرخت	-	-	-	-
28	و	-	-	-	-
29	گیج	-	-	-	-
30	است	-	-	-	-
31	تاخت	-	-	-	-
32	اسب	-	-	-	-
33	یا	-	-	-	-
34	دیگر	-	-	-	-
35	چهارپایان	-	-	-	-
36	به	-	-	-	-
37	دو	-	-	-	-
38	شکل	-	-	-	-
39	است	-	-	-	-
40	سیاحت	-	-	-	-
41	غرب	-	-	-	-
42	یا	-	-	-	-
43	سرنوشت	-	-	-	-
44	ارواح	-	-	-	-
45	پس‌از	-	-	-	-
46	مرگ	-	-	-	-
47	کتابی‌اثر	-	-	-	-
48	آقا	-	-	-	-
49	نجفی	-	-	-	-
50	قوچانی	-	-	-	-
51	است	-	-	-	-
52	مهابت	-	-	-	-
53	.	-	-	-	-

0	این	-	-	-	-
1	واژه	-	-	-	-
2	را	-	-	-	-
3	اولین	-	-	-	-
4	بار	-	-	-	-
5	در	-	-	-	-
6	داستان	-	-	-	-
7	همای	-	-	-	-
8	کاظم	-	-	-	-
9	رضا	-	-	-	-
10	دیدم	-	-	-	-
11	انواع	-	-	-	-
12	کراوات	-	-	-	-
13	با	-	-	-	-
14	طرح	-	-	-	-
15	و	-	-	-	-
16	نقش	-	-	-	-
17	مختلف	-	-	-	-
18	در	-	-	-	-
19	انواع	-	-	-	-
20	رنگ‌ها	-	-	-	-
21	به‌همراه	-	-	-	-
22	کالکشن	-	-	-	-
23	بی‌نظیر	-	-	-	-
24	از	-	-	-	-
25	پاپیون	-	-	-	-
26	‌مردانه	-	-	-	-
27	برای	-	-	-	-
28	سلیقه‌های	-	-	-	-
29	خاص	-	-	-	-
30	.	-	-	-	-

0	ساسات	-	-	-	-
1	در	-	-	-	-
2	وسائل	-	-	-	-
3	نقلیه	-	-	-	-
4	به	-	-	-	-
5	دکمه	-	-	-	-
6	دریچه	-	-	-	-
7	هوای	-	-	-	-
8	کاربراتور	-	-	-	-
9	می‌گویند	-	-	-	-
10	فلاحت	-	-	-	-
11	فارس	-	-	-	-
12	نام	-	-	-	-
13	یکی	-	-	-	-
14	از	-	-	-	-
15	مطبوعات	-	-	-	-
16	استان	-	-	-	-
17	فارس	-	-	-	-
18	در	-	-	-	-
19	دوران	-	-	-	-
20	پهلوی	-	-	-	-
21	اول	-	-	-	-
22	است	-	-	-	-
23	آجودان	-	-	-	-
24	یا	-	-	-	-
25	فریار	-	-	-	-
26	امیر	-	-	-	-
27	یا	-	-	-	-
28	افسری	-	-	-	-
29	است	-	-	-	-
30	که	-	-	-	-
31	مقامات	-	-	-	-
32	بلندپایه	-	-	-	-
33	کشوری	-	-	-	-
34	و	-	-	-	-
35	لشگری	-	-	-	-
36	را	-	-	-	-
37	در	-	-	-	-
38	امور	-	-	-	-
39	مختلف	-	-	-	-
40	،	-	-	-	-
41	برای	-	-	-	-
42	پیشبرد	-	-	-	-
43	وظایف	-	-	-	-
44	آنان	-	-	-	-
45	یاری	-	-	-	-
46	می‌کند	-	-	-	-
47	.	-	-	-	-

0	اورانگوتان	-	-	-	-
1	سوماترایی	-	-	-	-
2	یکی	-	-	-	-
3	از	-	-	-	-
4	دو	-	-	-	-
5	گونهٔ	-	-	-	-
6	موجود	-	-	-	-
7	اورانگوتانها	-	-	-	-
8	است	-	-	-	-
9	از	-	-	-	-
10	چه	-	-	-	-
11	مسیری	-	-	-	-
12	می‌توان	-	-	-	-
13	به	-	-	-	-
14	ارسباران	-	-	-	-
15	سفر	-	-	-	-
16	کرد	-	-	-	-
17	؟	-	-	-	-

0	ویدئوی	-	-	-	-
1	زیبا	-	-	-	-
2	از	-	-	-	-
3	حضور	-	-	-	-
4	شکوهمند	-	-	-	-
5	مردم	-	-	-	-
6	مشهد	-	-	-	-
7	در	-	-	-	-
8	راهپیمایی	-	-	-	-
9	بزرگ	-	-	-	-
10	بیعت	-	-	-	-
11	با	-	-	-	-
12	ولایت	-	-	-	-
13	رجب	-	-	-	-
14	طیب	-	-	-	-
15	اردوغان	-	-	-	-
16	،	-	-	-	-
17	رئیس‌جمهوری	-	-	-	-
18	ترکیه	-	-	-	-
19	اعلام	-	-	-	-
20	کرد	-	-	-	-
21	که	-	-	-	-
22	کشورش	-	-	-	-
23	صلح	-	-	-	-
24	و	-	-	-	-
25	امنیت	-	-	-	-
26	را	-	-	-	-
27	در	-	-	-	-
28	عراق	-	-	-	-
29	و	-	-	-	-
30	سوریه	-	-	-	-
31	و	-	-	-	-
32	مناطقی	-	-	-	-
33	که	-	-	-	-
34	تحت	-	-	-	-
35	کنترل	-	-	-	-
36	ترکیه	-	-	-	-
37	نیست	-	-	-	-
38	برقرار	-	-	-	-
39	می‌کند	-	-	-	-
40	وجه	-	-	-	-
41	اول	-	-	-	-
42	آن	-	-	-	-
43	این	-	-	-	-
44	است	-	-	-	-
45	که	-	-	-	-
46	در	-	-	-	-
47	برخی	-	-	-	-
48	از	-	-	-	-
49	مناطق	-	-	-	-
50	شهر	-	-	-	-
51	تهران	-	-	-	-
52	ازجمله	-	-	-	-
53	خیابانی	-	-	-	-
54	در	-	-	-	-
55	منطقه	-	-	-	-
56	۱۵	-	-	-	-
57	با	-	-	-	-
58	وضعیت	-	-	-	-
59	بد	-	-	-	-
60	دستفروشی	-	-	-	-
61	مواجه	-	-	-	-
62	هستیم	-	-	-	-
63	که	-	-	-	-
64	مردم	-	-	-	-
65	گله‌مند	-	-	-	-
66	بوده	-	-	-	-
67	مسجد	-	-	-	-
68	جمکران	-	-	-	-
69	،	-	-	-	-
70	مسجدی	-	-	-	-
71	منسوب	-	-	-	-
72	به	-	-	-	-
73	امام‌زمان	-	-	-	-
74	،	-	-	-	-
75	دوازدهمین	-	-	-	-
76	امام	-	-	-	-
77	شیعیان	-	-	-	-
78	،	-	-	-	-
79	در	-	-	-	-
80	حاشیه	-	-	-	-
81	شهر	-	-	-	-
82	قم	-	-	-	-
83	که	-	-	-	-
84	گفته‌شده	-	-	-	-
85	در	-	-	-	-
86	قرن	-	-	-	-
87	چهارم	-	-	-	-
88	قمری	-	-	-	-
89	به‌دستور	-	-	-	-
90	وی	-	-	-	-
91	ساخته‌شده	-	-	-	-
92	است	-	-	-	-
93	تفاوت	-	-	-	-
94	هواکش	-	-	-	-
95	و	-	-	-	-
96	دمنده	-	-	-	-
97	در	-	-	-	-
98	چیست	-	-	-	-
99	؟	-	-	-	-

0	ندیدند	-	-	-	-
1	چیزی	-	-	-	-
2	جز	-	-	-	-
3	از	-	-	-	-
4	بید	-	-	-	-
5	و	-	-	-	-
6	سرو	-	-	-	-
7	خرامان	-	-	-	-
8	بزیر	-	-	-	-
9	گل	-	-	-	-
10	اندر	-	-	-	-
11	تذرو	-	-	-	-
12	اعضا	-	-	-	-
13	مرحوم	-	-	-	-
14	کافی	-	-	-	-
15	،	-	-	-	-
16	۴	-	-	-	-
17	بیمار	-	-	-	-
18	را	-	-	-	-
19	کفایت	-	-	-	-
20	کرد	-	-	-	-
21	براکت	-	-	-	-
22	ممکن	-	-	-	-
23	است	-	-	-	-
24	به	-	-	-	-
25	موارد	-	-	-	-
26	زیر	-	-	-	-
27	اشاره	-	-	-	-
28	داشته‌باشد	-	-	-	-
29	یکی	-	-	-	-
30	از	-	-	-	-
31	ابتدایی‌ترین	-	-	-	-
32	راه‌های	-	-	-	-
33	تبلیغ	-	-	-	-
34	برای	-	-	-	-
35	شرکت	-	-	-	-
36	،	-	-	-	-
37	موسسه	-	-	-	-
38	یا	-	-	-	-
39	مجموعه	-	-	-	-
40	شما	-	-	-	-
41	پخش	-	-	-	-
42	تراکت	-	-	-	-
43	است	-	-	-	-
44	ستاره	-	-	-	-
45	بزرگ	-	-	-	-
46	ایران	-	-	-	-
47	بر‌سر	-	-	-	-
48	دار	-	-	-	-
49	مکافات	-	-	-	-
50	!	-	-	-	-

0	اهمیت	-	-	-	-
1	عقل	-	-	-	-
2	معاش	-	-	-	-
3	در	-	-	-	-
4	کنار	-	-	-	-
5	عقل	-	-	-	-
6	معاد	-	-	-	-
7	از	-	-	-	-
8	منظر	-	-	-	-
9	حضرت	-	-	-	-
10	علی	-	-	-	-
11	علیه	-	-	-	-
12	السلام	-	-	-	-
13	رفافت	-	-	-	-
14	مرد	-	-	-	-
15	میخواهد	-	-	-	-
16	-	-	-	-	-
17	روزگار	-	-	-	-
18	با	-	-	-	-
19	ما	-	-	-	-
20	نساختی	-	-	-	-
21	نگذشت	-	-	-	-
22	.	-	-	-	-

0	سرایت	-	-	-	-
1	جنایات	-	-	-	-
2	در	-	-	-	-
3	اصطلاح	-	-	-	-
4	یعنی	-	-	-	-
5	هر	-	-	-	-
6	جنایتی	-	-	-	-
7	که	-	-	-	-
8	بر	-	-	-	-
9	تمامیت	-	-	-	-
10	جسمانی	-	-	-	-
11	افراد	-	-	-	-
12	وارد	-	-	-	-
13	شود	-	-	-	-
14	این	-	-	-	-
15	نوشتار	-	-	-	-
16	ترانه‌ها	-	-	-	-
17	و	-	-	-	-
18	آلبوم‌های	-	-	-	-
19	مرجان	-	-	-	-
20	را	-	-	-	-
21	فهرست	-	-	-	-
22	می‌کند	-	-	-	-
23	در	-	-	-	-
24	برنامه	-	-	-	-
25	امشب	-	-	-	-
26	قاب	-	-	-	-
27	نقد	-	-	-	-
28	مجموعه	-	-	-	-
29	تلویزیونی	-	-	-	-
30	سایه‌بان	-	-	-	-
31	به	-	-	-	-
32	کارگردانی	-	-	-	-
33	جمشید	-	-	-	-
34	محمودی	-	-	-	-
35	که	-	-	-	-
36	به‌تازگی	-	-	-	-
37	پخش	-	-	-	-
38	آن	-	-	-	-
39	از	-	-	-	-
40	شبکه	-	-	-	-
41	دو	-	-	-	-
42	سیما	-	-	-	-
43	به	-	-	-	-
44	پایان	-	-	-	-
45	رسیده‌است	-	-	-	-
46	،	-	-	-	-
47	بررسی	-	-	-	-
48	می‌شود	-	-	-	-
49	در	-	-	-	-
50	زیر	-	-	-	-
51	فهرست	-	-	-	-
52	کارگردانان	-	-	-	-
53	ایرانی‌تبار	-	-	-	-
54	سینما	-	-	-	-
55	،	-	-	-	-
56	تلویزیون	-	-	-	-
57	و	-	-	-	-
58	تئاتر	-	-	-	-
59	ایران	-	-	-	-
60	(	-	-	-	-
61	و	-	-	-	-
62	جهان	-	-	-	-
63	)	-	-	-	-
64	به‌ترتیب	-	-	-	-
65	نام	-	-	-	-
66	خانوادگی	-	-	-	-
67	و	-	-	-	-
68	اطلاعاتی	-	-	-	-
69	از	-	-	-	-
70	آنها	-	-	-	-
71	آمده‌است	-	-	-	-
72	.	-	-	-	-

0	قسطنطنیه	-	-	-	-
1	عربی‌شدهٔ	-	-	-	-
2	کنستانتینوپول	-	-	-	-
3	(	-	-	-	-
4	شهر	-	-	-	-
5	کنستانتین	-	-	-	-
6	)	-	-	-	-
7	،	-	-	-	-
8	نام	-	-	-	-
9	پیشین	-	-	-	-
10	استانبول	-	-	-	-
11	که	-	-	-	-
12	به	-	-	-	-
13	افتخار	-	-	-	-
14	قیصر	-	-	-	-
15	روم	-	-	-	-
16	کنستانتین	-	-	-	-
17	یکم	-	-	-	-
18	بدین	-	-	-	-
19	نام	-	-	-	-
20	نامیده‌شد	-	-	-	-
21	همه‌ی	-	-	-	-
22	ما	-	-	-	-
23	دوست	-	-	-	-
24	داریم	-	-	-	-
25	که	-	-	-	-
26	برنده	-	-	-	-
27	باشیم	-	-	-	-
28	و	-	-	-	-
29	نه	-	-	-	-
30	بازنده	-	-	-	-
31	فروشنده	-	-	-	-
32	روایتگر	-	-	-	-
33	داستان	-	-	-	-
34	زوج	-	-	-	-
35	جوانی	-	-	-	-
36	است	-	-	-	-
37	که	-	-	-	-
38	در	-	-	-	-
39	حال	-	-	-	-
40	اجرای	-	-	-	-
41	نمایشنامه	-	-	-	-
42	مرگ	-	-	-	-
43	فروشنده	-	-	-	-
44	آرتور	-	-	-	-
45	میلر	-	-	-	-
46	هستند	-	-	-	-
47	در	-	-	-	-
48	زبان	-	-	-	-
49	فارسی	-	-	-	-
50	این	-	-	-	-
51	ایل	-	-	-	-
52	را	-	-	-	-
53	به	-	-	-	-
54	اسم	-	-	-	-
55	ترکاشوند	-	-	-	-
56	می‌شناسند	-	-	-	-
57	اگر	-	-	-	-
58	می‌خواهید	-	-	-	-
59	در	-	-	-	-
60	منطقه	-	-	-	-
61	چمستان	-	-	-	-
62	ویلا	-	-	-	-
63	بخرید	-	-	-	-
64	یا	-	-	-	-
65	ساخت	-	-	-	-
66	و	-	-	-	-
67	ساز	-	-	-	-
68	کنید	-	-	-	-
69	،	-	-	-	-
70	به	-	-	-	-
71	نتیجه‌گیری	-	-	-	-
72	ما	-	-	-	-
73	توجه	-	-	-	-
74	کنید	-	-	-	-
75	تمام	-	-	-	-
76	آهنگ‌های	-	-	-	-
77	سیروان	-	-	-	-
78	خسروی	-	-	-	-
79	بهمراه	-	-	-	-
80	آلبوم‌ها	-	-	-	-
81	و	-	-	-	-
82	فول	-	-	-	-
83	آلبوم	-	-	-	-
84	آهنگ‌های	-	-	-	-
85	سیروان	-	-	-	-
86	خسروی	-	-	-	-
87	و	-	-	-	-
88	متن	-	-	-	-
89	ترانه‌ها	-	-	-	-
90	و	-	-	-	-
91	موزیک‌ها	-	-	-	-
92	در‌ادامه	-	-	-	-
93	قرار	-	-	-	-
94	دارد	-	-	-	-
95	شرکت	-	-	-	-
96	مهاجرتی	-	-	-	-
97	کنکاش	-	-	-	-
98	ارائه‌دهنده	-	-	-	-
99	خدمات	-	-	-	-
100	مهاجرت	-	-	-	-
101	به	-	-	-	-
102	کانادا	-	-	-	-
103	و	-	-	-	-
104	اقامت	-	-	-	-
105	کانادا	-	-	-	-
106	جدیدترین	-	-	-	-
107	دست‌پخت	-	-	-	-
108	خودروسازی	-	-	-	-
109	ایران	-	-	-	-
110	برای	-	-	-	-
111	صنعت	-	-	-	-
112	و	-	-	-	-
113	مردم	-	-	-	-
114	کشور	-	-	-	-
115	،	-	-	-	-
116	یک	-	-	-	-
117	سدان	-	-	-	-
118	کامپکت	-	-	-	-
119	با	-	-	-	-
120	نام	-	-	-	-
121	رهام	-	-	-	-
122	است	-	-	-	-
123	شرکت	-	-	-	-
124	بهنوش	-	-	-	-
125	ایران	-	-	-	-
126	اولین	-	-	-	-
127	تولیدکننده	-	-	-	-
128	ماءالشعیر	-	-	-	-
129	در	-	-	-	-
130	ایران	-	-	-	-
131	است	-	-	-	-
132	نام	-	-	-	-
133	پدر	-	-	-	-
134	ماهدخت	-	-	-	-
135	علی	-	-	-	-
136	خان	-	-	-	-
137	بود	-	-	-	-
138	.	-	-	-	-

0	تا	-	-	-	-
1	اینکه	-	-	-	-
2	شبی	-	-	-	-
3	در	-	-	-	-
4	خانه	-	-	-	-
5	علی	-	-	-	-
6	خان	-	-	-	-
7	بودیم	-	-	-	-
8	نبی‌الله	-	-	-	-
9	سلیمان	-	-	-	-
10	(	-	-	-	-
11	ع	-	-	-	-
12	)	-	-	-	-
13	از‌پیامبران	-	-	-	-
14	بزرگ	-	-	-	-
15	بنی‌اسرائیل	-	-	-	-
16	می‌باشد	-	-	-	-
17	بازار	-	-	-	-
18	خودروهای	-	-	-	-
19	وانت	-	-	-	-
20	چند	-	-	-	-
21	سالی	-	-	-	-
22	است	-	-	-	-
23	که	-	-	-	-
24	تنوع	-	-	-	-
25	بیشتری	-	-	-	-
26	به	-	-	-	-
27	خود	-	-	-	-
28	دیده‌است	-	-	-	-
29	قصد	-	-	-	-
30	ما	-	-	-	-
31	بررسی	-	-	-	-
32	نیابت	-	-	-	-
33	قضایی	-	-	-	-
34	دادگاه‌ها	-	-	-	-
35	است	-	-	-	-
36	یکی	-	-	-	-
37	از	-	-	-	-
38	عضوهای	-	-	-	-
39	اوراق	-	-	-	-
40	اداری	-	-	-	-
41	،	-	-	-	-
42	پاکت‌های	-	-	-	-
43	چاپ	-	-	-	-
44	آقا	-	-	-	-
45	هستند	-	-	-	-
46	که	-	-	-	-
47	بصورت	-	-	-	-
48	جداگانه	-	-	-	-
49	نیز	-	-	-	-
50	میتوانید	-	-	-	-
51	آنلاین	-	-	-	-
52	سفارش	-	-	-	-
53	دهید	-	-	-	-
54	.	-	-	-	-

0	نامیرا	-	-	-	-
1	نام	-	-	-	-
2	رمانی	-	-	-	-
3	از	-	-	-	-
4	صادق	-	-	-	-
5	کرمیار	-	-	-	-
6	است	-	-	-	-
7	که	-	-	-	-
8	روایتگر	-	-	-	-
9	واقعه	-	-	-	-
10	عاشورا	-	-	-	-
11	است	-	-	-	-
12	کمیته	-	-	-	-
13	ملی	-	-	-	-
14	المپیک	-	-	-	-
15	به	-	-	-	-
16	سهراب	-	-	-	-
17	مرادی	-	-	-	-
18	بابت	-	-	-	-
19	رکوردشکنی	-	-	-	-
20	پاداش	-	-	-	-
21	داد	-	-	-	-
22	به‌نظر	-	-	-	-
23	نادم	-	-	-	-
24	هیچ	-	-	-	-
25	کار	-	-	-	-
26	ناشدنی	-	-	-	-
27	در	-	-	-	-
28	دنیا	-	-	-	-
29	نیست	-	-	-	-
30	بادمجان	-	-	-	-
31	یکی	-	-	-	-
32	از	-	-	-	-
33	صیفی‌جاتی	-	-	-	-
34	است	-	-	-	-
35	که	-	-	-	-
36	در	-	-	-	-
37	تمام	-	-	-	-
38	فصول	-	-	-	-
39	سال	-	-	-	-
40	وجود	-	-	-	-
41	دارد	-	-	-	-
42	ناصر	-	-	-	-
43	ابراهیم‌نژاد	-	-	-	-
44	با	-	-	-	-
45	نام	-	-	-	-
46	هنری	-	-	-	-
47	کیوان	-	-	-	-
48	از	-	-	-	-
49	خوانندگان	-	-	-	-
50	سبک	-	-	-	-
51	پاپ	-	-	-	-
52	اهل	-	-	-	-
53	ایران	-	-	-	-
54	است	-	-	-	-
55	خون‌آشام	-	-	-	-
56	در	-	-	-	-
57	افسانه‌ها	-	-	-	-
58	و	-	-	-	-
59	فرهنگ	-	-	-	-
60	فولکلوریک	-	-	-	-
61	مردم	-	-	-	-
62	اروپا	-	-	-	-
63	،	-	-	-	-
64	موجودی	-	-	-	-
65	زنده‌است	-	-	-	-
66	که	-	-	-	-
67	شب‌ها	-	-	-	-
68	از	-	-	-	-
69	گور	-	-	-	-
70	بیرون	-	-	-	-
71	آمده	-	-	-	-
72	و	-	-	-	-
73	برای	-	-	-	-
74	تغذیه	-	-	-	-
75	خود	-	-	-	-
76	از	-	-	-	-
77	خون	-	-	-	-
78	مردم	-	-	-	-
79	می‌مکد	-	-	-	-
80	قابلیت	-	-	-	-
81	اطمینان	-	-	-	-
82	در	-	-	-	-
83	حقیقت	-	-	-	-
84	احتمال	-	-	-	-
85	موفقیت	-	-	-	-
86	در	-	-	-	-
87	انجام‌وظیفه	-	-	-	-
88	است	-	-	-	-
89	با	-	-	-	-
90	سنگ	-	-	-	-
91	صافی	-	-	-	-
92	که	-	-	-	-
93	پای	-	-	-	-
94	در	-	-	-	-
95	نشیمن	-	-	-	-
96	به	-	-	-	-
97	راهرو	-	-	-	-
98	بود	-	-	-	-
99	می‌شکستیمشان	-	-	-	-
100	می‌خوردیمشان	-	-	-	-
101	یواش‌یواش	-	-	-	-
102	مدتها	-	-	-	-
103	از	-	-	-	-
104	زمانی‌که	-	-	-	-
105	اعلام	-	-	-	-
106	شد	-	-	-	-
107	فعالیت	-	-	-	-
108	پارکبان‌ها	-	-	-	-
109	قانونی‌نیست	-	-	-	-
110	همرفت	-	-	-	-
111	انتقال	-	-	-	-
112	گرمایی	-	-	-	-
113	از‌طریق	-	-	-	-
114	حرکت	-	-	-	-
115	سیالی	-	-	-	-
116	مانند	-	-	-	-
117	هوا	-	-	-	-
118	یا	-	-	-	-
119	آب	-	-	-	-
120	است	-	-	-	-
121	زکام	-	-	-	-
122	در	-	-	-	-
123	زبان	-	-	-	-
124	عربی	-	-	-	-
125	همان	-	-	-	-
126	سرماخوردگی	-	-	-	-
127	است	-	-	-	-
128	اما	-	-	-	-
129	در	-	-	-	-
130	اصطلاح	-	-	-	-
131	طب	-	-	-	-
132	سنتی	-	-	-	-
133	زکام	-	-	-	-
134	یا	-	-	-	-
135	نزلة	-	-	-	-
136	یا	-	-	-	-
137	چایمان	-	-	-	-
138	به	-	-	-	-
139	معنی	-	-	-	-
140	التهاب	-	-	-	-
141	بافت	-	-	-	-
142	مخاطی	-	-	-	-
143	بینی	-	-	-	-
144	است	-	-	-	-
145	واتیکان	-	-	-	-
146	دولت‌شهری	-	-	-	-
147	مستقل	-	-	-	-
148	است	-	-	-	-
149	که	-	-	-	-
150	در	-	-	-	-
151	درون	-	-	-	-
152	شهر	-	-	-	-
153	رم	-	-	-	-
154	در	-	-	-	-
155	کشور	-	-	-	-
156	ایتالیا	-	-	-	-
157	جای	-	-	-	-
158	دارد	-	-	-	-
159	در	-	-	-	-
160	صورت	-	-	-	-
161	نشت	-	-	-	-
162	گاز	-	-	-	-
163	و	-	-	-	-
164	یا	-	-	-	-
165	استشمام	-	-	-	-
166	بوی	-	-	-	-
167	آن	-	-	-	-
168	،	-	-	-	-
169	قبل‌از	-	-	-	-
170	هر	-	-	-	-
171	کاری	-	-	-	-
172	باید	-	-	-	-
173	دقت	-	-	-	-
174	کرد	-	-	-	-
175	که	-	-	-	-
176	در	-	-	-	-
177	آن	-	-	-	-
178	محل	-	-	-	-
179	هیچگونه	-	-	-	-
180	جرقه‌ای	-	-	-	-
181	زده‌نشود	-	-	-	-
182	پرهام	-	-	-	-
183	،	-	-	-	-
184	یکی	-	-	-	-
185	از	-	-	-	-
186	قدیمی‌ترین	-	-	-	-
187	نام‌های	-	-	-	-
188	پارسی	-	-	-	-
189	به	-	-	-	-
190	معنی	-	-	-	-
191	فرشته	-	-	-	-
192	خوبی	-	-	-	-
193	است	-	-	-	-
194	بدون‌شک	-	-	-	-
195	به	-	-	-	-
196	شما	-	-	-	-
197	نیز	-	-	-	-
198	گفته‌شده	-	-	-	-
199	که	-	-	-	-
200	اژدها	-	-	-	-
201	موجودی	-	-	-	-
202	افسانه‌ای	-	-	-	-
203	بوده	-	-	-	-
204	و	-	-	-	-
205	هیچگاه	-	-	-	-
206	وجود	-	-	-	-
207	خارجی	-	-	-	-
208	نداشته‌است	-	-	-	-
209	فصل	-	-	-	-
210	باران	-	-	-	-
211	است	-	-	-	-
212	بارانی	-	-	-	-
213	شویم	-	-	-	-
214	از	-	-	-	-
215	درون	-	-	-	-
216	جوشیم	-	-	-	-
217	و	-	-	-	-
218	طوفانی	-	-	-	-
219	شویم	-	-	-	-
220	چهارگوش	-	-	-	-
221	یه	-	-	-	-
222	بازی	-	-	-	-
223	معمایی	-	-	-	-
224	هست	-	-	-	-
225	که	-	-	-	-
226	رد	-	-	-	-
227	کردن	-	-	-	-
228	مرحله	-	-	-	-
229	هایش	-	-	-	-
230	وقت	-	-	-	-
231	و	-	-	-	-
232	تمرکز	-	-	-	-
233	زیادی	-	-	-	-
234	می‌طلبد	-	-	-	-
235	آزمودگی	-	-	-	-
236	یا	-	-	-	-
237	آروین	-	-	-	-
238	در	-	-	-	-
239	مفهوم	-	-	-	-
240	عمومی	-	-	-	-
241	به‌همه	-	-	-	-
242	مهارت‌ها	-	-	-	-
243	و	-	-	-	-
244	دانسته‌ها	-	-	-	-
245	،	-	-	-	-
246	از	-	-	-	-
247	برخی	-	-	-	-
248	پدیده‌ها	-	-	-	-
249	و	-	-	-	-
250	موضوعات	-	-	-	-
251	که	-	-	-	-
252	ناشی	-	-	-	-
253	از	-	-	-	-
254	برخورد	-	-	-	-
255	با	-	-	-	-
256	آن	-	-	-	-
257	موضوع	-	-	-	-
258	و	-	-	-	-
259	درگیری	-	-	-	-
260	با	-	-	-	-
261	آن	-	-	-	-
262	پدیده	-	-	-	-
263	در	-	-	-	-
264	خلال	-	-	-	-
265	دورانی	-	-	-	-
266	معین	-	-	-	-
267	است	-	-	-	-

