0	آن	-	-	-	-
1	روز	-	-	-	-
2	مورخ	-	-	-	-
3	۹۷/۷/۲۰	-	-	-	-
4	یا	-	-	-	-
5	به‌عبارتی	-	-	-	-
6	۲۰	-	-	-	-
7	مهر	-	-	-	-
8	۹۷	-	-	-	-
9	حدود	-	-	-	-
10	ساعت	-	-	-	-
11	۹:۱۵	-	-	-	-
12	در‌کلاس	-	-	-	-
13	مبحثی	-	-	-	-
14	بیان	-	-	-	-
15	شد	-	-	-	-
16	که	-	-	-	-
17	بیانگر	-	-	-	-
18	ابهامات	-	-	-	-
19	بسیاری	-	-	-	-
20	بود	-	-	-	-
21	.	-	-	-	-

0	به‌طوری	-	-	-	-
1	که	-	-	-	-
2	هر	-	-	-	-
3	نفر	-	-	-	-
4	پاسخ	-	-	-	-
5	متفاوتی	-	-	-	-
6	داشت	-	-	-	-
7	و	-	-	-	-
8	هرکس	-	-	-	-
9	جداگانه	-	-	-	-
10	برای	-	-	-	-
11	خود	-	-	-	-
12	دانش‌اندوزی	-	-	-	-
13	میکرد	-	-	-	-
14	!	-	-	-	-

0	جواب	-	-	-	-
1	درست	-	-	-	-
2	۰٫	-	-	-	-
3	۸۹	-	-	-	-
4	بودولی	-	-	-	-
5	هر	-	-	-	-
6	کس	-	-	-	-
7	یک	-	-	-	-
8	چیزی	-	-	-	-
9	برای	-	-	-	-
10	گفتن	-	-	-	-
11	داشت	-	-	-	-
12	!	-	-	-	-

0	مانند	-	-	-	-
1	۳/۴	-	-	-	-
2	،	-	-	-	-
3	.	-	-	-	-
4	۳۲	-	-	-	-
5	،	-	-	-	-
6	.	-	-	-	-
7	۴	-	-	-	-
8	و	-	-	-	-
9	…	-	-	-	-
10	نزدیک‌ترین	-	-	-	-
11	جواب	-	-	-	-
12	را	-	-	-	-
13	فاطمة	-	-	-	-
14	دادهبود	-	-	-	-
15	،	-	-	-	-
16	۱٫	-	-	-	-
17	۱۲	-	-	-	-
18	!	-	-	-	-

0	هم	-	-	-	-
1	همه	-	-	-	-
2	درگر	-	-	-	-
3	فته	-	-	-	-
4	بودکه	-	-	-	-
5	در	-	-	-	-
6	نه	-	-	-	-
7	و	-	-	-	-
8	سی	-	-	-	-
9	دقیقه	-	-	-	-
10	،	-	-	-	-
11	معلم	-	-	-	-
12	رسید	-	-	-	-
13	؛	-	-	-	-
14	همان	-	-	-	-
15	ابتداپرسید	-	-	-	-
16	:	-	-	-	-

0	«	-	-	-	-
1	پاسخ	-	-	-	-
2	۱٫	-	-	-	-
3	۱۲	-	-	-	-
4	راچه	-	-	-	-
5	کسی	-	-	-	-
6	بدست‌آورده	-	-	-	-
7	؟	-	-	-	-

0	اسمی	-	-	-	-
1	روی	-	-	-	-
2	برگه‌اش	-	-	-	-
3	نبود	-	-	-	-
4	!	-	-	-	-
5	»	-	-	-	-
6	همین	-	-	-	-
7	جابود	-	-	-	-
8	که	-	-	-	-
9	فاطمة	-	-	-	-
10	فهمیدحق	-	-	-	-
11	با	-	-	-	-
12	اوبوده	-	-	-	-
13	!	-	-	-	-

0	دیگر	-	-	-	-
1	ساعت	-	-	-	-
2	۱۰	-	-	-	-
3	شده‌بود	-	-	-	-
4	.	-	-	-	-

0	همه	-	-	-	-
1	آرام	-	-	-	-
2	شدند	-	-	-	-
3	ودیگر	-	-	-	-
4	به‌شدت	-	-	-	-
5	شک	-	-	-	-
6	هابرطرف	-	-	-	-
7	شده	-	-	-	-
8	بودو	-	-	-	-
9	برایشان	-	-	-	-
10	بسیار	-	-	-	-
11	تعجب‌آور	-	-	-	-
12	بود…	-	-	-	-
13	همه	-	-	-	-
14	با‌کنجکاوی	-	-	-	-
15	به	-	-	-	-
16	تخته	-	-	-	-
17	نگاه	-	-	-	-
18	می‌کردند	-	-	-	-
19	و	-	-	-	-
20	مشتاق	-	-	-	-
21	انه	-	-	-	-
22	حرکت	-	-	-	-
23	گچ	-	-	-	-
24	روی	-	-	-	-
25	آن	-	-	-	-
26	را	-	-	-	-
27	دنبال	-	-	-	-
28	،	-	-	-	-
29	تا	-	-	-	-
30	راه	-	-	-	-
31	حل	-	-	-	-
32	را	-	-	-	-
33	ببینند	-	-	-	-
34	که	-	-	-	-
35	ناگهان	-	-	-	-
36	در	-	-	-	-
37	ساعت	-	-	-	-
38	۱۰:۱۵	-	-	-	-
39	زنگ	-	-	-	-
40	خورد	-	-	-	-
41	که	-	-	-	-
42	همه	-	-	-	-
43	را	-	-	-	-
44	به	-	-	-	-
45	دلیل	-	-	-	-
46	این	-	-	-	-
47	یک	-	-	-	-
48	ربع	-	-	-	-
49	زودتر	-	-	-	-
50	زنگ	-	-	-	-
51	خوردن	-	-	-	-
52	تعجب‌زده‌کرد	-	-	-	-
53	!	-	-	-	-

0	معلم	-	-	-	-
1	به	-	-	-	-
2	نماینده	-	-	-	-
3	گفت	-	-	-	-
4	ایمیل	-	-	-	-
5	(	-	-	-	-
6	email	-	-	-	-
7	)	-	-	-	-
8	همه‌دانش‌آموزان	-	-	-	-
9	را	-	-	-	-
10	بگیرد	-	-	-	-
11	تا	-	-	-	-
12	پاسخ	-	-	-	-
13	را	-	-	-	-
14	به	-	-	-	-
15	آن‌ها	-	-	-	-
16	میل	-	-	-	-
17	کند	-	-	-	-
18	.	-	-	-	-

0	ایمیل‌های	-	-	-	-
1	جالبی	-	-	-	-
2	شنیده	-	-	-	-
3	میشد	-	-	-	-
4	،	-	-	-	-
5	مثل	-	-	-	-
6	BeFunny@yahoo	-	-	-	-
7	.	-	-	-	-

0	com	-	-	-	-
1	،	-	-	-	-
2	sara‌happy‌girl@gmail	-	-	-	-
3	.	-	-	-	-

0	com	-	-	-	-
1	یا	-	-	-	-
2	lonely	-	-	-	-
3	.	-	-	-	-

0	girl@gamil	-	-	-	-
1	.	-	-	-	-

0	com	-	-	-	-
1	و	-	-	-	-
2	…	-	-	-	-
3	که	-	-	-	-
4	تا‌حدودی	-	-	-	-
5	از	-	-	-	-
6	روی	-	-	-	-
7	این	-	-	-	-
8	قبیل	-	-	-	-
9	آدرس	-	-	-	-
10	ایمیل‌ها	-	-	-	-
11	می‌توان	-	-	-	-
12	به	-	-	-	-
13	حال	-	-	-	-
14	درونی	-	-	-	-
15	صاحب	-	-	-	-
16	email	-	-	-	-
17	پی	-	-	-	-
18	برد	-	-	-	-
19	.	-	-	-	-
20	.	-	-	-	-

0	الگوریتم‌های	-	-	-	-
1	مختلفی	-	-	-	-
2	وجود	-	-	-	-
3	دارد	-	-	-	-
4	برای	-	-	-	-
5	کلاس	-	-	-	-
6	بندی	-	-	-	-
7	کردن	-	-	-	-
8	داده‌ها	-	-	-	-
9	(	-	-	-	-
10	data	-	-	-	-
11	)	-	-	-	-
12	؛	-	-	-	-
13	مانند	-	-	-	-
14	کی	-	-	-	-
15	.	-	-	-	-

0	ان	-	-	-	-
1	.	-	-	-	-

0	ان	-	-	-	-
1	،	-	-	-	-
2	اس	-	-	-	-
3	.	-	-	-	-

0	وی	-	-	-	-
1	.	-	-	-	-

0	ام	-	-	-	-
1	،	-	-	-	-
2	سی	-	-	-	-
3	.	-	-	-	-

0	ان	-	-	-	-
1	.	-	-	-	-

0	ان	-	-	-	-
1	و	-	-	-	-
2	غیره	-	-	-	-
3	،	-	-	-	-
4	که	-	-	-	-
5	برای	-	-	-	-
6	هر	-	-	-	-
7	کاربرد	-	-	-	-
8	باید	-	-	-	-
9	بررسی	-	-	-	-
10	کنیم	-	-	-	-
11	ببینیم	-	-	-	-
12	کدام	-	-	-	-
13	یک	-	-	-	-
14	برای	-	-	-	-
15	کارمان	-	-	-	-
16	دقت	-	-	-	-
17	(	-	-	-	-
18	accuracy	-	-	-	-
19	)	-	-	-	-
20	بالاتری	-	-	-	-
21	دارد	-	-	-	-
22	.	-	-	-	-

0	گاهی	-	-	-	-
1	بیش‌از	-	-	-	-
2	۰٫۵	-	-	-	-
3	درصدازوقت‌های	-	-	-	-
4	روز	-	-	-	-
5	مره	-	-	-	-
6	ما	-	-	-	-
7	صرف	-	-	-	-
8	اتفاقاتی	-	-	-	-
9	میشودکه	-	-	-	-
10	هنوزرخ	-	-	-	-
11	نداده‌اند	-	-	-	-
12	و	-	-	-	-
13	ممکن	-	-	-	-
14	است	-	-	-	-
15	هیچ	-	-	-	-
16	وقت	-	-	-	-
17	هم	-	-	-	-
18	رخ	-	-	-	-
19	ندهند	-	-	-	-
20	!!	-	-	-	-

0	یادرمقابل	-	-	-	-
1	مروراتفاقاتی	-	-	-	-
2	که	-	-	-	-
3	پیشامده	-	-	-	-
4	وتمام‌شده	-	-	-	-
5	!!	-	-	-	-

0	که	-	-	-	-
1	این‌ها	-	-	-	-
2	شاید	-	-	-	-
3	حتی	-	-	-	-
4	آن	-	-	-	-
5	قدر	-	-	-	-
6	مهم	-	-	-	-
7	هم	-	-	-	-
8	نباشند	-	-	-	-
9	!!	-	-	-	-

0	یعنی	-	-	-	-
1	اصلامهم	-	-	-	-
2	نباشند	-	-	-	-
3	!	-	-	-	-

0	مثل	-	-	-	-
1	فکر	-	-	-	-
2	کردن	-	-	-	-
3	به	-	-	-	-
4	این	-	-	-	-
5	که	-	-	-	-
6	فلان	-	-	-	-
7	شخص	-	-	-	-
8	اگر	-	-	-	-
9	ما	-	-	-	-
10	فلان	-	-	-	-
11	کار	-	-	-	-
12	را	-	-	-	-
13	که	-	-	-	-
14	به‌نظرمان	-	-	-	-
15	درست	-	-	-	-
16	است	-	-	-	-
17	را	-	-	-	-
18	انجام	-	-	-	-
19	دهیم	-	-	-	-
20	،	-	-	-	-
21	در‌موردماچه	-	-	-	-
22	فکری	-	-	-	-
23	می‌کند	-	-	-	-
24	!!	-	-	-	-

0	چه‌بسا	-	-	-	-
1	اصلافلان	-	-	-	-
2	شخص	-	-	-	-
3	به	-	-	-	-
4	ذهنش	-	-	-	-
5	هم	-	-	-	-
6	چنین	-	-	-	-
7	فکری	-	-	-	-
8	خطورنکند	-	-	-	-
9	!	-	-	-	-

0	یامثلا	-	-	-	-
1	فکر	-	-	-	-
2	کردن	-	-	-	-
3	به	-	-	-	-
4	اینکه	-	-	-	-
5	اگر	-	-	-	-
6	فلان	-	-	-	-
7	چیز	-	-	-	-
8	گفته‌شود	-	-	-	-
9	ممکن	-	-	-	-
10	است	-	-	-	-
11	چه	-	-	-	-
12	اتفاقیبیفتد	-	-	-	-
13	یا	-	-	-	-
14	بقیه	-	-	-	-
15	چه	-	-	-	-
16	بگویند	-	-	-	-
17	!!	-	-	-	-

0	یا	-	-	-	-
1	مثلا	-	-	-	-
2	من	-	-	-	-
3	که	-	-	-	-
4	فلان	-	-	-	-
5	کار	-	-	-	-
6	را	-	-	-	-
7	کردم	-	-	-	-
8	آیا	-	-	-	-
9	بهمان	-	-	-	-
10	شخص	-	-	-	-
11	ازمن	-	-	-	-
12	ناراحت	-	-	-	-
13	شده	-	-	-	-
14	یانه	-	-	-	-
15	؟	-	-	-	-

0	گاهی	-	-	-	-
1	با	-	-	-	-
2	یک	-	-	-	-
3	بارپرسیدن	-	-	-	-
4	ازآن	-	-	-	-
5	شخص	-	-	-	-
6	،	-	-	-	-
7	یاباصحبت	-	-	-	-
8	کردن	-	-	-	-
9	با	-	-	-	-
10	یک	-	-	-	-
11	فرد	-	-	-	-
12	که	-	-	-	-
13	مطمئنیم	-	-	-	-
14	مارا	-	-	-	-
15	دوست	-	-	-	-
16	دارد	-	-	-	-
17	و	-	-	-	-
18	همچنین	-	-	-	-
19	از	-	-	-	-
20	دیدگاهمان	-	-	-	-
21	آگاه	-	-	-	-
22	و	-	-	-	-
23	فهمیده‌است	-	-	-	-
24	،	-	-	-	-
25	می‌توان	-	-	-	-
26	خیلی	-	-	-	-
27	ازآشفتگی‌های	-	-	-	-
28	فکری	-	-	-	-
29	و	-	-	-	-
30	بسیاری	-	-	-	-
31	موارد	-	-	-	-
32	که	-	-	-	-
33	فکرما	-	-	-	-
34	را	-	-	-	-
35	مشوش	-	-	-	-
36	می‌کندرها	-	-	-	-
37	شد	-	-	-	-
38	؛	-	-	-	-
39	خیلیاز	-	-	-	-
40	مسائل	-	-	-	-
41	را	-	-	-	-
42	می‌توان	-	-	-	-
43	حل	-	-	-	-
44	کرد	-	-	-	-
45	و	-	-	-	-
46	به‌دنبال	-	-	-	-
47	آن	-	-	-	-
48	میتوانیم	-	-	-	-
49	از	-	-	-	-
50	وقتمان	-	-	-	-
51	مفید	-	-	-	-
52	تراستفاده	-	-	-	-
53	کنیم	-	-	-	-
54	وشادتربه	-	-	-	-
55	زیست	-	-	-	-
56	ن	-	-	-	-
57	خود	-	-	-	-
58	ادامه	-	-	-	-
59	دهیم	-	-	-	-
60	!!	-	-	-	-

0	در	-	-	-	-
1	پارهای	-	-	-	-
2	ازمسائل	-	-	-	-
3	،	-	-	-	-
4	مشکلزمانی	-	-	-	-
5	رخمی	-	-	-	-
6	دهدکه	-	-	-	-
7	فعل‌های	-	-	-	-
8	مرکب	-	-	-	-
9	واردکارمیشوند	-	-	-	-
10	.	-	-	-	-

0	باید	-	-	-	-
1	با	-	-	-	-
2	آنها	-	-	-	-
3	چهطور	-	-	-	-
4	برخورد	-	-	-	-
5	کرد	-	-	-	-
6	؟؟	-	-	-	-

0	فعل	-	-	-	-
1	هایی	-	-	-	-
2	مانند	-	-	-	-
3	:	-	-	-	-

0	«	-	-	-	-
1	نگاه	-	-	-	-
2	کردن	-	-	-	-
3	،	-	-	-	-
4	صدازدن	-	-	-	-
5	،	-	-	-	-
6	مشوش	-	-	-	-
7	شدن	-	-	-	-
8	و	-	-	-	-
9	…	-	-	-	-
10	»	-	-	-	-
11	.	-	-	-	-

0	در۹خردادنودوهفت	-	-	-	-
1	(	-	-	-	-
2	۱۳۹۷	-	-	-	-
3	٫	-	-	-	-
4	۳.۹	-	-	-	-
5	)	-	-	-	-
6	،	-	-	-	-
7	در	-	-	-	-
8	وبلاگی	-	-	-	-
9	نوشته‌بودند	-	-	-	-
10	:	-	-	-	-

0	«	-	-	-	-
1	به	-	-	-	-
2	کلمه‌ی	-	-	-	-
3	دوم	-	-	-	-
4	درفعل	-	-	-	-
5	مرکب	-	-	-	-
6	»	-	-	-	-
7	همکرد	-	-	-	-
8	«	-	-	-	-
9	می‌گویند	-	-	-	-
10	.	-	-	-	-

0	مثلا	-	-	-	-
1	»	-	-	-	-
2	کردن	-	-	-	-
3	«	-	-	-	-
4	در	-	-	-	-
5	»	-	-	-	-
6	کار	-	-	-	-
7	کردن	-	-	-	-
8	«	-	-	-	-
9	و	-	-	-	-
10	»	-	-	-	-
11	دادن	-	-	-	-
12	«	-	-	-	-
13	در	-	-	-	-
14	»	-	-	-	-
15	دستوردادن	-	-	-	-
16	«	-	-	-	-
17	و	-	-	-	-
18	»	-	-	-	-
19	زدن	-	-	-	-
20	«	-	-	-	-
21	در	-	-	-	-
22	»	-	-	-	-
23	دست	-	-	-	-
24	زدن	-	-	-	-
25	«	-	-	-	-
26	و	-	-	-	-
27	»	-	-	-	-
28	نمودن	-	-	-	-
29	«	-	-	-	-
30	در	-	-	-	-
31	»	-	-	-	-
32	صاف	-	-	-	-
33	نمودن	-	-	-	-
34	«	-	-	-	-
35	اما	-	-	-	-
36	فعل‌های	-	-	-	-
37	مرکب	-	-	-	-
38	درنامه‌های	-	-	-	-
39	رسمی	-	-	-	-
40	واداری	-	-	-	-
41	و	-	-	-	-
42	شبهرسمی	-	-	-	-
43	،	-	-	-	-
44	ظاهرا	-	-	-	-
45	به	-	-	-	-
46	دلیل	-	-	-	-
47	زیاده‌روی	-	-	-	-
48	دررسمی	-	-	-	-
49	نوشتن	-	-	-	-
50	و	-	-	-	-
51	تفاخرادبی	-	-	-	-
52	و	-	-	-	-
53	دراصل	-	-	-	-
54	به	-	-	-	-
55	دلیل	-	-	-	-
56	ضعف	-	-	-	-
57	نگارش	-	-	-	-
58	وناآشنا	-	-	-	-
59	یی	-	-	-	-
60	با	-	-	-	-
61	فعلها	-	-	-	-
62	،	-	-	-	-
63	گاهی	-	-	-	-
64	به	-	-	-	-
65	شکلیناجور	-	-	-	-
66	با	-	-	-	-
67	هم	-	-	-	-
68	قاطیمی	-	-	-	-
69	شوند	-	-	-	-
70	.	-	-	-	-

0	یعنی	-	-	-	-
1	آقا	-	-	-	-
2	یاخانم	-	-	-	-
3	نگارنده‌ی	-	-	-	-
4	نامه	-	-	-	-
5	یا	-	-	-	-
6	اعلان	-	-	-	-
7	یا	-	-	-	-
8	بیانیه	-	-	-	-
9	یا	-	-	-	-
10	هرچه	-	-	-	-
11	،	-	-	-	-
12	همکرد	-	-	-	-
13	یک	-	-	-	-
14	فعل	-	-	-	-
15	مرکب	-	-	-	-
16	را	-	-	-	-
17	برمی	-	-	-	-
18	دارد	-	-	-	-
19	ومیگذارد	-	-	-	-
20	ته‌دیگری	-	-	-	-
21	و	-	-	-	-
22	واژه‌ی	-	-	-	-
23	دیگر	-	-	-	-
24	آن	-	-	-	-
25	یکی	-	-	-	-
26	فعل	-	-	-	-
27	مرکب	-	-	-	-
28	را	-	-	-	-
29	برمی	-	-	-	-
30	دارد	-	-	-	-
31	و	-	-	-	-
32	می‌گذارد	-	-	-	-
33	سر	-	-	-	-
34	همکرد	-	-	-	-
35	دیگری	-	-	-	-
36	؛	-	-	-	-
37	یا	-	-	-	-
38	اصلا	-	-	-	-
39	کل	-	-	-	-
40	فعل	-	-	-	-
41	مرکب	-	-	-	-
42	را	-	-	-	-
43	اشتباهی	-	-	-	-
44	به‌جای	-	-	-	-
45	فعلی	-	-	-	-
46	دیگر	-	-	-	-
47	به	-	-	-	-
48	کار	-	-	-	-
49	می‌برد	-	-	-	-
50	»	-	-	-	-
51	.	-	-	-	-

0	معمولاسیستم	-	-	-	-
1	مشخصی	-	-	-	-
2	درنوشتن	-	-	-	-
3	تاریخ	-	-	-	-
4	وجودندارد	-	-	-	-
5	!	-	-	-	-

0	مثلاهمه	-	-	-	-
1	این	-	-	-	-
2	مثال‌ها	-	-	-	-
3	بهیک	-	-	-	-
4	تاریخ	-	-	-	-
5	(	-	-	-	-
6	date	-	-	-	-
7	)	-	-	-	-
8	اشاره	-	-	-	-
9	می‌کنند	-	-	-	-
10	:	-	-	-	-

0	۹۷	-	-	-	-
1	٫	-	-	-	-
2	۰۷	-	-	-	-
3	٫	-	-	-	-
4	۲۰	-	-	-	-
5	،	-	-	-	-
6	۲۰	-	-	-	-
7	مهر	-	-	-	-
8	نودو	-	-	-	-
9	هفت	-	-	-	-
10	،	-	-	-	-
11	بیستم	-	-	-	-
12	مهر	-	-	-	-
13	ماه	-	-	-	-
14	۹۷	-	-	-	-
15	یا	-	-	-	-
16	بیستم	-	-	-	-
17	مهرماه	-	-	-	-
18	هزاروسیسصد	-	-	-	-
19	و	-	-	-	-
20	نودو	-	-	-	-
21	هفت	-	-	-	-
22	!	-	-	-	-

0	این	-	-	-	-
1	قبیل	-	-	-	-
2	فرمت‌ها	-	-	-	-
3	(	-	-	-	-
4	formats	-	-	-	-
5	)	-	-	-	-
6	در	-	-	-	-
7	پاره‌ای	-	-	-	-
8	از	-	-	-	-
9	متن‌ها	-	-	-	-
10	،	-	-	-	-
11	ارزیابی	-	-	-	-
12	رادچارمشکل	-	-	-	-
13	می‌کنند	-	-	-	-
14	!	-	-	-	-

0	دراینصورت	-	-	-	-
1	کاری	-	-	-	-
2	که	-	-	-	-
3	ما	-	-	-	-
4	به	-	-	-	-
5	عنوان	-	-	-	-
6	یک	-	-	-	-
7	فرد	-	-	-	-
8	متخصص	-	-	-	-
9	باید	-	-	-	-
10	انجام	-	-	-	-
11	دهیم	-	-	-	-
12	،	-	-	-	-
13	یکگونهسازی	-	-	-	-
14	این	-	-	-	-
15	تاریخهاست	-	-	-	-
16	؛	-	-	-	-
17	در	-	-	-	-
18	اینصورت	-	-	-	-
19	هر	-	-	-	-
20	زمانکه	-	-	-	-
21	هرکدام	-	-	-	-
22	ازاین	-	-	-	-
23	مواردبیاید	-	-	-	-
24	ما	-	-	-	-
25	تشخیص	-	-	-	-
26	میدهیم	-	-	-	-
27	تاریخ	-	-	-	-
28	(	-	-	-	-
29	date	-	-	-	-
30	)	-	-	-	-
31	است	-	-	-	-
32	وآن	-	-	-	-
33	را	-	-	-	-
34	به	-	-	-	-
35	یک‌شکل	-	-	-	-
36	در	-	-	-	-
37	میاوریم	-	-	-	-
38	،	-	-	-	-
39	مثلا	-	-	-	-
40	همه	-	-	-	-
41	را	-	-	-	-
42	به	-	-	-	-
43	شکل	-	-	-	-
44	«	-	-	-	-
45	بیستم	-	-	-	-
46	مهر	-	-	-	-
47	ماه	-	-	-	-
48	هزار	-	-	-	-
49	و	-	-	-	-
50	سیسصدونودوهفت	-	-	-	-
51	»	-	-	-	-
52	یا	-	-	-	-
53	«	-	-	-	-
54	۹۷/۷/۲۰	-	-	-	-
55	»	-	-	-	-
56	.	-	-	-	-

0	در	-	-	-	-
1	این	-	-	-	-
2	صورت	-	-	-	-
3	شاید	-	-	-	-
4	شاهد	-	-	-	-
5	کاهش	-	-	-	-
6	بیش‌از	-	-	-	-
7	.	-	-	-	-
8	۱	-	-	-	-
9	از	-	-	-	-
10	مشکلات	-	-	-	-
11	در	-	-	-	-
12	پردازش	-	-	-	-
13	متنشویم	-	-	-	-
14	!!!	-	-	-	-

0	از	-	-	-	-
1	یک	-	-	-	-
2	دید	-	-	-	-
3	گاه	-	-	-	-
4	میگویند	-	-	-	-
5	برای	-	-	-	-
6	ترقی	-	-	-	-
7	،	-	-	-	-
8	پیش	-	-	-	-
9	رفت	-	-	-	-
10	و	-	-	-	-
11	رشد	-	-	-	-
12	،	-	-	-	-
13	باید	-	-	-	-
14	دائما	-	-	-	-
15	به	-	-	-	-
16	مکان‌های	-	-	-	-
17	جدید	-	-	-	-
18	رفت	-	-	-	-
19	وباافراد	-	-	-	-
20	جدید	-	-	-	-
21	آشنا	-	-	-	-
22	شد	-	-	-	-
23	؛	-	-	-	-
24	از	-	-	-	-
25	جهاتی	-	-	-	-
26	درست	-	-	-	-
27	است	-	-	-	-
28	،	-	-	-	-
29	مثلا	-	-	-	-
30	فرض	-	-	-	-
31	کنید	-	-	-	-
32	شما	-	-	-	-
33	تاسال	-	-	-	-
34	یان	-	-	-	-
35	سال	-	-	-	-
36	فقطدرخانه	-	-	-	-
37	باشیدوبا	-	-	-	-
38	تنها	-	-	-	-
39	کسانی	-	-	-	-
40	که	-	-	-	-
41	ارتباط	-	-	-	-
42	برقرار	-	-	-	-
43	می‌کنید	-	-	-	-
44	خانواده	-	-	-	-
45	تان	-	-	-	-
46	باشد	-	-	-	-
47	!!!	-	-	-	-

0	در	-	-	-	-
1	اینصورت	-	-	-	-
2	تنها	-	-	-	-
3	طیف	-	-	-	-
4	اخلاقی	-	-	-	-
5	آن‌ها	-	-	-	-
6	را	-	-	-	-
7	میبینید	-	-	-	-
8	،	-	-	-	-
9	در	-	-	-	-
10	صورتی	-	-	-	-
11	که	-	-	-	-
12	شاید	-	-	-	-
13	اینهاکمتراز	-	-	-	-
14	۰٫	-	-	-	-
15	۰۰۱	-	-	-	-
16	جامعه	-	-	-	-
17	باشند	-	-	-	-
18	!!	-	-	-	-

0	با	-	-	-	-
1	منش‌های	-	-	-	-
2	جدیدوخلقو	-	-	-	-
3	خو‌های	-	-	-	-
4	متنوعی	-	-	-	-
5	آشنا	-	-	-	-
6	نمیشودید	-	-	-	-
7	در‌نتیجه	-	-	-	-
8	شاید	-	-	-	-
9	فکر	-	-	-	-
10	کنید	-	-	-	-
11	همین	-	-	-	-
12	گونه	-	-	-	-
13	که	-	-	-	-
14	هستیدایده‌آل‌ترین	-	-	-	-
15	است	-	-	-	-
16	و	-	-	-	-
17	همه	-	-	-	-
18	چیزخوب	-	-	-	-
19	است	-	-	-	-
20	!!	-	-	-	-

0	ساعت	-	-	-	-
1	۸:۲۰	-	-	-	-
2	صبح	-	-	-	-
3	بود	-	-	-	-
4	؛	-	-	-	-
5	نغمه‌ی	-	-	-	-
6	زیبای	-	-	-	-
7	موسیقی	-	-	-	-
8	ای	-	-	-	-
9	ازپنجرهء	-	-	-	-
10	پشتی	-	-	-	-
11	میامد	-	-	-	-
12	.	-	-	-	-

0	برایم	-	-	-	-
1	مسأله‌شده	-	-	-	-
2	بود	-	-	-	-
3	که	-	-	-	-
4	به	-	-	-	-
5	این	-	-	-	-
6	زیبایی	-	-	-	-
7	و	-	-	-	-
8	دقت	-	-	-	-
9	،	-	-	-	-
10	چه	-	-	-	-
11	کسی	-	-	-	-
12	سنتور	-	-	-	-
13	مینوازد	-	-	-	-
14	.	-	-	-	-

0	ساعت	-	-	-	-
1	نه	-	-	-	-
2	و	-	-	-	-
3	۵۰	-	-	-	-
4	دقیقه	-	-	-	-
5	شد	-	-	-	-
6	.	-	-	-	-

0	همچنان	-	-	-	-
1	صدای	-	-	-	-
2	دل‌نواز	-	-	-	-
3	ساز	-	-	-	-
4	میامد	-	-	-	-
5	.	-	-	-	-

0	ساعت	-	-	-	-
1	۱۰	-	-	-	-
2	و	-	-	-	-
3	پنجاه	-	-	-	-
4	و	-	-	-	-
5	پنج	-	-	-	-
6	دقیقه	-	-	-	-
7	شد	-	-	-	-
8	و	-	-	-	-
9	باز	-	-	-	-
10	همچنان	-	-	-	-
11	صدا	-	-	-	-
12	می‌آمد	-	-	-	-
13	.	-	-	-	-

0	بسیار	-	-	-	-
1	مسلط	-	-	-	-
2	بود	-	-	-	-
3	.	-	-	-	-

0	دیگر	-	-	-	-
1	طاقت	-	-	-	-
2	صبر	-	-	-	-
3	کردن	-	-	-	-
4	نداشتم	-	-	-	-
5	!!	-	-	-	-

0	دلرابه	-	-	-	-
1	دریا	-	-	-	-
2	زدم	-	-	-	-
3	و	-	-	-	-
4	رفتم	-	-	-	-
5	در	-	-	-	-
6	خانه	-	-	-	-
7	شان	-	-	-	-
8	؛	-	-	-	-
9	در	-	-	-	-
10	باز	-	-	-	-
11	بود	-	-	-	-
12	.	-	-	-	-

0	خانم	-	-	-	-
1	میانسالی	-	-	-	-
2	بادامن	-	-	-	-
3	گلداری	-	-	-	-
4	که	-	-	-	-
5	رنگ	-	-	-	-
6	و	-	-	-	-
7	لعابش	-	-	-	-
8	هم	-	-	-	-
9	کمی	-	-	-	-
10	رفتهبود	-	-	-	-
11	،	-	-	-	-
12	و	-	-	-	-
13	چهرهء	-	-	-	-
14	گنمدمگونی	-	-	-	-
15	که	-	-	-	-
16	سر	-	-	-	-
17	لپ	-	-	-	-
18	هایش	-	-	-	-
19	نیز	-	-	-	-
20	گل	-	-	-	-
21	انداخته‌بود	-	-	-	-
22	،	-	-	-	-
23	طوری	-	-	-	-
24	باذوق	-	-	-	-
25	و	-	-	-	-
26	هیجان	-	-	-	-
27	بر	-	-	-	-
28	سیمها	-	-	-	-
29	میکوبید	-	-	-	-
30	،	-	-	-	-
31	که	-	-	-	-
32	انگار	-	-	-	-
33	بار	-	-	-	-
34	اولیست	-	-	-	-
35	که	-	-	-	-
36	آدم	-	-	-	-
37	چیزی	-	-	-	-
38	را	-	-	-	-
39	یاد‌گرفته	-	-	-	-
40	و	-	-	-	-
41	میخواهد	-	-	-	-
42	با	-	-	-	-
43	ذوق	-	-	-	-
44	برای	-	-	-	-
45	عزیزی	-	-	-	-
46	بنوازد	-	-	-	-
47	؛	-	-	-	-
48	مثل	-	-	-	-
49	زمانی‌که	-	-	-	-
50	برای	-	-	-	-
51	بار	-	-	-	-
52	اول	-	-	-	-
53	خواندن	-	-	-	-
54	یا	-	-	-	-
55	گرفته‌بودم	-	-	-	-
56	و	-	-	-	-
57	با	-	-	-	-
58	ذوق	-	-	-	-
59	کتاب‌های	-	-	-	-
60	مختلف	-	-	-	-
61	را	-	-	-	-
62	برگ	-	-	-	-
63	میزدم	-	-	-	-
64	و	-	-	-	-
65	برای	-	-	-	-
66	پدر	-	-	-	-
67	مادرم	-	-	-	-
68	میخواندم	-	-	-	-
69	.	-	-	-	-

0	به	-	-	-	-
1	خودم	-	-	-	-
2	آمدم	-	-	-	-
3	دیدم	-	-	-	-
4	ساعت	-	-	-	-
5	۱۲	-	-	-	-
6	و	-	-	-	-
7	۵۵	-	-	-	-
8	دقیقه	-	-	-	-
9	شده‌بود	-	-	-	-
10	و	-	-	-	-
11	من	-	-	-	-
12	همچنان	-	-	-	-
13	آنجا	-	-	-	-
14	ایستاده‌بودم	-	-	-	-
15	.	-	-	-	-
16	.	-	-	-	-

0	یعنی	-	-	-	-
1	بیش‌از	-	-	-	-
2	.	-	-	-	-
3	۱۲	-	-	-	-
4	از	-	-	-	-
5	یک‌روز	-	-	-	-
6	خود	-	-	-	-
7	را	-	-	-	-
8	!!	-	-	-	-

0	از	-	-	-	-
1	دیر	-	-	-	-
2	باز	-	-	-	-
3	تا	-	-	-	-
4	کنون	-	-	-	-
5	،	-	-	-	-
6	بازی‌های	-	-	-	-
7	زیادی	-	-	-	-
8	وجود	-	-	-	-
9	داشته	-	-	-	-
10	که	-	-	-	-
11	یکی	-	-	-	-
12	از	-	-	-	-
13	موردهای	-	-	-	-
14	جذاب	-	-	-	-
15	آن	-	-	-	-
16	،	-	-	-	-
17	بازی	-	-	-	-
18	هایی	-	-	-	-
19	بوده	-	-	-	-
20	که	-	-	-	-
21	یک	-	-	-	-
22	متن	-	-	-	-
23	نوشته	-	-	-	-
24	میشد	-	-	-	-
25	که	-	-	-	-
26	در	-	-	-	-
27	نگاه	-	-	-	-
28	اول	-	-	-	-
29	به‌راحتی	-	-	-	-
30	قابل	-	-	-	-
31	خواندن	-	-	-	-
32	نیست	-	-	-	-
33	؛	-	-	-	-
34	مثلا	-	-	-	-
35	«	-	-	-	-
36	صدیقه	-	-	-	-
37	صدیقه	-	-	-	-
38	را	-	-	-	-
39	دوخت	-	-	-	-
40	علی	-	-	-	-
41	علی	-	-	-	-
42	علی	-	-	-	-
43	علی	-	-	-	-
44	علی	-	-	-	-
45	او	-	-	-	-
46	را	-	-	-	-
47	فروخت	-	-	-	-
48	!!	-	-	-	-
49	»	-	-	-	-
50	که	-	-	-	-
51	میشود	-	-	-	-
52	«	-	-	-	-
53	صدیقه	-	-	-	-
54	صد	-	-	-	-
55	یقه	-	-	-	-
56	را	-	-	-	-
57	دوخت	-	-	-	-
58	،	-	-	-	-
59	پنج	-	-	-	-
60	علی	-	-	-	-
61	او	-	-	-	-
62	را	-	-	-	-
63	فروخت	-	-	-	-
64	!	-	-	-	-
65	»	-	-	-	-
66	یا	-	-	-	-
67	مثلا	-	-	-	-
68	«	-	-	-	-
69	دراین	-	-	-	-
70	درگه	-	-	-	-
71	که	-	-	-	-
72	گهگه	-	-	-	-
73	کهکه	-	-	-	-
74	که	-	-	-	-
75	که	-	-	-	-
76	شودناگه	-	-	-	-
77	،	-	-	-	-
78	مشوغره	-	-	-	-
79	به	-	-	-	-
80	امروزت	-	-	-	-
81	که	-	-	-	-
82	ازفردانهی	-	-	-	-
83	آگه	-	-	-	-
84	!!	-	-	-	-
85	»	-	-	-	-
86	که	-	-	-	-
87	میشود	-	-	-	-
88	:	-	-	-	-

0	«	-	-	-	-
1	در	-	-	-	-
2	این	-	-	-	-
3	درگه	-	-	-	-
4	که	-	-	-	-
5	گه	-	-	-	-
6	گه	-	-	-	-
7	،	-	-	-	-
8	که	-	-	-	-
9	که	-	-	-	-
10	که	-	-	-	-
11	که	-	-	-	-
12	شود	-	-	-	-
13	ناگه	-	-	-	-
14	،	-	-	-	-
15	مشوغره	-	-	-	-
16	به	-	-	-	-
17	امروزت	-	-	-	-
18	که	-	-	-	-
19	ازفردانهی	-	-	-	-
20	آگه	-	-	-	-
21	!!	-	-	-	-
22	»	-	-	-	-
23	.	-	-	-	-

0	به	-	-	-	-
1	عنوان	-	-	-	-
2	آخرین	-	-	-	-
3	مثال	-	-	-	-
4	«	-	-	-	-
5	در	-	-	-	-
6	لرستان	-	-	-	-
7	نه	-	-	-	-
8	لرندوهرلری	-	-	-	-
9	نه	-	-	-	-
10	نره	-	-	-	-
11	لرنره	-	-	-	-
12	لرچهنره	-	-	-	-
13	لر	-	-	-	-
14	،	-	-	-	-
15	هرنره	-	-	-	-
16	لرنه	-	-	-	-
17	نره	-	-	-	-
18	لر	-	-	-	-
19	»	-	-	-	-
20	،	-	-	-	-
21	که	-	-	-	-
22	درست	-	-	-	-
23	آن	-	-	-	-
24	میشود	-	-	-	-
25	:	-	-	-	-

0	«	-	-	-	-
1	در	-	-	-	-
2	لرستان	-	-	-	-
3	نه	-	-	-	-
4	لرند	-	-	-	-
5	و	-	-	-	-
6	هر	-	-	-	-
7	لری	-	-	-	-
8	نه	-	-	-	-
9	نره	-	-	-	-
10	لر	-	-	-	-
11	،	-	-	-	-
12	نره	-	-	-	-
13	لر	-	-	-	-
14	چه	-	-	-	-
15	نره	-	-	-	-
16	لر	-	-	-	-
17	،	-	-	-	-
18	هر	-	-	-	-
19	نره	-	-	-	-
20	لر	-	-	-	-
21	،	-	-	-	-
22	نه	-	-	-	-
23	نره	-	-	-	-
24	لر	-	-	-	-
25	»	-	-	-	-
26	؛	-	-	-	-
27	در	-	-	-	-
28	این	-	-	-	-
29	نمونه‌ها	-	-	-	-
30	علاوه‌بر	-	-	-	-
31	اینکه	-	-	-	-
32	بیش‌از	-	-	-	-
33	.	-	-	-	-
34	۵	-	-	-	-
35	از	-	-	-	-
36	انسانها	-	-	-	-
37	اشتباه	-	-	-	-
38	میخوانند	-	-	-	-
39	،	-	-	-	-
40	برای	-	-	-	-
41	سیستم‌های	-	-	-	-
42	اصلاح	-	-	-	-
43	خودکار	-	-	-	-
44	،	-	-	-	-
45	در	-	-	-	-
46	حالت	-	-	-	-
47	عدم	-	-	-	-
48	رعایت	-	-	-	-
49	فاصله	-	-	-	-
50	و	-	-	-	-
51	نیم	-	-	-	-
52	فاصله	-	-	-	-
53	،	-	-	-	-
54	کار	-	-	-	-
55	بسیار	-	-	-	-
56	دشوار	-	-	-	-
57	میشود	-	-	-	-
58	.	-	-	-	-

0	*****	-	-	-	-
1	کارورزیده	-	-	-	-
2	کاراموزانشان	-	-	-	-
3	گواهینامه	-	-	-	-
4	هایشانید	-	-	-	-
5	نارس‌ترین	-	-	-	-
6	بپاخواستگان	-	-	-	-
7	دردمندیهایش	-	-	-	-
8	بت‌شکنانید	-	-	-	-
9	همه‌فن‌حریفان	-	-	-	-
10	همه‌کاره	-	-	-	-
11	یید	-	-	-	-
12	همه	-	-	-	-
13	کس	-	-	-	-
14	شناس	-	-	-	-
15	همه	-	-	-	-
16	جا	-	-	-	-
17	گرد	-	-	-	-
18	خسته‌ترین	-	-	-	-
19	هایشانیم	-	-	-	-
20	افسرده‌ترین	-	-	-	-
21	هایشانید	-	-	-	-
22	نالان‌ترین	-	-	-	-
23	کتاب	-	-	-	-
24	دارتان	-	-	-	-
25	کتاب	-	-	-	-
26	خانه	-	-	-	-
27	هایم	-	-	-	-
28	بپاسخواسته‌اند	-	-	-	-
29	میخواهد	-	-	-	-
30	بیاراید	-	-	-	-
31	خواستنی‌ترین	-	-	-	-
32	کم	-	-	-	-
33	روترینید	-	-	-	-
34	پررونق‌تر	-	-	-	-
35	درآشفته‌ترین	-	-	-	-
36	معدنچیان	-	-	-	-
37	یکدستی	-	-	-	-
38	آتشفشانان	-	-	-	-
39	خلبانهایتانند	-	-	-	-
40	ناخداهایشانید	-	-	-	-
41	نامردمانتان	-	-	-	-
42	ناشکری	-	-	-	-
43	هایمان	-	-	-	-
44	آهنچیان	-	-	-	-
45	آهنین	-	-	-	-
46	پنجه	-	-	-	-
47	آتشکدگان	-	-	-	-
48	آزرده‌خاطر	-	-	-	-
49	فرومایگان	-	-	-	-
50	پاکدلانیم	-	-	-	-
51	فروپاشیدگان	-	-	-	-
52	ناایستاترین	-	-	-	-
53	بی	-	-	-	-
54	شیله	-	-	-	-
55	پیلگان	-	-	-	-
56	لب	-	-	-	-
57	ریز	-	-	-	-
58	دهان	-	-	-	-
59	گشاد	-	-	-	-
60	دهان	-	-	-	-
61	لقان	-	-	-	-
62	نرفتگان	-	-	-	-
63	نرو‌ترین	-	-	-	-
64	یکرنگ‌ترین	-	-	-	-
65	سبک‌باران	-	-	-	-
66	گرانقدر	-	-	-	-
67	گران	-	-	-	-
68	بهاترین	-	-	-	-
69	گران	-	-	-	-
70	مایگان	-	-	-	-
71	چشم‌تنگان	-	-	-	-
72	دل‌نازک‌ترین	-	-	-	-
73	سنگ	-	-	-	-
74	دلانید	-	-	-	-
75	بی‌خیالان	-	-	-	-
76	بی‌رنگ	-	-	-	-
77	ترینانید	-	-	-	-
78	آراسته	-	-	-	-
79	ترینانید	-	-	-	-
80	شاخ	-	-	-	-
81	شمشاد	-	-	-	-
82	نازک	-	-	-	-
83	نشمین	-	-	-	-
84	گندمگون	-	-	-	-
85	نیکو	-	-	-	-
86	سرشت	-	-	-	-
87	فراخ	-	-	-	-
88	بال	-	-	-	-
89	تنگ‌دستی	-	-	-	-
90	تنگ‌نظرانند	-	-	-	-
91	نیک‌بینانشانید	-	-	-	-
92	نیک‌سرشتانشانید	-	-	-	-
93	نیک‌اندیشانشانند	-	-	-	-

