0	﻿وی	-	-	-	-
1	افزود	-	-	-	-
2	:	-	-	-	-

0	در	-	-	-	-
1	سال	-	-	-	-
2	۹۵	-	-	-	-
3	نیز	-	-	-	-
4	آقای	-	-	-	-
5	اللهیاری	-	-	-	-
6	برای	-	-	-	-
7	چند	-	-	-	-
8	روز	-	-	-	-
9	بازداشت‌شده	-	-	-	-
10	بود	-	-	-	-
11	که	-	-	-	-
12	با	-	-	-	-
13	ضمانت	-	-	-	-
14	ملکی	-	-	-	-
15	معاونش	-	-	-	-
16	از	-	-	-	-
17	زندان	-	-	-	-
18	آزاد	-	-	-	-
19	شد	-	-	-	-
20	،	-	-	-	-
21	ولی	-	-	-	-
22	از	-	-	-	-
23	آن	-	-	-	-
24	زمان	-	-	-	-
25	تا	-	-	-	-
26	کنون	-	-	-	-
27	بقیه	-	-	-	-
28	پرونده‌ها	-	-	-	-
29	در	-	-	-	-
30	سازمان	-	-	-	-
31	نظام	-	-	-	-
32	روانشناسی	-	-	-	-
33	مسکوت	-	-	-	-
34	مانده‌بود	-	-	-	-
35	.	-	-	-	-

0	عضو	-	-	-	-
1	سازمان	-	-	-	-
2	نظام	-	-	-	-
3	روانشناسی	-	-	-	-
4	خاطرنشان	-	-	-	-
5	کرد	-	-	-	-
6	:	-	-	-	-

0	از	-	-	-	-
1	مهر	-	-	-	-
2	ماه	-	-	-	-
3	سال	-	-	-	-
4	گذشته	-	-	-	-
5	رد‌صلاحیت	-	-	-	-
6	رئیس	-	-	-	-
7	سازمان	-	-	-	-
8	روانشناسی	-	-	-	-
9	توسط	-	-	-	-
10	دفتر	-	-	-	-
11	رئیس‌جمهور	-	-	-	-
12	انجام	-	-	-	-
13	گرفت	-	-	-	-
14	،	-	-	-	-
15	ولی	-	-	-	-
16	علی‌رغم	-	-	-	-
17	این	-	-	-	-
18	رد‌صلاحیت	-	-	-	-
19	همچنان	-	-	-	-
20	عباسعلی	-	-	-	-
21	اللهیاری	-	-	-	-
22	در	-	-	-	-
23	کافه	-	-	-	-
24	یا	-	-	-	-
25	تریا	-	-	-	-
26	کارتابل	-	-	-	-
27	سازمان	-	-	-	-
28	را	-	-	-	-
29	امضا	-	-	-	-
30	می‌کرد	-	-	-	-
31	.	-	-	-	-

0	پنج	-	-	-	-
1	شنبه‌ها	-	-	-	-
2	به‌زودی	-	-	-	-
3	می‌گذرند	-	-	-	-
4	.	-	-	-	-

0	دویست‌	-	-	-	-
1	و	-	-	-	-
2	هشتاد	-	-	-	-
3	و	-	-	-	-
4	نهمین	-	-	-	-
5	سمینار	-	-	-	-
6	ادواری	-	-	-	-
7	عصب	-	-	-	-
8	پژوهی	-	-	-	-
9	اجتماعی	-	-	-	-
10	به	-	-	-	-
11	مغزپژوهی	-	-	-	-
12	رشک	-	-	-	-
13	و	-	-	-	-
14	حسد	-	-	-	-
15	اختصاص	-	-	-	-
16	دارد	-	-	-	-
17	.	-	-	-	-

0	سخنران	-	-	-	-
1	این	-	-	-	-
2	نشست	-	-	-	-
3	که	-	-	-	-
4	۲۶	-	-	-	-
5	مهر	-	-	-	-
6	برگزار	-	-	-	-
7	می‌شود	-	-	-	-
8	دکتر	-	-	-	-
9	آذرخش	-	-	-	-
10	مکری	-	-	-	-
11	است	-	-	-	-
12	.	-	-	-	-

0	در	-	-	-	-
1	این	-	-	-	-
2	سمینار	-	-	-	-
3	که	-	-	-	-
4	از	-	-	-	-
5	ساعت	-	-	-	-
6	هشت	-	-	-	-
7	و	-	-	-	-
8	نیم	-	-	-	-
9	صبح	-	-	-	-
10	تا	-	-	-	-
11	یازده	-	-	-	-
12	در	-	-	-	-
13	سالن	-	-	-	-
14	کنفرانس	-	-	-	-
15	بیمارستان	-	-	-	-
16	ایرانمهر	-	-	-	-
17	برقرار	-	-	-	-
18	است	-	-	-	-
19	صاحب‌نظران	-	-	-	-
20	و	-	-	-	-
21	علاقه	-	-	-	-
22	مندان	-	-	-	-
23	به	-	-	-	-
24	موضوع	-	-	-	-
25	مغز	-	-	-	-
26	پژوهی	-	-	-	-
27	رشک	-	-	-	-
28	و	-	-	-	-
29	حسد	-	-	-	-
30	به	-	-	-	-
31	بحث	-	-	-	-
32	و	-	-	-	-
33	تبادل	-	-	-	-
34	نظر	-	-	-	-
35	می‌پردازند	-	-	-	-
36	.	-	-	-	-

0	ورود	-	-	-	-
1	برای	-	-	-	-
2	عموم	-	-	-	-
3	آزاد	-	-	-	-
4	است	-	-	-	-
5	و	-	-	-	-
6	درباره‌موضوع	-	-	-	-
7	با	-	-	-	-
8	صاحب‌نظران	-	-	-	-
9	بحث	-	-	-	-
10	و	-	-	-	-
11	گفت‌و‌گو	-	-	-	-
12	انجام	-	-	-	-
13	می‌شود	-	-	-	-
14	.	-	-	-	-

0	در	-	-	-	-
1	کالبدشکافی	-	-	-	-
2	سایت	-	-	-	-
3	iFixit	-	-	-	-
4	،	-	-	-	-
5	آن‌ها	-	-	-	-
6	موفق	-	-	-	-
7	به	-	-	-	-
8	کشف	-	-	-	-
9	یک	-	-	-	-
10	نوار	-	-	-	-
11	آنتن	-	-	-	-
12	جدید	-	-	-	-
13	در	-	-	-	-
14	بخش	-	-	-	-
15	پایینی	-	-	-	-
16	گوشی	-	-	-	-
17	شدند	-	-	-	-
18	که	-	-	-	-
19	قاعدتا	-	-	-	-
20	باید	-	-	-	-
21	منجر	-	-	-	-
22	به‌بهبود	-	-	-	-
23	آنتن‌دهی	-	-	-	-
24	این	-	-	-	-
25	گوشی‌ها	-	-	-	-
26	شود	-	-	-	-
27	.	-	-	-	-

0	کاربران	-	-	-	-
1	برای	-	-	-	-
2	توضیح	-	-	-	-
3	این	-	-	-	-
4	مشکل	-	-	-	-
5	تئوری‌های	-	-	-	-
6	مختلفی	-	-	-	-
7	را	-	-	-	-
8	مطرح	-	-	-	-
9	کرده‌اند	-	-	-	-
10	و	-	-	-	-
11	برخی	-	-	-	-
12	از	-	-	-	-
13	آن‌ها	-	-	-	-
14	شبکه‌های	-	-	-	-
15	تلفن	-	-	-	-
16	همراه	-	-	-	-
17	را	-	-	-	-
18	مقصر	-	-	-	-
19	این	-	-	-	-
20	موضوع	-	-	-	-
21	می‌دانند	-	-	-	-
22	ولی	-	-	-	-
23	برخی	-	-	-	-
24	دیگر	-	-	-	-
25	اعلام	-	-	-	-
26	کرده‌اند	-	-	-	-
27	که	-	-	-	-
28	این	-	-	-	-
29	مساله	-	-	-	-
30	یادآور	-	-	-	-
31	مشکل	-	-	-	-
32	مربوط	-	-	-	-
33	به	-	-	-	-
34	آنتن‌های	-	-	-	-
35	آیفون	-	-	-	-
36	۴	-	-	-	-
37	است	-	-	-	-
38	که	-	-	-	-
39	در	-	-	-	-
40	آن	-	-	-	-
41	زمان	-	-	-	-
42	سر	-	-	-	-
43	و	-	-	-	-
44	صدای	-	-	-	-
45	بسیار	-	-	-	-
46	زیادی	-	-	-	-
47	به	-	-	-	-
48	راه	-	-	-	-
49	انداخت	-	-	-	-
50	.	-	-	-	-

0	چندروز	-	-	-	-
1	بعد‌از	-	-	-	-
2	تصویب	-	-	-	-
3	چهارمین	-	-	-	-
4	لایحه	-	-	-	-
5	در	-	-	-	-
6	چارچوب	-	-	-	-
7	لوایح	-	-	-	-
8	مرتبط	-	-	-	-
9	با	-	-	-	-
10	پول	-	-	-	-
11	شویی	-	-	-	-
12	و	-	-	-	-
13	مبارزه	-	-	-	-
14	با	-	-	-	-
15	تروریسم	-	-	-	-
16	موسوم	-	-	-	-
17	به	-	-	-	-
18	FATF	-	-	-	-
19	،	-	-	-	-
20	بساط	-	-	-	-
21	اتهام	-	-	-	-
22	زنی	-	-	-	-
23	در‌مورد	-	-	-	-
24	پشت‌پرده	-	-	-	-
25	رشد	-	-	-	-
26	قیمت	-	-	-	-
27	دلار	-	-	-	-
28	بالا	-	-	-	-
29	گرفته‌است	-	-	-	-
30	.	-	-	-	-

0	علائم	-	-	-	-
1	سیاسی	-	-	-	-
2	و	-	-	-	-
3	رسانه‌ای	-	-	-	-
4	از	-	-	-	-
5	بروز	-	-	-	-
6	یک	-	-	-	-
7	جنگ	-	-	-	-
8	ارزی	-	-	-	-
9	بر‌سر	-	-	-	-
10	تأیید	-	-	-	-
11	نهایی	-	-	-	-
12	FATF	-	-	-	-
13	در	-	-	-	-
14	مراجع	-	-	-	-
15	قانونی	-	-	-	-
16	حکایت	-	-	-	-
17	دارد	-	-	-	-
18	.	-	-	-	-

0	به‌گزارش	-	-	-	-
1	همشهری	-	-	-	-
2	،	-	-	-	-
3	تریبون‌های	-	-	-	-
4	سیاسی	-	-	-	-
5	و	-	-	-	-
6	رسانه‌ای	-	-	-	-
7	برخی	-	-	-	-
8	گروه‌های	-	-	-	-
9	مخالف	-	-	-	-
10	دولت	-	-	-	-
11	،	-	-	-	-
12	به	-	-	-	-
13	محل	-	-	-	-
14	اتهام	-	-	-	-
15	زنی	-	-	-	-
16	علیه	-	-	-	-
17	دولت	-	-	-	-
18	در‌مورد	-	-	-	-
19	افزایش	-	-	-	-
20	قیمت	-	-	-	-
21	ارز	-	-	-	-
22	تبدیل‌شده	-	-	-	-
23	است	-	-	-	-
24	.	-	-	-	-

0	در	-	-	-	-
1	طول	-	-	-	-
2	چند	-	-	-	-
3	روز	-	-	-	-
4	گذشته	-	-	-	-
5	به‌ویژه	-	-	-	-
6	بعد‌از	-	-	-	-
7	تصویب	-	-	-	-
8	قانون	-	-	-	-
9	CFT	-	-	-	-
10	در	-	-	-	-
11	مجلس	-	-	-	-
12	،	-	-	-	-
13	برخی	-	-	-	-
14	رسانه‌ها	-	-	-	-
15	وارد	-	-	-	-
16	کارزار	-	-	-	-
17	سیگنال	-	-	-	-
18	دهی	-	-	-	-
19	به	-	-	-	-
20	قیمت	-	-	-	-
21	ارز	-	-	-	-
22	در	-	-	-	-
23	بازار	-	-	-	-
24	آزاد‌شده‌اند	-	-	-	-
25	.	-	-	-	-

0	آنها	-	-	-	-
1	عامل	-	-	-	-
2	اصلی	-	-	-	-
3	افزایش	-	-	-	-
4	قیمت	-	-	-	-
5	دلار	-	-	-	-
6	را	-	-	-	-
7	دولت	-	-	-	-
8	و	-	-	-	-
9	تصویب	-	-	-	-
10	شدن	-	-	-	-
11	قانون	-	-	-	-
12	FATF	-	-	-	-
13	در	-	-	-	-
14	مجلس	-	-	-	-
15	می‌دانند	-	-	-	-
16	.	-	-	-	-

0	در	-	-	-	-
1	روزهای	-	-	-	-
2	اخیر	-	-	-	-
3	خبرگزاری	-	-	-	-
4	فارس	-	-	-	-
5	و	-	-	-	-
6	روزنامه	-	-	-	-
7	کیهان	-	-	-	-
8	با	-	-	-	-
9	تیترهایی	-	-	-	-
10	جهت‌دار	-	-	-	-
11	،	-	-	-	-
12	به	-	-	-	-
13	شکلی	-	-	-	-
14	آشکار	-	-	-	-
15	رشد	-	-	-	-
16	قیمت	-	-	-	-
17	دلار	-	-	-	-
18	را	-	-	-	-
19	به	-	-	-	-
20	دولت	-	-	-	-
21	و	-	-	-	-
22	تصویب	-	-	-	-
23	FATF	-	-	-	-
24	نسبت	-	-	-	-
25	داده‌اند	-	-	-	-
26	.	-	-	-	-

0	خاشقجی	-	-	-	-
1	که	-	-	-	-
2	سابقه	-	-	-	-
3	گفتگو	-	-	-	-
4	با	-	-	-	-
5	بن‌لادن	-	-	-	-
6	را	-	-	-	-
7	نیز	-	-	-	-
8	در	-	-	-	-
9	کارنامه	-	-	-	-
10	خود	-	-	-	-
11	دارد	-	-	-	-
12	و	-	-	-	-
13	پیش‌تر	-	-	-	-
14	هم	-	-	-	-
15	مشاور	-	-	-	-
16	دولت	-	-	-	-
17	عربستان	-	-	-	-
18	بوده	-	-	-	-
19	و	-	-	-	-
20	رابطه	-	-	-	-
21	بسیار	-	-	-	-
22	خوبی	-	-	-	-
23	با	-	-	-	-
24	شاهزادگان	-	-	-	-
25	سعودی	-	-	-	-
26	علی‌الخصوص	-	-	-	-
27	محمد	-	-	-	-
28	بن	-	-	-	-
29	نایف	-	-	-	-
30	ولیعهد	-	-	-	-
31	برکنار	-	-	-	-
32	شده	-	-	-	-
33	سعودی	-	-	-	-
34	داشته‌است	-	-	-	-
35	در	-	-	-	-
36	سال	-	-	-	-
37	۲۰۱۷	-	-	-	-
38	در	-	-	-	-
39	پی	-	-	-	-
40	طرح	-	-	-	-
41	انتقادهایی	-	-	-	-
42	نسبت‌به	-	-	-	-
43	سیاست‌های	-	-	-	-
44	محمد	-	-	-	-
45	بن‌سلمان	-	-	-	-
46	،	-	-	-	-
47	ولیعهد	-	-	-	-
48	عربستان	-	-	-	-
49	و	-	-	-	-
50	نیز	-	-	-	-
51	زیر	-	-	-	-
52	سوال	-	-	-	-
53	بردن	-	-	-	-
54	مداخله	-	-	-	-
55	نظامی	-	-	-	-
56	عربستان	-	-	-	-
57	در	-	-	-	-
58	یمن	-	-	-	-
59	،	-	-	-	-
60	از	-	-	-	-
61	بیم	-	-	-	-
62	دستگیری	-	-	-	-
63	عربستان	-	-	-	-
64	را	-	-	-	-
65	ترک	-	-	-	-
66	کرد	-	-	-	-
67	و	-	-	-	-
68	به	-	-	-	-
69	آمریکا	-	-	-	-
70	رفت	-	-	-	-
71	.	-	-	-	-

0	شب	-	-	-	-
1	عید	-	-	-	-
2	نوروز	-	-	-	-
3	بود	-	-	-	-
4	و	-	-	-	-
5	موقع	-	-	-	-
6	ترفیع	-	-	-	-
7	رتبه	-	-	-	-
8	.	-	-	-	-

0	در	-	-	-	-
1	اداره	-	-	-	-
2	با	-	-	-	-
3	هم‌قطارها	-	-	-	-
4	قرار	-	-	-	-
5	و	-	-	-	-
6	مدار	-	-	-	-
7	گذاشته‌بودیم	-	-	-	-
8	که	-	-	-	-
9	هرکس	-	-	-	-
10	اول	-	-	-	-
11	ترفیع	-	-	-	-
12	رتبه	-	-	-	-
13	یافت	-	-	-	-
14	،	-	-	-	-
15	به	-	-	-	-
16	عنوان	-	-	-	-
17	ولیمه	-	-	-	-
18	یک	-	-	-	-
19	مهمانی	-	-	-	-
20	دسته‌جمعی	-	-	-	-
21	کرده	-	-	-	-
22	،	-	-	-	-
23	کباب	-	-	-	-
24	غاز	-	-	-	-
25	صحیحی	-	-	-	-
26	بدهد	-	-	-	-
27	دوستان	-	-	-	-
28	نوش‌جان	-	-	-	-
29	نموده	-	-	-	-
30	به	-	-	-	-
31	عمر	-	-	-	-
32	و	-	-	-	-
33	عزتش	-	-	-	-
34	دعا	-	-	-	-
35	کنند	-	-	-	-
36	.	-	-	-	-

0	زد	-	-	-	-
1	و	-	-	-	-
2	ترفیع	-	-	-	-
3	رتبه‌به	-	-	-	-
4	اسم	-	-	-	-
5	من	-	-	-	-
6	در	-	-	-	-
7	آمد	-	-	-	-
8	.	-	-	-	-

0	فورا	-	-	-	-
1	مساله‌ی	-	-	-	-
2	مهمانی	-	-	-	-
3	و	-	-	-	-
4	قرار	-	-	-	-
5	با	-	-	-	-
6	رفقا	-	-	-	-
7	را	-	-	-	-
8	با	-	-	-	-
9	عیالم	-	-	-	-
10	که	-	-	-	-
11	به‌تازگی	-	-	-	-
12	با	-	-	-	-
13	هم	-	-	-	-
14	عروسی	-	-	-	-
15	کرده‌بودیم	-	-	-	-
16	در	-	-	-	-
17	میان	-	-	-	-
18	گذاشتم	-	-	-	-
19	.	-	-	-	-

0	گفت	-	-	-	-
1	تو	-	-	-	-
2	شیرینی	-	-	-	-
3	عروسی	-	-	-	-
4	هم	-	-	-	-
5	به	-	-	-	-
6	دوستانت	-	-	-	-
7	نداده‌ای	-	-	-	-
8	و	-	-	-	-
9	باید	-	-	-	-
10	در	-	-	-	-
11	این	-	-	-	-
12	موقع	-	-	-	-
13	درست	-	-	-	-
14	جلوشان	-	-	-	-
15	در	-	-	-	-
16	آیی	-	-	-	-
17	.	-	-	-	-

0	ولی	-	-	-	-
1	چیزی	-	-	-	-
2	که	-	-	-	-
3	هست	-	-	-	-
4	چون	-	-	-	-
5	ظرف	-	-	-	-
6	و	-	-	-	-
7	کارد	-	-	-	-
8	و	-	-	-	-
9	چنگال	-	-	-	-
10	برای	-	-	-	-
11	دوازده	-	-	-	-
12	نفر	-	-	-	-
13	بیش‌تر	-	-	-	-
14	نداریم	-	-	-	-
15	یا	-	-	-	-
16	باید	-	-	-	-
17	باز	-	-	-	-
18	یک	-	-	-	-
19	دست	-	-	-	-
20	دیگر	-	-	-	-
21	خرید	-	-	-	-
22	و	-	-	-	-
23	یا	-	-	-	-
24	باید	-	-	-	-
25	عده‌ی	-	-	-	-
26	مهمان	-	-	-	-
27	بیشتر	-	-	-	-
28	از	-	-	-	-
29	یازده	-	-	-	-
30	نفر	-	-	-	-
31	نباشد	-	-	-	-
32	که	-	-	-	-
33	با	-	-	-	-
34	خودت	-	-	-	-
35	بشود	-	-	-	-
36	دوازده	-	-	-	-
37	نفر	-	-	-	-
38	.	-	-	-	-

0	گفتم	-	-	-	-
1	خودت	-	-	-	-
2	بهتر	-	-	-	-
3	می‌دانی	-	-	-	-
4	که	-	-	-	-
5	در	-	-	-	-
6	این	-	-	-	-
7	شب	-	-	-	-
8	عیدی	-	-	-	-
9	مالیه	-	-	-	-
10	از	-	-	-	-
11	چه	-	-	-	-
12	قرار	-	-	-	-
13	است	-	-	-	-
14	و	-	-	-	-
15	بودجه	-	-	-	-
16	ابدن	-	-	-	-
17	اجازه‌ی	-	-	-	-
18	خریدن	-	-	-	-
19	خرت‌و‌پرت	-	-	-	-
20	تازه	-	-	-	-
21	نمی‌دهد	-	-	-	-
22	و	-	-	-	-
23	دوستان	-	-	-	-
24	هم	-	-	-	-
25	از	-	-	-	-
26	بیست	-	-	-	-
27	و	-	-	-	-
28	سه‌	-	-	-	-
29	چهار	-	-	-	-
30	نفر	-	-	-	-
31	کم‌تر	-	-	-	-
32	نمی‌شوند	-	-	-	-
33	.	-	-	-	-

0	گفت	-	-	-	-
1	یک	-	-	-	-
2	بر	-	-	-	-
3	نره	-	-	-	-
4	خر	-	-	-	-
5	گردن‌کلفت	-	-	-	-
6	را	-	-	-	-
7	که	-	-	-	-
8	نمی‌شود	-	-	-	-
9	وعده	-	-	-	-
10	گرفت	-	-	-	-
11	.	-	-	-	-

0	تنها	-	-	-	-
1	همان	-	-	-	-
2	رتبه‌های	-	-	-	-
3	بالا	-	-	-	-
4	را	-	-	-	-
5	وعده	-	-	-	-
6	بگیر	-	-	-	-
7	و	-	-	-	-
8	مابقی	-	-	-	-
9	را	-	-	-	-
10	نقدا	-	-	-	-
11	خط	-	-	-	-
12	بکش	-	-	-	-
13	و	-	-	-	-
14	بگذار	-	-	-	-
15	سماق	-	-	-	-
16	بمکند	-	-	-	-
17	.	-	-	-	-

0	گفتم	-	-	-	-
1	ای	-	-	-	-
2	بابا	-	-	-	-
3	،	-	-	-	-
4	خدا	-	-	-	-
5	را	-	-	-	-
6	خوش	-	-	-	-
7	نمی‌آید	-	-	-	-
8	.	-	-	-	-

0	این	-	-	-	-
1	بدبخت‌ها	-	-	-	-
2	سال	-	-	-	-
3	آزگار	-	-	-	-
4	یک	-	-	-	-
5	بار	-	-	-	-
6	برایشان	-	-	-	-
7	چنین	-	-	-	-
8	پایی	-	-	-	-
9	می‌افتد	-	-	-	-
10	و	-	-	-	-
11	شکم‌ها	-	-	-	-
12	را	-	-	-	-
13	مدتی	-	-	-	-
14	است	-	-	-	-
15	صابون	-	-	-	-
16	زده‌اند	-	-	-	-
17	که	-	-	-	-
18	کباب‌غاز	-	-	-	-
19	بخورند	-	-	-	-
20	و	-	-	-	-
21	ساعت‌شماری	-	-	-	-
22	می‌کنند	-	-	-	-
23	.	-	-	-	-

0	اگر	-	-	-	-
1	از	-	-	-	-
2	زیرش	-	-	-	-
3	در	-	-	-	-
4	بروم	-	-	-	-
5	چشمم	-	-	-	-
6	را	-	-	-	-
7	در	-	-	-	-
8	خواهند‌آورد	-	-	-	-
9	و	-	-	-	-
10	حالا‌که	-	-	-	-
11	خودمانیم	-	-	-	-
12	،	-	-	-	-
13	حق	-	-	-	-
14	هم	-	-	-	-
15	دارند	-	-	-	-
16	.	-	-	-	-

0	چطور	-	-	-	-
1	است	-	-	-	-
2	از	-	-	-	-
3	منزل	-	-	-	-
4	یکی	-	-	-	-
5	از	-	-	-	-
6	دوستان	-	-	-	-
7	و	-	-	-	-
8	آشنایان	-	-	-	-
9	یک‌دست	-	-	-	-
10	دیگر	-	-	-	-
11	ظرف	-	-	-	-
12	و	-	-	-	-
13	لوازم	-	-	-	-
14	عاریه	-	-	-	-
15	بگیریم	-	-	-	-
16	.	-	-	-	-

0	اینک	-	-	-	-
1	روز	-	-	-	-
2	دوم	-	-	-	-
3	عید	-	-	-	-
4	است	-	-	-	-
5	و	-	-	-	-
6	تدارک	-	-	-	-
7	پذیرایی	-	-	-	-
8	از	-	-	-	-
9	هرجهت	-	-	-	-
10	دیده‌شده	-	-	-	-
11	است	-	-	-	-
12	.	-	-	-	-

0	علاوه‌بر	-	-	-	-
1	غاز	-	-	-	-
2	معهود	-	-	-	-
3	،	-	-	-	-
4	آش	-	-	-	-
5	جو	-	-	-	-
6	اعلا	-	-	-	-
7	و	-	-	-	-
8	کباب	-	-	-	-
9	بره‌ی	-	-	-	-
10	ممتاز	-	-	-	-
11	و	-	-	-	-
12	دو	-	-	-	-
13	رنگ	-	-	-	-
14	پلو	-	-	-	-
15	و	-	-	-	-
16	چند	-	-	-	-
17	جور	-	-	-	-
18	خورش	-	-	-	-
19	با‌تمام	-	-	-	-
20	مخلفات	-	-	-	-
21	رو	-	-	-	-
22	به	-	-	-	-
23	راه	-	-	-	-
24	شده‌است	-	-	-	-
25	.	-	-	-	-

0	در	-	-	-	-
1	تختخواب	-	-	-	-
2	گرم	-	-	-	-
3	و	-	-	-	-
4	نرم	-	-	-	-
5	و	-	-	-	-
6	تازه‌ای	-	-	-	-
7	که	-	-	-	-
8	از‌جمله‌ی	-	-	-	-
9	اسباب	-	-	-	-
10	جهاز	-	-	-	-
11	خانم	-	-	-	-
12	است	-	-	-	-
13	لم	-	-	-	-
14	داده	-	-	-	-
15	و	-	-	-	-
16	به	-	-	-	-
17	تفریح	-	-	-	-
18	تمام	-	-	-	-
19	مشغول	-	-	-	-
20	خواندن	-	-	-	-
21	حکایت‌های	-	-	-	-
22	بی‌نظیر	-	-	-	-
23	صادق	-	-	-	-
24	هدایت	-	-	-	-
25	بودم	-	-	-	-
26	.	-	-	-	-

0	درست	-	-	-	-
1	کیفور	-	-	-	-
2	شده‌بودم	-	-	-	-
3	که	-	-	-	-
4	عیالم	-	-	-	-
5	وارد	-	-	-	-
6	شد	-	-	-	-
7	و	-	-	-	-
8	گفت	-	-	-	-
9	جوان	-	-	-	-
10	دیلاقی	-	-	-	-
11	مصطفی	-	-	-	-
12	‌نام	-	-	-	-
13	آمده	-	-	-	-
14	می‌گوید	-	-	-	-
15	پسرعموی	-	-	-	-
16	تنی	-	-	-	-
17	تو	-	-	-	-
18	است	-	-	-	-
19	و	-	-	-	-
20	برای	-	-	-	-
21	عید	-	-	-	-
22	مبارکی	-	-	-	-
23	شرفیاب	-	-	-	-
24	شده‌است	-	-	-	-
25	.	-	-	-	-

0	مصطفی	-	-	-	-
1	پسرعموی	-	-	-	-
2	دختردایی	-	-	-	-
3	خاله‌ی	-	-	-	-
4	مادرم	-	-	-	-
5	می‌شد	-	-	-	-
6	.	-	-	-	-

0	جوانی	-	-	-	-
1	به	-	-	-	-
2	سن	-	-	-	-
3	بیست	-	-	-	-
4	و	-	-	-	-
5	پنج	-	-	-	-
6	یا	-	-	-	-
7	بیست	-	-	-	-
8	و	-	-	-	-
9	شش	-	-	-	-
10	.	-	-	-	-

0	لات‌و‌لوت	-	-	-	-
1	و	-	-	-	-
2	آسمان‌جل	-	-	-	-
3	و	-	-	-	-
4	بی‌دست	-	-	-	-
5	و	-	-	-	-
6	پا	-	-	-	-
7	و	-	-	-	-
8	پخمه	-	-	-	-
9	و	-	-	-	-
10	گاگول	-	-	-	-
11	و	-	-	-	-
12	تا	-	-	-	-
13	بخواهی	-	-	-	-
14	بدریخت	-	-	-	-
15	و	-	-	-	-
16	بدقواره	-	-	-	-
17	.	-	-	-	-

0	هروقت‌می‌خواست	-	-	-	-
1	حرفی	-	-	-	-
2	بزند	-	-	-	-
3	،	-	-	-	-
4	رنگ	-	-	-	-
5	می‌گذاشت	-	-	-	-
6	و	-	-	-	-
7	رنگ	-	-	-	-
8	برمی‌داشت	-	-	-	-
9	و	-	-	-	-
10	مثل	-	-	-	-
11	این‌که	-	-	-	-
12	دسته	-	-	-	-
13	هاون	-	-	-	-
14	برنجی	-	-	-	-
15	در	-	-	-	-
16	گلویش	-	-	-	-
17	گیر	-	-	-	-
18	کرده‌باشد	-	-	-	-
19	دهنش	-	-	-	-
20	باز	-	-	-	-
21	می‌ماند	-	-	-	-
22	و	-	-	-	-
23	به	-	-	-	-
24	خرخر	-	-	-	-
25	می‌افتاد	-	-	-	-
26	.	-	-	-	-

0	الحمدالله	-	-	-	-
1	سالی	-	-	-	-
2	یک‌مرتبه	-	-	-	-
3	بیش‌تر	-	-	-	-
4	از	-	-	-	-
5	زیارت	-	-	-	-
6	جمالش	-	-	-	-
7	مسرور	-	-	-	-
8	و	-	-	-	-
9	مشعوف	-	-	-	-
10	نمی‌شدم	-	-	-	-
11	.	-	-	-	-

0	به	-	-	-	-
1	زنم	-	-	-	-
2	گفتم	-	-	-	-
3	تو	-	-	-	-
4	را	-	-	-	-
5	به	-	-	-	-
6	خدا	-	-	-	-
7	بگو	-	-	-	-
8	فلانی	-	-	-	-
9	هنوز	-	-	-	-
10	از	-	-	-	-
11	خواب	-	-	-	-
12	بیدار	-	-	-	-
13	نشده	-	-	-	-
14	و	-	-	-	-
15	شر	-	-	-	-
16	این	-	-	-	-
17	غول	-	-	-	-
18	بی	-	-	-	-
19	شاخ	-	-	-	-
20	و	-	-	-	-
21	دم	-	-	-	-
22	را	-	-	-	-
23	از‌سر	-	-	-	-
24	ما	-	-	-	-
25	بکن	-	-	-	-
26	و	-	-	-	-
27	بگذار	-	-	-	-
28	برود	-	-	-	-
29	لای	-	-	-	-
30	دست	-	-	-	-
31	بابای	-	-	-	-
32	علیه‌الرحمه‌اش	-	-	-	-
33	.	-	-	-	-

0	گفت	-	-	-	-
1	به	-	-	-	-
2	من	-	-	-	-
3	دخلی	-	-	-	-
4	ندارد	-	-	-	-
5	!	-	-	-	-

0	مال	-	-	-	-
1	بد	-	-	-	-
2	بیخ	-	-	-	-
3	ریش	-	-	-	-
4	صاحبش	-	-	-	-
5	.	-	-	-	-

0	ماشاء‌الله	-	-	-	-
1	هفت	-	-	-	-
2	قرآن	-	-	-	-
3	به	-	-	-	-
4	میان	-	-	-	-
5	پسرعموی	-	-	-	-
6	دسته	-	-	-	-
7	دیزی	-	-	-	-
8	خودت	-	-	-	-
9	است	-	-	-	-
10	.	-	-	-	-

0	هرگلی	-	-	-	-
1	هست	-	-	-	-
2	به	-	-	-	-
3	سر	-	-	-	-
4	خودت	-	-	-	-
5	بزن	-	-	-	-
6	.	-	-	-	-

0	من	-	-	-	-
1	اساسن	-	-	-	-
2	شرط	-	-	-	-
3	کرده‌ام	-	-	-	-
4	با	-	-	-	-
5	قوم	-	-	-	-
6	و	-	-	-	-
7	خویش‌های	-	-	-	-
8	ددری	-	-	-	-
9	تو	-	-	-	-
10	هیچ	-	-	-	-
11	سر	-	-	-	-
12	و	-	-	-	-
13	کاری	-	-	-	-
14	نداشته‌باشم	-	-	-	-
15	؛	-	-	-	-
16	آن‌هم	-	-	-	-
17	با	-	-	-	-
18	چنین	-	-	-	-
19	لندهور	-	-	-	-
20	الدنگی	-	-	-	-
21	.	-	-	-	-

0	دیدم	-	-	-	-
1	چاره‌ای	-	-	-	-
2	نیست	-	-	-	-
3	و	-	-	-	-
4	خدا	-	-	-	-
5	را	-	-	-	-
6	هم	-	-	-	-
7	خوش	-	-	-	-
8	نمی‌آید	-	-	-	-
9	این	-	-	-	-
10	بیچاره	-	-	-	-
11	که	-	-	-	-
12	لابد	-	-	-	-
13	از	-	-	-	-
14	راه	-	-	-	-
15	دور‌و‌دراز	-	-	-	-
16	با	-	-	-	-
17	شکم	-	-	-	-
18	گرسنه	-	-	-	-
19	و	-	-	-	-
20	پای	-	-	-	-
21	برهنه	-	-	-	-
22	به	-	-	-	-
23	امید	-	-	-	-
24	چند	-	-	-	-
25	ریال	-	-	-	-
26	عیدی	-	-	-	-
27	آمده	-	-	-	-
28	ناامید	-	-	-	-
29	کنم	-	-	-	-
30	.	-	-	-	-

0	پیش	-	-	-	-
1	خودم	-	-	-	-
2	گفتم	-	-	-	-
3	چنین	-	-	-	-
4	روز	-	-	-	-
5	مبارکی	-	-	-	-
6	صله‌ی	-	-	-	-
7	ارحام	-	-	-	-
8	نکنی	-	-	-	-
9	کی	-	-	-	-
10	خواهی‌کرد	-	-	-	-
11	؟	-	-	-	-

0	لذا	-	-	-	-
1	صدایش	-	-	-	-
2	کردم	-	-	-	-
3	،	-	-	-	-
4	سرش	-	-	-	-
5	را	-	-	-	-
6	خم	-	-	-	-
7	کرده	-	-	-	-
8	وارد	-	-	-	-
9	شد	-	-	-	-
10	.	-	-	-	-

0	دیدم	-	-	-	-
1	ماشاء‌الله	-	-	-	-
2	چشم	-	-	-	-
3	بد	-	-	-	-
4	دور	-	-	-	-
5	آقا	-	-	-	-
6	واترقیده‌اند	-	-	-	-
7	.	-	-	-	-

0	قدش	-	-	-	-
1	درازتر	-	-	-	-
2	و	-	-	-	-
3	پک	-	-	-	-
4	و	-	-	-	-
5	پوزش	-	-	-	-
6	کریه	-	-	-	-
7	‌تر	-	-	-	-
8	شده‌است	-	-	-	-
9	.	-	-	-	-

0	گردنش	-	-	-	-
1	مثل	-	-	-	-
2	گردن	-	-	-	-
3	همان	-	-	-	-
4	غاز	-	-	-	-
5	مادرمرده‌ای	-	-	-	-
6	که	-	-	-	-
7	در	-	-	-	-
8	همان	-	-	-	-
9	ساعت	-	-	-	-
10	در	-	-	-	-
11	دیگ	-	-	-	-
12	مشغول	-	-	-	-
13	کباب	-	-	-	-
14	شدن	-	-	-	-
15	بود	-	-	-	-
16	سر	-	-	-	-
17	از	-	-	-	-
18	یقه‌ی	-	-	-	-
19	چرکین	-	-	-	-
20	بیرون	-	-	-	-
21	دوانده	-	-	-	-
22	بود	-	-	-	-
23	و	-	-	-	-
24	اگرچه	-	-	-	-
25	به	-	-	-	-
26	حساب	-	-	-	-
27	خودش	-	-	-	-
28	ریش‌تراشیده	-	-	-	-
29	بود	-	-	-	-
30	،	-	-	-	-
31	اما	-	-	-	-
32	پشم‌های	-	-	-	-
33	زرد	-	-	-	-
34	و	-	-	-	-
35	سرخ	-	-	-	-
36	و	-	-	-	-
37	خرمایی	-	-	-	-
38	به	-	-	-	-
39	بلندی	-	-	-	-
40	یک	-	-	-	-
41	انگشت	-	-	-	-
42	از	-	-	-	-
43	لابلای	-	-	-	-
44	یقه‌ی	-	-	-	-
45	پیراهن	-	-	-	-
46	،	-	-	-	-
47	سر	-	-	-	-
48	به	-	-	-	-
49	در	-	-	-	-
50	آورده	-	-	-	-
51	و	-	-	-	-
52	مثل	-	-	-	-
53	کزم‌هایی	-	-	-	-
54	که	-	-	-	-
55	به	-	-	-	-
56	مارچوبه‌ی	-	-	-	-
57	گندیده	-	-	-	-
58	افتاده‌باشند	-	-	-	-
59	در‌پیرامون	-	-	-	-
60	گردن	-	-	-	-
61	و	-	-	-	-
62	گلو	-	-	-	-
63	در	-	-	-	-
64	جنبش	-	-	-	-
65	و	-	-	-	-
66	اهتزاز	-	-	-	-
67	بودند	-	-	-	-
68	.	-	-	-	-

0	از	-	-	-	-
1	توصیف	-	-	-	-
2	لباسش	-	-	-	-
3	بهتر	-	-	-	-
4	است	-	-	-	-
5	بگذرم	-	-	-	-
6	،	-	-	-	-
7	ولی	-	-	-	-
8	همین‌قدر	-	-	-	-
9	می‌دانم	-	-	-	-
10	که	-	-	-	-
11	سر	-	-	-	-
12	زانوهای	-	-	-	-
13	شلوارش‌	-	-	-	-
14	که	-	-	-	-
15	از	-	-	-	-
16	بس	-	-	-	-
17	شسته	-	-	-	-
18	شده‌بودند	-	-	-	-
19	به‌قدر	-	-	-	-
20	یک	-	-	-	-
21	وجب	-	-	-	-
22	خورد	-	-	-	-
23	رفته‌بود	-	-	-	-
24	چنان	-	-	-	-
25	باد‌کرده	-	-	-	-
26	بود	-	-	-	-
27	که	-	-	-	-
28	راستی‌راستی	-	-	-	-
29	تصور	-	-	-	-
30	کردم	-	-	-	-
31	دو	-	-	-	-
32	رأس	-	-	-	-
33	هندوانه	-	-	-	-
34	از	-	-	-	-
35	جایی	-	-	-	-
36	کش	-	-	-	-
37	رفته	-	-	-	-
38	و	-	-	-	-
39	در	-	-	-	-
40	آنجا	-	-	-	-
41	مخفی	-	-	-	-
42	کرده‌است	-	-	-	-
43	.	-	-	-	-

0	دیدم	-	-	-	-
1	زیاد	-	-	-	-
2	پرت‌	-	-	-	-
3	و	-	-	-	-
4	بلا	-	-	-	-
5	می‌گوید	-	-	-	-
6	؛	-	-	-	-
7	خواستم	-	-	-	-
8	نوکش	-	-	-	-
9	را	-	-	-	-
10	چیده	-	-	-	-
11	،	-	-	-	-
12	دمش	-	-	-	-
13	را	-	-	-	-
14	روی	-	-	-	-
15	کولش	-	-	-	-
16	بگذارم	-	-	-	-
17	و	-	-	-	-
18	به	-	-	-	-
19	امان	-	-	-	-
20	خدا	-	-	-	-
21	بسپارم	-	-	-	-
22	.	-	-	-	-

0	این	-	-	-	-
1	حرف	-	-	-	-
2	که	-	-	-	-
3	در	-	-	-	-
4	بادی	-	-	-	-
5	امر	-	-	-	-
6	زیاد	-	-	-	-
7	بی‌پا	-	-	-	-
8	و	-	-	-	-
9	بی‌معنی	-	-	-	-
10	به‌نظر	-	-	-	-
11	می‌آمد	-	-	-	-
12	،	-	-	-	-
13	کم‌کم	-	-	-	-
14	وقتی	-	-	-	-
15	درست	-	-	-	-
16	آن	-	-	-	-
17	را	-	-	-	-
18	در	-	-	-	-
19	زوایا	-	-	-	-
20	و	-	-	-	-
21	خفایای	-	-	-	-
22	خاطر	-	-	-	-
23	و	-	-	-	-
24	مخیله	-	-	-	-
25	نشخوار	-	-	-	-
26	کردم	-	-	-	-
27	،	-	-	-	-
28	معلوم	-	-	-	-
29	شد	-	-	-	-
30	آن	-	-	-	-
31	قدرها	-	-	-	-
32	هم	-	-	-	-
33	نامعقول	-	-	-	-
34	نیست	-	-	-	-
35	و	-	-	-	-
36	نباید	-	-	-	-
37	زیاد	-	-	-	-
38	سرسری	-	-	-	-
39	گرفت	-	-	-	-
40	.	-	-	-	-

0	هرچه	-	-	-	-
1	بیش‌تر	-	-	-	-
2	در	-	-	-	-
3	این	-	-	-	-
4	باب	-	-	-	-
5	دقیق	-	-	-	-
6	شدم	-	-	-	-
7	یک	-	-	-	-
8	نوع	-	-	-	-
9	امیدواری	-	-	-	-
10	در	-	-	-	-
11	خود	-	-	-	-
12	حس	-	-	-	-
13	نمودم	-	-	-	-
14	و	-	-	-	-
15	ستاره‌ی	-	-	-	-
16	ضعیفی	-	-	-	-
17	در	-	-	-	-
18	شبستان	-	-	-	-
19	تیره	-	-	-	-
20	و	-	-	-	-
21	تار	-	-	-	-
22	درونم	-	-	-	-
23	درخشیدن	-	-	-	-
24	گرفت	-	-	-	-
25	.	-	-	-	-

0	رفته‌رفته	-	-	-	-
1	سر	-	-	-	-
2	دماغ	-	-	-	-
3	آمدم	-	-	-	-
4	و	-	-	-	-
5	خندان	-	-	-	-
6	و	-	-	-	-
7	شادمان	-	-	-	-
8	رو	-	-	-	-
9	به	-	-	-	-
10	مصطفی	-	-	-	-
11	نموده	-	-	-	-
12	گفتم	-	-	-	-
13	اولین	-	-	-	-
14	بار	-	-	-	-
15	است	-	-	-	-
16	که	-	-	-	-
17	از	-	-	-	-
18	تو	-	-	-	-
19	یک	-	-	-	-
20	کلمه	-	-	-	-
21	حرف	-	-	-	-
22	حسابی	-	-	-	-
23	می‌شنوم	-	-	-	-
24	ولی	-	-	-	-
25	به‌نظرم	-	-	-	-
26	این	-	-	-	-
27	گره	-	-	-	-
28	فقط	-	-	-	-
29	به	-	-	-	-
30	دست	-	-	-	-
31	خودت	-	-	-	-
32	گشوده	-	-	-	-
33	خواهد‌شد	-	-	-	-
34	.	-	-	-	-

0	باید	-	-	-	-
1	خودت	-	-	-	-
2	مهارت	-	-	-	-
3	به	-	-	-	-
4	خرج	-	-	-	-
5	بدهی	-	-	-	-
6	که	-	-	-	-
7	احدی	-	-	-	-
8	از	-	-	-	-
9	مهمانان	-	-	-	-
10	در‌صدد	-	-	-	-
11	دست‌زدن	-	-	-	-
12	به	-	-	-	-
13	این	-	-	-	-
14	غاز	-	-	-	-
15	برنیاید	-	-	-	-
16	.	-	-	-	-

0	فردای	-	-	-	-
1	آن	-	-	-	-
2	روز	-	-	-	-
3	به‌خاطرم	-	-	-	-
4	آمد	-	-	-	-
5	که	-	-	-	-
6	دیروز	-	-	-	-
7	یک‌دست	-	-	-	-
8	از	-	-	-	-
9	بهترین	-	-	-	-
10	لباس‌های	-	-	-	-
11	نو	-	-	-	-
12	دوز	-	-	-	-
13	خود	-	-	-	-
14	را	-	-	-	-
15	با	-	-	-	-
16	کلیه‌ی	-	-	-	-
17	متفرعات	-	-	-	-
18	به	-	-	-	-
19	انضمام	-	-	-	-
20	مایحتوی	-	-	-	-
21	یعنی	-	-	-	-
22	آقای	-	-	-	-
23	استادی	-	-	-	-
24	مصطفی‌خان	-	-	-	-
25	به	-	-	-	-
26	دست	-	-	-	-
27	چلاق‌شده‌ی	-	-	-	-
28	خودم	-	-	-	-
29	از	-	-	-	-
30	خانه	-	-	-	-
31	بیرون	-	-	-	-
32	انداخته‌ام	-	-	-	-
33	.	-	-	-	-

0	ولی	-	-	-	-
1	چون‌که	-	-	-	-
2	تیری	-	-	-	-
3	که	-	-	-	-
4	از	-	-	-	-
5	شست	-	-	-	-
6	رفته	-	-	-	-
7	باز	-	-	-	-
8	نمی‌گردد	-	-	-	-
9	،	-	-	-	-
10	یک‌بار	-	-	-	-
11	دیگر	-	-	-	-
12	به	-	-	-	-
13	کلام	-	-	-	-
14	بلندپایه‌ی	-	-	-	-
15	«	-	-	-	-
16	از	-	-	-	-
17	ماست	-	-	-	-
18	که	-	-	-	-
19	بر	-	-	-	-
20	ماست	-	-	-	-
21	»	-	-	-	-
22	ایمان	-	-	-	-
23	آوردم	-	-	-	-
24	و	-	-	-	-
25	پشت	-	-	-	-
26	دستم	-	-	-	-
27	را	-	-	-	-
28	داغ	-	-	-	-
29	کردم	-	-	-	-
30	که	-	-	-	-
31	تا	-	-	-	-
32	من	-	-	-	-
33	باشم	-	-	-	-
34	دیگر	-	-	-	-
35	پیرامون	-	-	-	-
36	ترفیع‌رتبه	-	-	-	-
37	نگردم	-	-	-	-
38	!	-	-	-	-

0	*****	-	-	-	-
1	واتراقیده‌اند	-	-	-	-
2	مفتخرترینهایشانند	-	-	-	-
3	درصدداند	-	-	-	-
4	مشتق‌پذیرند	-	-	-	-
5	رفت	-	-	-	-
6	وآمدشان	-	-	-	-
7	گفتوگویمان	-	-	-	-
8	عبورومرور	-	-	-	-
9	متلاشی‌کنندگانیم	-	-	-	-
10	پراستفاده‌ترین	-	-	-	-
11	خویشتنداران	-	-	-	-
12	اشتباهاتتان	-	-	-	-
13	پراشتباه	-	-	-	-
14	تریم	-	-	-	-

