0	ما	-	-	-	-
1	قادر	-	-	-	-
2	به	-	-	-	-
3	ارائهٔ	-	-	-	-
4	پاسخی	-	-	-	-
5	مطمئن	-	-	-	-
6	نیستیم	-	-	-	-
7	.	-	-	-	-

0	فهرست	-	-	-	-
1	خصوصیاتی	-	-	-	-
2	که	-	-	-	-
3	حوزهٔ	-	-	-	-
4	رده‌بندی	-	-	-	-
5	گیاهان	-	-	-	-
6	را	-	-	-	-
7	از	-	-	-	-
8	سایر	-	-	-	-
9	حوزه‌ها	-	-	-	-
10	ی	-	-	-	-
11	زیست‌شناسی	-	-	-	-
12	جدا	-	-	-	-
13	می‌کند	-	-	-	-
14	حد‌اقل	-	-	-	-
15	یک	-	-	-	-
16	تعریف	-	-	-	-
17	فنی	-	-	-	-
18	ارائه	-	-	-	-
19	می‌کند	-	-	-	-
20	اما	-	-	-	-
21	این	-	-	-	-
22	تعریف	-	-	-	-
23	مورد	-	-	-	-
24	پسند	-	-	-	-
25	همگان	-	-	-	-
26	قرار	-	-	-	-
27	نمی‌گیرد	-	-	-	-
28	؛	-	-	-	-
29	بنابراین	-	-	-	-
30	تعریف	-	-	-	-
31	اصطلاح	-	-	-	-
32	گیاه	-	-	-	-
33	همیشه	-	-	-	-
34	به	-	-	-	-
35	معنی	-	-	-	-
36	بیشتر	-	-	-	-
37	موجودات	-	-	-	-
38	زنده	-	-	-	-
39	طبقه‌بندی	-	-	-	-
40	شده	-	-	-	-
41	در	-	-	-	-
42	محدودهٔ	-	-	-	-
43	رده‌بندی	-	-	-	-
44	گیاهان	-	-	-	-
45	می‌باشد	-	-	-	-
46	.	-	-	-	-

0	مثلا	-	-	-	-
1	«	-	-	-	-
2	اگر	-	-	-	-
3	جلبک‌های	-	-	-	-
4	سبز	-	-	-	-
5	به‌وضوح	-	-	-	-
6	گیاهانی	-	-	-	-
7	جزو	-	-	-	-
8	رده‌بندی	-	-	-	-
9	گیاهان	-	-	-	-
10	هستند	-	-	-	-
11	،	-	-	-	-
12	پس	-	-	-	-
13	بیشتر	-	-	-	-
14	مردم	-	-	-	-
15	اکثر	-	-	-	-
16	خزه‌های	-	-	-	-
17	دریایی	-	-	-	-
18	را	-	-	-	-
19	هم	-	-	-	-
20	که	-	-	-	-
21	جزئی	-	-	-	-
22	از	-	-	-	-
23	(	-	-	-	-
24	حوزه	-	-	-	-
25	آغازیان	-	-	-	-
26	)	-	-	-	-
27	هستند	-	-	-	-
28	،	-	-	-	-
29	جزو	-	-	-	-
30	جلبک‌های	-	-	-	-
31	سبز	-	-	-	-
32	در	-	-	-	-
33	نظر	-	-	-	-
34	می‌گیرند	-	-	-	-
35	.	-	-	-	-

0	مشکل	-	-	-	-
1	عدم	-	-	-	-
2	وجود	-	-	-	-
3	دقت	-	-	-	-
4	یا	-	-	-	-
5	توافق	-	-	-	-
6	که	-	-	-	-
7	در	-	-	-	-
8	تعریف	-	-	-	-
9	گیاه	-	-	-	-
10	وجود	-	-	-	-
11	دارد	-	-	-	-
12	یکی	-	-	-	-
13	از	-	-	-	-
14	گفته‌های	-	-	-	-
15	مورد	-	-	-	-
16	تفاهم	-	-	-	-
17	است	-	-	-	-
18	که	-	-	-	-
19	اغلب	-	-	-	-
20	در	-	-	-	-
21	مقالات	-	-	-	-
22	با	-	-	-	-
23	آن	-	-	-	-
24	مواجه	-	-	-	-
25	می‌شوند	-	-	-	-
26	.	-	-	-	-

0	خاصیت	-	-	-	-
1	ذره‌	-	-	-	-
2	ای	-	-	-	-
3	و	-	-	-	-
4	موجی	-	-	-	-
5	نور	-	-	-	-
6	که	-	-	-	-
7	یک	-	-	-	-
8	پدیدهٔ	-	-	-	-
9	فیزیکی	-	-	-	-
10	الکترومغناطیسی	-	-	-	-
11	است	-	-	-	-
12	و	-	-	-	-
13	در‌نتیجهٔ	-	-	-	-
14	برخورد	-	-	-	-
15	نور	-	-	-	-
16	به	-	-	-	-
17	سطح	-	-	-	-
18	اشیاء	-	-	-	-
19	و	-	-	-	-
20	باز	-	-	-	-
21	تاب	-	-	-	-
22	ویژهٔ	-	-	-	-
23	طول	-	-	-	-
24	موجی	-	-	-	-
25	این	-	-	-	-
26	تابش	-	-	-	-
27	نور	-	-	-	-
28	و	-	-	-	-
29	شدت	-	-	-	-
30	آن	-	-	-	-
31	،	-	-	-	-
32	توسط	-	-	-	-
33	چشم	-	-	-	-
34	احساس	-	-	-	-
35	و	-	-	-	-
36	پردازش‌شده	-	-	-	-
37	،	-	-	-	-
38	و	-	-	-	-
39	به	-	-	-	-
40	عنوان	-	-	-	-
41	مفهوم	-	-	-	-
42	رنگ	-	-	-	-
43	آن	-	-	-	-
44	در	-	-	-	-
45	ذهن	-	-	-	-
46	شناخته‌می‌شود	-	-	-	-
47	.	-	-	-	-

0	تجزیهٔ	-	-	-	-
1	نور	-	-	-	-
2	سفید	-	-	-	-
3	توسط	-	-	-	-
4	یک	-	-	-	-
5	منشور	-	-	-	-
6	نیز	-	-	-	-
7	یک	-	-	-	-
8	خاصیت	-	-	-	-
9	فیزیکی	-	-	-	-
10	است	-	-	-	-
11	که	-	-	-	-
12	با	-	-	-	-
13	این	-	-	-	-
14	عمل	-	-	-	-
15	هفت‌رنگ	-	-	-	-
16	طیف	-	-	-	-
17	بدست	-	-	-	-
18	می‌آید	-	-	-	-
19	:	-	-	-	-

0	شامل	-	-	-	-
1	بنفش	-	-	-	-
2	،	-	-	-	-
3	نیلی	-	-	-	-
4	،	-	-	-	-
5	آبی	-	-	-	-
6	،	-	-	-	-
7	سبز	-	-	-	-
8	،	-	-	-	-
9	زرد	-	-	-	-
10	،	-	-	-	-
11	نارنجی	-	-	-	-
12	و	-	-	-	-
13	قرمز	-	-	-	-
14	است	-	-	-	-
15	؛	-	-	-	-
16	بنابراین	-	-	-	-
17	رنگ‌ها	-	-	-	-
18	ناشی	-	-	-	-
19	از	-	-	-	-
20	امواج	-	-	-	-
21	نور	-	-	-	-
22	هستند	-	-	-	-
23	و	-	-	-	-
24	چشم	-	-	-	-
25	انسان	-	-	-	-
26	قادر	-	-	-	-
27	است	-	-	-	-
28	رنگ‌هایی	-	-	-	-
29	را	-	-	-	-
30	که	-	-	-	-
31	طول	-	-	-	-
32	موج	-	-	-	-
33	آن‌ها	-	-	-	-
34	بین	-	-	-	-
35	۴۰۰	-	-	-	-
36	تا	-	-	-	-
37	۷۰۰	-	-	-	-
38	میلی	-	-	-	-
39	میکرون	-	-	-	-
40	است	-	-	-	-
41	ببیند	-	-	-	-
42	.	-	-	-	-

0	(	-	-	-	-
1	میلی	-	-	-	-
2	میکرون	-	-	-	-
3	واحدی	-	-	-	-
4	است	-	-	-	-
5	برای	-	-	-	-
6	اندازه‌گیری	-	-	-	-
7	امواج	-	-	-	-
8	که	-	-	-	-
9	معادل	-	-	-	-
10	یک	-	-	-	-
11	میلیونوم	-	-	-	-
12	میلی‌متر	-	-	-	-
13	است	-	-	-	-
14	)	-	-	-	-
15	.	-	-	-	-

0	در	-	-	-	-
1	قرن	-	-	-	-
2	هفدهم	-	-	-	-
3	میلادی	-	-	-	-
4	نیوتن	-	-	-	-
5	موفق	-	-	-	-
6	شد	-	-	-	-
7	با	-	-	-	-
8	تجزیه	-	-	-	-
9	نور	-	-	-	-
10	سفید	-	-	-	-
11	طیف	-	-	-	-
12	رنگ‌ها	-	-	-	-
13	را	-	-	-	-
14	به	-	-	-	-
15	دست	-	-	-	-
16	آورد	-	-	-	-
17	.	-	-	-	-

0	او	-	-	-	-
1	کشف	-	-	-	-
2	نمود	-	-	-	-
3	که	-	-	-	-
4	نور	-	-	-	-
5	سفید	-	-	-	-
6	شامل	-	-	-	-
7	انواع	-	-	-	-
8	اشعه	-	-	-	-
9	است	-	-	-	-
10	که	-	-	-	-
11	هرگاه	-	-	-	-
12	به‌طور	-	-	-	-
13	جداگانه‌ای	-	-	-	-
14	با	-	-	-	-
15	شبکهٔ	-	-	-	-
16	چشم	-	-	-	-
17	انسان	-	-	-	-
18	برخورد	-	-	-	-
19	کند	-	-	-	-
20	احساس	-	-	-	-
21	یک	-	-	-	-
22	رنگ	-	-	-	-
23	مجزا	-	-	-	-
24	را	-	-	-	-
25	به	-	-	-	-
26	وجود	-	-	-	-
27	خواهد‌آورد	-	-	-	-
28	و	-	-	-	-
29	اختلاط	-	-	-	-
30	این	-	-	-	-
31	اشعه‌ها	-	-	-	-
32	بر‌روی	-	-	-	-
33	شبکهٔ	-	-	-	-
34	چشم	-	-	-	-
35	،	-	-	-	-
36	رنگ	-	-	-	-
37	سفید	-	-	-	-
38	را	-	-	-	-
39	محسوس	-	-	-	-
40	می‌‌سازد	-	-	-	-
41	.	-	-	-	-

0	دربارهٔ	-	-	-	-
1	واژهٔ	-	-	-	-
2	تاریخ	-	-	-	-
3	و	-	-	-	-
4	منشأ	-	-	-	-
5	آن	-	-	-	-
6	،	-	-	-	-
7	گزارش‌های	-	-	-	-
8	مختلف	-	-	-	-
9	و	-	-	-	-
10	گوناگونی	-	-	-	-
11	وجود	-	-	-	-
12	دارد	-	-	-	-
13	.	-	-	-	-

0	برخی	-	-	-	-
1	ریشهٔ	-	-	-	-
2	واژهٔ	-	-	-	-
3	تاریخ	-	-	-	-
4	را	-	-	-	-
5	در	-	-	-	-
6	زبان	-	-	-	-
7	فارسی	-	-	-	-
8	و	-	-	-	-
9	مفهوم	-	-	-	-
10	«	-	-	-	-
11	ماه‌روز	-	-	-	-
12	»	-	-	-	-
13	جستجو	-	-	-	-
14	نموده‌اند	-	-	-	-
15	.	-	-	-	-

0	واژهٔ	-	-	-	-
1	)	-	-	-	-
2	ماه‌روز	-	-	-	-
3	»	-	-	-	-
4	در	-	-	-	-
5	ایران	-	-	-	-
6	باستان	-	-	-	-
7	به	-	-	-	-
8	معنای	-	-	-	-
9	«	-	-	-	-
10	تعیین	-	-	-	-
11	روزی‌که	-	-	-	-
12	در	-	-	-	-
13	آن	-	-	-	-
14	امری	-	-	-	-
15	مشهور	-	-	-	-
16	بین	-	-	-	-
17	ملت	-	-	-	-
18	یا	-	-	-	-
19	دولتی	-	-	-	-
20	آشکار‌شده	-	-	-	-
21	یا	-	-	-	-
22	آنکه	-	-	-	-
23	در	-	-	-	-
24	آن	-	-	-	-
25	روز	-	-	-	-
26	واقعهٔ	-	-	-	-
27	ترسناکی	-	-	-	-
28	چون	-	-	-	-
29	زلزله	-	-	-	-
30	یا	-	-	-	-
31	طوفان	-	-	-	-
32	حادث	-	-	-	-
33	گردیده	-	-	-	-
34	است	-	-	-	-
35	.	-	-	-	-
36	»	-	-	-	-
37	بنابراین	-	-	-	-
38	آنچه	-	-	-	-
39	در	-	-	-	-
40	این	-	-	-	-
41	مفهوم	-	-	-	-
42	دارای	-	-	-	-
43	حضور	-	-	-	-
44	و	-	-	-	-
45	نمود	-	-	-	-
46	بیش‌تری	-	-	-	-
47	بوده	-	-	-	-
48	،	-	-	-	-
49	توجه	-	-	-	-
50	به	-	-	-	-
51	رخدادها	-	-	-	-
52	و	-	-	-	-
53	حوادث	-	-	-	-
54	در	-	-	-	-
55	قالب	-	-	-	-
56	مکانی	-	-	-	-
57	و	-	-	-	-
58	زمانی	-	-	-	-
59	است	-	-	-	-
60	.	-	-	-	-

0	در	-	-	-	-
1	برخی	-	-	-	-
2	از	-	-	-	-
3	گزارش‌ها	-	-	-	-
4	آمده‌است	-	-	-	-
5	که	-	-	-	-
6	چون	-	-	-	-
7	عمر	-	-	-	-
8	بن	-	-	-	-
9	خطاب	-	-	-	-
10	در	-	-	-	-
11	تعیین	-	-	-	-
12	مبدأ	-	-	-	-
13	محاسبهٔ	-	-	-	-
14	زمان	-	-	-	-
15	دچار	-	-	-	-
16	مشکل	-	-	-	-
17	شد	-	-	-	-
18	،	-	-	-	-
19	به‌پیشنهاد	-	-	-	-
20	هرمزان	-	-	-	-
21	(	-	-	-	-
22	از	-	-	-	-
23	موالی	-	-	-	-
24	ایرانی	-	-	-	-
25	ساکن	-	-	-	-
26	در	-	-	-	-
27	مدینه	-	-	-	-
28	)	-	-	-	-
29	از	-	-	-	-
30	تعریب	-	-	-	-
31	ترکیب	-	-	-	-
32	فارسی	-	-	-	-
33	«	-	-	-	-
34	ماه‌روز	-	-	-	-
35	»	-	-	-	-
36	،	-	-	-	-
37	واژهٔ	-	-	-	-
38	«	-	-	-	-
39	مورخ	-	-	-	-
40	»	-	-	-	-
41	را	-	-	-	-
42	ساختند	-	-	-	-
43	و	-	-	-	-
44	مصدرش	-	-	-	-
45	را	-	-	-	-
46	«	-	-	-	-
47	تأریخ	-	-	-	-
48	»	-	-	-	-
49	قرار	-	-	-	-
50	دادند	-	-	-	-
51	.	-	-	-	-

0	در‌خصوص	-	-	-	-
1	تعریب	-	-	-	-
2	و	-	-	-	-
3	معرب	-	-	-	-
4	بودن	-	-	-	-
5	واژهٔ	-	-	-	-
6	تاریخ	-	-	-	-
7	باید	-	-	-	-
8	توجه	-	-	-	-
9	داشت	-	-	-	-
10	که	-	-	-	-
11	کمترین	-	-	-	-
12	شباهت	-	-	-	-
13	آوایی	-	-	-	-
14	و	-	-	-	-
15	قرابت	-	-	-	-
16	واکه‌ای	-	-	-	-
17	یا	-	-	-	-
18	هم‌آهنگی	-	-	-	-
19	واکه‌ای	-	-	-	-
20	،	-	-	-	-
21	تشابه‌صرفی	-	-	-	-
22	یا	-	-	-	-
23	تکواژی	-	-	-	-
24	بین	-	-	-	-
25	«	-	-	-	-
26	ماه‌روز	-	-	-	-
27	»	-	-	-	-
28	و	-	-	-	-
29	«	-	-	-	-
30	تاریخ	-	-	-	-
31	»	-	-	-	-
32	وجود	-	-	-	-
33	ندارد	-	-	-	-
34	و	-	-	-	-
35	به‌همین	-	-	-	-
36	دلیل	-	-	-	-
37	،	-	-	-	-
38	آن	-	-	-	-
39	را	-	-	-	-
40	تعرب	-	-	-	-
41	غریبی	-	-	-	-
42	می‌	-	-	-	-
43	دانند	-	-	-	-
44	.	-	-	-	-

0	امواج	-	-	-	-
1	موجود	-	-	-	-
2	در	-	-	-	-
3	فضا	-	-	-	-
4	توسط	-	-	-	-
5	آنتن	-	-	-	-
6	موبایل	-	-	-	-
7	دریافت‌شده	-	-	-	-
8	و	-	-	-	-
9	وارد	-	-	-	-
10	قطعه‌ای	-	-	-	-
11	به	-	-	-	-
12	نام	-	-	-	-
13	آنتن	-	-	-	-
14	سوییچ	-	-	-	-
15	می‌شوند	-	-	-	-
16	.	-	-	-	-

0	آنتن	-	-	-	-
1	سوییچ	-	-	-	-
2	وظیفه	-	-	-	-
3	تعیین	-	-	-	-
4	حالت	-	-	-	-
5	فرستندگی	-	-	-	-
6	یا	-	-	-	-
7	گیرندگی	-	-	-	-
8	آنتن	-	-	-	-
9	را	-	-	-	-
10	به‌عهده‌دارد	-	-	-	-
11	.	-	-	-	-

0	بسته	-	-	-	-
1	به	-	-	-	-
2	این	-	-	-	-
3	که	-	-	-	-
4	موبایل	-	-	-	-
5	سازگار	-	-	-	-
6	با	-	-	-	-
7	چند	-	-	-	-
8	باند	-	-	-	-
9	GSM	-	-	-	-
10	باشد	-	-	-	-
11	،	-	-	-	-
12	تعداد	-	-	-	-
13	پایه‌های	-	-	-	-
14	آنتن	-	-	-	-
15	سوییچ	-	-	-	-
16	متفاوت	-	-	-	-
17	خواهد‌بود	-	-	-	-
18	.	-	-	-	-

0	آنتن	-	-	-	-
1	سوییچ	-	-	-	-
2	برای	-	-	-	-
3	هر	-	-	-	-
4	باند	-	-	-	-
5	GSM	-	-	-	-
6	،	-	-	-	-
7	آنتن	-	-	-	-
8	را	-	-	-	-
9	به	-	-	-	-
10	یک	-	-	-	-
11	خروجی	-	-	-	-
12	به	-	-	-	-
13	نام	-	-	-	-
14	RX	-	-	-	-
15	و	-	-	-	-
16	یک	-	-	-	-
17	ورودی	-	-	-	-
18	به	-	-	-	-
19	نام	-	-	-	-
20	TX	-	-	-	-
21	وصل	-	-	-	-
22	می‌کند	-	-	-	-
23	.	-	-	-	-

0	در	-	-	-	-
1	حقیقت	-	-	-	-
2	آنتن	-	-	-	-
3	سوییچ	-	-	-	-
4	مانند	-	-	-	-
5	یک	-	-	-	-
6	کلید	-	-	-	-
7	است	-	-	-	-
8	که	-	-	-	-
9	با	-	-	-	-
10	فرمان‌هایی	-	-	-	-
11	آنتن	-	-	-	-
12	را	-	-	-	-
13	مرتبا	-	-	-	-
14	به	-	-	-	-
15	خط	-	-	-	-
16	RX	-	-	-	-
17	یا	-	-	-	-
18	به	-	-	-	-
19	TX	-	-	-	-
20	متصل	-	-	-	-
21	می‌کند	-	-	-	-
22	.	-	-	-	-

0	در	-	-	-	-
1	بلوکی	-	-	-	-
2	که	-	-	-	-
3	مشاهده‌کردید	-	-	-	-
4	،	-	-	-	-
5	موبایل	-	-	-	-
6	قابلیت	-	-	-	-
7	کار	-	-	-	-
8	با	-	-	-	-
9	دو	-	-	-	-
10	باند	-	-	-	-
11	GSM	-	-	-	-
12	۹۰۰	-	-	-	-
13	و	-	-	-	-
14	GSM	-	-	-	-
15	۱۸۰۰	-	-	-	-
16	را	-	-	-	-
17	دارد	-	-	-	-
18	؛	-	-	-	-
19	بنابراین	-	-	-	-
20	آنتن	-	-	-	-
21	سوییچ	-	-	-	-
22	دو	-	-	-	-
23	خروجی	-	-	-	-
24	RX	-	-	-	-
25	و	-	-	-	-
26	دو	-	-	-	-
27	ورودی	-	-	-	-
28	TX	-	-	-	-
29	خواهند‌داشت	-	-	-	-
30	که	-	-	-	-
31	در	-	-	-	-
32	شبکه‌‌ها	-	-	-	-
33	ی	-	-	-	-
34	تلفن	-	-	-	-
35	ایران	-	-	-	-
36	از	-	-	-	-
37	آن	-	-	-	-
38	جایی‌که	-	-	-	-
39	GSM	-	-	-	-
40	۹۰۰	-	-	-	-
41	است	-	-	-	-
42	خط	-	-	-	-
43	RX	-	-	-	-
44	و	-	-	-	-
45	TX	-	-	-	-
46	باند	-	-	-	-
47	۱۸۰۰	-	-	-	-
48	بدون	-	-	-	-
49	استفاده	-	-	-	-
50	خواهد‌بود	-	-	-	-
51	.	-	-	-	-

0	آنتن	-	-	-	-
1	سوییچ	-	-	-	-
2	یکی	-	-	-	-
3	از	-	-	-	-
4	قطعات	-	-	-	-
5	حساس	-	-	-	-
6	برد	-	-	-	-
7	موبایل	-	-	-	-
8	است	-	-	-	-
9	و	-	-	-	-
10	خرابی	-	-	-	-
11	در	-	-	-	-
12	آن	-	-	-	-
13	باعث	-	-	-	-
14	به	-	-	-	-
15	وجود	-	-	-	-
16	آمدن	-	-	-	-
17	عیوبی	-	-	-	-
18	از‌قبیل	-	-	-	-
19	پرش	-	-	-	-
20	آنتن	-	-	-	-
21	یا	-	-	-	-
22	نداشتن	-	-	-	-
23	دریافت	-	-	-	-
24	یا	-	-	-	-
25	ارسال	-	-	-	-
26	خواهد‌شد	-	-	-	-
27	.	-	-	-	-

0	در‌مورد	-	-	-	-
1	سلف	-	-	-	-
2	و	-	-	-	-
3	خازن	-	-	-	-
4	قبل‌از	-	-	-	-
5	اتصال	-	-	-	-
6	آنتن	-	-	-	-
7	به	-	-	-	-
8	آنتن	-	-	-	-
9	سوییچ	-	-	-	-
10	نیز	-	-	-	-
11	از	-	-	-	-
12	آن	-	-	-	-
13	جایی‌که	-	-	-	-
14	امپدانس	-	-	-	-
15	خروجی	-	-	-	-
16	آنتن	-	-	-	-
17	بسیار	-	-	-	-
18	کم	-	-	-	-
19	است	-	-	-	-
20	و	-	-	-	-
21	از	-	-	-	-
22	طرفی	-	-	-	-
23	امپدانس	-	-	-	-
24	ورودی	-	-	-	-
25	آنتن	-	-	-	-
26	زیاد	-	-	-	-
27	است	-	-	-	-
28	،	-	-	-	-
29	باید	-	-	-	-
30	قبل‌از	-	-	-	-
31	اتصال	-	-	-	-
32	این	-	-	-	-
33	دو	-	-	-	-
34	،	-	-	-	-
35	عمل	-	-	-	-
36	تطبیق	-	-	-	-
37	امپدانس	-	-	-	-
38	توسط	-	-	-	-
39	قطعه‌ای	-	-	-	-
40	انجام	-	-	-	-
41	شود	-	-	-	-
42	.	-	-	-	-

0	معمولا	-	-	-	-
1	در	-	-	-	-
2	مدارات	-	-	-	-
3	،	-	-	-	-
4	قسمت	-	-	-	-
5	آنتن	-	-	-	-
6	موبایل	-	-	-	-
7	از	-	-	-	-
8	یک	-	-	-	-
9	سلف	-	-	-	-
10	که	-	-	-	-
11	به‌صورت	-	-	-	-
12	موازی	-	-	-	-
13	بین	-	-	-	-
14	آنتن	-	-	-	-
15	و	-	-	-	-
16	زمین	-	-	-	-
17	بسته‌می‌شود	-	-	-	-
18	استفاده	-	-	-	-
19	تشکیل	-	-	-	-
20	می‌شود	-	-	-	-
21	.	-	-	-	-

0	این	-	-	-	-
1	سلف	-	-	-	-
2	می‌تواند	-	-	-	-
3	باعث	-	-	-	-
4	عمل	-	-	-	-
5	تطبیق	-	-	-	-
6	امپدانس	-	-	-	-
7	بین	-	-	-	-
8	آنتن	-	-	-	-
9	و	-	-	-	-
10	آنتن	-	-	-	-
11	سوییچ	-	-	-	-
12	شده	-	-	-	-
13	و	-	-	-	-
14	مانع	-	-	-	-
15	از	-	-	-	-
16	هدایت	-	-	-	-
17	جریان	-	-	-	-
18	DC	-	-	-	-
19	بین	-	-	-	-
20	این	-	-	-	-
21	دو	-	-	-	-
22	واحد	-	-	-	-
23	گردد	-	-	-	-
24	تا	-	-	-	-
25	این	-	-	-	-
26	دو	-	-	-	-
27	واحد	-	-	-	-
28	اثر	-	-	-	-
29	منفی	-	-	-	-
30	در‌عملکرد	-	-	-	-
31	یکدیگر	-	-	-	-
32	نداشته‌باشند	-	-	-	-
33	.	-	-	-	-

0	وظیفه	-	-	-	-
1	فیلتر	-	-	-	-
2	SAW	-	-	-	-
3	حذف	-	-	-	-
4	فرکانس‌های	-	-	-	-
5	کانال	-	-	-	-
6	همسایه	-	-	-	-
7	و	-	-	-	-
8	فرکانس‌های	-	-	-	-
9	مزاحم	-	-	-	-
10	است	-	-	-	-
11	.	-	-	-	-

0	خط	-	-	-	-
1	خروجی	-	-	-	-
2	RX	-	-	-	-
3	از	-	-	-	-
4	آنتن	-	-	-	-
5	سوئیچ	-	-	-	-
6	وارد	-	-	-	-
7	SAW	-	-	-	-
8	شده	-	-	-	-
9	و	-	-	-	-
10	بعد‌از	-	-	-	-
11	آن	-	-	-	-
12	فرکانس‌های	-	-	-	-
13	مزاحم	-	-	-	-
14	حذف	-	-	-	-
15	می‌شود	-	-	-	-
16	و	-	-	-	-
17	فقط	-	-	-	-
18	فرکانس‌های	-	-	-	-
19	باند	-	-	-	-
20	GSM	-	-	-	-
21	در	-	-	-	-
22	خروجی	-	-	-	-
23	آن	-	-	-	-
24	دیده‌می‌شود	-	-	-	-
25	.	-	-	-	-

0	SAW	-	-	-	-
1	همان‌گونه	-	-	-	-
2	که	-	-	-	-
3	فرکانس‌های	-	-	-	-
4	مزاحم	-	-	-	-
5	را	-	-	-	-
6	حذف	-	-	-	-
7	می‌کند	-	-	-	-
8	،	-	-	-	-
9	فرکانس‌های	-	-	-	-
10	اصلی	-	-	-	-
11	GSM	-	-	-	-
12	را	-	-	-	-
13	هم	-	-	-	-
14	خیلی	-	-	-	-
15	ضعیف	-	-	-	-
16	می‌کند	-	-	-	-
17	.	-	-	-	-

0	برای	-	-	-	-
1	تقویت	-	-	-	-
2	سیگنال‌های	-	-	-	-
3	دریافتی	-	-	-	-
4	GSM	-	-	-	-
5	بعد‌از	-	-	-	-
6	SAW	-	-	-	-
7	از	-	-	-	-
8	یک	-	-	-	-
9	تقویت‌کننده	-	-	-	-
10	به	-	-	-	-
11	نام	-	-	-	-
12	LNA	-	-	-	-
13	استفاده	-	-	-	-
14	می‌شود	-	-	-	-
15	.	-	-	-	-

0	قلب	-	-	-	-
1	در	-	-	-	-
2	لغت	-	-	-	-
3	به	-	-	-	-
4	معنی	-	-	-	-
5	دگرگونی	-	-	-	-
6	است	-	-	-	-
7	قلب	-	-	-	-
8	از‌لحاظ	-	-	-	-
9	علمی	-	-	-	-
10	اندامی	-	-	-	-
11	است	-	-	-	-
12	که	-	-	-	-
13	در	-	-	-	-
14	مرکز	-	-	-	-
15	قفسهٔ	-	-	-	-
16	سینه	-	-	-	-
17	(	-	-	-	-
18	متمایل	-	-	-	-
19	به	-	-	-	-
20	سمت	-	-	-	-
21	چپ	-	-	-	-
22	)	-	-	-	-
23	واقع‌شده‌است	-	-	-	-
24	،	-	-	-	-
25	و	-	-	-	-
26	وزن	-	-	-	-
27	آن	-	-	-	-
28	۳۰۰	-	-	-	-
29	گرم	-	-	-	-
30	است	-	-	-	-
31	و	-	-	-	-
32	خون	-	-	-	-
33	را	-	-	-	-
34	پمپاژ	-	-	-	-
35	می‌کند	-	-	-	-
36	نام	-	-	-	-
37	این	-	-	-	-
38	عضو	-	-	-	-
39	به‌علت	-	-	-	-
40	اینکه	-	-	-	-
41	باعث	-	-	-	-
42	دگرگونی	-	-	-	-
43	خون	-	-	-	-
44	و	-	-	-	-
45	تبدیل	-	-	-	-
46	خون	-	-	-	-
47	کثیف	-	-	-	-
48	به	-	-	-	-
49	خون	-	-	-	-
50	تمیز	-	-	-	-
51	می‌شود	-	-	-	-
52	قلب	-	-	-	-
53	نام‌گذاری	-	-	-	-
54	شده‌است	-	-	-	-
55	در	-	-	-	-
56	دگرگون	-	-	-	-
57	کردن	-	-	-	-
58	خون	-	-	-	-
59	،	-	-	-	-
60	قلب	-	-	-	-
61	مانند	-	-	-	-
62	یک	-	-	-	-
63	تلمبه	-	-	-	-
64	عمل	-	-	-	-
65	می‌کند	-	-	-	-
66	ایا	-	-	-	-
67	دی‌ان‌ای	-	-	-	-
68	فرق	-	-	-	-
69	موجودات	-	-	-	-
70	زنده	-	-	-	-
71	با	-	-	-	-
72	غیر	-	-	-	-
73	زنده	-	-	-	-
74	است	-	-	-	-
75	؟	-	-	-	-

0	آیا	-	-	-	-
1	ساختاری	-	-	-	-
2	هوشمند	-	-	-	-
3	(	-	-	-	-
4	وجود	-	-	-	-
5	نظم	-	-	-	-
6	بین	-	-	-	-
7	سلول‌ها	-	-	-	-
8	و	-	-	-	-
9	اجزای	-	-	-	-
10	مختلف	-	-	-	-
11	)	-	-	-	-
12	،	-	-	-	-
13	موجود	-	-	-	-
14	زنده	-	-	-	-
15	را	-	-	-	-
16	تشکیل	-	-	-	-
17	می‌دهد	-	-	-	-
18	!؟	-	-	-	-

0	که	-	-	-	-
1	البته	-	-	-	-
2	سلول‌های	-	-	-	-
3	سرطانی	-	-	-	-
4	این	-	-	-	-
5	موضوع	-	-	-	-
6	را	-	-	-	-
7	رد	-	-	-	-
8	می‌کنند	-	-	-	-
9	زیرا	-	-	-	-
10	در‌مقابل	-	-	-	-
11	از	-	-	-	-
12	بین	-	-	-	-
13	رفتنشان	-	-	-	-
14	مقاومت	-	-	-	-
15	می‌کنند	-	-	-	-
16	و	-	-	-	-
17	مانع	-	-	-	-
18	از	-	-	-	-
19	درست	-	-	-	-
20	کار	-	-	-	-
21	کرد	-	-	-	-
22	بدن	-	-	-	-
23	می‌شوند	-	-	-	-
24	(	-	-	-	-
25	سلول‌ها	-	-	-	-
26	بعد‌از	-	-	-	-
27	پایان	-	-	-	-
28	عمر	-	-	-	-
29	،	-	-	-	-
30	باید	-	-	-	-
31	با	-	-	-	-
32	سلول‌‌ها	-	-	-	-
33	یی	-	-	-	-
34	جدید	-	-	-	-
35	جایگزین	-	-	-	-
36	شوند	-	-	-	-
37	)	-	-	-	-
38	.	-	-	-	-

0	به	-	-	-	-
1	زبانی	-	-	-	-
2	دیگر	-	-	-	-
3	سلولهای	-	-	-	-
4	یک	-	-	-	-
5	فرد	-	-	-	-
6	سرطانی	-	-	-	-
7	نامیرا	-	-	-	-
8	شده	-	-	-	-
9	و	-	-	-	-
10	در‌مقابل	-	-	-	-
11	مرگ	-	-	-	-
12	خود	-	-	-	-
13	و	-	-	-	-
14	فرمان	-	-	-	-
15	طبیعی	-	-	-	-
16	بدن	-	-	-	-
17	مقاومت	-	-	-	-
18	می‌کنند	-	-	-	-
19	ولی	-	-	-	-
20	فرد	-	-	-	-
21	سرطانی	-	-	-	-
22	فردی	-	-	-	-
23	زنده	-	-	-	-
24	است	-	-	-	-
25	با	-	-	-	-
26	اینکه	-	-	-	-
27	برخی	-	-	-	-
28	از	-	-	-	-
29	اعضای	-	-	-	-
30	بدنش	-	-	-	-
31	درست	-	-	-	-
32	کار	-	-	-	-
33	نمی‌‌کند	-	-	-	-
34	.	-	-	-	-

0	زندگی	-	-	-	-
1	ممکن	-	-	-	-
2	است	-	-	-	-
3	به‌خاطر	-	-	-	-
4	سلول‌های	-	-	-	-
5	عصبی	-	-	-	-
6	و	-	-	-	-
7	مغزی	-	-	-	-
8	باشد	-	-	-	-
9	که	-	-	-	-
10	در	-	-	-	-
11	طول	-	-	-	-
12	زندگی	-	-	-	-
13	جایگزین	-	-	-	-
14	نمی‌شوند	-	-	-	-
15	و	-	-	-	-
16	فقط	-	-	-	-
17	رشد	-	-	-	-
18	می‌کنند	-	-	-	-
19	و	-	-	-	-
20	می‌دانیم	-	-	-	-
21	که	-	-	-	-
22	اگر	-	-	-	-
23	فردی	-	-	-	-
24	اعضای	-	-	-	-
25	بدنش	-	-	-	-
26	را	-	-	-	-
27	اهدا	-	-	-	-
28	کند	-	-	-	-
29	خودش	-	-	-	-
30	باقی	-	-	-	-
31	میماند	-	-	-	-
32	و	-	-	-	-
33	از	-	-	-	-
34	خودش	-	-	-	-
35	کم	-	-	-	-
36	نمی‌شود	-	-	-	-
37	ولی	-	-	-	-
38	کسی	-	-	-	-
39	نمی‌تواند	-	-	-	-
40	مغزش	-	-	-	-
41	را	-	-	-	-
42	عوض	-	-	-	-
43	کند	-	-	-	-
44	.	-	-	-	-

0	به	-	-	-	-
1	تعریفی	-	-	-	-
2	دیگر	-	-	-	-
3	حیات	-	-	-	-
4	نحوهٔ	-	-	-	-
5	خاص	-	-	-	-
6	از	-	-	-	-
7	هستی	-	-	-	-
8	است	-	-	-	-
9	که	-	-	-	-
10	مبدأ	-	-	-	-
11	ظهور	-	-	-	-
12	علم	-	-	-	-
13	و	-	-	-	-
14	قدرت	-	-	-	-
15	شده	-	-	-	-
16	و	-	-	-	-
17	عامل	-	-	-	-
18	هماهنگ‌کننده	-	-	-	-
19	«	-	-	-	-
20	اندیشه	-	-	-	-
21	علمی	-	-	-	-
22	»	-	-	-	-
23	و	-	-	-	-
24	«	-	-	-	-
25	انگیزه	-	-	-	-
26	عملی	-	-	-	-
27	»	-	-	-	-
28	است	-	-	-	-
29	،	-	-	-	-
30	به‌طوری	-	-	-	-
31	که	-	-	-	-
32	اندیشه	-	-	-	-
33	علمی	-	-	-	-
34	بر	-	-	-	-
35	انگیزه	-	-	-	-
36	عملی	-	-	-	-
37	اشراف	-	-	-	-
38	و	-	-	-	-
39	نظارت	-	-	-	-
40	داشته	-	-	-	-
41	و	-	-	-	-
42	انگیزه	-	-	-	-
43	عملی	-	-	-	-
44	تحت	-	-	-	-
45	هدایت	-	-	-	-
46	اندیشه	-	-	-	-
47	علمی	-	-	-	-
48	،	-	-	-	-
49	به‌صورت	-	-	-	-
50	کوشش	-	-	-	-
51	عینی	-	-	-	-
52	ظهور	-	-	-	-
53	یابد	-	-	-	-
54	.	-	-	-	-

