0	﻿مقام	﻿مقا	﻿مقام	-
1	معظم	معظ	معظم	-
2	رهبری	رهبر	رهبر	-
3	در	در	در	-
4	دیدار	دیدار	دیدار	-
5	رئیس	رئیس	رئیس	-
6	و	و	و	-
7	مسئولان	مسئول	مسئول	-
8	سازمان	ساز	سازمان	-
9	پدافند	پدافند	پدافند	-
10	غیرعامل	غیرعامل	غیرعامل	-
11	اظهار	اظهار	اظهار	-
12	داشتند	داشتند	داشت#دار	-
13	:	:	:	-
9	پدافند	پدافند	پدافند	-
10	غیرعامل	غیرعامل	غیرعامل	-
3	در	در	در	-
17	مقابل	مقابل	مقابل	-
18	تهاجم	تهاج	تهاجم	-
19	دشمنان	دشمن	دشمن	-
20	علمی	علم	علم	-
21	،	،	،	-
22	جدی	جد	جدی	-
6	و	و	و	-
24	همه‌جانبه	همه‌جانبه	همه‌جانبه	-
25	باشد	باشد	بود#باش	-
26	.	.	.	-
27	به	به	به	-
28	گزارش	گزار	گزارش	-
29	پایگاه	پایگاه	پایگاه	-
30	اطلاع‌رسانی	اطلاع‌رسان	اطلاع‌رسانی	-
31	دفتر	دف	دفتر	-
32	حفظ	حفظ	حفظ	-
6	و	و	و	-
34	نشر	نشر	نشر	-
35	آثار	آثار	آثار	-
36	رهبر	رهبر	رهبر	-
1	معظم	معظ	معظم	-
38	انقلاب	انقلاب	انقلاب	-
21	،	،	،	-
40	حضرت	حضر	حضرت	-
41	آیت	آ	آیت	-
42	الله	الله	الله	-
43	خامنه‌ای	خامنه	خامنه	-
36	رهبر	رهبر	رهبر	-
1	معظم	معظ	معظم	-
38	انقلاب	انقلاب	انقلاب	-
47	اسلامی	اسلام	اسلام	-
48	ظهر	ظهر	ظهر	-
49	امروز	امروز	امروز	-
50	(	(	(	-
51	یکشنبه	یکشنبه	یکشنبه	-
52	۶	۶	۶	-
53	آبان	آب	آبان	-
54	)	)	)	-
3	در	در	در	-
56	این	این	این	-
4	دیدار	دیدار	دیدار	-
58	با	با	با	-
59	اشاره	اشاره	اشاره	-
27	به	به	به	-
61	اهمیت	اهم	اهمیت	-
62	روزافزون	روزافزون	روزافزون	-
9	پدافند	پدافند	پدافند	-
10	غیرعامل	غیرعامل	غیرعامل	-
3	در	در	در	-
66	مقابله	مقابله	مقابله	-
58	با	با	با	-
68	تهدیدهای	تهدید	تهدید	-
69	نو	نو	نو	-
70	شونده	شونده	شونده	-
19	دشمنان	دشمن	دشمن	-
21	،	،	،	-
73	تأکید	تأکید	تأکید	-
74	کردند	کردند	کرد#کن	-
13	:	:	:	-
3	در	در	در	-
17	مقابل	مقابل	مقابل	-
78	شیوه‌های	شیوه	شیوه	-
79	پیچیده	پیچیده	پیچیده	-
18	تهاجم	تهاج	تهاجم	-
19	دشمنان	دشمن	دشمن	-
21	،	،	،	-
9	پدافند	پدافند	پدافند	-
10	غیرعامل	غیرعامل	غیرعامل	-
85	نیز	نیز	نیز	-
86	باید	باید	باید	-
87	کاملا	کاملا	کاملا	-
88	هوشیار	هوشیار	هوشیار	-
6	و	و	و	-
22	جدی	جد	جدی	-
25	باشد	باشد	بود#باش	-
6	و	و	و	-
27	به	به	به	-
94	صورت	صور	صورت	-
20	علمی	علم	علم	-
21	،	،	،	-
97	دقیق	دقیق	دقیق	-
21	،	،	،	-
99	به‌روز	به‌روز	به‌روز	-
6	و	و	و	-
24	همه‌جانبه	همه‌جانبه	همه‌جانبه	-
102	عمل	عمل	عمل	-
6	و	و	و	-
58	با	با	با	-
105	هرگونه	هرگونه	هرگونه	-
106	نفوذ	نفوذ	نفوذ	-
66	مقابله	مقابله	مقابله	-
108	کند	کند	کند	-
26	.	.	.	-
40	حضرت	حضر	حضرت	-
41	آیت	آ	آیت	-
42	الله	الله	الله	-
43	خامنه‌ای	خامنه	خامنه	-
114	توجه	توجه	توجه	-
7	مسئولان	مسئول	مسئول	-
3	در	در	در	-
117	همه	همه	همه	-
118	بخشها	بخش	بخش	-
27	به	به	به	-
61	اهمیت	اهم	اهمیت	-
9	پدافند	پدافند	پدافند	-
10	غیرعامل	غیرعامل	غیرعامل	-
123	را	را	را	-
124	لازم	لاز	لازم	-
125	دانستند	دانستند	دانست#دان	-
6	و	و	و	-
127	افزودند	افزودند	افزود#افزا	-
13	:	:	:	-
129	اگر	اگر	اگر	-
130	مدیران	مدیر	مدیر	-
131	کشور	کشور	کشور	-
61	اهمیت	اهم	اهمیت	-
56	این	این	این	-
134	مسئله	مسئله	مسئله	-
123	را	را	را	-
136	درک	درک	درک	-
137	نکنند	نکنند	کرد#کن	-
6	و	و	و	-
9	پدافند	پدافند	پدافند	-
10	غیرعامل	غیرعامل	غیرعامل	-
27	به	به	به	-
142	طور	طور	طور	-
143	شایسته	شایسته	شایسته	-
144	توسعه	توسعه	توسعه	-
145	پیدا	پیدا	پیدا	-
146	نکند	نکند	کرد#کن	-
21	،	،	،	-
131	کشور	کشور	کشور	-
3	در	در	در	-
150	معرض	معرض	معرض	-
68	تهدیدهای	تهدید	تهدید	-
152	بعضا	بعضا	بعضا	-
153	غیرقابل	غیرقابل	غیرقابل	-
154	جبران	جبر	جبران	-
155	قرار	قرار	قرار	-
156	خواهد_گرفت	خواهد_گرف	گرفت#گیر	-
21	،	،	،	-
158	بنابراین	بنابراین	بنابراین	-
7	مسئولان	مسئول	مسئول	-
160	بخش‌های	بخش	بخش	-
161	مختلف	مختلف	مختلف	-
131	کشور	کشور	کشور	-
163	چه	چه	چه	-
164	بخشهای	بخش	بخش	-
165	نظامی	نظام	نظام	-
6	و	و	و	-
163	چه	چه	چه	-
164	بخشهای	بخش	بخش	-
169	غیرنظامی	غیرنظام	غیرنظامی	-
21	،	،	،	-
86	باید	باید	باید	-
58	با	با	با	-
9	پدافند	پدافند	پدافند	-
10	غیرعامل	غیرعامل	غیرعامل	-
175	همکاری	همکار	همکار	-
176	کامل	کامل	کامل	-
6	و	و	و	-
124	لازم	لاز	لازم	-
179	انجام	انجا	انجام	-
180	دهند	دهند	داد#ده	-
26	.	.	.	-
182	ایران	ایر	ایران	-
6	و	و	و	-
184	اتحادیه	اتحادیه	اتحادیه	-
185	اروپا	اروپا	اروپا	-
186	برای	برا	برای	-
187	رونمایی	رونما	رونما	-
188	از	از	از	-
189	یک	یک	یک	-
190	تونل	تونل	تونل	-
191	مالی	مال	مالی	-
192	ویژه‌	ویژه	ویژه	-
21	،	،	،	-
58	با	با	با	-
195	هدف	هدف	هدف	-
196	خنثی‌سازی	خنثی‌ساز	خنثی‌سازی	-
197	اثر	اثر	اثر	-
198	تحریم‌های	تحریم	تحریم	-
199	آمریکا	آمریکا	آمریکا	-
6	و	و	و	-
201	هموار	هموار	هموار	-
202	شدن	شدن	شدن	-
203	راه	راه	راه	-
204	تجارت	تجار	تجارت	-
205	بین	بین	بین	-
206	کشورمان	کشور	کشور	-
58	با	با	با	-
208	جهان	جه	جهان	-
209	آماده	آماده	آماده	-
210	می‌شوند	می‌شوند	شد#شو	-
26	.	.	.	-
212	ایجاد	ایجاد	ایجاد	-
213	کانال	کانال	کانال	-
214	ویژه	ویژه	ویژه	-
191	مالی	مال	مالی	-
185	اروپا	اروپا	اروپا	-
217	یکی	یک	یک	-
188	از	از	از	-
219	گام‌های	گام	گام	-
220	عملی	عمل	عملی	-
186	برای	برا	برای	-
32	حفظ	حفظ	حفظ	-
223	برجام	برجا	برجا	-
6	و	و	و	-
225	بهره‌مندی	بهره‌مند	بهره‌مندی	-
182	ایران	ایر	ایران	-
188	از	از	از	-
228	منافع	منافع	منافع	-
229	اقتصادی	اقتصاد	اقتصاد	-
230	آن	آن	آن	-
231	ازجمله	ازجمله	ازجمله	-
232	ایمن	ایمن	ایمن	-
233	ماندن	ماندن	ماندن	-
234	مسیر	مسیر	مسیر	-
235	فروش	فرو	فروش	-
236	نفت	نف	نفت	-
6	و	و	و	-
238	دیگر	دیگر	دیگر	-
239	کالاهای	کالا	کالا	-
240	صادراتی	صادرات	صادرات	-
27	به	به	به	-
185	اروپا	اروپا	اروپا	-
6	و	و	و	-
244	البته	البته	البته	-
245	سایر	سایر	سایر	-
246	کشورها	کشور	کشور	-
247	به‌شمار	به‌شمار	به‌شمار	-
248	می‌رود	می‌رود	رفت#رو	-
6	و	و	و	-
155	قرار	قرار	قرار	-
251	است	اس	#است	-
252	مبنای	مبنا	مبنا	-
253	رد	رد	رد	-
6	و	و	و	-
255	بدل	بدل	بدل	-
191	مالی	مال	مالی	-
3	در	در	در	-
56	این	این	این	-
213	کانال	کانال	کانال	-
214	ویژه	ویژه	ویژه	-
261	براساس	براساس	براساس	-
262	یورو	یورو	یورو	-
6	و	و	و	-
264	نه	نه	نه	-
265	دلار	دلار	دلار	-
94	صورت	صور	صورت	-
267	گیرد	گیرد	گرفت#گیر	-
26	.	.	.	-
269	به‌گزارش	به‌گزار	به‌گزارش	-
270	همشهری	همشهر	همشهری	-
21	،	،	،	-
272	عبدالناصر	عبدالناصر	عبدالناصر	-
273	همتی	همت	همت	-
21	،	،	،	-
275	رئیس‌کل	رئیس‌کل	رئیس‌کل	-
276	بانک	بانک	بانک	-
277	مرکزی	مرکز	مرکزی	-
182	ایران	ایر	ایران	-
3	در	در	در	-
280	تازه‌ترین	تازه	تازه	-
281	واکنش	واکن	واکنش	-
27	به	به	به	-
56	این	این	این	-
284	موضوع	موضوع	موضوع	-
285	گفته_است	گفته_اس	گفت#گو	-
286	جزئیات	جزئ	جزئیات	-
6	و	و	و	-
288	نحوه	نحوه	نحوه	-
289	استفاده	استفاده	استفاده	-
188	از	از	از	-
213	کانال	کانال	کانال	-
214	ویژه	ویژه	ویژه	-
191	مالی	مال	مالی	-
185	اروپا	اروپا	اروپا	-
295	هفته	هفته	هفته	-
296	آینده	آینده	آینده	-
3	در	در	در	-
298	جریان	جر	جریان	-
189	یک	یک	یک	-
300	نشست	نشس	نشست	-
301	که	که	که	-
3	در	در	در	-
303	شهر	شهر	شهر	-
304	بروکسل	بروکسل	بروکسل	-
305	بلژیک	بلژیک	بلژیک	-
21	،	،	،	-
307	مقر	مقر	مقر	-
184	اتحادیه	اتحادیه	اتحادیه	-
185	اروپا	اروپا	اروپا	-
310	برگزار	برگزار	برگزار	-
311	می‌شود	می‌شود	شد#شو	-
21	،	،	،	-
313	نهایی	ن	نهایی	-
314	خواهد_شد	خواهد_شد	شد#شو	-
26	.	.	.	-
316	او	او	او	-
317	وعده	وعده	وعده	-
318	داده	داده	داده	-
286	جزئیات	جزئ	جزئیات	-
56	این	این	این	-
213	کانال	کانال	کانال	-
322	ضد‌تحریم	ضد‌تحر	ضد‌تحریم	-
323	به‌زودی	به‌زود	به‌زودی	-
324	اعلام	اعلا	اعلام	-
314	خواهد_شد	خواهد_شد	شد#شو	-
26	.	.	.	-
27	به	به	به	-
328	گفته	گفته	گفته	-
56	این	این	این	-
330	مقام	مقا	مقام	-
331	ارشد	ارشد	ارشد	-
276	بانک	بانک	بانک	-
277	مرکزی	مرکز	مرکزی	-
21	،	،	،	-
286	جزئیات	جزئ	جزئیات	-
56	این	این	این	-
213	کانال	کانال	کانال	-
295	هفته	هفته	هفته	-
296	آینده	آینده	آینده	-
205	بین	بین	بین	-
182	ایران	ایر	ایران	-
6	و	و	و	-
185	اروپا	اروپا	اروپا	-
344	مورد	مورد	مورد	-
345	بررسی	بررس	بررسی	-
313	نهایی	ن	نهایی	-
155	قرار	قرار	قرار	-
348	می‌گیرد	می‌گیرد	گرفت#گیر	-
6	و	و	و	-
195	هدف	هدف	هدف	-
351	نخست	نخس	نخست	-
230	آن	آن	آن	-
353	رفع	رفع	رفع	-
354	مشکلات	مشکل	مشکلات	-
355	مربوط	مربوط	مربوط	-
27	به	به	به	-
179	انجام	انجا	انجام	-
358	پرداخت‌های	پرداخت	پرداخت	-
191	مالی	مال	مالی	-
251	است	اس	#است	-
26	.	.	.	-
316	او	او	او	-
3	در	در	در	-
364	صفحه	صفحه	صفحه	-
365	اینستاگرام	اینستاگرا	اینستاگرام	-
366	خود	خود	خود	-
367	نوشته_است	نوشته_اس	نوشت#نویس	-
13	:	:	:	-
213	کانال	کانال	کانال	-
214	ویژه	ویژه	ویژه	-
191	مالی	مال	مالی	-
185	اروپا	اروپا	اروپا	-
21	،	،	،	-
374	نقش	نق	نقش	-
375	نوعی	نوع	نوع	-
376	پیمان	پ	پیمان	-
377	پولی	پول	پول	-
378	دوجانبه	دوجانبه	دوجانبه	-
379	میان	م	میان	-
182	ایران	ایر	ایران	-
6	و	و	و	-
184	اتحادیه	اتحادیه	اتحادیه	-
185	اروپا	اروپا	اروپا	-
123	را	را	را	-
385	ایفا	ایفا	ایفا	-
386	خواهد_کرد	خواهد_کرد	کرد#کن	-
6	و	و	و	-
388	هر	هر	هر	-
389	دو	دو	دو	-
390	طرف	طرف	طرف	-
391	بر	بر	بر	-
392	تسریع	تسریع	تسریع	-
3	در	در	در	-
394	عملیاتی	عملیات	عملیاتی	-
202	شدن	شدن	شدن	-
56	این	این	این	-
397	فرایند	فرایند	فرایند	-
73	تأکید	تأکید	تأکید	-
399	دارند	دارند	داشت#دار	-
26	.	.	.	-
401	پیش‌تر	پیش	پیش	-
3	در	در	در	-
295	هفته	هفته	هفته	-
351	نخست	نخس	نخست	-
405	مهرماه	مهرماه	مهرماه	-
406	فدریکا	فدریکا	فدریکا	-
407	موگرینی	موگرین	موگرینی	-
21	،	،	،	-
409	مسئول	مسئول	مسئول	-
410	سیاست	سیاس	سیاست	-
411	خارجی	خارج	خارج	-
184	اتحادیه	اتحادیه	اتحادیه	-
185	اروپا	اروپا	اروپا	-
21	،	،	،	-
415	قول	قول	قول	-
416	داده_بود	داده_بود	داد#ده	-
301	که	که	که	-
213	کانال	کانال	کانال	-
214	ویژه	ویژه	ویژه	-
191	مالی	مال	مالی	-
185	اروپا	اروپا	اروپا	-
422	تا	تا	تا	-
423	قبل	قبل	قبل	-
188	از	از	از	-
425	۱۰	۱۰	۱۰	-
53	آبان	آب	آبان	-
427	یعنی	یعن	یعنی	-
428	چند	چند	چند	-
429	روز	روز	روز	-
430	مانده	مانده	مانده	-
27	به	به	به	-
432	اعمال	اعمال	اعمال	-
433	مرحله	مرحله	مرحله	-
434	دوم	دو	دوم	-
198	تحریم‌های	تحریم	تحریم	-
436	یکجانبه	یکجانبه	یکجانبه	-
6	و	و	و	-
438	فراسرزمینی	فراسرزمین	فراسرزمینی	-
199	آمریکا	آمریکا	آمریکا	-
440	علیه	علیه	علیه	-
182	ایران	ایر	ایران	-
212	ایجاد	ایجاد	ایجاد	-
443	شود	شود	شد#شو	-
26	.	.	.	-
212	ایجاد	ایجاد	ایجاد	-
213	کانال	کانال	کانال	-
214	ویژه	ویژه	ویژه	-
191	مالی	مال	مالی	-
391	بر	بر	بر	-
252	مبنای	مبنا	مبنا	-
451	الگوی	الگو	الگو	-
376	پیمان	پ	پیمان	-
378	دوجانبه	دوجانبه	دوجانبه	-
377	پولی	پول	پول	-
27	به	به	به	-
56	این	این	این	-
457	معناست	معناس	معناست	-
301	که	که	که	-
205	بین	بین	بین	-
182	ایران	ایر	ایران	-
461	به‌عنوان	به‌عنو	به‌عنوان	-
131	کشور	کشور	کشور	-
463	صادرکننده	صادرکننده	صادرکننده	-
236	نفت	نف	نفت	-
6	و	و	و	-
245	سایر	سایر	سایر	-
467	کالاها	کالا	کالا	-
6	و	و	و	-
131	کشور	کشور	کشور	-
470	خریدار	خریدار	خریدار	-
21	،	،	،	-
472	پول	پول	پول	-
473	ملی	مل	ملی	-
474	۲کشور	۲کشور	۲کشور	-
252	مبنای	مبنا	مبنا	-
102	عمل	عمل	عمل	-
477	تسویه‌حساب	تسویه‌حساب	تسویه‌حساب	-
155	قرار	قرار	قرار	-
348	می‌گیرد	می‌گیرد	گرفت#گیر	-
480	اما	اما	اما	-
481	پیش	پ	پیش	-
188	از	از	از	-
56	این	این	این	-
324	اعلام	اعلا	اعلام	-
485	شده_بود	شده_بود	شد#شو	-
301	که	که	که	-
487	سازوکار	سازوکار	سازوکار	-
191	مالی	مال	مالی	-
489	پیشنهادشده	پیشنهادشده	پیشنهادشده	-
188	از	از	از	-
491	سوی	سو	سو	-
185	اروپا	اروپا	اروپا	-
391	بر	بر	بر	-
252	مبنای	مبنا	مبنا	-
262	یورو	یورو	یورو	-
496	به‌معنای	به‌معنا	به‌معنای	-
497	واحد	واحد	واحد	-
377	پولی	پول	پول	-
56	این	این	این	-
500	قاره	قاره	قاره	-
501	خواهد_بود	خواهد_بود	بود#باش	-
6	و	و	و	-
503	اجرایی	اجرا	اجرایی	-
202	شدن	شدن	شدن	-
230	آن	آن	آن	-
506	مستلزم	مستلز	مستلزم	-
175	همکاری	همکار	همکار	-
508	بانک‌های	بانک	بانک	-
277	مرکزی	مرکز	مرکزی	-
182	ایران	ایر	ایران	-
58	با	با	با	-
238	دیگر	دیگر	دیگر	-
508	بانک‌های	بانک	بانک	-
277	مرکزی	مرکز	مرکزی	-
515	اروپاست	اروپاس	اروپاست	-
26	.	.	.	-
517	ایرنا	ایرنا	ایرنا	-
28	گزارش	گزار	گزارش	-
318	داده	داده	داده	-
3	در	در	در	-
521	قالب	قالب	قالب	-
487	سازوکار	سازوکار	سازوکار	-
191	مالی	مال	مالی	-
524	پیشنهادی	پیشنهاد	پیشنهاد	-
185	اروپا	اروپا	اروپا	-
21	،	،	،	-
182	ایران	ایر	ایران	-
528	می‌تواند	می‌تواند	توانست#توان	-
467	کالاها	کالا	کالا	-
231	ازجمله	ازجمله	ازجمله	-
236	نفت	نف	نفت	-
6	و	و	و	-
533	فرآورده‌های	فرآورده	فرآورده	-
534	نفتی	نفت	نفت	-
123	را	را	را	-
27	به	به	به	-
185	اروپا	اروپا	اروپا	-
538	صادر	صادر	صادر	-
6	و	و	و	-
3	در	در	در	-
541	قبال	قبال	قبال	-
230	آن	آن	آن	-
467	کالاها	کالا	کالا	-
6	و	و	و	-
545	خدمات	خد	خدمات	-
546	موردنیاز	موردنیاز	موردنیاز	-
123	را	را	را	-
188	از	از	از	-
549	کشورهای	کشور	کشور	-
550	اروپایی	اروپا	اروپایی	-
551	خریداری	خریدار	خریدار	-
108	کند	کند	کند	-
6	و	و	و	-
554	تهاتر	ت	تهاتر	-
555	دریافت	دریاف	دریافت	-
6	و	و	و	-
557	پرداخت‌ها	پرداخت	پرداخت	-
205	بین	بین	بین	-
508	بانک‌های	بانک	بانک	-
277	مرکزی	مرکز	مرکزی	-
6	و	و	و	-
264	نه	نه	نه	-
563	شبکه	شبکه	شبکه	-
564	بانکی	بانک	بانک	-
94	صورت	صور	صورت	-
566	می‌پذیرد	می‌پذیرد	پذیرفت#پذیر	-
26	.	.	.	-
568	«	«	«	-
569	آلبرت	آلبر	آلبرت	-
570	بغزیان	بغز	بغزیان	-
571	»	»	»	-
572	استاد	استاد	استاد	-
573	اقتصاد	اقتصاد	اقتصاد	-
574	دانشگاه	دانشگاه	دانشگاه	-
575	تهران	تهر	تهران	-
576	می‌گوید	می‌گوید	گفت#گو	-
13	:	:	:	-
129	اگر	اگر	اگر	-
185	اروپا	اروپا	اروپا	-
580	بخواهد	بخواهد	خواست#خواه	-
6	و	و	و	-
188	از	از	از	-
199	آمریکا	آمریکا	آمریکا	-
584	ترس	ترس	ترس	-
585	نداشته_باشد	نداشته_باشد	داشت#دار	-
21	،	،	،	-
587	به‌راحتی	به‌راحت	به‌راحتی	-
528	می‌تواند	می‌تواند	توانست#توان	-
56	این	این	این	-
213	کانال	کانال	کانال	-
591	ارتباط	ارتباط	ارتباط	-
191	مالی	مال	مالی	-
593	یورویی	یورو	یورو	-
123	را	را	را	-
58	با	با	با	-
182	ایران	ایر	ایران	-
597	برقرار	برقرار	برقرار	-
108	کند	کند	کند	-
599	؛	؛	؛	-
600	چون	چون	چون	-
601	حساب‌ها	حساب	حساب	-
391	بر	بر	بر	-
603	پایه	پایه	پایه	-
262	یورو	یورو	یورو	-
605	نگهداری	نگهدار	نگهداری	-
311	می‌شود	می‌شود	شد#شو	-
21	،	،	،	-
587	به‌راحتی	به‌راحت	به‌راحتی	-
609	می‌توان	می‌تو	می‌توان	-
610	درآمد	درآمد	درآمد	-
611	حاصل	حاصل	حاصل	-
188	از	از	از	-
613	صادرات	صادر	صادرات	-
182	ایران	ایر	ایران	-
123	را	را	را	-
58	با	با	با	-
617	واردات	وارد	واردات	-
467	کالاها	کالا	کالا	-
6	و	و	و	-
545	خدمات	خد	خدمات	-
188	از	از	از	-
622	حوزه	حوزه	حوزه	-
185	اروپا	اروپا	اروپا	-
554	تهاتر	ت	تهاتر	-
625	کرد	کرد	کرد#کن	-
26	.	.	.	-
627	عباس	عباس	عباس	-
628	هشی	هش	هشی	-
21	،	،	،	-
630	کارشناس	کارشناس	کارشناس	-
229	اقتصادی	اقتصاد	اقتصاد	-
632	هم	ه	هم	-
633	توضیح	توضیح	توضیح	-
634	می‌دهد	می‌دهد	داد#ده	-
56	این	این	این	-
213	کانال	کانال	کانال	-
593	یورویی	یورو	یورو	-
638	اختراع	اختراع	اختراع	-
639	جدیدی	جدید	جدید	-
640	نیست	نیس	نیست	-
6	و	و	و	-
642	عملکرد	عملکرد	عملکرد	-
230	آن	آن	آن	-
644	همچون	همچون	همچون	-
645	اتاق‌های	اتاق	اتاق	-
646	تسویه	تسویه	تسویه	-
647	پایاپای	پایاپا	پایاپای	-
3	در	در	در	-
649	زمان	ز	زمان	-
650	جنگ	جنگ	جنگ	-
651	تحمیلی	تحمیل	تحمیل	-
501	خواهد_بود	خواهد_بود	بود#باش	-
26	.	.	.	-
654	معاون	معاون	معاون	-
655	بین‌الملل	بین‌الملل	بین‌الملل	-
276	بانک	بانک	بانک	-
277	مرکزی	مرکز	مرکزی	-
576	می‌گوید	می‌گوید	گفت#گو	-
13	:	:	:	-
660	آمریکایی‌ها	آمریکایی	آمریکایی	-
481	پیش	پ	پیش	-
188	از	از	از	-
663	١٣	١٣	١٣	-
53	آبان	آب	آبان	-
665	هرچه	هرچه	هرچه	-
3	در	در	در	-
667	توان	تو	توان	-
12	داشتند	داشتند	داشت#دار	-
21	،	،	،	-
179	انجام	انجا	انجام	-
671	دادند	دادند	داد#ده	-
480	اما	اما	اما	-
58	با	با	با	-
674	برنامه‌ریزی‌ها	برنامه‌ریزی	برنامه‌ریزی	-
21	،	،	،	-
676	تلاش	تلا	تلاش	-
677	داریم	دار	داشت#دار	-
678	هزینه‌های	هزینه	هزینه	-
679	تحریم	تحر	تحریم	-
123	را	را	را	-
681	کاهش	کاه	کاهش	-
318	داده	داده	داده	-
6	و	و	و	-
684	اجازه	اجازه	اجازه	-
685	ندهیم	نده	داد#ده	-
298	جریان	جر	جریان	-
687	تجاری	تجار	تجار	-
131	کشور	کشور	کشور	-
689	متوقف	متوقف	متوقف	-
443	شود	شود	شد#شو	-
599	؛	؛	؛	-
692	ضمن	ضمن	ضمن	-
693	آنکه	آنکه	آنکه	-
694	اروپایی‌ها	اروپایی	اروپایی	-
27	به	به	به	-
428	چند	چند	چند	-
697	دلیل	دلیل	دلیل	-
698	نمی‌خواهند	نمی‌خواهند	خواست#خواه	-
204	تجارت	تجار	تجارت	-
58	با	با	با	-
182	ایران	ایر	ایران	-
123	را	را	را	-
703	رها	ر	رها	-
704	کنند	کنند	کرد#کن	-
26	.	.	.	-
261	براساس	براساس	براساس	-
324	اعلام	اعلا	اعلام	-
276	بانک	بانک	بانک	-
613	صادرات	صادر	صادرات	-
182	ایران	ایر	ایران	-
21	،	،	،	-
712	حسین	حسین	حسین	-
713	یعقوبی	یعقوب	یعقوب	-
714	میاب	میاب	میاب	-
73	تأکید	تأکید	تأکید	-
716	می‌کند	می‌کند	کرد#کن	-
13	:	:	:	-
198	تحریم‌های	تحریم	تحریم	-
719	اخیر	اخیر	اخیر	-
720	مانند	مانند	مانند	-
198	تحریم‌های	تحریم	تحریم	-
8	سازمان	ساز	سازمان	-
723	ملل	ملل	ملل	-
724	گسترده	گسترده	گسترده	-
640	نیست	نیس	نیست	-
6	و	و	و	-
27	به	به	به	-
728	همین	همین	همین	-
697	دلیل	دلیل	دلیل	-
730	ابزارهای	ابزار	ابزار	-
731	بهتری	بهتر	بهتر	-
186	برای	برا	برای	-
66	مقابله	مقابله	مقابله	-
58	با	با	با	-
735	آنها	آن	آن	-
3	در	در	در	-
737	اختیار	اختیار	اختیار	-
677	داریم	دار	داشت#دار	-
26	.	.	.	-
654	معاون	معاون	معاون	-
655	بین‌الملل	بین‌الملل	بین‌الملل	-
276	بانک	بانک	بانک	-
277	مرکزی	مرکز	مرکزی	-
73	تأکید	تأکید	تأکید	-
716	می‌کند	می‌کند	کرد#کن	-
13	:	:	:	-
747	دولت	دول	دولت	-
199	آمریکا	آمریکا	آمریکا	-
749	سعی	سع	سعی	-
750	کرده_است	کرده_اس	کرد#کن	-
58	با	با	با	-
752	خروج	خروج	خروج	-
188	از	از	از	-
223	برجام	برجا	برجا	-
21	،	،	،	-
573	اقتصاد	اقتصاد	اقتصاد	-
182	ایران	ایر	ایران	-
123	را	را	را	-
759	دچار	دچار	دچار	-
760	اختلال	اختلال	اختلال	-
108	کند	کند	کند	-
480	اما	اما	اما	-
763	حضور	حضور	حضور	-
694	اروپایی‌ها	اروپایی	اروپایی	-
6	و	و	و	-
766	تعهداتی	تعهدات	تعهدات	-
301	که	که	که	-
671	دادند	دادند	داد#ده	-
21	،	،	،	-
770	فشار	فشار	فشار	-
123	را	را	را	-
772	کمتر	ک	کمتر	-
625	کرد	کرد	کرد#کن	-
599	؛	؛	؛	-
422	تا	تا	تا	-
776	زمانی	زمان	زمان	-
301	که	که	که	-
694	اروپایی‌ها	اروپایی	اروپایی	-
763	حضور	حضور	حضور	-
399	دارند	دارند	داشت#دار	-
781	معافیت‌های	معافیت	معافیت	-
782	خوب	خوب	خوب	-
783	همچنان	همچن	همچنان	-
784	وجود	وجود	وجود	-
785	خواهد_داشت	خواهد_دا	داشت#دار	-
26	.	.	.	-
713	یعقوبی	یعقوب	یعقوب	-
788	می‌افزاید	می‌افزاید	افزود#افزا	-
13	:	:	:	-
790	تصور	تصور	تصور	-
791	می‌کنم	می‌کن	کرد#کن	-
694	اروپایی‌ها	اروپایی	اروپایی	-
27	به	به	به	-
794	۲دلیل	۲دلیل	۲دلیل	-
323	به‌زودی	به‌زود	به‌زودی	-
796	کنار	کنار	کنار	-
797	نخواهند_رفت	نخواهند_رف	رفت#رو	-
599	؛	؛	؛	-
351	نخست	نخس	نخست	-
800	به‌واسطه	به‌واسطه	به‌واسطه	-
650	جنگ	جنگ	جنگ	-
687	تجاری	تجار	تجار	-
735	آنها	آن	آن	-
58	با	با	با	-
199	آمریکا	آمریکا	آمریکا	-
6	و	و	و	-
434	دوم	دو	دوم	-
808	اینکه	اینکه	اینکه	-
809	به‌دنبال	به‌دنبال	به‌دنبال	-
810	تقویت	تقو	تقویت	-
811	جایگاه	جایگاه	جایگاه	-
185	اروپا	اروپا	اروپا	-
3	در	در	در	-
814	فضای	فضا	فضا	-
573	اقتصاد	اقتصاد	اقتصاد	-
655	بین‌الملل	بین‌الملل	بین‌الملل	-
817	هستند	هستند	#هست	-
26	.	.	.	-
819	رویترز	رویترز	رویترز	-
27	به	به	به	-
821	نقل	نقل	نقل	-
188	از	از	از	-
823	۳دیپلمات	۳دیپل	۳دیپلمات	-
550	اروپایی	اروپا	اروپایی	-
28	گزارش	گزار	گزارش	-
826	داد	داد	داد	-
13	:	:	:	-
213	کانال	کانال	کانال	-
191	مالی	مال	مالی	-
830	یا	یا	یا	-
487	سازوکار	سازوکار	سازوکار	-
184	اتحادیه	اتحادیه	اتحادیه	-
185	اروپا	اروپا	اروپا	-
186	برای	برا	برای	-
835	تسهیل	تسهیل	تسهیل	-
836	پرداخت	پرداخ	پرداخت	-
472	پول	پول	پول	-
838	اقلام	اقلا	اقلام	-
240	صادراتی	صادرات	صادرات	-
182	ایران	ایر	ایران	-
27	به	به	به	-
185	اروپا	اروپا	اروپا	-
58	با	با	با	-
195	هدف	هدف	هدف	-
845	عبور	عبور	عبور	-
188	از	از	از	-
198	تحریم‌های	تحریم	تحریم	-
199	آمریکا	آمریکا	آمریکا	-
21	،	،	،	-
422	تا	تا	تا	-
851	سیزدهم	سیزده	سیزدهم	-
53	آبان	آب	آبان	-
27	به	به	به	-
854	شکل	شکل	شکل	-
855	نمادین	نمادین	نمادین	-
209	آماده	آماده	آماده	-
311	می‌شود	می‌شود	شد#شو	-
480	اما	اما	اما	-
394	عملیاتی	عملیات	عملیاتی	-
202	شدن	شدن	شدن	-
230	آن	آن	آن	-
422	تا	تا	تا	-
863	اوایل	اوایل	اوایل	-
864	زمستان	زمس	زمستان	-
865	سال‌جاری	سال‌جار	سال‌جاری	-
866	طول	طول	طول	-
867	می‌کشد	می‌کشد	کشید#کش	-
26	.	.	.	-
869	وزیر	وزیر	وزیر	-
870	امور	امور	امور	-
229	اقتصادی	اقتصاد	اقتصاد	-
6	و	و	و	-
873	دارایی	دارا	دارایی	-
58	با	با	با	-
875	بیان	ب	بیان	-
808	اینکه	اینکه	اینکه	-
877	تحریمی	تحریم	تحریم	-
301	که	که	که	-
879	می‌خواهند	می‌خواهند	خواست#خواه	-
3	در	در	در	-
881	۱۳	۱۳	۱۳	-
53	آبان	آب	آبان	-
324	اعلام	اعلا	اعلام	-
704	کنند	کنند	کرد#کن	-
885	قبلا	قبلا	قبلا	-
503	اجرایی	اجرا	اجرایی	-
887	کرده‌اند	کرده‌اند	کرد#کن	-
21	،	،	،	-
889	گفت	گف	گفت#گو	-
13	:	:	:	-
891	اولین	اولین	اولین	-
892	برنامه	برنامه	برنامه	-
893	مدنظر	مدنظر	مدنظر	-
21	،	،	،	-
895	تامین	تامین	تامین	-
191	مالی	مال	مالی	-
229	اقتصادی	اقتصاد	اقتصاد	-
6	و	و	و	-
899	دومین	دومین	دومین	-
900	کار	کار	کار	-
901	بهبود	بهبود	بهبود	-
814	فضای	فضا	فضا	-
903	کسب	کسب	کسب	-
6	و	و	و	-
900	کار	کار	کار	-
229	اقتصادی	اقتصاد	اقتصاد	-
188	از	از	از	-
908	طریق	طریق	طریق	-
835	تسهیل	تسهیل	تسهیل	-
910	شرایط	شرایط	شرایط	-
911	گمرکی	گمرک	گمرک	-
251	است	اس	#است	-
26	.	.	.	-
27	به	به	به	-
28	گزارش	گزار	گزارش	-
916	فارس	فارس	فارس	-
21	،	،	،	-
918	فرهاد	فرهاد	فرهاد	-
919	دژپسند	دژپسند	دژپسند	-
869	وزیر	وزیر	وزیر	-
870	امور	امور	امور	-
229	اقتصادی	اقتصاد	اقتصاد	-
6	و	و	و	-
873	دارایی	دارا	دارایی	-
58	با	با	با	-
875	بیان	ب	بیان	-
808	اینکه	اینکه	اینکه	-
877	تحریمی	تحریم	تحریم	-
301	که	که	که	-
879	می‌خواهند	می‌خواهند	خواست#خواه	-
3	در	در	در	-
881	۱۳	۱۳	۱۳	-
53	آبان	آب	آبان	-
324	اعلام	اعلا	اعلام	-
704	کنند	کنند	کرد#کن	-
21	،	،	،	-
885	قبلا	قبلا	قبلا	-
503	اجرایی	اجرا	اجرایی	-
887	کرده‌اند	کرده‌اند	کرد#کن	-
21	،	،	،	-
889	گفت	گف	گفت#گو	-
13	:	:	:	-
3	در	در	در	-
944	وزارت	وزار	وزارت	-
870	امور	امور	امور	-
229	اقتصادی	اقتصاد	اقتصاد	-
6	و	و	و	-
873	دارایی	دارا	دارایی	-
3	در	در	در	-
950	حال	حال	حال	-
951	رصد	رصد	رصد	-
952	برنامه‌های	برنامه	برنامه	-
953	دشمن	دشمن	دشمن	-
6	و	و	و	-
3	در	در	در	-
950	حال	حال	حال	-
957	آماده‌سازی	آماده‌ساز	آماده‌ساز	-
958	بسته‌هایی	بسته	بسته	-
186	برای	برا	برای	-
960	مواجهه	مواجهه	مواجهه	-
58	با	با	با	-
56	این	این	این	-
963	دشمنی‌ها	دشمنی	دشمنی‌ها	-
964	هستیم	هست	#هست	-
26	.	.	.	-
919	دژپسند	دژپسند	دژپسند	-
967	درباره	درباره	درباره	-
952	برنامه‌های	برنامه	برنامه	-
969	اصلی	اصل	اصل	-
366	خود	خود	خود	-
3	در	در	در	-
944	وزارت	وزار	وزارت	-
870	امور	امور	امور	-
229	اقتصادی	اقتصاد	اقتصاد	-
6	و	و	و	-
873	دارایی	دارا	دارایی	-
889	گفت	گف	گفت#گو	-
13	:	:	:	-
979	طبیعی	طبیع	طبیعی	-
251	است	اس	#است	-
301	که	که	که	-
3	در	در	در	-
56	این	این	این	-
910	شرایط	شرایط	شرایط	-
117	همه	همه	همه	-
986	انتظار	انتظار	انتظار	-
399	دارند	دارند	داشت#دار	-
301	که	که	که	-
58	با	با	با	-
114	توجه	توجه	توجه	-
27	به	به	به	-
198	تحریم‌های	تحریم	تحریم	-
953	دشمن	دشمن	دشمن	-
21	،	،	،	-
995	ببینند	ببینند	ببینند	-
996	ما	ما	ما	-
163	چه	چه	چه	-
998	برنامه‌ای	برنامه	برنامه	-
123	را	را	را	-
1000	تدارک	تدارک	تدارک	-
1001	دیدیم	دید	دید#بین	-
26	.	.	.	-
1003	وی	و	وی	-
1004	افزود	افزود	افزود#افزا	-
13	:	:	:	-
891	اولین	اولین	اولین	-
892	برنامه	برنامه	برنامه	-
893	مدنظر	مدنظر	مدنظر	-
21	،	،	،	-
895	تامین	تامین	تامین	-
191	مالی	مال	مالی	-
229	اقتصادی	اقتصاد	اقتصاد	-
251	است	اس	#است	-
26	.	.	.	-
899	دومین	دومین	دومین	-
900	کار	کار	کار	-
901	بهبود	بهبود	بهبود	-
814	فضای	فضا	فضا	-
903	کسب	کسب	کسب	-
6	و	و	و	-
900	کار	کار	کار	-
229	اقتصادی	اقتصاد	اقتصاد	-
188	از	از	از	-
908	طریق	طریق	طریق	-
835	تسهیل	تسهیل	تسهیل	-
910	شرایط	شرایط	شرایط	-
911	گمرکی	گمرک	گمرک	-
251	است	اس	#است	-
26	.	.	.	-
1030	سومین	سومین	سومین	-
900	کار	کار	کار	-
56	این	این	این	-
251	است	اس	#است	-
301	که	که	که	-
1035	بتوانیم	بتوان	توانست#توان	-
1036	سیاست‌های	سیاست	سیاست	-
1037	خصوصی‌سازی	خصوصی‌ساز	خصوصی‌سازی	-
123	را	را	را	-
1039	همان‌طور	همان‌طور	همان‌طور	-
301	که	که	که	-
3	در	در	در	-
1042	اصل	اصل	اصل	-
1043	۴۴	۴۴	۴۴	-
1044	آمده_است	آمده_اس	آمد#آ	-
1045	پیاده	پیاده	پیاده	-
1046	کنیم	کن	کرد#کن	-
6	و	و	و	-
3	در	در	در	-
1049	نهایت	ن	نهایت	-
58	با	با	با	-
1051	الکترونیکی	الکترونیک	الکترونیک	-
1052	کردن	کردن	کردن	-
6	و	و	و	-
1054	ساماندهی	سامانده	ساماندهی	-
1055	مشخص	مشخص	مشخص	-
21	،	،	،	-
58	با	با	با	-
1058	فساد	فساد	فساد	-
66	مقابله	مقابله	مقابله	-
1046	کنیم	کن	کرد#کن	-
1061	چراکه	چراکه	چراکه	-
1058	فساد	فساد	فساد	-
21	،	،	،	-
573	اقتصاد	اقتصاد	اقتصاد	-
123	را	را	را	-
1066	زمین‌گیر	زمین‌گیر	زمین‌گیر	-
716	می‌کند	می‌کند	کرد#کن	-
26	.	.	.	-
1069	امیدوارم	امیدوار	امیدوار	-
3	در	در	در	-
56	این	این	این	-
1072	کارها	کار	کار	-
58	با	با	با	-
175	همکاری	همکار	همکار	-
1075	دیگران	دیگر	دیگر	-
21	،	،	،	-
1077	گام	گا	گام	-
1078	بلندی	بلند	بلند	-
1079	برداریم	بردار	بردار	-
26	.	.	.	-
1081	=======	=======	=======	-
0	﻿مقام	﻿مقا	﻿مقام	-
1	معظم	معظ	معظم	-
2	رهبری	رهبر	رهبر	-
3	در	در	در	-
4	دیدار	دیدار	دیدار	-
5	رئیس	رئیس	رئیس	-
6	و	و	و	-
7	مسئولان	مسئول	مسئول	-
8	سازمان	ساز	سازمان	-
9	پدافند	پدافند	پدافند	-
10	غیرعامل	غیرعامل	غیرعامل	-
11	اظهار	اظهار	اظهار	-
12	داشتند	داشتند	داشت#دار	-
13	:	:	:	-
9	پدافند	پدافند	پدافند	-
10	غیرعامل	غیرعامل	غیرعامل	-
3	در	در	در	-
17	مقابل	مقابل	مقابل	-
18	تهاجم	تهاج	تهاجم	-
19	دشمنان	دشمن	دشمن	-
20	علمی	علم	علم	-
21	،	،	،	-
22	جدی	جد	جدی	-
6	و	و	و	-
24	همه‌جانبه	همه‌جانبه	همه‌جانبه	-
25	باشد	باشد	بود#باش	-
26	.	.	.	-
27	به	به	به	-
28	گزارش	گزار	گزارش	-
29	پایگاه	پایگاه	پایگاه	-
30	اطلاع‌رسانی	اطلاع‌رسان	اطلاع‌رسانی	-
31	دفتر	دف	دفتر	-
32	حفظ	حفظ	حفظ	-
6	و	و	و	-
34	نشر	نشر	نشر	-
35	آثار	آثار	آثار	-
36	رهبر	رهبر	رهبر	-
1	معظم	معظ	معظم	-
38	انقلاب	انقلاب	انقلاب	-
21	،	،	،	-
40	حضرت	حضر	حضرت	-
41	آیت	آ	آیت	-
42	الله	الله	الله	-
43	خامنه‌ای	خامنه	خامنه	-
36	رهبر	رهبر	رهبر	-
1	معظم	معظ	معظم	-
38	انقلاب	انقلاب	انقلاب	-
47	اسلامی	اسلام	اسلام	-
48	ظهر	ظهر	ظهر	-
49	امروز	امروز	امروز	-
50	(	(	(	-
51	یکشنبه	یکشنبه	یکشنبه	-
52	۶	۶	۶	-
53	آبان	آب	آبان	-
54	)	)	)	-
3	در	در	در	-
56	این	این	این	-
4	دیدار	دیدار	دیدار	-
58	با	با	با	-
59	اشاره	اشاره	اشاره	-
27	به	به	به	-
61	اهمیت	اهم	اهمیت	-
62	روزافزون	روزافزون	روزافزون	-
9	پدافند	پدافند	پدافند	-
10	غیرعامل	غیرعامل	غیرعامل	-
3	در	در	در	-
66	مقابله	مقابله	مقابله	-
58	با	با	با	-
68	تهدیدهای	تهدید	تهدید	-
69	نو	نو	نو	-
70	شونده	شونده	شونده	-
19	دشمنان	دشمن	دشمن	-
21	،	،	،	-
73	تأکید	تأکید	تأکید	-
74	کردند	کردند	کرد#کن	-
13	:	:	:	-
3	در	در	در	-
17	مقابل	مقابل	مقابل	-
78	شیوه‌های	شیوه	شیوه	-
79	پیچیده	پیچیده	پیچیده	-
18	تهاجم	تهاج	تهاجم	-
19	دشمنان	دشمن	دشمن	-
21	،	،	،	-
9	پدافند	پدافند	پدافند	-
10	غیرعامل	غیرعامل	غیرعامل	-
85	نیز	نیز	نیز	-
86	باید	باید	باید	-
87	کاملا	کاملا	کاملا	-
88	هوشیار	هوشیار	هوشیار	-
6	و	و	و	-
22	جدی	جد	جدی	-
25	باشد	باشد	بود#باش	-
6	و	و	و	-
27	به	به	به	-
94	صورت	صور	صورت	-
20	علمی	علم	علم	-
21	،	،	،	-
97	دقیق	دقیق	دقیق	-
21	،	،	،	-
99	به‌روز	به‌روز	به‌روز	-
6	و	و	و	-
24	همه‌جانبه	همه‌جانبه	همه‌جانبه	-
102	عمل	عمل	عمل	-
6	و	و	و	-
58	با	با	با	-
105	هرگونه	هرگونه	هرگونه	-
106	نفوذ	نفوذ	نفوذ	-
66	مقابله	مقابله	مقابله	-
108	کند	کند	کند	-
26	.	.	.	-
40	حضرت	حضر	حضرت	-
41	آیت	آ	آیت	-
42	الله	الله	الله	-
43	خامنه‌ای	خامنه	خامنه	-
114	توجه	توجه	توجه	-
7	مسئولان	مسئول	مسئول	-
3	در	در	در	-
117	همه	همه	همه	-
118	بخشها	بخش	بخش	-
27	به	به	به	-
61	اهمیت	اهم	اهمیت	-
9	پدافند	پدافند	پدافند	-
10	غیرعامل	غیرعامل	غیرعامل	-
123	را	را	را	-
124	لازم	لاز	لازم	-
125	دانستند	دانستند	دانست#دان	-
6	و	و	و	-
127	افزودند	افزودند	افزود#افزا	-
13	:	:	:	-
129	اگر	اگر	اگر	-
130	مدیران	مدیر	مدیر	-
131	کشور	کشور	کشور	-
61	اهمیت	اهم	اهمیت	-
56	این	این	این	-
134	مسئله	مسئله	مسئله	-
123	را	را	را	-
136	درک	درک	درک	-
137	نکنند	نکنند	کرد#کن	-
6	و	و	و	-
9	پدافند	پدافند	پدافند	-
10	غیرعامل	غیرعامل	غیرعامل	-
27	به	به	به	-
142	طور	طور	طور	-
143	شایسته	شایسته	شایسته	-
144	توسعه	توسعه	توسعه	-
145	پیدا	پیدا	پیدا	-
146	نکند	نکند	کرد#کن	-
21	،	،	،	-
131	کشور	کشور	کشور	-
3	در	در	در	-
150	معرض	معرض	معرض	-
68	تهدیدهای	تهدید	تهدید	-
152	بعضا	بعضا	بعضا	-
153	غیرقابل	غیرقابل	غیرقابل	-
154	جبران	جبر	جبران	-
155	قرار	قرار	قرار	-
156	خواهد_گرفت	خواهد_گرف	گرفت#گیر	-
21	،	،	،	-
158	بنابراین	بنابراین	بنابراین	-
7	مسئولان	مسئول	مسئول	-
160	بخش‌های	بخش	بخش	-
161	مختلف	مختلف	مختلف	-
131	کشور	کشور	کشور	-
163	چه	چه	چه	-
164	بخشهای	بخش	بخش	-
165	نظامی	نظام	نظام	-
6	و	و	و	-
163	چه	چه	چه	-
164	بخشهای	بخش	بخش	-
169	غیرنظامی	غیرنظام	غیرنظامی	-
21	،	،	،	-
86	باید	باید	باید	-
58	با	با	با	-
9	پدافند	پدافند	پدافند	-
10	غیرعامل	غیرعامل	غیرعامل	-
175	همکاری	همکار	همکار	-
176	کامل	کامل	کامل	-
6	و	و	و	-
124	لازم	لاز	لازم	-
179	انجام	انجا	انجام	-
180	دهند	دهند	داد#ده	-
26	.	.	.	-
182	ایران	ایر	ایران	-
6	و	و	و	-
184	اتحادیه	اتحادیه	اتحادیه	-
185	اروپا	اروپا	اروپا	-
186	برای	برا	برای	-
187	رونمایی	رونما	رونما	-
188	از	از	از	-
189	یک	یک	یک	-
190	تونل	تونل	تونل	-
191	مالی	مال	مالی	-
192	ویژه‌	ویژه	ویژه	-
21	،	،	،	-
58	با	با	با	-
195	هدف	هدف	هدف	-
196	خنثی‌سازی	خنثی‌ساز	خنثی‌سازی	-
197	اثر	اثر	اثر	-
198	تحریم‌های	تحریم	تحریم	-
199	آمریکا	آمریکا	آمریکا	-
6	و	و	و	-
201	هموار	هموار	هموار	-
202	شدن	شدن	شدن	-
203	راه	راه	راه	-
204	تجارت	تجار	تجارت	-
205	بین	بین	بین	-
206	کشورمان	کشور	کشور	-
58	با	با	با	-
208	جهان	جه	جهان	-
209	آماده	آماده	آماده	-
210	می‌شوند	می‌شوند	شد#شو	-
26	.	.	.	-
212	ایجاد	ایجاد	ایجاد	-
213	کانال	کانال	کانال	-
214	ویژه	ویژه	ویژه	-
191	مالی	مال	مالی	-
185	اروپا	اروپا	اروپا	-
217	یکی	یک	یک	-
188	از	از	از	-
219	گام‌های	گام	گام	-
220	عملی	عمل	عملی	-
186	برای	برا	برای	-
32	حفظ	حفظ	حفظ	-
223	برجام	برجا	برجا	-
6	و	و	و	-
225	بهره‌مندی	بهره‌مند	بهره‌مندی	-
182	ایران	ایر	ایران	-
188	از	از	از	-
228	منافع	منافع	منافع	-
229	اقتصادی	اقتصاد	اقتصاد	-
230	آن	آن	آن	-
231	ازجمله	ازجمله	ازجمله	-
232	ایمن	ایمن	ایمن	-
233	ماندن	ماندن	ماندن	-
234	مسیر	مسیر	مسیر	-
235	فروش	فرو	فروش	-
236	نفت	نف	نفت	-
6	و	و	و	-
238	دیگر	دیگر	دیگر	-
239	کالاهای	کالا	کالا	-
240	صادراتی	صادرات	صادرات	-
27	به	به	به	-
185	اروپا	اروپا	اروپا	-
6	و	و	و	-
244	البته	البته	البته	-
245	سایر	سایر	سایر	-
246	کشورها	کشور	کشور	-
247	به‌شمار	به‌شمار	به‌شمار	-
248	می‌رود	می‌رود	رفت#رو	-
6	و	و	و	-
155	قرار	قرار	قرار	-
251	است	اس	#است	-
252	مبنای	مبنا	مبنا	-
253	رد	رد	رد	-
6	و	و	و	-
255	بدل	بدل	بدل	-
191	مالی	مال	مالی	-
3	در	در	در	-
56	این	این	این	-
213	کانال	کانال	کانال	-
214	ویژه	ویژه	ویژه	-
261	براساس	براساس	براساس	-
262	یورو	یورو	یورو	-
6	و	و	و	-
264	نه	نه	نه	-
265	دلار	دلار	دلار	-
94	صورت	صور	صورت	-
267	گیرد	گیرد	گرفت#گیر	-
26	.	.	.	-
269	به‌گزارش	به‌گزار	به‌گزارش	-
270	همشهری	همشهر	همشهری	-
21	،	،	،	-
272	عبدالناصر	عبدالناصر	عبدالناصر	-
273	همتی	همت	همت	-
21	،	،	،	-
275	رئیس‌کل	رئیس‌کل	رئیس‌کل	-
276	بانک	بانک	بانک	-
277	مرکزی	مرکز	مرکزی	-
182	ایران	ایر	ایران	-
3	در	در	در	-
280	تازه‌ترین	تازه	تازه	-
281	واکنش	واکن	واکنش	-
27	به	به	به	-
56	این	این	این	-
284	موضوع	موضوع	موضوع	-
285	گفته_است	گفته_اس	گفت#گو	-
286	جزئیات	جزئ	جزئیات	-
6	و	و	و	-
288	نحوه	نحوه	نحوه	-
289	استفاده	استفاده	استفاده	-
188	از	از	از	-
213	کانال	کانال	کانال	-
214	ویژه	ویژه	ویژه	-
191	مالی	مال	مالی	-
185	اروپا	اروپا	اروپا	-
295	هفته	هفته	هفته	-
296	آینده	آینده	آینده	-
3	در	در	در	-
298	جریان	جر	جریان	-
189	یک	یک	یک	-
300	نشست	نشس	نشست	-
301	که	که	که	-
3	در	در	در	-
303	شهر	شهر	شهر	-
304	بروکسل	بروکسل	بروکسل	-
305	بلژیک	بلژیک	بلژیک	-
21	،	،	،	-
307	مقر	مقر	مقر	-
184	اتحادیه	اتحادیه	اتحادیه	-
185	اروپا	اروپا	اروپا	-
310	برگزار	برگزار	برگزار	-
311	می‌شود	می‌شود	شد#شو	-
21	،	،	،	-
313	نهایی	ن	نهایی	-
314	خواهد_شد	خواهد_شد	شد#شو	-
26	.	.	.	-
316	او	او	او	-
317	وعده	وعده	وعده	-
318	داده	داده	داده	-
286	جزئیات	جزئ	جزئیات	-
56	این	این	این	-
213	کانال	کانال	کانال	-
322	ضد‌تحریم	ضد‌تحر	ضد‌تحریم	-
323	به‌زودی	به‌زود	به‌زودی	-
324	اعلام	اعلا	اعلام	-
314	خواهد_شد	خواهد_شد	شد#شو	-
26	.	.	.	-
27	به	به	به	-
328	گفته	گفته	گفته	-
56	این	این	این	-
330	مقام	مقا	مقام	-
331	ارشد	ارشد	ارشد	-
276	بانک	بانک	بانک	-
277	مرکزی	مرکز	مرکزی	-
21	،	،	،	-
286	جزئیات	جزئ	جزئیات	-
56	این	این	این	-
213	کانال	کانال	کانال	-
295	هفته	هفته	هفته	-
296	آینده	آینده	آینده	-
205	بین	بین	بین	-
182	ایران	ایر	ایران	-
6	و	و	و	-
185	اروپا	اروپا	اروپا	-
344	مورد	مورد	مورد	-
345	بررسی	بررس	بررسی	-
313	نهایی	ن	نهایی	-
155	قرار	قرار	قرار	-
348	می‌گیرد	می‌گیرد	گرفت#گیر	-
6	و	و	و	-
195	هدف	هدف	هدف	-
351	نخست	نخس	نخست	-
230	آن	آن	آن	-
353	رفع	رفع	رفع	-
354	مشکلات	مشکل	مشکلات	-
355	مربوط	مربوط	مربوط	-
27	به	به	به	-
179	انجام	انجا	انجام	-
358	پرداخت‌های	پرداخت	پرداخت	-
191	مالی	مال	مالی	-
251	است	اس	#است	-
26	.	.	.	-
316	او	او	او	-
3	در	در	در	-
364	صفحه	صفحه	صفحه	-
365	اینستاگرام	اینستاگرا	اینستاگرام	-
366	خود	خود	خود	-
367	نوشته_است	نوشته_اس	نوشت#نویس	-
13	:	:	:	-
213	کانال	کانال	کانال	-
214	ویژه	ویژه	ویژه	-
191	مالی	مال	مالی	-
185	اروپا	اروپا	اروپا	-
21	،	،	،	-
374	نقش	نق	نقش	-
375	نوعی	نوع	نوع	-
376	پیمان	پ	پیمان	-
377	پولی	پول	پول	-
378	دوجانبه	دوجانبه	دوجانبه	-
379	میان	م	میان	-
182	ایران	ایر	ایران	-
6	و	و	و	-
184	اتحادیه	اتحادیه	اتحادیه	-
185	اروپا	اروپا	اروپا	-
123	را	را	را	-
385	ایفا	ایفا	ایفا	-
386	خواهد_کرد	خواهد_کرد	کرد#کن	-
6	و	و	و	-
388	هر	هر	هر	-
389	دو	دو	دو	-
390	طرف	طرف	طرف	-
391	بر	بر	بر	-
392	تسریع	تسریع	تسریع	-
3	در	در	در	-
394	عملیاتی	عملیات	عملیاتی	-
202	شدن	شدن	شدن	-
56	این	این	این	-
397	فرایند	فرایند	فرایند	-
73	تأکید	تأکید	تأکید	-
399	دارند	دارند	داشت#دار	-
26	.	.	.	-
401	پیش‌تر	پیش	پیش	-
3	در	در	در	-
295	هفته	هفته	هفته	-
351	نخست	نخس	نخست	-
405	مهرماه	مهرماه	مهرماه	-
406	فدریکا	فدریکا	فدریکا	-
407	موگرینی	موگرین	موگرینی	-
21	،	،	،	-
409	مسئول	مسئول	مسئول	-
410	سیاست	سیاس	سیاست	-
411	خارجی	خارج	خارج	-
184	اتحادیه	اتحادیه	اتحادیه	-
185	اروپا	اروپا	اروپا	-
21	،	،	،	-
415	قول	قول	قول	-
416	داده_بود	داده_بود	داد#ده	-
301	که	که	که	-
213	کانال	کانال	کانال	-
214	ویژه	ویژه	ویژه	-
191	مالی	مال	مالی	-
185	اروپا	اروپا	اروپا	-
422	تا	تا	تا	-
423	قبل	قبل	قبل	-
188	از	از	از	-
425	۱۰	۱۰	۱۰	-
53	آبان	آب	آبان	-
427	یعنی	یعن	یعنی	-
428	چند	چند	چند	-
429	روز	روز	روز	-
430	مانده	مانده	مانده	-
27	به	به	به	-
432	اعمال	اعمال	اعمال	-
433	مرحله	مرحله	مرحله	-
434	دوم	دو	دوم	-
198	تحریم‌های	تحریم	تحریم	-
436	یکجانبه	یکجانبه	یکجانبه	-
6	و	و	و	-
438	فراسرزمینی	فراسرزمین	فراسرزمینی	-
199	آمریکا	آمریکا	آمریکا	-
440	علیه	علیه	علیه	-
182	ایران	ایر	ایران	-
212	ایجاد	ایجاد	ایجاد	-
443	شود	شود	شد#شو	-
26	.	.	.	-
212	ایجاد	ایجاد	ایجاد	-
213	کانال	کانال	کانال	-
214	ویژه	ویژه	ویژه	-
191	مالی	مال	مالی	-
391	بر	بر	بر	-
252	مبنای	مبنا	مبنا	-
451	الگوی	الگو	الگو	-
376	پیمان	پ	پیمان	-
378	دوجانبه	دوجانبه	دوجانبه	-
377	پولی	پول	پول	-
27	به	به	به	-
56	این	این	این	-
457	معناست	معناس	معناست	-
301	که	که	که	-
205	بین	بین	بین	-
182	ایران	ایر	ایران	-
461	به‌عنوان	به‌عنو	به‌عنوان	-
131	کشور	کشور	کشور	-
463	صادرکننده	صادرکننده	صادرکننده	-
236	نفت	نف	نفت	-
6	و	و	و	-
245	سایر	سایر	سایر	-
467	کالاها	کالا	کالا	-
6	و	و	و	-
131	کشور	کشور	کشور	-
470	خریدار	خریدار	خریدار	-
21	،	،	،	-
472	پول	پول	پول	-
473	ملی	مل	ملی	-
474	۲کشور	۲کشور	۲کشور	-
252	مبنای	مبنا	مبنا	-
102	عمل	عمل	عمل	-
477	تسویه‌حساب	تسویه‌حساب	تسویه‌حساب	-
155	قرار	قرار	قرار	-
348	می‌گیرد	می‌گیرد	گرفت#گیر	-
480	اما	اما	اما	-
481	پیش	پ	پیش	-
188	از	از	از	-
56	این	این	این	-
324	اعلام	اعلا	اعلام	-
485	شده_بود	شده_بود	شد#شو	-
301	که	که	که	-
487	سازوکار	سازوکار	سازوکار	-
191	مالی	مال	مالی	-
489	پیشنهادشده	پیشنهادشده	پیشنهادشده	-
188	از	از	از	-
491	سوی	سو	سو	-
185	اروپا	اروپا	اروپا	-
391	بر	بر	بر	-
252	مبنای	مبنا	مبنا	-
262	یورو	یورو	یورو	-
496	به‌معنای	به‌معنا	به‌معنای	-
497	واحد	واحد	واحد	-
377	پولی	پول	پول	-
56	این	این	این	-
500	قاره	قاره	قاره	-
501	خواهد_بود	خواهد_بود	بود#باش	-
6	و	و	و	-
503	اجرایی	اجرا	اجرایی	-
202	شدن	شدن	شدن	-
230	آن	آن	آن	-
506	مستلزم	مستلز	مستلزم	-
175	همکاری	همکار	همکار	-
508	بانک‌های	بانک	بانک	-
277	مرکزی	مرکز	مرکزی	-
182	ایران	ایر	ایران	-
58	با	با	با	-
238	دیگر	دیگر	دیگر	-
508	بانک‌های	بانک	بانک	-
277	مرکزی	مرکز	مرکزی	-
515	اروپاست	اروپاس	اروپاست	-
26	.	.	.	-
517	ایرنا	ایرنا	ایرنا	-
28	گزارش	گزار	گزارش	-
318	داده	داده	داده	-
3	در	در	در	-
521	قالب	قالب	قالب	-
487	سازوکار	سازوکار	سازوکار	-
191	مالی	مال	مالی	-
524	پیشنهادی	پیشنهاد	پیشنهاد	-
185	اروپا	اروپا	اروپا	-
21	،	،	،	-
182	ایران	ایر	ایران	-
528	می‌تواند	می‌تواند	توانست#توان	-
467	کالاها	کالا	کالا	-
231	ازجمله	ازجمله	ازجمله	-
236	نفت	نف	نفت	-
6	و	و	و	-
533	فرآورده‌های	فرآورده	فرآورده	-
534	نفتی	نفت	نفت	-
123	را	را	را	-
27	به	به	به	-
185	اروپا	اروپا	اروپا	-
538	صادر	صادر	صادر	-
6	و	و	و	-
3	در	در	در	-
541	قبال	قبال	قبال	-
230	آن	آن	آن	-
467	کالاها	کالا	کالا	-
6	و	و	و	-
545	خدمات	خد	خدمات	-
546	موردنیاز	موردنیاز	موردنیاز	-
123	را	را	را	-
188	از	از	از	-
549	کشورهای	کشور	کشور	-
550	اروپایی	اروپا	اروپایی	-
551	خریداری	خریدار	خریدار	-
108	کند	کند	کند	-
6	و	و	و	-
554	تهاتر	ت	تهاتر	-
555	دریافت	دریاف	دریافت	-
6	و	و	و	-
557	پرداخت‌ها	پرداخت	پرداخت	-
205	بین	بین	بین	-
508	بانک‌های	بانک	بانک	-
277	مرکزی	مرکز	مرکزی	-
6	و	و	و	-
264	نه	نه	نه	-
563	شبکه	شبکه	شبکه	-
564	بانکی	بانک	بانک	-
94	صورت	صور	صورت	-
566	می‌پذیرد	می‌پذیرد	پذیرفت#پذیر	-
26	.	.	.	-
568	«	«	«	-
569	آلبرت	آلبر	آلبرت	-
570	بغزیان	بغز	بغزیان	-
571	»	»	»	-
572	استاد	استاد	استاد	-
573	اقتصاد	اقتصاد	اقتصاد	-
574	دانشگاه	دانشگاه	دانشگاه	-
575	تهران	تهر	تهران	-
576	می‌گوید	می‌گوید	گفت#گو	-
13	:	:	:	-
129	اگر	اگر	اگر	-
185	اروپا	اروپا	اروپا	-
580	بخواهد	بخواهد	خواست#خواه	-
6	و	و	و	-
188	از	از	از	-
199	آمریکا	آمریکا	آمریکا	-
584	ترس	ترس	ترس	-
585	نداشته_باشد	نداشته_باشد	داشت#دار	-
21	،	،	،	-
587	به‌راحتی	به‌راحت	به‌راحتی	-
528	می‌تواند	می‌تواند	توانست#توان	-
56	این	این	این	-
213	کانال	کانال	کانال	-
591	ارتباط	ارتباط	ارتباط	-
191	مالی	مال	مالی	-
593	یورویی	یورو	یورو	-
123	را	را	را	-
58	با	با	با	-
182	ایران	ایر	ایران	-
597	برقرار	برقرار	برقرار	-
108	کند	کند	کند	-
599	؛	؛	؛	-
600	چون	چون	چون	-
601	حساب‌ها	حساب	حساب	-
391	بر	بر	بر	-
603	پایه	پایه	پایه	-
262	یورو	یورو	یورو	-
605	نگهداری	نگهدار	نگهداری	-
311	می‌شود	می‌شود	شد#شو	-
21	،	،	،	-
587	به‌راحتی	به‌راحت	به‌راحتی	-
609	می‌توان	می‌تو	می‌توان	-
610	درآمد	درآمد	درآمد	-
611	حاصل	حاصل	حاصل	-
188	از	از	از	-
613	صادرات	صادر	صادرات	-
182	ایران	ایر	ایران	-
123	را	را	را	-
58	با	با	با	-
617	واردات	وارد	واردات	-
467	کالاها	کالا	کالا	-
6	و	و	و	-
545	خدمات	خد	خدمات	-
188	از	از	از	-
622	حوزه	حوزه	حوزه	-
185	اروپا	اروپا	اروپا	-
554	تهاتر	ت	تهاتر	-
625	کرد	کرد	کرد#کن	-
26	.	.	.	-
627	عباس	عباس	عباس	-
628	هشی	هش	هشی	-
21	،	،	،	-
630	کارشناس	کارشناس	کارشناس	-
229	اقتصادی	اقتصاد	اقتصاد	-
632	هم	ه	هم	-
633	توضیح	توضیح	توضیح	-
634	می‌دهد	می‌دهد	داد#ده	-
56	این	این	این	-
213	کانال	کانال	کانال	-
593	یورویی	یورو	یورو	-
638	اختراع	اختراع	اختراع	-
639	جدیدی	جدید	جدید	-
640	نیست	نیس	نیست	-
6	و	و	و	-
642	عملکرد	عملکرد	عملکرد	-
230	آن	آن	آن	-
644	همچون	همچون	همچون	-
645	اتاق‌های	اتاق	اتاق	-
646	تسویه	تسویه	تسویه	-
647	پایاپای	پایاپا	پایاپای	-
3	در	در	در	-
649	زمان	ز	زمان	-
650	جنگ	جنگ	جنگ	-
651	تحمیلی	تحمیل	تحمیل	-
501	خواهد_بود	خواهد_بود	بود#باش	-
26	.	.	.	-
654	معاون	معاون	معاون	-
655	بین‌الملل	بین‌الملل	بین‌الملل	-
276	بانک	بانک	بانک	-
277	مرکزی	مرکز	مرکزی	-
576	می‌گوید	می‌گوید	گفت#گو	-
13	:	:	:	-
660	آمریکایی‌ها	آمریکایی	آمریکایی	-
481	پیش	پ	پیش	-
188	از	از	از	-
663	١٣	١٣	١٣	-
53	آبان	آب	آبان	-
665	هرچه	هرچه	هرچه	-
3	در	در	در	-
667	توان	تو	توان	-
12	داشتند	داشتند	داشت#دار	-
21	،	،	،	-
179	انجام	انجا	انجام	-
671	دادند	دادند	داد#ده	-
480	اما	اما	اما	-
58	با	با	با	-
674	برنامه‌ریزی‌ها	برنامه‌ریزی	برنامه‌ریزی	-
21	،	،	،	-
676	تلاش	تلا	تلاش	-
677	داریم	دار	داشت#دار	-
678	هزینه‌های	هزینه	هزینه	-
679	تحریم	تحر	تحریم	-
123	را	را	را	-
681	کاهش	کاه	کاهش	-
318	داده	داده	داده	-
6	و	و	و	-
684	اجازه	اجازه	اجازه	-
685	ندهیم	نده	داد#ده	-
298	جریان	جر	جریان	-
687	تجاری	تجار	تجار	-
131	کشور	کشور	کشور	-
689	متوقف	متوقف	متوقف	-
443	شود	شود	شد#شو	-
599	؛	؛	؛	-
692	ضمن	ضمن	ضمن	-
693	آنکه	آنکه	آنکه	-
694	اروپایی‌ها	اروپایی	اروپایی	-
27	به	به	به	-
428	چند	چند	چند	-
697	دلیل	دلیل	دلیل	-
698	نمی‌خواهند	نمی‌خواهند	خواست#خواه	-
204	تجارت	تجار	تجارت	-
58	با	با	با	-
182	ایران	ایر	ایران	-
123	را	را	را	-
703	رها	ر	رها	-
704	کنند	کنند	کرد#کن	-
26	.	.	.	-
261	براساس	براساس	براساس	-
324	اعلام	اعلا	اعلام	-
276	بانک	بانک	بانک	-
613	صادرات	صادر	صادرات	-
182	ایران	ایر	ایران	-
21	،	،	،	-
712	حسین	حسین	حسین	-
713	یعقوبی	یعقوب	یعقوب	-
714	میاب	میاب	میاب	-
73	تأکید	تأکید	تأکید	-
716	می‌کند	می‌کند	کرد#کن	-
13	:	:	:	-
198	تحریم‌های	تحریم	تحریم	-
719	اخیر	اخیر	اخیر	-
720	مانند	مانند	مانند	-
198	تحریم‌های	تحریم	تحریم	-
8	سازمان	ساز	سازمان	-
723	ملل	ملل	ملل	-
724	گسترده	گسترده	گسترده	-
640	نیست	نیس	نیست	-
6	و	و	و	-
27	به	به	به	-
728	همین	همین	همین	-
697	دلیل	دلیل	دلیل	-
730	ابزارهای	ابزار	ابزار	-
731	بهتری	بهتر	بهتر	-
186	برای	برا	برای	-
66	مقابله	مقابله	مقابله	-
58	با	با	با	-
735	آنها	آن	آن	-
3	در	در	در	-
737	اختیار	اختیار	اختیار	-
677	داریم	دار	داشت#دار	-
26	.	.	.	-
654	معاون	معاون	معاون	-
655	بین‌الملل	بین‌الملل	بین‌الملل	-
276	بانک	بانک	بانک	-
277	مرکزی	مرکز	مرکزی	-
73	تأکید	تأکید	تأکید	-
716	می‌کند	می‌کند	کرد#کن	-
13	:	:	:	-
747	دولت	دول	دولت	-
199	آمریکا	آمریکا	آمریکا	-
749	سعی	سع	سعی	-
750	کرده_است	کرده_اس	کرد#کن	-
58	با	با	با	-
752	خروج	خروج	خروج	-
188	از	از	از	-
223	برجام	برجا	برجا	-
21	،	،	،	-
573	اقتصاد	اقتصاد	اقتصاد	-
182	ایران	ایر	ایران	-
123	را	را	را	-
759	دچار	دچار	دچار	-
760	اختلال	اختلال	اختلال	-
108	کند	کند	کند	-
480	اما	اما	اما	-
763	حضور	حضور	حضور	-
694	اروپایی‌ها	اروپایی	اروپایی	-
6	و	و	و	-
766	تعهداتی	تعهدات	تعهدات	-
301	که	که	که	-
671	دادند	دادند	داد#ده	-
21	،	،	،	-
770	فشار	فشار	فشار	-
123	را	را	را	-
772	کمتر	ک	کمتر	-
625	کرد	کرد	کرد#کن	-
599	؛	؛	؛	-
422	تا	تا	تا	-
776	زمانی	زمان	زمان	-
301	که	که	که	-
694	اروپایی‌ها	اروپایی	اروپایی	-
763	حضور	حضور	حضور	-
399	دارند	دارند	داشت#دار	-
781	معافیت‌های	معافیت	معافیت	-
782	خوب	خوب	خوب	-
783	همچنان	همچن	همچنان	-
784	وجود	وجود	وجود	-
785	خواهد_داشت	خواهد_دا	داشت#دار	-
26	.	.	.	-
713	یعقوبی	یعقوب	یعقوب	-
788	می‌افزاید	می‌افزاید	افزود#افزا	-
13	:	:	:	-
790	تصور	تصور	تصور	-
791	می‌کنم	می‌کن	کرد#کن	-
694	اروپایی‌ها	اروپایی	اروپایی	-
27	به	به	به	-
794	۲دلیل	۲دلیل	۲دلیل	-
323	به‌زودی	به‌زود	به‌زودی	-
796	کنار	کنار	کنار	-
797	نخواهند_رفت	نخواهند_رف	رفت#رو	-
599	؛	؛	؛	-
351	نخست	نخس	نخست	-
800	به‌واسطه	به‌واسطه	به‌واسطه	-
650	جنگ	جنگ	جنگ	-
687	تجاری	تجار	تجار	-
735	آنها	آن	آن	-
58	با	با	با	-
199	آمریکا	آمریکا	آمریکا	-
6	و	و	و	-
434	دوم	دو	دوم	-
808	اینکه	اینکه	اینکه	-
809	به‌دنبال	به‌دنبال	به‌دنبال	-
810	تقویت	تقو	تقویت	-
811	جایگاه	جایگاه	جایگاه	-
185	اروپا	اروپا	اروپا	-
3	در	در	در	-
814	فضای	فضا	فضا	-
573	اقتصاد	اقتصاد	اقتصاد	-
655	بین‌الملل	بین‌الملل	بین‌الملل	-
817	هستند	هستند	#هست	-
26	.	.	.	-
819	رویترز	رویترز	رویترز	-
27	به	به	به	-
821	نقل	نقل	نقل	-
188	از	از	از	-
823	۳دیپلمات	۳دیپل	۳دیپلمات	-
550	اروپایی	اروپا	اروپایی	-
28	گزارش	گزار	گزارش	-
826	داد	داد	داد	-
13	:	:	:	-
213	کانال	کانال	کانال	-
191	مالی	مال	مالی	-
830	یا	یا	یا	-
487	سازوکار	سازوکار	سازوکار	-
184	اتحادیه	اتحادیه	اتحادیه	-
185	اروپا	اروپا	اروپا	-
186	برای	برا	برای	-
835	تسهیل	تسهیل	تسهیل	-
836	پرداخت	پرداخ	پرداخت	-
472	پول	پول	پول	-
838	اقلام	اقلا	اقلام	-
240	صادراتی	صادرات	صادرات	-
182	ایران	ایر	ایران	-
27	به	به	به	-
185	اروپا	اروپا	اروپا	-
58	با	با	با	-
195	هدف	هدف	هدف	-
845	عبور	عبور	عبور	-
188	از	از	از	-
198	تحریم‌های	تحریم	تحریم	-
199	آمریکا	آمریکا	آمریکا	-
21	،	،	،	-
422	تا	تا	تا	-
851	سیزدهم	سیزده	سیزدهم	-
53	آبان	آب	آبان	-
27	به	به	به	-
854	شکل	شکل	شکل	-
855	نمادین	نمادین	نمادین	-
209	آماده	آماده	آماده	-
311	می‌شود	می‌شود	شد#شو	-
480	اما	اما	اما	-
394	عملیاتی	عملیات	عملیاتی	-
202	شدن	شدن	شدن	-
230	آن	آن	آن	-
422	تا	تا	تا	-
863	اوایل	اوایل	اوایل	-
864	زمستان	زمس	زمستان	-
865	سال‌جاری	سال‌جار	سال‌جاری	-
866	طول	طول	طول	-
867	می‌کشد	می‌کشد	کشید#کش	-
26	.	.	.	-
869	وزیر	وزیر	وزیر	-
870	امور	امور	امور	-
229	اقتصادی	اقتصاد	اقتصاد	-
6	و	و	و	-
873	دارایی	دارا	دارایی	-
58	با	با	با	-
875	بیان	ب	بیان	-
808	اینکه	اینکه	اینکه	-
877	تحریمی	تحریم	تحریم	-
301	که	که	که	-
879	می‌خواهند	می‌خواهند	خواست#خواه	-
3	در	در	در	-
881	۱۳	۱۳	۱۳	-
53	آبان	آب	آبان	-
324	اعلام	اعلا	اعلام	-
704	کنند	کنند	کرد#کن	-
885	قبلا	قبلا	قبلا	-
503	اجرایی	اجرا	اجرایی	-
887	کرده‌اند	کرده‌اند	کرد#کن	-
21	،	،	،	-
889	گفت	گف	گفت#گو	-
13	:	:	:	-
891	اولین	اولین	اولین	-
892	برنامه	برنامه	برنامه	-
893	مدنظر	مدنظر	مدنظر	-
21	،	،	،	-
895	تامین	تامین	تامین	-
191	مالی	مال	مالی	-
229	اقتصادی	اقتصاد	اقتصاد	-
6	و	و	و	-
899	دومین	دومین	دومین	-
900	کار	کار	کار	-
901	بهبود	بهبود	بهبود	-
814	فضای	فضا	فضا	-
903	کسب	کسب	کسب	-
6	و	و	و	-
900	کار	کار	کار	-
229	اقتصادی	اقتصاد	اقتصاد	-
188	از	از	از	-
908	طریق	طریق	طریق	-
835	تسهیل	تسهیل	تسهیل	-
910	شرایط	شرایط	شرایط	-
911	گمرکی	گمرک	گمرک	-
251	است	اس	#است	-
26	.	.	.	-
27	به	به	به	-
28	گزارش	گزار	گزارش	-
916	فارس	فارس	فارس	-
21	،	،	،	-
918	فرهاد	فرهاد	فرهاد	-
919	دژپسند	دژپسند	دژپسند	-
869	وزیر	وزیر	وزیر	-
870	امور	امور	امور	-
229	اقتصادی	اقتصاد	اقتصاد	-
6	و	و	و	-
873	دارایی	دارا	دارایی	-
58	با	با	با	-
875	بیان	ب	بیان	-
808	اینکه	اینکه	اینکه	-
877	تحریمی	تحریم	تحریم	-
301	که	که	که	-
879	می‌خواهند	می‌خواهند	خواست#خواه	-
3	در	در	در	-
881	۱۳	۱۳	۱۳	-
53	آبان	آب	آبان	-
324	اعلام	اعلا	اعلام	-
704	کنند	کنند	کرد#کن	-
21	،	،	،	-
885	قبلا	قبلا	قبلا	-
503	اجرایی	اجرا	اجرایی	-
887	کرده‌اند	کرده‌اند	کرد#کن	-
21	،	،	،	-
889	گفت	گف	گفت#گو	-
13	:	:	:	-
3	در	در	در	-
944	وزارت	وزار	وزارت	-
870	امور	امور	امور	-
229	اقتصادی	اقتصاد	اقتصاد	-
6	و	و	و	-
873	دارایی	دارا	دارایی	-
3	در	در	در	-
950	حال	حال	حال	-
951	رصد	رصد	رصد	-
952	برنامه‌های	برنامه	برنامه	-
953	دشمن	دشمن	دشمن	-
6	و	و	و	-
3	در	در	در	-
950	حال	حال	حال	-
957	آماده‌سازی	آماده‌ساز	آماده‌ساز	-
958	بسته‌هایی	بسته	بسته	-
186	برای	برا	برای	-
960	مواجهه	مواجهه	مواجهه	-
58	با	با	با	-
56	این	این	این	-
963	دشمنی‌ها	دشمنی	دشمنی‌ها	-
964	هستیم	هست	#هست	-
26	.	.	.	-
919	دژپسند	دژپسند	دژپسند	-
967	درباره	درباره	درباره	-
952	برنامه‌های	برنامه	برنامه	-
969	اصلی	اصل	اصل	-
366	خود	خود	خود	-
3	در	در	در	-
944	وزارت	وزار	وزارت	-
870	امور	امور	امور	-
229	اقتصادی	اقتصاد	اقتصاد	-
6	و	و	و	-
873	دارایی	دارا	دارایی	-
889	گفت	گف	گفت#گو	-
13	:	:	:	-
979	طبیعی	طبیع	طبیعی	-
251	است	اس	#است	-
301	که	که	که	-
3	در	در	در	-
56	این	این	این	-
910	شرایط	شرایط	شرایط	-
117	همه	همه	همه	-
986	انتظار	انتظار	انتظار	-
399	دارند	دارند	داشت#دار	-
301	که	که	که	-
58	با	با	با	-
114	توجه	توجه	توجه	-
27	به	به	به	-
198	تحریم‌های	تحریم	تحریم	-
953	دشمن	دشمن	دشمن	-
21	،	،	،	-
995	ببینند	ببینند	ببینند	-
996	ما	ما	ما	-
163	چه	چه	چه	-
998	برنامه‌ای	برنامه	برنامه	-
123	را	را	را	-
1000	تدارک	تدارک	تدارک	-
1001	دیدیم	دید	دید#بین	-
26	.	.	.	-
1003	وی	و	وی	-
1004	افزود	افزود	افزود#افزا	-
13	:	:	:	-
891	اولین	اولین	اولین	-
892	برنامه	برنامه	برنامه	-
893	مدنظر	مدنظر	مدنظر	-
21	،	،	،	-
895	تامین	تامین	تامین	-
191	مالی	مال	مالی	-
229	اقتصادی	اقتصاد	اقتصاد	-
251	است	اس	#است	-
26	.	.	.	-
899	دومین	دومین	دومین	-
900	کار	کار	کار	-
901	بهبود	بهبود	بهبود	-
814	فضای	فضا	فضا	-
903	کسب	کسب	کسب	-
6	و	و	و	-
900	کار	کار	کار	-
229	اقتصادی	اقتصاد	اقتصاد	-
188	از	از	از	-
908	طریق	طریق	طریق	-
835	تسهیل	تسهیل	تسهیل	-
910	شرایط	شرایط	شرایط	-
911	گمرکی	گمرک	گمرک	-
251	است	اس	#است	-
26	.	.	.	-
1030	سومین	سومین	سومین	-
900	کار	کار	کار	-
56	این	این	این	-
251	است	اس	#است	-
301	که	که	که	-
1035	بتوانیم	بتوان	توانست#توان	-
1036	سیاست‌های	سیاست	سیاست	-
1037	خصوصی‌سازی	خصوصی‌ساز	خصوصی‌سازی	-
123	را	را	را	-
1039	همان‌طور	همان‌طور	همان‌طور	-
301	که	که	که	-
3	در	در	در	-
1042	اصل	اصل	اصل	-
1043	۴۴	۴۴	۴۴	-
1044	آمده_است	آمده_اس	آمد#آ	-
1045	پیاده	پیاده	پیاده	-
1046	کنیم	کن	کرد#کن	-
6	و	و	و	-
3	در	در	در	-
1049	نهایت	ن	نهایت	-
58	با	با	با	-
1051	الکترونیکی	الکترونیک	الکترونیک	-
1052	کردن	کردن	کردن	-
6	و	و	و	-
1054	ساماندهی	سامانده	ساماندهی	-
1055	مشخص	مشخص	مشخص	-
21	،	،	،	-
58	با	با	با	-
1058	فساد	فساد	فساد	-
66	مقابله	مقابله	مقابله	-
1046	کنیم	کن	کرد#کن	-
1061	چراکه	چراکه	چراکه	-
1058	فساد	فساد	فساد	-
21	،	،	،	-
573	اقتصاد	اقتصاد	اقتصاد	-
123	را	را	را	-
1066	زمین‌گیر	زمین‌گیر	زمین‌گیر	-
716	می‌کند	می‌کند	کرد#کن	-
26	.	.	.	-
1069	امیدوارم	امیدوار	امیدوار	-
3	در	در	در	-
56	این	این	این	-
1072	کارها	کار	کار	-
58	با	با	با	-
175	همکاری	همکار	همکار	-
1075	دیگران	دیگر	دیگر	-
21	،	،	،	-
1077	گام	گا	گام	-
1078	بلندی	بلند	بلند	-
1079	برداریم	بردار	بردار	-
26	.	.	.	-
