0	در	در	در	-
1	هم	ه	هم	-
2	تنیدگی	تنیدگ	تنیدگی	-
3	کوانتومی	کوانتوم	کوانتوم	-
4	می‌گوید	می‌گوید	گفت#گو	-
5	«	«	«	-
6	در	در	در	-
7	سامانه‌های	سامانه	سامانه	-
8	مرکب	مرکب	مرکب	-
9	با	با	با	-
10	وضعیت‌هایی	وضعیت	وضعیت	-
11	مواجه	مواجه	مواجه	-
12	می‌شویم	می‌شو	شد#شو	-
13	که	که	که	-
14	در	در	در	-
15	آن	آن	آن	-
16	اجزای	اجزا	اجزا	-
17	سامانه	سامانه	سامانه	-
18	دارای	دارا	دارا	-
19	هیچ	هیچ	هیچ	-
20	ویژگی	ویژگ	ویژگی	-
21	نیستند	نیستند	#هست	-
22	بلکه	بلکه	بلکه	-
23	فقط	فقط	فقط	-
24	سامانهٔ	سامانه	سامانه	-
25	کل	کل	کل	-
26	دارای	دارا	دارا	-
27	دسته‌ای	دسته	دسته	-
28	از	از	از	-
29	ویژگی‌ها	ویژگی	ویژگی	-
30	است	اس	#است	-
31	.	.	.	-
32	»	»	»	-
33	به	به	به	-
34	زبان	زب	زبان	-
35	ساده	ساده	ساده	-
36	و	و	و	-
37	به	به	به	-
38	عنوان	عنو	عنوان	-
39	اولین	اولین	اولین	-
40	مثال	مثال	مثال	-
41	تاریخی	تاریخ	تاریخ	-
42	،	،	،	-
43	درهم‌تنیدگی	درهم‌تنیدگ	درهم‌تنیدگی	-
44	جفت	جف	جفت	-
45	شدن	شدن	شدن	-
46	خواص	خواص	خواص	-
47	مکانیکی	مکانیک	مکانیک	-
48	دو	دو	دو	-
49	ذره	ذره	ذره	-
50	است	اس	#است	-
51	،	،	،	-
52	ذراتی	ذرات	ذرات	-
53	که	که	که	-
54	پیش‌تر	پیش	پیش	-
55	با	با	با	-
56	یکدیگر	یکدیگر	یکدیگر	-
57	در	در	در	-
58	اندرکنش	اندرکن	اندرکنش	-
59	بوده	بوده	بوده	-
60	و	و	و	-
61	سپس	سپس	سپس	-
62	از	از	از	-
63	یک	یک	یک	-
64	دیگر	دیگر	دیگر	-
65	جدا	جدا	جدا	-
66	شده‌اند	شده‌اند	شد#شو	-
67	.	.	.	-

0	در	در	در	-
1	هم	ه	هم	-
2	تنیدگی	تنیدگ	تنیدگی	-
3	برای	برا	برای	-
4	ذراتی	ذرات	ذرات	-
5	همچون	همچون	همچون	-
6	فوتونها	فوتون	فوتون	-
7	،	،	،	-
8	الکترونها	الکترون	الکترون	-
9	و	و	و	-
10	حتی	حت	حتی	-
11	مولکول‌ها	مولکول	مولکول	-
12	رخ	رخ	رخ	-
13	می‌دهد	می‌دهد	داد#ده	-
14	.	.	.	-

0	این	این	این	-
1	اندرکنش	اندرکن	اندرکنش	-
2	فیزیکی	فیزیک	فیزیکی	-
3	مربوط	مربوط	مربوط	-
4	به	به	به	-
5	خواصی	خواص	خواص	-
6	نظیر	نظیر	نظیر	-
7	مکان	مک	مکان	-
8	،	،	،	-
9	تکانه	تکانه	تکانه	-
10	،	،	،	-
11	اسپین	اسپین	اسپین	-
12	و	و	و	-
13	قطبش	قطب	قطب	-
14	و	و	و	-
15	…	…	…	-
16	است	اس	#است	-
17	به	به	به	-
18	گونه‌ای	گونه	گونه	-
19	که	که	که	-
20	با	با	با	-
21	تعیین	تعیین	تعیین	-
22	هر	هر	هر	-
23	یک	یک	یک	-
24	از	از	از	-
25	خواص	خواص	خواص	-
26	برای	برا	برای	-
27	یکی	یک	یک	-
28	از	از	از	-
29	دو	دو	دو	-
30	ذره	ذره	ذره	-
31	همان	ه	همان	-
32	خاصیت	خاص	خاصیت	-
33	در	در	در	-
34	دیگری	دیگر	دیگر	-
35	تعیین	تعیین	تعیین	-
36	می‌شود	می‌شود	شد#شو	-
37	.	.	.	-

0	به	به	به	-
1	عبارت	عبار	عبارت	-
2	دیگر	دیگر	دیگر	-
3	هر	هر	هر	-
4	یک	یک	یک	-
5	از	از	از	-
6	ذرات	ذر	ذرات	-
7	جفت	جف	جفت	-
8	شده	شده	شده	-
9	به	به	به	-
10	خوبی	خوب	خوبی	-
11	توسط	توسط	توسط	-
12	حالت	حال	حالت	-
13	کوانتومی	کوانتوم	کوانتوم	-
14	مشابه	مشابه	مشابه	-
15	توصیف	توصیف	توصیف	-
16	می‌شوند	می‌شوند	شد#شو	-
17	.	.	.	-

0	فلسفه‌ای	فلسفه	فلسفه	-
1	که	که	که	-
2	منجر	منجر	منجر	-
3	به	به	به	-
4	شکل‌گیری	شکل‌گیر	شکل‌گیری	-
5	ی		ی	-
6	زبان‌های	زبان	زبان	-
7	شی	ش	شی	-
8	گرا	گرا	گرا	-
9	شد	شد	شد#شو	-
10	،	،	،	-
11	عبارت	عبار	عبارت	-
12	بود	بود	بود#باش	-
13	از	از	از	-
14	این	این	این	-
15	واقعیت	واقع	واقعیت	-
16	که	که	که	-
17	نحوهٔ	نحوه	نحوه	-
18	عملکرد	عملکرد	عملکرد	-
19	مغز	مغز	مغز	-
20	و	و	و	-
21	شیوهٔ	شیوه	شیوه	-
22	دریافت	دریاف	دریافت	-
23	اطلاعات	اطلاع	اطلاعات	-
24	از	از	از	-
25	محیط	محیط	محیط	-
26	پیرامون	پیرامون	پیرامون	-
27	و	و	و	-
28	پردازش	پرداز	پردازش	-
29	آن	آن	آن	-
30	اطلاعات	اطلاع	اطلاعات	-
31	(	(	(	-
32	اندیشیدن	اندیشیدن	اندیشیدن	-
33	)	)	)	-
34	،	،	،	-
35	شیوه‌ای	شیوه	شیوه	-
36	شی	ش	شی	-
37	گراست	گراس	گراست	-
38	،	،	،	-
39	از	از	از	-
40	همین	همین	همین	-
41	روی	رو	روی	-
42	می‌بایستی	می‌بایست	می‌بایستی	-
43	زبانی	زبان	زبان	-
44	تعریف	تعریف	تعریف	-
45	می‌شد	می‌شد	شد#شو	-
46	که	که	که	-
47	همین	همین	همین	-
48	شیوه	شیوه	شیوه	-
49	را	را	را	-
50	مبنای	مبنا	مبنا	-
51	کار	کار	کار	-
52	خود	خود	خود	-
53	قرار	قرار	قرار	-
54	داده	داده	داده	-
55	و	و	و	-
56	بازتولید	بازتولید	بازتولید	-
57	می‌کرد	می‌کرد	کرد#کن	-
58	؛	؛	؛	-
59	و	و	و	-
60	دقیقا	دقیقا	دقیقا	-
61	به	به	به	-
62	همان	ه	همان	-
63	شکل	شکل	شکل	-
64	که	که	که	-
65	اشیا	اشیا	اشیا	-
66	در	در	در	-
67	جهان	جه	جهان	-
68	خارج	خارج	خارج	-
69	،	،	،	-
70	دارای	دارا	دارا	-
71	هویت	هو	هویت	-
72	و	و	و	-
73	کارکرد	کارکرد	کارکرد	-
74	مشخص	مشخص	مشخص	-
75	و	و	و	-
76	یگانه	یگانه	یگانه	-
77	برای	برا	برای	-
78	خود	خود	خود	-
79	هستند	هستند	#هست	-
80	و	و	و	-
81	در	در	در	-
82	عین	عین	عین	-
83	حال	حال	حال	-
84	با	با	با	-
85	دیگر	دیگر	دیگر	-
86	اشیا	اشیا	اشیا	-
87	در	در	در	-
88	ارتباطی	ارتباط	ارتباط	-
89	تنگاتنگ	تنگاتنگ	تنگاتنگ	-
90	و	و	و	-
91	مستقیم	مستق	مستقیم	-
92	اند	اند	اند	-
93	،	،	،	-
94	در	در	در	-
95	زبان‌های	زبان	زبان	-
96	برنامه‌نویسی	برنامه‌نویس	برنامه‌نویس	-
97	نیز	نیز	نیز	-
98	می‌بایستی	می‌بایست	می‌بایستی	-
99	این	این	این	-
100	اصول	اصول	اصول	-
101	کلی	کل	کلی	-
102	برقرار	برقرار	برقرار	-
103	می‌شد	می‌شد	شد#شو	-
104	.	.	.	-

0	تا	تا	تا	-
1	به	به	به	-
2	این	این	این	-
3	شکل	شکل	شکل	-
4	،	،	،	-
5	برنامه‌نویس	برنامه‌نویس	برنامه‌نویس	-
6	بتواند	بتواند	توانست#توان	-
7	با	با	با	-
8	بهره‌گیری	بهره‌گیر	بهره‌گیری	-
9	از	از	از	-
10	زبانی	زبان	زبان	-
11	که	که	که	-
12	به	به	به	-
13	روش	رو	روش	-
14	اندیشیدنش	اندیشیدن	اندیشیدن	-
15	،	،	،	-
16	نزدیکی	نزدیک	نزدیک	-
17	بیشتری	بیشتر	بیشتر	-
18	دارد	دارد	داشت#دار	-
19	،	،	،	-
20	شی‌های	شی	شی‌های	-
21	مختلفی	مختلف	مختلف	-
22	را	را	را	-
23	تعریف	تعریف	تعریف	-
24	نموده	نموده	نموده	-
25	،	،	،	-
26	این	این	این	-
27	شی‌ها	شی	شی‌ها	-
28	را	را	را	-
29	در	در	در	-
30	ارتباط	ارتباط	ارتباط	-
31	با	با	با	-
32	یکدیگر	یکدیگر	یکدیگر	-
33	قرار	قرار	قرار	-
34	داده	داده	داده	-
35	و	و	و	-
36	از	از	از	-
37	شی‌های	شی	شی‌های	-
38	پویای	پویا	پویا	-
39	تولید	تولید	تولید	-
40	شده	شده	شده	-
41	برای	برا	برای	-
42	حل	حل	حل	-
43	مسئله‌ی	مسئله	مسئله	-
44	پیش	پ	پیش	-
45	روی	رو	روی	-
46	استفاده	استفاده	استفاده	-
47	نماید	نماید	نمود#نما	-
48	.	.	.	-

0	امروزه	امروزه	امروزه	-
1	اکثر	اکثر	اکثر	-
2	زبان‌های	زبان	زبان	-
3	دستوری	دستور	دستور	-
4	برنامه‌نویسی	برنامه‌نویس	برنامه‌نویس	-
5	از	از	از	-
6	فنون	فنون	فنون	-
7	شی‌گرایی	شی‌گرا	شی‌گرایی	-
8	پشتیبانی	پشتیبان	پشتیبان	-
9	می‌کنند	می‌کنند	کرد#کن	-
10	.	.	.	-

0	زبان‌هایی	زبان	زبان	-
1	مانند	مانند	مانند	-
2	جاوا	جاوا	جاوا	-
3	،	،	،	-
4	سی++	سی++	سی++	-
5	،	،	،	-
6	سی	س	سی	-
7	شارپ	شارپ	شارپ	-
8	،	،	،	-
9	دلفی	دلف	دلفی	-
10	از	از	از	-
11	جمله	جمله	جمله	-
12	زبان‌های	زبان	زبان	-
13	شی‌گرا	شی‌گرا	شی‌گرا	-
14	هستند	هستند	#هست	-
15	.	.	.	-

0	حتی	حت	حتی	-
1	بسیاری	بسیار	بسیار	-
2	از	از	از	-
3	زبانهای	زبان	زبان	-
4	روال	روال	روال	-
5	گونه	گونه	گونه	-
6	که	که	که	-
7	ساختار	ساختار	ساختار	-
8	برنامه‌ها	برنامه	برنامه	-
9	در	در	در	-
10	آن‌ها	آن	آن	-
11	بلوک‌هایی	بلوک	بلوک	-
12	با	با	با	-
13	نام	نا	نام	-
14	پروسیجر	پروسیجر	پروسیجر	-
15	است	اس	#است	-
16	امروزه	امروزه	امروزه	-
17	از	از	از	-
18	فنون	فنون	فنون	-
19	شی‌گرایی	شی‌گرا	شی‌گرایی	-
20	نیز	نیز	نیز	-
21	پشتبانی	پشتبان	پشتبانی	-
22	می‌کنند	می‌کنند	کرد#کن	-
23	.	.	.	-

0	زبان‌های	زبان	زبان	-
1	سی++	سی++	سی++	-
2	و	و	و	-
3	پی‌اچ‌پی	پی‌اچ‌پ	پی‌اچ‌پی	-
4	از	از	از	-
5	این	این	این	-
6	جمله	جمله	جمله	-
7	هستند	هستند	#هست	-
8	.	.	.	-

0	هر	هر	هر	-
1	شیء	شیء	شیء	-
2	یک	یک	یک	-
3	سری	سر	سری	-
4	خصوصیت	خصوص	خصوصیت	-
5	و	و	و	-
6	قابلیت	قابل	قابلیت	-
7	دارد	دارد	داشت#دار	-
8	،	،	،	-
9	که	که	که	-
10	اصطلاحا	اصطلاحا	اصطلاحا	-
11	Properties	Properties	Properties	-
12	و	و	و	-
13	Operation	Operation	Operation	-
14	خوانده_می‌شوند	خوانده_می‌شوند	خواند#خوان	-
15	.	.	.	-

0	در	در	در	-
1	این	این	این	-
2	پارادایم	پارادا	پارادایم	-
3	برنامه‌نویسی	برنامه‌نویس	برنامه‌نویس	-
4	،	،	،	-
5	دید	دید	دید	-
6	برنامه‌نویس	برنامه‌نویس	برنامه‌نویس	-
7	به	به	به	-
8	سیستم	سیس	سیستم	-
9	دید	دید	دید	-
10	شخصی	شخص	شخص	-
11	است	اس	#است	-
12	که	که	که	-
13	سعی	سع	سعی	-
14	می‌نماید	می‌نماید	نمود#نما	-
15	با	با	با	-
16	پیدا	پیدا	پیدا	-
17	کردن	کردن	کردن	-
18	اشیاء	اشیاء	اشیاء	-
19	مختلف	مختلف	مختلف	-
20	در	در	در	-
21	سیستم	سیس	سیستم	-
22	و	و	و	-
23	برقراری	برقرار	برقراری	-
24	ارتباط	ارتباط	ارتباط	-
25	بین	بین	بین	-
26	آن‌ها	آن	آن	-
27	سیستم	سیس	سیستم	-
28	را	را	را	-
29	تولید	تولید	تولید	-
30	نماید	نماید	نمود#نما	-
31	.	.	.	-

0	ردیت	رد	رد	-
1	یک	یک	یک	-
2	وب‌گاه	وب‌گاه	وب‌گاه	-
3	برای	برا	برای	-
4	جمع‌آوری	جمع‌آور	جمع‌آوری	-
5	اخبار	اخبار	اخبار	-
6	اجتماعی	اجتماع	اجتماع	-
7	که	که	که	-
8	در	در	در	-
9	آن	آن	آن	-
10	کاربران	کاربر	کاربر	-
11	ثبت‌نام	ثبت‌نا	ثبت‌نام	-
12	کرده	کرده	کرده	-
13	قادرند	قادرند	قادرند	-
14	اخبار	اخبار	اخبار	-
15	را	را	را	-
16	در	در	در	-
17	قالب	قالب	قالب	-
18	لینک	لینک	لینک	-
19	یا	یا	یا	-
20	متن	متن	متن	-
21	ارسال	ارسال	ارسال	-
22	کنند	کنند	کرد#کن	-
23	و	و	و	-
24	آن	آن	آن	-
25	را	را	را	-
26	با	با	با	-
27	دیگران	دیگر	دیگر	-
28	به	به	به	-
29	اشتراک	اشتراک	اشتراک	-
30	بگذارند	بگذارند	گذاشت#گذار	-
31	.	.	.	-

0	کاربران	کاربر	کاربر	-
1	می‌توانند	می‌توانند	توانست#توان	-
2	به	به	به	-
3	پست	پس	پست	-
4	یا	یا	یا	-
5	گزارش‌های	گزارش	گزارش	-
6	نوشته	نوشته	نوشته	-
7	شده	شده	شده	-
8	رأی	رأ	رأی	-
9	دهند	دهند	داد#ده	-
10	و	و	و	-
11	جایگاه	جایگاه	جایگاه	-
12	آن	آن	آن	-
13	خبر	خبر	خبر	-
14	را	را	را	-
15	در	در	در	-
16	صفحات	صفح	صفحات	-
17	ردیت	رد	رد	-
18	و	و	و	-
19	صفحهٔ	صفحه	صفحه	-
20	اصلی	اصل	اصل	-
21	مشخص	مشخص	مشخص	-
22	کنند	کنند	کرد#کن	-
23	.	.	.	-

0	در	در	در	-
1	واقع	واقع	واقع	-
2	کاربران	کاربر	کاربر	-
3	هستند	هستند	#هست	-
4	که	که	که	-
5	در	در	در	-
6	ردیت	رد	رد	-
7	اهمیت	اهم	اهمیت	-
8	خبر	خبر	خبر	-
9	را	را	را	-
10	تعیین	تعیین	تعیین	-
11	می‌کنند	می‌کنند	کرد#کن	-
12	.	.	.	-

0	این	این	این	-
1	وب‌گاه	وب‌گاه	وب‌گاه	-
2	در	در	در	-
3	سال	سال	سال	-
4	۲۰۰۵	۲۰۰۵	۲۰۰۵	-
5	توسط	توسط	توسط	-
6	استیو	استیو	استیو	-
7	هافمن	هافمن	هافمن	-
8	و	و	و	-
9	الکسیس	الکسیس	الکسیس	-
10	اوهانیان	اوهان	اوهانیان	-
11	که	که	که	-
12	هر	هر	هر	-
13	دو	دو	دو	-
14	دانش	دان	دانش	-
15	آموختهٔ	آموخته	آموخته	-
16	دانشگاه	دانشگاه	دانشگاه	-
17	ویرجینیا	ویرجینیا	ویرجینیا	-
18	هستند	هستند	#هست	-
19	تأسیس	تأسیس	تأسیس	-
20	شد	شد	شد#شو	-
21	.	.	.	-

0	دفتر	دف	دفتر	-
1	مرکزی	مرکز	مرکزی	-
2	ردیت	رد	رد	-
3	در	در	در	-
4	سانفرانسیسکو	سانفرانسیسکو	سانفرانسیسکو	-
5	،	،	،	-
6	کالیفرنیا	کالیفرنیا	کالیفرنیا	-
7	در	در	در	-
8	ایالات	ایال	ایالات	-
9	متحده	متحده	متحده	-
10	آمریکا	آمریکا	آمریکا	-
11	است	اس	#است	-
12	.	.	.	-

0	درخشش	درخش	درخشش	-
1	یا	یا	یا	-
2	تلألو	تلألو	تلألو	-
3	(	(	(	-
4	به	به	به	-
5	انگلیسی	انگلیس	انگلیسی	-
6	:	:	:	-
7	The	The	The	-
8	Shining	Shining	Shining	-
9	)	)	)	-
10	فیلمی	فیلم	فیلم	-
11	در	در	در	-
12	سبک	سبک	سبک	-
13	ترسناک	ترسناک	ترسناک	-
14	روانشناسانه	روانشناسانه	روانشناسانه	-
15	محصول	محصول	محصول	-
16	آمریکا	آمریکا	آمریکا	-
17	و	و	و	-
18	بریتانیا	بریتانیا	بریتانیا	-
19	به	به	به	-
20	کارگردانی	کارگردان	کارگردان	-
21	و	و	و	-
22	تهیه‌کنندگی	تهیه‌کنندگ	تهیه‌کنندگی	-
23	استنلی	استنل	استنلی	-
24	کوبریک	کوبریک	کوبریک	-
25	است	اس	#است	-
26	که	که	که	-
27	در	در	در	-
28	سال	سال	سال	-
29	۱۹۸۰	۱۹۸۰	۱۹۸۰	-
30	منتشر	منتشر	منتشر	-
31	شد	شد	شد#شو	-
32	.	.	.	-

0	فیلم‌نامه	فیلم‌نامه	فیلم‌نامه	-
1	این	این	این	-
2	کار	کار	کار	-
3	را	را	را	-
4	کوبریک	کوبریک	کوبریک	-
5	و	و	و	-
6	دایان	دا	دایان	-
7	جانسون	جانسون	جانسون	-
8	،	،	،	-
9	رمان‌نویس	رمان‌نویس	رمان‌نویس	-
10	زاده	زاده	زاده	-
11	آمریکا	آمریکا	آمریکا	-
12	نوشتند	نوشتند	نوشت#نویس	-
13	.	.	.	-

0	در	در	در	-
1	این	این	این	-
2	فیلم	فیل	فیلم	-
3	هنرپیشگانی	هنرپیشگان	هنرپیشگانی	-
4	همچون	همچون	همچون	-
5	جک	جک	جک	-
6	نیکلسون	نیکلسون	نیکلسون	-
7	،	،	،	-
8	شلی	شل	شل	-
9	دووال	دووال	دووال	-
10	و	و	و	-
11	دنی	دن	دنی	-
12	لوید	لوید	لوید	-
13	به	به	به	-
14	ایفای	ایفا	ایفا	-
15	نقش	نق	نقش	-
16	پرداخته‌اند	پرداخته‌اند	پرداخت#پرداز	-
17	.	.	.	-

0	درخشش	درخش	درخشش	-
1	تنها	تن	تنها	-
2	فیلم	فیل	فیلم	-
3	کوبریک	کوبریک	کوبریک	-
4	در	در	در	-
5	ژانر	ژانر	ژانر	-
6	وحشت	وح	وحشت	-
7	محسوب	محسوب	محسوب	-
8	می‌شود	می‌شود	شد#شو	-
9	.	.	.	-

0	فیلم	فیل	فیلم	-
1	بر	بر	بر	-
2	اساس	اساس	اساس	-
3	داستانی	داستان	داستان	-
4	به	به	به	-
5	همین	همین	همین	-
6	نام	نا	نام	-
7	از	از	از	-
8	استیون	استیون	استیون	-
9	کینگ	کینگ	کینگ	-
10	ساخته_شد	ساخته_شد	ساخت#ساز	-
11	.	.	.	-

0	جک	جک	جک	-
1	نیکلسون	نیکلسون	نیکلسون	-
2	در	در	در	-
3	معروف‌ترین	معروف	معروف	-
4	سکانس	سکانس	سکانس	-
5	فیلم	فیل	فیلم	-
6	برداشتهای	برداشت	برداشت	-
7	مکرر	مکرر	مکرر	-
8	کوبریک	کوبریک	کوبریک	-
9	در	در	در	-
10	حین	حین	حین	-
11	این	این	این	-
12	فیلم	فیل	فیلم	-
13	یکی	یک	یک	-
14	از	از	از	-
15	ضرب‌المثلهای	ضرب‌المثل	ضرب‌المثل	-
16	صنعت	صنع	صنعت	-
17	فیلمسازی	فیلمساز	فیلمسازی	-
18	شده‌است	شده‌اس	شده‌است	-
19	.	.	.	-

0	او	او	او	-
1	۱۲۷	۱۲۷	۱۲۷	-
2	مرتبه	مرتبه	مرتبه	-
3	از	از	از	-
4	شلی	شل	شل	-
5	دووال	دووال	دووال	-
6	برای	برا	برای	-
7	یکی	یک	یک	-
8	از	از	از	-
9	سکانسهای	سکانس	سکانسهای	-
10	فیلم	فیل	فیلم	-
11	فیلمبرداری	فیلمبردار	فیلمبرداری	-
12	کرد	کرد	کرد#کن	-
13	.	.	.	-

0	عصبیت	عصب	عصبیت	-
1	شلی	شل	شل	-
2	دووال	دووال	دووال	-
3	در	در	در	-
4	فیلم	فیل	فیلم	-
5	به	به	به	-
6	خوبی	خوب	خوبی	-
7	مشهود	مشهود	مشهود	-
8	است	اس	#است	-
9	اسکتمن	اسکتمن	اسکتمن	-
10	کراترز	کراترز	کراترز	-
11	به	به	به	-
12	نقش	نق	نقش	-
13	آشپز	آشپز	آشپز	-
14	سیاه‌پوست	سیاه‌پوس	سیاه‌پوست	-
15	هتل	هتل	هتل	-
16	مجبور	مجبور	مجبور	-
17	شد	شد	شد#شو	-
18	۴۰	۴۰	۴۰	-
19	بار	بار	بار	-
20	صحنه	صحنه	صحنه	-
21	درگیری	درگیر	درگیری	-
22	با	با	با	-
23	تبر	تبر	تبر	-
24	را	را	را	-
25	بازی	باز	بازی	-
26	کند	کند	کند	-
27	و	و	و	-
28	نهایتا	نهایتا	نهایتا	-
29	دچار	دچار	دچار	-
30	فروپاشی	فروپاش	فروپاش	-
31	عصبی	عصب	عصبی	-
32	شده	شده	شده	-
33	و	و	و	-
34	با	با	با	-
35	گریه	گریه	گریه	-
36	به	به	به	-
37	کوبریک	کوبریک	کوبریک	-
38	گفت	گف	گفت#گو	-
39	:	:	:	-
40	«	«	«	-
41	آقای	آقا	آقا	-
42	کوبریک	کوبریک	کوبریک	-
43	آخه	آخه	آخه	-
44	چی	چ	چی	-
45	از	از	از	-
46	جونم	جون	جونم	-
47	میخواین	میخواین	میخواین	-
48	؟	؟	؟	-
49	»	»	»	-
50	اما	اما	اما	-
51	کوبریک	کوبریک	کوبریک	-
52	سکانس	سکانس	سکانس	-
53	خروج	خروج	خروج	-
54	و	و	و	-
55	فوران	فور	فوران	-
56	خون	خون	خون	-
57	از	از	از	-
58	درون	درون	درون	-
59	آسانسور	آسانسور	آسانسور	-
60	هتل	هتل	هتل	-
61	اورلووک	اورلووک	اورلووک	-
62	را	را	را	-
63	تنها	تن	تنها	-
64	سه	سه	سه	-
65	مرتبه	مرتبه	مرتبه	-
66	تکرار	تکرار	تکرار	-
67	کردو	کردو	کردو	-
68	علت	عل	علت	-
69	به	به	به	-
70	سختی	سخت	سختی	-
71	تکرار	تکرار	تکرار	-
72	این	این	این	-
73	صحنه	صحنه	صحنه	-
74	بازمی‌گشت	بازمی‌گ	بازمی‌گشت	-
75	که	که	که	-
76	هر	هر	هر	-
77	بار	بار	بار	-
78	آماده	آماده	آماده	-
79	کردن	کردن	کردن	-
80	آن	آن	آن	-
81	۹	۹	۹	-
82	ساعت	ساع	ساعت	-
83	طول	طول	طول	-
84	می‌کشید	می‌کشید	کشید#کش	-
85	!	!	!	-

0	اما	اما	اما	-
1	کوبریک	کوبریک	کوبریک	-
2	پس	پس	پس	-
3	از	از	از	-
4	تماشای	تماشا	تماشا	-
5	سکانس	سکانس	سکانس	-
6	می‌گفت	می‌گف	گفت#گو	-
7	:	:	:	-
8	«	«	«	-
9	نه	نه	نه	-
10	شبیه	شبیه	شبیه	-
11	خون	خون	خون	-
12	واقعی	واقع	واقعی	-
13	نشد	نشد	شد#شو	-
14	.	.	.	-
15	»	»	»	-
16	نکته	نکته	نکته	-
17	جالب	جالب	جالب	-
18	در	در	در	-
19	مورد	مورد	مورد	-
20	این	این	این	-
21	صحنه	صحنه	صحنه	-
22	این	این	این	-
23	بود	بود	بود#باش	-
24	که	که	که	-
25	اداره	اداره	اداره	-
26	سانسور	سانسور	سانسور	-
27	انگلستان	انگلس	انگلستان	-
28	از	از	از	-
29	وفور	وفور	وفور	-
30	این	این	این	-
31	همه	همه	همه	-
32	خون	خون	خون	-
33	در	در	در	-
34	یک	یک	یک	-
35	سکانس	سکانس	سکانس	-
36	به	به	به	-
37	تنگ	تنگ	تنگ	-
38	آمده	آمده	آمده	-
39	و	و	و	-
40	درجه	درجه	درجه	-
41	فیلم	فیل	فیلم	-
42	را	را	را	-
43	فقط	فقط	فقط	-
44	برای	برا	برای	-
45	بزرگسالان	بزرگسال	بزرگسالان	-
46	اعلام	اعلا	اعلام	-
47	نموده_بود	نموده_بود	نمود#نما	-
48	اما	اما	اما	-
49	گویا	گویا	گویا	-
50	کوبریک	کوبریک	کوبریک	-
51	با	با	با	-
52	زیرکی	زیرک	زیرک	-
53	آنها	آن	آن	-
54	را	را	را	-
55	قانع	قانع	قانع	-
56	کرد	کرد	کرد#کن	-
57	که	که	که	-
58	این	این	این	-
59	مایع	مایع	مایع	-
60	لزج	لزج	لزج	-
61	،	،	،	-
62	خون	خون	خون	-
63	نبوده	نبوده	بود#باش	-
64	بلکه	بلکه	بلکه	-
65	«	«	«	-
66	فاضلاب	فاضلاب	فاضلاب	-
67	»	»	»	-
68	است	اس	#است	-
69	.	.	.	-

0	بازیگر	بازیگر	بازیگر	-
1	نقش	نق	نقش	-
2	بچه	بچه	بچه	-
3	فیلم	فیل	فیلم	-
4	تا	تا	تا	-
5	۱۲	۱۲	۱۲	-
6	سالگی	سالگ	سالگی	-
7	نفهمید	نفهمید	فهمید#فهم	-
8	که	که	که	-
9	در	در	در	-
10	فیلمی	فیلم	فیلم	-
11	ترسناک	ترسناک	ترسناک	-
12	بازی	باز	بازی	-
13	کرده‌است	کرده‌اس	کرده‌است	-
14	.	.	.	-

0	در	در	در	-
1	صورتی	صورت	صورت	-
2	که	که	که	-
3	در	در	در	-
4	۷	۷	۷	-
5	سالگی	سالگ	سالگی	-
6	این	این	این	-
7	نقش	نق	نقش	-
8	را	را	را	-
9	بازی	باز	بازی	-
10	کرده_بود	کرده_بود	کرد#کن	-
11	.	.	.	-

0	کوبریک	کوبریک	کوبریک	-
1	حس	حس	حس	-
2	مسئولیت	مسئول	مسئولیت	-
3	شدیدی	شدید	شدید	-
4	در	در	در	-
5	این	این	این	-
6	خصوص	خصوص	خصوص	-
7	احساس	احساس	احساس	-
8	می‌کرد	می‌کرد	کرد#کن	-
9	و	و	و	-
10	بدین	بدین	بدین	-
11	لحاظ	لحاظ	لحاظ	-
12	این	این	این	-
13	امر	امر	امر	-
14	را	را	را	-
15	از	از	از	-
16	کودک	کودک	کودک	-
17	هنرمند	هنرمند	هنرمند	-
18	پنهان	پنه	پنهان	-
19	نگاهداشت	نگاهدا	نگاهداشت	-
20	تا	تا	تا	-
21	به	به	به	-
22	روحیه	روحیه	روحیه	-
23	او	او	او	-
24	لطمه‌ای	لطمه	لطمه	-
25	وارد	وارد	وارد	-
26	نگردد	نگردد	گشت#گرد	-
27	.	.	.	-

0	حتی	حت	حتی	-
1	بار	بار	بار	-
2	نخستی	نخست	نخست	-
3	که	که	که	-
4	دنی	دن	دنی	-
5	لوید	لوید	لوید	-
6	این	این	این	-
7	فیلم	فیل	فیلم	-
8	را	را	را	-
9	واقعا	واقعا	واقعا	-
10	تماشا	تماشا	تماشا	-
11	کرد	کرد	کرد#کن	-
12	با	با	با	-
13	خود	خود	خود	-
14	استنلی	استنل	استنلی	-
15	کوبریک	کوبریک	کوبریک	-
16	بود	بود	بود#باش	-
17	.	.	.	-

0	زلاتان	زلا	زلاتان	-
1	برای	برا	برای	-
2	اولین	اولین	اولین	-
3	بار	بار	بار	-
4	در	در	در	-
5	سال	سال	سال	-
6	۱۹۹۶	۱۹۹۶	۱۹۹۶	-
7	با	با	با	-
8	مالمو	مالمو	مالمو	-
9	قرارداد	قرارداد	قرارداد	-
10	بست	بس	بست#بند	-
11	و	و	و	-
12	در	در	در	-
13	سال	سال	سال	-
14	۱۹۹۹	۱۹۹۹	۱۹۹۹	-
15	در	در	در	-
16	ترکیب	ترکیب	ترکیب	-
17	تیم	ت	تیم	-
18	اول	اول	اول	-
19	این	این	این	-
20	تیم	ت	تیم	-
21	در	در	در	-
22	لیگ	لیگ	لیگ	-
23	اول	اول	اول	-
24	سوئد	سوئد	سوئد	-
25	قرار	قرار	قرار	-
26	گرفت	گرف	گرفت#گیر	-
27	که	که	که	-
28	در	در	در	-
29	این	این	این	-
30	سال	سال	سال	-
31	این	این	این	-
32	تیم	ت	تیم	-
33	با	با	با	-
34	رتبه	رتبه	رتبه	-
35	سیزدهم	سیزده	سیزدهم	-
36	به	به	به	-
37	لیگ	لیگ	لیگ	-
38	دوم	دو	دوم	-
39	سقوط	سقوط	سقوط	-
40	کرد	کرد	کرد#کن	-
41	ولی	ول	ولی	-
42	فصل	فصل	فصل	-
43	بعد	بعد	بعد	-
44	به	به	به	-
45	لیگ	لیگ	لیگ	-
46	اول	اول	اول	-
47	بازگشت	بازگ	بازگشت	-
48	.	.	.	-

0	پیش	پ	پیش	-
1	از	از	از	-
2	آن‌که	آن‌که	آن‌که	-
3	لئو	لئو	لئو	-
4	بینهاکر	بینهاکر	بینهاکر	-
5	سرمربی	سرمرب	سرمربی	-
6	آژاکس	آژاکس	آژاکس	-
7	علاقه	علاقه	علاقه	-
8	خود	خود	خود	-
9	را	را	را	-
10	برای	برا	برای	-
11	جذب	جذب	جذب	-
12	این	این	این	-
13	بازیکن	بازیکن	بازیکن	-
14	نشان	ن	نشان	-
15	دهد	دهد	داد#ده	-
16	این	این	این	-
17	آرسن	آرسن	آرسن	-
18	ونگر	ونگر	ونگر	-
19	بود	بود	بود#باش	-
20	که	که	که	-
21	زلاتان	زلا	زلاتان	-
22	را	را	را	-
23	کشف	کشف	کشف	-
24	کرد	کرد	کرد#کن	-
25	اما	اما	اما	-
26	طی	ط	طی	-
27	تلاشی	تلاش	تلاش	-
28	ناموفق	ناموفق	ناموفق	-
29	برای	برا	برای	-
30	انتقال	انتقال	انتقال	-
31	وی	و	وی	-
32	به	به	به	-
33	آرسنال	آرسنال	آرسنال	-
34	ابراهیموویچ	ابراهیموویچ	ابراهیموویچ	-
35	به	به	به	-
36	آژاکس	آژاکس	آژاکس	-
37	پیوست	پیوس	پیوست	-
38	.	.	.	-

0	در	در	در	-
1	۲۲	۲۲	۲۲	-
2	مارس	مارس	مارس	-
3	۲۰۰۱	۲۰۰۱	۲۰۰۱	-
4	ابراهیموویچ	ابراهیموویچ	ابراهیموویچ	-
5	با	با	با	-
6	قرار	قرار	قرار	-
7	دادی	داد	داد#ده	-
8	معادل	معادل	معادل	-
9	۸۰	۸۰	۸۰	-
10	میلیون	میلیون	میلیون	-
11	کرون	کرون	کرون	-
12	سوئد	سوئد	سوئد	-
13	به	به	به	-
14	آژاکس	آژاکس	آژاکس	-
15	پیوست	پیوس	پیوست	-
16	.	.	.	-

0	«	«	«	-
1	قدرت	قدر	قدرت	-
2	فقط	فقط	فقط	-
3	نصیب	نصیب	نصیب	-
4	کسانی	کسان	کسانی	-
5	می‌شود	می‌شود	شد#شو	-
6	که	که	که	-
7	جرات	جر	جر	-
8	کنند	کنند	کرد#کن	-
9	خم	خ	خم	-
10	شوند	شوند	شد#شو	-
11	و	و	و	-
12	آن	آن	آن	-
13	را	را	را	-
14	به	به	به	-
15	دقت	دق	دقت	-
16	بگیرند	بگیرند	گرفت#گیر	-
17	.	.	.	-

0	فقط	فقط	فقط	-
1	یک	یک	یک	-
2	چیز	چیز	چیز	-
3	مهم	مه	مهم	-
4	است	اس	#است	-
5	:	:	:	-
6	باید	باید	باید	-
7	فقط	فقط	فقط	-
8	جرات	جر	جر	-
9	داشت	دا	داشت	-
10	.	.	.	-

0	لازم	لاز	لازم	-
1	بود	بود	بود#باش	-
2	بدانم	بدان	دانست#دان	-
3	که	که	که	-
4	آیا	آیا	آیا	-
5	من	من	من	-
6	هم	ه	هم	-
7	مانند	مانند	مانند	-
8	همهٔ	همه	همه	-
9	مردم	مرد	مردم	-
10	شپش	شپ	شپش	-
11	هستم	هس	#هست	-
12	یا	یا	یا	-
13	انسانم	انسان	انسان	-
14	؟	؟	؟	-

0	آیا	آیا	آیا	-
1	من	من	من	-
2	می‌توانم	می‌توان	توانست#توان	-
3	از	از	از	-
4	حد	حد	حد	-
5	معین	معین	معین	-
6	تجاوز	تجاوز	تجاوز	-
7	کنم	کن	کرد#کن	-
8	،	،	،	-
9	یا	یا	یا	-
10	نمی‌توانم	نمی‌توان	توانست#توان	-
11	؟	؟	؟	-

0	آیا	آیا	آیا	-
1	جسارت	جسار	جسارت	-
2	این	این	این	-
3	را	را	را	-
4	دارم	دار	داشت#دار	-
5	که	که	که	-
6	خم	خ	خم	-
7	شوم	شو	شوم	-
8	و	و	و	-
9	آنچه	آنچه	آنچه	-
10	را	را	را	-
11	می‌خواهم	می‌خواه	خواست#خواه	-
12	،	،	،	-
13	بردارم	بردار	بردار	-
14	یا	یا	یا	-
15	نه	نه	نه	-
16	.	.	.	-

0	آیا	آیا	آیا	-
1	موجودی	موجود	موجود	-
2	ترسو	ترسو	ترسو	-
3	و	و	و	-
4	بزدلم	بزدل	بزدل	-
5	یا	یا	یا	-
6	صاحب	صاحب	صاحب	-
7	حق	حق	حق	-
8	و	و	و	-
9	اختیار	اختیار	اختیار	-
10	هستم	هس	#هست	-
11	؟	؟	؟	-
12	»	»	»	-
13	«	«	«	-
14	قابل	قابل	قابل	-
15	توجه	توجه	توجه	-
16	است	اس	#است	-
17	که	که	که	-
18	بیشتر	ب	بیشتر	-
19	اشخاص	اشخاص	اشخاص	-
20	نیکوکار	نیکوکار	نیکوکار	-
21	و	و	و	-
22	بنیانگذار	بنیانگذار	بنیانگذار	-
23	اصول	اصول	اصول	-
24	انسانیت	انسان	انسانیت	-
25	،	،	،	-
26	مردمانی	مردمان	مردمانی	-
27	بودند	بودند	بود#باش	-
28	بی‌نهایت	بی‌ن	بی‌نهایت	-
29	خونریز	خونریز	خونریز	-
30	.	.	.	-

0	همه	همه	همه	-
1	،	،	،	-
2	و	و	و	-
3	نه	نه	نه	-
4	اشخاص	اشخاص	اشخاص	-
5	بزرگ	بزرگ	بزرگ	-
6	،	،	،	-
7	بلکه	بلکه	بلکه	-
8	حتی	حت	حتی	-
9	آن‌هایی	آن	آن	-
10	که	که	که	-
11	فقط	فقط	فقط	-
12	کمی	کم	کم	-
13	بیرون	بیرون	بیرون	-
14	از	از	از	-
15	چهارچوب	چهارچوب	چهارچوب	-
16	معمول	معمول	معمول	-
17	هستند	هستند	#هست	-
18	،	،	،	-
19	یعنی	یعن	یعنی	-
20	حتی	حت	حتی	-
21	آن‌هایی	آن	آن	-
22	که	که	که	-
23	اندکی	اندک	اندک	-
24	توانایی	توانا	توانایی	-
25	گفتن	گفتن	گفتن	-
26	سخن	سخن	سخن	-
27	نو	نو	نو	-
28	را	را	را	-
29	دارند	دارند	داشت#دار	-
30	،	،	،	-
31	قاعدتا	قاعدتا	قاعدتا	-
32	باید	باید	باید	-
33	،	،	،	-
34	بنا	بنا	بنا	-
35	بر	بر	بر	-
36	طبیعت	طبیع	طبیعت	-
37	خود	خود	خود	-
38	،	،	،	-
39	کم	ک	کم	-
40	و	و	و	-
41	بیش	ب	بیش	-
42	متجاوز	متجاوز	متجاوز	-
43	باشند	باشند	بود#باش	-
44	.	.	.	-

0	اگر	اگر	اگر	-
1	جز	جز	جز	-
2	این	این	این	-
3	باشد	باشد	بود#باش	-
4	مشکل	مشکل	مشکل	-
5	است	اس	#است	-
6	آن‌ها	آن	آن	-
7	از	از	از	-
8	چهار	چهار	چهار	-
9	دیوار	دیوار	دیوار	-
10	خود	خود	خود	-
11	به	به	به	-
12	درآیند	درآیند	درآیند	-
13	،	،	،	-
14	و	و	و	-
15	از	از	از	-
16	ماندن	ماندن	ماندن	-
17	در	در	در	-
18	آن	آن	آن	-
19	چهارچوب	چهارچوب	چهارچوب	-
20	به	به	به	-
21	خاطر	خاطر	خاطر	-
22	طبع	طبع	طبع	-
23	خود	خود	خود	-
24	،	،	،	-
25	نمی‌توانند	نمی‌توانند	توانست#توان	-
26	راضی	راض	راضی	-
27	باشند	باشند	بود#باش	-
28	.	.	.	-
29	»	»	»	-
30	«	«	«	-
31	همه	همه	همه	-
32	قاتلن	قاتلن	قاتلن	-
33	؛	؛	؛	-
34	همیشه	همیشه	همیشه	-
35	زمین	زمین	زمین	-
36	جاری	جار	جاری	-
37	از	از	از	-
38	خون	خون	خون	-
39	بوده	بوده	بوده	-
40	.	.	.	-

0	روی	رو	روی	-
1	زمین	زمین	زمین	-
2	کسایی	کسا	کسا	-
3	که	که	که	-
4	قتل	قتل	قتل	-
5	می‌کنن	می‌کنن	می‌کنن	-
6	بعدها	بعد	بعد	-
7	صاحب	صاحب	صاحب	-
8	بزرگ‌ترین	بزرگ	بزرگ	-
9	افتخارها	افتخار	افتخار	-
10	شدن	شدن	شدن	-
11	.	.	.	-

0	من	من	من	-
1	فقط	فقط	فقط	-
2	می‌خواستم	می‌خواس	خواست#خواه	-
3	به	به	به	-
4	مردم	مرد	مردم	-
5	خوبی	خوب	خوبی	-
6	کنم	کن	کرد#کن	-
7	.	.	.	-

0	کشتن	کشتن	کشتن	-
1	یک	یک	یک	-
2	پیرزن	پیرزن	پیرزن	-
3	رباخوار	رباخوار	رباخوار	-
4	و	و	و	-
5	از	از	از	-
6	بین	بین	بین	-
7	بردن	بردن	بردن	-
8	یک	یک	یک	-
9	حشرهٔ	حشره	حشره	-
10	کثیف	کثیف	کثیف	-
11	،	،	،	-
12	کجاش	کجا	کجا	-
13	جنایته	جنایته	جنایته	-
14	؟	؟	؟	-
15	»	»	»	-
16	«	«	«	-
17	همه	همه	همه	-
18	چیزم	چیز	چیز	-
19	را	را	را	-
20	باخته_بودم	باخته_بود	باخت#باز	-
21	.	.	.	-

0	همه	همه	همه	-
1	چیزم	چیز	چیز	-
2	را	را	را	-
3	!	!	!	-

0	از	از	از	-
1	کازینو	کازینو	کازینو	-
2	بیرون	بیرون	بیرون	-
3	آمدم	آمد	آمد#آ	-
4	.	.	.	-

0	آن	آن	آن	-
1	وقت	وق	وقت	-
2	دیدم	دید	دید#بین	-
3	یک	یک	یک	-
4	گولدن	گولدن	گولدن	-
5	ته	ته	ته	-
6	جیب	جیب	جیب	-
7	جلیقه‌ام	جلیقه	جلیقه	-
8	مانده	مانده	مانده	-
9	.	.	.	-

0	گفتم	گف	گفت#گو	-
1	:	:	:	-
2	«	«	«	-
3	آه	آه	آه	-
4	پس	پس	پس	-
5	هنوز	هنوز	هنوز	-
6	می‌توانم	می‌توان	توانست#توان	-
7	غذایی	غذا	غذا	-
8	بخورم	بخور	خورد#خور	-
9	!	!	!	-
10	»	»	»	-
11	اما	اما	اما	-
12	صد	صد	صد	-
13	قدم	قد	قدم	-
14	نرفته_بودم	نرفته_بود	رفت#رو	-
15	که	که	که	-
16	تصمیمم	تصمیم	تصمیم	-
17	عوض	عوض	عوض	-
18	شد	شد	شد#شو	-
19	.	.	.	-

0	برگشتم	برگ	برگ	-
1	و	و	و	-
2	یک	یک	یک	-
3	گولدن	گولدن	گولدن	-
4	را	را	را	-
5	روی	رو	روی	-
6	مانک	مانک	مانک	-
7	گذاشتم	گذا	گذاشت#گذار	-
8	(	(	(	-
9	بله	بله	بله	-
10	خوب	خوب	خوب	-
11	به	به	به	-
12	یاد	یاد	یاد	-
13	دارم	دار	داشت#دار	-
14	.	.	.	-

0	روی	رو	روی	-
1	مانک	مانک	مانک	-
2	)	)	)	-
3	و	و	و	-
4	جدا	جدا	جدا	-
5	وقتی	وقت	وقت	-
6	آدم	آد	آدم	-
7	در	در	در	-
8	کشوری	کشور	کشور	-
9	بیگانه	بیگانه	بیگانه	-
10	دور	دور	دور	-
11	از	از	از	-
12	وطن	وطن	وطن	-
13	و	و	و	-
14	کس	کس	کس	-
15	و	و	و	-
16	کارش	کار	کار	-
17	تنهاست	تنهاس	تنهاست	-
18	و	و	و	-
19	نمی‌داند	نمی‌داند	دانست#دان	-
20	که	که	که	-
21	همان	ه	همان	-
22	روز	روز	روز	-
23	چه	چه	چه	-
24	خواهد_خورد	خواهد_خورد	خورد#خور	-
25	و	و	و	-
26	می‌خواهد	می‌خواهد	خواست#خواه	-
27	آخرین	آخرین	آخرین	-
28	گولدن	گولدن	گولدن	-
29	خود	خود	خود	-
30	را	را	را	-
31	آخرینش	آخرین	آخرین	-
32	را	را	را	-
33	به	به	به	-
34	خطر	خطر	خطر	-
35	اندازد	اندازد	انداخت#انداز	-
36	احساس	احساس	احساس	-
37	عجیبی	عجیب	عجیب	-
38	دارد	دارد	داشت#دار	-
39	.	.	.	-

0	اما	اما	اما	-
1	خطر	خطر	خطر	-
2	کردم	کرد	کرد#کن	-
3	و	و	و	-
4	بردم	برد	برد#بر	-
5	و	و	و	-
6	بیست	بیس	بیست	-
7	دقیقه	دقیقه	دقیقه	-
8	بعد	بعد	بعد	-
9	با	با	با	-
10	صد	صد	صد	-
11	و	و	و	-
12	هفتاد	هفتاد	هفتاد	-
13	گولدن	گولدن	گولدن	-
14	در	در	در	-
15	جیب	جیب	جیب	-
16	از	از	از	-
17	کازینو	کازینو	کازینو	-
18	بیرون	بیرون	بیرون	-
19	آمدم	آمد	آمد#آ	-
20	.	.	.	-

0	این	این	این	-
1	یک	یک	یک	-
2	واقعیت	واقع	واقعیت	-
3	است	اس	#است	-
4	.	.	.	-

0	گاهی	گاه	گاه	-
1	آخرین	آخرین	آخرین	-
2	گولدن	گولدن	گولدن	-
3	چه	چه	چه	-
4	کارها	کار	کار	-
5	می‌کند	می‌کند	کرد#کن	-
6	!	!	!	-

0	اگر	اگر	اگر	-
1	شکستم	شکس	شکست#شکن	-
2	را	را	را	-
3	پذیرفته_بودم	پذیرفته_بود	پذیرفت#پذیر	-
4	اگر	اگر	اگر	-
5	جرئت	جرئ	جرئت	-
6	تصمیم	تصم	تصمیم	-
7	نمی‌داشتم	نمی‌دا	داشت#دار	-
8	چه	چه	چه	-
9	شده_بود	شده_بود	شد#شو	-
10	؟	؟	؟	-

0	…	…	…	-
1	فردا	فردا	فردا	-
2	،	،	،	-
3	فردا	فردا	فردا	-
4	،	،	،	-
5	همه	همه	همه	-
6	چیز	چیز	چیز	-
7	تمام	تما	تمام	-
8	خواهد_شد	خواهد_شد	شد#شو	-
9	.	.	.	-
10	»	»	»	-

