0	﻿جملات	﻿جمل	﻿جملات	-
1	تست	تس	تست	-
2	:	:	:	-
3	تخت	تخ	تخت	-
4	جمشید	جمشید	جمشید	-
5	،	،	،	-
6	مجموعه‌ای	مجموعه	مجموعه	-
7	از	از	از	-
8	کاخهای	کاخ	کاخ	-
9	بسیار	بسیار	بسیار	-
10	با	با	با	-
11	شکوهی	شکوه	شکوه	-
12	است	اس	#است	-
13	که	که	که	-
14	ساخت	ساخ	ساخت	-
15	آنها	آن	آن	-
16	در	در	در	-
17	سال	سال	سال	-
18	به	به	به	-
19	۵۱۲	۵۱۲	۵۱۲	-
20	قبل	قبل	قبل	-
21	از	از	از	-
22	میلاد	میلاد	میلاد	-
23	آغاز	آغاز	آغاز	-
24	شد	شد	شد#شو	-
25	و	و	و	-
26	اتمام	اتما	اتمام	-
27	آن	آن	آن	-
28	۱۵۰	۱۵۰	۱۵۰	-
29	سال	سال	سال	-
30	به	به	به	-
31	طول	طول	طول	-
32	انجامید	انجامید	انجامید	-
33	.	.	.	-

0	تختجمشید	تختجمشید	تختجمشید	-
1	در	در	در	-
2	محوطة	محوطة	محوطة	-
3	وسیعی	وسیع	وسیع	-
4	واقع	واقع	واقع	-
5	شده	شده	شده	-
6	که	که	که	-
7	از	از	از	-
8	یک	یک	یک	-
9	طرف	طرف	طرف	-
10	به	به	به	-
11	کوه	کوه	کوه	-
12	رحمت	رحم	رحمت	-
13	و	و	و	-
14	از	از	از	-
15	طرف	طرف	طرف	-
16	دیگر	دیگر	دیگر	-
17	به	به	به	-
18	مرو	مرو	مرو	-
19	دشت	د	دشت	-
20	محدود	محدود	محدود	-
21	است	اس	#است	-
22	.	.	.	-

0	این	این	این	-
1	کاخهای	کاخ	کاخ	-
2	عظیم	عظ	عظیم	-
3	سلطنتی	سلطنت	سلطنت	-
4	در	در	در	-
5	کنار	کنار	کنار	-
6	شهر	شهر	شهر	-
7	پارسه	پارسه	پارسه	-
8	که	که	که	-
9	یونانیان	یونان	یونان	-
10	آن	آن	آن	-
11	را	را	را	-
12	پرسپولیس	پرسپولیس	پرسپولیس	-
13	خوانده‌اند	خوانده‌اند	خواند#خوان	-
14	ساخته_شده_است	ساخته_شده_اس	ساخت#ساز	-
15	.	.	.	-

0	تعداد	تعداد	تعداد	-
1	محدودی	محدود	محدودی	-
2	از	از	از	-
3	این	این	این	-
4	جواهر	جواهر	جواهر	-
5	ات		ات	-
6	در	در	در	-
7	موزه	موزه	موزه	-
8	ملی	مل	ملی	-
9	ایران	ایر	ایران	-
10	نگهداری	نگهدار	نگهداری	-
11	می‌شود	می‌شود	شد#شو	-
12	.	.	.	-

0	بزرگترین	بزرگ	بزرگ	-
1	کاخ	کاخ	کاخ	-
2	در	در	در	-
3	مجموعه	مجموعه	مجموعه	-
4	تخت	تخ	تخت	-
5	جمشید	جمشید	جمشید	-
6	کاخ	کاخ	کاخ	-
7	مشهور	مشهور	مشهور	-
8	به	به	به	-
9	صد	صد	صد	-
10	ستون	ستون	ستون	-
11	است	اس	#است	-
12	که	که	که	-
13	احتمالا	احتمالا	احتمالا	-
14	یکی	یک	یک	-
15	از	از	از	-
16	بزرگترین	بزرگ	بزرگ	-
17	آثار	آثار	آثار	-
18	معماری	معمار	معمار	-
19	دوره	دوره	دوره	-
20	هخامنشیان	هخامنش	هخامنش	-
21	بوده	بوده	بوده	-
22	و	و	و	-
23	داریوش	داریو	داریوش	-
24	اول	اول	اول	-
25	از	از	از	-
26	آن	آن	آن	-
27	به	به	به	-
28	عنوان	عنو	عنوان	-
29	سالن	سالن	سالن	-
30	بارعام	بارعا	بارعام	-
31	خود	خود	خود	-
32	استفاده	استفاده	استفاده	-
33	می‌کرده	می‌کرده	می‌کرده	-
34	است	اس	#است	-
35	.	.	.	-

0	تایسون	تایسون	تایسون	-
1	که	که	که	-
2	اختر	اخ	اختر	-
3	فیزیک	فیزیک	فیزیک	-
4	‌دان	‌د	‌دان	-
5	و	و	و	-
6	مدیر	مدیر	مدیر	-
7	آسمان	آس	آسمان	-
8	‌نمای	‌نما	‌نمای	-
9	هیدن	هیدن	هیدن	-
10	در	در	در	-
11	موزه‌ی	موزه	موزه	-
12	تاریخ	تاریخ	تاریخ	-
13	طبیعی	طبیع	طبیعی	-
14	آمریکا	آمریکا	آمریکا	-
15	است	اس	#است	-
16	،	،	،	-
17	دوباره	دوباره	دوباره	-
18	قرار	قرار	قرار	-
19	است	اس	#است	-
20	به	به	به	-
21	نشنال	نشنال	نشنال	-
22	جئوگرافیک	جئوگرافیک	جئوگرافیک	-
23	باز	باز	باز	-
24	گردد	گردد	گشت#گرد	-
25	.	.	.	-

0	طرفدارانژانر	طرفدارانژانر	طرفدارانژانر	-
1	علمی‌	علمی	علمی‌	-
2	تخیلی	تخیل	تخیل	-
3	کانال	کانال	کانال	-
4	syfy	syfy	syfy	-
5	را	را	را	-
6	می‌شناسند	می‌شناسند	شناخت#شناس	-
7	.	.	.	-

0	این	این	این	-
1	کانال	کانال	کانال	-
2	تا	تا	تا	-
3	چند	چند	چند	-
4	سال	سال	سال	-
5	پیش	پ	پیش	-
6	با	با	با	-
7	نام	نا	نام	-
8	Scifi	Scifi	Scifi	-
9	برنامه	برنامه	برنامه	-
10	‌هایش		‌هایش	-
11	راپخش	راپخ	راپخش	-
12	می‌کرد	می‌کرد	کرد#کن	-
13	،	،	،	-
14	اما	اما	اما	-
15	بنا	بنا	بنا	-
16	به	به	به	-
17	گفته‌ی	گفته	گفته	-
18	خودشان	خود	خود	-
19	که	که	که	-
20	تصمیم	تصم	تصمیم	-
21	گرفته_بودند	گرفته_بودند	گرفت#گیر	-
22	مخاطب	مخاطب	مخاطب	-
23	ان		ان	-
24	دیگر	دیگر	دیگر	-
25	ی		ی	-
26	به	به	به	-
27	جز	جز	جز	-
28	علاقه‌	علاقه	علاقه	-
29	مندان	مند	مندان	-
30	علمی‌تخیلی	علمی‌تخیل	علمی‌تخیلی	-
31	راهم	راه	راه	-
32	جذب	جذب	جذب	-
33	کنند	کنند	کرد#کن	-
34	و	و	و	-
35	برنامه‌های	برنامه	برنامه	-
36	دیگری	دیگر	دیگر	-
37	هم	ه	هم	-
38	تولیدکنند	تولیدکنند	تولیدکنند	-
39	.	.	.	-

0	این	این	این	-
1	برنامه	برنامه	برنامه	-
2	اگرچه	اگرچه	اگرچه	-
3	اولین	اولین	اولین	-
4	تجربه‌ی	تجربه	تجربه	-
5	برنامه	برنامه	برنامه	-
6	شبانه‌ی	شبانه	شبانه	-
7	علم‌	علم	علم	-
8	محور	محور	محور	-
9	با	با	با	-
10	چاشنی	چاشن	چاشنی	-
11	طنز	طنز	طنز	-
12	و	و	و	-
13	ادبیات	ادب	ادبیات	-
14	عامه	عامه	عامه	-
15	در	در	در	-
16	تلویزیون	تلویزیون	تلویزیون	-
17	به	به	به	-
18	شمار	شمار	شمار	-
19	می‌رود	می‌رود	رفت#رو	-
20	،	،	،	-
21	اما	اما	اما	-
22	می‌تواند	می‌تواند	توانست#توان	-
23	آینده‌ی	آینده	آینده	-
24	چنین	چنین	چنین	-
25	برنامه‌هایی	برنامه	برنامه	-
26	را	را	را	-
27	مشخص	مشخص	مشخص	-
28	کند	کند	کند	-
29	و	و	و	-
30	موفقیت	موفق	موفقیت	-
31	یا	یا	یا	-
32	عدم	عد	عدم	-
33	‌موفقیت	‌موفق	‌موفقیت	-
34	آن	آن	آن	-
35	بیش	ب	بیش	-
36	از	از	از	-
37	موفقیت	موفق	موفقیت	-
38	یا	یا	یا	-
39	شکست	شکس	شکست	-
40	یک	یک	یک	-
41	پروژه	پروژه	پروژه	-
42	در	در	در	-
43	بلندمدت	بلندمد	بلندمدت	-
44	بر	بر	بر	-
45	حضور	حضور	حضور	-
46	علم	عل	علم	-
47	در	در	در	-
48	نقش	نق	نقش	-
49	اصلی	اصل	اصل	-
50	ومحوری	ومحور	ومحوری	-
51	دنیای	دنیا	دنیا	-
52	رسانه‌های	رسانه	رسانه	-
53	رسمی	رسم	رسم	-
54	،	،	،	-
55	تأثیرخواهدگذاشت	تأثیرخواهدگذا	تأثیرخواهدگذاشت	-
56	.	.	.	-

0	اگر	اگر	اگر	-
1	به	به	به	-
2	دنیای	دنیا	دنیا	-
3	علمی‌تخیلی	علمی‌تخیل	علمی‌تخیلی	-
4	و	و	و	-
5	نقاطی	نقاط	نقاط	-
6	که	که	که	-
7	مرزهای	مرز	مرز	-
8	آن	آن	آن	-
9	با	با	با	-
10	دنیای	دنیا	دنیا	-
11	واقعی	واقع	واقعی	-
12	در	در	در	-
13	هم	ه	هم	-
14	‌آمیخته	‌آمیخته	‌آمیخته	-
15	می‌شود	می‌شود	شد#شو	-
16	علاقه	علاقه	علاقه	-
17	دارید	دارید	داشت#دار	-
18	،	،	،	-
19	نام	نا	نام	-
20	ایلان	ایل	ایل	-
21	ماسک	ماسک	ماسک	-
22	را	را	را	-
23	در	در	در	-
24	ذهن	ذهن	ذهن	-
25	داشته_باشید	داشته_باشید	داشت#دار	-
26	.	.	.	-

0	کارآفرینی	کارآفرین	کارآفرین	-
1	که	که	که	-
2	اصالتااهل	اصالتااهل	اصالتااهل	-
3	آفریقای	آفریقا	آفریقا	-
4	جنوبی	جنوب	جنوبی	-
5	است	اس	#است	-
6	و	و	و	-
7	از	از	از	-
8	او	او	او	-
9	با	با	با	-
10	نام	نا	نام	-
11	مرد	مرد	مرد	-
12	آهنی	آهن	آهنی	-
13	دنیای	دنیا	دنیا	-
14	واقعی	واقع	واقعی	-
15	هم	ه	هم	-
16	نام	نا	نام	-
17	‌برده	‌برده	‌برده	-
18	می‌شود	می‌شود	شد#شو	-
19	و	و	و	-
20	در	در	در	-
21	حال	حال	حال	-
22	حاضر	حاضر	حاضر	-
23	،	،	،	-
24	مشغول	مشغول	مشغول	-
25	ایفا	ایفا	ایفا	-
26	ی		ی	-
27	نقش	نق	نقش	-
28	تونی	تون	تون	-
29	استارک	استارک	استارک	-
30	دنیای	دنیا	دنیا	-
31	ما	ما	ما	-
32	است	اس	#است	-
33	.	.	.	-

0	اوهم‌	اوهم	اوهم‌	-
1	زمان	ز	زمان	-
2	ایده‌ی	ایده	ایده	-
3	قطارهای	قطار	قطار	-
4	فوق‌	فوق	فوق	-
5	سریع	سریع	سریع	-
6	را	را	را	-
7	مطرح	مطرح	مطرح	-
8	کرده	کرده	کرده	-
9	و	و	و	-
10	اکنون	اکنون	اکنون	-
11	به	به	به	-
12	دنبال	دنبال	دنبال	-
13	اینترنت	اینترن	اینترنت	-
14	رایگان	رایگ	رایگان	-
15	جهانی	جهان	جهانی	-
16	است	اس	#است	-
17	.	.	.	-

0	این	این	این	-
1	سازمان	ساز	سازمان	-
2	فضایی	فضا	فضایی	-
3	تاکنون	تاکنون	تاکنون	-
4	موفق	موفق	موفق	-
5	به	به	به	-
6	اثبات	اثب	اثبات	-
7	۲۵۲۵	۲۵۲۵	۲۵۲۵	-
8	سیاره‌ی	سیاره	سیاره	-
9	خارجی	خارج	خارج	-
10	شده_است	شده_اس	شد#شو	-
11	که	که	که	-
12	از	از	از	-
13	این	این	این	-
14	رقم	رق	رقم	-
15	،	،	،	-
16	ده	ده	ده	-
17	سیاره‌ی	سیاره	سیاره	-
18	سنگی	سنگ	سنگ	-
19	،	،	،	-
20	هم‌	هم	هم	-
21	اندازه	اندازه	اندازه	-
22	با	با	با	-
23	زمین	زمین	زمین	-
24	واحتمالا	واحتمالا	واحتمالا	-
25	قابل	قابل	قابل	-
26	سکونت	سکون	سکونت	-
27	هستند	هستند	#هست	-
28	.	.	.	-

0	شاید	شاید	شاید	-
1	برخی	برخ	برخی	-
2	نگران	نگر	نگران	-
3	باشند	باشند	بود#باش	-
4	سیستم	سیس	سیستم	-
5	هوش	هو	هوش	-
6	مصنوعی	مصنوع	مصنوع	-
7	گوگل	گوگل	گوگل	-
8	ستاره	ستاره	ستاره	-
9	‌شناسان	‌شناس	‌شناسان	-
10	راکنار	راکنار	راکنار	-
11	بزند	بزند	زد#زن	-
12	؛	؛	؛	-
13	اما	اما	اما	-
14	به‌گفته‌ی	به‌گفته	به‌گفته‌ی	-
15	ناسا	ناسا	ناسا	-
16	جای	جا	جای	-
17	نگرانی	نگران	نگران	-
18	نیست	نیس	نیست	-
19	.	.	.	-

0	چرا	چرا	چرا	-
1	که	که	که	-
2	ریاضی	ریاض	ریاضی	-
3	زبان	زب	زبان	-
4	فیزیک	فیزیک	فیزیک	-
5	است	اس	#است	-
6	،	،	،	-
7	اما	اما	اما	-
8	از	از	از	-
9	آنجایی	آنجا	آنجا	-
10	که	که	که	-
11	پدیده‌های	پدیده	پدیده	-
12	جهان	جه	جهان	-
13	ابتدا	ابتدا	ابتدا	-
14	وجود	وجود	وجود	-
15	داشته‌اند	داشته‌اند	داشت#دار	-
16	،	،	،	-
17	مشاهده	مشاهده	مشاهده	-
18	و	و	و	-
19	درک	درک	درک	-
20	شده‌اند	شده‌اند	شد#شو	-
21	و	و	و	-
22	سپس	سپس	سپس	-
23	برای	برا	برای	-
24	آن‌ها	آن	آن	-
25	مبانی	مبان	مبانی	-
26	ریاضیاتی	ریاضیات	ریاضیات	-
27	تعریف	تعریف	تعریف	-
28	شده_است	شده_اس	شد#شو	-
29	،	،	،	-
30	با	با	با	-
31	اندکی	اندک	اندک	-
32	تلاش	تلا	تلاش	-
33	می‌توان	می‌تو	می‌توان	-
34	مباحث	مباحث	مباحث	-
35	مربوط	مربوط	مربوط	-
36	به	به	به	-
37	فیزیک	فیزیک	فیزیک	-
38	کلاسیک	کلاسیک	کلاسیک	-
39	را	را	را	-
40	،	،	،	-
41	بااجتناب	بااجتناب	بااجتناب	-
42	از	از	از	-
43	وارد	وارد	وارد	-
44	شدن	شدن	شدن	-
45	در	در	در	-
46	مبانی	مبان	مبانی	-
47	ریاضی	ریاض	ریاضی	-
48	(	(	(	-
49	که	که	که	-
50	هدف	هدف	هدف	-
51	تالیف	تالیف	تالیف	-
52	این	این	این	-
53	مجموعه	مجموعه	مجموعه	-
54	است	اس	#است	-
55	)	)	)	-
56	توضیح	توضیح	توضیح	-
57	داد	داد	داد	-
58	.	.	.	-

0	اما	اما	اما	-
1	وارد	وارد	وارد	-
2	شدن	شدن	شدن	-
3	به	به	به	-
4	دنیای	دنیا	دنیا	-
5	فیزیک	فیزیک	فیزیک	-
6	کوانتوم	کوانتو	کوانتوم	-
7	و	و	و	-
8	پرهیز	پرهیز	پرهیز	-
9	از	از	از	-
10	مبانی	مبان	مبانی	-
11	ریاضی	ریاض	ریاضی	-
12	اجتناب	اجتناب	اجتناب	-
13	ناپذیر	ناپذیر	ناپذیر	-
14	است	اس	#است	-
15	.	.	.	-

0	چرا	چرا	چرا	-
1	که	که	که	-
2	دنیای	دنیا	دنیا	-
3	فیزیک	فیزیک	فیزیک	-
4	کوانتوم	کوانتو	کوانتوم	-
5	،	،	،	-
6	به	به	به	-
7	غایت	غا	غایت	-
8	انتزاعیو	انتزاعیو	انتزاعیو	-
9	ذهنی	ذهن	ذهن	-
10	است	اس	#است	-
11	.	.	.	-

0	همان‌طورکه	همان‌طورکه	همان‌طورکه	-
1	شاید	شاید	شاید	-
2	خودتان	خود	خود	-
3	نیزبدانید	نیزبدانید	نیزبدانید	-
4	،	،	،	-
5	بحث‌ها	بحث	بحث	-
6	و	و	و	-
7	منازعات	منازع	منازعات	-
8	اصلی	اصل	اصل	-
9	فیزیکدانان	فیزیکدان	فیزیکدان	-
10	بزرگ	بزرگ	بزرگ	-
11	نظیر	نظیر	نظیر	-
12	؛	؛	؛	-
13	فاینمن	فاینمن	فاینمن	-
14	،	،	،	-
15	اینشتین	اینشتین	اینشتین	-
16	،	،	،	-
17	بور	بور	بور	-
18	و	و	و	-
19	…	…	…	-
20	همه	همه	همه	-
21	و	و	و	-
22	همه	همه	همه	-
23	در	در	در	-
24	مبانی	مبان	مبانی	-
25	کوانتوم	کوانتو	کوانتوم	-
26	بوده_است	بوده_اس	بود#باش	-
27	و	و	و	-
28	عامل	عامل	عامل	-
29	تمامی	تمام	تمام	-
30	این	این	این	-
31	اتفاقات	اتفاق	اتفاقات	-
32	یک	یک	یک	-
33	دلیل	دلیل	دلیل	-
34	ساده	ساده	ساده	-
35	است	اس	#است	-
36	؛	؛	؛	-
37	فهم	فه	فهم	-
38	کامل	کامل	کامل	-
39	فیزیک	فیزیک	فیزیک	-
40	کوانتوم	کوانتو	کوانتوم	-
41	نا	نا	نا	-
42	شدنی	شدن	شدن	-
43	است	اس	#است	-
44	!	!	!	-
45	در	در	در	-
46	این	این	این	-
47	قسمت	قسم	قسمت	-
48	از	از	از	-
49	مجموعه	مجموعه	مجموعه	-
50	،	،	،	-
51	که	که	که	-
52	به	به	به	-
53	صورت	صور	صورت	-
54	اختصاصی	اختصاص	اختصاص	-
55	به	به	به	-
56	نا	نا	نا	-
57	رسایی‌‌های	رسایی‌	رسایی‌‌های	-
58	فیزیک	فیزیک	فیزیک	-
59	کلاسیک	کلاسیک	کلاسیک	-
60	و	و	و	-
61	گام	گا	گام	-
62	‌های		‌های	-
63	آغازین	آغازین	آغازین	-
64	فیزیک	فیزیک	فیزیک	-
65	کوانتوم	کوانتو	کوانتوم	-
66	می‌‌پردازیم	می‌‌پرداز	می‌‌پردازیم	-
67	،	،	،	-
68	استفاده	استفاده	استفاده	-
69	از	از	از	-
70	ریاضیات	ریاض	ریاضیات	-
71	بیش	ب	بیش	-
72	از	از	از	-
73	پیش	پ	پیش	-
74	حس	حس	حس	-
75	می‌شد	می‌شد	شد#شو	-
76	.	.	.	-

0	چراکه	چراکه	چراکه	-
1	درحالت	درحال	درحالت	-
2	کلی	کل	کلی	-
3	شما	شما	شما	-
4	،	،	،	-
5	تنها	تن	تنها	-
6	برای	برا	برای	-
7	درک	درک	درک	-
8	یک	یک	یک	-
9	موضوع	موضوع	موضوع	-
10	نیاز	نیاز	نیاز	-
11	به	به	به	-
12	دانستن	دانستن	دانستن	-
13	صفرتاصد	صفرتاصد	صفرتاصد	-
14	ریز	ریز	ریز	-
15	موضوعات	موضوع	موضوعات	-
16	آن	آن	آن	-
17	مطلب	مطلب	مطلب	-
18	دارید	دارید	داشت#دار	-
19	،	،	،	-
20	حال	حال	حال	-
21	اگر	اگر	اگر	-
22	بخواهید	بخواهید	خواست#خواه	-
23	،	،	،	-
24	نا	نا	نا	-
25	رسایی	رسا	رسا	-
26	موضوعی	موضوع	موضوع	-
27	را	را	را	-
28	پیدا	پیدا	پیدا	-
29	کنید	کنید	کرد#کن	-
30	و	و	و	-
31	برای	برا	برای	-
32	حل	حل	حل	-
33	آن	آن	آن	-
34	راه	راه	راه	-
35	کاری	کار	کاشت#کار	-
36	ارائه	ارائه	ارائه	-
37	دهید	دهید	داد#ده	-
38	،	،	،	-
39	باید	باید	باید	-
40	علاوه	علاوه	علاوه	-
41	بر	بر	بر	-
42	دانستن	دانستن	دانستن	-
43	صفر	صفر	صفر	-
44	تا	تا	تا	-
45	صد	صد	صد	-
46	ریز	ریز	ریز	-
47	موضوعات	موضوع	موضوعات	-
48	بر	بر	بر	-
49	تمامی	تمام	تمام	-
50	مطالب	مطالب	مطالب	-
51	مرتبط	مرتبط	مرتبط	-
52	با	با	با	-
53	آن	آن	آن	-
54	موضوع	موضوع	موضوع	-
55	نیز	نیز	نیز	-
56	اشراف	اشراف	اشراف	-
57	کامل	کامل	کامل	-
58	داشته_باشید	داشته_باشید	داشت#دار	-
59	،	،	،	-
60	که	که	که	-
61	مبانی	مبان	مبانی	-
62	ریاضی	ریاض	ریاضی	-
63	یکی	یک	یک	-
64	ازاصلی	ازاصل	ازاصلی	-
65	‌ترین		‌ترین	-
66	ارکان	ارک	ارکان	-
67	آن	آن	آن	-
68	است	اس	#است	-
69	.	.	.	-

0	با	با	با	-
1	این	این	این	-
2	وجود	وجود	وجود	-
3	،	،	،	-
4	تمامی	تمام	تمام	-
5	تلاش	تلا	تلاش	-
6	بر	بر	بر	-
7	این	این	این	-
8	هدف	هدف	هدف	-
9	گذاشته_شده_است	گذاشته_شده_اس	گذاشت#گذار	-
10	،	،	،	-
11	که	که	که	-
12	مخاطبی	مخاطب	مخاطب	-
13	که	که	که	-
14	به	به	به	-
15	علم	عل	علم	-
16	علاقه‌مند	علاقه‌مند	علاقه‌مند	-
17	است	اس	#است	-
18	و	و	و	-
19	در	در	در	-
20	عین	عین	عین	-
21	حال	حال	حال	-
22	پایه‌ی	پایه	پایه	-
23	ریاضیاتی	ریاضیات	ریاضیات	-
24	قوی	قو	قوی	-
25	ندارد	ندارد	داشت#دار	-
26	،	،	،	-
27	بتواند	بتواند	توانست#توان	-
28	مفاهیم	مفاه	مفاهیم	-
29	و	و	و	-
30	مباحث	مباحث	مباحث	-
31	مطرح	مطرح	مطرح	-
32	شده	شده	شده	-
33	رادرک	رادرک	رادرک	-
34	کند	کند	کند	-
35	و	و	و	-
36	از	از	از	-
37	فهم	فه	فهم	-
38	آن‌ها	آن	آن	-
39	لذت	لذ	لذت	-
40	ببرد	ببرد	ببرد	-
41	.	.	.	-

0	فاجعه‌ی	فاجعه	فاجعه	-
1	فرا	فرا	فرا	-
2	بنفش	بنف	بنفش	-
3	یا	یا	یا	-
4	فاجعه	فاجعه	فاجعه	-
5	رایلی	رایل	رایلی	-
6	جینزاشاره	جینزاشاره	جینزاشاره	-
7	به	به	به	-
8	نتیجه‌ای	نتیجه	نتیجه	-
9	دارد	دارد	داشت#دار	-
10	که	که	که	-
11	ناشی	ناش	ناشی	-
12	از	از	از	-
13	اصول	اصول	اصول	-
14	فیزیک	فیزیک	فیزیک	-
15	کلاسیک	کلاسیک	کلاسیک	-
16	تقسیم	تقس	تقسیم	-
17	مساوی	مساو	مساوی	-
18	انرژی	انرژ	انرژی	-
19	و	و	و	-
20	تابش	تاب	تابش	-
21	نوسانگرهای	نوسانگر	نوسانگر	-
22	بار	بار	بار	-
23	دار	دار	دار	-
24	برای	برا	برای	-
25	توضیح	توضیح	توضیح	-
26	تابش	تاب	تابش	-
27	جسم	جس	جسم	-
28	سیاه	سیاه	سیاه	-
29	در	در	در	-
30	طول	طول	طول	-
31	موج‌های	موج	موج	-
32	کوتاه	کوتاه	کوتاه	-
33	است	اس	#است	-
34	.	.	.	-

0	فرمول	فرمول	فرمول	-
1	پلانک	پلانک	پلانک	-
2	هر	هر	هر	-
3	چند	چند	چند	-
4	موفقیت	موفق	موفقیت	-
5	آمیز	آمیز	آمیز	-
6	بود	بود	بود#باش	-
7	،	،	،	-
8	اما	اما	اما	-
9	نتیجه‌گیری	نتیجه‌گیر	نتیجه‌گیری	-
10	ماهیت	ماه	ماهیت	-
11	کوانتومی	کوانتوم	کوانتوم	-
12	تابش	تاب	تابش	-
13	از	از	از	-
14	آن	آن	آن	-
15	چندان	چند	چندان	-
16	الزامی	الزام	الزام	-
17	نیست	نیس	نیست	-
18	.	.	.	-

0	بخش	بخ	بخش	-
1	عمده‌ای	عمده	عمده	-
2	در	در	در	-
3	پذیرفتن	پذیرفتن	پذیرفتن	-
4	آن	آن	آن	-
5	از	از	از	-
6	کار	کار	کار	-
7	آلبرت	آلبر	آلبرت	-
8	اینشتین	اینشتین	اینشتین	-
9	حاصل	حاصل	حاصل	-
10	شد	شد	شد#شو	-
11	،	،	،	-
12	که	که	که	-
13	در	در	در	-
14	سال	سال	سال	-
15	۱۹۰۵	۱۹۰۵	۱۹۰۵	-
16	با	با	با	-
17	استفاده	استفاده	استفاده	-
18	از	از	از	-
19	مفهوم	مفهو	مفهوم	-
20	ماهیت	ماه	ماهیت	-
21	کوانتومی	کوانتوم	کوانتوم	-
22	نور	نور	نور	-
23	،	،	،	-
24	بعضی	بعض	بعضی	-
25	ازخاصیت‌های	ازخاصیت	ازخاصیت‌های	-
26	ویژه	ویژه	ویژه	-
27	فلز	فلز	فلز	-
28	ات		ات	-
29	را	را	را	-
30	وقتی	وقت	وقت	-
31	در	در	در	-
32	معرض	معرض	معرض	-
33	نور	نور	نور	-
34	مرئی	مرئ	مرئی	-
35	و	و	و	-
36	فرا	فرا	فرا	-
37	بنفش	بنف	بنفش	-
38	قرار	قرار	قرار	-
39	می‌گیرند	می‌گیرند	گرفت#گیر	-
40	،	،	،	-
41	توضیح	توضیح	توضیح	-
42	داد	داد	داد	-
43	.	.	.	-

0	کشف	کشف	کشف	-
1	اثر	اثر	اثر	-
2	فوتو	فوتو	فوتو	-
3	الکتریک	الکتریک	الکتریک	-
4	با	با	با	-
5	کار	کار	کار	-
6	هاینریش	هاینر	هاینریش	-
7	هرتز	هرتز	هرتز	-
8	در	در	در	-
9	سال	سال	سال	-
10	۱۸۸۷	۱۸۸۷	۱۸۸۷	-
11	آغاز	آغاز	آغاز	-
12	شد	شد	شد#شو	-
13	.	.	.	-

0	آزمایشی	آزمایش	آزمایش	-
1	که	که	که	-
2	سر	سر	سر	-
3	راست‌ترین	راست	راست	-
4	،	،	،	-
5	مدرک	مدرک	مدرک	-
6	ماهیت	ماه	ماهیت	-
7	ذره‌ای	ذره	ذره	-
8	تابش	تاب	تابش	-
9	را	را	را	-
10	در	در	در	-
11	اختیار	اختیار	اختیار	-
12	می‌گذارد	می‌گذارد	گذاشت#گذار	-
13	،	،	،	-
14	اثر	اثر	اثر	-
15	کامپتون	کامپتون	کامپتون	-
16	است	اس	#است	-
17	.	.	.	-

0	آرتور	آرتور	آرتور	-
1	هولی	هول	هول	-
2	کامیون	کامیون	کامیون	-
3	کشف	کشف	کشف	-
4	کرد	کرد	کرد#کن	-
5	،	،	،	-
6	تابشی	تابش	تابش	-
7	با	با	با	-
8	یک	یک	یک	-
9	طول	طول	طول	-
10	موج	موج	موج	-
11	معین	معین	معین	-
12	(	(	(	-
13	در	در	در	-
14	ناحیه	ناحیه	ناحیه	-
15	پرتو	پرتو	پرتو	-
16	X	X	X	-
17	)	)	)	-
18	که	که	که	-
19	از	از	از	-
20	یک	یک	یک	-
21	ورقه‌ی	ورقه	ورقه	-
22	فلزی	فلز	فلز	-
23	می‌گذرد	می‌گذرد	گذشت#گذر	-
24	،	،	،	-
25	به	به	به	-
26	گونه‌ای	گونه	گونه	-
27	پراکنده_می‌شود	پراکنده_می‌شود	پراکند#پراکن	-
28	که	که	که	-
29	با	با	با	-
30	نظریه‌ی	نظریه	نظریه	-
31	تابش	تاب	تابش	-
32	کلاسیک	کلاسیک	کلاسیک	-
33	سازگار	سازگار	سازگار	-
34	نیست	نیس	نیست	-
35	.	.	.	-

0	بنا	بنا	بنا	-
1	به	به	به	-
2	نظریه‌ی	نظریه	نظریه	-
3	کلاسیک	کلاسیک	کلاسیک	-
4	،	،	،	-
5	ساز	ساز	ساز	-
6	و	و	و	-
7	کار	کار	کار	-
8	این	این	این	-
9	اثر	اثر	اثر	-
10	عبارت	عبار	عبارت	-
11	است	اس	#است	-
12	،	،	،	-
13	از	از	از	-
14	تابش	تاب	تابش	-
15	مجدد	مجدد	مجدد	-
16	نور	نور	نور	-
17	توسط	توسط	توسط	-
18	الکترون‌هایی	الکترون	الکترون	-
19	که	که	که	-
20	با	با	با	-
21	تابش	تاب	تابش	-
22	فرودی	فرود	فرود	-
23	به	به	به	-
24	نوسان	نوس	نوسان	-
25	وا	وا	وا	-
26	داشته	داشته	داشته	-
27	شده‌اند	شده‌اند	شد#شو	-
28	گریس	گریس	گریس	-
29	هاپر	هاپر	هاپر	-
30	(	(	(	-
31	Grace	Grace	Grace	-
32	Brewster	Brewster	Brewster	-
33	Murray	Murray	Murray	-
34	Hopper	Hopper	Hopper	-
35	)	)	)	-
36	دانشمند	دانشمند	دانشمند	-
37	آمریکایی	آمریکا	آمریکایی	-
38	علوم	علو	علوم	-
39	کامپیوتر	کامپیو	کامپیوتر	-
40	بود	بود	بود#باش	-
41	که	که	که	-
42	نام	نا	نام	-
43	خودش	خود	خودش	-
44	را	را	را	-
45	به‌عنوان	به‌عنو	به‌عنوان	-
46	یکی	یک	یک	-
47	از	از	از	-
48	اولین	اولین	اولین	-
49	برنامه‌نویس‌های	برنامه‌نویس	برنامه‌نویس	-
50	کامپیوتر	کامپیو	کامپیوتر	-
51	مشهور	مشهور	مشهور	-
52	هاروارد	هاروارد	هاروارد	-
53	مارک	مارک	مارک	-
54	جاودانه	جاودانه	جاودانه	-
55	کرد	کرد	کرد#کن	-
56	.	.	.	-

0	او	او	او	-
1	یکی	یک	یک	-
2	از	از	از	-
3	پیشگامان	پیشگا	پیشگامان	-
4	برنامه‌نویسی	برنامه‌نویس	برنامه‌نویس	-
5	مدرن	مدرن	مدرن	-
6	بود	بود	بود#باش	-
7	و	و	و	-
8	اولین	اولین	اولین	-
9	کامپایلر	کامپایلر	کامپایلر	-
10	برنامه‌نویسی	برنامه‌نویس	برنامه‌نویس	-
11	را	را	را	-
12	نیز	نیز	نیز	-
13	توسعه	توسعه	توسعه	-
14	داد	داد	داد	-
15	.	.	.	-

0	ایده‌ی	ایده	ایده	-
1	زبان‌های	زبان	زبان	-
2	برنامه‌نویسی	برنامه‌نویس	برنامه‌نویس	-
3	مستقل	مستقل	مستقل	-
4	از	از	از	-
5	ماشین	ماشین	ماشین	-
6	از	از	از	-
7	ذهن	ذهن	ذهن	-
8	این	این	این	-
9	دانشمند	دانشمند	دانشمند	-
10	زاده	زاده	زاده	-
11	شد	شد	شد#شو	-
12	و	و	و	-
13	بعد‌ها	بعد	بعد	-
14	به	به	به	-
15	خلق	خلق	خلق	-
16	زبان	زب	زبان	-
17	برنامه	برنامه	برنامه	-
18	‌نویسی	‌نویس	‌نویسی	-
19	کوبول	کوبول	کوبول	-
20	انجامید	انجامید	انجامید	-
21	.	.	.	-

0	هاپر	هاپر	هاپر	-
1	علاقه‌ی	علاقه	علاقه	-
2	زیادی	زیاد	زیاد	-
3	نیز	نیز	نیز	-
4	به	به	به	-
5	ارتش	ارت	ارتش	-
6	داشت	دا	داشت	-
7	و	و	و	-
8	در	در	در	-
9	دوران	دور	دوران	-
10	جنگ	جنگ	جنگ	-
11	جهانی	جهان	جهانی	-
12	دوم	دو	دوم	-
13	برای	برا	برای	-
14	ملحق	ملحق	ملحق	-
15	شدن	شدن	شدن	-
16	به	به	به	-
17	ارتش	ارت	ارتش	-
18	آمریکا	آمریکا	آمریکا	-
19	پیش‌قدم	پیش‌قد	پیش‌قدم	-
20	شد	شد	شد#شو	-
21	.	.	.	-

0	البته	البته	البته	-
1	او	او	او	-
2	در	در	در	-
3	ابتدا	ابتدا	ابتدا	-
4	از	از	از	-
5	پیوستن	پیوستن	پیوستن	-
6	به	به	به	-
7	ارتش	ارت	ارتش	-
8	منع	منع	منع	-
9	شده	شده	شده	-
10	اما	اما	اما	-
11	در	در	در	-
12	لیست	لیس	لیس	-
13	نیروهای	نیرو	نیرو	-
14	رزرو	رزرو	رزرو	-
15	قرار	قرار	قرار	-
16	گرفت	گرف	گرفت#گیر	-
17	.	.	.	-

0	این	این	این	-
1	بانوی	بانو	بانو	-
2	دانشمند	دانشمند	دانشمند	-
3	در	در	در	-
4	توسعه‌ی	توسعه	توسعه	-
5	کامپیوتر	کامپیو	کامپیوتر	-
6	UNIVAC	UNIVAC	UNIVAC	-
7	I	I	I	-
8	نیز	نیز	نیز	-
9	نقش	نق	نقش	-
10	داشته_است	داشته_اس	داشت#دار	-
11	.	.	.	-

0	تلاش‌های	تلاش	تلاش	-
1	هاپر	هاپر	هاپر	-
2	برای	برا	برای	-
3	توسعه‌ی	توسعه	توسعه	-
4	کامپایلر	کامپایلر	کامپایلر	-
5	در	در	در	-
6	جهت	جه	جهت	-
7	این	این	این	-
8	ایده	ایده	ایده	-
9	بود	بود	بود#باش	-
10	که	که	که	-
11	می‌توان	می‌تو	می‌توان	-
12	به	به	به	-
13	زبان	زب	زبان	-
14	انگلیسی	انگلیس	انگلیسی	-
15	با	با	با	-
16	کامپیوترها	کامپیوتر	کامپیوترها	-
17	صحبت	صحب	صحبت	-
18	کرد	کرد	کرد#کن	-
19	.	.	.	-

0	دستاوردهای	دستاورد	دستاورد	-
1	گریس	گریس	گریس	-
2	هاپر	هاپر	هاپر	-
3	و	و	و	-
4	فعالیت	فعال	فعالیت	-
5	او	او	او	-
6	در	در	در	-
7	ارتش	ارت	ارتش	-
8	باعث	باعث	باعث	-
9	شده	شده	شده	-
10	تا	تا	تا	-
11	القاب	القاب	القاب	-
12	متنوعی	متنوع	متنوع	-
13	از	از	از	-
14	ملکه‌ی	ملکه	ملکه	-
15	برنامه‌	برنامه	برنامه	-
16	نویسی	نویس	نوشت#نویس	-
17	تا	تا	تا	-
18	گریس	گریس	گریس	-
19	شگفت‌انگیز	شگفت‌انگیز	شگفت‌انگیز	-
20	به	به	به	-
21	او	او	او	-
22	داده_شود	داده_شود	داد#ده	-
23	.	.	.	-

0	برخی	برخ	برخی	-
1	از	از	از	-
2	موشک‌ها	موشک	موشک	-
3	و	و	و	-
4	ابر	ابر	ابر	-
5	کامپیوتر‌های	کامپیوتر	کامپیوتر‌های	-
6	آمریکایی	آمریکا	آمریکایی	-
7	نیز	نیز	نیز	-
8	به	به	به	-
9	نام	نا	نام	-
10	این	این	این	-
11	دانشمند	دانشمند	دانشمند	-
12	ثبت	ثب	ثبت	-
13	شده‌اند	شده‌اند	شد#شو	-
14	.	.	.	-

0	هاپر	هاپر	هاپر	-
1	در	در	در	-
2	طول	طول	طول	-
3	مدت	مد	مدت	-
4	زندگی	زندگ	زندگی	-
5	۴۰	۴۰	۴۰	-
6	جایزه	جایزه	جایزه	-
7	و	و	و	-
8	درجه‌ی	درجه	درجه	-
9	افتخاری	افتخار	افتخار	-
10	متنوع	متنوع	متنوع	-
11	دریافت	دریاف	دریافت	-
12	کرد	کرد	کرد#کن	-
13	.	.	.	-

0	حتی	حت	حتی	-
1	پس	پس	پس	-
2	از	از	از	-
3	مرگ	مرگ	مرگ	-
4	هاپر	هاپر	هاپر	-
5	نیز	نیز	نیز	-
6	جایزه‌هایی	جایزه	جایزه	-
7	به	به	به	-
8	او	او	او	-
9	اهدا	اهدا	اهدا	-
10	شد	شد	شد#شو	-
11	که	که	که	-
12	از	از	از	-
13	این	این	این	-
14	میان	م	میان	-
15	می‌توان	می‌تو	می‌توان	-
16	مدال	مدال	مدال	-
17	آزادی	آزاد	آزاد	-
18	سال	سال	سال	-
19	۲۰۱۶	۲۰۱۶	۲۰۱۶	-
20	آمریکا	آمریکا	آمریکا	-
21	را	را	را	-
22	نام	نا	نام	-
23	برد	برد	برد	-
24	.	.	.	-

0	تعدادروزهایسالسیصدوشصتوپنجروزمیباشد	تعدادروزهایسالسیصدوشصتوپنجروزمیباشد	تعدادروزهایسالسیصدوشصتوپنجروزمیباشد	-
1	.	.	.	-

0	رومینادخترخیلیگلیاست	رومینادخترخیلیگلیاس	رومینادخترخیلیگلیاست	-
1	.	.	.	-

0	ایده‌یزبان‌هایبرنامه‌نویسیمستقلازماشینازذهنایندانشمندزادهشدوبعدهابهخلقزبانبرنامه‌نویسیکوبولانجامید	ایده‌یزبان‌هایبرنامه‌نویسیمستقلازماشینازذهنایندانشمندزادهشدوبعدهابهخلقزبانبرنامه‌نویسیکوبولانجامید	ایده‌یزبان‌هایبرنامه‌نویسیمستقلازماشینازذهنایندانشمندزادهشدوبعدهابهخلقزبانبرنامه‌نویسیکوبولانجامید	-
1	.	.	.	-

0	تابشفرودیبهنوسانواداشتهشده‌اند	تابشفرودیبهنوسانواداشتهشده‌اند	تابشفرودیبهنوسانواداشتهشده‌اند	-
1	.	.	.	-

0	کشفاثرفوتوالکتریکباکارهاینریشهرتزدرسال	کشفاثرفوتوالکتریکباکارهاینریشهرتزدرسال	کشفاثرفوتوالکتریکباکارهاینریشهرتزدرسال	-
1	۱۸۸۷	۱۸۸۷	۱۸۸۷	-
2	آغازشد	آغازشد	آغازشد	-
3	.	.	.	-

0	متن	متن	متن	-
1	۲۰۰۰	۲۰۰۰	۲۰۰۰	-
2	کلمه‌ای	کلمه	کلمه	-
3	برای	برا	برای	-
4	تست	تس	تست	-
5	-	-	-	-
6	نازنین	نازنین	نازنین	-
7	کریمی	کریم	کریم	-
8	مقدم	مقد	مقدم	-
9	۹۷۴۴۳۳۰۳	۹۷۴۴۳۳۰۳	۹۷۴۴۳۳۰۳	-
10	دارم	دار	داشت#دار	-
11	این	این	این	-
12	متن	متن	متن	-
13	را	را	را	-
14	تحت	تح	تحت	-
15	فشار	فشار	فشار	-
16	عصبی	عصب	عصبی	-
17	شدیدی	شدید	شدید	-
18	مینویسم	مینویس	مینویسم	-
19	،	،	،	-
20	چرا	چرا	چرا	-
21	که	که	که	-
22	پس	پس	پس	-
23	از	از	از	-
24	امشب	امشب	امشب	-
25	دیگر	دیگر	دیگر	-
26	وجود	وجود	وجود	-
27	نخواهم_داشت	نخواهم_دا	داشت#دار	-
28	.	.	.	-

0	تحمل	تحمل	تحمل	-
1	این	این	این	-
2	شکنجه	شکنجه	شکنجه	-
3	بدون	بدون	بدون	-
4	پول	پول	پول	-
5	دیگر	دیگر	دیگر	-
6	ممکن	ممکن	ممکن	-
7	نیست	نیس	نیست	-
8	و	و	و	-
9	من	من	من	-
10	خود	خود	خود	-
11	را	را	را	-
12	از	از	از	-
13	پنجره‌ی	پنجره	پنجره	-
14	این	این	این	-
15	،	،	،	-
16	و	و	و	-
17	ذخیره‌ی	ذخیره	ذخیره	-
18	دارویم	دارو	دارو	-
19	که	که	که	-
20	زندگی	زندگ	زندگی	-
21	را	را	را	-
22	برایم	برا	برایم	-
23	قابل	قابل	قابل	-
24	تحمل‌تر	تحمل	تحمل	-
25	میکرد	میکرد	میکرد	-
26	و	و	و	-
27	حالا	حالا	حالا	-
28	ته	ته	ته	-
29	کشیده_است	کشیده_اس	کشید#کش	-
30	شیروانی	شیروان	شیروان	-
31	به	به	به	-
32	خیابان	خیاب	خیابان	-
33	نکبت‌زده	نکبت‌زده	نکبت‌زده	-
34	خواهم_انداخت	خواهم_انداخ	انداخت#انداز	-
35	.	.	.	-

0	از	از	از	-
1	اعتیادم	اعتیاد	اعتیاد	-
2	به	به	به	-
3	مورفین	مورفین	مورفین	-
4	اینطور	اینطور	اینطور	-
5	برداشت	بردا	برداشت	-
6	نکن	نکن	کرد#کن	-
7	که	که	که	-
8	آدم	آد	آدم	-
9	ضعیف‌النفس	ضعیف‌النفس	ضعیف‌النفس	-
10	یا	یا	یا	-
11	بیماری	بیمار	بیمار	-
12	هستم	هس	#هست	-
13	.	.	.	-

0	پس	پس	پس	-
1	که	که	که	-
2	چرا	چرا	چرا	-
3	چاره‌ای	چاره	چاره	-
4	جز	جز	جز	-
5	–	–	–	-
6	هرچند	هرچند	هرچند	-
7	هیچوقت	هیچوق	هیچوقت	-
8	حقیقت	حقیق	حقیقت	-
9	را	را	را	-
10	نخواهی_دانست	نخواهی_دانس	دانست#دان	-
11	–	–	–	-
12	از	از	از	-
13	خواندن	خواندن	خواندن	-
14	این	این	این	-
15	خطوط	خطوط	خطوط	-
16	که	که	که	-
17	سراسیمه	سراسیمه	سراسیمه	-
18	نوشته‌ام	نوشته	نوشت#نویس	-
19	حدس	حدس	حدس	-
20	خواهی_زد	خواهی_زد	زد#زن	-
21	فراموشی	فراموش	فراموش	-
22	یا	یا	یا	-
23	مرگ	مرگ	مرگ	-
24	ندارم	ندار	داشت#دار	-
25	.	.	.	-

0	در	در	در	-
1	یکی	یک	یک	-
2	از	از	از	-
3	آزادترین	آزاد	آزاد	-
4	و	و	و	-
5	کم‌ترددترین	کم‌تردد	کم‌ترددترین	-
6	بخشهای	بخش	بخش	-
7	اقیانوس	اقیانوس	اقیانوس	-
8	آرام	آرا	آرام	-
9	بود	بود	بود#باش	-
10	که	که	که	-
11	کشتی‌ای	کشتی	کشتی	-
12	که	که	که	-
13	من	من	من	-
14	مباشرش	مباشر	مباشر	-
15	بودم	بود	بود#باش	-
16	گرفتار	گرفتار	گرفتار	-
17	دزدان	دزد	دزد	-
18	دریایی	دریا	دریا	-
19	آلمانی	آلمان	آلمان	-
20	شد	شد	شد#شو	-
21	.	.	.	-

0	جنگ	جنگ	جنگ	-
1	بزرگ	بزرگ	بزرگ	-
2	آن‌زمان	آن‌ز	آن‌زمان	-
3	تازه	تازه	تازه	-
4	در	در	در	-
5	آغاز	آغاز	آغاز	-
6	راه	راه	راه	-
7	خود	خود	خود	-
8	بود	بود	بود#باش	-
9	و	و	و	-
10	نیروی	نیرو	نیرو	-
11	دریایی	دریا	دریا	-
12	هنوز	هنوز	هنوز	-
13	چندان	چند	چندان	-
14	دچار	دچار	دچار	-
15	آن	آن	آن	-
16	وحشیگری	وحشیگر	وحشیگری	-
17	و	و	و	-
18	فساد	فساد	فساد	-
19	نشده_بود	نشده_بود	شد#شو	-
20	،	،	،	-
21	به	به	به	-
22	همین	همین	همین	-
23	دلیل	دلیل	دلیل	-
24	با	با	با	-
25	این	این	این	-
26	که	که	که	-
27	کشتی	کشت	کشتی	-
28	ما	ما	ما	-
29	بدل	بدل	بدل	-
30	به	به	به	-
31	طعمه‌ی	طعمه	طعمه	-
32	لذیذی	لذیذ	لذیذ	-
33	برای	برا	برای	-
34	آنها	آن	آن	-
35	شد	شد	شد#شو	-
36	،	،	،	-
37	اما	اما	اما	-
38	با	با	با	-
39	ما	ما	ما	-
40	افسران	افسر	افسر	-
41	کشتی	کشت	کشتی	-
42	که	که	که	-
43	حالا	حالا	حالا	-
44	زندانیان	زندان	زندان	-
45	دریایی	دریا	دریا	-
46	بودیم	بود	بود#باش	-
47	با	با	با	-
48	ملاطفت	ملاطف	ملاطفت	-
49	رفتار	رفتار	رفتار	-
50	شد	شد	شد#شو	-
51	.	.	.	-

0	در	در	در	-
1	حقیقت	حقیق	حقیقت	-
2	آنها	آن	آن	-
3	ما	ما	ما	-
4	را	را	را	-
5	چنان	چن	چنان	-
6	آزاد	آزاد	آزاد	-
7	گذاشته_بودند	گذاشته_بودند	گذاشت#گذار	-
8	که	که	که	-
9	پنج	پنج	پنج	-
10	روز	روز	روز	-
11	پس	پس	پس	-
12	از	از	از	-
13	زندانی	زندان	زندان	-
14	شدنمان	شدن	شدن	-
15	توانستم	توانس	توانست#توان	-
16	یک	یک	یک	-
17	قایق	قایق	قایق	-
18	کوچک	کوچک	کوچک	-
19	و	و	و	-
20	آب	آب	آب	-
21	و	و	و	-
22	غذای	غذا	غذا	-
23	چندین	چندین	چندین	-
24	روزم	روز	روز	-
25	را	را	را	-
26	برداشته	برداشته	برداشته	-
27	و	و	و	-
28	فرار	فرار	فرار	-
29	کنم	کن	کرد#کن	-
30	.	.	.	-

0	پس	پس	پس	-
1	از	از	از	-
2	آن	آن	آن	-
3	که	که	که	-
4	خودم	خود	خودم	-
5	را	را	را	-
6	تنها	تن	تنها	-
7	و	و	و	-
8	رها	ر	رها	-
9	یافتم	یاف	یافت#یاب	-
10	،	،	،	-
11	هیچ	هیچ	هیچ	-
12	از	از	از	-
13	مکان	مک	مکان	-
14	و	و	و	-
15	پیرامونم	پیرامون	پیرامون	-
16	نمیدانستم	نمیدانس	نمیدانستم	-
17	.	.	.	-

0	هیچوقت	هیچوق	هیچوقت	-
1	مسیریاب	مسیریاب	مسیریاب	-
2	قابلی	قابل	قابل	-
3	نبودم	نبود	بود#باش	-
4	و	و	و	-
5	فقط	فقط	فقط	-
6	با	با	با	-
7	کمک	کمک	کمک	-
8	خورشید	خورشید	خورشید	-
9	و	و	و	-
10	ستاره‌ها	ستاره	ستاره	-
11	،	،	،	-
12	آن	آن	آن	-
13	هم	ه	هم	-
14	به	به	به	-
15	دشواری	دشوار	دشوار	-
16	،	،	،	-
17	متوجه	متوجه	متوجه	-
18	شدم	شد	شد#شو	-
19	احتمالا	احتمالا	احتمالا	-
20	پایینتر	پایین	پایین	-
21	از	از	از	-
22	نصف‌النهار	نصف‌النهار	نصف‌النهار	-
23	هستم	هس	#هست	-
24	.	.	.	-

0	از	از	از	-
1	طول	طول	طول	-
2	جغرافیایی	جغرافیا	جغرافیایی	-
3	مکان	مک	مکان	-
4	خود	خود	خود	-
5	هیچ	هیچ	هیچ	-
6	اطلاعی	اطلاع	اطلاع	-
7	نداشتم	ندا	داشت#دار	-
8	و	و	و	-
9	تا	تا	تا	-
10	دوردستها	دوردست	دوردست	-
11	جزیره	جزیره	جزیره	-
12	و	و	و	-
13	ساحلی	ساحل	ساحل	-
14	به	به	به	-
15	چشم	چ	چشم	-
16	نمی‌آمد	نمی‌آمد	آمد#آ	-
17	.	.	.	-

0	هوا	هوا	هوا	-
1	آرام	آرا	آرام	-
2	بود	بود	بود#باش	-
3	و	و	و	-
4	من	من	من	-
5	روزهای	روز	روز	-
6	بسیار	بسیار	بسیار	-
7	که	که	که	-
8	شمارش	شمار	شمارش	-
9	از	از	از	-
10	دستانم	دستان	دستانم	-
11	خارج	خارج	خارج	-
12	است	اس	#است	-
13	،	،	،	-
14	زیر	زیر	زیر	-
15	خورشید	خورشید	خورشید	-
16	سوزان	سوز	سوز	-
17	سرگردان	سرگرد	سرگردان	-
18	بودم	بود	بود#باش	-
19	؛	؛	؛	-
20	در	در	در	-
21	انتظار	انتظار	انتظار	-
22	کشتی‌ای	کشتی	کشتی	-
23	که	که	که	-
24	از	از	از	-
25	مجاورتم	مجاور	مجاور	-
26	عبور	عبور	عبور	-
27	کند	کند	کند	-
28	یا	یا	یا	-
29	جزیرهای	جزیر	جزیرهای	-
30	که	که	که	-
31	قابل	قابل	قابل	-
32	سکونت	سکون	سکونت	-
33	باشد	باشد	بود#باش	-
34	.	.	.	-

0	اما	اما	اما	-
1	نه	نه	نه	-
2	از	از	از	-
3	کشتی	کشت	کشتی	-
4	و	و	و	-
5	نه	نه	نه	-
6	از	از	از	-
7	جزیره	جزیره	جزیره	-
8	خبری	خبر	خبر	-
9	نشد	نشد	شد#شو	-
10	و	و	و	-
11	در	در	در	-
12	سنگینی	سنگین	سنگین	-
13	آن	آن	آن	-
14	آبی	آب	آب	-
15	بی‌انتها	بی‌انت	بی‌انتها	-
16	،	،	،	-
17	ناامیدی	ناامید	ناامیدی	-
18	در	در	در	-
19	تنهایی‌ام	تنهایی	تنهایی‌ام	-
20	ریشه	ریشه	ریشه	-
21	دواند	دواند	دواند	-
22	.	.	.	-

0	تغییر	تغییر	تغییر	-
1	،	،	،	-
2	زمانی	زمان	زمان	-
3	که	که	که	-
4	در	در	در	-
5	خواب	خواب	خواب	-
6	بودم	بود	بود#باش	-
7	رخ	رخ	رخ	-
8	داد	داد	داد	-
9	.	.	.	-

0	جزئیاتش	جزئیات	جزئیات	-
1	را	را	را	-
2	هیچوقت	هیچوق	هیچوقت	-
3	نخواهم_دانست	نخواهم_دانس	دانست#دان	-
4	،	،	،	-
5	زیرا	زیرا	زیرا	-
6	خوابم	خواب	خوابید#خواب	-
7	،	،	،	-
8	هرچند	هرچند	هرچند	-
9	آشفته	آشفته	آشفته	-
10	و	و	و	-
11	آلوده	آلوده	آلوده	-
12	به	به	به	-
13	رویا	رویا	رویا	-
14	،	،	،	-
15	پیوسته_بود	پیوسته_بود	پیوست#پیوند	-
16	.	.	.	-

0	زمانی	زمان	زمان	-
1	که	که	که	-
2	بالآخره	بالآخره	بالآخره	-
3	بیدار	بیدار	بیدار	-
4	شدم	شد	شد#شو	-
5	،	،	،	-
6	خود	خود	خود	-
7	را	را	را	-
8	تا	تا	تا	-
9	کمر	کمر	کمر	-
10	فرو	فرو	فرو	-
11	رفته	رفته	رفته	-
12	در	در	در	-
13	توده‌ای	توده	توده	-
14	لزج	لزج	لزج	-
15	از	از	از	-
16	لجنی	لجن	لجن	-
17	جهنمی	جهنم	جهنم	-
18	و	و	و	-
19	سیاهرنگ	سیاهرنگ	سیاهرنگ	-
20	یافتم	یاف	یافت#یاب	-
21	که	که	که	-
22	زمین	زمین	زمین	-
23	اطرافم	اطراف	اطراف	-
24	را	را	را	-
25	تا	تا	تا	-
26	چشم	چ	چشم	-
27	کار	کار	کار	-
28	میکرد	میکرد	میکرد	-
29	پوشانده_بود	پوشانده_بود	پوشاند#پوشان	-
30	.	.	.	-

0	قایقم	قایق	قایق	-
1	هم	ه	هم	-
2	کمی	کم	کم	-
3	آن‌طرفتر	آن‌طرف	آن‌طرف	-
4	،	،	،	-
5	در	در	در	-
6	همین	همین	همین	-
7	لجن	لجن	لجن	-
8	به	به	به	-
9	زمین	زمین	زمین	-
10	نشسته_بود	نشسته_بود	نشست#نشین	-
11	.	.	.	-

0	خواننده‌ی	خواننده	خواننده	-
1	این	این	این	-
2	متن	متن	متن	-
3	شاید	شاید	شاید	-
4	گمان	گ	گمان	-
5	ببرد	ببرد	ببرد	-
6	که	که	که	-
7	نخستین	نخستین	نخستین	-
8	واکنش	واکن	واکنش	-
9	من	من	من	-
10	باید	باید	باید	-
11	متحیر	متحیر	متحیر	-
12	شدن	شدن	شدن	-
13	از	از	از	-
14	این	این	این	-
15	تغییر	تغییر	تغییر	-
16	عظیم	عظ	عظیم	-
17	و	و	و	-
18	نامنتظره‌ی	نامنتظره	نامنتظره	-
19	محیط	محیط	محیط	-
20	پیرامونم	پیرامون	پیرامون	-
21	باشد	باشد	بود#باش	-
22	،	،	،	-
23	اما	اما	اما	-
24	در	در	در	-
25	حقیقت	حقیق	حقیقت	-
26	من	من	من	-
27	بیش	ب	بیش	-
28	از	از	از	-
29	آنکه	آنکه	آنکه	-
30	شگفت‌زده	شگفت‌زده	شگفت‌زده	-
31	باشم	با	بود#باش	-
32	،	،	،	-
33	ترسیده_بودم	ترسیده_بود	ترسید#ترس	-
34	؛	؛	؛	-
35	چرا	چرا	چرا	-
36	که	که	که	-
37	در	در	در	-
38	آن	آن	آن	-
39	هوا	هوا	هوا	-
40	و	و	و	-
41	خاک	خاک	خاک	-
42	فاسد	فاسد	فاسد	-
43	چنان	چن	چنان	-
44	حالت	حال	حالت	-
45	مخوفی	مخوف	مخوف	-
46	وجود	وجود	وجود	-
47	داشت	دا	داشت	-
48	که	که	که	-
49	تا	تا	تا	-
50	عمق	عمق	عمق	-
51	وجودم	وجود	وجود	-
52	را	را	را	-
53	میلرزاند	میلرزاند	میلرزاند	-
54	.	.	.	-

0	زمین	زمین	زمین	-
1	پوشیده_بود	پوشیده_بود	پوشید#پوش	-
2	از	از	از	-
3	لاشه‌ی	لاشه	لاشه	-
4	درحال	درحال	درحال	-
5	فساد	فساد	فساد	-
6	ماهیها	ماهی	ماهیها	-
7	و	و	و	-
8	چیزهای	چیز	چیز	-
9	وصف‌ناپذیر	وصف‌ناپذیر	وصف‌ناپذیر	-
10	دیگری	دیگر	دیگر	-
11	که	که	که	-
12	از	از	از	-
13	میان	م	میان	-
14	گل‌ولای	گل‌ولا	گل‌ولای	-
15	کریه	کریه	کریه	-
16	آن	آن	آن	-
17	دشت	د	دشت	-
18	بی‌انتها	بی‌انت	بی‌انتها	-
19	سر	سر	سر	-
20	بیرون	بیرون	بیرون	-
21	آورده_بودند	آورده_بودند	آورد#آور	-
22	.	.	.	-

0	نباید	نباید	نباید	-
1	امید	امید	امید	-
2	داشته_باشم	داشته_با	داشت#دار	-
3	که	که	که	-
4	بتوانم	بتوان	توانست#توان	-
5	آن	آن	آن	-
6	مخافت	مخاف	مخافت	-
7	هولناکی	هولناک	هولناک	-
8	که	که	که	-
9	در	در	در	-
10	سکوت	سکو	سکوت	-
11	محض	محض	محض	-
12	جای	جا	جای	-
13	گرفته_بود	گرفته_بود	گرفت#گیر	-
14	را	را	را	-
15	به	به	به	-
16	قالب	قالب	قالب	-
17	کلمات	کل	کلمات	-
18	در	در	در	-
19	بیاورم	بیاور	آورد#آور	-
20	.	.	.	-

0	کمترین	ک	کمترین	-
1	صدایی	صدا	صدا	-
2	به	به	به	-
3	گوش	گو	گوش	-
4	نمی‌رسید	نمی‌رسید	رسید#رس	-
5	و	و	و	-
6	هیچ	هیچ	هیچ	-
7	چیز	چیز	چیز	-
8	به	به	به	-
9	چشم	چ	چشم	-
10	نمی‌آمد	نمی‌آمد	آمد#آ	-
11	،	،	،	-
12	مگر	مگر	مگر	-
13	محدودهای	محدود	محدود	-
14	وسیع	وسیع	وسیع	-
15	از	از	از	-
16	لجنی	لجن	لجن	-
17	سیاهرنگ	سیاهرنگ	سیاهرنگ	-
18	.	.	.	-

0	اما	اما	اما	-
1	آن	آن	آن	-
2	حد	حد	حد	-
3	از	از	از	-
4	سکوت	سکو	سکوت	-
5	و	و	و	-
6	سکون	سکون	سکون	-
7	و	و	و	-
8	یکنواختی	یکنواخت	یکنواخت	-
9	منظره	منظره	منظره	-
10	،	،	،	-
11	مرا	مرا	مرا	-
12	دچار	دچار	دچار	-
13	ترسی	ترس	ترسید#ترس	-
14	تهوع‌آور	تهوع‌آور	تهوع‌آور	-
15	می‌کرد	می‌کرد	کرد#کن	-
16	.	.	.	-

0	خورشید	خورشید	خورشید	-
1	در	در	در	-
2	میان	م	میان	-
3	آسمانی	آسمان	آسمان	-
4	وحشی	وحش	وحش	-
5	و	و	و	-
6	بی‌ابر	بی‌ابر	بی‌ابر	-
7	می‌تابید	می‌تابید	می‌تابید	-
8	که	که	که	-
9	به	به	به	-
10	دید	دید	دید	-
11	من	من	من	-
12	،	،	،	-
13	انگار	انگار	انگار	-
14	سیاه	سیاه	سیاه	-
15	بود	بود	بود#باش	-
16	.	.	.	-

0	انگار	انگار	انگار	-
1	که	که	که	-
2	تصویر	تصویر	تصویر	-
3	گل‌ولای	گل‌ولا	گل‌ولای	-
4	جوهرمانند	جوهرمانند	جوهرمانند	-
5	زیر	زیر	زیر	-
6	پاهایم	پا	پا	-
7	،	،	،	-
8	در	در	در	-
9	آسمان	آس	آسمان	-
10	منعکس	منعکس	منعکس	-
11	شده_بود	شده_بود	شد#شو	-
12	.	.	.	-

0	هنگامی	هنگام	هنگامی	-
1	که	که	که	-
2	خودم	خود	خودم	-
3	را	را	را	-
4	افتان	اف	افتان	-
5	و	و	و	-
6	خیزان	خیز	خیز	-
7	به	به	به	-
8	قایق	قایق	قایق	-
9	رساندم	رساند	رساند#رسان	-
10	،	،	،	-
11	دریافتم	دریاف	دریافتم	-
12	که	که	که	-
13	تنها	تن	تنها	-
14	یک	یک	یک	-
15	نظریه	نظریه	نظریه	-
16	برای	برا	برای	-
17	توجیه	توجیه	توجیه	-
18	وضعیتم	وضع	وضع	-
19	وجود	وجود	وجود	-
20	دارد	دارد	داشت#دار	-
21	.	.	.	-

0	طی	ط	طی	-
1	یک	یک	یک	-
2	فوران	فور	فوران	-
3	نادر	نادر	نادر	-
4	آتشفشانی	آتشفشان	آتشفشانی	-
5	،	،	،	-
6	تکه‌ای	تکه	تکه	-
7	از	از	از	-
8	کف	کف	کف	-
9	اقیانوس	اقیانوس	اقیانوس	-
10	بالا	بالا	بالا	-
11	آمده_بود	آمده_بود	آمد#آ	-
12	و	و	و	-
13	زمین‌هایی	زمین	زمین	-
14	را	را	را	-
15	آشکار	آشکار	آشکار	-
16	کرده_بود	کرده_بود	کرد#کن	-
17	که	که	که	-
18	میلیونها	میلیون	میلیون	-
19	سال	سال	سال	-
20	در	در	در	-
21	اعماق	اعماق	اعماق	-
22	دست‌نیافتنی	دست‌نیافتن	دست‌نیافتنی	-
23	آبها	آب	آب	-
24	پنهان	پنه	پنهان	-
25	مانده_بودند	مانده_بودند	ماند#مان	-
26	.	.	.	-

0	زمینی	زمین	زمین	-
1	که	که	که	-
2	در	در	در	-
3	زیر	زیر	زیر	-
4	من	من	من	-
5	بالا	بالا	بالا	-
6	آمده_بود	آمده_بود	آمد#آ	-
7	چنان	چن	چنان	-
8	وسیع	وسیع	وسیع	-
9	بود	بود	بود#باش	-
10	که	که	که	-
11	هرچقدر	هرچقدر	هرچقدر	-
12	گوشهایم	گوش	گوش	-
13	را	را	را	-
14	تیز	تیز	تیز	-
15	می‌کردم	می‌کرد	کرد#کن	-
16	،	،	،	-
17	کمترین	ک	کمترین	-
18	صدایی	صدا	صدا	-
19	از	از	از	-
20	تلاطم	تلاط	تلاطم	-
21	اقیانوس	اقیانوس	اقیانوس	-
22	به	به	به	-
23	گوشم	گو	گوشم	-
24	نمی‌رسید	نمی‌رسید	رسید#رس	-
25	.	.	.	-

0	حتا	حتا	حتا	-
1	مرغان	مرغ	مرغ	-
2	دریایی	دریا	دریا	-
3	برای	برا	برای	-
4	ارتزاق	ارتزاق	ارتزاق	-
5	از	از	از	-
6	ماهیان	ماه	ماه	-
7	مرده	مرده	مرده	-
8	نیامده	نیامده	نیامده	-
9	بودند	بودند	بود#باش	-
10	.	.	.	-

0	ساعتها	ساعت	ساعت	-
1	در	در	در	-
2	قایق	قایق	قایق	-
3	که	که	که	-
4	به	به	به	-
5	یکسو	یکسو	یکسو	-
6	افتاده	افتاده	افتاده	-
7	و	و	و	-
8	سرپناه	سرپناه	سرپناه	-
9	مختصری	مختصر	مختصر	-
10	در	در	در	-
11	برابر	برابر	برابر	-
12	آفتاب	آفتاب	آفتاب	-
13	ارائه	ارائه	ارائه	-
14	کرده_بود	کرده_بود	کرد#کن	-
15	غرق	غرق	غرق	-
16	در	در	در	-
17	فکر	فکر	فکر	-
18	و	و	و	-
19	اندیشه	اندیشه	اندیشه	-
20	نشستم	نشس	نشست#نشین	-
21	.	.	.	-

0	کمی	کم	کم	-
1	که	که	که	-
2	از	از	از	-
3	روز	روز	روز	-
4	گذشت	گذ	گذشت#گذر	-
5	،	،	،	-
6	زمین	زمین	زمین	-
7	چسبندگی	چسبندگ	چسبندگی	-
8	خود	خود	خود	-
9	را	را	را	-
10	از	از	از	-
11	دست	دس	دست	-
12	داد	داد	داد	-
13	و	و	و	-
14	به	به	به	-
15	نظر	نظر	نظر	-
16	کمی	کم	کم	-
17	دیگر	دیگر	دیگر	-
18	آماده‌ی	آماده	آماده	-
19	قدم‌زدن	قدم‌زدن	قدم‌زدن	-
20	میشد	میشد	میشد	-
21	.	.	.	-

0	آن	آن	آن	-
1	شب	شب	شب	-
2	زمان	ز	زمان	-
3	زیادی	زیاد	زیاد	-
4	نخوابیدم	نخوابید	خوابید#خواب	-
5	،	،	،	-
6	و	و	و	-
7	فردا	فردا	فردا	-
8	برای	برا	برای	-
9	خودم	خود	خودم	-
10	بسته‌ای	بسته	بسته‌ای	-
11	شامل	شامل	شامل	-
12	آب	آب	آب	-
13	و	و	و	-
14	غذا	غذا	غذا	-
15	فراهم	فراه	فراهم	-
16	کردم	کرد	کرد#کن	-
17	؛	؛	؛	-
18	توشه‌ای	توشه	توشه	-
19	برای	برا	برای	-
20	یک	یک	یک	-
21	سفر	سفر	سفر	-
22	زمینی	زمین	زمین	-
23	در	در	در	-
24	جستجوی	جستجو	جستجو	-
25	دریایی	دریا	دریا	-
26	که	که	که	-
27	ناپدید	ناپدید	ناپدید	-
28	شده_بود	شده_بود	شد#شو	-
29	و	و	و	-
30	احتمالا	احتمالا	احتمالا	-
31	راهی	راه	راه	-
32	برای	برا	برای	-
33	نجات	نج	نجات	-
34	.	.	.	-

0	روز	روز	روز	-
1	سوم	سو	سوم	-
2	،	،	،	-
3	زمین	زمین	زمین	-
4	را	را	را	-
5	خشک	خشک	خشک	-
6	یافتم	یاف	یافت#یاب	-
7	،	،	،	-
8	طوری	طور	طوری	-
9	که	که	که	-
10	میشد	میشد	میشد	-
11	رویش	رو	رویش	-
12	بی	ب	بی	-
13	دردسر	دردسر	دردسر	-
14	قدم	قد	قدم	-
15	برداشت	بردا	برداشت	-
16	.	.	.	-

0	بوی	بو	بو	-
1	فساد	فساد	فساد	-
2	ماهی‌ها	ماهی	ماهی‌ها	-
3	جنون	جنون	جنون	-
4	آور	آور	آور	-
5	بود	بود	بود#باش	-
6	؛	؛	؛	-
7	اما	اما	اما	-
8	ذهنم	ذهن	ذهن	-
9	درگیر	درگیر	درگیر	-
10	موضوعاتی	موضوعات	موضوعات	-
11	چنان	چن	چنان	-
12	حیاتی	حیات	حیاتی	-
13	بود	بود	بود#باش	-
14	که	که	که	-
15	چنین	چنین	چنین	-
16	آزار	آزار	آزار	-
17	مختصری	مختصر	مختصر	-
18	را	را	را	-
19	نادیده	نادیده	نادیده	-
20	می‌گرفت	می‌گرف	گرفت#گیر	-
21	،	،	،	-
22	و	و	و	-
23	من	من	من	-
24	جسورانه	جسورانه	جسورانه	-
25	در	در	در	-
26	پی	پ	پی	-
27	هدفی	هدف	هدف	-
28	نامعلوم	نامعلو	نامعلوم	-
29	سفرم	سفر	سفر	-
30	را	را	را	-
31	آغاز	آغاز	آغاز	-
32	کردم	کرد	کرد#کن	-
33	.	.	.	-

0	تمام	تما	تمام	-
1	روز	روز	روز	-
2	را	را	را	-
3	مصمم	مصم	مصمم	-
4	به	به	به	-
5	سمت	سم	سمت	-
6	غرب	غرب	غرب	-
7	رفتم	رف	رفت#رو	-
8	،	،	،	-
9	به	به	به	-
10	سوی	سو	سو	-
11	تپه‌ای	تپه	تپه	-
12	در	در	در	-
13	دوردست	دوردس	دوردست	-
14	که	که	که	-
15	مرتفع‌تر	مرتفع	مرتفع	-
16	از	از	از	-
17	هر	هر	هر	-
18	بلندی	بلند	بلند	-
19	دیگری	دیگر	دیگر	-
20	بود	بود	بود#باش	-
21	.	.	.	-

0	شب	شب	شب	-
1	را	را	را	-
2	در	در	در	-
3	جایی	جا	جا	-
4	مستقر	مستقر	مستقر	-
5	شدم	شد	شد#شو	-
6	و	و	و	-
7	روز	روز	روز	-
8	بعد	بعد	بعد	-
9	دوباره	دوباره	دوباره	-
10	به	به	به	-
11	سوی	سو	سو	-
12	تپه	تپه	تپه	-
13	حرکت	حرک	حرکت	-
14	کردم	کرد	کرد#کن	-
15	،	،	،	-
16	هرچند	هرچند	هرچند	-
17	که	که	که	-
18	چندان	چند	چندان	-
19	بزرگتر	بزرگ	بزرگ	-
20	از	از	از	-
21	وقتی	وقت	وقت	-
22	که	که	که	-
23	نخستین‌بار	نخستین‌بار	نخستین‌بار	-
24	دیده	دیده	دیده	-
25	بودمش	بودم	بودمش	-
26	به	به	به	-
27	نظر	نظر	نظر	-
28	نمی‌آمد	نمی‌آمد	آمد#آ	-
29	.	.	.	-

0	عصر	عصر	عصر	-
1	روز	روز	روز	-
2	چهارم	چهار	چهارم	-
3	به	به	به	-
4	دامنه‌ی	دامنه	دامنه	-
5	تپه	تپه	تپه	-
6	رسیدم	رسید	رسید#رس	-
7	،	،	،	-
8	که	که	که	-
9	حالا	حالا	حالا	-
10	بسیار	بسیار	بسیار	-
11	بزرگتر	بزرگ	بزرگ	-
12	از	از	از	-
13	قبل	قبل	قبل	-
14	به	به	به	-
15	نظر	نظر	نظر	-
16	می‌رسید	می‌رسید	رسید#رس	-
17	.	.	.	-

0	تپه	تپه	تپه	-
1	در	در	در	-
2	مجاورت	مجاور	مجاورت	-
3	دره‌ای	دره	دره	-
4	بود	بود	بود#باش	-
5	و	و	و	-
6	این	این	این	-
7	باعث	باعث	باعث	-
8	می‌شد	می‌شد	شد#شو	-
9	دامنه‌ی	دامنه	دامنه	-
10	پرشیبی	پرشیب	پرشیب	-
11	داشته_باشد	داشته_باشد	داشت#دار	-
12	.	.	.	-

0	خسته‌تر	خسته	خسته	-
1	از	از	از	-
2	آن	آن	آن	-
3	بودم	بود	بود#باش	-
4	که	که	که	-
5	بالا	بالا	بالا	-
6	بروم	برو	رفت#رو	-
7	،	،	،	-
8	پس	پس	پس	-
9	در	در	در	-
10	سایه‌ی	سایه	سایه	-
11	تپه	تپه	تپه	-
12	به	به	به	-
13	خواب	خواب	خواب	-
14	رفتم	رف	رفت#رو	-
15	.	.	.	-

0	نمیدانم	نمیدان	نمیدانم	-
1	رویاهای	رویا	رویاهای	-
2	آن	آن	آن	-
3	شبم	شب	شب	-
4	چرا	چرا	چرا	-
5	آنچنان	آنچن	آنچنان	-
6	دیوانه‌وار	دیوانه‌وار	دیوانه‌وار	-
7	بودند	بودند	بود#باش	-
8	.	.	.	-

0	اما	اما	اما	-
1	پیش	پ	پیش	-
2	از	از	از	-
3	آنکه	آنکه	آنکه	-
4	ماه	ماه	ماه	-
5	از	از	از	-
6	نیمه	نیمه	نیمه	-
7	گذشته	گذشته	گذشته	-
8	که	که	که	-
9	رو	رو	رو	-
10	به	به	به	-
11	نازکی	نازک	نازک	-
12	می‌رفت	می‌رف	رفت#رو	-
13	بر	بر	بر	-
14	فراز	فراز	فراز	-
15	فلات‌های	فلات	فلات	-
16	شرق	شرق	شرق	-
17	نمایان	نما	نمایان	-
18	شود	شود	شد#شو	-
19	،	،	،	-
20	من	من	من	-
21	بیدار	بیدار	بیدار	-
22	و	و	و	-
23	خیس	خیس	خیس	-
24	از	از	از	-
25	عرق	عرق	عرق	-
26	سرد	سرد	سرد	-
27	بودم	بود	بود#باش	-
28	و	و	و	-
29	دیگر	دیگر	دیگر	-
30	قصد	قصد	قصد	-
31	خوابیدن	خوابیدن	خوابیدن	-
32	نداشتم	ندا	داشت#دار	-
33	.	.	.	-

0	مشاهده‌ی	مشاهده	مشاهده	-
1	دوباره‌ی	دوباره	دوباره	-
2	تصاویری	تصاویر	تصاویر	-
3	که	که	که	-
4	به	به	به	-
5	خواب	خواب	خواب	-
6	دیده_بودم	دیده_بود	دید#بین	-
7	،	،	،	-
8	از	از	از	-
9	تحملم	تحمل	تحمل	-
10	خارج	خارج	خارج	-
11	بود	بود	بود#باش	-
12	.	.	.	-

0	و	و	و	-
1	در	در	در	-
2	تلألو	تلألو	تلألو	-
3	ماه	ماه	ماه	-
4	دریافتم	دریاف	دریافتم	-
5	که	که	که	-
6	سفر	سفر	سفر	-
7	کردن	کردن	کردن	-
8	در	در	در	-
9	روز	روز	روز	-
10	چه	چه	چه	-
11	انتخاب	انتخاب	انتخاب	-
12	نابخردانه‌ای	نابخردانه	نابخردانه	-
13	بوده_است	بوده_اس	بود#باش	-
14	.	.	.	-

0	سفرم	سفر	سفر	-
1	بی	ب	بی	-
2	حضور	حضور	حضور	-
3	تابش	تاب	تابش	-
4	سوزان	سوز	سوز	-
5	خورشید	خورشید	خورشید	-
6	توان	تو	توان	-
7	کمتری	کمتر	کمتر	-
8	از	از	از	-
9	من	من	من	-
10	می‌گرفت	می‌گرف	گرفت#گیر	-
11	.	.	.	-

0	در	در	در	-
1	حقیقت	حقیق	حقیقت	-
2	،	،	،	-
3	حالا	حالا	حالا	-
4	حس	حس	حس	-
5	می‌کردم	می‌کرد	کرد#کن	-
6	توان	تو	توان	-
7	به	به	به	-
8	انجام	انجا	انجام	-
9	رساندن	رساندن	رساندن	-
10	صعودی	صعود	صعود	-
11	که	که	که	-
12	پیشتر	پ	پیشتر	-
13	هنگام	هنگا	هنگام	-
14	روز	روز	روز	-
15	از	از	از	-
16	آن	آن	آن	-
17	منصرف	منصرف	منصرف	-
18	شده_بودم	شده_بود	شد#شو	-
19	را	را	را	-
20	داشتم	دا	داشت#دار	-
21	.	.	.	-

0	بسته‌ام	بسته	بست#بند	-
1	را	را	را	-
2	برداشتم	بردا	برداشتم	-
3	و	و	و	-
4	به	به	به	-
5	سوی	سو	سو	-
6	سینه‌ی	سینه	سینه	-
7	تپه	تپه	تپه	-
8	به	به	به	-
9	راه	راه	راه	-
10	افتادم	افتاد	افتاد#افت	-
11	.	.	.	-

0	پیشتر	پ	پیشتر	-
1	گفتم	گف	گفت#گو	-
2	که	که	که	-
3	یکنواختی	یکنواخت	یکنواخت	-
4	تزلزل‌ناپذیر	تزلزل‌ناپذیر	تزلزل‌ناپذیر	-
5	محیط	محیط	محیط	-
6	پیرامونم	پیرامون	پیرامون	-
7	برای	برا	برای	-
8	من	من	من	-
9	به	به	به	-
10	نوعی	نوع	نوع	-
11	هراس‌آور	هراس‌آور	هراس‌آور	-
12	بود	بود	بود#باش	-
13	؛	؛	؛	-
14	اما	اما	اما	-
15	احساس	احساس	احساس	-
16	میکنم	میکن	میکنم	-
17	زمانی	زمان	زمان	-
18	که	که	که	-
19	به	به	به	-
20	قله‌ی	قله	قله	-
21	تپه	تپه	تپه	-
22	رسیدم	رسید	رسید#رس	-
23	و	و	و	-
24	به	به	به	-
25	سوی	سو	سو	-
26	دیگرش	دیگر	دیگر	-
27	نگاه	نگاه	نگاه	-
28	انداخته	انداخته	انداخته	-
29	و	و	و	-
30	دره	دره	دره	-
31	یا	یا	یا	-
32	گسلی	گسل	گسلی	-
33	بی‌اندازه	بی‌اندازه	بی‌اندازه	-
34	عمیق	عمیق	عمیق	-
35	را	را	را	-
36	دیدم	دید	دید#بین	-
37	که	که	که	-
38	ماه	ماه	ماه	-
39	هنوز	هنوز	هنوز	-
40	آنقدر	آنقدر	آنقدر	-
41	در	در	در	-
42	آسمان	آس	آسمان	-
43	بالا	بالا	بالا	-
44	نرفته_بود	نرفته_بود	رفت#رو	-
45	تا	تا	تا	-
46	گوشه	گوشه	گوشه	-
47	و	و	و	-
48	کنارهای	کنار	کنار	-
49	تاریکش	تاریک	تاریک	-
50	را	را	را	-
51	روشن	روشن	روشن	-
52	کند	کند	کند	-
53	،	،	،	-
54	وحشتی	وحشت	وحشت	-
55	بسیار	بسیار	بسیار	-
56	بیشتر	ب	بیشتر	-
57	را	را	را	-
58	متحمل	متحمل	متحمل	-
59	شدم	شد	شد#شو	-
60	.	.	.	-

0	احساس	احساس	احساس	-
1	میکردم	میکرد	میکردم	-
2	بر	بر	بر	-
3	لبه‌ی	لبه	لبه	-
4	جهان	جه	جهان	-
5	قرار	قرار	قرار	-
6	دارم	دار	داشت#دار	-
7	و	و	و	-
8	چشم	چ	چشم	-
9	به	به	به	-
10	آشوبی	آشوب	آشوب	-
11	و	و	و	-
12	صعود	صعود	صعود	-
13	هولناک	هولناک	هولناک	-
14	شیطان	شیط	شیطان	-
15	در	در	در	-
16	سرزمین‌های	سرزمین	سرزمین	-
17	بی‌انتها	بی‌انت	بی‌انتها	-
18	از	از	از	-
19	شبی	شب	شب	-
20	ابدی	ابد	ابد	-
21	دوخته‌ام	دوخته	دوخت#دوز	-
22	.	.	.	-

0	در	در	در	-
1	میانه‌ی	میانه	میانه	-
2	وحشت	وح	وحشت	-
3	،	،	،	-
4	بخش‌هایی	بخش	بخش	-
5	از	از	از	-
6	بیقواره‌ی	بیقواره	بیقواره‌ی	-
7	تاریکی	تاریک	تاریکی	-
8	به	به	به	-
9	یادم	یاد	یاد	-
10	می‌آمد	می‌آمد	آمد#آ	-
11	.	.	.	-

0	ماه	ماه	ماه	-
1	که	که	که	-
2	در	در	در	-
3	آسمان	آس	آسمان	-
4	بالاتر	بالا	بالا	-
5	رفت	رف	رفت#رو	-
6	،	،	،	-
7	دریافتم	دریاف	دریافتم	-
8	شیب	شیب	شیب	-
9	تپه	تپه	تپه	-
10	آنچنان	آنچن	آنچنان	-
11	هم	ه	هم	-
12	که	که	که	-
13	گمان	گ	گمان	-
14	برده_بودم	برده_بود	برد#بر	-
15	تند	تند	تند	-
16	نبود	نبود	بود#باش	-
17	.	.	.	-

0	لبه‌ها	لبه	لبه	-
1	و	و	و	-
2	زائده‌های	زائده	زائده	-
3	تخته‌سنگها	تخته‌سنگ	تخته‌سنگ	-
4	جای	جا	جای	-
5	پای	پا	پای	-
6	نسبتا	نسبتا	نسبتا	-
7	راحتی	راحت	راحت	-
8	برای	برا	برای	-
9	پایین	پایین	پایین	-
10	آمدن	آمدن	آمدن	-
11	فراهم	فراه	فراهم	-
12	می‌کردند	می‌کردند	کرد#کن	-
13	؛	؛	؛	-
14	هرچند	هرچند	هرچند	-
15	که	که	که	-
16	پس	پس	پس	-
17	از	از	از	-
18	چندصد	چندصد	چندصد	-
19	پا	پا	پا	-
20	پایین	پایین	پایین	-
21	آمدن	آمدن	آمدن	-
22	،	،	،	-
23	از	از	از	-
24	شیب	شیب	شیب	-
25	بسیار	بسیار	بسیار	-
26	کاسته_می‌شد	کاسته_می‌شد	کاست#کاه	-
27	.	.	.	-

0	با	با	با	-
1	شوقی	شوق	شوق	-
2	که	که	که	-
3	به	به	به	-
4	هیچ	هیچ	هیچ	-
5	روی	رو	روی	-
6	دلیلش	دلیل	دلیل	-
7	را	را	را	-
8	نمی‌فهمیدم	نمی‌فهمید	فهمید#فهم	-
9	،	،	،	-
10	به	به	به	-
11	دشواری	دشوار	دشوار	-
12	از	از	از	-
13	صخره‌ها	صخره	صخره	-
14	به	به	به	-
15	پایین	پایین	پایین	-
16	لغزیدم	لغزید	لغزید#لغز	-
17	و	و	و	-
18	روی	رو	روی	-
19	شیب	شیب	شیب	-
20	ملایم	ملا	ملایم	-
21	آن	آن	آن	-
22	پایین	پایین	پایین	-
23	ایستادم	ایستاد	ایستاد#ایست	-
24	و	و	و	-
25	به	به	به	-
26	آن	آن	آن	-
27	اعماق	اعماق	اعماق	-
28	سراسر	سراسر	سراسر	-
29	سیاه	سیاه	سیاه	-
30	گسل	گسل	گسل	-
31	چشم	چ	چشم	-
32	دوختم	دوخ	دوخت#دوز	-
33	که	که	که	-
34	هنوز	هنوز	هنوز	-
35	نوری	نور	نوری	-
36	به	به	به	-
37	آنها	آن	آن	-
38	راه	راه	راه	-
39	نیافته_بود	نیافته_بود	یافت#یاب	-
40	.	.	.	-

0	ناگهان	ناگه	ناگهان	-
1	توجهم	توجه	توجه	-
2	به	به	به	-
3	شئی	شئ	شئی	-
4	یگانه	یگانه	یگانه	-
5	و	و	و	-
6	وسیع	وسیع	وسیع	-
7	جلب	جلب	جلب	-
8	شد	شد	شد#شو	-
9	که	که	که	-
10	بر	بر	بر	-
11	تپه‌ی	تپه	تپه	-
12	دیگری	دیگر	دیگر	-
13	قرار	قرار	قرار	-
14	داشت	دا	داشت	-
15	که	که	که	-
16	تقریبا	تقریبا	تقریبا	-
17	صد	صد	صد	-
18	یارد	یارد	یارد	-
19	جلوتر	جلو	جلو	-
20	دوباره	دوباره	دوباره	-
21	از	از	از	-
22	آن‌سوی	آن‌سو	آن‌سو	-
23	گسل	گسل	گسل	-
24	سر	سر	سر	-
25	بلند	بلند	بلند	-
26	می‌کرد	می‌کرد	کرد#کن	-
27	،	،	،	-
28	شئی	شئ	شئی	-
29	که	که	که	-
30	زیر	زیر	زیر	-
31	نور	نور	نور	-
32	تازه‌رسیده‌ی	تازه‌رسیده	تازه‌رسیده‌ی	-
33	مهتاب	مهتاب	مهتاب	-
34	،	،	،	-
35	برق	برق	برق	-
36	سفیدی	سفید	سفید	-
37	داشت	دا	داشت	-
38	.	.	.	-

0	این	این	این	-
1	که	که	که	-
2	آن	آن	آن	-
3	شئ	شئ	شئ	-
4	در	در	در	-
5	حقیقت	حقیق	حقیقت	-
6	تکه	تکه	تکه	-
7	سنگی	سنگ	سنگ	-
8	غول‌آسا	غول‌آسا	غول‌آسا	-
9	بود	بود	بود#باش	-
10	را	را	را	-
11	زود	زود	زود	-
12	بر	بر	بر	-
13	نمی‌آمد	نمی‌آمد	آمد#آ	-
14	ساخته‌ی	ساخته	ساخته	-
15	دست	دس	دست	-
16	طبیعت	طبیع	طبیعت	-
17	باشد	باشد	بود#باش	-
18	.	.	.	-

0	به	به	به	-
1	نحوی	نحو	نحو	-
2	آگاه	آگاه	آگاه	-
3	بودم	بود	بود#باش	-
4	که	که	که	-
5	از	از	از	-
6	مکان	مک	مکان	-
7	و	و	و	-
8	حالتی	حالت	حالت	-
9	که	که	که	-
10	داشت	دا	داشت	-
11	انباشته	انباشته	انباشته	-
12	از	از	از	-
13	احساسی	احساس	احساس	-
14	کرد	کرد	کرد#کن	-
15	که	که	که	-
16	از	از	از	-
17	بیانش	بیان	بیان	-
18	عاجزم	عاجز	عاجز	-
19	؛	؛	؛	-
20	زیرا	زیرا	زیرا	-
21	تقریبا	تقریبا	تقریبا	-
22	تردید	تردید	تردید	-
23	نداشتم	ندا	داشت#دار	-
24	که	که	که	-
25	با	با	با	-
26	وجود	وجود	وجود	-
27	قد	قد	قد	-
28	و	و	و	-
29	قواره‌ی	قواره	قواره	-
30	عظیمش	عظیم	عظیم	-
31	و	و	و	-
32	جای	جا	جای	-
33	گرفتنش	گرفتن	گرفتن	-
34	در	در	در	-
35	ناکجایی	ناکجا	ناکجا	-
36	که	که	که	-
37	از	از	از	-
38	آغاز	آغاز	آغاز	-
39	جهان	جه	جهان	-
40	در	در	در	-
41	کف	کف	کف	-
42	اقیانوس	اقیانوس	اقیانوس	-
43	قرار	قرار	قرار	-
44	داشت	دا	داشت	-
45	،	،	،	-
46	آن	آن	آن	-
47	شئ	شئ	شئ	-
48	عجیب	عجیب	عجیب	-
49	،	،	،	-
50	تخته‌سنگی	تخته‌سنگ	تخته‌سنگ	-
51	خوش‌تراش	خوش‌ترا	خوش‌تراش	-
52	بود	بود	بود#باش	-
53	که	که	که	-
54	تن	تن	تن	-
55	حجیمش	حجیم	حجیم	-
56	دست	دس	دست	-
57	هنروران	هنرور	هنرور	-
58	و	و	و	-
59	شاید	شاید	شاید	-
60	پرستش	پرست	پرستش	-
61	مردمانی	مردمان	مردمانی	-
62	صاحب	صاحب	صاحب	-
63	هوشمندی	هوشمند	هوشمندی	-
64	را	را	را	-
65	به	به	به	-
66	خود	خود	خود	-
67	دیده_بود	دیده_بود	دید#بین	-
68	.	.	.	-

0	گیج	گیج	گیج	-
1	و	و	و	-
2	ترسیده_بودم	ترسیده_بود	ترسید#ترس	-
3	،	،	،	-
4	اما	اما	اما	-
5	هنوز	هنوز	هنوز	-
6	بارقه‌هایی	بارقه	بارقه	-
7	از	از	از	-
8	شور	شور	شور	-
9	یک	یک	یک	-
10	باستان‌شناس	باستان‌شناس	باستان‌شناس	-
11	یا	یا	یا	-
12	دانشمند	دانشمند	دانشمند	-
13	در	در	در	-
14	من	من	من	-
15	بود	بود	بود#باش	-
16	،	،	،	-
17	پس	پس	پس	-
18	پیرامونم	پیرامون	پیرامون	-
19	را	را	را	-
20	با	با	با	-
21	دقت	دق	دقت	-
22	بیشتری	بیشتر	بیشتر	-
23	بررسی	بررس	بررسی	-
24	کردم	کرد	کرد#کن	-
25	.	.	.	-

0	ماه	ماه	ماه	-
1	حالا	حالا	حالا	-
2	در	در	در	-
3	مکان	مک	مکان	-
4	سرسو	سرسو	سرسو	-
5	قرار	قرار	قرار	-
6	داشت	دا	داشت	-
7	و	و	و	-
8	غریب	غریب	غریب	-
9	و	و	و	-
10	زنده	زنده	زنده	-
11	بر	بر	بر	-
12	تپه‌های	تپه	تپه	-
13	بلندبالا	بلندبالا	بلندبالا	-
14	می‌تابید	می‌تابید	می‌تابید	-
15	که	که	که	-
16	دره	دره	دره	-
17	را	را	را	-
18	در	در	در	-
19	محاصره	محاصره	محاصره	-
20	گرفته_بودند	گرفته_بودند	گرفت#گیر	-
21	،	،	،	-
22	و	و	و	-
23	جریانی	جریان	جریان	-
24	از	از	از	-
25	آب	آب	آب	-
26	را	را	را	-
27	در	در	در	-
28	انتهای	انت	انتهای	-
29	آن	آن	آن	-
30	دره‌ی	دره	دره	-
31	عمیق	عمیق	عمیق	-
32	آشکار	آشکار	آشکار	-
33	می‌کرد	می‌کرد	کرد#کن	-
34	.	.	.	-

0	آب	آب	آب	-
1	دیوانه‌وار	دیوانه‌وار	دیوانه‌وار	-
2	به	به	به	-
3	هردیواره‌ی	هردیواره	هردیواره‌ی	-
4	گسل	گسل	گسل	-
5	میکوبید	میکوبید	میکوبید	-
6	و	و	و	-
7	حتا	حتا	حتا	-
8	چیزی	چیز	چیز	-
9	نمانده_بود	نمانده_بود	ماند#مان	-
10	پای	پا	پای	-
11	مرا	مرا	مرا	-
12	که	که	که	-
13	بر	بر	بر	-
14	دامنه‌ی	دامنه	دامنه	-
15	شیب	شیب	شیب	-
16	ایستاده	ایستاده	ایستاده	-
17	بودم‌تر	بودم	بودم‌تر	-
18	کند	کند	کند	-
19	.	.	.	-

0	در	در	در	-
1	آن‌سوی	آن‌سو	آن‌سو	-
2	دره	دره	دره	-
3	،	،	،	-
4	موجها	موج	موج	-
5	پایه‌ی	پایه	پایه	-
6	تخته‌سنگ	تخته‌سنگ	تخته‌سنگ	-
7	غول‌آسا	غول‌آسا	غول‌آسا	-
8	را	را	را	-
9	می‌شستند	می‌شستند	می‌شستند	-
10	و	و	و	-
11	من	من	من	-
12	حالا	حالا	حالا	-
13	میتوانستم	میتوانس	میتوانستم	-
14	بر	بر	بر	-
15	سطح	سطح	سطح	-
16	۲	۲	۲	-
17	آن	آن	آن	-
18	نوشته‌ها	نوشته	نوشته	-
19	و	و	و	-
20	حکاکی‌هایی	حکاکی	حکاکی‌هایی	-
21	بی‌ظرافت	بی‌ظراف	بی‌ظرافت	-
22	را	را	را	-
23	تشخیص	تشخیص	تشخیص	-
24	دهم	ده	دهم	-
25	.	.	.	-

0	نوشته‌ها	نوشته	نوشته	-
1	به	به	به	-
2	خط‌نگارهای	خط‌نگار	خط‌نگارهای	-
3	بودند	بودند	بود#باش	-
4	که	که	که	-
5	برای	برا	برای	-
6	من	من	من	-
7	ناآشنا	ناآشنا	ناآشنا	-
8	بود	بود	بود#باش	-
9	و	و	و	-
10	به	به	به	-
11	هیچکدام	هیچکدا	هیچکدام	-
12	از	از	از	-
13	چیزهایی	چیز	چیز	-
14	که	که	که	-
15	درکتابها	درکتاب	درکتابها	-
16	دیده_بودم	دیده_بود	دید#بین	-
17	نیز	نیز	نیز	-
18	شباهت	شباه	شباهت	-
19	نداشت	ندا	داشت#دار	-
20	.	.	.	-

0	عموما	عموما	عموما	-
1	از	از	از	-
2	نشانه‌هایی	نشانه	نشانه	-
3	که	که	که	-
4	به	به	به	-
5	دریا	دریا	دریا	-
6	یا	یا	یا	-
7	موجودات	موجود	موجودات	-
8	آن	آن	آن	-
9	ربط	ربط	ربط	-
10	داشت	دا	داشت	-
11	تشکیل	تشکیل	تشکیل	-
12	شده_بود	شده_بود	شد#شو	-
13	؛	؛	؛	-
14	نرم‌تن‌ها	نرم‌تن	نرم‌تن	-
15	و	و	و	-
16	والها	وال	وال	-
17	و	و	و	-
18	چیزهایی	چیز	چیز	-
19	از	از	از	-
20	این	این	این	-
21	دست	دس	دست	-
22	.	.	.	-

0	شماری	شمار	شمرد#شمار	-
1	از	از	از	-
2	نشانه‌ها	نشانه	نشانه	-
3	نماینده‌ی	نماینده	نماینده	-
4	موجوداتی	موجودات	موجودات	-
5	،	،	،	-
6	مانند	مانند	مانند	-
7	ماهیها	ماهی	ماهیها	-
8	،	،	،	-
9	مارماهیها	مارماهی	مارماهی	-
10	،	،	،	-
11	هشت‌پاها	هشت‌پا	هشت‌پا	-
12	،	،	،	-
13	میگوها	میگو	میگو	-
14	دریازی	دریاز	دریازی	-
15	بودند	بودند	بود#باش	-
16	که	که	که	-
17	جهان	جه	جهان	-
18	مدرن	مدرن	مدرن	-
19	آنها	آن	آن	-
20	را	را	را	-
21	تا	تا	تا	-
22	به	به	به	-
23	حال	حال	حال	-
24	به	به	به	-
25	چشم	چ	چشم	-
26	ندیده_بود	ندیده_بود	دید#بین	-
27	،	،	،	-
28	اما	اما	اما	-
29	من	من	من	-
30	توانسته_بودم	توانسته_بود	توانست#توان	-
31	اجساد	اجساد	اجساد	-
32	درحال	درحال	درحال	-
33	فسادشان	فساد	فساد	-
34	را	را	را	-
35	روی	رو	روی	-
36	زمینی	زمین	زمین	-
37	که	که	که	-
38	از	از	از	-
39	کف	کف	کف	-
40	اقیانوس	اقیانوس	اقیانوس	-
41	بلند	بلند	بلند	-
42	شده_بود	شده_بود	شد#شو	-
43	ببینم	ببین	ببینم	-
44	.	.	.	-

0	اما	اما	اما	-
1	آنچه	آنچه	آنچه	-
2	مرا	مرا	مرا	-
3	حیرت‌زده	حیرت‌زده	حیرت‌زده	-
4	برجای	برجا	برجا	-
5	گذاشت	گذا	گذاشت#گذار	-
6	،	،	،	-
7	حکاکی‌ها	حکاکی	حکاکی‌ها	-
8	بودند	بودند	بود#باش	-
9	.	.	.	-

0	آن‌سوی	آن‌سو	آن‌سو	-
1	آب‌هایی	آب	آب	-
2	که	که	که	-
3	میان	م	میان	-
4	ما	ما	ما	-
5	فاصله	فاصله	فاصله	-
6	انداخته_بود	انداخته_بود	انداخت#انداز	-
7	،	،	،	-
8	پای	پا	پای	-
9	تخته‌سنگ	تخته‌سنگ	تخته‌سنگ	-
10	ردیفی	ردیف	ردیف	-
11	از	از	از	-
12	۳	۳	۳	-
13	کنده‌کاری‌هایی	کنده‌کاری	کنده‌کاری	-
14	قرار	قرار	قرار	-
15	داشت	دا	داشت	-
16	که	که	که	-
17	احتمالا	احتمالا	احتمالا	-
18	حسادت	حساد	حسادت	-
19	دوری	دور	دور	-
20	را	را	را	-
21	برمی‌انگیختند	برمی‌انگیختند	برمی‌انگیختند	-
22	.	.	.	-

0	گمان	گ	گمان	-
1	می‌کنم	می‌کن	کرد#کن	-
2	آن	آن	آن	-
3	حکاکی‌ها	حکاکی	حکاکی‌ها	-
4	قرار	قرار	قرار	-
5	بود	بود	بود#باش	-
6	نمایانگر	نمایانگر	نمایانگر	-
7	انسان	انس	انسان	-
8	باشند	باشند	بود#باش	-
9	.	.	.	-

0	آن	آن	آن	-
1	موجودات	موجود	موجودات	-
2	کنده‌کاری	کنده‌کار	کنده‌کاری	-
3	شده	شده	شده	-
4	داشتند	داشتند	داشت#دار	-
5	خودستایانه	خودستایانه	خودستایانه	-
6	به	به	به	-
7	خویش	خو	خویش	-
8	می‌نگریستند	می‌نگریستند	نگریست#نگر	-
9	،	،	،	-
10	یا	یا	یا	-
11	شاید	شاید	شاید	-
12	هم	ه	هم	-
13	به	به	به	-
14	تخته‌سنگ	تخته‌سنگ	تخته‌سنگ	-
15	غول‌آسای	غول‌آسا	غول‌آسا	-
16	دیگری	دیگر	دیگر	-
17	که	که	که	-
18	در	در	در	-
19	زیر	زیر	زیر	-
20	موج‌ها	موج	موج	-
21	جای	جا	جای	-
22	داشت	دا	داشت	-
23	نگاه	نگاه	نگاه	-
24	می‌کردند	می‌کردند	کرد#کن	-
25	.	.	.	-

0	از	از	از	-
1	جزئیات	جزئ	جزئیات	-
2	تن	تن	تن	-
3	و	و	و	-
4	صورتشان	صورت	صورت	-
5	نمیتوانم	نمیتوان	نمیتوانم	-
6	چیزی	چیز	چیز	-
7	بگویم	بگو	گفت#گو	-
8	،	،	،	-
9	چرا	چرا	چرا	-
10	که	که	که	-
11	حتا	حتا	حتا	-
12	یادآوری	یادآور	یادآور	-
13	آنها	آن	آن	-
14	نیز	نیز	نیز	-
15	سرم	سر	سر	-
16	را	را	را	-
17	سبک	سبک	سبک	-
18	کرده	کرده	کرده	-
19	و	و	و	-
20	به	به	به	-
21	دوران	دور	دوران	-
22	می‌اندازد	می‌اندازد	انداخت#انداز	-
23	.	.	.	-

0	آنچنان	آنچن	آنچنان	-
1	بیقواره	بیقواره	بیقواره	-
2	که	که	که	-
3	حتی	حت	حتی	-
4	پو	پو	پو	-
5	و	و	و	-
6	بولور	بولور	بولور	-
7	نمیتوانستند	نمیتوانستند	نمیتوانستند	-
8	چیزی	چیز	چیز	-
9	همانندش	همانند	همانند	-
10	را	را	را	-
11	تصور	تصور	تصور	-
12	کنند	کنند	کرد#کن	-
13	.	.	.	-

0	در	در	در	-
1	شمای	شما	شما	-
2	کلی	کل	کلی	-
3	،	،	،	-
4	سوای	سوا	سوا	-
5	انگشتان	انگ	انگ	-
6	به	به	به	-
7	هم	ه	هم	-
8	چسبیده‌ی	چسبیده	چسبیده	-
9	دست	دس	دست	-
10	و	و	و	-
11	پایشان	پا	پا	-
12	مانند	مانند	مانند	-
13	انسان	انس	انسان	-
14	بودند	بودند	بود#باش	-
15	،	،	،	-
16	سوای	سوا	سوا	-
17	لبهای	لب	لب	-
18	بیاندازه	بیاندازه	بیاندازه	-
19	پهن	پهن	پهن	-
20	و	و	و	-
21	آویزانشان	آویزان	آویزان	-
22	،	،	،	-
23	آن	آن	آن	-
24	چشمان	چ	چشمان	-
25	شیشهای	شیش	شیشهای	-
26	و	و	و	-
27	وقزده	وقزده	وقزده	-
28	و	و	و	-
29	جزئیات	جزئ	جزئیات	-
30	دیگری	دیگر	دیگر	-
31	که	که	که	-
32	یادآوریشان	یادآور	یادآور	-
33	به	به	به	-
34	هیچ	هیچ	هیچ	-
35	روی	رو	روی	-
36	خوشآیند	خوشآیند	خوشآیند	-
37	نیست	نیس	نیست	-
38	.	.	.	-

0	کنجکاو	کنجکاو	کنجکاو	-
1	شده_بودم	شده_بود	شد#شو	-
2	،	،	،	-
3	زیرا	زیرا	زیرا	-
4	در	در	در	-
5	کنده‌کاریها	کنده‌کاری	کنده‌کاری	-
6	تناسب	تناسب	تناسب	-
7	آن	آن	آن	-
8	موجودات	موجود	موجودات	-
9	با	با	با	-
10	سایر	سایر	سایر	-
11	اجزای	اجزا	اجزا	-
12	تصویر	تصویر	تصویر	-
13	رعایت	رعا	رعایت	-
14	نشده_بود	نشده_بود	شد#شو	-
15	.	.	.	-

0	برای	برا	برای	-
1	مثال	مثال	مثال	-
2	،	،	،	-
3	یکی	یک	یک	-
4	از	از	از	-
5	آنها	آن	آن	-
6	داشت	دا	داشت	-
7	نهنگی	نهنگ	نهنگ	-
8	را	را	را	-
9	به	به	به	-
10	قتل	قتل	قتل	-
11	می‌رساند	می‌رساند	رساند#رسان	-
12	که	که	که	-
13	تنها	تن	تنها	-
14	کمی	کم	کم	-
15	بزرگتر	بزرگ	بزرگ	-
16	از	از	از	-
17	خودش	خود	خودش	-
18	ترسیم	ترس	ترسیم	-
19	شده_بود	شده_بود	شد#شو	-
20	.	.	.	-

0	همانطور	همانطور	همانطور	-
1	که	که	که	-
2	گفتم	گف	گفت#گو	-
3	اندازه‌ی	اندازه	اندازه	-
4	غریب	غریب	غریب	-
5	و	و	و	-
6	شمایل	شمایل	شمایل	-
7	هیولاییشان	هیولا	هیولا	-
8	بیش	ب	بیش	-
9	از	از	از	-
10	همه	همه	همه	-
11	توجهم	توجه	توجه	-
12	را	را	را	-
13	جلب	جلب	جلب	-
14	کرد	کرد	کرد#کن	-
15	،	،	،	-
16	اما	اما	اما	-
17	لحظه‌ای	لحظه	لحظه	-
18	طول	طول	طول	-
19	نکشید	نکشید	کشید#کش	-
20	که	که	که	-
21	اندیشیدم	اندیشید	اندیشید#اندیش	-
22	آنها	آن	آن	-
23	بی‌تردید	بی‌تردید	بی‌تردید	-
24	خدایان	خدا	خدا	-
25	ساختگی	ساختگ	ساختگی	-
26	قومی	قوم	قوم	-
27	دریانورد	دریانورد	دریانورد	-
28	یا	یا	یا	-
29	ماهیگیر	ماهیگیر	ماهیگیر	-
30	بوده	بوده	بوده	-
31	که	که	که	-
32	در	در	در	-
33	زمانهای	زمان	زمان	-
34	دور	دور	دور	-
35	می‌زیستهاند	می‌زیستهاند	می‌زیستهاند	-
36	؛	؛	؛	-
37	قومی	قوم	قوم	-
38	که	که	که	-
39	آخرین	آخرین	آخرین	-
40	بازمانده‌شان	بازمانده	بازمانده	-
41	قرنها	قرن	قرن	-
42	پیش	پ	پیش	-
43	از	از	از	-
44	آنکه	آنکه	آنکه	-
45	نخستین	نخستین	نخستین	-
46	انسان	انس	انسان	-
47	پا	پا	پا	-
48	به	به	به	-
49	دنیا	دنیا	دنیا	-
50	بگذارد	بگذارد	گذاشت#گذار	-
51	از	از	از	-
52	میان	م	میان	-
53	رفته_بود	رفته_بود	رفت#رو	-
54	.	.	.	-

0	داشتم	دا	داشت#دار	-
1	به	به	به	-
2	گذشته‌ای	گذشته	گذشت#گذر	-
3	نگاه	نگاه	نگاه	-
4	میکردم	میکرد	میکردم	-
5	که	که	که	-
6	تاریخش	تاریخ	تاریخ	-
7	از	از	از	-
8	تصور	تصور	تصور	-
9	جسورترین	جسور	جسور	-
10	انسان‌شناس	انسان‌شناس	انسان‌شناس	-
11	نیز	نیز	نیز	-
12	دورتر	دور	دور	-
13	می‌رفت	می‌رف	رفت#رو	-
14	؛	؛	؛	-
15	حیرتزده	حیرتزده	حیرتزده	-
16	و	و	و	-
17	سرمست	سرمس	سرمست	-
18	ایستاده_بودم	ایستاده_بود	ایستاد#ایست	-
19	و	و	و	-
20	ماه	ماه	ماه	-
21	بازتابهای	بازتاب	بازتاب	-
22	غریبی	غریب	غریب	-
23	بر	بر	بر	-
24	توده	توده	توده	-
25	آب	آب	آب	-
26	بیصدای	بیصدا	بیصدای	-
27	مقابلم	مقابل	مقابل	-
28	می‌انداخت	می‌انداخ	انداخت#انداز	-
29	.	.	.	-

0	سپس	سپس	سپس	-
1	،	،	،	-
2	ناگهان	ناگه	ناگهان	-
3	دیدمش	دیدم	دیدمش	-
4	.	.	.	-

0	تنها	تن	تنها	-
1	تکانهای	تکان	تکان	-
2	مختصر	مختصر	مختصر	-
3	آب	آب	آب	-
4	بود	بود	بود#باش	-
5	که	که	که	-
6	آمدنش	آمدن	آمدن	-
7	به	به	به	-
8	سطح	سطح	سطح	-
9	را	را	را	-
10	خبر	خبر	خبر	-
11	می‌داد	می‌داد	داد#ده	-
12	.	.	.	-

0	او	او	او	-
1	از	از	از	-
2	آبهای	آب	آب	-
3	تاریک	تاریک	تاریک	-
4	بالا	بالا	بالا	-
5	آمد	آمد	آمد#آ	-
6	،	،	،	-
7	عظیم	عظ	عظیم	-
8	بود	بود	بود#باش	-
9	،	،	،	-
10	به	به	به	-
11	پلیفموس	پلیفموس	پلیفموس	-
12	می‌مانست	می‌مانس	می‌مانست	-
13	.	.	.	-

0	لبریز	لبریز	لبریز	-
1	از	از	از	-
2	تنفر	تنفر	تنفر	-
3	،	،	،	-
4	همچون	همچون	همچون	-
5	هیولایی	هیولا	هیولایی	-
6	حیرت‌انگیز	حیرت‌انگیز	حیرت‌انگیز	-
7	برخاسته	برخاسته	برخاسته	-
8	از	از	از	-
9	کابوسها	کابوس	کابوس	-
10	،	،	،	-
11	به	به	به	-
12	سوی	سو	سو	-
13	مجسمه	مجسمه	مجسمه	-
14	دوید	دوید	دوید#دو	-
15	و	و	و	-
16	بازوان	بازو	بازوان	-
17	عظیم	عظ	عظیم	-
18	فلسپوشش	فلسپوش	فلسپوشش	-
19	را	را	را	-
20	اطراف	اطراف	اطراف	-
21	آن	آن	آن	-
22	تکان	تک	تکان	-
23	داد	داد	داد	-
24	؛	؛	؛	-
25	سر	سر	سر	-
26	هولناکش	هولناک	هولناک	-
27	را	را	را	-
28	خم	خ	خم	-
29	کرده_بود	کرده_بود	کرد#کن	-
30	و	و	و	-
31	صداهای	صدا	صدا	-
32	آهنگینی	آهنگین	آهنگین	-
33	از	از	از	-
34	گلو	گلو	گلو	-
35	خارج	خارج	خارج	-
36	میکرد	میکرد	میکرد	-
37	.	.	.	-

0	به	به	به	-
1	نظر	نظر	نظر	-
2	آن	آن	آن	-
3	زمان	ز	زمان	-
4	بود	بود	بود#باش	-
5	که	که	که	-
6	دیوانه	دیوانه	دیوانه	-
7	شدم	شد	شد#شو	-
8	.	.	.	-

0	از	از	از	-
1	صعود	صعود	صعود	-
2	دیوانه‌وارم	دیوانه‌وار	دیوانه‌وار	-
3	از	از	از	-
4	آن	آن	آن	-
5	شیب	شیب	شیب	-
6	و	و	و	-
7	صخره‌ها	صخره	صخره	-
8	و	و	و	-
9	از	از	از	-
10	بازگشت	بازگ	بازگشت	-
11	وهمگینم	وهمگین	وهمگینم	-
12	به	به	به	-
13	سوی	سو	سو	-
14	قایق	قایق	قایق	-
15	به	به	به	-
16	گل	گل	گل	-
17	نشسته	نشسته	نشسته	-
18	،	،	،	-
19	جز	جز	جز	-
20	اندک	اندک	اندک	-
21	چیزی	چیز	چیز	-
22	به	به	به	-
23	خاطر	خاطر	خاطر	-
24	ندارم	ندار	داشت#دار	-
25	.	.	.	-

0	میدانم	میدان	میدان	-
1	که	که	که	-
2	بسیار	بسیار	بسیار	-
3	آواز	آواز	آواز	-
4	خواندم	خواند	خواند#خوان	-
5	،	،	،	-
6	و	و	و	-
7	زمانی	زمان	زمان	-
8	که	که	که	-
9	دیگر	دیگر	دیگر	-
10	نتوانستم	نتوانس	توانست#توان	-
11	بخوانم	بخوان	خواند#خوان	-
12	به	به	به	-
13	نحو	نحو	نحو	-
14	غریبی	غریب	غریب	-
15	خندیدم	خندید	خندید#خند	-
16	.	.	.	-

0	تصاویر	تصاویر	تصاویر	-
1	تمایزناپذیری	تمایزناپذیر	تمایزناپذیری	-
2	از	از	از	-
3	رخداد	رخداد	رخداد	-
4	یک	یک	یک	-
5	طوفان	طوف	طوفان	-
6	بزرگ	بزرگ	بزرگ	-
7	مدتی	مدت	مدت	-
8	پس	پس	پس	-
9	از	از	از	-
10	آنکه	آنکه	آنکه	-
11	به	به	به	-
12	قایق	قایق	قایق	-
13	رسیده_بودم	رسیده_بود	رسید#رس	-
14	را	را	را	-
15	به	به	به	-
16	خاطر	خاطر	خاطر	-
17	دارم	دار	داشت#دار	-
18	.	.	.	-

0	اما	اما	اما	-
1	به	به	به	-
2	هر	هر	هر	-
3	روی	رو	روی	-
4	،	،	،	-
5	میدانم	میدان	میدان	-
6	که	که	که	-
7	صدای	صدا	صدا	-
8	غرش	غر	غرش	-
9	تندر	تندر	تندر	-
10	و	و	و	-
11	صداهایی	صدا	صدا	-
12	ازین	ازین	ازین	-
13	دست	دس	دست	-
14	را	را	را	-
15	شنیدم	شنید	شنید#شنو	-
16	که	که	که	-
17	طبیعت	طبیع	طبیعت	-
18	در	در	در	-
19	دیوانه‌ترین	دیوانه	دیوانه	-
20	شرایطش	شرایط	شرایط	-
21	ساطع	ساطع	ساطع	-
22	می‌کند	می‌کند	کرد#کن	-
23	.	.	.	-

0	هنگامی	هنگام	هنگامی	-
1	که	که	که	-
2	از	از	از	-
3	سیاهی‌ها	سیاهی	سیاهی‌ها	-
4	خارج	خارج	خارج	-
5	شدم	شد	شد#شو	-
6	،	،	،	-
7	در	در	در	-
8	بیمارستان	بیمارس	بیمارستان	-
9	سان	س	سان	-
10	فرانسیسکو	فرانسیسکو	فرانسیسکو	-
11	بودم	بود	بود#باش	-
12	.	.	.	-

0	کاپیتان	کاپ	کاپیتان	-
1	یک	یک	یک	-
2	کشتی	کشت	کشتی	-
3	آمریکایی	آمریکا	آمریکایی	-
4	که	که	که	-
5	قایقم	قایق	قایق	-
6	را	را	را	-
7	در	در	در	-
8	میانه‌ی	میانه	میانه	-
9	اقیانوس	اقیانوس	اقیانوس	-
10	دیده_بود	دیده_بود	دید#بین	-
11	،	،	،	-
12	مرا	مرا	مرا	-
13	به	به	به	-
14	آنجا	آنجا	آنجا	-
15	آورده_بود	آورده_بود	آورد#آور	-
16	.	.	.	-

0	در	در	در	-
1	هذیانهایم	هذیان	هذیان	-
2	حرفهای	حرف	حرف	-
3	زیادی	زیاد	زیاد	-
4	زده_بودم	زده_بود	زد#زن	-
5	،	،	،	-
6	اما	اما	اما	-
7	دریافتم	دریاف	دریافتم	-
8	که	که	که	-
9	کمترین	ک	کمترین	-
10	توجهی	توجه	توجه	-
11	را	را	را	-
12	به	به	به	-
13	آنها	آن	آن	-
14	روا	روا	روا	-
15	نداشته‌اند	نداشته‌اند	داشت#دار	-
16	.	.	.	-

0	آنها	آن	آن	-
1	که	که	که	-
2	مرا	مرا	مرا	-
3	نجات	نج	نجات	-
4	دادند	دادند	داد#ده	-
5	از	از	از	-
6	بالا	بالا	بالا	-
7	آمدن	آمدن	آمدن	-
8	کف	کف	کف	-
9	هیچ‌کجای	هیچ‌کجا	هیچ‌کجای	-
10	اقیانوس	اقیانوس	اقیانوس	-
11	آرام	آرا	آرام	-
12	خبری	خبر	خبر	-
13	نداشتند	نداشتند	داشت#دار	-
14	،	،	،	-
15	و	و	و	-
16	من	من	من	-
17	هم	ه	هم	-
18	بر	بر	بر	-
19	چیزی	چیز	چیز	-
20	که	که	که	-
21	میدانستم	میدانس	میدانستم	-
22	باور	باور	باور	-
23	نخواهند_کرد	نخواهند_کرد	کرد#کن	-
24	اصرار	اصرار	اصرار	-
25	نورزیدم	نورزید	ورزید#ورز	-
26	.	.	.	-

0	زمانی	زمان	زمان	-
1	یک	یک	یک	-
2	نژادشناس	نژادشناس	نژادشناس	-
3	مطرح	مطرح	مطرح	-
4	را	را	را	-
5	جستم	جس	جست#جو	-
6	و	و	و	-
7	او	او	او	-
8	را	را	را	-
9	با	با	با	-
10	پرسشهای	پرسش	پرسش	-
11	خودم	خود	خودم	-
12	درباره‌ی	درباره	درباره	-
13	داگون	داگون	داگون	-
14	،	،	،	-
15	افسانه‌ی	افسانه	افسانه	-
16	باستانی	باستان	باستانی	-
17	فلسطینی	فلسطین	فلسطین	-
18	،	،	،	-
19	آن	آن	آن	-
20	نیم	ن	نیم	-
21	خداوند	خداوند	خداوند	-
22	و	و	و	-
23	نیم	ن	نیم	-
24	ماهی	ماه	ماه	-
25	سر	سر	سر	-
26	شوق	شوق	شوق	-
27	آوردم	آورد	آورد#آور	-
28	.	.	.	-

0	اما	اما	اما	-
1	به	به	به	-
2	تندی	تند	تند	-
3	دریافتم	دریاف	دریافتم	-
4	که	که	که	-
5	او	او	او	-
6	فقط	فقط	فقط	-
7	ناامیدانه	ناامیدانه	ناامیدانه	-
8	آنچه	آنچه	آنچه	-
9	به	به	به	-
10	چشم	چ	چشم	-
11	می‌دید	می‌دید	دید#بین	-
12	را	را	را	-
13	میپذیرفت	میپذیرف	میپذیرفت	-
14	،	،	،	-
15	و	و	و	-
16	دست	دس	دست	-
17	از	از	از	-
18	پی	پ	پی	-
19	گرفتن	گرفتن	گرفتن	-
20	پرسشهایم	پرسش	پرسش	-
21	کشیدم	کشید	کشید#کش	-
22	.	.	.	-

0	شبها	شب	شب	-
1	،	،	،	-
2	به	به	به	-
3	ویژه	ویژه	ویژه	-
4	زمانی	زمان	زمان	-
5	که	که	که	-
6	ماه	ماه	ماه	-
7	از	از	از	-
8	نیمه	نیمه	نیمه	-
9	گذشته_است	گذشته_اس	گذشت#گذر	-
10	و	و	و	-
11	رو	رو	رو	-
12	به	به	به	-
13	نازکی	نازک	نازک	-
14	میرود	میرود	میرود	-
15	،	،	،	-
16	او	او	او	-
17	را	را	را	-
18	میبینم	میبین	میبینم	-
19	.	.	.	-

0	مورفین	مورفین	مورفین	-
1	را	را	را	-
2	آزموده‌ام	آزموده	آزموده	-
3	،	،	،	-
4	اما	اما	اما	-
5	تنها	تن	تنها	-
6	پایانی	پایان	پایان	-
7	گذرا	گذرا	گذرا	-
8	به	به	به	-
9	دردهایم	درد	درد	-
10	بخشیده	بخشیده	بخشیده	-
11	و	و	و	-
12	در	در	در	-
13	عوض	عوض	عوض	-
14	مرا	مرا	مرا	-
15	چون	چون	چون	-
16	برده‌ای	برده	برد#بر	-
17	ناتوان	ناتو	ناتوان	-
18	در	در	در	-
19	چنگال	چنگال	چنگال	-
20	خویش	خو	خویش	-
21	اسیر	اسیر	اسیر	-
22	کرده_است	کرده_اس	کرد#کن	-
23	.	.	.	-

0	پس	پس	پس	-
1	حالا	حالا	حالا	-
2	،	،	،	-
3	من	من	من	-
4	به	به	به	-
5	همه‌چیز	همه‌چیز	همه‌چیز	-
6	پایان	پا	پایان	-
7	میبخشم	میبخ	میبخشم	-
8	،	،	،	-
9	حالا	حالا	حالا	-
10	که	که	که	-
11	شرح	شرح	شرح	-
12	تمام	تما	تمام	-
13	ماجرا	ماجرا	ماجرا	-
14	را	را	را	-
15	برای	برا	برای	-
16	دوستان	دوس	دوستان	-
17	و	و	و	-
18	اطرافیانم	اطرافیان	اطرافیانم	-
19	نوشته‌ام	نوشته	نوشت#نویس	-
20	تا	تا	تا	-
21	از	از	از	-
22	حقیقت	حقیق	حقیقت	-
23	آگاه	آگاه	آگاه	-
24	شوند	شوند	شد#شو	-
25	و	و	و	-
26	یا	یا	یا	-
27	خود	خود	خود	-
28	را	را	را	-
29	حقیرانه	حقیرانه	حقیرانه	-
30	با	با	با	-
31	آن	آن	آن	-
32	سرگرم	سرگر	سرگرم	-
33	کنند	کنند	کرد#کن	-
34	.	.	.	-

0	گاه	گاه	گاه	-
1	و	و	و	-
2	بیگاه	بیگاه	بیگاه	-
3	از	از	از	-
4	خود	خود	خود	-
5	می‌پرسم	می‌پرس	پرسید#پرس	-
6	که	که	که	-
7	آیا	آیا	آیا	-
8	همه‌چیز	همه‌چیز	همه‌چیز	-
9	نمیتوانسته	نمیتوانسته	نمیتوانسته	-
10	تماما	تماما	تماما	-
11	وهم	وه	وهم	-
12	بوده_باشد	بوده_باشد	بود#باش	-
13	؟	؟	؟	-
14	جنونی	جنون	جنون	-
15	ناشی	ناش	ناشی	-
16	از	از	از	-
17	تب	تب	تب	-
18	که	که	که	-
19	پس	پس	پس	-
20	از	از	از	-
21	فرار	فرار	فرار	-
22	از	از	از	-
23	کشتی	کشت	کشتی	-
24	آلمانها	آلمان	آلمان	-
25	،	،	،	-
26	زمانی	زمان	زمان	-
27	تصویری	تصویر	تصویر	-
28	زنده	زنده	زنده	-
29	و	و	و	-
30	،	،	،	-
31	که	که	که	-
32	گرمازده	گرمازده	گرمازده	-
33	و	و	و	-
34	پریشان	پر	پریشان	-
35	در	در	در	-
36	قایق	قایق	قایق	-
37	روباز	روباز	روباز	-
38	خود	خود	خود	-
39	افتاده_بودم	افتاده_بود	افتاد#افت	-
40	دچارش	دچار	دچار	-
41	شده_بودم	شده_بود	شد#شو	-
42	؟	؟	؟	-
43	این	این	این	-
44	را	را	را	-
45	از	از	از	-
46	خود	خود	خود	-
47	می‌پرسم	می‌پرس	پرسید#پرس	-
48	و	و	و	-
49	هربار	هربار	هربار	-
50	در	در	در	-
51	پاسخ	پاسخ	پاسخ	-
52	هولناک	هولناک	هولناک	-
53	پیش	پ	پیش	-
54	چشمانم	چشمان	چشمانم	-
55	می‌دود	می‌دود	دوید#دو	-
56	.	.	.	-

0	نمی‌توانم	نمی‌توان	توانست#توان	-
1	به	به	به	-
2	دریای	دریا	دریا	-
3	پرعمق	پرعمق	پرعمق	-
4	بیاندیشم	بیاند	بیاندیشم	-
5	و	و	و	-
6	از	از	از	-
7	فکر	فکر	فکر	-
8	موجودات	موجود	موجودات	-
9	بی‌نامی	بی‌نام	بی‌نام	-
10	که	که	که	-
11	شاید	شاید	شاید	-
12	همین	همین	همین	-
13	لحظه	لحظه	لحظه	-
14	در	در	در	-
15	بستر	بس	بستر	-
16	لزج	لزج	لزج	-
17	آن	آن	آن	-
18	بت‌های	بت	بت	-
19	باستانی	باستان	باستانی	-
20	سنگیشان	سنگ	سنگ	-
21	را	را	را	-
22	می‌پرستند	می‌پرستند	می‌پرستند	-
23	و	و	و	-
24	تصویر	تصویر	تصویر	-
25	خود	خود	خود	-
26	را	را	را	-
27	بر	بر	بر	-
28	ستونهای	ستون	ستون	-
29	ساخته	ساخته	ساخته	-
30	از	از	از	-
31	گرانیت	گران	گرانیت	-
32	نم‌کشیده‌ی	نم‌کشیده	نم‌کشیده‌ی	-
33	زیر	زیر	زیر	-
34	دریا	دریا	دریا	-
35	میتراشند	میتراشند	میتراشند	-
36	بر	بر	بر	-
37	،	،	،	-
38	میخزند	میخزند	میخزند	-
39	خود	خود	خود	-
40	نلرزم	نلرز	لرزید#لرز	-
41	.	.	.	-

0	در	در	در	-
1	رویاهایم	رویا	رویاهایم	-
2	روزی	روز	روز	-
3	را	را	را	-
4	میبینم	میبین	میبینم	-
5	که	که	که	-
6	آنها	آن	آن	-
7	از	از	از	-
8	سطح	سطح	سطح	-
9	آبها	آب	آب	-
10	بالا	بالا	بالا	-
11	می‌آیند	می‌آیند	آمد#آ	-
12	تا	تا	تا	-
13	با	با	با	-
14	پنجه‌های	پنجه	پنجه	-
15	بویناکشان	بویناک	بویناکشان	-
16	،	،	،	-
17	بازمانده‌های	بازمانده	بازمانده	-
18	بشری	بشر	بشر	-
19	حقیر	حقیر	حقیر	-
20	و	و	و	-
21	خسته	خسته	خسته	-
22	از	از	از	-
23	جنگ	جنگ	جنگ	-
24	را	را	را	-
25	با	با	با	-
26	خود	خود	خود	-
27	به	به	به	-
28	زیر	زیر	زیر	-
29	بکشند	بکشند	کشید#کش	-
30	.	.	.	-

0	رویای	رویا	رویای	-
1	روزی	روز	روز	-
2	را	را	را	-
3	که	که	که	-
4	زمین	زمین	زمین	-
5	سر	سر	سر	-
6	به	به	به	-
7	سر	سر	سر	-
8	غرق	غرق	غرق	-
9	خواهد_شد	خواهد_شد	شد#شو	-
10	،	،	،	-
11	و	و	و	-
12	کف	کف	کف	-
13	تاریک	تاریک	تاریک	-
14	اقیانوس	اقیانوس	اقیانوس	-
15	در	در	در	-
16	میانه‌ی	میانه	میانه	-
17	آن	آن	آن	-
18	آشوب	آشوب	آشوب	-
19	جهانی	جهان	جهانی	-
20	فراز	فراز	فراز	-
21	خواهد_آمد	خواهد_آمد	آمد#آ	-
22	.	.	.	-

0	پایان	پا	پایان	-
1	کار	کار	کار	-
2	نزدیک	نزدیک	نزدیک	-
3	است	اس	#است	-
4	.	.	.	-

0	از	از	از	-
1	سوی	سو	سو	-
2	در	در	در	-
3	صدایی	صدا	صدا	-
4	میشنوم	میشنو	میشنوم	-
5	،	،	،	-
6	تو	تو	تو	-
7	گویی	گو	گفت#گو	-
8	که	که	که	-
9	جسمی	جسم	جسم	-
10	لغزان	لغز	لغزان	-
11	و	و	و	-
12	لزج	لزج	لزج	-
13	خود	خود	خود	-
14	را	را	را	-
15	به	به	به	-
16	آن	آن	آن	-
17	میکوبد	میکوبد	میکوبد	-
18	.	.	.	-

0	نباید	نباید	نباید	-
1	مرا	مرا	مرا	-
2	بیابد	بیابد	یافت#یاب	-
3	.	.	.	-

0	خدایا	خدایا	خدایا	-
1	،	،	،	-
2	آن	آن	آن	-
3	دست	دس	دست	-
4	!	!	!	-
5	پنجره	پنجره	پنجره	-
6	!	!	!	-
7	پنجره	پنجره	پنجره	-
8	!	!	!	-
9	پوریا	پوریا	پوریا	-
10	-	-	-	-
11	لوبیا	لوبیا	لوبیا	-
12	-	-	-	-
13	مهوش	مهو	مهوش	-
14	-	-	-	-
15	داستان	داس	داستان	-
16	کوتاه	کوتاه	کوتاه	-
17	داگون	داگون	داگون	-
18	-	-	-	-
19	اثر	اثر	اثر	-
20	هوارد	هوارد	هوارد	-
21	فیلیپس	فیلیپس	فیلیپس	-
22	لاوکرفت	لاوکرف	لاوکرفت	-
23	-	-	-	-
24	مترجم	مترج	مترجم	-
25	بهداد	بهداد	بهداد	-
26	احمدی	احمد	احمدی	-
