0	هزار	هزار	هزار	-
1	سال	سال	سال	-
2	است	اس	#است	-
3	که	که	که	-
4	مردم	مرد	مردم	-
5	فارسی	فارس	فارس	-
6	زبان	زب	زبان	-
7	و	و	و	-
8	فارسی‌دان	فارسی‌د	فارسی‌دان	-
9	و	و	و	-
10	فارسی‌خوان	فارسی‌خو	فارسی‌خوان	-
11	در	در	در	-
12	قلمرو	قلمرو	قلمرو	-
13	زبان	زب	زبان	-
14	فارسی	فارس	فارس	-
15	با	با	با	-
16	شاهنامه	شاهنامه	شاهنامه	-
17	این	این	این	-
18	سند	سند	سند	-
19	لیاقت	لیاق	لیاقت	-
20	زبان	زب	زبان	-
21	فارسی	فارس	فارس	-
22	،	،	،	-
23	این	این	این	-
24	گنجینه	گنجینه	گنجینه	-
25	معارف	معارف	معارف	-
26	ایرانی	ایران	ایران	-
27	و	و	و	-
28	اسلامی	اسلام	اسلام	-
29	و	و	و	-
30	این	این	این	-
31	فرهنگ	فرهنگ	فرهنگ	-
32	ایران	ایر	ایران	-
33	به	به	به	-
34	معنی	معن	معنی	-
35	وسیع	وسیع	وسیع	-
36	کلمه	کلمه	کلمه	-
37	از	از	از	-
38	آغاز	آغاز	آغاز	-
39	تا	تا	تا	-
40	پایان	پا	پایان	-
41	قرن	قرن	قرن	-
42	چهارم	چهار	چهارم	-
43	هجری	هجر	هجری	-
44	آشنایی	آشنا	آشنایی	-
45	دارند	دارند	داشت#دار	-
46	و	و	و	-
47	آن	آن	آن	-
48	را	را	را	-
49	خوانده	خوانده	خوانده	-
50	و	و	و	-
51	بهره‌ها	بهره	بهره	-
52	برده‌اند	برده‌اند	برد#بر	-
53	و	و	و	-
54	یا	یا	یا	-
55	در	در	در	-
56	مجامع	مجامع	مجامع	-
57	عمومی	عموم	عموم	-
58	از	از	از	-
59	زبان	زب	زبان	-
60	راویان	راو	راویان	-
61	نقال	نقال	نقال	-
62	و	و	و	-
63	در	در	در	-
64	محافل	محافل	محافل	-
65	خصوصی	خصوص	خصوصی	-
66	از	از	از	-
67	دو	دو	دو	-
68	لب	لب	لب	-
69	شاهنامه‌خوانان	شاهنامه‌خوان	شاهنامه‌خوان	-
70	داستان‌هایی	داستان	داستان	-
71	مهیج	مهیج	مهیج	-
72	و	و	و	-
73	سرگذشت‌های	سرگذشت	سرگذشت	-
74	عبرت‌آموز	عبرت‌آموز	عبرت‌آموز	-
75	آن	آن	آن	-
76	را	را	را	-
77	شنیده	شنیده	شنیده	-
78	و	و	و	-
79	ذوق‌ها	ذوق	ذوق	-
80	کرده‌اند	کرده‌اند	کرد#کن	-
81	و	و	و	-
82	سخن‌شناسان	سخن‌شناس	سخن‌شناس	-
83	نکته‌سنج	نکته‌سنج	نکته‌سنج	-
84	و	و	و	-
85	نقادان	نقاد	نقاد	-
86	موشکاف	موشکاف	موشکاف	-
87	و	و	و	-
88	آگاهان	آگاه	آگاه	-
89	بر	بر	بر	-
90	رمز	رمز	رمز	-
91	و	و	و	-
92	راز	راز	راز	-
93	داستان‌های	داستان	داستان	-
94	حماسی	حماس	حماسی	-
95	به	به	به	-
96	شاهکار	شاهکار	شاهکار	-
97	بودن	بودن	بودن	-
98	آن	آن	آن	-
99	گنجینه	گنجینه	گنجینه	-
100	هنر	هنر	هنر	-
101	در	در	در	-
102	توصیف	توصیف	توصیف	-
103	و	و	و	-
104	آموزنده	آموزنده	آموزنده	-
105	بودن	بودن	بودن	-
106	آن	آن	آن	-
107	در	در	در	-
108	مسائل	مسائل	مسائل	-
109	اجتماعی	اجتماع	اجتماع	-
110	و	و	و	-
111	اخلاقی	اخلاق	اخلاق	-
112	و	و	و	-
113	اعتقادی	اعتقاد	اعتقاد	-
114	و	و	و	-
115	ایمانی	ایمان	ایمان	-
116	و	و	و	-
117	ممتاز	ممتاز	ممتاز	-
118	و	و	و	-
119	برتر	بر	برتر	-
120	بودن	بودن	بودن	-
121	آن	آن	آن	-
122	از	از	از	-
123	دیگر	دیگر	دیگر	-
124	آثار	آثار	آثار	-
125	حماسی	حماس	حماسی	-
126	جهان	جه	جهان	-
127	و	و	و	-
128	والایی	والا	والا	-
129	و	و	و	-
130	ماندگاری	ماندگار	ماندگار	-
131	مقام	مقا	مقام	-
132	بلند	بلند	بلند	-
133	سراینده	سراینده	سراینده	-
134	گشاده‌زبان	گشاده‌زب	گشاده‌زبان	-
135	و	و	و	-
136	باریک	باریک	باریک	-
137	اندیش	اند	اندیش	-
138	آن	آن	آن	-
139	هم‌داستان	هم‌داس	هم‌داستان	-
140	گشته‌اند	گشته‌اند	گشت#گرد	-
141	همچنان‌که	همچنان‌که	همچنان‌که	-
142	عرضه	عرضه	عرضه	-
143	شدن	شدن	شدن	-
144	متن	متن	متن	-
145	شاهنامه	شاهنامه	شاهنامه	-
146	در	در	در	-
147	۲۶	۲۶	۲۶	-
148	جزوه	جزوه	جزوه	-
149	به	به	به	-
150	قطع	قطع	قطع	-
151	کوچک	کوچک	کوچک	-
152	با	با	با	-
153	توضیحات	توضیح	توضیحات	-
154	لغوی	لغو	لغوی	-
155	زیر	زیر	زیر	-
156	صفحات	صفح	صفحات	-
157	خواندن	خواندن	خواندن	-
158	آن	آن	آن	-
159	کتاب	کتاب	کتاب	-
160	عظیم	عظ	عظیم	-
161	جلیل‌القدر	جلیل‌القدر	جلیل‌القدر	-
162	را	را	را	-
163	در	در	در	-
164	هر	هر	هر	-
165	حال	حال	حال	-
166	و	و	و	-
167	هر	هر	هر	-
168	جای	جا	جای	-
169	برای	برا	برای	-
170	همه	همه	همه	-
171	کس	کس	کس	-
172	آسان	آس	آسان	-
173	ساخته_است	ساخته_اس	ساخت#ساز	-
174	برگردان	برگرد	برگردان	-
175	روایت‌گونه	روایت‌گونه	روایت‌گونه	-
176	آن	آن	آن	-
177	نیز	نیز	نیز	-
178	به	به	به	-
179	سهولت	سهول	سهولت	-
180	اطلاع	اطلاع	اطلاع	-
181	بر	بر	بر	-
182	محتوای	محتوا	محتوا	-
183	شاهنامه	شاهنامه	شاهنامه	-
184	را	را	را	-
185	فراهم	فراه	فراهم	-
186	آورده_است	آورده_اس	آورد#آور	-
187	و	و	و	-
188	راه‌گشای	راه‌گشا	راه‌گشای	-
189	خواندن	خواندن	خواندن	-
190	متن	متن	متن	-
191	شاهنامه	شاهنامه	شاهنامه	-
192	به	به	به	-
193	روانی	روان	روان	-
194	و	و	و	-
195	آسانی	آسان	آسان	-
196	است	اس	#است	-
197	شاهنامه	شاهنامه	شاهنامه	-
198	نامه‌ای	نامه	نامه	-
199	است	اس	#است	-
200	پندمند	پندمند	پندمند	-
201	.	.	.	-

0	سرگذشت	سرگذ	سرگذشت	-
1	تاریخی	تاریخ	تاریخ	-
2	ملتی	ملت	ملت	-
3	است	اس	#است	-
4	که	که	که	-
5	شکست‌ها	شکست	شکست	-
6	و	و	و	-
7	پیروزی‌های	پیروزی	پیروزی	-
8	بسیاری	بسیار	بسیار	-
9	را	را	را	-
10	تجربه	تجربه	تجربه	-
11	کرده	کرده	کرده	-
12	اما	اما	اما	-
13	همواره	همواره	همواره	-
14	بر	بر	بر	-
15	پای	پا	پای	-
16	ایستاده	ایستاده	ایستاده	-
17	و	و	و	-
18	در	در	در	-
19	برابر	برابر	برابر	-
20	همه‌ی	همه	همه	-
21	حوادث	حوادث	حوادث	-
22	سربلند	سربلند	سربلند	-
23	و	و	و	-
24	سرافراز	سرافراز	سرافراز	-
25	بیرون	بیرون	بیرون	-
26	آمده_است	آمده_اس	آمد#آ	-
27	.	.	.	-

0	شاهنامه	شاهنامه	شاهنامه	-
1	کامرانی‌ها	کامرانی	کامرانی‌ها	-
2	و	و	و	-
3	ناکامی‌ها	ناکامی	ناکامی‌ها	-
4	،	،	،	-
5	مرادی‌ها	مرادی	مرادی‌ها	-
6	و	و	و	-
7	نامرادی‌های	نامرادی	نامرادی‌های	-
8	تاریخ	تاریخ	تاریخ	-
9	ایران	ایر	ایران	-
10	را	را	را	-
11	بیان	ب	بیان	-
12	کرده_است	کرده_اس	کرد#کن	-
13	.	.	.	-

0	راوی	راو	راوی	-
1	صادقی	صادق	صادق	-
2	است	اس	#است	-
3	که	که	که	-
4	شکست‌ها	شکست	شکست	-
5	را	را	را	-
6	بیان	ب	بیان	-
7	کرده	کرده	کرده	-
8	و	و	و	-
9	البته	البته	البته	-
10	دردناک	دردناک	دردناک	-
11	به	به	به	-
12	آن	آن	آن	-
13	نگریسته	نگریسته	نگریسته	-
14	و	و	و	-
15	در	در	در	-
16	عین	عین	عین	-
17	حال	حال	حال	-
18	به	به	به	-
19	پیروزی‌ها	پیروزی	پیروزی	-
20	افتخار	افتخار	افتخار	-
21	کرده_است	کرده_اس	کرد#کن	-
22	.	.	.	-

0	دشمنانی	دشمنان	دشمنانی	-
1	چون	چون	چون	-
2	افراسیاب	افراسیاب	افراسیاب	-
3	و	و	و	-
4	تورانیان	توران	توران	-
5	را	را	را	-
6	بزرگ	بزرگ	بزرگ	-
7	خطاب	خطاب	خطاب	-
8	کرده	کرده	کرده	-
9	و	و	و	-
10	از	از	از	-
11	بیان	ب	بیان	-
12	آن	آن	آن	-
13	ابایی	ابا	ابا	-
14	نداشته_است	نداشته_اس	داشت#دار	-
15	،	،	،	-
16	پس	پس	پس	-
17	دلیلی	دلیل	دلیل	-
18	ندارد	ندارد	داشت#دار	-
19	که	که	که	-
20	آخر	آخر	آخر	-
21	شاهنامه	شاهنامه	شاهنامه	-
22	به	به	به	-
23	دلیل	دلیل	دلیل	-
24	پیروزی	پیروز	پیروزی	-
25	اعراب	اعراب	اعراب	-
26	خوش	خو	خوش	-
27	نباشد	نباشد	بود#باش	-
28	.	.	.	-

0	او	او	او	-
1	می‌آموزد	می‌آموزد	آموخت#آموز	-
2	که	که	که	-
3	تاریخ	تاریخ	تاریخ	-
4	اینجا	اینجا	اینجا	-
5	تمام	تما	تمام	-
6	نخواهد_شد	نخواهد_شد	شد#شو	-
7	.	.	.	-

0	آخر	آخر	آخر	-
1	شاهنامه	شاهنامه	شاهنامه	-
2	آخر	آخر	آخر	-
3	تاریخ	تاریخ	تاریخ	-
4	نیست	نیس	نیست	-
5	.	.	.	-

0	پیروزی	پیروز	پیروزی	-
1	و	و	و	-
2	شکست	شکس	شکست	-
3	لازمه‌ی	لازمه	لازمه	-
4	وجود	وجود	وجود	-
5	هر	هر	هر	-
6	جامعه‌ای	جامعه	جامعه	-
7	هست	هس	#هست	-
8	.	.	.	-

0	روزگارانی	روزگاران	روزگارانی	-
1	دیگر	دیگر	دیگر	-
2	تقدیر	تقدیر	تقدیر	-
3	تاریخ	تاریخ	تاریخ	-
4	به	به	به	-
5	گونه‌ای	گونه	گونه	-
6	دیگر	دیگر	دیگر	-
7	رقم	رق	رقم	-
8	خواهد_خورد	خواهد_خورد	خورد#خور	-
9	.	.	.	-

0	قطعا	قطعا	قطعا	-
1	در	در	در	-
2	گذر	گذر	گذر	-
3	تاریخ	تاریخ	تاریخ	-
4	باز	باز	باز	-
5	هم	ه	هم	-
6	جنگ‌هایی	جنگ	جنگ	-
7	خواهد_بود	خواهد_بود	بود#باش	-
8	.	.	.	-

0	باز	باز	باز	-
1	هم	ه	هم	-
2	شکست‌ها	شکست	شکست	-
3	و	و	و	-
4	پیروزی‌هایی	پیروزی	پیروزی	-
5	نصیب	نصیب	نصیب	-
6	ما	ما	ما	-
7	خواهد_شد	خواهد_شد	شد#شو	-
8	و	و	و	-
9	به	به	به	-
10	راستی	راست	راست	-
11	که	که	که	-
12	مگر	مگر	مگر	-
13	شکست	شکس	شکست	-
14	از	از	از	-
15	اعراب	اعراب	اعراب	-
16	نخستین	نخستین	نخستین	-
17	شکست	شکس	شکست	-
18	ما	ما	ما	-
19	بوده	بوده	بوده	-
20	و	و	و	-
21	یا	یا	یا	-
22	قرار	قرار	قرار	-
23	است	اس	#است	-
24	آخرین	آخرین	آخرین	-
25	شکست	شکس	شکست	-
26	ما	ما	ما	-
27	باشد	باشد	بود#باش	-
28	مگر	مگر	مگر	-
29	تاریخ	تاریخ	تاریخ	-
30	امروز	امروز	امروز	-
31	ما	ما	ما	-
32	به	به	به	-
33	همین	همین	همین	-
34	جایی	جا	جا	-
35	که	که	که	-
36	هستیم	هست	#هست	-
37	منتهی	منته	منتهی	-
38	خواهد_شد	خواهد_شد	شد#شو	-
39	و	و	و	-
40	پایان	پا	پایان	-
41	خواهد_پذیرفت	خواهد_پذیرف	پذیرفت#پذیر	-
42	اگر	اگر	اگر	-
43	خوش	خو	خوش	-
44	بودن	بودن	بودن	-
45	یا	یا	یا	-
46	ناخوش	ناخو	ناخوش	-
47	بودن	بودن	بودن	-
48	را	را	را	-
49	به	به	به	-
50	پیروزی	پیروز	پیروزی	-
51	یا	یا	یا	-
52	شکست	شکس	شکست	-
53	منحصر	منحصر	منحصر	-
54	کنیم	کن	کرد#کن	-
55	،	،	،	-
56	آنگاه	آنگاه	آنگاه	-
57	ابتدای	ابتدا	ابتدا	-
58	شاهنامه	شاهنامه	شاهنامه	-
59	هم	ه	هم	-
60	که	که	که	-
61	پیروزی	پیروز	پیروزی	-
62	ضحاک	ضحاک	ضحاک	-
63	است	اس	#است	-
64	غم	غ	غم	-
65	انگیز	انگیز	انگیز	-
66	است	اس	#است	-
67	.	.	.	-

0	وسط	وسط	وسط	-
1	شاهنامه	شاهنامه	شاهنامه	-
2	که	که	که	-
3	شکست	شکس	شکست	-
4	از	از	از	-
5	توران	تور	توران	-
6	،	،	،	-
7	روم	رو	روم	-
8	و…	و…	و…	-
9	است	اس	#است	-
10	نیز	نیز	نیز	-
11	دردناک	دردناک	دردناک	-
12	همچنان	همچن	همچنان	-
13	که	که	که	-
14	پیروزی	پیروز	پیروزی	-
15	بر	بر	بر	-
16	ضحاک	ضحاک	ضحاک	-
17	،	،	،	-
18	توران	تور	توران	-
19	و	و	و	-
20	روم	رو	روم	-
21	و…	و…	و…	-
22	شیرین	شیرین	شیرین	-
23	است	اس	#است	-
24	!	!	!	-

0	تاریخ	تاریخ	تاریخ	-
1	کدام	کدا	کدام	-
2	ملتی	ملت	ملت	-
3	را	را	را	-
4	می‌شناسیم	می‌شناس	شناخت#شناس	-
5	که	که	که	-
6	بدون	بدون	بدون	-
7	شکست	شکس	شکست	-
8	باشد	باشد	بود#باش	-
9	؟	؟	؟	-

0	بالأخره	بالأخره	بالأخره	-
1	فردوسی	فردوس	فردوس	-
2	یک	یک	یک	-
3	جایی	جا	جا	-
4	باید	باید	باید	-
5	شاهنامه	شاهنامه	شاهنامه	-
6	را	را	را	-
7	تمام	تما	تمام	-
8	می‌کرد	می‌کرد	کرد#کن	-
9	.	.	.	-

0	پیروزی	پیروز	پیروزی	-
1	یا	یا	یا	-
2	شکست	شکس	شکست	-
3	از	از	از	-
4	روم	رو	روم	-
5	.	.	.	-

0	پیروزی	پیروز	پیروزی	-
1	یا	یا	یا	-
2	شکست	شکس	شکست	-
3	از	از	از	-
4	توران	تور	توران	-
5	زمین	زمین	زمین	-
6	و…	و…	و…	-
7	شاهنامه	شاهنامه	شاهنامه	-
8	هر	هر	هر	-
9	کجا	کجا	کجا	-
10	تمام	تما	تمام	-
11	می‌شد	می‌شد	شد#شو	-
12	،	،	،	-
13	این	این	این	-
14	قصه	قصه	قصه	-
15	نا	نا	نا	-
16	تمام	تما	تمام	-
17	بود	بود	بود#باش	-
18	و	و	و	-
19	ناتمام	ناتما	ناتمام	-
20	نیز	نیز	نیز	-
21	می‌ماند	می‌ماند	ماند#مان	-
22	و	و	و	-
23	البته	البته	البته	-
24	تا	تا	تا	-
25	پایان	پا	پایان	-
26	تاریخ	تاریخ	تاریخ	-
27	هم	ه	هم	-
28	ناتمام	ناتما	ناتمام	-
29	خواهد_ماند	خواهد_ماند	ماند#مان	-
30	شاهنامه	شاهنامه	شاهنامه	-
31	،	،	،	-
32	اثر	اثر	اثر	-
33	حکیم	حک	حکیم	-
34	ابوالقاسم	ابوالقاس	ابوالقاسم	-
35	فردوسی	فردوس	فردوس	-
36	،	،	،	-
37	یکی	یک	یک	-
38	از	از	از	-
39	بزرگ‌ترین	بزرگ	بزرگ	-
40	حماسه‌های	حماسه	حماسه	-
41	جهان	جه	جهان	-
42	،	،	،	-
43	مهم‌ترین	مهم	مهم	-
44	نامهٔ	نامه	نامه	-
45	اندیشهٔ	اندیشه	اندیشه	-
46	سیاسی	سیاس	سیاسی	-
47	ایران‌شهری	ایران‌شهر	ایران‌شهر	-
48	در	در	در	-
49	دورهٔ	دوره	دوره	-
50	اسلامی	اسلام	اسلام	-
51	،	،	،	-
52	شاهکار	شاهکار	شاهکار	-
53	حماسی	حماس	حماسی	-
54	زبان	زب	زبان	-
55	فارسی	فارس	فارس	-
56	و	و	و	-
57	حماسهٔ	حماسه	حماسه	-
58	ملی	مل	ملی	-
59	ایرانیان	ایران	ایران	-
60	و	و	و	-
61	نیز	نیز	نیز	-
62	بزرگ‌ترین	بزرگ	بزرگ	-
63	سند	سند	سند	-
64	هویت	هو	هویت	-
65	ایشان	ا	ایشان	-
66	است	اس	#است	-
67	،	،	،	-
68	چنان	چن	چنان	-
69	که	که	که	-
70	ضیاءالدین	ضیاءالدین	ضیاءالدین	-
71	ابن	ابن	ابن	-
72	اثیر	اثیر	اثیر	-
73	آن	آن	آن	-
74	را	را	را	-
75	قرآن	قرآن	قرآن	-
76	ایرانیان	ایران	ایران	-
77	خوانده‌است	خوانده‌اس	خوانده‌است	-
78	مأخذ	مأخذ	مأخذ	-
79	اصلی	اصل	اصل	-
80	فردوسی	فردوس	فردوس	-
81	در	در	در	-
82	به‌نظم	به‌نظ	به‌نظم	-
83	کشیدن	کشیدن	کشیدن	-
84	داستانها	داستان	داستان	-
85	،	،	،	-
86	شاهنامهٔ	شاهنامه	شاهنامه	-
87	منثور	منثور	منثور	-
88	ابومنصوری	ابومنصور	ابومنصور	-
89	بود	بود	بود#باش	-
90	که	که	که	-
91	چندی	چند	چند	-
92	پیش	پ	پیش	-
93	از	از	از	-
94	آن	آن	آن	-
95	توسط	توسط	توسط	-
96	یکی	یک	یک	-
97	از	از	از	-
98	سپهداران	سپهدار	سپهداران	-
99	ایران‌دوست	ایران‌دوس	ایران‌دوست	-
100	خراسان	خراس	خراسان	-
101	از	از	از	-
102	روی	رو	روی	-
103	آثار	آثار	آثار	-
104	و	و	و	-
105	روایات	روا	روایات	-
106	موجود	موجود	موجود	-
107	گردآوری	گردآور	گردآوری	-
108	شده_بود	شده_بود	شد#شو	-
109	.	.	.	-

0	فردوسی	فردوس	فردوس	-
1	در	در	در	-
2	شاهنامه	شاهنامه	شاهنامه	-
3	از	از	از	-
4	پنج	پنج	پنج	-
5	راوی	راو	راوی	-
6	شفاهی	شفاه	شفاهی	-
7	نیز	نیز	نیز	-
8	به	به	به	-
9	نامهای	نام	نام	-
10	آزادسرو	آزادسرو	آزادسرو	-
11	،	،	،	-
12	شادان	شاد	شاد	-
13	برزین	برزین	برزین	-
14	،	،	،	-
15	ماخ	ماخ	ماخ	-
16	پیر	پیر	پیر	-
17	خراسانی	خراسان	خراسانی	-
18	،	،	،	-
19	بهرام	بهرا	بهرام	-
20	و	و	و	-
21	شاهوی	شاهو	شاهوی	-
22	یاد	یاد	یاد	-
23	کرده	کرده	کرده	-
24	که	که	که	-
25	او	او	او	-
26	را	را	را	-
27	در	در	در	-
28	بازگو	بازگو	بازگو	-
29	کردن	کردن	کردن	-
30	داستانها	داستان	داستان	-
31	یاری	یار	یاری	-
32	رسانده‌اند	رسانده‌اند	رساند#رسان	-
33	اما	اما	اما	-
34	ذبیح‌اله	ذبیح‌اله	ذبیح‌اله	-
35	صفا	صفا	صفا	-
36	استدلال	استدلال	استدلال	-
37	کرده‌است	کرده‌اس	کرده‌است	-
38	که	که	که	-
39	به	به	به	-
40	احتمال	احتمال	احتمال	-
41	فراوان	فراو	فراوان	-
42	راویان	راو	راویان	-
43	یادشده	یادشده	یادشده	-
44	مربوط	مربوط	مربوط	-
45	به	به	به	-
46	روزگاران	روزگار	روزگار	-
47	پیشین	پیشین	پیشین	-
48	بوداند	بوداند	بوداند	-
49	و	و	و	-
50	فردوسی	فردوس	فردوس	-
51	به	به	به	-
52	جهت	جه	جهت	-
53	احترام	احترا	احترام	-
54	از	از	از	-
55	آنان	آن	آن	-
56	سخن	سخن	سخن	-
57	به	به	به	-
58	زبان	زب	زبان	-
59	آورده	آورده	آورده	-
60	و	و	و	-
61	هیچ‌کدام	هیچ‌کدا	هیچ‌کدام	-
62	معاصر	معاصر	معاصر	-
63	با	با	با	-
64	حکیم	حک	حکیم	-
65	توس	توس	توس	-
66	نبوده‌اند	نبوده‌اند	بود#باش	-
67	آخرین	آخرین	آخرین	-
68	ویرایشهای	ویرایش	ویرایش	-
69	فردوسی	فردوس	فردوس	-
70	در	در	در	-
71	شاهنامه	شاهنامه	شاهنامه	-
72	در	در	در	-
73	سالهای	سال	سال	-
74	۴۰۰	۴۰۰	۴۰۰	-
75	و	و	و	-
76	۴۰۱	۴۰۱	۴۰۱	-
77	هجری	هجر	هجری	-
78	قمری	قمر	قمر	-
79	روی‌داد	روی‌داد	روی‌داد	-
80	متون	متون	متون	-
81	کلاسیک	کلاسیک	کلاسیک	-
82	در	در	در	-
83	گذر	گذر	گذر	-
84	زمان	ز	زمان	-
85	بر	بر	بر	-
86	اثر	اثر	اثر	-
87	حوادث	حوادث	حوادث	-
88	تاریخی	تاریخ	تاریخ	-
89	،	،	،	-
90	گرایش‌های	گرایش	گرایش	-
91	حاکمان	حاک	حاکمان	-
92	و	و	و	-
93	کاتبان	کاتب	کاتبان	-
94	و	و	و	-
95	علل	علل	علل	-
96	دیگر	دیگر	دیگر	-
97	دستخوش	دستخو	دستخوش	-
98	تغییر	تغییر	تغییر	-
99	و	و	و	-
100	تحولات	تحول	تحولات	-
101	متعددی	متعدد	متعدد	-
102	می‌شوند	می‌شوند	شد#شو	-
103	.	.	.	-

0	پیگیری	پیگیر	پیگیری	-
1	این	این	این	-
2	تحولات	تحول	تحولات	-
3	و	و	و	-
4	مقایسه‌ی	مقایسه	مقایسه	-
5	نسخه‌های	نسخه	نسخه	-
6	متعدد	متعدد	متعدد	-
7	به‌جا	به‌جا	به‌جا	-
8	مانده	مانده	مانده	-
9	از	از	از	-
10	متون	متون	متون	-
11	کلاسیک	کلاسیک	کلاسیک	-
12	و	و	و	-
13	ارائه‌ی	ارائه	ارائه	-
14	متنی	متن	متنی	-
15	تا	تا	تا	-
16	حد	حد	حد	-
17	ممکن	ممکن	ممکن	-
18	اصیل	اصیل	اصیل	-
19	دغدغه‌ی	دغدغه	دغدغه	-
20	اصلی	اصل	اصل	-
21	کسانی‌ست	کسانی‌س	کسانی‌ست	-
22	که	که	که	-
23	تصحیح	تصحیح	تصحیح	-
24	متون	متون	متون	-
25	کلاسیک	کلاسیک	کلاسیک	-
26	را	را	را	-
27	به‌عنوان	به‌عنو	به‌عنوان	-
28	فعالیتی	فعالیت	فعالیت	-
29	ادبی	ادب	ادب	-
30	پیشه‌ی	پیشه	پیشه	-
31	خود	خود	خود	-
32	می‌کنند	می‌کنند	کرد#کن	-
33	.	.	.	-

0	مهری	مهر	مهر	-
1	بهفر	بهفر	بهفر	-
2	بیش	ب	بیش	-
3	از	از	از	-
4	یک	یک	یک	-
5	دهه	دهه	دهه	-
6	است	اس	#است	-
7	که	که	که	-
8	کار	کار	کار	-
9	خود	خود	خود	-
10	را	را	را	-
11	معطوف	معطوف	معطوف	-
12	به	به	به	-
13	تصحیح	تصحیح	تصحیح	-
14	شاهنامه	شاهنامه	شاهنامه	-
15	کرده_است	کرده_اس	کرد#کن	-
16	.	.	.	-

0	پروژه‌ی	پروژه	پروژه	-
1	تصحیح	تصحیح	تصحیح	-
2	او	او	او	-
3	با	با	با	-
4	شرح	شرح	شرح	-
5	یکایک	یکایک	یکایک	-
6	ابیات	اب	ابیات	-
7	،	،	،	-
8	مقایسه‌ی	مقایسه	مقایسه	-
9	درونمایه‌ی	درونمایه	درونمایه‌ی	-
10	داستان‌ها	داستان	داستان	-
11	و	و	و	-
12	شخصیت‌های	شخصیت	شخصیت	-
13	شاهنامه	شاهنامه	شاهنامه	-
14	با	با	با	-
15	مابه‌ازاهای	مابه‌ازا	مابه‌ازاهای	-
16	اساطیری‌شان	اساطیری	اساطیری‌شان	-
17	در	در	در	-
18	ادبیات	ادب	ادبیات	-
19	اسطوره‌	اسطوره	اسطوره	-
20	ای	ا	ای	-
21	و	و	و	-
22	حماسی	حماس	حماسی	-
23	جهان	جه	جهان	-
24	و	و	و	-
25	ضمائمی	ضمائم	ضمائمی	-
26	دیگر	دیگر	دیگر	-
27	همراه	همراه	همراه	-
28	شده_است	شده_اس	شد#شو	-
29	که	که	که	-
30	مجموع	مجموع	مجموع	-
31	آن	آن	آن	-
32	به	به	به	-
33	تخمین	تخمین	تخمین	-
34	خودش	خود	خودش	-
35	مشتمل	مشتمل	مشتمل	-
36	بر	بر	بر	-
37	بیست	بیس	بیست	-
38	جلد	جلد	جلد	-
39	خواهدشد	خواهدشد	خواهدشد	-
40	.	.	.	-

0	تا	تا	تا	-
1	به	به	به	-
2	حال	حال	حال	-
3	سه	سه	سه	-
4	دفتر	دف	دفتر	-
5	از	از	از	-
6	این	این	این	-
7	مجموعه	مجموعه	مجموعه	-
8	منتشر	منتشر	منتشر	-
9	شده_است	شده_اس	شد#شو	-
10	.	.	.	-

0	انتشار	انتشار	انتشار	-
1	دفتر	دف	دفتر	-
2	سوم	سو	سوم	-
3	بهانه‌ای	بهانه	بهانه	-
4	شد	شد	شد#شو	-
5	تا	تا	تا	-
6	پای	پا	پای	-
7	صحبت	صحب	صحبت	-
8	مهری	مهر	مهر	-
9	بهفر	بهفر	بهفر	-
10	بنشینیم	بنشین	نشست#نشین	-
11	تا	تا	تا	-
12	از	از	از	-
13	چند	چند	چند	-
14	و	و	و	-
15	چون	چون	چون	-
16	تألیف	تألیف	تألیف	-
17	و	و	و	-
18	انتشار	انتشار	انتشار	-
19	این	این	این	-
20	مجموعه	مجموعه	مجموعه	-
21	برای‌مان	برای	برای	-
22	بگوید	بگوید	گفت#گو	-
23	وقتی	وقت	وقت	-
24	کشورت	کشور	کشور	-
25	را	را	را	-
26	اشغال	اشغال	اشغال	-
27	کرده_باشند	کرده_باشند	کرد#کن	-
28	زبانت	زبان	زبان	-
29	را	را	را	-
30	در	در	در	-
31	شرف	شرف	شرف	-
32	نابودی	نابود	نابودی	-
33	قرار	قرار	قرار	-
34	داده_باشند	داده_باشند	داد#ده	-
35	،	،	،	-
36	کتاب‌هایت	کتاب	کتاب	-
37	را	را	را	-
38	سوزانده	سوزانده	سوزانده	-
39	باشند	باشند	بود#باش	-
40	،	،	،	-
41	فرهنگت	فرهنگ	فرهنگ	-
42	را	را	را	-
43	از	از	از	-
44	بین	بین	بین	-
45	برده_باشند	برده_باشند	برد#بر	-
46	،	،	،	-
47	تاریخت	تاریخ	تاریخ	-
48	را	را	را	-
49	تحریف	تحریف	تحریف	-
50	کرده_باشند	کرده_باشند	کرد#کن	-
51	و	و	و	-
52	هویت	هو	هویت	-
53	ملی‌ات	ملی	ملی	-
54	را	را	را	-
55	به	به	به	-
56	دست	دس	دست	-
57	فراموشی	فراموش	فراموش	-
58	سپرده_باشند	سپرده_باشند	سپرد#سپر	-
59	،	،	،	-
60	چه	چه	چه	-
61	کاری	کار	کاشت#کار	-
62	می‌تواند	می‌تواند	توانست#توان	-
63	شیرین‌تر	شیرین	شیرین	-
64	و	و	و	-
65	پر	پر	پر	-
66	اهمیت‌تر	اهمیت	اهمیت	-
67	از	از	از	-
68	این	این	این	-
69	تلقی	تلق	تلقی	-
70	شود	شود	شد#شو	-
71	که	که	که	-
72	بتوانی	بتوان	توانست#توان	-
73	زبانت	زبان	زبان	-
74	را	را	را	-
75	زنده	زنده	زنده	-
76	کنی	کن	کرد#کن	-
77	،	،	،	-
78	تاریخت	تاریخ	تاریخ	-
79	را	را	را	-
80	از	از	از	-
81	دست	دس	دست	-
82	فراموشی	فراموش	فراموش	-
83	نجات	نج	نجات	-
84	دهی	ده	داد#ده	-
85	،	،	،	-
86	غرور	غرور	غرور	-
87	ملی‌ات	ملی	ملی	-
88	را	را	را	-
89	بازسازی	بازساز	بازسازی	-
90	نمایی	نما	نمایی	-
91	،	،	،	-
92	فرهنگت	فرهنگ	فرهنگ	-
93	را	را	را	-
94	بازیابی	بازیاب	بازیابی	-
95	کنی	کن	کرد#کن	-
96	،	،	،	-
97	…	…	…	-
98	و	و	و	-
99	چه	چه	چه	-
100	کاری	کار	کاشت#کار	-
101	بالاتر	بالا	بالا	-
102	از	از	از	-
103	این	این	این	-
104	و	و	و	-
105	چه	چه	چه	-
106	پیروزی‌ای	پیروزی	پیروزی	-
107	خوش‌تر	خوش	خوش	-
108	از	از	از	-
109	این	این	این	-
110	؟	؟	؟	-

0	این	این	این	-
1	حقیقت	حقیق	حقیقت	-
2	را	را	را	-
3	نیز	نیز	نیز	-
4	باید	باید	باید	-
5	بدانیم	بدان	دانست#دان	-
6	که	که	که	-
7	تخیلات	تخیل	تخیلات	-
8	همیشه	همیشه	همیشه	-
9	پوچ	پوچ	پوچ	-
10	و	و	و	-
11	بی	ب	بی	-
12	مصرف	مصرف	مصرف	-
13	نیستند	نیستند	#هست	-
14	.	.	.	-

0	خلاقیتهای	خلاقیت	خلاقیت	-
1	هنری	هنر	هنر	-
2	که	که	که	-
3	خاستگاهشان	خاستگاه	خاستگاه	-
4	نفس	نفس	نفس	-
5	تخیل	تخیل	تخیل	-
6	است	اس	#است	-
7	،	،	،	-
8	ازاین	ازاین	ازاین	-
9	قاعده	قاعده	قاعده	-
10	مستثنایند	مستثنایند	مستثنایند	-
11	.	.	.	-

0	ازضرورتها	ازضرورت	ازضرورتها	-
1	و	و	و	-
2	نیاز	نیاز	نیاز	-
3	امروز	امروز	امروز	-
4	جهان	جه	جهان	-
5	است	اس	#است	-
6	که	که	که	-
7	هنروران	هنرور	هنرور	-
8	و	و	و	-
9	آنان	آن	آن	-
10	که	که	که	-
11	در	در	در	-
12	تولید	تولید	تولید	-
13	هنر	هنر	هنر	-
14	و	و	و	-
15	مشاغل	مشاغل	مشاغل	-
16	هنری	هنر	هنر	-
17	فعالند	فعالند	فعالند	-
18	همواره	همواره	همواره	-
19	مترصد	مترصد	مترصد	-
20	آن	آن	آن	-
21	باشند	باشند	بود#باش	-
22	که	که	که	-
23	در	در	در	-
24	خلاقیتهای	خلاقیت	خلاقیت	-
25	خود	خود	خود	-
26	،	،	،	-
27	عناصر	عناصر	عناصر	-
28	تعقل	تعقل	تعقل	-
29	و	و	و	-
30	تفکر	تفکر	تفکر	-
31	منطقی	منطق	منطق	-
32	را	را	را	-
33	نیز	نیز	نیز	-
34	ملحوظ	ملحوظ	ملحوظ	-
35	و	و	و	-
36	منظور	منظور	منظور	-
37	دارند	دارند	داشت#دار	-
38	.	.	.	-

0	پا	پا	پا	-
1	ازحد	ازحد	ازحد	-
2	مجاز	مجاز	مجاز	-
3	و	و	و	-
4	مفید	مفید	مفید	-
5	فراتر	فرا	فراتر	-
6	نگذارند	نگذارند	گذاشت#گذار	-
7	.	.	.	-

0	در	در	در	-
1	شعر	شعر	شعر	-
2	،	،	،	-
3	ادب	ادب	ادب	-
4	،	،	،	-
5	موسیقی	موسیق	موسیقی	-
6	،	،	،	-
7	نقاشی	نقاش	نقاش	-
8	،	،	،	-
9	سینما	سینما	سینما	-
10	،	،	،	-
11	تآتر	تآ	تآتر	-
12	،	،	،	-
13	انیمیشنها	انیمیشن	انیمیشنها	-
14	و	و	و	-
15	برنامه‌های	برنامه	برنامه	-
16	ادبی	ادب	ادب	-
17	و	و	و	-
18	هنری	هنر	هنر	-
19	که	که	که	-
20	ترتیب	ترتیب	ترتیب	-
21	میدهند	میدهند	میدهند	-
22	،	،	،	-
23	تا	تا	تا	-
24	آنجا	آنجا	آنجا	-
25	به	به	به	-
26	تخیلات	تخیل	تخیلات	-
27	اجازه‌ی	اجازه	اجازه	-
28	فعالیت	فعال	فعالیت	-
29	دهند	دهند	داد#ده	-
30	که	که	که	-
31	از	از	از	-
32	مرز	مرز	مرز	-
33	مجاز	مجاز	مجاز	-
34	تجاوز	تجاوز	تجاوز	-
35	و	و	و	-
36	تخطی	تخط	تخطی	-
37	نکنند	نکنند	کرد#کن	-
38	.	.	.	-

0	ازبدآموزی	ازبدآموز	ازبدآموزی	-
1	،	،	،	-
2	به	به	به	-
3	غلط	غلط	غلط	-
4	افتادنهای	افتادن	افتادن	-
5	افکار	افکار	افکار	-
6	،	،	،	-
7	اذهان	اذه	اذهان	-
8	،	،	،	-
9	باورها	باور	باور	-
10	و	و	و	-
11	از	از	از	-
12	افراط	افراط	افراط	-
13	و	و	و	-
14	تفریط	تفریط	تفریط	-
15	در	در	در	-
16	هر	هر	هر	-
17	زمینه	زمینه	زمینه	-
18	و	و	و	-
19	پدیده‌ی	پدیده	پدیده	-
20	هنری	هنر	هنر	-
21	پرهیز	پرهیز	پرهیز	-
22	شود	شود	شد#شو	-
23	.	.	.	-

0	در	در	در	-
1	رمانها	رمان	رمان	-
2	،	،	،	-
3	داستانها	داستان	داستان	-
4	و	و	و	-
5	افسانه	افسانه	افسانه	-
6	هائی	هائ	هائی	-
7	که	که	که	-
8	بضرورت	بضرور	بضرورت	-
9	ساخته	ساخته	ساخته	-
10	یا	یا	یا	-
11	مقالاتی	مقالات	مقالات	-
12	که	که	که	-
13	نوشته	نوشته	نوشته	-
14	میشوند	میشوند	میشوند	-
15	،	،	،	-
16	چشم	چ	چشم	-
17	عقل	عقل	عقل	-
18	و	و	و	-
19	مقررات	مقرر	مقررات	-
20	علمی	علم	علم	-
21	و	و	و	-
22	منطقی	منطق	منطق	-
23	را	را	را	-
24	بر	بر	بر	-
25	جوانب	جوانب	جوانب	-
26	هنری	هنر	هنر	-
27	آن	آن	آن	-
28	آثار	آثار	آثار	-
29	،	،	،	-
30	بیدار	بیدار	بیدار	-
31	و	و	و	-
32	هوشیار	هوشیار	هوشیار	-
33	بدارند	بدارند	داشت#دار	-
34	زندگی	زندگ	زندگی	-
35	امروز	امروز	امروز	-
36	با	با	با	-
37	حضور	حضور	حضور	-
38	علوم	علو	علوم	-
39	جدید	جدید	جدید	-
40	و	و	و	-
41	دستاوردهای	دستاورد	دستاورد	-
42	علمی	علم	علم	-
43	و	و	و	-
44	تکنیکی	تکنیک	تکنیکی	-
45	جاری	جار	جاری	-
46	،	،	،	-
47	ورود	ورود	ورود	-
48	تخیل	تخیل	تخیل	-
49	و	و	و	-
50	توهمات	توه	توهمات	-
51	پوچ	پوچ	پوچ	-
52	را	را	را	-
53	به	به	به	-
54	حیطه‌ی	حیطه	حیطه	-
55	حیات	ح	حیات	-
56	انسان	انس	انسان	-
57	،	،	،	-
58	جایز	جایز	جایز	-
59	نمیشمرد	نمیشمرد	نمیشمرد	-
60	.	.	.	-

0	درست	درس	درست	-
1	است	اس	#است	-
2	که	که	که	-
3	اوهام	او	اوهام	-
4	و	و	و	-
5	خرافات	خراف	خرافات	-
6	ناشی	ناش	ناشی	-
7	از	از	از	-
8	تخیلات	تخیل	تخیلات	-
9	واهی	واه	واهی	-
10	در	در	در	-
11	زوایای	زوایا	زوایا	-
12	زندگی	زندگ	زندگی	-
13	آدمی	آدم	آدم	-
14	راه	راه	راه	-
15	یافته‌اند	یافته‌اند	یافت#یاب	-
16	و	و	و	-
17	هستند	هستند	#هست	-
18	و	و	و	-
19	«	«	«	-
20	هرکه	هرکه	هرکه	-
21	آمد	آمد	آمد#آ	-
22	بر	بر	بر	-
23	آن	آن	آن	-
24	مزیدی	مزید	مزید	-
25	کرد	کرد	کرد#کن	-
26	تا	تا	تا	-
27	به	به	به	-
28	این	این	این	-
29	غایت	غا	غایت	-
30	رسید	رسید	رسید	-
31	»	»	»	-
32	اما	اما	اما	-
33	نباید	نباید	نباید	-
34	باشند	باشند	بود#باش	-
35	.	.	.	-

0	اما	اما	اما	-
1	حضورشان	حضور	حضور	-
2	در	در	در	-
3	زندگی	زندگ	زندگی	-
4	مردم	مرد	مردم	-
5	جهان	جه	جهان	-
6	مجاز	مجاز	مجاز	-
7	نیست	نیس	نیست	-
8	.	.	.	-

0	این	این	این	-
1	فتوای	فتوا	فتوا	-
2	عقل	عقل	عقل	-
3	،	،	،	-
4	علم	عل	علم	-
5	و	و	و	-
6	منطق	منطق	منطق	-
7	است	اس	#است	-
8	.	.	.	-

0	در	در	در	-
1	زمانیکه	زمانیکه	زمانیکه	-
2	تلسکوپهای	تلسکوپ	تلسکوپ	-
3	نیرومند	نیرومند	نیرومند	-
4	،	،	،	-
5	کره‌ی	کره	کره	-
6	زمین	زمین	زمین	-
7	را	را	را	-
8	در	در	در	-
9	فاصله‌ی	فاصله	فاصله	-
10	شش	ش	شش	-
11	میلیارد	میلیارد	میلیارد	-
12	کیلومتری	کیلومتر	کیلومتر	-
13	بصورت	بصور	بصورت	-
14	نقطه‌ای	نقطه	نقطه	-
15	آبی	آب	آب	-
16	رنگ	رنگ	رنگ	-
17	،	،	،	-
18	معلق	معلق	معلق	-
19	در	در	در	-
20	فضای	فضا	فضا	-
21	لایتناها	لایتنا	لایتناها	-
22	نشان	ن	نشان	-
23	میدهند	میدهند	میدهند	-
24	و	و	و	-
25	هرکس	هرکس	هرکس	-
26	میتواند	میتواند	میتواند	-
27	-	-	-	-
28	بیاری	بیار	بیاری	-
29	اینترنت	اینترن	اینترنت	-
30	-	-	-	-
31	بشرح	بشرح	بشرح	-
32	ویدئوئی	ویدئوئ	ویدئوئی	-
33	خدمات	خد	خدمات	-
34	دانشمندان	دانشمند	دانشمند	-
35	در	در	در	-
36	این	این	این	-
37	زمینه‌ی	زمینه	زمینه	-
38	علمی	علم	علم	-
39	بنگرد	بنگرد	نگریست#نگر	-
40	و	و	و	-
41	گوش	گو	گوش	-
42	دهد	دهد	داد#ده	-
43	،	،	،	-
44	دیگر	دیگر	دیگر	-
45	نمیتوان	نمیتو	نمیتوان	-
46	پذیرفت	پذیرف	پذیرفت#پذیر	-
47	که	که	که	-
48	انسانهای	انسان	انسان	-
49	متوهم	متوه	متوهم	-
50	در	در	در	-
51	توهمات	توه	توهمات	-
52	خود	خود	خود	-
53	،	،	،	-
54	صادقند	صادقند	صادقند	-
55	در	در	در	-
56	شبی	شب	شب	-
57	طولانی	طولان	طولانی	-
58	و	و	و	-
59	بدون	بدون	بدون	-
60	مهتاب	مهتاب	مهتاب	-
61	،	،	،	-
62	شاعر	شاعر	شاعر	-
63	از	از	از	-
64	خواب	خواب	خواب	-
65	برمی‌خیزد	برمی‌خیزد	برمی‌خیزد	-
66	و	و	و	-
67	دل‌آزرده	دل‌آزرده	دل‌آزرده	-
68	از	از	از	-
69	این	این	این	-
70	شب	شب	شب	-
71	تیره	تیره	تیره	-
72	و	و	و	-
73	دلگیر	دلگیر	دلگیر	-
74	،	،	،	-
75	یارش	یار	یار	-
76	را	را	را	-
77	بیدار	بیدار	بیدار	-
78	می‌کند	می‌کند	کرد#کن	-
79	.	.	.	-

0	او	او	او	-
1	چون	چون	چون	-
2	بی‌خواب	بی‌خواب	بی‌خواب	-
3	شده_است	شده_اس	شد#شو	-
4	از	از	از	-
5	دلبرش	دلبر	دلبر	-
6	می‌خواهد	می‌خواهد	خواست#خواه	-
7	که	که	که	-
8	برایش	برا	برایش	-
9	بزمی	بزم	بزم	-
10	بیاراید	بیاراید	بیاراید	-
11	و	و	و	-
12	چنگ	چنگ	چنگ	-
13	بنوازد	بنوازد	بنوازد	-
14	پس	پس	پس	-
15	از	از	از	-
16	کامجویی	کامجو	کامجویی	-
17	از	از	از	-
18	آن	آن	آن	-
19	بزم	بز	بزم	-
20	،	،	،	-
21	شاعر	شاعر	شاعر	-
22	از	از	از	-
23	یارش	یار	یار	-
24	می‌خواهد	می‌خواهد	خواست#خواه	-
25	که	که	که	-
26	از	از	از	-
27	دفتر	دف	دفتر	-
28	پهلوی	پهلو	پهلوی	-
29	(	(	(	-
30	تاریخ	تاریخ	تاریخ	-
31	شاهان	شاه	شاه	-
32	باستان	باس	باستان	-
33	ایران	ایر	ایران	-
34	زمین	زمین	زمین	-
35	)	)	)	-
36	داستانی	داستان	داستان	-
37	را	را	را	-
38	بخواند	بخواند	خواند#خوان	-
39	تا	تا	تا	-
40	او	او	او	-
41	به	به	به	-
42	شعر	شعر	شعر	-
43	آورد	آورد	آورد#آور	-
44	.	.	.	-

0	داستان	داس	داستان	-
1	از	از	از	-
2	بزمی	بزم	بزم	-
3	در	در	در	-
4	حضور	حضور	حضور	-
5	کیخسرو	کیخسرو	کیخسرو	-
6	شروع	شروع	شروع	-
7	می‌شود	می‌شود	شد#شو	-
8	.	.	.	-

0	ناگهان	ناگه	ناگهان	-
1	خبر	خبر	خبر	-
2	می‌آورند	می‌آورند	آورد#آور	-
3	ارمنیان	ارمن	ارمنیان	-
4	که	که	که	-
5	در	در	در	-
6	مرز	مرز	مرز	-
7	ایران	ایر	ایران	-
8	و	و	و	-
9	توران	تور	توران	-
10	زندگی	زندگ	زندگی	-
11	می‌کنند	می‌کنند	کرد#کن	-
12	به	به	به	-
13	دادخواهی	دادخواه	دادخواهی	-
14	آمده‌اند	آمده‌اند	آمد#آ	-
15	.	.	.	-

0	آنان	آن	آن	-
1	زاری‌کنان	زاری‌کن	زاری‌کنان	-
2	می‌گویند	می‌گویند	گفت#گو	-
3	که	که	که	-
4	گله‌ای	گله	گله	-
5	از	از	از	-
6	گرازان	گراز	گراز	-
7	به	به	به	-
8	بیشه‌ای	بیشه	بیشه	-
9	که	که	که	-
10	کشتزار	کشتزار	کشتزار	-
11	و	و	و	-
12	باغ‌هایشان	باغ	باغ	-
13	آنجاست	آنجاس	آنجاست	-
14	،	،	،	-
15	حمله	حمله	حمله	-
16	کرده‌اند	کرده‌اند	کرد#کن	-
17	و	و	و	-
18	محصولات	محصول	محصولات	-
19	و	و	و	-
20	دام‌های	دام	دام	-
21	آنان	آن	آن	-
22	را	را	را	-
23	نابود	نابود	نابود	-
24	می‌کنند	می‌کنند	کرد#کن	-
25	.	.	.	-

0	کیخسرو	کیخسرو	کیخسرو	-
1	دستور	دستور	دستور	-
2	می‌دهد	می‌دهد	داد#ده	-
3	ظرف	ظرف	ظرف	-
4	زرین	زرین	زرین	-
5	بزرگی	بزرگ	بزرگ	-
6	را	را	را	-
7	در	در	در	-
8	میان	م	میان	-
9	مجلس	مجلس	مجلس	-
10	قرار	قرار	قرار	-
11	داده	داده	داده	-
12	و	و	و	-
13	آن	آن	آن	-
14	را	را	را	-
15	لبریز	لبریز	لبریز	-
16	از	از	از	-
17	گوهرهای	گوهر	گوهر	-
18	گرانبها	گرانب	گرانبها	-
19	کنند	کنند	کرد#کن	-
20	و	و	و	-
21	می‌گوید	می‌گوید	گفت#گو	-
22	:	:	:	-
23	«	«	«	-
24	کدام	کدا	کدام	-
25	دلاوری	دلاور	دلاور	-
26	داوطلب	داوطلب	داوطلب	-
27	از	از	از	-
28	بین	بین	بین	-
29	بردن	بردن	بردن	-
30	گرازهاست	گرازهاس	گرازهاست	-
31	تا	تا	تا	-
32	این	این	این	-
33	گنج	گنج	گنج	-
34	را	را	را	-
35	پاداش	پادا	پاداش	-
36	بگیرد	بگیرد	گرفت#گیر	-
37	»	»	»	-
38	کسی	کس	کس	-
39	پاسخ	پاسخ	پاسخ	-
40	نمی‌دهد	نمی‌دهد	داد#ده	-
41	تا	تا	تا	-
42	اینکه	اینکه	اینکه	-
43	بیژن	بیژن	بیژن	-
44	(	(	(	-
45	فرزند	فرزند	فرزند	-
46	گیو	گیو	گیو	-
47	و	و	و	-
48	نوه‌ی	نوه	نوه	-
49	دختری	دختر	دختر	-
50	رستم	رس	رستم	-
51	)	)	)	-
52	پیشقدم	پیشقد	پیشقدم	-
53	می‌شود	می‌شود	شد#شو	-
54	،	،	،	-
55	اما	اما	اما	-
56	پدرش	پدر	پدر	-
57	او	او	او	-
58	را	را	را	-
59	بر	بر	بر	-
60	این	این	این	-
61	جسارت	جسار	جسارت	-
62	ملامت	ملام	ملامت	-
63	می‌کند	می‌کند	کرد#کن	-
64	که	که	که	-
65	:	:	:	-
66	«	«	«	-
67	بی‌تجربه	بی‌تجربه	بی‌تجربه	-
68	هستی	هست	هستی	-
69	و	و	و	-
70	توانایی	توانا	توانایی	-
71	این	این	این	-
72	کار	کار	کار	-
73	را	را	را	-
74	نداری	ندار	نداری	-
75	»	»	»	-
76	بیژن	بیژن	بیژن	-
77	که	که	که	-
78	جوانی	جوان	جوان	-
79	جویای	جویا	جویا	-
80	نام	نا	نام	-
81	است	اس	#است	-
82	،	،	،	-
83	بر	بر	بر	-
84	ادعایش	ادعا	ادعا	-
85	اصرار	اصرار	اصرار	-
86	می‌ورزد	می‌ورزد	ورزید#ورز	-
87	.	.	.	-

0	شاه	شاه	شاه	-
1	این	این	این	-
2	مأموریت	مأمور	مأموریت	-
3	را	را	را	-
4	برعهده‌ی	برعهده	برعهده‌ی	-
5	بیژن	بیژن	بیژن	-
6	می‌گذارد	می‌گذارد	گذاشت#گذار	-
7	و	و	و	-
8	گرگین	گرگین	گرگین	-
9	که	که	که	-
10	سرداری	سردار	سردار	-
11	با	با	با	-
12	تجربه	تجربه	تجربه	-
13	است	اس	#است	-
14	را	را	را	-
15	برای	برا	برای	-
16	راهنمایی‌اش	راهنمایی	راهنمایی	-
17	در	در	در	-
18	این	این	این	-
19	سفر	سفر	سفر	-
20	،	،	،	-
21	با	با	با	-
22	او	او	او	-
23	همراه	همراه	همراه	-
24	میکند	میکند	میکند	-
25	پیران	پیر	پیر	-
26	که	که	که	-
27	روی	رو	روی	-
28	کودک	کودک	کودک	-
29	را	را	را	-
30	دید	دید	دید	-
31	به	به	به	-
32	یاد	یاد	یاد	-
33	سیاوش	سیاو	سیاوش	-
34	افتاد	افتاد	افتاد#افت	-
35	و	و	و	-
36	گریه	گریه	گریه	-
37	کرد	کرد	کرد#کن	-
38	زیرا	زیرا	زیرا	-
39	کودک	کودک	کودک	-
40	چنان	چن	چنان	-
41	بود	بود	بود#باش	-
42	که	که	که	-
43	گویی	گو	گفت#گو	-
44	سیاوش	سیاو	سیاوش	-
45	بار	بار	بار	-
46	دیگر	دیگر	دیگر	-
47	به	به	به	-
48	دنیا	دنیا	دنیا	-
49	آمده_است	آمده_اس	آمد#آ	-
50	پیران	پیر	پیر	-
51	کودک	کودک	کودک	-
52	را	را	را	-
53	نزد	نزد	نزد	-
54	افراسیاب	افراسیاب	افراسیاب	-
55	برد	برد	برد	-
56	و	و	و	-
57	او	او	او	-
58	را	را	را	-
59	ستایش	ستا	ستایش	-
60	کرد	کرد	کرد#کن	-
61	و	و	و	-
62	سپس	سپس	سپس	-
63	خبر	خبر	خبر	-
64	تولد	تولد	تولد	-
65	فرزند	فرزند	فرزند	-
66	فرنگیس	فرنگیس	فرنگیس	-
67	(	(	(	-
68	نوه	نوه	نوه	-
69	افراسیاب	افراسیاب	افراسیاب	-
70	)	)	)	-
71	را	را	را	-
72	به	به	به	-
73	او	او	او	-
74	داد	داد	داد	-
75	و	و	و	-
76	گفت	گف	گفت#گو	-
77	«	«	«	-
78	این	این	این	-
79	کودک	کودک	کودک	-
80	از	از	از	-
81	خوبی	خوب	خوبی	-
82	به	به	به	-
83	تو	تو	تو	-
84	مانند	مانند	مانند	-
85	است	اس	#است	-
86	،	،	،	-
87	از	از	از	-
88	پهلوانی	پهلوان	پهلوان	-
89	به	به	به	-
90	فریدون	فریدون	فریدون	-
91	و	و	و	-
92	زیبایی	زیبا	زیبایی	-
93	اش	ا	اش	-
94	تور	تور	تور	-
95	(	(	(	-
96	نیاکان	نیاک	نیاکان	-
97	افراسیاب	افراسیاب	افراسیاب	-
98	)	)	)	-
99	را	را	را	-
100	به	به	به	-
101	یاد	یاد	یاد	-
102	می‌آورد	می‌آورد	آورد#آور	-
103	.	.	.	-

0	نظر	نظر	نظر	-
1	من	من	من	-
2	این	این	این	-
3	است	اس	#است	-
4	که	که	که	-
5	گذشته	گذشته	گذشته	-
6	را	را	را	-
7	فراموش	فرامو	فراموش	-
8	کنی	کن	کرد#کن	-
9	و	و	و	-
10	مهر	مهر	مهر	-
11	کودک	کودک	کودک	-
12	را	را	را	-
13	در	در	در	-
14	دل	دل	دل	-
15	پرورش	پرور	پرورش	-
16	دهی	ده	داد#ده	-
17	او	او	او	-
18	را	را	را	-
19	به	به	به	-
20	چوپانان	چوپان	چوپان	-
21	بسپری	بسپر	سپرد#سپر	-
22	تا	تا	تا	-
23	دور	دور	دور	-
24	از	از	از	-
25	دربار	دربار	دربار	-
26	و	و	و	-
27	بدون	بدون	بدون	-
28	آگاهی	آگاه	آگاهی	-
29	از	از	از	-
30	اصل	اصل	اصل	-
31	و	و	و	-
32	نژاد	نژاد	نژاد	-
33	خود	خود	خود	-
34	بزرگ	بزرگ	بزرگ	-
35	شود	شود	شد#شو	-
36	.	.	.	-
37	»	»	»	-
38	گردآفرید	گردآفرید	گردآفرید	-
39	نخستین	نخستین	نخستین	-
40	شیرزن	شیرزن	شیرزن	-
41	حماسه	حماسه	حماسه	-
42	ملی	مل	ملی	-
43	ایران	ایر	ایران	-
44	است	اس	#است	-
45	گردآفرید	گردآفرید	گردآفرید	-
46	دلربا	دلربا	دلربا	-
47	و	و	و	-
48	چالاک	چالاک	چالاک	-
49	با	با	با	-
50	این	این	این	-
51	که	که	که	-
52	در	در	در	-
53	شاهنامه	شاهنامه	شاهنامه	-
54	حضوری	حضور	حضور	-
55	کوتاه	کوتاه	کوتاه	-
56	دارد	دارد	داشت#دار	-
57	و	و	و	-
58	شکست	شکس	شکست	-
59	هم	ه	هم	-
60	می‌خورد	می‌خورد	خورد#خور	-
61	بسیار	بسیار	بسیار	-
62	برجسته	برجسته	برجسته	-
63	است	اس	#است	-
64	و	و	و	-
65	یکی	یک	یک	-
66	از	از	از	-
67	گیراترین	گیرا	گیرا	-
68	زنان	زن	زن	-
69	شاهنامه	شاهنامه	شاهنامه	-
70	وی	و	وی	-
71	را	را	را	-
72	می‌توان	می‌تو	می‌توان	-
73	مانند	مانند	مانند	-
74	فرانک	فرانک	فرانک	-
75	ارنواز	ارنواز	ارنواز	-
76	و	و	و	-
77	شهرناز	شهرناز	شهرناز	-
78	،	،	،	-
79	نمونه	نمونه	نمونه	-
80	زن	زن	زن	-
81	اصیل	اصیل	اصیل	-
82	ایرانی	ایران	ایران	-
83	دانست	دانس	دانست#دان	-
84	.	.	.	-

0	او	او	او	-
1	در	در	در	-
2	جنگاوری	جنگاور	جنگاور	-
3	بی‌همتاست	بی‌همتاس	بی‌همتاست	-
4	در	در	در	-
5	رهسپاری	رهسپار	رهسپار	-
6	سهراب	سهراب	سهراب	-
7	از	از	از	-
8	توران	تور	توران	-
9	به	به	به	-
10	ایران	ایر	ایران	-
11	،	،	،	-
12	هنگامی	هنگام	هنگامی	-
13	که	که	که	-
14	وی	و	وی	-
15	در	در	در	-
16	جستجوی	جستجو	جستجو	-
17	پدرش	پدر	پدر	-
18	رستم	رس	رستم	-
19	است	اس	#است	-
20	،	،	،	-
21	با	با	با	-
22	او	او	او	-
23	آشنا	آشنا	آشنا	-
24	می‌شویم	می‌شو	شد#شو	-
25	.	.	.	-

0	در	در	در	-
1	مرز	مرز	مرز	-
2	توران	تور	توران	-
3	و	و	و	-
4	ایران	ایر	ایران	-
5	،	،	،	-
6	دژی	دژ	دژ	-
7	به	به	به	-
8	نام	نا	نام	-
9	سپیددژ	سپیددژ	سپیددژ	-
10	هست	هس	#هست	-
11	.	.	.	-

0	گژدهم	گژده	گژدهم	-
1	که	که	که	-
2	یک	یک	یک	-
3	ایرانی	ایران	ایران	-
4	سالخورده	سالخورده	سالخورده	-
5	است	اس	#است	-
6	بر	بر	بر	-
7	آن	آن	آن	-
8	فرمان	فر	فرمان	-
9	می‌راند	می‌راند	می‌راند	-
10	و	و	و	-
11	همواره	همواره	همواره	-
12	در	در	در	-
13	برابر	برابر	برابر	-
14	دشمن	دشمن	دشمن	-
15	پایداری	پایدار	پایدار	-
16	سرسختانه‌ای	سرسختانه	سرسختانه	-
17	می‌ورزد	می‌ورزد	ورزید#ورز	-
18	و	و	و	-
19	با	با	با	-
20	این	این	این	-
21	کار	کار	کار	-
22	دل	دل	دل	-
23	همه	همه	همه	-
24	ایرانیان	ایران	ایران	-
25	را	را	را	-
26	به	به	به	-
27	آن	آن	آن	-
28	دژ	دژ	دژ	-
29	امیدوار	امیدوار	امیدوار	-
30	می‌سازد	می‌سازد	ساخت#ساز	-
31	.	.	.	-

0	گژدهم	گژده	گژدهم	-
1	پیر	پیر	پیر	-
2	،	،	،	-
3	پسری	پسر	پسر	-
4	خرد	خرد	خرد	-
5	به	به	به	-
6	نام	نا	نام	-
7	گستهم	گسته	گستهم	-
8	دارد	دارد	داشت#دار	-
9	،	،	،	-
10	و	و	و	-
11	دختری	دختر	دختر	-
12	به	به	به	-
13	نام	نا	نام	-
14	گردآفرید	گردآفرید	گردآفرید	-
15	.	.	.	-

0	سهراب	سهراب	سهراب	-
1	ناچار	ناچار	ناچار	-
2	است	اس	#است	-
3	پیش	پ	پیش	-
4	از	از	از	-
5	درآمدن	درآمدن	درآمدن	-
6	به	به	به	-
7	خاک	خاک	خاک	-
8	ایران	ایر	ایران	-
9	از	از	از	-
10	این	این	این	-
11	دژ	دژ	دژ	-
12	بگذرد	بگذرد	گذشت#گذر	-
13	.	.	.	-

0	در	در	در	-
1	نبرد	نبرد	نبرد	-
2	میان	م	میان	-
3	سهراب	سهراب	سهراب	-
4	و	و	و	-
5	هژیر	هژیر	هژیر	-
6	،	،	،	-
7	فرمانده	فرمانده	فرمانده	-
8	دژ	دژ	دژ	-
9	،	،	،	-
10	سهراب	سهراب	سهراب	-
11	بر	بر	بر	-
12	او	او	او	-
13	پیروز	پیروز	پیروز	-
14	می‌گردد	می‌گردد	گشت#گرد	-
15	.	.	.	-

0	سهراب	سهراب	سهراب	-
1	،	،	،	-
2	نخست	نخس	نخست	-
3	می‌خواهد	می‌خواهد	خواست#خواه	-
4	او	او	او	-
5	را	را	را	-
6	بکشد	بکشد	کشید#کش	-
7	،	،	،	-
8	اما	اما	اما	-
9	سپس	سپس	سپس	-
10	او	او	او	-
11	را	را	را	-
12	اسیر	اسیر	اسیر	-
13	کرده	کرده	کرده	-
14	راهی	راه	راه	-
15	سپاه	سپاه	سپاه	-
16	خود	خود	خود	-
17	می‌کند	می‌کند	کرد#کن	-
18	.	.	.	-

0	آگاهی	آگاه	آگاهی	-
1	از	از	از	-
2	این	این	این	-
3	رویداد	رویداد	رویداد	-
4	،	،	،	-
5	دژنشینان	دژنشین	دژنشینان	-
6	را	را	را	-
7	سراسیمه	سراسیمه	سراسیمه	-
8	می‌سازد	می‌سازد	ساخت#ساز	-
9	،	،	،	-
10	اما	اما	اما	-
11	گردآفرید	گردآفرید	گردآفرید	-
12	چنان	چن	چنان	-
13	این	این	این	-
14	را	را	را	-
15	مایه	مایه	مایه	-
16	ننگ	ننگ	ننگ	-
17	می‌داند	می‌داند	دانست#دان	-
18	که	که	که	-
19	بر	بر	بر	-
20	آن	آن	آن	-
21	می‌شود	می‌شود	شد#شو	-
22	خود	خود	خود	-
23	به	به	به	-
24	نبرد	نبرد	نبرد	-
25	او	او	او	-
26	رود	رود	رود	-
27	.	.	.	-

0	سهراب	سهراب	سهراب	-
1	در	در	در	-
2	پی	پ	پی	-
3	چالش	چال	چالش	-
4	آن	آن	آن	-
5	شیرزن	شیرزن	شیرزن	-
6	به	به	به	-
7	رزمگاه	رزمگاه	رزمگاه	-
8	درمی‌آید	درمی‌آید	درمی‌آید	-
9	و	و	و	-
10	آن	آن	آن	-
11	دو	دو	دو	-
12	به	به	به	-
13	پرخاش	پرخا	پرخاش	-
14	و	و	و	-
15	نبرد	نبرد	نبرد	-
16	درمی‌آیند	درمی‌آیند	درمی‌آیند	-
17	.	.	.	-

0	سهراب	سهراب	سهراب	-
1	در	در	در	-
2	برابر	برابر	برابر	-
3	باران	بار	باران	-
4	تیر	تیر	تیر	-
5	گردآفرید	گردآفرید	گردآفرید	-
6	،	،	،	-
7	ناچار	ناچار	ناچار	-
8	سپرش	سپر	سپر	-
9	را	را	را	-
10	به	به	به	-
11	کار	کار	کار	-
12	درمی‌آورد	درمی‌آورد	درمی‌آورد	-
13	وی	و	وی	-
14	جنگ‌کنان	جنگ‌کن	جنگ‌کنان	-
15	نزدیک	نزدیک	نزدیک	-
16	گردآفرید	گردآفرید	گردآفرید	-
17	می‌شود	می‌شود	شد#شو	-
18	و	و	و	-
19	نیزه	نیزه	نیزه	-
20	او	او	او	-
21	را	را	را	-
22	می‌گیرد	می‌گیرد	گرفت#گیر	-
23	.	.	.	-

0	با	با	با	-
1	نیزه	نیزه	نیزه	-
2	جامه	جامه	جامه	-
3	جنگی	جنگ	جنگی	-
4	او	او	او	-
5	را	را	را	-
6	می‌درد	می‌درد	می‌درد	-
7	،	،	،	-
8	گردآفرید	گردآفرید	گردآفرید	-
9	شمشیر	شمشیر	شمشیر	-
10	می‌کشد	می‌کشد	کشید#کش	-
11	و	و	و	-
12	با	با	با	-
13	فرود	فرود	فرود	-
14	آوردن	آوردن	آوردن	-
15	آن	آن	آن	-
16	نیزه	نیزه	نیزه	-
17	سهراب	سهراب	سهراب	-
18	را	را	را	-
19	می‌شکند	می‌شکند	شکست#شکن	-
20	.	.	.	-

0	سرانجام	سرانجا	سرانجام	-
1	می‌بیند	می‌بیند	دید#بین	-
2	که	که	که	-
3	توان	تو	توان	-
4	رویارویی	رویارو	رویارو	-
5	با	با	با	-
6	سهراب	سهراب	سهراب	-
7	را	را	را	-
8	ندارد	ندارد	داشت#دار	-
9	و	و	و	-
10	می‌کوشد	می‌کوشد	کوشید#کوش	-
11	سوی	سو	سو	-
12	دژ	دژ	دژ	-
13	بگریزد	بگریزد	بگریزد	-
14	.	.	.	-

0	اما	اما	اما	-
1	سهراب	سهراب	سهراب	-
2	به	به	به	-
3	او	او	او	-
4	می‌رسد	می‌رسد	رسید#رس	-
5	و	و	و	-
6	کلاه‌خودش	کلاه‌خود	کلاه‌خود	-
7	را	را	را	-
8	برمی‌گیرد	برمی‌گیرد	برمی‌گیرد	-
9	.	.	.	-

0	تازه	تازه	تازه	-
1	می‌بیند	می‌بیند	دید#بین	-
2	که	که	که	-
3	آن	آن	آن	-
4	پیکارگر	پیکارگر	پیکارگر	-
5	نه	نه	نه	-
6	مرد	مرد	مرد	-
7	،	،	،	-
8	بلکه	بلکه	بلکه	-
9	دختری	دختر	دختر	-
10	زیباروی	زیبارو	زیباروی	-
11	است	اس	#است	-
12	گردآفرید	گردآفرید	گردآفرید	-
13	به	به	به	-
14	نیرنگ	نیرنگ	نیرنگ	-
15	دست	دس	دست	-
16	می‌یازد	می‌یازد	می‌یازد	-
17	و	و	و	-
18	به	به	به	-
19	سهراب	سهراب	سهراب	-
20	می‌گوید	می‌گوید	گفت#گو	-
21	که	که	که	-
22	خوب	خوب	خوب	-
23	نیست	نیس	نیست	-
24	رزمندگان	رزمندگ	رزمندگان	-
25	ببینند	ببینند	ببینند	-
26	که	که	که	-
27	وی	و	وی	-
28	در	در	در	-
29	نبرد	نبرد	نبرد	-
30	با	با	با	-
31	یک	یک	یک	-
32	دختر	دخ	دختر	-
33	به	به	به	-
34	چنین	چنین	چنین	-
35	کوشش	کوش	کوشش	-
36	و	و	و	-
37	رنجی	رنج	رنج	-
38	گرفتار	گرفتار	گرفتار	-
39	آمده	آمده	آمده	-
40	و	و	و	-
41	به	به	به	-
42	او	او	او	-
43	پیشنهاد	پیشنهاد	پیشنهاد	-
44	می‌کند	می‌کند	کرد#کن	-
45	که	که	که	-
46	همراهش	همراه	همراه	-
47	به	به	به	-
48	درون	درون	درون	-
49	دژ	دژ	دژ	-
50	برود	برود	رفت#رو	-
51	و	و	و	-
52	دژ	دژ	دژ	-
53	در	در	در	-
54	چنگ	چنگ	چنگ	-
55	اوست	اوس	اوست	-
56	.	.	.	-

0	روزی	روز	روز	-
1	رستم	رس	رستم	-
2	هوای	هوا	هوا	-
3	رفتن	رفتن	رفتن	-
4	به	به	به	-
5	شکار	شکار	شکار	-
6	کرد	کرد	کرد#کن	-
7	و	و	و	-
8	با	با	با	-
9	رخش	رخ	رخش	-
10	به	به	به	-
11	سوی	سو	سو	-
12	مرز	مرز	مرز	-
13	توران	تور	توران	-
14	رفت	رف	رفت#رو	-
15	پس	پس	پس	-
16	آنجا	آنجا	آنجا	-
17	را	را	را	-
18	پر	پر	پر	-
19	از	از	از	-
20	گورخر	گورخر	گورخر	-
21	دید	دید	دید	-
22	شاد	شاد	شاد	-
23	شد	شد	شد#شو	-
24	و	و	و	-
25	شکاری	شکار	شکار	-
26	زد	زد	زد#زن	-
27	و	و	و	-
28	آتش	آت	آتش	-
29	بیفروخت	بیفروخ	بیفروخت	-
30	.	.	.	-

0	درختی	درخت	درخت	-
1	را	را	را	-
2	کند	کند	کند	-
3	و	و	و	-
4	در	در	در	-
5	گورخری	گورخر	گورخر	-
6	که	که	که	-
7	شکار	شکار	شکار	-
8	کرده_بود	کرده_بود	کرد#کن	-
9	چون	چون	چون	-
10	سیخی	سیخ	سیخ	-
11	فرو	فرو	فرو	-
12	برد	برد	برد	-
13	و	و	و	-
14	بر	بر	بر	-
15	آتش	آت	آتش	-
16	گذاشت	گذا	گذاشت#گذار	-
17	.	.	.	-

0	پس	پس	پس	-
1	از	از	از	-
2	صرف	صرف	صرف	-
3	غذا	غذا	غذا	-
4	و	و	و	-
5	نوشیدن	نوشیدن	نوشیدن	-
6	آب	آب	آب	-
7	خوابید	خوابید	خوابید#خواب	-
8	.	.	.	-

0	هفت	هف	هفت	-
1	هشت	ه	هشت	-
2	تن	تن	تن	-
3	از	از	از	-
4	سواران	سوار	سوار	-
5	ترک	ترک	ترک	-
6	رخش	رخ	رخش	-
7	را	را	را	-
8	دیدند	دیدند	دید#بین	-
9	و	و	و	-
10	او	او	او	-
11	را	را	را	-
12	دنبال	دنبال	دنبال	-
13	کردند	کردند	کرد#کن	-
14	.	.	.	-

0	رخش	رخ	رخش	-
1	دوتا	دوتا	دوتا	-
2	از	از	از	-
3	آنها	آن	آن	-
4	را	را	را	-
5	با	با	با	-
6	لگد	لگد	لگد	-
7	کوبید	کوبید	کوبید	-
8	و	و	و	-
9	سر	سر	سر	-
10	یکی	یک	یک	-
11	را	را	را	-
12	از	از	از	-
13	تن	تن	تن	-
14	جدا	جدا	جدا	-
15	کرد	کرد	کرد#کن	-
16	.	.	.	-

0	پس	پس	پس	-
1	آنها	آن	آن	-
2	با	با	با	-
3	کمند	کمند	کمند	-
4	گردن	گردن	گردن	-
5	او	او	او	-
6	را	را	را	-
7	به	به	به	-
8	بند	بند	بند	-
9	آوردند	آوردند	آورد#آور	-
10	و	و	و	-
11	به	به	به	-
12	شهر	شهر	شهر	-
13	بردند	بردند	برد#بر	-
14	وقتی	وقت	وقت	-
15	رستم	رس	رستم	-
16	برخاست	برخاس	برخاست	-
17	و	و	و	-
18	رخش	رخ	رخش	-
19	را	را	را	-
20	ندید	ندید	دید#بین	-
21	غمگین	غمگین	غمگین	-
22	شد	شد	شد#شو	-
23	و	و	و	-
24	پیاده	پیاده	پیاده	-
25	به	به	به	-
26	سوی	سو	سو	-
27	سمنگان	سمنگ	سمنگان	-
28	رفت	رف	رفت#رو	-
29	تا	تا	تا	-
30	مگر	مگر	مگر	-
31	نشانی	نشان	نشانی	-
32	از	از	از	-
33	او	او	او	-
34	بیابد	بیابد	یافت#یاب	-
35	وقتی	وقت	وقت	-
36	صبح	صبح	صبح	-
37	شد	شد	شد#شو	-
38	بر	بر	بر	-
39	بازوی	بازو	بازو	-
40	رستم	رس	رستم	-
41	مهره‌ای	مهره	مهره	-
42	قرار	قرار	قرار	-
43	داشت	دا	داشت	-
44	که	که	که	-
45	آن	آن	آن	-
46	مهره	مهره	مهره	-
47	را	را	را	-
48	در	در	در	-
49	همه	همه	همه	-
50	جهان	جه	جهان	-
51	می‌شناختند	می‌شناختند	شناخت#شناس	-
52	.	.	.	-

0	آن	آن	آن	-
1	را	را	را	-
2	به	به	به	-
3	تهمینه	تهمینه	تهمینه	-
4	داد	داد	داد	-
5	و	و	و	-
6	گفت	گف	گفت#گو	-
7	اگر	اگر	اگر	-
8	دختردار	دختردار	دختردار	-
9	شدی	شد	شد#شو	-
10	این	این	این	-
11	را	را	را	-
12	به	به	به	-
13	گیسوی	گیسو	گیسو	-
14	او	او	او	-
15	ببند	ببند	بست#بند	-
16	و	و	و	-
17	اگر	اگر	اگر	-
18	پسردار	پسردار	پسردار	-
19	شدی	شد	شد#شو	-
20	آن	آن	آن	-
21	را	را	را	-
22	به	به	به	-
23	بازویش	بازو	بازو	-
24	ببند	ببند	بست#بند	-
25	و	و	و	-
26	سپس	سپس	سپس	-
27	از	از	از	-
28	او	او	او	-
29	خداحافظی	خداحافظ	خداحافظی	-
30	کرد	کرد	کرد#کن	-
31	و	و	و	-
32	به	به	به	-
33	سوی	سو	سو	-
34	شاه	شاه	شاه	-
35	سمنگان	سمنگ	سمنگان	-
36	رفت	رف	رفت#رو	-
37	پس	پس	پس	-
38	او	او	او	-
39	مژده	مژده	مژده	-
40	داد	داد	داد	-
41	که	که	که	-
42	رخش	رخ	رخش	-
43	را	را	را	-
44	یافته_است	یافته_اس	یافت#یاب	-
45	.	.	.	-

0	رستم	رس	رستم	-
1	سوار	سوار	سوار	-
2	رخش	رخ	رخش	-
3	شد	شد	شد#شو	-
4	و	و	و	-
5	شاد	شاد	شاد	-
6	و	و	و	-
7	سرحال	سرحال	سرحال	-
8	به	به	به	-
9	سوی	سو	سو	-
10	ایران	ایر	ایران	-
11	و	و	و	-
12	از	از	از	-
13	آنجا	آنجا	آنجا	-
14	به	به	به	-
15	زابلستان	زابلس	زابلستان	-
16	رفت	رف	رفت#رو	-
17	.	.	.	-

0	بعد	بعد	بعد	-
1	از	از	از	-
2	گذشت	گذ	گذشت#گذر	-
3	نه	نه	نه	-
4	ماه	ماه	ماه	-
5	تهمینه	تهمینه	تهمینه	-
6	پسری	پسر	پسر	-
7	به	به	به	-
8	دنیا	دنیا	دنیا	-
9	آورد	آورد	آورد#آور	-
10	زیبارو	زیبارو	زیبارو	-
11	چون	چون	چون	-
12	رستم	رس	رستم	-
13	که	که	که	-
14	نامش	نام	نام	-
15	را	را	را	-
16	سهراب	سهراب	سهراب	-
17	نهادند	نهادند	نهادند	-
18	.	.	.	-

0	وقتی	وقت	وقت	-
1	یکماهه	یکماهه	یکماهه	-
2	شد	شد	شد#شو	-
3	مانند	مانند	مانند	-
4	کودک	کودک	کودک	-
5	یک	یک	یک	-
6	ساله	ساله	ساله	-
7	بود	بود	بود#باش	-
8	و	و	و	-
9	در	در	در	-
10	سه	سه	سه	-
11	سالگی	سالگ	سالگی	-
12	به	به	به	-
13	میدان	مید	میدان	-
14	قدم	قد	قدم	-
15	نهاد	نهاد	نهاد	-
16	و	و	و	-
17	در	در	در	-
18	پنج	پنج	پنج	-
19	سالگی	سالگ	سالگی	-
20	چون	چون	چون	-
21	شیرمردان	شیرمرد	شیرمردان	-
22	شده_بود	شده_بود	شد#شو	-
23	و	و	و	-
24	در	در	در	-
25	ده	ده	ده	-
26	سالگی	سالگ	سالگی	-
27	کسی	کس	کس	-
28	نمی‌توانست	نمی‌توانس	توانست#توان	-
29	با	با	با	-
30	او	او	او	-
31	نبرد	نبرد	نبرد	-
32	کند	کند	کند	-
33	.	.	.	-

0	روزی	روز	روز	-
1	نزد	نزد	نزد	-
2	مادر	مادر	مادر	-
3	رفت	رف	رفت#رو	-
4	و	و	و	-
5	گفت	گف	گفت#گو	-
6	پدر	پدر	پدر	-
7	من	من	من	-
8	کیست	کیس	کیست	-
9	؟	؟	؟	-

0	اگر	اگر	اگر	-
1	کسی	کس	کس	-
2	بپرسد	بپرسد	پرسید#پرس	-
3	چه	چه	چه	-
4	پاسخ	پاسخ	پاسخ	-
5	دهم	ده	دهم	-
6	؟	؟	؟	-

0	مادر	مادر	مادر	-
1	گفت	گف	گفت#گو	-
2	تو	تو	تو	-
3	پسر	پسر	پسر	-
4	پهلوان	پهلو	پهلوان	-
5	پیلتن	پیلتن	پیلتن	-
6	رستم	رس	رستم	-
7	هستی	هست	هستی	-
8	و	و	و	-
9	از	از	از	-
10	نوادگان	نوادگ	نوادگان	-
11	سام	سا	سام	-
12	و	و	و	-
13	زال	زال	زال	-
14	می‌باشی	می‌باش	بود#باش	-
15	.	.	.	-

0	نامه‌ای	نامه	نامه	-
1	از	از	از	-
2	رستم	رس	رستم	-
3	به	به	به	-
4	او	او	او	-
5	نشان	ن	نشان	-
6	داد	داد	داد	-
7	با	با	با	-
8	سه	سه	سه	-
9	یاقوت	یاقو	یاقوت	-
10	رخشان	رخ	رخشان	-
11	و	و	و	-
12	سه	سه	سه	-
13	کیسه	کیسه	کیسه	-
14	زر	زر	زر	-
15	که	که	که	-
16	پدرش	پدر	پدر	-
17	زمانیکه	زمانیکه	زمانیکه	-
18	او	او	او	-
19	بدنیا	بدنیا	بدنیا	-
20	آمده_بود	آمده_بود	آمد#آ	-
21	فرستاده_بود	فرستاده_بود	فرستاد#فرست	-
22	.	.	.	-

0	تهمینه	تهمینه	تهمینه	-
1	گفت	گف	گفت#گو	-
2	افراسیاب	افراسیاب	افراسیاب	-
3	نباید	نباید	نباید	-
4	در	در	در	-
5	این	این	این	-
6	مورد	مورد	مورد	-
7	چیزی	چیز	چیز	-
8	بداند	بداند	دانست#دان	-
9	زیرا	زیرا	زیرا	-
10	او	او	او	-
11	دشمن	دشمن	دشمن	-
12	پدرت	پدر	پدر	-
13	است	اس	#است	-
14	و	و	و	-
15	اگر	اگر	اگر	-
16	هم	ه	هم	-
17	پدرت	پدر	پدر	-
18	بداند	بداند	دانست#دان	-
19	که	که	که	-
20	تو	تو	تو	-
21	چنین	چنین	چنین	-
22	یلی	یل	یل	-
23	شده‌ای	شده	شد#شو	-
24	تو	تو	تو	-
25	را	را	را	-
26	نزد	نزد	نزد	-
27	خودش	خود	خودش	-
28	می‌برد	می‌برد	برد#بر	-
29	و	و	و	-
30	من	من	من	-
31	از	از	از	-
32	دوری	دور	دور	-
33	تو	تو	تو	-
34	ملول	ملول	ملول	-
35	می‌شوم	می‌شو	شد#شو	-
36	.	.	.	-

0	اما	اما	اما	-
1	سهراب	سهراب	سهراب	-
2	گفت	گف	گفت#گو	-
3	این	این	این	-
4	سخنی	سخن	سخن	-
5	نیست	نیس	نیست	-
6	که	که	که	-
7	آن	آن	آن	-
8	را	را	را	-
9	پنهان	پنه	پنهان	-
10	کنم	کن	کرد#کن	-
11	و	و	و	-
12	تو	تو	تو	-
13	نباید	نباید	نباید	-
14	این	این	این	-
15	را	را	را	-
16	پنهان	پنه	پنهان	-
17	می‌کردی	می‌کرد	کرد#کن	-
18	.	.	.	-

0	اکنون	اکنون	اکنون	-
1	من	من	من	-
2	از	از	از	-
3	ترکان	ترک	ترک	-
4	سپاهی	سپاه	سپاه	-
5	آماده	آماده	آماده	-
6	می‌کنم	می‌کن	کرد#کن	-
7	و	و	و	-
8	به	به	به	-
9	ایران	ایر	ایران	-
10	می‌روم	می‌رو	رفت#رو	-
11	و	و	و	-
12	کاووس	کاووس	کاووس	-
13	را	را	را	-
14	از	از	از	-
15	تخت	تخ	تخت	-
16	به	به	به	-
17	زیر	زیر	زیر	-
18	میاورم	میاور	میاورم	-
19	و	و	و	-
20	طوس	طوس	طوس	-
21	و	و	و	-
22	گرگین	گرگین	گرگین	-
23	و	و	و	-
24	گودرز	گودرز	گودرز	-
25	و	و	و	-
26	گیو	گیو	گیو	-
27	و	و	و	-
28	گستهم	گسته	گستهم	-
29	و	و	و	-
30	نوذر	نوذر	نوذر	-
31	و	و	و	-
32	بهرام	بهرا	بهرام	-
33	را	را	را	-
34	نابود	نابود	نابود	-
35	میکنم	میکن	میکنم	-
36	و	و	و	-
37	بعد	بعد	بعد	-
38	رستم	رس	رستم	-
39	را	را	را	-
40	به	به	به	-
41	جای	جا	جای	-
42	کاووس	کاووس	کاووس	-
43	می‌نشانم	می‌نشان	می‌نشانم	-
44	سپس	سپس	سپس	-
45	به	به	به	-
46	توران	تور	توران	-
47	رفته	رفته	رفته	-
48	و	و	و	-
49	افراسیاب	افراسیاب	افراسیاب	-
50	را	را	را	-
51	به	به	به	-
52	زیر	زیر	زیر	-
53	می‌کشم	می‌ک	کشید#کش	-
54	و	و	و	-
55	تو	تو	تو	-
56	را	را	را	-
57	بانوی	بانو	بانو	-
58	شهر	شهر	شهر	-
59	ایران	ایر	ایران	-
60	می‌کنم	می‌کن	کرد#کن	-
61	.	.	.	-

0	سپس	سپس	سپس	-
1	خواست	خواس	خواست	-
2	اسبی	اسب	اسب	-
3	پیدا	پیدا	پیدا	-
4	کند	کند	کند	-
5	که	که	که	-
6	تهمینه	تهمینه	تهمینه	-
7	به	به	به	-
8	چوپان	چوپ	چوپان	-
9	گفت	گف	گفت#گو	-
10	هرچه	هرچه	هرچه	-
11	اسب	اسب	اسب	-
12	هست	هس	#هست	-
13	بیار	بیار	بیار	-
14	تا	تا	تا	-
15	او	او	او	-
16	انتخاب	انتخاب	انتخاب	-
17	کند	کند	کند	-
18	.	.	.	-

0	اما	اما	اما	-
1	هر	هر	هر	-
2	اسبی	اسب	اسب	-
3	می‌آوردند	می‌آوردند	آورد#آور	-
4	تاب	تاب	تاب	-
5	تحمل	تحمل	تحمل	-
6	دست	دس	دست	-
7	سهراب	سهراب	سهراب	-
8	را	را	را	-
9	هم	ه	هم	-
10	نداشت	ندا	داشت#دار	-
11	یکی	یک	یک	-
12	از	از	از	-
13	دلیران	دلیر	دلیر	-
14	آمد	آمد	آمد#آ	-
15	و	و	و	-
16	گفت	گف	گفت#گو	-
17	من	من	من	-
18	کره‌ای	کره	کره	-
19	از	از	از	-
20	نژاد	نژاد	نژاد	-
21	رخش	رخ	رخش	-
22	دارم	دار	داشت#دار	-
23	.	.	.	-

0	سهراب	سهراب	سهراب	-
1	شاد	شاد	شاد	-
2	شد	شد	شد#شو	-
3	و	و	و	-
4	آن	آن	آن	-
5	اسب	اسب	اسب	-
6	را	را	را	-
7	آزمایش	آزما	آزمایش	-
8	کرد	کرد	کرد#کن	-
9	و	و	و	-
10	انتخاب	انتخاب	انتخاب	-
11	نمود	نمود	نمود	-
12	.	.	.	-

0	سپس	سپس	سپس	-
1	نزد	نزد	نزد	-
2	شاه	شاه	شاه	-
3	سمنگان	سمنگ	سمنگان	-
4	رفت	رف	رفت#رو	-
5	و	و	و	-
6	از	از	از	-
7	او	او	او	-
8	کمک	کمک	کمک	-
9	خواست	خواس	خواست	-
10	و	و	و	-
11	او	او	او	-
12	نیز	نیز	نیز	-
13	هرچه	هرچه	هرچه	-
14	خواست	خواس	خواست	-
15	به	به	به	-
16	او	او	او	-
17	داد	داد	داد	-
18	و	و	و	-
19	مجهز	مجهز	مجهز	-
20	روانه‌اش	روانه	روانه	-
21	کرد	کرد	کرد#کن	-
22	علی	عل	علی	-
23	را	را	را	-
24	دیدم	دید	دید#بین	-
25	که	که	که	-
26	درحال	درحال	درحال	-
27	بازی	باز	بازی	-
28	کردن	کردن	کردن	-
29	بود	بود	بود#باش	-
30	و	و	و	-
31	ناگهان	ناگه	ناگهان	-
32	سرش	سر	سر	-
33	به	به	به	-
34	میزی	میز	میز	-
35	که	که	که	-
36	تازه	تازه	تازه	-
37	خریده_بودند	خریده_بودند	خرید#خر	-
38	خورد	خورد	خورد#خور	-
39	و	و	و	-
40	پدرش	پدر	پدر	-
41	که	که	که	-
42	تازه	تازه	تازه	-
43	از	از	از	-
44	سرکار	سرکار	سرکار	-
45	آمده_بود	آمده_بود	آمد#آ	-
46	او	او	او	-
47	را	را	را	-
48	به	به	به	-
49	بیمارستانی	بیمارستان	بیمارستان	-
50	که	که	که	-
51	نزدیک	نزدیک	نزدیک	-
52	خانه‌ی	خانه	خانه	-
53	مادر	مادر	مادر	-
54	بزرگش	بزرگ	بزرگ	-
55	که	که	که	-
56	تازه	تازه	تازه	-
57	از	از	از	-
58	دنیا	دنیا	دنیا	-
59	رفته_بود	رفته_بود	رفت#رو	-
60	برد	برد	برد	-

0	*****	*****	*****	-
1	پررنگتر	پررنگ	پررنگ	-
2	قرمزتر	قرمز	قرمز	-
3	واژگون	واژگون	واژگون	-
4	نیلگون	نیلگون	نیلگون	-
5	لاابالی	لاابال	لاابالی	-
6	شن	شن	شن	-
7	و	و	و	-
8	ماسه	ماسه	ماسه	-
9	گل	گل	گل	-
10	سر	سر	سر	-
11	پژواک	پژواک	پژواک	-
12	بازگشت	بازگ	بازگشت	-
13	مارمولکی	مارمولک	مارمولک	-
14	میخچه	میخچه	میخچه	-
15	مخچه	مخچه	مخچه	-
16	آب	آب	آب	-
17	نبات	نب	نبات	-
18	کولاکیترینی	کولاکیترین	کولاکیترینی	-
19	خفنترینم	خفنترین	خفنترینم	-
20	خفتگان	خفتگ	خفتگان	-
21	رفته‌گر	رفته‌گر	رفته‌گر	-
22	سشواری	سشوار	سشوار	-
23	جاکیفی	جاکیف	جاکیفی	-
24	خیار	خیار	خیار	-
25	پلاستیکی	پلاستیک	پلاستیک	-
26	کندوان	کندو	کندوان	-
27	کهگیلویه	کهگیلویه	کهگیلویه	-
28	و	و	و	-
29	بویراحمد	بویراحمد	بویراحمد	-
30	ارمنستان	ارمنس	ارمنستان	-
31	شکرستان	شکرس	شکرستان	-
32	میز	میز	میز	-
33	آرایش	آرا	آرایش	-
34	هزار	هزار	هزار	-
35	دستان	دس	دستان	-
36	پرتوان	پرتو	پرتوان	-
37	خراسان	خراس	خراسان	-
38	مژگان	مژگ	مژگان	-
39	رضوان	رضو	رضوان	-
40	موضوعات	موضوع	موضوعات	-
41	محوشدگان	محوشدگ	محوشدگان	-
42	دیگران	دیگر	دیگر	-
43	زندان	زند	زندان	-
44	بازیکنان	بازیکن	بازیکن	-
45	یارا	یارا	یارا	-
46	کاراندیش	کاراند	کاراندیش	-
47	گیسوان	گیسو	گیسو	-
48	فراخ	فراخ	فراخ	-
49	شکم	شک	شکم	-
50	فراخ	فراخ	فراخ	-
51	شلوار	شلوار	شلوار	-
52	فراخ	فراخ	فراخ	-
53	کام	کا	کام	-
54	فراخ	فراخ	فراخ	-
55	کندوری	کندور	کندوری	-
56	فراخور	فراخور	فراخور	-
57	فراروی	فرارو	فراروی	-
58	فرخ	فرخ	فرخ	-
59	پی	پ	پی	-
60	فرخ	فرخ	فرخ	-
61	دیم	د	دیم	-
62	فرخاردیس	فرخاردیس	فرخاردیس	-
63	فرمان	فر	فرمان	-
64	روا	روا	روا	-
65	فرمگین	فرمگین	فرمگین	-
66	فروداشت	فرودا	فروداشت	-
67	فرونهادن	فرونهادن	فرونهادن	-
68	فروتن	فروتن	فروتن	-
69	فروخت	فروخ	فروخت#فروش	-
70	فروختن	فروختن	فروختن	-
71	فرودست	فرودس	فرودست	-
72	فروزانفر	فروزانفر	فروزانفر	-
73	فروغمند	فروغمند	فروغمند	-
74	فروکش	فروک	فروکش	-
75	فروگذاشت	فروگذا	فروگذاشت	-
76	فرومایه	فرومایه	فرومایه	-
77	فروهیده	فروهیده	فروهیده	-
78	فره	فره	فره	-
79	مند	مند	مند	-
80	فژاک	فژاک	فژاک	-
81	فژاگین	فژاگین	فژاگین	-
82	فغواره	فغواره	فغواره	-
83	فکنده	فکنده	فکنده	-
84	سرین	سرین	سرین	-
85	قاش	قا	قاش	-
86	قاقم	قاق	قاقم	-
87	عارض	عارض	عارض	-
88	قدیم	قد	قدیم	-
89	و	و	و	-
90	ندیم	ند	ندیم	-
91	قره	قره	قره	-
92	قاطی	قاط	قاطی	-
93	قوزو	قوزو	قوزو	-
94	کاخ	کاخ	کاخ	-
95	نشین	نشین	نشین	-
96	کارآگاه	کارآگاه	کارآگاه	-
97	کارروا	کارروا	کارروا	-
98	کارکرد	کارکرد	کارکرد	-
99	کارکیا	کارکیا	کارکیا	-
100	کارمند	کارمند	کارمند	-
101	کاروانسالار	کاروانسالار	کاروانسالار	-
102	کاسه	کاسه	کاسه	-
103	سیاه	سیاه	سیاه	-
104	کاشت	کا	کاشت#کار	-
105	کافرمژه	کافرمژه	کافرمژه	-
106	کامیاب	کامیاب	کامیاب	-
107	کاولی	کاول	کاولی	-
108	ساز	ساز	ساز	-
109	کاه	کاه	کاه	-
110	دزد	دزد	دزد	-
111	کت	ک	کت	-
112	و	و	و	-
113	کلفت	کلف	کلفت	-
114	کج	کج	کج	-
115	پلاس	پلاس	پلاس	-
116	کج	کج	کج	-
117	خلق	خلق	خلق	-
118	کج	کج	کج	-
119	کلاه	کلاه	کلاه	-
120	کج	کج	کج	-
121	نهاد	نهاد	نهاد	-
122	کجواج	کجواج	کجواج	-
123	کدبانو	کدبانو	کدبانو	-
124	کدخدا	کدخدا	کدخدا	-
125	کدیور	کدیور	کدیور	-
126	کرد	کرد	کرد#کن	-
127	کرد	کرد	کرد#کن	-
128	و	و	و	-
129	مرد	مرد	مرد	-
130	کرده	کرده	کرده	-
131	کار	کار	کار	-
132	کرمند	کرمند	کرمند	-
133	کرمو	کرمو	کرمو	-
134	کژباز	کژباز	کژباز	-
135	کشت	ک	کشت	-
136	کشتبان	کشتب	کشتبان	-
137	کشتی	کشت	کشتی	-
138	بان	ب	بان	-
139	کلاغ	کلاغ	کلاغ	-
140	پر	پر	پر	-
141	کلاه	کلاه	کلاه	-
142	گوشه	گوشه	گوشه	-
143	کله	کله	کله	-
144	پوک	پوک	پوک	-
145	کله	کله	کله	-
146	خر	خر	خر	-
147	کله	کله	کله	-
148	خشک	خشک	خشک	-
149	کله	کله	کله	-
150	شق	شق	شق	-
151	کله	کله	کله	-
152	گنده	گنده	گنده	-
153	کله	کله	کله	-
154	معلق	معلق	معلق	-
155	کم	ک	کم	-
156	دل	دل	دل	-
157	کم	ک	کم	-
158	کار	کار	کار	-
159	کمبود	کمبود	کمبود	-
160	کمیاب	کمیاب	کمیاب	-
161	کندذهن	کندذهن	کندذهن	-
162	کندمند	کندمند	کندمند	-
163	کنگره	کنگره	کنگره	-
164	دار	دار	دار	-
165	کوژپشت	کوژپ	کوژپشت	-
166	کهربارنگ	کهربارنگ	کهربارنگ	-
167	کهن	کهن	کهن	-
168	سال	سال	سال	-
169	کیارنگ	کیارنگ	کیارنگ	-
170	کیازند	کیازند	کیازند	-
171	کیاگن	کیاگن	کیاگن	-
172	کیفور	کیفور	کیفور	-
173	کینه	کینه	کینه	-
174	توز	توز	توز	-
175	گاوچشم	گاوچ	گاوچشم	-
176	گاودل	گاودل	گاودل	-
177	گاورنگ	گاورنگ	گاورنگ	-
178	گاوسر	گاوسر	گاوسر	-
179	گاوگون	گاوگون	گاوگون	-
180	گاویار	گاویار	گاویار	-
181	گاهبد	گاهبد	گاهبد	-
182	گذارد	گذارد	گذاشت#گذار	-
183	گذربان	گذرب	گذربان	-
184	گذشتگان	گذشتگ	گذشتگان	-
185	گران	گر	گران	-
186	پایه	پایه	پایه	-
187	گران	گر	گران	-
188	جان	ج	جان	-
189	گران	گر	گران	-
190	سایه	سایه	سایه	-
191	گران	گر	گران	-
192	سر	سر	سر	-
193	گران	گر	گران	-
194	سرشت	سر	سرشت	-
195	گران	گر	گران	-
196	سنگ	سنگ	سنگ	-
197	گران	گر	گران	-
198	قدر	قدر	قدر	-
199	گرانبار	گرانبار	گرانبار	-
200	گرانبها	گرانب	گرانبها	-
201	گرانمایه	گرانمایه	گرانمایه	-
202	گربه	گربه	گربه	-
203	چشم	چ	چشم	-
204	گربه	گربه	گربه	-
205	کوره	کوره	کوره	-
206	گربه	گربه	گربه	-
207	گون	گون	گون	-
208	گرد	گرد	گرد	-
209	پیری	پیر	پیر	-
210	گرد	گرد	گرد	-
211	و	و	و	-
212	قلنبه	قلنبه	قلنبه	-
213	گرداگرد	گرداگرد	گرداگرد	-
214	گردالی	گردال	گردالی	-
215	گردمشت	گردم	گردمشت	-
216	گردن	گردن	گردن	-
217	برده	برده	برده	-
218	گردن	گردن	گردن	-
219	شق	شق	شق	-
220	گردوغند	گردوغند	گردوغند	-
221	گرسنه	گرسنه	گرسنه	-
222	چشم	چ	چشم	-
223	گرفت	گرف	گرفت#گیر	-
224	گرگ	گرگ	گرگ	-
225	بند	بند	بند	-
226	گرگ	گرگ	گرگ	-
227	میش	م	میش	-
228	گرگ	گرگ	گرگ	-
229	و	و	و	-
230	میش	م	میش	-
231	گرگین	گرگین	گرگین	-
232	گرم	گر	گرم	-
233	خو	خو	خو	-
234	گرم	گر	گرم	-
235	سخن	سخن	سخن	-
236	گسی	گس	گسی	-
237	بنده	بنده	بنده	-
238	گشاده	گشاده	گشاده	-
239	گشاده	گشاده	گشاده	-
240	دل	دل	دل	-
241	گشاده	گشاده	گشاده	-
242	کار	کار	کار	-
243	گشت	گ	گشت	-
244	گفت	گف	گفت#گو	-
245	گل	گل	گل	-
246	چهره	چهره	چهره	-
247	گل	گل	گل	-
248	ریزان	ریز	ریز	-
249	گل	گل	گل	-
250	سرسبد	سرسبد	سرسبد	-
251	گل	گل	گل	-
252	و	و	و	-
253	گشاد	گشاد	گشاد	-
254	گلرنگ	گلرنگ	گلرنگ	-
255	گلفام	گلفا	گلفام	-
256	گلگون	گلگون	گلگون	-
257	گم	گ	گم	-
258	و	و	و	-
259	گور	گور	گور	-
260	گمراه	گمراه	گمراه	-
261	گمنام	گمنا	گمنام	-
262	گنجشک	گنجشک	گنجشک	-
263	دل	دل	دل	-
264	گندم	گند	گندم	-
265	گون	گون	گون	-
266	گنده	گنده	گنده	-
267	پیر	پیر	پیر	-
268	گوارد	گوارد	گوارد	-
269	گوانجی	گوانج	گوانجی	-
270	گوبروت	گوبرو	گوبروت	-
271	گور	گور	گور	-
272	به	به	به	-
273	گور	گور	گور	-
274	گوریش	گور	گور	-
275	گوزو	گوزو	گوزو	-
276	گوش	گو	گوش	-
277	بدر	بدر	بدر	-
278	گوش	گو	گوش	-
279	به	به	به	-
280	زنگ	زنگ	زنگ	-
281	گوشت	گو	گوشت	-
282	تلخ	تلخ	تلخ	-
283	گوشتالو	گوشتالو	گوشتالو	-
284	گوشوان	گوشو	گوشوان	-
285	گوشه	گوشه	گوشه	-
286	دار	دار	دار	-
287	گوناگون	گوناگون	گوناگون	-
288	گهبد	گهبد	گهبد	-
289	لابرلا	لابرلا	لابرلا	-
290	لابلا	لابلا	لابلا	-
291	لات	ل	لات	-
292	و	و	و	-
293	لوت	لو	لوت	-
294	لاجون	لاجون	لاجون	-
295	لاش	لا	لاش	-
296	و	و	و	-
297	ماش	ما	ماش	-
298	لال	لال	لال	-
299	و	و	و	-
300	پتی	پت	پتی	-
301	لب	لب	لب	-
302	به	به	به	-
303	لب	لب	لب	-
304	لب	لب	لب	-
305	سنگ	سنگ	سنگ	-
306	لب	لب	لب	-
307	شور	شور	شور	-
308	لبالب	لبالب	لبالب	-
309	لبچور	لبچور	لبچور	-
310	لت	ل	لت	-
311	انبار	انبار	انبار	-
312	لت	ل	لت	-
313	انبان	انب	انبان	-
314	لت	ل	لت	-
315	لت	ل	لت	-
316	لت	ل	لت	-
317	و	و	و	-
318	پار	پار	پار	-
319	لش	ل	لش	-
320	و	و	و	-
321	لوش	لو	لو	-
322	لشک	لشک	لشک	-
323	لشک	لشک	لشک	-
324	لغسر	لغسر	لغسر	-
325	لک	لک	لک	-
326	و	و	و	-
327	پک	پک	پک	-
328	لنگ	لنگ	لنگ	-
329	و	و	و	-
330	لوک	لوک	لوک	-
331	لنگه	لنگه	لنگه	-
332	به	به	به	-
333	لنگه	لنگه	لنگه	-
334	لوت	لو	لوت	-
335	باره	باره	باره	-
336	لوش	لو	لو	-
337	لوش	لو	لو	-
338	له	له	له	-
339	و	و	و	-
340	لورده	لورده	لورده	-
341	مادرانه	مادرانه	مادرانه	-
342	مال	مال	مال	-
343	رو	رو	رو	-
344	مالامال	مالامال	مالامال	-
345	ماهپاره	ماهپاره	ماهپاره	-
346	مردانه	مردانه	مردانه	-
347	مرداوژن	مرداوژن	مرداوژن	-
348	مشک	مشک	مشک	-
349	فام	فا	فام	-
350	ملی	مل	ملی	-
351	گرا	گرا	گرا	-
352	موی	مو	مو	-
353	کالیده	کالیده	کالیده	-
354	مهپاره	مهپاره	مهپاره	-
355	مهر	مهر	مهر	-
356	دهان	ده	دهان	-
357	مهربخت	مهربخ	مهربخت	-
358	میرپنج	میرپنج	میرپنج	-
359	میرزا	میرزا	میرزا	-
360	قشمشم	قشم	قشم	-
361	میرزا	میرزا	میرزا	-
362	قلمدان	قلمد	قلمدان	-
363	میرزابنویس	میرزابنویس	میرزابنویس	-
364	میرشکار	میرشکار	میرشکار	-
365	ناجوانمرد	ناجوانمرد	ناجوانمرد	-
366	ناخن	ناخن	ناخن	-
367	خشک	خشک	خشک	-
368	ناخودآگاه	ناخودآگاه	ناخودآگاه	-
369	نارپستان	نارپس	نارپستان	-
370	نازک	نازک	نازک	-
371	دل	دل	دل	-
372	نازک	نازک	نازک	-
373	نارنجی	نارنج	نارنج	-
374	نازک	نازک	نازک	-
375	نی	ن	نی	-
376	نافه	نافه	نافه	-
377	گشا	گشا	گشا	-
378	ناقلا	ناقلا	ناقلا	-
379	نام	نا	نام	-
380	آور	آور	آور	-
381	نامه	نامه	نامه	-
382	سفید	سفید	سفید	-
383	نامه	نامه	نامه	-
384	سیاه	سیاه	سیاه	-
385	نان	ن	نان	-
386	کور	کور	کور	-
387	ناوخدا	ناوخدا	ناوخدا	-
388	ناودیس	ناودیس	ناودیس	-
389	نبود	نبود	بود#باش	-
390	نخچیروال	نخچیروال	نخچیروال	-
391	نخچیروان	نخچیرو	نخچیروان	-
392	ندید	ندید	دید#بین	-
393	بدید	بدید	بدید	-
394	نساسالار	نساسالار	نساسالار	-
395	نشیب	نشیب	نشیب	-
396	و	و	و	-
397	فراز	فراز	فراز	-
398	نق	نق	نق	-
399	نقو	نقو	نقو	-
400	نگون	نگون	نگون	-
401	بخت	بخ	بخت	-
402	نگون	نگون	نگون	-
403	طشت	ط	طشت	-
404	نگونسار	نگونسار	نگونسار	-
405	نوپا	نوپا	نوپا	-
406	نوخط	نوخط	نوخط	-
407	نوش	نو	نوش	-
408	لب	لب	لب	-
409	نوکیسه	نوکیسه	نوکیسه	-
410	نوگند	نوگند	نوگند	-
411	نونوار	نونوار	نونوار	-
412	نیست	نیس	نیست	-
413	نیک	نیک	نیک	-
414	اختر	اخ	اختر	-
415	نیک	نیک	نیک	-
416	انجام	انجا	انجام	-
417	نیک	نیک	نیک	-
418	پی	پ	پی	-
419	نیک	نیک	نیک	-
420	روز	روز	روز	-
421	نیکوسگال	نیکوسگال	نیکوسگال	-
422	نیل	نیل	نیل	-
423	فام	فا	فام	-
424	نیلگون	نیلگون	نیلگون	-
425	نیم	ن	نیم	-
426	بسمل	بسمل	بسمل	-
427	نیم	ن	نیم	-
428	بند	بند	بند	-
429	نیم	ن	نیم	-
430	ته	ته	ته	-
431	نیمدار	نیمدار	نیمدار	-
432	نیمرو	نیمرو	نیمرو	-
433	واخواست	واخواس	واخواست	-
434	وادید	وادید	وادید	-
435	واگشت	واگ	واگشت	-
436	واگفت	واگف	واگفت	-
437	والاتبار	والاتبار	والاتبار	-
438	والاجاه	والاجاه	والاجاه	-
439	والاحضرت	والاحضر	والاحضرت	-
440	وانمود	وانمود	وانمود	-
441	ولنگ	ولنگ	ولنگ	-
442	و	و	و	-
443	واز	واز	واز	-
444	هت	ه	هت	-
445	ومت	وم	ومت	-
446	هرروزه	هرروزه	هرروزه	-
447	هرزه	هرزه	هرزه	-
448	مرس	مرس	مرس	-
449	هرکن	هرکن	هرکن	-
450	پرکن	پرکن	پرکن	-
451	هروشر	هروشر	هروشر	-
452	هفت	هف	هفت	-
453	ماهه	ماهه	ماهه	-
454	هم	ه	هم	-
455	آغوش	آغو	آغوش	-
456	هم	ه	هم	-
457	دوره	دوره	دوره	-
458	هم	ه	هم	-
459	کار	کار	کار	-
460	همآویز	همآویز	همآویز	-
461	همدرد	همدرد	همدرد	-
462	همدل	همدل	همدل	-
463	همدم	همد	همدم	-
464	همه	همه	همه	-
465	کاره	کاره	کاره	-
466	هوشمند	هوشمند	هوشمند	-
467	هیچ	هیچ	هیچ	-
468	کاره	کاره	کاره	-
469	یارانه	یارانه	یارانه	-
470	یارمند	یارمند	یارمند	-
471	یخ	یخ	یخ	-
472	شکن	شکن	شکن	-
473	یده	یده	یده	-
474	چی	چ	چی	-
475	یک	یک	یک	-
476	انداز	انداز	انداز	-
477	یک	یک	یک	-
478	تیغ	تیغ	تیغ	-
479	یک	یک	یک	-
480	دل	دل	دل	-
481	یک	یک	یک	-
482	دنده	دنده	دنده	-
483	یک	یک	یک	-
484	رو	رو	رو	-
485	یک	یک	یک	-
486	زخم	زخ	زخم	-
487	یک	یک	یک	-
488	سان	س	سان	-
489	یک	یک	یک	-
490	کاره	کاره	کاره	-
491	یک	یک	یک	-
492	گره	گره	گره	-
493	یک	یک	یک	-
494	لاقبا	لاقبا	لاقبا	-
495	یک	یک	یک	-
496	لخت	لخ	لخت	-
497	یک	یک	یک	-
498	نورد	نورد	نورد	-
499	یک	یک	یک	-
500	هوا	هوا	هوا	-
501	یکتا	یکتا	یکتا	-
502	یکتاپرست	یکتاپرس	یکتاپرست	-
503	یکدانه	یکدانه	یکدانه	-
504	یکدله	یکدله	یکدله	-
505	یکه	یکه	یکه	-
506	بزن	بزن	زد#زن	-
507	یکه	یکه	یکه	-
508	سوار	سوار	سوار	-
509	یکه	یکه	یکه	-
510	شناس	شناس	شناس	-
511	یگانه	یگانه	یگانه	-
512	آب	آب	آب	-
513	اندام	اندا	اندام	-
514	آب	آب	آب	-
515	ریخته	ریخته	ریخته	-
516	آب	آب	آب	-
517	کور	کور	کور	-
518	آب	آب	آب	-
519	گردش	گرد	گردش	-
520	آب	آب	آب	-
521	لمبو	لمبو	لمبو	-
522	آب	آب	آب	-
523	نکشیده	نکشیده	کشید#کش	-
524	آبتاب	آبتاب	آبتاب	-
525	آبخورد	آبخورد	آبخورد	-
526	آبدست	آبدس	آبدست	-
527	آبدیده	آبدیده	آبدیده	-
528	آبکار	آبکار	آبکار	-
529	آبگز	آبگز	آبگز	-
530	آبیار	آبیار	آبیار	-
531	آتشبان	آتشب	آتشبان	-
532	آتشپا	آتشپا	آتشپا	-
533	آتشین	آتشین	آتشین	-
534	پنجه	پنجه	پنجه	-
535	آخرسالار	آخرسالار	آخرسالار	-
536	آخورچرب	آخورچرب	آخورچرب	-
537	آخورخشک	آخورخشک	آخورخشک	-
538	آدمیزاد	آدمیزاد	آدمیزاد	-
539	آذرگون	آذرگون	آذرگون	-
540	آذرنگ	آذرنگ	آذرنگ	-
541	آذریون	آذریون	آذریون	-
542	آرزومند	آرزومند	آرزومند	-
543	آروبند	آروبند	آروبند	-
544	آزادمرد	آزادمرد	آزادمرد	-
545	آزادوار	آزادوار	آزادوار	-
546	آزرده	آزرده	آزرده	-
547	جان	ج	جان	-
548	آزرده	آزرده	آزرده	-
549	دل	دل	دل	-
550	آزرمگین	آزرمگین	آزرمگین	-
551	آزمند	آزمند	آزمند	-
552	آسبان	آسب	آسبان	-
553	آسوده	آسوده	آسوده	-
554	دل	دل	دل	-
555	آسیمه	آسیمه	آسیمه	-
556	سر	سر	سر	-
557	آش	آ	آش	-
558	خور	خور	خور	-
559	آش	آ	آش	-
560	دهن	دهن	دهن	-
561	سوز	سوز	سوز	-
562	آشفته	آشفته	آشفته	-
563	دل	دل	دل	-
564	آشفته	آشفته	آشفته	-
565	روز	روز	روز	-
566	آشفته	آشفته	آشفته	-
567	سامان	سا	سامان	-
568	آشمال	آشمال	آشمال	-
569	آشناوری	آشناور	آشناوری	-
570	آفتاب	آفتاب	آفتاب	-
571	زده	زده	زده	-
572	آفتابه	آفتابه	آفتابه	-
573	دزد	دزد	دزد	-
574	آکنده	آکنده	آکنده	-
575	پهلو	پهلو	پهلو	-
576	آکنده	آکنده	آکنده	-
577	گوش	گو	گوش	-
578	آلاخون	آلاخون	آلاخون	-
579	والاخون	والاخون	والاخون	-
580	آمد	آمد	آمد#آ	-
581	آمد	آمد	آمد#آ	-
582	شد	شد	شد#شو	-
583	آمد	آمد	آمد#آ	-
584	نیامد	نیامد	آمد#آ	-
585	آمد	آمد	آمد#آ	-
586	و	و	و	-
587	رفت	رف	رفت#رو	-
588	آمیزه	آمیزه	آمیزه	-
589	آمیزه	آمیزه	آمیزه	-
590	مو	مو	مو	-
591	آهمند	آهمند	آهمند	-
592	آهن	آهن	آهن	-
593	پوش	پو	پوش	-
594	آهن	آهن	آهن	-
595	خا	خا	خا	-
596	آهن	آهن	آهن	-
597	رگ	رگ	رگ	-
598	آهن	آهن	آهن	-
599	گذار	گذار	گذار	-
600	آهوپا	آهوپا	آهوپا	-
601	آهوتک	آهوتک	آهوتک	-
602	آهوچشم	آهوچ	آهوچشم	-
603	آهودل	آهودل	آهودل	-
604	آهوفغند	آهوفغند	آهوفغند	-
605	آهومند	آهومند	آهومند	-
606	آهون	آهون	آهون	-
607	بر	بر	بر	-
608	آیینه	آیینه	آیینه	-
609	دار	دار	دار	-
610	ابرآلود	ابرآلود	ابرآلود	-
611	ابرقدرت	ابرقدر	ابرقدرت	-
612	ابرناک	ابرناک	ابرناک	-
613	ابرو	ابرو	ابرو	-
614	ابرو	ابرو	ابرو	-
615	قیطانی	قیطان	قیطان	-
616	ابرو	ابرو	ابرو	-
617	کمانی	کمان	کمان	-
618	ابزارمند	ابزارمند	ابزارمند	-
619	ابله	ابله	ابله	-
620	گونه	گونه	گونه	-
621	ابنه	ابنه	ابنه	-
622	زده	زده	زده	-
623	اپیشه	اپیشه	اپیشه	-
624	اجل	اجل	اجل	-
625	معلق	معلق	معلق	-
626	اخترسوخته	اخترسوخته	اخترسوخته	-
627	اخترمار	اخترمار	اخترمار	-
628	اخمالو	اخمالو	اخمالو	-
629	اره	اره	اره	-
630	از	از	از	-
631	جان	ج	جان	-
632	گذشته	گذشته	گذشته	-
633	از	از	از	-
634	خود	خود	خود	-
635	راضی	راض	راضی	-
636	ازدر	ازدر	ازدر	-
637	اسفل	اسفل	اسفل	-
638	السافلین	السافلین	السافلین	-
639	اسفهسالار	اسفهسالار	اسفهسالار	-
640	اشتربان	اشترب	اشتربان	-
641	امیدوار	امیدوار	امیدوار	-
642	انداخت	انداخ	انداخت#انداز	-
643	اندوهگین	اندوهگین	اندوهگین	-
644	اندوهناک	اندوهناک	اندوهناک	-
645	اندیشمند	اندیشمند	اندیشمند	-
646	انگشت	انگ	انگشت	-
647	پیچ	پیچ	پیچ	-
648	انگشت	انگ	انگشت	-
649	کش	ک	کش	-
650	انگشت	انگ	انگشت	-
651	نشان	ن	نشان	-
652	انگشت	انگ	انگشت	-
653	نما	نما	نما	-
654	(	(	(	-
655	ی		ی	-
656	)	)	)	-
657	با	با	با	-
658	آب	آب	آب	-
659	و	و	و	-
660	تاب	تاب	تاب	-
661	با	با	با	-
662	آب	آب	آب	-
663	و	و	و	-
664	رنگ	رنگ	رنگ	-
665	باآبرو	باآبرو	باآبرو	-
666	باادب	باادب	باادب	-
667	بااستخوان	بااستخو	بااستخوان	-
668	باب	باب	باب	-
669	دندان	دند	دندان	-
670	بابرکت	بابرک	بابرکت	-
671	باج	باج	باج	-
672	بگیر	بگیر	گرفت#گیر	-
673	باجربزه	باجربزه	باجربزه	-
674	باد	باد	باد	-
675	به	به	به	-
676	دست	دس	دست	-
677	باد	باد	باد	-
678	گرفته	گرفته	گرفته	-
679	باد	باد	باد	-
680	نشسته	نشسته	نشسته	-
681	بادپیما	بادپیما	بادپیما	-
682	باددست	باددس	باددست	-
683	بادریش	بادر	بادریش	-
684	بادسار	بادسار	بادسار	-
685	بارور	بارور	بارور	-
686	بازارگان	بازارگ	بازارگان	-
687	بازارگرمی	بازارگرم	بازارگرمی	-
688	بازخرید	بازخرید	بازخرید	-
689	بازخواست	بازخواس	بازخواست	-
690	بازداشت	بازدا	بازداشت	-
691	بازدید	بازدید	بازدید	-
692	بازگشت	بازگ	بازگشت	-
693	بازیافت	بازیاف	بازیافت	-
694	بازیگوش	بازیگو	بازیگوش	-
695	باژگون	باژگون	باژگون	-
696	باشکوه	باشکوه	باشکوه	-
697	بافت	باف	بافت	-
698	باوقار	باوقار	باوقار	-
699	باهوش	باهو	باهوش	-
700	بایگان	بایگ	بایگان	-
701	ببر	ببر	ببر	-
702	بپا	بپا	بپا	-
703	بختیار	بختیار	بختیار	-
704	بخرد	بخرد	بخرد	-
705	بدانجام	بدانجا	بدانجام	-
706	بدپیله	بدپیله	بدپیله	-
707	بدخوی	بدخو	بدخو	-
708	بددل	بددل	بددل	-
709	بدرام	بدرا	بدرام	-
710	بدزهره	بدزهره	بدزهره	-
711	بدعنق	بدعنق	بدعنق	-
712	بدکاره	بدکاره	بدکاره	-
713	بدگل	بدگل	بدگل	-
714	بدگمان	بدگ	بدگمان	-
715	بدگوهر	بدگوهر	بدگوهر	-
716	بدلگام	بدلگا	بدلگام	-
717	بدمسب	بدمسب	بدمسب	-
718	بدمست	بدمس	بدمست	-
719	بدمهر	بدمهر	بدمهر	-
720	بدنام	بدنا	بدنام	-
721	بدنما	بدنما	بدنما	-
722	برآورد	برآورد	برآورد	-
723	برابر	برابر	برابر	-
724	برخورد	برخورد	برخورد	-
725	برداشت	بردا	برداشت	-
726	بردبار	بردبار	بردبار	-
727	برگشت	برگ	برگ	-
728	برهم	بره	بره	-
729	بزدل	بزدل	بزدل	-
730	بزرگ	بزرگ	بزرگ	-
731	سال	سال	سال	-
732	بزرگوار	بزرگوار	بزرگوار	-
733	بسامان	بسا	بسا	-
734	بسامد	بسامد	بسامد	-
735	بست	بس	بست#بند	-
736	بستوه	بستوه	بستوه	-
737	بسزا	بسزا	بسزا	-
738	بسغده	بسغده	بسغده	-
739	بلکامه	بلکامه	بلکامه	-
740	بلندآوازه	بلندآوازه	بلندآوازه	-
741	بلندبالا	بلندبالا	بلندبالا	-
742	بلندپایه	بلندپایه	بلندپایه	-
743	بلندپرواز	بلندپرواز	بلندپرواز	-
744	بن	بن	بن	-
745	بست	بس	بست#بند	-
746	بندار	بندار	بندار	-
747	بنساله	بنساله	بنساله	-
748	بنوان	بنو	بنوان	-
749	بود	بود	بود#باش	-
750	بویناک	بویناک	بویناک	-
751	به	به	به	-
752	غایت	غا	غایت	-
753	بهبود	بهبود	بهبود	-
754	بهره	بهره	بهره	-
755	ور	ور	ور	-
756	بهم	به	به	-
757	بهمنش	بهمن	بهمن	-
758	بی	ب	بی	-
759	اندام	اندا	اندام	-
760	بی	ب	بی	-
761	باک	باک	باک	-
762	بی	ب	بی	-
763	برگ	برگ	برگ	-
764	بی	ب	بی	-
765	بند	بند	بند	-
766	و	و	و	-
767	بار	بار	بار	-
768	بی	ب	بی	-
769	بها	ب	بها	-
770	بی	ب	بی	-
771	پروا	پروا	پروا	-
772	بی	ب	بی	-
773	تا	تا	تا	-
774	بی	ب	بی	-
775	چون	چون	چون	-
776	بی	ب	بی	-
777	حد	حد	حد	-
778	بی	ب	بی	-
779	خود	خود	خود	-
780	بی	ب	بی	-
781	خیال	خیال	خیال	-
782	بی	ب	بی	-
783	دستگاه	دستگاه	دستگاه	-
784	بی	ب	بی	-
785	رگ	رگ	رگ	-
786	بی	ب	بی	-
787	رنگ	رنگ	رنگ	-
788	بی	ب	بی	-
789	ریش	ر	ریش	-
790	بی	ب	بی	-
791	سامان	سا	سامان	-
792	بی	ب	بی	-
793	سر	سر	سر	-
794	و	و	و	-
795	پا	پا	پا	-
796	بی	ب	بی	-
797	سنگ	سنگ	سنگ	-
798	بی	ب	بی	-
799	قرار	قرار	قرار	-
800	بی	ب	بی	-
801	کار	کار	کار	-
802	بی	ب	بی	-
803	کاره	کاره	کاره	-
804	بی	ب	بی	-
805	مر	مر	مر	-
806	بی	ب	بی	-
807	ناخن	ناخن	ناخن	-
808	بی	ب	بی	-
809	نمک	نمک	نمک	-
810	بی	ب	بی	-
811	نوا	نوا	نوا	-
812	بی	ب	بی	-
813	همال	همال	همال	-
814	بی	ب	بی	-
815	هوش	هو	هوش	-
816	بیابان	بیاب	بیابان	-
817	گرد	گرد	گرد	-
818	بیخو	بیخو	بیخو	-
819	بیداردل	بیداردل	بیداردل	-
820	بیدل	بیدل	بیدل	-
821	بیراه	بیراه	بیراه	-
822	بیشمار	بیشمار	بیشمار	-
823	بیکران	بیکر	بیکران	-
824	بیمارغنج	بیمارغنج	بیمارغنج	-
825	بیمناک	بیمناک	بیمناک	-
826	پا	پا	پا	-
827	به	به	به	-
828	ماه	ماه	ماه	-
829	پا	پا	پا	-
830	در	در	در	-
831	گل	گل	گل	-
832	پا	پا	پا	-
833	در	در	در	-
834	هوا	هوا	هوا	-
835	پا	پا	پا	-
836	کوتاه	کوتاه	کوتاه	-
837	پابرجا	پابرجا	پابرجا	-
838	پابرهنه	پابرهنه	پابرهنه	-
839	پابست	پابس	پابست	-
840	پاپتی	پاپت	پاپتی	-
841	پاچالدار	پاچالدار	پاچالدار	-
842	پاچه	پاچه	پاچه	-
843	گیر	گیر	گیر	-
844	پاچه	پاچه	پاچه	-
845	ورمالیده	ورمالیده	ورمالیده	-
846	پارچه	پارچه	پارچه	-
847	پارچه	پارچه	پارچه	-
848	پارسی	پارس	پارس	-
849	زبان	زب	زبان	-
850	پاره	پاره	پاره	-
851	پاره	پاره	پاره	-
852	پاس	پاس	پاس	-
853	بخش	بخ	بخش	-
854	پاسبز	پاسبز	پاسبز	-
855	پاشنه	پاشنه	پاشنه	-
856	بلند	بلند	بلند	-
857	پاشنه	پاشنه	پاشنه	-
858	خواب	خواب	خواب	-
859	پاک	پاک	پاک	-
860	دامن	دامن	دامن	-
861	پاک	پاک	پاک	-
862	سرشت	سر	سرشت	-
863	پاک	پاک	پاک	-
864	و	و	و	-
865	پوست	پوس	پوست	-
866	کنده	کنده	کنده	-
867	پاکار	پاکار	پاکار	-
868	پاکباز	پاکباز	پاکباز	-
869	پاک‌دل	پاک‌دل	پاک‌دل	-
870	پاکوب	پاکوب	پاکوب	-
871	پاکیزه	پاکیزه	پاکیزه	-
872	پالان	پال	پالان	-
873	ساییده	ساییده	ساییده	-
874	پامس	پامس	پامس	-
875	پانویس	پانویس	پانویس	-
876	پای	پا	پای	-
877	آور	آور	آور	-
878	پایزن	پایزن	پایزن	-
879	پخته	پخته	پخته	-
880	پدرام	پدرا	پدرام	-
881	پدرخوانده	پدرخوانده	پدرخوانده	-
882	پدیدار	پدیدار	پدیدار	-
883	پذرفت	پذرف	پذرفت	-
884	پر	پر	پر	-
885	پراگنده	پراگنده	پراگنده	-
886	دل	دل	دل	-
887	پرباد	پرباد	پرباد	-
888	پرپشت	پرپ	پرپشت	-
889	پرتاب	پرتاب	پرتاب	-
890	پرتاب	پرتاب	پرتاب	-
891	و	و	و	-
892	توان	تو	توان	-
893	پرچانه	پرچانه	پرچانه	-
894	پرچین	پرچین	پرچین	-
895	پرخواسته	پرخواسته	پرخواسته	-
896	پرداخت	پرداخ	پرداخت	-
897	پررو	پررو	پررو	-
898	پرشور	پرشور	پرشور	-
899	پرکار	پرکار	پرکار	-
900	پرماز	پرماز	پرماز	-
901	پرمایه	پرمایه	پرمایه	-
902	پرمنش	پرمن	پرمنش	-
903	پرندآور	پرندآور	پرندآور	-
904	پرهنر	پرهنر	پرهنر	-
905	پری	پر	پری	-
906	بند	بند	بند	-
907	پری	پر	پری	-
908	چهر	چهر	چهر	-
909	پری	پر	پری	-
910	نژاد	نژاد	نژاد	-
911	پریسای	پریسا	پریسا	-
912	پریوش	پریو	پریوش	-
913	پژاگن	پژاگن	پژاگن	-
914	پشت	پ	پشت	-
915	ماهی	ماه	ماه	-
916	پشتوار	پشتوار	پشتوار	-
917	پشتوان	پشتو	پشتو	-
918	پلیدازار	پلیدازار	پلیدازار	-
919	پنبه	پنبه	پنبه	-
920	درگوش	درگو	درگوش	-
921	پنجگانه	پنجگانه	پنجگانه	-
922	پنجه	پنجه	پنجه	-
923	طلایی	طلا	طلایی	-
924	پندآگین	پندآگین	پندآگین	-
925	پوست	پوس	پوست	-
926	کلفت	کلف	کلفت	-
927	پول	پول	پول	-
928	دار	دار	دار	-
929	پهلودار	پهلودار	پهلودار	-
930	پی	پ	پی	-
931	سپید	سپید	سپید	-
932	پی	پ	پی	-
933	فراخ	فراخ	فراخ	-
934	پی	پ	پی	-
935	گرد	گرد	گرد	-
936	پی	پ	پی	-
937	گم	گ	گم	-
938	پیچ	پیچ	پیچ	-
939	پیچ	پیچ	پیچ	-
940	پیچ	پیچ	پیچ	-
941	واپیچ	واپیچ	واپیچ	-
942	پیچاپیچ	پیچاپیچ	پیچاپیچ	-
943	پیروزه	پیروزه	پیروزه	-
944	فام	فا	فام	-
945	پیرهن	پیرهن	پیرهن	-
946	چاک	چاک	چاک	-
947	پیزی	پیز	پیزی	-
948	گشاد	گشاد	گشاد	-
949	پیش	پ	پیش	-
950	پیش	پ	پیش	-
951	مرگ	مرگ	مرگ	-
952	پیشاهنگ	پیشاهنگ	پیشاهنگ	-
953	پیشداد	پیشداد	پیشداد	-
954	پیشرفت	پیشرف	پیشرفت	-
955	پیشوا	پیشوا	پیشوا	-
956	پیشه	پیشه	پیشه	-
957	ور	ور	ور	-
958	پیشیار	پیشیار	پیشیار	-
959	پیل	پیل	پیل	-
960	سم	س	سم	-
961	پیلبان	پیلب	پیلبان	-
962	پیلتن	پیلتن	پیلتن	-
963	پیلگون	پیلگون	پیلگون	-
964	تابناک	تابناک	تابناک	-
965	تاجور	تاجور	تاجور	-
966	تار	تار	تار	-
967	و	و	و	-
968	تور	تور	تور	-
969	تاریک	تاریک	تاریک	-
970	دل	دل	دل	-
971	تازه	تازه	تازه	-
972	خط	خط	خط	-
973	ترت	تر	تر	-
974	و	و	و	-
975	مرت	مر	مرت	-
976	ترخون	ترخون	ترخون	-
977	تردامن	تردامن	تردامن	-
978	تردست	تردس	تردست	-
979	تردماغ	تردماغ	تردماغ	-
980	ترزبان	ترزب	ترزبان	-
981	ترسناک	ترسناک	ترسناک	-
982	ترش	تر	ترش	-
983	رو	رو	رو	-
984	ترگل	ترگل	ترگل	-
985	ور	ور	ور	-
986	گل	گل	گل	-
987	ترونده	ترونده	ترونده	-
988	تکاور	تکاور	تکاور	-
989	تکه	تکه	تکه	-
990	تکه	تکه	تکه	-
991	تن	تن	تن	-
992	آسان	آس	آسان	-
993	تناور	تناور	تناور	-
994	تند	تند	تند	-
995	و	و	و	-
996	خند	خند	خند	-
997	تندخو	تندخو	تندخو	-
998	(	(	(	-
999	ی		ی	-
1000	)	)	)	-
1001	(	(	(	-
1002	(	(	(	-
1003	(	(	(	-
1004	.	.	.	-
1005	)	)	)	-
1006	تندرست	تندرس	تندرست	-
1007	تنگ	تنگ	تنگ	-
1008	چشم	چ	چشم	-
1009	تنگاتنگ	تنگاتنگ	تنگاتنگ	-
1010	تنگبار	تنگبار	تنگبار	-
1011	تنگدست	تنگدس	تنگدست	-
1012	تنگدل	تنگدل	تنگدل	-
1013	تنگیاب	تنگیاب	تنگیاب	-
1014	تنومند	تنومند	تنومند	-
1015	ته	ته	ته	-
1016	نشست	نشس	نشست	-
1017	تهمتن	تهمتن	تهمتن	-
1018	تهیدست	تهیدس	تهیدست	-
1019	تی	ت	تی	-
1020	تیش	ت	تیش	-
1021	مامانی	مامان	مامان	-
1022	تیره	تیره	تیره	-
1023	روز	روز	روز	-
1024	تیزپا	تیزپا	تیزپا	-
1025	تیزتاو	تیزتاو	تیزتاو	-
1026	تیزدست	تیزدس	تیزدست	-
1027	تیزدندان	تیزدند	تیزدندان	-
1028	تیزمغز	تیزمغز	تیزمغز	-
1029	تیزهوش	تیزهو	تیزهوش	-
1030	جان	ج	جان	-
1031	جانی	جان	جان	-
1032	جان	ج	جان	-
1033	سخت	سخ	سخت	-
1034	جاودان	جاود	جاودان	-
1035	جاودانه	جاودانه	جاودانه	-
1036	جداگانه	جداگانه	جداگانه	-
1037	جرت	جر	جر	-
1038	و	و	و	-
1039	قوز	قوز	قوز	-
1040	جره	جره	جره	-
1041	جگر	جگر	جگر	-
1042	جنگل	جنگل	جنگل	-
1043	بان	ب	بان	-
1044	جوانمرد	جوانمرد	جوانمرد	-
1045	جوشیده	جوشیده	جوشیده	-
1046	مغز	مغز	مغز	-
1047	جهان	جه	جهان	-
1048	پهلوان	پهلو	پهلوان	-
1049	جهانبان	جهانب	جهانبان	-
1050	جهاندیده	جهاندیده	جهاندیده	-
1051	چابک	چابک	چابک	-
1052	دست	دس	دست	-
1053	چابک	چابک	چابک	-
1054	سوار	سوار	سوار	-
1055	چادرچاقچوری	چادرچاقچور	چادرچاقچوری	-
1056	چادرنشین	چادرنشین	چادرنشین	-
1057	چاکاچاک	چاکاچاک	چاکاچاک	-
1058	چرب	چرب	چرب	-
1059	ترازو	ترازو	ترازو	-
1060	چرب	چرب	چرب	-
1061	زبان	زب	زبان	-
1062	چربدست	چربدس	چربدست	-
1063	چس	چس	چس	-
1064	نفس	نفس	نفس	-
1065	چسبناک	چسبناک	چسبناک	-
1066	چشم	چ	چشم	-
1067	به	به	به	-
1068	راه	راه	راه	-
1069	چشم	چ	چشم	-
1070	پیش	پ	پیش	-
1071	چشم	چ	چشم	-
1072	تنگ	تنگ	تنگ	-
1073	چشم	چ	چشم	-
1074	دریده	دریده	دریده	-
1075	چشم	چ	چشم	-
1076	زاغ	زاغ	زاغ	-
1077	چشم	چ	چشم	-
1078	سپید	سپید	سپید	-
1079	چشم	چ	چشم	-
1080	شور	شور	شور	-
1081	چشمه	چشمه	چشمه	-
1082	چشمه	چشمه	چشمه	-
1083	چل	چل	چل	-
1084	تاج	تاج	تاج	-
1085	چل	چل	چل	-
1086	تکه	تکه	تکه	-
1087	چل	چل	چل	-
1088	کلید	کلید	کلید	-
1089	چلمن	چلمن	چلمن	-
1090	چماق	چماق	چماق	-
1091	لو	لو	لو	-
1092	چوبک	چوبک	چوبک	-
1093	زن	زن	زن	-
1094	چهارشانه	چهارشانه	چهارشانه	-
1095	چهل	چهل	چهل	-
1096	ستون	ستون	ستون	-
1097	چیره	چیره	چیره	-
1098	دست	دس	دست	-
1099	حروف	حروف	حروف	-
1100	حساب	حساب	حساب	-
1101	حق	حق	حق	-
1102	به	به	به	-
1103	جانب	جانب	جانب	-
1104	خاکرو	خاکرو	خاکرو	-
1105	خاکسار	خاکسار	خاکسار	-
1106	خاکسترنشین	خاکسترنشین	خاکسترنشین	-
1107	خاله	خاله	خاله	-
1108	زنک	زنک	زنک	-
1109	خام	خا	خام	-
1110	طبع	طبع	طبع	-
1111	خام	خا	خام	-
1112	طمع	طمع	طمع	-
1113	خامدست	خامدس	خامدست	-
1114	خانه	خانه	خانه	-
1115	به	به	به	-
1116	دوش	دو	دوش	-
1117	خانه	خانه	خانه	-
1118	دار	دار	دار	-
1119	خانه	خانه	خانه	-
1120	شاگرد	شاگرد	شاگرد	-
1121	خدابیامرز	خدابیامرز	خدابیامرز	-
1122	خرپول	خرپول	خرپول	-
1123	خردسال	خردسال	خردسال	-
1124	خشک	خشک	خشک	-
1125	خشک	خشک	خشک	-
1126	سر	سر	سر	-
1127	خشمگین	خشمگین	خشمگین	-
1128	خنده	خنده	خنده	-
1129	خریش	خر	خر	-
1130	خنده	خنده	خنده	-
1131	رو	رو	رو	-
1132	خنگ	خنگ	خنگ	-
1133	و	و	و	-
1134	لوک	لوک	لوک	-
1135	خنگسار	خنگسار	خنگسار	-
1136	خواجه	خواجه	خواجه	-
1137	سرا	سرا	سرا	-
1138	خواست	خواس	خواست	-
1139	خواهشمند	خواهشمند	خواهشمند	-
1140	خوب	خوب	خوب	-
1141	رو	رو	رو	-
1142	(	(	(	-
1143	ی		ی	-
1144	)	)	)	-
1145	خودرای	خودرا	خودرای	-
1146	خودسر	خودسر	خودسر	-
1147	خودکار	خودکار	خودکار	-
1148	خودکام	خودکا	خودکام	-
1149	خوش	خو	خوش	-
1150	آمد	آمد	آمد#آ	-
1151	خوش	خو	خوش	-
1152	خوراک	خوراک	خوراک	-
1153	خوش	خو	خوش	-
1154	خیم	خ	خیم	-
1155	خوش	خو	خوش	-
1156	مزه	مزه	مزه	-
1157	خوشاب	خوشاب	خوشاب	-
1158	خوشبخت	خوشبخ	خوشبخت	-
1159	خوشگل	خوشگل	خوشگل	-
1160	خوشنوا	خوشنوا	خوشنوا	-
1161	خوک	خوک	خوک	-
1162	دانی	دان	دانست#دان	-
1163	خون	خون	خون	-
1164	گرم	گر	گرم	-
1165	خوندگار	خوندگار	خوندگار	-
1166	خونسرد	خونسرد	خونسرد	-
1167	خونین	خونین	خونین	-
1168	جگر	جگر	جگر	-
1169	داد	داد	داد	-
1170	دادگاهی	دادگاه	دادگاه	-
1171	دادور	دادور	دادور	-
1172	داشت	دا	داشت	-
1173	داغسر	داغسر	داغسر	-
1174	دامن	دامن	دامن	-
1175	دامنه	دامنه	دامنه	-
1176	دار	دار	دار	-
1177	دامیار	دامیار	دامیار	-
1178	دانشمند	دانشمند	دانشمند	-
1179	دانشور	دانشور	دانشور	-
1180	دانشومند	دانشومند	دانشومند	-
1181	در	در	در	-
1182	در	در	در	-
1183	به	به	به	-
1184	در	در	در	-
1185	درخواست	درخواس	درخواست	-
1186	درخورد	درخورد	درخورد	-
1187	دردمند	دردمند	دردمند	-
1188	دردناک	دردناک	دردناک	-
1189	درشت	در	درشت	-
1190	خو	خو	خو	-
1191	درگذشت	درگذ	درگذشت	-
1192	دروا	دروا	دروا	-
1193	دریافت	دریاف	دریافت	-
1194	دزدافشار	دزدافشار	دزدافشار	-
1195	دژآباد	دژآباد	دژآباد	-
1196	دژآگاه	دژآگاه	دژآگاه	-
1197	دژآهنگ	دژآهنگ	دژآهنگ	-
1198	دژبرو	دژبرو	دژبرو	-
1199	دژخیم	دژخ	دژخیم	-
1200	دژکام	دژکا	دژکام	-
1201	دژم	دژ	دژم	-
1202	دژمان	دژ	دژ	-
1203	دژنام	دژنا	دژنام	-
1204	دست	دس	دست	-
1205	پاچه	پاچه	پاچه	-
1206	دست	دس	دست	-
1207	تنگ	تنگ	تنگ	-
1208	دست	دس	دست	-
1209	چین	چین	چین	-
1210	دست	دس	دست	-
1211	خوش	خو	خوش	-
1212	دست	دس	دست	-
1213	کج	کج	کج	-
1214	دست	دس	دست	-
1215	نویس	نویس	نویس	-
1216	دستبرد	دستبرد	دستبرد	-
1217	دشت	د	دشت	-
1218	بان	ب	بان	-
1219	دق	دق	دق	-
1220	دلی	دل	دل	-
1221	دق	دق	دق	-
1222	و	و	و	-
1223	لق	لق	لق	-
1224	دل	دل	دل	-
1225	افگار	افگار	افگار	-
1226	دل	دل	دل	-
1227	پر	پر	پر	-
1228	دل	دل	دل	-
1229	خسته	خسته	خسته	-
1230	دل	دل	دل	-
1231	مرده	مرده	مرده	-
1232	دلارام	دلارا	دلارام	-
1233	دلباز	دلباز	دلباز	-
1234	دلبند	دلبند	دلبند	-
1235	دل‌پاک	دل‌پاک	دل‌پاک	-
1236	دلخور	دلخور	دلخور	-
1237	دلریش	دلر	دلریش	-
1238	دلسرد	دلسرد	دلسرد	-
1239	دلگرم	دلگر	دلگرم	-
1240	دلواپس	دلواپس	دلواپس	-
1241	دله	دله	دله	-
1242	دزد	دزد	دزد	-
1243	دم	د	دم	-
1244	بخت	بخ	بخت	-
1245	دم	د	دم	-
1246	کل	کل	کل	-
1247	دم	د	دم	-
1248	کلفت	کلف	کلفت	-
1249	دو	دو	دو	-
1250	به	به	به	-
1251	هم	ه	هم	-
1252	زن	زن	زن	-
1253	دو	دو	دو	-
1254	پهلو	پهلو	پهلو	-
1255	دو	دو	دو	-
1256	تا	تا	تا	-
1257	دو	دو	دو	-
1258	دل	دل	دل	-
1259	دوال	دوال	دوال	-
1260	دوبرجی	دوبرج	دوبرجی	-
1261	دوتخمه	دوتخمه	دوتخمه	-
1262	دوتهی	دوته	دوتهی	-
1263	دوخت	دوخ	دوخت	-
1264	دودگون	دودگون	دودگون	-
1265	دودوزه	دودوزه	دودوزه	-
1266	بازی	باز	بازی	-
1267	کردن	کردن	کردن	-
1268	دورگه	دورگه	دورگه	-
1269	دوستدار	دوستدار	دوستدار	-
1270	دوستکام	دوستکا	دوستکام	-
1271	دوسره	دوسره	دوسره	-
1272	دید	دید	دید	-
1273	دیرکرد	دیرکرد	دیرکرد	-
1274	دیرگاه	دیرگاه	دیرگاه	-
1275	دیگرگون	دیگرگون	دیگرگون	-
1276	دیوانگی	دیوانگ	دیوانگی	-
1277	دیوانه	دیوانه	دیوانه	-
1278	دیوجان	دیوج	دیوجان	-
1279	دیودل	دیودل	دیودل	-
1280	دیوسار	دیوسار	دیوسار	-
1281	دیوکلوچ	دیوکلوچ	دیوکلوچ	-
1282	رادمنش	رادمن	رادمنش	-
1283	رازبان	رازب	رازبان	-
1284	راست	راس	راست	-
1285	خانه	خانه	خانه	-
1286	راست	راس	راست	-
1287	راستکی	راستک	راستکی	-
1288	رامیار	رامیار	رامیار	-
1289	راه	راه	راه	-
1290	نرفته	نرفته	نرفته	-
1291	راهگان	راهگ	راهگان	-
1292	راهنمون	راهنمون	راهنمون	-
1293	راهوار	راهوار	راهوار	-
1294	رایگان	رایگ	رایگان	-
1295	رزبان	رزب	رزبان	-
1296	رستار	رستار	رستار	-
1297	رسید	رسید	رسید	-
1298	رشکور	رشکور	رشکور	-
1299	رفت	رف	رفت#رو	-
1300	وآمد	وآمد	وآمد	-
1301	رفت	رف	رفت#رو	-
1302	وروب	وروب	وروب	-
1303	رنجور	رنجور	رنجور	-
1304	رنگ	رنگ	رنگ	-
1305	آور	آور	آور	-
1306	رنگ	رنگ	رنگ	-
1307	به	به	به	-
1308	رنگ	رنگ	رنگ	-
1309	رنگ	رنگ	رنگ	-
1310	رنگ	رنگ	رنگ	-
1311	رنگ	رنگ	رنگ	-
1312	وارنگ	وارنگ	وارنگ	-
1313	رو	رو	رو	-
1314	به	به	به	-
1315	راه	راه	راه	-
1316	روباز	روباز	روباز	-
1317	روخ	روخ	روخ	-
1318	چکاد	چکاد	چکاد	-
1319	روده	روده	روده	-
1320	روزافزون	روزافزون	روزافزون	-
1321	روزانه	روزانه	روزانه	-
1322	روزبان	روزب	روزبان	-
1323	روزبه	روزبه	روزبه	-
1324	روزپیکر	روزپیکر	روزپیکر	-
1325	روزگار	روزگار	روزگار	-
1326	رفته	رفته	رفته	-
1327	روسفید	روسفید	روسفید	-
1328	روسیاه	روسیاه	روسیاه	-
1329	روشندل	روشندل	روشندل	-
1330	رومی	روم	روم	-
1331	خو	خو	خو	-
1332	رویین	رویین	رویین	-
1333	تن	تن	تن	-
1334	رهوار	رهوار	رهوار	-
1335	ریخت	ریخ	ریخت	-
1336	و	و	و	-
1337	پاش	پا	پا	-
1338	ریش	ر	ریش	-
1339	ریش	ر	ریش	-
1340	ریش	ر	ریش	-
1341	سفید	سفید	سفید	-
1342	ریشمال	ریشمال	ریشمال	-
1343	ریشو	ریشو	ریشو	-
1344	زادخرد	زادخرد	زادخرد	-
1345	زار	زار	زار	-
1346	و	و	و	-
1347	نزار	نزار	نزار	-
1348	زاغ	زاغ	زاغ	-
1349	دل	دل	دل	-
1350	زاغ	زاغ	زاغ	-
1351	رنگ	رنگ	رنگ	-
1352	زاغ	زاغ	زاغ	-
1353	زبان	زب	زبان	-
1354	زاغ	زاغ	زاغ	-
1355	سار	سار	سار	-
1356	زاغه	زاغه	زاغه	-
1357	نشین	نشین	نشین	-
1358	زبان	زب	زبان	-
1359	آور	آور	آور	-
1360	زبان	زب	زبان	-
1361	دراز	دراز	دراز	-
1362	زخم	زخ	زخم	-
1363	و	و	و	-
1364	زیلی	زیل	زیلی	-
1365	زرخیز	زرخیز	زرخیز	-
1366	زردفام	زردفا	زردفام	-
1367	زردگوش	زردگو	زردگوش	-
1368	زرفین	زرفین	زرفین	-
1369	وار	وار	وار	-
1370	زرگون	زرگون	زرگون	-
1371	زریون	زریون	زریون	-
1372	زن	زن	زن	-
1373	به	به	به	-
1374	مزد	مزد	مزد	-
1375	زنباره	زنباره	زنباره	-
1376	زنجیربان	زنجیرب	زنجیربان	-
1377	زندانبان	زندانب	زندانبان	-
1378	زندواف	زندواف	زندواف	-
1379	زنده	زنده	زنده	-
1380	زوار	زوار	زوار	-
1381	دررفته	دررفته	دررفته	-
1382	زودباور	زودباور	زودباور	-
1383	زودرنج	زودرنج	زودرنج	-
1384	زهرآگین	زهرآگین	زهرآگین	-
1385	زیر	زیر	زیر	-
1386	و	و	و	-
1387	بالا	بالا	بالا	-
1388	زیردست	زیردس	زیردست	-
1389	زیرک	زیرک	زیرک	-
1390	سار	سار	سار	-
1391	زیست	زیس	زیست	-
1392	سابیدن	سابیدن	سابیدن	-
1393	ساخت	ساخ	ساخت	-
1394	ساخته	ساخته	ساخته	-
1395	رنگ	رنگ	رنگ	-
1396	ساخته	ساخته	ساخته	-
1397	کاچار	کاچار	کاچار	-
1398	ساده	ساده	ساده	-
1399	تن	تن	تن	-
1400	ساده	ساده	ساده	-
1401	جگر	جگر	جگر	-
1402	ساده	ساده	ساده	-
1403	دل	دل	دل	-
1404	ساده	ساده	ساده	-
1405	رخ	رخ	رخ	-
1406	ساده	ساده	ساده	-
1407	رنگ	رنگ	رنگ	-
1408	ساده	ساده	ساده	-
1409	رو	رو	رو	-
1410	ساده	ساده	ساده	-
1411	زنخ	زنخ	زنخ	-
1412	ساده	ساده	ساده	-
1413	کار	کار	کار	-
1414	ساده	ساده	ساده	-
1415	نمک	نمک	نمک	-
1416	سازمند	سازمند	سازمند	-
1417	سازور	سازور	سازور	-
1418	سالار	سالار	سالار	-
1419	سالخداه	سالخداه	سالخداه	-
1420	سالخرد	سالخرد	سالخرد	-
1421	سالمند	سالمند	سالمند	-
1422	سایه	سایه	سایه	-
1423	خشک	خشک	خشک	-
1424	سبزپا	سبزپا	سبزپا	-
1425	سبزفام	سبزفا	سبزفام	-
1426	سبک	سبک	سبک	-
1427	دست	دس	دست	-
1428	سبک	سبک	سبک	-
1429	سایه	سایه	سایه	-
1430	سبک	سبک	سبک	-
1431	سنگ	سنگ	سنگ	-
1432	سبک	سبک	سبک	-
1433	سنگین	سنگین	سنگین	-
1434	کردن	کردن	کردن	-
1435	سبک	سبک	سبک	-
1436	مغز	مغز	مغز	-
1437	سبکبار	سبکبار	سبکبار	-
1438	سبکبال	سبکبال	سبکبال	-
1439	سبکپا	سبکپا	سبکپا	-
1440	سبکسر	سبکسر	سبکسر	-
1441	سبیلو	سبیلو	سبیلو	-
1442	سپندآسا	سپندآسا	سپندآسا	-
1443	سپیدبخت	سپیدبخ	سپیدبخت	-
1444	سپیدپا	سپیدپا	سپیدپا	-
1445	سپیددست	سپیددس	سپیددست	-
1446	سپیده	سپیده	سپیده	-
1447	ستبر	ستبر	ستبر	-
1448	روی	رو	روی	-
1449	ستوان	ستو	ستوان	-
1450	ستوربان	ستورب	ستوربان	-
1451	سخت	سخ	سخت	-
1452	پا	پا	پا	-
1453	سخت	سخ	سخت	-
1454	پیشانی	پیشان	پیشانی	-
1455	سخت	سخ	سخت	-
1456	جان	ج	جان	-
1457	سخت	سخ	سخت	-
1458	رو	رو	رو	-
1459	سخت	سخ	سخت	-
1460	کمان	ک	کمان	-
1461	سخت	سخ	سخت	-
1462	لگام	لگا	لگام	-
1463	سخنور	سخنور	سخنور	-
1464	سر	سر	سر	-
1465	سر	سر	سر	-
1466	به	به	به	-
1467	سر	سر	سر	-
1468	به	به	به	-
1469	نیست	نیس	نیست	-
1470	سر	سر	سر	-
1471	و	و	و	-
1472	مر	مر	مر	-
1473	سرآزاد	سرآزاد	سرآزاد	-
1474	سرآمد	سرآمد	سرآمد	-
1475	سرازیر	سرازیر	سرازیر	-
1476	سراسیمه	سراسیمه	سراسیمه	-
1477	سراشیب	سراشیب	سراشیب	-
1478	سرانداز	سرانداز	سرانداز	-
1479	سراندرون	سراندرون	سراندرون	-
1480	سرباز	سرباز	سرباز	-
1481	سربتو	سربتو	سربتو	-
1482	سربلند	سربلند	سربلند	-
1483	سربه	سربه	سربه	-
1484	مهر	مهر	مهر	-
1485	سرپر	سرپر	سرپر	-
1486	سرپرست	سرپرس	سرپرست	-
1487	سرتیز	سرتیز	سرتیز	-
1488	سرحال	سرحال	سرحال	-
1489	سرخانه	سرخانه	سرخانه	-
1490	سرخر	سرخر	سرخر	-
1491	سرخوش	سرخو	سرخوش	-
1492	سرخیل	سرخیل	سرخیل	-
1493	سرداور	سرداور	سرداور	-
1494	سردرگم	سردرگ	سردرگم	-
1495	سردماغ	سردماغ	سردماغ	-
1496	سرراست	سرراس	سرراست	-
1497	سرزنده	سرزنده	سرزنده	-
1498	سرسبز	سرسبز	سرسبز	-
1499	سرسخت	سرسخ	سرسخت	-
1500	سرسنگین	سرسنگین	سرسنگین	-
1501	سرشار	سرشار	سرشار	-
1502	سرشناس	سرشناس	سرشناس	-
1503	سرگران	سرگر	سرگران	-
1504	سرگردان	سرگرد	سرگردان	-
1505	سرگرم	سرگر	سرگرم	-
1506	سرمست	سرمس	سرمست	-
1507	سرنگون	سرنگون	سرنگون	-
1508	سروا	سروا	سروا	-
1509	سرور	سرور	سرور	-
1510	سره	سره	سره	-
1511	مرد	مرد	مرد	-
1512	سرهال	سرهال	سرهال	-
1513	سزاوار	سزاوار	سزاوار	-
1514	سست	سس	سست	-
1515	رگ	رگ	رگ	-
1516	سست	سس	سست	-
1517	ریش	ر	ریش	-
1518	سست	سس	سست	-
1519	زخم	زخ	زخم	-
1520	سفیدبخت	سفیدبخ	سفیدبخت	-
1521	سفیدکاسه	سفیدکاسه	سفیدکاسه	-
1522	سگدل	سگدل	سگدل	-
1523	سگرو	سگرو	سگرو	-
1524	سگسار	سگسار	سگسار	-
1525	سلنج	سلنج	سلنج	-
1526	سمنبر	سمنبر	سمنبر	-
1527	سنگدل	سنگدل	سنگدل	-
1528	سوت	سو	سوت	-
1529	و	و	و	-
1530	کور	کور	کور	-
1531	سوداگر	سوداگر	سوداگر	-
1532	سوزنبان	سوزنب	سوزنبان	-
1533	سوک	سوک	سوک	-
1534	ریش	ر	ریش	-
1535	سوگوار	سوگوار	سوگوار	-
1536	سه	سه	سه	-
1537	پایه	پایه	پایه	-
1538	سهمناک	سهمناک	سهمناک	-
1539	سیاه	سیاه	سیاه	-
1540	بند	بند	بند	-
1541	سیاه	سیاه	سیاه	-
1542	پستان	پس	پستان	-
1543	سیاه	سیاه	سیاه	-
1544	چرده	چرده	چرده	-
1545	سیاه	سیاه	سیاه	-
1546	دست	دس	دست	-
1547	سیاه	سیاه	سیاه	-
1548	دل	دل	دل	-
1549	سیاه	سیاه	سیاه	-
1550	رو	رو	رو	-
1551	سیاه	سیاه	سیاه	-
1552	سر	سر	سر	-
1553	سیاه	سیاه	سیاه	-
1554	سوخته	سوخته	سوخته	-
1555	سیاه	سیاه	سیاه	-
1556	گلیم	گل	گلیم	-
1557	سیاه	سیاه	سیاه	-
1558	مست	مس	مست	-
1559	سیاهکاسه	سیاهکاسه	سیاهکاسه	-
1560	سیخ	سیخ	سیخ	-
1561	پر	پر	پر	-
1562	سیراب	سیراب	سیراب	-
1563	سیم	س	سیم	-
1564	تن	تن	تن	-
1565	سیماب	سیماب	سیماب	-
1566	پا	پا	پا	-
1567	سیماب	سیماب	سیماب	-
1568	دل	دل	دل	-
1569	سیمابگون	سیمابگون	سیمابگون	-
1570	سیماب‌گون	سیماب‌گون	سیماب‌گون	-
1571	سیمبر	سیمبر	سیمبر	-
1572	سیمگون	سیمگون	سیمگون	-
1573	سیمه	سیمه	سیمه	-
1574	سار	سار	سار	-
1575	سینه	سینه	سینه	-
1576	باز	باز	باز	-
1577	سینه	سینه	سینه	-
1578	چاک	چاک	چاک	-
1579	استادانتان	استادان	استادانتان	-
1580	له	له	له	-
1581	شده	شده	شده	-
1582	ترینم	ترین	ترینم	-
1583	نالانترینی	نالانترین	نالانترینی	-
1584	شاعران	شاعر	شاعر	-
1585	خستگان	خستگ	خستگان	-
1586	آزادگان	آزادگ	آزادگان	-
1587	تابلوهایش	تابلو	تابلو	-
1588	شیشه‌ها	شیشه	شیشه	-
1589	کاسه‌ها	کاسه	کاسه	-
1590	روپوش‌ها	روپوش	روپوش	-
1591	مادرهایمان	مادر	مادر	-
1592	مادران	مادر	مادر	-
1593	آزادگانیم	آزادگان	آزادگان	-
1594	پدرانمان	پدران	پدرانمان	-
1595	معلم	معل	معلم	-
1596	هایشان		هایشان	-
1597	زنانیم	زنان	زنانیم	-
1598	زندگان	زندگ	زندگان	-
1599	گذشتگان	گذشتگ	گذشتگان	-
1600	فرشتگان	فرشتگ	فرشتگان	-
1601	خفتگان	خفتگ	خفتگان	-
1602	خستگانیم	خستگان	خستگانیم	-
1603	گرسنگان	گرسنگ	گرسنگان	-
1604	تشنگانند	تشنگانند	تشنگانند	-
1605	پرندگانیم	پرندگان	پرندگان	-
1606	برگشت	برگ	برگ	-
1607	برنگشتم	برنگ	برنگشتم	-
1608	برمی	برم	برمی	-
1609	گشتم	گ	گشت#گرد	-
1610	برنمی	برنم	برنمی	-
1611	گشتم	گ	گشت#گرد	-
1612	برگشتی	برگشت	برگشتی	-
1613	برنگشتی	برنگشت	برنگشتی	-
1614	برمی	برم	برمی	-
1615	گشتی	گشت	گشتی	-
1616	برنمی	برنم	برنمی	-
1617	گشتی	گشت	گشتی	-
1618	برگشت	برگ	برگ	-
1619	برنگشت	برنگ	برنگشت	-
1620	برمی	برم	برمی	-
1621	گشت	گ	گشت	-
1622	برنمی	برنم	برنمی	-
1623	گشت	گ	گشت	-
1624	برگشتیم	برگشت	برگشتیم	-
1625	برنگشتیم	برنگشت	برنگشتیم	-
1626	برمی	برم	برمی	-
1627	گشتیم	گشت	گشت#گرد	-
1628	برنمی	برنم	برنمی	-
1629	گشتیم	گشت	گشت#گرد	-
1630	برگشتید	برگشتید	برگشتید	-
1631	برنگشتید	برنگشتید	برنگشتید	-
1632	برمی	برم	برمی	-
1633	گشتید	گشتید	گشت#گرد	-
1634	برنمی	برنم	برنمی	-
1635	گشتید	گشتید	گشت#گرد	-
1636	برگشتند	برگشتند	برگشتند	-
1637	برمی	برم	برمی	-
1638	گشتند	گشتند	گشت#گرد	-
1639	برنمی	برنم	برنمی	-
1640	گشتند	گشتند	گشت#گرد	-
1641	میوجات	میوج	میوجات	-
1642	روزنامجات	روزنامج	روزنامجات	-
1643	دستجات	دستج	دستجات	-
1644	کارخانجات	کارخانج	کارخانجات	-
1645	مشمولان	مشمول	مشمول	-
1646	زائران	زائر	زائر	-
1647	منتخبان	منتخب	منتخب	-
1648	برگزیدگان	برگزیدگ	برگزیدگان	-
1649	مدعوان	مدعو	مدعو	-
1650	مهمانان	مهمان	مهمان	-
1651	ماهان	ماه	ماهان	-
1652	روحانیان	روحان	روحانیان	-
1653	مسؤولان	مسؤول	مسؤولان	-
1654	آموزگاران	آموزگار	آموزگار	-
1655	کارگردان	کارگرد	کارگردان	-
1656	گریزان	گریز	گریز	-
1657	بهاران	بهار	بهاران	-
1658	پریشانترینم	پریشانترین	پریشانترینم	-
1659	کشاورزان	کشاورز	کشاورز	-
1660	ناامیدترینهایشانیم	ناامیدترینهایشان	ناامیدترینهایشانیم	-
1661	رفته_باشید	رفته_باشید	رفت#رو	-
1662	رفته‌اند	رفته‌اند	رفت#رو	-
1663	خواهید_رفت	خواهید_رف	رفت#رو	-
1664	دارید	دارید	داشت#دار	-
1665	می‌روید	می‌روید	رفت#رو	-
1666	خواهند_دید	خواهند_دید	دید#بین	-
1667	بروی	برو	رفت#رو	-
1668	رود	رود	رود	-
1669	بروند	بروند	رفت#رو	-
1670	دارم	دار	داشت#دار	-
1671	می‌روم	می‌رو	رفت#رو	-
1672	دارند	دارند	داشت#دار	-
1673	می‌روند	می‌روند	رفت#رو	-
1674	بسته	بسته	بسته	-
1675	بستگان	بستگ	بستگان	-
1676	بیاموزمی	بیاموزم	بیاموزمی	-
1677	می	م	می	-
1678	‌بدانید	‌بدانید	‌بدانید	-
1679	می	م	می	-
1680	‌اندیش	‌اند	‌اندیش	-
1681	پیچدهمی	پیچدهم	پیچدهمی	-
1682	برفتمانی	برفتمان	برفتمانی	-
1683	بگرفتندشان	بگرفتند	بگرفتندشان	-
1684	نماند	نماند	ماند#مان	-
1685	براندی	براند	براندی	-
1686	می	م	می	-
1687	‌بسوخت	‌بسوخ	‌بسوخت	-
1688	گردانیدن	گردانیدن	گردانیدن	-
1689	برآمده	برآمده	برآمده	-
1690	باشد	باشد	بود#باش	-
1691	برفتمشان	برفتم	برفتمشان	-
1692	وادارکردمتان	وادارکردم	وادارکردمتان	-
1693	ببخشیدشان	ببخشید	ببخشیدشان	-
1694	سخت	سخ	سخت	-
1695	کوششترینهایشانم	کوششترینهایشان	کوششترینهایشانم	-
1696	برافراشتیشان	برافراشت	برافراشتیشان	-
1697	میخوردمت	میخوردم	میخوردمت	-
1698	نگاه	نگاه	نگاه	-
1699	کردمش	کردم	کردمش	-
1700	کثیفترینهایشانیم	کثیفترینهایشان	کثیفترینهایشانیم	-
1701	نیاموخته	نیاموخته	آموخت#آموز	-
1702	هایت		هایت	-
1703	موهایشان	مو	مو	-
1704	آفتابگردان	آفتابگرد	آفتابگردان	-
1705	واژه‌ها	واژه	واژه	-
1706	فارسی	فارس	فارس	-
1707	بزگترهایشان	بزگتر	بزگترهایشان	-
1708	خوبترم	خوبتر	خوبترم	-
1709	مدرسان	مدرس	مدرس	-
1710	نخبگان	نخبگ	نخبگان	-
1711	آرزومند	آرزومند	آرزومند	-
1712	بینابین	بینابین	بینابین	-
1713	خودکاری	خودکار	خودکار	-
1714	خوشحالتریم	خوشحالتر	خوشحالتریم	-
1715	کارگردانان	کارگردان	کارگردان	-
1716	اردگک	اردگک	اردگک	-
1717	کتابخانه	کتابخانه	کتابخانه	-
1718	آب	آب	آب	-
1719	خانوار	خانوار	خانوار	-
1720	پیوستگی	پیوستگ	پیوستگی	-
1721	افسرده‌ای	افسرده	افسرده	-
1722	رفته‌ام	رفته	رفت#رو	-
1723	عمویش	عمو	عمو	-
1724	آباده‌ای	آباده	آباده	-
1725	خزانه‌ای	خزانه	خزانه	-
1726	چگونه	چگونه	چگونه	-
1727	رزمایش	رزما	رزمایش	-
1728	دانایان	دانا	دانا	-
1729	سخنگویان	سخنگو	سخنگو	-
1730	جوی‌ها	جوی	جوی	-
1731	جای‌ها	جای	جای	-
1732	پندیات	پند	پند	-
1733	دستجات	دستج	دستجات	-
1734	مشناکم	مشناک	مشناکم	-
1735	موزگک	موزگک	موزگک	-
1736	آذربایجان	آذربایج	آذربایجان	-
1737	قستنطنیه	قستنطنیه	قستنطنیه	-
1738	فلاسفه	فلاسفه	فلاسفه	-
1739	حسنات	حسن	حسنات	-
1740	چینی	چین	چینی	-
1741	شکارچیان	شکارچ	شکارچیان	-
1742	نرم	نر	نرم	-
1743	انسدادی	انسداد	انسداد	-
1744	لرزشی	لرزش	لرزش	-
1745	فراکردی	فراکرد	فراکردی	-
1746	لبالب	لبالب	لبالب	-
1747	چهلچراغ	چهلچراغ	چهلچراغ	-
1748	گلباران	گلبار	گلباران	-
1749	خرگوشان	خرگو	خرگوشان	-
1750	رده	رده	رده	-
1751	دیدمشان	دیدم	دیدمشان	-
1752	خواندمشان	خواندم	خواندمشان	-
1753	کجات	کج	کج	-
1754	آوردمشان	آوردم	آوردمشان	-
1755	آمدوشد	آمدوشد	آمدوشد	-
1756	پیروجوان	پیروجو	پیروجوان	-
1757	جانا	جانا	جانا	-
1758	مهمانخانه	مهمانخانه	مهمانخانه	-
1759	ناامیدترین	ناامید	ناامید	-
1760	هایشان		هایشان	-
1761	بازاری	بازار	بازار	-
1762	پسند	پسند	پسند	-
1763	حرص	حرص	حرص	-
1764	خوردن	خوردن	خوردن	-
1765	آتیش	آت	آتیش	-
1766	پاره	پاره	پاره	-
1767	عقب	عقب	عقب	-
1768	افتادگی	افتادگ	افتادگی	-
1769	کلاه	کلاه	کلاه	-
1770	دردسرها	دردسر	دردسر	-
1771	معلم	معل	معلم	-
1772	معلمیم	معلم	معلم	-
1773	درسخوانترین	درسخوان	درسخوان	-
1774	مرده	مرده	مرده	-
1775	نبودنش	نبودن	نبودن	-
1776	چهارمین‌ها	چهارمین	چهارمین	-
1777	پاک	پاک	پاک	-
1778	کن	کن	کن	-
1779	چوب	چوب	چوب	-
1780	بری‌ها	بری	بری	-
1781	بن	بن	بن	-
1782	بست	بس	بست#بند	-
1783	نشستن	نشستن	نشستن	-
1784	بیاساییم	بیاسا	بیاساییم	-
1785	ابرکوه‌ها	ابرکوه	ابرکوه	-
1786	شبه	شبه	شبه	-
1787	سنگ	سنگ	سنگ	-
1788	فضانوردانه	فضانوردانه	فضانوردانه	-
1789	چشمک	چشمک	چشمک	-
1790	درشکه	درشکه	درشکه	-
1791	غیرارادی	غیراراد	غیرارادی	-
1792	کلیدواژه	کلیدواژه	کلیدواژه	-
1793	وب	وب	وب	-
1794	بهینه	بهینه	بهینه	-
1795	ادغام	ادغا	ادغام	-
1796	گردهمایی	گردهما	گردهمایی	-
1797	سیه	سیه	سیه	-
1798	جست	جس	جست#جو	-
1799	شعرسرایی	شعرسرا	شعرسرایی	-
1800	ناخنک	ناخنک	ناخنک	-
1801	زدن	زدن	زدن	-
1802	نقشه	نقشه	نقشه	-
1803	میانجیگری	میانجیگر	میانجیگری	-
1804	نمایه	نمایه	نمایه	-
1805	رتبه	رتبه	رتبه	-
1806	تصویربرداری	تصویربردار	تصویربرداری	-
1807	نشانه	نشانه	نشانه	-
1808	ابراهیمی	ابراهیم	ابراهیم	-
1809	خطی	خط	خط	-
1810	وبلاگ	وبلاگ	وبلاگ	-
1811	قانون	قانون	قانون	-
1812	رهاسازها	رهاساز	رهاسازها	-
1813	دفترچه	دفترچه	دفترچه	-
1814	برنامه	برنامه	برنامه	-
1815	پردندانه	پردندانه	پردندانه	-

