0	در	در	در	-
1	شب	شب	شب	-
2	شبنم	شبن	شبنم	-
3	نم	ن	نم	-
3	نم	ن	نم	-
3	نم	ن	نم	-
6	را	را	را	-
7	بر	بر	بر	-
8	تن	تن	تن	-
9	گلبرگ	گلبرگ	گلبرگ	-
10	پوشاند	پوشاند	پوشاند#پوشان	-
11	.	.	.	-
12	سخنان	سخن	سخن	-
13	خاطر	خاطر	خاطر	-
14	پریشان	پر	پریشان	-
15	خاطرم	خاطر	خاطر	-
6	را	را	را	-
14	پریشان	پر	پریشان	-
18	می‌کند	می‌کند	کرد#کن	-
11	.	.	.	-
20	به	به	به	-
13	خاطر	خاطر	خاطر	-
22	زیادی	زیاد	زیاد	-
23	رویش	رو	رویش	-
23	رویش	رو	رویش	-
25	از	از	از	-
23	رویش	رو	رویش	-
27	ریش	ر	ریش	-
28	کم	ک	کم	-
29	شد	شد	شد#شو	-
11	.	.	.	-
31	دانه	دانه	دانه	-
32	دانست	دانس	دانست#دان	-
33	که	که	که	-
31	دانه	دانه	دانه	-
35	ست	س	ست	-
36	و	و	و	-
37	می‌روید	می‌روید	رفت#رو	-
33	که	که	که	-
20	به	به	به	-
40	زیر	زیر	زیر	-
41	رفت	رف	رفت#رو	-
42	شما	شما	شما	-
43	چرا	چرا	چرا	-
37	می‌روید	می‌روید	رفت#رو	-
11	.	.	.	-
46	بی	ب	بی	-
47	تا	تا	تا	-
46	بی	ب	بی	-
49	تابی	تاب	تاب	-
50	می‌کرد	می‌کرد	کرد#کن	-
51	چون	چون	چون	-
46	بی	ب	بی	-
47	تا	تا	تا	-
54	نبود	نبود	بود#باش	-
11	.	.	.	-
56	سه	سه	سه	-
47	تا	تا	تا	-
56	سه	سه	سه	-
47	تا	تا	تا	-
56	سه	سه	سه	-
61	تار	تار	تار	-
56	سه	سه	سه	-
61	تار	تار	تار	-
6	را	را	را	-
65	برداشت	بردا	برداشت	-
11	.	.	.	-
67	شهره	شهره	شهره	-
67	شهره	شهره	شهره	-
69	شهر	شهر	شهر	-
70	است	اس	#است	-
11	.	.	.	-
0	در	در	در	-
73	این	این	این	-
74	درگه	درگه	درگه	-
33	که	که	که	-
76	گه	گه	گه	-
76	گه	گه	گه	-
33	که	که	که	-
33	که	که	که	-
36	و	و	و	-
33	که	که	که	-
33	که	که	که	-
83	شود	شود	شد#شو	-
84	ناگه	ناگه	ناگه	-
85	مشو	مشو	مشو	-
86	غره	غره	غره	-
20	به	به	به	-
88	امروزت	امروز	امروز	-
33	که	که	که	-
25	از	از	از	-
91	فردا	فردا	فردا	-
92	نه	نه	نه	-
93	ایی	ا	ایی	-
94	آگه	آگه	آگه	-
11	.	.	.	-
96	تو	تو	تو	-
97	خود	خود	خود	-
84	ناگه	ناگه	ناگه	-
99	وصالم	وصال	وصال	-
100	داده	داده	داده	-
93	ایی	ا	ایی	-
7	بر	بر	بر	-
74	درگه	درگه	درگه	-
104	فضلت	فضل	فضل	-
33	که	که	که	-
76	گه	گه	گه	-
76	گه	گه	گه	-
108	دل	دل	دل	-
109	کجا	کجا	کجا	-
94	آگه	آگه	آگه	-
83	شود	شود	شد#شو	-
25	از	از	از	-
0	در	در	در	-
114	گهت	گه	گه	-
115	هر	هر	هر	-
76	گه	گه	گه	-
11	.	.	.	-
118	صدیقه	صدیقه	صدیقه	-
118	صدیقه	صدیقه	صدیقه	-
120	دوخت	دوخ	دوخت	-
11	.	.	.	-
122	آنقدر	آنقدر	آنقدر	-
123	بست	بس	بست#بند	-
124	نشست	نشس	نشست	-
47	تا	تا	تا	-
126	آب	آب	آب	-
6	را	را	را	-
123	بست	بس	بست#بند	-
11	.	.	.	-
130	دوش	دو	دوش	-
131	دوشش	دوش	دوش	-
6	را	را	را	-
123	بست	بس	بست#بند	-
36	و	و	و	-
7	بر	بر	بر	-
131	دوشش	دوش	دوش	-
137	گذاشت	گذا	گذاشت#گذار	-
36	و	و	و	-
139	گاو	گاو	گاو	-
6	را	را	را	-
141	دوشید	دوشید	دوشید	-
11	.	.	.	-
143	مه	مه	مه	-
143	مه	مه	مه	-
6	را	را	را	-
146	مهار	مهار	مهار	-
147	کرد	کرد	کرد#کن	-
11	.	.	.	-
149	ما	ما	ما	-
150	زیاد	زیاد	زیاد	-
150	زیاد	زیاد	زیاد	-
152	می‌رویم	می‌رو	رفت#رو	-
11	.	.	.	-
154	پرسید	پرسید	پرسید#پرس	-
155	برای	برا	برای	-
156	شام	شا	شام	-
157	چه	چه	چه	-
158	شامی	شام	شامی	-
159	داریم	دار	داشت#دار	-
160	گفتم	گف	گفت#گو	-
158	شامی	شام	شامی	-
11	.	.	.	-
163	با	با	با	-
164	صدای	صدا	صدا	-
165	بلند	بلند	بلند	-
166	آواز	آواز	آواز	-
167	سرداد	سرداد	سرداد	-
33	که	که	که	-
169	هوای	هوا	هوا	-
170	سرد	سرد	سرد	-
171	سردرد	سردرد	سردرد	-
172	می‌آورد	می‌آورد	آورد#آور	-
11	.	.	.	-
174	سبک	سبک	سبک	-
175	سبکی	سبک	سبک	-
6	را	را	را	-
155	برای	برا	برای	-
178	نوشتن	نوشتن	نوشتن	-
179	دارد	دارد	داشت#دار	-
11	.	.	.	-
181	شعر	شعر	شعر	-
6	را	را	را	-
25	از	از	از	-
7	بر	بر	بر	-
185	خواند	خواند	خواند#خوان	-
11	.	.	.	-
20	به	به	به	-
6	را	را	را	-
189	خورد	خورد	خورد#خور	-
36	و	و	و	-
191	گفت	گف	گفت#گو	-
20	به	به	به	-
20	به	به	به	-
20	به	به	به	-
73	این	این	این	-
20	به	به	به	-
197	!	!	!	-
198	درست	درس	درست	-
198	درست	درس	درست	-
6	را	را	را	-
201	بخوان	بخو	خواند#خوان	-
11	.	.	.	-
203	چوب	چوب	چوب	-
204	خط	خط	خط	-
205	خطی	خط	خط	-
206	پر	پر	پر	-
25	از	از	از	-
203	چوب	چوب	چوب	-
204	خط	خط	خط	-
210	بود	بود	بود#باش	-
11	.	.	.	-
212	چهار	چهار	چهار	-
213	پایان	پا	پایان	-
213	پایان	پا	پایان	-
215	راه	راه	راه	-
6	را	را	را	-
217	پاییدند	پاییدند	پاییدند	-
11	.	.	.	-
219	یک	یک	یک	-
220	فرد	فرد	فرد	-
163	با	با	با	-
222	لباس	لباس	لباس	-
215	راه	راه	راه	-
215	راه	راه	راه	-
215	راه	راه	راه	-
226	بندان	بند	بند	-
20	به	به	به	-
215	راه	راه	راه	-
229	انداخته_بود	انداخته_بود	انداخت#انداز	-
11	.	.	.	-
3	نم	ن	نم	-
232	نمک	نمک	نمک	-
232	نمک	نمک	نمک	-
6	را	را	را	-
20	به	به	به	-
236	غذا	غذا	غذا	-
237	اضافه	اضافه	اضافه	-
238	کن	کن	کن	-
11	.	.	.	-
51	چون	چون	چون	-
241	هوا	هوا	هوا	-
242	تاریک	تاریک	تاریک	-
70	است	اس	#است	-
0	در	در	در	-
245	بامداد	بامداد	بامداد	-
245	بامداد	بامداد	بامداد	-
247	بنویس	بنویس	نوشت#نویس	-
47	تا	تا	تا	-
249	بتوانی	بتوان	توانست#توان	-
163	با	با	با	-
251	پاک	پاک	پاک	-
238	کن	کن	کن	-
253	آن	آن	آن	-
6	را	را	را	-
251	پاک	پاک	پاک	-
256	کنی	کن	کرد#کن	-
11	.	.	.	-
25	از	از	از	-
259	بس	بس	بس	-
20	به	به	به	-
261	من	من	من	-
191	گفت	گف	گفت#گو	-
263	نترس	نترس	نترس	-
197	!	!	!	-
47	تا	تا	تا	-
261	من	من	من	-
263	نترس	نترس	نترس	-
20	به	به	به	-
269	بار	بار	بار	-
270	آمدم	آمد	آمد#آ	-
11	.	.	.	-
272	حس	حس	حس	-
273	کردم	کرد	کرد#کن	-
274	دستم	دس	دستم	-
46	بی	ب	بی	-
272	حس	حس	حس	-
277	شده_است	شده_اس	شد#شو	-
11	.	.	.	-
279	گزیده	گزیده	گزیده	-
280	حرفش	حرف	حرف	-
73	این	این	این	-
210	بود	بود	بود#باش	-
33	که	که	که	-
149	ما	ما	ما	-
6	را	را	را	-
286	مار	مار	مار	-
279	گزیده	گزیده	گزیده	-
70	است	اس	#است	-
11	.	.	.	-
163	با	با	با	-
291	گویش	گو	گویش	-
292	خاصی	خاص	خاص	-
191	گفت	گف	گفت#گو	-
291	گویش	گو	گویش	-
6	را	را	را	-
296	بردار	بردار	بردار	-
11	.	.	.	-
163	با	با	با	-
253	آن	آن	آن	-
33	که	که	که	-
301	اتاق	اتاق	اتاق	-
302	سوت	سو	سوت	-
36	و	و	و	-
304	کور	کور	کور	-
210	بود	بود	بود#باش	-
306	باز	باز	باز	-
307	هم	ه	هم	-
308	صدایی	صدا	صدا	-
309	شنیده_نمی‌شد	شنیده_نمی‌شد	شنید#شنو	-
11	.	.	.	-
311	قدم	قد	قدم	-
311	قدم	قد	قدم	-
313	جلو	جلو	جلو	-
314	رفتم	رف	رفت#رو	-
36	و	و	و	-
311	قدم	قد	قدم	-
6	را	را	را	-
318	خم	خ	خم	-
273	کردم	کرد	کرد#کن	-
11	.	.	.	-
321	سرو	سرو	سرو	-
322	صورتش	صورت	صورت	-
6	را	را	را	-
324	سایه	سایه	سایه	-
229	انداخته_بود	انداخته_بود	انداخت#انداز	-
11	.	.	.	-
219	یک	یک	یک	-
328	ماهی	ماه	ماه	-
328	ماهی	ماه	ماه	-
330	چندین	چندین	چندین	-
331	لیتر	ل	لیتر	-
126	آب	آب	آب	-
333	می‌خورد	می‌خورد	خورد#خور	-
11	.	.	.	-
335	سراسیمه	سراسیمه	سراسیمه	-
191	گفت	گف	گفت#گو	-
337	کی	ک	کی	-
338	برد	برد	برد	-
6	را	را	را	-
337	کی	ک	کی	-
338	برد	برد	برد	-
342	؟	؟	؟	-
20	به	به	به	-
213	پایان	پا	پایان	-
345	آمد	آمد	آمد#آ	-
73	این	این	این	-
347	دفتر	دف	دفتر	-
348	حکایت	حکا	حکایت	-
349	همچنان	همچن	همچنان	-
350	باقیست	باقیس	باقیست	-
11	.	.	.	-
352	هرچه	هرچه	هرچه	-
0	در	در	در	-
354	سر	سر	سر	-
355	داشت	دا	داشت	-
6	را	را	را	-
20	به	به	به	-
358	کار	کار	کار	-
359	گرفت	گرف	گرفت#گیر	-
11	.	.	.	-
361	مادر	مادر	مادر	-
46	بی	ب	بی	-
96	تو	تو	تو	-
364	مادرمانده‌ایم	مادرمانده	مادرمانده‌ایم	-
11	.	.	.	-
163	با	با	با	-
115	هر	هر	هر	-
33	که	که	که	-
369	گشتم	گ	گشت#گرد	-
370	دیوانه	دیوانه	دیوانه	-
369	گشتم	گ	گشت#گرد	-
11	.	.	.	-
373	حالا	حالا	حالا	-
33	که	که	که	-
375	خوب	خوب	خوب	-
376	فکر	فکر	فکر	-
377	می‌کنم	می‌کن	کرد#کن	-
378	او	او	او	-
206	پر	پر	پر	-
46	بی	ب	بی	-
215	راه	راه	راه	-
382	نمی‌گفت	نمی‌گف	گفت#گو	-
11	.	.	.	-
163	با	با	با	-
385	تکان	تک	تکان	-
386	دادن	دادن	دادن	-
387	لب	لب	لب	-
387	لب	لب	لب	-
389	کلام	کلا	کلام	-
6	را	را	را	-
191	گفت	گف	گفت#گو	-
11	.	.	.	-
378	او	او	او	-
6	را	را	را	-
395	ضمیر	ضمیر	ضمیر	-
396	ناخود	ناخود	ناخود	-
397	آگاهش	آگاه	آگاه	-
397	آگاهش	آگاه	آگاه	-
147	کرد	کرد	کرد#کن	-
11	.	.	.	-
378	او	او	او	-
402	خودکار	خودکار	خودکار	-
402	خودکار	خودکار	خودکار	-
404	خودکارش	خودکار	خودکار	-
6	را	را	را	-
406	انجام	انجا	انجام	-
407	می‌داد	می‌داد	داد#ده	-
11	.	.	.	-
409	دزد	دزد	دزد	-
20	به	به	به	-
411	قصد	قصد	قصد	-
412	دست	دس	دست	-
338	برد	برد	برد	-
20	به	به	به	-
415	سمت	سم	سمت	-
416	کیف	کیف	کیف	-
412	دست	دس	دست	-
338	برد	برد	برد	-
11	.	.	.	-
420	روش	رو	روش	-
36	و	و	و	-
422	سنت	سن	سنت	-
423	اینجا	اینجا	اینجا	-
424	اینگونه	اینگونه	اینگونه	-
70	است	اس	#است	-
33	که	که	که	-
427	باید	باید	باید	-
422	سنت	سن	سنت	-
6	را	را	را	-
430	بگویی	بگو	گفت#گو	-
11	.	.	.	-
432	شاهی	شاه	شاه	-
6	را	را	را	-
434	دیدم	دید	دید#بین	-
33	که	که	که	-
436	حتی	حت	حتی	-
219	یک	یک	یک	-
432	شاهی	شاه	شاه	-
439	راهم	راه	راه	-
440	هدیه	هدیه	هدیه	-
441	نمی‌داد	نمی‌داد	داد#ده	-
11	.	.	.	-
439	راهم	راه	راه	-
439	راهم	راه	راه	-
445	بستند	بستند	بست#بند	-
11	.	.	.	-
447	تشکر	تشکر	تشکر	-
448	زبانی	زبان	زبان	-
448	زبانی	زبان	زبان	-
73	این	این	این	-
451	مجلس	مجلس	مجلس	-
452	کافی	کاف	کافی	-
453	نیست	نیس	نیست	-
11	.	.	.	-
455	نقاش	نقا	نقاش	-
456	بعد	بعد	بعد	-
25	از	از	از	-
458	اینکه	اینکه	اینکه	-
219	یک	یک	یک	-
412	دست	دس	دست	-
461	کشید	کشید	کشید#کش	-
25	از	از	از	-
463	کارش	کار	کار	-
412	دست	دس	دست	-
461	کشید	کشید	کشید#کش	-
11	.	.	.	-
467	معلم	معل	معلم	-
0	در	در	در	-
469	کلاس	کلاس	کلاس	-
470	زیست	زیس	زیست	-
46	بی	ب	بی	-
241	هوا	هوا	هوا	-
191	گفت	گف	گفت#گو	-
46	بی	ب	بی	-
241	هوا	هوا	هوا	-
476	نمی‌توان	نمی‌تو	نمی‌توان	-
470	زیست	زیس	زیست	-
11	.	.	.	-
479	تحقیقات	تحقیق	تحقیقات	-
480	سری	سر	سری	-
13	خاطر	خاطر	خاطر	-
482	نشان	ن	نشان	-
483	کرده‌اند	کرده‌اند	کرد#کن	-
33	که	که	که	-
485	موهای	مو	مو	-
486	کمند	کمند	کمند	-
486	کمند	کمند	کمند	-
11	.	.	.	-
286	مار	مار	مار	-
490	سمی	سم	سم	-
491	سمش	سم	سم	-
490	سمی	سم	سم	-
493	کشنده	کشنده	کشنده	-
70	است	اس	#است	-
11	.	.	.	-
496	گوسفند	گوسفند	گوسفند	-
491	سمش	سم	سم	-
6	را	را	را	-
20	به	به	به	-
500	زمین	زمین	زمین	-
501	کوبید	کوبید	کوبید	-
11	.	.	.	-
503	باد	باد	باد	-
504	ابرها	ابر	ابر	-
6	را	را	را	-
506	پراکنده	پراکنده	پراکنده	-
507	ساخت	ساخ	ساخت	-
11	.	.	.	-
509	ابرابری	ابرابر	ابرابری	-
0	در	در	در	-
511	آسمان	آس	آسمان	-
324	سایه	سایه	سایه	-
513	گسترانید	گسترانید	گسترانید	-
11	.	.	.	-
163	با	با	با	-
516	بارش	بار	بارش	-
517	باران	بار	باران	-
378	او	او	او	-
307	هم	ه	هم	-
520	کما	کما	کما	-
521	بیش‌تر	بیش	بیش	-
29	شد	شد	شد#شو	-
11	.	.	.	-
0	در	در	در	-
525	انتهای	انت	انتهای	-
526	مسابقه	مسابقه	مسابقه	-
527	مهره	مهره	مهره	-
511	آسمان	آس	آسمان	-
6	را	را	را	-
530	رو	رو	رو	-
531	کردیم	کرد	کرد#کن	-
11	.	.	.	-
378	او	او	او	-
97	خود	خود	خود	-
6	را	را	را	-
536	سیر	سیر	سیر	-
147	کرد	کرد	کرد#کن	-
36	و	و	و	-
0	در	در	در	-
540	اطراف	اطراف	اطراف	-
536	سیر	سیر	سیر	-
147	کرد	کرد	کرد#کن	-
11	.	.	.	-
544	ادب	ادب	ادب	-
545	آداب	آداب	آداب	-
179	دارد	دارد	داشت#دار	-
11	.	.	.	-
163	با	با	با	-
549	دیدن	دیدن	دیدن	-
550	صحنه	صحنه	صحنه	-
551	دهانش	دهان	دهان	-
306	باز	باز	باز	-
553	ماند	ماند	ماند#مان	-
43	چرا	چرا	چرا	-
33	که	که	که	-
556	بزرگش	بزرگ	بزرگ	-
6	را	را	را	-
558	زد	زد	زد#زن	-
11	.	.	.	-
560	خیزید	خیزید	خیزید	-
36	و	و	و	-
562	خز	خز	خز	-
563	آرید	آرید	آرید	-
33	که	که	که	-
565	هنگام	هنگا	هنگام	-
566	خزان	خز	خزان	-
70	است	اس	#است	-
503	باد	باد	باد	-
569	خنک	خنک	خنک	-
25	از	از	از	-
571	جانب	جانب	جانب	-
572	خوارزم	خوارز	خوارزم	-
573	وزان	وز	وزان	-
70	است	اس	#است	-
11	.	.	.	-
576	نیایش	نیا	نیایش	-
20	به	به	به	-
578	همراه	همراه	همراه	-
576	نیایش	نیا	نیایش	-
0	در	در	در	-
581	مراسم	مراس	مراسم	-
582	شرکت	شرک	شرکت	-
147	کرد	کرد	کرد#کن	-
11	.	.	.	-
585	آرایشگر	آرایشگر	آرایشگر	-
191	گفت	گف	گفت#گو	-
587	تنها	تن	تنها	-
588	فرق	فرق	فرق	-
354	سر	سر	سر	-
378	او	او	او	-
163	با	با	با	-
261	من	من	من	-
0	در	در	در	-
594	داشتن	داشتن	داشتن	-
588	فرق	فرق	فرق	-
354	سر	سر	سر	-
70	است	اس	#است	-
11	.	.	.	-
599	کاچی	کاچ	کاچی	-
20	به	به	به	-
25	از	از	از	-
602	هیچی	هیچ	هیچ	-
11	.	.	.	-
604	تاکسی	تاکس	تاکسی	-
604	تاکسی	تاکس	تاکسی	-
604	تاکسی	تاکس	تاکسی	-
607	نخواست	نخواس	خواست#خواه	-
608	نایست	نایس	ایستاد#ایست	-
11	.	.	.	-
378	او	او	او	-
611	بروروی	برورو	بروروی	-
612	زیبایی	زیبا	زیبایی	-
355	داشت	دا	داشت	-
11	.	.	.	-
615	وندادم	ونداد	وندادم	-
0	در	در	در	-
617	راهی	راه	راه	-
210	بود	بود	بود#باش	-
11	.	.	.	-
620	لبو	لبو	لبو	-
621	دهنش	دهن	دهنش	-
6	را	را	را	-
623	سرخ	سرخ	سرخ	-
147	کرد	کرد	کرد#کن	-
11	.	.	.	-
626	سرما	سرما	سرما	-
627	سرمایی	سرما	سرما	-
33	که	که	که	-
629	بالای	بالا	بالا	-
626	سرما	سرما	سرما	-
210	بود	بود	بود#باش	-
6	را	را	را	-
170	سرد	سرد	سرد	-
147	کرد	کرد	کرد#کن	-
11	.	.	.	-
626	سرما	سرما	سرما	-
626	سرما	سرما	سرما	-
6	را	را	را	-
354	سر	سر	سر	-
147	کرد	کرد	کرد#کن	-
11	.	.	.	-
642	سردردش	سردرد	سردرد	-
378	او	او	او	-
20	به	به	به	-
645	دردسر	دردسر	دردسر	-
646	انداخت	انداخ	انداخت#انداز	-
11	.	.	.	-
648	زهرروی	زهررو	زهرروی	-
358	کار	کار	کار	-
378	او	او	او	-
651	نادرست	نادرس	نادرست	-
210	بود	بود	بود#باش	-
11	.	.	.	-
378	او	او	او	-
25	از	از	از	-
656	سرکه	سرکه	سرکه	-
657	هیچ	هیچ	هیچ	-
658	شانسی	شانس	شانس	-
659	نیاورد	نیاورد	آورد#آور	-
11	.	.	.	-
661	میزبان	میزب	میزبان	-
191	گفت	گف	گفت#گو	-
663	قدمتان	قدم	قدم	-
664	میمون	میمون	میمون	-
36	و	و	و	-
666	مبارک	مبارک	مبارک	-
667	پی	پ	پی	-
70	است	اس	#است	-
11	.	.	.	-
378	او	او	او	-
671	لکنت	لکن	لکنت	-
672	شدیدی	شدید	شدید	-
355	داشت	دا	داشت	-
36	و	و	و	-
675	همیشه	همیشه	همیشه	-
261	من	من	من	-
36	و	و	و	-
261	من	من	من	-
50	می‌کرد	می‌کرد	کرد#کن	-
36	و	و	و	-
20	به	به	به	-
682	تت	ت	تت	-
36	و	و	و	-
684	پت	پ	پت	-
685	می‌افتاد	می‌افتاد	افتاد#افت	-
11	.	.	.	-
687	چونین	چونین	چونین	-
210	بود	بود	بود#باش	-
33	که	که	که	-
690	دیگر	دیگر	دیگر	-
691	کسی	کس	کس	-
692	احترامش	احترام	احترام	-
693	نمی‌کرد	نمی‌کرد	کرد#کن	-
11	.	.	.	-
378	او	او	او	-
696	مشتاق	مشتاق	مشتاق	-
191	گفت	گف	گفت#گو	-
36	و	و	و	-
699	شنود	شنود	شنود	-
700	بین	بین	بین	-
149	ما	ما	ما	-
210	بود	بود	بود#باش	-
11	.	.	.	-
704	روان	رو	روان	-
705	شناس	شناس	شناس	-
706	علت	عل	علت	-
707	خواب	خواب	خواب	-
708	گفت‌های	گفت	گفت‌های	-
709	شبانه	شبانه	شبانه	-
378	او	او	او	-
6	را	را	را	-
712	کشف	کشف	کشف	-
147	کرد	کرد	کرد#کن	-
11	.	.	.	-
715	شعبه	شعبه	شعبه	-
306	باز	باز	باز	-
163	با	با	با	-
718	سیاه	سیاه	سیاه	-
719	بازی	باز	بازی	-
292	خاصی	خاص	خاص	-
721	تمام	تما	تمام	-
722	حاضران	حاضر	حاضر	-
6	را	را	را	-
724	فریب	فریب	فریب	-
725	داد	داد	داد	-
11	.	.	.	-
322	صورتش	صورت	صورت	-
0	در	در	در	-
729	تاریکی	تاریک	تاریکی	-
718	سیاه	سیاه	سیاه	-
36	و	و	و	-
732	اغبر	اغبر	اغبر	-
733	دیده_می‌شد	دیده_می‌شد	دید#بین	-
11	.	.	.	-
253	آن	آن	آن	-
736	قدر	قدر	قدر	-
737	تلاش	تلا	تلاش	-
147	کرد	کرد	کرد#کن	-
47	تا	تا	تا	-
740	دوستش	دوست	دوست	-
741	ترش	تر	ترش	-
23	رویش	رو	رویش	-
743	بالاخره	بالاخره	بالاخره	-
20	به	به	به	-
745	خنده	خنده	خنده	-
746	افتاد	افتاد	افتاد#افت	-
11	.	.	.	-
261	من	من	من	-
749	چو	چو	چو	-
387	لب	لب	لب	-
751	ژاله	ژاله	ژاله	-
752	شدم	شد	شد#شو	-
745	خنده	خنده	خنده	-
754	ناک	ناک	ناک	-
755	،	،	،	-
756	جامه	جامه	جامه	-
20	به	به	به	-
758	صد	صد	صد	-
759	جای	جا	جای	-
749	چو	چو	چو	-
761	گل	گل	گل	-
762	کرده	کرده	کرده	-
763	چاک	چاک	چاک	-
11	.	.	.	-
765	لشکر	لشکر	لشکر	-
766	دشمن	دشمن	دشمن	-
149	ما	ما	ما	-
6	را	را	را	-
20	به	به	به	-
770	انهزام	انهزا	انهزام	-
771	واداشت	وادا	واداشت	-
11	.	.	.	-
25	از	از	از	-
774	وقتی	وقت	وقت	-
33	که	که	که	-
378	او	او	او	-
6	را	را	را	-
778	دید	دید	دید	-
779	شیدا	شیدا	شیدا	-
29	شد	شد	شد#شو	-
11	.	.	.	-
691	کسی	کس	کس	-
783	کاندر	کاندر	کاندر	-
126	آب	آب	آب	-
70	است	اس	#است	-
36	و	و	و	-
126	آب	آب	آب	-
788	آشناست	آشناس	آشناست	-
25	از	از	از	-
126	آب	آب	آب	-
791	ار	ار	ار	-
749	چو	چو	چو	-
793	آتش	آت	آتش	-
794	بترسد	بترسد	ترسید#ترس	-
795	رواست	رواس	رواست	-
11	.	.	.	-
126	آب	آب	آب	-
798	دریا	دریا	دریا	-
799	شور	شور	شور	-
210	بود	بود	بود#باش	-
36	و	و	و	-
378	او	او	او	-
803	ناچار	ناچار	ناچار	-
29	شد	شد	شد#شو	-
253	آن	آن	آن	-
6	را	را	را	-
807	بجوشاند	بجوشاند	بجوشاند	-
47	تا	تا	تا	-
126	آب	آب	آب	-
810	مقطر	مقطر	مقطر	-
198	درست	درس	درست	-
812	کند	کند	کند	-
11	.	.	.	-
814	پدرش	پدر	پدر	-
815	برایش	برا	برایش	-
816	آستین	آستین	آستین	-
817	بالا	بالا	بالا	-
558	زد	زد	زد#زن	-
11	.	.	.	-
581	مراسم	مراس	مراسم	-
821	جشن	جشن	جشن	-
822	درسالن	درسالن	درسالن	-
823	آمفی	آمف	آمفی	-
824	تاتر	تا	تا	-
825	دانشکده	دانشکده	دانشکده	-
826	برگزار	برگزار	برگزار	-
29	شد	شد	شد#شو	-
11	.	.	.	-
829	بالاخانه‌ها	بالاخانه	بالاخانه	-
6	را	را	را	-
831	معمولا	معمولا	معمولا	-
155	برای	برا	برای	-
833	دراویش	دراو	دراویش	-
36	و	و	و	-
835	پیرمرادها	پیرمراد	پیرمراد	-
36	و	و	و	-
837	بصورت	بصور	بصورت	-
838	نذر	نذر	نذر	-
839	جهت	جه	جهت	-
840	فقرا	فقرا	فقرا	-
36	و	و	و	-
842	مانند	مانند	مانند	-
253	آن	آن	آن	-
844	می‌ساختند	می‌ساختند	ساخت#ساز	-
11	.	.	.	-
706	علت	عل	علت	-
73	این	این	این	-
848	همه	همه	همه	-
849	پا	پا	پا	-
20	به	به	به	-
849	پا	پا	پا	-
852	کردنش	کردن	کردن	-
6	را	را	را	-
854	نفهمیدم	نفهمید	فهمید#فهم	-
11	.	.	.	-
378	او	او	او	-
149	ما	ما	ما	-
6	را	را	را	-
849	پا	پا	پا	-
0	در	در	در	-
241	هوا	هوا	هوا	-
862	رها	ر	رها	-
147	کرد	کرد	کرد#کن	-
36	و	و	و	-
41	رفت	رف	رفت#رو	-
11	.	.	.	-
867	ماجراجوئی	ماجراجوئ	ماجراجوئی	-
36	و	و	و	-
869	پرشروشور	پرشروشور	پرشروشور	-
870	بودن	بودن	بودن	-
871	کوری	کور	کور	-
872	مقابل	مقابل	مقابل	-
873	آرامش	آرام	آرامش	-
36	و	و	و	-
875	خونسردی	خونسرد	خونسرد	-
876	پل	پل	پل	-
877	(	(	(	-
33	که	که	که	-
879	وکیل	وکیل	وکیل	-
880	دعاوی	دعاو	دعاوی	-
881	تازه‌کار	تازه‌کار	تازه‌کار	-
70	است	اس	#است	-
883	)	)	)	-
755	،	،	،	-
20	به	به	به	-
578	همراه	همراه	همراه	-
887	شرایط	شرایط	شرایط	-
888	نامساعد	نامساعد	نامساعد	-
889	خانه	خانه	خانه	-
755	،	،	،	-
891	همسایه‌های	همسایه	همسایه	-
892	عجیب‌وغریب	عجیب‌وغریب	عجیب‌وغریب	-
36	و	و	و	-
894	به‌خصوص	به‌خصوص	به‌خصوص	-
755	،	،	،	-
20	به	به	به	-
897	دعوائی	دعوائ	دعوائی	-
898	سخت	سخ	سخت	-
36	و	و	و	-
900	رفتن	رفتن	رفتن	-
901	شوهر	شوهر	شوهر	-
25	از	از	از	-
889	خانه	خانه	خانه	-
904	منجر	منجر	منجر	-
905	می‌شود	می‌شود	شد#شو	-
11	.	.	.	-
907	پنجه	پنجه	پنجه	-
908	بوکس	بوکس	بوکس	-
909	یکی	یک	یک	-
25	از	از	از	-
911	انواع	انواع	انواع	-
912	سلاح‌های	سلاح	سلاح	-
170	سرد	سرد	سرد	-
70	است	اس	#است	-
33	که	که	که	-
25	از	از	از	-
253	آن	آن	آن	-
0	در	در	در	-
919	نزاع‌های	نزاع	نزاع	-
920	خیابانی	خیابان	خیابان	-
921	استفاده	استفاده	استفاده	-
922	می‌کنند	می‌کنند	کرد#کن	-
11	.	.	.	-
924	تب	تب	تب	-
925	زرد	زرد	زرد	-
926	نوعی	نوع	نوع	-
927	بیماری	بیمار	بیمار	-
924	تب	تب	تب	-
929	زاست	زاس	زاست	-
33	که	که	که	-
0	در	در	در	-
932	معده	معده	معده	-
36	و	و	و	-
934	امعا	امعا	امعا	-
935	تولید	تولید	تولید	-
936	عفونت	عفون	عفونت	-
18	می‌کند	می‌کند	کرد#کن	-
36	و	و	و	-
7	بر	بر	بر	-
940	اثر	اثر	اثر	-
941	گزیدگی	گزیدگ	گزیدگی	-
219	یک	یک	یک	-
943	نوع	نوع	نوع	-
944	پشه	پشه	پشه	-
0	در	در	در	-
946	انسان	انس	انسان	-
947	حادث	حادث	حادث	-
905	می‌شود	می‌شود	شد#شو	-
11	.	.	.	-
950	چگونه	چگونه	چگونه	-
70	است	اس	#است	-
33	که	که	که	-
358	کار	کار	کار	-
97	خود	خود	خود	-
6	را	را	را	-
956	جد	جد	جد	-
957	دانی	دان	دانست#دان	-
36	و	و	و	-
959	پساپیش	پساپ	پساپیش	-
960	کارهای	کار	کار	-
97	خود	خود	خود	-
6	را	را	را	-
963	نگاه	نگاه	نگاه	-
964	میداری	میدار	میداری	-
11	.	.	.	-
73	این	این	این	-
967	قوم	قو	قوم	-
456	بعد	بعد	بعد	-
25	از	از	از	-
970	کسری	کسر	کسر	-
36	و	و	و	-
972	پرویز	پرویز	پرویز	-
973	بوده‌اند	بوده‌اند	بود#باش	-
0	در	در	در	-
975	مدت	مد	مدت	-
212	چهار	چهار	چهار	-
977	سال	سال	سال	-
36	و	و	و	-
979	پنج	پنج	پنج	-
980	کمابیش	کماب	کمابیش	-
981	پادشاهی	پادشاه	پادشاه	-
483	کرده‌اند	کرده‌اند	کرد#کن	-
11	.	.	.	-
241	هوا	هوا	هوا	-
28	کم	ک	کم	-
28	کم	ک	کم	-
355	داشت	دا	داشت	-
988	گرگ	گرگ	گرگ	-
36	و	و	و	-
990	میش	م	میش	-
991	می‌شد	می‌شد	شد#شو	-
11	.	.	.	-
993	جنگ	جنگ	جنگ	-
994	زرگری	زرگر	زرگر	-
995	میانجی	میانج	میانجی	-
996	نخواهد_.	نخواهد_.	نخواهد_.	-
997	غارت	غار	غارت	-
998	جهان	جه	جهان	-
999	سوم	سو	سوم	-
1000	نام	نا	نام	-
219	یک	یک	یک	-
1002	کتاب	کتاب	کتاب	-
1003	ادبی	ادب	ادب	-
70	است	اس	#است	-
33	که	که	که	-
1006	توسط	توسط	توسط	-
1007	نویسنده	نویسنده	نویسنده	-
1008	اهل	اهل	اهل	-
1009	فرانسه	فرانسه	فرانسه	-
1010	نوشته_شده_است	نوشته_شده_اس	نوشت#نویس	-
11	.	.	.	-
1000	نام	نا	نام	-
690	دیگر	دیگر	دیگر	-
1014	خرچنگ	خرچنگ	خرچنگ	-
1015	چنگار	چنگار	چنگار	-
70	است	اس	#است	-
11	.	.	.	-
848	همه	همه	همه	-
1019	جا	جا	جا	-
749	چو	چو	چو	-
746	افتاد	افتاد	افتاد#افت	-
33	که	که	که	-
378	او	او	او	-
1024	نمی‌آید	نمی‌آید	آمد#آ	-
11	.	.	.	-
1026	خال	خال	خال	-
1027	بینی	بین	بینی	-
926	نوعی	نوع	نوع	-
25	از	از	از	-
1030	پیشگوییست	پیشگوییس	پیشگوییست	-
33	که	که	که	-
163	با	با	با	-
549	دیدن	دیدن	دیدن	-
1026	خال	خال	خال	-
1035	بدن	بدن	بدن	-
406	انجام	انجا	انجام	-
1037	می‌گیرد	می‌گیرد	گرفت#گیر	-
11	.	.	.	-
378	او	او	او	-
0	در	در	در	-
1041	جوانی	جوان	جوان	-
1042	بسیار	بسیار	بسیار	-
1043	خام	خا	خام	-
1044	رای	را	را	-
36	و	و	و	-
1043	خام	خا	خام	-
1047	عقل	عقل	عقل	-
210	بود	بود	بود#باش	-
11	.	.	.	-
0	در	در	در	-
1051	زمان	ز	زمان	-
1052	قدیم	قد	قدیم	-
1053	؛	؛	؛	-
1054	پادشاهان	پادشاه	پادشاه	-
20	به	به	به	-
1056	بهترین	به	بهترین	-
1057	زنشان	زن	زن	-
33	که	که	که	-
25	از	از	از	-
1060	لحاظ	لحاظ	لحاظ	-
1061	زیبارویی	زیبارو	زیبارو	-
36	و	و	و	-
1063	رهبری	رهبر	رهبر	-
25	از	از	از	-
1065	دیگران	دیگر	دیگر	-
755	،	،	،	-
1067	سرتر	سر	سر	-
36	و	و	و	-
1069	آس‌تر	آس	آس‌تر	-
210	بود	بود	بود#باش	-
1071	لقب	لقب	لقب	-
1072	خانم	خان	خانم	-
1073	خانما	خانما	خانما	-
6	را	را	را	-
1075	نسبت	نسب	نسبت	-
1076	می‌دادند	می‌دادند	داد#ده	-
11	.	.	.	-
1078	ادبا	ادبا	ادبا	-
0	در	در	در	-
1080	مجمع	مجمع	مجمع	-
1081	سازمان	ساز	سازمان	-
1082	ملل	ملل	ملل	-
1083	سخنرانی	سخنران	سخنران	-
1084	کردند	کردند	کرد#کن	-
11	.	.	.	-
20	به	به	به	-
1087	دستور	دستور	دستور	-
378	او	او	او	-
721	تمام	تما	تمام	-
1090	اسرا	اسرا	اسرا	-
6	را	را	را	-
25	از	از	از	-
1093	داخل	داخل	داخل	-
1094	خزائن	خزائن	خزائن	-
1095	آزاد	آزاد	آزاد	-
1084	کردند	کردند	کرد#کن	-
11	.	.	.	-
1098	استاد	استاد	استاد	-
1099	اسامی	اسام	اسامی	-
1100	دانشجویان	دانشجو	دانشجو	-
20	به	به	به	-
578	همراه	همراه	همراه	-
1103	آرا	آرا	آرا	-
1104	آن‌ها	آن	آن	-
6	را	را	را	-
185	خواند	خواند	خواند#خوان	-
11	.	.	.	-
1108	هنوز	هنوز	هنوز	-
307	هم	ه	هم	-
1110	علل	علل	علل	-
1111	بسیاری	بسیار	بسیار	-
25	از	از	از	-
1113	امراض	امراض	امراض	-
1114	ناشناخته	ناشناخته	ناشناخته	-
70	است	اس	#است	-
11	.	.	.	-
0	در	در	در	-
1118	رانندگی	رانندگ	رانندگی	-
427	باید	باید	باید	-
20	به	به	به	-
1121	علائم	علائ	علائم	-
1122	هشدار	هشدار	هشدار	-
1123	توجه	توجه	توجه	-
355	داشت	دا	داشت	-
11	.	.	.	-
1126	جزه	جزه	جزه	-
1127	درس	درس	درس	-
1128	پردازش	پرداز	پردازش	-
1129	زبان‌های	زبان	زبان	-
1130	طبیعیش	طبیع	طبیعیش	-
6	را	را	را	-
578	همراه	همراه	همراه	-
1133	نداشت	ندا	داشت#دار	-
11	.	.	.	-
163	با	با	با	-
253	آن	آن	آن	-
1137	ضربه	ضربه	ضربه	-
1138	دردم	درد	درد	-
1138	دردم	درد	درد	-
345	آمد	آمد	آمد#آ	-
11	.	.	.	-
1142	نوشته	نوشته	نوشته	-
1143	هایش		هایش	-
1144	درهم	دره	درهم	-
36	و	و	و	-
1146	برهم	بره	بره	-
210	بود	بود	بود#باش	-
11	.	.	.	-
378	او	او	او	-
25	از	از	از	-
1151	حمله	حمله	حمله	-
766	دشمن	دشمن	دشمن	-
1153	درامان	درا	درامان	-
553	ماند	ماند	ماند#مان	-
11	.	.	.	-
1156	کتابش	کتاب	کتاب	-
1157	دوصد	دوصد	دوصد	-
1158	صفحه	صفحه	صفحه	-
355	داشت	دا	داشت	-
11	.	.	.	-
740	دوستش	دوست	دوست	-
1042	بسیار	بسیار	بسیار	-
1163	نرم	نر	نرم	-
108	دل	دل	دل	-
36	و	و	و	-
1166	رقیق	رقیق	رقیق	-
1167	القلب	القلب	القلب	-
210	بود	بود	بود#باش	-
11	.	.	.	-
203	چوب	چوب	چوب	-
1171	نیاز	نیاز	نیاز	-
20	به	به	به	-
1173	رنده	رنده	رنده	-
36	و	و	و	-
1173	رنده	رنده	رنده	-
1176	کاری	کار	کاشت#کار	-
36	و	و	و	-
1173	رنده	رنده	رنده	-
1179	کردن	کردن	کردن	-
355	داشت	دا	داشت	-
11	.	.	.	-
1182	آهن	آهن	آهن	-
0	در	در	در	-
1184	مجاورت	مجاور	مجاورت	-
163	با	با	با	-
1186	اکسیژن	اکسیژن	اکسیژن	-
1187	شروع	شروع	شروع	-
20	به	به	به	-
1189	زنگ	زنگ	زنگ	-
1190	زدن	زدن	زدن	-
18	می‌کند	می‌کند	کرد#کن	-
11	.	.	.	-
1193	جرات	جر	جر	-
1133	نداشت	ندا	داشت#دار	-
280	حرفش	حرف	حرف	-
6	را	را	را	-
1197	رودررو	رودررو	رودررو	-
20	به	به	به	-
23	رویش	رو	رویش	-
1200	آورد	آورد	آورد#آور	-
11	.	.	.	-
378	او	او	او	-
6	را	را	را	-
1204	روانه	روانه	روانه	-
147	کرد	کرد	کرد#کن	-
47	تا	تا	تا	-
20	به	به	به	-
463	کارش	کار	کار	-
1209	برسد	برسد	رسید#رس	-
11	.	.	.	-
378	او	او	او	-
0	در	در	در	-
1213	بستر	بس	بستر	-
1214	افتاده_بود	افتاده_بود	افتاد#افت	-
36	و	و	و	-
1216	روبه	روبه	روبه	-
1217	مرگ	مرگ	مرگ	-
210	بود	بود	بود#باش	-
11	.	.	.	-
1220	کارهایش	کار	کار	-
1042	بسیار	بسیار	بسیار	-
1222	روح	روح	روح	-
1223	فرسا	فرسا	فرسا	-
36	و	و	و	-
1225	عذاب	عذاب	عذاب	-
1226	آور	آور	آور	-
210	بود	بود	بود#باش	-
11	.	.	.	-
