0	می‌اندیشم	می‌اند	اندیشید#اندیش	-
1	که	که	که	-
2	به	به	به	-
3	لطایف	لطایف	لطایف	-
4	حیل	حیل	حیل	-
5	و	و	و	-
6	بدایع	بدایع	بدایع	-
7	تمویهات	تمویه	تمویهات	-
8	گرد	گرد	گرد	-
9	این	این	این	-
10	غرض	غرض	غرض	-
11	درآیم	درآ	درآیم	-
12	و	و	و	-
13	به	به	به	-
14	هر	هر	هر	-
15	وجه	وجه	وجه	-
16	که	که	که	-
17	ممکن	ممکن	ممکن	-
18	گردد	گردد	گشت#گرد	-
19	بکوشم	بکو	کوشید#کوش	-
20	تا	تا	تا	-
21	او	او	او	-
22	را	را	را	-
23	درگردانم	درگردان	درگردانم	-
24	،	،	،	-
25	که	که	که	-
26	اهمال	اهمال	اهمال	-
27	و	و	و	-
28	تقصیر	تقصیر	تقصیر	-
29	را	را	را	-
30	در	در	در	-
31	مذهب	مذهب	مذهب	-
32	حمیت	حم	حمیت	-
33	رخصت	رخص	رخصت	-
34	نبینم	نبین	دید#بین	-
35	و	و	و	-
36	اگر	اگر	اگر	-
37	غفلتی	غفلت	غفلت	-
38	روا	روا	روا	-
39	دارم	دار	داشت#دار	-
40	به	به	به	-
41	نزدیک	نزدیک	نزدیک	-
42	اصحاب	اصحاب	اصحاب	-
43	مروت	مرو	مروت	-
44	معذور	معذور	معذور	-
45	نباشم	نبا	بود#باش	-
46	.	.	.	-

0	و	و	و	-
1	نیز	نیز	نیز	-
2	منزلتی	منزلت	منزلت	-
3	تو	تو	تو	-
4	نمی‌جویم	نمی‌جو	جست#جو	-
5	و	و	و	-
6	در	در	در	-
7	طلب	طلب	طلب	-
8	زیادتی	زیادت	زیادتی	-
9	قدم	قد	قدم	-
10	نمی‌گزارم	نمی‌گزار	گزارد#گزار	-
11	که	که	که	-
12	به	به	به	-
13	حرص	حرص	حرص	-
14	و	و	و	-
15	گرم‌شکمی	گرم‌شکم	گرم‌شکمی	-
16	منسوب	منسوب	منسوب	-
17	شوم	شو	شوم	-
18	.	.	.	-

0	و	و	و	-
1	شاید	شاید	شاید	-
2	بود	بود	بود#باش	-
3	که	که	که	-
4	چون	چون	چون	-
5	صورت	صور	صورت	-
6	حال	حال	حال	-
7	بشناخت	بشناخ	بشناخت	-
8	و	و	و	-
9	فضیحت	فضیح	فضیحت	-
10	خود	خود	خود	-
11	بدید	بدید	بدید	-
12	به	به	به	-
13	مکابره	مکابره	مکابره	-
14	در	در	در	-
15	آید	آید	آمد#آ	-
16	،	،	،	-
17	ساخته	ساخته	ساخته	-
18	و	و	و	-
19	بسیجیده	بسیجیده	بسیجیده	-
20	جنگ	جنگ	جنگ	-
21	آغازد	آغازد	آغازد	-
22	،	،	،	-
23	یا	یا	یا	-
24	مستعد	مستعد	مستعد	-
25	و	و	و	-
26	متشمر	متشمر	متشمر	-
27	روی	رو	روی	-
28	بگرداند	بگرداند	بگرداند	-
29	.	.	.	-

0	و	و	و	-
1	اصحاب	اصحاب	اصحاب	-
2	حزم	حز	حزم	-
3	گناه	گناه	گناه	-
4	ظاهر	ظاهر	ظاهر	-
5	را	را	را	-
6	عقوبت	عقوب	عقوبت	-
7	مستور	مستور	مستور	-
8	و	و	و	-
9	جرم	جر	جرم	-
10	مستور	مستور	مستور	-
11	را	را	را	-
12	عقوبت	عقوب	عقوبت	-
13	ظاهر	ظاهر	ظاهر	-
14	جایز	جایز	جایز	-
15	نشمرند	نشمرند	نشمرند	-
16	.	.	.	-

0	و	و	و	-
1	بباید	بباید	بباید	-
2	شناخت	شناخ	شناخت	-
3	که	که	که	-
4	عقوبت	عقوب	عقوبت	-
5	غادران	غادر	غادران	-
6	زود	زود	زود	-
7	نازل	نازل	نازل	-
8	گردد	گردد	گشت#گرد	-
9	،	،	،	-
10	و	و	و	-
11	سوگند	سوگند	سوگند	-
12	دروغ	دروغ	دروغ	-
13	قواعد	قواعد	قواعد	-
14	عمر	عمر	عمر	-
15	و	و	و	-
16	اساس	اساس	اساس	-
17	زندگانی	زندگان	زندگانی	-
18	زود	زود	زود	-
19	با	با	با	-
20	خلل	خلل	خلل	-
21	کند	کند	کند	-
22	،	،	،	-
23	و	و	و	-
24	زبان	زب	زبان	-
25	نبوت	نبو	نبوت	-
26	بدین	بدین	بدین	-
27	دقیقه	دقیقه	دقیقه	-
28	اشارت	اشار	اشارت	-
29	کند	کند	کند	-
30	.	.	.	-

0	آن	آن	آن	-
1	کس	کس	کس	-
2	که	که	که	-
3	به	به	به	-
4	تواضع	تواضع	تواضع	-
5	و	و	و	-
6	تضرع	تضرع	تضرع	-
7	مقدمات	مقد	مقدمات	-
8	آزار	آزار	آزار	-
9	فرو	فرو	فرو	-
10	نتواند	نتواند	توانست#توان	-
11	گذاشت	گذا	گذاشت#گذار	-
12	و	و	و	-
13	در	در	در	-
14	عفو	عفو	عفو	-
15	و	و	و	-
16	تجاوز	تجاوز	تجاوز	-
17	پیش‌دستی	پیش‌دست	پیش‌دستی	-
18	و	و	و	-
19	مبادرت	مبادر	مبادرت	-
20	نتواند	نتواند	توانست#توان	-
21	نمود	نمود	نمود	-
22	از	از	از	-
23	پیرایه	پیرایه	پیرایه	-
24	نیکونامی	نیکونام	نیکونامی	-
25	عاطل	عاطل	عاطل	-
26	گردد	گردد	گشت#گرد	-
27	و	و	و	-
28	در	در	در	-
29	پیش	پ	پیش	-
30	مردان	مرد	مرد	-
31	سرافگنده	سرافگنده	سرافگنده	-
32	ماند	ماند	ماند#مان	-
33	.	.	.	-

0	اینست	اینس	اینست	-
1	مثل	مثل	مثل	-
2	خردمند	خردمند	خردمند	-
3	روشن	روشن	روشن	-
4	رای	را	را	-
5	که	که	که	-
6	فرصت	فرص	فرصت	-
7	مصالحت	مصالح	مصالح	-
8	دشمن	دشمن	دشمن	-
9	به	به	به	-
10	وقت	وق	وقت	-
11	حاجت	حاج	حاجت	-
12	فایت	فا	فایت	-
13	نگرداند	نگرداند	نگرداند	-
14	و	و	و	-
15	پس	پس	پس	-
16	از	از	از	-
17	حصول	حصول	حصول	-
18	غرض	غرض	غرض	-
19	از	از	از	-
20	مراعات	مراع	مراعات	-
21	جانب	جانب	جانب	-
22	حزم	حز	حزم	-
23	و	و	و	-
24	احتیاط	احتیاط	احتیاط	-
25	غافل	غافل	غافل	-
26	نباشد	نباشد	بود#باش	-
27	.	.	.	-

0	سبحان‌الله	سبحان‌الله	سبحان‌الله	-
1	!	!	!	-
2	موشی	موش	موش	-
3	با	با	با	-
4	ضعف	ضعف	ضعف	-
5	و	و	و	-
6	عجز	عجز	عجز	-
7	خویش	خو	خویش	-
8	چون	چون	چون	-
9	آفات	آف	آفات	-
10	بدو	بدو	دوید#دو	-
11	محیط	محیط	محیط	-
12	گشت	گ	گشت	-
13	و	و	و	-
14	دشمنان	دشمن	دشمن	-
15	غالب	غالب	غالب	-
16	گرد	گرد	گرد	-
17	او	او	او	-
18	درآمدند	درآمدند	درآمدند	-
19	دل	دل	دل	-
20	از	از	از	-
21	جای	جا	جای	-
22	نبرد	نبرد	نبرد	-
23	و	و	و	-
24	به	به	به	-
25	دقایق	دقایق	دقایق	-
26	مخادعت	مخادع	مخادعت	-
27	یکی	یک	یک	-
28	را	را	را	-
29	از	از	از	-
30	ایشان	ا	ایشان	-
31	در	در	در	-
32	دام	دا	دام	-
33	موافقت	موافق	موافقت	-
34	کشید	کشید	کشید#کش	-
35	،	،	،	-
36	تا	تا	تا	-
37	بدان	بد	بدان	-
38	وثیقت	وثیق	وثیق	-
39	و	و	و	-
40	وسیلت	وسیل	وسیلت	-
41	محنت	محن	محنت	-
42	از	از	از	-
43	وی	و	وی	-
44	دور	دور	دور	-
45	گشت	گ	گشت	-
46	،	،	،	-
47	و	و	و	-
48	از	از	از	-
49	عهده	عهده	عهده	-
50	عهد	عهد	عهد	-
51	دشمن	دشمن	دشمن	-
52	به	به	به	-
53	وقت	وق	وقت	-
54	بیرون	بیرون	بیرون	-
55	آمد	آمد	آمد#آ	-
56	،	،	،	-
57	و	و	و	-
58	پس	پس	پس	-
59	از	از	از	-
60	ادراک	ادراک	ادراک	-
61	نهمت	نهم	نهم	-
62	در	در	در	-
63	تصون	تصون	تصون	-
64	ذات	ذ	ذات	-
65	ابواب	ابواب	ابواب	-
66	تیقظ	تیقظ	تیقظ	-
67	به	به	به	-
68	جای	جا	جای	-
69	آورد	آورد	آورد#آور	-
70	.	.	.	-

0	اگر	اگر	اگر	-
1	اصحاب	اصحاب	اصحاب	-
2	خرد	خرد	خرد	-
3	و	و	و	-
4	کیاست	کیاس	کیاست	-
5	و	و	و	-
6	ذکا	ذکا	ذکا	-
7	و	و	و	-
8	فطنت	فطن	فطنت	-
9	این	این	این	-
10	تجارب	تجارب	تجارب	-
11	را	را	را	-
12	نمودار	نمودار	نمودار	-
13	عزایم	عزا	عزایم	-
14	خویش	خو	خویش	-
15	گردانند	گردانند	گردانند	-
16	و	و	و	-
17	در	در	در	-
18	تقدیم	تقد	تقدیم	-
19	مهمات	مه	مهمات	-
20	این	این	این	-
21	بشارت	بشار	بشارت	-
22	را	را	را	-
23	امام	اما	امام	-
24	سازند	سازند	ساخت#ساز	-
25	فواتح	فواتح	فواتح	-
26	و	و	و	-
27	خواتم	خوا	خواتم	-
28	کارهای	کار	کار	-
29	ایشان	ا	ایشان	-
30	به	به	به	-
31	مزید	مزید	مزید	-
32	دوستکامی	دوستکام	دوستکامی	-
33	و	و	و	-
34	غبط	غبط	غبط	-
35	مقرون	مقرون	مقرون	-
36	باشد	باشد	بود#باش	-
37	و	و	و	-
38	سعادت	سعاد	سعادت	-
39	عاجل	عاجل	عاجل	-
40	و	و	و	-
41	آجل	آجل	آجل	-
42	به	به	به	-
43	روزگار	روزگار	روزگار	-
44	ایشان	ا	ایشان	-
45	متصل	متصل	متصل	-
46	گردد	گردد	گشت#گرد	-
47	،	،	،	-
48	والله	والله	والله	-
49	ولی	ول	ولی	-
50	التوفیق	التوفیق	التوفیق	-
51	.	.	.	-

0	آنکه	آنکه	آنکه	-
1	کشیشان	کش	کش	-
2	و	و	و	-
3	رهبانان	رهبان	رهبان	-
4	و	و	و	-
5	ملکان	ملک	ملک	-
6	و	و	و	-
7	ریش‌سفیدان	ریش‌سفید	ریش‌سفید	-
8	و	و	و	-
9	کدخدایان	کدخدا	کدخدا	-
10	و	و	و	-
11	رعایای	رعایا	رعایا	-
12	ارامنه	ارامنه	ارامنه	-
13	ساکنین	ساکنین	ساکنین	-
14	دارالسلطنه	دارالسلطنه	دارالسلطنه	-
15	اصفهان	اصفه	اصفهان	-
16	بعنایت	بعنا	بعنایت	-
17	بیغایت	بیغا	بیغایت	-
18	شاهانه	شاهانه	شاهانه	-
19	و	و	و	-
20	شفقت	شفق	شفقت	-
21	و	و	و	-
22	مرحمت	مرحم	مرحمت	-
23	بینهایت	بین	بین	-
24	پادشاهانه	پادشاهانه	پادشاهانه	-
25	مفتخر	مفتخر	مفتخر	-
26	و	و	و	-
27	سرافراز	سرافراز	سرافراز	-
28	و	و	و	-
29	مستظهر	مستظهر	مستظهر	-
30	و	و	و	-
31	امیدوار	امیدوار	امیدوار	-
32	بوده	بوده	بوده	-
33	بدانند	بدانند	دانست#دان	-
34	که	که	که	-
35	چون	چون	چون	-
36	میانه	میانه	میانه	-
37	نواب	نواب	نواب	-
38	کامیاب	کامیاب	کامیاب	-
39	همایون	همایون	همایون	-
40	و	و	و	-
41	حضرات	حضر	حضرات	-
42	سلاطین	سلاطین	سلاطین	-
43	رفیع‌الشأن	رفیع‌الشأن	رفیع‌الشأن	-
44	مسیحیه	مسیحیه	مسیحیه	-
45	خصوصا	خصوصا	خصوصا	-
46	سلطنت	سلطن	سلطنت	-
47	و	و	و	-
48	شوکت	شوک	شوکت	-
49	پناهی	پناه	پناهی	-
50	قدرة	قدرة	قدرة	-
51	السلاطین	السلاطین	السلاطین	-
52	العیسویه	العیسویه	العیسویه	-
53	کمال	کمال	کمال	-
54	محبت	محب	محبت	-
55	و	و	و	-
56	دوستی	دوست	دوست	-
57	است	اس	#است	-
58	و	و	و	-
59	در	در	در	-
60	میانه	میانه	میانه	-
61	ما	ما	ما	-
62	و	و	و	-
63	طوایف	طوایف	طوایف	-
64	مسیحیه	مسیحیه	مسیحیه	-
65	یکانکی	یکانک	یکانکی	-
66	است	اس	#است	-
67	و	و	و	-
68	اصلا	اصلا	اصلا	-
69	جدایی	جدا	جدایی	-
70	نیست	نیس	نیست	-
71	و	و	و	-
72	توجه	توجه	توجه	-
73	خاطر	خاطر	خاطر	-
74	اشرف	اشرف	اشرف	-
75	به	به	به	-
76	آن	آن	آن	-
77	متعلق	متعلق	متعلق	-
78	است	اس	#است	-
79	که	که	که	-
80	همیشه	همیشه	همیشه	-
81	طوایف	طوایف	طوایف	-
82	مسیحیه	مسیحیه	مسیحیه	-
83	از	از	از	-
84	اطراف	اطراف	اطراف	-
85	و	و	و	-
86	جوانب	جوانب	جوانب	-
87	بدین	بدین	بدین	-
88	دیار	دیار	دیار	-
89	آمد	آمد	آمد#آ	-
90	و	و	و	-
91	شد	شد	شد#شو	-
92	نمایند	نمایند	نمود#نما	-
93	.	.	.	-

0	و	و	و	-
1	حال	حال	حال	-
2	آنکه	آنکه	آنکه	-
3	آن	آن	آن	-
4	کودک	کودک	کودک	-
5	دیگر	دیگر	دیگر	-
6	مردی	مرد	مردی	-
7	شده_است	شده_اس	شد#شو	-
8	یا	یا	یا	-
9	زنی	زن	زنی	-
10	؛	؛	؛	-
11	و	و	و	-
12	زیباست	زیباس	زیباست	-
13	و	و	و	-
14	برومند	برومند	برومند	-
15	؛	؛	؛	-
16	و	و	و	-
17	لابد	لابد	لابد	-
18	شوهری	شوهر	شوهر	-
19	می‌خواهد	می‌خواهد	خواست#خواه	-
20	یا	یا	یا	-
21	زنی	زن	زنی	-
22	؛	؛	؛	-
23	و	و	و	-
24	لابد	لابد	لابد	-
25	بچه‌ای	بچه	بچه	-
26	خواهد_داشت	خواهد_دا	داشت#دار	-
27	و…	و…	و…	-
28	این	این	این	-
29	جوری	جور	جور	-
30	بود	بود	بود#باش	-
31	که	که	که	-
32	فریادم	فریاد	فریاد	-
33	از	از	از	-
34	درون	درون	درون	-
35	برخاست	برخاس	برخاست	-
36	که	که	که	-
37	مگر	مگر	مگر	-
38	دوام	دوا	دوام	-
39	خلقت	خلق	خلقت	-
40	بر	بر	بر	-
41	زمینهٔ	زمینه	زمینه	-
42	لق	لق	لق	-
43	حسرت‌های	حسرت	حسرت	-
44	تو	تو	تو	-
45	است	اس	#است	-
46	احمق	احمق	احمق	-
47	؟	؟	؟	-
48	خیال	خیال	خیال	-
49	کرده‌ای	کرده	کرد#کن	-
50	!	!	!	-
51	و	و	و	-
52	اصلا	اصلا	اصلا	-
53	ببینم	ببین	ببینم	-
54	–	–	–	-
55	مگر	مگر	مگر	-
56	کدام	کدا	کدام	-
57	یک	یک	یک	-
58	از	از	از	-
59	بچه‌های	بچه	بچه	-
60	سر	سر	سر	-
61	راهی	راه	راه	-
62	و	و	و	-
63	یتیم	یت	یتیم	-
64	خانه‌ای	خانه	خانه	-
65	و	و	و	-
66	پرورشگاهی	پرورشگاه	پرورشگاه	-
67	به	به	به	-
68	دم	د	دم	-
69	روح	روح	روح	-
70	القدس	القدس	القدس	-
71	در	در	در	-
72	مشیمهٔ	مشیمه	مشیمهٔ	-
73	مادرشان	مادر	مادر	-
74	قرار	قرار	قرار	-
75	گرفته‌اند	گرفته‌اند	گرفت#گیر	-
76	؟	؟	؟	-
77	و	و	و	-
78	مگر	مگر	مگر	-
79	چه	چه	چه	-
80	فرقی	فرق	فرق	-
81	هست	هس	#هست	-
82	میان	م	میان	-
83	یک	یک	یک	-
84	پسر	پسر	پسر	-
85	کاکل‌زری	کاکل‌زر	کاکل‌زری	-
86	فلان	فل	فلان	-
87	شازده	شازده	شازده	-
88	با	با	با	-
89	بچهٔ	بچه	بچه	-
90	فلان	فل	فلان	-
91	میراب	میراب	میراب	-
92	که	که	که	-
93	چون	چون	چون	-
94	برای	برا	برای	-
95	بخور	بخور	خورد#خور	-
96	و	و	و	-
97	نمیر	نمیر	مرد#میر	-
98	خودش	خود	خودش	-
99	درمانده	درمانده	درمانده	-
100	بوده	بوده	بوده	-
101	فرزندش	فرزند	فرزند	-
102	را	را	را	-
103	سر	سر	سر	-
104	راه	راه	راه	-
105	گذاشته	گذاشته	گذاشته	-
106	؟	؟	؟	-
107	کارت	کار	کارت	-
108	به	به	به	-
109	کارت	کار	کارت	-
110	کردن	کردن	کردن	-
111	.	.	.	-

0	در	در	در	-
1	اصل	اصل	اصل	-
2	به	به	به	-
3	معنی	معن	معنی	-
4	انتقال	انتقال	انتقال	-
5	وجه	وجه	وجه	-
6	بین	بین	بین	-
7	کارت‌های	کارت	کارت	-
8	بانکی	بانک	بانک	-
9	عضو	عضو	عضو	-
10	شتاب	شتاب	شتاب	-
11	است	اس	#است	-
12	.	.	.	-

0	اما	اما	اما	-
1	در	در	در	-
2	اصطلاح	اصطلاح	اصطلاح	-
3	به	به	به	-
4	عنوان	عنو	عنوان	-
5	رشوه	رشوه	رشوه	-
6	دادن	دادن	دادن	-
7	تلقی	تلق	تلقی	-
8	میشود	میشود	میشود	-
9	.	.	.	-

0	داوری	داور	داور	-
1	بازی	باز	بازی	-
2	فوتبال	فوتبال	فوتبال	-
3	دیشبو	دیشبو	دیشبو	-
4	دیدی	دید	دید#بین	-
5	؟	؟	؟	-
6	آره	آره	آره	-
7	بابا	بابا	بابا	-
8	تابلو	تابلو	تابلو	-
9	بود	بود	بود#باش	-
10	واسه	واسه	واسه	-
11	داوره	داوره	داوره	-
12	کارت	کار	کارت	-
13	به	به	به	-
14	کارت	کار	کارت	-
15	کردن	کردن	کردن	-
16	.	.	.	-

0	میگن	میگن	میگن	-
1	مایکروسافت	مایکروساف	مایکروسافت	-
2	واسه	واسه	واسه	-
3	سایت	سا	سایت	-
4	IGN	IGN	IGN	-
5	کارت	کار	کارت	-
6	به	به	به	-
7	کارت	کار	کارت	-
8	کرده	کرده	کرده	-
9	تا	تا	تا	-
10	امتیاز	امتیاز	امتیاز	-
11	بالایی	بالا	بالا	-
12	به	به	به	-
13	بازی	باز	بازی	-
14	Halo	Halo	Halo	-
15	بده	بده	داد#ده	-
16	.	.	.	-

0	مارال	مارال	مارال	-
1	:	:	:	-
2	بچه‌ها	بچه	بچه	-
3	امروز	امروز	امروز	-
4	تولد	تولد	تولد	-
5	بهنازه	بهنازه	بهنازه	-
6	،	،	،	-
7	دورهمی	دورهم	دورهم	-
8	داریم	دار	داشت#دار	-
9	.	.	.	-

0	حدیثه	حدیثه	حدیثه	-
1	:	:	:	-
2	آج	آج	آج	-
3	جون	جون	جون	-
4	،	،	،	-
5	دورهمی	دورهم	دورهم	-
6	!	!	!	-
7	مارال	مارال	مارال	-
8	:	:	:	-
9	علی	عل	علی	-
10	کجاست	کجاس	کجاست	-
11	؟	؟	؟	-
12	کک	کک	کک	-
13	به	به	به	-
14	تنبونمون	تنبونمون	تنبونمون	-
15	انداخت	انداخ	انداخت#انداز	-
16	و	و	و	-
17	رفت	رف	رفت#رو	-
18	!	!	!	-
19	حدیثه	حدیثه	حدیثه	-
20	:	:	:	-
21	خیلی	خیل	خیلی	-
22	ریلکسه	ریلکسه	ریلکسه	-
23	!	!	!	-
24	الان	ال	الان	-
25	قلپ	قلپ	قلپ	-
26	دوم	دو	دوم	-
27	چاییشه	چاییشه	چاییشه	-
28	!	!	!	-
29	مارال	مارال	مارال	-
30	:	:	:	-
31	تصویرسازیت	تصویرساز	تصویرساز	-
32	تو	تو	تو	-
33	حلقم	حلق	حلق	-
34	.	.	.	-

0	مرضا	مرضا	مرضا	-
1	کجاست	کجاس	کجاست	-
2	که	که	که	-
3	بیاد	بیاد	بیاد	-
4	این	این	این	-
5	اصطلاح	اصطلاح	اصطلاح	-
6	ادبی	ادب	ادب	-
7	چاله	چاله	چاله	-
8	میدونی	میدون	میدونی	-
9	رو	رو	رو	-
10	ثبت	ثب	ثبت	-
11	کنه	کنه	کنه	-
12	تو	تو	تو	-
13	اون	اون	اون	-
14	بیلبیلک	بیلبیلک	بیلبیلک	-
15	؟	؟	؟	-
16	(	(	(	-
17	سایت	سا	سایت	-
18	فارسی	فارس	فارس	-
19	شهری	شهر	شهر	-
20	)	)	)	-
21	مرسده	مرسده	مرسده	-
22	:	:	:	-
23	مرضا	مرضا	مرضا	-
24	اومد	اومد	اومد	-
25	ثبت	ثب	ثبت	-
26	کنه	کنه	کنه	-
27	!	!	!	-
28	مرضا	مرضا	مرضا	-
29	:	:	:	-
30	ثبت	ثب	ثبت	-
31	شد	شد	شد#شو	-
32	!	!	!	-
33	منتظر	منتظر	منتظر	-
34	تأیید	تأیید	تأیید	-
35	فارسی	فارس	فارس	-
36	شهری	شهر	شهر	-
37	و	و	و	-
38	این	این	این	-
39	دو	دو	دو	-
40	تن	تن	تن	-
41	برفتند	برفتند	برفتند	-
42	با	با	با	-
43	بگتگین	بگتگین	بگتگین	-
44	بگفتند	بگفتند	بگفتند	-
45	که	که	که	-
46	به	به	به	-
47	چه	چه	چه	-
48	شغل	شغل	شغل	-
49	آمده‌اند	آمده‌اند	آمد#آ	-
50	،	،	،	-
51	که	که	که	-
52	بی	ب	بی	-
53	مثال	مثال	مثال	-
54	وی	و	وی	-
55	کسی	کس	کس	-
56	بر	بر	بر	-
57	قلعت	قلع	قلع	-
58	نتوانستی	نتوانست	توانست#توان	-
59	شد	شد	شد#شو	-
60	.	.	.	-

0	بگتگین	بگتگین	بگتگین	-
1	کدخدای	کدخدا	کدخدا	-
2	خویش	خو	خویش	-
3	را	را	را	-
4	با	با	با	-
5	ایشان	ا	ایشان	-
6	نامزد	نامزد	نامزد	-
7	کرد	کرد	کرد#کن	-
8	و	و	و	-
9	بر	بر	بر	-
10	قلعت	قلع	قلع	-
11	رفتند	رفتند	رفت#رو	-
12	و	و	و	-
13	پیش	پ	پیش	-
14	امیر	امیر	امیر	-
15	محمد	محمد	محمد	-
16	شدند	شدند	شد#شو	-
17	و	و	و	-
18	رسم	رس	رسم	-
19	خدمت	خدم	خدمت	-
20	را	را	را	-
21	بجای	بجا	بجا	-
22	آوردند	آوردند	آورد#آور	-
23	،	،	،	-
24	امیر	امیر	امیر	-
25	گفت	گف	گفت#گو	-
26	:	:	:	-
27	خبر	خبر	خبر	-
28	برادرم	برادر	برادر	-
29	چیست	چیس	چیست	-
30	و	و	و	-
31	لشکرکی	لشکرک	لشکرک	-
32	خواهد_رفت	خواهد_رف	رفت#رو	-
33	نزدیک	نزدیک	نزدیک	-
34	وی	و	وی	-
35	؟	؟	؟	-
36	گفتند	گفتند	گفت#گو	-
37	:	:	:	-
38	«	«	«	-
39	خبر	خبر	خبر	-
40	خداوند	خداوند	خداوند	-
41	سلطان	سلط	سلطان	-
42	همه	همه	همه	-
43	خیر	خیر	خیر	-
44	است	اس	#است	-
45	،	،	،	-
46	و	و	و	-
47	در	در	در	-
48	این	این	این	-
49	دو	دو	دو	-
50	سه	سه	سه	-
51	روز	روز	روز	-
52	همه	همه	همه	-
53	لشکر	لشکر	لشکر	-
54	بروند	بروند	رفت#رو	-
55	و	و	و	-
56	حاجب	حاجب	حاجب	-
57	بزرگ	بزرگ	بزرگ	-
58	بر	بر	بر	-
59	اثر	اثر	اثر	-
60	ایشان	ا	ایشان	-
61	،	،	،	-
62	و	و	و	-
63	بندگان	بندگ	بندگان	-
64	بدین	بدین	بدین	-
65	آمده‌اند	آمده‌اند	آمد#آ	-
66	»	»	»	-
67	،	،	،	-
68	و	و	و	-
69	نامه	نامه	نامه	-
70	به	به	به	-
71	امیر	امیر	امیر	-
72	دادند	دادند	داد#ده	-
73	.	.	.	-

0	برخواند	برخواند	برخواند	-
1	و	و	و	-
2	لختی	لخت	لخت	-
3	تاریکی	تاریک	تاریکی	-
4	در	در	در	-
5	وی	و	وی	-
6	پیدا	پیدا	پیدا	-
7	آمد	آمد	آمد#آ	-
8	.	.	.	-

0	نبیه	نبیه	نبیه	-
1	گفت	گف	گفت#گو	-
2	«	«	«	-
3	زندگانی	زندگان	زندگانی	-
4	امیر	امیر	امیر	-
5	دراز	دراز	دراز	-
6	باد	باد	باد	-
7	،	،	،	-
8	سلطان	سلط	سلطان	-
9	که	که	که	-
10	برادر	برادر	برادر	-
11	است	اس	#است	-
12	حق	حق	حق	-
13	امیر	امیر	امیر	-
14	را	را	را	-
15	نگاه	نگاه	نگاه	-
16	دارد	دارد	داشت#دار	-
17	و	و	و	-
18	مهربانی	مهربان	مهربان	-
19	نماید	نماید	نمود#نما	-
20	.	.	.	-

0	دل	دل	دل	-
1	بد	بد	بد	-
2	نباید	نباید	نباید	-
3	کرد	کرد	کرد#کن	-
4	و	و	و	-
5	به‌قضای	به‌قضا	به‌قضای	-
6	خدای	خدا	خدا	-
7	عزوجل	عزوجل	عزوجل	-
8	رضا	رضا	رضا	-
9	باید	باید	باید	-
10	داد	داد	داد	-
11	و	و	و	-
12	از	از	از	-
13	این	این	این	-
14	باب	باب	باب	-
15	بسیار	بسیار	بسیار	-
16	سخن	سخن	سخن	-
17	نیکو	نیکو	نیکو	-
18	گفت	گف	گفت#گو	-
19	،	،	،	-
20	و	و	و	-
21	فذلک	فذلک	فذلک	-
22	آن	آن	آن	-
23	بود	بود	بود#باش	-
24	که	که	که	-
25	بودنی	بودن	بودنی	-
26	بوده_است	بوده_اس	بود#باش	-
27	.	.	.	-

0	به	به	به	-
1	سر	سر	سر	-
2	نشاط	نشاط	نشاط	-
3	باز	باز	باز	-
4	باید	باید	باید	-
5	شد	شد	شد#شو	-
6	و	و	و	-
7	امیر	امیر	امیر	-
8	ایشان	ا	ایشان	-
9	را	را	را	-
10	بنواخت	بنواخ	بنواخت	-
11	و	و	و	-
12	گفت	گف	گفت#گو	-
13	«	«	«	-
14	مرا	مرا	مرا	-
15	فراموش	فرامو	فراموش	-
16	مکنید	مکنید	مکنید	-
17	.	.	.	-

0	»	»	»	-
1	و	و	و	-
2	بازگشتند	بازگشتند	بازگشتند	-
3	و	و	و	-
4	آنچه	آنچه	آنچه	-
5	رفته_بود	رفته_بود	رفت#رو	-
6	با	با	با	-
7	حاجب	حاجب	حاجب	-
8	بزرگ	بزرگ	بزرگ	-
9	علی	عل	علی	-
10	گفتند	گفتند	گفت#گو	-
11	.	.	.	-

0	،	،	،	-
1	ای	ا	ای	-
2	که	که	که	-
3	مرا	مرا	مرا	-
4	مایه‌ی	مایه	مایه	-
5	حظی	حظ	حظ	-
6	و	و	و	-
7	سروری	سرور	سرور	-
8	و	و	و	-
9	ز	ز	ز	-
10	هر	هر	هر	-
11	عیب	عیب	عیب	-
12	به	به	به	-
13	دوری	دور	دور	-
14	و	و	و	-
15	چو	چو	چو	-
16	یک	یک	یک	-
17	پارچه	پارچه	پارچه	-
18	نوری	نور	نوری	-
19	و	و	و	-
20	به	به	به	-
21	دل	دل	دل	-
22	همچو	همچو	همچو	-
23	بلوری	بلور	بلور	-
24	و	و	و	-
25	مبرا	مبرا	مبرا	-
26	ز	ز	ز	-
27	غروری	غرور	غرور	-
28	و	و	و	-
29	پر	پر	پر	-
30	از	از	از	-
31	شعر	شعر	شعر	-
32	و	و	و	-
33	شعوری	شعور	شعور	-
34	،	،	،	-
35	با	با	با	-
36	درودی	درود	درود	-
37	و	و	و	-
38	سلامی	سلام	سلامی	-
39	و	و	و	-
40	نویدی	نوید	نوید	-
41	و	و	و	-
42	پیامی	پیام	پیام	-
43	و	و	و	-
44	حدیثی	حدیث	حدیث	-
45	و	و	و	-
46	کلامی	کلام	کلام	-
47	ز	ز	ز	-
48	ره	ره	ره	-
49	دور	دور	دور	-
50	،	،	،	-
51	از	از	از	-
52	این	این	این	-
53	عاشق	عاشق	عاشق	-
54	رنجور	رنجور	رنجور	-
55	،	،	،	-
56	به	به	به	-
57	تو	تو	تو	-
58	ای	ا	ای	-
59	دلبر	دلبر	دلبر	-
60	مهجور	مهجور	مهجور	-
61	،	،	،	-
62	که	که	که	-
63	باشی	باش	بود#باش	-
64	به	به	به	-
65	هنر	هنر	هنر	-
66	شهره	شهره	شهره	-
67	و	و	و	-
68	مشهور	مشهور	مشهور	-
69	و	و	و	-
70	نباشد	نباشد	بود#باش	-
71	به	به	به	-
72	دلت	دل	دل	-
73	جور	جور	جور	-
74	و	و	و	-
75	جفایی	جفا	جفا	-
76	،	،	،	-
77	که	که	که	-
78	تو	تو	تو	-
79	خود	خود	خود	-
80	اصل	اصل	اصل	-
81	وفایی	وفا	وفا	-
82	و	و	و	-
83	بهین	بهین	بهین	-
84	شاعر	شاعر	شاعر	-
85	مایی	ما	ما	-
86	و	و	و	-
87	به	به	به	-
88	درددل	درددل	درددل	-
89	عشاق	عشاق	عشاق	-
90	دوایی	دوا	دوا	-
91	،	،	،	-
92	به	به	به	-
93	چه	چه	چه	-
94	حالی	حال	حال	-
95	و	و	و	-
96	کجایی	کجا	کجا	-
97	،	،	،	-
98	ز	ز	ز	-
99	برم	بر	برد#بر	-
100	دور	دور	دور	-
101	چرایی	چرا	چرایی	-
102	،	،	،	-
103	ارچه	ارچه	ارچه	-
104	ما	ما	ما	-
105	را	را	را	-
106	نبود	نبود	بود#باش	-
107	طاقت	طاق	طاقت	-
108	هجران	هجر	هجران	-
109	رخت	رخ	رخت	-
110	ای	ا	ای	-
111	مه	مه	مه	-
112	زیبا	زیبا	زیبا	-
113	،	،	،	-
114	دارم	دار	داشت#دار	-
115	امید	امید	امید	-
116	که	که	که	-
117	لطف	لطف	لطف	-
118	ازلی	ازل	ازل	-
119	در	در	در	-
120	همه	همه	همه	-
121	احوال	احوال	احوال	-
122	بسی	بس	بس	-
123	شامل	شامل	شامل	-
124	حالت	حال	حالت	-
125	شده_باشد	شده_باشد	شد#شو	-
126	و	و	و	-
127	دگر	دگر	دگر	-
128	همچو	همچو	همچو	-
129	گذشته	گذشته	گذشته	-
130	بشوی	بشو	شد#شو	-
131	همره	همره	همره	-
132	و	و	و	-
133	مأنوس	مأنوس	مأنوس	-
134	به	به	به	-
135	سلم	سل	سلم	-
136	و	و	و	-
137	خوشی	خوش	خوش	-
138	و	و	و	-
139	صدق	صدق	صدق	-
140	و	و	و	-
141	صفا	صفا	صفا	-
142	و	و	و	-
143	کرم	کر	کرم	-
144	و	و	و	-
145	جود	جود	جود	-
146	و	و	و	-
147	سخا	سخا	سخا	-
148	و	و	و	-
149	دگر	دگر	دگر	-
150	الطاف	الطاف	الطاف	-
151	خدا	خدا	خدا	-
152	دورکند	دورکند	دورکند	-
153	ازتن	ازتن	ازتن	-
154	تو	تو	تو	-
155	رنج	رنج	رنج	-
156	و	و	و	-
157	بلا	بلا	بلا	-
158	را	را	را	-
159	!	!	!	-
160	الغرض	الغرض	الغرض	-
161	،	،	،	-
162	تا	تا	تا	-
163	تو	تو	تو	-
164	در	در	در	-
165	این	این	این	-
166	دهکده‌ی	دهکده	دهکده	-
167	کوچک	کوچک	کوچک	-
168	رایانه‌ای	رایانه	رایانه	-
169	از	از	از	-
170	بهر	بهر	بهر	-
171	دل	دل	دل	-
172	ملت	مل	ملت	-
173	بیداردل	بیداردل	بیداردل	-
174	خویش	خو	خویش	-
175	،	،	،	-
176	به	به	به	-
177	افشاگری	افشاگر	افشاگر	-
178	و	و	و	-
179	شوخی	شوخ	شوخ	-
180	و	و	و	-
181	طنازی	طناز	طناز	-
182	و	و	و	-
183	هم	ه	هم	-
184	دادن	دادن	دادن	-
185	آگاهی	آگاه	آگاهی	-
186	از	از	از	-
187	اسرار	اسرار	اسرار	-
188	مگو	مگو	مگو	-
189	دست	دس	دست	-
190	گشودی	گشود	گشود#گشا	-
191	،	،	،	-
192	همگان	همگ	همگان	-
193	را	را	را	-
194	به	به	به	-
195	سخن‌های	سخن	سخن	-
196	پر	پر	پر	-
197	از	از	از	-
198	شهد	شهد	شهد	-
199	و	و	و	-
200	شکر	شکر	شکر	-
201	راغب	راغب	راغب	-
202	و	و	و	-
203	مشتاق	مشتاق	مشتاق	-
204	نمودی	نمود	نمود#نما	-
205	و	و	و	-
206	به	به	به	-
207	نیش	ن	نیش	-
208	قلمت	قلم	قلم	-
209	گرد	گرد	گرد	-
210	و	و	و	-
211	غبار	غبار	غبار	-
212	از	از	از	-
213	رخ	رخ	رخ	-
214	هر	هر	هر	-
215	ناکس	ناکس	ناکس	-
216	بی	ب	بی	-
217	مغز	مغز	مغز	-
218	و	و	و	-
219	خرد	خرد	خرد	-
220	پاک	پاک	پاک	-
221	زدودی	زدود	زدودی	-
222	و	و	و	-
223	هم	ه	هم	-
224	از	از	از	-
225	باطن	باطن	باطن	-
226	بی	ب	بی	-
227	مایه‌ی	مایه	مایه	-
228	ارباب	ارباب	ارباب	-
229	زر	زر	زر	-
230	و	و	و	-
231	زور	زور	زور	-
232	و	و	و	-
233	ریا	ریا	ریا	-
234	پرده	پرده	پرده	-
235	گشودی	گشود	گشود#گشا	-
236	.	.	.	-

