0	﻿خواهشا	﻿خواهشا	﻿خواهشا	-
1	من	من	من	-
2	را	را	را	-
3	محمد	محمد	محمد	-
4	علی	عل	علی	-
5	صدا	صدا	صدا	-
6	نزن	نزن	زد#زن	-
7	.	.	.	-
4	علی	عل	علی	-
9	رضا	رضا	رضا	-
10	رو	رو	رو	-
11	یادته	یادته	یادته	-
12	برادرشو	برادرشو	برادرشو	-
13	پریروزها	پریروز	پریروز	-
14	دیدم	دید	دید#بین	-
7	.	.	.	-
16	یادش	یاد	یاد	-
17	بخیر	بخیر	بخیر	-
18	چقدر	چقدر	چقدر	-
19	مسافرت‌هامون	مسافرت‌هامون	مسافرت‌هامون	-
20	خوش	خو	خوش	-
21	می‌گذشت	می‌گذ	گذشت#گذر	-
7	.	.	.	-
23	دیروز	دیروز	دیروز	-
24	اسباب	اسباب	اسباب	-
25	بازیی	باز	باز	-
26	که	که	که	-
9	رضا	رضا	رضا	-
28	بهم	به	به	-
29	داده_بود	داده_بود	داد#ده	-
2	را	را	را	-
31	پس	پس	پس	-
32	گرفت	گرف	گرفت#گیر	-
7	.	.	.	-
34	پنجشنبه‌ها	پنجشنبه	پنجشنبه	-
35	روز	روز	روز	-
36	خوبیه	خوبیه	خوبیه	-
37	برای	برا	برای	-
1	من	من	من	-
7	.	.	.	-
40	آدم	آد	آدم	-
41	نمی‌تونه	نمی‌تونه	نمی‌تونه	-
42	هر	هر	هر	-
35	روز	روز	روز	-
44	اینجوری	اینجور	اینجوری	-
45	پاشه	پاشه	پاشه	-
7	.	.	.	-
23	دیروز	دیروز	دیروز	-
48	وقتی	وقت	وقت	-
49	رفته_بودیم	رفته_بود	رفت#رو	-
50	استخر	استخر	استخر	-
51	شهید	شهید	شهید	-
52	بهشتی	بهشت	بهشتی	-
53	وسط	وسط	وسط	-
54	راه	راه	راه	-
55	پام	پا	پا	-
56	پیچ	پیچ	پیچ	-
57	خورد	خورد	خورد#خور	-
7	.	.	.	-
42	هر	هر	هر	-
35	روز	روز	روز	-
37	برای	برا	برای	-
62	دوییدن	دوییدن	دوییدن	-
63	کله	کله	کله	-
64	سحر	سحر	سحر	-
65	پا	پا	پا	-
66	میشم	م	میشم	-
7	.	.	.	-
68	صبح	صبح	صبح	-
69	جمعه	جمعه	جمعه	-
63	کله	کله	کله	-
71	پاچه	پاچه	پاچه	-
72	خیلی	خیل	خیلی	-
73	مزه	مزه	مزه	-
74	میده	میده	میده	-
7	.	.	.	-
4	علی	عل	علی	-
77	بود	بود	بود#باش	-
78	دوست	دوس	دوست	-
79	مهرداد	مهرداد	مهرداد	-
80	سر	سر	سر	-
81	کار	کار	کار	-
82	جدیدم	جدید	جدید	-
42	هر	هر	هر	-
35	روز	روز	روز	-
85	میبینمش	میبینم	میبینمش	-
7	.	.	.	-
87	سرکار	سرکار	سرکار	-
88	متوقفم	متوقف	متوقف	-
89	کرد	کرد	کرد#کن	-
42	هر	هر	هر	-
91	کاری	کار	کاشت#کار	-
92	کردم	کرد	کرد#کن	-
93	باز	باز	باز	-
94	جریمه	جریمه	جریمه	-
95	شدم	شد	شد#شو	-
7	.	.	.	-
37	برای	برا	برای	-
98	پنجشنبه	پنجشنبه	پنجشنبه	-
99	حتما	حتما	حتما	-
100	چراغ	چراغ	چراغ	-
101	قوه	قوه	قوه	-
102	همراهت	همراه	همراه	-
103	باشه	باشه	باشه	-
7	.	.	.	-
23	دیروز	دیروز	دیروز	-
106	توی	تو	تو	-
69	جمعه	جمعه	جمعه	-
108	بازار	بازار	بازار	-
109	همخونه	همخونه	همخونه	-
110	سابق	سابق	سابق	-
111	کامیار	کامیار	کامیار	-
2	را	را	را	-
113	دیدیم	دید	دید#بین	-
7	.	.	.	-
31	پس	پس	پس	-
116	فردا	فردا	فردا	-
117	باید	باید	باید	-
118	بریم	بر	برد#بر	-
119	به	به	به	-
120	کارای	کارا	کارا	-
121	فارغ	فارغ	فارغ	-
122	التحصیلی	التحصیل	التحصیلی	-
123	برسیم	برس	رسید#رس	-
124	درسته	درسته	درسته	-
125	؟	؟	؟	-
126	پسفردا	پسفردا	پسفردا	-
127	مصاحبه	مصاحبه	مصاحبه	-
91	کاری	کار	کاشت#کار	-
129	دارم	دار	داشت#دار	-
130	با	با	با	-
131	یکی	یک	یک	-
132	از	از	از	-
133	شرکتهای	شرکت	شرکت	-
134	بزرگ	بزرگ	بزرگ	-
135	تهران	تهر	تهران	-
7	.	.	.	-
137	پردازش	پرداز	پردازش	-
138	زبان	زب	زبان	-
139	درس	درس	درس	-
140	سختیه	سختیه	سختیه	-
42	هر	هر	هر	-
142	چقدرم	چقدر	چقدر	-
143	بلد	بلد	بلد	-
144	باشی	باش	بود#باش	-
145	بازهم	بازه	بازه	-
117	باید	باید	باید	-
147	کلی	کل	کلی	-
148	براش	برا	براش	-
149	تلاش	تلا	تلاش	-
150	کنی	کن	کرد#کن	-
7	.	.	.	-
152	اگر	اگر	اگر	-
116	فردا	فردا	فردا	-
154	نتونست	نتونس	نتونست	-
155	بیاد	بیاد	بیاد	-
156	باهم	باه	باهم	-
157	میریم	میر	مرد#میر	-
158	دنبال	دنبال	دنبال	-
159	پسرخالت	پسرخال	پسرخالت	-
7	.	.	.	-
161	فردای	فردا	فردا	-
162	اون	اون	اون	-
35	روز	روز	روز	-
164	دیگه	دیگه	دیگه	-
165	همه	همه	همه	-
166	رفته	رفته	رفته	-
167	بودن	بودن	بودن	-
119	به	به	به	-
169	سمت	سم	سمت	-
170	خونه	خونه	خونه	-
171	هاشون	هاشون	هاشون	-
7	.	.	.	-
173	باورم	باور	باور	-
174	نمی‌شه	نمی‌شه	نمی‌شه	-
175	می‌تونستیم	می‌تونست	می‌تونستیم	-
132	از	از	از	-
162	اون	اون	اون	-
178	کوه	کوه	کوه	-
179	بالا	بالا	بالا	-
118	بریم	بر	برد#بر	-
7	.	.	.	-
182	این	این	این	-
183	دوستمون	دوستمون	دوستمون	-
184	کره	کره	کره	-
185	یا	یا	یا	-
186	لاله	لاله	لاله	-
125	؟	؟	؟	-
152	اگر	اگر	اگر	-
189	امروز	امروز	امروز	-
1	من	من	من	-
191	نتونستم	نتونس	نتونستم	-
192	بیام	بیا	بیام	-
117	باید	باید	باید	-
37	برای	برا	برای	-
195	یک	یک	یک	-
35	روز	روز	روز	-
164	دیگه	دیگه	دیگه	-
198	برنامه	برنامه	برنامه	-
199	ریزی	ریز	ریخت#ریز	-
200	کنیم	کن	کرد#کن	-
7	.	.	.	-
1	من	من	من	-
203	هنوز	هنوز	هنوز	-
132	از	از	از	-
205	تصادف	تصادف	تصادف	-
23	دیروز	دیروز	دیروز	-
106	توی	تو	تو	-
208	شکهم	شکه	شکهم	-
209	،	،	،	-
210	نمیدونم	نمیدون	نمیدونم	-
211	چطور	چطور	چطور	-
212	جون	جون	جون	-
213	سالم	سال	سالم	-
119	به	به	به	-
215	در	در	در	-
216	بردیم	برد	برد#بر	-
7	.	.	.	-
218	لنگرود	لنگرود	لنگرود	-
219	کتابخونه	کتابخونه	کتابخونه	-
220	شبانه	شبانه	شبانه	-
221	روزی	روز	روز	-
222	داره	داره	داره	-
223	ولی	ول	ولی	-
224	کرج	کرج	کرج	-
225	نه	نه	نه	-
7	.	.	.	-
223	ولی	ول	ولی	-
228	باور	باور	باور	-
229	کنید	کنید	کرد#کن	-
230	دعوا	دعوا	دعوا	-
80	سر	سر	سر	-
232	توزیع	توزیع	توزیع	-
209	،	،	،	-
234	سیستم	سیس	سیستم	-
235	عامل	عامل	عامل	-
236	و	و	و	-
138	زبان	زب	زبان	-
198	برنامه	برنامه	برنامه	-
239	نویسی	نویس	نوشت#نویس	-
72	خیلی	خیل	خیلی	-
241	حال	حال	حال	-
74	میده	میده	میده	-
7	.	.	.	-
244	شاید	شاید	شاید	-
182	این	این	این	-
209	،	،	،	-
247	وصف	وصف	وصف	-
1	من	من	من	-
209	،	،	،	-
106	توی	تو	تو	-
195	یک	یک	یک	-
252	دقیقه	دقیقه	دقیقه	-
103	باشه	باشه	باشه	-
7	.	.	.	-
255	انسان	انس	انسان	-
256	دارای	دارا	دارا	-
257	مغز	مغز	مغز	-
236	و	و	و	-
101	قوه	قوه	قوه	-
260	ادراک	ادراک	ادراک	-
261	است	اس	#است	-
26	که	که	که	-
263	وسیله‌ای	وسیله	وسیله	-
261	است	اس	#است	-
37	برای	برا	برای	-
266	فهمیدن	فهمیدن	فهمیدن	-
7	.	.	.	-
268	دوگروه	دوگروه	دوگروه	-
132	از	از	از	-
270	مردم	مرد	مردم	-
271	بیشتر	ب	بیشتر	-
132	از	از	از	-
273	بقیه	بقیه	بقیه	-
274	تمام	تما	تمام	-
275	بدنشان	بدن	بدن	-
2	را	را	را	-
277	خال	خال	خال	-
278	کوبی	کوب	کوبی	-
279	میکنند	میکنند	میکنند	-
280	:	:	:	-
72	خیلی	خیل	خیلی	-
282	پولدارها	پولدار	پولدار	-
283	وخیلی	وخیل	وخیلی	-
284	فقیرها	فقیر	فقیر	-
7	.	.	.	-
223	ولی	ول	ولی	-
287	عدم	عد	عدم	-
288	وجود	وجود	وجود	-
289	مدرک	مدرک	مدرک	-
236	و	و	و	-
287	عدم	عد	عدم	-
292	درک	درک	درک	-
119	به	به	به	-
294	هم	ه	هم	-
295	ربط	ربط	ربط	-
296	دارن	دارن	دارن	-
7	.	.	.	-
298	همینجوری	همینجور	همینجوری	-
26	که	که	که	-
300	تو	تو	تو	-
301	تراس	تراس	تراس	-
302	نشسته_بودم	نشسته_بود	نشست#نشین	-
182	این	این	این	-
304	اقاهه	اقاهه	اقاهه	-
305	اومد	اومد	اومد	-
306	شروع	شروع	شروع	-
89	کرد	کرد	کرد#کن	-
308	خوندن	خوندن	خوندن	-
7	.	.	.	-
310	رفیقای	رفیقا	رفیقای	-
311	ما	ما	ما	-
132	از	از	از	-
313	ترس	ترس	ترس	-
314	شیرینی	شیرین	شیرینی	-
315	دادن	دادن	دادن	-
316	گوشی	گوش	گوش	-
236	و	و	و	-
318	ماشین	ماشین	ماشین	-
319	نمیخرن	نمیخرن	نمیخرن	-
7	.	.	.	-
321	ی		ی	-
322	چیزی	چیز	چیز	-
323	میخواستم	میخواس	میخواستم	-
324	بگم	بگ	بگم	-
223	ولی	ول	ولی	-
326	یادم	یاد	یاد	-
327	نمیاد	نمیاد	نمیاد	-
7	.	.	.	-
329	واسه	واسه	واسه	-
330	بافتن	بافتن	بافتن	-
182	این	این	این	-
332	چهل	چهل	چهل	-
333	سانت	سان	سانت	-
209	،	،	،	-
335	حداقل	حداقل	حداقل	-
336	بیست	بیس	بیست	-
337	رج	رج	رج	-
338	بافتم	باف	افتاد#افت	-
236	و	و	و	-
340	شکافتم	شکاف	شکافت#شکاف	-
341	تا	تا	تا	-
342	یاد	یاد	یاد	-
343	گرفتم	گرف	گرفت#گیر	-
236	و	و	و	-
345	قلقش	قلق	قلق	-
346	دستم	دس	دستم	-
305	اومد	اومد	اومد	-
7	.	.	.	-
349	خوبیش	خوب	خوب	-
182	این	این	این	-
77	بود	بود	بود#باش	-
26	که	که	که	-
353	خونشون	خونشون	خونشون	-
354	نزدیک	نزدیک	نزدیک	-
77	بود	بود	بود#باش	-
209	،	،	،	-
294	هم	ه	هم	-
358	مسیر	مسیر	مسیر	-
359	بودیم	بود	بود#باش	-
7	.	.	.	-
361	بدیش	بد	بد	-
362	اینه	اینه	اینه	-
26	که	که	که	-
353	خونشون	خونشون	خونشون	-
365	نزدیکه	نزدیکه	نزدیکه	-
209	،	،	،	-
367	هممسیریم	هممسیر	هممسیریم	-
7	.	.	.	-
369	مزد	مزد	مزد	-
370	آن	آن	آن	-
32	گرفت	گرف	گرفت#گیر	-
372	جان	ج	جان	-
373	برادر	برادر	برادر	-
26	که	که	که	-
81	کار	کار	کار	-
89	کرد	کرد	کرد#کن	-
7	.	.	.	-
378	باعث	باعث	باعث	-
95	شدم	شد	شد#شو	-
380	کل	کل	کل	-
381	دانشجوها	دانشجو	دانشجو	-
37	برای	برا	برای	-
383	غذای	غذا	غذا	-
384	دانشگاه	دانشگاه	دانشگاه	-
385	اعتراض	اعتراض	اعتراض	-
386	کنن	کنن	کنن	-
387	!!!	!!!	!!!	-
388	رفیق	رفیق	رفیق	-
389	اونیه	اونیه	اونیه	-
26	که	که	که	-
48	وقتی	وقت	وقت	-
222	داره	داره	داره	-
393	بهش	به	به	-
20	خوش	خو	خوش	-
395	میگذره	میگذره	میگذره	-
396	بهت	به	بهت	-
397	پیام	پیا	پیام	-
398	بده	بده	داد#ده	-
399	بیا	بیا	آمد#آ	-
400	دورهم	دوره	دورهم	-
401	باشیم	باش	بود#باش	-
7	.	.	.	-
403	عجیبه	عجیبه	عجیبه	-
26	که	که	که	-
405	یه	یه	یه	-
406	نفر	نفر	نفر	-
119	به	به	به	-
408	شکل	شکل	شکل	-
409	مرموز	مرموز	مرموز	-
410	ترسناکی	ترسناک	ترسناک	-
411	گم	گ	گم	-
412	شده	شده	شده	-
236	و	و	و	-
93	باز	باز	باز	-
132	از	از	از	-
416	توش	تو	تو	-
417	جک	جک	جک	-
418	ازدواج	ازدواج	ازدواج	-
236	و	و	و	-
420	لر	لر	لر	-
236	و	و	و	-
422	عرب	عرب	عرب	-
215	در	در	در	-
424	میاد	میاد	میاد	-
7	.	.	.	-
147	کلی	کل	کلی	-
81	کار	کار	کار	-
428	نکرده	نکرده	کرد#کن	-
129	دارم	دار	داشت#دار	-
26	که	که	که	-
431	متاسفانه	متاسفانه	متاسفانه	-
130	با	با	با	-
405	یه	یه	یه	-
434	بار	بار	بار	-
435	زندگی	زندگ	زندگی	-
436	نمیشه	نمیشه	نمیشه	-
437	همشون	همشون	همشون	-
10	رو	رو	رو	-
439	انجام	انجا	انجام	-
440	داد	داد	داد	-
441	!	!	!	-
1	من	من	من	-
443	حتی	حت	حتی	-
300	تو	تو	تو	-
445	خاستگاری	خاستگار	خاستگاری	-
446	دختر	دخ	دختر	-
447	خالمم	خالم	خالمم	-
448	بیسکوییت	بیسکو	بیسکوییت	-
10	رو	رو	رو	-
450	زدم	زد	زد#زن	-
300	تو	تو	تو	-
452	چای	چا	چای	-
7	.	.	.	-
454	قبلا	قبلا	قبلا	-
455	انقد	انقد	انقد	-
456	دوسش	دوس	دوسش	-
457	نداشتم	ندا	داشت#دار	-
182	این	این	این	-
459	بشر	بشر	بشر	-
10	رو	رو	رو	-
223	ولی	ول	ولی	-
462	جدیدا	جدیدا	جدیدا	-
463	احساس	احساس	احساس	-
464	عمیقا	عمیقا	عمیقا	-
465	خوبی	خوب	خوبی	-
28	بهم	به	به	-
74	میده	میده	میده	-
468	معاشرت	معاشر	معاشرت	-
469	باهاش	با	با	-
470	واقعا	واقعا	واقعا	-
40	آدم	آد	آدم	-
472	لذت‌بخشیه	لذت‌بخشیه	لذت‌بخشیه	-
7	.	.	.	-
474	فشاری	فشار	فشار	-
26	که	که	که	-
476	دستشویی	دستشو	دستشویی	-
477	ایرانی	ایران	ایران	-
119	به	به	به	-
55	پام	پا	پا	-
480	میاره	میاره	میاره	-
132	از	از	از	-
482	هزاران	هزار	هزار	-
483	اسکات	اسک	اسکات	-
236	و	و	و	-
62	دوییدن	دوییدن	دوییدن	-
486	بیشتره	بیشتره	بیشتره	-
7	.	.	.	-
488	آرین	آرین	آرین	-
372	جان	ج	جان	-
490	عزیزم	عزیز	عزیز	-
48	وقتی	وقت	وقت	-
203	هنوز	هنوز	هنوز	-
222	داره	داره	داره	-
494	بخار	بخار	بخار	-
132	از	از	از	-
496	روش	رو	روش	-
497	بلند	بلند	بلند	-
498	میشه	میشه	میشه	-
209	،	،	،	-
500	یعنی	یعن	یعنی	-
501	جوشه	جوشه	جوشه	-
502	!!!!	!!!!	!!!!	-
503	کنترل	کنترل	کنترل	-
504	کن	کن	کن	-
505	خودتو	خودتو	خودتو	-
387	!!!	!!!	!!!	-
507	چرا	چرا	چرا	-
508	نمیری	نمیر	مرد#میر	-
509	متن	متن	متن	-
132	از	از	از	-
511	سایت	سا	سایت	-
512	خبرگذاریا	خبرگذاریا	خبرگذاریا	-
513	برداری	بردار	بردار	-
125	؟	؟	؟	-
515	حالا	حالا	حالا	-
516	همیشه	همیشه	همیشه	-
517	۱۵۰	۱۵۰	۱۵۰	-
434	بار	بار	بار	-
117	باید	باید	باید	-
316	گوشی	گوش	گوش	-
521	زنگ	زنگ	زنگ	-
522	بخوره	بخوره	بخوره	-
341	تا	تا	تا	-
524	بیدار	بیدار	بیدار	-
525	بشم	ب	بشم	-
526	چون	چون	چون	-
527	جمعه‌اس	جمعه‌اس	جمعه‌اس	-
209	،	،	،	-
434	بار	بار	بار	-
530	اول	اول	اول	-
524	بیدار	بیدار	بیدار	-
95	شدم	شد	شد#شو	-
7	.	.	.	-
534	کاش	کا	کاش	-
535	اندازه	اندازه	اندازه	-
536	امیرحسن	امیرحسن	امیرحسن	-
143	بلد	بلد	بلد	-
538	بودم	بود	بود#باش	-
539	سه‌تار	سه‌تار	سه‌تار	-
540	بزنم	بزن	زد#زن	-
7	.	.	.	-
542	حرف	حرف	حرف	-
543	زدن	زدن	زدن	-
130	با	با	با	-
131	یکی	یک	یک	-
26	که	که	که	-
547	بفهمه	بفهمه	بفهمه	-
236	و	و	و	-
549	گوش	گو	گوش	-
550	کنه	کنه	کنه	-
72	خیلی	خیل	خیلی	-
552	خوبه	خوبه	خوبه	-
7	.	.	.	-
124	درسته	درسته	درسته	-
555	قهرمان	قهر	قهرمان	-
556	نشدیم	نشد	شد#شو	-
223	ولی	ول	ولی	-
300	تو	تو	تو	-
559	۴۴	۴۴	۴۴	-
560	درصد	درصد	درصد	-
561	بالای	بالا	بالا	-
562	جدول	جدول	جدول	-
26	که	که	که	-
359	بودیم	بود	بود#باش	-
7	.	.	.	-
405	یه	یه	یه	-
358	مسیر	مسیر	مسیر	-
568	نسبتا	نسبتا	نسبتا	-
569	زیاد	زیاد	زیاد	-
10	رو	رو	رو	-
571	بدون	بدون	بدون	-
572	وایسادن	وایسادن	وایسادن	-
236	و	و	و	-
574	کم	ک	کم	-
575	کردن	کردن	کردن	-
576	سرعت	سرع	سرعت	-
577	دوییدم	دویید	دوییدم	-
236	و	و	و	-
72	خیلی	خیل	خیلی	-
241	حال	حال	حال	-
440	داد	داد	داد	-
7	.	.	.	-
507	چرا	چرا	چرا	-
164	دیگه	دیگه	دیگه	-
119	به	به	به	-
586	گربه‌ها	گربه	گربه	-
587	مجید	مجید	مجید	-
588	نمیگن	نمیگن	نمیگن	-
125	؟	؟	؟	-
590	می‌تونه	می‌تونه	می‌تونه	-
591	کامل	کامل	کامل	-
592	حالتو	حالتو	حالتو	-
593	خوب	خوب	خوب	-
550	کنه	کنه	کنه	-
7	.	.	.	-
596	پیاده	پیاده	پیاده	-
95	شدم	شد	شد#شو	-
236	و	و	و	-
599	الان	ال	الان	-
129	دارم	دار	داشت#دار	-
596	پیاده	پیاده	پیاده	-
602	میرم	میر	مرد#میر	-
441	!	!	!	-
604	پسر	پسر	پسر	-
605	عمه‌ام	عمه	عمه	-
10	رو	رو	رو	-
607	شب	شب	شب	-
405	یه	یه	یه	-
434	بار	بار	بار	-
300	تو	تو	تو	-
611	همین	همین	همین	-
358	مسیر	مسیر	مسیر	-
613	می‌خواستند	می‌خواستند	خواست#خواه	-
614	بکننش	بکنن	بکننش	-
300	تو	تو	تو	-
616	صندوق	صندوق	صندوق	-
236	و	و	و	-
618	فرار	فرار	فرار	-
89	کرد	کرد	کرد#کن	-
236	و	و	و	-
130	با	با	با	-
622	گریه	گریه	گریه	-
305	اومد	اومد	اومد	-
170	خونه	خونه	خونه	-
7	.	.	.	-
626	۴۰	۴۰	۴۰	-
252	دقیقه	دقیقه	دقیقه	-
628	اس	اس	اس	-
300	تو	تو	تو	-
630	ماشینم	ماشین	ماشین	-
631	منتظر	منتظر	منتظر	-
7	.	.	.	-
405	یه	یه	یه	-
406	نفر	نفر	نفر	-
26	که	که	که	-
155	بیاد	بیاد	بیاد	-
637	سوار	سوار	سوار	-
638	شه	شه	شه	-
118	بریم	بر	برد#بر	-
441	!	!	!	-
599	الان	ال	الان	-
642	دلم	دل	دل	-
643	میخواد	میخواد	میخواد	-
644	۴	۴	۴	-
406	نفر	نفر	نفر	-
646	حساب	حساب	حساب	-
647	کنم	کن	کرد#کن	-
648	بره	بره	بره	-
441	!	!	!	-
223	ولی	ول	ولی	-
651	میگم	میگ	میگ	-
652	اگه	اگه	اگه	-
653	میخواستی	میخواست	میخواستی	-
654	چهار	چهار	چهار	-
406	نفر	نفر	نفر	-
646	حساب	حساب	حساب	-
150	کنی	کن	کرد#کن	-
626	۴۰	۴۰	۴۰	-
252	دقیقه	دقیقه	دقیقه	-
660	پیش	پ	پیش	-
661	اینکار	اینکار	اینکار	-
10	رو	رو	رو	-
663	میکردی	میکرد	میکردی	-
7	.	.	.	-
455	انقد	انقد	انقد	-
666	دیر	دیر	دیر	-
667	جوابشو	جوابشو	جوابشو	-
668	دادم	داد	داد#ده	-
669	خوابید	خوابید	خوابید#خواب	-
670	بنده	بنده	بنده	-
671	خدا	خدا	خدا	-
7	.	.	.	-
673	اقا	اقا	اقا	-
674	دقت	دق	دقت	-
675	کردین	کردین	کردین	-
676	همونجور	همونجور	همونجور	-
26	که	که	که	-
678	هوای	هوا	هوا	-
679	دوستتونو	دوستتونو	دوستتونو	-
680	دارین	دارین	دارین	-
236	و	و	و	-
682	سعی	سع	سعی	-
683	میکنین	میکنین	میکنین	-
132	از	از	از	-
685	ناراحتی	ناراحت	ناراحت	-
686	درش	در	در	-
687	بیارین	بیارین	بیارین	-
209	،	،	،	-
689	میتونین	میتونین	میتونین	-
241	حال	حال	حال	-
691	خودتونم	خودتون	خودتونم	-
593	خوب	خوب	خوب	-
693	کنین	کنین	کنین	-
236	و	و	و	-
119	به	به	به	-
696	درد	درد	درد	-
236	و	و	و	-
698	دلای	دلا	دلای	-
691	خودتونم	خودتون	خودتونم	-
549	گوش	گو	گوش	-
693	کنین	کنین	کنین	-
125	؟	؟	؟	-
703	همانطور	همانطور	همانطور	-
26	که	که	که	-
705	آگاه	آگاه	آگاه	-
706	هستید	هستید	#هست	-
707	آنچه	آنچه	آنچه	-
26	که	که	که	-
670	بنده	بنده	بنده	-
710	عرض	عرض	عرض	-
711	کرده_بودم	کرده_بود	کرد#کن	-
712	نظر	نظر	نظر	-
713	شخصی	شخص	شخص	-
714	بوده	بوده	بوده	-
7	.	.	.	-
48	وقتی	وقت	وقت	-
132	از	از	از	-
322	چیزی	چیز	چیز	-
719	مطمئنی	مطمئن	مطمئن	-
720	نیستید	نیستید	#هست	-
119	به	به	به	-
722	کسی	کس	کس	-
723	قول	قول	قول	-
724	ندید	ندید	دید#بین	-
725	!!	!!	!!	-
236	و	و	و	-
652	اگه	اگه	اگه	-
723	قول	قول	قول	-
729	می‌دید	می‌دید	دید#بین	-
119	به	به	به	-
731	حرفاتون	حرفاتون	حرفاتون	-
732	عمل	عمل	عمل	-
229	کنید	کنید	کرد#کن	-
734	…	…	…	-
735	امیدوارم	امیدوار	امیدوار	-
736	قبل	قبل	قبل	-
132	از	از	از	-
738	بیرون	بیرون	بیرون	-
739	اومدن	اومدن	اومدن	-
740	فراموش	فرامو	فراموش	-
741	نکنم	نکن	کرد#کن	-
7	.	.	.	-
1	من	من	من	-
744	آخر	آخر	آخر	-
132	از	از	از	-
746	انگشت	انگ	انگشت	-
747	کوچیکه	کوچیکه	کوچیکه	-
748	پای	پا	پای	-
749	راست	راس	راست	-
750	می‌میرم	می‌میر	مرد#میر	-
7	.	.	.	-
516	همیشه	همیشه	همیشه	-
26	که	که	که	-
754	قرار	قرار	قرار	-
755	نیست	نیس	نیست	-
162	اون	اون	اون	-
322	چیزی	چیز	چیز	-
26	که	که	که	-
311	ما	ما	ما	-
760	میخوایم	میخوا	میخوایم	-
761	بشه	بشه	بشه	-
725	!!	!!	!!	-
763	یکم	یک	یکم	-
132	از	از	از	-
765	خودتون	خودتون	خودتون	-
766	انعطاف‌پذیری	انعطاف‌پذیر	انعطاف‌پذیری	-
767	نشون	نشون	نشون	-
768	بدین	بدین	بدین	-
725	!!	!!	!!	-
770	ضربه	ضربه	ضربه	-
771	آزاد	آزاد	آزاد	-
412	شده	شده	شده	-
236	و	و	و	-
774	کارگردان	کارگرد	کارگردان	-
775	بکام	بکا	بکا	-
10	رو	رو	رو	-
767	نشون	نشون	نشون	-
74	میده	میده	میده	-
26	که	که	که	-
780	لبخند	لبخند	لبخند	-
10	رو	رو	رو	-
782	لبشه	لبشه	لبشه	-
734	…	…	…	-
165	همه	همه	همه	-
785	دلشون	دلشون	دلشون	-
786	میخواست	میخواس	میخواست	-
26	که	که	که	-
162	اون	اون	اون	-
789	پشت	پ	پشت	-
790	توپ	توپ	توپ	-
791	وای‌میستاد	وای‌میستاد	وای‌میستاد	-
734	…	…	…	-
18	چقدر	چقدر	چقدر	-
130	با	با	با	-
795	شنیدن	شنیدن	شنیدن	-
182	این	این	این	-
797	آهنگ	آهنگ	آهنگ	-
577	دوییدم	دویید	دوییدم	-
799	جلو	جلو	جلو	-
800	تلویزیون	تلویزیون	تلویزیون	-
7	.	.	.	-
682	سعی	سع	سعی	-
229	کنید	کنید	کرد#کن	-
48	وقتی	وقت	وقت	-
132	از	از	از	-
806	خواب	خواب	خواب	-
524	بیدار	بیدار	بیدار	-
808	می‌شید	می‌شید	می‌شید	-
236	و	و	و	-
810	می‌خواید	می‌خواید	می‌خواید	-
811	خوابی	خواب	خوابید#خواب	-
10	رو	رو	رو	-
26	که	که	که	-
814	دیدید	دیدید	دید#بین	-
815	بنویسید	بنویسید	نوشت#نویس	-
26	که	که	که	-
817	یادتون	یادتون	یادتون	-
818	بمونه	بمونه	بمونه	-
819	اطلاعات	اطلاع	اطلاعات	-
10	رو	رو	رو	-
821	دقیق	دقیق	دقیق	-
236	و	و	و	-
823	ریز	ریز	ریز	-
815	بنویسید	بنویسید	نوشت#نویس	-
7	.	.	.	-
119	به	به	به	-
827	نظرم	نظر	نظر	-
117	باید	باید	باید	-
530	اول	اول	اول	-
763	یکم	یک	یکم	-
271	بیشتر	ب	بیشتر	-
832	لذت	لذ	لذت	-
833	ببرم	ببر	ببر	-
7	.	.	.	-
132	از	از	از	-
836	خوبیای	خوبیا	خوبیای	-
318	ماشین	ماشین	ماشین	-
838	داشتن	داشتن	داشتن	-
362	اینه	اینه	اینه	-
26	که	که	که	-
132	از	از	از	-
842	اولین	اولین	اولین	-
843	لحظات	لحظ	لحظات	-
341	تا	تا	تا	-
845	آخرین	آخرین	آخرین	-
843	لحظات	لحظ	لحظات	-
130	با	با	با	-
848	دوستان	دوس	دوستان	-
849	هستی	هست	هستی	-
7	.	.	.	-
851	بالغ	بالغ	بالغ	-
852	بر	بر	بر	-
853	۱۲	۱۲	۱۲	-
854	ساعت	ساع	ساعت	-
832	لذت	لذ	لذت	-
216	بردیم	برد	برد#بر	-
132	از	از	از	-
858	همجواری	همجوار	همجواری	-
848	دوستان	دوس	دوستان	-
7	.	.	.	-
861	بالاخره	بالاخره	بالاخره	-
862	اینکه	اینکه	اینکه	-
119	به	به	به	-
165	همه	همه	همه	-
865	جواب	جواب	جواب	-
866	میدم	مید	میدم	-
119	به	به	به	-
405	یه	یه	یه	-
869	دردی	درد	درد	-
222	داره	داره	داره	-
871	میخوره	میخوره	میخوره	-
7	.	.	.	-
405	یه	یه	یه	-
406	نفر	نفر	نفر	-
26	که	که	که	-
132	از	از	از	-
877	غذا	غذا	غذا	-
878	خوردن	خوردن	خوردن	-
209	،	،	،	-
797	آهنگ	آهنگ	آهنگ	-
549	گوش	گو	گوش	-
315	دادن	دادن	دادن	-
209	،	،	،	-
884	فیلم	فیل	فیلم	-
236	و	و	و	-
886	سریال	سریال	سریال	-
887	دیدن	دیدن	دیدن	-
236	و	و	و	-
889	ورزش	ورز	ورزش	-
575	کردن	کردن	کردن	-
832	لذت	لذ	لذت	-
892	ببره	ببره	ببره	-
893	نبود	نبود	بود#باش	-
125	؟	؟	؟	-
131	یکی	یک	یک	-
10	رو	رو	رو	-
294	هم	ه	هم	-
898	ناراحت	ناراح	ناراحت	-
92	کردم	کرد	کرد#کن	-
223	ولی	ول	ولی	-
901	خوشبختانه	خوشبختانه	خوشبختانه	-
902	سریعا	سریعا	سریعا	-
903	درستش	درست	درست	-
92	کردم	کرد	کرد#کن	-
7	.	.	.	-
906	آقا	آقا	آقا	-
907	کی	ک	کی	-
182	این	این	این	-
509	متن	متن	متن	-
10	رو	رو	رو	-
26	که	که	که	-
912	زمون	زمون	زمون	-
913	انتخابات	انتخاب	انتخابات	-
72	خیلی	خیل	خیلی	-
915	دست	دس	دست	-
119	به	به	به	-
915	دست	دس	دست	-
918	میشد	میشد	میشد	-
919	یادشه	یادشه	یادشه	-
125	؟	؟	؟	-
534	کاش	کا	کاش	-
922	انتقال	انتقال	انتقال	-
923	تجربیات	تجرب	تجربیات	-
924	راحت‌تر	راحت	راحت	-
77	بود	بود	بود#باش	-
236	و	و	و	-
927	می‌شد	می‌شد	شد#شو	-
119	به	به	به	-
929	کوچک‌ترها	کوچک‌تر	کوچک‌ترها	-
930	فهموند	فهموند	فهموند	-
26	که	که	که	-
18	چقدر	چقدر	چقدر	-
933	مهمن	مهمن	مهمن	-
7	.	.	.	-
861	بالاخره	بالاخره	بالاخره	-
405	یه	یه	یه	-
937	انیمیشن	انیمیشن	انیمیشن	-
26	که	که	که	-
48	وقتی	وقت	وقت	-
26	که	که	که	-
132	از	از	از	-
530	اول	اول	اول	-
341	تا	تا	تا	-
944	آخرش	آخر	آخر	-
130	با	با	با	-
946	کیفیت	کیف	کیفیت	-
947	بد	بد	بد	-
440	داد	داد	داد	-
949	نمیزنه	نمیزنه	نمیزنه	-
1	من	من	من	-
951	ایرانیم	ایران	ایران	-
441	!	!	!	-
953	علاوه	علاوه	علاوه	-
852	بر	بر	بر	-
862	اینکه	اینکه	اینکه	-
542	حرف	حرف	حرف	-
549	گوش	گو	گوش	-
958	نمی‌کنه	نمی‌کنه	نمی‌کنه	-
441	!	!	!	-
542	حرف	حرف	حرف	-
294	هم	ه	هم	-
962	نمی‌زنه	نمی‌زنه	نمی‌زنه	-
725	!!	!!	!!	-
861	بالاخره	بالاخره	بالاخره	-
965	بعد	بعد	بعد	-
132	از	از	از	-
967	چندین	چندین	چندین	-
968	سال	سال	سال	-
405	یه	یه	یه	-
970	اکیپ	اکیپ	اکیپ	-
78	دوست	دوس	دوست	-
604	پسر	پسر	پسر	-
973	پیدا	پیدا	پیدا	-
412	شده	شده	شده	-
26	که	که	که	-
976	باهاشون	باهاشون	باهاشون	-
72	خیلی	خیل	خیلی	-
978	راحتم	راح	راح	-
236	و	و	و	-
72	خیلی	خیل	خیلی	-
976	باهاشون	باهاشون	باهاشون	-
20	خوش	خو	خوش	-
395	میگذره	میگذره	میگذره	-
7	.	.	.	-
985	شکلات	شکل	شکلات	-
986	نازنین	نازنین	نازنین	-
1	من	من	من	-
26	که	که	که	-
989	روی	رو	روی	-
990	قفسه	قفسه	قفسه	-
77	بود	بود	بود#باش	-
10	رو	رو	رو	-
993	برداشتین	برداشتین	برداشتین	-
994	خوردین	خوردین	خوردین	-
125	؟	؟	؟	-
996	قدیما	قدیما	قدیما	-
26	که	که	که	-
316	گوشی	گوش	گوش	-
236	و	و	و	-
797	آهنگ	آهنگ	آهنگ	-
236	و	و	و	-
1002	اینا	اینا	اینا	-
893	نبود	نبود	بود#باش	-
300	تو	تو	تو	-
476	دستشویی	دستشو	دستشویی	-
1006	مجبور	مجبور	مجبور	-
359	بودیم	بود	بود#باش	-
1008	بشینیم	بشین	بشینیم	-
789	پشت	پ	پشت	-
1010	خمیردندون	خمیردندون	خمیردندون	-
1011	هارو	هارو	هارو	-
1012	بخونیم	بخون	بخونیم	-
26	که	که	که	-
1014	حوصله	حوصله	حوصله	-
1015	امون	امون	امون	-
80	سر	سر	سر	-
1017	نره	نره	نره	-
7	.	.	.	-
18	چقدر	چقدر	چقدر	-
182	این	این	این	-
1021	حسایی	حسا	حسایی	-
26	که	که	که	-
1023	ملغمه‌ای	ملغمه	ملغمه	-
132	از	از	از	-
1025	شادی	شاد	شادی	-
236	و	و	و	-
1027	غم‌ان	غم	غم	-
1028	خوبن	خوبن	خوبن	-
7	.	.	.	-
1030	اولین‌ها	اولین	اولین	-
72	خیلی	خیل	خیلی	-
1032	معروف	معروف	معروف	-
1033	می‌شن	می‌شن	می‌شن	-
441	!	!	!	-
1035	مثلا	مثلا	مثلا	-
842	اولین	اولین	اولین	-
722	کسی	کس	کس	-
26	که	که	که	-
1039	شبکه	شبکه	شبکه	-
1040	اجتماعی	اجتماع	اجتماع	-
1041	درست	درس	درست	-
89	کرد	کرد	کرد#کن	-
907	کی	ک	کی	-
77	بود	بود	بود#باش	-
125	؟	؟	؟	-
1046	آفرین	آفرین	آفرین	-
441	!	!	!	-
1048	زاکربرگ	زاکربرگ	زاکربرگ	-
441	!	!	!	-
223	ولی	ول	ولی	-
162	اون	اون	اون	-
1052	اولی	اول	اول	-
893	نبود	نبود	بود#باش	-
441	!	!	!	-
223	ولی	ول	ولی	-
1056	معروف‌ترین	معروف	معروف	-
77	بود	بود	بود#باش	-
7	.	.	.	-
132	از	از	از	-
836	خوبیای	خوبیا	خوبیای	-
1061	اینترنت	اینترن	اینترنت	-
498	میشه	میشه	میشه	-
119	به	به	به	-
1064	قسمت	قسم	قسمت	-
575	کردن	کردن	کردن	-
1066	شادی‌ها	شادی	شادی	-
130	با	با	با	-
131	یکی	یک	یک	-
132	از	از	از	-
162	اون	اون	اون	-
80	سر	سر	سر	-
1072	دنیا	دنیا	دنیا	-
1073	اشاره	اشاره	اشاره	-
89	کرد	کرد	کرد#کن	-
7	.	.	.	-
223	ولی	ول	ولی	-
164	دیگه	دیگه	دیگه	-
1078	بابابزرگم	بابابزرگ	بابابزرگ	-
755	نیست	نیس	نیست	-
26	که	که	که	-
130	با	با	با	-
294	هم	ه	هم	-
1083	بستنی	بستن	بستن	-
1084	بخوریم	بخور	خورد#خور	-
1085	قایمکی	قایمک	قایمکی	-
119	به	به	به	-
1087	دور	دور	دور	-
132	از	از	از	-
1089	چشم	چ	چشم	-
1090	مادربزرگ	مادربزرگ	مادربزرگ	-
7	.	.	.	-
119	به	به	به	-
342	یاد	یاد	یاد	-
370	آن	آن	آن	-
607	شب	شب	شب	-
215	در	در	در	-
1097	مشهد	مشهد	مشهد	-
26	که	که	که	-
132	از	از	از	-
806	خواب	خواب	خواب	-
130	با	با	با	-
622	گریه	گریه	گریه	-
1103	پاشدم	پاشد	پاشدم	-
236	و	و	و	-
1105	رفیقم	رفیق	رفیق	-
1106	کنارم	کنار	کنار	-
77	بود	بود	بود#باش	-
236	و	و	و	-
147	کلی	کل	کلی	-
1110	هوامو	هوامو	هوامو	-
1111	داشت	دا	داشت	-
7	.	.	.	-
