0	درهم‌تنیدگی	_	_	_	_
1	کوانتومی	_	_	_	_
2	می‌گوید	_	_	_	_
3	«	_	_	_	_
4	در	_	_	_	_
5	سامانه‌های	_	_	_	_
6	مرکب	_	_	_	_
7	با	_	_	_	_
8	وضعیت‌هایی	_	_	_	_
9	مواجه	_	_	_	_
10	می‌شویم	_	_	_	_
11	که	_	_	_	_
12	در	_	_	_	_
13	آن	_	_	_	_
14	اجزای	_	_	_	_
15	سامانه	_	_	_	_
16	دارای	_	_	_	_
17	هیچ	_	_	_	_
18	ویژگی	_	_	_	_
19	نیستند	_	_	_	_
20	بلکه	_	_	_	_
21	فقط	_	_	_	_
22	سامانه‌ی	_	_	_	_
23	کل	_	_	_	_
24	دارای	_	_	_	_
25	دسته‌ای	_	_	_	_
26	از	_	_	_	_
27	ویژگی‌ها	_	_	_	_
28	است	_	_	_	_
29	.	_	_	_	_
30	»	_	_	_	_

0	به	_	_	_	_
1	زبان	_	_	_	_
2	ساده	_	_	_	_
3	و	_	_	_	_
4	به	_	_	_	_
5	عنوان	_	_	_	_
6	اولین	_	_	_	_
7	مثال	_	_	_	_
8	تاریخی	_	_	_	_
9	،	_	_	_	_
10	درهم‌تنیدگی	_	_	_	_
11	جفت	_	_	_	_
12	شدن	_	_	_	_
13	خواص	_	_	_	_
14	مکانیکی	_	_	_	_
15	دو	_	_	_	_
16	ذره	_	_	_	_
17	است	_	_	_	_
18	،	_	_	_	_
19	ذراتی	_	_	_	_
20	که	_	_	_	_
21	پیش‌تر	_	_	_	_
22	با	_	_	_	_
23	یکدیگر	_	_	_	_
24	در	_	_	_	_
25	اندرکنش	_	_	_	_
26	بوده	_	_	_	_
27	و	_	_	_	_
28	سپس	_	_	_	_
29	از	_	_	_	_
30	یکدیگر	_	_	_	_
31	جدا	_	_	_	_
32	شده‌اند	_	_	_	_
33	.	_	_	_	_

0	درهم‌تنیدگی	_	_	_	_
1	برای	_	_	_	_
2	ذراتی	_	_	_	_
3	همچون	_	_	_	_
4	فوتون‌ها	_	_	_	_
5	،	_	_	_	_
6	الکترون‌ها	_	_	_	_
7	و	_	_	_	_
8	حتی	_	_	_	_
9	مولکول‌ها	_	_	_	_
10	رخ	_	_	_	_
11	می‌دهد	_	_	_	_
12	.	_	_	_	_

0	این	_	_	_	_
1	اندرکنش	_	_	_	_
2	فیزیکی	_	_	_	_
3	مربوط	_	_	_	_
4	به	_	_	_	_
5	خواصی	_	_	_	_
6	نظیر	_	_	_	_
7	مکان	_	_	_	_
8	،	_	_	_	_
9	تکانه	_	_	_	_
10	،	_	_	_	_
11	اسپین	_	_	_	_
12	و	_	_	_	_
13	قطبش	_	_	_	_
14	و	_	_	_	_
15	.	_	_	_	_
16	.	_	_	_	_
17	.	_	_	_	_
18	است	_	_	_	_
19	به	_	_	_	_
20	گونه‌ای	_	_	_	_
21	که	_	_	_	_
22	با	_	_	_	_
23	تعیین	_	_	_	_
24	هر	_	_	_	_
25	یک	_	_	_	_
26	از	_	_	_	_
27	خواص	_	_	_	_
28	برای	_	_	_	_
29	یکی	_	_	_	_
30	از	_	_	_	_
31	دو	_	_	_	_
32	ذره	_	_	_	_
33	همان	_	_	_	_
34	خاصیت	_	_	_	_
35	در	_	_	_	_
36	دیگری	_	_	_	_
37	تعیین	_	_	_	_
38	می‌شود	_	_	_	_
39	.	_	_	_	_

0	به	_	_	_	_
1	عبارت	_	_	_	_
2	دیگر	_	_	_	_
3	هر	_	_	_	_
4	یک	_	_	_	_
5	از	_	_	_	_
6	ذرات	_	_	_	_
7	جفت	_	_	_	_
8	شده	_	_	_	_
9	به	_	_	_	_
10	خوبی	_	_	_	_
11	توسط	_	_	_	_
12	حالت	_	_	_	_
13	کوانتومی	_	_	_	_
14	مشابه	_	_	_	_
15	توصیف	_	_	_	_
16	می‌شوند	_	_	_	_
17	.	_	_	_	_

0	فلسفه‌ای	_	_	_	_
1	که	_	_	_	_
2	منجر	_	_	_	_
3	به	_	_	_	_
4	شکل‌گیری‌ی	_	_	_	_
5	زبان‌های‌شی	_	_	_	_
6	گرا	_	_	_	_
7	شد	_	_	_	_
8	،	_	_	_	_
9	عبارت	_	_	_	_
10	بود	_	_	_	_
11	از	_	_	_	_
12	این	_	_	_	_
13	واقعیت	_	_	_	_
14	که	_	_	_	_
15	نحوه‌ی	_	_	_	_
16	عملکرد	_	_	_	_
17	مغز	_	_	_	_
18	و	_	_	_	_
19	شیوه‌ی	_	_	_	_
20	دریافت	_	_	_	_
21	اطلاعات	_	_	_	_
22	از	_	_	_	_
23	محیط	_	_	_	_
24	پیرامون	_	_	_	_
25	و	_	_	_	_
26	پردازش	_	_	_	_
27	آن	_	_	_	_
28	اطلاعات	_	_	_	_
29	(	_	_	_	_
30	اندیشیدن	_	_	_	_
31	)	_	_	_	_
32	،	_	_	_	_
33	شیوه‌ای‌شی	_	_	_	_
34	گراست	_	_	_	_
35	،	_	_	_	_
36	از	_	_	_	_
37	همین	_	_	_	_
38	روی	_	_	_	_
39	می‌بایستی	_	_	_	_
40	زبانی	_	_	_	_
41	تعریف	_	_	_	_
42	می‌شد	_	_	_	_
43	که	_	_	_	_
44	همین	_	_	_	_
45	شیوه	_	_	_	_
46	را	_	_	_	_
47	مبنای	_	_	_	_
48	کار	_	_	_	_
49	خود	_	_	_	_
50	قرار	_	_	_	_
51	داده	_	_	_	_
52	و	_	_	_	_
53	بازتولید	_	_	_	_
54	می‌کرد	_	_	_	_
55	؛	_	_	_	_
56	و	_	_	_	_
57	دقیقاً	_	_	_	_
58	به	_	_	_	_
59	همان	_	_	_	_
60	شکل	_	_	_	_
61	که	_	_	_	_
62	اشیا	_	_	_	_
63	در	_	_	_	_
64	جهان	_	_	_	_
65	خارج	_	_	_	_
66	،	_	_	_	_
67	دارای	_	_	_	_
68	هویت	_	_	_	_
69	و	_	_	_	_
70	کارکرد	_	_	_	_
71	مشخص	_	_	_	_
72	و	_	_	_	_
73	یگانه	_	_	_	_
74	برای	_	_	_	_
75	خود	_	_	_	_
76	هستند	_	_	_	_
77	و	_	_	_	_
78	درعین‌حال	_	_	_	_
79	با	_	_	_	_
80	دیگر	_	_	_	_
81	اشیا	_	_	_	_
82	در	_	_	_	_
83	ارتباطی	_	_	_	_
84	تنگاتنگ	_	_	_	_
85	و	_	_	_	_
86	مستقیم‌اند	_	_	_	_
87	،	_	_	_	_
88	در	_	_	_	_
89	زبان‌های	_	_	_	_
90	برنامه‌نویسی	_	_	_	_
91	نیز	_	_	_	_
92	می‌بایستی	_	_	_	_
93	این	_	_	_	_
94	اصول	_	_	_	_
95	کلی	_	_	_	_
96	برقرار	_	_	_	_
97	می‌شد	_	_	_	_
98	.	_	_	_	_

0	تابه	_	_	_	_
1	این	_	_	_	_
2	شکل	_	_	_	_
3	،	_	_	_	_
4	برنامه‌نویس	_	_	_	_
5	بتواند	_	_	_	_
6	با	_	_	_	_
7	بهره‌گیری	_	_	_	_
8	از	_	_	_	_
9	زبانی	_	_	_	_
10	که	_	_	_	_
11	به	_	_	_	_
12	روش	_	_	_	_
13	اندیشیدنش	_	_	_	_
14	،	_	_	_	_
15	نزدیکی	_	_	_	_
16	بیشتری	_	_	_	_
17	دارد	_	_	_	_
18	،	_	_	_	_
19	شی‌های	_	_	_	_
20	مختلفی	_	_	_	_
21	را	_	_	_	_
22	تعریف	_	_	_	_
23	نموده	_	_	_	_
24	،	_	_	_	_
25	این	_	_	_	_
26	شی‌ها	_	_	_	_
27	را	_	_	_	_
28	در	_	_	_	_
29	ارتباط	_	_	_	_
30	با	_	_	_	_
31	یکدیگر	_	_	_	_
32	قرار	_	_	_	_
33	داده	_	_	_	_
34	و	_	_	_	_
35	از	_	_	_	_
36	شی‌های	_	_	_	_
37	پویای	_	_	_	_
38	تولیدشده	_	_	_	_
39	برای	_	_	_	_
40	حل	_	_	_	_
41	مسئله‌ی	_	_	_	_
42	پیشروی	_	_	_	_
43	استفاده	_	_	_	_
44	نماید	_	_	_	_
45	.	_	_	_	_

0	امروزه	_	_	_	_
1	اکثر	_	_	_	_
2	زبان‌های	_	_	_	_
3	دستوری	_	_	_	_
4	برنامه‌نویسی	_	_	_	_
5	از	_	_	_	_
6	فنون	_	_	_	_
7	شی‌گرایی	_	_	_	_
8	پشتیبانی	_	_	_	_
9	می‌کنند	_	_	_	_
10	.	_	_	_	_

0	زبان‌هایی	_	_	_	_
1	مانند	_	_	_	_
2	جاوا	_	_	_	_
3	،	_	_	_	_
4	سی	_	_	_	_
5	+	_	_	_	_
6	+	_	_	_	_
7	،	_	_	_	_
8	سی	_	_	_	_
9	شارپ	_	_	_	_
10	،	_	_	_	_
11	دلفی	_	_	_	_
12	ازجمله	_	_	_	_
13	زبان‌های	_	_	_	_
14	شی‌گرا	_	_	_	_
15	هستند	_	_	_	_
16	.	_	_	_	_

0	حتی	_	_	_	_
1	بسیاری	_	_	_	_
2	از	_	_	_	_
3	زبان‌های	_	_	_	_
4	روال	_	_	_	_
5	گونه	_	_	_	_
6	که	_	_	_	_
7	ساختار	_	_	_	_
8	برنامه‌ها	_	_	_	_
9	در	_	_	_	_
10	آن‌ها	_	_	_	_
11	بلوک‌هایی	_	_	_	_
12	بانام	_	_	_	_
13	پروسیجر	_	_	_	_
14	است	_	_	_	_
15	امروزه	_	_	_	_
16	از	_	_	_	_
17	فنون	_	_	_	_
18	شی‌گرایی	_	_	_	_
19	نیز	_	_	_	_
20	پشتبانی	_	_	_	_
21	می‌کنند	_	_	_	_
22	.	_	_	_	_

0	زبان‌های	_	_	_	_
1	سی	_	_	_	_
2	+	_	_	_	_
3	+‌وپی‌اچ‌پی	_	_	_	_
4	از	_	_	_	_
5	این	_	_	_	_
6	جمله	_	_	_	_
7	هستند	_	_	_	_
8	.	_	_	_	_

0	هر	_	_	_	_
1	شی‌ء	_	_	_	_
2	یک	_	_	_	_
3	سری	_	_	_	_
4	خصوصیت	_	_	_	_
5	و	_	_	_	_
6	قابلیت	_	_	_	_
7	دارد	_	_	_	_
8	،	_	_	_	_
9	که	_	_	_	_
10	اصطلاحاً	_	_	_	_
11	Properties	_	_	_	_
12	و	_	_	_	_
13	Operation	_	_	_	_
14	خوانده‌می‌شوند	_	_	_	_
15	.	_	_	_	_

0	در	_	_	_	_
1	این	_	_	_	_
2	پارادایم	_	_	_	_
3	برنامه‌نویسی	_	_	_	_
4	،	_	_	_	_
5	دید	_	_	_	_
6	برنامه‌نویس	_	_	_	_
7	به	_	_	_	_
8	سیستم	_	_	_	_
9	دید	_	_	_	_
10	شخصی	_	_	_	_
11	است	_	_	_	_
12	که	_	_	_	_
13	سعی	_	_	_	_
14	می‌نماید	_	_	_	_
15	با	_	_	_	_
16	پیدا	_	_	_	_
17	کردن	_	_	_	_
18	اشیاء	_	_	_	_
19	مختلف	_	_	_	_
20	در	_	_	_	_
21	سیستم	_	_	_	_
22	و	_	_	_	_
23	برقراری	_	_	_	_
24	ارتباط	_	_	_	_
25	بین	_	_	_	_
26	آن‌ها	_	_	_	_
27	سیستم	_	_	_	_
28	را	_	_	_	_
29	تولید	_	_	_	_
30	نماید	_	_	_	_
31	.	_	_	_	_

0	ردیت	_	_	_	_
1	یک	_	_	_	_
2	وب‌گاه	_	_	_	_
3	برای	_	_	_	_
4	جمع‌آوری	_	_	_	_
5	اخبار	_	_	_	_
6	اجتماعی	_	_	_	_
7	که	_	_	_	_
8	در	_	_	_	_
9	آن	_	_	_	_
10	کاربران	_	_	_	_
11	ثبت‌نام‌کرده	_	_	_	_
12	قادرند	_	_	_	_
13	اخبار	_	_	_	_
14	را	_	_	_	_
15	در	_	_	_	_
16	قالب	_	_	_	_
17	لینک	_	_	_	_
18	یا	_	_	_	_
19	متن	_	_	_	_
20	ارسال	_	_	_	_
21	کنند	_	_	_	_
22	و	_	_	_	_
23	آن	_	_	_	_
24	را	_	_	_	_
25	با	_	_	_	_
26	دیگران	_	_	_	_
27	به	_	_	_	_
28	اشتراک	_	_	_	_
29	بگذارند	_	_	_	_
30	.	_	_	_	_

0	کاربران	_	_	_	_
1	می‌توانند	_	_	_	_
2	به	_	_	_	_
3	پست	_	_	_	_
4	یا	_	_	_	_
5	گزارش‌های	_	_	_	_
6	نوشته‌شده	_	_	_	_
7	رأی	_	_	_	_
8	دهند	_	_	_	_
9	و	_	_	_	_
10	جایگاه	_	_	_	_
11	آن	_	_	_	_
12	خبر	_	_	_	_
13	را	_	_	_	_
14	در	_	_	_	_
15	صفحات	_	_	_	_
16	ردیت	_	_	_	_
17	و	_	_	_	_
18	صفحه‌ی	_	_	_	_
19	اصلی	_	_	_	_
20	مشخص	_	_	_	_
21	کنند	_	_	_	_
22	.	_	_	_	_

0	درواقع	_	_	_	_
1	کاربران	_	_	_	_
2	هستند	_	_	_	_
3	که	_	_	_	_
4	در	_	_	_	_
5	ردیت	_	_	_	_
6	اهمیت	_	_	_	_
7	خبر	_	_	_	_
8	را	_	_	_	_
9	تعیین	_	_	_	_
10	می‌کنند	_	_	_	_
11	.	_	_	_	_

0	این	_	_	_	_
1	وب‌گاه	_	_	_	_
2	در	_	_	_	_
3	سال	_	_	_	_
4	۲۰۰۵	_	_	_	_
5	توسط	_	_	_	_
6	استیو	_	_	_	_
7	هافمن	_	_	_	_
8	و	_	_	_	_
9	الکسیس	_	_	_	_
10	اوهانیان	_	_	_	_
11	که	_	_	_	_
12	هر	_	_	_	_
13	دو	_	_	_	_
14	دانش	_	_	_	_
15	آموخته‌ی	_	_	_	_
16	دانشگاه	_	_	_	_
17	ویرجینیا	_	_	_	_
18	هستند	_	_	_	_
19	تأسیس	_	_	_	_
20	شد	_	_	_	_
21	.	_	_	_	_

0	دفتر	_	_	_	_
1	مرکزی	_	_	_	_
2	ردیت	_	_	_	_
3	در	_	_	_	_
4	سان‌فرانسیسکو	_	_	_	_
5	،	_	_	_	_
6	کالیفرنیا	_	_	_	_
7	در	_	_	_	_
8	ایالات‌متحده	_	_	_	_
9	آمریکا	_	_	_	_
10	است	_	_	_	_
11	.	_	_	_	_

0	درخشش	_	_	_	_
1	یا	_	_	_	_
2	تلألؤ	_	_	_	_
3	(	_	_	_	_
4	به	_	_	_	_
5	انگلیسی	_	_	_	_
6	:	_	_	_	_

0	The	_	_	_	_
1	Shining	_	_	_	_
2	)	_	_	_	_
3	فیلمی	_	_	_	_
4	در	_	_	_	_
5	سبک	_	_	_	_
6	ترسناک	_	_	_	_
7	روانشناسانه	_	_	_	_
8	محصول	_	_	_	_
9	آمریکا	_	_	_	_
10	و	_	_	_	_
11	بریتانیا	_	_	_	_
12	به	_	_	_	_
13	کارگردانی	_	_	_	_
14	و	_	_	_	_
15	تهیه‌کنندگی	_	_	_	_
16	استنلی	_	_	_	_
17	کو	_	_	_	_
18	بریک	_	_	_	_
19	است	_	_	_	_
20	که	_	_	_	_
21	در	_	_	_	_
22	سال	_	_	_	_
23	۱۹۸۰	_	_	_	_
24	منتشر	_	_	_	_
25	شد	_	_	_	_
26	.	_	_	_	_

0	فیلم‌نامه	_	_	_	_
1	این	_	_	_	_
2	کار	_	_	_	_
3	را	_	_	_	_
4	کو	_	_	_	_
5	بریک	_	_	_	_
6	ودایان	_	_	_	_
7	جانسون	_	_	_	_
8	،	_	_	_	_
9	رمان‌نویس	_	_	_	_
10	زاده	_	_	_	_
11	آمریکا	_	_	_	_
12	نوشتند	_	_	_	_
13	.	_	_	_	_

0	در	_	_	_	_
1	این	_	_	_	_
2	فیلم	_	_	_	_
3	هنرپیشگانی	_	_	_	_
4	همچون	_	_	_	_
5	جک	_	_	_	_
6	نیکلسون	_	_	_	_
7	،	_	_	_	_
8	شلی	_	_	_	_
9	دوو	_	_	_	_
10	ال	_	_	_	_
11	و	_	_	_	_
12	دنی	_	_	_	_
13	لوید	_	_	_	_
14	به	_	_	_	_
15	ایفای	_	_	_	_
16	نقش	_	_	_	_
17	پرداخته‌اند	_	_	_	_
18	.	_	_	_	_

0	درخشش	_	_	_	_
1	تنها	_	_	_	_
2	فیلم	_	_	_	_
3	کو	_	_	_	_
4	بریک	_	_	_	_
5	در	_	_	_	_
6	ژانر	_	_	_	_
7	وحشت	_	_	_	_
8	محسوب	_	_	_	_
9	می‌شود	_	_	_	_
10	.	_	_	_	_

0	فیلم	_	_	_	_
1	براساس	_	_	_	_
2	داستانی	_	_	_	_
3	به	_	_	_	_
4	همین	_	_	_	_
5	نام	_	_	_	_
6	از	_	_	_	_
7	استیون	_	_	_	_
8	کینگ	_	_	_	_
9	ساخته‌شد	_	_	_	_
10	.	_	_	_	_

0	جک	_	_	_	_
1	نیکلسون	_	_	_	_
2	در	_	_	_	_
3	معروف‌ترین	_	_	_	_
4	سکانس	_	_	_	_
5	فیلم	_	_	_	_

0	برداشت‌های	_	_	_	_
1	مکرر	_	_	_	_
2	کو	_	_	_	_
3	بریک	_	_	_	_
4	درحین	_	_	_	_
5	این	_	_	_	_
6	فیلم	_	_	_	_
7	یکی	_	_	_	_
8	از	_	_	_	_
9	ضرب‌المثل‌های	_	_	_	_
10	صنعت	_	_	_	_
11	فیلمسازی	_	_	_	_
12	شده‌است	_	_	_	_
13	.	_	_	_	_

0	او	_	_	_	_
1	۱۲۷	_	_	_	_
2	مرتبه	_	_	_	_
3	از	_	_	_	_
4	شلی	_	_	_	_
5	دوو	_	_	_	_
6	ال	_	_	_	_
7	برای	_	_	_	_
8	یکی	_	_	_	_
9	از	_	_	_	_
10	سکانس‌های	_	_	_	_
11	فیلم	_	_	_	_
12	فیلمبرداری	_	_	_	_
13	کرد	_	_	_	_
14	.	_	_	_	_

0	عصبیت	_	_	_	_
1	شلی	_	_	_	_
2	دوو	_	_	_	_
3	ال	_	_	_	_
4	در	_	_	_	_
5	فیلم	_	_	_	_
6	به	_	_	_	_
7	خوبی	_	_	_	_
8	مشهود	_	_	_	_
9	است	_	_	_	_
10	اسکتمن	_	_	_	_
11	کراترز	_	_	_	_
12	به	_	_	_	_
13	نقش	_	_	_	_
14	آشپز	_	_	_	_
15	سیاه‌پوست	_	_	_	_
16	هتل	_	_	_	_
17	مجبور	_	_	_	_
18	شد	_	_	_	_
19	۴۰	_	_	_	_
20	بار	_	_	_	_
21	صحنه	_	_	_	_
22	درگیری	_	_	_	_
23	با	_	_	_	_
24	تبر	_	_	_	_
25	را	_	_	_	_
26	بازی	_	_	_	_
27	کند	_	_	_	_
28	و	_	_	_	_
29	نهایتاً	_	_	_	_
30	دچار	_	_	_	_
31	فروپاشی	_	_	_	_
32	عصبی	_	_	_	_
33	شده	_	_	_	_
34	و	_	_	_	_
35	با	_	_	_	_
36	گریه	_	_	_	_
37	به	_	_	_	_
38	کو	_	_	_	_
39	بریک	_	_	_	_
40	گفت	_	_	_	_
41	:	_	_	_	_

0	«	_	_	_	_
1	آقای	_	_	_	_
2	کو	_	_	_	_
3	بریک	_	_	_	_
4	آخه	_	_	_	_
5	چی	_	_	_	_
6	از	_	_	_	_
7	جونم	_	_	_	_
8	میخواین	_	_	_	_
9	؟	_	_	_	_

0	»	_	_	_	_
1	اما	_	_	_	_
2	کو	_	_	_	_
3	بریک	_	_	_	_
4	سکانس	_	_	_	_
5	خروج	_	_	_	_
6	و	_	_	_	_
7	فوران	_	_	_	_
8	خون	_	_	_	_
9	از	_	_	_	_
10	درون	_	_	_	_
11	آسانسور	_	_	_	_
12	هتل	_	_	_	_
13	اورلووک	_	_	_	_
14	را	_	_	_	_
15	تنها	_	_	_	_
16	سه	_	_	_	_
17	مرتبه	_	_	_	_
18	تکرار	_	_	_	_
19	کرد	_	_	_	_
20	و	_	_	_	_
21	علت	_	_	_	_
22	به	_	_	_	_
23	سختی	_	_	_	_
24	تکرار	_	_	_	_
25	این	_	_	_	_
26	صحنه	_	_	_	_
27	بازمی‌گشت	_	_	_	_
28	که	_	_	_	_
29	هر	_	_	_	_
30	بار	_	_	_	_
31	آماده	_	_	_	_
32	کردن	_	_	_	_
33	آن	_	_	_	_
34	۹	_	_	_	_
35	ساعت	_	_	_	_
36	طول	_	_	_	_
37	می‌کشید	_	_	_	_
38	!	_	_	_	_

0	اما	_	_	_	_
1	کو	_	_	_	_
2	بریک	_	_	_	_
3	پس‌از	_	_	_	_
4	تماشای	_	_	_	_
5	سکانس	_	_	_	_
6	می‌گفت	_	_	_	_
7	:	_	_	_	_

0	«	_	_	_	_
1	نه	_	_	_	_
2	شبیه	_	_	_	_
3	خون	_	_	_	_
4	واقعی	_	_	_	_
5	نشد	_	_	_	_
6	.	_	_	_	_
7	»	_	_	_	_

0	نکته	_	_	_	_
1	جالب	_	_	_	_
2	درمورد	_	_	_	_
3	این	_	_	_	_
4	صحنه	_	_	_	_
5	این	_	_	_	_
6	بود	_	_	_	_
7	که	_	_	_	_
8	اداره	_	_	_	_
9	سانسور	_	_	_	_
10	انگلستان	_	_	_	_
11	از	_	_	_	_
12	وفور	_	_	_	_
13	این	_	_	_	_
14	همه	_	_	_	_
15	خون	_	_	_	_
16	در	_	_	_	_
17	یک	_	_	_	_
18	سکانس	_	_	_	_
19	به	_	_	_	_
20	تنگ	_	_	_	_
21	آمده	_	_	_	_
22	و	_	_	_	_
23	درجه	_	_	_	_
24	فیلم	_	_	_	_
25	را	_	_	_	_
26	فقط	_	_	_	_
27	برای	_	_	_	_
28	بزرگسالان	_	_	_	_
29	اعلام	_	_	_	_
30	نموده‌بود	_	_	_	_
31	اما	_	_	_	_
32	گویا	_	_	_	_
33	کو	_	_	_	_
34	بریک	_	_	_	_
35	با	_	_	_	_
36	زیرکی	_	_	_	_
37	آنها	_	_	_	_
38	را	_	_	_	_
39	قانع	_	_	_	_
40	کرد	_	_	_	_
41	که	_	_	_	_
42	این	_	_	_	_
43	مایع	_	_	_	_
44	لزج	_	_	_	_
45	،	_	_	_	_
46	خون	_	_	_	_
47	نبوده	_	_	_	_
48	بلکه	_	_	_	_
49	«	_	_	_	_
50	فاضلاب	_	_	_	_
51	»	_	_	_	_
52	است	_	_	_	_
53	.	_	_	_	_

0	بازیگر	_	_	_	_
1	نقش	_	_	_	_
2	بچه	_	_	_	_
3	فیلم	_	_	_	_
4	تا	_	_	_	_
5	۱۲	_	_	_	_
6	سالگی	_	_	_	_
7	نفهمید	_	_	_	_
8	که	_	_	_	_
9	در	_	_	_	_
10	فیلمی	_	_	_	_
11	ترسناک	_	_	_	_
12	بازی	_	_	_	_
13	کرده‌است	_	_	_	_
14	.	_	_	_	_

0	درصورتی‌که	_	_	_	_
1	در	_	_	_	_
2	۷	_	_	_	_
3	سالگی	_	_	_	_
4	این	_	_	_	_
5	نقش	_	_	_	_
6	را	_	_	_	_
7	بازی	_	_	_	_
8	کرده‌بود	_	_	_	_
9	.	_	_	_	_

0	کو	_	_	_	_
1	بریک	_	_	_	_
2	حس	_	_	_	_
3	مسئولیت	_	_	_	_
4	شدیدی	_	_	_	_
5	در	_	_	_	_
6	این	_	_	_	_
7	خصوص	_	_	_	_
8	احساس	_	_	_	_
9	می‌کرد	_	_	_	_
10	و	_	_	_	_
11	بدین	_	_	_	_
12	لحاظ	_	_	_	_
13	این	_	_	_	_
14	امر	_	_	_	_
15	را	_	_	_	_
16	از	_	_	_	_
17	کودک	_	_	_	_
18	هنرمند	_	_	_	_
19	پنهان	_	_	_	_
20	نگاهداشت	_	_	_	_
21	تابه	_	_	_	_
22	روحیه	_	_	_	_
23	او	_	_	_	_
24	لطمه‌ای	_	_	_	_
25	وارد	_	_	_	_
26	نگردد	_	_	_	_
27	.	_	_	_	_

0	حتی	_	_	_	_
1	بار	_	_	_	_
2	نخستی	_	_	_	_
3	که	_	_	_	_
4	دنی	_	_	_	_
5	لوید	_	_	_	_
6	این	_	_	_	_
7	فیلم	_	_	_	_
8	را	_	_	_	_
9	واقعاً	_	_	_	_
10	تماشا	_	_	_	_
11	کرد	_	_	_	_
12	با	_	_	_	_
13	خود	_	_	_	_
14	استنلی	_	_	_	_
15	کو	_	_	_	_
16	بریک	_	_	_	_
17	بود	_	_	_	_
18	.	_	_	_	_

0	زلاتان	_	_	_	_
1	برای	_	_	_	_
2	اولین	_	_	_	_
3	بار	_	_	_	_
4	در	_	_	_	_
5	سال	_	_	_	_
6	۱۹۹۶	_	_	_	_
7	با	_	_	_	_
8	مالمو	_	_	_	_
9	قرارداد	_	_	_	_
10	بست	_	_	_	_
11	و	_	_	_	_
12	در	_	_	_	_
13	سال	_	_	_	_
14	۱۹۹۹	_	_	_	_
15	در	_	_	_	_
16	ترکیب	_	_	_	_
17	تیم	_	_	_	_
18	اول	_	_	_	_
19	این	_	_	_	_
20	تیم	_	_	_	_
21	در	_	_	_	_
22	لیگ	_	_	_	_
23	اول	_	_	_	_
24	سوئد	_	_	_	_
25	قرار	_	_	_	_
26	گرفت	_	_	_	_
27	که	_	_	_	_
28	در	_	_	_	_
29	این	_	_	_	_
30	سال	_	_	_	_
31	این	_	_	_	_
32	تیم	_	_	_	_
33	با	_	_	_	_
34	رتبه	_	_	_	_
35	سیزدهم	_	_	_	_
36	به	_	_	_	_
37	لیگ	_	_	_	_
38	دوم	_	_	_	_
39	سقوط	_	_	_	_
40	کرد	_	_	_	_
41	ولی	_	_	_	_
42	فصل	_	_	_	_
43	بعد	_	_	_	_
44	به	_	_	_	_
45	لیگ	_	_	_	_
46	اول	_	_	_	_
47	بازگشت	_	_	_	_
48	.	_	_	_	_

0	پیش‌ازآن‌که	_	_	_	_
1	لئو	_	_	_	_
2	بین‌ها	_	_	_	_
3	کر	_	_	_	_
4	سرمربی	_	_	_	_
5	آژاکس	_	_	_	_
6	علاقه	_	_	_	_
7	خود	_	_	_	_
8	را	_	_	_	_
9	برای	_	_	_	_
10	جذب	_	_	_	_
11	این	_	_	_	_
12	بازیکن	_	_	_	_
13	نشان	_	_	_	_
14	دهد	_	_	_	_
15	این	_	_	_	_
16	آرسن	_	_	_	_
17	ونگر	_	_	_	_
18	بود	_	_	_	_
19	که	_	_	_	_
20	زلاتان	_	_	_	_
21	را	_	_	_	_
22	کشف	_	_	_	_
23	کرد	_	_	_	_
24	اما	_	_	_	_
25	طی	_	_	_	_
26	تلاشی	_	_	_	_
27	ناموفق	_	_	_	_
28	برای	_	_	_	_
29	انتقال	_	_	_	_
30	وی	_	_	_	_
31	به	_	_	_	_
32	آرسنال	_	_	_	_
33	ابراهیموویچ	_	_	_	_
34	به	_	_	_	_
35	آژاکس	_	_	_	_
36	پیوست	_	_	_	_
37	.	_	_	_	_

0	در	_	_	_	_
1	۲۲	_	_	_	_
2	مارس	_	_	_	_
3	۲۰۰۱	_	_	_	_
4	ابراهیموویچ	_	_	_	_
5	با	_	_	_	_
6	قراردادی	_	_	_	_
7	معادل	_	_	_	_
8	۸۰	_	_	_	_
9	میلیون	_	_	_	_
10	کرون	_	_	_	_
11	سوئد	_	_	_	_
12	به	_	_	_	_
13	آژاکس	_	_	_	_
14	پیوست	_	_	_	_
15	.	_	_	_	_

0	«	_	_	_	_
1	قدرت	_	_	_	_
2	فقط	_	_	_	_
3	نصیب	_	_	_	_
4	کسانی	_	_	_	_
5	می‌شود	_	_	_	_
6	که	_	_	_	_
7	جرات	_	_	_	_
8	کنند	_	_	_	_
9	خم	_	_	_	_
10	شوند	_	_	_	_
11	و	_	_	_	_
12	آن	_	_	_	_
13	را	_	_	_	_
14	به	_	_	_	_
15	دقت	_	_	_	_
16	بگیرند	_	_	_	_
17	.	_	_	_	_

0	فقط	_	_	_	_
1	یک	_	_	_	_
2	چیز	_	_	_	_
3	مهم	_	_	_	_
4	است	_	_	_	_
5	:	_	_	_	_

0	باید	_	_	_	_
1	فقط	_	_	_	_
2	جرات	_	_	_	_
3	داشت	_	_	_	_
4	.	_	_	_	_

0	لازم	_	_	_	_
1	بود	_	_	_	_
2	بدانم	_	_	_	_
3	که	_	_	_	_
4	آیا	_	_	_	_
5	من	_	_	_	_
6	هم	_	_	_	_
7	مانند	_	_	_	_
8	همه‌ی	_	_	_	_
9	مردم	_	_	_	_
10	شپش	_	_	_	_
11	هستم	_	_	_	_
12	یا	_	_	_	_
13	انسانم	_	_	_	_
14	؟	_	_	_	_

0	آیا	_	_	_	_
1	من	_	_	_	_
2	می‌توانم	_	_	_	_
3	از	_	_	_	_
4	حد	_	_	_	_
5	معین	_	_	_	_
6	تجاوز	_	_	_	_
7	کنم	_	_	_	_
8	،	_	_	_	_
9	یا	_	_	_	_
10	نمی‌توانم	_	_	_	_
11	؟	_	_	_	_

0	آیا	_	_	_	_
1	جسارت	_	_	_	_
2	این	_	_	_	_
3	را	_	_	_	_
4	دارم	_	_	_	_
5	که	_	_	_	_
6	خم	_	_	_	_
7	شوم	_	_	_	_
8	و	_	_	_	_
9	آنچه	_	_	_	_
10	را	_	_	_	_
11	می‌خواهم	_	_	_	_
12	،	_	_	_	_
13	بردارم	_	_	_	_
14	یا	_	_	_	_
15	نه	_	_	_	_
16	آیا	_	_	_	_
17	موجودی	_	_	_	_
18	ترسو	_	_	_	_
19	و	_	_	_	_
20	بزدلم	_	_	_	_
21	یا	_	_	_	_
22	صاحب	_	_	_	_
23	حق	_	_	_	_
24	و	_	_	_	_
25	اختیار	_	_	_	_
26	هستم	_	_	_	_
27	؟	_	_	_	_

0	»	_	_	_	_

0	«	_	_	_	_
1	قابل‌توجه	_	_	_	_
2	است	_	_	_	_
3	که	_	_	_	_
4	بیشتر	_	_	_	_
5	اشخاص	_	_	_	_
6	نیکوکار	_	_	_	_
7	و	_	_	_	_
8	بنیانگذار	_	_	_	_
9	اصول	_	_	_	_
10	انسانیت	_	_	_	_
11	،	_	_	_	_
12	مر	_	_	_	_
13	دمانی	_	_	_	_
14	بودند	_	_	_	_
15	بی‌نهایت	_	_	_	_
16	خون‌ریز	_	_	_	_
17	.	_	_	_	_

0	همه	_	_	_	_
1	،	_	_	_	_
2	و	_	_	_	_
3	نه	_	_	_	_
4	اشخاص	_	_	_	_
5	بزرگ	_	_	_	_
6	،	_	_	_	_
7	بلکه	_	_	_	_
8	حتی	_	_	_	_
9	آن‌هایی	_	_	_	_
10	که	_	_	_	_
11	فقط	_	_	_	_
12	کمی	_	_	_	_
13	بیرون	_	_	_	_
14	از	_	_	_	_
15	چهارچوب	_	_	_	_
16	معمول	_	_	_	_
17	هستند	_	_	_	_
18	،	_	_	_	_
19	یعنی	_	_	_	_
20	حتی	_	_	_	_
21	آن‌هایی	_	_	_	_
22	که	_	_	_	_
23	اندکی	_	_	_	_
24	توانایی	_	_	_	_
25	گفتن	_	_	_	_
26	سخن	_	_	_	_
27	نو	_	_	_	_
28	را	_	_	_	_
29	دارند	_	_	_	_
30	،	_	_	_	_
31	قاعدتاً	_	_	_	_
32	باید	_	_	_	_
33	،	_	_	_	_
34	بنابر	_	_	_	_
35	طبیعت	_	_	_	_
36	خود	_	_	_	_
37	،	_	_	_	_
38	کم‌وبیش	_	_	_	_
39	متجاوز	_	_	_	_
40	باشند	_	_	_	_
41	.	_	_	_	_

0	اگر	_	_	_	_
1	جز	_	_	_	_
2	این	_	_	_	_
3	باشد	_	_	_	_
4	مشکل	_	_	_	_
5	است	_	_	_	_
6	آن‌ها	_	_	_	_
7	از	_	_	_	_
8	چهار	_	_	_	_
9	دیوار	_	_	_	_
10	خود	_	_	_	_
11	به	_	_	_	_
12	درآیند	_	_	_	_
13	،	_	_	_	_
14	و	_	_	_	_
15	از	_	_	_	_
16	ماندن	_	_	_	_
17	در	_	_	_	_
18	آن	_	_	_	_
19	چهارچوب	_	_	_	_
20	به	_	_	_	_
21	خاطر	_	_	_	_
22	طبع	_	_	_	_
23	خود	_	_	_	_
24	،	_	_	_	_
25	نمی‌توانند	_	_	_	_
26	راضی	_	_	_	_
27	باشند	_	_	_	_
28	.	_	_	_	_
29	»	_	_	_	_

0	«	_	_	_	_
1	همه	_	_	_	_
2	قاتلن	_	_	_	_
3	؛	_	_	_	_
4	همیشه	_	_	_	_
5	زمین	_	_	_	_
6	جاری	_	_	_	_
7	از	_	_	_	_
8	خون	_	_	_	_
9	بوده	_	_	_	_
10	.	_	_	_	_

0	روی	_	_	_	_
1	زمین	_	_	_	_
2	کسایی	_	_	_	_
3	که	_	_	_	_
4	قتل	_	_	_	_
5	می‌کنن	_	_	_	_
6	بعدها	_	_	_	_
7	صاحب	_	_	_	_
8	بزرگ‌ترین	_	_	_	_
9	افتخارها	_	_	_	_
10	شدن	_	_	_	_
11	.	_	_	_	_

0	من	_	_	_	_
1	فقط	_	_	_	_
2	می‌خواستم	_	_	_	_
3	به	_	_	_	_
4	مردم	_	_	_	_
5	خوبی	_	_	_	_
6	کنم	_	_	_	_
7	.	_	_	_	_

0	کشتن	_	_	_	_
1	یک	_	_	_	_
2	پیرزن	_	_	_	_
3	رباخوار	_	_	_	_
4	و	_	_	_	_
5	از	_	_	_	_
6	بین	_	_	_	_
7	بردن	_	_	_	_
8	یک	_	_	_	_
9	حشره‌ی	_	_	_	_
10	کثیف	_	_	_	_
11	،	_	_	_	_
12	کجاش	_	_	_	_
13	جنایته	_	_	_	_
14	؟	_	_	_	_

0	»	_	_	_	_

0	«	_	_	_	_
1	همه	_	_	_	_
2	چیزم	_	_	_	_
3	را	_	_	_	_
4	باخته‌بودم	_	_	_	_
5	.	_	_	_	_

0	همه	_	_	_	_
1	چیزم	_	_	_	_
2	را	_	_	_	_
3	!	_	_	_	_

0	از	_	_	_	_
1	کازینو	_	_	_	_
2	بیرون	_	_	_	_
3	آمدم	_	_	_	_
4	.	_	_	_	_

0	آن	_	_	_	_
1	وقت	_	_	_	_
2	دیدم	_	_	_	_
3	یک	_	_	_	_
4	گولدن	_	_	_	_
5	ته	_	_	_	_
6	جیب	_	_	_	_
7	جلیقه‌ام	_	_	_	_
8	مانده	_	_	_	_
9	.	_	_	_	_

0	گفتم	_	_	_	_
1	:	_	_	_	_

0	«	_	_	_	_
1	آه	_	_	_	_
2	پس	_	_	_	_
3	هنوز	_	_	_	_
4	می‌توانم	_	_	_	_
5	غذایی	_	_	_	_
6	بخورم	_	_	_	_
7	!	_	_	_	_

0	»	_	_	_	_
1	اما	_	_	_	_
2	صد	_	_	_	_
3	قدم	_	_	_	_
4	نرفته‌بودم	_	_	_	_
5	که	_	_	_	_
6	تصمیمم	_	_	_	_
7	عوض	_	_	_	_
8	شد	_	_	_	_
9	.	_	_	_	_

0	برگشتم	_	_	_	_
1	و	_	_	_	_
2	یک	_	_	_	_
3	گولدن	_	_	_	_
4	را	_	_	_	_
5	روی	_	_	_	_
6	مانک	_	_	_	_
7	گذاشتم	_	_	_	_
8	(	_	_	_	_
9	بله	_	_	_	_
10	خوب	_	_	_	_
11	به	_	_	_	_
12	یاد	_	_	_	_
13	دارم	_	_	_	_
14	.	_	_	_	_

0	روی	_	_	_	_
1	مانک	_	_	_	_
2	)	_	_	_	_
3	و	_	_	_	_
4	جداً	_	_	_	_
5	وقتی	_	_	_	_
6	آدم	_	_	_	_
7	در	_	_	_	_
8	کشوری	_	_	_	_
9	بیگانه	_	_	_	_
10	دور	_	_	_	_
11	از	_	_	_	_
12	وطن	_	_	_	_
13	و	_	_	_	_
14	کس	_	_	_	_
15	و	_	_	_	_
16	کارش	_	_	_	_
17	تنهاست	_	_	_	_
18	و	_	_	_	_
19	نمی‌داند	_	_	_	_
20	که	_	_	_	_
21	همان	_	_	_	_
22	روز	_	_	_	_
23	چه	_	_	_	_
24	خواهد‌خورد	_	_	_	_
25	و	_	_	_	_
26	می‌خواهد	_	_	_	_
27	آخرین	_	_	_	_
28	گولدن	_	_	_	_
29	خود	_	_	_	_
30	را	_	_	_	_
31	آخرینش	_	_	_	_
32	را	_	_	_	_
33	به	_	_	_	_
34	خطر	_	_	_	_
35	اندازد	_	_	_	_
36	احساس	_	_	_	_
37	عجیبی	_	_	_	_
38	دارد	_	_	_	_
39	.	_	_	_	_

0	اما	_	_	_	_
1	خطر	_	_	_	_
2	کردم	_	_	_	_
3	و	_	_	_	_
4	بردم	_	_	_	_
5	و	_	_	_	_
6	بیست	_	_	_	_
7	دقیقه	_	_	_	_
8	بعد	_	_	_	_
9	با	_	_	_	_
10	صد	_	_	_	_
11	و	_	_	_	_
12	هفتاد	_	_	_	_
13	گولدن	_	_	_	_
14	در	_	_	_	_
15	جیب	_	_	_	_
16	از	_	_	_	_
17	کازینو	_	_	_	_
18	بیرون	_	_	_	_
19	آمدم	_	_	_	_
20	.	_	_	_	_

0	این	_	_	_	_
1	یک	_	_	_	_
2	واقعیت	_	_	_	_
3	است	_	_	_	_
4	.	_	_	_	_

0	گاهی	_	_	_	_
1	آخرین	_	_	_	_
2	گولدن	_	_	_	_
3	چه	_	_	_	_
4	کارها	_	_	_	_
5	می‌کند	_	_	_	_
6	!	_	_	_	_

0	اگر	_	_	_	_
1	شکستم	_	_	_	_
2	را	_	_	_	_
3	پذیرفته‌بودم	_	_	_	_
4	اگر	_	_	_	_
5	جرئت	_	_	_	_
6	تصمیم	_	_	_	_
7	نمی‌داشتم	_	_	_	_
8	چه	_	_	_	_
9	شده‌بود	_	_	_	_
10	؟	_	_	_	_

0	…	_	_	_	_
1	فردا	_	_	_	_
2	،	_	_	_	_
3	فردا	_	_	_	_
4	،	_	_	_	_
5	همه‌چیزتمام	_	_	_	_
6	خواهد‌شد	_	_	_	_
7	.	_	_	_	_
8	»	_	_	_	_

