0	دانشکده	_	_	_	_
1	مدیریت	_	_	_	_
2	دانشگاه	_	_	_	_
3	تهران	_	_	_	_
4	؛	_	_	_	_
5	داده	_	_	_	_
6	کاوی	_	_	_	_
7	چیست	_	_	_	_
8	و	_	_	_	_
9	چه	_	_	_	_
10	فایده‌ای	_	_	_	_
11	دارد	_	_	_	_
12	؟	_	_	_	_

0	داده	_	_	_	_
1	کاوی	_	_	_	_
2	علم	_	_	_	_
3	و	_	_	_	_
4	فنی	_	_	_	_
5	است	_	_	_	_
6	که	_	_	_	_
7	در	_	_	_	_
8	سال‌های	_	_	_	_
9	اخیر	_	_	_	_
10	و	_	_	_	_
11	با	_	_	_	_
12	گسترش	_	_	_	_
13	استفاده	_	_	_	_
14	از	_	_	_	_
15	فناوری	_	_	_	_
16	اطلاعات	_	_	_	_
17	و	_	_	_	_
18	سیستم‌های	_	_	_	_
19	اطلاعاتی	_	_	_	_
20	مورد	_	_	_	_
21	توجه	_	_	_	_
22	سازمان‌ها	_	_	_	_
23	قرار	_	_	_	_
24	گرفت	_	_	_	_
25	.	_	_	_	_

0	داده	_	_	_	_
1	کاوی	_	_	_	_
2	کاربردهای	_	_	_	_
3	مختلفی	_	_	_	_
4	برای	_	_	_	_
5	سازمان‌ها	_	_	_	_
6	دارد	_	_	_	_
7	و	_	_	_	_
8	می‌تواند	_	_	_	_
9	برای	_	_	_	_
10	شرکت‌ها	_	_	_	_
11	در	_	_	_	_
12	زمینه‌های	_	_	_	_
13	مهمی	_	_	_	_
14	مثل	_	_	_	_
15	بازاریابی	_	_	_	_
16	و	_	_	_	_
17	فروش	_	_	_	_
18	بسیار	_	_	_	_
19	راهگشا	_	_	_	_
20	و	_	_	_	_
21	مفید	_	_	_	_
22	باشد	_	_	_	_
23	.	_	_	_	_

0	درادامه	_	_	_	_
1	با	_	_	_	_
2	مفهوم	_	_	_	_
3	داده	_	_	_	_
4	و	_	_	_	_
5	اطلاعات	_	_	_	_
6	آشنا	_	_	_	_
7	می‌شویم	_	_	_	_
8	و	_	_	_	_
9	سپس	_	_	_	_
10	با	_	_	_	_
11	معنای	_	_	_	_
12	داده	_	_	_	_
13	کاوی	_	_	_	_
14	و	_	_	_	_
15	کاربردهای	_	_	_	_
16	آن	_	_	_	_
17	بیشتر	_	_	_	_
18	آشنا	_	_	_	_
19	خواهیم‌شد	_	_	_	_
20	:	_	_	_	_

0	داده	_	_	_	_
1	با	_	_	_	_
2	اطلاعات	_	_	_	_
3	چه	_	_	_	_
4	فرقی	_	_	_	_
5	دارد	_	_	_	_
6	؟	_	_	_	_

0	بسیاری	_	_	_	_
1	از	_	_	_	_
2	مردم	_	_	_	_
3	به	_	_	_	_
4	اشتباه	_	_	_	_
5	می‌پندارند	_	_	_	_
6	که	_	_	_	_
7	داده	_	_	_	_
8	با	_	_	_	_
9	اطلاعات	_	_	_	_
10	تفاوت	_	_	_	_
11	ندارد	_	_	_	_
12	و	_	_	_	_
13	عموماً	_	_	_	_
14	این	_	_	_	_
15	دو	_	_	_	_
16	واژه	_	_	_	_
17	را	_	_	_	_
18	به	_	_	_	_
19	جای	_	_	_	_
20	هم	_	_	_	_
21	استفاده	_	_	_	_
22	می‌کنند	_	_	_	_
23	.	_	_	_	_

0	داده	_	_	_	_
1	می‌تواند	_	_	_	_
2	هر	_	_	_	_
3	نوع	_	_	_	_
4	از	_	_	_	_
5	کاراکتر	_	_	_	_
6	شامل	_	_	_	_
7	متن	_	_	_	_
8	،	_	_	_	_
9	عدد	_	_	_	_
10	،	_	_	_	_
11	کلمه	_	_	_	_
12	،	_	_	_	_
13	صدا	_	_	_	_
14	و	_	_	_	_
15	تصویر	_	_	_	_
16	باشد	_	_	_	_
17	و	_	_	_	_
18	درصورتی‌که	_	_	_	_
19	توسط	_	_	_	_
20	انسان	_	_	_	_
21	مشاهده	_	_	_	_
22	شود	_	_	_	_
23	لزوماً	_	_	_	_
24	معنای	_	_	_	_
25	خاصی	_	_	_	_
26	هم	_	_	_	_
27	دربر	_	_	_	_
28	نخواهد‌داشت	_	_	_	_
29	.	_	_	_	_

0	داده‌ها	_	_	_	_
1	عموماً	_	_	_	_
2	خام	_	_	_	_
3	،	_	_	_	_
4	دسته‌بندی	_	_	_	_
5	و	_	_	_	_
6	طبقه‌بندی	_	_	_	_
7	نشده	_	_	_	_
8	هستند	_	_	_	_
9	و	_	_	_	_
10	درصورتی‌که	_	_	_	_
11	بخواهیم	_	_	_	_
12	از	_	_	_	_
13	آنها	_	_	_	_
14	به	_	_	_	_
15	صورت	_	_	_	_
16	مستقیم	_	_	_	_
17	استفاده	_	_	_	_
18	کنیم	_	_	_	_
19	عموماً	_	_	_	_
20	بی‌فایده	_	_	_	_
21	خواهد‌بود	_	_	_	_
22	.	_	_	_	_

0	حال	_	_	_	_
1	آنکه	_	_	_	_
2	پس‌از	_	_	_	_
3	طبقه‌بندی	_	_	_	_
4	،	_	_	_	_
5	دسته‌بندی	_	_	_	_
6	و	_	_	_	_
7	ساختارد	_	_	_	_
8	هی	_	_	_	_
9	به	_	_	_	_
10	داده‌ها	_	_	_	_
11	اطلاعات	_	_	_	_
12	به	_	_	_	_
13	وجود	_	_	_	_
14	می‌آید	_	_	_	_
15	.	_	_	_	_

0	می‌توان	_	_	_	_
1	از	_	_	_	_
2	داده‌ها	_	_	_	_
3	برای	_	_	_	_
4	تصمیم‌گیری	_	_	_	_
5	و	_	_	_	_
6	یا	_	_	_	_
7	ایجاد	_	_	_	_
8	دانش	_	_	_	_
9	درمورد	_	_	_	_
10	یک	_	_	_	_
11	مقوله	_	_	_	_
12	استفاده	_	_	_	_
13	کرد	_	_	_	_
14	.	_	_	_	_

0	اطلاعات	_	_	_	_
1	عموماً	_	_	_	_
2	برای	_	_	_	_
3	کاربر	_	_	_	_
4	مفهوم	_	_	_	_
5	دارد	_	_	_	_
6	و	_	_	_	_
7	قابل‌استفاده	_	_	_	_
8	است	_	_	_	_
9	.	_	_	_	_

0	مثال	_	_	_	_
1	:	_	_	_	_

0	تاریخ	_	_	_	_
1	دمای	_	_	_	_
2	سراسر	_	_	_	_
3	جهان	_	_	_	_
4	درصد	_	_	_	_
5	سال	_	_	_	_
6	گذشته	_	_	_	_
7	داده‌است	_	_	_	_
8	،	_	_	_	_
9	حال	_	_	_	_
10	آنکه	_	_	_	_
11	روند	_	_	_	_
12	افزایش	_	_	_	_
13	یا	_	_	_	_
14	کاهش	_	_	_	_
15	دما	_	_	_	_
16	در	_	_	_	_
17	این	_	_	_	_
18	سال‌ها	_	_	_	_
19	یک	_	_	_	_
20	اطلاعات	_	_	_	_
21	است	_	_	_	_
22	.	_	_	_	_

0	نمرات	_	_	_	_
1	دانشجویان	_	_	_	_
2	یک	_	_	_	_
3	کلاس	_	_	_	_
4	داده‌است	_	_	_	_
5	،	_	_	_	_
6	اما	_	_	_	_
7	ترتیب	_	_	_	_
8	نمرات	_	_	_	_
9	،	_	_	_	_
10	میانگین	_	_	_	_
11	،	_	_	_	_
12	و	_	_	_	_
13	ارتباط	_	_	_	_
14	نمره	_	_	_	_
15	این	_	_	_	_
16	درس	_	_	_	_
17	با	_	_	_	_
18	معدل	_	_	_	_
19	دانشجو	_	_	_	_
20	یا	_	_	_	_
21	یک	_	_	_	_
22	درس	_	_	_	_
23	دیگر	_	_	_	_
24	یک	_	_	_	_
25	نمونه	_	_	_	_
26	از	_	_	_	_
27	اطلاعات	_	_	_	_
28	است	_	_	_	_
29	.	_	_	_	_

0	انبوه	_	_	_	_
1	داده	_	_	_	_
2	بلای	_	_	_	_
3	جان	_	_	_	_
4	سازمان‌ها	_	_	_	_

0	یک	_	_	_	_
1	کسب‌وکار	_	_	_	_
2	فرضی	_	_	_	_
3	فعال	_	_	_	_
4	درزمینه	_	_	_	_
5	فروش	_	_	_	_
6	را	_	_	_	_
7	در	_	_	_	_
8	نظر	_	_	_	_
9	بگیرید	_	_	_	_
10	،	_	_	_	_
11	این	_	_	_	_
12	سازمان	_	_	_	_
13	هرروز	_	_	_	_
14	صدها	_	_	_	_
15	مورد	_	_	_	_
16	فروش	_	_	_	_
17	را	_	_	_	_
18	از	_	_	_	_
19	ده‌ها	_	_	_	_
20	مشتری	_	_	_	_
21	ثبت	_	_	_	_
22	می‌کند	_	_	_	_
23	،	_	_	_	_
24	تمام	_	_	_	_
25	داده‌های	_	_	_	_
26	مربوط	_	_	_	_
27	به	_	_	_	_
28	یک	_	_	_	_
29	خرید	_	_	_	_
30	ازجمله	_	_	_	_
31	نام	_	_	_	_
32	و	_	_	_	_
33	قیمت	_	_	_	_
34	و	_	_	_	_
35	دسته	_	_	_	_
36	کالاها	_	_	_	_
37	و	_	_	_	_
38	اطلاعات	_	_	_	_
39	مربوط	_	_	_	_
40	به	_	_	_	_
41	خریدار	_	_	_	_
42	را	_	_	_	_
43	ثبت	_	_	_	_
44	می‌کند	_	_	_	_
45	.	_	_	_	_

0	پس‌از	_	_	_	_
1	گذشت	_	_	_	_
2	مدتی	_	_	_	_
3	این	_	_	_	_
4	سازمان	_	_	_	_
5	انبوهی	_	_	_	_
6	از	_	_	_	_
7	داده‌ها	_	_	_	_
8	بی‌معنا	_	_	_	_
9	دارد	_	_	_	_
10	که	_	_	_	_
11	نمی‌تواند	_	_	_	_
12	از	_	_	_	_
13	آنها	_	_	_	_
14	بهره	_	_	_	_
15	ببرد	_	_	_	_
16	.	_	_	_	_

0	این	_	_	_	_
1	سازمان	_	_	_	_
2	اگر	_	_	_	_
3	بخواهد‌بفهمد	_	_	_	_
4	کدام	_	_	_	_
5	مشتریان	_	_	_	_
6	از	_	_	_	_
7	چه	_	_	_	_
8	کالایی	_	_	_	_
9	بیشتر	_	_	_	_
10	خوششان	_	_	_	_
11	آمده	_	_	_	_
12	راهی	_	_	_	_
13	ندارد	_	_	_	_
14	،	_	_	_	_
15	نمی‌تواند	_	_	_	_
16	بفهمد	_	_	_	_
17	خریداران	_	_	_	_
18	با	_	_	_	_
19	هزینه	_	_	_	_
20	بالا	_	_	_	_
21	از	_	_	_	_
22	چه	_	_	_	_
23	کالایی	_	_	_	_
24	خرید	_	_	_	_
25	می‌کنند	_	_	_	_
26	و	_	_	_	_
27	خریداران	_	_	_	_
28	با	_	_	_	_
29	سبد	_	_	_	_
30	قیمتی	_	_	_	_
31	پایین	_	_	_	_
32	چه	_	_	_	_
33	کالایی	_	_	_	_
34	را	_	_	_	_
35	می‌پسندند	_	_	_	_
36	؛	_	_	_	_
37	نمی‌داند	_	_	_	_
38	کدام	_	_	_	_
39	کالا	_	_	_	_
40	فروش	_	_	_	_
41	بهتری	_	_	_	_
42	دارد	_	_	_	_
43	،	_	_	_	_
44	چه	_	_	_	_
45	کالایی	_	_	_	_
46	در	_	_	_	_
47	انبار	_	_	_	_
48	می‌ماند	_	_	_	_
49	،	_	_	_	_
50	چه	_	_	_	_
51	کالایی	_	_	_	_
52	حجم	_	_	_	_
53	سرمایه	_	_	_	_
54	سازمان	_	_	_	_
55	را	_	_	_	_
56	درگیر	_	_	_	_
57	می‌کند	_	_	_	_
58	و	_	_	_	_
59	در	_	_	_	_
60	یک	_	_	_	_
61	کلام	_	_	_	_
62	:	_	_	_	_

0	از	_	_	_	_
1	میان	_	_	_	_
2	انبوه	_	_	_	_
3	داده	_	_	_	_
4	هیچ	_	_	_	_
5	دانش	_	_	_	_
6	مفیدی	_	_	_	_
7	استخراج	_	_	_	_
8	نمی‌کند	_	_	_	_
9	.	_	_	_	_

0	داده	_	_	_	_
1	کاوی	_	_	_	_
2	چیست	_	_	_	_
3	؟	_	_	_	_

0	سازمان‌ها	_	_	_	_
1	برای	_	_	_	_
2	تصمیم‌گیری	_	_	_	_
3	و	_	_	_	_
4	برنامه‌ریزی	_	_	_	_
5	به	_	_	_	_
6	اطلاعات	_	_	_	_
7	نیاز	_	_	_	_
8	دارند	_	_	_	_
9	،	_	_	_	_
10	بخش	_	_	_	_
11	مهمی	_	_	_	_
12	از	_	_	_	_
13	این	_	_	_	_
14	اطلاعات	_	_	_	_
15	از	_	_	_	_
16	خود	_	_	_	_
17	سازمان	_	_	_	_
18	ناشی	_	_	_	_
19	می‌شود	_	_	_	_
20	،	_	_	_	_
21	از	_	_	_	_
22	داده‌های	_	_	_	_
23	قبلی	_	_	_	_
24	و	_	_	_	_
25	الگوهای	_	_	_	_
26	عملکرد	_	_	_	_
27	سازمان	_	_	_	_
28	استخراج	_	_	_	_
29	می‌شوند	_	_	_	_
30	،	_	_	_	_
31	داده‌های	_	_	_	_
32	خود	_	_	_	_
33	سازمان	_	_	_	_
34	نشان‌دهنده	_	_	_	_
35	رفتار	_	_	_	_
36	مشتریان	_	_	_	_
37	و	_	_	_	_
38	همکاران	_	_	_	_
39	و	_	_	_	_
40	بیان‌کننده	_	_	_	_
41	موفقیت	_	_	_	_
42	یا	_	_	_	_
43	شکست	_	_	_	_
44	سازمان	_	_	_	_
45	در	_	_	_	_
46	یک	_	_	_	_
47	عمل	_	_	_	_
48	خاص	_	_	_	_
49	هستند	_	_	_	_
50	.	_	_	_	_

0	برای	_	_	_	_
1	استخراج	_	_	_	_
2	اطلاعات	_	_	_	_
3	مفید	_	_	_	_
4	از	_	_	_	_
5	میان	_	_	_	_
6	انبوه	_	_	_	_
7	حجم	_	_	_	_
8	داده‌های	_	_	_	_
9	ثبت‌شده	_	_	_	_
10	باید	_	_	_	_
11	از	_	_	_	_
12	فن	_	_	_	_
13	داده	_	_	_	_
14	کاوی	_	_	_	_
15	استفاده	_	_	_	_
16	کرد	_	_	_	_
17	.	_	_	_	_

0	داده	_	_	_	_
1	کاوی	_	_	_	_
2	فنی	_	_	_	_
3	است	_	_	_	_
4	که	_	_	_	_
5	از	_	_	_	_
6	میان	_	_	_	_
7	پایگاه	_	_	_	_
8	داده	_	_	_	_
9	سازمان	_	_	_	_
10	،	_	_	_	_
11	به	_	_	_	_
12	دنبال	_	_	_	_
13	الگوهای	_	_	_	_
14	پنهان	_	_	_	_
15	در	_	_	_	_
16	میان	_	_	_	_
17	داده‌ها	_	_	_	_
18	،	_	_	_	_
19	ارتباط	_	_	_	_
20	میان	_	_	_	_
21	آنها	_	_	_	_
22	،	_	_	_	_
23	روند	_	_	_	_
24	و	_	_	_	_
25	الگوی	_	_	_	_
26	آنها	_	_	_	_
27	می‌گردد	_	_	_	_
28	.	_	_	_	_

0	داده	_	_	_	_
1	کاوی	_	_	_	_
2	از	_	_	_	_
3	توابع	_	_	_	_
4	و	_	_	_	_
5	الگو	_	_	_	_
6	ریتم‌های	_	_	_	_
7	پیشرفته	_	_	_	_
8	ریاضی	_	_	_	_
9	استفاده	_	_	_	_
10	می‌کند	_	_	_	_
11	تا	_	_	_	_
12	ارتباط	_	_	_	_
13	میان	_	_	_	_
14	دو	_	_	_	_
15	دسته	_	_	_	_
16	از	_	_	_	_
17	داده	_	_	_	_
18	و	_	_	_	_
19	امکان	_	_	_	_
20	رخ	_	_	_	_
21	دادن	_	_	_	_
22	یک	_	_	_	_
23	نتیجه	_	_	_	_
24	را	_	_	_	_
25	در	_	_	_	_
26	آینده	_	_	_	_
27	پیش‌بینی	_	_	_	_
28	کند	_	_	_	_
29	.	_	_	_	_

0	داده	_	_	_	_
1	کاوی	_	_	_	_
2	چه	_	_	_	_
3	کاری	_	_	_	_
4	می‌تواند	_	_	_	_
5	انجام	_	_	_	_
6	دهد	_	_	_	_
7	؟	_	_	_	_

0	داده	_	_	_	_
1	کاوی	_	_	_	_
2	عموماً	_	_	_	_
3	توسط	_	_	_	_
4	سازمان‌های	_	_	_	_
5	مشتری	_	_	_	_
6	محور	_	_	_	_
7	استفاده	_	_	_	_
8	می‌شود	_	_	_	_
9	،	_	_	_	_
10	این	_	_	_	_
11	سازمان‌ها	_	_	_	_
12	(	_	_	_	_
13	فروشگاه‌ها	_	_	_	_
14	،	_	_	_	_
15	تولید	_	_	_	_
16	کنندگان	_	_	_	_
17	،	_	_	_	_
18	خرده	_	_	_	_
19	فروشان	_	_	_	_
20	و	_	_	_	_
21	فروشگاه‌های	_	_	_	_
22	اینترنتی	_	_	_	_
23	)	_	_	_	_
24	می‌توانند	_	_	_	_
25	با	_	_	_	_
26	استفاده	_	_	_	_
27	از	_	_	_	_
28	داده	_	_	_	_
29	کاوی	_	_	_	_
30	ارتباط	_	_	_	_
31	میان	_	_	_	_
32	اقدامات	_	_	_	_
33	خود	_	_	_	_
34	و	_	_	_	_
35	عوامل	_	_	_	_
36	درونی	_	_	_	_
37	سازمان	_	_	_	_
38	مثل	_	_	_	_
39	قیمت	_	_	_	_
40	کالاها	_	_	_	_
41	،	_	_	_	_
42	تخفیفات	_	_	_	_
43	،	_	_	_	_
44	هزینه	_	_	_	_
45	تبلیغات	_	_	_	_
46	و	_	_	_	_
47	دیگر	_	_	_	_
48	عوامل	_	_	_	_
49	داخلی	_	_	_	_
50	را	_	_	_	_
51	با	_	_	_	_
52	عوامل	_	_	_	_
53	بیرونی	_	_	_	_
54	مثل	_	_	_	_
55	مشخصات	_	_	_	_
56	مشتریان	_	_	_	_
57	(	_	_	_	_
58	سن	_	_	_	_
59	،	_	_	_	_
60	جنسیت	_	_	_	_
61	،	_	_	_	_
62	درآمد	_	_	_	_
63	و	_	_	_	_
64	محل	_	_	_	_
65	سکونت	_	_	_	_
66	)	_	_	_	_
67	،	_	_	_	_
68	رقبا	_	_	_	_
69	و	_	_	_	_
70	عوامل	_	_	_	_
71	عمومی	_	_	_	_
72	بازار	_	_	_	_
73	(	_	_	_	_
74	سطح	_	_	_	_
75	درآمد	_	_	_	_
76	جامعه	_	_	_	_
77	،	_	_	_	_
78	وضعیت	_	_	_	_
79	رونق	_	_	_	_
80	و	_	_	_	_
81	رکود	_	_	_	_
82	اقتصادی	_	_	_	_
83	)	_	_	_	_
84	را	_	_	_	_
85	پیدا	_	_	_	_
86	کنند	_	_	_	_
87	.	_	_	_	_

0	علاوه‌براین	_	_	_	_
1	می‌توان	_	_	_	_
2	شاخص‌هایی	_	_	_	_
3	مثل	_	_	_	_
4	رضایت	_	_	_	_
5	مشتری	_	_	_	_
6	،	_	_	_	_
7	درآمد	_	_	_	_
8	و	_	_	_	_
9	سود	_	_	_	_
10	سازمان	_	_	_	_
11	،	_	_	_	_
12	مجموع	_	_	_	_
13	سرمایه	_	_	_	_
14	درگردش	_	_	_	_
15	و	_	_	_	_
16	هزینه‌های	_	_	_	_
17	جاری	_	_	_	_
18	و	_	_	_	_
19	میزان	_	_	_	_
20	افزایش	_	_	_	_
21	و	_	_	_	_
22	کاهش	_	_	_	_
23	آنها	_	_	_	_
24	درطول	_	_	_	_
25	زمان	_	_	_	_
26	را	_	_	_	_
27	استخراج	_	_	_	_
28	کند	_	_	_	_
29	.	_	_	_	_

0	به	_	_	_	_
1	طور	_	_	_	_
2	مثال	_	_	_	_
3	شرکت	_	_	_	_
4	ویدئوی	_	_	_	_
5	خانگی	_	_	_	_
6	از	_	_	_	_
7	داده‌های	_	_	_	_
8	سابق	_	_	_	_
9	مشتریان	_	_	_	_
10	استفاده	_	_	_	_
11	می‌کند	_	_	_	_
12	و	_	_	_	_
13	به	_	_	_	_
14	انها	_	_	_	_
15	ویدئوهایی	_	_	_	_
16	پیشنهاد	_	_	_	_
17	می‌دهد	_	_	_	_
18	تا	_	_	_	_
19	آنها	_	_	_	_
20	را	_	_	_	_
21	تماشا	_	_	_	_
22	کنند	_	_	_	_
23	.	_	_	_	_

0	والمارت	_	_	_	_
1	(	_	_	_	_
2	بزرگ‌ترین	_	_	_	_
3	خرده‌فروش	_	_	_	_
4	زنجیره‌ای	_	_	_	_
5	جهان	_	_	_	_
6	)	_	_	_	_
7	برای	_	_	_	_
8	بهبود	_	_	_	_
9	عمکلرد	_	_	_	_
10	عرضه	_	_	_	_
11	کنندگان	_	_	_	_
12	خود	_	_	_	_
13	از	_	_	_	_
14	داده	_	_	_	_
15	کاوی	_	_	_	_
16	در	_	_	_	_
17	مقیاسی	_	_	_	_
18	وسیع	_	_	_	_
19	استفاده	_	_	_	_
20	کرده‌است	_	_	_	_
21	.	_	_	_	_

0	داده‌های	_	_	_	_
1	۲۹۰۰	_	_	_	_
2	فروشگاه	_	_	_	_
3	در	_	_	_	_
4	۶	_	_	_	_
5	کشور	_	_	_	_
6	برای	_	_	_	_
7	این	_	_	_	_
8	کار	_	_	_	_
9	استفاده	_	_	_	_
10	شده‌اند	_	_	_	_
11	و	_	_	_	_
12	درمجموع	_	_	_	_
13	۷	_	_	_	_
14	٫	_	_	_	_
15	۵	_	_	_	_
16	تر	_	_	_	_
17	ابایت	_	_	_	_
18	داده	_	_	_	_
19	موردبررسی	_	_	_	_
20	قرار	_	_	_	_
21	گرفت	_	_	_	_
22	.	_	_	_	_

0	۳۵۰۰	_	_	_	_
1	تأمین‌کننده	_	_	_	_
2	به	_	_	_	_
3	داده‌های	_	_	_	_
4	دسترسی	_	_	_	_
5	پیدا	_	_	_	_
6	کردند	_	_	_	_
7	تا	_	_	_	_
8	بتوانند	_	_	_	_
9	الگوهای	_	_	_	_
10	خرید	_	_	_	_
11	مشتریان	_	_	_	_
12	،	_	_	_	_
13	عمکلرد	_	_	_	_
14	یک	_	_	_	_
15	کالا	_	_	_	_
16	و	_	_	_	_
17	محصول	_	_	_	_
18	خاص	_	_	_	_
19	را	_	_	_	_
20	بررسی	_	_	_	_
21	کنند	_	_	_	_
22	و	_	_	_	_
23	برنامه‌های	_	_	_	_
24	خود	_	_	_	_
25	را	_	_	_	_
26	بر	_	_	_	_
27	این	_	_	_	_
28	پایه	_	_	_	_
29	و	_	_	_	_
30	اساس	_	_	_	_
31	بهبود	_	_	_	_
32	دهند	_	_	_	_
33	.	_	_	_	_

0	استراتژی	_	_	_	_
1	و	_	_	_	_
2	داده	_	_	_	_
3	کاوی	_	_	_	_

0	صدالبته	_	_	_	_
1	کاربردهای	_	_	_	_
2	داده	_	_	_	_
3	کاوی	_	_	_	_
4	بسیار	_	_	_	_
5	زیاد	_	_	_	_
6	است	_	_	_	_
7	و	_	_	_	_
8	می‌تواند	_	_	_	_
9	در	_	_	_	_
10	شرکت‌ها	_	_	_	_
11	و	_	_	_	_
12	سازمان‌ها	_	_	_	_
13	مختلف	_	_	_	_
14	متفاوت	_	_	_	_
15	باشد	_	_	_	_
16	.	_	_	_	_

0	آنچه	_	_	_	_
1	در	_	_	_	_
2	بالا	_	_	_	_
3	بیان	_	_	_	_
4	شد	_	_	_	_
5	خلاصه‌ای	_	_	_	_
6	از	_	_	_	_
7	کاربردهای	_	_	_	_
8	داده	_	_	_	_
9	کاوی	_	_	_	_
10	در	_	_	_	_
11	بخش	_	_	_	_
12	فروش	_	_	_	_
13	و	_	_	_	_
14	بازاریابی	_	_	_	_
15	بود	_	_	_	_
16	.	_	_	_	_

0	شما	_	_	_	_
1	می‌توانید	_	_	_	_
2	با	_	_	_	_
3	استفاده	_	_	_	_
4	از	_	_	_	_
5	داده	_	_	_	_
6	کاوی	_	_	_	_
7	در	_	_	_	_
8	حل	_	_	_	_
9	مشکلات	_	_	_	_
10	سازمان	_	_	_	_
11	مفید	_	_	_	_
12	واقع	_	_	_	_
13	شوید	_	_	_	_
14	.	_	_	_	_

0	استراتژیست‌های	_	_	_	_
1	بزرگ	_	_	_	_
2	موفق	_	_	_	_
3	برای	_	_	_	_
4	مستدل	_	_	_	_
5	و	_	_	_	_
6	دقیق	_	_	_	_
7	بودن	_	_	_	_
8	استراتژی‌ها	_	_	_	_
9	و	_	_	_	_
10	برنامه	_	_	_	_
11	ریزی‌های	_	_	_	_
12	خود	_	_	_	_
13	باید	_	_	_	_
14	از	_	_	_	_
15	داده	_	_	_	_
16	کاوی	_	_	_	_
17	و	_	_	_	_
18	اطلاعات	_	_	_	_
19	به‌دست‌آمده	_	_	_	_
20	از	_	_	_	_
21	آن	_	_	_	_
22	حداکثر	_	_	_	_
23	استفاده	_	_	_	_
24	را	_	_	_	_
25	ببرند	_	_	_	_
26	.	_	_	_	_

0	درواقع	_	_	_	_
1	برنامه‌ریزی	_	_	_	_
2	استراتژیک	_	_	_	_
3	بدون	_	_	_	_
4	استفاده	_	_	_	_
5	از	_	_	_	_
6	داده	_	_	_	_
7	کاوی	_	_	_	_
8	مثل	_	_	_	_
9	رانندگی	_	_	_	_
10	با	_	_	_	_
11	چشمان	_	_	_	_
12	بسته‌است	_	_	_	_
13	!	_	_	_	_

0	اگر	_	_	_	_
1	یک	_	_	_	_
2	استراتژیست	_	_	_	_
3	می	_	_	_	_
4	خواهد	_	_	_	_
5	درزمینه	_	_	_	_
6	برنامه‌ریزی	_	_	_	_
7	کاربردی	_	_	_	_
8	و	_	_	_	_
9	اجرایی	_	_	_	_
10	موفق	_	_	_	_
11	باشد	_	_	_	_
12	باید	_	_	_	_
13	از	_	_	_	_
14	سلاح	_	_	_	_
15	داده	_	_	_	_
16	کاوی	_	_	_	_
17	استفاده	_	_	_	_
18	کند	_	_	_	_
19	.	_	_	_	_

0	داده	_	_	_	_
1	کای	_	_	_	_
2	چه	_	_	_	_
3	فایده‌ای	_	_	_	_
4	دارد	_	_	_	_
5	؟	_	_	_	_

0	شناخت	_	_	_	_
1	مشتریان	_	_	_	_
2	سودآور	_	_	_	_
3	:	_	_	_	_

0	می‌توانید	_	_	_	_
1	مشتریانی	_	_	_	_
2	که	_	_	_	_
3	بیشترین	_	_	_	_
4	سود	_	_	_	_
5	شما	_	_	_	_
6	از	_	_	_	_
7	آنها	_	_	_	_
8	حاصل‌شده	_	_	_	_
9	را	_	_	_	_
10	شناسایی	_	_	_	_
11	کنید	_	_	_	_
12	و	_	_	_	_
13	برای	_	_	_	_
14	حفظ	_	_	_	_
15	وفاداری	_	_	_	_
16	مشتری	_	_	_	_
17	تلاش	_	_	_	_
18	کنید	_	_	_	_
19	.	_	_	_	_

0	بهینه‌سازی	_	_	_	_
1	سبد	_	_	_	_
2	محصول	_	_	_	_
3	:	_	_	_	_

0	شناخت	_	_	_	_
1	محصولات	_	_	_	_
2	پرفروش	_	_	_	_
3	،	_	_	_	_
4	محصولات	_	_	_	_
5	سودآور	_	_	_	_
6	محصولات	_	_	_	_
7	زیان	_	_	_	_
8	ده	_	_	_	_
9	از	_	_	_	_
10	دیگر	_	_	_	_
11	فواید	_	_	_	_
12	داده	_	_	_	_
13	کاوی	_	_	_	_
14	است	_	_	_	_
15	.	_	_	_	_

0	با	_	_	_	_
1	این	_	_	_	_
2	کار	_	_	_	_
3	می‌توانید	_	_	_	_
4	در	_	_	_	_
5	بهتر	_	_	_	_
6	کردن	_	_	_	_
7	سبد	_	_	_	_
8	محصول	_	_	_	_
9	خود	_	_	_	_
10	اقدام	_	_	_	_
11	کنید	_	_	_	_
12	.	_	_	_	_

0	شناخت	_	_	_	_
1	مشتریان	_	_	_	_
2	وفادار	_	_	_	_
3	و	_	_	_	_
4	قدیمی	_	_	_	_
5	:	_	_	_	_

0	می‌توانید	_	_	_	_
1	بفهمید	_	_	_	_
2	مشتریان	_	_	_	_
3	قدیمی	_	_	_	_
4	شما	_	_	_	_
5	چه	_	_	_	_
6	کسانی	_	_	_	_
7	هستند	_	_	_	_
8	و	_	_	_	_
9	با	_	_	_	_
10	چه	_	_	_	_
11	برنامه‌ای	_	_	_	_
12	خرید	_	_	_	_
13	می‌کنند	_	_	_	_
14	،	_	_	_	_
15	چه	_	_	_	_
16	کالایی	_	_	_	_
17	را	_	_	_	_
18	دوست	_	_	_	_
19	دارند	_	_	_	_
20	و	_	_	_	_
21	چه	_	_	_	_
22	کالایی	_	_	_	_
23	باعث	_	_	_	_
24	وفاداری	_	_	_	_
25	آنها	_	_	_	_
26	شده‌است	_	_	_	_
27	.	_	_	_	_

0	بررسی	_	_	_	_
1	طول	_	_	_	_
2	عمر	_	_	_	_
3	مشتری	_	_	_	_
4	:	_	_	_	_

0	با	_	_	_	_
1	استفاده	_	_	_	_
2	از	_	_	_	_
3	داده	_	_	_	_
4	کاوی	_	_	_	_
5	می‌توانید	_	_	_	_
6	طول	_	_	_	_
7	عمر	_	_	_	_
8	مشتری	_	_	_	_
9	و	_	_	_	_
10	چرخه	_	_	_	_
11	آن	_	_	_	_
12	،	_	_	_	_
13	میزان	_	_	_	_
14	سود	_	_	_	_
15	حاصل	_	_	_	_
16	عایده	_	_	_	_
17	از	_	_	_	_
18	هر	_	_	_	_
19	مشتری	_	_	_	_
20	در	_	_	_	_
21	هر	_	_	_	_
22	مرحله	_	_	_	_
23	را	_	_	_	_
24	بررسی	_	_	_	_
25	کنید	_	_	_	_
26	.	_	_	_	_

