0	به	_	_	_	_
1	نام	_	_	_	_
2	خدا	_	_	_	_

0	روزی	_	_	_	_
1	روزگاری	_	_	_	_
2	سگ	_	_	_	_
3	سنگی	_	_	_	_
4	را	_	_	_	_
5	بلند	_	_	_	_
6	کرد	_	_	_	_
7	و	_	_	_	_
8	با	_	_	_	_
9	پوزه	_	_	_	_
10	خود	_	_	_	_
11	به	_	_	_	_
12	این	_	_	_	_
13	ور	_	_	_	_
14	و	_	_	_	_
15	آن	_	_	_	_
16	ور	_	_	_	_
17	پرتاب	_	_	_	_
18	می‌کرد	_	_	_	_
19	من	_	_	_	_
20	که	_	_	_	_
21	زنم	_	_	_	_
22	در	_	_	_	_
23	کنار	_	_	_	_
24	م	_	_	_	_
25	ایستادﺓ	_	_	_	_
26	بود	_	_	_	_
27	و	_	_	_	_
28	گزی	_	_	_	_
29	در	_	_	_	_
30	دستم	_	_	_	_
31	بود	_	_	_	_
32	بت	_	_	_	_
33	سگ	_	_	_	_
34	زنگین	_	_	_	_
35	رنگ	_	_	_	_
36	آشت	_	_	_	_
37	را	_	_	_	_
38	تعارف	_	_	_	_
39	کردم	_	_	_	_
40	او	_	_	_	_
41	که	_	_	_	_
42	از	_	_	_	_
43	این	_	_	_	_
44	کار	_	_	_	_
45	آتشین	_	_	_	_
46	شده‌بود	_	_	_	_
47	بﺓ	_	_	_	_
48	ﺓمه‌ی	_	_	_	_
49	کاخ	_	_	_	_
50	نشینان	_	_	_	_
51	فریاد	_	_	_	_
52	برد	_	_	_	_
53	و	_	_	_	_
54	خودش	_	_	_	_
55	را	_	_	_	_
56	پاک	_	_	_	_
57	کرد	_	_	_	_
58	و	_	_	_	_
59	هوایی	_	_	_	_
60	شده	_	_	_	_
61	و	_	_	_	_
62	به	_	_	_	_
63	دشت	_	_	_	_
64	آﺓوان	_	_	_	_
65	زد	_	_	_	_
66	.	_	_	_	_

0	پتو	_	_	_	_
1	دور	_	_	_	_
2	او	_	_	_	_
3	نبود	_	_	_	_
4	و	_	_	_	_
5	توپش	_	_	_	_
6	را	_	_	_	_
7	در	_	_	_	_
8	دستم	_	_	_	_
9	داشتم	_	_	_	_
10	از	_	_	_	_
11	شتر	_	_	_	_
12	شهرری	_	_	_	_
13	راحت	_	_	_	_
14	شده‌بودم	_	_	_	_
15	و	_	_	_	_
16	ریش	_	_	_	_
17	گذاشته‌بودم	_	_	_	_
18	شیری	_	_	_	_
19	شیرین	_	_	_	_
20	و	_	_	_	_
21	دلپذیر	_	_	_	_
22	درمقابل	_	_	_	_
23	آن	_	_	_	_
24	شیر	_	_	_	_
25	قرار	_	_	_	_
26	داشت	_	_	_	_
27	اما	_	_	_	_
28	فک‌های	_	_	_	_
29	دریایی	_	_	_	_
30	شک	_	_	_	_
31	کردﺓ	_	_	_	_
32	بودند	_	_	_	_
33	.	_	_	_	_

0	کفی	_	_	_	_
1	کفش	_	_	_	_
2	من	_	_	_	_
3	تم	_	_	_	_
4	کاشف	_	_	_	_
5	اکتشافات	_	_	_	_
6	یک	_	_	_	_
7	کشف	_	_	_	_
8	بزرگ	_	_	_	_
9	که	_	_	_	_
10	درسر	_	_	_	_
11	و	_	_	_	_
12	رخ	_	_	_	_
13	و	_	_	_	_
14	سینه	_	_	_	_
15	و	_	_	_	_
16	غیره‌ی	_	_	_	_
17	سرخ	_	_	_	_
18	منبه	_	_	_	_
19	کرات	_	_	_	_
20	نمایان	_	_	_	_
21	بود	_	_	_	_
22	.	_	_	_	_

0	خرسی	_	_	_	_
1	بدذات	_	_	_	_
2	به	_	_	_	_
3	دل	_	_	_	_
4	آب	_	_	_	_
5	زد	_	_	_	_
6	و	_	_	_	_
7	.	_	_	_	_
8	.	_	_	_	_
9	.	_	_	_	_
10	با	_	_	_	_
11	باد	_	_	_	_
12	ﺓمراﺓ	_	_	_	_
13	شد	_	_	_	_
14	!	_	_	_	_

0	.	_	_	_	_
1	.	_	_	_	_
2	ادبیاتکه	_	_	_	_
3	تا	_	_	_	_
4	ابد	_	_	_	_
5	چین‌دار	_	_	_	_
6	و	_	_	_	_
7	استاد	_	_	_	_
8	حفظ	_	_	_	_
9	و	_	_	_	_
10	حافظه	_	_	_	_
11	منافع	_	_	_	_
12	مورد	_	_	_	_
13	حفاظت	_	_	_	_
14	دانشجو	_	_	_	_
15	است	_	_	_	_
16	،	_	_	_	_
17	پریان	_	_	_	_
18	پیرین	_	_	_	_
19	همکه	_	_	_	_
20	پنیر	_	_	_	_
21	را	_	_	_	_
22	برداشته	_	_	_	_
23	و	_	_	_	_
24	شناکنان	_	_	_	_
25	با	_	_	_	_
26	آشنایی	_	_	_	_
27	به	_	_	_	_
28	مزه	_	_	_	_
29	،	_	_	_	_
30	آن	_	_	_	_
31	را	_	_	_	_
32	لیمو	_	_	_	_
33	زدند	_	_	_	_
34	.	_	_	_	_

0	آنها	_	_	_	_
1	میل	_	_	_	_
2	به‌لیمو	_	_	_	_
3	نداشتند	_	_	_	_
4	اما	_	_	_	_
5	سایه	_	_	_	_
6	ﺓای	_	_	_	_
7	سیاﺓین	_	_	_	_
8	بازآمدﺓ	_	_	_	_
9	و	_	_	_	_
10	بازی	_	_	_	_
11	زیبایی	_	_	_	_
12	رابین	_	_	_	_
13	آنان	_	_	_	_
14	و	_	_	_	_
15	آدمآن	_	_	_	_
16	بت	_	_	_	_
17	راﺓ	_	_	_	_
18	انداخته‌بودند	_	_	_	_
19	و	_	_	_	_
20	دما	_	_	_	_
21	بالا	_	_	_	_
22	رفته‌بود	_	_	_	_
23	:	_	_	_	_

0	دام‌ها	_	_	_	_
1	دیگر	_	_	_	_
2	تاب	_	_	_	_
3	این	_	_	_	_
4	را	_	_	_	_
5	نداشتند	_	_	_	_
6	.	_	_	_	_

0	نبات	_	_	_	_
1	و	_	_	_	_
2	برنج	_	_	_	_
3	و	_	_	_	_
4	.	_	_	_	_
5	.	_	_	_	_
6	.	_	_	_	_
7	.	_	_	_	_
8	.	_	_	_	_
9	.	_	_	_	_
10	.	_	_	_	_
11	را	_	_	_	_
12	به	_	_	_	_
13	برج	_	_	_	_
14	بردم	_	_	_	_
15	مشک	_	_	_	_
16	ِ	_	_	_	_
17	مشکین	_	_	_	_
18	را	_	_	_	_
19	پر	_	_	_	_
20	از	_	_	_	_
21	آبی	_	_	_	_
22	کردم	_	_	_	_
23	تا	_	_	_	_
24	شکمش	_	_	_	_
25	را	_	_	_	_
26	مانند	_	_	_	_
27	تشت	_	_	_	_
28	پر	_	_	_	_
29	کنم	_	_	_	_
30	اما	_	_	_	_
31	شوش	_	_	_	_
32	تشکش	_	_	_	_
33	خیس	_	_	_	_
34	شد	_	_	_	_
35	.	_	_	_	_

0	تمشک	_	_	_	_
1	ﺓارمز	_	_	_	_
2	رزمندگی	_	_	_	_
3	در	_	_	_	_
4	مرزﺓای	_	_	_	_
5	ترمز	_	_	_	_
6	بریدن	_	_	_	_
7	یاران	_	_	_	_
8	دربرابر	_	_	_	_
9	کلم	_	_	_	_
10	برای	_	_	_	_
11	کلمن	_	_	_	_
12	است	_	_	_	_
13	.	_	_	_	_

0	ملکی	_	_	_	_
1	کت	_	_	_	_
2	برای	_	_	_	_
3	ملکﺓهههها	_	_	_	_
4	آماده	_	_	_	_
5	شده‌بود	_	_	_	_
6	اما	_	_	_	_
7	ملکه‌ها	_	_	_	_
8	در	_	_	_	_
9	آن	_	_	_	_
10	نرفتند	_	_	_	_
11	اگر	_	_	_	_
12	پاکان	_	_	_	_
13	هنر	_	_	_	_
14	خود	_	_	_	_
15	را	_	_	_	_
16	در	_	_	_	_
17	پاکت‌شان	_	_	_	_
18	قرار	_	_	_	_
19	داده	_	_	_	_
20	و	_	_	_	_
21	هنری	_	_	_	_
22	از	_	_	_	_
23	خود	_	_	_	_
24	نشان	_	_	_	_
25	دهند	_	_	_	_
26	در	_	_	_	_
27	قرون	_	_	_	_
28	وسطا	_	_	_	_
29	شهرهای	_	_	_	_
30	یزد	_	_	_	_
31	نقرﺓ	_	_	_	_
32	و	_	_	_	_
33	سیمین	_	_	_	_
34	و	_	_	_	_
35	زرین	_	_	_	_
36	بافتﺓ	_	_	_	_
37	تارا	_	_	_	_
38	می‌یابند	_	_	_	_
39	.	_	_	_	_

0	کاه	_	_	_	_
1	که	_	_	_	_
2	از	_	_	_	_
3	آه‌های	_	_	_	_
4	به	_	_	_	_
5	هم	_	_	_	_
6	پیوستﺓ	_	_	_	_
7	بت	_	_	_	_
8	وجود	_	_	_	_
9	آمده	_	_	_	_
10	ارزش	_	_	_	_
11	کاهو	_	_	_	_
12	ندارد	_	_	_	_
13	و	_	_	_	_
14	ما	_	_	_	_
15	به	_	_	_	_
16	صدمین	_	_	_	_
17	لغت	_	_	_	_
18	از	_	_	_	_
19	کلمه‌ها	_	_	_	_
20	و	_	_	_	_
21	لغات	_	_	_	_
22	رسیدیم	_	_	_	_
23	!	_	_	_	_

0	!	_	_	_	_

0	و	_	_	_	_
1	تا	_	_	_	_
2	۱۰۰۰	_	_	_	_
3	هابار	_	_	_	_
4	رفتیم	_	_	_	_
5	؟	_	_	_	_

0	!	_	_	_	_

0	پیرا	_	_	_	_
1	تنش	_	_	_	_
2	را	_	_	_	_
3	با	_	_	_	_
4	دارچین	_	_	_	_
5	در	_	_	_	_
6	کابینت	_	_	_	_
7	کت	_	_	_	_
8	جنگندﺔ	_	_	_	_
9	پسرش	_	_	_	_
10	که	_	_	_	_
11	در	_	_	_	_
12	شومینﺔ	_	_	_	_
13	افتاده‌بود	_	_	_	_
14	آنجا	_	_	_	_
15	بودگذار	_	_	_	_
16	یده	_	_	_	_
17	و	_	_	_	_
18	باخمپاره	_	_	_	_
19	نمکدان	_	_	_	_
20	را	_	_	_	_
21	برداشت	_	_	_	_
22	.	_	_	_	_

0	صبحانهبا	_	_	_	_
1	سلیمان	_	_	_	_
2	و	_	_	_	_
3	سیمان	_	_	_	_
4	باقلوا	_	_	_	_
5	بود	_	_	_	_
6	.	_	_	_	_

0	شمعدان	_	_	_	_
1	گردگیری	_	_	_	_
2	شهریور	_	_	_	_
3	سرزمینی	_	_	_	_
4	بی	_	_	_	_
5	نگهبان	_	_	_	_
6	استآیا	_	_	_	_
7	تو	_	_	_	_
8	شلوارکشی	_	_	_	_
9	که	_	_	_	_
10	سیاهرگ	_	_	_	_
11	می‌بری	_	_	_	_
12	؟	_	_	_	_

0	کهنسالی	_	_	_	_
1	بلندگو	_	_	_	_
2	را	_	_	_	_
3	برداشت	_	_	_	_
4	.	_	_	_	_
5	.	_	_	_	_
6	.	_	_	_	_
7	.	_	_	_	_
8	.	_	_	_	_
9	گلوبند	_	_	_	_
10	را	_	_	_	_
11	دست	_	_	_	_
12	و	_	_	_	_
13	مهتابی	_	_	_	_
14	را	_	_	_	_
15	.	_	_	_	_

0	برد	_	_	_	_
1	و	_	_	_	_
2	سر	_	_	_	_
3	گاومیش	_	_	_	_
4	زدآن	_	_	_	_
5	پسر	_	_	_	_
6	بدهی	_	_	_	_
7	بار	_	_	_	_
8	می‌آورد	_	_	_	_
9	.	_	_	_	_

0	پسرک	_	_	_	_
1	هوشیار	_	_	_	_
2	را	_	_	_	_
3	می‌سنجید	_	_	_	_
4	سوزن‌بان	_	_	_	_
5	قصه	_	_	_	_
6	بادمجان	_	_	_	_
7	را	_	_	_	_
8	با	_	_	_	_
9	دم	_	_	_	_
10	جانممقایسه	_	_	_	_
11	کرد	_	_	_	_
12	.	_	_	_	_

0	صندوقچه	_	_	_	_
1	را	_	_	_	_
2	درآورد	_	_	_	_
3	صندوقچه	_	_	_	_
4	کاری	_	_	_	_
5	انجام	_	_	_	_
6	می‌دهد	_	_	_	_
7	؟	_	_	_	_

0	ماهیگیر	_	_	_	_
1	دیگر	_	_	_	_
2	گیرهای	_	_	_	_
3	نداشت	_	_	_	_
4	و	_	_	_	_
5	فرنی	_	_	_	_
6	خود	_	_	_	_
7	را	_	_	_	_
8	حروفچین	_	_	_	_
9	کرد	_	_	_	_
10	.	_	_	_	_

0	روزی	_	_	_	_
1	اختاپوست	_	_	_	_
2	خم	_	_	_	_
3	کرد	_	_	_	_
4	.	_	_	_	_

0	جالباسی	_	_	_	_
1	هنرپیشه	_	_	_	_
2	دو	_	_	_	_
3	عنوان	_	_	_	_
4	؟	_	_	_	_

0	!	_	_	_	_

0	که	_	_	_	_
1	دربست	_	_	_	_
2	به	_	_	_	_
3	آزادی	_	_	_	_
4	می‌روند	_	_	_	_
5	.	_	_	_	_

0	با	_	_	_	_
1	انبر	_	_	_	_
2	دستش	_	_	_	_
3	زخمی	_	_	_	_
4	شد	_	_	_	_
5	پنجشنبﺔ	_	_	_	_
6	روز	_	_	_	_
7	فرماندﺔان	_	_	_	_
8	در	_	_	_	_
9	خاوران	_	_	_	_
10	با	_	_	_	_
11	دوکان	_	_	_	_
12	و	_	_	_	_
13	کتان‌و‌شال	_	_	_	_
14	گردن	_	_	_	_
15	است	_	_	_	_
16	.	_	_	_	_

0	شالیزار	_	_	_	_
1	پر	_	_	_	_
2	از	_	_	_	_
3	بلدرچین	_	_	_	_
4	ﺔای	_	_	_	_
5	کماندار	_	_	_	_
6	دانمارک	_	_	_	_
7	که	_	_	_	_
8	آمده‌بودند	_	_	_	_
9	شده‌بود	_	_	_	_
10	کت	_	_	_	_
11	چلوکباب	_	_	_	_
12	شد	_	_	_	_
13	و	_	_	_	_
14	من	_	_	_	_
15	بت	_	_	_	_
16	ستوان	_	_	_	_
17	نگفتم	_	_	_	_
18	.	_	_	_	_

0	استوا	_	_	_	_
1	نت	_	_	_	_
2	شکل	_	_	_	_
3	بیضی	_	_	_	_
4	دارد	_	_	_	_
5	دد	_	_	_	_
6	.	_	_	_	_
7	.	_	_	_	_
8	رفسنجان	_	_	_	_
9	در	_	_	_	_
10	فسنجان	_	_	_	_
11	فقط	_	_	_	_
12	یک	_	_	_	_
13	را	_	_	_	_
14	کم	_	_	_	_
15	دارد	_	_	_	_
16	.	_	_	_	_

0	مخابره	_	_	_	_
1	و	_	_	_	_
2	مخابرات	_	_	_	_
3	شنوایی	_	_	_	_
4	و	_	_	_	_
5	روشنایی	_	_	_	_
6	در	_	_	_	_
7	شیروانی	_	_	_	_
8	از	_	_	_	_
9	من	_	_	_	_
10	می‌گیرند	_	_	_	_
11	اردوگاه	_	_	_	_
12	درگاهی	_	_	_	_
13	بر	_	_	_	_
14	برای	_	_	_	_
15	کارنامه	_	_	_	_
16	ارزان	_	_	_	_
17	رایانه	_	_	_	_
18	است	_	_	_	_
19	به	_	_	_	_
20	قبرستان	_	_	_	_
21	پیشنهاد	_	_	_	_
22	ثروتمند	_	_	_	_
23	سرخ‌پوست	_	_	_	_
24	سرسخت	_	_	_	_
25	کلاه‌خود	_	_	_	_
26	خود	_	_	_	_
27	را	_	_	_	_
28	در	_	_	_	_
29	داشبورد	_	_	_	_
30	گارانتی	_	_	_	_
31	کرد	_	_	_	_
32	این	_	_	_	_
33	سنگاپور	_	_	_	_
34	علیست	_	_	_	_
35	چون	_	_	_	_
36	او	_	_	_	_
37	همیشه‌ام	_	_	_	_
38	.	_	_	_	_

0	ار	_	_	_	_
1	.	_	_	_	_

0	ای‌اش	_	_	_	_
1	را	_	_	_	_
2	در	_	_	_	_
3	بیمارستان	_	_	_	_
4	اغول	_	_	_	_
5	.	_	_	_	_

0	باغول	_	_	_	_
1	.	_	_	_	_

0	دیغ	_	_	_	_
1	از	_	_	_	_
2	۱۰	_	_	_	_
3	.	_	_	_	_
4	۵	_	_	_	_
5	سال	_	_	_	_
6	پیش	_	_	_	_
7	تابه‌حال	_	_	_	_
8	که	_	_	_	_
9	شده	_	_	_	_
10	۱۲	_	_	_	_
11	ونیم	_	_	_	_
12	سال	_	_	_	_
13	می‌گیرد	_	_	_	_
14	.	_	_	_	_
15	.	_	_	_	_
16	قلم‌کاری	_	_	_	_
17	برای	_	_	_	_
18	قطعنامه	_	_	_	_
19	مثل	_	_	_	_
20	بادبزن	_	_	_	_
21	برای	_	_	_	_
22	بندباز	_	_	_	_
23	هخامنشی	_	_	_	_
24	و	_	_	_	_
25	هر	_	_	_	_
26	دو	_	_	_	_
27	همانند	_	_	_	_
28	است	_	_	_	_
29	.	_	_	_	_

0	ورزشکار	_	_	_	_
1	آرام‌بخش	_	_	_	_
2	بسکتبال	_	_	_	_
3	و	_	_	_	_
4	بسکتکار	_	_	_	_
5	پیشکسوت	_	_	_	_
6	می‌گراید	_	_	_	_
7	.	_	_	_	_

0	سیلندر	_	_	_	_
1	آن	_	_	_	_
2	کار	_	_	_	_
3	می‌کند	_	_	_	_
4	.	_	_	_	_

0	بندباز	_	_	_	_
1	منشی	_	_	_	_
2	عجیب	_	_	_	_
3	داشت	_	_	_	_
4	.	_	_	_	_

0	اینجانب	_	_	_	_
1	امیدوارم	_	_	_	_
2	خنده	_	_	_	_
3	بور	_	_	_	_
4	شده‌باشیم	_	_	_	_
5	نه	_	_	_	_
6	خنده	_	_	_	_
7	بر	_	_	_	_
8	یا	_	_	_	_
9	خندهبر	_	_	_	_
10	یا	_	_	_	_
11	خنده‌بر	_	_	_	_
12	یا	_	_	_	_
13	هر	_	_	_	_
14	کدام	_	_	_	_
15	.	_	_	_	_


0	از	_	_	_	_
1	آن‌جا	_	_	_	_
2	آنجا	_	_	_	_
3	برای	_	_	_	_
4	ﺓمه‌ی	_	_	_	_
5	ما	_	_	_	_
6	مشخص	_	_	_	_
7	است	_	_	_	_
8	در	_	_	_	_
9	این	_	_	_	_
10	جملات	_	_	_	_
11	نیز	_	_	_	_
12	مانند	_	_	_	_
13	استاندارد	_	_	_	_
14	نباید	_	_	_	_
15	استاندارد	_	_	_	_
16	و	_	_	_	_
17	استان‌دارد	_	_	_	_
18	اشتباه	_	_	_	_
19	بنویسیمم	_	_	_	_
20	.	_	_	_	_

0	همچنین	_	_	_	_
1	نباید	_	_	_	_
2	هم‌چنین	_	_	_	_
3	کرد	_	_	_	_
4	کت	_	_	_	_
5	کلمات‌مانند‌این‌قسمت‌اینطور‌پشت‌به‌پشت‌هم‌باشد	_	_	_	_
6	.	_	_	_	_


0	باتمام	_	_	_	_
1	این	_	_	_	_
2	تفاسیر	_	_	_	_
3	؟	_	_	_	_

0	!	_	_	_	_

0	قلط	_	_	_	_
1	املایی	_	_	_	_
2	هم	_	_	_	_
3	خود	_	_	_	_
4	عجیب	_	_	_	_
5	قریب	_	_	_	_
6	شده‌است	_	_	_	_
7	!	_	_	_	_

0	در	_	_	_	_
1	این	_	_	_	_
2	متن	_	_	_	_
3	غلط	_	_	_	_
4	املایی	_	_	_	_
5	هم	_	_	_	_
6	هست	_	_	_	_
7	.	_	_	_	_

0	نمید	_	_	_	_
1	ونیم	_	_	_	_
2	چرا	_	_	_	_
3	؟	_	_	_	_

0	.	_	_	_	_
1	!	_	_	_	_




0	در	_	_	_	_
1	این	_	_	_	_
2	متن‌ه‌ها	_	_	_	_
3	و	_	_	_	_
4	ک‌ها	_	_	_	_
5	و‌ی‌ها	_	_	_	_
6	در	_	_	_	_
7	مدل‌های	_	_	_	_
8	مختلف	_	_	_	_
9	به	_	_	_	_
10	در	_	_	_	_
11	واحد	_	_	_	_
12	بررسی	_	_	_	_
13	به	_	_	_	_
14	اختصاری	_	_	_	_
15	.	_	_	_	_

0	ک	_	_	_	_
1	.	_	_	_	_
2	ه	_	_	_	_
3	حضور	_	_	_	_
4	دارند	_	_	_	_
5	.	_	_	_	_



0	در	_	_	_	_
1	این	_	_	_	_
2	متن	_	_	_	_
3	اسپیس	_	_	_	_
4	و	_	_	_	_
5	فاصله	_	_	_	_
6	أصلا	_	_	_	_
7	خراب‌هستند	_	_	_	_
8	به	_	_	_	_
9	دفعات	_	_	_	_
10	.	_	_	_	_



0	در	_	_	_	_
1	این	_	_	_	_
2	متن	_	_	_	_
3	نقطه	_	_	_	_
4	یعنی	_	_	_	_
5	همین	_	_	_	_
6	.	_	_	_	_

0	أصلا	_	_	_	_
1	معلوم	_	_	_	_
2	نیست	_	_	_	_
3	چه	_	_	_	_
4	چیزی	_	_	_	_
5	می‌گوید	_	_	_	_
6	در	_	_	_	_
7	این	_	_	_	_
8	متن	_	_	_	_
9	علایم	_	_	_	_
10	و	_	_	_	_
11	علائم	_	_	_	_
12	نگارشی	_	_	_	_
13	معنا	_	_	_	_
14	ندارد	_	_	_	_
15	.	_	_	_	_

0	حال	_	_	_	_
1	برای	_	_	_	_
2	بررسی	_	_	_	_
3	کلمات	_	_	_	_
4	دیگر	_	_	_	_
5	به	_	_	_	_
6	چند	_	_	_	_
7	نمونه	_	_	_	_
8	از	_	_	_	_
9	سری	_	_	_	_
10	عبارات	_	_	_	_
11	دیگگگر	_	_	_	_
12	روی	_	_	_	_
13	می‌آوریم	_	_	_	_
14	که	_	_	_	_
15	تاریخ	_	_	_	_
16	دارند	_	_	_	_
17	!	_	_	_	_

0	؛	_	_	_	_


0	من	_	_	_	_
1	و	_	_	_	_
2	دوستم	_	_	_	_
3	در	_	_	_	_
4	تاریخ	_	_	_	_
5	۱۲	_	_	_	_
6	.	_	_	_	_
7	۳	_	_	_	_
8	.	_	_	_	_
9	۹۷	_	_	_	_
10	یا	_	_	_	_
11	شاید	_	_	_	_
12	۹۷	_	_	_	_
13	.	_	_	_	_
14	۱۲	_	_	_	_
15	.	_	_	_	_
16	۳	_	_	_	_
17	که	_	_	_	_
18	در	_	_	_	_
19	یاد	_	_	_	_
20	ندارم	_	_	_	_
21	به	_	_	_	_
22	یک	_	_	_	_
23	مغازه	_	_	_	_
24	رفتیم	_	_	_	_
25	که	_	_	_	_
26	۱۲	_	_	_	_
27	.	_	_	_	_
28	۵	_	_	_	_
29	بشقاب	_	_	_	_
30	بخریم	_	_	_	_
31	.	_	_	_	_

0	دوستم	_	_	_	_
1	در	_	_	_	_
2	همان	_	_	_	_
3	وضعیت	_	_	_	_
4	در	_	_	_	_
5	۱۲	_	_	_	_
6	/	_	_	_	_
7	۵	_	_	_	_
8	/	_	_	_	_
9	۱۳۹۷	_	_	_	_
10	باز	_	_	_	_
11	به	_	_	_	_
12	مغازه	_	_	_	_
13	مذکور	_	_	_	_
14	مراجعه	_	_	_	_
15	کرد	_	_	_	_
16	!	_	_	_	_

0	!	_	_	_	_

0	!	_	_	_	_

0	!	_	_	_	_

0	!	_	_	_	_

0	!	_	_	_	_

0	!	_	_	_	_



0	به	_	_	_	_
1	دوست	_	_	_	_
2	خود	_	_	_	_
3	گفتم	_	_	_	_
4	چرا	_	_	_	_
5	۱۳۹۷	_	_	_	_
6	/	_	_	_	_
7	۵	_	_	_	_
8	/	_	_	_	_
9	۱۲	_	_	_	_
10	نرفتی	_	_	_	_
11	که	_	_	_	_
12	گفت	_	_	_	_
13	به	_	_	_	_
14	تو	_	_	_	_
15	چه	_	_	_	_
16	!	_	_	_	_

0	!	_	_	_	_

0	!	_	_	_	_

0	!	_	_	_	_

0	!	_	_	_	_

0	؟	_	_	_	_



0	من	_	_	_	_
1	هم	_	_	_	_
2	که	_	_	_	_
3	ناراحت	_	_	_	_
4	بودم	_	_	_	_
5	در	_	_	_	_
6	حساب	_	_	_	_
7	بانکی‌ام	_	_	_	_
8	به	_	_	_	_
9	شماره	_	_	_	_
10	۴۳۵	_	_	_	_
11	،	_	_	_	_
12	۲۳	_	_	_	_
13	،	_	_	_	_
14	۲۴۲۳۴۲۵	_	_	_	_
15	۱۲	_	_	_	_
16	،	_	_	_	_
17	۱۲۳۱۴	_	_	_	_
18	،	_	_	_	_
19	۱۲۳۱۲	_	_	_	_
20	تومان	_	_	_	_
21	پول	_	_	_	_
22	ریختم	_	_	_	_
23	بعد	_	_	_	_
24	رفتم	_	_	_	_
25	و	_	_	_	_
26	۱۲۳	_	_	_	_
27	.	_	_	_	_
28	۱۲۳	_	_	_	_
29	.	_	_	_	_
30	۲۳۵	_	_	_	_
31	.	_	_	_	_
32	۳۴۵	_	_	_	_
33	.	_	_	_	_
34	۳۴۵	_	_	_	_
35	را	_	_	_	_
36	که	_	_	_	_
37	بهبود	_	_	_	_
38	به	_	_	_	_
39	دلار	_	_	_	_
40	کردم	_	_	_	_
41	شد	_	_	_	_
42	۲	_	_	_	_
43	$	_	_	_	_
44	و	_	_	_	_
45	از	_	_	_	_
46	تعجب	_	_	_	_
47	بی‌هوش	_	_	_	_
48	شدم	_	_	_	_
49	!	_	_	_	_



0	در	_	_	_	_
1	همین	_	_	_	_
2	حین	_	_	_	_
3	فکر	_	_	_	_
4	کردم	_	_	_	_
5	شاید	_	_	_	_
6	بهتر	_	_	_	_
7	بود	_	_	_	_
8	و	_	_	_	_
9	۱۲۳	_	_	_	_
10	،	_	_	_	_
11	۱۲۳	_	_	_	_
12	،	_	_	_	_
13	۲۳۵	_	_	_	_
14	،	_	_	_	_
15	۳۴۵	_	_	_	_
16	،	_	_	_	_
17	۳۴۵	_	_	_	_
18	تومان	_	_	_	_
19	را	_	_	_	_
20	آدامس	_	_	_	_
21	می‌خریدم	_	_	_	_
22	!	_	_	_	_



0	اما	_	_	_	_
1	متوجه	_	_	_	_
2	شدم	_	_	_	_
3	بهترین	_	_	_	_
4	کار	_	_	_	_
5	آنست	_	_	_	_
6	که	_	_	_	_
7	و	_	_	_	_
8	۱۲۳	_	_	_	_
9	/	_	_	_	_
10	۱۲۳	_	_	_	_
11	/	_	_	_	_
12	۲۳۵	_	_	_	_
13	/	_	_	_	_
14	۳۴۵	_	_	_	_
15	/	_	_	_	_
16	۳۴۵	_	_	_	_
17	را	_	_	_	_
18	به	_	_	_	_
19	دوست	_	_	_	_
20	دیگرم	_	_	_	_
21	که	_	_	_	_
22	۱۲۳	_	_	_	_
23	/	_	_	_	_
24	۱۲۳	_	_	_	_
25	/	_	_	_	_
26	۲۳۵	_	_	_	_
27	/	_	_	_	_
28	۳۴۵	_	_	_	_
29	/	_	_	_	_
30	۳۴۵	_	_	_	_
31	﷼	_	_	_	_
32	می‌میخواهد‌بدهم	_	_	_	_
33	و	_	_	_	_
34	همین	_	_	_	_
35	شد	_	_	_	_
36	که	_	_	_	_
37	برگشتم	_	_	_	_
38	و	_	_	_	_
39	دلار	_	_	_	_
40	خود	_	_	_	_
41	را	_	_	_	_
42	ریال	_	_	_	_
43	کردم	_	_	_	_
44	اما	_	_	_	_
45	باز	_	_	_	_
46	به	_	_	_	_
47	من	_	_	_	_
48	۲	_	_	_	_
49	.	_	_	_	_
50	۵	_	_	_	_
51	میلیون	_	_	_	_
52	دادند	_	_	_	_
53	و	_	_	_	_
54	بقیه	_	_	_	_
55	را	_	_	_	_
56	با	_	_	_	_
57	کلاهم	_	_	_	_
58	برداشتند	_	_	_	_
59	و	_	_	_	_
60	بردند	_	_	_	_
61	!	_	_	_	_

0	حالا	_	_	_	_
1	من	_	_	_	_
2	با	_	_	_	_
3	۲	_	_	_	_
4	،	_	_	_	_
5	۵	_	_	_	_
6	میلیون	_	_	_	_
7	که	_	_	_	_
8	می‌شود	_	_	_	_
9	۰	_	_	_	_
10	/	_	_	_	_
11	۲۵	_	_	_	_
12	یا	_	_	_	_
13	۲۵	_	_	_	_
14	/	_	_	_	_
15	۰	_	_	_	_
16	میلیون	_	_	_	_
17	تومان	_	_	_	_
18	دیگر	_	_	_	_
19	کاری	_	_	_	_
20	نمی‌توانم	_	_	_	_
21	انجام	_	_	_	_
22	بدهم	_	_	_	_
23	.	_	_	_	_



0	به	_	_	_	_
1	خانه	_	_	_	_
2	رفتم	_	_	_	_
3	و	_	_	_	_
4	دومینو	_	_	_	_
5	را	_	_	_	_
6	برداشتم	_	_	_	_
7	در	_	_	_	_
8	آشپزخانه	_	_	_	_
9	تاس	_	_	_	_
10	کباب	_	_	_	_
11	را	_	_	_	_
12	با	_	_	_	_
13	زخم‌زبان	_	_	_	_
14	و	_	_	_	_
15	سیرابی	_	_	_	_
16	درست	_	_	_	_
17	کردم	_	_	_	_
18	.	_	_	_	_

0	باوجود	_	_	_	_
1	چین‌وچروک	_	_	_	_
2	بسیار	_	_	_	_
3	فیلم	_	_	_	_
4	ماتریکس	_	_	_	_
5	را	_	_	_	_
6	که	_	_	_	_
7	موجوداتی	_	_	_	_
8	عجیب	_	_	_	_
9	در	_	_	_	_
10	آن	_	_	_	_
11	بودند	_	_	_	_
12	گذاشتم	_	_	_	_
13	و	_	_	_	_
14	مشغول	_	_	_	_
15	دیدن	_	_	_	_
16	هفتیر	_	_	_	_
17	کش‌ها	_	_	_	_
18	شدم	_	_	_	_
19	روی	_	_	_	_
20	گاز	_	_	_	_
21	چای	_	_	_	_
22	گل‌گاوزبان	_	_	_	_
23	دم	_	_	_	_
24	کرده‌بود	_	_	_	_
25	.	_	_	_	_

0	و	_	_	_	_
1	روی	_	_	_	_
2	میز	_	_	_	_
3	شیرتوشیر	_	_	_	_
4	و	_	_	_	_
5	پر	_	_	_	_
6	از	_	_	_	_
7	خیار	_	_	_	_
8	مجلسی	_	_	_	_
9	و	_	_	_	_
10	در	_	_	_	_
11	کنار	_	_	_	_
12	موز	_	_	_	_
13	مار	_	_	_	_
14	قرار	_	_	_	_
15	داشت	_	_	_	_
16	.	_	_	_	_

0	سررسید	_	_	_	_
1	بدهکاری‌هایم	_	_	_	_
2	از	_	_	_	_
3	بیکاری	_	_	_	_
4	زیاد	_	_	_	_
5	و	_	_	_	_
6	رودربایستی	_	_	_	_
7	با	_	_	_	_
8	کسانی	_	_	_	_
9	که	_	_	_	_
10	به	_	_	_	_
11	آنها	_	_	_	_
12	پول	_	_	_	_
13	قرض	_	_	_	_
14	داده‌بودم	_	_	_	_
15	سر	_	_	_	_
16	رسیده‌بود	_	_	_	_
17	.	_	_	_	_

0	برای	_	_	_	_
1	خود	_	_	_	_
2	که	_	_	_	_
3	از	_	_	_	_
4	گذشته	_	_	_	_
5	قبری	_	_	_	_
6	کنده	_	_	_	_
7	بودم	_	_	_	_
8	اما	_	_	_	_
9	در	_	_	_	_
10	آن	_	_	_	_
11	گور	_	_	_	_
12	خری	_	_	_	_
13	خوابیده‌بود	_	_	_	_
14	.	_	_	_	_

0	پیتزا	_	_	_	_
1	را	_	_	_	_
2	خریدم	_	_	_	_
3	و	_	_	_	_
4	رویان	_	_	_	_
5	سس	_	_	_	_
6	خردل	_	_	_	_
7	بر	_	_	_	_
8	رویش	_	_	_	_
9	نون	_	_	_	_
10	کنجدی	_	_	_	_
11	جا	_	_	_	_
12	خوش	_	_	_	_
13	کرده‌بود	_	_	_	_
14	.	_	_	_	_

0	شروع	_	_	_	_
1	به	_	_	_	_
2	درست	_	_	_	_
3	کردن	_	_	_	_
4	کاردستی‌های	_	_	_	_
5	عجیب	_	_	_	_
6	کردم	_	_	_	_
7	.	_	_	_	_

0	کتاب	_	_	_	_
1	حیدربابا	_	_	_	_
2	در	_	_	_	_
3	کتابخانه	_	_	_	_
4	خاک	_	_	_	_
5	گرفته‌بود	_	_	_	_
6	،	_	_	_	_
7	،	_	_	_	_
8	آخرین	_	_	_	_
9	بار	_	_	_	_
10	آن	_	_	_	_
11	را	_	_	_	_
12	از	_	_	_	_
13	یک	_	_	_	_
14	آب‌زیرکاه	_	_	_	_
15	لیمو	_	_	_	_
16	زین	_	_	_	_
17	سوار	_	_	_	_
18	گرفتم	_	_	_	_
19	.	_	_	_	_

0	بعضی	_	_	_	_
1	می‌گویند	_	_	_	_
2	در	_	_	_	_
3	ماهشهر	_	_	_	_
4	پرچین	_	_	_	_
5	و	_	_	_	_
6	چهارچوب	_	_	_	_
7	وجود	_	_	_	_
8	ندارد	_	_	_	_
9	و	_	_	_	_
10	برخی	_	_	_	_
11	دنبال	_	_	_	_
12	ستاره	_	_	_	_
13	دنباله‌دار	_	_	_	_
14	دربه‌در	_	_	_	_
15	شدند	_	_	_	_
16	و	_	_	_	_
17	لی	_	_	_	_
18	من	_	_	_	_
19	شنیدم	_	_	_	_
20	«	_	_	_	_
21	دود	_	_	_	_
22	از	_	_	_	_
23	کنده	_	_	_	_
24	بلند	_	_	_	_
25	میشه	_	_	_	_
26	»	_	_	_	_
27	(	_	_	_	_
28	عجیب‌به‌نظر	_	_	_	_
29	می‌آید	_	_	_	_
30	)	_	_	_	_
31	.	_	_	_	_

0	راستی	_	_	_	_
1	برای	_	_	_	_
2	ارقام	_	_	_	_
3	عربی	_	_	_	_
4	دقت	_	_	_	_
5	کنید	_	_	_	_
6	که	_	_	_	_
7	به	_	_	_	_
8	قسمت	_	_	_	_
9	تنظیمات	_	_	_	_
10	ورد	_	_	_	_
11	بروید	_	_	_	_
12	.	_	_	_	_

0	برای	_	_	_	_
1	این	_	_	_	_
2	کار	_	_	_	_
3	:	_	_	_	_


0	در	_	_	_	_
1	ورد	_	_	_	_
2	۲۰۱۰	_	_	_	_
3	:	_	_	_	_

0	روی	_	_	_	_
1	نوار	_	_	_	_
2	File	_	_	_	_
3	کلیک	_	_	_	_
4	کنید	_	_	_	_
5	،	_	_	_	_
6	و	_	_	_	_
7	از	_	_	_	_
8	منوی	_	_	_	_
9	سمت	_	_	_	_
10	چپ	_	_	_	_
11	،	_	_	_	_
12	را	_	_	_	_
13	انتخاب	_	_	_	_
14	کنید	_	_	_	_
15	.	_	_	_	_

0	در	_	_	_	_
1	ورد	_	_	_	_
2	۲۰۰۷	_	_	_	_
3	:	_	_	_	_

0	روی	_	_	_	_
1	آیکون	_	_	_	_
2	گرد	_	_	_	_
3	آفیس	_	_	_	_
4	در	_	_	_	_
5	سمت	_	_	_	_
6	بالا	_	_	_	_
7	-	_	_	_	_
8	چپ	_	_	_	_
9	کلیک	_	_	_	_
10	کنید	_	_	_	_
11	و	_	_	_	_
12	از	_	_	_	_
13	منوی	_	_	_	_
14	باز	_	_	_	_
15	شده	_	_	_	_
16	،	_	_	_	_
17	از	_	_	_	_
18	پایین	_	_	_	_
19	منو	_	_	_	_
20	،	_	_	_	_
21	دکمه‌ی	_	_	_	_
22	را	_	_	_	_
23	انتخاب	_	_	_	_
24	کنید	_	_	_	_
25	.	_	_	_	_

0	در	_	_	_	_
1	ورد	_	_	_	_
2	۲۰۰۳	_	_	_	_
3	:	_	_	_	_

0	از	_	_	_	_
1	منوی	_	_	_	_
2	بالا	_	_	_	_
3	را	_	_	_	_
4	انتخاب	_	_	_	_
5	کنید	_	_	_	_
6	.	_	_	_	_

0	اینم	_	_	_	_
1	که	_	_	_	_
2	اینجا	_	_	_	_
3	می‌بینی	_	_	_	_
4	یه	_	_	_	_
5	سری	_	_	_	_
6	از	_	_	_	_
7	نمونه	_	_	_	_
8	اعدا	_	_	_	_
9	ده	_	_	_	_
10	که	_	_	_	_
11	من	_	_	_	_
12	براتون	_	_	_	_
13	گذاشتم	_	_	_	_
14	حالشو	_	_	_	_
15	ببرین	_	_	_	_
16	هورااااا	_	_	_	_

0	*	_	_	_	_
1	٠	_	_	_	_
2	0	_	_	_	_
3	١	_	_	_	_
4	1	_	_	_	_
5	٢	_	_	_	_
6	2	_	_	_	_
7	٣	_	_	_	_
8	3	_	_	_	_
9	٤	_	_	_	_
10	3	_	_	_	_
11	4	_	_	_	_
12	٥	_	_	_	_
13	5	_	_	_	_
14	٦	_	_	_	_
15	6	_	_	_	_
16	٧	_	_	_	_
17	3	_	_	_	_
18	7	_	_	_	_
19	٨	_	_	_	_
20	8	_	_	_	_
21	٩	_	_	_	_
22	3	_	_	_	_
23	9	_	_	_	_
24	١٠	_	_	_	_
25	3	_	_	_	_
26	10	_	_	_	_

