0	فارسی	_	_	_	_
1	راکمی	_	_	_	_
2	درست	_	_	_	_
3	تر	_	_	_	_
4	می‌نویسیم	_	_	_	_
5	.	_	_	_	_
0	به	_	_	_	_
1	گزارش	_	_	_	_
2	ایسنا	_	_	_	_
3	سمینار	_	_	_	_
4	شیمی	_	_	_	_
5	آلی	_	_	_	_
6	از	_	_	_	_
7	امروز	_	_	_	_
8	11	_	_	_	_
9	شهریور	_	_	_	_
10	1396	_	_	_	_
11	در	_	_	_	_
12	دانشگاه	_	_	_	_
13	علم	_	_	_	_
14	و	_	_	_	_
15	صنعت	_	_	_	_
16	ایران	_	_	_	_
17	آغاز	_	_	_	_
18	به	_	_	_	_
19	کار	_	_	_	_
20	کرد	_	_	_	_
21	.	_	_	_	_
0	این	_	_	_	_
1	سمینار	_	_	_	_
2	تا	_	_	_	_
3	13	_	_	_	_
4	شهریور	_	_	_	_
5	ادامه	_	_	_	_
6	می‌یابد	_	_	_	_
7	.	_	_	_	_
0	رئیس	_	_	_	_
1	سازمان	_	_	_	_
2	برنامه	_	_	_	_
3	و	_	_	_	_
4	بودجه	_	_	_	_
5	،	_	_	_	_
6	برنامه	_	_	_	_
7	جامع	_	_	_	_
8	دولت	_	_	_	_
9	مشتمل	_	_	_	_
10	بر	_	_	_	_
11	12	_	_	_	_
12	بسته	_	_	_	_
13	برای	_	_	_	_
14	خنثی‌سازی	_	_	_	_
15	و	_	_	_	_
16	تقلیل	_	_	_	_
17	تحریم‌‌های	_	_	_	_
18	آمریکا	_	_	_	_
19	را	_	_	_	_
20	تشریح	_	_	_	_
21	کرد	_	_	_	_
22	.	_	_	_	_
0	خانه	_	_	_	_
1	ملت	_	_	_	_
2	نوشت	_	_	_	_
3	:	_	_	_	_
0	محمدباقر	_	_	_	_
1	نوبخت	_	_	_	_
2	رئیس	_	_	_	_
3	سازمان	_	_	_	_
4	برنامه	_	_	_	_
5	و	_	_	_	_
6	بودجه	_	_	_	_
7	در	_	_	_	_
8	نشست	_	_	_	_
9	مشترک	_	_	_	_
10	روسای	_	_	_	_
11	کمیسیون‌‌های	_	_	_	_
12	تخصصی	_	_	_	_
13	مجلس	_	_	_	_
14	با	_	_	_	_
15	بیان	_	_	_	_
16	اینکه	_	_	_	_
17	از	_	_	_	_
18	زمان	_	_	_	_
19	مشخص	_	_	_	_
20	شدن	_	_	_	_
21	اعمال	_	_	_	_
22	تحریم‌های	_	_	_	_
23	90	_	_	_	_
24	روزه	_	_	_	_
25	و	_	_	_	_
26	180	_	_	_	_
27	روزه	_	_	_	_
28	آمریکا	_	_	_	_
29	علیه	_	_	_	_
30	ایران	_	_	_	_
31	سازمان	_	_	_	_
32	برنامه	_	_	_	_
33	و	_	_	_	_
34	بودجه	_	_	_	_
35	به	_	_	_	_
36	صورت	_	_	_	_
37	دقیق	_	_	_	_
38	حوزه‌های	_	_	_	_
39	این	_	_	_	_
40	تحریم‌ها	_	_	_	_
41	را	_	_	_	_
42	مشخص	_	_	_	_
43	کرد	_	_	_	_
44	،	_	_	_	_
45	گفت	_	_	_	_
46	:	_	_	_	_
0	برای	_	_	_	_
1	خنثی‌سازی	_	_	_	_
2	و	_	_	_	_
3	به	_	_	_	_
4	حداقل	_	_	_	_
5	رسیدن	_	_	_	_
6	این	_	_	_	_
7	تحریم‌ها	_	_	_	_
8	یک	_	_	_	_
9	برنامه	_	_	_	_
10	جامع	_	_	_	_
11	مشتمل	_	_	_	_
12	بر	_	_	_	_
13	12	_	_	_	_
14	بسته	_	_	_	_
15	در	_	_	_	_
16	سازمان	_	_	_	_
17	طراحی	_	_	_	_
18	و	_	_	_	_
19	مشخص	_	_	_	_
20	شد	_	_	_	_
21	که	_	_	_	_
22	هر	_	_	_	_
23	یک	_	_	_	_
24	از	_	_	_	_
25	دستگاه‌های	_	_	_	_
26	موجود	_	_	_	_
27	در	_	_	_	_
28	وزارتخانه‌ها	_	_	_	_
29	با	_	_	_	_
30	اعمال	_	_	_	_
31	تحریم‌های	_	_	_	_
32	90	_	_	_	_
33	روزه	_	_	_	_
34	و	_	_	_	_
35	180	_	_	_	_
36	روزه	_	_	_	_
37	چه	_	_	_	_
38	آسیب‌هایی	_	_	_	_
39	می‌بینند	_	_	_	_
40	و	_	_	_	_
41	در	_	_	_	_
42	کوتاه	_	_	_	_
43	مدت	_	_	_	_
44	،	_	_	_	_
45	میان	_	_	_	_
46	مدت	_	_	_	_
47	و	_	_	_	_
48	بلند	_	_	_	_
49	مدت	_	_	_	_
50	باید	_	_	_	_
51	چه	_	_	_	_
52	برنامه‌هایی	_	_	_	_
53	اعمال	_	_	_	_
54	شود	_	_	_	_
55	که	_	_	_	_
56	تکلیف	_	_	_	_
57	وزارت	_	_	_	_
58	خانه‌ها	_	_	_	_
59	در	_	_	_	_
60	این	_	_	_	_
61	حوزه	_	_	_	_
62	مشخص	_	_	_	_
63	شد	_	_	_	_
64	.	_	_	_	_
0	جوانی	_	_	_	_
1	از	_	_	_	_
2	یک	_	_	_	_
3	خانواده	_	_	_	_
4	فقیر	_	_	_	_
5	(	_	_	_	_
6	فرخ	_	_	_	_
7	)	_	_	_	_
8	دل	_	_	_	_
9	باخته	_	_	_	_
10	دختر	_	_	_	_
11	عمه‌اش	_	_	_	_
12	(	_	_	_	_
13	مهین	_	_	_	_
14	)	_	_	_	_
15	از	_	_	_	_
16	خانواده‌‌ای	_	_	_	_
17	اشرافی	_	_	_	_
18	و	_	_	_	_
19	متعین	_	_	_	_
20	است	_	_	_	_
21	.	_	_	_	_
0	پدر	_	_	_	_
1	مهین	_	_	_	_
2	به	_	_	_	_
3	سودای	_	_	_	_
4	مال	_	_	_	_
5	و	_	_	_	_
6	مقام	_	_	_	_
7	در	_	_	_	_
8	صدد	_	_	_	_
9	است	_	_	_	_
10	دختر	_	_	_	_
11	را	_	_	_	_
12	به	_	_	_	_
13	خواستگار	_	_	_	_
14	ثروتمند	_	_	_	_
15	(	_	_	_	_
16	سیاوش	_	_	_	_
17	میرزا	_	_	_	_
18	)	_	_	_	_
19	بدهد	_	_	_	_
20	.	_	_	_	_
0	با	_	_	_	_
1	طرح	_	_	_	_
2	توطئه‌ای	_	_	_	_
3	فرخ	_	_	_	_
4	را	_	_	_	_
5	دستگیر	_	_	_	_
6	کرده	_	_	_	_
7	و	_	_	_	_
8	به	_	_	_	_
9	تبعید	_	_	_	_
10	می‌فرستند	_	_	_	_
11	.	_	_	_	_
0	فرخ	_	_	_	_
1	که	_	_	_	_
2	در	_	_	_	_
3	این	_	_	_	_
4	دستگاه	_	_	_	_
5	سمت	_	_	_	_
6	مهمی	_	_	_	_
7	دارد	_	_	_	_
8	،	_	_	_	_
9	ظاهرا	_	_	_	_
10	به	_	_	_	_
11	آرمان	_	_	_	_
12	خود	_	_	_	_
13	برای	_	_	_	_
14	مبارزه	_	_	_	_
15	با	_	_	_	_
16	فساد	_	_	_	_
17	نائل‌شده‌است	_	_	_	_
18	.	_	_	_	_
0	وی	_	_	_	_
1	با	_	_	_	_
2	بیان	_	_	_	_
3	اینکه	_	_	_	_
4	نقدینگی	_	_	_	_
5	قابل	_	_	_	_
6	ملاحظه‌ای	_	_	_	_
7	در	_	_	_	_
8	کشور	_	_	_	_
9	وجود	_	_	_	_
10	دارد	_	_	_	_
11	که	_	_	_	_
12	مهار	_	_	_	_
13	نقدینگی	_	_	_	_
14	و	_	_	_	_
15	هدایت	_	_	_	_
16	آن	_	_	_	_
17	یکی	_	_	_	_
18	از	_	_	_	_
19	بسته‌های	_	_	_	_
20	دولت	_	_	_	_
21	در	_	_	_	_
22	نظر	_	_	_	_
23	گرفته	_	_	_	_
24	شد	_	_	_	_
25	،	_	_	_	_
26	افزود	_	_	_	_
27	:	_	_	_	_
0	76	_	_	_	_
1	هزار	_	_	_	_
2	پروژه	_	_	_	_
3	ناتمام	_	_	_	_
4	در	_	_	_	_
5	کشور	_	_	_	_
6	وجود	_	_	_	_
7	دارد	_	_	_	_
8	که	_	_	_	_
9	در	_	_	_	_
10	بسته	_	_	_	_
11	دیگری	_	_	_	_
12	در	_	_	_	_
13	کشور	_	_	_	_
14	مشخص	_	_	_	_
15	شد	_	_	_	_
16	که	_	_	_	_
17	چه	_	_	_	_
18	راهکارهایی	_	_	_	_
19	برای	_	_	_	_
20	اتمام	_	_	_	_
21	پروژه‌های	_	_	_	_
22	مهم	_	_	_	_
23	باید	_	_	_	_
24	اتخاذ	_	_	_	_
25	شود	_	_	_	_
26	و	_	_	_	_
27	مدلی	_	_	_	_
28	در	_	_	_	_
29	قالب	_	_	_	_
30	مشارکت	_	_	_	_
31	عمومی	_	_	_	_
32	خصوصی	_	_	_	_
33	و	_	_	_	_
34	در	_	_	_	_
35	یک	_	_	_	_
36	بسته	_	_	_	_
37	تهیه	_	_	_	_
38	شد	_	_	_	_
39	.	_	_	_	_
0	گاهی	_	_	_	_
1	رویدادهایی	_	_	_	_
2	موجب	_	_	_	_
3	می‌شود	_	_	_	_
4	شما	_	_	_	_
5	منطق	_	_	_	_
6	خود	_	_	_	_
7	را	_	_	_	_
8	از	_	_	_	_
9	دست	_	_	_	_
10	بدهید	_	_	_	_
11	وگرنه	_	_	_	_
12	دلیل	_	_	_	_
13	برای	_	_	_	_
14	از	_	_	_	_
15	دست	_	_	_	_
16	دادن	_	_	_	_
17	آن	_	_	_	_
18	ندارید	_	_	_	_
19	.	_	_	_	_
0	«	_	_	_	_
1	چنآنچه	_	_	_	_
2	واکنش	_	_	_	_
3	نابهنجار	_	_	_	_
4	در	_	_	_	_
5	برابر	_	_	_	_
6	موقعیت	_	_	_	_
7	نابهنجار	_	_	_	_
8	،	_	_	_	_
9	رفتار	_	_	_	_
10	طبیعی	_	_	_	_
11	به	_	_	_	_
12	شمار	_	_	_	_
13	می‌رود	_	_	_	_
14	.	_	_	_	_
0	ما	_	_	_	_
1	روانپزشکان	_	_	_	_
2	حتی	_	_	_	_
3	انتظار	_	_	_	_
4	این	_	_	_	_
5	را	_	_	_	_
6	داریم	_	_	_	_
7	که	_	_	_	_
8	واکنش‌های	_	_	_	_
9	یک	_	_	_	_
10	فرد	_	_	_	_
11	در	_	_	_	_
12	برابر	_	_	_	_
13	یک	_	_	_	_
14	امر	_	_	_	_
15	نابهنجار	_	_	_	_
16	،	_	_	_	_
17	از	_	_	_	_
18	قبیل	_	_	_	_
19	فرستادن	_	_	_	_
20	به	_	_	_	_
21	تیمارستان	_	_	_	_
22	،	_	_	_	_
23	به	_	_	_	_
24	نسبت	_	_	_	_
25	درجه	_	_	_	_
26	بهنجار	_	_	_	_
27	بودن	_	_	_	_
28	او	_	_	_	_
29	نابهنجار	_	_	_	_
30	باشد	_	_	_	_
31	.	_	_	_	_
0	واکنش	_	_	_	_
1	فردی	_	_	_	_
2	که	_	_	_	_
3	به	_	_	_	_
4	اردوگاه	_	_	_	_
5	کار	_	_	_	_
6	اجباری	_	_	_	_
7	وارد‌شده‌است	_	_	_	_
8	نیز	_	_	_	_
9	وضع	_	_	_	_
10	نابهنجار	_	_	_	_
11	ذهنی	_	_	_	_
12	او	_	_	_	_
13	را	_	_	_	_
14	نشان	_	_	_	_
15	می‌دهد	_	_	_	_
16	.	_	_	_	_
0	صبح	_	_	_	_
1	زود	_	_	_	_
2	،	_	_	_	_
3	وقتی	_	_	_	_
4	که	_	_	_	_
5	هوا	_	_	_	_
6	هنوز	_	_	_	_
7	گرگ	_	_	_	_
8	و	_	_	_	_
9	میش‌بود	_	_	_	_
10	زندانی	_	_	_	_
11	با	_	_	_	_
12	گروهش	_	_	_	_
13	جلوی	_	_	_	_
14	در	_	_	_	_
15	می‌ایستاد	_	_	_	_
16	و	_	_	_	_
17	آماده	_	_	_	_
18	کار‌بود	_	_	_	_
19	.	_	_	_	_
0	با	_	_	_	_
1	شنیدن	_	_	_	_
2	صدای	_	_	_	_
3	فریادی	_	_	_	_
4	،	_	_	_	_
5	می‌دید	_	_	_	_
6	که	_	_	_	_
7	چگونه	_	_	_	_
8	رفیقی	_	_	_	_
9	را	_	_	_	_
10	نقش	_	_	_	_
11	زمین	_	_	_	_
12	می‌کنند	_	_	_	_
13	و	_	_	_	_
14	دیگر	_	_	_	_
15	بار	_	_	_	_
16	او	_	_	_	_
17	را	_	_	_	_
18	می‌ایستانند	_	_	_	_
19	و	_	_	_	_
20	باز	_	_	_	_
21	هم	_	_	_	_
22	اینکار	_	_	_	_
23	تکرار	_	_	_	_
24	می‌شود	_	_	_	_
25	،	_	_	_	_
26	چرا	_	_	_	_
27	چنین	_	_	_	_
28	می‌کردند	_	_	_	_
29	؟	_	_	_	_
0	برای	_	_	_	_
1	این	_	_	_	_
2	که	_	_	_	_
3	تب	_	_	_	_
4	داشت	_	_	_	_
5	و	_	_	_	_
6	بی‌موقع	_	_	_	_
7	به	_	_	_	_
8	درمانگاه	_	_	_	_
9	رفته‌بود	_	_	_	_
10	و	_	_	_	_
11	به	_	_	_	_
12	خاطر	_	_	_	_
13	همین	_	_	_	_
14	که	_	_	_	_
15	می‌خواست	_	_	_	_
16	از	_	_	_	_
17	وظایف	_	_	_	_
18	روزانه	_	_	_	_
19	اش	_	_	_	_
20	رها	_	_	_	_
21	شود	_	_	_	_
22	تنبیه	_	_	_	_
23	می‌شد	_	_	_	_
24	.	_	_	_	_
0	اینبار	_	_	_	_
1	نتونستم	_	_	_	_
2	جلوی	_	_	_	_
3	خندم	_	_	_	_
4	رو	_	_	_	_
5	بگیرم	_	_	_	_
6	یه	_	_	_	_
7	دونه	_	_	_	_
8	با	_	_	_	_
9	مشت	_	_	_	_
10	ناخود	_	_	_	_
11	آگاه	_	_	_	_
12	زدم	_	_	_	_
13	به	_	_	_	_
14	بازوش	_	_	_	_
15	که	_	_	_	_
16	با	_	_	_	_
17	یه	_	_	_	_
18	لبخند	_	_	_	_
19	مرموذی	_	_	_	_
20	نگام	_	_	_	_
21	کرد	_	_	_	_
22	.	_	_	_	_
0	پایه	_	_	_	_
1	ی	_	_	_	_
2	یه	_	_	_	_
3	دور	_	_	_	_
4	دور	_	_	_	_
5	هستی	_	_	_	_
6	؟؟؟!!!	_	_	_	_
0	خندیدم	_	_	_	_
1	و	_	_	_	_
2	سرمو	_	_	_	_
3	با	_	_	_	_
4	ذوق	_	_	_	_
5	تکون	_	_	_	_
6	دادم	_	_	_	_
7	و	_	_	_	_
8	پریدم	_	_	_	_
9	بالا	_	_	_	_
10	و	_	_	_	_
11	شروع	_	_	_	_
12	کردم	_	_	_	_
13	روندن	_	_	_	_
14	...	_	_	_	_
0	راهنماییم	_	_	_	_
1	کرد	_	_	_	_
2	تا	_	_	_	_
3	رفتیم	_	_	_	_
4	سمت	_	_	_	_
5	سعادت	_	_	_	_
6	آباد	_	_	_	_
7	و	_	_	_	_
8	کنارآب	_	_	_	_
9	میوه	_	_	_	_
10	فروشی	_	_	_	_
11	ایستادیم	_	_	_	_
12	.	_	_	_	_
0	شب‌بود	_	_	_	_
1	ستار	_	_	_	_
2	گان	_	_	_	_
3	در	_	_	_	_
4	آسمان	_	_	_	_
5	میدر	_	_	_	_
6	خشنیدند	_	_	_	_
7	،	_	_	_	_
8	از	_	_	_	_
9	کاربربرمیگشتم	_	_	_	_
10	که	_	_	_	_
11	برای	_	_	_	_
12	خانه	_	_	_	_
13	نان	_	_	_	_
14	و	_	_	_	_
15	ا	_	_	_	_
16	نار	_	_	_	_
17	خرید	_	_	_	_
18	کردم	_	_	_	_
19	.	_	_	_	_
0	ساعت13	_	_	_	_
1	:	_	_	_	_
0	2ب	_	_	_	_
1	.	_	_	_	_
0	ظ	_	_	_	_
1	هر	_	_	_	_
2	جا	_	_	_	_
3	یی	_	_	_	_
4	را	_	_	_	_
5	گشتم	_	_	_	_
6	نبود	_	_	_	_
7	و	_	_	_	_
8	دربه	_	_	_	_
9	دردنبال	_	_	_	_
10	آن‌بودم	_	_	_	_
11	.	_	_	_	_
0	کوچ	_	_	_	_
1	نشینان	_	_	_	_
2	به	_	_	_	_
3	ییلاق	_	_	_	_
4	کوچ	_	_	_	_
5	کردند	_	_	_	_
6	در	_	_	_	_
7	مسیر	_	_	_	_
8	بودندطوفان	_	_	_	_
9	شن	_	_	_	_
10	شروع	_	_	_	_
11	شد	_	_	_	_
12	،	_	_	_	_
13	درطوفان	_	_	_	_
14	گیر	_	_	_	_
15	کردند	_	_	_	_
16	.	_	_	_	_
0	صبح	_	_	_	_
1	شد	_	_	_	_
2	هوا	_	_	_	_
3	آروم	_	_	_	_
4	شده‌بود	_	_	_	_
5	اما	_	_	_	_
6	گوسفندان	_	_	_	_
7	همه	_	_	_	_
8	پراکنده	_	_	_	_
9	شده‌بودند	_	_	_	_
10	.	_	_	_	_
0	زمان	_	_	_	_
1	جانشینی	_	_	_	_
2	فرارسید	_	_	_	_
3	برادردربرابربرادرقرارگرفته‌بود	_	_	_	_
4	.	_	_	_	_
0	مادر	_	_	_	_
1	برای	_	_	_	_
2	خرید	_	_	_	_
3	پرده	_	_	_	_
4	به	_	_	_	_
5	پر	_	_	_	_
6	ده	_	_	_	_
7	سرا	_	_	_	_
8	رفت	_	_	_	_
9	ولی	_	_	_	_
10	پرده	_	_	_	_
11	ی	_	_	_	_
12	خو	_	_	_	_
13	بی‌پیدانکرد	_	_	_	_
14	.	_	_	_	_
0	درصورتی‌که	_	_	_	_
1	حجم	_	_	_	_
2	حافظه	_	_	_	_
3	10	_	_	_	_
4	ترا	_	_	_	_
5	بایت	_	_	_	_
6	یا	_	_	_	_
7	15	_	_	_	_
8	ترابایت	_	_	_	_
9	باشد	_	_	_	_
10	عالی	_	_	_	_
11	میشوددرغیراین	_	_	_	_
12	صورت	_	_	_	_
13	قابل	_	_	_	_
14	استفاده	_	_	_	_
15	نمی‌باشد	_	_	_	_
16	.	_	_	_	_
0	کسب	_	_	_	_
1	و	_	_	_	_
2	کار	_	_	_	_
3	در	_	_	_	_
4	اقتصاد	_	_	_	_
5	سرمایه	_	_	_	_
6	داری	_	_	_	_
7	حکم	_	_	_	_
8	فرماست	_	_	_	_
9	،	_	_	_	_
10	بیشتر	_	_	_	_
11	کسب	_	_	_	_
12	و	_	_	_	_
13	کار‌ها	_	_	_	_
14	که	_	_	_	_
15	مالک	_	_	_	_
16	آن‌‌ها	_	_	_	_
17	بخش	_	_	_	_
18	خصوصی	_	_	_	_
19	است	_	_	_	_
20	برای	_	_	_	_
21	این	_	_	_	_
22	ایجاد	_	_	_	_
23	شده‌اند	_	_	_	_
24	که	_	_	_	_
25	سود	_	_	_	_
26	ساز	_	_	_	_
27	باشند	_	_	_	_
28	و	_	_	_	_
29	دارایی	_	_	_	_
30	صاحب	_	_	_	_
31	شان	_	_	_	_
32	را	_	_	_	_
33	بیشتر	_	_	_	_
34	کنند	_	_	_	_
35	.	_	_	_	_
0	کسب	_	_	_	_
1	و	_	_	_	_
2	کارها	_	_	_	_
3	می‌توانند	_	_	_	_
4	نا	_	_	_	_
5	سودبر	_	_	_	_
6	باشند	_	_	_	_
7	یا	_	_	_	_
8	مالک	_	_	_	_
9	آن‌ها	_	_	_	_
10	دولت	_	_	_	_
11	باشد	_	_	_	_
12	.	_	_	_	_
0	از	_	_	_	_
1	کسب	_	_	_	_
2	و	_	_	_	_
3	کاری	_	_	_	_
4	که	_	_	_	_
5	چندین	_	_	_	_
6	فرد	_	_	_	_
7	در	_	_	_	_
8	دارایی	_	_	_	_
9	آن	_	_	_	_
10	شریک	_	_	_	_
11	باشند	_	_	_	_
12	با	_	_	_	_
13	عنوان	_	_	_	_
14	شرکت	_	_	_	_
15	یاد	_	_	_	_
16	برده	_	_	_	_
17	می‌شود	_	_	_	_
18	،	_	_	_	_
19	هر	_	_	_	_
20	چند	_	_	_	_
21	که	_	_	_	_
22	این	_	_	_	_
23	واژه	_	_	_	_
24	تعریف	_	_	_	_
25	دقیق	_	_	_	_
26	تری	_	_	_	_
27	نیز	_	_	_	_
28	دارد	_	_	_	_
29	.	_	_	_	_
0	پترس	_	_	_	_
1	و	_	_	_	_
2	پلومن	_	_	_	_
3	،	_	_	_	_
4	از	_	_	_	_
5	صاحب	_	_	_	_
6	نظران	_	_	_	_
7	این	_	_	_	_
8	حوزه	_	_	_	_
9	،	_	_	_	_
10	بر	_	_	_	_
11	این	_	_	_	_
12	باورند	_	_	_	_
13	که	_	_	_	_
14	هر	_	_	_	_
15	نوع	_	_	_	_
16	خرید	_	_	_	_
17	و	_	_	_	_
18	فروش	_	_	_	_
19	کسب	_	_	_	_
20	وکار	_	_	_	_
21	نیست	_	_	_	_
22	،	_	_	_	_
23	بلکه	_	_	_	_
24	کسب	_	_	_	_
25	وکار	_	_	_	_
26	هر	_	_	_	_
27	نوع	_	_	_	_
28	تبادل	_	_	_	_
29	تکرار	_	_	_	_
30	شونده	_	_	_	_
31	و	_	_	_	_
32	تجدید‌پذیر	_	_	_	_
33	است	_	_	_	_
34	.	_	_	_	_
0	صد‌ها	_	_	_	_
1	تن	_	_	_	_
2	از	_	_	_	_
3	مرد‌ها	_	_	_	_
4	به	_	_	_	_
5	بیگاری	_	_	_	_
6	کشیده	_	_	_	_
7	شدندوبه	_	_	_	_
8	ده‌ها	_	_	_	_
9	زن	_	_	_	_
10	تجاوز	_	_	_	_
11	شد	_	_	_	_
12	.	_	_	_	_
0	فروشند	_	_	_	_
1	گان	_	_	_	_
2	کالا‌هایی	_	_	_	_
3	را	_	_	_	_
4	که	_	_	_	_
5	به	_	_	_	_
6	فروش	_	_	_	_
7	نمیرسند	_	_	_	_
8	با	_	_	_	_
9	قیمت	_	_	_	_
10	پایین	_	_	_	_
11	تر	_	_	_	_
12	به	_	_	_	_
13	حراج	_	_	_	_
14	میگذارند	_	_	_	_
15	.	_	_	_	_
0	علاوه	_	_	_	_
1	بر	_	_	_	_
2	این	_	_	_	_
3	اجناس	_	_	_	_
4	که	_	_	_	_
5	سال‌ها	_	_	_	_
6	پیش	_	_	_	_
7	فروش	_	_	_	_
8	نرفته‌اند	_	_	_	_
9	هم	_	_	_	_
10	در	_	_	_	_
11	این	_	_	_	_
12	حراج	_	_	_	_
13	وجود	_	_	_	_
14	دارند	_	_	_	_
15	.	_	_	_	_
0	سرور‌های	_	_	_	_
1	گوگل	_	_	_	_
2	کیلو	_	_	_	_
3	ترابایت	_	_	_	_
4	حافظه	_	_	_	_
5	دارند	_	_	_	_
6	.	_	_	_	_
0	بت	_	_	_	_
1	پرست	_	_	_	_
2	پیر	_	_	_	_
3	اهن	_	_	_	_
4	را	_	_	_	_
5	تکه	_	_	_	_
6	تکه	_	_	_	_
7	کرد	_	_	_	_
8	.	_	_	_	_
0	به	_	_	_	_
1	گزارش	_	_	_	_
2	شبکه‌ان	_	_	_	_
3	بی‌سی	_	_	_	_
4	نیوز	_	_	_	_
5	قایق‌های	_	_	_	_
6	تندروی	_	_	_	_
7	نیروی	_	_	_	_
8	دریایی	_	_	_	_
9	ایران	_	_	_	_
10	در	_	_	_	_
11	آب‌های	_	_	_	_
12	خلیج‌فارس	_	_	_	_
13	به	_	_	_	_
14	ناو	_	_	_	_
15	آمریکایی	_	_	_	_
16	اسکس	_	_	_	_
17	و	_	_	_	_
18	دیگر	_	_	_	_
19	کشتی‌های	_	_	_	_
20	آمریکایی	_	_	_	_
21	نزدیک	_	_	_	_
22	شده‌اند	_	_	_	_
23	.	_	_	_	_
0	در	_	_	_	_
1	حالی	_	_	_	_
2	که	_	_	_	_
3	ژنرال	_	_	_	_
4	جوزف	_	_	_	_
5	ووتل	_	_	_	_
6	فرمانده	_	_	_	_
7	مقر	_	_	_	_
8	مرکزی	_	_	_	_
9	ارتش	_	_	_	_
10	آمریکا	_	_	_	_
11	نیز	_	_	_	_
12	در	_	_	_	_
13	ناو	_	_	_	_
14	اسکس	_	_	_	_
15	بوده	_	_	_	_
16	است	_	_	_	_
17	.	_	_	_	_
0	بنابر	_	_	_	_
1	این	_	_	_	_
2	گزارش	_	_	_	_
3	قایق‌های	_	_	_	_
4	تندروی	_	_	_	_
5	ایرانی	_	_	_	_
6	تا	_	_	_	_
7	فاصله	_	_	_	_
8	300	_	_	_	_
9	یاردی	_	_	_	_
10	از	_	_	_	_
11	اسکس	_	_	_	_
12	به	_	_	_	_
13	این	_	_	_	_
14	ناو	_	_	_	_
15	آمریکایی	_	_	_	_
16	نزدیک	_	_	_	_
17	شده‌بودند	_	_	_	_
18	.	_	_	_	_
0	یک	_	_	_	_
1	ملوان	_	_	_	_
2	ایرانی	_	_	_	_
3	در	_	_	_	_
4	یک	_	_	_	_
5	تماس	_	_	_	_
6	رادیویی	_	_	_	_
7	از	_	_	_	_
8	ناو	_	_	_	_
9	اسکس	_	_	_	_
10	خواسته‌بود	_	_	_	_
11	تا	_	_	_	_
12	ملیت	_	_	_	_
13	خود	_	_	_	_
14	را	_	_	_	_
15	مشخص	_	_	_	_
16	کند	_	_	_	_
17	.	_	_	_	_
0	در	_	_	_	_
1	پاسخ	_	_	_	_
2	به	_	_	_	_
3	این	_	_	_	_
4	تماس	_	_	_	_
5	نیز	_	_	_	_
6	یک	_	_	_	_
7	ملوان	_	_	_	_
8	آمریکایی	_	_	_	_
9	کشتی‌های	_	_	_	_
10	آمریکایی‌ها	_	_	_	_
11	را	_	_	_	_
12	برای	_	_	_	_
13	ایران	_	_	_	_
14	معرفی	_	_	_	_
15	کرده	_	_	_	_
16	و	_	_	_	_
17	توضیح	_	_	_	_
18	داده	_	_	_	_
19	است	_	_	_	_
20	که	_	_	_	_
21	آن‌ها	_	_	_	_
22	در	_	_	_	_
23	حال	_	_	_	_
24	انجام	_	_	_	_
25	یک	_	_	_	_
26	ماموریت	_	_	_	_
27	دریایی	_	_	_	_
28	هستند	_	_	_	_
29	.	_	_	_	_
0	محمدجواد	_	_	_	_
1	ظریف	_	_	_	_
2	وزیر	_	_	_	_
3	امور	_	_	_	_
4	خارجه	_	_	_	_
5	ایران	_	_	_	_
6	نیز	_	_	_	_
7	پیش	_	_	_	_
8	از	_	_	_	_
9	این	_	_	_	_
10	در	_	_	_	_
11	یک	_	_	_	_
12	پیام	_	_	_	_
13	توییتری	_	_	_	_
14	تاکید	_	_	_	_
15	کرده‌بود	_	_	_	_
16	که	_	_	_	_
17	نیروی	_	_	_	_
18	دریایی	_	_	_	_
19	ایران	_	_	_	_
20	در	_	_	_	_
21	خلیج‌فارس	_	_	_	_
22	است	_	_	_	_
23	نه	_	_	_	_
24	خلیج	_	_	_	_
25	مکزیک	_	_	_	_
26	و	_	_	_	_
27	سوال	_	_	_	_
28	این	_	_	_	_
29	است	_	_	_	_
30	که	_	_	_	_
31	چرا	_	_	_	_
32	نیروی	_	_	_	_
33	دریایی	_	_	_	_
34	آمریکا	_	_	_	_
35	باید	_	_	_	_
36	جایی	_	_	_	_
37	هزاران	_	_	_	_
38	مایل	_	_	_	_
39	دورتر	_	_	_	_
40	از	_	_	_	_
41	کشورش	_	_	_	_
42	باشد	_	_	_	_
43	.	_	_	_	_
0	در	_	_	_	_
1	حال	_	_	_	_
2	حاضر	_	_	_	_
3	در	_	_	_	_
4	کشور	_	_	_	_
5	ما	_	_	_	_
6	رشته‌هایی	_	_	_	_
7	در	_	_	_	_
8	دوره	_	_	_	_
9	رزیدنتی	_	_	_	_
10	پرطرفدار	_	_	_	_
11	هستند	_	_	_	_
12	که	_	_	_	_
13	درآمد	_	_	_	_
14	بالاتری	_	_	_	_
15	دارند	_	_	_	_
16	.	_	_	_	_
0	در	_	_	_	_
1	واقع	_	_	_	_
2	اختلاف	_	_	_	_
3	درآمدی	_	_	_	_
4	بسیار	_	_	_	_
5	زیاد	_	_	_	_
6	بین	_	_	_	_
7	خود	_	_	_	_
8	رشته‌های	_	_	_	_
9	تخصص	_	_	_	_
10	پزشکی	_	_	_	_
11	سبب	_	_	_	_
12	جهت‌گیری	_	_	_	_
13	انتخاب	_	_	_	_
14	رشته	_	_	_	_
15	داوطلبان	_	_	_	_
16	آزمون	_	_	_	_
17	دستیاری‌شده‌است	_	_	_	_
18	.	_	_	_	_
0	طوری	_	_	_	_
1	که	_	_	_	_
2	در	_	_	_	_
3	حال	_	_	_	_
4	حاضر	_	_	_	_
5	رشته‌های	_	_	_	_
6	رادیولوژی	_	_	_	_
7	،	_	_	_	_
8	چشم	_	_	_	_
9	،	_	_	_	_
10	پوست	_	_	_	_
11	و	_	_	_	_
12	ارتوپدی	_	_	_	_
13	پرطرفدار	_	_	_	_
14	ترین	_	_	_	_
15	رشته‌ها	_	_	_	_
16	در	_	_	_	_
17	بین	_	_	_	_
18	داوطلبین	_	_	_	_
19	این	_	_	_	_
20	آزمون	_	_	_	_
21	می‌باشد	_	_	_	_
22	.	_	_	_	_
0	این	_	_	_	_
1	در	_	_	_	_
2	حالی	_	_	_	_
3	است	_	_	_	_
4	که	_	_	_	_
5	در	_	_	_	_
6	کشور	_	_	_	_
7	آمریکا	_	_	_	_
8	طبق	_	_	_	_
9	گزارش	_	_	_	_
10	سال	_	_	_	_
11	2011	_	_	_	_
12	Medscape	_	_	_	_
13	اختلاف	_	_	_	_
14	درآمد	_	_	_	_
15	متوسط	_	_	_	_
16	انواع	_	_	_	_
17	رشته‌های	_	_	_	_
18	پزشکی	_	_	_	_
19	حداکثر	_	_	_	_
20	2	_	_	_	_
21	برابر	_	_	_	_
22	است	_	_	_	_
23	.	_	_	_	_
0	در	_	_	_	_
1	اینجا	_	_	_	_
2	اشاره	_	_	_	_
3	میکنم	_	_	_	_
4	به	_	_	_	_
5	در	_	_	_	_
6	آمد	_	_	_	_
7	پزشکان	_	_	_	_
8	دارو	_	_	_	_
9	ساز	_	_	_	_
10	دارو	_	_	_	_
11	خانه‌دار	_	_	_	_
12	که	_	_	_	_
13	به	_	_	_	_
14	مراتب	_	_	_	_
15	از	_	_	_	_
16	همکاران	_	_	_	_
17	داروسازمسئول	_	_	_	_
18	فنی	_	_	_	_
19	دارو	_	_	_	_
20	خانه	_	_	_	_
21	بیشتر	_	_	_	_
22	است	_	_	_	_
23	وتمامی	_	_	_	_
24	تعرفه	_	_	_	_
25	نسخ	_	_	_	_
26	و	_	_	_	_
27	سودهای	_	_	_	_
28	دارو	_	_	_	_
29	و	_	_	_	_
30	جوائز	_	_	_	_
31	داروئی	_	_	_	_
32	و	_	_	_	_
33	...	_	_	_	_
0	رابه	_	_	_	_
1	جیب	_	_	_	_
2	خود	_	_	_	_
3	روانه	_	_	_	_
4	می‌کنند	_	_	_	_
5	وهمیشه	_	_	_	_
6	ازاینکه	_	_	_	_
7	وضعیت	_	_	_	_
8	درآمدی	_	_	_	_
9	مناسبی	_	_	_	_
10	ندارند	_	_	_	_
11	مینالند	_	_	_	_
12	وبه	_	_	_	_
13	جرات	_	_	_	_
14	90درصد	_	_	_	_
15	داروخانه	_	_	_	_
16	سوددهی	_	_	_	_
17	فوق	_	_	_	_
18	العاده‌ای	_	_	_	_
19	دارند	_	_	_	_
20	.	_	_	_	_
0	سلام	_	_	_	_
1	به	_	_	_	_
2	همه	_	_	_	_
3	دوستان	_	_	_	_
4	عزیز	_	_	_	_
5	.	_	_	_	_
0	انچه	_	_	_	_
1	که	_	_	_	_
2	بنده	_	_	_	_
3	در	_	_	_	_
4	ارتباط	_	_	_	_
5	با	_	_	_	_
6	ماشین	_	_	_	_
7	x22م	_	_	_	_
8	میخوام	_	_	_	_
9	متذکر	_	_	_	_
10	بشم	_	_	_	_
11	.	_	_	_	_
0	اول	_	_	_	_
1	اینکه	_	_	_	_
2	بنده	_	_	_	_
3	نه	_	_	_	_
4	فروشنده	_	_	_	_
5	هستم	_	_	_	_
6	و	_	_	_	_
7	نه	_	_	_	_
8	دلال	_	_	_	_
9	من	_	_	_	_
10	هممثل	_	_	_	_
11	همه	_	_	_	_
12	شما	_	_	_	_
13	یک	_	_	_	_
14	دستگاه	_	_	_	_
15	از	_	_	_	_
16	این	_	_	_	_
17	مدل	_	_	_	_
18	ماشین	_	_	_	_
19	در	_	_	_	_
20	اواخر	_	_	_	_
21	مرداد	_	_	_	_
22	96	_	_	_	_
23	از	_	_	_	_
24	نمایندگی	_	_	_	_
25	تحویل	_	_	_	_
26	گرفته‌ام	_	_	_	_
27	و	_	_	_	_
28	بحمدالله	_	_	_	_
29	با	_	_	_	_
30	این	_	_	_	_
31	ماشین	_	_	_	_
32	حدود	_	_	_	_
33	38600	_	_	_	_
34	کیلومتر	_	_	_	_
35	تو	_	_	_	_
36	تمام	_	_	_	_
37	جاده‌های	_	_	_	_
38	ایران	_	_	_	_
39	و	_	_	_	_
40	یکبار	_	_	_	_
41	به	_	_	_	_
42	اربیل	_	_	_	_
43	عراق	_	_	_	_
44	و	_	_	_	_
45	اخیر	_	_	_	_
46	هم	_	_	_	_
47	تازه	_	_	_	_
48	از	_	_	_	_
49	ارمنستان	_	_	_	_
50	با	_	_	_	_
51	این	_	_	_	_
52	ماشین	_	_	_	_
53	رفت	_	_	_	_
54	و	_	_	_	_
55	آمد	_	_	_	_
56	داشته‌ام	_	_	_	_
57	.	_	_	_	_
0	و	_	_	_	_
1	به	_	_	_	_
2	لحاظ	_	_	_	_
3	سواری	_	_	_	_
4	در	_	_	_	_
5	نوع	_	_	_	_
6	خودش	_	_	_	_
7	بی‌نظیر	_	_	_	_
8	بوده	_	_	_	_
9	و	_	_	_	_
10	اصلا	_	_	_	_
11	احساس	_	_	_	_
12	خستگی	_	_	_	_
13	نمیکنی	_	_	_	_
14	.	_	_	_	_
0	و	_	_	_	_
1	لزومی	_	_	_	_
2	هم	_	_	_	_
3	نبود	_	_	_	_
4	از	_	_	_	_
5	ماشین	_	_	_	_
6	خودم	_	_	_	_
7	تعریف	_	_	_	_
8	کنم	_	_	_	_
9	.	_	_	_	_
0	بهر	_	_	_	_
1	حال	_	_	_	_
2	هرکسی	_	_	_	_
3	سلیقه	_	_	_	_
4	خاص	_	_	_	_
5	خودش	_	_	_	_
6	را	_	_	_	_
7	داره	_	_	_	_
8	.	_	_	_	_
0	یکی	_	_	_	_
1	میگه	_	_	_	_
2	ماشین	_	_	_	_
3	بدی	_	_	_	_
4	هست	_	_	_	_
5	و	_	_	_	_
6	یکی	_	_	_	_
7	میگه	_	_	_	_
8	ماشین	_	_	_	_
9	خوب	_	_	_	_
10	.	_	_	_	_
0	حی	_	_	_	_
1	و	_	_	_	_
2	حاضر	_	_	_	_
3	این	_	_	_	_
4	ماشین	_	_	_	_
5	در	_	_	_	_
6	نوع	_	_	_	_
7	خودش	_	_	_	_
8	بی‌نظیر	_	_	_	_
9	بوده	_	_	_	_
10	و	_	_	_	_
11	تا	_	_	_	_
12	الان	_	_	_	_
13	فقط	_	_	_	_
14	به	_	_	_	_
15	غیر	_	_	_	_
16	از	_	_	_	_
17	روغن	_	_	_	_
18	و	_	_	_	_
19	فیلتر	_	_	_	_
20	چیزی	_	_	_	_
21	تا	_	_	_	_
22	حال	_	_	_	_
23	تعویض	_	_	_	_
24	نکرده‌ام	_	_	_	_
25	و	_	_	_	_
26	و	_	_	_	_
27	به	_	_	_	_
28	نسبت	_	_	_	_
29	مصرف	_	_	_	_
30	سوخت	_	_	_	_
31	تو	_	_	_	_
32	جاده‌های	_	_	_	_
33	ایران	_	_	_	_
34	و	_	_	_	_
35	جاده‌های	_	_	_	_
36	کوهستانی	_	_	_	_
37	کشورهای	_	_	_	_
38	همسایه	_	_	_	_
39	خیلی	_	_	_	_
40	کم	_	_	_	_
41	مصرف	_	_	_	_
42	و	_	_	_	_
43	تو	_	_	_	_
44	سربالایی	_	_	_	_
45	خیلی	_	_	_	_
46	راحت	_	_	_	_
47	کشش	_	_	_	_
48	خوبی	_	_	_	_
49	داشته	_	_	_	_
50	.	_	_	_	_
0	شاخص	_	_	_	_
1	بازار	_	_	_	_
2	بورس	_	_	_	_
3	در	_	_	_	_
4	تمام	_	_	_	_
5	نقاط	_	_	_	_
6	دنیا	_	_	_	_
7	به	_	_	_	_
8	کف	_	_	_	_
9	ممکن	_	_	_	_
10	خودش	_	_	_	_
11	رسید	_	_	_	_
12	.	_	_	_	_
0	بعضی	_	_	_	_
1	بورس‌ها	_	_	_	_
2	هم	_	_	_	_
3	کلا	_	_	_	_
4	قهر	_	_	_	_
5	کردن	_	_	_	_
6	رفتن	_	_	_	_
7	خونه‌هاشون	_	_	_	_
8	گفتن	_	_	_	_
9	ما	_	_	_	_
10	دیگه	_	_	_	_
11	نمی‌تونیم	_	_	_	_
12	!	_	_	_	_
0	آخرین	_	_	_	_
1	بازی	_	_	_	_
2	شب	_	_	_	_
3	دوم	_	_	_	_
4	هفته	_	_	_	_
5	دهم	_	_	_	_
6	رقابت‌های	_	_	_	_
7	لیگ	_	_	_	_
8	دسته	_	_	_	_
9	اول	_	_	_	_
10	اسپانیا	_	_	_	_
11	(	_	_	_	_
12	لالیگا	_	_	_	_
13	)	_	_	_	_
14	با	_	_	_	_
15	برتری	_	_	_	_
16	خانگی	_	_	_	_
17	2	_	_	_	_
18	بر	_	_	_	_
19	صفر	_	_	_	_
20	تیم	_	_	_	_
21	فوتبال	_	_	_	_
22	اتلتیکومادرید	_	_	_	_
23	مقابل	_	_	_	_
24	رئال	_	_	_	_
25	سوسیداد	_	_	_	_
26	به	_	_	_	_
27	پایان	_	_	_	_
28	رسید	_	_	_	_
29	.	_	_	_	_
0	سرمربی	_	_	_	_
1	سابق	_	_	_	_
2	تیم	_	_	_	_
3	ملی	_	_	_	_
4	اسپانیا	_	_	_	_
5	با	_	_	_	_
6	رقم	_	_	_	_
7	زدن	_	_	_	_
8	یک	_	_	_	_
9	شروع	_	_	_	_
10	افتضاح	_	_	_	_
11	تیمش	_	_	_	_
12	را	_	_	_	_
13	در	_	_	_	_
14	رده	_	_	_	_
15	نازل	_	_	_	_
16	هفتم	_	_	_	_
17	قرار	_	_	_	_
18	داده	_	_	_	_
19	و	_	_	_	_
20	تا	_	_	_	_
21	اینجا	_	_	_	_
22	هم	_	_	_	_
23	به	_	_	_	_
24	اصرار	_	_	_	_
25	مدیر	_	_	_	_
26	ورزشی	_	_	_	_
27	باشگاه	_	_	_	_
28	توسط	_	_	_	_
29	فلورنتینو	_	_	_	_
30	پرس	_	_	_	_
31	،	_	_	_	_
32	رئیس	_	_	_	_
33	باشگاه	_	_	_	_
34	اخراج‌نشده‌است	_	_	_	_
35	اما	_	_	_	_
36	شاید	_	_	_	_
37	این	_	_	_	_
38	،	_	_	_	_
39	آخرین	_	_	_	_
40	فرصتش	_	_	_	_
41	باشد	_	_	_	_
42	.	_	_	_	_
0	بازیکن	_	_	_	_
1	سابق	_	_	_	_
2	بارسلونا	_	_	_	_
3	می‌تواند	_	_	_	_
4	به	_	_	_	_
5	این	_	_	_	_
6	فرصت	_	_	_	_
7	به	_	_	_	_
8	دیده	_	_	_	_
9	مثبت	_	_	_	_
10	نگاه	_	_	_	_
11	کند	_	_	_	_
12	چون	_	_	_	_
13	رئال	_	_	_	_
14	مادرید	_	_	_	_
15	هر	_	_	_	_
16	چقدر	_	_	_	_
17	در	_	_	_	_
18	این	_	_	_	_
19	سال‌ها	_	_	_	_
20	ال‌کلاسیکوهای	_	_	_	_
21	خانگی	_	_	_	_
22	را	_	_	_	_
23	باخته	_	_	_	_
24	در	_	_	_	_
25	3	_	_	_	_
26	جدال	_	_	_	_
27	اخیر	_	_	_	_
28	در	_	_	_	_
29	نوکمپ	_	_	_	_
30	شکست	_	_	_	_
31	نخورده	_	_	_	_
32	است	_	_	_	_
33	.	_	_	_	_
0	در	_	_	_	_
1	طرف	_	_	_	_
2	مقابل	_	_	_	_
3	بارسلونا	_	_	_	_
4	پس	_	_	_	_
5	از	_	_	_	_
6	3	_	_	_	_
7	هفته	_	_	_	_
8	متوالی	_	_	_	_
9	ناکامی	_	_	_	_
10	در	_	_	_	_
11	کسب	_	_	_	_
12	پیروزی	_	_	_	_
13	به	_	_	_	_
14	اوج	_	_	_	_
15	برگشت	_	_	_	_
16	و	_	_	_	_
17	با	_	_	_	_
18	برتری	_	_	_	_
19	بر	_	_	_	_
20	سویا	_	_	_	_
21	صدر	_	_	_	_
22	جدول	_	_	_	_
23	را	_	_	_	_
24	در	_	_	_	_
25	اختیار	_	_	_	_
26	گرفت	_	_	_	_
27	اما	_	_	_	_
28	این	_	_	_	_
29	موضوع	_	_	_	_
30	به	_	_	_	_
31	قیمت	_	_	_	_
32	از	_	_	_	_
33	دست	_	_	_	_
34	ادن	_	_	_	_
35	لیونل	_	_	_	_
36	مسی	_	_	_	_
37	،	_	_	_	_
38	ستاره‌اش	_	_	_	_
39	به	_	_	_	_
40	مدت	_	_	_	_
41	4	_	_	_	_
42	هفته	_	_	_	_
43	انجامید	_	_	_	_
44	و	_	_	_	_
45	حالا	_	_	_	_
46	بهترین	_	_	_	_
47	گلزن	_	_	_	_
48	تاریخ	_	_	_	_
49	ال‌کلاسیکو	_	_	_	_
50	در	_	_	_	_
51	این	_	_	_	_
52	نبرد	_	_	_	_
53	سنتی	_	_	_	_
54	غایب	_	_	_	_
55	است	_	_	_	_
56	.	_	_	_	_
0	طرح‌های	_	_	_	_
1	ارائه‌شده‌برای	_	_	_	_
2	مهاجرت	_	_	_	_
3	ماشین	_	_	_	_
4	مجازی	_	_	_	_
5	در	_	_	_	_
6	سه	_	_	_	_
7	بخش	_	_	_	_
8	طبقه‌بندی	_	_	_	_
9	شده‌اند	_	_	_	_
10	:	_	_	_	_
0	فاصله	_	_	_	_
1	،	_	_	_	_
2	مسافت	_	_	_	_
3	،	_	_	_	_
4	جزئیات	_	_	_	_
5	.	_	_	_	_
0	مطالعات	_	_	_	_
1	در	_	_	_	_
2	مورد	_	_	_	_
3	مهاجرت	_	_	_	_
4	غیر	_	_	_	_
5	زنده	_	_	_	_
6	بسادگی	_	_	_	_
7	قابل	_	_	_	_
8	انجام	_	_	_	_
9	است	_	_	_	_
10	ولی	_	_	_	_
11	کسانی	_	_	_	_
12	که	_	_	_	_
13	بر	_	_	_	_
14	روی	_	_	_	_
15	مهاجرت	_	_	_	_
16	زنده	_	_	_	_
17	مطالعه	_	_	_	_
18	می‌کنند	_	_	_	_
19	،	_	_	_	_
20	بصورت	_	_	_	_
21	کلی	_	_	_	_
22	با	_	_	_	_
23	سه	_	_	_	_
24	چالش	_	_	_	_
25	اساسی	_	_	_	_
26	روبرو	_	_	_	_
27	می‌شوند	_	_	_	_
28	:	_	_	_	_
0	مهاجرت	_	_	_	_
1	داده‌های	_	_	_	_
2	حافظه	_	_	_	_
3	،	_	_	_	_
4	مهاجرت	_	_	_	_
5	داده‌های	_	_	_	_
6	ذخیره‌شده‌و	_	_	_	_
7	تداوم	_	_	_	_
8	برقراری	_	_	_	_
9	اتصال	_	_	_	_
10	به	_	_	_	_
11	شبکه	_	_	_	_
12	.	_	_	_	_
0	کارهایی	_	_	_	_
1	که	_	_	_	_
2	برای	_	_	_	_
3	تجزیه	_	_	_	_
4	و	_	_	_	_
5	تحلیل	_	_	_	_
6	عمل‌کرد	_	_	_	_
7	و	_	_	_	_
8	کارایی	_	_	_	_
9	مهاجرت	_	_	_	_
10	ماشین	_	_	_	_
11	مجازی	_	_	_	_
12	انجام‌شده‌است	_	_	_	_
13	،	_	_	_	_
14	نیز	_	_	_	_
15	ذکر‌شده‌است	_	_	_	_
16	.	_	_	_	_
0	با	_	_	_	_
1	توسعه	_	_	_	_
2	و	_	_	_	_
3	تکامل	_	_	_	_
4	رایانش‌ابری	_	_	_	_
5	،	_	_	_	_
6	تحرک	_	_	_	_
7	کاربر	_	_	_	_
8	،	_	_	_	_
9	یک	_	_	_	_
10	انگیزه	_	_	_	_
11	مهم	_	_	_	_
12	برای	_	_	_	_
13	مهاجرت	_	_	_	_
14	زنده	_	_	_	_
15	VM	_	_	_	_
16	در	_	_	_	_
17	برخی	_	_	_	_
18	از	_	_	_	_
19	سناریوها	_	_	_	_
20	(	_	_	_	_
21	مانند	_	_	_	_
22	محاسبات	_	_	_	_
23	مه	_	_	_	_
24	خواهد‌بود	_	_	_	_
25	.	_	_	_	_
0	بنابراین	_	_	_	_
1	مطالعات	_	_	_	_
2	در	_	_	_	_
3	مورد	_	_	_	_
4	پیوند	_	_	_	_
5	مهاجرت	_	_	_	_
6	VM	_	_	_	_
7	،	_	_	_	_
8	به	_	_	_	_
9	تحرک	_	_	_	_
10	کاربران	_	_	_	_
11	خلاصه‌شده‌است	_	_	_	_
12	.	_	_	_	_
0	کاربری	_	_	_	_
1	که	_	_	_	_
2	دسترسی	_	_	_	_
3	فیزیکی	_	_	_	_
4	غیرمجاز	_	_	_	_
5	به	_	_	_	_
6	کامپیوتر	_	_	_	_
7	پیدا	_	_	_	_
8	کرده	_	_	_	_
9	باشد	_	_	_	_
10	،	_	_	_	_
11	قادر	_	_	_	_
12	است	_	_	_	_
13	اطلاعات	_	_	_	_
14	را	_	_	_	_
15	از	_	_	_	_
16	آن	_	_	_	_
17	کپی	_	_	_	_
18	کند	_	_	_	_
19	.	_	_	_	_
0	حتی	_	_	_	_
1	اگر	_	_	_	_
2	سیستم	_	_	_	_
3	با	_	_	_	_
4	امنیت	_	_	_	_
5	استاندارد	_	_	_	_
6	حفاظت‌شده‌باشد	_	_	_	_
7	،	_	_	_	_
8	حساب	_	_	_	_
9	کاربر	_	_	_	_
10	و	_	_	_	_
11	پسورد	_	_	_	_
12	او	_	_	_	_
13	را	_	_	_	_
14	می‌توان	_	_	_	_
15	با	_	_	_	_
16	گذر	_	_	_	_
17	از	_	_	_	_
18	این	_	_	_	_
19	مکانیسم‌ها	_	_	_	_
20	و	_	_	_	_
21	راه‌اندازی	_	_	_	_
22	سیستم‌عامل	_	_	_	_
23	دیگر	_	_	_	_
24	یا	_	_	_	_
25	ابزاری	_	_	_	_
26	از	_	_	_	_
27	CD	_	_	_	_
28	ROM	_	_	_	_
29	برای	_	_	_	_
30	راه‌اندازی	_	_	_	_
31	مجدد	_	_	_	_
32	پسورد	_	_	_	_
33	سرپرست	_	_	_	_
34	و	_	_	_	_
35	تبدیل	_	_	_	_
36	آن	_	_	_	_
37	به	_	_	_	_
38	رشته	_	_	_	_
39	null	_	_	_	_
40	،	_	_	_	_
41	به	_	_	_	_
42	دست	_	_	_	_
43	آورد	_	_	_	_
44	.	_	_	_	_
0	رمزگذاری	_	_	_	_
1	دیسک	_	_	_	_
2	و	_	_	_	_
3	ماژول	_	_	_	_
4	Trusted	_	_	_	_
5	Platform	_	_	_	_
6	برای	_	_	_	_
7	جلوگیری	_	_	_	_
8	از	_	_	_	_
9	چنین	_	_	_	_
10	حمله‌هایی	_	_	_	_
11	طراحی	_	_	_	_
12	شده‌اند	_	_	_	_
13	.	_	_	_	_
