0	استهزائ	_	_	_	_
1	و	_	_	_	_
2	مسخره	_	_	_	_
3	کردن	_	_	_	_
4	دیگران	_	_	_	_
5	موجب	_	_	_	_
6	ایجاد	_	_	_	_
7	کدورت	_	_	_	_
8	بین	_	_	_	_
9	افراد	_	_	_	_
10	می‌شود	_	_	_	_
11	.	_	_	_	_
0	تهاتر	_	_	_	_
1	فقط	_	_	_	_
2	در	_	_	_	_
3	مورد	_	_	_	_
4	دو	_	_	_	_
5	دینی	_	_	_	_
6	حاصل	_	_	_	_
7	می‌شود	_	_	_	_
8	که	_	_	_	_
9	موضوع	_	_	_	_
10	یکسانی	_	_	_	_
11	داشته	_	_	_	_
12	باشند	_	_	_	_
13	.	_	_	_	_
0	کاپتان	_	_	_	_
1	کشتی	_	_	_	_
2	جنگی	_	_	_	_
3	دستور	_	_	_	_
4	عقب‌نشینی	_	_	_	_
5	کردن	_	_	_	_
6	را	_	_	_	_
7	صادر	_	_	_	_
8	کرد	_	_	_	_
9	.	_	_	_	_
0	هرگاه	_	_	_	_
1	موصی	_	_	_	_
2	پس	_	_	_	_
3	از	_	_	_	_
4	انشائ	_	_	_	_
5	وصیت	_	_	_	_
6	نامه	_	_	_	_
7	محجور	_	_	_	_
8	شود	_	_	_	_
9	وصیت	_	_	_	_
10	از	_	_	_	_
11	بین	_	_	_	_
12	نمی‌رود	_	_	_	_
13	.	_	_	_	_
0	توران	_	_	_	_
1	و	_	_	_	_
2	ایران	_	_	_	_
3	سال	_	_	_	_
4	یان	_	_	_	_
5	دراز	_	_	_	_
6	با	_	_	_	_
7	یکدیگر	_	_	_	_
8	به	_	_	_	_
9	جنگ	_	_	_	_
10	می‌پرداختند	_	_	_	_
11	.	_	_	_	_
0	زردگوش	_	_	_	_
1	کنایه	_	_	_	_
2	از	_	_	_	_
3	انسان	_	_	_	_
4	منافق	_	_	_	_
5	مفسده	_	_	_	_
6	و	_	_	_	_
7	بیکاره	_	_	_	_
8	است	_	_	_	_
9	.	_	_	_	_
0	خنبانیدن	_	_	_	_
1	تقلید	_	_	_	_
2	کردن	_	_	_	_
3	حرکات	_	_	_	_
4	و	_	_	_	_
5	سکنات	_	_	_	_
6	کسی	_	_	_	_
7	از	_	_	_	_
8	روی	_	_	_	_
9	ریشخند	_	_	_	_
10	می‌باشد	_	_	_	_
11	.	_	_	_	_
0	خنده	_	_	_	_
1	بر	_	_	_	_
2	هر	_	_	_	_
3	درد	_	_	_	_
4	بی‌درمان	_	_	_	_
5	دواست	_	_	_	_
6	از	_	_	_	_
7	عمل‌کرد	_	_	_	_
8	دانشجویان	_	_	_	_
9	راضی‌ام	_	_	_	_
10	.	_	_	_	_
0	کودکان	_	_	_	_
1	بازی	_	_	_	_
2	با	_	_	_	_
3	بادبادک	_	_	_	_
4	را	_	_	_	_
5	خیلی	_	_	_	_
6	دوست	_	_	_	_
7	دارند	_	_	_	_
8	.	_	_	_	_
0	معلمین	_	_	_	_
1	با	_	_	_	_
2	فراست	_	_	_	_
3	خود	_	_	_	_
4	توانستند	_	_	_	_
5	مشکلاه	_	_	_	_
6	دانش‌آموزان	_	_	_	_
7	را	_	_	_	_
8	حل‌کنند	_	_	_	_
9	.	_	_	_	_
0	نگران	_	_	_	_
1	نباش	_	_	_	_
2	...!؟	_	_	_	_
0	بنده	_	_	_	_
1	هم‌آن	_	_	_	_
2	به	_	_	_	_
3	که	_	_	_	_
4	ز	_	_	_	_
5	تقصیر	_	_	_	_
6	خویش	_	_	_	_
7	شکر	_	_	_	_
8	به	_	_	_	_
9	درگاه	_	_	_	_
10	خدا	_	_	_	_
11	آورد	_	_	_	_
12	.	_	_	_	_
0	خنده	_	_	_	_
1	حالتی	_	_	_	_
2	در	_	_	_	_
3	چهره	_	_	_	_
4	انسان	_	_	_	_
5	به	_	_	_	_
6	واسطه	_	_	_	_
7	شعف	_	_	_	_
8	خوشحالی	_	_	_	_
9	یا	_	_	_	_
10	تمسخر	_	_	_	_
11	که	_	_	_	_
12	در	_	_	_	_
13	آن	_	_	_	_
14	لب‌ها	_	_	_	_
15	گشوده	_	_	_	_
16	می‌گردد	_	_	_	_
17	و	_	_	_	_
18	گاه	_	_	_	_
19	با	_	_	_	_
20	صدای	_	_	_	_
21	مخصوصی	_	_	_	_
22	همراه	_	_	_	_
23	است	_	_	_	_
24	.	_	_	_	_
0	ابرنواختر‌ام	_	_	_	_
1	89	_	_	_	_
2	یکی	_	_	_	_
3	از	_	_	_	_
4	انواع	_	_	_	_
5	اجرام	_	_	_	_
6	مسیه	_	_	_	_
7	است	_	_	_	_
8	.	_	_	_	_
0	شادروان	_	_	_	_
1	هرگز	_	_	_	_
2	چیزی	_	_	_	_
3	به	_	_	_	_
4	عاریه	_	_	_	_
5	نگرفته‌بود	_	_	_	_
6	دخترک	_	_	_	_
7	کبریت	_	_	_	_
8	فروش	_	_	_	_
9	از	_	_	_	_
10	شدّت	_	_	_	_
11	سرما	_	_	_	_
12	چیزی	_	_	_	_
13	را	_	_	_	_
14	احساس	_	_	_	_
15	نمیکرد	_	_	_	_
16	;	_	_	_	_
17	نیست	_	_	_	_
18	بر	_	_	_	_
19	ناله	_	_	_	_
20	ی	_	_	_	_
21	افسرده‌دمان	_	_	_	_
22	گوش	_	_	_	_
23	مرا	_	_	_	_
24	بلبلی	_	_	_	_
25	کو	_	_	_	_
26	که	_	_	_	_
27	صفیرش	_	_	_	_
28	برد	_	_	_	_
29	از	_	_	_	_
30	هوش	_	_	_	_
31	مرا	_	_	_	_
32	واخواست	_	_	_	_
33	امتنا	_	_	_	_
34	از	_	_	_	_
35	قبول	_	_	_	_
36	یا	_	_	_	_
37	نکول	_	_	_	_
38	اعتراضی	_	_	_	_
39	است	_	_	_	_
40	که	_	_	_	_
41	بر	_	_	_	_
42	اثر	_	_	_	_
43	خودداری	_	_	_	_
44	از	_	_	_	_
45	نوشتن	_	_	_	_
46	از	_	_	_	_
47	طرف	_	_	_	_
48	تادیه	_	_	_	_
49	کنندهی	_	_	_	_
50	برات	_	_	_	_
51	اتفاق	_	_	_	_
52	میافتد	_	_	_	_
53	.	_	_	_	_
0	فرش	_	_	_	_
1	دستباف	_	_	_	_
2	طرح	_	_	_	_
3	نامی	_	_	_	_
4	یکی	_	_	_	_
5	از	_	_	_	_
6	طرحهای	_	_	_	_
7	معروف	_	_	_	_
8	در	_	_	_	_
9	این	_	_	_	_
10	حوزه	_	_	_	_
11	می‌باشد	_	_	_	_
12	دیوان	_	_	_	_
13	بین‌المللی	_	_	_	_
14	لاهه	_	_	_	_
15	به	_	_	_	_
16	شکایه	_	_	_	_
17	کشورهای	_	_	_	_
18	در	_	_	_	_
19	حال	_	_	_	_
20	توسعه	_	_	_	_
21	و	_	_	_	_
22	توسعهیافته	_	_	_	_
23	می‌پردازد	_	_	_	_
24	امواج	_	_	_	_
25	رادیواکتیو	_	_	_	_
26	را	_	_	_	_
27	می‌توان	_	_	_	_
28	در	_	_	_	_
29	بسیاری	_	_	_	_
30	از	_	_	_	_
31	مصارف	_	_	_	_
32	پزشکی	_	_	_	_
33	استفاده	_	_	_	_
34	کرد	_	_	_	_
35	.	_	_	_	_
0	آرائ	_	_	_	_
1	ماخوذه	_	_	_	_
2	تعیین‌کنندهی	_	_	_	_
3	رجال	_	_	_	_
4	سیاسی	_	_	_	_
5	است	_	_	_	_
6	مناظر	_	_	_	_
7	بکر	_	_	_	_
8	جزایر	_	_	_	_
9	جنوب	_	_	_	_
10	موضوع	_	_	_	_
11	تصاویر	_	_	_	_
12	گرفته‌شده‌توسط	_	_	_	_
13	عکاسان	_	_	_	_
14	حرفه‌ای	_	_	_	_
15	بود	_	_	_	_
16	.	_	_	_	_
0	ادبا	_	_	_	_
1	به	_	_	_	_
2	نقد	_	_	_	_
3	آثار	_	_	_	_
4	ادبی	_	_	_	_
5	وی	_	_	_	_
6	پرداختند	_	_	_	_
7	ائمهی	_	_	_	_
8	جمعه	_	_	_	_
9	توسط	_	_	_	_
10	بنیان‌گذار	_	_	_	_
11	جمهوری	_	_	_	_
12	اسلامی	_	_	_	_
13	ایران	_	_	_	_
14	انتخاب	_	_	_	_
15	شدند	_	_	_	_
16	.	_	_	_	_
0	معابد	_	_	_	_
1	و	_	_	_	_
2	مساجد	_	_	_	_
3	اماکن	_	_	_	_
4	مقدّسی	_	_	_	_
5	هستند	_	_	_	_
6	.	_	_	_	_
0	که	_	_	_	_
1	مفاهیم	_	_	_	_
2	و	_	_	_	_
3	رموز	_	_	_	_
4	معنوی	_	_	_	_
5	را	_	_	_	_
6	به	_	_	_	_
7	مردم	_	_	_	_
8	منتقل	_	_	_	_
9	می‌کنند	_	_	_	_
10	.	_	_	_	_
0	حقایق	_	_	_	_
1	عقاید	_	_	_	_
2	فقهای	_	_	_	_
3	پیشین	_	_	_	_
4	بر	_	_	_	_
5	ما	_	_	_	_
6	پوشیده	_	_	_	_
7	است	_	_	_	_
8	.	_	_	_	_
0	اسامی	_	_	_	_
1	اسرای	_	_	_	_
2	تحت	_	_	_	_
3	امر	_	_	_	_
4	امیر	_	_	_	_
5	اعلام	_	_	_	_
6	شدند	_	_	_	_
7	.	_	_	_	_
0	پاکروان	_	_	_	_
1	کسی	_	_	_	_
2	است	_	_	_	_
3	که	_	_	_	_
4	روان	_	_	_	_
5	پاکی	_	_	_	_
6	داشته	_	_	_	_
7	باشد	_	_	_	_
8	پرندگان	_	_	_	_
9	مهاجر	_	_	_	_
10	همچون	_	_	_	_
11	آزادگان	_	_	_	_
12	به	_	_	_	_
13	مرغزار	_	_	_	_
14	بازگشتند	_	_	_	_
15	.	_	_	_	_
0	آیا	_	_	_	_
1	مسئولین	_	_	_	_
2	میتوانند	_	_	_	_
3	شایستگیشان	_	_	_	_
4	را	_	_	_	_
5	نشان	_	_	_	_
6	دهند	_	_	_	_
7	.	_	_	_	_
0	و	_	_	_	_
1	مسئولیت	_	_	_	_
2	تصمیمات	_	_	_	_
3	خود	_	_	_	_
4	را	_	_	_	_
5	بر	_	_	_	_
6	عهده	_	_	_	_
7	بگیرند	_	_	_	_
8	.	_	_	_	_
0	سبزیجات	_	_	_	_
1	و	_	_	_	_
2	صیفیجات	_	_	_	_
3	در	_	_	_	_
4	کنار	_	_	_	_
5	نشاسته	_	_	_	_
6	و	_	_	_	_
7	غلات	_	_	_	_
8	باید	_	_	_	_
9	در	_	_	_	_
10	رژیم	_	_	_	_
11	غذایی	_	_	_	_
12	در	_	_	_	_
13	نظر	_	_	_	_
14	گرفته	_	_	_	_
15	شود	_	_	_	_
16	.	_	_	_	_
0	آیندگان	_	_	_	_
1	نیز	_	_	_	_
2	همانند	_	_	_	_
3	گذشتگان	_	_	_	_
4	با	_	_	_	_
5	چالش‌های	_	_	_	_
6	فراوانی	_	_	_	_
7	دست	_	_	_	_
8	و	_	_	_	_
9	پنجه	_	_	_	_
10	نرم	_	_	_	_
11	خواهند	_	_	_	_
12	کرد	_	_	_	_
13	دبیرستان	_	_	_	_
14	شایستگان	_	_	_	_
15	یکی	_	_	_	_
16	از	_	_	_	_
17	مدارس	_	_	_	_
18	غیرانتفاعی	_	_	_	_
19	است	_	_	_	_
20	که	_	_	_	_
21	در	_	_	_	_
22	حوزه‌های	_	_	_	_
23	علوم	_	_	_	_
24	انسانی	_	_	_	_
25	ریاضیات	_	_	_	_
26	و	_	_	_	_
27	علوم	_	_	_	_
28	تجربی	_	_	_	_
29	به	_	_	_	_
30	تعلیم	_	_	_	_
31	و	_	_	_	_
32	تربیت	_	_	_	_
33	دانش‌آموزان	_	_	_	_
34	می‌پردازد	_	_	_	_
35	آزادگی	_	_	_	_
36	و	_	_	_	_
37	آزاد‌منشی	_	_	_	_
38	از	_	_	_	_
39	ویژگیهای	_	_	_	_
40	اصلی	_	_	_	_
41	و	_	_	_	_
42	شاخص	_	_	_	_
43	امامان‌بود	_	_	_	_
44	.	_	_	_	_
0	امروزه	_	_	_	_
1	الگوریتم‌های	_	_	_	_
2	فراابتکاری	_	_	_	_
3	نقش	_	_	_	_
4	مهمی	_	_	_	_
5	در	_	_	_	_
6	حل	_	_	_	_
7	مسائل	_	_	_	_
8	بهینه‌سازی	_	_	_	_
9	چند‌هدفه	_	_	_	_
10	دارند	_	_	_	_
11	.	_	_	_	_
0	بادکنک	_	_	_	_
1	بوسیلهی	_	_	_	_
2	گاز	_	_	_	_
3	هلیوم	_	_	_	_
4	پرشده‌بود	_	_	_	_
5	بادبادکرانی	_	_	_	_
6	و	_	_	_	_
7	قایقرانی	_	_	_	_
8	شغل	_	_	_	_
9	جالبیست	_	_	_	_
10	.	_	_	_	_
0	که	_	_	_	_
1	نیاز	_	_	_	_
2	به	_	_	_	_
3	مهارت‌های	_	_	_	_
4	خاص	_	_	_	_
5	خود	_	_	_	_
6	را	_	_	_	_
7	دارند	_	_	_	_
8	.	_	_	_	_
0	شنوندگان	_	_	_	_
1	و	_	_	_	_
2	بینندگان	_	_	_	_
3	این	_	_	_	_
4	برنامه	_	_	_	_
5	گروه	_	_	_	_
6	سنی	_	_	_	_
7	خاصی	_	_	_	_
8	هستند	_	_	_	_
9	.	_	_	_	_
0	فعالیت‌های	_	_	_	_
1	مرکز	_	_	_	_
2	مذاهب	_	_	_	_
3	اسلامی	_	_	_	_
4	در	_	_	_	_
5	شانگهای	_	_	_	_
6	به	_	_	_	_
7	جویندگان	_	_	_	_
8	اسلام	_	_	_	_
9	معرفی	_	_	_	_
10	شد	_	_	_	_
11	.	_	_	_	_
0	مقالات	_	_	_	_
1	و	_	_	_	_
2	تحقیقات	_	_	_	_
3	بسیاری	_	_	_	_
4	برای	_	_	_	_
5	پیشگیری	_	_	_	_
6	از	_	_	_	_
7	بیماریهای	_	_	_	_
8	عفونی	_	_	_	_
9	و	_	_	_	_
10	باکتریایی	_	_	_	_
11	ارائه‌شده‌است	_	_	_	_
12	.	_	_	_	_
0	پاکستان	_	_	_	_
1	و	_	_	_	_
2	افغانستان	_	_	_	_
3	کشورهای	_	_	_	_
4	همسایه	_	_	_	_
5	ی	_	_	_	_
6	شرقی	_	_	_	_
7	ایران	_	_	_	_
8	هستند	_	_	_	_
9	که	_	_	_	_
10	تضاد	_	_	_	_
11	منافع	_	_	_	_
12	با	_	_	_	_
13	یکدیگر	_	_	_	_
14	دارد	_	_	_	_
15	.	_	_	_	_
0	فاطمه	_	_	_	_
1	مراعات	_	_	_	_
2	حضور	_	_	_	_
3	مادرش	_	_	_	_
4	را	_	_	_	_
5	نمی‌کرد	_	_	_	_
6	.	_	_	_	_
0	یکی	_	_	_	_
1	از	_	_	_	_
2	آرایه‌های	_	_	_	_
3	ادبی	_	_	_	_
4	مراعات	_	_	_	_
5	نظیر	_	_	_	_
6	است	_	_	_	_
7	.	_	_	_	_
0	کلان‌شهر	_	_	_	_
1	اصفهان	_	_	_	_
2	مشکلات	_	_	_	_
3	و	_	_	_	_
4	معضلات	_	_	_	_
5	خود	_	_	_	_
6	را	_	_	_	_
7	دارد	_	_	_	_
8	.	_	_	_	_
0	هان‌ای	_	_	_	_
1	پسر	_	_	_	_
2	!	_	_	_	_
0	مکان	_	_	_	_
1	تاریک	_	_	_	_
2	جای	_	_	_	_
3	خوبی	_	_	_	_
4	برای	_	_	_	_
5	رشد	_	_	_	_
6	باکتری‌ها	_	_	_	_
7	است	_	_	_	_
8	.	_	_	_	_
0	زمان	_	_	_	_
1	بازی	_	_	_	_
2	فوتبال	_	_	_	_
3	بارسلونا	_	_	_	_
4	و	_	_	_	_
5	رئال	_	_	_	_
6	مادرید	_	_	_	_
7	ساعت	_	_	_	_
8	20	_	_	_	_
9	روز	_	_	_	_
10	هجدهم	_	_	_	_
11	آبان	_	_	_	_
12	است	_	_	_	_
13	.	_	_	_	_
0	طاووس	_	_	_	_
1	خرامان	_	_	_	_
2	،	_	_	_	_
3	خرامان	_	_	_	_
4	راه	_	_	_	_
5	می‌رود	_	_	_	_
6	.	_	_	_	_
0	همه	_	_	_	_
1	ی	_	_	_	_
2	شهرها	_	_	_	_
3	یک	_	_	_	_
4	میدان	_	_	_	_
5	به	_	_	_	_
6	نام	_	_	_	_
7	آزادی	_	_	_	_
8	دارند	_	_	_	_
9	.	_	_	_	_
0	علی	_	_	_	_
1	دوان	_	_	_	_
2	دوان	_	_	_	_
3	گریان	_	_	_	_
4	و	_	_	_	_
5	نالان	_	_	_	_
6	به	_	_	_	_
7	مدرسه	_	_	_	_
8	رفت	_	_	_	_
9	.	_	_	_	_
0	کشور	_	_	_	_
1	آلمان	_	_	_	_
2	در	_	_	_	_
3	قاره	_	_	_	_
4	ی	_	_	_	_
5	سبز	_	_	_	_
6	قرار	_	_	_	_
7	دارد	_	_	_	_
8	.	_	_	_	_
0	شکوفه	_	_	_	_
1	خندان	_	_	_	_
2	با	_	_	_	_
3	شیرینی	_	_	_	_
4	وارد	_	_	_	_
5	شد	_	_	_	_
6	.	_	_	_	_
0	امان	_	_	_	_
1	بده	_	_	_	_
2	!!!	_	_	_	_
0	امارات	_	_	_	_
1	متحده	_	_	_	_
2	عربی	_	_	_	_
3	یکی	_	_	_	_
4	از	_	_	_	_
5	کشورهای	_	_	_	_
6	حوزه	_	_	_	_
7	ی	_	_	_	_
8	خلیج‌فارس	_	_	_	_
9	است	_	_	_	_
10	.	_	_	_	_
0	Emily	_	_	_	_
1	Rose	_	_	_	_
2	در	_	_	_	_
3	سال	_	_	_	_
4	1997	_	_	_	_
5	جن	_	_	_	_
6	زده	_	_	_	_
7	شد	_	_	_	_
8	.	_	_	_	_
0	ناودانی‌ها	_	_	_	_
1	از	_	_	_	_
2	آشغال	_	_	_	_
3	پرشده‌بود	_	_	_	_
4	.	_	_	_	_
0	نادان	_	_	_	_
1	همه	_	_	_	_
2	را	_	_	_	_
3	به	_	_	_	_
4	چشم	_	_	_	_
5	خویش	_	_	_	_
6	می‌بیند	_	_	_	_
7	.	_	_	_	_
0	سعید	_	_	_	_
1	در	_	_	_	_
2	عنفوان	_	_	_	_
3	جوانی	_	_	_	_
4	در	_	_	_	_
5	گذشت	_	_	_	_
6	.	_	_	_	_
0	قوری	_	_	_	_
1	گلگلی	_	_	_	_
2	شکست	_	_	_	_
3	.	_	_	_	_
0	در	_	_	_	_
1	این	_	_	_	_
2	دنیای	_	_	_	_
3	وانفسائ	_	_	_	_
4	...	_	_	_	_
0	حسرت	_	_	_	_
1	زای	_	_	_	_
2	بی‌فردا	_	_	_	_
3	خدایا	_	_	_	_
4	عاشقان	_	_	_	_
5	را	_	_	_	_
6	غم	_	_	_	_
7	مده	_	_	_	_
8	.	_	_	_	_
0	نردبان	_	_	_	_
1	ترقی	_	_	_	_
2	را	_	_	_	_
3	به	_	_	_	_
4	سرعت	_	_	_	_
5	طی	_	_	_	_
6	کرد	_	_	_	_
7	.	_	_	_	_
0	ادبیات	_	_	_	_
1	پارسی	_	_	_	_
2	تاریخچه	_	_	_	_
3	ی	_	_	_	_
4	دیرینه‌ای	_	_	_	_
5	دارد	_	_	_	_
6	.	_	_	_	_
0	شهر	_	_	_	_
1	ابادان	_	_	_	_
2	عروس	_	_	_	_
3	ایران	_	_	_	_
4	است	_	_	_	_
5	.	_	_	_	_
0	لیوان	_	_	_	_
1	پر	_	_	_	_
2	از	_	_	_	_
3	چای	_	_	_	_
4	شکست	_	_	_	_
5	و	_	_	_	_
6	او	_	_	_	_
7	را	_	_	_	_
8	سوزاند	_	_	_	_
9	.	_	_	_	_
0	واردات	_	_	_	_
1	و	_	_	_	_
2	صادرات	_	_	_	_
3	کشمش	_	_	_	_
4	سود	_	_	_	_
5	خوبی	_	_	_	_
6	دارد	_	_	_	_
7	.	_	_	_	_
0	شایان	_	_	_	_
1	ذکر	_	_	_	_
2	است	_	_	_	_
3	که	_	_	_	_
4	رفسنجان	_	_	_	_
5	پسته	_	_	_	_
6	ی	_	_	_	_
7	مرغوبی	_	_	_	_
8	دارد	_	_	_	_
9	.	_	_	_	_
0	باغ	_	_	_	_
1	بی‌برگی	_	_	_	_
2	که	_	_	_	_
3	میگوید	_	_	_	_
4	که	_	_	_	_
5	زیبا	_	_	_	_
6	نیست	_	_	_	_
7	.	_	_	_	_
0	شیروان	_	_	_	_
1	یکی	_	_	_	_
2	از	_	_	_	_
3	شهرستانهای	_	_	_	_
4	کرمانشاه	_	_	_	_
5	است	_	_	_	_
6	.	_	_	_	_
0	آسمان	_	_	_	_
1	آبی	_	_	_	_
2	زمین	_	_	_	_
3	پاک	_	_	_	_
4	..........	_	_	_	_
0	شمیران	_	_	_	_
1	نام	_	_	_	_
2	منطقه‌ای	_	_	_	_
3	در	_	_	_	_
4	تهران	_	_	_	_
5	است	_	_	_	_
6	.	_	_	_	_
0	لیفان	_	_	_	_
1	یک	_	_	_	_
2	خودروی	_	_	_	_
3	چینیست	_	_	_	_
4	که	_	_	_	_
5	بدرد	_	_	_	_
6	نمی‌خورد	_	_	_	_
7	.	_	_	_	_
0	ما	_	_	_	_
1	باید	_	_	_	_
2	همواره	_	_	_	_
3	به	_	_	_	_
4	دنبال	_	_	_	_
5	آرمان	_	_	_	_
6	خود	_	_	_	_
7	باشیم	_	_	_	_
8	.	_	_	_	_
0	خفتان	_	_	_	_
1	خود	_	_	_	_
2	را	_	_	_	_
3	پوشید	_	_	_	_
4	و	_	_	_	_
5	به	_	_	_	_
6	میدان	_	_	_	_
7	رزم	_	_	_	_
8	رفت	_	_	_	_
9	.	_	_	_	_
0	ریختن	_	_	_	_
1	زباله	_	_	_	_
2	در	_	_	_	_
3	دامان	_	_	_	_
4	طبیعت	_	_	_	_
5	بی‌فرهنگی	_	_	_	_
6	است	_	_	_	_
7	.	_	_	_	_
0	شکلات	_	_	_	_
1	فرمند	_	_	_	_
2	یکی	_	_	_	_
3	از	_	_	_	_
4	مرغوبترین	_	_	_	_
5	برندها	_	_	_	_
6	در	_	_	_	_
7	این	_	_	_	_
8	حوزه	_	_	_	_
9	است	_	_	_	_
10	.	_	_	_	_
0	خزان	_	_	_	_
1	فصلیست	_	_	_	_
2	که	_	_	_	_
3	در	_	_	_	_
4	آن	_	_	_	_
5	برگ	_	_	_	_
6	درختان	_	_	_	_
7	زرد	_	_	_	_
8	می‌شود	_	_	_	_
9	.	_	_	_	_
0	وزیر	_	_	_	_
1	علوم	_	_	_	_
2	درجمع	_	_	_	_
3	استادان	_	_	_	_
4	نمونه	_	_	_	_
5	:	_	_	_	_
0	سن	_	_	_	_
1	بازنشستگی	_	_	_	_
2	استادان	_	_	_	_
3	نمونه	_	_	_	_
4	به	_	_	_	_
5	70	_	_	_	_
6	سال	_	_	_	_
7	افزایش	_	_	_	_
8	می‌یابد	_	_	_	_
9	اصوات	_	_	_	_
10	وزیدن	_	_	_	_
11	بادما	_	_	_	_
12	را	_	_	_	_
13	ترساند	_	_	_	_
14	.	_	_	_	_
0	دانشگاه	_	_	_	_
1	باید	_	_	_	_
2	مهد	_	_	_	_
3	چالشهای	_	_	_	_
4	گفتمانی	_	_	_	_
5	و	_	_	_	_
6	خط‌دهنده	_	_	_	_
7	و	_	_	_	_
8	برنامه‌ریز	_	_	_	_
9	جریانات	_	_	_	_
10	سیاسی	_	_	_	_
11	باشد	_	_	_	_
12	.	_	_	_	_
0	دفاتر	_	_	_	_
1	سازمانملل	_	_	_	_
2	متحددر	_	_	_	_
3	همه	_	_	_	_
4	ی	_	_	_	_
5	پایتختهای	_	_	_	_
6	جهان	_	_	_	_
7	هستند	_	_	_	_
8	.	_	_	_	_
0	دختری	_	_	_	_
1	بالباس	_	_	_	_
2	صورتی	_	_	_	_
3	را	_	_	_	_
4	دیدم	_	_	_	_
5	که	_	_	_	_
6	صورتی	_	_	_	_
7	زیبا	_	_	_	_
8	داشت	_	_	_	_
9	.	_	_	_	_
0	توصیه	_	_	_	_
1	ما	_	_	_	_
2	در	_	_	_	_
3	جهت	_	_	_	_
4	تلاش	_	_	_	_
5	برای	_	_	_	_
6	دانایی	_	_	_	_
7	محوری	_	_	_	_
8	و	_	_	_	_
9	توسعه	_	_	_	_
10	گفتمان	_	_	_	_
11	علمی	_	_	_	_
12	به	_	_	_	_
13	معنی	_	_	_	_
14	عدم	_	_	_	_
15	تمایل	_	_	_	_
16	به	_	_	_	_
17	مباحث	_	_	_	_
18	سیاسی	_	_	_	_
19	نیست	_	_	_	_
20	؛	_	_	_	_
21	بلکه	_	_	_	_
22	بر	_	_	_	_
23	عکس	_	_	_	_
24	،	_	_	_	_
25	دانشگاه	_	_	_	_
26	باید	_	_	_	_
27	مهد	_	_	_	_
28	چالشهای	_	_	_	_
29	گفتمانی	_	_	_	_
30	باشد	_	_	_	_
31	ولی	_	_	_	_
32	این	_	_	_	_
33	امر	_	_	_	_
34	،	_	_	_	_
35	بدان	_	_	_	_
36	معنی	_	_	_	_
37	نیست	_	_	_	_
38	که	_	_	_	_
39	دانشگاه	_	_	_	_
40	،	_	_	_	_
41	ابزار	_	_	_	_
42	دست	_	_	_	_
43	سیاسیون	_	_	_	_
44	قرار	_	_	_	_
45	بگیرد	_	_	_	_
46	.	_	_	_	_
0	وی	_	_	_	_
1	تاکید	_	_	_	_
2	کرد	_	_	_	_
3	:	_	_	_	_
0	دانشگاه	_	_	_	_
1	نه	_	_	_	_
2	تنها	_	_	_	_
3	نباید	_	_	_	_
4	تحت	_	_	_	_
5	تاثیر	_	_	_	_
6	القائات	_	_	_	_
7	سیاسی	_	_	_	_
8	قرار	_	_	_	_
9	بگیرد	_	_	_	_
10	؛	_	_	_	_
11	بلکه	_	_	_	_
12	باید	_	_	_	_
13	خط‌دهنده	_	_	_	_
14	و	_	_	_	_
15	برنامه‌ریز	_	_	_	_
16	جریانات	_	_	_	_
17	سیاسی	_	_	_	_
18	باشد	_	_	_	_
19	و	_	_	_	_
20	مهمترین	_	_	_	_
21	عنصر	_	_	_	_
22	پیاده	_	_	_	_
23	شدن	_	_	_	_
24	این	_	_	_	_
25	آرمان	_	_	_	_
26	،	_	_	_	_
27	دانشجویان	_	_	_	_
28	و	_	_	_	_
29	اعضای	_	_	_	_
30	هیات	_	_	_	_
31	علمی	_	_	_	_
32	دانشگاهها	_	_	_	_
33	و	_	_	_	_
34	در	_	_	_	_
35	راس	_	_	_	_
36	آن‌ها	_	_	_	_
37	استادان	_	_	_	_
38	نمونه	_	_	_	_
39	هستند	_	_	_	_
40	.	_	_	_	_
0	اگر	_	_	_	_
1	چه	_	_	_	_
2	دانشگاهها	_	_	_	_
3	باید	_	_	_	_
4	پرچمدار	_	_	_	_
5	کرسیهای	_	_	_	_
6	آزاد	_	_	_	_
7	اندیشی	_	_	_	_
8	و	_	_	_	_
9	حاکمیت	_	_	_	_
10	دانایی	_	_	_	_
11	محوری	_	_	_	_
12	باشند	_	_	_	_
13	،	_	_	_	_
14	باید	_	_	_	_
15	توجه	_	_	_	_
16	داشته	_	_	_	_
17	باشند	_	_	_	_
18	که	_	_	_	_
19	ناخودآگاه	_	_	_	_
20	تحت	_	_	_	_
21	تاثیر	_	_	_	_
22	جوسازیها	_	_	_	_
23	و	_	_	_	_
24	القائات	_	_	_	_
25	رسانه‌ها	_	_	_	_
26	قرار	_	_	_	_
27	نگیرند	_	_	_	_
28	.	_	_	_	_
0	اقدامات	_	_	_	_
1	انجام‌شده‌در	_	_	_	_
2	جهت	_	_	_	_
3	ارتقای	_	_	_	_
4	جایگاه	_	_	_	_
5	استادان	_	_	_	_
6	نمونه	_	_	_	_
7	اشاره	_	_	_	_
8	کرد	_	_	_	_
9	و	_	_	_	_
10	گفت	_	_	_	_
11	:	_	_	_	_
0	در	_	_	_	_
1	بنیاد	_	_	_	_
2	نخبگان	_	_	_	_
3	،	_	_	_	_
4	استادان	_	_	_	_
5	نمونه	_	_	_	_
6	از	_	_	_	_
7	مصادیق	_	_	_	_
8	نخبگان	_	_	_	_
9	شناخته	_	_	_	_
10	شدند	_	_	_	_
11	و	_	_	_	_
12	این	_	_	_	_
13	امر	_	_	_	_
14	به	_	_	_	_
15	لحاظ	_	_	_	_
16	معنوی	_	_	_	_
17	،	_	_	_	_
18	اهمیت	_	_	_	_
19	ویژهای	_	_	_	_
20	دارد	_	_	_	_
21	.،	_	_	_	_
22	در	_	_	_	_
23	تعریف	_	_	_	_
24	و	_	_	_	_
25	تعیین	_	_	_	_
26	شاخصهای	_	_	_	_
27	لازم	_	_	_	_
28	برای	_	_	_	_
29	انتخاب	_	_	_	_
30	استاد	_	_	_	_
31	نمونه	_	_	_	_
32	بازنگری	_	_	_	_
33	کنند	_	_	_	_
34	با	_	_	_	_
35	وسواس	_	_	_	_
36	و	_	_	_	_
37	دقت	_	_	_	_
38	،	_	_	_	_
39	همچنین	_	_	_	_
40	در	_	_	_	_
41	این	_	_	_	_
42	برنامه	_	_	_	_
43	از	_	_	_	_
44	جمعی	_	_	_	_
45	از	_	_	_	_
46	دانش	_	_	_	_
47	آموختهگان	_	_	_	_
48	نمونه	_	_	_	_
49	و	_	_	_	_
50	استادان	_	_	_	_
51	پیش	_	_	_	_
52	کسوت	_	_	_	_
53	این	_	_	_	_
54	موسسه	_	_	_	_
55	تقدیر	_	_	_	_
56	می‌شود	_	_	_	_
57	.	_	_	_	_
0	سقراط	_	_	_	_
1	به	_	_	_	_
2	دستوردادستان	_	_	_	_
3	جام	_	_	_	_
4	شوکران	_	_	_	_
5	را	_	_	_	_
6	نوشید	_	_	_	_
7	.	_	_	_	_
0	هم	_	_	_	_
1	چنین	_	_	_	_
2	نتایج	_	_	_	_
3	مشروطین	_	_	_	_
4	اسفند	_	_	_	_
5	ماه	_	_	_	_
6	82	_	_	_	_
7	که	_	_	_	_
8	درس	_	_	_	_
9	مشروطی	_	_	_	_
10	خود	_	_	_	_
11	را	_	_	_	_
12	در	_	_	_	_
13	آزمون	_	_	_	_
14	مرداد	_	_	_	_
15	ماه	_	_	_	_
16	83	_	_	_	_
17	امتحان	_	_	_	_
18	داده‌اند	_	_	_	_
19	.	_	_	_	_
0	مردی	_	_	_	_
1	به	_	_	_	_
2	اطفال	_	_	_	_
3	گفت	_	_	_	_
4	که	_	_	_	_
5	گلها	_	_	_	_
6	را	_	_	_	_
7	نکنند	_	_	_	_
8	.	_	_	_	_
0	بنا	_	_	_	_
1	به	_	_	_	_
2	دلایل	_	_	_	_
3	معرفی‌شده‌با	_	_	_	_
4	اخذ	_	_	_	_
5	نمرات	_	_	_	_
6	20	_	_	_	_
7	غیر	_	_	_	_
8	واقعی	_	_	_	_
9	به	_	_	_	_
10	گروه	_	_	_	_
11	معدل	_	_	_	_
12	بیست‌ها	_	_	_	_
13	پیوسته‌اند	_	_	_	_
14	که	_	_	_	_
15	در	_	_	_	_
16	طول	_	_	_	_
17	14	_	_	_	_
18	سال	_	_	_	_
19	گذشته	_	_	_	_
20	بر	_	_	_	_
21	تعداد	_	_	_	_
22	این	_	_	_	_
23	معدل	_	_	_	_
24	بیست‌ها	_	_	_	_
25	به‌طور	_	_	_	_
26	بی‌رویه‌ای	_	_	_	_
27	اضافه‌شده‌است	_	_	_	_
28	این	_	_	_	_
29	محقق	_	_	_	_
30	تاکید	_	_	_	_
31	دارد	_	_	_	_
32	:	_	_	_	_
0	منطقی‌ترین	_	_	_	_
1	روش	_	_	_	_
2	ارزش‌یابی	_	_	_	_
3	سیره	_	_	_	_
4	نبوی	_	_	_	_
5	رشته‌های	_	_	_	_
6	متنوع	_	_	_	_
7	دیگری	_	_	_	_
8	همچون	_	_	_	_
9	وبلاگ	_	_	_	_
10	نویسی	_	_	_	_
11	،	_	_	_	_
12	کتابخوانی	_	_	_	_
13	،	_	_	_	_
14	گرافیک	_	_	_	_
15	،	_	_	_	_
16	کاریکاتور	_	_	_	_
17	،	_	_	_	_
18	شعر	_	_	_	_
19	،	_	_	_	_
20	داستان	_	_	_	_
21	کوتاه	_	_	_	_
22	،	_	_	_	_
23	عکاسی	_	_	_	_
24	،	_	_	_	_
25	خوشنویسی	_	_	_	_
26	،	_	_	_	_
27	چهل	_	_	_	_
28	حدیث	_	_	_	_
29	نویسی	_	_	_	_
30	،	_	_	_	_
31	نماهنگ	_	_	_	_
32	و	_	_	_	_
33	فیلم	_	_	_	_
34	کوتاه	_	_	_	_
35	پیش‌بینی‌شده‌است	_	_	_	_
36	.	_	_	_	_
0	نخستین	_	_	_	_
1	مرکز	_	_	_	_
2	آموزش	_	_	_	_
3	عالی	_	_	_	_
4	بین‌المللی	_	_	_	_
5	دانشگاه	_	_	_	_
6	موناش	_	_	_	_
7	استرالیا	_	_	_	_
8	در	_	_	_	_
9	کیش	_	_	_	_
10	آغاز	_	_	_	_
11	به	_	_	_	_
12	کار	_	_	_	_
13	کرد	_	_	_	_
14	.	_	_	_	_
0	وی	_	_	_	_
1	اعلام	_	_	_	_
2	و	_	_	_	_
3	پیش‌بینی	_	_	_	_
4	کرد	_	_	_	_
5	دومین	_	_	_	_
6	گردهمآیی	_	_	_	_
7	دانشجویان	_	_	_	_
8	.	_	_	_	_
0	هفتمین	_	_	_	_
1	اجلاس	_	_	_	_
2	مشترک	_	_	_	_
3	هیاتهای	_	_	_	_
4	امنای	_	_	_	_
5	دانشگاهها	_	_	_	_
6	و	_	_	_	_
7	موسسات	_	_	_	_
8	آموزش	_	_	_	_
9	عالی	_	_	_	_
10	و	_	_	_	_
11	پژوهشی	_	_	_	_
12	برگزار	_	_	_	_
13	شد	_	_	_	_
14	.	_	_	_	_
0	آیین‌نامه‌های	_	_	_	_
1	مالی	_	_	_	_
2	و	_	_	_	_
3	معاملاتی	_	_	_	_
4	دانشگاهها	_	_	_	_
5	برای	_	_	_	_
6	رفع	_	_	_	_
7	معضلات	_	_	_	_
8	معیشتی	_	_	_	_
9	،	_	_	_	_
10	کارکنان	_	_	_	_
11	.	_	_	_	_
0	موجب	_	_	_	_
1	نگرانی	_	_	_	_
2	افکار	_	_	_	_
3	عمومی	_	_	_	_
4	و	_	_	_	_
5	ایجاد	_	_	_	_
6	بد	_	_	_	_
7	بینی	_	_	_	_
8	در	_	_	_	_
9	اذهان	_	_	_	_
10	جوانان	_	_	_	_
11	داوطلب	_	_	_	_
12	ورود	_	_	_	_
13	به	_	_	_	_
14	دانشگاه‌ها‌شده‌است	_	_	_	_
15	.	_	_	_	_
0	هرگونه	_	_	_	_
1	شائبه‌ای	_	_	_	_
2	به	_	_	_	_
3	دور	_	_	_	_
4	است	_	_	_	_
5	و	_	_	_	_
6	به	_	_	_	_
7	هیچ	_	_	_	_
8	وجه	_	_	_	_
9	ورود	_	_	_	_
10	داوطلبی	_	_	_	_
11	به	_	_	_	_
12	دانشگاه	_	_	_	_
13	بدون	_	_	_	_
14	شرکت	_	_	_	_
15	در	_	_	_	_
16	آزمون	_	_	_	_
17	سراسری	_	_	_	_
18	و	_	_	_	_
19	کسب	_	_	_	_
20	اولویت	_	_	_	_
21	علمی	_	_	_	_
22	امکان‌پذیر	_	_	_	_
23	نبوده	_	_	_	_
24	و	_	_	_	_
25	نیست	_	_	_	_
26	.	_	_	_	_
0	به	_	_	_	_
1	واحدهای	_	_	_	_
2	دانشگاهی	_	_	_	_
3	تهران	_	_	_	_
4	سمائ	_	_	_	_
5	،	_	_	_	_
6	آشتیان	_	_	_	_
7	،	_	_	_	_
8	اراک	_	_	_	_
9	،	_	_	_	_
10	اسلامشهر	_	_	_	_
11	،	_	_	_	_
12	قائم	_	_	_	_
13	شهر	_	_	_	_
14	،	_	_	_	_
15	خوی	_	_	_	_
16	،	_	_	_	_
17	رودهن	_	_	_	_
18	،	_	_	_	_
19	زرند	_	_	_	_
20	،	_	_	_	_
21	زنجان	_	_	_	_
22	،	_	_	_	_
23	سوادکوه	_	_	_	_
24	،	_	_	_	_
25	شاهرود	_	_	_	_
26	،	_	_	_	_
27	شبستر	_	_	_	_
28	،	_	_	_	_
29	شهرکرد	_	_	_	_
30	،	_	_	_	_
31	علوم	_	_	_	_
32	و	_	_	_	_
33	تحقیقات	_	_	_	_
34	تهران	_	_	_	_
35	،	_	_	_	_
36	کاشان	_	_	_	_
37	،	_	_	_	_
38	کرج	_	_	_	_
39	،	_	_	_	_
40	کرمان	_	_	_	_
41	،	_	_	_	_
42	مراغه	_	_	_	_
43	،	_	_	_	_
44	میمه	_	_	_	_
45	،	_	_	_	_
46	ورامین	_	_	_	_
47	و	_	_	_	_
48	...	_	_	_	_
0	در	_	_	_	_
1	مقطع	_	_	_	_
2	کارشناسی	_	_	_	_
3	ارشد	_	_	_	_
4	در	_	_	_	_
5	شاخه‌های	_	_	_	_
6	بیوسیستماتیک	_	_	_	_
7	،	_	_	_	_
8	گیاهی	_	_	_	_
9	و	_	_	_	_
10	جانوری	_	_	_	_
11	جنین‌شناسی	_	_	_	_
12	،	_	_	_	_
13	اکولوژی	_	_	_	_
14	،	_	_	_	_
15	فیزیولوژی	_	_	_	_
16	،	_	_	_	_
17	سلولی	_	_	_	_
18	،	_	_	_	_
19	مولکولی	_	_	_	_
20	و	_	_	_	_
21	بیوشیمی	_	_	_	_
22	و	_	_	_	_
23	در	_	_	_	_
24	دوره	_	_	_	_
25	دکترا	_	_	_	_
26	در	_	_	_	_
27	گرایش	_	_	_	_
28	سلولی	_	_	_	_
29	،	_	_	_	_
30	مولکولی	_	_	_	_
31	مشغول	_	_	_	_
32	به	_	_	_	_
33	تحصیل	_	_	_	_
34	می‌باشند	_	_	_	_
35	.	_	_	_	_
0	کارخانه‌های	_	_	_	_
1	مواد	_	_	_	_
2	غذایی	_	_	_	_
3	و	_	_	_	_
4	اداره‌های	_	_	_	_
5	بهداشت	_	_	_	_
6	فعالیت	_	_	_	_
7	کنند	_	_	_	_
8	.	_	_	_	_
0	با	_	_	_	_
1	این	_	_	_	_
2	حال	_	_	_	_
3	شورای	_	_	_	_
4	شهر	_	_	_	_
5	در	_	_	_	_
6	کل	_	_	_	_
7	یک	_	_	_	_
8	امر	_	_	_	_
9	سرنوشت	_	_	_	_
10	ساز	_	_	_	_
11	بوده	_	_	_	_
12	و	_	_	_	_
13	امید	_	_	_	_
14	است	_	_	_	_
15	تا	_	_	_	_
16	،	_	_	_	_
17	مشارکت	_	_	_	_
18	داشته	_	_	_	_
19	باشند	_	_	_	_
20	.	_	_	_	_
0	تاکید	_	_	_	_
1	کرد	_	_	_	_
2	:	_	_	_	_
0	اگر	_	_	_	_
1	به	_	_	_	_
2	دانشمندان	_	_	_	_
3	ارج	_	_	_	_
4	ننهیم	_	_	_	_
5	،	_	_	_	_
6	آزادی	_	_	_	_
7	و	_	_	_	_
8	انگیزه	_	_	_	_
9	علمی	_	_	_	_
10	را	_	_	_	_
11	در	_	_	_	_
12	آنان	_	_	_	_
13	تقویت	_	_	_	_
14	نکنیم	_	_	_	_
15	!	_	_	_	_
0	توسعه	_	_	_	_
1	همه	_	_	_	_
2	جانبه	_	_	_	_
3	کشور	_	_	_	_
4	تحقق	_	_	_	_
5	ناپذیر	_	_	_	_
6	خواهد	_	_	_	_
7	ماند	_	_	_	_
8	.	_	_	_	_
0	اظهار	_	_	_	_
1	کرد	_	_	_	_
2	:	_	_	_	_
0	اسم	_	_	_	_
1	دانشگاهیا	_	_	_	_
2	مردمان	_	_	_	_
3	گرگان	_	_	_	_
4	دچاریاس	_	_	_	_
5	شدند	_	_	_	_
6	.	_	_	_	_
0	نیاکان	_	_	_	_
1	ما	_	_	_	_
2	افرادی	_	_	_	_
3	روشن	_	_	_	_
4	ضمیر‌بودند	_	_	_	_
5	.	_	_	_	_
0	ن	_	_	_	_
1	برخی	_	_	_	_
2	از	_	_	_	_
3	ملاکهای	_	_	_	_
4	رتبه‌بندی	_	_	_	_
5	دانشگاههای	_	_	_	_
6	دنیاست	_	_	_	_
7	.	_	_	_	_
0	برنامه‌ریزی	_	_	_	_
1	شهری	_	_	_	_
2	،	_	_	_	_
3	فیزیک	_	_	_	_
4	،	_	_	_	_
5	جغرافیای	_	_	_	_
6	انسانی	_	_	_	_
7	علوم	_	_	_	_
8	اقتصادی	_	_	_	_
9	،	_	_	_	_
10	جغرافیای	_	_	_	_
11	طبیعی	_	_	_	_
12	ژئوموفولوژی	_	_	_	_
13	،	_	_	_	_
14	مدیریت	_	_	_	_
15	بازرگانی	_	_	_	_
16	بازاریابی	_	_	_	_
17	،	_	_	_	_
18	جغرافیای	_	_	_	_
19	طبیعی	_	_	_	_
20	اقلیم‌شناسی	_	_	_	_
21	،	_	_	_	_
22	مدیریت	_	_	_	_
23	بازرگانی	_	_	_	_
24	رفتار	_	_	_	_
25	سازمانی	_	_	_	_
26	و	_	_	_	_
27	مدیریت	_	_	_	_
28	منابع	_	_	_	_
29	انسانی	_	_	_	_
30	،	_	_	_	_
31	جامعه‌شناسی	_	_	_	_
32	،	_	_	_	_
33	روانشناسی	_	_	_	_
34	عمومی	_	_	_	_
35	،	_	_	_	_
36	فلسفه	_	_	_	_
37	،	_	_	_	_
38	مدیریت	_	_	_	_
39	آموزشی	_	_	_	_
40	،	_	_	_	_
41	آموزش	_	_	_	_
42	زبان	_	_	_	_
43	انگلیسی	_	_	_	_
44	،	_	_	_	_
45	برنامه‌ریزی	_	_	_	_
46	درسی	_	_	_	_
47	،	_	_	_	_
48	زبان	_	_	_	_
49	و	_	_	_	_
50	ادبیات	_	_	_	_
51	عرب	_	_	_	_
52	،	_	_	_	_
53	مشاوره	_	_	_	_
54	،	_	_	_	_
55	زبانشناسی	_	_	_	_
56	همگانی	_	_	_	_
57	،	_	_	_	_
58	کامپیوتر	_	_	_	_
59	نرم‌افزار	_	_	_	_
60	آمار	_	_	_	_
61	،	_	_	_	_
62	کامپیوتر	_	_	_	_
63	معماری	_	_	_	_
64	کامپیوتر	_	_	_	_
65	،	_	_	_	_
66	ریاضی	_	_	_	_
67	آنالیز	_	_	_	_
68	،	_	_	_	_
69	ریاضی	_	_	_	_
70	جبر	_	_	_	_
71	،	_	_	_	_
72	زمین‌شناسی	_	_	_	_
73	چینه	_	_	_	_
74	و	_	_	_	_
75	فسیل‌شناسی	_	_	_	_
76	و	_	_	_	_
77	میکروبیولوژی	_	_	_	_
78	دانشجوی	_	_	_	_
79	دکترا	_	_	_	_
80	می‌پذیرد	_	_	_	_
81	.	_	_	_	_
0	کسب	_	_	_	_
1	حد	_	_	_	_
2	نصاب	_	_	_	_
3	لازم	_	_	_	_
4	در	_	_	_	_
5	آزمون	_	_	_	_
6	ورودی	_	_	_	_
7	به	_	_	_	_
8	دوره‌ی	_	_	_	_
9	دکتری	_	_	_	_
10	از	_	_	_	_
11	دیگر	_	_	_	_
12	شرایط	_	_	_	_
13	ثبت	_	_	_	_
14	نام	_	_	_	_
15	است	_	_	_	_
16	.	_	_	_	_
0	دانشگاه	_	_	_	_
1	غیر	_	_	_	_
2	مجاز	_	_	_	_
3	هاوایی	_	_	_	_
4	در	_	_	_	_
5	سال	_	_	_	_
6	1372	_	_	_	_
7	تاسیس	_	_	_	_
8	شد	_	_	_	_
9	و	_	_	_	_
10	500	_	_	_	_
11	فارغ‌التحصیل‌بود	_	_	_	_
12	که	_	_	_	_
13	همگی	_	_	_	_
14	آن‌ها	_	_	_	_
15	شناسایی	_	_	_	_
16	شده‌اند	_	_	_	_
17	و	_	_	_	_
18	براساس	_	_	_	_
19	کیفرخواست	_	_	_	_
20	حبس	_	_	_	_
21	تعزیری	_	_	_	_
22	(	_	_	_	_
23	بازدارنده	_	_	_	_
24	)	_	_	_	_
25	به	_	_	_	_
26	اتهام	_	_	_	_
27	کلاه‌برداری	_	_	_	_
28	تبرئه‌شده‌و	_	_	_	_
29	حکم	_	_	_	_
30	3	_	_	_	_
31	سال	_	_	_	_
32	وی	_	_	_	_
33	نیز	_	_	_	_
34	نقض‌شده‌است	_	_	_	_
35	.	_	_	_	_
0	در	_	_	_	_
1	صورت	_	_	_	_
2	ضرورت	_	_	_	_
3	اسامی	_	_	_	_
4	فارغ‌التحصیلان	_	_	_	_
5	ذی	_	_	_	_
6	نفع	_	_	_	_
7	منتشر	_	_	_	_
8	می‌شود	_	_	_	_
9	.	_	_	_	_
0	تبعات	_	_	_	_
1	منفی	_	_	_	_
2	زیادی	_	_	_	_
3	به	_	_	_	_
4	دنبال	_	_	_	_
5	خواهد	_	_	_	_
6	داشت	_	_	_	_
7	.	_	_	_	_
0	سلام	_	_	_	_
1	به	_	_	_	_
2	همه	_	_	_	_
3	ی	_	_	_	_
4	مردم	_	_	_	_
5	ایران	_	_	_	_
6	که	_	_	_	_
7	خوش	_	_	_	_
8	اخلاق	_	_	_	_
9	هستند	_	_	_	_
10	.	_	_	_	_
0	پلنگی	_	_	_	_
1	با	_	_	_	_
2	پوستی	_	_	_	_
3	راه	_	_	_	_
4	راه	_	_	_	_
5	دیدم	_	_	_	_
6	که	_	_	_	_
7	تند	_	_	_	_
8	تند	_	_	_	_
9	می‌دوید	_	_	_	_
10	و	_	_	_	_
11	من	_	_	_	_
12	ترسیدم	_	_	_	_
13	و	_	_	_	_
14	گفتم	_	_	_	_
15	وااای	_	_	_	_
16	.	_	_	_	_
0	محصولاتی	_	_	_	_
1	نظیر	_	_	_	_
2	پلاستیک	_	_	_	_
3	،	_	_	_	_
4	دارو	_	_	_	_
5	،	_	_	_	_
6	موادشوینده	_	_	_	_
7	و	_	_	_	_
8	سوخت‌ها	_	_	_	_
9	در	_	_	_	_
10	واحدهای	_	_	_	_
11	عملی	_	_	_	_
12	استفاده	_	_	_	_
13	می‌کنند	_	_	_	_
14	و	_	_	_	_
15	همچنین	_	_	_	_
16	برای	_	_	_	_
17	بالابردن	_	_	_	_
18	تولید	_	_	_	_
19	برنامه‌ریزی	_	_	_	_
20	می‌کند	_	_	_	_
21	.	_	_	_	_
0	انرژی	_	_	_	_
1	هسته‌ای	_	_	_	_
2	،	_	_	_	_
3	صنایع	_	_	_	_
4	غذایی	_	_	_	_
5	،	_	_	_	_
6	توسعه‌ی	_	_	_	_
7	منابع	_	_	_	_
8	جدید	_	_	_	_
9	انرژی	_	_	_	_
10	،	_	_	_	_
11	تحقیقات	_	_	_	_
12	،	_	_	_	_
13	مدیریت	_	_	_	_
14	،	_	_	_	_
15	پردازش	_	_	_	_
16	داده‌ها	_	_	_	_
17	و	_	_	_	_
18	میزان	_	_	_	_
19	و	_	_	_	_
20	بازار	_	_	_	_
21	فروش	_	_	_	_
22	از	_	_	_	_
23	دیگر	_	_	_	_
24	زمینه‌های	_	_	_	_
25	فعالیت	_	_	_	_
26	مهندسان	_	_	_	_
27	شیمی	_	_	_	_
28	می‌باشد	_	_	_	_
29	.	_	_	_	_
0	اما	_	_	_	_
1	قواغنین	_	_	_	_
2	دست	_	_	_	_
3	و	_	_	_	_
4	پاگیر	_	_	_	_
5	دانشگاه	_	_	_	_
6	قم	_	_	_	_
7	،	_	_	_	_
8	چون	_	_	_	_
9	همیشه	_	_	_	_
10	انگیزه‌ها	_	_	_	_
11	و	_	_	_	_
12	اراده‌ها	_	_	_	_
13	را	_	_	_	_
14	سرد	_	_	_	_
15	و	_	_	_	_
16	بی‌رمق	_	_	_	_
17	می‌نماید	_	_	_	_
18	.	_	_	_	_
0	ترافیک	_	_	_	_
1	شدید	_	_	_	_
2	در	_	_	_	_
3	اتوبان	_	_	_	_
4	چمران	_	_	_	_
5	بسیار	_	_	_	_
6	آزار	_	_	_	_
7	دهنده‌بود	_	_	_	_
8	.	_	_	_	_
0	آهنگی	_	_	_	_
1	شنیدم	_	_	_	_
2	که	_	_	_	_
3	خواننده	_	_	_	_
4	با	_	_	_	_
5	صدایی	_	_	_	_
6	زیبا	_	_	_	_
7	و	_	_	_	_
8	رسا	_	_	_	_
9	آن	_	_	_	_
10	را	_	_	_	_
11	میخواند	_	_	_	_
12	.	_	_	_	_
0	دختری	_	_	_	_
1	با	_	_	_	_
2	کفشهای	_	_	_	_
3	کتانی	_	_	_	_
4	دیدم	_	_	_	_
5	که	_	_	_	_
6	سبزیجات	_	_	_	_
7	میخورد	_	_	_	_
8	.	_	_	_	_
0	واحد	_	_	_	_
1	مرکزی	_	_	_	_
2	خبر	_	_	_	_
3	اخبار	_	_	_	_
4	جدیدی	_	_	_	_
5	را	_	_	_	_
6	مخابره	_	_	_	_
7	کرد	_	_	_	_
8	.	_	_	_	_
0	چرا	_	_	_	_
1	لباسهای	_	_	_	_
2	خواهرت	_	_	_	_
3	را	_	_	_	_
4	اتو	_	_	_	_
5	نکردی	_	_	_	_
6	؟	_	_	_	_
0	دشمنان	_	_	_	_
1	ایران	_	_	_	_
2	در	_	_	_	_
3	همه	_	_	_	_
4	نقاط	_	_	_	_
5	جهان	_	_	_	_
6	پراکننده	_	_	_	_
7	هستند	_	_	_	_
8	.	_	_	_	_
0	گروه	_	_	_	_
1	بزرگ	_	_	_	_
2	موسیقیایی	_	_	_	_
3	پاپ	_	_	_	_
4	راک	_	_	_	_
5	در	_	_	_	_
6	کابل	_	_	_	_
7	کنسرت	_	_	_	_
8	خواهند	_	_	_	_
9	داشت	_	_	_	_
10	.	_	_	_	_
0	دیشب	_	_	_	_
1	برنامه	_	_	_	_
2	90	_	_	_	_
3	به	_	_	_	_
4	علت	_	_	_	_
5	سو	_	_	_	_
6	تفاهم	_	_	_	_
7	بین	_	_	_	_
8	دست	_	_	_	_
9	اندر	_	_	_	_
10	کاران	_	_	_	_
11	پخش	_	_	_	_
12	نشد	_	_	_	_
13	.	_	_	_	_
0	ستارگان	_	_	_	_
1	سینمای	_	_	_	_
2	هالیوود	_	_	_	_
3	بسیار	_	_	_	_
4	پر	_	_	_	_
5	درآمد	_	_	_	_
6	هستند	_	_	_	_
7	.	_	_	_	_
0	سیستم	_	_	_	_
1	کامپیوتری	_	_	_	_
2	شرکتهای	_	_	_	_
3	ایرانی	_	_	_	_
4	قوی	_	_	_	_
5	نیست	_	_	_	_
6	.	_	_	_	_
0	خواهرم	_	_	_	_
1	به	_	_	_	_
2	مغازه	_	_	_	_
3	رفت	_	_	_	_
4	و	_	_	_	_
5	شکلات	_	_	_	_
6	و	_	_	_	_
7	آبنبات	_	_	_	_
8	خرید	_	_	_	_
9	.	_	_	_	_
0	او	_	_	_	_
1	به	_	_	_	_
2	من	_	_	_	_
3	نگاه	_	_	_	_
4	خیلی	_	_	_	_
5	سنگینی	_	_	_	_
6	کرد	_	_	_	_
7	.	_	_	_	_
0	من	_	_	_	_
1	به	_	_	_	_
2	معلمم	_	_	_	_
3	که	_	_	_	_
4	دست	_	_	_	_
5	به	_	_	_	_
6	سینه	_	_	_	_
7	ایستاده‌بود	_	_	_	_
8	نگاه	_	_	_	_
9	بدی	_	_	_	_
10	کردم	_	_	_	_
11	.	_	_	_	_
0	طلاب	_	_	_	_
1	حوزه	_	_	_	_
2	ی	_	_	_	_
3	عملیه	_	_	_	_
4	قم	_	_	_	_
5	بسیار	_	_	_	_
6	پر	_	_	_	_
7	کار	_	_	_	_
8	و	_	_	_	_
9	سخت	_	_	_	_
10	کوش	_	_	_	_
11	هستند	_	_	_	_
12	.	_	_	_	_
0	رانندگی	_	_	_	_
1	با	_	_	_	_
2	سرعت	_	_	_	_
3	بالا	_	_	_	_
4	برای	_	_	_	_
5	سر	_	_	_	_
6	نشینان	_	_	_	_
7	و	_	_	_	_
8	راننده	_	_	_	_
9	خطر	_	_	_	_
10	ناک	_	_	_	_
11	است	_	_	_	_
12	.	_	_	_	_
0	سه	_	_	_	_
1	ماه	_	_	_	_
2	مانده	_	_	_	_
3	به	_	_	_	_
4	جشنواره	_	_	_	_
5	فیلم	_	_	_	_
6	فجر	_	_	_	_
7	بعضی	_	_	_	_
8	از	_	_	_	_
9	کار‌گر	_	_	_	_
10	دانان	_	_	_	_
11	فیلمهای	_	_	_	_
12	خود	_	_	_	_
13	را	_	_	_	_
14	به	_	_	_	_
15	کمیته	_	_	_	_
16	داوران	_	_	_	_
17	تحویل	_	_	_	_
18	دادند	_	_	_	_
19	.	_	_	_	_
0	موسم	_	_	_	_
1	بهاران	_	_	_	_
2	هوای	_	_	_	_
3	شمال	_	_	_	_
4	شهر	_	_	_	_
5	تهران	_	_	_	_
6	بسیار	_	_	_	_
7	دل	_	_	_	_
8	ربا	_	_	_	_
9	می‌شود	_	_	_	_
10	.	_	_	_	_
0	یکی	_	_	_	_
1	از	_	_	_	_
2	آثار	_	_	_	_
3	بشدت	_	_	_	_
4	دوست	_	_	_	_
5	داشتنی	_	_	_	_
6	جیم	_	_	_	_
7	جارموش	_	_	_	_
8	که	_	_	_	_
9	تماما	_	_	_	_
10	حول	_	_	_	_
11	محور	_	_	_	_
12	گفتگو	_	_	_	_
13	،	_	_	_	_
14	سیگار	_	_	_	_
15	و	_	_	_	_
16	قهوه	_	_	_	_
17	می‌گردد	_	_	_	_
18	و	_	_	_	_
19	ادای	_	_	_	_
20	دین	_	_	_	_
21	جیم	_	_	_	_
22	به	_	_	_	_
23	این	_	_	_	_
24	دو	_	_	_	_
25	عزیز	_	_	_	_
26	است	_	_	_	_
27	.	_	_	_	_
0	صداوسیمای	_	_	_	_
1	جمهوری	_	_	_	_
2	اسلامی	_	_	_	_
3	ایران	_	_	_	_
4	برنامههای	_	_	_	_
5	جالبی	_	_	_	_
6	ندارد	_	_	_	_
7	.	_	_	_	_
0	پرداخت	_	_	_	_
1	قبض	_	_	_	_
2	به	_	_	_	_
3	صورت	_	_	_	_
4	الکترونیکی	_	_	_	_
5	هزینه	_	_	_	_
6	آبونمان	_	_	_	_
7	را	_	_	_	_
8	کاهش	_	_	_	_
9	بسزایی	_	_	_	_
10	می‌دهد	_	_	_	_
11	.	_	_	_	_
0	آشپزی	_	_	_	_
1	در	_	_	_	_
2	رستوران	_	_	_	_
3	هنگام	_	_	_	_
4	پخت	_	_	_	_
5	غذا	_	_	_	_
6	دستش	_	_	_	_
7	سوخت	_	_	_	_
8	.	_	_	_	_
0	ماشین	_	_	_	_
1	آلات	_	_	_	_
2	چینی	_	_	_	_
3	کیفیت	_	_	_	_
4	مرغوبی	_	_	_	_
5	ندارند	_	_	_	_
6	.	_	_	_	_
0	کردستان	_	_	_	_
1	سرزمینی	_	_	_	_
2	بسیار	_	_	_	_
3	دل	_	_	_	_
4	فریب	_	_	_	_
5	می‌باشد	_	_	_	_
6	.	_	_	_	_
0	الهی	_	_	_	_
1	جانتان	_	_	_	_
2	سلامت	_	_	_	_
3	و	_	_	_	_
4	تن	_	_	_	_
5	درست	_	_	_	_
6	باشد	_	_	_	_
7	.	_	_	_	_
0	البسه	_	_	_	_
1	خودتان	_	_	_	_
2	را	_	_	_	_
3	با	_	_	_	_
4	اتو	_	_	_	_
5	صاف	_	_	_	_
6	کنید	_	_	_	_
7	.	_	_	_	_
0	بیماران	_	_	_	_
1	قبلی	_	_	_	_
2	و	_	_	_	_
3	عروقی	_	_	_	_
4	در	_	_	_	_
5	بیمارستان	_	_	_	_
6	آبان	_	_	_	_
7	بستری	_	_	_	_
8	شدند	_	_	_	_
9	.	_	_	_	_
0	سامان	_	_	_	_
1	پسری	_	_	_	_
2	هنرمند	_	_	_	_
3	او	_	_	_	_
4	موسیقی	_	_	_	_
5	دان	_	_	_	_
6	است	_	_	_	_
7	.	_	_	_	_
0	مجمع	_	_	_	_
1	عمومی	_	_	_	_
2	و	_	_	_	_
3	انتخابات	_	_	_	_
4	شورای	_	_	_	_
5	مرکزی	_	_	_	_
6	و	_	_	_	_
7	بازرسین	_	_	_	_
8	جامعه	_	_	_	_
9	دانش‌آموختگان	_	_	_	_
10	دانشگاه	_	_	_	_
11	ظرف	_	_	_	_
12	ماه	_	_	_	_
13	آتی	_	_	_	_
14	برگزار	_	_	_	_
15	می‌شود	_	_	_	_
16	.	_	_	_	_
