0	وی	_	_	_	_
1	افزود	_	_	_	_
2	:	_	_	_	_
0	در	_	_	_	_
1	سال	_	_	_	_
2	95	_	_	_	_
3	نیز	_	_	_	_
4	آقای	_	_	_	_
5	اللهیاری	_	_	_	_
6	برای	_	_	_	_
7	چند	_	_	_	_
8	روز	_	_	_	_
9	بازداشت	_	_	_	_
10	شده‌بود	_	_	_	_
11	که	_	_	_	_
12	با	_	_	_	_
13	ضمانت	_	_	_	_
14	ملکی	_	_	_	_
15	معاونش	_	_	_	_
16	از	_	_	_	_
17	زندان	_	_	_	_
18	آزاد	_	_	_	_
19	شد	_	_	_	_
20	،	_	_	_	_
21	ولی	_	_	_	_
22	از	_	_	_	_
23	آن	_	_	_	_
24	زمان	_	_	_	_
25	تا	_	_	_	_
26	کنون	_	_	_	_
27	بقیه	_	_	_	_
28	پرونده‌ها	_	_	_	_
29	در	_	_	_	_
30	سازمان	_	_	_	_
31	نظام	_	_	_	_
32	روانشناسی	_	_	_	_
33	مسکوت	_	_	_	_
34	مانده‌بود	_	_	_	_
35	.	_	_	_	_
0	عضو	_	_	_	_
1	سازمان	_	_	_	_
2	نظام	_	_	_	_
3	روانشناسی	_	_	_	_
4	خاطرنشان	_	_	_	_
5	کرد	_	_	_	_
6	:	_	_	_	_
0	از	_	_	_	_
1	مهر	_	_	_	_
2	ماه	_	_	_	_
3	سال	_	_	_	_
4	گذشته	_	_	_	_
5	رد	_	_	_	_
6	صلاحیت	_	_	_	_
7	رئیس	_	_	_	_
8	سازمان	_	_	_	_
9	روانشناسی	_	_	_	_
10	توسط	_	_	_	_
11	دفتر	_	_	_	_
12	رئیس	_	_	_	_
13	جمهور	_	_	_	_
14	انجام	_	_	_	_
15	گرفت	_	_	_	_
16	،	_	_	_	_
17	ولی	_	_	_	_
18	علی‌رغم	_	_	_	_
19	این	_	_	_	_
20	رد	_	_	_	_
21	صلاحیت	_	_	_	_
22	همچنان	_	_	_	_
23	عباسعلی	_	_	_	_
24	اللهیاری	_	_	_	_
25	در	_	_	_	_
26	کافه	_	_	_	_
27	یا	_	_	_	_
28	تریا	_	_	_	_
29	کارتابل	_	_	_	_
30	سازمان	_	_	_	_
31	را	_	_	_	_
32	امضا	_	_	_	_
33	می‌کرد	_	_	_	_
34	.	_	_	_	_
0	پنج	_	_	_	_
1	شنبه‌ها	_	_	_	_
2	به	_	_	_	_
3	زودی	_	_	_	_
4	می‌گذرند	_	_	_	_
5	.	_	_	_	_
0	دویست	_	_	_	_
1	و	_	_	_	_
2	هشتاد	_	_	_	_
3	و	_	_	_	_
4	نهمین	_	_	_	_
5	سمینار	_	_	_	_
6	ادواری	_	_	_	_
7	عصب	_	_	_	_
8	پژوهی	_	_	_	_
9	اجتماعی	_	_	_	_
10	به	_	_	_	_
11	مغزپژوهی	_	_	_	_
12	رشک	_	_	_	_
13	و	_	_	_	_
14	حسد	_	_	_	_
15	اختصاص	_	_	_	_
16	دارد	_	_	_	_
17	.	_	_	_	_
0	سخنران	_	_	_	_
1	این	_	_	_	_
2	نشست	_	_	_	_
3	که	_	_	_	_
4	26	_	_	_	_
5	مهر	_	_	_	_
6	برگزار	_	_	_	_
7	می‌شود	_	_	_	_
8	دکتر	_	_	_	_
9	آذرخش	_	_	_	_
10	مکری	_	_	_	_
11	است	_	_	_	_
12	.	_	_	_	_
0	در	_	_	_	_
1	این	_	_	_	_
2	سمینار	_	_	_	_
3	که	_	_	_	_
4	از	_	_	_	_
5	ساعت	_	_	_	_
6	هشت	_	_	_	_
7	و	_	_	_	_
8	نیم	_	_	_	_
9	صبح	_	_	_	_
10	تا	_	_	_	_
11	یازده	_	_	_	_
12	در	_	_	_	_
13	سالن	_	_	_	_
14	کنفرانس	_	_	_	_
15	بیمارستان	_	_	_	_
16	ایرانمهر	_	_	_	_
17	برقرار	_	_	_	_
18	است	_	_	_	_
19	صاحب	_	_	_	_
20	نظران	_	_	_	_
21	و	_	_	_	_
22	علاقه	_	_	_	_
23	مندان	_	_	_	_
24	به	_	_	_	_
25	موضوع	_	_	_	_
26	مغز	_	_	_	_
27	پژوهی	_	_	_	_
28	رشک	_	_	_	_
29	و	_	_	_	_
30	حسد	_	_	_	_
31	به	_	_	_	_
32	بحث	_	_	_	_
33	و	_	_	_	_
34	تبادل	_	_	_	_
35	نظر	_	_	_	_
36	می‌پردازند	_	_	_	_
37	.	_	_	_	_
0	ورود	_	_	_	_
1	برای	_	_	_	_
2	عموم	_	_	_	_
3	آزاد	_	_	_	_
4	است	_	_	_	_
5	و	_	_	_	_
6	درباره	_	_	_	_
7	موضوع	_	_	_	_
8	با	_	_	_	_
9	صاحب	_	_	_	_
10	نظران	_	_	_	_
11	بحث	_	_	_	_
12	و	_	_	_	_
13	گفت‌وگو	_	_	_	_
14	انجام	_	_	_	_
15	می‌شود	_	_	_	_
16	.	_	_	_	_
0	در	_	_	_	_
1	کالبدشکافی	_	_	_	_
2	سایت	_	_	_	_
3	iFixit	_	_	_	_
4	،	_	_	_	_
5	آن‌ها	_	_	_	_
6	موفق	_	_	_	_
7	به	_	_	_	_
8	کشف	_	_	_	_
9	یک	_	_	_	_
10	نوار	_	_	_	_
11	آنتن	_	_	_	_
12	جدید	_	_	_	_
13	در	_	_	_	_
14	بخش	_	_	_	_
15	پایینی	_	_	_	_
16	گوشی	_	_	_	_
17	شدند	_	_	_	_
18	که	_	_	_	_
19	قاعدتا	_	_	_	_
20	باید	_	_	_	_
21	منجر	_	_	_	_
22	به	_	_	_	_
23	بهبود	_	_	_	_
24	آنتن‌دهی	_	_	_	_
25	این	_	_	_	_
26	گوشی‌ها	_	_	_	_
27	شود	_	_	_	_
28	.	_	_	_	_
0	کاربران	_	_	_	_
1	برای	_	_	_	_
2	توضیح	_	_	_	_
3	این	_	_	_	_
4	مشکل	_	_	_	_
5	تئوری‌های	_	_	_	_
6	مختلفی	_	_	_	_
7	را	_	_	_	_
8	مطرح	_	_	_	_
9	کرده‌اند	_	_	_	_
10	و	_	_	_	_
11	برخی	_	_	_	_
12	از	_	_	_	_
13	آن‌ها	_	_	_	_
14	شبکه‌های	_	_	_	_
15	تلفن	_	_	_	_
16	همراه	_	_	_	_
17	را	_	_	_	_
18	مقصر	_	_	_	_
19	این	_	_	_	_
20	موضوع	_	_	_	_
21	می‌دانند	_	_	_	_
22	ولی	_	_	_	_
23	برخی	_	_	_	_
24	دیگر	_	_	_	_
25	اعلام	_	_	_	_
26	کرده‌اند	_	_	_	_
27	که	_	_	_	_
28	این	_	_	_	_
29	مساله	_	_	_	_
30	یادآور	_	_	_	_
31	مشکل	_	_	_	_
32	مربوط	_	_	_	_
33	به	_	_	_	_
34	آنتن‌های	_	_	_	_
35	آیفون	_	_	_	_
36	4	_	_	_	_
37	است	_	_	_	_
38	که	_	_	_	_
39	در	_	_	_	_
40	آن	_	_	_	_
41	زمان	_	_	_	_
42	سر	_	_	_	_
43	و	_	_	_	_
44	صدای	_	_	_	_
45	بسیار	_	_	_	_
46	زیادی	_	_	_	_
47	به	_	_	_	_
48	راه	_	_	_	_
49	انداخت	_	_	_	_
50	.	_	_	_	_
0	چندروز	_	_	_	_
1	بعد	_	_	_	_
2	از	_	_	_	_
3	تصویب	_	_	_	_
4	چهارمین	_	_	_	_
5	لایحه	_	_	_	_
6	در	_	_	_	_
7	چارچوب	_	_	_	_
8	لوایح	_	_	_	_
9	مرتبط	_	_	_	_
10	با	_	_	_	_
11	پول	_	_	_	_
12	شویی	_	_	_	_
13	و	_	_	_	_
14	مبارزه	_	_	_	_
15	با	_	_	_	_
16	تروریسم	_	_	_	_
17	موسوم	_	_	_	_
18	به	_	_	_	_
19	FATF	_	_	_	_
20	،	_	_	_	_
21	بساط	_	_	_	_
22	اتهام	_	_	_	_
23	زنی	_	_	_	_
24	در	_	_	_	_
25	مورد	_	_	_	_
26	پشت	_	_	_	_
27	پرده	_	_	_	_
28	رشد	_	_	_	_
29	قیمت	_	_	_	_
30	دلار	_	_	_	_
31	بالا	_	_	_	_
32	گرفته	_	_	_	_
33	است	_	_	_	_
34	.	_	_	_	_
0	علائم	_	_	_	_
1	سیاسی	_	_	_	_
2	و	_	_	_	_
3	رسانه‌ای	_	_	_	_
4	از	_	_	_	_
5	بروز	_	_	_	_
6	یک	_	_	_	_
7	جنگ	_	_	_	_
8	ارزی	_	_	_	_
9	بر	_	_	_	_
10	سر	_	_	_	_
11	تایید	_	_	_	_
12	نهایی	_	_	_	_
13	FATF	_	_	_	_
14	در	_	_	_	_
15	مراجع	_	_	_	_
16	قانونی	_	_	_	_
17	حکایت	_	_	_	_
18	دارد	_	_	_	_
19	.	_	_	_	_
0	به‌گزارش	_	_	_	_
1	همشهری	_	_	_	_
2	،	_	_	_	_
3	تریبون‌های	_	_	_	_
4	سیاسی	_	_	_	_
5	و	_	_	_	_
6	رسانه‌ای	_	_	_	_
7	برخی	_	_	_	_
8	گروه‌های	_	_	_	_
9	مخالف	_	_	_	_
10	دولت	_	_	_	_
11	،	_	_	_	_
12	به	_	_	_	_
13	محل	_	_	_	_
14	اتهام	_	_	_	_
15	زنی	_	_	_	_
16	علیه	_	_	_	_
17	دولت	_	_	_	_
18	در	_	_	_	_
19	مورد	_	_	_	_
20	افزایش	_	_	_	_
21	قیمت	_	_	_	_
22	ارز	_	_	_	_
23	تبدیل‌شده‌است	_	_	_	_
24	.	_	_	_	_
0	در	_	_	_	_
1	طول	_	_	_	_
2	چند	_	_	_	_
3	روز	_	_	_	_
4	گذشته	_	_	_	_
5	به	_	_	_	_
6	ویژه	_	_	_	_
7	بعد	_	_	_	_
8	از	_	_	_	_
9	تصویب	_	_	_	_
10	قانون	_	_	_	_
11	CFT	_	_	_	_
12	در	_	_	_	_
13	مجلس	_	_	_	_
14	،	_	_	_	_
15	برخی	_	_	_	_
16	رسانه‌ها	_	_	_	_
17	وارد	_	_	_	_
18	کارزار	_	_	_	_
19	سیگنال	_	_	_	_
20	دهی	_	_	_	_
21	به	_	_	_	_
22	قیمت	_	_	_	_
23	ارز	_	_	_	_
24	در	_	_	_	_
25	بازار	_	_	_	_
26	آزاد	_	_	_	_
27	شده‌اند	_	_	_	_
28	.	_	_	_	_
0	آن‌ها	_	_	_	_
1	عامل	_	_	_	_
2	اصلی	_	_	_	_
3	افزایش	_	_	_	_
4	قیمت	_	_	_	_
5	دلار	_	_	_	_
6	را	_	_	_	_
7	دولت	_	_	_	_
8	و	_	_	_	_
9	تصویب	_	_	_	_
10	شدن	_	_	_	_
11	قانون	_	_	_	_
12	FATF	_	_	_	_
13	در	_	_	_	_
14	مجلس	_	_	_	_
15	می‌دانند	_	_	_	_
16	.	_	_	_	_
0	در	_	_	_	_
1	روزهای	_	_	_	_
2	اخیر	_	_	_	_
3	خبرگزاری	_	_	_	_
4	فارس	_	_	_	_
5	و	_	_	_	_
6	روزنامه	_	_	_	_
7	کیهان	_	_	_	_
8	با	_	_	_	_
9	تیترهایی	_	_	_	_
10	جهت‌دار	_	_	_	_
11	،	_	_	_	_
12	به	_	_	_	_
13	شکلی	_	_	_	_
14	آشکار	_	_	_	_
15	رشد	_	_	_	_
16	قیمت	_	_	_	_
17	دلار	_	_	_	_
18	را	_	_	_	_
19	به	_	_	_	_
20	دولت	_	_	_	_
21	و	_	_	_	_
22	تصویب	_	_	_	_
23	FATF	_	_	_	_
24	نسبت	_	_	_	_
25	داده‌اند	_	_	_	_
26	.	_	_	_	_
0	خاشقجی	_	_	_	_
1	که	_	_	_	_
2	سابقه	_	_	_	_
3	گفتگو	_	_	_	_
4	با	_	_	_	_
5	بن	_	_	_	_
6	لادن	_	_	_	_
7	را	_	_	_	_
8	نیز	_	_	_	_
9	در	_	_	_	_
10	کارنامه	_	_	_	_
11	خود	_	_	_	_
12	دارد	_	_	_	_
13	و	_	_	_	_
14	پیش‌تر	_	_	_	_
15	هم	_	_	_	_
16	مشاور	_	_	_	_
17	دولت	_	_	_	_
18	عربستان	_	_	_	_
19	بوده	_	_	_	_
20	و	_	_	_	_
21	رابطه	_	_	_	_
22	بسیار	_	_	_	_
23	خوبی	_	_	_	_
24	با	_	_	_	_
25	شاهزادگان	_	_	_	_
26	سعودی	_	_	_	_
27	علی‌الخصوص	_	_	_	_
28	محمد	_	_	_	_
29	بن	_	_	_	_
30	نایف	_	_	_	_
31	ولیعهد	_	_	_	_
32	برکنار‌شده‌سعودی	_	_	_	_
33	داشته	_	_	_	_
34	است	_	_	_	_
35	در	_	_	_	_
36	سال	_	_	_	_
37	2017	_	_	_	_
38	در	_	_	_	_
39	پی	_	_	_	_
40	طرح	_	_	_	_
41	انتقادهایی	_	_	_	_
42	نسبت	_	_	_	_
43	به	_	_	_	_
44	سیاست‌های	_	_	_	_
45	محمد	_	_	_	_
46	بن	_	_	_	_
47	سلمان	_	_	_	_
48	،	_	_	_	_
49	ولیعهد	_	_	_	_
50	عربستان	_	_	_	_
51	و	_	_	_	_
52	نیز	_	_	_	_
53	زیر	_	_	_	_
54	سوال	_	_	_	_
55	بردن	_	_	_	_
56	مداخله	_	_	_	_
57	نظامی	_	_	_	_
58	عربستان	_	_	_	_
59	در	_	_	_	_
60	یمن	_	_	_	_
61	،	_	_	_	_
62	از	_	_	_	_
63	بیم	_	_	_	_
64	دستگیری	_	_	_	_
65	عربستان	_	_	_	_
66	را	_	_	_	_
67	ترک	_	_	_	_
68	کرد	_	_	_	_
69	و	_	_	_	_
70	به	_	_	_	_
71	آمریکا	_	_	_	_
72	رفت	_	_	_	_
73	.	_	_	_	_
0	شب	_	_	_	_
1	عید	_	_	_	_
2	نوروز‌بود	_	_	_	_
3	و	_	_	_	_
4	موقع	_	_	_	_
5	ترفیع	_	_	_	_
6	رتبه	_	_	_	_
7	.	_	_	_	_
0	در	_	_	_	_
1	اداره	_	_	_	_
2	با	_	_	_	_
3	هم	_	_	_	_
4	قطارها	_	_	_	_
5	قرار	_	_	_	_
6	و	_	_	_	_
7	مدار	_	_	_	_
8	گذاشته‌بودیم	_	_	_	_
9	که	_	_	_	_
10	هرکس	_	_	_	_
11	اول	_	_	_	_
12	ترفیع	_	_	_	_
13	رتبه	_	_	_	_
14	یافت	_	_	_	_
15	،	_	_	_	_
16	به	_	_	_	_
17	عنوان	_	_	_	_
18	ولیمه	_	_	_	_
19	یک	_	_	_	_
20	مهمانی	_	_	_	_
21	دسته	_	_	_	_
22	جمعی	_	_	_	_
23	کرده	_	_	_	_
24	،	_	_	_	_
25	کباب	_	_	_	_
26	غاز	_	_	_	_
27	صحیحی	_	_	_	_
28	بدهد	_	_	_	_
29	دوستان	_	_	_	_
30	نوش	_	_	_	_
31	جان	_	_	_	_
32	نموده	_	_	_	_
33	به	_	_	_	_
34	عمر	_	_	_	_
35	و	_	_	_	_
36	عزتش	_	_	_	_
37	دعا	_	_	_	_
38	کنند	_	_	_	_
39	.	_	_	_	_
0	زد	_	_	_	_
1	و	_	_	_	_
2	ترفیع	_	_	_	_
3	رتبه	_	_	_	_
4	به	_	_	_	_
5	اسم	_	_	_	_
6	من	_	_	_	_
7	در	_	_	_	_
8	آمد	_	_	_	_
9	.	_	_	_	_
0	فورا	_	_	_	_
1	مساله	_	_	_	_
2	ی	_	_	_	_
3	مهمانی	_	_	_	_
4	و	_	_	_	_
5	قرار	_	_	_	_
6	با	_	_	_	_
7	رفقا	_	_	_	_
8	را	_	_	_	_
9	با	_	_	_	_
10	عیالم	_	_	_	_
11	که	_	_	_	_
12	به	_	_	_	_
13	تازگی	_	_	_	_
14	با	_	_	_	_
15	هم	_	_	_	_
16	عروسی	_	_	_	_
17	کرده‌بودیم	_	_	_	_
18	در	_	_	_	_
19	میان	_	_	_	_
20	گذاشتم	_	_	_	_
21	.	_	_	_	_
0	گفت	_	_	_	_
1	تو	_	_	_	_
2	شیرینی	_	_	_	_
3	عروسی	_	_	_	_
4	هم	_	_	_	_
5	به	_	_	_	_
6	دوستانت	_	_	_	_
7	نداده‌ای	_	_	_	_
8	و	_	_	_	_
9	باید	_	_	_	_
10	در	_	_	_	_
11	این	_	_	_	_
12	موقع	_	_	_	_
13	درست	_	_	_	_
14	جلوشان	_	_	_	_
15	در	_	_	_	_
16	آیی	_	_	_	_
17	.	_	_	_	_
0	ولی	_	_	_	_
1	چیزی	_	_	_	_
2	که	_	_	_	_
3	هست	_	_	_	_
4	چون	_	_	_	_
5	ظرف	_	_	_	_
6	و	_	_	_	_
7	کارد	_	_	_	_
8	و	_	_	_	_
9	چنگال	_	_	_	_
10	برای	_	_	_	_
11	دوازده	_	_	_	_
12	نفر	_	_	_	_
13	بیش	_	_	_	_
14	تر	_	_	_	_
15	نداریم	_	_	_	_
16	یا	_	_	_	_
17	باید	_	_	_	_
18	باز	_	_	_	_
19	یک	_	_	_	_
20	دست	_	_	_	_
21	دیگر	_	_	_	_
22	خرید	_	_	_	_
23	و	_	_	_	_
24	یا	_	_	_	_
25	باید	_	_	_	_
26	عده‌ی	_	_	_	_
27	مهمان	_	_	_	_
28	بیشتر	_	_	_	_
29	از	_	_	_	_
30	یازده	_	_	_	_
31	نفر	_	_	_	_
32	نباشد	_	_	_	_
33	که	_	_	_	_
34	با	_	_	_	_
35	خودت	_	_	_	_
36	بشود	_	_	_	_
37	دوازده	_	_	_	_
38	نفر	_	_	_	_
39	.	_	_	_	_
0	گفتم	_	_	_	_
1	خودت	_	_	_	_
2	بهتر	_	_	_	_
3	می‌دانی	_	_	_	_
4	که	_	_	_	_
5	در	_	_	_	_
6	این	_	_	_	_
7	شب	_	_	_	_
8	عیدی	_	_	_	_
9	مالیه	_	_	_	_
10	از	_	_	_	_
11	چه	_	_	_	_
12	قرار	_	_	_	_
13	است	_	_	_	_
14	و	_	_	_	_
15	بودجه	_	_	_	_
16	ابدن	_	_	_	_
17	اجازه‌ی	_	_	_	_
18	خریدن	_	_	_	_
19	خرت	_	_	_	_
20	و	_	_	_	_
21	پرت	_	_	_	_
22	تازه	_	_	_	_
23	نمی‌دهد	_	_	_	_
24	و	_	_	_	_
25	دوستان	_	_	_	_
26	هم	_	_	_	_
27	از	_	_	_	_
28	بیست	_	_	_	_
29	و	_	_	_	_
30	سه	_	_	_	_
31	چهار	_	_	_	_
32	نفر	_	_	_	_
33	کم‌تر	_	_	_	_
34	نمی‌شوند	_	_	_	_
35	.	_	_	_	_
0	گفت	_	_	_	_
1	یک	_	_	_	_
2	بر	_	_	_	_
3	نره	_	_	_	_
4	خر	_	_	_	_
5	گردن	_	_	_	_
6	کلفت	_	_	_	_
7	را	_	_	_	_
8	که	_	_	_	_
9	نمی‌شود	_	_	_	_
10	وعده	_	_	_	_
11	گرفت	_	_	_	_
12	.	_	_	_	_
0	تنها	_	_	_	_
1	همان	_	_	_	_
2	رتبه‌های	_	_	_	_
3	بالا	_	_	_	_
4	را	_	_	_	_
5	وعده	_	_	_	_
6	بگیر	_	_	_	_
7	و	_	_	_	_
8	مابقی	_	_	_	_
9	را	_	_	_	_
10	نقدا	_	_	_	_
11	خط	_	_	_	_
12	بکش	_	_	_	_
13	و	_	_	_	_
14	بگذار	_	_	_	_
15	سماق	_	_	_	_
16	بمکند	_	_	_	_
17	.	_	_	_	_
0	گفتم‌ای	_	_	_	_
1	بابا	_	_	_	_
2	،	_	_	_	_
3	خدا	_	_	_	_
4	را	_	_	_	_
5	خوش	_	_	_	_
6	نمی‌آید	_	_	_	_
7	.	_	_	_	_
0	این	_	_	_	_
1	بدبخت‌ها	_	_	_	_
2	سال	_	_	_	_
3	آزگار	_	_	_	_
4	یک	_	_	_	_
5	بار	_	_	_	_
6	برایشان	_	_	_	_
7	چنین	_	_	_	_
8	پایی	_	_	_	_
9	می‌افتد	_	_	_	_
10	و	_	_	_	_
11	شکم‌ها	_	_	_	_
12	را	_	_	_	_
13	مدتی	_	_	_	_
14	است	_	_	_	_
15	صابون	_	_	_	_
16	زده‌اند	_	_	_	_
17	که	_	_	_	_
18	کباب‌غاز	_	_	_	_
19	بخورند	_	_	_	_
20	و	_	_	_	_
21	ساعت	_	_	_	_
22	شماری	_	_	_	_
23	می‌کنند	_	_	_	_
24	.	_	_	_	_
0	اگر	_	_	_	_
1	از	_	_	_	_
2	زیرش	_	_	_	_
3	در	_	_	_	_
4	بروم	_	_	_	_
5	چشمم	_	_	_	_
6	را	_	_	_	_
7	در	_	_	_	_
8	خواهند	_	_	_	_
9	آورد	_	_	_	_
10	و	_	_	_	_
11	حالا	_	_	_	_
12	که	_	_	_	_
13	خودمانیم	_	_	_	_
14	،	_	_	_	_
15	حق	_	_	_	_
16	هم	_	_	_	_
17	دارند	_	_	_	_
18	.	_	_	_	_
0	چطور	_	_	_	_
1	است	_	_	_	_
2	از	_	_	_	_
3	منزل	_	_	_	_
4	یکی	_	_	_	_
5	از	_	_	_	_
6	دوستان	_	_	_	_
7	و	_	_	_	_
8	آشنایان	_	_	_	_
9	یک‌دست	_	_	_	_
10	دیگر	_	_	_	_
11	ظرف	_	_	_	_
12	و	_	_	_	_
13	لوازم	_	_	_	_
14	عاریه	_	_	_	_
15	بگیریم	_	_	_	_
16	.	_	_	_	_
0	اینک	_	_	_	_
1	روز	_	_	_	_
2	دوم	_	_	_	_
3	عید	_	_	_	_
4	است	_	_	_	_
5	و	_	_	_	_
6	تدارک	_	_	_	_
7	پذیرایی	_	_	_	_
8	از	_	_	_	_
9	هرجهت	_	_	_	_
10	دیده‌شده‌است	_	_	_	_
11	.	_	_	_	_
0	علاوه	_	_	_	_
1	بر	_	_	_	_
2	غاز	_	_	_	_
3	معهود	_	_	_	_
4	،	_	_	_	_
5	آش	_	_	_	_
6	جو	_	_	_	_
7	اعلا	_	_	_	_
8	و	_	_	_	_
9	کباب	_	_	_	_
10	بره‌ی	_	_	_	_
11	ممتاز	_	_	_	_
12	و	_	_	_	_
13	دو	_	_	_	_
14	رنگ	_	_	_	_
15	پلو	_	_	_	_
16	و	_	_	_	_
17	چند	_	_	_	_
18	جور	_	_	_	_
19	خورش	_	_	_	_
20	با	_	_	_	_
21	تمام	_	_	_	_
22	مخلفات	_	_	_	_
23	رو	_	_	_	_
24	به	_	_	_	_
25	راه‌شده‌است	_	_	_	_
26	.	_	_	_	_
0	در	_	_	_	_
1	تختخواب	_	_	_	_
2	گرم	_	_	_	_
3	و	_	_	_	_
4	نرم	_	_	_	_
5	و	_	_	_	_
6	تازه‌ای	_	_	_	_
7	که	_	_	_	_
8	از	_	_	_	_
9	جمله‌ی	_	_	_	_
10	اسباب	_	_	_	_
11	جهاز	_	_	_	_
12	خانم	_	_	_	_
13	است	_	_	_	_
14	لم	_	_	_	_
15	داده	_	_	_	_
16	و	_	_	_	_
17	به	_	_	_	_
18	تفریح	_	_	_	_
19	تمام	_	_	_	_
20	مشغول	_	_	_	_
21	خواندن	_	_	_	_
22	حکایت‌های	_	_	_	_
23	بی‌نظیر	_	_	_	_
24	صادق	_	_	_	_
25	هدایت‌بودم	_	_	_	_
26	.	_	_	_	_
0	درست	_	_	_	_
1	کیفور	_	_	_	_
2	شده‌بودم	_	_	_	_
3	که	_	_	_	_
4	عیالم	_	_	_	_
5	وارد	_	_	_	_
6	شد	_	_	_	_
7	و	_	_	_	_
8	گفت	_	_	_	_
9	جوان	_	_	_	_
10	دیلاقی	_	_	_	_
11	مصطفی	_	_	_	_
12	نام	_	_	_	_
13	آمده	_	_	_	_
14	می‌گوید	_	_	_	_
15	پسرعموی	_	_	_	_
16	تنی	_	_	_	_
17	تو	_	_	_	_
18	است	_	_	_	_
19	و	_	_	_	_
20	برای	_	_	_	_
21	عید	_	_	_	_
22	مبارکی	_	_	_	_
23	شرفیاب‌شده‌است	_	_	_	_
24	.	_	_	_	_
0	مصطفی	_	_	_	_
1	پسرعموی	_	_	_	_
2	دختردایی	_	_	_	_
3	خاله‌ی	_	_	_	_
4	مادرم	_	_	_	_
5	می‌شد	_	_	_	_
6	.	_	_	_	_
0	جوانی	_	_	_	_
1	به	_	_	_	_
2	سن	_	_	_	_
3	بیست	_	_	_	_
4	و	_	_	_	_
5	پنج	_	_	_	_
6	یا	_	_	_	_
7	بیست	_	_	_	_
8	و	_	_	_	_
9	شش	_	_	_	_
10	.	_	_	_	_
0	لات	_	_	_	_
1	و	_	_	_	_
2	لوت	_	_	_	_
3	و	_	_	_	_
4	آسمان	_	_	_	_
5	جل	_	_	_	_
6	و	_	_	_	_
7	بی‌دست	_	_	_	_
8	و	_	_	_	_
9	پا	_	_	_	_
10	و	_	_	_	_
11	پخمه	_	_	_	_
12	و	_	_	_	_
13	گاگول	_	_	_	_
14	و	_	_	_	_
15	تا	_	_	_	_
16	بخواهی	_	_	_	_
17	بدریخت	_	_	_	_
18	و	_	_	_	_
19	بدقواره	_	_	_	_
20	.	_	_	_	_
0	هروقت	_	_	_	_
1	می‌خواست	_	_	_	_
2	حرفی	_	_	_	_
3	بزند	_	_	_	_
4	،	_	_	_	_
5	رنگ	_	_	_	_
6	می‌گذاشت	_	_	_	_
7	و	_	_	_	_
8	رنگ	_	_	_	_
9	برمی‌داشت	_	_	_	_
10	و	_	_	_	_
11	مثل	_	_	_	_
12	این‌که	_	_	_	_
13	دسته	_	_	_	_
14	هاون	_	_	_	_
15	برنجی	_	_	_	_
16	در	_	_	_	_
17	گلویش	_	_	_	_
18	گیر	_	_	_	_
19	کرده	_	_	_	_
20	باشد	_	_	_	_
21	دهنش	_	_	_	_
22	باز	_	_	_	_
23	می‌ماند	_	_	_	_
24	و	_	_	_	_
25	به	_	_	_	_
26	خرخر	_	_	_	_
27	می‌افتاد	_	_	_	_
28	.	_	_	_	_
0	الحمدالله	_	_	_	_
1	سالی	_	_	_	_
2	یک	_	_	_	_
3	مرتبه	_	_	_	_
4	بیش‌تر	_	_	_	_
5	از	_	_	_	_
6	زیارت	_	_	_	_
7	جمالش	_	_	_	_
8	مسرور	_	_	_	_
9	و	_	_	_	_
10	مشعوف	_	_	_	_
11	نمی‌شدم	_	_	_	_
12	.	_	_	_	_
0	به	_	_	_	_
1	زنم	_	_	_	_
2	گفتم	_	_	_	_
3	تو	_	_	_	_
4	را	_	_	_	_
5	به	_	_	_	_
6	خدا	_	_	_	_
7	بگو	_	_	_	_
8	فلانی	_	_	_	_
9	هنوز	_	_	_	_
10	از	_	_	_	_
11	خواب	_	_	_	_
12	بیدار‌نشده‌و	_	_	_	_
13	شر	_	_	_	_
14	این	_	_	_	_
15	غول	_	_	_	_
16	بی‌شاخ	_	_	_	_
17	و	_	_	_	_
18	دم	_	_	_	_
19	را	_	_	_	_
20	از	_	_	_	_
21	سر	_	_	_	_
22	ما	_	_	_	_
23	بکن	_	_	_	_
24	و	_	_	_	_
25	بگذار	_	_	_	_
26	برود	_	_	_	_
27	لای	_	_	_	_
28	دست	_	_	_	_
29	بابای	_	_	_	_
30	علیه‌الرحمه‌اش	_	_	_	_
31	.	_	_	_	_
0	گفت	_	_	_	_
1	به	_	_	_	_
2	من	_	_	_	_
3	دخلی	_	_	_	_
4	ندارد	_	_	_	_
5	!	_	_	_	_
0	مال	_	_	_	_
1	بد	_	_	_	_
2	بیخ	_	_	_	_
3	ریش	_	_	_	_
4	صاحبش	_	_	_	_
5	.	_	_	_	_
0	ماشائ‌الله	_	_	_	_
1	هفت	_	_	_	_
2	قرآن	_	_	_	_
3	به	_	_	_	_
4	میان	_	_	_	_
5	پسرعموی	_	_	_	_
6	دسته	_	_	_	_
7	دیزی	_	_	_	_
8	خودت	_	_	_	_
9	است	_	_	_	_
10	.	_	_	_	_
0	هرگلی	_	_	_	_
1	هست	_	_	_	_
2	به	_	_	_	_
3	سر	_	_	_	_
4	خودت	_	_	_	_
5	بزن	_	_	_	_
6	.	_	_	_	_
0	من	_	_	_	_
1	اساسن	_	_	_	_
2	شرط	_	_	_	_
3	کرده‌ام	_	_	_	_
4	با	_	_	_	_
5	قوم	_	_	_	_
6	و	_	_	_	_
7	خویش‌های	_	_	_	_
8	ددری	_	_	_	_
9	تو	_	_	_	_
10	هیچ	_	_	_	_
11	سر	_	_	_	_
12	و	_	_	_	_
13	کاری	_	_	_	_
14	نداشته	_	_	_	_
15	باشم	_	_	_	_
16	؛	_	_	_	_
17	آن‌هم	_	_	_	_
18	با	_	_	_	_
19	چنین	_	_	_	_
20	لندهور	_	_	_	_
21	الدنگی	_	_	_	_
22	.	_	_	_	_
0	دیدم	_	_	_	_
1	چاره‌ای	_	_	_	_
2	نیست	_	_	_	_
3	و	_	_	_	_
4	خدا	_	_	_	_
5	را	_	_	_	_
6	هم	_	_	_	_
7	خوش	_	_	_	_
8	نمی‌آید	_	_	_	_
9	این	_	_	_	_
10	بیچاره	_	_	_	_
11	که	_	_	_	_
12	لابد	_	_	_	_
13	از	_	_	_	_
14	راه	_	_	_	_
15	دور	_	_	_	_
16	و	_	_	_	_
17	دراز	_	_	_	_
18	با	_	_	_	_
19	شکم	_	_	_	_
20	گرسنه	_	_	_	_
21	و	_	_	_	_
22	پای	_	_	_	_
23	برهنه	_	_	_	_
24	به	_	_	_	_
25	امید	_	_	_	_
26	چند	_	_	_	_
27	ریال	_	_	_	_
28	عیدی	_	_	_	_
29	آمده	_	_	_	_
30	ناامید	_	_	_	_
31	کنم	_	_	_	_
32	.	_	_	_	_
0	پیش	_	_	_	_
1	خودم	_	_	_	_
2	گفتم	_	_	_	_
3	چنین	_	_	_	_
4	روز	_	_	_	_
5	مبارکی	_	_	_	_
6	صله‌ی	_	_	_	_
7	ارحام	_	_	_	_
8	نکنی	_	_	_	_
9	کی	_	_	_	_
10	خواهی	_	_	_	_
11	کرد	_	_	_	_
12	؟	_	_	_	_
0	لذا	_	_	_	_
1	صدایش	_	_	_	_
2	کردم	_	_	_	_
3	،	_	_	_	_
4	سرش	_	_	_	_
5	را	_	_	_	_
6	خم	_	_	_	_
7	کرده	_	_	_	_
8	وارد	_	_	_	_
9	شد	_	_	_	_
10	.	_	_	_	_
0	دیدم	_	_	_	_
1	ماشائ‌الله	_	_	_	_
2	چشم	_	_	_	_
3	بد	_	_	_	_
4	دور	_	_	_	_
5	آقا	_	_	_	_
6	واترقیده‌اند	_	_	_	_
7	.	_	_	_	_
0	قدش	_	_	_	_
1	درازتر	_	_	_	_
2	و	_	_	_	_
3	پک	_	_	_	_
4	و	_	_	_	_
5	پوزش	_	_	_	_
6	کریه	_	_	_	_
7	تر‌شده‌است	_	_	_	_
8	.	_	_	_	_
0	گردنش	_	_	_	_
1	مثل	_	_	_	_
2	گردن	_	_	_	_
3	همان	_	_	_	_
4	غاز	_	_	_	_
5	مادرمرده‌ای	_	_	_	_
6	که	_	_	_	_
7	در	_	_	_	_
8	همان	_	_	_	_
9	ساعت	_	_	_	_
10	در	_	_	_	_
11	دیگ	_	_	_	_
12	مشغول	_	_	_	_
13	کباب	_	_	_	_
14	شدن‌بود	_	_	_	_
15	سر	_	_	_	_
16	از	_	_	_	_
17	یقه‌ی	_	_	_	_
18	چرکین	_	_	_	_
19	بیرون	_	_	_	_
20	دوانده‌بود	_	_	_	_
21	و	_	_	_	_
22	اگرچه	_	_	_	_
23	به	_	_	_	_
24	حساب	_	_	_	_
25	خودش	_	_	_	_
26	ریش	_	_	_	_
27	تراشیده‌بود	_	_	_	_
28	،	_	_	_	_
29	اما	_	_	_	_
30	پشم‌های	_	_	_	_
31	زرد	_	_	_	_
32	و	_	_	_	_
33	سرخ	_	_	_	_
34	و	_	_	_	_
35	خرمایی	_	_	_	_
36	به	_	_	_	_
37	بلندی	_	_	_	_
38	یک	_	_	_	_
39	انگشت	_	_	_	_
40	از	_	_	_	_
41	لابلای	_	_	_	_
42	یقه‌ی	_	_	_	_
43	پیراهن	_	_	_	_
44	،	_	_	_	_
45	سر	_	_	_	_
46	به	_	_	_	_
47	در	_	_	_	_
48	آورده	_	_	_	_
49	و	_	_	_	_
50	مثل	_	_	_	_
51	کزم‌هایی	_	_	_	_
52	که	_	_	_	_
53	به	_	_	_	_
54	مارچوبه‌ی	_	_	_	_
55	گندیده	_	_	_	_
56	افتاده	_	_	_	_
57	باشند	_	_	_	_
58	در	_	_	_	_
59	پیرامون	_	_	_	_
60	گردن	_	_	_	_
61	و	_	_	_	_
62	گلو	_	_	_	_
63	در	_	_	_	_
64	جنبش	_	_	_	_
65	و	_	_	_	_
66	اهتزاز‌بودند	_	_	_	_
67	.	_	_	_	_
0	از	_	_	_	_
1	توصیف	_	_	_	_
2	لباسش	_	_	_	_
3	بهتر	_	_	_	_
4	است	_	_	_	_
5	بگذرم	_	_	_	_
6	،	_	_	_	_
7	ولی	_	_	_	_
8	همین‌قدر	_	_	_	_
9	می‌دانم	_	_	_	_
10	که	_	_	_	_
11	سر	_	_	_	_
12	زانوهای	_	_	_	_
13	شلوارش	_	_	_	_
14	که	_	_	_	_
15	از	_	_	_	_
16	بس	_	_	_	_
17	شسته	_	_	_	_
18	شده‌بودند	_	_	_	_
19	به‌قدر	_	_	_	_
20	یک	_	_	_	_
21	وجب	_	_	_	_
22	خورد	_	_	_	_
23	رفته‌بود	_	_	_	_
24	چنان	_	_	_	_
25	باد	_	_	_	_
26	کرده‌بود	_	_	_	_
27	که	_	_	_	_
28	راستی‌راستی	_	_	_	_
29	تصور	_	_	_	_
30	کردم	_	_	_	_
31	دو	_	_	_	_
32	راس	_	_	_	_
33	هندوانه	_	_	_	_
34	از	_	_	_	_
35	جایی	_	_	_	_
36	کش	_	_	_	_
37	رفته	_	_	_	_
38	و	_	_	_	_
39	در	_	_	_	_
40	آنجا	_	_	_	_
41	مخفی	_	_	_	_
42	کرده	_	_	_	_
43	است	_	_	_	_
44	.	_	_	_	_
0	دیدم	_	_	_	_
1	زیاد	_	_	_	_
2	پرت	_	_	_	_
3	و	_	_	_	_
4	بلا	_	_	_	_
5	می‌گوید	_	_	_	_
6	؛	_	_	_	_
7	خواستم	_	_	_	_
8	نوکش	_	_	_	_
9	را	_	_	_	_
10	چیده	_	_	_	_
11	،	_	_	_	_
12	دمش	_	_	_	_
13	را	_	_	_	_
14	روی	_	_	_	_
15	کولش	_	_	_	_
16	بگذارم	_	_	_	_
17	و	_	_	_	_
18	به	_	_	_	_
19	امان	_	_	_	_
20	خدا	_	_	_	_
21	بسپارم	_	_	_	_
22	.	_	_	_	_
0	این	_	_	_	_
1	حرف	_	_	_	_
2	که	_	_	_	_
3	در	_	_	_	_
4	بادی	_	_	_	_
5	امر	_	_	_	_
6	زیاد	_	_	_	_
7	بی‌پا	_	_	_	_
8	و	_	_	_	_
9	بی‌معنی	_	_	_	_
10	به‌نظر	_	_	_	_
11	می‌آمد	_	_	_	_
12	،	_	_	_	_
13	کم‌کم	_	_	_	_
14	وقتی	_	_	_	_
15	درست	_	_	_	_
16	آن	_	_	_	_
17	را	_	_	_	_
18	در	_	_	_	_
19	زوایا	_	_	_	_
20	و	_	_	_	_
21	خفایای	_	_	_	_
22	خاطر	_	_	_	_
23	و	_	_	_	_
24	مخیله	_	_	_	_
25	نشخوار	_	_	_	_
26	کردم	_	_	_	_
27	،	_	_	_	_
28	معلوم	_	_	_	_
29	شد	_	_	_	_
30	آن	_	_	_	_
31	قدرها	_	_	_	_
32	هم	_	_	_	_
33	نامعقول	_	_	_	_
34	نیست	_	_	_	_
35	و	_	_	_	_
36	نباید	_	_	_	_
37	زیاد	_	_	_	_
38	سرسری	_	_	_	_
39	گرفت	_	_	_	_
40	.	_	_	_	_
0	هرچه	_	_	_	_
1	بیش‌تر	_	_	_	_
2	در	_	_	_	_
3	این	_	_	_	_
4	باب	_	_	_	_
5	دقیق	_	_	_	_
6	شدم	_	_	_	_
7	یک	_	_	_	_
8	نوع	_	_	_	_
9	امیدواری	_	_	_	_
10	در	_	_	_	_
11	خود	_	_	_	_
12	حس	_	_	_	_
13	نمودم	_	_	_	_
14	و	_	_	_	_
15	ستاره‌ی	_	_	_	_
16	ضعیفی	_	_	_	_
17	در	_	_	_	_
18	شبستان	_	_	_	_
19	تیره	_	_	_	_
20	و	_	_	_	_
21	تار	_	_	_	_
22	درونم	_	_	_	_
23	درخشیدن	_	_	_	_
24	گرفت	_	_	_	_
25	.	_	_	_	_
0	رفته	_	_	_	_
1	رفته	_	_	_	_
2	سر	_	_	_	_
3	دماغ	_	_	_	_
4	آمدم	_	_	_	_
5	و	_	_	_	_
6	خندان	_	_	_	_
7	و	_	_	_	_
8	شادمان	_	_	_	_
9	رو	_	_	_	_
10	به	_	_	_	_
11	مصطفی	_	_	_	_
12	نموده	_	_	_	_
13	گفتم	_	_	_	_
14	اولین	_	_	_	_
15	بار	_	_	_	_
16	است	_	_	_	_
17	که	_	_	_	_
18	از	_	_	_	_
19	تو	_	_	_	_
20	یک	_	_	_	_
21	کلمه	_	_	_	_
22	حرف	_	_	_	_
23	حسابی	_	_	_	_
24	می‌شنوم	_	_	_	_
25	ولی	_	_	_	_
26	به‌نظرم	_	_	_	_
27	این	_	_	_	_
28	گره	_	_	_	_
29	فقط	_	_	_	_
30	به	_	_	_	_
31	دست	_	_	_	_
32	خودت	_	_	_	_
33	گشوده	_	_	_	_
34	خواهد	_	_	_	_
35	شد	_	_	_	_
36	.	_	_	_	_
0	باید	_	_	_	_
1	خودت	_	_	_	_
2	مهارت	_	_	_	_
3	به	_	_	_	_
4	خرج	_	_	_	_
5	بدهی	_	_	_	_
6	که	_	_	_	_
7	احدی	_	_	_	_
8	از	_	_	_	_
9	مهمانان	_	_	_	_
10	در	_	_	_	_
11	صدد	_	_	_	_
12	دست‌زدن	_	_	_	_
13	به	_	_	_	_
14	این	_	_	_	_
15	غاز	_	_	_	_
16	برنیاید	_	_	_	_
17	.	_	_	_	_
0	فردای	_	_	_	_
1	آن	_	_	_	_
2	روز	_	_	_	_
3	به	_	_	_	_
4	خاطرم	_	_	_	_
5	آمد	_	_	_	_
6	که	_	_	_	_
7	دیروز	_	_	_	_
8	یک‌دست	_	_	_	_
9	از	_	_	_	_
10	بهترین	_	_	_	_
11	لباس‌های	_	_	_	_
12	نو	_	_	_	_
13	دوز	_	_	_	_
14	خود	_	_	_	_
15	را	_	_	_	_
16	با	_	_	_	_
17	کلیه‌ی	_	_	_	_
18	متفرعات	_	_	_	_
19	به	_	_	_	_
20	انضمام	_	_	_	_
21	مایحتوی	_	_	_	_
22	یعنی	_	_	_	_
23	آقای	_	_	_	_
24	استادی	_	_	_	_
25	مصطفی‌خان	_	_	_	_
26	به	_	_	_	_
27	دست	_	_	_	_
28	چلاق‌شده‌ی	_	_	_	_
29	خودم	_	_	_	_
30	از	_	_	_	_
31	خانه	_	_	_	_
32	بیرون	_	_	_	_
33	انداخته‌ام	_	_	_	_
34	.	_	_	_	_
0	ولی	_	_	_	_
1	چون	_	_	_	_
2	که	_	_	_	_
3	تیری	_	_	_	_
4	که	_	_	_	_
5	از	_	_	_	_
6	شست	_	_	_	_
7	رفته	_	_	_	_
8	باز	_	_	_	_
9	نمی‌گردد	_	_	_	_
10	،	_	_	_	_
11	یک‌بار	_	_	_	_
12	دیگر	_	_	_	_
13	به	_	_	_	_
14	کلام	_	_	_	_
15	بلندپایه‌ی	_	_	_	_
16	از	_	_	_	_
17	ماست	_	_	_	_
18	که	_	_	_	_
19	بر	_	_	_	_
20	ماست	_	_	_	_
21	ایمان	_	_	_	_
22	آوردم	_	_	_	_
23	و	_	_	_	_
24	پشت	_	_	_	_
25	دستم	_	_	_	_
26	را	_	_	_	_
27	داغ	_	_	_	_
28	کردم	_	_	_	_
29	که	_	_	_	_
30	تا	_	_	_	_
31	من	_	_	_	_
32	باشم	_	_	_	_
33	دیگر	_	_	_	_
34	پیرامون	_	_	_	_
35	ترفیع‌رتبه	_	_	_	_
36	نگردم	_	_	_	_
37	!	_	_	_	_
0	واتراقیده‌اند	_	_	_	_
1	مفتخرترینهایشانند	_	_	_	_
2	درصدداند	_	_	_	_
3	مشتق‌پذیرند	_	_	_	_
4	رفت	_	_	_	_
5	وآمدشان	_	_	_	_
6	گفتوگویمان	_	_	_	_
7	عبورومرور	_	_	_	_
8	متلاشی‌کنندگانیم	_	_	_	_
9	پراستفاده‌ترین	_	_	_	_
10	خویشتنداران	_	_	_	_
11	اشتباهاتتان	_	_	_	_
12	پراشتباه	_	_	_	_
13	تریم	_	_	_	_
