
0	مقام	_	_	_	_
1	معظم	_	_	_	_
2	رهبری	_	_	_	_
3	در	_	_	_	_
4	دیدار	_	_	_	_
5	رئیس	_	_	_	_
6	و	_	_	_	_
7	مسئولان	_	_	_	_
8	سازمان	_	_	_	_
9	پدافند	_	_	_	_
10	غیرعامل	_	_	_	_
11	اظهار	_	_	_	_
12	داشتند	_	_	_	_
13	:	_	_	_	_

0	پدافند	_	_	_	_
1	غیرعامل	_	_	_	_
2	درمقابل	_	_	_	_
3	تهاجم	_	_	_	_
4	دشمنان	_	_	_	_
5	علمی	_	_	_	_
6	،	_	_	_	_
7	جدی	_	_	_	_
8	و	_	_	_	_
9	همه‌جانبه	_	_	_	_
10	باشد	_	_	_	_
11	.	_	_	_	_

0	به	_	_	_	_
1	گزارش	_	_	_	_
2	پایگاه	_	_	_	_
3	اطلاع‌رسانی	_	_	_	_
4	دفتر	_	_	_	_
5	حفظ	_	_	_	_
6	و	_	_	_	_
7	نشر	_	_	_	_
8	آثار	_	_	_	_
9	رهبر	_	_	_	_
10	معظم	_	_	_	_
11	انقلاب	_	_	_	_
12	،	_	_	_	_
13	حضرت	_	_	_	_
14	آیت‌الله	_	_	_	_
15	خامنه‌ای	_	_	_	_
16	رهبر	_	_	_	_
17	معظم	_	_	_	_
18	انقلاب	_	_	_	_
19	اسلامی	_	_	_	_
20	ظهر	_	_	_	_
21	امروز	_	_	_	_
22	(	_	_	_	_
23	یکشنبه	_	_	_	_
24	6	_	_	_	_
25	آبان	_	_	_	_
26	)	_	_	_	_
27	در	_	_	_	_
28	این	_	_	_	_
29	دیدار	_	_	_	_
30	با	_	_	_	_
31	اشاره	_	_	_	_
32	به	_	_	_	_
33	اهمیت	_	_	_	_
34	روزافزون	_	_	_	_
35	پدافند	_	_	_	_
36	غیرعامل	_	_	_	_
37	در	_	_	_	_
38	مقابله	_	_	_	_
39	با	_	_	_	_
40	تهدیدهای	_	_	_	_
41	نو	_	_	_	_
42	شونده	_	_	_	_
43	دشمنان	_	_	_	_
44	،	_	_	_	_
45	تأکید	_	_	_	_
46	کردند	_	_	_	_
47	:	_	_	_	_

0	درمقابل	_	_	_	_
1	شیوه‌های	_	_	_	_
2	پیچیده	_	_	_	_
3	تهاجم	_	_	_	_
4	دشمنان	_	_	_	_
5	،	_	_	_	_
6	پدافند	_	_	_	_
7	غیرعامل	_	_	_	_
8	نیز	_	_	_	_
9	باید	_	_	_	_
10	کاملاً	_	_	_	_
11	هوشیار	_	_	_	_
12	و	_	_	_	_
13	جدی	_	_	_	_
14	باشد	_	_	_	_
15	و	_	_	_	_
16	به	_	_	_	_
17	صورت	_	_	_	_
18	علمی	_	_	_	_
19	،	_	_	_	_
20	دقیق	_	_	_	_
21	،	_	_	_	_
22	به‌روز	_	_	_	_
23	و	_	_	_	_
24	همه‌جانبه	_	_	_	_
25	عمل	_	_	_	_
26	و	_	_	_	_
27	با	_	_	_	_
28	هرگونه	_	_	_	_
29	نفوذ	_	_	_	_
30	مقابله	_	_	_	_
31	کند	_	_	_	_
32	.	_	_	_	_

0	حضرت	_	_	_	_
1	آیت‌الله	_	_	_	_
2	خامنه‌ای	_	_	_	_
3	توجه	_	_	_	_
4	مسئولان	_	_	_	_
5	در	_	_	_	_
6	همه	_	_	_	_
7	بخش‌ها	_	_	_	_
8	به	_	_	_	_
9	اهمیت	_	_	_	_
10	پدافند	_	_	_	_
11	غیرعامل	_	_	_	_
12	را	_	_	_	_
13	لازم	_	_	_	_
14	دانستند	_	_	_	_
15	و	_	_	_	_
16	افزودند	_	_	_	_
17	:	_	_	_	_

0	اگر	_	_	_	_
1	مدیران	_	_	_	_
2	کشور	_	_	_	_
3	اهمیت	_	_	_	_
4	این	_	_	_	_
5	مسئله	_	_	_	_
6	را	_	_	_	_
7	درک	_	_	_	_
8	نکنند	_	_	_	_
9	و	_	_	_	_
10	پدافند	_	_	_	_
11	غیرعامل	_	_	_	_
12	به	_	_	_	_
13	طور	_	_	_	_
14	شایسته	_	_	_	_
15	توسعه	_	_	_	_
16	پیدا	_	_	_	_
17	نکند	_	_	_	_
18	،	_	_	_	_
19	کشور	_	_	_	_
20	در	_	_	_	_
21	معرض	_	_	_	_
22	تهدیدهای	_	_	_	_
23	بعضاً	_	_	_	_
24	غیرقابل‌جبران	_	_	_	_
25	قرار	_	_	_	_
26	خواهد گرفت	_	_	_	_
27	،	_	_	_	_
28	بنابراین	_	_	_	_
29	مسئولان	_	_	_	_
30	بخش‌های	_	_	_	_
31	مختلف	_	_	_	_
32	کشور	_	_	_	_
33	چه	_	_	_	_
34	بخش‌های	_	_	_	_
35	نظامی	_	_	_	_
36	و	_	_	_	_
37	چه	_	_	_	_
38	بخش‌های	_	_	_	_
39	غیرنظامی	_	_	_	_
40	،	_	_	_	_
41	باید	_	_	_	_
42	با	_	_	_	_
43	پدافند	_	_	_	_
44	غیرعامل	_	_	_	_
45	همکاری	_	_	_	_
46	کامل	_	_	_	_
47	و	_	_	_	_
48	لازم	_	_	_	_
49	انجام	_	_	_	_
50	دهند	_	_	_	_
51	.	_	_	_	_

0	ایران	_	_	_	_
1	و	_	_	_	_
2	اتحادیه	_	_	_	_
3	اروپا	_	_	_	_
4	برای	_	_	_	_
5	رونمایی	_	_	_	_
6	از	_	_	_	_
7	یک	_	_	_	_
8	تونل	_	_	_	_
9	مالی	_	_	_	_
10	ویژه	_	_	_	_
11	،	_	_	_	_
12	با	_	_	_	_
13	هدف	_	_	_	_
14	خنثی‌سازی	_	_	_	_
15	اثر	_	_	_	_
16	تحریم‌های	_	_	_	_
17	آمریکا	_	_	_	_
18	و	_	_	_	_
19	هموار	_	_	_	_
20	شدن	_	_	_	_
21	راه	_	_	_	_
22	تجارت	_	_	_	_
23	بین	_	_	_	_
24	کشورمان	_	_	_	_
25	با	_	_	_	_
26	جهان	_	_	_	_
27	آماده	_	_	_	_
28	می‌شوند	_	_	_	_
29	.	_	_	_	_

0	ایجاد	_	_	_	_
1	کانال	_	_	_	_
2	ویژه	_	_	_	_
3	مالی	_	_	_	_
4	اروپا	_	_	_	_
5	یکی	_	_	_	_
6	از	_	_	_	_
7	گام‌های	_	_	_	_
8	عملی	_	_	_	_
9	برای	_	_	_	_
10	حفظ	_	_	_	_
11	برجام	_	_	_	_
12	و	_	_	_	_
13	بهره‌مندی	_	_	_	_
14	ایران	_	_	_	_
15	از	_	_	_	_
16	منافع	_	_	_	_
17	اقتصادی	_	_	_	_
18	آن	_	_	_	_
19	ازجمله	_	_	_	_
20	ایمن	_	_	_	_
21	ماندن	_	_	_	_
22	مسیر	_	_	_	_
23	فروش	_	_	_	_
24	نفت	_	_	_	_
25	و	_	_	_	_
26	دیگر	_	_	_	_
27	کالاهای	_	_	_	_
28	صادراتی	_	_	_	_
29	به	_	_	_	_
30	اروپا	_	_	_	_
31	و	_	_	_	_
32	البته	_	_	_	_
33	سایر	_	_	_	_
34	کشورها	_	_	_	_
35	به‌شمار	_	_	_	_
36	می‌رود	_	_	_	_
37	و	_	_	_	_
38	قرار	_	_	_	_
39	است	_	_	_	_
40	مبنای	_	_	_	_
41	ردوبدل	_	_	_	_
42	مالی	_	_	_	_
43	در	_	_	_	_
44	این	_	_	_	_
45	کانال	_	_	_	_
46	ویژه	_	_	_	_
47	براساس	_	_	_	_
48	یورو	_	_	_	_
49	و	_	_	_	_
50	نه	_	_	_	_
51	دلار	_	_	_	_
52	صورت	_	_	_	_
53	گیرد	_	_	_	_
54	.	_	_	_	_

0	به‌گزارش	_	_	_	_
1	همشهری	_	_	_	_
2	،	_	_	_	_
3	عبدالناصر	_	_	_	_
4	همتی	_	_	_	_
5	،	_	_	_	_
6	رئیس‌کل	_	_	_	_
7	بانک	_	_	_	_
8	مرکزی	_	_	_	_
9	ایران	_	_	_	_
10	در	_	_	_	_
11	تازه‌ترین	_	_	_	_
12	واکنش	_	_	_	_
13	به	_	_	_	_
14	این	_	_	_	_
15	موضوع	_	_	_	_
16	گفته است	_	_	_	_
17	جزئیات	_	_	_	_
18	و	_	_	_	_
19	نحوه	_	_	_	_
20	استفاده	_	_	_	_
21	از	_	_	_	_
22	کانال	_	_	_	_
23	ویژه	_	_	_	_
24	مالی	_	_	_	_
25	اروپا	_	_	_	_
26	هفته	_	_	_	_
27	آینده	_	_	_	_
28	در	_	_	_	_
29	جریان	_	_	_	_
30	یک	_	_	_	_
31	نشست	_	_	_	_
32	که	_	_	_	_
33	در	_	_	_	_
34	شهر	_	_	_	_
35	بروکسل	_	_	_	_
36	بلژیک	_	_	_	_
37	،	_	_	_	_
38	مقر	_	_	_	_
39	اتحادیه	_	_	_	_
40	اروپا	_	_	_	_
41	برگزار	_	_	_	_
42	می‌شود	_	_	_	_
43	،	_	_	_	_
44	نهایی	_	_	_	_
45	خواهد شد	_	_	_	_
46	.	_	_	_	_

0	او	_	_	_	_
1	وعده	_	_	_	_
2	داده	_	_	_	_
3	جزئیات	_	_	_	_
4	این	_	_	_	_
5	کانال	_	_	_	_
6	ضد	_	_	_	_
7	‌تحریم	_	_	_	_
8	به‌زودی	_	_	_	_
9	اعلام	_	_	_	_
10	خواهد شد	_	_	_	_
11	.	_	_	_	_

0	به	_	_	_	_
1	گفته	_	_	_	_
2	این	_	_	_	_
3	مقام	_	_	_	_
4	ارشد	_	_	_	_
5	بانک	_	_	_	_
6	مرکزی	_	_	_	_
7	،	_	_	_	_
8	جزئیات	_	_	_	_
9	این	_	_	_	_
10	کانال	_	_	_	_
11	هفته	_	_	_	_
12	آینده	_	_	_	_
13	بین	_	_	_	_
14	ایران	_	_	_	_
15	و	_	_	_	_
16	اروپا	_	_	_	_
17	موردبررسی	_	_	_	_
18	نهایی	_	_	_	_
19	قرار	_	_	_	_
20	می‌گیرد	_	_	_	_
21	و	_	_	_	_
22	هدف	_	_	_	_
23	نخست	_	_	_	_
24	آن	_	_	_	_
25	رفع	_	_	_	_
26	مشکلات	_	_	_	_
27	مربوط	_	_	_	_
28	به	_	_	_	_
29	انجام	_	_	_	_
30	پرداخت‌های	_	_	_	_
31	مالی	_	_	_	_
32	است	_	_	_	_
33	.	_	_	_	_

0	او	_	_	_	_
1	در	_	_	_	_
2	صفحه	_	_	_	_
3	اینستاگرام	_	_	_	_
4	خود	_	_	_	_
5	نوشته است	_	_	_	_
6	:	_	_	_	_

0	کانال	_	_	_	_
1	ویژه	_	_	_	_
2	مالی	_	_	_	_
3	اروپا	_	_	_	_
4	،	_	_	_	_
5	نقش	_	_	_	_
6	نوعی	_	_	_	_
7	پیمان	_	_	_	_
8	پولی	_	_	_	_
9	دوجانبه	_	_	_	_
10	میان	_	_	_	_
11	ایران	_	_	_	_
12	و	_	_	_	_
13	اتحادیه	_	_	_	_
14	اروپا	_	_	_	_
15	را	_	_	_	_
16	ایفا	_	_	_	_
17	خواهد کرد	_	_	_	_
18	و	_	_	_	_
19	هر	_	_	_	_
20	دو	_	_	_	_
21	طرف	_	_	_	_
22	بر	_	_	_	_
23	تسریع	_	_	_	_
24	در	_	_	_	_
25	عملیاتی	_	_	_	_
26	شدن	_	_	_	_
27	این	_	_	_	_
28	فرایند	_	_	_	_
29	تأکید	_	_	_	_
30	دارند	_	_	_	_
31	.	_	_	_	_

0	پیش‌تر	_	_	_	_
1	در	_	_	_	_
2	هفته	_	_	_	_
3	نخست	_	_	_	_
4	مهرماه	_	_	_	_
5	فدریکا	_	_	_	_
6	موگرینی	_	_	_	_
7	،	_	_	_	_
8	مسئول	_	_	_	_
9	سیاست	_	_	_	_
10	خارجی	_	_	_	_
11	اتحادیه	_	_	_	_
12	اروپا	_	_	_	_
13	،	_	_	_	_
14	قول	_	_	_	_
15	داده بود	_	_	_	_
16	که	_	_	_	_
17	کانال	_	_	_	_
18	ویژه	_	_	_	_
19	مالی	_	_	_	_
20	اروپا	_	_	_	_
21	تا	_	_	_	_
22	قبل‌از	_	_	_	_
23	10	_	_	_	_
24	آبان	_	_	_	_
25	یعنی	_	_	_	_
26	چند	_	_	_	_
27	روز	_	_	_	_
28	مانده	_	_	_	_
29	به	_	_	_	_
30	اعمال	_	_	_	_
31	مرحله	_	_	_	_
32	دوم	_	_	_	_
33	تحریم‌های	_	_	_	_
34	یک‌جانبه	_	_	_	_
35	و	_	_	_	_
36	فراسرزمینی	_	_	_	_
37	آمریکا	_	_	_	_
38	علیه	_	_	_	_
39	ایران	_	_	_	_
40	ایجاد	_	_	_	_
41	شود	_	_	_	_
42	.	_	_	_	_

0	ایجاد	_	_	_	_
1	کانال	_	_	_	_
2	ویژه	_	_	_	_
3	مالی	_	_	_	_
4	برمبنای	_	_	_	_
5	الگوی	_	_	_	_
6	پیمان	_	_	_	_
7	دوجانبه	_	_	_	_
8	پولی	_	_	_	_
9	به	_	_	_	_
10	این	_	_	_	_
11	معناست	_	_	_	_
12	که	_	_	_	_
13	بین	_	_	_	_
14	ایران	_	_	_	_
15	به‌عنوان	_	_	_	_
16	کشور	_	_	_	_
17	صادرکننده	_	_	_	_
18	نفت	_	_	_	_
19	و	_	_	_	_
20	سایر	_	_	_	_
21	کالاها	_	_	_	_
22	و	_	_	_	_
23	کشور	_	_	_	_
24	خریدار	_	_	_	_
25	،	_	_	_	_
26	پول	_	_	_	_
27	ملی	_	_	_	_
28	2	_	_	_	_
29	کشور	_	_	_	_
30	مبنای	_	_	_	_
31	عمل	_	_	_	_
32	تسویه‌حساب	_	_	_	_
33	قرار	_	_	_	_
34	می‌گیرد	_	_	_	_
35	اما	_	_	_	_
36	پیش‌از	_	_	_	_
37	این	_	_	_	_
38	اعلام	_	_	_	_
39	شده بود	_	_	_	_
40	که	_	_	_	_
41	سازوکار	_	_	_	_
42	مالی	_	_	_	_
43	پیشنهادشده	_	_	_	_
44	ازسوی	_	_	_	_
45	اروپا	_	_	_	_
46	برمبنای	_	_	_	_
47	یورو	_	_	_	_
48	به‌معناًی	_	_	_	_
49	واحد	_	_	_	_
50	پولی	_	_	_	_
51	این	_	_	_	_
52	قاره	_	_	_	_
53	خواهد بود	_	_	_	_
54	و	_	_	_	_
55	اجرایی	_	_	_	_
56	شدن	_	_	_	_
57	آن	_	_	_	_
58	مستلزم	_	_	_	_
59	همکاری	_	_	_	_
60	بانک‌های	_	_	_	_
61	مرکزی	_	_	_	_
62	ایران	_	_	_	_
63	با	_	_	_	_
64	دیگر	_	_	_	_
65	بانک‌های	_	_	_	_
66	مرکزی	_	_	_	_
67	اروپا	_	_	_	_
68	ست	_	_	_	_
69	.	_	_	_	_

0	ایرنا	_	_	_	_
1	گزارش	_	_	_	_
2	داده	_	_	_	_
3	در	_	_	_	_
4	قالب	_	_	_	_
5	سازوکار	_	_	_	_
6	مالی	_	_	_	_
7	پیشنهادی	_	_	_	_
8	اروپا	_	_	_	_
9	،	_	_	_	_
10	ایران	_	_	_	_
11	می‌تواند	_	_	_	_
12	کالاها	_	_	_	_
13	ازجمله	_	_	_	_
14	نفت	_	_	_	_
15	و	_	_	_	_
16	فرآورده‌های	_	_	_	_
17	نفتی	_	_	_	_
18	را	_	_	_	_
19	به	_	_	_	_
20	اروپا	_	_	_	_
21	صادر	_	_	_	_
22	و	_	_	_	_
23	درقبال	_	_	_	_
24	آن	_	_	_	_
25	کالاها	_	_	_	_
26	و	_	_	_	_
27	خدمات	_	_	_	_
28	موردنیاز	_	_	_	_
29	را	_	_	_	_
30	از	_	_	_	_
31	کشورهای	_	_	_	_
32	اروپایی	_	_	_	_
33	خریداری	_	_	_	_
34	کند	_	_	_	_
35	و	_	_	_	_
36	تهاتر	_	_	_	_
37	دریافت	_	_	_	_
38	و	_	_	_	_
39	پرداخت‌ها	_	_	_	_
40	بین	_	_	_	_
41	بانک‌های	_	_	_	_
42	مرکزی	_	_	_	_
43	و	_	_	_	_
44	نه	_	_	_	_
45	شبکه	_	_	_	_
46	بانکی	_	_	_	_
47	صورت	_	_	_	_
48	می‌پذیرد	_	_	_	_
49	.	_	_	_	_

0	«	_	_	_	_
1	آلبرت	_	_	_	_
2	بغزیان	_	_	_	_
3	»	_	_	_	_
4	استاد	_	_	_	_
5	اقتصاد	_	_	_	_
6	دانشگاه	_	_	_	_
7	تهران	_	_	_	_
8	می‌گوید	_	_	_	_
9	:	_	_	_	_

0	اگر	_	_	_	_
1	اروپا	_	_	_	_
2	بخواهد	_	_	_	_
3	و	_	_	_	_
4	از	_	_	_	_
5	آمریکا	_	_	_	_
6	ترس	_	_	_	_
7	نداشته باشد	_	_	_	_
8	،	_	_	_	_
9	به‌راحتی	_	_	_	_
10	می‌تواند	_	_	_	_
11	این	_	_	_	_
12	کانال	_	_	_	_
13	ارتباط	_	_	_	_
14	مالی	_	_	_	_
15	یورویی	_	_	_	_
16	را	_	_	_	_
17	با	_	_	_	_
18	ایران	_	_	_	_
19	برقرار	_	_	_	_
20	کند	_	_	_	_
21	؛	_	_	_	_
22	چون	_	_	_	_
23	حساب‌ها	_	_	_	_
24	بر	_	_	_	_
25	پایه	_	_	_	_
26	یورو	_	_	_	_
27	نگهداری	_	_	_	_
28	می‌شود	_	_	_	_
29	،	_	_	_	_
30	به‌راحتی	_	_	_	_
31	می‌توان	_	_	_	_
32	درآمد	_	_	_	_
33	حاصل	_	_	_	_
34	از	_	_	_	_
35	صادرات	_	_	_	_
36	ایران	_	_	_	_
37	را	_	_	_	_
38	با	_	_	_	_
39	واردات	_	_	_	_
40	کالاها	_	_	_	_
41	و	_	_	_	_
42	خدمات	_	_	_	_
43	از	_	_	_	_
44	حوزه	_	_	_	_
45	اروپا	_	_	_	_
46	تهاتر	_	_	_	_
47	کرد	_	_	_	_
48	.	_	_	_	_

0	عباس	_	_	_	_
1	هشی	_	_	_	_
2	،	_	_	_	_
3	کارشناس	_	_	_	_
4	اقتصادی	_	_	_	_
5	هم	_	_	_	_
6	توضیح	_	_	_	_
7	می‌دهد	_	_	_	_
8	این	_	_	_	_
9	کانال	_	_	_	_
10	یورویی	_	_	_	_
11	اختراع	_	_	_	_
12	جدیدی	_	_	_	_
13	نیست	_	_	_	_
14	و	_	_	_	_
15	عملکرد	_	_	_	_
16	آن	_	_	_	_
17	همچون	_	_	_	_
18	اتاق‌های	_	_	_	_
19	تسویه	_	_	_	_
20	پایاپای	_	_	_	_
21	در	_	_	_	_
22	زمان	_	_	_	_
23	جنگ	_	_	_	_
24	تحمیلی	_	_	_	_
25	خواهد بود	_	_	_	_
26	.	_	_	_	_

0	معاون	_	_	_	_
1	بین‌الملل	_	_	_	_
2	بانک	_	_	_	_
3	مرکزی	_	_	_	_
4	می‌گوید	_	_	_	_
5	:	_	_	_	_

0	آمریکایی‌ها	_	_	_	_
1	پیش‌از	_	_	_	_
2	١٣	_	_	_	_
3	آبان	_	_	_	_
4	هرچه	_	_	_	_
5	در	_	_	_	_
6	توان	_	_	_	_
7	داشتند	_	_	_	_
8	،	_	_	_	_
9	انجام	_	_	_	_
10	دادند	_	_	_	_
11	اما	_	_	_	_
12	با	_	_	_	_
13	برنامه‌ریزی‌ها	_	_	_	_
14	،	_	_	_	_
15	تلاش	_	_	_	_
16	داریم	_	_	_	_
17	هزینه‌های	_	_	_	_
18	تحریم	_	_	_	_
19	را	_	_	_	_
20	کاهش	_	_	_	_
21	داده	_	_	_	_
22	و	_	_	_	_
23	اجازه	_	_	_	_
24	ندهیم	_	_	_	_
25	جریان	_	_	_	_
26	تجاری	_	_	_	_
27	کشور	_	_	_	_
28	متوقف	_	_	_	_
29	شود	_	_	_	_
30	؛	_	_	_	_
31	ضمن	_	_	_	_
32	آنکه	_	_	_	_
33	اروپایی‌ها	_	_	_	_
34	به	_	_	_	_
35	چند	_	_	_	_
36	دلیل	_	_	_	_
37	نمی‌خواهند	_	_	_	_
38	تجارت	_	_	_	_
39	با	_	_	_	_
40	ایران	_	_	_	_
41	را	_	_	_	_
42	رها	_	_	_	_
43	کنند	_	_	_	_
44	.	_	_	_	_

0	براساس	_	_	_	_
1	اعلام	_	_	_	_
2	بانک	_	_	_	_
3	صادرات	_	_	_	_
4	ایران	_	_	_	_
5	،	_	_	_	_
6	حسین	_	_	_	_
7	یعقوبی	_	_	_	_
8	میاب	_	_	_	_
9	تأکید	_	_	_	_
10	می‌کند	_	_	_	_
11	:	_	_	_	_

0	تحریم‌های	_	_	_	_
1	اخیر	_	_	_	_
2	مانند	_	_	_	_
3	تحریم‌های	_	_	_	_
4	سازمان	_	_	_	_
5	ملل	_	_	_	_
6	گسترده	_	_	_	_
7	نیست	_	_	_	_
8	و	_	_	_	_
9	به	_	_	_	_
10	همین	_	_	_	_
11	دلیل	_	_	_	_
12	ابزارهای	_	_	_	_
13	بهتری	_	_	_	_
14	برای	_	_	_	_
15	مقابله	_	_	_	_
16	با	_	_	_	_
17	آنها	_	_	_	_
18	در	_	_	_	_
19	اختیار	_	_	_	_
20	داریم	_	_	_	_
21	.	_	_	_	_

0	معاون	_	_	_	_
1	بین‌الملل	_	_	_	_
2	بانک	_	_	_	_
3	مرکزی	_	_	_	_
4	تأکید	_	_	_	_
5	می‌کند	_	_	_	_
6	:	_	_	_	_

0	دولت	_	_	_	_
1	آمریکا	_	_	_	_
2	سعی	_	_	_	_
3	کرده است	_	_	_	_
4	با	_	_	_	_
5	خروج	_	_	_	_
6	از	_	_	_	_
7	برجام	_	_	_	_
8	،	_	_	_	_
9	اقتصاد	_	_	_	_
10	ایران	_	_	_	_
11	را	_	_	_	_
12	دچار	_	_	_	_
13	اختلال	_	_	_	_
14	کند	_	_	_	_
15	اما	_	_	_	_
16	حضور	_	_	_	_
17	اروپایی‌ها	_	_	_	_
18	و	_	_	_	_
19	تعهداتی	_	_	_	_
20	که	_	_	_	_
21	دادند	_	_	_	_
22	،	_	_	_	_
23	فشار	_	_	_	_
24	را	_	_	_	_
25	کم‌تر	_	_	_	_
26	کرد	_	_	_	_
27	؛	_	_	_	_
28	تا	_	_	_	_
29	زمانی‌که	_	_	_	_
30	اروپایی‌ها	_	_	_	_
31	حضور	_	_	_	_
32	دارند	_	_	_	_
33	معافیت‌های	_	_	_	_
34	خوب	_	_	_	_
35	همچنان	_	_	_	_
36	وجود	_	_	_	_
37	خواهد داشت	_	_	_	_
38	.	_	_	_	_

0	یعقوبی	_	_	_	_
1	می‌افزاید	_	_	_	_
2	:	_	_	_	_

0	تصور	_	_	_	_
1	می‌کنم	_	_	_	_
2	اروپایی‌ها	_	_	_	_
3	به	_	_	_	_
4	2	_	_	_	_
5	دلیل	_	_	_	_
6	به‌زودی	_	_	_	_
7	کنار	_	_	_	_
8	نخواهند رفت	_	_	_	_
9	؛	_	_	_	_
10	نخست	_	_	_	_
11	به‌واسطه	_	_	_	_
12	جنگ	_	_	_	_
13	تجاری	_	_	_	_
14	آنها	_	_	_	_
15	با	_	_	_	_
16	آمریکا	_	_	_	_
17	و	_	_	_	_
18	دوم	_	_	_	_
19	اینکه	_	_	_	_
20	به‌دنبال	_	_	_	_
21	تقویت	_	_	_	_
22	جایگاه	_	_	_	_
23	اروپا	_	_	_	_
24	در	_	_	_	_
25	فضای	_	_	_	_
26	اقتصاد	_	_	_	_
27	بین‌الملل	_	_	_	_
28	هستند	_	_	_	_
29	.	_	_	_	_

0	رویترز	_	_	_	_
1	به	_	_	_	_
2	نقل	_	_	_	_
3	از	_	_	_	_
4	3	_	_	_	_
5	دیپلمات	_	_	_	_
6	اروپایی	_	_	_	_
7	گزارش	_	_	_	_
8	داد	_	_	_	_
9	:	_	_	_	_

0	کانال	_	_	_	_
1	مالی	_	_	_	_
2	یا	_	_	_	_
3	سازوکار	_	_	_	_
4	اتحادیه	_	_	_	_
5	اروپا	_	_	_	_
6	برای	_	_	_	_
7	تسهیل	_	_	_	_
8	پرداخت	_	_	_	_
9	پول	_	_	_	_
10	اقلام	_	_	_	_
11	صادراتی	_	_	_	_
12	ایران	_	_	_	_
13	به	_	_	_	_
14	اروپا	_	_	_	_
15	با	_	_	_	_
16	هدف	_	_	_	_
17	عبور	_	_	_	_
18	از	_	_	_	_
19	تحریم‌های	_	_	_	_
20	آمریکا	_	_	_	_
21	،	_	_	_	_
22	تا	_	_	_	_
23	سیزدهم	_	_	_	_
24	آبان	_	_	_	_
25	به	_	_	_	_
26	شکل	_	_	_	_
27	نمادین	_	_	_	_
28	آماده	_	_	_	_
29	می‌شود	_	_	_	_
30	اما	_	_	_	_
31	عملیاتی	_	_	_	_
32	شدن	_	_	_	_
33	آن	_	_	_	_
34	تا	_	_	_	_
35	اوایل	_	_	_	_
36	زمستان	_	_	_	_
37	سال‌جاری	_	_	_	_
38	طول	_	_	_	_
39	می‌کشد	_	_	_	_
40	.	_	_	_	_

0	وزیر	_	_	_	_
1	امور	_	_	_	_
2	اقتصادی	_	_	_	_
3	و	_	_	_	_
4	دارایی	_	_	_	_
5	با	_	_	_	_
6	بیان	_	_	_	_
7	اینکه	_	_	_	_
8	تحریمی	_	_	_	_
9	که	_	_	_	_
10	می‌خواهند	_	_	_	_
11	در	_	_	_	_
12	۱۳	_	_	_	_
13	آبان	_	_	_	_
14	اعلام	_	_	_	_
15	کنند	_	_	_	_
16	قبلا	_	_	_	_
17	اجرایی	_	_	_	_
18	کرده‌اند	_	_	_	_
19	،	_	_	_	_
20	گفت	_	_	_	_
21	:	_	_	_	_

0	اولین	_	_	_	_
1	برنامه	_	_	_	_
2	مدنظر	_	_	_	_
3	،	_	_	_	_
4	تامین	_	_	_	_
5	مالی	_	_	_	_
6	اقتصادی	_	_	_	_
7	و	_	_	_	_
8	دومین	_	_	_	_
9	کار	_	_	_	_
10	بهبود	_	_	_	_
11	فضای	_	_	_	_
12	کسب‌وکار	_	_	_	_
13	اقتصادی	_	_	_	_
14	ازطریق	_	_	_	_
15	تسهیل	_	_	_	_
16	شرایط	_	_	_	_
17	گمرکی	_	_	_	_
18	است	_	_	_	_
19	.	_	_	_	_

0	به	_	_	_	_
1	گزارش	_	_	_	_
2	فارس	_	_	_	_
3	،	_	_	_	_
4	فرهاد	_	_	_	_
5	دژ	_	_	_	_
6	پسند	_	_	_	_
7	وزیر	_	_	_	_
8	امور	_	_	_	_
9	اقتصادی	_	_	_	_
10	و	_	_	_	_
11	دارایی	_	_	_	_
12	با	_	_	_	_
13	بیان	_	_	_	_
14	اینکه	_	_	_	_
15	تحریمی	_	_	_	_
16	که	_	_	_	_
17	می‌خواهند	_	_	_	_
18	در	_	_	_	_
19	۱۳	_	_	_	_
20	آبان	_	_	_	_
21	اعلام	_	_	_	_
22	کنند	_	_	_	_
23	،	_	_	_	_
24	قبلا	_	_	_	_
25	اجرایی	_	_	_	_
26	کرده‌اند	_	_	_	_
27	،	_	_	_	_
28	گفت	_	_	_	_
29	:	_	_	_	_

0	در	_	_	_	_
1	وزارت	_	_	_	_
2	امور	_	_	_	_
3	اقتصادی	_	_	_	_
4	و	_	_	_	_
5	دارایی	_	_	_	_
6	در	_	_	_	_
7	حال	_	_	_	_
8	رصد	_	_	_	_
9	برنامه‌های	_	_	_	_
10	دشمن	_	_	_	_
11	و	_	_	_	_
12	در	_	_	_	_
13	حال	_	_	_	_
14	آماده‌سازی	_	_	_	_
15	بسته‌هایی	_	_	_	_
16	برای	_	_	_	_
17	مواجهه	_	_	_	_
18	با	_	_	_	_
19	این	_	_	_	_
20	دشمنی‌ها	_	_	_	_
21	هستیم	_	_	_	_
22	.	_	_	_	_

0	دژ	_	_	_	_
1	پسند	_	_	_	_
2	درباره	_	_	_	_
3	برنامه‌های	_	_	_	_
4	اصلی	_	_	_	_
5	خود	_	_	_	_
6	در	_	_	_	_
7	وزارت	_	_	_	_
8	امور	_	_	_	_
9	اقتصادی	_	_	_	_
10	و	_	_	_	_
11	دارایی	_	_	_	_
12	گفت	_	_	_	_
13	:	_	_	_	_

0	طبیعی	_	_	_	_
1	است	_	_	_	_
2	که	_	_	_	_
3	در	_	_	_	_
4	این	_	_	_	_
5	شرایط	_	_	_	_
6	همه	_	_	_	_
7	انتظار	_	_	_	_
8	دارند	_	_	_	_
9	که	_	_	_	_
10	باتوجه	_	_	_	_
11	به	_	_	_	_
12	تحریم‌های	_	_	_	_
13	دشمن	_	_	_	_
14	،	_	_	_	_
15	ببینند	_	_	_	_
16	ما	_	_	_	_
17	چه	_	_	_	_
18	برنامه‌ای	_	_	_	_
19	را	_	_	_	_
20	تدارک	_	_	_	_
21	دیدیم	_	_	_	_
22	.	_	_	_	_

0	وی	_	_	_	_
1	افزود	_	_	_	_
2	:	_	_	_	_

0	اولین	_	_	_	_
1	برنامه	_	_	_	_
2	مدنظر	_	_	_	_
3	،	_	_	_	_
4	تامین	_	_	_	_
5	مالی	_	_	_	_
6	اقتصادی	_	_	_	_
7	است	_	_	_	_
8	.	_	_	_	_

0	دومین	_	_	_	_
1	کار	_	_	_	_
2	بهبود	_	_	_	_
3	فضای	_	_	_	_
4	کسب‌وکار	_	_	_	_
5	اقتصادی	_	_	_	_
6	ازطریق	_	_	_	_
7	تسهیل	_	_	_	_
8	شرایط	_	_	_	_
9	گمرکی	_	_	_	_
10	است	_	_	_	_
11	.	_	_	_	_

0	سومین	_	_	_	_
1	کار	_	_	_	_
2	این	_	_	_	_
3	است	_	_	_	_
4	که	_	_	_	_
5	بتوانیم	_	_	_	_
6	سیاست‌های	_	_	_	_
7	خصوصی‌سازی	_	_	_	_
8	را	_	_	_	_
9	همان‌طور	_	_	_	_
10	که	_	_	_	_
11	دراصل	_	_	_	_
12	۴۴	_	_	_	_
13	آمده است	_	_	_	_
14	پیاده	_	_	_	_
15	کنیم	_	_	_	_
16	و	_	_	_	_
17	درنهایت	_	_	_	_
18	با	_	_	_	_
19	الکترونیکی	_	_	_	_
20	کردن	_	_	_	_
21	و	_	_	_	_
22	ساماندهی	_	_	_	_
23	مشخص	_	_	_	_
24	،	_	_	_	_
25	با	_	_	_	_
26	فساد	_	_	_	_
27	مقابله	_	_	_	_
28	کنیم	_	_	_	_
29	چراکه	_	_	_	_
30	فساد	_	_	_	_
31	،	_	_	_	_
32	اقتصاد	_	_	_	_
33	را	_	_	_	_
34	زمین‌گیر	_	_	_	_
35	می‌کند	_	_	_	_
36	.	_	_	_	_

0	امیدوارم	_	_	_	_
1	در	_	_	_	_
2	این	_	_	_	_
3	کارها	_	_	_	_
4	با	_	_	_	_
5	همکاری	_	_	_	_
6	دیگران	_	_	_	_
7	،	_	_	_	_
8	گام	_	_	_	_
9	بلندی	_	_	_	_
10	برداریم	_	_	_	_
11	.	_	_	_	_

0	=======	_	_	_	_
1	﻿مقام	_	_	_	_
2	معظم	_	_	_	_
3	رهبری	_	_	_	_
4	در	_	_	_	_
5	دیدار	_	_	_	_
6	رئیس	_	_	_	_
7	و	_	_	_	_
8	مسئولان	_	_	_	_
9	سازمان	_	_	_	_
10	پدافند	_	_	_	_
11	غیرعامل	_	_	_	_
12	اظهار	_	_	_	_
13	داشتند	_	_	_	_
14	:	_	_	_	_

0	پدافند	_	_	_	_
1	غیرعامل	_	_	_	_
2	درمقابل	_	_	_	_
3	تهاجم	_	_	_	_
4	دشمنان	_	_	_	_
5	علمی	_	_	_	_
6	،	_	_	_	_
7	جدی	_	_	_	_
8	و	_	_	_	_
9	همه‌جانبه	_	_	_	_
10	باشد	_	_	_	_
11	.	_	_	_	_

0	به	_	_	_	_
1	گزارش	_	_	_	_
2	پایگاه	_	_	_	_
3	اطلاع‌رسانی	_	_	_	_
4	دفتر	_	_	_	_
5	حفظ	_	_	_	_
6	و	_	_	_	_
7	نشر	_	_	_	_
8	آثار	_	_	_	_
9	رهبر	_	_	_	_
10	معظم	_	_	_	_
11	انقلاب	_	_	_	_
12	،	_	_	_	_
13	حضرت	_	_	_	_
14	آیت‌الله	_	_	_	_
15	خامنه‌ای	_	_	_	_
16	رهبر	_	_	_	_
17	معظم	_	_	_	_
18	انقلاب	_	_	_	_
19	اسلامی	_	_	_	_
20	ظهر	_	_	_	_
21	امروز	_	_	_	_
22	(	_	_	_	_
23	یکشنبه	_	_	_	_
24	6	_	_	_	_
25	آبان	_	_	_	_
26	)	_	_	_	_
27	در	_	_	_	_
28	این	_	_	_	_
29	دیدار	_	_	_	_
30	با	_	_	_	_
31	اشاره	_	_	_	_
32	به	_	_	_	_
33	اهمیت	_	_	_	_
34	روزافزون	_	_	_	_
35	پدافند	_	_	_	_
36	غیرعامل	_	_	_	_
37	در	_	_	_	_
38	مقابله	_	_	_	_
39	با	_	_	_	_
40	تهدیدهای	_	_	_	_
41	نو	_	_	_	_
42	شونده	_	_	_	_
43	دشمنان	_	_	_	_
44	،	_	_	_	_
45	تأکید	_	_	_	_
46	کردند	_	_	_	_
47	:	_	_	_	_

0	درمقابل	_	_	_	_
1	شیوه‌های	_	_	_	_
2	پیچیده	_	_	_	_
3	تهاجم	_	_	_	_
4	دشمنان	_	_	_	_
5	،	_	_	_	_
6	پدافند	_	_	_	_
7	غیرعامل	_	_	_	_
8	نیز	_	_	_	_
9	باید	_	_	_	_
10	کاملاً	_	_	_	_
11	هوشیار	_	_	_	_
12	و	_	_	_	_
13	جدی	_	_	_	_
14	باشد	_	_	_	_
15	و	_	_	_	_
16	به	_	_	_	_
17	صورت	_	_	_	_
18	علمی	_	_	_	_
19	،	_	_	_	_
20	دقیق	_	_	_	_
21	،	_	_	_	_
22	به‌روز	_	_	_	_
23	و	_	_	_	_
24	همه‌جانبه	_	_	_	_
25	عمل	_	_	_	_
26	و	_	_	_	_
27	با	_	_	_	_
28	هرگونه	_	_	_	_
29	نفوذ	_	_	_	_
30	مقابله	_	_	_	_
31	کند	_	_	_	_
32	.	_	_	_	_

0	حضرت	_	_	_	_
1	آیت‌الله	_	_	_	_
2	خامنه‌ای	_	_	_	_
3	توجه	_	_	_	_
4	مسئولان	_	_	_	_
5	در	_	_	_	_
6	همه	_	_	_	_
7	بخش‌ها	_	_	_	_
8	به	_	_	_	_
9	اهمیت	_	_	_	_
10	پدافند	_	_	_	_
11	غیرعامل	_	_	_	_
12	را	_	_	_	_
13	لازم	_	_	_	_
14	دانستند	_	_	_	_
15	و	_	_	_	_
16	افزودند	_	_	_	_
17	:	_	_	_	_

0	اگر	_	_	_	_
1	مدیران	_	_	_	_
2	کشور	_	_	_	_
3	اهمیت	_	_	_	_
4	این	_	_	_	_
5	مسئله	_	_	_	_
6	را	_	_	_	_
7	درک	_	_	_	_
8	نکنند	_	_	_	_
9	و	_	_	_	_
10	پدافند	_	_	_	_
11	غیرعامل	_	_	_	_
12	به	_	_	_	_
13	طور	_	_	_	_
14	شایسته	_	_	_	_
15	توسعه	_	_	_	_
16	پیدا	_	_	_	_
17	نکند	_	_	_	_
18	،	_	_	_	_
19	کشور	_	_	_	_
20	در	_	_	_	_
21	معرض	_	_	_	_
22	تهدیدهای	_	_	_	_
23	بعضاً	_	_	_	_
24	غیرقابل‌جبران	_	_	_	_
25	قرار	_	_	_	_
26	خواهد گرفت	_	_	_	_
27	،	_	_	_	_
28	بنابراین	_	_	_	_
29	مسئولان	_	_	_	_
30	بخش‌های	_	_	_	_
31	مختلف	_	_	_	_
32	کشور	_	_	_	_
33	چه	_	_	_	_
34	بخش‌های	_	_	_	_
35	نظامی	_	_	_	_
36	و	_	_	_	_
37	چه	_	_	_	_
38	بخش‌های	_	_	_	_
39	غیرنظامی	_	_	_	_
40	،	_	_	_	_
41	باید	_	_	_	_
42	با	_	_	_	_
43	پدافند	_	_	_	_
44	غیرعامل	_	_	_	_
45	همکاری	_	_	_	_
46	کامل	_	_	_	_
47	و	_	_	_	_
48	لازم	_	_	_	_
49	انجام	_	_	_	_
50	دهند	_	_	_	_
51	.	_	_	_	_

0	ایران	_	_	_	_
1	و	_	_	_	_
2	اتحادیه	_	_	_	_
3	اروپا	_	_	_	_
4	برای	_	_	_	_
5	رونمایی	_	_	_	_
6	از	_	_	_	_
7	یک	_	_	_	_
8	تونل	_	_	_	_
9	مالی	_	_	_	_
10	ویژه	_	_	_	_
11	،	_	_	_	_
12	با	_	_	_	_
13	هدف	_	_	_	_
14	خنثی‌سازی	_	_	_	_
15	اثر	_	_	_	_
16	تحریم‌های	_	_	_	_
17	آمریکا	_	_	_	_
18	و	_	_	_	_
19	هموار	_	_	_	_
20	شدن	_	_	_	_
21	راه	_	_	_	_
22	تجارت	_	_	_	_
23	بین	_	_	_	_
24	کشورمان	_	_	_	_
25	با	_	_	_	_
26	جهان	_	_	_	_
27	آماده	_	_	_	_
28	می‌شوند	_	_	_	_
29	.	_	_	_	_

0	ایجاد	_	_	_	_
1	کانال	_	_	_	_
2	ویژه	_	_	_	_
3	مالی	_	_	_	_
4	اروپا	_	_	_	_
5	یکی	_	_	_	_
6	از	_	_	_	_
7	گام‌های	_	_	_	_
8	عملی	_	_	_	_
9	برای	_	_	_	_
10	حفظ	_	_	_	_
11	برجام	_	_	_	_
12	و	_	_	_	_
13	بهره‌مندی	_	_	_	_
14	ایران	_	_	_	_
15	از	_	_	_	_
16	منافع	_	_	_	_
17	اقتصادی	_	_	_	_
18	آن	_	_	_	_
19	ازجمله	_	_	_	_
20	ایمن	_	_	_	_
21	ماندن	_	_	_	_
22	مسیر	_	_	_	_
23	فروش	_	_	_	_
24	نفت	_	_	_	_
25	و	_	_	_	_
26	دیگر	_	_	_	_
27	کالاهای	_	_	_	_
28	صادراتی	_	_	_	_
29	به	_	_	_	_
30	اروپا	_	_	_	_
31	و	_	_	_	_
32	البته	_	_	_	_
33	سایر	_	_	_	_
34	کشورها	_	_	_	_
35	به‌شمار	_	_	_	_
36	می‌رود	_	_	_	_
37	و	_	_	_	_
38	قرار	_	_	_	_
39	است	_	_	_	_
40	مبنای	_	_	_	_
41	ردوبدل	_	_	_	_
42	مالی	_	_	_	_
43	در	_	_	_	_
44	این	_	_	_	_
45	کانال	_	_	_	_
46	ویژه	_	_	_	_
47	براساس	_	_	_	_
48	یورو	_	_	_	_
49	و	_	_	_	_
50	نه	_	_	_	_
51	دلار	_	_	_	_
52	صورت	_	_	_	_
53	گیرد	_	_	_	_
54	.	_	_	_	_

0	به‌گزارش	_	_	_	_
1	همشهری	_	_	_	_
2	،	_	_	_	_
3	عبدالناصر	_	_	_	_
4	همتی	_	_	_	_
5	،	_	_	_	_
6	رئیس‌کل	_	_	_	_
7	بانک	_	_	_	_
8	مرکزی	_	_	_	_
9	ایران	_	_	_	_
10	در	_	_	_	_
11	تازه‌ترین	_	_	_	_
12	واکنش	_	_	_	_
13	به	_	_	_	_
14	این	_	_	_	_
15	موضوع	_	_	_	_
16	گفته است	_	_	_	_
17	جزئیات	_	_	_	_
18	و	_	_	_	_
19	نحوه	_	_	_	_
20	استفاده	_	_	_	_
21	از	_	_	_	_
22	کانال	_	_	_	_
23	ویژه	_	_	_	_
24	مالی	_	_	_	_
25	اروپا	_	_	_	_
26	هفته	_	_	_	_
27	آینده	_	_	_	_
28	در	_	_	_	_
29	جریان	_	_	_	_
30	یک	_	_	_	_
31	نشست	_	_	_	_
32	که	_	_	_	_
33	در	_	_	_	_
34	شهر	_	_	_	_
35	بروکسل	_	_	_	_
36	بلژیک	_	_	_	_
37	،	_	_	_	_
38	مقر	_	_	_	_
39	اتحادیه	_	_	_	_
40	اروپا	_	_	_	_
41	برگزار	_	_	_	_
42	می‌شود	_	_	_	_
43	،	_	_	_	_
44	نهایی	_	_	_	_
45	خواهد شد	_	_	_	_
46	.	_	_	_	_

0	او	_	_	_	_
1	وعده	_	_	_	_
2	داده	_	_	_	_
3	جزئیات	_	_	_	_
4	این	_	_	_	_
5	کانال	_	_	_	_
6	ضد	_	_	_	_
7	‌تحریم	_	_	_	_
8	به‌زودی	_	_	_	_
9	اعلام	_	_	_	_
10	خواهد شد	_	_	_	_
11	.	_	_	_	_

0	به	_	_	_	_
1	گفته	_	_	_	_
2	این	_	_	_	_
3	مقام	_	_	_	_
4	ارشد	_	_	_	_
5	بانک	_	_	_	_
6	مرکزی	_	_	_	_
7	،	_	_	_	_
8	جزئیات	_	_	_	_
9	این	_	_	_	_
10	کانال	_	_	_	_
11	هفته	_	_	_	_
12	آینده	_	_	_	_
13	بین	_	_	_	_
14	ایران	_	_	_	_
15	و	_	_	_	_
16	اروپا	_	_	_	_
17	موردبررسی	_	_	_	_
18	نهایی	_	_	_	_
19	قرار	_	_	_	_
20	می‌گیرد	_	_	_	_
21	و	_	_	_	_
22	هدف	_	_	_	_
23	نخست	_	_	_	_
24	آن	_	_	_	_
25	رفع	_	_	_	_
26	مشکلات	_	_	_	_
27	مربوط	_	_	_	_
28	به	_	_	_	_
29	انجام	_	_	_	_
30	پرداخت‌های	_	_	_	_
31	مالی	_	_	_	_
32	است	_	_	_	_
33	.	_	_	_	_

0	او	_	_	_	_
1	در	_	_	_	_
2	صفحه	_	_	_	_
3	اینستاگرام	_	_	_	_
4	خود	_	_	_	_
5	نوشته است	_	_	_	_
6	:	_	_	_	_

0	کانال	_	_	_	_
1	ویژه	_	_	_	_
2	مالی	_	_	_	_
3	اروپا	_	_	_	_
4	،	_	_	_	_
5	نقش	_	_	_	_
6	نوعی	_	_	_	_
7	پیمان	_	_	_	_
8	پولی	_	_	_	_
9	دوجانبه	_	_	_	_
10	میان	_	_	_	_
11	ایران	_	_	_	_
12	و	_	_	_	_
13	اتحادیه	_	_	_	_
14	اروپا	_	_	_	_
15	را	_	_	_	_
16	ایفا	_	_	_	_
17	خواهد کرد	_	_	_	_
18	و	_	_	_	_
19	هر	_	_	_	_
20	دو	_	_	_	_
21	طرف	_	_	_	_
22	بر	_	_	_	_
23	تسریع	_	_	_	_
24	در	_	_	_	_
25	عملیاتی	_	_	_	_
26	شدن	_	_	_	_
27	این	_	_	_	_
28	فرایند	_	_	_	_
29	تأکید	_	_	_	_
30	دارند	_	_	_	_
31	.	_	_	_	_

0	پیش‌تر	_	_	_	_
1	در	_	_	_	_
2	هفته	_	_	_	_
3	نخست	_	_	_	_
4	مهرماه	_	_	_	_
5	فدریکا	_	_	_	_
6	موگرینی	_	_	_	_
7	،	_	_	_	_
8	مسئول	_	_	_	_
9	سیاست	_	_	_	_
10	خارجی	_	_	_	_
11	اتحادیه	_	_	_	_
12	اروپا	_	_	_	_
13	،	_	_	_	_
14	قول	_	_	_	_
15	داده بود	_	_	_	_
16	که	_	_	_	_
17	کانال	_	_	_	_
18	ویژه	_	_	_	_
19	مالی	_	_	_	_
20	اروپا	_	_	_	_
21	تا	_	_	_	_
22	قبل‌از	_	_	_	_
23	10	_	_	_	_
24	آبان	_	_	_	_
25	یعنی	_	_	_	_
26	چند	_	_	_	_
27	روز	_	_	_	_
28	مانده	_	_	_	_
29	به	_	_	_	_
30	اعمال	_	_	_	_
31	مرحله	_	_	_	_
32	دوم	_	_	_	_
33	تحریم‌های	_	_	_	_
34	یکجانبه	_	_	_	_
35	و	_	_	_	_
36	فراسرزمینی	_	_	_	_
37	آمریکا	_	_	_	_
38	علیه	_	_	_	_
39	ایران	_	_	_	_
40	ایجاد	_	_	_	_
41	شود	_	_	_	_
42	.	_	_	_	_

0	ایجاد	_	_	_	_
1	کانال	_	_	_	_
2	ویژه	_	_	_	_
3	مالی	_	_	_	_
4	برمبنای	_	_	_	_
5	الگوی	_	_	_	_
6	پیمان	_	_	_	_
7	دوجانبه	_	_	_	_
8	پولی	_	_	_	_
9	به	_	_	_	_
10	این	_	_	_	_
11	معناست	_	_	_	_
12	که	_	_	_	_
13	بین	_	_	_	_
14	ایران	_	_	_	_
15	به‌عنوان	_	_	_	_
16	کشور	_	_	_	_
17	صادرکننده	_	_	_	_
18	نفت	_	_	_	_
19	و	_	_	_	_
20	سایر	_	_	_	_
21	کالاها	_	_	_	_
22	و	_	_	_	_
23	کشور	_	_	_	_
24	خریدار	_	_	_	_
25	،	_	_	_	_
26	پول	_	_	_	_
27	ملی	_	_	_	_
28	2	_	_	_	_
29	کشور	_	_	_	_
30	مبنای	_	_	_	_
31	عمل	_	_	_	_
32	تسویه‌حساب	_	_	_	_
33	قرار	_	_	_	_
34	می‌گیرد	_	_	_	_
35	اما	_	_	_	_
36	پیش‌از	_	_	_	_
37	این	_	_	_	_
38	اعلام	_	_	_	_
39	شده بود	_	_	_	_
40	که	_	_	_	_
41	سازوکار	_	_	_	_
42	مالی	_	_	_	_
43	پیشنهادشده	_	_	_	_
44	ازسوی	_	_	_	_
45	اروپا	_	_	_	_
46	برمبنای	_	_	_	_
47	یورو	_	_	_	_
48	به‌معناًی	_	_	_	_
49	واحد	_	_	_	_
50	پولی	_	_	_	_
51	این	_	_	_	_
52	قاره	_	_	_	_
53	خواهد بود	_	_	_	_
54	و	_	_	_	_
55	اجرایی	_	_	_	_
56	شدن	_	_	_	_
57	آن	_	_	_	_
58	مستلزم	_	_	_	_
59	همکاری	_	_	_	_
60	بانک‌های	_	_	_	_
61	مرکزی	_	_	_	_
62	ایران	_	_	_	_
63	با	_	_	_	_
64	دیگر	_	_	_	_
65	بانک‌های	_	_	_	_
66	مرکزی	_	_	_	_
67	اروپا	_	_	_	_
68	ست	_	_	_	_
69	.	_	_	_	_

0	ایرنا	_	_	_	_
1	گزارش	_	_	_	_
2	داده	_	_	_	_
3	در	_	_	_	_
4	قالب	_	_	_	_
5	سازوکار	_	_	_	_
6	مالی	_	_	_	_
7	پیشنهادی	_	_	_	_
8	اروپا	_	_	_	_
9	،	_	_	_	_
10	ایران	_	_	_	_
11	می‌تواند	_	_	_	_
12	کالاها	_	_	_	_
13	ازجمله	_	_	_	_
14	نفت	_	_	_	_
15	و	_	_	_	_
16	فرآورده‌های	_	_	_	_
17	نفتی	_	_	_	_
18	را	_	_	_	_
19	به	_	_	_	_
20	اروپا	_	_	_	_
21	صادر	_	_	_	_
22	و	_	_	_	_
23	درقبال	_	_	_	_
24	آن	_	_	_	_
25	کالاها	_	_	_	_
26	و	_	_	_	_
27	خدمات	_	_	_	_
28	موردنیاز	_	_	_	_
29	را	_	_	_	_
30	از	_	_	_	_
31	کشورهای	_	_	_	_
32	اروپایی	_	_	_	_
33	خریداری	_	_	_	_
34	کند	_	_	_	_
35	و	_	_	_	_
36	تهاتر	_	_	_	_
37	دریافت	_	_	_	_
38	و	_	_	_	_
39	پرداخت‌ها	_	_	_	_
40	بین	_	_	_	_
41	بانک‌های	_	_	_	_
42	مرکزی	_	_	_	_
43	و	_	_	_	_
44	نه	_	_	_	_
45	شبکه	_	_	_	_
46	بانکی	_	_	_	_
47	صورت	_	_	_	_
48	می‌پذیرد	_	_	_	_
49	.	_	_	_	_

0	«	_	_	_	_
1	آلبرت	_	_	_	_
2	بغزیان	_	_	_	_
3	»	_	_	_	_
4	استاد	_	_	_	_
5	اقتصاد	_	_	_	_
6	دانشگاه	_	_	_	_
7	تهران	_	_	_	_
8	می‌گوید	_	_	_	_
9	:	_	_	_	_

0	اگر	_	_	_	_
1	اروپا	_	_	_	_
2	بخواهد	_	_	_	_
3	و	_	_	_	_
4	از	_	_	_	_
5	آمریکا	_	_	_	_
6	ترس	_	_	_	_
7	نداشته باشد	_	_	_	_
8	،	_	_	_	_
9	به‌راحتی	_	_	_	_
10	می‌تواند	_	_	_	_
11	این	_	_	_	_
12	کانال	_	_	_	_
13	ارتباط	_	_	_	_
14	مالی	_	_	_	_
15	یورویی	_	_	_	_
16	را	_	_	_	_
17	با	_	_	_	_
18	ایران	_	_	_	_
19	برقرار	_	_	_	_
20	کند	_	_	_	_
21	؛	_	_	_	_
22	چون	_	_	_	_
23	حساب‌ها	_	_	_	_
24	بر	_	_	_	_
25	پایه	_	_	_	_
26	یورو	_	_	_	_
27	نگهداری	_	_	_	_
28	می‌شود	_	_	_	_
29	،	_	_	_	_
30	به‌راحتی	_	_	_	_
31	می‌توان	_	_	_	_
32	درآمد	_	_	_	_
33	حاصل	_	_	_	_
34	از	_	_	_	_
35	صادرات	_	_	_	_
36	ایران	_	_	_	_
37	را	_	_	_	_
38	با	_	_	_	_
39	واردات	_	_	_	_
40	کالاها	_	_	_	_
41	و	_	_	_	_
42	خدمات	_	_	_	_
43	از	_	_	_	_
44	حوزه	_	_	_	_
45	اروپا	_	_	_	_
46	تهاتر	_	_	_	_
47	کرد	_	_	_	_
48	.	_	_	_	_

0	عباس	_	_	_	_
1	هشی	_	_	_	_
2	،	_	_	_	_
3	کارشناس	_	_	_	_
4	اقتصادی	_	_	_	_
5	هم	_	_	_	_
6	توضیح	_	_	_	_
7	می‌دهد	_	_	_	_
8	این	_	_	_	_
9	کانال	_	_	_	_
10	یورویی	_	_	_	_
11	اختراع	_	_	_	_
12	جدیدی	_	_	_	_
13	نیست	_	_	_	_
14	و	_	_	_	_
15	عملکرد	_	_	_	_
16	آن	_	_	_	_
17	همچون	_	_	_	_
18	اتاق‌های	_	_	_	_
19	تسویه	_	_	_	_
20	پایاپای	_	_	_	_
21	در	_	_	_	_
22	زمان	_	_	_	_
23	جنگ	_	_	_	_
24	تحمیلی	_	_	_	_
25	خواهد بود	_	_	_	_
26	.	_	_	_	_

0	معاون	_	_	_	_
1	بین‌الملل	_	_	_	_
2	بانک	_	_	_	_
3	مرکزی	_	_	_	_
4	می‌گوید	_	_	_	_
5	:	_	_	_	_

0	آمریکایی‌ها	_	_	_	_
1	پیش‌از	_	_	_	_
2	١٣	_	_	_	_
3	آبان	_	_	_	_
4	هرچه	_	_	_	_
5	در	_	_	_	_
6	توان	_	_	_	_
7	داشتند	_	_	_	_
8	،	_	_	_	_
9	انجام	_	_	_	_
10	دادند	_	_	_	_
11	اما	_	_	_	_
12	با	_	_	_	_
13	برنامه‌ریزی‌ها	_	_	_	_
14	،	_	_	_	_
15	تلاش	_	_	_	_
16	داریم	_	_	_	_
17	هزینه‌های	_	_	_	_
18	تحریم	_	_	_	_
19	را	_	_	_	_
20	کاهش	_	_	_	_
21	داده	_	_	_	_
22	و	_	_	_	_
23	اجازه	_	_	_	_
24	ندهیم	_	_	_	_
25	جریان	_	_	_	_
26	تجاری	_	_	_	_
27	کشور	_	_	_	_
28	متوقف	_	_	_	_
29	شود	_	_	_	_
30	؛	_	_	_	_
31	ضمن	_	_	_	_
32	آنکه	_	_	_	_
33	اروپایی‌ها	_	_	_	_
34	به	_	_	_	_
35	چند	_	_	_	_
36	دلیل	_	_	_	_
37	نمی‌خواهند	_	_	_	_
38	تجارت	_	_	_	_
39	با	_	_	_	_
40	ایران	_	_	_	_
41	را	_	_	_	_
42	رها	_	_	_	_
43	کنند	_	_	_	_
44	.	_	_	_	_

0	براساس	_	_	_	_
1	اعلام	_	_	_	_
2	بانک	_	_	_	_
3	صادرات	_	_	_	_
4	ایران	_	_	_	_
5	،	_	_	_	_
6	حسین	_	_	_	_
7	یعقوبی	_	_	_	_
8	میاب	_	_	_	_
9	تأکید	_	_	_	_
10	می‌کند	_	_	_	_
11	:	_	_	_	_

0	تحریم‌های	_	_	_	_
1	اخیر	_	_	_	_
2	مانند	_	_	_	_
3	تحریم‌های	_	_	_	_
4	سازمان	_	_	_	_
5	ملل	_	_	_	_
6	گسترده	_	_	_	_
7	نیست	_	_	_	_
8	و	_	_	_	_
9	به	_	_	_	_
10	همین	_	_	_	_
11	دلیل	_	_	_	_
12	ابزارهای	_	_	_	_
13	بهتری	_	_	_	_
14	برای	_	_	_	_
15	مقابله	_	_	_	_
16	با	_	_	_	_
17	آنها	_	_	_	_
18	در	_	_	_	_
19	اختیار	_	_	_	_
20	داریم	_	_	_	_
21	.	_	_	_	_

0	معاون	_	_	_	_
1	بین‌الملل	_	_	_	_
2	بانک	_	_	_	_
3	مرکزی	_	_	_	_
4	تأکید	_	_	_	_
5	می‌کند	_	_	_	_
6	:	_	_	_	_

0	دولت	_	_	_	_
1	آمریکا	_	_	_	_
2	سعی	_	_	_	_
3	کرده است	_	_	_	_
4	با	_	_	_	_
5	خروج	_	_	_	_
6	از	_	_	_	_
7	برجام	_	_	_	_
8	،	_	_	_	_
9	اقتصاد	_	_	_	_
10	ایران	_	_	_	_
11	را	_	_	_	_
12	دچار	_	_	_	_
13	اختلال	_	_	_	_
14	کند	_	_	_	_
15	اما	_	_	_	_
16	حضور	_	_	_	_
17	اروپایی‌ها	_	_	_	_
18	و	_	_	_	_
19	تعهداتی	_	_	_	_
20	که	_	_	_	_
21	دادند	_	_	_	_
22	،	_	_	_	_
23	فشار	_	_	_	_
24	را	_	_	_	_
25	کم‌تر	_	_	_	_
26	کرد	_	_	_	_
27	؛	_	_	_	_
28	تا	_	_	_	_
29	زمانی‌که	_	_	_	_
30	اروپایی‌ها	_	_	_	_
31	حضور	_	_	_	_
32	دارند	_	_	_	_
33	معافیت‌های	_	_	_	_
34	خوب	_	_	_	_
35	همچنان	_	_	_	_
36	وجود	_	_	_	_
37	خواهد داشت	_	_	_	_
38	.	_	_	_	_

0	یعقوبی	_	_	_	_
1	می‌افزاید	_	_	_	_
2	:	_	_	_	_

0	تصور	_	_	_	_
1	می‌کنم	_	_	_	_
2	اروپایی‌ها	_	_	_	_
3	به	_	_	_	_
4	2	_	_	_	_
5	دلیل	_	_	_	_
6	به‌زودی	_	_	_	_
7	کنار	_	_	_	_
8	نخواهند رفت	_	_	_	_
9	؛	_	_	_	_
10	نخست	_	_	_	_
11	به‌واسطه	_	_	_	_
12	جنگ	_	_	_	_
13	تجاری	_	_	_	_
14	آنها	_	_	_	_
15	با	_	_	_	_
16	آمریکا	_	_	_	_
17	و	_	_	_	_
18	دوم	_	_	_	_
19	اینکه	_	_	_	_
20	به‌دنبال	_	_	_	_
21	تقویت	_	_	_	_
22	جایگاه	_	_	_	_
23	اروپا	_	_	_	_
24	در	_	_	_	_
25	فضای	_	_	_	_
26	اقتصاد	_	_	_	_
27	بین‌الملل	_	_	_	_
28	هستند	_	_	_	_
29	.	_	_	_	_

0	رویترز	_	_	_	_
1	به	_	_	_	_
2	نقل	_	_	_	_
3	از	_	_	_	_
4	3	_	_	_	_
5	دیپلمات	_	_	_	_
6	اروپایی	_	_	_	_
7	گزارش	_	_	_	_
8	داد	_	_	_	_
9	:	_	_	_	_

0	کانال	_	_	_	_
1	مالی	_	_	_	_
2	یا	_	_	_	_
3	سازوکار	_	_	_	_
4	اتحادیه	_	_	_	_
5	اروپا	_	_	_	_
6	برای	_	_	_	_
7	تسهیل	_	_	_	_
8	پرداخت	_	_	_	_
9	پول	_	_	_	_
10	اقلام	_	_	_	_
11	صادراتی	_	_	_	_
12	ایران	_	_	_	_
13	به	_	_	_	_
14	اروپا	_	_	_	_
15	با	_	_	_	_
16	هدف	_	_	_	_
17	عبور	_	_	_	_
18	از	_	_	_	_
19	تحریم‌های	_	_	_	_
20	آمریکا	_	_	_	_
21	،	_	_	_	_
22	تا	_	_	_	_
23	سیزدهم	_	_	_	_
24	آبان	_	_	_	_
25	به	_	_	_	_
26	شکل	_	_	_	_
27	نمادین	_	_	_	_
28	آماده	_	_	_	_
29	می‌شود	_	_	_	_
30	اما	_	_	_	_
31	عملیاتی	_	_	_	_
32	شدن	_	_	_	_
33	آن	_	_	_	_
34	تا	_	_	_	_
35	اوایل	_	_	_	_
36	زمستان	_	_	_	_
37	سال‌جاری	_	_	_	_
38	طول	_	_	_	_
39	می‌کشد	_	_	_	_
40	.	_	_	_	_

0	وزیر	_	_	_	_
1	امور	_	_	_	_
2	اقتصادی	_	_	_	_
3	و	_	_	_	_
4	دارایی	_	_	_	_
5	با	_	_	_	_
6	بیان	_	_	_	_
7	اینکه	_	_	_	_
8	تحریمی	_	_	_	_
9	که	_	_	_	_
10	می‌خواهند	_	_	_	_
11	در	_	_	_	_
12	۱۳	_	_	_	_
13	آبان	_	_	_	_
14	اعلام	_	_	_	_
15	کنند	_	_	_	_
16	قبلا	_	_	_	_
17	اجرایی	_	_	_	_
18	کرده‌اند	_	_	_	_
19	،	_	_	_	_
20	گفت	_	_	_	_
21	:	_	_	_	_

0	اولین	_	_	_	_
1	برنامه	_	_	_	_
2	مدنظر	_	_	_	_
3	،	_	_	_	_
4	تامین	_	_	_	_
5	مالی	_	_	_	_
6	اقتصادی	_	_	_	_
7	و	_	_	_	_
8	دومین	_	_	_	_
9	کار	_	_	_	_
10	بهبود	_	_	_	_
11	فضای	_	_	_	_
12	کسب‌وکار	_	_	_	_
13	اقتصادی	_	_	_	_
14	ازطریق	_	_	_	_
15	تسهیل	_	_	_	_
16	شرایط	_	_	_	_
17	گمرکی	_	_	_	_
18	است	_	_	_	_
19	.	_	_	_	_

0	به	_	_	_	_
1	گزارش	_	_	_	_
2	فارس	_	_	_	_
3	،	_	_	_	_
4	فرهاد	_	_	_	_
5	دژ	_	_	_	_
6	پسند	_	_	_	_
7	وزیر	_	_	_	_
8	امور	_	_	_	_
9	اقتصادی	_	_	_	_
10	و	_	_	_	_
11	دارایی	_	_	_	_
12	با	_	_	_	_
13	بیان	_	_	_	_
14	اینکه	_	_	_	_
15	تحریمی	_	_	_	_
16	که	_	_	_	_
17	می‌خواهند	_	_	_	_
18	در	_	_	_	_
19	۱۳	_	_	_	_
20	آبان	_	_	_	_
21	اعلام	_	_	_	_
22	کنند	_	_	_	_
23	،	_	_	_	_
24	قبلا	_	_	_	_
25	اجرایی	_	_	_	_
26	کرده‌اند	_	_	_	_
27	،	_	_	_	_
28	گفت	_	_	_	_
29	:	_	_	_	_

0	در	_	_	_	_
1	وزارت	_	_	_	_
2	امور	_	_	_	_
3	اقتصادی	_	_	_	_
4	و	_	_	_	_
5	دارایی	_	_	_	_
6	در	_	_	_	_
7	حال	_	_	_	_
8	رصد	_	_	_	_
9	برنامه‌های	_	_	_	_
10	دشمن	_	_	_	_
11	و	_	_	_	_
12	در	_	_	_	_
13	حال	_	_	_	_
14	آماده‌سازی	_	_	_	_
15	بسته‌هایی	_	_	_	_
16	برای	_	_	_	_
17	مواجهه	_	_	_	_
18	با	_	_	_	_
19	این	_	_	_	_
20	دشمنی‌ها	_	_	_	_
21	هستیم	_	_	_	_
22	.	_	_	_	_

0	دژ	_	_	_	_
1	پسند	_	_	_	_
2	درباره	_	_	_	_
3	برنامه‌های	_	_	_	_
4	اصلی	_	_	_	_
5	خود	_	_	_	_
6	در	_	_	_	_
7	وزارت	_	_	_	_
8	امور	_	_	_	_
9	اقتصادی	_	_	_	_
10	و	_	_	_	_
11	دارایی	_	_	_	_
12	گفت	_	_	_	_
13	:	_	_	_	_

0	طبیعی	_	_	_	_
1	است	_	_	_	_
2	که	_	_	_	_
3	در	_	_	_	_
4	این	_	_	_	_
5	شرایط	_	_	_	_
6	همه	_	_	_	_
7	انتظار	_	_	_	_
8	دارند	_	_	_	_
9	که	_	_	_	_
10	باتوجه	_	_	_	_
11	به	_	_	_	_
12	تحریم‌های	_	_	_	_
13	دشمن	_	_	_	_
14	،	_	_	_	_
15	ببینند	_	_	_	_
16	ما	_	_	_	_
17	چه	_	_	_	_
18	برنامه‌ای	_	_	_	_
19	را	_	_	_	_
20	تدارک	_	_	_	_
21	دیدیم	_	_	_	_
22	.	_	_	_	_

0	وی	_	_	_	_
1	افزود	_	_	_	_
2	:	_	_	_	_

0	اولین	_	_	_	_
1	برنامه	_	_	_	_
2	مدنظر	_	_	_	_
3	،	_	_	_	_
4	تامین	_	_	_	_
5	مالی	_	_	_	_
6	اقتصادی	_	_	_	_
7	است	_	_	_	_
8	.	_	_	_	_

0	دومین	_	_	_	_
1	کار	_	_	_	_
2	بهبود	_	_	_	_
3	فضای	_	_	_	_
4	کسب‌وکار	_	_	_	_
5	اقتصادی	_	_	_	_
6	ازطریق	_	_	_	_
7	تسهیل	_	_	_	_
8	شرایط	_	_	_	_
9	گمرکی	_	_	_	_
10	است	_	_	_	_
11	.	_	_	_	_

0	سومین	_	_	_	_
1	کار	_	_	_	_
2	این	_	_	_	_
3	است	_	_	_	_
4	که	_	_	_	_
5	بتوانیم	_	_	_	_
6	سیاست‌های	_	_	_	_
7	خصوصی‌سازی	_	_	_	_
8	را	_	_	_	_
9	همان‌طور	_	_	_	_
10	که	_	_	_	_
11	دراصل	_	_	_	_
12	۴۴	_	_	_	_
13	آمده است	_	_	_	_
14	پیاده	_	_	_	_
15	کنیم	_	_	_	_
16	و	_	_	_	_
17	درنهایت	_	_	_	_
18	با	_	_	_	_
19	الکترونیکی	_	_	_	_
20	کردن	_	_	_	_
21	و	_	_	_	_
22	ساماندهی	_	_	_	_
23	مشخص	_	_	_	_
24	،	_	_	_	_
25	با	_	_	_	_
26	فساد	_	_	_	_
27	مقابله	_	_	_	_
28	کنیم	_	_	_	_
29	چراکه	_	_	_	_
30	فساد	_	_	_	_
31	،	_	_	_	_
32	اقتصاد	_	_	_	_
33	را	_	_	_	_
34	زمین‌گیر	_	_	_	_
35	می‌کند	_	_	_	_
36	.	_	_	_	_

0	امیدوارم	_	_	_	_
1	در	_	_	_	_
2	این	_	_	_	_
3	کارها	_	_	_	_
4	با	_	_	_	_
5	همکاری	_	_	_	_
6	دیگران	_	_	_	_
7	،	_	_	_	_
8	گام	_	_	_	_
9	بلندی	_	_	_	_
10	برداریم	_	_	_	_
11	.	_	_	_	_
