0	استهزاء	_	_	_	_
1	و	_	_	_	_
2	مسخره	_	_	_	_
3	کردن	_	_	_	_
4	دیگران	_	_	_	_
5	موجب	_	_	_	_
6	ایجاد	_	_	_	_
7	کدورت	_	_	_	_
8	بین	_	_	_	_
9	افراد	_	_	_	_
10	می‌شود	_	_	_	_
11	.	_	_	_	_

0	تهاتر	_	_	_	_
1	فقط	_	_	_	_
2	درمورد	_	_	_	_
3	دود	_	_	_	_
4	ِ	_	_	_	_
5	ینی	_	_	_	_
6	حاصل	_	_	_	_
7	می‌شود	_	_	_	_
8	که	_	_	_	_
9	موضوع	_	_	_	_
10	یکسانی	_	_	_	_
11	داشته باشند	_	_	_	_
12	.	_	_	_	_

0	کاپتان	_	_	_	_
1	کشتی	_	_	_	_
2	جنگی	_	_	_	_
3	دستور	_	_	_	_
4	عقب‌نشینی	_	_	_	_
5	کردن	_	_	_	_
6	را	_	_	_	_
7	صادر	_	_	_	_
8	کرد	_	_	_	_
9	.	_	_	_	_

0	هرگاه	_	_	_	_
1	موصی	_	_	_	_
2	پس‌از	_	_	_	_
3	انشاء	_	_	_	_
4	وصیت‌نامه	_	_	_	_
5	محجور	_	_	_	_
6	شود	_	_	_	_
7	وصیت	_	_	_	_
8	از	_	_	_	_
9	بین	_	_	_	_
10	نمی‌رود	_	_	_	_
11	.	_	_	_	_

0	توران	_	_	_	_
1	و	_	_	_	_
2	ایران	_	_	_	_
3	سال‌یان	_	_	_	_
4	دراز	_	_	_	_
5	با	_	_	_	_
6	یکدیگر	_	_	_	_
7	به	_	_	_	_
8	جنگ	_	_	_	_
9	می‌پرداختند	_	_	_	_
10	.	_	_	_	_

0	زردگوش	_	_	_	_
1	کنایه	_	_	_	_
2	از	_	_	_	_
3	انسان	_	_	_	_
4	منافق	_	_	_	_
5	مفسده	_	_	_	_
6	و	_	_	_	_
7	بیکاره	_	_	_	_
8	است	_	_	_	_
9	.	_	_	_	_

0	خنبانیدن	_	_	_	_
1	تقلید	_	_	_	_
2	کردن	_	_	_	_
3	حرکات	_	_	_	_
4	و	_	_	_	_
5	سکنات	_	_	_	_
6	کسی	_	_	_	_
7	ازروی	_	_	_	_
8	ریشخند	_	_	_	_
9	می‌باشد	_	_	_	_
10	.	_	_	_	_

0	خنده	_	_	_	_
1	بر	_	_	_	_
2	هر	_	_	_	_
3	درد	_	_	_	_
4	بی‌درمان	_	_	_	_
5	دو	_	_	_	_
6	است	_	_	_	_
7	از	_	_	_	_
8	عملکرد	_	_	_	_
9	دانشجویان	_	_	_	_
10	راضی‌ام	_	_	_	_
11	.	_	_	_	_

0	کودکان	_	_	_	_
1	بازی	_	_	_	_
2	با	_	_	_	_
3	بادبادک	_	_	_	_
4	را	_	_	_	_
5	خیلی	_	_	_	_
6	دوست	_	_	_	_
7	دارند	_	_	_	_
8	.	_	_	_	_

0	معلمین	_	_	_	_
1	باف	_	_	_	_
2	ِ	_	_	_	_
3	راست	_	_	_	_
4	خود	_	_	_	_
5	توانستند	_	_	_	_
6	مشکلاه‌ی	_	_	_	_
7	دانش‌آموزان	_	_	_	_
8	را	_	_	_	_
9	حل‌کنند	_	_	_	_
10	.	_	_	_	_

0	نگران	_	_	_	_
1	نباش	_	_	_	_
2	.	_	_	_	_

0	.	_	_	_	_

0	.	_	_	_	_

0	!	_	_	_	_

0	؟	_	_	_	_
1	بنده	_	_	_	_
2	هم‌آن	_	_	_	_
3	به	_	_	_	_
4	که	_	_	_	_
5	ز	_	_	_	_
6	تقصیر	_	_	_	_
7	خویش	_	_	_	_
8	شکر	_	_	_	_
9	به	_	_	_	_
10	درگاه	_	_	_	_
11	خدا	_	_	_	_
12	آورد	_	_	_	_
13	.	_	_	_	_

0	خنده	_	_	_	_
1	حالتی	_	_	_	_
2	در	_	_	_	_
3	چهره‌ی	_	_	_	_
4	انسان	_	_	_	_
5	به	_	_	_	_
6	واسطه‌ی	_	_	_	_
7	شعف	_	_	_	_
8	خوشحالی	_	_	_	_
9	یا	_	_	_	_
10	تمسخر	_	_	_	_
11	که	_	_	_	_
12	در	_	_	_	_
13	آن	_	_	_	_
14	لب‌ها	_	_	_	_
15	گشوده	_	_	_	_
16	می‌گردد	_	_	_	_
17	و	_	_	_	_
18	گاه	_	_	_	_
19	با	_	_	_	_
20	صدای	_	_	_	_
21	مخصوصی	_	_	_	_
22	همراه	_	_	_	_
23	است	_	_	_	_
24	.	_	_	_	_

0	اَبَرنواختر	_	_	_	_
1	ام	_	_	_	_
2	-	_	_	_	_
3	۸۹	_	_	_	_
4	یکی	_	_	_	_
5	از	_	_	_	_
6	انواع	_	_	_	_
7	اجرام	_	_	_	_
8	مسیه	_	_	_	_
9	است	_	_	_	_
10	.	_	_	_	_

0	شادروان	_	_	_	_
1	هرگز	_	_	_	_
2	چیزی	_	_	_	_
3	به	_	_	_	_
4	عاریه‌ی	_	_	_	_
5	نگرفته بود	_	_	_	_
6	دخترک	_	_	_	_
7	کبریت	_	_	_	_
8	فروش	_	_	_	_
9	از	_	_	_	_
10	شدت	_	_	_	_
11	سرما	_	_	_	_
12	چیزی	_	_	_	_
13	را	_	_	_	_
14	احساس	_	_	_	_
15	نمی‌کرد	_	_	_	_
16	؛	_	_	_	_
17	نیست	_	_	_	_
18	بر	_	_	_	_
19	ناله‌ی	_	_	_	_
20	افسر	_	_	_	_
21	ده‌دمان	_	_	_	_
22	گوش	_	_	_	_
23	مرا	_	_	_	_
24	بلبلی	_	_	_	_
25	کو	_	_	_	_
26	که	_	_	_	_
27	صفیرش	_	_	_	_
28	بَرَد	_	_	_	_
29	از	_	_	_	_
30	هوش	_	_	_	_
31	مرا	_	_	_	_
32	واخواست	_	_	_	_
33	امتنا	_	_	_	_
34	از	_	_	_	_
35	قبول	_	_	_	_
36	یا	_	_	_	_
37	نکول	_	_	_	_
38	اعتراضی	_	_	_	_
39	است	_	_	_	_
40	که	_	_	_	_
41	براثر	_	_	_	_
42	خودداری	_	_	_	_
43	از	_	_	_	_
44	نوشتن	_	_	_	_
45	از	_	_	_	_
46	طرف	_	_	_	_
47	تأدیه	_	_	_	_
48	کنندهی	_	_	_	_
49	برات	_	_	_	_
50	اتفاق	_	_	_	_
51	می‌افتد	_	_	_	_
52	.	_	_	_	_

0	فرش	_	_	_	_
1	دستباف	_	_	_	_
2	طرح	_	_	_	_
3	نامی	_	_	_	_
4	یکی	_	_	_	_
5	از	_	_	_	_
6	طرح‌های	_	_	_	_
7	معروف	_	_	_	_
8	در	_	_	_	_
9	این	_	_	_	_
10	حوزه	_	_	_	_
11	می‌باشد	_	_	_	_
12	دیوان	_	_	_	_
13	بین‌المللی	_	_	_	_
14	لاهه	_	_	_	_
15	به	_	_	_	_
16	شکایه‌ی	_	_	_	_
17	کشورهای	_	_	_	_
18	درحال‌توسعه	_	_	_	_
19	و	_	_	_	_
20	توسعهیافته	_	_	_	_
21	می‌پردازد	_	_	_	_
22	امواج	_	_	_	_
23	رادیواکتیو	_	_	_	_
24	را	_	_	_	_
25	می‌توان	_	_	_	_
26	در	_	_	_	_
27	بسیاری	_	_	_	_
28	از	_	_	_	_
29	مصارف	_	_	_	_
30	پزشکی	_	_	_	_
31	استفاده	_	_	_	_
32	کرد	_	_	_	_
33	.	_	_	_	_

0	آراء	_	_	_	_
1	مأخوذ	_	_	_	_
2	ه‌ی	_	_	_	_
3	تعیین‌کنندهی	_	_	_	_
4	رجال	_	_	_	_
5	سیاسی	_	_	_	_
6	است	_	_	_	_
7	مناظر	_	_	_	_
8	بکر	_	_	_	_
9	جزایر	_	_	_	_
10	جنوب	_	_	_	_
11	موضوع	_	_	_	_
12	تصاویر	_	_	_	_
13	گرفته شده	_	_	_	_
14	توسط	_	_	_	_
15	عکاسان	_	_	_	_
16	حرفه‌ای	_	_	_	_
17	بود	_	_	_	_
18	.	_	_	_	_

0	ادبا	_	_	_	_
1	به	_	_	_	_
2	نقد	_	_	_	_
3	آثار	_	_	_	_
4	ادبی	_	_	_	_
5	وی	_	_	_	_
6	پرداختند	_	_	_	_
7	ائمهی	_	_	_	_
8	جمعه	_	_	_	_
9	توسط	_	_	_	_
10	بنیانگذار	_	_	_	_
11	جمهوری	_	_	_	_
12	اسلامی	_	_	_	_
13	ایران	_	_	_	_
14	انتخاب	_	_	_	_
15	شدند	_	_	_	_
16	.	_	_	_	_

0	معابد	_	_	_	_
1	و	_	_	_	_
2	مساجد	_	_	_	_
3	اماکن	_	_	_	_
4	مقدّسی	_	_	_	_
5	هستند	_	_	_	_
6	.	_	_	_	_

0	که	_	_	_	_
1	مفاهیم	_	_	_	_
2	و	_	_	_	_
3	رموز	_	_	_	_
4	معنوی	_	_	_	_
5	را	_	_	_	_
6	به	_	_	_	_
7	مردم	_	_	_	_
8	منتقل	_	_	_	_
9	می‌کنند	_	_	_	_
10	.	_	_	_	_

0	حقایق	_	_	_	_
1	عقاید	_	_	_	_
2	فقهای	_	_	_	_
3	پیشین	_	_	_	_
4	بر	_	_	_	_
5	ما	_	_	_	_
6	پوشیده است	_	_	_	_
7	.	_	_	_	_

0	اسامی	_	_	_	_
1	اسرای	_	_	_	_
2	تحت	_	_	_	_
3	امر	_	_	_	_
4	امیر	_	_	_	_
5	اعلام	_	_	_	_
6	شدند	_	_	_	_
7	.	_	_	_	_

0	پاکروان	_	_	_	_
1	کسی	_	_	_	_
2	است	_	_	_	_
3	که	_	_	_	_
4	روان	_	_	_	_
5	پاکی	_	_	_	_
6	داشته باشد	_	_	_	_
7	پرندگان	_	_	_	_
8	مهاجر	_	_	_	_
9	همچون	_	_	_	_
10	آزادگان	_	_	_	_
11	به	_	_	_	_
12	مرغزار	_	_	_	_
13	بازگشتند	_	_	_	_
14	.	_	_	_	_

0	آیا	_	_	_	_
1	مسئولین	_	_	_	_
2	می‌توانند	_	_	_	_
3	شایستگیشان	_	_	_	_
4	را	_	_	_	_
5	نشان	_	_	_	_
6	دهند	_	_	_	_
7	.	_	_	_	_

0	و	_	_	_	_
1	مسئولیت	_	_	_	_
2	تصمیمات	_	_	_	_
3	خود	_	_	_	_
4	را	_	_	_	_
5	برعهده	_	_	_	_
6	بگیرند	_	_	_	_
7	.	_	_	_	_

0	سبزیجات	_	_	_	_
1	و	_	_	_	_
2	صیفیجات	_	_	_	_
3	در	_	_	_	_
4	کنار	_	_	_	_
5	نشاسته	_	_	_	_
6	و	_	_	_	_
7	غلات	_	_	_	_
8	باید	_	_	_	_
9	در	_	_	_	_
10	رژیم	_	_	_	_
11	غذایی	_	_	_	_
12	در	_	_	_	_
13	نظر	_	_	_	_
14	گرفته شود	_	_	_	_
15	.	_	_	_	_

0	آیندگان	_	_	_	_
1	نیز	_	_	_	_
2	همانند	_	_	_	_
3	گذشتگان	_	_	_	_
4	با	_	_	_	_
5	چالش‌های	_	_	_	_
6	فراوانی	_	_	_	_
7	دست‌و‌پنجه	_	_	_	_
8	نرم	_	_	_	_
9	خواهند کرد	_	_	_	_
10	دبیرستان	_	_	_	_
11	شایستگان	_	_	_	_
12	یکی	_	_	_	_
13	از	_	_	_	_
14	مدارس	_	_	_	_
15	غیرانتفاعی	_	_	_	_
16	است	_	_	_	_
17	که	_	_	_	_
18	در	_	_	_	_
19	حوزه‌های	_	_	_	_
20	علوم	_	_	_	_
21	انسانی	_	_	_	_
22	ریاضیات	_	_	_	_
23	و	_	_	_	_
24	علوم	_	_	_	_
25	تجربی	_	_	_	_
26	به	_	_	_	_
27	تعلیم‌وتربیت	_	_	_	_
28	دانش‌آموزان	_	_	_	_
29	می‌پردازد	_	_	_	_
30	آزادگی	_	_	_	_
31	و	_	_	_	_
32	آزادمنشی	_	_	_	_
33	از	_	_	_	_
34	ویژگی‌های	_	_	_	_
35	اصلی	_	_	_	_
36	و	_	_	_	_
37	شاخص	_	_	_	_
38	امامان	_	_	_	_
39	بود	_	_	_	_
40	.	_	_	_	_

0	امروزه	_	_	_	_
1	الگو	_	_	_	_
2	ریتم‌های	_	_	_	_
3	فراابتکاری	_	_	_	_
4	نقش	_	_	_	_
5	مهمی	_	_	_	_
6	در	_	_	_	_
7	حل	_	_	_	_
8	مسائل	_	_	_	_
9	بهینه‌سازی	_	_	_	_
10	چند	_	_	_	_
11	‌هدفه	_	_	_	_
12	دارند	_	_	_	_
13	.	_	_	_	_

0	بادکنک	_	_	_	_
1	بوسیلهی	_	_	_	_
2	گاز	_	_	_	_
3	هلیوم	_	_	_	_
4	پرشده	_	_	_	_
5	بود	_	_	_	_
6	بادبادکرانی	_	_	_	_
7	و	_	_	_	_
8	قایقرانی	_	_	_	_
9	شغل	_	_	_	_
10	جالبیست	_	_	_	_
11	.	_	_	_	_

0	که	_	_	_	_
1	نیاز	_	_	_	_
2	به	_	_	_	_
3	مهارت‌های	_	_	_	_
4	خاص	_	_	_	_
5	خود	_	_	_	_
6	را	_	_	_	_
7	دارند	_	_	_	_
8	.	_	_	_	_

0	شنوندگان	_	_	_	_
1	و	_	_	_	_
2	بینندگان	_	_	_	_
3	این	_	_	_	_
4	برنامه	_	_	_	_
5	گروه	_	_	_	_
6	سنی	_	_	_	_
7	خاصی	_	_	_	_
8	هستند	_	_	_	_
9	.	_	_	_	_

0	فعالیت‌های	_	_	_	_
1	مرکز	_	_	_	_
2	مذاهب	_	_	_	_
3	اسلامی	_	_	_	_
4	در	_	_	_	_
5	شانگهای	_	_	_	_
6	به	_	_	_	_
7	جویندگان	_	_	_	_
8	اسلام	_	_	_	_
9	معرفی	_	_	_	_
10	شد	_	_	_	_
11	.	_	_	_	_

0	مقالات	_	_	_	_
1	و	_	_	_	_
2	تحقیقات	_	_	_	_
3	بسیاری	_	_	_	_
4	برای	_	_	_	_
5	پیشگیری	_	_	_	_
6	از	_	_	_	_
7	بیماری‌های	_	_	_	_
8	عفونی	_	_	_	_
9	و	_	_	_	_
10	باکتریایی	_	_	_	_
11	ارائه	_	_	_	_
12	شده است	_	_	_	_
13	.	_	_	_	_

0	پاکستان	_	_	_	_
1	و	_	_	_	_
2	افغانستان	_	_	_	_
3	کشورهای	_	_	_	_
4	همسایه‌ی	_	_	_	_
5	شرقی	_	_	_	_
6	ایران	_	_	_	_
7	هستند	_	_	_	_
8	که	_	_	_	_
9	تضاد	_	_	_	_
10	منافع	_	_	_	_
11	با	_	_	_	_
12	یکدیگر	_	_	_	_
13	دارد	_	_	_	_
14	.	_	_	_	_

0	فاطمه	_	_	_	_
1	مراعات	_	_	_	_
2	حضور	_	_	_	_
3	مادرش	_	_	_	_
4	را	_	_	_	_
5	نمی‌کرد	_	_	_	_
6	.	_	_	_	_

0	یکی	_	_	_	_
1	از	_	_	_	_
2	آرایه‌های	_	_	_	_
3	ادبی	_	_	_	_
4	مراعات	_	_	_	_
5	نظیر	_	_	_	_
6	است	_	_	_	_
7	.	_	_	_	_

0	کلان‌شهر	_	_	_	_
1	اصفهان	_	_	_	_
2	مشکلات	_	_	_	_
3	و	_	_	_	_
4	معضلات	_	_	_	_
5	خود	_	_	_	_
6	را	_	_	_	_
7	دارد	_	_	_	_
8	.	_	_	_	_

0	هان	_	_	_	_
1	ای	_	_	_	_
2	پسر	_	_	_	_
3	!	_	_	_	_

0	مکان	_	_	_	_
1	تاریک	_	_	_	_
2	جای	_	_	_	_
3	خوبی	_	_	_	_
4	برای	_	_	_	_
5	رشد	_	_	_	_
6	باکتری‌ها	_	_	_	_
7	است	_	_	_	_
8	.	_	_	_	_

0	زمان	_	_	_	_
1	بازی	_	_	_	_
2	فوتبال	_	_	_	_
3	بارسلونا	_	_	_	_
4	و	_	_	_	_
5	رئال‌مادرید	_	_	_	_
6	ساعت	_	_	_	_
7	20	_	_	_	_
8	روز	_	_	_	_
9	هجدهم	_	_	_	_
10	آبان	_	_	_	_
11	است	_	_	_	_
12	.	_	_	_	_

0	طاووس	_	_	_	_
1	خرامان	_	_	_	_
2	،	_	_	_	_
3	خرامان	_	_	_	_
4	راه	_	_	_	_
5	می‌رود	_	_	_	_
6	.	_	_	_	_

0	همه‌ی	_	_	_	_
1	شهرها	_	_	_	_
2	یک	_	_	_	_
3	میدان	_	_	_	_
4	به	_	_	_	_
5	نام	_	_	_	_
6	آزادی	_	_	_	_
7	دارند	_	_	_	_
8	.	_	_	_	_

0	علی	_	_	_	_
1	دوان‌دوان	_	_	_	_
2	گریان	_	_	_	_
3	و	_	_	_	_
4	نالان	_	_	_	_
5	به	_	_	_	_
6	مدرسه	_	_	_	_
7	رفت	_	_	_	_
8	.	_	_	_	_

0	کشور	_	_	_	_
1	آلمان	_	_	_	_
2	در	_	_	_	_
3	قاره‌ی	_	_	_	_
4	سبز	_	_	_	_
5	قرار	_	_	_	_
6	دارد	_	_	_	_
7	.	_	_	_	_

0	شکوفه	_	_	_	_
1	خندان	_	_	_	_
2	با	_	_	_	_
3	شیرینی	_	_	_	_
4	وارد	_	_	_	_
5	شد	_	_	_	_
6	.	_	_	_	_

0	امان	_	_	_	_
1	بده	_	_	_	_
2	!	_	_	_	_

0	!	_	_	_	_

0	!	_	_	_	_

0	امارات	_	_	_	_
1	متحده	_	_	_	_
2	عربی	_	_	_	_
3	یکی	_	_	_	_
4	از	_	_	_	_
5	کشورهای	_	_	_	_
6	حوزه‌ی	_	_	_	_
7	خلیج‌فارس	_	_	_	_
8	است	_	_	_	_
9	.	_	_	_	_

0	Emily	_	_	_	_
1	Rose	_	_	_	_
2	در	_	_	_	_
3	سال	_	_	_	_
4	1997	_	_	_	_
5	جن	_	_	_	_
6	زده شد	_	_	_	_
7	.	_	_	_	_

0	ناودانی‌ها	_	_	_	_
1	از	_	_	_	_
2	آشغال	_	_	_	_
3	پرشده	_	_	_	_
4	بود	_	_	_	_
5	.	_	_	_	_

0	نادان	_	_	_	_
1	همه	_	_	_	_
2	را	_	_	_	_
3	به	_	_	_	_
4	چشم	_	_	_	_
5	خویش	_	_	_	_
6	می‌بیند	_	_	_	_
7	.	_	_	_	_

0	سعید	_	_	_	_
1	در	_	_	_	_
2	عنفوان	_	_	_	_
3	جوانی	_	_	_	_
4	درگذشت	_	_	_	_
5	.	_	_	_	_

0	قوری	_	_	_	_
1	گل‌گلی	_	_	_	_
2	شکست	_	_	_	_
3	.	_	_	_	_

0	در	_	_	_	_
1	این	_	_	_	_
2	دنیای	_	_	_	_
3	وانفساء	_	_	_	_
4	.	_	_	_	_

0	.	_	_	_	_

0	.	_	_	_	_

0	حسرت	_	_	_	_
1	زای	_	_	_	_
2	بی	_	_	_	_
3	فردا	_	_	_	_
4	خدایا	_	_	_	_
5	عاشقان	_	_	_	_
6	را	_	_	_	_
7	غم	_	_	_	_
8	مده	_	_	_	_
9	.	_	_	_	_

0	نردبان	_	_	_	_
1	ترقی	_	_	_	_
2	را	_	_	_	_
3	به	_	_	_	_
4	سرعت	_	_	_	_
5	طی	_	_	_	_
6	کرد	_	_	_	_
7	.	_	_	_	_

0	ادبیات	_	_	_	_
1	پارسی	_	_	_	_
2	تاریخچه‌ی	_	_	_	_
3	دیرینه‌ای	_	_	_	_
4	دارد	_	_	_	_
5	.	_	_	_	_

0	شهر	_	_	_	_
1	ابادان	_	_	_	_
2	عروس	_	_	_	_
3	ایران	_	_	_	_
4	است	_	_	_	_
5	.	_	_	_	_

0	لیوان	_	_	_	_
1	پر	_	_	_	_
2	از	_	_	_	_
3	چای	_	_	_	_
4	شکست	_	_	_	_
5	و	_	_	_	_
6	او	_	_	_	_
7	را	_	_	_	_
8	سوزاند	_	_	_	_
9	.	_	_	_	_

0	واردات	_	_	_	_
1	و	_	_	_	_
2	صادرات	_	_	_	_
3	کشمش	_	_	_	_
4	سود	_	_	_	_
5	خوبی	_	_	_	_
6	دارد	_	_	_	_
7	.	_	_	_	_

0	شایان‌ذکر	_	_	_	_
1	است	_	_	_	_
2	که	_	_	_	_
3	رفسنجان	_	_	_	_
4	پسته‌ی	_	_	_	_
5	مرغوبی	_	_	_	_
6	دارد	_	_	_	_
7	.	_	_	_	_

0	باغ	_	_	_	_
1	بی	_	_	_	_
2	برگی	_	_	_	_
3	که	_	_	_	_
4	می‌گوید	_	_	_	_
5	که	_	_	_	_
6	زیبا	_	_	_	_
7	نیست	_	_	_	_
8	.	_	_	_	_

0	شیروان	_	_	_	_
1	یکی	_	_	_	_
2	از	_	_	_	_
3	شهرستان‌های	_	_	_	_
4	کرمانشاه	_	_	_	_
5	است	_	_	_	_
6	.	_	_	_	_

0	آسمان	_	_	_	_
1	آبی	_	_	_	_
2	زمین	_	_	_	_
3	پاک	_	_	_	_
4	.	_	_	_	_

0	.	_	_	_	_

0	.	_	_	_	_

0	.	_	_	_	_

0	.	_	_	_	_

0	.	_	_	_	_

0	.	_	_	_	_

0	.	_	_	_	_

0	.	_	_	_	_

0	.	_	_	_	_

0	شمیران	_	_	_	_
1	نام	_	_	_	_
2	منطقه‌ای	_	_	_	_
3	در	_	_	_	_
4	تهران	_	_	_	_
5	است	_	_	_	_
6	.	_	_	_	_

0	لیفان	_	_	_	_
1	یک	_	_	_	_
2	خودروی	_	_	_	_
3	چینیست	_	_	_	_
4	که	_	_	_	_
5	بدرد	_	_	_	_
6	نمی‌خورد	_	_	_	_
7	.	_	_	_	_

0	ما	_	_	_	_
1	باید	_	_	_	_
2	همواره	_	_	_	_
3	به	_	_	_	_
4	دنبال	_	_	_	_
5	آرمان	_	_	_	_
6	خود	_	_	_	_
7	باشیم	_	_	_	_
8	.	_	_	_	_

0	خفتان	_	_	_	_
1	خود	_	_	_	_
2	را	_	_	_	_
3	پوشید	_	_	_	_
4	و	_	_	_	_
5	به	_	_	_	_
6	میدان	_	_	_	_
7	رزم	_	_	_	_
8	رفت	_	_	_	_
9	.	_	_	_	_

0	ریختن	_	_	_	_
1	زباله	_	_	_	_
2	در	_	_	_	_
3	دامان	_	_	_	_
4	طبیعت	_	_	_	_
5	بی‌فرهنگی	_	_	_	_
6	است	_	_	_	_
7	.	_	_	_	_

0	شکلات	_	_	_	_
1	فرمند	_	_	_	_
2	یکی	_	_	_	_
3	از	_	_	_	_
4	مرغوب‌ترین	_	_	_	_
5	برندها	_	_	_	_
6	در	_	_	_	_
7	این	_	_	_	_
8	حوزه	_	_	_	_
9	است	_	_	_	_
10	.	_	_	_	_

0	خزان	_	_	_	_
1	فصلیست	_	_	_	_
2	که	_	_	_	_
3	در	_	_	_	_
4	آن	_	_	_	_
5	برگ	_	_	_	_
6	درختان	_	_	_	_
7	زرد	_	_	_	_
8	می‌شود	_	_	_	_
9	.	_	_	_	_

0	وزیر	_	_	_	_
1	علوم	_	_	_	_
2	در	_	_	_	_
3	جمع	_	_	_	_
4	استادان	_	_	_	_
5	نمونه	_	_	_	_
6	:	_	_	_	_

0	سن	_	_	_	_
1	بازنشستگی	_	_	_	_
2	استادان	_	_	_	_
3	نمونه	_	_	_	_
4	به	_	_	_	_
5	70	_	_	_	_
6	سال	_	_	_	_
7	افزایش	_	_	_	_
8	می‌یابد	_	_	_	_
9	اصوات	_	_	_	_
10	وزیدن	_	_	_	_
11	بادما	_	_	_	_
12	را	_	_	_	_
13	ترساند	_	_	_	_
14	.	_	_	_	_

0	دانشگاه	_	_	_	_
1	باید	_	_	_	_
2	مهد	_	_	_	_
3	چالش‌های	_	_	_	_
4	گفتمانی	_	_	_	_
5	و	_	_	_	_
6	خط‌دهنده	_	_	_	_
7	و	_	_	_	_
8	برنامه‌ریز	_	_	_	_
9	جریانات	_	_	_	_
10	سیاسی	_	_	_	_
11	باشد	_	_	_	_
12	.	_	_	_	_

0	دفاتر	_	_	_	_
1	سازمانملل	_	_	_	_
2	متحد	_	_	_	_
3	در	_	_	_	_
4	همه‌ی	_	_	_	_
5	پایتخت‌های	_	_	_	_
6	جهان	_	_	_	_
7	هستند	_	_	_	_
8	.	_	_	_	_

0	دختری	_	_	_	_
1	بالباس	_	_	_	_
2	صورتی	_	_	_	_
3	را	_	_	_	_
4	دیدم	_	_	_	_
5	که	_	_	_	_
6	صورتی	_	_	_	_
7	زیبا	_	_	_	_
8	داشت	_	_	_	_
9	.	_	_	_	_

0	توصیه	_	_	_	_
1	ما	_	_	_	_
2	درجهت	_	_	_	_
3	تلاش	_	_	_	_
4	برای	_	_	_	_
5	دانایی	_	_	_	_
6	محوری	_	_	_	_
7	و	_	_	_	_
8	توسعه	_	_	_	_
9	گفتمان	_	_	_	_
10	علمی	_	_	_	_
11	به	_	_	_	_
12	معنی	_	_	_	_
13	عدم	_	_	_	_
14	تمایل	_	_	_	_
15	به	_	_	_	_
16	مباحث	_	_	_	_
17	سیاسی	_	_	_	_
18	نیست	_	_	_	_
19	؛	_	_	_	_
20	بلکه	_	_	_	_
21	برعکس	_	_	_	_
22	،	_	_	_	_
23	دانشگاه	_	_	_	_
24	باید	_	_	_	_
25	مهد	_	_	_	_
26	چالش‌های	_	_	_	_
27	گفتمانی	_	_	_	_
28	باشد	_	_	_	_
29	ولی	_	_	_	_
30	این	_	_	_	_
31	امر	_	_	_	_
32	،	_	_	_	_
33	بدان	_	_	_	_
34	معنی	_	_	_	_
35	نیست	_	_	_	_
36	که	_	_	_	_
37	دانشگاه	_	_	_	_
38	،	_	_	_	_
39	ابزار	_	_	_	_
40	دست	_	_	_	_
41	سیاسیون	_	_	_	_
42	قرار	_	_	_	_
43	بگیرد	_	_	_	_
44	.	_	_	_	_

0	وی	_	_	_	_
1	تأکید	_	_	_	_
2	کرد	_	_	_	_
3	:	_	_	_	_

0	دانشگاه	_	_	_	_
1	نه‌تنها	_	_	_	_
2	نباید	_	_	_	_
3	تحت	_	_	_	_
4	تأثیر	_	_	_	_
5	القائات	_	_	_	_
6	سیاسی	_	_	_	_
7	قرار	_	_	_	_
8	بگیرد	_	_	_	_
9	؛	_	_	_	_
10	بلکه	_	_	_	_
11	باید	_	_	_	_
12	خط‌دهنده	_	_	_	_
13	و	_	_	_	_
14	برنامه‌ریز	_	_	_	_
15	جریانات	_	_	_	_
16	سیاسی	_	_	_	_
17	باشد	_	_	_	_
18	و	_	_	_	_
19	مهم‌ترین	_	_	_	_
20	عنصر	_	_	_	_
21	پیاده	_	_	_	_
22	شدن	_	_	_	_
23	این	_	_	_	_
24	آرمان	_	_	_	_
25	،	_	_	_	_
26	دانشجویان	_	_	_	_
27	و	_	_	_	_
28	اعضای	_	_	_	_
29	هیأت‌علمی	_	_	_	_
30	دانشگاه‌ها	_	_	_	_
31	و	_	_	_	_
32	در	_	_	_	_
33	رأس	_	_	_	_
34	آنها	_	_	_	_
35	استادان	_	_	_	_
36	نمونه	_	_	_	_
37	هستند	_	_	_	_
38	.	_	_	_	_

0	اگرچه	_	_	_	_
1	دانشگاه‌ها	_	_	_	_
2	باید	_	_	_	_
3	پرچمدار	_	_	_	_
4	کرسی‌های	_	_	_	_
5	آزاداندیشی	_	_	_	_
6	و	_	_	_	_
7	حاکمیت	_	_	_	_
8	دانایی	_	_	_	_
9	محوری	_	_	_	_
10	باشند	_	_	_	_
11	،	_	_	_	_
12	باید	_	_	_	_
13	توجه	_	_	_	_
14	داشته باشند	_	_	_	_
15	که	_	_	_	_
16	ناخودآگاه	_	_	_	_
17	تحت	_	_	_	_
18	تأثیر	_	_	_	_
19	جوسازی‌ها	_	_	_	_
20	و	_	_	_	_
21	القائات	_	_	_	_
22	رسانه‌ها	_	_	_	_
23	قرار	_	_	_	_
24	نگیرند	_	_	_	_
25	.	_	_	_	_

0	اقدامات	_	_	_	_
1	انجام‌شده	_	_	_	_
2	درجهت	_	_	_	_
3	ارتقای	_	_	_	_
4	جایگاه	_	_	_	_
5	استادان	_	_	_	_
6	نمونه	_	_	_	_
7	اشاره	_	_	_	_
8	کرد	_	_	_	_
9	و	_	_	_	_
10	گفت	_	_	_	_
11	:	_	_	_	_

0	در	_	_	_	_
1	بنیاد	_	_	_	_
2	نخبگان	_	_	_	_
3	،	_	_	_	_
4	استادان	_	_	_	_
5	نمونه	_	_	_	_
6	از	_	_	_	_
7	مصادیق	_	_	_	_
8	نخبگان	_	_	_	_
9	شناخته شدند	_	_	_	_
10	و	_	_	_	_
11	این	_	_	_	_
12	امر	_	_	_	_
13	به	_	_	_	_
14	لحاظ	_	_	_	_
15	معنوی	_	_	_	_
16	،	_	_	_	_
17	اهمیت	_	_	_	_
18	ویژهای	_	_	_	_
19	دارد	_	_	_	_
20	.	_	_	_	_

0	،	_	_	_	_
1	در	_	_	_	_
2	تعریف	_	_	_	_
3	و	_	_	_	_
4	تعیین	_	_	_	_
5	شاخص‌های	_	_	_	_
6	لازم	_	_	_	_
7	برای	_	_	_	_
8	انتخاب	_	_	_	_
9	«	_	_	_	_
10	استاد	_	_	_	_
11	نمونه	_	_	_	_
12	»	_	_	_	_
13	بازنگری	_	_	_	_
14	کنند	_	_	_	_
15	با	_	_	_	_
16	وسواس	_	_	_	_
17	و	_	_	_	_
18	دقت	_	_	_	_
19	،	_	_	_	_
20	همچنین	_	_	_	_
21	در	_	_	_	_
22	این	_	_	_	_
23	برنامه	_	_	_	_
24	از	_	_	_	_
25	جمعی	_	_	_	_
26	از	_	_	_	_
27	دانش	_	_	_	_
28	آموختهگان	_	_	_	_
29	نمونه	_	_	_	_
30	و	_	_	_	_
31	استادان	_	_	_	_
32	پیش‌کسوت	_	_	_	_
33	این	_	_	_	_
34	مؤسسه	_	_	_	_
35	تقدیر	_	_	_	_
36	می‌شود	_	_	_	_
37	.	_	_	_	_

0	سقراط	_	_	_	_
1	به	_	_	_	_
2	دستور	_	_	_	_
3	دادستان	_	_	_	_
4	جام	_	_	_	_
5	شوکران	_	_	_	_
6	را	_	_	_	_
7	نوشید	_	_	_	_
8	.	_	_	_	_

0	همچنین	_	_	_	_
1	نتایج	_	_	_	_
2	مشروطین	_	_	_	_
3	اسفندماه	_	_	_	_
4	82	_	_	_	_
5	که	_	_	_	_
6	درس	_	_	_	_
7	مشروطی	_	_	_	_
8	خود	_	_	_	_
9	را	_	_	_	_
10	در	_	_	_	_
11	آزمون	_	_	_	_
12	مردادماه	_	_	_	_
13	83	_	_	_	_
14	امتحان	_	_	_	_
15	داده‌اند	_	_	_	_
16	.	_	_	_	_

0	مردی	_	_	_	_
1	به	_	_	_	_
2	اطفال	_	_	_	_
3	گفت	_	_	_	_
4	که	_	_	_	_
5	گل‌ها	_	_	_	_
6	را	_	_	_	_
7	نکنند	_	_	_	_
8	.	_	_	_	_

0	بنابه	_	_	_	_
1	دلایل	_	_	_	_
2	معرفی‌شده	_	_	_	_
3	با	_	_	_	_
4	اخذ	_	_	_	_
5	نمرات	_	_	_	_
6	٢٠	_	_	_	_
7	غیرواقعی	_	_	_	_
8	به	_	_	_	_
9	گروه	_	_	_	_
10	معدل	_	_	_	_
11	بیست‌ها	_	_	_	_
12	پیوسته‌اند	_	_	_	_
13	که	_	_	_	_
14	درطول	_	_	_	_
15	١٤	_	_	_	_
16	سال	_	_	_	_
17	گذشته	_	_	_	_
18	بر	_	_	_	_
19	تعداد	_	_	_	_
20	این	_	_	_	_
21	معدل	_	_	_	_
22	بیست‌ها	_	_	_	_
23	به	_	_	_	_
24	طور	_	_	_	_
25	بی‌رویه‌ای	_	_	_	_
26	اضافه	_	_	_	_
27	شده است	_	_	_	_
28	این	_	_	_	_
29	محقق	_	_	_	_
30	تاکید	_	_	_	_
31	دارد	_	_	_	_
32	:	_	_	_	_

0	منطقی‌ترین	_	_	_	_
1	روش	_	_	_	_
2	ارزشیابی	_	_	_	_
3	سیره	_	_	_	_
4	نبوی	_	_	_	_
5	رشته‌های	_	_	_	_
6	متنوع	_	_	_	_
7	دیگری	_	_	_	_
8	همچون	_	_	_	_
9	وبلاگ	_	_	_	_
10	نویسی	_	_	_	_
11	،	_	_	_	_
12	کتاب‌خوانی	_	_	_	_
13	،	_	_	_	_
14	گرافیک	_	_	_	_
15	،	_	_	_	_
16	کاریکاتور	_	_	_	_
17	،	_	_	_	_
18	شعر	_	_	_	_
19	،	_	_	_	_
20	داستان	_	_	_	_
21	کوتاه	_	_	_	_
22	،	_	_	_	_
23	عکاسی	_	_	_	_
24	،	_	_	_	_
25	خوشنویسی	_	_	_	_
26	،	_	_	_	_
27	چهل	_	_	_	_
28	حدیث	_	_	_	_
29	نویسی	_	_	_	_
30	،	_	_	_	_
31	نماهنگ	_	_	_	_
32	و	_	_	_	_
33	فیلم	_	_	_	_
34	کوتاه	_	_	_	_
35	پیش‌بینی	_	_	_	_
36	شده است	_	_	_	_
37	.	_	_	_	_

0	نخستین	_	_	_	_
1	مرکز	_	_	_	_
2	آموزش	_	_	_	_
3	عالی	_	_	_	_
4	بین‌المللی	_	_	_	_
5	دانشگاه	_	_	_	_
6	موناش	_	_	_	_
7	استرالیا	_	_	_	_
8	در	_	_	_	_
9	کیش	_	_	_	_
10	آغاز	_	_	_	_
11	به	_	_	_	_
12	کارکرد	_	_	_	_
13	.	_	_	_	_

0	وی	_	_	_	_
1	اعلام	_	_	_	_
2	و	_	_	_	_
3	پیش‌بینی	_	_	_	_
4	کرد	_	_	_	_
5	دومین	_	_	_	_
6	گردهمآیی	_	_	_	_
7	دانشجویان	_	_	_	_
8	.	_	_	_	_

0	هفتمین	_	_	_	_
1	اجلاس	_	_	_	_
2	مشترک	_	_	_	_
3	هیاتهای	_	_	_	_
4	امنای	_	_	_	_
5	دانشگاه‌ها	_	_	_	_
6	و	_	_	_	_
7	مؤسسات	_	_	_	_
8	آموزش	_	_	_	_
9	عالی	_	_	_	_
10	و	_	_	_	_
11	پژوهشی	_	_	_	_
12	برگزار	_	_	_	_
13	شد	_	_	_	_
14	.	_	_	_	_

0	آیین‌نامه‌های	_	_	_	_
1	مالی	_	_	_	_
2	و	_	_	_	_
3	معاملاتی	_	_	_	_
4	دانشگاه‌ها	_	_	_	_
5	برای	_	_	_	_
6	رفع	_	_	_	_
7	معضلات	_	_	_	_
8	معیشتی	_	_	_	_
9	،	_	_	_	_
10	کارکنان	_	_	_	_
11	.	_	_	_	_

0	موجب	_	_	_	_
1	نگرانی	_	_	_	_
2	افکار	_	_	_	_
3	عمومی	_	_	_	_
4	و	_	_	_	_
5	ایجاد	_	_	_	_
6	بدبینی	_	_	_	_
7	در	_	_	_	_
8	اذهان	_	_	_	_
9	جوانان	_	_	_	_
10	داوطلب	_	_	_	_
11	ورود	_	_	_	_
12	به	_	_	_	_
13	دانشگاه‌ها	_	_	_	_
14	شده است	_	_	_	_
15	.	_	_	_	_

0	هرگونه	_	_	_	_
1	شائبه‌ای	_	_	_	_
2	به	_	_	_	_
3	دور	_	_	_	_
4	است	_	_	_	_
5	و	_	_	_	_
6	به‌هیچ‌وجــه	_	_	_	_
7	ورود	_	_	_	_
8	داوطلبی	_	_	_	_
9	به	_	_	_	_
10	دانشگاه	_	_	_	_
11	بدون	_	_	_	_
12	شرکت	_	_	_	_
13	در	_	_	_	_
14	آزمون	_	_	_	_
15	سراسری	_	_	_	_
16	و	_	_	_	_
17	کسب	_	_	_	_
18	اولویت	_	_	_	_
19	علمی	_	_	_	_
20	امکان‌پذیر	_	_	_	_
21	نبوده	_	_	_	_
22	و	_	_	_	_
23	نیست	_	_	_	_
24	.	_	_	_	_

0	به	_	_	_	_
1	واحدهای	_	_	_	_
2	دانشگاهی	_	_	_	_
3	تهران	_	_	_	_
4	سماء	_	_	_	_
5	،	_	_	_	_
6	آشتیان	_	_	_	_
7	،	_	_	_	_
8	اراک	_	_	_	_
9	،	_	_	_	_
10	اسلام‌شهر	_	_	_	_
11	،	_	_	_	_
12	قائمشهر	_	_	_	_
13	،	_	_	_	_
14	خوی	_	_	_	_
15	،	_	_	_	_
16	رودهن	_	_	_	_
17	،	_	_	_	_
18	زرند	_	_	_	_
19	،	_	_	_	_
20	زنجان	_	_	_	_
21	،	_	_	_	_
22	سوادکوه	_	_	_	_
23	،	_	_	_	_
24	شاهرود	_	_	_	_
25	،	_	_	_	_
26	شبستر	_	_	_	_
27	،	_	_	_	_
28	شهرکرد	_	_	_	_
29	،	_	_	_	_
30	علوم	_	_	_	_
31	و	_	_	_	_
32	تحقیقات	_	_	_	_
33	تهران	_	_	_	_
34	،	_	_	_	_
35	کاشان	_	_	_	_
36	،	_	_	_	_
37	کرج	_	_	_	_
38	،	_	_	_	_
39	کرمان	_	_	_	_
40	،	_	_	_	_
41	مراغه	_	_	_	_
42	،	_	_	_	_
43	میمه	_	_	_	_
44	،	_	_	_	_
45	ورامین	_	_	_	_
46	و	_	_	_	_
47	.	_	_	_	_

0	.	_	_	_	_

0	.	_	_	_	_

0	در	_	_	_	_
1	مقطع	_	_	_	_
2	کارشناسی‌ارشد	_	_	_	_
3	در	_	_	_	_
4	شاخه‌های	_	_	_	_
5	بیو	_	_	_	_
6	سیستماتیک	_	_	_	_
7	،	_	_	_	_
8	گیاهی	_	_	_	_
9	و	_	_	_	_
10	جانوری	_	_	_	_
11	جنین‌شناسی	_	_	_	_
12	،	_	_	_	_
13	اکولوژی	_	_	_	_
14	،	_	_	_	_
15	فیزیولوژی	_	_	_	_
16	،	_	_	_	_
17	سلولی	_	_	_	_
18	،	_	_	_	_
19	مولکولی	_	_	_	_
20	و	_	_	_	_
21	بیوشیمی	_	_	_	_
22	و	_	_	_	_
23	در	_	_	_	_
24	دوره	_	_	_	_
25	دکترا	_	_	_	_
26	در	_	_	_	_
27	گرایش	_	_	_	_
28	سلولی	_	_	_	_
29	،	_	_	_	_
30	مولکولی	_	_	_	_
31	مشغول	_	_	_	_
32	به	_	_	_	_
33	تحصیل	_	_	_	_
34	می‌باشند	_	_	_	_
35	.	_	_	_	_

0	کارخانه‌های	_	_	_	_
1	مواد	_	_	_	_
2	غذایی	_	_	_	_
3	و	_	_	_	_
4	اداره‌های	_	_	_	_
5	بهداشت	_	_	_	_
6	فعالیت	_	_	_	_
7	کنند	_	_	_	_
8	.	_	_	_	_

0	با	_	_	_	_
1	این	_	_	_	_
2	حال	_	_	_	_
3	شورای	_	_	_	_
4	شهر	_	_	_	_
5	درکل	_	_	_	_
6	یک	_	_	_	_
7	امر	_	_	_	_
8	سرنوشت‌ساز	_	_	_	_
9	بوده	_	_	_	_
10	و	_	_	_	_
11	امید	_	_	_	_
12	است	_	_	_	_
13	تا	_	_	_	_
14	،	_	_	_	_
15	مشارکت	_	_	_	_
16	داشته باشند	_	_	_	_
17	.	_	_	_	_

0	تاکید	_	_	_	_
1	کرد	_	_	_	_
2	:	_	_	_	_

0	اگر	_	_	_	_
1	به	_	_	_	_
2	دانشمندان	_	_	_	_
3	ارج	_	_	_	_
4	ننهیم	_	_	_	_
5	،	_	_	_	_
6	آزادی	_	_	_	_
7	و	_	_	_	_
8	انگیزه	_	_	_	_
9	علمی	_	_	_	_
10	را	_	_	_	_
11	در	_	_	_	_
12	آنان	_	_	_	_
13	تقویت	_	_	_	_
14	نکنیم	_	_	_	_
15	!	_	_	_	_

0	توسعه	_	_	_	_
1	همه‌جانبه	_	_	_	_
2	کشور	_	_	_	_
3	تحقق	_	_	_	_
4	ناپذیر	_	_	_	_
5	خواهد ماند	_	_	_	_
6	.	_	_	_	_

0	اظهار	_	_	_	_
1	کرد	_	_	_	_
2	:	_	_	_	_

0	اسم	_	_	_	_
1	دانشگاهیا	_	_	_	_
2	مردمان	_	_	_	_
3	گرگان	_	_	_	_
4	دچار	_	_	_	_
5	یاس	_	_	_	_
6	شدند	_	_	_	_
7	.	_	_	_	_

0	نیاکان	_	_	_	_
1	ما	_	_	_	_
2	افرادی	_	_	_	_
3	روشن‌ضمیر	_	_	_	_
4	بودند	_	_	_	_
5	.	_	_	_	_

0	ن	_	_	_	_
1	برخی	_	_	_	_
2	از	_	_	_	_
3	ملاک‌های	_	_	_	_
4	رتبه‌بندی	_	_	_	_
5	دانشگاه‌های	_	_	_	_
6	دنیا	_	_	_	_
7	ست	_	_	_	_
8	.	_	_	_	_

0	برنامه‌ریزی	_	_	_	_
1	شهری	_	_	_	_
2	،	_	_	_	_
3	فیزیک	_	_	_	_
4	،	_	_	_	_
5	جغرافیای	_	_	_	_
6	انسانی	_	_	_	_
7	-	_	_	_	_
8	علوم	_	_	_	_
9	اقتصادی	_	_	_	_
10	،	_	_	_	_
11	جغرافیای	_	_	_	_
12	طبیعی	_	_	_	_
13	-	_	_	_	_
14	ژئوموفولوژی	_	_	_	_
15	،	_	_	_	_
16	مدیریت	_	_	_	_
17	بازرگانی	_	_	_	_
18	-	_	_	_	_
19	بازاریابی	_	_	_	_
20	،	_	_	_	_
21	جغرافیای	_	_	_	_
22	طبیعی	_	_	_	_
23	-	_	_	_	_
24	اقلیم‌شناسی	_	_	_	_
25	،	_	_	_	_
26	مدیریت	_	_	_	_
27	بازرگانی	_	_	_	_
28	-	_	_	_	_
29	رفتار	_	_	_	_
30	سازمانی	_	_	_	_
31	و	_	_	_	_
32	مدیریت	_	_	_	_
33	منابع	_	_	_	_
34	انسانی	_	_	_	_
35	،	_	_	_	_
36	جامعه‌شناسی	_	_	_	_
37	،	_	_	_	_
38	روانشناسی	_	_	_	_
39	عمومی	_	_	_	_
40	،	_	_	_	_
41	فلسفه	_	_	_	_
42	،	_	_	_	_
43	مدیریت	_	_	_	_
44	آموزشی	_	_	_	_
45	،	_	_	_	_
46	آموزش	_	_	_	_
47	زبان	_	_	_	_
48	انگلیسی	_	_	_	_
49	،	_	_	_	_
50	برنامه‌ریزی	_	_	_	_
51	درسی	_	_	_	_
52	،	_	_	_	_
53	زبان	_	_	_	_
54	و	_	_	_	_
55	ادبیات	_	_	_	_
56	عرب	_	_	_	_
57	،	_	_	_	_
58	مشاوره	_	_	_	_
59	،	_	_	_	_
60	زبانشناسی	_	_	_	_
61	همگانی	_	_	_	_
62	،	_	_	_	_
63	کامپیوتر	_	_	_	_
64	-	_	_	_	_
65	نرم‌افزار	_	_	_	_
66	آمار	_	_	_	_
67	،	_	_	_	_
68	کامپیوتر	_	_	_	_
69	-	_	_	_	_
70	معماری	_	_	_	_
71	کامپیوتر	_	_	_	_
72	،	_	_	_	_
73	ریاضی	_	_	_	_
74	-	_	_	_	_
75	آنالیز	_	_	_	_
76	،	_	_	_	_
77	ریاضی	_	_	_	_
78	-	_	_	_	_
79	جبر	_	_	_	_
80	،	_	_	_	_
81	زمین‌شناسی	_	_	_	_
82	-	_	_	_	_
83	چینه	_	_	_	_
84	و	_	_	_	_
85	فسیل	_	_	_	_
86	شناسی	_	_	_	_
87	و	_	_	_	_
88	میکروبیولوژی	_	_	_	_
89	دانشجوی	_	_	_	_
90	دکترا	_	_	_	_
91	می‌پذیرد	_	_	_	_
92	.	_	_	_	_

0	کسب	_	_	_	_
1	حدنصاب	_	_	_	_
2	لازم	_	_	_	_
3	در	_	_	_	_
4	آزمون	_	_	_	_
5	ورودی	_	_	_	_
6	به	_	_	_	_
7	دوره‌ی	_	_	_	_
8	دکتری	_	_	_	_
9	از	_	_	_	_
10	دیگر	_	_	_	_
11	شرایط	_	_	_	_
12	ثبت‌نام	_	_	_	_
13	است	_	_	_	_
14	.	_	_	_	_

0	دانشگاه	_	_	_	_
1	غیرمجاز	_	_	_	_
2	هاوایی	_	_	_	_
3	در	_	_	_	_
4	سال	_	_	_	_
5	1372	_	_	_	_
6	تأسیس	_	_	_	_
7	شد	_	_	_	_
8	و	_	_	_	_
9	500	_	_	_	_
10	فارغ‌التحصیل	_	_	_	_
11	بود	_	_	_	_
12	که	_	_	_	_
13	همگی	_	_	_	_
14	آنها	_	_	_	_
15	شناسایی	_	_	_	_
16	شده‌اند	_	_	_	_
17	و	_	_	_	_
18	براساس	_	_	_	_
19	کیفرخواست	_	_	_	_
20	حبس	_	_	_	_
21	تعزیری	_	_	_	_
22	(	_	_	_	_
23	بازدارنده	_	_	_	_
24	)	_	_	_	_
25	به	_	_	_	_
26	اتهام	_	_	_	_
27	کلاهبرداری	_	_	_	_
28	تبرئه‌شده	_	_	_	_
29	و	_	_	_	_
30	حکم	_	_	_	_
31	3	_	_	_	_
32	سال	_	_	_	_
33	وی	_	_	_	_
34	نیز	_	_	_	_
35	نقض	_	_	_	_
36	شده است	_	_	_	_
37	.	_	_	_	_

0	در	_	_	_	_
1	صورت	_	_	_	_
2	ضرورت	_	_	_	_
3	اسامی	_	_	_	_
4	فارغ‌التحصیلان	_	_	_	_
5	ذی‌نفع	_	_	_	_
6	منتشر	_	_	_	_
7	می‌شود	_	_	_	_
8	.	_	_	_	_

0	تبعات	_	_	_	_
1	منفی	_	_	_	_
2	زیادی	_	_	_	_
3	به	_	_	_	_
4	دنبال	_	_	_	_
5	خواهد داشت	_	_	_	_
6	.	_	_	_	_

0	سلام	_	_	_	_
1	به	_	_	_	_
2	همه‌ی	_	_	_	_
3	مردم	_	_	_	_
4	ایران	_	_	_	_
5	که	_	_	_	_
6	خوش‌اخلاق	_	_	_	_
7	هستند	_	_	_	_
8	.	_	_	_	_

0	پلنگی	_	_	_	_
1	با	_	_	_	_
2	پوستی	_	_	_	_
3	راه‌راه	_	_	_	_
4	دیدم	_	_	_	_
5	که	_	_	_	_
6	تندتند	_	_	_	_
7	می‌دوید	_	_	_	_
8	و	_	_	_	_
9	من	_	_	_	_
10	ترسیدم	_	_	_	_
11	و	_	_	_	_
12	گفتم	_	_	_	_
13	وااای	_	_	_	_
14	.	_	_	_	_

0	محصولاتی	_	_	_	_
1	نظیر	_	_	_	_
2	پلاستیک	_	_	_	_
3	،	_	_	_	_
4	دارو	_	_	_	_
5	،	_	_	_	_
6	مواد	_	_	_	_
7	شوینده	_	_	_	_
8	و	_	_	_	_
9	سوخت‌ها	_	_	_	_
10	در	_	_	_	_
11	واحدهای	_	_	_	_
12	عملی	_	_	_	_
13	استفاده	_	_	_	_
14	می‌کنند	_	_	_	_
15	و	_	_	_	_
16	همچنین	_	_	_	_
17	برای	_	_	_	_
18	بالا	_	_	_	_
19	بردن	_	_	_	_
20	تولید	_	_	_	_
21	برنامه‌ریزی	_	_	_	_
22	می‌کند	_	_	_	_
23	.	_	_	_	_

0	انرژی	_	_	_	_
1	هسته‌ای	_	_	_	_
2	،	_	_	_	_
3	صنایع	_	_	_	_
4	غذایی	_	_	_	_
5	،	_	_	_	_
6	توسعه‌ی	_	_	_	_
7	منابع	_	_	_	_
8	جدید	_	_	_	_
9	انرژی	_	_	_	_
10	،	_	_	_	_
11	تحقیقات	_	_	_	_
12	،	_	_	_	_
13	مدیریت	_	_	_	_
14	،	_	_	_	_
15	پردازش	_	_	_	_
16	داده‌ها	_	_	_	_
17	و	_	_	_	_
18	میزان	_	_	_	_
19	و	_	_	_	_
20	بازار	_	_	_	_
21	فروش	_	_	_	_
22	از	_	_	_	_
23	دیگر	_	_	_	_
24	زمینه‌های	_	_	_	_
25	فعالیت	_	_	_	_
26	مهندسان	_	_	_	_
27	شیمی	_	_	_	_
28	می‌باشد	_	_	_	_
29	.	_	_	_	_

0	اما	_	_	_	_
1	قواغنین	_	_	_	_
2	دست‌وپاگیر	_	_	_	_
3	دانشگاه	_	_	_	_
4	قم	_	_	_	_
5	،	_	_	_	_
6	چون	_	_	_	_
7	همیشه	_	_	_	_
8	انگیزه‌ها	_	_	_	_
9	و	_	_	_	_
10	اراده‌ها	_	_	_	_
11	را	_	_	_	_
12	سرد	_	_	_	_
13	و	_	_	_	_
14	بی‌رمق	_	_	_	_
15	می‌نماید	_	_	_	_
16	.	_	_	_	_

0	ترافیک	_	_	_	_
1	شدید	_	_	_	_
2	در	_	_	_	_
3	اتوبان	_	_	_	_
4	چمران	_	_	_	_
5	بسیار	_	_	_	_
6	آزاردهنده	_	_	_	_
7	بود	_	_	_	_
8	.	_	_	_	_

0	آهنگی	_	_	_	_
1	شنیدم	_	_	_	_
2	که	_	_	_	_
3	خواننده	_	_	_	_
4	با	_	_	_	_
5	صدایی	_	_	_	_
6	زیبا	_	_	_	_
7	و	_	_	_	_
8	رسا	_	_	_	_
9	آن	_	_	_	_
10	را	_	_	_	_
11	می‌خواند	_	_	_	_
12	.	_	_	_	_

0	دختری	_	_	_	_
1	با	_	_	_	_
2	کفش‌های	_	_	_	_
3	کتانی	_	_	_	_
4	دیدم	_	_	_	_
5	که	_	_	_	_
6	سبزیجات	_	_	_	_
7	می‌خورد	_	_	_	_
8	.	_	_	_	_

0	واحد	_	_	_	_
1	مرکزی	_	_	_	_
2	خبر	_	_	_	_
3	اخبار	_	_	_	_
4	جدیدی	_	_	_	_
5	را	_	_	_	_
6	مخابره	_	_	_	_
7	کرد	_	_	_	_
8	.	_	_	_	_

0	چرا	_	_	_	_
1	لباس‌های	_	_	_	_
2	خواهرت	_	_	_	_
3	را	_	_	_	_
4	اتو	_	_	_	_
5	نکردی	_	_	_	_
6	؟	_	_	_	_
7	دشمنان	_	_	_	_
8	ایران	_	_	_	_
9	در	_	_	_	_
10	همه	_	_	_	_
11	نقاط	_	_	_	_
12	جهان	_	_	_	_
13	پراکننده	_	_	_	_
14	هستند	_	_	_	_
15	.	_	_	_	_

0	گروه	_	_	_	_
1	بزرگ	_	_	_	_
2	موسیقیایی	_	_	_	_
3	پاپ	_	_	_	_
4	راک	_	_	_	_
5	در	_	_	_	_
6	کابل	_	_	_	_
7	کنسرت	_	_	_	_
8	خواهند داشت	_	_	_	_
9	.	_	_	_	_

0	دیشب	_	_	_	_
1	برنامه	_	_	_	_
2	۹۰	_	_	_	_
3	به	_	_	_	_
4	علت	_	_	_	_
5	سو	_	_	_	_
6	تفاهم	_	_	_	_
7	بین	_	_	_	_
8	دست	_	_	_	_
9	اندر	_	_	_	_
10	کاران	_	_	_	_
11	پخش	_	_	_	_
12	نشد	_	_	_	_
13	.	_	_	_	_

0	ستارگان	_	_	_	_
1	سینمای	_	_	_	_
2	هالیوود	_	_	_	_
3	بسیار	_	_	_	_
4	پردرآمد	_	_	_	_
5	هستند	_	_	_	_
6	.	_	_	_	_

0	سیستم	_	_	_	_
1	کامپیوتری	_	_	_	_
2	شرکت‌های	_	_	_	_
3	ایرانی	_	_	_	_
4	قوی	_	_	_	_
5	نیست	_	_	_	_
6	.	_	_	_	_

0	خواهرم	_	_	_	_
1	به	_	_	_	_
2	مغازه	_	_	_	_
3	رفت	_	_	_	_
4	و	_	_	_	_
5	شکلات	_	_	_	_
6	و	_	_	_	_
7	آب‌نبات	_	_	_	_
8	خرید	_	_	_	_
9	.	_	_	_	_

0	او	_	_	_	_
1	به	_	_	_	_
2	من	_	_	_	_
3	نگاه	_	_	_	_
4	خیلی	_	_	_	_
5	سنگینی	_	_	_	_
6	کرد	_	_	_	_
7	.	_	_	_	_

0	من	_	_	_	_
1	به	_	_	_	_
2	معلمم	_	_	_	_
3	که	_	_	_	_
4	دست	_	_	_	_
5	به	_	_	_	_
6	سینه	_	_	_	_
7	ایستاده بود	_	_	_	_
8	نگاه	_	_	_	_
9	بدی	_	_	_	_
10	کردم	_	_	_	_
11	.	_	_	_	_

0	طلاب	_	_	_	_
1	حوزه‌ی	_	_	_	_
2	عملیه	_	_	_	_
3	قم	_	_	_	_
4	بسیار	_	_	_	_
5	پرکار	_	_	_	_
6	و	_	_	_	_
7	سختکوش	_	_	_	_
8	هستند	_	_	_	_
9	.	_	_	_	_

0	رانندگی	_	_	_	_
1	با	_	_	_	_
2	سرعت	_	_	_	_
3	بالا	_	_	_	_
4	برای	_	_	_	_
5	سر	_	_	_	_
6	نشینان	_	_	_	_
7	و	_	_	_	_
8	راننده	_	_	_	_
9	خطرناک	_	_	_	_
10	است	_	_	_	_
11	.	_	_	_	_

0	سه	_	_	_	_
1	ماه	_	_	_	_
2	مانده	_	_	_	_
3	به	_	_	_	_
4	جشنواره	_	_	_	_
5	فیلم	_	_	_	_
6	فجر	_	_	_	_
7	بعضی	_	_	_	_
8	از	_	_	_	_
9	کار	_	_	_	_
10	گردانان	_	_	_	_
11	فیلم‌های	_	_	_	_
12	خود	_	_	_	_
13	را	_	_	_	_
14	به	_	_	_	_
15	کمیته	_	_	_	_
16	داوران	_	_	_	_
17	تحویل	_	_	_	_
18	دادند	_	_	_	_
19	.	_	_	_	_

0	موسم	_	_	_	_
1	بهاران	_	_	_	_
2	هوای	_	_	_	_
3	شمال	_	_	_	_
4	شهر	_	_	_	_
5	تهران	_	_	_	_
6	بسیار	_	_	_	_
7	دلربا	_	_	_	_
8	می‌شود	_	_	_	_
9	.	_	_	_	_

0	یکی	_	_	_	_
1	از	_	_	_	_
2	آثار	_	_	_	_
3	بشدت	_	_	_	_
4	دوست‌داشتنی	_	_	_	_
5	جیم	_	_	_	_
6	جارموش	_	_	_	_
7	که	_	_	_	_
8	تماماً	_	_	_	_
9	حول	_	_	_	_
10	محور	_	_	_	_
11	گفتگو	_	_	_	_
12	،	_	_	_	_
13	سیگار	_	_	_	_
14	و	_	_	_	_
15	قهوه	_	_	_	_
16	می‌گردد	_	_	_	_
17	و	_	_	_	_
18	ادای	_	_	_	_
19	د	_	_	_	_
20	ِ	_	_	_	_
21	ین	_	_	_	_
22	جیم	_	_	_	_
23	به	_	_	_	_
24	این	_	_	_	_
25	دو	_	_	_	_
26	عزیز	_	_	_	_
27	است	_	_	_	_
28	.	_	_	_	_

0	صداوسیمای	_	_	_	_
1	جمهوری	_	_	_	_
2	اسلامی	_	_	_	_
3	ایران	_	_	_	_
4	برنامه‌های	_	_	_	_
5	جالبی	_	_	_	_
6	ندارد	_	_	_	_
7	.	_	_	_	_

0	پرداخت	_	_	_	_
1	قبض	_	_	_	_
2	به	_	_	_	_
3	صورت	_	_	_	_
4	الکترونیکی	_	_	_	_
5	هزینه	_	_	_	_
6	آبونمان	_	_	_	_
7	را	_	_	_	_
8	کاهش	_	_	_	_
9	بسزایی	_	_	_	_
10	می‌دهد	_	_	_	_
11	.	_	_	_	_

0	آشپزی	_	_	_	_
1	در	_	_	_	_
2	رستوران	_	_	_	_
3	هنگام	_	_	_	_
4	پخت	_	_	_	_
5	غذا	_	_	_	_
6	دستش	_	_	_	_
7	سوخت	_	_	_	_
8	.	_	_	_	_

0	ماشین‌آلات	_	_	_	_
1	چینی	_	_	_	_
2	کیفیت	_	_	_	_
3	مرغوبی	_	_	_	_
4	ندارند	_	_	_	_
5	.	_	_	_	_

0	کردستان	_	_	_	_
1	سرزمینی	_	_	_	_
2	بسیار	_	_	_	_
3	دلفریب	_	_	_	_
4	می‌باشد	_	_	_	_
5	.	_	_	_	_

0	الهی	_	_	_	_
1	جانتان	_	_	_	_
2	سلامت	_	_	_	_
3	و	_	_	_	_
4	تندرست	_	_	_	_
5	باشد	_	_	_	_
6	.	_	_	_	_

0	البسه	_	_	_	_
1	خودتان	_	_	_	_
2	را	_	_	_	_
3	با	_	_	_	_
4	اتو	_	_	_	_
5	صاف	_	_	_	_
6	کنید	_	_	_	_
7	.	_	_	_	_

0	بیماران	_	_	_	_
1	قبلی	_	_	_	_
2	و	_	_	_	_
3	عروقی	_	_	_	_
4	در	_	_	_	_
5	بیمارستان	_	_	_	_
6	آبان	_	_	_	_
7	بستری	_	_	_	_
8	شدند	_	_	_	_
9	.	_	_	_	_

0	سامان	_	_	_	_
1	پسری	_	_	_	_
2	هنرمند	_	_	_	_
3	او	_	_	_	_
4	موسیقی‌دان	_	_	_	_
5	است	_	_	_	_
6	.	_	_	_	_

0	مجمع	_	_	_	_
1	عمومی	_	_	_	_
2	و	_	_	_	_
3	انتخابات	_	_	_	_
4	شورای	_	_	_	_
5	مرکزی	_	_	_	_
6	و	_	_	_	_
7	بازرسین	_	_	_	_
8	جامعه	_	_	_	_
9	دانش‌آموختگان	_	_	_	_
10	دانشگاه	_	_	_	_
11	ظرف	_	_	_	_
12	ماه	_	_	_	_
13	آتی	_	_	_	_
14	برگزار	_	_	_	_
15	می‌شود	_	_	_	_
16	.	_	_	_	_
