0	هزار	_	_	_	_
1	سال	_	_	_	_
2	است	_	_	_	_
3	که	_	_	_	_
4	مردم	_	_	_	_
5	فارسی‌زبان	_	_	_	_
6	و	_	_	_	_
7	فارسی‌دان	_	_	_	_
8	و	_	_	_	_
9	فارسی‌خوان	_	_	_	_
10	در	_	_	_	_
11	قلمرو	_	_	_	_
12	زبان	_	_	_	_
13	فارسی	_	_	_	_
14	با	_	_	_	_
15	شاهنامه	_	_	_	_
16	این	_	_	_	_
17	سند	_	_	_	_
18	لیاقت	_	_	_	_
19	زبان	_	_	_	_
20	فارسی	_	_	_	_
21	،	_	_	_	_
22	این	_	_	_	_
23	گنجینه	_	_	_	_
24	معارف	_	_	_	_
25	ایرانی	_	_	_	_
26	و	_	_	_	_
27	اسلامی	_	_	_	_
28	و	_	_	_	_
29	این	_	_	_	_
30	فرهنگ	_	_	_	_
31	ایران	_	_	_	_
32	به	_	_	_	_
33	معنی	_	_	_	_
34	وسیع	_	_	_	_
35	کلمه	_	_	_	_
36	از	_	_	_	_
37	آغاز	_	_	_	_
38	تا	_	_	_	_
39	پایان	_	_	_	_
40	قرن	_	_	_	_
41	چهارم	_	_	_	_
42	هجری	_	_	_	_
43	آشنایی	_	_	_	_
44	دارند	_	_	_	_
45	و	_	_	_	_
46	آن	_	_	_	_
47	را	_	_	_	_
48	خوانده	_	_	_	_
49	و	_	_	_	_
50	بهره‌ها	_	_	_	_
51	برده‌اند	_	_	_	_
52	و	_	_	_	_
53	یا	_	_	_	_
54	در	_	_	_	_
55	مجامع	_	_	_	_
56	عمومی	_	_	_	_
57	از	_	_	_	_
58	زبان	_	_	_	_
59	راویان	_	_	_	_
60	نقال	_	_	_	_
61	و	_	_	_	_
62	در	_	_	_	_
63	محافل	_	_	_	_
64	خصوصی	_	_	_	_
65	از	_	_	_	_
66	دو	_	_	_	_
67	لب	_	_	_	_
68	شاهنامه‌خوانان	_	_	_	_
69	داستان‌هایی	_	_	_	_
70	مهیج	_	_	_	_
71	و	_	_	_	_
72	سرگذشت‌های	_	_	_	_
73	عبرت‌آموز	_	_	_	_
74	آن	_	_	_	_
75	را	_	_	_	_
76	شنیده	_	_	_	_
77	و	_	_	_	_
78	ذوق‌ها	_	_	_	_
79	کرده‌اند	_	_	_	_
80	و	_	_	_	_
81	سخن‌شناسان	_	_	_	_
82	نکته‌سنج	_	_	_	_
83	و	_	_	_	_
84	نقادان	_	_	_	_
85	موشکاف	_	_	_	_
86	و	_	_	_	_
87	آگاهان	_	_	_	_
88	بر	_	_	_	_
89	رمزوراز	_	_	_	_
90	داستان‌های	_	_	_	_
91	حماسی	_	_	_	_
92	به	_	_	_	_
93	شاهکار	_	_	_	_
94	بودن	_	_	_	_
95	آن	_	_	_	_
96	گنجینه	_	_	_	_
97	هنر	_	_	_	_
98	در	_	_	_	_
99	توصیف	_	_	_	_
100	و	_	_	_	_
101	آموزنده	_	_	_	_
102	بودن	_	_	_	_
103	آن	_	_	_	_
104	در	_	_	_	_
105	مسائل	_	_	_	_
106	اجتماعی	_	_	_	_
107	و	_	_	_	_
108	اخلاقی	_	_	_	_
109	و	_	_	_	_
110	اعتقادی	_	_	_	_
111	و	_	_	_	_
112	ایمانی	_	_	_	_
113	و	_	_	_	_
114	ممتاز	_	_	_	_
115	و	_	_	_	_
116	برتر	_	_	_	_
117	بودن	_	_	_	_
118	آن	_	_	_	_
119	از	_	_	_	_
120	دیگر	_	_	_	_
121	آثار	_	_	_	_
122	حماسی	_	_	_	_
123	جهان	_	_	_	_
124	و	_	_	_	_
125	والایی	_	_	_	_
126	و	_	_	_	_
127	ماندگاری	_	_	_	_
128	مقام	_	_	_	_
129	بلند	_	_	_	_
130	سراینده	_	_	_	_
131	گشاده‌زبان	_	_	_	_
132	و	_	_	_	_
133	باریک‌اندیش	_	_	_	_
134	آن	_	_	_	_
135	هم‌داستان	_	_	_	_
136	گشته‌اند	_	_	_	_
137	همچنان‌که	_	_	_	_
138	عرضه	_	_	_	_
139	شدن	_	_	_	_
140	متن	_	_	_	_
141	شاهنامه	_	_	_	_
142	در	_	_	_	_
143	26	_	_	_	_
144	جزوه	_	_	_	_
145	به	_	_	_	_
146	قطع	_	_	_	_
147	کوچک	_	_	_	_
148	با	_	_	_	_
149	توضیحات	_	_	_	_
150	لغوی	_	_	_	_
151	زیر	_	_	_	_
152	صفحات	_	_	_	_
153	خواندن	_	_	_	_
154	آن	_	_	_	_
155	کتاب	_	_	_	_
156	عظیم	_	_	_	_
157	جلیل‌القدر	_	_	_	_
158	را	_	_	_	_
159	درهرحال	_	_	_	_
160	و	_	_	_	_
161	هر	_	_	_	_
162	جای	_	_	_	_
163	برای	_	_	_	_
164	همه	_	_	_	_
165	کس	_	_	_	_
166	آسان	_	_	_	_
167	ساخته است	_	_	_	_
168	برگردان	_	_	_	_
169	روایت‌گونه	_	_	_	_
170	آن	_	_	_	_
171	نیز	_	_	_	_
172	به	_	_	_	_
173	سهولت	_	_	_	_
174	اطلاع	_	_	_	_
175	بر	_	_	_	_
176	محتوای	_	_	_	_
177	شاهنامه	_	_	_	_
178	را	_	_	_	_
179	فراهم	_	_	_	_
180	آورده است	_	_	_	_
181	و	_	_	_	_
182	راه‌گشای	_	_	_	_
183	خواندن	_	_	_	_
184	متن	_	_	_	_
185	شاهنامه	_	_	_	_
186	به	_	_	_	_
187	روانی	_	_	_	_
188	و	_	_	_	_
189	آسانی	_	_	_	_
190	است	_	_	_	_
191	شاهنامه	_	_	_	_
192	نامه‌ای	_	_	_	_
193	است	_	_	_	_
194	پندمند	_	_	_	_
195	.	_	_	_	_

0	سرگذشت	_	_	_	_
1	تاریخی	_	_	_	_
2	ملّتی	_	_	_	_
3	است	_	_	_	_
4	که	_	_	_	_
5	شکست‌ها	_	_	_	_
6	و	_	_	_	_
7	پیروزی‌های	_	_	_	_
8	بسیاری	_	_	_	_
9	را	_	_	_	_
10	تجربه	_	_	_	_
11	کرده	_	_	_	_
12	اما	_	_	_	_
13	همواره	_	_	_	_
14	بر	_	_	_	_
15	پای	_	_	_	_
16	ایستاده	_	_	_	_
17	و	_	_	_	_
18	دربرابر	_	_	_	_
19	همه‌ی	_	_	_	_
20	حوادث	_	_	_	_
21	سربلند	_	_	_	_
22	و	_	_	_	_
23	سرافراز	_	_	_	_
24	بیرون	_	_	_	_
25	آمده است	_	_	_	_
26	.	_	_	_	_

0	شاهنامه	_	_	_	_
1	کامرانی‌ها	_	_	_	_
2	و	_	_	_	_
3	ناکامی‌ها	_	_	_	_
4	،	_	_	_	_
5	مرادی‌ها	_	_	_	_
6	و	_	_	_	_
7	نامرادی‌های	_	_	_	_
8	تاریخ	_	_	_	_
9	ایران	_	_	_	_
10	را	_	_	_	_
11	بیان	_	_	_	_
12	کرده است	_	_	_	_
13	.	_	_	_	_

0	راوی	_	_	_	_
1	صادقی	_	_	_	_
2	است	_	_	_	_
3	که	_	_	_	_
4	شکست‌ها	_	_	_	_
5	را	_	_	_	_
6	بیان	_	_	_	_
7	کرده	_	_	_	_
8	و	_	_	_	_
9	البته	_	_	_	_
10	دردناک	_	_	_	_
11	به	_	_	_	_
12	آن	_	_	_	_
13	نگریسته	_	_	_	_
14	و	_	_	_	_
15	درعین‌حال	_	_	_	_
16	به	_	_	_	_
17	پیروزی‌ها	_	_	_	_
18	افتخار	_	_	_	_
19	کرده است	_	_	_	_
20	.	_	_	_	_

0	دشمنانی	_	_	_	_
1	چون	_	_	_	_
2	افراسیاب	_	_	_	_
3	و	_	_	_	_
4	تورانیان	_	_	_	_
5	را	_	_	_	_
6	بزرگ	_	_	_	_
7	خطاب	_	_	_	_
8	کرده	_	_	_	_
9	و	_	_	_	_
10	از	_	_	_	_
11	بیان	_	_	_	_
12	آن	_	_	_	_
13	ابایی	_	_	_	_
14	نداشته است	_	_	_	_
15	،	_	_	_	_
16	پس	_	_	_	_
17	دلیلی	_	_	_	_
18	ندارد	_	_	_	_
19	که	_	_	_	_
20	آخر	_	_	_	_
21	شاهنامه	_	_	_	_
22	به	_	_	_	_
23	دلیل	_	_	_	_
24	پیروزی	_	_	_	_
25	اعراب	_	_	_	_
26	خوش	_	_	_	_
27	نباشد	_	_	_	_
28	.	_	_	_	_

0	او	_	_	_	_
1	می‌آموزد	_	_	_	_
2	که	_	_	_	_
3	تاریخ	_	_	_	_
4	اینجا	_	_	_	_
5	تمام	_	_	_	_
6	نخواهد شد	_	_	_	_
7	.	_	_	_	_

0	آخر	_	_	_	_
1	شاهنامه	_	_	_	_
2	آخر	_	_	_	_
3	تاریخ	_	_	_	_
4	نیست	_	_	_	_
5	.	_	_	_	_

0	پیروزی	_	_	_	_
1	و	_	_	_	_
2	شکست	_	_	_	_
3	لازمه‌ی	_	_	_	_
4	وجود	_	_	_	_
5	هر	_	_	_	_
6	جامعه‌ای	_	_	_	_
7	هست	_	_	_	_
8	.	_	_	_	_

0	روزگارانی	_	_	_	_
1	دیگر	_	_	_	_
2	تقدیر	_	_	_	_
3	تاریخ	_	_	_	_
4	به	_	_	_	_
5	گونه‌ای	_	_	_	_
6	دیگر	_	_	_	_
7	رقم	_	_	_	_
8	خواهد خورد	_	_	_	_
9	.	_	_	_	_

0	قطعاً	_	_	_	_
1	درگذر	_	_	_	_
2	تاریخ	_	_	_	_
3	باز	_	_	_	_
4	هم	_	_	_	_
5	جنگ‌هایی	_	_	_	_
6	خواهد بود	_	_	_	_
7	.	_	_	_	_

0	باز	_	_	_	_
1	هم	_	_	_	_
2	شکست‌ها	_	_	_	_
3	و	_	_	_	_
4	پیروزی‌هایی	_	_	_	_
5	نصیب	_	_	_	_
6	ما	_	_	_	_
7	خواهد شد	_	_	_	_
8	و	_	_	_	_
9	به	_	_	_	_
10	راستی	_	_	_	_
11	که	_	_	_	_
12	مگر	_	_	_	_
13	شکست	_	_	_	_
14	از	_	_	_	_
15	اعراب	_	_	_	_
16	نخستین	_	_	_	_
17	شکست	_	_	_	_
18	ما	_	_	_	_
19	بوده	_	_	_	_
20	و	_	_	_	_
21	یا	_	_	_	_
22	قرار	_	_	_	_
23	است	_	_	_	_
24	آخرین	_	_	_	_
25	شکست	_	_	_	_
26	ما	_	_	_	_
27	باشد	_	_	_	_
28	مگر	_	_	_	_
29	تاریخ	_	_	_	_
30	امروز	_	_	_	_
31	ما	_	_	_	_
32	به	_	_	_	_
33	همین	_	_	_	_
34	جایی‌که	_	_	_	_
35	هستیم	_	_	_	_
36	منتهی	_	_	_	_
37	خواهد شد	_	_	_	_
38	و	_	_	_	_
39	پایان	_	_	_	_
40	خواهد پذیرفت	_	_	_	_
41	اگر	_	_	_	_
42	خوش	_	_	_	_
43	بودن	_	_	_	_
44	یا	_	_	_	_
45	ناخوش	_	_	_	_
46	بودن	_	_	_	_
47	را	_	_	_	_
48	به	_	_	_	_
49	پیروزی	_	_	_	_
50	یا	_	_	_	_
51	شکست	_	_	_	_
52	منحصر	_	_	_	_
53	کنیم	_	_	_	_
54	،	_	_	_	_
55	آنگاه	_	_	_	_
56	ابتدای	_	_	_	_
57	شاهنامه	_	_	_	_
58	هم	_	_	_	_
59	که	_	_	_	_
60	پیروزی	_	_	_	_
61	ضحاک	_	_	_	_
62	است	_	_	_	_
63	غم‌انگیز	_	_	_	_
64	است	_	_	_	_
65	.	_	_	_	_

0	وسط	_	_	_	_
1	شاهنامه	_	_	_	_
2	که	_	_	_	_
3	شکست	_	_	_	_
4	از	_	_	_	_
5	توران	_	_	_	_
6	،	_	_	_	_
7	روم	_	_	_	_
8	و…	_	_	_	_
9	است	_	_	_	_
10	نیز	_	_	_	_
11	دردناک	_	_	_	_
12	همچنان	_	_	_	_
13	که	_	_	_	_
14	پیروزی	_	_	_	_
15	بر	_	_	_	_
16	ضحاک	_	_	_	_
17	،	_	_	_	_
18	توران	_	_	_	_
19	و	_	_	_	_
20	روم	_	_	_	_
21	و…	_	_	_	_
22	شیرین	_	_	_	_
23	است	_	_	_	_
24	!	_	_	_	_

0	تاریخ	_	_	_	_
1	کدام	_	_	_	_
2	ملّتی	_	_	_	_
3	را	_	_	_	_
4	می‌شناسیم	_	_	_	_
5	که	_	_	_	_
6	بدون	_	_	_	_
7	شکست	_	_	_	_
8	باشد	_	_	_	_
9	؟	_	_	_	_
10	بالاخره	_	_	_	_
11	فردوسی	_	_	_	_
12	یک	_	_	_	_
13	جایی	_	_	_	_
14	باید	_	_	_	_
15	شاهنامه	_	_	_	_
16	را	_	_	_	_
17	تمام	_	_	_	_
18	می‌کرد	_	_	_	_
19	.	_	_	_	_

0	پیروزی	_	_	_	_
1	یا	_	_	_	_
2	شکست	_	_	_	_
3	از	_	_	_	_
4	روم	_	_	_	_
5	.	_	_	_	_

0	پیروزی	_	_	_	_
1	یا	_	_	_	_
2	شکست	_	_	_	_
3	از	_	_	_	_
4	توران	_	_	_	_
5	زمین	_	_	_	_
6	و…	_	_	_	_
7	شاهنامه	_	_	_	_
8	هرکجا	_	_	_	_
9	تمام	_	_	_	_
10	می‌شد	_	_	_	_
11	،	_	_	_	_
12	این	_	_	_	_
13	قصه	_	_	_	_
14	ناتمام	_	_	_	_
15	بود	_	_	_	_
16	و	_	_	_	_
17	ناتمام	_	_	_	_
18	نیز	_	_	_	_
19	می‌ماند	_	_	_	_
20	و	_	_	_	_
21	البته	_	_	_	_
22	تا	_	_	_	_
23	پایان	_	_	_	_
24	تاریخ	_	_	_	_
25	هم	_	_	_	_
26	ناتمام	_	_	_	_
27	خواهد ماند	_	_	_	_
28	شاهنامه	_	_	_	_
29	،	_	_	_	_
30	اثر	_	_	_	_
31	حکیم	_	_	_	_
32	ابوالقاسم	_	_	_	_
33	فردوسی	_	_	_	_
34	،	_	_	_	_
35	یکی	_	_	_	_
36	از	_	_	_	_
37	بزرگ‌ترین	_	_	_	_
38	حماسه‌های	_	_	_	_
39	جهان	_	_	_	_
40	،	_	_	_	_
41	مهم‌ترین	_	_	_	_
42	نامه‌ی	_	_	_	_
43	اندیشه‌ی	_	_	_	_
44	سیاسی	_	_	_	_
45	ایران‌شهری	_	_	_	_
46	در	_	_	_	_
47	دوره‌ی	_	_	_	_
48	اسلامی	_	_	_	_
49	،	_	_	_	_
50	شاهکار	_	_	_	_
51	حماسی	_	_	_	_
52	زبان	_	_	_	_
53	فارسی	_	_	_	_
54	و	_	_	_	_
55	حماسه‌ی	_	_	_	_
56	ملی	_	_	_	_
57	ایرانیان	_	_	_	_
58	و	_	_	_	_
59	نیز	_	_	_	_
60	بزرگ‌ترین	_	_	_	_
61	سند	_	_	_	_
62	هویت	_	_	_	_
63	ایشان	_	_	_	_
64	است	_	_	_	_
65	،	_	_	_	_
66	چنانکه	_	_	_	_
67	ضیاءالدین	_	_	_	_
68	ابن‌اثیر	_	_	_	_
69	آن	_	_	_	_
70	را	_	_	_	_
71	قرآن	_	_	_	_
72	ایرانیان	_	_	_	_
73	خوانده‌است	_	_	_	_
74	مأخذ	_	_	_	_
75	اصلی	_	_	_	_
76	فردوسی	_	_	_	_
77	در	_	_	_	_
78	به‌نظم	_	_	_	_
79	کشیدن	_	_	_	_
80	داستان‌ها	_	_	_	_
81	،	_	_	_	_
82	شاهنامه‌ی	_	_	_	_
83	منثور	_	_	_	_
84	ابومنصوری	_	_	_	_
85	بود	_	_	_	_
86	که	_	_	_	_
87	چندی	_	_	_	_
88	پیش‌از	_	_	_	_
89	آن	_	_	_	_
90	توسط	_	_	_	_
91	یکی	_	_	_	_
92	از	_	_	_	_
93	سپهداران	_	_	_	_
94	ایران‌دوست	_	_	_	_
95	خراسان	_	_	_	_
96	ازروی	_	_	_	_
97	آثار	_	_	_	_
98	و	_	_	_	_
99	روایات	_	_	_	_
100	موجود	_	_	_	_
101	گردآوری	_	_	_	_
102	شده بود	_	_	_	_
103	.	_	_	_	_

0	فردوسی	_	_	_	_
1	در	_	_	_	_
2	شاهنامه	_	_	_	_
3	از	_	_	_	_
4	پنج	_	_	_	_
5	راوی	_	_	_	_
6	شفاهی	_	_	_	_
7	نیز	_	_	_	_
8	به	_	_	_	_
9	نامهای	_	_	_	_
10	آزاد	_	_	_	_
11	سرو	_	_	_	_
12	،	_	_	_	_
13	شادان	_	_	_	_
14	برزین	_	_	_	_
15	،	_	_	_	_
16	ماخ	_	_	_	_
17	پیر	_	_	_	_
18	خراسانی	_	_	_	_
19	،	_	_	_	_
20	بهرام	_	_	_	_
21	و	_	_	_	_
22	شاهوی	_	_	_	_
23	یاد	_	_	_	_
24	کرده	_	_	_	_
25	که	_	_	_	_
26	او	_	_	_	_
27	را	_	_	_	_
28	در	_	_	_	_
29	بازگو	_	_	_	_
30	کردن	_	_	_	_
31	داستان‌ها	_	_	_	_
32	یاری	_	_	_	_
33	رسانده‌اند	_	_	_	_
34	اما	_	_	_	_
35	ذبیح‌اله	_	_	_	_
36	صفا	_	_	_	_
37	استدلال	_	_	_	_
38	کرده‌است	_	_	_	_
39	که	_	_	_	_
40	به	_	_	_	_
41	احتمال	_	_	_	_
42	فراوان	_	_	_	_
43	راویان	_	_	_	_
44	یادشده	_	_	_	_
45	مربوط	_	_	_	_
46	به	_	_	_	_
47	روزگاران	_	_	_	_
48	پیشین	_	_	_	_
49	بو	_	_	_	_
50	داند	_	_	_	_
51	و	_	_	_	_
52	فردوسی	_	_	_	_
53	به	_	_	_	_
54	جهت	_	_	_	_
55	احترام	_	_	_	_
56	از	_	_	_	_
57	آنان	_	_	_	_
58	سخن	_	_	_	_
59	به	_	_	_	_
60	زبان	_	_	_	_
61	آورده	_	_	_	_
62	و	_	_	_	_
63	هیچ‌کدام	_	_	_	_
64	معاصر	_	_	_	_
65	با	_	_	_	_
66	حکیم	_	_	_	_
67	توس	_	_	_	_
68	نبوده‌اند	_	_	_	_
69	آخرین	_	_	_	_
70	ویرایش‌های	_	_	_	_
71	فردوسی	_	_	_	_
72	در	_	_	_	_
73	شاهنامه	_	_	_	_
74	در	_	_	_	_
75	سال‌های	_	_	_	_
76	۴۰۰	_	_	_	_
77	و	_	_	_	_
78	۴۰۱	_	_	_	_
79	هجری	_	_	_	_
80	قمری	_	_	_	_
81	روی‌داد	_	_	_	_
82	متون	_	_	_	_
83	کلاسیک	_	_	_	_
84	درگذر	_	_	_	_
85	زمانبر	_	_	_	_
86	اثر	_	_	_	_
87	حوادث	_	_	_	_
88	تاریخی	_	_	_	_
89	،	_	_	_	_
90	گرایش‌های	_	_	_	_
91	حاکمان	_	_	_	_
92	و	_	_	_	_
93	کاتبان	_	_	_	_
94	و	_	_	_	_
95	علل	_	_	_	_
96	دیگر	_	_	_	_
97	دستخوش	_	_	_	_
98	تغییر	_	_	_	_
99	و	_	_	_	_
100	تحولات	_	_	_	_
101	متعددی	_	_	_	_
102	می‌شوند	_	_	_	_
103	.	_	_	_	_

0	پیگیری	_	_	_	_
1	این	_	_	_	_
2	تحولات	_	_	_	_
3	و	_	_	_	_
4	مقایسه‌ی	_	_	_	_
5	نسخه‌های	_	_	_	_
6	متعدد	_	_	_	_
7	به‌جامانده	_	_	_	_
8	از	_	_	_	_
9	متون	_	_	_	_
10	کلاسیک	_	_	_	_
11	و	_	_	_	_
12	ارائه‌ی	_	_	_	_
13	متنی	_	_	_	_
14	تا	_	_	_	_
15	حد	_	_	_	_
16	ممکن	_	_	_	_
17	اصیل	_	_	_	_
18	دغدغه‌ی	_	_	_	_
19	اصلی	_	_	_	_
20	کسانی‌ست	_	_	_	_
21	که	_	_	_	_
22	تصحیح	_	_	_	_
23	متون	_	_	_	_
24	کلاسیک	_	_	_	_
25	را	_	_	_	_
26	به‌عنوان	_	_	_	_
27	فعالیتی	_	_	_	_
28	ادبی	_	_	_	_
29	پیشه‌ی	_	_	_	_
30	خود	_	_	_	_
31	می‌کنند	_	_	_	_
32	.	_	_	_	_

0	مهری	_	_	_	_
1	بهفر	_	_	_	_
2	بیش‌از	_	_	_	_
3	یک	_	_	_	_
4	دهه	_	_	_	_
5	است	_	_	_	_
6	که	_	_	_	_
7	کار	_	_	_	_
8	خود	_	_	_	_
9	را	_	_	_	_
10	معطوف	_	_	_	_
11	به	_	_	_	_
12	تصحیح	_	_	_	_
13	شاهنامه	_	_	_	_
14	کرده است	_	_	_	_
15	.	_	_	_	_

0	پروژه‌ی	_	_	_	_
1	تصحیح	_	_	_	_
2	او	_	_	_	_
3	با	_	_	_	_
4	شرح	_	_	_	_
5	یکایک	_	_	_	_
6	ابیات	_	_	_	_
7	،	_	_	_	_
8	مقایسه‌ی	_	_	_	_
9	درونمایه‌ی	_	_	_	_
10	داستان‌ها	_	_	_	_
11	و	_	_	_	_
12	شخصیت‌های	_	_	_	_
13	شاهنامه	_	_	_	_
14	با	_	_	_	_
15	ماب‌ه‌ازاهای	_	_	_	_
16	اساطیری‌شان	_	_	_	_
17	در	_	_	_	_
18	ادبیات	_	_	_	_
19	اسطوره‌ای	_	_	_	_
20	و	_	_	_	_
21	حماسی	_	_	_	_
22	جهان	_	_	_	_
23	و	_	_	_	_
24	ضمائمی	_	_	_	_
25	دیگر	_	_	_	_
26	همراه	_	_	_	_
27	شده است	_	_	_	_
28	که	_	_	_	_
29	مجموع	_	_	_	_
30	آن	_	_	_	_
31	به	_	_	_	_
32	تخمین	_	_	_	_
33	خودش	_	_	_	_
34	مشتمل	_	_	_	_
35	بر	_	_	_	_
36	بیست	_	_	_	_
37	جلد	_	_	_	_
38	خواهدشد	_	_	_	_
39	.	_	_	_	_

0	تابه‌حال	_	_	_	_
1	سه	_	_	_	_
2	دفتر	_	_	_	_
3	از	_	_	_	_
4	این	_	_	_	_
5	مجموعه	_	_	_	_
6	منتشر	_	_	_	_
7	شده است	_	_	_	_
8	.	_	_	_	_

0	انتشار	_	_	_	_
1	دفتر	_	_	_	_
2	سوم	_	_	_	_
3	بهانه‌ای	_	_	_	_
4	شد	_	_	_	_
5	تا	_	_	_	_
6	پای	_	_	_	_
7	صحبت	_	_	_	_
8	مهری	_	_	_	_
9	بهفر	_	_	_	_
10	بنشینیم	_	_	_	_
11	تا	_	_	_	_
12	از	_	_	_	_
13	چندوچون	_	_	_	_
14	تألیف	_	_	_	_
15	و	_	_	_	_
16	انتشار	_	_	_	_
17	این	_	_	_	_
18	مجموعه	_	_	_	_
19	برای‌مان	_	_	_	_
20	بگوید	_	_	_	_
21	وقتی	_	_	_	_
22	کشورت	_	_	_	_
23	را	_	_	_	_
24	اشغال	_	_	_	_
25	کرده باشند	_	_	_	_
26	زبانت	_	_	_	_
27	را	_	_	_	_
28	در	_	_	_	_
29	شرف	_	_	_	_
30	نابودی	_	_	_	_
31	قرار	_	_	_	_
32	داده باشند	_	_	_	_
33	،	_	_	_	_
34	کتاب‌هایت	_	_	_	_
35	را	_	_	_	_
36	سوزانده باشند	_	_	_	_
37	،	_	_	_	_
38	فرهنگت	_	_	_	_
39	را	_	_	_	_
40	از	_	_	_	_
41	بین	_	_	_	_
42	برده باشند	_	_	_	_
43	،	_	_	_	_
44	تاریخت	_	_	_	_
45	را	_	_	_	_
46	تحریف	_	_	_	_
47	کرده باشند	_	_	_	_
48	و	_	_	_	_
49	هویت	_	_	_	_
50	ملّی‌ات	_	_	_	_
51	را	_	_	_	_
52	به	_	_	_	_
53	دست	_	_	_	_
54	فراموشی	_	_	_	_
55	سپرده باشند	_	_	_	_
56	،	_	_	_	_
57	چه	_	_	_	_
58	کاری	_	_	_	_
59	می‌تواند	_	_	_	_
60	شیرین‌تر	_	_	_	_
61	و	_	_	_	_
62	پر	_	_	_	_
63	اهمیت‌تر	_	_	_	_
64	از	_	_	_	_
65	این	_	_	_	_
66	تلقی	_	_	_	_
67	شود	_	_	_	_
68	که	_	_	_	_
69	بتوانی	_	_	_	_
70	زبانت	_	_	_	_
71	را	_	_	_	_
72	زنده	_	_	_	_
73	کنی	_	_	_	_
74	،	_	_	_	_
75	تاریخت	_	_	_	_
76	را	_	_	_	_
77	ازدست	_	_	_	_
78	فراموشی	_	_	_	_
79	نجات	_	_	_	_
80	دهی	_	_	_	_
81	،	_	_	_	_
82	غرور	_	_	_	_
83	ملّی‌ات	_	_	_	_
84	را	_	_	_	_
85	بازسازی	_	_	_	_
86	نمایی	_	_	_	_
87	،	_	_	_	_
88	فرهنگت	_	_	_	_
89	را	_	_	_	_
90	بازیابی	_	_	_	_
91	کنی	_	_	_	_
92	،	_	_	_	_
93	…	_	_	_	_
94	و	_	_	_	_
95	چه	_	_	_	_
96	کاری	_	_	_	_
97	بالاتر	_	_	_	_
98	از	_	_	_	_
99	این	_	_	_	_
100	و	_	_	_	_
101	چه	_	_	_	_
102	پیروزی‌ای	_	_	_	_
103	خوش‌تر	_	_	_	_
104	از	_	_	_	_
105	این	_	_	_	_
106	؟	_	_	_	_
107	این	_	_	_	_
108	حقیقت	_	_	_	_
109	را	_	_	_	_
110	نیز	_	_	_	_
111	باید	_	_	_	_
112	بدانیم	_	_	_	_
113	که	_	_	_	_
114	تخیلات	_	_	_	_
115	همیشه	_	_	_	_
116	پوچ	_	_	_	_
117	و	_	_	_	_
118	بی‌مصرف	_	_	_	_
119	نیستند	_	_	_	_
120	.	_	_	_	_

0	خلاقیت‌های	_	_	_	_
1	هنری	_	_	_	_
2	که	_	_	_	_
3	خاستگاهشان	_	_	_	_
4	نفس	_	_	_	_
5	تخیل	_	_	_	_
6	است	_	_	_	_
7	،	_	_	_	_
8	از	_	_	_	_
9	این	_	_	_	_
10	قاعده	_	_	_	_
11	مستثنایند	_	_	_	_
12	.	_	_	_	_

0	از	_	_	_	_
1	ضرورت‌ها	_	_	_	_
2	و	_	_	_	_
3	نیاز	_	_	_	_
4	امروز	_	_	_	_
5	جهان	_	_	_	_
6	است	_	_	_	_
7	که	_	_	_	_
8	هنروران	_	_	_	_
9	و	_	_	_	_
10	آنان	_	_	_	_
11	که	_	_	_	_
12	در	_	_	_	_
13	تولید	_	_	_	_
14	هنر	_	_	_	_
15	و	_	_	_	_
16	مشاغل	_	_	_	_
17	هنری	_	_	_	_
18	فعالند	_	_	_	_
19	همواره	_	_	_	_
20	مترصد	_	_	_	_
21	آن	_	_	_	_
22	باشند	_	_	_	_
23	که	_	_	_	_
24	در	_	_	_	_
25	خلاقیت‌های	_	_	_	_
26	خود	_	_	_	_
27	،	_	_	_	_
28	عناصر	_	_	_	_
29	تعقل	_	_	_	_
30	و	_	_	_	_
31	تفکر	_	_	_	_
32	منطقی	_	_	_	_
33	را	_	_	_	_
34	نیز	_	_	_	_
35	ملحوظ	_	_	_	_
36	و	_	_	_	_
37	منظور	_	_	_	_
38	دارند	_	_	_	_
39	.	_	_	_	_

0	پا	_	_	_	_
1	از	_	_	_	_
2	حد	_	_	_	_
3	مجاز	_	_	_	_
4	و	_	_	_	_
5	مفید	_	_	_	_
6	فراتر	_	_	_	_
7	نگذارند	_	_	_	_
8	.	_	_	_	_

0	در	_	_	_	_
1	شعر	_	_	_	_
2	،	_	_	_	_
3	ادب	_	_	_	_
4	،	_	_	_	_
5	موسیقی	_	_	_	_
6	،	_	_	_	_
7	نقاشی	_	_	_	_
8	،	_	_	_	_
9	سینما	_	_	_	_
10	،	_	_	_	_
11	تآتر	_	_	_	_
12	،	_	_	_	_
13	انیمیشن‌ها	_	_	_	_
14	و	_	_	_	_
15	برنامه‌های	_	_	_	_
16	ادبی	_	_	_	_
17	و	_	_	_	_
18	هنری	_	_	_	_
19	که	_	_	_	_
20	ترتیب	_	_	_	_
21	می‌دهند	_	_	_	_
22	،	_	_	_	_
23	تا	_	_	_	_
24	آنجا	_	_	_	_
25	به	_	_	_	_
26	تخیلات	_	_	_	_
27	اجازه‌ی	_	_	_	_
28	فعالیت	_	_	_	_
29	دهند	_	_	_	_
30	که	_	_	_	_
31	از	_	_	_	_
32	مرز	_	_	_	_
33	مجاز	_	_	_	_
34	تجاوز	_	_	_	_
35	و	_	_	_	_
36	تخطی	_	_	_	_
37	نکنند	_	_	_	_
38	.	_	_	_	_

0	از	_	_	_	_
1	بدآموزی	_	_	_	_
2	،	_	_	_	_
3	به	_	_	_	_
4	غلط	_	_	_	_
5	افتادن‌های	_	_	_	_
6	افکار	_	_	_	_
7	،	_	_	_	_
8	اذهان	_	_	_	_
9	،	_	_	_	_
10	باورها	_	_	_	_
11	و	_	_	_	_
12	از	_	_	_	_
13	افراط‌وتفریط	_	_	_	_
14	در	_	_	_	_
15	هر	_	_	_	_
16	زمینه	_	_	_	_
17	و	_	_	_	_
18	پدیده‌ی	_	_	_	_
19	هنری	_	_	_	_
20	پرهیز	_	_	_	_
21	شود	_	_	_	_
22	.	_	_	_	_

0	در	_	_	_	_
1	رمان‌ها	_	_	_	_
2	،	_	_	_	_
3	داستان‌ها	_	_	_	_
4	و	_	_	_	_
5	افسانه‌هایی	_	_	_	_
6	که	_	_	_	_
7	بضرورت	_	_	_	_
8	ساخته	_	_	_	_
9	یا	_	_	_	_
10	مقالاتی	_	_	_	_
11	که	_	_	_	_
12	نوشته می‌شوند	_	_	_	_
13	،	_	_	_	_
14	چشم	_	_	_	_
15	عقل	_	_	_	_
16	و	_	_	_	_
17	مقررات	_	_	_	_
18	علمی	_	_	_	_
19	و	_	_	_	_
20	منطقی	_	_	_	_
21	را	_	_	_	_
22	بر	_	_	_	_
23	جوانب	_	_	_	_
24	هنری	_	_	_	_
25	آن	_	_	_	_
26	آثار	_	_	_	_
27	،	_	_	_	_
28	بیدار	_	_	_	_
29	و	_	_	_	_
30	هوشیار	_	_	_	_
31	بدارند	_	_	_	_
32	زندگی	_	_	_	_
33	امروز	_	_	_	_
34	با	_	_	_	_
35	حضور	_	_	_	_
36	علوم	_	_	_	_
37	جدید	_	_	_	_
38	و	_	_	_	_
39	دستاوردهای	_	_	_	_
40	علمی	_	_	_	_
41	و	_	_	_	_
42	تکنیکی	_	_	_	_
43	جاری	_	_	_	_
44	،	_	_	_	_
45	ورود	_	_	_	_
46	تخیل	_	_	_	_
47	و	_	_	_	_
48	توهمات	_	_	_	_
49	پوچ	_	_	_	_
50	را	_	_	_	_
51	به	_	_	_	_
52	حیطه‌ی	_	_	_	_
53	حیات	_	_	_	_
54	انسان	_	_	_	_
55	،	_	_	_	_
56	جایز	_	_	_	_
57	نمی‌شمرد	_	_	_	_
58	.	_	_	_	_

0	درست	_	_	_	_
1	است	_	_	_	_
2	که	_	_	_	_
3	اوهام	_	_	_	_
4	و	_	_	_	_
5	خرافات	_	_	_	_
6	ناشی	_	_	_	_
7	از	_	_	_	_
8	تخیلات	_	_	_	_
9	واهی	_	_	_	_
10	در	_	_	_	_
11	زوایای	_	_	_	_
12	زندگی	_	_	_	_
13	آدمی	_	_	_	_
14	راه	_	_	_	_
15	یافته‌اند	_	_	_	_
16	و	_	_	_	_
17	هستند	_	_	_	_
18	و	_	_	_	_
19	«	_	_	_	_
20	هرکه	_	_	_	_
21	آمد	_	_	_	_
22	بر	_	_	_	_
23	آن	_	_	_	_
24	مزیدی	_	_	_	_
25	کرد	_	_	_	_
26	تابه	_	_	_	_
27	این	_	_	_	_
28	غایت	_	_	_	_
29	رسید	_	_	_	_
30	»	_	_	_	_
31	اما	_	_	_	_
32	نباید	_	_	_	_
33	باشند	_	_	_	_
34	.	_	_	_	_

0	اما	_	_	_	_
1	حضورشان	_	_	_	_
2	در	_	_	_	_
3	زندگی	_	_	_	_
4	مردم	_	_	_	_
5	جهان	_	_	_	_
6	مجاز	_	_	_	_
7	نیست	_	_	_	_
8	.	_	_	_	_

0	این	_	_	_	_
1	فتوای	_	_	_	_
2	عقل	_	_	_	_
3	،	_	_	_	_
4	علم	_	_	_	_
5	و	_	_	_	_
6	منطق	_	_	_	_
7	است	_	_	_	_
8	.	_	_	_	_

0	در	_	_	_	_
1	زمانیکه	_	_	_	_
2	تلسکوپ‌های	_	_	_	_
3	نیرومند	_	_	_	_
4	،	_	_	_	_
5	کره‌ی	_	_	_	_
6	زمین	_	_	_	_
7	را	_	_	_	_
8	در	_	_	_	_
9	فاصله‌ی	_	_	_	_
10	شش	_	_	_	_
11	میلیارد	_	_	_	_
12	کیلومتری	_	_	_	_
13	بصورت	_	_	_	_
14	نقطه‌ای	_	_	_	_
15	آبی‌رنگ	_	_	_	_
16	،	_	_	_	_
17	معلق	_	_	_	_
18	در	_	_	_	_
19	فضای	_	_	_	_
20	لایتناها	_	_	_	_
21	نشان	_	_	_	_
22	می‌دهند	_	_	_	_
23	و	_	_	_	_
24	هر	_	_	_	_
25	کس	_	_	_	_
26	می‌تواند	_	_	_	_
27	-	_	_	_	_
28	بیاری	_	_	_	_
29	اینترنت	_	_	_	_
30	-	_	_	_	_
31	بشرح	_	_	_	_
32	ویدئوئی	_	_	_	_
33	خدمات	_	_	_	_
34	دانشمندان	_	_	_	_
35	در	_	_	_	_
36	این	_	_	_	_
37	زمینه‌ی	_	_	_	_
38	علمی	_	_	_	_
39	بنگرد	_	_	_	_
40	و	_	_	_	_
41	گوش	_	_	_	_
42	دهد	_	_	_	_
43	،	_	_	_	_
44	دیگر	_	_	_	_
45	نمی‌توان	_	_	_	_
46	پذیرفت	_	_	_	_
47	که	_	_	_	_
48	انسان‌های	_	_	_	_
49	متوهم	_	_	_	_
50	در	_	_	_	_
51	توهمات	_	_	_	_
52	خود	_	_	_	_
53	،	_	_	_	_
54	صادقند	_	_	_	_
55	در	_	_	_	_
56	شبی	_	_	_	_
57	طولانی	_	_	_	_
58	و	_	_	_	_
59	بدون	_	_	_	_
60	مهتاب	_	_	_	_
61	،	_	_	_	_
62	شاعر	_	_	_	_
63	از	_	_	_	_
64	خواب	_	_	_	_
65	برمی‌خیزد	_	_	_	_
66	و	_	_	_	_
67	دل‌آزرده	_	_	_	_
68	از	_	_	_	_
69	این	_	_	_	_
70	شب	_	_	_	_
71	تیره	_	_	_	_
72	و	_	_	_	_
73	دلگیر	_	_	_	_
74	،	_	_	_	_
75	یارش	_	_	_	_
76	را	_	_	_	_
77	بیدار	_	_	_	_
78	می‌کند	_	_	_	_
79	.	_	_	_	_

0	او	_	_	_	_
1	چون	_	_	_	_
2	بی‌خواب	_	_	_	_
3	شده است	_	_	_	_
4	از	_	_	_	_
5	دلبرش	_	_	_	_
6	می‌خواهد	_	_	_	_
7	که	_	_	_	_
8	برایش	_	_	_	_
9	بزمی	_	_	_	_
10	بیارا	_	_	_	_
11	ید	_	_	_	_
12	و	_	_	_	_
13	چنگ	_	_	_	_
14	بنوازد	_	_	_	_
15	پس‌از	_	_	_	_
16	کامجویی	_	_	_	_
17	از	_	_	_	_
18	آن	_	_	_	_
19	بزم	_	_	_	_
20	،	_	_	_	_
21	شاعر	_	_	_	_
22	از	_	_	_	_
23	یارش	_	_	_	_
24	می‌خواهد	_	_	_	_
25	که	_	_	_	_
26	از	_	_	_	_
27	دفتر	_	_	_	_
28	پهلوی	_	_	_	_
29	(	_	_	_	_
30	تاریخ	_	_	_	_
31	شاهان	_	_	_	_
32	باستان	_	_	_	_
33	ایران‌زمین	_	_	_	_
34	)	_	_	_	_
35	داستانی	_	_	_	_
36	را	_	_	_	_
37	بخواند	_	_	_	_
38	تا	_	_	_	_
39	او	_	_	_	_
40	به	_	_	_	_
41	شعر	_	_	_	_
42	آورد	_	_	_	_
43	.	_	_	_	_

0	داستان	_	_	_	_
1	از	_	_	_	_
2	بزمی	_	_	_	_
3	در	_	_	_	_
4	حضور	_	_	_	_
5	کیخسرو	_	_	_	_
6	شروع	_	_	_	_
7	می‌شود	_	_	_	_
8	.	_	_	_	_

0	ناگهان	_	_	_	_
1	خبر	_	_	_	_
2	می‌آورند	_	_	_	_
3	ارمنیان	_	_	_	_
4	که	_	_	_	_
5	در	_	_	_	_
6	مرز	_	_	_	_
7	ایران	_	_	_	_
8	و	_	_	_	_
9	توران	_	_	_	_
10	زندگی	_	_	_	_
11	می‌کنند	_	_	_	_
12	به	_	_	_	_
13	دادخواهی	_	_	_	_
14	آمده‌اند	_	_	_	_
15	.	_	_	_	_

0	آنان	_	_	_	_
1	زاری‌کنان	_	_	_	_
2	می‌گویند	_	_	_	_
3	که	_	_	_	_
4	گل‌ه‌ای	_	_	_	_
5	از	_	_	_	_
6	گرازان	_	_	_	_
7	به	_	_	_	_
8	بیشه‌ای	_	_	_	_
9	که	_	_	_	_
10	کشتزار	_	_	_	_
11	و	_	_	_	_
12	باغ‌هایشان	_	_	_	_
13	آنجاست	_	_	_	_
14	،	_	_	_	_
15	حمله	_	_	_	_
16	کرده‌اند	_	_	_	_
17	و	_	_	_	_
18	محصولات	_	_	_	_
19	و	_	_	_	_
20	دام‌های	_	_	_	_
21	آنان	_	_	_	_
22	را	_	_	_	_
23	نابود	_	_	_	_
24	می‌کنند	_	_	_	_
25	.	_	_	_	_

0	کیخسرو	_	_	_	_
1	دستور	_	_	_	_
2	می‌دهد	_	_	_	_
3	ظرف	_	_	_	_
4	زرین	_	_	_	_
5	بزرگی	_	_	_	_
6	را	_	_	_	_
7	در	_	_	_	_
8	میان	_	_	_	_
9	مجلس	_	_	_	_
10	قرار	_	_	_	_
11	داده	_	_	_	_
12	و	_	_	_	_
13	آن	_	_	_	_
14	را	_	_	_	_
15	لبریز	_	_	_	_
16	از	_	_	_	_
17	گوهرهای	_	_	_	_
18	گرانبها	_	_	_	_
19	کنند	_	_	_	_
20	و	_	_	_	_
21	می‌گوید	_	_	_	_
22	:	_	_	_	_

0	«	_	_	_	_
1	کدام	_	_	_	_
2	دلاوری	_	_	_	_
3	داوطلب	_	_	_	_
4	از	_	_	_	_
5	بین	_	_	_	_
6	بردن	_	_	_	_
7	گرازهاست	_	_	_	_
8	تا	_	_	_	_
9	این	_	_	_	_
10	گنج	_	_	_	_
11	را	_	_	_	_
12	پاداش	_	_	_	_
13	بگیرد	_	_	_	_
14	»	_	_	_	_
15	کسی	_	_	_	_
16	پاسخ	_	_	_	_
17	نمی‌دهد	_	_	_	_
18	تا	_	_	_	_
19	اینکه	_	_	_	_
20	بیژن	_	_	_	_
21	(	_	_	_	_
22	فرزند	_	_	_	_
23	گیو	_	_	_	_
24	و	_	_	_	_
25	نوه‌ی	_	_	_	_
26	دختری	_	_	_	_
27	ِ	_	_	_	_
28	رستم	_	_	_	_
29	)	_	_	_	_
30	پیشقدم	_	_	_	_
31	می‌شود	_	_	_	_
32	،	_	_	_	_
33	اما	_	_	_	_
34	پدرش	_	_	_	_
35	او	_	_	_	_
36	را	_	_	_	_
37	بر	_	_	_	_
38	این	_	_	_	_
39	جسارت	_	_	_	_
40	ملامت	_	_	_	_
41	می‌کند	_	_	_	_
42	که	_	_	_	_
43	:	_	_	_	_

0	«	_	_	_	_
1	بی‌تجربه	_	_	_	_
2	هستی	_	_	_	_
3	و	_	_	_	_
4	توانایی	_	_	_	_
5	این	_	_	_	_
6	کار	_	_	_	_
7	را	_	_	_	_
8	نداری	_	_	_	_
9	»	_	_	_	_
10	بیژن	_	_	_	_
11	که	_	_	_	_
12	جوانی	_	_	_	_
13	جویای	_	_	_	_
14	نام	_	_	_	_
15	است	_	_	_	_
16	،	_	_	_	_
17	بر	_	_	_	_
18	ادعایش	_	_	_	_
19	اصرار	_	_	_	_
20	می‌ورزد	_	_	_	_
21	.	_	_	_	_

0	شاه	_	_	_	_
1	این	_	_	_	_
2	مأموریت	_	_	_	_
3	را	_	_	_	_
4	برعهده‌ی	_	_	_	_
5	بیژن	_	_	_	_
6	می‌گذارد	_	_	_	_
7	و	_	_	_	_
8	گرگین	_	_	_	_
9	که	_	_	_	_
10	سرداری	_	_	_	_
11	باتجربه	_	_	_	_
12	است	_	_	_	_
13	را	_	_	_	_
14	برای	_	_	_	_
15	راهنمایی‌اش	_	_	_	_
16	در	_	_	_	_
17	این	_	_	_	_
18	سفر	_	_	_	_
19	،	_	_	_	_
20	با	_	_	_	_
21	او	_	_	_	_
22	همراه	_	_	_	_
23	می‌کند	_	_	_	_
24	پیران	_	_	_	_
25	که	_	_	_	_
26	روی	_	_	_	_
27	کودک	_	_	_	_
28	را	_	_	_	_
29	دید	_	_	_	_
30	به	_	_	_	_
31	یاد	_	_	_	_
32	سیاوش	_	_	_	_
33	افتاد	_	_	_	_
34	و	_	_	_	_
35	گریه	_	_	_	_
36	کرد	_	_	_	_
37	زیرا	_	_	_	_
38	کودک	_	_	_	_
39	چنان	_	_	_	_
40	بود	_	_	_	_
41	که	_	_	_	_
42	گویی	_	_	_	_
43	سیاوش	_	_	_	_
44	بار	_	_	_	_
45	دیگر	_	_	_	_
46	به	_	_	_	_
47	دنیا	_	_	_	_
48	آمده است	_	_	_	_
49	پیران	_	_	_	_
50	کودک	_	_	_	_
51	را	_	_	_	_
52	نزد	_	_	_	_
53	افراسیاب	_	_	_	_
54	برد	_	_	_	_
55	و	_	_	_	_
56	او	_	_	_	_
57	را	_	_	_	_
58	ستایش	_	_	_	_
59	کرد	_	_	_	_
60	و	_	_	_	_
61	سپس	_	_	_	_
62	خبر	_	_	_	_
63	تولد	_	_	_	_
64	فرزند	_	_	_	_
65	فرنگیس	_	_	_	_
66	(	_	_	_	_
67	نوه	_	_	_	_
68	افراسیاب	_	_	_	_
69	)	_	_	_	_
70	را	_	_	_	_
71	به	_	_	_	_
72	او	_	_	_	_
73	داد	_	_	_	_
74	و	_	_	_	_
75	گفت	_	_	_	_
76	«	_	_	_	_
77	این	_	_	_	_
78	کودک	_	_	_	_
79	از	_	_	_	_
80	خوبی	_	_	_	_
81	به	_	_	_	_
82	تو	_	_	_	_
83	مانند	_	_	_	_
84	است	_	_	_	_
85	،	_	_	_	_
86	از	_	_	_	_
87	پهلوانی	_	_	_	_
88	به	_	_	_	_
89	فریدون	_	_	_	_
90	و	_	_	_	_
91	زیبایی‌اش	_	_	_	_
92	تور	_	_	_	_
93	(	_	_	_	_
94	نیاکان	_	_	_	_
95	افراسیاب	_	_	_	_
96	)	_	_	_	_
97	را	_	_	_	_
98	به	_	_	_	_
99	یاد	_	_	_	_
100	می‌آورد	_	_	_	_
101	.	_	_	_	_

0	نظر	_	_	_	_
1	من	_	_	_	_
2	این	_	_	_	_
3	است	_	_	_	_
4	که	_	_	_	_
5	گذشته	_	_	_	_
6	را	_	_	_	_
7	فراموش	_	_	_	_
8	کنی	_	_	_	_
9	و	_	_	_	_
10	مهر	_	_	_	_
11	کودک	_	_	_	_
12	را	_	_	_	_
13	در	_	_	_	_
14	دل	_	_	_	_
15	پرورش	_	_	_	_
16	دهی	_	_	_	_
17	او	_	_	_	_
18	را	_	_	_	_
19	به	_	_	_	_
20	چوپانان	_	_	_	_
21	بسپری	_	_	_	_
22	تا	_	_	_	_
23	دور	_	_	_	_
24	از	_	_	_	_
25	دربار	_	_	_	_
26	و	_	_	_	_
27	بدون	_	_	_	_
28	آگاهی	_	_	_	_
29	از	_	_	_	_
30	اصل	_	_	_	_
31	و	_	_	_	_
32	نژاد	_	_	_	_
33	خود	_	_	_	_
34	بزرگ	_	_	_	_
35	شود	_	_	_	_
36	.	_	_	_	_

0	»	_	_	_	_
1	گُردآفرید	_	_	_	_
2	نخستین	_	_	_	_
3	شیرزن	_	_	_	_
4	حماسه	_	_	_	_
5	ملی	_	_	_	_
6	ایران	_	_	_	_
7	است	_	_	_	_
8	گرد	_	_	_	_
9	آفرید	_	_	_	_
10	ِ	_	_	_	_
11	دلربا	_	_	_	_
12	و	_	_	_	_
13	چالاک	_	_	_	_
14	بااینکه	_	_	_	_
15	در	_	_	_	_
16	شاهنامه	_	_	_	_
17	حضوری	_	_	_	_
18	کوتاه	_	_	_	_
19	دارد	_	_	_	_
20	و	_	_	_	_
21	شکست	_	_	_	_
22	هم	_	_	_	_
23	می‌خورد	_	_	_	_
24	بسیار	_	_	_	_
25	برجسته	_	_	_	_
26	است	_	_	_	_
27	و	_	_	_	_
28	یکی	_	_	_	_
29	از	_	_	_	_
30	گیراترین	_	_	_	_
31	زنان	_	_	_	_
32	شاهنامه	_	_	_	_
33	وی	_	_	_	_
34	را	_	_	_	_
35	می‌توان	_	_	_	_
36	مانند	_	_	_	_
37	فرانک	_	_	_	_
38	ارنواز	_	_	_	_
39	و	_	_	_	_
40	شهرناز	_	_	_	_
41	،	_	_	_	_
42	نمونه	_	_	_	_
43	زن	_	_	_	_
44	اصیل	_	_	_	_
45	ایرانی	_	_	_	_
46	دانست	_	_	_	_
47	.	_	_	_	_

0	او	_	_	_	_
1	در	_	_	_	_
2	جنگاوری	_	_	_	_
3	بی‌همتاست	_	_	_	_
4	در	_	_	_	_
5	رهسپاری	_	_	_	_
6	سهراب	_	_	_	_
7	از	_	_	_	_
8	توران	_	_	_	_
9	به	_	_	_	_
10	ایران	_	_	_	_
11	،	_	_	_	_
12	هنگامی‌که	_	_	_	_
13	وی	_	_	_	_
14	در	_	_	_	_
15	جستجوی	_	_	_	_
16	پدرش	_	_	_	_
17	رستم	_	_	_	_
18	است	_	_	_	_
19	،	_	_	_	_
20	با	_	_	_	_
21	او	_	_	_	_
22	آشنا	_	_	_	_
23	می‌شویم	_	_	_	_
24	.	_	_	_	_

0	در	_	_	_	_
1	مرز	_	_	_	_
2	توران	_	_	_	_
3	و	_	_	_	_
4	ایران	_	_	_	_
5	،	_	_	_	_
6	دژی	_	_	_	_
7	به	_	_	_	_
8	نام	_	_	_	_
9	سپید	_	_	_	_
10	دژ	_	_	_	_
11	هست	_	_	_	_
12	.	_	_	_	_

0	گُژدَهَم	_	_	_	_
1	که	_	_	_	_
2	یک	_	_	_	_
3	ایرانی	_	_	_	_
4	سالخورده	_	_	_	_
5	است	_	_	_	_
6	بر	_	_	_	_
7	آن	_	_	_	_
8	فرمان	_	_	_	_
9	می‌راند	_	_	_	_
10	و	_	_	_	_
11	همواره	_	_	_	_
12	دربرابر	_	_	_	_
13	دشمن	_	_	_	_
14	پایداری	_	_	_	_
15	سرسختانه‌ای	_	_	_	_
16	می‌ورزد	_	_	_	_
17	و	_	_	_	_
18	با	_	_	_	_
19	این	_	_	_	_
20	کار	_	_	_	_
21	دل	_	_	_	_
22	همه	_	_	_	_
23	ایرانیان	_	_	_	_
24	را	_	_	_	_
25	به	_	_	_	_
26	آن	_	_	_	_
27	دژ	_	_	_	_
28	امیدوار	_	_	_	_
29	می‌سازد	_	_	_	_
30	.	_	_	_	_

0	گژدهم	_	_	_	_
1	پیر	_	_	_	_
2	،	_	_	_	_
3	پسری	_	_	_	_
4	خرد	_	_	_	_
5	به	_	_	_	_
6	نام	_	_	_	_
7	گُستَهَم	_	_	_	_
8	دارد	_	_	_	_
9	،	_	_	_	_
10	و	_	_	_	_
11	دختری	_	_	_	_
12	به	_	_	_	_
13	نام	_	_	_	_
14	گرد	_	_	_	_
15	آفرید	_	_	_	_
16	.	_	_	_	_

0	سهراب	_	_	_	_
1	ناچار	_	_	_	_
2	است	_	_	_	_
3	پیش‌از	_	_	_	_
4	درآمدن	_	_	_	_
5	به	_	_	_	_
6	خاک	_	_	_	_
7	ایران	_	_	_	_
8	از	_	_	_	_
9	این	_	_	_	_
10	دژ	_	_	_	_
11	بگذرد	_	_	_	_
12	.	_	_	_	_

0	در	_	_	_	_
1	نبرد	_	_	_	_
2	میان	_	_	_	_
3	سهراب	_	_	_	_
4	و	_	_	_	_
5	هژیر	_	_	_	_
6	،	_	_	_	_
7	فرمانده	_	_	_	_
8	دژ	_	_	_	_
9	،	_	_	_	_
10	سهراب	_	_	_	_
11	بر	_	_	_	_
12	او	_	_	_	_
13	پیروز	_	_	_	_
14	می‌گردد	_	_	_	_
15	.	_	_	_	_

0	سهراب	_	_	_	_
1	،	_	_	_	_
2	نخست	_	_	_	_
3	می‌خواهد	_	_	_	_
4	او	_	_	_	_
5	را	_	_	_	_
6	بکُشد	_	_	_	_
7	،	_	_	_	_
8	اما	_	_	_	_
9	سپس	_	_	_	_
10	او	_	_	_	_
11	را	_	_	_	_
12	اسیر	_	_	_	_
13	کرده	_	_	_	_
14	راهی	_	_	_	_
15	سپاه	_	_	_	_
16	خود	_	_	_	_
17	می‌کند	_	_	_	_
18	.	_	_	_	_

0	آگاهی	_	_	_	_
1	از	_	_	_	_
2	این	_	_	_	_
3	رویداد	_	_	_	_
4	،	_	_	_	_
5	دژنشینان	_	_	_	_
6	را	_	_	_	_
7	سراسیمه	_	_	_	_
8	می‌سازد	_	_	_	_
9	،	_	_	_	_
10	اما	_	_	_	_
11	گرد	_	_	_	_
12	آفرید	_	_	_	_
13	چنان	_	_	_	_
14	این	_	_	_	_
15	را	_	_	_	_
16	مایه	_	_	_	_
17	ننگ	_	_	_	_
18	می‌داند	_	_	_	_
19	که	_	_	_	_
20	بر	_	_	_	_
21	آن	_	_	_	_
22	می‌شود	_	_	_	_
23	خود	_	_	_	_
24	به	_	_	_	_
25	نبرد	_	_	_	_
26	او	_	_	_	_
27	رود	_	_	_	_
28	.	_	_	_	_

0	سهراب	_	_	_	_
1	درپی	_	_	_	_
2	چالش	_	_	_	_
3	آن	_	_	_	_
4	شیرزن	_	_	_	_
5	به	_	_	_	_
6	رزمگاه	_	_	_	_
7	درمی‌آید	_	_	_	_
8	و	_	_	_	_
9	آن	_	_	_	_
10	دوبه	_	_	_	_
11	پرخاش	_	_	_	_
12	و	_	_	_	_
13	نبرد	_	_	_	_
14	درمی‌آیند	_	_	_	_
15	.	_	_	_	_

0	سهراب	_	_	_	_
1	دربرابر	_	_	_	_
2	باران	_	_	_	_
3	تیر	_	_	_	_
4	گرد	_	_	_	_
5	آفرید	_	_	_	_
6	،	_	_	_	_
7	ناچار	_	_	_	_
8	سپرش	_	_	_	_
9	را	_	_	_	_
10	به	_	_	_	_
11	کار	_	_	_	_
12	درمی‌آورد	_	_	_	_
13	وی	_	_	_	_
14	جنگ‌کنان	_	_	_	_
15	نزدیک	_	_	_	_
16	گرد	_	_	_	_
17	آفرید	_	_	_	_
18	می‌شود	_	_	_	_
19	و	_	_	_	_
20	نیزه	_	_	_	_
21	او	_	_	_	_
22	را	_	_	_	_
23	می‌گیرد	_	_	_	_
24	.	_	_	_	_

0	با	_	_	_	_
1	نیزه	_	_	_	_
2	جامه	_	_	_	_
3	جنگی	_	_	_	_
4	او	_	_	_	_
5	را	_	_	_	_
6	می‌درد	_	_	_	_
7	،	_	_	_	_
8	گرد	_	_	_	_
9	آفرید	_	_	_	_
10	شمشیر	_	_	_	_
11	می‌کشد	_	_	_	_
12	و	_	_	_	_
13	با	_	_	_	_
14	فرود	_	_	_	_
15	آوردن	_	_	_	_
16	آن	_	_	_	_
17	نیزه	_	_	_	_
18	سهراب	_	_	_	_
19	را	_	_	_	_
20	می‌شکند	_	_	_	_
21	.	_	_	_	_

0	سرانجام	_	_	_	_
1	می‌بیند	_	_	_	_
2	که	_	_	_	_
3	توان	_	_	_	_
4	رویارویی	_	_	_	_
5	با	_	_	_	_
6	سهراب	_	_	_	_
7	را	_	_	_	_
8	ندارد	_	_	_	_
9	و	_	_	_	_
10	می‌کوشد	_	_	_	_
11	سوی	_	_	_	_
12	دژ	_	_	_	_
13	بگریزد	_	_	_	_
14	.	_	_	_	_

0	اما	_	_	_	_
1	سهراب	_	_	_	_
2	به	_	_	_	_
3	او	_	_	_	_
4	می‌رسد	_	_	_	_
5	و	_	_	_	_
6	کلاه‌خودش	_	_	_	_
7	را	_	_	_	_
8	برمی‌گیرد	_	_	_	_
9	.	_	_	_	_

0	تازه	_	_	_	_
1	می‌بیند	_	_	_	_
2	که	_	_	_	_
3	آن	_	_	_	_
4	پیکارگر	_	_	_	_
5	نه	_	_	_	_
6	مرد	_	_	_	_
7	،	_	_	_	_
8	بلکه	_	_	_	_
9	دختری	_	_	_	_
10	زیباروی	_	_	_	_
11	است	_	_	_	_
12	گرد	_	_	_	_
13	آفرید	_	_	_	_
14	به	_	_	_	_
15	نیرنگ	_	_	_	_
16	دست	_	_	_	_
17	می‌یازد	_	_	_	_
18	و	_	_	_	_
19	به	_	_	_	_
20	سهراب	_	_	_	_
21	می‌گوید	_	_	_	_
22	که	_	_	_	_
23	خوب	_	_	_	_
24	نیست	_	_	_	_
25	رزمندگان	_	_	_	_
26	ببینند	_	_	_	_
27	که	_	_	_	_
28	وی	_	_	_	_
29	در	_	_	_	_
30	نبرد	_	_	_	_
31	با	_	_	_	_
32	یک	_	_	_	_
33	دختر	_	_	_	_
34	به	_	_	_	_
35	چنین	_	_	_	_
36	کوشش	_	_	_	_
37	و	_	_	_	_
38	رنجی	_	_	_	_
39	گرفتارآمده	_	_	_	_
40	و	_	_	_	_
41	به	_	_	_	_
42	او	_	_	_	_
43	پیشنهاد	_	_	_	_
44	می‌کند	_	_	_	_
45	که	_	_	_	_
46	همراهش	_	_	_	_
47	به	_	_	_	_
48	درون	_	_	_	_
49	دژ	_	_	_	_
50	برود	_	_	_	_
51	و	_	_	_	_
52	دژ	_	_	_	_
53	در	_	_	_	_
54	چنگ	_	_	_	_
55	اوست	_	_	_	_
56	.	_	_	_	_

0	روزی	_	_	_	_
1	رستم	_	_	_	_
2	هوای	_	_	_	_
3	رفتن	_	_	_	_
4	به	_	_	_	_
5	شکار	_	_	_	_
6	کرد	_	_	_	_
7	و	_	_	_	_
8	با	_	_	_	_
9	رخش	_	_	_	_
10	به	_	_	_	_
11	سوی	_	_	_	_
12	مرز	_	_	_	_
13	توران	_	_	_	_
14	رفت	_	_	_	_
15	پس	_	_	_	_
16	آنجا	_	_	_	_
17	را	_	_	_	_
18	پر	_	_	_	_
19	از	_	_	_	_
20	گورخر	_	_	_	_
21	دید	_	_	_	_
22	شاد	_	_	_	_
23	شد	_	_	_	_
24	و	_	_	_	_
25	شکاری	_	_	_	_
26	زد	_	_	_	_
27	و	_	_	_	_
28	آتش	_	_	_	_
29	بیفروخت	_	_	_	_
30	.	_	_	_	_

0	درختی	_	_	_	_
1	را	_	_	_	_
2	کند	_	_	_	_
3	و	_	_	_	_
4	در	_	_	_	_
5	گورخری	_	_	_	_
6	که	_	_	_	_
7	شکار	_	_	_	_
8	کرده بود	_	_	_	_
9	چون	_	_	_	_
10	سیخی	_	_	_	_
11	فروبرد	_	_	_	_
12	و	_	_	_	_
13	بر	_	_	_	_
14	آتش	_	_	_	_
15	گذاشت	_	_	_	_
16	.	_	_	_	_

0	پس‌از	_	_	_	_
1	صرف	_	_	_	_
2	غذا	_	_	_	_
3	و	_	_	_	_
4	نوشیدن	_	_	_	_
5	آب	_	_	_	_
6	خوابید	_	_	_	_
7	.	_	_	_	_

0	هفت	_	_	_	_
1	هشت	_	_	_	_
2	تن	_	_	_	_
3	از	_	_	_	_
4	سواران	_	_	_	_
5	ترک	_	_	_	_
6	رخش	_	_	_	_
7	را	_	_	_	_
8	دیدند	_	_	_	_
9	و	_	_	_	_
10	او	_	_	_	_
11	را	_	_	_	_
12	دنبال	_	_	_	_
13	کردند	_	_	_	_
14	.	_	_	_	_

0	رخش	_	_	_	_
1	دو	_	_	_	_
2	تا	_	_	_	_
3	از	_	_	_	_
4	آنها	_	_	_	_
5	را	_	_	_	_
6	با	_	_	_	_
7	لگد	_	_	_	_
8	کوبید	_	_	_	_
9	و	_	_	_	_
10	سر	_	_	_	_
11	یکی	_	_	_	_
12	را	_	_	_	_
13	از	_	_	_	_
14	تن	_	_	_	_
15	جدا	_	_	_	_
16	کرد	_	_	_	_
17	.	_	_	_	_

0	پس	_	_	_	_
1	آنها	_	_	_	_
2	با	_	_	_	_
3	کمند	_	_	_	_
4	گردن	_	_	_	_
5	او	_	_	_	_
6	را	_	_	_	_
7	به	_	_	_	_
8	بند	_	_	_	_
9	آوردند	_	_	_	_
10	و	_	_	_	_
11	به	_	_	_	_
12	شهر	_	_	_	_
13	بردند	_	_	_	_
14	وقتی	_	_	_	_
15	رستم	_	_	_	_
16	برخاست	_	_	_	_
17	و	_	_	_	_
18	رخش	_	_	_	_
19	را	_	_	_	_
20	ندید	_	_	_	_
21	غمگین	_	_	_	_
22	شد	_	_	_	_
23	و	_	_	_	_
24	پیاده	_	_	_	_
25	به	_	_	_	_
26	سوی	_	_	_	_
27	سمنگان	_	_	_	_
28	رفت	_	_	_	_
29	تا	_	_	_	_
30	مگر	_	_	_	_
31	نشانی	_	_	_	_
32	از	_	_	_	_
33	او	_	_	_	_
34	بیابد	_	_	_	_
35	وقتی	_	_	_	_
36	صبح	_	_	_	_
37	شد	_	_	_	_
38	بر	_	_	_	_
39	بازوی	_	_	_	_
40	رستم	_	_	_	_
41	مهره‌ای	_	_	_	_
42	قرار	_	_	_	_
43	داشت	_	_	_	_
44	که	_	_	_	_
45	آن	_	_	_	_
46	مهره	_	_	_	_
47	را	_	_	_	_
48	در	_	_	_	_
49	همه	_	_	_	_
50	جهان	_	_	_	_
51	می‌شناختند	_	_	_	_
52	.	_	_	_	_

0	آن	_	_	_	_
1	را	_	_	_	_
2	به	_	_	_	_
3	تهمینه	_	_	_	_
4	داد	_	_	_	_
5	و	_	_	_	_
6	گفت	_	_	_	_
7	اگر	_	_	_	_
8	دختردار	_	_	_	_
9	شدی	_	_	_	_
10	این	_	_	_	_
11	را	_	_	_	_
12	به	_	_	_	_
13	گیسوی	_	_	_	_
14	او	_	_	_	_
15	ببند	_	_	_	_
16	و	_	_	_	_
17	اگر	_	_	_	_
18	پسردار	_	_	_	_
19	شدی	_	_	_	_
20	آن	_	_	_	_
21	را	_	_	_	_
22	به	_	_	_	_
23	بازویش	_	_	_	_
24	ببند	_	_	_	_
25	و	_	_	_	_
26	سپس	_	_	_	_
27	از	_	_	_	_
28	او	_	_	_	_
29	خداحافظی	_	_	_	_
30	کرد	_	_	_	_
31	و	_	_	_	_
32	به	_	_	_	_
33	سوی	_	_	_	_
34	شاه	_	_	_	_
35	سمنگان	_	_	_	_
36	رفت	_	_	_	_
37	پس	_	_	_	_
38	او	_	_	_	_
39	مژده	_	_	_	_
40	داد	_	_	_	_
41	که	_	_	_	_
42	رخش	_	_	_	_
43	را	_	_	_	_
44	یافته است	_	_	_	_
45	.	_	_	_	_

0	رستم	_	_	_	_
1	سوار	_	_	_	_
2	رخش	_	_	_	_
3	شد	_	_	_	_
4	و	_	_	_	_
5	شاد	_	_	_	_
6	و	_	_	_	_
7	سرحال	_	_	_	_
8	به	_	_	_	_
9	سوی	_	_	_	_
10	ایران	_	_	_	_
11	و	_	_	_	_
12	از	_	_	_	_
13	آنجا	_	_	_	_
14	به	_	_	_	_
15	زا	_	_	_	_
16	بلستان	_	_	_	_
17	رفت	_	_	_	_
18	.	_	_	_	_

0	بعداز	_	_	_	_
1	گذشت	_	_	_	_
2	نه	_	_	_	_
3	ماه	_	_	_	_
4	تهمینه	_	_	_	_
5	پسری	_	_	_	_
6	به	_	_	_	_
7	دنیا	_	_	_	_
8	آورد	_	_	_	_
9	زیبارو	_	_	_	_
10	چون	_	_	_	_
11	رستم	_	_	_	_
12	که	_	_	_	_
13	نامش	_	_	_	_
14	را	_	_	_	_
15	سهراب	_	_	_	_
16	نهادند	_	_	_	_
17	.	_	_	_	_

0	وقتی	_	_	_	_
1	یک‌ماهه	_	_	_	_
2	شد	_	_	_	_
3	مانند	_	_	_	_
4	کودک	_	_	_	_
5	یکساله	_	_	_	_
6	بود	_	_	_	_
7	و	_	_	_	_
8	در	_	_	_	_
9	سه‌سالگی	_	_	_	_
10	به	_	_	_	_
11	میدان	_	_	_	_
12	قدم	_	_	_	_
13	نهاد	_	_	_	_
14	و	_	_	_	_
15	در	_	_	_	_
16	پنج‌سالگی	_	_	_	_
17	چون	_	_	_	_
18	شیرمردان	_	_	_	_
19	شده بود	_	_	_	_
20	و	_	_	_	_
21	در	_	_	_	_
22	ده‌سالگی	_	_	_	_
23	کسی	_	_	_	_
24	نمی‌توانست	_	_	_	_
25	با	_	_	_	_
26	او	_	_	_	_
27	نبرد	_	_	_	_
28	کند	_	_	_	_
29	.	_	_	_	_

0	روزی	_	_	_	_
1	نزد	_	_	_	_
2	مادر	_	_	_	_
3	رفت	_	_	_	_
4	و	_	_	_	_
5	گفت	_	_	_	_
6	پدر	_	_	_	_
7	من	_	_	_	_
8	کیست	_	_	_	_
9	؟	_	_	_	_
10	اگر	_	_	_	_
11	کسی	_	_	_	_
12	بپرسد	_	_	_	_
13	چه	_	_	_	_
14	پاسخ	_	_	_	_
15	دهم	_	_	_	_
16	؟	_	_	_	_
17	مادر	_	_	_	_
18	گفت	_	_	_	_
19	تو	_	_	_	_
20	پسر	_	_	_	_
21	پهلوان	_	_	_	_
22	پیل‌تن	_	_	_	_
23	رستم	_	_	_	_
24	هستی	_	_	_	_
25	و	_	_	_	_
26	از	_	_	_	_
27	نوادگان	_	_	_	_
28	سام	_	_	_	_
29	و	_	_	_	_
30	زال	_	_	_	_
31	می‌باشی	_	_	_	_
32	.	_	_	_	_

0	نامه‌ای	_	_	_	_
1	از	_	_	_	_
2	رستم	_	_	_	_
3	به	_	_	_	_
4	او	_	_	_	_
5	نشان	_	_	_	_
6	داد	_	_	_	_
7	با	_	_	_	_
8	سه	_	_	_	_
9	یاقوت	_	_	_	_
10	رخشان	_	_	_	_
11	و	_	_	_	_
12	سه	_	_	_	_
13	کیسه	_	_	_	_
14	زر	_	_	_	_
15	که	_	_	_	_
16	پدرش	_	_	_	_
17	زمانیکه	_	_	_	_
18	او	_	_	_	_
19	بدنیا	_	_	_	_
20	آمده بود	_	_	_	_
21	فرستاده بود	_	_	_	_
22	.	_	_	_	_

0	تهمینه	_	_	_	_
1	گفت	_	_	_	_
2	افراسیاب	_	_	_	_
3	نباید	_	_	_	_
4	در	_	_	_	_
5	این	_	_	_	_
6	مورد	_	_	_	_
7	چیزی	_	_	_	_
8	بداند	_	_	_	_
9	زیرا	_	_	_	_
10	او	_	_	_	_
11	دشمن	_	_	_	_
12	پدرت	_	_	_	_
13	است	_	_	_	_
14	و	_	_	_	_
15	اگر	_	_	_	_
16	هم	_	_	_	_
17	پدرت	_	_	_	_
18	بداند	_	_	_	_
19	که	_	_	_	_
20	تو	_	_	_	_
21	چنین	_	_	_	_
22	یلی	_	_	_	_
23	شده‌ای	_	_	_	_
24	تو	_	_	_	_
25	را	_	_	_	_
26	نزد	_	_	_	_
27	خودش	_	_	_	_
28	می‌برد	_	_	_	_
29	و	_	_	_	_
30	من	_	_	_	_
31	از	_	_	_	_
32	دوری	_	_	_	_
33	تو	_	_	_	_
34	ملول	_	_	_	_
35	می‌شوم	_	_	_	_
36	.	_	_	_	_

0	اما	_	_	_	_
1	سهراب	_	_	_	_
2	گفت	_	_	_	_
3	این	_	_	_	_
4	سخنی	_	_	_	_
5	نیست	_	_	_	_
6	که	_	_	_	_
7	آن	_	_	_	_
8	را	_	_	_	_
9	پنهان	_	_	_	_
10	کنم	_	_	_	_
11	و	_	_	_	_
12	تو	_	_	_	_
13	نباید	_	_	_	_
14	این	_	_	_	_
15	را	_	_	_	_
16	پنهان	_	_	_	_
17	می‌کردی	_	_	_	_
18	.	_	_	_	_

0	اکنون	_	_	_	_
1	من	_	_	_	_
2	از	_	_	_	_
3	ترکان	_	_	_	_
4	سپاهی	_	_	_	_
5	آماده	_	_	_	_
6	می‌کنم	_	_	_	_
7	و	_	_	_	_
8	به	_	_	_	_
9	ایران	_	_	_	_
10	می	_	_	_	_
11	روم	_	_	_	_
12	و	_	_	_	_
13	کاووس	_	_	_	_
14	را	_	_	_	_
15	از	_	_	_	_
16	تخت	_	_	_	_
17	به	_	_	_	_
18	زیر	_	_	_	_
19	میاورم	_	_	_	_
20	و	_	_	_	_
21	طوس	_	_	_	_
22	و	_	_	_	_
23	گرگین	_	_	_	_
24	و	_	_	_	_
25	گودرز	_	_	_	_
26	و	_	_	_	_
27	گیو	_	_	_	_
28	و	_	_	_	_
29	گستهم	_	_	_	_
30	و	_	_	_	_
31	نوذر	_	_	_	_
32	و	_	_	_	_
33	بهرام	_	_	_	_
34	را	_	_	_	_
35	نابود	_	_	_	_
36	می‌کنم	_	_	_	_
37	و	_	_	_	_
38	بعد	_	_	_	_
39	رستم	_	_	_	_
40	را	_	_	_	_
41	به	_	_	_	_
42	جای	_	_	_	_
43	کاووس	_	_	_	_
44	می‌نشانم	_	_	_	_
45	سپس	_	_	_	_
46	به	_	_	_	_
47	توران	_	_	_	_
48	رفته	_	_	_	_
49	و	_	_	_	_
50	افراسیاب	_	_	_	_
51	را	_	_	_	_
52	به	_	_	_	_
53	زیر	_	_	_	_
54	می‌کشم	_	_	_	_
55	و	_	_	_	_
56	تو	_	_	_	_
57	را	_	_	_	_
58	بانوی	_	_	_	_
59	شهر	_	_	_	_
60	ایران	_	_	_	_
61	می‌کنم	_	_	_	_
62	.	_	_	_	_

0	سپس	_	_	_	_
1	خواست	_	_	_	_
2	اسبی	_	_	_	_
3	پیدا	_	_	_	_
4	کند	_	_	_	_
5	که	_	_	_	_
6	تهمینه	_	_	_	_
7	به	_	_	_	_
8	چوپان	_	_	_	_
9	گفت	_	_	_	_
10	هرچه	_	_	_	_
11	اسب	_	_	_	_
12	هست	_	_	_	_
13	بیار	_	_	_	_
14	تا	_	_	_	_
15	او	_	_	_	_
16	انتخاب	_	_	_	_
17	کند	_	_	_	_
18	.	_	_	_	_

0	اما	_	_	_	_
1	هر	_	_	_	_
2	اسبی	_	_	_	_
3	می‌آوردند	_	_	_	_
4	تاب	_	_	_	_
5	تحمل	_	_	_	_
6	دست	_	_	_	_
7	سهراب	_	_	_	_
8	را	_	_	_	_
9	هم	_	_	_	_
10	نداشت	_	_	_	_
11	یکی	_	_	_	_
12	از	_	_	_	_
13	دلیران	_	_	_	_
14	آمد	_	_	_	_
15	و	_	_	_	_
16	گفت	_	_	_	_
17	من	_	_	_	_
18	کره‌ای	_	_	_	_
19	از	_	_	_	_
20	نژاد	_	_	_	_
21	رخش	_	_	_	_
22	دارم	_	_	_	_
23	.	_	_	_	_

0	سهراب	_	_	_	_
1	شاد	_	_	_	_
2	شد	_	_	_	_
3	و	_	_	_	_
4	آن	_	_	_	_
5	اسب	_	_	_	_
6	را	_	_	_	_
7	آزمایش	_	_	_	_
8	کرد	_	_	_	_
9	و	_	_	_	_
10	انتخاب	_	_	_	_
11	نمود	_	_	_	_
12	.	_	_	_	_

0	سپس	_	_	_	_
1	نزد	_	_	_	_
2	شاه	_	_	_	_
3	سمنگان	_	_	_	_
4	رفت	_	_	_	_
5	و	_	_	_	_
6	از	_	_	_	_
7	او	_	_	_	_
8	کمک	_	_	_	_
9	خواست	_	_	_	_
10	و	_	_	_	_
11	او	_	_	_	_
12	نیز	_	_	_	_
13	هرچه	_	_	_	_
14	خواست	_	_	_	_
15	به	_	_	_	_
16	او	_	_	_	_
17	داد	_	_	_	_
18	و	_	_	_	_
19	مجهز	_	_	_	_
20	روانه‌اش	_	_	_	_
21	کرد	_	_	_	_
22	علی	_	_	_	_
23	را	_	_	_	_
24	دیدم	_	_	_	_
25	که	_	_	_	_
26	در	_	_	_	_
27	حال	_	_	_	_
28	بازی	_	_	_	_
29	کردن	_	_	_	_
30	بود	_	_	_	_
31	و	_	_	_	_
32	ناگهان	_	_	_	_
33	سرش	_	_	_	_
34	به	_	_	_	_
35	میزی	_	_	_	_
36	که	_	_	_	_
37	تازه	_	_	_	_
38	خریده بودند	_	_	_	_
39	خورد	_	_	_	_
40	و	_	_	_	_
41	پدرش	_	_	_	_
42	که	_	_	_	_
43	تازه	_	_	_	_
44	از	_	_	_	_
45	سرکار	_	_	_	_
46	آمده بود	_	_	_	_
47	او	_	_	_	_
48	را	_	_	_	_
49	به	_	_	_	_
50	بیمارستانی	_	_	_	_
51	که	_	_	_	_
52	نزدیک	_	_	_	_
53	خانه‌ی	_	_	_	_
54	مادر	_	_	_	_
55	بزرگش	_	_	_	_
56	که	_	_	_	_
57	تازه	_	_	_	_
58	از	_	_	_	_
59	دنیا	_	_	_	_
60	رفته بود	_	_	_	_
61	برد	_	_	_	_
