0	تیم‌ایران
1	با
2	پنج‌سانداکا‌رمرد
3	و
4	سه
5	زن
6	در
7	جام
8	جهانی
9	حضوریافته
10	است
11	.

0	در
1	رقابت‌های
2	نوبت
3	صبح‌یکشنبه
4	«
5	الهه
6	منصوریان
7	»
8	،
9	«
10	فریناز‌نذیری
11	»
12	،
13	«
14	محسن
15	محمدسیفی
16	»
17	و
18	«
19	میلادعارفی‌مقام
20	»
21	با
22	برتر‌ی
23	برابر
24	حریفان
25	به
26	مدال‌طلا
27	دست
28	یافتند
29	تا
30	تعداد
31	نشان‌های
32	زرین‌تیم
33	کشورمان
34	به
35	عدد
36	۵
37	برسد
38	.

0	روز
1	اول
2	نیز
3	«
4	شهربانو
5	منصوریان
6	»
7	به
8	نشان
9	طلای
10	وزن
11	۶۵
12	کیلو
13	گرم
14	رسیده‌
15	بود
16	.

0	لازم
1	به
2	ذکر
3	است
4	که
5	عصر
6	یکشنبه
7	«
8	یوسف
9	صبری
10	»
11	و
12	«
13	معین
14	تقوی
15	»
16	هم
17	برای
18	کسب
19	مدال
20	طلا
21	به
22	مصاف
23	حریفان
24	می‌روند
25	.

0	تیم
1	صدرشیمی
2	با
3	غلبه
4	بر
5	همشهری
6	مقتدر
7	خود
8	عنوان
9	قهرمانی
10	مسابقات
11	کشوری
12	را
13	از
14	آن
15	خود
16	کرد
17	.

0	در
1	دیدار
2	فینال‌تیم
3	صدر
4	شیمی
5	یزد
6	موفق
7	شد
8	با
9	نتیجه
10	۲
11	بر
12	۱
13	تیم
14	گلسا
15	پوش
16	یزد
17	را
18	که
19	از
20	بازیکنان
21	ملی‌
22	پوش
23	سود
24	می‌برد
25	شکست‌داده
26	و
27	به
28	مقام‌قهرمانی
29	دست
30	یابد
31	.

0	در
1	دیدار
2	رده‌بندی
3	نیز
4	تیم
5	پر‌سپولیس
6	مرد
7	آباد
8	با
9	شکست
10	تیم
11	هیات
12	روستایی
13	خراسان
14	شمالی
15	مقام
16	سوم
17	این
18	مسابقات
19	را
20	از
21	آن
22	خود
23	کردبه
24	گزارش
25	خبرگزاری
26	فارس
27	،
28	سردار
29	غلامرضا
30	جلالی
31	رئیس
32	سازمان
33	پدافند
34	غیر
35	عامل
36	طی‌نشست
37	خبری
38	که
39	به
40	مناسبت
41	۸
42	آبان
43	سال
44	روز
45	تشکیل
46	این
47	سازمان
48	برگزار
49	شد
50	،
51	ماموریت
52	اول
53	سازمان
54	پدافند
55	غیرعامل
56	را
57	دیده‌بانی
58	نسبت
59	به
60	تهدیدات
61	،
62	تشخیص‌تهدیدات
63	و
64	هشدار
65	در
66	حوزه‌های
67	مختلف
68	دانست
69	و
70	اظهار
71	داشت
72	:
73	دومین‌ماموریت
74	این
75	سازمان
76	،
77	کاهش
78	آسیب‌پذیری
79	کل
80	زیر
81	ساخت‌های‌کشور
82	و
83	شهرها
84	دربرابر
85	تهدیدات
86	امنیتی
87	است
88	که
89	به
90	صورت
91	مداوم
92	و
93	متغیر
94	دنبال
95	می‌شود
96	و
97	ماموریت
98	سوم
99	نیز
100	مصون‌
101	سازی
102	زیر
103	ساخت‌های
104	کل
105	کشور
106	است
107	.

0	وی
1	خاطرنشان
2	کرد
3	:
4	در
5	مورد‌حضور
6	پدافند
7	غیر
8	عامل
9	در
10	شورای‌عالی
11	فضای
12	مجازی
13	و
14	گردشگری
15	با
16	رهبری
17	نامه
18	نگاری
19	شده
20	که
21	مورد
22	موافقت
23	قرار
24	گرفته
25	است
26	.

0	جلالی
1	با
2	بیان
3	اینکه
4	۶۰
5	محصول
6	استراتژیک
7	پدافند‌
8	سایبری
9	بومی
10	کشور
11	را
12	ارائه
13	خواهیم
14	داد
15	،
16	گفت
17	:
18	۵
19	محصول
20	اسکادای
21	بومی
22	نیز
23	که
24	برای
25	کنترل
26	و
27	دیسپاچینگ
28	بکارمی
29	رود
30	،
31	توسط
32	متخصصان‌داخلی
33	ساخته
34	شده
35	است
36	.

0	یک
1	بازدیدکننده
2	در
3	روز
4	افتتاح
5	«
6	کتابخانه
7	حلزونی
8	»
9	در
10	شهر
11	هانگ‌ژو
12	در
13	استان
14	ژجیانگ
15	در
16	چین
17	سلفی‌می‌گیرد
18	.

0	این
1	کتاب
2	خانه
3	با
4	هدف
5	ارائه
6	منابع‌آنلاین
7	در
8	کنار
9	کتابخانه
10	و
11	منابع
12	سنتی
13	ایجاد
14	شده
15	است
16	.

0	کوچک‌
1	پا
2	،
3	داستان
4	یک
5	«
6	یتى
7	»
8	(
9	مرد‌برفى
10	)
11	دانشمند
12	است
13	که
14	متقاعد
15	شده
16	موجودات
17	نادرى
18	که
19	با
20	نام
21	«
22	کوچک‌پا
23	»
24	‌ها
25	(
26	انسان‌ها
27	»
28	،
29	واقعاً
30	وجود
31	دارند
32	!

0	اکران‌جهانى
1	این
2	انیمیشن
3	جذاب
4	،
5	از
6	ششم‌مهر
7	آغاز
8	شده
9	و
10	احتمالاً
11	تا
12	مدتى
13	دیگر
14	نسخه‌ى
15	دوبله‌ى
16	آن
17	به
18	سینماها
19	و
20	شبکه‌ى‌نمایش
21	خانگى
22	ما
23	هم
24	مى‌رسد
25	.

0	به
1	همین
2	مناسبت
3	ترجمه‌ى
4	گفت‌
5	وگویى
6	را
7	با
8	این
9	کارگردان
10	براى
11	شما
12	انتخاب
13	کرده‌ایم
14	تا
15	بیش‌تر
16	با
17	حال
18	و
19	هواى
20	این
21	داستان
22	متفاوت
23	و
24	عجیب
25	از
26	زندگى
27	یتى‌ها
28	آشناشویم
29	.

0	زمانى
1	که
2	بحث
3	هم‌کارى
4	با
5	پروژه‌ى
6	کوچک‌پا
7	را
8	به
9	من
10	پیشنهاد
11	دادند
12	،
13	با
14	«
15	بِرِگزیت
16	»
17	(
18	خروج
19	انگلیس
20	از
21	اتحادیه‌ى‌اروپا
22	)
23	هم‌
24	زمان
25	بود
26	.

0	انتخابات
1	برگزار
2	شد
3	.

0	در
1	جهان
2	موج
3	مهاجرت
4	آغاز
5	شده
6	بود
7	.

0	گروهى
1	از
2	مردم
3	روز
4	به
5	روز
6	به
7	سمت
8	قوم‌
9	گرایى
10	و
11	انزوا
12	طلبى
13	گرایش
14	پیدا
15	مى‌کردند
16	و
17	مذاکرات
18	زیادى
19	براى
20	تقویت
21	مرزبندى
22	بین
23	کشورها
24	،
25	مثل
26	دیوارکشى
27	بین
28	مکزیک
29	و
30	آمریکا
31	در
32	جریان
33	بود
34	.

0	نه
1	،
2	انیمیشن‌ها
3	عموماً
4	در
5	طول
6	پروسه‌ى
7	تولید
8	،
9	دست‌خوش
10	تغییرات
11	زیادى
12	مى‌شوند
13	.

0	درباره‌ى
1	این
2	فیلم
3	هم
4	،
5	آمدن
6	من
7	هم‌زمان
8	شد
9	با
10	تغییر
11	مدیریت
12	در
13	بخش
14	انیمیشن
15	استودیوى
16	«
17	برادران
18	وارنر
19	»
20	.

0	آن‌ها
1	کار
2	موزیکالى
3	را
4	از
5	من
6	در
7	«
8	برادوِی
9	»
10	دیده
11	بودند
12	و
13	خواستند
14	که
15	کوچک‌پا
16	هم
17	موزیکال
18	شود
19	.

0	شاید
1	سخت
2	باشد
3	که
4	بپذیریم
5	استودیوى
6	وارنر
7	هم
8	مى‌تواند
9	به‌خوبى
10	استودیوهاى
11	«
12	دیزنی
13	»
14	،
15	«
16	پیکسار
17	»
18	یا
19	«
20	دریم‌ورکز
21	»
22	،
23	موزیکالى
24	موفق
25	بسازد
26	.

0	اما
1	با
2	تمام
3	احترامى
4	که
5	براى
6	کمپانى‌هاى
7	دیگر
8	قائلم
9	باید
10	بگویم
11	،
12	بخش
13	بزرگى
14	از
15	دنیاى
16	کودکى
17	و
18	نوجوانى
19	ما
20	با
21	«
22	باگز‌بانى
23	»
24	،
25	«
26	دافى‌داک
27	»
28	و
29	«
30	چاک‌جونز
31	»
32	سپرى
33	شده
34	و
35	استودیوى
36	وارنر
37	خیلى
38	پیش‌تر
39	از
40	این
41	،
42	قدرتش
43	را
44	در
45	تولید
46	انیمیشن‌هاى
47	به‌یاد
48	ماندنى
49	نشان
50	داده
51	است
52	.

0	این
1	را
2	به‌خلاقیت
3	تدوین‌
4	گرمان
5	،
6	یعنى
7	«
8	پیتر
9	اتینگر
10	»
11	مدیونیم
12	.

0	او
1	کلمه‌هایى
2	را
3	تصادفى
4	اتنخاب
5	مى‌کرد
6	و
7	گام‌هاى
8	آن
9	را
10	تغییر
11	مى‌داد
12	.

0	او
1	به
2	فرمولى
3	رسید
4	و
5	آن
6	را
7	در
8	تمام‌انیمیشن
9	،
10	به‌کار
11	برد
12	.

0	وقتى
1	براى
2	اولین‌بار
3	آن‌ها
4	را
5	شنیدیم
6	همه
7	به
8	خنده
9	افتادیم
10	.

0	به
1	نظرم
2	بامزه‌ترین
3	دیالوگ
4	آن‌جاست
5	که
6	شخصیت
7	«
8	پرسى
9	»
10	مى‌
11	گوید
12	:
13	«
14	بگیر-تو-دا-
15	بی-لا-
16	بو
17	!
18	»
19	با
20	شما
21	موافقم
22	و
23	به
24	این
25	فهرست
26	دو
27	انیمیشن
28	دوست‌
29	داشتنى
30	«
31	لک‌
32	لک‌ها
33	»
34	و
35	«
36	لگو
37	»
38	را
39	هم
40	اضافه‌مى‌کنم
41	.

0	اما
1	برگردیم
2	به
3	کوچک‌
4	پا
5	.

0	به
1	نظرم
2	لایه‌هاى
3	بسیارى
4	در
5	این
6	انیمیشن
7	وجود
8	دارد
9	؛
10	طنز
11	،
12	موسیقى
13	،
14	داستان
15	،
16	پیام‌هایى
17	پیرامون
18	آفرینش
19	،
20	کشف
21	جهان
22	و
23	…رئیس‌
24	جمهور
25	بعدی‌گرجستان
26	در
27	سال
28	۲۰۲۴
29	میلادی
30	توسط
31	یک
32	کالج
33	انتخاباتی
34	که
35	متشکل
36	از
37	۳۰۰
38	عضو
39	است
40	،
41	انتخاب
42	خواهد
43	شد
44	.

0	این
1	تغییر
2	قانون
3	اساسی
4	در
5	سپتامبر
6	سال
7	۲۰۱۷
8	میلادی
9	اتخاذ
10	شد
11	؛
12	اقدامی
13	که
14	از
15	سوی
16	احزاب
17	اپوزیسیون
18	موردانتقاد
19	قرار
20	گرفته
21	و
22	آن
23	را
24	به
25	عنوان
26	اقدامی
27	به
28	نفع
29	حزب
30	حاکم
31	محکوم‌کردند
32	.

0	گیورگی
1	مارگولاشویلی
2	،
3	رئیس‌جمهور
4	در
5	حال
6	کناره‌گیری
7	گرجستان
8	از
9	نامزدی
10	در
11	انتخابات
12	برای
13	دومین
14	دوره
15	متوالی
16	امتناع
17	و
18	تاکید‌کرد
19	تمایل
20	ندارد
21	نقشی
22	را
23	که
24	کم
25	رنگ‌وتشریفاتی
26	شده
27	،
28	برعهده
29	گیرد
30	.

0	کنگره
1	جهانی
2	است
3	که
4	در
5	دنیا
6	نظیر
7	ندارد
8	،
9	اظهار
10	داشت
11	:
12	دشمنان
13	اسلام
14	از
15	بر
16	پایی
17	این
18	عظمت
19	عصبانی
20	هستند
21	.

0	همانطور
1	که
2	امام‌خمینی
3	(
4	ره
5	)
6	فرمودند
7	«
8	راه
9	قدس
10	از
11	کربلا
12	می‌گذرد
13	»
14	،
15	این
16	حضور
17	میلیونی
18	زائران
19	اربعین
20	زمینه‌
21	ساز
22	همین
23	فرمایش
24	ایشان
25	است
26	.

0	وی
1	با
2	اشاره
3	به
4	اینکه
5	حماسه
6	پیاده‌
7	روی
8	اربعین
9	انقدر
10	عظیم
11	است
12	که
13	هیچ‌
14	گروه
15	و
16	دولتی
17	نمی‌تواند
18	مدعی
19	باشد
20	که
21	به
22	تنهایی
23	این
24	حضور
25	میلیونی
26	را
27	اداره
28	می‌کند
29	،
30	افزود
31	:
32	این
33	حماسه
34	عظیم
35	یک‌
36	حرکت
37	مردمی
38	است
39	که
40	خود
41	مردم
42	آن
43	را
44	اداره
45	می‌کنند
46	.

0	حجت‌
1	الاسلام
2	نجفی
3	با
4	بیان
5	اینکه
6	در
7	بازدید
8	از
9	موکب‌ها
10	دیدیم
11	که
12	خادمان
13	و
14	زائران
15	با
16	تمام‌مشکلات
17	از
18	اقتصادی
19	یا
20	حتی
21	آب
22	و‌هوایی
23	با
24	اخلاص
25	به
26	خدمت‌رسانی
27	مشغول
28	هستند
29	،
30	گفت
31	:
32	یقین
33	دارم
34	که
35	پیاده‌
36	روی
37	اربعین
38	امسال
39	از
40	سال‌های
41	گذشته
42	باشکوه‌‌تر
43	خواهد
44	بود
45	و
46	هیچ‌کسی
47	اجازه
48	نمی‌دهد
49	که
50	این
51	حرکت
52	عظیم
53	کمرنگ
54	شود
55	.

0	نماینده
1	مقام
2	معظم
3	رهبری
4	در
5	کربلا
6	خاطر
7	نشان
8	کرد
9	:
10	خدمت
11	به
12	زائران
13	اربعین
14	هدیه
15	الهی
16	است
17	که
18	نصیب
19	محبان
20	اهل
21	بیت
22	(
23	ع
24	)
25	شده
26	است
27	.

0	خدا
1	را
2	شکر
3	که
4	پرچم
5	امام
6	حسین
7	(
8	ع
9	)
10	بر
11	سر
12	همه
13	ما
14	گسترده
15	شده
16	است
17	.

0	وی
1	ضمن
2	مثبت
3	ارزیابی
4	کردن
5	خدمات
6	ارائه
7	شده
8	در
9	موکب‌‌های
10	اربعین
11	گفت
12	:
13	از
14	همه
15	موکب‌
16	داران
17	تشکر
18	وسلام
19	مقام
20	معظم
21	رهبری
22	را
23	به
24	آنها
25	ابلاغ
26	می‌
27	کنم
28	.

0	به
1	گزارش
2	مهر
3	،
4	محمدرضا
5	حسین‌
6	زاده
7	اظهار
8	داشت
9	:
10	درخواست
11	کردیم
12	اگر
13	اجازه
14	افزایش
15	تعداد
16	باجه‌‌ها
17	و
18	همچنین
19	افزایش
20	ساعات‌کار
21	و
22	شبانه‌
23	روزی
24	کردن
25	آن‌ها
26	را
27	نمی‌دهند
28	،
29	لااقل
30	اجازه
31	بدهند
32	دینار
33	های‌موجود
34	را
35	به
36	داخل
37	مرز
38	ایران
39	منتقل
40	کنیم
41	تا
42	در
43	کشورمان
44	و
45	در
46	لب
47	مرز
48	به
49	زائران
50	پرداخت‌شود
51	که
52	متاسفانه
53	طرف
54	عراقی
55	با
56	این
57	پیشنهاد
58	هم
59	موافقت
60	نکرده
61	است
62	.
