‎0	فارسی
‎1	راکمی
‎2	درست‌تر
‎3	می‌نویسیم
4	.
‎0	به
‎1	گزارش
‎2	ایسنا
‎3	سمینار
‎4	شیمی
‎5	آلی
‎6	از
‎7	امروز
8	۱۱
‎9	شهریور
10	۱۳۹۶
‎11	در
‎12	دانشگاه
‎13	علم
‎14	و
‎15	صنعت
‎16	ایران
‎17	آغاز
‎18	به
‎19	کار
‎20	کرد
21	.
‎0	این
‎1	سمینار
‎2	تا
3	۱۳
‎4	شهریور
‎5	ادامه
‎6	می‌یابد
7	.
‎0	رئیس
‎1	سازمان
‎2	برنامه
‎3	و
‎4	بودجه
5	،
‎6	برنامه
‎7	جامع
‎8	دولت
‎9	مشتمل
‎10	بر
11	۱۲
‎12	بسته
‎13	برای
‎14	خنثی
‎15	سازی
‎16	و
‎17	تقلیل
‎18	تحریم‌‌های
‎19	آمریکا
‎20	را
‎21	تشریح
‎22	کرد
23	.
‎0	خانه
‎1	ملت
‎2	نوشت
3	:
‎4	محمدباقر
‎5	نوبخت
‎6	رئیس
‎7	سازمان
‎8	برنامه
‎9	و
‎10	بودجه
‎11	در
‎12	نشست
‎13	مشترک
‎14	رؤسای
‎15	کمیسیون‌‌های
‎16	تخصصی
‎17	مجلس
‎18	با
‎19	بیان
‎20	اینکه
‎21	از
‎22	زمان
‎23	مشخص
‎24	شدن
‎25	اعمال
‎26	تحریم‌های
27	۹۰
‎28	روزه
‎29	و
30	۱۸۰
‎31	روزه
‎32	آمریکا
‎33	علیه
‎34	ایران
‎35	سازمان
‎36	برنامه
‎37	و
‎38	بودجه
‎39	به
‎40	صورت
‎41	دقیق
‎42	حوزه‌های
‎43	این
‎44	تحریم‌ها
‎45	را
‎46	مشخص
‎47	کرد
48	،
‎49	گفت
50	:
‎51	برای
‎52	خنثی
‎53	سازی
‎54	و
‎55	به
‎56	حداقل
‎57	رسیدن
‎58	این
‎59	تحریم‌ها
‎60	یک
‎61	برنامه
‎62	جامع
‎63	مشتمل
‎64	بر
65	۱۲
‎66	بسته
‎67	در
‎68	سازمان
‎69	طراحی
‎70	و
‎71	مشخص
‎72	شد
‎73	که
‎74	هر
‎75	یک
‎76	از
‎77	دستگاه‌های
‎78	موجود
‎79	در
‎80	وزارتخانه‌ها
‎81	با
‎82	اعمال
‎83	تحریم‌های
84	۹۰
‎85	روزه
‎86	و
87	۱۸۰
‎88	روزه
‎89	چه
‎90	آسیب
‎91	هایی
‎92	می‌بینند
‎93	و
‎94	در
‎95	کوتاه
‎96	مدت
97	،
‎98	میان
‎99	مدت
‎100	و
‎101	بلند
‎102	مدت
‎103	باید
‎104	چه
‎105	برنامه
‎106	هایی
‎107	اعمال
‎108	شود
‎109	که
‎110	تکلیف
‎111	وزارت
‎112	خانه‌ها
‎113	در
‎114	این
‎115	حوزه
‎116	مشخص
‎117	شد
118	.
‎0	جوانی
‎1	از
‎2	یک
‎3	خانواده
‎4	فقیر
5	(
‎6	فرخ
7	)
‎8	دل
‎9	باخته
‎10	دختر
‎11	عمه‌اش
12	(
‎13	مهین
14	)
‎15	از
‎16	خانواده‌
‎17	ای
‎18	اشرافی
‎19	و
‎20	متعین
‎21	است
22	.
‎0	پدر
‎1	مهین
‎2	به
‎3	سودای
‎4	مال
‎5	و
‎6	مقام
‎7	در
‎8	صدد
‎9	است
‎10	دختر
‎11	را
‎12	به
‎13	خواستگار
‎14	ثروتمند
15	(
‎16	سیاوش
‎17	میرزا
18	)
‎19	بدهد
20	.
‎0	با
‎1	طرح
‎2	توطئه‌ای
‎3	فرخ
‎4	را
‎5	دستگیر
‎6	کرده
‎7	و
‎8	به
‎9	تبعید
‎10	می‌فرستند
11	.
‎0	فرخ
‎1	که
‎2	در
‎3	این
‎4	دستگاه
‎5	سمت
‎6	مهمی
‎7	دارد
8	،
‎9	ظاهراً
‎10	به
‎11	آرمان
‎12	خود
‎13	برای
‎14	مبارزه
‎15	با
‎16	فساد
‎17	نائل
‎18	شده
‎19	است
20	.
‎0	وی
‎1	با
‎2	بیان
‎3	اینکه
‎4	نقدینگی
‎5	قابل
‎6	ملاحظه‌ای
‎7	در
‎8	کشور
‎9	وجود
‎10	دارد
‎11	که
‎12	مهار
‎13	نقدینگی
‎14	و
‎15	هدایت
‎16	آن
‎17	یکی
‎18	از
‎19	بسته‌های
‎20	دولت
‎21	در
‎22	نظر
‎23	گرفته
‎24	شد
25	،
‎26	افزود
27	:
28	۷۶
‎29	هزار
‎30	پروژه
‎31	ناتمام
‎32	در
‎33	کشور
‎34	وجود
‎35	دارد
‎36	که
‎37	در
‎38	بسته
‎39	دیگری
‎40	در
‎41	کشور
‎42	مشخص
‎43	شد
‎44	که
‎45	چه
‎46	راهکارهایی
‎47	برای
‎48	اتمام
‎49	پروژه‌های
‎50	مهم
‎51	باید
‎52	اتخاذ
‎53	شود
‎54	و
‎55	مدلی
‎56	در
‎57	قالب
‎58	مشارکت
‎59	عمومی
‎60	خصوصی
‎61	و
‎62	در
‎63	یک
‎64	بسته
‎65	تهیه
‎66	شد
67	.
‎0	گاهی
‎1	رویدادهایی
‎2	موجب
‎3	می‌شود
‎4	شما
‎5	منطق
‎6	خود
‎7	را
‎8	از
‎9	دست
‎10	بدهید
‎11	وگرنهدلیل
‎12	برای
‎13	از
‎14	دست
‎15	دادن
‎16	آن
‎17	ندارید
18	.
0	«
‎1	چنآنچه
‎2	واکنش
‎3	نابهنجار
‎4	در
‎5	برابر
‎6	موقعیت
‎7	نابهنجار
8	،
‎9	رفتار
‎10	طبیعی
‎11	به
‎12	شمار
‎13	می‌رود
14	.
‎0	ما
‎1	روانپزشکان
‎2	حتی
‎3	انتظار
‎4	این
‎5	را
‎6	داریم
‎7	که
‎8	واکنش‌های
‎9	یک
‎10	فرد
‎11	در
‎12	برابر
‎13	یک
‎14	امر
‎15	نابهنجار
16	،
‎17	از
‎18	قبیل
‎19	فرستادن
‎20	به
‎21	تیمارستان
22	،
‎23	به
‎24	نسبت
‎25	درجه
‎26	بهنجار
‎27	بودن
‎28	او
‎29	نابهنجار
‎30	باشد
31	.
‎0	واکنش
‎1	فردی
‎2	که
‎3	به
‎4	اردوگاه
‎5	کار
‎6	اجباری
‎7	وارد
‎8	شده
‎9	است
‎10	نیز
‎11	وضع
‎12	نابهنجار
‎13	ذهنی
‎14	او
‎15	را
‎16	نشان
‎17	می‌دهد
18	.
‎0	صبح
‎1	زود
2	،
‎3	وقتی
‎4	که
‎5	هوا
‎6	هنوز
‎7	گرگ
‎8	و
‎9	میش
‎10	بود
‎11	زندانی
‎12	با
‎13	گروهش
‎14	جلوی
‎15	در
‎16	می‌ایستاد
‎17	و
‎18	آماده
‎19	کار
‎20	بود
21	.
‎0	با
‎1	شنیدن
‎2	صدای
‎3	فریادی
4	،
‎5	می‌دید
‎6	که
‎7	چگونه
‎8	رفیقی
‎9	را
‎10	نقش
‎11	زمین
‎12	می‌کنند
‎13	و
‎14	دیگر
‎15	بار
‎16	او
‎17	را
‎18	می‌ایستانند
‎19	و
‎20	باز
‎21	هم
‎22	اینکار
‎23	تکرار
‎24	می‌شود
25	،
‎26	چرا
‎27	چنین
‎28	می‌کردند
‎29	؟
‎0	برای
‎1	این
‎2	که
‎3	تب
‎4	داشت
‎5	و
‎6	بی
‎7	موقع
‎8	به
‎9	درمانگاه
‎10	رفته
‎11	بود
‎12	و
‎13	به
‎14	خاطر
‎15	همین
‎16	که
‎17	می‌خواست
‎18	از
‎19	وظایف
‎20	روزانه‌اش
‎21	رها
‎22	شود
‎23	تنبیه
‎24	می‌شد
25	.
‎0	اینبار
‎1	نتونستم
‎2	جلوی
‎3	خندم
‎4	رو
‎5	بگیرم
‎6	یه
‎7	دونه
‎8	با
‎9	مشت
‎10	ناخود
‎11	آگاه
‎12	زدم
‎13	به
‎14	بازوش
‎15	که
‎16	با
‎17	یه
‎18	لبخند
‎19	مرموذی
‎20	نگام
‎21	کرد
22	.
‎0	پایه‌ی
‎1	یه
‎2	دور
‎3	دور
‎4	هستی
‎5	؟؟؟!!!
‎0	خندیدم
‎1	و
‎2	سرمو
‎3	با
‎4	ذوق
‎5	تکون
‎6	دادم
‎7	و
‎8	پریدم
‎9	بالا
‎10	و
‎11	شروع
‎12	کردم
‎13	روندن
14	…
‎15	راهنماییم
‎16	کرد
‎17	تا
‎18	رفتیم
‎19	سمت
‎20	سعادت
‎21	آباد
‎22	و
‎23	کنارآب
‎24	میوه
‎25	فروشی
‎26	ایستادیم
27	.
‎0	شب
‎1	بود
‎2	ستار
‎3	گان
‎4	در
‎5	آسمان
‎6	میدر
‎7	خشنیدند
8	،
‎9	از
‎10	کاربربرمیگشتم
‎11	که
‎12	برای
‎13	خانه
‎14	نان
‎15	و
‎16	ا
‎17	نار
‎18	خرید
‎19	کردم
20	.
‎0	ساعت۱۳
1	:
‎2	۲ب
3	.
‎0	ظ
‎1	هر
‎2	جا
‎3	یی
‎4	را
‎5	گشتم
‎6	نبود
‎7	و
‎8	دربه
‎9	دردنبال
‎10	آن
‎11	بودم
12	.
‎0	کوچ
‎1	نشینان
‎2	به
‎3	ییلاق
‎4	کوچ
‎5	کردند
‎6	در
‎7	مسیر
‎8	بودندطوفان
‎9	شن
‎10	شروع
‎11	شد
12	،
‎13	درطوفان
‎14	گیر
‎15	کردند
16	.
‎0	صبح
‎1	شد
‎2	هوا
‎3	آروم
‎4	شده
‎5	بود
‎6	اما
‎7	گوسفندان
‎8	همه
‎9	پراکنده
‎10	شده
‎11	بودند
12	.
‎0	زمان
‎1	جانشینی
‎2	فرارسید
‎3	برادردربرابربرادرقرارگرفته
‎4	بود
5	.
‎0	مادر
‎1	برای
‎2	خرید
‎3	پرده
‎4	به
‎5	پر
‎6	ده
‎7	سرا
‎8	رفت
‎9	ولی
‎10	پرده‌ی
‎11	خو
‎12	بی
‎13	پیدانکرد
14	.
‎0	درصورتی‌که
‎1	حجم
‎2	حافظه
3	۱۰
‎4	ترا
‎5	بایت
‎6	یا
7	۱۵
‎8	ترابایت
‎9	باشد
‎10	عالی
‎11	میشوددرغیراین
‎12	صورت
‎13	قابل
‎14	استفاده
‎15	نمی‌باشد
16	.
‎0	کسب
‎1	و
‎2	کار
‎3	در
‎4	اقتصاد
‎5	سرمایه
‎6	‌داری
‎7	حکم‌
‎8	فرماست
9	،
‎10	بیشتر
‎11	کسب
‎12	و
‎13	کار‌ها
‎14	که
‎15	مالک
‎16	آن‌‌ها
‎17	بخش
‎18	خصوصی
‎19	است
‎20	برای
‎21	این
‎22	ایجاد
‎23	شده‌اند
‎24	که
‎25	سود
‎26	ساز
‎27	باشند
‎28	و
‎29	دارایی
‎30	صاحب‌
‎31	شان
‎32	را
‎33	بیشتر
‎34	کنند
35	.
‎0	کسب
‎1	و
‎2	کارها
‎3	می‌توانند
‎4	نا
‎5	سودبر
‎6	باشند
‎7	یا
‎8	مالک
‎9	آن‌ها
‎10	دولت
‎11	باشد
12	.
‎0	از
‎1	کسب
‎2	و
‎3	کاری
‎4	که
‎5	چندین
‎6	فرد
‎7	در
‎8	دارایی
‎9	آن
‎10	شریک
‎11	باشند
‎12	با
‎13	عنوان
‎14	شرکت
‎15	یاد
‎16	برده
‎17	می‌شود
18	،
‎19	هر
‎20	چند
‎21	که
‎22	این
‎23	واژه
‎24	تعریف
‎25	دقیق‌‌تری
‎26	نیز
‎27	دارد
28	.
‎0	پترس
‎1	و
‎2	پلومن
3	،
‎4	از
‎5	صاحب
‎6	نظران
‎7	این
‎8	حوزه
9	،
‎10	بر
‎11	این
‎12	باورند
‎13	که
‎14	هر
‎15	نوع
‎16	خرید
‎17	و
‎18	فروش
‎19	کسب
‎20	وکار
‎21	نیست
22	،
‎23	بلکه
‎24	کسب
‎25	وکار
‎26	هر
‎27	نوع
‎28	تبادل
‎29	تکرار
‎30	شونده
‎31	و
‎32	تجدید
‎33	پذیر
‎34	است
35	.
‎0	صد‌ها
‎1	تن
‎2	از
‎3	مرد‌ها
‎4	به
‎5	بیگاری
‎6	کشیده
‎7	شدندوبه
‎8	ده‌ها
‎9	زن
‎10	تجاوز
‎11	شد
12	.
‎0	فروشند
‎1	گان
‎2	کالا
‎3	هایی
‎4	را
‎5	که
‎6	به
‎7	فروش
‎8	نمیرسند
‎9	با
‎10	قیمت
‎11	پایین‌تر
‎12	به
‎13	حراج
‎14	میگذارند
15	.
‎0	علاوه
‎1	بر
‎2	این
‎3	اجناس
‎4	که
‎5	سال‌ها
‎6	پیش
‎7	فروش
‎8	نرفته
‎9	اند
‎10	هم
‎11	در
‎12	این
‎13	حراج
‎14	وجود
‎15	دارند
16	.
‎0	سرور‌های
‎1	گوگل
‎2	کیلو
‎3	ترابایت
‎4	حافظه
‎5	دارند
6	.
‎0	بت
‎1	پرست
‎2	پیر
‎3	اهن
‎4	را
‎5	تکه
‎6	تکه
‎7	کرد
8	.
‎0	به
‎1	گزارش
‎2	شبکه
‎3	ان
‎4	بی
‎5	سی
‎6	نیوز
‎7	قایق‌های
‎8	تندروی
‎9	نیروی
‎10	دریایی
‎11	ایران
‎12	در
‎13	آب‌های
‎14	خلیج
‎15	فارس
‎16	به
‎17	ناو
‎18	آمریکایی
‎19	اسکس
‎20	و
‎21	دیگر
‎22	کشتی‌های
‎23	آمریکایی
‎24	نزدیک
‎25	شده‌اند
26	.
‎0	در
‎1	حالی
‎2	که
‎3	ژنرال
‎4	جوزف
‎5	ووتل
‎6	فرمانده
‎7	مقر
‎8	مرکزی
‎9	ارتش
‎10	آمریکا
‎11	نیز
‎12	در
‎13	ناو
‎14	اسکس
‎15	بوده
‎16	است
17	.
‎0	بنابر
‎1	این
‎2	گزارش
‎3	قایق‌های
‎4	تندروی
‎5	ایرانی
‎6	تا
‎7	فاصله
8	۳۰۰
‎9	یاردی
‎10	از
‎11	اسکس
‎12	به
‎13	این
‎14	ناو
‎15	آمریکایی
‎16	نزدیک
‎17	شده
‎18	بودند
19	.
‎0	یک
‎1	ملوان
‎2	ایرانی
‎3	در
‎4	یک
‎5	تماس
‎6	رادیویی
‎7	از
‎8	ناو
‎9	اسکس
‎10	خواسته
‎11	بود
‎12	تا
‎13	ملیت
‎14	خود
‎15	را
‎16	مشخص
‎17	کند
18	.
‎0	در
‎1	پاسخ
‎2	به
‎3	این
‎4	تماس
‎5	نیز
‎6	یک
‎7	ملوان
‎8	آمریکایی
‎9	کشتی‌های
‎10	آمریکایی‌ها
‎11	را
‎12	برای
‎13	ایران
‎14	معرفی
‎15	کرده
‎16	و
‎17	توضیح
‎18	داده
‎19	است
‎20	که
‎21	آن‌ها
‎22	در
‎23	حال
‎24	انجام
‎25	یک
‎26	ماموریت
‎27	دریایی
‎28	هستند
29	.
‎0	محمدجواد
‎1	ظریف
‎2	وزیر
‎3	امور
‎4	خارجه
‎5	ایران
‎6	نیز
‎7	پیش
‎8	از
‎9	این
‎10	در
‎11	یک
‎12	پیام
‎13	توییتری
‎14	تاکید
‎15	کرده
‎16	بود
‎17	که
‎18	نیروی
‎19	دریایی
‎20	ایران
‎21	در
‎22	خلیج
‎23	فارس
‎24	است
‎25	نه
‎26	خلیج
‎27	مکزیک
‎28	و
‎29	سوال
‎30	این
‎31	است
‎32	که
‎33	چرا
‎34	نیروی
‎35	دریایی
‎36	آمریکا
‎37	باید
‎38	جایی
‎39	هزاران
‎40	مایل
‎41	دورتر
‎42	از
‎43	کشورش
‎44	باشد
45	.
‎0	در
‎1	حال
‎2	حاضر
‎3	در
‎4	کشور
‎5	ما
‎6	رشته
‎7	هایی
‎8	در
‎9	دوره
‎10	رزیدنتی
‎11	پرطرفدار
‎12	هستند
‎13	که
‎14	درآمد
‎15	بالاتری
‎16	دارند
17	.
‎0	در
‎1	واقع
‎2	اختلاف
‎3	درآمدی
‎4	بسیار
‎5	زیاد
‎6	بین
‎7	خود
‎8	رشته‌های
‎9	تخصص
‎10	پزشکی
‎11	سبب
‎12	جهت
‎13	گیری
‎14	انتخاب
‎15	رشته
‎16	داوطلبان
‎17	آزمون
‎18	دستیاری
‎19	شده
‎20	است
21	.
‎0	طوری
‎1	که
‎2	در
‎3	حال
‎4	حاضر
‎5	رشته‌های
‎6	رادیولوژی
7	،
‎8	چشم
9	،
‎10	پوست
‎11	و
‎12	ارتوپدی
‎13	پرطرفدار‌ترین
‎14	رشته‌ها
‎15	در
‎16	بین
‎17	داوطلبین
‎18	این
‎19	آزمون
‎20	می‌باشد
21	.
‎0	این
‎1	در
‎2	حالی
‎3	است
‎4	که
‎5	در
‎6	کشور
‎7	آمریکا
‎8	طبق
‎9	گزارش
‎10	سال
11	۲۰۱۱
12	Medscape
‎13	اختلاف
‎14	درآمد
‎15	متوسط
‎16	انواع
‎17	رشته‌های
‎18	پزشکی
‎19	حداکثر
20	۲
‎21	برابر
‎22	است
23	.
‎0	در
‎1	اینجا
‎2	اشاره
‎3	میکنم
‎4	به
‎5	در
‎6	آمد
‎7	پزشکان
‎8	دارو
‎9	ساز
‎10	دارو
‎11	خانه
‎12	دار
‎13	که
‎14	به
‎15	مراتب
‎16	از
‎17	همکاران
‎18	داروسازمسئول
‎19	فنی
‎20	دارو
‎21	خانه
‎22	بیشتر
‎23	است
‎24	وتمامی
‎25	تعرفه
‎26	نسخ
‎27	و
‎28	سودهای
‎29	دارو
‎30	و
‎31	جوائز
‎32	داروئی
‎33	و
34	…
‎35	رابه
‎36	جیب
‎37	خود
‎38	روانه
‎39	میکنند
‎40	وهمیشه
‎41	ازاینکه
‎42	وضعیت
‎43	درآمدی
‎44	مناسبی
‎45	ندارند
‎46	مینالند
‎47	وبه
‎48	جرات
‎49	۹۰درصد
‎50	داروخانه
‎51	سوددهی
‎52	فوق
‎53	العاده‌ای
‎54	دارند
55	.
‎0	سلام
‎1	به
‎2	همه
‎3	دوستان
‎4	عزیز
5	.
‎0	انچه
‎1	که
‎2	بنده
‎3	در
‎4	ارتباط
‎5	با
‎6	ماشین
7	x۲۲م
‎8	میخوام
‎9	متذکر
‎10	بشم
11	.
‎0	اول
‎1	اینکه
‎2	بنده
‎3	نه
‎4	فروشنده
‎5	هستم
‎6	و
‎7	نه
‎8	دلال
‎9	من
‎10	هممثل
‎11	همه
‎12	شما
‎13	یک
‎14	دستگاه
‎15	از
‎16	این
‎17	مدل
‎18	ماشین
‎19	در
‎20	اواخر
‎21	مرداد
22	۹۶
‎23	از
‎24	نمایندگی
‎25	تحویل
‎26	گرفته‌ام
‎27	و
‎28	بحمدالله
‎29	با
‎30	این
‎31	ماشین
‎32	حدود
33	۳۸۶۰۰
‎34	کیلومتر
‎35	تو
‎36	تمام
‎37	جاده‌های
‎38	ایران
‎39	و
‎40	یکبار
‎41	به
‎42	اربیل
‎43	عراق
‎44	و
‎45	اخیر
‎46	هم
‎47	تازه
‎48	از
‎49	ارمنستان
‎50	با
‎51	این
‎52	ماشین
‎53	رفت
‎54	و
‎55	آمد
‎56	داشته‌ام
57	.
‎0	و
‎1	به
‎2	لحاظ
‎3	سواری
‎4	در
‎5	نوع
‎6	خودش
‎7	بی
‎8	نظیر
‎9	بوده
‎10	و
‎11	اصلا
‎12	احساس
‎13	خستگی
‎14	نمیکنی
15	.
‎0	و
‎1	لزومی
‎2	هم
‎3	نبود
‎4	از
‎5	ماشین
‎6	خودم
‎7	تعریف
‎8	کنم
9	.
‎0	بهر
‎1	حال
‎2	هرکسی
‎3	سلیقه
‎4	خاص
‎5	خودش
‎6	را
‎7	داره
8	.
‎0	یکی
‎1	میگه
‎2	ماشین
‎3	بدی
‎4	هست
‎5	و
‎6	یکی
‎7	میگه
‎8	ماشین
‎9	خوب
10	.
‎0	حی
‎1	و
‎2	حاضر
‎3	این
‎4	ماشین
‎5	در
‎6	نوع
‎7	خودش
‎8	بی
‎9	نظیر
‎10	بوده
‎11	و
‎12	تا
‎13	الان
‎14	فقط
‎15	به
‎16	غیر
‎17	از
‎18	روغن
‎19	و
‎20	فیلتر
‎21	چیزی
‎22	تا
‎23	حال
‎24	تعویض
‎25	نکرده‌ام
‎26	و
‎27	و
‎28	به
‎29	نسبت
‎30	مصرف
‎31	سوخت
‎32	تو
‎33	جاده‌های
‎34	ایران
‎35	و
‎36	جاده‌های
‎37	کوهستانی
‎38	کشورهای
‎39	همسایه
‎40	خیلی
‎41	کم
‎42	مصرف
‎43	و
‎44	تو
‎45	سربالایی
‎46	خیلی
‎47	راحت
‎48	کشش
‎49	خوبی
‎50	داشته
51	.
‎0	شاخص
‎1	بازار
‎2	بورس
‎3	در
‎4	تمام
‎5	نقاط
‎6	دنیا
‎7	به
‎8	کف
‎9	ممکن
‎10	خودش
‎11	رسید
12	.
‎0	بعضی
‎1	بورس‌ها
‎2	هم
‎3	کلا
‎4	قهر
‎5	کردن
‎6	رفتن
‎7	خونه‌هاشون
‎8	گفتن
‎9	ما
‎10	دیگه
‎11	نمی‌تونیم
12	!
‎0	آخرین
‎1	بازی
‎2	شب
‎3	دوم
‎4	هفته
‎5	دهم
‎6	رقابت‌های
‎7	لیگ
‎8	دسته
‎9	اول
‎10	اسپانیا
11	(
‎12	لالیگا
13	)
‎14	با
‎15	برتری
‎16	خانگی
17	۲
‎18	بر
‎19	صفر
‎20	تیم
‎21	فوتبال
‎22	اتلتیکومادرید
‎23	مقابل
‎24	رئال
‎25	سوسیداد
‎26	به
‎27	پایان
‎28	رسید
29	.
‎0	سرمربی
‎1	سابق
‎2	تیم
‎3	ملی
‎4	اسپانیا
‎5	با
‎6	رقم
‎7	زدن
‎8	یک
‎9	شروع
‎10	افتضاح
‎11	تیمش
‎12	را
‎13	در
‎14	رده
‎15	نازل
‎16	هفتم
‎17	قرار
‎18	داده
‎19	و
‎20	تا
‎21	اینجا
‎22	هم
‎23	به
‎24	اصرار
‎25	مدیر
‎26	ورزشی
‎27	باشگاه
‎28	توسط
‎29	فلورنتینو
‎30	پرس
31	،
‎32	رئیس
‎33	باشگاه
‎34	اخراج
‎35	نشده
‎36	است
‎37	اما
‎38	شاید
‎39	این
40	،
‎41	آخرین
‎42	فرصتش
‎43	باشد
44	.
‎0	بازیکن
‎1	سابق
‎2	بارسلونا
‎3	می‌تواند
‎4	به
‎5	این
‎6	فرصت
‎7	به
‎8	دیده
‎9	مثبت
‎10	نگاه
‎11	کند
‎12	چون
‎13	رئال
‎14	مادرید
‎15	هر
‎16	چقدر
‎17	در
‎18	این
‎19	سال‌ها
‎20	ال‌کلاسیکوهای
‎21	خانگی
‎22	را
‎23	باخته
‎24	در
25	۳
‎26	جدال
‎27	اخیر
‎28	در
‎29	نوکمپ
‎30	شکست
‎31	نخورده
‎32	است
33	.
‎0	در
‎1	طرف
‎2	مقابل
‎3	بارسلونا
‎4	پس
‎5	از
6	۳
‎7	هفته
‎8	متوالی
‎9	ناکامی
‎10	در
‎11	کسب
‎12	پیروزی
‎13	به
‎14	اوج
‎15	برگشت
‎16	و
‎17	با
‎18	برتری
‎19	بر
‎20	سویا
‎21	صدر
‎22	جدول
‎23	را
‎24	در
‎25	اختیار
‎26	گرفت
‎27	اما
‎28	این
‎29	موضوع
‎30	به
‎31	قیمت
‎32	از
‎33	دست
‎34	ادن
‎35	لیونل
‎36	مسی
37	،
‎38	ستاره‌اش
‎39	به
‎40	مدت
41	۴
‎42	هفته
‎43	انجامید
‎44	و
‎45	حالا
‎46	بهترین
‎47	گلزن
‎48	تاریخ
‎49	ال‌کلاسیکو
‎50	در
‎51	این
‎52	نبرد
‎53	سنتی
‎54	غایب
‎55	است
56	.
‎0	طرح‌های
‎1	ارائه
‎2	شده
‎3	برای
‎4	مهاجرت
‎5	ماشین
‎6	مجازی
‎7	در
‎8	سه
‎9	بخش
‎10	طبقه‌بندی
‎11	شده‌اند
12	:
‎13	فاصله
14	،
‎15	مسافت
16	،
‎17	جزئیات
18	.
‎0	مطالعات
‎1	در
‎2	مورد
‎3	مهاجرت
‎4	غیر
‎5	زنده
‎6	بسادگی
‎7	قابل
‎8	انجام
‎9	است
‎10	ولی
‎11	کسانی
‎12	که
‎13	بر
‎14	روی
‎15	مهاجرت
‎16	زنده
‎17	مطالعه
‎18	می‌کنند
19	،
‎20	بصورت
‎21	کلی
‎22	با
‎23	سه
‎24	چالش
‎25	اساسی
‎26	روبرو
‎27	می‌شوند
28	:
‎29	مهاجرت
‎30	داده‌های
‎31	حافظه
32	،
‎33	مهاجرت
‎34	داده‌های
‎35	ذخیره
‎36	شده
‎37	و
‎38	تداوم
‎39	برقراری
‎40	اتصال
‎41	به
‎42	شبکه
43	.
‎0	کارهایی
‎1	که
‎2	برای
‎3	تجزیه
‎4	و
‎5	تحلیل
‎6	عملکرد
‎7	و
‎8	کارایی
‎9	مهاجرت
‎10	ماشین
‎11	مجازی
‎12	انجام
‎13	شده
‎14	است
15	،
‎16	نیز
‎17	ذکر
‎18	شده
‎19	است
20	.
‎0	با
‎1	توسعه
‎2	و
‎3	تکامل
‎4	رایانش‌ابری
5	،
‎6	تحرک
‎7	کاربر
8	،
‎9	یک
‎10	انگیزه
‎11	مهم
‎12	برای
‎13	مهاجرت
‎14	زنده
15	VM
‎16	در
‎17	برخی
‎18	از
‎19	سناریوها
20	(
‎21	مانند
‎22	محاسبات
‎23	مه
‎24	خواهد
‎25	بود
26	.
‎0	بنابراین
‎1	مطالعات
‎2	در
‎3	مورد
‎4	پیوند
‎5	مهاجرت
6	VM
7	،
‎8	به
‎9	تحرک
‎10	کاربران
‎11	خلاصه
‎12	شده
‎13	است
14	.
‎0	کاربری
‎1	که
‎2	دسترسی
‎3	فیزیکی
‎4	غیرمجاز
‎5	به
‎6	کامپیوتر
‎7	پیدا
‎8	کرده
‎9	باشد
10	،
‎11	قادر
‎12	است
‎13	اطلاعات
‎14	را
‎15	از
‎16	آن
‎17	کپی
‎18	کند
19	.
‎0	حتی
‎1	اگر
‎2	سیستم
‎3	با
‎4	امنیت
‎5	استاندارد
‎6	حفاظت
‎7	شده
‎8	باشد
9	،
‎10	حساب
‎11	کاربر
‎12	و
‎13	پسورد
‎14	او
‎15	را
‎16	می‌توان
‎17	با
‎18	گذر
‎19	از
‎20	این
‎21	مکانیسم‌ها
‎22	و
‎23	راه
‎24	اندازی
‎25	سیستم
‎26	عامل
‎27	دیگر
‎28	یا
‎29	ابزاری
‎30	از
31	CD-ROM
‎32	برای
‎33	راه
‎34	اندازی
‎35	مجدد
‎36	پسورد
‎37	سرپرست
‎38	و
‎39	تبدیل
‎40	آن
‎41	به
‎42	رشته
43	null
44	،
‎45	به
‎46	دست
‎47	آورد
48	.
‎0	رمزگذاری
‎1	دیسک
‎2	و
‎3	ماژول
4	Trusted
5	Platform
‎6	برای
‎7	جلوگیری
‎8	از
‎9	چنین
‎10	حمله‌هایی
‎11	طراحی
‎12	شده
‎13	اند
14	.
