0	استهزاء
1	و
2	مسخره
3	‌کردن
4	دیگران
5	موجب
6	ایجاد
7	کدورت
8	بین
9	افراد
10	می‌شود
11	.

0	تهاتر
1	فقط
2	در
3	مورد
4	دو
5	دِینی
6	حاصل
7	می‌شود
8	که
9	موضوع
10	یکسانی
11	داشته
12	باشند
13	.

0	کاپتان
1	کشتی
2	جنگی
3	دستور
4	عقب
5	نشینی
6	کردن
7	را
8	صادر
9	کرد
10	.

0	هرگاه
1	موصی
2	پس
3	از
4	انشاء
5	وصیت
6	نامه
7	محجور
8	شود
9	وصیت
10	از
11	بین
12	نمی‌رود
13	.

0	توران
1	و
2	ایران
3	سال
4	یان
5	دراز
6	با
7	یکدیگر
8	به
9	جنگ
10	می‌پرداختند
11	.

0	زردگوش
1	کنایه
2	از
3	انسان
4	منافق
5	مفسده
6	و
7	بیکاره
8	است
9	.

0	خنبانیدن
1	تقلید
2	کردن
3	حرکات
4	و
5	سکنات
6	کسی
7	از
8	روی
9	ریشخند
10	می‌باشد
11	.

0	خنده
1	بر
2	هر
3	درد
4	بی
5	درمان
6	دواست
7	از
8	عملکرد
9	دانشجویان
10	راضی
11	ام
12	.

0	کودکان
1	بازی
2	با
3	بادبادک
4	را
5	خیلی
6	دوست
7	دارند
8	.

0	معلمین
1	با
2	فِراست
3	خود
4	توانستند
5	مشکلاة
6	دانش‌آموزان
7	را
8	حل‌کنند
9	.

0	نگران
1	نباش
2	…
3	!؟

0	بنده
1	هم‌آن
2	به
3	که
4	ز
5	تقصیر
6	خویش
7	شکر
8	به
9	درگاه
10	خدا
11	آورد
12	.

0	خنده
1	حالتی
2	در
3	چهرۀ
4	انسان
5	به
6	‌واسطۀ
7	شعف
8	خوشحالی
9	یا
10	تمسخر
11	که
12	در
13	آن
14	لب‌ها
15	گشوده
16	میگردد
17	و
18	گاه
19	با
20	صدای
21	مخصوصی
22	همراه
23	است
24	.

0	اَبَرنواختر
1	ام-۸۹
2	یکی
3	از
4	انواع
5	اجرام
6	مسیه
7	است
8	.

0	شادروان
1	هرگز
2	چیزی
3	به
4	عاریة
5	نگرفته
6	بود
7	دخترک
8	کبریت
9	فروش
10	از
11	شدّت
12	سرما
13	چیزی
14	را
15	احساس
16	نمیکرد
17	؛
18	نیست
19	بر
20	ناله‌ی
21	افسرده‌دمان
22	گوش
23	مرا
24	بلبلی
25	کو
26	که
27	صفیرش
28	بَرَد
29	از
30	هوش
31	مرا
32	واخواست
33	امتنا
34	از
35	قبول
36	یا
37	نکول
38	اعتراضی
39	است
40	که
41	بر
42	اثر
43	خودداری
44	از
45	نوشتن
46	از
47	طرف
48	تأدیه
49	کنندهی
50	برات
51	اتفاق
52	میافتد
53	.

0	فرش
1	دستباف
2	طرح
3	نامی
4	یکی
5	از
6	طرحهای
7	معروف
8	در
9	این
10	حوزه
11	می‌باشد
12	دیوان
13	بین‌المللی
14	لاهه
15	به
16	شکایة
17	کشورهای
18	در
19	حال
20	توسعه
21	و
22	توسعهیافته
23	می‌پردازد
24	امواج
25	رادیواکتیو
26	را
27	می‌توان
28	در
29	بسیاری
30	از
31	مصارف
32	پزشکی
33	استفاده
34	کرد
35	.

0	آراء
1	مأخوذة
2	تعیین‌کنندهی
3	رجال
4	سیاسی
5	است
6	مناظر
7	بکر
8	جزایر
9	جنوب
10	موضوع
11	تصاویر
12	گرفته
13	شده
14	توسط
15	عکاسان
16	حرفه‌ای
17	بود
18	.

0	ادبا
1	به
2	نقد
3	آثار
4	ادبی
5	وی
6	پرداختند
7	ائمهی
8	جمعه
9	توسط
10	بنیان
11	گذار
12	جمهوری
13	اسلامی
14	ایران
15	انتخاب
16	شدند
17	.

0	معابد
1	و
2	مساجد
3	اماکن
4	مقدّسی
5	هستند
6	.

0	که
1	مفاهیم
2	و
3	رموز
4	معنوی
5	را
6	به
7	مردم
8	منتقل
9	می‌کنند
10	.

0	حقایق
1	عقاید
2	فقهای
3	پیشین
4	بر
5	ما
6	پوشیده
7	است
8	.

0	اسامی
1	اسرای
2	تحت
3	امر
4	امیر
5	اعلام
6	شدند
7	.

0	پاکروان
1	کسی
2	است
3	که
4	روان
5	پاکی
6	داشته
7	باشد
8	پرندگان
9	مهاجر
10	همچون
11	آزادگان
12	به
13	مرغزار
14	بازگشتند
15	.

0	آیا
1	مسئولین
2	میتوانند
3	شایستگیشان
4	را
5	نشان
6	دهند
7	.

0	و
1	مسئولیت
2	تصمیمات
3	خود
4	را
5	بر
6	عهده
7	بگیرند
8	.

0	سبزیجات
1	و
2	صیفیجات
3	در
4	کنار
5	نشاسته
6	و
7	غلات
8	باید
9	در
10	رژیم
11	غذایی
12	در
13	نظر
14	گرفته
15	شود
16	.

0	آیندگان
1	نیز
2	همانند
3	گذشتگان
4	با
5	چالش‌های
6	فراوانی
7	دست
8	و
9	پنجه
10	نرم
11	خواهند
12	کرد
13	دبیرستان
14	شایستگان
15	یکی
16	از
17	مدارس
18	غیرانتفاعی
19	است
20	که
21	در
22	حوزه‌های
23	علوم
24	انسانی
25	ریاضیات
26	و
27	علوم
28	تجربی
29	به
30	تعلیم
31	و
32	تربیت
33	دانش‌آموزان
34	می‌پردازد
35	آزادگی
36	و
37	آزاد‌منشی
38	از
39	ویژگیهای
40	اصلی
41	و
42	شاخص
43	امامان
44	بود
45	.

0	امروزه
1	الگوریتم‌های
2	فراابتکاری
3	نقش
4	مهمی
5	در
6	حل
7	مسائل
8	بهینه
9	سازی
10	چند‌هدفه
11	دارند
12	.

0	بادکنک
1	بوسیلهی
2	گاز
3	هلیوم
4	پرشده
5	بود
6	بادبادکرانی
7	و
8	قایقرانی
9	شغل
10	جالبیست
11	.

0	که
1	نیاز
2	به
3	مهارت‌های
4	خاص
5	خود
6	را
7	دارند
8	.

0	شنوندگان
1	و
2	بینندگان
3	این
4	برنامه
5	گروه
6	سنی
7	خاصی
8	هستند
9	.

0	فعالیت‌های
1	مرکز
2	مذاهب
3	اسلامی
4	در
5	شانگهای
6	به
7	جویندگان
8	اسلام
9	معرفی
10	شد
11	.

0	مقالات
1	و
2	تحقیقات
3	بسیاری
4	برای
5	پیشگیری
6	از
7	بیماریهای
8	عفونی
9	و
10	باکتریایی
11	ارائه
12	شده
13	است
14	.

0	پاکستان
1	و
2	افغانستان
3	کشورهای
4	همسایه‌ی
5	شرقی
6	ایران
7	هستند
8	که
9	تضاد
10	منافع
11	با
12	یکدیگر
13	دارد
14	.

0	فاطمه
1	مراعات
2	حضور
3	مادرش
4	را
5	نمی‌کرد
6	.

0	یکی
1	از
2	آرایه‌های
3	ادبی
4	مراعات
5	نظیر
6	است
7	.

0	کلان
1	شهر
2	اصفهان
3	مشکلات
4	و
5	معضلات
6	خود
7	را
8	دارد
9	.

0	هان
1	ای
2	پسر
3	!

0	مکان
1	تاریک
2	جای
3	خوبی
4	برای
5	رشد
6	باکتری‌ها
7	است
8	.

0	زمان
1	بازی
2	فوتبال
3	بارسلونا
4	و
5	رئال
6	مادرید
7	ساعت
8	۲۰
9	روز
10	هجدهم
11	آبان
12	است
13	.

0	طاووس
1	خرامان
2	،
3	خرامان
4	راه
5	می‌رود
6	.

0	همه‌ی
1	شهرها
2	یک
3	میدان
4	به
5	نام
6	آزادی
7	دارند
8	.

0	علی
1	دوان
2	دوان
3	گریان
4	و
5	نالان
6	به
7	مدرسه
8	رفت
9	.

0	کشور
1	آلمان
2	در
3	قاره‌ی
4	سبز
5	قرار
6	دارد
7	.

0	شکوفه
1	خندان
2	با
3	شیرینی
4	وارد
5	شد
6	.

0	امان
1	بده
2	!!!

0	امارات
1	متحده
2	عربی
3	یکی
4	از
5	کشورهای
6	حوزه‌ی
7	خلیج
8	فارس
9	است
10	.

0	Emily
1	Rose
2	در
3	سال
4	۱۹۹۷
5	جن
6	زده
7	شد
8	.

0	ناودانی‌ها
1	از
2	آشغال
3	پرشده
4	بود
5	.

0	نادان
1	همه
2	را
3	به
4	چشم
5	خویش
6	می‌بیند
7	.

0	سعید
1	در
2	عنفوان
3	جوانی
4	در
5	گذشت
6	.

0	قوری
1	گلگلی
2	شکست
3	.

0	در
1	این
2	دنیای
3	وانفساء
4	…
5	حسرت
6	زای
7	بی
8	فردا
9	خدایا
10	عاشقان
11	را
12	غم
13	مده
14	.

0	نردبان
1	ترقی
2	را
3	به
4	سرعت
5	طی
6	کرد
7	.

0	ادبیات
1	پارسی
2	تاریخچه‌ی
3	دیرینه‌ای
4	دارد
5	.

0	شهر
1	ابادان
2	عروس
3	ایران
4	است
5	.

0	لیوان
1	پر
2	از
3	چای
4	شکست
5	و
6	او
7	را
8	سوزاند
9	.

0	واردات
1	و
2	صادرات
3	کشمش
4	سود
5	خوبی
6	دارد
7	.

0	شایان
1	ذکر
2	است
3	که
4	رفسنجان
5	پسته‌ی
6	مرغوبی
7	دارد
8	.

0	باغ
1	بی
2	برگی
3	که
4	میگوید
5	که
6	زیبا
7	نیست
8	.

0	شیروان
1	یکی
2	از
3	شهرستانهای
4	کرمانشاه
5	است
6	.

0	آسمان
1	آبی
2	زمین
3	پاک
4	…
5	…
6	…
7	.

0	شمیران
1	نام
2	منطقه‌ای
3	در
4	تهران
5	است
6	.

0	لیفان
1	یک
2	خودروی
3	چینیست
4	که
5	بدرد
6	نمی‌خورد
7	.

0	ما
1	باید
2	همواره
3	به
4	دنبال
5	آرمان
6	خود
7	باشیم
8	.

0	خفتان
1	خود
2	را
3	پوشید
4	و
5	به
6	میدان
7	رزم
8	رفت
9	.

0	ریختن
1	زباله
2	در
3	دامان
4	طبیعت
5	بی
6	فرهنگی
7	است
8	.

0	شکلات
1	فرمند
2	یکی
3	از
4	مرغوبترین
5	برندها
6	در
7	این
8	حوزه
9	است
10	.

0	خزان
1	فصلیست
2	که
3	در
4	آن
5	برگ
6	درختان
7	زرد
8	می‌شود
9	.

0	وزیر
1	علوم
2	درجمع
3	استادان
4	نمونه
5	:
6	سن
7	بازنشستگی
8	استادان
9	نمونه
10	به
11	۷۰
12	سال
13	افزایش
14	می‌یابد
15	اصوات
16	وزیدن
17	بادما
18	را
19	ترساند
20	.

0	دانشگاه
1	باید
2	مهد
3	چالشهای
4	گفتمانی
5	و
6	خط
7	دهنده
8	و
9	برنامه‌ریز
10	جریانات
11	سیاسی
12	باشد
13	.

0	دفاتر
1	سازمانملل
2	متحددر
3	همه‌ی
4	پایتختهای
5	جهان
6	هستند
7	.

0	دختری
1	بالباس
2	صورتی
3	را
4	دیدم
5	که
6	صورتی
7	زیبا
8	داشت
9	.

0	توصیه
1	ما
2	در
3	جهت
4	تلاش
5	برای
6	دانایی
7	محوری
8	و
9	توسعه
10	گفتمان
11	علمی
12	به
13	معنی
14	عدم
15	تمایل
16	به
17	مباحث
18	سیاسی
19	نیست
20	؛
21	بلکه
22	بر
23	عکس
24	،
25	دانشگاه
26	باید
27	مهد
28	چالشهای
29	گفتمانی
30	باشد
31	ولی
32	این
33	امر
34	،
35	بدان
36	معنی
37	نیست
38	که
39	دانشگاه
40	،
41	ابزار
42	دست
43	سیاسیون
44	قرار
45	بگیرد
46	.

0	وی
1	تأکید
2	کرد
3	:
4	دانشگاه
5	نه
6	تنها
7	نباید
8	تحت
9	تأثیر
10	القائات
11	سیاسی
12	قرار
13	بگیرد
14	؛
15	بلکه
16	باید
17	خط
18	دهنده
19	و
20	برنامه‌ریز
21	جریانات
22	سیاسی
23	باشد
24	و
25	مهمترین
26	عنصر
27	پیاده
28	شدن
29	این
30	آرمان
31	،
32	دانشجویان
33	و
34	اعضای
35	هیات
36	علمی
37	دانشگاهها
38	و
39	در
40	رأس
41	آنها
42	استادان
43	نمونه
44	هستند
45	.

0	اگر
1	چه
2	دانشگاهها
3	باید
4	پرچمدار
5	کرسیهای
6	آزاد
7	اندیشی
8	و
9	حاکمیت
10	دانایی
11	محوری
12	باشند
13	،
14	باید
15	توجه
16	داشته
17	باشند
18	که
19	ناخودآگاه
20	تحت
21	تأثیر
22	جوسازیها
23	و
24	القائات
25	رسانه‌ها
26	قرار
27	نگیرند
28	.

0	اقدامات
1	انجام
2	شده
3	در
4	جهت
5	ارتقای
6	جایگاه
7	استادان
8	نمونه
9	اشاره
10	کرد
11	و
12	گفت
13	:
14	در
15	بنیاد
16	نخبگان
17	،
18	استادان
19	نمونه
20	از
21	مصادیق
22	نخبگان
23	شناخته
24	شدند
25	و
26	این
27	امر
28	به
29	لحاظ
30	معنوی
31	،
32	اهمیت
33	ویژهای
34	دارد
35	.
36	،
37	در
38	تعریف
39	و
40	تعیین
41	شاخصهای
42	لازم
43	برای
44	انتخاب
45	"
46	استاد
47	نمونه
48	"
49	بازنگری
50	کنند
51	با
52	وسواس
53	و
54	دقت
55	،
56	همچنین
57	در
58	این
59	برنامه
60	از
61	جمعی
62	از
63	دانش
64	آموختهگان
65	نمونه
66	و
67	استادان
68	پیش
69	کسوت
70	این
71	موسسه
72	تقدیر
73	می‌شود
74	.

0	سقراط
1	به
2	دستوردادستان
3	جام
4	شوکران
5	را
6	نوشید
7	.

0	هم
1	چنین
2	نتایج
3	مشروطین
4	اسفند
5	ماه
6	۸۲
7	که
8	درس
9	مشروطی
10	خود
11	را
12	در
13	آزمون
14	مرداد
15	ماه
16	۸۳
17	امتحان
18	داده‌اند
19	.

0	مردی
1	به
2	اطفال
3	گفت
4	که
5	گلها
6	را
7	نکنند
8	.

0	بنا
1	به
2	دلایل
3	معرفی
4	شده
5	با
6	اخذ
7	نمرات
8	‌٢٠
9	غیر
10	واقعی
11	به
12	گروه
13	معدل
14	بیست‌ها
15	پیوسته‌اند
16	که
17	در
18	طول
19	‌١٤
20	سال
21	گذشته
22	بر
23	تعداد
24	این
25	معدل
26	بیست‌ها
27	به
28	طور
29	بی‌رویه‌ای
30	اضافه
31	شده
32	است
33	این
34	محقق
35	تاکید
36	دارد
37	:
38	منطقی‌ترین
39	روش
40	ارزش
41	یابی
42	سیره
43	نبوی
44	رشته‌های
45	متنوع
46	دیگری
47	همچون
48	وبلاگ
49	نویسی
50	،
51	کتابخوانی
52	،
53	گرافیک
54	،
55	کاریکاتور
56	،
57	شعر
58	،
59	داستان
60	کوتاه
61	،
62	عکاسی
63	،
64	خوشنویسی
65	،
66	چهل
67	حدیث
68	نویسی
69	،
70	نماهنگ
71	و
72	فیلم
73	کوتاه
74	پیش
75	بینی
76	شده
77	است
78	.

0	نخستین
1	مرکز
2	آموزش
3	عالی
4	بین‌المللی
5	دانشگاه
6	موناش
7	استرالیا
8	در
9	کیش
10	آغاز
11	به
12	کار
13	کرد
14	.

0	وی
1	اعلام
2	و
3	پیش
4	بینی
5	کرد
6	دومین
7	گردهمآیی
8	دانشجویان
9	.

0	هفتمین
1	اجلاس
2	مشترک
3	هیاتهای
4	امنای
5	دانشگاهها
6	و
7	موسسات
8	آموزش
9	عالی
10	و
11	پژوهشی
12	برگزار
13	شد
14	.

0	آیین‌نامه‌های
1	مالی
2	و
3	معاملاتی
4	دانشگاهها
5	برای
6	رفع
7	معضلات
8	معیشتی
9	،
10	کارکنان
11	.

0	موجب
1	نگرانی
2	افکار
3	عمومی
4	و
5	ایجاد
6	بد
7	بینی
8	در
9	اذهان
10	جوانان
11	داوطلب
12	ورود
13	به
14	دانشگاه‌ها
15	شده
16	است
17	.

0	هرگونه
1	شائبه‌ای
2	به
3	دور
4	است
5	و
6	به
7	هیچ
8	وجه
9	ورود
10	داوطلبی
11	به
12	دانشگاه
13	بدون
14	شرکت
15	در
16	آزمون
17	سراسری
18	و
19	کسب
20	اولویت
21	علمی
22	امکان‌پذیر
23	نبوده
24	و
25	نیست
26	.

0	به
1	واحدهای
2	دانشگاهی
3	تهران
4	سماء
5	،
6	آشتیان
7	،
8	‌
9	اراک
10	،
11	اسلامشهر
12	،
13	قائم
14	شهر
15	،
16	خوی
17	،
18	رودهن
19	،
20	زرند
21	،
22	زنجان
23	،
24	سوادکوه
25	،
26	شاهرود
27	،
28	شبستر
29	،
30	شهرکرد
31	،
32	علوم
33	و
34	تحقیقات
35	تهران
36	،
37	کاشان
38	،
39	کرج
40	،
41	کرمان
42	،
43	مراغه
44	،
45	میمه
46	،
47	ورامین
48	و
49	…
50	در
51	مقطع
52	کارشناسی
53	ارشد
54	در
55	شاخه‌های
56	بیوسیستماتیک
57	،
58	گیاهی
59	و
60	جانوری
61	جنین
62	شناسی
63	،
64	اکولوژی
65	،
66	فیزیولوژی
67	،
68	سلولی
69	،
70	مولکولی
71	و
72	بیوشیمی
73	و
74	در
75	دوره‌
76	دکترا
77	در
78	گرایش
79	سلولی
80	،
81	مولکولی
82	مشغول
83	به
84	تحصیل
85	می‌باشند
86	.

0	کارخانه‌های
1	مواد
2	غذایی
3	و
4	اداره‌های‌
5	بهداشت
6	فعالیت
7	کنند
8	.

0	با
1	این
2	حال
3	شورای
4	شهر
5	در
6	کل
7	یک
8	امر
9	سرنوشت
10	ساز
11	بوده
12	و
13	امید
14	است
15	تا
16	،
17	مشارکت
18	داشته
19	باشند
20	.

0	تاکید
1	کرد
2	:
3	اگر
4	به
5	دانشمندان
6	ارج
7	ننهیم
8	،
9	آزادی
10	و
11	انگیزه
12	علمی
13	را
14	در
15	آنان
16	تقویت
17	نکنیم
18	!

0	توسعه
1	همه
2	جانبه
3	کشور
4	تحقق
5	ناپذیر
6	خواهد
7	ماند
8	.

0	اظهار
1	کرد
2	:
3	‌
4	اسم
5	دانشگاهیامردمان
6	گرگان
7	دچاریاس
8	شدند
9	.

0	نیاکان
1	ما
2	افرادی
3	روشن
4	ضمیر
5	بودند
6	.

0	ن
1	برخی
2	از
3	ملاکهای
4	رتبه
5	بندی
6	دانشگاههای
7	دنیاست
8	.

0	برنامه
1	ریزی
2	شهری
3	،
4	فیزیک
5	،
6	جغرافیای
7	انسانی-
8	علوم
9	اقتصادی
10	،
11	جغرافیای
12	طبیعی-
13	ژئوموفولوژی
14	،
15	مدیریت
16	بازرگانی-
17	بازاریابی
18	،
19	جغرافیای
20	طبیعی-
21	اقلیم
22	شناسی
23	،
24	مدیریت
25	بازرگانی-
26	رفتار
27	سازمانی
28	و
29	مدیریت
30	منابع
31	انسانی
32	،
33	جامعه
34	شناسی
35	،
36	روانشناسی
37	عمومی
38	،
39	فلسفه
40	،
41	مدیریت
42	آموزشی
43	،
44	آموزش
45	زبان
46	انگلیسی
47	،
48	برنامه
49	ریزی
50	درسی
51	،
52	زبان
53	و
54	ادبیات
55	عرب
56	،
57	مشاوره
58	،
59	زبانشناسی
60	همگانی
61	،
62	کامپیوتر-
63	نرم
64	افزار
65	آمار
66	،
67	کامپیوتر-
68	معماری
69	کامپیوتر
70	،
71	ریاضی-
72	آنالیز
73	،
74	ریاضی-
75	جبر
76	،
77	زمین
78	شناسی-
79	چینه
80	و
81	فسیل
82	شناسی
83	و
84	میکروبیولوژی
85	دانشجوی
86	دکترا
87	می‌پذیرد
88	.

0	کسب
1	حد
2	نصاب
3	لازم
4	در
5	آزمون
6	ورودی
7	به
8	دوره‌ی
9	دکتری
10	از
11	دیگر
12	شرایط
13	ثبت
14	نام
15	است
16	.

0	دانشگاه
1	غیر
2	مجاز
3	هاوایی
4	در
5	سال
6	‌۱۳۷۲
7	تاسیس
8	شد
9	و
10	۵۰۰
11	فارغ‌التحصیل
12	بود
13	که
14	همگی
15	آنها
16	شناسایی
17	شده‌اند
18	و
19	براساس
20	کیفرخواست
21	حبس
22	تعزیری
23	(
24	بازدارنده
25	)
26	به
27	اتهام
28	کلاهبرداری
29	تبرئه
30	شده
31	و
32	حکم
33	۳
34	سال
35	وی
36	نیز
37	نقض
38	شده
39	است
40	.

0	در
1	صورت
2	ضرورت
3	اسامی
4	فارغ‌التحصیلان
5	ذی
6	نفع
7	منتشر
8	می‌شود
9	.

0	تبعات
1	منفی
2	زیادی
3	به
4	دنبال
5	خواهد
6	داشت
7	.

0	سلام
1	به
2	همه‌ی
3	مردم
4	ایران
5	که
6	خوش
7	اخلاق
8	هستند
9	.

0	پلنگی
1	با
2	پوستی
3	راه
4	راه
5	دیدم
6	که
7	تند
8	تند
9	می‌دوید
10	و
11	من
12	ترسیدم
13	و
14	گفتم
15	وااای
16	.

0	محصولاتی
1	نظیر
2	پلاستیک
3	،
4	دارو
5	،
6	موادشوینده
7	و
8	سوخت‌ها
9	در
10	واحدهای
11	عملی
12	استفاده
13	می‌کنند
14	و
15	همچنین
16	برای
17	بالابردن
18	تولید
19	برنامه‌ریزی
20	می‌کند
21	.

0	انرژی
1	هسته‌ای
2	،
3	صنایع
4	غذایی
5	،
6	توسعه‌ی
7	منابع
8	جدید
9	انرژی
10	،
11	تحقیقات
12	،
13	مدیریت
14	،
15	پردازش
16	داده‌ها
17	و
18	میزان
19	و
20	بازار
21	فروش
22	از
23	دیگر
24	زمینه‌های
25	فعالیت
26	مهندسان
27	شیمی
28	می‌باشد
29	.

0	اما
1	قواغنین
2	دست
3	و
4	پاگیر
5	دانشگاه
6	قم
7	،
8	چون
9	همیشه
10	انگیزه‌ها
11	و
12	اراده‌ها
13	را
14	سرد
15	و
16	بی
17	رمق
18	می‌نماید
19	.

0	ترافیک
1	شدید
2	در
3	اتوبان
4	چمران
5	بسیار
6	آزار
7	دهنده
8	بود
9	.

0	آهنگی
1	شنیدم
2	که
3	خواننده
4	با
5	صدایی
6	زیبا
7	و
8	رسا
9	آن
10	را
11	میخواند
12	.

0	دختری
1	با
2	کفشهای
3	کتانی
4	دیدم
5	که
6	سبزیجات
7	میخورد
8	.

0	واحد
1	مرکزی
2	خبر
3	اخبار
4	جدیدی
5	را
6	مخابره
7	کرد
8	.

0	چرا
1	لباسهای
2	خواهرت
3	را
4	اتو
5	نکردی
6	؟

0	دشمنان
1	ایران
2	در
3	همه
4	نقاط
5	جهان
6	پراکننده
7	هستند
8	.

0	گروه
1	بزرگ
2	موسیقیایی
3	پاپ
4	راک
5	در
6	کابل
7	کنسرت
8	خواهند
9	داشت
10	.

0	دیشب
1	برنامه
2	۹۰
3	به
4	علت
5	سو
6	تفاهم
7	بین
8	دست
9	اندر
10	کاران
11	پخش
12	نشد
13	.

0	ستارگان
1	سینمای
2	هالیوود
3	بسیار
4	پر
5	درآمد
6	هستند
7	.

0	سیستم
1	کامپیوتری
2	شرکتهای
3	ایرانی
4	قوی
5	نیست
6	.

0	خواهرم
1	به
2	مغازه
3	رفت
4	و
5	شکلات
6	و
7	آبنبات
8	خرید
9	.

0	او
1	به
2	من
3	نگاه
4	خیلی
5	سنگینی
6	کرد
7	.

0	من
1	به
2	معلمم
3	که
4	دست
5	به
6	سینه
7	ایستاده
8	بود
9	نگاه
10	بدی
11	کردم
12	.

0	طلاب
1	حوزه‌ی
2	عملیه
3	قم
4	بسیار
5	پر
6	کار
7	و
8	سخت
9	کوش
10	هستند
11	.

0	رانندگی
1	با
2	سرعت
3	بالا
4	برای
5	سر
6	نشینان
7	و
8	راننده
9	خطر
10	ناک
11	است
12	.

0	سه
1	ماه
2	مانده
3	به
4	جشنواره
5	فیلم
6	فجر
7	بعضی
8	از
9	کار
10	گر
11	دانان
12	فیلمهای
13	خود
14	را
15	به
16	کمیته
17	داوران
18	تحویل
19	دادند
20	.

0	موسم
1	بهاران
2	هوای
3	شمال
4	شهر
5	تهران
6	بسیار
7	دل
8	ربا
9	میشود
10	.

0	یکی
1	از
2	آثار
3	بشدت
4	دوست
5	داشتنی
6	جیم
7	جارموش
8	که
9	تماما
10	حول
11	محور
12	گفتگو
13	،
14	سیگار
15	و
16	قهوه
17	میگردد
18	و
19	ادای
20	دِین
21	جیم
22	به
23	این
24	دو
25	عزیز
26	است
27	.

0	صداوسیمای
1	جمهوری
2	اسلامی
3	ایران
4	برنامههای
5	جالبی
6	ندارد
7	.

0	پرداخت
1	قبض
2	به
3	صورت
4	الکترونیکی
5	هزینه
6	آبونمان
7	را
8	کاهش
9	بسزایی
10	میدهد
11	.

0	آشپزی
1	در
2	رستوران
3	هنگام
4	پخت
5	غذا
6	دستش
7	سوخت
8	.

0	ماشین
1	آلات
2	چینی
3	کیفیت
4	مرغوبی
5	ندارند
6	.

0	کردستان
1	سرزمینی
2	بسیار
3	دل
4	فریب
5	میباشد
6	.

0	الهی
1	جانتان
2	سلامت
3	و
4	تن
5	درست
6	باشد
7	.

0	البسه
1	خودتان
2	را
3	با
4	اتو
5	صاف
6	کنید
7	.

0	بیماران
1	قبلی
2	و
3	عروقی
4	در
5	بیمارستان
6	آبان
7	بستری
8	شدند
9	.

0	سامان
1	پسری
2	هنرمند
3	او
4	موسیقی
5	دان
6	است
7	.

0	مجمع
1	عمومی
2	و
3	انتخابات
4	شورای
5	مرکزی
6	و
7	بازرسین
8	جامعه
9	دانش‌آموختگان
10	دانشگاه
11	ظرف
12	ماه
13	آتی
14	برگزار
15	میشود
16	.
