‎0	از
‎1	آتشی
‎2	که
‎3	افروختم
‎4	خودم
‎5	سوختمجانبازان
‎6	و
‎7	معلولین
‎8	کشور
‎9	آب‌‌های
‎10	آزاد
‎11	دریای
‎12	مکران
‎13	را
‎14	درنوردیدندبعداً
‎15	ز
‎16	خجالت
‎17	تو
‎18	درمی‌آیمبا
‎19	گفتن
‎20	کلمه‌ی
21	"
‎22	سپاسگزارم
23	"
‎24	مراتب
‎25	تشکر
‎26	و
‎27	تقدیر
‎28	خود
‎29	را
‎30	به
‎31	یکدیگر
‎32	اعلام
‎33	می‌دارندبتازید
‎34	بتازید
‎35	که
‎36	چالاک
‎37	سوارید
38	.
‎0	بنازید
‎1	بنازید
‎2	که
‎3	خوبان
‎4	جهانیددر
‎5	سلسله
‎6	مراتب
‎7	دانشگاه
‎8	چهار
‎9	رده
‎10	مربی
11	،
‎12	استادیار
13	،
‎14	دانشیار
‎15	و
‎16	استاد
‎17	تمامی
‎18	وجود
‎19	دارد
‎20	که
‎21	مرتبه
‎22	آخر
‎23	در
‎24	خارج
‎25	از
‎26	کشور
27	«
‎28	پرفسور
29	»
‎30	نامیده
‎31	می‌شوددر
‎32	کاربرد
‎33	امروزی
‎34	وزارت
‎35	یکی
‎36	از
‎37	اجزای
‎38	ساختار
‎39	دولت
‎40	استآموزش
‎41	آشپزی
‎42	در
‎43	دستپخت
‎44	در
‎45	قالب
‎46	دستور
‎47	پخت
48	۴
‎49	گروه
‎50	غذای
‎51	ایرانی
‎52	غذای
‎53	ملل
‎54	فست
‎55	فود
‎56	و
‎57	فینگر
‎58	فود
‎59	و
‎60	نان-قنادی-دسر
‎61	و
‎62	البته
‎63	مسابقه
‎64	آشپزی
‎65	ارائه
‎66	میشودتوزیع
‎67	یکنواخت
68	:
‎69	توزیعی
‎70	که
‎71	در
‎72	حالت
‎73	پیوسته
‎74	دارای
‎75	چگالی
‎76	ثابتی
‎77	بر
‎78	مجموعه‌ای
‎79	مفروض
‎80	است
‎81	و
‎82	در
‎83	حالت
‎84	گسسته
‎85	احتمالی
‎86	یکسان
‎87	را
‎88	به
‎89	هر
‎90	مقدار
‎91	بُرد
‎92	خود
‎93	تخصیص
‎94	می‌دهددولت
‎95	کرخت
‎96	و
‎97	گیج
‎98	استتاخت
‎99	اسب
‎100	یا
‎101	دیگر
‎102	چهارپایان
‎103	به
‎104	دو
‎105	شکل
‎106	استسیاحت
‎107	غرب
‎108	یا
‎109	سرنوشت
‎110	ارواح
‎111	پس
‎112	از
‎113	مرگ
‎114	کتابی
‎115	اثر
‎116	آقا
‎117	نجفی
‎118	قوچانی
‎119	استمهابت
120	.
‎0	این
‎1	واژه
‎2	را
‎3	اولین
‎4	بار
‎5	در
‎6	داستان
‎7	همای
‎8	کاظم
‎9	رضا
‎10	دیدمانواع
‎11	کراوات
‎12	با
‎13	طرح
‎14	و
‎15	نقش
‎16	مختلف
‎17	در
‎18	انواع
‎19	رنگ‌ها
‎20	به
‎21	همراه
‎22	کالکشن
‎23	بی‌نظیر
‎24	از
‎25	پاپیون
‎26	‌مردانه
‎27	برای
‎28	سلیقه‌های
‎29	خاص
30	.
‎0	ساسات
‎1	در
‎2	وسائل
‎3	نقلیه
‎4	به
‎5	دکمه
‎6	دریچه
‎7	هوای
‎8	کاربراتور
‎9	می‌گویندفلاحت
‎10	فارس
‎11	نام
‎12	یکی
‎13	از
‎14	مطبوعات
‎15	استان
‎16	فارس
‎17	در
‎18	دوران
‎19	پهلوی
‎20	اول
‎21	استآجودان
‎22	یا
‎23	فریار
‎24	امیر
‎25	یا
‎26	افسری
‎27	است
‎28	که
‎29	مقامات
‎30	بلندپایه
‎31	کشوری
‎32	و
‎33	لشگری
‎34	را
‎35	در
‎36	امور
‎37	مختلف
38	،
‎39	برای
‎40	پیشبرد
‎41	وظایف
‎42	آنان
‎43	یاری
‎44	می‌کند
45	.
‎0	اورانگوتان
‎1	سوماترایی
‎2	یکی
‎3	از
‎4	دو
‎5	گونهٔ
‎6	موجود
‎7	اورانگوتانها
‎8	استاز
‎9	چه
‎10	مسیری
‎11	می‌توان
‎12	به
‎13	ارسباران
‎14	سفر
‎15	کرد
‎16	؟
‎0	ویدئوی
‎1	زیبا
‎2	از
‎3	حضور
‎4	شکوهمند
‎5	مردم
‎6	مشهد
‎7	در
‎8	راهپیمایی
‎9	بزرگ
‎10	بیعت
‎11	با
‎12	ولایترجب
‎13	طیب
‎14	اردوغان
15	،
‎16	رئیس
‎17	جمهوری
‎18	ترکیه
‎19	اعلام
‎20	کرد
‎21	که
‎22	کشورش
‎23	صلح
‎24	و
‎25	امنیت
‎26	را
‎27	در
‎28	عراق
‎29	و
‎30	سوریه
‎31	و
‎32	مناطقی
‎33	که
‎34	تحت
‎35	کنترل
‎36	ترکیه
‎37	نیست
‎38	برقرار
‎39	می‌کندوجه
‎40	اول
‎41	آن
‎42	این
‎43	است
‎44	که
‎45	در
‎46	برخی
‎47	از
‎48	مناطق
‎49	شهر
‎50	تهران
‎51	ازجمله
‎52	خیابانی
‎53	در
‎54	منطقه
55	۱۵
‎56	با
‎57	وضعیت
‎58	بد
‎59	دستفروشی
‎60	مواجه
‎61	هستیم
‎62	که
‎63	مردم
‎64	گله‌مند
‎65	بودهمَسجِد
‎66	جَمْکَران
67	،
‎68	مسجدی
‎69	منسوب
‎70	به
‎71	امام
‎72	زمان
73	،
‎74	دوازدهمین
‎75	امام
‎76	شیعیان
77	،
‎78	در
‎79	حاشیه
‎80	شهر
‎81	قم
‎82	که
‎83	گفته
‎84	شده
‎85	در
‎86	قرن
‎87	چهارم
‎88	قمری
‎89	به‌دستور
‎90	وی
‎91	ساخته
‎92	شده
‎93	استتفاوت
‎94	هواکش
‎95	و
‎96	دمنده
‎97	در
‎98	چیست
‎99	؟
‎0	ندیدند
‎1	چیزی
‎2	جز
‎3	از
‎4	بید
‎5	و
‎6	سروخرامان
‎7	بزیر
‎8	گل
‎9	اندر
‎10	تذرواعضا
‎11	مرحوم
‎12	کافی
13	،
14	۴
‎15	بیمار
‎16	را
‎17	کفایت
‎18	کردبراکت
‎19	ممکن
‎20	است
‎21	به
‎22	موارد
‎23	زیر
‎24	اشاره
‎25	داشته
‎26	باشدیکی
‎27	از
‎28	ابتدایی‌ترین
‎29	راه‌های
‎30	تبلیغ
‎31	برای
‎32	شرکت
33	،
‎34	موسسه
‎35	یا
‎36	مجموعه
‎37	شما
‎38	پخش
‎39	تراکت
‎40	استستاره
‎41	بزرگ
‎42	ایران
‎43	بر
‎44	سر
‎45	دار
‎46	مکافات
47	!
‎0	اهمیت
‎1	عقل
‎2	معاش
‎3	در
‎4	کنار
‎5	عقل
‎6	معاد
‎7	از
‎8	منظر
‎9	حضرت
‎10	علی
‎11	علیه
‎12	السلامرفافت
‎13	مرد
‎14	میخواهد
15	-
‎16	روزگار
‎17	با
‎18	ما
‎19	نساختی
‎20	نگذشت
21	.
‎0	سرایت
‎1	جنایات
‎2	در
‎3	اصطلاح
‎4	یعنی
‎5	هر
‎6	جنایتی
‎7	که
‎8	بر
‎9	تمامیت
‎10	جسمانی
‎11	افراد
‎12	وارد
‎13	شوداین
‎14	نوشتار
‎15	ترانه‌ها
‎16	و
‎17	آلبوم‌های
‎18	مرجان
‎19	را
‎20	فهرست
‎21	می‌کنددر
‎22	برنامه
‎23	امشب
‎24	قاب
‎25	نقد
‎26	مجموعه
‎27	تلویزیونی
‎28	سایه
‎29	بان
‎30	به
‎31	کارگردانی
‎32	جمشید
‎33	محمودی
‎34	که
‎35	به
‎36	تازگی
‎37	پخش
‎38	آن
‎39	از
‎40	شبکه
‎41	دو
‎42	سیما
‎43	به
‎44	پایان
‎45	رسیده
‎46	است
47	،
‎48	بررسی
‎49	می‌شوددر
‎50	زیر
‎51	فهرست
‎52	کارگردانان
‎53	ایرانی‌تبار
‎54	سینما
55	،
‎56	تلویزیون
‎57	و
‎58	تئاتر
‎59	ایران
60	(
‎61	و
‎62	جهان
63	)
‎64	به
‎65	ترتیب
‎66	نام
‎67	خانوادگی
‎68	و
‎69	اطلاعاتی
‎70	از
‎71	آنها
‎72	آمده‌است
73	.
‎0	قسطنطنیه
‎1	عربی‌شدهٔ
‎2	کُنستانتینوپول
3	(
‎4	شهر
‎5	کنستانتین
6	)
7	،
‎8	نام
‎9	پیشین
‎10	استانبول
‎11	که
‎12	به
‎13	افتخار
‎14	قیصر
‎15	روم
‎16	کنستانتین
‎17	یکم
‎18	بدین
‎19	نام
‎20	نامیده
‎21	شدهمه‌ی
‎22	ما
‎23	دوست
‎24	داریم
‎25	که
‎26	برنده
‎27	باشیم
‎28	و
‎29	نه
‎30	بازندهفروشنده
‎31	روایتگر
‎32	داستان
‎33	زوج
‎34	جوانی
‎35	است
‎36	که
‎37	در
‎38	حال
‎39	اجرای
‎40	نمایشنامه
‎41	مرگ
‎42	فروشنده
‎43	آرتور
‎44	میلر
‎45	هستنددر
‎46	زبان
‎47	فارسی
‎48	این
‎49	ایل
‎50	را
‎51	به
‎52	اسم
‎53	ترکاشوند
‎54	می‌شناسنداگر
‎55	می‌خواهید
‎56	در
‎57	منطقه
‎58	چمستان
‎59	ویلا
‎60	بخرید
‎61	یا
‎62	ساخت
‎63	و
‎64	ساز
‎65	کنید
66	،
‎67	به
‎68	نتیجه‌گیری
‎69	ما
‎70	توجه
‎71	کنیدتمام
‎72	آهنگ‌های
‎73	سیروان
‎74	خسروی
‎75	بهمراه
‎76	آلبوم‌ها
‎77	و
‎78	فول
‎79	آلبوم
‎80	آهنگ‌های
‎81	سیروان
‎82	خسروی
‎83	و
‎84	متن
‎85	ترانه‌ها
‎86	و
‎87	موزیک‌ها
‎88	در
‎89	ادامه
‎90	قرار
‎91	داردشرکت
‎92	مهاجرتی
‎93	کنکاش
‎94	ارائه
‎95	دهنده
‎96	خدمات
‎97	مهاجرت
‎98	به
‎99	کانادا
‎100	و
‎101	اقامت
‎102	کاناداجدیدترین
‎103	دست‌پخت
‎104	خودروسازی
‎105	ایران
‎106	برای
‎107	صنعت
‎108	و
‎109	مردم
‎110	کشور
111	،
‎112	یک
‎113	سدان
‎114	کامپکت
‎115	با
‎116	نام
‎117	رهام
‎118	استشرکت
‎119	بهنوش
‎120	ایران
‎121	اولین
‎122	تولیدکننده
‎123	ماءالشعیر
‎124	در
‎125	ایران
‎126	استنام
‎127	پدر
‎128	ماهدخت
‎129	علی
‎130	خان
‎131	بود
132	.
‎0	تا
‎1	اینکه
‎2	شبی
‎3	در
‎4	خانه
‎5	علی
‎6	خان
‎7	بودیمنبی
‎8	الله
‎9	سلیمان
10	(
‎11	ع
12	)
‎13	از
‎14	پیامبران
‎15	بزرگ
‎16	بنی
‎17	اسرائیل
‎18	می‌باشدبازار
‎19	خودروهای
‎20	وانت
‎21	چند
‎22	سالی
‎23	است
‎24	که
‎25	تنوع
‎26	بیشتری
‎27	به
‎28	خود
‎29	دیده
‎30	استقصد
‎31	ما
‎32	بررسی
‎33	نیابت
‎34	قضایی
‎35	دادگاه‌ها
‎36	استیکی
‎37	از
‎38	عضوهای
‎39	اوراق
‎40	اداری
41	،
‎42	پاکت‌های
‎43	چاپ
‎44	آقا
‎45	هستند
‎46	که
‎47	بصورت
‎48	جداگانه
‎49	نیز
‎50	میتوانید
‎51	آنلاین
‎52	سفارش
‎53	دهید
54	.
‎0	نامیرا
‎1	نام
‎2	رمانی
‎3	از
‎4	صادق
‎5	کرمیار
‎6	است
‎7	که
‎8	روایتگر
‎9	واقعه
‎10	عاشورا
‎11	استکمیته
‎12	ملی
‎13	المپیک
‎14	به
‎15	سهراب
‎16	مرادی
‎17	بابت
‎18	رکوردشکنی
‎19	پاداش
‎20	دادبه
‎21	نظر
‎22	نادم
‎23	هیچ
‎24	کار
‎25	ناشدنی
‎26	در
‎27	دنیا
‎28	نیستبادمجان
‎29	یکی
‎30	از
‎31	صیفی
‎32	جاتی
‎33	است
‎34	که
‎35	در
‎36	تمام
‎37	فصول
‎38	سال
‎39	وجود
‎40	داردناصر
‎41	ابراهیم‌نژاد
‎42	با
‎43	نام
‎44	هنری
‎45	کیوان
‎46	از
‎47	خوانندگان
‎48	سبک
‎49	پاپ
‎50	اهل
‎51	ایران
‎52	استخون‌آشام
‎53	در
‎54	افسانه‌ها
‎55	و
‎56	فرهنگ
‎57	فولکلوریک
‎58	مردم
‎59	اروپا
60	،
‎61	موجودی
‎62	زنده‌است
‎63	که
‎64	شب‌ها
‎65	از
‎66	گور
‎67	بیرون
‎68	آمده
‎69	و
‎70	برای
‎71	تغذیه
‎72	خود
‎73	از
‎74	خون
‎75	مردم
‎76	می‌مکدقابلیت
‎77	اطمینان
‎78	در
‎79	حقیقت
‎80	احتمال
‎81	موفقیت
‎82	در
‎83	انجام
‎84	وظیفه
‎85	استبا
‎86	سنگ
‎87	صافی
‎88	که
‎89	پای
‎90	در
‎91	نشیمن
‎92	به
‎93	راهرو
‎94	بود
‎95	می‌شکستیمشان
‎96	می‌خوردیمشان
‎97	یواش
‎98	یواشمدتها
‎99	از
‎100	زمانی
‎101	که
‎102	اعلام
‎103	شد
‎104	فعالیت
‎105	پارکبان‌ها
‎106	قانونی
‎107	نیستهمرفت
‎108	انتقال
‎109	گرمایی
‎110	از
‎111	طریق
‎112	حرکت
‎113	سیالی
‎114	مانند
‎115	هوا
‎116	یا
‎117	آب
‎118	استزکام
‎119	در
‎120	زبان
‎121	عربی
‎122	همان
‎123	سرماخوردگی
‎124	است
‎125	اما
‎126	در
‎127	اصطلاح
‎128	طب
‎129	سنتی
‎130	زُکام
‎131	یا
‎132	نَزْلة
‎133	یا
‎134	چایمان
‎135	به
‎136	معنی
‎137	التهاب
‎138	بافت
‎139	مخاطی
‎140	بینی
‎141	استواتیکان
‎142	دولت‌شهری
‎143	مستقل
‎144	است
‎145	که
‎146	در
‎147	درون
‎148	شهر
‎149	رم
‎150	در
‎151	کشور
‎152	ایتالیا
‎153	جای
‎154	دارددر
‎155	صورت
‎156	نشت
‎157	گاز
‎158	و
‎159	یا
‎160	استشمام
‎161	بوی
‎162	آن
163	،
‎164	قبل
‎165	از
‎166	هر
‎167	کاری
‎168	باید
‎169	دقت
‎170	کرد
‎171	که
‎172	در
‎173	آن
‎174	محل
‎175	هیچگونه
‎176	جرقه‌ای
‎177	زده
‎178	نشودپرهام
179	،
‎180	یکی
‎181	از
‎182	قدیمی‌ترین
‎183	نام‌های
‎184	پارسی
‎185	به
‎186	معنی
‎187	فرشته
‎188	خوبی
‎189	استبدون
‎190	شک
‎191	به
‎192	شما
‎193	نیز
‎194	گفته
‎195	شده
‎196	که
‎197	اژدها
‎198	موجودی
‎199	افسانه‌ای
‎200	بوده
‎201	و
‎202	هیچگاه
‎203	وجود
‎204	خارجی
‎205	نداشته
‎206	استفصل
‎207	باران
‎208	است
‎209	بارانی
‎210	شویم
‎211	از
‎212	درون
‎213	جوشیم
‎214	و
‎215	طوفانی
‎216	شویمچهارگوش
‎217	یه
‎218	بازی
‎219	معمایی
‎220	هست
‎221	که
‎222	رد
‎223	کردن
‎224	مرحله
‎225	هایش
‎226	وقت
‎227	و
‎228	تمرکز
‎229	زیادی
‎230	می‌طلبدآزمودگی
‎231	یا
‎232	آروین
‎233	در
‎234	مفهوم
‎235	عمومی
‎236	به
‎237	همه
‎238	مهارت‌ها
‎239	و
‎240	دانسته‌ها
241	،
‎242	از
‎243	برخی
‎244	پدیده‌ها
‎245	و
‎246	موضوعات
‎247	که
‎248	ناشی
‎249	از
‎250	برخورد
‎251	با
‎252	آن
‎253	موضوع
‎254	و
‎255	درگیری
‎256	با
‎257	آن
‎258	پدیده
‎259	در
‎260	خلال
‎261	دورانی
‎262	معین
‎263	است
