0	هزار
1	سال
2	است
3	که
4	مردم
5	فارسی
6	زبان
7	و
8	فارسی‌دان
9	و
10	فارسی‌خوان
11	در
12	قلمرو
13	زبان
14	فارسی
15	با
16	شاهنامه
17	این
18	سند
19	لیاقت
20	زبان
21	فارسی
22	،
23	این
24	گنجینه
25	معارف
26	ایرانی
27	و
28	اسلامی
29	و
30	این
31	فرهنگ
32	ایران
33	به
34	معنی
35	وسیع
36	کلمه
37	از
38	آغاز
39	تا
40	پایان
41	قرن
42	چهارم
43	هجری
44	آشنایی
45	دارند
46	و
47	آن
48	را
49	خوانده
50	و
51	بهره‌ها
52	برده‌اند
53	و
54	یا
55	در
56	مجامع
57	عمومی
58	از
59	زبان
60	راویان
61	نقال
62	و
63	در
64	محافل
65	خصوصی
66	از
67	دو
68	لب
69	شاهنامه‌خوانان
70	داستان‌هایی
71	مهیج
72	و
73	سرگذشت‌های
74	عبرت‌آموز
75	آن
76	را
77	شنیده
78	و
79	ذوق‌ها
80	کرده‌اندو
81	سخن‌شناسان
82	نکته‌سنج
83	و
84	نقادان
85	موشکاف
86	و
87	آگاهان
88	بر
89	رمز
90	و
91	راز
92	داستان‌های
93	حماسی
94	به
95	شاهکار
96	بودن
97	آن
98	گنجینه
99	هنر
100	در
101	توصیف
102	و
103	آموزنده
104	بودن
105	آن
106	در
107	مسائل
108	اجتماعی
109	و
110	اخلاقی
111	و
112	اعتقادی
113	و
114	ایمانی
115	و
116	ممتاز
117	و
118	برتر
119	بودن
120	آن
121	از
122	دیگر
123	آثار
124	حماسی
125	جهان
126	و
127	والایی
128	و
129	ماندگاری
130	مقام
131	بلند
132	سراینده
133	گشاده‌زبان
134	و
135	باریک
136	اندیش
137	آن
138	هم‌داستان
139	گشته‌اندهمچنان‌که
140	عرضه
141	شدن
142	متن
143	شاهنامه
144	در
145	۲۶
146	جزوه
147	به
148	قطع
149	کوچک
150	با
151	توضیحات
152	لغوی
153	زیر
154	صفحات
155	خواندن
156	آن
157	کتاب
158	عظیم
159	جلیل‌القدر
160	را
161	در
162	هر
163	حال
164	و
165	هر
166	جای
167	برای
168	همه
169	کس
170	آسان
171	ساخته
172	است
173	برگردان
174	روایت‌گونه
175	آن
176	نیز
177	به
178	سهولت
179	اطلاع
180	بر
181	محتوای
182	شاهنامه
183	را
184	فراهم
185	آورده
186	است
187	و
188	راه‌گشای
189	خواندن
190	متن
191	شاهنامه
192	به
193	روانی
194	و
195	آسانی
196	است
197	شاهنامه
198	نامه‌ای
199	است
200	پندمند
201	.

0	سرگذشت
1	تاریخی
2	ملّتی
3	است
4	که
5	شکست‌ها
6	و
7	پیروزی‌های
8	بسیاری
9	را
10	تجربه
11	کرده
12	امّا
13	همواره
14	بر
15	پای
16	ایستاده
17	و
18	در
19	برابر
20	همه‌ی
21	حوادث
22	سربلند
23	و
24	سرافراز
25	بیرون
26	آمده
27	است
28	.

0	شاهنامه
1	کامرانی‌ها
2	و
3	ناکامی‌ها
4	،
5	مرادی‌ها
6	و
7	نامرادی‌های
8	تاریخ
9	ایران
10	را
11	بیان
12	کرده
13	است
14	.

0	راوی
1	صادقی
2	است
3	که
4	شکست‌ها
5	را
6	بیان
7	کرده
8	و
9	البتّه
10	دردناک
11	به
12	آن
13	نگریسته
14	و
15	در
16	عین
17	حال
18	به
19	پیروزی‌ها
20	افتخار
21	کرده
22	است
23	.

0	دشمنانی
1	چون
2	افراسیاب
3	و
4	تورانیان
5	را
6	بزرگ
7	خطاب
8	کرده
9	و
10	از
11	بیان
12	آن
13	ابایی
14	نداشته
15	است
16	،
17	پس
18	دلیلی
19	ندارد
20	که
21	آخر
22	شاهنامه
23	به
24	دلیل
25	پیروزی
26	اعراب
27	خوش
28	نباشد
29	.

0	او
1	می‌آموزد
2	که
3	تاریخ
4	اینجا
5	تمام
6	نخواهد
7	شد
8	.

0	آخر
1	شاهنامه
2	آخر
3	تاریخ
4	نیست
5	.

0	پیروزی
1	و
2	شکست
3	لازمه‌ی
4	وجود
5	هر
6	جامعه‌ای
7	هست
8	.

0	روزگارانی
1	دیگر
2	تقدیر
3	تاریخ
4	به
5	گونه‌ای
6	دیگر
7	رقم
8	خواهد
9	خورد
10	.

0	قطعاً
1	در
2	گذر
3	تاریخ
4	باز
5	هم
6	جنگ‌هایی
7	خواهد
8	بود
9	.

0	باز
1	هم
2	شکست‌ها
3	و
4	پیروزی‌هایی
5	نصیب
6	ما
7	خواهد
8	شدو
9	به
10	راستی
11	که
12	مگر
13	شکست
14	از
15	اعراب
16	نخستین
17	شکست
18	ما
19	بوده
20	و
21	یا
22	قرار
23	است
24	آخرین
25	شکست
26	ما
27	باشد
28	مگر
29	تاریخ
30	امروز
31	ما
32	به
33	همین
34	جایی
35	که
36	هستیم
37	منتهی
38	خواهد
39	شد
40	و
41	پایان
42	خواهد
43	پذیرفت
44	اگر
45	خوش
46	بودن
47	یا
48	ناخوش
49	بودن
50	را
51	به
52	پیروزی
53	یا
54	شکست
55	منحصر
56	کنیم
57	،
58	آنگاه
59	ابتدای
60	شاهنامه
61	هم
62	که
63	پیروزی
64	ضحّاک
65	است
66	غم
67	انگیز
68	است
69	.

0	وسط
1	شاهنامه
2	که
3	شکست
4	از
5	توران
6	،
7	روم
8	و…
9	است
10	نیز
11	دردناک
12	همچنان
13	که
14	پیروزی
15	بر
16	ضحّاک
17	،
18	توران
19	و
20	روم
21	و…
22	شیرین
23	است
24	!

0	تاریخ
1	کدام
2	ملّتی
3	را
4	می‌شناسیم
5	که
6	بدون
7	شکست
8	باشد
9	؟

0	بالأخره
1	فردوسی
2	یک
3	جایی
4	باید
5	شاهنامه
6	را
7	تمام
8	می‌کرد
9	.

0	پیروزی
1	یا
2	شکست
3	از
4	روم
5	.

0	پیروزی
1	یا
2	شکست
3	از
4	توران
5	زمین
6	و…
7	شاهنامه
8	هر
9	کجا
10	تمام
11	می‌شد
12	،
13	این
14	قصّه
15	نا
16	تمام
17	بود
18	و
19	ناتمام
20	نیز
21	می‌ماند
22	و
23	البتّه
24	تا
25	پایان
26	تاریخ
27	هم
28	ناتمام
29	خواهد
30	ماندشاهنامه
31	،
32	اثر
33	حکیم
34	ابوالقاسم
35	فردوسی
36	،
37	یکی
38	از
39	بزرگ‌ترین
40	حماسه‌های
41	جهان
42	،
43	مهم‌ترین
44	نامهٔ
45	اندیشهٔ
46	سیاسی
47	ایران‌شهری
48	در
49	دورهٔ
50	اسلامی
51	،
52	شاهکار
53	حماسی
54	زبان
55	فارسی
56	و
57	حماسهٔ
58	ملی
59	ایرانیان
60	و
61	نیز
62	بزرگ‌ترین
63	سند
64	هویت
65	ایشان
66	است
67	،
68	چنان
69	که
70	ضیاءالدین
71	ابن
72	اثیر
73	آن
74	را
75	قرآن
76	ایرانیان
77	خوانده‌است
78	مأخذ
79	اصلی
80	فردوسی
81	در
82	به‌نظم
83	کشیدن
84	داستانها
85	،
86	شاهنامهٔ
87	منثور
88	ابومنصوری
89	بود
90	که
91	چندی
92	پیش
93	از
94	آن
95	توسط
96	یکی
97	از
98	سپهداران
99	ایران‌دوست
100	خراسان
101	از
102	روی
103	آثار
104	و
105	روایات
106	موجود
107	گردآوری
108	شده
109	بود
110	.

0	فردوسی
1	در
2	شاهنامه
3	از
4	پنج
5	راوی
6	شفاهی
7	نیز
8	به
9	نامهای
10	آزادسرو
11	،
12	شادان
13	برزین
14	،
15	ماخ
16	پیر
17	خراسانی
18	،
19	بهرام
20	و
21	شاهوی
22	یاد
23	کرده
24	که
25	او
26	را
27	در
28	بازگو
29	کردن
30	داستانها
31	یاری
32	رسانده‌اند
33	اما
34	ذبیح‌اله
35	صفا
36	استدلال
37	کرده‌است
38	که
39	به
40	احتمال
41	فراوان
42	راویان
43	یادشده
44	مربوط
45	به
46	روزگاران
47	پیشین
48	بوداند
49	و
50	فردوسی
51	به
52	جهت
53	احترام
54	از
55	آنان
56	سخن
57	به
58	زبان
59	آورده
60	و
61	هیچ‌کدام
62	معاصر
63	با
64	حکیم
65	توس
66	نبوده‌اند
67	آخرین
68	ویرایشهای
69	فردوسی
70	در
71	شاهنامه
72	در
73	سالهای
74	۴۰۰
75	و
76	۴۰۱
77	هجری
78	قمری
79	روی‌داد
80	متون
81	کلاسیک
82	در
83	گذر
84	زمان
85	بر
86	اثر
87	حوادث
88	تاریخی
89	،
90	گرایش‌های
91	حاکمان
92	و
93	کاتبان
94	و
95	علل
96	دیگر
97	دستخوش
98	تغییر
99	و
100	تحولات
101	متعددی
102	می‌شوند
103	.

0	پیگیری
1	این
2	تحولات
3	و
4	مقایسه‌ی
5	نسخه‌های
6	متعدد
7	به‌جا
8	مانده
9	از
10	متون
11	کلاسیک
12	و
13	ارائه‌ی
14	متنی
15	تا
16	حد
17	ممکن
18	اصیل
19	دغدغه‌ی
20	اصلی
21	کسانی‌ست
22	که
23	تصحیح
24	متون
25	کلاسیک
26	را
27	به‌عنوان
28	فعالیتی
29	ادبی
30	پیشه‌ی
31	خود
32	می‌کنند
33	.

0	مهری
1	بهفر
2	بیش
3	از
4	یک
5	دهه
6	است
7	که
8	کار
9	خود
10	را
11	معطوف
12	به
13	تصحیح
14	شاهنامه
15	کرده
16	است
17	.

0	پروژه‌ی
1	تصحیح
2	او
3	با
4	شرح
5	یکایک
6	ابیات
7	،
8	مقایسه‌ی
9	درونمایه‌ی
10	داستان‌ها
11	و
12	شخصیت‌های
13	شاهنامه
14	با
15	مابه‌ازاهای
16	اساطیری‌شان
17	در
18	ادبیات
19	اسطوره‌
20	ای
21	و
22	حماسی
23	جهان
24	و
25	ضمائمی
26	دیگر
27	همراه
28	شده
29	است
30	که
31	مجموع
32	آن
33	به
34	تخمین
35	خودش
36	مشتمل
37	بر
38	بیست
39	جلد
40	خواهدشد
41	.

0	تا
1	به
2	حال
3	سه
4	دفتر
5	از
6	این
7	مجموعه
8	منتشر
9	شده
10	است
11	.

0	انتشار
1	دفتر
2	سوم
3	بهانه‌ای
4	شد
5	تا
6	پای
7	صحبت
8	مهری
9	بهفر
10	بنشینیم
11	تا
12	از
13	چند
14	و
15	چون
16	تألیف
17	و
18	انتشار
19	این
20	مجموعه
21	برای‌مان
22	بگویدوقتی
23	کشورت
24	را
25	اشغال
26	کرده
27	باشند
28	زبانت
29	را
30	در
31	شرف
32	نابودی
33	قرار
34	داده
35	باشند
36	،
37	کتاب‌هایت
38	را
39	سوزانده
40	باشند
41	،
42	فرهنگت
43	را
44	از
45	بین
46	برده
47	باشند
48	،
49	تاریخت
50	را
51	تحریف
52	کرده
53	باشند
54	و
55	هویّت
56	ملّی‌ات
57	را
58	به
59	دست
60	فراموشی
61	سپرده
62	باشند
63	،
64	چه
65	کاری
66	می‌تواند
67	شیرین‌تر
68	و
69	پر
70	اهمّیت‌تر
71	از
72	این
73	تلقی
74	شود
75	که
76	بتوانی
77	زبانت
78	را
79	زنده
80	کنی
81	،
82	تاریخت
83	را
84	از
85	دست
86	فراموشی
87	نجات
88	دهی
89	،
90	غرور
91	ملّی‌ات
92	را
93	بازسازی
94	نمایی
95	،
96	فرهنگت
97	را
98	بازیابی
99	کنی
100	،
101	…
102	و
103	چه
104	کاری
105	بالاتر
106	از
107	این
108	و
109	چه
110	پیروزی‌ای
111	خوش‌تر
112	از
113	این
114	؟

0	این
1	حقیقت
2	را
3	نیز
4	باید
5	بدانیم
6	که
7	تخیلات
8	همیشه
9	پوچ
10	و
11	بی
12	مصرف
13	نیستند
14	.

0	خلاقیتهای
1	هنری
2	که
3	خاستگاهشان
4	نفس
5	تخیل
6	است
7	،
8	ازاین
9	قاعده
10	مستثنایند
11	.

0	ازضرورتها
1	و
2	نیاز
3	امروز
4	جهان
5	است
6	که
7	هنروران
8	و
9	آنان
10	که
11	در
12	تولید
13	هنر
14	و
15	مشاغل
16	هنری
17	فعالند
18	همواره
19	مترصد
20	آن
21	باشند
22	که
23	در
24	خلاقیتهای
25	خود
26	،
27	عناصر
28	تعقل
29	و
30	تفکر
31	منطقی
32	را
33	نیز
34	ملحوظ
35	و
36	منظور
37	دارند
38	.

0	پا
1	ازحد
2	مجاز
3	و
4	مفید
5	فراتر
6	نگذارند
7	.

0	در
1	شعر
2	،
3	ادب
4	،
5	موسیقی
6	،
7	نقاشی
8	،
9	سینما
10	،
11	تآتر
12	،
13	انیمیشنها
14	و
15	برنامه‌های
16	ادبی
17	و
18	هنری
19	که
20	ترتیب
21	میدهند
22	،
23	تا
24	آنجا
25	به
26	تخیلات
27	اجازه‌ی
28	فعالیت
29	دهند
30	که
31	از
32	مرز
33	مجاز
34	تجاوز
35	و
36	تخطی
37	نکنند
38	.

0	ازبدآموزی
1	،
2	به
3	غلط
4	افتادنهای
5	افکار
6	،
7	اذهان
8	،
9	باورها
10	و
11	از
12	افراط
13	و
14	تفریط
15	در
16	هر
17	زمینه
18	و
19	پدیده‌ی
20	هنری
21	پرهیز
22	شود
23	.

0	در
1	رمانها
2	،
3	داستانها
4	و
5	افسانه
6	هائی
7	که
8	بضرورت
9	ساخته
10	یا
11	مقالاتی
12	که
13	نوشته
14	میشوند
15	،
16	چشم
17	عقل
18	و
19	مقررات
20	علمی
21	و
22	منطقی
23	را
24	بر
25	جوانب
26	هنری
27	آن
28	آثار
29	،
30	بیدار
31	و
32	هوشیار
33	بدارندزندگی
34	امروز
35	با
36	حضور
37	علوم
38	جدید
39	و
40	دستاوردهای
41	علمی
42	و
43	تکنیکی
44	جاری
45	،
46	ورود
47	تخیل
48	و
49	توهمات
50	پوچ
51	را
52	به
53	حیطه‌ی
54	حیات
55	انسان
56	،
57	جایز
58	نمیشمرد
59	.

0	درست
1	است
2	که
3	اوهام
4	و
5	خرافات
6	ناشی
7	از
8	تخیلات
9	واهی
10	در
11	زوایای
12	زندگی
13	آدمی
14	راه
15	یافته
16	اند
17	و
18	هستند
19	و”هرکه
20	آمد
21	بر
22	آن
23	مزیدی
24	کرد
25	تا
26	به
27	این
28	غایت
29	رسید”
30	اما
31	نباید
32	باشند
33	.

0	اما
1	حضورشان
2	در
3	زندگی
4	مردم
5	جهان
6	مجاز
7	نیست
8	.

0	این
1	فتوای
2	عقل
3	،
4	علم
5	و
6	منطق
7	است
8	.

0	در
1	زمانیکه
2	تلسکوپهای
3	نیرومند
4	،
5	کره‌ی
6	زمین
7	را
8	در
9	فاصله‌ی
10	شش
11	میلیارد
12	کیلومتری
13	بصورت
14	نقطه‌ای
15	آبی
16	رنگ
17	،
18	معلق
19	در
20	فضای
21	لایتناها
22	نشان
23	میدهند
24	و
25	هرکس
26	میتواند
27	-
28	بیاری
29	اینترنت
30	-
31	بشرح
32	ویدئوئی
33	خدمات
34	دانشمندان
35	در
36	این
37	زمینه‌ی
38	علمی
39	بنگرد
40	و
41	گوش
42	دهد
43	،
44	دیگر
45	نمیتوان
46	پذیرفت
47	که
48	انسانهای
49	متوهم
50	در
51	توهمات
52	خود
53	،
54	صادقنددر
55	شبی
56	طولانی
57	و
58	بدون
59	مهتاب
60	،
61	شاعر
62	از
63	خواب
64	برمی‌خیزد
65	و
66	دل‌آزرده
67	از
68	این
69	شب
70	تیره
71	و
72	دلگیر
73	،
74	یارش
75	را
76	بیدار
77	می‌کند
78	.

0	او
1	چون
2	بی‌خواب
3	شده
4	است
5	از
6	دلبرش
7	می‌خواهد
8	که
9	برایش
10	بزمی
11	بیاراید
12	و
13	چنگ
14	بنوازد
15	پس
16	از
17	کامجویی
18	از
19	آن
20	بزم
21	،
22	شاعر
23	از
24	یارش
25	می‌خواهد
26	که
27	از
28	دفتر
29	پهلوی
30	(
31	تاریخ
32	شاهان
33	باستان
34	ایران
35	زمین
36	)
37	داستانی
38	را
39	بخواند
40	تا
41	او
42	به
43	شعر
44	آورد
45	.

0	داستان
1	از
2	بزمی
3	در
4	حضور
5	کیخسرو
6	شروع
7	می‌شود
8	.

0	ناگهان
1	خبر
2	می‌آورند
3	ارمنیان
4	که
5	در
6	مرز
7	ایران
8	و
9	توران
10	زندگی
11	می‌کنند
12	به
13	دادخواهی
14	آمده‌اند
15	.

0	آنان
1	زاری‌کنان
2	می‌گویند
3	که
4	گله‌ای
5	از
6	گرازان
7	به
8	بیشه‌ای
9	که
10	کشتزار
11	و
12	باغ‌هایشان
13	آنجاست
14	،
15	حمله
16	کرده‌اند
17	و
18	محصولات
19	و
20	دام‌های
21	آنان
22	را
23	نابود
24	می‌کنند
25	.

0	کیخسرو
1	دستور
2	می‌دهد
3	ظرف
4	زرین
5	بزرگی
6	را
7	در
8	میان
9	مجلس
10	قرار
11	داده
12	و
13	آن
14	را
15	لبریز
16	از
17	گوهرهای
18	گرانبها
19	کنند
20	و
21	می‌گوید
22	:
23	«
24	کدام
25	دلاوری
26	داوطلب
27	از
28	بین
29	بردن
30	گرازهاست
31	تا
32	این
33	گنج
34	را
35	پاداش
36	بگیرد
37	»
38	کسی
39	پاسخ
40	نمی‌دهد
41	تا
42	اینکه
43	بیژن
44	(
45	فرزند
46	گیو
47	و
48	نوه‌ی
49	دختریِ
50	رستم
51	)
52	پیشقدم
53	می‌شود
54	،
55	اما
56	پدرش
57	او
58	را
59	بر
60	این
61	جسارت
62	ملامت
63	می‌کند
64	که
65	:
66	«
67	بی‌تجربه
68	هستی
69	و
70	توانایی
71	این
72	کار
73	را
74	نداری
75	»
76	بیژن
77	که
78	جوانی
79	جویای
80	نام
81	است
82	،
83	بر
84	ادعایش
85	اصرار
86	می‌ورزد
87	.

0	شاه
1	این
2	مأموریت
3	را
4	برعهده‌ی
5	بیژن
6	می‌گذارد
7	و
8	گرگین
9	که
10	سرداری
11	با
12	تجربه
13	است
14	را
15	برای
16	راهنمایی‌اش
17	در
18	این
19	سفر
20	،
21	با
22	او
23	همراه
24	میکندپیران
25	که
26	روی
27	کودک
28	را
29	دید
30	به
31	یاد
32	سیاوش
33	افتاد
34	و
35	گریه
36	کرد
37	زیرا
38	کودک
39	چنان
40	بود
41	که
42	گویی
43	سیاوش
44	بار
45	دیگر
46	به
47	دنیا
48	آمده
49	است
50	پیران
51	کودک
52	را
53	نزد
54	افراسیاب
55	برد
56	و
57	او
58	را
59	ستایش
60	کرد
61	و
62	سپس
63	خبر
64	تولد
65	فرزند
66	فرنگیس
67	(
68	نوه
69	افراسیاب
70	)
71	را
72	به
73	او
74	داد
75	و
76	گفت
77	«
78	این
79	کودک
80	از
81	خوبی
82	به
83	تو
84	مانند
85	است
86	،
87	از
88	پهلوانی
89	به
90	فریدون
91	و
92	زیبایی
93	اش
94	تور
95	(
96	نیاکان
97	افراسیاب
98	)
99	را
100	به
101	یاد
102	می‌آورد
103	.

0	نظر
1	من
2	این
3	است
4	که
5	گذشته
6	را
7	فراموش
8	کنی
9	و
10	مهر
11	کودک
12	را
13	در
14	دل
15	پرورش
16	دهی
17	او
18	را
19	به
20	چوپانان
21	بسپری
22	تا
23	دور
24	از
25	دربار
26	و
27	بدون
28	آگاهی
29	از
30	اصل
31	و
32	نژاد
33	خود
34	بزرگ
35	شود
36	.
37	»
38	گُردآفرید
39	نخستین
40	شیرزن
41	حماسه
42	ملی
43	ایران
44	است
45	گردآفریدِ
46	دلربا
47	و
48	چالاک
49	با
50	این
51	که
52	در
53	شاهنامه
54	حضوری
55	کوتاه
56	دارد
57	و
58	شکست
59	هم
60	می‌خورد
61	بسیار
62	برجسته
63	است
64	و
65	یکی
66	از
67	گیراترین
68	زنان
69	شاهنامه
70	وی
71	را
72	می‌توان
73	مانند
74	فرانک
75	ارنواز
76	و
77	شهرناز
78	،
79	نمونه
80	زن
81	اصیل
82	ایرانی
83	دانست
84	.

0	او
1	در
2	جنگاوری
3	بی‌همتاست
4	در
5	رهسپاری
6	سهراب
7	از
8	توران
9	به
10	ایران
11	،
12	هنگامی
13	که
14	وی
15	در
16	جستجوی
17	پدرش
18	رستم
19	است
20	،
21	با
22	او
23	آشنا
24	می‌شویم
25	.

0	در
1	مرز
2	توران
3	و
4	ایران
5	،
6	دژی
7	به
8	نام
9	سپیددژ
10	هست
11	.

0	گُژدَهَم
1	که
2	یک
3	ایرانی
4	سالخورده
5	است
6	بر
7	آن
8	فرمان
9	می‌راند
10	و
11	همواره
12	در
13	برابر
14	دشمن
15	پایداری
16	سرسختانه‌ای
17	می‌ورزد
18	و
19	با
20	این
21	کار
22	دل
23	همه
24	ایرانیان
25	را
26	به
27	آن
28	دژ
29	امیدوار
30	می‌سازد
31	.

0	گژدهم
1	پیر
2	،
3	پسری
4	خرد
5	به
6	نام
7	گُستَهَم
8	دارد
9	،
10	و
11	دختری
12	به
13	نام
14	گردآفرید
15	.

0	سهراب
1	ناچار
2	است
3	پیش
4	از
5	درآمدن
6	به
7	خاک
8	ایران
9	از
10	این
11	دژ
12	بگذرد
13	.

0	در
1	نبرد
2	میان
3	سهراب
4	و
5	هژیر
6	،
7	فرمانده
8	دژ
9	،
10	سهراب
11	بر
12	او
13	پیروز
14	می‌گردد
15	.

0	سهراب
1	،
2	نخست
3	می‌خواهد
4	او
5	را
6	بکُشد
7	،
8	اما
9	سپس
10	او
11	را
12	اسیر
13	کرده
14	راهی
15	سپاه
16	خود
17	می‌کند
18	.

0	آگاهی
1	از
2	این
3	رویداد
4	،
5	دژنشینان
6	را
7	سراسیمه
8	می‌سازد
9	،
10	اما
11	گردآفرید
12	چنان
13	این
14	را
15	مایه
16	ننگ
17	می‌داند
18	که
19	بر
20	آن
21	می‌شود
22	خود
23	به
24	نبرد
25	او
26	رود
27	.

0	سهراب
1	در
2	پی
3	چالش
4	آن
5	شیرزن
6	به
7	رزمگاه
8	درمی‌آید
9	و
10	آن
11	دو
12	به
13	پرخاش
14	و
15	نبرد
16	درمی‌آیند
17	.

0	سهراب
1	در
2	برابر
3	باران
4	تیر
5	گردآفرید
6	،
7	ناچار
8	سپرش
9	را
10	به
11	کار
12	درمی‌آورد
13	وی
14	جنگ‌کنان
15	نزدیک
16	گردآفرید
17	می‌شود
18	و
19	نیزه
20	او
21	را
22	می‌گیرد
23	.

0	با
1	نیزه
2	جامه
3	جنگی
4	او
5	را
6	می‌درد
7	،
8	گردآفرید
9	شمشیر
10	می‌کشد
11	و
12	با
13	فرود
14	آوردن
15	آن
16	نیزه
17	سهراب
18	را
19	می‌شکند
20	.

0	سرانجام
1	می‌بیند
2	که
3	توان
4	رویارویی
5	با
6	سهراب
7	را
8	ندارد
9	و
10	می‌کوشد
11	سوی
12	دژ
13	بگریزد
14	.

0	اما
1	سهراب
2	به
3	او
4	می‌رسد
5	و
6	کلاه‌خودش
7	را
8	برمی‌گیرد
9	.

0	تازه
1	می‌بیند
2	که
3	آن
4	پیکارگر
5	نه
6	مرد
7	،
8	بلکه
9	دختری
10	زیباروی
11	است
12	گردآفرید
13	به
14	نیرنگ
15	دست
16	می‌یازد
17	و
18	به
19	سهراب
20	می‌گوید
21	که
22	خوب
23	نیست
24	رزمندگان
25	ببینند
26	که
27	وی
28	در
29	نبرد
30	با
31	یک
32	دختر
33	به
34	چنین
35	کوشش
36	و
37	رنجی
38	گرفتار
39	آمده
40	و
41	به
42	او
43	پیشنهاد
44	می‌کند
45	که
46	همراهش
47	به
48	درون
49	دژ
50	برود
51	و
52	دژ
53	در
54	چنگ
55	اوست
56	.

0	روزی
1	رستم
2	هوای
3	رفتن
4	به
5	شکار
6	کرد
7	و
8	با
9	رخش
10	به
11	سوی
12	مرز
13	توران
14	رفت
15	پس
16	آنجا
17	را
18	پر
19	از
20	گورخر
21	دید
22	شاد
23	شد
24	و
25	شکاری
26	زد
27	و
28	آتش
29	بیفروخت
30	.

0	درختی
1	را
2	کند
3	و
4	در
5	گورخری
6	که
7	شکار
8	کرده
9	بود
10	چون
11	سیخی
12	فرو
13	برد
14	و
15	بر
16	آتش
17	گذاشت
18	.

0	پس
1	از
2	صرف
3	غذا
4	و
5	نوشیدن
6	آب
7	خوابید
8	.

0	هفت
1	هشت
2	تن
3	از
4	سواران
5	ترک
6	رخش
7	را
8	دیدند
9	و
10	او
11	را
12	دنبال
13	کردند
14	.

0	رخش
1	دوتا
2	از
3	آنها
4	را
5	با
6	لگد
7	کوبید
8	و
9	سر
10	یکی
11	را
12	از
13	تن
14	جدا
15	کرد
16	.

0	پس
1	آنها
2	با
3	کمند
4	گردن
5	او
6	را
7	به
8	بند
9	آوردند
10	و
11	به
12	شهر
13	بردند
14	وقتی
15	رستم
16	برخاست
17	و
18	رخش
19	را
20	ندید
21	غمگین
22	شد
23	و
24	پیاده
25	به
26	سوی
27	سمنگان
28	رفت
29	تا
30	مگر
31	نشانی
32	از
33	او
34	بیابد
35	وقتی
36	صبح
37	شد
38	بر
39	بازوی
40	رستم
41	مهره‌ای
42	قرار
43	داشت
44	که
45	آن
46	مهره
47	را
48	در
49	همه
50	جهان
51	می‌شناختند
52	.

0	آن
1	را
2	به
3	تهمینه
4	داد
5	و
6	گفت
7	اگر
8	دختردار
9	شدی
10	این
11	را
12	به
13	گیسوی
14	او
15	ببند
16	و
17	اگر
18	پسردار
19	شدی
20	آن
21	را
22	به
23	بازویش
24	ببند
25	و
26	سپس
27	از
28	او
29	خداحافظی
30	کرد
31	و
32	به
33	سوی
34	شاه
35	سمنگان
36	رفت
37	پس
38	او
39	مژده
40	داد
41	که
42	رخش
43	را
44	یافته
45	است
46	.

0	رستم
1	سوار
2	رخش
3	شد
4	و
5	شاد
6	و
7	سرحال
8	به
9	سوی
10	ایران
11	و
12	از
13	آنجا
14	به
15	زابلستان
16	رفت
17	.

0	بعد
1	از
2	گذشت
3	نه
4	ماه
5	تهمینه
6	پسری
7	به
8	دنیا
9	آورد
10	زیبارو
11	چون
12	رستم
13	که
14	نامش
15	را
16	سهراب
17	نهادند
18	.

0	وقتی
1	یکماهه
2	شد
3	مانند
4	کودک
5	یک
6	ساله
7	بود
8	و
9	در
10	سه
11	سالگی
12	به
13	میدان
14	قدم
15	نهاد
16	و
17	در
18	پنج
19	سالگی
20	چون
21	شیرمردان
22	شده
23	بود
24	و
25	در
26	ده
27	سالگی
28	کسی
29	نمی‌توانست
30	با
31	او
32	نبرد
33	کند
34	.

0	روزی
1	نزد
2	مادر
3	رفت
4	و
5	گفت
6	پدر
7	من
8	کیست
9	؟

0	اگر
1	کسی
2	بپرسد
3	چه
4	پاسخ
5	دهم
6	؟

0	مادر
1	گفت
2	تو
3	پسر
4	پهلوان
5	پیلتن
6	رستم
7	هستی
8	و
9	از
10	نوادگان
11	سام
12	و
13	زال
14	می‌باشی
15	.

0	نامه‌ای
1	از
2	رستم
3	به
4	او
5	نشان
6	داد
7	با
8	سه
9	یاقوت
10	رخشان
11	و
12	سه
13	کیسه
14	زر
15	که
16	پدرش
17	زمانیکه
18	او
19	بدنیا
20	آمده
21	بود
22	فرستاده
23	بود
24	.

0	تهمینه
1	گفت
2	افراسیاب
3	نباید
4	در
5	این
6	مورد
7	چیزی
8	بداند
9	زیرا
10	او
11	دشمن
12	پدرت
13	است
14	و
15	اگر
16	هم
17	پدرت
18	بداند
19	که
20	تو
21	چنین
22	یلی
23	شده‌ای
24	تو
25	را
26	نزد
27	خودش
28	می‌برد
29	و
30	من
31	از
32	دوری
33	تو
34	ملول
35	می‌شوم
36	.

0	اما
1	سهراب
2	گفت
3	این
4	سخنی
5	نیست
6	که
7	آن
8	را
9	پنهان
10	کنم
11	و
12	تو
13	نباید
14	این
15	را
16	پنهان
17	می‌کردی
18	.

0	اکنون
1	من
2	از
3	ترکان
4	سپاهی
5	آماده
6	می‌کنم
7	و
8	به
9	ایران
10	می‌روم
11	و
12	کاووس
13	را
14	از
15	تخت
16	به
17	زیر
18	میاورم
19	و
20	طوس
21	و
22	گرگین
23	و
24	گودرز
25	و
26	گیو
27	و
28	گستهم
29	و
30	نوذر
31	و
32	بهرام
33	را
34	نابود
35	میکنم
36	و
37	بعد
38	رستم
39	را
40	به
41	جای
42	کاووس
43	می‌نشانم
44	سپس
45	به
46	توران
47	رفته
48	و
49	افراسیاب
50	را
51	به
52	زیر
53	می‌کشم
54	و
55	تو
56	را
57	بانوی
58	شهر
59	ایران
60	می‌کنم
61	.

0	سپس
1	خواست
2	اسبی
3	پیدا
4	کند
5	که
6	تهمینه
7	به
8	چوپان
9	گفت
10	هرچه
11	اسب
12	هست
13	بیار
14	تا
15	او
16	انتخاب
17	کند
18	.

0	اما
1	هر
2	اسبی
3	می‌آوردند
4	تاب
5	تحمل
6	دست
7	سهراب
8	را
9	هم
10	نداشت
11	یکی
12	از
13	دلیران
14	آمد
15	و
16	گفت
17	من
18	کره‌ای
19	از
20	نژاد
21	رخش
22	دارم
23	.

0	سهراب
1	شاد
2	شد
3	و
4	آن
5	اسب
6	را
7	آزمایش
8	کرد
9	و
10	انتخاب
11	نمود
12	.

0	سپس
1	نزد
2	شاه
3	سمنگان
4	رفت
5	و
6	از
7	او
8	کمک
9	خواست
10	و
11	او
12	نیز
13	هرچه
14	خواست
15	به
16	او
17	داد
18	و
19	مجهز
20	روانه‌اش
21	کردعلی
22	را
23	دیدم
24	که
25	درحال
26	بازی
27	کردن
28	بود
29	و
30	ناگهان
31	سرش
32	به
33	میزی
34	که
35	تازه
36	خریده
37	بودند
38	خورد
39	و
40	پدرش
41	که
42	تازه
43	از
44	سرکار
45	آمده
46	بود
47	او
48	را
49	به
50	بیمارستانی
51	که
52	نزدیک
53	خانه‌ی
54	مادر
55	بزرگش
56	که
57	تازه
58	از
59	دنیا
60	رفته
61	بود
62	برد*****پررنگترقرمزترواژگوننیلگونلاابالیشن
63	و
64	ماسهگل
65	سرپژواکبازگشتمارمولکیمیخچهمخچهآب
66	نباتکولاکیترینیخفنترینمخفتگانرفته
67	گرسشواریجاکیفیخیار
68	پلاستیکیکندوانکهگیلویه
69	و
70	بویراحمدارمنستانشکرستانمیز
71	آرایشهزار
72	دستانپرتوانخراسانمژگانرضوانموضوعاتمحوشدگاندیگرانزندانبازیکنانیاراکاراندیشگیسوان
73	فراخ
74	شکم
75	فراخ
76	شلوار
77	فراخ
78	کام
79	فراخ
80	کندوری
81	فراخور
82	فراروی
83	فرخ
84	پی
85	فرخ
86	دیم
87	فرخاردیس
88	فرمان
89	روا
90	فرمگین
91	فروداشت
92	فرونهادن
93	فروتن
94	فروخت
95	فروختن
96	فرودست
97	فروزانفر
98	فروغمند
99	فروکش
100	فروگذاشت
101	فرومایه
102	فروهیده
103	فره
104	مند
105	فژاک
106	فژاگین
107	فغواره
108	فکنده
109	سرین
110	قاش
111	قاقم
112	عارض
113	قدیم
114	و
115	ندیم
116	قره
117	قاطی
118	قوزو
119	کاخ
120	نشین
121	کارآگاه
122	کارروا
123	کارکرد
124	کارکیا
125	کارمند
126	کاروانسالار
127	کاسه
128	سیاه
129	کاشت
130	کافرمژه
131	کامیاب
132	کاولی
133	ساز
134	کاه
135	دزد
136	کت
137	و
138	کلفت
139	کج
140	پلاس
141	کج
142	خلق
143	کج
144	کلاه
145	کج
146	نهاد
147	کجواج
148	کدبانو
149	کدخدا
150	کدیور
151	کرد
152	کرد
153	و
154	مرد
155	کرده
156	کار
157	کرمند
158	کرمو
159	کژباز
160	کشت
161	کشتبان
162	کشتی
163	بان
164	کلاغ
165	پر
166	کلاه
167	گوشه
168	کله
169	پوک
170	کله
171	خر
172	کله
173	خشک
174	کله
175	شق
176	کله
177	گنده
178	کله
179	معلق
180	کم
181	دل
182	کم
183	کار
184	کمبود
185	کمیاب
186	کندذهن
187	کندمند
188	کنگره
189	دار
190	کوژپشت
191	کهربارنگ
192	کهن
193	سال
194	کیارنگ
195	کیازند
196	کیاگن
197	کیفور
198	کینه
199	توز
200	گاوچشم
201	گاودل
202	گاورنگ
203	گاوسر
204	گاوگون
205	گاویار
206	گاهبد
207	گذارد
208	گذربان
209	گذشتگان
210	گران
211	پایه
212	گران
213	جان
214	گران
215	سایه
216	گران
217	سر
218	گران
219	سرشت
220	گران
221	سنگ
222	گران
223	قدر
224	گرانبار
225	گرانبها
226	گرانمایه
227	گربه
228	چشم
229	گربه
230	کوره
231	گربه
232	گون
233	گرد
234	پیری
235	گرد
236	و
237	قلنبه
238	گرداگرد
239	گردالی
240	گردمشت
241	گردن
242	برده
243	گردن
244	شق
245	گردوغند
246	گرسنه
247	چشم
248	گرفت
249	گرگ
250	بند
251	گرگ
252	میش
253	گرگ
254	و
255	میش
256	گرگین
257	گرم
258	خو
259	گرم
260	سخن
261	گسی
262	بنده
263	گشاده
264	گشاده
265	دل
266	گشاده
267	کار
268	گشت
269	گفت
270	گل
271	چهره
272	گل
273	ریزان
274	گل
275	سرسبد
276	گل
277	و
278	گشاد
279	گلرنگ
280	گلفام
281	گلگون
282	گم
283	و
284	گور
285	گمراه
286	گمنام
287	گنجشک
288	دل
289	گندم
290	گون
291	گنده
292	پیر
293	گوارد
294	گوانجی
295	گوبروت
296	گور
297	به
298	گور
299	گوریش
300	گوزو
301	گوش
302	بدر
303	گوش
304	به
305	زنگ
306	گوشت
307	تلخ
308	گوشتالو
309	گوشوان
310	گوشه
311	دار
312	گوناگون
313	گهبد
314	لابرلا
315	لابلا
316	لات
317	و
318	لوت
319	لاجون
320	لاش
321	و
322	ماش
323	لال
324	و
325	پتی
326	لب
327	به
328	لب
329	لب
330	سنگ
331	لب
332	شور
333	لبالب
334	لبچور
335	لت
336	انبار
337	لت
338	انبان
339	لت
340	لت
341	لت
342	و
343	پار
344	لش
345	و
346	لوش
347	لشک
348	لشک
349	لغسر
350	لک
351	و
352	پک
353	لنگ
354	و
355	لوک
356	لنگه
357	به
358	لنگه
359	لوت
360	باره
361	لوش
362	لوش
363	له
364	و
365	لورده
366	مادرانه
367	مال
368	رو
369	مالامال
370	ماهپاره
371	مردانه
372	مرداوژن
373	مشک
374	فام
375	ملی
376	گرا
377	موی
378	کالیده
379	مهپاره
380	مهر
381	دهان
382	مهربخت
383	میرپنج
384	میرزا
385	قشمشم
386	میرزا
387	قلمدان
388	میرزابنویس
389	میرشکارناجوانمرد
390	ناخن
391	خشک
392	ناخودآگاه
393	نارپستان
394	نازک
395	دل
396	نازک
397	نارنجی
398	نازک
399	نی
400	نافه
401	گشا
402	ناقلا
403	نام
404	آور
405	نامه
406	سفید
407	نامه
408	سیاه
409	نان
410	کور
411	ناوخدا
412	ناودیس
413	نبود
414	نخچیروال
415	نخچیروان
416	ندید
417	بدید
418	نساسالار
419	نشیب
420	و
421	فراز
422	نق
423	نقو
424	نگون
425	بخت
426	نگون
427	طشت
428	نگونسار
429	نوپا
430	نوخط
431	نوش
432	لب
433	نوکیسه
434	نوگند
435	نونوار
436	نیست
437	نیک
438	اختر
439	نیک
440	انجام
441	نیک
442	پی
443	نیک
444	روز
445	نیکوسگال
446	نیل
447	فام
448	نیلگون
449	نیم
450	بسمل
451	نیم
452	بند
453	نیم
454	ته
455	نیمدار
456	نیمرو
457	واخواست
458	وادید
459	واگشت
460	واگفت
461	والاتبار
462	والاجاه
463	والاحضرت
464	وانمود
465	ولنگ
466	و
467	واز
468	هت
469	ومت
470	هرروزه
471	هرزه
472	مرس
473	هرکن
474	پرکن
475	هروشر
476	هفت
477	ماهه
478	هم
479	آغوش
480	هم
481	دوره
482	هم
483	کار
484	همآویز
485	همدرد
486	همدل
487	همدم
488	همه
489	کاره
490	هوشمند
491	هیچ
492	کاره
493	یارانه
494	یارمند
495	یخ
496	شکن
497	یده
498	چی
499	یک
500	انداز
501	یک
502	تیغ
503	یک
504	دل
505	یک
506	دنده
507	یک
508	رو
509	یک
510	زخم
511	یک
512	سان
513	یک
514	کاره
515	یک
516	گره
517	یک
518	لاقبا
519	یک
520	لخت
521	یک
522	نورد
523	یک
524	هوا
525	یکتا
526	یکتاپرست
527	یکدانه
528	یکدله
529	یکه
530	بزن
531	یکه
532	سوار
533	یکه
534	شناس
535	یگانه
536	آب
537	اندام
538	آب
539	ریخته
540	آب
541	کور
542	آب
543	گردش
544	آب
545	لمبو
546	آب
547	نکشیده
548	آبتاب
549	آبخورد
550	آبدست
551	آبدیده
552	آبکار
553	آبگز
554	آبیار
555	آتشبان
556	آتشپا
557	آتشین
558	پنجه
559	آخرسالار
560	آخورچرب
561	آخورخشک
562	آدمیزاد
563	آذرگون
564	آذرنگ
565	آذریون
566	آرزومند
567	آروبند
568	آزادمرد
569	آزادوار
570	آزرده
571	جان
572	آزرده
573	دل
574	آزرمگین
575	آزمند
576	آسبان
577	آسوده
578	دل
579	آسیمه
580	سر
581	آش
582	خور
583	آش
584	دهن
585	سوز
586	آشفته
587	دل
588	آشفته
589	روز
590	آشفته
591	سامان
592	آشمال
593	آشناوری
594	آفتاب
595	زده
596	آفتابه
597	دزد
598	آکنده
599	پهلو
600	آکنده
601	گوش
602	آلاخون
603	والاخون
604	آمد
605	آمد
606	شد
607	آمد
608	نیامد
609	آمد
610	و
611	رفت
612	آمیزه
613	آمیزه
614	مو
615	آهمند
616	آهن
617	پوش
618	آهن
619	خا
620	آهن
621	رگ
622	آهن
623	گذار
624	آهوپا
625	آهوتک
626	آهوچشم
627	آهودل
628	آهوفغند
629	آهومند
630	آهون
631	بر
632	آیینه
633	دار
634	ابرآلود
635	ابرقدرت
636	ابرناک
637	ابرو
638	ابرو
639	قیطانی
640	ابرو
641	کمانی
642	ابزارمند
643	ابله
644	گونه
645	ابنه
646	زده
647	اپیشه
648	اجل
649	معلق
650	اخترسوخته
651	اخترمار
652	اخمالو
653	اره
654	از
655	جان
656	گذشته
657	از
658	خود
659	راضی
660	ازدر
661	اسفل
662	السافلین
663	اسفهسالار
664	اشتربان
665	امیدوار
666	انداخت
667	اندوهگین
668	اندوهناک
669	اندیشمند
670	انگشت
671	پیچ
672	انگشت
673	کش
674	انگشت
675	نشان
676	انگشت
677	نما
678	(
679	ی
680	)
681	با
682	آب
683	و
684	تاب
685	با
686	آب
687	و
688	رنگ
689	باآبرو
690	باادب
691	بااستخوان
692	باب
693	دندان
694	بابرکت
695	باج
696	بگیر
697	باجربزه
698	باد
699	به
700	دست
701	باد
702	گرفته
703	باد
704	نشسته
705	بادپیما
706	باددست
707	بادریش
708	بادسار
709	بارور
710	بازارگان
711	بازارگرمی
712	بازخرید
713	بازخواست
714	بازداشت
715	بازدید
716	بازگشت
717	بازیافت
718	بازیگوش
719	باژگون
720	باشکوه
721	بافت
722	باوقار
723	باهوش
724	بایگان
725	ببر
726	بپا
727	بختیار
728	بخرد
729	بدانجام
730	بدپیله
731	بدخوی
732	بددل
733	بدرام
734	بدزهره
735	بدعنق
736	بدکاره
737	بدگل
738	بدگمان
739	بدگوهر
740	بدلگام
741	بدمسب
742	بدمست
743	بدمهر
744	بدنام
745	بدنما
746	برآورد
747	برابر
748	برخورد
749	برداشت
750	بردبار
751	برگشت
752	برهم
753	بزدل
754	بزرگ
755	سال
756	بزرگوار
757	بسامان
758	بسامد
759	بست
760	بستوه
761	بسزا
762	بسغده
763	بلکامه
764	بلندآوازه
765	بلندبالا
766	بلندپایه
767	بلندپرواز
768	بن
769	بست
770	بندار
771	بنساله
772	بنوان
773	بود
774	بویناک
775	به
776	غایت
777	بهبود
778	بهره
779	ور
780	بهم
781	بهمنش
782	بی
783	اندام
784	بی
785	باک
786	بی
787	برگ
788	بی
789	بند
790	و
791	بار
792	بی
793	بها
794	بی
795	پروا
796	بی
797	تا
798	بی
799	چون
800	بی
801	حد
802	بی
803	خود
804	بی
805	خیال
806	بی
807	دستگاه
808	بی
809	رگ
810	بی
811	رنگ
812	بی
813	ریش
814	بی
815	سامان
816	بی
817	سر
818	و
819	پا
820	بی
821	سنگ
822	بی
823	قرار
824	بی
825	کار
826	بی
827	کاره
828	بی
829	مر
830	بی
831	ناخن
832	بی
833	نمک
834	بی
835	نوا
836	بی
837	همال
838	بی
839	هوش
840	بیابان
841	گرد
842	بیخو
843	بیداردل
844	بیدل
845	بیراه
846	بیشمار
847	بیکران
848	بیمارغنج
849	بیمناک
850	پا
851	به
852	ماه
853	پا
854	در
855	گل
856	پا
857	در
858	هوا
859	پا
860	کوتاه
861	پابرجا
862	پابرهنه
863	پابست
864	پاپتی
865	پاچالدار
866	پاچه
867	گیر
868	پاچه
869	ورمالیده
870	پارچه
871	پارچه
872	پارسی
873	زبان
874	پاره
875	پاره
876	پاس
877	بخش
878	پاسبز
879	پاشنه
880	بلند
881	پاشنه
882	خواب
883	پاک
884	دامن
885	پاک
886	سرشت
887	پاک
888	و
889	پوست
890	کنده
891	پاکار
892	پاکباز
893	پاک‌دل
894	پاکوب
895	پاکیزه
896	پالان
897	ساییده
898	پامس
899	پانویس
900	پای
901	آور
902	پایزن
903	پخته
904	پدرام
905	پدرخوانده
906	پدیدار
907	پذرفت
908	پر
909	پراگنده
910	دل
911	پرباد
912	پرپشت
913	پرتاب
914	پرتاب
915	و
916	توان
917	پرچانه
918	پرچین
919	پرخواسته
920	پرداخت
921	پررو
922	پرشور
923	پرکار
924	پرماز
925	پرمایه
926	پرمنش
927	پرندآور
928	پرهنر
929	پری
930	بند
931	پری
932	چهر
933	پری
934	نژاد
935	پریسای
936	پریوش
937	پژاگن
938	پشت
939	ماهی
940	پشتوار
941	پشتوان
942	پلیدازار
943	پنبه
944	درگوش
945	پنجگانه
946	پنجه
947	طلایی
948	پندآگین
949	پوست
950	کلفت
951	پول
952	دار
953	پهلودار
954	پی
955	سپید
956	پی
957	فراخ
958	پی
959	گرد
960	پی
961	گم
962	پیچ
963	پیچ
964	پیچ
965	واپیچ
966	پیچاپیچ
967	پیروزه
968	فام
969	پیرهن
970	چاک
971	پیزی
972	گشاد
973	پیش
974	پیش
975	مرگ
976	پیشاهنگ
977	پیشداد
978	پیشرفت
979	پیشوا
980	پیشه
981	ور
982	پیشیار
983	پیل
984	سم
985	پیلبان
986	پیلتن
987	پیلگون
988	تابناک
989	تاجور
990	تار
991	و
992	تور
993	تاریک
994	دل
995	تازه
996	خط
997	ترت
998	و
999	مرت
1000	ترخون
1001	تردامن
1002	تردست
1003	تردماغ
1004	ترزبان
1005	ترسناک
1006	ترش
1007	رو
1008	ترگل
1009	ور
1010	گل
1011	ترونده
1012	تکاور
1013	تکه
1014	تکه
1015	تن
1016	آسان
1017	تناور
1018	تند
1019	و
1020	خند
1021	تندخو
1022	(
1023	ی
1024	)
1025	(
1026	(
1027	(
1028	.
1029	)
1030	تندرست
1031	تنگ
1032	چشم
1033	تنگاتنگ
1034	تنگبار
1035	تنگدست
1036	تنگدل
1037	تنگیاب
1038	تنومند
1039	ته
1040	نشست
1041	تهمتن
1042	تهیدست
1043	تی
1044	تیش
1045	مامانی
1046	تیره
1047	روز
1048	تیزپا
1049	تیزتاو
1050	تیزدست
1051	تیزدندان
1052	تیزمغز
1053	تیزهوش
1054	جان
1055	جانی
1056	جان
1057	سخت
1058	جاودان
1059	جاودانه
1060	جداگانه
1061	جرت
1062	و
1063	قوز
1064	جره
1065	جگر
1066	جنگل
1067	بان
1068	جوانمرد
1069	جوشیده
1070	مغز
1071	جهان
1072	پهلوان
1073	جهانبان
1074	جهاندیده
1075	چابک
1076	دست
1077	چابک
1078	سوار
1079	چادرچاقچوری
1080	چادرنشین
1081	چاکاچاک
1082	چرب
1083	ترازو
1084	چرب
1085	زبان
1086	چربدست
1087	چس
1088	نفس
1089	چسبناک
1090	چشم
1091	به
1092	راه
1093	چشم
1094	پیش
1095	چشم
1096	تنگ
1097	چشم
1098	دریده
1099	چشم
1100	زاغ
1101	چشم
1102	سپید
1103	چشم
1104	شور
1105	چشمه
1106	چشمه
1107	چل
1108	تاج
1109	چل
1110	تکه
1111	چل
1112	کلید
1113	چلمن
1114	چماق
1115	لو
1116	چوبک
1117	زن
1118	چهارشانه
1119	چهل
1120	ستون
1121	چیره
1122	دست
1123	حروف
1124	حساب
1125	حق
1126	به
1127	جانب
1128	خاکرو
1129	خاکسار
1130	خاکسترنشین
1131	خاله
1132	زنک
1133	خام
1134	طبع
1135	خام
1136	طمع
1137	خامدست
1138	خانه
1139	به
1140	دوش
1141	خانه
1142	دار
1143	خانه
1144	شاگرد
1145	خدابیامرز
1146	خرپول
1147	خردسال
1148	خشک
1149	خشک
1150	سر
1151	خشمگین
1152	خنده
1153	خریش
1154	خنده
1155	رو
1156	خنگ
1157	و
1158	لوک
1159	خنگسار
1160	خواجه
1161	سرا
1162	خواست
1163	خواهشمند
1164	خوب
1165	رو
1166	(
1167	ی
1168	)
1169	خودرای
1170	خودسر
1171	خودکار
1172	خودکام
1173	خوش
1174	آمد
1175	خوش
1176	خوراک
1177	خوش
1178	خیم
1179	خوش
1180	مزه
1181	خوشاب
1182	خوشبخت
1183	خوشگل
1184	خوشنوا
1185	خوک
1186	دانی
1187	خون
1188	گرم
1189	خوندگار
1190	خونسرد
1191	خونین
1192	جگر
1193	داد
1194	دادگاهی
1195	دادور
1196	داشت
1197	داغسر
1198	دامن
1199	دامنه
1200	دار
1201	دامیار
1202	دانشمند
1203	دانشور
1204	دانشومند
1205	در
1206	در
1207	به
1208	در
1209	درخواست
1210	درخورد
1211	دردمند
1212	دردناک
1213	درشت
1214	خو
1215	درگذشت
1216	دروا
1217	دریافت
1218	دزدافشار
1219	دژآباد
1220	دژآگاه
1221	دژآهنگ
1222	دژبرو
1223	دژخیم
1224	دژکام
1225	دژم
1226	دژمان
1227	دژنام
1228	دست
1229	پاچه
1230	دست
1231	تنگ
1232	دست
1233	چین
1234	دست
1235	خوش
1236	دست
1237	کج
1238	دست
1239	نویس
1240	دستبرد
1241	دشت
1242	بان
1243	دق
1244	دلی
1245	دق
1246	و
1247	لق
1248	دل
1249	افگار
1250	دل
1251	پر
1252	دل
1253	خسته
1254	دل
1255	مرده
1256	دلارام
1257	دلباز
1258	دلبند
1259	دل‌پاک
1260	دلخور
1261	دلریش
1262	دلسرد
1263	دلگرم
1264	دلواپس
1265	دله
1266	دزد
1267	دم
1268	بخت
1269	دم
1270	کل
1271	دم
1272	کلفت
1273	دو
1274	به
1275	هم
1276	زن
1277	دو
1278	پهلو
1279	دو
1280	تا
1281	دو
1282	دل
1283	دوال
1284	دوبرجی
1285	دوتخمه
1286	دوتهی
1287	دوخت
1288	دودگون
1289	دودوزه
1290	بازی
1291	کردن
1292	دورگه
1293	دوستدار
1294	دوستکام
1295	دوسره
1296	دید
1297	دیرکرد
1298	دیرگاه
1299	دیگرگون
1300	دیوانگی
1301	دیوانه
1302	دیوجان
1303	دیودل
1304	دیوسار
1305	دیوکلوچ
1306	رادمنش
1307	رازبان
1308	راست
1309	خانه
1310	راست
1311	راستکی
1312	رامیار
1313	راه
1314	نرفته
1315	راهگان
1316	راهنمون
1317	راهوار
1318	رایگان
1319	رزبان
1320	رستار
1321	رسید
1322	رشکور
1323	رفت
1324	وآمد
1325	رفت
1326	وروب
1327	رنجور
1328	رنگ
1329	آور
1330	رنگ
1331	به
1332	رنگ
1333	رنگ
1334	رنگ
1335	رنگ
1336	وارنگ
1337	رو
1338	به
1339	راه
1340	روباز
1341	روخ
1342	چکاد
1343	روده
1344	روزافزون
1345	روزانه
1346	روزبان
1347	روزبه
1348	روزپیکر
1349	روزگار
1350	رفته
1351	روسفید
1352	روسیاه
1353	روشندل
1354	رومی
1355	خو
1356	رویین
1357	تن
1358	رهوار
1359	ریخت
1360	و
1361	پاش
1362	ریش
1363	ریش
1364	ریش
1365	سفید
1366	ریشمال
1367	ریشو
1368	زادخرد
1369	زار
1370	و
1371	نزار
1372	زاغ
1373	دل
1374	زاغ
1375	رنگ
1376	زاغ
1377	زبان
1378	زاغ
1379	سار
1380	زاغه
1381	نشین
1382	زبان
1383	آور
1384	زبان
1385	دراز
1386	زخم
1387	و
1388	زیلی
1389	زرخیز
1390	زردفام
1391	زردگوش
1392	زرفین
1393	وار
1394	زرگون
1395	زریون
1396	زن
1397	به
1398	مزد
1399	زنباره
1400	زنجیربان
1401	زندانبان
1402	زندواف
1403	زنده
1404	زوار
1405	دررفته
1406	زودباور
1407	زودرنج
1408	زهرآگین
1409	زیر
1410	و
1411	بالا
1412	زیردست
1413	زیرک
1414	سار
1415	زیست
1416	سابیدن
1417	ساخت
1418	ساخته
1419	رنگ
1420	ساخته
1421	کاچار
1422	ساده
1423	تن
1424	ساده
1425	جگر
1426	ساده
1427	دل
1428	ساده
1429	رخ
1430	ساده
1431	رنگ
1432	ساده
1433	رو
1434	ساده
1435	زنخساده
1436	کار
1437	ساده
1438	نمک
1439	سازمند
1440	سازور
1441	سالار
1442	سالخداه
1443	سالخرد
1444	سالمند
1445	سایه
1446	خشک
1447	سبزپا
1448	سبزفام
1449	سبک
1450	دست
1451	سبک
1452	سایه
1453	سبک
1454	سنگ
1455	سبک
1456	سنگین
1457	کردن
1458	سبک
1459	مغز
1460	سبکبار
1461	سبکبال
1462	سبکپا
1463	سبکسر
1464	سبیلو
1465	سپندآسا
1466	سپیدبخت
1467	سپیدپا
1468	سپیددست
1469	سپیده
1470	ستبر
1471	روی
1472	ستوان
1473	ستوربان
1474	سخت
1475	پا
1476	سخت
1477	پیشانی
1478	سخت
1479	جان
1480	سخت
1481	رو
1482	سخت
1483	کمان
1484	سخت
1485	لگام
1486	سخنور
1487	سر
1488	سر
1489	به
1490	سر
1491	به
1492	نیست
1493	سر
1494	و
1495	مر
1496	سرآزاد
1497	سرآمد
1498	سرازیر
1499	سراسیمه
1500	سراشیب
1501	سرانداز
1502	سراندرون
1503	سرباز
1504	سربتو
1505	سربلند
1506	سربه
1507	مهر
1508	سرپر
1509	سرپرست
1510	سرتیز
1511	سرحال
1512	سرخانه
1513	سرخر
1514	سرخوش
1515	سرخیل
1516	سرداور
1517	سردرگم
1518	سردماغ
1519	سرراست
1520	سرزنده
1521	سرسبز
1522	سرسخت
1523	سرسنگین
1524	سرشار
1525	سرشناس
1526	سرگران
1527	سرگردان
1528	سرگرم
1529	سرمست
1530	سرنگون
1531	سروا
1532	سرور
1533	سره
1534	مرد
1535	سرهال
1536	سزاوار
1537	سست
1538	رگ
1539	سست
1540	ریش
1541	سست
1542	زخم
1543	سفیدبخت
1544	سفیدکاسه
1545	سگدل
1546	سگرو
1547	سگسار
1548	سلنج
1549	سمنبر
1550	سنگدل
1551	سوت
1552	و
1553	کور
1554	سوداگر
1555	سوزنبان
1556	سوک
1557	ریش
1558	سوگوار
1559	سه
1560	پایه
1561	سهمناک
1562	سیاه
1563	بند
1564	سیاه
1565	پستان
1566	سیاه
1567	چرده
1568	سیاه
1569	دست
1570	سیاه
1571	دل
1572	سیاه
1573	رو
1574	سیاه
1575	سر
1576	سیاه
1577	سوخته
1578	سیاه
1579	گلیم
1580	سیاه
1581	مست
1582	سیاهکاسه
1583	سیخ
1584	پر
1585	سیراب
1586	سیم
1587	تن
1588	سیماب
1589	پا
1590	سیماب
1591	دل
1592	سیمابگون
1593	سیماب‌گون
1594	سیمبر
1595	سیمگون
1596	سیمه
1597	سار
1598	سینه
1599	باز
1600	سینه
1601	چاکاستادانتانله
1602	شده
1603	ترینمنالانترینیشاعرانخستگانآزادگانتابلوهایش
1604	شیشه‌ها
1605	کاسه‌ها
1606	روپوش‌ها
1607	مادرهایمان
1608	مادرانآزادگانیم
1609	پدرانمان
1610	معلّم
1611	هایشان
1612	زنانیم
1613	زندگان
1614	گذشتگان
1615	فرشتگان
1616	خفتگان
1617	خستگانیم
1618	گرسنگان
1619	تشنگانند
1620	پرندگانیم
1621	برگشت
1622	برنگشتم
1623	برمی
1624	گشتم
1625	برنمی
1626	گشتم
1627	برگشتی
1628	برنگشتی
1629	برمی
1630	گشتیبرنمی
1631	گشتی
1632	برگشت
1633	برنگشتبرمی
1634	گشت
1635	برنمی
1636	گشت
1637	برگشتیم
1638	برنگشتیم
1639	برمی
1640	گشتیم
1641	برنمی
1642	گَشتیم
1643	برگشتید
1644	برنگشتیدبرمی
1645	گشتید
1646	برنمی
1647	گشتید
1648	برگشتند
1649	برمی
1650	گشتَند
1651	برنمی
1652	گشتَندمیوجاتروزنامجاتدستجاتکارخانجاتمشمولانزائرانمنتخبانبرگزیدگانمدعوانمهمانانماهانروحانیانمسؤولانآموزگارانکارگردانگریزانبهارانپریشانترینمکشاورزانناامیدترینهایشانیمرفته
1653	باشیدرفته‌اندخواهید
1654	رفتدارید
1655	می‌رویدخواهند
1656	دیدبرویرودبرونددارم
1657	می‌رومدارند
1658	می‌روندبستهبستگانبیاموزمیمی
1659	‌بدانیدمی
1660	‌اندیشپیچدهمیبرفتمانیبگرفتندشاننماندبراندیمی
1661	‌بسوختگردانیدن
1662	برآمده
1663	باشدبرفتمشانوادارکردمتانببخشیدشانسخت
1664	کوششترینهایشانمبرافراشتیشانمیخوردمتنگاه
1665	کردمشکثیفترینهایشانیمنیاموخته
1666	هایتموهایشانآفتابگردانواژه
1667	هافارسیبزگترهایشانخوبترممدرساننخبگانآرزومندبینابینخودکاریخوشحالتریمکارگرداناناردگککتابخانهآبخانوارپیوستگیافسرده
1668	ایرفته
1669	امعمویشآباده
1670	ایخزانه
1671	ایچگونهرزمایشدانایانسخنگویانجوی
1672	هاجای
1673	هاپندیاتدستجاتمشناکمموزگکآذربایجانقستنطنیهفلاسفهحسناتچینیشکارچیاننرمانسدادیلرزشیفراکردیلبالبچهلچراغگلبارانخرگوشانردهدیدمشانخواندمشانکجاتآوردمشانآمدوشدپیروجوانجانامهمانخانهناامیدترین
1674	هایشانبازاری
1675	پسندحرص
1676	خوردنآتیش
1677	پارهعقب
1678	افتادگیکلاهدردسرهامعلممعلمیمدرسخوانترینمردهنبودنشچهارمین
1679	هاپاک
1680	کنچوب
1681	بری
1682	هابنبست
1683	نشستنبیاساییمابرکوه
1684	هاشبهسنگفضانوردانهچشمکدرشکهغیرارادیکلیدواژهوببهینهادغامگردهماییسیهجستشعرسراییناخنک
1685	زدننقشهمیانجیگرینمایهرتبهتصویربردارینشانهابراهیمیخطیوبلاگقانونرهاسازهادفترچهبرنامهپردندانه
