0	بزرگترین
1	کاری
2	که
3	در
4	راستای
5	کشورگشایی
6	می‌توان
7	انجام
8	داد
9	فرار
10	از
11	این
12	کشور
13	خراب‌
14	شده
15	است
16	.

0	مال
1	از
2	بهر
3	آسایش
4	عمر
5	است
6	،
7	نه
8	عمر
9	از
10	بهر
11	گِرد
12	کردن
13	مال
14	.

0	عاقلی
1	را
2	پرسیدند
3	:
4	نیکبخت
5	کیست
6	و
7	بدبختی
8	چیست
9	؟

0	گفت
1	:
2	نیکبخت
3	آن
4	که
5	خورد
6	و
7	کِشت
8	و
9	بدبخت
10	آنکه
11	مُرد
12	و
13	هِشت
14	.

0	اوباشی
1	را
2	در
3	خیابان
4	دیدم
5	که
6	اعمال
7	نا
8	شایستی
9	انجام
10	می‌دادند
11	.

0	مطالب
1	زیبایی
2	در
3	باب
4	مساجد
5	خوانده‌
6	بودم
7	که
8	مورد
9	پسندم
10	واقع
11	نشده‌بود
12	.

0	تجارب
1	خوبی
2	در
3	زمینه‌
4	ی
5	تجربه‌های
6	شخصی
7	دارم
8	!

0	مهمترین
1	دلیل
2	در
3	بی
4	کاریهای
5	اکثر
6	دانشجویان
7	کشور
8	انتخاب
9	رشته
10	اشتباه
11	است
12	!

0	بهترین
1	کتابی
2	که
3	خوانده‌ام
4	کتاب
5	۳۰۰
6	سال
7	تنهایی
8	بود
9	!

0	در
1	۱۳
2	آبان
3	سال
4	۱۳۹۷
5	یکی
6	از
7	مهمترین
8	اتفاقات
9	زندگی
10	جامعه
11	بشری
12	رخ‌نداد
13	.

0	ظاهراً
1	بهترین
2	کاری
3	که
4	میشود
5	انجام
6	داد
7	مشاهده
8	کار
9	بقیه
10	است
11	.

0	بزرگترین
1	عامل
2	پیروزی
3	۲
4	بر
5	صفر
6	مقابل
7	تیم
8	ضعیف
9	استقلال
10	،
11	ضعیف
12	بودن
13	این
14	تیم
15	بود
16	.

0	اژدها
1	که
2	از
3	در
4	واردشد
5	همگی
6	ترسیدند
7	!

0	دانشجویان
1	دکترای
2	حاضر
3	در
4	کلاس
5	مسئول
6	هدایت
7	فرآیند
8	،
9	کنترل‌ها
10	،
11	تهیه
12	استانداردهای
13	مسابقه
14	و
15	برچسب
16	زنی
17	داده‌ها
18	،
19	تکمیل
20	داده
21	تست
22	و
23	تهیه
24	گزارش
25	(
26	مقاله
27	)
28	مروری
29	از
30	کل
31	مطالعه
32	و
33	بررسی
34	انجام
35	شده
36	هستند
37	لذا
38	باید
39	به
40	کل
41	ابزارها
42	اشراف
43	نسبی
44	داشته
45	باشند
46	.

0	شرح
1	وظایف
2	این
3	دسته
4	جداگانه
5	در
6	جلسه
7	حضوری
8	تشریح
9	خواهد
10	شد
11	.

0	دیگری
1	جمع
2	«
3	مکسر
4	»
5	است
6	که
7	قاعدۀ
8	معینی
9	ندارد
10	،
11	یعنی
12	«
13	قیاسی
14	»
15	نیست
16	،
17	«
18	سماعی
19	»
20	است
21	و
22	در
23	مورد
24	هر
25	اسم
26	مفردی
27	باید
28	دید
29	یا
30	در
31	واقع
32	شنید
33	که
34	اهل
35	زبان
36	مفرد
37	آن
38	را
39	به
40	چه
41	صورت
42	می‌شکند
43	و
44	چه‌گونه
45	به
46	صورت
47	جمع
48	مکسر
49	یا
50	شکسته
51	درمی‌آورد
52	.
