0	کوانتومی  	-  	-	-	-
1	«  	-  	-	-	-
2	.  	-  	-	-	-
3	،  	-  	-	-	-
4	جفت  	-  	-	-	-
5	شدن  	-  	-	-	-
6	خواص  	-  	-	-	-
7	مکانیکی  	-  	-	-	-
8	دو  	-  	-	-	-
9	ذره  	-  	-	-	-
10	است  	-  	-	-	-
11	.  	-  	-	-	-
12	برای  	-  	-	-	-
13	ذراتی  	-  	-	-	-
14	همچون  	-  	-	-	-
15	.  	-  	-	-	-
16	این  	-  	-	-	-
17	اندرکنش  	-  	-	-	-
18	فیزیکی  	-  	-	-	-
19	مربوط  	-  	-	-	-
20	به  	-  	-	-	-
21	خواصی  	-  	-	-	-
22	نظیر  	-  	-	-	-
23	مکان  	-  	-	-	-
24	،  	-  	-	-	-
25	اسپین  	-  	-	-	-
26	و  	-  	-	-	-
27	قطبش  	-  	-	-	-
28	و  	-  	-	-	-
29	.  	-  	-	-	-
30	.  	-  	-	-	-
31	هریک  	-  	-	-	-
32	از  	-  	-	-	-
33	ذرات  	-  	-	-	-
34	جفت  	-  	-	-	-
35	شده  	-  	-	-	-
36	به  	-  	-	-	-
37	خوبی  	-  	-	-	-
38	توسط  	-  	-	-	-
39	حالت  	-  	-	-	-
40	کوانتومی  	-  	-	-	-
41	مشابه  	-  	-	-	-
42	توصیف  	-  	-	-	-
0	که  	-  	-	-	-
1	منجر  	-  	-	-	-
2	به  	-  	-	-	-
3	شی  	-  	-	-	-
4	گرا  	-  	-	-	-
5	شد  	-  	-	-	-
6	اندیشیدن  	-  	-	-	-
7	،  	-  	-	-	-
8	شی  	-  	-	-	-
9	گراست  	-  	-	-	-
10	؛  	-  	-	-	-
11	و  	-  	-	-	-
12	دقیقاً  	-  	-	-	-
13	به  	-  	-	-	-
14	همان  	-  	-	-	-
15	شکل  	-  	-	-	-
16	که  	-  	-	-	-
17	اشیا  	-  	-	-	-
18	در  	-  	-	-	-
19	جهان  	-  	-	-	-
20	خارج  	-  	-	-	-
21	،  	-  	-	-	-
22	در  	-  	-	-	-
23	نیز  	-  	-	-	-
24	این  	-  	-	-	-
25	اصول  	-  	-	-	-
26	کلی  	-  	-	-	-
27	برقرار  	-  	-	-	-
28	،  	-  	-	-	-
29	بتواند  	-  	-	-	-
30	با  	-  	-	-	-
31	از  	-  	-	-	-
32	زبانی  	-  	-	-	-
33	که  	-  	-	-	-
34	به  	-  	-	-	-
35	روش  	-  	-	-	-
36	اندیشیدنش  	-  	-	-	-
37	،  	-  	-	-	-
38	مختلفی  	-  	-	-	-
39	را  	-  	-	-	-
40	تعریف  	-  	-	-	-
41	نموده  	-  	-	-	-
42	.  	-  	-	-	-
43	امروزه  	-  	-	-	-
44	اکثر  	-  	-	-	-
45	دستوری  	-  	-	-	-
46	از  	-  	-	-	-
47	فنون  	-  	-	-	-
48	پشتیبانی  	-  	-	-	-
49	،  	-  	-	-	-
50	سی  	-  	-	-	-
51	+  	-  	-	-	-
52	،  	-  	-	-	-
53	دلفی  	-  	-	-	-
54	ازجمله  	-  	-	-	-
55	هستند  	-  	-	-	-
56	.  	-  	-	-	-
57	سی  	-  	-	-	-
58	از  	-  	-	-	-
59	این  	-  	-	-	-
60	جمله  	-  	-	-	-
61	هستند  	-  	-	-	-
62	،  	-  	-	-	-
63	که  	-  	-	-	-
64	اصطلاحاً  	-  	-	-	-
65	Properties  	-  	-	-	-
66	و  	-  	-	-	-
67	Operation  	-  	-	-	-
68	،  	-  	-	-	-
69	دید  	-  	-	-	-
70	به  	-  	-	-	-
71	سیستم  	-  	-	-	-
72	دید  	-  	-	-	-
73	شخصی  	-  	-	-	-
74	است  	-  	-	-	-
75	که  	-  	-	-	-
76	سعی  	-  	-	-	-
77	با  	-  	-	-	-
78	پیدا  	-  	-	-	-
79	کردن  	-  	-	-	-
80	اشیاء  	-  	-	-	-
81	مختلف  	-  	-	-	-
82	در  	-  	-	-	-
83	سیستم  	-  	-	-	-
84	و  	-  	-	-	-
85	برقراری  	-  	-	-	-
86	ارتباط  	-  	-	-	-
87	بین  	-  	-	-	-
88	سیستم  	-  	-	-	-
89	را  	-  	-	-	-
90	تولید  	-  	-	-	-
91	نماید  	-  	-	-	-
0	ردیت  	-  	-	-	-
1	یک  	-  	-	-	-
2	برای  	-  	-	-	-
3	اخبار  	-  	-	-	-
4	اجتماعی  	-  	-	-	-
5	که  	-  	-	-	-
6	در  	-  	-	-	-
7	ان  	-  	-	-	-
8	کاربران  	-  	-	-	-
9	قادرند  	-  	-	-	-
10	اخبار  	-  	-	-	-
11	را  	-  	-	-	-
12	در  	-  	-	-	-
13	قالب  	-  	-	-	-
14	لینک  	-  	-	-	-
15	یا  	-  	-	-	-
16	متن  	-  	-	-	-
17	ارسال  	-  	-	-	-
18	کنند  	-  	-	-	-
19	وان  	-  	-	-	-
20	را  	-  	-	-	-
21	با  	-  	-	-	-
22	دیگران  	-  	-	-	-
23	به  	-  	-	-	-
24	اشتراک  	-  	-	-	-
25	بگذارند  	-  	-	-	-
26	.  	-  	-	-	-
27	درواقع  	-  	-	-	-
28	کاربران  	-  	-	-	-
29	هستند  	-  	-	-	-
30	که  	-  	-	-	-
31	در  	-  	-	-	-
32	ردیت  	-  	-	-	-
33	اهمیت  	-  	-	-	-
34	خبر  	-  	-	-	-
35	را  	-  	-	-	-
36	تعیین  	-  	-	-	-
37	.  	-  	-	-	-
38	ردیت  	-  	-	-	-
39	در  	-  	-	-	-
40	سانفرانسیسکو  	-  	-	-	-
41	.  	-  	-	-	-
0	درخشش  	-  	-	-	-
1	یا  	-  	-	-	-
2	تلألو  	-  	-	-	-
3	(  	-  	-	-	-
4	:  	-  	-	-	-
5	The  	-  	-	-	-
6	Shining  	-  	-	-	-
7	.  	-  	-	-	-
8	این  	-  	-	-	-
9	کار  	-  	-	-	-
10	را  	-  	-	-	-
11	کوبریک  	-  	-	-	-
12	جانسون  	-  	-	-	-
13	.  	-  	-	-	-
14	در  	-  	-	-	-
15	این  	-  	-	-	-
16	فیلم  	-  	-	-	-
17	هنرپیشگانی  	-  	-	-	-
18	همچون  	-  	-	-	-
19	جک  	-  	-	-	-
20	نیکلسون  	-  	-	-	-
21	.  	-  	-	-	-
0	درخشش  	-  	-	-	-
1	تنها  	-  	-	-	-
2	فیلم  	-  	-	-	-
3	کوبریک  	-  	-	-	-
4	در  	-  	-	-	-
5	ژانر  	-  	-	-	-
6	وحشت  	-  	-	-	-
7	محسوب  	-  	-	-	-
8	.  	-  	-	-	-
0	جک  	-  	-	-	-
1	نیکلسون  	-  	-	-	-
2	در  	-  	-	-	-
3	سکانس  	-  	-	-	-
4	فیلم  	-  	-	-	-
0	مکرر  	-  	-	-	-
1	کوبریک  	-  	-	-	-
2	درحین  	-  	-	-	-
3	این  	-  	-	-	-
4	فیلم  	-  	-	-	-
5	یکی  	-  	-	-	-
6	از  	-  	-	-	-
7	صنعت  	-  	-	-	-
8	فیلمسازی  	-  	-	-	-
9	.  	-  	-	-	-
10	عصبیت  	-  	-	-	-
11	شلی  	-  	-	-	-
12	دووال  	-  	-	-	-
13	در  	-  	-	-	-
14	فیلم  	-  	-	-	-
15	به  	-  	-	-	-
16	خوبی  	-  	-	-	-
17	مشهود  	-  	-	-	-
18	است  	-  	-	-	-
19	اسکتمن  	-  	-	-	-
20	کراترز  	-  	-	-	-
21	به  	-  	-	-	-
22	نقش  	-  	-	-	-
23	اشپز  	-  	-	-	-
24	هتل  	-  	-	-	-
25	مجبور  	-  	-	-	-
26	شد  	-  	-	-	-
27	۴۰  	-  	-	-	-
28	بار  	-  	-	-	-
29	صحنه  	-  	-	-	-
30	درگیری  	-  	-	-	-
31	با  	-  	-	-	-
32	تبر  	-  	-	-	-
33	را  	-  	-	-	-
34	بازی  	-  	-	-	-
35	کند  	-  	-	-	-
36	و  	-  	-	-	-
37	نهایتاً  	-  	-	-	-
38	دچار  	-  	-	-	-
39	فروپاشی  	-  	-	-	-
40	عصبی  	-  	-	-	-
41	شده  	-  	-	-	-
42	وبا  	-  	-	-	-
43	گریه  	-  	-	-	-
44	به  	-  	-	-	-
45	کوبریک  	-  	-	-	-
46	گفت  	-  	-	-	-
47	اقای  	-  	-	-	-
48	کوبریک  	-  	-	-	-
49	اخه  	-  	-	-	-
50	چی  	-  	-	-	-
51	از  	-  	-	-	-
52	جونم  	-  	-	-	-
53	میخواین  	-  	-	-	-
54	»  	-  	-	-	-
55	اما  	-  	-	-	-
56	کوبریک  	-  	-	-	-
57	سکانس  	-  	-	-	-
58	خروج  	-  	-	-	-
59	و  	-  	-	-	-
60	فوران  	-  	-	-	-
61	خون  	-  	-	-	-
62	از  	-  	-	-	-
63	درون  	-  	-	-	-
64	اسانسور  	-  	-	-	-
65	هتل  	-  	-	-	-
66	اورلووک  	-  	-	-	-
67	را  	-  	-	-	-
68	تنها  	-  	-	-	-
69	سه  	-  	-	-	-
70	مرتبه  	-  	-	-	-
71	تکرار  	-  	-	-	-
72	کردو  	-  	-	-	-
73	علت  	-  	-	-	-
74	به  	-  	-	-	-
75	سختی  	-  	-	-	-
76	تکرار  	-  	-	-	-
77	این  	-  	-	-	-
78	صحنه  	-  	-	-	-
79	که  	-  	-	-	-
80	هر  	-  	-	-	-
81	بار  	-  	-	-	-
82	اماده  	-  	-	-	-
83	کردن  	-  	-	-	-
84	ان  	-  	-	-	-
85	۹  	-  	-	-	-
86	ساعت  	-  	-	-	-
87	طول  	-  	-	-	-
88	:  	-  	-	-	-
89	«  	-  	-	-	-
90	.  	-  	-	-	-
91	،  	-  	-	-	-
92	خون  	-  	-	-	-
93	نبوده  	-  	-	-	-
94	بلکه  	-  	-	-	-
95	«  	-  	-	-	-
96	»  	-  	-	-	-
97	است  	-  	-	-	-
98	.  	-  	-	-	-
99	در  	-  	-	-	-
100	۷  	-  	-	-	-
101	سالگی  	-  	-	-	-
102	این  	-  	-	-	-
103	نقش  	-  	-	-	-
104	را  	-  	-	-	-
105	بازی  	-  	-	-	-
106	.  	-  	-	-	-
107	حتی  	-  	-	-	-
108	بار  	-  	-	-	-
109	نخستی  	-  	-	-	-
110	که  	-  	-	-	-
111	دنی  	-  	-	-	-
112	لوید  	-  	-	-	-
113	این  	-  	-	-	-
114	فیلم  	-  	-	-	-
115	را  	-  	-	-	-
116	واقعاً  	-  	-	-	-
117	تماشا  	-  	-	-	-
118	کرد  	-  	-	-	-
119	با  	-  	-	-	-
120	خود  	-  	-	-	-
121	استنلی  	-  	-	-	-
122	کوبریک  	-  	-	-	-
123	بود  	-  	-	-	-
0	زلاتان  	-  	-	-	-
1	برای  	-  	-	-	-
2	در  	-  	-	-	-
3	سال  	-  	-	-	-
4	۱۹۹۶  	-  	-	-	-
5	با  	-  	-	-	-
6	مالمو  	-  	-	-	-
7	قرارداد  	-  	-	-	-
8	بست  	-  	-	-	-
9	و  	-  	-	-	-
10	در  	-  	-	-	-
11	سال  	-  	-	-	-
12	۱۹۹۹  	-  	-	-	-
13	در  	-  	-	-	-
14	ترکیب  	-  	-	-	-
15	تیم  	-  	-	-	-
16	اول  	-  	-	-	-
17	این  	-  	-	-	-
18	تیم  	-  	-	-	-
19	در  	-  	-	-	-
20	لیگ  	-  	-	-	-
21	اول  	-  	-	-	-
22	سوید  	-  	-	-	-
23	قرار  	-  	-	-	-
24	گرفت  	-  	-	-	-
25	که  	-  	-	-	-
26	در  	-  	-	-	-
27	این  	-  	-	-	-
28	سال  	-  	-	-	-
29	این  	-  	-	-	-
30	تیم  	-  	-	-	-
31	با  	-  	-	-	-
32	رتبه  	-  	-	-	-
33	سیزدهم  	-  	-	-	-
34	به  	-  	-	-	-
35	لیگ  	-  	-	-	-
36	دوم  	-  	-	-	-
37	سقوط  	-  	-	-	-
38	کرد  	-  	-	-	-
39	ولی  	-  	-	-	-
40	فصل  	-  	-	-	-
41	بعد  	-  	-	-	-
42	به  	-  	-	-	-
43	لیگ  	-  	-	-	-
44	اول  	-  	-	-	-
45	بازگشت  	-  	-	-	-
46	.  	-  	-	-	-
47	در  	-  	-	-	-
48	۲۲  	-  	-	-	-
49	مارس  	-  	-	-	-
50	۲۰۰۱  	-  	-	-	-
51	ابراهیموویچ  	-  	-	-	-
52	با  	-  	-	-	-
53	قراردادی  	-  	-	-	-
54	معادل  	-  	-	-	-
55	۸۰  	-  	-	-	-
56	میلیون  	-  	-	-	-
57	کرون  	-  	-	-	-
58	سوید  	-  	-	-	-
59	به  	-  	-	-	-
60	اژاکس  	-  	-	-	-
61	پیوست  	-  	-	-	-
0	«  	-  	-	-	-
1	.  	-  	-	-	-
2	فقط  	-  	-	-	-
3	یک  	-  	-	-	-
4	چیز  	-  	-	-	-
5	مهم  	-  	-	-	-
6	است  	-  	-	-	-
7	.  	-  	-	-	-
8	بدانم  	-  	-	-	-
9	که  	-  	-	-	-
10	ایا  	-  	-	-	-
11	من  	-  	-	-	-
12	هم  	-  	-	-	-
13	مانند  	-  	-	-	-
14	مردم  	-  	-	-	-
15	شپش  	-  	-	-	-
16	هستم  	-  	-	-	-
17	یا  	-  	-	-	-
18	انسانم  	-  	-	-	-
19	،  	-  	-	-	-
20	یا  	-  	-	-	-
21	،  	-  	-	-	-
22	بردارم  	-  	-	-	-
23	یا  	-  	-	-	-
24	نه  	-  	-	-	-
25	؟  	-  	-	-	-
0	«  	-  	-	-	-
1	،  	-  	-	-	-
2	مردمانی  	-  	-	-	-
3	بودند  	-  	-	-	-
4	خونریز  	-  	-	-	-
5	،  	-  	-	-	-
6	و  	-  	-	-	-
7	نه  	-  	-	-	-
8	اشخاص  	-  	-	-	-
9	بزرگ  	-  	-	-	-
10	،  	-  	-	-	-
11	یعنی  	-  	-	-	-
12	حتی  	-  	-	-	-
13	که  	-  	-	-	-
14	اندکی  	-  	-	-	-
15	توانایی  	-  	-	-	-
16	گفتن  	-  	-	-	-
17	سخن  	-  	-	-	-
18	نو  	-  	-	-	-
19	را  	-  	-	-	-
20	دارند  	-  	-	-	-
21	،  	-  	-	-	-
22	بنابر  	-  	-	-	-
23	طبیعت  	-  	-	-	-
24	خود  	-  	-	-	-
25	.  	-  	-	-	-
26	اگر  	-  	-	-	-
27	جز  	-  	-	-	-
28	این  	-  	-	-	-
29	باشد  	-  	-	-	-
30	مشکل  	-  	-	-	-
31	است  	-  	-	-	-
32	از  	-  	-	-	-
33	چهار  	-  	-	-	-
34	دیوار  	-  	-	-	-
35	خود  	-  	-	-	-
36	به  	-  	-	-	-
37	درایند  	-  	-	-	-
38	،  	-  	-	-	-
39	راضی  	-  	-	-	-
40	باشند  	-  	-	-	-
41	»  	-  	-	-	-
0	«  	-  	-	-	-
1	؛  	-  	-	-	-
2	همیشه  	-  	-	-	-
3	زمین  	-  	-	-	-
4	جاری  	-  	-	-	-
5	از  	-  	-	-	-
6	خون  	-  	-	-	-
7	بوده  	-  	-	-	-
8	.  	-  	-	-	-
9	من  	-  	-	-	-
10	فقط  	-  	-	-	-
11	به  	-  	-	-	-
12	مردم  	-  	-	-	-
13	خوبی  	-  	-	-	-
14	کنم  	-  	-	-	-
15	،  	-  	-	-	-
16	کجاش  	-  	-	-	-
17	جنایته  	-  	-	-	-
18	»  	-  	-	-	-
0	«  	-  	-	-	-
1	.  	-  	-	-	-
2	همه  	-  	-	-	-
3	چیزم  	-  	-	-	-
4	را  	-  	-	-	-
5	.  	-  	-	-	-
6	دیدم  	-  	-	-	-
7	یک  	-  	-	-	-
8	گولدن  	-  	-	-	-
9	ته  	-  	-	-	-
10	جیب  	-  	-	-	-
11	مانده  	-  	-	-	-
12	:  	-  	-	-	-
13	«  	-  	-	-	-
14	!  	-  	-	-	-
15	.  	-  	-	-	-
16	برگشتم  	-  	-	-	-
17	و  	-  	-	-	-
18	یک  	-  	-	-	-
19	گولدن  	-  	-	-	-
20	را  	-  	-	-	-
21	روی  	-  	-	-	-
22	مانک  	-  	-	-	-
23	گذاشتم  	-  	-	-	-
24	(  	-  	-	-	-
25	.  	-  	-	-	-
26	روی  	-  	-	-	-
27	مانک  	-  	-	-	-
28	.  	-  	-	-	-
29	اما  	-  	-	-	-
30	خطر  	-  	-	-	-
31	کردم  	-  	-	-	-
32	و  	-  	-	-	-
33	بردم  	-  	-	-	-
34	و  	-  	-	-	-
35	بیست  	-  	-	-	-
36	دقیقه  	-  	-	-	-
37	بعد  	-  	-	-	-
38	با  	-  	-	-	-
39	صد  	-  	-	-	-
40	و  	-  	-	-	-
41	هفتاد  	-  	-	-	-
42	گولدن  	-  	-	-	-
43	در  	-  	-	-	-
44	جیب  	-  	-	-	-
45	از  	-  	-	-	-
46	کازینو  	-  	-	-	-
47	بیرون  	-  	-	-	-
48	امدم  	-  	-	-	-
49	.  	-  	-	-	-
50	گاهی  	-  	-	-	-
51	اخرین  	-  	-	-	-
52	گولدن  	-  	-	-	-
53	چه  	-  	-	-	-
54	کارها  	-  	-	-	-
55	؟  	-  	-	-	-
56	…  	-  	-	-	-
57	فردا  	-  	-	-	-
58	،  	-  	-	-	-
59	»  	-  	-	-	-
