0	استهزاء  	-  	-	-	-
1	و  	-  	-	-	-
2	مسخره  	-  	-	-	-
3	کردن  	-  	-	-	-
4	دیگران  	-  	-	-	-
5	موجب  	-  	-	-	-
6	ایجاد  	-  	-	-	-
7	کدورت  	-  	-	-	-
8	بین  	-  	-	-	-
9	افراد  	-  	-	-	-
10	.  	-  	-	-	-
11	کاپتان  	-  	-	-	-
12	دستور  	-  	-	-	-
13	کردن  	-  	-	-	-
14	را  	-  	-	-	-
15	صادر  	-  	-	-	-
16	کرد  	-  	-	-	-
17	.  	-  	-	-	-
18	توران  	-  	-	-	-
19	و  	-  	-	-	-
20	ایران  	-  	-	-	-
21	دراز  	-  	-	-	-
22	با  	-  	-	-	-
23	یکدیگر  	-  	-	-	-
24	به  	-  	-	-	-
25	جنگ  	-  	-	-	-
26	.  	-  	-	-	-
27	خنبانیدن  	-  	-	-	-
28	تقلید  	-  	-	-	-
29	کردن  	-  	-	-	-
30	حرکات  	-  	-	-	-
31	و  	-  	-	-	-
32	سکنات  	-  	-	-	-
33	کسی  	-  	-	-	-
34	ازروی  	-  	-	-	-
35	ریشخند  	-  	-	-	-
36	.  	-  	-	-	-
37	کودکان  	-  	-	-	-
38	بازی  	-  	-	-	-
39	با  	-  	-	-	-
40	بادبادک  	-  	-	-	-
41	را  	-  	-	-	-
42	خیلی  	-  	-	-	-
43	دوست  	-  	-	-	-
44	دارند  	-  	-	-	-
45	.  	-  	-	-	-
46	نگران  	-  	-	-	-
47	نباش  	-  	-	-	-
48	.  	-  	-	-	-
49	!  	-  	-	-	-
50	.  	-  	-	-	-
51	خنده  	-  	-	-	-
52	حالتی  	-  	-	-	-
53	در  	-  	-	-	-
54	انسان  	-  	-	-	-
55	به  	-  	-	-	-
56	شعف  	-  	-	-	-
57	خوشحالی  	-  	-	-	-
58	یا  	-  	-	-	-
59	تمسخر  	-  	-	-	-
60	که  	-  	-	-	-
61	در  	-  	-	-	-
62	ان  	-  	-	-	-
63	گشوده  	-  	-	-	-
64	و  	-  	-	-	-
65	گاه  	-  	-	-	-
66	با  	-  	-	-	-
67	صدای  	-  	-	-	-
68	مخصوصی  	-  	-	-	-
69	همراه  	-  	-	-	-
70	است  	-  	-	-	-
71	-  	-  	-	-	-
72	.  	-  	-	-	-
73	شادروان  	-  	-	-	-
74	هرگز  	-  	-	-	-
75	چیزی  	-  	-	-	-
76	به  	-  	-	-	-
77	دخترک  	-  	-	-	-
78	از  	-  	-	-	-
79	شدّت  	-  	-	-	-
80	سرما  	-  	-	-	-
81	چیزی  	-  	-	-	-
82	را  	-  	-	-	-
83	احساس  	-  	-	-	-
84	.  	-  	-	-	-
85	فرش  	-  	-	-	-
86	دستباف  	-  	-	-	-
87	طرح  	-  	-	-	-
88	نامی  	-  	-	-	-
89	یکی  	-  	-	-	-
90	از  	-  	-	-	-
91	معروف  	-  	-	-	-
92	در  	-  	-	-	-
93	این  	-  	-	-	-
94	حوزه  	-  	-	-	-
95	دیوان  	-  	-	-	-
96	لاهه  	-  	-	-	-
97	به  	-  	-	-	-
98	شکایه‌ی  	-  	-	-	-
99	کشورهای  	-  	-	-	-
100	و  	-  	-	-	-
101	توسعهیافته  	-  	-	-	-
102	امواج  	-  	-	-	-
103	رادیواکتیو  	-  	-	-	-
104	را  	-  	-	-	-
105	در  	-  	-	-	-
106	بسیاری  	-  	-	-	-
107	از  	-  	-	-	-
108	مصارف  	-  	-	-	-
109	پزشکی  	-  	-	-	-
110	.  	-  	-	-	-
111	ادبا  	-  	-	-	-
112	به  	-  	-	-	-
113	نقد  	-  	-	-	-
114	اثار  	-  	-	-	-
115	ادبی  	-  	-	-	-
116	وی  	-  	-	-	-
117	پرداختند  	-  	-	-	-
118	ایمهی  	-  	-	-	-
119	جمعه  	-  	-	-	-
120	توسط  	-  	-	-	-
121	بنیانگذار  	-  	-	-	-
122	جمهوری  	-  	-	-	-
123	اسلامی  	-  	-	-	-
124	ایران  	-  	-	-	-
125	انتخاب  	-  	-	-	-
126	شدند  	-  	-	-	-
127	.  	-  	-	-	-
128	که  	-  	-	-	-
129	مفاهیم  	-  	-	-	-
130	و  	-  	-	-	-
131	رموز  	-  	-	-	-
132	معنوی  	-  	-	-	-
133	را  	-  	-	-	-
134	به  	-  	-	-	-
135	مردم  	-  	-	-	-
136	منتقل  	-  	-	-	-
137	.  	-  	-	-	-
138	اسامی  	-  	-	-	-
139	اسرای  	-  	-	-	-
140	تحت  	-  	-	-	-
141	امر  	-  	-	-	-
142	امیر  	-  	-	-	-
143	اعلام  	-  	-	-	-
144	شدند  	-  	-	-	-
145	.  	-  	-	-	-
146	ایا  	-  	-	-	-
147	مسیولین  	-  	-	-	-
148	شایستگیشان  	-  	-	-	-
149	را  	-  	-	-	-
150	نشان  	-  	-	-	-
151	دهند  	-  	-	-	-
152	.  	-  	-	-	-
153	سبزیجات  	-  	-	-	-
154	و  	-  	-	-	-
155	صیفیجات  	-  	-	-	-
156	در  	-  	-	-	-
157	کنار  	-  	-	-	-
158	نشاسته  	-  	-	-	-
159	و  	-  	-	-	-
160	غلات  	-  	-	-	-
161	باید  	-  	-	-	-
162	در  	-  	-	-	-
163	در  	-  	-	-	-
164	نظر  	-  	-	-	-
165	.  	-  	-	-	-
166	امروزه  	-  	-	-	-
167	فراابتکاری  	-  	-	-	-
168	نقش  	-  	-	-	-
169	مهمی  	-  	-	-	-
170	در  	-  	-	-	-
171	حل  	-  	-	-	-
172	مسائل  	-  	-	-	-
173	چند‌هدفه  	-  	-	-	-
174	دارند  	-  	-	-	-
175	.  	-  	-	-	-
176	که  	-  	-	-	-
177	نیاز  	-  	-	-	-
178	به  	-  	-	-	-
179	خاص  	-  	-	-	-
180	خود  	-  	-	-	-
181	را  	-  	-	-	-
182	دارند  	-  	-	-	-
183	.  	-  	-	-	-
184	مرکز  	-  	-	-	-
185	مذاهب  	-  	-	-	-
186	اسلامی  	-  	-	-	-
187	در  	-  	-	-	-
188	شانگهای  	-  	-	-	-
189	به  	-  	-	-	-
190	جویندگان  	-  	-	-	-
191	اسلام  	-  	-	-	-
192	معرفی  	-  	-	-	-
193	شد  	-  	-	-	-
194	.  	-  	-	-	-
195	پاکستان  	-  	-	-	-
196	و  	-  	-	-	-
197	افغانستان  	-  	-	-	-
198	کشورهای  	-  	-	-	-
199	شرقی  	-  	-	-	-
200	ایران  	-  	-	-	-
201	هستند  	-  	-	-	-
202	که  	-  	-	-	-
203	تضاد  	-  	-	-	-
204	منافع  	-  	-	-	-
205	با  	-  	-	-	-
206	یکدیگر  	-  	-	-	-
207	دارد  	-  	-	-	-
208	.  	-  	-	-	-
209	یکی  	-  	-	-	-
210	از  	-  	-	-	-
211	ادبی  	-  	-	-	-
212	مراعات  	-  	-	-	-
213	نظیر  	-  	-	-	-
214	است  	-  	-	-	-
215	.  	-  	-	-	-
216	هان  	-  	-	-	-
217	ای  	-  	-	-	-
218	پسر  	-  	-	-	-
219	.  	-  	-	-	-
0	زمان  	-  	-	-	-
1	بازی  	-  	-	-	-
2	فوتبال  	-  	-	-	-
3	بارسلونا  	-  	-	-	-
4	و  	-  	-	-	-
5	ساعت  	-  	-	-	-
6	20  	-  	-	-	-
7	روز  	-  	-	-	-
8	هجدهم  	-  	-	-	-
9	ابان  	-  	-	-	-
10	است  	-  	-	-	-
11	،  	-  	-	-	-
12	خرامان  	-  	-	-	-
13	راه  	-  	-	-	-
14	.  	-  	-	-	-
15	علی  	-  	-	-	-
16	گریان  	-  	-	-	-
17	و  	-  	-	-	-
18	نالان  	-  	-	-	-
19	به  	-  	-	-	-
20	مدرسه  	-  	-	-	-
21	رفت  	-  	-	-	-
22	.  	-  	-	-	-
23	شکوفه  	-  	-	-	-
24	خندان  	-  	-	-	-
25	با  	-  	-	-	-
26	شیرینی  	-  	-	-	-
27	وارد  	-  	-	-	-
28	شد  	-  	-	-	-
29	!  	-  	-	-	-
30	!  	-  	-	-	-
31	امارات  	-  	-	-	-
32	متحده  	-  	-	-	-
33	عربی  	-  	-	-	-
34	یکی  	-  	-	-	-
35	از  	-  	-	-	-
36	کشورهای  	-  	-	-	-
37	است  	-  	-	-	-
38	.  	-  	-	-	-
39	از  	-  	-	-	-
40	اشغال  	-  	-	-	-
41	پرشده  	-  	-	-	-
42	بود  	-  	-	-	-
43	.  	-  	-	-	-
44	سعید  	-  	-	-	-
45	در  	-  	-	-	-
46	عنفوان  	-  	-	-	-
47	جوانی  	-  	-	-	-
48	درگذشت  	-  	-	-	-
49	.  	-  	-	-	-
50	در  	-  	-	-	-
51	این  	-  	-	-	-
52	دنیای  	-  	-	-	-
53	وانفساء  	-  	-	-	-
54	.  	-  	-	-	-
55	.  	-  	-	-	-
56	نردبان  	-  	-	-	-
57	ترقی  	-  	-	-	-
58	را  	-  	-	-	-
59	به  	-  	-	-	-
60	سرعت  	-  	-	-	-
61	طی  	-  	-	-	-
62	کرد  	-  	-	-	-
63	.  	-  	-	-	-
64	شهر  	-  	-	-	-
65	ابادان  	-  	-	-	-
66	عروس  	-  	-	-	-
67	ایران  	-  	-	-	-
68	است  	-  	-	-	-
69	.  	-  	-	-	-
70	واردات  	-  	-	-	-
71	و  	-  	-	-	-
72	صادرات  	-  	-	-	-
73	کشمش  	-  	-	-	-
74	سود  	-  	-	-	-
75	خوبی  	-  	-	-	-
76	دارد  	-  	-	-	-
77	.  	-  	-	-	-
78	باغ  	-  	-	-	-
79	که  	-  	-	-	-
80	که  	-  	-	-	-
81	زیبا  	-  	-	-	-
82	نیست  	-  	-	-	-
83	.  	-  	-	-	-
0	اسمان  	-  	-	-	-
1	ابی  	-  	-	-	-
2	زمین  	-  	-	-	-
3	پاک  	-  	-	-	-
4	.  	-  	-	-	-
5	.  	-  	-	-	-
6	.  	-  	-	-	-
7	.  	-  	-	-	-
8	.  	-  	-	-	-
9	شمیران  	-  	-	-	-
10	نام  	-  	-	-	-
11	در  	-  	-	-	-
12	تهران  	-  	-	-	-
13	است  	-  	-	-	-
14	.  	-  	-	-	-
15	ما  	-  	-	-	-
16	باید  	-  	-	-	-
17	همواره  	-  	-	-	-
18	به  	-  	-	-	-
19	دنبال  	-  	-	-	-
20	ارمان  	-  	-	-	-
21	خود  	-  	-	-	-
22	باشیم  	-  	-	-	-
23	.  	-  	-	-	-
24	ریختن  	-  	-	-	-
25	زباله  	-  	-	-	-
26	در  	-  	-	-	-
27	دامان  	-  	-	-	-
28	طبیعت  	-  	-	-	-
29	است  	-  	-	-	-
30	.  	-  	-	-	-
31	خزان  	-  	-	-	-
32	فصلیست  	-  	-	-	-
33	که  	-  	-	-	-
34	در  	-  	-	-	-
35	ان  	-  	-	-	-
36	برگ  	-  	-	-	-
37	درختان  	-  	-	-	-
38	زرد  	-  	-	-	-
0	وزیر  	-  	-	-	-
1	علوم  	-  	-	-	-
2	درجمع  	-  	-	-	-
3	استادان  	-  	-	-	-
4	نمونه  	-  	-	-	-
0	اصوات  	-  	-	-	-
1	وزیدن  	-  	-	-	-
2	بادما  	-  	-	-	-
3	را  	-  	-	-	-
4	ترساند  	-  	-	-	-
0	دانشگاه  	-  	-	-	-
1	باید  	-  	-	-	-
2	مهد  	-  	-	-	-
3	گفتمانی  	-  	-	-	-
4	و  	-  	-	-	-
5	و  	-  	-	-	-
6	جریانات  	-  	-	-	-
7	سیاسی  	-  	-	-	-
8	باشد  	-  	-	-	-
0	دفاتر  	-  	-	-	-
1	سازمانملل  	-  	-	-	-
2	متحددر  	-  	-	-	-
3	جهان  	-  	-	-	-
4	هستند  	-  	-	-	-
0	دختری  	-  	-	-	-
1	بالباس  	-  	-	-	-
2	صورتی  	-  	-	-	-
3	را  	-  	-	-	-
4	دیدم  	-  	-	-	-
5	که  	-  	-	-	-
6	صورتی  	-  	-	-	-
7	زیبا  	-  	-	-	-
8	داشت  	-  	-	-	-
0	توصیه  	-  	-	-	-
1	مادر  	-  	-	-	-
2	جهت  	-  	-	-	-
3	تلاش  	-  	-	-	-
4	برای  	-  	-	-	-
5	دانایی  	-  	-	-	-
6	محوری  	-  	-	-	-
7	و  	-  	-	-	-
8	توسعه  	-  	-	-	-
9	گفتمان  	-  	-	-	-
10	علمی  	-  	-	-	-
11	به  	-  	-	-	-
12	معنی  	-  	-	-	-
13	عدم  	-  	-	-	-
14	تمایل  	-  	-	-	-
15	به  	-  	-	-	-
16	مباحث  	-  	-	-	-
17	سیاسی  	-  	-	-	-
18	نیست  	-  	-	-	-
19	،  	-  	-	-	-
20	دانشگاه  	-  	-	-	-
21	باید  	-  	-	-	-
22	مهد  	-  	-	-	-
23	گفتمانی  	-  	-	-	-
24	باشد  	-  	-	-	-
25	ولی  	-  	-	-	-
26	این  	-  	-	-	-
27	امر  	-  	-	-	-
28	،  	-  	-	-	-
29	ابزاردست  	-  	-	-	-
30	سیاسیون  	-  	-	-	-
31	قرار  	-  	-	-	-
32	بگیرد  	-  	-	-	-
0	وی  	-  	-	-	-
1	تأکید  	-  	-	-	-
2	کرد  	-  	-	-	-
3	؛  	-  	-	-	-
4	بلکه  	-  	-	-	-
5	باید  	-  	-	-	-
6	و  	-  	-	-	-
7	جریانات  	-  	-	-	-
8	سیاسی  	-  	-	-	-
9	باشد  	-  	-	-	-
10	و  	-  	-	-	-
11	عنصر  	-  	-	-	-
12	پیاده  	-  	-	-	-
13	شدن  	-  	-	-	-
14	این  	-  	-	-	-
15	ارمان  	-  	-	-	-
16	.  	-  	-	-	-
0	اگرچه  	-  	-	-	-
1	باید  	-  	-	-	-
2	پرچمدار  	-  	-	-	-
3	ازاداندیشی  	-  	-	-	-
4	و  	-  	-	-	-
5	حاکمیت  	-  	-	-	-
6	دانایی  	-  	-	-	-
7	محوری  	-  	-	-	-
8	باشند  	-  	-	-	-
9	.  	-  	-	-	-
0	اقدامات  	-  	-	-	-
1	درجهت  	-  	-	-	-
2	ارتقای  	-  	-	-	-
3	جایگاه  	-  	-	-	-
4	استادان  	-  	-	-	-
5	نمونه  	-  	-	-	-
6	اشاره  	-  	-	-	-
7	کرد  	-  	-	-	-
8	و  	-  	-	-	-
9	گفت  	-  	-	-	-
10	،  	-  	-	-	-
11	استادان  	-  	-	-	-
12	نمونه  	-  	-	-	-
13	از  	-  	-	-	-
14	مصادیق  	-  	-	-	-
15	نخبگان  	-  	-	-	-
16	و  	-  	-	-	-
17	این  	-  	-	-	-
18	امر  	-  	-	-	-
19	به  	-  	-	-	-
20	لحاظ  	-  	-	-	-
21	معنوی  	-  	-	-	-
22	.  	-  	-	-	-
0	در  	-  	-	-	-
1	تعریف  	-  	-	-	-
2	و  	-  	-	-	-
3	تعیین  	-  	-	-	-
4	لازم  	-  	-	-	-
5	برای  	-  	-	-	-
6	انتخاب  	-  	-	-	-
7	«  	-  	-	-	-
8	»  	-  	-	-	-
9	بازنگری  	-  	-	-	-
10	کنند  	-  	-	-	-
11	باوسواس  	-  	-	-	-
12	و  	-  	-	-	-
13	دقت  	-  	-	-	-
14	.  	-  	-	-	-
0	سقراط  	-  	-	-	-
1	به  	-  	-	-	-
2	دستوردادستان  	-  	-	-	-
3	جام  	-  	-	-	-
4	شوکران  	-  	-	-	-
5	را  	-  	-	-	-
6	نوشید  	-  	-	-	-
0	همچنین  	-  	-	-	-
1	نتایج  	-  	-	-	-
2	مشروطین  	-  	-	-	-
3	اسفندماه  	-  	-	-	-
4	82  	-  	-	-	-
5	که  	-  	-	-	-
6	درس  	-  	-	-	-
7	مشروطی  	-  	-	-	-
8	خود  	-  	-	-	-
9	را  	-  	-	-	-
10	در  	-  	-	-	-
11	ازمون  	-  	-	-	-
12	مردادماه  	-  	-	-	-
13	83  	-  	-	-	-
14	امتحان  	-  	-	-	-
0	مردی  	-  	-	-	-
1	به  	-  	-	-	-
2	اطفال  	-  	-	-	-
3	گفت  	-  	-	-	-
4	که  	-  	-	-	-
5	را  	-  	-	-	-
6	نکنند  	-  	-	-	-
0	بنابه  	-  	-	-	-
1	دلایل  	-  	-	-	-
2	با  	-  	-	-	-
3	اخذ  	-  	-	-	-
4	نمرات  	-  	-	-	-
5	٢٠  	-  	-	-	-
6	غیرواقعی  	-  	-	-	-
7	به  	-  	-	-	-
8	گروه  	-  	-	-	-
9	معدل  	-  	-	-	-
10	که  	-  	-	-	-
11	درطول  	-  	-	-	-
12	١٤  	-  	-	-	-
13	سال  	-  	-	-	-
14	گذشته  	-  	-	-	-
15	بر  	-  	-	-	-
16	تعداد  	-  	-	-	-
17	این  	-  	-	-	-
18	معدل  	-  	-	-	-
19	به  	-  	-	-	-
20	طور  	-  	-	-	-
21	اضافه  	-  	-	-	-
22	این  	-  	-	-	-
23	محقق  	-  	-	-	-
24	تاکید  	-  	-	-	-
25	دارد  	-  	-	-	-
0	روش  	-  	-	-	-
1	ارزشیابی  	-  	-	-	-
2	سیره  	-  	-	-	-
3	نبوی  	-  	-	-	-
4	متنوع  	-  	-	-	-
5	دیگری  	-  	-	-	-
6	همچون  	-  	-	-	-
7	وبلاگ  	-  	-	-	-
8	نویسی  	-  	-	-	-
9	،  	-  	-	-	-
10	گرافیک  	-  	-	-	-
11	،  	-  	-	-	-
12	شعر  	-  	-	-	-
13	،  	-  	-	-	-
14	عکاسی  	-  	-	-	-
15	،  	-  	-	-	-
16	چهل  	-  	-	-	-
17	حدیث  	-  	-	-	-
18	نویسی  	-  	-	-	-
19	.  	-  	-	-	-
0	نخستین  	-  	-	-	-
1	مرکز  	-  	-	-	-
2	دانشگاه  	-  	-	-	-
3	موناش  	-  	-	-	-
4	استرالیا  	-  	-	-	-
5	در  	-  	-	-	-
6	کیش  	-  	-	-	-
7	اغاز  	-  	-	-	-
8	به  	-  	-	-	-
9	کارکرد  	-  	-	-	-
10	.  	-  	-	-	-
0	هفتمین  	-  	-	-	-
1	اجلاس  	-  	-	-	-
2	مشترک  	-  	-	-	-
3	امنای  	-  	-	-	-
4	و  	-  	-	-	-
5	موسسات  	-  	-	-	-
6	و  	-  	-	-	-
7	پژوهشی  	-  	-	-	-
8	برگزار  	-  	-	-	-
9	شد  	-  	-	-	-
10	،  	-  	-	-	-
11	کارکنان  	-  	-	-	-
12	.  	-  	-	-	-
0	هرگونه  	-  	-	-	-
1	به  	-  	-	-	-
2	دور  	-  	-	-	-
3	است  	-  	-	-	-
4	و  	-  	-	-	-
5	ورود  	-  	-	-	-
6	داوطلبی  	-  	-	-	-
7	به  	-  	-	-	-
8	دانشگاه  	-  	-	-	-
9	بدون  	-  	-	-	-
10	شرکت  	-  	-	-	-
11	در  	-  	-	-	-
12	ازمون  	-  	-	-	-
13	سراسری  	-  	-	-	-
14	و  	-  	-	-	-
15	کسب  	-  	-	-	-
16	اولویت  	-  	-	-	-
17	علمی  	-  	-	-	-
18	نبوده  	-  	-	-	-
19	و  	-  	-	-	-
20	نیست  	-  	-	-	-
0	به  	-  	-	-	-
1	واحدهای  	-  	-	-	-
2	دانشگاهی  	-  	-	-	-
3	تهران  	-  	-	-	-
4	سماء  	-  	-	-	-
5	،  	-  	-	-	-
6	اراک  	-  	-	-	-
7	،  	-  	-	-	-
8	قایمشهر  	-  	-	-	-
9	،  	-  	-	-	-
10	رودهن  	-  	-	-	-
11	،  	-  	-	-	-
12	زنجان  	-  	-	-	-
13	،  	-  	-	-	-
14	شاهرود  	-  	-	-	-
15	،  	-  	-	-	-
16	شهرکرد  	-  	-	-	-
17	،  	-  	-	-	-
18	کاشان  	-  	-	-	-
19	،  	-  	-	-	-
20	کرمان  	-  	-	-	-
21	،  	-  	-	-	-
22	میمه  	-  	-	-	-
23	.  	-  	-	-	-
24	.  	-  	-	-	-
25	در  	-  	-	-	-
26	مقطع  	-  	-	-	-
27	در  	-  	-	-	-
28	بیوسیستماتیک  	-  	-	-	-
29	،  	-  	-	-	-
30	اکولوژی  	-  	-	-	-
31	،  	-  	-	-	-
32	سلولی  	-  	-	-	-
33	،  	-  	-	-	-
34	مولکولی  	-  	-	-	-
35	مشغول  	-  	-	-	-
36	به  	-  	-	-	-
37	تحصیل  	-  	-	-	-
0	مواد  	-  	-	-	-
1	غذایی  	-  	-	-	-
2	و  	-  	-	-	-
3	بهداشت  	-  	-	-	-
4	فعالیت  	-  	-	-	-
5	کنند  	-  	-	-	-
6	،  	-  	-	-	-
7	مشارکت  	-  	-	-	-
8	:  	-  	-	-	-
9	اگر  	-  	-	-	-
10	به  	-  	-	-	-
11	دانشمندان  	-  	-	-	-
12	ارج  	-  	-	-	-
13	ننهیم  	-  	-	-	-
14	!  	-  	-	-	-
0	توسعه  	-  	-	-	-
1	کشور  	-  	-	-	-
2	:  	-  	-	-	-
3	اسم  	-  	-	-	-
4	دانشگاهیا  	-  	-	-	-
0	مردمان  	-  	-	-	-
1	گرگان  	-  	-	-	-
2	دچاریاس  	-  	-	-	-
3	شدند  	-  	-	-	-
0	نیاکان  	-  	-	-	-
1	ما  	-  	-	-	-
2	افرادی  	-  	-	-	-
3	بودند  	-  	-	-	-
4	.  	-  	-	-	-
0	شهری  	-  	-	-	-
1	،  	-  	-	-	-
2	جغرافیای  	-  	-	-	-
3	انسانی  	-  	-	-	-
4	علوم  	-  	-	-	-
5	اقتصادی  	-  	-	-	-
6	-  	-  	-	-	-
7	،  	-  	-	-	-
8	مدیریت  	-  	-	-	-
9	بازرگانی  	-  	-	-	-
10	بازاریابی  	-  	-	-	-
11	-  	-  	-	-	-
12	،  	-  	-	-	-
13	مدیریت  	-  	-	-	-
14	بازرگانی  	-  	-	-	-
15	رفتار  	-  	-	-	-
16	سازمانی  	-  	-	-	-
17	و  	-  	-	-	-
18	مدیریت  	-  	-	-	-
19	منابع  	-  	-	-	-
20	انسانی  	-  	-	-	-
21	،  	-  	-	-	-
22	روانشناسی  	-  	-	-	-
23	عمومی  	-  	-	-	-
24	،  	-  	-	-	-
25	مدیریت  	-  	-	-	-
26	اموزشی  	-  	-	-	-
27	،  	-  	-	-	-
28	درسی  	-  	-	-	-
29	،  	-  	-	-	-
30	مشاوره  	-  	-	-	-
31	،  	-  	-	-	-
32	کامپیوتر  	-  	-	-	-
33	امار  	-  	-	-	-
34	-  	-  	-	-	-
35	،  	-  	-	-	-
36	ریاضی  	-  	-	-	-
37	انالیز  	-  	-	-	-
38	-  	-  	-	-	-
39	،  	-  	-	-	-
40	چینه  	-  	-	-	-
41	و  	-  	-	-	-
42	و  	-  	-	-	-
43	میکروبیولوژی  	-  	-	-	-
44	دانشجوی  	-  	-	-	-
45	دکترا  	-  	-	-	-
0	کسب  	-  	-	-	-
1	حدّنصاب  	-  	-	-	-
2	لازم  	-  	-	-	-
3	در  	-  	-	-	-
4	به  	-  	-	-	-
5	دکتری  	-  	-	-	-
6	از  	-  	-	-	-
7	دیگر  	-  	-	-	-
8	شرایط  	-  	-	-	-
9	است  	-  	-	-	-
0	دانشگاه  	-  	-	-	-
1	غیرمجاز  	-  	-	-	-
2	هاوایی  	-  	-	-	-
3	در  	-  	-	-	-
4	سال  	-  	-	-	-
5	1372  	-  	-	-	-
6	تاسیس  	-  	-	-	-
7	شد  	-  	-	-	-
8	و  	-  	-	-	-
9	500  	-  	-	-	-
10	بود  	-  	-	-	-
11	که  	-  	-	-	-
12	همگی  	-  	-	-	-
13	انها  	-  	-	-	-
14	شناسایی  	-  	-	-	-
15	و  	-  	-	-	-
16	براساس  	-  	-	-	-
17	کیفرخواست  	-  	-	-	-
18	حبس  	-  	-	-	-
19	تعزیری  	-  	-	-	-
20	(  	-  	-	-	-
21	)  	-  	-	-	-
22	به  	-  	-	-	-
23	اتهام  	-  	-	-	-
24	کلاهبرداری  	-  	-	-	-
25	و  	-  	-	-	-
26	حکم  	-  	-	-	-
27	3  	-  	-	-	-
28	سال  	-  	-	-	-
29	وی  	-  	-	-	-
30	نیز  	-  	-	-	-
31	نقض  	-  	-	-	-
32	.  	-  	-	-	-
33	تبعات  	-  	-	-	-
34	منفی  	-  	-	-	-
35	زیادی  	-  	-	-	-
36	به  	-  	-	-	-
37	دنبال  	-  	-	-	-
0	سلام  	-  	-	-	-
1	به  	-  	-	-	-
2	مردم  	-  	-	-	-
3	ایران  	-  	-	-	-
4	که  	-  	-	-	-
5	هستند  	-  	-	-	-
0	پلنگی  	-  	-	-	-
1	با  	-  	-	-	-
2	پوستی  	-  	-	-	-
3	دیدم  	-  	-	-	-
4	که  	-  	-	-	-
5	تندتند  	-  	-	-	-
6	و  	-  	-	-	-
7	من  	-  	-	-	-
8	ترسیدم  	-  	-	-	-
9	و  	-  	-	-	-
10	گفتم  	-  	-	-	-
11	وااای  	-  	-	-	-
0	محصولاتی  	-  	-	-	-
1	نظیر  	-  	-	-	-
2	پلاستیک  	-  	-	-	-
3	،  	-  	-	-	-
4	موادشوینده  	-  	-	-	-
5	و  	-  	-	-	-
6	سوخت‌ها  	-  	-	-	-
7	در  	-  	-	-	-
8	واحدهای  	-  	-	-	-
9	عملی  	-  	-	-	-
10	استفاده  	-  	-	-	-
11	و  	-  	-	-	-
12	همچنین  	-  	-	-	-
13	برای  	-  	-	-	-
14	بالابردن  	-  	-	-	-
15	تولید  	-  	-	-	-
16	،  	-  	-	-	-
17	صنایع  	-  	-	-	-
18	غذایی  	-  	-	-	-
19	،  	-  	-	-	-
20	تحقیقات  	-  	-	-	-
21	،  	-  	-	-	-
22	پردازش  	-  	-	-	-
23	و  	-  	-	-	-
24	میزان  	-  	-	-	-
25	و  	-  	-	-	-
26	بازار  	-  	-	-	-
27	فروش  	-  	-	-	-
28	از  	-  	-	-	-
29	دیگر  	-  	-	-	-
30	فعالیت  	-  	-	-	-
31	مهندسان  	-  	-	-	-
32	شیمی  	-  	-	-	-
0	اما  	-  	-	-	-
1	قواغنین  	-  	-	-	-
2	دانشگاه  	-  	-	-	-
3	قم  	-  	-	-	-
4	.  	-  	-	-	-
0	ترافیک  	-  	-	-	-
1	شدید  	-  	-	-	-
2	در  	-  	-	-	-
3	اتوبان  	-  	-	-	-
4	چمران  	-  	-	-	-
5	بسیار  	-  	-	-	-
6	ازاردهنده  	-  	-	-	-
7	بود  	-  	-	-	-
0	اهنگی  	-  	-	-	-
1	شنیدم  	-  	-	-	-
2	که  	-  	-	-	-
3	خواننده  	-  	-	-	-
4	با  	-  	-	-	-
5	صدایی  	-  	-	-	-
6	زیبا  	-  	-	-	-
7	و  	-  	-	-	-
8	رسا  	-  	-	-	-
9	ان  	-  	-	-	-
10	را  	-  	-	-	-
0	دختری  	-  	-	-	-
1	با  	-  	-	-	-
2	کتانی  	-  	-	-	-
3	دیدم  	-  	-	-	-
4	که  	-  	-	-	-
5	سبزیجات  	-  	-	-	-
0	واحد  	-  	-	-	-
1	مرکزی  	-  	-	-	-
2	خبر  	-  	-	-	-
3	اخبار  	-  	-	-	-
4	جدیدی  	-  	-	-	-
5	را  	-  	-	-	-
6	مخابره  	-  	-	-	-
7	کرد  	-  	-	-	-
0	چرا  	-  	-	-	-
1	خواهرت  	-  	-	-	-
2	را  	-  	-	-	-
3	اتو  	-  	-	-	-
4	نکردی  	-  	-	-	-
0	دشمنان  	-  	-	-	-
1	ایران  	-  	-	-	-
2	در  	-  	-	-	-
3	همه  	-  	-	-	-
4	نقاط  	-  	-	-	-
5	جهان  	-  	-	-	-
6	پراکننده  	-  	-	-	-
7	هستند  	-  	-	-	-
0	گروه  	-  	-	-	-
1	بزرگ  	-  	-	-	-
2	موسیقیایی  	-  	-	-	-
3	پاپ  	-  	-	-	-
4	راک  	-  	-	-	-
5	در  	-  	-	-	-
6	کابل  	-  	-	-	-
7	کنسرت  	-  	-	-	-
0	دیشب  	-  	-	-	-
1	برنامه  	-  	-	-	-
2	۹۰  	-  	-	-	-
3	به  	-  	-	-	-
4	علت  	-  	-	-	-
5	سوء‌تفاهم  	-  	-	-	-
6	بین  	-  	-	-	-
7	دست  	-  	-	-	-
8	اندر  	-  	-	-	-
9	کاران  	-  	-	-	-
10	پخش  	-  	-	-	-
11	نشد  	-  	-	-	-
0	ستارگان  	-  	-	-	-
1	سینمای  	-  	-	-	-
2	هالیوود  	-  	-	-	-
3	بسیار  	-  	-	-	-
4	پردرامد  	-  	-	-	-
5	هستند  	-  	-	-	-
0	سیستم  	-  	-	-	-
1	کامپیوتری  	-  	-	-	-
2	ایرانی  	-  	-	-	-
3	قوی  	-  	-	-	-
4	نیست  	-  	-	-	-
0	خواهرم  	-  	-	-	-
1	به  	-  	-	-	-
2	مغازه  	-  	-	-	-
3	رفت  	-  	-	-	-
4	و  	-  	-	-	-
5	شکلات  	-  	-	-	-
6	و  	-  	-	-	-
7	ابنبات  	-  	-	-	-
8	خرید  	-  	-	-	-
0	او  	-  	-	-	-
1	به  	-  	-	-	-
2	من  	-  	-	-	-
3	نگاه  	-  	-	-	-
4	خیلی  	-  	-	-	-
5	سنگینی  	-  	-	-	-
6	کرد  	-  	-	-	-
7	.  	-  	-	-	-
8	طلاب  	-  	-	-	-
9	عملیه  	-  	-	-	-
10	قم  	-  	-	-	-
11	بسیار  	-  	-	-	-
12	پرکار  	-  	-	-	-
13	و  	-  	-	-	-
14	هستند  	-  	-	-	-
15	.  	-  	-	-	-
16	سه  	-  	-	-	-
17	ماه  	-  	-	-	-
18	مانده  	-  	-	-	-
19	به  	-  	-	-	-
20	جشنواره  	-  	-	-	-
21	فیلم  	-  	-	-	-
22	فجر  	-  	-	-	-
23	بعضی  	-  	-	-	-
24	از  	-  	-	-	-
25	کار  	-  	-	-	-
26	خود  	-  	-	-	-
27	را  	-  	-	-	-
28	به  	-  	-	-	-
29	کمیته  	-  	-	-	-
30	داوران  	-  	-	-	-
31	تحویل  	-  	-	-	-
32	دادند  	-  	-	-	-
33	.  	-  	-	-	-
34	یکی  	-  	-	-	-
35	از  	-  	-	-	-
36	اثار  	-  	-	-	-
37	بشدت  	-  	-	-	-
38	جیم  	-  	-	-	-
39	جارموش  	-  	-	-	-
40	که  	-  	-	-	-
41	تماما  	-  	-	-	-
42	حول  	-  	-	-	-
43	محور  	-  	-	-	-
44	گفتگو  	-  	-	-	-
45	.  	-  	-	-	-
46	صداوسیمای  	-  	-	-	-
47	جمهوری  	-  	-	-	-
48	اسلامی  	-  	-	-	-
49	ایران  	-  	-	-	-
50	جالبی  	-  	-	-	-
51	ندارد  	-  	-	-	-
52	.  	-  	-	-	-
53	اشپزی  	-  	-	-	-
54	در  	-  	-	-	-
55	رستوران  	-  	-	-	-
56	هنگام  	-  	-	-	-
57	پخت  	-  	-	-	-
58	غذا  	-  	-	-	-
59	دستش  	-  	-	-	-
60	سوخت  	-  	-	-	-
61	.  	-  	-	-	-
62	کردستان  	-  	-	-	-
63	سرزمینی  	-  	-	-	-
64	بسیار  	-  	-	-	-
65	.  	-  	-	-	-
66	البسه  	-  	-	-	-
67	خودتان  	-  	-	-	-
68	را  	-  	-	-	-
69	با  	-  	-	-	-
70	اتو  	-  	-	-	-
71	صاف  	-  	-	-	-
72	کنید  	-  	-	-	-
73	.  	-  	-	-	-
74	سامان  	-  	-	-	-
75	پسری  	-  	-	-	-
76	هنرمند  	-  	-	-	-
77	او  	-  	-	-	-
78	است  	-  	-	-	-
79	.  	-  	-	-	-
