0	از  	-  	-	-	-
1	اتشی  	-  	-	-	-
2	که  	-  	-	-	-
3	افروختم  	-  	-	-	-
4	خودم  	-  	-	-	-
5	سوختم  	-  	-	-	-
0	جانبازان  	-  	-	-	-
1	و  	-  	-	-	-
2	معلولین  	-  	-	-	-
3	کشور  	-  	-	-	-
4	ازاد  	-  	-	-	-
5	دریای  	-  	-	-	-
6	مکران  	-  	-	-	-
7	را  	-  	-	-	-
8	درنوردیدند  	-  	-	-	-
0	بعداز  	-  	-	-	-
1	خجالت  	-  	-	-	-
2	تو  	-  	-	-	-
0	با  	-  	-	-	-
1	گفتن  	-  	-	-	-
2	«  	-  	-	-	-
3	»  	-  	-	-	-
4	مراتب  	-  	-	-	-
5	تشکر  	-  	-	-	-
6	و  	-  	-	-	-
7	تقدیر  	-  	-	-	-
8	خود  	-  	-	-	-
9	را  	-  	-	-	-
10	به  	-  	-	-	-
11	یکدیگر  	-  	-	-	-
12	اعلام  	-  	-	-	-
0	بتازید  	-  	-	-	-
1	بتازید‌که  	-  	-	-	-
2	چالاک  	-  	-	-	-
3	سوارید  	-  	-	-	-
0	در  	-  	-	-	-
1	دانشگاه  	-  	-	-	-
2	چهار  	-  	-	-	-
3	رده  	-  	-	-	-
4	مربی  	-  	-	-	-
5	،  	-  	-	-	-
6	دانشیار‌و  	-  	-	-	-
7	استاد  	-  	-	-	-
8	تمامی  	-  	-	-	-
9	وجود  	-  	-	-	-
10	دارد  	-  	-	-	-
11	که  	-  	-	-	-
12	مرتبه  	-  	-	-	-
13	اخر  	-  	-	-	-
14	در  	-  	-	-	-
15	خارج  	-  	-	-	-
16	از  	-  	-	-	-
17	کشور  	-  	-	-	-
18	«  	-  	-	-	-
19	»  	-  	-	-	-
0	در  	-  	-	-	-
1	کاربرد  	-  	-	-	-
2	امروزی  	-  	-	-	-
3	وزارتیکی  	-  	-	-	-
4	از  	-  	-	-	-
5	اجزای  	-  	-	-	-
6	ساختار  	-  	-	-	-
7	دولت  	-  	-	-	-
8	است  	-  	-	-	-
0	اموزش  	-  	-	-	-
1	اشپزی  	-  	-	-	-
2	در‌دستپخت‌در  	-  	-	-	-
3	قالب  	-  	-	-	-
4	دستور  	-  	-	-	-
5	پخت  	-  	-	-	-
6	4  	-  	-	-	-
7	گروه  	-  	-	-	-
8	غذای  	-  	-	-	-
9	ایرانی  	-  	-	-	-
10	غذای  	-  	-	-	-
11	ملل  	-  	-	-	-
12	فست  	-  	-	-	-
13	فود  	-  	-	-	-
14	و  	-  	-	-	-
15	فینگر  	-  	-	-	-
16	فود  	-  	-	-	-
17	و  	-  	-	-	-
18	نان  	-  	-	-	-
19	قنادی  	-  	-	-	-
20	دسر  	-  	-	-	-
21	و  	-  	-	-	-
22	البته  	-  	-	-	-
23	مسابقه  	-  	-	-	-
24	آشپزی‌ارائه  	-  	-	-	-
0	توزیع  	-  	-	-	-
1	یکنواخت  	-  	-	-	-
0	دولت  	-  	-	-	-
1	کرخت  	-  	-	-	-
2	و  	-  	-	-	-
3	گیج  	-  	-	-	-
4	است  	-  	-	-	-
0	تاخت‌اسب  	-  	-	-	-
1	یا  	-  	-	-	-
2	دیگر  	-  	-	-	-
3	چهارپایان  	-  	-	-	-
4	به  	-  	-	-	-
5	دو  	-  	-	-	-
6	شکل  	-  	-	-	-
7	است  	-  	-	-	-
0	سیاحت  	-  	-	-	-
2	غرب  	-  	-	-	-
3	یا  	-  	-	-	-
4	سرنوشت  	-  	-	-	-
5	ارواح  	-  	-	-	-
6	مرگ  	-  	-	-	-
7	کتابی  	-  	-	-	-
8	اثر  	-  	-	-	-
9	اقا  	-  	-	-	-
10	نجفی  	-  	-	-	-
11	قوچانی  	-  	-	-	-
12	است  	-  	-	-	-
0	مهابت  	-  	-	-	-
0	انواع  	-  	-	-	-
1	کراوات  	-  	-	-	-
2	با  	-  	-	-	-
3	طرح  	-  	-	-	-
4	و  	-  	-	-	-
5	نقش  	-  	-	-	-
6	مختلف  	-  	-	-	-
7	در  	-  	-	-	-
8	انواع  	-  	-	-	-
9	به  	-  	-	-	-
10	همراه  	-  	-	-	-
11	کالکشن  	-  	-	-	-
12	از  	-  	-	-	-
13	پاپیون  	-  	-	-	-
14	مردانه  	-  	-	-	-
15	برای  	-  	-	-	-
16	خاص  	-  	-	-	-
0	ساسات  	-  	-	-	-
1	در  	-  	-	-	-
2	وسایل  	-  	-	-	-
3	نقلیه  	-  	-	-	-
4	به  	-  	-	-	-
5	دکمه  	-  	-	-	-
6	دریچه  	-  	-	-	-
7	هوای  	-  	-	-	-
8	کاربراتور  	-  	-	-	-
0	فلاحت  	-  	-	-	-
1	فارس  	-  	-	-	-
2	نام  	-  	-	-	-
3	یکی  	-  	-	-	-
4	از  	-  	-	-	-
5	مطبوعات  	-  	-	-	-
6	استان  	-  	-	-	-
7	فارس  	-  	-	-	-
8	در  	-  	-	-	-
9	دوران  	-  	-	-	-
10	پهلوی  	-  	-	-	-
11	اول  	-  	-	-	-
12	است  	-  	-	-	-
0	آجودان‌یا  	-  	-	-	-
1	فریار  	-  	-	-	-
2	امیر  	-  	-	-	-
3	یا  	-  	-	-	-
4	افسری  	-  	-	-	-
5	است  	-  	-	-	-
6	که  	-  	-	-	-
7	مقامات  	-  	-	-	-
8	بلندپایه  	-  	-	-	-
9	کشوری  	-  	-	-	-
10	و  	-  	-	-	-
11	لشگری  	-  	-	-	-
12	را  	-  	-	-	-
13	در  	-  	-	-	-
14	امور  	-  	-	-	-
15	مختلف  	-  	-	-	-
16	.  	-  	-	-	-
0	اورانگوتان‌سوماترایی  	-  	-	-	-
1	یکی  	-  	-	-	-
2	از  	-  	-	-	-
3	دو  	-  	-	-	-
4	موجود  	-  	-	-	-
5	است  	-  	-	-	-
0	ازچه  	-  	-	-	-
1	مسیری  	-  	-	-	-
2	سبا  	-  	-	-	-
3	ران  	-  	-	-	-
4	سفر  	-  	-	-	-
5	کرد  	-  	-	-	-
0	ویدیوی  	-  	-	-	-
1	زیبا  	-  	-	-	-
2	از  	-  	-	-	-
3	حضورش  	-  	-	-	-
4	کوهمند  	-  	-	-	-
5	مردم  	-  	-	-	-
6	مشهد  	-  	-	-	-
7	در  	-  	-	-	-
8	راهپیمایی  	-  	-	-	-
9	بزرگ  	-  	-	-	-
10	بیعت  	-  	-	-	-
11	با  	-  	-	-	-
12	ولایت  	-  	-	-	-
0	رجب  	-  	-	-	-
1	طیب‌اردوغان  	-  	-	-	-
0	وجه  	-  	-	-	-
1	اول  	-  	-	-	-
2	ان  	-  	-	-	-
3	این  	-  	-	-	-
4	است  	-  	-	-	-
5	که  	-  	-	-	-
6	در  	-  	-	-	-
7	برخی  	-  	-	-	-
8	از  	-  	-	-	-
9	مناطق  	-  	-	-	-
10	شهر  	-  	-	-	-
11	تهران  	-  	-	-	-
12	ازجمله  	-  	-	-	-
13	خیابانی  	-  	-	-	-
14	در  	-  	-	-	-
15	منطقه  	-  	-	-	-
16	۱۵  	-  	-	-	-
17	با  	-  	-	-	-
18	وضعیت  	-  	-	-	-
19	بد  	-  	-	-	-
20	دستفروشی  	-  	-	-	-
21	مواجه  	-  	-	-	-
22	هستیم  	-  	-	-	-
23	که  	-  	-	-	-
24	مردم  	-  	-	-	-
25	گلهمند  	-  	-	-	-
26	بوده  	-  	-	-	-
0	مَسج  	-  	-	-	-
1	  	-  	-	-	-
2	د‌جَمْکَران  	-  	-	-	-
3	،  	-  	-	-	-
4	دوازدهمین  	-  	-	-	-
5	امام  	-  	-	-	-
6	شیعیان  	-  	-	-	-
0	تفاوت  	-  	-	-	-
1	هواکش  	-  	-	-	-
2	و  	-  	-	-	-
3	دمنده  	-  	-	-	-
4	در  	-  	-	-	-
5	چیست  	-  	-	-	-
0	ندیدند  	-  	-	-	-
1	چیزی  	-  	-	-	-
2	جز  	-  	-	-	-
3	از  	-  	-	-	-
4	بید  	-  	-	-	-
5	و  	-  	-	-	-
6	سرو  	-  	-	-	-
0	خرامان  	-  	-	-	-
1	بزیر  	-  	-	-	-
2	گل  	-  	-	-	-
3	اندر  	-  	-	-	-
4	تذرو  	-  	-	-	-
0	اعضا  	-  	-	-	-
1	مرحوم  	-  	-	-	-
2	کافی  	-  	-	-	-
0	براکت  	-  	-	-	-
1	ممکن  	-  	-	-	-
2	است  	-  	-	-	-
3	به  	-  	-	-	-
4	موارد  	-  	-	-	-
5	زیر  	-  	-	-	-
6	اشاره  	-  	-	-	-
0	یکی  	-  	-	-	-
1	از  	-  	-	-	-
2	تبلیغ  	-  	-	-	-
3	برای  	-  	-	-	-
4	شرکت  	-  	-	-	-
0	ستاره  	-  	-	-	-
1	بزرگ  	-  	-	-	-
2	ایران  	-  	-	-	-
3	برسر  	-  	-	-	-
4	دار‌مکافات  	-  	-	-	-
0	اهمیت  	-  	-	-	-
1	عقل  	-  	-	-	-
2	معاش  	-  	-	-	-
3	در  	-  	-	-	-
4	کنار  	-  	-	-	-
5	عقل  	-  	-	-	-
6	معاد  	-  	-	-	-
7	از  	-  	-	-	-
8	منظر  	-  	-	-	-
9	حضرت  	-  	-	-	-
10	علی  	-  	-	-	-
0	رفافت‌مرد  	-  	-	-	-
1	روزگار  	-  	-	-	-
2	با  	-  	-	-	-
3	ما  	-  	-	-	-
4	نساختی  	-  	-	-	-
5	نگذشت  	-  	-	-	-
0	سرایت  	-  	-	-	-
1	جنایات  	-  	-	-	-
2	در  	-  	-	-	-
3	اصطلاح  	-  	-	-	-
4	یعنی  	-  	-	-	-
5	هر  	-  	-	-	-
6	جنایتی  	-  	-	-	-
7	که  	-  	-	-	-
8	بر  	-  	-	-	-
9	تمامیت  	-  	-	-	-
10	جسمانی  	-  	-	-	-
11	افراد  	-  	-	-	-
12	وارد  	-  	-	-	-
13	شود  	-  	-	-	-
0	این  	-  	-	-	-
1	نوشتار  	-  	-	-	-
2	و  	-  	-	-	-
3	آلبوم‌های‌مرجان‌را  	-  	-	-	-
4	فهرست  	-  	-	-	-
0	در  	-  	-	-	-
1	برنامه  	-  	-	-	-
2	امشب  	-  	-	-	-
3	قاب  	-  	-	-	-
4	نقد  	-  	-	-	-
5	مجموعه  	-  	-	-	-
6	تلویزیونی  	-  	-	-	-
7	به  	-  	-	-	-
8	کارگردانی  	-  	-	-	-
9	جمشید  	-  	-	-	-
10	محمودی  	-  	-	-	-
11	که  	-  	-	-	-
12	به  	-  	-	-	-
13	تازگی  	-  	-	-	-
14	پخش  	-  	-	-	-
15	ان  	-  	-	-	-
16	از  	-  	-	-	-
17	شبکه  	-  	-	-	-
18	دو  	-  	-	-	-
19	سیما  	-  	-	-	-
20	به  	-  	-	-	-
21	پایان  	-  	-	-	-
0	در  	-  	-	-	-
1	زیر  	-  	-	-	-
2	فهرست‌کارگردانان‌ایرانی‌تبار  	-  	-	-	-
3	سینما  	-  	-	-	-
4	و  	-  	-	-	-
5	جهان  	-  	-	-	-
6	.  	-  	-	-	-
0	قسطنطنیه  	-  	-	-	-
1	عربی‌شده‌ی  	-  	-	-	-
2	کُنستانتینوپول  	-  	-	-	-
3	(  	-  	-	-	-
4	)  	-  	-	-	-
0	ما  	-  	-	-	-
1	دوست  	-  	-	-	-
2	داریم  	-  	-	-	-
3	که  	-  	-	-	-
4	برنده  	-  	-	-	-
5	باشیم  	-  	-	-	-
6	و  	-  	-	-	-
7	نه‌بازنده  	-  	-	-	-
0	فروشنده‌روایتگر  	-  	-	-	-
1	داستان  	-  	-	-	-
2	زوج  	-  	-	-	-
3	جوانی  	-  	-	-	-
4	است  	-  	-	-	-
5	که  	-  	-	-	-
6	در  	-  	-	-	-
7	حال  	-  	-	-	-
8	اجرای  	-  	-	-	-
9	نمایشنامه  	-  	-	-	-
10	مرگ  	-  	-	-	-
11	فروشند  	-  	-	-	-
12	میلر  	-  	-	-	-
13	هستند  	-  	-	-	-
0	در  	-  	-	-	-
1	زبان  	-  	-	-	-
2	فارسی  	-  	-	-	-
3	این  	-  	-	-	-
4	ایل  	-  	-	-	-
5	را  	-  	-	-	-
6	به  	-  	-	-	-
7	اسم‌ترکاشوند‌می  	-  	-	-	-
8	شناسند  	-  	-	-	-
0	اگر  	-  	-	-	-
1	در  	-  	-	-	-
2	منطقه  	-  	-	-	-
3	چمستان  	-  	-	-	-
4	ویلا  	-  	-	-	-
5	بخرید  	-  	-	-	-
6	یا  	-  	-	-	-
7	کنید  	-  	-	-	-
0	تمام  	-  	-	-	-
1	سیر  	-  	-	-	-
2	وان  	-  	-	-	-
3	خسروی  	-  	-	-	-
4	بهمراه  	-  	-	-	-
5	و  	-  	-	-	-
6	فول  	-  	-	-	-
7	البوم  	-  	-	-	-
8	سیر  	-  	-	-	-
9	وان  	-  	-	-	-
10	خسروی  	-  	-	-	-
11	و  	-  	-	-	-
12	متن  	-  	-	-	-
13	و  	-  	-	-	-
14	درادامه  	-  	-	-	-
15	قرار  	-  	-	-	-
16	دارد  	-  	-	-	-
0	شرکت  	-  	-	-	-
1	مهاجرتیک  	-  	-	-	-
2	نکا  	-  	-	-	-
3	ش  	-  	-	-	-
4	ارایه  	-  	-	-	-
5	دهنده  	-  	-	-	-
6	خدمات  	-  	-	-	-
7	مهاجرت  	-  	-	-	-
8	به  	-  	-	-	-
9	کانادا  	-  	-	-	-
10	و  	-  	-	-	-
11	اقامت  	-  	-	-	-
12	کانادا  	-  	-	-	-
0	جدیدترین  	-  	-	-	-
1	خودروسازی  	-  	-	-	-
2	ایران  	-  	-	-	-
3	برای  	-  	-	-	-
4	صنعت  	-  	-	-	-
5	و  	-  	-	-	-
6	مردم  	-  	-	-	-
7	کشور  	-  	-	-	-
0	شرکت  	-  	-	-	-
1	بهنوش  	-  	-	-	-
2	ایران  	-  	-	-	-
3	اولین  	-  	-	-	-
4	تولیدکننده  	-  	-	-	-
5	ماءالشعیر  	-  	-	-	-
6	در  	-  	-	-	-
7	ایران  	-  	-	-	-
8	است  	-  	-	-	-
0	نام  	-  	-	-	-
1	پدرم  	-  	-	-	-
2	اه  	-  	-	-	-
3	دخت  	-  	-	-	-
4	علی  	-  	-	-	-
5	خان  	-  	-	-	-
6	بود  	-  	-	-	-
0	نبی  	-  	-	-	-
1	الله  	-  	-	-	-
2	سلیمان  	-  	-	-	-
3	(ع)  	-  	-	-	-
4	از  	-  	-	-	-
5	پیامبران  	-  	-	-	-
6	بزرگ  	-  	-	-	-
0	بازار  	-  	-	-	-
1	خودروهای  	-  	-	-	-
2	وانت  	-  	-	-	-
3	چند  	-  	-	-	-
4	سالی  	-  	-	-	-
5	است  	-  	-	-	-
6	که  	-  	-	-	-
7	تنوع  	-  	-	-	-
8	بیشتری  	-  	-	-	-
9	به  	-  	-	-	-
10	خود  	-  	-	-	-
0	قصد  	-  	-	-	-
1	ما  	-  	-	-	-
2	بررسینی  	-  	-	-	-
3	ابت  	-  	-	-	-
4	قضایی  	-  	-	-	-
5	است  	-  	-	-	-
0	یکی  	-  	-	-	-
1	از  	-  	-	-	-
2	عضوهای  	-  	-	-	-
3	اوراق  	-  	-	-	-
4	اداری  	-  	-	-	-
5	.  	-  	-	-	-
0	نامیرا‌نام  	-  	-	-	-
1	رمانی  	-  	-	-	-
2	از  	-  	-	-	-
3	صادق  	-  	-	-	-
4	کرمیار  	-  	-	-	-
5	است  	-  	-	-	-
6	که  	-  	-	-	-
7	روایتگر  	-  	-	-	-
8	واقعه  	-  	-	-	-
9	عاشورا  	-  	-	-	-
10	است  	-  	-	-	-
0	کمیته  	-  	-	-	-
1	ملی  	-  	-	-	-
2	المپیک  	-  	-	-	-
3	به  	-  	-	-	-
4	سهراب  	-  	-	-	-
5	مرادی  	-  	-	-	-
6	بابت  	-  	-	-	-
7	رکوردشکنی  	-  	-	-	-
8	پاداش  	-  	-	-	-
9	داد  	-  	-	-	-
0	به  	-  	-	-	-
1	نظر  	-  	-	-	-
2	نادم  	-  	-	-	-
3	هیچ  	-  	-	-	-
4	کار  	-  	-	-	-
5	ناشدنی  	-  	-	-	-
6	در  	-  	-	-	-
7	دنیا  	-  	-	-	-
8	نیست  	-  	-	-	-
0	بادمجان‌یکی  	-  	-	-	-
1	از  	-  	-	-	-
2	است  	-  	-	-	-
3	که  	-  	-	-	-
4	در  	-  	-	-	-
5	تمام  	-  	-	-	-
6	فصول  	-  	-	-	-
7	سال  	-  	-	-	-
8	وجود  	-  	-	-	-
9	دارد  	-  	-	-	-
0	ناصر  	-  	-	-	-
1	بانام  	-  	-	-	-
2	هنری‌کیوان‌از  	-  	-	-	-
3	خوانندگان  	-  	-	-	-
4	سبک  	-  	-	-	-
5	پاپ  	-  	-	-	-
6	اهل  	-  	-	-	-
7	ایران  	-  	-	-	-
8	است  	-  	-	-	-
0	خون‌آشام‌در  	-  	-	-	-
1	و  	-  	-	-	-
2	فرهنگ  	-  	-	-	-
3	فولکلوریک  	-  	-	-	-
4	مردم  	-  	-	-	-
5	اروپا  	-  	-	-	-
0	قابلیت‌اطمینان‌در  	-  	-	-	-
1	حقیقت  	-  	-	-	-
2	احتمال  	-  	-	-	-
3	موفقیت  	-  	-	-	-
4	در  	-  	-	-	-
5	است  	-  	-	-	-
0	با  	-  	-	-	-
1	سنگ  	-  	-	-	-
2	صافی  	-  	-	-	-
3	که  	-  	-	-	-
4	پای  	-  	-	-	-
5	در  	-  	-	-	-
6	نشیمن  	-  	-	-	-
7	به  	-  	-	-	-
8	راهرو  	-  	-	-	-
9	بود  	-  	-	-	-
10	می‌شکستیمشان‌می  	-  	-	-	-
11	خوردیمشان  	-  	-	-	-
0	از  	-  	-	-	-
1	اعلام  	-  	-	-	-
2	شد  	-  	-	-	-
3	فعالیت‌پارکبان‌ها  	-  	-	-	-
4	قانونی  	-  	-	-	-
5	نیست  	-  	-	-	-
0	همرفت‌انتقال  	-  	-	-	-
1	گرمایی  	-  	-	-	-
2	ازطریق  	-  	-	-	-
3	حرکت  	-  	-	-	-
4	سیالی  	-  	-	-	-
5	مانند  	-  	-	-	-
6	هوا  	-  	-	-	-
7	یا  	-  	-	-	-
8	اب  	-  	-	-	-
9	است  	-  	-	-	-
0	زکام‌در  	-  	-	-	-
1	زبان  	-  	-	-	-
2	عربی  	-  	-	-	-
3	همان  	-  	-	-	-
4	سرماخوردگی  	-  	-	-	-
5	است  	-  	-	-	-
6	اما  	-  	-	-	-
7	در  	-  	-	-	-
8	اصطلاح  	-  	-	-	-
9	طب  	-  	-	-	-
10	سنتی‌زُکام‌یا  	-  	-	-	-
11	نَزْله‌ی  	-  	-	-	-
12	یا  	-  	-	-	-
13	چایمان  	-  	-	-	-
14	به  	-  	-	-	-
15	معنی  	-  	-	-	-
16	التهاب  	-  	-	-	-
17	بافت  	-  	-	-	-
18	مخاطی  	-  	-	-	-
0	واتیکان‌دولت‌شهری  	-  	-	-	-
1	مستقل  	-  	-	-	-
2	است  	-  	-	-	-
3	که  	-  	-	-	-
4	در  	-  	-	-	-
5	درون  	-  	-	-	-
6	شهر  	-  	-	-	-
7	رم  	-  	-	-	-
8	در  	-  	-	-	-
9	کشور  	-  	-	-	-
10	ایتالیا  	-  	-	-	-
11	جای  	-  	-	-	-
12	دارد  	-  	-	-	-
0	در  	-  	-	-	-
1	صورت  	-  	-	-	-
2	نشت  	-  	-	-	-
3	گاز  	-  	-	-	-
4	و  	-  	-	-	-
5	یا  	-  	-	-	-
6	استشمام  	-  	-	-	-
7	بوی  	-  	-	-	-
8	ان  	-  	-	-	-
0	پرهام  	-  	-	-	-
0	به  	-  	-	-	-
1	شما  	-  	-	-	-
2	نیز  	-  	-	-	-
3	که  	-  	-	-	-
4	اژدها  	-  	-	-	-
5	موجودی  	-  	-	-	-
6	بوده  	-  	-	-	-
7	و  	-  	-	-	-
8	هیچگاه  	-  	-	-	-
9	وجود  	-  	-	-	-
10	خارجی  	-  	-	-	-
0	فصل‌باران‌است‌بارانی‌شویم  	-  	-	-	-
1	از  	-  	-	-	-
2	درون  	-  	-	-	-
3	جوشیم  	-  	-	-	-
4	و  	-  	-	-	-
5	طوفانی  	-  	-	-	-
6	شویم  	-  	-	-	-
0	بازی  	-  	-	-	-
1	معمایی  	-  	-	-	-
2	هست  	-  	-	-	-
3	که  	-  	-	-	-
4	رد  	-  	-	-	-
5	کردن  	-  	-	-	-
6	وقت  	-  	-	-	-
7	و  	-  	-	-	-
8	تمرکز  	-  	-	-	-
9	زیادی  	-  	-	-	-
0	آزمودگی‌یا  	-  	-	-	-
1	آروین  	-  	-	-	-
2	در  	-  	-	-	-
3	مفهوم  	-  	-	-	-
4	عمومی  	-  	-	-	-
5	به	_	_	_	_
6	همه	_	_	_	_
7	مهارت‌ها	_	_	_	_
8	و	_	_	_	_
9	دانسته‌ها	_	_	_	_
10	،	_	_	_	_
11	از	_	_	_	_
12	برخی	_	_	_	_
13	پدیده‌ها	_	_	_	_
14	و	_	_	_	_
15	موضوعات	_	_	_	_
16	که	_	_	_	_
17	ناشی	_	_	_	_
18	از	_	_	_	_
19	برخورد	_	_	_	_
20	با	_	_	_	_
21	آن	_	_	_	_
22	موضوع	_	_	_	_
23	و	_	_	_	_
24	درگیری	_	_	_	_
25	با	_	_	_	_
26	آن	_	_	_	_
27	پدیده	_	_	_	_
28	درخلال	_	_	_	_
29	دورانی	_	_	_	_
30	معین	_	_	_	_
31	است	_	_	_	_


