0	روزی  	-  	-	-	-
1	روزگاری  	-  	-	-	-
2	سگ  	-  	-	-	-
3	سنگی  	-  	-	-	-
4	را  	-  	-	-	-
5	بلند  	-  	-	-	-
6	کرد  	-  	-	-	-
7	وبا  	-  	-	-	-
8	پوزه  	-  	-	-	-
9	خود  	-  	-	-	-
10	به  	-  	-	-	-
11	وان  	-  	-	-	-
12	ور  	-  	-	-	-
13	پرتاب  	-  	-	-	-
14	من  	-  	-	-	-
15	که  	-  	-	-	-
16	زنم  	-  	-	-	-
17	در  	-  	-	-	-
18	کنار  	-  	-	-	-
19	م  	-  	-	-	-
20	ایستادﺓ  	-  	-	-	-
21	بود  	-  	-	-	-
22	و  	-  	-	-	-
23	گزی  	-  	-	-	-
24	در  	-  	-	-	-
25	دستم  	-  	-	-	-
26	بود  	-  	-	-	-
27	بﺓ  	-  	-	-	-
28	سگ  	-  	-	-	-
29	زنگین  	-  	-	-	-
30	رنگ  	-  	-	-	-
31	اشت  	-  	-	-	-
32	را  	-  	-	-	-
33	تعارف  	-  	-	-	-
34	کردم  	-  	-	-	-
35	او  	-  	-	-	-
36	که  	-  	-	-	-
37	از  	-  	-	-	-
38	این  	-  	-	-	-
39	کار  	-  	-	-	-
40	اتشین  	-  	-	-	-
41	بﺓ  	-  	-	-	-
42	ﺓمه‌ی  	-  	-	-	-
43	کاخ  	-  	-	-	-
44	نشینان  	-  	-	-	-
45	فریاد  	-  	-	-	-
46	برد  	-  	-	-	-
47	و  	-  	-	-	-
48	خودش  	-  	-	-	-
49	را  	-  	-	-	-
50	پاک  	-  	-	-	-
51	کرد  	-  	-	-	-
52	و  	-  	-	-	-
53	هوایی  	-  	-	-	-
54	شده  	-  	-	-	-
55	و  	-  	-	-	-
56	به  	-  	-	-	-
57	دشت  	-  	-	-	-
58	آﺓوان  	-  	-	-	-
59	زد  	-  	-	-	-
60	.  	-  	-	-	-
61	کفی  	-  	-	-	-
62	کفش  	-  	-	-	-
63	من  	-  	-	-	-
64	ﺓم  	-  	-	-	-
65	کاشف  	-  	-	-	-
66	اکتشافات  	-  	-	-	-
67	یک  	-  	-	-	-
68	کشف  	-  	-	-	-
69	بزرگ  	-  	-	-	-
70	که  	-  	-	-	-
71	درسر  	-  	-	-	-
72	ور  	-  	-	-	-
73	خ  	-  	-	-	-
74	و  	-  	-	-	-
75	سینه  	-  	-	-	-
76	و  	-  	-	-	-
77	سرخ  	-  	-	-	-
78	منبه  	-  	-	-	-
79	کرات  	-  	-	-	-
80	نمایان  	-  	-	-	-
81	بود  	-  	-	-	-
82	.  	-  	-	-	-
83	.  	-  	-	-	-
84	با  	-  	-	-	-
85	باد  	-  	-	-	-
86	ﺓمراﺓ  	-  	-	-	-
87	شد  	-  	-	-	-
88	.  	-  	-	-	-
89	،  	-  	-	-	-
90	پریان  	-  	-	-	-
91	پیرین  	-  	-	-	-
92	همکه  	-  	-	-	-
93	پنیر  	-  	-	-	-
94	را  	-  	-	-	-
95	برداشته  	-  	-	-	-
96	و  	-  	-	-	-
97	شناکنان  	-  	-	-	-
98	با  	-  	-	-	-
99	اشنایی  	-  	-	-	-
100	به  	-  	-	-	-
101	مزه  	-  	-	-	-
102	.  	-  	-	-	-
103	انها  	-  	-	-	-
104	میل  	-  	-	-	-
105	نداشتند  	-  	-	-	-
106	اما  	-  	-	-	-
107	سایه  	-  	-	-	-
108	ﺓای  	-  	-	-	-
109	سیاﺓین  	-  	-	-	-
110	بازآمدﺓ  	-  	-	-	-
111	و  	-  	-	-	-
112	بازی  	-  	-	-	-
113	زیبایی  	-  	-	-	-
114	رابین  	-  	-	-	-
115	انان  	-  	-	-	-
116	و  	-  	-	-	-
117	آدمآن  	-  	-	-	-
118	بﺓ  	-  	-	-	-
119	راﺓ  	-  	-	-	-
120	انداخته  	-  	-	-	-
121	بودندودما  	-  	-	-	-
122	بالا  	-  	-	-	-
123	.  	-  	-	-	-
124	نبات  	-  	-	-	-
125	و  	-  	-	-	-
126	برنج  	-  	-	-	-
127	و  	-  	-	-	-
128	.  	-  	-	-	-
129	.  	-  	-	-	-
130	.  	-  	-	-	-
131	.  	-  	-	-	-
132	تمشک  	-  	-	-	-
133	ﺓارمز  	-  	-	-	-
134	رزمندگی  	-  	-	-	-
135	در  	-  	-	-	-
136	مرزﺓای  	-  	-	-	-
137	ترمز  	-  	-	-	-
138	بریدن  	-  	-	-	-
139	یاران  	-  	-	-	-
140	دربرابر  	-  	-	-	-
141	کلم  	-  	-	-	-
142	برای  	-  	-	-	-
143	کلمن  	-  	-	-	-
144	است  	-  	-	-	-
145	.  	-  	-	-	-
146	کاه  	-  	-	-	-
147	که  	-  	-	-	-
148	از  	-  	-	-	-
149	به  	-  	-	-	-
150	هم  	-  	-	-	-
151	پیوستﺓ  	-  	-	-	-
152	بﺓ  	-  	-	-	-
153	وجود  	-  	-	-	-
154	امده  	-  	-	-	-
155	ارزش  	-  	-	-	-
156	کاهو  	-  	-	-	-
157	ندارد  	-  	-	-	-
158	و  	-  	-	-	-
159	ما  	-  	-	-	-
160	به  	-  	-	-	-
161	صدمین  	-  	-	-	-
162	لغت  	-  	-	-	-
163	از  	-  	-	-	-
164	و  	-  	-	-	-
165	لغات  	-  	-	-	-
166	رسیدیم  	-  	-	-	-
167	!  	-  	-	-	-
168	وتا  	-  	-	-	-
169	۱۰۰۰  	-  	-	-	-
170	هابار  	-  	-	-	-
171	رفتیم  	-  	-	-	-
172	!  	-  	-	-	-
173	پیراﺓنش  	-  	-	-	-
174	را  	-  	-	-	-
175	با  	-  	-	-	-
176	دارچین  	-  	-	-	-
177	در  	-  	-	-	-
178	کابینت  	-  	-	-	-
179	کﺓ  	-  	-	-	-
180	جنگندﺔ  	-  	-	-	-
181	پسرش  	-  	-	-	-
182	که  	-  	-	-	-
183	در  	-  	-	-	-
184	شومینﺔ  	-  	-	-	-
185	انجا  	-  	-	-	-
186	بودگذاریده  	-  	-	-	-
187	و  	-  	-	-	-
188	باخمپاره  	-  	-	-	-
189	نمکدان  	-  	-	-	-
190	را  	-  	-	-	-
191	برداشت  	-  	-	-	-
192	.  	-  	-	-	-
193	شمعدان  	-  	-	-	-
194	گردگیری  	-  	-	-	-
195	شهریور  	-  	-	-	-
196	سرزمینی  	-  	-	-	-
197	بی  	-  	-	-	-
198	نگهبان  	-  	-	-	-
199	استآیا  	-  	-	-	-
200	تو  	-  	-	-	-
201	شلوارکشی  	-  	-	-	-
202	که  	-  	-	-	-
203	سیاهرگ  	-  	-	-	-
204	.  	-  	-	-	-
205	.  	-  	-	-	-
206	.  	-  	-	-	-
207	گلوبند  	-  	-	-	-
208	را  	-  	-	-	-
209	دست  	-  	-	-	-
210	و  	-  	-	-	-
211	مهتابی  	-  	-	-	-
212	را  	-  	-	-	-
213	.  	-  	-	-	-
214	پسرک  	-  	-	-	-
215	هوشیار  	-  	-	-	-
216	را  	-  	-	-	-
217	قصه  	-  	-	-	-
218	بادمجان  	-  	-	-	-
219	را  	-  	-	-	-
220	با  	-  	-	-	-
221	دم  	-  	-	-	-
222	جانم  	-  	-	-	-
223	مقایسه  	-  	-	-	-
224	کرد  	-  	-	-	-
225	؟  	-  	-	-	-
226	ماهیگیر  	-  	-	-	-
227	دیگر  	-  	-	-	-
228	گیرهای  	-  	-	-	-
229	نداشت  	-  	-	-	-
230	و  	-  	-	-	-
231	فرنی  	-  	-	-	-
232	خود  	-  	-	-	-
233	را  	-  	-	-	-
234	کرد  	-  	-	-	-
235	.  	-  	-	-	-
236	جالباسی  	-  	-	-	-
237	هنرپیشه  	-  	-	-	-
238	دو  	-  	-	-	-
239	عنوان  	-  	-	-	-
240	!  	-  	-	-	-
241	که  	-  	-	-	-
242	دربست  	-  	-	-	-
243	به  	-  	-	-	-
244	ازادی  	-  	-	-	-
245	.  	-  	-	-	-
246	شالیزار  	-  	-	-	-
247	پر  	-  	-	-	-
248	از  	-  	-	-	-
249	بلدرچین  	-  	-	-	-
250	ﺔای  	-  	-	-	-
251	کماندار  	-  	-	-	-
252	دانمارک  	-  	-	-	-
253	که  	-  	-	-	-
254	کﺔ  	-  	-	-	-
255	چلوکباب  	-  	-	-	-
256	شد  	-  	-	-	-
257	و  	-  	-	-	-
258	من  	-  	-	-	-
259	بﺔ  	-  	-	-	-
260	ستوان  	-  	-	-	-
261	نگفتم  	-  	-	-	-
262	.  	-  	-	-	-
263	.  	-  	-	-	-
264	مخابره  	-  	-	-	-
265	و  	-  	-	-	-
266	مخابرات  	-  	-	-	-
267	شنوایی  	-  	-	-	-
268	و  	-  	-	-	-
269	روشنایی  	-  	-	-	-
270	در  	-  	-	-	-
271	شیروانی  	-  	-	-	-
272	از  	-  	-	-	-
273	من  	-  	-	-	-
274	اردوگاه  	-  	-	-	-
275	درگاهی  	-  	-	-	-
276	بر  	-  	-	-	-
277	برای  	-  	-	-	-
278	کارنامه  	-  	-	-	-
279	ارزان  	-  	-	-	-
280	رایانه  	-  	-	-	-
281	است  	-  	-	-	-
282	به  	-  	-	-	-
283	قبرستان  	-  	-	-	-
284	پیش  	-  	-	-	-
285	نهاد  	-  	-	-	-
286	ثروتمند  	-  	-	-	-
287	سرسخت  	-  	-	-	-
288	خود  	-  	-	-	-
289	را  	-  	-	-	-
289	در  	-  	-	-	-
290	داشبورد  	-  	-	-	-
291	گارانتی  	-  	-	-	-
292	کرد  	-  	-	-	-
293	این  	-  	-	-	-
294	سنگاپور  	-  	-	-	-
295	علیست  	-  	-	-	-
296	چون  	-  	-	-	-
297	او  	-  	-	-	-
298	همیشه‌ام  	-  	-	-	-
299	.  	-  	-	-	-
300	.  	-  	-	-	-
301	باغول  	-  	-	-	-
302	.  	-  	-	-	-
303	.  	-  	-	-	-
304	.  	-  	-	-	-
305	ورزشکار  	-  	-	-	-
306	ارامبخش  	-  	-	-	-
307	بسکتبال  	-  	-	-	-
308	و  	-  	-	-	-
309	بسکتکار  	-  	-	-	-
310	پیشکسوت  	-  	-	-	-
311	.  	-  	-	-	-
312	بندباز  	-  	-	-	-
313	منشی  	-  	-	-	-
314	عجیب  	-  	-	-	-
315	داشت  	-  	-	-	-
316	.  	-  	-	-	-
0	ازانجا  	-  	-	-	-
1	انجا  	-  	-	-	-
2	برای  	-  	-	-	-
3	ﺓمه‌ی  	-  	-	-	-
4	ما  	-  	-	-	-
5	مشخص  	-  	-	-	-
6	است  	-  	-	-	-
7	در  	-  	-	-	-
8	این  	-  	-	-	-
9	جملات  	-  	-	-	-
10	نیز  	-  	-	-	-
11	مانند  	-  	-	-	-
12	استاندارد  	-  	-	-	-
13	نباید  	-  	-	-	-
14	استاندارد  	-  	-	-	-
15	و  	-  	-	-	-
16	اشتباه  	-  	-	-	-
17	بنویسیمم  	-  	-	-	-
0	همچنین  	-  	-	-	-
1	نباید  	-  	-	-	-
2	کرد  	-  	-	-	-
3	کﺓ  	-  	-	-	-
4	کلماتمانند  	-  	-	-	-
5	این  	-  	-	-	-
6	قسمت  	-  	-	-	-
7	اینطور  	-  	-	-	-
8	پشتبهپشت  	-  	-	-	-
9	هم  	-  	-	-	-
10	باشد  	-  	-	-	-
0	باتمام  	-  	-	-	-
1	این  	-  	-	-	-
2	تفاسیر  	-  	-	-	-
3	!  	-  	-	-	-
4	قلط  	-  	-	-	-
5	املایی  	-  	-	-	-
6	هم  	-  	-	-	-
7	خود  	-  	-	-	-
8	عجیب  	-  	-	-	-
9	قریب  	-  	-	-	-
0	.  	-  	-	-	-
0	در  	-  	-	-	-
1	این  	-  	-	-	-
2	متن  	-  	-	-	-
3	غلط  	-  	-	-	-
4	املایی  	-  	-	-	-
5	هم  	-  	-	-	-
6	هست  	-  	-	-	-
7	؟  	-  	-	-	-
8	!  	-  	-	-	-
0	در  	-  	-	-	-
1	این  	-  	-	-	-
2	متن  	-  	-	-	-
3	ه‌ها  	-  	-	-	-
4	و  	-  	-	-	-
5	ک‌ها  	-  	-	-	-
6	و‌ی‌ها  	-  	-	-	-
7	در  	-  	-	-	-
8	مختلف  	-  	-	-	-
9	به  	-  	-	-	-
10	در  	-  	-	-	-
11	واحد  	-  	-	-	-
12	بررسی  	-  	-	-	-
13	به  	-  	-	-	-
14	اختصاری  	-  	-	-	-
15	.  	-  	-	-	-
16	.  	-  	-	-	-
0	در  	-  	-	-	-
1	این  	-  	-	-	-
2	متن  	-  	-	-	-
3	اسپیس  	-  	-	-	-
4	و  	-  	-	-	-
5	فاصله  	-  	-	-	-
6	أصلا  	-  	-	-	-
7	خراب‌هستند  	-  	-	-	-
8	به  	-  	-	-	-
9	دفعات  	-  	-	-	-
0	در  	-  	-	-	-
1	این  	-  	-	-	-
2	متن  	-  	-	-	-
3	نقطه  	-  	-	-	-
4	یعنی  	-  	-	-	-
5	همین  	-  	-	-	-
6	.  	-  	-	-	-
0	حال  	-  	-	-	-
1	برای  	-  	-	-	-
2	بررسی  	-  	-	-	-
3	کلمات  	-  	-	-	-
4	دیگر  	-  	-	-	-
5	به  	-  	-	-	-
6	چند  	-  	-	-	-
7	نمونه  	-  	-	-	-
8	از  	-  	-	-	-
9	سری  	-  	-	-	-
10	عبارات  	-  	-	-	-
11	دیگگگر  	-  	-	-	-
12	روی  	-  	-	-	-
13	که  	-  	-	-	-
14	تاریخ  	-  	-	-	-
15	دارند  	-  	-	-	-
16	؛  	-  	-	-	-
0	من  	-  	-	-	-
1	و  	-  	-	-	-
2	دوستم  	-  	-	-	-
3	در  	-  	-	-	-
4	تاریخ  	-  	-	-	-
5	۱۲  	-  	-	-	-
6	۳  	-  	-	-	-
7	۹۷  	-  	-	-	-
8	یا  	-  	-	-	-
9	شاید  	-  	-	-	-
10	۹۷  	-  	-	-	-
11	۱۲  	-  	-	-	-
12	۳  	-  	-	-	-
13	که  	-  	-	-	-
14	در  	-  	-	-	-
15	یاد  	-  	-	-	-
16	ندارم  	-  	-	-	-
17	به  	-  	-	-	-
18	یک  	-  	-	-	-
19	مغازه  	-  	-	-	-
20	رفتیم  	-  	-	-	-
21	که  	-  	-	-	-
22	۱۲  	-  	-	-	-
23	۵  	-  	-	-	-
24	بشقاب  	-  	-	-	-
25	بخریم  	-  	-	-	-
0	دوستم  	-  	-	-	-
1	در  	-  	-	-	-
2	همان  	-  	-	-	-
3	وضعیت  	-  	-	-	-
4	در  	-  	-	-	-
5	۱۲  	-  	-	-	-
6	۵  	-  	-	-	-
7	۱۳۹۷  	-  	-	-	-
8	باز  	-  	-	-	-
9	به  	-  	-	-	-
10	مغازه  	-  	-	-	-
11	مذکور  	-  	-	-	-
12	مراجعه  	-  	-	-	-
13	کرد  	-  	-	-	-
14	!  	-  	-	-	-
15	!  	-  	-	-	-
16	!  	-  	-	-	-
0	به  	-  	-	-	-
1	دوست  	-  	-	-	-
2	خود  	-  	-	-	-
3	گفتم  	-  	-	-	-
4	چرا  	-  	-	-	-
5	۱۳۹۷  	-  	-	-	-
6	۵  	-  	-	-	-
7	۱۲  	-  	-	-	-
8	نرفتی  	-  	-	-	-
9	که  	-  	-	-	-
10	گفت  	-  	-	-	-
11	به  	-  	-	-	-
12	تو  	-  	-	-	-
13	چه  	-  	-	-	-
14	!  	-  	-	-	-
15	!  	-  	-	-	-
16	؟  	-  	-	-	-
0	من  	-  	-	-	-
1	هم  	-  	-	-	-
2	که  	-  	-	-	-
3	ناراحت  	-  	-	-	-
4	بودم  	-  	-	-	-
5	در  	-  	-	-	-
6	حساب  	-  	-	-	-
7	به  	-  	-	-	-
8	شماره  	-  	-	-	-
9	۴۳۵  	-  	-	-	-
10	،  	-  	-	-	-
11	۲۴۲۳۴۲۵  	-  	-	-	-
12	۱۲  	-  	-	-	-
13	،  	-  	-	-	-
14	۱۲۳۱۲  	-  	-	-	-
15	تومان  	-  	-	-	-
16	پول  	-  	-	-	-
17	ریختم  	-  	-	-	-
18	بعد  	-  	-	-	-
19	رفتم  	-  	-	-	-
20	و  	-  	-	-	-
21	۱۲۳  	-  	-	-	-
22	۱۲۳  	-  	-	-	-
23	۲۳۵  	-  	-	-	-
24	۳۴۵  	-  	-	-	-
25	۳۴۵  	-  	-	-	-
26	را  	-  	-	-	-
27	که  	-  	-	-	-
28	به  	-  	-	-	-
29	﷼  	-  	-	-	-
30	بود  	-  	-	-	-
31	به  	-  	-	-	-
32	دلار  	-  	-	-	-
33	کردم  	-  	-	-	-
34	شد  	-  	-	-	-
35	۲  	-  	-	-	-
36	و  	-  	-	-	-
37	از  	-  	-	-	-
38	تعجب  	-  	-	-	-
39	شدم  	-  	-	-	-
0	در  	-  	-	-	-
1	همین  	-  	-	-	-
2	حین  	-  	-	-	-
3	فکر  	-  	-	-	-
4	کردم  	-  	-	-	-
5	شاید  	-  	-	-	-
6	بهتر  	-  	-	-	-
7	بود  	-  	-	-	-
8	و  	-  	-	-	-
9	۱۲۳  	-  	-	-	-
10	،  	-  	-	-	-
11	۲۳۵  	-  	-	-	-
12	،  	-  	-	-	-
13	۳۴۵  	-  	-	-	-
14	تومان  	-  	-	-	-
15	را  	-  	-	-	-
16	ادامس  	-  	-	-	-
0	اما  	-  	-	-	-
1	متوجه  	-  	-	-	-
2	شدم  	-  	-	-	-
3	بهترین  	-  	-	-	-
4	کار  	-  	-	-	-
5	انست  	-  	-	-	-
6	که  	-  	-	-	-
7	و  	-  	-	-	-
8	۱۲۳  	-  	-	-	-
9	۱۲۳  	-  	-	-	-
10	۲۳۵  	-  	-	-	-
11	۳۴۵  	-  	-	-	-
12	۳۴۵  	-  	-	-	-
13	﷼  	-  	-	-	-
14	را  	-  	-	-	-
15	به  	-  	-	-	-
16	دوست  	-  	-	-	-
17	دیگرم  	-  	-	-	-
18	که  	-  	-	-	-
19	۱۲۳  	-  	-	-	-
20	۱۲۳  	-  	-	-	-
21	۲۳۵  	-  	-	-	-
22	۳۴۵  	-  	-	-	-
23	۳۴۵  	-  	-	-	-
24	﷼  	-  	-	-	-
25	و  	-  	-	-	-
26	همین  	-  	-	-	-
27	شد  	-  	-	-	-
28	که  	-  	-	-	-
29	برگشتم  	-  	-	-	-
30	و  	-  	-	-	-
31	دلار  	-  	-	-	-
32	خود  	-  	-	-	-
33	را  	-  	-	-	-
34	ریال  	-  	-	-	-
35	کردم  	-  	-	-	-
36	اما  	-  	-	-	-
37	باز  	-  	-	-	-
38	به  	-  	-	-	-
39	من  	-  	-	-	-
40	۲  	-  	-	-	-
41	۵  	-  	-	-	-
42	میلیون  	-  	-	-	-
43	﷼  	-  	-	-	-
44	دادند  	-  	-	-	-
45	و  	-  	-	-	-
46	بقیه  	-  	-	-	-
47	را  	-  	-	-	-
48	با  	-  	-	-	-
49	کلاهم  	-  	-	-	-
50	برداشتند  	-  	-	-	-
51	و  	-  	-	-	-
52	بردند  	-  	-	-	-
53	،  	-  	-	-	-
54	۵  	-  	-	-	-
55	میلیون  	-  	-	-	-
56	﷼  	-  	-	-	-
57	که  	-  	-	-	-
58	۰  	-  	-	-	-
59	۲۵  	-  	-	-	-
60	یا  	-  	-	-	-
61	۲۵  	-  	-	-	-
62	۰  	-  	-	-	-
63	میلیون  	-  	-	-	-
64	تومان  	-  	-	-	-
65	دیگر  	-  	-	-	-
66	کاری  	-  	-	-	-
67	انجام  	-  	-	-	-
68	بدهم  	-  	-	-	-
0	به  	-  	-	-	-
1	خانه  	-  	-	-	-
2	رفتم  	-  	-	-	-
3	و  	-  	-	-	-
4	دومینو  	-  	-	-	-
5	را  	-  	-	-	-
6	برداشتم  	-  	-	-	-
7	در  	-  	-	-	-
8	اشپزخانه  	-  	-	-	-
9	را  	-  	-	-	-
10	با  	-  	-	-	-
11	و  	-  	-	-	-
12	سیرابی  	-  	-	-	-
13	درست  	-  	-	-	-
14	کردم  	-  	-	-	-
15	.  	-  	-	-	-
16	و  	-  	-	-	-
17	روی  	-  	-	-	-
18	میز  	-  	-	-	-
19	شیرتوشیر  	-  	-	-	-
20	و  	-  	-	-	-
21	پر  	-  	-	-	-
22	از  	-  	-	-	-
23	خیار  	-  	-	-	-
24	مجلسی  	-  	-	-	-
25	و  	-  	-	-	-
26	در  	-  	-	-	-
27	کنار  	-  	-	-	-
28	موز  	-  	-	-	-
29	مار  	-  	-	-	-
30	قرار  	-  	-	-	-
31	داشت  	-  	-	-	-
32	.  	-  	-	-	-
33	برای  	-  	-	-	-
34	خود  	-  	-	-	-
35	که  	-  	-	-	-
36	از  	-  	-	-	-
37	گذشته  	-  	-	-	-
38	قبری  	-  	-	-	-
39	کنده  	-  	-	-	-
40	بودم  	-  	-	-	-
41	اما  	-  	-	-	-
42	در  	-  	-	-	-
43	انگور  	-  	-	-	-
44	خری  	-  	-	-	-
45	.  	-  	-	-	-
46	شروع  	-  	-	-	-
47	به  	-  	-	-	-
48	درست  	-  	-	-	-
49	کردن  	-  	-	-	-
50	عجیب  	-  	-	-	-
51	کردم  	-  	-	-	-
52	،  	-  	-	-	-
53	.  	-  	-	-	-
54	بعضی  	-  	-	-	-
55	در  	-  	-	-	-
56	ماهشهر  	-  	-	-	-
57	پرچین  	-  	-	-	-
58	و  	-  	-	-	-
59	چهارچوب  	-  	-	-	-
60	وجود  	-  	-	-	-
61	ندارد  	-  	-	-	-
62	و  	-  	-	-	-
63	برخی  	-  	-	-	-
64	دنبال  	-  	-	-	-
65	ستاره  	-  	-	-	-
66	شدندولی  	-  	-	-	-
67	من  	-  	-	-	-
68	شنیدم  	-  	-	-	-
69	«  	-  	-	-	-
70	»  	-  	-	-	-
71	(  	-  	-	-	-
72	)  	-  	-	-	-
0	راستی  	-  	-	-	-
1	برای  	-  	-	-	-
2	ارقام  	-  	-	-	-
3	عربی  	-  	-	-	-
4	دقت  	-  	-	-	-
5	کنید  	-  	-	-	-
6	که  	-  	-	-	-
7	به  	-  	-	-	-
8	قسمت  	-  	-	-	-
9	تنظیمات  	-  	-	-	-
10	ورد  	-  	-	-	-
11	بروید  	-  	-	-	-
12	:  	-  	-	-	-
0	در  	-  	-	-	-
1	ورد  	-  	-	-	-
2	۲۰۱۰  	-  	-	-	-
3	،  	-  	-	-	-
4	و  	-  	-	-	-
5	از  	-  	-	-	-
6	منوی  	-  	-	-	-
7	سمت  	-  	-	-	-
8	چپ  	-  	-	-	-
9	.  	-  	-	-	-
0	در  	-  	-	-	-
1	ورد  	-  	-	-	-
2	۲۰۰۷  	-  	-	-	-
3	-  	-  	-	-	-
4	،  	-  	-	-	-
5	از  	-  	-	-	-
6	پایین  	-  	-	-	-
7	منو  	-  	-	-	-
8	.  	-  	-	-	-
0	در  	-  	-	-	-
1	ورد  	-  	-	-	-
2	۲۰۰۳  	-  	-	-	-
3	.  	-  	-	-	-
0	اینم  	-  	-	-	-
1	که  	-  	-	-	-
2	اینجا  	-  	-	-	-
3	یه  	-  	-	-	-
4	سری  	-  	-	-	-
5	از  	-  	-	-	-
6	نمونه  	-  	-	-	-
7	اعداده  	-  	-	-	-
8	که  	-  	-	-	-
9	من  	-  	-	-	-
10	براتون  	-  	-	-	-
11	گذاشتم  	-  	-	-	-
12	حالشو  	-  	-	-	-
13	ببرین  	-  	-	-	-
14	هورااااا  	-  	-	-	-
0	*  	-  	-	-	-
1	٠  	-  	-	-	-
2	0  	-  	-	-	-
3	١  	-  	-	-	-
4	1  	-  	-	-	-
5	٢  	-  	-	-	-
6	2  	-  	-	-	-
7	٣  	-  	-	-	-
8	3  	-  	-	-	-
9	٤  	-  	-	-	-
10	3  	-  	-	-	-
11	4  	-  	-	-	-
12	٥  	-  	-	-	-
13	5  	-  	-	-	-
14	٦  	-  	-	-	-
15	6  	-  	-	-	-
16	٧  	-  	-	-	-
17	3  	-  	-	-	-
18	7  	-  	-	-	-
19	٨  	-  	-	-	-
20	8  	-  	-	-	-
21	٩  	-  	-	-	-
22	3  	-  	-	-	-
23	9  	-  	-	-	-
24	١٠  	-  	-	-	-
25	3  	-  	-	-	-
26	10  	-  	-	-	-
