0	در  	-  	-	-	-
1	شب  	-  	-	-	-
2	شبنم  	-  	-	-	-
3	نم  	-  	-	-	-
4	را  	-  	-	-	-
5	بر  	-  	-	-	-
6	تن  	-  	-	-	-
7	گلبرگ  	-  	-	-	-
8	پوشاند  	-  	-	-	-
9	.  	-  	-	-	-
10	به  	-  	-	-	-
11	خاطر  	-  	-	-	-
12	زیادی  	-  	-	-	-
13	رویش  	-  	-	-	-
14	رویش  	-  	-	-	-
15	از  	-  	-	-	-
16	رویش  	-  	-	-	-
17	ریش  	-  	-	-	-
18	کم  	-  	-	-	-
19	شد  	-  	-	-	-
20	.  	-  	-	-	-
21	چون  	-  	-	-	-
22	نبود  	-  	-	-	-
23	.  	-  	-	-	-
24	شهره  	-  	-	-	-
25	شهره  	-  	-	-	-
26	شهر  	-  	-	-	-
27	است  	-  	-	-	-
28	.  	-  	-	-	-
29	تو  	-  	-	-	-
30	خود  	-  	-	-	-
31	ناگه  	-  	-	-	-
32	وصالم  	-  	-	-	-
33	داده  	-  	-	-	-
34	ایی  	-  	-	-	-
35	بر  	-  	-	-	-
36	درگه  	-  	-	-	-
37	فضلت  	-  	-	-	-
38	که  	-  	-	-	-
39	گه  	-  	-	-	-
40	گه  	-  	-	-	-
41	دل  	-  	-	-	-
42	کجا  	-  	-	-	-
43	اگه  	-  	-	-	-
44	شود  	-  	-	-	-
45	از  	-  	-	-	-
46	در  	-  	-	-	-
47	گهت  	-  	-	-	-
48	هرگه  	-  	-	-	-
49	.  	-  	-	-	-
50	انقدر  	-  	-	-	-
51	بست  	-  	-	-	-
52	نشست  	-  	-	-	-
53	تا  	-  	-	-	-
54	ابرا  	-  	-	-	-
55	بست  	-  	-	-	-
56	.  	-  	-	-	-
57	مهمه  	-  	-	-	-
58	را  	-  	-	-	-
59	مهار  	-  	-	-	-
60	کرد  	-  	-	-	-
61	.  	-  	-	-	-
62	پرسید  	-  	-	-	-
63	برای  	-  	-	-	-
64	شام  	-  	-	-	-
65	چه  	-  	-	-	-
66	شامی  	-  	-	-	-
67	داریم  	-  	-	-	-
68	گفتم  	-  	-	-	-
69	شامی  	-  	-	-	-
70	.  	-  	-	-	-
71	سبک  	-  	-	-	-
72	سبکی  	-  	-	-	-
73	را  	-  	-	-	-
74	برای  	-  	-	-	-
75	نوشتن  	-  	-	-	-
76	دارد  	-  	-	-	-
77	.  	-  	-	-	-
78	به  	-  	-	-	-
79	را  	-  	-	-	-
80	خورد  	-  	-	-	-
81	و  	-  	-	-	-
82	گفت  	-  	-	-	-
83	به  	-  	-	-	-
84	به  	-  	-	-	-
85	به  	-  	-	-	-
86	این  	-  	-	-	-
87	به  	-  	-	-	-
88	.  	-  	-	-	-
89	چوبخط  	-  	-	-	-
90	خطی  	-  	-	-	-
91	پر  	-  	-	-	-
92	از  	-  	-	-	-
93	چوبخط  	-  	-	-	-
94	بود  	-  	-	-	-
95	.  	-  	-	-	-
96	یک  	-  	-	-	-
97	فرد  	-  	-	-	-
98	با  	-  	-	-	-
99	لباس  	-  	-	-	-
100	به  	-  	-	-	-
101	راه  	-  	-	-	-
102	.  	-  	-	-	-
103	چون  	-  	-	-	-
104	هوا  	-  	-	-	-
105	تاریک  	-  	-	-	-
106	است  	-  	-	-	-
107	در  	-  	-	-	-
108	بامداد  	-  	-	-	-
109	بامداد  	-  	-	-	-
110	بنویس  	-  	-	-	-
111	تا  	-  	-	-	-
112	بتوانی  	-  	-	-	-
113	با  	-  	-	-	-
114	ان  	-  	-	-	-
115	را  	-  	-	-	-
116	پاک  	-  	-	-	-
117	کنی  	-  	-	-	-
118	!  	-  	-	-	-
119	تا  	-  	-	-	-
120	من  	-  	-	-	-
121	نترس  	-  	-	-	-
122	به  	-  	-	-	-
123	بار  	-  	-	-	-
124	امدم  	-  	-	-	-
125	.  	-  	-	-	-
126	گزیده  	-  	-	-	-
127	حرفش  	-  	-	-	-
128	این  	-  	-	-	-
129	بود  	-  	-	-	-
130	که  	-  	-	-	-
131	ما  	-  	-	-	-
132	را  	-  	-	-	-
133	مار  	-  	-	-	-
134	.  	-  	-	-	-
135	اتاق  	-  	-	-	-
136	بود  	-  	-	-	-
137	بازهم  	-  	-	-	-
138	صدایی  	-  	-	-	-
139	.  	-  	-	-	-
140	سرو  	-  	-	-	-
141	صورتش  	-  	-	-	-
142	را  	-  	-	-	-
143	سایه  	-  	-	-	-
144	.  	-  	-	-	-
145	سراسیمه  	-  	-	-	-
146	گفت  	-  	-	-	-
147	را  	-  	-	-	-
148	.  	-  	-	-	-
149	هرچه  	-  	-	-	-
150	را  	-  	-	-	-
151	.  	-  	-	-	-
152	باهر  	-  	-	-	-
153	که  	-  	-	-	-
154	گشتم  	-  	-	-	-
155	دیوانه  	-  	-	-	-
156	گشتم  	-  	-	-	-
157	.  	-  	-	-	-
158	با  	-  	-	-	-
159	تکان  	-  	-	-	-
160	دادن  	-  	-	-	-
161	لب  	-  	-	-	-
162	لب  	-  	-	-	-
163	کلام  	-  	-	-	-
164	را  	-  	-	-	-
165	گفت  	-  	-	-	-
166	.  	-  	-	-	-
167	او  	-  	-	-	-
168	خودکار  	-  	-	-	-
169	خودکار  	-  	-	-	-
170	خودکارش  	-  	-	-	-
171	را  	-  	-	-	-
172	انجام  	-  	-	-	-
173	.  	-  	-	-	-
174	روش  	-  	-	-	-
175	و  	-  	-	-	-
176	سنت  	-  	-	-	-
177	اینجا  	-  	-	-	-
178	اینگونه  	-  	-	-	-
179	است  	-  	-	-	-
180	که  	-  	-	-	-
181	باید  	-  	-	-	-
182	سنت  	-  	-	-	-
183	را  	-  	-	-	-
184	بگویی  	-  	-	-	-
185	.  	-  	-	-	-
186	راهم  	-  	-	-	-
187	راهم  	-  	-	-	-
188	بستند  	-  	-	-	-
189	.  	-  	-	-	-
190	نقاش  	-  	-	-	-
191	بعداز  	-  	-	-	-
192	اینکه  	-  	-	-	-
193	یکدست  	-  	-	-	-
194	کشید  	-  	-	-	-
195	از  	-  	-	-	-
196	کارش  	-  	-	-	-
197	دست  	-  	-	-	-
198	کشید  	-  	-	-	-
199	.  	-  	-	-	-
200	تحقیقات  	-  	-	-	-
201	سری  	-  	-	-	-
202	خاطرنشان  	-  	-	-	-
203	که  	-  	-	-	-
204	موهای  	-  	-	-	-
205	کمند  	-  	-	-	-
206	کمند  	-  	-	-	-
207	.  	-  	-	-	-
208	گوسفند  	-  	-	-	-
209	سمش  	-  	-	-	-
210	را  	-  	-	-	-
211	به  	-  	-	-	-
212	زمین  	-  	-	-	-
213	کوبید  	-  	-	-	-
214	.  	-  	-	-	-
215	ابرابری  	-  	-	-	-
216	در  	-  	-	-	-
217	اسمان  	-  	-	-	-
218	سایه  	-  	-	-	-
219	گسترانید  	-  	-	-	-
220	.  	-  	-	-	-
221	در  	-  	-	-	-
222	انتهای  	-  	-	-	-
223	مسابقه  	-  	-	-	-
224	مهره  	-  	-	-	-
225	اسمان  	-  	-	-	-
226	را  	-  	-	-	-
227	رو  	-  	-	-	-
228	کردیم  	-  	-	-	-
229	.  	-  	-	-	-
230	ادب  	-  	-	-	-
231	اداب  	-  	-	-	-
232	دارد  	-  	-	-	-
233	.  	-  	-	-	-
234	خیزید  	-  	-	-	-
235	و  	-  	-	-	-
236	خز  	-  	-	-	-
237	ارید  	-  	-	-	-
238	که  	-  	-	-	-
239	هنگام  	-  	-	-	-
240	خزان  	-  	-	-	-
241	است  	-  	-	-	-
242	باد  	-  	-	-	-
243	خنک  	-  	-	-	-
244	ازجانب  	-  	-	-	-
245	خوارزم  	-  	-	-	-
246	وزان  	-  	-	-	-
247	است  	-  	-	-	-
248	.  	-  	-	-	-
249	ارایشگر  	-  	-	-	-
250	گفت  	-  	-	-	-
251	تنها  	-  	-	-	-
252	فرق  	-  	-	-	-
253	سر  	-  	-	-	-
254	او  	-  	-	-	-
255	با  	-  	-	-	-
256	من  	-  	-	-	-
257	درداشتن  	-  	-	-	-
258	فرق  	-  	-	-	-
259	سر  	-  	-	-	-
260	است  	-  	-	-	-
261	.  	-  	-	-	-
262	تاکسی  	-  	-	-	-
263	تاکسی  	-  	-	-	-
264	تاکسی  	-  	-	-	-
265	نخواست  	-  	-	-	-
266	نایست  	-  	-	-	-
267	.  	-  	-	-	-
268	وندادم  	-  	-	-	-
269	در  	-  	-	-	-
270	راهی  	-  	-	-	-
271	بود  	-  	-	-	-
272	.  	-  	-	-	-
273	سرما  	-  	-	-	-
274	سرمایی  	-  	-	-	-
275	که  	-  	-	-	-
276	بالای  	-  	-	-	-
277	سرما  	-  	-	-	-
278	بود  	-  	-	-	-
279	را  	-  	-	-	-
280	سرد  	-  	-	-	-
281	کرد  	-  	-	-	-
282	.  	-  	-	-	-
283	سردردش  	-  	-	-	-
284	او  	-  	-	-	-
285	به  	-  	-	-	-
286	دردسر  	-  	-	-	-
287	انداخت  	-  	-	-	-
288	.  	-  	-	-	-
289	او  	-  	-	-	-
290	از  	-  	-	-	-
291	سرکه  	-  	-	-	-
292	هیچ  	-  	-	-	-
293	شانسی  	-  	-	-	-
294	نیاورد  	-  	-	-	-
295	.  	-  	-	-	-
296	او  	-  	-	-	-
297	لکنت  	-  	-	-	-
298	شدیدی  	-  	-	-	-
299	داشت  	-  	-	-	-
300	و  	-  	-	-	-
301	همیشه  	-  	-	-	-
302	من  	-  	-	-	-
303	و  	-  	-	-	-
304	من  	-  	-	-	-
305	و  	-  	-	-	-
306	و  	-  	-	-	-
307	پت  	-  	-	-	-
308	.  	-  	-	-	-
309	او  	-  	-	-	-
310	مشتاق  	-  	-	-	-
311	بین  	-  	-	-	-
312	ما  	-  	-	-	-
313	بود  	-  	-	-	-
314	.  	-  	-	-	-
315	شعبه  	-  	-	-	-
316	باز  	-  	-	-	-
317	با  	-  	-	-	-
318	خاصی  	-  	-	-	-
319	تمام  	-  	-	-	-
320	حاضران  	-  	-	-	-
321	را  	-  	-	-	-
322	فریب  	-  	-	-	-
323	داد  	-  	-	-	-
324	.  	-  	-	-	-
325	تلاش  	-  	-	-	-
326	کرد  	-  	-	-	-
327	تا  	-  	-	-	-
328	دوستش  	-  	-	-	-
329	ترش  	-  	-	-	-
330	رویش  	-  	-	-	-
331	بالاخره  	-  	-	-	-
332	به  	-  	-	-	-
333	خنده  	-  	-	-	-
334	افتاد  	-  	-	-	-
335	،  	-  	-	-	-
336	جامه  	-  	-	-	-
337	به  	-  	-	-	-
338	صد  	-  	-	-	-
339	جای  	-  	-	-	-
340	چو  	-  	-	-	-
341	گل  	-  	-	-	-
342	کرده  	-  	-	-	-
343	چاک  	-  	-	-	-
344	.  	-  	-	-	-
345	از  	-  	-	-	-
346	او  	-  	-	-	-
347	را  	-  	-	-	-
348	دید  	-  	-	-	-
349	شیدا  	-  	-	-	-
350	شد  	-  	-	-	-
351	.  	-  	-	-	-
352	اب  	-  	-	-	-
353	دریا  	-  	-	-	-
354	شور  	-  	-	-	-
355	بود  	-  	-	-	-
356	واو  	-  	-	-	-
357	ناچار  	-  	-	-	-
358	شد  	-  	-	-	-
359	ان  	-  	-	-	-
360	را  	-  	-	-	-
361	بجوشاند  	-  	-	-	-
362	تا  	-  	-	-	-
363	درست  	-  	-	-	-
364	کند  	-  	-	-	-
365	.  	-  	-	-	-
366	مراسم  	-  	-	-	-
367	جشن  	-  	-	-	-
368	درسالن  	-  	-	-	-
369	دانشکده  	-  	-	-	-
370	برگزار  	-  	-	-	-
371	شد  	-  	-	-	-
372	.  	-  	-	-	-
373	علت  	-  	-	-	-
374	کردنش  	-  	-	-	-
375	را  	-  	-	-	-
376	نفهمیدم  	-  	-	-	-
377	.  	-  	-	-	-
378	ماجراجویی  	-  	-	-	-
379	و  	-  	-	-	-
380	پرشروشور  	-  	-	-	-
381	بودن  	-  	-	-	-
382	کوری  	-  	-	-	-
383	مقابل  	-  	-	-	-
384	ارامش  	-  	-	-	-
385	و  	-  	-	-	-
386	خونسردی  	-  	-	-	-
387	پل  	-  	-	-	-
388	(  	-  	-	-	-
389	)  	-  	-	-	-
390	،  	-  	-	-	-
391	و  	-  	-	-	-
392	.  	-  	-	-	-
393	یکی  	-  	-	-	-
394	از  	-  	-	-	-
395	انواع  	-  	-	-	-
396	سرد  	-  	-	-	-
397	است  	-  	-	-	-
398	که  	-  	-	-	-
399	از  	-  	-	-	-
400	اندر  	-  	-	-	-
401	خیابانی  	-  	-	-	-
402	استفاده  	-  	-	-	-
403	.  	-  	-	-	-
404	چگونه  	-  	-	-	-
405	است  	-  	-	-	-
406	که  	-  	-	-	-
407	کار  	-  	-	-	-
408	خود  	-  	-	-	-
409	را  	-  	-	-	-
410	جد  	-  	-	-	-
411	دانی  	-  	-	-	-
412	و  	-  	-	-	-
413	پساپیش  	-  	-	-	-
414	کارهای  	-  	-	-	-
415	خود  	-  	-	-	-
416	را  	-  	-	-	-
417	نگاه  	-  	-	-	-
418	.  	-  	-	-	-
419	هوا  	-  	-	-	-
420	داشت  	-  	-	-	-
421	.  	-  	-	-	-
422	غارت  	-  	-	-	-
423	جهان  	-  	-	-	-
424	سوم  	-  	-	-	-
425	نام  	-  	-	-	-
426	یک  	-  	-	-	-
427	کتاب  	-  	-	-	-
428	ادبی  	-  	-	-	-
429	است  	-  	-	-	-
430	که  	-  	-	-	-
431	توسط  	-  	-	-	-
432	نویسنده  	-  	-	-	-
433	اهل  	-  	-	-	-
434	فرانسه  	-  	-	-	-
435	.  	-  	-	-	-
436	چو  	-  	-	-	-
437	افتاد  	-  	-	-	-
438	که  	-  	-	-	-
439	او  	-  	-	-	-
440	.  	-  	-	-	-
441	او  	-  	-	-	-
442	در  	-  	-	-	-
443	جوانی  	-  	-	-	-
444	بسیار  	-  	-	-	-
445	خام  	-  	-	-	-
446	رای  	-  	-	-	-
447	و  	-  	-	-	-
448	خام  	-  	-	-	-
449	عقل  	-  	-	-	-
450	بود  	-  	-	-	-
451	؛  	-  	-	-	-
452	پادشاهان  	-  	-	-	-
453	به  	-  	-	-	-
454	بهترین  	-  	-	-	-
455	زنشان  	-  	-	-	-
456	که  	-  	-	-	-
457	ازلحاظ  	-  	-	-	-
458	زیبارویی  	-  	-	-	-
459	و  	-  	-	-	-
460	رهبری  	-  	-	-	-
461	از  	-  	-	-	-
462	دیگران  	-  	-	-	-
463	.  	-  	-	-	-
464	ادبا  	-  	-	-	-
465	در  	-  	-	-	-
466	مجمع  	-  	-	-	-
467	سازمان  	-  	-	-	-
468	ملل  	-  	-	-	-
469	سخنرانی  	-  	-	-	-
470	کردند  	-  	-	-	-
471	.  	-  	-	-	-
472	استاد  	-  	-	-	-
473	اسامی  	-  	-	-	-
474	دانشجویان  	-  	-	-	-
475	به  	-  	-	-	-
476	همراه  	-  	-	-	-
477	ارا  	-  	-	-	-
478	را  	-  	-	-	-
479	خواند  	-  	-	-	-
480	.  	-  	-	-	-
481	در  	-  	-	-	-
482	رانندگی  	-  	-	-	-
483	باید  	-  	-	-	-
484	به  	-  	-	-	-
485	علایم  	-  	-	-	-
486	هشدار  	-  	-	-	-
487	.  	-  	-	-	-
488	با  	-  	-	-	-
489	ان  	-  	-	-	-
490	ضربه  	-  	-	-	-
491	دردم  	-  	-	-	-
492	دردم  	-  	-	-	-
493	امد  	-  	-	-	-
494	.  	-  	-	-	-
495	او  	-  	-	-	-
496	از  	-  	-	-	-
497	حمله  	-  	-	-	-
498	دشمن  	-  	-	-	-
499	درامان  	-  	-	-	-
500	ماند  	-  	-	-	-
501	.  	-  	-	-	-
502	دوستش  	-  	-	-	-
503	بسیار  	-  	-	-	-
504	و  	-  	-	-	-
505	بود  	-  	-	-	-
506	.  	-  	-	-	-
507	اهن  	-  	-	-	-
508	در  	-  	-	-	-
509	مجاورت  	-  	-	-	-
510	با  	-  	-	-	-
511	اکسیژن  	-  	-	-	-
512	شروع  	-  	-	-	-
513	به  	-  	-	-	-
514	زنگ  	-  	-	-	-
515	زدن  	-  	-	-	-
516	.  	-  	-	-	-
517	او  	-  	-	-	-
518	را  	-  	-	-	-
519	روانه  	-  	-	-	-
520	کرد  	-  	-	-	-
521	تابه  	-  	-	-	-
522	کارش  	-  	-	-	-
523	برسد  	-  	-	-	-
524	.  	-  	-	-	-
525	کارهایش  	-  	-	-	-
526	بسیار  	-  	-	-	-
527	و  	-  	-	-	-
528	بود  	-  	-	-	-
