0	وی  	-  	-	-	-
1	افزود  	-  	-	-	-
2	،  	-  	-	-	-
3	ولی  	-  	-	-	-
4	از  	-  	-	-	-
5	ان  	-  	-	-	-
6	زمان  	-  	-	-	-
7	تاکنون  	-  	-	-	-
8	بقیه  	-  	-	-	-
9	در  	-  	-	-	-
10	سازمان  	-  	-	-	-
11	نظام  	-  	-	-	-
12	روانشناسی  	-  	-	-	-
13	مسکوت  	-  	-	-	-
0	نظام  	-  	-	-	-
1	روانشناسی  	-  	-	-	-
2	خاطرنشان  	-  	-	-	-
3	کرد  	-  	-	-	-
4	،  	-  	-	-	-
5	ولی  	-  	-	-	-
6	این  	-  	-	-	-
7	ردصلاحیت  	-  	-	-	-
8	همچنان  	-  	-	-	-
9	عباسعلی  	-  	-	-	-
10	اللهیاری  	-  	-	-	-
11	در  	-  	-	-	-
12	کافه  	-  	-	-	-
13	یا  	-  	-	-	-
14	تریا  	-  	-	-	-
15	کارتابل  	-  	-	-	-
16	سازمان  	-  	-	-	-
17	را  	-  	-	-	-
18	امضا  	-  	-	-	-
0	پنج  	-  	-	-	-
1	به  	-  	-	-	-
2	زودی  	-  	-	-	-
3	می  	-  	-	-	-
4	گذرند  	-  	-	-	-
0	دویست  	-  	-	-	-
1	و  	-  	-	-	-
2	هشتاد  	-  	-	-	-
3	و  	-  	-	-	-
4	نهمین  	-  	-	-	-
5	سمینار  	-  	-	-	-
6	ادواری  	-  	-	-	-
7	عصب  	-  	-	-	-
8	پژوهی  	-  	-	-	-
9	اجتماعی  	-  	-	-	-
10	به  	-  	-	-	-
11	مغزپژوهی  	-  	-	-	-
12	رشک  	-  	-	-	-
13	و  	-  	-	-	-
14	حسد  	-  	-	-	-
15	اختصاص  	-  	-	-	-
16	دارد  	-  	-	-	-
0	سخنران  	-  	-	-	-
1	این  	-  	-	-	-
2	نشست  	-  	-	-	-
3	که  	-  	-	-	-
4	26  	-  	-	-	-
5	مهر  	-  	-	-	-
6	برگزار  	-  	-	-	-
7	دکتر  	-  	-	-	-
8	اذرخش  	-  	-	-	-
9	مکری  	-  	-	-	-
10	است  	-  	-	-	-
0	در  	-  	-	-	-
1	این  	-  	-	-	-
2	سمینار  	-  	-	-	-
3	که  	-  	-	-	-
4	از  	-  	-	-	-
5	ساعت  	-  	-	-	-
6	هشت  	-  	-	-	-
7	و  	-  	-	-	-
8	نیم  	-  	-	-	-
9	صبح  	-  	-	-	-
10	تا  	-  	-	-	-
11	یازده  	-  	-	-	-
12	در  	-  	-	-	-
13	سالن  	-  	-	-	-
14	کنفرانس  	-  	-	-	-
15	بیمارستان  	-  	-	-	-
16	ایرانمهر  	-  	-	-	-
17	برقرار  	-  	-	-	-
18	است  	-  	-	-	-
19	صاحب  	-  	-	-	-
20	نظران  	-  	-	-	-
21	و  	-  	-	-	-
22	به  	-  	-	-	-
23	موضوع  	-  	-	-	-
24	مغز  	-  	-	-	-
25	پژوهی  	-  	-	-	-
26	رشک  	-  	-	-	-
27	و  	-  	-	-	-
28	حسد  	-  	-	-	-
29	به  	-  	-	-	-
30	بحث  	-  	-	-	-
31	و  	-  	-	-	-
32	تبادل  	-  	-	-	-
33	نظر  	-  	-	-	-
34	.  	-  	-	-	-
0	در  	-  	-	-	-
1	کالبدشکافی  	-  	-	-	-
2	سایت  	-  	-	-	-
3	iFixit  	-  	-	-	-
4	.  	-  	-	-	-
0	کاربران  	-  	-	-	-
1	برای  	-  	-	-	-
2	توضیح  	-  	-	-	-
3	این  	-  	-	-	-
4	مشکل  	-  	-	-	-
5	مختلفی  	-  	-	-	-
6	را  	-  	-	-	-
7	مطرح  	-  	-	-	-
8	و  	-  	-	-	-
9	برخی  	-  	-	-	-
10	از  	-  	-	-	-
11	تلفن  	-  	-	-	-
12	همراه  	-  	-	-	-
13	را  	-  	-	-	-
14	مقصر  	-  	-	-	-
15	این  	-  	-	-	-
16	موضوع  	-  	-	-	-
17	ولی  	-  	-	-	-
18	برخی  	-  	-	-	-
19	دیگر  	-  	-	-	-
20	اعلام  	-  	-	-	-
21	که  	-  	-	-	-
22	این  	-  	-	-	-
23	مساله  	-  	-	-	-
24	یاداور  	-  	-	-	-
25	مشکل  	-  	-	-	-
26	مربوط  	-  	-	-	-
27	به  	-  	-	-	-
28	ایفون  	-  	-	-	-
29	۴  	-  	-	-	-
30	است  	-  	-	-	-
31	که  	-  	-	-	-
32	در  	-  	-	-	-
33	ان  	-  	-	-	-
34	زمان  	-  	-	-	-
35	سر  	-  	-	-	-
36	و  	-  	-	-	-
37	صدای  	-  	-	-	-
38	بسیار  	-  	-	-	-
39	زیادی  	-  	-	-	-
0	چندروز  	-  	-	-	-
1	بعداز  	-  	-	-	-
2	تصویب  	-  	-	-	-
3	چهارمین  	-  	-	-	-
4	لایحه  	-  	-	-	-
5	در  	-  	-	-	-
6	چارچوب  	-  	-	-	-
7	لوایح  	-  	-	-	-
8	مرتبط  	-  	-	-	-
9	با  	-  	-	-	-
10	و  	-  	-	-	-
11	مبارزه  	-  	-	-	-
12	با  	-  	-	-	-
13	تروریسم  	-  	-	-	-
14	موسوم  	-  	-	-	-
15	به  	-  	-	-	-
16	FATF  	-  	-	-	-
17	.  	-  	-	-	-
18	علایم  	-  	-	-	-
19	سیاسی  	-  	-	-	-
20	و  	-  	-	-	-
21	از  	-  	-	-	-
22	بروز  	-  	-	-	-
23	یک  	-  	-	-	-
24	جنگ  	-  	-	-	-
25	ارزی  	-  	-	-	-
26	برسر  	-  	-	-	-
27	تأیید  	-  	-	-	-
28	نهایی  	-  	-	-	-
29	FATF  	-  	-	-	-
30	در  	-  	-	-	-
31	مراجع  	-  	-	-	-
32	قانونی  	-  	-	-	-
33	حکایت  	-  	-	-	-
34	دارد  	-  	-	-	-
0	همشهری  	-  	-	-	-
1	،  	-  	-	-	-
2	به  	-  	-	-	-
3	محل  	-  	-	-	-
4	اتهام  	-  	-	-	-
5	زنی  	-  	-	-	-
6	علیه  	-  	-	-	-
7	دولت  	-  	-	-	-
8	درمورد  	-  	-	-	-
9	افزایش  	-  	-	-	-
10	قیمت  	-  	-	-	-
11	ارز  	-  	-	-	-
12	تبدیل  	-  	-	-	-
13	،  	-  	-	-	-
14	برخی  	-  	-	-	-
15	وارد  	-  	-	-	-
16	کارزار  	-  	-	-	-
17	سیگنال  	-  	-	-	-
18	دهی  	-  	-	-	-
19	به  	-  	-	-	-
20	قیمت  	-  	-	-	-
21	ارز  	-  	-	-	-
22	در  	-  	-	-	-
23	بازار  	-  	-	-	-
24	ازاد  	-  	-	-	-
25	.  	-  	-	-	-
0	در  	-  	-	-	-
1	روزهای  	-  	-	-	-
2	اخیر  	-  	-	-	-
3	خبرگزاری  	-  	-	-	-
4	فارس  	-  	-	-	-
5	و  	-  	-	-	-
6	روزنامه  	-  	-	-	-
7	کیهان  	-  	-	-	-
8	با  	-  	-	-	-
9	تیترهایی  	-  	-	-	-
10	.  	-  	-	-	-
0	خاشقجی  	-  	-	-	-
1	که  	-  	-	-	-
2	سابقه  	-  	-	-	-
3	گفتگو  	-  	-	-	-
4	با  	-  	-	-	-
5	را  	-  	-	-	-
6	نیز  	-  	-	-	-
7	در  	-  	-	-	-
8	کارنامه  	-  	-	-	-
9	خود  	-  	-	-	-
10	دارد  	-  	-	-	-
11	و  	-  	-	-	-
12	هم  	-  	-	-	-
13	مشاور  	-  	-	-	-
14	دولت  	-  	-	-	-
15	عربستان  	-  	-	-	-
16	بوده  	-  	-	-	-
17	و  	-  	-	-	-
18	رابطه  	-  	-	-	-
19	بسیار  	-  	-	-	-
20	خوبی  	-  	-	-	-
21	با  	-  	-	-	-
22	شاهزادگان  	-  	-	-	-
23	سعودی  	-  	-	-	-
24	محمد  	-  	-	-	-
25	بن  	-  	-	-	-
26	نایف  	-  	-	-	-
27	ولیعهد  	-  	-	-	-
28	برکنارشده  	-  	-	-	-
29	سعودی  	-  	-	-	-
30	در  	-  	-	-	-
31	سال  	-  	-	-	-
32	2017  	-  	-	-	-
33	درپی  	-  	-	-	-
34	طرح  	-  	-	-	-
35	انتقادهایی  	-  	-	-	-
36	محمد  	-  	-	-	-
37	،  	-  	-	-	-
38	از  	-  	-	-	-
39	بیم  	-  	-	-	-
40	دستگیری  	-  	-	-	-
41	عربستان  	-  	-	-	-
42	را  	-  	-	-	-
43	ترک  	-  	-	-	-
44	کرد  	-  	-	-	-
45	و  	-  	-	-	-
46	به  	-  	-	-	-
47	امریکا  	-  	-	-	-
48	رفت  	-  	-	-	-
0	شب  	-  	-	-	-
1	عید  	-  	-	-	-
2	نوروز  	-  	-	-	-
3	بود  	-  	-	-	-
4	و  	-  	-	-	-
5	موقع  	-  	-	-	-
6	ترفیع  	-  	-	-	-
7	رتبه  	-  	-	-	-
8	،  	-  	-	-	-
9	به  	-  	-	-	-
10	عنوان  	-  	-	-	-
11	ولیمه  	-  	-	-	-
12	یک  	-  	-	-	-
13	مهمانی  	-  	-	-	-
14	کرده  	-  	-	-	-
15	.  	-  	-	-	-
0	زد  	-  	-	-	-
1	و  	-  	-	-	-
2	ترفیع  	-  	-	-	-
3	رتبه  	-  	-	-	-
4	به  	-  	-	-	-
5	اسم  	-  	-	-	-
6	من  	-  	-	-	-
7	درامد  	-  	-	-	-
8	.  	-  	-	-	-
9	گفت  	-  	-	-	-
10	تو  	-  	-	-	-
11	شیرینی  	-  	-	-	-
12	عروسی  	-  	-	-	-
13	هم  	-  	-	-	-
14	به  	-  	-	-	-
15	دوستانت  	-  	-	-	-
16	و  	-  	-	-	-
17	باید  	-  	-	-	-
18	در  	-  	-	-	-
19	این  	-  	-	-	-
20	موقع  	-  	-	-	-
21	درست  	-  	-	-	-
22	جلوشان  	-  	-	-	-
23	درایی  	-  	-	-	-
24	.  	-  	-	-	-
0	گفتم  	-  	-	-	-
1	خودت  	-  	-	-	-
2	بهتر  	-  	-	-	-
3	که  	-  	-	-	-
4	در  	-  	-	-	-
5	این  	-  	-	-	-
6	شب  	-  	-	-	-
7	عیدی  	-  	-	-	-
8	مالیه  	-  	-	-	-
9	ازچه  	-  	-	-	-
10	قرار  	-  	-	-	-
11	است  	-  	-	-	-
12	و  	-  	-	-	-
13	بودجه  	-  	-	-	-
14	ابدن  	-  	-	-	-
15	خریدن  	-  	-	-	-
16	تازه  	-  	-	-	-
17	و  	-  	-	-	-
18	دوستان  	-  	-	-	-
19	هم  	-  	-	-	-
20	از  	-  	-	-	-
21	بیست  	-  	-	-	-
22	و  	-  	-	-	-
23	سه  	-  	-	-	-
24	چهار  	-  	-	-	-
25	نفر  	-  	-	-	-
0	گفت  	-  	-	-	-
1	را  	-  	-	-	-
2	که  	-  	-	-	-
3	وعده  	-  	-	-	-
4	گرفت  	-  	-	-	-
5	.  	-  	-	-	-
0	گفتم  	-  	-	-	-
1	.  	-  	-	-	-
2	این  	-  	-	-	-
3	سال  	-  	-	-	-
4	ازگار  	-  	-	-	-
5	برایشان  	-  	-	-	-
6	چنین  	-  	-	-	-
7	پایی  	-  	-	-	-
8	و  	-  	-	-	-
9	را  	-  	-	-	-
10	مدتی  	-  	-	-	-
11	است  	-  	-	-	-
12	صابون  	-  	-	-	-
13	که  	-  	-	-	-
14	کباب‌غاز  	-  	-	-	-
15	بخورند  	-  	-	-	-
16	و  	-  	-	-	-
17	،  	-  	-	-	-
18	حق  	-  	-	-	-
19	هم  	-  	-	-	-
20	دارند  	-  	-	-	-
21	.  	-  	-	-	-
0	اینک  	-  	-	-	-
1	روز  	-  	-	-	-
2	دوم  	-  	-	-	-
3	عید  	-  	-	-	-
4	است  	-  	-	-	-
5	و  	-  	-	-	-
6	تدارک  	-  	-	-	-
7	پذیرایی  	-  	-	-	-
8	،  	-  	-	-	-
9	اش  	-  	-	-	-
10	جو  	-  	-	-	-
11	اعلا  	-  	-	-	-
12	و  	-  	-	-	-
13	کباب  	-  	-	-	-
14	ممتاز  	-  	-	-	-
15	و  	-  	-	-	-
16	دورنگ  	-  	-	-	-
17	پلو  	-  	-	-	-
18	و  	-  	-	-	-
19	چند  	-  	-	-	-
20	جور  	-  	-	-	-
21	خورش  	-  	-	-	-
22	باتمام  	-  	-	-	-
23	مخلفات  	-  	-	-	-
24	.  	-  	-	-	-
25	درست  	-  	-	-	-
26	کیفور  	-  	-	-	-
27	که  	-  	-	-	-
28	عیالم  	-  	-	-	-
29	وارد  	-  	-	-	-
30	شد  	-  	-	-	-
31	و  	-  	-	-	-
32	گفت  	-  	-	-	-
33	جوان  	-  	-	-	-
34	دیلاقی  	-  	-	-	-
35	مصطفی  	-  	-	-	-
36	نام  	-  	-	-	-
37	امده  	-  	-	-	-
38	پسرعموی  	-  	-	-	-
39	تنی  	-  	-	-	-
40	تو  	-  	-	-	-
41	است  	-  	-	-	-
42	و  	-  	-	-	-
43	برای  	-  	-	-	-
44	عیدمبارکی  	-  	-	-	-
45	شرفیاب  	-  	-	-	-
0	مصطفی  	-  	-	-	-
1	پسرعموی  	-  	-	-	-
2	دختردایی  	-  	-	-	-
3	مادرم  	-  	-	-	-
4	.  	-  	-	-	-
5	و  	-  	-	-	-
6	و  	-  	-	-	-
7	و  	-  	-	-	-
8	پخمه  	-  	-	-	-
9	و  	-  	-	-	-
10	گاگول  	-  	-	-	-
11	و  	-  	-	-	-
12	تا  	-  	-	-	-
13	بخواهی  	-  	-	-	-
14	بدریخت  	-  	-	-	-
15	و  	-  	-	-	-
16	بدقواره  	-  	-	-	-
17	،  	-  	-	-	-
18	رنگ  	-  	-	-	-
19	و  	-  	-	-	-
20	رنگ  	-  	-	-	-
21	و  	-  	-	-	-
22	برنجی  	-  	-	-	-
23	در  	-  	-	-	-
24	گلویش  	-  	-	-	-
25	گیر  	-  	-	-	-
26	دهنش  	-  	-	-	-
27	و  	-  	-	-	-
28	به  	-  	-	-	-
29	خرخر  	-  	-	-	-
30	.  	-  	-	-	-
0	به  	-  	-	-	-
1	زنم  	-  	-	-	-
2	گفتم  	-  	-	-	-
3	تو  	-  	-	-	-
4	را  	-  	-	-	-
5	به  	-  	-	-	-
6	خدا  	-  	-	-	-
7	بگو  	-  	-	-	-
8	فلانی  	-  	-	-	-
9	هنوز  	-  	-	-	-
10	از  	-  	-	-	-
11	خواب  	-  	-	-	-
12	بیدار  	-  	-	-	-
13	نشده  	-  	-	-	-
14	و  	-  	-	-	-
15	شر  	-  	-	-	-
16	این  	-  	-	-	-
17	غول  	-  	-	-	-
18	بی  	-  	-	-	-
19	را  	-  	-	-	-
20	ازسر  	-  	-	-	-
21	ما  	-  	-	-	-
22	بکن  	-  	-	-	-
23	و  	-  	-	-	-
24	بگذار  	-  	-	-	-
25	برود  	-  	-	-	-
26	لای  	-  	-	-	-
27	دست  	-  	-	-	-
28	بابای  	-  	-	-	-
29	علیه‌الرحمه‌اش  	-  	-	-	-
0	گفت  	-  	-	-	-
1	به  	-  	-	-	-
2	من  	-  	-	-	-
3	دخلی  	-  	-	-	-
4	ندارد  	-  	-	-	-
5	.  	-  	-	-	-
6	ماشاء‌الله  	-  	-	-	-
7	به  	-  	-	-	-
8	میان  	-  	-	-	-
9	پسرعموی  	-  	-	-	-
10	خودت  	-  	-	-	-
11	است  	-  	-	-	-
12	.  	-  	-	-	-
13	من  	-  	-	-	-
14	اساسن  	-  	-	-	-
15	شرط  	-  	-	-	-
16	با  	-  	-	-	-
17	قوم  	-  	-	-	-
18	و  	-  	-	-	-
19	خویش‌های  	-  	-	-	-
20	ددری  	-  	-	-	-
21	تو  	-  	-	-	-
22	هیچ  	-  	-	-	-
23	سر  	-  	-	-	-
24	و  	-  	-	-	-
25	کاری  	-  	-	-	-
26	.  	-  	-	-	-
0	دیدم  	-  	-	-	-
1	نیست  	-  	-	-	-
2	و  	-  	-	-	-
3	خدا  	-  	-	-	-
4	را  	-  	-	-	-
5	هم  	-  	-	-	-
6	خوش  	-  	-	-	-
7	این  	-  	-	-	-
8	بیچاره  	-  	-	-	-
9	که  	-  	-	-	-
10	لابد  	-  	-	-	-
11	ازراه  	-  	-	-	-
12	دورودراز  	-  	-	-	-
13	با  	-  	-	-	-
14	و  	-  	-	-	-
15	پای  	-  	-	-	-
16	برهنه  	-  	-	-	-
17	به  	-  	-	-	-
18	امید  	-  	-	-	-
19	چند  	-  	-	-	-
20	ریال  	-  	-	-	-
21	عیدی  	-  	-	-	-
22	امده  	-  	-	-	-
23	ناامید  	-  	-	-	-
24	کنم  	-  	-	-	-
25	؟  	-  	-	-	-
26	لذا  	-  	-	-	-
27	صدایش  	-  	-	-	-
28	کردم  	-  	-	-	-
29	.  	-  	-	-	-
30	دیدم  	-  	-	-	-
31	ماشاء‌الله  	-  	-	-	-
32	چشم  	-  	-	-	-
33	بد  	-  	-	-	-
34	دور  	-  	-	-	-
35	اقا  	-  	-	-	-
36	واترقیده‌اند  	-  	-	-	-
37	.  	-  	-	-	-
38	گردنش  	-  	-	-	-
39	مثل  	-  	-	-	-
40	گردن  	-  	-	-	-
41	همان  	-  	-	-	-
42	غاز  	-  	-	-	-
43	که  	-  	-	-	-
44	در  	-  	-	-	-
45	همان  	-  	-	-	-
46	ساعت  	-  	-	-	-
47	در  	-  	-	-	-
48	دیگ  	-  	-	-	-
49	مشغول  	-  	-	-	-
50	کباب  	-  	-	-	-
51	شدن  	-  	-	-	-
52	بود  	-  	-	-	-
53	سر  	-  	-	-	-
54	از  	-  	-	-	-
55	چرکین  	-  	-	-	-
56	بیرون  	-  	-	-	-
57	و  	-  	-	-	-
58	اگرچه  	-  	-	-	-
59	به  	-  	-	-	-
60	حساب  	-  	-	-	-
61	خودش  	-  	-	-	-
62	ریش  	-  	-	-	-
63	،  	-  	-	-	-
64	سر  	-  	-	-	-
65	به  	-  	-	-	-
66	دراورده  	-  	-	-	-
67	و  	-  	-	-	-
68	مثل  	-  	-	-	-
69	کزم‌هایی  	-  	-	-	-
70	که  	-  	-	-	-
71	به  	-  	-	-	-
72	گندیده  	-  	-	-	-
73	درپیرامون  	-  	-	-	-
74	گردن  	-  	-	-	-
75	و  	-  	-	-	-
76	گلو  	-  	-	-	-
77	در  	-  	-	-	-
78	جنبش  	-  	-	-	-
79	و  	-  	-	-	-
80	اهتزاز  	-  	-	-	-
81	بودند  	-  	-	-	-
82	،  	-  	-	-	-
83	ولی  	-  	-	-	-
84	که  	-  	-	-	-
85	سر  	-  	-	-	-
86	زانوهای  	-  	-	-	-
87	شلوارش  	-  	-	-	-
88	که  	-  	-	-	-
89	ازبس  	-  	-	-	-
90	یک  	-  	-	-	-
91	وجب  	-  	-	-	-
92	خورد  	-  	-	-	-
93	چنان  	-  	-	-	-
94	باد  	-  	-	-	-
95	که  	-  	-	-	-
96	راستی  	-  	-	-	-
97	راستی  	-  	-	-	-
98	تصور  	-  	-	-	-
99	کردم  	-  	-	-	-
100	دو  	-  	-	-	-
101	رأس  	-  	-	-	-
102	هندوانه  	-  	-	-	-
103	از  	-  	-	-	-
104	جایی  	-  	-	-	-
105	کش  	-  	-	-	-
106	رفته  	-  	-	-	-
107	و  	-  	-	-	-
108	در  	-  	-	-	-
109	انجا  	-  	-	-	-
110	مخفی  	-  	-	-	-
0	دیدم  	-  	-	-	-
1	زیاد  	-  	-	-	-
2	پرت  	-  	-	-	-
3	و  	-  	-	-	-
4	بلا  	-  	-	-	-
5	،  	-  	-	-	-
6	دمش  	-  	-	-	-
7	را  	-  	-	-	-
8	روی  	-  	-	-	-
9	کولش  	-  	-	-	-
10	بگذارم  	-  	-	-	-
11	و  	-  	-	-	-
12	به  	-  	-	-	-
13	امان  	-  	-	-	-
14	خدا  	-  	-	-	-
15	بسپارم  	-  	-	-	-
16	،  	-  	-	-	-
17	وقتی  	-  	-	-	-
18	درست  	-  	-	-	-
19	ان  	-  	-	-	-
20	را  	-  	-	-	-
21	در  	-  	-	-	-
22	زوایا  	-  	-	-	-
23	و  	-  	-	-	-
24	خفایای  	-  	-	-	-
25	خاطر  	-  	-	-	-
26	و  	-  	-	-	-
27	مخیله  	-  	-	-	-
28	نشخوار  	-  	-	-	-
29	کردم  	-  	-	-	-
30	.  	-  	-	-	-
31	هرچه  	-  	-	-	-
32	در  	-  	-	-	-
33	این  	-  	-	-	-
34	باب  	-  	-	-	-
35	دقیق  	-  	-	-	-
36	شدم  	-  	-	-	-
37	یک  	-  	-	-	-
38	نوع  	-  	-	-	-
39	امیدواری  	-  	-	-	-
40	در  	-  	-	-	-
41	خود  	-  	-	-	-
42	حس  	-  	-	-	-
43	نمودم  	-  	-	-	-
44	و  	-  	-	-	-
45	ضعیفی  	-  	-	-	-
46	در  	-  	-	-	-
47	شبستان  	-  	-	-	-
48	درونم  	-  	-	-	-
49	درخشیدن  	-  	-	-	-
50	گرفت  	-  	-	-	-
51	.  	-  	-	-	-
52	باید  	-  	-	-	-
53	خودت  	-  	-	-	-
54	مهارت  	-  	-	-	-
55	به  	-  	-	-	-
56	خرج  	-  	-	-	-
57	بدهی  	-  	-	-	-
58	که  	-  	-	-	-
59	احدی  	-  	-	-	-
60	از  	-  	-	-	-
61	مهمانان  	-  	-	-	-
62	درصدد  	-  	-	-	-
63	دست‌زدن  	-  	-	-	-
64	به  	-  	-	-	-
65	این  	-  	-	-	-
66	غاز  	-  	-	-	-
67	برنیاید  	-  	-	-	-
0	فردای  	-  	-	-	-
1	به  	-  	-	-	-
2	خاطرم  	-  	-	-	-
3	امد  	-  	-	-	-
4	که  	-  	-	-	-
5	دیروز  	-  	-	-	-
6	از  	-  	-	-	-
7	بهترین  	-  	-	-	-
8	نودوز  	-  	-	-	-
9	خود  	-  	-	-	-
10	را  	-  	-	-	-
11	با  	-  	-	-	-
12	متفرعات  	-  	-	-	-
13	به  	-  	-	-	-
14	انضمام  	-  	-	-	-
15	مایحتوی  	-  	-	-	-
16	یعنی  	-  	-	-	-
17	اقای  	-  	-	-	-
18	استادی  	-  	-	-	-
19	مصطفی‌خان  	-  	-	-	-
20	به  	-  	-	-	-
21	دست  	-  	-	-	-
22	خودم  	-  	-	-	-
23	از  	-  	-	-	-
24	خانه  	-  	-	-	-
25	بیرون  	-  	-	-	-
26	،  	-  	-	-	-
27	دیگر  	-  	-	-	-
28	به  	-  	-	-	-
29	کلام  	-  	-	-	-
30	«  	-  	-	-	-
31	»  	-  	-	-	-
32	ایمان  	-  	-	-	-
33	اوردم  	-  	-	-	-
34	و  	-  	-	-	-
35	پشت  	-  	-	-	-
36	دستم  	-  	-	-	-
37	را  	-  	-	-	-
38	داغ  	-  	-	-	-
39	کردم  	-  	-	-	-
40	که  	-  	-	-	-
41	تا  	-  	-	-	-
42	من  	-  	-	-	-
43	باشم  	-  	-	-	-
44	دیگر  	-  	-	-	-
45	پیرامون  	-  	-	-	-
46	ترفیع  	-  	-	-	-
47	رتبه  	-  	-	-	-
48	نگردم  	-  	-	-	-
