0	خواهشاً  	-  	-	-	-
1	من  	-  	-	-	-
2	را  	-  	-	-	-
3	محمدعلی  	-  	-	-	-
4	صدا  	-  	-	-	-
5	نزن  	-  	-	-	-
0	علیرضا  	-  	-	-	-
1	رو  	-  	-	-	-
2	یادته  	-  	-	-	-
3	برادرشو  	-  	-	-	-
4	پریروزها  	-  	-	-	-
5	دیدم  	-  	-	-	-
0	یادش  	-  	-	-	-
1	بخیر  	-  	-	-	-
2	چقدر  	-  	-	-	-
3	مسافرت‌هامون  	-  	-	-	-
4	خوش  	-  	-	-	-
0	دیروز  	-  	-	-	-
1	اسباب  	-  	-	-	-
2	بازیی  	-  	-	-	-
3	که  	-  	-	-	-
4	رضا  	-  	-	-	-
5	بهم  	-  	-	-	-
6	را  	-  	-	-	-
7	پس  	-  	-	-	-
8	گرفت  	-  	-	-	-
0	روز  	-  	-	-	-
1	خوبیه  	-  	-	-	-
2	برای  	-  	-	-	-
3	من  	-  	-	-	-
0	ادم  	-  	-	-	-
1	نمی‌تونه  	-  	-	-	-
2	هرروز  	-  	-	-	-
3	اینجوری  	-  	-	-	-
4	پاشه  	-  	-	-	-
0	دیروز  	-  	-	-	-
1	وقتی  	-  	-	-	-
2	استخر  	-  	-	-	-
3	شهید  	-  	-	-	-
4	بهشتی  	-  	-	-	-
5	وسط  	-  	-	-	-
6	راه  	-  	-	-	-
7	پام  	-  	-	-	-
8	پیچ  	-  	-	-	-
9	خورد  	-  	-	-	-
0	هرروز  	-  	-	-	-
1	برای  	-  	-	-	-
2	دوییدن  	-  	-	-	-
3	پا  	-  	-	-	-
4	میشم  	-  	-	-	-
0	صبح  	-  	-	-	-
1	جمعه  	-  	-	-	-
2	خیلی  	-  	-	-	-
3	مزه  	-  	-	-	-
4	میده  	-  	-	-	-
0	علی  	-  	-	-	-
1	بود  	-  	-	-	-
2	دوست  	-  	-	-	-
3	مهرداد  	-  	-	-	-
4	سرکار  	-  	-	-	-
5	جدیدم  	-  	-	-	-
6	هرروز  	-  	-	-	-
0	سرکار  	-  	-	-	-
1	متوقفم  	-  	-	-	-
2	کرد  	-  	-	-	-
3	هر  	-  	-	-	-
4	کاری  	-  	-	-	-
5	کردم  	-  	-	-	-
6	باز  	-  	-	-	-
7	جریمه  	-  	-	-	-
8	شدم  	-  	-	-	-
0	برای  	-  	-	-	-
1	پنجشنبه  	-  	-	-	-
2	حتما  	-  	-	-	-
3	همراهت  	-  	-	-	-
4	باشه  	-  	-	-	-
0	دیروز  	-  	-	-	-
1	توی  	-  	-	-	-
2	همخونه  	-  	-	-	-
3	سابق  	-  	-	-	-
4	کامیار  	-  	-	-	-
5	را  	-  	-	-	-
6	دیدیم  	-  	-	-	-
0	باید  	-  	-	-	-
1	بریم  	-  	-	-	-
2	به  	-  	-	-	-
3	کارای  	-  	-	-	-
4	برسیم  	-  	-	-	-
5	درسته  	-  	-	-	-
0	پسفردا  	-  	-	-	-
1	مصاحبه  	-  	-	-	-
2	کاری  	-  	-	-	-
3	دارم  	-  	-	-	-
4	با  	-  	-	-	-
5	یکی  	-  	-	-	-
6	از  	-  	-	-	-
7	بزرگ  	-  	-	-	-
8	تهران  	-  	-	-	-
0	پردازش  	-  	-	-	-
1	زبان  	-  	-	-	-
2	درس  	-  	-	-	-
3	سختیه  	-  	-	-	-
4	هر  	-  	-	-	-
5	چقدرم  	-  	-	-	-
6	بلد  	-  	-	-	-
7	باشی  	-  	-	-	-
8	بازهم  	-  	-	-	-
9	باید  	-  	-	-	-
10	کلی  	-  	-	-	-
11	براش  	-  	-	-	-
12	تلاش  	-  	-	-	-
13	کنی  	-  	-	-	-
0	اگر  	-  	-	-	-
1	فردا  	-  	-	-	-
2	نتونست  	-  	-	-	-
3	بیاد  	-  	-	-	-
4	باهم  	-  	-	-	-
5	میریم  	-  	-	-	-
6	دنبال  	-  	-	-	-
7	پسرخالت  	-  	-	-	-
0	فردای  	-  	-	-	-
1	اون  	-  	-	-	-
2	روز  	-  	-	-	-
3	دیگه  	-  	-	-	-
4	همه  	-  	-	-	-
5	رفته  	-  	-	-	-
6	بودن  	-  	-	-	-
7	به  	-  	-	-	-
8	سمت  	-  	-	-	-
9	خونه  	-  	-	-	-
10	هاشون  	-  	-	-	-
0	باورم  	-  	-	-	-
1	می‌تونستیم  	-  	-	-	-
2	از  	-  	-	-	-
3	اون  	-  	-	-	-
4	کوه  	-  	-	-	-
5	بالا  	-  	-	-	-
6	بریم  	-  	-	-	-
0	این  	-  	-	-	-
1	دوستمون  	-  	-	-	-
2	کره  	-  	-	-	-
3	یا  	-  	-	-	-
4	لاله  	-  	-	-	-
0	اگر  	-  	-	-	-
1	امروز  	-  	-	-	-
2	من  	-  	-	-	-
3	نتونستم  	-  	-	-	-
4	بیام  	-  	-	-	-
5	باید  	-  	-	-	-
6	برای  	-  	-	-	-
7	یک  	-  	-	-	-
8	روز  	-  	-	-	-
9	دیگه  	-  	-	-	-
10	کنیم  	-  	-	-	-
0	من  	-  	-	-	-
1	هنوز  	-  	-	-	-
2	از  	-  	-	-	-
3	تصادف  	-  	-	-	-
4	دیروز  	-  	-	-	-
5	توی  	-  	-	-	-
6	شکهم  	-  	-	-	-
7	.  	-  	-	-	-
0	لنگرود  	-  	-	-	-
1	کتابخونه  	-  	-	-	-
2	داره  	-  	-	-	-
3	ولی  	-  	-	-	-
4	کرج  	-  	-	-	-
5	نه  	-  	-	-	-
0	ولی  	-  	-	-	-
1	باور  	-  	-	-	-
2	کنید  	-  	-	-	-
3	دعوا  	-  	-	-	-
4	سر  	-  	-	-	-
5	توزیع  	-  	-	-	-
6	.  	-  	-	-	-
0	شاید  	-  	-	-	-
1	این  	-  	-	-	-
2	،  	-  	-	-	-
3	توی  	-  	-	-	-
4	یک  	-  	-	-	-
5	دقیقه  	-  	-	-	-
6	باشه  	-  	-	-	-
0	انسان  	-  	-	-	-
1	دارای  	-  	-	-	-
2	مغز  	-  	-	-	-
3	و  	-  	-	-	-
4	قوه  	-  	-	-	-
5	ادراک  	-  	-	-	-
6	است  	-  	-	-	-
7	که  	-  	-	-	-
8	است  	-  	-	-	-
9	برای  	-  	-	-	-
10	فهمیدن  	-  	-	-	-
0	دوگروه  	-  	-	-	-
1	از  	-  	-	-	-
2	مردم  	-  	-	-	-
3	بیشتر  	-  	-	-	-
4	از  	-  	-	-	-
5	بقیه  	-  	-	-	-
6	تمام  	-  	-	-	-
7	بدنشان  	-  	-	-	-
8	را  	-  	-	-	-
9	.  	-  	-	-	-
0	ولی  	-  	-	-	-
1	عدم  	-  	-	-	-
2	وجود  	-  	-	-	-
3	مدرک  	-  	-	-	-
4	و  	-  	-	-	-
5	عدم  	-  	-	-	-
6	درک  	-  	-	-	-
7	به  	-  	-	-	-
8	هم  	-  	-	-	-
9	ربط  	-  	-	-	-
10	دارن  	-  	-	-	-
0	همینجوری  	-  	-	-	-
1	که  	-  	-	-	-
2	تو  	-  	-	-	-
3	تراس  	-  	-	-	-
4	این  	-  	-	-	-
5	اقاهه  	-  	-	-	-
6	اومد  	-  	-	-	-
7	شروع  	-  	-	-	-
8	کرد  	-  	-	-	-
9	خوندن  	-  	-	-	-
0	رفیقای  	-  	-	-	-
1	ما  	-  	-	-	-
2	از  	-  	-	-	-
3	ترس  	-  	-	-	-
4	شیرینی  	-  	-	-	-
5	دادن  	-  	-	-	-
6	گوشی  	-  	-	-	-
7	و  	-  	-	-	-
8	ماشین  	-  	-	-	-
9	نمیخرن  	-  	-	-	-
0	چیزی  	-  	-	-	-
1	بگم  	-  	-	-	-
2	ولی  	-  	-	-	-
3	یادم  	-  	-	-	-
4	نمیاد  	-  	-	-	-
0	واسه  	-  	-	-	-
1	بافتن  	-  	-	-	-
2	این  	-  	-	-	-
3	چهل  	-  	-	-	-
4	سانت  	-  	-	-	-
5	.  	-  	-	-	-
0	خوبیش  	-  	-	-	-
1	این  	-  	-	-	-
2	بود  	-  	-	-	-
3	که  	-  	-	-	-
4	خونشون  	-  	-	-	-
5	.  	-  	-	-	-
6	بدیش  	-  	-	-	-
7	اینه  	-  	-	-	-
8	که  	-  	-	-	-
9	خونشون  	-  	-	-	-
10	نزدیکه  	-  	-	-	-
11	.  	-  	-	-	-
0	مزد  	-  	-	-	-
1	ان  	-  	-	-	-
2	گرفت  	-  	-	-	-
3	جان  	-  	-	-	-
4	برادر  	-  	-	-	-
5	که  	-  	-	-	-
6	کارکرد  	-  	-	-	-
0	باعث  	-  	-	-	-
1	شدم  	-  	-	-	-
2	کل  	-  	-	-	-
3	دانشجوها  	-  	-	-	-
4	برای  	-  	-	-	-
5	غذای  	-  	-	-	-
6	دانشگاه  	-  	-	-	-
7	اعتراض  	-  	-	-	-
8	کنن  	-  	-	-	-
9	!  	-  	-	-	-
0	رفیق  	-  	-	-	-
1	اونیه  	-  	-	-	-
2	که  	-  	-	-	-
3	وقتی  	-  	-	-	-
4	داره  	-  	-	-	-
5	بهش  	-  	-	-	-
6	خوش  	-  	-	-	-
7	میگذره  	-  	-	-	-
8	بهت  	-  	-	-	-
9	پیام  	-  	-	-	-
10	بده  	-  	-	-	-
11	بیا  	-  	-	-	-
12	دور  	-  	-	-	-
13	  	-  	-	-	-
14	هم  	-  	-	-	-
15	باشیم  	-  	-	-	-
0	عجیبه  	-  	-	-	-
1	که  	-  	-	-	-
2	یه  	-  	-	-	-
3	نفر  	-  	-	-	-
4	به  	-  	-	-	-
5	شکل  	-  	-	-	-
6	مرموز  	-  	-	-	-
7	ترسناکی  	-  	-	-	-
8	و  	-  	-	-	-
9	باز  	-  	-	-	-
10	از  	-  	-	-	-
11	توش  	-  	-	-	-
12	جک  	-  	-	-	-
13	ازدواج  	-  	-	-	-
14	و  	-  	-	-	-
15	لر  	-  	-	-	-
16	و  	-  	-	-	-
17	عرب  	-  	-	-	-
18	در  	-  	-	-	-
19	میاد  	-  	-	-	-
0	کلی  	-  	-	-	-
1	کار  	-  	-	-	-
2	  	-  	-	-	-
3	نکرده  	-  	-	-	-
4	دارم  	-  	-	-	-
5	که  	-  	-	-	-
6	متاسفانه  	-  	-	-	-
7	با  	-  	-	-	-
8	یه  	-  	-	-	-
9	بار  	-  	-	-	-
10	زندگی  	-  	-	-	-
11	نمیشه  	-  	-	-	-
12	همشون  	-  	-	-	-
13	رو  	-  	-	-	-
14	انجام  	-  	-	-	-
15	داد  	-  	-	-	-
0	من  	-  	-	-	-
1	حتی  	-  	-	-	-
2	تو  	-  	-	-	-
3	خاستگاری  	-  	-	-	-
4	دختر  	-  	-	-	-
5	خالمم  	-  	-	-	-
6	رو  	-  	-	-	-
7	زدم  	-  	-	-	-
8	تو  	-  	-	-	-
9	چای  	-  	-	-	-
0	قبلا  	-  	-	-	-
1	انقد  	-  	-	-	-
2	دوسش  	-  	-	-	-
3	نداشتم  	-  	-	-	-
4	این  	-  	-	-	-
5	بشر  	-  	-	-	-
6	رو  	-  	-	-	-
7	ولی  	-  	-	-	-
8	جدیدا  	-  	-	-	-
9	احساس  	-  	-	-	-
10	عمیقاً  	-  	-	-	-
11	خوبی  	-  	-	-	-
12	بهم  	-  	-	-	-
13	میده  	-  	-	-	-
14	معاشرت  	-  	-	-	-
15	باهاش  	-  	-	-	-
16	واقعا  	-  	-	-	-
17	ادم  	-  	-	-	-
0	فشاری  	-  	-	-	-
1	که  	-  	-	-	-
2	دستشویی  	-  	-	-	-
3	ایرانی  	-  	-	-	-
4	به  	-  	-	-	-
5	پام  	-  	-	-	-
6	میاره  	-  	-	-	-
7	از  	-  	-	-	-
8	هزاران  	-  	-	-	-
9	اسکات  	-  	-	-	-
10	و  	-  	-	-	-
11	دوییدن  	-  	-	-	-
12	بیشتره  	-  	-	-	-
0	ارین  	-  	-	-	-
1	جان  	-  	-	-	-
2	عزیزم  	-  	-	-	-
3	وقتی  	-  	-	-	-
4	هنوز  	-  	-	-	-
5	داره  	-  	-	-	-
6	بخار  	-  	-	-	-
7	از  	-  	-	-	-
8	روش  	-  	-	-	-
9	بلند  	-  	-	-	-
10	میشه  	-  	-	-	-
11	!  	-  	-	-	-
12	!  	-  	-	-	-
13	!  	-  	-	-	-
14	!  	-  	-	-	-
0	چرا  	-  	-	-	-
1	نمیری  	-  	-	-	-
2	متن  	-  	-	-	-
3	از  	-  	-	-	-
4	سایت  	-  	-	-	-
5	خبرگذاریا  	-  	-	-	-
6	برداری  	-  	-	-	-
0	حالا  	-  	-	-	-
1	همیشه  	-  	-	-	-
2	۱۵۰  	-  	-	-	-
3	بار  	-  	-	-	-
4	باید  	-  	-	-	-
5	گوشی  	-  	-	-	-
6	زنگ  	-  	-	-	-
7	بخوره  	-  	-	-	-
8	تا  	-  	-	-	-
9	بیدار  	-  	-	-	-
10	بشم  	-  	-	-	-
11	چون  	-  	-	-	-
12	جمعه‌اس  	-  	-	-	-
13	.  	-  	-	-	-
0	کاش  	-  	-	-	-
1	اندازه  	-  	-	-	-
2	امیرحسن  	-  	-	-	-
3	بلد  	-  	-	-	-
4	بودم  	-  	-	-	-
5	بزنم  	-  	-	-	-
0	حرف  	-  	-	-	-
1	زدن  	-  	-	-	-
2	با  	-  	-	-	-
3	یکی  	-  	-	-	-
4	که  	-  	-	-	-
5	بفهمه  	-  	-	-	-
6	و  	-  	-	-	-
7	گوش  	-  	-	-	-
8	کنه  	-  	-	-	-
9	خیلی  	-  	-	-	-
10	خوبه  	-  	-	-	-
0	درسته  	-  	-	-	-
1	قهرمان  	-  	-	-	-
2	نشدیم  	-  	-	-	-
3	ولی  	-  	-	-	-
4	تو  	-  	-	-	-
5	۴۴  	-  	-	-	-
6	درصد  	-  	-	-	-
7	بالای  	-  	-	-	-
8	جدول  	-  	-	-	-
9	که  	-  	-	-	-
10	بودیم  	-  	-	-	-
0	یه  	-  	-	-	-
1	مسیر  	-  	-	-	-
2	نسبتا  	-  	-	-	-
3	زیاد  	-  	-	-	-
4	رو  	-  	-	-	-
5	بدون  	-  	-	-	-
6	وایسادن  	-  	-	-	-
7	و  	-  	-	-	-
8	کم  	-  	-	-	-
9	کردن  	-  	-	-	-
10	سرعت  	-  	-	-	-
11	دوییدم  	-  	-	-	-
12	و  	-  	-	-	-
13	خیلی  	-  	-	-	-
14	حال  	-  	-	-	-
15	داد  	-  	-	-	-
0	چرا  	-  	-	-	-
1	دیگه  	-  	-	-	-
2	به  	-  	-	-	-
3	مجید  	-  	-	-	-
4	نمیگن  	-  	-	-	-
0	می‌تونه  	-  	-	-	-
1	کامل  	-  	-	-	-
2	حالتو  	-  	-	-	-
3	خوب  	-  	-	-	-
4	کنه  	-  	-	-	-
0	پیاده  	-  	-	-	-
1	شدم  	-  	-	-	-
2	و  	-  	-	-	-
3	الان  	-  	-	-	-
4	دارم  	-  	-	-	-
5	پیاده  	-  	-	-	-
6	میرم  	-  	-	-	-
7	.  	-  	-	-	-
0	۴۰  	-  	-	-	-
1	دقیقه  	-  	-	-	-
2	اس  	-  	-	-	-
3	تو  	-  	-	-	-
4	ماشینم  	-  	-	-	-
5	منتظر  	-  	-	-	-
6	!  	-  	-	-	-
7	الان  	-  	-	-	-
8	دلم  	-  	-	-	-
9	میخواد  	-  	-	-	-
10	۴  	-  	-	-	-
11	نفر  	-  	-	-	-
12	حساب  	-  	-	-	-
13	کنم  	-  	-	-	-
14	بره  	-  	-	-	-
15	.  	-  	-	-	-
0	انقد  	-  	-	-	-
1	دیر  	-  	-	-	-
2	جوابشو  	-  	-	-	-
3	دادم  	-  	-	-	-
4	خوابید  	-  	-	-	-
5	بنده  	-  	-	-	-
6	خدا  	-  	-	-	-
0	اقا  	-  	-	-	-
1	دقت  	-  	-	-	-
2	کردین  	-  	-	-	-
3	همونجور  	-  	-	-	-
4	که  	-  	-	-	-
5	هوای  	-  	-	-	-
6	دوستتونو  	-  	-	-	-
7	دارین  	-  	-	-	-
8	و  	-  	-	-	-
9	سعی  	-  	-	-	-
10	میکنین  	-  	-	-	-
11	از  	-  	-	-	-
12	ناراحتی  	-  	-	-	-
13	درش  	-  	-	-	-
14	؟  	-  	-	-	-
0	همانطور  	-  	-	-	-
1	که  	-  	-	-	-
2	اگاه  	-  	-	-	-
3	هستید  	-  	-	-	-
4	انچه  	-  	-	-	-
5	که  	-  	-	-	-
6	بنده  	-  	-	-	-
7	عرض  	-  	-	-	-
8	نظر  	-  	-	-	-
9	شخصی  	-  	-	-	-
10	بوده  	-  	-	-	-
0	وقتی  	-  	-	-	-
1	از  	-  	-	-	-
2	چیزی  	-  	-	-	-
3	مطمینی  	-  	-	-	-
4	نیستید  	-  	-	-	-
5	به  	-  	-	-	-
6	کسی  	-  	-	-	-
7	قول  	-  	-	-	-
8	ندید  	-  	-	-	-
9	!  	-  	-	-	-
10	و  	-  	-	-	-
11	اگه  	-  	-	-	-
12	قول  	-  	-	-	-
13	به  	-  	-	-	-
14	حرفاتون  	-  	-	-	-
15	عمل  	-  	-	-	-
16	کنید  	-  	-	-	-
17	.  	-  	-	-	-
0	امیدوارم  	-  	-	-	-
1	بیرون  	-  	-	-	-
2	اومدن  	-  	-	-	-
3	فراموش  	-  	-	-	-
4	نکنم  	-  	-	-	-
0	من  	-  	-	-	-
1	اخر  	-  	-	-	-
2	از  	-  	-	-	-
3	انگشت  	-  	-	-	-
4	کوچیکه  	-  	-	-	-
5	پای  	-  	-	-	-
6	راست  	-  	-	-	-
0	همیشه  	-  	-	-	-
1	که  	-  	-	-	-
2	قرار  	-  	-	-	-
3	نیست  	-  	-	-	-
4	اون  	-  	-	-	-
5	چیزی  	-  	-	-	-
6	که  	-  	-	-	-
7	ما  	-  	-	-	-
8	میخوایم  	-  	-	-	-
9	بشه  	-  	-	-	-
10	!  	-  	-	-	-
11	یکم  	-  	-	-	-
12	از  	-  	-	-	-
13	خودتون  	-  	-	-	-
14	نشون  	-  	-	-	-
15	بدین  	-  	-	-	-
16	!  	-  	-	-	-
0	ضربه  	-  	-	-	-
1	ازادشده  	-  	-	-	-
2	و  	-  	-	-	-
3	کارگردان  	-  	-	-	-
4	بکام  	-  	-	-	-
5	رو  	-  	-	-	-
6	نشون  	-  	-	-	-
7	میده  	-  	-	-	-
8	که  	-  	-	-	-
9	لبخند  	-  	-	-	-
10	رو  	-  	-	-	-
11	لبشه  	-  	-	-	-
12	.  	-  	-	-	-
13	.  	-  	-	-	-
14	.  	-  	-	-	-
0	چقدر  	-  	-	-	-
1	با  	-  	-	-	-
2	شنیدن  	-  	-	-	-
3	این  	-  	-	-	-
4	اهنگ  	-  	-	-	-
5	دوییدم  	-  	-	-	-
6	جلو  	-  	-	-	-
7	تلویزیون  	-  	-	-	-
0	سعی  	-  	-	-	-
1	کنید  	-  	-	-	-
2	وقتی  	-  	-	-	-
3	از  	-  	-	-	-
4	خواب  	-  	-	-	-
5	بیدار  	-  	-	-	-
6	و  	-  	-	-	-
7	می‌خواید  	-  	-	-	-
8	خوابی  	-  	-	-	-
9	رو  	-  	-	-	-
10	که  	-  	-	-	-
11	دیدید  	-  	-	-	-
12	بنویسید  	-  	-	-	-
13	که  	-  	-	-	-
14	یادتون  	-  	-	-	-
15	بمونه  	-  	-	-	-
16	اطلاعات  	-  	-	-	-
17	رو  	-  	-	-	-
18	دقیق  	-  	-	-	-
19	و  	-  	-	-	-
20	ریز  	-  	-	-	-
21	بنویسید  	-  	-	-	-
0	به  	-  	-	-	-
1	نظرم  	-  	-	-	-
2	باید  	-  	-	-	-
3	اول  	-  	-	-	-
4	یکم  	-  	-	-	-
5	بیشتر  	-  	-	-	-
6	لذت  	-  	-	-	-
7	ببرم  	-  	-	-	-
0	از  	-  	-	-	-
1	خوبیای  	-  	-	-	-
2	ماشین  	-  	-	-	-
3	داشتن  	-  	-	-	-
4	اینه  	-  	-	-	-
5	که  	-  	-	-	-
6	از  	-  	-	-	-
7	اولین  	-  	-	-	-
8	لحظات  	-  	-	-	-
9	تا  	-  	-	-	-
10	اخرین  	-  	-	-	-
11	لحظات  	-  	-	-	-
12	با  	-  	-	-	-
13	دوستان  	-  	-	-	-
14	هستی  	-  	-	-	-
0	۱۲  	-  	-	-	-
1	ساعت  	-  	-	-	-
2	لذت  	-  	-	-	-
3	بردیم  	-  	-	-	-
4	از  	-  	-	-	-
5	همجواری  	-  	-	-	-
6	دوستان  	-  	-	-	-
0	بالاخره  	-  	-	-	-
1	اینکه  	-  	-	-	-
2	به  	-  	-	-	-
3	همه  	-  	-	-	-
4	جواب  	-  	-	-	-
5	میدم  	-  	-	-	-
6	به  	-  	-	-	-
7	یه  	-  	-	-	-
8	دردی  	-  	-	-	-
9	داره  	-  	-	-	-
10	میخوره  	-  	-	-	-
0	یه  	-  	-	-	-
1	نفر  	-  	-	-	-
2	که  	-  	-	-	-
3	از  	-  	-	-	-
4	غذا  	-  	-	-	-
5	خوردن  	-  	-	-	-
6	،  	-  	-	-	-
7	فیلم  	-  	-	-	-
8	و  	-  	-	-	-
9	سریال  	-  	-	-	-
10	دیدن  	-  	-	-	-
11	و  	-  	-	-	-
12	ورزش  	-  	-	-	-
13	کردن  	-  	-	-	-
14	لذت  	-  	-	-	-
15	ببره  	-  	-	-	-
16	نبود  	-  	-	-	-
0	یکی  	-  	-	-	-
1	روهم  	-  	-	-	-
2	ناراحت  	-  	-	-	-
3	کردم  	-  	-	-	-
4	ولی  	-  	-	-	-
5	خوشبختانه  	-  	-	-	-
6	سریعا  	-  	-	-	-
7	درستش  	-  	-	-	-
8	کردم  	-  	-	-	-
0	اقا  	-  	-	-	-
1	کی  	-  	-	-	-
2	این  	-  	-	-	-
3	متن  	-  	-	-	-
4	رو  	-  	-	-	-
5	که  	-  	-	-	-
6	زمون  	-  	-	-	-
7	انتخابات  	-  	-	-	-
8	خیلی  	-  	-	-	-
9	یادشه  	-  	-	-	-
0	کاش  	-  	-	-	-
1	انتقال  	-  	-	-	-
2	تجربیات  	-  	-	-	-
3	بود  	-  	-	-	-
4	و  	-  	-	-	-
5	به  	-  	-	-	-
6	فهموند  	-  	-	-	-
7	که  	-  	-	-	-
8	چقدر  	-  	-	-	-
9	مهمن  	-  	-	-	-
0	بالاخره  	-  	-	-	-
1	یه  	-  	-	-	-
2	انیمیشن  	-  	-	-	-
3	که  	-  	-	-	-
4	از  	-  	-	-	-
5	اول  	-  	-	-	-
6	تا  	-  	-	-	-
7	اخرش  	-  	-	-	-
8	باکیفیت  	-  	-	-	-
9	بد  	-  	-	-	-
10	داد  	-  	-	-	-
11	نمیزنه  	-  	-	-	-
12	من  	-  	-	-	-
13	ایرانیم  	-  	-	-	-
0	اینکه  	-  	-	-	-
1	حرف  	-  	-	-	-
2	گوش  	-  	-	-	-
3	نمی‌کنه  	-  	-	-	-
4	!  	-  	-	-	-
0	بالاخره  	-  	-	-	-
1	بعداز  	-  	-	-	-
2	چندین  	-  	-	-	-
3	سال  	-  	-	-	-
4	یه  	-  	-	-	-
5	اکیپ  	-  	-	-	-
6	پیداشده  	-  	-	-	-
7	که  	-  	-	-	-
8	باهاشون  	-  	-	-	-
9	خیلی  	-  	-	-	-
10	راحتم  	-  	-	-	-
11	و  	-  	-	-	-
12	خیلی  	-  	-	-	-
13	باهاشون  	-  	-	-	-
14	خوش  	-  	-	-	-
15	میگذره  	-  	-	-	-
0	شکلات  	-  	-	-	-
1	نازنین  	-  	-	-	-
2	من  	-  	-	-	-
3	که  	-  	-	-	-
4	روی  	-  	-	-	-
5	قفسه  	-  	-	-	-
6	بود  	-  	-	-	-
7	رو  	-  	-	-	-
8	برداشتین  	-  	-	-	-
9	خوردین  	-  	-	-	-
0	قدیما  	-  	-	-	-
1	که  	-  	-	-	-
2	گوشی  	-  	-	-	-
3	و  	-  	-	-	-
4	اهنگ  	-  	-	-	-
5	و  	-  	-	-	-
6	اینا  	-  	-	-	-
7	نبود  	-  	-	-	-
8	تو  	-  	-	-	-
9	دستشویی  	-  	-	-	-
10	مجبور  	-  	-	-	-
11	بودیم  	-  	-	-	-
12	بشینیم  	-  	-	-	-
13	پشت  	-  	-	-	-
14	خمیردندون  	-  	-	-	-
15	هارو  	-  	-	-	-
16	بخونیم  	-  	-	-	-
17	که  	-  	-	-	-
18	حوصله  	-  	-	-	-
19	امون  	-  	-	-	-
20	سر  	-  	-	-	-
21	نره  	-  	-	-	-
0	چقدر  	-  	-	-	-
1	این  	-  	-	-	-
2	حسایی  	-  	-	-	-
3	که  	-  	-	-	-
4	از  	-  	-	-	-
5	شادی  	-  	-	-	-
6	و  	-  	-	-	-
7	خوبن  	-  	-	-	-
0	خیلی  	-  	-	-	-
1	معروف  	-  	-	-	-
2	؟  	-  	-	-	-
3	افرین  	-  	-	-	-
4	!  	-  	-	-	-
5	ولی  	-  	-	-	-
6	اون  	-  	-	-	-
7	اولی  	-  	-	-	-
8	نبود  	-  	-	-	-
9	.  	-  	-	-	-
0	از  	-  	-	-	-
1	خوبیای  	-  	-	-	-
2	اینترنت  	-  	-	-	-
3	میشه  	-  	-	-	-
4	به  	-  	-	-	-
5	قسمت  	-  	-	-	-
6	کردن  	-  	-	-	-
7	با  	-  	-	-	-
8	یکی  	-  	-	-	-
9	از  	-  	-	-	-
10	اون  	-  	-	-	-
11	سر  	-  	-	-	-
12	دنیا  	-  	-	-	-
13	اشاره  	-  	-	-	-
14	کرد  	-  	-	-	-
0	ولی  	-  	-	-	-
1	دیگه  	-  	-	-	-
2	بابابزرگم  	-  	-	-	-
3	نیست  	-  	-	-	-
4	که  	-  	-	-	-
5	باهم  	-  	-	-	-
6	بستنی  	-  	-	-	-
7	بخوریم  	-  	-	-	-
8	قایمکی  	-  	-	-	-
9	چشم  	-  	-	-	-
10	مادربزرگ  	-  	-	-	-
0	به  	-  	-	-	-
1	یاد  	-  	-	-	-
2	ان  	-  	-	-	-
3	شبدر  	-  	-	-	-
4	مشهد  	-  	-	-	-
5	که  	-  	-	-	-
6	از  	-  	-	-	-
7	خواب  	-  	-	-	-
8	با  	-  	-	-	-
9	گریه  	-  	-	-	-
10	پاشدم  	-  	-	-	-
11	و  	-  	-	-	-
12	رفیقم  	-  	-	-	-
13	کنارم  	-  	-	-	-
14	بود  	-  	-	-	-
15	و  	-  	-	-	-
16	کلی  	-  	-	-	-
17	هوامو  	-  	-	-	-
18	داشت  	-  	-	-	-
