0	﻿مقام	مقام	مقام	مقام	N1
1	معظم	معظم	معظم	معظم	A0
2	رهبری	رهبری|رهبر|ره|ره	رهبری|رهبر|ره|ره	رهبری|رهبر+ی|ره+بر+ی|ره+بر+ی	N1|N1+Y|V1+O+Y|N1+O+Y
3	در	در|در|در|در|در	در|در|در|در|در	در|در|در|در|در	Pr|V|N1|N1|VPr
4	دیدار	دیدار|دید	دیدار|دید	دیدار|دید+ار	N1|O+O
5	رئیس	رئیس	رئیس	رئیس	N1
6	و	و|و|و	و|و|و	و|و|و	C0|Ab|Al
7	مسئولان	مسئول	مسئول	مسئول+ان	N1+Pl
8	سازمان	سازمان|ساز|ساز	سازمان|ساز|ساز	سازمان|ساز+مان|ساز+مان	N1|V|N1+N
9	پدافند	پدافند	پدافند	پدافند	N1
10	غیرعامل	عامل	عامل	غیر+عامل	O+N1
11	اظهار	اظهار	اظهار	اظهار	N1
12	داشتند	داشت|داشت|داشت	داشت|داشت|داشت	داشت+ند|داشت+ند|داشت+ند	V|V5+V|N1+V
13	:	:	:	:	Si
14	پدافند	پدافند	پدافند	پدافند	N1
15	غیرعامل	عامل	عامل	غیر+عامل	O+N1
16	در	در|در|در|در|در	در|در|در|در|در	در|در|در|در|در	Pr|V|N1|N1|VPr
17	مقابل	مقابل|مقابل	مقابل|مقابل	مقابل|مقابل	A0|N9
18	تهاجم	تهاجم	تهاجم	تهاجم	N1
19	دشمنان	دشمن	دشمن	دشمن+ان	A0+Pl
20	علمی	علمی|علم|علم	علمی|علم|علم	علمی|علم+ی|علم+ی	A0|N1+Y|N1+Y
21	،	،	،	،	Si
22	جدی	جدی|جد|جد	جدی|جد|جد	جدی|جد+ی|جد+ی	A0|N1+Y|N1+Y
23	و	و|و|و	و|و|و	و|و|و	C0|Ab|Al
24	همه‌جانبه	همه‌جانبه	همه‌جانبه	همه‌جانبه	A0
25	باشد	باش|اشد	باش|اشد	باش+د|ب+اشد	V|O+A0
26	.	.	.	.	Si

0	به	به|به	به|به	به|به	Pr|N1
1	گزارش	گزارش|گزارش|گزار	گزارش|گزارش|گزار	گزارش|گزارش|گزار+ش	N1|N9|V
2	پایگاه	پایگاه|پای|پا|پا	پایگاه|پای|پا|پا	پایگاه|پای+گاه|پا+ی+گاه|پا+ی+گاه	N1|N1+O|V1+O|N1+O
3	اطلاع‌رسانی	اطلاع‌رسانی|اطلاع‌رسان	اطلاع‌رسانی|اطلاع‌رسان	اطلاع‌رسانی|اطلاع‌رسان+ی	N1|A0+Y
4	دفتر	دفتر	دفتر	دفتر	N1
5	حفظ	حفظ	حفظ	حفظ	N1
6	و	و|و|و	و|و|و	و|و|و	C0|Ab|Al
7	نشر	نشر	نشر	نشر	N1
8	آثار	اثر	اثر	اثر	N
9	رهبر	رهبر|ره|ره	رهبر|ره|ره	رهبر|ره+بر|ره+بر	N1|V1+O|N1+O
10	معظم	معظم	معظم	معظم	A0
11	انقلاب	انقلاب	انقلاب	انقلاب	N1
12	،	،	،	،	Si
13	حضرت	حضرت|حضر	حضرت|حضر	حضرت|حضر+ت	N1|N1+N
14	آیت	آیت|آی	آیت|آی	آیت|آی+ت	N1|V
15	الله	الله	الله	الله	N1
16	خامنه‌ای	خامنه‌ای|خامنه	خامنه‌ای|خامنه	خامنه‌ای|خامنه+ای	N4|N2+O
17	رهبر	رهبر|ره|ره	رهبر|ره|ره	رهبر|ره+بر|ره+بر	N1|V1+O|N1+O
18	معظم	معظم	معظم	معظم	A0
19	انقلاب	انقلاب	انقلاب	انقلاب	N1
20	اسلامی	اسلامی|اسلامی|اسلام	اسلامی|اسلامی|اسلام	اسلامی|اسلامی|اسلام+ی	A0|N4|N1+Y
21	ظهر	ظهر|ظهر	ظهر|ظهر	ظهر|ظهر	N1|N1
22	امروز	امروز	امروز	امروز	N1
23	(	(	(	(	Si
24	یکشنبه	یکشنبه	یکشنبه	یکشنبه	N1
25	۶	۶	۶	۶	No
26	آبان	آبان|آب	آبان|آب	آبان|آب+ان	N1|N1+Pl
27	)	)	)	)	Si
28	در	در|در|در|در|در	در|در|در|در|در	در|در|در|در|در	Pr|V|N1|N1|VPr
29	این	این|این	این|این	این|این	A1|N6
30	دیدار	دیدار|دید	دیدار|دید	دیدار|دید+ار	N1|O+O
31	با	با	با	با	Pr
32	اشاره	اشاره	اشاره	اشاره	N1
33	به	به|به	به|به	به|به	Pr|N1
34	اهمیت	اهمیت|اهم	اهمیت|اهم	اهمیت|اهم+یت	N1|A0+O
35	روزافزون	روزافزون	روزافزون	روزافزون	A0
36	پدافند	پدافند	پدافند	پدافند	N1
37	غیرعامل	عامل	عامل	غیر+عامل	O+N1
38	در	در|در|در|در|در	در|در|در|در|در	در|در|در|در|در	Pr|V|N1|N1|VPr
39	مقابله	مقابله|مقابل	مقابله|مقابل	مقابله|مقابل+ه	N1|A0+O
40	با	با	با	با	Pr
41	تهدیدهای	تهدید	تهدید	تهدید+ها+ی	N1+Pl+Y
42	نو	نو|نو	نو|نو	نو|نو	V|A0
43	شونده	شونده|شوند|شو|شو	شونده|شوند|شو|شو	شونده|شوند+ه|شو+نده|شو+نده	A0|N1+O|V1+O|V1+O
44	دشمنان	دشمن	دشمن	دشمن+ان	A0+Pl
45	،	،	،	،	Si
46	تأکید	تأکید	تأکید	تأکید	N1
47	کردند	کرد|کرد	کرد|کرد	کرد+ند|کرد+ند	V|N1+V
48	:	:	:	:	Si
49	در	در|در|در|در|در	در|در|در|در|در	در|در|در|در|در	Pr|V|N1|N1|VPr
50	مقابل	مقابل|مقابل	مقابل|مقابل	مقابل|مقابل	A0|N9
51	شیوه‌های	شیوه|شیو	شیوه|شیو	شیوه+ها+ی|شیو+ه+ها+ی	N1+Pl+Y|V1+O+Pl+Y
52	پیچیده	پیچیده|پیچید	پیچیده|پیچید	پیچیده|پیچید+ه	A0|O+O
53	تهاجم	تهاجم	تهاجم	تهاجم	N1
54	دشمنان	دشمن	دشمن	دشمن+ان	A0+Pl
55	،	،	،	،	Si
56	پدافند	پدافند	پدافند	پدافند	N1
57	غیرعامل	عامل	عامل	غیر+عامل	O+N1
58	نیز	نیز|آز	نیز|آز	نیز|نی+آز	Ad|V
59	باید	باید	باید	باید	V4
60	کاملا	کاملاً	کاملاً	کاملاً	Ad
61	هوشیار	هوشیار|هوش	هوشیار|هوش	هوشیار|هوش+یار	A0|N1+O
62	و	و|و|و	و|و|و	و|و|و	C0|Ab|Al
63	جدی	جدی|جد|جد	جدی|جد|جد	جدی|جد+ی|جد+ی	A0|N1+Y|N1+Y
64	باشد	باش|اشد	باش|اشد	باش+د|ب+اشد	V|O+A0
65	و	و|و|و	و|و|و	و|و|و	C0|Ab|Al
66	به	به|به	به|به	به|به	Pr|N1
67	صورت	صورت|صورت|صور|صور	صورت|صورت|صور|صور	صورت|صورت|صور+ت|صور+ت	N1|N9|N1+N|N1+N
68	علمی	علمی|علم|علم	علمی|علم|علم	علمی|علم+ی|علم+ی	A0|N1+Y|N1+Y
69	،	،	،	،	Si
70	دقیق	دقیق	دقیق	دقیق	A0
71	،	،	،	،	Si
72	به‌روز	بهروز	بهروز	بهروز	N3
73	و	و|و|و	و|و|و	و|و|و	C0|Ab|Al
74	همه‌جانبه	همه‌جانبه	همه‌جانبه	همه‌جانبه	A0
75	عمل	عمل	عمل	عمل	N1
76	و	و|و|و	و|و|و	و|و|و	C0|Ab|Al
77	با	با	با	با	Pr
78	هرگونه	هرگونه	هرگونه	هرگونه	A2
79	نفوذ	نفوذ	نفوذ	نفوذ	N1
80	مقابله	مقابله|مقابل	مقابله|مقابل	مقابله|مقابل+ه	N1|A0+O
81	کند	کند|کن|کن	کند|کن|کن	کند|کن+د|کن+د	A0|V|V
82	.	.	.	.	Si

0	حضرت	حضرت|حضر	حضرت|حضر	حضرت|حضر+ت	N1|N1+N
1	آیت	آیت|آی	آیت|آی	آیت|آی+ت	N1|V
2	الله	الله	الله	الله	N1
3	خامنه‌ای	خامنه‌ای|خامنه	خامنه‌ای|خامنه	خامنه‌ای|خامنه+ای	N4|N2+O
4	توجه	توجه	توجه	توجه	N1
5	مسئولان	مسئول	مسئول	مسئول+ان	N1+Pl
6	در	در|در|در|در|در	در|در|در|در|در	در|در|در|در|در	Pr|V|N1|N1|VPr
7	همه	همه|همه	همه|همه	همه|همه	N1|A2
8	بخشها	بخش|خش	بخش|خش	بخش+ها|ب+خش+ها	N1+Pl|O+N1+Pl
9	به	به|به	به|به	به|به	Pr|N1
10	اهمیت	اهمیت|اهم	اهمیت|اهم	اهمیت|اهم+یت	N1|A0+O
11	پدافند	پدافند	پدافند	پدافند	N1
12	غیرعامل	عامل	عامل	غیر+عامل	O+N1
13	را	را	را	را	Po
14	لازم	لازم|زم	لازم|زم	لازم|لا+زم	A0|O+N1
15	دانستند	دانست	دانست	دانست+ند	V
16	و	و|و|و	و|و|و	و|و|و	C0|Ab|Al
17	افزودند	افزود	افزود	افزود+ند	V
18	:	:	:	:	Si
19	اگر	اگر	اگر	اگر	C0
20	مدیران	مدیر	مدیر	مدیر+ان	N1+Pl
21	کشور	کشور|کش|کش	کشور|کش|کش	کشور|کش+ور|کش+ور	N1|V1+O|V1+O
22	اهمیت	اهمیت|اهم	اهمیت|اهم	اهمیت|اهم+یت	N1|A0+O
23	این	این|این	این|این	این|این	A1|N6
24	مسئله	مسئله	مسئله	مسئله	N1
25	را	را	را	را	Po
26	درک	درک|درک|در|در	درک|درک|در|در	درک|درک|در+ک|در+ک	N1|N1|N1+O|N1+O
27	نکنند	کن|کن	کن|کن	ن+کن+ند|ن+کن+ند	V|V
28	و	و|و|و	و|و|و	و|و|و	C0|Ab|Al
29	پدافند	پدافند	پدافند	پدافند	N1
30	غیرعامل	عامل	عامل	غیر+عامل	O+N1
31	به	به|به	به|به	به|به	Pr|N1
32	طور	طور|طور	طور|طور	طور|طور	N1|N9
33	شایسته	شایسته|شایست	شایسته|شایست	شایسته|شایست+ه	A0|O+O
34	توسعه	توسعه	توسعه	توسعه	N1
35	پیدا	پیدا	پیدا	پیدا	A0
36	نکند	کن|کن|نک	کن|کن|نک	ن+کن+د|ن+کن+د|نک+ند	V|V|N1+V
37	،	،	،	،	Si
38	کشور	کشور|کش|کش	کشور|کش|کش	کشور|کش+ور|کش+ور	N1|V1+O|V1+O
39	در	در|در|در|در|در	در|در|در|در|در	در|در|در|در|در	Pr|V|N1|N1|VPr
40	معرض	معرض	معرض	معرض	N1
41	تهدیدهای	تهدید	تهدید	تهدید+ها+ی	N1+Pl+Y
42	بعضا	بعضاً	بعضاً	بعضاً	Ad
43	غیرقابل	قابل	قابل	غیر+قابل	O+A0
44	جبران	جبران|جبر	جبران|جبر	جبران|جبر+ان	N1|N1+Pl
45	قرار	قرار|قرار	قرار|قرار	قرار|قرار	N1|N9
46	خواهد_گرفت	خواهد_گرف	خواهد_گرف	خواهد_گرف	N
47	،	،	،	،	Si
48	بنابراین	بنابراین|برا	بنابراین|برا	بنابراین|نا+ب+برا+ین	Ad|O+Neg+A0+O
49	مسئولان	مسئول	مسئول	مسئول+ان	N1+Pl
50	بخش‌های	بخش|خش	بخش|خش	بخش+ها+ی|ب+خش+ها+ی	N1+Pl+Y|O+N1+Pl+Y
51	مختلف	مختلف	مختلف	مختلف	A0
52	کشور	کشور|کش|کش	کشور|کش|کش	کشور|کش+ور|کش+ور	N1|V1+O|V1+O
53	چه	چه|چه|چه	چه|چه|چه	چه|چه|چه	NA|C0|A0
54	بخشهای	بخش|خش	بخش|خش	بخش+ها+ی|ب+خش+ها+ی	N1+Pl+Y|O+N1+Pl+Y
55	نظامی	نظامی|نظام	نظامی|نظام	نظامی|نظام+ی	A0|N1+Y
56	و	و|و|و	و|و|و	و|و|و	C0|Ab|Al
57	چه	چه|چه|چه	چه|چه|چه	چه|چه|چه	NA|C0|A0
58	بخشهای	بخش|خش	بخش|خش	بخش+ها+ی|ب+خش+ها+ی	N1+Pl+Y|O+N1+Pl+Y
59	غیرنظامی	غیرنظامی|غیرنظام|نظامی|نظام	غیرنظامی|غیرنظام|نظامی|نظام	غیرنظامی|غیرنظام+ی|غیر+نظامی|غیر+نظام+ی	N1|A0+Y|O+A0|O+N1+Y
60	،	،	،	،	Si
61	باید	باید	باید	باید	V4
62	با	با	با	با	Pr
63	پدافند	پدافند	پدافند	پدافند	N1
64	غیرعامل	عامل	عامل	غیر+عامل	O+N1
65	همکاری	همکاری|همکار|کاری|کار|کار	همکاری|همکار|کاری|کار|کار	همکاری|همکار+ی|هم+کاری|هم+کار+ی|هم+کار+ی	N1|N1+Y|O+A0|O+N1+Y|O+V1+Y
66	کامل	کامل	کامل	کامل	A0
67	و	و|و|و	و|و|و	و|و|و	C0|Ab|Al
68	لازم	لازم|زم	لازم|زم	لازم|لا+زم	A0|O+N1
69	انجام	انجام|انجام	انجام|انجام	انجام|انجام	N1|V
70	دهند	ده|ده	ده|ده	ده+ند|ده+ند	V|N1+V
71	.	.	.	.	Si

0	ایران	ایران	ایران	ایران	N2
1	و	و|و|و	و|و|و	و|و|و	C0|Ab|Al
2	اتحادیه	اتحادیه|اتحاد	اتحادیه|اتحاد	اتحادیه|اتحاد+یه	N1|N1+O
3	اروپا	اروپا	اروپا	اروپا	N2
4	برای	برای	برای	برای	Pr
5	رونمایی	رونمایی|رونما|رو	رونمایی|رونما|رو	رونمایی|رونما+یی|رو+نما+یی	N1|N1+O|N1+O+O
6	از	از	از	از	Pr
7	یک	یک	یک	یک	No
8	تونل	تونل	تونل	تونل	N1
9	مالی	مالی|مال|مال	مالی|مال|مال	مالی|مال+ی|مال+ی	A0|V|N1+Y
10	ویژه‌	ویژه	ویژه	ویژه	A0
11	،	،	،	،	Si
12	با	با	با	با	Pr
13	هدف	هدف	هدف	هدف	N1
14	خنثی‌سازی	خنثی‌سازی	خنثی‌سازی	خنثی‌سازی	N1
15	اثر	اثر|اثر	اثر|اثر	اثر|اثر	N1|N9
16	تحریم‌های	تحریم	تحریم	تحریم+ها+ی	N1+Pl+Y
17	آمریکا	آمریکا	آمریکا	آمریکا	N2
18	و	و|و|و	و|و|و	و|و|و	C0|Ab|Al
19	هموار	هموار	هموار	هموار	A0
20	شدن	شد	شد	شد+ن	V3+Neg
21	راه	راه|راه	راه|راه	راه|راه	N1|N9
22	تجارت	تجارت|تجار	تجارت|تجار	تجارت|تجار+ت	N1|N1+N
23	بین	بین|بین|بین|ین	بین|بین|بین|ین	بین|بین|بین|ب+ین	V|N9|A0|O+N1
24	کشورمان	کشور|کش|کش	کشور|کش|کش	کشور+مان|کش+ور+مان|کش+ور+مان	N1+N|V1+O+N|V1+O+N
25	با	با	با	با	Pr
26	جهان	جهان|جهان|جه	جهان|جهان|جه	جهان|جهان|جه+ان	N1|V|N1+Pl
27	آماده	آماده|آماد	آماده|آماد	آماده|آماد+ه	A0|N1+O
28	می‌شوند	شو|شو	شو|شو	می+شو+ند|می+شو+ند	V|V
29	.	.	.	.	Si

0	ایجاد	ایجاد	ایجاد	ایجاد	N1
1	کانال	کانال	کانال	کانال	N1
2	ویژه	ویژه	ویژه	ویژه	A0
3	مالی	مالی|مال|مال	مالی|مال|مال	مالی|مال+ی|مال+ی	A0|V|N1+Y
4	اروپا	اروپا	اروپا	اروپا	N2
5	یکی	یکی	یکی	یکی	A2
6	از	از	از	از	Pr
7	گام‌های	گام	گام	گام+ها+ی	N1+Pl+Y
8	عملی	عملی|عمل	عملی|عمل	عملی|عمل+ی	A0|N1+Y
9	برای	برای	برای	برای	Pr
10	حفظ	حفظ	حفظ	حفظ	N1
11	برجام	برجا	برجا	برجا	N
12	و	و|و|و	و|و|و	و|و|و	C0|Ab|Al
13	بهره‌مندی	بهره‌مندی|بهره‌مند|بهره|هره|بهر	بهره‌مندی|بهره‌مند|بهره|هره|بهر	بهره‌مندی|بهره‌مند+ی|بهره+مند+ی|ب+هره+مند+ی|بهر+ه+مند+ی	N1|A0+Y|N1+O+Y|O+N1+O+Y|N1+O+O+Y
14	ایران	ایران	ایران	ایران	N2
15	از	از	از	از	Pr
16	منافع	منفعت	منفعت	منفعت	N
17	اقتصادی	اقتصادی|اقتصاد	اقتصادی|اقتصاد	اقتصادی|اقتصاد+ی	A0|N1+Y
18	آن	آن|آن	آن|آن	آن|آن	A1|N6
19	ازجمله	ازجمله	ازجمله	ازجمله	Ad
20	ایمن	ایمن	ایمن	ایمن	A0
21	ماندن	ماند|مان	ماند|مان	ماند+ن|مان+د+ن	V2+Neg|V1+O+Neg
22	مسیر	مسیر	مسیر	مسیر	N1
23	فروش	فروش|فروش|فرو	فروش|فروش|فرو	فروش|فروش|فرو+ش	V|N1|A0+N
24	نفت	نفت	نفت	نفت	N1
25	و	و|و|و	و|و|و	و|و|و	C0|Ab|Al
26	دیگر	دیگر|دیگر|دی	دیگر|دیگر|دی	دیگر|دیگر|دی+گر	Ad|A2|N1+O
27	کالاهای	کالا	کالا	کالا+ها+ی	N1+Pl+Y
28	صادراتی	صادراتی|صادرات|صادر	صادراتی|صادرات|صادر	صادراتی|صادرات+ی|صادر+ات+ی	A0|N1+Y|N1+Pl+Y
29	به	به|به	به|به	به|به	Pr|N1
30	اروپا	اروپا	اروپا	اروپا	N2
31	و	و|و|و	و|و|و	و|و|و	C0|Ab|Al
32	البته	البته	البته	البته	Ad
33	سایر	سایر	سایر	سایر	N1
34	کشورها	کشور|کش|کش	کشور|کش|کش	کشور+ها|کش+ور+ها|کش+ور+ها	N1+Pl|V1+O+Pl|V1+O+Pl
35	به‌شمار	شمار	شمار	به+شمار	O+N1
36	می‌رود	رو|رو	رو|رو	می+رو+د|می+رو+د	V|V
37	و	و|و|و	و|و|و	و|و|و	C0|Ab|Al
38	قرار	قرار|قرار	قرار|قرار	قرار|قرار	N1|N9
39	است	است|اس	است|اس	است|اس+ت	V|N1+N
40	مبنای	مبنا	مبنا	مبنا+ی	N1+Y
41	رد	رد	رد	رد	A0
42	و	و|و|و	و|و|و	و|و|و	C0|Ab|Al
43	بدل	بدل|دل	بدل|دل	بدل|ب+دل	A0|O+N1
44	مالی	مالی|مال|مال	مالی|مال|مال	مالی|مال+ی|مال+ی	A0|V|N1+Y
45	در	در|در|در|در|در	در|در|در|در|در	در|در|در|در|در	Pr|V|N1|N1|VPr
46	این	این|این	این|این	این|این	A1|N6
47	کانال	کانال	کانال	کانال	N1
48	ویژه	ویژه	ویژه	ویژه	A0
49	براساس	براساس	براساس	براساس	Pr1
50	یورو	یورو	یورو	یورو	N1
51	و	و|و|و	و|و|و	و|و|و	C0|Ab|Al
52	نه	نه|نه|نه	نه|نه|نه	نه|نه|نه	No|V|N1
53	دلار	دلار	دلار	دلار	N1
54	صورت	صورت|صورت|صور|صور	صورت|صورت|صور|صور	صورت|صورت|صور+ت|صور+ت	N1|N9|N1+N|N1+N
55	گیرد	گیر	گیر	گیر+د	V
56	.	.	.	.	Si

0	به‌گزارش	به‌گزارش	به‌گزارش	به‌گزارش	Pr1
1	همشهری	همشهری|همشهر|شهری|شهر	همشهری|همشهر|شهری|شهر	همشهری|همشهر+ی|هم+شهری|هم+شهر+ی	N1|A0+Y|O+A0|O+N1+Y
2	،	،	،	،	Si
3	عبدالناصر	عبدالناصر	عبدالناصر	عبدالناصر	N3
4	همتی	همتی|همت|تی	همتی|همت|تی	همتی|همت+ی|هم+تی	N4|N1+Y|O+N1
5	،	،	،	،	Si
6	رئیس‌کل	رئیس‌کل	رئیس‌کل	رئیس‌کل	N1
7	بانک	بانک	بانک	بانک	N1
8	مرکزی	مرکزی|مرکز	مرکزی|مرکز	مرکزی|مرکز+ی	A0|N1+Y
9	ایران	ایران	ایران	ایران	N2
10	در	در|در|در|در|در	در|در|در|در|در	در|در|در|در|در	Pr|V|N1|N1|VPr
11	تازه‌ترین	تازه|تاز	تازه|تاز	تازه+ترین|تاز+ه+ترین	A0+A|V1+O+A
12	واکنش	واکنش	واکنش	واکنش	N1
13	به	به|به	به|به	به|به	Pr|N1
14	این	این|این	این|این	این|این	A1|N6
15	موضوع	موضوع	موضوع	موضوع	N1
16	گفته_است	گفته_اس	گفته_اس	گفته_اس	N
17	جزئیات	جزئیات|جزئی	جزئیات|جزئی	جزئیات|جزئی+ات	N1|A0+Pl
18	و	و|و|و	و|و|و	و|و|و	C0|Ab|Al
19	نحوه	نحوه|نحوه|نحو	نحوه|نحوه|نحو	نحوه|نحوه|نحو+ه	N1|N9|N1+O
20	استفاده	استفاده	استفاده	استفاده	N1
21	از	از	از	از	Pr
22	کانال	کانال	کانال	کانال	N1
23	ویژه	ویژه	ویژه	ویژه	A0
24	مالی	مالی|مال|مال	مالی|مال|مال	مالی|مال+ی|مال+ی	A0|V|N1+Y
25	اروپا	اروپا	اروپا	اروپا	N2
26	هفته	هفته	هفته	هفته	N1
27	آینده	آینده	آینده	آینده	N1
28	در	در|در|در|در|در	در|در|در|در|در	در|در|در|در|در	Pr|V|N1|N1|VPr
29	جریان	جریان|جری|جر|جر	جریان|جری|جر|جر	جریان|جری+ان|جر+ی+ان|جر+ی+ان	N1|A0+Pl|N1+Y+Pl|N1+Y+Pl
30	یک	یک	یک	یک	No
31	نشست	نشست|نشست|شست	نشست|نشست|شست	نشست|نشست|ن+شست	V|N1|V
32	که	که|که|که|که	که|که|که|که	که|که|که|که	C0|NA|N1|N1
33	در	در|در|در|در|در	در|در|در|در|در	در|در|در|در|در	Pr|V|N1|N1|VPr
34	شهر	شهر	شهر	شهر	N1
35	بروکسل	بروکسل	بروکسل	بروکسل	N2
36	بلژیک	بلژیک	بلژیک	بلژیک	N2
37	،	،	،	،	Si
38	مقر	مقر|مقر|مقر	مقر|مقر|مقر	مقر|مقر|مقر	N1|N1|A0
39	اتحادیه	اتحادیه|اتحاد	اتحادیه|اتحاد	اتحادیه|اتحاد+یه	N1|N1+O
40	اروپا	اروپا	اروپا	اروپا	N2
41	برگزار	برگزار|برگ	برگزار|برگ	برگزار|برگ+زار	A0|N1+O
42	می‌شود	شو|شو	شو|شو	می+شو+د|می+شو+د	V|V
43	،	،	،	،	Si
44	نهایی	نهایی	نهایی	نهایی	A0
45	خواهد_شد	خواهد_شد	خواهد_شد	خواهد_شد	N
46	.	.	.	.	Si

0	او	او|او	او|او	او|او	N5|Ab
1	وعده	وعده	وعده	وعده	N1
2	داده	داده|داد|داد	داده|داد|داد	داده|داد+ه|داد+ه	N1|O+O|N1+O
3	جزئیات	جزئیات|جزئی	جزئیات|جزئی	جزئیات|جزئی+ات	N1|A0+Pl
4	این	این|این	این|این	این|این	A1|N6
5	کانال	کانال	کانال	کانال	N1
6	ضد‌تحریم	ضد‌تحر	ضد‌تحر	ضد‌تحر	N
7	به‌زودی	به‌زودی|زودی|زود	به‌زودی|زودی|زود	به‌زودی|به+زودی|به+زود+ی	Ad|O+N1|O+A0+Y
8	اعلام	اعلام|اعلام	اعلام|اعلام	اعلام|اعلام	N1|N1
9	خواهد_شد	خواهد_شد	خواهد_شد	خواهد_شد	N
10	.	.	.	.	Si

0	به	به|به	به|به	به|به	Pr|N1
1	گفته	گفته|گفت|گفت	گفته|گفت|گفت	گفته|گفت+ه|گفت+ه	A0|O+O|N1+O
2	این	این|این	این|این	این|این	A1|N6
3	مقام	مقام	مقام	مقام	N1
4	ارشد	ارشد	ارشد	ارشد	A0
5	بانک	بانک	بانک	بانک	N1
6	مرکزی	مرکزی|مرکز	مرکزی|مرکز	مرکزی|مرکز+ی	A0|N1+Y
7	،	،	،	،	Si
8	جزئیات	جزئیات|جزئی	جزئیات|جزئی	جزئیات|جزئی+ات	N1|A0+Pl
9	این	این|این	این|این	این|این	A1|N6
10	کانال	کانال	کانال	کانال	N1
11	هفته	هفته	هفته	هفته	N1
12	آینده	آینده	آینده	آینده	N1
13	بین	بین|بین|بین|ین	بین|بین|بین|ین	بین|بین|بین|ب+ین	V|N9|A0|O+N1
14	ایران	ایران	ایران	ایران	N2
15	و	و|و|و	و|و|و	و|و|و	C0|Ab|Al
16	اروپا	اروپا	اروپا	اروپا	N2
17	مورد	مورد|مورد|مورد	مورد|مورد|مورد	مورد|مورد|مورد	N1|N1|N9
18	بررسی	بررسی|بررس	بررسی|بررس	بررسی|بررس+ی	N1|N1+Y
19	نهایی	نهایی	نهایی	نهایی	A0
20	قرار	قرار|قرار	قرار|قرار	قرار|قرار	N1|N9
21	می‌گیرد	گیر	گیر	می+گیر+د	V
22	و	و|و|و	و|و|و	و|و|و	C0|Ab|Al
23	هدف	هدف	هدف	هدف	N1
24	نخست	نخست|خست|نخ	نخست|خست|نخ	نخست|ن+خست|نخ+ست	A0|V|N1+N
25	آن	آن|آن	آن|آن	آن|آن	A1|N6
26	رفع	رفع	رفع	رفع	N1
27	مشکلات	مشکل	مشکل	مشکل+ات	N1+Pl
28	مربوط	مربوط	مربوط	مربوط	A0
29	به	به|به	به|به	به|به	Pr|N1
30	انجام	انجام|انجام	انجام|انجام	انجام|انجام	N1|V
31	پرداخت‌های	پرداخت	پرداخت	پرداخت+ها+ی	N1+Pl+Y
32	مالی	مالی|مال|مال	مالی|مال|مال	مالی|مال+ی|مال+ی	A0|V|N1+Y
33	است	است|اس	است|اس	است|اس+ت	V|N1+N
34	.	.	.	.	Si

0	او	او|او	او|او	او|او	N5|Ab
1	در	در|در|در|در|در	در|در|در|در|در	در|در|در|در|در	Pr|V|N1|N1|VPr
2	صفحه	صفحه	صفحه	صفحه	N1
3	اینستاگرام	اینستاگرا	اینستاگرا	اینستاگرا	N
4	خود	خود|خود	خود|خود	خود|خود	N|N1
5	نوشته_است	نوشته_اس	نوشته_اس	نوشته_اس	N
6	:	:	:	:	Si
7	کانال	کانال	کانال	کانال	N1
8	ویژه	ویژه	ویژه	ویژه	A0
9	مالی	مالی|مال|مال	مالی|مال|مال	مالی|مال+ی|مال+ی	A0|V|N1+Y
10	اروپا	اروپا	اروپا	اروپا	N2
11	،	،	،	،	Si
12	نقش	نقش|نق	نقش|نق	نقش|نق+ش	N1|N1+N
13	نوعی	نوعی|نوع	نوعی|نوع	نوعی|نوع+ی	A0|N1+Y
14	پیمان	پیمان|پیمان|پی	پیمان|پیمان|پی	پیمان|پیمان|پی+مان	N3|N1|N1+N
15	پولی	پولی|پول	پولی|پول	پولی|پول+ی	A0|N1+Y
16	دوجانبه	دوجانبه	دوجانبه	دوجانبه	A0
17	میان	میان|می|می	میان|می|می	میان|می+ان|می+ان	N1|N1+Pl|N1+Pl
18	ایران	ایران	ایران	ایران	N2
19	و	و|و|و	و|و|و	و|و|و	C0|Ab|Al
20	اتحادیه	اتحادیه|اتحاد	اتحادیه|اتحاد	اتحادیه|اتحاد+یه	N1|N1+O
21	اروپا	اروپا	اروپا	اروپا	N2
22	را	را	را	را	Po
23	ایفا	ایفا	ایفا	ایفا	N1
24	خواهد_کرد	خواهد_کرد	خواهد_کرد	خواهد_کرد	N
25	و	و|و|و	و|و|و	و|و|و	C0|Ab|Al
26	هر	هر	هر	هر	A1
27	دو	دو|دو|دو|دو	دو|دو|دو|دو	دو|دو|دو|دو	No|V|V|N1
28	طرف	طرف|طرف	طرف|طرف	طرف|طرف	N1|N1
29	بر	بر|بر|بر|بر|بر	بر|بر|بر|بر|بر	بر|بر|بر|بر|بر	Pr|V|V|VPr|N1
30	تسریع	تسریع	تسریع	تسریع	N1
31	در	در|در|در|در|در	در|در|در|در|در	در|در|در|در|در	Pr|V|N1|N1|VPr
32	عملیاتی	عملیاتی|عملیات|عملی	عملیاتی|عملیات|عملی	عملیاتی|عملیات+ی|عملی+ات+ی	A0|N1+Y|A0+Pl+Y
33	شدن	شد	شد	شد+ن	V3+Neg
34	این	این|این	این|این	این|این	A1|N6
35	فرایند	فرایند	فرایند	فرایند	N1
36	تأکید	تأکید	تأکید	تأکید	N1
37	دارند	دار|دار|دار	دار|دار|دار	دار+ند|دار+ند|دار+ند	V|N1+V|V5+V
38	.	.	.	.	Si

0	پیش‌تر	پیشتر|پیش	پیشتر|پیش	پیشتر|پیش+تر	A0|A0+A
1	در	در|در|در|در|در	در|در|در|در|در	در|در|در|در|در	Pr|V|N1|N1|VPr
2	هفته	هفته	هفته	هفته	N1
3	نخست	نخست|خست|نخ	نخست|خست|نخ	نخست|ن+خست|نخ+ست	A0|V|N1+N
4	مهرماه	مهرماه	مهرماه	مهرماه	N1
5	فدریکا	فدریکا	فدریکا	فدریکا	N
6	موگرینی	مو|مو|مو	مو|مو|مو	مو+یرگ+گری+نی|مو+یرگ+گری+نی|مو+یرگ+گری+نی	V1+O+O+O|N1+O+O+O|N1+O+O+O
7	،	،	،	،	Si
8	مسئول	مسئول	مسئول	مسئول	N1
9	سیاست	سیاست|سیاس	سیاست|سیاس	سیاست|سیاس	N1|A0
10	خارجی	خارجی|خارج	خارجی|خارج	خارجی|خارج+ی	N1|N1+Y
11	اتحادیه	اتحادیه|اتحاد	اتحادیه|اتحاد	اتحادیه|اتحاد+یه	N1|N1+O
12	اروپا	اروپا	اروپا	اروپا	N2
13	،	،	،	،	Si
14	قول	قول	قول	قول	N1
15	داده_بود	داده_بود	داده_بود	داده_بود	N
16	که	که|که|که|که	که|که|که|که	که|که|که|که	C0|NA|N1|N1
17	کانال	کانال	کانال	کانال	N1
18	ویژه	ویژه	ویژه	ویژه	A0
19	مالی	مالی|مال|مال	مالی|مال|مال	مالی|مال+ی|مال+ی	A0|V|N1+Y
20	اروپا	اروپا	اروپا	اروپا	N2
21	تا	تا|تا|تا	تا|تا|تا	تا|تا|تا	Pr|C0|Ab
22	قبل	قبل|قبل|قبل	قبل|قبل|قبل	قبل|قبل|قبل	Ad|N1|N9
23	از	از	از	از	Pr
24	۱۰	۱۰	۱۰	۱۰	No
25	آبان	آبان|آب	آبان|آب	آبان|آب+ان	N1|N1+Pl
26	یعنی	یعنی	یعنی	یعنی	C0
27	چند	چند	چند	چند	NA
28	روز	روز	روز	روز	N1
29	مانده	مانده|ماند|مان	مانده|ماند|مان	مانده|ماند+ه|مان+د+ه	A0|O+O|V1+O+O
30	به	به|به	به|به	به|به	Pr|N1
31	اعمال	اعمال|عمل	اعمال|عمل	اعمال|عمل	N1|N
32	مرحله	مرحله	مرحله	مرحله	N1
33	دوم	دوم|دو|دو|دو|دو	دوم|دو|دو|دو|دو	دوم|دو+م|دو+م|دو+م|دو+م	A0|V|V|N1+N|N1+V
34	تحریم‌های	تحریم	تحریم	تحریم+ها+ی	N1+Pl+Y
35	یکجانبه	یک‌جانبه	یک‌جانبه	یک‌جانبه	A0
36	و	و|و|و	و|و|و	و|و|و	C0|Ab|Al
37	فراسرزمینی	سرزمین	سرزمین	فرا+سرزمین+ی	O+N1+Y
38	آمریکا	آمریکا	آمریکا	آمریکا	N2
39	علیه	علیه|علیه|علی	علیه|علیه|علی	علیه|علیه|علی+ه	N1|N9|A0+O
40	ایران	ایران	ایران	ایران	N2
41	ایجاد	ایجاد	ایجاد	ایجاد	N1
42	شود	شو|شو	شو|شو	شو+د|شو+د	V|V
43	.	.	.	.	Si

0	ایجاد	ایجاد	ایجاد	ایجاد	N1
1	کانال	کانال	کانال	کانال	N1
2	ویژه	ویژه	ویژه	ویژه	A0
3	مالی	مالی|مال|مال	مالی|مال|مال	مالی|مال+ی|مال+ی	A0|V|N1+Y
4	بر	بر|بر|بر|بر|بر	بر|بر|بر|بر|بر	بر|بر|بر|بر|بر	Pr|V|V|VPr|N1
5	مبنای	مبنا	مبنا	مبنا+ی	N1+Y
6	الگوی	الگو	الگو	الگو+ی	N1+Y
7	پیمان	پیمان|پیمان|پی	پیمان|پیمان|پی	پیمان|پیمان|پی+مان	N3|N1|N1+N
8	دوجانبه	دوجانبه	دوجانبه	دوجانبه	A0
9	پولی	پولی|پول	پولی|پول	پولی|پول+ی	A0|N1+Y
10	به	به|به	به|به	به|به	Pr|N1
11	این	این|این	این|این	این|این	A1|N6
12	معناست	معنا	معنا	معنا+ست	N1+N
13	که	که|که|که|که	که|که|که|که	که|که|که|که	C0|NA|N1|N1
14	بین	بین|بین|بین|ین	بین|بین|بین|ین	بین|بین|بین|ب+ین	V|N9|A0|O+N1
15	ایران	ایران	ایران	ایران	N2
16	به‌عنوان	عنوان	عنوان	به+عنوان	O+N1
17	کشور	کشور|کش|کش	کشور|کش|کش	کشور|کش+ور|کش+ور	N1|V1+O|V1+O
18	صادرکننده	صادرکننده	صادرکننده	صادرکننده	A0
19	نفت	نفت	نفت	نفت	N1
20	و	و|و|و	و|و|و	و|و|و	C0|Ab|Al
21	سایر	سایر	سایر	سایر	N1
22	کالاها	کالا	کالا	کالا+ها	N1+Pl
23	و	و|و|و	و|و|و	و|و|و	C0|Ab|Al
24	کشور	کشور|کش|کش	کشور|کش|کش	کشور|کش+ور|کش+ور	N1|V1+O|V1+O
25	خریدار	خریدار|خرید	خریدار|خرید	خریدار|خرید+ار	A0|O+O
26	،	،	،	،	Si
27	پول	پول	پول	پول	N1
28	ملی	ملی|مل|مل	ملی|مل|مل	ملی|مل+ی|مل+ی	A0|N1+Y|N1+Y
29	۲کشور	۲کشور	۲کشور	۲کشور	N
30	مبنای	مبنا	مبنا	مبنا+ی	N1+Y
31	عمل	عمل	عمل	عمل	N1
32	تسویه‌حساب	تسویه‌حساب	تسویه‌حساب	تسویه‌حساب	N1
33	قرار	قرار|قرار	قرار|قرار	قرار|قرار	N1|N9
34	می‌گیرد	گیر	گیر	می+گیر+د	V
35	اما	اما	اما	اما	C0
36	پیش	پیش|پیش|پی	پیش|پیش|پی	پیش|پیش|پی+ش	A0|N9|N1+N
37	از	از	از	از	Pr
38	این	این|این	این|این	این|این	A1|N6
39	اعلام	اعلام|اعلام	اعلام|اعلام	اعلام|اعلام	N1|N1
40	شده_بود	شده_بود	شده_بود	شده_بود	N
41	که	که|که|که|که	که|که|که|که	که|که|که|که	C0|NA|N1|N1
42	سازوکار	سازوکار	سازوکار	سازوکار	N1
43	مالی	مالی|مال|مال	مالی|مال|مال	مالی|مال+ی|مال+ی	A0|V|N1+Y
44	پیشنهادشده	پیشنهادشده|نهاد|نهاد	پیشنهادشده|نهاد|نهاد	پیشنهادشده|پیش+نهاد+شد+ه|پیش+نهاد+شد+ه	A0|V|O+V1+O+O
45	از	از	از	از	Pr
46	سوی	سو	سو	سو+ی	N1+Y
47	اروپا	اروپا	اروپا	اروپا	N2
48	بر	بر|بر|بر|بر|بر	بر|بر|بر|بر|بر	بر|بر|بر|بر|بر	Pr|V|V|VPr|N1
49	مبنای	مبنا	مبنا	مبنا+ی	N1+Y
50	یورو	یورو	یورو	یورو	N1
51	به‌معنای	معناً	معناً	به+معناً+ی	O+Ad+Y
52	واحد	واحد	واحد	واحد	A0
53	پولی	پولی|پول	پولی|پول	پولی|پول+ی	A0|N1+Y
54	این	این|این	این|این	این|این	A1|N6
55	قاره	قاره|قار	قاره|قار	قاره|قار+ه	N1|N1+O
56	خواهد_بود	خواهد_بود	خواهد_بود	خواهد_بود	N
57	و	و|و|و	و|و|و	و|و|و	C0|Ab|Al
58	اجرایی	اجرایی|اجرا	اجرایی|اجرا	اجرایی|اجرا+یی	A0|N1+O
59	شدن	شد	شد	شد+ن	V3+Neg
60	آن	آن|آن	آن|آن	آن|آن	A1|N6
61	مستلزم	مستلزم	مستلزم	مستلزم	N1
62	همکاری	همکاری|همکار|کاری|کار|کار	همکاری|همکار|کاری|کار|کار	همکاری|همکار+ی|هم+کاری|هم+کار+ی|هم+کار+ی	N1|N1+Y|O+A0|O+N1+Y|O+V1+Y
63	بانک‌های	بانک	بانک	بانک+ها+ی	N1+Pl+Y
64	مرکزی	مرکزی|مرکز	مرکزی|مرکز	مرکزی|مرکز+ی	A0|N1+Y
65	ایران	ایران	ایران	ایران	N2
66	با	با	با	با	Pr
67	دیگر	دیگر|دیگر|دی	دیگر|دیگر|دی	دیگر|دیگر|دی+گر	Ad|A2|N1+O
68	بانک‌های	بانک	بانک	بانک+ها+ی	N1+Pl+Y
69	مرکزی	مرکزی|مرکز	مرکزی|مرکز	مرکزی|مرکز+ی	A0|N1+Y
70	اروپاست	اروپاس	اروپاس	اروپاس	N
71	.	.	.	.	Si

0	ایرنا	ایرنا	ایرنا	ایرنا	N3
1	گزارش	گزارش|گزارش|گزار	گزارش|گزارش|گزار	گزارش|گزارش|گزار+ش	N1|N9|V
2	داده	داده|داد|داد	داده|داد|داد	داده|داد+ه|داد+ه	N1|O+O|N1+O
3	در	در|در|در|در|در	در|در|در|در|در	در|در|در|در|در	Pr|V|N1|N1|VPr
4	قالب	قالب	قالب	قالب	N1
5	سازوکار	سازوکار	سازوکار	سازوکار	N1
6	مالی	مالی|مال|مال	مالی|مال|مال	مالی|مال+ی|مال+ی	A0|V|N1+Y
7	پیشنهادی	پیشنهادی|پیشنهاد|نهاد|نهاد	پیشنهادی|پیشنهاد|نهاد|نهاد	پیشنهادی|پیشنهاد+ی|پیش+نهاد+ی|پیش+نهاد+ی	A0|N1+Y|V|O+V1+Y
8	اروپا	اروپا	اروپا	اروپا	N2
9	،	،	،	،	Si
10	ایران	ایران	ایران	ایران	N2
11	می‌تواند	توان|توان	توان|توان	می+توان+د|می+توان+د	O+V4+O|V
12	کالاها	کالا	کالا	کالا+ها	N1+Pl
13	ازجمله	ازجمله	ازجمله	ازجمله	Ad
14	نفت	نفت	نفت	نفت	N1
15	و	و|و|و	و|و|و	و|و|و	C0|Ab|Al
16	فرآورده‌های	فرآورده|ورد|ورد|ده	فرآورده|ورد|ورد|ده	فرآورده+ها+ی|فرآ+ورد+ه+ها+ی|فرآ+ورد+ه+ها+ی|ور+فرآ+ده+ها+ی	N1+Pl+Y|O+V1+O+Pl+Y|O+N1+O+Pl+Y|O+O+N1+Pl+Y
17	نفتی	نفتی|نفت	نفتی|نفت	نفتی|نفت+ی	A0|N1+Y
18	را	را	را	را	Po
19	به	به|به	به|به	به|به	Pr|N1
20	اروپا	اروپا	اروپا	اروپا	N2
21	صادر	صادر	صادر	صادر	N1
22	و	و|و|و	و|و|و	و|و|و	C0|Ab|Al
23	در	در|در|در|در|در	در|در|در|در|در	در|در|در|در|در	Pr|V|N1|N1|VPr
24	قبال	قبال	قبال	قبال	N9
25	آن	آن|آن	آن|آن	آن|آن	A1|N6
26	کالاها	کالا	کالا	کالا+ها	N1+Pl
27	و	و|و|و	و|و|و	و|و|و	C0|Ab|Al
28	خدمات	خدمات|خدم	خدمات|خدم	خدمات|خدم+ات	N1|N1+Pl
29	موردنیاز	موردنیاز	موردنیاز	موردنیاز	A0
30	را	را	را	را	Po
31	از	از	از	از	Pr
32	کشورهای	کشور|کش|کش	کشور|کش|کش	کشور+ها+ی|کش+ور+ها+ی|کش+ور+ها+ی	N1+Pl+Y|V1+O+Pl+Y|V1+O+Pl+Y
33	اروپایی	اروپایی|اروپا	اروپایی|اروپا	اروپایی|اروپا+یی	A0|N2+O
34	خریداری	خریداری|خریدار|خرید	خریداری|خریدار|خرید	خریداری|خریدار+ی|خرید+ار+ی	N1|A0+Y|O+O+Y
35	کند	کند|کن|کن	کند|کن|کن	کند|کن+د|کن+د	A0|V|V
36	و	و|و|و	و|و|و	و|و|و	C0|Ab|Al
37	تهاتر	تهاتر	تهاتر	تهاتر	N1
38	دریافت	دریافت|دریافت	دریافت|دریافت	دریافت|دریافت	V|N1
39	و	و|و|و	و|و|و	و|و|و	C0|Ab|Al
40	پرداخت‌ها	پرداخت	پرداخت	پرداخت+ها	N1+Pl
41	بین	بین|بین|بین|ین	بین|بین|بین|ین	بین|بین|بین|ب+ین	V|N9|A0|O+N1
42	بانک‌های	بانک	بانک	بانک+ها+ی	N1+Pl+Y
43	مرکزی	مرکزی|مرکز	مرکزی|مرکز	مرکزی|مرکز+ی	A0|N1+Y
44	و	و|و|و	و|و|و	و|و|و	C0|Ab|Al
45	نه	نه|نه|نه	نه|نه|نه	نه|نه|نه	No|V|N1
46	شبکه	شبکه|شب	شبکه|شب	شبکه|شب+ک+ه	N1|N1+O+O
47	بانکی	بانکی|بانک	بانکی|بانک	بانکی|بانک+ی	A0|N1+Y
48	صورت	صورت|صورت|صور|صور	صورت|صورت|صور|صور	صورت|صورت|صور+ت|صور+ت	N1|N9|N1+N|N1+N
49	می‌پذیرد	پذیر	پذیر	می+پذیر+د	V
50	.	.	.	.	Si

0	«	«	«	«	Si
1	آلبرت	آلبرت	آلبرت	آلبرت	N3
2	بغزیان	بغز	بغز	بغز	N
3	»	»	»	»	Si
4	استاد	استاد|استاد	استاد|استاد	استاد|استاد	A0|Sp
5	اقتصاد	اقتصاد	اقتصاد	اقتصاد	N1
6	دانشگاه	دانشگاه|دانش|دان	دانشگاه|دانش|دان	دانشگاه|دانش+گاه|دان+ش+گاه	N1|N1+O|V1+O+O
7	تهران	تهران	تهران	تهران	N2
8	می‌گوید	گو	گو	می+گو+ید	V
9	:	:	:	:	Si
10	اگر	اگر	اگر	اگر	C0
11	اروپا	اروپا	اروپا	اروپا	N2
12	بخواهد	خواه|خواه	خواه|خواه	ب+خواه+د|ب+خواه+د	V|O+V5+O
13	و	و|و|و	و|و|و	و|و|و	C0|Ab|Al
14	از	از	از	از	Pr
15	آمریکا	آمریکا	آمریکا	آمریکا	N2
16	ترس	ترس|ترس	ترس|ترس	ترس|ترس	V|N1
17	نداشته_باشد	نداشته_باشد	نداشته_باشد	نداشته_باشد	N
18	،	،	،	،	Si
19	به‌راحتی	به‌راحتی|راحتی|راحت	به‌راحتی|راحتی|راحت	به‌راحتی|به+راحتی|به+راحت+ی	Ad|O+A0|O+A0+Y
20	می‌تواند	توان|توان	توان|توان	می+توان+د|می+توان+د	O+V4+O|V
21	این	این|این	این|این	این|این	A1|N6
22	کانال	کانال	کانال	کانال	N1
23	ارتباط	ارتباط	ارتباط	ارتباط	N1
24	مالی	مالی|مال|مال	مالی|مال|مال	مالی|مال+ی|مال+ی	A0|V|N1+Y
25	یورویی	یورو	یورو	یورو+یی	N1+O
26	را	را	را	را	Po
27	با	با	با	با	Pr
28	ایران	ایران	ایران	ایران	N2
29	برقرار	برقرار	برقرار	برقرار	A0
30	کند	کند|کن|کن	کند|کن|کن	کند|کن+د|کن+د	A0|V|V
31	؛	؛	؛	؛	Si
32	چون	چون|چون	چون|چون	چون|چون	C0|Pr
33	حساب‌ها	حساب	حساب	حساب+ها	N1+Pl
34	بر	بر|بر|بر|بر|بر	بر|بر|بر|بر|بر	بر|بر|بر|بر|بر	Pr|V|V|VPr|N1
35	پایه	پایه|پایه|پای	پایه|پایه|پای	پایه|پایه|پای+ه	N1|N9|N1+O
36	یورو	یورو	یورو	یورو	N1
37	نگهداری	نگهداری|نگه	نگهداری|نگه	نگهداری|نگه+دار+ی	N1|N1+O+Y
38	می‌شود	شو|شو	شو|شو	می+شو+د|می+شو+د	V|V
39	،	،	،	،	Si
40	به‌راحتی	به‌راحتی|راحتی|راحت	به‌راحتی|راحتی|راحت	به‌راحتی|به+راحتی|به+راحت+ی	Ad|O+A0|O+A0+Y
41	می‌توان	توان	توان	می+توان	O+V4
42	درآمد	درآمد|درآمد	درآمد|درآمد	درآمد|درآمد	V|N1
43	حاصل	حاصل	حاصل	حاصل	N1
44	از	از	از	از	Pr
45	صادرات	صادرات|صادر	صادرات|صادر	صادرات|صادر+ات	N1|N1+Pl
46	ایران	ایران	ایران	ایران	N2
47	را	را	را	را	Po
48	با	با	با	با	Pr
49	واردات	واردات|وارد	واردات|وارد	واردات|وارد+ات	N1|N1+Pl
50	کالاها	کالا	کالا	کالا+ها	N1+Pl
51	و	و|و|و	و|و|و	و|و|و	C0|Ab|Al
52	خدمات	خدمات|خدم	خدمات|خدم	خدمات|خدم+ات	N1|N1+Pl
53	از	از	از	از	Pr
54	حوزه	حوزه	حوزه	حوزه	N1
55	اروپا	اروپا	اروپا	اروپا	N2
56	تهاتر	تهاتر	تهاتر	تهاتر	N1
57	کرد	کرد|کرد	کرد|کرد	کرد|کرد	V|N1
58	.	.	.	.	Si

0	عباس	عباس	عباس	عباس	N3
1	هشی	هش	هش	هش+ی	N1+Y
2	،	،	،	،	Si
3	کارشناس	کارشناس|کار	کارشناس|کار	کارشناس|کار+شناس	A0|N1+O
4	اقتصادی	اقتصادی|اقتصاد	اقتصادی|اقتصاد	اقتصادی|اقتصاد+ی	A0|N1+Y
5	هم	هم|هم|هم	هم|هم|هم	هم|هم|هم	Ad|C0|N
6	توضیح	توضیح	توضیح	توضیح	N1
7	می‌دهد	ده	ده	می+ده+د	V
8	این	این|این	این|این	این|این	A1|N6
9	کانال	کانال	کانال	کانال	N1
10	یورویی	یورو	یورو	یورو+یی	N1+O
11	اختراع	اختراع	اختراع	اختراع	N1
12	جدیدی	جدیدی|جدید	جدیدی|جدید	جدیدی|جدید+ی	N1|A0+Y
13	نیست	نیست|است|نی	نیست|است|نی	نیست|نی+است|نی+ست	N1|V|N1+N
14	و	و|و|و	و|و|و	و|و|و	C0|Ab|Al
15	عملکرد	عملکرد	عملکرد	عملکرد	N1
16	آن	آن|آن	آن|آن	آن|آن	A1|N6
17	همچون	همچون	همچون	همچون	Pr
18	اتاق‌های	اتاق	اتاق	اتاق+ها+ی	N1+Pl+Y
19	تسویه	تسویه	تسویه	تسویه	N1
20	پایاپای	پایاپای	پایاپای	پایاپای	N1
21	در	در|در|در|در|در	در|در|در|در|در	در|در|در|در|در	Pr|V|N1|N1|VPr
22	زمان	زمان|زم	زمان|زم	زمان|زم+ان	N1|N1+Pl
23	جنگ	جنگ|جنگ|جنگ	جنگ|جنگ|جنگ	جنگ|جنگ|جنگ	V|N1|N1
24	تحمیلی	تحمیلی|تحمیل	تحمیلی|تحمیل	تحمیلی|تحمیل+ی	A0|N1+Y
25	خواهد_بود	خواهد_بود	خواهد_بود	خواهد_بود	N
26	.	.	.	.	Si

0	معاون	معاون	معاون	معاون	N1
1	بین‌الملل	بین‌الملل	بین‌الملل	بین‌الملل	A0
2	بانک	بانک	بانک	بانک	N1
3	مرکزی	مرکزی|مرکز	مرکزی|مرکز	مرکزی|مرکز+ی	A0|N1+Y
4	می‌گوید	گو	گو	می+گو+ید	V
5	:	:	:	:	Si
6	آمریکایی‌ها	آمریکایی|آمریکا	آمریکایی|آمریکا	آمریکایی+ها|آمریکا+یی+ها	A0+Pl|N2+O+Pl
7	پیش	پیش|پیش|پی	پیش|پیش|پی	پیش|پیش|پی+ش	A0|N9|N1+N
8	از	از	از	از	Pr
9	١٣	١٣	١٣	١٣	No
10	آبان	آبان|آب	آبان|آب	آبان|آب+ان	N1|N1+Pl
11	هرچه	هرچه	هرچه	هرچه	Ad
12	در	در|در|در|در|در	در|در|در|در|در	در|در|در|در|در	Pr|V|N1|N1|VPr
13	توان	توان|توان|توان	توان|توان|توان	توان|توان|توان	V4|V|N1
14	داشتند	داشت|داشت|داشت	داشت|داشت|داشت	داشت+ند|داشت+ند|داشت+ند	V|V5+V|N1+V
15	،	،	،	،	Si
16	انجام	انجام|انجام	انجام|انجام	انجام|انجام	N1|V
17	دادند	داد|داد	داد|داد	داد+ند|داد+ند	V|N1+V
18	اما	اما	اما	اما	C0
19	با	با	با	با	Pr
20	برنامه‌ریزی‌ها	برنامه‌ریزی|برنامه‌ریز	برنامه‌ریزی|برنامه‌ریز	برنامه‌ریزی+ها|برنامه‌ریز+ی+ها	N1+Pl|N1+Y+Pl
21	،	،	،	،	Si
22	تلاش	تلاش	تلاش	تلاش	N1
23	داریم	دار|دار|دار	دار|دار|دار	دار+یم|دار+ی+م|دار+یم	V|V|N1+V
24	هزینه‌های	هزینه	هزینه	هزینه+ها+ی	N1+Pl+Y
25	تحریم	تحریم|تحری|تحری	تحریم|تحری|تحری	تحریم|تحری+م|تحری+م	N1|N1+N|N1+V
26	را	را	را	را	Po
27	کاهش	کاهش|کاه|کاه	کاهش|کاه|کاه	کاهش|کاه+ش|کاه+ش	N1|V|N1+N
28	داده	داده|داد|داد	داده|داد|داد	داده|داد+ه|داد+ه	N1|O+O|N1+O
29	و	و|و|و	و|و|و	و|و|و	C0|Ab|Al
30	اجازه	اجازه	اجازه	اجازه	N1
31	ندهیم	ده|ده	ده|ده	ن+ده+یم|ن+ده+ی+م	V|V
32	جریان	جریان|جری|جر|جر	جریان|جری|جر|جر	جریان|جری+ان|جر+ی+ان|جر+ی+ان	N1|A0+Pl|N1+Y+Pl|N1+Y+Pl
33	تجاری	تجاری|تجار	تجاری|تجار	تجاری|تجار+ی	A0|N1+Y
34	کشور	کشور|کش|کش	کشور|کش|کش	کشور|کش+ور|کش+ور	N1|V1+O|V1+O
35	متوقف	متوقف	متوقف	متوقف	A0
36	شود	شو|شو	شو|شو	شو+د|شو+د	V|V
37	؛	؛	؛	؛	Si
38	ضمن	ضمن|ضمن	ضمن|ضمن	ضمن|ضمن	N1|N9
39	آنکه	آنکه|آنکه	آنکه|آنکه	آنکه|آنکه	Ad|N5
40	اروپایی‌ها	اروپایی|اروپا	اروپایی|اروپا	اروپایی+ها|اروپا+یی+ها	A0+Pl|N2+O+Pl
41	به	به|به	به|به	به|به	Pr|N1
42	چند	چند	چند	چند	NA
43	دلیل	دلیل	دلیل	دلیل	N1
44	نمی‌خواهند	خواه	خواه	نمی+خواه+ند	V
45	تجارت	تجارت|تجار	تجارت|تجار	تجارت|تجار+ت	N1|N1+N
46	با	با	با	با	Pr
47	ایران	ایران	ایران	ایران	N2
48	را	را	را	را	Po
49	رها	رها|رها	رها|رها	رها|رها	V|A0
50	کنند	کن|کن	کن|کن	کن+ند|کن+ند	V|V
51	.	.	.	.	Si

0	براساس	براساس	براساس	براساس	Pr1
1	اعلام	اعلام|اعلام	اعلام|اعلام	اعلام|اعلام	N1|N1
2	بانک	بانک	بانک	بانک	N1
3	صادرات	صادرات|صادر	صادرات|صادر	صادرات|صادر+ات	N1|N1+Pl
4	ایران	ایران	ایران	ایران	N2
5	،	،	،	،	Si
6	حسین	حسین	حسین	حسین	N3
7	یعقوبی	یعقوبی|یعقوب	یعقوبی|یعقوب	یعقوبی|یعقوب+ی	N4|N3+Y
8	میاب	میاب	میاب	میاب	N
9	تأکید	تأکید	تأکید	تأکید	N1
10	می‌کند	کن|کن|می|می	کن|کن|می|می	می+کن+د|می+کن+د|می+ک+ند|می+ک+ند	V|V|N1+O+V|N1+O+V
11	:	:	:	:	Si
12	تحریم‌های	تحریم	تحریم	تحریم+ها+ی	N1+Pl+Y
13	اخیر	اخیر	اخیر	اخیر	A0
14	مانند	مانند|مانند|مان|مان	مانند|مانند|مان|مان	مانند|مانند|مان+ند|مان+ند	N1|N9|V|N1+V
15	تحریم‌های	تحریم	تحریم	تحریم+ها+ی	N1+Pl+Y
16	سازمان	سازمان|ساز|ساز	سازمان|ساز|ساز	سازمان|ساز+مان|ساز+مان	N1|V|N1+N
17	ملل	ملل	ملل	ملل	N1
18	گسترده	گسترده|گسترد	گسترده|گسترد	گسترده|گسترد+ه	A0|O+O
19	نیست	نیست|است|نی	نیست|است|نی	نیست|نی+است|نی+ست	N1|V|N1+N
20	و	و|و|و	و|و|و	و|و|و	C0|Ab|Al
21	به	به|به	به|به	به|به	Pr|N1
22	همین	همین|همین	همین|همین	همین|همین	A1|N6
23	دلیل	دلیل	دلیل	دلیل	N1
24	ابزارهای	ابزار|اب	ابزار|اب	ابزار+ها+ی|اب+زار+ها+ی	N1+Pl+Y|N1+O+Pl+Y
25	بهتری	بهتر	بهتر	بهتر+ی	A0+Y
26	برای	برای	برای	برای	Pr
27	مقابله	مقابله|مقابل	مقابله|مقابل	مقابله|مقابل+ه	N1|A0+O
28	با	با	با	با	Pr
29	آنها	آنها|آنها	آنها|آنها	آنها|آنها	N5|N6
30	در	در|در|در|در|در	در|در|در|در|در	در|در|در|در|در	Pr|V|N1|N1|VPr
31	اختیار	اختیار|اخت|اخ|اخ|اخ	اختیار|اخت|اخ|اخ|اخ	اختیار|اخت+یار|اخ+ت+یار|اخ+ت+یار|اخ+ت+یار	N1|A0+O|N1+N+O|N1+N+O|A0+N+O
32	داریم	دار|دار|دار	دار|دار|دار	دار+یم|دار+ی+م|دار+یم	V|V|N1+V
33	.	.	.	.	Si

0	معاون	معاون	معاون	معاون	N1
1	بین‌الملل	بین‌الملل	بین‌الملل	بین‌الملل	A0
2	بانک	بانک	بانک	بانک	N1
3	مرکزی	مرکزی|مرکز	مرکزی|مرکز	مرکزی|مرکز+ی	A0|N1+Y
4	تأکید	تأکید	تأکید	تأکید	N1
5	می‌کند	کن|کن|می|می	کن|کن|می|می	می+کن+د|می+کن+د|می+ک+ند|می+ک+ند	V|V|N1+O+V|N1+O+V
6	:	:	:	:	Si
7	دولت	دولت|دول|دول	دولت|دول|دول	دولت|دول+ت|دول+ت	N1|N1+N|N1+N
8	آمریکا	آمریکا	آمریکا	آمریکا	N2
9	سعی	سعی	سعی	سعی	A0
10	کرده_است	کرده_اس	کرده_اس	کرده_اس	N
11	با	با	با	با	Pr
12	خروج	خروج	خروج	خروج	N1
13	از	از	از	از	Pr
14	برجام	برجا	برجا	برجا	N
15	،	،	،	،	Si
16	اقتصاد	اقتصاد	اقتصاد	اقتصاد	N1
17	ایران	ایران	ایران	ایران	N2
18	را	را	را	را	Po
19	دچار	دچار	دچار	دچار	Ad
20	اختلال	اختلال	اختلال	اختلال	N1
21	کند	کند|کن|کن	کند|کن|کن	کند|کن+د|کن+د	A0|V|V
22	اما	اما	اما	اما	C0
23	حضور	حضور	حضور	حضور	N1
24	اروپایی‌ها	اروپایی|اروپا	اروپایی|اروپا	اروپایی+ها|اروپا+یی+ها	A0+Pl|N2+O+Pl
25	و	و|و|و	و|و|و	و|و|و	C0|Ab|Al
26	تعهداتی	تعهد	تعهد	تعهد+ات+ی	N1+Pl+Y
27	که	که|که|که|که	که|که|که|که	که|که|که|که	C0|NA|N1|N1
28	دادند	داد|داد	داد|داد	داد+ند|داد+ند	V|N1+V
29	،	،	،	،	Si
30	فشار	فشار	فشار	فشار	N1
31	را	را	را	را	Po
32	کمتر	کم	کم	کم+تر	A0+A
33	کرد	کرد|کرد	کرد|کرد	کرد|کرد	V|N1
34	؛	؛	؛	؛	Si
35	تا	تا|تا|تا	تا|تا|تا	تا|تا|تا	Pr|C0|Ab
36	زمانی	زمانی|زمان|زم	زمانی|زمان|زم	زمانی|زمان+ی|زم+ان+ی	A0|N1+Y|N1+Pl+Y
37	که	که|که|که|که	که|که|که|که	که|که|که|که	C0|NA|N1|N1
38	اروپایی‌ها	اروپایی|اروپا	اروپایی|اروپا	اروپایی+ها|اروپا+یی+ها	A0+Pl|N2+O+Pl
39	حضور	حضور	حضور	حضور	N1
40	دارند	دار|دار|دار	دار|دار|دار	دار+ند|دار+ند|دار+ند	V|N1+V|V5+V
41	معافیت‌های	معافیت	معافیت	معافیت+ها+ی	N1+Pl+Y
42	خوب	خوب	خوب	خوب	A0
43	همچنان	همچنان|چنان	همچنان|چنان	همچنان|هم+چنان	Ad|O+A0
44	وجود	وجود|وجود	وجود|وجود	وجود|وجود	N1|N9
45	خواهد_داشت	خواهد_دا	خواهد_دا	خواهد_دا	N
46	.	.	.	.	Si

0	یعقوبی	یعقوبی|یعقوب	یعقوبی|یعقوب	یعقوبی|یعقوب+ی	N4|N3+Y
1	می‌افزاید	افزا	افزا	می+افزا+ید	V
2	:	:	:	:	Si
3	تصور	تصور	تصور	تصور	N1
4	می‌کنم	کن|کن	کن|کن	می+کن+م|می+کن+م	V|V
5	اروپایی‌ها	اروپایی|اروپا	اروپایی|اروپا	اروپایی+ها|اروپا+یی+ها	A0+Pl|N2+O+Pl
6	به	به|به	به|به	به|به	Pr|N1
7	۲دلیل	۲دلیل	۲دلیل	۲دلیل	N
8	به‌زودی	به‌زودی|زودی|زود	به‌زودی|زودی|زود	به‌زودی|به+زودی|به+زود+ی	Ad|O+N1|O+A0+Y
9	کنار	کنار|کنار	کنار|کنار	کنار|کنار	N1|N1
10	نخواهند_رفت	نخواهند_رف	نخواهند_رف	نخواهند_رف	N
11	؛	؛	؛	؛	Si
12	نخست	نخست|خست|نخ	نخست|خست|نخ	نخست|ن+خست|نخ+ست	A0|V|N1+N
13	به‌واسطه	واسطه|واسط	واسطه|واسط	به+واسطه|به+واسط+ه	O+N1|O+N1+O
14	جنگ	جنگ|جنگ|جنگ	جنگ|جنگ|جنگ	جنگ|جنگ|جنگ	V|N1|N1
15	تجاری	تجاری|تجار	تجاری|تجار	تجاری|تجار+ی	A0|N1+Y
16	آنها	آنها|آنها	آنها|آنها	آنها|آنها	N5|N6
17	با	با	با	با	Pr
18	آمریکا	آمریکا	آمریکا	آمریکا	N2
19	و	و|و|و	و|و|و	و|و|و	C0|Ab|Al
20	دوم	دوم|دو|دو|دو|دو	دوم|دو|دو|دو|دو	دوم|دو+م|دو+م|دو+م|دو+م	A0|V|V|N1+N|N1+V
21	اینکه	اینکه	اینکه	اینکه	Ad
22	به‌دنبال	به‌دنبال	به‌دنبال	به‌دنبال	Pr1
23	تقویت	تقویت	تقویت	تقویت	N1
24	جایگاه	جایگاه|جای|جا	جایگاه|جای|جا	جایگاه|جای+گاه|جا+ی+گاه	N1|N1+O|N1+O
25	اروپا	اروپا	اروپا	اروپا	N2
26	در	در|در|در|در|در	در|در|در|در|در	در|در|در|در|در	Pr|V|N1|N1|VPr
27	فضای	فضا	فضا	فضا+ی	N1+Y
28	اقتصاد	اقتصاد	اقتصاد	اقتصاد	N1
29	بین‌الملل	بین‌الملل	بین‌الملل	بین‌الملل	A0
30	هستند	هست|هست	هست|هست	هست+ند|هست+ند	V|N1+V
31	.	.	.	.	Si

0	رویترز	رویترز	رویترز	رویترز	N
1	به	به|به	به|به	به|به	Pr|N1
2	نقل	نقل|نقل	نقل|نقل	نقل|نقل	N1|N1
3	از	از	از	از	Pr
4	۳دیپلمات	۳دیپل	۳دیپل	۳دیپل	N
5	اروپایی	اروپایی|اروپا	اروپایی|اروپا	اروپایی|اروپا+یی	A0|N2+O
6	گزارش	گزارش|گزارش|گزار	گزارش|گزارش|گزار	گزارش|گزارش|گزار+ش	N1|N9|V
7	داد	داد|داد	داد|داد	داد|داد	V|N1
8	:	:	:	:	Si
9	کانال	کانال	کانال	کانال	N1
10	مالی	مالی|مال|مال	مالی|مال|مال	مالی|مال+ی|مال+ی	A0|V|N1+Y
11	یا	یا|یا	یا|یا	یا|یا	C0|Intj
12	سازوکار	سازوکار	سازوکار	سازوکار	N1
13	اتحادیه	اتحادیه|اتحاد	اتحادیه|اتحاد	اتحادیه|اتحاد+یه	N1|N1+O
14	اروپا	اروپا	اروپا	اروپا	N2
15	برای	برای	برای	برای	Pr
16	تسهیل	تسهیل	تسهیل	تسهیل	N1
17	پرداخت	پرداخت|پرداخت	پرداخت|پرداخت	پرداخت|پرداخت	V|N1
18	پول	پول	پول	پول	N1
19	اقلام	قلم	قلم	قلم	N
20	صادراتی	صادراتی|صادرات|صادر	صادراتی|صادرات|صادر	صادراتی|صادرات+ی|صادر+ات+ی	A0|N1+Y|N1+Pl+Y
21	ایران	ایران	ایران	ایران	N2
22	به	به|به	به|به	به|به	Pr|N1
23	اروپا	اروپا	اروپا	اروپا	N2
24	با	با	با	با	Pr
25	هدف	هدف	هدف	هدف	N1
26	عبور	عبور	عبور	عبور	N1
27	از	از	از	از	Pr
28	تحریم‌های	تحریم	تحریم	تحریم+ها+ی	N1+Pl+Y
29	آمریکا	آمریکا	آمریکا	آمریکا	N2
30	،	،	،	،	Si
31	تا	تا|تا|تا	تا|تا|تا	تا|تا|تا	Pr|C0|Ab
32	سیزدهم	سیزده|سیزده	سیزده|سیزده	سیزده+م|سیزده+م	No+N|No+V
33	آبان	آبان|آب	آبان|آب	آبان|آب+ان	N1|N1+Pl
34	به	به|به	به|به	به|به	Pr|N1
35	شکل	شکل	شکل	شکل	N1
36	نمادین	نمادین|نماد	نمادین|نماد	نمادین|نماد+ین	A0|N1+O
37	آماده	آماده|آماد	آماده|آماد	آماده|آماد+ه	A0|N1+O
38	می‌شود	شو|شو	شو|شو	می+شو+د|می+شو+د	V|V
39	اما	اما	اما	اما	C0
40	عملیاتی	عملیاتی|عملیات|عملی	عملیاتی|عملیات|عملی	عملیاتی|عملیات+ی|عملی+ات+ی	A0|N1+Y|A0+Pl+Y
41	شدن	شد	شد	شد+ن	V3+Neg
42	آن	آن|آن	آن|آن	آن|آن	A1|N6
43	تا	تا|تا|تا	تا|تا|تا	تا|تا|تا	Pr|C0|Ab
44	اوایل	اوایل	اوایل	اوایل	Ad
45	زمستان	زمستان|زم	زمستان|زم	زمستان|زم+ستان	N1|N1+Pl
46	سال‌جاری	سال‌جار	سال‌جار	سال‌جار	N
47	طول	طول	طول	طول	N1
48	می‌کشد	کش|کش	کش|کش	می+کش+د|می+کش+د	V|V
49	.	.	.	.	Si

0	وزیر	وزیر	وزیر	وزیر	N1
1	امور	امر	امر	امر	N
2	اقتصادی	اقتصادی|اقتصاد	اقتصادی|اقتصاد	اقتصادی|اقتصاد+ی	A0|N1+Y
3	و	و|و|و	و|و|و	و|و|و	C0|Ab|Al
4	دارایی	دارایی|دارا	دارایی|دارا	دارایی|دارا+یی	N1|A0+O
5	با	با	با	با	Pr
6	بیان	بیان	بیان	بیان	N1
7	اینکه	اینکه	اینکه	اینکه	Ad
8	تحریمی	تحریمی|تحریم	تحریمی|تحریم	تحریمی|تحریم+ی	A0|N1+Y
9	که	که|که|که|که	که|که|که|که	که|که|که|که	C0|NA|N1|N1
10	می‌خواهند	خواه|خواه	خواه|خواه	می+خواه+ند|می+خواه+ند	V|O+V5+V
11	در	در|در|در|در|در	در|در|در|در|در	در|در|در|در|در	Pr|V|N1|N1|VPr
12	۱۳	۱۳	۱۳	۱۳	No
13	آبان	آبان|آب	آبان|آب	آبان|آب+ان	N1|N1+Pl
14	اعلام	اعلام|اعلام	اعلام|اعلام	اعلام|اعلام	N1|N1
15	کنند	کن|کن	کن|کن	کن+ند|کن+ند	V|V
16	قبلا	قبلا	قبلا	قبلا	Ad
17	اجرایی	اجرایی|اجرا	اجرایی|اجرا	اجرایی|اجرا+یی	A0|N1+O
18	کرده‌اند	کرد|کرد	کرد|کرد	کرد+ه+اند|کرد+ه+اند	V|N1+O+V
19	،	،	،	،	Si
20	گفت	گفت|گفت	گفت|گفت	گفت|گفت	V|N1
21	:	:	:	:	Si
22	اولین	اولین|اول	اولین|اول	اولین|اول+ین	A0|A0+O
23	برنامه	برنامه	برنامه	برنامه	N1
24	مدنظر	مدنظر	مدنظر	مدنظر	N1
25	،	،	،	،	Si
26	تامین	تام	تام	تام+ین	A0+O
27	مالی	مالی|مال|مال	مالی|مال|مال	مالی|مال+ی|مال+ی	A0|V|N1+Y
28	اقتصادی	اقتصادی|اقتصاد	اقتصادی|اقتصاد	اقتصادی|اقتصاد+ی	A0|N1+Y
29	و	و|و|و	و|و|و	و|و|و	C0|Ab|Al
30	دومین	دوم	دوم	دوم+ین	A0+O
31	کار	کار|کار	کار|کار	کار|کار	N1|V
32	بهبود	بهبود	بهبود	بهبود	N1
33	فضای	فضا	فضا	فضا+ی	N1+Y
34	کسب	کسب	کسب	کسب	N1
35	و	و|و|و	و|و|و	و|و|و	C0|Ab|Al
36	کار	کار|کار	کار|کار	کار|کار	N1|V
37	اقتصادی	اقتصادی|اقتصاد	اقتصادی|اقتصاد	اقتصادی|اقتصاد+ی	A0|N1+Y
38	از	از	از	از	Pr
39	طریق	طریق|طریق	طریق|طریق	طریق|طریق	N1|N9
40	تسهیل	تسهیل	تسهیل	تسهیل	N1
41	شرایط	شرط	شرط	شرط	N
42	گمرکی	گمرکی|گمرک	گمرکی|گمرک	گمرکی|گمرک+ی	A0|N1+Y
43	است	است|اس	است|اس	است|اس+ت	V|N1+N
44	.	.	.	.	Si

0	به	به|به	به|به	به|به	Pr|N1
1	گزارش	گزارش|گزارش|گزار	گزارش|گزارش|گزار	گزارش|گزارش|گزار+ش	N1|N9|V
2	فارس	فارس	فارس	فارس	N1
3	،	،	،	،	Si
4	فرهاد	فرهاد	فرهاد	فرهاد	N3
5	دژپسند	دژپسند	دژپسند	دژپسند	N
6	وزیر	وزیر	وزیر	وزیر	N1
7	امور	امر	امر	امر	N
8	اقتصادی	اقتصادی|اقتصاد	اقتصادی|اقتصاد	اقتصادی|اقتصاد+ی	A0|N1+Y
9	و	و|و|و	و|و|و	و|و|و	C0|Ab|Al
10	دارایی	دارایی|دارا	دارایی|دارا	دارایی|دارا+یی	N1|A0+O
11	با	با	با	با	Pr
12	بیان	بیان	بیان	بیان	N1
13	اینکه	اینکه	اینکه	اینکه	Ad
14	تحریمی	تحریمی|تحریم	تحریمی|تحریم	تحریمی|تحریم+ی	A0|N1+Y
15	که	که|که|که|که	که|که|که|که	که|که|که|که	C0|NA|N1|N1
16	می‌خواهند	خواه|خواه	خواه|خواه	می+خواه+ند|می+خواه+ند	V|O+V5+V
17	در	در|در|در|در|در	در|در|در|در|در	در|در|در|در|در	Pr|V|N1|N1|VPr
18	۱۳	۱۳	۱۳	۱۳	No
19	آبان	آبان|آب	آبان|آب	آبان|آب+ان	N1|N1+Pl
20	اعلام	اعلام|اعلام	اعلام|اعلام	اعلام|اعلام	N1|N1
21	کنند	کن|کن	کن|کن	کن+ند|کن+ند	V|V
22	،	،	،	،	Si
23	قبلا	قبلا	قبلا	قبلا	Ad
24	اجرایی	اجرایی|اجرا	اجرایی|اجرا	اجرایی|اجرا+یی	A0|N1+O
25	کرده‌اند	کرد|کرد	کرد|کرد	کرد+ه+اند|کرد+ه+اند	V|N1+O+V
26	،	،	،	،	Si
27	گفت	گفت|گفت	گفت|گفت	گفت|گفت	V|N1
28	:	:	:	:	Si
29	در	در|در|در|در|در	در|در|در|در|در	در|در|در|در|در	Pr|V|N1|N1|VPr
30	وزارت	وزارت	وزارت	وزارت	N1
31	امور	امر	امر	امر	N
32	اقتصادی	اقتصادی|اقتصاد	اقتصادی|اقتصاد	اقتصادی|اقتصاد+ی	A0|N1+Y
33	و	و|و|و	و|و|و	و|و|و	C0|Ab|Al
34	دارایی	دارایی|دارا	دارایی|دارا	دارایی|دارا+یی	N1|A0+O
35	در	در|در|در|در|در	در|در|در|در|در	در|در|در|در|در	Pr|V|N1|N1|VPr
36	حال	حال	حال	حال	N1
37	رصد	رصد	رصد	رصد	N1
38	برنامه‌های	برنامه	برنامه	برنامه+ها+ی	N1+Pl+Y
39	دشمن	دشمن	دشمن	دشمن	A0
40	و	و|و|و	و|و|و	و|و|و	C0|Ab|Al
41	در	در|در|در|در|در	در|در|در|در|در	در|در|در|در|در	Pr|V|N1|N1|VPr
42	حال	حال	حال	حال	N1
43	آماده‌سازی	آماده‌سازی|آماده‌ساز	آماده‌سازی|آماده‌ساز	آماده‌سازی|آماده‌ساز+ی	N1|A0+Y
44	بسته‌هایی	بسته|بست|بست|سته|بست	بسته|بست|بست|سته|بست	بسته+ها+یی|بست+ه+ها+یی|بست+ه+ها+یی|ب+سته+ها+یی|بست+ه+ها+یی	A0+Pl+O|N1+O+Pl+O|O+O+Pl+O|O+N1+Pl+O|N2+O+Pl+O
45	برای	برای	برای	برای	Pr
46	مواجهه	مواجهه|مواجه	مواجهه|مواجه	مواجهه|مواجه+ه	N1|A0+O
47	با	با	با	با	Pr
48	این	این|این	این|این	این|این	A1|N6
49	دشمنی‌ها	دشمنی|دشمن	دشمنی|دشمن	دشمنی+ها|دشمن+ی+ها	N1+Pl|A0+Y+Pl
50	هستیم	هستی|هستی|هست|هست|هست|هست|هست	هستی|هستی|هست|هست|هست|هست|هست	هستی+م|هستی+م|هست+یم|هست+ی+م|هست+یم|هست+ی+م|هست+ی+م	N1+N|N1+V|V|V|N1+V|N1+Y+N|N1+Y+V
51	.	.	.	.	Si

0	دژپسند	دژپسند	دژپسند	دژپسند	N
1	درباره	درباره|درباره|دربار	درباره|درباره|دربار	درباره|درباره|دربار+ه	N1|Pr1|N1+O
2	برنامه‌های	برنامه	برنامه	برنامه+ها+ی	N1+Pl+Y
3	اصلی	اصلی|اصل	اصلی|اصل	اصلی|اصل+ی	A0|A0+Y
4	خود	خود|خود	خود|خود	خود|خود	N|N1
5	در	در|در|در|در|در	در|در|در|در|در	در|در|در|در|در	Pr|V|N1|N1|VPr
6	وزارت	وزارت	وزارت	وزارت	N1
7	امور	امر	امر	امر	N
8	اقتصادی	اقتصادی|اقتصاد	اقتصادی|اقتصاد	اقتصادی|اقتصاد+ی	A0|N1+Y
9	و	و|و|و	و|و|و	و|و|و	C0|Ab|Al
10	دارایی	دارایی|دارا	دارایی|دارا	دارایی|دارا+یی	N1|A0+O
11	گفت	گفت|گفت	گفت|گفت	گفت|گفت	V|N1
12	:	:	:	:	Si
13	طبیعی	طبیعی	طبیعی	طبیعی	A0
14	است	است|اس	است|اس	است|اس+ت	V|N1+N
15	که	که|که|که|که	که|که|که|که	که|که|که|که	C0|NA|N1|N1
16	در	در|در|در|در|در	در|در|در|در|در	در|در|در|در|در	Pr|V|N1|N1|VPr
17	این	این|این	این|این	این|این	A1|N6
18	شرایط	شرط	شرط	شرط	N
19	همه	همه|همه	همه|همه	همه|همه	N1|A2
20	انتظار	انتظار	انتظار	انتظار	N1
21	دارند	دار|دار|دار	دار|دار|دار	دار+ند|دار+ند|دار+ند	V|N1+V|V5+V
22	که	که|که|که|که	که|که|که|که	که|که|که|که	C0|NA|N1|N1
23	با	با	با	با	Pr
24	توجه	توجه	توجه	توجه	N1
25	به	به|به	به|به	به|به	Pr|N1
26	تحریم‌های	تحریم	تحریم	تحریم+ها+ی	N1+Pl+Y
27	دشمن	دشمن	دشمن	دشمن	A0
28	،	،	،	،	Si
29	ببینند	بین|بین	بین|بین	ب+بین+ند|ب+بین+ند	V|O+A0+V
30	ما	ما	ما	ما	N5
31	چه	چه|چه|چه	چه|چه|چه	چه|چه|چه	NA|C0|A0
32	برنامه‌ای	برنامه‌ای|برنامه	برنامه‌ای|برنامه	برنامه‌ای|برنامه+ای	A0|N1+O
33	را	را	را	را	Po
34	تدارک	تدارک	تدارک	تدارک	N1
35	دیدیم	دید|دید|دید	دید|دید|دید	دید+یم|دید+ی+م|دید+یم	V|V|N1+V
36	.	.	.	.	Si

0	وی	وی|وی	وی|وی	وی|وی	N5|Ab
1	افزود	افزود	افزود	افزود	V
2	:	:	:	:	Si
3	اولین	اولین|اول	اولین|اول	اولین|اول+ین	A0|A0+O
4	برنامه	برنامه	برنامه	برنامه	N1
5	مدنظر	مدنظر	مدنظر	مدنظر	N1
6	،	،	،	،	Si
7	تامین	تام	تام	تام+ین	A0+O
8	مالی	مالی|مال|مال	مالی|مال|مال	مالی|مال+ی|مال+ی	A0|V|N1+Y
9	اقتصادی	اقتصادی|اقتصاد	اقتصادی|اقتصاد	اقتصادی|اقتصاد+ی	A0|N1+Y
10	است	است|اس	است|اس	است|اس+ت	V|N1+N
11	.	.	.	.	Si

0	دومین	دوم	دوم	دوم+ین	A0+O
1	کار	کار|کار	کار|کار	کار|کار	N1|V
2	بهبود	بهبود	بهبود	بهبود	N1
3	فضای	فضا	فضا	فضا+ی	N1+Y
4	کسب	کسب	کسب	کسب	N1
5	و	و|و|و	و|و|و	و|و|و	C0|Ab|Al
6	کار	کار|کار	کار|کار	کار|کار	N1|V
7	اقتصادی	اقتصادی|اقتصاد	اقتصادی|اقتصاد	اقتصادی|اقتصاد+ی	A0|N1+Y
8	از	از	از	از	Pr
9	طریق	طریق|طریق	طریق|طریق	طریق|طریق	N1|N9
10	تسهیل	تسهیل	تسهیل	تسهیل	N1
11	شرایط	شرط	شرط	شرط	N
12	گمرکی	گمرکی|گمرک	گمرکی|گمرک	گمرکی|گمرک+ی	A0|N1+Y
13	است	است|اس	است|اس	است|اس+ت	V|N1+N
14	.	.	.	.	Si

0	سومین	سوم	سوم	سوم+ین	A0+O
1	کار	کار|کار	کار|کار	کار|کار	N1|V
2	این	این|این	این|این	این|این	A1|N6
3	است	است|اس	است|اس	است|اس+ت	V|N1+N
4	که	که|که|که|که	که|که|که|که	که|که|که|که	C0|NA|N1|N1
5	بتوانیم	بتوان|بتوان|توان|توان|توان|تو	بتوان|بتوان|توان|توان|توان|تو	بتوان+یم|بتوان+ی+م|ب+توان+یم|ب+توان+ی+م|ب+توان+یم|ب+تو+ان+یم	V|V|V|V|O+N1+V|O+N1+Pl+V
6	سیاست‌های	سیاست|سیاس	سیاست|سیاس	سیاست+ها+ی|سیاس+ها+ی	N1+Pl+Y|A0+Pl+Y
7	خصوصی‌سازی	خصوصی‌سازی	خصوصی‌سازی	خصوصی‌سازی	N1
8	را	را	را	را	Po
9	همان‌طور	همان‌طور	همان‌طور	همان‌طور	N
10	که	که|که|که|که	که|که|که|که	که|که|که|که	C0|NA|N1|N1
11	در	در|در|در|در|در	در|در|در|در|در	در|در|در|در|در	Pr|V|N1|N1|VPr
12	اصل	اصل	اصل	اصل	A0
13	۴۴	۴۴	۴۴	۴۴	No
14	آمده_است	آمده_اس	آمده_اس	آمده_اس	N
15	پیاده	پیاده	پیاده	پیاده	A0
16	کنیم	کن|کن|کن|کن|کن	کن|کن|کن|کن|کن	کن+یم|کن+یم|کن+ی+م|کن+ی+م|کن+یم	V|V|V|V|N2+V
17	و	و|و|و	و|و|و	و|و|و	C0|Ab|Al
18	در	در|در|در|در|در	در|در|در|در|در	در|در|در|در|در	Pr|V|N1|N1|VPr
19	نهایت	نهایت	نهایت	نهایت	N1
20	با	با	با	با	Pr
21	الکترونیکی	الکترونیکی|الکترونیک|الکترونی	الکترونیکی|الکترونیک|الکترونی	الکترونیکی|الکترونیک+ی|الکترونی+ک+ی	A0|N1+Y|A0+O+Y
22	کردن	کرد	کرد	کرد+ن	V2+Neg
23	و	و|و|و	و|و|و	و|و|و	C0|Ab|Al
24	ساماندهی	ساماندهی	ساماندهی	ساماندهی	N1
25	مشخص	مشخص	مشخص	مشخص	A0
26	،	،	،	،	Si
27	با	با	با	با	Pr
28	فساد	فساد	فساد	فساد	N1
29	مقابله	مقابله|مقابل	مقابله|مقابل	مقابله|مقابل+ه	N1|A0+O
30	کنیم	کن|کن|کن|کن|کن	کن|کن|کن|کن|کن	کن+یم|کن+یم|کن+ی+م|کن+ی+م|کن+یم	V|V|V|V|N2+V
31	چراکه	چراکه|چراکه|چرا|چرا	چراکه|چراکه|چرا|چرا	چراکه|چراکه|چرا+ک+ه|چرا+ک+ه	Ad|C1|N1+O+O|N1+O+O
32	فساد	فساد	فساد	فساد	N1
33	،	،	،	،	Si
34	اقتصاد	اقتصاد	اقتصاد	اقتصاد	N1
35	را	را	را	را	Po
36	زمین‌گیر	زمینگیر	زمینگیر	زمینگیر	A0
37	می‌کند	کن|کن|می|می	کن|کن|می|می	می+کن+د|می+کن+د|می+ک+ند|می+ک+ند	V|V|N1+O+V|N1+O+V
38	.	.	.	.	Si

0	امیدوارم	امیدوار|امیدوار|امید|امید	امیدوار|امیدوار|امید|امید	امیدوار+م|امیدوار+م|امید+وار+م|امید+وار+م	A0+N|A0+V|A0+O+N|A0+O+V
1	در	در|در|در|در|در	در|در|در|در|در	در|در|در|در|در	Pr|V|N1|N1|VPr
2	این	این|این	این|این	این|این	A1|N6
3	کارها	کار	کار	کار+ها	N1+Pl
4	با	با	با	با	Pr
5	همکاری	همکاری|همکار|کاری|کار|کار	همکاری|همکار|کاری|کار|کار	همکاری|همکار+ی|هم+کاری|هم+کار+ی|هم+کار+ی	N1|N1+Y|O+A0|O+N1+Y|O+V1+Y
6	دیگران	دیگران	دیگران	دیگران	N5
7	،	،	،	،	Si
8	گام	گام	گام	گام	N1
9	بلندی	بلندی|بلند|بلند|بلند|لند|بل|بل	بلندی|بلند|بلند|بلند|لند|بل|بل	بلندی|بلند+ی|بلند+ی|بلند+ی|ب+لند+ی|بل+ند+ی|بل+ند+ی	N1|A0+Y|N1+Y|N1+Y|O+N1+Y|N1+V+Y|N1+V+Y
10	برداریم	بردار|بردار|بردار|برد	بردار|بردار|بردار|برد	بردار+یم|بردار+ی+م|بردار+یم|برد+ار+یم	V|V|N1+V|O+O+V
11	.	.	.	.	Si

0	=======	=======	=======	=======	N
1	﻿مقام	مقام	مقام	مقام	N1
2	معظم	معظم	معظم	معظم	A0
3	رهبری	رهبری|رهبر|ره|ره	رهبری|رهبر|ره|ره	رهبری|رهبر+ی|ره+بر+ی|ره+بر+ی	N1|N1+Y|V1+O+Y|N1+O+Y
4	در	در|در|در|در|در	در|در|در|در|در	در|در|در|در|در	Pr|V|N1|N1|VPr
5	دیدار	دیدار|دید	دیدار|دید	دیدار|دید+ار	N1|O+O
6	رئیس	رئیس	رئیس	رئیس	N1
7	و	و|و|و	و|و|و	و|و|و	C0|Ab|Al
8	مسئولان	مسئول	مسئول	مسئول+ان	N1+Pl
9	سازمان	سازمان|ساز|ساز	سازمان|ساز|ساز	سازمان|ساز+مان|ساز+مان	N1|V|N1+N
10	پدافند	پدافند	پدافند	پدافند	N1
11	غیرعامل	عامل	عامل	غیر+عامل	O+N1
12	اظهار	اظهار	اظهار	اظهار	N1
13	داشتند	داشت|داشت|داشت	داشت|داشت|داشت	داشت+ند|داشت+ند|داشت+ند	V|V5+V|N1+V
14	:	:	:	:	Si
15	پدافند	پدافند	پدافند	پدافند	N1
16	غیرعامل	عامل	عامل	غیر+عامل	O+N1
17	در	در|در|در|در|در	در|در|در|در|در	در|در|در|در|در	Pr|V|N1|N1|VPr
18	مقابل	مقابل|مقابل	مقابل|مقابل	مقابل|مقابل	A0|N9
19	تهاجم	تهاجم	تهاجم	تهاجم	N1
20	دشمنان	دشمن	دشمن	دشمن+ان	A0+Pl
21	علمی	علمی|علم|علم	علمی|علم|علم	علمی|علم+ی|علم+ی	A0|N1+Y|N1+Y
22	،	،	،	،	Si
23	جدی	جدی|جد|جد	جدی|جد|جد	جدی|جد+ی|جد+ی	A0|N1+Y|N1+Y
24	و	و|و|و	و|و|و	و|و|و	C0|Ab|Al
25	همه‌جانبه	همه‌جانبه	همه‌جانبه	همه‌جانبه	A0
26	باشد	باش|اشد	باش|اشد	باش+د|ب+اشد	V|O+A0
27	.	.	.	.	Si

0	به	به|به	به|به	به|به	Pr|N1
1	گزارش	گزارش|گزارش|گزار	گزارش|گزارش|گزار	گزارش|گزارش|گزار+ش	N1|N9|V
2	پایگاه	پایگاه|پای|پا|پا	پایگاه|پای|پا|پا	پایگاه|پای+گاه|پا+ی+گاه|پا+ی+گاه	N1|N1+O|V1+O|N1+O
3	اطلاع‌رسانی	اطلاع‌رسانی|اطلاع‌رسان	اطلاع‌رسانی|اطلاع‌رسان	اطلاع‌رسانی|اطلاع‌رسان+ی	N1|A0+Y
4	دفتر	دفتر	دفتر	دفتر	N1
5	حفظ	حفظ	حفظ	حفظ	N1
6	و	و|و|و	و|و|و	و|و|و	C0|Ab|Al
7	نشر	نشر	نشر	نشر	N1
8	آثار	اثر	اثر	اثر	N
9	رهبر	رهبر|ره|ره	رهبر|ره|ره	رهبر|ره+بر|ره+بر	N1|V1+O|N1+O
10	معظم	معظم	معظم	معظم	A0
11	انقلاب	انقلاب	انقلاب	انقلاب	N1
12	،	،	،	،	Si
13	حضرت	حضرت|حضر	حضرت|حضر	حضرت|حضر+ت	N1|N1+N
14	آیت	آیت|آی	آیت|آی	آیت|آی+ت	N1|V
15	الله	الله	الله	الله	N1
16	خامنه‌ای	خامنه‌ای|خامنه	خامنه‌ای|خامنه	خامنه‌ای|خامنه+ای	N4|N2+O
17	رهبر	رهبر|ره|ره	رهبر|ره|ره	رهبر|ره+بر|ره+بر	N1|V1+O|N1+O
18	معظم	معظم	معظم	معظم	A0
19	انقلاب	انقلاب	انقلاب	انقلاب	N1
20	اسلامی	اسلامی|اسلامی|اسلام	اسلامی|اسلامی|اسلام	اسلامی|اسلامی|اسلام+ی	A0|N4|N1+Y
21	ظهر	ظهر|ظهر	ظهر|ظهر	ظهر|ظهر	N1|N1
22	امروز	امروز	امروز	امروز	N1
23	(	(	(	(	Si
24	یکشنبه	یکشنبه	یکشنبه	یکشنبه	N1
25	۶	۶	۶	۶	No
26	آبان	آبان|آب	آبان|آب	آبان|آب+ان	N1|N1+Pl
27	)	)	)	)	Si
28	در	در|در|در|در|در	در|در|در|در|در	در|در|در|در|در	Pr|V|N1|N1|VPr
29	این	این|این	این|این	این|این	A1|N6
30	دیدار	دیدار|دید	دیدار|دید	دیدار|دید+ار	N1|O+O
31	با	با	با	با	Pr
32	اشاره	اشاره	اشاره	اشاره	N1
33	به	به|به	به|به	به|به	Pr|N1
34	اهمیت	اهمیت|اهم	اهمیت|اهم	اهمیت|اهم+یت	N1|A0+O
35	روزافزون	روزافزون	روزافزون	روزافزون	A0
36	پدافند	پدافند	پدافند	پدافند	N1
37	غیرعامل	عامل	عامل	غیر+عامل	O+N1
38	در	در|در|در|در|در	در|در|در|در|در	در|در|در|در|در	Pr|V|N1|N1|VPr
39	مقابله	مقابله|مقابل	مقابله|مقابل	مقابله|مقابل+ه	N1|A0+O
40	با	با	با	با	Pr
41	تهدیدهای	تهدید	تهدید	تهدید+ها+ی	N1+Pl+Y
42	نو	نو|نو	نو|نو	نو|نو	V|A0
43	شونده	شونده|شوند|شو|شو	شونده|شوند|شو|شو	شونده|شوند+ه|شو+نده|شو+نده	A0|N1+O|V1+O|V1+O
44	دشمنان	دشمن	دشمن	دشمن+ان	A0+Pl
45	،	،	،	،	Si
46	تأکید	تأکید	تأکید	تأکید	N1
47	کردند	کرد|کرد	کرد|کرد	کرد+ند|کرد+ند	V|N1+V
48	:	:	:	:	Si
49	در	در|در|در|در|در	در|در|در|در|در	در|در|در|در|در	Pr|V|N1|N1|VPr
50	مقابل	مقابل|مقابل	مقابل|مقابل	مقابل|مقابل	A0|N9
51	شیوه‌های	شیوه|شیو	شیوه|شیو	شیوه+ها+ی|شیو+ه+ها+ی	N1+Pl+Y|V1+O+Pl+Y
52	پیچیده	پیچیده|پیچید	پیچیده|پیچید	پیچیده|پیچید+ه	A0|O+O
53	تهاجم	تهاجم	تهاجم	تهاجم	N1
54	دشمنان	دشمن	دشمن	دشمن+ان	A0+Pl
55	،	،	،	،	Si
56	پدافند	پدافند	پدافند	پدافند	N1
57	غیرعامل	عامل	عامل	غیر+عامل	O+N1
58	نیز	نیز|آز	نیز|آز	نیز|نی+آز	Ad|V
59	باید	باید	باید	باید	V4
60	کاملا	کاملاً	کاملاً	کاملاً	Ad
61	هوشیار	هوشیار|هوش	هوشیار|هوش	هوشیار|هوش+یار	A0|N1+O
62	و	و|و|و	و|و|و	و|و|و	C0|Ab|Al
63	جدی	جدی|جد|جد	جدی|جد|جد	جدی|جد+ی|جد+ی	A0|N1+Y|N1+Y
64	باشد	باش|اشد	باش|اشد	باش+د|ب+اشد	V|O+A0
65	و	و|و|و	و|و|و	و|و|و	C0|Ab|Al
66	به	به|به	به|به	به|به	Pr|N1
67	صورت	صورت|صورت|صور|صور	صورت|صورت|صور|صور	صورت|صورت|صور+ت|صور+ت	N1|N9|N1+N|N1+N
68	علمی	علمی|علم|علم	علمی|علم|علم	علمی|علم+ی|علم+ی	A0|N1+Y|N1+Y
69	،	،	،	،	Si
70	دقیق	دقیق	دقیق	دقیق	A0
71	،	،	،	،	Si
72	به‌روز	بهروز	بهروز	بهروز	N3
73	و	و|و|و	و|و|و	و|و|و	C0|Ab|Al
74	همه‌جانبه	همه‌جانبه	همه‌جانبه	همه‌جانبه	A0
75	عمل	عمل	عمل	عمل	N1
76	و	و|و|و	و|و|و	و|و|و	C0|Ab|Al
77	با	با	با	با	Pr
78	هرگونه	هرگونه	هرگونه	هرگونه	A2
79	نفوذ	نفوذ	نفوذ	نفوذ	N1
80	مقابله	مقابله|مقابل	مقابله|مقابل	مقابله|مقابل+ه	N1|A0+O
81	کند	کند|کن|کن	کند|کن|کن	کند|کن+د|کن+د	A0|V|V
82	.	.	.	.	Si

0	حضرت	حضرت|حضر	حضرت|حضر	حضرت|حضر+ت	N1|N1+N
1	آیت	آیت|آی	آیت|آی	آیت|آی+ت	N1|V
2	الله	الله	الله	الله	N1
3	خامنه‌ای	خامنه‌ای|خامنه	خامنه‌ای|خامنه	خامنه‌ای|خامنه+ای	N4|N2+O
4	توجه	توجه	توجه	توجه	N1
5	مسئولان	مسئول	مسئول	مسئول+ان	N1+Pl
6	در	در|در|در|در|در	در|در|در|در|در	در|در|در|در|در	Pr|V|N1|N1|VPr
7	همه	همه|همه	همه|همه	همه|همه	N1|A2
8	بخشها	بخش|خش	بخش|خش	بخش+ها|ب+خش+ها	N1+Pl|O+N1+Pl
9	به	به|به	به|به	به|به	Pr|N1
10	اهمیت	اهمیت|اهم	اهمیت|اهم	اهمیت|اهم+یت	N1|A0+O
11	پدافند	پدافند	پدافند	پدافند	N1
12	غیرعامل	عامل	عامل	غیر+عامل	O+N1
13	را	را	را	را	Po
14	لازم	لازم|زم	لازم|زم	لازم|لا+زم	A0|O+N1
15	دانستند	دانست	دانست	دانست+ند	V
16	و	و|و|و	و|و|و	و|و|و	C0|Ab|Al
17	افزودند	افزود	افزود	افزود+ند	V
18	:	:	:	:	Si
19	اگر	اگر	اگر	اگر	C0
20	مدیران	مدیر	مدیر	مدیر+ان	N1+Pl
21	کشور	کشور|کش|کش	کشور|کش|کش	کشور|کش+ور|کش+ور	N1|V1+O|V1+O
22	اهمیت	اهمیت|اهم	اهمیت|اهم	اهمیت|اهم+یت	N1|A0+O
23	این	این|این	این|این	این|این	A1|N6
24	مسئله	مسئله	مسئله	مسئله	N1
25	را	را	را	را	Po
26	درک	درک|درک|در|در	درک|درک|در|در	درک|درک|در+ک|در+ک	N1|N1|N1+O|N1+O
27	نکنند	کن|کن	کن|کن	ن+کن+ند|ن+کن+ند	V|V
28	و	و|و|و	و|و|و	و|و|و	C0|Ab|Al
29	پدافند	پدافند	پدافند	پدافند	N1
30	غیرعامل	عامل	عامل	غیر+عامل	O+N1
31	به	به|به	به|به	به|به	Pr|N1
32	طور	طور|طور	طور|طور	طور|طور	N1|N9
33	شایسته	شایسته|شایست	شایسته|شایست	شایسته|شایست+ه	A0|O+O
34	توسعه	توسعه	توسعه	توسعه	N1
35	پیدا	پیدا	پیدا	پیدا	A0
36	نکند	کن|کن|نک	کن|کن|نک	ن+کن+د|ن+کن+د|نک+ند	V|V|N1+V
37	،	،	،	،	Si
38	کشور	کشور|کش|کش	کشور|کش|کش	کشور|کش+ور|کش+ور	N1|V1+O|V1+O
39	در	در|در|در|در|در	در|در|در|در|در	در|در|در|در|در	Pr|V|N1|N1|VPr
40	معرض	معرض	معرض	معرض	N1
41	تهدیدهای	تهدید	تهدید	تهدید+ها+ی	N1+Pl+Y
42	بعضا	بعضاً	بعضاً	بعضاً	Ad
43	غیرقابل	قابل	قابل	غیر+قابل	O+A0
44	جبران	جبران|جبر	جبران|جبر	جبران|جبر+ان	N1|N1+Pl
45	قرار	قرار|قرار	قرار|قرار	قرار|قرار	N1|N9
46	خواهد_گرفت	خواهد_گرف	خواهد_گرف	خواهد_گرف	N
47	،	،	،	،	Si
48	بنابراین	بنابراین|برا	بنابراین|برا	بنابراین|نا+ب+برا+ین	Ad|O+Neg+A0+O
49	مسئولان	مسئول	مسئول	مسئول+ان	N1+Pl
50	بخش‌های	بخش|خش	بخش|خش	بخش+ها+ی|ب+خش+ها+ی	N1+Pl+Y|O+N1+Pl+Y
51	مختلف	مختلف	مختلف	مختلف	A0
52	کشور	کشور|کش|کش	کشور|کش|کش	کشور|کش+ور|کش+ور	N1|V1+O|V1+O
53	چه	چه|چه|چه	چه|چه|چه	چه|چه|چه	NA|C0|A0
54	بخشهای	بخش|خش	بخش|خش	بخش+ها+ی|ب+خش+ها+ی	N1+Pl+Y|O+N1+Pl+Y
55	نظامی	نظامی|نظام	نظامی|نظام	نظامی|نظام+ی	A0|N1+Y
56	و	و|و|و	و|و|و	و|و|و	C0|Ab|Al
57	چه	چه|چه|چه	چه|چه|چه	چه|چه|چه	NA|C0|A0
58	بخشهای	بخش|خش	بخش|خش	بخش+ها+ی|ب+خش+ها+ی	N1+Pl+Y|O+N1+Pl+Y
59	غیرنظامی	غیرنظامی|غیرنظام|نظامی|نظام	غیرنظامی|غیرنظام|نظامی|نظام	غیرنظامی|غیرنظام+ی|غیر+نظامی|غیر+نظام+ی	N1|A0+Y|O+A0|O+N1+Y
60	،	،	،	،	Si
61	باید	باید	باید	باید	V4
62	با	با	با	با	Pr
63	پدافند	پدافند	پدافند	پدافند	N1
64	غیرعامل	عامل	عامل	غیر+عامل	O+N1
65	همکاری	همکاری|همکار|کاری|کار|کار	همکاری|همکار|کاری|کار|کار	همکاری|همکار+ی|هم+کاری|هم+کار+ی|هم+کار+ی	N1|N1+Y|O+A0|O+N1+Y|O+V1+Y
66	کامل	کامل	کامل	کامل	A0
67	و	و|و|و	و|و|و	و|و|و	C0|Ab|Al
68	لازم	لازم|زم	لازم|زم	لازم|لا+زم	A0|O+N1
69	انجام	انجام|انجام	انجام|انجام	انجام|انجام	N1|V
70	دهند	ده|ده	ده|ده	ده+ند|ده+ند	V|N1+V
71	.	.	.	.	Si

0	ایران	ایران	ایران	ایران	N2
1	و	و|و|و	و|و|و	و|و|و	C0|Ab|Al
2	اتحادیه	اتحادیه|اتحاد	اتحادیه|اتحاد	اتحادیه|اتحاد+یه	N1|N1+O
3	اروپا	اروپا	اروپا	اروپا	N2
4	برای	برای	برای	برای	Pr
5	رونمایی	رونمایی|رونما|رو	رونمایی|رونما|رو	رونمایی|رونما+یی|رو+نما+یی	N1|N1+O|N1+O+O
6	از	از	از	از	Pr
7	یک	یک	یک	یک	No
8	تونل	تونل	تونل	تونل	N1
9	مالی	مالی|مال|مال	مالی|مال|مال	مالی|مال+ی|مال+ی	A0|V|N1+Y
10	ویژه‌	ویژه	ویژه	ویژه	A0
11	،	،	،	،	Si
12	با	با	با	با	Pr
13	هدف	هدف	هدف	هدف	N1
14	خنثی‌سازی	خنثی‌سازی	خنثی‌سازی	خنثی‌سازی	N1
15	اثر	اثر|اثر	اثر|اثر	اثر|اثر	N1|N9
16	تحریم‌های	تحریم	تحریم	تحریم+ها+ی	N1+Pl+Y
17	آمریکا	آمریکا	آمریکا	آمریکا	N2
18	و	و|و|و	و|و|و	و|و|و	C0|Ab|Al
19	هموار	هموار	هموار	هموار	A0
20	شدن	شد	شد	شد+ن	V3+Neg
21	راه	راه|راه	راه|راه	راه|راه	N1|N9
22	تجارت	تجارت|تجار	تجارت|تجار	تجارت|تجار+ت	N1|N1+N
23	بین	بین|بین|بین|ین	بین|بین|بین|ین	بین|بین|بین|ب+ین	V|N9|A0|O+N1
24	کشورمان	کشور|کش|کش	کشور|کش|کش	کشور+مان|کش+ور+مان|کش+ور+مان	N1+N|V1+O+N|V1+O+N
25	با	با	با	با	Pr
26	جهان	جهان|جهان|جه	جهان|جهان|جه	جهان|جهان|جه+ان	N1|V|N1+Pl
27	آماده	آماده|آماد	آماده|آماد	آماده|آماد+ه	A0|N1+O
28	می‌شوند	شو|شو	شو|شو	می+شو+ند|می+شو+ند	V|V
29	.	.	.	.	Si

0	ایجاد	ایجاد	ایجاد	ایجاد	N1
1	کانال	کانال	کانال	کانال	N1
2	ویژه	ویژه	ویژه	ویژه	A0
3	مالی	مالی|مال|مال	مالی|مال|مال	مالی|مال+ی|مال+ی	A0|V|N1+Y
4	اروپا	اروپا	اروپا	اروپا	N2
5	یکی	یکی	یکی	یکی	A2
6	از	از	از	از	Pr
7	گام‌های	گام	گام	گام+ها+ی	N1+Pl+Y
8	عملی	عملی|عمل	عملی|عمل	عملی|عمل+ی	A0|N1+Y
9	برای	برای	برای	برای	Pr
10	حفظ	حفظ	حفظ	حفظ	N1
11	برجام	برجا	برجا	برجا	N
12	و	و|و|و	و|و|و	و|و|و	C0|Ab|Al
13	بهره‌مندی	بهره‌مندی|بهره‌مند|بهره|هره|بهر	بهره‌مندی|بهره‌مند|بهره|هره|بهر	بهره‌مندی|بهره‌مند+ی|بهره+مند+ی|ب+هره+مند+ی|بهر+ه+مند+ی	N1|A0+Y|N1+O+Y|O+N1+O+Y|N1+O+O+Y
14	ایران	ایران	ایران	ایران	N2
15	از	از	از	از	Pr
16	منافع	منفعت	منفعت	منفعت	N
17	اقتصادی	اقتصادی|اقتصاد	اقتصادی|اقتصاد	اقتصادی|اقتصاد+ی	A0|N1+Y
18	آن	آن|آن	آن|آن	آن|آن	A1|N6
19	ازجمله	ازجمله	ازجمله	ازجمله	Ad
20	ایمن	ایمن	ایمن	ایمن	A0
21	ماندن	ماند|مان	ماند|مان	ماند+ن|مان+د+ن	V2+Neg|V1+O+Neg
22	مسیر	مسیر	مسیر	مسیر	N1
23	فروش	فروش|فروش|فرو	فروش|فروش|فرو	فروش|فروش|فرو+ش	V|N1|A0+N
24	نفت	نفت	نفت	نفت	N1
25	و	و|و|و	و|و|و	و|و|و	C0|Ab|Al
26	دیگر	دیگر|دیگر|دی	دیگر|دیگر|دی	دیگر|دیگر|دی+گر	Ad|A2|N1+O
27	کالاهای	کالا	کالا	کالا+ها+ی	N1+Pl+Y
28	صادراتی	صادراتی|صادرات|صادر	صادراتی|صادرات|صادر	صادراتی|صادرات+ی|صادر+ات+ی	A0|N1+Y|N1+Pl+Y
29	به	به|به	به|به	به|به	Pr|N1
30	اروپا	اروپا	اروپا	اروپا	N2
31	و	و|و|و	و|و|و	و|و|و	C0|Ab|Al
32	البته	البته	البته	البته	Ad
33	سایر	سایر	سایر	سایر	N1
34	کشورها	کشور|کش|کش	کشور|کش|کش	کشور+ها|کش+ور+ها|کش+ور+ها	N1+Pl|V1+O+Pl|V1+O+Pl
35	به‌شمار	شمار	شمار	به+شمار	O+N1
36	می‌رود	رو|رو	رو|رو	می+رو+د|می+رو+د	V|V
37	و	و|و|و	و|و|و	و|و|و	C0|Ab|Al
38	قرار	قرار|قرار	قرار|قرار	قرار|قرار	N1|N9
39	است	است|اس	است|اس	است|اس+ت	V|N1+N
40	مبنای	مبنا	مبنا	مبنا+ی	N1+Y
41	رد	رد	رد	رد	A0
42	و	و|و|و	و|و|و	و|و|و	C0|Ab|Al
43	بدل	بدل|دل	بدل|دل	بدل|ب+دل	A0|O+N1
44	مالی	مالی|مال|مال	مالی|مال|مال	مالی|مال+ی|مال+ی	A0|V|N1+Y
45	در	در|در|در|در|در	در|در|در|در|در	در|در|در|در|در	Pr|V|N1|N1|VPr
46	این	این|این	این|این	این|این	A1|N6
47	کانال	کانال	کانال	کانال	N1
48	ویژه	ویژه	ویژه	ویژه	A0
49	براساس	براساس	براساس	براساس	Pr1
50	یورو	یورو	یورو	یورو	N1
51	و	و|و|و	و|و|و	و|و|و	C0|Ab|Al
52	نه	نه|نه|نه	نه|نه|نه	نه|نه|نه	No|V|N1
53	دلار	دلار	دلار	دلار	N1
54	صورت	صورت|صورت|صور|صور	صورت|صورت|صور|صور	صورت|صورت|صور+ت|صور+ت	N1|N9|N1+N|N1+N
55	گیرد	گیر	گیر	گیر+د	V
56	.	.	.	.	Si

0	به‌گزارش	به‌گزارش	به‌گزارش	به‌گزارش	Pr1
1	همشهری	همشهری|همشهر|شهری|شهر	همشهری|همشهر|شهری|شهر	همشهری|همشهر+ی|هم+شهری|هم+شهر+ی	N1|A0+Y|O+A0|O+N1+Y
2	،	،	،	،	Si
3	عبدالناصر	عبدالناصر	عبدالناصر	عبدالناصر	N3
4	همتی	همتی|همت|تی	همتی|همت|تی	همتی|همت+ی|هم+تی	N4|N1+Y|O+N1
5	،	،	،	،	Si
6	رئیس‌کل	رئیس‌کل	رئیس‌کل	رئیس‌کل	N1
7	بانک	بانک	بانک	بانک	N1
8	مرکزی	مرکزی|مرکز	مرکزی|مرکز	مرکزی|مرکز+ی	A0|N1+Y
9	ایران	ایران	ایران	ایران	N2
10	در	در|در|در|در|در	در|در|در|در|در	در|در|در|در|در	Pr|V|N1|N1|VPr
11	تازه‌ترین	تازه|تاز	تازه|تاز	تازه+ترین|تاز+ه+ترین	A0+A|V1+O+A
12	واکنش	واکنش	واکنش	واکنش	N1
13	به	به|به	به|به	به|به	Pr|N1
14	این	این|این	این|این	این|این	A1|N6
15	موضوع	موضوع	موضوع	موضوع	N1
16	گفته_است	گفته_اس	گفته_اس	گفته_اس	N
17	جزئیات	جزئیات|جزئی	جزئیات|جزئی	جزئیات|جزئی+ات	N1|A0+Pl
18	و	و|و|و	و|و|و	و|و|و	C0|Ab|Al
19	نحوه	نحوه|نحوه|نحو	نحوه|نحوه|نحو	نحوه|نحوه|نحو+ه	N1|N9|N1+O
20	استفاده	استفاده	استفاده	استفاده	N1
21	از	از	از	از	Pr
22	کانال	کانال	کانال	کانال	N1
23	ویژه	ویژه	ویژه	ویژه	A0
24	مالی	مالی|مال|مال	مالی|مال|مال	مالی|مال+ی|مال+ی	A0|V|N1+Y
25	اروپا	اروپا	اروپا	اروپا	N2
26	هفته	هفته	هفته	هفته	N1
27	آینده	آینده	آینده	آینده	N1
28	در	در|در|در|در|در	در|در|در|در|در	در|در|در|در|در	Pr|V|N1|N1|VPr
29	جریان	جریان|جری|جر|جر	جریان|جری|جر|جر	جریان|جری+ان|جر+ی+ان|جر+ی+ان	N1|A0+Pl|N1+Y+Pl|N1+Y+Pl
30	یک	یک	یک	یک	No
31	نشست	نشست|نشست|شست	نشست|نشست|شست	نشست|نشست|ن+شست	V|N1|V
32	که	که|که|که|که	که|که|که|که	که|که|که|که	C0|NA|N1|N1
33	در	در|در|در|در|در	در|در|در|در|در	در|در|در|در|در	Pr|V|N1|N1|VPr
34	شهر	شهر	شهر	شهر	N1
35	بروکسل	بروکسل	بروکسل	بروکسل	N2
36	بلژیک	بلژیک	بلژیک	بلژیک	N2
37	،	،	،	،	Si
38	مقر	مقر|مقر|مقر	مقر|مقر|مقر	مقر|مقر|مقر	N1|N1|A0
39	اتحادیه	اتحادیه|اتحاد	اتحادیه|اتحاد	اتحادیه|اتحاد+یه	N1|N1+O
40	اروپا	اروپا	اروپا	اروپا	N2
41	برگزار	برگزار|برگ	برگزار|برگ	برگزار|برگ+زار	A0|N1+O
42	می‌شود	شو|شو	شو|شو	می+شو+د|می+شو+د	V|V
43	،	،	،	،	Si
44	نهایی	نهایی	نهایی	نهایی	A0
45	خواهد_شد	خواهد_شد	خواهد_شد	خواهد_شد	N
46	.	.	.	.	Si

0	او	او|او	او|او	او|او	N5|Ab
1	وعده	وعده	وعده	وعده	N1
2	داده	داده|داد|داد	داده|داد|داد	داده|داد+ه|داد+ه	N1|O+O|N1+O
3	جزئیات	جزئیات|جزئی	جزئیات|جزئی	جزئیات|جزئی+ات	N1|A0+Pl
4	این	این|این	این|این	این|این	A1|N6
5	کانال	کانال	کانال	کانال	N1
6	ضد‌تحریم	ضد‌تحر	ضد‌تحر	ضد‌تحر	N
7	به‌زودی	به‌زودی|زودی|زود	به‌زودی|زودی|زود	به‌زودی|به+زودی|به+زود+ی	Ad|O+N1|O+A0+Y
8	اعلام	اعلام|اعلام	اعلام|اعلام	اعلام|اعلام	N1|N1
9	خواهد_شد	خواهد_شد	خواهد_شد	خواهد_شد	N
10	.	.	.	.	Si

0	به	به|به	به|به	به|به	Pr|N1
1	گفته	گفته|گفت|گفت	گفته|گفت|گفت	گفته|گفت+ه|گفت+ه	A0|O+O|N1+O
2	این	این|این	این|این	این|این	A1|N6
3	مقام	مقام	مقام	مقام	N1
4	ارشد	ارشد	ارشد	ارشد	A0
5	بانک	بانک	بانک	بانک	N1
6	مرکزی	مرکزی|مرکز	مرکزی|مرکز	مرکزی|مرکز+ی	A0|N1+Y
7	،	،	،	،	Si
8	جزئیات	جزئیات|جزئی	جزئیات|جزئی	جزئیات|جزئی+ات	N1|A0+Pl
9	این	این|این	این|این	این|این	A1|N6
10	کانال	کانال	کانال	کانال	N1
11	هفته	هفته	هفته	هفته	N1
12	آینده	آینده	آینده	آینده	N1
13	بین	بین|بین|بین|ین	بین|بین|بین|ین	بین|بین|بین|ب+ین	V|N9|A0|O+N1
14	ایران	ایران	ایران	ایران	N2
15	و	و|و|و	و|و|و	و|و|و	C0|Ab|Al
16	اروپا	اروپا	اروپا	اروپا	N2
17	مورد	مورد|مورد|مورد	مورد|مورد|مورد	مورد|مورد|مورد	N1|N1|N9
18	بررسی	بررسی|بررس	بررسی|بررس	بررسی|بررس+ی	N1|N1+Y
19	نهایی	نهایی	نهایی	نهایی	A0
20	قرار	قرار|قرار	قرار|قرار	قرار|قرار	N1|N9
21	می‌گیرد	گیر	گیر	می+گیر+د	V
22	و	و|و|و	و|و|و	و|و|و	C0|Ab|Al
23	هدف	هدف	هدف	هدف	N1
24	نخست	نخست|خست|نخ	نخست|خست|نخ	نخست|ن+خست|نخ+ست	A0|V|N1+N
25	آن	آن|آن	آن|آن	آن|آن	A1|N6
26	رفع	رفع	رفع	رفع	N1
27	مشکلات	مشکل	مشکل	مشکل+ات	N1+Pl
28	مربوط	مربوط	مربوط	مربوط	A0
29	به	به|به	به|به	به|به	Pr|N1
30	انجام	انجام|انجام	انجام|انجام	انجام|انجام	N1|V
31	پرداخت‌های	پرداخت	پرداخت	پرداخت+ها+ی	N1+Pl+Y
32	مالی	مالی|مال|مال	مالی|مال|مال	مالی|مال+ی|مال+ی	A0|V|N1+Y
33	است	است|اس	است|اس	است|اس+ت	V|N1+N
34	.	.	.	.	Si

0	او	او|او	او|او	او|او	N5|Ab
1	در	در|در|در|در|در	در|در|در|در|در	در|در|در|در|در	Pr|V|N1|N1|VPr
2	صفحه	صفحه	صفحه	صفحه	N1
3	اینستاگرام	اینستاگرا	اینستاگرا	اینستاگرا	N
4	خود	خود|خود	خود|خود	خود|خود	N|N1
5	نوشته_است	نوشته_اس	نوشته_اس	نوشته_اس	N
6	:	:	:	:	Si
7	کانال	کانال	کانال	کانال	N1
8	ویژه	ویژه	ویژه	ویژه	A0
9	مالی	مالی|مال|مال	مالی|مال|مال	مالی|مال+ی|مال+ی	A0|V|N1+Y
10	اروپا	اروپا	اروپا	اروپا	N2
11	،	،	،	،	Si
12	نقش	نقش|نق	نقش|نق	نقش|نق+ش	N1|N1+N
13	نوعی	نوعی|نوع	نوعی|نوع	نوعی|نوع+ی	A0|N1+Y
14	پیمان	پیمان|پیمان|پی	پیمان|پیمان|پی	پیمان|پیمان|پی+مان	N3|N1|N1+N
15	پولی	پولی|پول	پولی|پول	پولی|پول+ی	A0|N1+Y
16	دوجانبه	دوجانبه	دوجانبه	دوجانبه	A0
17	میان	میان|می|می	میان|می|می	میان|می+ان|می+ان	N1|N1+Pl|N1+Pl
18	ایران	ایران	ایران	ایران	N2
19	و	و|و|و	و|و|و	و|و|و	C0|Ab|Al
20	اتحادیه	اتحادیه|اتحاد	اتحادیه|اتحاد	اتحادیه|اتحاد+یه	N1|N1+O
21	اروپا	اروپا	اروپا	اروپا	N2
22	را	را	را	را	Po
23	ایفا	ایفا	ایفا	ایفا	N1
24	خواهد_کرد	خواهد_کرد	خواهد_کرد	خواهد_کرد	N
25	و	و|و|و	و|و|و	و|و|و	C0|Ab|Al
26	هر	هر	هر	هر	A1
27	دو	دو|دو|دو|دو	دو|دو|دو|دو	دو|دو|دو|دو	No|V|V|N1
28	طرف	طرف|طرف	طرف|طرف	طرف|طرف	N1|N1
29	بر	بر|بر|بر|بر|بر	بر|بر|بر|بر|بر	بر|بر|بر|بر|بر	Pr|V|V|VPr|N1
30	تسریع	تسریع	تسریع	تسریع	N1
31	در	در|در|در|در|در	در|در|در|در|در	در|در|در|در|در	Pr|V|N1|N1|VPr
32	عملیاتی	عملیاتی|عملیات|عملی	عملیاتی|عملیات|عملی	عملیاتی|عملیات+ی|عملی+ات+ی	A0|N1+Y|A0+Pl+Y
33	شدن	شد	شد	شد+ن	V3+Neg
34	این	این|این	این|این	این|این	A1|N6
35	فرایند	فرایند	فرایند	فرایند	N1
36	تأکید	تأکید	تأکید	تأکید	N1
37	دارند	دار|دار|دار	دار|دار|دار	دار+ند|دار+ند|دار+ند	V|N1+V|V5+V
38	.	.	.	.	Si

0	پیش‌تر	پیشتر|پیش	پیشتر|پیش	پیشتر|پیش+تر	A0|A0+A
1	در	در|در|در|در|در	در|در|در|در|در	در|در|در|در|در	Pr|V|N1|N1|VPr
2	هفته	هفته	هفته	هفته	N1
3	نخست	نخست|خست|نخ	نخست|خست|نخ	نخست|ن+خست|نخ+ست	A0|V|N1+N
4	مهرماه	مهرماه	مهرماه	مهرماه	N1
5	فدریکا	فدریکا	فدریکا	فدریکا	N
6	موگرینی	مو|مو|مو	مو|مو|مو	مو+یرگ+گری+نی|مو+یرگ+گری+نی|مو+یرگ+گری+نی	V1+O+O+O|N1+O+O+O|N1+O+O+O
7	،	،	،	،	Si
8	مسئول	مسئول	مسئول	مسئول	N1
9	سیاست	سیاست|سیاس	سیاست|سیاس	سیاست|سیاس	N1|A0
10	خارجی	خارجی|خارج	خارجی|خارج	خارجی|خارج+ی	N1|N1+Y
11	اتحادیه	اتحادیه|اتحاد	اتحادیه|اتحاد	اتحادیه|اتحاد+یه	N1|N1+O
12	اروپا	اروپا	اروپا	اروپا	N2
13	،	،	،	،	Si
14	قول	قول	قول	قول	N1
15	داده_بود	داده_بود	داده_بود	داده_بود	N
16	که	که|که|که|که	که|که|که|که	که|که|که|که	C0|NA|N1|N1
17	کانال	کانال	کانال	کانال	N1
18	ویژه	ویژه	ویژه	ویژه	A0
19	مالی	مالی|مال|مال	مالی|مال|مال	مالی|مال+ی|مال+ی	A0|V|N1+Y
20	اروپا	اروپا	اروپا	اروپا	N2
21	تا	تا|تا|تا	تا|تا|تا	تا|تا|تا	Pr|C0|Ab
22	قبل	قبل|قبل|قبل	قبل|قبل|قبل	قبل|قبل|قبل	Ad|N1|N9
23	از	از	از	از	Pr
24	۱۰	۱۰	۱۰	۱۰	No
25	آبان	آبان|آب	آبان|آب	آبان|آب+ان	N1|N1+Pl
26	یعنی	یعنی	یعنی	یعنی	C0
27	چند	چند	چند	چند	NA
28	روز	روز	روز	روز	N1
29	مانده	مانده|ماند|مان	مانده|ماند|مان	مانده|ماند+ه|مان+د+ه	A0|O+O|V1+O+O
30	به	به|به	به|به	به|به	Pr|N1
31	اعمال	اعمال|عمل	اعمال|عمل	اعمال|عمل	N1|N
32	مرحله	مرحله	مرحله	مرحله	N1
33	دوم	دوم|دو|دو|دو|دو	دوم|دو|دو|دو|دو	دوم|دو+م|دو+م|دو+م|دو+م	A0|V|V|N1+N|N1+V
34	تحریم‌های	تحریم	تحریم	تحریم+ها+ی	N1+Pl+Y
35	یکجانبه	یک‌جانبه	یک‌جانبه	یک‌جانبه	A0
36	و	و|و|و	و|و|و	و|و|و	C0|Ab|Al
37	فراسرزمینی	سرزمین	سرزمین	فرا+سرزمین+ی	O+N1+Y
38	آمریکا	آمریکا	آمریکا	آمریکا	N2
39	علیه	علیه|علیه|علی	علیه|علیه|علی	علیه|علیه|علی+ه	N1|N9|A0+O
40	ایران	ایران	ایران	ایران	N2
41	ایجاد	ایجاد	ایجاد	ایجاد	N1
42	شود	شو|شو	شو|شو	شو+د|شو+د	V|V
43	.	.	.	.	Si

0	ایجاد	ایجاد	ایجاد	ایجاد	N1
1	کانال	کانال	کانال	کانال	N1
2	ویژه	ویژه	ویژه	ویژه	A0
3	مالی	مالی|مال|مال	مالی|مال|مال	مالی|مال+ی|مال+ی	A0|V|N1+Y
4	بر	بر|بر|بر|بر|بر	بر|بر|بر|بر|بر	بر|بر|بر|بر|بر	Pr|V|V|VPr|N1
5	مبنای	مبنا	مبنا	مبنا+ی	N1+Y
6	الگوی	الگو	الگو	الگو+ی	N1+Y
7	پیمان	پیمان|پیمان|پی	پیمان|پیمان|پی	پیمان|پیمان|پی+مان	N3|N1|N1+N
8	دوجانبه	دوجانبه	دوجانبه	دوجانبه	A0
9	پولی	پولی|پول	پولی|پول	پولی|پول+ی	A0|N1+Y
10	به	به|به	به|به	به|به	Pr|N1
11	این	این|این	این|این	این|این	A1|N6
12	معناست	معنا	معنا	معنا+ست	N1+N
13	که	که|که|که|که	که|که|که|که	که|که|که|که	C0|NA|N1|N1
14	بین	بین|بین|بین|ین	بین|بین|بین|ین	بین|بین|بین|ب+ین	V|N9|A0|O+N1
15	ایران	ایران	ایران	ایران	N2
16	به‌عنوان	عنوان	عنوان	به+عنوان	O+N1
17	کشور	کشور|کش|کش	کشور|کش|کش	کشور|کش+ور|کش+ور	N1|V1+O|V1+O
18	صادرکننده	صادرکننده	صادرکننده	صادرکننده	A0
19	نفت	نفت	نفت	نفت	N1
20	و	و|و|و	و|و|و	و|و|و	C0|Ab|Al
21	سایر	سایر	سایر	سایر	N1
22	کالاها	کالا	کالا	کالا+ها	N1+Pl
23	و	و|و|و	و|و|و	و|و|و	C0|Ab|Al
24	کشور	کشور|کش|کش	کشور|کش|کش	کشور|کش+ور|کش+ور	N1|V1+O|V1+O
25	خریدار	خریدار|خرید	خریدار|خرید	خریدار|خرید+ار	A0|O+O
26	،	،	،	،	Si
27	پول	پول	پول	پول	N1
28	ملی	ملی|مل|مل	ملی|مل|مل	ملی|مل+ی|مل+ی	A0|N1+Y|N1+Y
29	۲کشور	۲کشور	۲کشور	۲کشور	N
30	مبنای	مبنا	مبنا	مبنا+ی	N1+Y
31	عمل	عمل	عمل	عمل	N1
32	تسویه‌حساب	تسویه‌حساب	تسویه‌حساب	تسویه‌حساب	N1
33	قرار	قرار|قرار	قرار|قرار	قرار|قرار	N1|N9
34	می‌گیرد	گیر	گیر	می+گیر+د	V
35	اما	اما	اما	اما	C0
36	پیش	پیش|پیش|پی	پیش|پیش|پی	پیش|پیش|پی+ش	A0|N9|N1+N
37	از	از	از	از	Pr
38	این	این|این	این|این	این|این	A1|N6
39	اعلام	اعلام|اعلام	اعلام|اعلام	اعلام|اعلام	N1|N1
40	شده_بود	شده_بود	شده_بود	شده_بود	N
41	که	که|که|که|که	که|که|که|که	که|که|که|که	C0|NA|N1|N1
42	سازوکار	سازوکار	سازوکار	سازوکار	N1
43	مالی	مالی|مال|مال	مالی|مال|مال	مالی|مال+ی|مال+ی	A0|V|N1+Y
44	پیشنهادشده	پیشنهادشده|نهاد|نهاد	پیشنهادشده|نهاد|نهاد	پیشنهادشده|پیش+نهاد+شد+ه|پیش+نهاد+شد+ه	A0|V|O+V1+O+O
45	از	از	از	از	Pr
46	سوی	سو	سو	سو+ی	N1+Y
47	اروپا	اروپا	اروپا	اروپا	N2
48	بر	بر|بر|بر|بر|بر	بر|بر|بر|بر|بر	بر|بر|بر|بر|بر	Pr|V|V|VPr|N1
49	مبنای	مبنا	مبنا	مبنا+ی	N1+Y
50	یورو	یورو	یورو	یورو	N1
51	به‌معنای	معناً	معناً	به+معناً+ی	O+Ad+Y
52	واحد	واحد	واحد	واحد	A0
53	پولی	پولی|پول	پولی|پول	پولی|پول+ی	A0|N1+Y
54	این	این|این	این|این	این|این	A1|N6
55	قاره	قاره|قار	قاره|قار	قاره|قار+ه	N1|N1+O
56	خواهد_بود	خواهد_بود	خواهد_بود	خواهد_بود	N
57	و	و|و|و	و|و|و	و|و|و	C0|Ab|Al
58	اجرایی	اجرایی|اجرا	اجرایی|اجرا	اجرایی|اجرا+یی	A0|N1+O
59	شدن	شد	شد	شد+ن	V3+Neg
60	آن	آن|آن	آن|آن	آن|آن	A1|N6
61	مستلزم	مستلزم	مستلزم	مستلزم	N1
62	همکاری	همکاری|همکار|کاری|کار|کار	همکاری|همکار|کاری|کار|کار	همکاری|همکار+ی|هم+کاری|هم+کار+ی|هم+کار+ی	N1|N1+Y|O+A0|O+N1+Y|O+V1+Y
63	بانک‌های	بانک	بانک	بانک+ها+ی	N1+Pl+Y
64	مرکزی	مرکزی|مرکز	مرکزی|مرکز	مرکزی|مرکز+ی	A0|N1+Y
65	ایران	ایران	ایران	ایران	N2
66	با	با	با	با	Pr
67	دیگر	دیگر|دیگر|دی	دیگر|دیگر|دی	دیگر|دیگر|دی+گر	Ad|A2|N1+O
68	بانک‌های	بانک	بانک	بانک+ها+ی	N1+Pl+Y
69	مرکزی	مرکزی|مرکز	مرکزی|مرکز	مرکزی|مرکز+ی	A0|N1+Y
70	اروپاست	اروپاس	اروپاس	اروپاس	N
71	.	.	.	.	Si

0	ایرنا	ایرنا	ایرنا	ایرنا	N3
1	گزارش	گزارش|گزارش|گزار	گزارش|گزارش|گزار	گزارش|گزارش|گزار+ش	N1|N9|V
2	داده	داده|داد|داد	داده|داد|داد	داده|داد+ه|داد+ه	N1|O+O|N1+O
3	در	در|در|در|در|در	در|در|در|در|در	در|در|در|در|در	Pr|V|N1|N1|VPr
4	قالب	قالب	قالب	قالب	N1
5	سازوکار	سازوکار	سازوکار	سازوکار	N1
6	مالی	مالی|مال|مال	مالی|مال|مال	مالی|مال+ی|مال+ی	A0|V|N1+Y
7	پیشنهادی	پیشنهادی|پیشنهاد|نهاد|نهاد	پیشنهادی|پیشنهاد|نهاد|نهاد	پیشنهادی|پیشنهاد+ی|پیش+نهاد+ی|پیش+نهاد+ی	A0|N1+Y|V|O+V1+Y
8	اروپا	اروپا	اروپا	اروپا	N2
9	،	،	،	،	Si
10	ایران	ایران	ایران	ایران	N2
11	می‌تواند	توان|توان	توان|توان	می+توان+د|می+توان+د	O+V4+O|V
12	کالاها	کالا	کالا	کالا+ها	N1+Pl
13	ازجمله	ازجمله	ازجمله	ازجمله	Ad
14	نفت	نفت	نفت	نفت	N1
15	و	و|و|و	و|و|و	و|و|و	C0|Ab|Al
16	فرآورده‌های	فرآورده|ورد|ورد|ده	فرآورده|ورد|ورد|ده	فرآورده+ها+ی|فرآ+ورد+ه+ها+ی|فرآ+ورد+ه+ها+ی|ور+فرآ+ده+ها+ی	N1+Pl+Y|O+V1+O+Pl+Y|O+N1+O+Pl+Y|O+O+N1+Pl+Y
17	نفتی	نفتی|نفت	نفتی|نفت	نفتی|نفت+ی	A0|N1+Y
18	را	را	را	را	Po
19	به	به|به	به|به	به|به	Pr|N1
20	اروپا	اروپا	اروپا	اروپا	N2
21	صادر	صادر	صادر	صادر	N1
22	و	و|و|و	و|و|و	و|و|و	C0|Ab|Al
23	در	در|در|در|در|در	در|در|در|در|در	در|در|در|در|در	Pr|V|N1|N1|VPr
24	قبال	قبال	قبال	قبال	N9
25	آن	آن|آن	آن|آن	آن|آن	A1|N6
26	کالاها	کالا	کالا	کالا+ها	N1+Pl
27	و	و|و|و	و|و|و	و|و|و	C0|Ab|Al
28	خدمات	خدمات|خدم	خدمات|خدم	خدمات|خدم+ات	N1|N1+Pl
29	موردنیاز	موردنیاز	موردنیاز	موردنیاز	A0
30	را	را	را	را	Po
31	از	از	از	از	Pr
32	کشورهای	کشور|کش|کش	کشور|کش|کش	کشور+ها+ی|کش+ور+ها+ی|کش+ور+ها+ی	N1+Pl+Y|V1+O+Pl+Y|V1+O+Pl+Y
33	اروپایی	اروپایی|اروپا	اروپایی|اروپا	اروپایی|اروپا+یی	A0|N2+O
34	خریداری	خریداری|خریدار|خرید	خریداری|خریدار|خرید	خریداری|خریدار+ی|خرید+ار+ی	N1|A0+Y|O+O+Y
35	کند	کند|کن|کن	کند|کن|کن	کند|کن+د|کن+د	A0|V|V
36	و	و|و|و	و|و|و	و|و|و	C0|Ab|Al
37	تهاتر	تهاتر	تهاتر	تهاتر	N1
38	دریافت	دریافت|دریافت	دریافت|دریافت	دریافت|دریافت	V|N1
39	و	و|و|و	و|و|و	و|و|و	C0|Ab|Al
40	پرداخت‌ها	پرداخت	پرداخت	پرداخت+ها	N1+Pl
41	بین	بین|بین|بین|ین	بین|بین|بین|ین	بین|بین|بین|ب+ین	V|N9|A0|O+N1
42	بانک‌های	بانک	بانک	بانک+ها+ی	N1+Pl+Y
43	مرکزی	مرکزی|مرکز	مرکزی|مرکز	مرکزی|مرکز+ی	A0|N1+Y
44	و	و|و|و	و|و|و	و|و|و	C0|Ab|Al
45	نه	نه|نه|نه	نه|نه|نه	نه|نه|نه	No|V|N1
46	شبکه	شبکه|شب	شبکه|شب	شبکه|شب+ک+ه	N1|N1+O+O
47	بانکی	بانکی|بانک	بانکی|بانک	بانکی|بانک+ی	A0|N1+Y
48	صورت	صورت|صورت|صور|صور	صورت|صورت|صور|صور	صورت|صورت|صور+ت|صور+ت	N1|N9|N1+N|N1+N
49	می‌پذیرد	پذیر	پذیر	می+پذیر+د	V
50	.	.	.	.	Si

0	«	«	«	«	Si
1	آلبرت	آلبرت	آلبرت	آلبرت	N3
2	بغزیان	بغز	بغز	بغز	N
3	»	»	»	»	Si
4	استاد	استاد|استاد	استاد|استاد	استاد|استاد	A0|Sp
5	اقتصاد	اقتصاد	اقتصاد	اقتصاد	N1
6	دانشگاه	دانشگاه|دانش|دان	دانشگاه|دانش|دان	دانشگاه|دانش+گاه|دان+ش+گاه	N1|N1+O|V1+O+O
7	تهران	تهران	تهران	تهران	N2
8	می‌گوید	گو	گو	می+گو+ید	V
9	:	:	:	:	Si
10	اگر	اگر	اگر	اگر	C0
11	اروپا	اروپا	اروپا	اروپا	N2
12	بخواهد	خواه|خواه	خواه|خواه	ب+خواه+د|ب+خواه+د	V|O+V5+O
13	و	و|و|و	و|و|و	و|و|و	C0|Ab|Al
14	از	از	از	از	Pr
15	آمریکا	آمریکا	آمریکا	آمریکا	N2
16	ترس	ترس|ترس	ترس|ترس	ترس|ترس	V|N1
17	نداشته_باشد	نداشته_باشد	نداشته_باشد	نداشته_باشد	N
18	،	،	،	،	Si
19	به‌راحتی	به‌راحتی|راحتی|راحت	به‌راحتی|راحتی|راحت	به‌راحتی|به+راحتی|به+راحت+ی	Ad|O+A0|O+A0+Y
20	می‌تواند	توان|توان	توان|توان	می+توان+د|می+توان+د	O+V4+O|V
21	این	این|این	این|این	این|این	A1|N6
22	کانال	کانال	کانال	کانال	N1
23	ارتباط	ارتباط	ارتباط	ارتباط	N1
24	مالی	مالی|مال|مال	مالی|مال|مال	مالی|مال+ی|مال+ی	A0|V|N1+Y
25	یورویی	یورو	یورو	یورو+یی	N1+O
26	را	را	را	را	Po
27	با	با	با	با	Pr
28	ایران	ایران	ایران	ایران	N2
29	برقرار	برقرار	برقرار	برقرار	A0
30	کند	کند|کن|کن	کند|کن|کن	کند|کن+د|کن+د	A0|V|V
31	؛	؛	؛	؛	Si
32	چون	چون|چون	چون|چون	چون|چون	C0|Pr
33	حساب‌ها	حساب	حساب	حساب+ها	N1+Pl
34	بر	بر|بر|بر|بر|بر	بر|بر|بر|بر|بر	بر|بر|بر|بر|بر	Pr|V|V|VPr|N1
35	پایه	پایه|پایه|پای	پایه|پایه|پای	پایه|پایه|پای+ه	N1|N9|N1+O
36	یورو	یورو	یورو	یورو	N1
37	نگهداری	نگهداری|نگه	نگهداری|نگه	نگهداری|نگه+دار+ی	N1|N1+O+Y
38	می‌شود	شو|شو	شو|شو	می+شو+د|می+شو+د	V|V
39	،	،	،	،	Si
40	به‌راحتی	به‌راحتی|راحتی|راحت	به‌راحتی|راحتی|راحت	به‌راحتی|به+راحتی|به+راحت+ی	Ad|O+A0|O+A0+Y
41	می‌توان	توان	توان	می+توان	O+V4
42	درآمد	درآمد|درآمد	درآمد|درآمد	درآمد|درآمد	V|N1
43	حاصل	حاصل	حاصل	حاصل	N1
44	از	از	از	از	Pr
45	صادرات	صادرات|صادر	صادرات|صادر	صادرات|صادر+ات	N1|N1+Pl
46	ایران	ایران	ایران	ایران	N2
47	را	را	را	را	Po
48	با	با	با	با	Pr
49	واردات	واردات|وارد	واردات|وارد	واردات|وارد+ات	N1|N1+Pl
50	کالاها	کالا	کالا	کالا+ها	N1+Pl
51	و	و|و|و	و|و|و	و|و|و	C0|Ab|Al
52	خدمات	خدمات|خدم	خدمات|خدم	خدمات|خدم+ات	N1|N1+Pl
53	از	از	از	از	Pr
54	حوزه	حوزه	حوزه	حوزه	N1
55	اروپا	اروپا	اروپا	اروپا	N2
56	تهاتر	تهاتر	تهاتر	تهاتر	N1
57	کرد	کرد|کرد	کرد|کرد	کرد|کرد	V|N1
58	.	.	.	.	Si

0	عباس	عباس	عباس	عباس	N3
1	هشی	هش	هش	هش+ی	N1+Y
2	،	،	،	،	Si
3	کارشناس	کارشناس|کار	کارشناس|کار	کارشناس|کار+شناس	A0|N1+O
4	اقتصادی	اقتصادی|اقتصاد	اقتصادی|اقتصاد	اقتصادی|اقتصاد+ی	A0|N1+Y
5	هم	هم|هم|هم	هم|هم|هم	هم|هم|هم	Ad|C0|N
6	توضیح	توضیح	توضیح	توضیح	N1
7	می‌دهد	ده	ده	می+ده+د	V
8	این	این|این	این|این	این|این	A1|N6
9	کانال	کانال	کانال	کانال	N1
10	یورویی	یورو	یورو	یورو+یی	N1+O
11	اختراع	اختراع	اختراع	اختراع	N1
12	جدیدی	جدیدی|جدید	جدیدی|جدید	جدیدی|جدید+ی	N1|A0+Y
13	نیست	نیست|است|نی	نیست|است|نی	نیست|نی+است|نی+ست	N1|V|N1+N
14	و	و|و|و	و|و|و	و|و|و	C0|Ab|Al
15	عملکرد	عملکرد	عملکرد	عملکرد	N1
16	آن	آن|آن	آن|آن	آن|آن	A1|N6
17	همچون	همچون	همچون	همچون	Pr
18	اتاق‌های	اتاق	اتاق	اتاق+ها+ی	N1+Pl+Y
19	تسویه	تسویه	تسویه	تسویه	N1
20	پایاپای	پایاپای	پایاپای	پایاپای	N1
21	در	در|در|در|در|در	در|در|در|در|در	در|در|در|در|در	Pr|V|N1|N1|VPr
22	زمان	زمان|زم	زمان|زم	زمان|زم+ان	N1|N1+Pl
23	جنگ	جنگ|جنگ|جنگ	جنگ|جنگ|جنگ	جنگ|جنگ|جنگ	V|N1|N1
24	تحمیلی	تحمیلی|تحمیل	تحمیلی|تحمیل	تحمیلی|تحمیل+ی	A0|N1+Y
25	خواهد_بود	خواهد_بود	خواهد_بود	خواهد_بود	N
26	.	.	.	.	Si

0	معاون	معاون	معاون	معاون	N1
1	بین‌الملل	بین‌الملل	بین‌الملل	بین‌الملل	A0
2	بانک	بانک	بانک	بانک	N1
3	مرکزی	مرکزی|مرکز	مرکزی|مرکز	مرکزی|مرکز+ی	A0|N1+Y
4	می‌گوید	گو	گو	می+گو+ید	V
5	:	:	:	:	Si
6	آمریکایی‌ها	آمریکایی|آمریکا	آمریکایی|آمریکا	آمریکایی+ها|آمریکا+یی+ها	A0+Pl|N2+O+Pl
7	پیش	پیش|پیش|پی	پیش|پیش|پی	پیش|پیش|پی+ش	A0|N9|N1+N
8	از	از	از	از	Pr
9	١٣	١٣	١٣	١٣	No
10	آبان	آبان|آب	آبان|آب	آبان|آب+ان	N1|N1+Pl
11	هرچه	هرچه	هرچه	هرچه	Ad
12	در	در|در|در|در|در	در|در|در|در|در	در|در|در|در|در	Pr|V|N1|N1|VPr
13	توان	توان|توان|توان	توان|توان|توان	توان|توان|توان	V4|V|N1
14	داشتند	داشت|داشت|داشت	داشت|داشت|داشت	داشت+ند|داشت+ند|داشت+ند	V|V5+V|N1+V
15	،	،	،	،	Si
16	انجام	انجام|انجام	انجام|انجام	انجام|انجام	N1|V
17	دادند	داد|داد	داد|داد	داد+ند|داد+ند	V|N1+V
18	اما	اما	اما	اما	C0
19	با	با	با	با	Pr
20	برنامه‌ریزی‌ها	برنامه‌ریزی|برنامه‌ریز	برنامه‌ریزی|برنامه‌ریز	برنامه‌ریزی+ها|برنامه‌ریز+ی+ها	N1+Pl|N1+Y+Pl
21	،	،	،	،	Si
22	تلاش	تلاش	تلاش	تلاش	N1
23	داریم	دار|دار|دار	دار|دار|دار	دار+یم|دار+ی+م|دار+یم	V|V|N1+V
24	هزینه‌های	هزینه	هزینه	هزینه+ها+ی	N1+Pl+Y
25	تحریم	تحریم|تحری|تحری	تحریم|تحری|تحری	تحریم|تحری+م|تحری+م	N1|N1+N|N1+V
26	را	را	را	را	Po
27	کاهش	کاهش|کاه|کاه	کاهش|کاه|کاه	کاهش|کاه+ش|کاه+ش	N1|V|N1+N
28	داده	داده|داد|داد	داده|داد|داد	داده|داد+ه|داد+ه	N1|O+O|N1+O
29	و	و|و|و	و|و|و	و|و|و	C0|Ab|Al
30	اجازه	اجازه	اجازه	اجازه	N1
31	ندهیم	ده|ده	ده|ده	ن+ده+یم|ن+ده+ی+م	V|V
32	جریان	جریان|جری|جر|جر	جریان|جری|جر|جر	جریان|جری+ان|جر+ی+ان|جر+ی+ان	N1|A0+Pl|N1+Y+Pl|N1+Y+Pl
33	تجاری	تجاری|تجار	تجاری|تجار	تجاری|تجار+ی	A0|N1+Y
34	کشور	کشور|کش|کش	کشور|کش|کش	کشور|کش+ور|کش+ور	N1|V1+O|V1+O
35	متوقف	متوقف	متوقف	متوقف	A0
36	شود	شو|شو	شو|شو	شو+د|شو+د	V|V
37	؛	؛	؛	؛	Si
38	ضمن	ضمن|ضمن	ضمن|ضمن	ضمن|ضمن	N1|N9
39	آنکه	آنکه|آنکه	آنکه|آنکه	آنکه|آنکه	Ad|N5
40	اروپایی‌ها	اروپایی|اروپا	اروپایی|اروپا	اروپایی+ها|اروپا+یی+ها	A0+Pl|N2+O+Pl
41	به	به|به	به|به	به|به	Pr|N1
42	چند	چند	چند	چند	NA
43	دلیل	دلیل	دلیل	دلیل	N1
44	نمی‌خواهند	خواه	خواه	نمی+خواه+ند	V
45	تجارت	تجارت|تجار	تجارت|تجار	تجارت|تجار+ت	N1|N1+N
46	با	با	با	با	Pr
47	ایران	ایران	ایران	ایران	N2
48	را	را	را	را	Po
49	رها	رها|رها	رها|رها	رها|رها	V|A0
50	کنند	کن|کن	کن|کن	کن+ند|کن+ند	V|V
51	.	.	.	.	Si

0	براساس	براساس	براساس	براساس	Pr1
1	اعلام	اعلام|اعلام	اعلام|اعلام	اعلام|اعلام	N1|N1
2	بانک	بانک	بانک	بانک	N1
3	صادرات	صادرات|صادر	صادرات|صادر	صادرات|صادر+ات	N1|N1+Pl
4	ایران	ایران	ایران	ایران	N2
5	،	،	،	،	Si
6	حسین	حسین	حسین	حسین	N3
7	یعقوبی	یعقوبی|یعقوب	یعقوبی|یعقوب	یعقوبی|یعقوب+ی	N4|N3+Y
8	میاب	میاب	میاب	میاب	N
9	تأکید	تأکید	تأکید	تأکید	N1
10	می‌کند	کن|کن|می|می	کن|کن|می|می	می+کن+د|می+کن+د|می+ک+ند|می+ک+ند	V|V|N1+O+V|N1+O+V
11	:	:	:	:	Si
12	تحریم‌های	تحریم	تحریم	تحریم+ها+ی	N1+Pl+Y
13	اخیر	اخیر	اخیر	اخیر	A0
14	مانند	مانند|مانند|مان|مان	مانند|مانند|مان|مان	مانند|مانند|مان+ند|مان+ند	N1|N9|V|N1+V
15	تحریم‌های	تحریم	تحریم	تحریم+ها+ی	N1+Pl+Y
16	سازمان	سازمان|ساز|ساز	سازمان|ساز|ساز	سازمان|ساز+مان|ساز+مان	N1|V|N1+N
17	ملل	ملل	ملل	ملل	N1
18	گسترده	گسترده|گسترد	گسترده|گسترد	گسترده|گسترد+ه	A0|O+O
19	نیست	نیست|است|نی	نیست|است|نی	نیست|نی+است|نی+ست	N1|V|N1+N
20	و	و|و|و	و|و|و	و|و|و	C0|Ab|Al
21	به	به|به	به|به	به|به	Pr|N1
22	همین	همین|همین	همین|همین	همین|همین	A1|N6
23	دلیل	دلیل	دلیل	دلیل	N1
24	ابزارهای	ابزار|اب	ابزار|اب	ابزار+ها+ی|اب+زار+ها+ی	N1+Pl+Y|N1+O+Pl+Y
25	بهتری	بهتر	بهتر	بهتر+ی	A0+Y
26	برای	برای	برای	برای	Pr
27	مقابله	مقابله|مقابل	مقابله|مقابل	مقابله|مقابل+ه	N1|A0+O
28	با	با	با	با	Pr
29	آنها	آنها|آنها	آنها|آنها	آنها|آنها	N5|N6
30	در	در|در|در|در|در	در|در|در|در|در	در|در|در|در|در	Pr|V|N1|N1|VPr
31	اختیار	اختیار|اخت|اخ|اخ|اخ	اختیار|اخت|اخ|اخ|اخ	اختیار|اخت+یار|اخ+ت+یار|اخ+ت+یار|اخ+ت+یار	N1|A0+O|N1+N+O|N1+N+O|A0+N+O
32	داریم	دار|دار|دار	دار|دار|دار	دار+یم|دار+ی+م|دار+یم	V|V|N1+V
33	.	.	.	.	Si

0	معاون	معاون	معاون	معاون	N1
1	بین‌الملل	بین‌الملل	بین‌الملل	بین‌الملل	A0
2	بانک	بانک	بانک	بانک	N1
3	مرکزی	مرکزی|مرکز	مرکزی|مرکز	مرکزی|مرکز+ی	A0|N1+Y
4	تأکید	تأکید	تأکید	تأکید	N1
5	می‌کند	کن|کن|می|می	کن|کن|می|می	می+کن+د|می+کن+د|می+ک+ند|می+ک+ند	V|V|N1+O+V|N1+O+V
6	:	:	:	:	Si
7	دولت	دولت|دول|دول	دولت|دول|دول	دولت|دول+ت|دول+ت	N1|N1+N|N1+N
8	آمریکا	آمریکا	آمریکا	آمریکا	N2
9	سعی	سعی	سعی	سعی	A0
10	کرده_است	کرده_اس	کرده_اس	کرده_اس	N
11	با	با	با	با	Pr
12	خروج	خروج	خروج	خروج	N1
13	از	از	از	از	Pr
14	برجام	برجا	برجا	برجا	N
15	،	،	،	،	Si
16	اقتصاد	اقتصاد	اقتصاد	اقتصاد	N1
17	ایران	ایران	ایران	ایران	N2
18	را	را	را	را	Po
19	دچار	دچار	دچار	دچار	Ad
20	اختلال	اختلال	اختلال	اختلال	N1
21	کند	کند|کن|کن	کند|کن|کن	کند|کن+د|کن+د	A0|V|V
22	اما	اما	اما	اما	C0
23	حضور	حضور	حضور	حضور	N1
24	اروپایی‌ها	اروپایی|اروپا	اروپایی|اروپا	اروپایی+ها|اروپا+یی+ها	A0+Pl|N2+O+Pl
25	و	و|و|و	و|و|و	و|و|و	C0|Ab|Al
26	تعهداتی	تعهد	تعهد	تعهد+ات+ی	N1+Pl+Y
27	که	که|که|که|که	که|که|که|که	که|که|که|که	C0|NA|N1|N1
28	دادند	داد|داد	داد|داد	داد+ند|داد+ند	V|N1+V
29	،	،	،	،	Si
30	فشار	فشار	فشار	فشار	N1
31	را	را	را	را	Po
32	کمتر	کم	کم	کم+تر	A0+A
33	کرد	کرد|کرد	کرد|کرد	کرد|کرد	V|N1
34	؛	؛	؛	؛	Si
35	تا	تا|تا|تا	تا|تا|تا	تا|تا|تا	Pr|C0|Ab
36	زمانی	زمانی|زمان|زم	زمانی|زمان|زم	زمانی|زمان+ی|زم+ان+ی	A0|N1+Y|N1+Pl+Y
37	که	که|که|که|که	که|که|که|که	که|که|که|که	C0|NA|N1|N1
38	اروپایی‌ها	اروپایی|اروپا	اروپایی|اروپا	اروپایی+ها|اروپا+یی+ها	A0+Pl|N2+O+Pl
39	حضور	حضور	حضور	حضور	N1
40	دارند	دار|دار|دار	دار|دار|دار	دار+ند|دار+ند|دار+ند	V|N1+V|V5+V
41	معافیت‌های	معافیت	معافیت	معافیت+ها+ی	N1+Pl+Y
42	خوب	خوب	خوب	خوب	A0
43	همچنان	همچنان|چنان	همچنان|چنان	همچنان|هم+چنان	Ad|O+A0
44	وجود	وجود|وجود	وجود|وجود	وجود|وجود	N1|N9
45	خواهد_داشت	خواهد_دا	خواهد_دا	خواهد_دا	N
46	.	.	.	.	Si

0	یعقوبی	یعقوبی|یعقوب	یعقوبی|یعقوب	یعقوبی|یعقوب+ی	N4|N3+Y
1	می‌افزاید	افزا	افزا	می+افزا+ید	V
2	:	:	:	:	Si
3	تصور	تصور	تصور	تصور	N1
4	می‌کنم	کن|کن	کن|کن	می+کن+م|می+کن+م	V|V
5	اروپایی‌ها	اروپایی|اروپا	اروپایی|اروپا	اروپایی+ها|اروپا+یی+ها	A0+Pl|N2+O+Pl
6	به	به|به	به|به	به|به	Pr|N1
7	۲دلیل	۲دلیل	۲دلیل	۲دلیل	N
8	به‌زودی	به‌زودی|زودی|زود	به‌زودی|زودی|زود	به‌زودی|به+زودی|به+زود+ی	Ad|O+N1|O+A0+Y
9	کنار	کنار|کنار	کنار|کنار	کنار|کنار	N1|N1
10	نخواهند_رفت	نخواهند_رف	نخواهند_رف	نخواهند_رف	N
11	؛	؛	؛	؛	Si
12	نخست	نخست|خست|نخ	نخست|خست|نخ	نخست|ن+خست|نخ+ست	A0|V|N1+N
13	به‌واسطه	واسطه|واسط	واسطه|واسط	به+واسطه|به+واسط+ه	O+N1|O+N1+O
14	جنگ	جنگ|جنگ|جنگ	جنگ|جنگ|جنگ	جنگ|جنگ|جنگ	V|N1|N1
15	تجاری	تجاری|تجار	تجاری|تجار	تجاری|تجار+ی	A0|N1+Y
16	آنها	آنها|آنها	آنها|آنها	آنها|آنها	N5|N6
17	با	با	با	با	Pr
18	آمریکا	آمریکا	آمریکا	آمریکا	N2
19	و	و|و|و	و|و|و	و|و|و	C0|Ab|Al
20	دوم	دوم|دو|دو|دو|دو	دوم|دو|دو|دو|دو	دوم|دو+م|دو+م|دو+م|دو+م	A0|V|V|N1+N|N1+V
21	اینکه	اینکه	اینکه	اینکه	Ad
22	به‌دنبال	به‌دنبال	به‌دنبال	به‌دنبال	Pr1
23	تقویت	تقویت	تقویت	تقویت	N1
24	جایگاه	جایگاه|جای|جا	جایگاه|جای|جا	جایگاه|جای+گاه|جا+ی+گاه	N1|N1+O|N1+O
25	اروپا	اروپا	اروپا	اروپا	N2
26	در	در|در|در|در|در	در|در|در|در|در	در|در|در|در|در	Pr|V|N1|N1|VPr
27	فضای	فضا	فضا	فضا+ی	N1+Y
28	اقتصاد	اقتصاد	اقتصاد	اقتصاد	N1
29	بین‌الملل	بین‌الملل	بین‌الملل	بین‌الملل	A0
30	هستند	هست|هست	هست|هست	هست+ند|هست+ند	V|N1+V
31	.	.	.	.	Si

0	رویترز	رویترز	رویترز	رویترز	N
1	به	به|به	به|به	به|به	Pr|N1
2	نقل	نقل|نقل	نقل|نقل	نقل|نقل	N1|N1
3	از	از	از	از	Pr
4	۳دیپلمات	۳دیپل	۳دیپل	۳دیپل	N
5	اروپایی	اروپایی|اروپا	اروپایی|اروپا	اروپایی|اروپا+یی	A0|N2+O
6	گزارش	گزارش|گزارش|گزار	گزارش|گزارش|گزار	گزارش|گزارش|گزار+ش	N1|N9|V
7	داد	داد|داد	داد|داد	داد|داد	V|N1
8	:	:	:	:	Si
9	کانال	کانال	کانال	کانال	N1
10	مالی	مالی|مال|مال	مالی|مال|مال	مالی|مال+ی|مال+ی	A0|V|N1+Y
11	یا	یا|یا	یا|یا	یا|یا	C0|Intj
12	سازوکار	سازوکار	سازوکار	سازوکار	N1
13	اتحادیه	اتحادیه|اتحاد	اتحادیه|اتحاد	اتحادیه|اتحاد+یه	N1|N1+O
14	اروپا	اروپا	اروپا	اروپا	N2
15	برای	برای	برای	برای	Pr
16	تسهیل	تسهیل	تسهیل	تسهیل	N1
17	پرداخت	پرداخت|پرداخت	پرداخت|پرداخت	پرداخت|پرداخت	V|N1
18	پول	پول	پول	پول	N1
19	اقلام	قلم	قلم	قلم	N
20	صادراتی	صادراتی|صادرات|صادر	صادراتی|صادرات|صادر	صادراتی|صادرات+ی|صادر+ات+ی	A0|N1+Y|N1+Pl+Y
21	ایران	ایران	ایران	ایران	N2
22	به	به|به	به|به	به|به	Pr|N1
23	اروپا	اروپا	اروپا	اروپا	N2
24	با	با	با	با	Pr
25	هدف	هدف	هدف	هدف	N1
26	عبور	عبور	عبور	عبور	N1
27	از	از	از	از	Pr
28	تحریم‌های	تحریم	تحریم	تحریم+ها+ی	N1+Pl+Y
29	آمریکا	آمریکا	آمریکا	آمریکا	N2
30	،	،	،	،	Si
31	تا	تا|تا|تا	تا|تا|تا	تا|تا|تا	Pr|C0|Ab
32	سیزدهم	سیزده|سیزده	سیزده|سیزده	سیزده+م|سیزده+م	No+N|No+V
33	آبان	آبان|آب	آبان|آب	آبان|آب+ان	N1|N1+Pl
34	به	به|به	به|به	به|به	Pr|N1
35	شکل	شکل	شکل	شکل	N1
36	نمادین	نمادین|نماد	نمادین|نماد	نمادین|نماد+ین	A0|N1+O
37	آماده	آماده|آماد	آماده|آماد	آماده|آماد+ه	A0|N1+O
38	می‌شود	شو|شو	شو|شو	می+شو+د|می+شو+د	V|V
39	اما	اما	اما	اما	C0
40	عملیاتی	عملیاتی|عملیات|عملی	عملیاتی|عملیات|عملی	عملیاتی|عملیات+ی|عملی+ات+ی	A0|N1+Y|A0+Pl+Y
41	شدن	شد	شد	شد+ن	V3+Neg
42	آن	آن|آن	آن|آن	آن|آن	A1|N6
43	تا	تا|تا|تا	تا|تا|تا	تا|تا|تا	Pr|C0|Ab
44	اوایل	اوایل	اوایل	اوایل	Ad
45	زمستان	زمستان|زم	زمستان|زم	زمستان|زم+ستان	N1|N1+Pl
46	سال‌جاری	سال‌جار	سال‌جار	سال‌جار	N
47	طول	طول	طول	طول	N1
48	می‌کشد	کش|کش	کش|کش	می+کش+د|می+کش+د	V|V
49	.	.	.	.	Si

0	وزیر	وزیر	وزیر	وزیر	N1
1	امور	امر	امر	امر	N
2	اقتصادی	اقتصادی|اقتصاد	اقتصادی|اقتصاد	اقتصادی|اقتصاد+ی	A0|N1+Y
3	و	و|و|و	و|و|و	و|و|و	C0|Ab|Al
4	دارایی	دارایی|دارا	دارایی|دارا	دارایی|دارا+یی	N1|A0+O
5	با	با	با	با	Pr
6	بیان	بیان	بیان	بیان	N1
7	اینکه	اینکه	اینکه	اینکه	Ad
8	تحریمی	تحریمی|تحریم	تحریمی|تحریم	تحریمی|تحریم+ی	A0|N1+Y
9	که	که|که|که|که	که|که|که|که	که|که|که|که	C0|NA|N1|N1
10	می‌خواهند	خواه|خواه	خواه|خواه	می+خواه+ند|می+خواه+ند	V|O+V5+V
11	در	در|در|در|در|در	در|در|در|در|در	در|در|در|در|در	Pr|V|N1|N1|VPr
12	۱۳	۱۳	۱۳	۱۳	No
13	آبان	آبان|آب	آبان|آب	آبان|آب+ان	N1|N1+Pl
14	اعلام	اعلام|اعلام	اعلام|اعلام	اعلام|اعلام	N1|N1
15	کنند	کن|کن	کن|کن	کن+ند|کن+ند	V|V
16	قبلا	قبلا	قبلا	قبلا	Ad
17	اجرایی	اجرایی|اجرا	اجرایی|اجرا	اجرایی|اجرا+یی	A0|N1+O
18	کرده‌اند	کرد|کرد	کرد|کرد	کرد+ه+اند|کرد+ه+اند	V|N1+O+V
19	،	،	،	،	Si
20	گفت	گفت|گفت	گفت|گفت	گفت|گفت	V|N1
21	:	:	:	:	Si
22	اولین	اولین|اول	اولین|اول	اولین|اول+ین	A0|A0+O
23	برنامه	برنامه	برنامه	برنامه	N1
24	مدنظر	مدنظر	مدنظر	مدنظر	N1
25	،	،	،	،	Si
26	تامین	تام	تام	تام+ین	A0+O
27	مالی	مالی|مال|مال	مالی|مال|مال	مالی|مال+ی|مال+ی	A0|V|N1+Y
28	اقتصادی	اقتصادی|اقتصاد	اقتصادی|اقتصاد	اقتصادی|اقتصاد+ی	A0|N1+Y
29	و	و|و|و	و|و|و	و|و|و	C0|Ab|Al
30	دومین	دوم	دوم	دوم+ین	A0+O
31	کار	کار|کار	کار|کار	کار|کار	N1|V
32	بهبود	بهبود	بهبود	بهبود	N1
33	فضای	فضا	فضا	فضا+ی	N1+Y
34	کسب	کسب	کسب	کسب	N1
35	و	و|و|و	و|و|و	و|و|و	C0|Ab|Al
36	کار	کار|کار	کار|کار	کار|کار	N1|V
37	اقتصادی	اقتصادی|اقتصاد	اقتصادی|اقتصاد	اقتصادی|اقتصاد+ی	A0|N1+Y
38	از	از	از	از	Pr
39	طریق	طریق|طریق	طریق|طریق	طریق|طریق	N1|N9
40	تسهیل	تسهیل	تسهیل	تسهیل	N1
41	شرایط	شرط	شرط	شرط	N
42	گمرکی	گمرکی|گمرک	گمرکی|گمرک	گمرکی|گمرک+ی	A0|N1+Y
43	است	است|اس	است|اس	است|اس+ت	V|N1+N
44	.	.	.	.	Si

0	به	به|به	به|به	به|به	Pr|N1
1	گزارش	گزارش|گزارش|گزار	گزارش|گزارش|گزار	گزارش|گزارش|گزار+ش	N1|N9|V
2	فارس	فارس	فارس	فارس	N1
3	،	،	،	،	Si
4	فرهاد	فرهاد	فرهاد	فرهاد	N3
5	دژپسند	دژپسند	دژپسند	دژپسند	N
6	وزیر	وزیر	وزیر	وزیر	N1
7	امور	امر	امر	امر	N
8	اقتصادی	اقتصادی|اقتصاد	اقتصادی|اقتصاد	اقتصادی|اقتصاد+ی	A0|N1+Y
9	و	و|و|و	و|و|و	و|و|و	C0|Ab|Al
10	دارایی	دارایی|دارا	دارایی|دارا	دارایی|دارا+یی	N1|A0+O
11	با	با	با	با	Pr
12	بیان	بیان	بیان	بیان	N1
13	اینکه	اینکه	اینکه	اینکه	Ad
14	تحریمی	تحریمی|تحریم	تحریمی|تحریم	تحریمی|تحریم+ی	A0|N1+Y
15	که	که|که|که|که	که|که|که|که	که|که|که|که	C0|NA|N1|N1
16	می‌خواهند	خواه|خواه	خواه|خواه	می+خواه+ند|می+خواه+ند	V|O+V5+V
17	در	در|در|در|در|در	در|در|در|در|در	در|در|در|در|در	Pr|V|N1|N1|VPr
18	۱۳	۱۳	۱۳	۱۳	No
19	آبان	آبان|آب	آبان|آب	آبان|آب+ان	N1|N1+Pl
20	اعلام	اعلام|اعلام	اعلام|اعلام	اعلام|اعلام	N1|N1
21	کنند	کن|کن	کن|کن	کن+ند|کن+ند	V|V
22	،	،	،	،	Si
23	قبلا	قبلا	قبلا	قبلا	Ad
24	اجرایی	اجرایی|اجرا	اجرایی|اجرا	اجرایی|اجرا+یی	A0|N1+O
25	کرده‌اند	کرد|کرد	کرد|کرد	کرد+ه+اند|کرد+ه+اند	V|N1+O+V
26	،	،	،	،	Si
27	گفت	گفت|گفت	گفت|گفت	گفت|گفت	V|N1
28	:	:	:	:	Si
29	در	در|در|در|در|در	در|در|در|در|در	در|در|در|در|در	Pr|V|N1|N1|VPr
30	وزارت	وزارت	وزارت	وزارت	N1
31	امور	امر	امر	امر	N
32	اقتصادی	اقتصادی|اقتصاد	اقتصادی|اقتصاد	اقتصادی|اقتصاد+ی	A0|N1+Y
33	و	و|و|و	و|و|و	و|و|و	C0|Ab|Al
34	دارایی	دارایی|دارا	دارایی|دارا	دارایی|دارا+یی	N1|A0+O
35	در	در|در|در|در|در	در|در|در|در|در	در|در|در|در|در	Pr|V|N1|N1|VPr
36	حال	حال	حال	حال	N1
37	رصد	رصد	رصد	رصد	N1
38	برنامه‌های	برنامه	برنامه	برنامه+ها+ی	N1+Pl+Y
39	دشمن	دشمن	دشمن	دشمن	A0
40	و	و|و|و	و|و|و	و|و|و	C0|Ab|Al
41	در	در|در|در|در|در	در|در|در|در|در	در|در|در|در|در	Pr|V|N1|N1|VPr
42	حال	حال	حال	حال	N1
43	آماده‌سازی	آماده‌سازی|آماده‌ساز	آماده‌سازی|آماده‌ساز	آماده‌سازی|آماده‌ساز+ی	N1|A0+Y
44	بسته‌هایی	بسته|بست|بست|سته|بست	بسته|بست|بست|سته|بست	بسته+ها+یی|بست+ه+ها+یی|بست+ه+ها+یی|ب+سته+ها+یی|بست+ه+ها+یی	A0+Pl+O|N1+O+Pl+O|O+O+Pl+O|O+N1+Pl+O|N2+O+Pl+O
45	برای	برای	برای	برای	Pr
46	مواجهه	مواجهه|مواجه	مواجهه|مواجه	مواجهه|مواجه+ه	N1|A0+O
47	با	با	با	با	Pr
48	این	این|این	این|این	این|این	A1|N6
49	دشمنی‌ها	دشمنی|دشمن	دشمنی|دشمن	دشمنی+ها|دشمن+ی+ها	N1+Pl|A0+Y+Pl
50	هستیم	هستی|هستی|هست|هست|هست|هست|هست	هستی|هستی|هست|هست|هست|هست|هست	هستی+م|هستی+م|هست+یم|هست+ی+م|هست+یم|هست+ی+م|هست+ی+م	N1+N|N1+V|V|V|N1+V|N1+Y+N|N1+Y+V
51	.	.	.	.	Si

0	دژپسند	دژپسند	دژپسند	دژپسند	N
1	درباره	درباره|درباره|دربار	درباره|درباره|دربار	درباره|درباره|دربار+ه	N1|Pr1|N1+O
2	برنامه‌های	برنامه	برنامه	برنامه+ها+ی	N1+Pl+Y
3	اصلی	اصلی|اصل	اصلی|اصل	اصلی|اصل+ی	A0|A0+Y
4	خود	خود|خود	خود|خود	خود|خود	N|N1
5	در	در|در|در|در|در	در|در|در|در|در	در|در|در|در|در	Pr|V|N1|N1|VPr
6	وزارت	وزارت	وزارت	وزارت	N1
7	امور	امر	امر	امر	N
8	اقتصادی	اقتصادی|اقتصاد	اقتصادی|اقتصاد	اقتصادی|اقتصاد+ی	A0|N1+Y
9	و	و|و|و	و|و|و	و|و|و	C0|Ab|Al
10	دارایی	دارایی|دارا	دارایی|دارا	دارایی|دارا+یی	N1|A0+O
11	گفت	گفت|گفت	گفت|گفت	گفت|گفت	V|N1
12	:	:	:	:	Si
13	طبیعی	طبیعی	طبیعی	طبیعی	A0
14	است	است|اس	است|اس	است|اس+ت	V|N1+N
15	که	که|که|که|که	که|که|که|که	که|که|که|که	C0|NA|N1|N1
16	در	در|در|در|در|در	در|در|در|در|در	در|در|در|در|در	Pr|V|N1|N1|VPr
17	این	این|این	این|این	این|این	A1|N6
18	شرایط	شرط	شرط	شرط	N
19	همه	همه|همه	همه|همه	همه|همه	N1|A2
20	انتظار	انتظار	انتظار	انتظار	N1
21	دارند	دار|دار|دار	دار|دار|دار	دار+ند|دار+ند|دار+ند	V|N1+V|V5+V
22	که	که|که|که|که	که|که|که|که	که|که|که|که	C0|NA|N1|N1
23	با	با	با	با	Pr
24	توجه	توجه	توجه	توجه	N1
25	به	به|به	به|به	به|به	Pr|N1
26	تحریم‌های	تحریم	تحریم	تحریم+ها+ی	N1+Pl+Y
27	دشمن	دشمن	دشمن	دشمن	A0
28	،	،	،	،	Si
29	ببینند	بین|بین	بین|بین	ب+بین+ند|ب+بین+ند	V|O+A0+V
30	ما	ما	ما	ما	N5
31	چه	چه|چه|چه	چه|چه|چه	چه|چه|چه	NA|C0|A0
32	برنامه‌ای	برنامه‌ای|برنامه	برنامه‌ای|برنامه	برنامه‌ای|برنامه+ای	A0|N1+O
33	را	را	را	را	Po
34	تدارک	تدارک	تدارک	تدارک	N1
35	دیدیم	دید|دید|دید	دید|دید|دید	دید+یم|دید+ی+م|دید+یم	V|V|N1+V
36	.	.	.	.	Si

0	وی	وی|وی	وی|وی	وی|وی	N5|Ab
1	افزود	افزود	افزود	افزود	V
2	:	:	:	:	Si
3	اولین	اولین|اول	اولین|اول	اولین|اول+ین	A0|A0+O
4	برنامه	برنامه	برنامه	برنامه	N1
5	مدنظر	مدنظر	مدنظر	مدنظر	N1
6	،	،	،	،	Si
7	تامین	تام	تام	تام+ین	A0+O
8	مالی	مالی|مال|مال	مالی|مال|مال	مالی|مال+ی|مال+ی	A0|V|N1+Y
9	اقتصادی	اقتصادی|اقتصاد	اقتصادی|اقتصاد	اقتصادی|اقتصاد+ی	A0|N1+Y
10	است	است|اس	است|اس	است|اس+ت	V|N1+N
11	.	.	.	.	Si

0	دومین	دوم	دوم	دوم+ین	A0+O
1	کار	کار|کار	کار|کار	کار|کار	N1|V
2	بهبود	بهبود	بهبود	بهبود	N1
3	فضای	فضا	فضا	فضا+ی	N1+Y
4	کسب	کسب	کسب	کسب	N1
5	و	و|و|و	و|و|و	و|و|و	C0|Ab|Al
6	کار	کار|کار	کار|کار	کار|کار	N1|V
7	اقتصادی	اقتصادی|اقتصاد	اقتصادی|اقتصاد	اقتصادی|اقتصاد+ی	A0|N1+Y
8	از	از	از	از	Pr
9	طریق	طریق|طریق	طریق|طریق	طریق|طریق	N1|N9
10	تسهیل	تسهیل	تسهیل	تسهیل	N1
11	شرایط	شرط	شرط	شرط	N
12	گمرکی	گمرکی|گمرک	گمرکی|گمرک	گمرکی|گمرک+ی	A0|N1+Y
13	است	است|اس	است|اس	است|اس+ت	V|N1+N
14	.	.	.	.	Si

0	سومین	سوم	سوم	سوم+ین	A0+O
1	کار	کار|کار	کار|کار	کار|کار	N1|V
2	این	این|این	این|این	این|این	A1|N6
3	است	است|اس	است|اس	است|اس+ت	V|N1+N
4	که	که|که|که|که	که|که|که|که	که|که|که|که	C0|NA|N1|N1
5	بتوانیم	بتوان|بتوان|توان|توان|توان|تو	بتوان|بتوان|توان|توان|توان|تو	بتوان+یم|بتوان+ی+م|ب+توان+یم|ب+توان+ی+م|ب+توان+یم|ب+تو+ان+یم	V|V|V|V|O+N1+V|O+N1+Pl+V
6	سیاست‌های	سیاست|سیاس	سیاست|سیاس	سیاست+ها+ی|سیاس+ها+ی	N1+Pl+Y|A0+Pl+Y
7	خصوصی‌سازی	خصوصی‌سازی	خصوصی‌سازی	خصوصی‌سازی	N1
8	را	را	را	را	Po
9	همان‌طور	همان‌طور	همان‌طور	همان‌طور	N
10	که	که|که|که|که	که|که|که|که	که|که|که|که	C0|NA|N1|N1
11	در	در|در|در|در|در	در|در|در|در|در	در|در|در|در|در	Pr|V|N1|N1|VPr
12	اصل	اصل	اصل	اصل	A0
13	۴۴	۴۴	۴۴	۴۴	No
14	آمده_است	آمده_اس	آمده_اس	آمده_اس	N
15	پیاده	پیاده	پیاده	پیاده	A0
16	کنیم	کن|کن|کن|کن|کن	کن|کن|کن|کن|کن	کن+یم|کن+یم|کن+ی+م|کن+ی+م|کن+یم	V|V|V|V|N2+V
17	و	و|و|و	و|و|و	و|و|و	C0|Ab|Al
18	در	در|در|در|در|در	در|در|در|در|در	در|در|در|در|در	Pr|V|N1|N1|VPr
19	نهایت	نهایت	نهایت	نهایت	N1
20	با	با	با	با	Pr
21	الکترونیکی	الکترونیکی|الکترونیک|الکترونی	الکترونیکی|الکترونیک|الکترونی	الکترونیکی|الکترونیک+ی|الکترونی+ک+ی	A0|N1+Y|A0+O+Y
22	کردن	کرد	کرد	کرد+ن	V2+Neg
23	و	و|و|و	و|و|و	و|و|و	C0|Ab|Al
24	ساماندهی	ساماندهی	ساماندهی	ساماندهی	N1
25	مشخص	مشخص	مشخص	مشخص	A0
26	،	،	،	،	Si
27	با	با	با	با	Pr
28	فساد	فساد	فساد	فساد	N1
29	مقابله	مقابله|مقابل	مقابله|مقابل	مقابله|مقابل+ه	N1|A0+O
30	کنیم	کن|کن|کن|کن|کن	کن|کن|کن|کن|کن	کن+یم|کن+یم|کن+ی+م|کن+ی+م|کن+یم	V|V|V|V|N2+V
31	چراکه	چراکه|چراکه|چرا|چرا	چراکه|چراکه|چرا|چرا	چراکه|چراکه|چرا+ک+ه|چرا+ک+ه	Ad|C1|N1+O+O|N1+O+O
32	فساد	فساد	فساد	فساد	N1
33	،	،	،	،	Si
34	اقتصاد	اقتصاد	اقتصاد	اقتصاد	N1
35	را	را	را	را	Po
36	زمین‌گیر	زمینگیر	زمینگیر	زمینگیر	A0
37	می‌کند	کن|کن|می|می	کن|کن|می|می	می+کن+د|می+کن+د|می+ک+ند|می+ک+ند	V|V|N1+O+V|N1+O+V
38	.	.	.	.	Si

0	امیدوارم	امیدوار|امیدوار|امید|امید	امیدوار|امیدوار|امید|امید	امیدوار+م|امیدوار+م|امید+وار+م|امید+وار+م	A0+N|A0+V|A0+O+N|A0+O+V
1	در	در|در|در|در|در	در|در|در|در|در	در|در|در|در|در	Pr|V|N1|N1|VPr
2	این	این|این	این|این	این|این	A1|N6
3	کارها	کار	کار	کار+ها	N1+Pl
4	با	با	با	با	Pr
5	همکاری	همکاری|همکار|کاری|کار|کار	همکاری|همکار|کاری|کار|کار	همکاری|همکار+ی|هم+کاری|هم+کار+ی|هم+کار+ی	N1|N1+Y|O+A0|O+N1+Y|O+V1+Y
6	دیگران	دیگران	دیگران	دیگران	N5
7	،	،	،	،	Si
8	گام	گام	گام	گام	N1
9	بلندی	بلندی|بلند|بلند|بلند|لند|بل|بل	بلندی|بلند|بلند|بلند|لند|بل|بل	بلندی|بلند+ی|بلند+ی|بلند+ی|ب+لند+ی|بل+ند+ی|بل+ند+ی	N1|A0+Y|N1+Y|N1+Y|O+N1+Y|N1+V+Y|N1+V+Y
10	برداریم	بردار|بردار|بردار|برد	بردار|بردار|بردار|برد	بردار+یم|بردار+ی+م|بردار+یم|برد+ار+یم	V|V|N1+V|O+O+V
11	.	.	.	.	Si

