0	فارسی	فارسی|فارس	فارسی|فارس	فارسی|فارس+ی	A0|N1+Y
1	را	را	را	را	Po
2	کمی	کمی|کمی|کم|کم	کمی|کمی|کم|کم	کمی|کمی|کم+ی|کم+ی	A2|A0|A0+Y|N1+Y
3	درست‌تر	درست	درست	درست+تر	A0+A
4	می‌نویسیم	نویس|نویس	نویس|نویس	می+نویس+یم|می+نویس+ی+م	V|V
5	.	.	.	.	Si

0	به	به|به	به|به	به|به	Pr|N1
1	گزارش	گزارش|گزارش|گزار	گزارش|گزارش|گزار	گزارش|گزارش|گزار+ش	N1|N9|V
2	ایسنا	ایسنا	ایسنا	ایسنا	N1
3	سمینار	سمینار	سمینار	سمینار	N1
4	شیمی	شیمی	شیمی	شیمی	N1
5	آلی	آلی|آلی|آل	آلی|آلی|آل	آلی|آلی|آل+ی	N1|A0|N1+Y
6	از	از	از	از	Pr
7	امروز	امروز	امروز	امروز	N1
8	۱۱	۱۱	۱۱	۱۱	No
9	شهریور	شهریور|شهر	شهریور|شهر	شهریور|شهر+ی+ور	N1|N1+Y+O
10	۱۳۹۶	۱۳۹۶	۱۳۹۶	۱۳۹۶	No
11	در	در|در|در|در|در	در|در|در|در|در	در|در|در|در|در	Pr|V|N1|N1|VPr
12	دانشگاه	دانشگاه|دانش|دان	دانشگاه|دانش|دان	دانشگاه|دانش+گاه|دان+ش+گاه	N1|N1+O|V1+O+O
13	علم¬وصنعت	علم¬وصنع	علم¬وصنع	علم¬وصنع	N
14	ایران	ایران	ایران	ایران	N2
15	آغاز	آغاز|آغاز	آغاز|آغاز	آغاز|آغاز	V|N1
16	به	به|به	به|به	به|به	Pr|N1
19	کار	کار|کار	کار|کار	کار|کار	N1|V
20	کرد	کرد|کرد	کرد|کرد	کرد|کرد	V|N1
20	.	.	.	.	Si

0	این	این|این	این|این	این|این	A1|N6
1	سمینار	سمینار	سمینار	سمینار	N1
2	تا	تا|تا|تا	تا|تا|تا	تا|تا|تا	Pr|C0|Ab
3	۱۳	۱۳	۱۳	۱۳	No
4	شهریور	شهریور|شهر	شهریور|شهر	شهریور|شهر+ی+ور	N1|N1+Y+O
5	ادامه	ادامه	ادامه	ادامه	N1
6	می‌یابد	یاب	یاب	می+یاب+د	V
7	.	.	.	.	Si

0	رئیس	رئیس	رئیس	رئیس	N1
1	سازمان	سازمان|ساز|ساز	سازمان|ساز|ساز	سازمان|ساز+مان|ساز+مان	N1|V|N1+N
2	 برنامه	برنامه	برنامه	برنامه	N1
3	و	و|و|و	و|و|و	و|و|و	C0|Ab|Al
4	بودجه	بودجه	بودجه	بودجه	N1
5	،	،	،	،	Si
6	برنامه	برنامه	برنامه	برنامه	N1
7	جامع	جامع	جامع	جامع	A0
8	دولت	دولت|دول|دول	دولت|دول|دول	دولت|دول+ت|دول+ت	N1|N1+N|N1+N
9	مشتمل	مشتمل	مشتمل	مشتمل	A0
10	بر	بر|بر|بر|بر|بر	بر|بر|بر|بر|بر	بر|بر|بر|بر|بر	Pr|V|V|VPr|N1
11	۱۲	۱۲	۱۲	۱۲	No
12	بسته	بسته|بست|بست|سته|ست	بسته|بست|بست|سته|ست	بسته|بست+ه|بست+ه|ب+سته|ب+ست+ه	A0|N1+O|O+O|O+N1|O+N1+O
13	برای	برای	برای	برای	Pr
14	خنثی‌سازی	خنثی‌سازی	خنثی‌سازی	خنثی‌سازی	N1
15	و	و|و|و	و|و|و	و|و|و	C0|Ab|Al
16	تقلیل	تقلیل	تقلیل	تقلیل	N1
17	تحریم‌های	تحریم	تحریم	تحریم+ها+ی	N1+Pl+Y
18	آمریکا	آمریکا	آمریکا	آمریکا	N2
19	را	را	را	را	Po
20	تشریح	تشریح	تشریح	تشریح	N1
21	کرد	کرد|کرد	کرد|کرد	کرد|کرد	V|N1
22	.	.	.	.	Si

0	خانه	خانه|خان	خانه|خان	خانه|خان+ه	N1|N1+O
1	ملت	ملت|مل|مل	ملت|مل|مل	ملت|مل+ت|مل+ت	N1|N1+N|N1+N
2	نوشت	نوشت|نوش|نوش	نوشت|نوش|نوش	نوشت|نوش+ت|نوش+ت	V|V|A0+N
3	:	:	:	:	Si

0	محمدباقر	محمدباقر	محمدباقر	محمدباقر	N3
1	نوبخت	نوبخت	نوبخت	نوبخت	N2
2	رئیس	رئیس	رئیس	رئیس	N1
3	سازمان	سازمان|ساز|ساز	سازمان|ساز|ساز	سازمان|ساز+مان|ساز+مان	N1|V|N1+N
4	برنامه	برنامه	برنامه	برنامه	N1
5	و	و|و|و	و|و|و	و|و|و	C0|Ab|Al
6	بودجه	بودجه	بودجه	بودجه	N1
7	در	در|در|در|در|در	در|در|در|در|در	در|در|در|در|در	Pr|V|N1|N1|VPr
8	نشست	نشست|نشست|شست	نشست|نشست|شست	نشست|نشست|ن+شست	V|N1|V
9	مشترک	مشترک	مشترک	مشترک	A0
10	رؤسای	رؤسا	رؤسا	رؤسا+ی	N1+Y
11	کمیسیون‌های	کمیسیون	کمیسیون	کمیسیون+ها+ی	N1+Pl+Y
12	تخصصی	تخصصی|تخصص	تخصصی|تخصص	تخصصی|تخصص+ی	A0|N1+Y
13	مجلس	مجلس	مجلس	مجلس	N1
14	با	با	با	با	Pr
15	بیان	بیان	بیان	بیان	N1
16	اینکه	اینکه	اینکه	اینکه	Ad
17	از	از	از	از	Pr
18	زمان	زمان|زم	زمان|زم	زمان|زم+ان	N1|N1+Pl
19	مشخص	مشخص	مشخص	مشخص	A0
20	شدن	شد	شد	شد+ن	V3+Neg
21	اعمال	اعمال|عمل	اعمال|عمل	اعمال|عمل	N1|N
22	تحریم‌های	تحریم	تحریم	تحریم+ها+ی	N1+Pl+Y
23	۹۰	۹۰	۹۰	۹۰	No
24	روزه	روزه|روز	روزه|روز	روزه|روز+ه	A0|N1+O
25	و	و|و|و	و|و|و	و|و|و	C0|Ab|Al
26	۱۸۰	۱۸۰	۱۸۰	۱۸۰	No
27	روزه	روزه|روز	روزه|روز	روزه|روز+ه	A0|N1+O
28	آمریکا	آمریکا	آمریکا	آمریکا	N2
29	علیه	علیه|علیه|علی	علیه|علیه|علی	علیه|علیه|علی+ه	N1|N9|A0+O
30	ایران	ایران	ایران	ایران	N2
31	سازمان	سازمان|ساز|ساز	سازمان|ساز|ساز	سازمان|ساز+مان|ساز+مان	N1|V|N1+N
32	برنامه	برنامه	برنامه	برنامه	N1
33	و	و|و|و	و|و|و	و|و|و	C0|Ab|Al
34	بودجه	بودجه	بودجه	بودجه	N1
35	به	به|به	به|به	به|به	Pr|N1
36	صورت	صورت|صورت|صور|صور	صورت|صورت|صور|صور	صورت|صورت|صور+ت|صور+ت	N1|N9|N1+N|N1+N
37	دقیق	دقیق	دقیق	دقیق	A0
38	حوزه‌های	حوزه	حوزه	حوزه+ها+ی	N1+Pl+Y
39	این	این|این	این|این	این|این	A1|N6
40	تحریم‌ها	تحریم|تحری|تحری	تحریم|تحری|تحری	تحریم+ها|تحری+م+ها|تحری+م+ها	N1+Pl|N1+N+Pl|N1+V
41	را	را	را	را	Po
42	مشخص	مشخص	مشخص	مشخص	A0
43	کرد	کرد|کرد	کرد|کرد	کرد|کرد	V|N1
44	،	،	،	،	Si
45	گفت	گفت|گفت	گفت|گفت	گفت|گفت	V|N1
46	:	:	:	:	Si

0	برای	برای	برای	برای	Pr
1	خنثی‌سازی	خنثی‌سازی	خنثی‌سازی	خنثی‌سازی	N1
2	و	و|و|و	و|و|و	و|و|و	C0|Ab|Al
3	به	به|به	به|به	به|به	Pr|N1
4	حداقل	حداقل	حداقل	حداقل	Ad
5	رسیدن	رسید|رس	رسید|رس	رسید+ن|رس+ید+ن	V2+Neg|V1+V+Neg
6	این	این|این	این|این	این|این	A1|N6
7	تحریم‌ها	تحریم|تحری|تحری	تحریم|تحری|تحری	تحریم+ها|تحری+م+ها|تحری+م+ها	N1+Pl|N1+N+Pl|N1+V
8	یک	یک	یک	یک	No
9	برنامه	برنامه	برنامه	برنامه	N1
10	جامع	جامع	جامع	جامع	A0
11	مشتمل	مشتمل	مشتمل	مشتمل	A0
12	بر	بر|بر|بر|بر|بر	بر|بر|بر|بر|بر	بر|بر|بر|بر|بر	Pr|V|V|VPr|N1
13	۱۲	۱۲	۱۲	۱۲	No
14	بسته	بسته|بست|بست|سته|ست	بسته|بست|بست|سته|ست	بسته|بست+ه|بست+ه|ب+سته|ب+ست+ه	A0|N1+O|O+O|O+N1|O+N1+O
15	در	در|در|در|در|در	در|در|در|در|در	در|در|در|در|در	Pr|V|N1|N1|VPr
16	سازمان	سازمان|ساز|ساز	سازمان|ساز|ساز	سازمان|ساز+مان|ساز+مان	N1|V|N1+N
17	طراحی	طراحی|طراح	طراحی|طراح	طراحی|طراح+ی	N1|N1+Y
18	و	و|و|و	و|و|و	و|و|و	C0|Ab|Al
19	مشخص	مشخص	مشخص	مشخص	A0
20	شد	شد	شد	شد	V
21	که	که|که|که|که	که|که|که|که	که|که|که|که	C0|NA|N1|N1
22	هر	هر	هر	هر	A1
23	یک	یک	یک	یک	No
24	از	از	از	از	Pr
25	دستگاه‌های	دستگاه|دست	دستگاه|دست	دستگاه+ها+ی|دست+گاه+ها+ی	N1+Pl+Y|N1+O+Pl+Y
26	موجود	موجود	موجود	موجود	A0
27	در	در|در|در|در|در	در|در|در|در|در	در|در|در|در|در	Pr|V|N1|N1|VPr
28	وزارتخانه‌ها	وزارتخانه|وزارت	وزارتخانه|وزارت	وزارتخانه+ها|وزارت+خانه+ها	N1+Pl|N1+Pl+Pl
29	با	با	با	با	Pr
30	اعمال	اعمال|عمل	اعمال|عمل	اعمال|عمل	N1|N
31	تحریم‌های	تحریم	تحریم	تحریم+ها+ی	N1+Pl+Y
32	۹۰	۹۰	۹۰	۹۰	No
33	روزه	روزه|روز	روزه|روز	روزه|روز+ه	A0|N1+O
34	و	و|و|و	و|و|و	و|و|و	C0|Ab|Al
35	۱۸۰	۱۸۰	۱۸۰	۱۸۰	No
36	روزه	روزه|روز	روزه|روز	روزه|روز+ه	A0|N1+O
37	چه	چه|چه|چه	چه|چه|چه	چه|چه|چه	NA|C0|A0
38	آسیب‌هایی	آسیب	آسیب	آسیب+ها+یی	N1+Pl+O
39	می‌بینند	بین	بین	می+بین+ند	V
40	و	و|و|و	و|و|و	و|و|و	C0|Ab|Al
41	در	در|در|در|در|در	در|در|در|در|در	در|در|در|در|در	Pr|V|N1|N1|VPr
42	کوتاه‌مدت	کوتاه‌مدت	کوتاه‌مدت	کوتاه‌مدت	A0
43	،	،	،	،	Si
44	میان‌مدت	میان‌مدت	میان‌مدت	میان‌مدت	A0
45	و	و|و|و	و|و|و	و|و|و	C0|Ab|Al
46	بلندمدت	بلندمدت	بلندمدت	بلندمدت	A0
47	باید	باید	باید	باید	V4
48	چه	چه|چه|چه	چه|چه|چه	چه|چه|چه	NA|C0|A0
49	برنامه‌هایی	برنامه	برنامه	برنامه+ها+یی	N1+Pl+O
50	اعمال	اعمال|عمل	اعمال|عمل	اعمال|عمل	N1|N
51	شود	شو|شو	شو|شو	شو+د|شو+د	V|V
52	که	که|که|که|که	که|که|که|که	که|که|که|که	C0|NA|N1|N1
53	تکلیف	تکلیف	تکلیف	تکلیف	N1
54	وزارت	وزارت	وزارت	وزارت	N1
55	خانه‌ها	خانه|خان	خانه|خان	خانه+ها|خان+ه+ها	N1+Pl|N1+O+Pl
56	در	در|در|در|در|در	در|در|در|در|در	در|در|در|در|در	Pr|V|N1|N1|VPr
57	این	این|این	این|این	این|این	A1|N6
58	حوزه	حوزه	حوزه	حوزه	N1
59	مشخص	مشخص	مشخص	مشخص	A0
60	شد	شد	شد	شد	V
61	.	.	.	.	Si

0	جوانی	جوانی|جوان	جوانی|جوان	جوانی|جوان+ی	N1|A0+Y
1	از	از	از	از	Pr
2	یک	یک	یک	یک	No
3	خانواده	خانواده	خانواده	خانواده	N1
4	فقیر	فقیر	فقیر	فقیر	A0
5	(	(	(	(	Si
6	فرخ	فرخ	فرخ	فرخ	A0
7	)	)	)	)	Si
8	دل‌باخته	دل‌باخته	دل‌باخته	دل‌باخته	A0
9	دختر	دختر	دختر	دختر	N1
10	عمه‌اش	عمه|عم	عمه|عم	عمه+اش|عم+ه+اش	N1+N|N1+O+N
11	(	(	(	(	Si
12	مهین	مهین	مهین	مهین	N3
13	)	)	)	)	Si
14	از	از	از	از	Pr
15	خانواده‌ای	خانواده	خانواده	خانواده+ای	N1+O
16	اشرافی	اشرافی|اشراف|اشراف	اشرافی|اشراف|اشراف	اشرافی|اشراف+ی|اشراف+ی	A0|N1+Y|N1+Y
17	و	و|و|و	و|و|و	و|و|و	C0|Ab|Al
18	متعین	متعین	متعین	متعین	A0
19	است	است|اس	است|اس	است|اس+ت	V|N1+N
20	.	.	.	.	Si

0	پدر	پدر	پدر	پدر	N1
1	مهین	مهین	مهین	مهین	N3
2	به	به|به	به|به	به|به	Pr|N1
3	سودای	سودا	سودا	سودا+ی	N1+Y
4	مال	مال|مال	مال|مال	مال|مال	V|N1
5	و	و|و|و	و|و|و	و|و|و	C0|Ab|Al
6	مقام	مقام	مقام	مقام	N1
7	درصدد	درصدد	درصدد	درصدد	Pr1
8	است	است|اس	است|اس	است|اس+ت	V|N1+N
9	دختر	دختر	دختر	دختر	N1
10	را	را	را	را	Po
11	به	به|به	به|به	به|به	Pr|N1
12	خواستگار	خواستگار|خواست|خواست	خواستگار|خواست|خواست	خواستگار|خواست+گار|خواست+گار	N1|V2+O|N1+O
13	ثروتمند	ثروتمند|ثروت	ثروتمند|ثروت	ثروتمند|ثروت+مند	A0|N1+O
14	(	(	(	(	Si
15	سیاوش¬میرزا	سیاوش¬میرزا	سیاوش¬میرزا	سیاوش¬میرزا	N
16	)	)	)	)	Si
17	بدهد	ده	ده	ب+ده+د	V
18	.	.	.	.	Si

0	با	با	با	با	Pr
1	طرح	طرح	طرح	طرح	N1
2	توطئه‌ای	توطئه	توطئه	توطئه+ای	N1+O
3	فرخ	فرخ	فرخ	فرخ	A0
4	را	را	را	را	Po
5	دستگیر	دستگیر	دستگیر	دستگیر	N1
6	کرده	کرد|کرد	کرد|کرد	کرد+ه|کرد+ه	O+O|N1+O
7	و	و|و|و	و|و|و	و|و|و	C0|Ab|Al
8	به	به|به	به|به	به|به	Pr|N1
9	تبعید	تبعید|تبع	تبعید|تبع	تبعید|تبع+ید	N1|N1+V
10	می‌فرستند	فرست	فرست	می+فرست+ند	V
11	.	.	.	.	Si

0	فرخ	فرخ	فرخ	فرخ	A0
1	که	که|که|که|که	که|که|که|که	که|که|که|که	C0|NA|N1|N1
2	در	در|در|در|در|در	در|در|در|در|در	در|در|در|در|در	Pr|V|N1|N1|VPr
3	این	این|این	این|این	این|این	A1|N6
4	دستگاه	دستگاه|دست	دستگاه|دست	دستگاه|دست+گاه	N1|N1+O
5	سمت	سمت|سمت|سم|سم	سمت|سمت|سم|سم	سمت|سمت|سم+ت|سم+ت	N1|N1|N1+N|N1+N
6	مهمی	مهمی|مهم	مهمی|مهم	مهمی|مهم+ی	N1|A0+Y
7	دارد	دار|دار	دار|دار	دار+د|دار+د	V|V5+O
8	،	،	،	،	Si
9	ظاهراً	ظاهراً	ظاهراً	ظاهراً	Ad
10	به	به|به	به|به	به|به	Pr|N1
11	آرمان	آرمان|آر	آرمان|آر	آرمان|آر+مان	N1|N1+N
12	خود	خود|خود	خود|خود	خود|خود	N|N1
13	برای	برای	برای	برای	Pr
14	مبارزه	مبارزه|مبارز	مبارزه|مبارز	مبارزه|مبارز+ه	N1|A0+O
15	با	با	با	با	Pr
16	فساد	فساد	فساد	فساد	N1
17	نائل	نائل	نائل	نائل	N1
18	شده¬است	شد	شد	شد+ه+است	V
19	.	.	.	.	Si

0	وی	وی|وی	وی|وی	وی|وی	N5|Ab
1	با	با	با	با	Pr
2	بیان	بیان	بیان	بیان	N1
3	اینکه	اینکه	اینکه	اینکه	Ad
4	نقدینگی	نقدینگی|نقدینه|نقد	نقدینگی|نقدینه|نقد	نقدینگی|نقدینه+گی|نقد+ینه+گی	N1|N1+O|A0+O+O
5	قابل	قابل	قابل	قابل	A0
6	ملاحظه‌ای	ملاحظه	ملاحظه	ملاحظه+ای	N1+O
7	در	در|در|در|در|در	در|در|در|در|در	در|در|در|در|در	Pr|V|N1|N1|VPr
8	کشور	کشور|کش|کش	کشور|کش|کش	کشور|کش+ور|کش+ور	N1|V1+O|V1+O
9	وجود	وجود|وجود	وجود|وجود	وجود|وجود	N1|N9
10	دارد	دار|دار	دار|دار	دار+د|دار+د	V|V5+O
11	که	که|که|که|که	که|که|که|که	که|که|که|که	C0|NA|N1|N1
12	مهار	مهار	مهار	مهار	N1
13	نقدینگی	نقدینگی|نقدینه|نقد	نقدینگی|نقدینه|نقد	نقدینگی|نقدینه+گی|نقد+ینه+گی	N1|N1+O|A0+O+O
14	و	و|و|و	و|و|و	و|و|و	C0|Ab|Al
15	هدایت	هدایت	هدایت	هدایت	N1
16	آن	آن|آن	آن|آن	آن|آن	A1|N6
17	یکی	یکی	یکی	یکی	A2
18	از	از	از	از	Pr
19	بسته‌های	بسته|بست|بست|سته|ست	بسته|بست|بست|سته|ست	بسته+ها+ی|بست+ه+ها+ی|بست+ه+ها+ی|ب+سته+ها+ی|ب+ست+ه+ها+ی	A0+Pl+Y|N1+O+Pl+Y|O+O+Pl+Y|O+N1+Pl+Y|O+N1+O+Pl+Y
20	دولت	دولت|دول|دول	دولت|دول|دول	دولت|دول+ت|دول+ت	N1|N1+N|N1+N
21	در	در|در|در|در|در	در|در|در|در|در	در|در|در|در|در	Pr|V|N1|N1|VPr
22	نظر	نظر|نظر	نظر|نظر	نظر|نظر	N1|N9
23	گرفته¬شد	گرفت	گرفت	گرفت+ه+شد	V
24	،	،	،	،	Si
25	افزود	افزود	افزود	افزود	V
26	:	:	:	:	Si

0	۷۶	۷۶	۷۶	۷۶	No
1	هزار	هزار|هزار	هزار|هزار	هزار|هزار	No|N1
2	پروژه	پروژه	پروژه	پروژه	N1
3	ناتمام	ناتمام|تمام	ناتمام|تمام	ناتمام|نا+تمام	A0|Neg+A0
4	در	در|در|در|در|در	در|در|در|در|در	در|در|در|در|در	Pr|V|N1|N1|VPr
5	کشور	کشور|کش|کش	کشور|کش|کش	کشور|کش+ور|کش+ور	N1|V1+O|V1+O
6	وجود	وجود|وجود	وجود|وجود	وجود|وجود	N1|N9
7	دارد	دار|دار	دار|دار	دار+د|دار+د	V|V5+O
8	که	که|که|که|که	که|که|که|که	که|که|که|که	C0|NA|N1|N1
9	دربسته	دربسته|دربست	دربسته|دربست	دربسته|دربست+ه	A0|A0+O
10	دیگری	دیگری	دیگری	دیگری	A2
11	در	در|در|در|در|در	در|در|در|در|در	در|در|در|در|در	Pr|V|N1|N1|VPr
12	کشور	کشور|کش|کش	کشور|کش|کش	کشور|کش+ور|کش+ور	N1|V1+O|V1+O
13	مشخص	مشخص	مشخص	مشخص	A0
14	شد	شد	شد	شد	V
15	که	که|که|که|که	که|که|که|که	که|که|که|که	C0|NA|N1|N1
16	چه	چه|چه|چه	چه|چه|چه	چه|چه|چه	NA|C0|A0
17	راهکارهایی	راهکار	راهکار	راهکار+ها+یی	N1+Pl+O
18	برای	برای	برای	برای	Pr
19	اتمام	اتمام	اتمام	اتمام	N1
20	پروژه‌های	پروژه	پروژه	پروژه+ها+ی	N1+Pl+Y
21	مهم	مهم|مه|مه|مه|مه	مهم|مه|مه|مه|مه	مهم|مه+م|مه+م|مه+م|مه+م	A0|N1+N|N1+V|N1+N|N1+V
22	باید	باید	باید	باید	V4
23	اتخاذ	اتخاذ	اتخاذ	اتخاذ	N1
24	شود	شو|شو	شو|شو	شو+د|شو+د	V|V
25	و	و|و|و	و|و|و	و|و|و	C0|Ab|Al
26	مدلی	مدل	مدل	مدل+ی	N1+Y
27	در	در|در|در|در|در	در|در|در|در|در	در|در|در|در|در	Pr|V|N1|N1|VPr
28	قالب	قالب	قالب	قالب	N1
29	مشارکت	مشارکت	مشارکت	مشارکت	N1
30	عمومی	عمومی|عموم	عمومی|عموم	عمومی|عموم+ی	A0|N1+Y
31	خصوصی	خصوصی|خصوص	خصوصی|خصوص	خصوصی|خصوص+ی	A0|N1+Y
32	و	و|و|و	و|و|و	و|و|و	C0|Ab|Al
33	در	در|در|در|در|در	در|در|در|در|در	در|در|در|در|در	Pr|V|N1|N1|VPr
34	یک	یک	یک	یک	No
35	بسته	بسته|بست|بست|سته|ست	بسته|بست|بست|سته|ست	بسته|بست+ه|بست+ه|ب+سته|ب+ست+ه	A0|N1+O|O+O|O+N1|O+N1+O
36	تهیه	تهیه|تهی	تهیه|تهی	تهیه|تهی+ه	N1|A0+O
37	شد	شد	شد	شد	V
38	.	.	.	.	Si

0	گاهی	گاهی|گاه	گاهی|گاه	گاهی|گاه+ی	Ad|Ad+Y
1	رویدادهایی	رویداد	رویداد	رویداد+ها+یی	N1+Pl+O
2	موجب	موجب	موجب	موجب	N1
3	می‌شود	شو|شو	شو|شو	می+شو+د|می+شو+د	V|V
4	شما	شما|شما	شما|شما	شما|شما	N5|N1
5	منطق	منطق	منطق	منطق	N1
6	خود	خود|خود	خود|خود	خود|خود	N|N1
7	را	را	را	را	Po
8	ازدست	ازدست	ازدست	ازدست	Pr1
9	بدهید	ده|بد|ده	ده|بد|ده	ب+ده+ید|بد+ه+ید|ب+ده+ید	V|A0+O+V|O+N1+V
10	وگرنه	وگرنه	وگرنه	وگرنه	Ad

0	دلیل	دلیل	دلیل	دلیل	N1
1	برای	برای	برای	برای	Pr
2	ازدست	ازدست	ازدست	ازدست	Pr1
3	دادن	داد	داد	داد+ن	V2+Neg
4	آن	آن|آن	آن|آن	آن|آن	A1|N6
5	ندارید	ندار|دار|دار	ندار|دار|دار	ندار+ید|ن+دار+ید|ن+دار+ید	A0+V|V|Neg+V5+V
6	.	.	.	.	Si

0	«	«	«	«	Si
1	چنآنچه	چنآنچه	چنآنچه	چنآنچه	N
2	واکنش	واکنش	واکنش	واکنش	N1
3	نابهنجار	نابهنجار|هنجار	نابهنجار|هنجار	نابهنجار|ب+نا+هنجار	A0|Neg+O+N1
4	دربرابر	دربرابر	دربرابر	دربرابر	Pr1
5	موقعیت	موقعیت|موقع	موقعیت|موقع	موقعیت|موقع+یت	N1|N1+O
6	نابهنجار	نابهنجار|هنجار	نابهنجار|هنجار	نابهنجار|ب+نا+هنجار	A0|Neg+O+N1
7	،	،	،	،	Si
8	رفتار	رفتار|رفت|رفت	رفتار|رفت|رفت	رفتار|رفت+ار|رفت+ار	N1|O+O|O+O
9	طبیعی	طبیعی	طبیعی	طبیعی	A0
10	به¬شمار	شمار	شمار	به+شمار	O+N1
11	می‌رود	رو|رو	رو|رو	می+رو+د|می+رو+د	V|V
12	.	.	.	.	Si

0	ما	ما	ما	ما	N5
1	روانپزشکان	روانپزشک	روانپزشک	روانپزشک	N
2	حتی	حتی	حتی	حتی	Ad
3	انتظار	انتظار	انتظار	انتظار	N1
4	این	این|این	این|این	این|این	A1|N6
5	را	را	را	را	Po
6	داریم	دار|دار|دار	دار|دار|دار	دار+یم|دار+ی+م|دار+یم	V|V|N1+V
7	که	که|که|که|که	که|که|که|که	که|که|که|که	C0|NA|N1|N1
8	واکنش‌های	واکنش	واکنش	واکنش+ها+ی	N1+Pl+Y
9	یک	یک	یک	یک	No
10	فرد	فرد	فرد	فرد	N1
11	دربرابر	دربرابر	دربرابر	دربرابر	Pr1
12	یک	یک	یک	یک	No
13	امر	امر	امر	امر	N1
14	نابهنجار	نابهنجار|هنجار	نابهنجار|هنجار	نابهنجار|ب+نا+هنجار	A0|Neg+O+N1
15	،	،	،	،	Si
16	ازقبیل	ازقبیل	ازقبیل	ازقبیل	Pr1
17	فرستادن	فرستاد	فرستاد	فرستاد+ن	V2+Neg
18	به	به|به	به|به	به|به	Pr|N1
19	تیمارستان	تیمارستان|تیمار	تیمارستان|تیمار	تیمارستان|تیمار+ستان	N1|N1+Pl
20	،	،	،	،	Si
21	به	به|به	به|به	به|به	Pr|N1
22	نسبت	نسبت|نسبت|نسب	نسبت|نسبت|نسب	نسبت|نسبت|نسب+ت	N1|N9|N1+N
23	درجه	درجه|درج	درجه|درج	درجه|درج+ه	N1|N1+O
24	بهنجار	بهنجار|هنجار	بهنجار|هنجار	بهنجار|ب+هنجار	A0|O+N1
25	بودن	بود|بود|بو	بود|بود|بو	بود+ن|بود+ن|بو+د+ن	V2+Neg|V3+Neg|V1+O+Neg
26	او	او|او	او|او	او|او	N5|Ab
27	نابهنجار	نابهنجار|هنجار	نابهنجار|هنجار	نابهنجار|ب+نا+هنجار	A0|Neg+O+N1
28	باشد	باش|اشد	باش|اشد	باش+د|ب+اشد	V|O+A0
29	.	.	.	.	Si

0	واکنش	واکنش	واکنش	واکنش	N1
1	فردی	فردی|فرد	فردی|فرد	فردی|فرد+ی	A0|N1+Y
2	که	که|که|که|که	که|که|که|که	که|که|که|که	C0|NA|N1|N1
3	به	به|به	به|به	به|به	Pr|N1
4	اردوگاه	اردوگاه|اردو	اردوگاه|اردو	اردوگاه|اردو+گاه	N1|N1+O
5	کار	کار|کار	کار|کار	کار|کار	N1|V
6	اجباری	اجباری|اجبار|اج	اجباری|اجبار|اج	اجباری|اجبار+ی|اج+بار+ی	A0|N1+Y|N1+O+Y
7	وارد	وارد	وارد	وارد	N1
8	شده¬است	شد	شد	شد+ه+است	V
9	نیز	نیز|آز	نیز|آز	نیز|نی+آز	Ad|V
10	وضع	وضع	وضع	وضع	N1
11	نابهنجار	نابهنجار|هنجار	نابهنجار|هنجار	نابهنجار|ب+نا+هنجار	A0|Neg+O+N1
12	ذهنی	ذهنی|ذهن	ذهنی|ذهن	ذهنی|ذهن+ی	A0|N1+Y
13	او	او|او	او|او	او|او	N5|Ab
14	را	را	را	را	Po
15	نشان	نشان|نشان	نشان|نشان	نشان|نشان	V|N1
16	می‌دهد	ده	ده	می+ده+د	V
17	.	.	.	.	Si

0	صبح	صبح	صبح	صبح	N1
1	زود	زود	زود	زود	A0
2	،	،	،	،	Si
3	وقتی‌که	وقتی‌که	وقتی‌که	وقتی‌که	C1
4	هوا	هوا	هوا	هوا	N1
5	هنوز	هنوز	هنوز	هنوز	Ad
6	گرگ‌ومیش	گرگ‌ومیش	گرگ‌ومیش	گرگ‌ومیش	N1
7	بود	بود|بود|بود|بو	بود|بود|بود|بو	بود|بود|بود|بو+د	V|N1|V|V
8	زندانی	زندانی|زندان|زن	زندانی|زندان|زن	زندانی|زندان+ی|زن+دان+ی	A0|N1+Y|N1+Pl+Y
9	با	با	با	با	Pr
10	گروهش	گروه	گروه	گروه+ش	N1+N
11	جلوی	جلو	جلو	جلو+ی	A0+Y
12	در	در|در|در|در|در	در|در|در|در|در	در|در|در|در|در	Pr|V|N1|N1|VPr
13	‌می‌ایستاد	ایستاد	ایستاد	می+ایستاد	V
14	و	و|و|و	و|و|و	و|و|و	C0|Ab|Al
15	آماده	آماده|آماد	آماده|آماد	آماده|آماد+ه	A0|N1+O
16	کار	کار|کار	کار|کار	کار|کار	N1|V
17	بود	بود|بود|بود|بو	بود|بود|بود|بو	بود|بود|بود|بو+د	V|N1|V|V
18	.	.	.	.	Si

0	با	با	با	با	Pr
1	شنیدن	شنید	شنید	شنید+ن	V2+Neg
2	صدای	صدا	صدا	صدا+ی	N1+Y
3	فریادی	فریاد	فریاد	فریاد+ی	N1+Y
4	،	،	،	،	Si
5	می‌دید	دید	دید	می+دید	V
6	که	که|که|که|که	که|که|که|که	که|که|که|که	C0|NA|N1|N1
7	چگونه	چگونه	چگونه	چگونه	Ad
8	رفیقی	رفیقی|رفیق	رفیقی|رفیق	رفیقی|رفیق+ی	A0|N1+Y
9	را	را	را	را	Po
10	نقش	نقش|نق	نقش|نق	نقش|نق+ش	N1|N1+N
11	زمین	زمین|زم	زمین|زم	زمین|زم+ین	N1|N1+O
12	می‌کنند	کن|کن	کن|کن	می+کن+ند|می+کن+ند	V|V
13	و	و|و|و	و|و|و	و|و|و	C0|Ab|Al
14	دیگربار	دیگربار	دیگربار	دیگربار	Ad
15	او	او|او	او|او	او|او	N5|Ab
16	را	را	را	را	Po
17	می‌ایستانند	ایستان|ایست	ایستان|ایست	می+ایستان+ند|می+ایست+ان+ند	V|O+V1+Pl+V
18	و	و|و|و	و|و|و	و|و|و	C0|Ab|Al
19	باز	باز|باز|باز|باز|باز	باز|باز|باز|باز|باز	باز|باز|باز|باز|باز	V|A0|VPr|N1|Ad
20	هم	هم|هم|هم	هم|هم|هم	هم|هم|هم	Ad|C0|N
21	اینکار	اینکار	اینکار	اینکار	N
22	تکرار	تکرار	تکرار	تکرار	N1
23	می‌شود	شو|شو	شو|شو	می+شو+د|می+شو+د	V|V
24	،	،	،	،	Si
25	چرا	چرا|چرا|چرا	چرا|چرا|چرا	چرا|چرا|چرا	NA|N1|N1
26	چنین	چنین	چنین	چنین	A2
27	می‌کردند	کرد	کرد	می+کرد+ند	V
28	؟	؟	؟	؟	Si

0	برای	برای	برای	برای	Pr
1	اینکه	اینکه	اینکه	اینکه	Ad
2	تب	تب	تب	تب	N1
3	داشت	داشت|داشت|داشت|داش	داشت|داشت|داشت|داش	داشت|داشت|داشت|داش+ت	V|V5|N1|N1+N
4	و	و|و|و	و|و|و	و|و|و	C0|Ab|Al
5	بی‌موقع	بی‌موقع|موقع	بی‌موقع|موقع	بی‌موقع|بی+موقع	A0|O+N1
6	به	به|به	به|به	به|به	Pr|N1
7	درمانگاه	درمانگاه|درمان|درمان	درمانگاه|درمان|درمان	درمانگاه|درمان+گاه|درمان+گاه	N1|V1+O|N1+O
8	رفته¬بود	رفت|رفت	رفت|رفت	رفت+ه+بود|رفت+ه+بود	V|V
9	و	و|و|و	و|و|و	و|و|و	C0|Ab|Al
10	به	به|به	به|به	به|به	Pr|N1
11	خاطر	خاطر|خاطر	خاطر|خاطر	خاطر|خاطر	N1|N9
12	همین‌که	همین‌که	همین‌که	همین‌که	C1
13	می¬خواست	خواست|خواست	خواست|خواست	می+خواست|می+خواست	V|O+V5
14	از	از	از	از	Pr
15	وظایف	وظایف	وظایف	وظایف	N1
15	روزانه‌اش	روزانه|روز	روزانه|روز	روزانه+اش|روز+انه+اش	A0+N|N1+Pl+N
17	رها	رها|رها	رها|رها	رها|رها	V|A0
18	شود	شو|شو	شو|شو	شو+د|شو+د	V|V
19	تنبیه	تنبیه|تنبی	تنبیه|تنبی	تنبیه|تنبی+ه	N1|N1+O
20	می‌شد	شد	شد	می+شد	V
21	.	.	.	.	Si

0	اینبار	اینبار	اینبار	اینبار	N
1	نتونستم	نتونس	نتونس	نتونس	N
2	جلوی	جلو	جلو	جلو+ی	A0+Y
3	خندم	خند	خند	خند+م	V
4	رو	رو|رو|رو|رو	رو|رو|رو|رو	رو|رو|رو|رو	N1|V|V|N9
5	بگیرم	بگیر|بگیر|گیر|گیر|گیر	بگیر|بگیر|گیر|گیر|گیر	بگیر+م|بگیر+م|ب+گیر+م|ب+گیر+م|ب+گیر+م	A0+N|A0+V|V|O+A0+N|O+A0+V
6	یه	یه	یه	یه	N1
7	دونه	دون	دون	دون+ه	A0+O
8	با	با	با	با	Pr
9	مشت	مشت|مش|مش	مشت|مش|مش	مشت|مش+ت|مش+ت	N1|N1+N|N1+N
10	ناخودآگاه	ناخودآگاه|خودآگاه	ناخودآگاه|خودآگاه	ناخودآگاه|نا+خودآگاه	A0|Neg+A0
11	زدم	زد|زد|زد	زد|زد|زد	زد+م|زد+م|زد+م	V|N1+N|N1+V
12	به	به|به	به|به	به|به	Pr|N1
13	بازوش	بازو|زو	بازو|زو	بازو+ش|با+زو+ش	N1+N|O+N1+N
14	که	که|که|که|که	که|که|که|که	که|که|که|که	C0|NA|N1|N1
15	با	با	با	با	Pr
16	یه	یه	یه	یه	N1
17	لبخند	لبخند	لبخند	لبخند	N1
18	مرموذی	مرموذ	مرموذ	مرموذ	N
19	نگام	نگا	نگا	نگا	N
20	کرد	کرد|کرد	کرد|کرد	کرد|کرد	V|N1
21	.	.	.	.	Si

0	پایه‌ی	پایه|پای	پایه|پای	پایه+ی|پای+ه+ی	N1+Y|N1+O+Y
1	یه	یه	یه	یه	N1
2	دور	دور|دور	دور|دور	دور|دور	A0|N1
3	دور	دور|دور	دور|دور	دور|دور	A0|N1
4	هستی	هستی|هست|هست	هستی|هست|هست	هستی|هست+ی|هست+ی	N1|V|N1+Y
5	؟	؟	؟	؟	Si

0	؟	؟	؟	؟	Si

0	؟	؟	؟	؟	Si

0	!	!	!	!	Si

0	!	!	!	!	Si

0	!	!	!	!	Si

0	خندیدم	خندید|خند	خندید|خند	خندید+م|خند+ید+م	V|V
1	و	و|و|و	و|و|و	و|و|و	C0|Ab|Al
2	سرمو	سرمو	سرمو	سرمو	N
3	با	با	با	با	Pr
3	ذوق	ذوق	ذوق	ذوق	N1
5	تکون	تک	تک	تک+ون	A0+Pl
5	دادم	داد|داد|داد	داد|داد|داد	داد+م|داد+م|داد+م	V|N1+N|N1+V
7	و	و|و|و	و|و|و	و|و|و	C0|Ab|Al
8	پریدم	پرید|پر	پرید|پر	پرید+م|پر+ید+م	V|V
9	بالا	بالا	بالا	بالا	A0
10	و	و|و|و	و|و|و	و|و|و	C0|Ab|Al
11	شروع	شروع	شروع	شروع	N1
12	کردم	کرد|کرد|کرد	کرد|کرد|کرد	کرد+م|کرد+م|کرد+م	V|N1+N|N1+V
12	روندن	روندن	روندن	روندن	N
14	.	.	.	.	Si
15	.	.	.	.	Si
16	.	.	.	.	Si
17	راهنماییم	راهنمایی|راهنمایی|راهنما|راهنما|راه|راه	راهنمایی|راهنمایی|راهنما|راهنما|راه|راه	راهنمایی+م|راهنمایی+م|راهنما+یی+م|راهنما+یی+م|راه+نما+یی+م|راه+نما+یی+م	N1+N|N1+V|N1+O+N|N1+O+V|N1+O+O+N|N1+O+O+V
18	کرد	کرد|کرد	کرد|کرد	کرد|کرد	V|N1
19	تا	تا|تا|تا	تا|تا|تا	تا|تا|تا	Pr|C0|Ab
20	رفتیم	رفت|رفت|رفت|رفت	رفت|رفت|رفت|رفت	رفت+یم|رفت+ی+م|رفت+یم|رفت+ی+م	V|V|V|V
21	سمت	سمت|سمت|سم|سم	سمت|سمت|سم|سم	سمت|سمت|سم+ت|سم+ت	N1|N1|N1+N|N1+N
22	سعادت‌آباد	سعادت‌آباد	سعادت‌آباد	سعادت‌آباد	N2
23	و	و|و|و	و|و|و	و|و|و	C0|Ab|Al
24	کنار	کنار|کنار	کنار|کنار	کنار|کنار	N1|N1
25	آبمیوه‌فروشی	آبمیوه‌فروشی	آبمیوه‌فروشی	آبمیوه‌فروشی	N1
26	ایستادیم	ایستاد|ایستاد	ایستاد|ایستاد	ایستاد+یم|ایستاد+ی+م	V|V
27	.	.	.	.	Si

0	شب	شب	شب	شب	N1
1	بود	بود|بود|بود|بو	بود|بود|بود|بو	بود|بود|بود|بو+د	V|N1|V|V
2	ستارگان	ستاره	ستاره	ستاره+گان	N1+Pl
3	در	در|در|در|در|در	در|در|در|در|در	در|در|در|در|در	Pr|V|N1|N1|VPr
4	آسمان	آسمان|آس	آسمان|آس	آسمان|آس+مان	N1|N1+N
5	می	می|می	می|می	می|می	N1|N1
6	خشنیدند	خشنیدند	خشنیدند	خشنیدند	N
7	،	،	،	،	Si
8	از	از	از	از	Pr
9	کاربر	کاربر|کاربر|کار	کاربر|کاربر|کار	کاربر|کاربر|کار+بر	A0|A0|N1+O
10	برمی‌گشتم	برگشت	برگشت	می+برگشت+م	V
11	که	که|که|که|که	که|که|که|که	که|که|که|که	C0|NA|N1|N1
12	برای	برای	برای	برای	Pr
13	خانه	خانه|خان	خانه|خان	خانه|خان+ه	N1|N1+O
14	نان	نان	نان	نان	N1
15	و	و|و|و	و|و|و	و|و|و	C0|Ab|Al
16	نار	نار	نار	نار	N1
17	خرید	خرید|خرید|خر|خر|خر	خرید|خرید|خر|خر|خر	خرید|خرید|خر+ید|خر+ید|خر+ید	V|N1|V|N1+V|N1+V
18	کردم	کرد|کرد|کرد	کرد|کرد|کرد	کرد+م|کرد+م|کرد+م	V|N1+N|N1+V
19	.	.	.	.	Si

0	ساعت	ساعت	ساعت	ساعت	N1
1	13:2	13:2	13:2	13:2	O
2	ب.ظ	ب.ظ	ب.ظ	ب.ظ	O
3	هر	هر	هر	هر	A1
4	جایی	جایی|جا	جایی|جا	جایی|جا+یی	N1|N1+O
5	را	را	را	را	Po
6	گشتم	گشت|گشت|گشت|گشت	گشت|گشت|گشت|گشت	گشت+م|گشت+م|گشت+م|گشت+م	V|V|N1+N|N1+V
7	نبود	نبود|بود|بود|بو	نبود|بود|بود|بو	نبود|ن+بود|ن+بود|ن+بو+د	N1|V|V|V
8	و	و|و|و	و|و|و	و|و|و	C0|Ab|Al
9	دربه‌در	دربه‌در	دربه‌در	دربه‌در	A0
10	دنبال	دنبال|دنبال	دنبال|دنبال	دنبال|دنبال	N1|N9
11	آن	آن|آن	آن|آن	آن|آن	A1|N6
12	بودم	بود|بود|بود|بود	بود|بود|بود|بود	بود+م|بود+م|بود+م|بود+م	V|N1+N|N1+V|V
13	.	.	.	.	Si

0	کوچ¬نشینان	کوچ‌نشین|کوچ	کوچ‌نشین|کوچ	کوچ‌نشین+ان|کوچ+نشین+ان	A0+Pl|N1+O+Pl
1	به	به|به	به|به	به|به	Pr|N1
2	ییلاق	ییلاق	ییلاق	ییلاق	N1
3	کوچ	کوچ|کوچ	کوچ|کوچ	کوچ|کوچ	V|N1
4	کردند	کرد|کرد	کرد|کرد	کرد+ند|کرد+ند	V|N1+V
5	در	در|در|در|در|در	در|در|در|در|در	در|در|در|در|در	Pr|V|N1|N1|VPr
6	مسیر	مسیر	مسیر	مسیر	N1
7	بودند	بود|بود|بود	بود|بود|بود	بود+ند|بود+ند|بود+ند	V|N1+V|V
8	طوفان	طوفان	طوفان	طوفان	N1
9	شن	شن	شن	شن	N1
10	شروع	شروع	شروع	شروع	N1
11	شد	شد	شد	شد	V
12	،	،	،	،	Si
13	در	در|در|در|در|در	در|در|در|در|در	در|در|در|در|در	Pr|V|N1|N1|VPr
14	طوفان	طوفان	طوفان	طوفان	N1
15	گیر	گیر|گیر	گیر|گیر	گیر|گیر	V|A0
16	کردند	کرد|کرد	کرد|کرد	کرد+ند|کرد+ند	V|N1+V
17	.	.	.	.	Si

0	صبح	صبح	صبح	صبح	N1
1	شد	شد	شد	شد	V
2	هوا	هوا	هوا	هوا	N1
3	آروم	آرو	آرو	آرو	N
4	شده¬بود	شد	شد	شد+ه+بود	V
5	اما	اما	اما	اما	C0
6	گوسفندان	گوسفند	گوسفند	گوسفند+ان	N1+Pl
7	همه	همه|همه	همه|همه	همه|همه	N1|A2
8	پراکنده	پراکنده|پراکند|پراکن	پراکنده|پراکند|پراکن	پراکنده|پراکند+ه|پراکن+د+ه	A0|O+O|V1+O+O
9	شده¬بودند	شد	شد	شد+ه+بود+ند	V3+O+O+V
10	.	.	.	.	Si

0	زمان	زمان|زم	زمان|زم	زمان|زم+ان	N1|N1+Pl
1	جانشینی	جانشینی|جانشین|جا	جانشینی|جانشین|جا	جانشینی|جانشین+ی|جا+نشین+ی	N1|N1+Y|N1+O+Y
2	فرا	فرا	فرا	فرا	VPr
3	رسید	رسید|رسید|رس|رس	رسید|رسید|رس|رس	رسید|رسید|رس+ید|رس+ید	V|N1|V|N1+V
4	برادر	برادر	برادر	برادر	N1
5	در	در|در|در|در|در	در|در|در|در|در	در|در|در|در|در	Pr|V|N1|N1|VPr
5	برابر	برابر|برابر	برابر|برابر	برابر|برابر	A0|N9
7	برادر	برادر	برادر	برادر	N1
8	قرار	قرار|قرار	قرار|قرار	قرار|قرار	N1|N9
9	گرفته¬بود	گرفت	گرفت	گرفت+ه+بود	V
10	.	.	.	.	Si

0	مادر	مادر	مادر	مادر	N1
1	برای	برای	برای	برای	Pr
2	خرید	خرید|خرید|خر|خر|خر	خرید|خرید|خر|خر|خر	خرید|خرید|خر+ید|خر+ید|خر+ید	V|N1|V|N1+V|N1+V
3	پرده	پرده	پرده	پرده	N1
4	به	به|به	به|به	به|به	Pr|N1
5	پرده‌سرا	پرده‌سرا|پرده	پرده‌سرا|پرده	پرده‌سرا|پرده+سرا	N1|N1+O
6	رفت	رفت|رفت|رف	رفت|رفت|رف	رفت|رفت|رف+ت	V|V|N1+N
7	ولی	ولی|ولی|ول|ول	ولی|ولی|ول|ول	ولی|ولی|ول+ی|ول+ی	C0|N1|A0+Y|N1+Y
8	پرده‌ی	پرده	پرده	پرده+ی	N1+Y
9	خوبی	خوبی|خوب	خوبی|خوب	خوبی|خوب+ی	N1|A0+Y
10	پیدا	پیدا	پیدا	پیدا	A0
11	نکرد	کرد	کرد	ن+کرد	V
12	.	.	.	.	Si

0	درصورتی‌که	درصورتی‌که	درصورتی‌که	درصورتی‌که	C1
1	حجم	حجم|حج|حج	حجم|حج|حج	حجم|حج+م|حج+م	N1|N1+N|N1+V
2	حافظه	حافظه|حافظ	حافظه|حافظ	حافظه|حافظ+ه	N1|N1+O
3	10	10	10	10	No
4	ترابایت	ترابا	ترابا	ترابا	N
5	یا	یا|یا	یا|یا	یا|یا	C0|Intj
6	15	15	15	15	No
7	ترابایت	ترابا	ترابا	ترابا	N
8	باشد	باش|اشد	باش|اشد	باش+د|ب+اشد	V|O+A0
9	عالی	عالی	عالی	عالی	A0
10	می‌شود	شو|شو	شو|شو	می+شو+د|می+شو+د	V|V
11	در	در|در|در|در|در	در|در|در|در|در	در|در|در|در|در	Pr|V|N1|N1|VPr
12	غیر	غیر|غیر	غیر|غیر	غیر|غیر	A0|N9
13	این	این|این	این|این	این|این	A1|N6
14	صورت	صورت|صورت|صور|صور	صورت|صورت|صور|صور	صورت|صورت|صور+ت|صور+ت	N1|N9|N1+N|N1+N
15	قابل	قابل	قابل	قابل	A0
16	‌استفاده	استفاده	استفاده	استفاده	N1
17	نمی‌باشد	باش	باش	نمی+باش+د	V
18	.	.	.	.	Si

0	کسب‌وکار	کسب‌وکار	کسب‌وکار	کسب‌وکار	N1
1	در	در|در|در|در|در	در|در|در|در|در	در|در|در|در|در	Pr|V|N1|N1|VPr
2	اقتصاد	اقتصاد	اقتصاد	اقتصاد	N1
3	سرمایه‌داری	سرمایه‌داری|سرمایه‌دار|سرمایه|سرما	سرمایه‌داری|سرمایه‌دار|سرمایه|سرما	سرمایه‌داری|سرمایه‌دار+ی|سرمایه+دار+ی|سرما+یه+دار+ی	N1|A0+Y|N1+O+Y|N1+O+O+Y
4	حکم	حكمت|حکم|حکم|حک|حک	حكمت|حکم|حکم|حک|حک	حكمت|حکم|حکم|حک+م|حک+م	N|N1|N1|N1+N|N1+V
5	فرماست	فرما	فرما	فرما+ست	V1+N
6	،	،	،	،	Si
7	بیشتر	بیشتر|بیش|شتر	بیشتر|بیش|شتر	بیشتر|بیش+تر|بی+شتر	A0|A0+A|O+N1
8	کسب	کسب	کسب	کسب	N1
9	و	و|و|و	و|و|و	و|و|و	C0|Ab|Al
10	کارها	کار	کار	کار+ها	N1+Pl
11	که	که|که|که|که	که|که|که|که	که|که|که|که	C0|NA|N1|N1
12	مالک	مالک|مال	مالک|مال	مالک|مال+ک	N1|N1+O
13	آن‌ها	آنها|آنها	آنها|آنها	آنها|آنها	N5|N6
14	بخش	بخش|بخش|خش	بخش|بخش|خش	بخش|بخش|ب+خش	N1|V|O+N1
15	خصوصی	خصوصی|خصوص	خصوصی|خصوص	خصوصی|خصوص+ی	A0|N1+Y
16	است	است|اس	است|اس	است|اس+ت	V|N1+N
17	برای	برای	برای	برای	Pr
18	این	این|این	این|این	این|این	A1|N6
19	ایجاد	ایجاد	ایجاد	ایجاد	N1
20	شده‌اند	شد	شد	شد+ه+اند	V
21	که	که|که|که|که	که|که|که|که	که|که|که|که	C0|NA|N1|N1
22	سودساز	سودساز	سودساز	سودساز	N
23	باشند	باش|باش	باش|باش	باش+ند|باش+ند	V|V5+V
24	و	و|و|و	و|و|و	و|و|و	C0|Ab|Al
25	دارایی	دارایی|دارا	دارایی|دارا	دارایی|دارا+یی	N1|A0+O
26	صاحب‌شان	صاحب	صاحب	صاحب+شان	N1+N
27	را	را	را	را	Po
28	بیشتر	بیشتر|بیش|شتر	بیشتر|بیش|شتر	بیشتر|بیش+تر|بی+شتر	A0|A0+A|O+N1
29	کنند	کن|کن	کن|کن	کن+ند|کن+ند	V|V
30	.	.	.	.	Si

0	کسب	کسب	کسب	کسب	N1
1	و	و|و|و	و|و|و	و|و|و	C0|Ab|Al
2	کارها	کار	کار	کار+ها	N1+Pl
3	می‌توانند	توان|توان	توان|توان	می+توان+ند|می+توان+ند	O+V4+V|V
4	نا	نا	نا	نا	N1
5	سودبر	سود	سود	سود+بر	N1+O
6	باشند	باش|باش	باش|باش	باش+ند|باش+ند	V|V5+V
7	یا	یا|یا	یا|یا	یا|یا	C0|Intj
8	مالک	مالک|مال	مالک|مال	مالک|مال+ک	N1|N1+O
9	آن‌ها	آنها|آنها	آنها|آنها	آنها|آنها	N5|N6
10	دولت	دولت|دول|دول	دولت|دول|دول	دولت|دول+ت|دول+ت	N1|N1+N|N1+N
11	باشد	باش|اشد	باش|اشد	باش+د|ب+اشد	V|O+A0
12	.	.	.	.	Si

0	از	از	از	از	Pr
1	کسب	کسب	کسب	کسب	N1
2	و	و|و|و	و|و|و	و|و|و	C0|Ab|Al
3	کاری	کاری|کار|کار	کاری|کار|کار	کاری|کار+ی|کار+ی	A0|N1+Y|V
4	که	که|که|که|که	که|که|که|که	که|که|که|که	C0|NA|N1|N1
5	چندین	چندین	چندین	چندین	A0
6	فرد	فرد	فرد	فرد	N1
7	در	در|در|در|در|در	در|در|در|در|در	در|در|در|در|در	Pr|V|N1|N1|VPr
8	دارایی	دارایی|دارا	دارایی|دارا	دارایی|دارا+یی	N1|A0+O
9	آن	آن|آن	آن|آن	آن|آن	A1|N6
10	شریک	شریک	شریک	شریک	N1
11	باشند	باش|باش	باش|باش	باش+ند|باش+ند	V|V5+V
12	با	با	با	با	Pr
13	عنوان	عنوان	عنوان	عنوان	N1
14	شرکت	شرکت|شرک|شر|شر	شرکت|شرک|شر|شر	شرکت|شرک+ت|شر+ک+ت|شر+ک+ت	N1|N1+N|A0+O+N|N1+O+N
15	یاد	یاد	یاد	یاد	N1
17	برده	برده|برد|برد|رد	برده|برد|برد|رد	برده|برد+ه|برد+ه|ب+رد+ه	N1|O+O|N1+O|O+A0+O
18	می‌شود	شو|شو	شو|شو	می+شو+د|می+شو+د	V|V

19	،	،	،	،	Si
20	هرچندکه	هرچندکه	هرچندکه	هرچندکه	C1
21	این	این|این	این|این	این|این	A1|N6
22	واژه	واژه|واژ	واژه|واژ	واژه|واژ+ه	N1|N1+O
23	تعریف	تعریف	تعریف	تعریف	N1
24	دقیق‌تری	دقیق	دقیق	دقیق+تر+ی	A0+A+Y
25	نیز	نیز|آز	نیز|آز	نیز|نی+آز	Ad|V
26	دارد	دار|دار	دار|دار	دار+د|دار+د	V|V5+O
27	.	.	.	.	Si

0	پترس	پترس	پترس	پترس	N
1	و	و|و|و	و|و|و	و|و|و	C0|Ab|Al
2	پلومن	پلومن	پلومن	پلومن	N
3	،	،	،	،	Si
4	از	از	از	از	Pr
5	صاحب	صاحب	صاحب	صاحب	N1
6	نظران	نظر	نظر	نظر+ان	N1+Pl
7	این	این|این	این|این	این|این	A1|N6
8	حوزه	حوزه	حوزه	حوزه	N1
9	،	،	،	،	Si
10	بر	بر|بر|بر|بر|بر	بر|بر|بر|بر|بر	بر|بر|بر|بر|بر	Pr|V|V|VPr|N1
11	این	این|این	این|این	این|این	A1|N6
12	باورند	باور	باور	باور+ند	N1+V
13	که	که|که|که|که	که|که|که|که	که|که|که|که	C0|NA|N1|N1
14	هر	هر	هر	هر	A1
15	نوع	نوع	نوع	نوع	N1
16	خریدوفروش	خریدو‌فروش	خریدو‌فروش	خریدو‌فروش	N1
17	کسب‌وکار	کسب‌وکار	کسب‌وکار	کسب‌وکار	N1
18	نیست	نیست|است|نی	نیست|است|نی	نیست|نی+است|نی+ست	N1|V|N1+N
19	،	،	،	،	Si
20	بلکه	بلکه|لکه|بل|لک|بل	بلکه|لکه|بل|لک|بل	بلکه|ب+لکه|بل+ک+ه|ب+لک+ه|بل+ک+ه	Ad|O+N1|N1+O+O|O+N1+O|N1+O+O
21	کسب‌وکار	کسب‌وکار	کسب‌وکار	کسب‌وکار	N1
22	هر	هر	هر	هر	A1
23	نوع	نوع	نوع	نوع	N1
24	تبادل	تبادل	تبادل	تبادل	N1
25	تکرار	تکرار	تکرار	تکرار	N1
26	شونده	شونده|شوند|شو|شو	شونده|شوند|شو|شو	شونده|شوند+ه|شو+نده|شو+نده	A0|N1+O|V1+O|V1+O
27	و	و|و|و	و|و|و	و|و|و	C0|Ab|Al
28	تجدیدپذیر	تجدیدپذیر|تجدید	تجدیدپذیر|تجدید	تجدیدپذیر|تجدید+پذیر	A0|N1+O
29	است	است|اس	است|اس	است|اس+ت	V|N1+N
30	.	.	.	.	Si

0	صدها	صد	صد	صد+ها	No+Pl
1	تن	تن|تن|تن	تن|تن|تن	تن|تن|تن	V|N1|N1
2	از	از	از	از	Pr
3	مردها	مرد	مرد	مرد+ها	N1+Pl
4	به	به|به	به|به	به|به	Pr|N1
5	بیگاری	بیگاری	بیگاری	بیگاری	N1
6	کشیده¬شدند	کشید	کشید	کشید+ه+شد+ند	V
7	و	و|و|و	و|و|و	و|و|و	C0|Ab|Al
8	به	به|به	به|به	به|به	Pr|N1
9	ده‌ها	ده|ده	ده|ده	ده+ها|ده+ها	No+Pl|N1+Pl
10	زن	زن|زن	زن|زن	زن|زن	V|N1
11	تجاوز	تجاوز	تجاوز	تجاوز	N1
12	شد	شد	شد	شد	V
13	.	.	.	.	Si

0	فروشندگان	فروشنده|فروش|فروش	فروشنده|فروش|فروش	فروشنده+گان|فروش+نده+گان|فروش+نده+گان	N1+Pl|V1+O+Pl|N1+O+Pl
1	کالاهایی	کالا	کالا	کالا+ها+یی	N1+Pl+O
2	را	را	را	را	Po
3	که	که|که|که|که	که|که|که|که	که|که|که|که	C0|NA|N1|N1
4	به	به|به	به|به	به|به	Pr|N1
5	فروش	فروش|فروش|فرو	فروش|فروش|فرو	فروش|فروش|فرو+ش	V|N1|A0+N
6	نمی‌رسند	رس	رس	نمی+رس+ند	V
7	با	با	با	با	Pr
8	قیمت	قیمت|قیم	قیمت|قیم	قیمت|قیم+ت	N1|N1+N
9	پایین‌تر	پایین|پا	پایین|پا	پایین+تر|پا+ین+تر	A0+A|N1+O+A
10	به	به|به	به|به	به|به	Pr|N1
11	حراج	حراج	حراج	حراج	N1
12	می‌گذارند	گذار	گذار	می+گذار+ند	V
13	.	.	.	.	Si

0	علاوه‌براین	علاوه‌براین	علاوه‌براین	علاوه‌براین	Ad
1	اجناس	جنس	جنس	جنس	N
2	که	که|که|که|که	که|که|که|که	که|که|که|که	C0|NA|N1|N1
3	سال‌ها	سال	سال	سال+ها	N1+Pl
4	پیش	پیش|پیش|پی	پیش|پیش|پی	پیش|پیش|پی+ش	A0|N9|N1+N
4	‌فروش	فروش|فروش|فرو	فروش|فروش|فرو	فروش|فروش|فرو+ش	V|N1|A0+N
5	نرفته‌اند	نرفته|رفت|رفت	نرفته|رفت|رفت	نرفته+اند|ن+رفت+ه+اند|ن+رفت+ه+اند	A0+V|V|V
6	هم	هم|هم|هم	هم|هم|هم	هم|هم|هم	Ad|C0|N
7	در	در|در|در|در|در	در|در|در|در|در	در|در|در|در|در	Pr|V|N1|N1|VPr
8	این	این|این	این|این	این|این	A1|N6
9	حراج	حراج	حراج	حراج	N1
10	وجود	وجود|وجود	وجود|وجود	وجود|وجود	N1|N9
11	دارند	دار|دار|دار	دار|دار|دار	دار+ند|دار+ند|دار+ند	V|N1+V|V5+V
12	.	.	.	.	Si

0	سرورهای	سرور|سرور|سر	سرور|سرور|سر	سرور+ها+ی|سرور+ها+ی|سر+ور+ها+ی	N1+Pl+Y|N1+Pl+Y|V1+O+Pl+Y
1	گوگل	گوگل	گوگل	گوگل	N
2	کیلوترابایت	کیلوترابا	کیلوترابا	کیلوترابا	N
3	حافظه	حافظه|حافظ	حافظه|حافظ	حافظه|حافظ+ه	N1|N1+O
4	دارند	دار|دار|دار	دار|دار|دار	دار+ند|دار+ند|دار+ند	V|N1+V|V5+V
5	.	.	.	.	Si

0	بت‌پرست	بت‌پرست|بت	بت‌پرست|بت	بت‌پرست|بت+پرست	A0|N1+O
1	پیر	پیر	پیر	پیر	A0
1	اهن	اهن	اهن	اهن	N
2	را	را	را	را	Po
3	تکه‌تکه	تکه‌تکه	تکه‌تکه	تکه‌تکه	A0
4	کرد	کرد|کرد	کرد|کرد	کرد|کرد	V|N1
5	.	.	.	.	Si

0	به	به|به	به|به	به|به	Pr|N1
1	گزارش	گزارش|گزارش|گزار	گزارش|گزارش|گزار	گزارش|گزارش|گزار+ش	N1|N9|V
2	شبکه	شبکه|شب	شبکه|شب	شبکه|شب+ک+ه	N1|N1+O+O
3	ان¬بی¬سی	ان¬بی¬س	ان¬بی¬س	ان¬بی¬س	N
4	نیوز	نیوز	نیوز	نیوز	N1
5	قایق‌های	قایق	قایق	قایق+ها+ی	N1+Pl+Y
6	تندروی	تندرو|تندرو	تندرو|تندرو	تندرو+ی|تندرو+ی	A0+Y|A0+Y
7	نیروی	نیرو	نیرو	نیرو+ی	N1+Y
8	دریایی	دریایی|دریا	دریایی|دریا	دریایی|دریا+یی	A0|N1+O
9	ایران	ایران	ایران	ایران	N2
10	در	در|در|در|در|در	در|در|در|در|در	در|در|در|در|در	Pr|V|N1|N1|VPr
11	آب‌های	آب	آب	آب+ها+ی	N1+Pl+Y
12	خلیج‌فارس	خلیج‌فارس	خلیج‌فارس	خلیج‌فارس	N2
13	به	به|به	به|به	به|به	Pr|N1
14	ناو	ناو	ناو	ناو	N1
15	آمریکایی	آمریکایی|آمریکا	آمریکایی|آمریکا	آمریکایی|آمریکا+یی	A0|N2+O
16	اسکس	اسکس	اسکس	اسکس	N
17	و	و|و|و	و|و|و	و|و|و	C0|Ab|Al
18	دیگر	دیگر|دیگر|دی	دیگر|دیگر|دی	دیگر|دیگر|دی+گر	Ad|A2|N1+O
19	کشتی‌های	کشتی|کشتی|کشت|کشت|کشت	کشتی|کشتی|کشت|کشت|کشت	کشتی+ها+ی|کشتی+ها+ی|کشت+ی+ها+ی|کشت+ی+ها+ی|کشت+ی+ها+ی	N1+Pl+Y|N1+Pl+Y|V2+Y+Pl+Y|V2+Y+Pl+Y|N1+Y+Pl+Y
20	آمریکایی	آمریکایی|آمریکا	آمریکایی|آمریکا	آمریکایی|آمریکا+یی	A0|N2+O
21	نزدیک	نزدیک|نزدیک	نزدیک|نزدیک	نزدیک|نزدیک	A0|N9
22	شده‌اند	شد	شد	شد+ه+اند	V
23	.	.	.	.	Si

0	درحالی‌که	درحالی‌که	درحالی‌که	درحالی‌که	C1
1	ژنرال	ژنرال	ژنرال	ژنرال	N1
2	جوزف	جوزف	جوزف	جوزف	N3
3	ووتل	ووتل	ووتل	ووتل	N
4	فرمانده	فرمانده|فرما	فرمانده|فرما	فرمانده|فرما+نده	N1|V1+O
5	مقر	مقر|مقر|مقر	مقر|مقر|مقر	مقر|مقر|مقر	N1|N1|A0
6	مرکزی	مرکزی|مرکز	مرکزی|مرکز	مرکزی|مرکز+ی	A0|N1+Y
7	ارتش	ارتش	ارتش	ارتش	N1
8	آمریکا	آمریکا	آمریکا	آمریکا	N2
9	نیز	نیز|آز	نیز|آز	نیز|نی+آز	Ad|V
10	در	در|در|در|در|در	در|در|در|در|در	در|در|در|در|در	Pr|V|N1|N1|VPr
11	ناو	ناو	ناو	ناو	N1
12	اسکس	اسکس	اسکس	اسکس	N
13	بوده¬است	بود|بو	بود|بو	بود+ها+ست|بو+د+ها+ست	N1+Pl+N|V1+O+Pl+N
14	.	.	.	.	Si

0	بنابراین	بنابراین|برا	بنابراین|برا	بنابراین|نا+ب+برا+ین	Ad|O+Neg+A0+O
1	گزارش	گزارش|گزارش|گزار	گزارش|گزارش|گزار	گزارش|گزارش|گزار+ش	N1|N9|V
2	قایق‌های	قایق	قایق	قایق+ها+ی	N1+Pl+Y
3	تندروی	تندرو|تندرو	تندرو|تندرو	تندرو+ی|تندرو+ی	A0+Y|A0+Y
4	ایرانی	ایرانی|ایران	ایرانی|ایران	ایرانی|ایران+ی	A0|N2+Y
5	تا	تا|تا|تا	تا|تا|تا	تا|تا|تا	Pr|C0|Ab
6	فاصله	فاصله|فاصل	فاصله|فاصل	فاصله|فاصل+ه	N1|N1+O
7	300	300	300	300	No
8	یاردی	یارد	یارد	یارد+ی	N1+Y
9	از	از	از	از	Pr
10	اسکس	اسکس	اسکس	اسکس	N
11	به	به|به	به|به	به|به	Pr|N1
12	این	این|این	این|این	این|این	A1|N6
13	ناو	ناو	ناو	ناو	N1
14	آمریکایی	آمریکایی|آمریکا	آمریکایی|آمریکا	آمریکایی|آمریکا+یی	A0|N2+O
15	نزدیک	نزدیک|نزدیک	نزدیک|نزدیک	نزدیک|نزدیک	A0|N9
16	شده¬بودند	شد	شد	شد+ه+بود+ند	V3+O+O+V
17	.	.	.	.	Si

0	یک	یک	یک	یک	No
1	ملوان	ملوان	ملوان	ملوان	N1
2	ایرانی	ایرانی|ایران	ایرانی|ایران	ایرانی|ایران+ی	A0|N2+Y
3	در	در|در|در|در|در	در|در|در|در|در	در|در|در|در|در	Pr|V|N1|N1|VPr
4	یک	یک	یک	یک	No
5	تماس	تماس	تماس	تماس	N1
6	رادیویی	رادیویی|رادیو	رادیویی|رادیو	رادیویی|رادیو+یی	A0|N1+O
7	از	از	از	از	Pr
8	ناو	ناو	ناو	ناو	N1
9	اسکس	اسکس	اسکس	اسکس	N
10	خواسته¬بود	خواست|بود|بو	خواست|بود|بو	خواست+ه+بود|خواسته‌+بود|خواسته‌+بو+د	V|V|O+V1+O
11	تا	تا|تا|تا	تا|تا|تا	تا|تا|تا	Pr|C0|Ab
12	ملیت	ملیت|ملی|مل|مل	ملیت|ملی|مل|مل	ملیت|ملی+ت|مل+ی+ت|مل+ی+ت	N1|A0+N|N1+Y+N|N1+Y+N
13	خود	خود|خود	خود|خود	خود|خود	N|N1
14	را	را	را	را	Po
15	مشخص	مشخص	مشخص	مشخص	A0
16	کند	کند|کن|کن	کند|کن|کن	کند|کن+د|کن+د	A0|V|V
17	.	.	.	.	Si

0	در	در|در|در|در|در	در|در|در|در|در	در|در|در|در|در	Pr|V|N1|N1|VPr
1	پاسخ	پاسخ	پاسخ	پاسخ	N1
2	به	به|به	به|به	به|به	Pr|N1
3	این	این|این	این|این	این|این	A1|N6
4	تماس	تماس	تماس	تماس	N1
5	نیز	نیز|آز	نیز|آز	نیز|نی+آز	Ad|V
6	یک	یک	یک	یک	No
7	ملوان	ملوان	ملوان	ملوان	N1
8	آمریکایی	آمریکایی|آمریکا	آمریکایی|آمریکا	آمریکایی|آمریکا+یی	A0|N2+O
9	کشتی‌های	کشتی|کشتی|کشت|کشت|کشت	کشتی|کشتی|کشت|کشت|کشت	کشتی+ها+ی|کشتی+ها+ی|کشت+ی+ها+ی|کشت+ی+ها+ی|کشت+ی+ها+ی	N1+Pl+Y|N1+Pl+Y|V2+Y+Pl+Y|V2+Y+Pl+Y|N1+Y+Pl+Y
10	آمریکایی‌ها	آمریکایی|آمریکا	آمریکایی|آمریکا	آمریکایی+ها|آمریکا+یی+ها	A0+Pl|N2+O+Pl
11	را	را	را	را	Po
12	برای	برای	برای	برای	Pr
13	ایران	ایران	ایران	ایران	N2
14	معرفی	معرفی|معرف	معرفی|معرف	معرفی|معرف+ی	N1|N1+Y
15	کرده	کرد|کرد	کرد|کرد	کرد+ه|کرد+ه	O+O|N1+O
16	و	و|و|و	و|و|و	و|و|و	C0|Ab|Al
17	توضیح	توضیح	توضیح	توضیح	N1
18	داده¬است	داد	داد	داد+ها+ست	N1+Pl+N
19	که	که|که|که|که	که|که|که|که	که|که|که|که	C0|NA|N1|N1
20	آن‌ها	آنها|آنها	آنها|آنها	آنها|آنها	N5|N6
21	در	در|در|در|در|در	در|در|در|در|در	در|در|در|در|در	Pr|V|N1|N1|VPr
22	حال	حال	حال	حال	N1
23	انجام	انجام|انجام	انجام|انجام	انجام|انجام	N1|V
24	یک	یک	یک	یک	No
25	ماموریت	ماموریت|مامور|مام	ماموریت|مامور|مام	ماموریت|مامور+یت|مام+ور+یت	N1|N1+O|N1+O+O
26	دریایی	دریایی|دریا	دریایی|دریا	دریایی|دریا+یی	A0|N1+O
27	هستند	هست|هست	هست|هست	هست+ند|هست+ند	V|N1+V
28	.	.	.	.	Si

0	محمدجوادظریف	محمدجوادظریف	محمدجوادظریف	محمدجوادظریف	N
1	وزیر	وزیر	وزیر	وزیر	N1
2	امور	امر	امر	امر	N
3	خارجه	خارجه|خارج	خارجه|خارج	خارجه|خارج+ه	N1|N1+O
4	ایران	ایران	ایران	ایران	N2
5	نیز	نیز|آز	نیز|آز	نیز|نی+آز	Ad|V
6	پیش	پیش|پیش|پی	پیش|پیش|پی	پیش|پیش|پی+ش	A0|N9|N1+N
7	‌از	از	از	از	Pr
8	این	این|این	این|این	این|این	A1|N6
9	در	در|در|در|در|در	در|در|در|در|در	در|در|در|در|در	Pr|V|N1|N1|VPr
10	یک	یک	یک	یک	No
11	پیام	پیام	پیام	پیام	N1
12	توییتری	تویی|تو	تویی|تو	تویی+تر+ی|تو+یی+تر+ی	A0+A+Y|N1+O+A+Y
13	تاکید	تاک	تاک	تاک+ید	N1+V
14	کرده¬بود	کرد	کرد	کرد+ه+بود	V
15	که	که|که|که|که	که|که|که|که	که|که|که|که	C0|NA|N1|N1
16	نیروی	نیرو	نیرو	نیرو+ی	N1+Y
17	دریایی	دریایی|دریا	دریایی|دریا	دریایی|دریا+یی	A0|N1+O
18	ایران	ایران	ایران	ایران	N2
19	در	در|در|در|در|در	در|در|در|در|در	در|در|در|در|در	Pr|V|N1|N1|VPr
20	خلیج‌فارس	خلیج‌فارس	خلیج‌فارس	خلیج‌فارس	N2
21	است	است|اس	است|اس	است|اس+ت	V|N1+N
22	نه	نه|نه|نه	نه|نه|نه	نه|نه|نه	No|V|N1
23	خلیج	خلیج	خلیج	خلیج	N1
24	مکزیک	مکزیک	مکزیک	مکزیک	N2
25	و	و|و|و	و|و|و	و|و|و	C0|Ab|Al
26	سؤال	سؤال	سؤال	سؤال	N1
27	این	این|این	این|این	این|این	A1|N6
28	است	است|اس	است|اس	است|اس+ت	V|N1+N
29	که	که|که|که|که	که|که|که|که	که|که|که|که	C0|NA|N1|N1
30	چرا	چرا|چرا|چرا	چرا|چرا|چرا	چرا|چرا|چرا	NA|N1|N1
31	نیروی	نیرو	نیرو	نیرو+ی	N1+Y
32	دریایی	دریایی|دریا	دریایی|دریا	دریایی|دریا+یی	A0|N1+O
33	آمریکا	آمریکا	آمریکا	آمریکا	N2
34	باید	باید	باید	باید	V4
35	جایی	جایی|جا	جایی|جا	جایی|جا+یی	N1|N1+O
36	هزاران	هزار	هزار	هزار+ان	N1+Pl
37	مایل	مایل|مایل	مایل|مایل	مایل|مایل	A0|N1
38	دورتر	دور	دور	دور+تر	A0+A
39	از	از	از	از	Pr
40	کشورش	کشور|کش|کش	کشور|کش|کش	کشور+ش|کش+ور+ش|کش+ور+ش	N1+N|V1+O+N|V1+O+N
41	باشد	باش|اشد	باش|اشد	باش+د|ب+اشد	V|O+A0
42	.	.	.	.	Si

0	درحال‌حاضر	درحال‌حاضر	درحال‌حاضر	درحال‌حاضر	Ad
1	در	در|در|در|در|در	در|در|در|در|در	در|در|در|در|در	Pr|V|N1|N1|VPr
2	کشور	کشور|کش|کش	کشور|کش|کش	کشور|کش+ور|کش+ور	N1|V1+O|V1+O
3	ما	ما	ما	ما	N5
4	رشته‌هایی	رشته|رشت|رشت	رشته|رشت|رشت	رشته+ها+یی|رشت+ه+ها+یی|رشت+ه+ها+یی	N1+Pl+O|O+O+Pl+O|N2+O+Pl+O
5	در	در|در|در|در|در	در|در|در|در|در	در|در|در|در|در	Pr|V|N1|N1|VPr
6	دوره	دوره|دور|دور	دوره|دور|دور	دوره|دور+ه|دور+ه	N1|A0+O|N1+O
7	رزیدنتی	رزیدنت	رزیدنت	رزیدنت+ی	N1+Y
8	پرطرفدار	پرطرفدار	پرطرفدار	پرطرفدار	A0
9	هستند	هست|هست	هست|هست	هست+ند|هست+ند	V|N1+V
10	که	که|که|که|که	که|که|که|که	که|که|که|که	C0|NA|N1|N1
11	درآمد	درآمد|درآمد	درآمد|درآمد	درآمد|درآمد	V|N1
12	بالاتری	بالا	بالا	بالا+تر+ی	A0+A+Y
13	دارند	دار|دار|دار	دار|دار|دار	دار+ند|دار+ند|دار+ند	V|N1+V|V5+V
14	.	.	.	.	Si

0	درواقع	درواقع	درواقع	درواقع	Ad
1	اختلاف	اختلاف	اختلاف	اختلاف	N1
2	درآمدی	درآمد|درآمد	درآمد|درآمد	درآمد+ی|درآمد+ی	V|N1+Y
3	بسیار	بسیار|بسیار|سیار|بس	بسیار|بسیار|سیار|بس	بسیار|بسیار|ب+سیار|بس+یار	A0|Ad|O+A0|A0+O
4	زیاد	زیاد	زیاد	زیاد	A0
5	بین	بین|بین|بین|ین	بین|بین|بین|ین	بین|بین|بین|ب+ین	V|N9|A0|O+N1
6	خود	خود|خود	خود|خود	خود|خود	N|N1
7	رشته‌های	رشته|رشت	رشته|رشت	رشته+ها+ی|رشت+ه+ها+ی	N1+Pl+Y|O+O+Pl+Y
8	تخصص	تخصص	تخصص	تخصص	N1
9	پزشکی	پزشکی|پزشک	پزشکی|پزشک	پزشکی|پزشک+ی	A0|N1+Y
10	سبب	سبب|سبب	سبب|سبب	سبب|سبب	N1|N9
11	جهتگیری	جهتگیری	جهتگیری	جهتگیری	N1
12	انتخاب	انتخاب	انتخاب	انتخاب	N1
13	رشته	رشته|رشت	رشته|رشت	رشته|رشت+ه	N1|O+O
14	داوطلبان	داوطلب|داو	داوطلب|داو	داوطلب+ان|داو+طلب+ان	N1+Pl|N1+O+Pl
15	آزمون	آزمون	آزمون	آزمون	N1
16	دستیاری	دستیاری|دستیار|دست	دستیاری|دستیار|دست	دستیاری|دستیار+ی|دست+یار+ی	N1|N1+Y|N1+O+Y
17	شده¬است	شد	شد	شد+ه+است	V
18	.	.	.	.	Si

0	طوری	طور	طور	طور+ی	N1+Y
1	که	که|که|که|که	که|که|که|که	که|که|که|که	C0|NA|N1|N1
2	درحال‌حاضر	درحال‌حاضر	درحال‌حاضر	درحال‌حاضر	Ad
3	رشته‌های	رشته|رشت	رشته|رشت	رشته+ها+ی|رشت+ه+ها+ی	N1+Pl+Y|O+O+Pl+Y
4	رادیولوژی	رادیولوژی	رادیولوژی	رادیولوژی	N1
5	،	،	،	،	Si
6	چشم	چشم|چشم|چش	چشم|چشم|چش	چشم|چشم|چش+م	N1|Ad|V
7	،	،	،	،	Si
8	پوست	پوست	پوست	پوست	N1
9	و	و|و|و	و|و|و	و|و|و	C0|Ab|Al
10	ارتوپدی	ارتوپدی|ارتوپد	ارتوپدی|ارتوپد	ارتوپدی|ارتوپد+ی	N1|N1+Y
11	پرطرفدارترین	پرطرفدار	پرطرفدار	پرطرفدار+ترین	A0+A
12	رشته‌ها	رشته|رشت|رشت	رشته|رشت|رشت	رشته+ها|رشت+ه+ها|رشت+ه+ها	N1+Pl|O+O+Pl|N2+O+Pl
13	دربین	دربین	دربین	دربین	Pr1
14	داوطلبین	داوطلب|داو	داوطلب|داو	داوطلب+ین|داو+طلب+ین	N1+O|N1+O+O
15	این	این|این	این|این	این|این	A1|N6
16	آزمون	آزمون	آزمون	آزمون	N1
17	می‌باشد	باش|باش	باش|باش	می+باش+د|می+باش+د	V|O+V5+O
18	.	.	.	.	Si

0	این	این|این	این|این	این|این	A1|N6
1	در	در|در|در|در|در	در|در|در|در|در	در|در|در|در|در	Pr|V|N1|N1|VPr
2	حالی	حالی|حال	حالی|حال	حالی|حال+ی	A0|N1+Y
3	است	است|اس	است|اس	است|اس+ت	V|N1+N
4	که	که|که|که|که	که|که|که|که	که|که|که|که	C0|NA|N1|N1
5	در	در|در|در|در|در	در|در|در|در|در	در|در|در|در|در	Pr|V|N1|N1|VPr
6	کشور	کشور|کش|کش	کشور|کش|کش	کشور|کش+ور|کش+ور	N1|V1+O|V1+O
7	آمریکا	آمریکا	آمریکا	آمریکا	N2
8	طبق	طبق|طبق|طبق	طبق|طبق|طبق	طبق|طبق|طبق	Pr1|N1|N9
9	گزارش	گزارش|گزارش|گزار	گزارش|گزارش|گزار	گزارش|گزارش|گزار+ش	N1|N9|V
10	سال	سال	سال	سال	N1
11	2011	2011	2011	2011	No
12	Medscape	Medscape	Medscape	Medscape	Pl
13	اختلاف	اختلاف	اختلاف	اختلاف	N1
14	درآمد	درآمد|درآمد	درآمد|درآمد	درآمد|درآمد	V|N1
15	متوسط	متوسط	متوسط	متوسط	A0
16	انواع	نوع	نوع	نوع	N
17	رشته‌های	رشته|رشت	رشته|رشت	رشته+ها+ی|رشت+ه+ها+ی	N1+Pl+Y|O+O+Pl+Y
18	پزشکی	پزشکی|پزشک	پزشکی|پزشک	پزشکی|پزشک+ی	A0|N1+Y
19	حداکثر	حداکثر	حداکثر	حداکثر	Ad
20	2	2	2	2	No
21	برابر	برابر|برابر	برابر|برابر	برابر|برابر	A0|N9
22	است	است|اس	است|اس	است|اس+ت	V|N1+N
23	.	.	.	.	Si

0	در	در|در|در|در|در	در|در|در|در|در	در|در|در|در|در	Pr|V|N1|N1|VPr
1	اینجا	اینجا	اینجا	اینجا	N1
2	اشاره	اشاره	اشاره	اشاره	N1
3	می‌کنم	کن|کن	کن|کن	می+کن+م|می+کن+م	V|V
4	به	به|به	به|به	به|به	Pr|N1
5	درآمد	درآمد|درآمد	درآمد|درآمد	درآمد|درآمد	V|N1
6	پزشکان	پزشک	پزشک	پزشک+ان	N1+Pl
7	داروساز	داروساز|دارو	داروساز|دارو	داروساز|دارو+ساز	N1|N1+O
8	داروخانه‌دار	داروخانه‌دار|داروخانه|دارو	داروخانه‌دار|داروخانه|دارو	داروخانه‌دار|داروخانه+دار|دارو+خانه+دار	N1|N1+O|N1+Pl+O
9	که	که|که|که|که	که|که|که|که	که|که|که|که	C0|NA|N1|N1
10	به	به|به	به|به	به|به	Pr|N1
11	مراتب	مراتب	مراتب	مراتب	N1
12	از	از	از	از	Pr
13	همکاران	همکار|کار	همکار|کار	همکار+ان|هم+کار+ان	N1+Pl|O+N1+Pl
14	داروساز	داروساز|دارو	داروساز|دارو	داروساز|دارو+ساز	N1|N1+O
15	مسئول	مسئول	مسئول	مسئول	N1
16	فنی	فنی|فن|فن	فنی|فن|فن	فنی|فن+ی|فن+ی	A0|N1+Y|N1+Y
17	داروخانه	داروخانه|دارو	داروخانه|دارو	داروخانه|دارو+خانه	N1|N1+Pl
18	بیشتر	بیشتر|بیش|شتر	بیشتر|بیش|شتر	بیشتر|بیش+تر|بی+شتر	A0|A0+A|O+N1
19	است	است|اس	است|اس	است|اس+ت	V|N1+N
20	و	و|و|و	و|و|و	و|و|و	C0|Ab|Al
21	تمامی	تمامی|تمام	تمامی|تمام	تمامی|تمام+ی	A0|A0+Y
22	تعرفه	تعرفه|تعرف	تعرفه|تعرف	تعرفه|تعرف+ه	N1|N1+O
23	نسخ	نسخ|نسخ	نسخ|نسخ	نسخ|نسخ	N1|N1
24	و	و|و|و	و|و|و	و|و|و	C0|Ab|Al
25	سودهای	سود	سود	سود+ها+ی	N1+Pl+Y
26	دارو	دارو	دارو	دارو	N1
27	و	و|و|و	و|و|و	و|و|و	C0|Ab|Al
28	جوائز	جوائز	جوائز	جوائز	N
29	داروئی	داروئی	داروئی	داروئی	A0
30	و	و|و|و	و|و|و	و|و|و	C0|Ab|Al
31	.	.	.	.	Si
32	.	.	.	.	Si
33	.	.	.	.	Si
34	رابه	راب	راب	راب+ه	N1+O
35	جیب	جیب	جیب	جیب	N1
36	خود	خود|خود	خود|خود	خود|خود	N|N1
37	روانه	روانه|روان	روانه|روان	روانه|روان+ه	Ad|A0+O
38	می‌کنند	کن|کن	کن|کن	می+کن+ند|می+کن+ند	V|V
39	و	و|و|و	و|و|و	و|و|و	C0|Ab|Al
40	همیشه	همیشه	همیشه	همیشه	Ad
41	از	از	از	از	Pr
42	اینکه	اینکه	اینکه	اینکه	Ad
43	وضعیت	وضعیت|وضعی|وضع	وضعیت|وضعی|وضع	وضعیت|وضعی+ت|وضع+ی+ت	N1|A0+N|N1+Y+N
44	درآمدی	درآمد|درآمد	درآمد|درآمد	درآمد+ی|درآمد+ی	V|N1+Y
45	مناسبی	مناسب	مناسب	مناسب+ی	A0+Y
46	ندارند	دار|دار	دار|دار	ن+دار+ند|ن+دار+ند	V|Neg+V5+V
47	مینالند	نال	نال	می+نال+ند	V
48	و	و|و|و	و|و|و	و|و|و	C0|Ab|Al
49	به	به|به	به|به	به|به	Pr|N1
50	جرات	جر|جر	جر|جر	جر+ات|جر+ات	N1+Pl|N1+Pl
51	90	90	90	90	No
52	درصد	درصد	درصد	درصد	N1
53	داروخانه	داروخانه|دارو	داروخانه|دارو	داروخانه|دارو+خانه	N1|N1+Pl
54	سوددهی	سود‌دهی|سود‌ده	سود‌دهی|سود‌ده	سود‌دهی|سود‌ده+ی	N1|A0+Y
55	فوق‌العاده‌ای	فوق‌العاده	فوق‌العاده	فوق‌العاده+ای	A0+O
56	دارند	دار|دار|دار	دار|دار|دار	دار+ند|دار+ند|دار+ند	V|N1+V|V5+V
57	.	.	.	.	Si

0	سلام	سلام	سلام	سلام	N1
1	به	به|به	به|به	به|به	Pr|N1
2	همه	همه|همه	همه|همه	همه|همه	N1|A2
3	دوستان	دوست	دوست	دوست+ان	N1+Pl
4	عزیز	عزیز	عزیز	عزیز	A0
5	.	.	.	.	Si

0	انچه	انچه	انچه	انچه	N
1	که	که|که|که|که	که|که|که|که	که|که|که|که	C0|NA|N1|N1
2	بنده	بنده|بند|بند	بنده|بند|بند	بنده|بند+ه|بند+ه	N1|V1+O|N1+O
3	در	در|در|در|در|در	در|در|در|در|در	در|در|در|در|در	Pr|V|N1|N1|VPr
4	ارتباط	ارتباط	ارتباط	ارتباط	N1
5	با	با	با	با	Pr
6	ماشین	ماشین|ماش	ماشین|ماش	ماشین|ماش+ین	N1|N1+O
7	x22م	x۲۲	x۲۲	x۲۲	N
8	میخوام	میخوا	میخوا	میخوا	N
9	متذکر	متذکر	متذکر	متذکر	A0
10	بشم	بشم|شم	بشم|شم	بشم|ب+شم	N1|O+N1
11	.	.	.	.	Si

0	اول	اول	اول	اول	A0
1	اینکه	اینکه	اینکه	اینکه	Ad
2	بنده	بنده|بند|بند	بنده|بند|بند	بنده|بند+ه|بند+ه	N1|V1+O|N1+O
3	نه	نه|نه|نه	نه|نه|نه	نه|نه|نه	No|V|N1
4	فروشنده	فروشنده|فروش|فروش|فرو|فرو	فروشنده|فروش|فروش|فرو|فرو	فروشنده|فروش+نده|فروش+نده|فرو+ش+نده|فرو+ش+نده	N1|V1+O|N1+O|V1+O+O|A0+N+O
5	هستم	هست|هست|هست	هست|هست|هست	هست+م|هست+م|هست+م	V|N1+N|N1+V
6	و	و|و|و	و|و|و	و|و|و	C0|Ab|Al
7	نه	نه|نه|نه	نه|نه|نه	نه|نه|نه	No|V|N1
8	دلال	دلال	دلال	دلال	N1
9	من	من	من	من	N5
10	هم	هم|هم|هم	هم|هم|هم	هم|هم|هم	Ad|C0|N
11	مثل	مثل|مثل|مثل|مثل	مثل|مثل|مثل|مثل	مثل|مثل|مثل|مثل	N1|N1|N1|N9
12	همه	همه|همه	همه|همه	همه|همه	N1|A2
13	شما	شما|شما	شما|شما	شما|شما	N5|N1
14	یک	یک	یک	یک	No
15	دستگاه	دستگاه|دست	دستگاه|دست	دستگاه|دست+گاه	N1|N1+O
16	از	از	از	از	Pr
17	این	این|این	این|این	این|این	A1|N6
18	مدل	مدل	مدل	مدل	N1
19	ماشین	ماشین|ماش	ماشین|ماش	ماشین|ماش+ین	N1|N1+O
20	در	در|در|در|در|در	در|در|در|در|در	در|در|در|در|در	Pr|V|N1|N1|VPr
21	اواخر	اواخر	اواخر	اواخر	Ad
22	مرداد	مرداد	مرداد	مرداد	N1
23	96	96	96	96	No
24	از	از	از	از	Pr
25	نمایندگی	نمایندگی|نماینده|نما|نما|نما|نما|نما	نمایندگی|نماینده|نما|نما|نما|نما|نما	نمایندگی|نماینده+گی|نما+ینده+گی|نما+ینده+گی|نما+ینده+گی|نما+ینده+گی|نما+ینده+گی	N1|N1+O|V1+O+O|V1+O+O|V1+O+O|N1+O+O|N1+O+O
26	تحویل	تحویل	تحویل	تحویل	N1
27	گرفته‌ام	گرفته|گرفته|گرفت|گرفت|گرفت	گرفته|گرفته|گرفت|گرفت|گرفت	گرفته+ام|گرفته+ام|گرفت+ه+ام|گرفت+ه+ام|گرفت+ه+ام	A0+N|A0+V|V|N1+O+N|N1+O+V
28	و	و|و|و	و|و|و	و|و|و	C0|Ab|Al
29	بحمدالله	بحمدالله	بحمدالله	بحمدالله	Exp
30	با	با	با	با	Pr
31	این	این|این	این|این	این|این	A1|N6
32	ماشین	ماشین|ماش	ماشین|ماش	ماشین|ماش+ین	N1|N1+O
33	حدود	حدود|حدود	حدود|حدود	حدود|حدود	N1|N9
34	38600	38600	38600	38600	No
35	کیلومتر	کیلومتر	کیلومتر	کیلومتر	N1
36	تو	تو|تو|تو	تو|تو|تو	تو|تو|تو	N5|Ad|N1
37	تمام	تمام|تمام	تمام|تمام	تمام|تمام	A0|N9
38	جاده‌های	جاده	جاده	جاده+ها+ی	N1+Pl+Y
39	ایران	ایران	ایران	ایران	N2
40	و	و|و|و	و|و|و	و|و|و	C0|Ab|Al
41	یکبار	یکبار	یکبار	یکبار	N
42	به	به|به	به|به	به|به	Pr|N1
43	اربیل	اربیل	اربیل	اربیل	N2
44	عراق	عراق	عراق	عراق	N2
45	و	و|و|و	و|و|و	و|و|و	C0|Ab|Al
46	اخیر	اخیر	اخیر	اخیر	A0
47	هم	هم|هم|هم	هم|هم|هم	هم|هم|هم	Ad|C0|N
48	تازه	تازه|تاز	تازه|تاز	تازه|تاز+ه	A0|V1+O
49	از	از	از	از	Pr
50	ارمنستان	ارمنستان	ارمنستان	ارمنستان	N2
51	با	با	با	با	Pr
52	این	این|این	این|این	این|این	A1|N6
53	ماشین	ماشین|ماش	ماشین|ماش	ماشین|ماش+ین	N1|N1+O
54	رفت‌وآمد	رفت‌و‌آمد	رفت‌و‌آمد	رفت‌و‌آمد	N1
55	داشته‌ام	داشته|داشته|داشت|داشت|داشت	داشته|داشته|داشت|داشت|داشت	داشته+ام|داشته+ام|داشت+ه+ام|داشت+ه+ام|داشت+ه+ام	A0+N|A0+V|V|N1+O+N|N1+O+V
56	.	.	.	.	Si

0	و	و|و|و	و|و|و	و|و|و	C0|Ab|Al
1	به	به|به	به|به	به|به	Pr|N1
2	لحاظ	لحاظ|لحاظ	لحاظ|لحاظ	لحاظ|لحاظ	N1|N9
3	سواری	سواری|سوار	سواری|سوار	سواری|سوار+ی	A0|N1+Y
4	در	در|در|در|در|در	در|در|در|در|در	در|در|در|در|در	Pr|V|N1|N1|VPr
5	نوع	نوع	نوع	نوع	N1
6	خودش	خودش	خودش	خودش	N
7	بی‌نظیر	بی‌نظیر	بی‌نظیر	بی‌نظیر	A0
8	بوده	بود|بود|بود	بود|بود|بود	بود+ه|بود+ه|بود+ه	O+O|N1+O|V3+O
9	و	و|و|و	و|و|و	و|و|و	C0|Ab|Al
10	اصلاً	اصلاً	اصلاً	اصلاً	Ad
11	احساس	احساس	احساس	احساس	N1
12	خستگی	خستگی|خسته|خست|خست	خستگی|خسته|خست|خست	خستگی|خسته+گی|خست+ه+گی|خست+ه+گی	N1|A0+O|O+O+O|N1+O+O
13	نمی‌کنی	کن|کن	کن|کن	نمی+کن+ی|نمی+کن+ی	V|V
14	.	.	.	.	Si

0	و	و|و|و	و|و|و	و|و|و	C0|Ab|Al
1	لزومی	لزوم	لزوم	لزوم+ی	N1+Y
2	هم	هم|هم|هم	هم|هم|هم	هم|هم|هم	Ad|C0|N
3	نبود	نبود|بود|بود|بو	نبود|بود|بود|بو	نبود|ن+بود|ن+بود|ن+بو+د	N1|V|V|V
4	از	از	از	از	Pr
5	ماشین	ماشین|ماش	ماشین|ماش	ماشین|ماش+ین	N1|N1+O
6	خودم	خودم	خودم	خودم	N
7	تعریف	تعریف	تعریف	تعریف	N1
8	کنم	کن|کن	کن|کن	کن+م|کن+م	V|V
9	.	.	.	.	Si

0	بهرحال	بهرحال	بهرحال	بهرحال	Ad
1	هر	هر	هر	هر	A1
2	کسی	کسی	کسی	کسی	A2
3	سلیقه	سلیقه	سلیقه	سلیقه	N1
4	خاص	خاص	خاص	خاص	A0
5	خودش	خودش	خودش	خودش	N
6	را	را	را	را	Po
7	داره	دار|دار	دار|دار	دار+ه|دار+ه	V1+O|N1+O
8	.	.	.	.	Si

0	یکی	یکی	یکی	یکی	A2
1	میگه	میگ	میگ	میگ+ه	N1+O
2	ماشین	ماشین|ماش	ماشین|ماش	ماشین|ماش+ین	N1|N1+O
3	بدی	بدی|دی|بد	بدی|دی|بد	بدی|ب+دی|بد+ی	N1|O+N1|A0+Y
4	هست	هست|هست	هست|هست	هست|هست	V|N1
5	و	و|و|و	و|و|و	و|و|و	C0|Ab|Al
6	یکی	یکی	یکی	یکی	A2
7	میگه	میگ	میگ	میگ+ه	N1+O
8	ماشین	ماشین|ماش	ماشین|ماش	ماشین|ماش+ین	N1|N1+O
9	خوب	خوب	خوب	خوب	A0
10	.	.	.	.	Si

0	حی‌وحاضر	حی‌وحاضر	حی‌وحاضر	حی‌وحاضر	A0
1	این	این|این	این|این	این|این	A1|N6
2	ماشین	ماشین|ماش	ماشین|ماش	ماشین|ماش+ین	N1|N1+O
3	در	در|در|در|در|در	در|در|در|در|در	در|در|در|در|در	Pr|V|N1|N1|VPr
4	نوع	نوع	نوع	نوع	N1
5	خودش	خودش	خودش	خودش	N
6	بی‌نظیر	بی‌نظیر	بی‌نظیر	بی‌نظیر	A0
7	بوده	بود|بود|بود	بود|بود|بود	بود+ه|بود+ه|بود+ه	O+O|N1+O|V3+O
8	و	و|و|و	و|و|و	و|و|و	C0|Ab|Al
9	تا	تا|تا|تا	تا|تا|تا	تا|تا|تا	Pr|C0|Ab
10	الان	الان	الان	الان	Ad
11	فقط	فقط	فقط	فقط	Ad
12	به	به|به	به|به	به|به	Pr|N1
13	غیراز	غیراز	غیراز	غیراز	Pr1
14	روغن	روغن	روغن	روغن	N1
15	و	و|و|و	و|و|و	و|و|و	C0|Ab|Al
16	فیلتر	فیلتر	فیلتر	فیلتر	N1
17	چیزی	چیزی|چیز	چیزی|چیز	چیزی|چیز+ی	Ad|N1+Y
18	تا	تا|تا|تا	تا|تا|تا	تا|تا|تا	Pr|C0|Ab
19	حال	حال	حال	حال	N1
20	تعویض	تعویض	تعویض	تعویض	N1
21	نکرده‌ام	نکرده|نکرده|کرد	نکرده|نکرده|کرد	نکرده+ام|نکرده+ام|ن+کرد+ه+ام	A0+N|A0+V|V
22	و	و|و|و	و|و|و	و|و|و	C0|Ab|Al
23	و	و|و|و	و|و|و	و|و|و	C0|Ab|Al
24	به	به|به	به|به	به|به	Pr|N1
25	نسبت	نسبت|نسبت|نسب	نسبت|نسبت|نسب	نسبت|نسبت|نسب+ت	N1|N9|N1+N
26	مصرف	مصرف	مصرف	مصرف	N1
27	سوخت	سوخت|سوخ	سوخت|سوخ	سوخت|سوخ+ت	V|N1+N
28	تو	تو|تو|تو	تو|تو|تو	تو|تو|تو	N5|Ad|N1
29	جاده‌های	جاده	جاده	جاده+ها+ی	N1+Pl+Y
30	ایران	ایران	ایران	ایران	N2
31	و	و|و|و	و|و|و	و|و|و	C0|Ab|Al
32	جاده‌های	جاده	جاده	جاده+ها+ی	N1+Pl+Y
33	کوهستانی	کوهستانی|کوهستان|کوه	کوهستانی|کوهستان|کوه	کوهستانی|کوهستان+ی|کوه+ستان+ی	A0|N1+Y|N1+Pl+Y
34	کشورهای	کشور|کش|کش	کشور|کش|کش	کشور+ها+ی|کش+ور+ها+ی|کش+ور+ها+ی	N1+Pl+Y|V1+O+Pl+Y|V1+O+Pl+Y
35	همسایه	همسایه|سایه	همسایه|سایه	همسایه|هم+سایه	N1|O+N1
36	خیلی	خیلی|خیلی|خیل	خیلی|خیلی|خیل	خیلی|خیلی|خیل+ی	A0|Ad|N1+Y
37	کم‌مصرف	کم‌مصرف	کم‌مصرف	کم‌مصرف	A0
38	و	و|و|و	و|و|و	و|و|و	C0|Ab|Al
39	تو	تو|تو|تو	تو|تو|تو	تو|تو|تو	N5|Ad|N1
40	سربالایی	سربالایی|سربالا	سربالایی|سربالا	سربالایی|سربالا+یی	N1|A0+O
41	خیلی	خیلی|خیلی|خیل	خیلی|خیلی|خیل	خیلی|خیلی|خیل+ی	A0|Ad|N1+Y
42	راحت	راحت	راحت	راحت	A0
43	کشش	کشش|کش|کش|کش	کشش|کش|کش|کش	کشش|کش+ش|کش+ش|کش+ش	N1|V|V|N1+N
44	خوبی	خوبی|خوب	خوبی|خوب	خوبی|خوب+ی	N1|A0+Y
45	داشته	داشته|داشت|داشت	داشته|داشت|داشت	داشته|داشت+ه|داشت+ه	A0|O+O|N1+O
46	.	.	.	.	Si

0	شاخص	شاخص	شاخص	شاخص	A0
1	بازار	بازار|ازار	بازار|ازار	بازار|ب+ازار	N1|O+N1
2	بورس	بورس|ورس	بورس|ورس	بورس|ب+ورس	N1|O+N1
3	در	در|در|در|در|در	در|در|در|در|در	در|در|در|در|در	Pr|V|N1|N1|VPr
4	تمام	تمام|تمام	تمام|تمام	تمام|تمام	A0|N9
5	نقاط	نقطه	نقطه	نقطه	N
6	دنیا	دنیا	دنیا	دنیا	N1
7	به	به|به	به|به	به|به	Pr|N1
8	کف	کف	کف	کف	N1
9	ممکن	ممکن	ممکن	ممکن	A0
10	خودش	خودش	خودش	خودش	N
11	رسید	رسید|رسید|رس|رس	رسید|رسید|رس|رس	رسید|رسید|رس+ید|رس+ید	V|N1|V|N1+V
12	.	.	.	.	Si

0	بعضی	بعضی	بعضی	بعضی	A2
1	بورس‌ها	بورس|ورس	بورس|ورس	بورس+ها|ب+ورس+ها	N1+Pl|O+N1+Pl
2	هم	هم|هم|هم	هم|هم|هم	هم|هم|هم	Ad|C0|N
3	کلا	کلا	کلا	کلا	N1
4	قهر	قهر	قهر	قهر	N1
5	کردن	کرد	کرد	کرد+ن	V2+Neg
6	رفتن	رفت|رفت	رفت|رفت	رفت+ن|رفت+ن	V2+Neg|V2+Neg
7	خونه‌ها¬شون	خونه‌ها¬شون	خونه‌ها¬شون	خونه‌ها¬شون	N
8	گفتن	گفت	گفت	گفت+ن	V2+Neg
9	ما	ما	ما	ما	N5
10	دیگه	دیگ	دیگ	دیگ+ه	N1+O
11	نمی‌تونیم	نمی‌تون	نمی‌تون	نمی‌تون	N
12	!	!	!	!	Si

0	آخرین	آخر	آخر	آخر+ین	N1+O
1	بازی	بازی|باز|باز|باز|باز	بازی|باز|باز|باز|باز	بازی|باز+ی|باز+ی|باز+ی|باز+ی	N1|V|A0+Y|N1+Y|Ad+Y
2	شب	شب	شب	شب	N1
3	دوم	دوم|دو|دو|دو|دو	دوم|دو|دو|دو|دو	دوم|دو+م|دو+م|دو+م|دو+م	A0|V|V|N1+N|N1+V
4	هفته	هفته	هفته	هفته	N1
5	دهم	ده|ده|ده	ده|ده|ده	ده+م|ده+م|ده+م	V|N1+N|N1+V
6	رقابت‌های	رقابت	رقابت	رقابت+ها+ی	N1+Pl+Y
7	لیگ	لیگ	لیگ	لیگ	N1
8	دسته‌اول	دسته‌اول	دسته‌اول	دسته‌اول	A0
9	اسپانیا	اسپانیا	اسپانیا	اسپانیا	N2
10	(	(	(	(	Si
11	لالیگا	لالیگا	لالیگا	لالیگا	N
12	)	)	)	)	Si
13	با	با	با	با	Pr
14	برتری	برتری|برتر	برتری|برتر	برتری|برتر+ی	N1|A0+Y
15	خانگی	خانگی|خانه|خان	خانگی|خانه|خان	خانگی|خانه+گی|خان+ه+گی	A0|N1+O|N1+O+O
16	2	2	2	2	No
17	بر	بر|بر|بر|بر|بر	بر|بر|بر|بر|بر	بر|بر|بر|بر|بر	Pr|V|V|VPr|N1
18	صفر	صفر|صفر	صفر|صفر	صفر|صفر	No|N1
19	تیم	تیم|تی|تی	تیم|تی|تی	تیم|تی+م|تی+م	N1|N1+N|N1+V
20	فوتبال	فوتبال	فوتبال	فوتبال	N1
21	اتلتیکو¬مادرید	اتلتیکو¬مادرید	اتلتیکو¬مادرید	اتلتیکو¬مادرید	N
22	مقابل	مقابل|مقابل	مقابل|مقابل	مقابل|مقابل	A0|N9
23	رئال¬سوسیدار	رئال¬سوسیدار	رئال¬سوسیدار	رئال¬سوسیدار	N
24	به	به|به	به|به	به|به	Pr|N1
25	پایان	پایان|پای|پا|پا	پایان|پای|پا|پا	پایان|پای+ان|پا+ی+ان|پا+ی+ان	N1|N1+Pl|V1+Pl|N1+Pl
26	رسید	رسید|رسید|رس|رس	رسید|رسید|رس|رس	رسید|رسید|رس+ید|رس+ید	V|N1|V|N1+V
27	.	.	.	.	Si

0	سرمربی	سرمربی	سرمربی	سرمربی	N1
1	سابق	سابق	سابق	سابق	A0
2	تیم	تیم|تی|تی	تیم|تی|تی	تیم|تی+م|تی+م	N1|N1+N|N1+V
3	ملی	ملی|مل|مل	ملی|مل|مل	ملی|مل+ی|مل+ی	A0|N1+Y|N1+Y
4	اسپانیا	اسپانیا	اسپانیا	اسپانیا	N2
5	با	با	با	با	Pr
6	رقم	رقم	رقم	رقم	N1
7	زدن	زد	زد	زد+ن	V2+Neg
8	یک	یک	یک	یک	No
9	شروع	شروع	شروع	شروع	N1
10	افتضاح	افتضاح	افتضاح	افتضاح	A0
11	تیمش	تیم	تیم	تیم+ش	N1+N
12	را	را	را	را	Po
13	در	در|در|در|در|در	در|در|در|در|در	در|در|در|در|در	Pr|V|N1|N1|VPr
14	رده	رده|رد	رده|رد	رده|رد+ه	N1|A0+O
15	نازل	نازل	نازل	نازل	N1
16	هفتم	هفت|هفت	هفت|هفت	هفت+م|هفت+م	No+N|No+V
17	قرار	قرار|قرار	قرار|قرار	قرار|قرار	N1|N9
18	داده	داده|داد|داد	داده|داد|داد	داده|داد+ه|داد+ه	N1|O+O|N1+O
19	و	و|و|و	و|و|و	و|و|و	C0|Ab|Al
20	تا	تا|تا|تا	تا|تا|تا	تا|تا|تا	Pr|C0|Ab
21	اینجا	اینجا	اینجا	اینجا	N1
22	هم	هم|هم|هم	هم|هم|هم	هم|هم|هم	Ad|C0|N
23	به	به|به	به|به	به|به	Pr|N1
24	اصرار	اصرار	اصرار	اصرار	N1
25	مدیر	مدیر	مدیر	مدیر	N1
26	ورزشی	ورزشی|ورزش|ورز|ورز	ورزشی|ورزش|ورز|ورز	ورزشی|ورزش+ی|ورز+ش+ی|ورز+ش+ی	A0|N1+Y|V1+O+Y|N1+N+Y
27	باشگاه	باشگاه	باشگاه	باشگاه	N1
28	توسط	توسط|توسط	توسط|توسط	توسط|توسط	N1|N9
29	فلورنتینوپرس	فلورنتینوپرس	فلورنتینوپرس	فلورنتینوپرس	N
30	،	،	،	،	Si
31	رئیس	رئیس	رئیس	رئیس	N1
32	باشگاه	باشگاه	باشگاه	باشگاه	N1
33	اخراج	اخراج	اخراج	اخراج	N1
34	نشده¬است	شد	شد	ن+شد+ها+ست	Neg+V3+Pl+N
35	اما	اما	اما	اما	C0
36	شاید	شاید|شاید|شا	شاید|شاید|شا	شاید|شاید|شا+ی+د	V|Ad|V
37	این	این|این	این|این	این|این	A1|N6
38	،	،	،	،	Si
39	آخرین	آخر	آخر	آخر+ین	N1+O
40	فرصتش	فرصت	فرصت	فرصت+ش	N1+N
41	باشد	باش|اشد	باش|اشد	باش+د|ب+اشد	V|O+A0
42	.	.	.	.	Si

0	بازیکن	بازیکن	بازیکن	بازیکن	N1
1	سابق	سابق	سابق	سابق	A0
2	بارسلونا	بارسلونا	بارسلونا	بارسلونا	N2
3	می‌تواند	توان|توان	توان|توان	می+توان+د|می+توان+د	O+V4+O|V
4	به	به|به	به|به	به|به	Pr|N1
5	این	این|این	این|این	این|این	A1|N6
6	فرصت	فرصت	فرصت	فرصت	N1
7	به	به|به	به|به	به|به	Pr|N1
8	دیده	دیده|دید|دید	دیده|دید|دید	دیده|دید+ه|دید+ه	N1|O+O|N1+O
9	مثبت	مثبت	مثبت	مثبت	A0
10	نگاه	نگاه	نگاه	نگاه	N1
11	کند	کند|کن|کن	کند|کن|کن	کند|کن+د|کن+د	A0|V|V
12	چون	چون|چون	چون|چون	چون|چون	C0|Pr
13	رئال‌مادرید	رئال‌مادرید	رئال‌مادرید	رئال‌مادرید	N1
14	هرچقدر	هرچقدر	هرچقدر	هرچقدر	Ad
15	در	در|در|در|در|در	در|در|در|در|در	در|در|در|در|در	Pr|V|N1|N1|VPr
16	این	این|این	این|این	این|این	A1|N6
17	سال‌ها	سال	سال	سال+ها	N1+Pl
18	ال‌کلاسیکوهای	ال‌کلاسیکو	ال‌کلاسیکو	ال‌کلاسیکو	N
19	خانگی	خانگی|خانه|خان	خانگی|خانه|خان	خانگی|خانه+گی|خان+ه+گی	A0|N1+O|N1+O+O
20	را	را	را	را	Po
21	باخته	باخته|باخت|باخت|اخته|اخت	باخته|باخت|باخت|اخته|اخت	باخته|باخت+ه|باخت+ه|ب+اخته|ب+اخت+ه	A0|O+O|N1+O|O+A0|O+A0+O
22	در	در|در|در|در|در	در|در|در|در|در	در|در|در|در|در	Pr|V|N1|N1|VPr
23	3	3	3	3	No
24	جدال	جدال	جدال	جدال	N1
25	اخیر	اخیر	اخیر	اخیر	A0
26	در	در|در|در|در|در	در|در|در|در|در	در|در|در|در|در	Pr|V|N1|N1|VPr
27	نوکمپ	نوکمپ	نوکمپ	نوکمپ	N
28	شکست	شکست|شکست|شک|شک	شکست|شکست|شک|شک	شکست|شکست|شک+ست|شک+ست	V|N1|N1+N|N1+N
29	نخورده¬است	خورد|خور	خورد|خور	ن+خورد+ها+ست|ن+خور+د+ها+ست	Neg+V2+Pl+N|Neg+V1+O+Pl+N
30	.	.	.	.	Si

0	در	در|در|در|در|در	در|در|در|در|در	در|در|در|در|در	Pr|V|N1|N1|VPr
1	طرف	طرف|طرف	طرف|طرف	طرف|طرف	N1|N1
2	مقابل	مقابل|مقابل	مقابل|مقابل	مقابل|مقابل	A0|N9
3	بارسلونا	بارسلونا	بارسلونا	بارسلونا	N2
4	پس‌از	پس‌از	پس‌از	پس‌از	Pr1
5	3	3	3	3	No
6	هفته	هفته	هفته	هفته	N1
7	متوالی	متوالی	متوالی	متوالی	A0
8	ناکامی	ناکامی|ناکام|کام	ناکامی|ناکام|کام	ناکامی|ناکام+ی|نا+کام+ی	N1|A0+Y|Neg+N1+Y
9	در	در|در|در|در|در	در|در|در|در|در	در|در|در|در|در	Pr|V|N1|N1|VPr
10	کسب	کسب	کسب	کسب	N1
11	پیروزی	پیروزی	پیروزی	پیروزی	N2
12	به	به|به	به|به	به|به	Pr|N1
13	اوج	اوج	اوج	اوج	N1
14	برگشت	برگشت|برگشت	برگشت|برگشت	برگشت|برگشت	V|N1
15	و	و|و|و	و|و|و	و|و|و	C0|Ab|Al
16	با	با	با	با	Pr
17	برتری	برتری|برتر	برتری|برتر	برتری|برتر+ی	N1|A0+Y
18	بر	بر|بر|بر|بر|بر	بر|بر|بر|بر|بر	بر|بر|بر|بر|بر	Pr|V|V|VPr|N1
19	سویا	سویا	سویا	سویا	N1
20	صدر	صدر	صدر	صدر	N1
21	جدول	جدول|جد|جد	جدول|جد|جد	جدول|جد+ول|جد+ول	N1|N1+O|N1+O
22	را	را	را	را	Po
23	در	در|در|در|در|در	در|در|در|در|در	در|در|در|در|در	Pr|V|N1|N1|VPr
24	اختیار	اختیار|اخت|اخ|اخ|اخ	اختیار|اخت|اخ|اخ|اخ	اختیار|اخت+یار|اخ+ت+یار|اخ+ت+یار|اخ+ت+یار	N1|A0+O|N1+N+O|N1+N+O|A0+N+O
25	گرفت	گرفت|گرفت	گرفت|گرفت	گرفت|گرفت	V|N1
26	اما	اما	اما	اما	C0
27	این	این|این	این|این	این|این	A1|N6
28	موضوع	موضوع	موضوع	موضوع	N1
29	به	به|به	به|به	به|به	Pr|N1
30	قیمت	قیمت|قیم	قیمت|قیم	قیمت|قیم+ت	N1|N1+N
31	ازدست	ازدست	ازدست	ازدست	Pr1
32	دادن	داد	داد	داد+ن	V2+Neg
33	لیونل¬مسی	لیونل¬مس	لیونل¬مس	لیونل¬مس	N
34	،	،	،	،	Si
35	ستاره‌اش	ستاره	ستاره	ستاره+اش	N1+N
36	به	به|به	به|به	به|به	Pr|N1
37	مدت	مدت|مد|مد	مدت|مد|مد	مدت|مد+ت|مد+ت	N1|N1+N|N1+N
38	4	4	4	4	No
39	هفته	هفته	هفته	هفته	N1
40	انجامید	انجامید|انجام|انجام	انجامید|انجام|انجام	انجامید|انجام+ید|انجام+ید	V|N1+V|V
41	و	و|و|و	و|و|و	و|و|و	C0|Ab|Al
42	حالا	حالا	حالا	حالا	Ad
43	بهترین	بهترین|بهتر	بهترین|بهتر	بهترین|بهتر+ین	A0|A0+O
44	گلزن	گلزن	گلزن	گلزن	N1
45	تاریخ	تاریخ	تاریخ	تاریخ	N1
46	ال¬کلاسیکو	ال¬کلاسیکو	ال¬کلاسیکو	ال¬کلاسیکو	N
47	در	در|در|در|در|در	در|در|در|در|در	در|در|در|در|در	Pr|V|N1|N1|VPr
48	این	این|این	این|این	این|این	A1|N6
49	نبرد	نبرد|برد|بر|بر	نبرد|برد|بر|بر	نبرد|ن+برد|ن+بر+د|ن+بر+د	N1|V|V|V
50	سنتی	سنتی|سنت|سنت	سنتی|سنت|سنت	سنتی|سنت+ی|سنت+ی	A0|N1+Y|N1+Y
51	غایب	غایب	غایب	غایب	A0
52	است	است|اس	است|اس	است|اس+ت	V|N1+N
53	.	.	.	.	Si

0	طرح‌های	طرح	طرح	طرح+ها+ی	N1+Pl+Y
1	ارائه‌شده	ارائه‌شده	ارائه‌شده	ارائه‌شده	A0
2	برای	برای	برای	برای	Pr
3	مهاجرت	مهاجرت|مهاجر	مهاجرت|مهاجر	مهاجرت|مهاجر+ت	N1|N1+N
4	ماشین	ماشین|ماش	ماشین|ماش	ماشین|ماش+ین	N1|N1+O
5	مجازی	مجازی|مجاز|مجاز	مجازی|مجاز|مجاز	مجازی|مجاز+ی|مجاز+ی	A0|N1+Y|N1+Y
6	در	در|در|در|در|در	در|در|در|در|در	در|در|در|در|در	Pr|V|N1|N1|VPr
7	سه	سه	سه	سه	No
8	بخش	بخش|بخش|خش	بخش|بخش|خش	بخش|بخش|ب+خش	N1|V|O+N1
9	طبقه‌بندی	طبقه‌بندی	طبقه‌بندی	طبقه‌بندی	N1
10	شده‌اند	شد	شد	شد+ه+اند	V
11	:	:	:	:	Si

0	فاصله	فاصله|فاصل	فاصله|فاصل	فاصله|فاصل+ه	N1|N1+O
1	،	،	،	،	Si
2	مسافت	مسافت	مسافت	مسافت	N1
3	،	،	،	،	Si
4	جزئیات	جزئیات|جزئی	جزئیات|جزئی	جزئیات|جزئی+ات	N1|A0+Pl
5	.	.	.	.	Si

0	مطالعات	مطالعات|مطالع	مطالعات|مطالع	مطالعات|مطالع+ات	N1|N1+Pl
1	درمورد	درمورد	درمورد	درمورد	Pr1
2	مهاجرت	مهاجرت|مهاجر	مهاجرت|مهاجر	مهاجرت|مهاجر+ت	N1|N1+N
3	غیرزنده	غیرزنده|زنده	غیرزنده|زنده	غیرزنده|غیر+زنده	A0|O+A0
4	بسادگی	بسادگی|سادگی|ساده|ساد	بسادگی|سادگی|ساده|ساد	بسادگی|ب+سادگی|ب+ساده+گی|ب+ساد+ه+گی	Ad|O+N1|O+A0+O|O+A0+O+O
5	قابل‌انجام	قابل‌انجام	قابل‌انجام	قابل‌انجام	A0
6	است	است|اس	است|اس	است|اس+ت	V|N1+N
7	ولی	ولی|ولی|ول|ول	ولی|ولی|ول|ول	ولی|ولی|ول+ی|ول+ی	C0|N1|A0+Y|N1+Y
8	کسانی	کسان|کس|کس	کسان|کس|کس	کسان+ی|کس+ان+ی|کس+ان+ی	N1+Y|N1+Pl+Y|N1+Pl+Y
9	که	که|که|که|که	که|که|که|که	که|که|که|که	C0|NA|N1|N1
10	برروی	برروی	برروی	برروی	Pr1
11	مهاجرت	مهاجرت|مهاجر	مهاجرت|مهاجر	مهاجرت|مهاجر+ت	N1|N1+N
12	زنده	زنده	زنده	زنده	A0
13	مطالعه	مطالعه|مطالع	مطالعه|مطالع	مطالعه|مطالع+ه	N1|N1+O
14	می‌کنند	کن|کن	کن|کن	می+کن+ند|می+کن+ند	V|V
15	،	،	،	،	Si
16	بصورت	صورت|صور|صور	صورت|صور|صور	ب+صورت|ب+صور+ت|ب+صور+ت	O+N1|O+N1+N|O+N1+N
17	کلی	کلی|کل|کل|کل|کل|کل	کلی|کل|کل|کل|کل|کل	کلی|کل+ی|کل+ی|کل+ی|کل+ی|کل+ی	A0|A0+Y|A0+Y|N1+Y|N1+Y|N1+Y
18	با	با	با	با	Pr
19	سه	سه	سه	سه	No
20	چالش	چالش|چال	چالش|چال	چالش|چال+ش	N1|N1+N
21	اساسی	اساسی|اساس	اساسی|اساس	اساسی|اساس+ی	A0|N1+Y
22	روبرو	روبرو	روبرو	روبرو	A0
23	می‌شوند	شو|شو	شو|شو	می+شو+ند|می+شو+ند	V|V
24	:	:	:	:	Si

0	مهاجرت	مهاجرت|مهاجر	مهاجرت|مهاجر	مهاجرت|مهاجر+ت	N1|N1+N
1	داده‌های	داده|داد|داد	داده|داد|داد	داده+ها+ی|داد+ه+ها+ی|داد+ه+ها+ی	N1+Pl+Y|O+O+Pl+Y|N1+O+Pl+Y
2	حافظه	حافظه|حافظ	حافظه|حافظ	حافظه|حافظ+ه	N1|N1+O
3	،	،	،	،	Si
4	مهاجرت	مهاجرت|مهاجر	مهاجرت|مهاجر	مهاجرت|مهاجر+ت	N1|N1+N
5	داده‌های	داده|داد|داد	داده|داد|داد	داده+ها+ی|داد+ه+ها+ی|داد+ه+ها+ی	N1+Pl+Y|O+O+Pl+Y|N1+O+Pl+Y
6	ذخیره‌شده	ذخیره‌شده	ذخیره‌شده	ذخیره‌شده	A0
7	و	و|و|و	و|و|و	و|و|و	C0|Ab|Al
8	تداوم	تداوم	تداوم	تداوم	N1
9	برقراری	برقراری|برقرار	برقراری|برقرار	برقراری|برقرار+ی	N1|A0+Y
10	اتصال	اتصال	اتصال	اتصال	N1
11	به	به|به	به|به	به|به	Pr|N1
12	شبکه	شبکه|شب	شبکه|شب	شبکه|شب+ک+ه	N1|N1+O+O
13	.	.	.	.	Si

0	کارهایی	کار	کار	کار+ها+یی	N1+Pl+O
1	که	که|که|که|که	که|که|که|که	که|که|که|که	C0|NA|N1|N1
2	برای	برای	برای	برای	Pr
3	تجزیه‌وتحلیل	تجزیه‌وتحلیل	تجزیه‌وتحلیل	تجزیه‌وتحلیل	N1
4	عملکرد	عملکرد	عملکرد	عملکرد	N1
5	و	و|و|و	و|و|و	و|و|و	C0|Ab|Al
6	کارایی	کارایی|کارا	کارایی|کارا	کارایی|کارا+یی	N1|A0+O
7	مهاجرت	مهاجرت|مهاجر	مهاجرت|مهاجر	مهاجرت|مهاجر+ت	N1|N1+N
8	ماشین	ماشین|ماش	ماشین|ماش	ماشین|ماش+ین	N1|N1+O
9	مجازی	مجازی|مجاز|مجاز	مجازی|مجاز|مجاز	مجازی|مجاز+ی|مجاز+ی	A0|N1+Y|N1+Y
10	انجام	انجام|انجام	انجام|انجام	انجام|انجام	N1|V
11	شده¬است	شد	شد	شد+ه+است	V
12	،	،	،	،	Si
13	نیز	نیز|آز	نیز|آز	نیز|نی+آز	Ad|V
14	ذکر	ذکر|ذکر	ذکر|ذکر	ذکر|ذکر	N1|N1
15	شده¬است	شد	شد	شد+ه+است	V
16	.	.	.	.	Si

0	با	با	با	با	Pr
1	توسعه	توسعه	توسعه	توسعه	N1
2	و	و|و|و	و|و|و	و|و|و	C0|Ab|Al
3	تکامل	تکامل	تکامل	تکامل	N1
4	را	را	را	را	Po
5	یا	یا|یا	یا|یا	یا|یا	C0|Intj
6	نش‌ابری	نشا|شا	نشا|شا	نشا+بر+ی|ن+شا+بر+ی	N1+O+Y|Neg+V1+O+Y
7	،	،	،	،	Si
8	تحرک	تحرک	تحرک	تحرک	N1
9	کاربر	کاربر|کاربر|کار	کاربر|کاربر|کار	کاربر|کاربر|کار+بر	A0|A0|N1+O
10	،	،	،	،	Si
11	یک	یک	یک	یک	No
12	انگیزه	انگیزه|انگیز	انگیزه|انگیز	انگیزه|انگیز+ه	N1|V1+O
13	مهم	مهم|مه|مه|مه|مه	مهم|مه|مه|مه|مه	مهم|مه+م|مه+م|مه+م|مه+م	A0|N1+N|N1+V|N1+N|N1+V
14	برای	برای	برای	برای	Pr
15	مهاجرت	مهاجرت|مهاجر	مهاجرت|مهاجر	مهاجرت|مهاجر+ت	N1|N1+N
16	زنده	زنده	زنده	زنده	A0
17	VM	VM	VM	VM	Pl
18	در	در|در|در|در|در	در|در|در|در|در	در|در|در|در|در	Pr|V|N1|N1|VPr
19	برخی	برخی	برخی	برخی	A2
20	از	از	از	از	Pr
21	سناریوها	سناریو	سناریو	سناریو+ها	N1+Pl
22	(	(	(	(	Si
23	مانند	مانند|مانند|مان|مان	مانند|مانند|مان|مان	مانند|مانند|مان+ند|مان+ند	N1|N9|V|N1+V
24	محاسبات	محاسبات|محاسب	محاسبات|محاسب	محاسبات|محاسب+ات	N1|N1+Pl
25	مه	مه|مه	مه|مه	مه|مه	N1|N1
26	خواهد¬بود	بود	بود	خواهد+بود	V
27	.	.	.	.	Si

0	بنابراین	بنابراین|برا	بنابراین|برا	بنابراین|نا+ب+برا+ین	Ad|O+Neg+A0+O
1	مطالعات	مطالعات|مطالع	مطالعات|مطالع	مطالعات|مطالع+ات	N1|N1+Pl
2	درمورد	درمورد	درمورد	درمورد	Pr1
3	پیوند	پیوند|پیوند	پیوند|پیوند	پیوند|پیوند	V|N1
4	مهاجرت	مهاجرت|مهاجر	مهاجرت|مهاجر	مهاجرت|مهاجر+ت	N1|N1+N
5	VM	VM	VM	VM	Pl
6	،	،	،	،	Si
7	به	به|به	به|به	به|به	Pr|N1
8	تحرک	تحرک	تحرک	تحرک	N1
9	کاربران	کاربر|کاربر|کار	کاربر|کاربر|کار	کاربر+ان|کاربر+ان|کار+بر+ان	A0+Pl|A0+Pl|N1+O+Pl
10	خلاصه	خلاصه|خلاص	خلاصه|خلاص	خلاصه|خلاص+ه	A0|N1+O
11	شده¬است	شد	شد	شد+ه+است	V
12	.	.	.	.	Si

0	کاربری	کاربری|کاربری|کاربر|کاربر|کار	کاربری|کاربری|کاربر|کاربر|کار	کاربری|کاربری|کاربر+ی|کاربر+ی|کار+بر+ی	N1|N1|A0+Y|A0+Y|N1+O+Y
1	که	که|که|که|که	که|که|که|که	که|که|که|که	C0|NA|N1|N1
2	دسترسی	دسترسی|دسترس	دسترسی|دسترس	دسترسی|دسترس+ی	N1|N1+Y
3	فیزیکی	فیزیکی|فیزیک	فیزیکی|فیزیک	فیزیکی|فیزیک+ی	A0|N1+Y
4	غیرمجاز	غیرمجاز|مجاز|مجاز	غیرمجاز|مجاز|مجاز	غیرمجاز|غیر+مجاز|غیر+مجاز	A0|O+N1|O+N1
5	به	به|به	به|به	به|به	Pr|N1
6	کامپیوتر	کامپیوتر	کامپیوتر	کامپیوتر	N1
7	پیدا	پیدا	پیدا	پیدا	A0
8	کرده¬باشد	کرد	کرد	کرد+ه+باش+د	V
9	،	،	،	،	Si
10	قادر	قادر	قادر	قادر	A0
11	است	است|اس	است|اس	است|اس+ت	V|N1+N
12	اطلاعات	اطلاعات|اطلاع	اطلاعات|اطلاع	اطلاعات|اطلاع+ات	N1|N1+Pl
13	را	را	را	را	Po
14	از	از	از	از	Pr
15	آن	آن|آن	آن|آن	آن|آن	A1|N6
16	کپی	کپی|کپی|کپ|کپ	کپی|کپی|کپ|کپ	کپی|کپی|کپ+ی|کپ+ی	N1|N1|V|N1+Y
17	کند	کند|کن|کن	کند|کن|کن	کند|کن+د|کن+د	A0|V|V
18	.	.	.	.	Si

0	حتی	حتی	حتی	حتی	Ad
1	اگر	اگر	اگر	اگر	C0
2	سیستم	سیستم	سیستم	سیستم	N1
3	باامنیت	باامنیت|امنیت|امن	باامنیت|امنیت|امن	باامنیت|با+امنیت|با+امن+یت	A0|O+N1|O+A0+O
4	استاندارد	استاندارد|استان	استاندارد|استان	استاندارد|استان+دار+د	A0|V1+O+O
5	حفاظت	حفاظت|حفاظ	حفاظت|حفاظ	حفاظت|حفاظ+ت	N1|N1+N
6	شده¬باشد	شد	شد	شد+ه+باش+د	V3+O+O+O
7	،	،	،	،	Si
8	حساب	حساب	حساب	حساب	N1
9	کاربر	کاربر|کاربر|کار	کاربر|کاربر|کار	کاربر|کاربر|کار+بر	A0|A0|N1+O
10	و	و|و|و	و|و|و	و|و|و	C0|Ab|Al
11	پسورد	ورد	ورد	پس+ورد	V
12	او	او|او	او|او	او|او	N5|Ab
13	را	را	را	را	Po
14	می‌توان	توان	توان	می+توان	O+V4
15	با	با	با	با	Pr
16	گذر	گذر|گذر	گذر|گذر	گذر|گذر	V|N1
17	از	از	از	از	Pr
18	این	این|این	این|این	این|این	A1|N6
19	مکانیسم‌ها	مکانیسم	مکانیسم	مکانیسم+ها	N1+Pl
20	و	و|و|و	و|و|و	و|و|و	C0|Ab|Al
21	راه‌اندازی	راه‌اندازی|راه‌انداز	راه‌اندازی|راه‌انداز	راه‌اندازی|راه‌انداز+ی	N1|N1+Y
22	سیستم‌عامل	سیستم‌عامل	سیستم‌عامل	سیستم‌عامل	N1
23	دیگر	دیگر|دیگر|دی	دیگر|دیگر|دی	دیگر|دیگر|دی+گر	Ad|A2|N1+O
24	یا	یا|یا	یا|یا	یا|یا	C0|Intj
25	ابزاری	ابزاری|ابزار|اب	ابزاری|ابزار|اب	ابزاری|ابزار+ی|اب+زار+ی	A0|N1+Y|N1+O+Y
26	از	از	از	از	Pr
27	CD	CD	CD	CD	Pl
28	-	-	-	-	Exp
29	ROM	ROM	ROM	ROM	Pl
30	برای	برای	برای	برای	Pr
31	راه‌اندازی	راه‌اندازی|راه‌انداز	راه‌اندازی|راه‌انداز	راه‌اندازی|راه‌انداز+ی	N1|N1+Y
32	مجدد	مجدد|مجدد	مجدد|مجدد	مجدد|مجدد	A0|N1
33	پسورد	ورد	ورد	پس+ورد	V
34	سرپرست	سرپرست|سر	سرپرست|سر	سرپرست|سر+پرست	N1|N1+O
35	و	و|و|و	و|و|و	و|و|و	C0|Ab|Al
36	تبدیل	تبدیل	تبدیل	تبدیل	N1
37	آن	آن|آن	آن|آن	آن|آن	A1|N6
38	به	به|به	به|به	به|به	Pr|N1
39	رشته	رشته|رشت	رشته|رشت	رشته|رشت+ه	N1|O+O
40	null	null	null	null	Pl
41	،	،	،	،	Si
42	به	به|به	به|به	به|به	Pr|N1
43	دست	دست|دست	دست|دست	دست|دست	N1|N9
44	آورد	آورد|آور	آورد|آور	آورد|آور+د	V|V
45	.	.	.	.	Si

0	رمزگذاری	رمزگذاری|رمزگذار|رمز	رمزگذاری|رمزگذار|رمز	رمزگذاری|رمزگذار+ی|رمز+گذار+ی	N1|A0+Y|N1+O+Y
1	دیسک	دیسک|دیس	دیسک|دیس	دیسک|دیس+ک	N1|N1+O
2	و	و|و|و	و|و|و	و|و|و	C0|Ab|Al
3	ماژول	ماژول	ماژول	ماژول	N
4	Trusted	Trusted	Trusted	Trusted	Pl
5	Platform	Platform	Platform	Platform	Pl
6	برای	برای	برای	برای	Pr
7	جلوگیری	جلوگیری|جلوگیر	جلوگیری|جلوگیر	جلوگیری|جلوگیر+ی	N1|A0+Y
8	از	از	از	از	Pr
9	چنین	چنین	چنین	چنین	A2
10	حمله‌¬هایی	حمله|حمل	حمله|حمل	حمله+ها+یی|حمل+ه+ها+یی	N1+Pl+O|N1+O+Pl+O
11	طراحی	طراحی|طراح	طراحی|طراح	طراحی|طراح+ی	N1|N1+Y
12	شده‌اند	شد	شد	شد+ه+اند	V
13	.	.	.	.	Si

