0	درهم‌تنیدگی	درهم‌تنیدگی|درهم‌تنیده	درهم‌تنیدگی|درهم‌تنیده	درهم‌تنیدگی|درهم‌تنیده+گی	N1|A0+O	اسم|صفت + گی
1	کوانتومی	کوانتومی|کوانتوم	کوانتومی|کوانتوم	کوانتومی|کوانتوم+ی	A0|N1+Y	صفت|اسم + ی
2	می‌گوید	گو	گو	می+گو+ید	V	دوم شخص جمع

0	«	«	«	«	Si	
1	در	در|در|در|در|در	در|در|در|در|در	در|در|در|در|در	Pr|V|N1|N1|VPr	حرف اضافه|فعل امر مثبت|اسم|اسم|پیشوند فعل
2	سامانه‌های	سامانه|سامان	سامانه|سامان	سامانه+ها+ی|سامان+ه+ها+ی	N1+Pl+Y|N1+O+Pl+Y	اسم + علامت جمع + ی|اسم + ه + علامت جمع + ی
3	مرکب	مرکب|مرکب	مرکب|مرکب	مرکب|مرکب	A0|N1	صفت|اسم
4	با	با	با	با	Pr	حرف اضافه
5	وضعیت‌هایی	وضعیت	وضعیت	وضعیت+ها+یی	N1+Pl+O	اسم + علامت جمع + یی
6	مواجه	مواجه|مواج	مواجه|مواج	مواجه|مواج+ه	A0|A0+O	صفت|صفت + ه
7	می‌شویم	شو|شو	شو|شو	می+شو+یم|می+شو+یم	V|V	اول شخص جمع|اول شخص جمع

0	که	که|که|که|که	که|که|که|که	که|که|که|که	C0|NA|N1|N1	حرف ربط|ضمیر پرسشی|اسم|اسم
1	در	در|در|در|در|در	در|در|در|در|در	در|در|در|در|در	Pr|V|N1|N1|VPr	حرف اضافه|فعل امر مثبت|اسم|اسم|پیشوند فعل
2	آن	آن|آن	آن|آن	آن|آن	A1|N6	صفت اشاره|ضمیر اشاره
3	اجزای	اجزا	اجزا	اجزا+ی	N1+Y	اسم + ی
4	سامانه	سامانه|سامان|سا	سامانه|سامان|سا	سامانه|سامان+ه|سا+مان+ه	N1|N1+O|V1+N+O	اسم|اسم + ه|بن مضارع + ضمیر ملکی اول شخص جمع + ه
5	دارای	دارا	دارا	دارا+ی	A0+Y	صفت + ی
6	هیچ	هیچ	هیچ	هیچ	A1	صفت اشاره
7	ویژگی	ویژگی|ویژه	ویژگی|ویژه	ویژگی|ویژه+گی	N1|A0+O	اسم|صفت + گی
8	نیستند	نیست|است	نیست|است	نیست+ند|نی+است+ند	N1+V|V	اسم + فعل سوم شخص جمع|سوم شخص جمع

0	بلکه	بلکه|لکه|بل|لک|بل	بلکه|لکه|بل|لک|بل	بلکه|ب+لکه|بل+ک+ه|ب+لک+ه|بل+ک+ه	Ad|O+N1|N1+O+O|O+N1+O|N1+O+O	قید|ب + اسم|اسم + ک + ه|ب + اسم + ه|اسم + ک + ه
1	فقط	فقط	فقط	فقط	Ad	قید
2	سامانه‌ی	سامانه|سامان	سامانه|سامان	سامانه+ی|سامان+ه+ی	N1+Y|N1+O+Y	اسم + ی|اسم + ه + ی
3	کل	کل|کل|کل|کل|کل	کل|کل|کل|کل|کل	کل|کل|کل|کل|کل	A0|A0|N1|N1|N1	صفت|صفت|اسم|اسم|اسم
4	دارای	دارا	دارا	دارا+ی	A0+Y	صفت + ی
5	دسته‌ای	دسته‌ای|دسته|دست	دسته‌ای|دسته|دست	دسته‌ای|دسته+ای|دست+ه+ای	A0|N1+O|N1+O+O	صفت|اسم + ای|اسم + ه + ای
6	از	از	از	از	Pr	حرف اضافه
7	ویژگی‌ها	ویژگی|ویژه	ویژگی|ویژه	ویژگی+ها|ویژه+گی+ها	N1+Pl|A0+O+Pl	اسم + علامت جمع|صفت + گی + علامت جمع
8	است	است|اس	است|اس	است|اس+ت	V|N1+N	سوم شخص مفرد|اسم + ضمیر ملکی دوم شخص مفرد
9	.	.	.	.	Si	

0	»	»	»	»	Si	
1	به	به|به	به|به	به|به	Pr|N1	حرف اضافه|اسم
2	زبان	زبان	زبان	زبان	N1	اسم
3	ساده	ساده|ساد	ساده|ساد	ساده|ساد+ه	A0|A0+O	صفت|صفت + ه
4	و	و|و|و	و|و|و	و|و|و	C0|Ab|Al	حرف ربط|اختصارات|حروف الفبا
5	به	به|به	به|به	به|به	Pr|N1	حرف اضافه|اسم
6	عنوان	عنوان	عنوان	عنوان	N1	اسم
7	اولین	اولین|اول	اولین|اول	اولین|اول+ین	A0|A0+O	صفت|صفت + ین
8	مثال	مثال	مثال	مثال	N1	اسم
9	تاریخی	تاریخی|تاریخ	تاریخی|تاریخ	تاریخی|تاریخ+ی	A0|N1+Y	صفت|اسم + ی
10	،	،	،	،	Si	
11	درهم‌تنیدگی	درهم‌تنیدگی|درهم‌تنیده	درهم‌تنیدگی|درهم‌تنیده	درهم‌تنیدگی|درهم‌تنیده+گی	N1|A0+O	اسم|صفت + گی
12	جفت شدن	جفت شدن	جفت شدن	جفت شدن	N

0	خواص	خاصه	خاصه	خاصه	N	اسم مفرد جمع مکسر
1	مکانیکی	مکانیکی|مکانیک|مکانی|مکان|مک|مک	مکانیکی|مکانیک|مکانی|مکان|مک|مک	مکانیکی|مکانیک+ی|مکانی+ک+ی|مکان+ی+ک+ی|مک+ان+ی+ک+ی|مک+ان+ی+ک+ی	A0|N1+Y|A0+O+Y|N1+Y+O+Y|N1+Pl+Y+O+Y|Ad+Pl+Y+O+Y	صفت|اسم + ی|صفت + ک + ی|اسم + ی + ک + ی|اسم + ان + ی + ک + ی|قید + ان + ی + ک + ی
2	دو	دو|دو|دو|دو	دو|دو|دو|دو	دو|دو|دو|دو	No|V|V|N1	عدد حرفی|فعل امر مثبت|فعل امر مثبت|اسم
3	ذره	ذره|ذر	ذره|ذر	ذره|ذر+ه	N1|N1+O	اسم|اسم + ه
4	است	است|اس	است|اس	است|اس+ت	V|N1+N	سوم شخص مفرد|اسم + ضمیر ملکی دوم شخص مفرد
5	،	،	،	،	Si	

0	ذراتی	ذرات|ذر	ذرات|ذر	ذرات+ی|ذر+ات+ی	N1+Y|N1+Pl+Y	اسم + ی|اسم + علامت جمع + ی
1	که	که|که|که|که	که|که|که|که	که|که|که|که	C0|NA|N1|N1	حرف ربط|ضمیر پرسشی|اسم|اسم
2	پیش‌تر	پیشتر|پیش	پیشتر|پیش	پیشتر|پیش+تر	A0|A0+A	صفت|صفت + علامت صفت تفضیلی
3	با	با	با	با	Pr	حرف اضافه
4	یکدیگر	یکدیگر	یکدیگر	یکدیگر	N	ضمیر مشترک/متقابل
5	در	در|در|در|در|در	در|در|در|در|در	در|در|در|در|در	Pr|V|N1|N1|VPr	حرف اضافه|فعل امر مثبت|اسم|اسم|پیشوند فعل
6	اندرکنش	اندرکنش	اندرکنش	اندرکنش	N1	اسم
7	بوده	بود|بود|بود	بود|بود|بود	بود+ه|بود+ه|بود+ه	O+O|N1+O|V3+O	ریشه ماضی + ه|اسم + ه|فعل اسنادی + ه

0	و	و|و|و	و|و|و	و|و|و	C0|Ab|Al	حرف ربط|اختصارات|حروف الفبا
1	سپس	سپس	سپس	سپس	Ad	قید
2	از	از	از	از	Pr	حرف اضافه
3	یکدیگر	یکدیگر	یکدیگر	یکدیگر	N	ضمیر مشترک/متقابل
4	جدا	جدا	جدا	جدا	A0	صفت
5	شده‌اند	شد	شد	شد+ه+اند	V	سوم شخص جمع
6	.	.	.	.	Si	

0	درهم‌تنیدگی	درهم‌تنیدگی|درهم‌تنیده	درهم‌تنیدگی|درهم‌تنیده	درهم‌تنیدگی|درهم‌تنیده+گی	N1|A0+O	اسم|صفت + گی
1	برای	برای	برای	برای	Pr	حرف اضافه
2	ذراتی	ذرات|ذر	ذرات|ذر	ذرات+ی|ذر+ات+ی	N1+Y|N1+Pl+Y	اسم + ی|اسم + علامت جمع + ی
3	همچون	همچون	همچون	همچون	Pr	حرف اضافه
4	فوتون‌ها	فوتون|فوت|فوت	فوتون|فوت|فوت	فوتون+ها|فوت+ون+ها|فوت+ون+ها	N1+Pl|N1+Pl+Pl|N1+Pl+Pl	اسم + علامت جمع|اسم + علامت جمع + علامت جمع|اسم + علامت جمع + علامت جمع
5	،	،	،	،	Si	
6	الکترون‌ها	الکترون	الکترون	الکترون+ها	N1+Pl	اسم + علامت جمع
7	و	و|و|و	و|و|و	و|و|و	C0|Ab|Al	حرف ربط|اختصارات|حروف الفبا
8	حتی	حتی	حتی	حتی	Ad	قید
9	مولکول‌ها	مولکول	مولکول	مولکول+ها	N1+Pl	اسم + علامت جمع
10	رخ	رخ|رخ	رخ|رخ	رخ|رخ	N1|N1	اسم|اسم
11	می‌دهد	ده	ده	می+ده+د	V	سوم شخص مفرد
12	.	.	.	.	Si	

0	این	این|این	این|این	این|این	A1|N6	صفت اشاره|ضمیر اشاره
1	اندرکنش	اندرکنش	اندرکنش	اندرکنش	N1	اسم
2	فیزیکی	فیزیکی|فیزیک	فیزیکی|فیزیک	فیزیکی|فیزیک+ی	A0|N1+Y	صفت|اسم + ی
3	مربوط	مربوط	مربوط	مربوط	A0	صفت
4	به	به|به	به|به	به|به	Pr|N1	حرف اضافه|اسم
5	خواصی	خاصه	خاصه	خاصه+ی	N+Y	اسم مفرد جمع مکسر + ی
6	نظیر	نظیر	نظیر	نظیر	N1	اسم
7	مکان	مکان|مک|مک	مکان|مک|مک	مکان|مک+ان|مک+ان	N1|N1+Pl|Ad+Pl	اسم|اسم + ان|قید + ان
8	،	،	،	،	Si	
9	تکانه	تکانه|تکان|تکان|تک|تک|تک	تکانه|تکان|تکان|تک|تک|تک	تکانه|تکان+ه|تکان+ه|تک+ان+ه|تک+ان+ه|تک+ان+ه	N1|V1+O|N1+O|A0+Pl+O|N1+Pl+O|N1+Pl+O	اسم|بن مضارع + ه|اسم + ه|صفت + ان + ه|اسم + ان + ه|اسم + ان + ه
10	،	،	،	،	Si	
11	اسپین	اسپین	اسپین	اسپین	N1	اسم
12	و	و|و|و	و|و|و	و|و|و	C0|Ab|Al	حرف ربط|اختصارات|حروف الفبا
13	قطبش	قطبش|قطب|قطب	قطبش|قطب|قطب	قطبش|قطب+ش|قطب+ش	N1|V|N2+N	اسم|سوم شخص مفرد|اسم خاص مکان + ضمیر ملکی سوم شخص مفرد
14	و	و|و|و	و|و|و	و|و|و	C0|Ab|Al	حرف ربط|اختصارات|حروف الفبا
15	…	…	…	…	N
16	است	است|اس	است|اس	است|اس+ت	V|N1+N	سوم شخص مفرد|اسم + ضمیر ملکی دوم شخص مفرد

0	به	به|به	به|به	به|به	Pr|N1	حرف اضافه|اسم
1	گونه‌ای	گونه|گون	گونه|گون	گونه+ای|گون+ه+ای	N1+O|N1+O+O	اسم + ای|اسم + ه + ای
2	که	که|که|که|که	که|که|که|که	که|که|که|که	C0|NA|N1|N1	حرف ربط|ضمیر پرسشی|اسم|اسم
3	با	با	با	با	Pr	حرف اضافه
4	تعیین	تعیین	تعیین	تعیین	N1	اسم
5	هر	هر	هر	هر	A1	صفت اشاره
6	یک	یک	یک	یک	No	عدد حرفی
7	از	از	از	از	Pr	حرف اضافه
8	خواص	خاصه	خاصه	خاصه	N	اسم مفرد جمع مکسر
9	برای	برای	برای	برای	Pr	حرف اضافه
10	یکی	یکی	یکی	یکی	A2	صفت مبهم
11	از	از	از	از	Pr	حرف اضافه
12	دو	دو|دو|دو|دو	دو|دو|دو|دو	دو|دو|دو|دو	No|V|V|N1	عدد حرفی|فعل امر مثبت|فعل امر مثبت|اسم
13	ذره	ذره|ذر	ذره|ذر	ذره|ذر+ه	N1|N1+O	اسم|اسم + ه
14	همان	همان|همان	همان|همان	همان|همان	A1|N6	صفت اشاره|ضمیر اشاره
15	خاصیت	خاصیت|خاص	خاصیت|خاص	خاصیت|خاص+یت	N1|A0+O	اسم|صفت + یت
16	در	در|در|در|در|در	در|در|در|در|در	در|در|در|در|در	Pr|V|N1|N1|VPr	حرف اضافه|فعل امر مثبت|اسم|اسم|پیشوند فعل
17	دیگری	دیگری	دیگری	دیگری	A2	صفت مبهم
18	تعیین	تعیین	تعیین	تعیین	N1	اسم
19	می‌شود	شو|شو	شو|شو	می+شو+د|می+شو+د	V|V	سوم شخص مفرد|سوم شخص مفرد
20	.	.	.	.	Si	

0	به	به|به	به|به	به|به	Pr|N1	حرف اضافه|اسم
1	عبارت	عبارت	عبارت	عبارت	N1	اسم
2	دیگر	دیگر|دیگر|دی	دیگر|دیگر|دی	دیگر|دیگر|دی+گر	Ad|A2|N1+O	قید|صفت مبهم|اسم + گر
3	هر	هر	هر	هر	A1	صفت اشاره
4	یک	یک	یک	یک	No	عدد حرفی
5	از	از	از	از	Pr	حرف اضافه
6	ذرات	ذرات|ذر	ذرات|ذر	ذرات|ذر+ات	N1|N1+Pl	اسم|اسم + علامت جمع
7	جفت شده	جفت	جفت	جفت+شد+ه	V1+O+O	بن مضارع + شد + ه
8	به	به|به	به|به	به|به	Pr|N1	حرف اضافه|اسم
9	خوبی	خوبی|خوب	خوبی|خوب	خوبی|خوب+ی	N1|A0+Y	اسم|صفت + ی
10	توسط	توسط|توسط	توسط|توسط	توسط|توسط	N1|N9	اسم|اسم موجود در ساختمان حرف اضافه و حرف ربط گروهی
11	حالت	حالت|حال	حالت|حال	حالت|حال+ت	N1|N1+N	اسم|اسم + ضمیر ملکی دوم شخص مفرد
12	کوانتومی	کوانتومی|کوانتوم	کوانتومی|کوانتوم	کوانتومی|کوانتوم+ی	A0|N1+Y	صفت|اسم + ی
13	مشابه	مشابه	مشابه	مشابه	N1	اسم
14	توصیف	توصیف	توصیف	توصیف	N1	اسم
15	می‌شوند	شو|شو	شو|شو	می+شو+ند|می+شو+ند	V|V	سوم شخص جمع|سوم شخص جمع
16	.	.	.	.	Si	

0	فلسفه‌ای	فلسفه|فلسف	فلسفه|فلسف	فلسفه+ای|فلسف+ه+ای	N1+O|V1+O+O	اسم + ای|بن مضارع + ه + ای
1	که	که|که|که|که	که|که|که|که	که|که|که|که	C0|NA|N1|N1	حرف ربط|ضمیر پرسشی|اسم|اسم
2	منجر	منجر	منجر	منجر	A0	صفت
3	به	به|به	به|به	به|به	Pr|N1	حرف اضافه|اسم
4	شکل‌گیری‌ی	شکل‌گیری	شکل‌گیری	شکل‌گیری+ی	N1+Y	اسم + ی
5	زبان‌های‌شی	زبان	زبان	زبان+ها+ی+ش+ی	N1+Pl+Y+N+Y	اسم + علامت جمع + ی + ضمیر ملکی سوم شخص مفرد + ی
6	گرا	گرا|گرا	گرا|گرا	گرا|گرا	V|N1	فعل امر مثبت|اسم
7	شد	شد	شد	شد	V	سوم شخص مفرد
8	،	،	،	،	Si	

0	عبارت	عبارت	عبارت	عبارت	N1	اسم
1	بود	بود|بود|بود|بو	بود|بود|بود|بو	بود|بود|بود|بو+د	V|N1|V|V	سوم شخص مفرد|اسم|سوم شخص مفرد|سوم شخص مفرد

0	از	از	از	از	Pr	حرف اضافه
1	این	این|این	این|این	این|این	A1|N6	صفت اشاره|ضمیر اشاره
2	واقعیت	واقعیت|واقعی|واقع	واقعیت|واقعی|واقع	واقعیت|واقعی+ت|واقع+ی+ت	N1|A0+N|N1+Y+N	اسم|صفت + ضمیر ملکی دوم شخص مفرد|اسم + ی + ضمیر ملکی دوم شخص مفرد
3	که	که|که|که|که	که|که|که|که	که|که|که|که	C0|NA|N1|N1	حرف ربط|ضمیر پرسشی|اسم|اسم
4	نحوه‌ی	نحوه|نحو	نحوه|نحو	نحوه+ی|نحو+ه+ی	N1+Y|N1+O+Y	اسم + ی|اسم + ه + ی
5	عملکرد	عملکرد	عملکرد	عملکرد	N1	اسم
6	مغز	مغز	مغز	مغز	N1	اسم
7	و	و|و|و	و|و|و	و|و|و	C0|Ab|Al	حرف ربط|اختصارات|حروف الفبا
8	شیوه‌ی	شیوه|شیو	شیوه|شیو	شیوه+ی|شیو+ه+ی	N1+Y|V1+O+Y	اسم + ی|بن مضارع + ه + ی
9	دریافت	دریافت|دریافت	دریافت|دریافت	دریافت|دریافت	V|N1	سوم شخص مفرد|اسم
10	اطلاعات	اطلاعات|اطلاع	اطلاعات|اطلاع	اطلاعات|اطلاع+ات	N1|N1+Pl	اسم|اسم + علامت جمع
11	از	از	از	از	Pr	حرف اضافه
12	محیط	محیط	محیط	محیط	A0	صفت
13	پیرامون	پیرامون|پیرامون	پیرامون|پیرامون	پیرامون|پیرامون	N1|N9	اسم|اسم موجود در ساختمان حرف اضافه و حرف ربط گروهی
14	و	و|و|و	و|و|و	و|و|و	C0|Ab|Al	حرف ربط|اختصارات|حروف الفبا
15	پردازش	پردازش|پرداز|پرداز	پردازش|پرداز|پرداز	پردازش|پرداز+ش|پرداز+ش	N1|V|N1+N	اسم|سوم شخص مفرد|اسم + ضمیر ملکی سوم شخص مفرد
16	آن	آن|آن	آن|آن	آن|آن	A1|N6	صفت اشاره|ضمیر اشاره
17	اطلاعات	اطلاعات|اطلاع	اطلاعات|اطلاع	اطلاعات|اطلاع+ات	N1|N1+Pl	اسم|اسم + علامت جمع
18	(	(	(	(	Si	
19	اندیشیدن	اندیشید|اندیش	اندیشید|اندیش	اندیشید+ن|اندیش+ید+ن	V2+Neg|V1+V+Neg	بن ماضی + ن|بن مضارع + فعل دوم شخص جمع + ن
20	)	)	)	)	Si	
21	،	،	،	،	Si	
22	شیوه‌ای‌	شیوه‌ای|شیوه|شیو	شیوه‌ای|شیوه|شیو	شیوه‌ای|شیوه+ای|شیو+ه+ای	A0|N1+O|V1+O+O	صفت|اسم + ای|بن مضارع + ه + ای
23	شی‌گراست	شی گراست	شی گراست	شی گراست	N
24	،	،	،	،	Si	

0	از	از	از	از	Pr	حرف اضافه
1	همین	همین|همین	همین|همین	همین|همین	A1|N6	صفت اشاره|ضمیر اشاره
2	روی	روی|روی|رو|رو|رو	روی|روی|رو|رو|رو	روی|روی|رو+ی|رو+ی|رو+ی	Pr1|N1|N1+Y|V|V	حرف اضافه گروهی|اسم|اسم + ی|دوم شخص مفرد|دوم شخص مفرد
3	می‌بایستی	بایستی|بایست	بایستی|بایست	می+بایستی|می+بایست+ی	O+V4|O+V4+Y	می + فعل وجه نما|می + فعل وجه نما + ی
4	زبانی	زبانی|زبان	زبانی|زبان	زبانی|زبان+ی	A0|N1+Y	صفت|اسم + ی
5	تعریف	تعریف	تعریف	تعریف	N1	اسم
6	می‌شد	شد	شد	می+شد	V	سوم شخص مفرد

0	که	که|که|که|که	که|که|که|که	که|که|که|که	C0|NA|N1|N1	حرف ربط|ضمیر پرسشی|اسم|اسم
1	همین	همین|همین	همین|همین	همین|همین	A1|N6	صفت اشاره|ضمیر اشاره
2	شیوه	شیوه|شیو	شیوه|شیو	شیوه|شیو+ه	N1|V1+O	اسم|بن مضارع + ه
3	را	را	را	را	Po	حرف اضافه پسین
4	مبنای	مبنا	مبنا	مبنا+ی	N1+Y	اسم + ی
5	کار	کار|کار	کار|کار	کار|کار	N1|V	اسم|فعل امر مثبت
6	خود	خود|خود	خود|خود	خود|خود	N|N1	ضمیر مشترک/متقابل|اسم
7	قرار	قرار|قرار	قرار|قرار	قرار|قرار	N1|N9	اسم|اسم موجود در ساختمان حرف اضافه و حرف ربط گروهی
8	داده	داده|داد|داد	داده|داد|داد	داده|داد+ه|داد+ه	N1|O+O|N1+O	اسم|ریشه ماضی + ه|اسم + ه
9	و	و|و|و	و|و|و	و|و|و	C0|Ab|Al	حرف ربط|اختصارات|حروف الفبا
10	بازتولید	بازتولید	بازتولید	بازتولید	N1	اسم
11	می‌کرد	کرد	کرد	می+کرد	V	سوم شخص مفرد
12	؛	؛	؛	؛	Si	

0	و	و|و|و	و|و|و	و|و|و	C0|Ab|Al	حرف ربط|اختصارات|حروف الفبا
1	دقیقاً	دقیقاً	دقیقاً	دقیقاً	Ad	قید
2	به	به|به	به|به	به|به	Pr|N1	حرف اضافه|اسم
3	همان	همان|همان	همان|همان	همان|همان	A1|N6	صفت اشاره|ضمیر اشاره
4	شکل	شکل	شکل	شکل	N1	اسم
5	که	که|که|که|که	که|که|که|که	که|که|که|که	C0|NA|N1|N1	حرف ربط|ضمیر پرسشی|اسم|اسم
6	اشیا	اشیا	اشیا	اشیا	N1	اسم
7	در	در|در|در|در|در	در|در|در|در|در	در|در|در|در|در	Pr|V|N1|N1|VPr	حرف اضافه|فعل امر مثبت|اسم|اسم|پیشوند فعل
8	جهان	جهان|جهان|جه	جهان|جهان|جه	جهان|جهان|جه+ان	N1|V|N1+Pl	اسم|فعل امر مثبت|اسم + ان
9	خارج	خارج	خارج	خارج	N1	اسم
10	،	،	،	،	Si	
11	دارای	دارا	دارا	دارا+ی	A0+Y	صفت + ی
12	هویت	هویت|هوی|هو	هویت|هوی|هو	هویت|هوی+ت|هو+ی+ت	N1|N1+N|N1+Y+N	اسم|اسم + ضمیر ملکی دوم شخص مفرد|اسم + ی + ضمیر ملکی دوم شخص مفرد
13	و	و|و|و	و|و|و	و|و|و	C0|Ab|Al	حرف ربط|اختصارات|حروف الفبا
14	کارکرد	کارکرد	کارکرد	کارکرد	N1	اسم
15	مشخص	مشخص	مشخص	مشخص	A0	صفت
16	و	و|و|و	و|و|و	و|و|و	C0|Ab|Al	حرف ربط|اختصارات|حروف الفبا
17	یگانه	یگانه|یگان	یگانه|یگان	یگانه|یگان+ه	A0|N1+O	صفت|اسم + ه
18	برای	برای	برای	برای	Pr	حرف اضافه
19	خود	خود|خود	خود|خود	خود|خود	N|N1	ضمیر مشترک/متقابل|اسم
20	هستند	هست|هست	هست|هست	هست+ند|هست+ند	V|N1+V	سوم شخص جمع|اسم + فعل سوم شخص جمع

0	و	و|و|و	و|و|و	و|و|و	C0|Ab|Al	حرف ربط|اختصارات|حروف الفبا
1	درعین‌حال	درعین‌حال	درعین‌حال	درعین‌حال	C1	حرف ربط گروهی
2	با	با	با	با	Pr	حرف اضافه
3	دیگر	دیگر|دیگر|دی	دیگر|دیگر|دی	دیگر|دیگر|دی+گر	Ad|A2|N1+O	قید|صفت مبهم|اسم + گر
4	اشیا	اشیا	اشیا	اشیا	N1	اسم
5	در	در|در|در|در|در	در|در|در|در|در	در|در|در|در|در	Pr|V|N1|N1|VPr	حرف اضافه|فعل امر مثبت|اسم|اسم|پیشوند فعل
6	ارتباطی	ارتباطی|ارتباط	ارتباطی|ارتباط	ارتباطی|ارتباط+ی	A0|N1+Y	صفت|اسم + ی
7	تنگاتنگ	تنگاتنگ	تنگاتنگ	تنگاتنگ	A0	صفت
8	و	و|و|و	و|و|و	و|و|و	C0|Ab|Al	حرف ربط|اختصارات|حروف الفبا
9	مستقیم‌اند	مستقیم	مستقیم	مستقیم	N
10	،	،	،	،	Si	

0	در	در|در|در|در|در	در|در|در|در|در	در|در|در|در|در	Pr|V|N1|N1|VPr	حرف اضافه|فعل امر مثبت|اسم|اسم|پیشوند فعل
1	زبان‌های	زبان	زبان	زبان+ها+ی	N1+Pl+Y	اسم + علامت جمع + ی
2	برنامه‌نویسی	برنامه‌نویسی|برنامه‌نویس	برنامه‌نویسی|برنامه‌نویس	برنامه‌نویسی|برنامه‌نویس+ی	N1|N1+Y	اسم|اسم + ی
3	نیز	نیز|آز	نیز|آز	نیز|نی+آز	Ad|V	قید|فعل امر منفی
4	می‌بایستی	بایستی|بایست	بایستی|بایست	می+بایستی|می+بایست+ی	O+V4|O+V4+Y	می + فعل وجه نما|می + فعل وجه نما + ی
5	این	این|این	این|این	این|این	A1|N6	صفت اشاره|ضمیر اشاره
6	اصول	اصول	اصول	اصول	N1	اسم
7	کلی	کلی|کل|کل|کل|کل|کل	کلی|کل|کل|کل|کل|کل	کلی|کل+ی|کل+ی|کل+ی|کل+ی|کل+ی	A0|A0+Y|A0+Y|N1+Y|N1+Y|N1+Y	صفت|صفت + ی|صفت + ی|اسم + ی|اسم + ی|اسم + ی
8	برقرار	برقرار	برقرار	برقرار	A0	صفت
9	می‌شد	شد	شد	می+شد	V	سوم شخص مفرد
10	.	.	.	.	Si	

0	تا	تا|تا|تا	تا|تا|تا	تا|تا|تا	Pr|C0|Ab	حرف اضافه|حرف ربط|اختصارات
1	به	به|به	به|به	به|به	Pr|N1	حرف اضافه|اسم
2	این	این|این	این|این	این|این	A1|N6	صفت اشاره|ضمیر اشاره
3	شکل	شکل	شکل	شکل	N1	اسم
4	،	،	،	،	Si	
5	برنامه‌نویس	برنامه‌نویس	برنامه‌نویس	برنامه‌نویس	N1	اسم
6	بتواند	بتوان|توان|توان	بتوان|توان|توان	بتوان+د|ب+توان+د|ب+توان+د	V|O+V4+O|V	سوم شخص مفرد|ب + فعل وجه نما + د|سوم شخص مفرد

0	با	با	با	با	Pr	حرف اضافه
1	بهره‌گیری	بهره‌گیری	بهره‌گیری	بهره‌گیری	N1	اسم
2	از	از	از	از	Pr	حرف اضافه
3	زبانی	زبانی|زبان	زبانی|زبان	زبانی|زبان+ی	A0|N1+Y	صفت|اسم + ی
4	که	که|که|که|که	که|که|که|که	که|که|که|که	C0|NA|N1|N1	حرف ربط|ضمیر پرسشی|اسم|اسم
5	به	به|به	به|به	به|به	Pr|N1	حرف اضافه|اسم
6	روش	روش	روش	روش	N1	اسم
7	اندیشیدنش	اندیشید|اندیش	اندیشید|اندیش	اندیشید+ن+ش|اندیش+ید+ن+ش	V2+Neg+V|V1+V+Neg+V	بن ماضی + ن + مضاف الیه سوم شخص مفرد|بن مضارع + فعل دوم شخص جمع + ن + مضاف الیه سوم شخص مفرد
8	،	،	،	،	Si	
9	نزدیکی	نزدیکی|نزدیک	نزدیکی|نزدیک	نزدیکی|نزدیک+ی	N1|A0+Y	اسم|صفت + ی
10	بیشتری	بیشتر|شتری|بیش|شتر	بیشتر|شتری|بیش|شتر	بیشتر+ی|بی+شتری|بیش+تر+ی|بی+شتر+ی	A0+Y|O+N1|A0+A+Y|O+N1+Y	صفت + ی|بی + اسم|صفت + علامت صفت تفضیلی + ی|بی + اسم + ی
11	دارد	دار|دار	دار|دار	دار+د|دار+د	V|V5+O	سوم شخص مفرد|فعل کمکی + د
12	،	،	،	،	Si	

0	شی‌های	شی	شی	شی	N
1	مختلفی	مختلف	مختلف	مختلف+ی	A0+Y	صفت + ی
2	را	را	را	را	Po	حرف اضافه پسین
3	تعریف	تعریف	تعریف	تعریف	N1	اسم
4	نموده	نموده|نمود|نمود	نموده|نمود|نمود	نموده|نمود+ه|نمود+ه	A0|O+O|N1+O	صفت|ریشه ماضی + ه|اسم + ه
5	،	،	،	،	Si	

0	این	این|این	این|این	این|این	A1|N6	صفت اشاره|ضمیر اشاره
1	شی‌ها	شی	شی	شی	N
2	را	را	را	را	Po	حرف اضافه پسین
3	در	در|در|در|در|در	در|در|در|در|در	در|در|در|در|در	Pr|V|N1|N1|VPr	حرف اضافه|فعل امر مثبت|اسم|اسم|پیشوند فعل
4	ارتباط	ارتباط	ارتباط	ارتباط	N1	اسم
5	با	با	با	با	Pr	حرف اضافه
6	یکدیگر	یکدیگر	یکدیگر	یکدیگر	N	ضمیر مشترک/متقابل
7	قرار	قرار|قرار	قرار|قرار	قرار|قرار	N1|N9	اسم|اسم موجود در ساختمان حرف اضافه و حرف ربط گروهی
8	داده	داده|داد|داد	داده|داد|داد	داده|داد+ه|داد+ه	N1|O+O|N1+O	اسم|ریشه ماضی + ه|اسم + ه

0	و	و|و|و	و|و|و	و|و|و	C0|Ab|Al	حرف ربط|اختصارات|حروف الفبا
1	از	از	از	از	Pr	حرف اضافه
2	شی‌های	شی	شی	شی	N
3	پویای	پویا	پویا	پویا+ی	A0+Y	صفت + ی
4	تولیدشده	تولیدشده	تولیدشده	تولیدشده	A0	صفت
5	برای	برای	برای	برای	Pr	حرف اضافه
6	حل	حل	حل	حل	N1	اسم
7	مسئله‌ی	مسئله	مسئله	مسئله+ی	N1+Y	اسم + ی
8	پیشروی	پیشروی|پیشرو|روی|رو|رو|رو	پیشروی|پیشرو|روی|رو|رو|رو	پیشروی|پیشرو+ی|پیش+روی|پیش+رو+ی|پیش+رو+ی|پیش+رو+ی	N1|A0+Y|O+N1|O+N1+Y|O+V1+Y|O+V1+Y	اسم|صفت + ی|پیش + اسم|پیش + اسم + ی|پیش + بن مضارع + ی|پیش + بن مضارع + ی
9	استفاده	استفاده	استفاده	استفاده	N1	اسم
10	نماید	نما|نما|نما	نما|نما|نما	نما+ید|نما+ید|نما+ید	V|V|V	دوم شخص جمع|دوم شخص جمع|دوم شخص جمع
11	.	.	.	.	Si	

0	امروزه	امروزه|امروز	امروزه|امروز	امروزه|امروز+ه	Ad|N1+O	قید|اسم + ه
1	اکثر	اکثر	اکثر	اکثر	A0	صفت
2	زبان‌های	زبان	زبان	زبان+ها+ی	N1+Pl+Y	اسم + علامت جمع + ی
3	دستوری	دستوری|دستور|دست	دستوری|دستور|دست	دستوری|دستور+ی|دست+ور+ی	A0|N1+Y|N1+O+Y	صفت|اسم + ی|اسم + ور + ی
4	برنامه‌نویسی	برنامه‌نویسی|برنامه‌نویس	برنامه‌نویسی|برنامه‌نویس	برنامه‌نویسی|برنامه‌نویس+ی	N1|N1+Y	اسم|اسم + ی
5	از	از	از	از	Pr	حرف اضافه
6	فنون	فنون|فن|فن	فنون|فن|فن	فنون|فن+ون|فن+ون	N1|N1+Pl|N1+Pl	اسم|اسم + علامت جمع|اسم + علامت جمع
7	شی‌گرایی	شی گرایی	شی گرایی	شی گرایی	N
8	پشتیبانی	پشتیبانی|پشتیبان|پشتی	پشتیبانی|پشتیبان|پشتی	پشتیبانی|پشتیبان+ی|پشتی+بان+ی	N1|N1+Y|N1+Pl+Y	اسم|اسم + ی|اسم + بان + ی
9	می‌کنند	کن|کن	کن|کن	می+کن+ند|می+کن+ند	V|V	سوم شخص جمع|سوم شخص جمع
10	.	.	.	.	Si	

0	زبان‌هایی	زبان	زبان	زبان+ها+یی	N1+Pl+O	اسم + علامت جمع + یی
1	مانند	مانند|مانند|مان|مان	مانند|مانند|مان|مان	مانند|مانند|مان+ند|مان+ند	N1|N9|V|N1+V	اسم|اسم موجود در ساختمان حرف اضافه و حرف ربط گروهی|سوم شخص جمع|اسم + فعل سوم شخص جمع
2	جاوا	جاوا	جاوا	جاوا	N
3	،	،	،	،	Si	
4	سی++	سی++	سی++	سی++	O	
5	،	،	،	،	Si	
6	سی‌شارپ	سی شارپ	سی شارپ	سی شارپ	N
7	،	،	،	،	Si	
8	دلفی	دلفی	دلفی	دلفی	N
9	ازجمله	ازجمله	ازجمله	ازجمله	Ad	قید
10	زبان‌های	زبان	زبان	زبان+ها+ی	N1+Pl+Y	اسم + علامت جمع + ی
11	شی‌گرا	شی گرا	شی گرا	شی گرا	N
12	هستند	هست|هست	هست|هست	هست+ند|هست+ند	V|N1+V	سوم شخص جمع|اسم + فعل سوم شخص جمع
13	.	.	.	.	Si	

0	حتی	حتی	حتی	حتی	Ad	قید
1	بسیاری	بسیاری	بسیاری	بسیاری	A2	صفت مبهم
2	از	از	از	از	Pr	حرف اضافه
3	زبان‌های	زبان	زبان	زبان+ها+ی	N1+Pl+Y	اسم + علامت جمع + ی
4	روال	روال	روال	روال	N1	اسم
5	گونه	گونه|گون	گونه|گون	گونه|گون+ه	N1|N1+O	اسم|اسم + ه
6	که	که|که|که|که	که|که|که|که	که|که|که|که	C0|NA|N1|N1	حرف ربط|ضمیر پرسشی|اسم|اسم
7	ساختار	ساختار|ساخت	ساختار|ساخت	ساختار|ساخت+ار	N1|O+O	اسم|ریشه ماضی + ار
8	برنامه‌ها	برنامه	برنامه	برنامه+ها	N1+Pl	اسم + علامت جمع
9	در	در|در|در|در|در	در|در|در|در|در	در|در|در|در|در	Pr|V|N1|N1|VPr	حرف اضافه|فعل امر مثبت|اسم|اسم|پیشوند فعل
10	آن‌ها	آنها|آنها	آنها|آنها	آنها|آنها	N5|N6	ضمیر فاعلی|ضمیر اشاره
11	بلوک‌هایی	بلوک|لوک|لو	بلوک|لوک|لو	بلوک+ها+یی|ب+لوک+ها+یی|ب+لو+ک+ها+یی	N1+Pl+O|O+N1+Pl+O|O+N1+O+Pl+O	اسم + علامت جمع + یی|ب + اسم + علامت جمع + یی|ب + اسم + ک + علامت جمع + یی
12	با	با	با	با	Pr	حرف اضافه
12	نام	نام|نام	نام|نام	نام|نام	N1|V	اسم|فعل امر مثبت
13	پروسیجر	پروسیجر	پروسیجر	پروسیجر	N
14	است	است|اس	است|اس	است|اس+ت	V|N1+N	سوم شخص مفرد|اسم + ضمیر ملکی دوم شخص مفرد

0	امروزه	امروزه|امروز	امروزه|امروز	امروزه|امروز+ه	Ad|N1+O	قید|اسم + ه
1	از	از	از	از	Pr	حرف اضافه
2	فنون	فنون|فن|فن	فنون|فن|فن	فنون|فن+ون|فن+ون	N1|N1+Pl|N1+Pl	اسم|اسم + علامت جمع|اسم + علامت جمع
3	شی‌گرایی	شی گرایی	شی گرایی	شی گرایی	N
4	نیز	نیز|آز	نیز|آز	نیز|نی+آز	Ad|V	قید|فعل امر منفی
5	پشتبانی	پشت	پشت	پشت+بان+ی	N1+Pl+Y	اسم + بان + ی
6	می‌کنند	کن|کن	کن|کن	می+کن+ند|می+کن+ند	V|V	سوم شخص جمع|سوم شخص جمع
7	.	.	.	.	Si	

0	زبان‌های	زبان	زبان	زبان+ها+ی	N1+Pl+Y	اسم + علامت جمع + ی
1	سی++	سی++	سی++	سی++	O	
2	و	و|و|و	و|و|و	و|و|و	C0|Ab|Al	حرف ربط|اختصارات|حروف الفبا
3	‌پی‌اچ‌پی	پی اچ پی	پی اچ پی	پی اچ پی	N
4	از	از	از	از	Pr	حرف اضافه
5	این	این|این	این|این	این|این	A1|N6	صفت اشاره|ضمیر اشاره
6	جمله	جمله|جمل	جمله|جمل	جمله|جمل+ه	N1|N1+O	اسم|اسم + ه
7	هستند	هست|هست	هست|هست	هست+ند|هست+ند	V|N1+V	سوم شخص جمع|اسم + فعل سوم شخص جمع
8	.	.	.	.	Si	

0	هر	هر	هر	هر	A1	صفت اشاره
1	شی‌ء	شی‌ء	شی‌ء	شی‌ء	N1	اسم
2	یک	یک	یک	یک	No	عدد حرفی
3	سری	سری|سری|سر|سر|سر|سر	سری|سری|سر|سر|سر|سر	سری|سری|سر+ی|سر+ی|سر+ی|سر+ی	N1|A0|V|N1+Y|N1+Y|N1+Y	اسم|صفت|دوم شخص مفرد|اسم + ی|اسم + ی|اسم + ی
4	خصوصیت	خصوصیت|خصوصی|خصوص	خصوصیت|خصوصی|خصوص	خصوصیت|خصوصی+ت|خصوص+ی+ت	N1|A0+N|N1+Y+N	اسم|صفت + ضمیر ملکی دوم شخص مفرد|اسم + ی + ضمیر ملکی دوم شخص مفرد
5	و	و|و|و	و|و|و	و|و|و	C0|Ab|Al	حرف ربط|اختصارات|حروف الفبا
6	قابلیت	قابلیت|قابل	قابلیت|قابل	قابلیت|قابل+یت	N1|A0+O	اسم|صفت + یت
7	دارد	دار|دار	دار|دار	دار+د|دار+د	V|V5+O	سوم شخص مفرد|فعل کمکی + د
8	،	،	،	،	Si	

0	که	که|که|که|که	که|که|که|که	که|که|که|که	C0|NA|N1|N1	حرف ربط|ضمیر پرسشی|اسم|اسم
1	اصطلاحاً	اصطلاحاً	اصطلاحاً	اصطلاحاً	Ad	قید
2	Properties	Properties	Properties	Properties	Pl	کلمه انگلیسی
3	و	و|و|و	و|و|و	و|و|و	C0|Ab|Al	حرف ربط|اختصارات|حروف الفبا
4	Operation	Operation	Operation	Operation	Pl	کلمه انگلیسی
5	خوانده می‌شوند	خواند	خواند	خواند+ه+می+شو+ند	V	سوم شخص جمع
6	.	.	.	.	Si	

0	در	در|در|در|در|در	در|در|در|در|در	در|در|در|در|در	Pr|V|N1|N1|VPr	حرف اضافه|فعل امر مثبت|اسم|اسم|پیشوند فعل
1	این	این|این	این|این	این|این	A1|N6	صفت اشاره|ضمیر اشاره
2	پارادایم	پارادایم	پارادایم	پارادایم	N1	اسم
3	برنامه‌نویسی	برنامه‌نویسی|برنامه‌نویس	برنامه‌نویسی|برنامه‌نویس	برنامه‌نویسی|برنامه‌نویس+ی	N1|N1+Y	اسم|اسم + ی
4	،	،	،	،	Si	
5	دید	دید|دید	دید|دید	دید|دید	V|N1	سوم شخص مفرد|اسم
6	برنامه‌نویس	برنامه‌نویس	برنامه‌نویس	برنامه‌نویس	N1	اسم
7	به	به|به	به|به	به|به	Pr|N1	حرف اضافه|اسم
8	سیستم	سیستم	سیستم	سیستم	N1	اسم
9	دید	دید|دید	دید|دید	دید|دید	V|N1	سوم شخص مفرد|اسم
10	شخصی	شخصی|شخص	شخصی|شخص	شخصی|شخص+ی	A0|N1+Y	صفت|اسم + ی
11	است	است|اس	است|اس	است|اس+ت	V|N1+N	سوم شخص مفرد|اسم + ضمیر ملکی دوم شخص مفرد

0	که	که|که|که|که	که|که|که|که	که|که|که|که	C0|NA|N1|N1	حرف ربط|ضمیر پرسشی|اسم|اسم
1	سعی	سعی	سعی	سعی	A0	صفت
2	می‌نماید	نما|نما|نما	نما|نما|نما	می+نما+ید|می+نما+ید|می+نما+ید	V|V|V	دوم شخص جمع|دوم شخص جمع|دوم شخص جمع

0	با	با	با	با	Pr	حرف اضافه
1	پیدا	پیدا	پیدا	پیدا	A0	صفت
2	کردن	کرد	کرد	کرد+ن	V2+Neg	بن ماضی + ن
3	اشیاء	اشیاء	اشیاء	اشیاء	N1	اسم
4	مختلف	مختلف	مختلف	مختلف	A0	صفت
5	در	در|در|در|در|در	در|در|در|در|در	در|در|در|در|در	Pr|V|N1|N1|VPr	حرف اضافه|فعل امر مثبت|اسم|اسم|پیشوند فعل
6	سیستم	سیستم	سیستم	سیستم	N1	اسم
7	و	و|و|و	و|و|و	و|و|و	C0|Ab|Al	حرف ربط|اختصارات|حروف الفبا
8	برقراری	برقراری|برقرار	برقراری|برقرار	برقراری|برقرار+ی	N1|A0+Y	اسم|صفت + ی
9	ارتباط	ارتباط	ارتباط	ارتباط	N1	اسم
10	بین	بین|بین|بین|ین	بین|بین|بین|ین	بین|بین|بین|ب+ین	V|N9|A0|O+N1	فعل امر مثبت|اسم موجود در ساختمان حرف اضافه و حرف ربط گروهی|صفت|ب + اسم
11	آن‌ها	آنها|آنها	آنها|آنها	آنها|آنها	N5|N6	ضمیر فاعلی|ضمیر اشاره

0	سیستم	سیستم	سیستم	سیستم	N1	اسم
1	را	را	را	را	Po	حرف اضافه پسین
2	تولید	تولید	تولید	تولید	N1	اسم
3	نماید	نما|نما|نما	نما|نما|نما	نما+ید|نما+ید|نما+ید	V|V|V	دوم شخص جمع|دوم شخص جمع|دوم شخص جمع
4	.	.	.	.	Si	

0	ردیت	ردی|رد	ردی|رد	ردی+ت|رد+ی+ت	N1+N|A0+Y+N	اسم + ضمیر ملکی دوم شخص مفرد|صفت + ی + ضمیر ملکی دوم شخص مفرد
1	یک	یک	یک	یک	No	عدد حرفی
2	وب‌گاه	وب گاه	وب گاه	وب گاه	N
3	برای	برای	برای	برای	Pr	حرف اضافه
4	جمع‌آوری	جمع‌آوری	جمع‌آوری	جمع‌آوری	N1	اسم
5	اخبار	خبر|اخ	خبر|اخ	خبر|اخ+بار	N|A0+O	اسم مفرد جمع مکسر|صفت + بار
6	اجتماعی	اجتماعی|اجتماع	اجتماعی|اجتماع	اجتماعی|اجتماع+ی	A0|N1+Y	صفت|اسم + ی
7	که	که|که|که|که	که|که|که|که	که|که|که|که	C0|NA|N1|N1	حرف ربط|ضمیر پرسشی|اسم|اسم
8	در	در|در|در|در|در	در|در|در|در|در	در|در|در|در|در	Pr|V|N1|N1|VPr	حرف اضافه|فعل امر مثبت|اسم|اسم|پیشوند فعل
9	آن	آن|آن	آن|آن	آن|آن	A1|N6	صفت اشاره|ضمیر اشاره
10	کاربران	کاربر|کاربر|کار	کاربر|کاربر|کار	کاربر+ان|کاربر+ان|کار+بر+ان	A0+Pl|A0+Pl|N1+O+Pl	صفت + ان|صفت + ان|اسم + بر + ان
11	ثبت‌نام‌کرده	ثبت‌نام‌کرده	ثبت‌نام‌کرده	ثبت‌نام‌کرده	A0	صفت
12	قادرند	قادر	قادر	قادر+ند	A0+V	صفت + فعل سوم شخص جمع

0	اخبار	خبر|اخ	خبر|اخ	خبر|اخ+بار	N|A0+O	اسم مفرد جمع مکسر|صفت + بار
1	را	را	را	را	Po	حرف اضافه پسین
2	در	در|در|در|در|در	در|در|در|در|در	در|در|در|در|در	Pr|V|N1|N1|VPr	حرف اضافه|فعل امر مثبت|اسم|اسم|پیشوند فعل
3	قالب	قالب	قالب	قالب	N1	اسم
4	لینک	لین	لین	لین+ک	N1+O	اسم + ک
5	یا	یا|یا	یا|یا	یا|یا	C0|Intj	حرف ربط|صوت
6	متن	متن	متن	متن	N1	اسم
7	ارسال	ارسال	ارسال	ارسال	N1	اسم
8	کنند	کن|کن	کن|کن	کن+ند|کن+ند	V|V	سوم شخص جمع|سوم شخص جمع

0	و	و|و|و	و|و|و	و|و|و	C0|Ab|Al	حرف ربط|اختصارات|حروف الفبا
1	آن	آن|آن	آن|آن	آن|آن	A1|N6	صفت اشاره|ضمیر اشاره
2	را	را	را	را	Po	حرف اضافه پسین
3	با	با	با	با	Pr	حرف اضافه
4	دیگران	دیگران	دیگران	دیگران	N5	ضمیر فاعلی
5	به	به|به	به|به	به|به	Pr|N1	حرف اضافه|اسم
6	اشتراک	اشتراک|اشتر	اشتراک|اشتر	اشتراک|اشتر+اک	N1|N1+O	اسم|اسم + اک
7	بگذارند	گذار|گذار	گذار|گذار	ب+گذار+ند|ب+گذار+ند	V|O+N1+V	سوم شخص جمع|ب + اسم + فعل سوم شخص جمع
8	.	.	.	.	Si	

0	کاربران	کاربر|کاربر|کار	کاربر|کاربر|کار	کاربر+ان|کاربر+ان|کار+بر+ان	A0+Pl|A0+Pl|N1+O+Pl	صفت + ان|صفت + ان|اسم + بر + ان
1	می‌توانند	توان|توان	توان|توان	می+توان+ند|می+توان+ند	O+V4+V|V	می + فعل وجه نما + فعل سوم شخص جمع|سوم شخص جمع

0	به	به|به	به|به	به|به	Pr|N1	حرف اضافه|اسم
1	پست	پست|پست	پست|پست	پست|پست	N1|A0	اسم|صفت
2	یا	یا|یا	یا|یا	یا|یا	C0|Intj	حرف ربط|صوت
3	گزارش‌های	گزارش|گزار	گزارش|گزار	گزارش+ها+ی|گزار+ش+ها+ی	N1+Pl+Y|V1+O+Pl+Y	اسم + علامت جمع + ی|بن مضارع + ش + علامت جمع + ی
4	نوشته شده	نوشت	نوشت	نوشت+ه+شد+ه	O+O	ریشه ماضی + ه
5	رأی	رأی	رأی	رأی	N1	اسم
6	دهند	ده|ده	ده|ده	ده+ند|ده+ند	V|N1+V	سوم شخص جمع|اسم + فعل سوم شخص جمع

0	و	و|و|و	و|و|و	و|و|و	C0|Ab|Al	حرف ربط|اختصارات|حروف الفبا
1	جایگاه	جایگاه|جای|جا	جایگاه|جای|جا	جایگاه|جای+گاه|جا+ی+گاه	N1|N1+O|N1+O	اسم|اسم + گاه|اسم + گاه
2	آن	آن|آن	آن|آن	آن|آن	A1|N6	صفت اشاره|ضمیر اشاره
3	خبر	خبر	خبر	خبر	N1	اسم
4	را	را	را	را	Po	حرف اضافه پسین
5	در	در|در|در|در|در	در|در|در|در|در	در|در|در|در|در	Pr|V|N1|N1|VPr	حرف اضافه|فعل امر مثبت|اسم|اسم|پیشوند فعل
6	صفحات	صفحات|صفحه	صفحات|صفحه	صفحات|صفحه+ات	N1|N1+Pl	اسم|اسم + علامت جمع
7	ردیت	ردی|رد	ردی|رد	ردی+ت|رد+ی+ت	N1+N|A0+Y+N	اسم + ضمیر ملکی دوم شخص مفرد|صفت + ی + ضمیر ملکی دوم شخص مفرد
8	و	و|و|و	و|و|و	و|و|و	C0|Ab|Al	حرف ربط|اختصارات|حروف الفبا
9	صفحه‌ی	صفحه	صفحه	صفحه+ی	N1+Y	اسم + ی
10	اصلی	اصلی|اصل	اصلی|اصل	اصلی|اصل+ی	A0|A0+Y	صفت|صفت + ی
11	مشخص	مشخص	مشخص	مشخص	A0	صفت
12	کنند	کن|کن	کن|کن	کن+ند|کن+ند	V|V	سوم شخص جمع|سوم شخص جمع
13	.	.	.	.	Si	

0	درواقع	درواقع	درواقع	درواقع	Ad	قید
1	کاربران	کاربر|کاربر|کار	کاربر|کاربر|کار	کاربر+ان|کاربر+ان|کار+بر+ان	A0+Pl|A0+Pl|N1+O+Pl	صفت + ان|صفت + ان|اسم + بر + ان
2	هستند	هست|هست	هست|هست	هست+ند|هست+ند	V|N1+V	سوم شخص جمع|اسم + فعل سوم شخص جمع

0	که	که|که|که|که	که|که|که|که	که|که|که|که	C0|NA|N1|N1	حرف ربط|ضمیر پرسشی|اسم|اسم
1	در	در|در|در|در|در	در|در|در|در|در	در|در|در|در|در	Pr|V|N1|N1|VPr	حرف اضافه|فعل امر مثبت|اسم|اسم|پیشوند فعل
2	ردیت	ردی|رد	ردی|رد	ردی+ت|رد+ی+ت	N1+N|A0+Y+N	اسم + ضمیر ملکی دوم شخص مفرد|صفت + ی + ضمیر ملکی دوم شخص مفرد
3	اهمیت	اهمیت|اهم	اهمیت|اهم	اهمیت|اهم+یت	N1|A0+O	اسم|صفت + یت
4	خبر	خبر	خبر	خبر	N1	اسم
5	را	را	را	را	Po	حرف اضافه پسین
6	تعیین	تعیین	تعیین	تعیین	N1	اسم
7	می‌کنند	کن|کن	کن|کن	می+کن+ند|می+کن+ند	V|V	سوم شخص جمع|سوم شخص جمع
8	.	.	.	.	Si	

0	این	این|این	این|این	این|این	A1|N6	صفت اشاره|ضمیر اشاره
1	وب‌گاه	وب گاه	وب گاه	وب گاه	N
2	در	در|در|در|در|در	در|در|در|در|در	در|در|در|در|در	Pr|V|N1|N1|VPr	حرف اضافه|فعل امر مثبت|اسم|اسم|پیشوند فعل
3	سال	سال	سال	سال	N1	اسم
4	۲۰۰۵	۲۰۰۵	۲۰۰۵	۲۰۰۵	No	عدد رقمی
5	توسط	توسط|توسط	توسط|توسط	توسط|توسط	N1|N9	اسم|اسم موجود در ساختمان حرف اضافه و حرف ربط گروهی
6	استیو	استیو	استیو	استیو	N3	اسم خاص اشخاص
7	هافمن	هافمن	هافمن	هافمن	N4	اسم فامیل
8	و	و|و|و	و|و|و	و|و|و	C0|Ab|Al	حرف ربط|اختصارات|حروف الفبا
9	الکسیس	الکسیس	الکسیس	الکسیس	N
10	اوهانیان	اوهانیان	اوهانیان	اوهانیان	N
11	که	که|که|که|که	که|که|که|که	که|که|که|که	C0|NA|N1|N1	حرف ربط|ضمیر پرسشی|اسم|اسم
12	هر	هر	هر	هر	A1	صفت اشاره
13	دو	دو|دو|دو|دو	دو|دو|دو|دو	دو|دو|دو|دو	No|V|V|N1	عدد حرفی|فعل امر مثبت|فعل امر مثبت|اسم
14	دانش‌آموخته‌ی	دانش‌آموخته	دانش‌آموخته	دانش‌آموخته+ی	N1+Y	اسم + ی
15	دانشگاه	دانشگاه|دانش|دان	دانشگاه|دانش|دان	دانشگاه|دانش+گاه|دان+ش+گاه	N1|N1+O|V1+O+O	اسم|اسم + گاه|بن مضارع + ش + گاه
16	ویرجینیا	ویرجینیا	ویرجینیا	ویرجینیا	N2	اسم خاص مکان
17	هستند	هست|هست	هست|هست	هست+ند|هست+ند	V|N1+V	سوم شخص جمع|اسم + فعل سوم شخص جمع

0	تأسیس	تأسیس	تأسیس	تأسیس	N1	اسم
1	شد	شد	شد	شد	V	سوم شخص مفرد
2	.	.	.	.	Si	

0	دفتر	دفتر	دفتر	دفتر	N1	اسم
1	مرکزی	مرکزی|مرکز	مرکزی|مرکز	مرکزی|مرکز+ی	A0|N1+Y	صفت|اسم + ی
2	ردیت	ردی|رد	ردی|رد	ردی+ت|رد+ی+ت	N1+N|A0+Y+N	اسم + ضمیر ملکی دوم شخص مفرد|صفت + ی + ضمیر ملکی دوم شخص مفرد
3	در	در|در|در|در|در	در|در|در|در|در	در|در|در|در|در	Pr|V|N1|N1|VPr	حرف اضافه|فعل امر مثبت|اسم|اسم|پیشوند فعل
4	سان‌فرانسیسکو	سان‌فرانسیسکو	سان‌فرانسیسکو	سان‌فرانسیسکو	N2	اسم خاص مکان
5	،	،	،	،	Si	
6	کالیفرنیا	کالیفرنیا	کالیفرنیا	کالیفرنیا	N2	اسم خاص مکان
7	در	در|در|در|در|در	در|در|در|در|در	در|در|در|در|در	Pr|V|N1|N1|VPr	حرف اضافه|فعل امر مثبت|اسم|اسم|پیشوند فعل
8	ایالات‌متحده	ایالات‌متحده	ایالات‌متحده	ایالات‌متحده	N2	اسم خاص مکان
9	آمریکا	آمریکا	آمریکا	آمریکا	N2	اسم خاص مکان
10	است	است|اس	است|اس	است|اس+ت	V|N1+N	سوم شخص مفرد|اسم + ضمیر ملکی دوم شخص مفرد
11	.	.	.	.	Si	

0	درخشش	درخشش|درخش	درخشش|درخش	درخشش|درخش+ش	N1|V	اسم|سوم شخص مفرد
1	یا	یا|یا	یا|یا	یا|یا	C0|Intj	حرف ربط|صوت
2	تلألؤ	تلألؤ	تلألؤ	تلألؤ	N1	اسم
3	(	(	(	(	Si	
4	به	به|به	به|به	به|به	Pr|N1	حرف اضافه|اسم
5	انگلیسی	انگلیسی	انگلیسی	انگلیسی	A0	صفت
6	:	:	:	:	Si	
7	The	The	The	The	Pl	کلمه انگلیسی
8	Shining	Shining	Shining	Shining	Pl	کلمه انگلیسی
9	)	)	)	)	Si	
10	فیلمی	فیلم	فیلم	فیلم+ی	N1+Y	اسم + ی
11	در	در|در|در|در|در	در|در|در|در|در	در|در|در|در|در	Pr|V|N1|N1|VPr	حرف اضافه|فعل امر مثبت|اسم|اسم|پیشوند فعل
12	سبک	سبک|سبک|سب	سبک|سبک|سب	سبک|سبک|سب+ک	N1|A0|N1+O	اسم|صفت|اسم + ک
13	ترسناک	ترسناک|ترس	ترسناک|ترس	ترسناک|ترس+ناک	A0|N1+O	صفت|اسم + ناک
14	روانشناسانه	روان	روان	روان+شناس+انه	A0+O+Pl	صفت + شناس + انه
15	محصول	محصول	محصول	محصول	N1	اسم
16	آمریکا	آمریکا	آمریکا	آمریکا	N2	اسم خاص مکان
17	و	و|و|و	و|و|و	و|و|و	C0|Ab|Al	حرف ربط|اختصارات|حروف الفبا
18	بریتانیا	بریتانیا	بریتانیا	بریتانیا	N2	اسم خاص مکان
19	به	به|به	به|به	به|به	Pr|N1	حرف اضافه|اسم
20	کارگردانی	کارگردانی|کارگردان|کارگر|کار	کارگردانی|کارگردان|کارگر|کار	کارگردانی|کارگردان+ی|کارگر+دان+ی|کار+گر+دان+ی	N1|N1+Y|N1+Pl+Y|N1+O+Pl+Y	اسم|اسم + ی|اسم + دان + ی|اسم + گر + دان + ی
21	و	و|و|و	و|و|و	و|و|و	C0|Ab|Al	حرف ربط|اختصارات|حروف الفبا
22	تهیه‌کنندگی	تهیه‌کنندگی|تهیه‌کننده	تهیه‌کنندگی|تهیه‌کننده	تهیه‌کنندگی|تهیه‌کننده+گی	N1|A0+O	اسم|صفت + گی
23	استنلی	استنلی	استنلی	استنلی	N
24	کوبریک	کوبریک	کوبریک	کوبریک	N
25	است	است|اس	است|اس	است|اس+ت	V|N1+N	سوم شخص مفرد|اسم + ضمیر ملکی دوم شخص مفرد

0	که	که|که|که|که	که|که|که|که	که|که|که|که	C0|NA|N1|N1	حرف ربط|ضمیر پرسشی|اسم|اسم
1	در	در|در|در|در|در	در|در|در|در|در	در|در|در|در|در	Pr|V|N1|N1|VPr	حرف اضافه|فعل امر مثبت|اسم|اسم|پیشوند فعل
2	سال	سال	سال	سال	N1	اسم
3	۱۹۸۰	۱۹۸۰	۱۹۸۰	۱۹۸۰	No	عدد رقمی
4	منتشر	منتشر	منتشر	منتشر	A0	صفت
5	شد	شد	شد	شد	V	سوم شخص مفرد
6	.	.	.	.	Si	

0	فیلم‌نامه	فیلمنامه	فیلمنامه	فیلمنامه	N1	اسم
1	این	این|این	این|این	این|این	A1|N6	صفت اشاره|ضمیر اشاره
2	کار	کار|کار	کار|کار	کار|کار	N1|V	اسم|فعل امر مثبت
3	را	را	را	را	Po	حرف اضافه پسین
4	کوبریک	کوبریک	کوبریک	کوبریک	N
5	و	و|و|و	و|و|و	و|و|و	C0|Ab|Al	حرف ربط|اختصارات|حروف الفبا
6	دایان	دایان	دایان	دایان	N
6	جانسون	جانسون	جانسون	جانسون	N3	اسم خاص اشخاص
7	،	،	،	،	Si	
8	رمان‌نویس	رمان‌نویس	رمان‌نویس	رمان‌نویس	N1	اسم
9	زاده	زاده|زاد|زاد|زاد	زاده|زاد|زاد|زاد	زاده|زاد+ه|زاد+ه|زاد+ه	N1|O+O|V1+O|N1+O	اسم|ریشه ماضی + ه|بن مضارع + ه|اسم + ه
10	آمریکا	آمریکا	آمریکا	آمریکا	N2	اسم خاص مکان
11	نوشتند	نوشت	نوشت	نوشت+ند	V	سوم شخص جمع
12	.	.	.	.	Si	

0	در	در|در|در|در|در	در|در|در|در|در	در|در|در|در|در	Pr|V|N1|N1|VPr	حرف اضافه|فعل امر مثبت|اسم|اسم|پیشوند فعل
1	این	این|این	این|این	این|این	A1|N6	صفت اشاره|ضمیر اشاره
2	فیلم	فیلم|فیل|فیل	فیلم|فیل|فیل	فیلم|فیل+م|فیل+م	N1|N1+N|N1+V	اسم|اسم + ضمیر ملکی اول شخص مفرد|اسم + فعل اول شخص مفرد
3	هنرپیشگانی	هنرپیشه	هنرپیشه	هنرپیشه+گان+ی	N1+Pl+Y	اسم + علامت جمع + ی
4	همچون	همچون	همچون	همچون	Pr	حرف اضافه
5	جک	جک	جک	جک	N1	اسم
6	نیکلسون	نیکلسون	نیکلسون	نیکلسون	N3	اسم خاص اشخاص
7	،	،	،	،	Si	
8	شلی	شلی|شل|شل	شلی|شل|شل	شلی|شل+ی|شل+ی	N4|V|N1+Y	اسم فامیل|دوم شخص مفرد|اسم + ی
9	دووال	دووال	دووال	دووال	N
10	و	و|و|و	و|و|و	و|و|و	C0|Ab|Al	حرف ربط|اختصارات|حروف الفبا
11	دنی	دنی	دنی	دنی	N3	اسم خاص اشخاص
12	لوید	لو	لو	لو+ید	N1+V	اسم + فعل سوم شخص مفرد
13	به	به|به	به|به	به|به	Pr|N1	حرف اضافه|اسم
14	ایفای	ایفا	ایفا	ایفا+ی	N1+Y	اسم + ی
15	نقش	نقش|نق	نقش|نق	نقش|نق+ش	N1|N1+N	اسم|اسم + ضمیر ملکی سوم شخص مفرد
16	پرداخته‌اند	پرداخته|پرداخت|پرداخت	پرداخته|پرداخت|پرداخت	پرداخته+اند|پرداخت+ه+اند|پرداخت+ه+اند	A0+V|V|N1+O+V	صفت + فعل سوم شخص جمع|سوم شخص جمع|اسم + ه + فعل سوم شخص جمع
17	.	.	.	.	Si	

0	درخشش	درخشش|درخش	درخشش|درخش	درخشش|درخش+ش	N1|V	اسم|سوم شخص مفرد
1	تنها	تنها|تن|تن	تنها|تن|تن	تنها|تن+ها|تن+ها	A0|N1+Pl|N1+Pl	صفت|اسم + علامت جمع|اسم + علامت جمع
2	فیلم	فیلم|فیل|فیل	فیلم|فیل|فیل	فیلم|فیل+م|فیل+م	N1|N1+N|N1+V	اسم|اسم + ضمیر ملکی اول شخص مفرد|اسم + فعل اول شخص مفرد
3	کوبریک	کوبریک	کوبریک	کوبریک	N
4	در	در|در|در|در|در	در|در|در|در|در	در|در|در|در|در	Pr|V|N1|N1|VPr	حرف اضافه|فعل امر مثبت|اسم|اسم|پیشوند فعل
5	ژانر	ژانر	ژانر	ژانر	N1	اسم
6	وحشت	وحشت|وحش	وحشت|وحش	وحشت|وحش+ت	N1|N1+N	اسم|اسم + ضمیر ملکی دوم شخص مفرد
7	محسوب	محسوب	محسوب	محسوب	A0	صفت
8	می‌شود	شو|شو	شو|شو	می+شو+د|می+شو+د	V|V	سوم شخص مفرد|سوم شخص مفرد
9	.	.	.	.	Si	

0	فیلم	فیلم|فیل|فیل	فیلم|فیل|فیل	فیلم|فیل+م|فیل+م	N1|N1+N|N1+V	اسم|اسم + ضمیر ملکی اول شخص مفرد|اسم + فعل اول شخص مفرد
1	براساس	براساس	براساس	براساس	Pr1	حرف اضافه گروهی
2	داستانی	داستانی|داستان|داس	داستانی|داستان|داس	داستانی|داستان+ی|داس+تان+ی	A0|N1+Y|N1+N+Y	صفت|اسم + ی|اسم + ضمیر ملکی دوم شخص جمع + ی
3	به	به|به	به|به	به|به	Pr|N1	حرف اضافه|اسم
4	همین	همین|همین	همین|همین	همین|همین	A1|N6	صفت اشاره|ضمیر اشاره
5	نام	نام|نام	نام|نام	نام|نام	N1|V	اسم|فعل امر مثبت
6	از	از	از	از	Pr	حرف اضافه
7	استیون	استیون	استیون	استیون	N3	اسم خاص اشخاص
8	کینگ	کینگ	کینگ	کینگ	N
9	ساخته شد	ساخت	ساخت	ساخت+ه+شد	V	سوم شخص مفرد
10	.	.	.	.	Si	

0	جک	جک	جک	جک	N1	اسم
1	نیکلسون	نیکلسون	نیکلسون	نیکلسون	N3	اسم خاص اشخاص
2	در	در|در|در|در|در	در|در|در|در|در	در|در|در|در|در	Pr|V|N1|N1|VPr	حرف اضافه|فعل امر مثبت|اسم|اسم|پیشوند فعل
3	معروف‌ترین	معروف	معروف	معروف+ترین	A0+A	صفت + علامت صفت تفضیلی
4	سکانس	سکانس	سکانس	سکانس	N1	اسم
5	فیلم	فیلم|فیل|فیل	فیلم|فیل|فیل	فیلم|فیل+م|فیل+م	N1|N1+N|N1+V	اسم|اسم + ضمیر ملکی اول شخص مفرد|اسم + فعل اول شخص مفرد
6	برداشت‌های	برداشت	برداشت	برداشت+ها+ی	N1+Pl+Y	اسم + علامت جمع + ی
7	مکرر	مکرر	مکرر	مکرر	A0	صفت
8	کوبریک	کوبریک	کوبریک	کوبریک	N
9	درحین	درحین	درحین	درحین	Pr1	حرف اضافه گروهی
10	این	این|این	این|این	این|این	A1|N6	صفت اشاره|ضمیر اشاره
11	فیلم	فیلم|فیل|فیل	فیلم|فیل|فیل	فیلم|فیل+م|فیل+م	N1|N1+N|N1+V	اسم|اسم + ضمیر ملکی اول شخص مفرد|اسم + فعل اول شخص مفرد
12	یکی	یکی	یکی	یکی	A2	صفت مبهم
13	از	از	از	از	Pr	حرف اضافه
14	ضرب‌المثل‌های	ضرب‌المثل	ضرب‌المثل	ضرب‌المثل+ها+ی	N1+Pl+Y	اسم + علامت جمع + ی
15	صنعت	صنعت|صنع	صنعت|صنع	صنعت|صنع+ت	N1|N1+N	اسم|اسم + ضمیر ملکی دوم شخص مفرد
16	فیلمسازی	فیلمسازی|فیلمساز|فیلم	فیلمسازی|فیلمساز|فیلم	فیلمسازی|فیلمساز+ی|فیلم+ساز+ی	N1|N1+Y|N1+O+Y	اسم|اسم + ی|اسم + ساز + ی
17	شده است	شد	شد	شد+ه+است	V	سوم شخص مفرد
18	.	.	.	.	Si	

0	او	او|او	او|او	او|او	N5|Ab	ضمیر فاعلی|اختصارات
1	۱۲۷	۱۲۷	۱۲۷	۱۲۷	No	عدد رقمی
2	مرتبه	مرتبه|مرتب	مرتبه|مرتب	مرتبه|مرتب+ه	N1|A0+O	اسم|صفت + ه
3	از	از	از	از	Pr	حرف اضافه
4	شلی	شلی|شل|شل	شلی|شل|شل	شلی|شل+ی|شل+ی	N4|V|N1+Y	اسم فامیل|دوم شخص مفرد|اسم + ی
5	دووال	دووال	دووال	دووال	N
6	برای	برای	برای	برای	Pr	حرف اضافه
7	یکی	یکی	یکی	یکی	A2	صفت مبهم
8	از	از	از	از	Pr	حرف اضافه
9	سکانس‌های	سکانس	سکانس	سکانس+ها+ی	N1+Pl+Y	اسم + علامت جمع + ی
10	فیلم	فیلم|فیل|فیل	فیلم|فیل|فیل	فیلم|فیل+م|فیل+م	N1|N1+N|N1+V	اسم|اسم + ضمیر ملکی اول شخص مفرد|اسم + فعل اول شخص مفرد
11	فیلمبرداری	فیلمبرداری|فیلمبردار	فیلمبرداری|فیلمبردار	فیلمبرداری|فیلمبردار+ی	N1|N1+Y	اسم|اسم + ی
12	کرد	کرد|کرد	کرد|کرد	کرد|کرد	V|N1	سوم شخص مفرد|اسم
13	.	.	.	.	Si	

0	عصبیت	عصبیت|عصبی|عصب	عصبیت|عصبی|عصب	عصبیت|عصبی+ت|عصب+ی+ت	N1|A0+N|N1+Y+N	اسم|صفت + ضمیر ملکی دوم شخص مفرد|اسم + ی + ضمیر ملکی دوم شخص مفرد
1	شلی	شلی|شل|شل	شلی|شل|شل	شلی|شل+ی|شل+ی	N4|V|N1+Y	اسم فامیل|دوم شخص مفرد|اسم + ی
2	دووال	دووال	دووال	دووال	N
3	در	در|در|در|در|در	در|در|در|در|در	در|در|در|در|در	Pr|V|N1|N1|VPr	حرف اضافه|فعل امر مثبت|اسم|اسم|پیشوند فعل
4	فیلم	فیلم|فیل|فیل	فیلم|فیل|فیل	فیلم|فیل+م|فیل+م	N1|N1+N|N1+V	اسم|اسم + ضمیر ملکی اول شخص مفرد|اسم + فعل اول شخص مفرد
5	به	به|به	به|به	به|به	Pr|N1	حرف اضافه|اسم
6	خوبی	خوبی|خوب	خوبی|خوب	خوبی|خوب+ی	N1|A0+Y	اسم|صفت + ی
7	مشهود	مشهود	مشهود	مشهود	A0	صفت
8	است	است|اس	است|اس	است|اس+ت	V|N1+N	سوم شخص مفرد|اسم + ضمیر ملکی دوم شخص مفرد

0	اسکتمن	اسکتمن	اسکتمن	اسکتمن	N
1	کراترز	کراترز	کراترز	کراترز	N
2	به	به|به	به|به	به|به	Pr|N1	حرف اضافه|اسم
3	نقش	نقش|نق	نقش|نق	نقش|نق+ش	N1|N1+N	اسم|اسم + ضمیر ملکی سوم شخص مفرد
4	آشپز	آشپز	آشپز	آشپز	N1	اسم
5	سیاه‌پوست	سیاه‌پوست	سیاه‌پوست	سیاه‌پوست	A0	صفت
6	هتل	هتل	هتل	هتل	N1	اسم
7	مجبور	مجبور	مجبور	مجبور	A0	صفت
8	شد	شد	شد	شد	V	سوم شخص مفرد

0	۴۰	۴۰	۴۰	۴۰	No	عدد رقمی
1	بار	بار|بار	بار|بار	بار|بار	V|N1	فعل امر مثبت|اسم
2	صحنه	صحنه|صحن	صحنه|صحن	صحنه|صحن+ه	N1|N1+O	اسم|اسم + ه
3	درگیری	درگیری|درگیر|درگیر	درگیری|درگیر|درگیر	درگیری|درگیر+ی|درگیر+ی	N1|A0+Y|V	اسم|صفت + ی|دوم شخص مفرد
4	با	با	با	با	Pr	حرف اضافه
5	تبر	تبر	تبر	تبر	N1	اسم
6	را	را	را	را	Po	حرف اضافه پسین
7	بازی	بازی|باز|باز|باز|باز	بازی|باز|باز|باز|باز	بازی|باز+ی|باز+ی|باز+ی|باز+ی	N1|V|A0+Y|N1+Y|Ad+Y	اسم|دوم شخص مفرد|صفت + ی|اسم + ی|قید + ی
8	کند	کند|کن|کن	کند|کن|کن	کند|کن+د|کن+د	A0|V|V	صفت|سوم شخص مفرد|سوم شخص مفرد

0	و	و|و|و	و|و|و	و|و|و	C0|Ab|Al	حرف ربط|اختصارات|حروف الفبا
1	نهایتاً	نهایتاً	نهایتاً	نهایتاً	Ad	قید
2	دچار	دچار	دچار	دچار	Ad	قید
3	فروپاشی	فروپاشی|فروپاش	فروپاشی|فروپاش	فروپاشی|فروپاش+ی	N1|V	اسم|دوم شخص مفرد
4	عصبی	عصبی|عصب	عصبی|عصب	عصبی|عصب+ی	A0|N1+Y	صفت|اسم + ی
5	شده	شد	شد	شد+ه	V3+O	فعل اسنادی + ه

0	و	و|و|و	و|و|و	و|و|و	C0|Ab|Al	حرف ربط|اختصارات|حروف الفبا
1	با	با	با	با	Pr	حرف اضافه
2	گریه	گریه|گری|گری	گریه|گری|گری	گریه|گری+ه|گری+ه	N1|V1+O|N1+O	اسم|بن مضارع + ه|اسم + ه
3	به	به|به	به|به	به|به	Pr|N1	حرف اضافه|اسم
4	کوبریک	کوبریک	کوبریک	کوبریک	N
5	گفت	گفت|گفت	گفت|گفت	گفت|گفت	V|N1	سوم شخص مفرد|اسم
6	:	:	:	:	Si	

0	«	«	«	«	Si	
1	آقای	آقا	آقا	آقا+ی	N1+Y	اسم + ی
2	کوبریک	کوبریک	کوبریک	کوبریک	N
3	آخه	آخه	آخه	آخه	Intj	صوت
4	چی	چی	چی	چی	NA	ضمیر پرسشی
5	از	از	از	از	Pr	حرف اضافه
6	جونم	جون|جون	جون|جون	جون+م|جون+م	N1+N|N1+V	اسم + ضمیر ملکی اول شخص مفرد|اسم + فعل اول شخص مفرد
7	میخواین	میخواین	میخواین	میخواین	N
8	؟	؟	؟	؟	Si	
9	»	»	»	»	Si	

0	اما	اما	اما	اما	C0	حرف ربط
1	کوبریک	کوبریک	کوبریک	کوبریک	N
2	سکانس	سکانس	سکانس	سکانس	N1	اسم
3	خروج	خروج	خروج	خروج	N1	اسم
4	و	و|و|و	و|و|و	و|و|و	C0|Ab|Al	حرف ربط|اختصارات|حروف الفبا
5	فوران	فوران	فوران	فوران	N1	اسم
6	خون	خون	خون	خون	N1	اسم
7	از	از	از	از	Pr	حرف اضافه
8	درون	درون|در|در	درون|در|در	درون|در+ون|در+ون	N1|N1+Pl|N1+Pl	اسم|اسم + علامت جمع|اسم + علامت جمع
9	آسانسور	آسانسور	آسانسور	آسانسور	N1	اسم
10	هتل	هتل	هتل	هتل	N1	اسم
11	اورلووک	اورلووک	اورلووک	اورلووک	N
12	را	را	را	را	Po	حرف اضافه پسین
13	تنها	تنها|تن|تن	تنها|تن|تن	تنها|تن+ها|تن+ها	A0|N1+Pl|N1+Pl	صفت|اسم + علامت جمع|اسم + علامت جمع
14	سه	سه	سه	سه	No	عدد حرفی
15	مرتبه	مرتبه|مرتب	مرتبه|مرتب	مرتبه|مرتب+ه	N1|A0+O	اسم|صفت + ه
16	تکرار	تکرار	تکرار	تکرار	N1	اسم
17	کرد	کرد|کرد	کرد|کرد	کرد|کرد	V|N1	سوم شخص مفرد|اسم

0	و	و|و|و	و|و|و	و|و|و	C0|Ab|Al	حرف ربط|اختصارات|حروف الفبا
1	علت	علت|علت	علت|علت	علت|علت	N1|N9	اسم|اسم موجود در ساختمان حرف اضافه و حرف ربط گروهی
2	به	به|به	به|به	به|به	Pr|N1	حرف اضافه|اسم
3	سختی	سختی|سخت|سخت	سختی|سخت|سخت	سختی|سخت+ی|سخت+ی	N1|V|A0+Y	اسم|دوم شخص مفرد|صفت + ی
4	تکرار	تکرار	تکرار	تکرار	N1	اسم
5	این	این|این	این|این	این|این	A1|N6	صفت اشاره|ضمیر اشاره
6	صحنه	صحنه|صحن	صحنه|صحن	صحنه|صحن+ه	N1|N1+O	اسم|اسم + ه
7	بازمی‌گشت	بازگشت	بازگشت	می+بازگشت	V	سوم شخص مفرد

0	که	که|که|که|که	که|که|که|که	که|که|که|که	C0|NA|N1|N1	حرف ربط|ضمیر پرسشی|اسم|اسم
1	هر	هر	هر	هر	A1	صفت اشاره
2	بار	بار|بار	بار|بار	بار|بار	V|N1	فعل امر مثبت|اسم
3	آماده	آماده|آماد	آماده|آماد	آماده|آماد+ه	A0|N1+O	صفت|اسم + ه
4	کردن	کرد	کرد	کرد+ن	V2+Neg	بن ماضی + ن
5	آن	آن|آن	آن|آن	آن|آن	A1|N6	صفت اشاره|ضمیر اشاره

0	۹	۹	۹	۹	No	عدد رقمی
1	ساعت	ساعت	ساعت	ساعت	N1	اسم
2	طول	طول	طول	طول	N1	اسم
3	می‌کشید	کشید|کش|کش	کشید|کش|کش	می+کشید|می+کش+ید|می+کش+ید	V|V|V	سوم شخص مفرد|دوم شخص جمع|دوم شخص جمع
4	!	!	!	!	Si	

0	اما	اما	اما	اما	C0	حرف ربط
1	کوبریک	کوبریک	کوبریک	کوبریک	N
2	پس‌از	پس‌از	پس‌از	پس‌از	Pr1	حرف اضافه گروهی
3	تماشای	تماشا	تماشا	تماشا+ی	N1+Y	اسم + ی
4	سکانس	سکانس	سکانس	سکانس	N1	اسم
5	می‌گفت	گفت	گفت	می+گفت	V	سوم شخص مفرد
6	:	:	:	:	Si	

0	«	«	«	«	Si	
1	نه	نه|نه|نه	نه|نه|نه	نه|نه|نه	No|V|N1	عدد حرفی|فعل امر مثبت|اسم
2	شبیه	شبیه|شبیه|شب	شبیه|شبیه|شب	شبیه|شبیه|شب+یه	A0|N9|N1+O	صفت|اسم موجود در ساختمان حرف اضافه و حرف ربط گروهی|اسم + یه
3	خون	خون	خون	خون	N1	اسم
4	واقعی	واقعی|واقع	واقعی|واقع	واقعی|واقع+ی	A0|N1+Y	صفت|اسم + ی
5	نشد	شد	شد	ن+شد	V	سوم شخص مفرد
6	.	.	.	.	Si	
7	»	»	»	»	Si	

0	نکته	نکته	نکته	نکته	N1	اسم
1	جالب	جالب	جالب	جالب	A0	صفت
2	درمورد	درمورد	درمورد	درمورد	Pr1	حرف اضافه گروهی
3	این	این|این	این|این	این|این	A1|N6	صفت اشاره|ضمیر اشاره
4	صحنه	صحنه|صحن	صحنه|صحن	صحنه|صحن+ه	N1|N1+O	اسم|اسم + ه
5	این	این|این	این|این	این|این	A1|N6	صفت اشاره|ضمیر اشاره
6	بود	بود|بود|بود|بو	بود|بود|بود|بو	بود|بود|بود|بو+د	V|N1|V|V	سوم شخص مفرد|اسم|سوم شخص مفرد|سوم شخص مفرد

0	که	که|که|که|که	که|که|که|که	که|که|که|که	C0|NA|N1|N1	حرف ربط|ضمیر پرسشی|اسم|اسم
1	اداره	اداره	اداره	اداره	N1	اسم
2	سانسور	سانسور	سانسور	سانسور	N1	اسم
3	انگلستان	انگلستان	انگلستان	انگلستان	N2	اسم خاص مکان
4	از	از	از	از	Pr	حرف اضافه
5	وفور	وفور|وفور	وفور|وفور	وفور|وفور	N1|N1	اسم|اسم
6	این	این|این	این|این	این|این	A1|N6	صفت اشاره|ضمیر اشاره
7	همه	همه|همه	همه|همه	همه|همه	N1|A2	اسم|صفت مبهم
8	خون	خون	خون	خون	N1	اسم
9	در	در|در|در|در|در	در|در|در|در|در	در|در|در|در|در	Pr|V|N1|N1|VPr	حرف اضافه|فعل امر مثبت|اسم|اسم|پیشوند فعل
10	یک	یک	یک	یک	No	عدد حرفی
11	سکانس	سکانس	سکانس	سکانس	N1	اسم
12	به	به|به	به|به	به|به	Pr|N1	حرف اضافه|اسم
13	تنگ	تنگ|تنگ	تنگ|تنگ	تنگ|تنگ	A0|N1	صفت|اسم
14	آمده	آمد|آمد	آمد|آمد	آمد+ه|آمد+ه	O+O|N1+O	ریشه ماضی + ه|اسم + ه

0	و	و|و|و	و|و|و	و|و|و	C0|Ab|Al	حرف ربط|اختصارات|حروف الفبا
1	درجه	درجه|درج	درجه|درج	درجه|درج+ه	N1|N1+O	اسم|اسم + ه
2	فیلم	فیلم|فیل|فیل	فیلم|فیل|فیل	فیلم|فیل+م|فیل+م	N1|N1+N|N1+V	اسم|اسم + ضمیر ملکی اول شخص مفرد|اسم + فعل اول شخص مفرد
3	را	را	را	را	Po	حرف اضافه پسین
4	فقط	فقط	فقط	فقط	Ad	قید
5	برای	برای	برای	برای	Pr	حرف اضافه
6	بزرگسالان	بزرگسال	بزرگسال	بزرگسال+ان	A0+Pl	صفت + ان
7	اعلام	اعلام|اعلام	اعلام|اعلام	اعلام|اعلام	N1|N1	اسم|اسم
8	نموده بود	نمود	نمود	نمود+ه+بود	V	سوم شخص مفرد

0	اما	اما	اما	اما	C0	حرف ربط
1	گویا	گویا|گویا	گویا|گویا	گویا|گویا	A0|Ad	صفت|قید
2	کوبریک	کوبریک	کوبریک	کوبریک	N
3	با	با	با	با	Pr	حرف اضافه
4	زیرکی	زیرکی|زیرک|زیر	زیرکی|زیرک|زیر	زیرکی|زیرک+ی|زیر+ک+ی	N1|A0+Y|A0+O+Y	اسم|صفت + ی|صفت + ک + ی
5	آن‌ها	آنها|آنها	آنها|آنها	آنها|آنها	N5|N6	ضمیر فاعلی|ضمیر اشاره
6	را	را	را	را	Po	حرف اضافه پسین
7	قانع	قانع	قانع	قانع	A0	صفت
8	کرد	کرد|کرد	کرد|کرد	کرد|کرد	V|N1	سوم شخص مفرد|اسم

0	که	که|که|که|که	که|که|که|که	که|که|که|که	C0|NA|N1|N1	حرف ربط|ضمیر پرسشی|اسم|اسم
1	این	این|این	این|این	این|این	A1|N6	صفت اشاره|ضمیر اشاره
2	مایع	مایع	مایع	مایع	N1	اسم
3	لزج	لزج	لزج	لزج	A0	صفت
4	،	،	،	،	Si	
5	خون	خون	خون	خون	N1	اسم
6	نبوده	نبود|بود|بود	نبود|بود|بود	نبود+ه|ن+بود+ه|ن+بود+ه	N1+O|O+O|Neg+V3+O	اسم + ه|ریشه ماضی + ه|ن + فعل اسنادی + ه

0	بلکه	بلکه|لکه|بل|لک|بل	بلکه|لکه|بل|لک|بل	بلکه|ب+لکه|بل+ک+ه|ب+لک+ه|بل+ک+ه	Ad|O+N1|N1+O+O|O+N1+O|N1+O+O	قید|ب + اسم|اسم + ک + ه|ب + اسم + ه|اسم + ک + ه
1	«	«	«	«	Si	
2	فاضلاب	فاضلاب	فاضلاب	فاضلاب	N1	اسم
3	»	»	»	»	Si	
4	است	است|اس	است|اس	است|اس+ت	V|N1+N	سوم شخص مفرد|اسم + ضمیر ملکی دوم شخص مفرد
5	.	.	.	.	Si	

0	بازیگر	بازیگر|بازی|باز|باز|باز|باز	بازیگر|بازی|باز|باز|باز|باز	بازیگر|بازی+گر|باز+ی+گر|باز+ی+گر|باز+ی+گر|باز+ی+گر	N1|N1+O|V1+Y+O|A0+Y+O|N1+Y+O|Ad+Y+O	اسم|اسم + گر|بن مضارع + ی + گر|صفت + ی + گر|اسم + ی + گر|قید + ی + گر
1	نقش	نقش|نق	نقش|نق	نقش|نق+ش	N1|N1+N	اسم|اسم + ضمیر ملکی سوم شخص مفرد
2	بچه	بچه|چه	بچه|چه	بچه|ب+چه	N1|O+A0	اسم|ب + صفت
3	فیلم	فیلم|فیل|فیل	فیلم|فیل|فیل	فیلم|فیل+م|فیل+م	N1|N1+N|N1+V	اسم|اسم + ضمیر ملکی اول شخص مفرد|اسم + فعل اول شخص مفرد
4	تا	تا|تا|تا	تا|تا|تا	تا|تا|تا	Pr|C0|Ab	حرف اضافه|حرف ربط|اختصارات
5	۱۲	۱۲	۱۲	۱۲	No	عدد رقمی
6	سالگی	سالگی|ساله|سال	سالگی|ساله|سال	سالگی|ساله+گی|سال+ه+گی	A0|N1+O|N1+O+O	صفت|اسم + گی|اسم + ه + گی
7	نفهمید	فهمید|نفهم|فهم	فهمید|نفهم|فهم	ن+فهمید|نفهم+ید|ن+فهم+ید	V|A0+V|V	سوم شخص مفرد|صفت + فعل دوم شخص جمع|دوم شخص جمع

0	که	که|که|که|که	که|که|که|که	که|که|که|که	C0|NA|N1|N1	حرف ربط|ضمیر پرسشی|اسم|اسم
1	در	در|در|در|در|در	در|در|در|در|در	در|در|در|در|در	Pr|V|N1|N1|VPr	حرف اضافه|فعل امر مثبت|اسم|اسم|پیشوند فعل
2	فیلمی	فیلم	فیلم	فیلم+ی	N1+Y	اسم + ی
3	ترسناک	ترسناک|ترس	ترسناک|ترس	ترسناک|ترس+ناک	A0|N1+O	صفت|اسم + ناک
4	بازی	بازی|باز|باز|باز|باز	بازی|باز|باز|باز|باز	بازی|باز+ی|باز+ی|باز+ی|باز+ی	N1|V|A0+Y|N1+Y|Ad+Y	اسم|دوم شخص مفرد|صفت + ی|اسم + ی|قید + ی
5	کرده‌است	کرد	کرد	کرد+ها+ست	N1+Pl+N	اسم + علامت جمع + ضمیر ملکی سوم شخص مفرد
6	.	.	.	.	Si	

0	درصورتی‌که	درصورتی‌که	درصورتی‌که	درصورتی‌که	C1	حرف ربط گروهی
1	در	در|در|در|در|در	در|در|در|در|در	در|در|در|در|در	Pr|V|N1|N1|VPr	حرف اضافه|فعل امر مثبت|اسم|اسم|پیشوند فعل
2	۷	۷	۷	۷	No	عدد رقمی
3	سالگی	سالگی|ساله|سال	سالگی|ساله|سال	سالگی|ساله+گی|سال+ه+گی	A0|N1+O|N1+O+O	صفت|اسم + گی|اسم + ه + گی
4	این	این|این	این|این	این|این	A1|N6	صفت اشاره|ضمیر اشاره
5	نقش	نقش|نق	نقش|نق	نقش|نق+ش	N1|N1+N	اسم|اسم + ضمیر ملکی سوم شخص مفرد
6	را	را	را	را	Po	حرف اضافه پسین
7	بازی	بازی|باز|باز|باز|باز	بازی|باز|باز|باز|باز	بازی|باز+ی|باز+ی|باز+ی|باز+ی	N1|V|A0+Y|N1+Y|Ad+Y	اسم|دوم شخص مفرد|صفت + ی|اسم + ی|قید + ی
8	کرده بود	کرد	کرد	کرد+ه+بود	V	سوم شخص مفرد
9	.	.	.	.	Si	

0	کوبریک	کوبریک	کوبریک	کوبریک	N
1	حس	حس	حس	حس	N1	اسم
2	مسئولیت	مسئولیت|مسئول	مسئولیت|مسئول	مسئولیت|مسئول+یت	N1|N1+O	اسم|اسم + یت
3	شدیدی	شدید	شدید	شدید+ی	A0+Y	صفت + ی
4	در	در|در|در|در|در	در|در|در|در|در	در|در|در|در|در	Pr|V|N1|N1|VPr	حرف اضافه|فعل امر مثبت|اسم|اسم|پیشوند فعل
5	این	این|این	این|این	این|این	A1|N6	صفت اشاره|ضمیر اشاره
6	خصوص	خصوص|خصوص	خصوص|خصوص	خصوص|خصوص	N1|N9	اسم|اسم موجود در ساختمان حرف اضافه و حرف ربط گروهی
7	احساس	احساس	احساس	احساس	N1	اسم
8	می‌کرد	کرد	کرد	می+کرد	V	سوم شخص مفرد

0	و	و|و|و	و|و|و	و|و|و	C0|Ab|Al	حرف ربط|اختصارات|حروف الفبا
1	بدین	بدین	بدین	بدین	Pr	حرف اضافه
2	لحاظ	لحاظ|لحاظ	لحاظ|لحاظ	لحاظ|لحاظ	N1|N9	اسم|اسم موجود در ساختمان حرف اضافه و حرف ربط گروهی
3	این	این|این	این|این	این|این	A1|N6	صفت اشاره|ضمیر اشاره
4	امر	امر	امر	امر	N1	اسم
5	را	را	را	را	Po	حرف اضافه پسین
6	از	از	از	از	Pr	حرف اضافه
7	کودک	کودک|کود	کودک|کود	کودک|کود+ک	N1|N1+O	اسم|اسم + ک
8	هنرمند	هنرمند|هنر	هنرمند|هنر	هنرمند|هنر+مند	N1|N1+O	اسم|اسم + مند
9	پنهان	پنهان	پنهان	پنهان	A0	صفت
10	نگاه داشت	نگاه داشت	نگاه داشت	نگاه داشت	N

0	تا	تا|تا|تا	تا|تا|تا	تا|تا|تا	Pr|C0|Ab	حرف اضافه|حرف ربط|اختصارات
1	به	به|به	به|به	به|به	Pr|N1	حرف اضافه|اسم
2	روحیه	روحیه|روحی	روحیه|روحی	روحیه|روحی+ه	N1|A0+O	اسم|صفت + ه
3	او	او|او	او|او	او|او	N5|Ab	ضمیر فاعلی|اختصارات
4	لطمه‌ای	لطمه‌ای|لطمه	لطمه‌ای|لطمه	لطمه‌ای|لطمه+ای	A0|N1+O	صفت|اسم + ای
5	وارد	وارد	وارد	وارد	N1	اسم
6	نگردد	گرد	گرد	ن+گرد+د	V	سوم شخص مفرد
7	.	.	.	.	Si	

0	حتی	حتی	حتی	حتی	Ad	قید
1	بار	بار|بار	بار|بار	بار|بار	V|N1	فعل امر مثبت|اسم
2	نخستی	خست	خست	ن+خست+ی	V	دوم شخص مفرد
3	که	که|که|که|که	که|که|که|که	که|که|که|که	C0|NA|N1|N1	حرف ربط|ضمیر پرسشی|اسم|اسم
4	دنی	دنی	دنی	دنی	N3	اسم خاص اشخاص
5	لوید	لو	لو	لو+ید	N1+V	اسم + فعل سوم شخص مفرد
6	این	این|این	این|این	این|این	A1|N6	صفت اشاره|ضمیر اشاره
7	فیلم	فیلم|فیل|فیل	فیلم|فیل|فیل	فیلم|فیل+م|فیل+م	N1|N1+N|N1+V	اسم|اسم + ضمیر ملکی اول شخص مفرد|اسم + فعل اول شخص مفرد
8	را	را	را	را	Po	حرف اضافه پسین
9	واقعاً	واقعاً	واقعاً	واقعاً	Ad	قید
10	تماشا	تماشا	تماشا	تماشا	N1	اسم
11	کرد	کرد|کرد	کرد|کرد	کرد|کرد	V|N1	سوم شخص مفرد|اسم

0	با	با	با	با	Pr	حرف اضافه
1	خود	خود|خود	خود|خود	خود|خود	N|N1	ضمیر مشترک/متقابل|اسم
2	استنلی	استنلی	استنلی	استنلی	N
3	کوبریک	کوبریک	کوبریک	کوبریک	N
4	بود	بود|بود|بود|بو	بود|بود|بود|بو	بود|بود|بود|بو+د	V|N1|V|V	سوم شخص مفرد|اسم|سوم شخص مفرد|سوم شخص مفرد
5	.	.	.	.	Si	

0	زلاتان	زلات	زلات	زلات	N
1	برای	برای	برای	برای	Pr	حرف اضافه
2	اولین	اولین|اول	اولین|اول	اولین|اول+ین	A0|A0+O	صفت|صفت + ین
3	بار	بار|بار	بار|بار	بار|بار	V|N1	فعل امر مثبت|اسم
4	در	در|در|در|در|در	در|در|در|در|در	در|در|در|در|در	Pr|V|N1|N1|VPr	حرف اضافه|فعل امر مثبت|اسم|اسم|پیشوند فعل
5	سال	سال	سال	سال	N1	اسم
6	۱۹۹۶	۱۹۹۶	۱۹۹۶	۱۹۹۶	No	عدد رقمی
7	با	با	با	با	Pr	حرف اضافه
8	مالمو	مالمو	مالمو	مالمو	N
9	قرارداد	قرارداد	قرارداد	قرارداد	N1	اسم
10	بست	بست|بست|بست	بست|بست|بست	بست|بست|بست	N1|V|N2	اسم|سوم شخص مفرد|اسم خاص مکان

1	و	و|و|و	و|و|و	و|و|و	C0|Ab|Al	حرف ربط|اختصارات|حروف الفبا
2	در	در|در|در|در|در	در|در|در|در|در	در|در|در|در|در	Pr|V|N1|N1|VPr	حرف اضافه|فعل امر مثبت|اسم|اسم|پیشوند فعل
3	سال	سال	سال	سال	N1	اسم
4	۱۹۹۹	۱۹۹۹	۱۹۹۹	۱۹۹۹	No	عدد رقمی
5	در	در|در|در|در|در	در|در|در|در|در	در|در|در|در|در	Pr|V|N1|N1|VPr	حرف اضافه|فعل امر مثبت|اسم|اسم|پیشوند فعل
6	ترکیب	ترکیب	ترکیب	ترکیب	N1	اسم
7	تیم	تیم|تی|تی	تیم|تی|تی	تیم|تی+م|تی+م	N1|N1+N|N1+V	اسم|اسم + ضمیر ملکی اول شخص مفرد|اسم + فعل اول شخص مفرد
8	اول	اول	اول	اول	A0	صفت
9	این	این|این	این|این	این|این	A1|N6	صفت اشاره|ضمیر اشاره
10	تیم	تیم|تی|تی	تیم|تی|تی	تیم|تی+م|تی+م	N1|N1+N|N1+V	اسم|اسم + ضمیر ملکی اول شخص مفرد|اسم + فعل اول شخص مفرد
11	در	در|در|در|در|در	در|در|در|در|در	در|در|در|در|در	Pr|V|N1|N1|VPr	حرف اضافه|فعل امر مثبت|اسم|اسم|پیشوند فعل
12	لیگ	لیگ	لیگ	لیگ	N1	اسم
13	اول	اول	اول	اول	A0	صفت
14	سوئد	سوئد	سوئد	سوئد	N2	اسم خاص مکان
15	قرار	قرار|قرار	قرار|قرار	قرار|قرار	N1|N9	اسم|اسم موجود در ساختمان حرف اضافه و حرف ربط گروهی
16	گرفت	گرفت|گرفت	گرفت|گرفت	گرفت|گرفت	V|N1	سوم شخص مفرد|اسم

0	که	که|که|که|که	که|که|که|که	که|که|که|که	C0|NA|N1|N1	حرف ربط|ضمیر پرسشی|اسم|اسم
1	در	در|در|در|در|در	در|در|در|در|در	در|در|در|در|در	Pr|V|N1|N1|VPr	حرف اضافه|فعل امر مثبت|اسم|اسم|پیشوند فعل
2	این	این|این	این|این	این|این	A1|N6	صفت اشاره|ضمیر اشاره
3	سال	سال	سال	سال	N1	اسم
4	این	این|این	این|این	این|این	A1|N6	صفت اشاره|ضمیر اشاره
5	تیم	تیم|تی|تی	تیم|تی|تی	تیم|تی+م|تی+م	N1|N1+N|N1+V	اسم|اسم + ضمیر ملکی اول شخص مفرد|اسم + فعل اول شخص مفرد
6	با	با	با	با	Pr	حرف اضافه
7	رتبه	رتبه	رتبه	رتبه	N1	اسم
8	سیزدهم	سیزده|سیزده	سیزده|سیزده	سیزده+م|سیزده+م	No+N|No+V	عدد حرفی + ضمیر ملکی اول شخص مفرد|عدد حرفی + فعل اول شخص مفرد
9	به	به|به	به|به	به|به	Pr|N1	حرف اضافه|اسم
10	لیگ	لیگ	لیگ	لیگ	N1	اسم
11	دوم	دوم|دو|دو|دو|دو	دوم|دو|دو|دو|دو	دوم|دو+م|دو+م|دو+م|دو+م	A0|V|V|N1+N|N1+V	صفت|اول شخص مفرد|اول شخص مفرد|اسم + ضمیر ملکی اول شخص مفرد|اسم + فعل اول شخص مفرد
12	سقوط	سقوط	سقوط	سقوط	N1	اسم
13	کرد	کرد|کرد	کرد|کرد	کرد|کرد	V|N1	سوم شخص مفرد|اسم

0	ولی	ولی|ولی|ول|ول	ولی|ولی|ول|ول	ولی|ولی|ول+ی|ول+ی	C0|N1|A0+Y|N1+Y	حرف ربط|اسم|صفت + ی|اسم + ی
1	فصل	فصل	فصل	فصل	N1	اسم
2	بعد	بعد|بعد|بعد	بعد|بعد|بعد	بعد|بعد|بعد	A0|N1|N9	صفت|اسم|اسم موجود در ساختمان حرف اضافه و حرف ربط گروهی
3	به	به|به	به|به	به|به	Pr|N1	حرف اضافه|اسم
4	لیگ	لیگ	لیگ	لیگ	N1	اسم
5	اول	اول	اول	اول	A0	صفت
6	بازگشت	بازگشت|بازگشت	بازگشت|بازگشت	بازگشت|بازگشت	V|N1	سوم شخص مفرد|اسم
7	.	.	.	.	Si	

0	پیش	پیش|پیش|پی	پیش|پیش|پی	پیش|پیش|پی+ش	A0|N9|N1+N	صفت|اسم موجود در ساختمان حرف اضافه و حرف ربط گروهی|اسم + ضمیر ملکی سوم شخص مفرد
1	از	از	از	از	Pr	حرف اضافه
2	آن‌که	آنکه|آنکه	آنکه|آنکه	آنکه|آنکه	Ad|N5	قید|ضمیر فاعلی
3	لئو	لئو	لئو	لئو	N
4	بینهاکر	بینهاکر	بینهاکر	بینهاکر	N
5	سرمربی	سرمربی	سرمربی	سرمربی	N1	اسم
6	آژاکس	آژاکس	آژاکس	آژاکس	N1	اسم
7	علاقه	علاقه	علاقه	علاقه	N1	اسم
8	خود	خود|خود	خود|خود	خود|خود	N|N1	ضمیر مشترک/متقابل|اسم
9	را	را	را	را	Po	حرف اضافه پسین
10	برای	برای	برای	برای	Pr	حرف اضافه
11	جذب	جذب	جذب	جذب	N1	اسم
12	این	این|این	این|این	این|این	A1|N6	صفت اشاره|ضمیر اشاره
13	بازیکن	بازیکن	بازیکن	بازیکن	N1	اسم
14	نشان	نشان|نشان	نشان|نشان	نشان|نشان	V|N1	فعل امر مثبت|اسم
15	دهد	ده	ده	ده+د	V	سوم شخص مفرد

0	این	این|این	این|این	این|این	A1|N6	صفت اشاره|ضمیر اشاره
1	آرسن	آرسن	آرسن	آرسن	N
2	ونگر	ون	ون	ون+گر	N1+O	اسم + گر
3	بود	بود|بود|بود|بو	بود|بود|بود|بو	بود|بود|بود|بو+د	V|N1|V|V	سوم شخص مفرد|اسم|سوم شخص مفرد|سوم شخص مفرد

0	که	که|که|که|که	که|که|که|که	که|که|که|که	C0|NA|N1|N1	حرف ربط|ضمیر پرسشی|اسم|اسم
1	زلاتان	زلات	زلات	زلات	N
2	را	را	را	را	Po	حرف اضافه پسین
3	کشف	کشف|کشف	کشف|کشف	کشف|کشف	N1|N1	اسم|اسم
4	کرد	کرد|کرد	کرد|کرد	کرد|کرد	V|N1	سوم شخص مفرد|اسم

0	اما	اما	اما	اما	C0	حرف ربط
1	طی	طی|طی	طی|طی	طی|طی	N1|Pr1	اسم|حرف اضافه گروهی
2	تلاشی	تلاشی|تلاش	تلاشی|تلاش	تلاشی|تلاش+ی	N1|N1+Y	اسم|اسم + ی
3	ناموفق	ناموفق|موفق	ناموفق|موفق	ناموفق|نا+موفق	A0|Neg+A0	صفت|نا + صفت
4	برای	برای	برای	برای	Pr	حرف اضافه
5	انتقال	انتقال	انتقال	انتقال	N1	اسم
6	وی	وی|وی	وی|وی	وی|وی	N5|Ab	ضمیر فاعلی|اختصارات
7	به	به|به	به|به	به|به	Pr|N1	حرف اضافه|اسم
8	آرسنال	آرسنال	آرسنال	آرسنال	N2	اسم خاص مکان
9	ابراهیموویچ	ابراهیموویچ	ابراهیموویچ	ابراهیموویچ	N
10	به	به|به	به|به	به|به	Pr|N1	حرف اضافه|اسم
11	آژاکس	آژاکس	آژاکس	آژاکس	N1	اسم
12	پیوست	پیوست|پیوست	پیوست|پیوست	پیوست|پیوست	V|N1	سوم شخص مفرد|اسم
13	.	.	.	.	Si	

0	در	در|در|در|در|در	در|در|در|در|در	در|در|در|در|در	Pr|V|N1|N1|VPr	حرف اضافه|فعل امر مثبت|اسم|اسم|پیشوند فعل
1	۲۲	۲۲	۲۲	۲۲	No	عدد رقمی
2	مارس	مارس	مارس	مارس	N1	اسم
3	۲۰۰۱	۲۰۰۱	۲۰۰۱	۲۰۰۱	No	عدد رقمی
4	ابراهیموویچ	ابراهیموویچ	ابراهیموویچ	ابراهیموویچ	N
5	با	با	با	با	Pr	حرف اضافه
6	قراردادی	قراردادی|قرارداد	قراردادی|قرارداد	قراردادی|قرارداد+ی	A0|N1+Y	صفت|اسم + ی
7	معادل	معادل	معادل	معادل	A0	صفت
8	۸۰	۸۰	۸۰	۸۰	No	عدد رقمی
9	میلیون	میلیون	میلیون	میلیون	No	عدد حرفی
10	کرون	کرون|کر	کرون|کر	کرون|کر+ون	N1|A0+Pl	اسم|صفت + علامت جمع
11	سوئد	سوئد	سوئد	سوئد	N2	اسم خاص مکان
12	به	به|به	به|به	به|به	Pr|N1	حرف اضافه|اسم
13	آژاکس	آژاکس	آژاکس	آژاکس	N1	اسم
14	پیوست	پیوست|پیوست	پیوست|پیوست	پیوست|پیوست	V|N1	سوم شخص مفرد|اسم
15	.	.	.	.	Si	

0	«	«	«	«	Si	
1	قدرت	قدرت|قدر|قدر	قدرت|قدر|قدر	قدرت|قدر+ت|قدر+ت	N1|N1+N|A0+N	اسم|اسم + ضمیر ملکی دوم شخص مفرد|صفت + ضمیر ملکی دوم شخص مفرد
2	فقط	فقط	فقط	فقط	Ad	قید
3	نصیب	نصیب	نصیب	نصیب	N1	اسم
4	کسانی	کسان|کس|کس	کسان|کس|کس	کسان+ی|کس+ان+ی|کس+ان+ی	N1+Y|N1+Pl+Y|N1+Pl+Y	اسم + ی|اسم + ان + ی|اسم + ان + ی
5	می‌شود	شو|شو	شو|شو	می+شو+د|می+شو+د	V|V	سوم شخص مفرد|سوم شخص مفرد

0	که	که|که|که|که	که|که|که|که	که|که|که|که	C0|NA|N1|N1	حرف ربط|ضمیر پرسشی|اسم|اسم
1	جرات	جر|جر	جر|جر	جر+ات|جر+ات	N1+Pl|N1+Pl	اسم + علامت جمع|اسم + علامت جمع
2	کنند	کن|کن	کن|کن	کن+ند|کن+ند	V|V	سوم شخص جمع|سوم شخص جمع

0	خم	خم|خم|خم	خم|خم|خم	خم|خم|خم	V|A0|N1	فعل امر مثبت|صفت|اسم
1	شوند	شوند|شو|شو|شو	شوند|شو|شو|شو	شوند|شو+ند|شو+ند|شو+ند	N1|V|V|N1+V	اسم|سوم شخص جمع|سوم شخص جمع|اسم + فعل سوم شخص جمع

1	و	و|و|و	و|و|و	و|و|و	C0|Ab|Al	حرف ربط|اختصارات|حروف الفبا
2	آن	آن|آن	آن|آن	آن|آن	A1|N6	صفت اشاره|ضمیر اشاره
3	را	را	را	را	Po	حرف اضافه پسین
4	به	به|به	به|به	به|به	Pr|N1	حرف اضافه|اسم
5	دقت	دقت|دق	دقت|دق	دقت|دق+ت	N1|N1+N	اسم|اسم + ضمیر ملکی دوم شخص مفرد
6	بگیرند	بگیر|گیر|گیر	بگیر|گیر|گیر	بگیر+ند|ب+گیر+ند|ب+گیر+ند	A0+V|V|O+A0+V	صفت + فعل سوم شخص جمع|سوم شخص جمع|ب + صفت + فعل سوم شخص جمع
7	.	.	.	.	Si	

0	فقط	فقط	فقط	فقط	Ad	قید
1	یک	یک	یک	یک	No	عدد حرفی
2	چیز	چیز	چیز	چیز	N1	اسم
3	مهم	مهم|مه|مه|مه|مه	مهم|مه|مه|مه|مه	مهم|مه+م|مه+م|مه+م|مه+م	A0|N1+N|N1+V|N1+N|N1+V	صفت|اسم + ضمیر ملکی اول شخص مفرد|اسم + فعل اول شخص مفرد|اسم + ضمیر ملکی اول شخص مفرد|اسم + فعل اول شخص مفرد
4	است	است|اس	است|اس	است|اس+ت	V|N1+N	سوم شخص مفرد|اسم + ضمیر ملکی دوم شخص مفرد
5	:	:	:	:	Si	

0	باید	باید	باید	باید	V4	فعل وجه نما
1	فقط	فقط	فقط	فقط	Ad	قید
2	جرات	جر|جر	جر|جر	جر+ات|جر+ات	N1+Pl|N1+Pl	اسم + علامت جمع|اسم + علامت جمع
3	داشت	داشت|داشت|داشت|داش	داشت|داشت|داشت|داش	داشت|داشت|داشت|داش+ت	V|V5|N1|N1+N	سوم شخص مفرد|فعل کمکی|اسم|اسم + ضمیر ملکی دوم شخص مفرد
4	.	.	.	.	Si	

0	لازم	لازم|زم	لازم|زم	لازم|لا+زم	A0|O+N1	صفت|لا + اسم
1	بود	بود|بود|بود|بو	بود|بود|بود|بو	بود|بود|بود|بو+د	V|N1|V|V	سوم شخص مفرد|اسم|سوم شخص مفرد|سوم شخص مفرد

0	بدانم	دان|بد|بد	دان|بد|بد	ب+دان+م|بد+ان+م|بد+ان+م	V|A0+Pl+N|A0+Pl+V	اول شخص مفرد|صفت + ان + ضمیر ملکی اول شخص مفرد|صفت + ان + فعل اول شخص مفرد

0	که	که|که|که|که	که|که|که|که	که|که|که|که	C0|NA|N1|N1	حرف ربط|ضمیر پرسشی|اسم|اسم
1	آیا	آیا	آیا	آیا	NA	ضمیر پرسشی
2	من	من	من	من	N5	ضمیر فاعلی
3	هم	هم|هم|هم	هم|هم|هم	هم|هم|هم	Ad|C0|N	قید|حرف ربط|ضمیر مشترک/متقابل
4	مانند	مانند|مانند|مان|مان	مانند|مانند|مان|مان	مانند|مانند|مان+ند|مان+ند	N1|N9|V|N1+V	اسم|اسم موجود در ساختمان حرف اضافه و حرف ربط گروهی|سوم شخص جمع|اسم + فعل سوم شخص جمع
5	همه‌ی	همه	همه	همه+ی	N1+Y	اسم + ی
6	مردم	مردم|مرد|مرد|مرد	مردم|مرد|مرد|مرد	مردم|مرد+م|مرد+م|مرد+م	N1|N1+N|N1+V|V	اسم|اسم + ضمیر ملکی اول شخص مفرد|اسم + فعل اول شخص مفرد|اول شخص مفرد
7	شپش	شپش	شپش	شپش	N1	اسم
8	هستم	هست|هست|هست	هست|هست|هست	هست+م|هست+م|هست+م	V|N1+N|N1+V	اول شخص مفرد|اسم + ضمیر ملکی اول شخص مفرد|اسم + فعل اول شخص مفرد

0	یا	یا|یا	یا|یا	یا|یا	C0|Intj	حرف ربط|صوت
1	انسانم	انسان|انسان	انسان|انسان	انسان+م|انسان+م	N1+N|N1+V	اسم + ضمیر ملکی اول شخص مفرد|اسم + فعل اول شخص مفرد
2	؟	؟	؟	؟	Si	

0	آیا	آیا	آیا	آیا	NA	ضمیر پرسشی
1	من	من	من	من	N5	ضمیر فاعلی
2	می‌توانم	توان|توان|توان	توان|توان|توان	می+توان+م|می+توان+م|می+توان+م	O+V4+N|O+V4+V|V	می + فعل وجه نما + ضمیر ملکی اول شخص مفرد|می + فعل وجه نما + فعل اول شخص مفرد|اول شخص مفرد

0	از	از	از	از	Pr	حرف اضافه
1	حد	حد	حد	حد	N1	اسم
2	معین	معین|معین|معین	معین|معین|معین	معین|معین|معین	A0|N1|N1	صفت|اسم|اسم
3	تجاوز	تجاوز	تجاوز	تجاوز	N1	اسم
4	کنم	کن|کن	کن|کن	کن+م|کن+م	V|V	اول شخص مفرد|اول شخص مفرد
5	،	،	،	،	Si	

0	یا	یا|یا	یا|یا	یا|یا	C0|Intj	حرف ربط|صوت
1	نمی‌توانم	توان|توان|توان	توان|توان|توان	نمی+توان+م|نمی+توان+م|نمی+توان+م	O+V4+N|O+V4+V|V	نمی + فعل وجه نما + ضمیر ملکی اول شخص مفرد|نمی + فعل وجه نما + فعل اول شخص مفرد|اول شخص مفرد
2	؟	؟	؟	؟	Si	

0	آیا	آیا	آیا	آیا	NA	ضمیر پرسشی
1	جسارت	جسارت	جسارت	جسارت	N1	اسم
2	این	این|این	این|این	این|این	A1|N6	صفت اشاره|ضمیر اشاره
3	را	را	را	را	Po	حرف اضافه پسین
4	دارم	دار|دار|دار	دار|دار|دار	دار+م|دار+م|دار+م	V|N1+N|N1+V	اول شخص مفرد|اسم + ضمیر ملکی اول شخص مفرد|اسم + فعل اول شخص مفرد

0	که	که|که|که|که	که|که|که|که	که|که|که|که	C0|NA|N1|N1	حرف ربط|ضمیر پرسشی|اسم|اسم
1	خم	خم|خم|خم	خم|خم|خم	خم|خم|خم	V|A0|N1	فعل امر مثبت|صفت|اسم
2	شوم	شوم|شو|شو|شو|شو	شوم|شو|شو|شو|شو	شوم|شو+م|شو+م|شو+م|شو+م	A0|V|V|N1+N|N1+V	صفت|اول شخص مفرد|اول شخص مفرد|اسم + ضمیر ملکی اول شخص مفرد|اسم + فعل اول شخص مفرد

0	و	و|و|و	و|و|و	و|و|و	C0|Ab|Al	حرف ربط|اختصارات|حروف الفبا
1	آنچه	آنچه	آنچه	آنچه	N1	اسم
2	را	را	را	را	Po	حرف اضافه پسین
3	می‌خواهم	خواه|خواه|خواه|می|می|می|می	خواه|خواه|خواه|می|می|می|می	می+خواه+م|می+خواه+م|می+خواه+م|می+خواه+م|می+خواه+م|می+خواه+م|می+خواه+م	V|O+V5+N|O+V5+V|N1+O+N|N1+O+V|N1+O+N|N1+O+V	اول شخص مفرد|می + فعل کمکی + ضمیر ملکی اول شخص مفرد|می + فعل کمکی + فعل اول شخص مفرد|اسم + خواه + ضمیر ملکی اول شخص مفرد|اسم + خواه + فعل اول شخص مفرد|اسم + خواه + ضمیر ملکی اول شخص مفرد|اسم + خواه + فعل اول شخص مفرد
4	،	،	،	،	Si	

0	بردارم	بردار|بردار|بردار	بردار|بردار|بردار	بردار+م|بردار+م|بردار+م	V|N1+N|N1+V	اول شخص مفرد|اسم + ضمیر ملکی اول شخص مفرد|اسم + فعل اول شخص مفرد

0	یا	یا|یا	یا|یا	یا|یا	C0|Intj	حرف ربط|صوت
1	نه	نه|نه|نه	نه|نه|نه	نه|نه|نه	No|V|N1	عدد حرفی|فعل امر مثبت|اسم
2	.	.	.	.	Si	

0	آیا	آیا	آیا	آیا	NA	ضمیر پرسشی
1	موجودی	موجودی|موجود	موجودی|موجود	موجودی|موجود+ی	N1|A0+Y	اسم|صفت + ی
2	ترسو	ترسو	ترسو	ترسو	A0	صفت
3	و	و|و|و	و|و|و	و|و|و	C0|Ab|Al	حرف ربط|اختصارات|حروف الفبا
4	بزدلم	بزدل|بزدل	بزدل|بزدل	بزدل+م|بزدل+م	A0+N|A0+V	صفت + ضمیر ملکی اول شخص مفرد|صفت + فعل اول شخص مفرد

0	یا	یا|یا	یا|یا	یا|یا	C0|Intj	حرف ربط|صوت
1	صاحب	صاحب	صاحب	صاحب	N1	اسم
2	حق	حق|حق	حق|حق	حق|حق	N1|N9	اسم|اسم موجود در ساختمان حرف اضافه و حرف ربط گروهی
3	و	و|و|و	و|و|و	و|و|و	C0|Ab|Al	حرف ربط|اختصارات|حروف الفبا
4	اختیار	اختیار|اخت|اخ|اخ|اخ	اختیار|اخت|اخ|اخ|اخ	اختیار|اخت+یار|اخ+ت+یار|اخ+ت+یار|اخ+ت+یار	N1|A0+O|N1+N+O|N1+N+O|A0+N+O	اسم|صفت + یار|اسم + ضمیر ملکی دوم شخص مفرد + یار|اسم + ضمیر ملکی دوم شخص مفرد + یار|صفت + ضمیر ملکی دوم شخص مفرد + یار
5	هستم	هست|هست|هست	هست|هست|هست	هست+م|هست+م|هست+م	V|N1+N|N1+V	اول شخص مفرد|اسم + ضمیر ملکی اول شخص مفرد|اسم + فعل اول شخص مفرد
6	؟	؟	؟	؟	Si	

0	»	»	»	»	Si	
1	«	«	«	«	Si	
2	قابل‌توجه	قابل‌توجه	قابل‌توجه	قابل‌توجه	A0	صفت
3	است	است|اس	است|اس	است|اس+ت	V|N1+N	سوم شخص مفرد|اسم + ضمیر ملکی دوم شخص مفرد

0	که	که|که|که|که	که|که|که|که	که|که|که|که	C0|NA|N1|N1	حرف ربط|ضمیر پرسشی|اسم|اسم
1	بیشتر	بیشتر|بیش|شتر	بیشتر|بیش|شتر	بیشتر|بیش+تر|بی+شتر	A0|A0+A|O+N1	صفت|صفت + علامت صفت تفضیلی|بی + اسم
2	اشخاص	شخص	شخص	شخص	N	اسم مفرد جمع مکسر
3	نیکوکار	نیکوکار	نیکوکار	نیکوکار	A0	صفت
4	و	و|و|و	و|و|و	و|و|و	C0|Ab|Al	حرف ربط|اختصارات|حروف الفبا
5	بنیانگذار	بنیانگذار|بنیان|نی|نی	بنیانگذار|بنیان|نی|نی	بنیانگذار|بنیان+گذار|ب+نی+ان+گذار|ب+نی+ان+گذار	N1|N1+O|O+N1+Pl+O|O+Ad+Pl+O	اسم|اسم + گذار|ب + اسم + ان + گذار|ب + قید + ان + گذار
6	اصول	اصول	اصول	اصول	N1	اسم
7	انسانیت	انسانیت|انسانی|انسان	انسانیت|انسانی|انسان	انسانیت|انسانی+ت|انسان+ی+ت	N1|A0+N|N1+Y+N	اسم|صفت + ضمیر ملکی دوم شخص مفرد|اسم + ی + ضمیر ملکی دوم شخص مفرد
8	،	،	،	،	Si	
9	مردمانی	مردم	مردم	مردم	N
10	بودند	بود|بود|بود	بود|بود|بود	بود+ند|بود+ند|بود+ند	V|N1+V|V	سوم شخص جمع|اسم + فعل سوم شخص جمع|سوم شخص جمع
11	بی‌نهایت	بی‌نهایت|نهایت	بی‌نهایت|نهایت	بی‌نهایت|بی+نهایت	A0|O+N1	صفت|بی + اسم
12	خون‌ریز	خون‌ریز	خون‌ریز	خون‌ریز	A0	صفت
13	.	.	.	.	Si	

0	همه	همه|همه	همه|همه	همه|همه	N1|A2	اسم|صفت مبهم
1	،	،	،	،	Si	
2	و	و|و|و	و|و|و	و|و|و	C0|Ab|Al	حرف ربط|اختصارات|حروف الفبا
3	نه	نه|نه|نه	نه|نه|نه	نه|نه|نه	No|V|N1	عدد حرفی|فعل امر مثبت|اسم
4	اشخاص	شخص	شخص	شخص	N	اسم مفرد جمع مکسر
5	بزرگ	بزرگ	بزرگ	بزرگ	A0	صفت
6	،	،	،	،	Si	
7	بلکه	بلکه|لکه|بل|لک|بل	بلکه|لکه|بل|لک|بل	بلکه|ب+لکه|بل+ک+ه|ب+لک+ه|بل+ک+ه	Ad|O+N1|N1+O+O|O+N1+O|N1+O+O	قید|ب + اسم|اسم + ک + ه|ب + اسم + ه|اسم + ک + ه
8	حتی	حتی	حتی	حتی	Ad	قید
9	آن‌هایی	آن	آن	آن+ها+یی	N6+Pl+O	ضمیر اشاره + علامت جمع + یی
10	که	که|که|که|که	که|که|که|که	که|که|که|که	C0|NA|N1|N1	حرف ربط|ضمیر پرسشی|اسم|اسم
11	فقط	فقط	فقط	فقط	Ad	قید
12	کمی	کمی|کمی|کم|کم	کمی|کمی|کم|کم	کمی|کمی|کم+ی|کم+ی	A2|A0|A0+Y|N1+Y	صفت مبهم|صفت|صفت + ی|اسم + ی
13	بیرون	بیرون	بیرون	بیرون	N1	اسم
14	از	از	از	از	Pr	حرف اضافه
15	چهارچوب	چهارچوب	چهارچوب	چهارچوب	N1	اسم
16	معمول	معمول	معمول	معمول	A0	صفت
17	هستند	هست|هست	هست|هست	هست+ند|هست+ند	V|N1+V	سوم شخص جمع|اسم + فعل سوم شخص جمع
18	،	،	،	،	Si	

0	یعنی	یعنی	یعنی	یعنی	C0	حرف ربط
1	حتی	حتی	حتی	حتی	Ad	قید
2	آن‌هایی	آن	آن	آن+ها+یی	N6+Pl+O	ضمیر اشاره + علامت جمع + یی
3	که	که|که|که|که	که|که|که|که	که|که|که|که	C0|NA|N1|N1	حرف ربط|ضمیر پرسشی|اسم|اسم
4	اندکی	اندکی	اندکی	اندکی	A2	صفت مبهم
5	توانایی	توانایی|توانا|توان	توانایی|توانا|توان	توانایی|توانا+یی|توان+ا+یی	N1|A0+O|O+O+O	اسم|صفت + یی|ریشه مضارع + ا + یی
6	گفتن	گفت	گفت	گفت+ن	V2+Neg	بن ماضی + ن
7	سخن	سخن	سخن	سخن	N1	اسم
8	نو	نو|نو	نو|نو	نو|نو	V|A0	فعل امر مثبت|صفت
9	را	را	را	را	Po	حرف اضافه پسین
10	دارند	دار|دار|دار	دار|دار|دار	دار+ند|دار+ند|دار+ند	V|N1+V|V5+V	سوم شخص جمع|اسم + فعل سوم شخص جمع|فعل کمکی + فعل سوم شخص جمع
11	،	،	،	،	Si	

0	قاعدتاً	قاعدتاً	قاعدتاً	قاعدتاً	Ad	قید
1	باید	باید	باید	باید	V4	فعل وجه نما
2	،	،	،	،	Si	
3	بنابر	بنابر	بنابر	بنابر	Pr1	حرف اضافه گروهی
4	طبیعت	طبیعت	طبیعت	طبیعت	N1	اسم
5	خود	خود|خود	خود|خود	خود|خود	N|N1	ضمیر مشترک/متقابل|اسم
6	،	،	،	،	Si	
7	کم‌وبیش	کم‌وبیش	کم‌وبیش	کم‌وبیش	Ad	قید
8	متجاوز	متجاوز	متجاوز	متجاوز	A0	صفت
9	باشند	باش|باش	باش|باش	باش+ند|باش+ند	V|V5+V	سوم شخص جمع|فعل کمکی + فعل سوم شخص جمع
10	.	.	.	.	Si	

0	اگر	اگر	اگر	اگر	C0	حرف ربط
1	جز	جز	جز	جز	Pr	حرف اضافه
2	این	این|این	این|این	این|این	A1|N6	صفت اشاره|ضمیر اشاره
3	باشد	باش|اشد	باش|اشد	باش+د|ب+اشد	V|O+A0	سوم شخص مفرد|ب + صفت

0	مشکل	مشکل	مشکل	مشکل	N1	اسم
1	است	است|اس	است|اس	است|اس+ت	V|N1+N	سوم شخص مفرد|اسم + ضمیر ملکی دوم شخص مفرد

0	آن‌ها	آنها|آنها	آنها|آنها	آنها|آنها	N5|N6	ضمیر فاعلی|ضمیر اشاره
1	از	از	از	از	Pr	حرف اضافه
2	چهار	چهار	چهار	چهار	No	عدد حرفی
3	دیوار	دیوار|دی	دیوار|دی	دیوار|دی+وار	N1|N1+O	اسم|اسم + وار
4	خود	خود|خود	خود|خود	خود|خود	N|N1	ضمیر مشترک/متقابل|اسم
5	به	به|به	به|به	به|به	Pr|N1	حرف اضافه|اسم
6	درآیند	درآی	درآی	درآی+ند	V	سوم شخص جمع
7	،	،	،	،	Si	

0	و	و|و|و	و|و|و	و|و|و	C0|Ab|Al	حرف ربط|اختصارات|حروف الفبا
1	از	از	از	از	Pr	حرف اضافه
2	ماندن	ماند|مان	ماند|مان	ماند+ن|مان+د+ن	V2+Neg|V1+O+Neg	بن ماضی + ن|بن مضارع + د + ن
3	در	در|در|در|در|در	در|در|در|در|در	در|در|در|در|در	Pr|V|N1|N1|VPr	حرف اضافه|فعل امر مثبت|اسم|اسم|پیشوند فعل
4	آن	آن|آن	آن|آن	آن|آن	A1|N6	صفت اشاره|ضمیر اشاره
5	چهارچوب	چهارچوب	چهارچوب	چهارچوب	N1	اسم
6	به	به|به	به|به	به|به	Pr|N1	حرف اضافه|اسم
7	خاطر	خاطر|خاطر	خاطر|خاطر	خاطر|خاطر	N1|N9	اسم|اسم موجود در ساختمان حرف اضافه و حرف ربط گروهی
8	طبع	طبع	طبع	طبع	N1	اسم
9	خود	خود|خود	خود|خود	خود|خود	N|N1	ضمیر مشترک/متقابل|اسم
10	،	،	،	،	Si	
11	نمی‌توانند	توان|توان	توان|توان	نمی+توان+ند|نمی+توان+ند	O+V4+V|V	نمی + فعل وجه نما + فعل سوم شخص جمع|سوم شخص جمع

0	راضی	راضی	راضی	راضی	A0	صفت
1	باشند	باش|باش	باش|باش	باش+ند|باش+ند	V|V5+V	سوم شخص جمع|فعل کمکی + فعل سوم شخص جمع
2	.	.	.	.	Si	

0	»	»	»	»	Si	
1	«	«	«	«	Si	
2	همه	همه|همه	همه|همه	همه|همه	N1|A2	اسم|صفت مبهم
3	قاتلن	قاتلن	قاتلن	قاتلن	N
4	؛	؛	؛	؛	Si	

0	همیشه	همیشه	همیشه	همیشه	Ad	قید
1	زمین	زمین|زم	زمین|زم	زمین|زم+ین	N1|N1+O	اسم|اسم + ین
2	جاری	جاری|جار	جاری|جار	جاری|جار+ی	A0|N1+Y	صفت|اسم + ی
3	از	از	از	از	Pr	حرف اضافه
4	خون	خون	خون	خون	N1	اسم
5	بوده	بود|بود|بود	بود|بود|بود	بود+ه|بود+ه|بود+ه	O+O|N1+O|V3+O	ریشه ماضی + ه|اسم + ه|فعل اسنادی + ه
6	.	.	.	.	Si	

0	روی	روی|روی|رو|رو|رو	روی|روی|رو|رو|رو	روی|روی|رو+ی|رو+ی|رو+ی	Pr1|N1|N1+Y|V|V	حرف اضافه گروهی|اسم|اسم + ی|دوم شخص مفرد|دوم شخص مفرد
1	زمین	زمین|زم	زمین|زم	زمین|زم+ین	N1|N1+O	اسم|اسم + ین
2	کسایی	کسایی|کسا	کسایی|کسا	کسایی|کسا+یی	N4|N1+O	اسم فامیل|اسم + یی
3	که	که|که|که|که	که|که|که|که	که|که|که|که	C0|NA|N1|N1	حرف ربط|ضمیر پرسشی|اسم|اسم
4	قتل	قتل	قتل	قتل	N1	اسم
5	می‌کنن	می کنن	می کنن	می کنن	N

0	بعدها	بعدها|بعد|بعد	بعدها|بعد|بعد	بعدها|بعد+ها|بعد+ها	Ad|A0+Pl|N1+Pl	قید|صفت + علامت جمع|اسم + علامت جمع
1	صاحب	صاحب	صاحب	صاحب	N1	اسم
2	بزرگ‌ترین	بزرگ	بزرگ	بزرگ+ترین	A0+A	صفت + علامت صفت تفضیلی
3	افتخارها	افتخار	افتخار	افتخار+ها	N1+Pl	اسم + علامت جمع
4	شدن	شد	شد	شد+ن	V3+Neg	فعل اسنادی + ن
5	.	.	.	.	Si	

0	من	من	من	من	N5	ضمیر فاعلی
1	فقط	فقط	فقط	فقط	Ad	قید
2	می‌خواستم	خواست|خواست|خواست	خواست|خواست|خواست	می+خواست+م|می+خواست+م|می+خواست+م	V|O+V5+N|O+V5+V	اول شخص مفرد|می + فعل کمکی + ضمیر ملکی اول شخص مفرد|می + فعل کمکی + فعل اول شخص مفرد

0	به	به|به	به|به	به|به	Pr|N1	حرف اضافه|اسم
1	مردم	مردم|مرد|مرد|مرد	مردم|مرد|مرد|مرد	مردم|مرد+م|مرد+م|مرد+م	N1|N1+N|N1+V|V	اسم|اسم + ضمیر ملکی اول شخص مفرد|اسم + فعل اول شخص مفرد|اول شخص مفرد
2	خوبی	خوبی|خوب	خوبی|خوب	خوبی|خوب+ی	N1|A0+Y	اسم|صفت + ی
3	کنم	کن|کن	کن|کن	کن+م|کن+م	V|V	اول شخص مفرد|اول شخص مفرد
4	.	.	.	.	Si	

0	کشتن	کشت|کشت|کش|کش	کشت|کشت|کش|کش	کشت+ن|کشت+ن|کش+ت+ن|کش+ت+ن	V2+Neg|V2+Neg|V1+N+Neg|V1+N+Neg	بن ماضی + ن|بن ماضی + ن|بن مضارع + ضمیر ملکی دوم شخص مفرد + ن|بن مضارع + ضمیر ملکی دوم شخص مفرد + ن
1	یک	یک	یک	یک	No	عدد حرفی
2	پیرزن	پیرزن	پیرزن	پیرزن	N1	اسم
3	رباخوار	رباخوار	رباخوار	رباخوار	A0	صفت

0	و	و|و|و	و|و|و	و|و|و	C0|Ab|Al	حرف ربط|اختصارات|حروف الفبا
1	از	از	از	از	Pr	حرف اضافه
2	بین	بین|بین|بین|ین	بین|بین|بین|ین	بین|بین|بین|ب+ین	V|N9|A0|O+N1	فعل امر مثبت|اسم موجود در ساختمان حرف اضافه و حرف ربط گروهی|صفت|ب + اسم
3	بردن	برد|بر|بر	برد|بر|بر	برد+ن|بر+د+ن|بر+د+ن	V2+Neg|V1+O+Neg|V1+O+Neg	بن ماضی + ن|بن مضارع + د + ن|بن مضارع + د + ن
4	یک	یک	یک	یک	No	عدد حرفی
5	حشره‌ی	حشره|حشر	حشره|حشر	حشره+ی|حشر+ه+ی	N1+Y|N1+O+Y	اسم + ی|اسم + ه + ی
6	کثیف	کثیف	کثیف	کثیف	A0	صفت
7	،	،	،	،	Si	

0	کجاش	کجا	کجا	کجا	N
1	جنایته	جنایت	جنایت	جنایت+ه	N1+O	اسم + ه
2	؟	؟	؟	؟	Si	

0	»	»	»	»	Si	
1	«	«	«	«	Si	
2	همه	همه|همه	همه|همه	همه|همه	N1|A2	اسم|صفت مبهم
3	چیزم	چیز|چیز	چیز|چیز	چیز+م|چیز+م	N1+N|N1+V	اسم + ضمیر ملکی اول شخص مفرد|اسم + فعل اول شخص مفرد
4	را	را	را	را	Po	حرف اضافه پسین
5	باخته بودم	باخت	باخت	باخت+ه+بود+م	V	اول شخص مفرد
6	.	.	.	.	Si	

0	همه	همه|همه	همه|همه	همه|همه	N1|A2	اسم|صفت مبهم
1	چیزم	چیز|چیز	چیز|چیز	چیز+م|چیز+م	N1+N|N1+V	اسم + ضمیر ملکی اول شخص مفرد|اسم + فعل اول شخص مفرد
2	را	را	را	را	Po	حرف اضافه پسین
3	!	!	!	!	Si	

0	از	از	از	از	Pr	حرف اضافه
1	کازینو	کازینو	کازینو	کازینو	N1	اسم
2	بیرون	بیرون	بیرون	بیرون	N1	اسم
3	آمدم	آمد|آمد|آمد	آمد|آمد|آمد	آمد+م|آمد+م|آمد+م	V|N1+N|N1+V	اول شخص مفرد|اسم + ضمیر ملکی اول شخص مفرد|اسم + فعل اول شخص مفرد
4	.	.	.	.	Si	

0	آن	آن|آن	آن|آن	آن|آن	A1|N6	صفت اشاره|ضمیر اشاره
1	وقت	وقت|وقت	وقت|وقت	وقت|وقت	N1|N9	اسم|اسم موجود در ساختمان حرف اضافه و حرف ربط گروهی
2	دیدم	دید|دید|دید	دید|دید|دید	دید+م|دید+م|دید+م	V|N1+N|N1+V	اول شخص مفرد|اسم + ضمیر ملکی اول شخص مفرد|اسم + فعل اول شخص مفرد

0	یک	یک	یک	یک	No	عدد حرفی
1	گولدن	گولدن	گولدن	گولدن	N
2	ته	ته|ته	ته|ته	ته|ته	V|Ad	فعل امر مثبت|قید
3	جیب	جیب	جیب	جیب	N1	اسم
4	جلیقه‌ام	جلیقه|جلیقه	جلیقه|جلیقه	جلیقه+ام|جلیقه+ام	N1+N|N1+V	اسم + ضمیر ملکی اول شخص مفرد|اسم + فعل اول شخص مفرد
5	مانده	مانده|ماند|مان	مانده|ماند|مان	مانده|ماند+ه|مان+د+ه	A0|O+O|V1+O+O	صفت|ریشه ماضی + ه|بن مضارع + د + ه
6	.	.	.	.	Si	

0	گفتم	گفت|گفت|گفت	گفت|گفت|گفت	گفت+م|گفت+م|گفت+م	V|N1+N|N1+V	اول شخص مفرد|اسم + ضمیر ملکی اول شخص مفرد|اسم + فعل اول شخص مفرد
1	:	:	:	:	Si	

0	«	«	«	«	Si	
1	آه	آه	آه	آه	N1	اسم
2	پس	پس|پس	پس|پس	پس|پس	Ad|N9	قید|اسم موجود در ساختمان حرف اضافه و حرف ربط گروهی
3	هنوز	هنوز	هنوز	هنوز	Ad	قید
4	می‌توانم	توان|توان|توان	توان|توان|توان	می+توان+م|می+توان+م|می+توان+م	O+V4+N|O+V4+V|V	می + فعل وجه نما + ضمیر ملکی اول شخص مفرد|می + فعل وجه نما + فعل اول شخص مفرد|اول شخص مفرد

0	غذایی	غذایی|غذا	غذایی|غذا	غذایی|غذا+یی	A0|N1+O	صفت|اسم + یی
1	بخورم	بخور|بخور|بخور|بخور|خور	بخور|بخور|بخور|بخور|خور	بخور+م|بخور+م|بخور+م|بخور+م|ب+خور+م	N1+N|N1+V|A0+N|A0+V|V	اسم + ضمیر ملکی اول شخص مفرد|اسم + فعل اول شخص مفرد|صفت + ضمیر ملکی اول شخص مفرد|صفت + فعل اول شخص مفرد|اول شخص مفرد
2	!	!	!	!	Si	

0	»	»	»	»	Si	
1	اما	اما	اما	اما	C0	حرف ربط
2	صد	صد	صد	صد	No	عدد حرفی
3	قدم	قدم|قدم|قد|قد|قد|قد	قدم|قدم|قد|قد|قد|قد	قدم|قدم|قد+م|قد+م|قد+م|قد+م	N1|N1|N1+N|N1+V|A0+N|A0+V	اسم|اسم|اسم + ضمیر ملکی اول شخص مفرد|اسم + فعل اول شخص مفرد|صفت + ضمیر ملکی اول شخص مفرد|صفت + فعل اول شخص مفرد
4	نرفته بودم	رفت|رفت	رفت|رفت	ن+رفت+ه+بود+م|ن+رفت+ه+بود+م	V|V	اول شخص مفرد|اول شخص مفرد

0	که	که|که|که|که	که|که|که|که	که|که|که|که	C0|NA|N1|N1	حرف ربط|ضمیر پرسشی|اسم|اسم
1	تصمیمم	تصمیم|تصمیم	تصمیم|تصمیم	تصمیم+م|تصمیم+م	N1+N|N1+V	اسم + ضمیر ملکی اول شخص مفرد|اسم + فعل اول شخص مفرد
2	عوض	عوض	عوض	عوض	N1	اسم
3	شد	شد	شد	شد	V	سوم شخص مفرد
4	.	.	.	.	Si	

0	برگشتم	برگشت|برگشت|برگشت	برگشت|برگشت|برگشت	برگشت+م|برگشت+م|برگشت+م	V|N1+N|N1+V	اول شخص مفرد|اسم + ضمیر ملکی اول شخص مفرد|اسم + فعل اول شخص مفرد

0	و	و|و|و	و|و|و	و|و|و	C0|Ab|Al	حرف ربط|اختصارات|حروف الفبا
1	یک	یک	یک	یک	No	عدد حرفی
2	گولدن	گولدن	گولدن	گولدن	N
3	را	را	را	را	Po	حرف اضافه پسین
4	روی	روی|روی|رو|رو|رو	روی|روی|رو|رو|رو	روی|روی|رو+ی|رو+ی|رو+ی	Pr1|N1|N1+Y|V|V	حرف اضافه گروهی|اسم|اسم + ی|دوم شخص مفرد|دوم شخص مفرد
5	مانک	مانک|مان	مانک|مان	مانک|مان+ک	N1|N1+O	اسم|اسم + ک
6	گذاشتم	گذاشت	گذاشت	گذاشت+م	V	اول شخص مفرد

0	(	(	(	(	Si	
1	بله	بله|بله|له|بل|له|له|بل	بله|بله|له|بل|له|له|بل	بله|بله|ب+له|بل+ه|ب+له|ب+له|بل+ه	Ad|A0|V|N1+O|O+A0|O+N1|N1+O	قید|صفت|فعل امر مثبت|اسم + ه|ب + صفت|ب + اسم|اسم + ه
2	خوب	خوب	خوب	خوب	A0	صفت
3	به	به|به	به|به	به|به	Pr|N1	حرف اضافه|اسم
4	یاد	یاد	یاد	یاد	N1	اسم
5	دارم	دار|دار|دار	دار|دار|دار	دار+م|دار+م|دار+م	V|N1+N|N1+V	اول شخص مفرد|اسم + ضمیر ملکی اول شخص مفرد|اسم + فعل اول شخص مفرد
6	.	.	.	.	Si	

0	روی	روی|روی|رو|رو|رو	روی|روی|رو|رو|رو	روی|روی|رو+ی|رو+ی|رو+ی	Pr1|N1|N1+Y|V|V	حرف اضافه گروهی|اسم|اسم + ی|دوم شخص مفرد|دوم شخص مفرد
1	مانک	مانک|مان	مانک|مان	مانک|مان+ک	N1|N1+O	اسم|اسم + ک
2	)	)	)	)	Si	
3	و	و|و|و	و|و|و	و|و|و	C0|Ab|Al	حرف ربط|اختصارات|حروف الفبا
4	جدا	جدا	جدا	جدا	A0	صفت

0	وقتی	وقتی|وقت	وقتی|وقت	وقتی|وقت+ی	Ad|N1+Y	قید|اسم + ی
1	آدم	آدم	آدم	آدم	N1	اسم
2	در	در|در|در|در|در	در|در|در|در|در	در|در|در|در|در	Pr|V|N1|N1|VPr	حرف اضافه|فعل امر مثبت|اسم|اسم|پیشوند فعل
3	کشوری	کشوری|کشور|کش|کش	کشوری|کشور|کش|کش	کشوری|کشور+ی|کش+ور+ی|کش+ور+ی	A0|N1+Y|V1+O+Y|V1+O+Y	صفت|اسم + ی|بن مضارع + ور + ی|بن مضارع + ور + ی
4	بیگانه	بیگانه|گانه|گان|بیگ	بیگانه|گانه|گان|بیگ	بیگانه|بی+گانه|بی+گان+ه|بیگ+انه	A0|O+N1|O+N1+O|N1+Pl	صفت|بی + اسم|بی + اسم + ه|اسم + انه
5	دور	دور|دور	دور|دور	دور|دور	A0|N1	صفت|اسم
6	از	از	از	از	Pr	حرف اضافه
7	وطن	وطن	وطن	وطن	N1	اسم
8	و	و|و|و	و|و|و	و|و|و	C0|Ab|Al	حرف ربط|اختصارات|حروف الفبا
9	کس	کس|کس	کس|کس	کس|کس	N1|N1	اسم|اسم
10	و	و|و|و	و|و|و	و|و|و	C0|Ab|Al	حرف ربط|اختصارات|حروف الفبا
11	کارش	کار|کار	کار|کار	کار+ش|کار+ش	N1+N|V	اسم + ضمیر ملکی سوم شخص مفرد|سوم شخص مفرد
12	تنهاست	تنها|تن|تن	تنها|تن|تن	تنها+ست|تن+ها+ست|تن+ها+ست	A0+N|N1+Pl+N|N1+Pl+N	صفت + ضمیر ملکی سوم شخص مفرد|اسم + علامت جمع + ضمیر ملکی سوم شخص مفرد|اسم + علامت جمع + ضمیر ملکی سوم شخص مفرد

0	و	و|و|و	و|و|و	و|و|و	C0|Ab|Al	حرف ربط|اختصارات|حروف الفبا
1	نمی‌داند	دان	دان	نمی+دان+د	V	سوم شخص مفرد

0	که	که|که|که|که	که|که|که|که	که|که|که|که	C0|NA|N1|N1	حرف ربط|ضمیر پرسشی|اسم|اسم
1	همان	همان|همان	همان|همان	همان|همان	A1|N6	صفت اشاره|ضمیر اشاره
2	روز	روز	روز	روز	N1	اسم
3	چه	چه|چه|چه	چه|چه|چه	چه|چه|چه	NA|C0|A0	ضمیر پرسشی|حرف ربط|صفت
4	خواهد خورد	خواهد خورد	خواهد خورد	خواهد خورد	N

0	و	و|و|و	و|و|و	و|و|و	C0|Ab|Al	حرف ربط|اختصارات|حروف الفبا
1	می‌خواهد	خواه|خواه	خواه|خواه	می+خواه+د|می+خواه+د	V|O+V5+O	سوم شخص مفرد|می + فعل کمکی + د

0	آخرین	آخر	آخر	آخر+ین	N1+O	اسم + ین
1	گولدن	گولدن	گولدن	گولدن	N
2	خود	خود|خود	خود|خود	خود|خود	N|N1	ضمیر مشترک/متقابل|اسم
3	را	را	را	را	Po	حرف اضافه پسین
4	آخرینش	آخر	آخر	آخر+ین+ش	N1+O+N	اسم + ین + ضمیر ملکی سوم شخص مفرد
5	را	را	را	را	Po	حرف اضافه پسین
6	به	به|به	به|به	به|به	Pr|N1	حرف اضافه|اسم
7	خطر	خطر	خطر	خطر	N1	اسم
8	اندازد	انداز	انداز	انداز+د	V	سوم شخص مفرد

0	احساس	احساس	احساس	احساس	N1	اسم
1	عجیبی	عجیبی|عجیب	عجیبی|عجیب	عجیبی|عجیب+ی	A0|A0+Y	صفت|صفت + ی
2	دارد	دار|دار	دار|دار	دار+د|دار+د	V|V5+O	سوم شخص مفرد|فعل کمکی + د
3	.	.	.	.	Si	

0	اما	اما	اما	اما	C0	حرف ربط
1	خطر	خطر	خطر	خطر	N1	اسم
2	کردم	کرد|کرد|کرد	کرد|کرد|کرد	کرد+م|کرد+م|کرد+م	V|N1+N|N1+V	اول شخص مفرد|اسم + ضمیر ملکی اول شخص مفرد|اسم + فعل اول شخص مفرد

0	و	و|و|و	و|و|و	و|و|و	C0|Ab|Al	حرف ربط|اختصارات|حروف الفبا
1	بردم	برد|برد|برد|رد|رد	برد|برد|برد|رد|رد	برد+م|برد+م|برد+م|ب+رد+م|ب+رد+م	V|N1+N|N1+V|O+A0+N|O+A0+V	اول شخص مفرد|اسم + ضمیر ملکی اول شخص مفرد|اسم + فعل اول شخص مفرد|ب + صفت + ضمیر ملکی اول شخص مفرد|ب + صفت + فعل اول شخص مفرد

0	و	و|و|و	و|و|و	و|و|و	C0|Ab|Al	حرف ربط|اختصارات|حروف الفبا
1	بیست	بیست	بیست	بیست	No	عدد حرفی
2	دقیقه	دقیقه|دقیق	دقیقه|دقیق	دقیقه|دقیق+ه	N1|A0+O	اسم|صفت + ه
3	بعد	بعد|بعد|بعد	بعد|بعد|بعد	بعد|بعد|بعد	A0|N1|N9	صفت|اسم|اسم موجود در ساختمان حرف اضافه و حرف ربط گروهی
4	با	با	با	با	Pr	حرف اضافه
5	صد	صد	صد	صد	No	عدد حرفی
6	و	و|و|و	و|و|و	و|و|و	C0|Ab|Al	حرف ربط|اختصارات|حروف الفبا
7	هفتاد	هفتاد	هفتاد	هفتاد	No	عدد حرفی
8	گولدن	گولدن	گولدن	گولدن	N
9	در	در|در|در|در|در	در|در|در|در|در	در|در|در|در|در	Pr|V|N1|N1|VPr	حرف اضافه|فعل امر مثبت|اسم|اسم|پیشوند فعل
10	جیب	جیب	جیب	جیب	N1	اسم
11	از	از	از	از	Pr	حرف اضافه
12	کازینو	کازینو	کازینو	کازینو	N1	اسم
13	بیرون	بیرون	بیرون	بیرون	N1	اسم
14	آمدم	آمد|آمد|آمد	آمد|آمد|آمد	آمد+م|آمد+م|آمد+م	V|N1+N|N1+V	اول شخص مفرد|اسم + ضمیر ملکی اول شخص مفرد|اسم + فعل اول شخص مفرد
15	.	.	.	.	Si	

0	این	این|این	این|این	این|این	A1|N6	صفت اشاره|ضمیر اشاره
1	یک	یک	یک	یک	No	عدد حرفی
2	واقعیت	واقعیت|واقعی|واقع	واقعیت|واقعی|واقع	واقعیت|واقعی+ت|واقع+ی+ت	N1|A0+N|N1+Y+N	اسم|صفت + ضمیر ملکی دوم شخص مفرد|اسم + ی + ضمیر ملکی دوم شخص مفرد
3	است	است|اس	است|اس	است|اس+ت	V|N1+N	سوم شخص مفرد|اسم + ضمیر ملکی دوم شخص مفرد
4	.	.	.	.	Si	

0	گاهی	گاهی|گاه	گاهی|گاه	گاهی|گاه+ی	Ad|Ad+Y	قید|قید + ی
1	آخرین	آخر	آخر	آخر+ین	N1+O	اسم + ین
2	گولدن	گولدن	گولدن	گولدن	N
3	چه	چه|چه|چه	چه|چه|چه	چه|چه|چه	NA|C0|A0	ضمیر پرسشی|حرف ربط|صفت
4	کارها	کار	کار	کار+ها	N1+Pl	اسم + علامت جمع
5	می‌کند	کن|کن|می|می	کن|کن|می|می	می+کن+د|می+کن+د|می+ک+ند|می+ک+ند	V|V|N1+O+V|N1+O+V	سوم شخص مفرد|سوم شخص مفرد|اسم + ک + فعل سوم شخص جمع|اسم + ک + فعل سوم شخص جمع
6	!	!	!	!	Si	

0	اگر	اگر	اگر	اگر	C0	حرف ربط
1	شکستم	شکست|شکست|شکست	شکست|شکست|شکست	شکست+م|شکست+م|شکست+م	V|N1+N|N1+V	اول شخص مفرد|اسم + ضمیر ملکی اول شخص مفرد|اسم + فعل اول شخص مفرد
2	را	را	را	را	Po	حرف اضافه پسین
3	پذیرفته بودم	پذیرفت	پذیرفت	پذیرفت+ه+بود+م	V	اول شخص مفرد

0	اگر	اگر	اگر	اگر	C0	حرف ربط
1	جرئت	جرئت	جرئت	جرئت	N1	اسم
2	تصمیم	تصمیم	تصمیم	تصمیم	N1	اسم
3	نمی‌داشتم	داشت	داشت	نمی+داشت+م	V	اول شخص مفرد

0	چه	چه|چه|چه	چه|چه|چه	چه|چه|چه	NA|C0|A0	ضمیر پرسشی|حرف ربط|صفت
1	شده بود	شد	شد	شد+ه+بود	V	سوم شخص مفرد
2	؟	؟	؟	؟	Si	

0	…	…	…	…	N
1	فردا	فردا	فردا	فردا	Ad	قید
2	،	،	،	،	Si	
3	فردا	فردا	فردا	فردا	Ad	قید
4	،	،	،	،	Si	
5	همه	همه|همه	همه|همه	همه|همه	N1|A2	اسم|صفت مبهم
6	چیز	چیز	چیز	چیز	N1	اسم
7	تمام	تمام|تمام	تمام|تمام	تمام|تمام	A0|N9	صفت|اسم موجود در ساختمان حرف اضافه و حرف ربط گروهی
6	خواهد شد	شد	شد	خواهد+شد	V	سوم شخص مفرد
7	.	.	.	.	Si	
8	»	»	»	»	Si	
