۰	استهزاء	استهزاء	استهزاء	استهزاء	N1
۱	و	و|و|و	و|و|و	و|و|و	C0|Ab|Al
۲	مسخره‌	مسخره|مسخر	مسخره|مسخر	مسخره|مسخر+ه	A0|A0+O
۳	کردن	کرد	کرد	کرد+ن	V2+Neg
۴	دیگران	دیگران	دیگران	دیگران	N5
۵	موجب	موجب	موجب	موجب	N1
۶	ایجاد	ایجاد	ایجاد	ایجاد	N1
۷	کدورت	کدورت	کدورت	کدورت	N1
۸	بین	بین|بین|بین|ین	بین|بین|بین|ین	بین|بین|بین|ب+ین	V|N9|A0|O+N1
۹	افراد	فرد	فرد	فرد	N
۱۰	می شود	شو|شو	شو|شو	می+شو+د|می+شو+د	V|V
۱۱	.	.	.	.	Si

۰	تهاتر	تهاتر	تهاتر	تهاتر	N1
۱	فقط	فقط	فقط	فقط	Ad
۲	در	در|در|در|در|در	در|در|در|در|در	در|در|در|در|در	Pr|V|N1|N1|VPr
۳	مورد	مورد|مورد|مورد	مورد|مورد|مورد	مورد|مورد|مورد	N1|N1|N9
۴	دو	دو|دو|دو|دو	دو|دو|دو|دو	دو|دو|دو|دو	No|V|V|N1
۵	دِیني	دِینی	دِینی	دِینی	O
۶	حاصل	حاصل	حاصل	حاصل	N1
۷	می شود	شو|شو	شو|شو	می+شو+د|می+شو+د	V|V

۰	که	که|که|که|که	که|که|که|که	که|که|که|که	C0|NA|N1|N1
۱	موضوع	موضوع	موضوع	موضوع	N1
۲	یکساني	یکسانی|یکسان	یکسانی|یکسان	یکسانی|یکسان+ی	N1|A0+Y
۳	داشته باشند	داشت	داشت	داشت+ه+باش+ند	V
۴	.	.	.	.	Si

.	کاپتان	کاپ	کاپ	کاپ+تان	N1+N
۱	کشتی	کشتی|کشتی|کشت|کشت|کشت	کشتی|کشتی|کشت|کشت|کشت	کشتی|کشتی|کشت+ی|کشت+ی|کشت+ی	N1|N1|V|V|N1+Y
۲	جنگی	جنگی|جنگ|جنگ	جنگی|جنگ|جنگ	جنگی|جنگ+ی|جنگ+ی	A0|N1+Y|N1+Y
۳	دستور	دستور|دست	دستور|دست	دستور|دست+ور	N1|N1+O
۴	عقب نشینی	عقب‌نشینی	عقب‌نشینی	عقب‌نشینی	N1
۵	کردن‌	کرد	کرد	کرد+ن	V2+Neg
۶	را	را	را	را	Po
۷	صادر	صادر	صادر	صادر	N1
۸	کرد	کرد|کرد	کرد|کرد	کرد|کرد	V|N1
۹	.	.	.	.	Si

۰	هرگاه	هرگاه	هرگاه	هرگاه	Ad
۱	موصي	موصی	موصی	موصی	N1
۲	پس	پس|پس	پس|پس	پس|پس	Ad|N9
۳	از	از	از	از	Pr
۴	انشاء	انشاء	انشاء	انشاء	N1
۵	وصیت نامه	وصیت‌نامه	وصیت‌نامه	وصیت‌نامه	N1
۶	محجور	محجور	محجور	محجور	A0
۷	شود	شو|شو	شو|شو	شو+د|شو+د	V|V

۰	وصیت	وصیت|وصی	وصیت|وصی	وصیت|وصی+ت	N1|N1+N
۱	از	از	از	از	Pr
۲	بین	بین|بین|بین|ین	بین|بین|بین|ین	بین|بین|بین|ب+ین	V|N9|A0|O+N1
۳	نمی رود	رو|رو	رو|رو	نمی+رو+د|نمی+رو+د	V|V
۴	.	.	.	.	Si

۰	توران	توران|توران	توران|توران	توران|توران	N3|N2
۱	و	و|و|و	و|و|و	و|و|و	C0|Ab|Al
۲	ایران	ایران	ایران	ایران	N2
۳	سال یان	سالیان|سال	سالیان|سال	سالیان|سال+ی+ان	N1|N1+Y+Pl
۴	دراز	دراز	دراز	دراز	A0
۵	با	با	با	با	Pr
۶	یکدیگر	یکدیگر	یکدیگر	یکدیگر	N
۷	به	به|به	به|به	به|به	Pr|N1
۸	جنگ	جنگ|جنگ|جنگ	جنگ|جنگ|جنگ	جنگ|جنگ|جنگ	V|N1|N1
۹	می پرداختند	پرداخت	پرداخت	می+پرداخت+ند	V
۱۰	.	.	.	.	Si

۰	زردگوش	زردگو	زردگو	زردگو	N
۱	کنایه	کنایه	کنایه	کنایه	N1
۲	از	از	از	از	Pr
۳	انسان	انسان	انسان	انسان	N1
۴	منافق	منافق	منافق	منافق	A0
۵	مفسده	مفسده|مفسد	مفسده|مفسد	مفسده|مفسد+ه	A0|A0+O
۶	و	و|و|و	و|و|و	و|و|و	C0|Ab|Al
۷	بیکاره	بیکاره|بیکار|کار	بیکاره|بیکار|کار	بیکاره|بیکار+ه|بی+کار+ه	A0|A0+O|O+N1+O
۸	است	است|اس	است|اس	است|اس+ت	V|N1+N
۹	.	.	.	.	Si

۰	خنبانیدن	خنبانیدن	خنبانیدن	خنبانیدن	N
۱	تقلیدکردن	تقلیدکردن	تقلیدکردن	تقلیدکردن	N
۲	حرکات	حرکت	حرکت	حرکت+ات	N1+Pl
۳	و	و|و|و	و|و|و	و|و|و	C0|Ab|Al
۴	سکنات	سکنات|سکنه	سکنات|سکنه	سکنات|سکنه+ات	N1|N1+Pl
۵	کسی	کسی	کسی	کسی	A2
۶	از	از	از	از	Pr
۷	روی	روی|روی|رو|رو|رو	روی|روی|رو|رو|رو	روی|روی|رو+ی|رو+ی|رو+ی	Pr1|N1|N1+Y|V|V
۸	ریشخند	ریشخند	ریشخند	ریشخند	N1
۹	می باشد	باش|باش	باش|باش	می+باش+د|می+باش+د	V|O+V5+O
۱۰	.	.	.	.	Si

۰	خنده	خنده|خند	خنده|خند	خنده|خند+ه	N1|V1+O
۱	بر	بر|بر|بر|بر|بر	بر|بر|بر|بر|بر	بر|بر|بر|بر|بر	Pr|V|V|VPr|N1
۲	هر	هر	هر	هر	A1
۳	درد	درد|درد|در	درد|درد|در	درد|درد|در+د	N1|N1|V
۴	بی درمان	بی‌درمان	بی‌درمان	بی‌درمان	A0
۵	دواست	دواس	دواس	دواس	N

۰	از	از	از	از	Pr
۱	عملکرد	عملکرد	عملکرد	عملکرد	N1
۲	دانشجویان	دانشجو|دانش|دان	دانشجو|دانش|دان	دانشجو+ی+ان|دانش+جو+ی+ان|دان+ش+جو+ی+ان	N1+Y+Pl|N1+O+Y+Pl|V1+O+O+Y+Pl
۳	راضی‌ام	راضی|راضی	راضی|راضی	راضی+ام|راضی+ام	A0+N|A0+V
۴	.	.	.	.	Si

۰	کودکان	کودک	کودک	کودک+ان	N1+Pl
۱	بازی	بازی|باز|باز|باز|باز	بازی|باز|باز|باز|باز	بازی|باز+ی|باز+ی|باز+ی|باز+ی	N1|V|A0+Y|N1+Y|Ad+Y
۲	با	با	با	با	Pr
۳	بادبادك	بادبادک	بادبادک	بادبادک	N1
۴	را	را	را	را	Po
۵	خیلي	خیلی|خیلی|خیل	خیلی|خیلی|خیل	خیلی|خیلی|خیل+ی	A0|Ad|N1+Y
۶	دوست	دوست|دو	دوست|دو	دوست|دو+ست	N1|N1+N
۷	دارند	دار|دار|دار	دار|دار|دار	دار+ند|دار+ند|دار+ند	V|N1+V|V5+V
۸	.	.	.	.	Si

۰	معلمین	معلم	معلم	معلم+ین	N1+O
۱	با	با	با	با	Pr
۲	فِراست	فِراست	فِراست	فِراست	O
۳	خود	خود|خود	خود|خود	خود|خود	N|N1
۴	توانستند	توانست|توانست	توانست|توانست	توانست+ند|توانست+ند	V4+V|V
۵	مشکلاة	مشکل	مشکل	مشکل+ات	N1+Pl
۶	دانش‌آموزان	دانش‌آموز	دانش‌آموز	دانش‌آموز+ان	N1+Pl
۷	را	را	را	را	Po
۸	حل‌کنند	حل‌کنند	حل‌کنند	حل‌کنند	N
۹	.	.	.	.	Si

۰	نگران	نگران|گران|نگر|گر	نگران|گران|نگر|گر	نگران|ن+گران|نگر+ان|ن+گر+ان	A0|V|V1+Pl|Neg+V1+Pl
۱	نباش	باش	باش	ن+باش	V
۲	...!؟	...!؟	...!؟	...!؟	Si

۰	بنده	بنده|بند|بند	بنده|بند|بند	بنده|بند+ه|بند+ه	N1|V1+O|N1+O
۱	هم‌آن	هم‌آن	هم‌آن	هم‌آن	N
۲	به	به|به	به|به	به|به	Pr|N1
۳	که	که|که|که|که	که|که|که|که	که|که|که|که	C0|NA|N1|N1
۴	ز	ز|ز	ز|ز	ز|ز	Al|Ab
۵	تقصیر	تقصیر	تقصیر	تقصیر	N1
۶	خویش	خویش	خویش	خویش	N
۷	شکر	شکر|شکر	شکر|شکر	شکر|شکر	N1|N1
۸	به	به|به	به|به	به|به	Pr|N1
۹	درگاه	درگاه|در|در	درگاه|در|در	درگاه|در+گاه|در+گاه	N1|N1+O|N1+O
۱۰	خدا	خدا	خدا	خدا	N1
۱۱	آورد	آورد|آور	آورد|آور	آورد|آور+د	V|V
۱۲	.	.	.	.	Si

۰	خنده	خنده|خند	خنده|خند	خنده|خند+ه	N1|V1+O
۱	حالتی	حالت	حالت	حالت+ی	N1+Y
۲	در	در|در|در|در|در	در|در|در|در|در	در|در|در|در|در	Pr|V|N1|N1|VPr
۳	چهرۀ	چهره	چهره	چهره	N
۴	انسان	انسان	انسان	انسان	N1
۵	به واسطۀ	به واسطه	به واسطه	به واسطه	N
۶	شعف	شعف	شعف	شعف	N1
۷	خوشحالی	خوشحالی|خوشحال	خوشحالی|خوشحال	خوشحالی|خوشحال+ی	N1|A0+Y
۸	یا	یا|یا	یا|یا	یا|یا	C0|Intj
۹	تمسخر	تمسخر	تمسخر	تمسخر	N1
۱۰	که	که|که|که|که	که|که|که|که	که|که|که|که	C0|NA|N1|N1
۱۱	در	در|در|در|در|در	در|در|در|در|در	در|در|در|در|در	Pr|V|N1|N1|VPr
۱۲	آن	آن|آن	آن|آن	آن|آن	A1|N6
۱۳	لب‌ها	لب|لب	لب|لب	لب+ها|لب+ها	N1+Pl|N1+Pl
۱۴	گشوده	گشوده|گشود	گشوده|گشود	گشوده|گشود+ه	A0|O+O
۱۵	می گردد	گرد	گرد	می+گرد+د	V

۰	و	و|و|و	و|و|و	و|و|و	C0|Ab|Al
۱	گاه	گاه	گاه	گاه	Ad
۲	با	با	با	با	Pr
۳	صدای	صدا	صدا	صدا+ی	N1+Y
۴	مخصوصي	مخصوص	مخصوص	مخصوص+ی	A0+Y
۵	همراه	همراه|راه	همراه|راه	همراه|هم+راه	A0|O+N1
۶	است	است|اس	است|اس	است|اس+ت	V|N1+N
۷	.	.	.	.	Si

۰	اَبَرنواختر	ابرنواخ	ابرنواخ	ابرنواخ	N
۱	ام-۸۹	ام-۸۹	ام-۸۹	ام-۸۹	N
۲	یکی	یکی	یکی	یکی	A2
۳	از	از	از	از	Pr
۴	انواع	نوع	نوع	نوع	N
۵	اجرام	اجرام	اجرام	اجرام	N1
۶	مسیه	مسی	مسی	مسی+ه	A0+O
۷	است	است|اس	است|اس	است|اس+ت	V|N1+N
۸	.	.	.	.	Si

۰	شادروان	شادروان	شادروان	شادروان	A0
۱	هرگز	هرگز	هرگز	هرگز	Ad
۲	چیزی	چیزی|چیز	چیزی|چیز	چیزی|چیز+ی	Ad|N1+Y
۳	به	به|به	به|به	به|به	Pr|N1
۴	عاریة	عاریت|عاری|عار	عاریت|عاری|عار	عاریت|عاری+ت|عار+ی+ت	A0|A0+N|N1+Y+N
۵	نگرفته بود	گرفت	گرفت	ن+گرفت+ه+بود	V

۰	دخترك	دخترک|دختر	دخترک|دختر	دخترک|دختر+ک	N1|N1+O
۱	کبریت	کبریت|کبر	کبریت|کبر	کبریت|کبر+یت	N1|N1+O
۲	فروش	فروش|فروش|فرو	فروش|فروش|فرو	فروش|فروش|فرو+ش	V|N1|A0+N
۳	از	از	از	از	Pr
۴	شدّت	شدت|شد	شدت|شد	شدت|شد+ت	N1|V
۵	سرما	سرما|سرما	سرما|سرما	سرما|سرما	V|N1
۶	چیزی	چیزی|چیز	چیزی|چیز	چیزی|چیز+ی	Ad|N1+Y
۷	را	را	را	را	Po
۸	احساس	احساس	احساس	احساس	N1
۹	نمی‌کرد	کرد	کرد	نمی+کرد	V
۱۰	;	;	;	;	Si

۰	نیست	نیست|است|نی	نیست|است|نی	نیست|نی+است|نی+ست	N1|V|N1+N
۱	بر	بر|بر|بر|بر|بر	بر|بر|بر|بر|بر	بر|بر|بر|بر|بر	Pr|V|V|VPr|N1
۲	ناله ی	ناله|نال|له|له|له	ناله|نال|له|له|له	ناله+ی|نال+ه+ی|نا+له+ی|نا+له+ی|نا+له+ی	N1+Y|V1+O+Y|Neg+V1+Y|Neg+A0+Y|Neg+N1+Y
۳	افسرده‌دمان	افسرده‌د	افسرده‌د	افسرده‌د	N
۴	گوش	گوش	گوش	گوش	N1
۵	مرا	مرا	مرا	مرا	N5
۶	بلبلی	بلبلی|بلبل	بلبلی|بلبل	بلبلی|بلبل+ی	A0|N1+Y
۷	کو	کو	کو	کو	Ad
۸	که	که|که|که|که	که|که|که|که	که|که|که|که	C0|NA|N1|N1
۹	صفیرش	صفیر	صفیر	صفیر+ش	N1+N
۱۰	بَرَد	برد	برد	برد	N
۱۱	از	از	از	از	Pr
۱۲	هوش	هوش	هوش	هوش	N1
۱۳	مرا	مرا	مرا	مرا	N5

۰	واخواست	واخواست	واخواست	واخواست	N1
۱	امتنا	امتنا	امتنا	امتنا	N
۲	از	از	از	از	Pr
۳	قبول	قبول	قبول	قبول	N1
۴	یا	یا|یا	یا|یا	یا|یا	C0|Intj
۵	نکول	نکول|نک	نکول|نک	نکول|نک+ول	N1|N1+O
۶	اعتراضی	اعتراضی|اعتراض	اعتراضی|اعتراض	اعتراضی|اعتراض+ی	A0|N1+Y
۷	است	است|اس	است|اس	است|اس+ت	V|N1+N

۰	که	که|که|که|که	که|که|که|که	که|که|که|که	C0|NA|N1|N1
۱	بر	بر|بر|بر|بر|بر	بر|بر|بر|بر|بر	بر|بر|بر|بر|بر	Pr|V|V|VPr|N1
۲	اثر	اثر|اثر	اثر|اثر	اثر|اثر	N1|N9
۳	خودداری	خودداری|خوددار|خود	خودداری|خوددار|خود	خودداری|خوددار+ی|خود+دار+ی	N1|A0+Y|N1+O+Y
۴	از	از	از	از	Pr
۵	نوشتن	نوشت|نوش	نوشت|نوش	نوشت+ن|نوش+ت+ن	V2+Neg|V1+N+Neg
۶	از	از	از	از	Pr
۷	طرف	طرف|طرف	طرف|طرف	طرف|طرف	N1|N1
۸	تأدیه	تأدیه	تأدیه	تأدیه	N1
۹	کننده‌ی	کننده|کن|کن	کننده|کن|کن	کننده+ی|کن+نده+ی|کن+نده+ی	A0+Y|V1+O+Y|V1+O+Y
۱۰	برات	برات|بر	برات|بر	برات|بر+ات	N1|N1+Pl
۱۱	اتفاق	اتفاق	اتفاق	اتفاق	N1
۱۲	میافتد	افت	افت	می+افت+د	V
۱۳	.	.	.	.	Si

۰	فرش	فرش|فرش|فر|فر|فر	فرش|فرش|فر|فر|فر	فرش|فرش|فر+ش|فر+ش|فر+ش	N1|N1|N1+N|A0+N|N1+N
۱	دستباف	دستباف	دستباف	دستباف	A0
۲	طرح	طرح	طرح	طرح	N1
۳	نامی	نامی|نام|نام	نامی|نام|نام	نامی|نام+ی|نام+ی	A0|N1+Y|V
۴	یکی	یکی	یکی	یکی	A2
۵	از	از	از	از	Pr
۶	طرحهاي	طرح	طرح	طرح+ها+ی	N1+Pl+Y
۷	معروف	معروف	معروف	معروف	A0
۸	در	در|در|در|در|در	در|در|در|در|در	در|در|در|در|در	Pr|V|N1|N1|VPr
۹	این	این|این	این|این	این|این	A1|N6
۱۰	حوزه	حوزه	حوزه	حوزه	N1
۱۱	می باشد	باش|باش	باش|باش	می+باش+د|می+باش+د	V|O+V5+O

۰	دیوان	دیوان	دیوان	دیوان	N1
۱	بین‌المللي	بین‌المللی|بین‌الملل	بین‌المللی|بین‌الملل	بین‌المللی|بین‌الملل+ی	A0|A0+Y
۲	لاهه	لاهه	لاهه	لاهه	N1
۳	به	به|به	به|به	به|به	Pr|N1
۴	شکایة	شکایت	شکایت	شکایت	N1
۵	کشورهای	کشور|کش|کش	کشور|کش|کش	کشور+ها+ی|کش+ور+ها+ی|کش+ور+ها+ی	N1+Pl+Y|V1+O+Pl+Y|V1+O+Pl+Y
۶	در	در|در|در|در|در	در|در|در|در|در	در|در|در|در|در	Pr|V|N1|N1|VPr
۷	حال	حال	حال	حال	N1
۸	توسعه	توسعه	توسعه	توسعه	N1
۹	و	و|و|و	و|و|و	و|و|و	C0|Ab|Al
۱۰	توسعه‌یافته	توسعه‌یافته	توسعه‌یافته	توسعه‌یافته	A0
۱۱	می پردازد	پرداز	پرداز	می+پرداز+د	V

۰	امواج	موج	موج	موج	N
۱	رادیواکتیو	رادیواکتیو	رادیواکتیو	رادیواکتیو	N1
۲	را	را	را	را	Po
۳	می توان	توان	توان	می+توان	O+V4
۴	در	در|در|در|در|در	در|در|در|در|در	در|در|در|در|در	Pr|V|N1|N1|VPr
۵	بسیاری	بسیاری	بسیاری	بسیاری	A2
۶	از	از	از	از	Pr
۷	مصارف	مصرف	مصرف	مصرف	N
۸	پزشکی	پزشکی|پزشک	پزشکی|پزشک	پزشکی|پزشک+ی	A0|N1+Y
۹	استفاده‌	استفاده	استفاده	استفاده	N1
۱۰	کرد	کرد|کرد	کرد|کرد	کرد|کرد	V|N1
۱۱	.	.	.	.	Si

۰	آراء	آراء	آراء	آراء	N1
۱	مأخوذة	مأخوذة	مأخوذة	مأخوذة	N
۲	تعیین‌کننده‌ی	تعیین‌کننده	تعیین‌کننده	تعیین‌کننده+ی	A0+Y
۳	رجال	رجال	رجال	رجال	N1
۴	سیاسی	سیاسی|سیاس	سیاسی|سیاس	سیاسی|سیاس+ی	A0|A0+Y
۵	است	است|اس	است|اس	است|اس+ت	V|N1+N

۰	مناظر	منظر	منظر	منظر	N
۱	بکر	بکر|کر	بکر|کر	بکر|ب+کر	A0|O+A0
۲	جزایر	جزيره	جزيره	جزيره	N
۳	جنوب	جنوب	جنوب	جنوب	N1
۴	موضوع	موضوع	موضوع	موضوع	N1
۵	تصاویر	تصاویر	تصاویر	تصاویر	N1
۶	گرفته شده	گرفته‌شده|گرفت	گرفته‌شده|گرفت	گرفته‌شده|گرفت+ه+شد+ه	A0|O+O
۷	توسط	توسط|توسط	توسط|توسط	توسط|توسط	N1|N9
۸	عکاسان	عکاس	عکاس	عکاس+ان	N1+Pl
۹	حرفه ای	حرفه‌ای|حرفه|حرف|حرف	حرفه‌ای|حرفه|حرف|حرف	حرفه‌ای|حرفه+ای|حرف+ه+ای|حرف+ه+ای	A0|N1+O|N1+O+O|N1+O+O
۱۰	بود	بود|بود|بود|بو	بود|بود|بود|بو	بود|بود|بود|بو+د	V|N1|V|V
۱۱	.	.	.	.	Si

۰	ادبا	ادبا	ادبا	ادبا	N1
۱	به	به|به	به|به	به|به	Pr|N1
۲	نقد	نقد	نقد	نقد	A0
۳	آثار	اثر	اثر	اثر	N
۴	ادبی	ادبی|ادب	ادبی|ادب	ادبی|ادب+ی	A0|N1+Y
۵	وی	وی|وی	وی|وی	وی|وی	N5|Ab
۶	پرداختند	پرداخت|پرداخت	پرداخت|پرداخت	پرداخت+ند|پرداخت+ند	V|N1+V

۰	ائمه‌ی	ائمه	ائمه	ائمه+ی	N1+Y
۱	جمعه	جمعه|جمع	جمعه|جمع	جمعه|جمع+ه	N1|A0+O
۲	توسط	توسط|توسط	توسط|توسط	توسط|توسط	N1|N9
۳	بنیانگذار	بنیانگذار|بنیان|نی|نی	بنیانگذار|بنیان|نی|نی	بنیانگذار|بنیان+گذار|ب+نی+ان+گذار|ب+نی+ان+گذار	N1|N1+O|O+N1+Pl+O|O+Ad+Pl+O
۴	جمهوری	جمهوری|جمهور	جمهوری|جمهور	جمهوری|جمهور+ی	N1|N1+Y
۵	اسلامی	اسلامی|اسلامی|اسلام	اسلامی|اسلامی|اسلام	اسلامی|اسلامی|اسلام+ی	A0|N4|N1+Y
۶	ایران	ایران	ایران	ایران	N2
۷	انتخاب	انتخاب	انتخاب	انتخاب	N1
۸	‌شدند	شد	شد	شد+ند	V
۹	.	.	.	.	Si

۰	معابد	معبد	معبد	معبد	N
۱	و	و|و|و	و|و|و	و|و|و	C0|Ab|Al
۲	مساجد	مسجد	مسجد	مسجد	N
۳	اماکن	اماکن	اماکن	اماکن	N1
۴	مقدّسی	مقدسی|مقدس	مقدسی|مقدس	مقدسی|مقدس+ی	N4|A0+Y
۵	هستند	هست|هست	هست|هست	هست+ند|هست+ند	V|N1+V
۶	.	.	.	.	Si

۰	که	که|که|که|که	که|که|که|که	که|که|که|که	C0|NA|N1|N1
۱	مفاهیم	مفهوم	مفهوم	مفهوم	N
۲	و	و|و|و	و|و|و	و|و|و	C0|Ab|Al
۳	رموز	رموز	رموز	رموز	N1
۴	معنوی	معنوی	معنوی	معنوی	A0
۵	را	را	را	را	Po
۶	به	به|به	به|به	به|به	Pr|N1
۷	مردم	مردم|مرد|مرد|مرد	مردم|مرد|مرد|مرد	مردم|مرد+م|مرد+م|مرد+م	N1|N1+N|N1+V|V
۸	منتقل	منتقل	منتقل	منتقل	A0
۹	می‌کنند	کن|کن	کن|کن	می+کن+ند|می+کن+ند	V|V
۱۰	.	.	.	.	Si

۰	حقایق	حقيقت	حقيقت	حقيقت	N
۱	عقاید	عقاید	عقاید	عقاید	N1
۲	فقهای	فقها|فق	فقها|فق	فقها+ی|فق+ها+ی	N1+Y|N1+Pl+Y
۳	پیشین	پیشین|پیش|ین	پیشین|پیش|ین	پیشین|پیش+ین|پیش+ین	A0|A0+O|O+N1
۴	بر	بر|بر|بر|بر|بر	بر|بر|بر|بر|بر	بر|بر|بر|بر|بر	Pr|V|V|VPr|N1
۵	ما	ما	ما	ما	N5
۶	پوشیده‌است	پوش|پوش	پوش|پوش	پوش+ید+ها+ست|پوش+ید+ها+ست	V1+V+Pl+N|N1+V+Pl+N
۷	.	.	.	.	Si

۰	اسامی	اسامی|اسام	اسامی|اسام	اسامی|اسام+ی	N1|N3+Y
۱	اسرای	اسرا	اسرا	اسرا+ی	N1+Y
۲	تحت	تحت	تحت	تحت	Pr1
۳	امر	امر	امر	امر	N1
۴	امیر	امیر	امیر	امیر	N3
۵	اعلام‌	اعلام|اعلام	اعلام|اعلام	اعلام|اعلام	N1|N1
۶	شدند	شد	شد	شد+ند	V
۷	.	.	.	.	Si

۰	پاکروان	پاکروان	پاکروان	پاکروان	N4
۱	کسی	کسی	کسی	کسی	A2
۲	است	است|اس	است|اس	است|اس+ت	V|N1+N

۰	که	که|که|که|که	که|که|که|که	که|که|که|که	C0|NA|N1|N1
۱	روان	روان	روان	روان	A0
۲	پاکی	پاکی|پاک|پا	پاکی|پاک|پا	پاکی|پاک+ی|پا+ک+ی	N1|A0+Y|N1+O+Y
۳	داشته‌باشد	داشت	داشت	داشت+ه+باش+د	V

۰	پرندگان	پرندگان|پرنده|پرند|پر	پرندگان|پرنده|پرند|پر	پرندگان|پرنده+گان|پرند+ه+گان|پر+نده+گان	N1|N1+Pl|N1+O+Pl|V1+O+Pl
۱	مهاجر	مهاجر	مهاجر	مهاجر	N1
۲	همچون	همچون	همچون	همچون	Pr
۳	آزادگان	آزادگان	آزادگان	آزادگان	N2
۴	به	به|به	به|به	به|به	Pr|N1
۵	مرغزار	مرغزار|مرغ|مرغ	مرغزار|مرغ|مرغ	مرغزار|مرغ+زار|مرغ+زار	N1|N1+O|N1+O
۶	بازگشتند	بازگشت|بازگشت	بازگشت|بازگشت	بازگشت+ند|بازگشت+ند	V|N1+V
۷	.	.	.	.	Si

۰	آیا	آیا	آیا	آیا	NA
۱	مسئولین	مسئول	مسئول	مسئول+ین	N1+O
۲	می‌توانند	توان|توان	توان|توان	می+توان+ند|می+توان+ند	O+V4+V|V
۳	شایستگیشان	شایستگی|شایسته|شایست	شایستگی|شایسته|شایست	شایستگی+شان|شایسته+گی+شان|شایست+ه+گی+شان	N1+N|A0+O+N|O+O+O+N
۴	را	را	را	را	Po
۵	نشان	نشان|نشان	نشان|نشان	نشان|نشان	V|N1
۶	دهند	ده|ده	ده|ده	ده+ند|ده+ند	V|N1+V
۷	.	.	.	.	Si

۰	و	و|و|و	و|و|و	و|و|و	C0|Ab|Al
۱	مسئولیت	مسئولیت|مسئول	مسئولیت|مسئول	مسئولیت|مسئول+یت	N1|N1+O
۲	تصمیمات	تصمیم	تصمیم	تصمیم+ات	N1+Pl
۳	خود	خود|خود	خود|خود	خود|خود	N|N1
۴	را	را	را	را	Po
۵	بر	بر|بر|بر|بر|بر	بر|بر|بر|بر|بر	بر|بر|بر|بر|بر	Pr|V|V|VPr|N1
۶	عهده	عهده|عهد	عهده|عهد	عهده|عهد+ه	N1|N1+O
۷	بگیرند	بگیر|گیر|گیر	بگیر|گیر|گیر	بگیر+ند|ب+گیر+ند|ب+گیر+ند	A0+V|V|O+A0+V
۸	.	.	.	.	Si

۰	سبزیجات	سبزیجات|سبزی|سبز	سبزیجات|سبزی|سبز	سبزیجات|سبزی+جات|سبز+ی+جات	N1|N1+Pl|A0+Y+Pl
۱	و	و|و|و	و|و|و	و|و|و	C0|Ab|Al
۲	صیفیجات	صیفی|صیف	صیفی|صیف	صیفی+جات|صیف+ی+جات	N1+Pl|N1+Y+Pl
۳	در	در|در|در|در|در	در|در|در|در|در	در|در|در|در|در	Pr|V|N1|N1|VPr
۴	کنار	کنار|کنار	کنار|کنار	کنار|کنار	N1|N1
۵	نشاسته	نشاسته	نشاسته	نشاسته	N1
۶	و	و|و|و	و|و|و	و|و|و	C0|Ab|Al
۷	غلات	غلات|غل	غلات|غل	غلات|غل+ات	N1|N1+Pl
۸	باید	باید	باید	باید	V4
۹	در	در|در|در|در|در	در|در|در|در|در	در|در|در|در|در	Pr|V|N1|N1|VPr
۱۰	رژیم	رژیم|رژ	رژیم|رژ	رژیم|رژ+یم	N1|N1+V
۱۱	غذایی	غذایی|غذا	غذایی|غذا	غذایی|غذا+یی	A0|N1+O
۱۲	در	در|در|در|در|در	در|در|در|در|در	در|در|در|در|در	Pr|V|N1|N1|VPr
۱۳	نظر	نظر|نظر	نظر|نظر	نظر|نظر	N1|N9
۱۴	گرفته	گرفته|گرفت|گرفت	گرفته|گرفت|گرفت	گرفته|گرفت+ه|گرفت+ه	A0|O+O|N1+O
۱۵	شود	شو|شو	شو|شو	شو+د|شو+د	V|V
۱۶	.	.	.	.	Si

۰	آیندگان	آینده	آینده	آینده+گان	N1+Pl
۱	نیز	نیز|آز	نیز|آز	نیز|نی+آز	Ad|V
۲	همانند	همانند|هم	همانند|هم	همانند|هم+ان+ند	A0|Ad+Pl+V
۳	گذشتگان	گذشتگان|گذشته|گذشت|گذشت	گذشتگان|گذشته|گذشت|گذشت	گذشتگان|گذشته+گان|گذشت+ه+گان|گذشت+ه+گان	N1|A0+Pl|O+O+Pl|N1+O+Pl
۴	با	با	با	با	Pr
۵	چالش‌های	چالش|چال	چالش|چال	چالش+ها+ی|چال+ش+ها+ی	N1+Pl+Y|N1+O+Pl+Y
۶	فراوانی	فراوانی|فراوان|وان	فراوانی|فراوان|وان	فراوانی|فراوان+ی|فرا+وان+ی	N1|A0+Y|O+N1+Y
۷	دست	دست|دست	دست|دست	دست|دست	N1|N9
۸	و	و|و|و	و|و|و	و|و|و	C0|Ab|Al
۹	پنجه	پنجه	پنجه	پنجه	N1
۱۰	نرم	نرم|نرم|رم|نر|نر	نرم|نرم|رم|نر|نر	نرم|نرم|ن+رم|نر+م|نر+م	A0|N1|V|A0+N|A0+V
۱۱	خواهند کرد	کرد	کرد	خواهند+کرد	V

۰	دبیرستان	دبیرستان|دبیر	دبیرستان|دبیر	دبیرستان|دبیر+ستان	N1|N1+Pl
۱	شایستگان	شایسته|شایست	شایسته|شایست	شایسته+گان|شایست+ه+گان	A0+Pl|O+O+Pl
۲	یکی	یکی	یکی	یکی	A2
۳	از	از	از	از	Pr
۴	مدارس	مدرسه	مدرسه	مدرسه	N
۵	غیرانتفاعی	غیرانتفاعی|انتفاعی|انتفاع	غیرانتفاعی|انتفاعی|انتفاع	غیرانتفاعی|غیر+انتفاعی|غیر+انتفاع+ی	A0|O+A0|O+N1+Y
۶	است	است|اس	است|اس	است|اس+ت	V|N1+N

۰	که	که|که|که|که	که|که|که|که	که|که|که|که	C0|NA|N1|N1
۱	در	در|در|در|در|در	در|در|در|در|در	در|در|در|در|در	Pr|V|N1|N1|VPr
۲	حوزه های	حوزه	حوزه	حوزه+ها+ی	N1+Pl+Y
۳	علوم	علم|علو|علو|علم	علم|علو|علو|علم	علم|علو+م|علو+م|علم	N|N1+N|N1+V|N
۴	انسانی	انسانی|انسان	انسانی|انسان	انسانی|انسان+ی	A0|N1+Y
۵	ریاضیات	ریاضیات|ریاضی	ریاضیات|ریاضی	ریاضیات|ریاضی+ات	N1|A0+Pl
۶	و	و|و|و	و|و|و	و|و|و	C0|Ab|Al
۷	علوم	علم|علو|علو|علم	علم|علو|علو|علم	علم|علو+م|علو+م|علم	N|N1+N|N1+V|N
۸	تجربی	تجربی|تجرب	تجربی|تجرب	تجربی|تجرب+ی	A0|N1+Y
۹	به	به|به	به|به	به|به	Pr|N1
۱۰	تعلیم	تعلیم	تعلیم	تعلیم	N1
۱۱	و	و|و|و	و|و|و	و|و|و	C0|Ab|Al
۱۲	تربیت	تربیت|ترب	تربیت|ترب	تربیت|ترب+یت	N1|N1+O
۱۳	دانش‌آموزان	دانش‌آموز	دانش‌آموز	دانش‌آموز+ان	N1+Pl
۱۴	می پردازد	پرداز	پرداز	می+پرداز+د	V

۰	آزادگی	آزادگی|آزاده|آزاد	آزادگی|آزاده|آزاد	آزادگی|آزاده+گی|آزاد+ه+گی	N1|N1+O|A0+O+O
۱	و	و|و|و	و|و|و	و|و|و	C0|Ab|Al
۲	آزاد‌منشی	آزادمنشی	آزادمنشی	آزادمنشی	N1
۳	از	از	از	از	Pr
۴	ویژگیهای	ویژگی|ویژه	ویژگی|ویژه	ویژگی+ها+ی|ویژه+گی+ها+ی	N1+Pl+Y|A0+O+Pl+Y
۵	اصلی	اصلی|اصل	اصلی|اصل	اصلی|اصل+ی	A0|A0+Y
۶	و	و|و|و	و|و|و	و|و|و	C0|Ab|Al
۷	شاخص	شاخص	شاخص	شاخص	A0
۸	امامان	اما	اما	اما	N
۹	بود	بود|بود|بود|بو	بود|بود|بود|بو	بود|بود|بود|بو+د	V|N1|V|V
۱۰	.	.	.	.	Si

۰	امروزه	امروزه|امروز	امروزه|امروز	امروزه|امروز+ه	Ad|N1+O
۱	الگوریتم‌های	الگوریتم	الگوریتم	الگوریتم	N
۲	فراابتکاری	ابتکاری|ابتکار	ابتکاری|ابتکار	فرا+ابتکاری|فرا+ابتکار+ی	O+A0|O+N1+Y
۳	نقش	نقش|نق	نقش|نق	نقش|نق+ش	N1|N1+N
۴	مهمی	مهمی|مهم	مهمی|مهم	مهمی|مهم+ی	N1|A0+Y
۵	در	در|در|در|در|در	در|در|در|در|در	در|در|در|در|در	Pr|V|N1|N1|VPr
۶	حل	حل	حل	حل	N1
۷	مسائل	مسئله	مسئله	مسئله	N
۸	بهینه سازی	بهینه‌سازی|بهینه|به	بهینه‌سازی|بهینه|به	بهینه‌سازی|بهینه+ساز+ی|به+ینه+ساز+ی	N1|N1+O+Y|N1+O+O+Y
۹	چند‌هدفه	چند‌هدفه	چند‌هدفه	چند‌هدفه	N
۱۰	دارند	دار|دار|دار	دار|دار|دار	دار+ند|دار+ند|دار+ند	V|N1+V|V5+V
۱۱	.	.	.	.	Si

۰	بادکنک	بادکنک	بادکنک	بادکنک	N1
۱	بوسیله‌ی	وسیله	وسیله	ب+وسیله+ی	O+N1+Y
۲	گاز	گاز	گاز	گاز	N1
۳	هلیوم	هلیوم	هلیوم	هلیوم	N1
۴	پرشده	پرشده|پر	پرشده|پر	پرشده|پر+شد+ه	A0|V1+O+O
۵	بود	بود|بود|بود|بو	بود|بود|بود|بو	بود|بود|بود|بو+د	V|N1|V|V

۰	بادبادکرانی	بادبادکران	بادبادکران	بادبادکران	N
۱	و	و|و|و	و|و|و	و|و|و	C0|Ab|Al
۲	قایقرانی	قایقرانی|قایقران	قایقرانی|قایقران	قایقرانی|قایقران+ی	N1|N1+Y
۳	شغل	شغل	شغل	شغل	N1
۴	جالبیست	جالبیس	جالبیس	جالبیس	N
۵	.	.	.	.	Si

۰	که	که|که|که|که	که|که|که|که	که|که|که|که	C0|NA|N1|N1
۱	نیاز	نیاز|یاز	نیاز|یاز	نیاز|ن+یاز	N1|V
۲	به	به|به	به|به	به|به	Pr|N1
۳	مهارت‌های	مهارت	مهارت	مهارت+ها+ی	N1+Pl+Y
۴	خاص	خاص	خاص	خاص	A0
۵	خود	خود|خود	خود|خود	خود|خود	N|N1
۶	را	را	را	را	Po
۷	دارند	دار|دار|دار	دار|دار|دار	دار+ند|دار+ند|دار+ند	V|N1+V|V5+V
۸	.	.	.	.	Si

۰	شنوندگان	شنونده|شنو|شنو|شنو	شنونده|شنو|شنو|شنو	شنونده+گان|شنو+نده+گان|شنو+نده+گان|شنو+نده+گان	N1+Pl|V1+O+Pl|V1+O+Pl|N1+O+Pl
۱	و	و|و|و	و|و|و	و|و|و	C0|Ab|Al
۲	بینندگان	بیننده|بین	بیننده|بین	بیننده+گان|بین+نده+گان	N1+Pl|V1+O+Pl
۳	این	این|این	این|این	این|این	A1|N6
۴	برنامه	برنامه	برنامه	برنامه	N1
۵	گروه	گروه|گرو|گرو	گروه|گرو|گرو	گروه|گرو+ه|گرو+ه	N1|V1+O|N1+O
۶	سنی	سنی|سنی|سن|سن	سنی|سنی|سن|سن	سنی|سنی|سن+ی|سن+ی	A0|A0|N1+Y|N1+Y
۷	خاصی	خاص	خاص	خاص+ی	A0+Y
۸	هستند	هست|هست	هست|هست	هست+ند|هست+ند	V|N1+V
۹	.	.	.	.	Si

۰	فعالیت‌های	فعالیت	فعالیت	فعالیت+ها+ی	N1+Pl+Y
۱	مرکز	مرکز	مرکز	مرکز	N1
۲	مذاهب	مذهب|مذهب|مذهب	مذهب|مذهب|مذهب	مذهب|مذهب|مذهب	N|N|N
۳	اسلامی	اسلامی|اسلامی|اسلام	اسلامی|اسلامی|اسلام	اسلامی|اسلامی|اسلام+ی	A0|N4|N1+Y
۴	در	در|در|در|در|در	در|در|در|در|در	در|در|در|در|در	Pr|V|N1|N1|VPr
۵	شانگهای	شانگهای	شانگهای	شانگهای	N2
۶	به	به|به	به|به	به|به	Pr|N1
۷	جویندگان	جوینده|جو|جو|جو|جو|جو	جوینده|جو|جو|جو|جو|جو	جوینده+گان|جو+ینده+گان|جو+ینده+گان|جو+ینده+گان|جو+ینده+گان|جو+ینده+گان	N1+Pl|V1+O+Pl|V1+O+Pl|N1+O+Pl|N1+O+Pl|N1+O+Pl
۸	اسلام	اسلام	اسلام	اسلام	N1
۹	معرفی	معرفی|معرف	معرفی|معرف	معرفی|معرف+ی	N1|N1+Y
۱۰	شد	شد	شد	شد	V
۱۱	.	.	.	.	Si

۰	مقالات	مقالات|مقال	مقالات|مقال	مقالات|مقال+ات	N1|N1+Pl
۱	و	و|و|و	و|و|و	و|و|و	C0|Ab|Al
۲	تحقیقات	تحقیق	تحقیق	تحقیق+ات	N1+Pl
۳	بسیاری	بسیاری	بسیاری	بسیاری	A2
۴	برای	برای	برای	برای	Pr
۵	پیشگیری	پیشگیری|گیر|گیر	پیشگیری|گیر|گیر	پیشگیری|پیش+گیر+ی|پیش+گیر+ی	N1|O+V1+Y|O+A0+Y
۶	از	از	از	از	Pr
۷	بیماری‌های	بیماری|بیمار|مار	بیماری|بیمار|مار	بیماری+ها+ی|بیمار+ی+ها+ی|بی+مار+ی+ها+ی	N1+Pl+Y|A0+Y+Pl+Y|O+N1+Y+Pl+Y
۸	عفونی	عفونی	عفونی	عفونی	A0
۹	و	و|و|و	و|و|و	و|و|و	C0|Ab|Al
۱۰	باکتریایی	باکتریایی	باکتریایی	باکتریایی	A0
۱۱	ارائه	ارائه	ارائه	ارائه	N1
۱۲	شده‌است	شد	شد	شد+ه+است	V
۱۳	.	.	.	.	Si

۰	پاکستان	پاکستان	پاکستان	پاکستان	N2
۱	و	و|و|و	و|و|و	و|و|و	C0|Ab|Al
۲	افغانستان	افغانستان	افغانستان	افغانستان	N2
۳	کشورهای	کشور|کش|کش	کشور|کش|کش	کشور+ها+ی|کش+ور+ها+ی|کش+ور+ها+ی	N1+Pl+Y|V1+O+Pl+Y|V1+O+Pl+Y
۴	همسایه‌ی	همسایه|سایه	همسایه|سایه	همسایه+ی|هم+سایه+ی	N1+Y|O+N1+Y
۵	شرقی	شرقی|شرق	شرقی|شرق	شرقی|شرق+ی	A0|N1+Y
۶	ایران	ایران	ایران	ایران	N2
۷	هستند	هست|هست	هست|هست	هست+ند|هست+ند	V|N1+V

۰	که	که|که|که|که	که|که|که|که	که|که|که|که	C0|NA|N1|N1
۱	تضاد	تضاد	تضاد	تضاد	N1
۲	منافع	منفعت	منفعت	منفعت	N
۳	با	با	با	با	Pr
۴	یکدیگر	یکدیگر	یکدیگر	یکدیگر	N
۵	دارد	دار|دار	دار|دار	دار+د|دار+د	V|V5+O
۶	.	.	.	.	Si

۰	فاطمه	فاطمه	فاطمه	فاطمه	N3
۱	مراعات	مراعات	مراعات	مراعات	N1
۲	حضور	حضور	حضور	حضور	N1
۳	مادرش	مادر	مادر	مادر+ش	N1+N
۴	را	را	را	را	Po
۵	نمی کرد	کرد	کرد	نمی+کرد	V
۶	.	.	.	.	Si

۰	یکی	یکی	یکی	یکی	A2
۱	از	از	از	از	Pr
۲	آرایه های	آرایه|آرای|آرا	آرایه|آرای|آرا	آرایه+ها+ی|آرای+ه+ها+ی|آرا+ی+ه+ها+ی	N1+Pl+Y|N1+O+Pl+Y|N1+O+Pl+Y
۳	ادبی	ادبی|ادب	ادبی|ادب	ادبی|ادب+ی	A0|N1+Y
۴	مراعات	مراعات	مراعات	مراعات	N1
۵	نظیر	نظیر	نظیر	نظیر	N1
۶	است	است|اس	است|اس	است|اس+ت	V|N1+N
۷	.	.	.	.	Si

۰	کلان	کلان|کل|کل|کل|کل|کل	کلان|کل|کل|کل|کل|کل	کلان|کل+ان|کل+ان|کل+ان|کل+ان|کل+ان	A0|A0+Pl|A0+Pl|N1+Pl|N1+Pl|N1+Pl
۱	شهر	شهر	شهر	شهر	N1
۲	اصفهان	اصفهان	اصفهان	اصفهان	N2
۳	مشکلات	مشکل	مشکل	مشکل+ات	N1+Pl
۴	و	و|و|و	و|و|و	و|و|و	C0|Ab|Al
۵	معضلات	معضل	معضل	معضل+ات	N1+Pl
۶	خود	خود|خود	خود|خود	خود|خود	N|N1
۷	را	را	را	را	Po
۸	دارد	دار|دار	دار|دار	دار+د|دار+د	V|V5+O
۹	.	.	.	.	Si

۰	هان	هان	هان	هان	Intj
۱	ای	ای|ای|ای	ای|ای|ای	ای|ای|ای	Intj|Ab|Ab
۲	پسر	پسر	پسر	پسر	N1
۳	!	!	!	!	Si

۰	مکان	مکان|مک|مک	مکان|مک|مک	مکان|مک+ان|مک+ان	N1|N1+Pl|Ad+Pl
۱	تاریک	تاریک|تاری	تاریک|تاری	تاریک|تاری+ک	A0|N1+O
۲	جای	جای|جا	جای|جا	جای|جا+ی	N1|N1+Y
۳	خوبی	خوبی|خوب	خوبی|خوب	خوبی|خوب+ی	N1|A0+Y
۴	برای	برای	برای	برای	Pr
۵	رشد	رشد	رشد	رشد	N1
۶	باکتری ها	باکتری	باکتری	باکتری+ها	N1+Pl
۷	است	است|اس	است|اس	است|اس+ت	V|N1+N
۸	.	.	.	.	Si

۰	زمان	زمان|زم	زمان|زم	زمان|زم+ان	N1|N1+Pl
۱	بازی	بازی|باز|باز|باز|باز	بازی|باز|باز|باز|باز	بازی|باز+ی|باز+ی|باز+ی|باز+ی	N1|V|A0+Y|N1+Y|Ad+Y
۲	فوتبال	فوتبال	فوتبال	فوتبال	N1
۳	بارسلونا	بارسلونا	بارسلونا	بارسلونا	N2
۴	و	و|و|و	و|و|و	و|و|و	C0|Ab|Al
۵	رئال مادرید	رئال‌مادرید	رئال‌مادرید	رئال‌مادرید	N1
۶	ساعت	ساعت	ساعت	ساعت	N1
۷	20	20	20	20	No
۸	روز	روز	روز	روز	N1
۹	هجدهم	هجده|هجده	هجده|هجده	هجده+م|هجده+م	No+N|No+V
۱۰	آبان	آبان|آب	آبان|آب	آبان|آب+ان	N1|N1+Pl
۱۱	است	است|اس	است|اس	است|اس+ت	V|N1+N
۱۲	.	.	.	.	Si

۰	طاووس	طاووس	طاووس	طاووس	N1
۱	خرامان	خرامان	خرامان	خرامان	Ad
۲	،	،	،	،	Si
۳	خرامان	خرامان	خرامان	خرامان	Ad
۴	راه	راه|راه	راه|راه	راه|راه	N1|N9
۵	می رود	رو|رو	رو|رو	می+رو+د|می+رو+د	V|V
۶	.	.	.	.	Si

۰	همه ی	همه	همه	همه+ی	N1+Y
۱	شهرها	شهر	شهر	شهر+ها	N1+Pl
۲	یک	یک	یک	یک	No
۳	میدان	میدان|می|می	میدان|می|می	میدان|می+دان|می+دان	N1|N1+Pl|N1+Pl
۴	به	به|به	به|به	به|به	Pr|N1
۵	نام	نام|نام	نام|نام	نام|نام	N1|V
۶	آزادی	آزادی|آزاد	آزادی|آزاد	آزادی|آزاد+ی	N1|A0+Y
۷	دارند	دار|دار|دار	دار|دار|دار	دار+ند|دار+ند|دار+ند	V|N1+V|V5+V
۸	.	.	.	.	Si

۰	علی	علی|علی	علی|علی	علی|علی	N3|A0
۱	دوان	دوان	دوان	دوان	V
۲	دوان	دوان	دوان	دوان	V
۳	گریان	گریان|گریان|گری|گری|گر|گر|گر	گریان|گریان|گری|گری|گر|گر|گر	گریان|گریان|گری+ان|گری+ان|گر+ی+ان|گر+ی+ان|گر+ی+ان	V|A0|V1+Pl|N1+Pl|V1+Y+Pl|N1+Y+Pl|Ad+Y+Pl
۴	و	و|و|و	و|و|و	و|و|و	C0|Ab|Al
۵	نالان	نالان	نالان	نالان	A0
۶	به	به|به	به|به	به|به	Pr|N1
۷	مدرسه	مدرسه|مدرس	مدرسه|مدرس	مدرسه|مدرس+ه	N1|N1+O
۸	رفت	رفت|رفت|رف	رفت|رفت|رف	رفت|رفت|رف+ت	V|V|N1+N
۹	.	.	.	.	Si

۰	کشور	کشور|کش|کش	کشور|کش|کش	کشور|کش+ور|کش+ور	N1|V1+O|V1+O
۱	آلمان	آلمان	آلمان	آلمان	N2
۲	در	در|در|در|در|در	در|در|در|در|در	در|در|در|در|در	Pr|V|N1|N1|VPr
۳	قاره ی	قاره|قار	قاره|قار	قاره+ی|قار+ه+ی	N1+Y|N1+O+Y
۴	سبز	سبز	سبز	سبز	A0
۵	قرار	قرار|قرار	قرار|قرار	قرار|قرار	N1|N9
۶	دارد	دار|دار	دار|دار	دار+د|دار+د	V|V5+O
۷	.	.	.	.	Si

۰	شکوفه	شکوفه|شکوف	شکوفه|شکوف	شکوفه|شکوف+ه	N1|V1+O
۱	خندان	خندان|خندان|خند	خندان|خندان|خند	خندان|خندان|خند+ان	V|A0|V1+Pl
۲	با	با	با	با	Pr
۳	شیرینی	شیرینی|شیرین|شیر	شیرینی|شیرین|شیر	شیرینی|شیرین+ی|شیر+ین+ی	N1|A0+Y|N1+O+Y
۴	وارد	وارد	وارد	وارد	N1
۵	شد	شد	شد	شد	V
۶	.	.	.	.	Si

۰	امان	امان|ام	امان|ام	امان|ام+ان	N1|N1+Pl
۱	بده	ده|بد|ده	ده|بد|ده	ب+ده|بد+ه|ب+ده	V|A0+O|O+N1
۲	!!!	!!!	!!!	!!!	Si

۰	امارات	امارات	امارات	امارات	N2
۱	متحده	متحده|متحد	متحده|متحد	متحده|متحد+ه	A0|A0+O
۲	عربی	عربی|عرب	عربی|عرب	عربی|عرب+ی	A0|N1+Y
۳	یکی	یکی	یکی	یکی	A2
۴	از	از	از	از	Pr
۵	کشورهای	کشور|کش|کش	کشور|کش|کش	کشور+ها+ی|کش+ور+ها+ی|کش+ور+ها+ی	N1+Pl+Y|V1+O+Pl+Y|V1+O+Pl+Y
۶	حوزه ی	حوزه	حوزه	حوزه+ی	N1+Y
۷	خلیج فارس	خلیج‌فارس	خلیج‌فارس	خلیج‌فارس	N2
۸	است	است|اس	است|اس	است|اس+ت	V|N1+N
۹	.	.	.	.	Si

۰	Emily	Emily	Emily	Emily	Pl
۱	Rose	Rose	Rose	Rose	Pl
۲	در	در|در|در|در|در	در|در|در|در|در	در|در|در|در|در	Pr|V|N1|N1|VPr
۳	سال	سال	سال	سال	N1
۴	1997	1997	1997	1997	No
۵	جن زده شد	جن زده شد	جن زده شد	جن زده شد	N
۶	.	.	.	.	Si

۰	ناودانی ها	ناودانی|ناودان|ناو	ناودانی|ناودان|ناو	ناودانی+ها|ناودان+ی+ها|ناو+دان+ی+ها	N1+Pl|N1+Y+Pl|N1+Pl+Y+Pl
۱	از	از	از	از	Pr
۲	آشغال	آشغال	آشغال	آشغال	N1
۳	پرشده بود	پر	پر	پر+شد+ه+بود	V1+O+O+O
۴	.	.	.	.	Si

۰	نادان	نادان|دان|نا	نادان|دان|نا	نادان|نا+دان|نا+دان	A0|V|N1+Pl
۱	همه	همه|همه	همه|همه	همه|همه	N1|A2
۲	را	را	را	را	Po
۳	به	به|به	به|به	به|به	Pr|N1
۴	چشم	چشم|چشم|چش	چشم|چشم|چش	چشم|چشم|چش+م	N1|Ad|V
۵	خویش	خویش	خویش	خویش	N
۶	می بیند	بین	بین	می+بین+د	V
۷	سعید	سعید	سعید	سعید	N3
۸	در	در|در|در|در|در	در|در|در|در|در	در|در|در|در|در	Pr|V|N1|N1|VPr
۹	عنفوان	عنفوان	عنفوان	عنفوان	N1
۱۰	جوانی	جوانی|جوان	جوانی|جوان	جوانی|جوان+ی	N1|A0+Y
۱۱	در گذشت	درگذشت|درگذشت	درگذشت|درگذشت	درگذشت|درگذشت	V|N1
۱۲	.	.	.	.	Si

۰	قوری	قوری	قوری	قوری	N1
۱	گلگلی	گل‌گلی|گل‌گل	گل‌گلی|گل‌گل	گل‌گلی|گل‌گل+ی	A0|A0+Y
۲	شکست	شکست|شکست|شک|شک	شکست|شکست|شک|شک	شکست|شکست|شک+ست|شک+ست	V|N1|N1+N|N1+N
۳	در	در|در|در|در|در	در|در|در|در|در	در|در|در|در|در	Pr|V|N1|N1|VPr
۴	این	این|این	این|این	این|این	A1|N6
۵	دنیای	دنیا	دنیا	دنیا+ی	N1+Y
۶	وانفساء	وانفساء	وانفساء	وانفساء	N
۷	...	...	...	...	Si
۸	حسرت زای	حسرت زا	حسرت زا	حسرت زا	N
۹	بی فردا	بی فردا	بی فردا	بی فردا	N
۱۰	خدایا	خدایا	خدایا	خدایا	Exp
۱۱	عاشقان	عاشق	عاشق	عاشق+ان	A0+Pl
۱۲	را	را	را	را	Po
۱۳	غم	غم	غم	غم	N1
۱۴	مده	مده|مد|مد	مده|مد|مد	مده|مد+ه|مد+ه	N1|N1+O|N1+O
۱۵	.	.	.	.	Si

۰	نردبان	نردبان|نرد	نردبان|نرد	نردبان|نرد+بان	N1|N1+Pl
۱	ترقی	ترقی	ترقی	ترقی	N1
۲	را	را	را	را	Po
۳	به	به|به	به|به	به|به	Pr|N1
۴	سرعت	سرعت	سرعت	سرعت	N1
۵	طی	طی|طی	طی|طی	طی|طی	N1|Pr1
۶	کرد	کرد|کرد	کرد|کرد	کرد|کرد	V|N1
۷	.	.	.	.	Si

۰	ادبیات	ادبیات|ادبی	ادبیات|ادبی	ادبیات|ادبی+ات	N1|A0+Pl
۱	پارسی	پارسی|پارس	پارسی|پارس	پارسی|پارس+ی	A0|N1+Y
۲	تاریخچه ی	تاریخچه|تاریخ	تاریخچه|تاریخ	تاریخچه+ی|تاریخ+چه+ی	N1+Y|N1+O+Y
۳	دیرینه ای	دیرینه|دیرین|دیر|دیر	دیرینه|دیرین|دیر|دیر	دیرینه+ای|دیرین+ه+ای|دیر+ین+ه+ای|دیر+ین+ه+ای	A0+O|A0+O+O|V1+O+O+O|N1+O+O+O
۴	دارد	دار|دار	دار|دار	دار+د|دار+د	V|V5+O
۵	.	.	.	.	Si

۰	شهر	شهر	شهر	شهر	N1
۱	ابادان	ابا	ابا	ابا+دان	N1+Pl
۲	عروس	عروس	عروس	عروس	N1
۳	ایران	ایران	ایران	ایران	N2
۴	است	است|اس	است|اس	است|اس+ت	V|N1+N
۵	.	.	.	.	Si

۰	لیوان	لیوان	لیوان	لیوان	N1
۱	پر	پر|پر|پر	پر|پر|پر	پر|پر|پر	V|A0|N1
۲	از	از	از	از	Pr
۳	چای	چای|چای	چای|چای	چای|چای	V|N1
۴	شکست	شکست|شکست|شک|شک	شکست|شکست|شک|شک	شکست|شکست|شک+ست|شک+ست	V|N1|N1+N|N1+N

۰	و	و|و|و	و|و|و	و|و|و	C0|Ab|Al
۱	او	او|او	او|او	او|او	N5|Ab
۲	را	را	را	را	Po
۳	سوزاند	سوزاند|سوزان	سوزاند|سوزان	سوزاند|سوزان+د	V|V
۴	.	.	.	.	Si

۰	واردات	واردات|وارد	واردات|وارد	واردات|وارد+ات	N1|N1+Pl
۱	و	و|و|و	و|و|و	و|و|و	C0|Ab|Al
۲	صادرات	صادرات|صادر	صادرات|صادر	صادرات|صادر+ات	N1|N1+Pl
۳	کشمش	کشمش|کش|کش	کشمش|کش|کش	کشمش|کش+م+ش|کش+م+ش	N1|V|V
۴	سود	سود|سود	سود|سود	سود|سود	V|N1
۵	خوبی	خوبی|خوب	خوبی|خوب	خوبی|خوب+ی	N1|A0+Y
۶	دارد	دار|دار	دار|دار	دار+د|دار+د	V|V5+O
۷	.	.	.	.	Si

۰	شایان ذکر	شایان‌ذکر	شایان‌ذکر	شایان‌ذکر	A0
۱	است	است|اس	است|اس	است|اس+ت	V|N1+N

۰	که	که|که|که|که	که|که|که|که	که|که|که|که	C0|NA|N1|N1
۱	رفسنجان	رفسنجان	رفسنجان	رفسنجان	N2
۲	پسته ی	پسته|پست|پست|ته|ته	پسته|پست|پست|ته|ته	پسته+ی|پست+ه+ی|پست+ه+ی|پس+ته+ی|پس+ته+ی	N1+Y|N1+O+Y|A0+O+Y|O+V1+Y|O+Ad+Y
۳	مرغوبی	مرغوب	مرغوب	مرغوب+ی	A0+Y
۴	دارد	دار|دار	دار|دار	دار+د|دار+د	V|V5+O
۵	.	.	.	.	Si

۰	باغ	باغ	باغ	باغ	N1
۱	بی برگی	ابره|ابر|ابر|گی	ابره|ابر|ابر|گی	بی+ابره+گی|بی+ابر+ه+گی|بی+ابر+ه+گی|ابر+بی+گی	O+N1+O|O+N1+O+O|O+N1+O+O|O+O+N1
۲	که	که|که|که|که	که|که|که|که	که|که|که|که	C0|NA|N1|N1
۳	میگوید	گو	گو	می+گو+ید	V
۴	که	که|که|که|که	که|که|که|که	که|که|که|که	C0|NA|N1|N1
۵	زیبا	زیبا	زیبا	زیبا	A0
۶	نیست	نیست|است|نی	نیست|است|نی	نیست|نی+است|نی+ست	N1|V|N1+N
۷	.	.	.	.	Si

۰	شیروان	شیروان	شیروان	شیروان	N2
۱	یکی	یکی	یکی	یکی	A2
۲	از	از	از	از	Pr
۳	شهرستانهای	شهرستان|شهر	شهرستان|شهر	شهرستان+ها+ی|شهر+ستان+ها+ی	N1+Pl+Y|N1+Pl+Pl+Y
۴	کرمانشاه	کرمانشاه	کرمانشاه	کرمانشاه	N2
۵	است	است|اس	است|اس	است|اس+ت	V|N1+N
۶	.	.	.	.	Si

۰	آسمان	آسمان|آس	آسمان|آس	آسمان|آس+مان	N1|N1+N
۱	آبی	آبی|آب	آبی|آب	آبی|آب+ی	A0|N1+Y
۲	زمین	زمین|زم	زمین|زم	زمین|زم+ین	N1|N1+O
۳	پاک	پاک|پا	پاک|پا	پاک|پا+ک	A0|N1+O

۰	شمیران	شمیران	شمیران	شمیران	N2
۱	نام	نام|نام	نام|نام	نام|نام	N1|V
۲	منطقه ای	منطقه‌ای|منطقه|منطق	منطقه‌ای|منطقه|منطق	منطقه‌ای|منطقه+ای|منطق+ه+ای	A0|N1+O|N1+O+O
۳	در	در|در|در|در|در	در|در|در|در|در	در|در|در|در|در	Pr|V|N1|N1|VPr
۴	تهران	تهران	تهران	تهران	N2
۵	است	است|اس	است|اس	است|اس+ت	V|N1+N
۶	.	.	.	.	Si

۰	لیفان	لیف	لیف	لیف+ان	N1+Pl
۱	یک	یک	یک	یک	No
۲	خودروی	خودرو	خودرو	خودرو+ی	A0+Y
۳	چینیست	چینی|چین|چین	چینی|چین|چین	چینی+ست|چین+ی+ست|چین+ی+ست	A0+N|V1+Y+N|N2+Y+N
۴	که	که|که|که|که	که|که|که|که	که|که|که|که	C0|NA|N1|N1
۵	بدرد	درد|درد|در	درد|درد|در	ب+درد|ب+درد|ب+در+د	O+N1|O+N1|V
۶	نمی خورد	خورد|خور	خورد|خور	نمی+خورد|نمی+خور+د	V|V
۷	.	.	.	.	Si

۰	ما	ما	ما	ما	N5
۱	باید	باید	باید	باید	V4
۲	همواره	همواره|هموار|واره	همواره|هموار|واره	همواره|هموار+ه|هم+واره	Ad|A0+O|O+N1
۳	به دنبال	به‌دنبال	به‌دنبال	به‌دنبال	Pr1
۴	آرمان	آرمان|آر	آرمان|آر	آرمان|آر+مان	N1|N1+N
۵	خود	خود|خود	خود|خود	خود|خود	N|N1
۶	باشیم	باش|باش	باش|باش	باش+یم|باش+ی+م	V|V
۷	.	.	.	.	Si

۰	خفتان	خفتان|خفت|خفت	خفتان|خفت|خفت	خفتان|خفت+ان|خفت+ان	N1|N1+Pl|N1+Pl
۱	خود	خود|خود	خود|خود	خود|خود	N|N1
۲	را	را	را	را	Po
۳	پوشید	پوشید|پوش|پوش	پوشید|پوش|پوش	پوشید|پوش+ید|پوش+ید	V|V|N1+V
۴	و	و|و|و	و|و|و	و|و|و	C0|Ab|Al
۵	به	به|به	به|به	به|به	Pr|N1
۶	میدان	میدان|می|می	میدان|می|می	میدان|می+دان|می+دان	N1|N1+Pl|N1+Pl
۷	رزم	رزم|رزم	رزم|رزم	رزم|رزم	V|N1
۸	رفت	رفت|رفت|رف	رفت|رفت|رف	رفت|رفت|رف+ت	V|V|N1+N
۹	.	.	.	.	Si

۰	ریختن	ریخت	ریخت	ریخت+ن	V2+Neg
۱	زباله	زباله	زباله	زباله	N1
۲	در	در|در|در|در|در	در|در|در|در|در	در|در|در|در|در	Pr|V|N1|N1|VPr
۳	دامان	دامان	دامان	دامان	N1
۴	طبیعت	طبیعت	طبیعت	طبیعت	N1
۵	بی فرهنگی	بی‌فرهنگی	بی‌فرهنگی	بی‌فرهنگی	N1
۶	است	است|اس	است|اس	است|اس+ت	V|N1+N
۷	.	.	.	.	Si

۰	فرمند	فرمند|فر|فر	فرمند|فر|فر	فرمند|فر+مند|فر+مند	A0|N1+O|N1+O
۱	یکی	یکی	یکی	یکی	A2
۲	از	از	از	از	Pr
۳	مرغوبترین	مرغوب	مرغوب	مرغوب+ترین	A0+A
۴	برندها	رند|بر|بر|بر	رند|بر|بر|بر	ب+رند+ها|بر+ند+ها|بر+ند+ها|بر+ند+ها	O+A0+Pl|V1+V+Pl|V1+V+Pl|N1+V+Pl
۵	در	در|در|در|در|در	در|در|در|در|در	در|در|در|در|در	Pr|V|N1|N1|VPr
۶	این	این|این	این|این	این|این	A1|N6
۷	حوزه	حوزه	حوزه	حوزه	N1
۸	است	است|اس	است|اس	است|اس+ت	V|N1+N
۹	.	.	.	.	Si

۰	خزان	خزان|خز	خزان|خز	خزان|خز+ان	Ad|N1+Pl
۱	فصلیست	فصلی	فصلی	فصلی+ست	A0+N

۰	که	که|که|که|که	که|که|که|که	که|که|که|که	C0|NA|N1|N1
۱	در	در|در|در|در|در	در|در|در|در|در	در|در|در|در|در	Pr|V|N1|N1|VPr
۲	آن	آن|آن	آن|آن	آن|آن	A1|N6
۳	برگ	برگ	برگ	برگ	N1
۴	درختان	درخت	درخت	درخت+ان	N1+Pl
۵	زرد	زرد	زرد	زرد	A0
۶	می شود	شو|شو	شو|شو	می+شو+د|می+شو+د	V|V
۷	.	.	.	.	Si

۰	وزیر	وزیر	وزیر	وزیر	N1
۱	علوم	علم|علو|علو|علم	علم|علو|علو|علم	علم|علو+م|علو+م|علم	N|N1+N|N1+V|N
۲	در	در|در|در|در|در	در|در|در|در|در	در|در|در|در|در	Pr|V|N1|N1|VPr
۳	جمع	جمع	جمع	جمع	A0
۴	استادان	استاد	استاد	استاد+ان	A0+Pl
۵	نمونه	نمونه	نمونه	نمونه	A0
۶	:	:	:	:	Si

۰	سن	سن|سن	سن|سن	سن|سن	N1|N1
۱	بازنشستگي	بازنشستگی|بازنشسته|بازنشست	بازنشستگی|بازنشسته|بازنشست	بازنشستگی|بازنشسته+گی|بازنشست+ه+گی	N1|A0+O|N1+O+O
۲	استادان	استاد	استاد	استاد+ان	A0+Pl
۳	نمونه	نمونه	نمونه	نمونه	A0
۴	به	به|به	به|به	به|به	Pr|N1
۵	70	70	70	70	No
۶	سال	سال	سال	سال	N1
۷	افزایش	افزایش|افزا	افزایش|افزا	افزایش|افزا+ی+ش	N1|V
۸	مي‌يابد	یاب	یاب	می+یاب+د	V

۰	اصوات	صوت	صوت	صوت	N
۱	وزیدن	وزید|وز	وزید|وز	وزید+ن|وز+ید+ن	V2+Neg|V1+V+Neg
۲	باد	باد	باد	باد	N1
۳	ما	ما	ما	ما	N5
۴	را	را	را	را	Po
۵	ترساند	ترساند|ترسان	ترساند|ترسان	ترساند|ترسان+د	V|V
۶	.	.	.	.	Si

۰	دانشگاه	دانشگاه|دانش|دان	دانشگاه|دانش|دان	دانشگاه|دانش+گاه|دان+ش+گاه	N1|N1+O|V1+O+O
۱	باید	باید	باید	باید	V4
۲	مهد	مهد	مهد	مهد	N1
۳	چالشهاي	چالش|چال	چالش|چال	چالش+ها+ی|چال+ش+ها+ی	N1+Pl+Y|N1+O+Pl+Y
۴	گفتماني	گفتمان|گفت	گفتمان|گفت	گفتمان+ی|گفت+مان+ی	N1+Y|N1+N+Y
۵	و	و|و|و	و|و|و	و|و|و	C0|Ab|Al
۶	خط دهنده	خط‌دهنده	خط‌دهنده	خط‌دهنده	A0
۷	و	و|و|و	و|و|و	و|و|و	C0|Ab|Al
۸	برنامه‌ریز	برنامه‌ریز	برنامه‌ریز	برنامه‌ریز	N1
۹	جریانات	جریان	جریان	جریان+ات	N1+Pl
۱۰	سياسي	سیاسی|سیاس	سیاسی|سیاس	سیاسی|سیاس+ی	A0|A0+Y
۱۱	باشد	باش|اشد	باش|اشد	باش+د|ب+اشد	V|O+A0
۱۲	.	.	.	.	Si

۰	دفاتر	دفتر	دفتر	دفتر	N
۱	سازمان	سازمان|ساز|ساز	سازمان|ساز|ساز	سازمان|ساز+مان|ساز+مان	N1|V|N1+N
۲	ملل	ملل	ملل	ملل	N1
۳	متحد	متحد	متحد	متحد	A0
۴	در	در|در|در|در|در	در|در|در|در|در	در|در|در|در|در	Pr|V|N1|N1|VPr
۵	همه ی	همه	همه	همه+ی	N1+Y
۶	پایتختهای	پایتخت	پایتخت	پایتخت+ها+ی	N1+Pl+Y
۷	جهان	جهان|جهان|جه	جهان|جهان|جه	جهان|جهان|جه+ان	N1|V|N1+Pl
۸	هستند	هست|هست	هست|هست	هست+ند|هست+ند	V|N1+V
۹	.	.	.	.	Si

۰	دختری	دختری|دختر	دختری|دختر	دختری|دختر+ی	A0|N1+Y
۱	با	با	با	با	Pr
۲	لباس	لباس	لباس	لباس	N1
۳	صورتی	صورتی|صورت	صورتی|صورت	صورتی|صورت+ی	A0|N1+Y
۴	را	را	را	را	Po
۵	دیدم	دید|دید|دید	دید|دید|دید	دید+م|دید+م|دید+م	V|N1+N|N1+V
۶	که	که|که|که|که	که|که|که|که	که|که|که|که	C0|NA|N1|N1
۷	صورتی	صورتی|صورت	صورتی|صورت	صورتی|صورت+ی	A0|N1+Y
۸	زیبا	زیبا	زیبا	زیبا	A0
۹	داشت	داشت|داشت|داشت|داش	داشت|داشت|داشت|داش	داشت|داشت|داشت|داش+ت	V|V5|N1|N1+N
۱۰	.	.	.	.	Si

۰	توصیه	توصیه	توصیه	توصیه	N1
۱	ما	ما	ما	ما	N5
۲	در	در|در|در|در|در	در|در|در|در|در	در|در|در|در|در	Pr|V|N1|N1|VPr
۳	تلاش	تلاش	تلاش	تلاش	N1
۴	براي	برای	برای	برای	Pr
۵	دانايي	دانایی|دانا|دان	دانایی|دانا|دان	دانایی|دانا+یی|دان+ا+یی	N1|A0+O|O+O+O
۶	محوري	محوری|محور	محوری|محور	محوری|محور+ی	A0|N1+Y
۷	و	و|و|و	و|و|و	و|و|و	C0|Ab|Al
۸	توسعه	توسعه	توسعه	توسعه	N1
۹	گفتمان	گفتمان|گفت	گفتمان|گفت	گفتمان|گفت+مان	N1|N1+N
۱۰	علمي	علمی|علم|علم	علمی|علم|علم	علمی|علم+ی|علم+ی	A0|N1+Y|N1+Y
۱۱	به معني	معنی	معنی	به+معنی	O+N1
۱۲	عدم	عدم	عدم	عدم	N1
۱۳	تمايل	تمایل	تمایل	تمایل	N1
۱۴	به	به|به	به|به	به|به	Pr|N1
۱۵	مباحث	مبحث	مبحث	مبحث	N
۱۶	سياسي	سیاسی|سیاس	سیاسی|سیاس	سیاسی|سیاس+ی	A0|A0+Y
۱۷	نيست	نیست|است|نی	نیست|است|نی	نیست|نی+است|نی+ست	N1|V|N1+N
۱۸	؛	؛	؛	؛	Si

۰	بلكه	بلکه|لکه|بل|لک|بل	بلکه|لکه|بل|لک|بل	بلکه|ب+لکه|بل+ک+ه|ب+لک+ه|بل+ک+ه	Ad|O+N1|N1+O+O|O+N1+O|N1+O+O
۱	بر عكس	برعکس|برعکس	برعکس|برعکس	برعکس|برعکس	Ad|Pr1
۲	،	،	،	،	Si
۳	دانشگاه	دانشگاه|دانش|دان	دانشگاه|دانش|دان	دانشگاه|دانش+گاه|دان+ش+گاه	N1|N1+O|V1+O+O
۴	بايد	باید	باید	باید	V4
۵	مهد	مهد	مهد	مهد	N1
۶	چالشهاي	چالش|چال	چالش|چال	چالش+ها+ی|چال+ش+ها+ی	N1+Pl+Y|N1+O+Pl+Y
۷	گفتماني	گفتمان|گفت	گفتمان|گفت	گفتمان+ی|گفت+مان+ی	N1+Y|N1+N+Y
۸	باشد	باش|اشد	باش|اشد	باش+د|ب+اشد	V|O+A0
۹	ولي	ولی|ولی|ول|ول	ولی|ولی|ول|ول	ولی|ولی|ول+ی|ول+ی	C0|N1|A0+Y|N1+Y
۱۰	اين	این|این	این|این	این|این	A1|N6
۱۱	امر	امر	امر	امر	N1
۱۲	،	،	،	،	Si
۱۳	بدان	دان|بد	دان|بد	ب+دان|بد+ان	V|A0+Pl
۱۴	معني	معنی	معنی	معنی	N1
۱۵	نيست	نیست|است|نی	نیست|است|نی	نیست|نی+است|نی+ست	N1|V|N1+N
۱۶	كه	که|که|که|که	که|که|که|که	که|که|که|که	C0|NA|N1|N1
۱۷	دانشگاه	دانشگاه|دانش|دان	دانشگاه|دانش|دان	دانشگاه|دانش+گاه|دان+ش+گاه	N1|N1+O|V1+O+O
۱۸	،	،	،	،	Si
۱۹	ابزار	ابزار|اب	ابزار|اب	ابزار|اب+زار	N1|N1+O
۲۰	دست	دست|دست	دست|دست	دست|دست	N1|N9
۲۱	سياسيون	سیاسی|سیاس	سیاسی|سیاس	سیاسی+ون|سیاس+ی+ون	A0+Pl|A0+Y+Pl
۲۲	قرار	قرار|قرار	قرار|قرار	قرار|قرار	N1|N9
۲۳	بگيرد	گیر	گیر	ب+گیر+د	V
۲۴	.	.	.	.	Si

۰	وي	وی|وی	وی|وی	وی|وی	N5|Ab
۱	تأكيد	تأکید	تأکید	تأکید	N1
۲	كرد	کرد|کرد	کرد|کرد	کرد|کرد	V|N1
۳	:	:	:	:	Si

۰	دانشگاه	دانشگاه|دانش|دان	دانشگاه|دانش|دان	دانشگاه|دانش+گاه|دان+ش+گاه	N1|N1+O|V1+O+O
۱	نه‌ تنها	نه‌تنها	نه‌تنها	نه‌تنها	C1
۲	نبايد	باید	باید	ن+باید	Neg+V4
۳	تحت تأثير	تحت تأثیر	تحت تأثیر	تحت تأثیر	N
۴	القائات	القائ	القائ	القائ	N
۵	سياسي	سیاسی|سیاس	سیاسی|سیاس	سیاسی|سیاس+ی	A0|A0+Y
۶	قرار	قرار|قرار	قرار|قرار	قرار|قرار	N1|N9
۷	بگيرد	گیر	گیر	ب+گیر+د	V
۸	؛	؛	؛	؛	Si

۰	بلكه	بلکه|لکه|بل|لک|بل	بلکه|لکه|بل|لک|بل	بلکه|ب+لکه|بل+ک+ه|ب+لک+ه|بل+ک+ه	Ad|O+N1|N1+O+O|O+N1+O|N1+O+O
۱	بايد	باید	باید	باید	V4
۲	خط دهنده	خط‌دهنده	خط‌دهنده	خط‌دهنده	A0
۳	و	و|و|و	و|و|و	و|و|و	C0|Ab|Al
۴	برنامه‌ريز	برنامه‌ریز	برنامه‌ریز	برنامه‌ریز	N1
۵	جريانات	جریان	جریان	جریان+ات	N1+Pl
۶	سياسي	سیاسی|سیاس	سیاسی|سیاس	سیاسی|سیاس+ی	A0|A0+Y
۷	باشد	باش|اشد	باش|اشد	باش+د|ب+اشد	V|O+A0

۰	و	و|و|و	و|و|و	و|و|و	C0|Ab|Al
۱	مهمترين	مهم	مهم	مهم+ترین	A0+A
۲	عنصر	عنصر	عنصر	عنصر	N1
۳	پياده	پیاده	پیاده	پیاده	A0
۴	شدن	شد	شد	شد+ن	V3+Neg
۵	اين	این|این	این|این	این|این	A1|N6
۶	آرمان	آرمان|آر	آرمان|آر	آرمان|آر+مان	N1|N1+N
۷	،	،	،	،	Si
۸	دانشجويان	دانشجو|دانش|دان	دانشجو|دانش|دان	دانشجو+ی+ان|دانش+جو+ی+ان|دان+ش+جو+ی+ان	N1+Y+Pl|N1+O+Y+Pl|V1+O+O+Y+Pl
۹	و	و|و|و	و|و|و	و|و|و	C0|Ab|Al
۱۰	اعضاي	اعضا	اعضا	اعضا+ی	N1+Y
۱۱	هيات	هیئت	هیئت	هیئت	N1
۱۲	علمي	علمی|علم|علم	علمی|علم|علم	علمی|علم+ی|علم+ی	A0|N1+Y|N1+Y
۱۳	دانشگاهها	دانشگاه|دانش|دان	دانشگاه|دانش|دان	دانشگاه+ها|دانش+گاه+ها|دان+ش+گاه+ها	N1+Pl|N1+O+Pl|V1+O+O+Pl
۱۴	و	و|و|و	و|و|و	و|و|و	C0|Ab|Al
۱۵	در رأس	در رأس	در رأس	در رأس	N
۱۶	آنها	آنها|آنها	آنها|آنها	آنها|آنها	N5|N6
۱۷	استادان	استاد	استاد	استاد+ان	A0+Pl
۱۸	نمونه	نمونه	نمونه	نمونه	A0
۱۹	هستند	هست|هست	هست|هست	هست+ند|هست+ند	V|N1+V
۲۰	.	.	.	.	Si

۰	اگر چه	اگرچه	اگرچه	اگرچه	C1
۱	دانشگاهها	دانشگاه|دانش|دان	دانشگاه|دانش|دان	دانشگاه+ها|دانش+گاه+ها|دان+ش+گاه+ها	N1+Pl|N1+O+Pl|V1+O+O+Pl
۲	بايد	باید	باید	باید	V4
۳	پرچمدار	پرچمدار|پرچم	پرچمدار|پرچم	پرچمدار|پرچم+دار	N1|N1+O
۴	كرسيهاي	کرسی	کرسی	کرسی+ها+ی	N1+Pl+Y
۵	آزاد	آزاد	آزاد	آزاد	A0
۶	انديشي	اندیش	اندیش	اندیش+ی	V
۷	و	و|و|و	و|و|و	و|و|و	C0|Ab|Al
۸	حاكميت	حاکمیت|حاکمی|حاکم	حاکمیت|حاکمی|حاکم	حاکمیت|حاکمی+ت|حاکم+ی+ت	N1|N1+N|N1+Y+N
۹	دانايي	دانایی|دانا|دان	دانایی|دانا|دان	دانایی|دانا+یی|دان+ا+یی	N1|A0+O|O+O+O
۱۰	محوري	محوری|محور	محوری|محور	محوری|محور+ی	A0|N1+Y
۱۱	باشند	باش|باش	باش|باش	باش+ند|باش+ند	V|V5+V
۱۲	،	،	،	،	Si

۰	بايد	باید	باید	باید	V4
۱	توجه	توجه	توجه	توجه	N1
۲	داشته باشند	داشت	داشت	داشت+ه+باش+ند	V

۰	كه	که|که|که|که	که|که|که|که	که|که|که|که	C0|NA|N1|N1
۱	ناخودآگاه	ناخودآگاه|خودآگاه	ناخودآگاه|خودآگاه	ناخودآگاه|نا+خودآگاه	A0|Neg+A0
۲	تحت تأثير	تحت تأثیر	تحت تأثیر	تحت تأثیر	N
۳	جوسازيها	جوسازی	جوسازی	جوسازی+ها	N1+Pl
۴	و	و|و|و	و|و|و	و|و|و	C0|Ab|Al
۵	رسانه ها	رسانه|رسان	رسانه|رسان	رسانه+ها|رسان+ه+ها	N1+Pl|V1+O+Pl
۶	قرار	قرار|قرار	قرار|قرار	قرار|قرار	N1|N9
۷	نگيرند	گیر	گیر	ن+گیر+ند	V
۸	.	.	.	.	Si

۰	القائات	القائ	القائ	القائ	N
۱	اقدامات	اقدام	اقدام	اقدام+ات	N1+Pl
۲	انجام	انجام|انجام	انجام|انجام	انجام|انجام	N1|V
۳	شده	شد	شد	شد+ه	V3+O
۴	در جهت	درجهت	درجهت	درجهت	Pr1
۵	ارتقاي	ارتقا	ارتقا	ارتقا+ی	N1+Y
۶	جايگاه	جایگاه|جای|جا	جایگاه|جای|جا	جایگاه|جای+گاه|جا+ی+گاه	N1|N1+O|N1+O
۷	استادان	استاد	استاد	استاد+ان	A0+Pl
۸	نمونه	نمونه	نمونه	نمونه	A0
۹	اشاره	اشاره	اشاره	اشاره	N1
۱۰	كرد	کرد|کرد	کرد|کرد	کرد|کرد	V|N1

۰	و	و|و|و	و|و|و	و|و|و	C0|Ab|Al
۱	گفت	گفت|گفت	گفت|گفت	گفت|گفت	V|N1
۲	:	:	:	:	Si

۰	در	در|در|در|در|در	در|در|در|در|در	در|در|در|در|در	Pr|V|N1|N1|VPr
۱	بنياد	بنیاد	بنیاد	بنیاد	N1
۲	نخبگان	نخبه	نخبه	نخبه+گان	A0+Pl
۳	،	،	،	،	Si
۴	استادان	استاد	استاد	استاد+ان	A0+Pl
۵	نمونه	نمونه	نمونه	نمونه	A0
۶	از	از	از	از	Pr
۷	مصاديق	مصادیق	مصادیق	مصادیق	N
۸	نخبگان	نخبه	نخبه	نخبه+گان	A0+Pl
۹	شناخته	شناخته|شناخت|شناخت	شناخته|شناخت|شناخت	شناخته|شناخت+ه|شناخت+ه	A0|O+O|N1+O
۱۰	شدند	شد	شد	شد+ند	V

۰	و	و|و|و	و|و|و	و|و|و	C0|Ab|Al
۱	اين	این|این	این|این	این|این	A1|N6
۲	امر	امر	امر	امر	N1
۳	به لحاظ	لحاظ	لحاظ	به+لحاظ	O+N1
۴	معنوي	معنوی	معنوی	معنوی	A0
۵	،	،	،	،	Si
۶	اهميت	اهمیت|اهم	اهمیت|اهم	اهمیت|اهم+یت	N1|A0+O
۷	ويژهاي	ویژ	ویژ	ویژ	N
۸	دارد	دار|دار	دار|دار	دار+د|دار+د	V|V5+O
۹	.	.	.	.	Si

۰	در	در|در|در|در|در	در|در|در|در|در	در|در|در|در|در	Pr|V|N1|N1|VPr
۱	تعريف	تعریف	تعریف	تعریف	N1
۲	و	و|و|و	و|و|و	و|و|و	C0|Ab|Al
۳	تعيين	تعیین	تعیین	تعیین	N1
۴	شاخصهاي	شاخص	شاخص	شاخص+ها+ی	A0+Pl+Y
۵	لازم	لازم|زم	لازم|زم	لازم|لا+زم	A0|O+N1
۶	براي	برای	برای	برای	Pr
۷	انتخاب	انتخاب	انتخاب	انتخاب	N1
۸	"	"	"	"	Si
۹	استاد	استاد|استاد	استاد|استاد	استاد|استاد	A0|Sp
۱۰	نمونه	نمونه	نمونه	نمونه	A0
۱۱	"	"	"	"	Si
۱۲	بازنگري	بازنگری	بازنگری	بازنگری	N1
۱۳	كنند	کن|کن	کن|کن	کن+ند|کن+ند	V|V

۰	با	با	با	با	Pr
۱	وسواس	وسواس	وسواس	وسواس	N1
۲	و	و|و|و	و|و|و	و|و|و	C0|Ab|Al
۳	دقت	دقت|دق	دقت|دق	دقت|دق+ت	N1|N1+N
۴	،	،	،	،	Si
۵	همچنين	همچنین	همچنین	همچنین	Ad
۶	در	در|در|در|در|در	در|در|در|در|در	در|در|در|در|در	Pr|V|N1|N1|VPr
۷	اين	این|این	این|این	این|این	A1|N6
۸	برنامه	برنامه	برنامه	برنامه	N1
۹	از	از	از	از	Pr
۱۰	جمعي	جمعی|جمع	جمعی|جمع	جمعی|جمع+ی	A0|A0+Y
۱۱	از	از	از	از	Pr
۱۲	دانش آموختهگان	دانش آموختهگ	دانش آموختهگ	دانش آموختهگ	N
۱۳	نمونه	نمونه	نمونه	نمونه	A0
۱۴	و	و|و|و	و|و|و	و|و|و	C0|Ab|Al
۱۵	استادان	استاد	استاد	استاد+ان	A0+Pl
۱۶	پيش كسوت	پیش‌کسوت|کسوت	پیش‌کسوت|کسوت	پیش‌کسوت|پیش+کسوت	A0|O+N1
۱۷	اين	این|این	این|این	این|این	A1|N6
۱۸	موسسه	مؤسسه|مؤسس	مؤسسه|مؤسس	مؤسسه|مؤسس+ه	N1|N1+O
۱۹	تقدير	تقدیر	تقدیر	تقدیر	N1
۲۰	مي‌شود	شو|شو	شو|شو	می+شو+د|می+شو+د	V|V
۲۱	.	.	.	.	Si

۰	سقراط	سقراط	سقراط	سقراط	N3
۱	به	به|به	به|به	به|به	Pr|N1
۲	دستور	دستور|دست	دستور|دست	دستور|دست+ور	N1|N1+O
۳	دادستان	دادستان|داد	دادستان|داد	دادستان|داد+ستان	N1|N1+Pl
۴	جام	جام	جام	جام	N1
۵	شوکران	شوکران	شوکران	شوکران	N1
۶	را	را	را	را	Po
۷	نوشید	نوشید|نوش	نوشید|نوش	نوشید|نوش+ید	V|V
۸	.	.	.	.	Si

۰	هم چنين	همچنین	همچنین	همچنین	Ad
۱	نتايج	نتيجه	نتيجه	نتيجه	N
۲	مشروطين	مشروط	مشروط	مشروط+ین	A0+O
۳	اسفند	اسفند|اسف	اسفند|اسف	اسفند|اسف+ند	N1|N1+V
۴	ماه	ماه	ماه	ماه	N1
۵	82	82	82	82	No
۶	كه	که|که|که|که	که|که|که|که	که|که|که|که	C0|NA|N1|N1
۷	درس	درس	درس	درس	N1
۸	مشروطي	مشروط	مشروط	مشروط+ی	A0+Y
۹	خود	خود|خود	خود|خود	خود|خود	N|N1
۱۰	را	را	را	را	Po
۱۱	در	در|در|در|در|در	در|در|در|در|در	در|در|در|در|در	Pr|V|N1|N1|VPr
۱۲	آزمون	آزمون	آزمون	آزمون	N1
۱۳	مرداد	مرداد	مرداد	مرداد	N1
۱۴	ماه	ماه	ماه	ماه	N1
۱۵	83	83	83	83	No
۱۶	امتحان	امتحان	امتحان	امتحان	N1
۱۷	داده‌اند	داده|داد|داد	داده|داد|داد	داده+اند|داد+ه+اند|داد+ه+اند	N1+V|V|N1+O+V
۱۸	.	.	.	.	Si

۰	مردی	مردی|مرد|مرد	مردی|مرد|مرد	مردی|مرد+ی|مرد+ی	N1|N1+Y|V
۱	به	به|به	به|به	به|به	Pr|N1
۲	اطفال	طفل	طفل	طفل	N
۳	گفت	گفت|گفت	گفت|گفت	گفت|گفت	V|N1
۴	که	که|که|که|که	که|که|که|که	که|که|که|که	C0|NA|N1|N1
۵	گلها	گل|گل|گل	گل|گل|گل	گل+ها|گل+ها|گل+ها	N1+Pl|N1+Pl|N1+Pl
۶	را	را	را	را	Po
۷	نکنند	کن|کن	کن|کن	ن+کن+ند|ن+کن+ند	V|V
۸	.	.	.	.	Si

۰	بنا به دلايل	بنا به دلایل	بنا به دلایل	بنا به دلایل	N
۱	معرفي	معرفی|معرف	معرفی|معرف	معرفی|معرف+ی	N1|N1+Y
۲	شده	شد	شد	شد+ه	V3+O
۳	با	با	با	با	Pr
۴	اخذ	اخذ	اخذ	اخذ	N1
۵	نمرات	نمرات|نمره	نمرات|نمره	نمرات|نمره+ات	N1|N1+Pl
۶	20	20	20	20	No
۷	غير واقعي	غیرواقعی|واقعی|واقع	غیرواقعی|واقعی|واقع	غیرواقعی|غیر+واقعی|غیر+واقع+ی	A0|O+A0|O+N1+Y
۸	به	به|به	به|به	به|به	Pr|N1
۹	گروه	گروه|گرو|گرو	گروه|گرو|گرو	گروه|گرو+ه|گرو+ه	N1|V1+O|N1+O
۱۰	معدل	معدل	معدل	معدل	N1
۱۱	بيست‌ها	بیست	بیست	بیست+ها	No+Pl
۱۲	پيوسته‌اند	پیوسته|پیوست|پیوست	پیوسته|پیوست|پیوست	پیوسته+اند|پیوست+ه+اند|پیوست+ه+اند	A0+V|V|N1+O+V

۰	كه	که|که|که|که	که|که|که|که	که|که|که|که	C0|NA|N1|N1
۱	در	در|در|در|در|در	در|در|در|در|در	در|در|در|در|در	Pr|V|N1|N1|VPr
۲	طول	طول	طول	طول	N1
۳	14	14	14	14	No
۴	سال	سال	سال	سال	N1
۵	گذشته	گذشته|گذشت|گذشت	گذشته|گذشت|گذشت	گذشته|گذشت+ه|گذشت+ه	A0|O+O|N1+O
۶	بر	بر|بر|بر|بر|بر	بر|بر|بر|بر|بر	بر|بر|بر|بر|بر	Pr|V|V|VPr|N1
۷	تعداد	تعداد	تعداد	تعداد	N1
۸	اين	این|این	این|این	این|این	A1|N6
۹	معدل	معدل	معدل	معدل	N1
۱۰	بيست‌ها	بیست	بیست	بیست+ها	No+Pl
۱۱	به طور	به‌طور	به‌طور	به‌طور	Pr1
۱۲	بي‌رويه‌اي	بی‌رویه|رویه|رویه|روی	بی‌رویه|رویه|رویه|روی	بی‌رویه+ای|بی+رویه+ای|بی+رویه+ای|بی+روی+ه+ای	A0+O|O+N1+O|O+N1+O|O+N1+O+O
۱۳	اضافه	اضافه|اضاف	اضافه|اضاف	اضافه|اضاف+ه	A0|N1+O
۱۴	شده است	شد	شد	شد+ه+است	V

۰	اين	این|این	این|این	این|این	A1|N6
۱	محقق	محقق|محقق	محقق|محقق	محقق|محقق	N1|A0
۲	تاكيد	تاک	تاک	تاک+ید	N1+V
۳	دارد	دار|دار	دار|دار	دار+د|دار+د	V|V5+O
۴	:	:	:	:	Si

۰	منطقي‌ترين	منطقی|منطق	منطقی|منطق	منطقی+ترین|منطق+ی+ترین	A0+A|N1+Y+A
۱	روش	روش	روش	روش	N1
۲	ارزش يابي	ارزشیابی	ارزشیابی	ارزشیابی	N1
۳	سيره	سیره|سیره|سیر|سیر|سیر	سیره|سیره|سیر|سیر|سیر	سیره|سیره|سیر+ه|سیر+ه|سیر+ه	N1|N1|N1+O|A0+O|N1+O
۴	نبوي	نبوی|بو	نبوی|بو	نبوی|ن+بو+ی	A0|V
۵	رشته‌هاي	رشته|رشت	رشته|رشت	رشته+ها+ی|رشت+ه+ها+ی	N1+Pl+Y|O+O+Pl+Y
۶	متنوع	متنوع	متنوع	متنوع	A0
۷	ديگري	دیگری	دیگری	دیگری	A2
۸	همچون	همچون	همچون	همچون	Pr
۹	وبلاگ نويسي	وبلاگ نویس	وبلاگ نویس	وبلاگ نویس	N
۱۰	،	،	،	،	Si
۱۱	كتابخواني	کتاب‌خوانی|کتاب‌خوان	کتاب‌خوانی|کتاب‌خوان	کتاب‌خوانی|کتاب‌خوان+ی	N1|A0+Y
۱۲	،	،	،	،	Si
۱۳	گرافيك	گرافیک	گرافیک	گرافیک	N1
۱۴	،	،	،	،	Si
۱۵	كاريكاتور	کاریکاتور	کاریکاتور	کاریکاتور	N1
۱۶	،	،	،	،	Si
۱۷	شعر	شعر	شعر	شعر	N1
۱۸	،	،	،	،	Si
۱۹	داستان	داستان|داس	داستان|داس	داستان|داس+تان	N1|N1+N
۲۰	کوتاه	کوتاه	کوتاه	کوتاه	A0
۲۱	،	،	،	،	Si
۲۲	عكاسي	عکاسی|عکاس	عکاسی|عکاس	عکاسی|عکاس+ی	N1|N1+Y
۲۳	،	،	،	،	Si
۲۴	خوشنويسي	خوشنویسی|خوشنویس	خوشنویسی|خوشنویس	خوشنویسی|خوشنویس+ی	N1|A0+Y
۲۵	،	،	،	،	Si
۲۶	چهل	چهل	چهل	چهل	No
۲۷	حديث نويسي	حدیث نویس	حدیث نویس	حدیث نویس	N
۲۸	،	،	،	،	Si
۲۹	نماهنگ	نماهنگ	نماهنگ	نماهنگ	N1
۳۰	و	و|و|و	و|و|و	و|و|و	C0|Ab|Al
۳۱	فيلم	فیلم|فیل|فیل	فیلم|فیل|فیل	فیلم|فیل+م|فیل+م	N1|N1+N|N1+V
۳۲	كوتاه	کوتاه	کوتاه	کوتاه	A0
۳۳	پيش بيني	پیش‌بینی|بینی|بین|بین	پیش‌بینی|بینی|بین|بین	پیش‌بینی|پیش+بینی|پیش+بین+ی|پیش+بین+ی	N1|O+N1|O+V1+Y|O+A0+Y
۳۴	شده است	شد	شد	شد+ه+است	V
۳۵	.	.	.	.	Si

۰	نخستين	نخستین|نخست|خست	نخستین|نخست|خست	نخستین|نخست+ین|ن+خست+ین	A0|A0+O|Neg+V2+O
۱	مركز	مرکز	مرکز	مرکز	N1
۲	آموزش	آموزش|آموز	آموزش|آموز	آموزش|آموز+ش	N1|V
۳	عالي	عالی	عالی	عالی	A0
۴	بين‌المللي	بین‌المللی|بین‌الملل	بین‌المللی|بین‌الملل	بین‌المللی|بین‌الملل+ی	A0|A0+Y
۵	دانشگاه	دانشگاه|دانش|دان	دانشگاه|دانش|دان	دانشگاه|دانش+گاه|دان+ش+گاه	N1|N1+O|V1+O+O
۶	موناش	مونا	مونا	مونا	N
۷	استراليا	استرالیا	استرالیا	استرالیا	N2
۸	در	در|در|در|در|در	در|در|در|در|در	در|در|در|در|در	Pr|V|N1|N1|VPr
۹	کیش	کیش	کیش	کیش	N1
۱۰	آغاز	آغاز|آغاز	آغاز|آغاز	آغاز|آغاز	V|N1
۱۱	به كار	بهکار|کار	بهکار|کار	بهکار|به+کار	N1|O+N1
۱۲	كرد	کرد|کرد	کرد|کرد	کرد|کرد	V|N1
۱۳	.	.	.	.	Si

۰	وی	وی|وی	وی|وی	وی|وی	N5|Ab
۱	اعلام	اعلام|اعلام	اعلام|اعلام	اعلام|اعلام	N1|N1
۲	و	و|و|و	و|و|و	و|و|و	C0|Ab|Al
۳	پيش بيني	پیش‌بینی|بینی|بین|بین	پیش‌بینی|بینی|بین|بین	پیش‌بینی|پیش+بینی|پیش+بین+ی|پیش+بین+ی	N1|O+N1|O+V1+Y|O+A0+Y
۴	كرد	کرد|کرد	کرد|کرد	کرد|کرد	V|N1

۰	دومين	دوم	دوم	دوم+ین	A0+O
۱	گردهمآيي	گردهمآ	گردهمآ	گردهمآ	N
۲	دانشجویان	دانشجو|دانش|دان	دانشجو|دانش|دان	دانشجو+ی+ان|دانش+جو+ی+ان|دان+ش+جو+ی+ان	N1+Y+Pl|N1+O+Y+Pl|V1+O+O+Y+Pl
۳	هفتمين	هفت	هفت	هفت+مین	No+O
۴	اجلاس	اجلاس	اجلاس	اجلاس	N1
۵	مشترك	مشترک	مشترک	مشترک	A0
۶	هياتهاي	هیات	هیات	هیات	N
۷	امناي	امنا|امن	امنا|امن	امنا+ی|امن+ا+ی	N1+Y|A0+O+Y
۸	دانشگاهها	دانشگاه|دانش|دان	دانشگاه|دانش|دان	دانشگاه+ها|دانش+گاه+ها|دان+ش+گاه+ها	N1+Pl|N1+O+Pl|V1+O+O+Pl
۹	و	و|و|و	و|و|و	و|و|و	C0|Ab|Al
۱۰	موسسات	مؤسسات|مؤسس	مؤسسات|مؤسس	مؤسسات|مؤسس+ات	N1|N1+Pl
۱۱	آموزش	آموزش|آموز	آموزش|آموز	آموزش|آموز+ش	N1|V
۱۲	عالي	عالی	عالی	عالی	A0
۱۳	و	و|و|و	و|و|و	و|و|و	C0|Ab|Al
۱۴	پژوهشي	پژوهشی|پژوهش|پژوه	پژوهشی|پژوهش|پژوه	پژوهشی|پژوهش+ی|پژوه+ش+ی	A0|N1+Y|V1+O+Y
۱۵	برگزار	برگزار|برگ	برگزار|برگ	برگزار|برگ+زار	A0|N1+O
۱۶	شد	شد	شد	شد	V
۱۷	.	.	.	.	Si

۰	آيين‌نامه های	آیین‌نامه	آیین‌نامه	آیین‌نامه+ها+ی	N1+Pl+Y
۱	مالي	مالی|مال|مال	مالی|مال|مال	مالی|مال+ی|مال+ی	A0|V|N1+Y
۲	و	و|و|و	و|و|و	و|و|و	C0|Ab|Al
۳	معاملاتي	معاملاتی	معاملاتی	معاملاتی	A0
۴	دانشگاهها	دانشگاه|دانش|دان	دانشگاه|دانش|دان	دانشگاه+ها|دانش+گاه+ها|دان+ش+گاه+ها	N1+Pl|N1+O+Pl|V1+O+O+Pl
۵	برای	برای	برای	برای	Pr
۶	رفع	رفع	رفع	رفع	N1
۷	معضلات	معضل	معضل	معضل+ات	N1+Pl
۸	معيشتي	معیشتی|معیشت	معیشتی|معیشت	معیشتی|معیشت+ی	A0|N1+Y
۹	كاركنان	کارکنان|کارکن	کارکنان|کارکن	کارکنان|کارکن+ان	N1|A0+Pl
۱۰	موجب	موجب	موجب	موجب	N1
۱۱	نگراني	نگرانی|نگران|گران|نگر|گر	نگرانی|نگران|گران|نگر|گر	نگرانی|نگران+ی|ن+گران+ی|نگر+ان+ی|ن+گر+ان+ی	N1|A0+Y|V|V1+Pl+Y|Neg+V1+Pl+Y
۱۲	افكار	فكر	فكر	فكر	N
۱۳	عمومي	عمومی|عموم	عمومی|عموم	عمومی|عموم+ی	A0|N1+Y
۱۴	و	و|و|و	و|و|و	و|و|و	C0|Ab|Al
۱۵	ايجاد	ایجاد	ایجاد	ایجاد	N1
۱۶	بد بيني	بدبینی	بدبینی	بدبینی	N1
۱۷	در	در|در|در|در|در	در|در|در|در|در	در|در|در|در|در	Pr|V|N1|N1|VPr
۱۸	اذهان	ذهن	ذهن	ذهن	N
۱۹	جوانان	جوان	جوان	جوان+ان	A0+Pl
۲۰	داوطلب	داوطلب|داو	داوطلب|داو	داوطلب|داو+طلب	N1|N1+O
۲۱	ورود	ورود	ورود	ورود	N1
۲۲	به	به|به	به|به	به|به	Pr|N1
۲۳	دانشگاه‌ها	دانشگاه|دانش|دان	دانشگاه|دانش|دان	دانشگاه+ها|دانش+گاه+ها|دان+ش+گاه+ها	N1+Pl|N1+O+Pl|V1+O+O+Pl
۲۴	شده است	شد	شد	شد+ه+است	V
۲۵	.	.	.	.	Si

۰	هرگونه	هرگونه	هرگونه	هرگونه	A2
۱	شائبه‌اي	شائبه	شائبه	شائبه+ای	N1+O
۲	به دور	دور	دور	به+دور	O+N1
۳	است	است|اس	است|اس	است|اس+ت	V|N1+N

۰	و	و|و|و	و|و|و	و|و|و	C0|Ab|Al
۱	به هيچ وجه	به هیچ وجه	به هیچ وجه	به هیچ وجه	N
۲	ورود	ورود	ورود	ورود	N1
۳	داوطلبي	داوطلبی|داوطلب|داو	داوطلبی|داوطلب|داو	داوطلبی|داوطلب+ی|داو+طلب+ی	A0|N1+Y|N1+O+Y
۴	به	به|به	به|به	به|به	Pr|N1
۵	دانشگاه	دانشگاه|دانش|دان	دانشگاه|دانش|دان	دانشگاه|دانش+گاه|دان+ش+گاه	N1|N1+O|V1+O+O
۶	بدون	بدون	بدون	بدون	Pr
۷	شركت	شرکت|شرک|شر|شر	شرکت|شرک|شر|شر	شرکت|شرک+ت|شر+ک+ت|شر+ک+ت	N1|N1+N|A0+O+N|N1+O+N
۸	در	در|در|در|در|در	در|در|در|در|در	در|در|در|در|در	Pr|V|N1|N1|VPr
۹	آزمون	آزمون	آزمون	آزمون	N1
۱۰	سراسري	سراسری|سراسر	سراسری|سراسر	سراسری|سراسر+ی	A0|N1+Y
۱۱	و	و|و|و	و|و|و	و|و|و	C0|Ab|Al
۱۲	كسب	کسب	کسب	کسب	N1
۱۳	اولويت	اولویت	اولویت	اولویت	N1
۱۴	علمي	علمی|علم|علم	علمی|علم|علم	علمی|علم+ی|علم+ی	A0|N1+Y|N1+Y
۱۵	امكان‌پذير	امکانپذیر|امکان	امکانپذیر|امکان	امکانپذیر|امکان+پذیر	A0|N1+O
۱۶	نبوده	نبود|بود|بود	نبود|بود|بود	نبود+ه|ن+بود+ه|ن+بود+ه	N1+O|O+O|Neg+V3+O
۱۷	و	و|و|و	و|و|و	و|و|و	C0|Ab|Al
۱۸	نيست	نیست|است|نی	نیست|است|نی	نیست|نی+است|نی+ست	N1|V|N1+N
۱۹	.	.	.	.	Si

۰	به	به|به	به|به	به|به	Pr|N1
۱	واحدهاي	واحد	واحد	واحد+ها+ی	A0+Pl+Y
۲	دانشگاهي	دانشگاهی|دانشگاه|دانش|دان	دانشگاهی|دانشگاه|دانش|دان	دانشگاهی|دانشگاه+ی|دانش+گاه+ی|دان+ش+گاه+ی	A0|N1+Y|N1+O+Y|V1+O+O+Y
۳	تهران	تهران	تهران	تهران	N2
۴	سماء	سماء	سماء	سماء	N1
۵	،	،	،	،	Si
۶	آشتيان	آشتیان	آشتیان	آشتیان	N2
۷	،	،	،	،	Si
۸	اراك	اراک	اراک	اراک	N2
۹	،	،	،	،	Si
۱۰	اسلامشهر	اسلام‌شهر	اسلام‌شهر	اسلام‌شهر	N2
۱۱	،	،	،	،	Si
۱۲	قائم شهر	قائمشهر	قائمشهر	قائمشهر	N2
۱۳	،	،	،	،	Si
۱۴	خوي	خوی	خوی	خوی	N2
۱۵	،	،	،	،	Si
۱۶	رودهن	رودهن	رودهن	رودهن	N2
۱۷	،	،	،	،	Si
۱۸	زرند	زرند	زرند	زرند	N2
۱۹	،	،	،	،	Si
۲۰	زنجان	زنجان	زنجان	زنجان	N2
۲۱	،	،	،	،	Si
۲۲	سوادكوه	سوادکوه	سوادکوه	سوادکوه	N2
۲۳	،	،	،	،	Si
۲۴	شاهرود	شاهرود	شاهرود	شاهرود	N2
۲۵	،	،	،	،	Si
۲۶	شبستر	شبستر	شبستر	شبستر	N2
۲۷	،	،	،	،	Si
۲۸	شهركرد	شهرکرد	شهرکرد	شهرکرد	N2
۲۹	،	،	،	،	Si
۳۰	علوم	علم|علو|علو|علم	علم|علو|علو|علم	علم|علو+م|علو+م|علم	N|N1+N|N1+V|N
۳۱	و	و|و|و	و|و|و	و|و|و	C0|Ab|Al
۳۲	تحقيقات	تحقیق	تحقیق	تحقیق+ات	N1+Pl
۳۳	تهران	تهران	تهران	تهران	N2
۳۴	،	،	،	،	Si
۳۵	كاشان	کاشان	کاشان	کاشان	N2
۳۶	،	،	،	،	Si
۳۷	كرج	کرج	کرج	کرج	N2
۳۸	،	،	،	،	Si
۳۹	كرمان	کرمان	کرمان	کرمان	N2
۴۰	،	،	،	،	Si
۴۱	مراغه	مراغه	مراغه	مراغه	N2
۴۲	،	،	،	،	Si
۴۳	ميمه	میم	میم	میم+ه	N1+O
۴۴	،	،	،	،	Si
۴۵	ورامين	ورامین	ورامین	ورامین	N2
۴۶	و	و|و|و	و|و|و	و|و|و	C0|Ab|Al
۴۷	...	...	...	...	Si

۰	در	در|در|در|در|در	در|در|در|در|در	در|در|در|در|در	Pr|V|N1|N1|VPr
۱	مقطع	مقطع|مقطع	مقطع|مقطع	مقطع|مقطع	N1|A0
۲	كارشناسي	کارشناسی|کارشناس|کار	کارشناسی|کارشناس|کار	کارشناسی|کارشناس+ی|کار+شناس+ی	N1|A0+Y|N1+O+Y
۳	ارشد	ارشد	ارشد	ارشد	A0
۴	در	در|در|در|در|در	در|در|در|در|در	در|در|در|در|در	Pr|V|N1|N1|VPr
۵	شاخه‌هاي	شاخه|شاخ	شاخه|شاخ	شاخه+ها+ی|شاخ+ه+ها+ی	N1+Pl+Y|N1+O+Pl+Y
۶	بيوسيستماتيك	بیوسیستماتیک	بیوسیستماتیک	بیوسیستماتیک	N
۷	،	،	،	،	Si
۸	گياهي	گیاهی|گیاه	گیاهی|گیاه	گیاهی|گیاه+ی	A0|N1+Y
۹	و	و|و|و	و|و|و	و|و|و	C0|Ab|Al
۱۰	جانوري	جانوری|جانور|جان	جانوری|جانور|جان	جانوری|جانور+ی|جان+ور+ی	A0|N1+Y|N1+O+Y
۱۱	جنين شناسي	جنین‌شناسی|جنین|جن	جنین‌شناسی|جنین|جن	جنین‌شناسی|جنین+شناس+ی|جن+ین+شناس+ی	N1|N1+O+Y|N1+O+O+Y
۱۲	،	،	،	،	Si
۱۳	اكولوژي	اکولوژی	اکولوژی	اکولوژی	N1
۱۴	،	،	،	،	Si
۱۵	فيزيولوژي	فیزیولوژی	فیزیولوژی	فیزیولوژی	N1
۱۶	،	،	،	،	Si
۱۷	سلولي	سلولی|سلول|سل	سلولی|سلول|سل	سلولی|سلول+ی|سل+ول+ی	A0|N1+Y|N1+O+Y
۱۸	،	،	،	،	Si
۱۹	مولكولي	مولکولی|مولکول	مولکولی|مولکول	مولکولی|مولکول+ی	A0|N1+Y
۲۰	و	و|و|و	و|و|و	و|و|و	C0|Ab|Al
۲۱	بيوشيمي	بیوشیمی	بیوشیمی	بیوشیمی	N1
۲۲	و	و|و|و	و|و|و	و|و|و	C0|Ab|Al
۲۳	در	در|در|در|در|در	در|در|در|در|در	در|در|در|در|در	Pr|V|N1|N1|VPr
۲۴	دوره	دوره|دور|دور	دوره|دور|دور	دوره|دور+ه|دور+ه	N1|A0+O|N1+O
۲۵	دكترا	دکترا	دکترا	دکترا	N1
۲۶	در	در|در|در|در|در	در|در|در|در|در	در|در|در|در|در	Pr|V|N1|N1|VPr
۲۷	گرايش	گرایش|گرا	گرایش|گرا	گرایش|گرا+ی+ش	N1|N1+N
۲۸	سلولي	سلولی|سلول|سل	سلولی|سلول|سل	سلولی|سلول+ی|سل+ول+ی	A0|N1+Y|N1+O+Y
۲۹	،	،	،	،	Si
۳۰	مولكولي	مولکولی|مولکول	مولکولی|مولکول	مولکولی|مولکول+ی	A0|N1+Y
۳۱	مشغول	مشغول	مشغول	مشغول	A0
۳۲	به	به|به	به|به	به|به	Pr|N1
۳۳	تحصيل	تحصیل	تحصیل	تحصیل	N1
۳۴	مي‌باشند	باش|باش	باش|باش	می+باش+ند|می+باش+ند	V|O+V5+V
۳۵	.	.	.	.	Si

۰	كارخانه‌هاي	کارخانه|کار	کارخانه|کار	کارخانه+ها+ی|کار+خانه+ها+ی	N1+Pl+Y|N1+Pl+Pl+Y
۱	مواد	مواد|ماده|ماده	مواد|ماده|ماده	مواد|ماده|ماده	N1|N|N
۲	غذايي	غذایی|غذا	غذایی|غذا	غذایی|غذا+یی	A0|N1+O
۳	و	و|و|و	و|و|و	و|و|و	C0|Ab|Al
۴	اداره‌هاي‌	اداره	اداره	اداره+ها+ی	N1+Pl+Y
۵	بهداشت	بهداشت	بهداشت	بهداشت	N1
۶	فعاليت	فعالیت|فعال	فعالیت|فعال	فعالیت|فعال+یت	N1|A0+O
۷	كنند	کن|کن	کن|کن	کن+ند|کن+ند	V|V
۸	.	.	.	.	Si

۰	با اين حال	با این حال	با این حال	با این حال	N
۱	شوراي	شورا	شورا	شورا+ی	N1+Y
۲	شهر	شهر	شهر	شهر	N1
۳	در كل	درکل	درکل	درکل	Ad
۴	يك	یک	یک	یک	No
۵	امر	امر	امر	امر	N1
۶	سرنوشت ساز	سرنوشت‌ساز|سرنوشت	سرنوشت‌ساز|سرنوشت	سرنوشت‌ساز|سرنوشت+ساز	A0|N1+O
۷	بوده	بود|بود|بود	بود|بود|بود	بود+ه|بود+ه|بود+ه	O+O|N1+O|V3+O
۸	و	و|و|و	و|و|و	و|و|و	C0|Ab|Al
۹	اميد	امید|امید|ام	امید|امید|ام	امید|امید|ام+ید	N3|A0|N1+V
۱۰	است	است|اس	است|اس	است|اس+ت	V|N1+N
۱۱	تا	تا|تا|تا	تا|تا|تا	تا|تا|تا	Pr|C0|Ab
۱۲	،	،	،	،	Si
۱۳	مشاركت	مشارکت	مشارکت	مشارکت	N1
۱۴	داشته باشند	داشت	داشت	داشت+ه+باش+ند	V
۱۵	.	.	.	.	Si

۰	تاكيد	تاک	تاک	تاک+ید	N1+V
۱	كرد	کرد|کرد	کرد|کرد	کرد|کرد	V|N1
۲	:	:	:	:	Si

۰	اگر	اگر	اگر	اگر	C0
۱	به	به|به	به|به	به|به	Pr|N1
۲	دانشمندان	دانشمند|دانش|دان	دانشمند|دانش|دان	دانشمند+ان|دانش+مند+ان|دان+ش+مند+ان	N1+Pl|N1+O+Pl|V1+O+O+Pl
۳	ارج	ارج	ارج	ارج	N1
۴	ننهيم	نه|نه	نه|نه	ن+نه+یم|ن+نه+ی+م	V|V
۵	،	،	،	،	Si
۶	آزادي	آزادی|آزاد	آزادی|آزاد	آزادی|آزاد+ی	N1|A0+Y
۷	و	و|و|و	و|و|و	و|و|و	C0|Ab|Al
۸	انگيزه	انگیزه|انگیز	انگیزه|انگیز	انگیزه|انگیز+ه	N1|V1+O
۹	علمي	علمی|علم|علم	علمی|علم|علم	علمی|علم+ی|علم+ی	A0|N1+Y|N1+Y
۱۰	را	را	را	را	Po
۱۱	در	در|در|در|در|در	در|در|در|در|در	در|در|در|در|در	Pr|V|N1|N1|VPr
۱۲	آنان	آنان	آنان	آنان	N5
۱۳	تقويت	تقویت	تقویت	تقویت	N1
۱۴	نكنيم	کن|کن|کن|کن	کن|کن|کن|کن	ن+کن+یم|ن+کن+یم|ن+کن+ی+م|ن+کن+ی+م	V|V|V|V
۱۵	!	!	!	!	Si

۰	توسعه	توسعه	توسعه	توسعه	N1
۱	همه	همه|همه	همه|همه	همه|همه	N1|A2
۲	جانبه	جانبه|جانب	جانبه|جانب	جانبه|جانب+ه	N1|N1+O
۳	كشور	کشور|کش|کش	کشور|کش|کش	کشور|کش+ور|کش+ور	N1|V1+O|V1+O
۴	تحقق ناپذير	تحقق ناپذیر	تحقق ناپذیر	تحقق ناپذیر	N
۵	خواهد ماند	ماند	ماند	خواهد+ماند	V
۶	.	.	.	.	Si

۰	اظهار	اظهار	اظهار	اظهار	N1
۱	كرد	کرد|کرد	کرد|کرد	کرد|کرد	V|N1
۲	:	:	:	:	Si

۰	اسم	اسم|اس|اس	اسم|اس|اس	اسم|اس+م|اس+م	N1|N1+N|N1+V
۱	دانشگاهیا	دانشگاهیا	دانشگاهیا	دانشگاهیا	N
۲	مردمان	مرد|مرد	مرد|مرد	مرد+مان|مرد+مان	N1+N|V
۳	گرگان	گرگان	گرگان	گرگان	N2
۴	دچار	دچار	دچار	دچار	Ad
۵	یاس	یاس	یاس	یاس	N1
۶	شدند	شد	شد	شد+ند	V
۷	.	.	.	.	Si

۰	نیاکان	نیاکان	نیاکان	نیاکان	N1
۱	ما	ما	ما	ما	N5
۲	افرادی	فرد	فرد	فرد+ی	N+Y
۳	روشن	روشن	روشن	روشن	A0
۴	ضمیر	ضمیر	ضمیر	ضمیر	N1
۵	بودند	بود|بود|بود	بود|بود|بود	بود+ند|بود+ند|بود+ند	V|N1+V|V
۶	.	.	.	.	Si

۰	ن	ن|ن	ن|ن	ن|ن	Al|Ab
۱	برخی	برخی	برخی	برخی	A2
۲	از	از	از	از	Pr
۳	ملاکهای	ملاک|ملاک|ملا	ملاک|ملاک|ملا	ملاک+ها+ی|ملاک+ها+ی|ملا+ک+ها+ی	N1+Pl+Y|N1+Pl+Y|N1+O+Pl+Y
۴	رتبه بندی	رتبه‌بندی	رتبه‌بندی	رتبه‌بندی	N1
۵	دانشگاههای	دانشگاه|دانش|دان	دانشگاه|دانش|دان	دانشگاه+ها+ی|دانش+گاه+ها+ی|دان+ش+گاه+ها+ی	N1+Pl+Y|N1+O+Pl+Y|V1+O+O+Pl+Y
۶	دنیاست	دنیاس	دنیاس	دنیاس	N
۷	.	.	.	.	Si

۰	برنامه ریزی	برنامه‌ریزی	برنامه‌ریزی	برنامه‌ریزی	N1
۱	شهری	شهری|شهر	شهری|شهر	شهری|شهر+ی	A0|N1+Y
۲	،	،	،	،	Si
۳	فیزیک	فیزیک	فیزیک	فیزیک	N1
۴	،	،	،	،	Si
۵	جغرافیای	جغرافیا	جغرافیا	جغرافیا+ی	N1+Y
۶	انسانی	انسانی|انسان	انسانی|انسان	انسانی|انسان+ی	A0|N1+Y
۷	-	-	-	-	Exp
۸	علوم	علم|علو|علو|علم	علم|علو|علو|علم	علم|علو+م|علو+م|علم	N|N1+N|N1+V|N
۹	افتصادی	افتصاد	افتصاد	افتصاد	N
۱۰	جغرافیای	جغرافیا	جغرافیا	جغرافیا+ی	N1+Y
۱۱	طبیعی	طبیعی	طبیعی	طبیعی	A0
۱۲	-	-	-	-	Exp
۱۳	ژئوموفولوژي	ژئوموفولوژ	ژئوموفولوژ	ژئوموفولوژ	N
۱۴	،	،	،	،	Si
۱۵	مدیریت	مدیریت|مدیر	مدیریت|مدیر	مدیریت|مدیر+یت	N1|N1+O
۱۶	آموزشی	آموزشی|آموزش|آموز	آموزشی|آموزش|آموز	آموزشی|آموزش+ی|آموز+ش+ی	A0|N1+Y|V1+O+Y
۱۷	،	،	،	،	Si
۱۸	آموزش	آموزش|آموز	آموزش|آموز	آموزش|آموز+ش	N1|V
۱۹	زبان	زبان	زبان	زبان	N1
۲۰	انگلیسی	انگلیسی	انگلیسی	انگلیسی	A0
۲۱	،	،	،	،	Si
۲۲	برنامه ریزی	برنامه‌ریزی	برنامه‌ریزی	برنامه‌ریزی	N1
۲۳	درسی	درسی|درس	درسی|درس	درسی|درس+ی	A0|N1+Y
۲۴	زبان	زبان	زبان	زبان	N1
۲۵	و	و|و|و	و|و|و	و|و|و	C0|Ab|Al
۲۶	ادبیات	ادبیات|ادبی	ادبیات|ادبی	ادبیات|ادبی+ات	N1|A0+Pl
۲۷	عرب	عرب	عرب	عرب	N1
۲۸	،	،	،	،	Si
۲۹	مشاوره	مشاوره|مشاور	مشاوره|مشاور	مشاوره|مشاور+ه	N1|N1+O
۳۰	،	،	،	،	Si
۳۱	زبانشناسی	زبان	زبان	زبان+شناس+ی	N1+O+Y
۳۲	همگانی	همگانی|همگان|همه|گان	همگانی|همگان|همه|گان	همگانی|همگان+ی|همه+گان+ی|هم+گان+ی	A0|N1+Y|N1+Pl+Y|O+N1+Y
۳۳	کامپیوتر	کامپیوتر	کامپیوتر	کامپیوتر	N1
۳۴	-	-	-	-	Exp
۳۵	نرم افزار	نرم‌افزار	نرم‌افزار	نرم‌افزار	N1
۳۶	آمار	آمار	آمار	آمار	N1
۳۷	کامپیوتر	کامپیوتر	کامپیوتر	کامپیوتر	N1
۳۸	-	-	-	-	Exp
۳۹	معماری	معماری|معمار	معماری|معمار	معماری|معمار+ی	N1|N1+Y
۴۰	کامپیوتر	کامپیوتر	کامپیوتر	کامپیوتر	N1
۴۱	،	،	،	،	Si
۴۲	ریاضی	ریاضی	ریاضی	ریاضی	A0
۴۳	-	-	-	-	Exp
۴۴	آنالیز	آنالیز	آنالیز	آنالیز	N1
۴۵	ریاضی	ریاضی	ریاضی	ریاضی	A0
۴۶	-	-	-	-	Exp
۴۷	جبر	جبر	جبر	جبر	N1
۴۸	،	،	،	،	Si
۴۹	زمین شناسی	زمین‌شناسی|زمین|زم	زمین‌شناسی|زمین|زم	زمین‌شناسی|زمین+شناس+ی|زم+ین+شناس+ی	N1|N1+O+Y|N1+O+O+Y
۵۰	-	-	-	-	Exp
۵۱	چینه	چینه|چین	چینه|چین	چینه|چین+ه	N1|V1+O
۵۲	و	و|و|و	و|و|و	و|و|و	C0|Ab|Al
۵۳	فسیل شناسی	فسیل	فسیل	فسیل+شناس+ی	N1+O+Y
۵۴	و	و|و|و	و|و|و	و|و|و	C0|Ab|Al
۵۵	میکروبیولوژی	میکروبیولوژی	میکروبیولوژی	میکروبیولوژی	N1
۵۶	دانشجوی	دانشجو|دانش|دان	دانشجو|دانش|دان	دانشجو+ی|دانش+جو+ی|دان+ش+جو+ی	N1+Y|N1+O+Y|V1+O+O+Y
۵۷	دکترا	دکترا	دکترا	دکترا	N1
۵۸	می پذیرد	پذیر	پذیر	می+پذیر+د	V
۵۹	.	.	.	.	Si

۰	کسب	کسب	کسب	کسب	N1
۱	حد نصاب	حدنصاب	حدنصاب	حدنصاب	N1
۲	لازم	لازم|زم	لازم|زم	لازم|لا+زم	A0|O+N1
۳	در	در|در|در|در|در	در|در|در|در|در	در|در|در|در|در	Pr|V|N1|N1|VPr
۴	آزمون	آزمون	آزمون	آزمون	N1
۵	ورودی	ورودی|ورود	ورودی|ورود	ورودی|ورود+ی	A0|N1+Y
۶	به	به|به	به|به	به|به	Pr|N1
۷	دوره ی	دوره|دور|دور	دوره|دور|دور	دوره+ی|دور+ه+ی|دور+ه+ی	N1+Y|A0+O+Y|N1+O+Y
۸	دکتری	دکتری|دکتر	دکتری|دکتر	دکتری|دکتر+ی	N1|N1+Y
۹	از	از	از	از	Pr
۱۰	دیگر	دیگر|دیگر|دی	دیگر|دیگر|دی	دیگر|دیگر|دی+گر	Ad|A2|N1+O
۱۱	شرایط	شرط	شرط	شرط	N
۱۲	ثبت نام	ثبت‌نام	ثبت‌نام	ثبت‌نام	N1
۱۳	است	است|اس	است|اس	است|اس+ت	V|N1+N
۱۴	.	.	.	.	Si

۰	دانشگاه	دانشگاه|دانش|دان	دانشگاه|دانش|دان	دانشگاه|دانش+گاه|دان+ش+گاه	N1|N1+O|V1+O+O
۱	غیر مجاز	غیرمجاز|مجاز|مجاز	غیرمجاز|مجاز|مجاز	غیرمجاز|غیر+مجاز|غیر+مجاز	A0|O+N1|O+N1
۲	هاوایی	هاوایی	هاوایی	هاوایی	N2
۳	در	در|در|در|در|در	در|در|در|در|در	در|در|در|در|در	Pr|V|N1|N1|VPr
۴	سال	سال	سال	سال	N1
۵	1372	1372	1372	1372	No
۶	تاسیس	تأسیس	تأسیس	تأسیس	N1
۷	شد	شد	شد	شد	V

۰	و	و|و|و	و|و|و	و|و|و	C0|Ab|Al
۱	500	500	500	500	No
۲	فارغ التحصیل	فارغ‌التحصیل	فارغ‌التحصیل	فارغ‌التحصیل	N1
۳	بود	بود|بود|بود|بو	بود|بود|بود|بو	بود|بود|بود|بو+د	V|N1|V|V
۴	که	که|که|که|که	که|که|که|که	که|که|که|که	C0|NA|N1|N1
۵	همگی	همگی|همه|همه|گی	همگی|همه|همه|گی	همگی|همه+گی|همه+گی|هم+گی	A0|N1+O|A2+O|O+N1
۶	آنها	آنها|آنها	آنها|آنها	آنها|آنها	N5|N6
۷	شناسایی	شناسایی|شناسا|شناس	شناسایی|شناسا|شناس	شناسایی|شناسا+یی|شناس+ا+یی	N1|A0+O|O+O+O
۸	شده اند	شد	شد	شد+ه+اند	V

۰	و	و|و|و	و|و|و	و|و|و	C0|Ab|Al
۱	براساس	براساس	براساس	براساس	Pr1
۲	کیفرخواست	کیفرخواست	کیفرخواست	کیفرخواست	N1
۳	حبس	حبس	حبس	حبس	N1
۴	تعزیری	تعزیری|تعزیر	تعزیری|تعزیر	تعزیری|تعزیر+ی	A0|N1+Y
۵	)	)	)	)	Si
۶	بازدارنده	بازدارنده|بازدار|بازدار	بازدارنده|بازدار|بازدار	بازدارنده|بازدار+نده|بازدار+نده	A0|V1+O|N1+O
۷	(	(	(	(	Si
۸	به	به|به	به|به	به|به	Pr|N1
۹	اتهام	اتهام	اتهام	اتهام	N1
۱۰	کلاهبرداری	کلاهبرداری|کلاهبردار	کلاهبرداری|کلاهبردار	کلاهبرداری|کلاهبردار+ی	N1|A0+Y
۱۱	تبرئه	تبرئه	تبرئه	تبرئه	N1
۱۲	شده	شد	شد	شد+ه	V3+O

۰	و	و|و|و	و|و|و	و|و|و	C0|Ab|Al
۱	حکم	حكمت|حکم|حکم|حک|حک	حكمت|حکم|حکم|حک|حک	حكمت|حکم|حکم|حک+م|حک+م	N|N1|N1|N1+N|N1+V
۲	3	3	3	3	No
۳	سال	سال	سال	سال	N1
۴	وی	وی|وی	وی|وی	وی|وی	N5|Ab
۵	نیز	نیز|آز	نیز|آز	نیز|نی+آز	Ad|V
۶	نقض	نقض	نقض	نقض	N1
۷	شده است	شد	شد	شد+ه+است	V
۸	.	.	.	.	Si

۰	در	در|در|در|در|در	در|در|در|در|در	در|در|در|در|در	Pr|V|N1|N1|VPr
۱	صورت	صورت|صورت|صور|صور	صورت|صورت|صور|صور	صورت|صورت|صور+ت|صور+ت	N1|N9|N1+N|N1+N
۲	ضرورت	ضرورت|ضرور	ضرورت|ضرور	ضرورت|ضرور+ت	N1|A0+N
۳	اسامی	اسامی|اسام	اسامی|اسام	اسامی|اسام+ی	N1|N3+Y
۴	فارغ التحصیلان	فارغ‌التحصیل	فارغ‌التحصیل	فارغ‌التحصیل+ان	N1+Pl
۵	ذی نفع	ذی‌نفع	ذی‌نفع	ذی‌نفع	A0
۶	منتشر	منتشر	منتشر	منتشر	A0
۷	می شود	شو|شو	شو|شو	می+شو+د|می+شو+د	V|V
۸	.	.	.	.	Si

۰	تبعات	تبعات|تبع	تبعات|تبع	تبعات|تبع+ات	N1|N1+Pl
۱	منفی	منفی	منفی	منفی	A0
۲	زیادی	زیادی|زیاد	زیادی|زیاد	زیادی|زیاد+ی	A0|A0+Y
۳	به دنبال	به‌دنبال	به‌دنبال	به‌دنبال	Pr1
۴	خواهد داشت	داشت	داشت	خواهد+داشت	V
۵	.	.	.	.	Si

۰	سلام	سلام	سلام	سلام	N1
۱	به	به|به	به|به	به|به	Pr|N1
۲	همه ی	همه	همه	همه+ی	N1+Y
۳	مردم	مردم|مرد|مرد|مرد	مردم|مرد|مرد|مرد	مردم|مرد+م|مرد+م|مرد+م	N1|N1+N|N1+V|V
۴	ایران	ایران	ایران	ایران	N2
۵	که	که|که|که|که	که|که|که|که	که|که|که|که	C0|NA|N1|N1
۶	خوش	خوش	خوش	خوش	A0
۷	اخلاق	خلق|خلق	خلق|خلق	خلق|خلق	N|N
۸	هستند	هست|هست	هست|هست	هست+ند|هست+ند	V|N1+V
۹	.	.	.	.	Si

۰	پلنگی	پلنگی|پلنگ	پلنگی|پلنگ	پلنگی|پلنگ+ی	A0|N1+Y
۱	با	با	با	با	Pr
۲	پوستی	پوستی|پوست	پوستی|پوست	پوستی|پوست+ی	A0|N1+Y
۳	راه راه	راه‌راه	راه‌راه	راه‌راه	A0
۴	دیدم	دید|دید|دید	دید|دید|دید	دید+م|دید+م|دید+م	V|N1+N|N1+V

۰	که	که|که|که|که	که|که|که|که	که|که|که|که	C0|NA|N1|N1
۱	تند تند	تندتند	تندتند	تندتند	Ad
۲	می دوید	دوید|دو|دو	دوید|دو|دو	می+دوید|می+دو+ید|می+دو+ید	V|V|V
۳	من	من	من	من	N5
۴	ترسیدم	ترسید|ترس	ترسید|ترس	ترسید+م|ترس+ید+م	V|V

۰	و	و|و|و	و|و|و	و|و|و	C0|Ab|Al
۱	گفتم	گفت|گفت|گفت	گفت|گفت|گفت	گفت+م|گفت+م|گفت+م	V|N1+N|N1+V
۲	وااای	وااا	وااا	وااا	N
۳	.	.	.	.	Si

۰	محصولاتی	محصول	محصول	محصول+ات+ی	N1+Pl+Y
۱	نظیر	نظیر	نظیر	نظیر	N1
۲	پلاستیک	پلاستیک	پلاستیک	پلاستیک	N1
۳	،	،	،	،	Si
۴	دارو	دارو	دارو	دارو	N1
۵	مواد	مواد|ماده|ماده	مواد|ماده|ماده	مواد|ماده|ماده	N1|N|N
۶	شوینده	شوینده|شو|شو|شو	شوینده|شو|شو|شو	شوینده|شو+ینده|شو+ینده|شو+ینده	N1|V1+O|V1+O|N1+O
۷	و	و|و|و	و|و|و	و|و|و	C0|Ab|Al
۸	سوخت ها	سوخت	سوخت	سوخت	N
۹	در	در|در|در|در|در	در|در|در|در|در	در|در|در|در|در	Pr|V|N1|N1|VPr
۱۰	واحدهای	واحد	واحد	واحد+ها+ی	A0+Pl+Y
۱۱	عملی	عملی|عمل	عملی|عمل	عملی|عمل+ی	A0|N1+Y
۱۲	استفاده	استفاده	استفاده	استفاده	N1
۱۳	میکنند	کن|کن	کن|کن	می+کن+ند|می+کن+ند	V|V

۰	و	و|و|و	و|و|و	و|و|و	C0|Ab|Al
۱	همچنین	همچنین	همچنین	همچنین	Ad
۲	برای	برای	برای	برای	Pr
۳	بالابردن	بالابردن	بالابردن	بالابردن	N
۴	تولید	تولید	تولید	تولید	N1
۵	برنامه ریزی	برنامه‌ریزی	برنامه‌ریزی	برنامه‌ریزی	N1
۶	می کند	کن|کن|می|می	کن|کن|می|می	می+کن+د|می+کن+د|می+ک+ند|می+ک+ند	V|V|N1+O+V|N1+O+V
۷	.	.	.	.	Si

۰	انرژی	انرژی	انرژی	انرژی	N1
۱	هسته‌اي	هسته‌ای|هسته|هست|هست	هسته‌ای|هسته|هست|هست	هسته‌ای|هسته+ای|هست+ه+ای|هست+ه+ای	A0|N1+O|V3+O+O|N1+O+O
۲	صنایع	صنعت	صنعت	صنعت	N
۳	غذایی	غذایی|غذا	غذایی|غذا	غذایی|غذا+یی	A0|N1+O
۴	،	،	،	،	Si
۵	توسعه‌ي	توسعه	توسعه	توسعه+ی	N1+Y
۶	منابع	منبع	منبع	منبع	N
۷	جدید	جدید|جد|جد	جدید|جد|جد	جدید|جد+ید|جد+ید	A0|N1+V|N1+V
۸	انرژی	انرژی	انرژی	انرژی	N1
۹	،	،	،	،	Si
۱۰	تحقیقات	تحقیق	تحقیق	تحقیق+ات	N1+Pl
۱۱	،	،	،	،	Si
۱۲	مدیریت	مدیریت|مدیر	مدیریت|مدیر	مدیریت|مدیر+یت	N1|N1+O
۱۳	،	،	،	،	Si
۱۴	پردازش	پردازش|پرداز|پرداز	پردازش|پرداز|پرداز	پردازش|پرداز+ش|پرداز+ش	N1|V|N1+N
۱۵	داده‌ها	داده|داد|داد	داده|داد|داد	داده+ها|داد+ه+ها|داد+ه+ها	N1+Pl|O+O+Pl|N1+O+Pl
۱۶	و	و|و|و	و|و|و	و|و|و	C0|Ab|Al
۱۷	میزان	میزان|میز	میزان|میز	میزان|میز+ان	N1|N1+Pl
۱۸	و	و|و|و	و|و|و	و|و|و	C0|Ab|Al
۱۹	بازار	بازار|ازار	بازار|ازار	بازار|ب+ازار	N1|O+N1
۲۰	فروش	فروش|فروش|فرو	فروش|فروش|فرو	فروش|فروش|فرو+ش	V|N1|A0+N
۲۱	از	از	از	از	Pr
۲۲	دیگر	دیگر|دیگر|دی	دیگر|دیگر|دی	دیگر|دیگر|دی+گر	Ad|A2|N1+O
۲۳	زمينه‌هاي	زمینه|زمین|زم	زمینه|زمین|زم	زمینه+ها+ی|زمین+ه+ها+ی|زم+ین+ه+ها+ی	N1+Pl+Y|N1+O+Pl+Y|N1+O+O+Pl+Y
۲۴	فعالیت	فعالیت|فعال	فعالیت|فعال	فعالیت|فعال+یت	N1|A0+O
۲۵	مهندسان	مهندس	مهندس	مهندس+ان	N1+Pl
۲۶	شیمی	شیمی	شیمی	شیمی	N1
۲۷	مي‌باشد	باش|باش	باش|باش	می+باش+د|می+باش+د	V|O+V5+O
۲۸	.	.	.	.	Si

۰	اما	اما	اما	اما	C0
۱	قواغنین	قواغنین	قواغنین	قواغنین	N
۲	دست	دست|دست	دست|دست	دست|دست	N1|N9
۳	و	و|و|و	و|و|و	و|و|و	C0|Ab|Al
۴	پاگیر	پاگیر	پاگیر	پاگیر	N1
۵	دانشگاه	دانشگاه|دانش|دان	دانشگاه|دانش|دان	دانشگاه|دانش+گاه|دان+ش+گاه	N1|N1+O|V1+O+O
۶	قم	قم	قم	قم	N2
۷	،	،	،	،	Si
۸	چون	چون|چون	چون|چون	چون|چون	C0|Pr
۹	همیشه	همیشه	همیشه	همیشه	Ad
۱۰	انگیزه ها	انگیزه|انگیز	انگیزه|انگیز	انگیزه+ها|انگیز+ه+ها	N1+Pl|V1+O+Pl
۱۱	و	و|و|و	و|و|و	و|و|و	C0|Ab|Al
۱۲	اراده‌ها	اراده	اراده	اراده+ها	N1+Pl
۱۳	را	را	را	را	Po
۱۴	سرد	سرد|سر	سرد|سر	سرد|سر+د	A0|V
۱۵	و	و|و|و	و|و|و	و|و|و	C0|Ab|Al
۱۶	بی رمق	بی‌رمق	بی‌رمق	بی‌رمق	A0
۱۷	مي‌نمايد	نما|نما|نما	نما|نما|نما	می+نما+ید|می+نما+ید|می+نما+ید	V|V|V
۱۸	.	.	.	.	Si

۰	ترافیک	ترافیک	ترافیک	ترافیک	N1
۱	شدید	شدید|شد	شدید|شد	شدید|شد+ید	A0|V
۲	در	در|در|در|در|در	در|در|در|در|در	در|در|در|در|در	Pr|V|N1|N1|VPr
۳	اتوبان	اتوبان|اتو	اتوبان|اتو	اتوبان|اتو+بان	N1|N1+Pl
۴	چمران	چمران	چمران	چمران	N4
۵	بسیار	بسیار|بسیار|سیار|بس	بسیار|بسیار|سیار|بس	بسیار|بسیار|ب+سیار|بس+یار	A0|Ad|O+A0|A0+O
۶	آزار دهنده	آزاردهنده	آزاردهنده	آزاردهنده	A0
۷	بود	بود|بود|بود|بو	بود|بود|بود|بو	بود|بود|بود|بو+د	V|N1|V|V
۸	.	.	.	.	Si

۰	آهنگی	آهنگی|آهنگ	آهنگی|آهنگ	آهنگی|آهنگ+ی	A0|N1+Y
۱	شنیدم	شنید	شنید	شنید+م	V

۰	که	که|که|که|که	که|که|که|که	که|که|که|که	C0|NA|N1|N1
۱	خواننده	خواننده|خوان|خوان|خو	خواننده|خوان|خوان|خو	خواننده|خوان+نده|خوان+نده|خو+ان+نده	N1|V1+O|N1+O|N1+Pl+O
۲	با	با	با	با	Pr
۳	صدایی	صدایی|صدا	صدایی|صدا	صدایی|صدا+یی	A0|N1+O
۴	زیبا	زیبا	زیبا	زیبا	A0
۵	و	و|و|و	و|و|و	و|و|و	C0|Ab|Al
۶	رسا	رسا	رسا	رسا	A0
۷	آن	آن|آن	آن|آن	آن|آن	A1|N6
۸	را	را	را	را	Po
۹	میخواند	خواند|خوان	خواند|خوان	می+خواند|می+خوان+د	V|V
۱۰	.	.	.	.	Si

۰	دختری	دختری|دختر	دختری|دختر	دختری|دختر+ی	A0|N1+Y
۱	با	با	با	با	Pr
۲	کفشهای	کفش|کف	کفش|کف	کفش+ها+ی|کف+ش+ها+ی	N1+Pl+Y|N1+O+Pl+Y
۳	کتانی	کتانی|کتان|کت|کت	کتانی|کتان|کت|کت	کتانی|کتان+ی|کت+ان+ی|کت+ان+ی	A0|N1+Y|N1+Pl+Y|N1+Pl+Y
۴	دیدم	دید|دید|دید	دید|دید|دید	دید+م|دید+م|دید+م	V|N1+N|N1+V
۵	که	که|که|که|که	که|که|که|که	که|که|که|که	C0|NA|N1|N1
۶	سبزیجات	سبزیجات|سبزی|سبز	سبزیجات|سبزی|سبز	سبزیجات|سبزی+جات|سبز+ی+جات	N1|N1+Pl|A0+Y+Pl
۷	میخورد	خورد|خور	خورد|خور	می+خورد|می+خور+د	V|V
۸	.	.	.	.	Si

۰	واحد	واحد	واحد	واحد	A0
۱	مرکزی	مرکزی|مرکز	مرکزی|مرکز	مرکزی|مرکز+ی	A0|N1+Y
۲	خبر	خبر	خبر	خبر	N1
۳	اخبار	خبر|اخ	خبر|اخ	خبر|اخ+بار	N|A0+O
۴	جدیدی	جدیدی|جدید	جدیدی|جدید	جدیدی|جدید+ی	N1|A0+Y
۵	را	را	را	را	Po
۶	مخابره	مخابره	مخابره	مخابره	N1
۷	کرد	کرد|کرد	کرد|کرد	کرد|کرد	V|N1
۸	.	.	.	.	Si

۰	چرا	چرا|چرا|چرا	چرا|چرا|چرا	چرا|چرا|چرا	NA|N1|N1
۱	لباسهای	لباس	لباس	لباس+ها+ی	N1+Pl+Y
۲	خواهرت	خواهر	خواهر	خواهر+ت	N1+N
۳	را	را	را	را	Po
۴	اتو	اتو	اتو	اتو	N1
۵	نکردی	کرد	کرد	ن+کرد+ی	V
۶	؟	؟	؟	؟	Si

۰	دشمنان	دشمن	دشمن	دشمن+ان	A0+Pl
۱	ایران	ایران	ایران	ایران	N2
۲	در	در|در|در|در|در	در|در|در|در|در	در|در|در|در|در	Pr|V|N1|N1|VPr
۳	همه	همه|همه	همه|همه	همه|همه	N1|A2
۴	نقاط	نقطه	نقطه	نقطه	N
۵	جهان	جهان|جهان|جه	جهان|جهان|جه	جهان|جهان|جه+ان	N1|V|N1+Pl
۶	پراکننده	پراکن	پراکن	پراکن+نده	V1+O
۷	هستند	هست|هست	هست|هست	هست+ند|هست+ند	V|N1+V
۸	.	.	.	.	Si

۰	گروه	گروه|گرو|گرو	گروه|گرو|گرو	گروه|گرو+ه|گرو+ه	N1|V1+O|N1+O
۱	بزرگ	بزرگ	بزرگ	بزرگ	A0
۲	موسیقیایی	موسیقیایی	موسیقیایی	موسیقیایی	A0
۳	پاپ راک	پاپ راک	پاپ راک	پاپ راک	N
۴	در	در|در|در|در|در	در|در|در|در|در	در|در|در|در|در	Pr|V|N1|N1|VPr
۵	کابل	کابل|کابل	کابل|کابل	کابل|کابل	N2|N1
۶	کنسرت	کنسرت	کنسرت	کنسرت	N1
۷	خواهند داشت	داشت	داشت	خواهند+داشت	V
۸	.	.	.	.	Si

۰	دیشب	دیشب	دیشب	دیشب	Ad
۱	برنامه	برنامه	برنامه	برنامه	N1
۲	90	90	90	90	No
۳	به علت	به‌علت	به‌علت	به‌علت	Pr1
۴	سو تفاهم	سو تفاه	سو تفاه	سو تفاه	N
۵	بین	بین|بین|بین|ین	بین|بین|بین|ین	بین|بین|بین|ب+ین	V|N9|A0|O+N1
۶	دست اندرکاران	دست‌اندرکار	دست‌اندرکار	دست‌اندرکار+ان	N1+Pl
۷	پخش	پخش|پخش|پخ|پخ	پخش|پخش|پخ|پخ	پخش|پخش|پخ+ش|پخ+ش	N1|A0|N1+N|N1+N
۸	نشد	شد	شد	ن+شد	V
۹	.	.	.	.	Si

۰	ستارگان	ستاره	ستاره	ستاره+گان	N1+Pl
۱	سینمای	سینما	سینما	سینما+ی	N1+Y
۲	هالیوود	هالیوود	هالیوود	هالیوود	N2
۳	بسیار	بسیار|بسیار|سیار|بس	بسیار|بسیار|سیار|بس	بسیار|بسیار|ب+سیار|بس+یار	A0|Ad|O+A0|A0+O
۴	پر درآمد	پردرآمد	پردرآمد	پردرآمد	A0
۵	هستند	هست|هست	هست|هست	هست+ند|هست+ند	V|N1+V
۶	.	.	.	.	Si

۰	سیستم	سیستم	سیستم	سیستم	N1
۱	کامپیوتری	کامپیوتری|کامپیوتر	کامپیوتری|کامپیوتر	کامپیوتری|کامپیوتر+ی	A0|N1+Y
۲	شرکتهای	شرکت	شرکت	شرکت+ها+ی	N1+Pl+Y
۳	ایرانی	ایرانی|ایران	ایرانی|ایران	ایرانی|ایران+ی	A0|N2+Y
۴	قوی	قوی|قو|قو	قوی|قو|قو	قوی|قو+ی|قو+ی	A0|N1+Y|N1+Y
۵	نیست	نیست|است|نی	نیست|است|نی	نیست|نی+است|نی+ست	N1|V|N1+N
۶	.	.	.	.	Si

۰	خواهرم	خواهر|خواهر	خواهر|خواهر	خواهر+م|خواهر+م	N1+N|N1+V
۱	به	به|به	به|به	به|به	Pr|N1
۲	مغازه	مغازه	مغازه	مغازه	N1
۳	رفت	رفت|رفت|رف	رفت|رفت|رف	رفت|رفت|رف+ت	V|V|N1+N

۰	و	و|و|و	و|و|و	و|و|و	C0|Ab|Al
۱	شکلات	شکلات|شکل	شکلات|شکل	شکلات|شکل+ات	N1|N1+Pl
۲	و	و|و|و	و|و|و	و|و|و	C0|Ab|Al
۳	آبنبات	آب‌نبات	آب‌نبات	آب‌نبات	N1
۴	خرید	خرید|خرید|خر|خر|خر	خرید|خرید|خر|خر|خر	خرید|خرید|خر+ید|خر+ید|خر+ید	V|N1|V|N1+V|N1+V
۵	.	.	.	.	Si

۰	او	او|او	او|او	او|او	N5|Ab
۱	به	به|به	به|به	به|به	Pr|N1
۲	من	من	من	من	N5
۳	نگاه	نگاه	نگاه	نگاه	N1
۴	خیلی	خیلی|خیلی|خیل	خیلی|خیلی|خیل	خیلی|خیلی|خیل+ی	A0|Ad|N1+Y
۵	سنگینی	سنگینی|سنگین|سنگ	سنگینی|سنگین|سنگ	سنگینی|سنگین+ی|سنگ+ین+ی	N1|A0+Y|N1+O+Y
۶	کرد	کرد|کرد	کرد|کرد	کرد|کرد	V|N1
۷	.	.	.	.	Si

۰	من	من	من	من	N5
۱	به	به|به	به|به	به|به	Pr|N1
۲	معلمم	معلم|معلم	معلم|معلم	معلم+م|معلم+م	N1+N|N1+V
۳	که	که|که|که|که	که|که|که|که	که|که|که|که	C0|NA|N1|N1
۴	دست	دست|دست	دست|دست	دست|دست	N1|N9
۵	به	به|به	به|به	به|به	Pr|N1
۶	سینه	سینه|سین	سینه|سین	سینه|سین+ه	N1|N1+O
۷	ایستاده	ایستاده|ایستاد	ایستاده|ایستاد	ایستاده|ایستاد+ه	A0|O+O
۸	بود	بود|بود|بود|بو	بود|بود|بود|بو	بود|بود|بود|بو+د	V|N1|V|V

۰	نگاه	نگاه	نگاه	نگاه	N1
۱	بدی	بدی|دی|بد	بدی|دی|بد	بدی|ب+دی|بد+ی	N1|O+N1|A0+Y
۲	کردم	کرد|کرد|کرد	کرد|کرد|کرد	کرد+م|کرد+م|کرد+م	V|N1+N|N1+V
۳	.	.	.	.	Si

۰	طلاب	طالب	طالب	طالب	N
۱	حوزه ی	حوزه	حوزه	حوزه+ی	N1+Y
۲	علمیه	علمیه|علمی	علمیه|علمی	علمیه|علمی+ه	A0|A0+O
۳	قم	قم	قم	قم	N2
۴	بسیار	بسیار|بسیار|سیار|بس	بسیار|بسیار|سیار|بس	بسیار|بسیار|ب+سیار|بس+یار	A0|Ad|O+A0|A0+O
۵	پر کار	پرکار|پر	پرکار|پر	پرکار|پر+کار	A0|V1+O
۶	و	و|و|و	و|و|و	و|و|و	C0|Ab|Al
۷	سخت کوش	سختکوش	سختکوش	سختکوش	A0
۸	هستند	هست|هست	هست|هست	هست+ند|هست+ند	V|N1+V
۹	.	.	.	.	Si

۰	رانندگی	رانندگی|راننده|ران|ران	رانندگی|راننده|ران|ران	رانندگی|راننده+گی|ران+نده+گی|ران+نده+گی	N1|N1+O|V1+O+O|N1+O+O
۱	با	با	با	با	Pr
۲	سرعت	سرعت	سرعت	سرعت	N1
۳	بالا	بالا	بالا	بالا	A0
۴	برای	برای	برای	برای	Pr
۵	سر نشینان	سر|سر|سر|سر	سر|سر|سر|سر	سر+نشین+ان|سر+نشین+ان|سر+نشین+ان|سر+نشین+ان	V1+O+Pl|N1+O+Pl|N1+O+Pl|N1+O+Pl
۶	و	و|و|و	و|و|و	و|و|و	C0|Ab|Al
۷	راننده	راننده|ران|ران	راننده|ران|ران	راننده|ران+نده|ران+نده	N1|V1+O|N1+O
۸	خطر ناک	خطرناک|خطر	خطرناک|خطر	خطرناک|خطر+ناک	A0|N1+O
۹	است	است|اس	است|اس	است|اس+ت	V|N1+N
۱۰	.	.	.	.	Si

۰	سه	سه	سه	سه	No
۱	ماه	ماه	ماه	ماه	N1
۲	مانده	مانده|ماند|مان	مانده|ماند|مان	مانده|ماند+ه|مان+د+ه	A0|O+O|V1+O+O
۳	به	به|به	به|به	به|به	Pr|N1
۴	جشنواره	جشنواره|جشن	جشنواره|جشن	جشنواره|جشن+واره	N1|N1+O
۵	فیلم	فیلم|فیل|فیل	فیلم|فیل|فیل	فیلم|فیل+م|فیل+م	N1|N1+N|N1+V
۶	فجر	فجر	فجر	فجر	N1
۷	بعضی	بعضی	بعضی	بعضی	A2
۸	از	از	از	از	Pr
۹	کارگردانان	کارگردان|کارگر	کارگردان|کارگر	کارگردان+ان|کارگر+دان+ان	N1+Pl|N1+Pl+Pl
۱۰	فیلمهای	فیلم	فیلم	فیلم+ها+ی	N1+Pl+Y
۱۱	خود	خود|خود	خود|خود	خود|خود	N|N1
۱۲	را	را	را	را	Po
۱۳	به	به|به	به|به	به|به	Pr|N1
۱۴	کمیته	کمیته|کمیت|کم|کم	کمیته|کمیت|کم|کم	کمیته|کمیت+ه|کم+یت+ه|کم+یت+ه	N1|N1+O|A0+O+O|N1+O+O
۱۵	داوران	داور	داور	داور+ان	N1+Pl
۱۶	تحویل	تحویل	تحویل	تحویل	N1
۱۷	دادند	داد|داد	داد|داد	داد+ند|داد+ند	V|N1+V
۱۸	.	.	.	.	Si

۰	موسم	موسم	موسم	موسم	A0
۱	بهاران	بهار|هار	بهار|هار	بهار+ان|ب+هار+ان	N1+Pl|O+A0+Pl
۲	هوای	هوا	هوا	هوا+ی	N1+Y
۳	شمال	شمال	شمال	شمال	N1
۴	شهر	شهر	شهر	شهر	N1
۵	تهران	تهران	تهران	تهران	N2
۶	بسیار	بسیار|بسیار|سیار|بس	بسیار|بسیار|سیار|بس	بسیار|بسیار|ب+سیار|بس+یار	A0|Ad|O+A0|A0+O
۷	دل ربا	دلربا	دلربا	دلربا	A0
۸	میشود	شو|شو	شو|شو	می+شو+د|می+شو+د	V|V
۹	.	.	.	.	Si

۰	یکی	یکی	یکی	یکی	A2
۱	از	از	از	از	Pr
۲	آثار	اثر	اثر	اثر	N
۳	بشدت	بشدت|شدت|شد	بشدت|شدت|شد	بشدت|ب+شدت|ب+شد+ت	Ad|O+N1|V
۴	دوست داشتنی	دوست‌داشتنی	دوست‌داشتنی	دوست‌داشتنی	A0
۵	جیم جارموش	جیم جارمو	جیم جارمو	جیم جارمو	N
۶	که	که|که|که|که	که|که|که|که	که|که|که|که	C0|NA|N1|N1
۷	تماما	تماماً	تماماً	تماماً	Ad
۸	حول	حول	حول	حول	N1
۹	محور	محور	محور	محور	N1
۱۰	گفتگو	گفتگو	گفتگو	گفتگو	N1
۱۱	،	،	،	،	Si
۱۲	سیگار	سیگار	سیگار	سیگار	N1
۱۳	و	و|و|و	و|و|و	و|و|و	C0|Ab|Al
۱۴	قهوه	قهوه	قهوه	قهوه	N1
۱۵	میگردد	گرد	گرد	می+گرد+د	V
۱۶	و	و|و|و	و|و|و	و|و|و	C0|Ab|Al
۱۷	ادای	ادا	ادا	ادا+ی	N1+Y
۱۸	دین	دین|دین	دین|دین	دین|دین	N1|N1
۱۹	جیم	جیم	جیم	جیم	N1
۲۰	به	به|به	به|به	به|به	Pr|N1
۲۱	این	این|این	این|این	این|این	A1|N6
۲۲	دو	دو|دو|دو|دو	دو|دو|دو|دو	دو|دو|دو|دو	No|V|V|N1
۲۳	عزیز	عزیز	عزیز	عزیز	A0
۲۴	است	است|اس	است|اس	است|اس+ت	V|N1+N
۲۵	.	.	.	.	Si

۰	صدا	صدا	صدا	صدا	N1
۱	و	و|و|و	و|و|و	و|و|و	C0|Ab|Al
۲	سیمای	سیما	سیما	سیما+ی	N3+Y
۳	جمهوری	جمهوری|جمهور	جمهوری|جمهور	جمهوری|جمهور+ی	N1|N1+Y
۴	اسلامی	اسلامی|اسلامی|اسلام	اسلامی|اسلامی|اسلام	اسلامی|اسلامی|اسلام+ی	A0|N4|N1+Y
۵	ایران	ایران	ایران	ایران	N2
۶	برنامههای	برنامه	برنامه	برنامه+ها+ی	N1+Pl+Y
۷	جالبی	جالب	جالب	جالب+ی	A0+Y
۸	ندارد	دار|دار	دار|دار	ن+دار+د|ن+دار+د	V|Neg+V5+O
۹	.	.	.	.	Si

۰	پرداخت	پرداخت|پرداخت	پرداخت|پرداخت	پرداخت|پرداخت	V|N1
۱	قبض	قبض	قبض	قبض	N1
۲	به صورت	به‌صورت	به‌صورت	به‌صورت	Pr1
۳	الکترونیکی	الکترونیکی|الکترونیک|الکترونی	الکترونیکی|الکترونیک|الکترونی	الکترونیکی|الکترونیک+ی|الکترونی+ک+ی	A0|N1+Y|A0+O+Y
۴	هزینه	هزینه	هزینه	هزینه	N1
۵	آبونمان	آبونمان|آب	آبونمان|آب	آبونمان|آب+ون+مان	N1|N1+Pl+N
۶	را	را	را	را	Po
۷	کاهش	کاهش|کاه|کاه	کاهش|کاه|کاه	کاهش|کاه+ش|کاه+ش	N1|V|N1+N
۸	بسزایی	سزا	سزا	ب+سزا+یی	O+N1+O
۹	میدهد	ده	ده	می+ده+د	V
۱۰	.	.	.	.	Si

۰	آشپزی	آشپزی|آشپز	آشپزی|آشپز	آشپزی|آشپز+ی	N1|N1+Y
۱	در	در|در|در|در|در	در|در|در|در|در	در|در|در|در|در	Pr|V|N1|N1|VPr
۲	رستوران	رستوران	رستوران	رستوران	N1
۳	هنگام	هنگام|هنگام	هنگام|هنگام	هنگام|هنگام	N1|N9
۴	پخت	پخت|پخت|پخت|پخ|پخ	پخت|پخت|پخت|پخ|پخ	پخت|پخت|پخت|پخ+ت|پخ+ت	V|N1|A0|N1+N|N1+N
۵	غذا	غذا	غذا	غذا	N1
۶	دستش	دست	دست	دست+ش	N1+N
۷	سوخت	سوخت|سوخ	سوخت|سوخ	سوخت|سوخ+ت	V|N1+N
۸	.	.	.	.	Si

۰	ماشین	ماشین|ماش	ماشین|ماش	ماشین|ماش+ین	N1|N1+O
۱	آلات	آلات|آل	آلات|آل	آلات|آل+ات	N1|N1+Pl
۲	چینی	چینی|چین|چین	چینی|چین|چین	چینی|چین+ی|چین+ی	A0|V|N2+Y
۳	کیفیت	کیفیت|کیفی|کیفی|کیف|کیف	کیفیت|کیفی|کیفی|کیف|کیف	کیفیت|کیفی+ت|کیفی+ت|کیف+ی+ت|کیف+ی+ت	N1|A0+N|A0+N|N1+Y+N|N1+Y+N
۴	مرغوبی	مرغوب	مرغوب	مرغوب+ی	A0+Y
۵	ندارند	دار|دار	دار|دار	ن+دار+ند|ن+دار+ند	V|Neg+V5+V
۶	.	.	.	.	Si

۰	کردستان	کردستان	کردستان	کردستان	N2
۱	سرزمینی	سرزمین	سرزمین	سرزمین+ی	N1+Y
۲	بسیار	بسیار|بسیار|سیار|بس	بسیار|بسیار|سیار|بس	بسیار|بسیار|ب+سیار|بس+یار	A0|Ad|O+A0|A0+O
۳	دل فریب	دلفریب	دلفریب	دلفریب	A0
۴	میباشد	باش|باش	باش|باش	می+باش+د|می+باش+د	V|O+V5+O
۵	.	.	.	.	Si

۰	الهی	الهی|الهی|اله	الهی|الهی|اله	الهی|الهی|اله+ی	A0|Exp|N1+Y
۱	جانتان	جان	جان	جان+تان	N1+N
۲	سلامت	سلامت|سلام	سلامت|سلام	سلامت|سلام+ت	A0|N1+N
۳	و	و|و|و	و|و|و	و|و|و	C0|Ab|Al
۴	تن	تن|تن|تن	تن|تن|تن	تن|تن|تن	V|N1|N1
۵	درست	درست|درس	درست|درس	درست|درس+ت	A0|N1+N
۶	باشد	باش|اشد	باش|اشد	باش+د|ب+اشد	V|O+A0
۷	.	.	.	.	Si

۰	البسه	البسه	البسه	البسه	N1
۱	خودتان	خودتان	خودتان	خودتان	N
۲	را	را	را	را	Po
۳	با	با	با	با	Pr
۴	اتو	اتو	اتو	اتو	N1
۵	صاف	صاف|صاف	صاف|صاف	صاف|صاف	V|A0
۶	کنید	کن|کن	کن|کن	کن+ید|کن+ید	V|V
۷	.	.	.	.	Si

۰	بیماران	بیمار|ماران|مار	بیمار|ماران|مار	بیمار+ان|بی+ماران|بی+مار+ان	A0+Pl|O+N1|O+N1+Pl
۱	قبلی	قبلی|قبل|قبل	قبلی|قبل|قبل	قبلی|قبل+ی|قبل+ی	A0|Ad+Y|N1+Y
۲	و	و|و|و	و|و|و	و|و|و	C0|Ab|Al
۳	عروقی	عروقی|عروق	عروقی|عروق	عروقی|عروق+ی	A0|N1+Y
۴	در	در|در|در|در|در	در|در|در|در|در	در|در|در|در|در	Pr|V|N1|N1|VPr
۵	بیمارستان	بیمارستان|بیمار|مار	بیمارستان|بیمار|مار	بیمارستان|بیمار+ستان|بی+مار+ستان	N1|A0+Pl|O+N1+Pl
۶	آبان	آبان|آب	آبان|آب	آبان|آب+ان	N1|N1+Pl
۷	بستری	بستری|بستر|ستر|ستر|بس	بستری|بستر|ستر|ستر|بس	بستری|بستر+ی|ب+ستر+ی|ب+ستر+ی|بس+تر+ی	A0|N1+Y|V|O+N1+Y|A0+A+Y
۸	شدند	شد	شد	شد+ند	V
۹	.	.	.	.	Si

۰	سامان	سامان|سا	سامان|سا	سامان|سا+مان	N1|V
۱	پسری	پسری|پسر	پسری|پسر	پسری|پسر+ی	A0|N1+Y
۲	هنرمند	هنرمند|هنر	هنرمند|هنر	هنرمند|هنر+مند	N1|N1+O
۳	او	او|او	او|او	او|او	N5|Ab
۴	موسیقی دان	موسیقی‌دان|موسیقی	موسیقی‌دان|موسیقی	موسیقی‌دان|موسیقی+دان	A0|N1+Pl
۵	است	است|اس	است|اس	است|اس+ت	V|N1+N
۶	.	.	.	.	Si

۰	مجمع	مجمع	مجمع	مجمع	N1
۱	عمومی	عمومی|عموم	عمومی|عموم	عمومی|عموم+ی	A0|N1+Y
۲	و	و|و|و	و|و|و	و|و|و	C0|Ab|Al
۳	انتخابات	انتخاب	انتخاب	انتخاب+ات	N1+Pl
۴	شورای	شورا	شورا	شورا+ی	N1+Y
۵	مرکزی	مرکزی|مرکز	مرکزی|مرکز	مرکزی|مرکز+ی	A0|N1+Y
۶	و	و|و|و	و|و|و	و|و|و	C0|Ab|Al
۷	بازرسین	بازرس	بازرس	بازرس+ین	N1+O
۸	جامعه	جامعه|جامع	جامعه|جامع	جامعه|جامع+ه	N1|A0+O
۹	دانش آموختگان	دانش‌آموخته	دانش‌آموخته	دانش‌آموخته+گان	N1+Pl
۱۰	دانشگاه	دانشگاه|دانش|دان	دانشگاه|دانش|دان	دانشگاه|دانش+گاه|دان+ش+گاه	N1|N1+O|V1+O+O
۱۱	ظرف	ظرف	ظرف	ظرف	N1
۱۲	ماه	ماه	ماه	ماه	N1
۱۳	آتی	آتی	آتی	آتی	A0
۱۴	برگزار	برگزار|برگ	برگزار|برگ	برگزار|برگ+زار	A0|N1+O
۱۵	میشود	شو|شو	شو|شو	می+شو+د|می+شو+د	V|V
۱۶	.	.	.	.	Si
