0	آن	آن|آن	آن|آن	آن|آن	A1|N6
1	روز	روز	روز	روز	N1
2	مورخ	مورخ|مورخ	مورخ|مورخ	مورخ|مورخ	N1|A0
3	۹۷/۷/۲۰	۹۷/۷/۲۰	۹۷/۷/۲۰	۹۷/۷/۲۰	O
4	یا	یا|یا	یا|یا	یا|یا	C0|Intj
5	به عبارتی	به‌عبارتی|عبارتی|عبارت	به‌عبارتی|عبارتی|عبارت	به‌عبارتی|به+عبارتی|به+عبارت+ی	Ad|O+A0|O+N1+Y
6	۲۰	۲۰	۲۰	۲۰	No
7	مهر	مهر|مهر|مهر	مهر|مهر|مهر	مهر|مهر|مهر	N1|N1|N1
8	۹۷	۹۷	۹۷	۹۷	No
9	حدود	حدود|حدود	حدود|حدود	حدود|حدود	N1|N9
10	ساعت	ساعت	ساعت	ساعت	N1
11	۹:۱۵	۹:۱۵	۹:۱۵	۹:۱۵	O
12	در	در|در|در|در|در	در|در|در|در|در	در|در|در|در|در	Pr|V|N1|N1|VPr
13	کلاس	کلاس	کلاس	کلاس	N1
14	مبحثی	مبحث	مبحث	مبحث+ی	N1+Y
15	بیان	بیان	بیان	بیان	N1
16	شد	شد	شد	شد	V
17	که	که|که|که|که	که|که|که|که	که|که|که|که	C0|NA|N1|N1
18	بیانگر	بیانگر|بیان	بیانگر|بیان	بیانگر|بیان+گر	N1|N1+O
19	ابهامات	ابهام	ابهام	ابهام+ات	N1+Pl
20	بسیاری	بسیاری	بسیاری	بسیاری	A2
21	بود	بود|بود|بود|بو	بود|بود|بود|بو	بود|بود|بود|بو+د	V|N1|V|V
22	.	.	.	.	Si

0	به طوریکه	به طوریکه	به طوریکه	N	***HAZM***
1	هر	هر	هر	هر	A1
2	نفر	نفر	نفر	نفر	N1
3	پاسخ	پاسخ	پاسخ	پاسخ	N1
4	متفاوتی	متفاوت	متفاوت	متفاوت+ی	A0+Y
5	داشت	داشت|داشت|داشت|داش	داشت|داشت|داشت|داش	داشت|داشت|داشت|داش+ت	V|V5|N1|N1+N
6	و	و|و|و	و|و|و	و|و|و	C0|Ab|Al
7	هرکس	هرکس	هرکس	N	***HAZM***
8	جداگانه	جداگانه|جدا	جداگانه|جدا	جداگانه|جدا+گانه	Ad|A0+Pl
9	برای	برای	برای	برای	Pr
10	خود	خود|خود	خود|خود	خود|خود	N|N1
11	دانش‌اندوزی	دانش‌اندوزی	دانش‌اندوزی	دانش‌اندوزی	N1
12	می‌کرد	کرد	کرد	می+کرد	V
13	!	!	!	!	Si

0	جواب	جواب	جواب	جواب	N1
1	درست	درست|درس	درست|درس	درست|درس+ت	A0|N1+N
2	۰.۸۹	۰.۸۹	۰.۸۹	۰.۸۹	O
3	بود	بود|بود|بود|بو	بود|بود|بود|بو	بود|بود|بود|بو+د	V|N1|V|V
4	ولی	ولی|ولی|ول|ول	ولی|ولی|ول|ول	ولی|ولی|ول+ی|ول+ی	C0|N1|A0+Y|N1+Y
5	هرکس	هرکس	هرکس	هرکس	N
6	یک	یک	یک	یک	No
7	چیزی	چیزی|چیز	چیزی|چیز	چیزی|چیز+ی	Ad|N1+Y
8	برای	برای	برای	برای	Pr
9	گفتن	گفت	گفت	گفت+ن	V2+Neg
10	داشت	داشت|داشت|داشت|داش	داشت|داشت|داشت|داش	داشت|داشت|داشت|داش+ت	V|V5|N1|N1+N
11	!	!	!	!	Si

0	مانند	مانند|مانند|مان|مان	مانند|مانند|مان|مان	مانند|مانند|مان+ند|مان+ند	N1|N9|V|N1+V
1	۳/۴	۳/۴	۳/۴	۳/۴	O
2	،	،	،	،	Si
3	۰.۳۲	۰.۳۲	۰.۳۲	۰.۳۲	O
4	۰.۴	۰.۴	۰.۴	۰.۴	O
5	و	و|و|و	و|و|و	و|و|و	C0|Ab|Al
6	...	...	...	...	Si


0	نزدیک‌ترین	نزدیک	نزدیک	نزدیک+ترین	A0+A
1	جواب	جواب	جواب	جواب	N1
2	را	را	را	را	Po
3	فاطمه	فاطمه	فاطمه	فاطمه	N3
4	داده	داده|داد|داد	داده|داد|داد	داده|داد+ه|داد+ه	N1|O+O|N1+O
5	بود	بود|بود|بود|بو	بود|بود|بود|بو	بود|بود|بود|بو+د	V|N1|V|V
6	،	،	،	،	Si
7	۱.۱۲	۱.۱۲	۱.۱۲	۱.۱۲	O
8	!	!	!	!	Si

0	همهمه	همهمه|همه|هم	همهمه|همه|هم	همهمه|هم+همه|هم+هم+ه	N1|O+N1|O+Ad+O
1	درگرفته بود	درگرفت	درگرفت	درگرفت+ه+بود	V
2	که	که|که|که|که	که|که|که|که	که|که|که|که	C0|NA|N1|N1
3	در	در|در|در|در|در	در|در|در|در|در	در|در|در|در|در	Pr|V|N1|N1|VPr
4	نه	نه|نه|نه	نه|نه|نه	نه|نه|نه	No|V|N1
5	و	و|و|و	و|و|و	و|و|و	C0|Ab|Al
6	سی	سی|سی	سی|سی	سی|سی	No|Ab
7	دقیقه	دقیقه|دقیق	دقیقه|دقیق	دقیقه|دقیق+ه	N1|A0+O
8	،	،	،	،	Si
9	معلم	معلم|معلم	معلم|معلم	معلم|معلم	N4|N1
10	رسید	رسید|رسید|رس|رس	رسید|رسید|رس|رس	رسید|رسید|رس+ید|رس+ید	V|N1|V|N1+V
11	؛	؛	؛	؛	Si
12	همان	همان|همان	همان|همان	همان|همان	A1|N6
13	ابتدا	ابتدا	ابتدا	ابتدا	N1
14	پرسید	پرسید|پرس|پرس|پرس	پرسید|پرس|پرس|پرس	پرسید|پرس+ید|پرس+ید|پرس+ید	V|V|N1+V|N1+V
15	:	:	:	:	Si

0	«	«	«	«	Si
1	پاسخ	پاسخ	پاسخ	پاسخ	N1
2	۱.۱۲	۱.۱۲	۱.۱۲	۱.۱۲	O
3	را	را	را	را	Po
4	چه	چه|چه|چه	چه|چه|چه	چه|چه|چه	NA|C0|A0
5	کسی	کسی	کسی	کسی	A2
6	بدست‌	بدست|دست|بد	بدست|دست|بد	بدست|ب+دست|بد+ست	N1|O+N1|A0+N
7	آورده	آورده|آورد	آورده|آورد	آورده|آورد+ه	A0|O+O
8	؟	؟	؟	؟	Si

0	اسمی	اسمی|اسم	اسمی|اسم	اسمی|اسم+ی	A0|N1+Y
1	روی	روی|روی|رو|رو|رو	روی|روی|رو|رو|رو	روی|روی|رو+ی|رو+ی|رو+ی	Pr1|N1|N1+Y|V|V
2	برگه‌اش	برگه|برگ	برگه|برگ	برگه+اش|برگ+ه+اش	N1+N|N1+O+N
3	نبود	نبود|بود|بود|بو	نبود|بود|بود|بو	نبود|ن+بود|ن+بود|ن+بو+د	N1|V|V|V
4	!	!	!	!	Si

0	»	»	»	»	Si
1	همین	همین|همین	همین|همین	همین|همین	A1|N6
2	جا	جا	جا	جا	N1
3	بود	بود|بود|بود|بو	بود|بود|بود|بو	بود|بود|بود|بو+د	V|N1|V|V
4	که	که|که|که|که	که|که|که|که	که|که|که|که	C0|NA|N1|N1
5	فاطمه	فاطمه	فاطمه	فاطمه	N3
6	فهمید	فهمید|فهم|فهم	فهمید|فهم|فهم	فهمید|فهم+ید|فهم+ید	V|V|N1+V
7	حق	حق|حق	حق|حق	حق|حق	N1|N9
8	با	با	با	با	Pr
9	او	او|او	او|او	او|او	N5|Ab
10	بوده	بود|بود|بود	بود|بود|بود	بود+ه|بود+ه|بود+ه	O+O|N1+O|V3+O
11	!	!	!	!	Si

0	دیگر	دیگر|دیگر|دی	دیگر|دیگر|دی	دیگر|دیگر|دی+گر	Ad|A2|N1+O
1	ساعت	ساعت	ساعت	ساعت	N1
2	۱۰	۱۰	۱۰	۱۰	No
3	شده‌بود	شد	شد	شد+ه+بود	V
4	.	.	.	.	Si

0	همه	همه|همه	همه|همه	همه|همه	N1|A2
1	آرام	آرام|آرام	آرام|آرام	آرام|آرام	V|A0
2	شدند	شد	شد	شد+ند	V
3	و	و|و|و	و|و|و	و|و|و	C0|Ab|Al
4	دیگر	دیگر|دیگر|دی	دیگر|دیگر|دی	دیگر|دیگر|دی+گر	Ad|A2|N1+O
5	به	به|به	به|به	به|به	Pr|N1
6	شدت	شدت|شد	شدت|شد	شدت|شد+ت	N1|V
7	شک‌ها	شک|شک	شک|شک	شک+ها|شک+ها	N1+Pl|N1+Pl
8	برطرف	برطرف	برطرف	برطرف	A0
9	شده بود	شد	شد	شد+ه+بود	V
10	و	و|و|و	و|و|و	و|و|و	C0|Ab|Al
11	برایشان	برای|برا	برای|برا	برای+شان|برا+ی+شان	Pr+N|A0+N
12	بسیار	بسیار|بسیار|سیار|بس	بسیار|بسیار|سیار|بس	بسیار|بسیار|ب+سیار|بس+یار	A0|Ad|O+A0|A0+O
13	تعجب‌آور	تعجب‌آور	تعجب‌آور	تعجب‌آور	A0
14	بود	بود|بود|بود|بو	بود|بود|بود|بو	بود|بود|بود|بو+د	V|N1|V|V
15	... _	... _	... _	... _	Si

0	همه	همه|همه	همه|همه	همه|همه	N1|A2
1	با	با	با	با	Pr
2	کنجکاوی	کنجکاوی|کنجکاو	کنجکاوی|کنجکاو	کنجکاوی|کنجکاو+ی	N1|A0+Y
3	به	به|به	به|به	به|به	Pr|N1
4	تخته	تخته|تخت	تخته|تخت	تخته|تخت+ه	N1|N1+O
5	نگاه	نگاه	نگاه	نگاه	N1
6	می‌کردند	کرد	کرد	می+کرد+ند	V
7	و	و|و|و	و|و|و	و|و|و	C0|Ab|Al
8	مشتاقانه	مشتاقانه|مشتاق	مشتاقانه|مشتاق	مشتاقانه|مشتاق+انه	Ad|A0+Pl
9	حرکت	حرکت|حر	حرکت|حر	حرکت|حر+ک+ت	N1|A0+O+N
10	گچ	گچ	گچ	گچ	N1
11	روی	روی|روی|رو|رو|رو	روی|روی|رو|رو|رو	روی|روی|رو+ی|رو+ی|رو+ی	Pr1|N1|N1+Y|V|V
12	آن	آن|آن	آن|آن	آن|آن	A1|N6
13	را	را	را	را	Po
14	دنبال	دنبال|دنبال	دنبال|دنبال	دنبال|دنبال	N1|N9
15	،	،	،	،	Si
16	تا	تا|تا|تا	تا|تا|تا	تا|تا|تا	Pr|C0|Ab
17	راه‌حل	راه‌حل	راه‌حل	راه‌حل	N1
18	را	را	را	را	Po
19	ببینند	بین|بین	بین|بین	ب+بین+ند|ب+بین+ند	V|O+A0+V
20	که	که|که|که|که	که|که|که|که	که|که|که|که	C0|NA|N1|N1
21	ناگهان	ناگهان|ناگه|گه|گه	ناگهان|ناگه|گه|گه	ناگهان|ناگه+ان|نا+گه+ان|نا+گه+ان	Ad|Ad+Pl|Neg+Ad+Pl|Neg+N1+Pl
22	در	در|در|در|در|در	در|در|در|در|در	در|در|در|در|در	Pr|V|N1|N1|VPr
23	ساعت	ساعت	ساعت	ساعت	N1
24	۱۰:۱۵	۱۰:۱۵	۱۰:۱۵	۱۰:۱۵	O
25	زنگ	زنگ	زنگ	زنگ	N1
26	خورد	خورد|خورد|خور	خورد|خورد|خور	خورد|خورد|خور+د	V|N1|V
27	که	که|که|که|که	که|که|که|که	که|که|که|که	C0|NA|N1|N1
28	همه	همه|همه	همه|همه	همه|همه	N1|A2
29	را	را	را	را	Po
30	به	به|به	به|به	به|به	Pr|N1
31	دلیل	دلیل	دلیل	دلیل	N1
32	این	این|این	این|این	این|این	A1|N6
33	یک	یک	یک	یک	No
34	ربع	ربع	ربع	ربع	N1
35	زودتر	زود	زود	زود+تر	A0+A
36	زنگ	زنگ	زنگ	زنگ	N1
37	خوردن	خورد|خور	خورد|خور	خورد+ن|خور+د+ن	V2+Neg|V1+O+Neg
38	تعجب‌زده	تعجب‌زده	تعجب‌زده	تعجب‌زده	A0
39	کرد	کرد|کرد	کرد|کرد	کرد|کرد	V|N1
40	!	!	!	!	Si

0	معلم	معلم|معلم	معلم|معلم	معلم|معلم	N4|N1
1	به	به|به	به|به	به|به	Pr|N1
2	نماینده	نماینده|نما|نما|نما|نما|نما	نماینده|نما|نما|نما|نما|نما	نماینده|نما+ینده|نما+ینده|نما+ینده|نما+ینده|نما+ینده	N1|V1+O|V1+O|V1+O|N1+O|N1+O
3	گفت	گفت|گفت	گفت|گفت	گفت|گفت	V|N1
4	ایمیل	ایمیل	ایمیل	ایمیل	N1
5	(	(	(	(	Si
6	email	email	email	email	Pl
7	)	)	)	)	Si
8	همه	همه|همه	همه|همه	همه|همه	N1|A2
9	دانش‌آموزان	دانش‌آموز	دانش‌آموز	دانش‌آموز+ان	N1+Pl
10	را	را	را	را	Po
11	بگیرد	گیر	گیر	ب+گیر+د	V
12	تا	تا|تا|تا	تا|تا|تا	تا|تا|تا	Pr|C0|Ab
13	پاسخ	پاسخ	پاسخ	پاسخ	N1
14	را	را	را	را	Po
15	به	به|به	به|به	به|به	Pr|N1
16	آن‌ها	آنها|آنها	آنها|آنها	آنها|آنها	N5|N6
17	میل	میل|میل	میل|میل	میل|میل	N1|N1
18	کند	کند|کن|کن	کند|کن|کن	کند|کن+د|کن+د	A0|V|V
19	.	.	.	.	Si

1	ایمیل‌های	ایمیل	ایمیل	ایمیل+ها+ی	N1+Pl+Y
2	جالبی	جالب	جالب	جالب+ی	A0+Y
3	شنیده	شنیده|شنید	شنیده|شنید	شنیده|شنید+ه	N1|O+O
4	می‌شد	شد	شد	می+شد	V
5	،	،	،	،	Si
6	مثل	مثل|مثل|مثل|مثل	مثل|مثل|مثل|مثل	مثل|مثل|مثل|مثل	N1|N1|N1|N9
7	BeFunny@yahoo.com	BeFunny@yahoo.com	BeFunny@yahoo.com	BeFunny@yahoo.com	O
8	،	،	،	،	Si
9	sara_happy_girl@gmail.com	sara_happy_girl@gmail.com	sara_happy_girl@gmail.com	sara_happy_girl@gmail.com	O
10	یا	یا|یا	یا|یا	یا|یا	C0|Intj
11	lonely.girl@gamil.com	lonely.girl@gamil.com	lonely.girl@gamil.com	lonely.girl@gamil.com	O
12	و	و|و|و	و|و|و	و|و|و	C0|Ab|Al
13	…	…	…	…	N
14	که	که|که|که|که	که|که|که|که	که|که|که|که	C0|NA|N1|N1
15	تا	تا|تا|تا	تا|تا|تا	تا|تا|تا	Pr|C0|Ab
16	حدودی	حدود	حدود	حدود+ی	N1+Y
17	از	از	از	از	Pr
18	روی	روی|روی|رو|رو|رو	روی|روی|رو|رو|رو	روی|روی|رو+ی|رو+ی|رو+ی	Pr1|N1|N1+Y|V|V
19	این	این|این	این|این	این|این	A1|N6
20	قبیل	قبیل	قبیل	قبیل	N9
21	آدرس	آدرس	آدرس	آدرس	N1
22	ایمیل‌ها	ایمیل	ایمیل	ایمیل+ها	N1+Pl
23	می‌توان	توان	توان	می+توان	O+V4
24	به	به|به	به|به	به|به	Pr|N1
25	حال	حال	حال	حال	N1
26	درونی	درونی|درون|در|در	درونی|درون|در|در	درونی|درون+ی|در+ون+ی|در+ون+ی	A0|N1+Y|N1+Pl+Y|N1+Pl+Y
27	صاحب	صاحب	صاحب	صاحب	N1
28	email	email	email	email	Pl
29	پی	پی|پی|پی	پی|پی|پی	پی|پی|پی	N1|Ab|N9
30	برد	برد|برد|بر|بر|رد	برد|برد|بر|بر|رد	برد|برد|بر+د|بر+د|ب+رد	V|N1|V|V|O+A0
31	..	..	..	..	Si

0	الگوریتم‌های	الگوریتم	الگوریتم	الگوریتم	N
1	مختلفی	مختلف	مختلف	مختلف+ی	A0+Y
2	وجود	وجود|وجود	وجود|وجود	وجود|وجود	N1|N9
3	دارد	دار|دار	دار|دار	دار+د|دار+د	V|V5+O
4	برای	برای	برای	برای	Pr
5	کلاس‌بندی	کلاس‌بندی	کلاس‌بندی	کلاس‌بندی	N1
6	کردن	کرد	کرد	کرد+ن	V2+Neg
7	داده‌ها	داده|داد|داد	داده|داد|داد	داده+ها|داد+ه+ها|داد+ه+ها	N1+Pl|O+O+Pl|N1+O+Pl
8	(	(	(	(	Si
9	data	data	data	data	Pl
10	)	)	)	)	Si
11	؛	؛	؛	؛	Si
12	مانند	مانند|مانند|مان|مان	مانند|مانند|مان|مان	مانند|مانند|مان+ند|مان+ند	N1|N9|V|N1+V
13	کی.ان.ان	کی.ان.ان	کی.ان.ان	کی.ان.ان	O
14	،	،	،	،	Si
15	اس.وی.ام	اس.وی.ام	اس.وی.ام	اس.وی.ام	O
16	،	،	،	،	Si
17	سی.ان.ان	سی.ان.ان	سی.ان.ان	سی.ان.ان	O
18	و	و|و|و	و|و|و	و|و|و	C0|Ab|Al
19	غیره	غیره|غیر	غیره|غیر	غیره|غیر+ه	N1|A0+O
20	،	،	،	،	Si
21	که	که|که|که|که	که|که|که|که	که|که|که|که	C0|NA|N1|N1
22	برای	برای	برای	برای	Pr
23	هر	هر	هر	هر	A1
24	کاربرد	کاربرد|کار	کاربرد|کار	کاربرد|کار+بر+د	N1|V1+O+O
25	باید	باید	باید	باید	V4
26	بررسی	بررسی|بررس	بررسی|بررس	بررسی|بررس+ی	N1|N1+Y
27	کنیم	کن|کن|کن|کن|کن	کن|کن|کن|کن|کن	کن+یم|کن+یم|کن+ی+م|کن+ی+م|کن+یم	V|V|V|V|N2+V
28	ببینیم	بین|بین|بین	بین|بین|بین	ب+بین+یم|ب+بین+ی+م|ب+بین+یم	V|V|O+A0+V
29	کدامیک	کدامیک	کدامیک	کدامیک	NA
30	برای	برای	برای	برای	Pr
31	کارمان	کار|کار	کار|کار	کار+مان|کار+مان	N1+N|V
32	دقت	دقت|دق	دقت|دق	دقت|دق+ت	N1|N1+N
33	(	(	(	(	Si
34	accuracy	accuracy	accuracy	accuracy	Pl
35	)	)	)	)	Si
36	بالاتری	بالا	بالا	بالا+تر+ی	A0+A+Y
37	دارد	دار|دار	دار|دار	دار+د|دار+د	V|V5+O
38	.	.	.	.	Si

0	گاهی	گاهی|گاه	گاهی|گاه	گاهی|گاه+ی	Ad|Ad+Y
1	بیش‌	بیش	بیش	بیش	A0
2	از	از	از	از	Pr
3	۰.۵	۰.۵	۰.۵	۰.۵	O
4	درصد	درصد	درصد	درصد	N1
5	از	از	از	از	Pr
6	وقت‌های	وقت	وقت	وقت+ها+ی	N1+Pl+Y
7	روزمره	روزمره	روزمره	روزمره	A0
8	ما	ما	ما	ما	N5
9	صرف	صرف|صرف|صرف|صرف	صرف|صرف|صرف|صرف	صرف|صرف|صرف|صرف	V|N1|A0|N9
10	اتفاقاتی	اتفاق	اتفاق	اتفاق+ات+ی	N1+Pl+Y
11	می‌شود	شو|شو	شو|شو	می+شو+د|می+شو+د	V|V
12	که	که|که|که|که	که|که|که|که	که|که|که|که	C0|NA|N1|N1
13	هنوز	هنوز	هنوز	هنوز	Ad
14	رخ	رخ|رخ	رخ|رخ	رخ|رخ	N1|N1
15	نداده‌اند	نداده|داد	نداده|داد	نداده+اند|ن+داد+ه+اند	A0+V|V
16	و	و|و|و	و|و|و	و|و|و	C0|Ab|Al
17	ممکن	ممکن	ممکن	ممکن	A0
18	است	است|اس	است|اس	است|اس+ت	V|N1+N
19	هیچوقت	هیچوقت	هیچوقت	هیچوقت	Ad
20	هم	هم|هم|هم	هم|هم|هم	هم|هم|هم	Ad|C0|N
21	رخ	رخ|رخ	رخ|رخ	رخ|رخ	N1|N1
22	ندهند	ده	ده	ن+ده+ند	V
23	!	!	!	!	Si
24	!	!	!	!	Si

0	یا	یا|یا	یا|یا	یا|یا	C0|Intj
1	درمقابل	درمقابل	درمقابل	درمقابل	Pr1
2	مرور	مرور	مرور	مرور	N1
3	اتفاقاتی	اتفاق	اتفاق	اتفاق+ات+ی	N1+Pl+Y
4	که	که|که|که|که	که|که|که|که	که|که|که|که	C0|NA|N1|N1
5	پیشامده	پیشامد|امد	پیشامد|امد	پیشامد+ه|پیش+امد+ه	N1+O|O+N1+O
6	و	و|و|و	و|و|و	و|و|و	C0|Ab|Al
7	تمام	تمام|تمام	تمام|تمام	تمام|تمام	A0|N9
8	شده	شد	شد	شد+ه	V3+O
9	!	!	!	!	Si
10	!	!	!	!	Si

0	که	که|که|که|که	که|که|که|که	که|که|که|که	C0|NA|N1|N1
1	این‌ها	اینها	اینها	اینها	N6
2	شاید	شاید|شاید|شا	شاید|شاید|شا	شاید|شاید|شا+ی+د	V|Ad|V
3	حتی	حتی	حتی	حتی	Ad
4	آنقدر	آنقدر	آنقدر	آنقدر	Ad
5	مهم	مهم|مه|مه|مه|مه	مهم|مه|مه|مه|مه	مهم|مه+م|مه+م|مه+م|مه+م	A0|N1+N|N1+V|N1+N|N1+V
6	هم	هم|هم|هم	هم|هم|هم	هم|هم|هم	Ad|C0|N
7	نباشند	باش|باش	باش|باش	ن+باش+ند|ن+باش+ند	V|Neg+V5+V
8	!	!	!	!	Si
9	!	!	!	!	Si

0	یعنی	یعنی	یعنی	یعنی	C0
1	اصلا	اصلاً	اصلاً	اصلاً	Ad
2	مهم	مهم|مه|مه|مه|مه	مهم|مه|مه|مه|مه	مهم|مه+م|مه+م|مه+م|مه+م	A0|N1+N|N1+V|N1+N|N1+V
3	نباشند	باش|باش	باش|باش	ن+باش+ند|ن+باش+ند	V|Neg+V5+V
4	!	!	!	!	Si

0	مثل	مثل|مثل|مثل|مثل	مثل|مثل|مثل|مثل	مثل|مثل|مثل|مثل	N1|N1|N1|N9
1	فکر	فکر	فکر	فکر	N1
2	کردن	کرد	کرد	کرد+ن	V2+Neg
3	به	به|به	به|به	به|به	Pr|N1
4	اینکه	اینکه	اینکه	اینکه	Ad
5	فلان	فلان	فلان	فلان	A2
6	شخص	شخص	شخص	شخص	N1
7	اگر	اگر	اگر	اگر	C0
8	ما	ما	ما	ما	N5
9	فلان	فلان	فلان	فلان	A2
10	کار	کار|کار	کار|کار	کار|کار	N1|V
11	را	را	را	را	Po
12	که	که|که|که|که	که|که|که|که	که|که|که|که	C0|NA|N1|N1
13	به	به|به	به|به	به|به	Pr|N1
14	نظرمان	نظر	نظر	نظر+مان	N1+N
15	درست	درست|درس	درست|درس	درست|درس+ت	A0|N1+N
16	است	است|اس	است|اس	است|اس+ت	V|N1+N
17	را	را	را	را	Po
18	انجام	انجام|انجام	انجام|انجام	انجام|انجام	N1|V
19	دهیم	ده|ده|ده	ده|ده|ده	ده+یم|ده+ی+م|ده+یم	V|V|N1+V
20	،	،	،	،	Si
21	درمورد	درمورد	درمورد	درمورد	Pr1
22	ما	ما	ما	ما	N5
23	چه	چه|چه|چه	چه|چه|چه	چه|چه|چه	NA|C0|A0
24	فکری	فکری|فکر	فکری|فکر	فکری|فکر+ی	A0|N1+Y
25	می‌کند	کن|کن|می|می	کن|کن|می|می	می+کن+د|می+کن+د|می+ک+ند|می+ک+ند	V|V|N1+O+V|N1+O+V
26	!	!	!	!	Si
27	!	!	!	!	Si

0	چه‌بسا	چه‌بسا	چه‌بسا	چه‌بسا	Ad
1	اصلا	اصلاً	اصلاً	اصلاً	Ad
2	فلان	فلان	فلان	فلان	A2
3	شخص	شخص	شخص	شخص	N1
4	به	به|به	به|به	به|به	Pr|N1
5	ذهنش	ذهن	ذهن	ذهن+ش	N1+N
6	همچنین	همچنین	همچنین	همچنین	Ad
7	فکری	فکری|فکر	فکری|فکر	فکری|فکر+ی	A0|N1+Y
8	خطور	خطور	خطور	خطور	N1
9	نکند	کن|کن|نک	کن|کن|نک	ن+کن+د|ن+کن+د|نک+ند	V|V|N1+V
10	!	!	!	!	Si

0	یا	یا|یا	یا|یا	یا|یا	C0|Intj
1	مثلا	مثلاً	مثلاً	مثلاً	Ad
2	فکر	فکر	فکر	فکر	N1
3	کردن	کرد	کرد	کرد+ن	V2+Neg
4	به	به|به	به|به	به|به	Pr|N1
5	اینکه	اینکه	اینکه	اینکه	Ad
6	اگر	اگر	اگر	اگر	C0
7	فلان	فلان	فلان	فلان	A2
8	چیز	چیز	چیز	چیز	N1
9	گفته	گفته|گفت|گفت	گفته|گفت|گفت	گفته|گفت+ه|گفت+ه	A0|O+O|N1+O
10	شود	شو|شو	شو|شو	شو+د|شو+د	V|V
11	ممکن	ممکن	ممکن	ممکن	A0
12	است	است|اس	است|اس	است|اس+ت	V|N1+N
13	چه	چه|چه|چه	چه|چه|چه	چه|چه|چه	NA|C0|A0
14	اتفاقی	اتفاقی|اتفاق	اتفاقی|اتفاق	اتفاقی|اتفاق+ی	A0|N1+Y
15	بیفتد	افت	افت	بی+افت+د	V
16	یا	یا|یا	یا|یا	یا|یا	C0|Intj
17	بقیه	بقیه|بقیه|قیه|بق|قی	بقیه|بقیه|قیه|بق|قی	بقیه|بقیه|ب+قیه|بق+یه|ب+قی+ه	A0|N1|O+N1|N1+O|O+N1+O
18	چه	چه|چه|چه	چه|چه|چه	چه|چه|چه	NA|C0|A0
19	بگویند	گو	گو	ب+گو+یند	V
20	!	!	!	!	Si
21	!	!	!	!	Si

0	یا	یا|یا	یا|یا	یا|یا	C0|Intj
1	مثلا	مثلاً	مثلاً	مثلاً	Ad
2	من	من	من	من	N5
3	که	که|که|که|که	که|که|که|که	که|که|که|که	C0|NA|N1|N1
4	فلان	فلان	فلان	فلان	A2
5	کار	کار|کار	کار|کار	کار|کار	N1|V
6	را	را	را	را	Po
7	کردم	کرد|کرد|کرد	کرد|کرد|کرد	کرد+م|کرد+م|کرد+م	V|N1+N|N1+V
8	آیا	آیا	آیا	آیا	NA
9	بهمان	بهمان	بهمان	بهمان	A2
10	شخص	شخص	شخص	شخص	N1
11	از	از	از	از	Pr
12	من	من	من	من	N5
13	ناراحت	ناراحت|راحت	ناراحت|راحت	ناراحت|نا+راحت	A0|Neg+A0
14	شده‌	شد	شد	شد+ه	V3+O
15	یا	یا|یا	یا|یا	یا|یا	C0|Intj
16	نه	نه|نه|نه	نه|نه|نه	نه|نه|نه	No|V|N1
17	؟	؟	؟	؟	Si

0	گاهی	گاهی|گاه	گاهی|گاه	گاهی|گاه+ی	Ad|Ad+Y
1	با	با	با	با	Pr
2	یکبار	یکبار	یکبار	یکبار	N
3	پرسیدن	پرسید|پرس	پرسید|پرس	پرسید+ن|پرس+ید+ن	V2+Neg|V1+V+Neg
4	از	از	از	از	Pr
5	آن	آن|آن	آن|آن	آن|آن	A1|N6
6	شخص	شخص	شخص	شخص	N1
7	،	،	،	،	Si
8	یا	یا|یا	یا|یا	یا|یا	C0|Intj
9	با	با	با	با	Pr
10	صحبت	صحبت	صحبت	صحبت	N1
11	کردن	کرد	کرد	کرد+ن	V2+Neg
12	با	با	با	با	Pr
13	یک	یک	یک	یک	No
14	فرد	فرد	فرد	فرد	N1
15	که	که|که|که|که	که|که|که|که	که|که|که|که	C0|NA|N1|N1
16	مطمینیم	مطمین	مطمین	N	***HAZM***
17	ما	ما	ما	ما	N5
18	را	را	را	را	Po
19	دوست	دوست|دو	دوست|دو	دوست|دو+ست	N1|N1+N
20	دارد	دار|دار	دار|دار	دار+د|دار+د	V|V5+O
21	و	و|و|و	و|و|و	و|و|و	C0|Ab|Al
22	همچنین	همچنین	همچنین	همچنین	Ad
23	از	از	از	از	Pr
24	دیدگاهمان	دیدگاه|دید|دید	دیدگاه|دید|دید	دیدگاه+مان|دید+گاه+مان|دید+گاه+مان	N1+N|V|N1+O+N
25	آگاه	آگاه|آگاه	آگاه|آگاه	آگاه|آگاه	V|A0
26	و	و|و|و	و|و|و	و|و|و	C0|Ab|Al
27	فهمیده	فهمیده|فهمید	فهمیده|فهمید	فهمیده|فهمید+ه	A0|O+O
28	است	است|اس	است|اس	است|اس+ت	V|N1+N
29	،	،	،	،	Si
30	می‌توان	توان	توان	می+توان	O+V4
31	خیلی	خیلی|خیلی|خیل	خیلی|خیلی|خیل	خیلی|خیلی|خیل+ی	A0|Ad|N1+Y
32	از	از	از	از	Pr
33	آشفتگی‌های	آشفتگی|آشفته|آشفت	آشفتگی|آشفته|آشفت	آشفتگی+ها+ی|آشفته+گی+ها+ی|آشفت+ه+گی+ها+ی	N1+Pl+Y|A0+O+Pl+Y|O+O+O+Pl+Y
34	فکری	فکری|فکر	فکری|فکر	فکری|فکر+ی	A0|N1+Y
35	و	و|و|و	و|و|و	و|و|و	C0|Ab|Al
36	بسیاری	بسیاری	بسیاری	بسیاری	A2
37	موارد	مورد|مورد	مورد|مورد	مورد|مورد	N|N
38	که	که|که|که|که	که|که|که|که	که|که|که|که	C0|NA|N1|N1
39	فکر	فکر	فکر	فکر	N1
40	ما	ما	ما	ما	N5
41	را	را	را	را	Po
42	مشوش	مشوش|مش|مش	مشوش|مش|مش	مشوش|مش+وش|مش+وش	N1|N1+O|N1+O
43	می	می|می	می|می	می|می	N1|N1
44	کند	کند|کن|کن	کند|کن|کن	کند|کن+د|کن+د	A0|V|V
45	رها	رها|رها	رها|رها	رها|رها	V|A0
46	شد	شد	شد	شد	V
47	؛	؛	؛	؛	Si
48	خیلی	خیلی|خیلی|خیل	خیلی|خیلی|خیل	خیلی|خیلی|خیل+ی	A0|Ad|N1+Y
49	از	از	از	از	Pr
50	مسایل	مسئله	مسئله	مسئله	N
51	را	را	را	را	Po
52	می‌توان	توان	توان	می+توان	O+V4
53	حل	حل	حل	حل	N1
54	کرد	کرد|کرد	کرد|کرد	کرد|کرد	V|N1
55	و	و|و|و	و|و|و	و|و|و	C0|Ab|Al
56	به	به|به	به|به	به|به	Pr|N1
57	دنبال	دنبال|دنبال	دنبال|دنبال	دنبال|دنبال	N1|N9
58	آن	آن|آن	آن|آن	آن|آن	A1|N6
59	می‌توانیم	توان|توان|توان	توان|توان|توان	می+توان+یم|می+توان+یم|می+توان+ی+م	O+V4+V|V|V
60	از	از	از	از	Pr
61	وقتمان	وقت	وقت	وقت+مان	N1+N
62	مفیدتر	مفید	مفید	مفید+تر	A0+A
63	استفاده	استفاده	استفاده	استفاده	N1
64	کنیم	کن|کن|کن|کن|کن	کن|کن|کن|کن|کن	کن+یم|کن+یم|کن+ی+م|کن+ی+م|کن+یم	V|V|V|V|N2+V
65	و	و|و|و	و|و|و	و|و|و	C0|Ab|Al
66	شادتر	شاد	شاد	شاد+تر	A0+A
67	به	به|به	به|به	به|به	Pr|N1
68	زیستن	زیست	زیست	زیست+ن	V2+Neg
69	خود	خود|خود	خود|خود	خود|خود	N|N1
70	ادامه	ادامه	ادامه	ادامه	N1
71	دهیم	ده|ده|ده	ده|ده|ده	ده+یم|ده+ی+م|ده+یم	V|V|N1+V
72	!	!	!	!	Si
73	!	!	!	!	Si

0	در	در|در|در|در|در	در|در|در|در|در	در|در|در|در|در	Pr|V|N1|N1|VPr
1	پاره‌ای	پاره‌ای|پاره	پاره‌ای|پاره	پاره‌ای|پاره+ای	A0|A0+O
2	از	از	از	از	Pr
3	مسایل	مسئله	مسئله	مسئله	N
4	،	،	،	،	Si
5	مشکل	مشکل	مشکل	مشکل	N1
6	زمانی	زمانی|زمان|زم	زمانی|زمان|زم	زمانی|زمان+ی|زم+ان+ی	A0|N1+Y|N1+Pl+Y
7	رخ	رخ|رخ	رخ|رخ	رخ|رخ	N1|N1
8	می‌دهد	ده	ده	می+ده+د	V
9	که	که|که|که|که	که|که|که|که	که|که|که|که	C0|NA|N1|N1
10	فعل‌های	فعل	فعل	فعل+ها+ی	N1+Pl+Y
11	مرکب	مرکب|مرکب	مرکب|مرکب	مرکب|مرکب	A0|N1
12	وارد	وارد	وارد	وارد	N1
13	کار	کار|کار	کار|کار	کار|کار	N1|V
14	می‌شوند	شو|شو	شو|شو	می+شو+ند|می+شو+ند	V|V
15	.	.	.	.	Si

0	باید	باید	باید	باید	V4
1	با	با	با	با	Pr
2	آن‌ها	آنها|آنها	آنها|آنها	آنها|آنها	N5|N6
3	چه‌طور	چه‌طور	چه‌طور	چه‌طور	Ad
4	برخورد	برخورد|برخورد|برخور	برخورد|برخورد|برخور	برخورد|برخورد|برخور+د	V|N1|V
5	کرد	کرد|کرد	کرد|کرد	کرد|کرد	V|N1
6	؟	؟	؟	؟	Si
7	؟	؟	؟	؟	Si

0	فعل‌هایی	فعل	فعل	فعل+ها+یی	N1+Pl+O
1	مانند	مانند|مانند|مان|مان	مانند|مانند|مان|مان	مانند|مانند|مان+ند|مان+ند	N1|N9|V|N1+V
2	:	:	:	:	Si

0	«	«	«	«	Si
1	نگاه	نگاه	نگاه	نگاه	N1
2	کردن	کرد	کرد	کرد+ن	V2+Neg
3	،	،	،	،	Si
4	صدا	صدا	صدا	صدا	N1
5	زدن	زد	زد	زد+ن	V2+Neg
6	،	،	،	،	Si
7	مشوش	مشوش|مش|مش	مشوش|مش|مش	مشوش|مش+وش|مش+وش	N1|N1+O|N1+O
8	شدن	شد	شد	شد+ن	V3+Neg
9	و	و|و|و	و|و|و	و|و|و	C0|Ab|Al
10	…	…	…	…	N
11	»	»	»	»	Si
12	.	.	.	.	Si

0	در	در|در|در|در|در	در|در|در|در|در	در|در|در|در|در	Pr|V|N1|N1|VPr
1	۹	۹	۹	۹	No
2	خرداد	خرداد	خرداد	خرداد	N1
3	نود	نود	نود	نود	No
4	و	و|و|و	و|و|و	و|و|و	C0|Ab|Al
5	هفت	هفت	هفت	هفت	No
6	(	(	(	(	Si
7	۱۳۹۷.۳.۹	۱۳۹۷.۳.۹	۱۳۹۷.۳.۹	۱۳۹۷.۳.۹	O
8	)	)	)	)	Si
9	،	،	،	،	Si
10	در	در|در|در|در|در	در|در|در|در|در	در|در|در|در|در	Pr|V|N1|N1|VPr
11	وبلاگی	وبلاگ	وبلاگ	N	***HAZM***
12	نوشته‌بودند	نوشت	نوشت	نوشت+ه+بود+ند	V
13	:	:	:	:	Si

0	«	«	«	«	Si
1	به	به|به	به|به	به|به	Pr|N1
2	کلمه‌ی	کلمه|کلم	کلمه|کلم	کلمه+ی|کلم+ه+ی	N1+Y|N1+O+Y
3	دوم	دوم|دو|دو|دو|دو	دوم|دو|دو|دو|دو	دوم|دو+م|دو+م|دو+م|دو+م	A0|V|V|N1+N|N1+V
4	در	در|در|در|در|در	در|در|در|در|در	در|در|در|در|در	Pr|V|N1|N1|VPr
5	فعل	فعل|فعل	فعل|فعل	فعل|فعل	V|N1
6	مرکب	مرکب|مرکب	مرکب|مرکب	مرکب|مرکب	A0|N1
7	»	»	»	»	Si
8	همکرد	همکرد	همکرد	همکرد	N1
9	«	«	«	«	Si
10	می‌گویند	گو	گو	می+گو+یند	V
11	.	.	.	.	Si

0	مثلا	مثلاً	مثلاً	مثلاً	Ad
1	»	»	»	»	Si
2	کردن	کرد	کرد	کرد+ن	V2+Neg
3	«	«	«	«	Si
4	در	در|در|در|در|در	در|در|در|در|در	در|در|در|در|در	Pr|V|N1|N1|VPr
5	»	»	»	»	Si
6	کار	کار|کار	کار|کار	کار|کار	N1|V
7	کردن	کرد	کرد	کرد+ن	V2+Neg
8	«	«	«	«	Si
9	و	و|و|و	و|و|و	و|و|و	C0|Ab|Al
10	»	»	»	»	Si
11	دادن	داد	داد	داد+ن	V2+Neg
12	«	«	«	«	Si
13	در	در|در|در|در|در	در|در|در|در|در	در|در|در|در|در	Pr|V|N1|N1|VPr
14	»	»	»	»	Si
15	دستور	دستور|دست	دستور|دست	دستور|دست+ور	N1|N1+O
16	دادن	داد	داد	داد+ن	V2+Neg
17	«	«	«	«	Si
18	و	و|و|و	و|و|و	و|و|و	C0|Ab|Al
19	»	»	»	»	Si
20	زدن	زد	زد	زد+ن	V2+Neg
21	«	«	«	«	Si
22	در	در|در|در|در|در	در|در|در|در|در	در|در|در|در|در	Pr|V|N1|N1|VPr
23	»	»	»	»	Si
24	دست	دست|دست	دست|دست	دست|دست	N1|N9
25	زدن	زد	زد	زد+ن	V2+Neg
26	«	«	«	«	Si
27	و	و|و|و	و|و|و	و|و|و	C0|Ab|Al
28	»	»	»	»	Si
29	نمودن	نمود	نمود	نمود+ن	V2+Neg
30	«	«	«	«	Si
31	در	در|در|در|در|در	در|در|در|در|در	در|در|در|در|در	Pr|V|N1|N1|VPr
32	»	»	»	»	Si
33	صاف	صاف|صاف	صاف|صاف	صاف|صاف	V|A0
34	نمودن	نمود	نمود	نمود+ن	V2+Neg
35	«	«	«	«	Si
36	اما	اما	اما	اما	C0
37	فعل‌های	فعل	فعل	فعل+ها+ی	N1+Pl+Y
38	مرکب	مرکب|مرکب	مرکب|مرکب	مرکب|مرکب	A0|N1
39	در	در|در|در|در|در	در|در|در|در|در	در|در|در|در|در	Pr|V|N1|N1|VPr
40	نامه‌های	نامه|نام|نام|مه|مه	نامه|نام|نام|مه|مه	نامه+ها+ی|نام+ه+ها+ی|نام+ه+ها+ی|نا+مه+ها+ی|نا+مه+ها+ی	N1+Pl+Y|N1+O+Pl+Y|V1+O+Pl+Y|Neg+N1+Pl+Y|Neg+N1+Pl+Y
41	رسمی	رسمی|رسم	رسمی|رسم	رسمی|رسم+ی	A0|N1+Y
42	و	و|و|و	و|و|و	و|و|و	C0|Ab|Al
43	اداری	اداری	اداری	اداری	A0
44	و	و|و|و	و|و|و	و|و|و	C0|Ab|Al
45	شبه‌رسمی	شبه‌رسم	شبه‌رسم	N	***HAZM***
46	،	،	،	،	Si
47	ظاهرا	ظاهراً	ظاهراً	ظاهراً	Ad
48	به	به|به	به|به	به|به	Pr|N1
49	دلیل	دلیل	دلیل	دلیل	N1
50	زیاده‌روی	زیاده‌روی	زیاده‌روی	زیاده‌روی	N1
51	در	در|در|در|در|در	در|در|در|در|در	در|در|در|در|در	Pr|V|N1|N1|VPr
52	رسمی	رسمی|رسم	رسمی|رسم	رسمی|رسم+ی	A0|N1+Y
53	نوشتن	نوشت|نوش	نوشت|نوش	نوشت+ن|نوش+ت+ن	V2+Neg|V1+N+Neg
54	و	و|و|و	و|و|و	و|و|و	C0|Ab|Al
55	تفاخر	تفاخر	تفاخر	تفاخر	N1
56	ادبی	ادبی|ادب	ادبی|ادب	ادبی|ادب+ی	A0|N1+Y
57	و	و|و|و	و|و|و	و|و|و	C0|Ab|Al
58	در	در|در|در|در|در	در|در|در|در|در	در|در|در|در|در	Pr|V|N1|N1|VPr
59	اصل	اصل	اصل	اصل	A0
60	به	به|به	به|به	به|به	Pr|N1
61	دلیل	دلیل	دلیل	دلیل	N1
62	ضعف	ضعف	ضعف	ضعف	N1
63	نگارش	نگارش	نگارش	نگارش	N1
64	و	و|و|و	و|و|و	و|و|و	C0|Ab|Al
65	ناآشنایی	ناآشنایی|ناآشنا|آشنا	ناآشنایی|ناآشنا|آشنا	ناآشنایی|ناآشنا+یی|نا+آشنا+یی	N1|A0+O|Neg+A0+O
66	با	با	با	با	Pr
67	فعل‌ها	فعل	فعل	فعل+ها	N1+Pl
68	،	،	،	،	Si
69	گاهی	گاهی|گاه	گاهی|گاه	گاهی|گاه+ی	Ad|Ad+Y
70	به	به|به	به|به	به|به	Pr|N1
71	شکلی	شکلی|شکل	شکلی|شکل	شکلی|شکل+ی	A0|N1+Y
72	ناجور	ناجور|جور	ناجور|جور	ناجور|نا+جور	A0|Neg+N1
73	باهم	باهم|اهم|باه|باه|اه|اه	باهم|اهم|باه|باه|اه|اه	باهم|ب+اهم|باه+م|باه+م|ب+اه+م|ب+اه+م	Ad|O+A0|N1+N|N1+V|O+N1+N|O+N1+V
74	قاطی	قاطی	قاطی	قاطی	A0
75	می‌شوند	شو|شو	شو|شو	می+شو+ند|می+شو+ند	V|V
76	.	.	.	.	Si

0	یعنی	یعنی	یعنی	یعنی	C0
1	آقا	آقا|آقا	آقا|آقا	آقا|آقا	N1|Sp
2	یا	یا|یا	یا|یا	یا|یا	C0|Intj
3	خانم	خانم|خانم|خان|خان	خانم|خانم|خان|خان	خانم|خانم|خان+م|خان+م	N1|Sp|N1+N|N1+V
4	نگارنده‌ی	نگارنده	نگارنده	نگارنده+ی	A0+Y
5	نامه	نامه|نام|نام	نامه|نام|نام	نامه|نام+ه|نام+ه	N1|N1+O|V1+O
6	یا	یا|یا	یا|یا	یا|یا	C0|Intj
7	اعلان	اعلان	اعلان	اعلان	N1
8	یا	یا|یا	یا|یا	یا|یا	C0|Intj
9	بیانیه	بیانیه|بیانی|بیان	بیانیه|بیانی|بیان	بیانیه|بیانی+ه|بیان+ی+ه	N1|A0+O|N1+Y+O
10	یا	یا|یا	یا|یا	یا|یا	C0|Intj
11	هرچه	هرچه	هرچه	هرچه	Ad
12	،	،	،	،	Si
13	همکرد	همکرد	همکرد	همکرد	N1
14	یک	یک	یک	یک	No
15	فعل	فعل|فعل	فعل|فعل	فعل|فعل	V|N1
16	مرکب	مرکب|مرکب	مرکب|مرکب	مرکب|مرکب	A0|N1
17	را	را	را	را	Po
18	برمی‌دارد	بردار	بردار	می+بردار+د	V
19	و	و|و|و	و|و|و	و|و|و	C0|Ab|Al
20	می‌گذارد	گذارد|گذار	گذارد|گذار	می+گذارد|می+گذار+د	V|V
21	ته	ته|ته	ته|ته	ته|ته	V|Ad
22	دیگری	دیگری	دیگری	دیگری	A2
23	و	و|و|و	و|و|و	و|و|و	C0|Ab|Al
24	واژه‌ی	واژه|واژ	واژه|واژ	واژه+ی|واژ+ه+ی	N1+Y|N1+O+Y
25	دیگر	دیگر|دیگر|دی	دیگر|دیگر|دی	دیگر|دیگر|دی+گر	Ad|A2|N1+O
26	آن	آن|آن	آن|آن	آن|آن	A1|N6
27	یکی	یکی	یکی	یکی	A2
28	فعل	فعل|فعل	فعل|فعل	فعل|فعل	V|N1
29	مرکب	مرکب|مرکب	مرکب|مرکب	مرکب|مرکب	A0|N1
30	را	را	را	را	Po
31	برمی‌دارد	بردار	بردار	می+بردار+د	V
32	و	و|و|و	و|و|و	و|و|و	C0|Ab|Al
33	می‌گذارد	گذارد|گذار	گذارد|گذار	می+گذارد|می+گذار+د	V|V
34	سر	سر|سر|سر|سر|سر	سر|سر|سر|سر|سر	سر|سر|سر|سر|سر	V|N1|N1|N1|N9
35	همکرد	همکرد	همکرد	همکرد	N1
36	دیگری	دیگری	دیگری	دیگری	A2
37	؛	؛	؛	؛	Si
38	یا	یا|یا	یا|یا	یا|یا	C0|Intj
39	اصلا	اصلاً	اصلاً	اصلاً	Ad
40	کل	کل|کل|کل|کل|کل	کل|کل|کل|کل|کل	کل|کل|کل|کل|کل	A0|A0|N1|N1|N1
41	فعل	فعل|فعل	فعل|فعل	فعل|فعل	V|N1
42	مرکب	مرکب|مرکب	مرکب|مرکب	مرکب|مرکب	A0|N1
43	را	را	را	را	Po
44	اشتباهی	اشتباهی|اشتباه	اشتباهی|اشتباه	اشتباهی|اشتباه+ی	Ad|A0+Y
45	به	به|به	به|به	به|به	Pr|N1
46	جای	جای|جا	جای|جا	جای|جا+ی	N1|N1+Y
47	فعلی	فعلی|فعل|فعل	فعلی|فعل|فعل	فعلی|فعل+ی|فعل+ی	A0|V|N1+Y
48	دیگر	دیگر|دیگر|دی	دیگر|دیگر|دی	دیگر|دیگر|دی+گر	Ad|A2|N1+O
49	به	به|به	به|به	به|به	Pr|N1
50	کار	کار|کار	کار|کار	کار|کار	N1|V
51	می‌برد	برد	برد	می+برد	V
52	»	»	»	»	Si
53	.	.	.	.	Si

0	معمولا	معمولاً	معمولاً	معمولاً	Ad
1	سیستم	سیستم	سیستم	سیستم	N1
2	مشخصی	مشخص	مشخص	مشخص+ی	A0+Y
3	در	در|در|در|در|در	در|در|در|در|در	در|در|در|در|در	Pr|V|N1|N1|VPr
4	نوشتن	نوشت|نوش	نوشت|نوش	نوشت+ن|نوش+ت+ن	V2+Neg|V1+N+Neg
5	تاریخ	تاریخ	تاریخ	تاریخ	N1
6	وجود	وجود|وجود	وجود|وجود	وجود|وجود	N1|N9
7	ندارد	دار|دار	دار|دار	ن+دار+د|ن+دار+د	V|Neg+V5+O
8	!	!	!	!	Si

0	مثلا	مثلاً	مثلاً	مثلاً	Ad
1	همه	همه|همه	همه|همه	همه|همه	N1|A2
2	این	این|این	این|این	این|این	A1|N6
3	مثال‌ها	مثال	مثال	مثال+ها	N1+Pl
4	به	به|به	به|به	به|به	Pr|N1
5	یک	یک	یک	یک	No
6	تاریخ	تاریخ	تاریخ	تاریخ	N1
7	(	(	(	(	Si
8	date	date	date	date	Pl
9	)	)	)	)	Si
10	اشاره	اشاره	اشاره	اشاره	N1
11	می‌کنند	کن|کن	کن|کن	می+کن+ند|می+کن+ند	V|V
12	:	:	:	:	Si

0	۹۷.۰۷.۲۰	۹۷.۰۷.۲۰	۹۷.۰۷.۲۰	۹۷.۰۷.۲۰	O
1	،	،	،	،	Si
2	۲۰	۲۰	۲۰	۲۰	No
3	مهر	مهر|مهر|مهر	مهر|مهر|مهر	مهر|مهر|مهر	N1|N1|N1
4	نود	نود	نود	نود	No
5	و	و|و|و	و|و|و	و|و|و	C0|Ab|Al
6	هفت	هفت	هفت	هفت	No
7	،	،	،	،	Si
8	بیستم	بیست|بیست|ستم|ست|ست	بیست|بیست|ستم|ست|ست	بیست+م|بیست+م|بی+ستم|بی+ست+م|بی+ست+م	No+N|No+V|O+N1|O+N1+N|O+N1+V
9	مهرماه	مهرماه	مهرماه	مهرماه	N1
10	۹۷	۹۷	۹۷	۹۷	No
11	یا	یا|یا	یا|یا	یا|یا	C0|Intj
12	بیستم	بیست|بیست|ستم|ست|ست	بیست|بیست|ستم|ست|ست	بیست+م|بیست+م|بی+ستم|بی+ست+م|بی+ست+م	No+N|No+V|O+N1|O+N1+N|O+N1+V
13	مهرماه	مهرماه	مهرماه	مهرماه	N1
14	هزار	هزار|هزار	هزار|هزار	هزار|هزار	No|N1
15	و	و|و|و	و|و|و	و|و|و	C0|Ab|Al
16	سیسصد	سیسصد	سیسصد	N	***HAZM***
17	و	و|و|و	و|و|و	و|و|و	C0|Ab|Al
18	نود	نود	نود	نود	No
19	و	و|و|و	و|و|و	و|و|و	C0|Ab|Al
20	هفت	هفت	هفت	هفت	No
21	!	!	!	!	Si

0	این	این|این	این|این	این|این	A1|N6
1	قبیل	قبیل	قبیل	قبیل	N9
2	فرمت‌ها	فرم	فرم	فرم+ت+ها	N1+O+Pl
3	(	(	(	(	Si
4	formats	formats	formats	formats	Pl
5	)	)	)	)	Si
6	در	در|در|در|در|در	در|در|در|در|در	در|در|در|در|در	Pr|V|N1|N1|VPr
7	پاره‌ای	پاره‌ای|پاره	پاره‌ای|پاره	پاره‌ای|پاره+ای	A0|A0+O
8	از	از	از	از	Pr
9	متن‌ها	متن	متن	متن+ها	N1+Pl
10	،	،	،	،	Si
11	ارزیابی	ارزیابی|ارزیاب	ارزیابی|ارزیاب	ارزیابی|ارزیاب+ی	N1|N1+Y
12	را	را	را	را	Po
13	دچار	دچار	دچار	دچار	Ad
14	مشکل	مشکل	مشکل	مشکل	N1
15	می‌کنند	کن|کن	کن|کن	می+کن+ند|می+کن+ند	V|V
16	!	!	!	!	Si

0	دراین‌صورت	دراین‌صورت	دراین‌صورت	دراین‌صورت	Exp
1	کاری	کاری|کار|کار	کاری|کار|کار	کاری|کار+ی|کار+ی	A0|N1+Y|V
2	که	که|که|که|که	که|که|که|که	که|که|که|که	C0|NA|N1|N1
3	ما	ما	ما	ما	N5
4	به	به|به	به|به	به|به	Pr|N1
5	عنوان	عنوان	عنوان	عنوان	N1
6	یک	یک	یک	یک	No
7	فرد	فرد	فرد	فرد	N1
8	متخصص	متخصص	متخصص	متخصص	A0
9	باید	باید	باید	باید	V4
10	انجام	انجام|انجام	انجام|انجام	انجام|انجام	N1|V
11	دهیم	ده|ده|ده	ده|ده|ده	ده+یم|ده+ی+م|ده+یم	V|V|N1+V
12	،	،	،	،	Si
13	یکگونه‌سازی	یکگونه‌ساز	یکگونه‌ساز	N	***HAZM***
14	این	این|این	این|این	این|این	A1|N6
15	تاریخ‌هاست	تاریخ	تاریخ	تاریخ+ها+ست	N1+Pl+N
16	؛	؛	؛	؛	Si
17	دراین‌صورت	دراین‌صورت	دراین‌صورت	دراین‌صورت	Exp
18	هر	هر	هر	هر	A1
19	زمان‌که	زمان|زم	زمان|زم	زمان+ک+ه|زم+ان+ک+ه	N1+O+O|N1+Pl+O+O
20	هر	هر	هر	هر	A1
21	کدام	کدام	کدام	کدام	NA
22	از	از	از	از	Pr
23	این	این|این	این|این	این|این	A1|N6
24	موارد	مورد|مورد	مورد|مورد	مورد|مورد	N|N
25	بیاید	آی	آی	بی+آی+د	V
26	ما	ما	ما	ما	N5
27	تشخیص	تشخیص	تشخیص	تشخیص	N1
28	می‌دهیم	ده|ده	ده|ده	می+ده+یم|می+ده+ی+م	V|V
29	تاریخ	تاریخ	تاریخ	تاریخ	N1
30	(	(	(	(	Si
31	date	date	date	date	Pl
32	)	)	)	)	Si
33	است	است|اس	است|اس	است|اس+ت	V|N1+N
34	و	و|و|و	و|و|و	و|و|و	C0|Ab|Al
35	آن	آن|آن	آن|آن	آن|آن	A1|N6
36	را	را	را	را	Po
37	به	به|به	به|به	به|به	Pr|N1
38	یک‌شکل	یک‌شکل	یک‌شکل	یک‌شکل	A0
39	در	در|در|در|در|در	در|در|در|در|در	در|در|در|در|در	Pr|V|N1|N1|VPr
40	میاوریم	میاور	میاور	N	***HAZM***
41	،	،	،	،	Si
42	مثلا	مثلاً	مثلاً	مثلاً	Ad
43	همه	همه|همه	همه|همه	همه|همه	N1|A2
44	را	را	را	را	Po
45	به	به|به	به|به	به|به	Pr|N1
46	شکل	شکل	شکل	شکل	N1
47	«	«	«	«	Si
48	بیستم	بیست|بیست|ستم|ست|ست	بیست|بیست|ستم|ست|ست	بیست+م|بیست+م|بی+ستم|بی+ست+م|بی+ست+م	No+N|No+V|O+N1|O+N1+N|O+N1+V
49	مهرماه	مهرماه	مهرماه	مهرماه	N1
50	هزار	هزار|هزار	هزار|هزار	هزار|هزار	No|N1
51	و	و|و|و	و|و|و	و|و|و	C0|Ab|Al
52	سیسصد	سیسصد	سیسصد	سیسصد	N
53	و	و|و|و	و|و|و	و|و|و	C0|Ab|Al
54	نود	نود	نود	نود	No
55	و	و|و|و	و|و|و	و|و|و	C0|Ab|Al
56	هفت	هفت	هفت	هفت	No
57	»	»	»	»	Si
58	یا	یا|یا	یا|یا	یا|یا	C0|Intj
59	«	«	«	«	Si
60	۹۷/۷/۲۰	۹۷/۷/۲۰	۹۷/۷/۲۰	۹۷/۷/۲۰	O
61	»	»	»	»	Si
62	.	.	.	.	Si

0	دراین‌صورت	دراین‌صورت	دراین‌صورت	دراین‌صورت	Exp
1	شاید	شاید|شاید|شا	شاید|شاید|شا	شاید|شاید|شا+ی+د	V|Ad|V
2	شاهد	شاهد	شاهد	شاهد	N1
3	کاهش	کاهش|کاه|کاه	کاهش|کاه|کاه	کاهش|کاه+ش|کاه+ش	N1|V|N1+N
4	بیش‌از	بیش‌از	بیش‌از	بیش‌از	Pr1
5	۱	۱	۱	۱	No
6	.	.	.	.	Si
7	از	از	از	از	Pr
8	مشکلات	مشکل	مشکل	مشکل+ات	N1+Pl
9	در	در|در|در|در|در	در|در|در|در|در	در|در|در|در|در	Pr|V|N1|N1|VPr
10	پردازش	پردازش|پرداز|پرداز	پردازش|پرداز|پرداز	پردازش|پرداز+ش|پرداز+ش	N1|V|N1+N
11	متن	متن	متن	متن	N1
12	شویم	شو|شو|شو	شو|شو|شو	شو+یم|شو+یم|شو+یم	V|V|N1+V
13	!	!	!	!	Si
14	!	!	!	!	Si
15	!	!	!	!	Si

0	از	از	از	از	Pr
1	یک	یک	یک	یک	No
2	دیدگاه	دیدگاه|دید	دیدگاه|دید	دیدگاه|دید+گاه	N1|N1+O
3	می‌گویند	گو	گو	می+گو+یند	V
4	برای	برای	برای	برای	Pr
5	ترقی	ترقی	ترقی	ترقی	N1
6	،	،	،	،	Si
7	پیشرفت	پیشرفت|رفت|رفت|رف	پیشرفت|رفت|رفت|رف	پیشرفت|پیش+رفت|پیش+رفت|پیش+رف+ت	N1|V|V|O+N1+N
8	و	و|و|و	و|و|و	و|و|و	C0|Ab|Al
9	رشد	رشد	رشد	رشد	N1
10	،	،	،	،	Si
11	باید	باید	باید	باید	V4
12	دایما	دایماً	دایماً	دایماً	Ad
13	به	به|به	به|به	به|به	Pr|N1
14	مکان‌های	مکان	مکان	مکان+ها+ی	N1+Pl+Y
15	جدید	جدید|جد|جد	جدید|جد|جد	جدید|جد+ید|جد+ید	A0|N1+V|N1+V
16	رفت	رفت|رفت|رف	رفت|رفت|رف	رفت|رفت|رف+ت	V|V|N1+N
17	و	و|و|و	و|و|و	و|و|و	C0|Ab|Al
18	با	با	با	با	Pr
19	افراد	فرد	فرد	فرد	N
20	جدید	جدید|جد|جد	جدید|جد|جد	جدید|جد+ید|جد+ید	A0|N1+V|N1+V
21	آشنا	آشنا	آشنا	آشنا	A0
22	شد	شد	شد	شد	V
23	؛	؛	؛	؛	Si
24	از	از	از	از	Pr
25	جهاتی	جهات|جه|جه	جهات|جه|جه	جهات+ی|جه+ات+ی|جه+ات+ی	N1+Y|V1+Pl+Y|N1+Pl+Y
26	درست	درست|درس	درست|درس	درست|درس+ت	A0|N1+N
27	است	است|اس	است|اس	است|اس+ت	V|N1+N
28	،	،	،	،	Si
29	مثلا	مثلاً	مثلاً	مثلاً	Ad
30	فرض	فرض	فرض	فرض	N1
31	کنید	کن|کن	کن|کن	کن+ید|کن+ید	V|V
32	شما	شما|شما	شما|شما	شما|شما	N5|N1
33	تا	تا|تا|تا	تا|تا|تا	تا|تا|تا	Pr|C0|Ab
34	سالیان	سالیان|سالی|سال	سالیان|سالی|سال	سالیان|سالی+ان|سال+ی+ان	N1|Ad+Pl|N1+Y+Pl
35	سال	سال	سال	سال	N1
36	فقط	فقط	فقط	فقط	Ad
37	در	در|در|در|در|در	در|در|در|در|در	در|در|در|در|در	Pr|V|N1|N1|VPr
38	خانه	خانه|خان	خانه|خان	خانه|خان+ه	N1|N1+O
39	باشید	باش|باش	باش|باش	باش+ید|باش+ید	V|V5+V
40	و	و|و|و	و|و|و	و|و|و	C0|Ab|Al
41	با	با	با	با	Pr
42	تنها	تنها|تن|تن	تنها|تن|تن	تنها|تن+ها|تن+ها	A0|N1+Pl|N1+Pl
43	کسانی	کسان|کس|کس	کسان|کس|کس	کسان+ی|کس+ان+ی|کس+ان+ی	N1+Y|N1+Pl+Y|N1+Pl+Y
44	که	که|که|که|که	که|که|که|که	که|که|که|که	C0|NA|N1|N1
45	ارتباط	ارتباط	ارتباط	ارتباط	N1
46	برقرار	برقرار	برقرار	برقرار	A0
47	می‌کنید	کن|کن	کن|کن	می+کن+ید|می+کن+ید	V|V
48	خانواده‌تان	خانواده	خانواده	خانواده+تان	N1+N
49	باشد	باش|اشد	باش|اشد	باش+د|ب+اشد	V|O+A0
50	!	!	!	!	Si
51	!	!	!	!	Si
52	!	!	!	!	Si

0	دراین‌صورت	دراین‌صورت	دراین‌صورت	دراین‌صورت	Exp
1	تنها	تنها|تن|تن	تنها|تن|تن	تنها|تن+ها|تن+ها	A0|N1+Pl|N1+Pl
2	طیف	طیف	طیف	طیف	N1
3	اخلاقی	اخلاقی|خلق|خلق	اخلاقی|خلق|خلق	اخلاقی|خلق+ی|خلق+ی	A0|N+Y|N+Y
4	آن‌ها	آنها|آنها	آنها|آنها	آنها|آنها	N5|N6
5	را	را	را	را	Po
6	می‌بینید	بین	بین	می+بین+ید	V
7	،	،	،	،	Si
8	درصورتی‌که	درصورتی‌که	درصورتی‌که	درصورتی‌که	C1
9	شاید	شاید|شاید|شا	شاید|شاید|شا	شاید|شاید|شا+ی+د	V|Ad|V
10	این‌ها	اینها	اینها	اینها	N6
11	کم‌تر	کم	کم	کم+تر	A0+A
12	از	از	از	از	Pr
13	۰.۰۰۱	۰.۰۰۱	۰.۰۰۱	۰.۰۰۱	O
14	جامعه	جامعه|جامع	جامعه|جامع	جامعه|جامع+ه	N1|A0+O
15	باشند	باش|باش	باش|باش	باش+ند|باش+ند	V|V5+V
16	!	!	!	!	Si
17	!	!	!	!	Si

0	با	با	با	با	Pr
1	منش‌های	منش	منش	منش+ها+ی	N1+Pl+Y
2	جدید	جدید|جد|جد	جدید|جد|جد	جدید|جد+ید|جد+ید	A0|N1+V|N1+V
3	و	و|و|و	و|و|و	و|و|و	C0|Ab|Al
4	خلق‌وخوهای	خلق‌وخو	خلق‌وخو	N	***HAZM***
5	متنوعی	متنوع	متنوع	متنوع+ی	A0+Y
6	آشنا	آشنا	آشنا	آشنا	A0
7	نمی‌شوید	شوی|شو|شو	شوی|شو|شو	نمی+شوی+د|نمی+شو+ید|نمی+شو+ید	V|V|V
8	درنتیجه	درنتیجه	درنتیجه	درنتیجه	Ad
9	شاید	شاید|شاید|شا	شاید|شاید|شا	شاید|شاید|شا+ی+د	V|Ad|V
10	فکر	فکر	فکر	فکر	N1
11	کنید	کن|کن	کن|کن	کن+ید|کن+ید	V|V
12	همین	همین|همین	همین|همین	همین|همین	A1|N6
13	گونه	گونه|گون	گونه|گون	گونه|گون+ه	N1|N1+O
14	که	که|که|که|که	که|که|که|که	که|که|که|که	C0|NA|N1|N1
15	هستید	هست|هست	هست|هست	هست+ید|هست+ید	V|N1+V
16	ایده‌آل‌ترین	ایده‌آل	ایده‌آل	N	***HAZM***
17	است	است|اس	است|اس	است|اس+ت	V|N1+N
18	و	و|و|و	و|و|و	و|و|و	C0|Ab|Al
19	همه‌چیز	همه‌چیز	همه‌چیز	همه‌چیز	N
20	خوب	خوب	خوب	خوب	A0
21	است	است|اس	است|اس	است|اس+ت	V|N1+N
22	!	!	!	!	Si
23	!	!	!	!	Si

0	ساعت	ساعت	ساعت	ساعت	N1
1	۸:۲۰	۸:۲۰	۸:۲۰	۸:۲۰	O
2	صبح	صبح	صبح	صبح	N1
3	بود	بود|بود|بود|بو	بود|بود|بود|بو	بود|بود|بود|بو+د	V|N1|V|V
4	؛	؛	؛	؛	Si
5	نغمه‌ی	نغمه	نغمه	نغمه+ی	N1+Y
6	زیبای	زیبا	زیبا	زیبا+ی	A0+Y
7	موسیقی‌ای	موسیقی	موسیقی	موسیقی+ای	N1+O
8	از	از	از	از	Pr
9	پنجره‌ی	پنجره	پنجره	پنجره+ی	N1+Y
10	پشتی	پشتی|پشت	پشتی|پشت	پشتی|پشت+ی	N1|N1+Y
11	میامد	میامد	میامد	N	***HAZM***
12	.	.	.	.	Si

0	برایم	برای|برای	برای|برای	برای+م|برای+م	Pr+N|Pr+V
1	مساله	مسأله	مسأله	مسأله	N1
2	شده‌بود	شد	شد	شد+ه+بود	V
3	که	که|که|که|که	که|که|که|که	که|که|که|که	C0|NA|N1|N1
4	به	به|به	به|به	به|به	Pr|N1
5	این	این|این	این|این	این|این	A1|N6
6	زیبایی	زیبایی|زیبا	زیبایی|زیبا	زیبایی|زیبا+یی	N1|A0+O
7	و	و|و|و	و|و|و	و|و|و	C0|Ab|Al
8	دقت	دقت|دق	دقت|دق	دقت|دق+ت	N1|N1+N
9	،	،	،	،	Si
10	چه	چه|چه|چه	چه|چه|چه	چه|چه|چه	NA|C0|A0
11	کسی	کسی	کسی	کسی	A2
12	سنتور	سنتور|سنت|سنت|سن|سن	سنتور|سنت|سنت|سن|سن	سنتور|سنت+ور|سنت+ور|سن+ت+ور|سن+ت+ور	N1|N1+O|N1+O|N1+N+O|N1+N+O
13	می‌نوازد	نواز	نواز	می+نواز+د	V
14	.	.	.	.	Si

0	ساعت	ساعت	ساعت	ساعت	N1
1	۹:۵۰	۹:۵۰	۹:۵۰	۹:۵۰	O
2	شد	شد	شد	شد	V
3	.	.	.	.	Si

0	همچنان	همچنان|چنان	همچنان|چنان	همچنان|هم+چنان	Ad|O+A0
1	صدای	صدا	صدا	صدا+ی	N1+Y
2	دل‌نواز	دل‌نواز	دل‌نواز	دل‌نواز	A0
3	ساز	ساز|ساز	ساز|ساز	ساز|ساز	V|N1
4	میامد	میامد	میامد	میامد	N
5	.	.	.	.	Si

0	ساعت	ساعت	ساعت	ساعت	N1
1	۱۰:۵۵	۱۰:۵۵	۱۰:۵۵	۱۰:۵۵	O
2	شد	شد	شد	شد	V
3	و	و|و|و	و|و|و	و|و|و	C0|Ab|Al
4	باز	باز|باز|باز|باز|باز	باز|باز|باز|باز|باز	باز|باز|باز|باز|باز	V|A0|VPr|N1|Ad
5	همچنان	همچنان|چنان	همچنان|چنان	همچنان|هم+چنان	Ad|O+A0
6	صدا	صدا	صدا	صدا	N1
7	می‌آمد	آمد	آمد	می+آمد	V
8	.	.	.	.	Si

0	بسیار	بسیار|بسیار|سیار|بس	بسیار|بسیار|سیار|بس	بسیار|بسیار|ب+سیار|بس+یار	A0|Ad|O+A0|A0+O
1	مسلط	مسلط	مسلط	مسلط	A0
2	بود	بود|بود|بود|بو	بود|بود|بود|بو	بود|بود|بود|بو+د	V|N1|V|V
3	.	.	.	.	Si

0	دیگر	دیگر|دیگر|دی	دیگر|دیگر|دی	دیگر|دیگر|دی+گر	Ad|A2|N1+O
1	طاقت	طاقت|طاق	طاقت|طاق	طاقت|طاق+ت	N1|N1+N
2	صبر	صبر	صبر	صبر	N1
3	کردن	کرد	کرد	کرد+ن	V2+Neg
4	نداشتم	داشت	داشت	ن+داشت+م	V
5	!	!	!	!	Si
6	!	!	!	!	Si

0	دل	دل	دل	دل	N1
1	را	را	را	را	Po
2	به	به|به	به|به	به|به	Pr|N1
3	دریا	دریا	دریا	دریا	N1
4	زدم	زد|زد|زد	زد|زد|زد	زد+م|زد+م|زد+م	V|N1+N|N1+V
5	و	و|و|و	و|و|و	و|و|و	C0|Ab|Al
6	رفتم	رفت|رفت	رفت|رفت	رفت+م|رفت+م	V|V
7	در	در|در|در|در|در	در|در|در|در|در	در|در|در|در|در	Pr|V|N1|N1|VPr
8	خانه‌شان	خانه|خان	خانه|خان	خانه+شان|خان+ه+شان	N1+N|N1+O+N
9	؛	؛	؛	؛	Si
10	در	در|در|در|در|در	در|در|در|در|در	در|در|در|در|در	Pr|V|N1|N1|VPr
11	باز	باز|باز|باز|باز|باز	باز|باز|باز|باز|باز	باز|باز|باز|باز|باز	V|A0|VPr|N1|Ad
12	بود	بود|بود|بود|بو	بود|بود|بود|بو	بود|بود|بود|بو+د	V|N1|V|V
13	.	.	.	.	Si

0	خانم	خانم|خانم|خان|خان	خانم|خانم|خان|خان	خانم|خانم|خان+م|خان+م	N1|Sp|N1+N|N1+V
1	میانسالی	میانسالی|میانسال	میانسالی|میانسال	میانسالی|میانسال+ی	N1|A0+Y
2	بادامن	دامن	دامن	با+دامن	O+N1
3	گلداری	گل|گل|گل	گل|گل|گل	گل+دار+ی|گل+دار+ی|گل+دار+ی	N1+O+Y|N1+O+Y|N1+O+Y
4	که	که|که|که|که	که|که|که|که	که|که|که|که	C0|NA|N1|N1
5	رنگ	رنگ|رنگ	رنگ|رنگ	رنگ|رنگ	N1|N1
6	و	و|و|و	و|و|و	و|و|و	C0|Ab|Al
7	لعابش	لعاب	لعاب	لعاب+ش	N1+N
8	هم	هم|هم|هم	هم|هم|هم	هم|هم|هم	Ad|C0|N
9	کمی	کمی|کمی|کم|کم	کمی|کمی|کم|کم	کمی|کمی|کم+ی|کم+ی	A2|A0|A0+Y|N1+Y
10	رفته‌بود	رفت|رفت	رفت|رفت	رفت+ه+بود|رفت+ه+بود	V|V
11	،	،	،	،	Si
12	و	و|و|و	و|و|و	و|و|و	C0|Ab|Al
13	چهره‌ی	چهره	چهره	چهره+ی	N1+Y
14	گنمدم‌گونی	گنمدم‌گون	گنمدم‌گون	N	***HAZM***
15	که	که|که|که|که	که|که|که|که	که|که|که|که	C0|NA|N1|N1
16	سر	سر|سر|سر|سر|سر	سر|سر|سر|سر|سر	سر|سر|سر|سر|سر	V|N1|N1|N1|N9
17	لپ‌هایش	لپ|لپ	لپ|لپ	لپ+ها+ی+ش|لپ+ها+ی+ش	N1+Pl+Y+N|N1+Pl+Y+N
18	نیز	نیز|آز	نیز|آز	نیز|نی+آز	Ad|V
19	گل	گل|گل|گل	گل|گل|گل	گل|گل|گل	N1|N1|N1
20	‌انداخته‌بود	انداخت	انداخت	انداخت+ه+بود	V
21	،	،	،	،	Si
22	طوری	طور	طور	طور+ی	N1+Y
23	با	با	با	با	Pr
24	ذوق	ذوق	ذوق	ذوق	N1
25	و	و|و|و	و|و|و	و|و|و	C0|Ab|Al
26	هیجان	هیجان	هیجان	هیجان	N1
27	بر	بر|بر|بر|بر|بر	بر|بر|بر|بر|بر	بر|بر|بر|بر|بر	Pr|V|V|VPr|N1
28	سیم‌ها	سیم|سیم	سیم|سیم	سیم+ها|سیم+ها	N1+Pl|A0+Pl
29	می‌کوبید	کوبید|کوب	کوبید|کوب	می+کوبید|می+کوب+ید	V|V
30	،	،	،	،	Si
31	که	که|که|که|که	که|که|که|که	که|که|که|که	C0|NA|N1|N1
32	انگار	انگار|انگار	انگار|انگار	انگار|انگار	V|N1
33	بار	بار|بار	بار|بار	بار|بار	V|N1
34	اولیست	اولی|اولی	اولی|اولی	اولی+ست|اولی+ست	A0+N|A0+N
35	که	که|که|که|که	که|که|که|که	که|که|که|که	C0|NA|N1|N1
36	آدم	آدم	آدم	آدم	N1
37	چیزی	چیزی|چیز	چیزی|چیز	چیزی|چیز+ی	Ad|N1+Y
38	را	را	را	را	Po
39	یاد	یاد	یاد	یاد	N1
40	گرفته	گرفته|گرفت|گرفت	گرفته|گرفت|گرفت	گرفته|گرفت+ه|گرفت+ه	A0|O+O|N1+O
41	و	و|و|و	و|و|و	و|و|و	C0|Ab|Al
42	می‌خواهد	خواه|خواه	خواه|خواه	می+خواه+د|می+خواه+د	V|O+V5+O
43	با	با	با	با	Pr
44	ذوق	ذوق	ذوق	ذوق	N1
45	برای	برای	برای	برای	Pr
46	عزیزی	عزیزی|عزیز	عزیزی|عزیز	عزیزی|عزیز+ی	N1|A0+Y
47	بنوازد	نواز	نواز	ب+نواز+د	V
48	؛	؛	؛	؛	Si
49	مثل	مثل|مثل|مثل|مثل	مثل|مثل|مثل|مثل	مثل|مثل|مثل|مثل	N1|N1|N1|N9
50	زمانی‌که	زمانی‌که	زمانی‌که	زمانی‌که	C1
51	برای	برای	برای	برای	Pr
52	بار	بار|بار	بار|بار	بار|بار	V|N1
53	اول	اول	اول	اول	A0
54	خواندن	خواند	خواند	خواند+ن	V2+Neg
55	یاد	یاد	یاد	یاد	N1
56	گرفته	گرفته|گرفت|گرفت	گرفته|گرفت|گرفت	گرفته|گرفت+ه|گرفت+ه	A0|O+O|N1+O
57	بودم	بود|بود|بود|بود	بود|بود|بود|بود	بود+م|بود+م|بود+م|بود+م	V|N1+N|N1+V|V
58	و	و|و|و	و|و|و	و|و|و	C0|Ab|Al
59	با	با	با	با	Pr
60	ذوق	ذوق	ذوق	ذوق	N1
61	کتاب‌های	کتاب	کتاب	کتاب+ها+ی	N1+Pl+Y
62	مختلف	مختلف	مختلف	مختلف	A0
63	را	را	را	را	Po
64	برگ	برگ	برگ	برگ	N1
65	می‌زدم	زد	زد	می+زد+م	V
66	و	و|و|و	و|و|و	و|و|و	C0|Ab|Al
67	برای	برای	برای	برای	Pr
68	پدر	پدر	پدر	پدر	N1
69	مادرم	مادر|مادر	مادر|مادر	مادر+م|مادر+م	N1+N|N1+V
70	می‌خواندم	خواند|خوان	خواند|خوان	می+خواند+م|می+خوان+د+م	V|V
71	.	.	.	.	Si

0	به	به|به	به|به	به|به	Pr|N1
1	خودم	خودم	خودم	خودم	N
2	آمدم	آمد|آمد|آمد	آمد|آمد|آمد	آمد+م|آمد+م|آمد+م	V|N1+N|N1+V
3	دیدم	دید|دید|دید	دید|دید|دید	دید+م|دید+م|دید+م	V|N1+N|N1+V
4	ساعت	ساعت	ساعت	ساعت	N1
5	۱۲:۵۵	۱۲:۵۵	۱۲:۵۵	۱۲:۵۵	O
6	شده	شد	شد	شد+ه	V3+O
7	بود	بود|بود|بود|بو	بود|بود|بود|بو	بود|بود|بود|بو+د	V|N1|V|V
8	و	و|و|و	و|و|و	و|و|و	C0|Ab|Al
9	من	من	من	من	N5
10	همچنان	همچنان|چنان	همچنان|چنان	همچنان|هم+چنان	Ad|O+A0
11	آنجا	آنجا	آنجا	آنجا	Ad
12	ایستاده	ایستاده|ایستاد	ایستاده|ایستاد	ایستاده|ایستاد+ه	A0|O+O
13	بودم	بود|بود|بود|بود	بود|بود|بود|بود	بود+م|بود+م|بود+م|بود+م	V|N1+N|N1+V|V
14	.	.	.	.	Si
15	.	.	.	.	Si
16	یعنی	یعنی	یعنی	یعنی	C0
17	بیش‌از	بیش‌از	بیش‌از	بیش‌از	Pr1
18	۱۲	۱۲	۱۲	۱۲	No
19	.	.	.	.	Si
20	از	از	از	از	Pr
21	یک	یک	یک	یک	No
22	روز	روز	روز	روز	N1
23	خود	خود|خود	خود|خود	خود|خود	N|N1
24	را	را	را	را	Po
25	!	!	!	!	Si
26	!	!	!	!	Si

0	از	از	از	از	Pr
1	دیرباز	دیرباز|دیر	دیرباز|دیر	دیرباز|دیر+باز	Ad|N1+O
2	تا	تا|تا|تا	تا|تا|تا	تا|تا|تا	Pr|C0|Ab
3	کنون	کنون	کنون	کنون	Ad
4	،	،	،	،	Si
5	بازی‌های	بازی|باز|باز|باز|باز	بازی|باز|باز|باز|باز	بازی+ها+ی|باز+ی+ها+ی|باز+ی+ها+ی|باز+ی+ها+ی|باز+ی+ها+ی	N1+Pl+Y|V1+Y+Pl+Y|A0+Y+Pl+Y|N1+Y+Pl+Y|Ad+Y+Pl+Y
6	زیادی	زیادی|زیاد	زیادی|زیاد	زیادی|زیاد+ی	A0|A0+Y
7	وجود	وجود|وجود	وجود|وجود	وجود|وجود	N1|N9
8	داشته	داشته|داشت|داشت	داشته|داشت|داشت	داشته|داشت+ه|داشت+ه	A0|O+O|N1+O
9	که	که|که|که|که	که|که|که|که	که|که|که|که	C0|NA|N1|N1
10	یکی	یکی	یکی	یکی	A2
11	از	از	از	از	Pr
12	موردهای	مورد|مورد	مورد|مورد	مورد+ها+ی|مورد+ها+ی	N1+Pl+Y|N1+Pl+Y
13	جذاب	جذاب	جذاب	جذاب	A0
14	آن	آن|آن	آن|آن	آن|آن	A1|N6
15	،	،	،	،	Si
16	بازی‌هایی	بازی|باز|باز|باز|باز	بازی|باز|باز|باز|باز	بازی+ها+یی|باز+ی+ها+یی|باز+ی+ها+یی|باز+ی+ها+یی|باز+ی+ها+یی	N1+Pl+O|V1+Y+Pl+O|A0+Y+Pl+O|N1+Y+Pl+O|Ad+Y+Pl+O
17	بوده	بود|بود|بود	بود|بود|بود	بود+ه|بود+ه|بود+ه	O+O|N1+O|V3+O
18	که	که|که|که|که	که|که|که|که	که|که|که|که	C0|NA|N1|N1
19	یک	یک	یک	یک	No
20	متن	متن	متن	متن	N1
21	نوشته	نوشته|نوشت	نوشته|نوشت	نوشته|نوشت+ه	N1|O+O
22	می‌شد	شد	شد	می+شد	V
23	که	که|که|که|که	که|که|که|که	که|که|که|که	C0|NA|N1|N1
24	در	در|در|در|در|در	در|در|در|در|در	در|در|در|در|در	Pr|V|N1|N1|VPr
25	نگاه	نگاه	نگاه	نگاه	N1
26	اول	اول	اول	اول	A0
27	به	به|به	به|به	به|به	Pr|N1
28	راحتی	راحتی|راحت	راحتی|راحت	راحتی|راحت+ی	A0|A0+Y
29	قابل	قابل	قابل	قابل	A0
30	خواندن	خواند	خواند	خواند+ن	V2+Neg
31	نیست	نیست|است|نی	نیست|است|نی	نیست|نی+است|نی+ست	N1|V|N1+N
32	؛	؛	؛	؛	Si
33	مثلا	مثلاً	مثلاً	مثلاً	Ad
34	«	«	«	«	Si
35	صدیقه	صدیقه	صدیقه	صدیقه	N3
36	صد	صد	صد	صد	No
37	یقه	یقه	یقه	یقه	N1
38	را	را	را	را	Po
39	دوخت	دوخت	دوخت	دوخت	V
40	علی	علی|علی	علی|علی	علی|علی	N3|A0
41	علی	علی|علی	علی|علی	علی|علی	N3|A0
42	علی	علی|علی	علی|علی	علی|علی	N3|A0
43	علی	علی|علی	علی|علی	علی|علی	N3|A0
44	علی	علی|علی	علی|علی	علی|علی	N3|A0
45	او	او|او	او|او	او|او	N5|Ab
46	را	را	را	را	Po
47	فروخت	فروخت	فروخت	فروخت	V
48	!	!	!	!	Si
49	!	!	!	!	Si
50	»	»	»	»	Si

0	که	که|که|که|که	که|که|که|که	که|که|که|که	C0|NA|N1|N1
1	می‌شود	شو|شو	شو|شو	می+شو+د|می+شو+د	V|V
2	«	«	«	«	Si
3	صدیقه	صدیقه	صدیقه	صدیقه	N3
4	صد	صد	صد	صد	No
5	یقه	یقه	یقه	یقه	N1
6	را	را	را	را	Po
7	دوخت	دوخت	دوخت	دوخت	V
8	،	،	،	،	Si
9	پنجعلی	پنجعل	پنجعل	N	***HAZM***
10	او	او|او	او|او	او|او	N5|Ab
11	را	را	را	را	Po
12	فروخت	فروخت	فروخت	فروخت	V
13	!	!	!	!	Si
14	»	»	»	»	Si

0	یا	یا|یا	یا|یا	یا|یا	C0|Intj
1	مثلا	مثلاً	مثلاً	مثلاً	Ad
2	«	«	«	«	Si
3	در	در|در|در|در|در	در|در|در|در|در	در|در|در|در|در	Pr|V|N1|N1|VPr
4	این	این|این	این|این	این|این	A1|N6
5	درگه	درگه	درگه	درگه	N1
6	که	که|که|که|که	که|که|که|که	که|که|که|که	C0|NA|N1|N1
7	گهگه	گهگه	گهگه	N	***HAZM***
8	که	که|که|که|که	که|که|که|که	که|که|که|که	C0|NA|N1|N1
9	که	که|که|که|که	که|که|که|که	که|که|که|که	C0|NA|N1|N1
10	که	که|که|که|که	که|که|که|که	که|که|که|که	C0|NA|N1|N1
11	که	که|که|که|که	که|که|که|که	که|که|که|که	C0|NA|N1|N1
12	شود	شو|شو	شو|شو	شو+د|شو+د	V|V
13	ناگه	ناگه|گه	ناگه|گه	ناگه|نا+گه	Ad|Neg+Ad
14	،	،	،	،	Si
15	مشو	مشو	مشو	N	***HAZM***
16	غره	غره|غر	غره|غر	غره|غر+ه	N1|N1+O
17	به	به|به	به|به	به|به	Pr|N1
18	امروزت	امروز	امروز	امروز+ت	N1+N
19	که	که|که|که|که	که|که|که|که	که|که|که|که	C0|NA|N1|N1
20	از	از	از	از	Pr
21	فردا	فردا	فردا	فردا	Ad
22	نهی	نهی|نه|نه	نهی|نه|نه	نهی|نه+ی|نه+ی	N1|V|N1+Y
23	آگه	آگه	آگه	آگه	A0
24	!	!	!	!	Si
25	‪!‬	‪!‬	‪!‬	‪!‬	Si
26	»	»	»	»	Si

0	که	که|که|که|که	که|که|که|که	که|که|که|که	C0|NA|N1|N1
1	می‌شود	شو|شو	شو|شو	می+شو+د|می+شو+د	V|V
2	:	:	:	:	Si

0	«	«	«	«	Si
1	در	در|در|در|در|در	در|در|در|در|در	در|در|در|در|در	Pr|V|N1|N1|VPr
2	این	این|این	این|این	این|این	A1|N6
3	درگه	درگه	درگه	درگه	N1
4	که	که|که|که|که	که|که|که|که	که|که|که|که	C0|NA|N1|N1
5	گهگه	گهگه	گهگه	گهگه	N
6	که	که|که|که|که	که|که|که|که	که|که|که|که	C0|NA|N1|N1
7	که	که|که|که|که	که|که|که|که	که|که|که|که	C0|NA|N1|N1
8	که	که|که|که|که	که|که|که|که	که|که|که|که	C0|NA|N1|N1
9	که	که|که|که|که	که|که|که|که	که|که|که|که	C0|NA|N1|N1
10	شود	شو|شو	شو|شو	شو+د|شو+د	V|V
11	ناگه	ناگه|گه	ناگه|گه	ناگه|نا+گه	Ad|Neg+Ad
12	،	،	،	،	Si
13	مشو	مشو	مشو	مشو	N
14	غره	غره|غر	غره|غر	غره|غر+ه	N1|N1+O
15	به	به|به	به|به	به|به	Pr|N1
16	امروزت	امروز	امروز	امروز+ت	N1+N
17	که	که|که|که|که	که|که|که|که	که|که|که|که	C0|NA|N1|N1
18	از	از	از	از	Pr
19	فردا	فردا	فردا	فردا	Ad
20	نهی	نهی|نه|نه	نهی|نه|نه	نهی|نه+ی|نه+ی	N1|V|N1+Y
21	آگه	آگه	آگه	آگه	A0
22	!	!	!	!	Si
23	!	!	!	!	Si
24	»	»	»	»	Si
25	.	.	.	.	Si

0	به	به|به	به|به	به|به	Pr|N1
1	عنوان	عنوان	عنوان	عنوان	N1
2	آخرین	آخر	آخر	آخر+ین	N1+O
3	مثال	مثال	مثال	مثال	N1
4	«	«	«	«	Si
5	در	در|در|در|در|در	در|در|در|در|در	در|در|در|در|در	Pr|V|N1|N1|VPr
6	لرستان	لرستان	لرستان	لرستان	N2
7	نه	نه|نه|نه	نه|نه|نه	نه|نه|نه	No|V|N1
8	لرند	لر	لر	لر+ند	N1+V
9	و	و|و|و	و|و|و	و|و|و	C0|Ab|Al
10	هر	هر	هر	هر	A1
11	لری	لری|لر	لری|لر	لری|لر+ی	N1|N1+Y
12	نه	نه|نه|نه	نه|نه|نه	نه|نه|نه	No|V|N1
13	نره	نره|ره|نر	نره|ره|نر	نره|ن+ره|نر+ه	A0|V|A0+O
14	لر	لر	لر	لر	N1
15	نره	نره|ره|نر	نره|ره|نر	نره|ن+ره|نر+ه	A0|V|A0+O
16	لرچه	لر	لر	لر+چه	N1+O
17	نره	نره|ره|نر	نره|ره|نر	نره|ن+ره|نر+ه	A0|V|A0+O
18	لر	لر	لر	لر	N1
19	،	،	،	،	Si
20	هر	هر	هر	هر	A1
21	نره	نره|ره|نر	نره|ره|نر	نره|ن+ره|نر+ه	A0|V|A0+O
22	لر	لر	لر	لر	N1
23	نه	نه|نه|نه	نه|نه|نه	نه|نه|نه	No|V|N1
24	نره	نره|ره|نر	نره|ره|نر	نره|ن+ره|نر+ه	A0|V|A0+O
25	لر	لر	لر	لر	N1
26	»	»	»	»	Si
27	،	،	،	،	Si
28	که	که|که|که|که	که|که|که|که	که|که|که|که	C0|NA|N1|N1
29	درست	درست|درس	درست|درس	درست|درس+ت	A0|N1+N
30	آن	آن|آن	آن|آن	آن|آن	A1|N6
31	می‌شود	شو|شو	شو|شو	می+شو+د|می+شو+د	V|V
32	:	:	:	:	Si

0	«	«	«	«	Si
1	در	در|در|در|در|در	در|در|در|در|در	در|در|در|در|در	Pr|V|N1|N1|VPr
2	لرستان	لرستان	لرستان	لرستان	N2
3	نه	نه|نه|نه	نه|نه|نه	نه|نه|نه	No|V|N1
4	لرند	لر	لر	لر+ند	N1+V
5	و	و|و|و	و|و|و	و|و|و	C0|Ab|Al
6	هر	هر	هر	هر	A1
7	لری	لری|لر	لری|لر	لری|لر+ی	N1|N1+Y
8	نه	نه|نه|نه	نه|نه|نه	نه|نه|نه	No|V|N1
9	نره	نره|ره|نر	نره|ره|نر	نره|ن+ره|نر+ه	A0|V|A0+O
10	لر	لر	لر	لر	N1
11	نره	نره|ره|نر	نره|ره|نر	نره|ن+ره|نر+ه	A0|V|A0+O
12	لرچه	لر	لر	لر+چه	N1+O
13	نره	نره|ره|نر	نره|ره|نر	نره|ن+ره|نر+ه	A0|V|A0+O
14	لر	لر	لر	لر	N1
15	،	،	،	،	Si
16	هر	هر	هر	هر	A1
17	نره	نره|ره|نر	نره|ره|نر	نره|ن+ره|نر+ه	A0|V|A0+O
18	لر	لر	لر	لر	N1
19	نه	نه|نه|نه	نه|نه|نه	نه|نه|نه	No|V|N1
20	نره	نره|ره|نر	نره|ره|نر	نره|ن+ره|نر+ه	A0|V|A0+O
21	لر	لر	لر	لر	N1
22	»	»	»	»	Si
23	؛	؛	؛	؛	Si
24	در	در|در|در|در|در	در|در|در|در|در	در|در|در|در|در	Pr|V|N1|N1|VPr
25	این	این|این	این|این	این|این	A1|N6
26	نمونه‌ها	نمونه	نمونه	نمونه+ها	A0+Pl
27	علاوه‌براینکه	علاوه‌براینکه	علاوه‌براینکه	N	***HAZM***
28	بیش‌از	بیش‌از	بیش‌از	بیش‌از	Pr1
29	۵	۵	۵	۵	No
30	.	.	.	.	Si
31	از	از	از	از	Pr
32	انسان‌ها	انسان	انسان	انسان+ها	N1+Pl
33	اشتباه	اشتباه	اشتباه	اشتباه	A0
34	می‌خوانند	خوان	خوان	می+خوان+ند	V
35	،	،	،	،	Si
36	برای	برای	برای	برای	Pr
37	سیستم‌های	سیستم	سیستم	سیستم+ها+ی	N1+Pl+Y
38	اصلاح	اصلاح	اصلاح	اصلاح	N1
39	خودکار	خودکار	خودکار	خودکار	A0
40	،	،	،	،	Si
41	در	در|در|در|در|در	در|در|در|در|در	در|در|در|در|در	Pr|V|N1|N1|VPr
42	حالت	حالت|حال	حالت|حال	حالت|حال+ت	N1|N1+N
43	عدم	عدم	عدم	عدم	N1
44	رعایت	رعایت	رعایت	رعایت	N1
45	فاصله	فاصله|فاصل	فاصله|فاصل	فاصله|فاصل+ه	N1|N1+O
46	و	و|و|و	و|و|و	و|و|و	C0|Ab|Al
47	نیم‌فاصله	نیم‌فاصله	نیم‌فاصله	N	***HAZM***
48	،	،	،	،	Si
49	کار	کار|کار	کار|کار	کار|کار	N1|V
50	بسیار	بسیار|بسیار|سیار|بس	بسیار|بسیار|سیار|بس	بسیار|بسیار|ب+سیار|بس+یار	A0|Ad|O+A0|A0+O
51	دشوار	دشوار|دش	دشوار|دش	دشوار|دش+وار	A0|N1+O
52	می‌شود	شو|شو	شو|شو	می+شو+د|می+شو+د	V|V
53	.	.	.	.	Si

0	*****	*****	*****	*****	Si

0	کارورزیده	کارورزیده	کارورزیده	N	***HAZM***

0	کاراموزانشان	کاراموزان	کاراموزان	N	***HAZM***

0	گواهینامه‌هایشانید	گواهینامه	گواهینامه	گواهینامه+ها+ی+شان+ید	N1+Pl+Y+N+V

0	نارس‌ترین	نارس|رس	نارس|رس	نارس+ترین|نا+رس+ترین	A0+A|Neg+V1+A

0	بپاخواستگان	بپاخواستگ	بپاخواستگ	N	***HAZM***

0	دردمندی‌هایش	دردمندی|دردمند|درد|درد	دردمندی|دردمند|درد|درد	دردمندی+ها+ی+ش|دردمند+ی+ها+ی+ش|درد+مند+ی+ها+ی+ش|درد+مند+ی+ها+ی+ش	N1+Pl+Y+N|A0+Y+Pl+Y+N|N1+O+Y+Pl+Y+N|N1+O+Y+Pl+Y+N

0	بت	بت	بت	بت	N1
1	شکنانید	شکن	شکن	شکن+ان+ید	N1+Pl+V

0	همه‌فن‌حریفان	همه‌فن‌حریف	همه‌فن‌حریف	همه‌فن‌حریف+ان	A0+Pl

0	همه‌کاره‌یید	همه‌کاره	همه‌کاره	همه‌کاره+ی+ید	A0+Y+V

0	همه‌کس‌شناس	همه‌کس‌شناس	همه‌کس‌شناس	N	***HAZM***

0	همه‌جا‌گرد	همه‌جا‌گرد	همه‌جا‌گرد	N	***HAZM***

0	خسته‌ترین‌هایشانیم	خسته|خست|خست	خسته|خست|خست	خسته+ترین+ها+ی+شان+یم|خست+ه+ترین+ها+ی+شان+یم|خست+ه+ترین+ها+ی+شان+یم	A0+A+Pl+Y+N+V|O+O+A+Pl+Y+N+V|N1+O+A+Pl+Y+N+V

0	افسرده‌ترین‌هایشانید	افسرده|افسرد	افسرده|افسرد	افسرده+ترین+ها+ی+شان+ید|افسرد+ه+ترین+ها+ی+شان+ید	A0+A+Pl+Y+N+V|O+O+A+Pl+Y+N+V

0	نالان‌ترین	نالان	نالان	نالان+ترین	A0+A

0	کتاب‌دارتان	کتاب‌دار|کتاب	کتاب‌دار|کتاب	کتاب‌دار+تان|کتاب+دار+تان	A0+N|N1+O+N

0	کتابخانه‌هایم	کتابخانه|کتابخانه|کتاب|کتاب	کتابخانه|کتابخانه|کتاب|کتاب	کتابخانه+ها+ی+م|کتابخانه+ها+ی+م|کتاب+خانه+ها+ی+م|کتاب+خانه+ها+ی+م	N1+Pl+Y+N|N1+Pl+Y+V|N1+Pl+Pl+Y+N|N1+Pl+Pl+Y+V

0	بپاسخواسته‌اند	بپاسخواسته‌اند	بپاسخواسته‌اند	N	***HAZM***

0	می‌خواهدبیاراید	می‌خواهدبیاراید	می‌خواهدبیاراید	N	***HAZM***

0	خواستنی‌ترین	خواستنی|خواست|تر	خواستنی|خواست|تر	خواستنی+ترین|خواست+نی+ترین|خواستنی+تر+ین	A0+A|V2+O+A|O+A0+O

0	کم‌روترینید	کمرو	کمرو	کمرو+ترین+ید	A0+A+V

0	پررونق‌تر	پررونق	پررونق	پررونق+تر	A0+A

0	درآشفته‌ترین	درآشفته	درآشفته	N	***HAZM***

0	معدنچیان	معدنچی|معدن	معدنچی|معدن	معدنچی+ان|معدن+چی+ان	N1+Pl|N1+O+Pl

0	یکدستی	یکدستی|یکدست	یکدستی|یکدست	یکدستی|یکدست+ی	N1|A0+Y

0	آتشفشانان	آتشفشان	آتشفشان	آتشفشان+ان	N1+Pl

0	خلبان‌هایتانند	خلبان|خل|خل	خلبان|خل|خل	خلبان+ها+ی+تان+ند|خل+بان+ها+ی+تان+ند|خل+بان+ها+ی+تان+ند	N1+Pl+Y+N+V|V1+Pl+Pl+Y+N+V|A0+Pl+Pl+Y+N+V

0	ناخداهایشانید	ناخدا|خدا	ناخدا|خدا	ناخدا+ها+ی+شان+ید|نا+خدا+ها+ی+شان+ید	N1+Pl+Y+N+V|Neg+N1+Pl+Y+N+V

0	نامردمانتان	نامردمان	نامردمان	N	***HAZM***

0	ناشکری‌هایمان	ناشکری|شکری	ناشکری|شکری	ناشکری+ها+ی+مان|نا+شکری+ها+ی+مان	N1+Pl+Y+N|Neg+A0+Pl+Y+N

0	آهنچیان	آهن	آهن	آهن+چی+ان	N1+O+Pl

0	آهنین	آهنین|آهن	آهنین|آهن	آهنین|آهن+ین	A0|N1+O
1	پنجه	پنجه	پنجه	پنجه	N1

0	آتشکدگان	آتشکده|آتش	آتشکده|آتش	آتشکده+گان|آتش+کده+گان	N1+Pl|N1+O+Pl

0	آزرده‌خاطر	آزرده‌خاطر	آزرده‌خاطر	آزرده‌خاطر	A0

0	فرومایگان	فرومایه	فرومایه	فرومایه+گان	A0+Pl

0	پاکدلانیم	پاکدل	پاکدل	پاکدل+ان+یم	A0+Pl+V

0	فروپاشیدگان	فروپاشیدگ	فروپاشیدگ	N	***HAZM***

0	ناایستاترین	ایستا	ایستا	نا+ایستا+ترین	Neg+A0+A

0	بی	بی|بی	بی|بی	بی|بی	Pr|Ab
1	شیله‌پیلگان	شیله‌پیله	شیله‌پیله	شیله‌پیله+گان	N1+Pl

0	لب‌ریز	لبریز	لبریز	لبریز	A0

0	دهان‌گشاد	دهان‌گشاد	دهان‌گشاد	N	***HAZM***

0	دهان‌لقان	دهان‌لق	دهان‌لق	N	***HAZM***

0	نرفتگان	نرفته|رفت|رفت	نرفته|رفت|رفت	نرفته+گان|ن+رفت+ه+گان|ن+رفت+ه+گان	A0+Pl|O+O+Pl|O+O+Pl

0	نروترین	رو|رو	رو|رو	ن+رو+ترین|ن+رو+ترین	Neg+V1+A|Neg+V1+A

0	یکرنگ‌ترین	یکرنگ	یکرنگ	یکرنگ+ترین	A0+A

0	سبک‌باران	سبک‌بار|سبک|سبک	سبک‌بار|سبک|سبک	سبک‌بار+ان|سبک+بار+ان|سبک+بار+ان	A0+Pl|N1+O+Pl|A0+O+Pl

0	گرانقدر	گرانقدر	گرانقدر	گرانقدر	A0

0	گران‌بهاترین	گرانبها	گرانبها	گرانبها+ترین	A0+A

0	گران‌مایگان	گرانمایه	گرانمایه	گرانمایه+گان	A0+Pl

0	چشم‌تنگان	چشم‌تنگ	چشم‌تنگ	چشم‌تنگ+ان	A0+Pl

0	دل‌نازک‌ترین	دل‌نازک	دل‌نازک	دل‌نازک+ترین	A0+A

0	سنگ‌دلانید	سنگدل	سنگدل	سنگدل+ان+ید	A0+Pl+V

0	بی‌خیالان	بی‌خیال|خیال	بی‌خیال|خیال	بی‌خیال+ان|بی+خیال+ان	A0+Pl|O+N1+Pl

0	بی‌رنگ‌ترینانید	بی‌رنگ|رنگ|رنگ	بی‌رنگ|رنگ|رنگ	بی‌رنگ+ترین+ان+ید|بی+رنگ+ترین+ان+ید|بی+رنگ+ترین+ان+ید	A0+A+Pl+V|O+N1+A+Pl+V|O+N1+A+Pl+V

0	آراسته‌ترینانید	آراسته	آراسته	آراسته+ترین+ان+ید	A0+A+Pl+V

0	شاخ‌شمشاد	شاخ‌شمشاد	شاخ‌شمشاد	N	***HAZM***

0	نازک‌نشمین	نازک‌نشمین	نازک‌نشمین	N	***HAZM***

0	گندم‌گون	گندمگون|گندم|گند|گند|گند|گند	گندمگون|گندم|گند|گند|گند|گند	گندمگون|گندم+گون|گند+م+گون|گند+م+گون|گند+م+گون|گند+م+گون	A0|N1+O|V1+N+O|V1+V|N1+N+O|N1+V

0	نیکوسرشت	نیکوسرشت	نیکوسرشت	نیکوسرشت	A0

0	فراخ‌بال	فراخ‌بال	فراخ‌بال	N	***HAZM***

0	تنگدستی	تنگدستی	تنگدستی	تنگدستی	N1

0	تنگ‌نظرانند	تنگ‌نظر	تنگ‌نظر	تنگ‌نظر+ان+ند	A0+Pl+V

0	نیک‌بی‌نانشانید	نیک‌بی‌نانشانید	نیک‌بی‌نانشانید	N	***HAZM***

0	نیک‌سرشتانشانید	نیک‌سرشتانشانید	نیک‌سرشتانشانید	N	***HAZM***

0	نیک‌اندیشانشانند	نیک‌اندیش	نیک‌اندیش	نیک‌اندیش+ان+شان+ند	A0+Pl+N+V
