‎0	به
	به|به	به|به	به|به	Pr|N1	حرف اضافه|اسم
‎1	نام
	نام|نام	نام|نام	نام|نام	N1|V	اسم|فعل امر مثبت
‎2	خدا
	خدا	خدا	خدا	N1	اسم
‎3	روزی
	روزی|روز	روزی|روز	روزی|روز+ی	N1|N1+Y	اسم|اسم + ی
‎4	روزگاری
	روزگار|روز	روزگار|روز	روزگار+ی|روز+گار+ی	N1+Y|N1+O+Y	اسم + ی|اسم + گار + ی
‎5	سگ
	سگ	سگ	سگ	N1	اسم
‎6	سنگی
	سنگی|سنگ	سنگی|سنگ	سنگی|سنگ+ی	A0|N1+Y	صفت|اسم + ی
‎7	را
	را	را	را	Po	حرف اضافه پسین
‎8	بلند
	بلند|بلند|بلند|لند|بل|بل	بلند|بلند|بلند|لند|بل|بل	بلند|بلند|بلند|ب+لند|بل+ند|بل+ند	A0|N1|N1|V|N1+V|N1+V	صفت|اسم|اسم|فعل امر مثبت|اسم + فعل سوم شخص جمع|اسم + فعل سوم شخص جمع
‎9	کرد
	کرد|کرد	کرد|کرد	کرد|کرد	V|N1	سوم شخص مفرد|اسم
‎10	و
	و|و|و	و|و|و	و|و|و	C0|Ab|Al	حرف ربط|اختصارات|حروف الفبا
‎11	با
	با	با	با	Pr	حرف اضافه
‎12	پوزه
	پوزه|پوز|پوز	پوزه|پوز|پوز	پوزه|پوز+ه|پوز+ه	N1|V1+O|N1+O	اسم|بن مضارع + ه|اسم + ه
‎13	خود
	خود|خود	خود|خود	خود|خود	N|N1	ضمیر مشترک/متقابل|اسم
‎14	به
	به|به	به|به	به|به	Pr|N1	حرف اضافه|اسم
‎15	این
	این|این	این|این	این|این	A1|N6	صفت اشاره|ضمیر اشاره
‎16	ور
	ور|ور	ور|ور	ور|ور	N1|N1	اسم|اسم
‎17	و
	و|و|و	و|و|و	و|و|و	C0|Ab|Al	حرف ربط|اختصارات|حروف الفبا
‎18	ان
	ان	ان	ان	Ab	اختصارات
‎19	ور
	ور|ور	ور|ور	ور|ور	N1|N1	اسم|اسم
‎20	پرتاب
	پرتاب	پرتاب	پرتاب	N1	اسم
‎21	می‌کرد
	کرد	کرد	می+کرد	V	سوم شخص مفرد
‎22	من
	من	من	من	N5	ضمیر فاعلی
‎23	که
	که|که|که|که	که|که|که|که	که|که|که|که	C0|NA|N1|N1	حرف ربط|ضمیر پرسشی|اسم|اسم
‎24	زنم
	زن|زن|زن	زن|زن|زن	زن+م|زن+م|زن+م	V|N1+N|N1+V	اول شخص مفرد|اسم + ضمیر ملکی اول شخص مفرد|اسم + فعل اول شخص مفرد
‎25	در
	در|در|در|در|در	در|در|در|در|در	در|در|در|در|در	Pr|V|N1|N1|VPr	حرف اضافه|فعل امر مثبت|اسم|اسم|پیشوند فعل
‎26	کنارم
	کنار	کنار	کنار	N
‎27	ایستاده بود
	ایستاد	ایستاد	ایستاد+ه+بود	V	سوم شخص مفرد
‎28	و
	و|و|و	و|و|و	و|و|و	C0|Ab|Al	حرف ربط|اختصارات|حروف الفبا
‎29	گزی
	گز|گز	گز|گز	گز+ی|گز+ی	V|N1+Y	دوم شخص مفرد|اسم + ی
‎30	در
	در|در|در|در|در	در|در|در|در|در	در|در|در|در|در	Pr|V|N1|N1|VPr	حرف اضافه|فعل امر مثبت|اسم|اسم|پیشوند فعل
‎31	دستم
	دست|دست	دست|دست	دست+م|دست+م	N1+N|N1+V	اسم + ضمیر ملکی اول شخص مفرد|اسم + فعل اول شخص مفرد
‎32	بود
	بود|بود|بود|بو	بود|بود|بود|بو	بود|بود|بود|بو+د	V|N1|V|V	سوم شخص مفرد|اسم|سوم شخص مفرد|سوم شخص مفرد
‎33	به
	به|به	به|به	به|به	Pr|N1	حرف اضافه|اسم
‎34	سگ
	سگ	سگ	سگ	N1	اسم
‎35	زنگین
	زنگ	زنگ	زنگ+ین	N1+O	اسم + ین
‎36	رنگ
	رنگ|رنگ	رنگ|رنگ	رنگ|رنگ	N1|N1	اسم|اسم
‎37	را
	را	را	را	Po	حرف اضافه پسین
‎38	تعارف
	تعارف	تعارف	تعارف	N1	اسم
‎39	کردم
	کرد|کرد|کرد	کرد|کرد|کرد	کرد+م|کرد+م|کرد+م	V|N1+N|N1+V	اول شخص مفرد|اسم + ضمیر ملکی اول شخص مفرد|اسم + فعل اول شخص مفرد
‎40	او
	او|او	او|او	او|او	N5|Ab	ضمیر فاعلی|اختصارات
‎41	که
	که|که|که|که	که|که|که|که	که|که|که|که	C0|NA|N1|N1	حرف ربط|ضمیر پرسشی|اسم|اسم
‎42	از
	از	از	از	Pr	حرف اضافه
‎43	این
	این|این	این|این	این|این	A1|N6	صفت اشاره|ضمیر اشاره
‎44	کار
	کار|کار	کار|کار	کار|کار	N1|V	اسم|فعل امر مثبت
‎45	آتشین
	آتشین|آتش	آتشین|آتش	آتشین|آتش+ین	A0|N1+O	صفت|اسم + ین
‎46	شده بود
	شد	شد	شد+ه+بود	V	سوم شخص مفرد
‎47	به
	به|به	به|به	به|به	Pr|N1	حرف اضافه|اسم
‎48	همه‌ی
	همه	همه	همه+ی	N1+Y	اسم + ی
‎49	کاخ
	کاخ	کاخ	کاخ	N1	اسم
‎50	نشینان
	نشین	نشین	نشین+ان	V1+Pl	بن مضارع + ان
‎51	فریاد
	فریاد	فریاد	فریاد	N1	اسم
‎52	برد
	برد|برد|بر|بر|رد	برد|برد|بر|بر|رد	برد|برد|بر+د|بر+د|ب+رد	V|N1|V|V|O+A0	سوم شخص مفرد|اسم|سوم شخص مفرد|سوم شخص مفرد|ب + صفت
‎53	و
	و|و|و	و|و|و	و|و|و	C0|Ab|Al	حرف ربط|اختصارات|حروف الفبا
‎54	خودش
	خودش	خودش	خودش	N	ضمیر تاکیدی/انعکاسی
‎55	را
	را	را	را	Po	حرف اضافه پسین
‎56	پاک
	پاک|پا	پاک|پا	پاک|پا+ک	A0|N1+O	صفت|اسم + ک
‎57	کرد
	کرد|کرد	کرد|کرد	کرد|کرد	V|N1	سوم شخص مفرد|اسم
‎58	و
	و|و|و	و|و|و	و|و|و	C0|Ab|Al	حرف ربط|اختصارات|حروف الفبا
‎59	هوایی
	هوایی|هوا	هوایی|هوا	هوایی|هوا+یی	A0|N1+O	صفت|اسم + یی
‎60	شده
	شد	شد	شد+ه	V3+O	فعل اسنادی + ه
‎61	و
	و|و|و	و|و|و	و|و|و	C0|Ab|Al	حرف ربط|اختصارات|حروف الفبا
‎62	به
	به|به	به|به	به|به	Pr|N1	حرف اضافه|اسم
‎63	دشت
	دشت|دش	دشت|دش	دشت|دش+ت	N1|N1+N	اسم|اسم + ضمیر ملکی دوم شخص مفرد
‎64	آهوان
	آهوان	آهوان	آهوان	N2	اسم خاص مکان
‎65	زد
	زد|زد|زد	زد|زد|زد	زد|زد|زد	V|N1|Ab	سوم شخص مفرد|اسم|اختصارات
66	.
	.	.	.	O	

‎0	پتو
	پتو	پتو	پتو	N1	اسم
‎1	دور
	دور|دور	دور|دور	دور|دور	A0|N1	صفت|اسم
‎2	او
	او|او	او|او	او|او	N5|Ab	ضمیر فاعلی|اختصارات
‎3	نبود
	نبود|بود|بود|بو	نبود|بود|بود|بو	نبود|ن+بود|ن+بود|ن+بو+د	N1|V|V|V	اسم|سوم شخص مفرد|سوم شخص مفرد|سوم شخص مفرد
‎4	و
	و|و|و	و|و|و	و|و|و	C0|Ab|Al	حرف ربط|اختصارات|حروف الفبا
‎5	توپش
	توپ|توپ	توپ|توپ	توپ+ش|توپ+ش	V|N1+N	سوم شخص مفرد|اسم + ضمیر ملکی سوم شخص مفرد
‎6	را
	را	را	را	Po	حرف اضافه پسین
‎7	در
	در|در|در|در|در	در|در|در|در|در	در|در|در|در|در	Pr|V|N1|N1|VPr	حرف اضافه|فعل امر مثبت|اسم|اسم|پیشوند فعل
‎8	دستم
	دست|دست	دست|دست	دست+م|دست+م	N1+N|N1+V	اسم + ضمیر ملکی اول شخص مفرد|اسم + فعل اول شخص مفرد
‎9	داشتم
	داشت|داشت|داشت	داشت|داشت|داشت	داشت+م|داشت+م|داشت+م	V|N1+N|N1+V	اول شخص مفرد|اسم + ضمیر ملکی اول شخص مفرد|اسم + فعل اول شخص مفرد
‎10	از
	از	از	از	Pr	حرف اضافه
‎11	شهر
	شهر	شهر	شهر	N1	اسم
‎12	شهرری
	شهر‌ری	شهر‌ری	شهر‌ری	N2	اسم خاص مکان
‎13	راحت
	راحت	راحت	راحت	A0	صفت
‎14	شده بودم
	شد|شد	شد|شد	شد+ه+بود+م|شد+ه+بود+م	V3+O+O+N|V3+O+O+V	فعل اسنادی + ه + بود + ضمیر ملکی اول شخص مفرد|فعل اسنادی + ه + بود + فعل اول شخص مفرد
‎15	و
	و|و|و	و|و|و	و|و|و	C0|Ab|Al	حرف ربط|اختصارات|حروف الفبا
‎16	ریش
	ریش|ری	ریش|ری	ریش|ری+ش	N1|N1+N	اسم|اسم + ضمیر ملکی سوم شخص مفرد
‎17	گذاشته بودم
	گذاشت	گذاشت	گذاشت+ه+بود+م	V	اول شخص مفرد
‎18	شیری
	شیری|شیر	شیری|شیر	شیری|شیر+ی	A0|N1+Y	صفت|اسم + ی
‎19	شیرین
	شیرین|شیر	شیرین|شیر	شیرین|شیر+ین	A0|N1+O	صفت|اسم + ین
‎20	و
	و|و|و	و|و|و	و|و|و	C0|Ab|Al	حرف ربط|اختصارات|حروف الفبا
‎21	دلپذیر
	دل	دل	دل+پذیر	N1+O	اسم + پذیر
‎22	درمقابل
	درمقابل	درمقابل	درمقابل	Pr1	حرف اضافه گروهی
‎23	ان
	ان	ان	ان	Ab	اختصارات
‎24	شیر
	شیر	شیر	شیر	N1	اسم
‎25	قرار
	قرار|قرار	قرار|قرار	قرار|قرار	N1|N9	اسم|اسم موجود در ساختمان حرف اضافه و حرف ربط گروهی
‎26	داشت
	داشت|داشت|داشت|داش	داشت|داشت|داشت|داش	داشت|داشت|داشت|داش+ت	V|V5|N1|N1+N	سوم شخص مفرد|فعل کمکی|اسم|اسم + ضمیر ملکی دوم شخص مفرد
‎27	اما
	اما	اما	اما	C0	حرف ربط
‎28	فک‌های
	فک|فک	فک|فک	فک+ها+ی|فک+ها+ی	N1+Pl+Y|N1+Pl+Y	اسم + علامت جمع + ی|اسم + علامت جمع + ی
‎29	دریایی
	دریایی|دریا	دریایی|دریا	دریایی|دریا+یی	A0|N1+O	صفت|اسم + یی
‎30	شک
	شک|شک	شک|شک	شک|شک	N1|N1	اسم|اسم
‎31	کرده بودند
	کرد	کرد	کرد+ه+بود+ند	V	سوم شخص جمع
32	.
	.	.	.	O	

‎0	کفی
	کفی|کف	کفی|کف	کفی|کف+ی	A0|N1+Y	صفت|اسم + ی
‎1	کفش
	کفش|کف	کفش|کف	کفش|کف+ش	N1|N1+N	اسم|اسم + ضمیر ملکی سوم شخص مفرد
‎2	من
	من	من	من	N5	ضمیر فاعلی
‎3	هم
	هم|هم|هم	هم|هم|هم	هم|هم|هم	Ad|C0|N	قید|حرف ربط|ضمیر مشترک/متقابل
‎4	کاشف
	کاشف	کاشف	کاشف	A0	صفت
‎5	اکتشافات
	اکتشاف	اکتشاف	اکتشاف+ات	N1+Pl	اسم + علامت جمع
‎6	یک
	یک	یک	یک	No	عدد حرفی
‎7	کشف
	کشف|کشف	کشف|کشف	کشف|کشف	N1|N1	اسم|اسم
‎8	بزرگ
	بزرگ	بزرگ	بزرگ	A0	صفت
‎9	که
	که|که|که|که	که|که|که|که	که|که|که|که	C0|NA|N1|N1	حرف ربط|ضمیر پرسشی|اسم|اسم
‎10	درسر
	درسر	درسر	درسر	Pr1	حرف اضافه گروهی
‎11	و
	و|و|و	و|و|و	و|و|و	C0|Ab|Al	حرف ربط|اختصارات|حروف الفبا
‎12	رخ
	رخ|رخ	رخ|رخ	رخ|رخ	N1|N1	اسم|اسم
‎13	و
	و|و|و	و|و|و	و|و|و	C0|Ab|Al	حرف ربط|اختصارات|حروف الفبا
‎14	سینه
	سینه|سین	سینه|سین	سینه|سین+ه	N1|N1+O	اسم|اسم + ه
‎15	و
	و|و|و	و|و|و	و|و|و	C0|Ab|Al	حرف ربط|اختصارات|حروف الفبا
‎16	غیره‌ی
	غیره|غیر|هی	غیره|غیر|هی	غیره+ی|غیر+ه+ی|غیر+هی+ی	N1+Y|A0+O+Y|O+Ad+Y	اسم + ی|صفت + ه + ی|غیر + قید + ی
‎17	سرخ
	سرخ	سرخ	سرخ	A0	صفت
‎18	کرات
	کرات|کرات|کر	کرات|کرات|کر	کرات|کرات|کر+ات	N1|N1|A0+Pl	اسم|اسم|صفت + علامت جمع
‎19	نمایان
	نمایان|نمایان|نما|نما	نمایان|نمایان|نما|نما	نمایان|نمایان|نما+ی+ان|نما+ی+ان	V|A0|N1+Pl|N1+Pl	فعل امر مثبت|صفت|اسم + ان|اسم + ان
‎20	بود
	بود|بود|بود|بو	بود|بود|بود|بو	بود|بود|بود|بو+د	V|N1|V|V	سوم شخص مفرد|اسم|سوم شخص مفرد|سوم شخص مفرد
21	.
	.	.	.	O	

‎0	خرسی
	خرس	خرس	خرس+ی	N1+Y	اسم + ی
‎1	بدذات
	بدذات	بدذات	بدذات	A0	صفت
‎2	به
	به|به	به|به	به|به	Pr|N1	حرف اضافه|اسم
‎3	دل
	دل	دل	دل	N1	اسم
‎4	اب
	اب	اب	اب	N1	اسم
‎5	زد
	زد|زد|زد	زد|زد|زد	زد|زد|زد	V|N1|Ab	سوم شخص مفرد|اسم|اختصارات
‎6	و
	و|و|و	و|و|و	و|و|و	C0|Ab|Al	حرف ربط|اختصارات|حروف الفبا
7	…
	…	…	…	N
‎8	با
	با	با	با	Pr	حرف اضافه
‎9	باد
	باد	باد	باد	N1	اسم
‎10	همراه
	همراه|راه	همراه|راه	همراه|هم+راه	A0|O+N1	صفت|هم + اسم
‎11	شد
	شد	شد	شد	V	سوم شخص مفرد
12	!
	!	!	!	O	
13	.
	.	.	.	O	
14	.
	.	.	.	O	

‎0	ادبیات
	ادبیات|ادبی	ادبیات|ادبی	ادبیات|ادبی+ات	N1|A0+Pl	اسم|صفت + علامت جمع
‎1	که
	که|که|که|که	که|که|که|که	که|که|که|که	C0|NA|N1|N1	حرف ربط|ضمیر پرسشی|اسم|اسم
‎2	تا
	تا|تا|تا	تا|تا|تا	تا|تا|تا	Pr|C0|Ab	حرف اضافه|حرف ربط|اختصارات
‎3	ابد
	ابد	ابد	ابد	A0	صفت
‎4	چين‌دار
	چین‌دار	چین‌دار	چین‌دار	A0	صفت
‎5	و
	و|و|و	و|و|و	و|و|و	C0|Ab|Al	حرف ربط|اختصارات|حروف الفبا
‎6	استاد
	استاد|استاد	استاد|استاد	استاد|استاد	A0|Sp	صفت|شاخص
‎7	حفظ
	حفظ	حفظ	حفظ	N1	اسم
‎8	و
	و|و|و	و|و|و	و|و|و	C0|Ab|Al	حرف ربط|اختصارات|حروف الفبا
‎9	حافظه
	حافظه|حافظ	حافظه|حافظ	حافظه|حافظ+ه	N1|N1+O	اسم|اسم + ه
‎10	منفعت
	منفعت	منفعت	منفعت	N1	اسم
‎11	مورد
	مورد|مورد|مورد	مورد|مورد|مورد	مورد|مورد|مورد	N1|N1|N9	اسم|اسم|اسم موجود در ساختمان حرف اضافه و حرف ربط گروهی
‎12	حفاظت
	حفاظت|حفاظ	حفاظت|حفاظ	حفاظت|حفاظ+ت	N1|N1+N	اسم|اسم + ضمیر ملکی دوم شخص مفرد
‎13	دانشجو
	دانشجو|دانش|دان	دانشجو|دانش|دان	دانشجو|دانش+جو|دان+ش+جو	N1|N1+O|V1+O+O	اسم|اسم + جو|بن مضارع + ش + جو
‎14	است
	است|اس	است|اس	است|اس+ت	V|N1+N	سوم شخص مفرد|اسم + ضمیر ملکی دوم شخص مفرد
15	،
	،	،	،	O	
‎16	پریان
	پری|پر|پر|پر	پری|پر|پر|پر	پری+ان|پر+ی+ان|پر+ی+ان|پر+ی+ان	N1+Pl|V1+Y+Pl|A0+Y+Pl|N1+Y+Pl	اسم + ان|بن مضارع + ی + ان|صفت + ی + ان|اسم + ی + ان
‎17	پیرین
	پیر	پیر	پیر+ین	A0+O	صفت + ین
‎18	هم
	هم|هم|هم	هم|هم|هم	هم|هم|هم	Ad|C0|N	قید|حرف ربط|ضمیر مشترک/متقابل
‎19	که
	که|که|که|که	که|که|که|که	که|که|که|که	C0|NA|N1|N1	حرف ربط|ضمیر پرسشی|اسم|اسم
‎20	پنیر
	پنیر	پنیر	پنیر	N1	اسم
‎21	را
	را	را	را	Po	حرف اضافه پسین
‎22	برداشته
	برداشت|برداشت	برداشت|برداشت	برداشت+ه|برداشت+ه	O+O|N1+O	ریشه ماضی + ه|اسم + ه
‎23	و
	و|و|و	و|و|و	و|و|و	C0|Ab|Al	حرف ربط|اختصارات|حروف الفبا
‎24	شناكنان
	شناکنان|کان	شناکنان|کان	شناکنان|کان+شن+ان	Ad|N1+O+Pl	قید|اسم + شن + ان
‎25	با
	با	با	با	Pr	حرف اضافه
‎26	آشنایی
	آشنایی|آشنا	آشنایی|آشنا	آشنایی|آشنا+یی	N1|A0+O	اسم|صفت + یی
‎27	به
	به|به	به|به	به|به	Pr|N1	حرف اضافه|اسم
‎28	مزه
	مزه|مزه	مزه|مزه	مزه|مزه	N1|N1	اسم|اسم
29	،
	،	،	،	O	
‎30	ان
	ان	ان	ان	Ab	اختصارات
‎31	را
	را	را	را	Po	حرف اضافه پسین
‎32	لیمو
	لیمو	لیمو	لیمو	N1	اسم
‎33	زدند
	زد|زد	زد|زد	زد+ند|زد+ند	V|N1+V	سوم شخص جمع|اسم + فعل سوم شخص جمع
34	.
	.	.	.	O	

‎0	آن‌ها
	آنها|آنها	آنها|آنها	آنها|آنها	N5|N6	ضمیر فاعلی|ضمیر اشاره
‎1	میل
	میل|میل	میل|میل	میل|میل	N1|N1	اسم|اسم
‎2	به
	به|به	به|به	به|به	Pr|N1	حرف اضافه|اسم
‎3	ليمو
	لیمو	لیمو	لیمو	N1	اسم
‎4	نداشتند
	داشت|داشت	داشت|داشت	ن+داشت+ند|ن+داشت+ند	V|Neg+V5+V	سوم شخص جمع|ن + فعل کمکی + فعل سوم شخص جمع
‎5	اما
	اما	اما	اما	C0	حرف ربط
‎6	سایه‌های
	سایه	سایه	سایه+ها+ی	N1+Pl+Y	اسم + علامت جمع + ی
‎7	سیاهین
	سیاه|سیا	سیاه|سیا	سیاه+ین|سیا+ه+ین	A0+O|N1+O+O	صفت + ین|اسم + ه + ین
‎8	بازآمده
	بازآمده	بازآمده	بازآمده	A0	صفت
‎9	و
	و|و|و	و|و|و	و|و|و	C0|Ab|Al	حرف ربط|اختصارات|حروف الفبا
‎10	بازی
	بازی|باز|باز|باز|باز	بازی|باز|باز|باز|باز	بازی|باز+ی|باز+ی|باز+ی|باز+ی	N1|V|A0+Y|N1+Y|Ad+Y	اسم|دوم شخص مفرد|صفت + ی|اسم + ی|قید + ی
‎11	زیبایی
	زیبایی|زیبا	زیبایی|زیبا	زیبایی|زیبا+یی	N1|A0+O	اسم|صفت + یی
‎12	رابين
	رابین	رابین	رابین	N3	اسم خاص اشخاص
‎13	آنان
	آنان	آنان	آنان	N5	ضمیر فاعلی
‎14	و
	و|و|و	و|و|و	و|و|و	C0|Ab|Al	حرف ربط|اختصارات|حروف الفبا
‎15	به
	به|به	به|به	به|به	Pr|N1	حرف اضافه|اسم
‎16	راه
	راه|راه	راه|راه	راه|راه	N1|N9	اسم|اسم موجود در ساختمان حرف اضافه و حرف ربط گروهی
‎17	انداخته بودند
	انداخت	انداخت	انداخت+ه+بود+ند	V	سوم شخص جمع
‎18	و
	و|و|و	و|و|و	و|و|و	C0|Ab|Al	حرف ربط|اختصارات|حروف الفبا
‎19	دما
	دما	دما	دما	N1	اسم
‎20	بالا
	بالا	بالا	بالا	A0	صفت
‎21	رفته بود
	رفت|رفت	رفت|رفت	رفت+ه+بود|رفت+ه+بود	V|V	سوم شخص مفرد|سوم شخص مفرد
22	:
	:	:	:	O	
‎23	دام‌ها
	دام	دام	دام+ها	N1+Pl	اسم + علامت جمع
‎24	دیگر
	دیگر|دیگر|دی	دیگر|دیگر|دی	دیگر|دیگر|دی+گر	Ad|A2|N1+O	قید|صفت مبهم|اسم + گر
‎25	تاب
	تاب|تاب	تاب|تاب	تاب|تاب	V|N1	فعل امر مثبت|اسم
‎26	این
	این|این	این|این	این|این	A1|N6	صفت اشاره|ضمیر اشاره
‎27	را
	را	را	را	Po	حرف اضافه پسین
‎28	نداشتند
	داشت|داشت	داشت|داشت	ن+داشت+ند|ن+داشت+ند	V|Neg+V5+V	سوم شخص جمع|ن + فعل کمکی + فعل سوم شخص جمع
29	.
	.	.	.	O	

‎0	نبات
	نبات	نبات	نبات	N1	اسم
‎1	و
	و|و|و	و|و|و	و|و|و	C0|Ab|Al	حرف ربط|اختصارات|حروف الفبا
‎2	برنج
	برنج	برنج	برنج	N1	اسم
‎3	و
	و|و|و	و|و|و	و|و|و	C0|Ab|Al	حرف ربط|اختصارات|حروف الفبا
4	…
	…	…	…	N
5	…
	…	…	…	N

‎0	را
	را	را	را	Po	حرف اضافه پسین
‎1	به
	به|به	به|به	به|به	Pr|N1	حرف اضافه|اسم
‎2	برج
	برج|برج	برج|برج	برج|برج	N1|N1	اسم|اسم
‎3	بردم
	برد|برد|برد|رد|رد	برد|برد|برد|رد|رد	برد+م|برد+م|برد+م|ب+رد+م|ب+رد+م	V|N1+N|N1+V|O+A0+N|O+A0+V	اول شخص مفرد|اسم + ضمیر ملکی اول شخص مفرد|اسم + فعل اول شخص مفرد|ب + صفت + ضمیر ملکی اول شخص مفرد|ب + صفت + فعل اول شخص مفرد
‎4	مشک
	مشک|مشک|مش|مش	مشک|مشک|مش|مش	مشک|مشک|مش+ک|مش+ک	N1|N1|N1+O|N1+O	اسم|اسم|اسم + ک|اسم + ک
‎5	مشکین
	مشکین|مشک|مشک	مشکین|مشک|مشک	مشکین|مشک+ین|مشک+ین	A0|N1+O|N1+O	صفت|اسم + ین|اسم + ین
‎6	را
	را	را	را	Po	حرف اضافه پسین
‎7	پر
	پر|پر|پر	پر|پر|پر	پر|پر|پر	V|A0|N1	فعل امر مثبت|صفت|اسم
‎8	از
	از	از	از	Pr	حرف اضافه
‎9	ابی
	ابی|اب	ابی|اب	ابی|اب+ی	N1|N1+Y	اسم|اسم + ی
‎10	کردم
	کرد|کرد|کرد	کرد|کرد|کرد	کرد+م|کرد+م|کرد+م	V|N1+N|N1+V	اول شخص مفرد|اسم + ضمیر ملکی اول شخص مفرد|اسم + فعل اول شخص مفرد
‎11	تا
	تا|تا|تا	تا|تا|تا	تا|تا|تا	Pr|C0|Ab	حرف اضافه|حرف ربط|اختصارات
‎12	شکمش
	شکم	شکم	شکم+ش	N1+N	اسم + ضمیر ملکی سوم شخص مفرد
‎13	را
	را	را	را	Po	حرف اضافه پسین
‎14	مانند
	مانند|مانند|مان|مان	مانند|مانند|مان|مان	مانند|مانند|مان+ند|مان+ند	N1|N9|V|N1+V	اسم|اسم موجود در ساختمان حرف اضافه و حرف ربط گروهی|سوم شخص جمع|اسم + فعل سوم شخص جمع
‎15	تشت
	تشت	تشت	تشت	N1	اسم
‎16	پر
	پر|پر|پر	پر|پر|پر	پر|پر|پر	V|A0|N1	فعل امر مثبت|صفت|اسم
‎17	کنم
	کن|کن	کن|کن	کن+م|کن+م	V|V	اول شخص مفرد|اول شخص مفرد
‎18	اما
	اما	اما	اما	C0	حرف ربط
‎19	شوش
	شوش	شوش	شوش	N2	اسم خاص مکان
‎20	تشکش
	تشک	تشک	تشک+ش	N1+N	اسم + ضمیر ملکی سوم شخص مفرد
‎21	خیس
	خیس|خیس	خیس|خیس	خیس|خیس	V|A0	فعل امر مثبت|صفت
‎22	شد
	شد	شد	شد	V	سوم شخص مفرد
23	.
	.	.	.	O	

‎0	تمشک
	تمشک	تمشک	تمشک	N
‎1	رزمندگی
	رزمندگی|رزمنده|رزم|رزم	رزمندگی|رزمنده|رزم|رزم	رزمندگی|رزمنده+گی|رزم+نده+گی|رزم+نده+گی	N1|A0+O|V1+O+O|N1+O+O	اسم|صفت + گی|بن مضارع + نده + گی|اسم + نده + گی
‎2	در
	در|در|در|در|در	در|در|در|در|در	در|در|در|در|در	Pr|V|N1|N1|VPr	حرف اضافه|فعل امر مثبت|اسم|اسم|پیشوند فعل
‎3	مرزهای
	مرز	مرز	مرز+ها+ی	N1+Pl+Y	اسم + علامت جمع + ی
‎4	ترمز
	ترمز	ترمز	ترمز	N1	اسم
‎5	بریدن
	برید|بر|بر	برید|بر|بر	برید+ن|بر+ید+ن|بر+ید+ن	V2+Neg|V1+V+Neg|V1+V+Neg	بن ماضی + ن|بن مضارع + فعل دوم شخص جمع + ن|بن مضارع + فعل دوم شخص جمع + ن
‎6	یاران
	یار	یار	یار+ان	N1+Pl	اسم + ان
‎7	دربرابر
	دربرابر	دربرابر	دربرابر	Pr1	حرف اضافه گروهی
‎8	کلم
	کلم|کل|کل|کل|کل|کل|کل|کل|کل|کل|کل	کلم|کل|کل|کل|کل|کل|کل|کل|کل|کل|کل	کلم|کل+م|کل+م|کل+م|کل+م|کل+م|کل+م|کل+م|کل+م|کل+م|کل+م	N1|A0+N|A0+V|A0+N|A0+V|N1+N|N1+V|N1+N|N1+V|N1+N|N1+V	اسم|صفت + ضمیر ملکی اول شخص مفرد|صفت + فعل اول شخص مفرد|صفت + ضمیر ملکی اول شخص مفرد|صفت + فعل اول شخص مفرد|اسم + ضمیر ملکی اول شخص مفرد|اسم + فعل اول شخص مفرد|اسم + ضمیر ملکی اول شخص مفرد|اسم + فعل اول شخص مفرد|اسم + ضمیر ملکی اول شخص مفرد|اسم + فعل اول شخص مفرد
‎9	برای
	برای	برای	برای	Pr	حرف اضافه
‎10	کلمن
	کلمن|کلمن	کلمن|کلمن	کلمن|کلمن	N1|N1	اسم|اسم
‎11	است
	است|اس	است|اس	است|اس+ت	V|N1+N	سوم شخص مفرد|اسم + ضمیر ملکی دوم شخص مفرد
12	.
	.	.	.	O	

‎0	ملکی
	ملکی|ملکی|ملک|ملک|ملک|مل|مل	ملکی|ملکی|ملک|ملک|ملک|مل|مل	ملکی|ملکی|ملک+ی|ملک+ی|ملک+ی|مل+ک+ی|مل+ک+ی	A0|N4|N1+Y|N1+Y|N1+Y|N1+O+Y|N1+O+Y	صفت|اسم فامیل|اسم + ی|اسم + ی|اسم + ی|اسم + ک + ی|اسم + ک + ی
‎1	که
	که|که|که|که	که|که|که|که	که|که|که|که	C0|NA|N1|N1	حرف ربط|ضمیر پرسشی|اسم|اسم
‎2	برای
	برای	برای	برای	Pr	حرف اضافه
‎3	آماده
	آماده|آماد	آماده|آماد	آماده|آماد+ه	A0|N1+O	صفت|اسم + ه
‎4	شده بود
	شد	شد	شد+ه+بود	V	سوم شخص مفرد
‎5	اما
	اما	اما	اما	C0	حرف ربط
‎6	ملکه‌ها
	ملکه|ملک|ملک|ملک|مل|مل	ملکه|ملک|ملک|ملک|مل|مل	ملکه+ها|ملک+ه+ها|ملک+ه+ها|ملک+ه+ها|مل+ک+ه+ها|مل+ک+ه+ها	N1+Pl|N1+O+Pl|N1+O+Pl|N1+O+Pl|N1+O+O+Pl|N1+O+O+Pl	اسم + علامت جمع|اسم + ه + علامت جمع|اسم + ه + علامت جمع|اسم + ه + علامت جمع|اسم + ک + ه + علامت جمع|اسم + ک + ه + علامت جمع
‎7	در
	در|در|در|در|در	در|در|در|در|در	در|در|در|در|در	Pr|V|N1|N1|VPr	حرف اضافه|فعل امر مثبت|اسم|اسم|پیشوند فعل
‎8	ان
	ان	ان	ان	Ab	اختصارات
‎9	نرفتند
	رفت|رفت	رفت|رفت	ن+رفت+ند|ن+رفت+ند	V|V	سوم شخص جمع|سوم شخص جمع
‎10	اگر
	اگر	اگر	اگر	C0	حرف ربط
‎11	پاکان
	پاک	پاک	پاک+ان	A0+Pl	صفت + ان
‎12	هنر
	هنر	هنر	هنر	N1	اسم
‎13	خود
	خود|خود	خود|خود	خود|خود	N|N1	ضمیر مشترک/متقابل|اسم
‎14	را
	را	را	را	Po	حرف اضافه پسین
‎15	در
	در|در|در|در|در	در|در|در|در|در	در|در|در|در|در	Pr|V|N1|N1|VPr	حرف اضافه|فعل امر مثبت|اسم|اسم|پیشوند فعل
‎16	پاکت‌شان
	پاکت	پاکت	پاکت+شان	N1+N	اسم + ضمیر ملکی سوم شخص جمع
‎17	قرار
	قرار|قرار	قرار|قرار	قرار|قرار	N1|N9	اسم|اسم موجود در ساختمان حرف اضافه و حرف ربط گروهی
‎18	داده
	داده|داد|داد	داده|داد|داد	داده|داد+ه|داد+ه	N1|O+O|N1+O	اسم|ریشه ماضی + ه|اسم + ه
‎19	و
	و|و|و	و|و|و	و|و|و	C0|Ab|Al	حرف ربط|اختصارات|حروف الفبا
‎20	هنری
	هنری|هنر	هنری|هنر	هنری|هنر+ی	A0|N1+Y	صفت|اسم + ی
‎21	از
	از	از	از	Pr	حرف اضافه
‎22	خود
	خود|خود	خود|خود	خود|خود	N|N1	ضمیر مشترک/متقابل|اسم
‎23	نشان
	نشان|نشان	نشان|نشان	نشان|نشان	V|N1	فعل امر مثبت|اسم
‎24	دهند
	ده|ده	ده|ده	ده+ند|ده+ند	V|N1+V	سوم شخص جمع|اسم + فعل سوم شخص جمع
‎25	در
	در|در|در|در|در	در|در|در|در|در	در|در|در|در|در	Pr|V|N1|N1|VPr	حرف اضافه|فعل امر مثبت|اسم|اسم|پیشوند فعل
‎26	قرون
	قرون|قر|قر	قرون|قر|قر	قرون|قر+ون|قر+ون	N1|N1+Pl|N1+Pl	اسم|اسم + علامت جمع|اسم + علامت جمع
‎27	وسطا
	وسطا	وسطا	وسطا	A0	صفت
‎28	شهرهای
	شهر	شهر	شهر+ها+ی	N1+Pl+Y	اسم + علامت جمع + ی
‎29	یزد
	یزد	یزد	یزد	N2	اسم خاص مکان
‎30	نقره
	نقره|نقر	نقره|نقر	نقره|نقر+ه	N1|N1+O	اسم|اسم + ه
‎31	و
	و|و|و	و|و|و	و|و|و	C0|Ab|Al	حرف ربط|اختصارات|حروف الفبا
‎32	سیمین
	سیمین	سیمین	سیمین	N3	اسم خاص اشخاص
‎33	و
	و|و|و	و|و|و	و|و|و	C0|Ab|Al	حرف ربط|اختصارات|حروف الفبا
‎34	زرین
	زرین|زر|زر	زرین|زر|زر	زرین|زر+ین|زر+ین	A0|N1+O|N1+O	صفت|اسم + ین|اسم + ین
‎35	بافته‌ها
	بافته|بافت|بافت|فته|فت	بافته|بافت|بافت|فته|فت	بافته+ها|بافت+ه+ها|بافت+ه+ها|با+فته+ها|با+فت+ه+ها	A0+Pl|O+O+Pl|N1+O+Pl|O+N1+Pl|O+A0+O+Pl	صفت + علامت جمع|ریشه ماضی + ه + علامت جمع|اسم + ه + علامت جمع|با + اسم + علامت جمع|با + صفت + ه + علامت جمع
‎36	را
	را	را	را	Po	حرف اضافه پسین
‎37	می‌یابند
	یاب	یاب	می+یاب+ند	V	سوم شخص جمع
38	.
	.	.	.	O	

‎0	کاه
	کاه|کاه	کاه|کاه	کاه|کاه	V|N1	فعل امر مثبت|اسم
‎1	که
	که|که|که|که	که|که|که|که	که|که|که|که	C0|NA|N1|N1	حرف ربط|ضمیر پرسشی|اسم|اسم
‎2	از
	از	از	از	Pr	حرف اضافه
‎3	اه‌های
	اه	اه	اه+ها+ی	N1+Pl+Y	اسم + علامت جمع + ی
‎4	به‌هم‌پيوسته
	به‌هم‌پیوسته	به‌هم‌پیوسته	به‌هم‌پیوسته	A0	صفت
‎5	به
	به|به	به|به	به|به	Pr|N1	حرف اضافه|اسم
‎6	وجود
	وجود|وجود	وجود|وجود	وجود|وجود	N1|N9	اسم|اسم موجود در ساختمان حرف اضافه و حرف ربط گروهی
‎7	امده
	امد	امد	امد+ه	N1+O	اسم + ه
‎8	ارزش
	ارزش|ارز|ارز	ارزش|ارز|ارز	ارزش|ارز+ش|ارز+ش	N1|V|N1+N	اسم|سوم شخص مفرد|اسم + ضمیر ملکی سوم شخص مفرد
‎9	کاهو
	کاهو	کاهو	کاهو	N1	اسم
‎10	ندارد
	دار|دار	دار|دار	ن+دار+د|ن+دار+د	V|Neg+V5+O	سوم شخص مفرد|ن + فعل کمکی + د
‎11	و
	و|و|و	و|و|و	و|و|و	C0|Ab|Al	حرف ربط|اختصارات|حروف الفبا
‎12	ما
	ما	ما	ما	N5	ضمیر فاعلی
‎13	به
	به|به	به|به	به|به	Pr|N1	حرف اضافه|اسم
‎14	صدمین
	صد	صد	صد+مین	No+O	عدد حرفی + مین
‎15	لغت
	لغت|لغ	لغت|لغ	لغت|لغ+ت	N1|A0+N	اسم|صفت + ضمیر ملکی دوم شخص مفرد
‎16	از
	از	از	از	Pr	حرف اضافه
‎17	کلمه‌ها
	کلمه|کلم	کلمه|کلم	کلمه+ها|کلم+ه+ها	N1+Pl|N1+O+Pl	اسم + علامت جمع|اسم + ه + علامت جمع
‎18	و
	و|و|و	و|و|و	و|و|و	C0|Ab|Al	حرف ربط|اختصارات|حروف الفبا
‎19	لغات
	لغات|لغ	لغات|لغ	لغات|لغ+ات	N1|A0+Pl	اسم|صفت + علامت جمع
‎20	رسیدیم
	رسید|رسید|رسید	رسید|رسید|رسید	رسید+یم|رسید+ی+م|رسید+یم	V|V|N1+V	اول شخص جمع|دوم شخص مفرد|اسم + فعل اول شخص جمع
21	!
	!	!	!	O	
22	!
	!	!	!	O	

0	۱۰۰۰
	۱۰۰۰	۱۰۰۰	۱۰۰۰	No	عدد رقمی
‎1	رفتیم
	رفت|رفت|رفت|رفت	رفت|رفت|رفت|رفت	رفت+یم|رفت+ی+م|رفت+یم|رفت+ی+م	V|V|V|V	اول شخص جمع|دوم شخص مفرد|اول شخص جمع|دوم شخص مفرد
‎2	؟
	؟	؟	؟	O	
3	!
	!	!	!	O	

‎0	پیراهنش
	پیراهن	پیراهن	پیراهن+ش	N1+N	اسم + ضمیر ملکی سوم شخص مفرد
‎1	را
	را	را	را	Po	حرف اضافه پسین
‎2	با
	با	با	با	Pr	حرف اضافه
‎3	دارچین
	دارچین|دارچین	دارچین|دارچین	دارچین|دارچین	N1|A0	اسم|صفت
‎4	در
	در|در|در|در|در	در|در|در|در|در	در|در|در|در|در	Pr|V|N1|N1|VPr	حرف اضافه|فعل امر مثبت|اسم|اسم|پیشوند فعل
‎5	کابینت
	کابینت|کابین	کابینت|کابین	کابینت|کابین+ت	N1|N1+N	اسم|اسم + ضمیر ملکی دوم شخص مفرد
‎6	كه
	که|که|که|که	که|که|که|که	که|که|که|که	C0|NA|N1|N1	حرف ربط|ضمیر پرسشی|اسم|اسم
‎7	پسرش
	پسر	پسر	پسر+ش	N1+N	اسم + ضمیر ملکی سوم شخص مفرد
‎8	که
	که|که|که|که	که|که|که|که	که|که|که|که	C0|NA|N1|N1	حرف ربط|ضمیر پرسشی|اسم|اسم
‎9	در
	در|در|در|در|در	در|در|در|در|در	در|در|در|در|در	Pr|V|N1|N1|VPr	حرف اضافه|فعل امر مثبت|اسم|اسم|پیشوند فعل
‎10	افتاده بود
	افتاد	افتاد	افتاد+ه+بود	V	سوم شخص مفرد
‎11	آنجا
	آنجا	آنجا	آنجا	Ad	قید
‎12	بود
	بود|بود|بود|بو	بود|بود|بود|بو	بود|بود|بود|بو+د	V|N1|V|V	سوم شخص مفرد|اسم|سوم شخص مفرد|سوم شخص مفرد
‎13	گذاریده
	گذاریده	گذاریده	گذاریده	N
‎14	و
	و|و|و	و|و|و	و|و|و	C0|Ab|Al	حرف ربط|اختصارات|حروف الفبا
‎15	با
	با	با	با	Pr	حرف اضافه
‎16	خمپاره
	خمپاره	خمپاره	خمپاره	N1	اسم
‎17	نمکدان
	نمکدان|نمک|مک	نمکدان|نمک|مک	نمکدان|نمک+دان|ن+مک+دان	N1|N1+Pl|Neg+V1+Pl	اسم|اسم + دان|ن + بن مضارع + دان
‎18	را
	را	را	را	Po	حرف اضافه پسین
‎19	برداشت
	برداشت|برداشت	برداشت|برداشت	برداشت|برداشت	V|N1	سوم شخص مفرد|اسم
20	.
	.	.	.	O	

‎0	سليمان
	سلیمان	سلیمان	سلیمان	N3	اسم خاص اشخاص
‎1	و
	و|و|و	و|و|و	و|و|و	C0|Ab|Al	حرف ربط|اختصارات|حروف الفبا
‎2	سیمان
	سیمان	سیمان	سیمان	N1	اسم
‎3	باقلوا
	باقلوا	باقلوا	باقلوا	N1	اسم
‎4	بود
	بود|بود|بود|بو	بود|بود|بود|بو	بود|بود|بود|بو+د	V|N1|V|V	سوم شخص مفرد|اسم|سوم شخص مفرد|سوم شخص مفرد
5	.
	.	.	.	O	

‎0	شمعدان
	شمعدان|شمع	شمعدان|شمع	شمعدان|شمع+دان	N1|N1+Pl	اسم|اسم + دان
‎1	گردگیری
	گردگیری	گردگیری	گردگیری	N1	اسم
‎2	شهریور
	شهریور|شهر	شهریور|شهر	شهریور|شهر+ی+ور	N1|N1+Y+O	اسم|اسم + ی + ور
‎3	سرزمینی
	سرزمین	سرزمین	سرزمین+ی	N1+Y	اسم + ی
‎4	بی‌نگهبان
	نگهبان	نگهبان	بی+نگهبان	O+N1	بی + اسم
‎5	تو
	تو|تو|تو	تو|تو|تو	تو|تو|تو	N5|Ad|N1	ضمیر فاعلی|قید|اسم
‎6	شلوارکشی
	شلوار|شل	شلوار|شل	شلوار+ک+ش+ی|شل+وار+ک+ش+ی	N1+O+N+Y|N1+O+O+N+Y	اسم + ک + ضمیر ملکی سوم شخص مفرد + ی|اسم + وار + ک + ضمیر ملکی سوم شخص مفرد + ی
‎7	که
	که|که|که|که	که|که|که|که	که|که|که|که	C0|NA|N1|N1	حرف ربط|ضمیر پرسشی|اسم|اسم
‎8	سیاه‌رگ
	سیاهرگ	سیاهرگ	سیاهرگ	N1	اسم
‎9	می‌بری
	بر|بر|می|می	بر|بر|می|می	می+بر+ی|می+بر+ی|می+بر+ی|می+بر+ی	V|V|N1+O+Y|N1+O+Y	دوم شخص مفرد|دوم شخص مفرد|اسم + بر + ی|اسم + بر + ی
‎10	؟
	؟	؟	؟	O	

‎0	کهنسالی
	کهنسال	کهنسال	کهنسال+ی	A0+Y	صفت + ی
‎1	بلندگو
	بلندگو	بلندگو	بلندگو	N1	اسم
‎2	را
	را	را	را	Po	حرف اضافه پسین
‎3	برداشت
	برداشت|برداشت	برداشت|برداشت	برداشت|برداشت	V|N1	سوم شخص مفرد|اسم
4	…
	…	…	…	N
5	.
	.	.	.	O	
6	.
	.	.	.	O	

‎0	گلوبند
	گلوبند	گلوبند	گلوبند	N1	اسم
‎1	را
	را	را	را	Po	حرف اضافه پسین
‎2	دست
	دست|دست	دست|دست	دست|دست	N1|N9	اسم|اسم موجود در ساختمان حرف اضافه و حرف ربط گروهی
‎3	و
	و|و|و	و|و|و	و|و|و	C0|Ab|Al	حرف ربط|اختصارات|حروف الفبا
‎4	مهتابی
	مهتابی|مهتاب	مهتابی|مهتاب	مهتابی|مهتاب+ی	A0|N1+Y	صفت|اسم + ی
‎5	را
	را	را	را	Po	حرف اضافه پسین
6	.
	.	.	.	O	

‎0	برد
	برد|برد|بر|بر|رد	برد|برد|بر|بر|رد	برد|برد|بر+د|بر+د|ب+رد	V|N1|V|V|O+A0	سوم شخص مفرد|اسم|سوم شخص مفرد|سوم شخص مفرد|ب + صفت
‎1	و
	و|و|و	و|و|و	و|و|و	C0|Ab|Al	حرف ربط|اختصارات|حروف الفبا
‎2	سر
	سر|سر|سر|سر|سر	سر|سر|سر|سر|سر	سر|سر|سر|سر|سر	V|N1|N1|N1|N9	فعل امر مثبت|اسم|اسم|اسم|اسم موجود در ساختمان حرف اضافه و حرف ربط گروهی
‎3	گاومیش
	گاومیش	گاومیش	گاومیش	N1	اسم
‎4	زد
	زد|زد|زد	زد|زد|زد	زد|زد|زد	V|N1|Ab	سوم شخص مفرد|اسم|اختصارات
‎5	ان
	ان	ان	ان	Ab	اختصارات
‎6	پسر
	پسر	پسر	پسر	N1	اسم
‎7	بدهي
	بدهی|ده|ده|ده	بدهی|ده|ده|ده	بدهی|ب+ده+ی|ب+ده+ی|ب+ده+ی	N1|V|O+No+Y|O+N1+Y	اسم|دوم شخص مفرد|ب + عدد حرفی + ی|ب + اسم + ی
‎8	بار
	بار|بار	بار|بار	بار|بار	V|N1	فعل امر مثبت|اسم
‎9	می‌آورد
	آورد|آور	آورد|آور	می+آورد|می+آور+د	V|V	سوم شخص مفرد|سوم شخص مفرد
10	.
	.	.	.	O	

‎0	پسرک
	پسرک|پسر	پسرک|پسر	پسرک|پسر+ک	N1|N1+O	اسم|اسم + ک
‎1	هوشيار
	هوشیار|هوش	هوشیار|هوش	هوشیار|هوش+یار	A0|N1+O	صفت|اسم + یار
‎2	را
	را	را	را	Po	حرف اضافه پسین
‎3	می‌سنجید
	سنجید|سنج	سنجید|سنج	می+سنجید|می+سنج+ید	V|V	سوم شخص مفرد|دوم شخص جمع
‎4	سوزنبان
	سوزنبان|سوزن	سوزنبان|سوزن	سوزنبان|سوزن+بان	N1|N1+Pl	اسم|اسم + بان
‎5	قصه
	قصه	قصه	قصه	N1	اسم
‎6	بادمجان
	بادمجان	بادمجان	بادمجان	N1	اسم
‎7	را
	را	را	را	Po	حرف اضافه پسین
‎8	با
	با	با	با	Pr	حرف اضافه
‎9	دم
	دم|دم|دم	دم|دم|دم	دم|دم|دم	V|N1|N1	فعل امر مثبت|اسم|اسم
‎10	کرد
	کرد|کرد	کرد|کرد	کرد|کرد	V|N1	سوم شخص مفرد|اسم
11	.
	.	.	.	O	

‎0	صندوقچه
	صندوقچه|صندوق	صندوقچه|صندوق	صندوقچه|صندوق+چه	N1|N1+O	اسم|اسم + چه
‎1	را
	را	را	را	Po	حرف اضافه پسین
‎2	درآورد
	درآورد|درآور	درآورد|درآور	درآورد|درآور+د	V|V	سوم شخص مفرد|سوم شخص مفرد
‎3	صندوقچه
	صندوقچه|صندوق	صندوقچه|صندوق	صندوقچه|صندوق+چه	N1|N1+O	اسم|اسم + چه
‎4	کاری
	کاری|کار|کار	کاری|کار|کار	کاری|کار+ی|کار+ی	A0|N1+Y|V	صفت|اسم + ی|دوم شخص مفرد
‎5	انجام
	انجام|انجام	انجام|انجام	انجام|انجام	N1|V	اسم|فعل امر مثبت
‎6	می‌دهد
	ده	ده	می+ده+د	V	سوم شخص مفرد
‎7	؟
	؟	؟	؟	O	

‎0	ماهیگیر
	ماهیگیر	ماهیگیر	ماهیگیر	N1	اسم
‎1	دیگر
	دیگر|دیگر|دی	دیگر|دیگر|دی	دیگر|دیگر|دی+گر	Ad|A2|N1+O	قید|صفت مبهم|اسم + گر
‎2	گیرهای
	گیر	گیر	گیر+ها+ی	A0+Pl+Y	صفت + علامت جمع + ی
‎3	نداشت
	داشت	داشت	ن+داشت	V	سوم شخص مفرد
‎4	و
	و|و|و	و|و|و	و|و|و	C0|Ab|Al	حرف ربط|اختصارات|حروف الفبا
‎5	فرنی
	فرنی	فرنی	فرنی	N1	اسم
‎6	خود
	خود|خود	خود|خود	خود|خود	N|N1	ضمیر مشترک/متقابل|اسم
‎7	را
	را	را	را	Po	حرف اضافه پسین
‎8	حرف
	حرف|حرف	حرف|حرف	حرف|حرف	N1|N1	اسم|اسم
‎9	چین
	چین|چین	چین|چین	چین|چین	V|N2	فعل امر مثبت|اسم خاص مکان
‎10	کرد
	کرد|کرد	کرد|کرد	کرد|کرد	V|N1	سوم شخص مفرد|اسم
11	.
	.	.	.	O	

‎0	روزی
	روزی|روز	روزی|روز	روزی|روز+ی	N1|N1+Y	اسم|اسم + ی
‎1	اختاپوست
	اختاپوس	اختاپوس	اختاپوس+ت	N1+N	اسم + ضمیر ملکی دوم شخص مفرد
‎2	خم
	خم|خم|خم	خم|خم|خم	خم|خم|خم	V|A0|N1	فعل امر مثبت|صفت|اسم
‎3	کرد
	کرد|کرد	کرد|کرد	کرد|کرد	V|N1	سوم شخص مفرد|اسم
4	.
	.	.	.	O	

‎0	جالباسی
	جالباسی	جالباسی	جالباسی	N1	اسم
‎1	هنرپیشه
	هنرپیشه	هنرپیشه	هنرپیشه	N1	اسم
‎2	دو
	دو|دو|دو|دو	دو|دو|دو|دو	دو|دو|دو|دو	No|V|V|N1	عدد حرفی|فعل امر مثبت|فعل امر مثبت|اسم
‎3	عنوان
	عنوان	عنوان	عنوان	N1	اسم
‎4	؟
	؟	؟	؟	O	
5	!
	!	!	!	O	

‎0	که
	که|که|که|که	که|که|که|که	که|که|که|که	C0|NA|N1|N1	حرف ربط|ضمیر پرسشی|اسم|اسم
‎1	دربست
	دربست|درب	دربست|درب	دربست|درب+ست	A0|N1+N	صفت|اسم + ضمیر ملکی سوم شخص مفرد
‎2	به
	به|به	به|به	به|به	Pr|N1	حرف اضافه|اسم
‎3	آزادی
	آزادی|آزاد	آزادی|آزاد	آزادی|آزاد+ی	N1|A0+Y	اسم|صفت + ی
‎4	می‌روند
	رو|رو	رو|رو	می+رو+ند|می+رو+ند	V|V	سوم شخص جمع|سوم شخص جمع
5	.
	.	.	.	O	

‎0	با
	با	با	با	Pr	حرف اضافه
‎1	انبردستش
	انبردست	انبردست	انبردست	N
‎2	زخمی
	زخمی|زخم	زخمی|زخم	زخمی|زخم+ی	A0|N1+Y	صفت|اسم + ی
‎3	شد
	شد	شد	شد	V	سوم شخص مفرد
‎4	روز
	روز	روز	روز	N1	اسم
‎5	در
	در|در|در|در|در	در|در|در|در|در	در|در|در|در|در	Pr|V|N1|N1|VPr	حرف اضافه|فعل امر مثبت|اسم|اسم|پیشوند فعل
‎6	خاوران
	خاوران	خاوران	خاوران	N2	اسم خاص مکان
‎7	با
	با	با	با	Pr	حرف اضافه
‎8	دوکان
	دوک	دوک	دوک+ان	N1+Pl	اسم + ان
‎9	و
	و|و|و	و|و|و	و|و|و	C0|Ab|Al	حرف ربط|اختصارات|حروف الفبا
‎10	گردن
	گردن	گردن	گردن	N1	اسم
‎11	است
	است|اس	است|اس	است|اس+ت	V|N1+N	سوم شخص مفرد|اسم + ضمیر ملکی دوم شخص مفرد
12	.
	.	.	.	O	

‎0	شالیزار
	شالیزار|شالی|شال	شالیزار|شالی|شال	شالیزار|شالی+زار|شال+ی+زار	N1|N1+O|N1+Y+O	اسم|اسم + زار|اسم + ی + زار
‎1	پر
	پر|پر|پر	پر|پر|پر	پر|پر|پر	V|A0|N1	فعل امر مثبت|صفت|اسم
‎2	از
	از	از	از	Pr	حرف اضافه
‎3	بلدرچين
	بلدرچین	بلدرچین	بلدرچین	N1	اسم
‎4	کماندار
	کماندار|کمان|کم|کم	کماندار|کمان|کم|کم	کماندار|کمان+دار|کم+ان+دار|کم+ان+دار	N1|N1+O|A0+Pl+O|N1+Pl+O	اسم|اسم + دار|صفت + ان + دار|اسم + ان + دار
‎5	دانمارک
	دانمارک	دانمارک	دانمارک	N1	اسم
‎6	که
	که|که|که|که	که|که|که|که	که|که|که|که	C0|NA|N1|N1	حرف ربط|ضمیر پرسشی|اسم|اسم
‎7	امده
	امد	امد	امد+ه	N1+O	اسم + ه
‎8	بودند
	بود|بود|بود	بود|بود|بود	بود+ند|بود+ند|بود+ند	V|N1+V|V	سوم شخص جمع|اسم + فعل سوم شخص جمع|سوم شخص جمع
‎9	شده بود
	شد	شد	شد+ه+بود	V	سوم شخص مفرد
‎10	چلوكباب
	چلوکباب	چلوکباب	چلوکباب	N1	اسم
‎11	شد
	شد	شد	شد	V	سوم شخص مفرد
‎12	و
	و|و|و	و|و|و	و|و|و	C0|Ab|Al	حرف ربط|اختصارات|حروف الفبا
‎13	من
	من	من	من	N5	ضمیر فاعلی
‎14	ستوان
	ستوان	ستوان	ستوان	N1	اسم
‎15	نگفتم
	گفت	گفت	ن+گفت+م	V	اول شخص مفرد
16	.
	.	.	.	O	

‎0	شكل
	شکل	شکل	شکل	N1	اسم
‎1	بیضی
	بیضی	بیضی	بیضی	N1	اسم
‎2	دارد
	دار|دار	دار|دار	دار+د|دار+د	V|V5+O	سوم شخص مفرد|فعل کمکی + د
‎3	دد
	دد	دد	دد	N1	اسم
4	.
	.	.	.	O	
5	.
	.	.	.	O	

‎0	رفسنجان
	رفسنجان	رفسنجان	رفسنجان	N2	اسم خاص مکان
‎1	در
	در|در|در|در|در	در|در|در|در|در	در|در|در|در|در	Pr|V|N1|N1|VPr	حرف اضافه|فعل امر مثبت|اسم|اسم|پیشوند فعل
‎2	فسنجان
	فسنجان	فسنجان	فسنجان	N1	اسم
‎3	فقط
	فقط	فقط	فقط	Ad	قید
‎4	یک
	یک	یک	یک	No	عدد حرفی
‎5	را
	را	را	را	Po	حرف اضافه پسین
‎6	کم
	کم|کم	کم|کم	کم|کم	A0|N1	صفت|اسم
‎7	دارد
	دار|دار	دار|دار	دار+د|دار+د	V|V5+O	سوم شخص مفرد|فعل کمکی + د
8	.
	.	.	.	O	

‎0	مخابره
	مخابره	مخابره	مخابره	N1	اسم
‎1	و
	و|و|و	و|و|و	و|و|و	C0|Ab|Al	حرف ربط|اختصارات|حروف الفبا
‎2	مخابرات
	مخابرات|مخابره	مخابرات|مخابره	مخابرات|مخابره+ات	N1|N1+Pl	اسم|اسم + علامت جمع
‎3	شنوایی
	شنوایی|شنوا	شنوایی|شنوا	شنوایی|شنوا+یی	N1|A0+O	اسم|صفت + یی
‎4	و
	و|و|و	و|و|و	و|و|و	C0|Ab|Al	حرف ربط|اختصارات|حروف الفبا
‎5	روشنایی
	روشنایی|روشن	روشنایی|روشن	روشنایی|روشن+ا+یی	N1|A0+O+O	اسم|صفت + ا + یی
‎6	در
	در|در|در|در|در	در|در|در|در|در	در|در|در|در|در	Pr|V|N1|N1|VPr	حرف اضافه|فعل امر مثبت|اسم|اسم|پیشوند فعل
‎7	شیروانی
	شیروانی|شیروان	شیروانی|شیروان	شیروانی|شیروان+ی	N1|N2+Y	اسم|اسم خاص مکان + ی
‎8	از
	از	از	از	Pr	حرف اضافه
‎9	من
	من	من	من	N5	ضمیر فاعلی
‎10	می‌گیرند
	گیر	گیر	می+گیر+ند	V	سوم شخص جمع
‎11	اردوگاه
	اردوگاه|اردو	اردوگاه|اردو	اردوگاه|اردو+گاه	N1|N1+O	اسم|اسم + گاه
‎12	درگاهی
	درگاهی|درگاه|گاهی|گاه|در|در	درگاهی|درگاه|گاهی|گاه|در|در	درگاهی|درگاه+ی|در+گاهی|در+گاه+ی|در+گاه+ی|در+گاه+ی	N1|N1+Y|O+Ad|O+Ad+Y|N1+O+Y|N1+O+Y	اسم|اسم + ی|در + قید|در + قید + ی|اسم + گاه + ی|اسم + گاه + ی
‎13	بر
	بر|بر|بر|بر|بر	بر|بر|بر|بر|بر	بر|بر|بر|بر|بر	Pr|V|V|VPr|N1	حرف اضافه|فعل امر مثبت|فعل امر مثبت|پیشوند فعل|اسم
‎14	برای
	برای	برای	برای	Pr	حرف اضافه
‎15	کارنامه
	کارنامه	کارنامه	کارنامه	N1	اسم
‎16	ارزان
	ارزان|ارز	ارزان|ارز	ارزان|ارز+ان	A0|N1+Pl	صفت|اسم + ان
‎17	رایانه
	رایانه|رایان	رایانه|رایان	رایانه|رایان+ه	N1|V1+O	اسم|بن مضارع + ه
‎18	است
	است|اس	است|اس	است|اس+ت	V|N1+N	سوم شخص مفرد|اسم + ضمیر ملکی دوم شخص مفرد
‎19	به
	به|به	به|به	به|به	Pr|N1	حرف اضافه|اسم
‎20	قبرستان
	قبرستان|قبر	قبرستان|قبر	قبرستان|قبر+ستان	N1|N1+Pl	اسم|اسم + ستان
‎21	پيشنهاد
	پیشنهاد|نهاد|نهاد	پیشنهاد|نهاد|نهاد	پیشنهاد|پیش+نهاد|پیش+نهاد	N1|V|V	اسم|سوم شخص مفرد|سوم شخص مفرد
‎22	ثروتمند
	ثروتمند|ثروت	ثروتمند|ثروت	ثروتمند|ثروت+مند	A0|N1+O	صفت|اسم + مند
‎23	سرخ‌پوست
	سرخ‌پوست	سرخ‌پوست	سرخ‌پوست	A0	صفت
‎24	سرسخت
	سرسخت	سرسخت	سرسخت	A0	صفت
‎25	كلاه‌خود
	کلاه‌خود	کلاه‌خود	کلاه‌خود	N1	اسم
‎26	خود
	خود|خود	خود|خود	خود|خود	N|N1	ضمیر مشترک/متقابل|اسم
‎27	را
	را	را	را	Po	حرف اضافه پسین
‎28	در
	در|در|در|در|در	در|در|در|در|در	در|در|در|در|در	Pr|V|N1|N1|VPr	حرف اضافه|فعل امر مثبت|اسم|اسم|پیشوند فعل
‎29	داشبورد
	داشبورد	داشبورد	داشبورد	N
‎30	گارانتی
	گارانتی	گارانتی	گارانتی	N1	اسم
‎31	کرد
	کرد|کرد	کرد|کرد	کرد|کرد	V|N1	سوم شخص مفرد|اسم
‎32	این
	این|این	این|این	این|این	A1|N6	صفت اشاره|ضمیر اشاره
‎33	سنگاپور
	سنگاپور	سنگاپور	سنگاپور	N2	اسم خاص مکان
‎34	علیست
	علی	علی	علی+ست	A0+N	صفت + ضمیر ملکی سوم شخص مفرد
‎35	چون
	چون|چون	چون|چون	چون|چون	C0|Pr	حرف ربط|حرف اضافه
‎36	او
	او|او	او|او	او|او	N5|Ab	ضمیر فاعلی|اختصارات
37	.
	.	.	.	O	

‎0	آر
	آر|آر	آر|آر	آر|آر	N1|Ab	اسم|اختصارات
‎1	ای‌اش
	ای اش	ای اش	ای اش	N
‎2	را
	را	را	را	Po	حرف اضافه پسین
‎3	در
	در|در|در|در|در	در|در|در|در|در	در|در|در|در|در	Pr|V|N1|N1|VPr	حرف اضافه|فعل امر مثبت|اسم|اسم|پیشوند فعل
‎4	بیمارستان
	بیمارستان|بیمار|مار	بیمارستان|بیمار|مار	بیمارستان|بیمار+ستان|بی+مار+ستان	N1|A0+Pl|O+N1+Pl	اسم|صفت + ستان|بی + اسم + ستان
‎5	آغول
	آغول	آغول	آغول	N1	اسم
6	.
	.	.	.	O	
‎7	باغول
	باغ|غول	باغ|غول	باغ+ول|با+غول	N1+O|O+N1	اسم + ول|با + اسم
8	.
	.	.	.	O	
‎9	از
	از	از	از	Pr	حرف اضافه
10	۱۰،۵
	۱۰، ۵	۱۰، ۵	۱۰، ۵	N
‎11	سال
	سال	سال	سال	N1	اسم
‎12	پیش
	پیش|پیش|پی	پیش|پیش|پی	پیش|پیش|پی+ش	A0|N9|N1+N	صفت|اسم موجود در ساختمان حرف اضافه و حرف ربط گروهی|اسم + ضمیر ملکی سوم شخص مفرد
‎13	تابه‌حال
	تابه‌حال	تابه‌حال	تابه‌حال	Ad	قید
‎14	که
	که|که|که|که	که|که|که|که	که|که|که|که	C0|NA|N1|N1	حرف ربط|ضمیر پرسشی|اسم|اسم
‎15	شده
	شد	شد	شد+ه	V3+O	فعل اسنادی + ه
16	۱۲
	۱۲	۱۲	۱۲	No	عدد رقمی
‎17	ونیم
	ون	ون	ون+یم	N1+V	اسم + فعل اول شخص جمع
‎18	سال
	سال	سال	سال	N1	اسم
‎19	می‌گیرد
	گیر	گیر	می+گیر+د	V	سوم شخص مفرد
20	.
	.	.	.	O	
21	.
	.	.	.	O	

‎0	قلم‌كاري
	قلم‌کاری|قلم‌کار	قلم‌کاری|قلم‌کار	قلم‌کاری|قلم‌کار+ی	N1|A0+Y	اسم|صفت + ی
‎1	برای
	برای	برای	برای	Pr	حرف اضافه
‎2	قطع‌نامه
	قطعنامه	قطعنامه	قطعنامه	N1	اسم
‎3	مثل
	مثل|مثل|مثل|مثل	مثل|مثل|مثل|مثل	مثل|مثل|مثل|مثل	N1|N1|N1|N9	اسم|اسم|اسم|اسم موجود در ساختمان حرف اضافه و حرف ربط گروهی
‎4	بادبزن
	بادبزن	بادبزن	بادبزن	N1	اسم
‎5	برای
	برای	برای	برای	Pr	حرف اضافه
‎6	بندباز
	بندباز|بند|بند	بندباز|بند|بند	بندباز|بند+باز|بند+باز	N1|V1+O|N1+O	اسم|بن مضارع + باز|اسم + باز
‎7	هخامنشی
	هخامنشی|هخامنش	هخامنشی|هخامنش	هخامنشی|هخامنش+ی	A0|N3+Y	صفت|اسم خاص اشخاص + ی
‎8	و
	و|و|و	و|و|و	و|و|و	C0|Ab|Al	حرف ربط|اختصارات|حروف الفبا
‎9	هر
	هر	هر	هر	A1	صفت اشاره
‎10	دو
	دو|دو|دو|دو	دو|دو|دو|دو	دو|دو|دو|دو	No|V|V|N1	عدد حرفی|فعل امر مثبت|فعل امر مثبت|اسم
‎11	همانند
	همانند|هم	همانند|هم	همانند|هم+ان+ند	A0|Ad+Pl+V	صفت|قید + ان + فعل سوم شخص جمع
‎12	است
	است|اس	است|اس	است|اس+ت	V|N1+N	سوم شخص مفرد|اسم + ضمیر ملکی دوم شخص مفرد
13	.
	.	.	.	O	

‎0	ورزش‌کار
	ورزشکار	ورزشکار	ورزشکار	N1	اسم
‎1	آرام‌بخش
	آرام‌بخش	آرام‌بخش	آرام‌بخش	A0	صفت
‎2	بسکتبال
	بسکتبال	بسکتبال	بسکتبال	N1	اسم
‎3	و
	و|و|و	و|و|و	و|و|و	C0|Ab|Al	حرف ربط|اختصارات|حروف الفبا
‎4	پيش‌كسوت
	پیش‌کسوت|کسوت	پیش‌کسوت|کسوت	پیش‌کسوت|پیش+کسوت	A0|O+N1	صفت|پیش + اسم
‎5	می‌گراید
	گرا	گرا	می+گرا+ید	V	دوم شخص جمع
6	.
	.	.	.	O	

‎0	در
	در|در|در|در|در	در|در|در|در|در	در|در|در|در|در	Pr|V|N1|N1|VPr	حرف اضافه|فعل امر مثبت|اسم|اسم|پیشوند فعل
‎1	ان
	ان	ان	ان	Ab	اختصارات
‎2	کار
	کار|کار	کار|کار	کار|کار	N1|V	اسم|فعل امر مثبت
‎3	می‌کند
	کن|کن|می|می	کن|کن|می|می	می+کن+د|می+کن+د|می+ک+ند|می+ک+ند	V|V|N1+O+V|N1+O+V	سوم شخص مفرد|سوم شخص مفرد|اسم + ک + فعل سوم شخص جمع|اسم + ک + فعل سوم شخص جمع
4	.
	.	.	.	O	

‎0	بندباز
	بندباز|بند|بند	بندباز|بند|بند	بندباز|بند+باز|بند+باز	N1|V1+O|N1+O	اسم|بن مضارع + باز|اسم + باز
‎1	منشی
	منشی|منش	منشی|منش	منشی|منش+ی	N1|N1+Y	اسم|اسم + ی
‎2	عجیب
	عجیب	عجیب	عجیب	A0	صفت
‎3	داشت
	داشت|داشت|داشت|داش	داشت|داشت|داشت|داش	داشت|داشت|داشت|داش+ت	V|V5|N1|N1+N	سوم شخص مفرد|فعل کمکی|اسم|اسم + ضمیر ملکی دوم شخص مفرد
4	.
	.	.	.	O	

‎0	این‌جانب
	اینجانب	اینجانب	اینجانب	N5	ضمیر فاعلی
‎1	امیدوارم
	امیدوار|امیدوار|امید|امید	امیدوار|امیدوار|امید|امید	امیدوار+م|امیدوار+م|امید+وار+م|امید+وار+م	A0+N|A0+V|A0+O+N|A0+O+V	صفت + ضمیر ملکی اول شخص مفرد|صفت + فعل اول شخص مفرد|صفت + وار + ضمیر ملکی اول شخص مفرد|صفت + وار + فعل اول شخص مفرد
‎2	خنده
	خنده|خند	خنده|خند	خنده|خند+ه	N1|V1+O	اسم|بن مضارع + ه
‎3	بور
	بور|بور|ور|ور	بور|بور|ور|ور	بور|بور|ب+ور|ب+ور	N1|N1|O+N1|O+N1	اسم|اسم|ب + اسم|ب + اسم
‎4	شده باشیم
	شد	شد	شد+ه+باش+یم	V3+O+O+V	فعل اسنادی + ه + باش + فعل اول شخص جمع
‎5	نه
	نه|نه|نه	نه|نه|نه	نه|نه|نه	No|V|N1	عدد حرفی|فعل امر مثبت|اسم
‎6	خنده
	خنده|خند	خنده|خند	خنده|خند+ه	N1|V1+O	اسم|بن مضارع + ه
‎7	بر
	بر|بر|بر|بر|بر	بر|بر|بر|بر|بر	بر|بر|بر|بر|بر	Pr|V|V|VPr|N1	حرف اضافه|فعل امر مثبت|فعل امر مثبت|پیشوند فعل|اسم
‎8	یا
	یا|یا	یا|یا	یا|یا	C0|Intj	حرف ربط|صوت
‎9	خنده‌بر
	خنده|خند	خنده|خند	خنده+بر|خند+ه+بر	N1+O|V1+O+O	اسم + بر|بن مضارع + ه + بر
‎10	یا
	یا|یا	یا|یا	یا|یا	C0|Intj	حرف ربط|صوت
‎11	خنده‌بر
	خنده|خند	خنده|خند	خنده+بر|خند+ه+بر	N1+O|V1+O+O	اسم + بر|بن مضارع + ه + بر
‎12	یا
	یا|یا	یا|یا	یا|یا	C0|Intj	حرف ربط|صوت
‎13	هرکدام
	هرکدام	هرکدام	هرکدام	N
14	.
	.	.	.	O	

‎0	از
	از	از	از	Pr	حرف اضافه
‎1	آنجا
	آنجا	آنجا	آنجا	Ad	قید
‎2	برای
	برای	برای	برای	Pr	حرف اضافه
‎3	همه‌ی
	همه	همه	همه+ی	N1+Y	اسم + ی
‎4	ما
	ما	ما	ما	N5	ضمیر فاعلی
‎5	مشخص
	مشخص	مشخص	مشخص	A0	صفت
‎6	است
	است|اس	است|اس	است|اس+ت	V|N1+N	سوم شخص مفرد|اسم + ضمیر ملکی دوم شخص مفرد
‎7	در
	در|در|در|در|در	در|در|در|در|در	در|در|در|در|در	Pr|V|N1|N1|VPr	حرف اضافه|فعل امر مثبت|اسم|اسم|پیشوند فعل
‎8	این
	این|این	این|این	این|این	A1|N6	صفت اشاره|ضمیر اشاره
‎9	جملات
	جملات|جمل	جملات|جمل	جملات|جمل+ات	N1|N1+Pl	اسم|اسم + علامت جمع
‎10	نیز
	نیز|آز	نیز|آز	نیز|نی+آز	Ad|V	قید|فعل امر منفی
‎11	مانند
	مانند|مانند|مان|مان	مانند|مانند|مان|مان	مانند|مانند|مان+ند|مان+ند	N1|N9|V|N1+V	اسم|اسم موجود در ساختمان حرف اضافه و حرف ربط گروهی|سوم شخص جمع|اسم + فعل سوم شخص جمع
‎12	استاندارد
	استاندارد|استان	استاندارد|استان	استاندارد|استان+دار+د	A0|V1+O+O	صفت|بن مضارع + دار + د
‎13	نباید
	باید	باید	ن+باید	Neg+V4	ن + فعل وجه نما
‎14	استاندارد
	استاندارد|استان	استاندارد|استان	استاندارد|استان+دار+د	A0|V1+O+O	صفت|بن مضارع + دار + د
‎15	و
	و|و|و	و|و|و	و|و|و	C0|Ab|Al	حرف ربط|اختصارات|حروف الفبا
‎16	استاندارد
	استاندارد|استان	استاندارد|استان	استاندارد|استان+دار+د	A0|V1+O+O	صفت|بن مضارع + دار + د
‎17	اشتباه
	اشتباه	اشتباه	اشتباه	A0	صفت
‎18	بنویسیم
	بنویسیم	بنویسیم	بنویسیم	N
19	.
	.	.	.	O	

‎0	همچنين
	همچنین	همچنین	همچنین	Ad	قید
‎1	نباید
	باید	باید	ن+باید	Neg+V4	ن + فعل وجه نما
‎2	همچنین
	همچنین	همچنین	همچنین	Ad	قید
‎3	کرد
	کرد|کرد	کرد|کرد	کرد|کرد	V|N1	سوم شخص مفرد|اسم
‎4	كه
	که|که|که|که	که|که|که|که	که|که|که|که	C0|NA|N1|N1	حرف ربط|ضمیر پرسشی|اسم|اسم
5	.
	.	.	.	O	

‎0	باتمام
	باتمام	باتمام	باتمام	Pr1	حرف اضافه گروهی
‎1	این
	این|این	این|این	این|این	A1|N6	صفت اشاره|ضمیر اشاره
‎2	تفسیر
	تفسیر|تف	تفسیر|تف	تفسیر|تف+سیر	N1|N1+O	اسم|اسم + سیر
‎3	؟
	؟	؟	؟	O	
4	!
	!	!	!	O	

‎0	املايي
	املایی|املا	املایی|املا	املایی|املا+یی	A0|N1+O	صفت|اسم + یی
‎1	هم
	هم|هم|هم	هم|هم|هم	هم|هم|هم	Ad|C0|N	قید|حرف ربط|ضمیر مشترک/متقابل
‎2	خود
	خود|خود	خود|خود	خود|خود	N|N1	ضمیر مشترک/متقابل|اسم
‎3	عجیب
	عجیب	عجیب	عجیب	A0	صفت
‎4	قریب
	قریب	قریب	قریب	A0	صفت
‎5	شده است
	شد	شد	شد+ه+است	V	سوم شخص مفرد
6	!
	!	!	!	O	
7	.
	.	.	.	O	

‎0	در
	در|در|در|در|در	در|در|در|در|در	در|در|در|در|در	Pr|V|N1|N1|VPr	حرف اضافه|فعل امر مثبت|اسم|اسم|پیشوند فعل
‎1	این
	این|این	این|این	این|این	A1|N6	صفت اشاره|ضمیر اشاره
‎2	متن
	متن	متن	متن	N1	اسم
‎3	غلط
	غلط|غلط	غلط|غلط	غلط|غلط	A0|N1	صفت|اسم
‎4	املایی
	املایی|املا	املایی|املا	املایی|املا+یی	A0|N1+O	صفت|اسم + یی
‎5	هم
	هم|هم|هم	هم|هم|هم	هم|هم|هم	Ad|C0|N	قید|حرف ربط|ضمیر مشترک/متقابل
‎6	هست
	هست|هست	هست|هست	هست|هست	V|N1	سوم شخص مفرد|اسم
7	.
	.	.	.	O	

‎0	نمیدونیم
	نمیدونیم	نمیدونیم	نمیدونیم	N
‎1	چرا
	چرا|چرا|چرا	چرا|چرا|چرا	چرا|چرا|چرا	NA|N1|N1	ضمیر پرسشی|اسم|اسم
‎2	؟
	؟	؟	؟	O	
3	.
	.	.	.	O	
4	!
	!	!	!	O	

‎0	در
	در|در|در|در|در	در|در|در|در|در	در|در|در|در|در	Pr|V|N1|N1|VPr	حرف اضافه|فعل امر مثبت|اسم|اسم|پیشوند فعل
‎1	این
	این|این	این|این	این|این	A1|N6	صفت اشاره|ضمیر اشاره
‎2	متنه‌ها
	متن	متن	متن+ه+ها	N1+O+Pl	اسم + ه + علامت جمع
‎3	و
	و|و|و	و|و|و	و|و|و	C0|Ab|Al	حرف ربط|اختصارات|حروف الفبا
‎4	و
	و|و|و	و|و|و	و|و|و	C0|Ab|Al	حرف ربط|اختصارات|حروف الفبا
‎5	در
	در|در|در|در|در	در|در|در|در|در	در|در|در|در|در	Pr|V|N1|N1|VPr	حرف اضافه|فعل امر مثبت|اسم|اسم|پیشوند فعل
‎6	مدل‌های
	مدل	مدل	مدل+ها+ی	N1+Pl+Y	اسم + علامت جمع + ی
‎7	مختلف
	مختلف	مختلف	مختلف	A0	صفت
‎8	به
	به|به	به|به	به|به	Pr|N1	حرف اضافه|اسم
‎9	در
	در|در|در|در|در	در|در|در|در|در	در|در|در|در|در	Pr|V|N1|N1|VPr	حرف اضافه|فعل امر مثبت|اسم|اسم|پیشوند فعل
‎10	واحد
	واحد	واحد	واحد	A0	صفت
‎11	بررسی
	بررسی|بررس	بررسی|بررس	بررسی|بررس+ی	N1|N1+Y	اسم|اسم + ی
‎12	به
	به|به	به|به	به|به	Pr|N1	حرف اضافه|اسم
‎13	اختصاری
	اختصاری	اختصاری	اختصاری	N
‎14	که
	که|که|که|که	که|که|که|که	که|که|که|که	C0|NA|N1|N1	حرف ربط|ضمیر پرسشی|اسم|اسم
‎15	حضور
	حضور	حضور	حضور	N1	اسم
‎16	دارند
	دار|دار|دار	دار|دار|دار	دار+ند|دار+ند|دار+ند	V|N1+V|V5+V	سوم شخص جمع|اسم + فعل سوم شخص جمع|فعل کمکی + فعل سوم شخص جمع
17	.
	.	.	.	O	

‎0	در
	در|در|در|در|در	در|در|در|در|در	در|در|در|در|در	Pr|V|N1|N1|VPr	حرف اضافه|فعل امر مثبت|اسم|اسم|پیشوند فعل
‎1	این
	این|این	این|این	این|این	A1|N6	صفت اشاره|ضمیر اشاره
‎2	متن
	متن	متن	متن	N1	اسم
‎3	اسپیس
	اسپیس	اسپیس	اسپیس	N1	اسم
‎4	و
	و|و|و	و|و|و	و|و|و	C0|Ab|Al	حرف ربط|اختصارات|حروف الفبا
‎5	فاصله
	فاصله|فاصل	فاصله|فاصل	فاصله|فاصل+ه	N1|N1+O	اسم|اسم + ه
‎6	خراب
	خراب	خراب	خراب	A0	صفت
‎7	هستند
	هست|هست	هست|هست	هست+ند|هست+ند	V|N1+V	سوم شخص جمع|اسم + فعل سوم شخص جمع
‎8	به
	به|به	به|به	به|به	Pr|N1	حرف اضافه|اسم
‎9	دفعات
	دفعات|دفع	دفعات|دفع	دفعات|دفع+ات	N1|N1+Pl	اسم|اسم + علامت جمع
10	.
	.	.	.	O	

‎0	در
	در|در|در|در|در	در|در|در|در|در	در|در|در|در|در	Pr|V|N1|N1|VPr	حرف اضافه|فعل امر مثبت|اسم|اسم|پیشوند فعل
‎1	این
	این|این	این|این	این|این	A1|N6	صفت اشاره|ضمیر اشاره
‎2	متن
	متن	متن	متن	N1	اسم
‎3	نقطه
	نقطه	نقطه	نقطه	N1	اسم
‎4	یعنی
	یعنی	یعنی	یعنی	C0	حرف ربط
‎5	همین
	همین|همین	همین|همین	همین|همین	A1|N6	صفت اشاره|ضمیر اشاره
6	.
	.	.	.	O	

‎0	معلوم
	معلوم	معلوم	معلوم	A0	صفت
‎1	نیست
	نیست|است|نی	نیست|است|نی	نیست|نی+است|نی+ست	N1|V|N1+N	اسم|سوم شخص مفرد|اسم + ضمیر ملکی سوم شخص مفرد
‎2	چه
	چه|چه|چه	چه|چه|چه	چه|چه|چه	NA|C0|A0	ضمیر پرسشی|حرف ربط|صفت
‎3	چیزی
	چیزی|چیز	چیزی|چیز	چیزی|چیز+ی	Ad|N1+Y	قید|اسم + ی
‎4	می‌گوید
	گو	گو	می+گو+ید	V	دوم شخص جمع
‎5	در
	در|در|در|در|در	در|در|در|در|در	در|در|در|در|در	Pr|V|N1|N1|VPr	حرف اضافه|فعل امر مثبت|اسم|اسم|پیشوند فعل
‎6	این
	این|این	این|این	این|این	A1|N6	صفت اشاره|ضمیر اشاره
‎7	متن
	متن	متن	متن	N1	اسم
‎8	علایم
	علایم|علا|علا	علایم|علا|علا	علایم|علا+م|علا+ی+م	N1|N1+V|N1+N	اسم|اسم + فعل اول شخص مفرد|اسم + ضمیر ملکی اول شخص مفرد
‎9	و
	و|و|و	و|و|و	و|و|و	C0|Ab|Al	حرف ربط|اختصارات|حروف الفبا
‎10	علایم
	علایم|علا|علا	علایم|علا|علا	علایم|علا+م|علا+ی+م	N1|N1+V|N1+N	اسم|اسم + فعل اول شخص مفرد|اسم + ضمیر ملکی اول شخص مفرد
‎11	نگارشی
	نگارشی|نگارش	نگارشی|نگارش	نگارشی|نگارش+ی	N1|N1+Y	اسم|اسم + ی
‎12	معنا
	معنا	معنا	معنا	N1	اسم
‎13	ندارد
	دار|دار	دار|دار	ن+دار+د|ن+دار+د	V|Neg+V5+O	سوم شخص مفرد|ن + فعل کمکی + د
14	.
	.	.	.	O	

‎0	حال
	حال	حال	حال	N1	اسم
‎1	برای
	برای	برای	برای	Pr	حرف اضافه
‎2	بررسی
	بررسی|بررس	بررسی|بررس	بررسی|بررس+ی	N1|N1+Y	اسم|اسم + ی
‎3	کلمات
	کلم	کلم	کلم+ات	N1+Pl	اسم + علامت جمع
‎4	دیگر
	دیگر|دیگر|دی	دیگر|دیگر|دی	دیگر|دیگر|دی+گر	Ad|A2|N1+O	قید|صفت مبهم|اسم + گر
‎5	به
	به|به	به|به	به|به	Pr|N1	حرف اضافه|اسم
‎6	چند
	چند	چند	چند	NA	ضمیر پرسشی
‎7	نمونه
	نمونه	نمونه	نمونه	A0	صفت
‎8	از
	از	از	از	Pr	حرف اضافه
‎9	سری
	سری|سری|سر|سر|سر|سر	سری|سری|سر|سر|سر|سر	سری|سری|سر+ی|سر+ی|سر+ی|سر+ی	N1|A0|V|N1+Y|N1+Y|N1+Y	اسم|صفت|دوم شخص مفرد|اسم + ی|اسم + ی|اسم + ی
‎10	عبارات
	عبارات|عبارت	عبارات|عبارت	عبارات|عبارت+ات	N1|N1+Pl	اسم|اسم + علامت جمع
‎11	روي
	روی|روی|رو|رو|رو	روی|روی|رو|رو|رو	روی|روی|رو+ی|رو+ی|رو+ی	Pr1|N1|N1+Y|V|V	حرف اضافه گروهی|اسم|اسم + ی|دوم شخص مفرد|دوم شخص مفرد
‎12	که
	که|که|که|که	که|که|که|که	که|که|که|که	C0|NA|N1|N1	حرف ربط|ضمیر پرسشی|اسم|اسم
‎13	تاریخ
	تاریخ	تاریخ	تاریخ	N1	اسم
‎14	دارند
	دار|دار|دار	دار|دار|دار	دار+ند|دار+ند|دار+ند	V|N1+V|V5+V	سوم شخص جمع|اسم + فعل سوم شخص جمع|فعل کمکی + فعل سوم شخص جمع
15	!
	!	!	!	O	
‎16	؛
	؛	؛	؛	O	
‎17	من
	من	من	من	N5	ضمیر فاعلی
‎18	و
	و|و|و	و|و|و	و|و|و	C0|Ab|Al	حرف ربط|اختصارات|حروف الفبا
‎19	دوستم
	دوست|دوست	دوست|دوست	دوست+م|دوست+م	N1+N|N1+V	اسم + ضمیر ملکی اول شخص مفرد|اسم + فعل اول شخص مفرد
‎20	در
	در|در|در|در|در	در|در|در|در|در	در|در|در|در|در	Pr|V|N1|N1|VPr	حرف اضافه|فعل امر مثبت|اسم|اسم|پیشوند فعل
‎21	تاریخ
	تاریخ	تاریخ	تاریخ	N1	اسم
22	3/12/97
	3/12/97	3/12/97	3/12/97	O	
‎23	یا
	یا|یا	یا|یا	یا|یا	C0|Intj	حرف ربط|صوت
‎24	شاید
	شاید|شاید|شا	شاید|شاید|شا	شاید|شاید|شا+ی+د	V|Ad|V	سوم شخص مفرد|قید|سوم شخص مفرد
25	3/12/97
	3/12/97	3/12/97	3/12/97	O	
‎26	که
	که|که|که|که	که|که|که|که	که|که|که|که	C0|NA|N1|N1	حرف ربط|ضمیر پرسشی|اسم|اسم
‎27	در
	در|در|در|در|در	در|در|در|در|در	در|در|در|در|در	Pr|V|N1|N1|VPr	حرف اضافه|فعل امر مثبت|اسم|اسم|پیشوند فعل
‎28	یاد
	یاد	یاد	یاد	N1	اسم
‎29	ندارم
	ندار|ندار|دار	ندار|ندار|دار	ندار+م|ندار+م|ن+دار+م	A0+N|A0+V|V	صفت + ضمیر ملکی اول شخص مفرد|صفت + فعل اول شخص مفرد|اول شخص مفرد
‎30	به
	به|به	به|به	به|به	Pr|N1	حرف اضافه|اسم
‎31	یک
	یک	یک	یک	No	عدد حرفی
‎32	مغازه
	مغازه	مغازه	مغازه	N1	اسم
‎33	رفتیم
	رفت|رفت|رفت|رفت	رفت|رفت|رفت|رفت	رفت+یم|رفت+ی+م|رفت+یم|رفت+ی+م	V|V|V|V	اول شخص جمع|دوم شخص مفرد|اول شخص جمع|دوم شخص مفرد
‎34	که
	که|که|که|که	که|که|که|که	که|که|که|که	C0|NA|N1|N1	حرف ربط|ضمیر پرسشی|اسم|اسم
35	12.5
	12.5	12.5	12.5	O	
‎36	بشقاب
	بشقاب	بشقاب	بشقاب	N1	اسم
‎37	بخریم
	بخر|خر|خر|خر|خر	بخر|خر|خر|خر|خر	بخر+یم|ب+خر+یم|ب+خر+ی+م|ب+خر+یم|ب+خر+یم	N1+V|V|V|O+N1+V|O+N1+V	اسم + فعل اول شخص جمع|اول شخص جمع|دوم شخص مفرد|ب + اسم + فعل اول شخص جمع|ب + اسم + فعل اول شخص جمع
38	.
	.	.	.	O	

‎0	دوستم
	دوست|دوست	دوست|دوست	دوست+م|دوست+م	N1+N|N1+V	اسم + ضمیر ملکی اول شخص مفرد|اسم + فعل اول شخص مفرد
‎1	در
	در|در|در|در|در	در|در|در|در|در	در|در|در|در|در	Pr|V|N1|N1|VPr	حرف اضافه|فعل امر مثبت|اسم|اسم|پیشوند فعل
‎2	همان
	همان|همان	همان|همان	همان|همان	A1|N6	صفت اشاره|ضمیر اشاره
‎3	وضعیت
	وضعیت|وضعی|وضع	وضعیت|وضعی|وضع	وضعیت|وضعی+ت|وضع+ی+ت	N1|A0+N|N1+Y+N	اسم|صفت + ضمیر ملکی دوم شخص مفرد|اسم + ی + ضمیر ملکی دوم شخص مفرد
‎4	در
	در|در|در|در|در	در|در|در|در|در	در|در|در|در|در	Pr|V|N1|N1|VPr	حرف اضافه|فعل امر مثبت|اسم|اسم|پیشوند فعل
5	12/5/97
	12/5/97	12/5/97	12/5/97	O	
‎6	باز
	باز|باز|باز|باز|باز	باز|باز|باز|باز|باز	باز|باز|باز|باز|باز	V|A0|VPr|N1|Ad	فعل امر مثبت|صفت|پیشوند فعل|اسم|قید
‎7	به
	به|به	به|به	به|به	Pr|N1	حرف اضافه|اسم
‎8	مغازه
	مغازه	مغازه	مغازه	N1	اسم
‎9	مذکور
	مذکور	مذکور	مذکور	A0	صفت
‎10	مراجعه
	مراجعه	مراجعه	مراجعه	N1	اسم
‎11	کرد
	کرد|کرد	کرد|کرد	کرد|کرد	V|N1	سوم شخص مفرد|اسم
12	!
	!	!	!	O	
13	!
	!	!	!	O	
14	!
	!	!	!	O	
15	!
	!	!	!	O	
16	!
	!	!	!	O	
17	!
	!	!	!	O	
18	!
	!	!	!	O	

‎0	به
	به|به	به|به	به|به	Pr|N1	حرف اضافه|اسم
‎1	دوست
	دوست|دو	دوست|دو	دوست|دو+ست	N1|N1+N	اسم|اسم + ضمیر ملکی سوم شخص مفرد
‎2	خود
	خود|خود	خود|خود	خود|خود	N|N1	ضمیر مشترک/متقابل|اسم
‎3	گفتم
	گفت|گفت|گفت	گفت|گفت|گفت	گفت+م|گفت+م|گفت+م	V|N1+N|N1+V	اول شخص مفرد|اسم + ضمیر ملکی اول شخص مفرد|اسم + فعل اول شخص مفرد
‎4	چرا
	چرا|چرا|چرا	چرا|چرا|چرا	چرا|چرا|چرا	NA|N1|N1	ضمیر پرسشی|اسم|اسم
5	1397/5/12
	1397/5/12	1397/5/12	1397/5/12	O	
‎6	نرفتی
	رفت|رفت	رفت|رفت	ن+رفت+ی|ن+رفت+ی	V|V	دوم شخص مفرد|دوم شخص مفرد
‎7	که
	که|که|که|که	که|که|که|که	که|که|که|که	C0|NA|N1|N1	حرف ربط|ضمیر پرسشی|اسم|اسم
‎8	گفت
	گفت|گفت	گفت|گفت	گفت|گفت	V|N1	سوم شخص مفرد|اسم
‎9	به
	به|به	به|به	به|به	Pr|N1	حرف اضافه|اسم
‎10	تو
	تو|تو|تو	تو|تو|تو	تو|تو|تو	N5|Ad|N1	ضمیر فاعلی|قید|اسم
‎11	چه
	چه|چه|چه	چه|چه|چه	چه|چه|چه	NA|C0|A0	ضمیر پرسشی|حرف ربط|صفت
12	!
	!	!	!	O	
13	!
	!	!	!	O	
14	!
	!	!	!	O	
15	!
	!	!	!	O	
16	!
	!	!	!	O	
‎17	؟
	؟	؟	؟	O	

‎0	من
	من	من	من	N5	ضمیر فاعلی
‎1	هم
	هم|هم|هم	هم|هم|هم	هم|هم|هم	Ad|C0|N	قید|حرف ربط|ضمیر مشترک/متقابل
‎2	که
	که|که|که|که	که|که|که|که	که|که|که|که	C0|NA|N1|N1	حرف ربط|ضمیر پرسشی|اسم|اسم
‎3	ناراحت
	ناراحت|راحت	ناراحت|راحت	ناراحت|نا+راحت	A0|Neg+A0	صفت|نا + صفت
‎4	بودم
	بود|بود|بود|بود	بود|بود|بود|بود	بود+م|بود+م|بود+م|بود+م	V|N1+N|N1+V|V	اول شخص مفرد|اسم + ضمیر ملکی اول شخص مفرد|اسم + فعل اول شخص مفرد|اول شخص مفرد
‎5	در
	در|در|در|در|در	در|در|در|در|در	در|در|در|در|در	Pr|V|N1|N1|VPr	حرف اضافه|فعل امر مثبت|اسم|اسم|پیشوند فعل
‎6	حساب
	حساب	حساب	حساب	N1	اسم
‎7	بانکی‌ام
	بانکی|بانکی|بانک|بانک	بانکی|بانکی|بانک|بانک	بانکی+ام|بانکی+ام|بانک+ی+ام|بانک+ی+ام	A0+N|A0+V|N1+Y+N|N1+Y+V	صفت + ضمیر ملکی اول شخص مفرد|صفت + فعل اول شخص مفرد|اسم + ی + ضمیر ملکی اول شخص مفرد|اسم + ی + فعل اول شخص مفرد
‎8	به
	به|به	به|به	به|به	Pr|N1	حرف اضافه|اسم
‎9	شماره
	شماره|شمار|شمار	شماره|شمار|شمار	شماره|شمار+ه|شمار+ه	N1|V1+O|N1+O	اسم|بن مضارع + ه|اسم + ه
10	۴۳۵،۲۳،۲۴۲۳۴۲۵۱۲،۱۲۳۱۴،۱۲۳۱۲
	۴۳۵،۲۳،۲۴۲۳۴۲۵۱۲،۱۲۳۱۴،۱۲۳۱۲	۴۳۵،۲۳،۲۴۲۳۴۲۵۱۲،۱۲۳۱۴،۱۲۳۱۲	۴۳۵،۲۳،۲۴۲۳۴۲۵۱۲،۱۲۳۱۴،۱۲۳۱۲	O	
‎11	تومان
	تومان|تو	تومان|تو	تومان|تو+مان	N1|N1+N	اسم|اسم + ضمیر ملکی اول شخص جمع
‎12	پول
	پول	پول	پول	N1	اسم
‎13	ریختم
	ریخت|ریخت|ریخت	ریخت|ریخت|ریخت	ریخت+م|ریخت+م|ریخت+م	V|N1+N|N1+V	اول شخص مفرد|اسم + ضمیر ملکی اول شخص مفرد|اسم + فعل اول شخص مفرد
‎14	بعد
	بعد|بعد|بعد	بعد|بعد|بعد	بعد|بعد|بعد	A0|N1|N9	صفت|اسم|اسم موجود در ساختمان حرف اضافه و حرف ربط گروهی
‎15	رفتم
	رفت|رفت	رفت|رفت	رفت+م|رفت+م	V|V	اول شخص مفرد|اول شخص مفرد
‎16	و
	و|و|و	و|و|و	و|و|و	C0|Ab|Al	حرف ربط|اختصارات|حروف الفبا
17	۱۲۳،۱۲۳،۲۳۵،۳۴۵،۳۴۵
	۱۲۳،۱۲۳،۲۳۵،۳۴۵،۳۴۵	۱۲۳،۱۲۳،۲۳۵،۳۴۵،۳۴۵	۱۲۳،۱۲۳،۲۳۵،۳۴۵،۳۴۵	O	
‎18	را
	را	را	را	Po	حرف اضافه پسین
‎19	که
	که|که|که|که	که|که|که|که	که|که|که|که	C0|NA|N1|N1	حرف ربط|ضمیر پرسشی|اسم|اسم
‎20	به
	به|به	به|به	به|به	Pr|N1	حرف اضافه|اسم
‎21	﷼
	﷼
	﷼
	﷼
	Si	علامت
‎22	بود
	بود|بود|بود|بو	بود|بود|بود|بو	بود|بود|بود|بو+د	V|N1|V|V	سوم شخص مفرد|اسم|سوم شخص مفرد|سوم شخص مفرد
‎23	به
	به|به	به|به	به|به	Pr|N1	حرف اضافه|اسم
‎24	دلار
	دلار	دلار	دلار	N1	اسم
‎25	کردم
	کرد|کرد|کرد	کرد|کرد|کرد	کرد+م|کرد+م|کرد+م	V|N1+N|N1+V	اول شخص مفرد|اسم + ضمیر ملکی اول شخص مفرد|اسم + فعل اول شخص مفرد
‎26	شد
	شد	شد	شد	V	سوم شخص مفرد
27	۲
	۲	۲	۲	No	عدد رقمی
28	 $
	 $	 $	 $	O	
‎29	و
	و|و|و	و|و|و	و|و|و	C0|Ab|Al	حرف ربط|اختصارات|حروف الفبا
‎30	از
	از	از	از	Pr	حرف اضافه
‎31	تعجب
	تعجب	تعجب	تعجب	N1	اسم
‎32	بیهوش
	بیهوش|هوش	بیهوش|هوش	بیهوش|بی+هوش	A0|O+N1	صفت|بی + اسم
‎33	شدم
	شد	شد	شد+م	V	اول شخص مفرد
34	!
	!	!	!	O	

‎0	در
	در|در|در|در|در	در|در|در|در|در	در|در|در|در|در	Pr|V|N1|N1|VPr	حرف اضافه|فعل امر مثبت|اسم|اسم|پیشوند فعل
‎1	همین
	همین|همین	همین|همین	همین|همین	A1|N6	صفت اشاره|ضمیر اشاره
‎2	حین
	حین	حین	حین	N1	اسم
‎3	فکر
	فکر	فکر	فکر	N1	اسم
‎4	کردم
	کرد|کرد|کرد	کرد|کرد|کرد	کرد+م|کرد+م|کرد+م	V|N1+N|N1+V	اول شخص مفرد|اسم + ضمیر ملکی اول شخص مفرد|اسم + فعل اول شخص مفرد
‎5	شاید
	شاید|شاید|شا	شاید|شاید|شا	شاید|شاید|شا+ی+د	V|Ad|V	سوم شخص مفرد|قید|سوم شخص مفرد
‎6	بهتر
	بهتر	بهتر	بهتر	A0	صفت
‎7	بود
	بود|بود|بود|بو	بود|بود|بود|بو	بود|بود|بود|بو+د	V|N1|V|V	سوم شخص مفرد|اسم|سوم شخص مفرد|سوم شخص مفرد
‎8	و
	و|و|و	و|و|و	و|و|و	C0|Ab|Al	حرف ربط|اختصارات|حروف الفبا
9	۱۲۳،۱۲۳،۲۳۵،۳۴۵،۳۴۵
	۱۲۳،۱۲۳،۲۳۵،۳۴۵،۳۴۵	۱۲۳،۱۲۳،۲۳۵،۳۴۵،۳۴۵	۱۲۳،۱۲۳،۲۳۵،۳۴۵،۳۴۵	O	
‎10	تومان
	تومان|تو	تومان|تو	تومان|تو+مان	N1|N1+N	اسم|اسم + ضمیر ملکی اول شخص جمع
‎11	را
	را	را	را	Po	حرف اضافه پسین
‎12	آدامس
	آدامس	آدامس	آدامس	N1	اسم
‎13	می‌خریدم
	خرید|خر	خرید|خر	می+خرید+م|می+خر+ید+م	V|V	اول شخص مفرد|دوم شخص جمع
14	!
	!	!	!	O	

‎0	اما
	اما	اما	اما	C0	حرف ربط
‎1	متوجه
	متوجه	متوجه	متوجه	A0	صفت
‎2	شدم
	شد	شد	شد+م	V	اول شخص مفرد
‎3	بهترین
	بهترین|بهتر	بهترین|بهتر	بهترین|بهتر+ین	A0|A0+O	صفت|صفت + ین
‎4	کار
	کار|کار	کار|کار	کار|کار	N1|V	اسم|فعل امر مثبت
‎5	انست
	انس	انس	انس+ت	N1+N	اسم + ضمیر ملکی دوم شخص مفرد
‎6	که
	که|که|که|که	که|که|که|که	که|که|که|که	C0|NA|N1|N1	حرف ربط|ضمیر پرسشی|اسم|اسم
‎7	و
	و|و|و	و|و|و	و|و|و	C0|Ab|Al	حرف ربط|اختصارات|حروف الفبا
8	۱۲۳،۱۲۳،۲۳۵،۳۴۵،۳۴۵
	۱۲۳،۱۲۳،۲۳۵،۳۴۵،۳۴۵	۱۲۳،۱۲۳،۲۳۵،۳۴۵،۳۴۵	۱۲۳،۱۲۳،۲۳۵،۳۴۵،۳۴۵	O	
‎9	﷼
	﷼
	﷼
	﷼
	Si	علامت
‎10	را
	را	را	را	Po	حرف اضافه پسین
‎11	به
	به|به	به|به	به|به	Pr|N1	حرف اضافه|اسم
‎12	دوست
	دوست|دو	دوست|دو	دوست|دو+ست	N1|N1+N	اسم|اسم + ضمیر ملکی سوم شخص مفرد
‎13	دیگرم
	دی|دی	دی|دی	دی+گر+م|دی+گر+م	N1+O+N|N1+O+V	اسم + گر + ضمیر ملکی اول شخص مفرد|اسم + گر + فعل اول شخص مفرد
‎14	که
	که|که|که|که	که|که|که|که	که|که|که|که	C0|NA|N1|N1	حرف ربط|ضمیر پرسشی|اسم|اسم
15	۱۲۳،۱۲۳،۲۳۵،۳۴۵،۳۴۵
	۱۲۳،۱۲۳،۲۳۵،۳۴۵،۳۴۵	۱۲۳،۱۲۳،۲۳۵،۳۴۵،۳۴۵	۱۲۳،۱۲۳،۲۳۵،۳۴۵،۳۴۵	O	
‎16	﷼
	﷼
	﷼
	﷼
	Si	علامت
‎17	میخواهد بدهم
	ده	ده	ب+خواهد+می+ده+م	V	اول شخص مفرد
‎18	و
	و|و|و	و|و|و	و|و|و	C0|Ab|Al	حرف ربط|اختصارات|حروف الفبا
‎19	همین
	همین|همین	همین|همین	همین|همین	A1|N6	صفت اشاره|ضمیر اشاره
‎20	شد
	شد	شد	شد	V	سوم شخص مفرد
‎21	که
	که|که|که|که	که|که|که|که	که|که|که|که	C0|NA|N1|N1	حرف ربط|ضمیر پرسشی|اسم|اسم
‎22	برگشتم
	برگشت|برگشت|برگشت	برگشت|برگشت|برگشت	برگشت+م|برگشت+م|برگشت+م	V|N1+N|N1+V	اول شخص مفرد|اسم + ضمیر ملکی اول شخص مفرد|اسم + فعل اول شخص مفرد
‎23	و
	و|و|و	و|و|و	و|و|و	C0|Ab|Al	حرف ربط|اختصارات|حروف الفبا
‎24	دلار
	دلار	دلار	دلار	N1	اسم
‎25	خود
	خود|خود	خود|خود	خود|خود	N|N1	ضمیر مشترک/متقابل|اسم
‎26	را
	را	را	را	Po	حرف اضافه پسین
‎27	ریال
	ریال	ریال	ریال	N1	اسم
‎28	کردم
	کرد|کرد|کرد	کرد|کرد|کرد	کرد+م|کرد+م|کرد+م	V|N1+N|N1+V	اول شخص مفرد|اسم + ضمیر ملکی اول شخص مفرد|اسم + فعل اول شخص مفرد
‎29	اما
	اما	اما	اما	C0	حرف ربط
‎30	باز
	باز|باز|باز|باز|باز	باز|باز|باز|باز|باز	باز|باز|باز|باز|باز	V|A0|VPr|N1|Ad	فعل امر مثبت|صفت|پیشوند فعل|اسم|قید
‎31	به
	به|به	به|به	به|به	Pr|N1	حرف اضافه|اسم
‎32	من
	من	من	من	N5	ضمیر فاعلی
33	۲،۵
	۲، ۵	۲، ۵	۲، ۵	N
‎34	میلیون
	میلیون	میلیون	میلیون	No	عدد حرفی
‎35	﷼
	﷼
	﷼
	﷼
	Si	علامت
‎36	دادند
	داد|داد	داد|داد	داد+ند|داد+ند	V|N1+V	سوم شخص جمع|اسم + فعل سوم شخص جمع
‎37	و
	و|و|و	و|و|و	و|و|و	C0|Ab|Al	حرف ربط|اختصارات|حروف الفبا
‎38	بقیه
	بقیه|بقیه|قیه|بق|قی	بقیه|بقیه|قیه|بق|قی	بقیه|بقیه|ب+قیه|بق+یه|ب+قی+ه	A0|N1|O+N1|N1+O|O+N1+O	صفت|اسم|ب + اسم|اسم + یه|ب + اسم + ه
‎39	را
	را	را	را	Po	حرف اضافه پسین
‎40	با
	با	با	با	Pr	حرف اضافه
‎41	کلاهم
	کلاه|کلاه|کلا|کلا	کلاه|کلاه|کلا|کلا	کلاه+م|کلاه+م|کلا+ه+م|کلا+ه+م	N1+N|N1+V|N1+O+N|N1+O+V	اسم + ضمیر ملکی اول شخص مفرد|اسم + فعل اول شخص مفرد|اسم + ه + ضمیر ملکی اول شخص مفرد|اسم + ه + فعل اول شخص مفرد
‎42	برداشتند
	برداشت|برداشت	برداشت|برداشت	برداشت+ند|برداشت+ند	V|N1+V	سوم شخص جمع|اسم + فعل سوم شخص جمع
‎43	و
	و|و|و	و|و|و	و|و|و	C0|Ab|Al	حرف ربط|اختصارات|حروف الفبا
‎44	بردند
	برد|برد|رد	برد|برد|رد	برد+ند|برد+ند|ب+رد+ند	V|N1+V|O+A0+V	سوم شخص جمع|اسم + فعل سوم شخص جمع|ب + صفت + فعل سوم شخص جمع
45	!
	!	!	!	O	

‎0	حالا
	حالا	حالا	حالا	Ad	قید
‎1	من
	من	من	من	N5	ضمیر فاعلی
‎2	با
	با	با	با	Pr	حرف اضافه
3	۲،۵
	۲، ۵	۲، ۵	۲، ۵	N
‎4	میلیون
	میلیون	میلیون	میلیون	No	عدد حرفی
‎5	﷼
	﷼
	﷼
	﷼
	Si	علامت
‎6	که
	که|که|که|که	که|که|که|که	که|که|که|که	C0|NA|N1|N1	حرف ربط|ضمیر پرسشی|اسم|اسم
‎7	می‌شود
	شو|شو	شو|شو	می+شو+د|می+شو+د	V|V	سوم شخص مفرد|سوم شخص مفرد
8	۰/۲۵
	۰/۲۵	۰/۲۵	۰/۲۵	O	
‎9	یا
	یا|یا	یا|یا	یا|یا	C0|Intj	حرف ربط|صوت
10	۲۵/۰
	۲۵/۰	۲۵/۰	۲۵/۰	O	
‎11	میلیون
	میلیون	میلیون	میلیون	No	عدد حرفی
‎12	تومان
	تومان|تو	تومان|تو	تومان|تو+مان	N1|N1+N	اسم|اسم + ضمیر ملکی اول شخص جمع
‎13	دیگر
	دیگر|دیگر|دی	دیگر|دیگر|دی	دیگر|دیگر|دی+گر	Ad|A2|N1+O	قید|صفت مبهم|اسم + گر
‎14	کاری
	کاری|کار|کار	کاری|کار|کار	کاری|کار+ی|کار+ی	A0|N1+Y|V	صفت|اسم + ی|دوم شخص مفرد
‎15	نمی‌توانم
	توان|توان|توان	توان|توان|توان	نمی+توان+م|نمی+توان+م|نمی+توان+م	O+V4+N|O+V4+V|V	نمی + فعل وجه نما + ضمیر ملکی اول شخص مفرد|نمی + فعل وجه نما + فعل اول شخص مفرد|اول شخص مفرد
‎16	انجام
	انجام|انجام	انجام|انجام	انجام|انجام	N1|V	اسم|فعل امر مثبت
‎17	بدهم
	ده|ده|ده|ده|ده	ده|ده|ده|ده|ده	ب+ده+م|ب+ده+م|ب+ده+م|ب+ده+م|ب+ده+م	V|O+No+N|O+No+V|O+N1+N|O+N1+V	اول شخص مفرد|ب + عدد حرفی + ضمیر ملکی اول شخص مفرد|ب + عدد حرفی + فعل اول شخص مفرد|ب + اسم + ضمیر ملکی اول شخص مفرد|ب + اسم + فعل اول شخص مفرد
18	.
	.	.	.	O	

‎0	به
	به|به	به|به	به|به	Pr|N1	حرف اضافه|اسم
‎1	خانه
	خانه|خان	خانه|خان	خانه|خان+ه	N1|N1+O	اسم|اسم + ه
‎2	رفتم
	رفت|رفت	رفت|رفت	رفت+م|رفت+م	V|V	اول شخص مفرد|اول شخص مفرد
‎3	و
	و|و|و	و|و|و	و|و|و	C0|Ab|Al	حرف ربط|اختصارات|حروف الفبا
‎4	دومینو
	دومینو	دومینو	دومینو	N1	اسم
‎5	را
	را	را	را	Po	حرف اضافه پسین
‎6	برداشتم
	برداشت|برداشت|برداشت	برداشت|برداشت|برداشت	برداشت+م|برداشت+م|برداشت+م	V|N1+N|N1+V	اول شخص مفرد|اسم + ضمیر ملکی اول شخص مفرد|اسم + فعل اول شخص مفرد
‎7	در
	در|در|در|در|در	در|در|در|در|در	در|در|در|در|در	Pr|V|N1|N1|VPr	حرف اضافه|فعل امر مثبت|اسم|اسم|پیشوند فعل
‎8	آشپزخانه
	آشپزخانه|آشپز	آشپزخانه|آشپز	آشپزخانه|آشپز+خانه	N1|N1+Pl	اسم|اسم + خانه
‎9	طاس‌كباب
	طاس‌کباب	طاس‌کباب	طاس‌کباب	N1	اسم
‎10	را
	را	را	را	Po	حرف اضافه پسین
‎11	با
	با	با	با	Pr	حرف اضافه
‎12	زخم‌زبان
	زخم‌زبان	زخم‌زبان	زخم‌زبان	N1	اسم
‎13	و
	و|و|و	و|و|و	و|و|و	C0|Ab|Al	حرف ربط|اختصارات|حروف الفبا
‎14	سیرابی
	سیرابی|سیراب	سیرابی|سیراب	سیرابی|سیراب+ی	N1|A0+Y	اسم|صفت + ی
‎15	درست
	درست|درس	درست|درس	درست|درس+ت	A0|N1+N	صفت|اسم + ضمیر ملکی دوم شخص مفرد
‎16	کردم
	کرد|کرد|کرد	کرد|کرد|کرد	کرد+م|کرد+م|کرد+م	V|N1+N|N1+V	اول شخص مفرد|اسم + ضمیر ملکی اول شخص مفرد|اسم + فعل اول شخص مفرد
17	.
	.	.	.	O	

‎0	باوجود
	باوجود	باوجود	باوجود	Pr1	حرف اضافه گروهی
‎1	چين‌وچروك
	چین‌و‌چروک	چین‌و‌چروک	چین‌و‌چروک	N1	اسم
‎2	بسیار
	بسیار|بسیار|سیار|بس	بسیار|بسیار|سیار|بس	بسیار|بسیار|ب+سیار|بس+یار	A0|Ad|O+A0|A0+O	صفت|قید|ب + صفت|صفت + یار
‎3	فيلم
	فیلم|فیل|فیل	فیلم|فیل|فیل	فیلم|فیل+م|فیل+م	N1|N1+N|N1+V	اسم|اسم + ضمیر ملکی اول شخص مفرد|اسم + فعل اول شخص مفرد
‎4	را
	را	را	را	Po	حرف اضافه پسین
‎5	که
	که|که|که|که	که|که|که|که	که|که|که|که	C0|NA|N1|N1	حرف ربط|ضمیر پرسشی|اسم|اسم
‎6	موجوداتی
	موجود	موجود	موجود+ات+ی	A0+Pl+Y	صفت + علامت جمع + ی
‎7	عجیب
	عجیب	عجیب	عجیب	A0	صفت
‎8	در
	در|در|در|در|در	در|در|در|در|در	در|در|در|در|در	Pr|V|N1|N1|VPr	حرف اضافه|فعل امر مثبت|اسم|اسم|پیشوند فعل
‎9	ان
	ان	ان	ان	Ab	اختصارات
‎10	بودند
	بود|بود|بود	بود|بود|بود	بود+ند|بود+ند|بود+ند	V|N1+V|V	سوم شخص جمع|اسم + فعل سوم شخص جمع|سوم شخص جمع
‎11	گذاشتم
	گذاشت	گذاشت	گذاشت+م	V	اول شخص مفرد
‎12	و
	و|و|و	و|و|و	و|و|و	C0|Ab|Al	حرف ربط|اختصارات|حروف الفبا
‎13	مشغول
	مشغول	مشغول	مشغول	A0	صفت
‎14	دیدن
	دید	دید	دید+ن	V2+Neg	بن ماضی + ن
‎15	کش‌ها
	کش	کش	کش+ها	N1+Pl	اسم + علامت جمع
‎16	شدم
	شد	شد	شد+م	V	اول شخص مفرد
‎17	روی
	روی|روی|رو|رو|رو	روی|روی|رو|رو|رو	روی|روی|رو+ی|رو+ی|رو+ی	Pr1|N1|N1+Y|V|V	حرف اضافه گروهی|اسم|اسم + ی|دوم شخص مفرد|دوم شخص مفرد
‎18	گاز
	گاز	گاز	گاز	N1	اسم
‎19	چای
	چای|چای	چای|چای	چای|چای	V|N1	فعل امر مثبت|اسم
‎20	گل‌گاوزبان
	گل‌گاوزبان	گل‌گاوزبان	گل‌گاوزبان	N1	اسم
‎21	دم
	دم|دم|دم	دم|دم|دم	دم|دم|دم	V|N1|N1	فعل امر مثبت|اسم|اسم
‎22	کرده بود
	کرد	کرد	کرد+ه+بود	V	سوم شخص مفرد
23	.
	.	.	.	O	

‎0	و
	و|و|و	و|و|و	و|و|و	C0|Ab|Al	حرف ربط|اختصارات|حروف الفبا
‎1	روی
	روی|روی|رو|رو|رو	روی|روی|رو|رو|رو	روی|روی|رو+ی|رو+ی|رو+ی	Pr1|N1|N1+Y|V|V	حرف اضافه گروهی|اسم|اسم + ی|دوم شخص مفرد|دوم شخص مفرد
‎2	میز
	میز	میز	میز	N1	اسم
‎3	شيرتوشير
	شیرتوشیر	شیرتوشیر	شیرتوشیر	A0	صفت
‎4	و
	و|و|و	و|و|و	و|و|و	C0|Ab|Al	حرف ربط|اختصارات|حروف الفبا
‎5	پر
	پر|پر|پر	پر|پر|پر	پر|پر|پر	V|A0|N1	فعل امر مثبت|صفت|اسم
‎6	از
	از	از	از	Pr	حرف اضافه
‎7	خیار
	خیار	خیار	خیار	N1	اسم
‎8	مجلسی
	مجلسی|مجلس	مجلسی|مجلس	مجلسی|مجلس+ی	A0|N1+Y	صفت|اسم + ی
‎9	و
	و|و|و	و|و|و	و|و|و	C0|Ab|Al	حرف ربط|اختصارات|حروف الفبا
‎10	در
	در|در|در|در|در	در|در|در|در|در	در|در|در|در|در	Pr|V|N1|N1|VPr	حرف اضافه|فعل امر مثبت|اسم|اسم|پیشوند فعل
‎11	کنار
	کنار|کنار	کنار|کنار	کنار|کنار	N1|N1	اسم|اسم
‎12	موز
	موز	موز	موز	N1	اسم
‎13	مار
	مار	مار	مار	N1	اسم
‎14	قرار
	قرار|قرار	قرار|قرار	قرار|قرار	N1|N9	اسم|اسم موجود در ساختمان حرف اضافه و حرف ربط گروهی
‎15	داشت
	داشت|داشت|داشت|داش	داشت|داشت|داشت|داش	داشت|داشت|داشت|داش+ت	V|V5|N1|N1+N	سوم شخص مفرد|فعل کمکی|اسم|اسم + ضمیر ملکی دوم شخص مفرد
16	.
	.	.	.	O	

‎0	سررسید
	سررسید	سررسید	سررسید	N1	اسم
‎1	بدهکاری‌هایم
	بدهکاری|بدهکاری|بدهکار|بدهکار|ده|ده	بدهکاری|بدهکاری|بدهکار|بدهکار|ده|ده	بدهکاری+ها+ی+م|بدهکاری+ها+ی+م|بدهکار+ی+ها+ی+م|بدهکار+ی+ها+ی+م|ب+ده+کار+ی+ها+ی+م|ب+ده+کار+ی+ها+ی+م	N1+Pl+Y+N|N1+Pl+Y+V|A0+Y+Pl+Y+N|A0+Y+Pl+Y+V|O+V1+O+Y+Pl+Y+N|O+V1+O+Y+Pl+Y+V	اسم + علامت جمع + ی + ضمیر ملکی اول شخص مفرد|اسم + علامت جمع + ی + فعل اول شخص مفرد|صفت + ی + علامت جمع + ی + ضمیر ملکی اول شخص مفرد|صفت + ی + علامت جمع + ی + فعل اول شخص مفرد|ب + بن مضارع + کار + ی + علامت جمع + ی + ضمیر ملکی اول شخص مفرد|ب + بن مضارع + کار + ی + علامت جمع + ی + فعل اول شخص مفرد
‎2	از
	از	از	از	Pr	حرف اضافه
‎3	بیکاری
	بیکاری|بیکار|کار	بیکاری|بیکار|کار	بیکاری|بیکار+ی|بی+کار+ی	N1|A0+Y|O+N1+Y	اسم|صفت + ی|بی + اسم + ی
‎4	زیاد
	زیاد	زیاد	زیاد	A0	صفت
‎5	و
	و|و|و	و|و|و	و|و|و	C0|Ab|Al	حرف ربط|اختصارات|حروف الفبا
‎6	رودربایستی
	رودربایستی	رودربایستی	رودربایستی	N1	اسم
‎7	با
	با	با	با	Pr	حرف اضافه
‎8	کسانی
	کسان|کس|کس	کسان|کس|کس	کسان+ی|کس+ان+ی|کس+ان+ی	N1+Y|N1+Pl+Y|N1+Pl+Y	اسم + ی|اسم + ان + ی|اسم + ان + ی
‎9	که
	که|که|که|که	که|که|که|که	که|که|که|که	C0|NA|N1|N1	حرف ربط|ضمیر پرسشی|اسم|اسم
‎10	به
	به|به	به|به	به|به	Pr|N1	حرف اضافه|اسم
‎11	آن‌ها
	آنها|آنها	آنها|آنها	آنها|آنها	N5|N6	ضمیر فاعلی|ضمیر اشاره
‎12	پول
	پول	پول	پول	N1	اسم
‎13	قرض
	قرض	قرض	قرض	N1	اسم
‎14	داده بودم
	داد	داد	داد+ه+بود+م	V	اول شخص مفرد
‎15	سر
	سر|سر|سر|سر|سر	سر|سر|سر|سر|سر	سر|سر|سر|سر|سر	V|N1|N1|N1|N9	فعل امر مثبت|اسم|اسم|اسم|اسم موجود در ساختمان حرف اضافه و حرف ربط گروهی
‎16	رسیده بود
	رسید	رسید	رسید+ه+بود	V	سوم شخص مفرد
17	.
	.	.	.	O	

‎0	برای
	برای	برای	برای	Pr	حرف اضافه
‎1	خود
	خود|خود	خود|خود	خود|خود	N|N1	ضمیر مشترک/متقابل|اسم
‎2	که
	که|که|که|که	که|که|که|که	که|که|که|که	C0|NA|N1|N1	حرف ربط|ضمیر پرسشی|اسم|اسم
‎3	از
	از	از	از	Pr	حرف اضافه
‎4	گذشته
	گذشته|گذشت|گذشت	گذشته|گذشت|گذشت	گذشته|گذشت+ه|گذشت+ه	A0|O+O|N1+O	صفت|ریشه ماضی + ه|اسم + ه
‎5	قبری
	قبر	قبر	قبر+ی	N1+Y	اسم + ی
‎6	کنده
	کنده|کنده|کند	کنده|کنده|کند	کنده|کنده|کند+ه	A0|N1|A0+O	صفت|اسم|صفت + ه
‎7	بودم
	بود|بود|بود|بود	بود|بود|بود|بود	بود+م|بود+م|بود+م|بود+م	V|N1+N|N1+V|V	اول شخص مفرد|اسم + ضمیر ملکی اول شخص مفرد|اسم + فعل اول شخص مفرد|اول شخص مفرد
‎8	اما
	اما	اما	اما	C0	حرف ربط
‎9	در
	در|در|در|در|در	در|در|در|در|در	در|در|در|در|در	Pr|V|N1|N1|VPr	حرف اضافه|فعل امر مثبت|اسم|اسم|پیشوند فعل
‎10	ان
	ان	ان	ان	Ab	اختصارات
‎11	گور
	گور|گور	گور|گور	گور|گور	V|N1	فعل امر مثبت|اسم
‎12	خری
	خر|خر|خر	خر|خر|خر	خر+ی|خر+ی|خر+ی	V|N1+Y|N1+Y	دوم شخص مفرد|اسم + ی|اسم + ی
‎13	خوابیده بود
	خوابید	خوابید	خوابید+ه+بود	V	سوم شخص مفرد
14	.
	.	.	.	O	

‎0	پیتزا
	پیتزا	پیتزا	پیتزا	N1	اسم
‎1	را
	را	را	را	Po	حرف اضافه پسین
‎2	خریدم
	خرید|خرید|خرید|خر	خرید|خرید|خرید|خر	خرید+م|خرید+م|خرید+م|خر+ید+م	V|N1+N|N1+V|V	اول شخص مفرد|اسم + ضمیر ملکی اول شخص مفرد|اسم + فعل اول شخص مفرد|دوم شخص جمع
‎3	و
	و|و|و	و|و|و	و|و|و	C0|Ab|Al	حرف ربط|اختصارات|حروف الفبا
‎4	رويان
	رویان|رویان|روی|رو|رو|رو	رویان|رویان|روی|رو|رو|رو	رویان|رویان|روی+ان|رو+ی+ان|رو+ی+ان|رو+ی+ان	V|N1|N1+Pl|N1+Y+Pl|V1+Y+Pl|V1+Y+Pl	فعل امر مثبت|اسم|اسم + ان|اسم + ی + ان|بن مضارع + ی + ان|بن مضارع + ی + ان
‎5	سس
	سس|سس	سس|سس	سس|سس	N1|N1	اسم|اسم
‎6	خردل
	خردل	خردل	خردل	N1	اسم
‎7	بر
	بر|بر|بر|بر|بر	بر|بر|بر|بر|بر	بر|بر|بر|بر|بر	Pr|V|V|VPr|N1	حرف اضافه|فعل امر مثبت|فعل امر مثبت|پیشوند فعل|اسم
‎8	رویش
	رویش|روی|رو|رو|رو	رویش|روی|رو|رو|رو	رویش|روی+ش|رو+ی+ش|رو+ی+ش|رو+ی+ش	N1|N1+N|N1+Y+N|V|V	اسم|اسم + ضمیر ملکی سوم شخص مفرد|اسم + ی + ضمیر ملکی سوم شخص مفرد|دوم شخص مفرد|دوم شخص مفرد
‎9	نون
	نون	نون	نون	N1	اسم
‎10	کنجدی
	کنجدی|کنجد	کنجدی|کنجد	کنجدی|کنجد+ی	A0|N1+Y	صفت|اسم + ی
‎11	جا
	جا	جا	جا	N1	اسم
‎12	خوش
	خوش	خوش	خوش	A0	صفت
‎13	کرده بود
	کرد	کرد	کرد+ه+بود	V	سوم شخص مفرد
14	.
	.	.	.	O	

‎0	شروع
	شروع	شروع	شروع	N1	اسم
‎1	به
	به|به	به|به	به|به	Pr|N1	حرف اضافه|اسم
‎2	درست
	درست|درس	درست|درس	درست|درس+ت	A0|N1+N	صفت|اسم + ضمیر ملکی دوم شخص مفرد
‎3	کردن
	کرد	کرد	کرد+ن	V2+Neg	بن ماضی + ن
‎4	کاردستی‌های
	کاردستی	کاردستی	کاردستی+ها+ی	N1+Pl+Y	اسم + علامت جمع + ی
‎5	عجیب
	عجیب	عجیب	عجیب	A0	صفت
‎6	کردم
	کرد|کرد|کرد	کرد|کرد|کرد	کرد+م|کرد+م|کرد+م	V|N1+N|N1+V	اول شخص مفرد|اسم + ضمیر ملکی اول شخص مفرد|اسم + فعل اول شخص مفرد
7	.
	.	.	.	O	

‎0	کتاب
	کتاب	کتاب	کتاب	N1	اسم
‎1	حيدربابا
	حیدربابا	حیدربابا	حیدربابا	N3	اسم خاص اشخاص
‎2	در
	در|در|در|در|در	در|در|در|در|در	در|در|در|در|در	Pr|V|N1|N1|VPr	حرف اضافه|فعل امر مثبت|اسم|اسم|پیشوند فعل
‎3	کتابخانه
	کتابخانه|کتاب	کتابخانه|کتاب	کتابخانه|کتاب+خانه	N1|N1+Pl	اسم|اسم + خانه
‎4	خاک
	خاک	خاک	خاک	N1	اسم
‎5	گرفته بود
	گرفت	گرفت	گرفت+ه+بود	V	سوم شخص مفرد
6	،
	،	،	،	O	
7	،
	،	،	،	O	
‎8	باران
	باران|باران|بار	باران|باران|بار	باران|باران|بار+ان	V|N1|N1+Pl	فعل امر مثبت|اسم|اسم + ان
‎9	را
	را	را	را	Po	حرف اضافه پسین
‎10	از
	از	از	از	Pr	حرف اضافه
‎11	یک
	یک	یک	یک	No	عدد حرفی
‎12	اب
	اب	اب	اب	N1	اسم
‎13	زیر
	زیر	زیر	زیر	A0	صفت
‎14	کاه
	کاه|کاه	کاه|کاه	کاه|کاه	V|N1	فعل امر مثبت|اسم
‎15	لیمو
	لیمو	لیمو	لیمو	N1	اسم
‎16	زین
	زین	زین	زین	N1	اسم
‎17	سوار
	سوار	سوار	سوار	N1	اسم
‎18	گرفتم
	گرفت|گرفت|گرفت	گرفت|گرفت|گرفت	گرفت+م|گرفت+م|گرفت+م	V|N1+N|N1+V	اول شخص مفرد|اسم + ضمیر ملکی اول شخص مفرد|اسم + فعل اول شخص مفرد
19	.
	.	.	.	O	

‎0	بعضی
	بعضی	بعضی	بعضی	A2	صفت مبهم
‎1	می‌گویند
	گو	گو	می+گو+یند	V	سوم شخص جمع
‎2	در
	در|در|در|در|در	در|در|در|در|در	در|در|در|در|در	Pr|V|N1|N1|VPr	حرف اضافه|فعل امر مثبت|اسم|اسم|پیشوند فعل
‎3	ماهشهر
	ماهشهر	ماهشهر	ماهشهر	N2	اسم خاص مکان
‎4	پرچین
	پرچین	پرچین	پرچین	N1	اسم
‎5	و
	و|و|و	و|و|و	و|و|و	C0|Ab|Al	حرف ربط|اختصارات|حروف الفبا
‎6	چهارچوب
	چهارچوب	چهارچوب	چهارچوب	N1	اسم
‎7	وجود
	وجود|وجود	وجود|وجود	وجود|وجود	N1|N9	اسم|اسم موجود در ساختمان حرف اضافه و حرف ربط گروهی
‎8	ندارد
	دار|دار	دار|دار	ن+دار+د|ن+دار+د	V|Neg+V5+O	سوم شخص مفرد|ن + فعل کمکی + د
‎9	و
	و|و|و	و|و|و	و|و|و	C0|Ab|Al	حرف ربط|اختصارات|حروف الفبا
‎10	برخی
	برخی	برخی	برخی	A2	صفت مبهم
‎11	دنبال
	دنبال|دنبال	دنبال|دنبال	دنبال|دنبال	N1|N9	اسم|اسم موجود در ساختمان حرف اضافه و حرف ربط گروهی
‎12	ستاره
	ستاره	ستاره	ستاره	N1	اسم
‎13	دنباله‌دار
	دنباله‌دار|دنباله|دنبال	دنباله‌دار|دنباله|دنبال	دنباله‌دار|دنباله+دار|دنبال+ه+دار	A0|N1+O|N1+O+O	صفت|اسم + دار|اسم + ه + دار
‎14	دربه‌در
	دربه‌در	دربه‌در	دربه‌در	A0	صفت
‎15	شدند
	شد	شد	شد+ند	V	سوم شخص جمع
‎16	ولی
	ولی|ولی|ول|ول	ولی|ولی|ول|ول	ولی|ولی|ول+ی|ول+ی	C0|N1|A0+Y|N1+Y	حرف ربط|اسم|صفت + ی|اسم + ی
‎17	من
	من	من	من	N5	ضمیر فاعلی
‎18	شنیدم
	شنید	شنید	شنید+م	V	اول شخص مفرد
19	«
	«	«	«	O	
‎20	دود
	دود|دو|دو	دود|دو|دو	دود|دو+د|دو+د	N1|V|V	اسم|سوم شخص مفرد|سوم شخص مفرد
‎21	از
	از	از	از	Pr	حرف اضافه
‎22	کنده
	کنده|کنده|کند	کنده|کنده|کند	کنده|کنده|کند+ه	A0|N1|A0+O	صفت|اسم|صفت + ه
‎23	بلند
	بلند|بلند|بلند|لند|بل|بل	بلند|بلند|بلند|لند|بل|بل	بلند|بلند|بلند|ب+لند|بل+ند|بل+ند	A0|N1|N1|V|N1+V|N1+V	صفت|اسم|اسم|فعل امر مثبت|اسم + فعل سوم شخص جمع|اسم + فعل سوم شخص جمع
‎24	میشه
	میش|می|می	میش|می|می	میش+ه|می+ش+ه|می+ش+ه	N1+O|N1+N+O|N1+N+O	اسم + ه|اسم + ضمیر ملکی سوم شخص مفرد + ه|اسم + ضمیر ملکی سوم شخص مفرد + ه
25	»
	»	»	»	O	
26	(
	(	(	(	O	
27	)
	)	)	)	O	
28	.
	.	.	.	O	

‎0	راستی
	راستی|راست	راستی|راست	راستی|راست+ی	N1|A0+Y	اسم|صفت + ی
‎1	برای
	برای	برای	برای	Pr	حرف اضافه
‎2	ارقام
	ارقام	ارقام	ارقام	N1	اسم
‎3	عربی
	عربی|عرب	عربی|عرب	عربی|عرب+ی	A0|N1+Y	صفت|اسم + ی
‎4	دقت
	دقت|دق	دقت|دق	دقت|دق+ت	N1|N1+N	اسم|اسم + ضمیر ملکی دوم شخص مفرد
‎5	کنید
	کن|کن	کن|کن	کن+ید|کن+ید	V|V	دوم شخص جمع|دوم شخص جمع
‎6	که
	که|که|که|که	که|که|که|که	که|که|که|که	C0|NA|N1|N1	حرف ربط|ضمیر پرسشی|اسم|اسم
‎7	به
	به|به	به|به	به|به	Pr|N1	حرف اضافه|اسم
‎8	قسمت
	قسمت|قسم|قسم	قسمت|قسم|قسم	قسمت|قسم+ت|قسم+ت	N1|N1+N|N1+N	اسم|اسم + ضمیر ملکی دوم شخص مفرد|اسم + ضمیر ملکی دوم شخص مفرد
‎9	تنظیمات
	تنظیم	تنظیم	تنظیم+ات	N1+Pl	اسم + علامت جمع
‎10	ورد
	ورد|ورد	ورد|ورد	ورد|ورد	V|N1	فعل امر مثبت|اسم
‎11	بروید
	برو|رو|رو|رو	برو|رو|رو|رو	برو+ید|ب+رو+ید|ب+رو+ید|ب+رو+ید	A0+V|O+N1+V|V|V	صفت + فعل سوم شخص مفرد|ب + اسم + فعل سوم شخص مفرد|دوم شخص جمع|دوم شخص جمع
12	.
	.	.	.	O	

‎0	برای
	برای	برای	برای	Pr	حرف اضافه
‎1	این
	این|این	این|این	این|این	A1|N6	صفت اشاره|ضمیر اشاره
‎2	کار
	کار|کار	کار|کار	کار|کار	N1|V	اسم|فعل امر مثبت
3	:
	:	:	:	O	
‎4	در
	در|در|در|در|در	در|در|در|در|در	در|در|در|در|در	Pr|V|N1|N1|VPr	حرف اضافه|فعل امر مثبت|اسم|اسم|پیشوند فعل
‎5	ورد
	ورد|ورد	ورد|ورد	ورد|ورد	V|N1	فعل امر مثبت|اسم
6	۲۰۱۰
	۲۰۱۰	۲۰۱۰	۲۰۱۰	No	عدد رقمی
7	:
	:	:	:	O	
‎8	روی
	روی|روی|رو|رو|رو	روی|روی|رو|رو|رو	روی|روی|رو+ی|رو+ی|رو+ی	Pr1|N1|N1+Y|V|V	حرف اضافه گروهی|اسم|اسم + ی|دوم شخص مفرد|دوم شخص مفرد
‎9	نوار
	نوار	نوار	نوار	N1	اسم
10	File
	File	File	File	Pl	کلمه انگلیسی
‎11	کلیک
	کلیک|کلی	کلیک|کلی	کلیک|کلی+ک	N1|A0+O	اسم|صفت + ک
‎12	کنید
	کن|کن	کن|کن	کن+ید|کن+ید	V|V	دوم شخص جمع|دوم شخص جمع
13	،
	،	،	،	O	
‎14	و
	و|و|و	و|و|و	و|و|و	C0|Ab|Al	حرف ربط|اختصارات|حروف الفبا
‎15	از
	از	از	از	Pr	حرف اضافه
‎16	منوی
	منوی|منو	منوی|منو	منوی|منو+ی	N1|N1+Y	اسم|اسم + ی
‎17	سمت
	سمت|سمت|سم|سم	سمت|سمت|سم|سم	سمت|سمت|سم+ت|سم+ت	N1|N1|N1+N|N1+N	اسم|اسم|اسم + ضمیر ملکی دوم شخص مفرد|اسم + ضمیر ملکی دوم شخص مفرد
‎18	چپ
	چپ|چپ	چپ|چپ	چپ|چپ	V|A0	فعل امر مثبت|صفت
19	،
	،	،	،	O	
‎20	را
	را	را	را	Po	حرف اضافه پسین
‎21	انتخاب
	انتخاب	انتخاب	انتخاب	N1	اسم
‎22	کنید
	کن|کن	کن|کن	کن+ید|کن+ید	V|V	دوم شخص جمع|دوم شخص جمع
23	.
	.	.	.	O	

‎0	در
	در|در|در|در|در	در|در|در|در|در	در|در|در|در|در	Pr|V|N1|N1|VPr	حرف اضافه|فعل امر مثبت|اسم|اسم|پیشوند فعل
‎1	ورد
	ورد|ورد	ورد|ورد	ورد|ورد	V|N1	فعل امر مثبت|اسم
2	۲۰۰۷
	۲۰۰۷	۲۰۰۷	۲۰۰۷	No	عدد رقمی
3	:
	:	:	:	O	
‎4	روي
	روی|روی|رو|رو|رو	روی|روی|رو|رو|رو	روی|روی|رو+ی|رو+ی|رو+ی	Pr1|N1|N1+Y|V|V	حرف اضافه گروهی|اسم|اسم + ی|دوم شخص مفرد|دوم شخص مفرد
‎5	گرد
	گرد|گرد|گرد|گرد|گر	گرد|گرد|گرد|گرد|گر	گرد|گرد|گرد|گرد|گر+د	V|A0|N1|A0|V	فعل امر مثبت|صفت|اسم|صفت|سوم شخص مفرد
‎6	در
	در|در|در|در|در	در|در|در|در|در	در|در|در|در|در	Pr|V|N1|N1|VPr	حرف اضافه|فعل امر مثبت|اسم|اسم|پیشوند فعل
‎7	سمت
	سمت|سمت|سم|سم	سمت|سمت|سم|سم	سمت|سمت|سم+ت|سم+ت	N1|N1|N1+N|N1+N	اسم|اسم|اسم + ضمیر ملکی دوم شخص مفرد|اسم + ضمیر ملکی دوم شخص مفرد
‎8	بالا
	بالا	بالا	بالا	A0	صفت
9	-
	-	-	-	Exp	عبارت
‎10	چپ
	چپ|چپ	چپ|چپ	چپ|چپ	V|A0	فعل امر مثبت|صفت
‎11	کلیک
	کلیک|کلی	کلیک|کلی	کلیک|کلی+ک	N1|A0+O	اسم|صفت + ک
‎12	کنید
	کن|کن	کن|کن	کن+ید|کن+ید	V|V	دوم شخص جمع|دوم شخص جمع
‎13	و
	و|و|و	و|و|و	و|و|و	C0|Ab|Al	حرف ربط|اختصارات|حروف الفبا
‎14	از
	از	از	از	Pr	حرف اضافه
‎15	منوی
	منوی|منو	منوی|منو	منوی|منو+ی	N1|N1+Y	اسم|اسم + ی
‎16	باز
	باز|باز|باز|باز|باز	باز|باز|باز|باز|باز	باز|باز|باز|باز|باز	V|A0|VPr|N1|Ad	فعل امر مثبت|صفت|پیشوند فعل|اسم|قید
‎17	شده
	شد	شد	شد+ه	V3+O	فعل اسنادی + ه
18	،
	،	،	،	O	
‎19	از
	از	از	از	Pr	حرف اضافه
‎20	پایین
	پایین|پا	پایین|پا	پایین|پا+ین	A0|N1+O	صفت|اسم + ین
‎21	منو
	منو	منو	منو	N1	اسم
22	،
	،	،	،	O	
‎23	دکمهی
	دکمه	دکمه	دکمه+ی	N1+Y	اسم + ی
‎24	را
	را	را	را	Po	حرف اضافه پسین
‎25	انتخاب
	انتخاب	انتخاب	انتخاب	N1	اسم
‎26	کنید
	کن|کن	کن|کن	کن+ید|کن+ید	V|V	دوم شخص جمع|دوم شخص جمع
27	.
	.	.	.	O	

‎0	در
	در|در|در|در|در	در|در|در|در|در	در|در|در|در|در	Pr|V|N1|N1|VPr	حرف اضافه|فعل امر مثبت|اسم|اسم|پیشوند فعل
‎1	ورد
	ورد|ورد	ورد|ورد	ورد|ورد	V|N1	فعل امر مثبت|اسم
2	۲۰۰۳
	۲۰۰۳	۲۰۰۳	۲۰۰۳	No	عدد رقمی
3	:
	:	:	:	O	
‎4	از
	از	از	از	Pr	حرف اضافه
‎5	منوی
	منوی|منو	منوی|منو	منوی|منو+ی	N1|N1+Y	اسم|اسم + ی
‎6	بالا
	بالا	بالا	بالا	A0	صفت
‎7	را
	را	را	را	Po	حرف اضافه پسین
‎8	انتخاب
	انتخاب	انتخاب	انتخاب	N1	اسم
‎9	کنید
	کن|کن	کن|کن	کن+ید|کن+ید	V|V	دوم شخص جمع|دوم شخص جمع
10	.
	.	.	.	O	

‎0	كه
	که|که|که|که	که|که|که|که	که|که|که|که	C0|NA|N1|N1	حرف ربط|ضمیر پرسشی|اسم|اسم
‎1	اینجا
	اینجا	اینجا	اینجا	N1	اسم
‎2	می‌بینی
	بین	بین	می+بین+ی	V	دوم شخص مفرد
‎3	یه
	یه	یه	یه	N1	اسم
‎4	سری
	سری|سری|سر|سر|سر|سر	سری|سری|سر|سر|سر|سر	سری|سری|سر+ی|سر+ی|سر+ی|سر+ی	N1|A0|V|N1+Y|N1+Y|N1+Y	اسم|صفت|دوم شخص مفرد|اسم + ی|اسم + ی|اسم + ی
‎5	از
	از	از	از	Pr	حرف اضافه
‎6	نمونه
	نمونه	نمونه	نمونه	A0	صفت
‎7	اعدا
	اعدا	اعدا	اعدا	N1	اسم
‎8	ده
	ده|ده|ده	ده|ده|ده	ده|ده|ده	V|No|N1	فعل امر مثبت|عدد حرفی|اسم
‎9	که
	که|که|که|که	که|که|که|که	که|که|که|که	C0|NA|N1|N1	حرف ربط|ضمیر پرسشی|اسم|اسم
‎10	من
	من	من	من	N5	ضمیر فاعلی
‎11	براتون
	برات	برات	برات+ون	N1+Pl	اسم + علامت جمع
‎12	گذاشتم
	گذاشت	گذاشت	گذاشت+م	V	اول شخص مفرد
‎13	حالشو
	حالشو	حالشو	حالشو	N
‎14	ببرین
	برین|ببر|بر|بر|بر	برین|ببر|بر|بر|بر	ب+برین|ببر+ین|ب+بر+ین|ب+بر+ین|ب+بر+ین	O+A0|N1+O|O+V1+O|O+V1+O|O+N1+O	ب + صفت|اسم + ین|ب + بن مضارع + ین|ب + بن مضارع + ین|ب + اسم + ین
‎15	هورااااا 
	هورااااا	هورااااا	هورااااا	N
16	*
	*	*	*	O	
17	٠
	٠	٠	٠	No	عدد رقمی
18	۰
	۰	۰	۰	No	عدد رقمی
19	١
	١	١	١	No	عدد رقمی
20	۱
	۱	۱	۱	No	عدد رقمی
21	٢
	٢	٢	٢	No	عدد رقمی
22	۲
	۲	۲	۲	No	عدد رقمی
23	٣
	٣	٣	٣	No	عدد رقمی
24	۳
	۳	۳	۳	No	عدد رقمی
25	٤
	٤	٤	٤	N
26	۳
	۳	۳	۳	No	عدد رقمی
27	۴
	۴	۴	۴	No	عدد رقمی
28	٥
	٥	٥	٥	N
29	۵
	۵	۵	۵	No	عدد رقمی
30	٦
	٦	٦	٦	N
31	۶
	۶	۶	۶	No	عدد رقمی
32	٧
	٧	٧	٧	No	عدد رقمی
33	۳
	۳	۳	۳	No	عدد رقمی
34	۷
	۷	۷	۷	No	عدد رقمی
35	٨
	٨	٨	٨	No	عدد رقمی
36	۸
	۸	۸	۸	No	عدد رقمی
37	٩
	٩	٩	٩	No	عدد رقمی
38	۳
	۳	۳	۳	No	عدد رقمی
39	۹
	۹	۹	۹	No	عدد رقمی
40	١٠
	١٠	١٠	١٠	No	عدد رقمی
41	۳
	۳	۳	۳	No	عدد رقمی
42	۱۰
	۱۰	۱۰	۱۰	No	عدد رقمی
