0	بزرگ‌ترین	بزرگ	بزرگ	بزرگ+ترین	A0+A
1	کاری	کاری|کار|کار	کاری|کار|کار	کاری|کار+ی|کار+ی	A0|N1+Y|V
2	که	که|که|که|که	که|که|که|که	که|که|که|که	C0|NA|N1|N1
3	در	در|در|در|در|در	در|در|در|در|در	در|در|در|در|در	Pr|V|N1|N1|VPr
4	راستای	راستا	راستا	راستا+ی	N1+Y
5	کشورگشایی	کشور‌گشایی	کشور‌گشایی	کشور‌گشایی	N1
6	می‌توان	توان	توان	می+توان	O+V4
7	انجام	انجام|انجام	انجام|انجام	انجام|انجام	N1|V
8	داد	داد|داد	داد|داد	داد|داد	V|N1
9	فرار	فرار|فرار	فرار|فرار	فرار|فرار	N1|A0
10	از	از	از	از	Pr
11	این	این|این	این|این	این|این	A1|N6
12	کشور	کشور|کش|کش	کشور|کش|کش	کشور|کش+ور|کش+ور	N1|V1+O|V1+O
13	خراب	خراب	خراب	خراب	A0
14	شده	شد	شد	شد+ه	V3+O
15	است	است|اس	است|اس	است|اس+ت	V|N1+N
16	.	.	.	.	Si

0	مال	مال|مال	مال|مال	مال|مال	V|N1
1	از	از	از	از	Pr
2	بهر	بهر|بهر	بهر|بهر	بهر|بهر	N9|N1
3	آسایش	آسایش|آسا	آسایش|آسا	آسایش|آسا+ی+ش	N1|V
4	عمر	عمر|عمر	عمر|عمر	عمر|عمر	N1|N3
5	است	است|اس	است|اس	است|اس+ت	V|N1+N
6	،	،	،	،	Si
7	نه	نه|نه|نه	نه|نه|نه	نه|نه|نه	No|V|N1
8	عمر	عمر|عمر	عمر|عمر	عمر|عمر	N1|N3
9	از	از	از	از	Pr
10	بهر	بهر|بهر	بهر|بهر	بهر|بهر	N9|N1
11	گردکردن	گردکردن	گردکردن	گردکردن	N
12	مال	مال|مال	مال|مال	مال|مال	V|N1
13	.	.	.	.	Si

0	عاقلی	عاقلی|عاقل	عاقلی|عاقل	عاقلی|عاقل+ی	N1|A0+Y
1	را	را	را	را	Po
2	پرسیدند	پرسید	پرسید	پرسید+ند	V
3	:	:	:	:	Si

0	نیک‌بخت	نیک‌بخت	نیک‌بخت	نیک‌بخت	A0
1	کیست	کیست|کیس	کیست|کیس	کیست|کیس+ت	N1|N1+N
2	و	و|و|و	و|و|و	و|و|و	C0|Ab|Al
3	بدبختی	بدبختی|بدبخت	بدبختی|بدبخت	بدبختی|بدبخت+ی	N1|A0+Y
4	چیست	چیست	چیست	چیست	V
5	؟	؟	؟	؟	Si

0	گفت	گفت|گفت	گفت|گفت	گفت|گفت	V|N1
1	:	:	:	:	Si

0	نیک‌بخت	نیک‌بخت	نیک‌بخت	نیک‌بخت	A0
1	ان	ان	ان	ان	Ab
2	که	که|که|که|که	که|که|که|که	که|که|که|که	C0|NA|N1|N1
3	خورد	خورد|خورد|خور	خورد|خورد|خور	خورد|خورد|خور+د	V|N1|V
4	و	و|و|و	و|و|و	و|و|و	C0|Ab|Al
5	کشت	کشت|کشت|کشت|کش|کش|کش	کشت|کشت|کشت|کش|کش|کش	کشت|کشت|کشت|کش+ت|کش+ت|کش+ت	V|V|N1|V|V|N1+N
6	و	و|و|و	و|و|و	و|و|و	C0|Ab|Al
7	بدبخت	بدبخت	بدبخت	بدبخت	A0
8	آن	آن|آن	آن|آن	آن|آن	A1|N6
9	که	که|که|که|که	که|که|که|که	که|که|که|که	C0|NA|N1|N1
10	مرد	مرد|مرد	مرد|مرد	مرد|مرد	N1|V
11	و	و|و|و	و|و|و	و|و|و	C0|Ab|Al
12	هشت	هشت	هشت	هشت	No
13	.	.	.	.	Si

0	اوباشی	اوباش	اوباش	اوباش	N
1	را	را	را	را	Po
2	در	در|در|در|در|در	در|در|در|در|در	در|در|در|در|در	Pr|V|N1|N1|VPr
3	خیابان	خیابان	خیابان	خیابان	N1
4	دیدم	دید|دید|دید	دید|دید|دید	دید+م|دید+م|دید+م	V|N1+N|N1+V
5	که	که|که|که|که	که|که|که|که	که|که|که|که	C0|NA|N1|N1
6	اعمال	اعمال|عمل	اعمال|عمل	اعمال|عمل	N1|N
7	ناشایستی	ناشایست|شایست	ناشایست|شایست	ناشایست+ی|نا+شایست+ی	A0+Y|V
8	انجام	انجام|انجام	انجام|انجام	انجام|انجام	N1|V
9	می‌دادند	داد	داد	می+داد+ند	V
10	.	.	.	.	Si

0	مطالب	مطالب	مطالب	مطالب	N1
1	زیبایی	زیبایی|زیبا	زیبایی|زیبا	زیبایی|زیبا+یی	N1|A0+O
2	در	در|در|در|در|در	در|در|در|در|در	در|در|در|در|در	Pr|V|N1|N1|VPr
3	باب	باب|باب	باب|باب	باب|باب	N1|N9
4	مسجد	مسجد	مسجد	مسجد	N1
5	خوانده	خوانده|خواند	خوانده|خواند	خوانده|خواند+ه	N1|O+O
6	بودم	بود|بود|بود|بود	بود|بود|بود|بود	بود+م|بود+م|بود+م|بود+م	V|N1+N|N1+V|V
7	که	که|که|که|که	که|که|که|که	که|که|که|که	C0|NA|N1|N1
8	مورد	مورد|مورد|مورد	مورد|مورد|مورد	مورد|مورد|مورد	N1|N1|N9
9	پسندم	پسند|پسند|پسند|دم	پسند|پسند|پسند|دم	پسند+م|پسند+م|پسند+م|ن+پس+دم	V|N1+N|N1+V|V
10	واقع	واقع	واقع	واقع	N1
11	نشده‌بود	شد	شد	ن+شد+ه+بود	V
12	.	.	.	.	Si

0	تجربه	تجربه|تجرب	تجربه|تجرب	تجربه|تجرب+ه	N1|N1+O
1	خوبی	خوبی|خوب	خوبی|خوب	خوبی|خوب+ی	N1|A0+Y
2	در	در|در|در|در|در	در|در|در|در|در	در|در|در|در|در	Pr|V|N1|N1|VPr
3	زمینه‌ی	زمینه|زمین|زم	زمینه|زمین|زم	زمینه+ی|زمین+ه+ی|زم+ین+ه+ی	N1+Y|N1+O+Y|N1+O+O+Y
4	تجربه‌های	تجربه|تجرب	تجربه|تجرب	تجربه+ها+ی|تجرب+ه+ها+ی	N1+Pl+Y|N1+O+Pl+Y
5	شخصی	شخصی|شخص	شخصی|شخص	شخصی|شخص+ی	A0|N1+Y
6	دارم	دار|دار|دار	دار|دار|دار	دار+م|دار+م|دار+م	V|N1+N|N1+V
7	!	!	!	!	Si

0	مهم‌ترین	مهم	مهم	مهم+ترین	A0+A
1	دلیل	دلیل	دلیل	دلیل	N1
2	در	در|در|در|در|در	در|در|در|در|در	در|در|در|در|در	Pr|V|N1|N1|VPr
3	بی‌کاری‌های	کار	کار	بی+کار+ی+ها+ی	O+N1+Y+Pl+Y
4	اکثر	اکثر	اکثر	اکثر	A0
5	دانشجویان	دانشجو|دانش|دان	دانشجو|دانش|دان	دانشجو+ی+ان|دانش+جو+ی+ان|دان+ش+جو+ی+ان	N1+Y+Pl|N1+O+Y+Pl|V1+O+O+Y+Pl
6	کشور	کشور|کش|کش	کشور|کش|کش	کشور|کش+ور|کش+ور	N1|V1+O|V1+O
7	انتخاب	انتخاب	انتخاب	انتخاب	N1
8	رشته	رشته|رشت	رشته|رشت	رشته|رشت+ه	N1|O+O
9	اشتباه	اشتباه	اشتباه	اشتباه	A0
10	است	است|اس	است|اس	است|اس+ت	V|N1+N
11	!	!	!	!	Si

0	بهترین	بهترین|بهتر	بهترین|بهتر	بهترین|بهتر+ین	A0|A0+O
1	کتابی	کتابی|کتاب	کتابی|کتاب	کتابی|کتاب+ی	A0|N1+Y
2	که	که|که|که|که	که|که|که|که	که|که|که|که	C0|NA|N1|N1
3	خوانده‌ام	خوانده|خوانده|خواند	خوانده|خوانده|خواند	خوانده+ام|خوانده+ام|خواند+ه+ام	N1+N|N1+V|V
4	کتاب	کتاب	کتاب	کتاب	N1
5	۳۰۰	۳۰۰	۳۰۰	۳۰۰	No
6	سال	سال	سال	سال	N1
7	تنهایی	تنهایی|تنها|تن|تن	تنهایی|تنها|تن|تن	تنهایی|تنها+یی|تن+ها+یی|تن+ها+یی	Ad|A0+O|N1+Pl+O|N1+Pl+O
8	بود	بود|بود|بود|بو	بود|بود|بود|بو	بود|بود|بود|بو+د	V|N1|V|V
9	!	!	!	!	Si

0	در	در|در|در|در|در	در|در|در|در|در	در|در|در|در|در	Pr|V|N1|N1|VPr
1	۱۳	۱۳	۱۳	۱۳	No
2	ابان	اب	اب	اب+ان	N1+Pl
3	سال	سال	سال	سال	N1
4	۱۳۹۷	۱۳۹۷	۱۳۹۷	۱۳۹۷	No
5	یکی	یکی	یکی	یکی	A2
6	از	از	از	از	Pr
7	مهم‌ترین	مهم	مهم	مهم+ترین	A0+A
8	اتفاقات	اتفاق	اتفاق	اتفاق+ات	N1+Pl
9	زندگی	زندگی|زنده	زندگی|زنده	زندگی|زنده+گی	N1|A0+O
10	جامعه	جامعه|جامع	جامعه|جامع	جامعه|جامع+ه	N1|A0+O
11	بشری	بشری|بشر|بشر|شر|شر	بشری|بشر|بشر|شر|شر	بشری|بشر+ی|بشر+ی|ب+شر+ی|ب+شر+ی	A0|N1+Y|N1+Y|O+A0+Y|O+N1+Y
12	رخ	رخ|رخ	رخ|رخ	رخ|رخ	N1|N1
13	نداد	داد	داد	ن+داد	V
14	.	.	.	.	Si

0	ظاهراً	ظاهراً	ظاهراً	ظاهراً	Ad
1	بهترین	بهترین|بهتر	بهترین|بهتر	بهترین|بهتر+ین	A0|A0+O
2	کاری	کاری|کار|کار	کاری|کار|کار	کاری|کار+ی|کار+ی	A0|N1+Y|V
3	که	که|که|که|که	که|که|که|که	که|که|که|که	C0|NA|N1|N1
4	می‌شود	شو|شو	شو|شو	می+شو+د|می+شو+د	V|V
5	انجام	انجام|انجام	انجام|انجام	انجام|انجام	N1|V
6	داد	داد|داد	داد|داد	داد|داد	V|N1
7	مشاهده	مشاهده|مشاهد	مشاهده|مشاهد	مشاهده|مشاهد+ه	N1|N1+O
8	کار	کار|کار	کار|کار	کار|کار	N1|V
9	بقیه	بقیه|بقیه|قیه|بق|قی	بقیه|بقیه|قیه|بق|قی	بقیه|بقیه|ب+قیه|بق+یه|ب+قی+ه	A0|N1|O+N1|N1+O|O+N1+O
10	است	است|اس	است|اس	است|اس+ت	V|N1+N
11	.	.	.	.	Si

0	بزرگ‌ترین	بزرگ	بزرگ	بزرگ+ترین	A0+A
1	عامل	عامل	عامل	عامل	N1
2	پیروزی	پیروزی	پیروزی	پیروزی	N2
3	۲	۲	۲	۲	No
4	بر	بر|بر|بر|بر|بر	بر|بر|بر|بر|بر	بر|بر|بر|بر|بر	Pr|V|V|VPr|N1
5	صفر	صفر|صفر	صفر|صفر	صفر|صفر	No|N1
6	مقابل	مقابل|مقابل	مقابل|مقابل	مقابل|مقابل	A0|N9
7	تیم	تیم|تی|تی	تیم|تی|تی	تیم|تی+م|تی+م	N1|N1+N|N1+V
8	ضعیف	ضعیف	ضعیف	ضعیف	A0
9	استقلال	استقلال	استقلال	استقلال	N1
10	،	،	،	،	Si
11	ضعیف	ضعیف	ضعیف	ضعیف	A0
12	بودن	بود|بود|بو	بود|بود|بو	بود+ن|بود+ن|بو+د+ن	V2+Neg|V3+Neg|V1+O+Neg
13	این	این|این	این|این	این|این	A1|N6
14	تیم	تیم|تی|تی	تیم|تی|تی	تیم|تی+م|تی+م	N1|N1+N|N1+V
15	بود	بود|بود|بود|بو	بود|بود|بود|بو	بود|بود|بود|بو+د	V|N1|V|V
16	.	.	.	.	Si

0	اژدها	اژدها	اژدها	اژدها	N1
1	که	که|که|که|که	که|که|که|که	که|که|که|که	C0|NA|N1|N1
2	از	از	از	از	Pr
3	در	در|در|در|در|در	در|در|در|در|در	در|در|در|در|در	Pr|V|N1|N1|VPr
4	واردشد	واردشد	واردشد	واردشد	N
5	همگی	همگی|همه|همه|گی	همگی|همه|همه|گی	همگی|همه+گی|همه+گی|هم+گی	A0|N1+O|A2+O|O+N1
6	ترسیدند	ترسید	ترسید	ترسید+ند	V
7	!	!	!	!	Si

0	دانشجویان	دانشجو|دانش|دان	دانشجو|دانش|دان	دانشجو+ی+ان|دانش+جو+ی+ان|دان+ش+جو+ی+ان	N1+Y+Pl|N1+O+Y+Pl|V1+O+O+Y+Pl
1	دکترای	دکترا	دکترا	دکترا+ی	N1+Y
2	حاضر	حاضر|حاضر	حاضر|حاضر	حاضر|حاضر	N1|A0
3	در	در|در|در|در|در	در|در|در|در|در	در|در|در|در|در	Pr|V|N1|N1|VPr
4	کلاس	کلاس	کلاس	کلاس	N1
5	مسیول	مسی|مس	مسی|مس	مسی+ول|مس+ی+ول	A0+O|N1+Y+O
6	هدایت	هدایت	هدایت	هدایت	N1
7	فرایند	فرایند	فرایند	فرایند	N1
8	،	،	،	،	Si
9	کنترل‌ها	کنترل	کنترل	کنترل+ها	N1+Pl
10	،	،	،	،	Si
11	تهیه	تهیه|تهی	تهیه|تهی	تهیه|تهی+ه	N1|A0+O
12	استانداردهای	استاندارد	استاندارد	استاندارد+ها+ی	A0+Pl+Y
13	مسابقه	مسابقه	مسابقه	مسابقه	N1
14	و	و|و|و	و|و|و	و|و|و	C0|Ab|Al
15	برچسب‌زنی	برچسب‌زنی	برچسب‌زنی	برچسب‌زنی	N1
16	داده‌ها	داده|داد|داد	داده|داد|داد	داده+ها|داد+ه+ها|داد+ه+ها	N1+Pl|O+O+Pl|N1+O+Pl
17	،	،	،	،	Si
18	تکمیل	تکمیل	تکمیل	تکمیل	N1
19	داده	داده|داد|داد	داده|داد|داد	داده|داد+ه|داد+ه	N1|O+O|N1+O
20	تست	تست|تست	تست|تست	تست|تست	N1|A0
21	و	و|و|و	و|و|و	و|و|و	C0|Ab|Al
22	تهیه	تهیه|تهی	تهیه|تهی	تهیه|تهی+ه	N1|A0+O
23	گزارش	گزارش|گزارش|گزار	گزارش|گزارش|گزار	گزارش|گزارش|گزار+ش	N1|N9|V
24	(مقاله)	(مقاله)	(مقاله)	(مقاله)	O
25	مروری	مروری|مرور	مروری|مرور	مروری|مرور+ی	A0|N1+Y
26	از	از	از	از	Pr
27	کل	کل|کل|کل|کل|کل	کل|کل|کل|کل|کل	کل|کل|کل|کل|کل	A0|A0|N1|N1|N1
28	مطالعه	مطالعه|مطالع	مطالعه|مطالع	مطالعه|مطالع+ه	N1|N1+O
29	و	و|و|و	و|و|و	و|و|و	C0|Ab|Al
30	بررسی	بررسی|بررس	بررسی|بررس	بررسی|بررس+ی	N1|N1+Y
31	انجام‌شده	انجام‌شده|انجام	انجام‌شده|انجام	انجام‌شده|انجام+شد+ه	A0|V1+O+O
32	هستند	هست|هست	هست|هست	هست+ند|هست+ند	V|N1+V
33	لذا	لذا	لذا	لذا	Ad
34	باید	باید	باید	باید	V4
35	به	به|به	به|به	به|به	Pr|N1
36	کل	کل|کل|کل|کل|کل	کل|کل|کل|کل|کل	کل|کل|کل|کل|کل	A0|A0|N1|N1|N1
37	ابزارها	ابزار|اب	ابزار|اب	ابزار+ها|اب+زار+ها	N1+Pl|N1+O+Pl
38	اشراف	اشراف|اشراف	اشراف|اشراف	اشراف|اشراف	N1|N1
39	نسبی	نسبی|نسبی|نسب	نسبی|نسبی|نسب	نسبی|نسبی|نسب+ی	A0|A0|N1+Y
40	داشته باشند	داشت	داشت	داشت+ه+باش+ند	V
41	.	.	.	.	Si

0	شرح	شرح	شرح	شرح	N1
1	وظایف	وظایف	وظایف	وظایف	N1
2	این	این|این	این|این	این|این	A1|N6
3	دسته	دسته|دست	دسته|دست	دسته|دست+ه	N1|N1+O
4	جداگانه	جداگانه|جدا	جداگانه|جدا	جداگانه|جدا+گانه	Ad|A0+Pl
5	در	در|در|در|در|در	در|در|در|در|در	در|در|در|در|در	Pr|V|N1|N1|VPr
6	جلسه	جلسه	جلسه	جلسه	N1
7	حضوری	حضوری|حضور	حضوری|حضور	حضوری|حضور+ی	A0|N1+Y
8	تشریح	تشریح	تشریح	تشریح	N1
9	خواهدشد	خواه|خواه|شد	خواه|خواه|شد	خواه+د+شد|خواه+د+شد|خواهد+شد	V1+O+O|V5+O+O|V
10	.	.	.	.	Si

0	دیگری	دیگری	دیگری	دیگری	A2
1	جمع	جمع	جمع	جمع	A0
2	«	«	«	«	Si
3	مکسر	مکسر	مکسر	مکسر	A0
4	»	»	»	»	Si
5	است	است|اس	است|اس	است|اس+ت	V|N1+N
6	که	که|که|که|که	که|که|که|که	که|که|که|که	C0|NA|N1|N1
7	قاعدهی	قاعده	قاعده	قاعده+ی	N1+Y
8	معینی	معینی|معین|معین|معین	معینی|معین|معین|معین	معینی|معین+ی|معین+ی|معین+ی	N4|A0+Y|N1+Y|N1+Y
9	ندارد	دار|دار	دار|دار	ن+دار+د|ن+دار+د	V|Neg+V5+O
10	،	،	،	،	Si
11	یعنی	یعنی	یعنی	یعنی	C0
12	«	«	«	«	Si
13	قیاسی	قیاسی|قیاس	قیاسی|قیاس	قیاسی|قیاس+ی	A0|N1+Y
14	»	»	»	»	Si
15	نیست	نیست|است|نی	نیست|است|نی	نیست|نی+است|نی+ست	N1|V|N1+N
16	،	،	،	،	Si
17	«	«	«	«	Si
18	سماعی	سماعی|سماع	سماعی|سماع	سماعی|سماع+ی	A0|N1+Y
19	»	»	»	»	Si
20	است	است|اس	است|اس	است|اس+ت	V|N1+N
21	و	و|و|و	و|و|و	و|و|و	C0|Ab|Al
22	درمورد	درمورد	درمورد	درمورد	Pr1
23	هر	هر	هر	هر	A1
24	اسم	اسم|اس|اس	اسم|اس|اس	اسم|اس+م|اس+م	N1|N1+N|N1+V
25	مفردی	مفرد	مفرد	مفرد+ی	A0+Y
26	باید	باید	باید	باید	V4
27	دید	دید|دید	دید|دید	دید|دید	V|N1
28	یا	یا|یا	یا|یا	یا|یا	C0|Intj
29	درواقع	درواقع	درواقع	درواقع	Ad
30	شنید	شنید|شن	شنید|شن	شنید|شن+ید	V|N1+V
31	که	که|که|که|که	که|که|که|که	که|که|که|که	C0|NA|N1|N1
32	اهل	اهل	اهل	اهل	A0
33	زبان	زبان	زبان	زبان	N1
34	مفرد	مفرد	مفرد	مفرد	A0
35	ان	ان	ان	ان	Ab
36	را	را	را	را	Po
37	به	به|به	به|به	به|به	Pr|N1
38	چه	چه|چه|چه	چه|چه|چه	چه|چه|چه	NA|C0|A0
39	صورت	صورت|صورت|صور|صور	صورت|صورت|صور|صور	صورت|صورت|صور+ت|صور+ت	N1|N9|N1+N|N1+N
40	می‌شکند	شکن	شکن	می+شکن+د	V
41	و	و|و|و	و|و|و	و|و|و	C0|Ab|Al
42	چه‌گونه	چه	چه	چه+گون+ه	A0+O+O
43	به	به|به	به|به	به|به	Pr|N1
44	صورت	صورت|صورت|صور|صور	صورت|صورت|صور|صور	صورت|صورت|صور+ت|صور+ت	N1|N9|N1+N|N1+N
45	جمع	جمع	جمع	جمع	A0
46	مکسر	مکسر	مکسر	مکسر	A0
47	یا	یا|یا	یا|یا	یا|یا	C0|Intj
48	شکسته	شکسته|شکست|شکست	شکسته|شکست|شکست	شکسته|شکست+ه|شکست+ه	A0|O+O|N1+O
49	درمی‌آورد	درآورد|درآور	درآورد|درآور	می+درآورد|می+درآور+د	V|V
50	.	.	.	.	Si
