0	وی
	وی|وی	وی|وی	وی|وی	N5|Ab	ضمیر فاعلی|اختصارات
1	افزود
	افزود	افزود	افزود	V	سوم شخص مفرد
2	:
	:	:	:	O	

0	در
	در|در|در|در|در	در|در|در|در|در	در|در|در|در|در	Pr|V|N1|N1|VPr	حرف اضافه|فعل امر مثبت|اسم|اسم|پیشوند فعل
1	سال
	سال	سال	سال	N1	اسم
2	۹۵
	۹۵	۹۵	۹۵	No	عدد رقمی
3	نیز
	نیز|آز	نیز|آز	نیز|نی+آز	Ad|V	قید|فعل امر منفی
4	آقای
	آقا	آقا	آقا+ی	N1+Y	اسم + ی
5	اللهیاری
	الله	الله	الله+یار+ی	N1+O+Y	اسم + یار + ی
6	برای
	برای	برای	برای	Pr	حرف اضافه
7	چند
	چند	چند	چند	NA	ضمیر پرسشی
8	روز
	روز	روز	روز	N1	اسم
9	بازداشت
	بازداشت|بازداشت	بازداشت|بازداشت	بازداشت|بازداشت	V|N1	سوم شخص مفرد|اسم
10	شده بود
	شد	شد	شد+ه+بود	V	سوم شخص مفرد
11	که
	که|که|که|که	که|که|که|که	که|که|که|که	C0|NA|N1|N1	حرف ربط|ضمیر پرسشی|اسم|اسم
12	با
	با	با	با	Pr	حرف اضافه
13	ضمانت
	ضمانت|ضمان|ضم	ضمانت|ضمان|ضم	ضمانت|ضمان+ت|ضم+ان+ت	N1|N1+N|N1+Pl+N	اسم|اسم + ضمیر ملکی دوم شخص مفرد|اسم + ان + ضمیر ملکی دوم شخص مفرد
14	ملکی
	ملکی|ملکی|ملک|ملک|ملک|مل|مل	ملکی|ملکی|ملک|ملک|ملک|مل|مل	ملکی|ملکی|ملک+ی|ملک+ی|ملک+ی|مل+ک+ی|مل+ک+ی	A0|N4|N1+Y|N1+Y|N1+Y|N1+O+Y|N1+O+Y	صفت|اسم فامیل|اسم + ی|اسم + ی|اسم + ی|اسم + ک + ی|اسم + ک + ی
15	معاونش
	معاون	معاون	معاون+ش	N1+N	اسم + ضمیر ملکی سوم شخص مفرد
16	از
	از	از	از	Pr	حرف اضافه
17	زندان
	زندان|زن	زندان|زن	زندان|زن+دان	N1|N1+Pl	اسم|اسم + دان
18	آزاد
	آزاد	آزاد	آزاد	A0	صفت
19	شد
	شد	شد	شد	V	سوم شخص مفرد
20	،
	،	،	،	O	
21	ولی
	ولی|ولی|ول|ول	ولی|ولی|ول|ول	ولی|ولی|ول+ی|ول+ی	C0|N1|A0+Y|N1+Y	حرف ربط|اسم|صفت + ی|اسم + ی
22	از
	از	از	از	Pr	حرف اضافه
23	آن
	آن|آن	آن|آن	آن|آن	A1|N6	صفت اشاره|ضمیر اشاره
24	زمان
	زمان|زم	زمان|زم	زمان|زم+ان	N1|N1+Pl	اسم|اسم + ان
25	تاکنون
	تاکنون	تاکنون	تاکنون	Ad	قید
26	بقیه
	بقیه|بقیه|قیه|بق|قی	بقیه|بقیه|قیه|بق|قی	بقیه|بقیه|ب+قیه|بق+یه|ب+قی+ه	A0|N1|O+N1|N1+O|O+N1+O	صفت|اسم|ب + اسم|اسم + یه|ب + اسم + ه
27	پرونده‌ها
	پرونده|پرو	پرونده|پرو	پرونده+ها|پرو+نده+ها	N1+Pl|N1+O+Pl	اسم + علامت جمع|اسم + نده + علامت جمع
28	در
	در|در|در|در|در	در|در|در|در|در	در|در|در|در|در	Pr|V|N1|N1|VPr	حرف اضافه|فعل امر مثبت|اسم|اسم|پیشوند فعل
29	سازمان
	سازمان|ساز|ساز	سازمان|ساز|ساز	سازمان|ساز+مان|ساز+مان	N1|V|N1+N	اسم|سوم شخص مفرد|اسم + ضمیر ملکی اول شخص جمع
30	نظام
	نظام	نظام	نظام	N1	اسم
31	روانشناسی
	روان	روان	روان+شناس+ی	A0+O+Y	صفت + شناس + ی
32	مسکوت
	مسکوت|مسکو	مسکوت|مسکو	مسکوت|مسکو+ت	A0|N2+N	صفت|اسم خاص مکان + ضمیر ملکی دوم شخص مفرد
33	مانده بود
	ماند|مان	ماند|مان	ماند+ه+بود|مان+د+ه+بود	V|V1+O+O+O	سوم شخص مفرد|بن مضارع + د + ه + بود
34	.
	.	.	.	O	

0	عضو
	عضو	عضو	عضو	N1	اسم
1	سازمان
	سازمان|ساز|ساز	سازمان|ساز|ساز	سازمان|ساز+مان|ساز+مان	N1|V|N1+N	اسم|سوم شخص مفرد|اسم + ضمیر ملکی اول شخص جمع
2	نظام
	نظام	نظام	نظام	N1	اسم
3	روانشناسی
	روان	روان	روان+شناس+ی	A0+O+Y	صفت + شناس + ی
4	خاطرنشان‌
	خاطرنشان	خاطرنشان	خاطرنشان	A0	صفت
5	کرد
	کرد|کرد	کرد|کرد	کرد|کرد	V|N1	سوم شخص مفرد|اسم
6	:
	:	:	:	O	

0	از
	از	از	از	Pr	حرف اضافه
1	مهرماه
	مهرماه	مهرماه	مهرماه	N1	اسم
2	سال
	سال	سال	سال	N1	اسم
3	گذشته
	گذشته|گذشت|گذشت	گذشته|گذشت|گذشت	گذشته|گذشت+ه|گذشت+ه	A0|O+O|N1+O	صفت|ریشه ماضی + ه|اسم + ه
4	ردصلاحیت
	ردصلاحیت	ردصلاحیت	ردصلاحیت	A0	صفت
5	رئیس
	رئیس	رئیس	رئیس	N1	اسم
6	سازمان
	سازمان|ساز|ساز	سازمان|ساز|ساز	سازمان|ساز+مان|ساز+مان	N1|V|N1+N	اسم|سوم شخص مفرد|اسم + ضمیر ملکی اول شخص جمع
7	روانشناسی
	روان	روان	روان+شناس+ی	A0+O+Y	صفت + شناس + ی
8	توسط
	توسط|توسط	توسط|توسط	توسط|توسط	N1|N9	اسم|اسم موجود در ساختمان حرف اضافه و حرف ربط گروهی
9	دفتر
	دفتر	دفتر	دفتر	N1	اسم
10	رئیس‌جمهور
	رئیس‌جمهور	رئیس‌جمهور	رئیس‌جمهور	N1	اسم
11	انجام
	انجام|انجام	انجام|انجام	انجام|انجام	N1|V	اسم|فعل امر مثبت
12	گرفت
	گرفت|گرفت	گرفت|گرفت	گرفت|گرفت	V|N1	سوم شخص مفرد|اسم
13	،
	،	،	،	O	
14	ولی
	ولی|ولی|ول|ول	ولی|ولی|ول|ول	ولی|ولی|ول+ی|ول+ی	C0|N1|A0+Y|N1+Y	حرف ربط|اسم|صفت + ی|اسم + ی
15	علی‌رغم
	علی‌رغم	علی‌رغم	علی‌رغم	Pr1	حرف اضافه گروهی
16	این
	این|این	این|این	این|این	A1|N6	صفت اشاره|ضمیر اشاره
17	ردصلاحیت
	ردصلاحیت	ردصلاحیت	ردصلاحیت	A0	صفت
18	همچنان
	همچنان|چنان	همچنان|چنان	همچنان|هم+چنان	Ad|O+A0	قید|هم + صفت
19	عباسعلی
	عباسعلی	عباسعلی	عباسعلی	N3	اسم خاص اشخاص
20	اللهیاری
	الله	الله	الله+یار+ی	N1+O+Y	اسم + یار + ی
21	در
	در|در|در|در|در	در|در|در|در|در	در|در|در|در|در	Pr|V|N1|N1|VPr	حرف اضافه|فعل امر مثبت|اسم|اسم|پیشوند فعل
22	کافه
	کافه|کاف	کافه|کاف	کافه|کاف+ه	N1|N1+O	اسم|اسم + ه
23	یا
	یا|یا	یا|یا	یا|یا	C0|Intj	حرف ربط|صوت
24	تریا
	تریا	تریا	تریا	N1	اسم
25	کارتابل
	کارتابل	کارتابل	کارتابل	N
26	سازمان
	سازمان|ساز|ساز	سازمان|ساز|ساز	سازمان|ساز+مان|ساز+مان	N1|V|N1+N	اسم|سوم شخص مفرد|اسم + ضمیر ملکی اول شخص جمع
27	را
	را	را	را	Po	حرف اضافه پسین
28	امضا
	امضا	امضا	امضا	N1	اسم
29	می‌کرد
	کرد	کرد	می+کرد	V	سوم شخص مفرد
30	.
	.	.	.	O	

0	پنج‌شنبه‌ها
	پنجشنبه	پنجشنبه	پنجشنبه+ها	N1+Pl	اسم + علامت جمع
2	به‌زودی
	به‌زودی|زودی|زود	به‌زودی|زودی|زود	به‌زودی|به+زودی|به+زود+ی	Ad|O+N1|O+A0+Y	قید|به + اسم|به + صفت + ی
3	می‌گذرند
	گذر	گذر	می+گذر+ند	V	سوم شخص جمع
4	.
	.	.	.	O	

0	دویست
	دویست	دویست	دویست	No	عدد حرفی
1	و
	و|و|و	و|و|و	و|و|و	C0|Ab|Al	حرف ربط|اختصارات|حروف الفبا
2	هشتاد
	هشتاد	هشتاد	هشتاد	No	عدد حرفی
3	و
	و|و|و	و|و|و	و|و|و	C0|Ab|Al	حرف ربط|اختصارات|حروف الفبا
4	نهمین
	نه|نه	نه|نه	نه+مین|نه+مین	No+O|V1+O	عدد حرفی + مین|بن مضارع + مین
5	سمینار
	سمینار	سمینار	سمینار	N1	اسم
6	ادواری
	ادواری|ادوار	ادواری|ادوار	ادواری|ادوار+ی	A0|N1+Y	صفت|اسم + ی
7	عصب‌پژوهی
	عصب پژوهی	عصب پژوهی	عصب پژوهی	N
8	اجتماعی
	اجتماعی|اجتماع	اجتماعی|اجتماع	اجتماعی|اجتماع+ی	A0|N1+Y	صفت|اسم + ی
9	به
	به|به	به|به	به|به	Pr|N1	حرف اضافه|اسم
10	مغز‌پژوهی
	مغز پژوهی	مغز پژوهی	مغز پژوهی	N
11	رشک
	رشک|رش	رشک|رش	رشک|رش+ک	N1|N1+O	اسم|اسم + ک
12	و
	و|و|و	و|و|و	و|و|و	C0|Ab|Al	حرف ربط|اختصارات|حروف الفبا
13	حسد
	حسد	حسد	حسد	N1	اسم
14	اختصاص
	اختصاص	اختصاص	اختصاص	N1	اسم
15	دارد
	دار|دار	دار|دار	دار+د|دار+د	V|V5+O	سوم شخص مفرد|فعل کمکی + د
16	.
	.	.	.	O	

0	سخنران
	سخنران	سخنران	سخنران	N1	اسم
1	این
	این|این	این|این	این|این	A1|N6	صفت اشاره|ضمیر اشاره
2	نشست
	نشست|نشست|شست	نشست|نشست|شست	نشست|نشست|ن+شست	V|N1|V	سوم شخص مفرد|اسم|سوم شخص مفرد
3	که
	که|که|که|که	که|که|که|که	که|که|که|که	C0|NA|N1|N1	حرف ربط|ضمیر پرسشی|اسم|اسم
4	26
	26	26	26	No	عدد رقمی
5	مهر
	مهر|مهر|مهر	مهر|مهر|مهر	مهر|مهر|مهر	N1|N1|N1	اسم|اسم|اسم
6	برگزار
	برگزار|برگ	برگزار|برگ	برگزار|برگ+زار	A0|N1+O	صفت|اسم + زار
7	‌می‌شود
	شو|شو	شو|شو	می+شو+د|می+شو+د	V|V	سوم شخص مفرد|سوم شخص مفرد
8	دکتر
	دکتر|دکتر	دکتر|دکتر	دکتر|دکتر	N1|Sp	اسم|شاخص
9	آذرخش
	آذرخش	آذرخش	آذرخش	N1	اسم
10	مکری
	مکر	مکر	مکر+ی	N1+Y	اسم + ی
11	است
	است|اس	است|اس	است|اس+ت	V|N1+N	سوم شخص مفرد|اسم + ضمیر ملکی دوم شخص مفرد
12	.
	.	.	.	O	

0	در
	در|در|در|در|در	در|در|در|در|در	در|در|در|در|در	Pr|V|N1|N1|VPr	حرف اضافه|فعل امر مثبت|اسم|اسم|پیشوند فعل
1	این
	این|این	این|این	این|این	A1|N6	صفت اشاره|ضمیر اشاره
2	سمینار
	سمینار	سمینار	سمینار	N1	اسم
3	که
	که|که|که|که	که|که|که|که	که|که|که|که	C0|NA|N1|N1	حرف ربط|ضمیر پرسشی|اسم|اسم
4	از
	از	از	از	Pr	حرف اضافه
5	ساعت
	ساعت	ساعت	ساعت	N1	اسم
6	هشت
	هشت	هشت	هشت	No	عدد حرفی
7	و
	و|و|و	و|و|و	و|و|و	C0|Ab|Al	حرف ربط|اختصارات|حروف الفبا
8	نیم
	نیم|نی|نی	نیم|نی|نی	نیم|نی+م|نی+م	N1|N1+N|N1+V	اسم|اسم + ضمیر ملکی اول شخص مفرد|اسم + فعل اول شخص مفرد
9	صبح
	صبح	صبح	صبح	N1	اسم
10	تا
	تا|تا|تا	تا|تا|تا	تا|تا|تا	Pr|C0|Ab	حرف اضافه|حرف ربط|اختصارات
11	یازده
	یازده	یازده	یازده	No	عدد حرفی
12	در
	در|در|در|در|در	در|در|در|در|در	در|در|در|در|در	Pr|V|N1|N1|VPr	حرف اضافه|فعل امر مثبت|اسم|اسم|پیشوند فعل
13	سالن
	سالن	سالن	سالن	N1	اسم
14	کنفرانس
	کنفرانس	کنفرانس	کنفرانس	N1	اسم
15	بیمارستان
	بیمارستان|بیمار|مار	بیمارستان|بیمار|مار	بیمارستان|بیمار+ستان|بی+مار+ستان	N1|A0+Pl|O+N1+Pl	اسم|صفت + ستان|بی + اسم + ستان
16	ایرانمهر
	ایران‌مهر	ایران‌مهر	ایران‌مهر	N1	اسم
17	برقرار
	برقرار	برقرار	برقرار	A0	صفت
18	است
	است|اس	است|اس	است|اس+ت	V|N1+N	سوم شخص مفرد|اسم + ضمیر ملکی دوم شخص مفرد
19	صاحب‌نظران
	صاحب‌نظر	صاحب‌نظر	صاحب‌نظر+ان	A0+Pl	صفت + ان
20	و
	و|و|و	و|و|و	و|و|و	C0|Ab|Al	حرف ربط|اختصارات|حروف الفبا
21	علاقه‌مندان
	علاقه‌مند|علاقه	علاقه‌مند|علاقه	علاقه‌مند+ان|علاقه+مند+ان	A0+Pl|N1+O+Pl	صفت + ان|اسم + مند + ان
22	به
	به|به	به|به	به|به	Pr|N1	حرف اضافه|اسم
23	موضوع
	موضوع	موضوع	موضوع	N1	اسم
24	مغز‌پژوهی
	مغز پژوهی	مغز پژوهی	مغز پژوهی	N
25	رشک
	رشک|رش	رشک|رش	رشک|رش+ک	N1|N1+O	اسم|اسم + ک
26	و
	و|و|و	و|و|و	و|و|و	C0|Ab|Al	حرف ربط|اختصارات|حروف الفبا
27	حسد
	حسد	حسد	حسد	N1	اسم
28	به
	به|به	به|به	به|به	Pr|N1	حرف اضافه|اسم
29	بحث
	بحث	بحث	بحث	N1	اسم
30	و
	و|و|و	و|و|و	و|و|و	C0|Ab|Al	حرف ربط|اختصارات|حروف الفبا
31	تبادل
	تبادل	تبادل	تبادل	N1	اسم
32	نظر
	نظر|نظر	نظر|نظر	نظر|نظر	N1|N9	اسم|اسم موجود در ساختمان حرف اضافه و حرف ربط گروهی
33	می‌پردازند
	پرداز	پرداز	می+پرداز+ند	V	سوم شخص جمع
34	.
	.	.	.	O	

0	ورود
	ورود	ورود	ورود	N1	اسم
1	برای
	برای	برای	برای	Pr	حرف اضافه
2	عموم
	عموم|عمو|عمو	عموم|عمو|عمو	عموم|عمو+م|عمو+م	N1|N1+N|N1+V	اسم|اسم + ضمیر ملکی اول شخص مفرد|اسم + فعل اول شخص مفرد
3	آزاد
	آزاد	آزاد	آزاد	A0	صفت
4	است
	است|اس	است|اس	است|اس+ت	V|N1+N	سوم شخص مفرد|اسم + ضمیر ملکی دوم شخص مفرد
5	و
	و|و|و	و|و|و	و|و|و	C0|Ab|Al	حرف ربط|اختصارات|حروف الفبا
6	درباره
	درباره|درباره|دربار	درباره|درباره|دربار	درباره|درباره|دربار+ه	N1|Pr1|N1+O	اسم|حرف اضافه گروهی|اسم + ه
7	موضوع
	موضوع	موضوع	موضوع	N1	اسم
8	با
	با	با	با	Pr	حرف اضافه
9	صاحب‌نظران
	صاحب‌نظر	صاحب‌نظر	صاحب‌نظر+ان	A0+Pl	صفت + ان
11	بحث
	بحث	بحث	بحث	N1	اسم
12	و
	و|و|و	و|و|و	و|و|و	C0|Ab|Al	حرف ربط|اختصارات|حروف الفبا
13	گفت‌وگو
	گفت‌وگو	گفت‌وگو	گفت‌وگو	N1	اسم
14	انجام
	انجام|انجام	انجام|انجام	انجام|انجام	N1|V	اسم|فعل امر مثبت
15	می‌شود
	شو|شو	شو|شو	می+شو+د|می+شو+د	V|V	سوم شخص مفرد|سوم شخص مفرد
16	.
	.	.	.	O	

0	در
	در|در|در|در|در	در|در|در|در|در	در|در|در|در|در	Pr|V|N1|N1|VPr	حرف اضافه|فعل امر مثبت|اسم|اسم|پیشوند فعل
1	کالبدشکافی
	کالبدشکافی	کالبدشکافی	کالبدشکافی	N1	اسم
2	سایت
	سایت	سایت	سایت	N1	اسم
3	iFixit
	iFixit	iFixit	iFixit	Pl	کلمه انگلیسی
4	،
	،	،	،	O	
5	آن‌ها
	آنها|آنها	آنها|آنها	آنها|آنها	N5|N6	ضمیر فاعلی|ضمیر اشاره
6	موفق
	موفق	موفق	موفق	A0	صفت
7	به
	به|به	به|به	به|به	Pr|N1	حرف اضافه|اسم
8	کشف
	کشف|کشف	کشف|کشف	کشف|کشف	N1|N1	اسم|اسم
9	یک
	یک	یک	یک	No	عدد حرفی
10	نوار
	نوار	نوار	نوار	N1	اسم
11	آنتن
	آنتن	آنتن	آنتن	N1	اسم
12	جدید
	جدید|جد|جد	جدید|جد|جد	جدید|جد+ید|جد+ید	A0|N1+V|N1+V	صفت|اسم + فعل دوم شخص جمع|اسم + فعل دوم شخص جمع
13	در
	در|در|در|در|در	در|در|در|در|در	در|در|در|در|در	Pr|V|N1|N1|VPr	حرف اضافه|فعل امر مثبت|اسم|اسم|پیشوند فعل
14	بخش
	بخش|بخش|خش	بخش|بخش|خش	بخش|بخش|ب+خش	N1|V|O+N1	اسم|فعل امر مثبت|ب + اسم
15	پایینی
	پایینی|پایین|پا	پایینی|پایین|پا	پایینی|پایین+ی|پا+ین+ی	A0|A0+Y|N1+O+Y	صفت|صفت + ی|اسم + ین + ی
16	گوشی
	گوشی|گوش	گوشی|گوش	گوشی|گوش+ی	N1|N1+Y	اسم|اسم + ی
17	شدند
	شد	شد	شد+ند	V	سوم شخص جمع
18	که
	که|که|که|که	که|که|که|که	که|که|که|که	C0|NA|N1|N1	حرف ربط|ضمیر پرسشی|اسم|اسم
19	قاعدتاً
	قاعدتاً	قاعدتاً	قاعدتاً	Ad	قید
20	باید
	باید	باید	باید	V4	فعل وجه نما
21	منجر
	منجر	منجر	منجر	A0	صفت
22	به
	به|به	به|به	به|به	Pr|N1	حرف اضافه|اسم
23	بهبود
	بهبود	بهبود	بهبود	N1	اسم
24	آنتن‌دهی
	آنتن دهی	آنتن دهی	آنتن دهی	N
25	این
	این|این	این|این	این|این	A1|N6	صفت اشاره|ضمیر اشاره
26	گوشی‌ها
	گوشی|گوش	گوشی|گوش	گوشی+ها|گوش+ی+ها	N1+Pl|N1+Y+Pl	اسم + علامت جمع|اسم + ی + علامت جمع
27	شود
	شو|شو	شو|شو	شو+د|شو+د	V|V	سوم شخص مفرد|سوم شخص مفرد
28	.
	.	.	.	O	

0	کاربران
	کاربر|کاربر|کار	کاربر|کاربر|کار	کاربر+ان|کاربر+ان|کار+بر+ان	A0+Pl|A0+Pl|N1+O+Pl	صفت + ان|صفت + ان|اسم + بر + ان
1	برای
	برای	برای	برای	Pr	حرف اضافه
2	توضیح
	توضیح	توضیح	توضیح	N1	اسم
3	این
	این|این	این|این	این|این	A1|N6	صفت اشاره|ضمیر اشاره
4	مشکل
	مشکل	مشکل	مشکل	N1	اسم
5	تئوری‌های
	تئوری	تئوری	تئوری+ها+ی	N1+Pl+Y	اسم + علامت جمع + ی
6	مختلفی
	مختلف	مختلف	مختلف+ی	A0+Y	صفت + ی
7	را
	را	را	را	Po	حرف اضافه پسین
8	مطرح
	مطرح	مطرح	مطرح	N1	اسم
9	کرده‌اند
	کرد|کرد	کرد|کرد	کرد+ه+اند|کرد+ه+اند	V|N1+O+V	سوم شخص جمع|اسم + ه + فعل سوم شخص جمع
10	و
	و|و|و	و|و|و	و|و|و	C0|Ab|Al	حرف ربط|اختصارات|حروف الفبا
11	برخی
	برخی	برخی	برخی	A2	صفت مبهم
12	از
	از	از	از	Pr	حرف اضافه
13	آن‌ها
	آنها|آنها	آنها|آنها	آنها|آنها	N5|N6	ضمیر فاعلی|ضمیر اشاره
14	شبکه‌های
	شبکه|شب	شبکه|شب	شبکه+ها+ی|شب+ک+ه+ها+ی	N1+Pl+Y|N1+O+O+Pl+Y	اسم + علامت جمع + ی|اسم + ک + ه + علامت جمع + ی
15	تلفن
	تلفن	تلفن	تلفن	N1	اسم
16	همراه
	همراه|راه	همراه|راه	همراه|هم+راه	A0|O+N1	صفت|هم + اسم
17	را
	را	را	را	Po	حرف اضافه پسین
18	مقصر
	مقصر	مقصر	مقصر	A0	صفت
19	این
	این|این	این|این	این|این	A1|N6	صفت اشاره|ضمیر اشاره
20	موضوع
	موضوع	موضوع	موضوع	N1	اسم
21	می‌دانند
	دان	دان	می+دان+ند	V	سوم شخص جمع
22	ولی
	ولی|ولی|ول|ول	ولی|ولی|ول|ول	ولی|ولی|ول+ی|ول+ی	C0|N1|A0+Y|N1+Y	حرف ربط|اسم|صفت + ی|اسم + ی
23	برخی
	برخی	برخی	برخی	A2	صفت مبهم
24	دیگر
	دیگر|دیگر|دی	دیگر|دیگر|دی	دیگر|دیگر|دی+گر	Ad|A2|N1+O	قید|صفت مبهم|اسم + گر
25	اعلام
	اعلام|اعلام	اعلام|اعلام	اعلام|اعلام	N1|N1	اسم|اسم
26	کرده‌اند
	کرد|کرد	کرد|کرد	کرد+ه+اند|کرد+ه+اند	V|N1+O+V	سوم شخص جمع|اسم + ه + فعل سوم شخص جمع
27	که
	که|که|که|که	که|که|که|که	که|که|که|که	C0|NA|N1|N1	حرف ربط|ضمیر پرسشی|اسم|اسم
28	این
	این|این	این|این	این|این	A1|N6	صفت اشاره|ضمیر اشاره
29	مسأله
	مسأله	مسأله	مسأله	N1	اسم
30	یادآور
	یادآور	یادآور	یادآور	A0	صفت
31	مشکل
	مشکل	مشکل	مشکل	N1	اسم
32	مربوط
	مربوط	مربوط	مربوط	A0	صفت
33	به
	به|به	به|به	به|به	Pr|N1	حرف اضافه|اسم
34	آنتن‌های
	آنتن	آنتن	آنتن+ها+ی	N1+Pl+Y	اسم + علامت جمع + ی
35	آیفون۴
	آیفون۴	آیفون۴	آیفون۴	N
36	است
	است|اس	است|اس	است|اس+ت	V|N1+N	سوم شخص مفرد|اسم + ضمیر ملکی دوم شخص مفرد
37	که
	که|که|که|که	که|که|که|که	که|که|که|که	C0|NA|N1|N1	حرف ربط|ضمیر پرسشی|اسم|اسم
38	در
	در|در|در|در|در	در|در|در|در|در	در|در|در|در|در	Pr|V|N1|N1|VPr	حرف اضافه|فعل امر مثبت|اسم|اسم|پیشوند فعل
39	آن
	آن|آن	آن|آن	آن|آن	A1|N6	صفت اشاره|ضمیر اشاره
40	زمان
	زمان|زم	زمان|زم	زمان|زم+ان	N1|N1+Pl	اسم|اسم + ان
41	سر
	سر|سر|سر|سر|سر	سر|سر|سر|سر|سر	سر|سر|سر|سر|سر	V|N1|N1|N1|N9	فعل امر مثبت|اسم|اسم|اسم|اسم موجود در ساختمان حرف اضافه و حرف ربط گروهی
42	و
	و|و|و	و|و|و	و|و|و	C0|Ab|Al	حرف ربط|اختصارات|حروف الفبا
43	صدای
	صدا	صدا	صدا+ی	N1+Y	اسم + ی
44	بسیار
	بسیار|بسیار|سیار|بس	بسیار|بسیار|سیار|بس	بسیار|بسیار|ب+سیار|بس+یار	A0|Ad|O+A0|A0+O	صفت|قید|ب + صفت|صفت + یار
45	زیادی
	زیادی|زیاد	زیادی|زیاد	زیادی|زیاد+ی	A0|A0+Y	صفت|صفت + ی
46	به‌راه‌انداخت
	به راه انداخت	به راه انداخت	به راه انداخت	N
47	.
	.	.	.	O	

0	چند
	چند	چند	چند	NA	ضمیر پرسشی
1	روز
	روز	روز	روز	N1	اسم
2	بعداز
	بعداز	بعداز	بعداز	Pr1	حرف اضافه گروهی
3	تصویب
	تصویب	تصویب	تصویب	N1	اسم
4	چهارمین
	چهار	چهار	چهار+مین	No+O	عدد حرفی + مین
5	لایحه
	لایحه	لایحه	لایحه	N1	اسم
6	در
	در|در|در|در|در	در|در|در|در|در	در|در|در|در|در	Pr|V|N1|N1|VPr	حرف اضافه|فعل امر مثبت|اسم|اسم|پیشوند فعل
7	چارچوب
	چارچوب	چارچوب	چارچوب	N1	اسم
8	لوایح
	لوایح	لوایح	لوایح	N1	اسم
9	مرتبط
	مرتبط	مرتبط	مرتبط	A0	صفت
10	با
	با	با	با	Pr	حرف اضافه
11	پول‌شویی
	پول شویی	پول شویی	پول شویی	N
13	و
	و|و|و	و|و|و	و|و|و	C0|Ab|Al	حرف ربط|اختصارات|حروف الفبا
14	مبارزه
	مبارزه|مبارز	مبارزه|مبارز	مبارزه|مبارز+ه	N1|A0+O	اسم|صفت + ه
15	با
	با	با	با	Pr	حرف اضافه
16	تروریسم
	تروریسم	تروریسم	تروریسم	N1	اسم
17	موسوم
	موسوم	موسوم	موسوم	N1	اسم
18	به
	به|به	به|به	به|به	Pr|N1	حرف اضافه|اسم
19	FATF
	FATF	FATF	FATF	Pl	کلمه انگلیسی
20	،
	،	،	،	O	
21	بساط
	بساط	بساط	بساط	N1	اسم
22	اتهام‌زنی
	اتهام زنی	اتهام زنی	اتهام زنی	N
23	درمورد
	درمورد	درمورد	درمورد	Pr1	حرف اضافه گروهی
24	پشت‌پرده
	پشت‌پرده	پشت‌پرده	پشت‌پرده	N1	اسم
25	رشد
	رشد	رشد	رشد	N1	اسم
26	قیمت
	قیمت|قیم	قیمت|قیم	قیمت|قیم+ت	N1|N1+N	اسم|اسم + ضمیر ملکی دوم شخص مفرد
27	دلار
	دلار	دلار	دلار	N1	اسم
28	بالا‌گرفته‌است
	بالا گرفته	بالا گرفته	بالا گرفته	N
29	.
	.	.	.	O	

0	علائم
	علائم	علائم	علائم	N1	اسم
1	سیاسی
	سیاسی|سیاس	سیاسی|سیاس	سیاسی|سیاس+ی	A0|A0+Y	صفت|صفت + ی
2	و
	و|و|و	و|و|و	و|و|و	C0|Ab|Al	حرف ربط|اختصارات|حروف الفبا
3	رسانه‌ای
	رسانه‌ای|رسانه|رسان|رس	رسانه‌ای|رسانه|رسان|رس	رسانه‌ای|رسانه+ای|رسان+ه+ای|رس+ان+ه+ای	A0|N1+O|V1+O+O|N1+Pl+O+O	صفت|اسم + ای|بن مضارع + ه + ای|اسم + ان + ه + ای
4	از
	از	از	از	Pr	حرف اضافه
5	بروز
	بروز	بروز	بروز	N1	اسم
6	یک
	یک	یک	یک	No	عدد حرفی
7	جنگ
	جنگ|جنگ|جنگ	جنگ|جنگ|جنگ	جنگ|جنگ|جنگ	V|N1|N1	فعل امر مثبت|اسم|اسم
8	ارزی
	ارزی|ارز|ارز	ارزی|ارز|ارز	ارزی|ارز+ی|ارز+ی	A0|V|N1+Y	صفت|دوم شخص مفرد|اسم + ی
9	برسر
	برسر	برسر	برسر	Pr1	حرف اضافه گروهی
10	تأیید
	تأیید	تأیید	تأیید	N1	اسم
11	نهایی
	نهایی	نهایی	نهایی	A0	صفت
12	FATF
	FATF	FATF	FATF	Pl	کلمه انگلیسی
13	در
	در|در|در|در|در	در|در|در|در|در	در|در|در|در|در	Pr|V|N1|N1|VPr	حرف اضافه|فعل امر مثبت|اسم|اسم|پیشوند فعل
14	مراجع
	مرجع	مرجع	مرجع	N	اسم مفرد جمع مکسر
15	قانونی
	قانونی|قانون	قانونی|قانون	قانونی|قانون+ی	A0|N1+Y	صفت|اسم + ی
16	‌حکایت‌دارد
	حکایت دارد	حکایت دارد	حکایت دارد	N
17	.
	.	.	.	O	

0	به‌گزارش
	به‌گزارش	به‌گزارش	به‌گزارش	Pr1	حرف اضافه گروهی
1	همشهری
	همشهری|همشهر|شهری|شهر	همشهری|همشهر|شهری|شهر	همشهری|همشهر+ی|هم+شهری|هم+شهر+ی	N1|A0+Y|O+A0|O+N1+Y	اسم|صفت + ی|هم + صفت|هم + اسم + ی
2	،
	،	،	،	O	
3	تریبون‌های
	تریبون	تریبون	تریبون+ها+ی	N1+Pl+Y	اسم + علامت جمع + ی
4	سیاسی
	سیاسی|سیاس	سیاسی|سیاس	سیاسی|سیاس+ی	A0|A0+Y	صفت|صفت + ی
5	و
	و|و|و	و|و|و	و|و|و	C0|Ab|Al	حرف ربط|اختصارات|حروف الفبا
6	رسانه‌ای
	رسانه‌ای|رسانه|رسان|رس	رسانه‌ای|رسانه|رسان|رس	رسانه‌ای|رسانه+ای|رسان+ه+ای|رس+ان+ه+ای	A0|N1+O|V1+O+O|N1+Pl+O+O	صفت|اسم + ای|بن مضارع + ه + ای|اسم + ان + ه + ای
7	برخی
	برخی	برخی	برخی	A2	صفت مبهم
8	گروه‌های
	گروه|گرو|گرو	گروه|گرو|گرو	گروه+ها+ی|گرو+ه+ها+ی|گرو+ه+ها+ی	N1+Pl+Y|V1+O+Pl+Y|N1+O+Pl+Y	اسم + علامت جمع + ی|بن مضارع + ه + علامت جمع + ی|اسم + ه + علامت جمع + ی
9	مخالف
	مخالف	مخالف	مخالف	A0	صفت
10	دولت
	دولت|دول|دول	دولت|دول|دول	دولت|دول+ت|دول+ت	N1|N1+N|N1+N	اسم|اسم + ضمیر ملکی دوم شخص مفرد|اسم + ضمیر ملکی دوم شخص مفرد
11	،
	،	،	،	O	
12	به
	به|به	به|به	به|به	Pr|N1	حرف اضافه|اسم
13	محل
	محل	محل	محل	N1	اسم
14	اتهام‌زنی
	اتهام زنی	اتهام زنی	اتهام زنی	N
15	علیه
	علیه|علیه|علی	علیه|علیه|علی	علیه|علیه|علی+ه	N1|N9|A0+O	اسم|اسم موجود در ساختمان حرف اضافه و حرف ربط گروهی|صفت + ه
16	دولت
	دولت|دول|دول	دولت|دول|دول	دولت|دول+ت|دول+ت	N1|N1+N|N1+N	اسم|اسم + ضمیر ملکی دوم شخص مفرد|اسم + ضمیر ملکی دوم شخص مفرد
17	درمورد
	درمورد	درمورد	درمورد	Pr1	حرف اضافه گروهی
18	افزایش
	افزایش|افزا	افزایش|افزا	افزایش|افزا+ی+ش	N1|V	اسم|سوم شخص مفرد
19	قیمت
	قیمت|قیم	قیمت|قیم	قیمت|قیم+ت	N1|N1+N	اسم|اسم + ضمیر ملکی دوم شخص مفرد
20	ارز
	ارز|ارز	ارز|ارز	ارز|ارز	V|N1	فعل امر مثبت|اسم
21	تبدیل
	تبدیل	تبدیل	تبدیل	N1	اسم
22	شده‌است
	شد	شد	شد+ه+است	V	سوم شخص مفرد
22	.
	.	.	.	O	

0	درطول
	درطول	درطول	درطول	Pr1	حرف اضافه گروهی
1	چند
	چند	چند	چند	NA	ضمیر پرسشی
2	روز
	روز	روز	روز	N1	اسم
3	گذشته
	گذشته|گذشت|گذشت	گذشته|گذشت|گذشت	گذشته|گذشت+ه|گذشت+ه	A0|O+O|N1+O	صفت|ریشه ماضی + ه|اسم + ه
4	به
	به|به	به|به	به|به	Pr|N1	حرف اضافه|اسم
5	ویژه
	ویژه	ویژه	ویژه	A0	صفت
6	بعداز
	بعداز	بعداز	بعداز	Pr1	حرف اضافه گروهی
7	تصویب
	تصویب	تصویب	تصویب	N1	اسم
8	قانون
	قانون	قانون	قانون	N1	اسم
9	CFT
	CFT	CFT	CFT	Pl	کلمه انگلیسی
10	در
	در|در|در|در|در	در|در|در|در|در	در|در|در|در|در	Pr|V|N1|N1|VPr	حرف اضافه|فعل امر مثبت|اسم|اسم|پیشوند فعل
11	مجلس
	مجلس	مجلس	مجلس	N1	اسم
12	،
	،	،	،	O	
13	برخی
	برخی	برخی	برخی	A2	صفت مبهم
14	رسانه‌ها
	رسانه|رسان	رسانه|رسان	رسانه+ها|رسان+ه+ها	N1+Pl|V1+O+Pl	اسم + علامت جمع|بن مضارع + ه + علامت جمع
15	وارد
	وارد	وارد	وارد	N1	اسم
16	کارزار
	کارزار|کار	کارزار|کار	کارزار|کار+زار	N1|N1+O	اسم|اسم + زار
17	‌سیگنال‌دهی
	سیگنال دهی	سیگنال دهی	سیگنال دهی	N
18	به
	به|به	به|به	به|به	Pr|N1	حرف اضافه|اسم
19	قیمت
	قیمت|قیم	قیمت|قیم	قیمت|قیم+ت	N1|N1+N	اسم|اسم + ضمیر ملکی دوم شخص مفرد
20	ارز
	ارز|ارز	ارز|ارز	ارز|ارز	V|N1	فعل امر مثبت|اسم
21	در
	در|در|در|در|در	در|در|در|در|در	در|در|در|در|در	Pr|V|N1|N1|VPr	حرف اضافه|فعل امر مثبت|اسم|اسم|پیشوند فعل
22	بازار
	بازار|ازار	بازار|ازار	بازار|ب+ازار	N1|O+N1	اسم|ب + اسم
23	آزاد
	آزاد	آزاد	آزاد	A0	صفت
24	شده‌اند
	شد	شد	شد+ه+اند	V	سوم شخص جمع
25	.
	.	.	.	O	

0	آنها
	آنها|آنها	آنها|آنها	آنها|آنها	N5|N6	ضمیر فاعلی|ضمیر اشاره
1	عامل
	عامل	عامل	عامل	N1	اسم
2	اصلی
	اصلی|اصل	اصلی|اصل	اصلی|اصل+ی	A0|A0+Y	صفت|صفت + ی
3	افزایش
	افزایش|افزا	افزایش|افزا	افزایش|افزا+ی+ش	N1|V	اسم|سوم شخص مفرد
4	قیمت
	قیمت|قیم	قیمت|قیم	قیمت|قیم+ت	N1|N1+N	اسم|اسم + ضمیر ملکی دوم شخص مفرد
5	دلار
	دلار	دلار	دلار	N1	اسم
6	را
	را	را	را	Po	حرف اضافه پسین
7	دولت
	دولت|دول|دول	دولت|دول|دول	دولت|دول+ت|دول+ت	N1|N1+N|N1+N	اسم|اسم + ضمیر ملکی دوم شخص مفرد|اسم + ضمیر ملکی دوم شخص مفرد
8	و
	و|و|و	و|و|و	و|و|و	C0|Ab|Al	حرف ربط|اختصارات|حروف الفبا
9	تصویب‌شدن
	تصویب شدن	تصویب شدن	تصویب شدن	N
10	قانون
	قانون	قانون	قانون	N1	اسم
11	FATF
	FATF	FATF	FATF	Pl	کلمه انگلیسی
12	در
	در|در|در|در|در	در|در|در|در|در	در|در|در|در|در	Pr|V|N1|N1|VPr	حرف اضافه|فعل امر مثبت|اسم|اسم|پیشوند فعل
13	مجلس
	مجلس	مجلس	مجلس	N1	اسم
14	می‌دانند
	دان	دان	می+دان+ند	V	سوم شخص جمع
15	.
	.	.	.	O	

0	در
	در|در|در|در|در	در|در|در|در|در	در|در|در|در|در	Pr|V|N1|N1|VPr	حرف اضافه|فعل امر مثبت|اسم|اسم|پیشوند فعل
1	روزهای
	روز	روز	روز+ها+ی	N1+Pl+Y	اسم + علامت جمع + ی
2	اخیر
	اخیر	اخیر	اخیر	A0	صفت
3	خبرگزاری
	خبرگزاری|خبرگزار	خبرگزاری|خبرگزار	خبرگزاری|خبرگزار+ی	N1|N1+Y	اسم|اسم + ی
4	فارس
	فارس	فارس	فارس	N1	اسم
5	و
	و|و|و	و|و|و	و|و|و	C0|Ab|Al	حرف ربط|اختصارات|حروف الفبا
6	روزنامه
	روزنامه	روزنامه	روزنامه	N1	اسم
7	کیهان
	کیهان	کیهان	کیهان	N1	اسم
8	با
	با	با	با	Pr	حرف اضافه
9	تیترهایی
	تیتر	تیتر	تیتر+ها+یی	N1+Pl+O	اسم + علامت جمع + یی
10	جهت‌دار
	جهت‌دار|جهت|جه|جه	جهت‌دار|جهت|جه|جه	جهت‌دار|جهت+دار|جه+ت+دار|جه+ت+دار	A0|N1+O|V1+N+O|N1+N+O	صفت|اسم + دار|بن مضارع + ضمیر ملکی دوم شخص مفرد + دار|اسم + ضمیر ملکی دوم شخص مفرد + دار
11	،
	،	،	،	O	
12	به
	به|به	به|به	به|به	Pr|N1	حرف اضافه|اسم
13	شکلی
	شکلی|شکل	شکلی|شکل	شکلی|شکل+ی	A0|N1+Y	صفت|اسم + ی
14	آشکار
	آشکار|آشکار	آشکار|آشکار	آشکار|آشکار	V|A0	فعل امر مثبت|صفت
15	رشد
	رشد	رشد	رشد	N1	اسم
16	قیمت
	قیمت|قیم	قیمت|قیم	قیمت|قیم+ت	N1|N1+N	اسم|اسم + ضمیر ملکی دوم شخص مفرد
17	دلار
	دلار	دلار	دلار	N1	اسم
18	را
	را	را	را	Po	حرف اضافه پسین
19	به
	به|به	به|به	به|به	Pr|N1	حرف اضافه|اسم
20	دولت
	دولت|دول|دول	دولت|دول|دول	دولت|دول+ت|دول+ت	N1|N1+N|N1+N	اسم|اسم + ضمیر ملکی دوم شخص مفرد|اسم + ضمیر ملکی دوم شخص مفرد
21	و
	و|و|و	و|و|و	و|و|و	C0|Ab|Al	حرف ربط|اختصارات|حروف الفبا
22	تصویب
	تصویب	تصویب	تصویب	N1	اسم
23	FATF
	FATF	FATF	FATF	Pl	کلمه انگلیسی
24	نسبت‌داده‌اند
	نسبت داده اند	نسبت داده اند	نسبت داده اند	N
25	.
	.	.	.	O	

0	خاشقجی
	خاشقجی	خاشقجی	خاشقجی	N
1	که
	که|که|که|که	که|که|که|که	که|که|که|که	C0|NA|N1|N1	حرف ربط|ضمیر پرسشی|اسم|اسم
2	سابقه
	سابقه|سابق	سابقه|سابق	سابقه|سابق+ه	N1|A0+O	اسم|صفت + ه
3	گفتگو
	گفتگو	گفتگو	گفتگو	N1	اسم
4	با
	با	با	با	Pr	حرف اضافه
5	بن‌لادن
	بن‌لادن	بن‌لادن	بن‌لادن	N3	اسم خاص اشخاص
6	را
	را	را	را	Po	حرف اضافه پسین
7	نیز
	نیز|آز	نیز|آز	نیز|نی+آز	Ad|V	قید|فعل امر منفی
8	در
	در|در|در|در|در	در|در|در|در|در	در|در|در|در|در	Pr|V|N1|N1|VPr	حرف اضافه|فعل امر مثبت|اسم|اسم|پیشوند فعل
9	کارنامه
	کارنامه	کارنامه	کارنامه	N1	اسم
10	خود
	خود|خود	خود|خود	خود|خود	N|N1	ضمیر مشترک/متقابل|اسم
11	دارد
	دار|دار	دار|دار	دار+د|دار+د	V|V5+O	سوم شخص مفرد|فعل کمکی + د
12	و
	و|و|و	و|و|و	و|و|و	C0|Ab|Al	حرف ربط|اختصارات|حروف الفبا
13	پیش‌تر
	پیشتر|پیش	پیشتر|پیش	پیشتر|پیش+تر	A0|A0+A	صفت|صفت + علامت صفت تفضیلی
14	هم
	هم|هم|هم	هم|هم|هم	هم|هم|هم	Ad|C0|N	قید|حرف ربط|ضمیر مشترک/متقابل
15	مشاور
	مشاور	مشاور	مشاور	N1	اسم
16	دولت
	دولت|دول|دول	دولت|دول|دول	دولت|دول+ت|دول+ت	N1|N1+N|N1+N	اسم|اسم + ضمیر ملکی دوم شخص مفرد|اسم + ضمیر ملکی دوم شخص مفرد
17	عربستان
	عربستان	عربستان	عربستان	N2	اسم خاص مکان
18	بوده
	بود|بود|بود	بود|بود|بود	بود+ه|بود+ه|بود+ه	O+O|N1+O|V3+O	ریشه ماضی + ه|اسم + ه|فعل اسنادی + ه
19	و
	و|و|و	و|و|و	و|و|و	C0|Ab|Al	حرف ربط|اختصارات|حروف الفبا
20	رابطه
	رابطه|رابط	رابطه|رابط	رابطه|رابط+ه	N1|N1+O	اسم|اسم + ه
21	بسیار
	بسیار|بسیار|سیار|بس	بسیار|بسیار|سیار|بس	بسیار|بسیار|ب+سیار|بس+یار	A0|Ad|O+A0|A0+O	صفت|قید|ب + صفت|صفت + یار
22	خوبی
	خوبی|خوب	خوبی|خوب	خوبی|خوب+ی	N1|A0+Y	اسم|صفت + ی
23	با
	با	با	با	Pr	حرف اضافه
24	شاهزادگان
	شاهزاده	شاهزاده	شاهزاده+گان	N1+Pl	اسم + علامت جمع
25	سعودی
	سعودی|سعود	سعودی|سعود	سعودی|سعود+ی	A0|N1+Y	صفت|اسم + ی
26	علی‌الخصوص
	علی‌الخصوص	علی‌الخصوص	علی‌الخصوص	Ad	قید
27	محمد
	محمد	محمد	محمد	N3	اسم خاص اشخاص
28	بن
	بن|بن	بن|بن	بن|بن	N2|N1	اسم خاص مکان|اسم
29	نایف
	نایف	نایف	نایف	N
30	ولیعهد
	ولیعهد	ولیعهد	ولیعهد	N1	اسم
31	برکنارشده
	برکنارشده	برکنارشده	برکنارشده	A0	صفت
32	سعودی
	سعودی|سعود	سعودی|سعود	سعودی|سعود+ی	A0|N1+Y	صفت|اسم + ی
33	داشته است
	داشت	داشت	داشت+ه+است	V	سوم شخص مفرد
34	در
	در|در|در|در|در	در|در|در|در|در	در|در|در|در|در	Pr|V|N1|N1|VPr	حرف اضافه|فعل امر مثبت|اسم|اسم|پیشوند فعل
35	سال
	سال	سال	سال	N1	اسم
36	2017
	2017	2017	2017	No	عدد رقمی
37	درپی
	درپی	درپی	درپی	Pr1	حرف اضافه گروهی
38	طرح
	طرح	طرح	طرح	N1	اسم
39	انتقادهایی
	انتقاد	انتقاد	انتقاد+ها+یی	N1+Pl+O	اسم + علامت جمع + یی
40	نسبت‌به
	نسبت‌به	نسبت‌به	نسبت‌به	Pr1	حرف اضافه گروهی
41	سیاست‌های
	سیاست|سیاس	سیاست|سیاس	سیاست+ها+ی|سیاس+ها+ی	N1+Pl+Y|A0+Pl+Y	اسم + علامت جمع + ی|صفت + علامت جمع + ی
42	محمد
	محمد	محمد	محمد	N3	اسم خاص اشخاص
43	بن‌سلمان
	بن‌سلمان	بن‌سلمان	بن‌سلمان	N3	اسم خاص اشخاص
44	،
	،	،	،	O	
45	ولیعهد
	ولیعهد	ولیعهد	ولیعهد	N1	اسم
46	عربستان
	عربستان	عربستان	عربستان	N2	اسم خاص مکان
47	و
	و|و|و	و|و|و	و|و|و	C0|Ab|Al	حرف ربط|اختصارات|حروف الفبا
48	نیز
	نیز|آز	نیز|آز	نیز|نی+آز	Ad|V	قید|فعل امر منفی
49	زیرسؤال‌بردن
	زیرسوال بردن	زیرسوال بردن	زیرسوال بردن	N
50	مداخله
	مداخله	مداخله	مداخله	N1	اسم
51	نظامی
	نظامی|نظام	نظامی|نظام	نظامی|نظام+ی	A0|N1+Y	صفت|اسم + ی
52	عربستان
	عربستان	عربستان	عربستان	N2	اسم خاص مکان
53	در
	در|در|در|در|در	در|در|در|در|در	در|در|در|در|در	Pr|V|N1|N1|VPr	حرف اضافه|فعل امر مثبت|اسم|اسم|پیشوند فعل
54	یمن
	یمن|یمن	یمن|یمن	یمن|یمن	N2|N1	اسم خاص مکان|اسم
55	،
	،	،	،	O	
56	از
	از	از	از	Pr	حرف اضافه
57	بیم
	بیم	بیم	بیم	N1	اسم
58	دستگیری
	دستگیری|دستگیر	دستگیری|دستگیر	دستگیری|دستگیر+ی	N1|N1+Y	اسم|اسم + ی
59	عربستان
	عربستان	عربستان	عربستان	N2	اسم خاص مکان
60	را
	را	را	را	Po	حرف اضافه پسین
61	ترک‌کرد
	ترک کرد	ترک کرد	ترک کرد	N
62	و
	و|و|و	و|و|و	و|و|و	C0|Ab|Al	حرف ربط|اختصارات|حروف الفبا
63	به
	به|به	به|به	به|به	Pr|N1	حرف اضافه|اسم
64	آمریکا
	آمریکا	آمریکا	آمریکا	N2	اسم خاص مکان
65	رفت
	رفت|رفت|رف	رفت|رفت|رف	رفت|رفت|رف+ت	V|V|N1+N	سوم شخص مفرد|سوم شخص مفرد|اسم + ضمیر ملکی دوم شخص مفرد
66	.
	.	.	.	O	

0	شب
	شب	شب	شب	N1	اسم
1	عید
	عید	عید	عید	N1	اسم
2	نوروز
	نوروز|نوروز	نوروز|نوروز	نوروز|نوروز	N1|N1	اسم|اسم
3	بود
	بود|بود|بود|بو	بود|بود|بود|بو	بود|بود|بود|بو+د	V|N1|V|V	سوم شخص مفرد|اسم|سوم شخص مفرد|سوم شخص مفرد
4	و
	و|و|و	و|و|و	و|و|و	C0|Ab|Al	حرف ربط|اختصارات|حروف الفبا
5	موقع
	موقع	موقع	موقع	N1	اسم
6	ترفیع
	ترفیع	ترفیع	ترفیع	N1	اسم
7	رتبه
	رتبه	رتبه	رتبه	N1	اسم
8	.
	.	.	.	O	

0	در
	در|در|در|در|در	در|در|در|در|در	در|در|در|در|در	Pr|V|N1|N1|VPr	حرف اضافه|فعل امر مثبت|اسم|اسم|پیشوند فعل
1	اداره
	اداره	اداره	اداره	N1	اسم
2	با
	با	با	با	Pr	حرف اضافه
3	هم‌قطارها‌
	هم‌قطار|قطار	هم‌قطار|قطار	هم‌قطار+ها|هم+قطار+ها	A0+Pl|O+N1+Pl	صفت + علامت جمع|هم + اسم + علامت جمع
4	قرارومدار
	قرارومدار	قرارومدار	قرارومدار	N1	اسم
5	گذاشته‌بودیم
	گذاشت|گذاشت	گذاشت|گذاشت	گذاشت+ه+بود+یم|گذاشت+ه+بود+ی+م	V|V	اول شخص جمع|اول شخص مفرد
6	که
	که|که|که|که	که|که|که|که	که|که|که|که	C0|NA|N1|N1	حرف ربط|ضمیر پرسشی|اسم|اسم
7	هرکس
	هرکس	هرکس	هرکس	N
8	اول
	اول	اول	اول	A0	صفت
9	ترفیع
	ترفیع	ترفیع	ترفیع	N1	اسم
10	رتبه
	رتبه	رتبه	رتبه	N1	اسم
11	یافت
	یافت	یافت	یافت	V	سوم شخص مفرد
12	،
	،	،	،	O	
13	به
	به|به	به|به	به|به	Pr|N1	حرف اضافه|اسم
14	عنوان
	عنوان	عنوان	عنوان	N1	اسم
15	ولیمه
	ولیمه|ولی|ولی	ولیمه|ولی|ولی	ولیمه|ولی+م+ه|ولی+م+ه	N1|N1+N+O|N1+V	اسم|اسم + ضمیر ملکی اول شخص مفرد + ه|اسم + فعل اول شخص مفرد
16	یک
	یک	یک	یک	No	عدد حرفی
17	مهمانی
	مهمانی|مهمان	مهمانی|مهمان	مهمانی|مهمان+ی	N1|N1+Y	اسم|اسم + ی
18	دسته‌جمعی
	دسته‌جمعی	دسته‌جمعی	دسته‌جمعی	A0	صفت
19	کرده
	کرد|کرد	کرد|کرد	کرد+ه|کرد+ه	O+O|N1+O	ریشه ماضی + ه|اسم + ه
20	،
	،	،	،	O	
21	کباب
	کباب	کباب	کباب	N1	اسم
22	غاز
	غاز	غاز	غاز	N1	اسم
23	صحیحی
	صحیح	صحیح	صحیح+ی	A0+Y	صفت + ی
24	بدهد
	ده	ده	ب+ده+د	V	سوم شخص مفرد
25	دوستان
	دوست	دوست	دوست+ان	N1+Pl	اسم + ان
26	نوش‌جان
	نوش‌جان	نوش‌جان	نوش‌جان	Exp	عبارت
27	نموده
	نموده|نمود|نمود	نموده|نمود|نمود	نموده|نمود+ه|نمود+ه	A0|O+O|N1+O	صفت|ریشه ماضی + ه|اسم + ه
28	به
	به|به	به|به	به|به	Pr|N1	حرف اضافه|اسم
29	عمر
	عمر|عمر	عمر|عمر	عمر|عمر	N1|N3	اسم|اسم خاص اشخاص
30	و
	و|و|و	و|و|و	و|و|و	C0|Ab|Al	حرف ربط|اختصارات|حروف الفبا
31	عزتش
	عزت	عزت	عزت+ش	N1+N	اسم + ضمیر ملکی سوم شخص مفرد
32	دعاکنند
	دعاکنند	دعاکنند	دعاکنند	N
33	.
	.	.	.	O	

0	زد
	زد|زد|زد	زد|زد|زد	زد|زد|زد	V|N1|Ab	سوم شخص مفرد|اسم|اختصارات
1	و
	و|و|و	و|و|و	و|و|و	C0|Ab|Al	حرف ربط|اختصارات|حروف الفبا
2	ترفیع
	ترفیع	ترفیع	ترفیع	N1	اسم
3	رتبه
	رتبه	رتبه	رتبه	N1	اسم
4	به
	به|به	به|به	به|به	Pr|N1	حرف اضافه|اسم
5	اسم
	اسم|اس|اس	اسم|اس|اس	اسم|اس+م|اس+م	N1|N1+N|N1+V	اسم|اسم + ضمیر ملکی اول شخص مفرد|اسم + فعل اول شخص مفرد
6	من
	من	من	من	N5	ضمیر فاعلی
7	درآمد
	درآمد|درآمد	درآمد|درآمد	درآمد|درآمد	V|N1	سوم شخص مفرد|اسم
8	.
	.	.	.	O	

0	فوراً
	فوراً	فوراً	فوراً	Ad	قید
1	مسأله‌ی
	مسأله	مسأله	مسأله+ی	N1+Y	اسم + ی
2	مهمانی
	مهمانی|مهمان	مهمانی|مهمان	مهمانی|مهمان+ی	N1|N1+Y	اسم|اسم + ی
3	و
	و|و|و	و|و|و	و|و|و	C0|Ab|Al	حرف ربط|اختصارات|حروف الفبا
4	قرار
	قرار|قرار	قرار|قرار	قرار|قرار	N1|N9	اسم|اسم موجود در ساختمان حرف اضافه و حرف ربط گروهی
5	با
	با	با	با	Pr	حرف اضافه
6	رفقا
	رفقا	رفقا	رفقا	N1	اسم
7	را
	را	را	را	Po	حرف اضافه پسین
8	با
	با	با	با	Pr	حرف اضافه
9	عیالم
	عیال|عیال	عیال|عیال	عیال+م|عیال+م	N1+N|N1+V	اسم + ضمیر ملکی اول شخص مفرد|اسم + فعل اول شخص مفرد
10	که
	که|که|که|که	که|که|که|که	که|که|که|که	C0|NA|N1|N1	حرف ربط|ضمیر پرسشی|اسم|اسم
11	به
	به|به	به|به	به|به	Pr|N1	حرف اضافه|اسم
12	تازگی
	تازگی|تازه|تاز	تازگی|تازه|تاز	تازگی|تازه+گی|تاز+ه+گی	Ad|A0+O|V1+O+O	قید|صفت + گی|بن مضارع + ه + گی
13	باهم
	باهم|اهم|باه|باه|اه|اه	باهم|اهم|باه|باه|اه|اه	باهم|ب+اهم|باه+م|باه+م|ب+اه+م|ب+اه+م	Ad|O+A0|N1+N|N1+V|O+N1+N|O+N1+V	قید|ب + صفت|اسم + ضمیر ملکی اول شخص مفرد|اسم + فعل اول شخص مفرد|ب + اسم + ضمیر ملکی اول شخص مفرد|ب + اسم + فعل اول شخص مفرد
14	‌عروسی‌
	عروسی|عروس	عروسی|عروس	عروسی|عروس+ی	N1|N1+Y	اسم|اسم + ی
15	کرده‌بودیم
	کرد|کرد	کرد|کرد	کرد+ه+بود+یم|کرد+ه+بود+ی+م	V|V	اول شخص جمع|اول شخص مفرد
16	درمیان‌
	درم	درم	درم+ی+ان	N1+Y+Pl	اسم + ی + ان
17	گذاشتم
	گذاشت	گذاشت	گذاشت+م	V	اول شخص مفرد
18	.
	.	.	.	O	

0	گفت
	گفت|گفت	گفت|گفت	گفت|گفت	V|N1	سوم شخص مفرد|اسم
1	تو
	تو|تو|تو	تو|تو|تو	تو|تو|تو	N5|Ad|N1	ضمیر فاعلی|قید|اسم
2	شیرینی
	شیرینی|شیرین|شیر	شیرینی|شیرین|شیر	شیرینی|شیرین+ی|شیر+ین+ی	N1|A0+Y|N1+O+Y	اسم|صفت + ی|اسم + ین + ی
3	عروسی
	عروسی|عروس	عروسی|عروس	عروسی|عروس+ی	N1|N1+Y	اسم|اسم + ی
4	هم
	هم|هم|هم	هم|هم|هم	هم|هم|هم	Ad|C0|N	قید|حرف ربط|ضمیر مشترک/متقابل
5	به
	به|به	به|به	به|به	Pr|N1	حرف اضافه|اسم
6	دوستانت
	دوست	دوست	دوست+ان+ت	N1+Pl+N	اسم + ان + ضمیر ملکی دوم شخص مفرد
7	نداده‌ای
	نداده|داد	نداده|داد	نداده+ای|ن+داد+ه+ای	A0+O|V	صفت + ای|دوم شخص مفرد
8	و
	و|و|و	و|و|و	و|و|و	C0|Ab|Al	حرف ربط|اختصارات|حروف الفبا
9	باید
	باید	باید	باید	V4	فعل وجه نما
10	در
	در|در|در|در|در	در|در|در|در|در	در|در|در|در|در	Pr|V|N1|N1|VPr	حرف اضافه|فعل امر مثبت|اسم|اسم|پیشوند فعل
11	این
	این|این	این|این	این|این	A1|N6	صفت اشاره|ضمیر اشاره
12	موقع
	موقع	موقع	موقع	N1	اسم
13	درست
	درست|درس	درست|درس	درست|درس+ت	A0|N1+N	صفت|اسم + ضمیر ملکی دوم شخص مفرد
14	جلوشان
	جلو	جلو	جلو+شان	A0+N	صفت + ضمیر ملکی سوم شخص جمع
15	درآیی
	درآی	درآی	درآی+ی	V	دوم شخص مفرد
16	.
	.	.	.	O	

0	ولی
	ولی|ولی|ول|ول	ولی|ولی|ول|ول	ولی|ولی|ول+ی|ول+ی	C0|N1|A0+Y|N1+Y	حرف ربط|اسم|صفت + ی|اسم + ی
1	چیزی
	چیزی|چیز	چیزی|چیز	چیزی|چیز+ی	Ad|N1+Y	قید|اسم + ی
2	که
	که|که|که|که	که|که|که|که	که|که|که|که	C0|NA|N1|N1	حرف ربط|ضمیر پرسشی|اسم|اسم
3	هست
	هست|هست	هست|هست	هست|هست	V|N1	سوم شخص مفرد|اسم
4	چون
	چون|چون	چون|چون	چون|چون	C0|Pr	حرف ربط|حرف اضافه
5	ظرف
	ظرف	ظرف	ظرف	N1	اسم
6	و
	و|و|و	و|و|و	و|و|و	C0|Ab|Al	حرف ربط|اختصارات|حروف الفبا
7	کارد
	کارد|کار	کارد|کار	کارد|کار+د	N1|V	اسم|سوم شخص مفرد
8	و
	و|و|و	و|و|و	و|و|و	C0|Ab|Al	حرف ربط|اختصارات|حروف الفبا
9	چنگال
	چنگال	چنگال	چنگال	N1	اسم
10	برای
	برای	برای	برای	Pr	حرف اضافه
11	دوازده
	دوازده	دوازده	دوازده	No	عدد حرفی
12	نفر
	نفر	نفر	نفر	N1	اسم
13	بیش‌تر
	بیشتر|بیش|شتر	بیشتر|بیش|شتر	بیشتر|بیش+تر|بی+شتر	A0|A0+A|O+N1	صفت|صفت + علامت صفت تفضیلی|بی + اسم
14	نداریم
	نداری|نداری|دار|دار|دار|دار|دار	نداری|نداری|دار|دار|دار|دار|دار	نداری+م|نداری+م|ن+دار+یم|ن+دار+ی+م|ن+دار+یم|ن+دار+ی+م|ن+دار+ی+م	N1+N|N1+V|V|V|Neg+V5+V|Neg+V5+Y+N|Neg+V5+Y+V	اسم + ضمیر ملکی اول شخص مفرد|اسم + فعل اول شخص مفرد|اول شخص جمع|دوم شخص مفرد|ن + فعل کمکی + فعل اول شخص جمع|ن + فعل کمکی + ی + ضمیر ملکی اول شخص مفرد|ن + فعل کمکی + ی + فعل اول شخص مفرد
15	یا
	یا|یا	یا|یا	یا|یا	C0|Intj	حرف ربط|صوت
16	باید
	باید	باید	باید	V4	فعل وجه نما
17	باز
	باز|باز|باز|باز|باز	باز|باز|باز|باز|باز	باز|باز|باز|باز|باز	V|A0|VPr|N1|Ad	فعل امر مثبت|صفت|پیشوند فعل|اسم|قید
18	یک
	یک	یک	یک	No	عدد حرفی
19	دست
	دست|دست	دست|دست	دست|دست	N1|N9	اسم|اسم موجود در ساختمان حرف اضافه و حرف ربط گروهی
20	دیگر
	دیگر|دیگر|دی	دیگر|دیگر|دی	دیگر|دیگر|دی+گر	Ad|A2|N1+O	قید|صفت مبهم|اسم + گر
21	خرید
	خرید|خرید|خر|خر|خر	خرید|خرید|خر|خر|خر	خرید|خرید|خر+ید|خر+ید|خر+ید	V|N1|V|N1+V|N1+V	سوم شخص مفرد|اسم|دوم شخص جمع|اسم + فعل دوم شخص جمع|اسم + فعل دوم شخص جمع
22	و
	و|و|و	و|و|و	و|و|و	C0|Ab|Al	حرف ربط|اختصارات|حروف الفبا
23	یا
	یا|یا	یا|یا	یا|یا	C0|Intj	حرف ربط|صوت
24	باید
	باید	باید	باید	V4	فعل وجه نما
25	عده‌ی
	عده|عده	عده|عده	عده+ی|عده+ی	N1+Y|N1+Y	اسم + ی|اسم + ی
26	مهمان
	مهمان|مه|مه	مهمان|مه|مه	مهمان|مه+مان|مه+مان	N1|N1+N|N1+N	اسم|اسم + ضمیر ملکی اول شخص جمع|اسم + ضمیر ملکی اول شخص جمع
27	بیشتر
	بیشتر|بیش|شتر	بیشتر|بیش|شتر	بیشتر|بیش+تر|بی+شتر	A0|A0+A|O+N1	صفت|صفت + علامت صفت تفضیلی|بی + اسم
28	از
	از	از	از	Pr	حرف اضافه
29	یازده
	یازده	یازده	یازده	No	عدد حرفی
30	نفر
	نفر	نفر	نفر	N1	اسم
31	نباشد
	باش	باش	ن+باش+د	V	سوم شخص مفرد
32	که
	که|که|که|که	که|که|که|که	که|که|که|که	C0|NA|N1|N1	حرف ربط|ضمیر پرسشی|اسم|اسم
33	با
	با	با	با	Pr	حرف اضافه
34	خودت
	خودت	خودت	خودت	N	ضمیر تاکیدی/انعکاسی
35	بشود
	شو|شو	شو|شو	ب+شو+د|ب+شو+د	V|V	سوم شخص مفرد|سوم شخص مفرد
36	دوازده
	دوازده	دوازده	دوازده	No	عدد حرفی
37	نفر
	نفر	نفر	نفر	N1	اسم
38	.
	.	.	.	O	

0	گفتم
	گفت|گفت|گفت	گفت|گفت|گفت	گفت+م|گفت+م|گفت+م	V|N1+N|N1+V	اول شخص مفرد|اسم + ضمیر ملکی اول شخص مفرد|اسم + فعل اول شخص مفرد
1	خودت
	خودت	خودت	خودت	N	ضمیر تاکیدی/انعکاسی
2	بهتر
	بهتر	بهتر	بهتر	A0	صفت
3	می‌دانی
	میدانی|دان|می|می	میدانی|دان|می|می	میدانی|می+دان+ی|می+دان+ی|می+دان+ی	A0|V|N1+Pl+Y|N1+Pl+Y	صفت|دوم شخص مفرد|اسم + دان + ی|اسم + دان + ی
4	که
	که|که|که|که	که|که|که|که	که|که|که|که	C0|NA|N1|N1	حرف ربط|ضمیر پرسشی|اسم|اسم
5	در
	در|در|در|در|در	در|در|در|در|در	در|در|در|در|در	Pr|V|N1|N1|VPr	حرف اضافه|فعل امر مثبت|اسم|اسم|پیشوند فعل
6	این
	این|این	این|این	این|این	A1|N6	صفت اشاره|ضمیر اشاره
7	شب
	شب	شب	شب	N1	اسم
8	عیدی
	عیدی|عید	عیدی|عید	عیدی|عید+ی	N1|N1+Y	اسم|اسم + ی
9	مالیه
	مالیه|مالی	مالیه|مالی	مالیه|مالی+ه	N1|A0+O	اسم|صفت + ه
10	ازچه‌قراراست
	ازچه قراراست	ازچه قراراست	ازچه قراراست	N
11	و
	و|و|و	و|و|و	و|و|و	C0|Ab|Al	حرف ربط|اختصارات|حروف الفبا
12	بودجه
	بودجه	بودجه	بودجه	N1	اسم
13	ابدن
	ابدن	ابدن	ابدن	N
14	اجازه‌ی
	اجازه	اجازه	اجازه+ی	N1+Y	اسم + ی
15	خریدن
	خرید|خر	خرید|خر	خرید+ن|خر+ید+ن	V2+Neg|V1+V+Neg	بن ماضی + ن|بن مضارع + فعل دوم شخص جمع + ن
16	خرت‌و‌پرت
	خرت‌و‌پرت	خرت‌و‌پرت	خرت‌و‌پرت	N1	اسم
17	تازه
	تازه|تاز	تازه|تاز	تازه|تاز+ه	A0|V1+O	صفت|بن مضارع + ه
18	نمی‌دهد
	ده	ده	نمی+ده+د	V	سوم شخص مفرد
19	و
	و|و|و	و|و|و	و|و|و	C0|Ab|Al	حرف ربط|اختصارات|حروف الفبا
20	دوستان
	دوست	دوست	دوست+ان	N1+Pl	اسم + ان
21	هم
	هم|هم|هم	هم|هم|هم	هم|هم|هم	Ad|C0|N	قید|حرف ربط|ضمیر مشترک/متقابل
22	از
	از	از	از	Pr	حرف اضافه
23	بیست
	بیست	بیست	بیست	No	عدد حرفی
24	و
	و|و|و	و|و|و	و|و|و	C0|Ab|Al	حرف ربط|اختصارات|حروف الفبا
25	سه
	سه	سه	سه	No	عدد حرفی
26	چهار
	چهار	چهار	چهار	No	عدد حرفی
27	نفر
	نفر	نفر	نفر	N1	اسم
28	کم‌تر
	کم	کم	کم+تر	A0+A	صفت + علامت صفت تفضیلی
29	نمی‌شوند
	شو|شو	شو|شو	نمی+شو+ند|نمی+شو+ند	V|V	سوم شخص جمع|سوم شخص جمع
30	.
	.	.	.	O	

0	گفت
	گفت|گفت	گفت|گفت	گفت|گفت	V|N1	سوم شخص مفرد|اسم
1	یک
	یک	یک	یک	No	عدد حرفی
2	بر
	بر|بر|بر|بر|بر	بر|بر|بر|بر|بر	بر|بر|بر|بر|بر	Pr|V|V|VPr|N1	حرف اضافه|فعل امر مثبت|فعل امر مثبت|پیشوند فعل|اسم
3	نره
	نره|ره|نر	نره|ره|نر	نره|ن+ره|نر+ه	A0|V|A0+O	صفت|فعل امر منفی|صفت + ه
4	خر
	خر|خر|خر	خر|خر|خر	خر|خر|خر	V|N1|N1	فعل امر مثبت|اسم|اسم
5	گردن‌کلفت
	گردن‌کلفت	گردن‌کلفت	گردن‌کلفت	A0	صفت
6	را
	را	را	را	Po	حرف اضافه پسین
7	که
	که|که|که|که	که|که|که|که	که|که|که|که	C0|NA|N1|N1	حرف ربط|ضمیر پرسشی|اسم|اسم
8	نمی‌شود
	شو|شو	شو|شو	نمی+شو+د|نمی+شو+د	V|V	سوم شخص مفرد|سوم شخص مفرد
9	وعده‌
	وعده	وعده	وعده	N1	اسم
10	گرفت
	گرفت|گرفت	گرفت|گرفت	گرفت|گرفت	V|N1	سوم شخص مفرد|اسم
11	.
	.	.	.	O	

0	تنها
	تنها|تن|تن	تنها|تن|تن	تنها|تن+ها|تن+ها	A0|N1+Pl|N1+Pl	صفت|اسم + علامت جمع|اسم + علامت جمع
1	همان
	همان|همان	همان|همان	همان|همان	A1|N6	صفت اشاره|ضمیر اشاره
2	رتبه‌های
	رتبه	رتبه	رتبه+ها+ی	N1+Pl+Y	اسم + علامت جمع + ی
3	بالا
	بالا	بالا	بالا	A0	صفت
4	را
	را	را	را	Po	حرف اضافه پسین
5	وعده‌بگیر
	وعده بگیر	وعده بگیر	وعده بگیر	N
6	و
	و|و|و	و|و|و	و|و|و	C0|Ab|Al	حرف ربط|اختصارات|حروف الفبا
7	مابقی
	مابقی	مابقی	مابقی	N1	اسم
8	را
	را	را	را	Po	حرف اضافه پسین
9	نقداً
	نقداً	نقداً	نقداً	Ad	قید
10	خط‌بکش
	خطب	خطب	خطب+ک+ش	N1+O+N	اسم + ک + ضمیر ملکی سوم شخص مفرد
11	و
	و|و|و	و|و|و	و|و|و	C0|Ab|Al	حرف ربط|اختصارات|حروف الفبا
12	بگذار
	گذار|گذار	گذار|گذار	ب+گذار|ب+گذار	V|O+N1	فعل امر مثبت|ب + اسم
13	‌سماق‌
	سماق	سماق	سماق	N1	اسم
14	بمکند
	مک|بم|مک	مک|بم|مک	ب+مک+ند|بم+ک+ند|ب+مک+ند	V|A0+O+V|O+N1+V	سوم شخص جمع|صفت + ک + فعل سوم شخص جمع|ب + اسم + فعل سوم شخص جمع
15	.
	.	.	.	O	

0	گفتم
	گفت|گفت|گفت	گفت|گفت|گفت	گفت+م|گفت+م|گفت+م	V|N1+N|N1+V	اول شخص مفرد|اسم + ضمیر ملکی اول شخص مفرد|اسم + فعل اول شخص مفرد
1	ای
	ای|ای|ای	ای|ای|ای	ای|ای|ای	Intj|Ab|Ab	صوت|اختصارات|اختصارات
2	بابا
	بابا|بابا	بابا|بابا	بابا|بابا	N1|Sp	اسم|شاخص
3	،
	،	،	،	O	
4	خدا
	خدا	خدا	خدا	N1	اسم
5	را
	را	را	را	Po	حرف اضافه پسین
6	خوش
	خوش	خوش	خوش	A0	صفت
7	نمی‌آید
	آی	آی	نمی+آی+د	V	سوم شخص مفرد
8	.
	.	.	.	O	

0	این
	این|این	این|این	این|این	A1|N6	صفت اشاره|ضمیر اشاره
1	بدبخت‌ها
	بدبخت	بدبخت	بدبخت+ها	A0+Pl	صفت + علامت جمع
2	سال
	سال	سال	سال	N1	اسم
3	آزگار
	آزگار|آز	آزگار|آز	آزگار|آز+گار	A0|N1+O	صفت|اسم + گار
4	یک
	یک	یک	یک	No	عدد حرفی
5	بار
	بار|بار	بار|بار	بار|بار	V|N1	فعل امر مثبت|اسم
6	برایشان
	برای|برا	برای|برا	برای+شان|برا+ی+شان	Pr+N|A0+N	حرف اضافه + ضمیر ملکی سوم شخص جمع|صفت + ضمیر ملکی سوم شخص جمع
7	چنین
	چنین	چنین	چنین	A2	صفت مبهم
8	پایی
	پایی|پا	پایی|پا	پایی|پا+یی	A0|N1+O	صفت|اسم + یی
9	می‌افتد
	افت	افت	می+افت+د	V	سوم شخص مفرد
10	و
	و|و|و	و|و|و	و|و|و	C0|Ab|Al	حرف ربط|اختصارات|حروف الفبا
11	شکم‌ها
	شکم	شکم	شکم+ها	N1+Pl	اسم + علامت جمع
12	را
	را	را	را	Po	حرف اضافه پسین
13	مدتی
	مدت	مدت	مدت+ی	N1+Y	اسم + ی
14	است
	است|اس	است|اس	است|اس+ت	V|N1+N	سوم شخص مفرد|اسم + ضمیر ملکی دوم شخص مفرد
15	صابون‌
	صابون	صابون	صابون	N1	اسم
16	زده‌اند
	زده|زد|زد	زده|زد|زد	زده+اند|زد+ه+اند|زد+ه+اند	A0+V|V|N1+O+V	صفت + فعل سوم شخص جمع|سوم شخص جمع|اسم + ه + فعل سوم شخص جمع
16	که
	که|که|که|که	که|که|که|که	که|که|که|که	C0|NA|N1|N1	حرف ربط|ضمیر پرسشی|اسم|اسم
17	کباب
	کباب	کباب	کباب	N1	اسم
18	غاز
	غاز	غاز	غاز	N1	اسم
19	بخورند
	خورند|بخور|بخور|خور	خورند|بخور|بخور|خور	ب+خورند|بخور+ند|بخور+ند|ب+خور+ند	O+A0|N1+V|A0+V|V	ب + صفت|اسم + فعل سوم شخص جمع|صفت + فعل سوم شخص جمع|سوم شخص جمع
20	و
	و|و|و	و|و|و	و|و|و	C0|Ab|Al	حرف ربط|اختصارات|حروف الفبا
21	ساعت‌شماری
	ساعت‌شماری|ساعت‌شمار	ساعت‌شماری|ساعت‌شمار	ساعت‌شماری|ساعت‌شمار+ی	N1|N1+Y	اسم|اسم + ی
22	می‌کنند
	کن|کن	کن|کن	می+کن+ند|می+کن+ند	V|V	سوم شخص جمع|سوم شخص جمع
23	.
	.	.	.	O	

0	اگر
	اگر	اگر	اگر	C0	حرف ربط
1	از
	از	از	از	Pr	حرف اضافه
2	زیرش
	زیر	زیر	زیر+ش	A0+N	صفت + ضمیر ملکی سوم شخص مفرد
3	دربروم
	دررو	دررو	ب+دررو+م	V	اول شخص مفرد
4	چشمم
	چشم|چشم|چش	چشم|چشم|چش	چشم+م|چشم+م|چش+م+م	N1+N|N1+V|V	اسم + ضمیر ملکی اول شخص مفرد|اسم + فعل اول شخص مفرد|اول شخص مفرد
5	را
	را	را	را	Po	حرف اضافه پسین
6	درخواهند‌
	در|در|در	در|در|در	در+خواه+ند|در+خواه+ند|در+خواه+ند	V1+O+V|N1+O+V|N1+O+V	بن مضارع + خواه + فعل سوم شخص جمع|اسم + خواه + فعل سوم شخص جمع|اسم + خواه + فعل سوم شخص جمع
7	آورد
	آورد|آور	آورد|آور	آورد|آور+د	V|V	سوم شخص مفرد|سوم شخص مفرد
8	و
	و|و|و	و|و|و	و|و|و	C0|Ab|Al	حرف ربط|اختصارات|حروف الفبا
9	حالا
	حالا	حالا	حالا	Ad	قید
10	که
	که|که|که|که	که|که|که|که	که|که|که|که	C0|NA|N1|N1	حرف ربط|ضمیر پرسشی|اسم|اسم
11	خودمانیم
	خود	خود	خود+مان+یم	N1+N+V	اسم + ضمیر ملکی اول شخص جمع + فعل اول شخص جمع
12	،
	،	،	،	O	
13	حق
	حق|حق	حق|حق	حق|حق	N1|N9	اسم|اسم موجود در ساختمان حرف اضافه و حرف ربط گروهی
14	هم
	هم|هم|هم	هم|هم|هم	هم|هم|هم	Ad|C0|N	قید|حرف ربط|ضمیر مشترک/متقابل
15	دارند
	دار|دار|دار	دار|دار|دار	دار+ند|دار+ند|دار+ند	V|N1+V|V5+V	سوم شخص جمع|اسم + فعل سوم شخص جمع|فعل کمکی + فعل سوم شخص جمع
16	.
	.	.	.	O	

0	چطور
	چطور	چطور	چطور	A0	صفت
1	است
	است|اس	است|اس	است|اس+ت	V|N1+N	سوم شخص مفرد|اسم + ضمیر ملکی دوم شخص مفرد
2	از
	از	از	از	Pr	حرف اضافه
3	منزل
	منزل	منزل	منزل	N1	اسم
4	یکی
	یکی	یکی	یکی	A2	صفت مبهم
5	از
	از	از	از	Pr	حرف اضافه
6	دوستان
	دوست	دوست	دوست+ان	N1+Pl	اسم + ان
7	و
	و|و|و	و|و|و	و|و|و	C0|Ab|Al	حرف ربط|اختصارات|حروف الفبا
8	آشنایان
	آشنا	آشنا	آشنا+ی+ان	A0+Pl	صفت + ان
9	یک
	یک	یک	یک	No	عدد حرفی
10	‌دست
	دست|دست	دست|دست	دست|دست	N1|N9	اسم|اسم موجود در ساختمان حرف اضافه و حرف ربط گروهی
11	دیگر
	دیگر|دیگر|دی	دیگر|دیگر|دی	دیگر|دیگر|دی+گر	Ad|A2|N1+O	قید|صفت مبهم|اسم + گر
12	ظرف
	ظرف	ظرف	ظرف	N1	اسم
13	و
	و|و|و	و|و|و	و|و|و	C0|Ab|Al	حرف ربط|اختصارات|حروف الفبا
14	لوازم
	لوازم	لوازم	لوازم	N1	اسم
15	عاریه
	عاریه|عاری	عاریه|عاری	عاریه|عاری+ه	A0|A0+O	صفت|صفت + ه
16	بگیریم
	گیریم|بگیر|گیر|گیر|گیر	گیریم|بگیر|گیر|گیر|گیر	ب+گیریم|بگیر+یم|ب+گیر+یم|ب+گیر+ی+م|ب+گیر+یم	O+N1|A0+V|V|V|O+A0+V	ب + اسم|صفت + فعل اول شخص جمع|اول شخص جمع|دوم شخص مفرد|ب + صفت + فعل اول شخص جمع
17	.
	.	.	.	O	

0	اینک
	اینک	اینک	اینک	Ad	قید
1	روز
	روز	روز	روز	N1	اسم
2	دوم
	دوم|دو|دو|دو|دو	دوم|دو|دو|دو|دو	دوم|دو+م|دو+م|دو+م|دو+م	A0|V|V|N1+N|N1+V	صفت|اول شخص مفرد|اول شخص مفرد|اسم + ضمیر ملکی اول شخص مفرد|اسم + فعل اول شخص مفرد
3	عید
	عید	عید	عید	N1	اسم
4	است
	است|اس	است|اس	است|اس+ت	V|N1+N	سوم شخص مفرد|اسم + ضمیر ملکی دوم شخص مفرد
5	و
	و|و|و	و|و|و	و|و|و	C0|Ab|Al	حرف ربط|اختصارات|حروف الفبا
6	تدارک
	تدارک	تدارک	تدارک	N1	اسم
7	پذیرایی
	پذیرایی|پذیرا	پذیرایی|پذیرا	پذیرایی|پذیرا+یی	N1|A0+O	اسم|صفت + یی
8	از
	از	از	از	Pr	حرف اضافه
9	هرجهت
	هرجهت	هرجهت	هرجهت	N
11	دیده
	دیده|دید|دید	دیده|دید|دید	دیده|دید+ه|دید+ه	N1|O+O|N1+O	اسم|ریشه ماضی + ه|اسم + ه
12	شده است	شد	شد	شد+ه+است	V	سوم شخص مفرد
13	.
	.	.	.	O	

0	علاوه‌بر
	علاوه‌بر	علاوه‌بر	علاوه‌بر	Pr1	حرف اضافه گروهی
1	غاز
	غاز	غاز	غاز	N1	اسم
2	معهود
	معهود	معهود	معهود	A0	صفت
3	،
	،	،	،	O	
4	آش
	آش	آش	آش	N1	اسم
5	جو
	جو|جو|جو|جو|جو	جو|جو|جو|جو|جو	جو|جو|جو|جو|جو	V|V|N1|N1|N1	فعل امر مثبت|فعل امر مثبت|اسم|اسم|اسم
6	اعلا
	اعلا	اعلا	اعلا	A0	صفت
7	و
	و|و|و	و|و|و	و|و|و	C0|Ab|Al	حرف ربط|اختصارات|حروف الفبا
8	کباب
	کباب	کباب	کباب	N1	اسم
9	بره‌ی
	بره|بره|بر|بر|بر	بره|بره|بر|بر|بر	بره+ی|بره+ی|بر+ه+ی|بر+ه+ی|بر+ه+ی	N1+Y|N1+Y|V1+O+Y|V1+O+Y|N1+O+Y	اسم + ی|اسم + ی|بن مضارع + ه + ی|بن مضارع + ه + ی|اسم + ه + ی
10	ممتاز
	ممتاز	ممتاز	ممتاز	A0	صفت
11	و
	و|و|و	و|و|و	و|و|و	C0|Ab|Al	حرف ربط|اختصارات|حروف الفبا
12	دو
	دو|دو|دو|دو	دو|دو|دو|دو	دو|دو|دو|دو	No|V|V|N1	عدد حرفی|فعل امر مثبت|فعل امر مثبت|اسم
13	رنگ
	رنگ|رنگ	رنگ|رنگ	رنگ|رنگ	N1|N1	اسم|اسم
14	پلو
	پلو	پلو	پلو	N1	اسم
15	و
	و|و|و	و|و|و	و|و|و	C0|Ab|Al	حرف ربط|اختصارات|حروف الفبا
16	چند
	چند	چند	چند	NA	ضمیر پرسشی
17	جور
	جور|جور	جور|جور	جور|جور	A0|N1	صفت|اسم
18	خورش
	خورش|خور	خورش|خور	خورش|خور+ش	N1|V	اسم|سوم شخص مفرد
19	با
	با	با	با	Pr	حرف اضافه
20	تمام
	تمام|تمام	تمام|تمام	تمام|تمام	A0|N9	صفت|اسم موجود در ساختمان حرف اضافه و حرف ربط گروهی
21	مخلفات
	مخلفات	مخلفات	مخلفات	N1	اسم
22	‌روبه‌راه
	روبه‌راه	روبه‌راه	روبه‌راه	A0	صفت
23	‌شده‌است
	شد	شد	شد+ه+است	V	سوم شخص مفرد
24	.
	.	.	.	O	

0	در
	در|در|در|در|در	در|در|در|در|در	در|در|در|در|در	Pr|V|N1|N1|VPr	حرف اضافه|فعل امر مثبت|اسم|اسم|پیشوند فعل
1	تختخواب
	تختخواب	تختخواب	تختخواب	N1	اسم
2	گرم‌ونرم
	گرم‌ونرم	گرم‌ونرم	گرم‌ونرم	A0	صفت
3	و
	و|و|و	و|و|و	و|و|و	C0|Ab|Al	حرف ربط|اختصارات|حروف الفبا
4	تازه‌ای
	تازه|تاز	تازه|تاز	تازه+ای|تاز+ه+ای	A0+O|V1+O+O	صفت + ای|بن مضارع + ه + ای
5	که
	که|که|که|که	که|که|که|که	که|که|که|که	C0|NA|N1|N1	حرف ربط|ضمیر پرسشی|اسم|اسم
6	از
	از	از	از	Pr	حرف اضافه
7	جمله‌ی
	جمله|جمل	جمله|جمل	جمله+ی|جمل+ه+ی	N1+Y|N1+O+Y	اسم + ی|اسم + ه + ی
8	اسباب
	اسباب	اسباب	اسباب	N1	اسم
9	جهاز
	جهاز	جهاز	جهاز	N1	اسم
10	خانم
	خانم|خانم|خان|خان	خانم|خانم|خان|خان	خانم|خانم|خان+م|خان+م	N1|Sp|N1+N|N1+V	اسم|شاخص|اسم + ضمیر ملکی اول شخص مفرد|اسم + فعل اول شخص مفرد
11	است
	است|اس	است|اس	است|اس+ت	V|N1+N	سوم شخص مفرد|اسم + ضمیر ملکی دوم شخص مفرد
12	لم
	لم|لم|لم	لم|لم|لم	لم|لم|لم	V|N1|N1	فعل امر مثبت|اسم|اسم
13	داده
	داده|داد|داد	داده|داد|داد	داده|داد+ه|داد+ه	N1|O+O|N1+O	اسم|ریشه ماضی + ه|اسم + ه
14	و
	و|و|و	و|و|و	و|و|و	C0|Ab|Al	حرف ربط|اختصارات|حروف الفبا
15	به
	به|به	به|به	به|به	Pr|N1	حرف اضافه|اسم
16	تفریح
	تفریح	تفریح	تفریح	N1	اسم
17	تمام
	تمام|تمام	تمام|تمام	تمام|تمام	A0|N9	صفت|اسم موجود در ساختمان حرف اضافه و حرف ربط گروهی
18	مشغول
	مشغول	مشغول	مشغول	A0	صفت
19	خواندن
	خواند	خواند	خواند+ن	V2+Neg	بن ماضی + ن
20	حکایت‌های
	حکایت	حکایت	حکایت+ها+ی	N1+Pl+Y	اسم + علامت جمع + ی
21	بی‌نظیر
	بی‌نظیر	بی‌نظیر	بی‌نظیر	A0	صفت
22	صادق
	صادق	صادق	صادق	A0	صفت
23	هدایت
	هدایت	هدایت	هدایت	N1	اسم
24	بودم
	بود|بود|بود|بود	بود|بود|بود|بود	بود+م|بود+م|بود+م|بود+م	V|N1+N|N1+V|V	اول شخص مفرد|اسم + ضمیر ملکی اول شخص مفرد|اسم + فعل اول شخص مفرد|اول شخص مفرد
25	.
	.	.	.	O	

0	درست
	درست|درس	درست|درس	درست|درس+ت	A0|N1+N	صفت|اسم + ضمیر ملکی دوم شخص مفرد
1	کیفور
	کیفور	کیفور	کیفور	A0	صفت
2	شده بودم
	شد|شد	شد|شد	شد+ه+بود+م|شد+ه+بود+م	V3+O+O+N|V3+O+O+V	فعل اسنادی + ه + بود + ضمیر ملکی اول شخص مفرد|فعل اسنادی + ه + بود + فعل اول شخص مفرد
3	که
	که|که|که|که	که|که|که|که	که|که|که|که	C0|NA|N1|N1	حرف ربط|ضمیر پرسشی|اسم|اسم
4	عیالم
	عیال|عیال	عیال|عیال	عیال+م|عیال+م	N1+N|N1+V	اسم + ضمیر ملکی اول شخص مفرد|اسم + فعل اول شخص مفرد
5	وارد
	وارد	وارد	وارد	N1	اسم
6	شد
	شد	شد	شد	V	سوم شخص مفرد
7	و
	و|و|و	و|و|و	و|و|و	C0|Ab|Al	حرف ربط|اختصارات|حروف الفبا
8	گفت
	گفت|گفت	گفت|گفت	گفت|گفت	V|N1	سوم شخص مفرد|اسم
9	جوان
	جوان	جوان	جوان	A0	صفت
10	دیلاقی
	دیلاق	دیلاق	دیلاق+ی	A0+Y	صفت + ی
11	مصطفی
	مصطفی	مصطفی	مصطفی	N3	اسم خاص اشخاص
12	نام
	نام|نام	نام|نام	نام|نام	N1|V	اسم|فعل امر مثبت
13	آمده
	آمد|آمد	آمد|آمد	آمد+ه|آمد+ه	O+O|N1+O	ریشه ماضی + ه|اسم + ه
14	می‌گوید
	گو	گو	می+گو+ید	V	دوم شخص جمع
15	پسرعموی
	پسرعمو	پسرعمو	پسرعمو+ی	N1+Y	اسم + ی
16	تنی
	تنی|تنی|تن|تن|تن	تنی|تنی|تن|تن|تن	تنی|تنی|تن+ی|تن+ی|تن+ی	A0|A0|V|N1+Y|N1+Y	صفت|صفت|دوم شخص مفرد|اسم + ی|اسم + ی
17	تو
	تو|تو|تو	تو|تو|تو	تو|تو|تو	N5|Ad|N1	ضمیر فاعلی|قید|اسم
18	است
	است|اس	است|اس	است|اس+ت	V|N1+N	سوم شخص مفرد|اسم + ضمیر ملکی دوم شخص مفرد
19	و
	و|و|و	و|و|و	و|و|و	C0|Ab|Al	حرف ربط|اختصارات|حروف الفبا
20	برای
	برای	برای	برای	Pr	حرف اضافه
21	عید
	عید	عید	عید	N1	اسم
22	مبارکی
	مبارکی|مبارک	مبارکی|مبارک	مبارکی|مبارک+ی	N1|A0+Y	اسم|صفت + ی
23	شرفیاب
	شرفیاب	شرفیاب	شرفیاب	A0	صفت
24	شده است
	شد	شد	شد+ه+است	V	سوم شخص مفرد
25	.
	.	.	.	O	

0	مصطفی
	مصطفی	مصطفی	مصطفی	N3	اسم خاص اشخاص
1	پسرعموی
	پسرعمو	پسرعمو	پسرعمو+ی	N1+Y	اسم + ی
2	دختردایی
	دختردایی	دختردایی	دختردایی	N1	اسم
3	خاله‌ی
	خاله|خال	خاله|خال	خاله+ی|خال+ه+ی	N1+Y|N1+O+Y	اسم + ی|اسم + ه + ی
4	مادرم
	مادر|مادر	مادر|مادر	مادر+م|مادر+م	N1+N|N1+V	اسم + ضمیر ملکی اول شخص مفرد|اسم + فعل اول شخص مفرد
5	می‌شد
	شد	شد	می+شد	V	سوم شخص مفرد
6	.
	.	.	.	O	

0	جوانی
	جوانی|جوان	جوانی|جوان	جوانی|جوان+ی	N1|A0+Y	اسم|صفت + ی
1	به
	به|به	به|به	به|به	Pr|N1	حرف اضافه|اسم
2	سن
	سن|سن	سن|سن	سن|سن	N1|N1	اسم|اسم
3	بیست
	بیست	بیست	بیست	No	عدد حرفی
4	و
	و|و|و	و|و|و	و|و|و	C0|Ab|Al	حرف ربط|اختصارات|حروف الفبا
5	پنج
	پنج	پنج	پنج	No	عدد حرفی
6	یا
	یا|یا	یا|یا	یا|یا	C0|Intj	حرف ربط|صوت
7	بیست
	بیست	بیست	بیست	No	عدد حرفی
8	و
	و|و|و	و|و|و	و|و|و	C0|Ab|Al	حرف ربط|اختصارات|حروف الفبا
9	شش
	شش|شش	شش|شش	شش|شش	No|N1	عدد حرفی|اسم
10	.
	.	.	.	O	

0	لات‌ولوت
	لات‌ولوت	لات‌ولوت	لات‌ولوت	A0	صفت
1	و
	و|و|و	و|و|و	و|و|و	C0|Ab|Al	حرف ربط|اختصارات|حروف الفبا
2	آسمان‌جل
	آسمان‌جل	آسمان‌جل	آسمان‌جل	A0	صفت
3	و
	و|و|و	و|و|و	و|و|و	C0|Ab|Al	حرف ربط|اختصارات|حروف الفبا
4	بی‌دست‌وپا
	بی‌دست‌وپا|دست‌وپا	بی‌دست‌وپا|دست‌وپا	بی‌دست‌وپا|بی+دست‌وپا	A0|O+N1	صفت|بی + اسم
5	و
	و|و|و	و|و|و	و|و|و	C0|Ab|Al	حرف ربط|اختصارات|حروف الفبا
6	پخمه
	پخمه	پخمه	پخمه	A0	صفت
7	و
	و|و|و	و|و|و	و|و|و	C0|Ab|Al	حرف ربط|اختصارات|حروف الفبا
8	گاگول
	گاگول	گاگول	گاگول	N
9	و
	و|و|و	و|و|و	و|و|و	C0|Ab|Al	حرف ربط|اختصارات|حروف الفبا
10	تا
	تا|تا|تا	تا|تا|تا	تا|تا|تا	Pr|C0|Ab	حرف اضافه|حرف ربط|اختصارات
11	بخواهی
	خواه|خواه|خواه	خواه|خواه|خواه	ب+خواه+ی|ب+خواه+ی|ب+خواه+ی	V|O+Ad+Y|O+V5+Y	دوم شخص مفرد|ب + قید + ی|ب + فعل کمکی + ی
12	بدریخت
	بدریخت	بدریخت	بدریخت	N
13	و
	و|و|و	و|و|و	و|و|و	C0|Ab|Al	حرف ربط|اختصارات|حروف الفبا
14	بدقواره
	بدقواره|دق	بدقواره|دق	بدقواره|ب+دق+واره	A0|O+N1+O	صفت|ب + اسم + واره
15	.
	.	.	.	O	

0	هروقت‌
	هروقت	هروقت	هروقت	N
1	می‌خواست
	خواست|خواست	خواست|خواست	می+خواست|می+خواست	V|O+V5	سوم شخص مفرد|می + فعل کمکی
2	حرفی
	حرفی|حرف|حرف	حرفی|حرف|حرف	حرفی|حرف+ی|حرف+ی	A0|N1+Y|N1+Y	صفت|اسم + ی|اسم + ی
3	بزند
	زن|بز	زن|بز	ب+زن+د|بز+ند	V|N1+V	سوم شخص مفرد|اسم + فعل سوم شخص جمع
4	،
	،	،	،	O	
5	رنگ
	رنگ|رنگ	رنگ|رنگ	رنگ|رنگ	N1|N1	اسم|اسم
6	می‌گذاشت
	گذاشت	گذاشت	می+گذاشت	V	سوم شخص مفرد
7	و
	و|و|و	و|و|و	و|و|و	C0|Ab|Al	حرف ربط|اختصارات|حروف الفبا
8	رنگ
	رنگ|رنگ	رنگ|رنگ	رنگ|رنگ	N1|N1	اسم|اسم
9	برمی‌داشت
	برداشت	برداشت	می+برداشت	V	سوم شخص مفرد
10	و
	و|و|و	و|و|و	و|و|و	C0|Ab|Al	حرف ربط|اختصارات|حروف الفبا
11	مثل
	مثل|مثل|مثل|مثل	مثل|مثل|مثل|مثل	مثل|مثل|مثل|مثل	N1|N1|N1|N9	اسم|اسم|اسم|اسم موجود در ساختمان حرف اضافه و حرف ربط گروهی
12	این‌که
	اینکه	اینکه	اینکه	Ad	قید
13	دسته
	دسته|دست	دسته|دست	دسته|دست+ه	N1|N1+O	اسم|اسم + ه
14	هاون
	هاون	هاون	هاون	N1	اسم
15	برنجی
	برنجی|برنج	برنجی|برنج	برنجی|برنج+ی	A0|N1+Y	صفت|اسم + ی
16	در
	در|در|در|در|در	در|در|در|در|در	در|در|در|در|در	Pr|V|N1|N1|VPr	حرف اضافه|فعل امر مثبت|اسم|اسم|پیشوند فعل
17	گلویش
	گلو	گلو	گلو+ی+ش	N1+Y+N	اسم + ی + ضمیر ملکی سوم شخص مفرد
18	گیر
	گیر|گیر	گیر|گیر	گیر|گیر	V|A0	فعل امر مثبت|صفت
19	کرده باشد
	کرد	کرد	کرد+ه+باش+د	V	سوم شخص مفرد
20	دهنش
	دهن	دهن	دهن+ش	N1+N	اسم + ضمیر ملکی سوم شخص مفرد
21	بازمی‌ماند
	بازماند	بازماند	می+بازماند	V	سوم شخص مفرد
22	و
	و|و|و	و|و|و	و|و|و	C0|Ab|Al	حرف ربط|اختصارات|حروف الفبا
23	به
	به|به	به|به	به|به	Pr|N1	حرف اضافه|اسم
24	خرخر
	خرخر|خرخر	خرخر|خرخر	خرخر|خرخر	N1|N1	اسم|اسم
25	می‌افتاد
	افتاد	افتاد	می+افتاد	V	سوم شخص مفرد
26	.
	.	.	.	O	

0	الحمدالله
	الحمدالله	الحمدالله	الحمدالله	Exp	عبارت
1	سالی
	سالی|سال	سالی|سال	سالی|سال+ی	Ad|N1+Y	قید|اسم + ی
2	یک‌مرتبه
	یک‌مرتبه	یک‌مرتبه	یک‌مرتبه	Ad	قید
3	بیش‌تر
	بیشتر|بیش|شتر	بیشتر|بیش|شتر	بیشتر|بیش+تر|بی+شتر	A0|A0+A|O+N1	صفت|صفت + علامت صفت تفضیلی|بی + اسم
4	از
	از	از	از	Pr	حرف اضافه
5	زیارت
	زیارت	زیارت	زیارت	N1	اسم
6	جمالش
	جمال	جمال	جمال+ش	N1+N	اسم + ضمیر ملکی سوم شخص مفرد
7	مسرور
	مسرور	مسرور	مسرور	A0	صفت
8	و
	و|و|و	و|و|و	و|و|و	C0|Ab|Al	حرف ربط|اختصارات|حروف الفبا
9	مشعوف
	مشعوف	مشعوف	مشعوف	A0	صفت
10	نمی‌شدم
	شد	شد	نمی+شد+م	V	اول شخص مفرد
11	.
	.	.	.	O	

0	به
	به|به	به|به	به|به	Pr|N1	حرف اضافه|اسم
1	زنم
	زن|زن|زن	زن|زن|زن	زن+م|زن+م|زن+م	V|N1+N|N1+V	اول شخص مفرد|اسم + ضمیر ملکی اول شخص مفرد|اسم + فعل اول شخص مفرد
2	گفتم
	گفت|گفت|گفت	گفت|گفت|گفت	گفت+م|گفت+م|گفت+م	V|N1+N|N1+V	اول شخص مفرد|اسم + ضمیر ملکی اول شخص مفرد|اسم + فعل اول شخص مفرد
3	تو
	تو|تو|تو	تو|تو|تو	تو|تو|تو	N5|Ad|N1	ضمیر فاعلی|قید|اسم
4	را
	را	را	را	Po	حرف اضافه پسین
5	به
	به|به	به|به	به|به	Pr|N1	حرف اضافه|اسم
6	خدا
	خدا	خدا	خدا	N1	اسم
7	بگو
	گو	گو	ب+گو	V	فعل امر مثبت
8	فلانی
	فلانی	فلانی	فلانی	A2	صفت مبهم
9	هنوز
	هنوز	هنوز	هنوز	Ad	قید
10	از
	از	از	از	Pr	حرف اضافه
11	خواب
	خواب|خواب	خواب|خواب	خواب|خواب	V|N1	فعل امر مثبت|اسم
12	بیدار
	بیدار|دار	بیدار|دار	بیدار|بی+دار	A0|O+N1	صفت|بی + اسم
13	نشده
	شد	شد	ن+شد+ه	Neg+V3+O	ن + فعل اسنادی + ه
14	و
	و|و|و	و|و|و	و|و|و	C0|Ab|Al	حرف ربط|اختصارات|حروف الفبا
15	شر
	شر|شر	شر|شر	شر|شر	A0|N1	صفت|اسم
16	این
	این|این	این|این	این|این	A1|N6	صفت اشاره|ضمیر اشاره
17	غول
	غول	غول	غول	N1	اسم
19	بی‌شاخ‌
	شاخ	شاخ	بی+شاخ	O+N1	بی + اسم
20	و
	و|و|و	و|و|و	و|و|و	C0|Ab|Al	حرف ربط|اختصارات|حروف الفبا
21	دم
	دم|دم|دم	دم|دم|دم	دم|دم|دم	V|N1|N1	فعل امر مثبت|اسم|اسم
22	را
	را	را	را	Po	حرف اضافه پسین
23	از
	از	از	از	Pr	حرف اضافه
24	سر
	سر|سر|سر|سر|سر	سر|سر|سر|سر|سر	سر|سر|سر|سر|سر	V|N1|N1|N1|N9	فعل امر مثبت|اسم|اسم|اسم|اسم موجود در ساختمان حرف اضافه و حرف ربط گروهی
25	ما
	ما	ما	ما	N5	ضمیر فاعلی
26	بکن
	بکن|کن|کن	بکن|کن|کن	بکن|ب+کن|ب+کن	A0|V|V	صفت|فعل امر مثبت|فعل امر مثبت
27	و
	و|و|و	و|و|و	و|و|و	C0|Ab|Al	حرف ربط|اختصارات|حروف الفبا
28	بگذار
	گذار|گذار	گذار|گذار	ب+گذار|ب+گذار	V|O+N1	فعل امر مثبت|ب + اسم
29	برود
	رود|رو|رو	رود|رو|رو	ب+رود|ب+رو+د|ب+رو+د	O+N1|V|V	ب + اسم|سوم شخص مفرد|سوم شخص مفرد
30	لای
	لای|لا	لای|لا	لای|لا+ی	N1|A0+Y	اسم|صفت + ی
31	دست
	دست|دست	دست|دست	دست|دست	N1|N9	اسم|اسم موجود در ساختمان حرف اضافه و حرف ربط گروهی
32	بابای
	بابا	بابا	بابا+ی	N1+Y	اسم + ی
33	علیه‌الرحمه‌‌اش
	علیه الرحمه  اش	علیه الرحمه  اش	علیه الرحمه  اش	N
34	.
	.	.	.	O	

0	گفت
	گفت|گفت	گفت|گفت	گفت|گفت	V|N1	سوم شخص مفرد|اسم
1	به
	به|به	به|به	به|به	Pr|N1	حرف اضافه|اسم
2	من
	من	من	من	N5	ضمیر فاعلی
3	دخلی
	دخل	دخل	دخل+ی	N1+Y	اسم + ی
4	ندارد
	دار|دار	دار|دار	ن+دار+د|ن+دار+د	V|Neg+V5+O	سوم شخص مفرد|ن + فعل کمکی + د
5	!
	!	!	!	O	

0	مال
	مال|مال	مال|مال	مال|مال	V|N1	فعل امر مثبت|اسم
1	بد
	بد	بد	بد	A0	صفت
2	بیخ
	بیخ	بیخ	بیخ	N1	اسم
3	ریش
	ریش|ری	ریش|ری	ریش|ری+ش	N1|N1+N	اسم|اسم + ضمیر ملکی سوم شخص مفرد
4	صاحبش
	صاحب	صاحب	صاحب+ش	N1+N	اسم + ضمیر ملکی سوم شخص مفرد
5	.
	.	.	.	O	

0	ماشاء‌الله
	ماشاء‌الله	ماشاء‌الله	ماشاء‌الله	N1	اسم
1	هفت
	هفت	هفت	هفت	No	عدد حرفی
2	قرآن
	قرآن	قرآن	قرآن	N1	اسم
3	به
	به|به	به|به	به|به	Pr|N1	حرف اضافه|اسم
4	میان
	میان|می|می	میان|می|می	میان|می+ان|می+ان	N1|N1+Pl|N1+Pl	اسم|اسم + ان|اسم + ان
5	پسرعموی
	پسرعمو	پسرعمو	پسرعمو+ی	N1+Y	اسم + ی
6	دسته
	دسته|دست	دسته|دست	دسته|دست+ه	N1|N1+O	اسم|اسم + ه
7	دیزی
	دیزی|دیز	دیزی|دیز	دیزی|دیز+ی	N1|N1+Y	اسم|اسم + ی
8	خودت
	خودت	خودت	خودت	N	ضمیر تاکیدی/انعکاسی
9	است
	است|اس	است|اس	است|اس+ت	V|N1+N	سوم شخص مفرد|اسم + ضمیر ملکی دوم شخص مفرد
10	.
	.	.	.	O	

0	هرگلی
	هرگلی	هرگلی	هرگلی	N
1	هست
	هست|هست	هست|هست	هست|هست	V|N1	سوم شخص مفرد|اسم
2	به
	به|به	به|به	به|به	Pr|N1	حرف اضافه|اسم
3	سر
	سر|سر|سر|سر|سر	سر|سر|سر|سر|سر	سر|سر|سر|سر|سر	V|N1|N1|N1|N9	فعل امر مثبت|اسم|اسم|اسم|اسم موجود در ساختمان حرف اضافه و حرف ربط گروهی
4	خودت
	خودت	خودت	خودت	N	ضمیر تاکیدی/انعکاسی
5	بزن
	بزن|زن|زن	بزن|زن|زن	بزن|ب+زن|ب+زن	A0|V|O+N1	صفت|فعل امر مثبت|ب + اسم
6	.
	.	.	.	O	

0	من
	من	من	من	N5	ضمیر فاعلی
1	اساسن
	اساسن	اساسن	اساسن	N
2	شرط
	شرط|شرط	شرط|شرط	شرط|شرط	N1|N9	اسم|اسم موجود در ساختمان حرف اضافه و حرف ربط گروهی
3	کرده‌ام
	کرد|کرد|کرد	کرد|کرد|کرد	کرد+ه+ام|کرد+ه+ام|کرد+ه+ام	V|N1+O+N|N1+O+V	اول شخص مفرد|اسم + ه + ضمیر ملکی اول شخص مفرد|اسم + ه + فعل اول شخص مفرد
4	با
	با	با	با	Pr	حرف اضافه
5	قوم
	قوم|قو|قو|قو|قو	قوم|قو|قو|قو|قو	قوم|قو+م|قو+م|قو+م|قو+م	N1|N1+N|N1+V|N1+N|N1+V	اسم|اسم + ضمیر ملکی اول شخص مفرد|اسم + فعل اول شخص مفرد|اسم + ضمیر ملکی اول شخص مفرد|اسم + فعل اول شخص مفرد
6	و
	و|و|و	و|و|و	و|و|و	C0|Ab|Al	حرف ربط|اختصارات|حروف الفبا
7	خویش‌های
	خویش	خویش	خویش	N
8	ددری
	ددری	ددری	ددری	N
9	تو
	تو|تو|تو	تو|تو|تو	تو|تو|تو	N5|Ad|N1	ضمیر فاعلی|قید|اسم
10	هیچ
	هیچ	هیچ	هیچ	A1	صفت اشاره
11	سروکاری
	سروکار	سروکار	سروکار+ی	N1+Y	اسم + ی
12	نداشته باشم
	داشت	داشت	ن+داشت+ه+باش+م	V	اول شخص مفرد
13	؛
	؛	؛	؛	O	
14	آن‌هم
	آن‌هم	آن‌هم	آن‌هم	Ad	قید
15	با
	با	با	با	Pr	حرف اضافه
16	چنین
	چنین	چنین	چنین	A2	صفت مبهم
17	لندهور
	لندهور	لندهور	لندهور	A0	صفت
18	الدنگی
	الدنگ	الدنگ	الدنگ+ی	A0+Y	صفت + ی
19	.
	.	.	.	O	

0	دیدم
	دید|دید|دید	دید|دید|دید	دید+م|دید+م|دید+م	V|N1+N|N1+V	اول شخص مفرد|اسم + ضمیر ملکی اول شخص مفرد|اسم + فعل اول شخص مفرد
1	چاره‌ای
	چاره|چار	چاره|چار	چاره+ای|چار+ه+ای	N1+O|N1+O+O	اسم + ای|اسم + ه + ای
2	نیست
	نیست|است|نی	نیست|است|نی	نیست|نی+است|نی+ست	N1|V|N1+N	اسم|سوم شخص مفرد|اسم + ضمیر ملکی سوم شخص مفرد
3	و
	و|و|و	و|و|و	و|و|و	C0|Ab|Al	حرف ربط|اختصارات|حروف الفبا
4	خدا
	خدا	خدا	خدا	N1	اسم
5	را
	را	را	را	Po	حرف اضافه پسین
6	هم
	هم|هم|هم	هم|هم|هم	هم|هم|هم	Ad|C0|N	قید|حرف ربط|ضمیر مشترک/متقابل
7	خوش
	خوش	خوش	خوش	A0	صفت
8	نمی‌آید
	آی	آی	نمی+آی+د	V	سوم شخص مفرد
9	این
	این|این	این|این	این|این	A1|N6	صفت اشاره|ضمیر اشاره
10	بیچاره
	بیچاره|چاره|چار	بیچاره|چاره|چار	بیچاره|بی+چاره|بی+چار+ه	A0|O+N1|O+N1+O	صفت|بی + اسم|بی + اسم + ه
11	که
	که|که|که|که	که|که|که|که	که|که|که|که	C0|NA|N1|N1	حرف ربط|ضمیر پرسشی|اسم|اسم
12	لابد
	لابد	لابد	لابد	Ad	قید
13	ازراه
	ازراه	ازراه	ازراه	Pr1	حرف اضافه گروهی
14	دورودراز
	دورودراز	دورودراز	دورودراز	A0	صفت
15	با
	با	با	با	Pr	حرف اضافه
16	شکم
	شکم|شک|شک|شک|شک	شکم|شک|شک|شک|شک	شکم|شک+م|شک+م|شک+م|شک+م	N1|N1+N|N1+V|N1+N|N1+V	اسم|اسم + ضمیر ملکی اول شخص مفرد|اسم + فعل اول شخص مفرد|اسم + ضمیر ملکی اول شخص مفرد|اسم + فعل اول شخص مفرد
17	گرسنه
	گرسنه	گرسنه	گرسنه	A0	صفت
18	و
	و|و|و	و|و|و	و|و|و	C0|Ab|Al	حرف ربط|اختصارات|حروف الفبا
19	پای
	پای|پا|پا	پای|پا|پا	پای|پا+ی|پا+ی	N1|V|N1+Y	اسم|دوم شخص مفرد|اسم + ی
20	برهنه
	برهنه|رهن	برهنه|رهن	برهنه|ب+رهن+ه	A0|O+N1+O	صفت|ب + اسم + ه
21	به
	به|به	به|به	به|به	Pr|N1	حرف اضافه|اسم
22	امید
	امید|امید|ام	امید|امید|ام	امید|امید|ام+ید	N3|A0|N1+V	اسم خاص اشخاص|صفت|اسم + فعل دوم شخص جمع
23	چند
	چند	چند	چند	NA	ضمیر پرسشی
24	ریال
	ریال	ریال	ریال	N1	اسم
25	عیدی
	عیدی|عید	عیدی|عید	عیدی|عید+ی	N1|N1+Y	اسم|اسم + ی
26	آمده
	آمد|آمد	آمد|آمد	آمد+ه|آمد+ه	O+O|N1+O	ریشه ماضی + ه|اسم + ه
27	ناامید
	ناامید|امید|ام	ناامید|امید|ام	ناامید|نا+امید|نا+ام+ید	A0|Neg+A0|Neg+N1+V	صفت|نا + صفت|نا + اسم + فعل دوم شخص جمع
28	کنم
	کن|کن	کن|کن	کن+م|کن+م	V|V	اول شخص مفرد|اول شخص مفرد
29	.
	.	.	.	O	

0	پیش
	پیش|پیش|پی	پیش|پیش|پی	پیش|پیش|پی+ش	A0|N9|N1+N	صفت|اسم موجود در ساختمان حرف اضافه و حرف ربط گروهی|اسم + ضمیر ملکی سوم شخص مفرد
1	خودم
	خودم	خودم	خودم	N	ضمیر تاکیدی/انعکاسی
2	گفتم
	گفت|گفت|گفت	گفت|گفت|گفت	گفت+م|گفت+م|گفت+م	V|N1+N|N1+V	اول شخص مفرد|اسم + ضمیر ملکی اول شخص مفرد|اسم + فعل اول شخص مفرد
3	چنین
	چنین	چنین	چنین	A2	صفت مبهم
4	روز
	روز	روز	روز	N1	اسم
5	مبارکی
	مبارکی|مبارک	مبارکی|مبارک	مبارکی|مبارک+ی	N1|A0+Y	اسم|صفت + ی
6	‌‌صله‌ی‌ارحام
	صله ی ارحام	صله ی ارحام	صله ی ارحام	N
7	نکنی
	کن|کن	کن|کن	ن+کن+ی|ن+کن+ی	V|V	دوم شخص مفرد|دوم شخص مفرد
8	کی
	کی|کی|کی	کی|کی|کی	کی|کی|کی	NA|NA|Ab	ضمیر پرسشی|ضمیر پرسشی|اختصارات
9	خواهی کرد
	کرد	کرد	خواهی+کرد	V	دوم شخص مفرد
10	؟
	؟	؟	؟	O	
11	لذا
	لذا	لذا	لذا	Ad	قید
12	صدایش
	صدا	صدا	صدا+ی+ش	N1+N	اسم + ضمیر ملکی سوم شخص مفرد
13	کردم
	کرد|کرد|کرد	کرد|کرد|کرد	کرد+م|کرد+م|کرد+م	V|N1+N|N1+V	اول شخص مفرد|اسم + ضمیر ملکی اول شخص مفرد|اسم + فعل اول شخص مفرد
14	،
	،	،	،	O	
15	سرش
	سرش	سرش	سرش	V	فعل امر مثبت
16	را
	را	را	را	Po	حرف اضافه پسین
17	خم
	خم|خم|خم	خم|خم|خم	خم|خم|خم	V|A0|N1	فعل امر مثبت|صفت|اسم
18	کرده
	کرد|کرد	کرد|کرد	کرد+ه|کرد+ه	O+O|N1+O	ریشه ماضی + ه|اسم + ه
19	وارد
	وارد	وارد	وارد	N1	اسم
20	شد
	شد	شد	شد	V	سوم شخص مفرد
21	.
	.	.	.	O	

0	دیدم
	دید|دید|دید	دید|دید|دید	دید+م|دید+م|دید+م	V|N1+N|N1+V	اول شخص مفرد|اسم + ضمیر ملکی اول شخص مفرد|اسم + فعل اول شخص مفرد
1	ماشاء‌الله
	ماشاء‌الله	ماشاء‌الله	ماشاء‌الله	N1	اسم
2	چشم
	چشم|چشم|چش	چشم|چشم|چش	چشم|چشم|چش+م	N1|Ad|V	اسم|قید|اول شخص مفرد
3	بد
	بد	بد	بد	A0	صفت
4	دور
	دور|دور	دور|دور	دور|دور	A0|N1	صفت|اسم
5	آقا
	آقا|آقا	آقا|آقا	آقا|آقا	N1|Sp	اسم|شاخص
6	واترقیده‌اند
	واترقیده اند	واترقیده اند	واترقیده اند	N
7	.
	.	.	.	O	

0	قدش
	قد|قد	قد|قد	قد+ش|قد+ش	N1+N|A0+N	اسم + ضمیر ملکی سوم شخص مفرد|صفت + ضمیر ملکی سوم شخص مفرد
1	درازتر
	دراز	دراز	دراز+تر	A0+A	صفت + علامت صفت تفضیلی
2	و
	و|و|و	و|و|و	و|و|و	C0|Ab|Al	حرف ربط|اختصارات|حروف الفبا
3	‌پک‌وپوزش
	پک وپوزش	پک وپوزش	پک وپوزش	N
4	کریه‌تر
	کریه|کری	کریه|کری	کریه+تر|کری+ه+تر	A0+A|N1+O+A	صفت + علامت صفت تفضیلی|اسم + ه + علامت صفت تفضیلی
5	شده است
	شد	شد	شد+ه+است	V	سوم شخص مفرد
6	.
	.	.	.	O	

0	گردنش
	گردن	گردن	گردن+ش	N1+N	اسم + ضمیر ملکی سوم شخص مفرد
1	مثل
	مثل|مثل|مثل|مثل	مثل|مثل|مثل|مثل	مثل|مثل|مثل|مثل	N1|N1|N1|N9	اسم|اسم|اسم|اسم موجود در ساختمان حرف اضافه و حرف ربط گروهی
2	گردن
	گردن	گردن	گردن	N1	اسم
3	همان
	همان|همان	همان|همان	همان|همان	A1|N6	صفت اشاره|ضمیر اشاره
4	غاز
	غاز	غاز	غاز	N1	اسم
5	مادر
	مادر	مادر	مادر	N1	اسم
6	مرده‌ای
	مرده|مرد|مرد	مرده|مرد|مرد	مرده+ای|مرد+ه+ای|مرد+ه+ای	A0+O|N1+O+O|V	صفت + ای|اسم + ه + ای|دوم شخص مفرد
7	که
	که|که|که|که	که|که|که|که	که|که|که|که	C0|NA|N1|N1	حرف ربط|ضمیر پرسشی|اسم|اسم
8	در
	در|در|در|در|در	در|در|در|در|در	در|در|در|در|در	Pr|V|N1|N1|VPr	حرف اضافه|فعل امر مثبت|اسم|اسم|پیشوند فعل
9	همان
	همان|همان	همان|همان	همان|همان	A1|N6	صفت اشاره|ضمیر اشاره
10	ساعت
	ساعت	ساعت	ساعت	N1	اسم
11	در
	در|در|در|در|در	در|در|در|در|در	در|در|در|در|در	Pr|V|N1|N1|VPr	حرف اضافه|فعل امر مثبت|اسم|اسم|پیشوند فعل
12	دیگ
	دیگ	دیگ	دیگ	N1	اسم
13	مشغول
	مشغول	مشغول	مشغول	A0	صفت
14	‌کباب
	کباب	کباب	کباب	N1	اسم
15	شدن
	شد	شد	شد+ن	V3+Neg	فعل اسنادی + ن
16	بود
	بود|بود|بود|بو	بود|بود|بود|بو	بود|بود|بود|بو+د	V|N1|V|V	سوم شخص مفرد|اسم|سوم شخص مفرد|سوم شخص مفرد
17	سر
	سر|سر|سر|سر|سر	سر|سر|سر|سر|سر	سر|سر|سر|سر|سر	V|N1|N1|N1|N9	فعل امر مثبت|اسم|اسم|اسم|اسم موجود در ساختمان حرف اضافه و حرف ربط گروهی
18	از
	از	از	از	Pr	حرف اضافه
19	یقه‌ی
	یقه	یقه	یقه+ی	N1+Y	اسم + ی
20	چرکین
	چرکین|چرک	چرکین|چرک	چرکین|چرک+ین	A0|A0+O	صفت|صفت + ین
21	بیرون
	بیرون	بیرون	بیرون	N1	اسم
22	دوانده بود
	دواند	دواند	دواند+ه+بود	V	سوم شخص مفرد
23	و
	و|و|و	و|و|و	و|و|و	C0|Ab|Al	حرف ربط|اختصارات|حروف الفبا
24	اگرچه
	اگرچه	اگرچه	اگرچه	C1	حرف ربط گروهی
25	به
	به|به	به|به	به|به	Pr|N1	حرف اضافه|اسم
26	حساب
	حساب	حساب	حساب	N1	اسم
27	خودش
	خودش	خودش	خودش	N	ضمیر تاکیدی/انعکاسی
28	ریش
	ریش|ری	ریش|ری	ریش|ری+ش	N1|N1+N	اسم|اسم + ضمیر ملکی سوم شخص مفرد
29	تراشیده بود
	تراشید	تراشید	تراشید+ه+بود	V	سوم شخص مفرد
30	،
	،	،	،	O	
31	اما
	اما	اما	اما	C0	حرف ربط
32	پشم‌های
	پشم	پشم	پشم+ها+ی	N1+Pl+Y	اسم + علامت جمع + ی
33	زرد
	زرد	زرد	زرد	A0	صفت
34	و
	و|و|و	و|و|و	و|و|و	C0|Ab|Al	حرف ربط|اختصارات|حروف الفبا
35	سرخ
	سرخ	سرخ	سرخ	A0	صفت
36	و
	و|و|و	و|و|و	و|و|و	C0|Ab|Al	حرف ربط|اختصارات|حروف الفبا
37	خرمایی
	خرمایی|خرما	خرمایی|خرما	خرمایی|خرما+یی	A0|N1+O	صفت|اسم + یی
38	به
	به|به	به|به	به|به	Pr|N1	حرف اضافه|اسم
39	بلندی
	بلندی|بلند|بلند|بلند|لند|بل|بل	بلندی|بلند|بلند|بلند|لند|بل|بل	بلندی|بلند+ی|بلند+ی|بلند+ی|ب+لند+ی|بل+ند+ی|بل+ند+ی	N1|A0+Y|N1+Y|N1+Y|O+N1+Y|N1+V+Y|N1+V+Y	اسم|صفت + ی|اسم + ی|اسم + ی|ب + اسم + ی|اسم + فعل سوم شخص جمع + ی|اسم + فعل سوم شخص جمع + ی
40	یک
	یک	یک	یک	No	عدد حرفی
41	انگشت
	انگشت	انگشت	انگشت	N1	اسم
42	از
	از	از	از	Pr	حرف اضافه
43	لا
	لا	لا	لا	A0	صفت
44	بلای
	لای|بلا|لا	لای|بلا|لا	ب+لای|بلا+ی|ب+لا+ی	O+N1|A0+Y|O+A0+Y	ب + اسم|صفت + ی|ب + صفت + ی
45	یقه‌ی
	یقه	یقه	یقه+ی	N1+Y	اسم + ی
46	پیراهن
	پیراهن	پیراهن	پیراهن	N1	اسم
47	،
	،	،	،	O	
48	سر
	سر|سر|سر|سر|سر	سر|سر|سر|سر|سر	سر|سر|سر|سر|سر	V|N1|N1|N1|N9	فعل امر مثبت|اسم|اسم|اسم|اسم موجود در ساختمان حرف اضافه و حرف ربط گروهی
49	به
	به|به	به|به	به|به	Pr|N1	حرف اضافه|اسم
50	درآورده
	درآورده|درآورد	درآورده|درآورد	درآورده|درآورد+ه	A0|O+O	صفت|ریشه ماضی + ه
51	و
	و|و|و	و|و|و	و|و|و	C0|Ab|Al	حرف ربط|اختصارات|حروف الفبا
52	مثل
	مثل|مثل|مثل|مثل	مثل|مثل|مثل|مثل	مثل|مثل|مثل|مثل	N1|N1|N1|N9	اسم|اسم|اسم|اسم موجود در ساختمان حرف اضافه و حرف ربط گروهی
53	کزم‌هایی
	کزم هایی	کزم هایی	کزم هایی	N
54	که
	که|که|که|که	که|که|که|که	که|که|که|که	C0|NA|N1|N1	حرف ربط|ضمیر پرسشی|اسم|اسم
55	به
	به|به	به|به	به|به	Pr|N1	حرف اضافه|اسم
56	مارچوبه‌ی
	مارچوبه	مارچوبه	مارچوبه+ی	N1+Y	اسم + ی
57	گندیده
	گندیده|گندید	گندیده|گندید	گندیده|گندید+ه	A0|O+O	صفت|ریشه ماضی + ه
58	افتاده باشند
	افتاد	افتاد	افتاد+ه+باش+ند	V	سوم شخص جمع
59	درپیرامون
	درپیرامون	درپیرامون	درپیرامون	Pr1	حرف اضافه گروهی
60	گردن
	گردن	گردن	گردن	N1	اسم
61	و
	و|و|و	و|و|و	و|و|و	C0|Ab|Al	حرف ربط|اختصارات|حروف الفبا
62	گلو
	گلو	گلو	گلو	N1	اسم
63	در
	در|در|در|در|در	در|در|در|در|در	در|در|در|در|در	Pr|V|N1|N1|VPr	حرف اضافه|فعل امر مثبت|اسم|اسم|پیشوند فعل
64	جنبش
	جنبش|جنب|جنب|جنب	جنبش|جنب|جنب|جنب	جنبش|جنب+ش|جنب+ش|جنب+ش	N1|V|N1+N|N1+N	اسم|سوم شخص مفرد|اسم + ضمیر ملکی سوم شخص مفرد|اسم + ضمیر ملکی سوم شخص مفرد
65	و
	و|و|و	و|و|و	و|و|و	C0|Ab|Al	حرف ربط|اختصارات|حروف الفبا
66	اهتزاز
	اهتزاز	اهتزاز	اهتزاز	N1	اسم
67	بودند
	بود|بود|بود	بود|بود|بود	بود+ند|بود+ند|بود+ند	V|N1+V|V	سوم شخص جمع|اسم + فعل سوم شخص جمع|سوم شخص جمع
68	.
	.	.	.	O	

0	از
	از	از	از	Pr	حرف اضافه
1	توصیف
	توصیف	توصیف	توصیف	N1	اسم
2	لباسش
	لباس	لباس	لباس+ش	N1+N	اسم + ضمیر ملکی سوم شخص مفرد
3	بهتر
	بهتر	بهتر	بهتر	A0	صفت
4	است
	است|اس	است|اس	است|اس+ت	V|N1+N	سوم شخص مفرد|اسم + ضمیر ملکی دوم شخص مفرد
5	بگذرم
	گذر|گذر|گذر	گذر|گذر|گذر	ب+گذر+م|ب+گذر+م|ب+گذر+م	V|O+N1+N|O+N1+V	اول شخص مفرد|ب + اسم + ضمیر ملکی اول شخص مفرد|ب + اسم + فعل اول شخص مفرد
6	،
	،	،	،	O	
7	ولی
	ولی|ولی|ول|ول	ولی|ولی|ول|ول	ولی|ولی|ول+ی|ول+ی	C0|N1|A0+Y|N1+Y	حرف ربط|اسم|صفت + ی|اسم + ی
8	همین‌قدر
	همین قدر	همین قدر	همین قدر	N
9	می‌دانم
	دان|می|می|می|می	دان|می|می|می|می	می+دان+م|می+دان+م|می+دان+م|می+دان+م|می+دان+م	V|N1+Pl+N|N1+Pl+V|N1+Pl+N|N1+Pl+V	اول شخص مفرد|اسم + دان + ضمیر ملکی اول شخص مفرد|اسم + دان + فعل اول شخص مفرد|اسم + دان + ضمیر ملکی اول شخص مفرد|اسم + دان + فعل اول شخص مفرد
10	که
	که|که|که|که	که|که|که|که	که|که|که|که	C0|NA|N1|N1	حرف ربط|ضمیر پرسشی|اسم|اسم
11	سر
	سر|سر|سر|سر|سر	سر|سر|سر|سر|سر	سر|سر|سر|سر|سر	V|N1|N1|N1|N9	فعل امر مثبت|اسم|اسم|اسم|اسم موجود در ساختمان حرف اضافه و حرف ربط گروهی
12	زانوهای
	زانو	زانو	زانو+ها+ی	N1+Pl+Y	اسم + علامت جمع + ی
13	شلوارش
	شلوار|شل|شل	شلوار|شل|شل	شلوار+ش|شل+وار+ش|شل+وار+ش	N1+N|V1+O+N|N1+O+N	اسم + ضمیر ملکی سوم شخص مفرد|بن مضارع + وار + ضمیر ملکی سوم شخص مفرد|اسم + وار + ضمیر ملکی سوم شخص مفرد
14	_
	_	_	_	N
15	که
	که|که|که|که	که|که|که|که	که|که|که|که	C0|NA|N1|N1	حرف ربط|ضمیر پرسشی|اسم|اسم
16	از
	از	از	از	Pr	حرف اضافه
17	بس
	بس	بس	بس	A0	صفت
18	شسته
	شسته|شست|شست	شسته|شست|شست	شسته|شست+ه|شست+ه	A0|O+O|N1+O	صفت|ریشه ماضی + ه|اسم + ه
19	شده بودند
	شد	شد	شد+ه+بود+ند	V3+O+O+V	فعل اسنادی + ه + بود + فعل سوم شخص جمع
20	به‌قدر
	قدر	قدر	به+قدر	O+A0	به + صفت
21	یک
	یک	یک	یک	No	عدد حرفی
22	وجب
	وجب	وجب	وجب	N1	اسم
23	خورد
	خورد|خورد|خور	خورد|خورد|خور	خورد|خورد|خور+د	V|N1|V	سوم شخص مفرد|اسم|سوم شخص مفرد
24	رفته بود
	رفت|رفت	رفت|رفت	رفت+ه+بود|رفت+ه+بود	V|V	سوم شخص مفرد|سوم شخص مفرد
25	چنان
	چنان	چنان	چنان	A0	صفت
26	باد
	باد	باد	باد	N1	اسم
27	کرده بود
	کرد	کرد	کرد+ه+بود	V	سوم شخص مفرد
28	که
	که|که|که|که	که|که|که|که	که|که|که|که	C0|NA|N1|N1	حرف ربط|ضمیر پرسشی|اسم|اسم
29	راستی‌راستی
	راستی راستی	راستی راستی	راستی راستی	N
30	تصور
	تصور	تصور	تصور	N1	اسم
31	کردم
	کرد|کرد|کرد	کرد|کرد|کرد	کرد+م|کرد+م|کرد+م	V|N1+N|N1+V	اول شخص مفرد|اسم + ضمیر ملکی اول شخص مفرد|اسم + فعل اول شخص مفرد
32	دو
	دو|دو|دو|دو	دو|دو|دو|دو	دو|دو|دو|دو	No|V|V|N1	عدد حرفی|فعل امر مثبت|فعل امر مثبت|اسم
33	رأس
	رأس	رأس	رأس	N1	اسم
34	هندوانه
	هندوانه|هندو	هندوانه|هندو	هندوانه|هندو+انه	N1|A0+Pl	اسم|صفت + انه
35	از
	از	از	از	Pr	حرف اضافه
36	جایی
	جایی|جا	جایی|جا	جایی|جا+یی	N1|N1+O	اسم|اسم + یی
37	کش
	کش|کش|کش	کش|کش|کش	کش|کش|کش	V|V|N1	فعل امر مثبت|فعل امر مثبت|اسم
38	رفته
	رفت|رفت	رفت|رفت	رفت+ه|رفت+ه	O+O|O+O	ریشه ماضی + ه|ریشه ماضی + ه
39	و
	و|و|و	و|و|و	و|و|و	C0|Ab|Al	حرف ربط|اختصارات|حروف الفبا
40	در
	در|در|در|در|در	در|در|در|در|در	در|در|در|در|در	Pr|V|N1|N1|VPr	حرف اضافه|فعل امر مثبت|اسم|اسم|پیشوند فعل
41	آنجا
	آنجا	آنجا	آنجا	Ad	قید
42	مخفی
	مخفی	مخفی	مخفی	A0	صفت
43	کرده است
	کرد	کرد	کرد+ه+است	V	سوم شخص مفرد
44	.
	.	.	.	O	

0	دیدم
	دید|دید|دید	دید|دید|دید	دید+م|دید+م|دید+م	V|N1+N|N1+V	اول شخص مفرد|اسم + ضمیر ملکی اول شخص مفرد|اسم + فعل اول شخص مفرد
1	زیاد
	زیاد	زیاد	زیاد	A0	صفت
2	پرت‌وبلا
	پرت وبلا	پرت وبلا	پرت وبلا	N
3	می‌گوید
	گو	گو	می+گو+ید	V	دوم شخص جمع
4	؛
	؛	؛	؛	O	
5	خواستم
	خواست|خواست|خواست	خواست|خواست|خواست	خواست+م|خواست+م|خواست+م	V|N1+N|N1+V	اول شخص مفرد|اسم + ضمیر ملکی اول شخص مفرد|اسم + فعل اول شخص مفرد
6	نوکش
	نوک|نو	نوک|نو	نوک+ش|نو+ک+ش	N1+N|A0+O+N	اسم + ضمیر ملکی سوم شخص مفرد|صفت + ک + ضمیر ملکی سوم شخص مفرد
7	را
	را	را	را	Po	حرف اضافه پسین
8	چیده
	چیده|چید	چیده|چید	چیده|چید+ه	A0|O+O	صفت|ریشه ماضی + ه
9	،
	،	،	،	O	
10	دمش
	دم|دم|دم	دم|دم|دم	دم+ش|دم+ش|دم+ش	V|N1+N|N1+N	سوم شخص مفرد|اسم + ضمیر ملکی سوم شخص مفرد|اسم + ضمیر ملکی سوم شخص مفرد
11	را
	را	را	را	Po	حرف اضافه پسین
12	روی
	روی|روی|رو|رو|رو	روی|روی|رو|رو|رو	روی|روی|رو+ی|رو+ی|رو+ی	Pr1|N1|N1+Y|V|V	حرف اضافه گروهی|اسم|اسم + ی|دوم شخص مفرد|دوم شخص مفرد
13	کولش
	کول	کول	کول+ش	N1+N	اسم + ضمیر ملکی سوم شخص مفرد
14	بگذارم
	گذار|گذار|گذار	گذار|گذار|گذار	ب+گذار+م|ب+گذار+م|ب+گذار+م	V|O+N1+N|O+N1+V	اول شخص مفرد|ب + اسم + ضمیر ملکی اول شخص مفرد|ب + اسم + فعل اول شخص مفرد
15	و
	و|و|و	و|و|و	و|و|و	C0|Ab|Al	حرف ربط|اختصارات|حروف الفبا
16	به
	به|به	به|به	به|به	Pr|N1	حرف اضافه|اسم
17	امان
	امان|ام	امان|ام	امان|ام+ان	N1|N1+Pl	اسم|اسم + ان
18	خدا
	خدا	خدا	خدا	N1	اسم
19	بسپارم
	بسپار|بسپار|سپار|سپار|سپار	بسپار|بسپار|سپار|سپار|سپار	بسپار+م|بسپار+م|ب+سپار+م|ب+سپار+م|ب+سپار+م	N1+N|N1+V|V|O+N1+N|O+N1+V	اسم + ضمیر ملکی اول شخص مفرد|اسم + فعل اول شخص مفرد|اول شخص مفرد|ب + اسم + ضمیر ملکی اول شخص مفرد|ب + اسم + فعل اول شخص مفرد
20	.
	.	.	.	O	

0	این
	این|این	این|این	این|این	A1|N6	صفت اشاره|ضمیر اشاره
1	حرف
	حرف|حرف	حرف|حرف	حرف|حرف	N1|N1	اسم|اسم
2	که
	که|که|که|که	که|که|که|که	که|که|که|که	C0|NA|N1|N1	حرف ربط|ضمیر پرسشی|اسم|اسم
3	در
	در|در|در|در|در	در|در|در|در|در	در|در|در|در|در	Pr|V|N1|N1|VPr	حرف اضافه|فعل امر مثبت|اسم|اسم|پیشوند فعل
4	بادی
	بادی|باد|دی	بادی|باد|دی	بادی|باد+ی|با+دی	Ad|N1+Y|O+N1	قید|اسم + ی|با + اسم
5	امر
	امر	امر	امر	N1	اسم
6	زیاد
	زیاد	زیاد	زیاد	A0	صفت
7	بی‌پا
	بی‌پا|پا	بی‌پا|پا	بی‌پا|بی+پا	A0|O+N1	صفت|بی + اسم
8	و
	و|و|و	و|و|و	و|و|و	C0|Ab|Al	حرف ربط|اختصارات|حروف الفبا
9	بی‌معنی
	بی‌معنی|معنی	بی‌معنی|معنی	بی‌معنی|بی+معنی	A0|O+N1	صفت|بی + اسم
10	به‌نظر
	به‌نظر	به‌نظر	به‌نظر	Pr1	حرف اضافه گروهی
11	می‌آمد
	آمد	آمد	می+آمد	V	سوم شخص مفرد
12	،
	،	،	،	O	
13	کم‌کم
	کم‌کم|کم|کم|کم|کم	کم‌کم|کم|کم|کم|کم	کم‌کم|کم+ک+م|کم+ک+م|کم+ک+م|کم+ک+م	Ad|A0+O+N|A0+O+V|N1+O+N|N1+O+V	قید|صفت + ک + ضمیر ملکی اول شخص مفرد|صفت + ک + فعل اول شخص مفرد|اسم + ک + ضمیر ملکی اول شخص مفرد|اسم + ک + فعل اول شخص مفرد
14	وقتی
	وقتی|وقت	وقتی|وقت	وقتی|وقت+ی	Ad|N1+Y	قید|اسم + ی
15	درست
	درست|درس	درست|درس	درست|درس+ت	A0|N1+N	صفت|اسم + ضمیر ملکی دوم شخص مفرد
16	آن
	آن|آن	آن|آن	آن|آن	A1|N6	صفت اشاره|ضمیر اشاره
17	را
	را	را	را	Po	حرف اضافه پسین
18	در
	در|در|در|در|در	در|در|در|در|در	در|در|در|در|در	Pr|V|N1|N1|VPr	حرف اضافه|فعل امر مثبت|اسم|اسم|پیشوند فعل
19	زوایا
	زاويه	زاويه	زاويه	N	اسم مفرد جمع مکسر
20	و
	و|و|و	و|و|و	و|و|و	C0|Ab|Al	حرف ربط|اختصارات|حروف الفبا
21	خفایای
	خفیه	خفیه	خفیه	N
22	خاطر
	خاطر|خاطر	خاطر|خاطر	خاطر|خاطر	N1|N9	اسم|اسم موجود در ساختمان حرف اضافه و حرف ربط گروهی
23	و
	و|و|و	و|و|و	و|و|و	C0|Ab|Al	حرف ربط|اختصارات|حروف الفبا
24	مخیله
	مخیله	مخیله	مخیله	N1	اسم
25	نشخوار
	نشخوار	نشخوار	نشخوار	N1	اسم
26	کردم
	کرد|کرد|کرد	کرد|کرد|کرد	کرد+م|کرد+م|کرد+م	V|N1+N|N1+V	اول شخص مفرد|اسم + ضمیر ملکی اول شخص مفرد|اسم + فعل اول شخص مفرد
27	،
	،	،	،	O	
28	معلوم
	معلوم	معلوم	معلوم	A0	صفت
29	شد
	شد	شد	شد	V	سوم شخص مفرد
30	آن
	آن|آن	آن|آن	آن|آن	A1|N6	صفت اشاره|ضمیر اشاره
31	قدرها
	قدر|قدر	قدر|قدر	قدر+ها|قدر+ها	N1+Pl|A0+Pl	اسم + علامت جمع|صفت + علامت جمع
32	هم
	هم|هم|هم	هم|هم|هم	هم|هم|هم	Ad|C0|N	قید|حرف ربط|ضمیر مشترک/متقابل
33	نامعقول
	نامعقول|معقول	نامعقول|معقول	نامعقول|نا+معقول	A0|Neg+A0	صفت|نا + صفت
34	نیست
	نیست|است|نی	نیست|است|نی	نیست|نی+است|نی+ست	N1|V|N1+N	اسم|سوم شخص مفرد|اسم + ضمیر ملکی سوم شخص مفرد
35	و
	و|و|و	و|و|و	و|و|و	C0|Ab|Al	حرف ربط|اختصارات|حروف الفبا
36	نباید
	باید	باید	ن+باید	Neg+V4	ن + فعل وجه نما
37	زیاد
	زیاد	زیاد	زیاد	A0	صفت
38	سرسری
	سرسری	سرسری	سرسری	A0	صفت
39	گرفت
	گرفت|گرفت	گرفت|گرفت	گرفت|گرفت	V|N1	سوم شخص مفرد|اسم
40	.
	.	.	.	O	

0	هرچه
	هرچه	هرچه	هرچه	Ad	قید
1	بیش‌تر
	بیشتر|بیش|شتر	بیشتر|بیش|شتر	بیشتر|بیش+تر|بی+شتر	A0|A0+A|O+N1	صفت|صفت + علامت صفت تفضیلی|بی + اسم
2	در
	در|در|در|در|در	در|در|در|در|در	در|در|در|در|در	Pr|V|N1|N1|VPr	حرف اضافه|فعل امر مثبت|اسم|اسم|پیشوند فعل
3	این
	این|این	این|این	این|این	A1|N6	صفت اشاره|ضمیر اشاره
4	باب
	باب|باب	باب|باب	باب|باب	N1|N9	اسم|اسم موجود در ساختمان حرف اضافه و حرف ربط گروهی
5	دقیق
	دقیق	دقیق	دقیق	A0	صفت
6	شدم
	شد	شد	شد+م	V	اول شخص مفرد
7	یک
	یک	یک	یک	No	عدد حرفی
8	نوع
	نوع	نوع	نوع	N1	اسم
9	امیدواری
	امیدواری|امیدوار|امید	امیدواری|امیدوار|امید	امیدواری|امیدوار+ی|امید+وار+ی	N1|A0+Y|A0+O+Y	اسم|صفت + ی|صفت + وار + ی
10	در
	در|در|در|در|در	در|در|در|در|در	در|در|در|در|در	Pr|V|N1|N1|VPr	حرف اضافه|فعل امر مثبت|اسم|اسم|پیشوند فعل
11	خود
	خود|خود	خود|خود	خود|خود	N|N1	ضمیر مشترک/متقابل|اسم
12	حس
	حس	حس	حس	N1	اسم
13	نمودم
	نمود|نمود|نمود|مو	نمود|نمود|نمود|مو	نمود+م|نمود+م|نمود+م|ن+مو+د+م	V|N1+N|N1+V|V	اول شخص مفرد|اسم + ضمیر ملکی اول شخص مفرد|اسم + فعل اول شخص مفرد|سوم شخص مفرد
14	و
	و|و|و	و|و|و	و|و|و	C0|Ab|Al	حرف ربط|اختصارات|حروف الفبا
15	ستاره‌ی
	ستاره	ستاره	ستاره+ی	N1+Y	اسم + ی
16	ضعیفی
	ضعیفی|ضعیف	ضعیفی|ضعیف	ضعیفی|ضعیف+ی	N1|A0+Y	اسم|صفت + ی
17	در
	در|در|در|در|در	در|در|در|در|در	در|در|در|در|در	Pr|V|N1|N1|VPr	حرف اضافه|فعل امر مثبت|اسم|اسم|پیشوند فعل
18	شبستان
	شبستان|شب	شبستان|شب	شبستان|شب+ستان	N1|N1+Pl	اسم|اسم + ستان
19	تیره
	تیره|تیر	تیره|تیر	تیره|تیر+ه	A0|N1+O	صفت|اسم + ه
20	و
	و|و|و	و|و|و	و|و|و	C0|Ab|Al	حرف ربط|اختصارات|حروف الفبا
21	تار
	تار|تار|تار	تار|تار|تار	تار|تار|تار	V|A0|N1	فعل امر مثبت|صفت|اسم
22	درونم
	درون|درون|در|در|در|در	درون|درون|در|در|در|در	درون+م|درون+م|در+ون+م|در+ون+م|در+ون+م|در+ون+م	N1+N|N1+V|N1+Pl+N|N1+Pl+V|N1+Pl+N|N1+Pl+V	اسم + ضمیر ملکی اول شخص مفرد|اسم + فعل اول شخص مفرد|اسم + علامت جمع + ضمیر ملکی اول شخص مفرد|اسم + علامت جمع + فعل اول شخص مفرد|اسم + علامت جمع + ضمیر ملکی اول شخص مفرد|اسم + علامت جمع + فعل اول شخص مفرد
23	درخشیدن
	درخشید	درخشید	درخشید+ن	V2+Neg	بن ماضی + ن
24	گرفت
	گرفت|گرفت	گرفت|گرفت	گرفت|گرفت	V|N1	سوم شخص مفرد|اسم
25	.
	.	.	.	O	

0	رفته‌رفته
	رفته‌رفته	رفته‌رفته	رفته‌رفته	Ad	قید
1	سردماغ
	سردماغ	سردماغ	سردماغ	A0	صفت
2	آمدم
	آمد|آمد|آمد	آمد|آمد|آمد	آمد+م|آمد+م|آمد+م	V|N1+N|N1+V	اول شخص مفرد|اسم + ضمیر ملکی اول شخص مفرد|اسم + فعل اول شخص مفرد
3	و
	و|و|و	و|و|و	و|و|و	C0|Ab|Al	حرف ربط|اختصارات|حروف الفبا
4	خندان
	خندان|خندان|خند	خندان|خندان|خند	خندان|خندان|خند+ان	V|A0|V1+Pl	فعل امر مثبت|صفت|بن مضارع + ان
5	و
	و|و|و	و|و|و	و|و|و	C0|Ab|Al	حرف ربط|اختصارات|حروف الفبا
6	شادمان
	شادمان|شاد	شادمان|شاد	شادمان|شاد+مان	A0|A0+N	صفت|صفت + ضمیر ملکی اول شخص جمع
7	روبه
	روبه|روب	روبه|روب	روبه|روب+ه	N1|V1+O	اسم|بن مضارع + ه
8	مصطفی
	مصطفی	مصطفی	مصطفی	N3	اسم خاص اشخاص
9	نموده
	نموده|نمود|نمود	نموده|نمود|نمود	نموده|نمود+ه|نمود+ه	A0|O+O|N1+O	صفت|ریشه ماضی + ه|اسم + ه
10	گفتم
	گفت|گفت|گفت	گفت|گفت|گفت	گفت+م|گفت+م|گفت+م	V|N1+N|N1+V	اول شخص مفرد|اسم + ضمیر ملکی اول شخص مفرد|اسم + فعل اول شخص مفرد
11	اولین
	اولین|اول	اولین|اول	اولین|اول+ین	A0|A0+O	صفت|صفت + ین
12	بار
	بار|بار	بار|بار	بار|بار	V|N1	فعل امر مثبت|اسم
13	است
	است|اس	است|اس	است|اس+ت	V|N1+N	سوم شخص مفرد|اسم + ضمیر ملکی دوم شخص مفرد
14	که
	که|که|که|که	که|که|که|که	که|که|که|که	C0|NA|N1|N1	حرف ربط|ضمیر پرسشی|اسم|اسم
15	از
	از	از	از	Pr	حرف اضافه
16	تو
	تو|تو|تو	تو|تو|تو	تو|تو|تو	N5|Ad|N1	ضمیر فاعلی|قید|اسم
17	یک
	یک	یک	یک	No	عدد حرفی
18	کلمه
	کلمه|کلم	کلمه|کلم	کلمه|کلم+ه	N1|N1+O	اسم|اسم + ه
19	حرف
	حرف|حرف	حرف|حرف	حرف|حرف	N1|N1	اسم|اسم
20	حسابی
	حسابی|حساب	حسابی|حساب	حسابی|حساب+ی	A0|N1+Y	صفت|اسم + ی
21	می‌شنوم
	شنو|شنو	شنو|شنو	می+شنو+م|می+شنو+م	V|V	اول شخص مفرد|اول شخص مفرد
22	ولی
	ولی|ولی|ول|ول	ولی|ولی|ول|ول	ولی|ولی|ول+ی|ول+ی	C0|N1|A0+Y|N1+Y	حرف ربط|اسم|صفت + ی|اسم + ی
23	به‌نظرم
	به نظرم	به نظرم	به نظرم	N
24	این
	این|این	این|این	این|این	A1|N6	صفت اشاره|ضمیر اشاره
25	گره
	گره|گر|گر	گره|گر|گر	گره|گر+ه|گر+ه	N1|V1+O|N1+O	اسم|بن مضارع + ه|اسم + ه
26	فقط
	فقط	فقط	فقط	Ad	قید
27	به
	به|به	به|به	به|به	Pr|N1	حرف اضافه|اسم
28	دست
	دست|دست	دست|دست	دست|دست	N1|N9	اسم|اسم موجود در ساختمان حرف اضافه و حرف ربط گروهی
29	خودت
	خودت	خودت	خودت	N	ضمیر تاکیدی/انعکاسی
30	گشوده خواهد شد
	گشود	گشود	گشود+ه+خواه+د+شد	V	سوم شخص مفرد
31	.
	.	.	.	O	

0	باید
	باید	باید	باید	V4	فعل وجه نما
1	خودت
	خودت	خودت	خودت	N	ضمیر تاکیدی/انعکاسی
2	مهارت
	مهارت|مهار	مهارت|مهار	مهارت|مهار+ت	N1|N1+N	اسم|اسم + ضمیر ملکی دوم شخص مفرد
3	به
	به|به	به|به	به|به	Pr|N1	حرف اضافه|اسم
4	خرج
	خرج	خرج	خرج	N1	اسم
5	بدهی
	بدهی|ده|ده|ده	بدهی|ده|ده|ده	بدهی|ب+ده+ی|ب+ده+ی|ب+ده+ی	N1|V|O+No+Y|O+N1+Y	اسم|دوم شخص مفرد|ب + عدد حرفی + ی|ب + اسم + ی
6	که
	که|که|که|که	که|که|که|که	که|که|که|که	C0|NA|N1|N1	حرف ربط|ضمیر پرسشی|اسم|اسم
7	احدی
	احدی|احد	احدی|احد	احدی|احد+ی	N4|A0+Y	اسم فامیل|صفت + ی
8	از
	از	از	از	Pr	حرف اضافه
9	مهمانان
	مهمان	مهمان	مهمان+ان	N1+Pl	اسم + ان
10	درصدد
	درصدد	درصدد	درصدد	Pr1	حرف اضافه گروهی
11	دست‌زدن
	دست زدن	دست زدن	دست زدن	N
12	به
	به|به	به|به	به|به	Pr|N1	حرف اضافه|اسم
13	این
	این|این	این|این	این|این	A1|N6	صفت اشاره|ضمیر اشاره
14	غاز
	غاز	غاز	غاز	N1	اسم
15	برنیاید
	بر|بر|بر|بر	بر|بر|بر|بر	بر+نی+اید|بر+نی+اید|بر+نی+اید|بر+نی+اید	V1+O+V|V1+O+V|VPr+O+V|N1+O+V	بن مضارع + نی + فعل دوم شخص جمع|بن مضارع + نی + فعل دوم شخص جمع|پیشوند فعل + نی + فعل دوم شخص جمع|اسم + نی + فعل دوم شخص جمع
16	.
	.	.	.	O	

0	فردای
	فردا	فردا	فردا	N
1	آن
	آن|آن	آن|آن	آن|آن	A1|N6	صفت اشاره|ضمیر اشاره
2	روزبه
	روزبه	روزبه	روزبه	N3	اسم خاص اشخاص
3	خاطرم
	خاطر|خاطر	خاطر|خاطر	خاطر+م|خاطر+م	N1+N|N1+V	اسم + ضمیر ملکی اول شخص مفرد|اسم + فعل اول شخص مفرد
4	آمد
	آمد|آمد	آمد|آمد	آمد|آمد	V|N1	سوم شخص مفرد|اسم
5	که
	که|که|که|که	که|که|که|که	که|که|که|که	C0|NA|N1|N1	حرف ربط|ضمیر پرسشی|اسم|اسم
6	دیروز
	دیروز	دیروز	دیروز	Ad	قید
7	یک
	یک	یک	یک	No	عدد حرفی
8	دست
	دست|دست	دست|دست	دست|دست	N1|N9	اسم|اسم موجود در ساختمان حرف اضافه و حرف ربط گروهی
9	از
	از	از	از	Pr	حرف اضافه
10	بهترین
	بهترین|بهتر	بهترین|بهتر	بهترین|بهتر+ین	A0|A0+O	صفت|صفت + ین
11	لباس‌های
	لباس	لباس	لباس+ها+ی	N1+Pl+Y	اسم + علامت جمع + ی
12	نو
	نو|نو	نو|نو	نو|نو	V|A0	فعل امر مثبت|صفت
13	دوز
	دوز|دوز	دوز|دوز	دوز|دوز	V|N1	فعل امر مثبت|اسم
14	خود
	خود|خود	خود|خود	خود|خود	N|N1	ضمیر مشترک/متقابل|اسم
15	را
	را	را	را	Po	حرف اضافه پسین
16	با
	با	با	با	Pr	حرف اضافه
17	کلیه‌ی
	کلیه|کلیه|کلی	کلیه|کلیه|کلی	کلیه+ی|کلیه+ی|کلی+ه+ی	Ad+Y|N1+Y|A0+O+Y	قید + ی|اسم + ی|صفت + ه + ی
18	متفرعات
	متفرع	متفرع	متفرع+ات	A0+Pl	صفت + علامت جمع
19	به
	به|به	به|به	به|به	Pr|N1	حرف اضافه|اسم
20	انضمام
	انضمام	انضمام	انضمام	N1	اسم
21	مایحتوی
	مایحتوی	مایحتوی	مایحتوی	N
22	یعنی
	یعنی	یعنی	یعنی	C0	حرف ربط
23	آقای
	آقا	آقا	آقا+ی	N1+Y	اسم + ی
24	استادی
	استادی|استاد	استادی|استاد	استادی|استاد+ی	N1|A0+Y	اسم|صفت + ی
25	مصطفی‌خان
	مصطفی خان	مصطفی خان	مصطفی خان	N
26	به
	به|به	به|به	به|به	Pr|N1	حرف اضافه|اسم
27	دست
	دست|دست	دست|دست	دست|دست	N1|N9	اسم|اسم موجود در ساختمان حرف اضافه و حرف ربط گروهی
28	چلاق‌شده‌ی
	چلاق شده ی	چلاق شده ی	چلاق شده ی	N
29	خودم
	خودم	خودم	خودم	N	ضمیر تاکیدی/انعکاسی
30	از
	از	از	از	Pr	حرف اضافه
31	خانه
	خانه|خان	خانه|خان	خانه|خان+ه	N1|N1+O	اسم|اسم + ه
32	بیرون
	بیرون	بیرون	بیرون	N1	اسم
33	انداخته‌ام
	انداخته|انداخته|انداخت	انداخته|انداخته|انداخت	انداخته+ام|انداخته+ام|انداخت+ه+ام	A0+N|A0+V|V	صفت + ضمیر ملکی اول شخص مفرد|صفت + فعل اول شخص مفرد|اول شخص مفرد
34	.
	.	.	.	O	

0	ولی
	ولی|ولی|ول|ول	ولی|ولی|ول|ول	ولی|ولی|ول+ی|ول+ی	C0|N1|A0+Y|N1+Y	حرف ربط|اسم|صفت + ی|اسم + ی
1	چون‌که
	چون‌که	چون‌که	چون‌که	C1	حرف ربط گروهی
2	تیری
	تیر	تیر	تیر+ی	N1+Y	اسم + ی
3	که
	که|که|که|که	که|که|که|که	که|که|که|که	C0|NA|N1|N1	حرف ربط|ضمیر پرسشی|اسم|اسم
4	از
	از	از	از	Pr	حرف اضافه
5	شست
	شست|شست	شست|شست	شست|شست	V|N1	سوم شخص مفرد|اسم
6	رفته
	رفت|رفت	رفت|رفت	رفت+ه|رفت+ه	O+O|O+O	ریشه ماضی + ه|ریشه ماضی + ه
7	بازنمی‌گردد
	بازگرد	بازگرد	نمی+بازگرد+د	V	سوم شخص مفرد
8	،
	،	،	،	O	
9	یک‌بار
	یک بار	یک بار	یک بار	N
10	دیگر
	دیگر|دیگر|دی	دیگر|دیگر|دی	دیگر|دیگر|دی+گر	Ad|A2|N1+O	قید|صفت مبهم|اسم + گر
11	به
	به|به	به|به	به|به	Pr|N1	حرف اضافه|اسم
12	کلام
	کلام	کلام	کلام	N1	اسم
13	بلندپایه‌ی
	بلندپایه	بلندپایه	بلندپایه+ی	A0+Y	صفت + ی
14	«
	«	«	«	O	
15	از
	از	از	از	Pr	حرف اضافه
16	ماست
	ماست|ماس	ماست|ماس	ماست|ماس+ت	N1|N1+N	اسم|اسم + ضمیر ملکی دوم شخص مفرد
17	که
	که|که|که|که	که|که|که|که	که|که|که|که	C0|NA|N1|N1	حرف ربط|ضمیر پرسشی|اسم|اسم
18	بر
	بر|بر|بر|بر|بر	بر|بر|بر|بر|بر	بر|بر|بر|بر|بر	Pr|V|V|VPr|N1	حرف اضافه|فعل امر مثبت|فعل امر مثبت|پیشوند فعل|اسم
19	ماست
	ماست|ماس	ماست|ماس	ماست|ماس+ت	N1|N1+N	اسم|اسم + ضمیر ملکی دوم شخص مفرد
20	»
	»	»	»	O	
21	ایمان
	ایمان	ایمان	ایمان	N1	اسم
22	آوردم
	آورد|آور	آورد|آور	آورد+م|آور+د+م	V|V	اول شخص مفرد|سوم شخص مفرد
23	و
	و|و|و	و|و|و	و|و|و	C0|Ab|Al	حرف ربط|اختصارات|حروف الفبا
24	پشت
	پشت|پش	پشت|پش	پشت|پش+ت	N1|N1+N	اسم|اسم + ضمیر ملکی دوم شخص مفرد
25	دستم
	دست|دست	دست|دست	دست+م|دست+م	N1+N|N1+V	اسم + ضمیر ملکی اول شخص مفرد|اسم + فعل اول شخص مفرد
26	را
	را	را	را	Po	حرف اضافه پسین
27	داغ
	داغ	داغ	داغ	A0	صفت
28	کردم
	کرد|کرد|کرد	کرد|کرد|کرد	کرد+م|کرد+م|کرد+م	V|N1+N|N1+V	اول شخص مفرد|اسم + ضمیر ملکی اول شخص مفرد|اسم + فعل اول شخص مفرد
29	که
	که|که|که|که	که|که|که|که	که|که|که|که	C0|NA|N1|N1	حرف ربط|ضمیر پرسشی|اسم|اسم
30	تا
	تا|تا|تا	تا|تا|تا	تا|تا|تا	Pr|C0|Ab	حرف اضافه|حرف ربط|اختصارات
31	من
	من	من	من	N5	ضمیر فاعلی
32	باشم
	باش|شم	باش|شم	باش+م|با+شم	V|O+N1	اول شخص مفرد|با + اسم
33	دیگر
	دیگر|دیگر|دی	دیگر|دیگر|دی	دیگر|دیگر|دی+گر	Ad|A2|N1+O	قید|صفت مبهم|اسم + گر
34	پیرامون
	پیرامون|پیرامون	پیرامون|پیرامون	پیرامون|پیرامون	N1|N9	اسم|اسم موجود در ساختمان حرف اضافه و حرف ربط گروهی
35	ترفیع
	ترفیع	ترفیع	ترفیع	N1	اسم
36	رتبه
	رتبه	رتبه	رتبه	N1	اسم
36	نگردم
	گرد|نگر|گر	گرد|نگر|گر	ن+گرد+م|نگر+د+م|ن+گر+د+م	V|V|V	اول شخص مفرد|سوم شخص مفرد|سوم شخص مفرد
37	!
	!	!	!	O	

