0	می‌اندیشم	اندیش|می|می|می|می	اندیش|می|می|می|می	می+اندیش+م|می+اند+ی+ش+م|می+اند+ی+ش+م|می+اند+ی+ش+م|می+اند+ی+ش+م	V|N1+V+Y+N+N|N1+V+Y+N+V|N1+V+Y+N+N|N1+V+Y+N+V	اول شخص مفرد|اسم + فعل سوم شخص جمع + ی + ضمیر ملکی سوم شخص مفرد + ضمیر ملکی اول شخص مفرد|اسم + فعل سوم شخص جمع + ی + ضمیر ملکی سوم شخص مفرد + فعل اول شخص مفرد|اسم + فعل سوم شخص جمع + ی + ضمیر ملکی سوم شخص مفرد + ضمیر ملکی اول شخص مفرد|اسم + فعل سوم شخص جمع + ی + ضمیر ملکی سوم شخص مفرد + فعل اول شخص مفرد
1	که	که|که|که|که	که|که|که|که	که|که|که|که	C0|NA|N1|N1	حرف ربط|ضمیر پرسشی|اسم|اسم
2	به	به|به	به|به	به|به	Pr|N1	حرف اضافه|اسم
3	لطایف‌حیل	لطایف حیل	لطایف حیل	لطایف حیل	N
4	و	و|و|و	و|و|و	و|و|و	C0|Ab|Al	حرف ربط|اختصارات|حروف الفبا
5	بدایع	بدایع	بدایع	بدایع	N1	اسم
6	تمویهات	تمویهات	تمویهات	تمویهات	N
7	گرد	گرد|گرد|گرد|گرد|گر	گرد|گرد|گرد|گرد|گر	گرد|گرد|گرد|گرد|گر+د	V|A0|N1|A0|V	فعل امر مثبت|صفت|اسم|صفت|سوم شخص مفرد
8	این	این|این	این|این	این|این	A1|N6	صفت اشاره|ضمیر اشاره
9	غرض	غرض	غرض	غرض	N1	اسم
10	درآیم	درآی	درآی	درآی+م	V	اول شخص مفرد
11	و	و|و|و	و|و|و	و|و|و	C0|Ab|Al	حرف ربط|اختصارات|حروف الفبا
12	به	به|به	به|به	به|به	Pr|N1	حرف اضافه|اسم
13	هر	هر	هر	هر	A1	صفت اشاره
14	وجه	وجه|وج	وجه|وج	وجه|وج+ه	N1|N1+O	اسم|اسم + ه
15	که	که|که|که|که	که|که|که|که	که|که|که|که	C0|NA|N1|N1	حرف ربط|ضمیر پرسشی|اسم|اسم
16	ممکن	ممکن	ممکن	ممکن	A0	صفت
17	گردد	گرد	گرد	گرد+د	V	سوم شخص مفرد
18	بکوشم	کوش|کوش|کوش	کوش|کوش|کوش	ب+کوش+م|ب+کوش+م|ب+کوش+م	V|O+N1+N|O+N1+V	اول شخص مفرد|ب + اسم + ضمیر ملکی اول شخص مفرد|ب + اسم + فعل اول شخص مفرد
19	تا	تا|تا|تا	تا|تا|تا	تا|تا|تا	Pr|C0|Ab	حرف اضافه|حرف ربط|اختصارات
20	او	او|او	او|او	او|او	N5|Ab	ضمیر فاعلی|اختصارات
21	را	را	را	را	Po	حرف اضافه پسین
22	در	در|در|در|در|در	در|در|در|در|در	در|در|در|در|در	Pr|V|N1|N1|VPr	حرف اضافه|فعل امر مثبت|اسم|اسم|پیشوند فعل
23	گردانم	گردان|گردان|گردان|گردان|گردان|گرد|گرد|گر|گر	گردان|گردان|گردان|گردان|گردان|گرد|گرد|گر|گر	گردان+م|گردان+م|گردان+م|گردان+م|گردان+م|گرد+ان+م|گرد+ان+م|گر+د+ان+م|گر+د+ان+م	V|N1+N|N1+V|A0+N|A0+V|V1+Pl+N|V1+Pl+V|V1+O+Pl+N|V1+O+Pl+V	اول شخص مفرد|اسم + ضمیر ملکی اول شخص مفرد|اسم + فعل اول شخص مفرد|صفت + ضمیر ملکی اول شخص مفرد|صفت + فعل اول شخص مفرد|بن مضارع + ان + ضمیر ملکی اول شخص مفرد|بن مضارع + ان + فعل اول شخص مفرد|بن مضارع + د + ان + ضمیر ملکی اول شخص مفرد|بن مضارع + د + ان + فعل اول شخص مفرد
24	،	،	،	،	Si	
25	که	که|که|که|که	که|که|که|که	که|که|که|که	C0|NA|N1|N1	حرف ربط|ضمیر پرسشی|اسم|اسم
26	اهمال	اهمال	اهمال	اهمال	N1	اسم
27	و	و|و|و	و|و|و	و|و|و	C0|Ab|Al	حرف ربط|اختصارات|حروف الفبا
28	تقصیر	تقصیر	تقصیر	تقصیر	N1	اسم
29	را	را	را	را	Po	حرف اضافه پسین
30	در	در|در|در|در|در	در|در|در|در|در	در|در|در|در|در	Pr|V|N1|N1|VPr	حرف اضافه|فعل امر مثبت|اسم|اسم|پیشوند فعل
31	مذهب	مذهب|مذهب|مذهب	مذهب|مذهب|مذهب	مذهب|مذهب|مذهب	N1|N1|A0	اسم|اسم|صفت
32	حمیت	حمیت	حمیت	حمیت	N1	اسم
33	رخصت	رخصت	رخصت	رخصت	N1	اسم
34	نبینم	بین	بین	ن+بین+م	V	اول شخص مفرد
35	و	و|و|و	و|و|و	و|و|و	C0|Ab|Al	حرف ربط|اختصارات|حروف الفبا
36	اگر	اگر	اگر	اگر	C0	حرف ربط
37	غفلتی	غفلت	غفلت	غفلت+ی	N1+Y	اسم + ی
38	روا	روا	روا	روا	A0	صفت
39	دارم	دار|دار|دار	دار|دار|دار	دار+م|دار+م|دار+م	V|N1+N|N1+V	اول شخص مفرد|اسم + ضمیر ملکی اول شخص مفرد|اسم + فعل اول شخص مفرد
40	به	به|به	به|به	به|به	Pr|N1	حرف اضافه|اسم
41	نزدیک	نزدیک|نزدیک	نزدیک|نزدیک	نزدیک|نزدیک	A0|N9	صفت|اسم موجود در ساختمان حرف اضافه و حرف ربط گروهی
42	اصحاب	صاحب	صاحب	صاحب	N	اسم مفرد جمع مکسر
43	مروت	مروت|مرو	مروت|مرو	مروت|مرو+ت	N1|N2+N	اسم|اسم خاص مکان + ضمیر ملکی دوم شخص مفرد
44	معذور	معذور	معذور	معذور	A0	صفت
45	نباشم	باش	باش	ن+باش+م	V	اول شخص مفرد
46	.	.	.	.	Si	

0	و	و|و|و	و|و|و	و|و|و	C0|Ab|Al	حرف ربط|اختصارات|حروف الفبا
1	نیز	نیز|آز	نیز|آز	نیز|نی+آز	Ad|V	قید|فعل امر منفی
2	منزلتی	منزلتی|منزلت	منزلتی|منزلت	منزلتی|منزلت+ی	N1|N1+Y	اسم|اسم + ی
3	تو	تو|تو|تو	تو|تو|تو	تو|تو|تو	N5|Ad|N1	ضمیر فاعلی|قید|اسم
4	نمی‌جویم	جو|جو	جو|جو	نمی+جو+یم|نمی+جو+یم	V|V	اول شخص جمع|اول شخص جمع
5	و	و|و|و	و|و|و	و|و|و	C0|Ab|Al	حرف ربط|اختصارات|حروف الفبا
6	در	در|در|در|در|در	در|در|در|در|در	در|در|در|در|در	Pr|V|N1|N1|VPr	حرف اضافه|فعل امر مثبت|اسم|اسم|پیشوند فعل
7	طلب	طلب|طلب	طلب|طلب	طلب|طلب	V|N1	فعل امر مثبت|اسم
8	زیادتی	زیادتی|زیادت	زیادتی|زیادت	زیادتی|زیادت+ی	A0|N1+Y	صفت|اسم + ی
9	قدم	قدم|قدم|قد|قد|قد|قد	قدم|قدم|قد|قد|قد|قد	قدم|قدم|قد+م|قد+م|قد+م|قد+م	N1|N1|N1+N|N1+V|A0+N|A0+V	اسم|اسم|اسم + ضمیر ملکی اول شخص مفرد|اسم + فعل اول شخص مفرد|صفت + ضمیر ملکی اول شخص مفرد|صفت + فعل اول شخص مفرد
10	نمی‌گزارم	گزار	گزار	نمی+گزار+م	V	اول شخص مفرد
11	که	که|که|که|که	که|که|که|که	که|که|که|که	C0|NA|N1|N1	حرف ربط|ضمیر پرسشی|اسم|اسم
12	به	به|به	به|به	به|به	Pr|N1	حرف اضافه|اسم
13	حرص	حرص	حرص	حرص	N1	اسم
14	و	و|و|و	و|و|و	و|و|و	C0|Ab|Al	حرف ربط|اختصارات|حروف الفبا
15	گرم‌شکمی	گرم شکمی	گرم شکمی	گرم شکمی	N
16	منسوب	منسوب	منسوب	منسوب	N1	اسم
17	شوم	شوم|شو|شو|شو|شو	شوم|شو|شو|شو|شو	شوم|شو+م|شو+م|شو+م|شو+م	A0|V|V|N1+N|N1+V	صفت|اول شخص مفرد|اول شخص مفرد|اسم + ضمیر ملکی اول شخص مفرد|اسم + فعل اول شخص مفرد
18	.	.	.	.	Si	

0	و	و|و|و	و|و|و	و|و|و	C0|Ab|Al	حرف ربط|اختصارات|حروف الفبا
1	شاید	شاید|شاید|شا	شاید|شاید|شا	شاید|شاید|شا+ی+د	V|Ad|V	سوم شخص مفرد|قید|سوم شخص مفرد
2	بود	بود|بود|بود|بو	بود|بود|بود|بو	بود|بود|بود|بو+د	V|N1|V|V	سوم شخص مفرد|اسم|سوم شخص مفرد|سوم شخص مفرد
3	که	که|که|که|که	که|که|که|که	که|که|که|که	C0|NA|N1|N1	حرف ربط|ضمیر پرسشی|اسم|اسم
4	چون	چون|چون	چون|چون	چون|چون	C0|Pr	حرف ربط|حرف اضافه
5	صورت	صورت|صورت|صور|صور	صورت|صورت|صور|صور	صورت|صورت|صور+ت|صور+ت	N1|N9|N1+N|N1+N	اسم|اسم موجود در ساختمان حرف اضافه و حرف ربط گروهی|اسم + ضمیر ملکی دوم شخص مفرد|اسم + ضمیر ملکی دوم شخص مفرد
6	حال	حال	حال	حال	N1	اسم
7	بشناخت	شناخت|شناخت	شناخت|شناخت	ب+شناخت|ب+شناخت	V|O+N1	سوم شخص مفرد|ب + اسم
8	و	و|و|و	و|و|و	و|و|و	C0|Ab|Al	حرف ربط|اختصارات|حروف الفبا
9	فضیحت	فضیحت	فضیحت	فضیحت	N1	اسم
10	خود	خود|خود	خود|خود	خود|خود	N|N1	ضمیر مشترک/متقابل|اسم
11	بدید	دید|دید|بد	دید|دید|بد	ب+دید|ب+دید|بد+ید	V|O+N1|A0+V	سوم شخص مفرد|ب + اسم|صفت + فعل دوم شخص جمع
12	به	به|به	به|به	به|به	Pr|N1	حرف اضافه|اسم
13	مکابره	مکابره	مکابره	مکابره	N
14	درآید	درآی	درآی	درآی+د	V	سوم شخص مفرد
15	،	،	،	،	Si	
16	ساخته	ساخته|ساخت|ساخت	ساخته|ساخت|ساخت	ساخته|ساخت+ه|ساخت+ه	A0|O+O|N1+O	صفت|ریشه ماضی + ه|اسم + ه
17	و	و|و|و	و|و|و	و|و|و	C0|Ab|Al	حرف ربط|اختصارات|حروف الفبا
18	بسیجیده	بسیجید	بسیجید	بسیجید+ه	O+O	ریشه ماضی + ه
19	جنگ	جنگ|جنگ|جنگ	جنگ|جنگ|جنگ	جنگ|جنگ|جنگ	V|N1|N1	فعل امر مثبت|اسم|اسم
20	آغازد	آغاز	آغاز	آغاز+د	V	سوم شخص مفرد
21	،	،	،	،	Si	
22	یا	یا|یا	یا|یا	یا|یا	C0|Intj	حرف ربط|صوت
23	مستعد	مستعد	مستعد	مستعد	A0	صفت
24	و	و|و|و	و|و|و	و|و|و	C0|Ab|Al	حرف ربط|اختصارات|حروف الفبا
25	متشمر	متشمر	متشمر	متشمر	N
26	روی	روی|روی|رو|رو|رو	روی|روی|رو|رو|رو	روی|روی|رو+ی|رو+ی|رو+ی	Pr1|N1|N1+Y|V|V	حرف اضافه گروهی|اسم|اسم + ی|دوم شخص مفرد|دوم شخص مفرد
27	بگرداند	گرداند|گردان	گرداند|گردان	ب+گرداند|ب+گردان+د	V|V	سوم شخص مفرد|سوم شخص مفرد
28	.	.	.	.	Si	

0	و	و|و|و	و|و|و	و|و|و	C0|Ab|Al	حرف ربط|اختصارات|حروف الفبا
1	اصحاب	صاحب	صاحب	صاحب	N	اسم مفرد جمع مکسر
2	حزم	حزم	حزم	حزم	N1	اسم
3	گناه	گناه	گناه	گناه	N1	اسم
4	ظاهر	ظاهر	ظاهر	ظاهر	N1	اسم
5	را	را	را	را	Po	حرف اضافه پسین
6	عقوبت	عقوبت	عقوبت	عقوبت	N1	اسم
7	مستور	مستور|مس	مستور|مس	مستور|مس+ت+ور	A0|N1+N+O	صفت|اسم + ضمیر ملکی دوم شخص مفرد + ور
8	و	و|و|و	و|و|و	و|و|و	C0|Ab|Al	حرف ربط|اختصارات|حروف الفبا
9	جرم	جرم|جرم|جر|جر|جر|جر	جرم|جرم|جر|جر|جر|جر	جرم|جرم|جر+م|جر+م|جر+م|جر+م	N1|N1|N1+N|N1+V|N1+N|N1+V	اسم|اسم|اسم + ضمیر ملکی اول شخص مفرد|اسم + فعل اول شخص مفرد|اسم + ضمیر ملکی اول شخص مفرد|اسم + فعل اول شخص مفرد
10	مستور	مستور|مس	مستور|مس	مستور|مس+ت+ور	A0|N1+N+O	صفت|اسم + ضمیر ملکی دوم شخص مفرد + ور
11	را	را	را	را	Po	حرف اضافه پسین
12	عقوبت	عقوبت	عقوبت	عقوبت	N1	اسم
13	ظاهر	ظاهر	ظاهر	ظاهر	N1	اسم
14	جایز	جایز	جایز	جایز	A0	صفت
15	نشمرند	شمر	شمر	ن+شمر+ند	V	سوم شخص جمع
16	.	.	.	.	Si	

0	و	و|و|و	و|و|و	و|و|و	C0|Ab|Al	حرف ربط|اختصارات|حروف الفبا
1	بباید	باید	باید	ب+باید	O+V4	ب + فعل وجه نما
2	شناخت	شناخت|شناخت	شناخت|شناخت	شناخت|شناخت	V|N1	سوم شخص مفرد|اسم
3	که	که|که|که|که	که|که|که|که	که|که|که|که	C0|NA|N1|N1	حرف ربط|ضمیر پرسشی|اسم|اسم
4	عقوبت	عقوبت	عقوبت	عقوبت	N1	اسم
5	غادران	غادران	غادران	غادران	N
6	زود	زود	زود	زود	A0	صفت
7	نازل	نازل	نازل	نازل	N1	اسم
8	گردد	گرد	گرد	گرد+د	V	سوم شخص مفرد
9	،	،	،	،	Si	
10	و	و|و|و	و|و|و	و|و|و	C0|Ab|Al	حرف ربط|اختصارات|حروف الفبا
11	سوگند	سوگند|سوگ	سوگند|سوگ	سوگند|سوگ+ند	N1|N1+V	اسم|اسم + فعل سوم شخص جمع
12	دروغ	دروغ	دروغ	دروغ	N1	اسم
13	قواعد	قواعد	قواعد	قواعد	N1	اسم
14	عمر	عمر|عمر	عمر|عمر	عمر|عمر	N1|N3	اسم|اسم خاص اشخاص
15	و	و|و|و	و|و|و	و|و|و	C0|Ab|Al	حرف ربط|اختصارات|حروف الفبا
16	اساس	اساس|اساس	اساس|اساس	اساس|اساس	N1|N9	اسم|اسم موجود در ساختمان حرف اضافه و حرف ربط گروهی
17	زندگانی	زندگانی|زنده	زندگانی|زنده	زندگانی|زنده+گان+ی	N1|A0+Pl+Y	اسم|صفت + علامت جمع + ی
18	زود	زود	زود	زود	A0	صفت
19	با	با	با	با	Pr	حرف اضافه
20	خلل	خلل	خلل	خلل	N1	اسم
21	کند	کند|کن|کن	کند|کن|کن	کند|کن+د|کن+د	A0|V|V	صفت|سوم شخص مفرد|سوم شخص مفرد
22	،	،	،	،	Si	
23	و	و|و|و	و|و|و	و|و|و	C0|Ab|Al	حرف ربط|اختصارات|حروف الفبا
24	زبان	زبان	زبان	زبان	N1	اسم
25	نبوت	نبوت|بو	نبوت|بو	نبوت|ن+بو+ت	N1|V	اسم|دوم شخص مفرد
26	بدین	بدین	بدین	بدین	Pr	حرف اضافه
27	دقیقه	دقیقه|دقیق	دقیقه|دقیق	دقیقه|دقیق+ه	N1|A0+O	اسم|صفت + ه
28	اشارت	اشارت	اشارت	اشارت	N1	اسم
29	کند	کند|کن|کن	کند|کن|کن	کند|کن+د|کن+د	A0|V|V	صفت|سوم شخص مفرد|سوم شخص مفرد
30	.	.	.	.	Si	

0	آن	آن|آن	آن|آن	آن|آن	A1|N6	صفت اشاره|ضمیر اشاره
1	کس	کس|کس	کس|کس	کس|کس	N1|N1	اسم|اسم
2	که	که|که|که|که	که|که|که|که	که|که|که|که	C0|NA|N1|N1	حرف ربط|ضمیر پرسشی|اسم|اسم
3	به	به|به	به|به	به|به	Pr|N1	حرف اضافه|اسم
4	تواضع	تواضع	تواضع	تواضع	N1	اسم
5	و	و|و|و	و|و|و	و|و|و	C0|Ab|Al	حرف ربط|اختصارات|حروف الفبا
6	تضرع	تضرع	تضرع	تضرع	N1	اسم
7	مقدمات	مقدمات|مقدم|مقدم	مقدمات|مقدم|مقدم	مقدمات|مقدم+ات|مقدم+ات	N1|A0+Pl|N1+Pl	اسم|صفت + علامت جمع|اسم + علامت جمع
8	آزار	آزار|آزار	آزار|آزار	آزار|آزار	V|N1	فعل امر مثبت|اسم
9	فرو	فرو|فرو|فرو	فرو|فرو|فرو	فرو|فرو|فرو	VPr|V|A0	پیشوند فعل|فعل امر مثبت|صفت
10	نتواند	توان	توان	ن+توان+د	V	سوم شخص مفرد
11	گذاشت	گذاشت	گذاشت	گذاشت	V	سوم شخص مفرد
12	و	و|و|و	و|و|و	و|و|و	C0|Ab|Al	حرف ربط|اختصارات|حروف الفبا
13	در	در|در|در|در|در	در|در|در|در|در	در|در|در|در|در	Pr|V|N1|N1|VPr	حرف اضافه|فعل امر مثبت|اسم|اسم|پیشوند فعل
14	عفو	عفو	عفو	عفو	N1	اسم
15	و	و|و|و	و|و|و	و|و|و	C0|Ab|Al	حرف ربط|اختصارات|حروف الفبا
16	تجاوز	تجاوز	تجاوز	تجاوز	N1	اسم
17	پیش‌دستی	پیشدستی|دست	پیشدستی|دست	پیشدستی|پیش+دست+ی	N1|O+N1+Y	اسم|پیش + اسم + ی
18	و	و|و|و	و|و|و	و|و|و	C0|Ab|Al	حرف ربط|اختصارات|حروف الفبا
19	مبادرت	مبادرت	مبادرت	مبادرت	N1	اسم
20	نتواند	توان	توان	ن+توان+د	V	سوم شخص مفرد
21	نمود	نمود|نمود|مو	نمود|نمود|مو	نمود|نمود|ن+مو+د	V|N1|V	سوم شخص مفرد|اسم|سوم شخص مفرد
22	از	از	از	از	Pr	حرف اضافه
23	پیرایه	پیرایه	پیرایه	پیرایه	N1	اسم
24	نیکونامی	نیکونامی	نیکونامی	نیکونامی	N
25	عاطل	عاطل	عاطل	عاطل	A0	صفت
26	گردد	گرد	گرد	گرد+د	V	سوم شخص مفرد
27	و	و|و|و	و|و|و	و|و|و	C0|Ab|Al	حرف ربط|اختصارات|حروف الفبا
28	در	در|در|در|در|در	در|در|در|در|در	در|در|در|در|در	Pr|V|N1|N1|VPr	حرف اضافه|فعل امر مثبت|اسم|اسم|پیشوند فعل
29	پیش	پیش|پیش|پی	پیش|پیش|پی	پیش|پیش|پی+ش	A0|N9|N1+N	صفت|اسم موجود در ساختمان حرف اضافه و حرف ربط گروهی|اسم + ضمیر ملکی سوم شخص مفرد
30	مردان	مرد	مرد	مرد+ان	N1+Pl	اسم + ان
31	سرافگنده	سرافگنده	سرافگنده	سرافگنده	N
32	ماند	ماند|مان	ماند|مان	ماند|مان+د	V|V	سوم شخص مفرد|سوم شخص مفرد
33	.	.	.	.	Si	

0	اینست	این	این	این	N
1	مثل	مثل|مثل|مثل|مثل	مثل|مثل|مثل|مثل	مثل|مثل|مثل|مثل	N1|N1|N1|N9	اسم|اسم|اسم|اسم موجود در ساختمان حرف اضافه و حرف ربط گروهی
2	خردمند	خردمند|خرد|خر	خردمند|خرد|خر	خردمند|خرد+مند|خر+د+مند	A0|N1+O|V1+O+O	صفت|اسم + مند|بن مضارع + د + مند
3	روشن	روشن	روشن	روشن	A0	صفت
4	رأی	رأی	رأی	رأی	N1	اسم
5	که	که|که|که|که	که|که|که|که	که|که|که|که	C0|NA|N1|N1	حرف ربط|ضمیر پرسشی|اسم|اسم
6	فرصت	فرصت	فرصت	فرصت	N1	اسم
7	مصالحت	مصالح	مصالح	مصالح+ت	N1+N	اسم + ضمیر ملکی دوم شخص مفرد
8	دشمن	دشمن	دشمن	دشمن	A0	صفت
9	به	به|به	به|به	به|به	Pr|N1	حرف اضافه|اسم
10	وقت	وقت|وقت	وقت|وقت	وقت|وقت	N1|N9	اسم|اسم موجود در ساختمان حرف اضافه و حرف ربط گروهی
11	حاجت	حاجت|حاج	حاجت|حاج	حاجت|حاج+ت	N1|N1+N	اسم|اسم + ضمیر ملکی دوم شخص مفرد
12	فایت	فا	فا	فا+ی+ت	N1+N	اسم + ضمیر ملکی دوم شخص مفرد
13	نگرداند	گرداند|گردان	گرداند|گردان	ن+گرداند|ن+گردان+د	V|V	سوم شخص مفرد|سوم شخص مفرد
14	و	و|و|و	و|و|و	و|و|و	C0|Ab|Al	حرف ربط|اختصارات|حروف الفبا
15	پس‌از	پس‌از	پس‌از	پس‌از	Pr1	حرف اضافه گروهی
16	حصول	حصول	حصول	حصول	N1	اسم
17	غرض	غرض	غرض	غرض	N1	اسم
18	از	از	از	از	Pr	حرف اضافه
19	مراعات	مراعات	مراعات	مراعات	N1	اسم
20	جانب	جانب|جانب	جانب|جانب	جانب|جانب	N1|N9	اسم|اسم موجود در ساختمان حرف اضافه و حرف ربط گروهی
21	حزم	حزم	حزم	حزم	N1	اسم
22	و	و|و|و	و|و|و	و|و|و	C0|Ab|Al	حرف ربط|اختصارات|حروف الفبا
23	احتیاط	احتیاط	احتیاط	احتیاط	N1	اسم
24	غافل	غافل	غافل	غافل	A0	صفت
25	نباشد	باش	باش	ن+باش+د	V	سوم شخص مفرد
26	.	.	.	.	Si	

0	سبحان‌الله	سبحان‌الله	سبحان‌الله	سبحان‌الله	Exp	عبارت
1	!	!	!	!	Si	

0	موشی	موشی|موش	موشی|موش	موشی|موش+ی	A0|N1+Y	صفت|اسم + ی
1	با	با	با	با	Pr	حرف اضافه
2	ضعف	ضعف	ضعف	ضعف	N1	اسم
3	و	و|و|و	و|و|و	و|و|و	C0|Ab|Al	حرف ربط|اختصارات|حروف الفبا
4	عجز	عجز	عجز	عجز	N1	اسم
5	خویش	خویش	خویش	خویش	N	ضمیر مشترک/متقابل
6	چون	چون|چون	چون|چون	چون|چون	C0|Pr	حرف ربط|حرف اضافه
7	آفات	آفات|آف	آفات|آف	آفات|آف+ات	N1|N1+Pl	اسم|اسم + علامت جمع
8	بدو	بدو|بدو|دو|دو|دو	بدو|بدو|دو|دو|دو	بدو|بدو|ب+دو|ب+دو|ب+دو	N1|A0|V|V|O+N1	اسم|صفت|فعل امر مثبت|فعل امر مثبت|ب + اسم
9	محیط	محیط	محیط	محیط	A0	صفت
10	گشت	گشت|گشت|گشت	گشت|گشت|گشت	گشت|گشت|گشت	V|V|N1	سوم شخص مفرد|سوم شخص مفرد|اسم
11	و	و|و|و	و|و|و	و|و|و	C0|Ab|Al	حرف ربط|اختصارات|حروف الفبا
12	دشمنان	دشمن	دشمن	دشمن+ان	A0+Pl	صفت + ان
13	غالب	غالب	غالب	غالب	A0	صفت
14	گرد	گرد|گرد|گرد|گرد|گر	گرد|گرد|گرد|گرد|گر	گرد|گرد|گرد|گرد|گر+د	V|A0|N1|A0|V	فعل امر مثبت|صفت|اسم|صفت|سوم شخص مفرد
15	او	او|او	او|او	او|او	N5|Ab	ضمیر فاعلی|اختصارات
16	درآمدند	درآمد|درآمد	درآمد|درآمد	درآمد+ند|درآمد+ند	V|N1+V	سوم شخص جمع|اسم + فعل سوم شخص جمع
17	دل	دل	دل	دل	N1	اسم
18	از	از	از	از	Pr	حرف اضافه
19	جای	جای|جا	جای|جا	جای|جا+ی	N1|N1+Y	اسم|اسم + ی
20	نبرد	نبرد|برد|بر|بر	نبرد|برد|بر|بر	نبرد|ن+برد|ن+بر+د|ن+بر+د	N1|V|V|V	اسم|سوم شخص مفرد|سوم شخص مفرد|سوم شخص مفرد
21	و	و|و|و	و|و|و	و|و|و	C0|Ab|Al	حرف ربط|اختصارات|حروف الفبا
22	به	به|به	به|به	به|به	Pr|N1	حرف اضافه|اسم
23	دقایق	دقایق	دقایق	دقایق	N1	اسم
24	مخادعت	مخادعت	مخادعت	مخادعت	N
25	یکی	یکی	یکی	یکی	A2	صفت مبهم
26	را	را	را	را	Po	حرف اضافه پسین
27	از	از	از	از	Pr	حرف اضافه
28	ایشان	ایشان	ایشان	ایشان	N5	ضمیر فاعلی
29	در	در|در|در|در|در	در|در|در|در|در	در|در|در|در|در	Pr|V|N1|N1|VPr	حرف اضافه|فعل امر مثبت|اسم|اسم|پیشوند فعل
30	دام	دام	دام	دام	N1	اسم
31	موافقت	موافقت|موافق	موافقت|موافق	موافقت|موافق+ت	N1|A0+N	اسم|صفت + ضمیر ملکی دوم شخص مفرد
32	کشید	کشید|کش|کش|کش	کشید|کش|کش|کش	کشید|کش+ید|کش+ید|کش+ید	V|V|V|N1+V	سوم شخص مفرد|دوم شخص جمع|دوم شخص جمع|اسم + فعل دوم شخص جمع
33	،	،	،	،	Si	
34	تا	تا|تا|تا	تا|تا|تا	تا|تا|تا	Pr|C0|Ab	حرف اضافه|حرف ربط|اختصارات
35	بدان	دان|بد	دان|بد	ب+دان|بد+ان	V|A0+Pl	فعل امر مثبت|صفت + ان
36	وثیقت	وثیق	وثیق	وثیق+ت	A0+N	صفت + ضمیر ملکی دوم شخص مفرد
37	و	و|و|و	و|و|و	و|و|و	C0|Ab|Al	حرف ربط|اختصارات|حروف الفبا
38	وسیلت	وسیلت	وسیلت	وسیلت	N1	اسم
39	محنت	محنت|محن	محنت|محن	محنت|محن+ت	N1|N1+N	اسم|اسم + ضمیر ملکی دوم شخص مفرد
40	از	از	از	از	Pr	حرف اضافه
41	وی	وی|وی	وی|وی	وی|وی	N5|Ab	ضمیر فاعلی|اختصارات
42	دور	دور|دور	دور|دور	دور|دور	A0|N1	صفت|اسم
43	گشت	گشت|گشت|گشت	گشت|گشت|گشت	گشت|گشت|گشت	V|V|N1	سوم شخص مفرد|سوم شخص مفرد|اسم
44	،	،	،	،	Si	
45	و	و|و|و	و|و|و	و|و|و	C0|Ab|Al	حرف ربط|اختصارات|حروف الفبا
46	از	از	از	از	Pr	حرف اضافه
47	عهده	عهده|عهد	عهده|عهد	عهده|عهد+ه	N1|N1+O	اسم|اسم + ه
48	عهد	عهد	عهد	عهد	N1	اسم
49	دشمن	دشمن	دشمن	دشمن	A0	صفت
50	به	به|به	به|به	به|به	Pr|N1	حرف اضافه|اسم
51	وقت	وقت|وقت	وقت|وقت	وقت|وقت	N1|N9	اسم|اسم موجود در ساختمان حرف اضافه و حرف ربط گروهی
52	بیرون	بیرون	بیرون	بیرون	N1	اسم
53	آمد	آمد|آمد	آمد|آمد	آمد|آمد	V|N1	سوم شخص مفرد|اسم
54	،	،	،	،	Si	
55	و	و|و|و	و|و|و	و|و|و	C0|Ab|Al	حرف ربط|اختصارات|حروف الفبا
56	پس‌از	پس‌از	پس‌از	پس‌از	Pr1	حرف اضافه گروهی
57	ادراک	ادراک	ادراک	ادراک	N1	اسم
58	نهمت	نه	نه	نه+م+ت	V	اول شخص مفرد
59	در	در|در|در|در|در	در|در|در|در|در	در|در|در|در|در	Pr|V|N1|N1|VPr	حرف اضافه|فعل امر مثبت|اسم|اسم|پیشوند فعل
60	تصون	تصون	تصون	تصون	N
61	ذات	ذات	ذات	ذات	N1	اسم
62	ابواب	ابواب	ابواب	ابواب	N1	اسم
63	تیقظ	تیقظ	تیقظ	تیقظ	N
64	به	به|به	به|به	به|به	Pr|N1	حرف اضافه|اسم
65	جای	جای|جا	جای|جا	جای|جا+ی	N1|N1+Y	اسم|اسم + ی
66	آورد	آورد|آور	آورد|آور	آورد|آور+د	V|V	سوم شخص مفرد|سوم شخص مفرد
67	.	.	.	.	Si	

0	اگر	اگر	اگر	اگر	C0	حرف ربط
1	اصحاب	صاحب	صاحب	صاحب	N	اسم مفرد جمع مکسر
2	خرد	خرد|خرد|خر	خرد|خرد|خر	خرد|خرد|خر+د	N1|A0|V	اسم|صفت|سوم شخص مفرد
3	و	و|و|و	و|و|و	و|و|و	C0|Ab|Al	حرف ربط|اختصارات|حروف الفبا
4	کیاست	کیاست	کیاست	کیاست	A0	صفت
5	و	و|و|و	و|و|و	و|و|و	C0|Ab|Al	حرف ربط|اختصارات|حروف الفبا
6	ذکا	ذکا	ذکا	ذکا	N
7	و	و|و|و	و|و|و	و|و|و	C0|Ab|Al	حرف ربط|اختصارات|حروف الفبا
8	فطنت	فطنت	فطنت	فطنت	N
9	این	این|این	این|این	این|این	A1|N6	صفت اشاره|ضمیر اشاره
10	تجارب	تجربه	تجربه	تجربه	N	اسم مفرد جمع مکسر
11	را	را	را	را	Po	حرف اضافه پسین
12	نمودار	نمودار|نمود	نمودار|نمود	نمودار|نمود+ار	A0|O+O	صفت|ریشه ماضی + ار
13	عزایم	عزا|عزا	عزا|عزا	عزا+م|عزا+ی+م	N1+V|N1+N	اسم + فعل اول شخص مفرد|اسم + ضمیر ملکی اول شخص مفرد
14	خویش	خویش	خویش	خویش	N	ضمیر مشترک/متقابل
15	گردانند	گردان|گردان|گردان|گرد|گرد|گرد|گرد	گردان|گردان|گردان|گرد|گرد|گرد|گرد	گردان+ند|گردان+ند|گردان+ند|گرد+ان+ند|گرد+ان+ند|گرد+ان+ند|گرد+ان+ند	V|N1+V|A0+V|V1+Pl+V|A0+Pl+V|N1+Pl+V|A0+Pl+V	سوم شخص جمع|اسم + فعل سوم شخص جمع|صفت + فعل سوم شخص جمع|بن مضارع + ان + فعل سوم شخص جمع|صفت + ان + فعل سوم شخص جمع|اسم + ان + فعل سوم شخص جمع|صفت + ان + فعل سوم شخص جمع
16	و	و|و|و	و|و|و	و|و|و	C0|Ab|Al	حرف ربط|اختصارات|حروف الفبا
17	در	در|در|در|در|در	در|در|در|در|در	در|در|در|در|در	Pr|V|N1|N1|VPr	حرف اضافه|فعل امر مثبت|اسم|اسم|پیشوند فعل
18	تقدیم	تقدیم	تقدیم	تقدیم	N1	اسم
19	مهمات	مهمات|مهم	مهمات|مهم	مهمات|مهم+ات	N1|A0+Pl	اسم|صفت + علامت جمع
20	این	این|این	این|این	این|این	A1|N6	صفت اشاره|ضمیر اشاره
21	بشارت	بشارت|شار	بشارت|شار	بشارت|ب+شار+ت	N1|O+N1+N	اسم|ب + اسم + ضمیر ملکی دوم شخص مفرد
22	را	را	را	را	Po	حرف اضافه پسین
23	امام	امام|امام	امام|امام	امام|امام	N1|Sp	اسم|شاخص
24	سازند	سازند|ساز|ساز	سازند|ساز|ساز	سازند|ساز+ند|ساز+ند	N1|V|N1+V	اسم|سوم شخص جمع|اسم + فعل سوم شخص جمع
25	فواتح	فواتح	فواتح	فواتح	N
26	و	و|و|و	و|و|و	و|و|و	C0|Ab|Al	حرف ربط|اختصارات|حروف الفبا
27	خواتم	خو|خو	خو|خو	خو+ات+م|خو+ات+م	N1+Pl+N|N1+Pl+V	اسم + علامت جمع + ضمیر ملکی اول شخص مفرد|اسم + علامت جمع + فعل اول شخص مفرد
28	کارهای	کار	کار	کار+ها+ی	N1+Pl+Y	اسم + علامت جمع + ی
29	ایشان	ایشان	ایشان	ایشان	N5	ضمیر فاعلی
30	به	به|به	به|به	به|به	Pr|N1	حرف اضافه|اسم
31	مزید	مزید	مزید	مزید	A0	صفت
32	دوستکامی	دوستکامی	دوستکامی	دوستکامی	N
33	و	و|و|و	و|و|و	و|و|و	C0|Ab|Al	حرف ربط|اختصارات|حروف الفبا
34	غبط	غبط	غبط	غبط	N
35	مقرون	مقرون|مقر|مقر	مقرون|مقر|مقر	مقرون|مقر+ون|مقر+ون	A0|N1+Pl|N1+Pl	صفت|اسم + علامت جمع|اسم + علامت جمع
36	باشد	باش|اشد	باش|اشد	باش+د|ب+اشد	V|O+A0	سوم شخص مفرد|ب + صفت
37	و	و|و|و	و|و|و	و|و|و	C0|Ab|Al	حرف ربط|اختصارات|حروف الفبا
38	سعادت	سعادت	سعادت	سعادت	N1	اسم
39	عاجل	عاجل	عاجل	عاجل	A0	صفت
40	و	و|و|و	و|و|و	و|و|و	C0|Ab|Al	حرف ربط|اختصارات|حروف الفبا
41	آجل	آجل	آجل	آجل	A0	صفت
42	به	به|به	به|به	به|به	Pr|N1	حرف اضافه|اسم
43	روزگار	روزگار|روز	روزگار|روز	روزگار|روز+گار	N1|N1+O	اسم|اسم + گار
44	ایشان	ایشان	ایشان	ایشان	N5	ضمیر فاعلی
45	متصل	متصل	متصل	متصل	A0	صفت
46	گردد	گرد	گرد	گرد+د	V	سوم شخص مفرد
47	،	،	،	،	Si	
48	والله	والله	والله	والله	Ad	قید
49	ولی	ولی|ولی|ول|ول	ولی|ولی|ول|ول	ولی|ولی|ول+ی|ول+ی	C0|N1|A0+Y|N1+Y	حرف ربط|اسم|صفت + ی|اسم + ی
50	التوفیق	توفیق	توفیق	توفیق	N1	اسم
51	.	.	.	.	Si	

0	آنکه	آنکه|آنکه	آنکه|آنکه	آنکه|آنکه	Ad|N5	قید|ضمیر فاعلی
1	کشیشان	کشیش	کشیش	کشیش+ان	A0+Pl	صفت + ان
2	و	و|و|و	و|و|و	و|و|و	C0|Ab|Al	حرف ربط|اختصارات|حروف الفبا
3	رهبانان	رهبان|ره	رهبان|ره	رهبان+ان|ره+بان+ان	N1+Pl|N1+Pl+Pl	اسم + ان|اسم + بان + ان
4	و	و|و|و	و|و|و	و|و|و	C0|Ab|Al	حرف ربط|اختصارات|حروف الفبا
5	ملکان	ملک|ملک|ملک	ملک|ملک|ملک	ملک+ان|ملک+ان|ملک+ان	N1+Pl|N1+Pl|N1+Pl	اسم + ان|اسم + ان|اسم + ان
6	و	و|و|و	و|و|و	و|و|و	C0|Ab|Al	حرف ربط|اختصارات|حروف الفبا
7	ریش‌سفیدان	ریش‌سفید	ریش‌سفید	ریش‌سفید+ان	A0+Pl	صفت + ان
8	و	و|و|و	و|و|و	و|و|و	C0|Ab|Al	حرف ربط|اختصارات|حروف الفبا
9	کدخدایان	کدخدا	کدخدا	کدخدا+ی+ان	N1+Pl	اسم + ان
10	و	و|و|و	و|و|و	و|و|و	C0|Ab|Al	حرف ربط|اختصارات|حروف الفبا
11	رعایای	رعایا	رعایا	رعایا+ی	N1+Y	اسم + ی
12	ارامنه	ارامنه	ارامنه	ارامنه	N1	اسم
13	ساکنین	ساکن	ساکن	ساکن+ین	A0+O	صفت + ین
14	دارالسلطنه	دارالسلطنه	دارالسلطنه	دارالسلطنه	N1	اسم
15	اصفهان	اصفهان	اصفهان	اصفهان	N2	اسم خاص مکان
16	بعنایت	عنایت	عنایت	ب+عنایت	O+N1	ب + اسم
17	بی‌غایت	غایت	غایت	بی+غایت	O+N1	بی + اسم
18	شاهانه	شاهانه|شاه|شا	شاهانه|شاه|شا	شاهانه|شاه+انه|شا+ه+انه	A0|N1+Pl|V1+O+Pl	صفت|اسم + انه|بن مضارع + ه + انه
19	و	و|و|و	و|و|و	و|و|و	C0|Ab|Al	حرف ربط|اختصارات|حروف الفبا
20	شفقت	شفقت|شفق	شفقت|شفق	شفقت|شفق+ت	N1|N1+N	اسم|اسم + ضمیر ملکی دوم شخص مفرد
21	و	و|و|و	و|و|و	و|و|و	C0|Ab|Al	حرف ربط|اختصارات|حروف الفبا
22	مرحمت	مرحمت|مرحم	مرحمت|مرحم	مرحمت|مرحم+ت	N1|N1+N	اسم|اسم + ضمیر ملکی دوم شخص مفرد
23	بینهایت	بی‌نهایت|نهایت	بی‌نهایت|نهایت	بی‌نهایت|بی+نهایت	A0|O+N1	صفت|بی + اسم
24	پادشاهانه	پادشاه|شاهانه|شاه|شا	پادشاه|شاهانه|شاه|شا	پادشاه+انه|پاد+شاهانه|پاد+شاه+انه|پاد+شا+ه+انه	N1+Pl|O+A0|O+N1+Pl|O+V1+O+Pl	اسم + انه|پاد + صفت|پاد + اسم + انه|پاد + بن مضارع + ه + انه
25	مفتخر	مفتخر	مفتخر	مفتخر	A0	صفت
26	و	و|و|و	و|و|و	و|و|و	C0|Ab|Al	حرف ربط|اختصارات|حروف الفبا
27	سرافراز	سرافراز	سرافراز	سرافراز	A0	صفت
28	و	و|و|و	و|و|و	و|و|و	C0|Ab|Al	حرف ربط|اختصارات|حروف الفبا
29	مستظهر	مستظهر	مستظهر	مستظهر	A0	صفت
30	و	و|و|و	و|و|و	و|و|و	C0|Ab|Al	حرف ربط|اختصارات|حروف الفبا
31	امیدوار	امیدوار|امید	امیدوار|امید	امیدوار|امید+وار	A0|A0+O	صفت|صفت + وار
32	بوده	بود|بود|بود	بود|بود|بود	بود+ه|بود+ه|بود+ه	O+O|N1+O|V3+O	ریشه ماضی + ه|اسم + ه|فعل اسنادی + ه
33	بدانند	دان|بد	دان|بد	ب+دان+ند|بد+ان+ند	V|A0+Pl+V	سوم شخص جمع|صفت + ان + فعل سوم شخص جمع
34	که	که|که|که|که	که|که|که|که	که|که|که|که	C0|NA|N1|N1	حرف ربط|ضمیر پرسشی|اسم|اسم
35	چون	چون|چون	چون|چون	چون|چون	C0|Pr	حرف ربط|حرف اضافه
36	میانه	میانه|میان|می|می	میانه|میان|می|می	میانه|میان+ه|می+ان+ه|می+ان+ه	N1|N1+O|N1+Pl+O|N1+Pl+O	اسم|اسم + ه|اسم + ان + ه|اسم + ان + ه
37	نواب	نواب	نواب	نواب	N3	اسم خاص اشخاص
38	کامیاب	کامیاب	کامیاب	کامیاب	A0	صفت
39	همایون	همایون|همای|هما	همایون|همای|هما	همایون|همای+ون|هما+ی+ون	A0|N1+Pl|N3+Pl	صفت|اسم + علامت جمع|اسم خاص اشخاص + علامت جمع
40	و	و|و|و	و|و|و	و|و|و	C0|Ab|Al	حرف ربط|اختصارات|حروف الفبا
41	حضرات	حضرات|حضر	حضرات|حضر	حضرات|حضر+ات	N1|N1+Pl	اسم|اسم + علامت جمع
42	سلاطین	سلاطین	سلاطین	سلاطین	N1	اسم
43	رفیع‌الشأن	رفیع الشان	رفیع الشان	رفیع الشان	N
44	مسیحیه	مسیحی	مسیحی	مسیحی+ه	N1+O	اسم + ه
45	خصوصا	خصوصا	خصوصا	خصوصا	Ad	قید
46	سلطنت	سلطنت	سلطنت	سلطنت	N1	اسم
47	و	و|و|و	و|و|و	و|و|و	C0|Ab|Al	حرف ربط|اختصارات|حروف الفبا
48	شوکت	شوکت|شوک|شو	شوکت|شوک|شو	شوکت|شوک+ت|شو+ک+ت	N1|N1+N|N1+O+N	اسم|اسم + ضمیر ملکی دوم شخص مفرد|اسم + ک + ضمیر ملکی دوم شخص مفرد
49	پناهی	پناهی|پناه|پناه	پناهی|پناه|پناه	پناهی|پناه+ی|پناه+ی	N4|V|N1+Y	اسم فامیل|دوم شخص مفرد|اسم + ی
50	قدرت	قدرت|قدر|قدر	قدرت|قدر|قدر	قدرت|قدر+ت|قدر+ت	N1|N1+N|A0+N	اسم|اسم + ضمیر ملکی دوم شخص مفرد|صفت + ضمیر ملکی دوم شخص مفرد
51	السلاطین	سلاطین	سلاطین	سلاطین	N1	اسم
52	العیسویه	عیسوی	عیسوی	عیسوی+ه	A0+O	صفت + ه
53	کمال	کمال	کمال	کمال	N1	اسم
54	محبت	محبت|محب	محبت|محب	محبت|محب+ت	N1|N1+N	اسم|اسم + ضمیر ملکی دوم شخص مفرد
55	و	و|و|و	و|و|و	و|و|و	C0|Ab|Al	حرف ربط|اختصارات|حروف الفبا
56	دوستی	دوستی|دوست	دوستی|دوست	دوستی|دوست+ی	N1|N1+Y	اسم|اسم + ی
57	است	است|اس	است|اس	است|اس+ت	V|N1+N	سوم شخص مفرد|اسم + ضمیر ملکی دوم شخص مفرد
58	و	و|و|و	و|و|و	و|و|و	C0|Ab|Al	حرف ربط|اختصارات|حروف الفبا
59	در	در|در|در|در|در	در|در|در|در|در	در|در|در|در|در	Pr|V|N1|N1|VPr	حرف اضافه|فعل امر مثبت|اسم|اسم|پیشوند فعل
60	میانه	میانه|میان|می|می	میانه|میان|می|می	میانه|میان+ه|می+ان+ه|می+ان+ه	N1|N1+O|N1+Pl+O|N1+Pl+O	اسم|اسم + ه|اسم + ان + ه|اسم + ان + ه
61	ما	ما	ما	ما	N5	ضمیر فاعلی
62	و	و|و|و	و|و|و	و|و|و	C0|Ab|Al	حرف ربط|اختصارات|حروف الفبا
63	طوایف	طوایف	طوایف	طوایف	N1	اسم
64	مسیحیه	مسیحی	مسیحی	مسیحی+ه	N1+O	اسم + ه
65	یکانکی	یکان	یکان	یکان+ک+ی	N1+O+Y	اسم + ک + ی
66	است	است|اس	است|اس	است|اس+ت	V|N1+N	سوم شخص مفرد|اسم + ضمیر ملکی دوم شخص مفرد
67	و	و|و|و	و|و|و	و|و|و	C0|Ab|Al	حرف ربط|اختصارات|حروف الفبا
68	اصلا	اصلاً	اصلاً	اصلاً	Ad	قید
69	جدایی	جدایی|جدا	جدایی|جدا	جدایی|جدا+یی	N1|A0+O	اسم|صفت + یی
70	نیست	نیست|است|نی	نیست|است|نی	نیست|نی+است|نی+ست	N1|V|N1+N	اسم|سوم شخص مفرد|اسم + ضمیر ملکی سوم شخص مفرد
71	و	و|و|و	و|و|و	و|و|و	C0|Ab|Al	حرف ربط|اختصارات|حروف الفبا
72	توجه	توجه	توجه	توجه	N1	اسم
73	خاطر	خاطر|خاطر	خاطر|خاطر	خاطر|خاطر	N1|N9	اسم|اسم موجود در ساختمان حرف اضافه و حرف ربط گروهی
74	اشرف	اشرف	اشرف	اشرف	N3	اسم خاص اشخاص
75	به	به|به	به|به	به|به	Pr|N1	حرف اضافه|اسم
76	آن	آن|آن	آن|آن	آن|آن	A1|N6	صفت اشاره|ضمیر اشاره
77	متعلق	متعلق	متعلق	متعلق	A0	صفت
78	است	است|اس	است|اس	است|اس+ت	V|N1+N	سوم شخص مفرد|اسم + ضمیر ملکی دوم شخص مفرد
79	که	که|که|که|که	که|که|که|که	که|که|که|که	C0|NA|N1|N1	حرف ربط|ضمیر پرسشی|اسم|اسم
80	همیشه	همیشه	همیشه	همیشه	Ad	قید
81	طوایف	طوایف	طوایف	طوایف	N1	اسم
82	مسیحیه	مسیحی	مسیحی	مسیحی+ه	N1+O	اسم + ه
83	از	از	از	از	Pr	حرف اضافه
84	اطراف	اطراف|اطراف	اطراف|اطراف	اطراف|اطراف	N1|N9	اسم|اسم موجود در ساختمان حرف اضافه و حرف ربط گروهی
85	و	و|و|و	و|و|و	و|و|و	C0|Ab|Al	حرف ربط|اختصارات|حروف الفبا
86	جوانب	جانب	جانب	جانب	N	اسم مفرد جمع مکسر
87	بدین	بدین	بدین	بدین	Pr	حرف اضافه
88	دیار	دیار|دیار	دیار|دیار	دیار|دیار	N1|N1	اسم|اسم
89	آمدوشد	آمدوشد|آمد	آمدوشد|آمد	آمدوشد|آمد+وش+د	N1|V2+O+O	اسم|بن ماضی + وش + د
90	نمایند	نما|نما|نما|نما|نما	نما|نما|نما|نما|نما	نما+یند|نما+یند|نما+یند|نما+یند|نما+یند	V|V|V|N1+O|N1+O	سوم شخص جمع|سوم شخص جمع|سوم شخص جمع|اسم + یند|اسم + یند
91	.	.	.	.	Si	

0	و	و|و|و	و|و|و	و|و|و	C0|Ab|Al	حرف ربط|اختصارات|حروف الفبا
1	حال	حال	حال	حال	N1	اسم
2	آنکه	آنکه|آنکه	آنکه|آنکه	آنکه|آنکه	Ad|N5	قید|ضمیر فاعلی
3	آن	آن|آن	آن|آن	آن|آن	A1|N6	صفت اشاره|ضمیر اشاره
4	کودک	کودک|کود	کودک|کود	کودک|کود+ک	N1|N1+O	اسم|اسم + ک
5	دیگر	دیگر|دیگر|دی	دیگر|دیگر|دی	دیگر|دیگر|دی+گر	Ad|A2|N1+O	قید|صفت مبهم|اسم + گر
6	مردی	مردی|مرد|مرد	مردی|مرد|مرد	مردی|مرد+ی|مرد+ی	N1|N1+Y|V	اسم|اسم + ی|دوم شخص مفرد
7	شده‌است	شد	شد	شد+ه+است	V	سوم شخص مفرد
8	یا	یا|یا	یا|یا	یا|یا	C0|Intj	حرف ربط|صوت
9	زنی	زنی|زن|زن	زنی|زن|زن	زنی|زن+ی|زن+ی	N1|V|N1+Y	اسم|دوم شخص مفرد|اسم + ی
10	؛	؛	؛	؛	Si	
11	و	و|و|و	و|و|و	و|و|و	C0|Ab|Al	حرف ربط|اختصارات|حروف الفبا
12	زیباست	زیبا	زیبا	زیبا+ست	A0+N	صفت + ضمیر ملکی سوم شخص مفرد
13	و	و|و|و	و|و|و	و|و|و	C0|Ab|Al	حرف ربط|اختصارات|حروف الفبا
14	برومند	برومند|بر	برومند|بر	برومند|بر+ومند	A0|N1+O	صفت|اسم + ومند
15	؛	؛	؛	؛	Si	
16	و	و|و|و	و|و|و	و|و|و	C0|Ab|Al	حرف ربط|اختصارات|حروف الفبا
17	لابد	لابد	لابد	لابد	Ad	قید
18	شوهری	شوهری|شوهر	شوهری|شوهر	شوهری|شوهر+ی	A0|N1+Y	صفت|اسم + ی
19	می‌خواهد	خواه|خواه	خواه|خواه	می+خواه+د|می+خواه+د	V|O+V5+O	سوم شخص مفرد|می + فعل کمکی + د
20	یا	یا|یا	یا|یا	یا|یا	C0|Intj	حرف ربط|صوت
21	زنی	زنی|زن|زن	زنی|زن|زن	زنی|زن+ی|زن+ی	N1|V|N1+Y	اسم|دوم شخص مفرد|اسم + ی
22	؛	؛	؛	؛	Si	
23	و	و|و|و	و|و|و	و|و|و	C0|Ab|Al	حرف ربط|اختصارات|حروف الفبا
24	لابد	لابد	لابد	لابد	Ad	قید
25	بچه‌ای	بچه|چه	بچه|چه	بچه+ای|ب+چه+ای	N1+O|O+A0+O	اسم + ای|ب + صفت + ای
26	خواهد‌داشت	داشت	داشت	خواهد+داشت	V	سوم شخص مفرد
27	و…	و…	و…	و…	N
28	این‌جوری	این‌جوری|این‌جور	این‌جوری|این‌جور	این‌جوری|این‌جور+ی	A0|A0+Y	صفت|صفت + ی
29	بود	بود|بود|بود|بو	بود|بود|بود|بو	بود|بود|بود|بو+د	V|N1|V|V	سوم شخص مفرد|اسم|سوم شخص مفرد|سوم شخص مفرد
30	که	که|که|که|که	که|که|که|که	که|که|که|که	C0|NA|N1|N1	حرف ربط|ضمیر پرسشی|اسم|اسم
31	فریادم	فریاد|فریاد	فریاد|فریاد	فریاد+م|فریاد+م	N1+N|N1+V	اسم + ضمیر ملکی اول شخص مفرد|اسم + فعل اول شخص مفرد
32	از	از	از	از	Pr	حرف اضافه
33	درون	درون|در|در	درون|در|در	درون|در+ون|در+ون	N1|N1+Pl|N1+Pl	اسم|اسم + علامت جمع|اسم + علامت جمع
34	برخاست	برخاست	برخاست	برخاست	V	سوم شخص مفرد
35	که	که|که|که|که	که|که|که|که	که|که|که|که	C0|NA|N1|N1	حرف ربط|ضمیر پرسشی|اسم|اسم
36	مگر	مگر	مگر	مگر	Ad	قید
37	دوام	دوام	دوام	دوام	N1	اسم
38	خلقت	خلقت|خلق|خلق	خلقت|خلق|خلق	خلقت|خلق+ت|خلق+ت	N1|N1+N|N1+N	اسم|اسم + ضمیر ملکی دوم شخص مفرد|اسم + ضمیر ملکی دوم شخص مفرد
39	بر	بر|بر|بر|بر|بر	بر|بر|بر|بر|بر	بر|بر|بر|بر|بر	Pr|V|V|VPr|N1	حرف اضافه|فعل امر مثبت|فعل امر مثبت|پیشوند فعل|اسم
40	زمینه‌ی	زمینه|زمین|زم	زمینه|زمین|زم	زمینه+ی|زمین+ه+ی|زم+ین+ه+ی	N1+Y|N1+O+Y|N1+O+O+Y	اسم + ی|اسم + ه + ی|اسم + ین + ه + ی
41	لق	لق|لق	لق|لق	لق|لق	V|A0	فعل امر مثبت|صفت
42	حسرت‌های	حسرت	حسرت	حسرت+ها+ی	N1+Pl+Y	اسم + علامت جمع + ی
43	تو	تو|تو|تو	تو|تو|تو	تو|تو|تو	N5|Ad|N1	ضمیر فاعلی|قید|اسم
44	است	است|اس	است|اس	است|اس+ت	V|N1+N	سوم شخص مفرد|اسم + ضمیر ملکی دوم شخص مفرد
45	احمق	احمق	احمق	احمق	A0	صفت
46	؟	؟	؟	؟	Si	

0	خیال	خیال	خیال	خیال	N1	اسم
1	کرده‌ای	کرد|کرد	کرد|کرد	کرد+ه+ای|کرد+ه+ای	V|N1+O+O	دوم شخص مفرد|اسم + ه + ای
2	!	!	!	!	Si	

0	و	و|و|و	و|و|و	و|و|و	C0|Ab|Al	حرف ربط|اختصارات|حروف الفبا
1	اصلا	اصلاً	اصلاً	اصلاً	Ad	قید
2	ببینم	بین|بین|بین	بین|بین|بین	ب+بین+م|ب+بین+م|ب+بین+م	V|O+A0+N|O+A0+V	اول شخص مفرد|ب + صفت + ضمیر ملکی اول شخص مفرد|ب + صفت + فعل اول شخص مفرد
3	–	–	–	–	N
4	مگر	مگر	مگر	مگر	Ad	قید
5	کدامیک	کدامیک	کدامیک	کدامیک	NA	ضمیر پرسشی
6	از	از	از	از	Pr	حرف اضافه
7	بچه‌های	بچه|چه	بچه|چه	بچه+ها+ی|ب+چه+ها+ی	N1+Pl+Y|O+A0+Pl+Y	اسم + علامت جمع + ی|ب + صفت + علامت جمع + ی
8	سرراهی	سرراهی	سرراهی	سرراهی	A0	صفت
9	و	و|و|و	و|و|و	و|و|و	C0|Ab|Al	حرف ربط|اختصارات|حروف الفبا
10	یتیم	یتیم	یتیم	یتیم	A0	صفت
11	خانه‌ای	خانه|خان	خانه|خان	خانه+ای|خان+ه+ای	N1+O|N1+O+O	اسم + ای|اسم + ه + ای
12	و	و|و|و	و|و|و	و|و|و	C0|Ab|Al	حرف ربط|اختصارات|حروف الفبا
13	پرورشگاهی	پرورشگاهی|پرورشگاه|پرورش|پرور|پر	پرورشگاهی|پرورشگاه|پرورش|پرور|پر	پرورشگاهی|پرورشگاه+ی|پرورش+گاه+ی|پرور+ش+گاه+ی|پر+ور+ش+گاه+ی	A0|N1+Y|N1+O+Y|V1+O+O+Y|V1+O+N+O+Y	صفت|اسم + ی|اسم + گاه + ی|بن مضارع + ش + گاه + ی|بن مضارع + ور + ضمیر ملکی سوم شخص مفرد + گاه + ی
14	به	به|به	به|به	به|به	Pr|N1	حرف اضافه|اسم
15	دم	دم|دم|دم	دم|دم|دم	دم|دم|دم	V|N1|N1	فعل امر مثبت|اسم|اسم
16	روح‌القدس	روح‌القدس	روح‌القدس	روح‌القدس	N1	اسم
17	در	در|در|در|در|در	در|در|در|در|در	در|در|در|در|در	Pr|V|N1|N1|VPr	حرف اضافه|فعل امر مثبت|اسم|اسم|پیشوند فعل
18	مشیمه‌ی	مشیمه	مشیمه	مشیمه+ی	N1+Y	اسم + ی
19	مادرشان	مادر	مادر	مادر+شان	N1+N	اسم + ضمیر ملکی سوم شخص جمع
20	قرار	قرار|قرار	قرار|قرار	قرار|قرار	N1|N9	اسم|اسم موجود در ساختمان حرف اضافه و حرف ربط گروهی
21	گرفته‌اند	گرفته|گرفت|گرفت	گرفته|گرفت|گرفت	گرفته+اند|گرفت+ه+اند|گرفت+ه+اند	A0+V|V|N1+O+V	صفت + فعل سوم شخص جمع|سوم شخص جمع|اسم + ه + فعل سوم شخص جمع
22	؟	؟	؟	؟	Si	

0	و	و|و|و	و|و|و	و|و|و	C0|Ab|Al	حرف ربط|اختصارات|حروف الفبا
1	مگر	مگر	مگر	مگر	Ad	قید
2	چه	چه|چه|چه	چه|چه|چه	چه|چه|چه	NA|C0|A0	ضمیر پرسشی|حرف ربط|صفت
3	فرقی	فرقه|فرق	فرقه|فرق	فرقه+ی|فرق+ی	N+Y|N1+Y	اسم مفرد جمع مکسر + ی|اسم + ی
4	هست	هست|هست	هست|هست	هست|هست	V|N1	سوم شخص مفرد|اسم
5	میان	میان|می|می	میان|می|می	میان|می+ان|می+ان	N1|N1+Pl|N1+Pl	اسم|اسم + ان|اسم + ان
6	یک	یک	یک	یک	No	عدد حرفی
7	پسر	پسر	پسر	پسر	N1	اسم
8	کاکل‌زری	کاکل‌زری	کاکل‌زری	کاکل‌زری	A0	صفت
9	فلان	فلان	فلان	فلان	A2	صفت مبهم
10	شازده	شازده	شازده	شازده	N1	اسم
11	با	با	با	با	Pr	حرف اضافه
12	بچه‌ی	بچه|چه	بچه|چه	بچه+ی|ب+چه+ی	N1+Y|O+A0+Y	اسم + ی|ب + صفت + ی
13	فلان	فلان	فلان	فلان	A2	صفت مبهم
14	میراب	میراب	میراب	میراب	N1	اسم
15	که	که|که|که|که	که|که|که|که	که|که|که|که	C0|NA|N1|N1	حرف ربط|ضمیر پرسشی|اسم|اسم
16	چون	چون|چون	چون|چون	چون|چون	C0|Pr	حرف ربط|حرف اضافه
17	برای	برای	برای	برای	Pr	حرف اضافه
18	بخورونمیر	بخورونمیر	بخورونمیر	بخورونمیر	A0	صفت
19	خودش	خودش	خودش	خودش	N	ضمیر تاکیدی/انعکاسی
20	درمانده‌بوده	درماند	درماند	درماند+ه+بود+ه	O+O	ریشه ماضی + ه
21	فرزندش	فرزند|فرز	فرزند|فرز	فرزند+ش|فرز+ند+ش	N1+N|N1+V+N	اسم + ضمیر ملکی سوم شخص مفرد|اسم + فعل سوم شخص جمع + ضمیر ملکی سوم شخص مفرد
22	را	را	را	را	Po	حرف اضافه پسین
23	سر	سر|سر|سر|سر|سر	سر|سر|سر|سر|سر	سر|سر|سر|سر|سر	V|N1|N1|N1|N9	فعل امر مثبت|اسم|اسم|اسم|اسم موجود در ساختمان حرف اضافه و حرف ربط گروهی
24	راه	راه|راه	راه|راه	راه|راه	N1|N9	اسم|اسم موجود در ساختمان حرف اضافه و حرف ربط گروهی
25	گذاشته	گذاشته|گذاشت	گذاشته|گذاشت	گذاشته|گذاشت+ه	A0|O+O	صفت|ریشه ماضی + ه
26	؟	؟	؟	؟	Si	


0	کارت	کارت|کار|کار	کارت|کار|کار	کارت|کار+ت|کار+ت	N1|N1+N|V	اسم|اسم + ضمیر ملکی دوم شخص مفرد|سوم شخص مفرد
1	به	به|به	به|به	به|به	Pr|N1	حرف اضافه|اسم
2	کارت	کارت|کار|کار	کارت|کار|کار	کارت|کار+ت|کار+ت	N1|N1+N|V	اسم|اسم + ضمیر ملکی دوم شخص مفرد|سوم شخص مفرد
3	کردن	کرد	کرد	کرد+ن	V2+Neg	بن ماضی + ن
4	.	.	.	.	Si	

0	دراصل	دراصل	دراصل	دراصل	Ad	قید
1	به	به|به	به|به	به|به	Pr|N1	حرف اضافه|اسم
2	معنی	معنی	معنی	معنی	N1	اسم
3	انتقال	انتقال	انتقال	انتقال	N1	اسم
4	وجه	وجه|وج	وجه|وج	وجه|وج+ه	N1|N1+O	اسم|اسم + ه
5	بین	بین|بین|بین|ین	بین|بین|بین|ین	بین|بین|بین|ب+ین	V|N9|A0|O+N1	فعل امر مثبت|اسم موجود در ساختمان حرف اضافه و حرف ربط گروهی|صفت|ب + اسم
6	کارت‌های	کارت	کارت	کارت+ها+ی	N1+Pl+Y	اسم + علامت جمع + ی
7	بانکی	بانکی|بانک	بانکی|بانک	بانکی|بانک+ی	A0|N1+Y	صفت|اسم + ی
8	عضو	عضو	عضو	عضو	N1	اسم
9	شتاب	شتاب|شتاب	شتاب|شتاب	شتاب|شتاب	V|N1	فعل امر مثبت|اسم
10	است	است|اس	است|اس	است|اس+ت	V|N1+N	سوم شخص مفرد|اسم + ضمیر ملکی دوم شخص مفرد
11	.	.	.	.	Si	

0	اما	اما	اما	اما	C0	حرف ربط
1	در	در|در|در|در|در	در|در|در|در|در	در|در|در|در|در	Pr|V|N1|N1|VPr	حرف اضافه|فعل امر مثبت|اسم|اسم|پیشوند فعل
2	اصطلاح	اصطلاح	اصطلاح	اصطلاح	N1	اسم
3	به	به|به	به|به	به|به	Pr|N1	حرف اضافه|اسم
4	عنوان	عنوان	عنوان	عنوان	N1	اسم
5	رشوه	رشوه	رشوه	رشوه	N1	اسم
6	دادن	داد	داد	داد+ن	V2+Neg	بن ماضی + ن
7	تلقی	تلقی	تلقی	تلقی	N1	اسم
8	می‌شود	شو|شو	شو|شو	می+شو+د|می+شو+د	V|V	سوم شخص مفرد|سوم شخص مفرد
9	.	.	.	.	Si	

0	داوری	داوری|داور	داوری|داور	داوری|داور+ی	N1|N1+Y	اسم|اسم + ی
1	بازی	بازی|باز|باز|باز|باز	بازی|باز|باز|باز|باز	بازی|باز+ی|باز+ی|باز+ی|باز+ی	N1|V|A0+Y|N1+Y|Ad+Y	اسم|دوم شخص مفرد|صفت + ی|اسم + ی|قید + ی
2	فوتبال	فوتبال	فوتبال	فوتبال	N1	اسم
3	دیشبو	دیشبو	دیشبو	دیشبو	N
4	دیدی	دید|دید	دید|دید	دید+ی|دید+ی	V|N1+Y	دوم شخص مفرد|اسم + ی
5	؟	؟	؟	؟	Si	

0	آره	آره|آر	آره|آر	آره|آر+ه	N1|N1+O	اسم|اسم + ه
1	بابا	بابا|بابا	بابا|بابا	بابا|بابا	N1|Sp	اسم|شاخص
2	تابلو	تابلو	تابلو	تابلو	A0	صفت
3	بود	بود|بود|بود|بو	بود|بود|بود|بو	بود|بود|بود|بو+د	V|N1|V|V	سوم شخص مفرد|اسم|سوم شخص مفرد|سوم شخص مفرد
4	واسه	واسه	واسه	واسه	Pr1	حرف اضافه گروهی
5	داوره	داور	داور	داور+ه	N1+O	اسم + ه
6	کارت	کارت|کار|کار	کارت|کار|کار	کارت|کار+ت|کار+ت	N1|N1+N|V	اسم|اسم + ضمیر ملکی دوم شخص مفرد|سوم شخص مفرد
7	به	به|به	به|به	به|به	Pr|N1	حرف اضافه|اسم
8	کارت	کارت|کار|کار	کارت|کار|کار	کارت|کار+ت|کار+ت	N1|N1+N|V	اسم|اسم + ضمیر ملکی دوم شخص مفرد|سوم شخص مفرد
9	کردن	کرد	کرد	کرد+ن	V2+Neg	بن ماضی + ن
10	.	.	.	.	Si	

0	میگن	میگن	میگن	میگن	N
1	مایکروسافت	مایکروسافت	مایکروسافت	مایکروسافت	N1	اسم
2	واسه	واسه	واسه	واسه	Pr1	حرف اضافه گروهی
3	سایت	سایت	سایت	سایت	N1	اسم
4	IGN	IGN	IGN	IGN	Pl	کلمه انگلیسی
5	کارت	کارت|کار|کار	کارت|کار|کار	کارت|کار+ت|کار+ت	N1|N1+N|V	اسم|اسم + ضمیر ملکی دوم شخص مفرد|سوم شخص مفرد
6	به	به|به	به|به	به|به	Pr|N1	حرف اضافه|اسم
7	کارت	کارت|کار|کار	کارت|کار|کار	کارت|کار+ت|کار+ت	N1|N1+N|V	اسم|اسم + ضمیر ملکی دوم شخص مفرد|سوم شخص مفرد
8	کرده	کرد|کرد	کرد|کرد	کرد+ه|کرد+ه	O+O|N1+O	ریشه ماضی + ه|اسم + ه
9	تا	تا|تا|تا	تا|تا|تا	تا|تا|تا	Pr|C0|Ab	حرف اضافه|حرف ربط|اختصارات
10	امتیاز	امتیاز	امتیاز	امتیاز	N1	اسم
11	بالایی	بالایی|بالا|لایی|لا	بالایی|بالا|لایی|لا	بالایی|بالا+یی|با+لایی|با+لا+یی	A0|A0+O|O+N1|O+A0+O	صفت|صفت + یی|با + اسم|با + صفت + یی
12	به	به|به	به|به	به|به	Pr|N1	حرف اضافه|اسم
13	بازی	بازی|باز|باز|باز|باز	بازی|باز|باز|باز|باز	بازی|باز+ی|باز+ی|باز+ی|باز+ی	N1|V|A0+Y|N1+Y|Ad+Y	اسم|دوم شخص مفرد|صفت + ی|اسم + ی|قید + ی
14	Halo	Halo	Halo	Halo	Pl	کلمه انگلیسی
15	بده	ده|بد|ده	ده|بد|ده	ب+ده|بد+ه|ب+ده	V|A0+O|O+N1	فعل امر مثبت|صفت + ه|ب + اسم
16	.	.	.	.	Si	

0	مارال	مارال	مارال	مارال	N3	اسم خاص اشخاص
1	:	:	:	:	Si	

0	بچه‌ها	بچه|چه	بچه|چه	بچه+ها|ب+چه+ها	N1+Pl|O+A0+Pl	اسم + علامت جمع|ب + صفت + علامت جمع
1	امروز	امروز	امروز	امروز	N1	اسم
2	تولد	تولد	تولد	تولد	N1	اسم
3	بهنازه	بهنازه	بهنازه	بهنازه	N
4	،	،	،	،	Si	
5	دورهمی	دورهمی	دورهمی	دورهمی	N
6	داریم	دار|دار|دار	دار|دار|دار	دار+یم|دار+ی+م|دار+یم	V|V|N1+V	اول شخص جمع|دوم شخص مفرد|اسم + فعل اول شخص جمع
7	.	.	.	.	Si	

0	حدیثه	حدیث	حدیث	حدیث+ه	N1+O	اسم + ه
1	:	:	:	:	Si	

0	آج	آج	آج	آج	V	فعل امر مثبت
1	جون	جون	جون	جون	N1	اسم
2	،	،	،	،	Si	
3	دورهمی	دورهمی	دورهمی	دورهمی	N
4	!	!	!	!	Si	

0	مارال	مارال	مارال	مارال	N3	اسم خاص اشخاص
1	:	:	:	:	Si	

0	علی	علی|علی	علی|علی	علی|علی	N3|A0	اسم خاص اشخاص|صفت
1	کجاست	کجا	کجا	کجا+ست	NA+N	ضمیر پرسشی + ضمیر ملکی سوم شخص مفرد
2	؟	؟	؟	؟	Si	

0	کک	کک|کک	کک|کک	کک|کک	N1|N1	اسم|اسم
1	به	به|به	به|به	به|به	Pr|N1	حرف اضافه|اسم
2	تنبونمون	تنبونمون	تنبونمون	تنبونمون	N
3	انداخت	انداخت	انداخت	انداخت	V	سوم شخص مفرد
4	و	و|و|و	و|و|و	و|و|و	C0|Ab|Al	حرف ربط|اختصارات|حروف الفبا
5	رفت	رفت|رفت|رف	رفت|رفت|رف	رفت|رفت|رف+ت	V|V|N1+N	سوم شخص مفرد|سوم شخص مفرد|اسم + ضمیر ملکی دوم شخص مفرد
6	!	!	!	!	Si	

0	حدیثه	حدیث	حدیث	حدیث+ه	N1+O	اسم + ه
1	:	:	:	:	Si	

0	خیلی	خیلی|خیلی|خیل	خیلی|خیلی|خیل	خیلی|خیلی|خیل+ی	A0|Ad|N1+Y	صفت|قید|اسم + ی
1	ریلکسه	ریلکسه	ریلکسه	ریلکسه	N
2	!	!	!	!	Si	

0	الان	الان	الان	الان	Ad	قید
1	قلپ	قلپ	قلپ	قلپ	N1	اسم
2	دوم	دوم|دو|دو|دو|دو	دوم|دو|دو|دو|دو	دوم|دو+م|دو+م|دو+م|دو+م	A0|V|V|N1+N|N1+V	صفت|اول شخص مفرد|اول شخص مفرد|اسم + ضمیر ملکی اول شخص مفرد|اسم + فعل اول شخص مفرد
3	چاییشه	چاییشه	چاییشه	چاییشه	N
4	!	!	!	!	Si	

0	مارال	مارال	مارال	مارال	N3	اسم خاص اشخاص
1	:	:	:	:	Si	

0	تصویرسازیت	تصویرسازی|تصویرساز|تصویر	تصویرسازی|تصویرساز|تصویر	تصویرسازی+ت|تصویرساز+ی+ت|تصویر+ساز+ی+ت	N1+N|N1+Y+N|N1+O+Y+N	اسم + ضمیر ملکی دوم شخص مفرد|اسم + ی + ضمیر ملکی دوم شخص مفرد|اسم + ساز + ی + ضمیر ملکی دوم شخص مفرد
1	تو	تو|تو|تو	تو|تو|تو	تو|تو|تو	N5|Ad|N1	ضمیر فاعلی|قید|اسم
2	حلقم	حلق|حلق	حلق|حلق	حلق+م|حلق+م	N1+N|N1+V	اسم + ضمیر ملکی اول شخص مفرد|اسم + فعل اول شخص مفرد
3	.	.	.	.	Si	

0	مرضا	مرضا	مرضا	مرضا	N1	اسم
1	کجاست	کجا	کجا	کجا+ست	NA+N	ضمیر پرسشی + ضمیر ملکی سوم شخص مفرد
2	که	که|که|که|که	که|که|که|که	که|که|که|که	C0|NA|N1|N1	حرف ربط|ضمیر پرسشی|اسم|اسم
3	بیاد	یاد	یاد	ب+یاد	O+N1	ب + اسم
4	این	این|این	این|این	این|این	A1|N6	صفت اشاره|ضمیر اشاره
5	اصطلاح	اصطلاح	اصطلاح	اصطلاح	N1	اسم
6	ادبی	ادبی|ادب	ادبی|ادب	ادبی|ادب+ی	A0|N1+Y	صفت|اسم + ی
7	چاله‌میدونی	چاله میدونی	چاله میدونی	چاله میدونی	N
8	رو	رو|رو|رو|رو	رو|رو|رو|رو	رو|رو|رو|رو	N1|V|V|N9	اسم|فعل امر مثبت|فعل امر مثبت|اسم موجود در ساختمان حرف اضافه و حرف ربط گروهی
9	ثبت	ثبت	ثبت	ثبت	N1	اسم
10	کنه	کنه|کنه|کن|کن	کنه|کنه|کن|کن	کنه|کنه|کن+ه|کن+ه	N1|N1|V1+O|V1+O	اسم|اسم|بن مضارع + ه|بن مضارع + ه
11	تو	تو|تو|تو	تو|تو|تو	تو|تو|تو	N5|Ad|N1	ضمیر فاعلی|قید|اسم
12	اون	اون	اون	اون	N
13	بیلبیلک	بیلبیلک	بیلبیلک	بیلبیلک	N
14	؟	؟	؟	؟	Si	

0	سایت	سایت	سایت	سایت	N1	اسم
1	فارسی	فارسی|فارس	فارسی|فارس	فارسی|فارس+ی	A0|N1+Y	صفت|اسم + ی
2	شهری	شهری|شهر	شهری|شهر	شهری|شهر+ی	A0|N1+Y	صفت|اسم + ی
3	مرسده	مرسده	مرسده	مرسده	N
4	:	:	:	:	Si	

0	مرضا	مرضا	مرضا	مرضا	N1	اسم
1	اومد	اومد	اومد	اومد	N
2	ثبت	ثبت	ثبت	ثبت	N1	اسم
3	کنه	کنه|کنه|کن|کن	کنه|کنه|کن|کن	کنه|کنه|کن+ه|کن+ه	N1|N1|V1+O|V1+O	اسم|اسم|بن مضارع + ه|بن مضارع + ه
4	!	!	!	!	Si	

0	مرضا	مرضا	مرضا	مرضا	N1	اسم
1	:	:	:	:	Si	

0	ثبت	ثبت	ثبت	ثبت	N1	اسم
1	شد	شد	شد	شد	V	سوم شخص مفرد
2	!	!	!	!	Si	

0	منتظر	منتظر	منتظر	منتظر	A0	صفت
1	تأیید	تأیید	تأیید	تأیید	N1	اسم
2	فارسی	فارسی|فارس	فارسی|فارس	فارسی|فارس+ی	A0|N1+Y	صفت|اسم + ی
3	شهری	شهری|شهر	شهری|شهر	شهری|شهر+ی	A0|N1+Y	صفت|اسم + ی

0	و	و|و|و	و|و|و	و|و|و	C0|Ab|Al	حرف ربط|اختصارات|حروف الفبا
1	این	این|این	این|این	این|این	A1|N6	صفت اشاره|ضمیر اشاره
2	دو	دو|دو|دو|دو	دو|دو|دو|دو	دو|دو|دو|دو	No|V|V|N1	عدد حرفی|فعل امر مثبت|فعل امر مثبت|اسم
3	تن	تن|تن|تن	تن|تن|تن	تن|تن|تن	V|N1|N1	فعل امر مثبت|اسم|اسم
4	برفتند	برفتند	برفتند	برفتند	N
5	با	با	با	با	Pr	حرف اضافه
6	بگتگین	بگتگین	بگتگین	بگتگین	N
7	بگفتند	گفت|گفت	گفت|گفت	ب+گفت+ند|ب+گفت+ند	V|O+N1+V	سوم شخص جمع|ب + اسم + فعل سوم شخص جمع
8	که	که|که|که|که	که|که|که|که	که|که|که|که	C0|NA|N1|N1	حرف ربط|ضمیر پرسشی|اسم|اسم
9	به	به|به	به|به	به|به	Pr|N1	حرف اضافه|اسم
10	چه	چه|چه|چه	چه|چه|چه	چه|چه|چه	NA|C0|A0	ضمیر پرسشی|حرف ربط|صفت
11	شغل	شغل	شغل	شغل	N1	اسم
12	آمده‌اند	آمد|آمد	آمد|آمد	آمد+ه+اند|آمد+ه+اند	V|N1+O+V	سوم شخص جمع|اسم + ه + فعل سوم شخص جمع
13	،	،	،	،	Si	
14	که	که|که|که|که	که|که|که|که	که|که|که|که	C0|NA|N1|N1	حرف ربط|ضمیر پرسشی|اسم|اسم
15	بی‌مثال	بی‌مثال|مثال	بی‌مثال|مثال	بی‌مثال|بی+مثال	A0|O+N1	صفت|بی + اسم
16	وی	وی|وی	وی|وی	وی|وی	N5|Ab	ضمیر فاعلی|اختصارات
17	کسی	کسی	کسی	کسی	A2	صفت مبهم
18	بر	بر|بر|بر|بر|بر	بر|بر|بر|بر|بر	بر|بر|بر|بر|بر	Pr|V|V|VPr|N1	حرف اضافه|فعل امر مثبت|فعل امر مثبت|پیشوند فعل|اسم
19	قلعت	قلع	قلع	قلع+ت	N1+N	اسم + ضمیر ملکی دوم شخص مفرد
20	نتوانستی	توانست|توانست	توانست|توانست	ن+توانست+ی|ن+توانست+ی	Neg+V4+Y|V	ن + فعل وجه نما + ی|دوم شخص مفرد
21	شد	شد	شد	شد	V	سوم شخص مفرد
22	.	.	.	.	Si	

0	بگتگین	بگتگین	بگتگین	بگتگین	N
1	کدخدای	کدخدا	کدخدا	کدخدا+ی	N1+Y	اسم + ی
2	خویش	خویش	خویش	خویش	N	ضمیر مشترک/متقابل
3	را	را	را	را	Po	حرف اضافه پسین
4	با	با	با	با	Pr	حرف اضافه
5	ایشان	ایشان	ایشان	ایشان	N5	ضمیر فاعلی
6	نامزد	نامزد|مزد	نامزد|مزد	نامزد|نا+مزد	N1|Neg+N1	اسم|نا + اسم
7	کرد	کرد|کرد	کرد|کرد	کرد|کرد	V|N1	سوم شخص مفرد|اسم
8	و	و|و|و	و|و|و	و|و|و	C0|Ab|Al	حرف ربط|اختصارات|حروف الفبا
9	بر	بر|بر|بر|بر|بر	بر|بر|بر|بر|بر	بر|بر|بر|بر|بر	Pr|V|V|VPr|N1	حرف اضافه|فعل امر مثبت|فعل امر مثبت|پیشوند فعل|اسم
10	قلعت	قلع	قلع	قلع+ت	N1+N	اسم + ضمیر ملکی دوم شخص مفرد
11	رفتند	رفت|رفت	رفت|رفت	رفت+ند|رفت+ند	V|V	سوم شخص جمع|سوم شخص جمع
12	و	و|و|و	و|و|و	و|و|و	C0|Ab|Al	حرف ربط|اختصارات|حروف الفبا
13	پیش	پیش|پیش|پی	پیش|پیش|پی	پیش|پیش|پی+ش	A0|N9|N1+N	صفت|اسم موجود در ساختمان حرف اضافه و حرف ربط گروهی|اسم + ضمیر ملکی سوم شخص مفرد
14	امیرمحمد	امیرمحمد	امیرمحمد	امیرمحمد	N3	اسم خاص اشخاص
15	شدند	شد	شد	شد+ند	V	سوم شخص جمع
16	و	و|و|و	و|و|و	و|و|و	C0|Ab|Al	حرف ربط|اختصارات|حروف الفبا
17	رسم	رسم|رس|رس|رس	رسم|رس|رس|رس	رسم|رس+م|رس+م|رس+م	N1|V|N1+N|N1+V	اسم|اول شخص مفرد|اسم + ضمیر ملکی اول شخص مفرد|اسم + فعل اول شخص مفرد
18	خدمت	خدمت|خدم	خدمت|خدم	خدمت|خدم+ت	N1|N1+N	اسم|اسم + ضمیر ملکی دوم شخص مفرد
19	را	را	را	را	Po	حرف اضافه پسین
20	بجای	جای|بجا|جا	جای|بجا|جا	ب+جای|بجا+ی|ب+جا+ی	O+N1|A0+Y|O+N1+Y	ب + اسم|صفت + ی|ب + اسم + ی
21	آوردند	آورد	آورد	آورد+ند	V	سوم شخص جمع
22	،	،	،	،	Si	
23	امیر	امیر	امیر	امیر	N3	اسم خاص اشخاص
24	گفت	گفت|گفت	گفت|گفت	گفت|گفت	V|N1	سوم شخص مفرد|اسم
25	:	:	:	:	Si	

0	خبر	خبر	خبر	خبر	N1	اسم
1	برادرم	برادر|برادر	برادر|برادر	برادر+م|برادر+م	N1+N|N1+V	اسم + ضمیر ملکی اول شخص مفرد|اسم + فعل اول شخص مفرد
2	چیست	چیست	چیست	چیست	V	فعل امر مثبت
3	و	و|و|و	و|و|و	و|و|و	C0|Ab|Al	حرف ربط|اختصارات|حروف الفبا
4	لشکرکی	لشکرک	لشکرک	لشکرک+ی	N2+Y	اسم خاص مکان + ی
5	خواهد‌رفت	رفت|رفت	رفت|رفت	خواهد+رفت|خواهد+رفت	V|V	سوم شخص مفرد|سوم شخص مفرد
6	نزدیک	نزدیک|نزدیک	نزدیک|نزدیک	نزدیک|نزدیک	A0|N9	صفت|اسم موجود در ساختمان حرف اضافه و حرف ربط گروهی
7	وی	وی|وی	وی|وی	وی|وی	N5|Ab	ضمیر فاعلی|اختصارات
8	؟	؟	؟	؟	Si	

0	گفتند	گفت|گفت	گفت|گفت	گفت+ند|گفت+ند	V|N1+V	سوم شخص جمع|اسم + فعل سوم شخص جمع
1	:	:	:	:	Si	

0	«	«	«	«	Si	
1	خبر	خبر	خبر	خبر	N1	اسم
2	خداوند	خداوند	خداوند	خداوند	N1	اسم
3	سلطان	سلطان|سلطان	سلطان|سلطان	سلطان|سلطان	N1|Sp	اسم|شاخص
4	همه	همه|همه	همه|همه	همه|همه	N1|A2	اسم|صفت مبهم
5	خیر	خیر|خیر	خیر|خیر	خیر|خیر	Ad|A0	قید|صفت
6	است	است|اس	است|اس	است|اس+ت	V|N1+N	سوم شخص مفرد|اسم + ضمیر ملکی دوم شخص مفرد
7	،	،	،	،	Si	
8	و	و|و|و	و|و|و	و|و|و	C0|Ab|Al	حرف ربط|اختصارات|حروف الفبا
9	در	در|در|در|در|در	در|در|در|در|در	در|در|در|در|در	Pr|V|N1|N1|VPr	حرف اضافه|فعل امر مثبت|اسم|اسم|پیشوند فعل
10	این	این|این	این|این	این|این	A1|N6	صفت اشاره|ضمیر اشاره
11	دو	دو|دو|دو|دو	دو|دو|دو|دو	دو|دو|دو|دو	No|V|V|N1	عدد حرفی|فعل امر مثبت|فعل امر مثبت|اسم
12	سه	سه	سه	سه	No	عدد حرفی
13	روز	روز	روز	روز	N1	اسم
14	همه	همه|همه	همه|همه	همه|همه	N1|A2	اسم|صفت مبهم
15	لشکر	لشکر	لشکر	لشکر	N1	اسم
16	بروند	روند|رو|رو|رو	روند|رو|رو|رو	ب+روند|ب+رو+ند|ب+رو+ند|ب+رو+ند	O+A0|O+N1+V|V|V	ب + صفت|ب + اسم + فعل سوم شخص جمع|سوم شخص جمع|سوم شخص جمع
17	و	و|و|و	و|و|و	و|و|و	C0|Ab|Al	حرف ربط|اختصارات|حروف الفبا
18	حاجب	حاجب	حاجب	حاجب	N1	اسم
19	بزرگ	بزرگ	بزرگ	بزرگ	A0	صفت
20	براثر	براثر	براثر	براثر	Pr1	حرف اضافه گروهی
21	ایشان	ایشان	ایشان	ایشان	N5	ضمیر فاعلی
22	،	،	،	،	Si	
23	و	و|و|و	و|و|و	و|و|و	C0|Ab|Al	حرف ربط|اختصارات|حروف الفبا
24	بندگان	بندگان|بنده|بند|بند	بندگان|بنده|بند|بند	بندگان|بنده+گان|بند+ه+گان|بند+ه+گان	N1|N1+Pl|V1+O+Pl|N1+O+Pl	اسم|اسم + علامت جمع|بن مضارع + ه + علامت جمع|اسم + ه + علامت جمع
25	بدین	بدین	بدین	بدین	Pr	حرف اضافه
26	آمده‌اند	آمد|آمد	آمد|آمد	آمد+ه+اند|آمد+ه+اند	V|N1+O+V	سوم شخص جمع|اسم + ه + فعل سوم شخص جمع
27	»	»	»	»	Si	
28	،	،	،	،	Si	
29	و	و|و|و	و|و|و	و|و|و	C0|Ab|Al	حرف ربط|اختصارات|حروف الفبا
30	نامه	نامه|نام|نام	نامه|نام|نام	نامه|نام+ه|نام+ه	N1|N1+O|V1+O	اسم|اسم + ه|بن مضارع + ه
31	به	به|به	به|به	به|به	Pr|N1	حرف اضافه|اسم
32	امیر	امیر	امیر	امیر	N3	اسم خاص اشخاص
33	دادند	داد|داد	داد|داد	داد+ند|داد+ند	V|N1+V	سوم شخص جمع|اسم + فعل سوم شخص جمع
34	.	.	.	.	Si	

0	بر	بر|بر|بر|بر|بر	بر|بر|بر|بر|بر	بر|بر|بر|بر|بر	Pr|V|V|VPr|N1	حرف اضافه|فعل امر مثبت|فعل امر مثبت|پیشوند فعل|اسم
1	خواند	خواند|خوان	خواند|خوان	خواند|خوان+د	V|V	سوم شخص مفرد|سوم شخص مفرد
2	و	و|و|و	و|و|و	و|و|و	C0|Ab|Al	حرف ربط|اختصارات|حروف الفبا
3	لختی	لختی|لختی|لخت|لخت	لختی|لختی|لخت|لخت	لختی|لختی|لخت+ی|لخت+ی	A2|A0|A0+Y|A0+Y	صفت مبهم|صفت|صفت + ی|صفت + ی
4	تاریکی	تاریکی|تاریک|تاری	تاریکی|تاریک|تاری	تاریکی|تاریک+ی|تاری+ک+ی	N1|A0+Y|N1+O+Y	اسم|صفت + ی|اسم + ک + ی
5	در	در|در|در|در|در	در|در|در|در|در	در|در|در|در|در	Pr|V|N1|N1|VPr	حرف اضافه|فعل امر مثبت|اسم|اسم|پیشوند فعل
6	وی	وی|وی	وی|وی	وی|وی	N5|Ab	ضمیر فاعلی|اختصارات
7	پیدا	پیدا	پیدا	پیدا	A0	صفت
8	آمد	آمد|آمد	آمد|آمد	آمد|آمد	V|N1	سوم شخص مفرد|اسم
9	.	.	.	.	Si	

0	نبیه	نبی	نبی	نبی+ه	N1+O	اسم + ه
1	گفت	گفت|گفت	گفت|گفت	گفت|گفت	V|N1	سوم شخص مفرد|اسم
2	«	«	«	«	Si	
3	زندگانی	زندگانی|زنده	زندگانی|زنده	زندگانی|زنده+گان+ی	N1|A0+Pl+Y	اسم|صفت + علامت جمع + ی
4	امیر	امیر	امیر	امیر	N3	اسم خاص اشخاص
5	دراز	دراز	دراز	دراز	A0	صفت
6	باد	باد	باد	باد	N1	اسم
7	،	،	،	،	Si	
8	سلطان	سلطان|سلطان	سلطان|سلطان	سلطان|سلطان	N1|Sp	اسم|شاخص
9	که	که|که|که|که	که|که|که|که	که|که|که|که	C0|NA|N1|N1	حرف ربط|ضمیر پرسشی|اسم|اسم
10	برادر	برادر	برادر	برادر	N1	اسم
11	است	است|اس	است|اس	است|اس+ت	V|N1+N	سوم شخص مفرد|اسم + ضمیر ملکی دوم شخص مفرد
12	حق	حق|حق	حق|حق	حق|حق	N1|N9	اسم|اسم موجود در ساختمان حرف اضافه و حرف ربط گروهی
13	امیر	امیر	امیر	امیر	N3	اسم خاص اشخاص
14	را	را	را	را	Po	حرف اضافه پسین
15	نگاه	نگاه	نگاه	نگاه	N1	اسم
16	دارد	دار|دار	دار|دار	دار+د|دار+د	V|V5+O	سوم شخص مفرد|فعل کمکی + د
17	و	و|و|و	و|و|و	و|و|و	C0|Ab|Al	حرف ربط|اختصارات|حروف الفبا
18	مهربانی	مهربانی|مهربان|مهر|مهر|مهر	مهربانی|مهربان|مهر|مهر|مهر	مهربانی|مهربان+ی|مهر+بان+ی|مهر+بان+ی|مهر+بان+ی	N1|A0+Y|N1+Pl+Y|N1+Pl+Y|N1+Pl+Y	اسم|صفت + ی|اسم + بان + ی|اسم + بان + ی|اسم + بان + ی
19	نماید	نما|نما|نما	نما|نما|نما	نما+ید|نما+ید|نما+ید	V|V|V	دوم شخص جمع|دوم شخص جمع|دوم شخص جمع
20	.	.	.	.	Si	

0	دل	دل	دل	دل	N1	اسم
1	بد	بد	بد	بد	A0	صفت
2	نباید	باید	باید	ن+باید	Neg+V4	ن + فعل وجه نما
3	کرد	کرد|کرد	کرد|کرد	کرد|کرد	V|N1	سوم شخص مفرد|اسم
4	و	و|و|و	و|و|و	و|و|و	C0|Ab|Al	حرف ربط|اختصارات|حروف الفبا
5	به‌قضای	به قضای	به قضای	به قضای	N
6	خدای	خدا	خدا	خدا+ی	N1+Y	اسم + ی
7	عزوجل	عزوجل	عزوجل	عزوجل	A0	صفت
8	رضا	رضا	رضا	رضا	N3	اسم خاص اشخاص
9	باید	باید	باید	باید	V4	فعل وجه نما
10	داد	داد|داد	داد|داد	داد|داد	V|N1	سوم شخص مفرد|اسم
11	و	و|و|و	و|و|و	و|و|و	C0|Ab|Al	حرف ربط|اختصارات|حروف الفبا
12	از	از	از	از	Pr	حرف اضافه
13	این	این|این	این|این	این|این	A1|N6	صفت اشاره|ضمیر اشاره
14	باب	باب|باب	باب|باب	باب|باب	N1|N9	اسم|اسم موجود در ساختمان حرف اضافه و حرف ربط گروهی
15	بسیار	بسیار|بسیار|سیار|بس	بسیار|بسیار|سیار|بس	بسیار|بسیار|ب+سیار|بس+یار	A0|Ad|O+A0|A0+O	صفت|قید|ب + صفت|صفت + یار
16	سخن	سخن	سخن	سخن	N1	اسم
17	نیکو	نیکو	نیکو	نیکو	A0	صفت
18	گفت	گفت|گفت	گفت|گفت	گفت|گفت	V|N1	سوم شخص مفرد|اسم
19	،	،	،	،	Si	
20	و	و|و|و	و|و|و	و|و|و	C0|Ab|Al	حرف ربط|اختصارات|حروف الفبا
21	فذلک	فذلک	فذلک	فذلک	N
22	آن	آن|آن	آن|آن	آن|آن	A1|N6	صفت اشاره|ضمیر اشاره
23	بود	بود|بود|بود|بو	بود|بود|بود|بو	بود|بود|بود|بو+د	V|N1|V|V	سوم شخص مفرد|اسم|سوم شخص مفرد|سوم شخص مفرد
24	که	که|که|که|که	که|که|که|که	که|که|که|که	C0|NA|N1|N1	حرف ربط|ضمیر پرسشی|اسم|اسم
25	بودنی	بود|بود	بود|بود	بود+نی|بود+نی	V2+O|V3+O	بن ماضی + نی|فعل اسنادی + نی
26	بوده‌است	بود|بو	بود|بو	بود+ها+ست|بو+د+ها+ست	N1+Pl+N|V1+O+Pl+N	اسم + علامت جمع + ضمیر ملکی سوم شخص مفرد|بن مضارع + د + علامت جمع + ضمیر ملکی سوم شخص مفرد
27	.	.	.	.	Si	

0	به	به|به	به|به	به|به	Pr|N1	حرف اضافه|اسم
1	سر	سر|سر|سر|سر|سر	سر|سر|سر|سر|سر	سر|سر|سر|سر|سر	V|N1|N1|N1|N9	فعل امر مثبت|اسم|اسم|اسم|اسم موجود در ساختمان حرف اضافه و حرف ربط گروهی
2	نشاط	نشاط	نشاط	نشاط	N1	اسم
3	بازباید	باید	باید	باز+باید	O+V4	باز + فعل وجه نما
4	شد	شد	شد	شد	V	سوم شخص مفرد
5	و	و|و|و	و|و|و	و|و|و	C0|Ab|Al	حرف ربط|اختصارات|حروف الفبا
6	امیر	امیر	امیر	امیر	N3	اسم خاص اشخاص
7	ایشان	ایشان	ایشان	ایشان	N5	ضمیر فاعلی
8	را	را	را	را	Po	حرف اضافه پسین
9	بنواخت	نواخت	نواخت	ب+نواخت	V	سوم شخص مفرد
10	و	و|و|و	و|و|و	و|و|و	C0|Ab|Al	حرف ربط|اختصارات|حروف الفبا
11	گفت	گفت|گفت	گفت|گفت	گفت|گفت	V|N1	سوم شخص مفرد|اسم
12	«	«	«	«	Si	
13	مرا	مرا	مرا	مرا	N5	ضمیر فاعلی
14	فراموش	فراموش|موش	فراموش|موش	فراموش|فرا+موش	N1|O+N1	اسم|فرا + اسم
15	مکنید	مکنید	مکنید	مکنید	N
16	.	.	.	.	Si	
17	»	»	»	»	Si	
18	و	و|و|و	و|و|و	و|و|و	C0|Ab|Al	حرف ربط|اختصارات|حروف الفبا
19	بازگشتند	بازگشت|بازگشت	بازگشت|بازگشت	بازگشت+ند|بازگشت+ند	V|N1+V	سوم شخص جمع|اسم + فعل سوم شخص جمع
20	و	و|و|و	و|و|و	و|و|و	C0|Ab|Al	حرف ربط|اختصارات|حروف الفبا
21	آنچه	آنچه	آنچه	آنچه	N1	اسم
22	رفته‌بود	رفت|رفت	رفت|رفت	رفت+ه+بود|رفت+ه+بود	V|V	سوم شخص مفرد|سوم شخص مفرد
23	با	با	با	با	Pr	حرف اضافه
24	حاجب	حاجب	حاجب	حاجب	N1	اسم
25	بزرگ	بزرگ	بزرگ	بزرگ	A0	صفت
26	علی	علی|علی	علی|علی	علی|علی	N3|A0	اسم خاص اشخاص|صفت
27	گفتند	گفت|گفت	گفت|گفت	گفت+ند|گفت+ند	V|N1+V	سوم شخص جمع|اسم + فعل سوم شخص جمع
28	.	.	.	.	Si	

0	،	،	،	،	Si	
1	ای	ای|ای|ای	ای|ای|ای	ای|ای|ای	Intj|Ab|Ab	صوت|اختصارات|اختصارات
2	که	که|که|که|که	که|که|که|که	که|که|که|که	C0|NA|N1|N1	حرف ربط|ضمیر پرسشی|اسم|اسم
3	مرا	مرا	مرا	مرا	N5	ضمیر فاعلی
4	مایه‌ی	مایه	مایه	مایه+ی	N1+Y	اسم + ی
5	حظی	حظ	حظ	حظ+ی	N1+Y	اسم + ی
6	و	و|و|و	و|و|و	و|و|و	C0|Ab|Al	حرف ربط|اختصارات|حروف الفبا
7	سروری	سروری|سرور|سرور|سر	سروری|سرور|سرور|سر	سروری|سرور+ی|سرور+ی|سر+ور+ی	N1|N1+Y|N1+Y|V1+O+Y	اسم|اسم + ی|اسم + ی|بن مضارع + ور + ی
8	و	و|و|و	و|و|و	و|و|و	C0|Ab|Al	حرف ربط|اختصارات|حروف الفبا
9	زهر	زهر	زهر	زهر	N1	اسم
10	عیب	عیب	عیب	عیب	N1	اسم
11	به	به|به	به|به	به|به	Pr|N1	حرف اضافه|اسم
12	دوری	دوری|دوری|دور|دور	دوری|دوری|دور|دور	دوری|دوری|دور+ی|دور+ی	N1|N1|A0+Y|N1+Y	اسم|اسم|صفت + ی|اسم + ی
13	و	و|و|و	و|و|و	و|و|و	C0|Ab|Al	حرف ربط|اختصارات|حروف الفبا
14	چو	چو	چو	چو	N1	اسم
15	یکپارچه	یکپارچه	یکپارچه	یکپارچه	A0	صفت
16	نوری	نوری|نور	نوری|نور	نوری|نور+ی	A0|N1+Y	صفت|اسم + ی
17	و	و|و|و	و|و|و	و|و|و	C0|Ab|Al	حرف ربط|اختصارات|حروف الفبا
18	به	به|به	به|به	به|به	Pr|N1	حرف اضافه|اسم
19	دل	دل	دل	دل	N1	اسم
20	همچو	همچو|چو	همچو|چو	همچو|هم+چو	A0|O+N1	صفت|هم + اسم
21	بلوری	بلوری|بلور|لور	بلوری|بلور|لور	بلوری|بلور+ی|ب+لور+ی	A0|N1+Y|O+N1+Y	صفت|اسم + ی|ب + اسم + ی
22	و	و|و|و	و|و|و	و|و|و	C0|Ab|Al	حرف ربط|اختصارات|حروف الفبا
23	مبرا	مبرا	مبرا	مبرا	A0	صفت
24	ز	ز|ز	ز|ز	ز|ز	Al|Ab	حروف الفبا|اختصارات
25	غروری	غرور	غرور	غرور+ی	N1+Y	اسم + ی
26	و	و|و|و	و|و|و	و|و|و	C0|Ab|Al	حرف ربط|اختصارات|حروف الفبا
27	پر	پر|پر|پر	پر|پر|پر	پر|پر|پر	V|A0|N1	فعل امر مثبت|صفت|اسم
28	از	از	از	از	Pr	حرف اضافه
29	شعر	شعر	شعر	شعر	N1	اسم
30	و	و|و|و	و|و|و	و|و|و	C0|Ab|Al	حرف ربط|اختصارات|حروف الفبا
31	شعوری	شعوری|شعور	شعوری|شعور	شعوری|شعور+ی	A0|N1+Y	صفت|اسم + ی
32	،	،	،	،	Si	
33	با	با	با	با	Pr	حرف اضافه
34	درودی	درودی|درود	درودی|درود	درودی|درود+ی	N4|N1+Y	اسم فامیل|اسم + ی
35	و	و|و|و	و|و|و	و|و|و	C0|Ab|Al	حرف ربط|اختصارات|حروف الفبا
36	سلامی	سلامی|سلام	سلامی|سلام	سلامی|سلام+ی	N4|N1+Y	اسم فامیل|اسم + ی
37	و	و|و|و	و|و|و	و|و|و	C0|Ab|Al	حرف ربط|اختصارات|حروف الفبا
38	نویدی	نویدی|نوید|نوید	نویدی|نوید|نوید	نویدی|نوید+ی|نوید+ی	N4|V|N1+Y	اسم فامیل|دوم شخص مفرد|اسم + ی
39	و	و|و|و	و|و|و	و|و|و	C0|Ab|Al	حرف ربط|اختصارات|حروف الفبا
40	پیامی	پیام	پیام	پیام+ی	N1+Y	اسم + ی
41	و	و|و|و	و|و|و	و|و|و	C0|Ab|Al	حرف ربط|اختصارات|حروف الفبا
42	حدیثی	حدیث	حدیث	حدیث+ی	N1+Y	اسم + ی
43	و	و|و|و	و|و|و	و|و|و	C0|Ab|Al	حرف ربط|اختصارات|حروف الفبا
44	کلامی	کلامی|کلام	کلامی|کلام	کلامی|کلام+ی	A0|N1+Y	صفت|اسم + ی
45	زره	زره|زر|زر	زره|زر|زر	زره|زر+ه|زر+ه	N1|N1+O|N1+O	اسم|اسم + ه|اسم + ه
46	دور	دور|دور	دور|دور	دور|دور	A0|N1	صفت|اسم
47	،	،	،	،	Si	
48	از	از	از	از	Pr	حرف اضافه
49	این	این|این	این|این	این|این	A1|N6	صفت اشاره|ضمیر اشاره
50	عاشق	عاشق	عاشق	عاشق	A0	صفت
51	رنجور	رنجور|رنج	رنجور|رنج	رنجور|رنج+ور	A0|V1+O	صفت|بن مضارع + ور
52	،	،	،	،	Si	
53	به	به|به	به|به	به|به	Pr|N1	حرف اضافه|اسم
54	تو	تو|تو|تو	تو|تو|تو	تو|تو|تو	N5|Ad|N1	ضمیر فاعلی|قید|اسم
55	ای	ای|ای|ای	ای|ای|ای	ای|ای|ای	Intj|Ab|Ab	صوت|اختصارات|اختصارات
56	دلبر	دلبر|دل	دلبر|دل	دلبر|دل+بر	N1|N1+O	اسم|اسم + بر
57	مهجور	مهجور	مهجور	مهجور	A0	صفت
58	،	،	،	،	Si	
59	که	که|که|که|که	که|که|که|که	که|که|که|که	C0|NA|N1|N1	حرف ربط|ضمیر پرسشی|اسم|اسم
60	باشی	باش	باش	باش+ی	V	دوم شخص مفرد
61	به	به|به	به|به	به|به	Pr|N1	حرف اضافه|اسم
62	هنر	هنر	هنر	هنر	N1	اسم
63	شهره	شهره|شهره|شهر	شهره|شهره|شهر	شهره|شهره|شهر+ه	N3|N1|N1+O	اسم خاص اشخاص|اسم|اسم + ه
64	و	و|و|و	و|و|و	و|و|و	C0|Ab|Al	حرف ربط|اختصارات|حروف الفبا
65	مشهور	مشهور	مشهور	مشهور	A0	صفت
66	و	و|و|و	و|و|و	و|و|و	C0|Ab|Al	حرف ربط|اختصارات|حروف الفبا
67	نباشد	باش	باش	ن+باش+د	V	سوم شخص مفرد
68	به	به|به	به|به	به|به	Pr|N1	حرف اضافه|اسم
69	دلت	دل	دل	دل+ت	N1+N	اسم + ضمیر ملکی دوم شخص مفرد
70	جور	جور|جور	جور|جور	جور|جور	A0|N1	صفت|اسم
71	و	و|و|و	و|و|و	و|و|و	C0|Ab|Al	حرف ربط|اختصارات|حروف الفبا
72	جفایی	جفا	جفا	جفا+یی	N1+O	اسم + یی
73	،	،	،	،	Si	
74	که	که|که|که|که	که|که|که|که	که|که|که|که	C0|NA|N1|N1	حرف ربط|ضمیر پرسشی|اسم|اسم
75	تو	تو|تو|تو	تو|تو|تو	تو|تو|تو	N5|Ad|N1	ضمیر فاعلی|قید|اسم
76	خود	خود|خود	خود|خود	خود|خود	N|N1	ضمیر مشترک/متقابل|اسم
77	اصل	اصل	اصل	اصل	A0	صفت
78	وفایی	وفایی|وفا	وفایی|وفا	وفایی|وفا+یی	N4|N1+O	اسم فامیل|اسم + یی
79	و	و|و|و	و|و|و	و|و|و	C0|Ab|Al	حرف ربط|اختصارات|حروف الفبا
80	بهین	هین|به	هین|به	ب+هین|به+ین	O+N1|N1+O	ب + اسم|اسم + ین
81	شاعر	شاعر	شاعر	شاعر	N1	اسم
82	مایی	ما	ما	ما	N
83	و	و|و|و	و|و|و	و|و|و	C0|Ab|Al	حرف ربط|اختصارات|حروف الفبا
84	به	به|به	به|به	به|به	Pr|N1	حرف اضافه|اسم
85	درددل	درددل	درددل	درددل	N1	اسم
86	عشاق	عشاق	عشاق	عشاق	N1	اسم
87	دوایی	دوایی|دوا	دوایی|دوا	دوایی|دوا+یی	A0|N1+O	صفت|اسم + یی
88	،	،	،	،	Si	
89	به	به|به	به|به	به|به	Pr|N1	حرف اضافه|اسم
90	چه	چه|چه|چه	چه|چه|چه	چه|چه|چه	NA|C0|A0	ضمیر پرسشی|حرف ربط|صفت
91	حالی	حالی|حال	حالی|حال	حالی|حال+ی	A0|N1+Y	صفت|اسم + ی
92	و	و|و|و	و|و|و	و|و|و	C0|Ab|Al	حرف ربط|اختصارات|حروف الفبا
93	کجایی	کجایی	کجایی	کجایی	NA	ضمیر پرسشی
94	،	،	،	،	Si	
95	ز	ز|ز	ز|ز	ز|ز	Al|Ab	حروف الفبا|اختصارات
96	برم	برم|بر|بر|بر|بر	برم|بر|بر|بر|بر	برم|بر+م|بر+م|بر+م|بر+م	N1|V|V|N1+N|N1+V	اسم|اول شخص مفرد|اول شخص مفرد|اسم + ضمیر ملکی اول شخص مفرد|اسم + فعل اول شخص مفرد
97	دور	دور|دور	دور|دور	دور|دور	A0|N1	صفت|اسم
98	چرایی	چرایی|چرا|چرا	چرایی|چرا|چرا	چرایی|چرا+یی|چرا+یی	N1|N1+O|N1+O	اسم|اسم + یی|اسم + یی
99	،	،	،	،	Si	
100	ارچه	ارچه	ارچه	ارچه	N
101	ما	ما	ما	ما	N5	ضمیر فاعلی
102	را	را	را	را	Po	حرف اضافه پسین
103	نبود	نبود|بود|بود|بو	نبود|بود|بود|بو	نبود|ن+بود|ن+بود|ن+بو+د	N1|V|V|V	اسم|سوم شخص مفرد|سوم شخص مفرد|سوم شخص مفرد
104	طاقت	طاقت|طاق	طاقت|طاق	طاقت|طاق+ت	N1|N1+N	اسم|اسم + ضمیر ملکی دوم شخص مفرد
105	هجران	هجران|هجر	هجران|هجر	هجران|هجر+ان	N1|N1+Pl	اسم|اسم + ان
106	رخت	رخت|رخ|رخ	رخت|رخ|رخ	رخت|رخ+ت|رخ+ت	N1|N1+N|N1+N	اسم|اسم + ضمیر ملکی دوم شخص مفرد|اسم + ضمیر ملکی دوم شخص مفرد
107	ایمه	ایمه	ایمه	ایمه	N1	اسم
108	زیبا	زیبا	زیبا	زیبا	A0	صفت
109	،	،	،	،	Si	
110	دارم	دار|دار|دار	دار|دار|دار	دار+م|دار+م|دار+م	V|N1+N|N1+V	اول شخص مفرد|اسم + ضمیر ملکی اول شخص مفرد|اسم + فعل اول شخص مفرد
111	امید	امید|امید|ام	امید|امید|ام	امید|امید|ام+ید	N3|A0|N1+V	اسم خاص اشخاص|صفت|اسم + فعل دوم شخص جمع
112	که	که|که|که|که	که|که|که|که	که|که|که|که	C0|NA|N1|N1	حرف ربط|ضمیر پرسشی|اسم|اسم
113	لطف	لطف	لطف	لطف	N1	اسم
114	ازلی	ازلی|ازل	ازلی|ازل	ازلی|ازل+ی	A0|N1+Y	صفت|اسم + ی
115	در	در|در|در|در|در	در|در|در|در|در	در|در|در|در|در	Pr|V|N1|N1|VPr	حرف اضافه|فعل امر مثبت|اسم|اسم|پیشوند فعل
116	همه	همه|همه	همه|همه	همه|همه	N1|A2	اسم|صفت مبهم
117	احوال	حال	حال	حال	N	اسم مفرد جمع مکسر
118	بسی	بسی|بس	بسی|بس	بسی|بس+ی	Ad|A0+Y	قید|صفت + ی
119	شامل	شامل	شامل	شامل	A0	صفت
120	حالت	حالت|حال	حالت|حال	حالت|حال+ت	N1|N1+N	اسم|اسم + ضمیر ملکی دوم شخص مفرد
121	شده‌باشد	شد	شد	شد+ه+باش+د	V3+O+O+O	فعل اسنادی + ه + باش + د
122	و	و|و|و	و|و|و	و|و|و	C0|Ab|Al	حرف ربط|اختصارات|حروف الفبا
123	دگر	دگر|دگر	دگر|دگر	دگر|دگر	V|A0	فعل امر مثبت|صفت
124	همچو	همچو|چو	همچو|چو	همچو|هم+چو	A0|O+N1	صفت|هم + اسم
125	گذشته‌بشوی	گذشت	گذشت	گذشت+ه+ب+شو+ی	V	دوم شخص مفرد
126	همره	همره|ره|ره	همره|ره|ره	همره|هم+ره|هم+ره	A0|V|O+N1	صفت|سوم شخص مفرد|هم + اسم
127	و	و|و|و	و|و|و	و|و|و	C0|Ab|Al	حرف ربط|اختصارات|حروف الفبا
128	مأنوس	مأنوس	مأنوس	مأنوس	A0	صفت
129	به	به|به	به|به	به|به	Pr|N1	حرف اضافه|اسم
130	سلم	سل|سل	سل|سل	سل+م|سل+م	N1+N|N1+V	اسم + ضمیر ملکی اول شخص مفرد|اسم + فعل اول شخص مفرد
131	و	و|و|و	و|و|و	و|و|و	C0|Ab|Al	حرف ربط|اختصارات|حروف الفبا
132	خوشی	خوشی|خوش	خوشی|خوش	خوشی|خوش+ی	N1|A0+Y	اسم|صفت + ی
133	و	و|و|و	و|و|و	و|و|و	C0|Ab|Al	حرف ربط|اختصارات|حروف الفبا
134	صدق	صدق	صدق	صدق	N1	اسم
135	و	و|و|و	و|و|و	و|و|و	C0|Ab|Al	حرف ربط|اختصارات|حروف الفبا
136	صفا	صفا	صفا	صفا	N1	اسم
137	و	و|و|و	و|و|و	و|و|و	C0|Ab|Al	حرف ربط|اختصارات|حروف الفبا
138	کرم	کرم|کرم|کرم|کرم|کر|کر	کرم|کرم|کرم|کرم|کر|کر	کرم|کرم|کرم|کرم|کر+م|کر+م	N1|N1|N1|N1|A0+N|A0+V	اسم|اسم|اسم|اسم|صفت + ضمیر ملکی اول شخص مفرد|صفت + فعل اول شخص مفرد
139	و	و|و|و	و|و|و	و|و|و	C0|Ab|Al	حرف ربط|اختصارات|حروف الفبا
140	جود	جود|جو|جو	جود|جو|جو	جود|جو+د|جو+د	N1|V|V	اسم|سوم شخص مفرد|سوم شخص مفرد
141	و	و|و|و	و|و|و	و|و|و	C0|Ab|Al	حرف ربط|اختصارات|حروف الفبا
142	سخا	سخا	سخا	سخا	N
143	و	و|و|و	و|و|و	و|و|و	C0|Ab|Al	حرف ربط|اختصارات|حروف الفبا
144	دگر	دگر|دگر	دگر|دگر	دگر|دگر	V|A0	فعل امر مثبت|صفت
145	الطاف	الطاف	الطاف	الطاف	N1	اسم
146	خدا	خدا	خدا	خدا	N1	اسم
147	دورکند	دور|دور	دور|دور	دور+ک+ند|دور+ک+ند	A0+O+V|N1+O+V	صفت + ک + فعل سوم شخص جمع|اسم + ک + فعل سوم شخص جمع
148	از	از	از	از	Pr	حرف اضافه
149	تن	تن|تن|تن	تن|تن|تن	تن|تن|تن	V|N1|N1	فعل امر مثبت|اسم|اسم
150	تو	تو|تو|تو	تو|تو|تو	تو|تو|تو	N5|Ad|N1	ضمیر فاعلی|قید|اسم
151	رنج	رنج|رنج	رنج|رنج	رنج|رنج	V|N1	فعل امر مثبت|اسم
152	و	و|و|و	و|و|و	و|و|و	C0|Ab|Al	حرف ربط|اختصارات|حروف الفبا
153	بلا	بلا|لا	بلا|لا	بلا|ب+لا	A0|O+A0	صفت|ب + صفت
154	را	را	را	را	Po	حرف اضافه پسین
155	!	!	!	!	Si	

0	الغرض	الغرض	الغرض	الغرض	N1	اسم
1	،	،	،	،	Si	
2	تاتو	تاتو	تاتو	تاتو	N1	اسم
3	در	در|در|در|در|در	در|در|در|در|در	در|در|در|در|در	Pr|V|N1|N1|VPr	حرف اضافه|فعل امر مثبت|اسم|اسم|پیشوند فعل
4	این	این|این	این|این	این|این	A1|N6	صفت اشاره|ضمیر اشاره
5	دهکده‌ی	دهکده|ده|ده	دهکده|ده|ده	دهکده+ی|ده+کده+ی|ده+کده+ی	N1+Y|V1+O+Y|N1+O+Y	اسم + ی|بن مضارع + کده + ی|اسم + کده + ی
6	کوچک	کوچک|کوچ	کوچک|کوچ	کوچک|کوچ+ک	A0|N1+O	صفت|اسم + ک
7	رایانه‌ای	رایانه‌ای|رایانه|رایان	رایانه‌ای|رایانه|رایان	رایانه‌ای|رایانه+ای|رایان+ه+ای	A0|N1+O|V1+O+O	صفت|اسم + ای|بن مضارع + ه + ای
8	ازبهر	ازبهر	ازبهر	ازبهر	Pr1	حرف اضافه گروهی
9	دل	دل	دل	دل	N1	اسم
10	ملت	ملت|مل|مل	ملت|مل|مل	ملت|مل+ت|مل+ت	N1|N1+N|N1+N	اسم|اسم + ضمیر ملکی دوم شخص مفرد|اسم + ضمیر ملکی دوم شخص مفرد
11	بیداردل	بیداردل	بیداردل	بیداردل	A0	صفت
12	خویش	خویش	خویش	خویش	N	ضمیر مشترک/متقابل
13	،	،	،	،	Si	
14	به	به|به	به|به	به|به	Pr|N1	حرف اضافه|اسم
15	افشاگری	افشاگری|افشاگر|افشا	افشاگری|افشاگر|افشا	افشاگری|افشاگر|افشا+گر	A0|A0|N1+O	صفت|صفت|اسم + گر
16	و	و|و|و	و|و|و	و|و|و	C0|Ab|Al	حرف ربط|اختصارات|حروف الفبا
17	شوخی	شوخی|شوخ	شوخی|شوخ	شوخی|شوخ+ی	N1|A0+Y	اسم|صفت + ی
18	و	و|و|و	و|و|و	و|و|و	C0|Ab|Al	حرف ربط|اختصارات|حروف الفبا
19	طنازی	طنازی|طناز	طنازی|طناز	طنازی|طناز+ی	N1|A0+Y	اسم|صفت + ی
20	و	و|و|و	و|و|و	و|و|و	C0|Ab|Al	حرف ربط|اختصارات|حروف الفبا
21	هم	هم|هم|هم	هم|هم|هم	هم|هم|هم	Ad|C0|N	قید|حرف ربط|ضمیر مشترک/متقابل
22	دادن	داد	داد	داد+ن	V2+Neg	بن ماضی + ن
23	آگاهی	آگاهی|آگاه|آگاه	آگاهی|آگاه|آگاه	آگاهی|آگاه+ی|آگاه+ی	N1|V|A0+Y	اسم|دوم شخص مفرد|صفت + ی
24	از	از	از	از	Pr	حرف اضافه
25	اسرار	سر|سر|سر|سر	سر|سر|سر|سر	سر|سر|سر|سر	N|N|N|N	اسم مفرد جمع مکسر|اسم مفرد جمع مکسر|اسم مفرد جمع مکسر|اسم مفرد جمع مکسر
26	مگو	مگو	مگو	مگو	A0	صفت
27	دست	دست|دست	دست|دست	دست|دست	N1|N9	اسم|اسم موجود در ساختمان حرف اضافه و حرف ربط گروهی
28	گشودی	گشود	گشود	گشود+ی	V	دوم شخص مفرد
29	،	،	،	،	Si	
30	همگان	همگان|همه|گان	همگان|همه|گان	همگان|همه+گان|هم+گان	N1|N1+Pl|O+N1	اسم|اسم + علامت جمع|هم + اسم
31	را	را	را	را	Po	حرف اضافه پسین
32	به	به|به	به|به	به|به	Pr|N1	حرف اضافه|اسم
33	سخن‌های	سخن	سخن	سخن+ها+ی	N1+Pl+Y	اسم + علامت جمع + ی
34	پر	پر|پر|پر	پر|پر|پر	پر|پر|پر	V|A0|N1	فعل امر مثبت|صفت|اسم
35	از	از	از	از	Pr	حرف اضافه
36	شهد	شهد	شهد	شهد	N1	اسم
37	و	و|و|و	و|و|و	و|و|و	C0|Ab|Al	حرف ربط|اختصارات|حروف الفبا
38	شکر	شکر|شکر	شکر|شکر	شکر|شکر	N1|N1	اسم|اسم
39	راغب	راغب	راغب	راغب	N1	اسم
40	و	و|و|و	و|و|و	و|و|و	C0|Ab|Al	حرف ربط|اختصارات|حروف الفبا
41	مشتاق	مشتاق	مشتاق	مشتاق	A0	صفت
42	نمودی	نمود|نمود	نمود|نمود	نمود+ی|نمود+ی	V|N1+Y	دوم شخص مفرد|اسم + ی
43	و	و|و|و	و|و|و	و|و|و	C0|Ab|Al	حرف ربط|اختصارات|حروف الفبا
44	به	به|به	به|به	به|به	Pr|N1	حرف اضافه|اسم
45	نیش	نیش|نی	نیش|نی	نیش|نی+ش	N1|N1+N	اسم|اسم + ضمیر ملکی سوم شخص مفرد
46	قلمت	قلم	قلم	قلم+ت	N1+N	اسم + ضمیر ملکی دوم شخص مفرد
47	گردوغبار	گردوغبار	گردوغبار	گردوغبار	N1	اسم
48	از	از	از	از	Pr	حرف اضافه
49	رخ	رخ|رخ	رخ|رخ	رخ|رخ	N1|N1	اسم|اسم
50	هر	هر	هر	هر	A1	صفت اشاره
51	ناکس	ناکس|اکس	ناکس|اکس	ناکس|ن+اکس	A0|V	صفت|فعل امر منفی
52	بی‌مغز	بی‌مغز|مغز	بی‌مغز|مغز	بی‌مغز|بی+مغز	A0|O+N1	صفت|بی + اسم
53	و	و|و|و	و|و|و	و|و|و	C0|Ab|Al	حرف ربط|اختصارات|حروف الفبا
54	خرد	خرد|خرد|خر	خرد|خرد|خر	خرد|خرد|خر+د	N1|A0|V	اسم|صفت|سوم شخص مفرد
55	پاک	پاک|پا	پاک|پا	پاک|پا+ک	A0|N1+O	صفت|اسم + ک
56	زدودی	زدود	زدود	زدود+ی	V	دوم شخص مفرد
57	و	و|و|و	و|و|و	و|و|و	C0|Ab|Al	حرف ربط|اختصارات|حروف الفبا
58	هم	هم|هم|هم	هم|هم|هم	هم|هم|هم	Ad|C0|N	قید|حرف ربط|ضمیر مشترک/متقابل
59	از	از	از	از	Pr	حرف اضافه
60	باطن	باطن	باطن	باطن	N1	اسم
61	بی‌مایه‌ی	بی‌مایه|مایه	بی‌مایه|مایه	بی‌مایه+ی|بی+مایه+ی	A0+Y|O+N1+Y	صفت + ی|بی + اسم + ی
62	ارباب	ارباب	ارباب	ارباب	N1	اسم
63	زر	زر|زر	زر|زر	زر|زر	N1|N1	اسم|اسم
64	و	و|و|و	و|و|و	و|و|و	C0|Ab|Al	حرف ربط|اختصارات|حروف الفبا
65	زور	زور	زور	زور	N1	اسم
66	و	و|و|و	و|و|و	و|و|و	C0|Ab|Al	حرف ربط|اختصارات|حروف الفبا
67	ریا	ریا	ریا	ریا	N1	اسم
68	پرده	پرده	پرده	پرده	N1	اسم
69	گشودی	گشود	گشود	گشود+ی	V	دوم شخص مفرد
70	.	.	.	.	Si	

