0	﻿خواهشا	﻿خواهشا	﻿خواهشا	﻿خواهشا	N
1	من	من	من	من	N5	ضمیر فاعلی
2	را	را	را	را	Po	حرف اضافه پسین
3	محمد	محمد	محمد	محمد	N3	اسم خاص اشخاص
4	علی	علی|علی	علی|علی	علی|علی	N3|A0	اسم خاص اشخاص|صفت
5	صدا	صدا	صدا	صدا	N1	اسم
6	نزن	زن	زن	ن+زن	V	فعل امر منفی
7	.	.	.	.	Si	

0	علی	علی|علی	علی|علی	علی|علی	N3|A0	اسم خاص اشخاص|صفت
1	رضا	رضا	رضا	رضا	N3	اسم خاص اشخاص
2	رو	رو|رو|رو|رو	رو|رو|رو|رو	رو|رو|رو|رو	N1|V|V|N9	اسم|فعل امر مثبت|فعل امر مثبت|اسم موجود در ساختمان حرف اضافه و حرف ربط گروهی
3	یادت	یاد	یاد	یاد+ت	N1+N	اسم + ضمیر ملکی دوم شخص مفرد
4	ه	هـ|هـ	هـ|هـ	هـ|هـ	Al|Ab	حروف الفبا|اختصارات
5	برادرشو	برادرشو	برادرشو	برادرشو	N
6	پریروزها	پریروز	پریروز	پریروز	N
7	دیدم	دید|دید|دید	دید|دید|دید	دید+م|دید+م|دید+م	V|N1+N|N1+V	اول شخص مفرد|اسم + ضمیر ملکی اول شخص مفرد|اسم + فعل اول شخص مفرد
8	.	.	.	.	Si	

0	یادش	یاد	یاد	یاد+ش	N1+N	اسم + ضمیر ملکی سوم شخص مفرد
1	بخیر	بخیر|خیر	بخیر|خیر	بخیر|ب+خیر	Ad|O+A0	قید|ب + صفت
2	چقدر	چقدر	چقدر	چقدر	Ad	قید
3	مسافرت‌هامون	مسافرت هامون	مسافرت هامون	مسافرت هامون	N
4	خوش	خوش	خوش	خوش	A0	صفت
5	می‌گذشت	گذشت	گذشت	می+گذشت	V	سوم شخص مفرد
6	.	.	.	.	Si	

0	دیروز	دیروز	دیروز	دیروز	Ad	قید
1	اسباب	اسباب	اسباب	اسباب	N1	اسم
2	بازیی	بازی	بازی	بازی	N
3	که	که|که|که|که	که|که|که|که	که|که|که|که	C0|NA|N1|N1	حرف ربط|ضمیر پرسشی|اسم|اسم
4	رضا	رضا	رضا	رضا	N3	اسم خاص اشخاص
5	بهم	هم|به|به	هم|به|به	ب+هم|به+م|به+م	O+Ad|N1+N|N1+V	ب + قید|اسم + ضمیر ملکی اول شخص مفرد|اسم + فعل اول شخص مفرد
6	داده_بود	داده_بود	داده_بود	داده_بود	N
7	را	را	را	را	Po	حرف اضافه پسین
8	پس	پس|پس	پس|پس	پس|پس	Ad|N9	قید|اسم موجود در ساختمان حرف اضافه و حرف ربط گروهی
9	گرفت	گرفت|گرفت	گرفت|گرفت	گرفت|گرفت	V|N1	سوم شخص مفرد|اسم
10	.	.	.	.	Si	

0	پنجشنبه‌ها	پنجشنبه	پنجشنبه	پنجشنبه+ها	N1+Pl	اسم + علامت جمع
1	روز	روز	روز	روز	N1	اسم
2	خوبی	خوبی|خوب	خوبی|خوب	خوبی|خوب+ی	N1|A0+Y	اسم|صفت + ی
3	ه	هـ|هـ	هـ|هـ	هـ|هـ	Al|Ab	حروف الفبا|اختصارات
4	برای	برای	برای	برای	Pr	حرف اضافه
5	من	من	من	من	N5	ضمیر فاعلی
6	.	.	.	.	Si	

0	آدم	آدم	آدم	آدم	N1	اسم
1	نمی‌تونه	نمی تونه	نمی تونه	نمی تونه	N
2	هر	هر	هر	هر	A1	صفت اشاره
3	روز	روز	روز	روز	N1	اسم
4	اینجوری	این‌جوری|این‌جور	این‌جوری|این‌جور	این‌جوری|این‌جور+ی	A0|A0+Y	صفت|صفت + ی
5	پاشه	پاش	پاش	پاش+ه	V1+O	بن مضارع + ه
6	.	.	.	.	Si	

0	دیروز	دیروز	دیروز	دیروز	Ad	قید
1	وقتی	وقتی|وقت	وقتی|وقت	وقتی|وقت+ی	Ad|N1+Y	قید|اسم + ی
2	رفته_بودیم	رفته_بودیم	رفته_بودیم	رفته_بودیم	N
3	استخر	استخر	استخر	استخر	N1	اسم
4	شهید	شهید|شه	شهید|شه	شهید|شه+ید	N1|N1+V	اسم|اسم + فعل دوم شخص جمع
5	بهشتی	بهشتی|بهشت|هشتی|هشت	بهشتی|بهشت|هشتی|هشت	بهشتی|بهشت+ی|ب+هشتی|ب+هشت+ی	A0|N1+Y|O+N1|O+No+Y	صفت|اسم + ی|ب + اسم|ب + عدد حرفی + ی
6	وسط	وسط	وسط	وسط	A0	صفت
7	راه	راه|راه	راه|راه	راه|راه	N1|N9	اسم|اسم موجود در ساختمان حرف اضافه و حرف ربط گروهی
8	پام	پا	پا	پا	N
9	پیچ	پیچ|پیچ	پیچ|پیچ	پیچ|پیچ	V|N1	فعل امر مثبت|اسم
10	خورد	خورد|خورد|خور	خورد|خورد|خور	خورد|خورد|خور+د	V|N1|V	سوم شخص مفرد|اسم|سوم شخص مفرد
11	.	.	.	.	Si	

0	هر	هر	هر	هر	A1	صفت اشاره
1	روز	روز	روز	روز	N1	اسم
2	برای	برای	برای	برای	Pr	حرف اضافه
3	دوییدن	دوییدن	دوییدن	دوییدن	N
4	کله	کله|کله|کل|کل|کل|کل|کل	کله|کله|کل|کل|کل|کل|کل	کله|کله|کل+ه|کل+ه|کل+ه|کل+ه|کل+ه	N1|N1|A0+O|A0+O|N1+O|N1+O|N1+O	اسم|اسم|صفت + ه|صفت + ه|اسم + ه|اسم + ه|اسم + ه
5	سحر	سحر	سحر	سحر	N1	اسم
6	پا	پا|پا|پا	پا|پا|پا	پا|پا|پا	V|N1|N9	فعل امر مثبت|اسم|اسم موجود در ساختمان حرف اضافه و حرف ربط گروهی
7	میشم	میش|میش	میش|میش	میش+م|میش+م	N1+N|N1+V	اسم + ضمیر ملکی اول شخص مفرد|اسم + فعل اول شخص مفرد
8	.	.	.	.	Si	

0	صبح	صبح	صبح	صبح	N1	اسم
1	جمعه	جمعه|جمع	جمعه|جمع	جمعه|جمع+ه	N1|A0+O	اسم|صفت + ه
2	کله	کله|کله|کل|کل|کل|کل|کل	کله|کله|کل|کل|کل|کل|کل	کله|کله|کل+ه|کل+ه|کل+ه|کل+ه|کل+ه	N1|N1|A0+O|A0+O|N1+O|N1+O|N1+O	اسم|اسم|صفت + ه|صفت + ه|اسم + ه|اسم + ه|اسم + ه
3	پاچه	پاچه|پا	پاچه|پا	پاچه|پا+چه	N1|N1+O	اسم|اسم + چه
4	خیلی	خیلی|خیلی|خیل	خیلی|خیلی|خیل	خیلی|خیلی|خیل+ی	A0|Ad|N1+Y	صفت|قید|اسم + ی
5	مزه	مزه|مزه	مزه|مزه	مزه|مزه	N1|N1	اسم|اسم
6	میده	میده	میده	میده	N
7	.	.	.	.	Si	

0	علی	علی|علی	علی|علی	علی|علی	N3|A0	اسم خاص اشخاص|صفت
1	بود	بود|بود|بود|بو	بود|بود|بود|بو	بود|بود|بود|بو+د	V|N1|V|V	سوم شخص مفرد|اسم|سوم شخص مفرد|سوم شخص مفرد
2	دوست	دوست|دو	دوست|دو	دوست|دو+ست	N1|N1+N	اسم|اسم + ضمیر ملکی سوم شخص مفرد
3	مهرداد	مهرداد	مهرداد	مهرداد	N3	اسم خاص اشخاص
4	سر	سر|سر|سر|سر|سر	سر|سر|سر|سر|سر	سر|سر|سر|سر|سر	V|N1|N1|N1|N9	فعل امر مثبت|اسم|اسم|اسم|اسم موجود در ساختمان حرف اضافه و حرف ربط گروهی
5	کار	کار|کار	کار|کار	کار|کار	N1|V	اسم|فعل امر مثبت
6	جدیدم	جدید|جدید	جدید|جدید	جدید+م|جدید+م	A0+N|A0+V	صفت + ضمیر ملکی اول شخص مفرد|صفت + فعل اول شخص مفرد
7	هر	هر	هر	هر	A1	صفت اشاره
8	روز	روز	روز	روز	N1	اسم
9	میبینمش	بین	بین	می+بین+م+ش	V	اول شخص مفرد
10	.	.	.	.	Si	

0	سرکار	سرکار|سر	سرکار|سر	سرکار|سر+کار	N1|V1+O	اسم|بن مضارع + کار
1	متوقفم	متوقف|متوقف	متوقف|متوقف	متوقف+م|متوقف+م	A0+N|A0+V	صفت + ضمیر ملکی اول شخص مفرد|صفت + فعل اول شخص مفرد
2	کرد	کرد|کرد	کرد|کرد	کرد|کرد	V|N1	سوم شخص مفرد|اسم
3	هر	هر	هر	هر	A1	صفت اشاره
4	کاری	کاری|کار|کار	کاری|کار|کار	کاری|کار+ی|کار+ی	A0|N1+Y|V	صفت|اسم + ی|دوم شخص مفرد
5	کردم	کرد|کرد|کرد	کرد|کرد|کرد	کرد+م|کرد+م|کرد+م	V|N1+N|N1+V	اول شخص مفرد|اسم + ضمیر ملکی اول شخص مفرد|اسم + فعل اول شخص مفرد
6	باز	باز|باز|باز|باز|باز	باز|باز|باز|باز|باز	باز|باز|باز|باز|باز	V|A0|VPr|N1|Ad	فعل امر مثبت|صفت|پیشوند فعل|اسم|قید
7	جریمه	جریمه|جر|جر	جریمه|جر|جر	جریمه|جر+یم+ه|جر+یم+ه	N1|N1+V+O|N1+V+O	اسم|اسم + فعل اول شخص جمع + ه|اسم + فعل اول شخص جمع + ه
8	شدم	شد	شد	شد+م	V	اول شخص مفرد
9	.	.	.	.	Si	

0	برای	برای	برای	برای	Pr	حرف اضافه
1	پنجشنبه	پنجشنبه	پنجشنبه	پنجشنبه	N1	اسم
2	حتما	حتماً	حتماً	حتماً	Ad	قید
3	چراغ	چراغ	چراغ	چراغ	N1	اسم
4	قوه	قوه|قو|قو	قوه|قو|قو	قوه|قو+ه|قو+ه	N1|N1+O|N1+O	اسم|اسم + ه|اسم + ه
5	همراهت	همراه|راه	همراه|راه	همراه+ت|هم+راه+ت	A0+N|O+N1+N	صفت + ضمیر ملکی دوم شخص مفرد|هم + اسم + ضمیر ملکی دوم شخص مفرد
6	باشه	باشه|باش	باشه|باش	باشه|باش+ه	N1|V1+O	اسم|بن مضارع + ه
7	.	.	.	.	Si	

0	دیروز	دیروز	دیروز	دیروز	Ad	قید
1	توی	تو|تو	تو|تو	تو+ی|تو+ی	Ad+Y|N1+Y	قید + ی|اسم + ی
2	جمعه	جمعه|جمع	جمعه|جمع	جمعه|جمع+ه	N1|A0+O	اسم|صفت + ه
3	بازار	بازار|ازار	بازار|ازار	بازار|ب+ازار	N1|O+N1	اسم|ب + اسم
4	همخونه	خون	خون	هم+خون+ه	O+N1+O	هم + اسم + ه
5	سابق	سابق	سابق	سابق	A0	صفت
6	کامیار	کامیار	کامیار	کامیار	N3	اسم خاص اشخاص
7	را	را	را	را	Po	حرف اضافه پسین
8	دیدیم	دید|دید|دید	دید|دید|دید	دید+یم|دید+ی+م|دید+یم	V|V|N1+V	اول شخص جمع|دوم شخص مفرد|اسم + فعل اول شخص جمع
9	.	.	.	.	Si	

0	پس	پس|پس	پس|پس	پس|پس	Ad|N9	قید|اسم موجود در ساختمان حرف اضافه و حرف ربط گروهی
1	فردا	فردا	فردا	فردا	Ad	قید
2	باید	باید	باید	باید	V4	فعل وجه نما
3	بریم	بر|بر|بر|بر|بر	بر|بر|بر|بر|بر	بر+یم|بر+یم|بر+ی+م|بر+ی+م|بر+یم	V|V|V|V|N1+V	اول شخص جمع|اول شخص جمع|دوم شخص مفرد|دوم شخص مفرد|اسم + فعل اول شخص جمع
4	به	به|به	به|به	به|به	Pr|N1	حرف اضافه|اسم
5	کارای	کارا	کارا	کارا+ی	A0+Y	صفت + ی
6	فارغ	فارغ	فارغ	فارغ	A0	صفت
7	التحصیلی	تحصیلی|تحصیل	تحصیلی|تحصیل	تحصیلی|تحصیل+ی	A0|N1+Y	صفت|اسم + ی
8	برسیم	برس|برس|سی|سی	برس|برس|سی|سی	برس+یم|برس+یم|بر+سی+م|بر+سی+م	N1+V|N1+V|O+No+N|O+No+V	اسم + فعل اول شخص جمع|اسم + فعل اول شخص جمع|بر + عدد حرفی + ضمیر ملکی اول شخص مفرد|بر + عدد حرفی + فعل اول شخص مفرد
9	درسته	درسته|درست	درسته|درست	درسته|درست+ه	A0|A0+O	صفت|صفت + ه
10	؟	؟	؟	؟	Si	

0	پسفردا	پس‌فردا	پس‌فردا	پس‌فردا	Ad	قید
1	مصاحبه	مصاحبه|مصاحب	مصاحبه|مصاحب	مصاحبه|مصاحب+ه	N1|N1+O	اسم|اسم + ه
2	کاری	کاری|کار|کار	کاری|کار|کار	کاری|کار+ی|کار+ی	A0|N1+Y|V	صفت|اسم + ی|دوم شخص مفرد
3	دارم	دار|دار|دار	دار|دار|دار	دار+م|دار+م|دار+م	V|N1+N|N1+V	اول شخص مفرد|اسم + ضمیر ملکی اول شخص مفرد|اسم + فعل اول شخص مفرد
4	با	با	با	با	Pr	حرف اضافه
5	یکی	یکی	یکی	یکی	A2	صفت مبهم
6	از	از	از	از	Pr	حرف اضافه
7	شرکتهای	شرکت	شرکت	شرکت+ها+ی	N1+Pl+Y	اسم + علامت جمع + ی
8	بزرگ	بزرگ	بزرگ	بزرگ	A0	صفت
9	تهران	تهران	تهران	تهران	N2	اسم خاص مکان
10	.	.	.	.	Si	

0	پردازش	پردازش|پرداز|پرداز	پردازش|پرداز|پرداز	پردازش|پرداز+ش|پرداز+ش	N1|V|N1+N	اسم|سوم شخص مفرد|اسم + ضمیر ملکی سوم شخص مفرد
1	زبان	زبان	زبان	زبان	N1	اسم
2	درس	درس	درس	درس	N1	اسم
3	سختیه	سختی	سختی	سختی+ه	N1+O	اسم + ه
4	هر	هر	هر	هر	A1	صفت اشاره
5	چقدرم	چقدر	چقدر	چقدر	N
6	بلد	بلد	بلد	بلد	N1	اسم
7	باشی	باش	باش	باش+ی	V	دوم شخص مفرد
8	بازهم	بازه|بازه|زهم|زه|زه	بازه|بازه|زهم|زه|زه	بازه+م|بازه+م|با+زهم|با+زه+م|با+زه+م	N1+N|N1+V|O+N1|O+N1+N|O+N1+V	اسم + ضمیر ملکی اول شخص مفرد|اسم + فعل اول شخص مفرد|با + اسم|با + اسم + ضمیر ملکی اول شخص مفرد|با + اسم + فعل اول شخص مفرد
9	باید	باید	باید	باید	V4	فعل وجه نما
10	کلی	کلی|کل|کل|کل|کل|کل	کلی|کل|کل|کل|کل|کل	کلی|کل+ی|کل+ی|کل+ی|کل+ی|کل+ی	A0|A0+Y|A0+Y|N1+Y|N1+Y|N1+Y	صفت|صفت + ی|صفت + ی|اسم + ی|اسم + ی|اسم + ی
11	براش	راش|برا	راش|برا	ب+راش|برا+ش	O+N1|A0+N	ب + اسم|صفت + ضمیر ملکی سوم شخص مفرد
12	تلاش	تلاش	تلاش	تلاش	N1	اسم
13	کنی	کن|کن	کن|کن	کن+ی|کن+ی	V|V	دوم شخص مفرد|دوم شخص مفرد
14	.	.	.	.	Si	

0	اگر	اگر	اگر	اگر	C0	حرف ربط
1	فردا	فردا	فردا	فردا	Ad	قید
2	نتونست	نتونست	نتونست	نتونست	N
3	بیاد	یاد	یاد	ب+یاد	O+N1	ب + اسم
4	باهم	باهم|اهم|باه|باه|اه|اه	باهم|اهم|باه|باه|اه|اه	باهم|ب+اهم|باه+م|باه+م|ب+اه+م|ب+اه+م	Ad|O+A0|N1+N|N1+V|O+N1+N|O+N1+V	قید|ب + صفت|اسم + ضمیر ملکی اول شخص مفرد|اسم + فعل اول شخص مفرد|ب + اسم + ضمیر ملکی اول شخص مفرد|ب + اسم + فعل اول شخص مفرد
5	میریم	میر|میر|میر	میر|میر|میر	میر+یم|میر+ی+م|میر+یم	V|V|N1+V	اول شخص جمع|دوم شخص مفرد|اسم + فعل اول شخص جمع
6	دنبال	دنبال|دنبال	دنبال|دنبال	دنبال|دنبال	N1|N9	اسم|اسم موجود در ساختمان حرف اضافه و حرف ربط گروهی
7	پسرخالت	پسرخالت	پسرخالت	پسرخالت	N
8	.	.	.	.	Si	

0	فردای	فردا	فردا	فردا	N
1	اون	اون	اون	اون	N
2	روز	روز	روز	روز	N1	اسم
3	دیگه	دیگ	دیگ	دیگ+ه	N1+O	اسم + ه
4	همه	همه|همه	همه|همه	همه|همه	N1|A2	اسم|صفت مبهم
5	رفته	رفت|رفت	رفت|رفت	رفت+ه|رفت+ه	O+O|O+O	ریشه ماضی + ه|ریشه ماضی + ه
6	بودن	بود|بود|بو	بود|بود|بو	بود+ن|بود+ن|بو+د+ن	V2+Neg|V3+Neg|V1+O+Neg	بن ماضی + ن|فعل اسنادی + ن|بن مضارع + د + ن
7	به	به|به	به|به	به|به	Pr|N1	حرف اضافه|اسم
8	سمت	سمت|سمت|سم|سم	سمت|سمت|سم|سم	سمت|سمت|سم+ت|سم+ت	N1|N1|N1+N|N1+N	اسم|اسم|اسم + ضمیر ملکی دوم شخص مفرد|اسم + ضمیر ملکی دوم شخص مفرد
9	خونه	خون	خون	خون+ه	N1+O	اسم + ه
10	هاشون	هاشون	هاشون	هاشون	N
11	.	.	.	.	Si	

0	باورم	باور|باور|ورم|ور|ور|ور|ور	باور|باور|ورم|ور|ور|ور|ور	باور+م|باور+م|با+ورم|با+ور+م|با+ور+م|با+ور+م|با+ور+م	N1+N|N1+V|O+N1|O+N1+N|O+N1+V|O+N1+N|O+N1+V	اسم + ضمیر ملکی اول شخص مفرد|اسم + فعل اول شخص مفرد|با + اسم|با + اسم + ضمیر ملکی اول شخص مفرد|با + اسم + فعل اول شخص مفرد|با + اسم + ضمیر ملکی اول شخص مفرد|با + اسم + فعل اول شخص مفرد
1	نمی‌شه	میش|می|می	میش|می|می	میش+ه|می+ش+ه|می+ش+ه	N1+O|N1+N+O|N1+N+O	اسم + ه|اسم + ضمیر ملکی سوم شخص مفرد + ه|اسم + ضمیر ملکی سوم شخص مفرد + ه
2	می‌تونستیم	می تونستیم	می تونستیم	می تونستیم	N
3	از	از	از	از	Pr	حرف اضافه
4	اون	اون	اون	اون	N
5	کوه	کوه	کوه	کوه	N1	اسم
6	بالا	بالا	بالا	بالا	A0	صفت
7	بریم	بر|بر|بر|بر|بر	بر|بر|بر|بر|بر	بر+یم|بر+یم|بر+ی+م|بر+ی+م|بر+یم	V|V|V|V|N1+V	اول شخص جمع|اول شخص جمع|دوم شخص مفرد|دوم شخص مفرد|اسم + فعل اول شخص جمع
8	.	.	.	.	Si	

0	این	این|این	این|این	این|این	A1|N6	صفت اشاره|ضمیر اشاره
1	دوستمون	دوستمون	دوستمون	دوستمون	N
2	کره	کره|کره|کره|کر	کره|کره|کره|کر	کره|کره|کره|کر+ه	N1|N1|N1|A0+O	اسم|اسم|اسم|صفت + ه
3	یا	یا|یا	یا|یا	یا|یا	C0|Intj	حرف ربط|صوت
4	لاله	لاله	لاله	لاله	N3	اسم خاص اشخاص
5	؟	؟	؟	؟	Si	

0	اگر	اگر	اگر	اگر	C0	حرف ربط
1	امروز	امروز	امروز	امروز	N1	اسم
2	من	من	من	من	N5	ضمیر فاعلی
3	نتونستم	نتونستم	نتونستم	نتونستم	N
4	بیام	ام	ام	بی+ام	O+N1	بی + اسم
5	باید	باید	باید	باید	V4	فعل وجه نما
6	برای	برای	برای	برای	Pr	حرف اضافه
7	یک	یک	یک	یک	No	عدد حرفی
8	روز	روز	روز	روز	N1	اسم
9	دیگه	دیگ	دیگ	دیگ+ه	N1+O	اسم + ه
10	برنامه	برنامه	برنامه	برنامه	N1	اسم
11	ریزی	ریزی|ریز|ریز	ریزی|ریز|ریز	ریزی|ریز+ی|ریز+ی	N1|V|A0+Y	اسم|دوم شخص مفرد|صفت + ی
12	کنیم	کن|کن|کن|کن|کن	کن|کن|کن|کن|کن	کن+یم|کن+یم|کن+ی+م|کن+ی+م|کن+یم	V|V|V|V|N2+V	اول شخص جمع|اول شخص جمع|دوم شخص مفرد|دوم شخص مفرد|اسم خاص مکان + فعل اول شخص جمع
13	.	.	.	.	Si	

0	من	من	من	من	N5	ضمیر فاعلی
1	هنوز	هنوز	هنوز	هنوز	Ad	قید
2	از	از	از	از	Pr	حرف اضافه
3	تصادف	تصادف	تصادف	تصادف	N1	اسم
4	دیروز	دیروز	دیروز	دیروز	Ad	قید
5	توی	تو|تو	تو|تو	تو+ی|تو+ی	Ad+Y|N1+Y	قید + ی|اسم + ی
6	شکهم	شکهم	شکهم	شکهم	N
7	،	،	،	،	Si	
8	نمیدونم	نمیدونم	نمیدونم	نمیدونم	N
9	چطور	چطور	چطور	چطور	A0	صفت
10	جون	جون	جون	جون	N1	اسم
11	سالم	سالم|سال|سال	سالم|سال|سال	سالم|سال+م|سال+م	A0|N1+N|N1+V	صفت|اسم + ضمیر ملکی اول شخص مفرد|اسم + فعل اول شخص مفرد
12	به	به|به	به|به	به|به	Pr|N1	حرف اضافه|اسم
13	در	در|در|در|در|در	در|در|در|در|در	در|در|در|در|در	Pr|V|N1|N1|VPr	حرف اضافه|فعل امر مثبت|اسم|اسم|پیشوند فعل
14	بردیم	ردیم|برد|برد|برد|ردی|ردی|رد	ردیم|برد|برد|برد|ردی|ردی|رد	ب+ردیم|برد+یم|برد+ی+م|برد+یم|ب+ردی+م|ب+ردی+م|ب+رد+یم	O+N1|V|V|N1+V|O+N1+N|O+N1+V|O+A0+V	ب + اسم|اول شخص جمع|دوم شخص مفرد|اسم + فعل اول شخص جمع|ب + اسم + ضمیر ملکی اول شخص مفرد|ب + اسم + فعل اول شخص مفرد|ب + صفت + فعل اول شخص جمع
15	.	.	.	.	Si	

0	لنگرود	لنگرود	لنگرود	لنگرود	N2	اسم خاص مکان
1	کتابخونه	کتابخونه	کتابخونه	کتابخونه	N
2	شبانه	شبانه|شبان|شب	شبانه|شبان|شب	شبانه|شبان+ه|شب+ان+ه	A0|N1+O|N1+Pl+O	صفت|اسم + ه|اسم + ان + ه
3	روزی	روزی|روز	روزی|روز	روزی|روز+ی	N1|N1+Y	اسم|اسم + ی
4	داره	دار|دار	دار|دار	دار+ه|دار+ه	V1+O|N1+O	بن مضارع + ه|اسم + ه
5	ولی	ولی|ولی|ول|ول	ولی|ولی|ول|ول	ولی|ولی|ول+ی|ول+ی	C0|N1|A0+Y|N1+Y	حرف ربط|اسم|صفت + ی|اسم + ی
6	کرج	کرج	کرج	کرج	N2	اسم خاص مکان
7	نه	نه|نه|نه	نه|نه|نه	نه|نه|نه	No|V|N1	عدد حرفی|فعل امر مثبت|اسم
8	.	.	.	.	Si	

0	ولی	ولی|ولی|ول|ول	ولی|ولی|ول|ول	ولی|ولی|ول+ی|ول+ی	C0|N1|A0+Y|N1+Y	حرف ربط|اسم|صفت + ی|اسم + ی
1	باور	باور	باور	باور	N1	اسم
2	کنید	کن|کن	کن|کن	کن+ید|کن+ید	V|V	دوم شخص جمع|دوم شخص جمع
3	دعوا	دعوا	دعوا	دعوا	N1	اسم
4	سر	سر|سر|سر|سر|سر	سر|سر|سر|سر|سر	سر|سر|سر|سر|سر	V|N1|N1|N1|N9	فعل امر مثبت|اسم|اسم|اسم|اسم موجود در ساختمان حرف اضافه و حرف ربط گروهی
5	توزیع	توزیع	توزیع	توزیع	N1	اسم
6	،	،	،	،	Si	
7	سیستم	سیستم	سیستم	سیستم	N1	اسم
8	عامل	عامل	عامل	عامل	N1	اسم
9	و	و|و|و	و|و|و	و|و|و	C0|Ab|Al	حرف ربط|اختصارات|حروف الفبا
10	زبان	زبان	زبان	زبان	N1	اسم
11	برنامه	برنامه	برنامه	برنامه	N1	اسم
12	نویسی	نویسی|نویس	نویسی|نویس	نویسی|نویس+ی	N1|V	اسم|دوم شخص مفرد
13	خیلی	خیلی|خیلی|خیل	خیلی|خیلی|خیل	خیلی|خیلی|خیل+ی	A0|Ad|N1+Y	صفت|قید|اسم + ی
14	حال	حال	حال	حال	N1	اسم
15	میده	میده	میده	میده	N
16	.	.	.	.	Si	

0	شاید	شاید|شاید|شا	شاید|شاید|شا	شاید|شاید|شا+ی+د	V|Ad|V	سوم شخص مفرد|قید|سوم شخص مفرد
1	این	این|این	این|این	این|این	A1|N6	صفت اشاره|ضمیر اشاره
2	،	،	،	،	Si	
3	وصف	وصف|وصف	وصف|وصف	وصف|وصف	N1|N9	اسم|اسم موجود در ساختمان حرف اضافه و حرف ربط گروهی
4	من	من	من	من	N5	ضمیر فاعلی
5	،	،	،	،	Si	
6	توی	تو|تو	تو|تو	تو+ی|تو+ی	Ad+Y|N1+Y	قید + ی|اسم + ی
7	یک	یک	یک	یک	No	عدد حرفی
8	دقیقه	دقیقه|دقیق	دقیقه|دقیق	دقیقه|دقیق+ه	N1|A0+O	اسم|صفت + ه
9	باشه	باشه|باش	باشه|باش	باشه|باش+ه	N1|V1+O	اسم|بن مضارع + ه
10	.	.	.	.	Si	

0	انسان	انسان	انسان	انسان	N1	اسم
1	دارای	دارا	دارا	دارا+ی	A0+Y	صفت + ی
2	مغز	مغز	مغز	مغز	N1	اسم
3	و	و|و|و	و|و|و	و|و|و	C0|Ab|Al	حرف ربط|اختصارات|حروف الفبا
4	قوه	قوه|قو|قو	قوه|قو|قو	قوه|قو+ه|قو+ه	N1|N1+O|N1+O	اسم|اسم + ه|اسم + ه
5	ادراک	ادراک	ادراک	ادراک	N1	اسم
6	است	است|اس	است|اس	است|اس+ت	V|N1+N	سوم شخص مفرد|اسم + ضمیر ملکی دوم شخص مفرد
7	که	که|که|که|که	که|که|که|که	که|که|که|که	C0|NA|N1|N1	حرف ربط|ضمیر پرسشی|اسم|اسم
8	وسیله‌ای	وسیله‌ای|وسیله	وسیله‌ای|وسیله	وسیله‌ای|وسیله+ای	A0|N1+O	صفت|اسم + ای
9	است	است|اس	است|اس	است|اس+ت	V|N1+N	سوم شخص مفرد|اسم + ضمیر ملکی دوم شخص مفرد
10	برای	برای	برای	برای	Pr	حرف اضافه
11	فهمیدن	فهمید|فهم	فهمید|فهم	فهمید+ن|فهم+ید+ن	V2+Neg|V1+V+Neg	بن ماضی + ن|بن مضارع + فعل دوم شخص جمع + ن
12	.	.	.	.	Si	

0	دوگروه	دوگروه	دوگروه	دوگروه	N
1	از	از	از	از	Pr	حرف اضافه
2	مردم	مردم|مرد|مرد|مرد	مردم|مرد|مرد|مرد	مردم|مرد+م|مرد+م|مرد+م	N1|N1+N|N1+V|V	اسم|اسم + ضمیر ملکی اول شخص مفرد|اسم + فعل اول شخص مفرد|اول شخص مفرد
3	بیشتر	بیشتر|بیش|شتر	بیشتر|بیش|شتر	بیشتر|بیش+تر|بی+شتر	A0|A0+A|O+N1	صفت|صفت + علامت صفت تفضیلی|بی + اسم
4	از	از	از	از	Pr	حرف اضافه
5	بقیه	بقیه|بقیه|قیه|بق|قی	بقیه|بقیه|قیه|بق|قی	بقیه|بقیه|ب+قیه|بق+یه|ب+قی+ه	A0|N1|O+N1|N1+O|O+N1+O	صفت|اسم|ب + اسم|اسم + یه|ب + اسم + ه
6	تمام	تمام|تمام	تمام|تمام	تمام|تمام	A0|N9	صفت|اسم موجود در ساختمان حرف اضافه و حرف ربط گروهی
7	بدنشان	بدن	بدن	بدن+شان	N1+N	اسم + ضمیر ملکی سوم شخص جمع
8	را	را	را	را	Po	حرف اضافه پسین
9	خال	خال	خال	خال	N1	اسم
10	کوبی	کوب|کوب	کوب|کوب	کوب+ی|کوب+ی	V|N1+Y	دوم شخص مفرد|اسم + ی
11	میکنند	کن|کن	کن|کن	می+کن+ند|می+کن+ند	V|V	سوم شخص جمع|سوم شخص جمع
12	:	:	:	:	Si	
13	خیلی	خیلی|خیلی|خیل	خیلی|خیلی|خیل	خیلی|خیلی|خیل+ی	A0|Ad|N1+Y	صفت|قید|اسم + ی
14	پولدارها	پول	پول	پول+دار+ها	N1+O+Pl	اسم + دار + علامت جمع
15	وخیلی	وخیلی	وخیلی	وخیلی	N
16	فقیرها	فقیر	فقیر	فقیر+ها	A0+Pl	صفت + علامت جمع
17	.	.	.	.	Si	

0	ولی	ولی|ولی|ول|ول	ولی|ولی|ول|ول	ولی|ولی|ول+ی|ول+ی	C0|N1|A0+Y|N1+Y	حرف ربط|اسم|صفت + ی|اسم + ی
1	عدم	عدم	عدم	عدم	N1	اسم
2	وجود	وجود|وجود	وجود|وجود	وجود|وجود	N1|N9	اسم|اسم موجود در ساختمان حرف اضافه و حرف ربط گروهی
3	مدرک	مدرک|مدرک|مدر	مدرک|مدرک|مدر	مدرک|مدرک|مدر+ک	N1|A0|A0+O	اسم|صفت|صفت + ک
4	و	و|و|و	و|و|و	و|و|و	C0|Ab|Al	حرف ربط|اختصارات|حروف الفبا
5	عدم	عدم	عدم	عدم	N1	اسم
6	درک	درک|درک|در|در	درک|درک|در|در	درک|درک|در+ک|در+ک	N1|N1|N1+O|N1+O	اسم|اسم|اسم + ک|اسم + ک
7	به	به|به	به|به	به|به	Pr|N1	حرف اضافه|اسم
8	هم	هم|هم|هم	هم|هم|هم	هم|هم|هم	Ad|C0|N	قید|حرف ربط|ضمیر مشترک/متقابل
9	ربط	ربط	ربط	ربط	N1	اسم
10	دارن	دارن	دارن	دارن	N
11	.	.	.	.	Si	

0	همینجوری	همینجوری	همینجوری	همینجوری	N
1	که	که|که|که|که	که|که|که|که	که|که|که|که	C0|NA|N1|N1	حرف ربط|ضمیر پرسشی|اسم|اسم
2	تو	تو|تو|تو	تو|تو|تو	تو|تو|تو	N5|Ad|N1	ضمیر فاعلی|قید|اسم
3	تراس	تراس	تراس	تراس	N1	اسم
4	نشسته_بودم	نشسته_بودم	نشسته_بودم	نشسته_بودم	N
5	این	این|این	این|این	این|این	A1|N6	صفت اشاره|ضمیر اشاره
6	اقاهه	اقاهه	اقاهه	اقاهه	N
7	اومد	اومد	اومد	اومد	N
8	شروع	شروع	شروع	شروع	N1	اسم
9	کرد	کرد|کرد	کرد|کرد	کرد|کرد	V|N1	سوم شخص مفرد|اسم
10	خوندن	خوندن	خوندن	خوندن	N
11	.	.	.	.	Si	

0	رفیقای	رفیقای	رفیقای	رفیقای	N
1	ما	ما	ما	ما	N5	ضمیر فاعلی
2	از	از	از	از	Pr	حرف اضافه
3	ترس	ترس|ترس	ترس|ترس	ترس|ترس	V|N1	فعل امر مثبت|اسم
4	شیرینی	شیرینی|شیرین|شیر	شیرینی|شیرین|شیر	شیرینی|شیرین+ی|شیر+ین+ی	N1|A0+Y|N1+O+Y	اسم|صفت + ی|اسم + ین + ی
5	دادن	داد	داد	داد+ن	V2+Neg	بن ماضی + ن
6	گوشی	گوشی|گوش	گوشی|گوش	گوشی|گوش+ی	N1|N1+Y	اسم|اسم + ی
7	و	و|و|و	و|و|و	و|و|و	C0|Ab|Al	حرف ربط|اختصارات|حروف الفبا
8	ماشین	ماشین|ماش	ماشین|ماش	ماشین|ماش+ین	N1|N1+O	اسم|اسم + ین
9	نمیخرن	نمیخرن	نمیخرن	نمیخرن	N
10	.	.	.	.	Si	

0	ی	ی|ی	ی|ی	ی|ی	Al|Ab	حروف الفبا|اختصارات
1	چیزی	چیزی|چیز	چیزی|چیز	چیزی|چیز+ی	Ad|N1+Y	قید|اسم + ی
2	میخواستم	خواست|خواست|خواست	خواست|خواست|خواست	می+خواست+م|می+خواست+م|می+خواست+م	V|O+V5+N|O+V5+V	اول شخص مفرد|می + فعل کمکی + ضمیر ملکی اول شخص مفرد|می + فعل کمکی + فعل اول شخص مفرد
3	بگم	گم	گم	ب+گم	O+N1	ب + اسم
4	ولی	ولی|ولی|ول|ول	ولی|ولی|ول|ول	ولی|ولی|ول+ی|ول+ی	C0|N1|A0+Y|N1+Y	حرف ربط|اسم|صفت + ی|اسم + ی
5	یادم	یاد|یاد	یاد|یاد	یاد+م|یاد+م	N1+N|N1+V	اسم + ضمیر ملکی اول شخص مفرد|اسم + فعل اول شخص مفرد
6	نمیاد	نمیاد	نمیاد	نمیاد	N
7	.	.	.	.	Si	

0	واسه	واسه	واسه	واسه	Pr1	حرف اضافه گروهی
1	بافتن	بافت|باف	بافت|باف	بافت+ن|باف+ت+ن	V2+Neg|V1+N+Neg	بن ماضی + ن|بن مضارع + ضمیر ملکی دوم شخص مفرد + ن
2	این	این|این	این|این	این|این	A1|N6	صفت اشاره|ضمیر اشاره
3	چهل	چهل	چهل	چهل	No	عدد حرفی
4	سانت	سان	سان	سان+ت	N1+N	اسم + ضمیر ملکی دوم شخص مفرد
5	،	،	،	،	Si	
6	حداقل	حداقل	حداقل	حداقل	Ad	قید
7	بیست	بیست	بیست	بیست	No	عدد حرفی
8	رج	رج	رج	رج	N1	اسم
9	بافتم	بافت|بافت|بافت	بافت|بافت|بافت	بافت+م|بافت+م|بافت+م	V|N1+N|N1+V	اول شخص مفرد|اسم + ضمیر ملکی اول شخص مفرد|اسم + فعل اول شخص مفرد
10	و	و|و|و	و|و|و	و|و|و	C0|Ab|Al	حرف ربط|اختصارات|حروف الفبا
11	شکافتم	شکافت	شکافت	شکافت+م	V	اول شخص مفرد
12	تا	تا|تا|تا	تا|تا|تا	تا|تا|تا	Pr|C0|Ab	حرف اضافه|حرف ربط|اختصارات
13	یاد	یاد	یاد	یاد	N1	اسم
14	گرفتم	گرفت|گرفت|گرفت	گرفت|گرفت|گرفت	گرفت+م|گرفت+م|گرفت+م	V|N1+N|N1+V	اول شخص مفرد|اسم + ضمیر ملکی اول شخص مفرد|اسم + فعل اول شخص مفرد
15	و	و|و|و	و|و|و	و|و|و	C0|Ab|Al	حرف ربط|اختصارات|حروف الفبا
16	قلقش	قلق	قلق	قلق	N
17	دستم	دست|دست	دست|دست	دست+م|دست+م	N1+N|N1+V	اسم + ضمیر ملکی اول شخص مفرد|اسم + فعل اول شخص مفرد
18	اومد	اومد	اومد	اومد	N
19	.	.	.	.	Si	

0	خوبیش	خوبی|خوب	خوبی|خوب	خوبی+ش|خوب+ی+ش	N1+N|A0+Y+N	اسم + ضمیر ملکی سوم شخص مفرد|صفت + ی + ضمیر ملکی سوم شخص مفرد
1	این	این|این	این|این	این|این	A1|N6	صفت اشاره|ضمیر اشاره
2	بود	بود|بود|بود|بو	بود|بود|بود|بو	بود|بود|بود|بو+د	V|N1|V|V	سوم شخص مفرد|اسم|سوم شخص مفرد|سوم شخص مفرد
3	که	که|که|که|که	که|که|که|که	که|که|که|که	C0|NA|N1|N1	حرف ربط|ضمیر پرسشی|اسم|اسم
4	خونشون	خونشون	خونشون	خونشون	N
5	نزدیک	نزدیک|نزدیک	نزدیک|نزدیک	نزدیک|نزدیک	A0|N9	صفت|اسم موجود در ساختمان حرف اضافه و حرف ربط گروهی
6	بود	بود|بود|بود|بو	بود|بود|بود|بو	بود|بود|بود|بو+د	V|N1|V|V	سوم شخص مفرد|اسم|سوم شخص مفرد|سوم شخص مفرد
7	،	،	،	،	Si	
8	هم	هم|هم|هم	هم|هم|هم	هم|هم|هم	Ad|C0|N	قید|حرف ربط|ضمیر مشترک/متقابل
9	مسیر	مسیر	مسیر	مسیر	N1	اسم
10	بودیم	بود|بود|بود|بود|بود	بود|بود|بود|بود|بود	بود+یم|بود+ی+م|بود+یم|بود+یم|بود+ی+م	V|V|N1+V|V|V	اول شخص جمع|دوم شخص مفرد|اسم + فعل اول شخص جمع|اول شخص جمع|دوم شخص مفرد
11	.	.	.	.	Si	

0	بدیش	بدی|دیش|دی|بد	بدی|دیش|دی|بد	بدی+ش|ب+دیش|ب+دی+ش|بد+ی+ش	N1+N|O+N1|O+N1+N|A0+Y+N	اسم + ضمیر ملکی سوم شخص مفرد|ب + اسم|ب + اسم + ضمیر ملکی سوم شخص مفرد|صفت + ی + ضمیر ملکی سوم شخص مفرد
1	اینه	اینه	اینه	اینه	N1	اسم
2	که	که|که|که|که	که|که|که|که	که|که|که|که	C0|NA|N1|N1	حرف ربط|ضمیر پرسشی|اسم|اسم
3	خونشون	خونشون	خونشون	خونشون	N
4	نزدیکه	نزدیک	نزدیک	نزدیک+ه	A0+O	صفت + ه
5	،	،	،	،	Si	
6	هممسیریم	مسیر	مسیر	هم+مسیر+یم	O+N1+V	هم + اسم + فعل اول شخص جمع
7	.	.	.	.	Si	

0	مزد	مزد	مزد	مزد	N1	اسم
1	آن	آن|آن	آن|آن	آن|آن	A1|N6	صفت اشاره|ضمیر اشاره
2	گرفت	گرفت|گرفت	گرفت|گرفت	گرفت|گرفت	V|N1	سوم شخص مفرد|اسم
3	جان	جان	جان	جان	N1	اسم
4	برادر	برادر	برادر	برادر	N1	اسم
5	که	که|که|که|که	که|که|که|که	که|که|که|که	C0|NA|N1|N1	حرف ربط|ضمیر پرسشی|اسم|اسم
6	کار	کار|کار	کار|کار	کار|کار	N1|V	اسم|فعل امر مثبت
7	کرد	کرد|کرد	کرد|کرد	کرد|کرد	V|N1	سوم شخص مفرد|اسم
8	.	.	.	.	Si	

0	باعث	باعث	باعث	باعث	N1	اسم
1	شدم	شد	شد	شد+م	V	اول شخص مفرد
2	کل	کل|کل|کل|کل|کل	کل|کل|کل|کل|کل	کل|کل|کل|کل|کل	A0|A0|N1|N1|N1	صفت|صفت|اسم|اسم|اسم
3	دانشجوها	دانشجو|دانش|دان	دانشجو|دانش|دان	دانشجو+ها|دانش+جو+ها|دان+ش+جو+ها	N1+Pl|N1+O+Pl|V1+O+O+Pl	اسم + علامت جمع|اسم + جو + علامت جمع|بن مضارع + ش + جو + علامت جمع
4	برای	برای	برای	برای	Pr	حرف اضافه
5	غذای	غذا	غذا	غذا+ی	N1+Y	اسم + ی
6	دانشگاه	دانشگاه|دانش|دان	دانشگاه|دانش|دان	دانشگاه|دانش+گاه|دان+ش+گاه	N1|N1+O|V1+O+O	اسم|اسم + گاه|بن مضارع + ش + گاه
7	اعتراض	اعتراض	اعتراض	اعتراض	N1	اسم
8	کنن	کنن	کنن	کنن	N
9	!!!	!!!	!!!	!!!	Si	

0	رفیق	رفیق	رفیق	رفیق	N1	اسم
1	اونیه	اونیه	اونیه	اونیه	N
2	که	که|که|که|که	که|که|که|که	که|که|که|که	C0|NA|N1|N1	حرف ربط|ضمیر پرسشی|اسم|اسم
3	وقتی	وقتی|وقت	وقتی|وقت	وقتی|وقت+ی	Ad|N1+Y	قید|اسم + ی
4	داره	دار|دار	دار|دار	دار+ه|دار+ه	V1+O|N1+O	بن مضارع + ه|اسم + ه
5	بهش	به|هش	به|هش	به+ش|ب+هش	N1+N|O+N1	اسم + ضمیر ملکی سوم شخص مفرد|ب + اسم
6	خوش	خوش	خوش	خوش	A0	صفت
7	میگذره	میگذره	میگذره	میگذره	N
8	بهت	بهت|به	بهت|به	بهت|به+ت	N1|N1+N	اسم|اسم + ضمیر ملکی دوم شخص مفرد
9	پیام	پیام	پیام	پیام	N1	اسم
10	بده	ده|بد|ده	ده|بد|ده	ب+ده|بد+ه|ب+ده	V|A0+O|O+N1	فعل امر مثبت|صفت + ه|ب + اسم
11	بیا	آی	آی	بی+آی	V	فعل امر مثبت
12	دورهم	دوره|دوره|دور|دور|دور|دور	دوره|دوره|دور|دور|دور|دور	دوره+م|دوره+م|دور+ه+م|دور+ه+م|دور+ه+م|دور+ه+م	N1+N|N1+V|A0+O+N|A0+O+V|N1+O+N|N1+O+V	اسم + ضمیر ملکی اول شخص مفرد|اسم + فعل اول شخص مفرد|صفت + ه + ضمیر ملکی اول شخص مفرد|صفت + ه + فعل اول شخص مفرد|اسم + ه + ضمیر ملکی اول شخص مفرد|اسم + ه + فعل اول شخص مفرد
13	باشیم	باش|باش	باش|باش	باش+یم|باش+ی+م	V|V	اول شخص جمع|دوم شخص مفرد
14	.	.	.	.	Si	

0	عجیبه	عجیب	عجیب	عجیب+ه	A0+O	صفت + ه
1	که	که|که|که|که	که|که|که|که	که|که|که|که	C0|NA|N1|N1	حرف ربط|ضمیر پرسشی|اسم|اسم
2	یه	یه	یه	یه	N1	اسم
3	نفر	نفر	نفر	نفر	N1	اسم
4	به	به|به	به|به	به|به	Pr|N1	حرف اضافه|اسم
5	شکل	شکل	شکل	شکل	N1	اسم
6	مرموز	مرموز	مرموز	مرموز	A0	صفت
7	ترسناکی	ترسناک|ترس	ترسناک|ترس	ترسناک+ی|ترس+ناک+ی	A0+Y|N1+O+Y	صفت + ی|اسم + ناک + ی
8	گم	گم	گم	گم	N1	اسم
9	شده	شد	شد	شد+ه	V3+O	فعل اسنادی + ه
10	و	و|و|و	و|و|و	و|و|و	C0|Ab|Al	حرف ربط|اختصارات|حروف الفبا
11	باز	باز|باز|باز|باز|باز	باز|باز|باز|باز|باز	باز|باز|باز|باز|باز	V|A0|VPr|N1|Ad	فعل امر مثبت|صفت|پیشوند فعل|اسم|قید
12	از	از	از	از	Pr	حرف اضافه
13	توش	توش	توش	توش	N1	اسم
14	جک	جک	جک	جک	N1	اسم
15	ازدواج	ازدواج	ازدواج	ازدواج	N1	اسم
16	و	و|و|و	و|و|و	و|و|و	C0|Ab|Al	حرف ربط|اختصارات|حروف الفبا
17	لر	لر	لر	لر	N1	اسم
18	و	و|و|و	و|و|و	و|و|و	C0|Ab|Al	حرف ربط|اختصارات|حروف الفبا
19	عرب	عرب	عرب	عرب	N1	اسم
20	در	در|در|در|در|در	در|در|در|در|در	در|در|در|در|در	Pr|V|N1|N1|VPr	حرف اضافه|فعل امر مثبت|اسم|اسم|پیشوند فعل
21	میاد	میاد	میاد	میاد	N
22	.	.	.	.	Si	

0	کلی	کلی|کل|کل|کل|کل|کل	کلی|کل|کل|کل|کل|کل	کلی|کل+ی|کل+ی|کل+ی|کل+ی|کل+ی	A0|A0+Y|A0+Y|N1+Y|N1+Y|N1+Y	صفت|صفت + ی|صفت + ی|اسم + ی|اسم + ی|اسم + ی
1	کار	کار|کار	کار|کار	کار|کار	N1|V	اسم|فعل امر مثبت
2	نکرده	نکرده|کرد	نکرده|کرد	نکرده|ن+کرد+ه	A0|O+O	صفت|ریشه ماضی + ه
3	دارم	دار|دار|دار	دار|دار|دار	دار+م|دار+م|دار+م	V|N1+N|N1+V	اول شخص مفرد|اسم + ضمیر ملکی اول شخص مفرد|اسم + فعل اول شخص مفرد
4	که	که|که|که|که	که|که|که|که	که|که|که|که	C0|NA|N1|N1	حرف ربط|ضمیر پرسشی|اسم|اسم
5	متاسفانه	متأسفانه|متأسف	متأسفانه|متأسف	متأسفانه|متأسف+انه	Ad|A0+Pl	قید|صفت + انه
6	با	با	با	با	Pr	حرف اضافه
7	یه	یه	یه	یه	N1	اسم
8	بار	بار|بار	بار|بار	بار|بار	V|N1	فعل امر مثبت|اسم
9	زندگی	زندگی|زنده	زندگی|زنده	زندگی|زنده+گی	N1|A0+O	اسم|صفت + گی
10	نمیشه	میش|می|می	میش|می|می	میش+ه|می+ش+ه|می+ش+ه	N1+O|N1+N+O|N1+N+O	اسم + ه|اسم + ضمیر ملکی سوم شخص مفرد + ه|اسم + ضمیر ملکی سوم شخص مفرد + ه
11	همشون	شون	شون	هم+شون	O+N1	هم + اسم
12	رو	رو|رو|رو|رو	رو|رو|رو|رو	رو|رو|رو|رو	N1|V|V|N9	اسم|فعل امر مثبت|فعل امر مثبت|اسم موجود در ساختمان حرف اضافه و حرف ربط گروهی
13	انجام	انجام|انجام	انجام|انجام	انجام|انجام	N1|V	اسم|فعل امر مثبت
14	داد	داد|داد	داد|داد	داد|داد	V|N1	سوم شخص مفرد|اسم
15	!	!	!	!	Si	

0	من	من	من	من	N5	ضمیر فاعلی
1	حتی	حتی	حتی	حتی	Ad	قید
2	تو	تو|تو|تو	تو|تو|تو	تو|تو|تو	N5|Ad|N1	ضمیر فاعلی|قید|اسم
3	خاستگاری	خاست	خاست	خاست+گار+ی	V2+O+Y	بن ماضی + گار + ی
4	دختر	دختر	دختر	دختر	N1	اسم
5	خالمم	خالمم	خالمم	خالمم	N
6	بیسکوییت	سکو	سکو	بی+سکو+ی+یت	O+N1+Y+O	بی + اسم + ی + یت
7	رو	رو|رو|رو|رو	رو|رو|رو|رو	رو|رو|رو|رو	N1|V|V|N9	اسم|فعل امر مثبت|فعل امر مثبت|اسم موجود در ساختمان حرف اضافه و حرف ربط گروهی
8	زدم	زد|زد|زد	زد|زد|زد	زد+م|زد+م|زد+م	V|N1+N|N1+V	اول شخص مفرد|اسم + ضمیر ملکی اول شخص مفرد|اسم + فعل اول شخص مفرد
9	تو	تو|تو|تو	تو|تو|تو	تو|تو|تو	N5|Ad|N1	ضمیر فاعلی|قید|اسم
10	چای	چای|چای	چای|چای	چای|چای	V|N1	فعل امر مثبت|اسم
11	.	.	.	.	Si	

0	قبلا	قبلا	قبلا	قبلا	Ad	قید
1	انقد	انقد	انقد	انقد	N
2	دوسش	دوس	دوس	دوس+ش	V	سوم شخص مفرد
3	نداشتم	داشت	داشت	ن+داشت+م	V	اول شخص مفرد
4	این	این|این	این|این	این|این	A1|N6	صفت اشاره|ضمیر اشاره
5	بشر	بشر|بشر|شر|شر	بشر|بشر|شر|شر	بشر|بشر|ب+شر|ب+شر	N1|N1|O+A0|O+N1	اسم|اسم|ب + صفت|ب + اسم
6	رو	رو|رو|رو|رو	رو|رو|رو|رو	رو|رو|رو|رو	N1|V|V|N9	اسم|فعل امر مثبت|فعل امر مثبت|اسم موجود در ساختمان حرف اضافه و حرف ربط گروهی
7	ولی	ولی|ولی|ول|ول	ولی|ولی|ول|ول	ولی|ولی|ول+ی|ول+ی	C0|N1|A0+Y|N1+Y	حرف ربط|اسم|صفت + ی|اسم + ی
8	جدیدا	جدیداً	جدیداً	جدیداً	Ad	قید
9	احساس	احساس	احساس	احساس	N1	اسم
10	عمیقا	عمیقاً	عمیقاً	عمیقاً	Ad	قید
11	خوبی	خوبی|خوب	خوبی|خوب	خوبی|خوب+ی	N1|A0+Y	اسم|صفت + ی
12	بهم	هم|به|به	هم|به|به	ب+هم|به+م|به+م	O+Ad|N1+N|N1+V	ب + قید|اسم + ضمیر ملکی اول شخص مفرد|اسم + فعل اول شخص مفرد
13	میده	میده	میده	میده	N
14	معاشرت	معاشرت|معاشر	معاشرت|معاشر	معاشرت|معاشر+ت	N1|A0+N	اسم|صفت + ضمیر ملکی دوم شخص مفرد
15	باهاش	باهاش	باهاش	باهاش	N
16	واقعا	واقعاً	واقعاً	واقعاً	Ad	قید
17	آدم	آدم	آدم	آدم	N1	اسم
18	لذت‌بخشیه	لذتبخش	لذتبخش	لذتبخش+یه	A0+O	صفت + یه
19	.	.	.	.	Si	

0	فشاری	فشاری|فشار	فشاری|فشار	فشاری|فشار+ی	A0|N1+Y	صفت|اسم + ی
1	که	که|که|که|که	که|که|که|که	که|که|که|که	C0|NA|N1|N1	حرف ربط|ضمیر پرسشی|اسم|اسم
2	دستشویی	دستشویی	دستشویی	دستشویی	N1	اسم
3	ایرانی	ایرانی|ایران	ایرانی|ایران	ایرانی|ایران+ی	A0|N2+Y	صفت|اسم خاص مکان + ی
4	به	به|به	به|به	به|به	Pr|N1	حرف اضافه|اسم
5	پام	پا	پا	پا	N
6	میاره	میاره	میاره	میاره	N
7	از	از	از	از	Pr	حرف اضافه
8	هزاران	هزار	هزار	هزار+ان	N1+Pl	اسم + ان
9	اسکات	اسکات	اسکات	اسکات	N1	اسم
10	و	و|و|و	و|و|و	و|و|و	C0|Ab|Al	حرف ربط|اختصارات|حروف الفبا
11	دوییدن	دوییدن	دوییدن	دوییدن	N
12	بیشتره	بیشتر|بیش|شتر	بیشتر|بیش|شتر	بیشتر+ه|بیش+تر+ه|بی+شتر+ه	A0+O|A0+A+O|O+N1+O	صفت + ه|صفت + علامت صفت تفضیلی + ه|بی + اسم + ه
13	.	.	.	.	Si	

0	آرین	آرین	آرین	آرین	N3	اسم خاص اشخاص
1	جان	جان	جان	جان	N1	اسم
2	عزیزم	عزیز|عزیز	عزیز|عزیز	عزیز+م|عزیز+م	A0+N|A0+V	صفت + ضمیر ملکی اول شخص مفرد|صفت + فعل اول شخص مفرد
3	وقتی	وقتی|وقت	وقتی|وقت	وقتی|وقت+ی	Ad|N1+Y	قید|اسم + ی
4	هنوز	هنوز	هنوز	هنوز	Ad	قید
5	داره	دار|دار	دار|دار	دار+ه|دار+ه	V1+O|N1+O	بن مضارع + ه|اسم + ه
6	بخار	بخار|خار|خار	بخار|خار|خار	بخار|ب+خار|ب+خار	N1|V|O+N1	اسم|فعل امر مثبت|ب + اسم
7	از	از	از	از	Pr	حرف اضافه
8	روش	روش	روش	روش	N1	اسم
9	بلند	بلند|بلند|بلند|لند|بل|بل	بلند|بلند|بلند|لند|بل|بل	بلند|بلند|بلند|ب+لند|بل+ند|بل+ند	A0|N1|N1|V|N1+V|N1+V	صفت|اسم|اسم|فعل امر مثبت|اسم + فعل سوم شخص جمع|اسم + فعل سوم شخص جمع
10	میشه	میش|می|می	میش|می|می	میش+ه|می+ش+ه|می+ش+ه	N1+O|N1+N+O|N1+N+O	اسم + ه|اسم + ضمیر ملکی سوم شخص مفرد + ه|اسم + ضمیر ملکی سوم شخص مفرد + ه
11	،	،	،	،	Si	
12	یعنی	یعنی	یعنی	یعنی	C0	حرف ربط
13	جوشه	جوش|جوش	جوش|جوش	جوش+ه|جوش+ه	V1+O|A0+O	بن مضارع + ه|صفت + ه
14	!!!!	!!!!	!!!!	!!!!	Si	

0	کنترل	کنترل	کنترل	کنترل	N1	اسم
1	کن	کن|کن|کن	کن|کن|کن	کن|کن|کن	V|V|N2	فعل امر مثبت|فعل امر مثبت|اسم خاص مکان
2	خودتو	خودتو	خودتو	خودتو	N
3	!!!	!!!	!!!	!!!	Si	

0	چرا	چرا|چرا|چرا	چرا|چرا|چرا	چرا|چرا|چرا	NA|N1|N1	ضمیر پرسشی|اسم|اسم
1	نمیری	میر|میر	میر|میر	میر+ی|میر+ی	V|N1+Y	دوم شخص مفرد|اسم + ی
2	متن	متن	متن	متن	N1	اسم
3	از	از	از	از	Pr	حرف اضافه
4	سایت	سایت	سایت	سایت	N1	اسم
5	خبرگذاریا	خبرگذاریا	خبرگذاریا	خبرگذاریا	N
6	برداری	بردار|بردار|برد	بردار|بردار|برد	بردار+ی|بردار+ی|برد+ار+ی	V|N1+Y|O+O+Y	دوم شخص مفرد|اسم + ی|ریشه ماضی + ار + ی
7	؟	؟	؟	؟	Si	

0	حالا	حالا	حالا	حالا	Ad	قید
1	همیشه	همیشه	همیشه	همیشه	Ad	قید
2	۱۵۰	۱۵۰	۱۵۰	۱۵۰	No	عدد رقمی
3	بار	بار|بار	بار|بار	بار|بار	V|N1	فعل امر مثبت|اسم
4	باید	باید	باید	باید	V4	فعل وجه نما
5	گوشی	گوشی|گوش	گوشی|گوش	گوشی|گوش+ی	N1|N1+Y	اسم|اسم + ی
6	زنگ	زنگ	زنگ	زنگ	N1	اسم
7	بخوره	خوره|بخور|بخور|خور	خوره|بخور|بخور|خور	ب+خوره|بخور+ه|بخور+ه|ب+خور+ه	O+N1|N1+O|A0+O|O+V1+O	ب + اسم|اسم + ه|صفت + ه|ب + بن مضارع + ه
8	تا	تا|تا|تا	تا|تا|تا	تا|تا|تا	Pr|C0|Ab	حرف اضافه|حرف ربط|اختصارات
9	بیدار	بیدار|دار	بیدار|دار	بیدار|بی+دار	A0|O+N1	صفت|بی + اسم
10	بشم	بشم|شم	بشم|شم	بشم|ب+شم	N1|O+N1	اسم|ب + اسم
11	چون	چون|چون	چون|چون	چون|چون	C0|Pr	حرف ربط|حرف اضافه
12	جمعه‌اس	جمعه اس	جمعه اس	جمعه اس	N
13	،	،	،	،	Si	
14	بار	بار|بار	بار|بار	بار|بار	V|N1	فعل امر مثبت|اسم
15	اول	اول	اول	اول	A0	صفت
16	بیدار	بیدار|دار	بیدار|دار	بیدار|بی+دار	A0|O+N1	صفت|بی + اسم
17	شدم	شد	شد	شد+م	V	اول شخص مفرد
18	.	.	.	.	Si	

0	کاش	کاش	کاش	کاش	Intj	صوت
1	اندازه	اندازه|انداز	اندازه|انداز	اندازه|انداز+ه	N1|V1+O	اسم|بن مضارع + ه
2	امیرحسن	امیرحسن	امیرحسن	امیرحسن	N3	اسم خاص اشخاص
3	بلد	بلد	بلد	بلد	N1	اسم
4	بودم	بود|بود|بود|بود	بود|بود|بود|بود	بود+م|بود+م|بود+م|بود+م	V|N1+N|N1+V|V	اول شخص مفرد|اسم + ضمیر ملکی اول شخص مفرد|اسم + فعل اول شخص مفرد|اول شخص مفرد
5	سه‌تار	سه‌تار	سه‌تار	سه‌تار	N1	اسم
6	بزنم	بزن|بزن|زن|زن|زن	بزن|بزن|زن|زن|زن	بزن+م|بزن+م|ب+زن+م|ب+زن+م|ب+زن+م	A0+N|A0+V|V|O+N1+N|O+N1+V	صفت + ضمیر ملکی اول شخص مفرد|صفت + فعل اول شخص مفرد|اول شخص مفرد|ب + اسم + ضمیر ملکی اول شخص مفرد|ب + اسم + فعل اول شخص مفرد
7	.	.	.	.	Si	

0	حرف	حرف|حرف	حرف|حرف	حرف|حرف	N1|N1	اسم|اسم
1	زدن	زد	زد	زد+ن	V2+Neg	بن ماضی + ن
2	با	با	با	با	Pr	حرف اضافه
3	یکی	یکی	یکی	یکی	A2	صفت مبهم
4	که	که|که|که|که	که|که|که|که	که|که|که|که	C0|NA|N1|N1	حرف ربط|ضمیر پرسشی|اسم|اسم
5	بفهمه	فهم|فهم	فهم|فهم	ب+فهم+ه|ب+فهم+ه	O+V1+O|O+N1+O	ب + بن مضارع + ه|ب + اسم + ه
6	و	و|و|و	و|و|و	و|و|و	C0|Ab|Al	حرف ربط|اختصارات|حروف الفبا
7	گوش	گوش	گوش	گوش	N1	اسم
8	کنه	کنه|کنه|کن|کن	کنه|کنه|کن|کن	کنه|کنه|کن+ه|کن+ه	N1|N1|V1+O|V1+O	اسم|اسم|بن مضارع + ه|بن مضارع + ه
9	خیلی	خیلی|خیلی|خیل	خیلی|خیلی|خیل	خیلی|خیلی|خیل+ی	A0|Ad|N1+Y	صفت|قید|اسم + ی
10	خوبه	خوب	خوب	خوب+ه	A0+O	صفت + ه
11	.	.	.	.	Si	

0	درسته	درسته|درست	درسته|درست	درسته|درست+ه	A0|A0+O	صفت|صفت + ه
1	قهرمان	قهرمان|قهر	قهرمان|قهر	قهرمان|قهر+مان	A0|N1+N	صفت|اسم + ضمیر ملکی اول شخص جمع
2	نشدیم	شد	شد	ن+شد+یم	V	اول شخص جمع
3	ولی	ولی|ولی|ول|ول	ولی|ولی|ول|ول	ولی|ولی|ول+ی|ول+ی	C0|N1|A0+Y|N1+Y	حرف ربط|اسم|صفت + ی|اسم + ی
4	تو	تو|تو|تو	تو|تو|تو	تو|تو|تو	N5|Ad|N1	ضمیر فاعلی|قید|اسم
5	۴۴	۴۴	۴۴	۴۴	No	عدد رقمی
6	درصد	درصد	درصد	درصد	N1	اسم
7	بالای	بالا|لای|لا	بالا|لای|لا	بالا+ی|با+لای|با+لا+ی	A0+Y|O+N1|O+A0+Y	صفت + ی|با + اسم|با + صفت + ی
8	جدول	جدول|جد|جد	جدول|جد|جد	جدول|جد+ول|جد+ول	N1|N1+O|N1+O	اسم|اسم + ول|اسم + ول
9	که	که|که|که|که	که|که|که|که	که|که|که|که	C0|NA|N1|N1	حرف ربط|ضمیر پرسشی|اسم|اسم
10	بودیم	بود|بود|بود|بود|بود	بود|بود|بود|بود|بود	بود+یم|بود+ی+م|بود+یم|بود+یم|بود+ی+م	V|V|N1+V|V|V	اول شخص جمع|دوم شخص مفرد|اسم + فعل اول شخص جمع|اول شخص جمع|دوم شخص مفرد
11	.	.	.	.	Si	

0	یه	یه	یه	یه	N1	اسم
1	مسیر	مسیر	مسیر	مسیر	N1	اسم
2	نسبتا	نسبتاً	نسبتاً	نسبتاً	Ad	قید
3	زیاد	زیاد	زیاد	زیاد	A0	صفت
4	رو	رو|رو|رو|رو	رو|رو|رو|رو	رو|رو|رو|رو	N1|V|V|N9	اسم|فعل امر مثبت|فعل امر مثبت|اسم موجود در ساختمان حرف اضافه و حرف ربط گروهی
5	بدون	بدون	بدون	بدون	Pr	حرف اضافه
6	وایسادن	وایسادن	وایسادن	وایسادن	N
7	و	و|و|و	و|و|و	و|و|و	C0|Ab|Al	حرف ربط|اختصارات|حروف الفبا
8	کم	کم|کم	کم|کم	کم|کم	A0|N1	صفت|اسم
9	کردن	کرد	کرد	کرد+ن	V2+Neg	بن ماضی + ن
10	سرعت	سرعت	سرعت	سرعت	N1	اسم
11	دوییدم	دو|دو	دو|دو	دو+یید+م|دو+یید+م	V|V	دوم شخص جمع|دوم شخص جمع
12	و	و|و|و	و|و|و	و|و|و	C0|Ab|Al	حرف ربط|اختصارات|حروف الفبا
13	خیلی	خیلی|خیلی|خیل	خیلی|خیلی|خیل	خیلی|خیلی|خیل+ی	A0|Ad|N1+Y	صفت|قید|اسم + ی
14	حال	حال	حال	حال	N1	اسم
15	داد	داد|داد	داد|داد	داد|داد	V|N1	سوم شخص مفرد|اسم
16	.	.	.	.	Si	

0	چرا	چرا|چرا|چرا	چرا|چرا|چرا	چرا|چرا|چرا	NA|N1|N1	ضمیر پرسشی|اسم|اسم
1	دیگه	دیگ	دیگ	دیگ+ه	N1+O	اسم + ه
2	به	به|به	به|به	به|به	Pr|N1	حرف اضافه|اسم
3	گربه‌ها	گربه	گربه	گربه+ها	N1+Pl	اسم + علامت جمع
4	مجید	مجید	مجید	مجید	N3	اسم خاص اشخاص
5	نمیگن	نمیگن	نمیگن	نمیگن	N
6	؟	؟	؟	؟	Si	

0	می‌تونه	می تونه	می تونه	می تونه	N
1	کامل	کامل	کامل	کامل	A0	صفت
2	حالتو	حالتو	حالتو	حالتو	N
3	خوب	خوب	خوب	خوب	A0	صفت
4	کنه	کنه|کنه|کن|کن	کنه|کنه|کن|کن	کنه|کنه|کن+ه|کن+ه	N1|N1|V1+O|V1+O	اسم|اسم|بن مضارع + ه|بن مضارع + ه
5	.	.	.	.	Si	

0	پیاده	پیاده	پیاده	پیاده	A0	صفت
1	شدم	شد	شد	شد+م	V	اول شخص مفرد
2	و	و|و|و	و|و|و	و|و|و	C0|Ab|Al	حرف ربط|اختصارات|حروف الفبا
3	الان	الان	الان	الان	Ad	قید
4	دارم	دار|دار|دار	دار|دار|دار	دار+م|دار+م|دار+م	V|N1+N|N1+V	اول شخص مفرد|اسم + ضمیر ملکی اول شخص مفرد|اسم + فعل اول شخص مفرد
5	پیاده	پیاده	پیاده	پیاده	A0	صفت
6	میرم	میر|میر|میر	میر|میر|میر	میر+م|میر+م|میر+م	V|N1+N|N1+V	اول شخص مفرد|اسم + ضمیر ملکی اول شخص مفرد|اسم + فعل اول شخص مفرد
7	!	!	!	!	Si	

0	پسر	پسر	پسر	پسر	N1	اسم
1	عمه‌ام	عمه|عمه|عم|عم	عمه|عمه|عم|عم	عمه+ام|عمه+ام|عم+ه+ام|عم+ه+ام	N1+N|N1+V|N1+O+N|N1+O+V	اسم + ضمیر ملکی اول شخص مفرد|اسم + فعل اول شخص مفرد|اسم + ه + ضمیر ملکی اول شخص مفرد|اسم + ه + فعل اول شخص مفرد
2	رو	رو|رو|رو|رو	رو|رو|رو|رو	رو|رو|رو|رو	N1|V|V|N9	اسم|فعل امر مثبت|فعل امر مثبت|اسم موجود در ساختمان حرف اضافه و حرف ربط گروهی
3	شب	شب	شب	شب	N1	اسم
4	یه	یه	یه	یه	N1	اسم
5	بار	بار|بار	بار|بار	بار|بار	V|N1	فعل امر مثبت|اسم
6	تو	تو|تو|تو	تو|تو|تو	تو|تو|تو	N5|Ad|N1	ضمیر فاعلی|قید|اسم
7	همین	همین|همین	همین|همین	همین|همین	A1|N6	صفت اشاره|ضمیر اشاره
8	مسیر	مسیر	مسیر	مسیر	N1	اسم
9	می‌خواستند	خواست|خواست	خواست|خواست	می+خواست+ند|می+خواست+ند	V|O+V5+V	سوم شخص جمع|می + فعل کمکی + فعل سوم شخص جمع
10	بکننش	بکننش	بکننش	بکننش	N
11	تو	تو|تو|تو	تو|تو|تو	تو|تو|تو	N5|Ad|N1	ضمیر فاعلی|قید|اسم
12	صندوق	صندوق	صندوق	صندوق	N1	اسم
13	و	و|و|و	و|و|و	و|و|و	C0|Ab|Al	حرف ربط|اختصارات|حروف الفبا
14	فرار	فرار|فرار	فرار|فرار	فرار|فرار	N1|A0	اسم|صفت
15	کرد	کرد|کرد	کرد|کرد	کرد|کرد	V|N1	سوم شخص مفرد|اسم
16	و	و|و|و	و|و|و	و|و|و	C0|Ab|Al	حرف ربط|اختصارات|حروف الفبا
17	با	با	با	با	Pr	حرف اضافه
18	گریه	گریه|گری|گری	گریه|گری|گری	گریه|گری+ه|گری+ه	N1|V1+O|N1+O	اسم|بن مضارع + ه|اسم + ه
19	اومد	اومد	اومد	اومد	N
20	خونه	خون	خون	خون+ه	N1+O	اسم + ه
21	.	.	.	.	Si	

0	۴۰	۴۰	۴۰	۴۰	No	عدد رقمی
1	دقیقه	دقیقه|دقیق	دقیقه|دقیق	دقیقه|دقیق+ه	N1|A0+O	اسم|صفت + ه
2	اس	اس|اس	اس|اس	اس|اس	Ab|N1	اختصارات|اسم
3	تو	تو|تو|تو	تو|تو|تو	تو|تو|تو	N5|Ad|N1	ضمیر فاعلی|قید|اسم
4	ماشینم	ماشین|ماشین|ماش|ماش	ماشین|ماشین|ماش|ماش	ماشین+م|ماشین+م|ماش+ین+م|ماش+ین+م	N1+N|N1+V|N1+O+N|N1+O+V	اسم + ضمیر ملکی اول شخص مفرد|اسم + فعل اول شخص مفرد|اسم + ین + ضمیر ملکی اول شخص مفرد|اسم + ین + فعل اول شخص مفرد
5	منتظر	منتظر	منتظر	منتظر	A0	صفت
6	.	.	.	.	Si	

0	یه	یه	یه	یه	N1	اسم
1	نفر	نفر	نفر	نفر	N1	اسم
2	که	که|که|که|که	که|که|که|که	که|که|که|که	C0|NA|N1|N1	حرف ربط|ضمیر پرسشی|اسم|اسم
3	بیاد	یاد	یاد	ب+یاد	O+N1	ب + اسم
4	سوار	سوار	سوار	سوار	N1	اسم
5	شه	شه	شه	شه	N1	اسم
6	بریم	بر|بر|بر|بر|بر	بر|بر|بر|بر|بر	بر+یم|بر+یم|بر+ی+م|بر+ی+م|بر+یم	V|V|V|V|N1+V	اول شخص جمع|اول شخص جمع|دوم شخص مفرد|دوم شخص مفرد|اسم + فعل اول شخص جمع
7	!	!	!	!	Si	

0	الان	الان	الان	الان	Ad	قید
1	دلم	دل|دل	دل|دل	دل+م|دل+م	N1+N|N1+V	اسم + ضمیر ملکی اول شخص مفرد|اسم + فعل اول شخص مفرد
2	میخواد	میخواد	میخواد	میخواد	N
3	۴	۴	۴	۴	No	عدد رقمی
4	نفر	نفر	نفر	نفر	N1	اسم
5	حساب	حساب	حساب	حساب	N1	اسم
6	کنم	کن|کن	کن|کن	کن+م|کن+م	V|V	اول شخص مفرد|اول شخص مفرد
7	بره	بره|بره|بر|بر|بر	بره|بره|بر|بر|بر	بره|بره|بر+ه|بر+ه|بر+ه	N1|N1|V1+O|V1+O|N1+O	اسم|اسم|بن مضارع + ه|بن مضارع + ه|اسم + ه
8	!	!	!	!	Si	

0	ولی	ولی|ولی|ول|ول	ولی|ولی|ول|ول	ولی|ولی|ول+ی|ول+ی	C0|N1|A0+Y|N1+Y	حرف ربط|اسم|صفت + ی|اسم + ی
1	میگم	میگ|میگ	میگ|میگ	میگ+م|میگ+م	N1+N|N1+V	اسم + ضمیر ملکی اول شخص مفرد|اسم + فعل اول شخص مفرد
2	اگه	اگه	اگه	اگه	N
3	میخواستی	خواست|خواست	خواست|خواست	می+خواست+ی|می+خواست+ی	V|O+V5+Y	دوم شخص مفرد|می + فعل کمکی + ی
4	چهار	چهار	چهار	چهار	No	عدد حرفی
5	نفر	نفر	نفر	نفر	N1	اسم
6	حساب	حساب	حساب	حساب	N1	اسم
7	کنی	کن|کن	کن|کن	کن+ی|کن+ی	V|V	دوم شخص مفرد|دوم شخص مفرد
8	۴۰	۴۰	۴۰	۴۰	No	عدد رقمی
9	دقیقه	دقیقه|دقیق	دقیقه|دقیق	دقیقه|دقیق+ه	N1|A0+O	اسم|صفت + ه
10	پیش	پیش|پیش|پی	پیش|پیش|پی	پیش|پیش|پی+ش	A0|N9|N1+N	صفت|اسم موجود در ساختمان حرف اضافه و حرف ربط گروهی|اسم + ضمیر ملکی سوم شخص مفرد
11	اینکار	اینکار	اینکار	اینکار	N
12	رو	رو|رو|رو|رو	رو|رو|رو|رو	رو|رو|رو|رو	N1|V|V|N9	اسم|فعل امر مثبت|فعل امر مثبت|اسم موجود در ساختمان حرف اضافه و حرف ربط گروهی
13	میکردی	کرد	کرد	می+کرد+ی	V	دوم شخص مفرد
14	.	.	.	.	Si	

0	انقد	انقد	انقد	انقد	N
1	دیر	دیر|دیر|دیر	دیر|دیر|دیر	دیر|دیر|دیر	V|Ad|N1	فعل امر مثبت|قید|اسم
2	جوابشو	جوابشو	جوابشو	جوابشو	N
3	دادم	داد|داد|داد	داد|داد|داد	داد+م|داد+م|داد+م	V|N1+N|N1+V	اول شخص مفرد|اسم + ضمیر ملکی اول شخص مفرد|اسم + فعل اول شخص مفرد
4	خوابید	خوابید|خواب|خواب	خوابید|خواب|خواب	خوابید|خواب+ید|خواب+ید	V|V|N1+V	سوم شخص مفرد|دوم شخص جمع|اسم + فعل دوم شخص جمع
5	بنده	بنده|بند|بند	بنده|بند|بند	بنده|بند+ه|بند+ه	N1|V1+O|N1+O	اسم|بن مضارع + ه|اسم + ه
6	خدا	خدا	خدا	خدا	N1	اسم
7	.	.	.	.	Si	

0	اقا	اقا	اقا	اقا	N
1	دقت	دقت|دق	دقت|دق	دقت|دق+ت	N1|N1+N	اسم|اسم + ضمیر ملکی دوم شخص مفرد
2	کردین	کرد	کرد	کرد+ین	N1+O	اسم + ین
3	همونجور	همونجور	همونجور	همونجور	N
4	که	که|که|که|که	که|که|که|که	که|که|که|که	C0|NA|N1|N1	حرف ربط|ضمیر پرسشی|اسم|اسم
5	هوای	هوا	هوا	هوا+ی	N1+Y	اسم + ی
6	دوستتونو	دوستتونو	دوستتونو	دوستتونو	N
7	دارین	دار	دار	دار+ین	N1+O	اسم + ین
8	و	و|و|و	و|و|و	و|و|و	C0|Ab|Al	حرف ربط|اختصارات|حروف الفبا
9	سعی	سعی	سعی	سعی	A0	صفت
10	میکنین	میکنین	میکنین	میکنین	N
11	از	از	از	از	Pr	حرف اضافه
12	ناراحتی	ناراحتی|ناراحت|راحت	ناراحتی|ناراحت|راحت	ناراحتی|ناراحت+ی|نا+راحت+ی	N1|A0+Y|Neg+A0+Y	اسم|صفت + ی|نا + صفت + ی
13	درش	در|در|در	در|در|در	در+ش|در+ش|در+ش	V|N1+N|N1+N	سوم شخص مفرد|اسم + ضمیر ملکی سوم شخص مفرد|اسم + ضمیر ملکی سوم شخص مفرد
14	بیارین	بیارین	بیارین	بیارین	N
15	،	،	،	،	Si	
16	میتونین	میتونین	میتونین	میتونین	N
17	حال	حال	حال	حال	N1	اسم
18	خودتونم	خودتونم	خودتونم	خودتونم	N
19	خوب	خوب	خوب	خوب	A0	صفت
20	کنین	کنین	کنین	کنین	N
21	و	و|و|و	و|و|و	و|و|و	C0|Ab|Al	حرف ربط|اختصارات|حروف الفبا
22	به	به|به	به|به	به|به	Pr|N1	حرف اضافه|اسم
23	درد	درد|درد|در	درد|درد|در	درد|درد|در+د	N1|N1|V	اسم|اسم|سوم شخص مفرد
24	و	و|و|و	و|و|و	و|و|و	C0|Ab|Al	حرف ربط|اختصارات|حروف الفبا
25	دلای	دلای	دلای	دلای	N
26	خودتونم	خودتونم	خودتونم	خودتونم	N
27	گوش	گوش	گوش	گوش	N1	اسم
28	کنین	کنین	کنین	کنین	N
29	؟	؟	؟	؟	Si	

0	همانطور	همانطور	همانطور	همانطور	N
1	که	که|که|که|که	که|که|که|که	که|که|که|که	C0|NA|N1|N1	حرف ربط|ضمیر پرسشی|اسم|اسم
2	آگاه	آگاه|آگاه	آگاه|آگاه	آگاه|آگاه	V|A0	فعل امر مثبت|صفت
3	هستید	هست|هست	هست|هست	هست+ید|هست+ید	V|N1+V	دوم شخص جمع|اسم + فعل دوم شخص جمع
4	آنچه	آنچه	آنچه	آنچه	N1	اسم
5	که	که|که|که|که	که|که|که|که	که|که|که|که	C0|NA|N1|N1	حرف ربط|ضمیر پرسشی|اسم|اسم
6	بنده	بنده|بند|بند	بنده|بند|بند	بنده|بند+ه|بند+ه	N1|V1+O|N1+O	اسم|بن مضارع + ه|اسم + ه
7	عرض	عرض|عرض|عرض	عرض|عرض|عرض	عرض|عرض|عرض	N1|N1|N1	اسم|اسم|اسم
8	کرده_بودم	کرده_بودم	کرده_بودم	کرده_بودم	N
9	نظر	نظر|نظر	نظر|نظر	نظر|نظر	N1|N9	اسم|اسم موجود در ساختمان حرف اضافه و حرف ربط گروهی
10	شخصی	شخصی|شخص	شخصی|شخص	شخصی|شخص+ی	A0|N1+Y	صفت|اسم + ی
11	بوده	بود|بود|بود	بود|بود|بود	بود+ه|بود+ه|بود+ه	O+O|N1+O|V3+O	ریشه ماضی + ه|اسم + ه|فعل اسنادی + ه
12	.	.	.	.	Si	

0	وقتی	وقتی|وقت	وقتی|وقت	وقتی|وقت+ی	Ad|N1+Y	قید|اسم + ی
1	از	از	از	از	Pr	حرف اضافه
2	چیزی	چیزی|چیز	چیزی|چیز	چیزی|چیز+ی	Ad|N1+Y	قید|اسم + ی
3	مطمئنی	مطمئن	مطمئن	مطمئن+ی	A0+Y	صفت + ی
4	نیستید	نیست|است	نیست|است	نیست+ید|نی+است+ید	N1+V|V	اسم + فعل دوم شخص جمع|دوم شخص جمع
5	به	به|به	به|به	به|به	Pr|N1	حرف اضافه|اسم
6	کسی	کسی	کسی	کسی	A2	صفت مبهم
7	قول	قول	قول	قول	N1	اسم
8	ندید	دید	دید	ن+دید	V	سوم شخص مفرد
9	!!	!!	!!	!!	Si	

0	و	و|و|و	و|و|و	و|و|و	C0|Ab|Al	حرف ربط|اختصارات|حروف الفبا
1	اگه	اگه	اگه	اگه	N
2	قول	قول	قول	قول	N1	اسم
3	می‌دید	دید	دید	می+دید	V	سوم شخص مفرد
4	به	به|به	به|به	به|به	Pr|N1	حرف اضافه|اسم
5	حرفاتون	حرفاتون	حرفاتون	حرفاتون	N
6	عمل	عمل	عمل	عمل	N1	اسم
7	کنید	کن|کن	کن|کن	کن+ید|کن+ید	V|V	دوم شخص جمع|دوم شخص جمع
8	…	…	…	…	N
9	امیدوارم	امیدوار|امیدوار|امید|امید	امیدوار|امیدوار|امید|امید	امیدوار+م|امیدوار+م|امید+وار+م|امید+وار+م	A0+N|A0+V|A0+O+N|A0+O+V	صفت + ضمیر ملکی اول شخص مفرد|صفت + فعل اول شخص مفرد|صفت + وار + ضمیر ملکی اول شخص مفرد|صفت + وار + فعل اول شخص مفرد
10	قبل	قبل|قبل|قبل	قبل|قبل|قبل	قبل|قبل|قبل	Ad|N1|N9	قید|اسم|اسم موجود در ساختمان حرف اضافه و حرف ربط گروهی
11	از	از	از	از	Pr	حرف اضافه
12	بیرون	بیرون	بیرون	بیرون	N1	اسم
13	اومدن	اومدن	اومدن	اومدن	N
14	فراموش	فراموش|موش	فراموش|موش	فراموش|فرا+موش	N1|O+N1	اسم|فرا + اسم
15	نکنم	کن|کن	کن|کن	ن+کن+م|ن+کن+م	V|V	اول شخص مفرد|اول شخص مفرد
16	.	.	.	.	Si	

0	من	من	من	من	N5	ضمیر فاعلی
1	آخر	آخر	آخر	آخر	N1	اسم
2	از	از	از	از	Pr	حرف اضافه
3	انگشت	انگشت	انگشت	انگشت	N1	اسم
4	کوچیکه	کوچی	کوچی	کوچی+ک+ه	A0+O+O	صفت + ک + ه
5	پای	پای|پا|پا	پای|پا|پا	پای|پا+ی|پا+ی	N1|V|N1+Y	اسم|دوم شخص مفرد|اسم + ی
6	راست	راست	راست	راست	A0	صفت
7	می‌میرم	میر	میر	می+میر+م	V	اول شخص مفرد
8	.	.	.	.	Si	

0	همیشه	همیشه	همیشه	همیشه	Ad	قید
1	که	که|که|که|که	که|که|که|که	که|که|که|که	C0|NA|N1|N1	حرف ربط|ضمیر پرسشی|اسم|اسم
2	قرار	قرار|قرار	قرار|قرار	قرار|قرار	N1|N9	اسم|اسم موجود در ساختمان حرف اضافه و حرف ربط گروهی
3	نیست	نیست|است|نی	نیست|است|نی	نیست|نی+است|نی+ست	N1|V|N1+N	اسم|سوم شخص مفرد|اسم + ضمیر ملکی سوم شخص مفرد
4	اون	اون	اون	اون	N
5	چیزی	چیزی|چیز	چیزی|چیز	چیزی|چیز+ی	Ad|N1+Y	قید|اسم + ی
6	که	که|که|که|که	که|که|که|که	که|که|که|که	C0|NA|N1|N1	حرف ربط|ضمیر پرسشی|اسم|اسم
7	ما	ما	ما	ما	N5	ضمیر فاعلی
8	میخوایم	میخوایم	میخوایم	میخوایم	N
9	بشه	شه	شه	ب+شه	O+N1	ب + اسم
10	!!	!!	!!	!!	Si	

0	یکم	یک|یک	یک|یک	یک+م|یک+م	No+N|No+V	عدد حرفی + ضمیر ملکی اول شخص مفرد|عدد حرفی + فعل اول شخص مفرد
1	از	از	از	از	Pr	حرف اضافه
2	خودتون	خودتون	خودتون	خودتون	N
3	انعطاف‌پذیری	انعطاف‌پذیری|انعطاف‌پذیر|انعطاف	انعطاف‌پذیری|انعطاف‌پذیر|انعطاف	انعطاف‌پذیری|انعطاف‌پذیر+ی|انعطاف+پذیر+ی	N1|A0+Y|N1+O+Y	اسم|صفت + ی|اسم + پذیر + ی
4	نشون	نشون	نشون	نشون	N
5	بدین	بدین	بدین	بدین	Pr	حرف اضافه
6	!!	!!	!!	!!	Si	

0	ضربه	ضربه|ضرب	ضربه|ضرب	ضربه|ضرب+ه	N1|N1+O	اسم|اسم + ه
1	آزاد	آزاد	آزاد	آزاد	A0	صفت
2	شده	شد	شد	شد+ه	V3+O	فعل اسنادی + ه
3	و	و|و|و	و|و|و	و|و|و	C0|Ab|Al	حرف ربط|اختصارات|حروف الفبا
4	کارگردان	کارگردان|کارگر|کار	کارگردان|کارگر|کار	کارگردان|کارگر+دان|کار+گر+دان	N1|N1+Pl|N1+O+Pl	اسم|اسم + دان|اسم + گر + دان
5	بکام	کام	کام	ب+کام	O+N1	ب + اسم
6	رو	رو|رو|رو|رو	رو|رو|رو|رو	رو|رو|رو|رو	N1|V|V|N9	اسم|فعل امر مثبت|فعل امر مثبت|اسم موجود در ساختمان حرف اضافه و حرف ربط گروهی
7	نشون	نشون	نشون	نشون	N
8	میده	میده	میده	میده	N
9	که	که|که|که|که	که|که|که|که	که|که|که|که	C0|NA|N1|N1	حرف ربط|ضمیر پرسشی|اسم|اسم
10	لبخند	لبخند	لبخند	لبخند	N1	اسم
11	رو	رو|رو|رو|رو	رو|رو|رو|رو	رو|رو|رو|رو	N1|V|V|N9	اسم|فعل امر مثبت|فعل امر مثبت|اسم موجود در ساختمان حرف اضافه و حرف ربط گروهی
12	لبشه	لب|لب	لب|لب	لب+ش+ه|لب+ش+ه	N1+N+O|N1+N+O	اسم + ضمیر ملکی سوم شخص مفرد + ه|اسم + ضمیر ملکی سوم شخص مفرد + ه
13	…	…	…	…	N

0	همه	همه|همه	همه|همه	همه|همه	N1|A2	اسم|صفت مبهم
1	دلشون	دلشون	دلشون	دلشون	N
2	میخواست	خواست|خواست	خواست|خواست	می+خواست|می+خواست	V|O+V5	سوم شخص مفرد|می + فعل کمکی
3	که	که|که|که|که	که|که|که|که	که|که|که|که	C0|NA|N1|N1	حرف ربط|ضمیر پرسشی|اسم|اسم
4	اون	اون	اون	اون	N
5	پشت	پشت|پش	پشت|پش	پشت|پش+ت	N1|N1+N	اسم|اسم + ضمیر ملکی دوم شخص مفرد
6	توپ	توپ|توپ	توپ|توپ	توپ|توپ	V|N1	فعل امر مثبت|اسم
7	وای‌میستاد	وای میستاد	وای میستاد	وای میستاد	N
8	…	…	…	…	N

0	چقدر	چقدر	چقدر	چقدر	Ad	قید
1	با	با	با	با	Pr	حرف اضافه
2	شنیدن	شنید	شنید	شنید+ن	V2+Neg	بن ماضی + ن
3	این	این|این	این|این	این|این	A1|N6	صفت اشاره|ضمیر اشاره
4	آهنگ	آهنگ	آهنگ	آهنگ	N1	اسم
5	دوییدم	دو|دو	دو|دو	دو+یید+م|دو+یید+م	V|V	دوم شخص جمع|دوم شخص جمع
6	جلو	جلو	جلو	جلو	A0	صفت
7	تلویزیون	تلویزیون	تلویزیون	تلویزیون	N1	اسم
8	.	.	.	.	Si	

0	سعی	سعی	سعی	سعی	A0	صفت
1	کنید	کن|کن	کن|کن	کن+ید|کن+ید	V|V	دوم شخص جمع|دوم شخص جمع
2	وقتی	وقتی|وقت	وقتی|وقت	وقتی|وقت+ی	Ad|N1+Y	قید|اسم + ی
3	از	از	از	از	Pr	حرف اضافه
4	خواب	خواب|خواب	خواب|خواب	خواب|خواب	V|N1	فعل امر مثبت|اسم
5	بیدار	بیدار|دار	بیدار|دار	بیدار|بی+دار	A0|O+N1	صفت|بی + اسم
6	می‌شید	میش	میش	میش+ید	N1+V	اسم + فعل دوم شخص جمع
7	و	و|و|و	و|و|و	و|و|و	C0|Ab|Al	حرف ربط|اختصارات|حروف الفبا
8	می‌خواید	می خواید	می خواید	می خواید	N
9	خوابی	خواب|خواب	خواب|خواب	خواب+ی|خواب+ی	V|N1+Y	دوم شخص مفرد|اسم + ی
10	رو	رو|رو|رو|رو	رو|رو|رو|رو	رو|رو|رو|رو	N1|V|V|N9	اسم|فعل امر مثبت|فعل امر مثبت|اسم موجود در ساختمان حرف اضافه و حرف ربط گروهی
11	که	که|که|که|که	که|که|که|که	که|که|که|که	C0|NA|N1|N1	حرف ربط|ضمیر پرسشی|اسم|اسم
12	دیدید	دید|دید	دید|دید	دید+ید|دید+ید	V|N1+V	دوم شخص جمع|اسم + فعل دوم شخص جمع
13	بنویسید	نویس	نویس	ب+نویس+ید	V	دوم شخص جمع
14	که	که|که|که|که	که|که|که|که	که|که|که|که	C0|NA|N1|N1	حرف ربط|ضمیر پرسشی|اسم|اسم
15	یادتون	یادتون	یادتون	یادتون	N
16	بمونه	بمونه	بمونه	بمونه	N
17	اطلاعات	اطلاعات|اطلاع	اطلاعات|اطلاع	اطلاعات|اطلاع+ات	N1|N1+Pl	اسم|اسم + علامت جمع
18	رو	رو|رو|رو|رو	رو|رو|رو|رو	رو|رو|رو|رو	N1|V|V|N9	اسم|فعل امر مثبت|فعل امر مثبت|اسم موجود در ساختمان حرف اضافه و حرف ربط گروهی
19	دقیق	دقیق	دقیق	دقیق	A0	صفت
20	و	و|و|و	و|و|و	و|و|و	C0|Ab|Al	حرف ربط|اختصارات|حروف الفبا
21	ریز	ریز|ریز	ریز|ریز	ریز|ریز	V|A0	فعل امر مثبت|صفت
22	بنویسید	نویس	نویس	ب+نویس+ید	V	دوم شخص جمع
23	.	.	.	.	Si	

0	به	به|به	به|به	به|به	Pr|N1	حرف اضافه|اسم
1	نظرم	نظر|نظر	نظر|نظر	نظر+م|نظر+م	N1+N|N1+V	اسم + ضمیر ملکی اول شخص مفرد|اسم + فعل اول شخص مفرد
2	باید	باید	باید	باید	V4	فعل وجه نما
3	اول	اول	اول	اول	A0	صفت
4	یکم	یک|یک	یک|یک	یک+م|یک+م	No+N|No+V	عدد حرفی + ضمیر ملکی اول شخص مفرد|عدد حرفی + فعل اول شخص مفرد
5	بیشتر	بیشتر|بیش|شتر	بیشتر|بیش|شتر	بیشتر|بیش+تر|بی+شتر	A0|A0+A|O+N1	صفت|صفت + علامت صفت تفضیلی|بی + اسم
6	لذت	لذت	لذت	لذت	N1	اسم
7	ببرم	ببر|ببر|برم|بر|بر|بر|بر	ببر|ببر|برم|بر|بر|بر|بر	ببر+م|ببر+م|ب+برم|ب+بر+م|ب+بر+م|ب+بر+م|ب+بر+م	N1+N|N1+V|O+N1|V|V|O+N1+N|O+N1+V	اسم + ضمیر ملکی اول شخص مفرد|اسم + فعل اول شخص مفرد|ب + اسم|اول شخص مفرد|اول شخص مفرد|ب + اسم + ضمیر ملکی اول شخص مفرد|ب + اسم + فعل اول شخص مفرد
8	.	.	.	.	Si	

0	از	از	از	از	Pr	حرف اضافه
1	خوبیای	خوبیای	خوبیای	خوبیای	N
2	ماشین	ماشین|ماش	ماشین|ماش	ماشین|ماش+ین	N1|N1+O	اسم|اسم + ین
3	داشتن	داشت	داشت	داشت+ن	V2+Neg	بن ماضی + ن
4	اینه	اینه	اینه	اینه	N1	اسم
5	که	که|که|که|که	که|که|که|که	که|که|که|که	C0|NA|N1|N1	حرف ربط|ضمیر پرسشی|اسم|اسم
6	از	از	از	از	Pr	حرف اضافه
7	اولین	اولین|اول	اولین|اول	اولین|اول+ین	A0|A0+O	صفت|صفت + ین
8	لحظات	لحظات|لحظ	لحظات|لحظ	لحظات|لحظ+ات	N1|N1+Pl	اسم|اسم + علامت جمع
9	تا	تا|تا|تا	تا|تا|تا	تا|تا|تا	Pr|C0|Ab	حرف اضافه|حرف ربط|اختصارات
10	آخرین	آخر	آخر	آخر+ین	N1+O	اسم + ین
11	لحظات	لحظات|لحظ	لحظات|لحظ	لحظات|لحظ+ات	N1|N1+Pl	اسم|اسم + علامت جمع
12	با	با	با	با	Pr	حرف اضافه
13	دوستان	دوست	دوست	دوست+ان	N1+Pl	اسم + ان
14	هستی	هستی|هست|هست	هستی|هست|هست	هستی|هست+ی|هست+ی	N1|V|N1+Y	اسم|دوم شخص مفرد|اسم + ی
15	.	.	.	.	Si	

0	بالغ	بالغ	بالغ	بالغ	A0	صفت
1	بر	بر|بر|بر|بر|بر	بر|بر|بر|بر|بر	بر|بر|بر|بر|بر	Pr|V|V|VPr|N1	حرف اضافه|فعل امر مثبت|فعل امر مثبت|پیشوند فعل|اسم
2	۱۲	۱۲	۱۲	۱۲	No	عدد رقمی
3	ساعت	ساعت	ساعت	ساعت	N1	اسم
4	لذت	لذت	لذت	لذت	N1	اسم
5	بردیم	ردیم|برد|برد|برد|ردی|ردی|رد	ردیم|برد|برد|برد|ردی|ردی|رد	ب+ردیم|برد+یم|برد+ی+م|برد+یم|ب+ردی+م|ب+ردی+م|ب+رد+یم	O+N1|V|V|N1+V|O+N1+N|O+N1+V|O+A0+V	ب + اسم|اول شخص جمع|دوم شخص مفرد|اسم + فعل اول شخص جمع|ب + اسم + ضمیر ملکی اول شخص مفرد|ب + اسم + فعل اول شخص مفرد|ب + صفت + فعل اول شخص جمع
6	از	از	از	از	Pr	حرف اضافه
7	همجواری	همجواری|همجوار|جوار	همجواری|همجوار|جوار	همجواری|همجوار+ی|هم+جوار+ی	N1|A0+Y|O+N1+Y	اسم|صفت + ی|هم + اسم + ی
8	دوستان	دوست	دوست	دوست+ان	N1+Pl	اسم + ان
9	.	.	.	.	Si	

0	بالاخره	بالاخره	بالاخره	بالاخره	Ad	قید
1	اینکه	اینکه	اینکه	اینکه	Ad	قید
2	به	به|به	به|به	به|به	Pr|N1	حرف اضافه|اسم
3	همه	همه|همه	همه|همه	همه|همه	N1|A2	اسم|صفت مبهم
4	جواب	جواب	جواب	جواب	N1	اسم
5	میدم	مید	مید	مید	N
6	به	به|به	به|به	به|به	Pr|N1	حرف اضافه|اسم
7	یه	یه	یه	یه	N1	اسم
8	دردی	دردی|درد|درد	دردی|درد|درد	دردی|درد+ی|درد+ی	N4|N1+Y|N1+Y	اسم فامیل|اسم + ی|اسم + ی
9	داره	دار|دار	دار|دار	دار+ه|دار+ه	V1+O|N1+O	بن مضارع + ه|اسم + ه
10	میخوره	میخ	میخ	میخ+ور+ه	N1+O+O	اسم + ور + ه
11	.	.	.	.	Si	

0	یه	یه	یه	یه	N1	اسم
1	نفر	نفر	نفر	نفر	N1	اسم
2	که	که|که|که|که	که|که|که|که	که|که|که|که	C0|NA|N1|N1	حرف ربط|ضمیر پرسشی|اسم|اسم
3	از	از	از	از	Pr	حرف اضافه
4	غذا	غذا	غذا	غذا	N1	اسم
5	خوردن	خورد|خور	خورد|خور	خورد+ن|خور+د+ن	V2+Neg|V1+O+Neg	بن ماضی + ن|بن مضارع + د + ن
6	،	،	،	،	Si	
7	آهنگ	آهنگ	آهنگ	آهنگ	N1	اسم
8	گوش	گوش	گوش	گوش	N1	اسم
9	دادن	داد	داد	داد+ن	V2+Neg	بن ماضی + ن
10	،	،	،	،	Si	
11	فیلم	فیلم|فیل|فیل	فیلم|فیل|فیل	فیلم|فیل+م|فیل+م	N1|N1+N|N1+V	اسم|اسم + ضمیر ملکی اول شخص مفرد|اسم + فعل اول شخص مفرد
12	و	و|و|و	و|و|و	و|و|و	C0|Ab|Al	حرف ربط|اختصارات|حروف الفبا
13	سریال	سریال	سریال	سریال	N1	اسم
14	دیدن	دید	دید	دید+ن	V2+Neg	بن ماضی + ن
15	و	و|و|و	و|و|و	و|و|و	C0|Ab|Al	حرف ربط|اختصارات|حروف الفبا
16	ورزش	ورزش|ورز|ورز	ورزش|ورز|ورز	ورزش|ورز+ش|ورز+ش	N1|V|N1+N	اسم|سوم شخص مفرد|اسم + ضمیر ملکی سوم شخص مفرد
17	کردن	کرد	کرد	کرد+ن	V2+Neg	بن ماضی + ن
18	لذت	لذت	لذت	لذت	N1	اسم
19	ببره	بره|ببر|بره|بر|بر|بر	بره|ببر|بره|بر|بر|بر	ب+بره|ببر+ه|ب+بره|ب+بر+ه|ب+بر+ه|ب+بر+ه	O+N1|N1+O|O+N1|O+V1+O|O+V1+O|O+N1+O	ب + اسم|اسم + ه|ب + اسم|ب + بن مضارع + ه|ب + بن مضارع + ه|ب + اسم + ه
20	نبود	نبود|بود|بود|بو	نبود|بود|بود|بو	نبود|ن+بود|ن+بود|ن+بو+د	N1|V|V|V	اسم|سوم شخص مفرد|سوم شخص مفرد|سوم شخص مفرد
21	؟	؟	؟	؟	Si	

0	یکی	یکی	یکی	یکی	A2	صفت مبهم
1	رو	رو|رو|رو|رو	رو|رو|رو|رو	رو|رو|رو|رو	N1|V|V|N9	اسم|فعل امر مثبت|فعل امر مثبت|اسم موجود در ساختمان حرف اضافه و حرف ربط گروهی
2	هم	هم|هم|هم	هم|هم|هم	هم|هم|هم	Ad|C0|N	قید|حرف ربط|ضمیر مشترک/متقابل
3	ناراحت	ناراحت|راحت	ناراحت|راحت	ناراحت|نا+راحت	A0|Neg+A0	صفت|نا + صفت
4	کردم	کرد|کرد|کرد	کرد|کرد|کرد	کرد+م|کرد+م|کرد+م	V|N1+N|N1+V	اول شخص مفرد|اسم + ضمیر ملکی اول شخص مفرد|اسم + فعل اول شخص مفرد
5	ولی	ولی|ولی|ول|ول	ولی|ولی|ول|ول	ولی|ولی|ول+ی|ول+ی	C0|N1|A0+Y|N1+Y	حرف ربط|اسم|صفت + ی|اسم + ی
6	خوشبختانه	خوشبختانه	خوشبختانه	خوشبختانه	Ad	قید
7	سریعا	سریعاً	سریعاً	سریعاً	Ad	قید
8	درستش	درست	درست	درست+ش	A0+N	صفت + ضمیر ملکی سوم شخص مفرد
9	کردم	کرد|کرد|کرد	کرد|کرد|کرد	کرد+م|کرد+م|کرد+م	V|N1+N|N1+V	اول شخص مفرد|اسم + ضمیر ملکی اول شخص مفرد|اسم + فعل اول شخص مفرد
10	.	.	.	.	Si	

0	آقا	آقا|آقا	آقا|آقا	آقا|آقا	N1|Sp	اسم|شاخص
1	کی	کی|کی|کی	کی|کی|کی	کی|کی|کی	NA|NA|Ab	ضمیر پرسشی|ضمیر پرسشی|اختصارات
2	این	این|این	این|این	این|این	A1|N6	صفت اشاره|ضمیر اشاره
3	متن	متن	متن	متن	N1	اسم
4	رو	رو|رو|رو|رو	رو|رو|رو|رو	رو|رو|رو|رو	N1|V|V|N9	اسم|فعل امر مثبت|فعل امر مثبت|اسم موجود در ساختمان حرف اضافه و حرف ربط گروهی
5	که	که|که|که|که	که|که|که|که	که|که|که|که	C0|NA|N1|N1	حرف ربط|ضمیر پرسشی|اسم|اسم
6	زمون	زم	زم	زم+ون	N1+Pl	اسم + علامت جمع
7	انتخابات	انتخاب	انتخاب	انتخاب+ات	N1+Pl	اسم + علامت جمع
8	خیلی	خیلی|خیلی|خیل	خیلی|خیلی|خیل	خیلی|خیلی|خیل+ی	A0|Ad|N1+Y	صفت|قید|اسم + ی
9	دست	دست|دست	دست|دست	دست|دست	N1|N9	اسم|اسم موجود در ساختمان حرف اضافه و حرف ربط گروهی
10	به	به|به	به|به	به|به	Pr|N1	حرف اضافه|اسم
11	دست	دست|دست	دست|دست	دست|دست	N1|N9	اسم|اسم موجود در ساختمان حرف اضافه و حرف ربط گروهی
12	میشد	شد	شد	می+شد	V	سوم شخص مفرد
13	یادشه	یاد	یاد	یاد+ش+ه	N1+N+O	اسم + ضمیر ملکی سوم شخص مفرد + ه
14	؟	؟	؟	؟	Si	

0	کاش	کاش	کاش	کاش	Intj	صوت
1	انتقال	انتقال	انتقال	انتقال	N1	اسم
2	تجربیات	تجربیات|تجربی	تجربیات|تجربی	تجربیات|تجربی+ات	N1|A0+Pl	اسم|صفت + علامت جمع
3	راحت‌تر	راحت	راحت	راحت+تر	A0+A	صفت + علامت صفت تفضیلی
4	بود	بود|بود|بود|بو	بود|بود|بود|بو	بود|بود|بود|بو+د	V|N1|V|V	سوم شخص مفرد|اسم|سوم شخص مفرد|سوم شخص مفرد
5	و	و|و|و	و|و|و	و|و|و	C0|Ab|Al	حرف ربط|اختصارات|حروف الفبا
6	می‌شد	شد	شد	می+شد	V	سوم شخص مفرد
7	به	به|به	به|به	به|به	Pr|N1	حرف اضافه|اسم
8	کوچک‌ترها	کوچک|کوچ	کوچک|کوچ	کوچک+تر+ها|کوچ+ک+تر+ها	A0+A+Pl|N1+O+A+Pl	صفت + علامت صفت تفضیلی + علامت جمع|اسم + ک + علامت صفت تفضیلی + علامت جمع
9	فهموند	فهموند	فهموند	فهموند	N
10	که	که|که|که|که	که|که|که|که	که|که|که|که	C0|NA|N1|N1	حرف ربط|ضمیر پرسشی|اسم|اسم
11	چقدر	چقدر	چقدر	چقدر	Ad	قید
12	مهمن	مهمن	مهمن	مهمن	N
13	.	.	.	.	Si	

0	بالاخره	بالاخره	بالاخره	بالاخره	Ad	قید
1	یه	یه	یه	یه	N1	اسم
2	انیمیشن	انیمیشن	انیمیشن	انیمیشن	N1	اسم
3	که	که|که|که|که	که|که|که|که	که|که|که|که	C0|NA|N1|N1	حرف ربط|ضمیر پرسشی|اسم|اسم
4	وقتی	وقتی|وقت	وقتی|وقت	وقتی|وقت+ی	Ad|N1+Y	قید|اسم + ی
5	که	که|که|که|که	که|که|که|که	که|که|که|که	C0|NA|N1|N1	حرف ربط|ضمیر پرسشی|اسم|اسم
6	از	از	از	از	Pr	حرف اضافه
7	اول	اول	اول	اول	A0	صفت
8	تا	تا|تا|تا	تا|تا|تا	تا|تا|تا	Pr|C0|Ab	حرف اضافه|حرف ربط|اختصارات
9	آخرش	آخر	آخر	آخر+ش	N1+N	اسم + ضمیر ملکی سوم شخص مفرد
10	با	با	با	با	Pr	حرف اضافه
11	کیفیت	کیفیت|کیفی|کیفی|کیف|کیف	کیفیت|کیفی|کیفی|کیف|کیف	کیفیت|کیفی+ت|کیفی+ت|کیف+ی+ت|کیف+ی+ت	N1|A0+N|A0+N|N1+Y+N|N1+Y+N	اسم|صفت + ضمیر ملکی دوم شخص مفرد|صفت + ضمیر ملکی دوم شخص مفرد|اسم + ی + ضمیر ملکی دوم شخص مفرد|اسم + ی + ضمیر ملکی دوم شخص مفرد
12	بد	بد	بد	بد	A0	صفت
13	داد	داد|داد	داد|داد	داد|داد	V|N1	سوم شخص مفرد|اسم
14	نمیزنه	نمیزنه	نمیزنه	نمیزنه	N
15	من	من	من	من	N5	ضمیر فاعلی
16	ایرانیم	ایران	ایران	ایران+یم	N2+V	اسم خاص مکان + فعل اول شخص جمع
17	!	!	!	!	Si	

0	علاوه	علاوه	علاوه	علاوه	A0	صفت
1	بر	بر|بر|بر|بر|بر	بر|بر|بر|بر|بر	بر|بر|بر|بر|بر	Pr|V|V|VPr|N1	حرف اضافه|فعل امر مثبت|فعل امر مثبت|پیشوند فعل|اسم
2	اینکه	اینکه	اینکه	اینکه	Ad	قید
3	حرف	حرف|حرف	حرف|حرف	حرف|حرف	N1|N1	اسم|اسم
4	گوش	گوش	گوش	گوش	N1	اسم
5	نمی‌کنه	نمی کنه	نمی کنه	نمی کنه	N
6	!	!	!	!	Si	

0	حرف	حرف|حرف	حرف|حرف	حرف|حرف	N1|N1	اسم|اسم
1	هم	هم|هم|هم	هم|هم|هم	هم|هم|هم	Ad|C0|N	قید|حرف ربط|ضمیر مشترک/متقابل
2	نمی‌زنه	نمی زنه	نمی زنه	نمی زنه	N
3	!!	!!	!!	!!	Si	

0	بالاخره	بالاخره	بالاخره	بالاخره	Ad	قید
1	بعد	بعد|بعد|بعد	بعد|بعد|بعد	بعد|بعد|بعد	A0|N1|N9	صفت|اسم|اسم موجود در ساختمان حرف اضافه و حرف ربط گروهی
2	از	از	از	از	Pr	حرف اضافه
3	چندین	چندین	چندین	چندین	A0	صفت
4	سال	سال	سال	سال	N1	اسم
5	یه	یه	یه	یه	N1	اسم
6	اکیپ	اکیپ	اکیپ	اکیپ	N1	اسم
7	دوست	دوست|دو	دوست|دو	دوست|دو+ست	N1|N1+N	اسم|اسم + ضمیر ملکی سوم شخص مفرد
8	پسر	پسر	پسر	پسر	N1	اسم
9	پیدا	پیدا	پیدا	پیدا	A0	صفت
10	شده	شد	شد	شد+ه	V3+O	فعل اسنادی + ه
11	که	که|که|که|که	که|که|که|که	که|که|که|که	C0|NA|N1|N1	حرف ربط|ضمیر پرسشی|اسم|اسم
12	باهاشون	باهاشون	باهاشون	باهاشون	N
13	خیلی	خیلی|خیلی|خیل	خیلی|خیلی|خیل	خیلی|خیلی|خیل+ی	A0|Ad|N1+Y	صفت|قید|اسم + ی
14	راحتم	راحت|راحت	راحت|راحت	راحت+م|راحت+م	A0+N|A0+V	صفت + ضمیر ملکی اول شخص مفرد|صفت + فعل اول شخص مفرد
15	و	و|و|و	و|و|و	و|و|و	C0|Ab|Al	حرف ربط|اختصارات|حروف الفبا
16	خیلی	خیلی|خیلی|خیل	خیلی|خیلی|خیل	خیلی|خیلی|خیل+ی	A0|Ad|N1+Y	صفت|قید|اسم + ی
17	باهاشون	باهاشون	باهاشون	باهاشون	N
18	خوش	خوش	خوش	خوش	A0	صفت
19	میگذره	میگذره	میگذره	میگذره	N
20	.	.	.	.	Si	

0	شکلات	شکلات|شکل	شکلات|شکل	شکلات|شکل+ات	N1|N1+Pl	اسم|اسم + علامت جمع
1	نازنین	نازنین	نازنین	نازنین	N3	اسم خاص اشخاص
2	من	من	من	من	N5	ضمیر فاعلی
3	که	که|که|که|که	که|که|که|که	که|که|که|که	C0|NA|N1|N1	حرف ربط|ضمیر پرسشی|اسم|اسم
4	روی	روی|روی|رو|رو|رو	روی|روی|رو|رو|رو	روی|روی|رو+ی|رو+ی|رو+ی	Pr1|N1|N1+Y|V|V	حرف اضافه گروهی|اسم|اسم + ی|دوم شخص مفرد|دوم شخص مفرد
5	قفسه	قفسه|قفس	قفسه|قفس	قفسه|قفس+ه	N1|N1+O	اسم|اسم + ه
6	بود	بود|بود|بود|بو	بود|بود|بود|بو	بود|بود|بود|بو+د	V|N1|V|V	سوم شخص مفرد|اسم|سوم شخص مفرد|سوم شخص مفرد
7	رو	رو|رو|رو|رو	رو|رو|رو|رو	رو|رو|رو|رو	N1|V|V|N9	اسم|فعل امر مثبت|فعل امر مثبت|اسم موجود در ساختمان حرف اضافه و حرف ربط گروهی
8	برداشتین	برداشت|برداشت	برداشت|برداشت	برداشت+ین|برداشت+ین	V2+O|N1+O	بن ماضی + ین|اسم + ین
9	خوردین	خورد|خور	خورد|خور	خورد+ین|خور+د+ین	N1+O|V1+O+O	اسم + ین|بن مضارع + د + ین
10	؟	؟	؟	؟	Si	

0	قدیما	قدیما	قدیما	قدیما	N
1	که	که|که|که|که	که|که|که|که	که|که|که|که	C0|NA|N1|N1	حرف ربط|ضمیر پرسشی|اسم|اسم
2	گوشی	گوشی|گوش	گوشی|گوش	گوشی|گوش+ی	N1|N1+Y	اسم|اسم + ی
3	و	و|و|و	و|و|و	و|و|و	C0|Ab|Al	حرف ربط|اختصارات|حروف الفبا
4	آهنگ	آهنگ	آهنگ	آهنگ	N1	اسم
5	و	و|و|و	و|و|و	و|و|و	C0|Ab|Al	حرف ربط|اختصارات|حروف الفبا
6	اینا	اینا	اینا	اینا	N
7	نبود	نبود|بود|بود|بو	نبود|بود|بود|بو	نبود|ن+بود|ن+بود|ن+بو+د	N1|V|V|V	اسم|سوم شخص مفرد|سوم شخص مفرد|سوم شخص مفرد
8	تو	تو|تو|تو	تو|تو|تو	تو|تو|تو	N5|Ad|N1	ضمیر فاعلی|قید|اسم
9	دستشویی	دستشویی	دستشویی	دستشویی	N1	اسم
10	مجبور	مجبور	مجبور	مجبور	A0	صفت
11	بودیم	بود|بود|بود|بود|بود	بود|بود|بود|بود|بود	بود+یم|بود+ی+م|بود+یم|بود+یم|بود+ی+م	V|V|N1+V|V|V	اول شخص جمع|دوم شخص مفرد|اسم + فعل اول شخص جمع|اول شخص جمع|دوم شخص مفرد
12	بشینیم	شین	شین	ب+شین+یم	O+N1+V	ب + اسم + فعل اول شخص جمع
13	پشت	پشت|پش	پشت|پش	پشت|پش+ت	N1|N1+N	اسم|اسم + ضمیر ملکی دوم شخص مفرد
14	خمیردندون	خمیردندون	خمیردندون	خمیردندون	N
15	هارو	هارو	هارو	هارو	N
16	بخونیم	خون	خون	ب+خون+یم	O+N1+V	ب + اسم + فعل اول شخص جمع
17	که	که|که|که|که	که|که|که|که	که|که|که|که	C0|NA|N1|N1	حرف ربط|ضمیر پرسشی|اسم|اسم
18	حوصله	حوصله	حوصله	حوصله	N1	اسم
19	امون	ام	ام	ام+ون	N1+Pl	اسم + علامت جمع
20	سر	سر|سر|سر|سر|سر	سر|سر|سر|سر|سر	سر|سر|سر|سر|سر	V|N1|N1|N1|N9	فعل امر مثبت|اسم|اسم|اسم|اسم موجود در ساختمان حرف اضافه و حرف ربط گروهی
21	نره	نره|ره|نر	نره|ره|نر	نره|ن+ره|نر+ه	A0|V|A0+O	صفت|فعل امر منفی|صفت + ه
22	.	.	.	.	Si	

0	چقدر	چقدر	چقدر	چقدر	Ad	قید
1	این	این|این	این|این	این|این	A1|N6	صفت اشاره|ضمیر اشاره
2	حسایی	حسایی	حسایی	حسایی	N
3	که	که|که|که|که	که|که|که|که	که|که|که|که	C0|NA|N1|N1	حرف ربط|ضمیر پرسشی|اسم|اسم
4	ملغمه‌ای	ملغمه	ملغمه	ملغمه+ای	N1+O	اسم + ای
5	از	از	از	از	Pr	حرف اضافه
6	شادی	شادی|شادی|شاد	شادی|شادی|شاد	شادی|شادی|شاد+ی	N1|N3|A0+Y	اسم|اسم خاص اشخاص|صفت + ی
7	و	و|و|و	و|و|و	و|و|و	C0|Ab|Al	حرف ربط|اختصارات|حروف الفبا
8	غم‌ان	غم	غم	غم+ان	N1+Pl	اسم + ان
9	خوبن	خوبن	خوبن	خوبن	N
10	.	.	.	.	Si	

0	اولین‌ها	اولین|اول	اولین|اول	اولین+ها|اول+ین+ها	A0+Pl|A0+O+Pl	صفت + علامت جمع|صفت + ین + علامت جمع
1	خیلی	خیلی|خیلی|خیل	خیلی|خیلی|خیل	خیلی|خیلی|خیل+ی	A0|Ad|N1+Y	صفت|قید|اسم + ی
2	معروف	معروف	معروف	معروف	A0	صفت
3	می‌شن	میشن	میشن	میشن	N1	اسم
4	!	!	!	!	Si	

0	مثلا	مثلاً	مثلاً	مثلاً	Ad	قید
1	اولین	اولین|اول	اولین|اول	اولین|اول+ین	A0|A0+O	صفت|صفت + ین
2	کسی	کسی	کسی	کسی	A2	صفت مبهم
3	که	که|که|که|که	که|که|که|که	که|که|که|که	C0|NA|N1|N1	حرف ربط|ضمیر پرسشی|اسم|اسم
4	شبکه	شبکه|شب	شبکه|شب	شبکه|شب+ک+ه	N1|N1+O+O	اسم|اسم + ک + ه
5	اجتماعی	اجتماعی|اجتماع	اجتماعی|اجتماع	اجتماعی|اجتماع+ی	A0|N1+Y	صفت|اسم + ی
6	درست	درست|درس	درست|درس	درست|درس+ت	A0|N1+N	صفت|اسم + ضمیر ملکی دوم شخص مفرد
7	کرد	کرد|کرد	کرد|کرد	کرد|کرد	V|N1	سوم شخص مفرد|اسم
8	کی	کی|کی|کی	کی|کی|کی	کی|کی|کی	NA|NA|Ab	ضمیر پرسشی|ضمیر پرسشی|اختصارات
9	بود	بود|بود|بود|بو	بود|بود|بود|بو	بود|بود|بود|بو+د	V|N1|V|V	سوم شخص مفرد|اسم|سوم شخص مفرد|سوم شخص مفرد
10	؟	؟	؟	؟	Si	

0	آفرین	آفرین|آفرین	آفرین|آفرین	آفرین|آفرین	V|Intj	فعل امر مثبت|صوت
1	!	!	!	!	Si	

0	زاکربرگ	زاکربرگ	زاکربرگ	زاکربرگ	N
1	!	!	!	!	Si	

0	ولی	ولی|ولی|ول|ول	ولی|ولی|ول|ول	ولی|ولی|ول+ی|ول+ی	C0|N1|A0+Y|N1+Y	حرف ربط|اسم|صفت + ی|اسم + ی
1	اون	اون	اون	اون	N
2	اولی	اولی|اولی|اول	اولی|اولی|اول	اولی|اولی|اول+ی	A0|A0|A0+Y	صفت|صفت|صفت + ی
3	نبود	نبود|بود|بود|بو	نبود|بود|بود|بو	نبود|ن+بود|ن+بود|ن+بو+د	N1|V|V|V	اسم|سوم شخص مفرد|سوم شخص مفرد|سوم شخص مفرد
4	!	!	!	!	Si	

0	ولی	ولی|ولی|ول|ول	ولی|ولی|ول|ول	ولی|ولی|ول+ی|ول+ی	C0|N1|A0+Y|N1+Y	حرف ربط|اسم|صفت + ی|اسم + ی
1	معروف‌ترین	معروف	معروف	معروف+ترین	A0+A	صفت + علامت صفت تفضیلی
2	بود	بود|بود|بود|بو	بود|بود|بود|بو	بود|بود|بود|بو+د	V|N1|V|V	سوم شخص مفرد|اسم|سوم شخص مفرد|سوم شخص مفرد
3	.	.	.	.	Si	

0	از	از	از	از	Pr	حرف اضافه
1	خوبیای	خوبیای	خوبیای	خوبیای	N
2	اینترنت	اینترنت	اینترنت	اینترنت	N1	اسم
3	میشه	میش|می|می	میش|می|می	میش+ه|می+ش+ه|می+ش+ه	N1+O|N1+N+O|N1+N+O	اسم + ه|اسم + ضمیر ملکی سوم شخص مفرد + ه|اسم + ضمیر ملکی سوم شخص مفرد + ه
4	به	به|به	به|به	به|به	Pr|N1	حرف اضافه|اسم
5	قسمت	قسمت|قسم|قسم	قسمت|قسم|قسم	قسمت|قسم+ت|قسم+ت	N1|N1+N|N1+N	اسم|اسم + ضمیر ملکی دوم شخص مفرد|اسم + ضمیر ملکی دوم شخص مفرد
6	کردن	کرد	کرد	کرد+ن	V2+Neg	بن ماضی + ن
7	شادی‌ها	شادی|شاد	شادی|شاد	شادی+ها|شاد+ی+ها	N1+Pl|A0+Y+Pl	اسم + علامت جمع|صفت + ی + علامت جمع
8	با	با	با	با	Pr	حرف اضافه
9	یکی	یکی	یکی	یکی	A2	صفت مبهم
10	از	از	از	از	Pr	حرف اضافه
11	اون	اون	اون	اون	N
12	سر	سر|سر|سر|سر|سر	سر|سر|سر|سر|سر	سر|سر|سر|سر|سر	V|N1|N1|N1|N9	فعل امر مثبت|اسم|اسم|اسم|اسم موجود در ساختمان حرف اضافه و حرف ربط گروهی
13	دنیا	دنیا	دنیا	دنیا	N1	اسم
14	اشاره	اشاره	اشاره	اشاره	N1	اسم
15	کرد	کرد|کرد	کرد|کرد	کرد|کرد	V|N1	سوم شخص مفرد|اسم
16	.	.	.	.	Si	

0	ولی	ولی|ولی|ول|ول	ولی|ولی|ول|ول	ولی|ولی|ول+ی|ول+ی	C0|N1|A0+Y|N1+Y	حرف ربط|اسم|صفت + ی|اسم + ی
1	دیگه	دیگ	دیگ	دیگ+ه	N1+O	اسم + ه
2	بابابزرگم	بابابزرگ|بابابزرگ	بابابزرگ|بابابزرگ	بابابزرگ+م|بابابزرگ+م	N1+N|N1+V	اسم + ضمیر ملکی اول شخص مفرد|اسم + فعل اول شخص مفرد
3	نیست	نیست|است|نی	نیست|است|نی	نیست|نی+است|نی+ست	N1|V|N1+N	اسم|سوم شخص مفرد|اسم + ضمیر ملکی سوم شخص مفرد
4	که	که|که|که|که	که|که|که|که	که|که|که|که	C0|NA|N1|N1	حرف ربط|ضمیر پرسشی|اسم|اسم
5	با	با	با	با	Pr	حرف اضافه
6	هم	هم|هم|هم	هم|هم|هم	هم|هم|هم	Ad|C0|N	قید|حرف ربط|ضمیر مشترک/متقابل
7	بستنی	بستنی|بست|ست	بستنی|بست|ست	بستنی|بست+نی|ب+ست+نی	N1|V2+O|O+N1+O	اسم|بن ماضی + نی|ب + اسم + نی
8	بخوریم	بخور|بخور|خور|خور	بخور|بخور|خور|خور	بخور+یم|بخور+یم|ب+خور+یم|ب+خور+ی+م	N1+V|A0+V|V|V	اسم + فعل اول شخص جمع|صفت + فعل اول شخص جمع|اول شخص جمع|دوم شخص مفرد
9	قایمکی	قایم	قایم	قایم+ک+ی	N1+O+Y	اسم + ک + ی
10	به	به|به	به|به	به|به	Pr|N1	حرف اضافه|اسم
11	دور	دور|دور	دور|دور	دور|دور	A0|N1	صفت|اسم
12	از	از	از	از	Pr	حرف اضافه
13	چشم	چشم|چشم|چش	چشم|چشم|چش	چشم|چشم|چش+م	N1|Ad|V	اسم|قید|اول شخص مفرد
14	مادربزرگ	مادربزرگ	مادربزرگ	مادربزرگ	N1	اسم
15	.	.	.	.	Si	

0	به	به|به	به|به	به|به	Pr|N1	حرف اضافه|اسم
1	یاد	یاد	یاد	یاد	N1	اسم
2	آن	آن|آن	آن|آن	آن|آن	A1|N6	صفت اشاره|ضمیر اشاره
3	شب	شب	شب	شب	N1	اسم
4	در	در|در|در|در|در	در|در|در|در|در	در|در|در|در|در	Pr|V|N1|N1|VPr	حرف اضافه|فعل امر مثبت|اسم|اسم|پیشوند فعل
5	مشهد	مشهد	مشهد	مشهد	N2	اسم خاص مکان
6	که	که|که|که|که	که|که|که|که	که|که|که|که	C0|NA|N1|N1	حرف ربط|ضمیر پرسشی|اسم|اسم
7	از	از	از	از	Pr	حرف اضافه
8	خواب	خواب|خواب	خواب|خواب	خواب|خواب	V|N1	فعل امر مثبت|اسم
9	با	با	با	با	Pr	حرف اضافه
10	گریه	گریه|گری|گری	گریه|گری|گری	گریه|گری+ه|گری+ه	N1|V1+O|N1+O	اسم|بن مضارع + ه|اسم + ه
11	پاشدم	پاشدم	پاشدم	پاشدم	N
12	و	و|و|و	و|و|و	و|و|و	C0|Ab|Al	حرف ربط|اختصارات|حروف الفبا
13	رفیقم	رفیق|رفیق	رفیق|رفیق	رفیق+م|رفیق+م	N1+N|N1+V	اسم + ضمیر ملکی اول شخص مفرد|اسم + فعل اول شخص مفرد
14	کنارم	کنار|کنار|کنار|کنار	کنار|کنار|کنار|کنار	کنار+م|کنار+م|کنار+م|کنار+م	N1+N|N1+V|N1+N|N1+V	اسم + ضمیر ملکی اول شخص مفرد|اسم + فعل اول شخص مفرد|اسم + ضمیر ملکی اول شخص مفرد|اسم + فعل اول شخص مفرد
15	بود	بود|بود|بود|بو	بود|بود|بود|بو	بود|بود|بود|بو+د	V|N1|V|V	سوم شخص مفرد|اسم|سوم شخص مفرد|سوم شخص مفرد
16	و	و|و|و	و|و|و	و|و|و	C0|Ab|Al	حرف ربط|اختصارات|حروف الفبا
17	کلی	کلی|کل|کل|کل|کل|کل	کلی|کل|کل|کل|کل|کل	کلی|کل+ی|کل+ی|کل+ی|کل+ی|کل+ی	A0|A0+Y|A0+Y|N1+Y|N1+Y|N1+Y	صفت|صفت + ی|صفت + ی|اسم + ی|اسم + ی|اسم + ی
18	هوامو	هوامو	هوامو	هوامو	N
19	داشت	داشت|داشت|داشت|داش	داشت|داشت|داشت|داش	داشت|داشت|داشت|داش+ت	V|V5|N1|N1+N	سوم شخص مفرد|فعل کمکی|اسم|اسم + ضمیر ملکی دوم شخص مفرد
20	.	.	.	.	Si	

