0	فارسی	فارسی|فارس	فارسی|فارس	فارسی|فارس + ی	A0|N1 + Y||N1 + V
1	را	را	را	را	Po
2	کمی	کمی|کمی|کم|کم	کمی|کمی|کم|کم	کمی|کمی|کم + ی|کم + ی	A2|A0|Ad + Y|N1 + Y||N1 + V
3	درست‌تر	درست‌|درست|درس|ست‌|ست	درست‌تر|درستتر|درستر|ست‌|ست	درست‌ + تر|درست + ‌تر|درس + ت‌ + تر|در + ست‌ + تر|در + ست + ‌تر	A0 + O|A0 + O|N1 + N + O|O + N1 + O|O + N1 + O
4	می‌نویسیم	‌نویس|نویس	‌نویس|نویس	می + ‌نویس + یم|می‌ + نویس + یم	VPr + V1 + N|VPr + V1 + N
5	.	.	.	.	Si

0	به	به|به	به|به	به|به	Pr|N1
1	گزارش	گزارش|گزارش|گزار	گزارش|گزارش|گزارش	گزارش|گزارش|گزار + ش	N1|N9|V1 + O
2	ایسنا	ایسنا	ایسنا	ایسنا	N1
3	سمینار	سمینار	سمینار	سمینار	N1
4	شیمی	شیمی	شیمی	شیمی	N1
5	آلی	آلی|آلی|آل	آلی|آلی|آل	آلی|آلی|آل + ی	A0|N1|N1 + Y||N1 + V
6	از	از	از	از	Pr
7	امروز	امروز	امروز	امروز	N1
8	۱۱	۱۱	۱۱	۱۱	No
9	شهریور	شهریور|شهری|شهر	شهریور|شهری|شهر	شهریور|شهری + ور|شهر + ی + ور	N1|A0 + O|N1 + Y + O
10	۱۳۹۶	۱۳۹۶	۱۳۹۶	۱۳۹۶	No
11	در	در|در|در|در|در	در|در|در|در|در	در|در|در|در|در	N1|Pr|V1|VPr|N1
12	دانشگاه	دانشگاه|دانش	دانشگاه|دانشگاه	دانشگاه|دانش + گاه	N1|N1 + O
13	علم¬وصنعت	علم¬وصنعت|علم¬وصنع	علم¬وصنعت|علم¬وصنع	علم¬وصنعت|علم¬وصنع + ت	N1|N1 + N
14	ایران	ایران|ایر	ایران|ایر	ایران|ایر + ان	N2|N1 + Pl
15	آغاز	آغاز|آغاز	آغاز|آغاز	آغاز|آغاز	N1|V1
16	به	به|به	به|به	به|به	Pr|N1
19	کار	کار|کار	کار|کار	کار|کار	N1|V1
20	کرد	کرد|کرد	کرد|کرد	کرد|کرد	V2|N1
20	.	.	.	.	Si

0	این	این|این	این|این	این|این	A1|N6
1	سمینار	سمینار	سمینار	سمینار	N1
2	تا	تا|تا|تا|تا	تا|تا|تا|تا	تا|تا|تا|تا	Ab|C0|Pr|V1
3	۱۳	۱۳	۱۳	۱۳	No
4	شهریور	شهریور|شهری|شهر	شهریور|شهری|شهر	شهریور|شهری + ور|شهر + ی + ور	N1|A0 + O|N1 + Y + O
5	ادامه	ادامه|ادا	ادامه|ادا	ادامه|ادا + م + ه	N1|N1 + N + O
6	می‌یابد	‌یاب|یاب	‌یاب|یاب	می + ‌یاب + د|می‌ + یاب + د	VPr + V1 + N|VPr + V1 + N
7	.	.	.	.	Si

0	رئیس	رئیس	رئیس	رئیس	N1
1	سازمان	سازمان|ساز|ساز	سازمان|ساز|سازمان|ساز|سازمان	سازمان|ساز + مان|ساز + مان	N1|N1 + N|V1 + O
2	 برنامه	برنامه|برنام|برنا|بر|رنامه|رنام|رنا|ر	برنامه|برنام|برنا|بر|رنامه|رنام|رنا|ر	برنامه|برنام + ه|برنا + م + ه|بر + نا + م + ه|ب + رنامه|ب + رنام + ه|ب + رنا + م + ه|ب + ر + نا + م + ه	N1|N1 + O|N1 + N + O|N1 + O + N + O|O + N1|O + N1 + O|O + N1 + N + O|O + N1 + O + N + O
3	و	و|و|و	و|و|و	و|و|و	Al|C0|Ab
4	بودجه	بودجه	بودجه	بودجه	N1
5	،	.	.	.	Si
6	برنامه	برنامه|برنا|بر|بر	برنامه|برنا|بر|برنا	برنامه|برنا + م + ه|بر + نا + م + ه|بر + نا + م + ه	N1|N1 + N + O|VPr + O + N + O|N1 + O + N + O
7	جامع	جامع	جامع	جامع	A0
8	دولت	دولت|دول|دول	دولت|دول|دول	دولت|دول + ت|دول + ت	N1|N1 + N|N1 + N
9	مشتمل	مشتمل	مشتمل	مشتمل	A0
10	بر	بر|بر|بر|بر|بر	بر|بر|بر|بر|بر	بر|بر|بر|بر|بر	Pr|V1|VPr|N1|V1
11	۱۲	۱۲	۱۲	۱۲	No
12	بسته	بسته|بست|بست|بست|بس|سته|ست|ته	بسته|بست|بست|بست|بس|سته|ست|ته	بسته|بست + ه|بست + ه|بست + ه|بس + ت + ه|ب + سته|ب + ست + ه|بس + ته	A0|N1 + O|V2 + O|N2 + O|A0 + N + O|O + N1|O + N1 + O|O + Ad
13	برای	برای|برا|بر|بر	برای|برا|برا|برا	برای|برا + ی|بر + ا + ی|بر + ا + ی	Pr|A0 + Y|V1 + O + N|V1 + O + N
14	خنثی‌سازی	خنثی‌سازی	خنثی‌سازی	خنثی‌سازی	N1
15	و	و|و|و	و|و|و	و|و|و	Al|C0|Ab
16	تقلیل	تقلیل	تقلیل	تقلیل	N1
17	تحریم‌های	تحریم‌|تحریم|تحری	تحریم‌|تحریم|تحری	تحریم‌ + ها + ی|تحریم + ‌ها + ی|تحری + م‌ + ها + ی	N1 + Pl + Y|N1 + Pl + Y|N1 + N + Pl + Y
18	آمریکا	آمریکا	آمریکا	آمریکا	N2
19	را	را	را	را	Po
20	تشریح	تشریح	تشریح	تشریح	N1
21	کرد	کرد|کرد	کرد|کرد	کرد|کرد	V2|N1
22	.	.	.	.	Si

0	خانه	خانه|خان	خانه|خان	خانه|خان + ه	N1|N1 + O
1	ملت	ملت|مل|مل	ملت|مل|مل	ملت|مل + ت|مل + ت	N1|N1 + N|N1 + N
2	نوشت	نوشت|نوش|نو	نوشت|نوش|نو	نوشت|نوش + ت|نو + ش + ت	V2|A0 + N|A0 + N + N
3	:	:	:	:	Si

0	محمدباقر	محمدباقر	محمدباقر	محمدباقر	N1
1	نوبخت	نوبخت	نوبخت	نوبخت	N2
2	رئیس	رئیس	رئیس	رئیس	N1
3	سازمان	سازمان|ساز|ساز	سازمان|ساز|سازمان|ساز|سازمان	سازمان|ساز + مان|ساز + مان	N1|N1 + N|V1 + O
4	برنامه	برنامه|برنا|بر|بر	برنامه|برنا|بر|برنا	برنامه|برنا + م + ه|بر + نا + م + ه|بر + نا + م + ه	N1|N1 + N + O|VPr + O + N + O|N1 + O + N + O
5	و	و|و|و	و|و|و	و|و|و	Al|C0|Ab
6	بودجه	بودجه	بودجه	بودجه	N1
7	در	در|در|در|در|در	در|در|در|در|در	در|در|در|در|در	N1|Pr|V1|VPr|N1
8	نشست	نشست|نشست|شست	نشست|نشست|شست	نشست|نشست|ن + شست	N1|V2|Neg + V2
9	مشترک	مشترک|مش|مش	مشترک|مش|مش	مشترک|مش + تر + ک|مش + تر + ک	A0|N1 + O + O|N1 + O + O
10	رؤسای	رؤسا	رؤسا	رؤسا + ی	N1 + Y||N1 + V
11	کمیسیون‌های	کمیسیون‌|کمیسیون	کمیسیون‌|کمیسیون	کمیسیون‌ + ها + ی|کمیسیون + ‌ها + ی	N1 + Pl + Y|N1 + Pl + Y
12	تخصصی	تخصصی|تخصص	تخصصی|تخصص	تخصصی|تخصص + ی	A0|N1 + Y||N1 + V
13	مجلس	مجلس	مجلس	مجلس	N1
14	با	با	با	با	Pr
15	بیان	بیان|ان	بیان|ان	بیان|بی + ان	N1|O + N1
16	اینکه	اینکه|اینک|این|این	اینکه|اینک|این|این	اینکه|اینک + ه|این + ک + ه|این + ک + ه	Ad|Ad + O|A1 + O + O|N6 + O + O
17	از	از	از	از	Pr
18	زمان	زمان|زم|مان	زمان|زم|مان	زمان|زم + ان|ز + مان	N1|N1 + Pl|O + N1
19	مشخص	مشخص	مشخص	مشخص	A0
20	شدن	شدن	شدن	شدن	N1
21	اعمال	عم	اعما	اعمال|اعمال|اعم + ال|N	N1|N1|A0 + O|N
22	تحریم‌های	تحریم‌|تحریم|تحری	تحریم‌|تحریم|تحری	تحریم‌ + ها + ی|تحریم + ‌ها + ی|تحری + م‌ + ها + ی	N1 + Pl + Y|N1 + Pl + Y|N1 + N + Pl + Y
23	۹۰	۹۰	۹۰	۹۰	No
24	روزه	روزه|روز	روزه|روز	روزه|روز + ه	A0|N1 + O
25	و	و|و|و	و|و|و	و|و|و	Al|C0|Ab
26	۱۸۰	۱۸۰	۱۸۰	۱۸۰	No
27	روزه	روزه|روز	روزه|روز	روزه|روز + ه	A0|N1 + O
28	آمریکا	آمریکا	آمریکا	آمریکا	N2
29	علیه	علیه|علیه|علی|علی	علیه|علیه|علی|علی	علیه|علیه|علی + ه|علی + ه	N1|N9|N3 + O|A0 + O
30	ایران	ایران|ایر	ایران|ایر	ایران|ایر + ان	N2|N1 + Pl
31	سازمان	سازمان|ساز|ساز	سازمان|ساز|سازمان|ساز|سازمان	سازمان|ساز + مان|ساز + مان	N1|N1 + N|V1 + O
32	برنامه	برنامه|برنا|بر|بر	برنامه|برنا|بر|برنا	برنامه|برنا + م + ه|بر + نا + م + ه|بر + نا + م + ه	N1|N1 + N + O|VPr + O + N + O|N1 + O + N + O
33	و	و|و|و	و|و|و	و|و|و	Al|C0|Ab
34	بودجه	بودجه	بودجه	بودجه	N1
35	به	به|به	به|به	به|به	Pr|N1
36	صورت	صورت|صورت|صور|صور	صورت|صورت|صور|صور	صورت|صورت|صور + ت|صور + ت	N1|N9|N1 + N|N1 + N
37	دقیق	دقیق	دقیق	دقیق	A0
38	حوزه‌های	حوزه‌|حوزه	حوزه‌|حوزه	حوزه‌ + ها + ی|حوزه + ‌ها + ی	N1 + Pl + Y|N1 + Pl + Y
39	این	این|این	این|این	این|این	A1|N6
40	تحریم‌ها	تحریم‌|تحریم|تحری	تحریم‌|تحریم|تحری	تحریم‌ + ها|تحریم + ‌ها|تحری + م‌ + ها	N1 + Pl|N1 + Pl|N1 + N + Pl
41	را	را	را	را	Po
42	مشخص	مشخص	مشخص	مشخص	A0
43	کرد	کرد|کرد	کرد|کرد	کرد|کرد	V2|N1
44	،	.	.	.	Si
45	گفت	گفت|گفت	گفت|گفت	گفت|گفت	N1|V2
46	:	:	:	:	Si

0	برای	برای|برا|بر|بر	برای|برا|برا|برا	برای|برا + ی|بر + ا + ی|بر + ا + ی	Pr|A0 + Y|V1 + O + N|V1 + O + N
1	خنثی‌سازی	خنثی‌سازی	خنثی‌سازی	خنثی‌سازی	N1
2	و	و|و|و	و|و|و	و|و|و	Al|C0|Ab
3	به	به|به	به|به	به|به	Pr|N1
4	حداقل	حداقل	حداقل	حداقل	N1
5	رسیدن	رسید	رسید	رسید + ن	V2 + Neg
6	این	این|این	این|این	این|این	A1|N6
7	تحریم‌ها	تحریم‌|تحریم|تحری	تحریم‌|تحریم|تحری	تحریم‌ + ها|تحریم + ‌ها|تحری + م‌ + ها	N1 + Pl|N1 + Pl|N1 + N + Pl
8	یک	یک	یک	یک	Nu
9	برنامه	برنامه|برنا|بر|بر	برنامه|برنا|بر|برنا	برنامه|برنا + م + ه|بر + نا + م + ه|بر + نا + م + ه	N1|N1 + N + O|VPr + O + N + O|N1 + O + N + O
10	جامع	جامع	جامع	جامع	A0
11	مشتمل	مشتمل	مشتمل	مشتمل	A0
12	بر	بر|بر|بر|بر|بر	بر|بر|بر|بر|بر	بر|بر|بر|بر|بر	Pr|V1|VPr|N1|V1
13	۱۲	۱۲	۱۲	۱۲	No
14	بسته	بسته|بست|بست|بست|بس|سته|ست|ته	بسته|بست|بست|بست|بس|سته|ست|ته	بسته|بست + ه|بست + ه|بست + ه|بس + ت + ه|ب + سته|ب + ست + ه|بس + ته	A0|N1 + O|V2 + O|N2 + O|A0 + N + O|O + N1|O + N1 + O|O + Ad
15	در	در|در|در|در|در	در|در|در|در|در	در|در|در|در|در	N1|Pr|V1|VPr|N1
16	سازمان	سازمان|ساز|ساز	سازمان|ساز|سازمان|ساز|سازمان	سازمان|ساز + مان|ساز + مان	N1|N1 + N|V1 + O
17	طراحی	طراحی|طراح	طراحی|طراح	طراحی|طراح + ی	N1|N1 + Y||N1 + V
18	و	و|و|و	و|و|و	و|و|و	Al|C0|Ab
19	مشخص	مشخص	مشخص	مشخص	A0
20	شد	شد	شد	شد	V3
21	که	که|که|که|که	که|که|که|که	که|که|که|که	N1|C0|NA|N1
22	هر	هر	هر	هر	A1
23	یک	یک	یک	یک	Nu
24	از	از	از	از	Pr
25	دستگاه‌های	دستگاه‌|دستگاه|دست|دست	دستگاه‌|دستگاه|دستگاه|دستگاه	دستگاه‌ + ها + ی|دستگاه + ‌ها + ی|دست + گاه‌ + ها + ی|دست + گاه‌ + ها + ی	N1 + Pl + Y|N1 + Pl + Y|N1 + O + Pl + Y|N9 + O + Pl + Y
26	موجود	موجود	موجود	موجود	A0
27	در	در|در|در|در|در	در|در|در|در|در	در|در|در|در|در	N1|Pr|V1|VPr|N1
28	وزارتخانه‌ها	وزارتخانه‌|وزارتخانه|وزارت	وزارتخانه‌|وزارتخانه|وزارتخانه	وزارتخانه‌ + ها|وزارتخانه + ‌ها|وزارت + خانه‌ + ها	N1 + Pl|N1 + Pl|N1 + O + Pl
29	با	با	با	با	Pr
30	اعمال	عم	اعما	اعمال|اعمال|اعم + ال|N	N1|N1|A0 + O|N
31	تحریم‌های	تحریم‌|تحریم|تحری	تحریم‌|تحریم|تحری	تحریم‌ + ها + ی|تحریم + ‌ها + ی|تحری + م‌ + ها + ی	N1 + Pl + Y|N1 + Pl + Y|N1 + N + Pl + Y
32	۹۰	۹۰	۹۰	۹۰	No
33	روزه	روزه|روز	روزه|روز	روزه|روز + ه	A0|N1 + O
34	و	و|و|و	و|و|و	و|و|و	Al|C0|Ab
35	۱۸۰	۱۸۰	۱۸۰	۱۸۰	No
36	روزه	روزه|روز	روزه|روز	روزه|روز + ه	A0|N1 + O
37	چه	چه|چه|چه	چه|چه|چه	چه|چه|چه	A0|C0|NA
38	آسیب‌هایی	آسیب‌|آسیب	آسیب‌|آسیب	آسیب‌ + ها + ی + ی|آسیب + ‌ها + ی + ی	N1 + Pl + Y + Y|N1 + Pl + Y + Y
39	می‌بینند	‌بین|بین	‌بین|بین	می + ‌بین + ند|می‌ + بین + ند	VPr + V1 + N|VPr + V1 + N
40	و	و|و|و	و|و|و	و|و|و	Al|C0|Ab
41	در	در|در|در|در|در	در|در|در|در|در	در|در|در|در|در	N1|Pr|V1|VPr|N1
42	کوتاه‌مدت	کوتاه‌مدت	کوتاه‌مدت	کوتاه‌مدت	A0
43	،	.	.	.	Si
44	میان‌مدت	میان‌مدت	میان‌مدت	میان‌مدت	A0
45	و	و|و|و	و|و|و	و|و|و	Al|C0|Ab
46	بلندمدت	بلندمدت	بلندمدت	بلندمدت	A0
47	باید	باید|ید|ید	باید|ید|ید	باید|با + ید|با + ید	V4|O + N1|O + N1
48	چه	چه|چه|چه	چه|چه|چه	چه|چه|چه	A0|C0|NA
49	برنامه‌هایی	برنامه‌|برنامه|برنا|بر|بر	برنامه‌|برنامه|برنا|بر|برنا	برنامه‌ + ها + ی + ی|برنامه + ‌ها + ی + ی|برنا + م + ه‌ + ها + ی + ی|بر + نا + م + ه‌ + ها + ی + ی|بر + نا + م + ه‌ + ها + ی + ی	N1 + Pl + Y + Y|N1 + Pl + Y + Y|N1 + N + O + Pl + Y + Y|VPr + O + N + O + Pl + Y + Y|N1 + O + N + O + Pl + Y + Y
50	اعمال	عم	اعما	اعمال|اعمال|اعم + ال|N	N1|N1|A0 + O|N
51	شود	شو|شو	شو|شو	شو + د|شو + د	V1 + N|V1 + N
52	که	که|که|که|که	که|که|که|که	که|که|که|که	N1|C0|NA|N1
53	تکلیف	تکلیف|لیف	تکلیف|لیف	تکلیف|تک + لیف	N1|O + N1
54	وزارت	وزارت	وزارت	وزارت	N1
55	خانه‌ها	خانه‌|خانه|خان	خانه‌|خانه|خان	خانه‌ + ها|خانه + ‌ها|خان + ه‌ + ها	N1 + Pl|N1 + Pl|N1 + O + Pl
56	در	در|در|در|در|در	در|در|در|در|در	در|در|در|در|در	N1|Pr|V1|VPr|N1
57	این	این|این	این|این	این|این	A1|N6
58	حوزه	حوزه	حوزه	حوزه	N1
59	مشخص	مشخص	مشخص	مشخص	A0
60	شد	شد	شد	شد	V3
61	.	.	.	.	Si

0	جوانی	جوانی|جوان|جو|جو|جو|جو|جو	جوانی|جوان|جوان|جو|جو|جو|جوان	جوانی|جوان + ی|جو + ان + ی|جو + ان + ی|جو + ان + ی|جو + ان + ی|جو + ان + ی	N1|A0 + Y|V1 + O + N|N1 + Pl + Y|N1 + Pl + Y|N1 + Pl + Y|V1 + O + N
1	از	از	از	از	Pr
2	یک	یک	یک	یک	Nu
3	خانواده	خانواده	خانواده	خانواده	N1
4	فقیر	فقیر	فقیر	فقیر	A0
5	(	(	(	(	Si
6	فرخ	فرخ	فرخ	فرخ	A0
7	)	)	)	)	Si
8	دل‌باخته	دل‌باخته	دل‌باخته	دل‌باخته	A0
9	دختر	دختر	دختر	دختر	N1
10	عمه‌اش	عمه‌اش|عمه‌ا	عمه‌اش|عمه‌ا	عمه‌اش|عمه‌ا + ش	N1|N1 + N
11	(	(	(	(	Si
12	مهین	مهین|مه|مه	مهین|مهین|مهین	مهین|مه + ین|مه + ین	N3|N1 + O|N1 + O
13	)	)	)	)	Si
14	از	از	از	از	Pr
15	خانواده‌ای	خانواده‌ای|خانواده‌ا	خانواده‌ای|خانواده‌ا	خانواده‌ای|خانواده‌ا + ی	N1|N1 + Y||N1 + V
16	اشرافی	اشرافی|اشراف|اشراف	اشرافی|اشراف|اشراف	اشرافی|اشراف + ی|اشراف + ی	A0|N1 + Y||N1 + V|N1 + Y||N1 + V
17	و	و|و|و	و|و|و	و|و|و	Al|C0|Ab
18	متعین	متعین	متعین	متعین	A0
19	است	است|اس	است|اس	است|اس + ت	V3|N1 + N
20	.	.	.	.	Si

0	پدر	پدر	پدر	پدر	N1
1	مهین	مهین|مه|مه	مهین|مهین|مهین	مهین|مه + ین|مه + ین	N3|N1 + O|N1 + O
2	به	به|به	به|به	به|به	Pr|N1
3	سودای	سودا|سود	سودا|سود	سودا + ی|سود + ای	N1 + Y||N1 + V|V2 + N
4	مال	مال|مال	مال|مال	مال|مال	N1|V1
5	و	و|و|و	و|و|و	و|و|و	Al|C0|Ab
6	مقام	مقام	مقام	مقام	N1
7	درصدد	صدد|صدد	صدد|صدد	در + صدد|در + صدد	O + N1|O + N9
8	است	است|اس	است|اس	است|اس + ت	V3|N1 + N
9	دختر	دختر	دختر	دختر	N1
10	را	را	را	را	Po
11	به	به|به	به|به	به|به	Pr|N1
12	خواستگار	خواستگار|خواست	خواستگار|خواستگار	خواستگار|خواست + گار	N1|V2 + O
13	ثروتمند	ثروتمند|ثروت	ثروتمند|ثروت	ثروتمند|ثروت + مند	A0|N1 + O
14	(	(	(	(	Si
15	سیاوش¬میرزا	سیاوش¬میرزا	سیاوش¬میرزا	سیاوش¬میرزا	N1
16	)	)	)	)	Si
17	بدهد	ده	ده	ب + ده + د	VPr + V6 + N
18	.	.	.	.	Si

0	با	با	با	با	Pr
1	طرح	طرح	طرح	طرح	N1
2	توطئه‌ای	توطئه‌ای|توطئه‌ا	توطئه‌ای|توطئه‌ا	توطئه‌ای|توطئه‌ا + ی	N1|N1 + Y||N1 + V
3	فرخ	فرخ	فرخ	فرخ	A0
4	را	را	را	را	Po
5	دستگیر	دستگیر|دست|دست	دستگیر|دستگیر|دستگیر	دستگیر|دست + گیر|دست + گیر	N1|N1 + O|N9 + O
6	کرده	کرده|کرد|کرد	کرده|کرد|کرد	کرده|کرد + ه|کرد + ه	V2|V2 + O|N1 + O
7	و	و|و|و	و|و|و	و|و|و	Al|C0|Ab
8	به	به|به	به|به	به|به	Pr|N1
9	تبعید	تبعید|تبع	تبعید|تبع	تبعید|تبع + ید	N1|N1 + V
10	می‌فرستند	‌فرست|فرست	‌فرست|فرست	می + ‌فرست + ند|می‌ + فرست + ند	VPr + V1 + N|VPr + V1 + N
11	.	.	.	.	Si

0	فرخ	فرخ	فرخ	فرخ	A0
1	که	که|که|که|که	که|که|که|که	که|که|که|که	N1|C0|NA|N1
2	در	در|در|در|در|در	در|در|در|در|در	در|در|در|در|در	N1|Pr|V1|VPr|N1
3	این	این|این	این|این	این|این	A1|N6
4	دستگاه	دستگاه|دست|دست	دستگاه|دستگاه|دستگاه	دستگاه|دست + گاه|دست + گاه	N1|N1 + O|N9 + O
5	سمت	سمت|سمت|سم|سم	سمت|سمت|سم|سم	سمت|سمت|سم + ت|سم + ت	N1|N1|N1 + N|N1 + N
6	مهمی	مهمی|مهم|مه|مه	مهمی|مهم|مه|مه	مهمی|مهم + ی|مه + م + ی|مه + م + ی	N1|A0 + Y|N1 + N + Y|N1 + N + Y
7	دارد	دار	دار	دار + د	V1 + N
8	،	.	.	.	Si
9	ظاهراً	ظاهراً	ظاهراً	ظاهراً	Ad
10	به	به|به	به|به	به|به	Pr|N1
11	آرمان	آرمان|آرم|آر	آرمان|آرم|آر	آرمان|آرم + ان|آر + مان	N1|N1 + Pl|N1 + N
12	خود	خود|خود	خود|خود	خود|خود	N8|N1
13	برای	برای|برا|بر|بر	برای|برا|برا|برا	برای|برا + ی|بر + ا + ی|بر + ا + ی	Pr|A0 + Y|V1 + O + N|V1 + O + N
14	مبارزه	مبارزه|مبارز|ارز	مبارزه|مبارز|ارز	مبارزه|مبارز + ه|م + ب + ارز + ه	N1|A0 + O|Neg + VPr + V1 + O
15	با	با	با	با	Pr
16	فساد	فساد	فساد	فساد	N1
17	نائل	نائل	نائل	نائل	N1
18	شده¬است	شده¬است|شده¬اس	شده¬است|شده¬اس	شده¬است|شده¬اس + ت	N1|N1 + N
19	.	.	.	.	Si

0	وی	وی|وی	وی|وی	وی|وی	N5|Ab
1	با	با	با	با	Pr
2	بیان	بیان|ان	بیان|ان	بیان|بی + ان	N1|O + N1
3	اینکه	اینکه|اینک|این|این	اینکه|اینک|این|این	اینکه|اینک + ه|این + ک + ه|این + ک + ه	Ad|Ad + O|A1 + O + O|N6 + O + O
4	نقدینگی	نقدینگی|نقد	نقدینگی|نقدین	نقدینگی|نقد + ین + گی	N1|A0 + O + O
5	قابل	قابل	قابل	قابل	A0
6	ملاحظه‌ای	ملاحظه‌ای|ملاحظه‌ا	ملاحظه‌ای|ملاحظه‌ا	ملاحظه‌ای|ملاحظه‌ا + ی	N1|N1 + Y||N1 + V
7	در	در|در|در|در|در	در|در|در|در|در	در|در|در|در|در	N1|Pr|V1|VPr|N1
8	کشور	کشور|کش|کش	کشور|کشور|کشور	کشور|کش + ور|کش + ور	N1|V1 + O|V1 + O
9	وجود	وجود|وجود	وجود|وجود	وجود|وجود	N1|N9
10	دارد	دار	دار	دار + د	V1 + N
11	که	که|که|که|که	که|که|که|که	که|که|که|که	N1|C0|NA|N1
12	مهار	مهار	مهار	مهار	N1
13	نقدینگی	نقدینگی|نقد	نقدینگی|نقدین	نقدینگی|نقد + ین + گی	N1|A0 + O + O
14	و	و|و|و	و|و|و	و|و|و	Al|C0|Ab
15	هدایت	هدایت	هدایت	هدایت	N1
16	آن	آن|آن	آن|آن	آن|آن	A1|N6
17	یکی	یکی|یک	یکی|یک	یکی|یک + ی	A2|Nu + Y
18	از	از	از	از	Pr
19	بسته‌های	بسته‌|بسته|بست|بست|بست|بس|سته‌|سته|ست|ته‌|ته	بسته‌|بسته|بست|بست|بست|بس|سته‌|سته|ست|ته‌|ته	بسته‌ + ها + ی|بسته + ‌ها + ی|بست + ه‌ + ها + ی|بست + ه‌ + ها + ی|بست + ه‌ + ها + ی|بس + ت + ه‌ + ها + ی|ب + سته‌ + ها + ی|ب + سته + ‌ها + ی|ب + ست + ه‌ + ها + ی|بس + ته‌ + ها + ی|بس + ته + ‌ها + ی	A0 + Pl + Y|A0 + Pl + Y|N1 + O + Pl + Y|V2 + O + Pl + Y|N2 + O + Pl + Y|A0 + N + O + Pl + Y|O + N1 + Pl + Y|O + N1 + Pl + Y|O + N1 + O + Pl + Y|O + Ad + Pl + Y|O + Ad + Pl + Y
20	دولت	دولت|دول|دول	دولت|دول|دول	دولت|دول + ت|دول + ت	N1|N1 + N|N1 + N
21	در	در|در|در|در|در	در|در|در|در|در	در|در|در|در|در	N1|Pr|V1|VPr|N1
22	نظر	نظر|نظر	نظر|نظر	نظر|نظر	N1|N9
23	گرفته¬شد	گرفته¬شد	گرفته¬شد	گرفته¬شد	N1
24	،	.	.	.	Si
25	افزود	افزود	افزود	افزود	V2
26	:	:	:	:	Si

0	۷۶	۷۶	۷۶	۷۶	No
1	هزار	هزار|هزار	هزار|هزار	هزار|هزار	N1|Nu
2	پروژه	پروژه	پروژه	پروژه	N1
3	ناتمام	ناتمام|تمام|تمام	ناتمام|تمام|تمام	ناتمام|نا + تمام|نا + تمام	A0|Neg + A0|Neg + N9
4	در	در|در|در|در|در	در|در|در|در|در	در|در|در|در|در	N1|Pr|V1|VPr|N1
5	کشور	کشور|کش|کش	کشور|کشور|کشور	کشور|کش + ور|کش + ور	N1|V1 + O|V1 + O
6	وجود	وجود|وجود	وجود|وجود	وجود|وجود	N1|N9
7	دارد	دار	دار	دار + د	V1 + N
8	که	که|که|که|که	که|که|که|که	که|که|که|که	N1|C0|NA|N1
9	دربسته	دربسته|دربست|بسته|بست|بست|بست|بس|سته|ست|ته	دربسته|دربست|بسته|بست|بست|بست|بس|سته|ست|ته	دربسته|دربست + ه|در + بسته|در + بست + ه|در + بست + ه|در + بست + ه|در + بس + ت + ه|در + ب + سته|در + ب + ست + ه|در + بس + ته	A0|A0 + O|O + A0|O + N1 + O|VPr + V2 + O|O + N2 + O|O + A0 + N + O|O + O + N1|O + O + N1 + O|O + O + Ad
10	دیگری	دیگری|دیگر|دیگر|دی	دیگری|دیگر|دیگر|دیگری	دیگری|دیگر + ی|دیگر + ی|دی + گری	A2|A2 + Y|N1 + Y||N1 + V|N1 + O
11	در	در|در|در|در|در	در|در|در|در|در	در|در|در|در|در	N1|Pr|V1|VPr|N1
12	کشور	کشور|کش|کش	کشور|کشور|کشور	کشور|کش + ور|کش + ور	N1|V1 + O|V1 + O
13	مشخص	مشخص	مشخص	مشخص	A0
14	شد	شد	شد	شد	V3
15	که	که|که|که|که	که|که|که|که	که|که|که|که	N1|C0|NA|N1
16	چه	چه|چه|چه	چه|چه|چه	چه|چه|چه	A0|C0|NA
17	راهکارهایی	راهکار|راه|راه	راهکار|راهکار|راهکار	راهکار + ها + ی + ی|راه + کار + ها + ی + ی|راه + کار + ها + ی + ی	N1 + Pl + Y + Y|N1 + O + Pl + Y + Y|N9 + O + Pl + Y + Y
18	برای	برای|برا|بر|بر	برای|برا|برا|برا	برای|برا + ی|بر + ا + ی|بر + ا + ی	Pr|A0 + Y|V1 + O + N|V1 + O + N
19	اتمام	اتمام	اتمام	اتمام	N1
20	پروژه‌های	پروژه‌|پروژه	پروژه‌|پروژه	پروژه‌ + ها + ی|پروژه + ‌ها + ی	N1 + Pl + Y|N1 + Pl + Y
21	مهم	مهم|مه|مه	مهم|مه|مه	مهم|مه + م|مه + م	A0|N1 + N||N1 + V|N1 + N||N1 + V
22	باید	باید|ید|ید	باید|ید|ید	باید|با + ید|با + ید	V4|O + N1|O + N1
23	اتخاذ	اتخاذ	اتخاذ	اتخاذ	N1
24	شود	شو|شو	شو|شو	شو + د|شو + د	V1 + N|V1 + N
25	و	و|و|و	و|و|و	و|و|و	Al|C0|Ab
26	مدلی	مدل	مدل	مدل + ی	N1 + Y||N1 + V
27	در	در|در|در|در|در	در|در|در|در|در	در|در|در|در|در	N1|Pr|V1|VPr|N1
28	قالب	قالب	قالب	قالب	N1
29	مشارکت	مشارکت	مشارکت	مشارکت	N1
30	عمومی	عمومی|عموم|عمو|عمو	عمومی|عموم|عمو|عمو	عمومی|عموم + ی|عمو + م + ی|عمو + م + ی	A0|N1 + Y||N1 + V|N1 + N + Y|Sp + N + Y
31	خصوصی	خصوصی|خصوص|خصوص	خصوصی|خصوص|خصوص	خصوصی|خصوص + ی|خصوص + ی	A0|N1 + Y||N1 + V|N9 + Y
32	و	و|و|و	و|و|و	و|و|و	Al|C0|Ab
33	در	در|در|در|در|در	در|در|در|در|در	در|در|در|در|در	N1|Pr|V1|VPr|N1
34	یک	یک	یک	یک	Nu
35	بسته	بسته|بست|بست|بست|بس|سته|ست|ته	بسته|بست|بست|بست|بس|سته|ست|ته	بسته|بست + ه|بست + ه|بست + ه|بس + ت + ه|ب + سته|ب + ست + ه|بس + ته	A0|N1 + O|V2 + O|N2 + O|A0 + N + O|O + N1|O + N1 + O|O + Ad
36	تهیه	تهیه|تهی|ته|ته	تهیه|تهی|ته|ته	تهیه|تهی + ه|ته + ی + ه|ته + ی + ه	N1|A0 + O|Ad + Y + O|V1 + N + O
37	شد	شد	شد	شد	V3
38	.	.	.	.	Si

0	گاهی	گاهی|گاه|گا	گاهی|گاه|گا	گاهی|گاه + ی|گا + ه + ی	Ad|Ad + Y|V1 + O + N
1	رویدادهایی	رویداد|رو|رو	رویداد|رو|رو	رویداد + ها + ی + ی|رو + ید + اده + ا + ی + ی|رو + ید + اده + ا + ی + ی	N1 + Pl + Y + Y|V1 + N + O + O + N + N|V1 + N + O + O + N + N
2	موجب	موجب	موجب	موجب	N1
3	می‌شود	‌شو|‌شو|شو|شو	‌شو|‌شو|شو|شو	می + ‌شو + د|می + ‌شو + د|می‌ + شو + د|می‌ + شو + د	VPr + V1 + N|VPr + V1 + N|VPr + V1 + N|VPr + V1 + N
4	شما	شما|شما	شما|شما	شما|شما	N1|N5
5	منطق	منطق	منطق	منطق	N1
6	خود	خود|خود	خود|خود	خود|خود	N8|N1
7	را	را	را	را	Po
8	ازدست	ازدست|ازدس	ازدست|ازدس	ازدست|ازدس + ت	N1|N1 + N
9	بدهید	بده|بد|ده|ده|ده	بده|بد|ده|ده|ده	بده + ید|بد + ه + ید|ب + ده + ید|ب + ده + ید|ب + ده + ید	N1 + V|A0 + O + V|O + Nu + V|VPr + V6 + N|O + N1 + V
10	وگرنه	وگرنه|وگرن	وگرنه|وگرن	وگرنه|وگرن + ه	N1|N1 + O

0	دلیل	دلیل	دلیل	دلیل	N1
1	برای	برای|برا|بر|بر	برای|برا|برا|برا	برای|برا + ی|بر + ا + ی|بر + ا + ی	Pr|A0 + Y|V1 + O + N|V1 + O + N
2	ازدست	ازدست|ازدس	ازدست|ازدس	ازدست|ازدس + ت	N1|N1 + N
3	دادن	داد	داد	داد + ن	V2 + Neg
4	آن	آن|آن	آن|آن	آن|آن	A1|N6
5	ندارید	ندار|دار	ندار|دار	ندار + ید|ن + دار + ید	A0 + V|Neg + V1 + N
6	.	.	.	.	Si

0	«	«	«	«	Si
1	چنآنچه	چنآنچه|چنآنچ|چنآن	چنآنچه|چنآنچ|چنآن	چنآنچه|چنآنچ + ه|چنآن + چه	N1|N1 + O|N1 + O
2	واکنش	واکنش	واکنش	واکنش	N1
3	نابهنجار	نابهنجار|بهنجار|هنجار	نابهنجار|بهنجار|هنجار	نابهنجار|نا + بهنجار|نا + ب + هنجار	A0|Neg + A0|Neg + O + N1
4	دربرابر	برابر|برابر	برابر|برابر	در + برابر|در + برابر	O + A0|O + N9
5	موقعیت	موقعیت|موقع	موقعیت|موقع	موقعیت|موقع + ی + ت	N1|N1 + Y + N
6	نابهنجار	نابهنجار|بهنجار|هنجار	نابهنجار|بهنجار|هنجار	نابهنجار|نا + بهنجار|نا + ب + هنجار	A0|Neg + A0|Neg + O + N1
7	،	.	.	.	Si
8	رفتار	رفتار|رفت|رفت	رفتار|رفتار|رفتار	رفتار|رفت + ار|رفت + ار	N1|V2 + O|V2 + O
9	طبیعی	طبیعی	طبیعی	طبیعی	A0
10	به¬شمار	به¬شمار|ه¬شمار	به¬شمار|ه¬شمار	به¬شمار|ب + ه¬شمار	N1|O + N1
11	می‌رود	‌رو|‌رو|رو|رو	‌رو|‌رو|رو|رو	می + ‌رو + د|می + ‌رو + د|می‌ + رو + د|می‌ + رو + د	VPr + V1 + N|VPr + V1 + N|VPr + V1 + N|VPr + V1 + N
12	.	.	.	.	Si

0	ما	ما	ما	ما	N5
1	روانپزشکان	روانپزشکان|روانپزشک|روانپزش|روانپز	روانپزشکان|روانپزشک|روانپزش|روانپز	روانپزشکان|روانپزشک + ان|روانپزش + ک + ان|روانپز + ش + ک + ان	N1|N1 + Pl|N1 + O + Pl|N1 + N + O + Pl
2	حتی	حتی	حتی	حتی	Ad
3	انتظار	انتظار	انتظار	انتظار	N1
4	این	این|این	این|این	این|این	A1|N6
5	را	را	را	را	Po
6	داریم	دار|دار|دار	دار|دار|دار	دار + یم|دار + یم|دار + یم	N1 + V|V1 + N|V5 + V
7	که	که|که|که|که	که|که|که|که	که|که|که|که	N1|C0|NA|N1
8	واکنش‌های	واکنش‌|واکنش	واکنش‌|واکنش	واکنش‌ + ها + ی|واکنش + ‌ها + ی	N1 + Pl + Y|N1 + Pl + Y
9	یک	یک	یک	یک	Nu
10	فرد	فرد	فرد	فرد	N1
11	دربرابر	برابر|برابر	برابر|برابر	در + برابر|در + برابر	O + A0|O + N9
12	یک	یک	یک	یک	Nu
13	امر	امر	امر	امر	N1
14	نابهنجار	نابهنجار|بهنجار|هنجار	نابهنجار|بهنجار|هنجار	نابهنجار|نا + بهنجار|نا + ب + هنجار	A0|Neg + A0|Neg + O + N1
15	،	.	.	.	Si
16	ازقبیل	ازقبیل	ازقبیل	ازقبیل	N1
17	فرستادن	فرستاد	فرستاد	فرستاد + ن	V2 + Neg
18	به	به|به	به|به	به|به	Pr|N1
19	تیمارستان	تیمارستان|تیمار	تیمارستان|تیمارکده	تیمارستان|تیمار + ستان	N1|N1 + O
20	،	.	.	.	Si
21	به	به|به	به|به	به|به	Pr|N1
22	نسبت	نسبت|نسبت|نسب	نسبت|نسبت|نسب	نسبت|نسبت|نسب + ت	N1|N9|N1 + N
23	درجه	درجه|درج|جه|جه	درجه|درج|جه|جه	درجه|درج + ه|در + جه|در + جه	N1|N1 + O|O + N1|VPr + V1
24	بهنجار	بهنجار|هنجار|هنجار	بهنجار|هنجار|هنجار	بهنجار|ب + هنجار|ب + هنجار	A0|O + N1|VPr + V6
25	بودن	بود	بود	بود + ن	V2 + Neg
26	او	او|او	او|او	او|او	Ab|N5
27	نابهنجار	نابهنجار|بهنجار|هنجار	نابهنجار|بهنجار|هنجار	نابهنجار|نا + بهنجار|نا + ب + هنجار	A0|Neg + A0|Neg + O + N1
28	باشد	باش|اشد	باش|اشد	باش + د|ب + اشد	V1 + N|O + A0
29	.	.	.	.	Si

0	واکنش	واکنش	واکنش	واکنش	N1
1	فردی	فردی|فرد	فردی|فرد	فردی|فرد + ی	A0|N1 + Y||N1 + V
2	که	که|که|که|که	که|که|که|که	که|که|که|که	N1|C0|NA|N1
3	به	به|به	به|به	به|به	Pr|N1
4	اردوگاه	اردوگاه|اردو	اردوگاه|اردوگاه	اردوگاه|اردو + گاه	N1|N1 + O
5	کار	کار|کار	کار|کار	کار|کار	N1|V1
6	اجباری	اجباری|اجبار|اج	اجباری|اجبار|اجبار	اجباری|اجبار + ی|اج + بار + ی	A0|N1 + Y||N1 + V|N1 + O + Y
7	وارد	وارد	وارد	وارد	N1
8	شده¬است	شده¬است|شده¬اس	شده¬است|شده¬اس	شده¬است|شده¬اس + ت	N1|N1 + N
9	نیز	نیز	نیز	نیز	N1
10	وضع	وضع	وضع	وضع	N1
11	نابهنجار	نابهنجار|بهنجار|هنجار	نابهنجار|بهنجار|هنجار	نابهنجار|نا + بهنجار|نا + ب + هنجار	A0|Neg + A0|Neg + O + N1
12	ذهنی	ذهنی|ذهن	ذهنی|ذهن	ذهنی|ذهن + ی	A0|N1 + Y||N1 + V
13	او	او|او	او|او	او|او	Ab|N5
14	را	را	را	را	Po
15	نشان	نشان|نشان|نش	نشان|نشان|نش	نشان|نشان|نش + ان	N1|V1|N1 + Pl
16	می‌دهد	‌ده|ده	‌ده|ده	می + ‌ده + د|می‌ + ده + د	VPr + V1 + N|VPr + V1 + N
17	.	.	.	.	Si

0	صبح	صبح	صبح	صبح	N1
1	زود	زود	زود	زود	A0
2	،	.	.	.	Si
3	وقتی‌که	وقتی‌که|وقتی‌|وقتی|وقت|وقت	وقتی‌که|وقتی‌|وقتی|وقت|وقت	وقتی‌که|وقتی‌ + ک + ه|وقتی + ‌ک + ه|وقت + ی‌ + ک + ه|وقت + ی‌ + ک + ه	C1|Ad + O + O|Ad + O + O|N1 + Y + O + O|N9 + Y + O + O
4	هوا	هوا	هوا	هوا	N1
5	هنوز	هنوز	هنوز	هنوز	Ad
6	گرگ‌ومیش	گرگ‌ومیش|گرگ‌ومی|گرگ‌وم|گرگ‌و	گرگ‌ومیش|گرگ‌ومی|گرگ‌وم|گرگ‌و	گرگ‌ومیش|گرگ‌ومی + ش|گرگ‌وم + ی + ش|گرگ‌و + م + ی + ش	N1|N1 + N|N1 + Y + N|N1 + N + Y + N
7	بود	بود|بود|بود|بو	بود|بود|بود|بو	بود|بود|بود|بو + د	N1|V2|V3|V1 + N
8	زندانی	زندانی|زندان|زند|زن|زن	زندانی|زندان|زند|زندان|زن	زندانی|زندان + ی|زند + ان + ی|زن + دان + ی|زن + د + ان + ی	A0|N1 + Y||N1 + V|N4 + Pl + Y|N1 + O + Y|V1 + N + O + N
9	با	با	با	با	Pr
10	گروهش	گروه|گرو|گرو	گروه|گرو|گرو	گروه + ش|گرو + ه + ش|گرو + ه + ش	N1 + N|V1 + O + O|N1 + O + N
11	جلوی	جلو	جلو	جلو + ی	A0 + Y
12	در	در|در|در|در|در	در|در|در|در|در	در|در|در|در|در	N1|Pr|V1|VPr|N1
13	‌می‌ایستاد	‌ایستاد|‌ایست|ایستاد|ایست	‌ایستاد|‌ایستا|ایستاد|ایستا	‌می + ‌ایستاد|‌می + ‌ایست + ا + د|‌می‌ + ایستاد|‌می‌ + ایست + ا + د	VPr + V2|VPr + V1 + O + N|VPr + V2|VPr + V1 + O + N
14	و	و|و|و	و|و|و	و|و|و	Al|C0|Ab
15	آماده	آماده|آماد|آما	آماده|آماد|آما	آماده|آماد + ه|آما + د + ه	A0|N1 + O|V1 + N + O
16	کار	کار|کار	کار|کار	کار|کار	N1|V1
17	بود	بود|بود|بود|بو	بود|بود|بود|بو	بود|بود|بود|بو + د	N1|V2|V3|V1 + N
18	.	.	.	.	Si

0	با	با	با	با	Pr
1	شنیدن	شنید	شنید	شنید + ن	V2 + Neg
2	صدای	صدا	صدا	صدا + ی	N1 + Y||N1 + V
3	فریادی	فریاد	فریاد	فریاد + ی	N1 + Y||N1 + V
4	،	.	.	.	Si
5	می‌دید	‌دید|دید	‌دید|دید	می + ‌دید|می‌ + دید	VPr + V2|VPr + V2
6	که	که|که|که|که	که|که|که|که	که|که|که|که	N1|C0|NA|N1
7	چگونه	چگونه	چگونه	چگونه	Ad
8	رفیقی	رفیقی|رفیق	رفیقی|رفیق	رفیقی|رفیق + ی	A0|N1 + Y||N1 + V
9	را	را	را	را	Po
10	نقش	نقش|نق	نقش|نق	نقش|نق + ش	N1|N1 + N
11	زمین	زمین|زم|مین	زمین|زمین|مینین	زمین|زم + ین|ز + مین	N1|N1 + O|O + N1
12	می‌کنند	‌کن|‌کن|کن|کن	‌کن|‌کن|کن|کن	می + ‌کن + ند|می + ‌کن + ند|می‌ + کن + ند|می‌ + کن + ند	VPr + V1 + N|VPr + V1 + N|VPr + V1 + N|VPr + V1 + N
13	و	و|و|و	و|و|و	و|و|و	Al|C0|Ab
14	دیگربار	دیگر|دیگر|دی	دیگر|دیگربار|دی	دیگر + بار|دیگر + بار|دی + گر + بار	A2 + O|N1 + O|N1 + O + O
15	او	او|او	او|او	او|او	Ab|N5
16	را	را	را	را	Po
17	می‌ایستانند	‌ایستان|‌ایست|ایستان|ایست	‌ایستان|‌ایستان|ایستان|ایستان	می + ‌ایستان + ند|می + ‌ایست + ان + ند|می‌ + ایستان + ند|می‌ + ایست + ان + ند	VPr + V1 + N|VPr + V1 + O + N|VPr + V1 + N|VPr + V1 + O + N
18	و	و|و|و	و|و|و	و|و|و	Al|C0|Ab
19	باز	باز|باز|باز	باز|باز|باز	باز|باز|باز	A0|V1|VPr
20	هم	هم|هم|هم	هم|هم|هم	هم|هم|هم	Ad|C0|N8
21	اینکار	این|این	این|این	این + کار|این + کار	A1 + O|N6 + O
22	تکرار	تکرار	تکرار	تکرار	N1
23	می‌شود	‌شو|‌شو|شو|شو	‌شو|‌شو|شو|شو	می + ‌شو + د|می + ‌شو + د|می‌ + شو + د|می‌ + شو + د	VPr + V1 + N|VPr + V1 + N|VPr + V1 + N|VPr + V1 + N
24	،	.	.	.	Si
25	چرا	چرا|چرا|چرا|چر	چرا|چرا|چرا|چرا	چرا|چرا|چرا|چر + ا	N1|N1|NA|V1 + O
26	چنین	چنین	چنین	چنین	A0
27	می‌کردند	‌کرد|کرد	‌کرد|کرد	می + ‌کرد + ند|می‌ + کرد + ند	VPr + V2 + N|VPr + V2 + N
28	؟	؟	؟	؟	Si

0	برای	برای|برا|بر|بر	برای|برا|برا|برا	برای|برا + ی|بر + ا + ی|بر + ا + ی	Pr|A0 + Y|V1 + O + N|V1 + O + N
1	اینکه	اینکه|اینک|این|این	اینکه|اینک|این|این	اینکه|اینک + ه|این + ک + ه|این + ک + ه	Ad|Ad + O|A1 + O + O|N6 + O + O
2	تب	تب	تب	تب	N1
3	داشت	داشت|داشت|داشت|داش	داشت|داشت|داشت|داش	داشت|داشت|داشت|داش + ت	N1|V2|V5|N1 + N
4	و	و|و|و	و|و|و	و|و|و	Al|C0|Ab
5	بی‌موقع	بی‌موقع|‌موقع|موقع	بی‌موقع|‌موقع|موقع	بی‌موقع|بی + ‌موقع|بی‌ + موقع	A0|O + N1|O + N1
6	به	به|به	به|به	به|به	Pr|N1
7	درمانگاه	درمانگاه|درمان|درم|در|در|در|مان	درمانگاه|درمانگاه|درم|در|در|در|مانگاه	درمانگاه|درمان + گاه|درم + ان + گاه|در + مان + گاه|در + مان + گاه|در + مان + گاه|در + مان + گاه	N1|N1 + O|N1 + Pl + O|N1 + N + O|VPr + N + O|N1 + N + O|O + N1 + O
8	رفته¬بود	رفته¬بود	رفته¬بود	رفته¬بود	N1
9	و	و|و|و	و|و|و	و|و|و	Al|C0|Ab
10	به	به|به	به|به	به|به	Pr|N1
11	خاطر	خاطر|خاطر	خاطر|خاطر	خاطر|خاطر	N1|N9
12	همین‌که	همین‌که|همین‌|همین‌|همین|همین|هم|هم|ین‌|ین	همین‌که|همین‌|همین‌|همین|همین|هم|هم|ین‌|ین	همین‌که|همین‌ + ک + ه|همین‌ + ک + ه|همین + ‌ک + ه|همین + ‌ک + ه|هم + ین‌ + ک + ه|هم + ین‌ + ک + ه|هم + ین‌ + ک + ه|هم + ین + ‌ک + ه	C1|A1 + O + O|N6 + O + O|A1 + O + O|N6 + O + O|Ad + O + O + O|N8 + O + O + O|O + N1 + O + O|O + N1 + O + O
13	می¬خواست	می¬خواست|می¬خواس	می¬خواست|می¬خواس	می¬خواست|می¬خواس + ت	N1|N1 + N
14	از	از	از	از	Pr
15	وظایف	وظایف	وظایف	وظایف	N1
15	روزانه‌اش	روزانه‌اش|روزانه‌ا	روزانه‌اش|روزانه‌ا	روزانه‌اش|روزانه‌ا + ش	N1|N1 + N
17	رها	رها|رها|ره	رها|رها|رها	رها|رها|ره + ا	A0|V1|V1 + O
18	شود	شو|شو	شو|شو	شو + د|شو + د	V1 + N|V1 + N
19	تنبیه	تنبیه|تنبی|تنب	تنبیه|تنبی|تنبی	تنبیه|تنبی + ه|تنب + ی + ه	N1|N1 + O|N2 + Y + O
20	می‌شد	‌شد|شد	‌شد|شد	می + ‌شد|می‌ + شد	VPr + V3|VPr + V3
21	.	.	.	.	Si

0	اینبار	این|این	این|این	این + بار|این + بار	A1 + O|N6 + O
1	نتونستم	نتونستم|نتونست|نتونس	نتونستم|نتونست|نتونس	نتونستم|نتونست + م|نتونس + ت + م	N1|N1 + N||N1 + V|N1 + N + N
2	جلوی	جلو	جلو	جلو + ی	A0 + Y
3	خندم	خند	خند	خند + م	V1 + N
4	رو	رو|رو|رو|رو	رو|رو|رو|رو	رو|رو|رو|رو	V1|N1|N9|V1
5	بگیرم	بگیر|گیر|گیر	بگیر|گیر|گیر	بگیر + م|ب + گیر + م|ب + گیر + م	A0 + N|O + A0 + N|VPr + V6 + N
6	یه	یه	یه	یه	N1
7	دونه	دون	دون	دون + ه	A0 + O
8	با	با	با	با	Pr
9	مشت	مشت|مش|مش	مشت|مش|مش	مشت|مش + ت|مش + ت	N1|N1 + N|N1 + N
10	ناخودآگاه	خودآگاه	خودآگاه	نا + خودآگاه	Neg + A0
11	زدم	زد|زد|دم|دم	زد|زد|دم|دم	زد + م|زد + م|ز + دم|ز + دم	N1 + N||N1 + V|V2 + N|O + N1|O + N1
12	به	به|به	به|به	به|به	Pr|N1
13	بازوش	بازو|باز|باز|زو|وش	بازو|باز|باز|زو|وش	بازو + ش|باز + وش|باز + وش|با + زو + ش|باز + وش	N1 + N|A0 + O|VPr + O|O + N1 + N|O + N1
14	که	که|که|که|که	که|که|که|که	که|که|که|که	N1|C0|NA|N1
15	با	با	با	با	Pr
16	یه	یه	یه	یه	N1
17	لبخند	لبخند	لبخند	لبخند	N1
18	مرموذی	مرموذی|مرموذ	مرموذی|مرموذ	مرموذی|مرموذ + ی	N1|N1 + Y||N1 + V
19	نگام	گا	گا	ن + گا + م	Neg + V1 + N
20	کرد	کرد|کرد	کرد|کرد	کرد|کرد	V2|N1
21	.	.	.	.	Si

0	پایه‌ی	پایه‌|پایه‌|پایه|پایه|پای|پا|پا|پا	پایه‌|پایه‌|پایه|پایه|پای|پا|پا|پا	پایه‌ + ی|پایه‌ + ی|پایه + ‌ی|پایه + ‌ی|پای + ه‌ + ی|پا + ی + ه‌ + ی|پا + ی + ه‌ + ی|پا + ی + ه‌ + ی	N1 + Y||N1 + V|N9 + Y|N1 + Y||N1 + V|N9 + Y|N1 + O + Y|N1 + Y + O + Y|N9 + Y + O + Y|V1 + N + O + N
1	یه	یه	یه	یه	N1
2	دور	دور|دور	دور|دور	دور|دور	N1|A0
3	دور	دور|دور	دور|دور	دور|دور	N1|A0
4	هستی	هستی|هست|هست	هستی|هست|هست	هستی|هست + ی|هست + ی	N1|N1 + Y||N1 + V|V3 + N
5	؟	؟	؟	؟	Si

0	؟	؟	؟	؟	Si

0	؟	؟	؟	؟	Si

0	!	!	!	!	Si

0	!	!	!	!	Si

0	!	!	!	!	Si

0	خندیدم	خندید|خند	خندید|خند	خندید + م|خند + ید + م	V2 + N|V1 + N + N
1	و	و|و|و	و|و|و	و|و|و	Al|C0|Ab
2	سرمو	سرمو	سرمو	سرمو	N1
3	با	با	با	با	Pr
3	ذوق	ذوق	ذوق	ذوق	N1
5	تکون	تک|تک|تک|ون	تک|تک|تک|ون	تک + ون|تک + ون|تک + ون|تک + ون	A0 + Pl|N1 + Pl|N1 + Pl|O + N1
5	دادم	داد|داد	داد|داد	داد + م|داد + م	N1 + N||N1 + V|V2 + N
7	و	و|و|و	و|و|و	و|و|و	Al|C0|Ab
8	پریدم	پرید|پر|پر|پر	پرید|پر|پر|پر	پرید + م|پر + ید + م|پر + ید + م|پر + ید + م	V2 + N|N1 + V + N|V1 + N + N|A0 + V + N
9	بالا	بالا|بال|لا	بالا|بالا|لا	بالا|بال + ا|با + لا	A0|V1 + O|O + A0
10	و	و|و|و	و|و|و	و|و|و	Al|C0|Ab
11	شروع	شروع	شروع	شروع	N1
12	کردم	کرد|کرد	کرد|کرد	کرد + م|کرد + م	V2 + N|N1 + N||N1 + V
12	روندن	روندن	روندن	روندن	N1
14	.	.	.	.	Si
15	.	.	.	.	Si
16	.	.	.	.	Si
17	راهنماییم	راهنمایی|راهنما	راهنمایی|راهنما	راهنمایی + م|راهنما + ی + یم	N1 + N||N1 + V|N1 + Y + V
18	کرد	کرد|کرد	کرد|کرد	کرد|کرد	V2|N1
19	تا	تا|تا|تا|تا	تا|تا|تا|تا	تا|تا|تا|تا	Ab|C0|Pr|V1
20	رفتیم	رفت|رفت|رف	رفت|رفت|رف	رفت + یم|رفت + یم|رف + ت + یم	V2 + N|V2 + N|N1 + N + V
21	سمت	سمت|سمت|سم|سم	سمت|سمت|سم|سم	سمت|سمت|سم + ت|سم + ت	N1|N1|N1 + N|N1 + N
22	سعادت‌آباد	سعادت‌آباد	سعادت‌آباد	سعادت‌آباد	N2
23	و	و|و|و	و|و|و	و|و|و	Al|C0|Ab
24	کنار	کنار|کنار	کنار|کنار	کنار|کنار	N1|N1
25	آبمیوه‌فروشی	آبمیوه‌فروشی	آبمیوه‌فروشی	آبمیوه‌فروشی	N1
26	ایستادیم	ایستاد|ایست	ایستاد|ایستا	ایستاد + یم|ایست + ا + د + یم	V2 + N|V1 + O + N + N
27	.	.	.	.	Si

0	شب	شب	شب	شب	Ad
1	بود	بود|بود|بود|بو	بود|بود|بود|بو	بود|بود|بود|بو + د	N1|V2|V3|V1 + N
2	ستارگان	ستاره	ستاره	ستاره + گان	N1 + Pl
3	در	در|در|در|در|در	در|در|در|در|در	در|در|در|در|در	N1|Pr|V1|VPr|N1
4	آسمان	آسمان|آسم|آس	آسمان|آسم|آس	آسمان|آسم + ان|آس + مان	N1|N1 + Pl|N1 + N
5	می	می|می	می|می	می|می	N1|N1
6	خشنیدند	خشن	خشن	خشن + ید + ند	A0 + V + V
7	،	.	.	.	Si
8	از	از	از	از	Pr
9	کاربر	کاربر|کاربر	کاربر|کاربر	کاربر|کاربر	A0|A0
10	برمی‌گشتم	برمی‌گشتم|برمی‌گشت|برمی‌گش|برمی‌گ|رمی‌گشتم|رمی‌گشت|رمی‌گش|رمی‌گ	برمی‌گشتم|برمی‌گشت|برمی‌گش|برمی‌گ|رمی‌گشتم|رمی‌گشت|رمی‌گش|رمی‌گ	برمی‌گشتم|برمی‌گشت + م|برمی‌گش + ت + م|برمی‌گ + ش + ت + م|ب + رمی‌گشتم|ب + رمی‌گشت + م|ب + رمی‌گش + ت + م|ب + رمی‌گ + ش + ت + م	N1|N1 + N||N1 + V|N1 + N + N|N1 + N + N + N|O + N1|O + N1 + N|O + N1 + N + N|O + N1 + N + N + N
11	که	که|که|که|که	که|که|که|که	که|که|که|که	N1|C0|NA|N1
12	برای	برای|برا|بر|بر	برای|برا|برا|برا	برای|برا + ی|بر + ا + ی|بر + ا + ی	Pr|A0 + Y|V1 + O + N|V1 + O + N
13	خانه	خانه|خان	خانه|خان	خانه|خان + ه	N1|N1 + O
14	نان	نان	نان	نان	N1
15	و	و|و|و	و|و|و	و|و|و	Al|C0|Ab
16	نار	نار	نار	نار	N1
17	خرید	خرید|خرید|خر|خر|خر	خرید|خرید|خر|خر|خر	خرید|خرید|خر + ید|خر + ید|خر + ید	N1|V2|N1 + V|V1 + N|N1 + V
18	کردم	کرد|کرد	کرد|کرد	کرد + م|کرد + م	V2 + N|N1 + N||N1 + V
19	.	.	.	.	Si

0	ساعت	ساعت	ساعت	ساعت	N1
1	13:2	13:2	13:2	13:2	N1
2	ب.ظ	ب.ظ|.ظ	ب.ظ|.ظ	ب.ظ|ب + .ظ	N1|O + N1
3	هر	هر	هر	هر	A1
4	جایی	جایی|جای|جا	جایی|جای|جا	جایی|جای + ی|جا + ی + ی	N1|N1 + Y||N1 + V|N1 + Y + Y
5	را	را	را	را	Po
6	گشتم	گشت|گشت	گشت|گشت	گشت + م|گشت + م	N1 + N||N1 + V|V3 + N
7	نبود	نبود|نبود|بود|بود|بو	نبود|نبود|بود|بود|بو	نبود|نبود|ن + بود|ن + بود|ن + بو + د	N1|V2|Neg + V2|Neg + V3|Neg + V1 + N
8	و	و|و|و	و|و|و	و|و|و	Al|C0|Ab
9	دربه‌در	دربه‌در	دربه‌در	دربه‌در	A0
10	دنبال	دنبال|دنبال	دنبال|دنبال	دنبال|دنبال	N1|N9
11	آن	آن|آن	آن|آن	آن|آن	A1|N6
12	بودم	بود|بود|بود|بو	بود|بود|بود|بو	بود + م|بود + م|بود + م|بو + د + م	N1 + N||N1 + V|V2 + N|V3 + N|V1 + N + N
13	.	.	.	.	Si

0	کوچ¬نشینان	کوچ¬نشینان|کوچ¬نشین|کوچ¬نش|کوچ¬ن	کوچ¬نشینان|کوچ¬نشین|کوچ¬نش|کوچ¬ن	کوچ¬نشینان|کوچ¬نشین + ان|کوچ¬نش + ین + ان|کوچ¬ن + ش + ین + ان	N1|N1 + Pl|N1 + O + Pl|N1 + N + O + Pl
1	به	به|به	به|به	به|به	Pr|N1
2	ییلاق	ییلاق	ییلاق	ییلاق	N1
3	کوچ	کوچ|کوچ	کوچ|کوچ	کوچ|کوچ	N1|V1
4	کردند	کرد|کرد	کرد|کرد	کرد + ند|کرد + ند	V2 + N|N1 + V
5	در	در|در|در|در|در	در|در|در|در|در	در|در|در|در|در	N1|Pr|V1|VPr|N1
6	مسیر	مسیر	مسیر	مسیر	N1
7	بودند	بود|بود|بود|بو	بود|بود|بود|بو	بود + ند|بود + ند|بود + ند|بو + د + ند	N1 + V|V2 + N|V3 + N|V1 + N + N
8	طوفان	طوفان	طوفان	طوفان	N1
9	شن	شن	شن	شن	N1
10	شروع	شروع	شروع	شروع	N1
11	شد	شد	شد	شد	V3
12	،	.	.	.	Si
13	در	در|در|در|در|در	در|در|در|در|در	در|در|در|در|در	N1|Pr|V1|VPr|N1
14	طوفان	طوفان	طوفان	طوفان	N1
15	گیر	گیر|گیر	گیر|گیر	گیر|گیر	A0|V1
16	کردند	کرد|کرد	کرد|کرد	کرد + ند|کرد + ند	V2 + N|N1 + V
17	.	.	.	.	Si

0	صبح	صبح	صبح	صبح	N1
1	شد	شد	شد	شد	V3
2	هوا	هوا	هوا	هوا	N1
3	آروم	آروم|آرو	آروم|آرو	آروم|آرو + م	N1|N1 + N||N1 + V
4	شده¬بود	شده¬بود	شده¬بود	شده¬بود	N1
5	اما	اما	اما	اما	C0
6	گوسفندان	گوسفند	گوسفند	گوسفند + ان	N1 + Pl
7	همه	همه|همه|هم|هم	همه|همه|هم|هم	همه|همه|هم + ه|هم + ه	A2|N1|Ad + O|N8 + O
8	پراکنده	پراکنده|پراکند|پراکن|پر|کنده|کنده|کند	پراکنده|پراکند|پراکن|پر|کنده|کنده|کند	پراکنده|پراکند + ه|پراکن + د + ه|پر + اک + نده|پرا + کنده|پرا + کنده|پرا + کند + ه	A0|V2 + O|V1 + N + O|V1 + O + O|O + A0|O + N1|O + A0 + O
9	شده¬بودند	شده¬بودند|شده¬بود	شده¬بودند|شده¬بود	شده¬بودند|شده¬بود + ند	N1|N1 + V
10	.	.	.	.	Si

0	زمان	زمان|زم|مان	زمان|زم|مان	زمان|زم + ان|ز + مان	N1|N1 + Pl|O + N1
1	جانشینی	جانشینی|جانشین|جان	جانشینی|جانشین|جان	جانشینی|جانشین + ی|جان + ش + ین + ی	N1|N1 + Y||N1 + V|N1 + N + O + Y
2	فرا	فرا	فرا	فرا	VPr
3	رسید	رسید|رسید|رس|رس	رسید|رسید|رس|رس	رسید|رسید|رس + ید|رس + ید	N1|V2|V1 + N|N1 + V
4	برادر	برادر	برادر	برادر	N1
5	در	در|در|در|در|در	در|در|در|در|در	در|در|در|در|در	N1|Pr|V1|VPr|N1
5	برابر	برابر|برابر	برابر|برابر	برابر|برابر	A0|N9
7	برادر	برادر	برادر	برادر	N1
8	قرار	قرار|قرار	قرار|قرار	قرار|قرار	N1|N9
9	گرفته¬بود	گرفته¬بود	گرفته¬بود	گرفته¬بود	N1
10	.	.	.	.	Si

0	مادر	مادر	مادر	مادر	N1
1	برای	برای|برا|بر|بر	برای|برا|برا|برا	برای|برا + ی|بر + ا + ی|بر + ا + ی	Pr|A0 + Y|V1 + O + N|V1 + O + N
2	خرید	خرید|خرید|خر|خر|خر	خرید|خرید|خر|خر|خر	خرید|خرید|خر + ید|خر + ید|خر + ید	N1|V2|N1 + V|V1 + N|N1 + V
3	پرده	پرده|پر	پرده|پر	پرده|پر + د + ه	N1|V1 + N + O
4	به	به|به	به|به	به|به	Pr|N1
5	پرده‌سرا	پرده‌سرا|پرده‌|پرده	پرده‌سرا|پرده‌سرا|پردهکسرا	پرده‌سرا|پرده‌ + سرا|پرده + ‌سرا	N1|N1 + O|N1 + O
6	رفت	رفت|رفت|رف	رفت|رفت|رف	رفت|رفت|رف + ت	V2|V2|N1 + N
7	ولی	ولی|ولی|ول|ول	ولی|ولی|ول|ول	ولی|ولی|ول + ی|ول + ی	C0|N1|A0 + Y|N1 + Y||N1 + V
8	پرده‌ی	پرده‌|پرده|پر	پرده‌|پرده|پر	پرده‌ + ی|پرده + ‌ی|پر + د + ه‌ + ی	N1 + Y||N1 + V|N1 + Y||N1 + V|V1 + N + O + N
9	خوبی	خوبی|خوب	خوبی|خوب	خوبی|خوب + ی	N1|A0 + Y
10	پیدا	پیدا	پیدا	پیدا	A0
11	نکرد	کرد	کرد	ن + کرد	Neg + V2
12	.	.	.	.	Si

0	درصورتی‌که	درصورتی‌که|صورتی‌|صورتی|صورت|صورت|صور|صور	درصورتی‌که|صورتی‌|صورتی|صورت|صورت|صور|صور	درصورتی‌که|در + صورتی‌ + ک + ه|در + صورتی + ‌ک + ه|در + صورت + ی‌ + ک + ه|در + صورت + ی‌ + ک + ه|در + صور + ت + ی‌ + ک + ه|در + صور + ت + ی‌ + ک + ه	C1|O + A0 + O + O|O + A0 + O + O|O + N1 + Y + O + O|O + N9 + Y + O + O|O + N1 + N + Y + O + O|O + N1 + N + Y + O + O
1	حجم	حجم|حج	حجم|حج	حجم|حج + م	N1|N1 + N||N1 + V
2	حافظه	حافظه|حافظ	حافظه|حافظ	حافظه|حافظ + ه	N1|N1 + O
3	10	10	10	10	No
4	ترابایت	بایت|ای	بایت|ای	ترا + بایت|ترا + ب + ای + ت	O + N1|O + O + Intj + N
5	یا	یا|یا	یا|یا	یا|یا	C0|Intj
6	15	15	15	15	No
7	ترابایت	بایت|ای	بایت|ای	ترا + بایت|ترا + ب + ای + ت	O + N1|O + O + Intj + N
8	باشد	باش|اشد	باش|اشد	باش + د|ب + اشد	V1 + N|O + A0
9	عالی	عالی	عالی	عالی	A0
10	می‌شود	‌شو|‌شو|شو|شو	‌شو|‌شو|شو|شو	می + ‌شو + د|می + ‌شو + د|می‌ + شو + د|می‌ + شو + د	VPr + V1 + N|VPr + V1 + N|VPr + V1 + N|VPr + V1 + N
11	در	در|در|در|در|در	در|در|در|در|در	در|در|در|در|در	N1|Pr|V1|VPr|N1
12	غیر	غیر|غیر	غیر|غیر	غیر|غیر	A0|N9
13	این	این|این	این|این	این|این	A1|N6
14	صورت	صورت|صورت|صور|صور	صورت|صورت|صور|صور	صورت|صورت|صور + ت|صور + ت	N1|N9|N1 + N|N1 + N
15	قابل	قابل	قابل	قابل	A0
16	‌استفاده	‌استفاده	‌استفاده	‌استفاده	N1
17	نمی‌باشد	‌باش|باش	‌باش|باش	ن + می + ‌باش + د|ن + می‌ + باش + د	Neg + VPr + V1 + N|Neg + VPr + V1 + N
18	.	.	.	.	Si

0	کسب‌وکار	کسب‌وکار	کسب‌وکار	کسب‌وکار	N1
1	در	در|در|در|در|در	در|در|در|در|در	در|در|در|در|در	N1|Pr|V1|VPr|N1
2	اقتصاد	اقتصاد	اقتصاد	اقتصاد	N1
3	سرمایه‌داری	سرمایه‌داری|سرمایه‌دار|سرمایه‌|سرمایه|سرما	سرمایه‌داری|سرمایه‌دار|سرمایه‌|سرمایه|سرما	سرمایه‌داری|سرمایه‌دار + ی|سرمایه‌ + دار + ی|سرمایه + ‌دار + ی|سرما + ی + ه‌ + دار + ی	N1|A0 + Y|N1 + O + Y|N1 + O + Y|N1 + Y + O + O + Y
4	حکم	حکم|حکم|حکم|حک	حکم|حکم|حکم|حک	حکم|حکم|حکم|حک + م	N1|N1|N1|N1 + N||N1 + V
5	فرماست	فرماست|فرماس	فرماست|فرماس	فرماست|فرماس + ت	N1|N1 + N
6	،	.	.	.	Si
7	بیشتر	بیشتر|بیش|شتر|تر	بیشتر|بیشتر|شترتر|ترتر	بیشتر|بیش + تر|بی + شتر|بیش + تر	A0|A0 + O|O + N1|O + A0
8	کسب	کسب	کسب	کسب	N1
9	و	و|و|و	و|و|و	و|و|و	Al|C0|Ab
10	کارها	کار|کار	کار|کار	کار + ها|کار + ها	N1 + Pl|V1 + Pl
11	که	که|که|که|که	که|که|که|که	که|که|که|که	N1|C0|NA|N1
12	مالک	مالک|مال	مالک|مال	مالک|مال + ک	N1|N1 + O
13	آن‌ها	آن‌|آن‌|آن|آن	آن‌|آن‌|آن|آن	آن‌ + ها|آن‌ + ها|آن + ‌ها|آن + ‌ها	A1 + Pl|N6 + Pl|A1 + Pl|N6 + Pl
14	بخش	بخش|بخش|خش	بخش|بخش|خش	بخش|بخش|ب + خش	N1|V1|O + N1
15	خصوصی	خصوصی|خصوص|خصوص	خصوصی|خصوص|خصوص	خصوصی|خصوص + ی|خصوص + ی	A0|N1 + Y||N1 + V|N9 + Y
16	است	است|اس	است|اس	است|اس + ت	V3|N1 + N
17	برای	برای|برا|بر|بر	برای|برا|برا|برا	برای|برا + ی|بر + ا + ی|بر + ا + ی	Pr|A0 + Y|V1 + O + N|V1 + O + N
18	این	این|این	این|این	این|این	A1|N6
19	ایجاد	ایجاد	ایجاد	ایجاد	N1
20	شده‌اند	شده‌|شده|شد	شده‌ان|شدهان|شدان	شده‌ + ان + د|شده + ‌ان + د|شد + ه‌ + ان + د	V1 + O + N|V1 + O + N|V3 + O + O + N
21	که	که|که|که|که	که|که|که|که	که|که|که|که	N1|C0|NA|N1
22	سودساز	سودساز	سودساز	سودساز	N1
23	باشند	باش|باش	باش|باش	باش + ند|باش + ند	V1 + N|V5 + V
24	و	و|و|و	و|و|و	و|و|و	Al|C0|Ab
25	دارایی	دارایی|دارا|دار	دارایی|دارا|دارا	دارایی|دارا + ی + ی|دار + ا + ی + ی	N1|A0 + Y + Y|V1 + O + N + N
26	صاحب‌شان	صاحب‌|صاحب	صاحب‌|صاحب	صاحب‌ + شان|صاحب + ‌شان	N1 + N|N1 + N
27	را	را	را	را	Po
28	بیشتر	بیشتر|بیش|شتر|تر	بیشتر|بیشتر|شترتر|ترتر	بیشتر|بیش + تر|بی + شتر|بیش + تر	A0|A0 + O|O + N1|O + A0
29	کنند	کن|کن|کن	کن|کن|کن	کن + ند|کن + ند|کن + ند	N2 + V|V1 + N|V1 + N
30	.	.	.	.	Si

0	کسب	کسب	کسب	کسب	N1
1	و	و|و|و	و|و|و	و|و|و	Al|C0|Ab
2	کارها	کار|کار	کار|کار	کار + ها|کار + ها	N1 + Pl|V1 + Pl
3	می‌توانند	می‌توانند|می‌توان|می‌تو	می‌توانند|می‌توان|می‌تو	می‌توانند|می‌توان + ند|می‌تو + ان + ند	N1|N1 + V|N1 + Pl + V
4	نا	نا	نا	نا	N1
5	سودبر	سودبر	سودبر	سودبر	N1
6	باشند	باش|باش	باش|باش	باش + ند|باش + ند	V1 + N|V5 + V
7	یا	یا|یا	یا|یا	یا|یا	C0|Intj
8	مالک	مالک|مال	مالک|مال	مالک|مال + ک	N1|N1 + O
9	آن‌ها	آن‌|آن‌|آن|آن	آن‌|آن‌|آن|آن	آن‌ + ها|آن‌ + ها|آن + ‌ها|آن + ‌ها	A1 + Pl|N6 + Pl|A1 + Pl|N6 + Pl
10	دولت	دولت|دول|دول	دولت|دول|دول	دولت|دول + ت|دول + ت	N1|N1 + N|N1 + N
11	باشد	باش|اشد	باش|اشد	باش + د|ب + اشد	V1 + N|O + A0
12	.	.	.	.	Si

0	از	از	از	از	Pr
1	کسب	کسب	کسب	کسب	N1
2	و	و|و|و	و|و|و	و|و|و	Al|C0|Ab
3	کاری	کاری|کار|کار	کاری|کار|کار	کاری|کار + ی|کار + ی	A0|N1 + Y||N1 + V|V1 + N
4	که	که|که|که|که	که|که|که|که	که|که|که|که	N1|C0|NA|N1
5	چندین	چندین	چندین	چندین	A0
6	فرد	فرد	فرد	فرد	N1
7	در	در|در|در|در|در	در|در|در|در|در	در|در|در|در|در	N1|Pr|V1|VPr|N1
8	دارایی	دارایی|دارا|دار	دارایی|دارا|دارا	دارایی|دارا + ی + ی|دار + ا + ی + ی	N1|A0 + Y + Y|V1 + O + N + N
9	آن	آن|آن	آن|آن	آن|آن	A1|N6
10	شریک	شریک|شر|شر	شریک|شریک|شریک	شریک|شر + یک|شر + یک	N1|A0 + O|N1 + O
11	باشند	باش|باش	باش|باش	باش + ند|باش + ند	V1 + N|V5 + V
12	با	با	با	با	Pr
13	عنوان	عنوان	عنوان	عنوان	N1
14	شرکت	شرکت|شرک|شر|شر	شرکت|شرک|شر|شر	شرکت|شرک + ت|شر + ک + ت|شر + ک + ت	N1|N1 + N|A0 + O + N|N1 + O + N
15	یاد	یاد	یاد	یاد	N1
17	برده	برده|برد|برد|بر|بر|رده|رد	برده|برد|برد|بر|بر|رده|رد	برده|برد + ه|برد + ه|بر + د + ه|بر + د + ه|ب + رده|ب + رد + ه	N1|N1 + O|V2 + O|V1 + N + O|V1 + N + O|O + N1|O + A0 + O
18	می‌شود	‌شو|‌شو|شو|شو	‌شو|‌شو|شو|شو	می + ‌شو + د|می + ‌شو + د|می‌ + شو + د|می‌ + شو + د	VPr + V1 + N|VPr + V1 + N|VPr + V1 + N|VPr + V1 + N

19	،	.	.	.	Si
20	هرچندکه	هرچندکه	هرچندکه	هرچندکه	C1
21	این	این|این	این|این	این|این	A1|N6
22	واژه	واژه|واژ	واژه|واژ	واژه|واژ + ه	N1|N1 + O
23	تعریف	تعریف	تعریف	تعریف	N1
24	دقیق‌تری	دقیق‌|دقیق	دقیق‌تر|دقیقتر	دقیق‌ + تر + ی|دقیق + ‌تر + ی	A0 + O + Y|A0 + O + Y
25	نیز	نیز	نیز	نیز	N1
26	دارد	دار	دار	دار + د	V1 + N
27	.	.	.	.	Si

0	پترس	پترس	پترس	پترس	N1
1	و	و|و|و	و|و|و	و|و|و	Al|C0|Ab
2	پلومن	پلومن	پلومن	پلومن	N1
3	،	.	.	.	Si
4	از	از	از	از	Pr
5	صاحب	صاحب	صاحب	صاحب	N1
6	نظران	نظر|نظر	نظر|نظر	نظر + ان|نظر + ان	N1 + Pl|N9 + Pl
7	این	این|این	این|این	این|این	A1|N6
8	حوزه	حوزه	حوزه	حوزه	N1
9	،	.	.	.	Si
10	بر	بر|بر|بر|بر|بر	بر|بر|بر|بر|بر	بر|بر|بر|بر|بر	Pr|V1|VPr|N1|V1
11	این	این|این	این|این	این|این	A1|N6
12	باورند	باور|اور|ور|ور	باور|اور|ور|ور	باور + ند|ب + اور + ند|با + ور + ند|با + ور + ند	N1 + V|O + N2 + V|O + N1 + V|O + N1 + V
13	که	که|که|که|که	که|که|که|که	که|که|که|که	N1|C0|NA|N1
14	هر	هر	هر	هر	A1
15	نوع	نوع	نوع	نوع	N1
16	خریدوفروش	خریدوفروش|خریدوفرو|خریدوفر	خریدوفروش|خریدوفرو|خریدوفر	خریدوفروش|خریدوفرو + ش|خریدوفر + وش	N1|N1 + N|N1 + O
17	کسب‌وکار	کسب‌وکار	کسب‌وکار	کسب‌وکار	N1
18	نیست	نیست|نیست	نیست|نیست	نیست|نیست	N1|V3
19	،	.	.	.	Si
20	بلکه	بلکه|بل|بل|لکه|لک	بلکه|بل|بل|لکه|لک	بلکه|بل + ک + ه|بل + ک + ه|ب + لکه|ب + لک + ه	Ad|N1 + O + O|N1 + O + O|O + N1|O + N1 + O
21	کسب‌وکار	کسب‌وکار	کسب‌وکار	کسب‌وکار	N1
22	هر	هر	هر	هر	A1
23	نوع	نوع	نوع	نوع	N1
24	تبادل	تبادل	تبادل	تبادل	N1
25	تکرار	تکرار	تکرار	تکرار	N1
26	شونده	شونده|شوند|شو|شو|شو	شونده|شوند|شونده|شو|شونده	شونده|شوند + ه|شو + نده|شو + ند + ه|شو + نده	A0|N1 + O|V1 + O|N1 + V + O|V1 + O
27	و	و|و|و	و|و|و	و|و|و	Al|C0|Ab
28	تجدیدپذیر	تجدیدپذیر	تجدیدپذیر	تجدیدپذیر	A0
29	است	است|اس	است|اس	است|اس + ت	V3|N1 + N
30	.	.	.	.	Si

0	صدها	صد	صد	صد + ها	Nu + Pl
1	تن	تن|تن|تن	تن|تن|تن	تن|تن|تن	N1|V1|N1
2	از	از	از	از	Pr
3	مردها	مرد|مرد	مرد|مرد	مرد + ها|مرد + ها	N1 + Pl|V2 + Pl
4	به	به|به	به|به	به|به	Pr|N1
5	بیگاری	بیگاری|گاری	بیگاری|گاری	بیگاری|بی + گاری	N1|O + N1
6	کشیده¬شدند	کشیده¬شدند|کشیده¬شد	کشیده¬شدند|کشیده¬شد	کشیده¬شدند|کشیده¬شد + ند	N1|N1 + V
7	و	و|و|و	و|و|و	و|و|و	Al|C0|Ab
8	به	به|به	به|به	به|به	Pr|N1
9	ده‌ها	ده‌|ده‌|ده‌|ده|ده|ده	ده‌|ده‌|ده‌|ده|ده|ده	ده‌ + ها|ده‌ + ها|ده‌ + ها|ده + ‌ها|ده + ‌ها|ده + ‌ها	Nu + Pl|V1 + Pl|N1 + Pl|Nu + Pl|V1 + Pl|N1 + Pl
10	زن	زن|زن	زن|زن	زن|زن	N1|V1
11	تجاوز	تجاوز	تجاوز	تجاوز	N1
12	شد	شد	شد	شد	V3
13	.	.	.	.	Si

0	فروشندگان	فروشنده	فروشنده	فروشنده + گان	N1 + Pl
1	کالاهایی	کالا	کالا	کالا + ها + ی + ی	N1 + Pl + Y + Y
2	را	را	را	را	Po
3	که	که|که|که|که	که|که|که|که	که|که|که|که	N1|C0|NA|N1
4	به	به|به	به|به	به|به	Pr|N1
5	فروش	فروش|فروش|فرو|فرو|فرو|فر|فر	فروش|فروش|فرو|فروش|فرو|فر|فر	فروش|فروش|فرو + ش|فرو + ش|فرو + ش|فر + وش|فر + وش	N1|V1|A0 + N|V1 + O|VPr + N|N1 + O|N1 + O
6	نمی‌رسند	‌رس|رس	‌رس|رس	ن + می + ‌رس + ند|ن + می‌ + رس + ند	Neg + VPr + V1 + N|Neg + VPr + V1 + N
7	با	با	با	با	Pr
8	قیمت	قیمت|قیم|قی	قیمت|قیم|قی	قیمت|قیم + ت|قی + م + ت	N1|N1 + N|N1 + N + N
9	پایین‌تر	پایین‌|پایین|پای|پا|پا	پایین‌تر|پایینتر|پایین|پاین|پاین	پایین‌ + تر|پایین + ‌تر|پای + ین‌ + تر|پا + ی + ین‌ + تر|پا + ی + ین‌ + تر	A0 + O|A0 + O|N1 + O + O|N1 + Y + O + O|N9 + Y + O + O
10	به	به|به	به|به	به|به	Pr|N1
11	حراج	حراج	حراج	حراج	N1
12	می‌گذارند	می‌|می‌|می|می|‌گذار|گذار	می‌|می‌|می|می|‌گذار|گذار	می‌ + گذار + ند|می‌ + گذار + ند|می + ‌گذار + ند|می + ‌گذار + ند|می + ‌گذار + ند|می‌ + گذار + ند	N1 + O + V|N1 + O + V|N1 + O + V|N1 + O + V|VPr + V1 + N|VPr + V1 + N
13	.	.	.	.	Si

0	علاوه‌براین	علاوه‌براین|علاوه‌برا	علاوه‌براین|علاوه‌برا	علاوه‌براین|علاوه‌برا + ین	N1|N1 + O
1	اجناس	اجناس	اجناس	اجناس	N1
2	که	که|که|که|که	که|که|که|که	که|که|که|که	N1|C0|NA|N1
3	سال‌ها	سال‌|سال	سال‌|سال	سال‌ + ها|سال + ‌ها	N1 + Pl|N1 + Pl
4	پیش	پیش|پیش|پی|پی	پیش|پیش|پی|پی	پیش|پیش|پی + ش|پی + ش	A0|N9|N1 + N|N9 + N
4	‌فروش	‌فروش|‌فروش|‌فرو|‌فرو|‌فرو|‌فر|‌فر	‌فروش|‌فروش|‌فرو|‌فروش|‌فرو|‌فر|‌فر	‌فروش|‌فروش|‌فرو + ش|‌فرو + ش|‌فرو + ش|‌فر + وش|‌فر + وش	N1|V1|A0 + N|V1 + O|VPr + N|N1 + O|N1 + O
5	نرفته‌اند	رفت|رفت	رفت|رفت	ن + رفت + ه‌ + اند|ن + رفت + ه‌ + اند	Neg + V2 + O + N|Neg + V2 + O + N
6	هم	هم|هم|هم	هم|هم|هم	هم|هم|هم	Ad|C0|N8
7	در	در|در|در|در|در	در|در|در|در|در	در|در|در|در|در	N1|Pr|V1|VPr|N1
8	این	این|این	این|این	این|این	A1|N6
9	حراج	حراج	حراج	حراج	N1
10	وجود	وجود|وجود	وجود|وجود	وجود|وجود	N1|N9
11	دارند	دار|دار|دار	دار|دار|دار	دار + ند|دار + ند|دار + ند	N1 + V|V1 + N|V5 + V
12	.	.	.	.	Si

0	سرورهای	سرور|سرور|سر|سر|سر|سر|سر	سرور|سرور|سر|سر|سر|سر|سرور	سرور + ها + ی|سرور + ها + ی|سر + ور + ها + ی|سر + ور + ها + ی|سر + ور + ها + ی|سر + ور + ها + ی|سر + ور + ها + ی	N1 + Pl + Y|N1 + Pl + Y|N1 + O + Pl + Y|N9 + O + Pl + Y|N1 + O + Pl + Y|N1 + O + Pl + Y|V1 + O + Pl + N
1	گوگل	گوگل	گوگل	گوگل	N1
2	کیلوترابایت	کیلوترابایت|کیلوترابای|کیلوترابا	کیلوترابایت|کیلوترابای|کیلوترابا	کیلوترابایت|کیلوترابای + ت|کیلوترابا + ی + ت	N1|N1 + N|N1 + Y + N
3	حافظه	حافظه|حافظ	حافظه|حافظ	حافظه|حافظ + ه	N1|N1 + O
4	دارند	دار|دار|دار	دار|دار|دار	دار + ند|دار + ند|دار + ند	N1 + V|V1 + N|V5 + V
5	.	.	.	.	Si

0	بت‌پرست	بت‌پرست|بت‌|بت	بت‌پرست|بت‌|بت	بت‌پرست|بت‌ + پرست|بت + ‌پرست	A0|N1 + O|N1 + O
1	پیر	پیر	پیر	پیر	A0
1	اهن	اهن	اهن	اهن	N1
2	را	را	را	را	Po
3	تکه‌تکه	تکه‌تکه|تکه‌|تکه‌|تکه|تکه|تک|تک|تک	تکه‌تکه|تکه‌|تکه‌|تکه|تکه|تک|تک|تک	تکه‌تکه|تکه‌ + ت + ک + ه|تکه‌ + ت + ک + ه|تکه + ‌ت + ک + ه|تکه + ‌ت + ک + ه|تک + ه‌ + ت + ک + ه|تک + ه‌ + ت + ک + ه|تک + ه‌ + ت + ک + ه	A0|N1 + N + O + O|N1 + N + O + O|N1 + N + O + O|N1 + N + O + O|A0 + O + N + O + O|N1 + O + N + O + O|N1 + O + N + O + O
4	کرد	کرد|کرد	کرد|کرد	کرد|کرد	V2|N1
5	.	.	.	.	Si

0	به	به|به	به|به	به|به	Pr|N1
1	گزارش	گزارش|گزارش|گزار	گزارش|گزارش|گزارش	گزارش|گزارش|گزار + ش	N1|N9|V1 + O
2	شبکه	شبکه|شب	شبکه|شب	شبکه|شب + ک + ه	N1|Ad + O + O
3	ان¬بی¬سی	ان¬بی¬سی|ان¬بی¬س	ان¬بی¬سی|ان¬بی¬س	ان¬بی¬سی|ان¬بی¬س + ی	N1|N1 + Y||N1 + V
4	نیوز	نیوز|وز	نیوز|وز	نیوز|نی + وز	N1|VPr + V1
5	قایق‌های	قایق‌|قایق	قایق‌|قایق	قایق‌ + ها + ی|قایق + ‌ها + ی	N1 + Pl + Y|N1 + Pl + Y
6	تندروی	تندرو|تندرو|تندرو	تندرو|تندرو|تندرو	تندرو + ی|تندرو + ی|تندرو + ی	A0 + Y|A0 + Y|A0 + Y
7	نیروی	نیرو|رو|رو	نیرو|رو|رو	نیرو + ی|نی + رو + ی|نی + رو + ی	N1 + Y||N1 + V|VPr + V1 + N|VPr + V1 + N
8	دریایی	دریایی|دریا|در|یا	دریایی|دریا|در|یا	دریایی|دریا + ی + ی|در + ی + ا + ی + ی|در + یا + ی + ی	A0|N1 + Y + Y|V1 + N + O + N + N|O + Intj + Y + Y
9	ایران	ایران|ایر	ایران|ایر	ایران|ایر + ان	N2|N1 + Pl
10	در	در|در|در|در|در	در|در|در|در|در	در|در|در|در|در	N1|Pr|V1|VPr|N1
11	آب‌های	آب‌|آب‌|آب|آب	آب‌|آب‌|آب|آب	آب‌ + ها + ی|آب‌ + ها + ی|آب + ‌ها + ی|آب + ‌ها + ی	N1 + Pl + Y|V1 + Pl + N|N1 + Pl + Y|V1 + Pl + N
12	خلیج‌فارس	خلیج‌فارس	خلیج‌فارس	خلیج‌فارس	N2
13	به	به|به	به|به	به|به	Pr|N1
14	ناو	ناو	ناو	ناو	N1
15	آمریکایی	آمریکایی|آمریکا	آمریکایی|آمریکای	آمریکایی|آمریکا + ی + ی	A0|N2 + Y + Y
16	اسکس	اسکس	اسکس	اسکس	N1
17	و	و|و|و	و|و|و	و|و|و	Al|C0|Ab
18	دیگر	دیگر|دیگر|دی	دیگر|دیگر|دی	دیگر|دیگر|دی + گر	A2|N1|N1 + O
19	کشتی‌های	کشتی‌|کشتی‌|کشتی|کشتی|کشت|کشت|کشت	کشتی‌|کشتی‌|کشتی|کشتی|کشت|کشت|کشت	کشتی‌ + ها + ی|کشتی‌ + ها + ی|کشتی + ‌ها + ی|کشتی + ‌ها + ی|کشت + ی‌ + ها + ی|کشت + ی‌ + ها + ی|کشت + ی‌ + ها + ی	N1 + Pl + Y|N1 + Pl + Y|N1 + Pl + Y|N1 + Pl + Y|N1 + Y + Pl + Y|V2 + Y + Pl + Y|V2 + Y + Pl + Y
20	آمریکایی	آمریکایی|آمریکا	آمریکایی|آمریکای	آمریکایی|آمریکا + ی + ی	A0|N2 + Y + Y
21	نزدیک	نزدیک|نزدیک|نزد	نزدیک|نزدیک|نزد	نزدیک|نزدیک|نزد + یک	A0|N9|N9 + O
22	شده‌اند	شده‌|شده|شد	شده‌ان|شدهان|شدان	شده‌ + ان + د|شده + ‌ان + د|شد + ه‌ + ان + د	V1 + O + N|V1 + O + N|V3 + O + O + N
23	.	.	.	.	Si

0	درحالی‌که	درحالی‌که|حالی‌|حالی|حال	درحالی‌که|حالی‌|حالی|حال	درحالی‌که|در + حالی‌ + ک + ه|در + حالی + ‌ک + ه|در + حال + ی‌ + ک + ه	C1|O + A0 + O + O|O + A0 + O + O|O + Ad + Y + O + O
1	ژنرال	ژنرال	ژنرال	ژنرال	N1
2	جوزف	جوزف	جوزف	جوزف	N3
3	ووتل	ووتل	ووتل	ووتل	N1
4	فرمانده	فرمانده|فرما|ماند	فرمانده|فرمانده|ماند	فرمانده|فرما + نده|فر + ماند + ه	N1|V1 + O|VPr + V2 + O
5	مقر	مقر|مقر|مقر	مقر|مقر|مقر	مقر|مقر|مقر	N1|N1|A0
6	مرکزی	مرکزی|مرکز	مرکزی|مرکز	مرکزی|مرکز + ی	A0|N1 + Y||N1 + V
7	ارتش	ارتش|ار	ارتش|ار	ارتش|ار + ت + ش	N1|Ad + N + N
8	آمریکا	آمریکا	آمریکا	آمریکا	N2
9	نیز	نیز	نیز	نیز	N1
10	در	در|در|در|در|در	در|در|در|در|در	در|در|در|در|در	N1|Pr|V1|VPr|N1
11	ناو	ناو	ناو	ناو	N1
12	اسکس	اسکس	اسکس	اسکس	N1
13	بوده¬است	بوده¬است|بوده¬اس|وده¬است|وده¬اس	بوده¬است|بوده¬اس|وده¬است|وده¬اس	بوده¬است|بوده¬اس + ت|ب + وده¬است|ب + وده¬اس + ت	N1|N1 + N|O + N1|O + N1 + N
14	.	.	.	.	Si

0	بنابراین	بنابراین|برا	بنابراین|براین	بنابراین|ب + نا + برا + ین	Ad|O + Neg + A0 + O
1	گزارش	گزارش|گزارش|گزار	گزارش|گزارش|گزارش	گزارش|گزارش|گزار + ش	N1|N9|V1 + O
2	قایق‌های	قایق‌|قایق	قایق‌|قایق	قایق‌ + ها + ی|قایق + ‌ها + ی	N1 + Pl + Y|N1 + Pl + Y
3	تندروی	تندرو|تندرو|تندرو	تندرو|تندرو|تندرو	تندرو + ی|تندرو + ی|تندرو + ی	A0 + Y|A0 + Y|A0 + Y
4	ایرانی	ایرانی|ایران|ایر	ایرانی|ایرانی|ایری	ایرانی|ایران + ی|ایر + ان + ی	A0|N2 + Y|N1 + Pl + Y
5	تا	تا|تا|تا|تا	تا|تا|تا|تا	تا|تا|تا|تا	Ab|C0|Pr|V1
6	فاصله	فاصله|فاصل	فاصله|فاصل	فاصله|فاصل + ه	N1|N1 + O
7	300	300	300	300	No
8	یاردی	یارد	یارد	یارد + ی	N1 + Y||N1 + V
9	از	از	از	از	Pr
10	اسکس	اسکس	اسکس	اسکس	N1
11	به	به|به	به|به	به|به	Pr|N1
12	این	این|این	این|این	این|این	A1|N6
13	ناو	ناو	ناو	ناو	N1
14	آمریکایی	آمریکایی|آمریکا	آمریکایی|آمریکای	آمریکایی|آمریکا + ی + ی	A0|N2 + Y + Y
15	نزدیک	نزدیک|نزدیک|نزد	نزدیک|نزدیک|نزد	نزدیک|نزدیک|نزد + یک	A0|N9|N9 + O
16	شده¬بودند	شده¬بودند|شده¬بود	شده¬بودند|شده¬بود	شده¬بودند|شده¬بود + ند	N1|N1 + V
17	.	.	.	.	Si

0	یک	یک	یک	یک	Nu
1	ملوان	ملوان	ملوان	ملوان	N1
2	ایرانی	ایرانی|ایران|ایر	ایرانی|ایرانی|ایری	ایرانی|ایران + ی|ایر + ان + ی	A0|N2 + Y|N1 + Pl + Y
3	در	در|در|در|در|در	در|در|در|در|در	در|در|در|در|در	N1|Pr|V1|VPr|N1
4	یک	یک	یک	یک	Nu
5	تماس	تماس	تماس	تماس	N1
6	رادیویی	رادیویی|رادیو	رادیویی|رادیو	رادیویی|رادیو + ی + ی	A0|N1 + Y + Y
7	از	از	از	از	Pr
8	ناو	ناو	ناو	ناو	N1
9	اسکس	اسکس	اسکس	اسکس	N1
10	خواسته¬بود	خواسته¬بود	خواسته¬بود	خواسته¬بود	N1
11	تا	تا|تا|تا|تا	تا|تا|تا|تا	تا|تا|تا|تا	Ab|C0|Pr|V1
12	ملیت	ملیت|ملی|مل|مل	ملیت|ملی|مل|مل	ملیت|ملی + ت|مل + ی + ت|مل + ی + ت	N1|A0 + N|N1 + Y + N|N1 + Y + N
13	خود	خود|خود	خود|خود	خود|خود	N8|N1
14	را	را	را	را	Po
15	مشخص	مشخص	مشخص	مشخص	A0
16	کند	کند|کن|کن	کند|کن|کن	کند|کن + د|کن + د	A0|V1 + N|V1 + N
17	.	.	.	.	Si

0	در	در|در|در|در|در	در|در|در|در|در	در|در|در|در|در	N1|Pr|V1|VPr|N1
1	پاسخ	پاسخ	پاسخ	پاسخ	N1
2	به	به|به	به|به	به|به	Pr|N1
3	این	این|این	این|این	این|این	A1|N6
4	تماس	تماس	تماس	تماس	N1
5	نیز	نیز	نیز	نیز	N1
6	یک	یک	یک	یک	Nu
7	ملوان	ملوان	ملوان	ملوان	N1
8	آمریکایی	آمریکایی|آمریکا	آمریکایی|آمریکای	آمریکایی|آمریکا + ی + ی	A0|N2 + Y + Y
9	کشتی‌های	کشتی‌|کشتی‌|کشتی|کشتی|کشت|کشت|کشت	کشتی‌|کشتی‌|کشتی|کشتی|کشت|کشت|کشت	کشتی‌ + ها + ی|کشتی‌ + ها + ی|کشتی + ‌ها + ی|کشتی + ‌ها + ی|کشت + ی‌ + ها + ی|کشت + ی‌ + ها + ی|کشت + ی‌ + ها + ی	N1 + Pl + Y|N1 + Pl + Y|N1 + Pl + Y|N1 + Pl + Y|N1 + Y + Pl + Y|V2 + Y + Pl + Y|V2 + Y + Pl + Y
10	آمریکایی‌ها	آمریکایی‌|آمریکایی|آمریکا	آمریکایی‌|آمریکایی|آمریکای	آمریکایی‌ + ها|آمریکایی + ‌ها|آمریکا + ی + ی‌ + ها	A0 + Pl|A0 + Pl|N2 + Y + Y + Pl
11	را	را	را	را	Po
12	برای	برای|برا|بر|بر	برای|برا|برا|برا	برای|برا + ی|بر + ا + ی|بر + ا + ی	Pr|A0 + Y|V1 + O + N|V1 + O + N
13	ایران	ایران|ایر	ایران|ایر	ایران|ایر + ان	N2|N1 + Pl
14	معرفی	معرفی|معرف	معرفی|معرف	معرفی|معرف + ی	N1|N1 + Y||N1 + V
15	کرده	کرده|کرد|کرد	کرده|کرد|کرد	کرده|کرد + ه|کرد + ه	V2|V2 + O|N1 + O
16	و	و|و|و	و|و|و	و|و|و	Al|C0|Ab
17	توضیح	توضیح	توضیح	توضیح	N1
18	داده¬است	داده¬است|داده¬اس	داده¬است|داده¬اس	داده¬است|داده¬اس + ت	N1|N1 + N
19	که	که|که|که|که	که|که|که|که	که|که|که|که	N1|C0|NA|N1
20	آن‌ها	آن‌|آن‌|آن|آن	آن‌|آن‌|آن|آن	آن‌ + ها|آن‌ + ها|آن + ‌ها|آن + ‌ها	A1 + Pl|N6 + Pl|A1 + Pl|N6 + Pl
21	در	در|در|در|در|در	در|در|در|در|در	در|در|در|در|در	N1|Pr|V1|VPr|N1
22	حال	حال	حال	حال	Ad
23	انجام	انجام|انجام	انجام|انجام	انجام|انجام	N1|V1
24	یک	یک	یک	یک	Nu
25	ماموریت	ماموریت|مامور|مام|ما	ماموریت|مامور|مام|ما	ماموریت|مامور + ی + ت|مام + ور + ی + ت|ما + م + ور + ی + ت	N1|N1 + Y + N|N1 + O + Y + N|N5 + N + O + Y + N
26	دریایی	دریایی|دریا|در|یا	دریایی|دریا|در|یا	دریایی|دریا + ی + ی|در + ی + ا + ی + ی|در + یا + ی + ی	A0|N1 + Y + Y|V1 + N + O + N + N|O + Intj + Y + Y
27	هستند	هست|هست	هست|هست	هست + ند|هست + ند	N1 + V|V3 + N
28	.	.	.	.	Si

0	محمدجوادظریف	محمدجوادظریف	محمدجوادظریف	محمدجوادظریف	N1
1	وزیر	وزیر	وزیر	وزیر	N1
2	امور	امور|ام	امور|ام	امور|ام + ور	N1|N1 + O
3	خارجه	خارجه|خارج	خارجه|خارج	خارجه|خارج + ه	N1|Ad + O
4	ایران	ایران|ایر	ایران|ایر	ایران|ایر + ان	N2|N1 + Pl
5	نیز	نیز	نیز	نیز	N1
6	پیش	پیش|پیش|پی|پی	پیش|پیش|پی|پی	پیش|پیش|پی + ش|پی + ش	A0|N9|N1 + N|N9 + N
7	‌از	‌از	‌از	‌از	Pr
8	این	این|این	این|این	این|این	A1|N6
9	در	در|در|در|در|در	در|در|در|در|در	در|در|در|در|در	N1|Pr|V1|VPr|N1
10	یک	یک	یک	یک	Nu
11	پیام	پیام	پیام	پیام	N1
12	توییتری	تویی|تو|تو|تو	توییتر|توتر|توتر|توتر	تویی + تر + ی|تو + ی + ی + تر + ی|تو + ی + ی + تر + ی|تو + ی + ی + تر + ی	A0 + O + Y|N5 + Y + Y + O + Y|Ad + Y + Y + O + Y|N1 + Y + Y + O + Y
13	تاکید	تاک	تاک	تاک + ید	N1 + V
14	کرده¬بود	کرده¬بود	کرده¬بود	کرده¬بود	N1
15	که	که|که|که|که	که|که|که|که	که|که|که|که	N1|C0|NA|N1
16	نیروی	نیرو|رو|رو	نیرو|رو|رو	نیرو + ی|نی + رو + ی|نی + رو + ی	N1 + Y||N1 + V|VPr + V1 + N|VPr + V1 + N
17	دریایی	دریایی|دریا|در|یا	دریایی|دریا|در|یا	دریایی|دریا + ی + ی|در + ی + ا + ی + ی|در + یا + ی + ی	A0|N1 + Y + Y|V1 + N + O + N + N|O + Intj + Y + Y
18	ایران	ایران|ایر	ایران|ایر	ایران|ایر + ان	N2|N1 + Pl
19	در	در|در|در|در|در	در|در|در|در|در	در|در|در|در|در	N1|Pr|V1|VPr|N1
20	خلیج‌فارس	خلیج‌فارس	خلیج‌فارس	خلیج‌فارس	N2
21	است	است|اس	است|اس	است|اس + ت	V3|N1 + N
22	نه	نه|نه|نه	نه|نه|نه	نه|نه|نه	N1|V1|Nu
23	خلیج	خلیج	خلیج	خلیج	N1
24	مکزیک	مکزیک	مکزیک	مکزیک	N2
25	و	و|و|و	و|و|و	و|و|و	Al|C0|Ab
26	سؤال	سؤال	سؤال	سؤال	N1
27	این	این|این	این|این	این|این	A1|N6
28	است	است|اس	است|اس	است|اس + ت	V3|N1 + N
29	که	که|که|که|که	که|که|که|که	که|که|که|که	N1|C0|NA|N1
30	چرا	چرا|چرا|چرا|چر	چرا|چرا|چرا|چرا	چرا|چرا|چرا|چر + ا	N1|N1|NA|V1 + O
31	نیروی	نیرو|رو|رو	نیرو|رو|رو	نیرو + ی|نی + رو + ی|نی + رو + ی	N1 + Y||N1 + V|VPr + V1 + N|VPr + V1 + N
32	دریایی	دریایی|دریا|در|یا	دریایی|دریا|در|یا	دریایی|دریا + ی + ی|در + ی + ا + ی + ی|در + یا + ی + ی	A0|N1 + Y + Y|V1 + N + O + N + N|O + Intj + Y + Y
33	آمریکا	آمریکا	آمریکا	آمریکا	N2
34	باید	باید|ید|ید	باید|ید|ید	باید|با + ید|با + ید	V4|O + N1|O + N1
35	جایی	جایی|جای|جا	جایی|جای|جا	جایی|جای + ی|جا + ی + ی	N1|N1 + Y||N1 + V|N1 + Y + Y
36	هزاران	هزار|هزار	هزار|هزار	هزار + ان|هزار + ان	N1 + Pl|Nu + Pl
37	مایل	مایل|مایل	مایل|مایل	مایل|مایل	A0|N1
38	دورتر	دور|دور	دور|دورتر	دور + تر|دور + تر	N1 + O|A0 + O
39	از	از	از	از	Pr
40	کشورش	کشور|کش|کش	کشور|کشور|کشور	کشور + ش|کش + ور + ش|کش + ور + ش	N1 + N|V1 + O + O|V1 + O + O
41	باشد	باش|اشد	باش|اشد	باش + د|ب + اشد	V1 + N|O + A0
42	.	.	.	.	Si

0	درحال‌حاضر	درحال‌حاضر|حال‌حاضر	درحال‌حاضر|حال‌حاضر	درحال‌حاضر|در + حال‌حاضر	N1|O + N1
1	در	در|در|در|در|در	در|در|در|در|در	در|در|در|در|در	N1|Pr|V1|VPr|N1
2	کشور	کشور|کش|کش	کشور|کشور|کشور	کشور|کش + ور|کش + ور	N1|V1 + O|V1 + O
3	ما	ما	ما	ما	N5
4	رشته‌هایی	رشته‌|رشته|رشت|رشت|رش	رشته‌|رشته|رشت|رشت|رش	رشته‌ + ها + ی + ی|رشته + ‌ها + ی + ی|رشت + ه‌ + ها + ی + ی|رشت + ه‌ + ها + ی + ی|رش + ت + ه‌ + ها + ی + ی	N1 + Pl + Y + Y|N1 + Pl + Y + Y|N2 + O + Pl + Y + Y|V2 + O + Pl + Y + Y|N1 + N + O + Pl + Y + Y
5	در	در|در|در|در|در	در|در|در|در|در	در|در|در|در|در	N1|Pr|V1|VPr|N1
6	دوره	دوره|دور|دور	دوره|دور|دور	دوره|دور + ه|دور + ه	N1|N1 + O|A0 + O
7	رزیدنتی	رزیدنت	رزیدنت	رزیدنت + ی	N1 + Y||N1 + V
8	پرطرفدار	پرطرفدار	پرطرفدار	پرطرفدار	A0
9	هستند	هست|هست	هست|هست	هست + ند|هست + ند	N1 + V|V3 + N
10	که	که|که|که|که	که|که|که|که	که|که|که|که	N1|C0|NA|N1
11	درآمد	درآمد|آمد|آمد	درآمد|آمد|آمد	درآمد|در + آمد|در + آمد	V2|O + N1|VPr + V2
12	بالاتری	بالا|بال|لا	بالاتر|بالا|لاتر	بالا + تر + ی|بال + ا + تر + ی|با + لا + تر + ی	A0 + O + Y|V1 + O + O + N|O + A0 + O + Y
13	دارند	دار|دار|دار	دار|دار|دار	دار + ند|دار + ند|دار + ند	N1 + V|V1 + N|V5 + V
14	.	.	.	.	Si

0	درواقع	درواقع|واقع	درواقع|واقع	درواقع|در + واقع	Ad|O + N1
1	اختلاف	اختلاف	اختلاف	اختلاف	N1
2	درآمدی	درآمد|آمد|آمد	درآمد|آمد|آمد	درآمد + ی|در + آمد + ی|در + آمد + ی	V2 + Y|O + N1 + Y|VPr + V2 + Y
3	بسیار	بسیار|بسیار|سیار|یار	بسیار|بسیار|سیار|یار	بسیار|بسیار|ب + سیار|بس + یار	A0|Ad|O + A0|O + N1
4	زیاد	زیاد|زی|یاد	زیاد|زیا|یاد	زیاد|زی + ا + د|ز + یاد	A0|V1 + O + N|O + N1
5	بین	بین|بین|بین|ین	بین|بین|بین|ین	بین|بین|بین|ب + ین	A0|N9|V1|O + N1
6	خود	خود|خود	خود|خود	خود|خود	N8|N1
7	رشته‌های	رشته‌|رشته|رشت|رشت|رش	رشته‌|رشته|رشت|رشت|رش	رشته‌ + ها + ی|رشته + ‌ها + ی|رشت + ه‌ + ها + ی|رشت + ه‌ + ها + ی|رش + ت + ه‌ + ها + ی	N1 + Pl + Y|N1 + Pl + Y|N2 + O + Pl + Y|V2 + O + Pl + Y|N1 + N + O + Pl + Y
8	تخصص	تخصص	تخصص	تخصص	N1
9	پزشکی	پزشکی|پزشک|پز	پزشکی|پزشک|پز	پزشکی|پزشک + ی|پز + ش + ک + ی	A0|N1 + Y||N1 + V|N1 + N + O + Y
10	سبب	سبب|سبب	سبب|سبب	سبب|سبب	N1|N9
11	جهتگیری	جهتگیری|جهت|جهت|جه	جهتگیری|جهتگیر|جهتگیر|جهگیر	جهتگیری|جهت + گیر + ی|جهت + گیر + ی|جه + ت + گیر + ی	N1|N1 + O + Y|N9 + O + Y|N1 + N + O + Y
12	انتخاب	انتخاب	انتخاب	انتخاب	N1
13	رشته	رشته|رشت|رشت|رش	رشته|رشت|رشت|رش	رشته|رشت + ه|رشت + ه|رش + ت + ه	N1|N2 + O|V2 + O|N1 + N + O
14	داوطلبان	داوطلب	داوطلب	داوطلب + ان	N1 + Pl
15	آزمون	آزمون|آز	آزمون|آز	آزمون|آز + م + ون	N1|N1 + N + Pl
16	دستیاری	دستیاری|دستیار	دستیاری|دستیار	دستیاری|دستیار + ی	N1|N1 + Y||N1 + V
17	شده¬است	شده¬است|شده¬اس	شده¬است|شده¬اس	شده¬است|شده¬اس + ت	N1|N1 + N
18	.	.	.	.	Si

0	طوری	طور|طور	طور|طور	طور + ی|طور + ی	N1 + Y||N1 + V|N9 + Y
1	که	که|که|که|که	که|که|که|که	که|که|که|که	N1|C0|NA|N1
2	درحال‌حاضر	درحال‌حاضر|حال‌حاضر	درحال‌حاضر|حال‌حاضر	درحال‌حاضر|در + حال‌حاضر	N1|O + N1
3	رشته‌های	رشته‌|رشته|رشت|رشت|رش	رشته‌|رشته|رشت|رشت|رش	رشته‌ + ها + ی|رشته + ‌ها + ی|رشت + ه‌ + ها + ی|رشت + ه‌ + ها + ی|رش + ت + ه‌ + ها + ی	N1 + Pl + Y|N1 + Pl + Y|N2 + O + Pl + Y|V2 + O + Pl + Y|N1 + N + O + Pl + Y
4	رادیولوژی	رادیولوژی	رادیولوژی	رادیولوژی	N1
5	،	.	.	.	Si
6	چشم	چشم|چشم|چش	چشم|چشم|چش	چشم|چشم|چش + م	Ad|N1|V1 + N
7	،	.	.	.	Si
8	پوست	پوست	پوست	پوست	N1
9	و	و|و|و	و|و|و	و|و|و	Al|C0|Ab
10	ارتوپدی	ارتوپدی|ارتوپد	ارتوپدی|ارتوپد	ارتوپدی|ارتوپد + ی	N1|N1 + Y||N1 + V
11	پرطرفدارترین	پرطرفدار	پرطرفدار	پرطرفدار + ترین	A0 + O
12	رشته‌ها	رشته‌|رشته|رشت|رشت|رش	رشته‌|رشته|رشت|رشت|رش	رشته‌ + ها|رشته + ‌ها|رشت + ه‌ + ها|رشت + ه‌ + ها|رش + ت + ه‌ + ها	N1 + Pl|N1 + Pl|N2 + O + Pl|V2 + O + Pl|N1 + N + O + Pl
13	دربین	درب|بین|بین|بین|ین	دربین|بین|بین|بین|ین	درب + ین|در + بین|در + بین|در + بین|در + ب + ین	N1 + O|O + A0|O + N9|VPr + V1|O + O + N1
14	داوطلبین	داوطلب	داوطلبین	داوطلب + ین	N1 + O
15	این	این|این	این|این	این|این	A1|N6
16	آزمون	آزمون|آز	آزمون|آز	آزمون|آز + م + ون	N1|N1 + N + Pl
17	می‌باشد	‌باش|باش	‌باش|باش	می + ‌باش + د|می‌ + باش + د	VPr + V1 + N|VPr + V1 + N
18	.	.	.	.	Si

0	این	این|این	این|این	این|این	A1|N6
1	در	در|در|در|در|در	در|در|در|در|در	در|در|در|در|در	N1|Pr|V1|VPr|N1
2	حالی	حالی|حال	حالی|حال	حالی|حال + ی	A0|Ad + Y
3	است	است|اس	است|اس	است|اس + ت	V3|N1 + N
4	که	که|که|که|که	که|که|که|که	که|که|که|که	N1|C0|NA|N1
5	در	در|در|در|در|در	در|در|در|در|در	در|در|در|در|در	N1|Pr|V1|VPr|N1
6	کشور	کشور|کش|کش	کشور|کشور|کشور	کشور|کش + ور|کش + ور	N1|V1 + O|V1 + O
7	آمریکا	آمریکا	آمریکا	آمریکا	N2
8	طبق	طبق|طبق|طبق	طبق|طبق|طبق	طبق|طبق|طبق	N1|N9|Pr1
9	گزارش	گزارش|گزارش|گزار	گزارش|گزارش|گزارش	گزارش|گزارش|گزار + ش	N1|N9|V1 + O
10	سال	سال	سال	سال	N1
11	2011	2011	2011	2011	No
12	Medscape	Medscape	Medscape	Medscape	N1
13	اختلاف	اختلاف	اختلاف	اختلاف	N1
14	درآمد	درآمد|آمد|آمد	درآمد|آمد|آمد	درآمد|در + آمد|در + آمد	V2|O + N1|VPr + V2
15	متوسط	متوسط	متوسط	متوسط	A0
16	انواع	انواع	انواع	انواع	N1
17	رشته‌های	رشته‌|رشته|رشت|رشت|رش	رشته‌|رشته|رشت|رشت|رش	رشته‌ + ها + ی|رشته + ‌ها + ی|رشت + ه‌ + ها + ی|رشت + ه‌ + ها + ی|رش + ت + ه‌ + ها + ی	N1 + Pl + Y|N1 + Pl + Y|N2 + O + Pl + Y|V2 + O + Pl + Y|N1 + N + O + Pl + Y
18	پزشکی	پزشکی|پزشک|پز	پزشکی|پزشک|پز	پزشکی|پزشک + ی|پز + ش + ک + ی	A0|N1 + Y||N1 + V|N1 + N + O + Y
19	حداکثر	حداکثر	حداکثر	حداکثر	N1
20	2	2	2	2	No
21	برابر	برابر|برابر	برابر|برابر	برابر|برابر	A0|N9
22	است	است|اس	است|اس	است|اس + ت	V3|N1 + N
23	.	.	.	.	Si

0	در	در|در|در|در|در	در|در|در|در|در	در|در|در|در|در	N1|Pr|V1|VPr|N1
1	اینجا	اینجا	اینجا	اینجا	N1
2	اشاره	اشاره	اشاره	اشاره	N1
3	می‌کنم	‌کن|‌کن|کن|کن	‌کن|‌کن|کن|کن	می + ‌کن + م|می + ‌کن + م|می‌ + کن + م|می‌ + کن + م	VPr + V1 + N|VPr + V1 + N|VPr + V1 + N|VPr + V1 + N
4	به	به|به	به|به	به|به	Pr|N1
5	درآمد	درآمد|آمد|آمد	درآمد|آمد|آمد	درآمد|در + آمد|در + آمد	V2|O + N1|VPr + V2
6	پزشکان	پزشک|پز	پزشک|پز	پزشک + ان|پز + ش + ک + ان	N1 + Pl|N1 + N + O + Pl
7	داروساز	داروساز	داروساز	داروساز	N1
8	داروخانه‌دار	داروخانه‌دار|داروخانه‌|داروخانه|دارو	داروخانه‌دار|داروخانه‌|داروخانه|داروخانه	داروخانه‌دار|داروخانه‌ + دار|داروخانه + ‌دار|دارو + خانه‌ + دار	N1|N1 + O|N1 + O|N1 + O + O
9	که	که|که|که|که	که|که|که|که	که|که|که|که	N1|C0|NA|N1
10	به	به|به	به|به	به|به	Pr|N1
11	مراتب	مراتب	مراتب	مراتب	N1
12	از	از	از	از	Pr
13	همکاران	همکار|هم|هم|کار	همکار|هم|هم|کار	همکار + ان|هم + کار + ان|هم + کار + ان|هم + کار + ان	N1 + Pl|Ad + O + Pl|N8 + O + Pl|O + N1 + Pl
14	داروساز	داروساز	داروساز	داروساز	N1
15	مسئول	مسئول	مسئول	مسئول	N1
16	فنی	فنی|فن|فن	فنی|فن|فن	فنی|فن + ی|فن + ی	A0|N1 + Y||N1 + V|N1 + Y||N1 + V
17	داروخانه	داروخانه|دارو	داروخانه|داروخانه	داروخانه|دارو + خانه	N1|N1 + O
18	بیشتر	بیشتر|بیش|شتر|تر	بیشتر|بیشتر|شترتر|ترتر	بیشتر|بیش + تر|بی + شتر|بیش + تر	A0|A0 + O|O + N1|O + A0
19	است	است|اس	است|اس	است|اس + ت	V3|N1 + N
20	و	و|و|و	و|و|و	و|و|و	Al|C0|Ab
21	تمامی	تمامی|تمام|تمام	تمامی|تمام|تمام	تمامی|تمام + ی|تمام + ی	A0|A0 + Y|N9 + Y
22	تعرفه	تعرفه|تعرف	تعرفه|تعرف	تعرفه|تعرف + ه	N1|N1 + O
23	نسخ	نسخ|نسخ	نسخ|نسخ	نسخ|نسخ	N1|N1
24	و	و|و|و	و|و|و	و|و|و	Al|C0|Ab
25	سودهای	سود|سود	سود|سود	سود + ها + ی|سود + ها + ی	N1 + Pl + Y|V2 + Pl + Y
26	دارو	دارو	دارو	دارو	N1
27	و	و|و|و	و|و|و	و|و|و	Al|C0|Ab
28	جوائز	جوائز	جوائز	جوائز	N1
29	داروئی	داروئی	داروئی	داروئی	A0
30	و	و|و|و	و|و|و	و|و|و	Al|C0|Ab
31	.	.	.	.	Si
32	.	.	.	.	Si
33	.	.	.	.	Si
34	رابه	راب	راب	راب + ه	N1 + O
35	جیب	جیب	جیب	جیب	N1
36	خود	خود|خود	خود|خود	خود|خود	N8|N1
37	روانه	روانه|روان|رو|رو|رو|رو	روانه|روان|روان|روانه|روانه|روان	روانه|روان + ه|رو + ان + ه|رو + انه|رو + انه|رو + ان + ه	Ad|A0 + O|V1 + O + O|N1 + O|N9 + O|V1 + O + O
38	می‌کنند	‌کن|‌کن|کن|کن	‌کن|‌کن|کن|کن	می + ‌کن + ند|می + ‌کن + ند|می‌ + کن + ند|می‌ + کن + ند	VPr + V1 + N|VPr + V1 + N|VPr + V1 + N|VPr + V1 + N
39	و	و|و|و	و|و|و	و|و|و	Al|C0|Ab
40	همیشه	همیشه|هم|هم	همیشه|هم|هم	همیشه|هم + ی + ش + ه|هم + ی + ش + ه	Ad|Ad + Y + N + O|N8 + Y + N + O
41	از	از	از	از	Pr
42	اینکه	اینکه|اینک|این|این	اینکه|اینک|این|این	اینکه|اینک + ه|این + ک + ه|این + ک + ه	Ad|Ad + O|A1 + O + O|N6 + O + O
43	وضعیت	وضعیت|وضعی|وضع	وضعیت|وضعی|وضع	وضعیت|وضعی + ت|وضع + ی + ت	N1|A0 + N|N1 + Y + N
44	درآمدی	درآمد|آمد|آمد	درآمد|آمد|آمد	درآمد + ی|در + آمد + ی|در + آمد + ی	V2 + Y|O + N1 + Y|VPr + V2 + Y
45	مناسبی	مناسب	مناسب	مناسب + ی	A0 + Y
46	ندارند	ندار|دار	ندار|دار	ندار + ند|ن + دار + ند	A0 + V|Neg + V1 + N
47	مینالند	مین|نال	مینال|نال	مین + ال + ند|می + نال + ند	N1 + O + V|VPr + V1 + N
48	و	و|و|و	و|و|و	و|و|و	Al|C0|Ab
49	به	به|به	به|به	به|به	Pr|N1
50	جرات	جر|جر	جر|جر	جر + ات|جر + ات	N1 + Pl|N1 + Pl
51	90	90	90	90	No
52	درصد	درصد|صد	درصد|صد	درصد|در + صد	N1|O + Nu
53	داروخانه	داروخانه|دارو	داروخانه|داروخانه	داروخانه|دارو + خانه	N1|N1 + O
54	سوددهی	سود	سود	سود + د + ه + ی	V2 + N + O + Y
55	فوق‌العاده‌ای	فوق‌العاده‌ای|فوق‌العاده‌ا	فوق‌العاده‌ای|فوق‌العاده‌ا	فوق‌العاده‌ای|فوق‌العاده‌ا + ی	N1|N1 + Y||N1 + V
56	دارند	دار|دار|دار	دار|دار|دار	دار + ند|دار + ند|دار + ند	N1 + V|V1 + N|V5 + V
57	.	.	.	.	Si

0	سلام	سلام	سلام	سلام	N1
1	به	به|به	به|به	به|به	Pr|N1
2	همه	همه|همه|هم|هم	همه|همه|هم|هم	همه|همه|هم + ه|هم + ه	A2|N1|Ad + O|N8 + O
3	دوستان	دوست|دو|دو	دوست|دو|دوستان	دوست + ان|دو + ستان|دو + ستان	N1 + Pl|Nu + O|N1 + O
4	عزیز	عزیز	عزیز	عزیز	A0
5	.	.	.	.	Si

0	انچه	ان	ان	ان + چه	N1 + O
1	که	که|که|که|که	که|که|که|که	که|که|که|که	N1|C0|NA|N1
2	بنده	بنده|بند|بند|ده	بنده|بند|بند|ده	بنده|بند + ه|بند + ه|ب + ن + ده	N1|N1 + O|V1 + O|VPr + Neg + V1
3	در	در|در|در|در|در	در|در|در|در|در	در|در|در|در|در	N1|Pr|V1|VPr|N1
4	ارتباط	ارتباط	ارتباط	ارتباط	N1
5	با	با	با	با	Pr
6	ماشین	ماشین|ماش|ما	ماشین|ماشین|ماین	ماشین|ماش + ین|ما + ش + ین	N1|N1 + O|N5 + N + O
7	x22م	x22م|x22	x22م|x22	x22م|x22 + م	N1|N1 + N||N1 + V
8	میخوام	میخوام|میخوا	میخوام|میخوا	میخوام|میخوا + م	N1|N1 + N||N1 + V
9	متذکر	متذکر	متذکر	متذکر	A0
10	بشم	بشم|شم	بشم|شم	بشم|ب + شم	N1|O + N1
11	.	.	.	.	Si

0	اول	اول	اول	اول	A0
1	اینکه	اینکه|اینک|این|این	اینکه|اینک|این|این	اینکه|اینک + ه|این + ک + ه|این + ک + ه	Ad|Ad + O|A1 + O + O|N6 + O + O
2	بنده	بنده|بند|بند|ده	بنده|بند|بند|ده	بنده|بند + ه|بند + ه|ب + ن + ده	N1|N1 + O|V1 + O|VPr + Neg + V1
3	نه	نه|نه|نه	نه|نه|نه	نه|نه|نه	N1|V1|Nu
4	فروشنده	فروشنده|فروش|فروش|فرو|فرو|فرو|فر|فر	فروشنده|فروش|فروشنده|فرو|فرونده|فرو|فر|فر	فروشنده|فروش + ند + ه|فروش + نده|فرو + ش + ند + ه|فرو + ش + نده|فرو + ش + ند + ه|فر + وش + ند + ه|فر + وش + ند + ه	N1|N1 + V + O|V1 + O|A0 + N + V + O|V1 + O + O|VPr + N + V + O|N1 + O + V + O|N1 + O + V + O
5	هستم	هست|هست	هست|هست	هست + م|هست + م	N1 + N||N1 + V|V3 + N
6	و	و|و|و	و|و|و	و|و|و	Al|C0|Ab
7	نه	نه|نه|نه	نه|نه|نه	نه|نه|نه	N1|V1|Nu
8	دلال	دلال|دل	دلال|دلال	دلال|دل + ال	N1|N1 + O
9	من	من	من	من	N5
10	هم	هم|هم|هم	هم|هم|هم	هم|هم|هم	Ad|C0|N8
11	مثل	مثل|مثل|مثل|مثل	مثل|مثل|مثل|مثل	مثل|مثل|مثل|مثل	N1|N1|N9|N1
12	همه	همه|همه|هم|هم	همه|همه|هم|هم	همه|همه|هم + ه|هم + ه	A2|N1|Ad + O|N8 + O
13	شما	شما|شما	شما|شما	شما|شما	N1|N5
14	یک	یک	یک	یک	Nu
15	دستگاه	دستگاه|دست|دست	دستگاه|دستگاه|دستگاه	دستگاه|دست + گاه|دست + گاه	N1|N1 + O|N9 + O
16	از	از	از	از	Pr
17	این	این|این	این|این	این|این	A1|N6
18	مدل	مدل	مدل	مدل	N1
19	ماشین	ماشین|ماش|ما	ماشین|ماشین|ماین	ماشین|ماش + ین|ما + ش + ین	N1|N1 + O|N5 + N + O
20	در	در|در|در|در|در	در|در|در|در|در	در|در|در|در|در	N1|Pr|V1|VPr|N1
21	اواخر	اواخر	اواخر	اواخر	Ad
22	مرداد	مرداد	مرداد	مرداد	N1
23	96	96	96	96	No
24	از	از	از	از	Pr
25	نمایندگی	نمایندگی|نما|نما	نمایندگی|نما|نما	نمایندگی|نما + ی + ند + گی|نما + ی + ند + گی	N1|N1 + Y + V + O|N1 + Y + V + O
26	تحویل	تحویل	تحویل	تحویل	N1
27	گرفته‌ام	گرفت|رفت|رفت	گرفت|رفت|رفت	گرفت + ه‌ + ام|گ + رفت + ه‌ + ام|گ + رفت + ه‌ + ام	V2 + O + N|VPr + V2 + O + N|VPr + V2 + O + N
28	و	و|و|و	و|و|و	و|و|و	Al|C0|Ab
29	بحمدالله	بحمدالله|حمدالله	بحمدالله|حمدالله	بحمدالله|ب + حمدالله	Exp|O + N3
30	با	با	با	با	Pr
31	این	این|این	این|این	این|این	A1|N6
32	ماشین	ماشین|ماش|ما	ماشین|ماشین|ماین	ماشین|ماش + ین|ما + ش + ین	N1|N1 + O|N5 + N + O
33	حدود	حدود|حدود	حدود|حدود	حدود|حدود	N1|N9
34	38600	38600	38600	38600	No
35	کیلومتر	کیلومتر|کیلو	کیلومتر|کیلو	کیلومتر|کیلو + م + تر	N1|N1 + N + O
36	تو	تو|تو|تو	تو|تو|تو	تو|تو|تو	N5|Ad|N1
37	تمام	تمام|تمام	تمام|تمام	تمام|تمام	A0|N9
38	جاده‌های	جاده‌|جاده	جاده‌|جاده	جاده‌ + ها + ی|جاده + ‌ها + ی	N1 + Pl + Y|N1 + Pl + Y
39	ایران	ایران|ایر	ایران|ایر	ایران|ایر + ان	N2|N1 + Pl
40	و	و|و|و	و|و|و	و|و|و	Al|C0|Ab
41	یکبار	یک	یک	یک + بار	Nu + O
42	به	به|به	به|به	به|به	Pr|N1
43	اربیل	اربیل	اربیل	اربیل	N2
44	عراق	عراق	عراق	عراق	N2
45	و	و|و|و	و|و|و	و|و|و	Al|C0|Ab
46	اخیر	اخیر	اخیر	اخیر	A0
47	هم	هم|هم|هم	هم|هم|هم	هم|هم|هم	Ad|C0|N8
48	تازه	تازه|تاز	تازه|تاز	تازه|تاز + ه	A0|V1 + O
49	از	از	از	از	Pr
50	ارمنستان	ارمنستان	ارمنستان	ارمنستان	N2
51	با	با	با	با	Pr
52	این	این|این	این|این	این|این	A1|N6
53	ماشین	ماشین|ماش|ما	ماشین|ماشین|ماین	ماشین|ماش + ین|ما + ش + ین	N1|N1 + O|N5 + N + O
54	رفت‌وآمد	رفت‌وآمد	رفت‌وآمد	رفت‌وآمد	N1
55	داشته‌ام	داشت	داشت	داشت + ه‌ + ام	V2 + O + N
56	.	.	.	.	Si

0	و	و|و|و	و|و|و	و|و|و	Al|C0|Ab
1	به	به|به	به|به	به|به	Pr|N1
2	لحاظ	لحاظ|لحاظ	لحاظ|لحاظ	لحاظ|لحاظ	N1|N9
3	سواری	سواری|سوار	سواری|سوار	سواری|سوار + ی	A0|N1 + Y||N1 + V
4	در	در|در|در|در|در	در|در|در|در|در	در|در|در|در|در	N1|Pr|V1|VPr|N1
5	نوع	نوع	نوع	نوع	N1
6	خودش	خودش|خود|خود	خودش|خود|خود	خودش|خود + ش|خود + ش	N7|N8 + N|N1 + N
7	بی‌نظیر	بی‌نظیر|‌نظیر|نظیر	بی‌نظیر|‌نظیر|نظیر	بی‌نظیر|بی + ‌نظیر|بی‌ + نظیر	A0|O + N1|O + N1
8	بوده	بوده|بود|بود|بود|بو	بوده|بود|بود|بود|بو	بوده|بود + ه|بود + ه|بود + ه|بو + د + ه	V2|N1 + O|V2 + O|V3 + O|V1 + N + O
9	و	و|و|و	و|و|و	و|و|و	Al|C0|Ab
10	اصلاً	اصلاً	اصلاً	اصلاً	Ad
11	احساس	احساس	احساس	احساس	N1
12	خستگی	خستگی|خست|خس	خستگی|خست|خس	خستگی|خست + گی|خس + ت + گی	N1|N1 + O|N1 + N + O
13	نمی‌کنی	‌کن|‌کن|کن|کن	‌کن|‌کن|کن|کن	ن + می + ‌کن + ی|ن + می + ‌کن + ی|ن + می‌ + کن + ی|ن + می‌ + کن + ی	Neg + VPr + V1 + N|Neg + VPr + V1 + N|Neg + VPr + V1 + N|Neg + VPr + V1 + N
14	.	.	.	.	Si

0	و	و|و|و	و|و|و	و|و|و	Al|C0|Ab
1	لزومی	لزوم	لزوم	لزوم + ی	N1 + Y||N1 + V
2	هم	هم|هم|هم	هم|هم|هم	هم|هم|هم	Ad|C0|N8
3	نبود	نبود|نبود|بود|بود|بو	نبود|نبود|بود|بود|بو	نبود|نبود|ن + بود|ن + بود|ن + بو + د	N1|V2|Neg + V2|Neg + V3|Neg + V1 + N
4	از	از	از	از	Pr
5	ماشین	ماشین|ماش|ما	ماشین|ماشین|ماین	ماشین|ماش + ین|ما + ش + ین	N1|N1 + O|N5 + N + O
6	خودم	خودم|خود|خود	خودم|خود|خود	خودم|خود + م|خود + م	N7|N8 + N|N1 + N||N1 + V
7	تعریف	تعریف	تعریف	تعریف	N1
8	کنم	کن|کن|کن	کن|کن|کن	کن + م|کن + م|کن + م	N2 + N|V1 + N|V1 + N
9	.	.	.	.	Si

0	بهرحال	بهرحال|بهرح|هرحال|هرح	بهرحال|بهرح|هرحال|هرح	بهرحال|بهرح + ال|ب + هرحال|ب + هرح + ال	N1|N1 + O|O + N1|O + N1 + O
1	هر	هر	هر	هر	A1
2	کسی	کسی|کس|کس	کسی|کس|کس	کسی|کس + ی|کس + ی	A2|N1 + Y||N1 + V|N1 + Y||N1 + V
3	سلیقه	سلیقه	سلیقه	سلیقه	N1
4	خاص	خاص	خاص	خاص	A0
5	خودش	خودش|خود|خود	خودش|خود|خود	خودش|خود + ش|خود + ش	N7|N8 + N|N1 + N
6	را	را	را	را	Po
7	داره	دار|دار|دار	دار|دار|دار	دار + ه|دار + ه|دار + ه	N1 + O|V1 + O|V5 + O
8	.	.	.	.	Si

0	یکی	یکی|یک	یکی|یک	یکی|یک + ی	A2|Nu + Y
1	میگه	میگ	میگ	میگ + ه	N1 + O
2	ماشین	ماشین|ماش|ما	ماشین|ماشین|ماین	ماشین|ماش + ین|ما + ش + ین	N1|N1 + O|N5 + N + O
3	بدی	بدی|بد|دی	بدی|بد|دی	بدی|بد + ی|ب + دی	N1|A0 + Y|O + N1
4	هست	هست|هست	هست|هست	هست|هست	N1|V3
5	و	و|و|و	و|و|و	و|و|و	Al|C0|Ab
6	یکی	یکی|یک	یکی|یک	یکی|یک + ی	A2|Nu + Y
7	میگه	میگ	میگ	میگ + ه	N1 + O
8	ماشین	ماشین|ماش|ما	ماشین|ماشین|ماین	ماشین|ماش + ین|ما + ش + ین	N1|N1 + O|N5 + N + O
9	خوب	خوب	خوب	خوب	A0
10	.	.	.	.	Si

0	حی‌وحاضر	حی‌وحاضر	حی‌وحاضر	حی‌وحاضر	A0
1	این	این|این	این|این	این|این	A1|N6
2	ماشین	ماشین|ماش|ما	ماشین|ماشین|ماین	ماشین|ماش + ین|ما + ش + ین	N1|N1 + O|N5 + N + O
3	در	در|در|در|در|در	در|در|در|در|در	در|در|در|در|در	N1|Pr|V1|VPr|N1
4	نوع	نوع	نوع	نوع	N1
5	خودش	خودش|خود|خود	خودش|خود|خود	خودش|خود + ش|خود + ش	N7|N8 + N|N1 + N
6	بی‌نظیر	بی‌نظیر|‌نظیر|نظیر	بی‌نظیر|‌نظیر|نظیر	بی‌نظیر|بی + ‌نظیر|بی‌ + نظیر	A0|O + N1|O + N1
7	بوده	بوده|بود|بود|بود|بو	بوده|بود|بود|بود|بو	بوده|بود + ه|بود + ه|بود + ه|بو + د + ه	V2|N1 + O|V2 + O|V3 + O|V1 + N + O
8	و	و|و|و	و|و|و	و|و|و	Al|C0|Ab
9	تا	تا|تا|تا|تا	تا|تا|تا|تا	تا|تا|تا|تا	Ab|C0|Pr|V1
10	الان	الان	الان	الان	Ad
11	فقط	فقط	فقط	فقط	Ad
12	به	به|به	به|به	به|به	Pr|N1
13	غیراز	غیراز	غیراز	غیراز	Pr1
14	روغن	روغن	روغن	روغن	N1
15	و	و|و|و	و|و|و	و|و|و	Al|C0|Ab
16	فیلتر	فیلتر|فیل	فیلتر|فیل	فیلتر|فیل + تر	N1|N1 + O
17	چیزی	چیزی|چیز	چیزی|چیز	چیزی|چیز + ی	Ad|N1 + Y||N1 + V
18	تا	تا|تا|تا|تا	تا|تا|تا|تا	تا|تا|تا|تا	Ab|C0|Pr|V1
19	حال	حال	حال	حال	Ad
20	تعویض	تعویض	تعویض	تعویض	N1
21	نکرده‌ام	کرده‌|کرده|کرد	کرده‌|کرده|کرد	ن + کرده‌ + ام|ن + کرده + ‌ام|ن + کرد + ه‌ + ام	Neg + V2 + N|Neg + V2 + N|Neg + V2 + O + N
22	و	و|و|و	و|و|و	و|و|و	Al|C0|Ab
23	و	و|و|و	و|و|و	و|و|و	Al|C0|Ab
24	به	به|به	به|به	به|به	Pr|N1
25	نسبت	نسبت|نسبت|نسب	نسبت|نسبت|نسب	نسبت|نسبت|نسب + ت	N1|N9|N1 + N
26	مصرف	مصرف|صرف	مصرف|صرف	مصرف|م + صرف	N1|Neg + V1
27	سوخت	سوخت|سوخ	سوخت|سوخ	سوخت|سوخ + ت	V2|N1 + N
28	تو	تو|تو|تو	تو|تو|تو	تو|تو|تو	N5|Ad|N1
29	جاده‌های	جاده‌|جاده	جاده‌|جاده	جاده‌ + ها + ی|جاده + ‌ها + ی	N1 + Pl + Y|N1 + Pl + Y
30	ایران	ایران|ایر	ایران|ایر	ایران|ایر + ان	N2|N1 + Pl
31	و	و|و|و	و|و|و	و|و|و	Al|C0|Ab
32	جاده‌های	جاده‌|جاده	جاده‌|جاده	جاده‌ + ها + ی|جاده + ‌ها + ی	N1 + Pl + Y|N1 + Pl + Y
33	کوهستانی	کوهستانی|کوهستان|کوه|کو	کوهستانی|کوهستان|کوهستان|کوستان	کوهستانی|کوهستان + ی|کوه + ستان + ی|کو + ه + ستان + ی	A0|N1 + Y||N1 + V|N1 + O + Y|Ad + O + O + Y
34	کشورهای	کشور|کش|کش	کشور|کشور|کشور	کشور + ها + ی|کش + ور + ها + ی|کش + ور + ها + ی	N1 + Pl + Y|V1 + O + Pl + N|V1 + O + Pl + N
35	همسایه	همسایه|سایه	همسایه|سایه	همسایه|هم + سایه	N1|O + N1
36	خیلی	خیلی|خیلی|خیل	خیلی|خیلی|خیل	خیلی|خیلی|خیل + ی	A0|Ad|N1 + Y||N1 + V
37	کم‌مصرف	کم‌مصرف	کم‌مصرف	کم‌مصرف	A0
38	و	و|و|و	و|و|و	و|و|و	Al|C0|Ab
39	تو	تو|تو|تو	تو|تو|تو	تو|تو|تو	N5|Ad|N1
40	سربالایی	سربالایی|سربالا	سربالایی|سربالا	سربالایی|سربالا + ی + ی	N1|A0 + Y + Y
41	خیلی	خیلی|خیلی|خیل	خیلی|خیلی|خیل	خیلی|خیلی|خیل + ی	A0|Ad|N1 + Y||N1 + V
42	راحت	راحت	راحت	راحت	A0
43	کشش	کشش|کش|کش	کشش|کشش|کشش	کشش|کش + ش|کش + ش	N1|V1 + O|V1 + O
44	خوبی	خوبی|خوب	خوبی|خوب	خوبی|خوب + ی	N1|A0 + Y
45	داشته	داشته|داشت|داشت|داشت|داش	داشته|داشت|داشت|داشت|داش	داشته|داشت + ه|داشت + ه|داشت + ه|داش + ت + ه	A0|N1 + O|V2 + O|V5 + O|N1 + N + O
46	.	.	.	.	Si

0	شاخص	شاخص	شاخص	شاخص	A0
1	بازار	بازار|ازار|زار|ار	بازار|ازار|زار|ار	بازار|ب + ازار|با + زار|باز + ار	N1|O + N1|O + A0|O + Ad
2	بورس	بورس|ورس	بورس|ورس	بورس|ب + ورس	N1|O + N1
3	در	در|در|در|در|در	در|در|در|در|در	در|در|در|در|در	N1|Pr|V1|VPr|N1
4	تمام	تمام|تمام	تمام|تمام	تمام|تمام	A0|N9
5	نقاط	نقاط	نقاط	نقاط	N1
6	دنیا	دنیا	دنیا	دنیا	N1
7	به	به|به	به|به	به|به	Pr|N1
8	کف	کف	کف	کف	N1
9	ممکن	ممکن|کن|کن	ممکن|کن|کن	ممکن|م + م + کن|م + م + کن	A0|Neg + Neg + V1|Neg + Neg + V1
10	خودش	خودش|خود|خود	خودش|خود|خود	خودش|خود + ش|خود + ش	N7|N8 + N|N1 + N
11	رسید	رسید|رسید|رس|رس	رسید|رسید|رس|رس	رسید|رسید|رس + ید|رس + ید	N1|V2|V1 + N|N1 + V
12	.	.	.	.	Si

0	بعضی	بعضی|بعض	بعضی|بعض	بعضی|بعض + ی	A2|A0 + Y
1	بورس‌ها	بورس‌|بورس|ورس‌|ورس	بورس‌|بورس|ورس‌|ورس	بورس‌ + ها|بورس + ‌ها|ب + ورس‌ + ها|ب + ورس + ‌ها	N1 + Pl|N1 + Pl|O + N1 + Pl|O + N1 + Pl
2	هم	هم|هم|هم	هم|هم|هم	هم|هم|هم	Ad|C0|N8
3	کلا	کلا	کلا	کلا	N1
4	قهر	قهر	قهر	قهر	N1
5	کردن	کرد	کرد	کرد + ن	V2 + Neg
6	رفتن	رفت|رفت	رفت|رفت	رفت + ن|رفت + ن	V2 + Neg|V2 + Neg
7	خونه‌ها¬شون	خونه‌ها¬شون|خونه‌ها¬ش|خونه‌ها¬	خونه‌ها¬شون|خونه‌ها¬ش|خونه‌ها¬	خونه‌ها¬شون|خونه‌ها¬ش + ون|خونه‌ها¬ + ش + ون	N1|N1 + Pl|N1 + N + Pl
8	گفتن	گفت	گفت	گفت + ن	V2 + Neg
9	ما	ما	ما	ما	N5
10	دیگه	دیگ	دیگ	دیگ + ه	N1 + O
11	نمی‌تونیم	نم	نم	نم + ی‌ + ت + ون + یم	N1 + Y + N + Pl + V
12	!	!	!	!	Si

0	آخرین	آخر	آخرین	آخر + ین	N1 + O
1	بازی	بازی|باز|باز|باز	بازی|باز|باز|باز	بازی|باز + ی|باز + ی|باز + ی	N1|A0 + Y|V1 + N|VPr + Y
2	شب	شب	شب	شب	Ad
3	دوم	دوم|دو|دو|دو|دو	دوم|دو|دو|دو|دو	دوم|دو + م|دو + م|دو + م|دو + م	A0|V1 + N|Nu + N|V1 + N|N1 + N||N1 + V
4	هفته	هفته|هفت	هفته|هفت	هفته|هفت + ه	N1|Nu + O
5	دهم	ده|ده|ده	ده|ده|ده	ده + م|ده + م|ده + م	Nu + N|V1 + N|N1 + N||N1 + V
6	رقابت‌های	رقابت‌|رقابت|رقاب	رقابت‌|رقابت|رقاب	رقابت‌ + ها + ی|رقابت + ‌ها + ی|رقاب + ت‌ + ها + ی	N1 + Pl + Y|N1 + Pl + Y|N1 + N + Pl + Y
7	لیگ	لیگ	لیگ	لیگ	N1
8	دسته‌اول	دسته‌اول	دسته‌اول	دسته‌اول	A0
9	اسپانیا	اسپانیا	اسپانیا	اسپانیا	N2
10	(	(	(	(	Si
11	لالیگا	لالیگا	لالیگا	لالیگا	N1
12	)	)	)	)	Si
13	با	با	با	با	Pr
14	برتری	برتری|برتر|بر|بر|بر|بر	برتری|برتر|بر|بر|بر|بر	برتری|برتر + ی|بر + تر + ی|بر + تر + ی|بر + تر + ی|بر + تر + ی	N1|A0 + Y|V1 + O + N|VPr + O + Y|N1 + O + Y|V1 + O + N
15	خانگی	خانگی|خان	خانگی|خان	خانگی|خان + گی	A0|N1 + O
16	2	2	2	2	No
17	بر	بر|بر|بر|بر|بر	بر|بر|بر|بر|بر	بر|بر|بر|بر|بر	Pr|V1|VPr|N1|V1
18	صفر	صفر|صفر	صفر|صفر	صفر|صفر	N1|N1
19	تیم	تیم|تی	تیم|تی	تیم|تی + م	N1|N1 + N||N1 + V
20	فوتبال	فوتبال	فوتبال	فوتبال	N1
21	اتلتیکو¬مادرید	اتلتیکو¬مادرید|اتلتیکو¬مادر	اتلتیکو¬مادرید|اتلتیکو¬مادر	اتلتیکو¬مادرید|اتلتیکو¬مادر + ید	N1|N1 + V
22	مقابل	مقابل|مقابل	مقابل|مقابل	مقابل|مقابل	A0|N9
23	رئال¬سوسیدار	رئال¬سوسیدار|رئال¬سوسی|رئال¬سوس	رئال¬سوسیدار|رئال¬سوسی|رئال¬سوس	رئال¬سوسیدار|رئال¬سوسی + دار|رئال¬سوس + ی + دار	N1|N1 + O|N1 + Y + O
24	به	به|به	به|به	به|به	Pr|N1
25	پایان	پایان|پای|پا|پا|پا	پایان|پای|پا|پا|پا	پایان|پای + ان|پا + ی + ان|پا + ی + ان|پا + ی + ان	N1|N1 + Pl|N1 + Y + Pl|N9 + Y + Pl|V1 + N + O
26	رسید	رسید|رسید|رس|رس	رسید|رسید|رس|رس	رسید|رسید|رس + ید|رس + ید	N1|V2|V1 + N|N1 + V
27	.	.	.	.	Si

0	سرمربی	سرمربی	سرمربی	سرمربی	N1
1	سابق	سابق	سابق	سابق	A0
2	تیم	تیم|تی	تیم|تی	تیم|تی + م	N1|N1 + N||N1 + V
3	ملی	ملی|مل|مل	ملی|مل|مل	ملی|مل + ی|مل + ی	A0|N1 + Y||N1 + V|N1 + Y||N1 + V
4	اسپانیا	اسپانیا	اسپانیا	اسپانیا	N2
5	با	با	با	با	Pr
6	رقم	رقم	رقم	رقم	N1
7	زدن	زد|دن	زد|دن	زد + ن|ز + دن	V2 + Neg|O + N2
8	یک	یک	یک	یک	Nu
9	شروع	شروع	شروع	شروع	N1
10	افتضاح	افتضاح	افتضاح	افتضاح	A0
11	تیمش	تیم|تی	تیم|تی	تیم + ش|تی + م + ش	N1 + N|N1 + N + N
12	را	را	را	را	Po
13	در	در|در|در|در|در	در|در|در|در|در	در|در|در|در|در	N1|Pr|V1|VPr|N1
14	رده	رده|رد	رده|رد	رده|رد + ه	N1|A0 + O
15	نازل	نازل|زل	نازل|زل	نازل|نا + زل	N1|Neg + N1
16	هفتم	هفت	هفت	هفت + م	Nu + N
17	قرار	قرار|قرار	قرار|قرار	قرار|قرار	N1|N9
18	داده	داده|داد|داد	داده|داد|داد	داده|داد + ه|داد + ه	N1|N1 + O|V2 + O
19	و	و|و|و	و|و|و	و|و|و	Al|C0|Ab
20	تا	تا|تا|تا|تا	تا|تا|تا|تا	تا|تا|تا|تا	Ab|C0|Pr|V1
21	اینجا	اینجا	اینجا	اینجا	N1
22	هم	هم|هم|هم	هم|هم|هم	هم|هم|هم	Ad|C0|N8
23	به	به|به	به|به	به|به	Pr|N1
24	اصرار	اصرار	اصرار	اصرار	N1
25	مدیر	مدیر|دیر	مدیر|دیر	مدیر|م + دیر	N1|Neg + V1
26	ورزشی	ورزشی|ورزش|ورز|ورز	ورزشی|ورزش|ورز|ورزش	ورزشی|ورزش + ی|ورز + ش + ی|ورز + ش + ی	A0|N1 + Y||N1 + V|N1 + N + Y|V1 + O + N
27	باشگاه	باشگاه|باش	باشگاه|باش	باشگاه|باش + گاه	N1|V5 + O
28	توسط	توسط|توسط	توسط|توسط	توسط|توسط	N1|N9
29	فلورنتینوپرس	فلورنتینوپرس	فلورنتینوپرس	فلورنتینوپرس	N1
30	،	.	.	.	Si
31	رئیس	رئیس	رئیس	رئیس	N1
32	باشگاه	باشگاه|باش	باشگاه|باش	باشگاه|باش + گاه	N1|V5 + O
33	اخراج	اخراج	اخراج	اخراج	N1
34	نشده¬است	نشده¬است|نشده¬اس	نشده¬است|نشده¬اس	نشده¬است|نشده¬اس + ت	N1|N1 + N
35	اما	اما	اما	اما	C0
36	شاید	شاید|شاید|شا	شاید|شاید|شا	شاید|شاید|شا + ید	Ad|V2|V1 + N
37	این	این|این	این|این	این|این	A1|N6
38	،	.	.	.	Si
39	آخرین	آخر	آخرین	آخر + ین	N1 + O
40	فرصتش	فرصت	فرصت	فرصت + ش	N1 + N
41	باشد	باش|اشد	باش|اشد	باش + د|ب + اشد	V1 + N|O + A0
42	.	.	.	.	Si

0	بازیکن	بازیکن	بازیکن	بازیکن	N1
1	سابق	سابق	سابق	سابق	A0
2	بارسلونا	بارسلونا	بارسلونا	بارسلونا	N2
3	می‌تواند	می‌تواند|می‌توا	می‌تواند|می‌توا	می‌تواند|می‌توا + ند	N1|N1 + V
4	به	به|به	به|به	به|به	Pr|N1
5	این	این|این	این|این	این|این	A1|N6
6	فرصت	فرصت	فرصت	فرصت	N1
7	به	به|به	به|به	به|به	Pr|N1
8	دیده	دیده|دید|دید	دیده|دید|دید	دیده|دید + ه|دید + ه	N1|N1 + O|V2 + O
9	مثبت	مثبت	مثبت	مثبت	A0
10	نگاه	نگاه|گا	نگاه|گا	نگاه|ن + گا + ه	N1|Neg + V1 + O
11	کند	کند|کن|کن	کند|کن|کن	کند|کن + د|کن + د	A0|V1 + N|V1 + N
12	چون	چون|چون	چون|چون	چون|چون	C0|Pr
13	رئال‌مادرید	رئال‌مادرید	رئال‌مادرید	رئال‌مادرید	N1
14	هرچقدر	هرچقدر	هرچقدر	هرچقدر	Ad
15	در	در|در|در|در|در	در|در|در|در|در	در|در|در|در|در	N1|Pr|V1|VPr|N1
16	این	این|این	این|این	این|این	A1|N6
17	سال‌ها	سال‌|سال	سال‌|سال	سال‌ + ها|سال + ‌ها	N1 + Pl|N1 + Pl
18	ال‌کلاسیکوهای	ال‌کلاسیکوهای|ال‌کلاسیکوها|ال‌کلاسیکو	ال‌کلاسیکوهای|ال‌کلاسیکوها|ال‌کلاسیکو	ال‌کلاسیکوهای|ال‌کلاسیکوها + ی|ال‌کلاسیکو + ها + ی	N1|N1 + Y||N1 + V|N1 + Pl + Y
19	خانگی	خانگی|خان	خانگی|خان	خانگی|خان + گی	A0|N1 + O
20	را	را	را	را	Po
21	باخته	باخته|باخت|باخت|باخ|اخته|اخت|اخ|اخ|اخ	باخته|باخت|باخت|باخ|اخته|اخت|اخ|اخ|اخ	باخته|باخت + ه|باخت + ه|باخ + ت + ه|ب + اخته|ب + اخت + ه|ب + اخ + ت + ه|ب + اخ + ت + ه|ب + اخ + ت + ه	A0|N1 + O|V2 + O|N4 + N + O|O + A0|O + A0 + O|O + A0 + N + O|O + N1 + N + O|O + N1 + N + O
22	در	در|در|در|در|در	در|در|در|در|در	در|در|در|در|در	N1|Pr|V1|VPr|N1
23	3	3	3	3	No
24	جدال	جدال|جد|جد	جدال|جدال|جدال	جدال|جد + ال|جد + ال	N1|N1 + O|N1 + O
25	اخیر	اخیر	اخیر	اخیر	A0
26	در	در|در|در|در|در	در|در|در|در|در	در|در|در|در|در	N1|Pr|V1|VPr|N1
27	نوکمپ	نوکمپ	نوکمپ	نوکمپ	N1
28	شکست	شکست|شکست	شکست|شکست	شکست|شکست	N1|V2
29	نخورده¬است	نخورده¬است|نخورده¬اس	نخورده¬است|نخورده¬اس	نخورده¬است|نخورده¬اس + ت	N1|N1 + N
30	.	.	.	.	Si

0	در	در|در|در|در|در	در|در|در|در|در	در|در|در|در|در	N1|Pr|V1|VPr|N1
1	طرف	طرف|طرف	طرف|طرف	طرف|طرف	N1|N1
2	مقابل	مقابل|مقابل	مقابل|مقابل	مقابل|مقابل	A0|N9
3	بارسلونا	بارسلونا	بارسلونا	بارسلونا	N2
4	پس‌از	پس‌از	پس‌از	پس‌از	Pr1
5	3	3	3	3	No
6	هفته	هفته|هفت	هفته|هفت	هفته|هفت + ه	N1|Nu + O
7	متوالی	متوالی	متوالی	متوالی	A0
8	ناکامی	ناکامی|ناکام|کام	ناکامی|ناکام|کام	ناکامی|ناکام + ی|نا + کام + ی	N1|A0 + Y|Neg + N1 + Y
9	در	در|در|در|در|در	در|در|در|در|در	در|در|در|در|در	N1|Pr|V1|VPr|N1
10	کسب	کسب	کسب	کسب	N1
11	پیروزی	پیروزی|پیروز	پیروزی|پیروز	پیروزی|پیروز + ی	N2|A0 + Y
12	به	به|به	به|به	به|به	Pr|N1
13	اوج	اوج	اوج	اوج	N1
14	برگشت	برگشت|برگشت|برگ|رگ	برگشت|برگشت|برگ|رگ	برگشت|برگشت|برگ + ش + ت|ب + رگ + ش + ت	N1|V2|N1 + N + N|O + N1 + N + N
15	و	و|و|و	و|و|و	و|و|و	Al|C0|Ab
16	با	با	با	با	Pr
17	برتری	برتری|برتر|بر|بر|بر|بر	برتری|برتر|بر|بر|بر|بر	برتری|برتر + ی|بر + تر + ی|بر + تر + ی|بر + تر + ی|بر + تر + ی	N1|A0 + Y|V1 + O + N|VPr + O + Y|N1 + O + Y|V1 + O + N
18	بر	بر|بر|بر|بر|بر	بر|بر|بر|بر|بر	بر|بر|بر|بر|بر	Pr|V1|VPr|N1|V1
19	سویا	سویا	سویا	سویا	N1
20	صدر	صدر	صدر	صدر	N1
21	جدول	جدول	جدول	جدول	N1
22	را	را	را	را	Po
23	در	در|در|در|در|در	در|در|در|در|در	در|در|در|در|در	N1|Pr|V1|VPr|N1
24	اختیار	اختیار	اختیار	اختیار	N1
25	گرفت	گرفت|گرفت|رفت|رفت	گرفت|گرفت|رفت|رفت	گرفت|گرفت|گ + رفت|گ + رفت	N1|V2|VPr + V2|VPr + V2
26	اما	اما	اما	اما	C0
27	این	این|این	این|این	این|این	A1|N6
28	موضوع	موضوع	موضوع	موضوع	N1
29	به	به|به	به|به	به|به	Pr|N1
30	قیمت	قیمت|قیم|قی	قیمت|قیم|قی	قیمت|قیم + ت|قی + م + ت	N1|N1 + N|N1 + N + N
31	ازدست	ازدست|ازدس	ازدست|ازدس	ازدست|ازدس + ت	N1|N1 + N
32	دادن	داد	داد	داد + ن	V2 + Neg
33	لیونل¬مسی	لیونل¬مسی|لیونل¬مس	لیونل¬مسی|لیونل¬مس	لیونل¬مسی|لیونل¬مس + ی	N1|N1 + Y||N1 + V
34	،	.	.	.	Si
35	ستاره‌اش	ستاره‌اش|ستاره‌ا	ستاره‌اش|ستاره‌ا	ستاره‌اش|ستاره‌ا + ش	N1|N1 + N
36	به	به|به	به|به	به|به	Pr|N1
37	مدت	مدت|مد|مد	مدت|مد|مد	مدت|مد + ت|مد + ت	N1|N1 + N|N1 + N
38	4	4	4	4	No
39	هفته	هفته|هفت	هفته|هفت	هفته|هفت + ه	N1|Nu + O
40	انجامید	انجامید|انجام|انجام	انجامید|انجام|انجام	انجامید|انجام + ید|انجام + ید	V2|N1 + V|V1 + N
41	و	و|و|و	و|و|و	و|و|و	Al|C0|Ab
42	حالا	حالا	حالا	حالا	Ad
43	بهترین	بهترین|بهتر|به	بهترین|بهترین|به	بهترین|بهتر + ین|به + ترین	A0|A0 + O|N1 + O
44	گلزن	گلزن	گلزن	گلزن	N1
45	تاریخ	تاریخ	تاریخ	تاریخ	N1
46	ال¬کلاسیکو	ال¬کلاسیکو	ال¬کلاسیکو	ال¬کلاسیکو	N1
47	در	در|در|در|در|در	در|در|در|در|در	در|در|در|در|در	N1|Pr|V1|VPr|N1
48	این	این|این	این|این	این|این	A1|N6
49	نبرد	نبرد|برد|بر|بر	نبرد|برد|بر|بر	نبرد|ن + برد|ن + بر + د|ن + بر + د	N1|Neg + V2|Neg + V1 + N|Neg + V1 + N
50	سنتی	سنتی|سنت|سنت|سن|سن	سنتی|سنت|سنت|سن|سن	سنتی|سنت + ی|سنت + ی|سن + ت + ی|سن + ت + ی	A0|N1 + Y||N1 + V|N1 + Y||N1 + V|N1 + N + Y|N1 + N + Y
51	غایب	غایب	غایب	غایب	A0
52	است	است|اس	است|اس	است|اس + ت	V3|N1 + N
53	.	.	.	.	Si

0	طرح‌های	طرح‌|طرح	طرح‌|طرح	طرح‌ + ها + ی|طرح + ‌ها + ی	N1 + Pl + Y|N1 + Pl + Y
1	ارائه‌شده	ارائه‌شده	ارائه‌شده	ارائه‌شده	A0
2	برای	برای|برا|بر|بر	برای|برا|برا|برا	برای|برا + ی|بر + ا + ی|بر + ا + ی	Pr|A0 + Y|V1 + O + N|V1 + O + N
3	مهاجرت	مهاجرت|مهاجر	مهاجرت|مهاجر	مهاجرت|مهاجر + ت	N1|N1 + N
4	ماشین	ماشین|ماش|ما	ماشین|ماشین|ماین	ماشین|ماش + ین|ما + ش + ین	N1|N1 + O|N5 + N + O
5	مجازی	مجازی|مجاز|مجاز	مجازی|مجاز|مجاز	مجازی|مجاز + ی|مجاز + ی	A0|N1 + Y||N1 + V|N1 + Y||N1 + V
6	در	در|در|در|در|در	در|در|در|در|در	در|در|در|در|در	N1|Pr|V1|VPr|N1
7	سه	سه	سه	سه	Nu
8	بخش	بخش|بخش|خش	بخش|بخش|خش	بخش|بخش|ب + خش	N1|V1|O + N1
9	طبقه‌بندی	طبقه‌بندی	طبقه‌بندی	طبقه‌بندی	N1
10	شده‌اند	شده‌|شده|شد	شده‌ان|شدهان|شدان	شده‌ + ان + د|شده + ‌ان + د|شد + ه‌ + ان + د	V1 + O + N|V1 + O + N|V3 + O + O + N
11	:	:	:	:	Si

0	فاصله	فاصله|فاصل	فاصله|فاصل	فاصله|فاصل + ه	N1|N1 + O
1	،	.	.	.	Si
2	مسافت	مسافت	مسافت	مسافت	N1
3	،	.	.	.	Si
4	جزئیات	جزئیات|جزئی	جزئیات|جزئی	جزئیات|جزئی + ات	N1|A0 + Pl
5	.	.	.	.	Si

0	مطالعات	مطالعات|مطالع	مطالعات|مطالع	مطالعات|مطالع + ات	N1|N1 + Pl
1	درمورد	در|مورد|مورد|مورد|ورد	در|مورد|مورد|مورد|ورد	در + م + ور + د|در + مورد|در + مورد|در + مورد|در + م + ورد	V1 + N + O + N|O + N1|O + N9|O + N1|VPr + Neg + V1
2	مهاجرت	مهاجرت|مهاجر	مهاجرت|مهاجر	مهاجرت|مهاجر + ت	N1|N1 + N
3	غیرزنده	غیرزنده	غیرزنده	غیرزنده	A0
4	بسادگی	بسادگی|سادگی|ساد	بسادگی|سادگی|ساد	بسادگی|ب + سادگی|ب + ساد + گی	Ad|O + N1|O + A0 + O
5	قابل‌انجام	قابل‌انجام|قابل‌انجا	قابل‌انجام|قابل‌انجا	قابل‌انجام|قابل‌انجا + م	N1|N1 + N||N1 + V
6	است	است|اس	است|اس	است|اس + ت	V3|N1 + N
7	ولی	ولی|ولی|ول|ول	ولی|ولی|ول|ول	ولی|ولی|ول + ی|ول + ی	C0|N1|A0 + Y|N1 + Y||N1 + V
8	کسانی	کسان|کس|کس	کسان|کس|کس	کسان + ی|کس + ان + ی|کس + ان + ی	N1 + Y||N1 + V|N1 + Pl + Y|N1 + Pl + Y
9	که	که|که|که|که	که|که|که|که	که|که|که|که	N1|C0|NA|N1
10	برروی	برروی|بررو|رروی|ررو	برروی|بررو|رروی|ررو	برروی|بررو + ی|ب + رروی|ب + ررو + ی	N1|N1 + Y||N1 + V|O + N1|O + N1 + Y
11	مهاجرت	مهاجرت|مهاجر	مهاجرت|مهاجر	مهاجرت|مهاجر + ت	N1|N1 + N
12	زنده	زنده|زند|زن	زنده|زند|زن	زنده|زند + ه|زن + د + ه	A0|N4 + O|V1 + N + O
13	مطالعه	مطالعه|مطالع	مطالعه|مطالع	مطالعه|مطالع + ه	N1|N1 + O
14	می‌کنند	‌کن|‌کن|کن|کن	‌کن|‌کن|کن|کن	می + ‌کن + ند|می + ‌کن + ند|می‌ + کن + ند|می‌ + کن + ند	VPr + V1 + N|VPr + V1 + N|VPr + V1 + N|VPr + V1 + N
15	،	.	.	.	Si
16	بصورت	صورت|صورت|صور|صور	صورت|صورت|صور|صور	ب + صورت|ب + صورت|ب + صور + ت|ب + صور + ت	O + N1|O + N9|O + N1 + N|O + N1 + N
17	کلی	کلی|کل|کل|کل|کل|کل	کلی|کل|کل|کل|کل|کل	کلی|کل + ی|کل + ی|کل + ی|کل + ی|کل + ی	A0|N1 + Y||N1 + V|N1 + Y||N1 + V|A0 + Y|A0 + Y|N1 + Y||N1 + V
18	با	با	با	با	Pr
19	سه	سه	سه	سه	Nu
20	چالش	چالش|چال	چالش|چال	چالش|چال + ش	N1|N1 + N
21	اساسی	اساسی|اساس|اساس	اساسی|اساس|اساس	اساسی|اساس + ی|اساس + ی	A0|N1 + Y||N1 + V|N9 + Y
22	روبرو	روبرو	روبرو	روبرو	A0
23	می‌شوند	می‌|می‌|می|می|‌شو|‌شو|شو|شو	می‌|می‌|می|می|‌شو|‌شو|شو|شو	می‌ + ش + وند|می‌ + ش + وند|می + ‌ش + وند|می + ‌ش + وند|می + ‌شو + ند|می + ‌شو + ند|می‌ + شو + ند|می‌ + شو + ند	N1 + N + O|N1 + N + O|N1 + N + O|N1 + N + O|VPr + V1 + N|VPr + V1 + N|VPr + V1 + N|VPr + V1 + N
24	:	:	:	:	Si

0	مهاجرت	مهاجرت|مهاجر	مهاجرت|مهاجر	مهاجرت|مهاجر + ت	N1|N1 + N
1	داده‌های	داده‌|داده|داد|داد	داده‌|داده|داد|داد	داده‌ + ها + ی|داده + ‌ها + ی|داد + ه‌ + ها + ی|داد + ه‌ + ها + ی	N1 + Pl + Y|N1 + Pl + Y|N1 + O + Pl + Y|V2 + O + Pl + Y
2	حافظه	حافظه|حافظ	حافظه|حافظ	حافظه|حافظ + ه	N1|N1 + O
3	،	.	.	.	Si
4	مهاجرت	مهاجرت|مهاجر	مهاجرت|مهاجر	مهاجرت|مهاجر + ت	N1|N1 + N
5	داده‌های	داده‌|داده|داد|داد	داده‌|داده|داد|داد	داده‌ + ها + ی|داده + ‌ها + ی|داد + ه‌ + ها + ی|داد + ه‌ + ها + ی	N1 + Pl + Y|N1 + Pl + Y|N1 + O + Pl + Y|V2 + O + Pl + Y
6	ذخیره‌شده	ذخیره‌شده	ذخیره‌شده	ذخیره‌شده	A0
7	و	و|و|و	و|و|و	و|و|و	Al|C0|Ab
8	تداوم	تداوم	تداوم	تداوم	N1
9	برقراری	برقراری|برقرار	برقراری|برقرار	برقراری|برقرار + ی	N1|A0 + Y
10	اتصال	اتصال	اتصال	اتصال	N1
11	به	به|به	به|به	به|به	Pr|N1
12	شبکه	شبکه|شب	شبکه|شب	شبکه|شب + ک + ه	N1|Ad + O + O
13	.	.	.	.	Si

0	کارهایی	کار|کار	کار|کار	کار + ها + ی + ی|کار + ها + ی + ی	N1 + Pl + Y + Y|V1 + Pl + N + N
1	که	که|که|که|که	که|که|که|که	که|که|که|که	N1|C0|NA|N1
2	برای	برای|برا|بر|بر	برای|برا|برا|برا	برای|برا + ی|بر + ا + ی|بر + ا + ی	Pr|A0 + Y|V1 + O + N|V1 + O + N
3	تجزیه‌وتحلیل	تجزیه‌وتحلیل	تجزیه‌وتحلیل	تجزیه‌وتحلیل	N1
4	عملکرد	عملکرد	عملکرد	عملکرد	N1
5	و	و|و|و	و|و|و	و|و|و	Al|C0|Ab
6	کارایی	کارایی|کارا|کار	کارایی|کارا|کارا	کارایی|کارا + ی + ی|کار + ا + ی + ی	N1|A0 + Y + Y|V1 + O + N + N
7	مهاجرت	مهاجرت|مهاجر	مهاجرت|مهاجر	مهاجرت|مهاجر + ت	N1|N1 + N
8	ماشین	ماشین|ماش|ما	ماشین|ماشین|ماین	ماشین|ماش + ین|ما + ش + ین	N1|N1 + O|N5 + N + O
9	مجازی	مجازی|مجاز|مجاز	مجازی|مجاز|مجاز	مجازی|مجاز + ی|مجاز + ی	A0|N1 + Y||N1 + V|N1 + Y||N1 + V
10	انجام	انجام|انجام	انجام|انجام	انجام|انجام	N1|V1
11	شده¬است	شده¬است|شده¬اس	شده¬است|شده¬اس	شده¬است|شده¬اس + ت	N1|N1 + N
12	،	.	.	.	Si
13	نیز	نیز	نیز	نیز	N1
14	ذکر	ذکر|ذکر	ذکر|ذکر	ذکر|ذکر	N1|N1
15	شده¬است	شده¬است|شده¬اس	شده¬است|شده¬اس	شده¬است|شده¬اس + ت	N1|N1 + N
16	.	.	.	.	Si

0	با	با	با	با	Pr
1	توسعه	توسعه	توسعه	توسعه	N1
2	و	و|و|و	و|و|و	و|و|و	Al|C0|Ab
3	تکامل	تکامل|امل|امل	تکامل|امل|امل	تکامل|تک + امل|تک + امل	N1|O + N1|O + A0
4	را	را	را	را	Po
5	یا	یا|یا	یا|یا	یا|یا	C0|Intj
6	نش‌ابری	نش‌ابری|نش‌ابر	نش‌ابری|نش‌ابر	نش‌ابری|نش‌ابر + ی	N1|N1 + Y||N1 + V
7	،	.	.	.	Si
8	تحرک	تحرک	تحرک	تحرک	N1
9	کاربر	کاربر|کاربر	کاربر|کاربر	کاربر|کاربر	A0|A0
10	،	.	.	.	Si
11	یک	یک	یک	یک	Nu
12	انگیزه	انگیزه|انگیز	انگیزه|انگیز	انگیزه|انگیز + ه	N1|V1 + O
13	مهم	مهم|مه|مه	مهم|مه|مه	مهم|مه + م|مه + م	A0|N1 + N||N1 + V|N1 + N||N1 + V
14	برای	برای|برا|بر|بر	برای|برا|برا|برا	برای|برا + ی|بر + ا + ی|بر + ا + ی	Pr|A0 + Y|V1 + O + N|V1 + O + N
15	مهاجرت	مهاجرت|مهاجر	مهاجرت|مهاجر	مهاجرت|مهاجر + ت	N1|N1 + N
16	زنده	زنده|زند|زن	زنده|زند|زن	زنده|زند + ه|زن + د + ه	A0|N4 + O|V1 + N + O
17	VM	VM	VM	VM	N1
18	در	در|در|در|در|در	در|در|در|در|در	در|در|در|در|در	N1|Pr|V1|VPr|N1
19	برخی	برخی|رخ|رخ	برخی|رخ|رخ	برخی|ب + رخ + ی|ب + رخ + ی	A2|O + N1 + Y|O + N1 + Y
20	از	از	از	از	Pr
21	سناریوها	سناریو	سناریو	سناریو + ها	N1 + Pl
22	(	(	(	(	Si
23	مانند	مانند|مانند|مان|مان	مانند|مانند|مان|مان	مانند|مانند|مان + ند|مان + ند	N1|N9|N1 + V|V1 + N
24	محاسبات	محاسبات|محاسب	محاسبات|محاسب	محاسبات|محاسب + ات	N1|N1 + Pl
25	مه	مه|مه	مه|مه	مه|مه	N1|N1
26	خواهد¬بود	خواهد¬بود	خواهد¬بود	خواهد¬بود	N1
27	.	.	.	.	Si

0	بنابراین	بنابراین|برا	بنابراین|براین	بنابراین|ب + نا + برا + ین	Ad|O + Neg + A0 + O
1	مطالعات	مطالعات|مطالع	مطالعات|مطالع	مطالعات|مطالع + ات	N1|N1 + Pl
2	درمورد	در|مورد|مورد|مورد|ورد	در|مورد|مورد|مورد|ورد	در + م + ور + د|در + مورد|در + مورد|در + مورد|در + م + ورد	V1 + N + O + N|O + N1|O + N9|O + N1|VPr + Neg + V1
3	پیوند	پیوند|پیوند|پی|پی|وند	پیوند|پیوند|پی|پی|وند	پیوند|پیوند|پی + وند|پی + وند|پی + وند	N1|V1|N1 + O|N9 + O|VPr + V1
4	مهاجرت	مهاجرت|مهاجر	مهاجرت|مهاجر	مهاجرت|مهاجر + ت	N1|N1 + N
5	VM	VM	VM	VM	N1
6	،	.	.	.	Si
7	به	به|به	به|به	به|به	Pr|N1
8	تحرک	تحرک	تحرک	تحرک	N1
9	کاربران	کاربر|کاربر	کاربر|کاربر	کاربر + ان|کاربر + ان	A0 + Pl|A0 + Pl
10	خلاصه	خلاصه|خلاص	خلاصه|خلاص	خلاصه|خلاص + ه	A0|N1 + O
11	شده¬است	شده¬است|شده¬اس	شده¬است|شده¬اس	شده¬است|شده¬اس + ت	N1|N1 + N
12	.	.	.	.	Si

0	کاربری	کاربری|کاربری|کاربر|کاربر	کاربری|کاربری|کاربر|کاربر	کاربری|کاربری|کاربر + ی|کاربر + ی	N1|N1|A0 + Y|A0 + Y
1	که	که|که|که|که	که|که|که|که	که|که|که|که	N1|C0|NA|N1
2	دسترسی	دسترسی|دسترس	دسترسی|دسترس	دسترسی|دسترس + ی	N1|N1 + Y||N1 + V
3	فیزیکی	فیزیکی|فیزیک	فیزیکی|فیزیک	فیزیکی|فیزیک + ی	A0|N1 + Y||N1 + V
4	غیرمجاز	غیرمجاز	غیرمجاز	غیرمجاز	A0
5	به	به|به	به|به	به|به	Pr|N1
6	کامپیوتر	کامپیوتر	کامپیوتر	کامپیوتر	N1
7	پیدا	پیدا	پیدا	پیدا	A0
8	کرده¬باشد	کرده¬باشد	کرده¬باشد	کرده¬باشد	N1
9	،	.	.	.	Si
10	قادر	قادر	قادر	قادر	A0
11	است	است|اس	است|اس	است|اس + ت	V3|N1 + N
12	اطلاعات	اطلاعات|اطلاع	اطلاعات|اطلاع	اطلاعات|اطلاع + ات	N1|N1 + Pl
13	را	را	را	را	Po
14	از	از	از	از	Pr
15	آن	آن|آن	آن|آن	آن|آن	A1|N6
16	کپی	کپی|کپی|کپ|کپ	کپی|کپی|کپ|کپ	کپی|کپی|کپ + ی|کپ + ی	N1|N1|V1 + N|N1 + Y||N1 + V
17	کند	کند|کن|کن	کند|کن|کن	کند|کن + د|کن + د	A0|V1 + N|V1 + N
18	.	.	.	.	Si

0	حتی	حتی	حتی	حتی	Ad
1	اگر	اگر	اگر	اگر	C0
2	سیستم	سیستم	سیستم	سیستم	N1
3	باامنیت	امنیت|امن	امنیت|امن	با + امنیت|با + امن + ی + ت	O + N1|O + A0 + Y + N
4	استاندارد	استاندارد	استاندارد	استاندارد	A0
5	حفاظت	حفاظت|حفاظ	حفاظت|حفاظ	حفاظت|حفاظ + ت	N1|N1 + N
6	شده¬باشد	شده¬باشد	شده¬باشد	شده¬باشد	N1
7	،	.	.	.	Si
8	حساب	حساب	حساب	حساب	N1
9	کاربر	کاربر|کاربر	کاربر|کاربر	کاربر|کاربر	A0|A0
10	و	و|و|و	و|و|و	و|و|و	Al|C0|Ab
11	پسورد	ورد	ورد	پس + ورد	VPr + V1
12	او	او|او	او|او	او|او	Ab|N5
13	را	را	را	را	Po
14	می‌توان	می‌توان|می‌تو	می‌توان|می‌تو	می‌توان|می‌تو + ان	N1|N1 + Pl
15	با	با	با	با	Pr
16	گذر	گذر|گذر	گذر|گذر	گذر|گذر	N1|V1
17	از	از	از	از	Pr
18	این	این|این	این|این	این|این	A1|N6
19	مکانیسم‌ها	مکانیسم‌|مکانیسم	مکانیسم‌|مکانیسم	مکانیسم‌ + ها|مکانیسم + ‌ها	N1 + Pl|N1 + Pl
20	و	و|و|و	و|و|و	و|و|و	Al|C0|Ab
21	راه‌اندازی	راه‌اندازی|راه‌انداز	راه‌اندازی|راه‌انداز	راه‌اندازی|راه‌انداز + ی	N1|N1 + Y||N1 + V
22	سیستم‌عامل	سیستم‌عامل	سیستم‌عامل	سیستم‌عامل	N1
23	دیگر	دیگر|دیگر|دی	دیگر|دیگر|دی	دیگر|دیگر|دی + گر	A2|N1|N1 + O
24	یا	یا|یا	یا|یا	یا|یا	C0|Intj
25	ابزاری	ابزاری|ابزار|اب	ابزاری|ابزار|ابزار	ابزاری|ابزار + ی|اب + زار + ی	A0|N1 + Y||N1 + V|N1 + O + Y
26	از	از	از	از	Pr
27	CD	CD	CD	CD	N1
28	-	-	-	-	N1
29	ROM	ROM	ROM	ROM	N1
30	برای	برای|برا|بر|بر	برای|برا|برا|برا	برای|برا + ی|بر + ا + ی|بر + ا + ی	Pr|A0 + Y|V1 + O + N|V1 + O + N
31	راه‌اندازی	راه‌اندازی|راه‌انداز	راه‌اندازی|راه‌انداز	راه‌اندازی|راه‌انداز + ی	N1|N1 + Y||N1 + V
32	مجدد	مجدد|مجدد	مجدد|مجدد	مجدد|مجدد	A0|N1
33	پسورد	ورد	ورد	پس + ورد	VPr + V1
34	سرپرست	سرپرست|سر|سر|سر|سر	سرپرست|سر|سر|سر|سر	سرپرست|سر + پرست|سر + پرست|سر + پرست|سر + پرست	N1|N1 + O|N9 + O|N1 + O|N1 + O
35	و	و|و|و	و|و|و	و|و|و	Al|C0|Ab
36	تبدیل	تبدیل	تبدیل	تبدیل	N1
37	آن	آن|آن	آن|آن	آن|آن	A1|N6
38	به	به|به	به|به	به|به	Pr|N1
39	رشته	رشته|رشت|رشت|رش	رشته|رشت|رشت|رش	رشته|رشت + ه|رشت + ه|رش + ت + ه	N1|N2 + O|V2 + O|N1 + N + O
40	null	null	null	null	N1
41	،	.	.	.	Si
42	به	به|به	به|به	به|به	Pr|N1
43	دست	دست|دست	دست|دست	دست|دست	N1|N9
44	آورد	آورد|آور	آورد|آور	آورد|آور + د	V2|V1 + N
45	.	.	.	.	Si

0	رمزگذاری	رمزگذاری|رمزگذار|رمز	رمزگذاری|رمزگذار|رمز	رمزگذاری|رمزگذار + ی|رمز + گذار + ی	N1|A0 + Y|N1 + O + Y
1	دیسک	دیسک|دیس	دیسک|دیس	دیسک|دیس + ک	N1|N1 + O
2	و	و|و|و	و|و|و	و|و|و	Al|C0|Ab
3	ماژول	ماژول	ماژول	ماژول	N1
4	Trusted	Trusted	Trusted	Trusted	N1
5	Platform	Platform	Platform	Platform	N1
6	برای	برای|برا|بر|بر	برای|برا|برا|برا	برای|برا + ی|بر + ا + ی|بر + ا + ی	Pr|A0 + Y|V1 + O + N|V1 + O + N
7	جلوگیری	جلوگیری|جلوگیر|جلو	جلوگیری|جلوگیر|جلو	جلوگیری|جلوگیر + ی|جلو + گیر + ی	N1|A0 + Y|A0 + O + Y
8	از	از	از	از	Pr
9	چنین	چنین	چنین	چنین	A0
10	حمله‌¬هایی	حمله‌¬هایی|حمله‌¬های|حمله‌¬ها|حمله‌¬	حمله‌¬هایی|حمله‌¬های|حمله‌¬ها|حمله‌¬	حمله‌¬هایی|حمله‌¬های + ی|حمله‌¬ها + ی + ی|حمله‌¬ + ها + ی + ی	N1|N1 + Y||N1 + V|N1 + Y + Y|N1 + Pl + Y + Y
11	طراحی	طراحی|طراح	طراحی|طراح	طراحی|طراح + ی	N1|N1 + Y||N1 + V
12	شده‌اند	شده‌|شده|شد	شده‌ان|شدهان|شدان	شده‌ + ان + د|شده + ‌ان + د|شد + ه‌ + ان + د	V1 + O + N|V1 + O + N|V3 + O + O + N

