0	درهم‌تنیدگی	درهم‌تنیدگی|‌تن|‌تن|تن|تن	درهم‌تنیدگی|‌تن|‌تن|تن|تن	درهم‌تنیدگی|در + هم + ‌تن + ید + گی|در + هم + ‌تن + ید + گی|در + هم‌ + تن + ید + گی|در + هم‌ + تن + ید + گی	N1|O + O + N1 + V + O|O + O + N1 + V + O|O + O + N1 + V + O|O + O + N1 + V + O
1	کوانتومی	کوانتومی|کوانتوم	کوانتومی|کوانتوم	کوانتومی|کوانتوم + ی	A0|N1 + Y||N1 + V
2	می‌گوید	‌گو|گو	‌گو|گو	می + ‌گو + ید|می‌ + گو + ید	VPr + V1 + N|VPr + V1 + N

0	«	«	«	«	Si
1	در	در|در|در|در|در	در|در|در|در|در	در|در|در|در|در	N1|Pr|V1|VPr|N1
2	سامانه‌های	سامانه‌|سامانه|سامان|سام|سا	سامانه‌|سامانه|سامان|سام|سامانه‌|سامانه|سامان|سام|سامان	سامانه‌ + ها + ی|سامانه + ‌ها + ی|سامان + ه‌ + ها + ی|سام + انه‌ + ها + ی|سا + مان + ه‌ + ها + ی	N1 + Pl + Y|N1 + Pl + Y|N1 + O + Pl + Y|N3 + O + Pl + Y|V1 + O + O + Pl + N
3	مرکب	مرکب|مرکب	مرکب|مرکب	مرکب|مرکب	N1|A0
4	با	با	با	با	Pr
5	وضعیت‌هایی	وضعیت‌|وضعیت|وضعی|وضع	وضعیت‌|وضعیت|وضعی|وضع	وضعیت‌ + ها + ی + ی|وضعیت + ‌ها + ی + ی|وضعی + ت‌ + ها + ی + ی|وضع + ی + ت‌ + ها + ی + ی	N1 + Pl + Y + Y|N1 + Pl + Y + Y|A0 + N + Pl + Y + Y|N1 + Y + N + Pl + Y + Y
6	مواجه	مواجه|مواج	مواجه|مواج	مواجه|مواج + ه	A0|A0 + O
7	می‌شویم	‌شوی|‌شو|‌شو|شوی|شو|شو	‌شوی|‌شو|‌شو|شوی|شو|شو	می + ‌شوی + م|می + ‌شو + یم|می + ‌شو + یم|می‌ + شوی + م|می‌ + شو + یم|می‌ + شو + یم	VPr + V1 + N|VPr + V1 + N|VPr + V1 + N|VPr + V1 + N|VPr + V1 + N|VPr + V1 + N

0	که	که|که|که|که	که|که|که|که	که|که|که|که	N1|C0|NA|N1
1	در	در|در|در|در|در	در|در|در|در|در	در|در|در|در|در	N1|Pr|V1|VPr|N1
2	آن	آن|آن	آن|آن	آن|آن	A1|N6
3	اجزای	اجزا	اجزا	اجزا + ی	N1 + Y||N1 + V
4	سامانه	سامانه|سامان|سام|سا	سامانه|سامان|سام|سامانه|سامان|سام|سامان	سامانه|سامان + ه|سام + انه|سا + مان + ه	N1|N1 + O|N3 + O|V1 + O + O
5	دارای	دارا|دار	دارا|دارا	دارا + ی|دار + ا + ی	A0 + Y|V1 + O + N
6	هیچ	هیچ	هیچ	هیچ	A1
7	ویژگی	ویژگی	ویژگی	ویژگی	N1
8	نیستند	نیست|نیست	نیست|نیست	نیست + ند|نیست + ند	N1 + V|V3 + N

0	بلکه	بلکه|بل|بل|لکه|لک	بلکه|بل|بل|لکه|لک	بلکه|بل + ک + ه|بل + ک + ه|ب + لکه|ب + لک + ه	Ad|N1 + O + O|N1 + O + O|O + N1|O + N1 + O
1	فقط	فقط	فقط	فقط	Ad
2	سامانه‌ی	سامانه‌|سامانه|سامان|سام|سا	سامانه‌|سامانه|سامان|سام|سامانه‌|سامانه|سامان|سام|سامان	سامانه‌ + ی|سامانه + ‌ی|سامان + ه‌ + ی|سام + انه‌ + ی|سا + مان + ه‌ + ی	N1 + Y||N1 + V|N1 + Y||N1 + V|N1 + O + Y|N3 + O + Y|V1 + O + O + N
3	کل	کل|کل|کل|کل|کل	کل|کل|کل|کل|کل	کل|کل|کل|کل|کل	N1|N1|A0|A0|N1
4	دارای	دارا|دار	دارا|دارا	دارا + ی|دار + ا + ی	A0 + Y|V1 + O + N
5	دسته‌ای	دسته‌ای	دسته‌ای	دسته‌ای	A0
6	از	از	از	از	Pr
7	ویژگی‌ها	ویژگی‌|ویژگی	ویژگی‌|ویژگی	ویژگی‌ + ها|ویژگی + ‌ها	N1 + Pl|N1 + Pl
8	است	است|اس	است|اس	است|اس + ت	V3|N1 + N
9	.	.	.	.	Si

0	»	»	»	»	Si
1	به	به|به	به|به	به|به	Pr|N1
2	زبان	زبان|ان	زبان|ان	زبان|ز + ب + ان	N1|O + O + N1
3	ساده	ساده|ساد|سا	ساده|ساد|سا	ساده|ساد + ه|سا + د + ه	A0|A0 + O|V1 + N + O
4	و	و|و|و	و|و|و	و|و|و	Al|C0|Ab
5	به	به|به	به|به	به|به	Pr|N1
6	عنوان	عنوان	عنوان	عنوان	N1
7	اولین	اولین|اول	اولین|اولین	اولین|اول + ین	A0|A0 + O
8	مثال	مثال	مثال	مثال	N1
9	تاریخی	تاریخی|تاریخ	تاریخی|تاریخ	تاریخی|تاریخ + ی	A0|N1 + Y||N1 + V
10	،	.	.	.	Si
11	درهم‌تنیدگی	درهم‌تنیدگی|‌تن|‌تن|تن|تن	درهم‌تنیدگی|‌تن|‌تن|تن|تن	درهم‌تنیدگی|در + هم + ‌تن + ید + گی|در + هم + ‌تن + ید + گی|در + هم‌ + تن + ید + گی|در + هم‌ + تن + ید + گی	N1|O + O + N1 + V + O|O + O + N1 + V + O|O + O + N1 + V + O|O + O + N1 + V + O
12	جفت شدن	جفتشدن	جفتشدن	جفتشدن	N1

0	خواص	خواص	خواص	خواص	N1
1	مکانیکی	مکانیکی|مکانیک|مکانی|مکان|مک	مکانیکی|مکانیک|مکانی|مکانیک|مک	مکانیکی|مکانیک + ی|مکانی + ک + ی|مکان + یک + ی|مک + ان + یک + ی	A0|N1 + Y||N1 + V|A0 + O + Y|N1 + O + Y|Ad + Pl + O + Y
2	دو	دو|دو|دو|دو	دو|دو|دو|دو	دو|دو|دو|دو	V1|Nu|V1|N1
3	ذره	ذره|ذر	ذره|ذر	ذره|ذر + ه	N1|N1 + O
4	است	است|اس	است|اس	است|اس + ت	V3|N1 + N
5	،	.	.	.	Si

0	ذراتی	ذرات|ذر	ذرات|ذر	ذرات + ی|ذر + ات + ی	N1 + Y||N1 + V|N1 + Pl + Y
1	که	که|که|که|که	که|که|که|که	که|که|که|که	N1|C0|NA|N1
2	پیش‌تر	پیش‌|پیش‌|پیش|پیش|پی|پی|‌تر|تر	پیش‌تر|پیش‌تر|پیشتر|پیشتر|پیتر|پیتر|‌ترتر|ترتر	پیش‌ + تر|پیش‌ + تر|پیش + ‌تر|پیش + ‌تر|پی + ش‌ + تر|پی + ش‌ + تر|پیش + ‌تر|پیش‌ + تر	A0 + O|N9 + O|A0 + O|N9 + O|N1 + N + O|N9 + N + O|O + A0|O + A0
3	با	با	با	با	Pr
4	یکدیگر	یکدیگر	یکدیگر	یکدیگر	N8
5	در	در|در|در|در|در	در|در|در|در|در	در|در|در|در|در	N1|Pr|V1|VPr|N1
6	اندرکنش	اندرکنش|کنش|کن	اندرکنش|کنش|کن	اندرکنش|اندر + کنش|اندر + کن + ش	N1|O + N1|O + N2 + N
7	بوده	بوده|بود|بود|بود|بو	بوده|بود|بود|بود|بو	بوده|بود + ه|بود + ه|بود + ه|بو + د + ه	V2|N1 + O|V2 + O|V3 + O|V1 + N + O

0	و	و|و|و	و|و|و	و|و|و	Al|C0|Ab
1	سپس	سپس	سپس	سپس	Ad
2	از	از	از	از	Pr
3	یکدیگر	یکدیگر	یکدیگر	یکدیگر	N8
4	جدا	جدا	جدا	جدا	A0
5	شده‌اند	شده‌|شده|شد	شده‌ان|شدهان|شدان	شده‌ + ان + د|شده + ‌ان + د|شد + ه‌ + ان + د	V1 + O + N|V1 + O + N|V3 + O + O + N
6	.	.	.	.	Si

0	درهم‌تنیدگی	درهم‌تنیدگی|‌تن|‌تن|تن|تن	درهم‌تنیدگی|‌تن|‌تن|تن|تن	درهم‌تنیدگی|در + هم + ‌تن + ید + گی|در + هم + ‌تن + ید + گی|در + هم‌ + تن + ید + گی|در + هم‌ + تن + ید + گی	N1|O + O + N1 + V + O|O + O + N1 + V + O|O + O + N1 + V + O|O + O + N1 + V + O
1	برای	برای|برا|بر|بر	برای|برا|برا|برا	برای|برا + ی|بر + ا + ی|بر + ا + ی	Pr|A0 + Y|V1 + O + N|V1 + O + N
2	ذراتی	ذرات|ذر	ذرات|ذر	ذرات + ی|ذر + ات + ی	N1 + Y||N1 + V|N1 + Pl + Y
3	همچون	همچون	همچون	همچون	Pr
4	فوتون‌ها	فوتون‌|فوتون	فوتون‌|فوتون	فوتون‌ + ها|فوتون + ‌ها	N1 + Pl|N1 + Pl
5	،	.	.	.	Si
6	الکترون‌ها	الکترون‌|الکترون	الکترون‌|الکترون	الکترون‌ + ها|الکترون + ‌ها	N1 + Pl|N1 + Pl
7	و	و|و|و	و|و|و	و|و|و	Al|C0|Ab
8	حتی	حتی	حتی	حتی	Ad
9	مولکول‌ها	مولکول‌|مولکول	مولکول‌|مولکول	مولکول‌ + ها|مولکول + ‌ها	N1 + Pl|N1 + Pl
10	رخ	رخ|رخ	رخ|رخ	رخ|رخ	N1|N1
11	می‌دهد	‌ده|ده	‌ده|ده	می + ‌ده + د|می‌ + ده + د	VPr + V1 + N|VPr + V1 + N
12	.	.	.	.	Si

0	این	این|این	این|این	این|این	A1|N6
1	اندرکنش	اندرکنش|کنش|کن	اندرکنش|کنش|کن	اندرکنش|اندر + کنش|اندر + کن + ش	N1|O + N1|O + N2 + N
2	فیزیکی	فیزیکی|فیزیک	فیزیکی|فیزیک	فیزیکی|فیزیک + ی	A0|N1 + Y||N1 + V
3	مربوط	مربوط	مربوط	مربوط	A0
4	به	به|به	به|به	به|به	Pr|N1
5	خواصی	خواص	خواص	خواص + ی	N1 + Y||N1 + V
6	نظیر	نظیر	نظیر	نظیر	N1
7	مکان	مکان|مک|مک|مک	مکان|مکان|مکان|مک	مکان|مک + ان|مک + ان|مک + ان	N1|V1 + O|V1 + O|Ad + Pl
8	،	.	.	.	Si
9	تکانه	تکانه|تکان|تکان|تک|تک|تک|تک|ان	تکانه|تکان|تکان|تکانه|تکان|تکانه|تکانه|ان	تکانه|تکان + ه|تکان + ه|تک + انه|تک + ان + ه|تک + انه|تک + انه|تک + ان + ه	N1|N1 + O|V1 + O|A0 + O|V1 + O + O|N1 + O|N1 + O|O + N1 + O
10	،	.	.	.	Si
11	اسپین	اسپین	اسپین	اسپین	N1
12	و	و|و|و	و|و|و	و|و|و	Al|C0|Ab
13	قطبش	قطبش|قطب|قطب	قطبش|قطب|قطبش	قطبش|قطب + ش|قطب + ش	N1|N2 + N|V1 + O
14	و	و|و|و	و|و|و	و|و|و	Al|C0|Ab
15	…	…	…	…	N1
16	است	است|اس	است|اس	است|اس + ت	V3|N1 + N

0	به	به|به	به|به	به|به	Pr|N1
1	گونه‌ای	گونه‌ای|گونه‌ا	گونه‌ای|گونه‌ا	گونه‌ای|گونه‌ا + ی	N1|N1 + Y||N1 + V
2	که	که|که|که|که	که|که|که|که	که|که|که|که	N1|C0|NA|N1
3	با	با	با	با	Pr
4	تعیین	تعیین	تعیین	تعیین	N1
5	هر	هر	هر	هر	A1
6	یک	یک	یک	یک	Nu
7	از	از	از	از	Pr
8	خواص	خواص	خواص	خواص	N1
9	برای	برای|برا|بر|بر	برای|برا|برا|برا	برای|برا + ی|بر + ا + ی|بر + ا + ی	Pr|A0 + Y|V1 + O + N|V1 + O + N
10	یکی	یکی|یک	یکی|یک	یکی|یک + ی	A2|Nu + Y
11	از	از	از	از	Pr
12	دو	دو|دو|دو|دو	دو|دو|دو|دو	دو|دو|دو|دو	V1|Nu|V1|N1
13	ذره	ذره|ذر	ذره|ذر	ذره|ذر + ه	N1|N1 + O
14	همان	همان|همان|هم|هم|ان	همان|همان|هم|هم|ان	همان|همان|هم + ان|هم + ان|هم + ان	A1|N6|Ad + Pl|N8 + Pl|O + N1
15	خاصیت	خاصیت|خاص	خاصیت|خاص	خاصیت|خاص + ی + ت	N1|A0 + Y + N
16	در	در|در|در|در|در	در|در|در|در|در	در|در|در|در|در	N1|Pr|V1|VPr|N1
17	دیگری	دیگری|دیگر|دیگر|دی	دیگری|دیگر|دیگر|دیگری	دیگری|دیگر + ی|دیگر + ی|دی + گری	A2|A2 + Y|N1 + Y||N1 + V|N1 + O
18	تعیین	تعیین	تعیین	تعیین	N1
19	می‌شود	‌شو|‌شو|شو|شو	‌شو|‌شو|شو|شو	می + ‌شو + د|می + ‌شو + د|می‌ + شو + د|می‌ + شو + د	VPr + V1 + N|VPr + V1 + N|VPr + V1 + N|VPr + V1 + N
20	.	.	.	.	Si

0	به	به|به	به|به	به|به	Pr|N1
1	عبارت	عبارت	عبارت	عبارت	N1
2	دیگر	دیگر|دیگر|دی	دیگر|دیگر|دی	دیگر|دیگر|دی + گر	A2|N1|N1 + O
3	هر	هر	هر	هر	A1
4	یک	یک	یک	یک	Nu
5	از	از	از	از	Pr
6	ذرات	ذرات|ذر	ذرات|ذر	ذرات|ذر + ات	N1|N1 + Pl
7	جفت شده	جفت	جفتش	جفت + ش + د + ه	V1 + O + N + O
8	به	به|به	به|به	به|به	Pr|N1
9	خوبی	خوبی|خوب	خوبی|خوب	خوبی|خوب + ی	N1|A0 + Y
10	توسط	توسط|توسط	توسط|توسط	توسط|توسط	N1|N9
11	حالت	حالت|حال	حالت|حال	حالت|حال + ت	N1|Ad + N
12	کوانتومی	کوانتومی|کوانتوم	کوانتومی|کوانتوم	کوانتومی|کوانتوم + ی	A0|N1 + Y||N1 + V
13	مشابه	مشابه	مشابه	مشابه	N1
14	توصیف	توصیف	توصیف	توصیف	N1
15	می‌شوند	می‌|می‌|می|می|‌شو|‌شو|شو|شو	می‌|می‌|می|می|‌شو|‌شو|شو|شو	می‌ + ش + وند|می‌ + ش + وند|می + ‌ش + وند|می + ‌ش + وند|می + ‌شو + ند|می + ‌شو + ند|می‌ + شو + ند|می‌ + شو + ند	N1 + N + O|N1 + N + O|N1 + N + O|N1 + N + O|VPr + V1 + N|VPr + V1 + N|VPr + V1 + N|VPr + V1 + N
16	.	.	.	.	Si

0	فلسفه‌ای	فلسف	فلسف	فلسف + ه‌ + ا + ی	V1 + O + O + N
1	که	که|که|که|که	که|که|که|که	که|که|که|که	N1|C0|NA|N1
2	منجر	منجر	منجر	منجر	A0
3	به	به|به	به|به	به|به	Pr|N1
4	شکل‌گیری‌ی	شکل‌گیری‌|شکل‌گیری|شکل‌|شکل	شکل‌گیری‌|شکل‌گیری|شکل‌گیر|شکلگیر	شکل‌گیری‌ + ی|شکل‌گیری + ‌ی|شکل‌ + گیر + ی‌ + ی|شکل + ‌گیر + ی‌ + ی	N1 + Y||N1 + V|N1 + Y||N1 + V|N1 + O + Y + Y|N1 + O + Y + Y
5	زبان‌های‌شی	زبان‌|زبان|ان‌|ان	زبان‌|زبان|ان‌|ان	زبان‌ + ها + ی‌ + ش + ی|زبان + ‌ها + ی‌ + ش + ی|ز + ب + ان‌ + ها + ی‌ + ش + ی|ز + ب + ان + ‌ها + ی‌ + ش + ی	N1 + Pl + Y + N + Y|N1 + Pl + Y + N + Y|O + O + N1 + Pl + Y + N + Y|O + O + N1 + Pl + Y + N + Y
6	گرا	گرا|گرا|گر	گرا|گرا|گرا	گرا|گرا|گر + ا	N1|V1|V1 + O
7	شد	شد	شد	شد	V3
8	،	.	.	.	Si

0	عبارت	عبارت	عبارت	عبارت	N1
1	بود	بود|بود|بود|بو	بود|بود|بود|بو	بود|بود|بود|بو + د	N1|V2|V3|V1 + N

0	از	از	از	از	Pr
1	این	این|این	این|این	این|این	A1|N6
2	واقعیت	واقعیت|واقعی|واقع	واقعیت|واقعی|واقع	واقعیت|واقعی + ت|واقع + ی + ت	N1|A0 + N|N1 + Y + N
3	که	که|که|که|که	که|که|که|که	که|که|که|که	N1|C0|NA|N1
4	نحوه‌ی	نحوه‌|نحوه‌|نحوه|نحوه|نحو	نحوه‌|نحوه‌|نحوه|نحوه|نحو	نحوه‌ + ی|نحوه‌ + ی|نحوه + ‌ی|نحوه + ‌ی|نحو + ه‌ + ی	N1 + Y||N1 + V|N9 + Y|N1 + Y||N1 + V|N9 + Y|N1 + O + Y
5	عملکرد	عملکرد	عملکرد	عملکرد	N1
6	مغز	مغز	مغز	مغز	N1
7	و	و|و|و	و|و|و	و|و|و	Al|C0|Ab
8	شیوه‌ی	شیوه‌|شیوه|شیو	شیوه‌|شیوه|شیو	شیوه‌ + ی|شیوه + ‌ی|شیو + ه‌ + ی	N1 + Y||N1 + V|N1 + Y||N1 + V|V1 + O + N
9	دریافت	دریافت|دریافت|یافت	دریافت|دریافت|یافت	دریافت|دریافت|در + یافت	N1|V2|VPr + V2
10	اطلاعات	اطلاعات|اطلاع	اطلاعات|اطلاع	اطلاعات|اطلاع + ات	N1|N1 + Pl
11	از	از	از	از	Pr
12	محیط	محیط	محیط	محیط	A0
13	پیرامون	پیرامون|پیرامون|پیرا	پیرامون|پیرامون|پیرا	پیرامون|پیرامون|پیرا + م + ون	N1|N9|N4 + N + Pl
14	و	و|و|و	و|و|و	و|و|و	Al|C0|Ab
15	پردازش	پردازش|پرداز|پرداز	پردازش|پرداز|پردازش	پردازش|پرداز + ش|پرداز + ش	N1|N1 + N|V1 + O
16	آن	آن|آن	آن|آن	آن|آن	A1|N6
17	اطلاعات	اطلاعات|اطلاع	اطلاعات|اطلاع	اطلاعات|اطلاع + ات	N1|N1 + Pl
18	(	(	(	(	Si
19	اندیشیدن	اندیشید	اندیشید	اندیشید + ن	V2 + Neg
20	)	)	)	)	Si
21	،	.	.	.	Si
22	شیوه‌ای‌	شیوه‌ای‌|شیو	شیوه‌ای‌|شیو	شیوه‌ای‌|شیو + ه‌ + ا + ی‌	A0|V1 + O + O + N
23	شی‌گراست	شی‌گراست|شی‌گراس	شی‌گراست|شی‌گراس	شی‌گراست|شی‌گراس + ت	N1|N1 + N
24	،	.	.	.	Si

0	از	از	از	از	Pr
1	همین	همین|همین|هم|هم|ین	همین|همین|هم|هم|ین	همین|همین|هم + ین|هم + ین|هم + ین	A1|N6|Ad + O|N8 + O|O + N1
2	روی	روی|روی|رو|رو|رو|رو	روی|روی|رو|رو|رو|رو	روی|روی|رو + ی|رو + ی|رو + ی|رو + ی	N1|N1|V1 + N|N1 + Y||N1 + V|N9 + Y|V1 + N
3	می‌بایستی	ایست	ایست	می + ‌ب + ایست + ی	VPr + VPr + V1 + N
4	زبانی	زبانی|زبان|بانی|ان|نی|نی	زبانی|زبان|بانی|ان|نی|نی	زبانی|زبان + ی|ز + بانی|ز + ب + ان + ی|ز + با + نی|ز + با + نی	A0|N1 + Y||N1 + V|O + N1|O + O + N1 + Y|O + O + N1|O + O + Ad
5	تعریف	تعریف	تعریف	تعریف	N1
6	می‌شد	‌شد|شد	‌شد|شد	می + ‌شد|می‌ + شد	VPr + V3|VPr + V3

0	که	که|که|که|که	که|که|که|که	که|که|که|که	N1|C0|NA|N1
1	همین	همین|همین|هم|هم|ین	همین|همین|هم|هم|ین	همین|همین|هم + ین|هم + ین|هم + ین	A1|N6|Ad + O|N8 + O|O + N1
2	شیوه	شیوه|شیو	شیوه|شیو	شیوه|شیو + ه	N1|V1 + O
3	را	را	را	را	Po
4	مبنای	مبنا|مبنا	مبنا|مبنا	مبنا + ی|مبنا + ی	N1 + Y||N1 + V|N9 + Y
5	کار	کار|کار	کار|کار	کار|کار	N1|V1
6	خود	خود|خود	خود|خود	خود|خود	N8|N1
7	قرار	قرار|قرار	قرار|قرار	قرار|قرار	N1|N9
8	داده	داده|داد|داد	داده|داد|داد	داده|داد + ه|داد + ه	N1|N1 + O|V2 + O
9	و	و|و|و	و|و|و	و|و|و	Al|C0|Ab
10	بازتولید	تولید	تولید	باز + تولید	O + N1
11	می‌کرد	‌کرد|کرد	‌کرد|کرد	می + ‌کرد|می‌ + کرد	VPr + V2|VPr + V2
12	؛	؛	؛	؛	Si

0	و	و|و|و	و|و|و	و|و|و	Al|C0|Ab
1	دقیقاً	دقیقاً	دقیقاً	دقیقاً	Ad
2	به	به|به	به|به	به|به	Pr|N1
3	همان	همان|همان|هم|هم|ان	همان|همان|هم|هم|ان	همان|همان|هم + ان|هم + ان|هم + ان	A1|N6|Ad + Pl|N8 + Pl|O + N1
4	شکل	شکل	شکل	شکل	N1
5	که	که|که|که|که	که|که|که|که	که|که|که|که	N1|C0|NA|N1
6	اشیا	اشیا	اشیا	اشیا	N1
7	در	در|در|در|در|در	در|در|در|در|در	در|در|در|در|در	N1|Pr|V1|VPr|N1
8	جهان	جهان|جهان|جه|جه	جهان|جهان|جه|جهان	جهان|جهان|جه + ان|جه + ان	N1|V1|N1 + Pl|V1 + O
9	خارج	خارج	خارج	خارج	Ad
10	،	.	.	.	Si
11	دارای	دارا|دار	دارا|دارا	دارا + ی|دار + ا + ی	A0 + Y|V1 + O + N
12	هویت	هویت|هوی|هو	هویت|هوی|هو	هویت|هوی + ت|هو + ی + ت	N1|N1 + N|N1 + Y + N
13	و	و|و|و	و|و|و	و|و|و	Al|C0|Ab
14	کارکرد	کارکرد	کارکرد	کارکرد	N1
15	مشخص	مشخص	مشخص	مشخص	A0
16	و	و|و|و	و|و|و	و|و|و	Al|C0|Ab
17	یگانه	یگانه|یگان|یه	یگانه|یگان|یه	یگانه|یگان + ه|یه + گانه	A0|N1 + O|N1 + O
18	برای	برای|برا|بر|بر	برای|برا|برا|برا	برای|برا + ی|بر + ا + ی|بر + ا + ی	Pr|A0 + Y|V1 + O + N|V1 + O + N
19	خود	خود|خود	خود|خود	خود|خود	N8|N1
20	هستند	هست|هست	هست|هست	هست + ند|هست + ند	N1 + V|V3 + N

0	و	و|و|و	و|و|و	و|و|و	Al|C0|Ab
1	درعین‌حال	درعین‌حال	درعین‌حال	درعین‌حال	C1
2	با	با	با	با	Pr
3	دیگر	دیگر|دیگر|دی	دیگر|دیگر|دی	دیگر|دیگر|دی + گر	A2|N1|N1 + O
4	اشیا	اشیا	اشیا	اشیا	N1
5	در	در|در|در|در|در	در|در|در|در|در	در|در|در|در|در	N1|Pr|V1|VPr|N1
6	ارتباطی	ارتباطی|ارتباط	ارتباطی|ارتباط	ارتباطی|ارتباط + ی	A0|N1 + Y||N1 + V
7	تنگاتنگ	تنگاتنگ	تنگاتنگ	تنگاتنگ	A0
8	و	و|و|و	و|و|و	و|و|و	Al|C0|Ab
9	مستقیم‌اند	مستقیم‌اند|مستقیم‌ا	مستقیم‌اند|مستقیم‌ا	مستقیم‌اند|مستقیم‌ا + ند	N1|N1 + V
10	،	.	.	.	Si

0	در	در|در|در|در|در	در|در|در|در|در	در|در|در|در|در	N1|Pr|V1|VPr|N1
1	زبان‌های	زبان‌|زبان|ان‌|ان	زبان‌|زبان|ان‌|ان	زبان‌ + ها + ی|زبان + ‌ها + ی|ز + ب + ان‌ + ها + ی|ز + ب + ان + ‌ها + ی	N1 + Pl + Y|N1 + Pl + Y|O + O + N1 + Pl + Y|O + O + N1 + Pl + Y
2	برنامه‌نویسی	برنامه‌نویسی|برنامه‌نویس	برنامه‌نویسی|برنامه‌نویس	برنامه‌نویسی|برنامه‌نویس + ی	N1|N1 + Y||N1 + V
3	نیز	نیز	نیز	نیز	N1
4	می‌بایستی	ایست	ایست	می + ‌ب + ایست + ی	VPr + VPr + V1 + N
5	این	این|این	این|این	این|این	A1|N6
6	اصول	اص	اصو	اصول|N	N1|N
7	کلی	کلی|کل|کل|کل|کل|کل	کلی|کل|کل|کل|کل|کل	کلی|کل + ی|کل + ی|کل + ی|کل + ی|کل + ی	A0|N1 + Y||N1 + V|N1 + Y||N1 + V|A0 + Y|A0 + Y|N1 + Y||N1 + V
8	برقرار	برقرار	برقرار	برقرار	A0
9	می‌شد	‌شد|شد	‌شد|شد	می + ‌شد|می‌ + شد	VPr + V3|VPr + V3
10	.	.	.	.	Si

0	تا	تا|تا|تا|تا	تا|تا|تا|تا	تا|تا|تا|تا	Ab|C0|Pr|V1
1	به	به|به	به|به	به|به	Pr|N1
2	این	این|این	این|این	این|این	A1|N6
3	شکل	شکل	شکل	شکل	N1
4	،	.	.	.	Si
5	برنامه‌نویس	برنامه‌نویس	برنامه‌نویس	برنامه‌نویس	N1
6	بتواند	بتوان	بتوان	بتوان + د	V1 + N

0	با	با	با	با	Pr
1	بهره‌گیری	بهره‌|بهره|بهر|بهر|هره‌|هره|هر	بهره‌گیر|بهرهگیر|بهرگیر|بهرگیر|هره‌گیر|هرهگیر|هرگیر	بهره‌ + گیر + ی|بهره + ‌گیر + ی|بهر + ه‌ + گیر + ی|بهر + ه‌ + گیر + ی|ب + هره‌ + گیر + ی|ب + هره + ‌گیر + ی|ب + هر + ه‌ + گیر + ی	N1 + O + Y|N1 + O + Y|N1 + O + O + Y|N9 + O + O + Y|O + N1 + O + Y|O + N1 + O + Y|O + A1 + O + O + Y
2	از	از	از	از	Pr
3	زبانی	زبانی|زبان|بانی|ان|نی|نی	زبانی|زبان|بانی|ان|نی|نی	زبانی|زبان + ی|ز + بانی|ز + ب + ان + ی|ز + با + نی|ز + با + نی	A0|N1 + Y||N1 + V|O + N1|O + O + N1 + Y|O + O + N1|O + O + Ad
4	که	که|که|که|که	که|که|که|که	که|که|که|که	N1|C0|NA|N1
5	به	به|به	به|به	به|به	Pr|N1
6	روش	روش|رو|رو|رو|رو	روش|روش|رو|رو|روش	روش|رو + ش|رو + ش|رو + ش|رو + ش	N1|V1 + O|N1 + N|N9 + N|V1 + O
7	اندیشیدنش	اندیشیدنش|اندیشیدن	اندیشیدنش|اندیشیدن	اندیشیدنش|اندیشیدن + ش	N1|N1 + N
8	،	.	.	.	Si
9	نزدیکی	نزدیکی|نزدیک|نزدیک|نزد	نزدیکی|نزدیک|نزدیک|نزد	نزدیکی|نزدیک + ی|نزدیک + ی|نزد + یک + ی	N1|A0 + Y|N9 + Y|N9 + O + Y
10	بیشتری	بیشتر|بیش|شتری|شتر|تری|تر	بیشتر|بیشتر|شتریتر|شترتر|تریتر|ترتر	بیشتر + ی|بیش + تر + ی|بی + شتری|بی + شتر + ی|بیش + تری|بیش + تر + ی	A0 + Y|A0 + O + Y|O + N1|O + N1 + Y|O + N1|O + A0 + Y
11	دارد	دار	دار	دار + د	V1 + N
12	،	.	.	.	Si

0	شی‌های	شی‌های|شی‌ها|شی‌|شی|ش	شی‌های|شی‌ها|شی‌|شی|ش	شی‌های|شی‌ها + ی|شی‌ + ها + ی|شی + ‌ها + ی|ش + ی‌ + ها + ی	N1|N1 + Y||N1 + V|N1 + Pl + Y|N1 + Pl + Y|N1 + Y + Pl + Y
1	مختلفی	مختلف	مختلف	مختلف + ی	A0 + Y
2	را	را	را	را	Po
3	تعریف	تعریف	تعریف	تعریف	N1
4	نموده	نموده|نمود|نمود|مو	نموده|نمود|نمود|مو	نموده|نمود + ه|نمود + ه|ن + مو + د + ه	A0|N1 + O|V2 + O|Neg + V1 + N + O
5	،	.	.	.	Si

0	این	این|این	این|این	این|این	A1|N6
1	شی‌ها	شی‌ها|شی‌|شی|ش	شی‌ها|شی‌|شی|ش	شی‌ها|شی‌ + ها|شی + ‌ها|ش + ی‌ + ها	N1|N1 + Pl|N1 + Pl|N1 + Y + Pl
2	را	را	را	را	Po
3	در	در|در|در|در|در	در|در|در|در|در	در|در|در|در|در	N1|Pr|V1|VPr|N1
4	ارتباط	ارتباط	ارتباط	ارتباط	N1
5	با	با	با	با	Pr
6	یکدیگر	یکدیگر	یکدیگر	یکدیگر	N8
7	قرار	قرار|قرار	قرار|قرار	قرار|قرار	N1|N9
8	داده	داده|داد|داد	داده|داد|داد	داده|داد + ه|داد + ه	N1|N1 + O|V2 + O

0	و	و|و|و	و|و|و	و|و|و	Al|C0|Ab
1	از	از	از	از	Pr
2	شی‌های	شی‌های|شی‌ها|شی‌|شی|ش	شی‌های|شی‌ها|شی‌|شی|ش	شی‌های|شی‌ها + ی|شی‌ + ها + ی|شی + ‌ها + ی|ش + ی‌ + ها + ی	N1|N1 + Y||N1 + V|N1 + Pl + Y|N1 + Pl + Y|N1 + Y + Pl + Y
3	پویای	پویا|پو	پویا|پو	پویا + ی|پو + ی + ا + ی	A0 + Y|V1 + N + O + N
4	تولیدشده	تولیدشده|تولیدشد	تولیدشده|تولیدشد	تولیدشده|تولیدشد + ه	N1|N1 + O
5	برای	برای|برا|بر|بر	برای|برا|برا|برا	برای|برا + ی|بر + ا + ی|بر + ا + ی	Pr|A0 + Y|V1 + O + N|V1 + O + N
6	حل	حل	حل	حل	N1
7	مسئله‌ی	مسئله‌|مسئله	مسئله‌|مسئله	مسئله‌ + ی|مسئله + ‌ی	N1 + Y||N1 + V|N1 + Y||N1 + V
8	پیشروی	پیشروی|پیشرو|روی|روی|رو|رو	پیشروی|پیشرو|روی|روی|رو|رو	پیشروی|پیشرو + ی|پیش + روی|پیش + روی|پیش + رو + ی|پیش + رو + ی	N1|A0 + Y|O + N1|O + N1|O + N1 + Y|O + N9 + Y
9	استفاده	استفاده	استفاده	استفاده	N1
10	نماید	نما|نما|نما|نما|نما	نما|نما|نما|نما|نما	نما + ید|نما + ید|نما + ید|نما + ید|نما + ید	N1 + V|V1 + N|N1 + V|V1 + N|V1 + N
11	.	.	.	.	Si

0	امروزه	امروزه|امروز	امروزه|امروز	امروزه|امروز + ه	Ad|N1 + O
1	اکثر	اکثر	اکثر	اکثر	A0
2	زبان‌های	زبان‌|زبان|ان‌|ان	زبان‌|زبان|ان‌|ان	زبان‌ + ها + ی|زبان + ‌ها + ی|ز + ب + ان‌ + ها + ی|ز + ب + ان + ‌ها + ی	N1 + Pl + Y|N1 + Pl + Y|O + O + N1 + Pl + Y|O + O + N1 + Pl + Y
3	دستوری	دستوری|دستور|دست|دست	دستوری|دستور|دست|دست	دستوری|دستور + ی|دست + ور + ی|دست + ور + ی	A0|N1 + Y||N1 + V|N1 + O + Y|N9 + O + Y
4	برنامه‌نویسی	برنامه‌نویسی|برنامه‌نویس	برنامه‌نویسی|برنامه‌نویس	برنامه‌نویسی|برنامه‌نویس + ی	N1|N1 + Y||N1 + V
5	از	از	از	از	Pr
6	فنون	ف	فنو	فنون|فن + ون|فن + ون|N	N1|N1 + Pl|N1 + Pl|N
7	شی‌گرایی	شی‌گرایی|شی‌گرای|شی‌گرا	شی‌گرایی|شی‌گرای|شی‌گرا	شی‌گرایی|شی‌گرای + ی|شی‌گرا + ی + ی	N1|N1 + Y||N1 + V|N1 + Y + Y
8	پشتیبانی	پشتیبانی|پشتیبان|پشتی|پشت|پش	پشتیبانی|پشتیبان|پشتیبان|پشتبان|پشبان	پشتیبانی|پشتیبان + ی|پشتی + بان + ی|پشت + ی + بان + ی|پش + ت + ی + بان + ی	N1|N1 + Y||N1 + V|N1 + O + Y|N1 + Y + O + Y|N1 + N + Y + O + Y
9	می‌کنند	‌کن|‌کن|کن|کن	‌کن|‌کن|کن|کن	می + ‌کن + ند|می + ‌کن + ند|می‌ + کن + ند|می‌ + کن + ند	VPr + V1 + N|VPr + V1 + N|VPr + V1 + N|VPr + V1 + N
10	.	.	.	.	Si

0	زبان‌هایی	زبان‌|زبان|ان‌|ان	زبان‌|زبان|ان‌|ان	زبان‌ + ها + ی + ی|زبان + ‌ها + ی + ی|ز + ب + ان‌ + ها + ی + ی|ز + ب + ان + ‌ها + ی + ی	N1 + Pl + Y + Y|N1 + Pl + Y + Y|O + O + N1 + Pl + Y + Y|O + O + N1 + Pl + Y + Y
1	مانند	مانند|مانند|مان|مان	مانند|مانند|مان|مان	مانند|مانند|مان + ند|مان + ند	N1|N9|N1 + V|V1 + N
2	جاوا	جاوا	جاوا	جاوا	N1
3	،	.	.	.	Si
4	سی++	سی|سی	سی|سی	سی|سی	Ab|Nu
5	،	.	.	.	Si
6	سی‌شارپ	سی‌شارپ	سی‌شارپ	سی‌شارپ	N1
7	،	.	.	.	Si
8	دلفی	دلفی|دلف	دلفی|دلف	دلفی|دلف + ی	N1|N1 + Y||N1 + V
9	ازجمله	ازجمله|ازجمل	ازجمله|ازجمل	ازجمله|ازجمل + ه	N1|N1 + O
10	زبان‌های	زبان‌|زبان|ان‌|ان	زبان‌|زبان|ان‌|ان	زبان‌ + ها + ی|زبان + ‌ها + ی|ز + ب + ان‌ + ها + ی|ز + ب + ان + ‌ها + ی	N1 + Pl + Y|N1 + Pl + Y|O + O + N1 + Pl + Y|O + O + N1 + Pl + Y
11	شی‌گرا	شی‌گرا	شی‌گرا	شی‌گرا	N1
12	هستند	هست|هست	هست|هست	هست + ند|هست + ند	N1 + V|V3 + N
13	.	.	.	.	Si

0	حتی	حتی	حتی	حتی	Ad
1	بسیاری	بسیاری|بسیار|بسیار|سیار|یاری|یار	بسیاری|بسیار|بسیار|سیار|یاری|یار	بسیاری|بسیار + ی|بسیار + ی|ب + سیار + ی|بس + یاری|بس + یار + ی	A2|A0 + Y|Ad + Y|O + A0 + Y|O + N1|O + N1 + Y
2	از	از	از	از	Pr
3	زبان‌های	زبان‌|زبان|ان‌|ان	زبان‌|زبان|ان‌|ان	زبان‌ + ها + ی|زبان + ‌ها + ی|ز + ب + ان‌ + ها + ی|ز + ب + ان + ‌ها + ی	N1 + Pl + Y|N1 + Pl + Y|O + O + N1 + Pl + Y|O + O + N1 + Pl + Y
4	روال	روال|رو|رو	روال|روال|روال	روال|رو + ال|رو + ال	N1|N1 + O|N9 + O
5	گونه	گونه|گون	گونه|گون	گونه|گون + ه	N1|N1 + O
6	که	که|که|که|که	که|که|که|که	که|که|که|که	N1|C0|NA|N1
7	ساختار	ساختار|ساخت	ساختار|ساختار	ساختار|ساخت + ار	N1|V2 + O
8	برنامه‌ها	برنامه‌|برنامه|برنا|بر|بر	برنامه‌|برنامه|برنا|بر|برنا	برنامه‌ + ها|برنامه + ‌ها|برنا + م + ه‌ + ها|بر + نا + م + ه‌ + ها|بر + نا + م + ه‌ + ها	N1 + Pl|N1 + Pl|N1 + N + O + Pl|VPr + O + N + O + Pl|N1 + O + N + O + Pl
9	در	در|در|در|در|در	در|در|در|در|در	در|در|در|در|در	N1|Pr|V1|VPr|N1
10	آن‌ها	آن‌|آن‌|آن|آن	آن‌|آن‌|آن|آن	آن‌ + ها|آن‌ + ها|آن + ‌ها|آن + ‌ها	A1 + Pl|N6 + Pl|A1 + Pl|N6 + Pl
11	بلوک‌هایی	بلوک‌|بلوک|لوک‌|لوک|لو	بلوک‌|بلوک|لوک‌|لوک|لو	بلوک‌ + ها + ی + ی|بلوک + ‌ها + ی + ی|ب + لوک‌ + ها + ی + ی|ب + لوک + ‌ها + ی + ی|ب + لو + ک‌ + ها + ی + ی	N1 + Pl + Y + Y|N1 + Pl + Y + Y|O + N1 + Pl + Y + Y|O + N1 + Pl + Y + Y|O + N1 + O + Pl + Y + Y
12	با	با	با	با	Pr
12	نام	نام|نام|نا	نام|نام|نا	نام|نام|نا + م	N1|V1|N1 + N||N1 + V
13	پروسیجر	پروسیجر	پروسیجر	پروسیجر	N1
14	است	است|اس	است|اس	است|اس + ت	V3|N1 + N

0	امروزه	امروزه|امروز	امروزه|امروز	امروزه|امروز + ه	Ad|N1 + O
1	از	از	از	از	Pr
2	فنون	ف	فنو	فنون|فن + ون|فن + ون|N	N1|N1 + Pl|N1 + Pl|N
3	شی‌گرایی	شی‌گرایی|شی‌گرای|شی‌گرا	شی‌گرایی|شی‌گرای|شی‌گرا	شی‌گرایی|شی‌گرای + ی|شی‌گرا + ی + ی	N1|N1 + Y||N1 + V|N1 + Y + Y
4	نیز	نیز	نیز	نیز	N1
5	پشتبانی	پشت|پش	پشتبان|پشبان	پشت + بان + ی|پش + ت + بان + ی	N1 + O + Y|N1 + N + O + Y
6	می‌کنند	‌کن|‌کن|کن|کن	‌کن|‌کن|کن|کن	می + ‌کن + ند|می + ‌کن + ند|می‌ + کن + ند|می‌ + کن + ند	VPr + V1 + N|VPr + V1 + N|VPr + V1 + N|VPr + V1 + N
7	.	.	.	.	Si

0	زبان‌های	زبان‌|زبان|ان‌|ان	زبان‌|زبان|ان‌|ان	زبان‌ + ها + ی|زبان + ‌ها + ی|ز + ب + ان‌ + ها + ی|ز + ب + ان + ‌ها + ی	N1 + Pl + Y|N1 + Pl + Y|O + O + N1 + Pl + Y|O + O + N1 + Pl + Y
1	سی++	سی|سی	سی|سی	سی|سی	Ab|Nu
2	و	و|و|و	و|و|و	و|و|و	Al|C0|Ab
3	‌پی‌اچ‌پی	‌پی‌اچ‌پی|‌پی‌اچ‌پ	‌پی‌اچ‌پی|‌پی‌اچ‌پ	‌پی‌اچ‌پی|‌پی‌اچ‌پ + ی	N1|N1 + Y||N1 + V
4	از	از	از	از	Pr
5	این	این|این	این|این	این|این	A1|N6
6	جمله	جمله|جمل	جمله|جمل	جمله|جمل + ه	N1|N1 + O
7	هستند	هست|هست	هست|هست	هست + ند|هست + ند	N1 + V|V3 + N
8	.	.	.	.	Si

0	هر	هر	هر	هر	A1
1	شی‌ء	شی‌ء	شی‌ء	شی‌ء	N1
2	یک	یک	یک	یک	Nu
3	سری	سری|سری|سر|سر|سر|سر|سر	سری|سری|سر|سر|سر|سر|سر	سری|سری|سر + ی|سر + ی|سر + ی|سر + ی|سر + ی	N1|A0|N1 + Y||N1 + V|N9 + Y|N1 + Y||N1 + V|N1 + Y||N1 + V|V1 + N
4	خصوصیت	خصوصیت|خصوصی|خصوص|خصوص	خصوصیت|خصوصی|خصوص|خصوص	خصوصیت|خصوصی + ت|خصوص + ی + ت|خصوص + ی + ت	N1|A0 + N|N1 + Y + N|N9 + Y + N
5	و	و|و|و	و|و|و	و|و|و	Al|C0|Ab
6	قابلیت	قابلیت|قابل	قابلیت|قابل	قابلیت|قابل + ی + ت	N1|A0 + Y + N
7	دارد	دار	دار	دار + د	V1 + N
8	،	.	.	.	Si

0	که	که|که|که|که	که|که|که|که	که|که|که|که	N1|C0|NA|N1
1	اصطلاحاً	اصطلاحاً	اصطلاحاً	اصطلاحاً	Ad
2	Properties	Properties	Properties	Properties	N1
3	و	و|و|و	و|و|و	و|و|و	Al|C0|Ab
4	Operation	Operation	Operation	Operation	N1
5	خوانده می‌شوند	خوانده	خوانده	خوانده + م + ی‌ + ش + وند	N1 + N + Y + N + O
6	.	.	.	.	Si

0	در	در|در|در|در|در	در|در|در|در|در	در|در|در|در|در	N1|Pr|V1|VPr|N1
1	این	این|این	این|این	این|این	A1|N6
2	پارادایم	پارادایم|دایم	پارادایم|دایم	پارادایم|پارا + دایم	N1|O + A0
3	برنامه‌نویسی	برنامه‌نویسی|برنامه‌نویس	برنامه‌نویسی|برنامه‌نویس	برنامه‌نویسی|برنامه‌نویس + ی	N1|N1 + Y||N1 + V
4	،	.	.	.	Si
5	دید	دید|دید	دید|دید	دید|دید	N1|V2
6	برنامه‌نویس	برنامه‌نویس	برنامه‌نویس	برنامه‌نویس	N1
7	به	به|به	به|به	به|به	Pr|N1
8	سیستم	سیستم	سیستم	سیستم	N1
9	دید	دید|دید	دید|دید	دید|دید	N1|V2
10	شخصی	شخصی|شخص	شخصی|شخص	شخصی|شخص + ی	A0|N1 + Y||N1 + V
11	است	است|اس	است|اس	است|اس + ت	V3|N1 + N

0	که	که|که|که|که	که|که|که|که	که|که|که|که	N1|C0|NA|N1
1	سعی	سعی	سعی	سعی	A0
2	می‌نماید	‌نما|‌نما|‌نما|نما|نما|نما	‌نما|‌نما|‌نما|نما|نما|نما	می + ‌نما + ید|می + ‌نما + ید|می + ‌نما + ید|می‌ + نما + ید|می‌ + نما + ید|می‌ + نما + ید	VPr + V1 + N|VPr + V1 + N|VPr + V1 + N|VPr + V1 + N|VPr + V1 + N|VPr + V1 + N

0	با	با	با	با	Pr
1	پیدا	پیدا	پیدا	پیدا	A0
2	کردن	کرد	کرد	کرد + ن	V2 + Neg
3	اشیاء	اشیاء	اشیاء	اشیاء	N1
4	مختلف	مختلف	مختلف	مختلف	A0
5	در	در|در|در|در|در	در|در|در|در|در	در|در|در|در|در	N1|Pr|V1|VPr|N1
6	سیستم	سیستم	سیستم	سیستم	N1
7	و	و|و|و	و|و|و	و|و|و	Al|C0|Ab
8	برقراری	برقراری|برقرار	برقراری|برقرار	برقراری|برقرار + ی	N1|A0 + Y
9	ارتباط	ارتباط	ارتباط	ارتباط	N1
10	بین	بین|بین|بین|ین	بین|بین|بین|ین	بین|بین|بین|ب + ین	A0|N9|V1|O + N1
11	آن‌ها	آن‌|آن‌|آن|آن	آن‌|آن‌|آن|آن	آن‌ + ها|آن‌ + ها|آن + ‌ها|آن + ‌ها	A1 + Pl|N6 + Pl|A1 + Pl|N6 + Pl

0	سیستم	سیستم	سیستم	سیستم	N1
1	را	را	را	را	Po
2	تولید	تولید	تولید	تولید	N1
3	نماید	نما|نما|نما|نما|نما	نما|نما|نما|نما|نما	نما + ید|نما + ید|نما + ید|نما + ید|نما + ید	N1 + V|V1 + N|N1 + V|V1 + N|V1 + N
4	.	.	.	.	Si

0	ردیت	ردی|رد	ردی|رد	ردی + ت|رد + ی + ت	N1 + N|A0 + Y + N
1	یک	یک	یک	یک	Nu
2	وب‌گاه	وب‌گاه|وب‌گا|وب‌|وب	وب‌گاه|وب‌گا|وب‌|وب	وب‌گاه|وب‌گا + ه|وب‌ + گاه|وب + ‌گاه	N1|N1 + O|N1 + O|N1 + O
3	برای	برای|برا|بر|بر	برای|برا|برا|برا	برای|برا + ی|بر + ا + ی|بر + ا + ی	Pr|A0 + Y|V1 + O + N|V1 + O + N
4	جمع‌آوری	جمع‌آوری|جمع‌|جمع	جمع‌آوری|جمع‌|جمع	جمع‌آوری|جمع‌ + آور + ی|جمع + ‌آور + ی	N1|A0 + O + Y|A0 + O + Y
5	اخبار	خب	اخبا	اخبار|اخ + بار|اخ + بار|اخ + بار|N	N1|A0 + O|N1 + O|N1 + O|N
6	اجتماعی	اجتماعی|اجتماع	اجتماعی|اجتماع	اجتماعی|اجتماع + ی	A0|N1 + Y||N1 + V
7	که	که|که|که|که	که|که|که|که	که|که|که|که	N1|C0|NA|N1
8	در	در|در|در|در|در	در|در|در|در|در	در|در|در|در|در	N1|Pr|V1|VPr|N1
9	آن	آن|آن	آن|آن	آن|آن	A1|N6
10	کاربران	کاربر|کاربر	کاربر|کاربر	کاربر + ان|کاربر + ان	A0 + Pl|A0 + Pl
11	ثبت‌نام‌کرده	ثبت‌نام‌کرده	ثبت‌نام‌کرده	ثبت‌نام‌کرده	A0
12	قادرند	قادر	قادر	قادر + ند	A0 + V

0	اخبار	خب	اخبا	اخبار|اخ + بار|اخ + بار|اخ + بار|N	N1|A0 + O|N1 + O|N1 + O|N
1	را	را	را	را	Po
2	در	در|در|در|در|در	در|در|در|در|در	در|در|در|در|در	N1|Pr|V1|VPr|N1
3	قالب	قالب	قالب	قالب	N1
4	لینک	لین	لین	لین + ک	N1 + O
5	یا	یا|یا	یا|یا	یا|یا	C0|Intj
6	متن	متن|تن	متن|تن	متن|م + تن	N1|Neg + V1
7	ارسال	ارسال|ارس	ارسال|ارس	ارسال|ارس + ال	N1|N2 + O
8	کنند	کن|کن|کن	کن|کن|کن	کن + ند|کن + ند|کن + ند	N2 + V|V1 + N|V1 + N

0	و	و|و|و	و|و|و	و|و|و	Al|C0|Ab
1	آن	آن|آن	آن|آن	آن|آن	A1|N6
2	را	را	را	را	Po
3	با	با	با	با	Pr
4	دیگران	دیگر|دیگر|دی	دیگر|دیگر|دی	دیگر + ان|دیگر + ان|دی + گر + ان	A2 + Pl|N1 + Pl|N1 + O + Pl
5	به	به|به	به|به	به|به	Pr|N1
6	اشتراک	اشتراک	اشتراک	اشتراک	N1
7	بگذارند	گذار|گذار	گذار|گذار	ب + گذار + ند|ب + گذار + ند	O + N1 + V|VPr + V6 + N
8	.	.	.	.	Si

0	کاربران	کاربر|کاربر	کاربر|کاربر	کاربر + ان|کاربر + ان	A0 + Pl|A0 + Pl
1	می‌توانند	می‌توانند|می‌توان|می‌تو	می‌توانند|می‌توان|می‌تو	می‌توانند|می‌توان + ند|می‌تو + ان + ند	N1|N1 + V|N1 + Pl + V

0	به	به|به	به|به	به|به	Pr|N1
1	پست	پست|پست|پس|پس	پست|پست|پس|پس	پست|پست|پس + ت|پس + ت	A0|N1|Ad + N|N9 + N
2	یا	یا|یا	یا|یا	یا|یا	C0|Intj
3	گزارش‌های	گزارش‌|گزارش‌|گزارش|گزارش|گزار	گزارش‌|گزارش‌|گزارش|گزارش|گزارش	گزارش‌ + ها + ی|گزارش‌ + ها + ی|گزارش + ‌ها + ی|گزارش + ‌ها + ی|گزار + ش‌ + ها + ی	N1 + Pl + Y|N9 + Pl + Y|N1 + Pl + Y|N9 + Pl + Y|V1 + O + Pl + N
4	نوشته شده	نوشت	نوشت	نوشت + ه + شد + ه	V2 + O + V + O
5	رأی	رای|را	رای|را	رای|را + ی	N1|N1 + Y||N1 + V
6	دهند	ده|ده|ده	ده|ده|ده	ده + ند|ده + ند|ده + ند	Nu + V|V1 + N|N1 + V

0	و	و|و|و	و|و|و	و|و|و	Al|C0|Ab
1	جایگاه	جایگاه|جای|جا	جایگاه|جایگاه|جاگاه	جایگاه|جای + گاه|جا + ی + گاه	N1|N1 + O|N1 + Y + O
2	آن	آن|آن	آن|آن	آن|آن	A1|N6
3	خبر	خبر	خبر	خبر	N1
4	را	را	را	را	Po
5	در	در|در|در|در|در	در|در|در|در|در	در|در|در|در|در	N1|Pr|V1|VPr|N1
6	صفحات	صفحات	صفحات	صفحات	N1
7	ردیت	ردی|رد	ردی|رد	ردی + ت|رد + ی + ت	N1 + N|A0 + Y + N
8	و	و|و|و	و|و|و	و|و|و	Al|C0|Ab
9	صفحه‌ی	صفحه‌|صفحه	صفحه‌|صفحه	صفحه‌ + ی|صفحه + ‌ی	N1 + Y||N1 + V|N1 + Y||N1 + V
10	اصلی	اصلی|اصل	اصلی|اصل	اصلی|اصل + ی	A0|A0 + Y
11	مشخص	مشخص	مشخص	مشخص	A0
12	کنند	کن|کن|کن	کن|کن|کن	کن + ند|کن + ند|کن + ند	N2 + V|V1 + N|V1 + N
13	.	.	.	.	Si

0	درواقع	درواقع|واقع	درواقع|واقع	درواقع|در + واقع	Ad|O + N1
1	کاربران	کاربر|کاربر	کاربر|کاربر	کاربر + ان|کاربر + ان	A0 + Pl|A0 + Pl
2	هستند	هست|هست	هست|هست	هست + ند|هست + ند	N1 + V|V3 + N

0	که	که|که|که|که	که|که|که|که	که|که|که|که	N1|C0|NA|N1
1	در	در|در|در|در|در	در|در|در|در|در	در|در|در|در|در	N1|Pr|V1|VPr|N1
2	ردیت	ردی|رد	ردی|رد	ردی + ت|رد + ی + ت	N1 + N|A0 + Y + N
3	اهمیت	اهمیت|اهم|اه	اهمیت|اهم|اه	اهمیت|اهم + ی + ت|اه + م + ی + ت	N1|A0 + Y + N|N1 + N + Y + N
4	خبر	خبر	خبر	خبر	N1
5	را	را	را	را	Po
6	تعیین	تعیین	تعیین	تعیین	N1
7	می‌کنند	‌کن|‌کن|کن|کن	‌کن|‌کن|کن|کن	می + ‌کن + ند|می + ‌کن + ند|می‌ + کن + ند|می‌ + کن + ند	VPr + V1 + N|VPr + V1 + N|VPr + V1 + N|VPr + V1 + N
8	.	.	.	.	Si

0	این	این|این	این|این	این|این	A1|N6
1	وب‌گاه	وب‌گاه|وب‌گا|وب‌|وب	وب‌گاه|وب‌گا|وب‌|وب	وب‌گاه|وب‌گا + ه|وب‌ + گاه|وب + ‌گاه	N1|N1 + O|N1 + O|N1 + O
2	در	در|در|در|در|در	در|در|در|در|در	در|در|در|در|در	N1|Pr|V1|VPr|N1
3	سال	سال	سال	سال	N1
4	۲۰۰۵	۲۰۰۵	۲۰۰۵	۲۰۰۵	No
5	توسط	توسط|توسط	توسط|توسط	توسط|توسط	N1|N9
6	استیو	استیو	استیو	استیو	N3
7	هافمن	هافمن	هافمن	هافمن	N4
8	و	و|و|و	و|و|و	و|و|و	Al|C0|Ab
9	الکسیس	الکسیس	الکسیس	الکسیس	N1
10	اوهانیان	اوهانیان|اوهانی|اوهان	اوهانیان|اوهانی|اوهان	اوهانیان|اوهانی + ان|اوهان + ی + ان	N1|N1 + Pl|N1 + Y + Pl
11	که	که|که|که|که	که|که|که|که	که|که|که|که	N1|C0|NA|N1
12	هر	هر	هر	هر	A1
13	دو	دو|دو|دو|دو	دو|دو|دو|دو	دو|دو|دو|دو	V1|Nu|V1|N1
14	دانش‌آموخته‌ی	دانش‌آموخته‌|دانش‌آموخته	دانش‌آموخته‌|دانش‌آموخته	دانش‌آموخته‌ + ی|دانش‌آموخته + ‌ی	N1 + Y||N1 + V|N1 + Y||N1 + V
15	دانشگاه	دانشگاه|دانش	دانشگاه|دانشگاه	دانشگاه|دانش + گاه	N1|N1 + O
16	ویرجینیا	ویرجینیا	ویرجینیا	ویرجینیا	N2
17	هستند	هست|هست	هست|هست	هست + ند|هست + ند	N1 + V|V3 + N

0	تأسیس	تاسیس	تاسیس	تاسیس	N1
1	شد	شد	شد	شد	V3
2	.	.	.	.	Si

0	دفتر	دفتر|دف	دفتر|دف	دفتر|دف + تر	N1|N1 + O
1	مرکزی	مرکزی|مرکز	مرکزی|مرکز	مرکزی|مرکز + ی	A0|N1 + Y||N1 + V
2	ردیت	ردی|رد	ردی|رد	ردی + ت|رد + ی + ت	N1 + N|A0 + Y + N
3	در	در|در|در|در|در	در|در|در|در|در	در|در|در|در|در	N1|Pr|V1|VPr|N1
4	سان‌فرانسیسکو	سان‌فرانسیسکو	سان‌فرانسیسکو	سان‌فرانسیسکو	N2
5	،	.	.	.	Si
6	کالیفرنیا	کالیفرنیا	کالیفرنیا	کالیفرنیا	N2
7	در	در|در|در|در|در	در|در|در|در|در	در|در|در|در|در	N1|Pr|V1|VPr|N1
8	ایالات‌متحده	ایالات‌متحده	ایالات‌متحده	ایالات‌متحده	N2
9	آمریکا	آمریکا	آمریکا	آمریکا	N2
10	است	است|اس	است|اس	است|اس + ت	V3|N1 + N
11	.	.	.	.	Si

0	درخشش	درخشش|درخش|خش	درخشش|درخشش|خش	درخشش|درخش + ش|در + خش + ش	N1|V1 + O|O + N1 + N
1	یا	یا|یا	یا|یا	یا|یا	C0|Intj
2	تلألؤ	تلالؤ	تلالؤ	تلالؤ	N1
3	(	(	(	(	Si
4	به	به|به	به|به	به|به	Pr|N1
5	انگلیسی	انگلیسی|انگلیس	انگلیسی|انگلیسی	انگلیسی|انگلیس + ی	A0|N2 + Y
6	:	:	:	:	Si
7	The	The	The	The	N1
8	Shining	Shining	Shining	Shining	N1
9	)	)	)	)	Si
10	فیلمی	فیلم|فیل	فیلم|فیل	فیلم + ی|فیل + م + ی	N1 + Y||N1 + V|N1 + N + Y
11	در	در|در|در|در|در	در|در|در|در|در	در|در|در|در|در	N1|Pr|V1|VPr|N1
12	سبک	سبک|سبک|سب	سبک|سبک|سب	سبک|سبک|سب + ک	N1|A0|N1 + O
13	ترسناک	ترسناک|ترس	ترسناک|ترس	ترسناک|ترس + ناک	A0|N1 + O
14	روانشناسانه	روان|رو|رو	روانشناس|رو|رو	روان + شناس + انه|رو + ان + شناس + انه|رو + ان + شناس + انه	A0 + O + O|N1 + Pl + O + O|N9 + Pl + O + O
15	محصول	محصول	محصول	محصول	N1
16	آمریکا	آمریکا	آمریکا	آمریکا	N2
17	و	و|و|و	و|و|و	و|و|و	Al|C0|Ab
18	بریتانیا	بریتانیا|بر|بر	بریتانیا|بر|بر	بریتانیا|بر + یتان + ی + ا|بر + یتان + ی + ا	N2|V1 + N + N + O|V1 + N + N + O
19	به	به|به	به|به	به|به	Pr|N1
20	کارگردانی	کارگردانی|کارگردان|کارگر|کار	کارگردانی|کارگردان|کارگردان|کارگر	کارگردانی|کارگردان + ی|کارگر + دان + ی|کار + گرد + ان + ی	N1|N1 + Y||N1 + V|N1 + O + Y|N1 + O + Pl + Y
21	و	و|و|و	و|و|و	و|و|و	Al|C0|Ab
22	تهیه‌کنندگی	تهیه‌کنندگی	تهیه‌کنندگی	تهیه‌کنندگی	N1
23	استنلی	استنلی|استنل	استنلی|استنل	استنلی|استنل + ی	N1|N1 + Y||N1 + V
24	کوبریک	کوبریک|کوبری|کوبر	کوبریک|کوبری|کوبر	کوبریک|کوبری + ک|کوبر + یک	N1|N1 + O|N1 + O
25	است	است|اس	است|اس	است|اس + ت	V3|N1 + N

0	که	که|که|که|که	که|که|که|که	که|که|که|که	N1|C0|NA|N1
1	در	در|در|در|در|در	در|در|در|در|در	در|در|در|در|در	N1|Pr|V1|VPr|N1
2	سال	سال	سال	سال	N1
3	۱۹۸۰	۱۹۸۰	۱۹۸۰	۱۹۸۰	No
4	منتشر	منتشر	منتشر	منتشر	A0
5	شد	شد	شد	شد	V3
6	.	.	.	.	Si

0	فیلم‌نامه	فیلم‌|فیلم|فیل	فیلم‌نا|فیلمنا|فیلنا	فیلم‌ + نا + م + ه|فیلم + ‌نا + م + ه|فیل + م‌ + نا + م + ه	N1 + O + N + O|N1 + O + N + O|N1 + N + O + N + O
1	این	این|این	این|این	این|این	A1|N6
2	کار	کار|کار	کار|کار	کار|کار	N1|V1
3	را	را	را	را	Po
4	کوبریک	کوبریک|کوبری|کوبر	کوبریک|کوبری|کوبر	کوبریک|کوبری + ک|کوبر + یک	N1|N1 + O|N1 + O
5	و	و|و|و	و|و|و	و|و|و	Al|C0|Ab
6	دایان	دایان|دای|دا	دایان|دای|دا	دایان|دای + ان|دا + ی + ان	N1|N1 + Pl|N1 + Y + Pl
6	جانسون	جانسون	جانسون	جانسون	N3
7	،	.	.	.	Si
8	رمان‌نویس	رمان‌نویس	رمان‌نویس	رمان‌نویس	N1
9	زاده	زاده|زاد|زاد|زاد|زا	زاده|زاد|زاد|زاد|زا	زاده|زاد + ه|زاد + ه|زاد + ه|زا + د + ه	N1|N1 + O|V1 + O|V2 + O|V1 + N + O
10	آمریکا	آمریکا	آمریکا	آمریکا	N2
11	نوشتند	نوشت|نوش|نو	نوشت|نوش|نو	نوشت + ند|نوش + ت + ند|نو + ش + ت + ند	V2 + N|A0 + N + V|A0 + N + N + V
12	.	.	.	.	Si

0	در	در|در|در|در|در	در|در|در|در|در	در|در|در|در|در	N1|Pr|V1|VPr|N1
1	این	این|این	این|این	این|این	A1|N6
2	فیلم	فیلم|فیل	فیلم|فیل	فیلم|فیل + م	N1|N1 + N||N1 + V
3	هنرپیشگانی	هنرپیشه	هنرپیشه	هنرپیشه + گان + ی	N1 + Pl + Y
4	همچون	همچون	همچون	همچون	Pr
5	جک	جک	جک	جک	N1
6	نیکلسون	نیکلسون	نیکلسون	نیکلسون	N3
7	،	.	.	.	Si
8	شلی	شلی|شل|شل	شلی|شل|شل	شلی|شل + ی|شل + ی	N4|V1 + N|N1 + Y||N1 + V
9	دووال	دوو	دووال	دوو + ال	N1 + O
10	و	و|و|و	و|و|و	و|و|و	Al|C0|Ab
11	دنی	دنی|دن	دنی|دنی	دنی|دن + ی	N3|N2 + Y
12	لوید	لو	لو	لو + ید	N1 + V
13	به	به|به	به|به	به|به	Pr|N1
14	ایفای	ایفا	ایفا	ایفا + ی	N1 + Y||N1 + V
15	نقش	نقش|نق	نقش|نق	نقش|نق + ش	N1|N1 + N
16	پرداخته‌اند	پرداخت	پرداخت	پرداخت + ه‌ + اند	V2 + O + N
17	.	.	.	.	Si

0	درخشش	درخشش|درخش|خش	درخشش|درخشش|خش	درخشش|درخش + ش|در + خش + ش	N1|V1 + O|O + N1 + N
1	تنها	تنها|تن|تن|تن	تنها|تن|تن|تن	تنها|تن + ها|تن + ها|تن + ها	A0|N1 + Pl|V1 + Pl|N1 + Pl
2	فیلم	فیلم|فیل	فیلم|فیل	فیلم|فیل + م	N1|N1 + N||N1 + V
3	کوبریک	کوبریک|کوبری|کوبر	کوبریک|کوبری|کوبر	کوبریک|کوبری + ک|کوبر + یک	N1|N1 + O|N1 + O
4	در	در|در|در|در|در	در|در|در|در|در	در|در|در|در|در	N1|Pr|V1|VPr|N1
5	ژانر	ژانر	ژانر	ژانر	N1
6	وحشت	وحشت|وحش	وحشت|وحش	وحشت|وحش + ت	N1|N1 + N
7	محسوب	محسوب	محسوب	محسوب	A0
8	می‌شود	‌شو|‌شو|شو|شو	‌شو|‌شو|شو|شو	می + ‌شو + د|می + ‌شو + د|می‌ + شو + د|می‌ + شو + د	VPr + V1 + N|VPr + V1 + N|VPr + V1 + N|VPr + V1 + N
9	.	.	.	.	Si

0	فیلم	فیلم|فیل	فیلم|فیل	فیلم|فیل + م	N1|N1 + N||N1 + V
1	براساس	براساس|راساس	براساس|راساس	براساس|ب + راساس	N1|O + N1
2	داستانی	داستانی|داستان|داس	داستانی|داستان|داس	داستانی|داستان + ی|داس + تان + ی	A0|N1 + Y||N1 + V|N1 + N + Y
3	به	به|به	به|به	به|به	Pr|N1
4	همین	همین|همین|هم|هم|ین	همین|همین|هم|هم|ین	همین|همین|هم + ین|هم + ین|هم + ین	A1|N6|Ad + O|N8 + O|O + N1
5	نام	نام|نام|نا	نام|نام|نا	نام|نام|نا + م	N1|V1|N1 + N||N1 + V
6	از	از	از	از	Pr
7	استیون	استیون|اس	استیون|اس	استیون|اس + ت + ی + ون	N3|N1 + N + Y + Pl
8	کینگ	کینگ	کینگ	کینگ	N1
9	ساخته شد	ساخت	ساخت	ساخت + ه + شد	V2 + O + V
10	.	.	.	.	Si

0	جک	جک	جک	جک	N1
1	نیکلسون	نیکلسون	نیکلسون	نیکلسون	N3
2	در	در|در|در|در|در	در|در|در|در|در	در|در|در|در|در	N1|Pr|V1|VPr|N1
3	معروف‌ترین	معروف‌|معروف	معروف‌|معروف	معروف‌ + ترین|معروف + ‌ترین	A0 + O|A0 + O
4	سکانس	سکانس	سکانس	سکانس	N1
5	فیلم	فیلم|فیل	فیلم|فیل	فیلم|فیل + م	N1|N1 + N||N1 + V
6	برداشت‌های	برداشت‌|برداشت‌|برداشت|برداشت|ردا|داشت‌|داشت	برداشت‌|برداشت‌|برداشت|برداشت|ردا|داشت‌|داشت	برداشت‌ + ها + ی|برداشت‌ + ها + ی|برداشت + ‌ها + ی|برداشت + ‌ها + ی|ب + ردا + ش + ت‌ + ها + ی|بر + داشت‌ + ها + ی|بر + داشت + ‌ها + ی	N1 + Pl + Y|V2 + Pl + Y|N1 + Pl + Y|V2 + Pl + Y|O + N1 + N + N + Pl + Y|VPr + V2 + Pl + Y|VPr + V2 + Pl + Y
7	مکرر	مکرر	مکرر	مکرر	A0
8	کوبریک	کوبریک|کوبری|کوبر	کوبریک|کوبری|کوبر	کوبریک|کوبری + ک|کوبر + یک	N1|N1 + O|N1 + O
9	درحین	حین	حین	در + حین	O + N1
10	این	این|این	این|این	این|این	A1|N6
11	فیلم	فیلم|فیل	فیلم|فیل	فیلم|فیل + م	N1|N1 + N||N1 + V
12	یکی	یکی|یک	یکی|یک	یکی|یک + ی	A2|Nu + Y
13	از	از	از	از	Pr
14	ضرب‌المثل‌های	ضرب‌المثل‌های|ضرب‌المثل‌ها|ضرب‌المثل‌|ضرب‌المثل	ضرب‌المثل‌های|ضرب‌المثل‌ها|ضرب‌المثل‌|ضرب‌المثل	ضرب‌المثل‌های|ضرب‌المثل‌ها + ی|ضرب‌المثل‌ + ها + ی|ضرب‌المثل + ‌ها + ی	N1|N1 + Y||N1 + V|N1 + Pl + Y|N1 + Pl + Y
15	صنعت	صنعت|صنع	صنعت|صنع	صنعت|صنع + ت	N1|N1 + N
16	فیلمسازی	فیلمسازی|فیلمساز	فیلمسازی|فیلمساز	فیلمسازی|فیلمساز + ی	N1|N1 + Y||N1 + V
17	شده است	شدهاست|شدهاس	شدهاست|شدهاس	شدهاست|شدهاس + ت	N1|N1 + N
18	.	.	.	.	Si

0	او	او|او	او|او	او|او	Ab|N5
1	۱۲۷	۱۲۷	۱۲۷	۱۲۷	No
2	مرتبه	مرتبه|مرتب	مرتبه|مرتب	مرتبه|مرتب + ه	N1|A0 + O
3	از	از	از	از	Pr
4	شلی	شلی|شل|شل	شلی|شل|شل	شلی|شل + ی|شل + ی	N4|V1 + N|N1 + Y||N1 + V
5	دووال	دوو	دووال	دوو + ال	N1 + O
6	برای	برای|برا|بر|بر	برای|برا|برا|برا	برای|برا + ی|بر + ا + ی|بر + ا + ی	Pr|A0 + Y|V1 + O + N|V1 + O + N
7	یکی	یکی|یک	یکی|یک	یکی|یک + ی	A2|Nu + Y
8	از	از	از	از	Pr
9	سکانس‌های	سکانس‌|سکانس	سکانس‌|سکانس	سکانس‌ + ها + ی|سکانس + ‌ها + ی	N1 + Pl + Y|N1 + Pl + Y
10	فیلم	فیلم|فیل	فیلم|فیل	فیلم|فیل + م	N1|N1 + N||N1 + V
11	فیلمبرداری	فیلمبرداری|فیلمبردار	فیلمبرداری|فیلمبردار	فیلمبرداری|فیلمبردار + ی	N1|N1 + Y||N1 + V
12	کرد	کرد|کرد	کرد|کرد	کرد|کرد	V2|N1
13	.	.	.	.	Si

0	عصبیت	عصبیت|عصبی|عصب	عصبیت|عصبی|عصب	عصبیت|عصبی + ت|عصب + ی + ت	N1|A0 + N|N1 + Y + N
1	شلی	شلی|شل|شل	شلی|شل|شل	شلی|شل + ی|شل + ی	N4|V1 + N|N1 + Y||N1 + V
2	دووال	دوو	دووال	دوو + ال	N1 + O
3	در	در|در|در|در|در	در|در|در|در|در	در|در|در|در|در	N1|Pr|V1|VPr|N1
4	فیلم	فیلم|فیل	فیلم|فیل	فیلم|فیل + م	N1|N1 + N||N1 + V
5	به	به|به	به|به	به|به	Pr|N1
6	خوبی	خوبی|خوب	خوبی|خوب	خوبی|خوب + ی	N1|A0 + Y
7	مشهود	مشهود	مشهود	مشهود	A0
8	است	است|اس	است|اس	است|اس + ت	V3|N1 + N

0	اسکتمن	اسکتمن	اسکتمن	اسکتمن	N1
1	کراترز	کراترز	کراترز	کراترز	N1
2	به	به|به	به|به	به|به	Pr|N1
3	نقش	نقش|نق	نقش|نق	نقش|نق + ش	N1|N1 + N
4	آشپز	آشپز	آشپز	آشپز	N1
5	سیاه‌پوست	سیاه‌پوست	سیاه‌پوست	سیاه‌پوست	A0
6	هتل	هتل	هتل	هتل	N1
7	مجبور	مجبور	مجبور	مجبور	A0
8	شد	شد	شد	شد	V3

0	۴۰	۴۰	۴۰	۴۰	No
1	بار	بار|بار|ار	بار|بار|ار	بار|بار|ب + ار	N1|V1|O + Ad
2	صحنه	صحنه|صحن	صحنه|صحن	صحنه|صحن + ه	N1|N1 + O
3	درگیری	درگیری|درگیر|در|در|در|گیر|گیر	درگیری|درگیر|درگیر|در|درگیر|گیر|گیر	درگیری|درگیر + ی|در + گیر + ی|در + گیر + ی|در + گیر + ی|در + گیر + ی|در + گیر + ی	N1|A0 + Y|N1 + O + Y|VPr + O + Y|N1 + O + Y|O + A0 + Y|VPr + V1 + N
4	با	با	با	با	Pr
5	تبر	تبر	تبر	تبر	N1
6	را	را	را	را	Po
7	بازی	بازی|باز|باز|باز	بازی|باز|باز|باز	بازی|باز + ی|باز + ی|باز + ی	N1|A0 + Y|V1 + N|VPr + Y
8	کند	کند|کن|کن	کند|کن|کن	کند|کن + د|کن + د	A0|V1 + N|V1 + N

0	و	و|و|و	و|و|و	و|و|و	Al|C0|Ab
1	نهایتاً	نهایتاً	نهایتاً	نهایتاً	Ad
2	دچار	دچار	دچار	دچار	Ad
3	فروپاشی	فروپاشی|فروپاش|پا|پا	فروپاشی|فروپاش|پا|پا	فروپاشی|فروپاش + ی|فرو + پا + ش + ی|فرو + پا + ش + ی	N1|V1 + N|O + N1 + N + Y|O + N9 + N + Y
4	عصبی	عصبی|عصب	عصبی|عصب	عصبی|عصب + ی	A0|N1 + Y||N1 + V
5	شده	شده|شد	شده|شد	شده|شد + ه	V1|V3 + O

0	و	و|و|و	و|و|و	و|و|و	Al|C0|Ab
1	با	با	با	با	Pr
2	گریه	گریه|گری|گری|گر|گر|گر	گریه|گری|گری|گر|گر|گر	گریه|گری + ه|گری + ه|گر + ی + ه|گر + ی + ه|گر + ی + ه	N1|N1 + O|V1 + O|Ad + Y + O|V1 + N + O|N1 + Y + O
3	به	به|به	به|به	به|به	Pr|N1
4	کوبریک	کوبریک|کوبری|کوبر	کوبریک|کوبری|کوبر	کوبریک|کوبری + ک|کوبر + یک	N1|N1 + O|N1 + O
5	گفت	گفت|گفت	گفت|گفت	گفت|گفت	N1|V2
6	:	:	:	:	Si

0	«	«	«	«	Si
1	آقای	آقا|آقا	آقا|آقا	آقا + ی|آقا + ی	N1 + Y||N1 + V|Sp + Y
2	کوبریک	کوبریک|کوبری|کوبر	کوبریک|کوبری|کوبر	کوبریک|کوبری + ک|کوبر + یک	N1|N1 + O|N1 + O
3	آخه	آخه|آخ	آخه|آخ	آخه|آخ + ه	Intj|N1 + O
4	چی	چی	چی	چی	NA
5	از	از	از	از	Pr
6	جونم	جون	جون	جون + م	N1 + N||N1 + V
7	میخواین	میخواین|میخوا	میخواین|میخوا	میخواین|میخوا + ین	N1|N1 + O
8	؟	؟	؟	؟	Si
9	»	»	»	»	Si

0	اما	اما	اما	اما	C0
1	کوبریک	کوبریک|کوبری|کوبر	کوبریک|کوبری|کوبر	کوبریک|کوبری + ک|کوبر + یک	N1|N1 + O|N1 + O
2	سکانس	سکانس	سکانس	سکانس	N1
3	خروج	خروج	خروج	خروج	N1
4	و	و|و|و	و|و|و	و|و|و	Al|C0|Ab
5	فوران	فوران	فوران	فوران	N1
6	خون	خون	خون	خون	N1
7	از	از	از	از	Pr
8	درون	درون|در|در|در|ون	درون|در|در|در|ون	درون|در + ون|در + ون|در + ون|در + ون	N1|N1 + Pl|VPr + Pl|N1 + Pl|O + N1
9	آسانسور	آسانسور	آسانسور	آسانسور	N1
10	هتل	هتل	هتل	هتل	N1
11	اورلووک	اورلووک|اورلوو	اورلووک|اورلوو	اورلووک|اورلوو + ک	N1|N1 + O
12	را	را	را	را	Po
13	تنها	تنها|تن|تن|تن	تنها|تن|تن|تن	تنها|تن + ها|تن + ها|تن + ها	A0|N1 + Pl|V1 + Pl|N1 + Pl
14	سه	سه	سه	سه	Nu
15	مرتبه	مرتبه|مرتب	مرتبه|مرتب	مرتبه|مرتب + ه	N1|A0 + O
16	تکرار	تکرار	تکرار	تکرار	N1
17	کرد	کرد|کرد	کرد|کرد	کرد|کرد	V2|N1

0	و	و|و|و	و|و|و	و|و|و	Al|C0|Ab
1	علت	علت|علت	علت|علت	علت|علت	N1|N9
2	به	به|به	به|به	به|به	Pr|N1
3	سختی	سختی|سخت|سخت	سختی|سخت|سخت	سختی|سخت + ی|سخت + ی	N1|A0 + Y|V1 + N
4	تکرار	تکرار	تکرار	تکرار	N1
5	این	این|این	این|این	این|این	A1|N6
6	صحنه	صحنه|صحن	صحنه|صحن	صحنه|صحن + ه	N1|N1 + O
7	بازمی‌گشت	‌گشت|گشت	‌گشت|گشت	باز + می + ‌گشت|باز + می‌ + گشت	VPr + VPr + V3|VPr + VPr + V3

0	که	که|که|که|که	که|که|که|که	که|که|که|که	N1|C0|NA|N1
1	هر	هر	هر	هر	A1
2	بار	بار|بار|ار	بار|بار|ار	بار|بار|ب + ار	N1|V1|O + Ad
3	آماده	آماده|آماد|آما	آماده|آماد|آما	آماده|آماد + ه|آما + د + ه	A0|N1 + O|V1 + N + O
4	کردن	کرد	کرد	کرد + ن	V2 + Neg
5	آن	آن|آن	آن|آن	آن|آن	A1|N6

0	۹	۹	۹	۹	No
1	ساعت	ساعت	ساعت	ساعت	N1
2	طول	طول	طول	طول	N1
3	می‌کشید	می‌|می‌|می|می|‌کشید|‌کش|‌کش|کشید|کش|کش	می‌|می‌|می|می|‌کشید|‌کش|‌کش|کشید|کش|کش	می‌ + ک + ش + ید|می‌ + ک + ش + ید|می + ‌ک + ش + ید|می + ‌ک + ش + ید|می + ‌کشید|می + ‌کش + ید|می + ‌کش + ید|می‌ + کشید|می‌ + کش + ید|می‌ + کش + ید	N1 + O + N + V|N1 + O + N + V|N1 + O + N + V|N1 + O + N + V|VPr + V2|VPr + V1 + N|VPr + V1 + N|VPr + V2|VPr + V1 + N|VPr + V1 + N
4	!	!	!	!	Si

0	اما	اما	اما	اما	C0
1	کوبریک	کوبریک|کوبری|کوبر	کوبریک|کوبری|کوبر	کوبریک|کوبری + ک|کوبر + یک	N1|N1 + O|N1 + O
2	پس‌از	پس‌از	پس‌از	پس‌از	Pr1
3	تماشای	تماشا	تماشا	تماشا + ی	N1 + Y||N1 + V
4	سکانس	سکانس	سکانس	سکانس	N1
5	می‌گفت	‌گفت|گفت	‌گفت|گفت	می + ‌گفت|می‌ + گفت	VPr + V2|VPr + V2
6	:	:	:	:	Si

0	«	«	«	«	Si
1	نه	نه|نه|نه	نه|نه|نه	نه|نه|نه	N1|V1|Nu
2	شبیه	شبیه|شبیه|شبی|شب	شبیه|شبیه|شبی|شب	شبیه|شبیه|شبی + ه|شب + ی + ه	A0|N9|Ad + O|Ad + Y + O
3	خون	خون	خون	خون	N1
4	واقعی	واقعی|واقع	واقعی|واقع	واقعی|واقع + ی	A0|N1 + Y||N1 + V
5	نشد	شد	شد	ن + شد	Neg + V3
6	.	.	.	.	Si
7	»	»	»	»	Si

0	نکته	نکته|نک	نکته|نک	نکته|نک + ت + ه	N1|N1 + N + O
1	جالب	جالب	جالب	جالب	A0
2	درمورد	در|مورد|مورد|مورد|ورد	در|مورد|مورد|مورد|ورد	در + م + ور + د|در + مورد|در + مورد|در + مورد|در + م + ورد	V1 + N + O + N|O + N1|O + N9|O + N1|VPr + Neg + V1
3	این	این|این	این|این	این|این	A1|N6
4	صحنه	صحنه|صحن	صحنه|صحن	صحنه|صحن + ه	N1|N1 + O
5	این	این|این	این|این	این|این	A1|N6
6	بود	بود|بود|بود|بو	بود|بود|بود|بو	بود|بود|بود|بو + د	N1|V2|V3|V1 + N

0	که	که|که|که|که	که|که|که|که	که|که|که|که	N1|C0|NA|N1
1	اداره	اداره	اداره	اداره	N1
2	سانسور	سانسور|سانس	سانسور|سانس	سانسور|سانس + ور	N1|N1 + O
3	انگلستان	انگلستان|انگل	انگلستان|انگلستان	انگلستان|انگل + ستان	N2|N1 + O
4	از	از	از	از	Pr
5	وفور	وفور|وفور	وفور|وفور	وفور|وفور	N1|N1
6	این	این|این	این|این	این|این	A1|N6
7	همه	همه|همه|هم|هم	همه|همه|هم|هم	همه|همه|هم + ه|هم + ه	A2|N1|Ad + O|N8 + O
8	خون	خون	خون	خون	N1
9	در	در|در|در|در|در	در|در|در|در|در	در|در|در|در|در	N1|Pr|V1|VPr|N1
10	یک	یک	یک	یک	Nu
11	سکانس	سکانس	سکانس	سکانس	N1
12	به	به|به	به|به	به|به	Pr|N1
13	تنگ	تنگ|تنگ	تنگ|تنگ	تنگ|تنگ	A0|N1
14	آمده	آمد|آمد	آمد|آمد	آمد + ه|آمد + ه	N1 + O|V2 + O

0	و	و|و|و	و|و|و	و|و|و	Al|C0|Ab
1	درجه	درجه|درج|جه|جه	درجه|درج|جه|جه	درجه|درج + ه|در + جه|در + جه	N1|N1 + O|O + N1|VPr + V1
2	فیلم	فیلم|فیل	فیلم|فیل	فیلم|فیل + م	N1|N1 + N||N1 + V
3	را	را	را	را	Po
4	فقط	فقط	فقط	فقط	Ad
5	برای	برای|برا|بر|بر	برای|برا|برا|برا	برای|برا + ی|بر + ا + ی|بر + ا + ی	Pr|A0 + Y|V1 + O + N|V1 + O + N
6	بزرگسالان	بزرگسال	بزرگسال	بزرگسال + ان	A0 + Pl
7	اعلام	اعلام|اعلام|اعلا	اعلام|اعلام|اعلا	اعلام|اعلام|اعلا + م	N1|N1|A0 + N
8	نموده بود	نمود	نمود	نمود + ه + بود	V2 + O + V

0	اما	اما	اما	اما	C0
1	گویا	گویا|گویا|گو	گویا|گویا|گو	گویا|گویا|گو + ی + ا	A0|Ad|V1 + N + O
2	کوبریک	کوبریک|کوبری|کوبر	کوبریک|کوبری|کوبر	کوبریک|کوبری + ک|کوبر + یک	N1|N1 + O|N1 + O
3	با	با	با	با	Pr
4	زیرکی	زیرکی|زیرک|زیر	زیرکی|زیرک|زیر	زیرکی|زیرک + ی|زیر + ک + ی	N1|A0 + Y|A0 + O + Y
5	آن‌ها	آن‌|آن‌|آن|آن	آن‌|آن‌|آن|آن	آن‌ + ها|آن‌ + ها|آن + ‌ها|آن + ‌ها	A1 + Pl|N6 + Pl|A1 + Pl|N6 + Pl
6	را	را	را	را	Po
7	قانع	قانع	قانع	قانع	A0
8	کرد	کرد|کرد	کرد|کرد	کرد|کرد	V2|N1

0	که	که|که|که|که	که|که|که|که	که|که|که|که	N1|C0|NA|N1
1	این	این|این	این|این	این|این	A1|N6
2	مایع	مایع	مایع	مایع	N1
3	لزج	لزج	لزج	لزج	A0
4	،	.	.	.	Si
5	خون	خون	خون	خون	N1
6	نبوده	نبود|نبود|بوده|بود|بود|بو	نبود|نبود|بوده|بود|بود|بو	نبود + ه|نبود + ه|ن + بوده|ن + بود + ه|ن + بود + ه|ن + بو + د + ه	N1 + O|V2 + O|Neg + V2|Neg + V2 + O|Neg + V3 + O|Neg + V1 + N + O

0	بلکه	بلکه|بل|بل|لکه|لک	بلکه|بل|بل|لکه|لک	بلکه|بل + ک + ه|بل + ک + ه|ب + لکه|ب + لک + ه	Ad|N1 + O + O|N1 + O + O|O + N1|O + N1 + O
1	«	«	«	«	Si
2	فاضلاب	فاضلاب	فاضلاب	فاضلاب	N1
3	»	»	»	»	Si
4	است	است|اس	است|اس	است|اس + ت	V3|N1 + N
5	.	.	.	.	Si

0	بازیگر	بازیگر|بازی|باز|باز	بازیگر|بازی|باز|باز	بازیگر|بازی + گر|باز + ی + گر|باز + ی + گر	N1|N1 + O|A0 + Y + O|VPr + Y + O
1	نقش	نقش|نق	نقش|نق	نقش|نق + ش	N1|N1 + N
2	بچه	بچه|چه	بچه|چه	بچه|ب + چه	N1|O + A0
3	فیلم	فیلم|فیل	فیلم|فیل	فیلم|فیل + م	N1|N1 + N||N1 + V
4	تا	تا|تا|تا|تا	تا|تا|تا|تا	تا|تا|تا|تا	Ab|C0|Pr|V1
5	۱۲	۱۲	۱۲	۱۲	No
6	سالگی	سالگی|سال	سالگی|سال	سالگی|سال + گی	A0|N1 + O
7	نفهمید	نفهم|فهمید|فهم	نفهم|فهمید|فهم	نفهم + ید|ن + فهمید|ن + فهم + ید	A0 + V|Neg + V2|Neg + V1 + N

0	که	که|که|که|که	که|که|که|که	که|که|که|که	N1|C0|NA|N1
1	در	در|در|در|در|در	در|در|در|در|در	در|در|در|در|در	N1|Pr|V1|VPr|N1
2	فیلمی	فیلم|فیل	فیلم|فیل	فیلم + ی|فیل + م + ی	N1 + Y||N1 + V|N1 + N + Y
3	ترسناک	ترسناک|ترس	ترسناک|ترس	ترسناک|ترس + ناک	A0|N1 + O
4	بازی	بازی|باز|باز|باز	بازی|باز|باز|باز	بازی|باز + ی|باز + ی|باز + ی	N1|A0 + Y|V1 + N|VPr + Y
5	کرده‌است	کرده‌|کرده|کرد	کرده‌|کرده|کرد	کرده‌ + است|کرده + ‌است|کرد + ه‌ + است	V2 + V|V2 + V|V2 + O + V
6	.	.	.	.	Si

0	درصورتی‌که	درصورتی‌که|صورتی‌|صورتی|صورت|صورت|صور|صور	درصورتی‌که|صورتی‌|صورتی|صورت|صورت|صور|صور	درصورتی‌که|در + صورتی‌ + ک + ه|در + صورتی + ‌ک + ه|در + صورت + ی‌ + ک + ه|در + صورت + ی‌ + ک + ه|در + صور + ت + ی‌ + ک + ه|در + صور + ت + ی‌ + ک + ه	C1|O + A0 + O + O|O + A0 + O + O|O + N1 + Y + O + O|O + N9 + Y + O + O|O + N1 + N + Y + O + O|O + N1 + N + Y + O + O
1	در	در|در|در|در|در	در|در|در|در|در	در|در|در|در|در	N1|Pr|V1|VPr|N1
2	۷	۷	۷	۷	No
3	سالگی	سالگی|سال	سالگی|سال	سالگی|سال + گی	A0|N1 + O
4	این	این|این	این|این	این|این	A1|N6
5	نقش	نقش|نق	نقش|نق	نقش|نق + ش	N1|N1 + N
6	را	را	را	را	Po
7	بازی	بازی|باز|باز|باز	بازی|باز|باز|باز	بازی|باز + ی|باز + ی|باز + ی	N1|A0 + Y|V1 + N|VPr + Y
8	کرده بود	کرده|کرد	کرده|کرد	کرده + بود|کرد + ه + بود	V2 + V|V2 + O + V
9	.	.	.	.	Si

0	کوبریک	کوبریک|کوبری|کوبر	کوبریک|کوبری|کوبر	کوبریک|کوبری + ک|کوبر + یک	N1|N1 + O|N1 + O
1	حس	حس	حس	حس	N1
2	مسئولیت	مسئولیت|مسئول	مسئولیت|مسئول	مسئولیت|مسئول + ی + ت	N1|N1 + Y + N
3	شدیدی	شدید|شد	شدید|شد	شدید + ی|شد + ید + ی	A0 + Y|V3 + N + N
4	در	در|در|در|در|در	در|در|در|در|در	در|در|در|در|در	N1|Pr|V1|VPr|N1
5	این	این|این	این|این	این|این	A1|N6
6	خصوص	خصوص|خصوص	خصوص|خصوص	خصوص|خصوص	N1|N9
7	احساس	احساس	احساس	احساس	N1
8	می‌کرد	‌کرد|کرد	‌کرد|کرد	می + ‌کرد|می‌ + کرد	VPr + V2|VPr + V2

0	و	و|و|و	و|و|و	و|و|و	Al|C0|Ab
1	بدین	بدین|بد|دین|دین	بدین|بدین|دینین|دینین	بدین|بد + ین|ب + دین|ب + دین	Pr|A0 + O|O + N1|O + N1
2	لحاظ	لحاظ|لحاظ	لحاظ|لحاظ	لحاظ|لحاظ	N1|N9
3	این	این|این	این|این	این|این	A1|N6
4	امر	امر	امر	امر	N1
5	را	را	را	را	Po
6	از	از	از	از	Pr
7	کودک	کودک|کود	کودک|کود	کودک|کود + ک	N1|N1 + O
8	هنرمند	هنرمند|هنر	هنرمند|هنر	هنرمند|هنر + مند	N1|N1 + O
9	پنهان	پنهان	پنهان	پنهان	A0
10	نگاه داشت	نگاهداشت|نگاهداش|نگاهدا	نگاهداشت|نگاهداش|نگاهدا	نگاهداشت|نگاهداش + ت|نگاهدا + ش + ت	N1|N1 + N|N1 + N + N

0	تا	تا|تا|تا|تا	تا|تا|تا|تا	تا|تا|تا|تا	Ab|C0|Pr|V1
1	به	به|به	به|به	به|به	Pr|N1
2	روحیه	روحیه|روحی|روح	روحیه|روحی|روح	روحیه|روحی + ه|روح + ی + ه	N1|A0 + O|N1 + Y + O
3	او	او|او	او|او	او|او	Ab|N5
4	لطمه‌ای	لطمه‌ای	لطمه‌ای	لطمه‌ای	A0
5	وارد	وارد	وارد	وارد	N1
6	نگردد	نگر|گرد|گر	نگر|گرد|گر	نگر + د + د|ن + گرد + د|ن + گر + د + د	V1 + N + N|Neg + V1 + N|Neg + V1 + N + N
7	.	.	.	.	Si

0	حتی	حتی	حتی	حتی	Ad
1	بار	بار|بار|ار	بار|بار|ار	بار|بار|ب + ار	N1|V1|O + Ad
2	نخستی	نخست|خست	نخست|خست	نخست + ی|ن + خست + ی	A0 + Y|Neg + V2 + Y
3	که	که|که|که|که	که|که|که|که	که|که|که|که	N1|C0|NA|N1
4	دنی	دنی|دن	دنی|دنی	دنی|دن + ی	N3|N2 + Y
5	لوید	لو	لو	لو + ید	N1 + V
6	این	این|این	این|این	این|این	A1|N6
7	فیلم	فیلم|فیل	فیلم|فیل	فیلم|فیل + م	N1|N1 + N||N1 + V
8	را	را	را	را	Po
9	واقعاً	واقعاً	واقعاً	واقعاً	Ad
10	تماشا	تماشا	تماشا	تماشا	N1
11	کرد	کرد|کرد	کرد|کرد	کرد|کرد	V2|N1

0	با	با	با	با	Pr
1	خود	خود|خود	خود|خود	خود|خود	N8|N1
2	استنلی	استنلی|استنل	استنلی|استنل	استنلی|استنل + ی	N1|N1 + Y||N1 + V
3	کوبریک	کوبریک|کوبری|کوبر	کوبریک|کوبری|کوبر	کوبریک|کوبری + ک|کوبر + یک	N1|N1 + O|N1 + O
4	بود	بود|بود|بود|بو	بود|بود|بود|بو	بود|بود|بود|بو + د	N1|V2|V3|V1 + N
5	.	.	.	.	Si

0	زلاتان	لات|لا	لات|لا	ز + لات + ان|ز + لا + تان	O + A0 + Pl|O + A0 + N
1	برای	برای|برا|بر|بر	برای|برا|برا|برا	برای|برا + ی|بر + ا + ی|بر + ا + ی	Pr|A0 + Y|V1 + O + N|V1 + O + N
2	اولین	اولین|اول	اولین|اولین	اولین|اول + ین	A0|A0 + O
3	بار	بار|بار|ار	بار|بار|ار	بار|بار|ب + ار	N1|V1|O + Ad
4	در	در|در|در|در|در	در|در|در|در|در	در|در|در|در|در	N1|Pr|V1|VPr|N1
5	سال	سال	سال	سال	N1
6	۱۹۹۶	۱۹۹۶	۱۹۹۶	۱۹۹۶	No
7	با	با	با	با	Pr
8	مالمو	مالمو	مالمو	مالمو	N1
9	قرارداد	قرارداد	قرارداد	قرارداد	N1
10	بست	بست|بست|بست|بس|ست	بست|بست|بست|بس|ست	بست|بست|بست|بس + ت|ب + ست	N1|V2|N2|A0 + N|O + N1

1	و	و|و|و	و|و|و	و|و|و	Al|C0|Ab
2	در	در|در|در|در|در	در|در|در|در|در	در|در|در|در|در	N1|Pr|V1|VPr|N1
3	سال	سال	سال	سال	N1
4	۱۹۹۹	۱۹۹۹	۱۹۹۹	۱۹۹۹	No
5	در	در|در|در|در|در	در|در|در|در|در	در|در|در|در|در	N1|Pr|V1|VPr|N1
6	ترکیب	ترکیب	ترکیب	ترکیب	N1
7	تیم	تیم|تی	تیم|تی	تیم|تی + م	N1|N1 + N||N1 + V
8	اول	اول	اول	اول	A0
9	این	این|این	این|این	این|این	A1|N6
10	تیم	تیم|تی	تیم|تی	تیم|تی + م	N1|N1 + N||N1 + V
11	در	در|در|در|در|در	در|در|در|در|در	در|در|در|در|در	N1|Pr|V1|VPr|N1
12	لیگ	لیگ	لیگ	لیگ	N1
13	اول	اول	اول	اول	A0
14	سوئد	سوئد	سوئد	سوئد	N2
15	قرار	قرار|قرار	قرار|قرار	قرار|قرار	N1|N9
16	گرفت	گرفت|گرفت|رفت|رفت	گرفت|گرفت|رفت|رفت	گرفت|گرفت|گ + رفت|گ + رفت	N1|V2|VPr + V2|VPr + V2

0	که	که|که|که|که	که|که|که|که	که|که|که|که	N1|C0|NA|N1
1	در	در|در|در|در|در	در|در|در|در|در	در|در|در|در|در	N1|Pr|V1|VPr|N1
2	این	این|این	این|این	این|این	A1|N6
3	سال	سال	سال	سال	N1
4	این	این|این	این|این	این|این	A1|N6
5	تیم	تیم|تی	تیم|تی	تیم|تی + م	N1|N1 + N||N1 + V
6	با	با	با	با	Pr
7	رتبه	رتبه	رتبه	رتبه	N1
8	سیزدهم	سیزده	سیزده	سیزده + م	Nu + N
9	به	به|به	به|به	به|به	Pr|N1
10	لیگ	لیگ	لیگ	لیگ	N1
11	دوم	دوم|دو|دو|دو|دو	دوم|دو|دو|دو|دو	دوم|دو + م|دو + م|دو + م|دو + م	A0|V1 + N|Nu + N|V1 + N|N1 + N||N1 + V
12	سقوط	سقوط	سقوط	سقوط	N1
13	کرد	کرد|کرد	کرد|کرد	کرد|کرد	V2|N1

0	ولی	ولی|ولی|ول|ول	ولی|ولی|ول|ول	ولی|ولی|ول + ی|ول + ی	C0|N1|A0 + Y|N1 + Y||N1 + V
1	فصل	فصل	فصل	فصل	N1
2	بعد	بعد|بعد|بعد	بعد|بعد|بعد	بعد|بعد|بعد	A0|N9|N1
3	به	به|به	به|به	به|به	Pr|N1
4	لیگ	لیگ	لیگ	لیگ	N1
5	اول	اول	اول	اول	A0
6	بازگشت	بازگشت|بازگشت|گشت|گشت	بازگشت|بازگشت|گشت|گشت	بازگشت|بازگشت|باز + گشت|باز + گشت	N1|V2|O + N1|VPr + V3
7	.	.	.	.	Si

0	پیش	پیش|پیش|پی|پی	پیش|پیش|پی|پی	پیش|پیش|پی + ش|پی + ش	A0|N9|N1 + N|N9 + N
1	از	از	از	از	Pr
2	آن‌که	آن‌|آن‌|آن|آن|‌که|‌که|که|که	آن‌|آن‌|آن|آن|‌که|‌که|که|که	آن‌ + ک + ه|آن‌ + ک + ه|آن + ‌ک + ه|آن + ‌ک + ه|آن + ‌که|آن + ‌که|آن‌ + که|آن‌ + که	A1 + O + O|N6 + O + O|A1 + O + O|N6 + O + O|Neg + N1|Neg + N1|Neg + N1|Neg + N1
3	لئو	لئو	لئو	لئو	N1
4	بینهاکر	بینهاکر|ینهاکر|نهاکر	بینهاکر|ینهاکر|نهاکر	بینهاکر|ب + ینهاکر|بی + نهاکر	N1|O + N1|O + N1
5	سرمربی	سرمربی	سرمربی	سرمربی	N1
6	آژاکس	آژاکس	آژاکس	آژاکس	N1
7	علاقه	علاقه	علاقه	علاقه	N1
8	خود	خود|خود	خود|خود	خود|خود	N8|N1
9	را	را	را	را	Po
10	برای	برای|برا|بر|بر	برای|برا|برا|برا	برای|برا + ی|بر + ا + ی|بر + ا + ی	Pr|A0 + Y|V1 + O + N|V1 + O + N
11	جذب	جذب	جذب	جذب	N1
12	این	این|این	این|این	این|این	A1|N6
13	بازیکن	بازیکن	بازیکن	بازیکن	N1
14	نشان	نشان|نشان|نش	نشان|نشان|نش	نشان|نشان|نش + ان	N1|V1|N1 + Pl
15	دهد	ده	ده	ده + د	V1 + N

0	این	این|این	این|این	این|این	A1|N6
1	آرسن	آرسن	آرسن	آرسن	N1
2	ونگر	ون	ون	ون + گر	N1 + O
3	بود	بود|بود|بود|بو	بود|بود|بود|بو	بود|بود|بود|بو + د	N1|V2|V3|V1 + N

0	که	که|که|که|که	که|که|که|که	که|که|که|که	N1|C0|NA|N1
1	زلاتان	لات|لا	لات|لا	ز + لات + ان|ز + لا + تان	O + A0 + Pl|O + A0 + N
2	را	را	را	را	Po
3	کشف	کشف|کشف	کشف|کشف	کشف|کشف	N1|N1
4	کرد	کرد|کرد	کرد|کرد	کرد|کرد	V2|N1

0	اما	اما	اما	اما	C0
1	طی	طی|طی	طی|طی	طی|طی	N1|Pr1
2	تلاشی	تلاشی|تلاش	تلاشی|تلاش	تلاشی|تلاش + ی	N1|N1 + Y||N1 + V
3	ناموفق	ناموفق|موفق	ناموفق|موفق	ناموفق|نا + موفق	A0|Neg + A0
4	برای	برای|برا|بر|بر	برای|برا|برا|برا	برای|برا + ی|بر + ا + ی|بر + ا + ی	Pr|A0 + Y|V1 + O + N|V1 + O + N
5	انتقال	انتقال	انتقال	انتقال	N1
6	وی	وی|وی	وی|وی	وی|وی	N5|Ab
7	به	به|به	به|به	به|به	Pr|N1
8	آرسنال	آرسنال	آرسنال	آرسنال	N2
9	ابراهیموویچ	ابراهیموویچ|اهیموویچ	ابراهیموویچ|اهیموویچ	ابراهیموویچ|ابر + اهیموویچ	N1|O + N1
10	به	به|به	به|به	به|به	Pr|N1
11	آژاکس	آژاکس	آژاکس	آژاکس	N1
12	پیوست	پیوست|پیوست	پیوست|پیوست	پیوست|پیوست	N1|V2
13	.	.	.	.	Si

0	در	در|در|در|در|در	در|در|در|در|در	در|در|در|در|در	N1|Pr|V1|VPr|N1
1	۲۲	۲۲	۲۲	۲۲	No
2	مارس	مارس	مارس	مارس	N1
3	۲۰۰۱	۲۰۰۱	۲۰۰۱	۲۰۰۱	No
4	ابراهیموویچ	ابراهیموویچ|اهیموویچ	ابراهیموویچ|اهیموویچ	ابراهیموویچ|ابر + اهیموویچ	N1|O + N1
5	با	با	با	با	Pr
6	قراردادی	قراردادی|قرارداد	قراردادی|قرارداد	قراردادی|قرارداد + ی	A0|N1 + Y||N1 + V
7	معادل	معادل	معادل	معادل	A0
8	۸۰	۸۰	۸۰	۸۰	No
9	میلیون	میلیون|میلی|میل|میل	میلیون|میلی|میل|میل	میلیون|میلی + ون|میل + ی + ون|میل + ی + ون	Nu|A0 + Pl|N1 + Y + Pl|N1 + Y + Pl
10	کرون	کرون|کر|کر	کرون|کر|کر	کرون|کر + ون|کر + ون	N1|A0 + Pl|N2 + Pl
11	سوئد	سوئد	سوئد	سوئد	N2
12	به	به|به	به|به	به|به	Pr|N1
13	آژاکس	آژاکس	آژاکس	آژاکس	N1
14	پیوست	پیوست|پیوست	پیوست|پیوست	پیوست|پیوست	N1|V2
15	.	.	.	.	Si

0	«	«	«	«	Si
1	قدرت	قدرت|قدر|قدر	قدرت|قدر|قدر	قدرت|قدر + ت|قدر + ت	N1|A0 + N|N1 + N
2	فقط	فقط	فقط	فقط	Ad
3	نصیب	نصیب	نصیب	نصیب	N1
4	کسانی	کسان|کس|کس	کسان|کس|کس	کسان + ی|کس + ان + ی|کس + ان + ی	N1 + Y||N1 + V|N1 + Pl + Y|N1 + Pl + Y
5	می‌شود	‌شو|‌شو|شو|شو	‌شو|‌شو|شو|شو	می + ‌شو + د|می + ‌شو + د|می‌ + شو + د|می‌ + شو + د	VPr + V1 + N|VPr + V1 + N|VPr + V1 + N|VPr + V1 + N

0	که	که|که|که|که	که|که|که|که	که|که|که|که	N1|C0|NA|N1
1	جرات	جر|جر	جر|جر	جر + ات|جر + ات	N1 + Pl|N1 + Pl
2	کنند	کن|کن|کن	کن|کن|کن	کن + ند|کن + ند|کن + ند	N2 + V|V1 + N|V1 + N

0	خم	خم|خم|خم	خم|خم|خم	خم|خم|خم	A0|V1|N1
1	شوند	شوند|شو|شو|شو	شوند|شو|شو|شو	شوند|شو + ند|شو + ند|شو + ند	N1|V1 + N|N1 + V|V1 + N

1	و	و|و|و	و|و|و	و|و|و	Al|C0|Ab
2	آن	آن|آن	آن|آن	آن|آن	A1|N6
3	را	را	را	را	Po
4	به	به|به	به|به	به|به	Pr|N1
5	دقت	دقت|دق	دقت|دق	دقت|دق + ت	N1|N1 + N
6	بگیرند	بگیر|گیر|گیر	بگیر|گیر|گیر	بگیر + ند|ب + گیر + ند|ب + گیر + ند	A0 + V|O + A0 + V|VPr + V6 + N
7	.	.	.	.	Si

0	فقط	فقط	فقط	فقط	Ad
1	یک	یک	یک	یک	Nu
2	چیز	چیز	چیز	چیز	N1
3	مهم	مهم|مه|مه	مهم|مه|مه	مهم|مه + م|مه + م	A0|N1 + N||N1 + V|N1 + N||N1 + V
4	است	است|اس	است|اس	است|اس + ت	V3|N1 + N
5	:	:	:	:	Si

0	باید	باید|ید|ید	باید|ید|ید	باید|با + ید|با + ید	V4|O + N1|O + N1
1	فقط	فقط	فقط	فقط	Ad
2	جرات	جر|جر	جر|جر	جر + ات|جر + ات	N1 + Pl|N1 + Pl
3	داشت	داشت|داشت|داشت|داش	داشت|داشت|داشت|داش	داشت|داشت|داشت|داش + ت	N1|V2|V5|N1 + N
4	.	.	.	.	Si

0	لازم	لازم	لازم	لازم	A0
1	بود	بود|بود|بود|بو	بود|بود|بود|بو	بود|بود|بود|بو + د	N1|V2|V3|V1 + N

0	بدانم	بد|دان	بد|دان	بد + ان + م|ب + دان + م	A0 + Pl + N|VPr + V6 + N

0	که	که|که|که|که	که|که|که|که	که|که|که|که	N1|C0|NA|N1
1	آیا	آیا|آی	آیا|آیا	آیا|آی + ا	NA|V1 + O
2	من	من	من	من	N5
3	هم	هم|هم|هم	هم|هم|هم	هم|هم|هم	Ad|C0|N8
4	مانند	مانند|مانند|مان|مان	مانند|مانند|مان|مان	مانند|مانند|مان + ند|مان + ند	N1|N9|N1 + V|V1 + N
5	همه‌ی	همه‌|همه‌|همه|همه|هم|هم	همه‌|همه‌|همه|همه|هم|هم	همه‌ + ی|همه‌ + ی|همه + ‌ی|همه + ‌ی|هم + ه‌ + ی|هم + ه‌ + ی	A2 + Y|N1 + Y||N1 + V|A2 + Y|N1 + Y||N1 + V|Ad + O + Y|N8 + O + Y
6	مردم	مردم|مرد|مرد	مردم|مرد|مرد	مردم|مرد + م|مرد + م	N1|N1 + N||N1 + V|V2 + N
7	شپش	شپش	شپش	شپش	N1
8	هستم	هست|هست	هست|هست	هست + م|هست + م	N1 + N||N1 + V|V3 + N

0	یا	یا|یا	یا|یا	یا|یا	C0|Intj
1	انسانم	انسان|انس|ان	انسان|انس|ان	انسان + م|انس + ان + م|ان + سان + م	N1 + N||N1 + V|N1 + Pl + N|N1 + O + N
2	؟	؟	؟	؟	Si

0	آیا	آیا|آی	آیا|آیا	آیا|آی + ا	NA|V1 + O
1	من	من	من	من	N5
2	می‌توانم	می‌توانم|می‌توان|می‌تو	می‌توانم|می‌توان|می‌تو	می‌توانم|می‌توان + م|می‌تو + ان + م	N1|N1 + N||N1 + V|N1 + Pl + N

0	از	از	از	از	Pr
1	حد	حد	حد	حد	N1
2	معین	معین|معین|معین	معین|معین|معین	معین|معین|معین	A0|N1|N1
3	تجاوز	تجاوز	تجاوز	تجاوز	N1
4	کنم	کن|کن|کن	کن|کن|کن	کن + م|کن + م|کن + م	N2 + N|V1 + N|V1 + N
5	،	.	.	.	Si

0	یا	یا|یا	یا|یا	یا|یا	C0|Intj
1	نمی‌توانم	نمی‌توانم|نمی‌توان|نمی‌تو	نمی‌توانم|نمی‌توان|نمی‌تو	نمی‌توانم|نمی‌توان + م|نمی‌تو + ان + م	N1|N1 + N||N1 + V|N1 + Pl + N
2	؟	؟	؟	؟	Si

0	آیا	آیا|آی	آیا|آیا	آیا|آی + ا	NA|V1 + O
1	جسارت	جسارت	جسارت	جسارت	N1
2	این	این|این	این|این	این|این	A1|N6
3	را	را	را	را	Po
4	دارم	دار|دار|دار	دار|دار|دار	دار + م|دار + م|دار + م	N1 + N||N1 + V|V1 + N|V5 + N

0	که	که|که|که|که	که|که|که|که	که|که|که|که	N1|C0|NA|N1
1	خم	خم|خم|خم	خم|خم|خم	خم|خم|خم	A0|V1|N1
2	شوم	شوم|شو|شو|شو	شوم|شو|شو|شو	شوم|شو + م|شو + م|شو + م	A0|V1 + N|N1 + N||N1 + V|V1 + N

0	و	و|و|و	و|و|و	و|و|و	Al|C0|Ab
1	آنچه	آنچه|آن|آن|چه	آنچه|آن|آن|چه	آنچه|آن + چه|آن + چه|آن + چه	N1|A1 + O|N6 + O|Neg + A0
2	را	را	را	را	Po
3	می‌خواهم	‌خواه|خواه	‌خواه|خواه	می + ‌خواه + م|می‌ + خواه + م	VPr + V1 + N|VPr + V1 + N
4	،	.	.	.	Si

0	بردارم	بردار|بردار|برد|بر|بر	بردار|بردار|بردار|بر|بر	بردار + م|بردار + م|برد + ار + م|بر + دار + م|بر + دار + م	V1 + N|N1 + N||N1 + V|V2 + O + N|VPr + O + N|N1 + O + N

0	یا	یا|یا	یا|یا	یا|یا	C0|Intj
1	نه	نه|نه|نه	نه|نه|نه	نه|نه|نه	N1|V1|Nu
2	.	.	.	.	Si

0	آیا	آیا|آی	آیا|آیا	آیا|آی + ا	NA|V1 + O
1	موجودی	موجودی|موجود	موجودی|موجود	موجودی|موجود + ی	N1|A0 + Y
2	ترسو	ترسو	ترسو	ترسو	A0
3	و	و|و|و	و|و|و	و|و|و	Al|C0|Ab
4	بزدلم	بزدل|دل	بزدل|دل	بزدل + م|ب + ز + دل + م	A0 + N|O + O + N1 + N

0	یا	یا|یا	یا|یا	یا|یا	C0|Intj
1	صاحب	صاحب	صاحب	صاحب	N1
2	حق	حق|حق	حق|حق	حق|حق	N1|N9
3	و	و|و|و	و|و|و	و|و|و	Al|C0|Ab
4	اختیار	اختیار	اختیار	اختیار	N1
5	هستم	هست|هست	هست|هست	هست + م|هست + م	N1 + N||N1 + V|V3 + N
6	؟	؟	؟	؟	Si

0	»	»	»	»	Si
1	«	«	«	«	Si
2	قابل‌توجه	قابل‌توجه	قابل‌توجه	قابل‌توجه	A0
3	است	است|اس	است|اس	است|اس + ت	V3|N1 + N

0	که	که|که|که|که	که|که|که|که	که|که|که|که	N1|C0|NA|N1
1	بیشتر	بیشتر|بیش|شتر|تر	بیشتر|بیشتر|شترتر|ترتر	بیشتر|بیش + تر|بی + شتر|بیش + تر	A0|A0 + O|O + N1|O + A0
2	اشخاص	اشخاص	اشخاص	اشخاص	N1
3	نیکوکار	نیکوکار|نیکو	نیکوکار|نیکوکار	نیکوکار|نیکو + کار	A0|A0 + O
4	و	و|و|و	و|و|و	و|و|و	Al|C0|Ab
5	بنیانگذار	بنیانگذار|بنیان|بنی|بن|بن|نی|نی	بنیانگذار|بنیان|بنی|بن|بنی|نی|نی	بنیانگذار|بنیان + گذار|بنی + ان + گذار|بن + ی + ان + گذار|بن + ی + ان + گذار|ب + نی + ان + گذار|ب + نی + ان + گذار	N1|N1 + O|N1 + Pl + O|N1 + Y + Pl + O|N2 + Y + Pl + O|O + N1 + Pl + O|O + Ad + Pl + O
6	اصول	اص	اصو	اصول|N	N1|N
7	انسانیت	انسانیت|انسانی|انسان|انس|ان	انسانیت|انسانی|انسان|انس|ان	انسانیت|انسانی + ت|انسان + ی + ت|انس + ان + ی + ت|ان + سان + ی + ت	N1|A0 + N|N1 + Y + N|N1 + Pl + Y + N|N1 + O + Y + N
8	،	.	.	.	Si
9	مردمانی	مردم|مرد|مرد	مردم|مرد|مردمان	مردم + ان + ی|مرد + مان + ی|مرد + مان + ی	N1 + Pl + Y|N1 + N + Y|V2 + O + Y
10	بودند	بود|بود|بود|بو	بود|بود|بود|بو	بود + ند|بود + ند|بود + ند|بو + د + ند	N1 + V|V2 + N|V3 + N|V1 + N + N
11	بی‌نهایت	بی‌نهایت|‌نهایت|نهایت	بی‌نهایت|‌نهایت|نهایت	بی‌نهایت|بی + ‌نهایت|بی‌ + نهایت	A0|O + N1|O + N1
12	خون‌ریز	خون‌ریز	خون‌ریز	خون‌ریز	A0
13	.	.	.	.	Si

0	همه	همه|همه|هم|هم	همه|همه|هم|هم	همه|همه|هم + ه|هم + ه	A2|N1|Ad + O|N8 + O
1	،	.	.	.	Si
2	و	و|و|و	و|و|و	و|و|و	Al|C0|Ab
3	نه	نه|نه|نه	نه|نه|نه	نه|نه|نه	N1|V1|Nu
4	اشخاص	اشخاص	اشخاص	اشخاص	N1
5	بزرگ	بزرگ|رگ	بزرگ|رگ	بزرگ|ب + ز + رگ	A0|O + O + N1
6	،	.	.	.	Si
7	بلکه	بلکه|بل|بل|لکه|لک	بلکه|بل|بل|لکه|لک	بلکه|بل + ک + ه|بل + ک + ه|ب + لکه|ب + لک + ه	Ad|N1 + O + O|N1 + O + O|O + N1|O + N1 + O
8	حتی	حتی	حتی	حتی	Ad
9	آن‌هایی	آن‌|آن‌|آن|آن|‌های|های	آن‌|آن‌|آن|آن|‌های|های	آن‌ + ها + ی + ی|آن‌ + ها + ی + ی|آن + ‌ها + ی + ی|آن + ‌ها + ی + ی|آن + ‌های + ی|آن‌ + های + ی	A1 + Pl + Y + Y|N6 + Pl + Y + Y|A1 + Pl + Y + Y|N6 + Pl + Y + Y|Neg + N1 + Y|Neg + N1 + Y
10	که	که|که|که|که	که|که|که|که	که|که|که|که	N1|C0|NA|N1
11	فقط	فقط	فقط	فقط	Ad
12	کمی	کمی|کمی|کم|کم	کمی|کمی|کم|کم	کمی|کمی|کم + ی|کم + ی	A2|A0|Ad + Y|N1 + Y||N1 + V
13	بیرون	بیرون|رون	بیرون|رون	بیرون|بی + رون	N1|O + N1
14	از	از	از	از	Pr
15	چهارچوب	چهارچوب	چهارچوب	چهارچوب	N1
16	معمول	معمول	معمول	معمول	A0
17	هستند	هست|هست	هست|هست	هست + ند|هست + ند	N1 + V|V3 + N
18	،	.	.	.	Si

0	یعنی	یعنی	یعنی	یعنی	C0
1	حتی	حتی	حتی	حتی	Ad
2	آن‌هایی	آن‌|آن‌|آن|آن|‌های|های	آن‌|آن‌|آن|آن|‌های|های	آن‌ + ها + ی + ی|آن‌ + ها + ی + ی|آن + ‌ها + ی + ی|آن + ‌ها + ی + ی|آن + ‌های + ی|آن‌ + های + ی	A1 + Pl + Y + Y|N6 + Pl + Y + Y|A1 + Pl + Y + Y|N6 + Pl + Y + Y|Neg + N1 + Y|Neg + N1 + Y
3	که	که|که|که|که	که|که|که|که	که|که|که|که	N1|C0|NA|N1
4	اندکی	اندکی|اندک	اندکی|اندک	اندکی|اندک + ی	A2|A0 + Y
5	توانایی	توانایی|توانا	توانایی|توانا	توانایی|توانا + ی + ی	N1|A0 + Y + Y
6	گفتن	گفت	گفت	گفت + ن	V2 + Neg
7	سخن	سخن	سخن	سخن	N1
8	نو	نو|نو	نو|نو	نو|نو	V1|A0
9	را	را	را	را	Po
10	دارند	دار|دار|دار	دار|دار|دار	دار + ند|دار + ند|دار + ند	N1 + V|V1 + N|V5 + V
11	،	.	.	.	Si

0	قاعدتاً	قاعدتاً	قاعدتاً	قاعدتاً	Ad
1	باید	باید|ید|ید	باید|ید|ید	باید|با + ید|با + ید	V4|O + N1|O + N1
2	،	.	.	.	Si
3	بنابر	بنابر|بر|بر	بنابر|بر|بر	بنابر|ب + نا + بر|ب + نا + بر	Pr1|O + Neg + VPr|O + Neg + N1
4	طبیعت	طبیعت	طبیعت	طبیعت	N1
5	خود	خود|خود	خود|خود	خود|خود	N8|N1
6	،	.	.	.	Si
7	کم‌وبیش	کم‌وبیش	کم‌وبیش	کم‌وبیش	Ad
8	متجاوز	متجاوز	متجاوز	متجاوز	A0
9	باشند	باش|باش	باش|باش	باش + ند|باش + ند	V1 + N|V5 + V
10	.	.	.	.	Si

0	اگر	اگر	اگر	اگر	C0
1	جز	جز	جز	جز	Pr
2	این	این|این	این|این	این|این	A1|N6
3	باشد	باش|اشد	باش|اشد	باش + د|ب + اشد	V1 + N|O + A0

0	مشکل	مشکل	مشکل	مشکل	N1
1	است	است|اس	است|اس	است|اس + ت	V3|N1 + N

0	آن‌ها	آن‌|آن‌|آن|آن	آن‌|آن‌|آن|آن	آن‌ + ها|آن‌ + ها|آن + ‌ها|آن + ‌ها	A1 + Pl|N6 + Pl|A1 + Pl|N6 + Pl
1	از	از	از	از	Pr
2	چهار	چهار	چهار	چهار	Nu
3	دیوار	دیوار|دی	دیوار|دیوار	دیوار|دی + وار	N1|N1 + O
4	خود	خود|خود	خود|خود	خود|خود	N8|N1
5	به	به|به	به|به	به|به	Pr|N1
6	درآیند	آی	آی	در + آی + ند	VPr + V1 + N
7	،	.	.	.	Si

0	و	و|و|و	و|و|و	و|و|و	Al|C0|Ab
1	از	از	از	از	Pr
2	ماندن	ماند	ماند	ماند + ن	V2 + Neg
3	در	در|در|در|در|در	در|در|در|در|در	در|در|در|در|در	N1|Pr|V1|VPr|N1
4	آن	آن|آن	آن|آن	آن|آن	A1|N6
5	چهارچوب	چهارچوب	چهارچوب	چهارچوب	N1
6	به	به|به	به|به	به|به	Pr|N1
7	خاطر	خاطر|خاطر	خاطر|خاطر	خاطر|خاطر	N1|N9
8	طبع	طبع	طبع	طبع	N1
9	خود	خود|خود	خود|خود	خود|خود	N8|N1
10	،	.	.	.	Si
11	نمی‌توانند	نمی‌توانند|نمی‌توان|نمی‌تو	نمی‌توانند|نمی‌توان|نمی‌تو	نمی‌توانند|نمی‌توان + ند|نمی‌تو + ان + ند	N1|N1 + V|N1 + Pl + V

0	راضی	راضی	راضی	راضی	A0
1	باشند	باش|باش	باش|باش	باش + ند|باش + ند	V1 + N|V5 + V
2	.	.	.	.	Si

0	»	»	»	»	Si
1	«	«	«	«	Si
2	همه	همه|همه|هم|هم	همه|همه|هم|هم	همه|همه|هم + ه|هم + ه	A2|N1|Ad + O|N8 + O
3	قاتلن	قاتلن	قاتلن	قاتلن	N1
4	؛	؛	؛	؛	Si

0	همیشه	همیشه|هم|هم	همیشه|هم|هم	همیشه|هم + ی + ش + ه|هم + ی + ش + ه	Ad|Ad + Y + N + O|N8 + Y + N + O
1	زمین	زمین|زم|مین	زمین|زمین|مینین	زمین|زم + ین|ز + مین	N1|N1 + O|O + N1
2	جاری	جاری|جار	جاری|جار	جاری|جار + ی	A0|N1 + Y||N1 + V
3	از	از	از	از	Pr
4	خون	خون	خون	خون	N1
5	بوده	بوده|بود|بود|بود|بو	بوده|بود|بود|بود|بو	بوده|بود + ه|بود + ه|بود + ه|بو + د + ه	V2|N1 + O|V2 + O|V3 + O|V1 + N + O
6	.	.	.	.	Si

0	روی	روی|روی|رو|رو|رو|رو	روی|روی|رو|رو|رو|رو	روی|روی|رو + ی|رو + ی|رو + ی|رو + ی	N1|N1|V1 + N|N1 + Y||N1 + V|N9 + Y|V1 + N
1	زمین	زمین|زم|مین	زمین|زمین|مینین	زمین|زم + ین|ز + مین	N1|N1 + O|O + N1
2	کسایی	کسایی|کسا	کسایی|کسا	کسایی|کسا + ی + ی	N4|N1 + Y + Y
3	که	که|که|که|که	که|که|که|که	که|که|که|که	N1|C0|NA|N1
4	قتل	قتل	قتل	قتل	N1
5	می‌کنن	می‌کنن	می‌کنن	می‌کنن	N1

0	بعدها	بعدها|بعد|بعد|بعد	بعدها|بعد|بعد|بعد	بعدها|بعد + ها|بعد + ها|بعد + ها	Ad|A0 + Pl|N9 + Pl|N1 + Pl
1	صاحب	صاحب	صاحب	صاحب	N1
2	بزرگ‌ترین	بزرگ‌|بزرگ|رگ‌|رگ	بزرگ‌|بزرگ|رگ‌|رگ	بزرگ‌ + ترین|بزرگ + ‌ترین|ب + ز + رگ‌ + ترین|ب + ز + رگ + ‌ترین	A0 + O|A0 + O|O + O + N1 + O|O + O + N1 + O
3	افتخارها	افتخار	افتخار	افتخار + ها	N1 + Pl
4	شدن	شدن	شدن	شدن	N1
5	.	.	.	.	Si

0	من	من	من	من	N5
1	فقط	فقط	فقط	فقط	Ad
2	می‌خواستم	‌خواست|خواست	‌خواست|خواست	می + ‌خواست + م|می‌ + خواست + م	VPr + V2 + N|VPr + V2 + N

0	به	به|به	به|به	به|به	Pr|N1
1	مردم	مردم|مرد|مرد	مردم|مرد|مرد	مردم|مرد + م|مرد + م	N1|N1 + N||N1 + V|V2 + N
2	خوبی	خوبی|خوب	خوبی|خوب	خوبی|خوب + ی	N1|A0 + Y
3	کنم	کن|کن|کن	کن|کن|کن	کن + م|کن + م|کن + م	N2 + N|V1 + N|V1 + N
4	.	.	.	.	Si

0	کشتن	کشت|کشت	کشت|کشت	کشت + ن|کشت + ن	V2 + Neg|V2 + Neg
1	یک	یک	یک	یک	Nu
2	پیرزن	پیرزن	پیرزن	پیرزن	N1
3	رباخوار	رباخوار	رباخوار	رباخوار	A0

0	و	و|و|و	و|و|و	و|و|و	Al|C0|Ab
1	از	از	از	از	Pr
2	بین	بین|بین|بین|ین	بین|بین|بین|ین	بین|بین|بین|ب + ین	A0|N9|V1|O + N1
3	بردن	برد	برد	برد + ن	V2 + Neg
4	یک	یک	یک	یک	Nu
5	حشره‌ی	حشره‌|حشره|حشر	حشره‌|حشره|حشر	حشره‌ + ی|حشره + ‌ی|حشر + ه‌ + ی	N1 + Y||N1 + V|N1 + Y||N1 + V|N1 + O + Y
6	کثیف	کثیف	کثیف	کثیف	A0
7	،	.	.	.	Si

0	کجاش	کجاش|کجا	کجاش|کجا	کجاش|کجا + ش	N1|N1 + N
1	جنایته	جنایت	جنایت	جنایت + ه	N1 + O
2	؟	؟	؟	؟	Si

0	»	»	»	»	Si
1	«	«	«	«	Si
2	همه	همه|همه|هم|هم	همه|همه|هم|هم	همه|همه|هم + ه|هم + ه	A2|N1|Ad + O|N8 + O
3	چیزم	چیز	چیز	چیز + م	N1 + N||N1 + V
4	را	را	را	را	Po
5	باخته بودم	باخت	باخت	باخت + ه + بود + م	V2 + O + V + N
6	.	.	.	.	Si

0	همه	همه|همه|هم|هم	همه|همه|هم|هم	همه|همه|هم + ه|هم + ه	A2|N1|Ad + O|N8 + O
1	چیزم	چیز	چیز	چیز + م	N1 + N||N1 + V
2	را	را	را	را	Po
3	!	!	!	!	Si

0	از	از	از	از	Pr
1	کازینو	کازینو	کازینو	کازینو	N1
2	بیرون	بیرون|رون	بیرون|رون	بیرون|بی + رون	N1|O + N1
3	آمدم	آمد|آمد	آمد|آمد	آمد + م|آمد + م	N1 + N||N1 + V|V2 + N
4	.	.	.	.	Si

0	آن	آن|آن	آن|آن	آن|آن	A1|N6
1	وقت	وقت|وقت	وقت|وقت	وقت|وقت	N1|N9
2	دیدم	دید|دید	دید|دید	دید + م|دید + م	N1 + N||N1 + V|V2 + N

0	یک	یک	یک	یک	Nu
1	گولدن	گولدن	گولدن	گولدن	N1
2	ته	ته|ته	ته|ته	ته|ته	Ad|V1
3	جیب	جیب	جیب	جیب	N1
4	جلیقه‌ام	جلیقه‌ام|جلیقه‌ا	جلیقه‌ام|جلیقه‌ا	جلیقه‌ام|جلیقه‌ا + م	N1|N1 + N||N1 + V
5	مانده	مانده|ماند|مان|ما	مانده|ماند|مان|ما	مانده|ماند + ه|مان + د + ه|ما + ند + ه	A0|V2 + O|V1 + N + O|N5 + V + O
6	.	.	.	.	Si

0	گفتم	گفت|گفت	گفت|گفت	گفت + م|گفت + م	N1 + N||N1 + V|V2 + N
1	:	:	:	:	Si

0	«	«	«	«	Si
1	آه	آه	آه	آه	N1
2	پس	پس|پس	پس|پس	پس|پس	Ad|N9
3	هنوز	هنوز	هنوز	هنوز	Ad
4	می‌توانم	می‌توانم|می‌توان|می‌تو	می‌توانم|می‌توان|می‌تو	می‌توانم|می‌توان + م|می‌تو + ان + م	N1|N1 + N||N1 + V|N1 + Pl + N

0	غذایی	غذایی|غذا	غذایی|غذا	غذایی|غذا + ی + ی	A0|N1 + Y + Y
1	بخورم	بخور|بخور|خور	بخور|بخور|خور	بخور + م|بخور + م|ب + خور + م	A0 + N|N1 + N||N1 + V|VPr + V6 + N
2	!	!	!	!	Si

0	»	»	»	»	Si
1	اما	اما	اما	اما	C0
2	صد	صد	صد	صد	Nu
3	قدم	قدم|قدم|قد|قد	قدم|قدم|قد|قد	قدم|قدم|قد + م|قد + م	N1|N1|N1 + N||N1 + V|A0 + N
4	نرفته بودم	رفت|رفت	رفت|رفت	ن + رفت + ه + بود + م|ن + رفت + ه + بود + م	Neg + V2 + O + V + N|Neg + V2 + O + V + N

0	که	که|که|که|که	که|که|که|که	که|که|که|که	N1|C0|NA|N1
1	تصمیمم	تصمیم	تصمیم	تصمیم + م	N1 + N||N1 + V
2	عوض	عوض	عوض	عوض	N1
3	شد	شد	شد	شد	V3
4	.	.	.	.	Si

0	برگشتم	برگشت|برگشت|برگ|رگ	برگشت|برگشت|برگ|رگ	برگشت + م|برگشت + م|برگ + ش + ت + م|ب + رگ + ش + ت + م	N1 + N||N1 + V|V2 + N|N1 + N + N + N|O + N1 + N + N + N

0	و	و|و|و	و|و|و	و|و|و	Al|C0|Ab
1	یک	یک	یک	یک	Nu
2	گولدن	گولدن	گولدن	گولدن	N1
3	را	را	را	را	Po
4	روی	روی|روی|رو|رو|رو|رو	روی|روی|رو|رو|رو|رو	روی|روی|رو + ی|رو + ی|رو + ی|رو + ی	N1|N1|V1 + N|N1 + Y||N1 + V|N9 + Y|V1 + N
5	مانک	مانک|مان	مانک|مان	مانک|مان + ک	N1|N1 + O
6	گذاشتم	گذاشت	گذاشت	گذاشت + م	V2 + N

0	(	(	(	(	Si
1	بله	بله|بله|بل|بل|له|له|له|له	بله|بله|بل|بل|له|له|له|له	بله|بله|بل + ه|بل + ه|ب + له|ب + له|ب + له|ب + له	Ad|A0|N1 + O|N1 + O|O + N1|O + N9|O + A0|VPr + V6
2	خوب	خوب	خوب	خوب	A0
3	به	به|به	به|به	به|به	Pr|N1
4	یاد	یاد	یاد	یاد	N1
5	دارم	دار|دار|دار	دار|دار|دار	دار + م|دار + م|دار + م	N1 + N||N1 + V|V1 + N|V5 + N
6	.	.	.	.	Si

0	روی	روی|روی|رو|رو|رو|رو	روی|روی|رو|رو|رو|رو	روی|روی|رو + ی|رو + ی|رو + ی|رو + ی	N1|N1|V1 + N|N1 + Y||N1 + V|N9 + Y|V1 + N
1	مانک	مانک|مان	مانک|مان	مانک|مان + ک	N1|N1 + O
2	)	)	)	)	Si
3	و	و|و|و	و|و|و	و|و|و	Al|C0|Ab
4	جدا	جدا	جدا	جدا	A0

0	وقتی	وقتی|وقت|وقت	وقتی|وقت|وقت	وقتی|وقت + ی|وقت + ی	Ad|N1 + Y||N1 + V|N9 + Y
1	آدم	آدم	آدم	آدم	N1
2	در	در|در|در|در|در	در|در|در|در|در	در|در|در|در|در	N1|Pr|V1|VPr|N1
3	کشوری	کشوری|کشور|کش|کش	کشوری|کشور|کشور|کشور	کشوری|کشور + ی|کش + ور + ی|کش + ور + ی	A0|N1 + Y||N1 + V|V1 + O + N|V1 + O + N
4	بیگانه	بیگانه|بیگ|یگانه|یگان|یه|گانه|گان	بیگانه|بیگانه|یگانهانه|یگانانه|یهانه|گانهانه|گانانه	بیگانه|بیگ + انه|ب + یگانه|ب + یگان + ه|ب + یه + گانه|بی + گانه|بی + گان + ه	A0|N1 + O|O + A0|O + N1 + O|O + N1 + O|O + N1|O + N1 + O
5	دور	دور|دور	دور|دور	دور|دور	N1|A0
6	از	از	از	از	Pr
7	وطن	وطن	وطن	وطن	N1
8	و	و|و|و	و|و|و	و|و|و	Al|C0|Ab
9	کس	کس|کس	کس|کس	کس|کس	N1|N1
10	و	و|و|و	و|و|و	و|و|و	Al|C0|Ab
11	کارش	کار|کار	کار|کارش	کار + ش|کار + ش	N1 + N|V1 + O
12	تنهاست	تنهاست|تنهاس	تنهاست|تنهاس	تنهاست|تنهاس + ت	N1|N1 + N

0	و	و|و|و	و|و|و	و|و|و	Al|C0|Ab
1	نمی‌داند	‌دان|دان	‌دان|دان	ن + می + ‌دان + د|ن + می‌ + دان + د	Neg + VPr + V1 + N|Neg + VPr + V1 + N

0	که	که|که|که|که	که|که|که|که	که|که|که|که	N1|C0|NA|N1
1	همان	همان|همان|هم|هم|ان	همان|همان|هم|هم|ان	همان|همان|هم + ان|هم + ان|هم + ان	A1|N6|Ad + Pl|N8 + Pl|O + N1
2	روز	روز	روز	روز	N1
3	چه	چه|چه|چه	چه|چه|چه	چه|چه|چه	A0|C0|NA
4	خواهد خورد	خواهدخورد	خواهدخورد	خواهدخورد	N1

0	و	و|و|و	و|و|و	و|و|و	Al|C0|Ab
1	می‌خواهد	‌خواه|خواه	‌خواه|خواه	می + ‌خواه + د|می‌ + خواه + د	VPr + V1 + N|VPr + V1 + N

0	آخرین	آخر	آخرین	آخر + ین	N1 + O
1	گولدن	گولدن	گولدن	گولدن	N1
2	خود	خود|خود	خود|خود	خود|خود	N8|N1
3	را	را	را	را	Po
4	آخرینش	آخر	آخرین	آخر + ین + ش	N1 + O + N
5	را	را	را	را	Po
6	به	به|به	به|به	به|به	Pr|N1
7	خطر	خطر	خطر	خطر	N1
8	اندازد	انداز	انداز	انداز + د	V1 + N

0	احساس	احساس	احساس	احساس	N1
1	عجیبی	عجیبی|عجیب	عجیبی|عجیب	عجیبی|عجیب + ی	A0|A0 + Y
2	دارد	دار	دار	دار + د	V1 + N
3	.	.	.	.	Si

0	اما	اما	اما	اما	C0
1	خطر	خطر	خطر	خطر	N1
2	کردم	کرد|کرد	کرد|کرد	کرد + م|کرد + م	V2 + N|N1 + N||N1 + V

0	و	و|و|و	و|و|و	و|و|و	Al|C0|Ab
1	بردم	برد|برد|بر|بر|رد	برد|برد|بر|بر|رد	برد + م|برد + م|بر + د + م|بر + د + م|ب + رد + م	N1 + N||N1 + V|V2 + N|V1 + N + N|V1 + N + N|O + A0 + N

0	و	و|و|و	و|و|و	و|و|و	Al|C0|Ab
1	بیست	بیست|ست	بیست|ست	بیست|بی + ست	Nu|O + N1
2	دقیقه	دقیقه|دقیق	دقیقه|دقیق	دقیقه|دقیق + ه	N1|A0 + O
3	بعد	بعد|بعد|بعد	بعد|بعد|بعد	بعد|بعد|بعد	A0|N9|N1
4	با	با	با	با	Pr
5	صد	صد	صد	صد	Nu
6	و	و|و|و	و|و|و	و|و|و	Al|C0|Ab
7	هفتاد	هفتاد	هفتاد	هفتاد	Nu
8	گولدن	گولدن	گولدن	گولدن	N1
9	در	در|در|در|در|در	در|در|در|در|در	در|در|در|در|در	N1|Pr|V1|VPr|N1
10	جیب	جیب	جیب	جیب	N1
11	از	از	از	از	Pr
12	کازینو	کازینو	کازینو	کازینو	N1
13	بیرون	بیرون|رون	بیرون|رون	بیرون|بی + رون	N1|O + N1
14	آمدم	آمد|آمد	آمد|آمد	آمد + م|آمد + م	N1 + N||N1 + V|V2 + N
15	.	.	.	.	Si

0	این	این|این	این|این	این|این	A1|N6
1	یک	یک	یک	یک	Nu
2	واقعیت	واقعیت|واقعی|واقع	واقعیت|واقعی|واقع	واقعیت|واقعی + ت|واقع + ی + ت	N1|A0 + N|N1 + Y + N
3	است	است|اس	است|اس	است|اس + ت	V3|N1 + N
4	.	.	.	.	Si

0	گاهی	گاهی|گاه|گا	گاهی|گاه|گا	گاهی|گاه + ی|گا + ه + ی	Ad|Ad + Y|V1 + O + N
1	آخرین	آخر	آخرین	آخر + ین	N1 + O
2	گولدن	گولدن	گولدن	گولدن	N1
3	چه	چه|چه|چه	چه|چه|چه	چه|چه|چه	A0|C0|NA
4	کارها	کار|کار	کار|کار	کار + ها|کار + ها	N1 + Pl|V1 + Pl
5	می‌کند	می‌|می‌|می|می|‌کن|‌کن|کن|کن	می‌|می‌|می|می|‌کن|‌کن|کن|کن	می‌ + ک + ند|می‌ + ک + ند|می + ‌ک + ند|می + ‌ک + ند|می + ‌کن + د|می + ‌کن + د|می‌ + کن + د|می‌ + کن + د	N1 + O + V|N1 + O + V|N1 + O + V|N1 + O + V|VPr + V1 + N|VPr + V1 + N|VPr + V1 + N|VPr + V1 + N
6	!	!	!	!	Si

0	اگر	اگر	اگر	اگر	C0
1	شکستم	شکست|شکست	شکست|شکست	شکست + م|شکست + م	N1 + N||N1 + V|V2 + N
2	را	را	را	را	Po
3	پذیرفته بودم	پذیرفت	پذیرفت	پذیرفت + ه + بود + م	V2 + O + V + N

0	اگر	اگر	اگر	اگر	C0
1	جرئت	جرئت	جرئت	جرئت	N1
2	تصمیم	تصمیم	تصمیم	تصمیم	N1
3	نمی‌داشتم	‌داشت|داشت	‌داشت|داشت	ن + می + ‌داشت + م|ن + می‌ + داشت + م	Neg + VPr + V2 + N|Neg + VPr + V2 + N

0	چه	چه|چه|چه	چه|چه|چه	چه|چه|چه	A0|C0|NA
1	شده بود	شدهبود	شدهبود	شدهبود	N1
2	؟	؟	؟	؟	Si

0	…	…	…	…	N1
1	فردا	فردا	فردا	فردا	Ad
2	،	.	.	.	Si
3	فردا	فردا	فردا	فردا	Ad
4	،	.	.	.	Si
5	همه	همه|همه|هم|هم	همه|همه|هم|هم	همه|همه|هم + ه|هم + ه	A2|N1|Ad + O|N8 + O
6	چیز	چیز	چیز	چیز	N1
7	تمام	تمام|تمام	تمام|تمام	تمام|تمام	A0|N9
6	خواهد شد	خواه	خواه	خواه + د + ش + د	V1 + N + O + N
7	.	.	.	.	Si
8 	» 	»	»	»	Si
