0	آن	آن|آن	آن|آن	آن|آن	A1|N6
1	روز	روز	روز	روز	N1
2	مورخ	مورخ|مورخ	مورخ|مورخ	مورخ|مورخ	A0|N1
3	۹۷/۷/۲۰	۹۷/۷/۲۰	۹۷/۷/۲۰	۹۷/۷/۲۰	No
4	یا	یا|یا	یا|یا	یا|یا	C0|Intj
5	به عبارتی	بهعبارتی|بهعبارت|بهعبار|بهع|هعبارتی|هعبارت|هعبار|هع	بهعبارتی|بهعبارت|بهعبار|بهع|هعبارتی|هعبارت|هعبار|هع	بهعبارتی|بهعبارت + ی|بهعبار + ت + ی|بهع + بار + ت + ی|ب + هعبارتی|ب + هعبارت + ی|ب + هعبار + ت + ی|ب + هع + بار + ت + ی	N1|N1 + Y||N1 + V|N1 + N + Y|N1 + O + N + Y|O + N1|O + N1 + Y|O + N1 + N + Y|O + N1 + O + N + Y
6	۲۰	۲۰	۲۰	۲۰	No
7	مهر	مهر|مهر|مهر	مهر|مهر|مهر	مهر|مهر|مهر	N1|N1|N1
8	۹۷	۹۷	۹۷	۹۷	No
9	حدود	حدود|حدود	حدود|حدود	حدود|حدود	N1|N9
10	ساعت	ساعت	ساعت	ساعت	N1
11	۹:۱۵	۹:۱۵	۹:۱۵	۹:۱۵	N1
12	در	در|در|در|در|در	در|در|در|در|در	در|در|در|در|در	N1|Pr|V1|VPr|N1
13	کلاس	کلاس	کلاس	کلاس	N1
14	مبحثی	مبحث	مبحث	مبحث + ی	N1 + Y||N1 + V
15	بیان	بیان|ان	بیان|ان	بیان|بی + ان	N1|O + N1
16	شد	شد	شد	شد	V3
17	که	که|که|که|که	که|که|که|که	که|که|که|که	N1|C0|NA|N1
18	بیانگر	بیانگر|بیان|ان	بیانگر|بیان|ان	بیانگر|بیان + گر|بی + ان + گر	N1|N1 + O|O + N1 + O
19	ابهامات	ابهام	ابهام	ابهام + ات	N1 + Pl
20	بسیاری	بسیاری|بسیار|بسیار|سیار|یاری|یار	بسیاری|بسیار|بسیار|سیار|یاری|یار	بسیاری|بسیار + ی|بسیار + ی|ب + سیار + ی|بس + یاری|بس + یار + ی	A2|A0 + Y|Ad + Y|O + A0 + Y|O + N1|O + N1 + Y
21	بود	بود|بود|بود|بو	بود|بود|بود|بو	بود|بود|بود|بو + د	N1|V2|V3|V1 + N
22	.	.	.	.	Si

0	به طوریکه	بهطوریکه|بهطوریک|بهطوری|بهطور|بهط|هطوریکه|هطوریک|هطوری|هطور|هط	بهطوریکه|بهطوریک|بهطوری|بهطور|بهط|هطوریکه|هطوریک|هطوری|هطور|هط	بهطوریکه|بهطوریک + ه|بهطوری + ک + ه|بهطور + یک + ه|بهط + ور + یک + ه|ب + هطوریکه|ب + هطوریک + ه|ب + هطوری + ک + ه|ب + هطور + یک + ه|ب + هط + ور + یک + ه	N1|N1 + O|N1 + O + O|N1 + O + O|N1 + O + O + O|O + N1|O + N1 + O|O + N1 + O + O|O + N1 + O + O|O + N1 + O + O + O
1	هر	هر	هر	هر	A1
2	نفر	نفر	نفر	نفر	N1
3	پاسخ	پاسخ	پاسخ	پاسخ	N1
4	متفاوتی	متفاوت	متفاوت	متفاوت + ی	A0 + Y
5	داشت	داشت|داشت|داشت|داش	داشت|داشت|داشت|داش	داشت|داشت|داشت|داش + ت	N1|V2|V5|N1 + N
6	و	و|و|و	و|و|و	و|و|و	Al|C0|Ab
7	هرکس	هرکس	هرکس	هرکس	N1
8	جداگانه	جداگانه	جداگانه	جداگانه	Ad
9	برای	برای|برا|بر|بر|بر|بر	برای|برا|برا|بر|بر|برا	برای|برا + ی|بر + ا + ی|بر + ای|بر + ای|بر + ا + ی	Pr|A0 + Y|V1 + O + N|VPr + O|N1 + O|V1 + O + N
10	خود	خود|خود	خود|خود	خود|خود	N8|N1
11	دانش‌اندوزی	دانش‌اندوزی	دانش‌اندوزی	دانش‌اندوزی	N1
12	می‌کرد	‌کرد|کرد	‌کرد|کرد	می + ‌کرد|می‌ + کرد	VPr + V2|VPr + V2
13	!	!	!	!	Si

0	جواب	جواب	جواب	جواب	N1
1	درست	درست|درس|ست	درست|درس|ست	درست|درس + ت|در + ست	A0|N1 + N|O + N1
2	۰.۸۹	۰.۸۹	۰.۸۹	۰.۸۹	No
3	بود	بود|بود|بود|بو	بود|بود|بود|بو	بود|بود|بود|بو + د	N1|V2|V3|V1 + N
4	ولی	ولی|ولی|ول|ول	ولی|ولی|ول|ول	ولی|ولی|ول + ی|ول + ی	C0|N1|A0 + Y|N1 + Y||N1 + V
5	هرکس	هرکس	هرکس	هرکس	N1
6	یک	یک	یک	یک	Nu
7	چیزی	چیزی|چیز	چیزی|چیز	چیزی|چیز + ی	Ad|N1 + Y||N1 + V
8	برای	برای|برا|بر|بر|بر|بر	برای|برا|برا|بر|بر|برا	برای|برا + ی|بر + ا + ی|بر + ای|بر + ای|بر + ا + ی	Pr|A0 + Y|V1 + O + N|VPr + O|N1 + O|V1 + O + N
9	گفتن	گفت	گفت	گفت + ن	V2 + O
10	داشت	داشت|داشت|داشت|داش	داشت|داشت|داشت|داش	داشت|داشت|داشت|داش + ت	N1|V2|V5|N1 + N
11	!	!	!	!	Si

0	مانند	مانند|مانند|مان|مان	مانند|مانند|مان|مان	مانند|مانند|مان + ند|مان + ند	N1|N9|N1 + V|V1 + N
1	۳/۴	۳/۴	۳/۴	۳/۴	No
2	،	.	.	.	Si
3	۰.۳۲	۰.۳۲	۰.۳۲	۰.۳۲	No
4	۰.۴	۰.۴	۰.۴	۰.۴	No
5	و	و|و|و	و|و|و	و|و|و	Al|C0|Ab
6	...	...	...	...	N1


0	نزدیک‌ترین	نزدیک‌|نزدیک‌|نزدیک|نزدیک|نزد	نزدیک‌|نزدیک‌|نزدیک|نزدیک|نزد	نزدیک‌ + ترین|نزدیک‌ + ترین|نزدیک + ‌ترین|نزدیک + ‌ترین|نزد + یک‌ + ترین	A0 + O|N9 + O|A0 + O|N9 + O|N9 + O + O
1	جواب	جواب	جواب	جواب	N1
2	را	را	را	را	Po
3	فاطمه	فاطمه	فاطمه	فاطمه	N3
4	داده	داده|داد|داد	داده|داد|داد	داده|داد + ه|داد + ه	N1|N1 + O|V2 + O
5	بود	بود|بود|بود|بو	بود|بود|بود|بو	بود|بود|بود|بو + د	N1|V2|V3|V1 + N
6	،	.	.	.	Si
7	۱.۱۲	۱.۱۲	۱.۱۲	۱.۱۲	No
8	!	!	!	!	Si

0	همهمه	همهمه|همه|همه|هم|هم|همه|همه|هم|هم	همهمه|همه|همه|هم|هم|همه|همه|هم|هم	همهمه|همه + م + ه|همه + م + ه|هم + ه + م + ه|هم + ه + م + ه|هم + همه|هم + همه|هم + هم + ه|هم + هم + ه	N1|A2 + N + O|N1 + N + O|Ad + O + N + O|N8 + O + N + O|O + A2|O + N1|O + Ad + O|O + N8 + O
1	درگرفته بود	درگرفت|گرفت|رفت|رفت	درگرفت|گرفت|رفت|رفت	درگرفت + ه + بود|در + گرفت + ه + بود|در + گ + رفت + ه + بود|در + گ + رفت + ه + بود	V2 + O + V|VPr + V2 + O + V|VPr + VPr + V2 + O + V|VPr + VPr + V2 + O + V
2	که	که|که|که|که	که|که|که|که	که|که|که|که	N1|C0|NA|N1
3	در	در|در|در|در|در	در|در|در|در|در	در|در|در|در|در	N1|Pr|V1|VPr|N1
4	نه	نه|نه|نه	نه|نه|نه	نه|نه|نه	N1|V1|Nu
5	و	و|و|و	و|و|و	و|و|و	Al|C0|Ab
6	سی	سی|سی	سی|سی	سی|سی	Ab|Nu
7	دقیقه	دقیقه|دقیق	دقیقه|دقیق	دقیقه|دقیق + ه	N1|A0 + O
8	،	.	.	.	Si
9	معلم	معلم|معلم	معلم|معلم	معلم|معلم	N1|N4
10	رسید	رسید|رسید|رس|رس	رسید|رسید|رس|رس	رسید|رسید|رس + ید|رس + ید	N1|V2|V1 + N|N1 + V
11	؛	؛	؛	؛	Si
12	همان	همان|همان|هم|هم|ان	همان|همان|هم|هم|ان	همان|همان|هم + ان|هم + ان|هم + ان	A1|N6|Ad + Pl|N8 + Pl|O + N1
13	ابتدا	ابتدا	ابتدا	ابتدا	N1
14	پرسید	پرسید|پرس|پرس|پرس	پرسید|پرس|پرس|پرس	پرسید|پرس + ید|پرس + ید|پرس + ید	V2|N1 + V|N1 + V|V1 + N
15	:	:	:	:	Si

0	«	«	«	«	Si
1	پاسخ	پاسخ	پاسخ	پاسخ	N1
2	۱.۱۲	۱.۱۲	۱.۱۲	۱.۱۲	No
3	را	را	را	را	Po
4	چه	چه|چه|چه	چه|چه|چه	چه|چه|چه	A0|C0|NA
5	کسی	کسی|کس|کس	کسی|کس|کس	کسی|کس + ی|کس + ی	A2|N1 + Y||N1 + V|N1 + Y||N1 + V
6	بدست‌	بدست‌|دست‌|دست‌	بدست‌|دست‌|دست‌	بدست‌|ب + دست‌|ب + دست‌	N1|O + N1|O + N9
7	آورده	آورده|آورد|آور	آورده|آورد|آور	آورده|آورد + ه|آور + د + ه	A0|V2 + O|V1 + N + O
8	؟	؟	؟	؟	Si

0	اسمی	اسمی|اسم|اس	اسمی|اسم|اس	اسمی|اسم + ی|اس + م + ی	A0|N1 + Y||N1 + V|N1 + N + Y
1	روی	روی|روی|رو|رو|رو|رو	روی|روی|رو|رو|رو|رو	روی|روی|رو + ی|رو + ی|رو + ی|رو + ی	N1|N1|V1 + N|N1 + Y||N1 + V|N9 + Y|V1 + N
2	برگه‌اش	برگه‌اش|برگه‌ا|رگه‌اش|رگه‌ا	برگه‌اش|برگه‌ا|رگه‌اش|رگه‌ا	برگه‌اش|برگه‌ا + ش|ب + رگه‌اش|ب + رگه‌ا + ش	N1|N1 + N|O + N1|O + N1 + N
3	نبود	نبود|نبود|بود|بود|بو	نبود|نبود|بود|بود|بو	نبود|نبود|ن + بود|ن + بود|ن + بو + د	N1|V2|Neg + V2|Neg + V3|Neg + V1 + N
4	!	!	!	!	Si

0	»	»	»	»	Si
1	همین	همین|همین|هم|هم|ین	همین|همین|هم|هم|ین	همین|همین|هم + ین|هم + ین|هم + ین	A1|N6|Ad + O|N8 + O|O + N1
2	جا	جا	جا	جا	N1
3	بود	بود|بود|بود|بو	بود|بود|بود|بو	بود|بود|بود|بو + د	N1|V2|V3|V1 + N
4	که	که|که|که|که	که|که|که|که	که|که|که|که	N1|C0|NA|N1
5	فاطمه	فاطمه	فاطمه	فاطمه	N3
6	فهمید	فهمید|فهم|فهم	فهمید|فهم|فهم	فهمید|فهم + ید|فهم + ید	V2|N1 + V|V1 + N
7	حق	حق|حق	حق|حق	حق|حق	N1|N9
8	با	با	با	با	Pr
9	او	او|او	او|او	او|او	Ab|N5
10	بوده	بوده|بود|بود|بود|بو	بوده|بود|بود|بود|بو	بوده|بود + ه|بود + ه|بود + ه|بو + د + ه	V2|N1 + O|V2 + O|V3 + O|V1 + N + O
11	!	!	!	!	Si

0	دیگر	دیگر|دیگر|دی	دیگر|دیگر|دی	دیگر|دیگر|دی + گر	A2|N1|N1 + O
1	ساعت	ساعت	ساعت	ساعت	N1
2	۱۰	۱۰	۱۰	۱۰	No
3	شده‌بود	شده‌بود	شده‌بود	شده‌بود	N1
4	.	.	.	.	Si

0	همه	همه|همه|هم|هم	همه|همه|هم|هم	همه|همه|هم + ه|هم + ه	A2|N1|Ad + O|N8 + O
1	آرام	را	آر	آرام|آرام|آرا + م|آرا + م|N + #	A0|V1|N1 + N||N1 + V|V1 + N|N + N
2	شدند	شد	شد	شد + ند	V3 + N
3	و	و|و|و	و|و|و	و|و|و	Al|C0|Ab
4	دیگر	دیگر|دیگر|دی	دیگر|دیگر|دی	دیگر|دیگر|دی + گر	A2|N1|N1 + O
5	به	به|به	به|به	به|به	Pr|N1
6	شدت	شدت	شدت	شدت	N1
7	شک‌ها	شک‌|شک‌|شک|شک	شک‌|شک‌|شک|شک	شک‌ + ها|شک‌ + ها|شک + ‌ها|شک + ‌ها	N1 + Pl|N1 + Pl|N1 + Pl|N1 + Pl
8	برطرف	برطرف	برطرف	برطرف	A0
9	شده بود	شدهبود	شدهبود	شدهبود	N1
10	و	و|و|و	و|و|و	و|و|و	Al|C0|Ab
11	برایشان	برا|بر|بر|بر|بر	برا|برا|بر|بر|برا	برا + ی + شان|بر + ا + یشان|بر + ای + شان|بر + ای + شان|بر + ا + یشان	A0 + Y + N|V1 + O + N|VPr + O + N|N1 + O + N|V1 + O + N
12	بسیار	بسیار|بسیار|سیار|یار	بسیار|بسیار|سیار|یار	بسیار|بسیار|ب + سیار|بس + یار	A0|Ad|O + A0|O + N1
13	تعجب‌آور	تعجب‌آور|تعجب‌|تعجب	تعجب‌آور|تعجب‌|تعجب	تعجب‌آور|تعجب‌ + آور|تعجب + ‌آور	A0|N1 + O|N1 + O
14	بود	بود|بود|بود|بو	بود|بود|بود|بو	بود|بود|بود|بو + د	N1|V2|V3|V1 + N
15	... _	..._	..._	..._	N1

0	همه	همه|همه|هم|هم	همه|همه|هم|هم	همه|همه|هم + ه|هم + ه	A2|N1|Ad + O|N8 + O
1	با	با	با	با	Pr
2	کنجکاوی	کنجکاوی|کنجکاو	کنجکاوی|کنجکاو	کنجکاوی|کنجکاو + ی	N1|A0 + Y
3	به	به|به	به|به	به|به	Pr|N1
4	تخته	تخته|تخت	تخته|تخت	تخته|تخت + ه	N1|N1 + O
5	نگاه	نگاه|گا	نگاه|گا	نگاه|ن + گا + ه	N1|Neg + V1 + O
6	می‌کردند	‌کرد|کرد	‌کرد|کرد	می + ‌کرد + ند|می‌ + کرد + ند	VPr + V2 + N|VPr + V2 + N
7	و	و|و|و	و|و|و	و|و|و	Al|C0|Ab
8	مشتاقانه	مشتاقانه|مشتاق	مشتاقانه|مشتاقانه	مشتاقانه|مشتاق + انه	Ad|A0 + O
9	حرکت	حرکت|حر|حر	حرکت|حر|حر	حرکت|حر + ک + ت|حر + ک + ت	N1|A0 + O + N|N3 + O + N
10	گچ	گچ	گچ	گچ	N1
11	روی	روی|روی|رو|رو|رو|رو	روی|روی|رو|رو|رو|رو	روی|روی|رو + ی|رو + ی|رو + ی|رو + ی	N1|N1|V1 + N|N1 + Y||N1 + V|N9 + Y|V1 + N
12	آن	آن|آن	آن|آن	آن|آن	A1|N6
13	را	را	را	را	Po
14	دنبال	دنبال|دنبال	دنبال|دنبال	دنبال|دنبال	N1|N9
15	،	.	.	.	Si
16	تا	تا|تا|تا|تا	تا|تا|تا|تا	تا|تا|تا|تا	Ab|C0|Pr|V1
17	راه‌حل	راه‌حل	راه‌حل	راه‌حل	N1
18	را	را	را	را	Po
19	ببینند	بین|بین|بین|ین	بین|بین|بین|ین	ب + بین + ند|ب + بین + ند|ب + بین + ند|ب + ب + ین + ند	O + A0 + V|O + N9 + V|VPr + V6 + N|O + O + N1 + V
20	که	که|که|که|که	که|که|که|که	که|که|که|که	N1|C0|NA|N1
21	ناگهان	ناگهان|ناگه|گه|گه	ناگهان|ناگه|گه|گه	ناگهان|ناگه + ان|نا + گه + ان|نا + گه + ان	Ad|Ad + Pl|Neg + Ad + Pl|Neg + N1 + Pl
22	در	در|در|در|در|در	در|در|در|در|در	در|در|در|در|در	N1|Pr|V1|VPr|N1
23	ساعت	ساعت	ساعت	ساعت	N1
24	۱۰:۱۵	۱۰:۱۵	۱۰:۱۵	۱۰:۱۵	N1
25	زنگ	زنگ	زنگ	زنگ	N1
26	خورد	خورد|خورد|خور	خورد|خورد|خور	خورد|خورد|خور + د	N1|V2|V1 + N
27	که	که|که|که|که	که|که|که|که	که|که|که|که	N1|C0|NA|N1
28	همه	همه|همه|هم|هم	همه|همه|هم|هم	همه|همه|هم + ه|هم + ه	A2|N1|Ad + O|N8 + O
29	را	را	را	را	Po
30	به	به|به	به|به	به|به	Pr|N1
31	دلیل	دلیل	دلیل	دلیل	N1
32	این	این|این	این|این	این|این	A1|N6
33	یک	یک	یک	یک	Nu
34	ربع	ربع	ربع	ربع	N1
35	زودتر	زود	زودتر	زود + تر	A0 + O
36	زنگ	زنگ	زنگ	زنگ	N1
37	خوردن	خورد	خورد	خورد + ن	V2 + O
38	تعجب‌زده	تعجب‌زده	تعجب‌زده	تعجب‌زده	A0
39	کرد	کرد|کرد	کرد|کرد	کرد|کرد	V2|N1
40	!	!	!	!	Si

0	معلم	معلم|معلم	معلم|معلم	معلم|معلم	N1|N4
1	به	به|به	به|به	به|به	Pr|N1
2	نماینده	نماینده|نما|نما|نما|نما|نما|نم	نماینده|نما|نما|نما|نما|نما|نم	نماینده|نما + ی + ند + ه|نما + ی + نده|نما + ی + ند + ه|نما + ی + نده|نما + ی + نده|نم + ای + ند + ه	N1|N1 + Y + V + O|V1 + N + O|N1 + Y + V + O|V1 + N + O|V1 + N + O|N1 + O + V + O
3	گفت	گفت|گفت	گفت|گفت	گفت|گفت	N1|V2
4	ایمیل	ایمیل	ایمیل	ایمیل	N1
5	(	(	(	(	Si
6	email	email	email	email	N1
7	)	)	)	)	Si
8	همه	همه|همه|هم|هم	همه|همه|هم|هم	همه|همه|هم + ه|هم + ه	A2|N1|Ad + O|N8 + O
9	دانش‌آموزان	دانش‌آموزان|دانش‌آموز	دانش‌آموزان|دانش‌آموز	دانش‌آموزان|دانش‌آموز + ان	N1|N1 + Pl
10	را	را	را	را	Po
11	بگیرد	گیر	گیر	ب + گیر + د	VPr + V6 + N
12	تا	تا|تا|تا|تا	تا|تا|تا|تا	تا|تا|تا|تا	Ab|C0|Pr|V1
13	پاسخ	پاسخ	پاسخ	پاسخ	N1
14	را	را	را	را	Po
15	به	به|به	به|به	به|به	Pr|N1
16	آن‌ها	آن‌|آن‌|آن|آن	آن‌|آن‌|آن|آن	آن‌ + ها|آن‌ + ها|آن + ‌ها|آن + ‌ها	A1 + Pl|N6 + Pl|A1 + Pl|N6 + Pl
17	میل	میل|میل	میل|میل	میل|میل	N1|N1
18	کند	کند|کن|کن	کند|کن|کن	کند|کن + د|کن + د	A0|V1 + N|V1 + N
19	.	.	.	.	Si

1	ایمیل‌های	ایمیل‌|ایمیل	ایمیل‌|ایمیل	ایمیل‌ + ها + ی|ایمیل + ‌ها + ی	N1 + Pl + Y|N1 + Pl + Y
2	جالبی	جالب	جالب	جالب + ی	A0 + Y
3	شنیده	شنیده|شنید|شن	شنیده|شنید|شن	شنیده|شنید + ه|شن + ید + ه	N1|V2 + O|N1 + V + O
4	می‌شد	‌شد|شد	‌شد|شد	می + ‌شد|می‌ + شد	VPr + V3|VPr + V3
5	،	.	.	.	Si
6	مثل	مثل|مثل|مثل|مثل	مثل|مثل|مثل|مثل	مثل|مثل|مثل|مثل	N1|N1|N9|N1
7	BeFunny@yahoo.com	BeFunny@yahoo.com	BeFunny@yahoo.com	BeFunny@yahoo.com	N1
8	،	.	.	.	Si
9	sara_happy_girl@gmail.com	sara_happy_girl@gmail.com	sara_happy_girl@gmail.com	sara_happy_girl@gmail.com	N1
10	یا	یا|یا	یا|یا	یا|یا	C0|Intj
11	lonely.girl@gamil.com	lonely.girl@gamil.com	lonely.girl@gamil.com	lonely.girl@gamil.com	N1
12	و	و|و|و	و|و|و	و|و|و	Al|C0|Ab
13	…	…	…	…	N1
14	که	که|که|که|که	که|که|که|که	که|که|که|که	N1|C0|NA|N1
15	تا	تا|تا|تا|تا	تا|تا|تا|تا	تا|تا|تا|تا	Ab|C0|Pr|V1
16	حدودی	حدود|حدود	حدود|حدود	حدود + ی|حدود + ی	N1 + Y||N1 + V|N9 + Y
17	از	از	از	از	Pr
18	روی	روی|روی|رو|رو|رو|رو	روی|روی|رو|رو|رو|رو	روی|روی|رو + ی|رو + ی|رو + ی|رو + ی	N1|N1|V1 + N|N1 + Y||N1 + V|N9 + Y|V1 + N
19	این	این|این	این|این	این|این	A1|N6
20	قبیل	قبیل|قبیل	قبیل|قبیل	قبیل|قبیل	N1|N9
21	آدرس	آدرس	آدرس	آدرس	N1
22	ایمیل‌ها	ایمیل‌|ایمیل	ایمیل‌|ایمیل	ایمیل‌ + ها|ایمیل + ‌ها	N1 + Pl|N1 + Pl
23	می‌توان	می‌توان|می‌تو	می‌توان|می‌تو	می‌توان|می‌تو + ان	N1|N1 + Pl
24	به	به|به	به|به	به|به	Pr|N1
25	حال	حال	حال	حال	Ad
26	درونی	درونی|درون|در|در|در|ون	درونی|درون|در|در|در|ون	درونی|درون + ی|در + ون + ی|در + ون + ی|در + ون + ی|در + ون + ی	A0|N1 + Y||N1 + V|N1 + Pl + Y|VPr + Pl + Y|N1 + Pl + Y|O + N1 + Y
27	صاحب	صاحب	صاحب	صاحب	N1
28	email	email	email	email	N1
29	پی	پی|پی|پی	پی|پی|پی	پی|پی|پی	N1|N9|Ab
30	برد	برد|برد|بر|بر|رد	برد|برد|بر|بر|رد	برد|برد|بر + د|بر + د|ب + رد	N1|V2|V1 + N|V1 + N|O + A0
31	..	..	..	..	N1

0	الگوریتم‌های	الگوریتم‌های|الگوریتم‌ها|الگوریتم‌ه|الگوریتم‌|الگوریتم|الگوریت|الگوری|الگور|الگ	الگوریتم‌های|الگوریتم‌ها|الگوریتم‌ه|الگوریتم‌|الگوریتم|الگوریت|الگوری|الگور|الگ	الگوریتم‌های|الگوریتم‌ها + ی|الگوریتم‌ه + ای|الگوریتم‌ + ها + ی|الگوریتم + ‌ها + ی|الگوریت + م‌ + ها + ی|الگوری + ت + م‌ + ها + ی|الگور + ی + ت + م‌ + ها + ی|الگ + ور + ی + ت + م‌ + ها + ی	N1|N1 + Y||N1 + V|N1 + O|N1 + Pl + Y|N1 + Pl + Y|N1 + N + Pl + Y|N1 + N + N + Pl + Y|N1 + Y + N + N + Pl + Y|N1 + O + Y + N + N + Pl + Y
1	مختلفی	مختلف	مختلف	مختلف + ی	A0 + Y
2	وجود	وجود|وجود	وجود|وجود	وجود|وجود	N1|N9
3	دارد	دار	دار	دار + د	V1 + N
4	برای	برای|برا|بر|بر|بر|بر	برای|برا|برا|بر|بر|برا	برای|برا + ی|بر + ا + ی|بر + ای|بر + ای|بر + ا + ی	Pr|A0 + Y|V1 + O + N|VPr + O|N1 + O|V1 + O + N
5	کلاس‌بندی	کلاس‌بندی|کلاس‌بند|کلاس‌ب	کلاس‌بندی|کلاس‌بند|کلاس‌ب	کلاس‌بندی|کلاس‌بند + ی|کلاس‌ب + ند + ی	N1|N1 + Y||N1 + V|N1 + V + Y
6	کردن	کرد	کرد	کرد + ن	V2 + O
7	داده‌ها	داده‌|داده|داد|داد	داده‌|داده|داد|داد	داده‌ + ها|داده + ‌ها|داد + ه‌ + ها|داد + ه‌ + ها	N1 + Pl|N1 + Pl|N1 + O + Pl|V2 + O + Pl
8	(	(	(	(	Si
9	data	data	data	data	N1
10	)	)	)	)	Si
11	؛	؛	؛	؛	Si
12	مانند	مانند|مانند|مان|مان	مانند|مانند|مان|مان	مانند|مانند|مان + ند|مان + ند	N1|N9|N1 + V|V1 + N
13	کی.ان.ان	کی.ان.ان|کی.ان.	کی.ان.ان|کی.ان.	کی.ان.ان|کی.ان. + ان	N1|N1 + Pl
14	،	.	.	.	Si
15	اس.وی.ام	اس.وی.ام|اس.وی.ا	اس.وی.ام|اس.وی.ا	اس.وی.ام|اس.وی.ا + م	N1|N1 + N||N1 + V
16	،	.	.	.	Si
17	سی.ان.ان	سی.ان.ان|سی.ان.	سی.ان.ان|سی.ان.	سی.ان.ان|سی.ان. + ان	N1|N1 + Pl
18	و	و|و|و	و|و|و	و|و|و	Al|C0|Ab
19	غیره	غیره|غیر|غیر	غیره|غیر|غیر	غیره|غیر + ه|غیر + ه	N1|A0 + O|N9 + O
20	،	.	.	.	Si
21	که	که|که|که|که	که|که|که|که	که|که|که|که	N1|C0|NA|N1
22	برای	برای|برا|بر|بر|بر|بر	برای|برا|برا|بر|بر|برا	برای|برا + ی|بر + ا + ی|بر + ای|بر + ای|بر + ا + ی	Pr|A0 + Y|V1 + O + N|VPr + O|N1 + O|V1 + O + N
23	هر	هر	هر	هر	A1
24	کاربرد	کاربرد	کاربرد	کاربرد	N1
25	باید	باید|ید|ید	باید|ید|ید	باید|با + ید|با + ید	V4|O + N1|O + N1
26	بررسی	بررسی|بررس	بررسی|بررس	بررسی|بررس + ی	N1|N1 + Y||N1 + V
27	کنیم	کن|کن|کن	کنی|کن|کن	کن + یم|کن + یم|کن + یم	N2 + V|V1 + N|V1 + N
28	ببینیم	بینی|بین|بین|بین|ین|نیم|نی|نی	بینی|بین|بین|بین|ین|نیم|نی|نی	ب + بینی + م|ب + بین + یم|ب + بین + یم|ب + بین + یم|ب + ب + ین + یم|ب + بی + نیم|ب + بی + نی + م|ب + بی + نی + م	O + N1 + N|O + A0 + V|O + N9 + V|VPr + V6 + N|O + O + N1 + V|O + O + N1|O + O + N1 + N|O + O + Ad + N
29	کدامیک	کدامیک	کدامیک	کدامیک	NA
30	برای	برای|برا|بر|بر|بر|بر	برای|برا|برا|بر|بر|برا	برای|برا + ی|بر + ا + ی|بر + ای|بر + ای|بر + ا + ی	Pr|A0 + Y|V1 + O + N|VPr + O|N1 + O|V1 + O + N
31	کارمان	کار|کار	کار|کار|کارمان	کار + مان|کار + مان	N1 + N|V1 + O
32	دقت	دقت|دق	دقت|دق	دقت|دق + ت	N1|N1 + N
33	(	(	(	(	Si
34	accuracy	accuracy	accuracy	accuracy	N1
35	)	)	)	)	Si
36	بالاتری	بالا|بال|لا	بالاتر|بالا|لاتر	بالا + تر + ی|بال + ا + تر + ی|با + لا + تر + ی	A0 + O + Y|V1 + O + O + N|O + A0 + O + Y
37	دارد	دار	دار	دار + د	V1 + N
38	.	.	.	.	Si

0	گاهی	گاهی|گاه|گا	گاهی|گاه|گا	گاهی|گاه + ی|گا + ه + ی	Ad|Ad + Y|V1 + O + N
1	بیش‌	بیش‌	بیش‌	بیش‌	A0
2	از	از	از	از	Pr
3	۰.۵	۰.۵	۰.۵	۰.۵	No
4	درصد	درصد|صد	درصد|صد	درصد|در + صد	N1|O + Nu
5	از	از	از	از	Pr
6	وقت‌های	وقت‌|وقت‌|وقت|وقت	وقت‌|وقت‌|وقت|وقت	وقت‌ + ها + ی|وقت‌ + ها + ی|وقت + ‌ها + ی|وقت + ‌ها + ی	N1 + Pl + Y|N9 + Pl + Y|N1 + Pl + Y|N9 + Pl + Y
7	روزمره	روزمره	روزمره	روزمره	A0
8	ما	ما	ما	ما	N5
9	صرف	صرف|صرف|صرف|صرف	صرف|صرف|صرف|صرف	صرف|صرف|صرف|صرف	N1|N9|V1|A0
10	اتفاقاتی	اتفاق	اتفاق	اتفاق + ات + ی	N1 + Pl + Y
11	می‌شود	‌شو|‌شو|شو|شو	‌شو|‌شو|شو|شو	می + ‌شو + د|می + ‌شو + د|می‌ + شو + د|می‌ + شو + د	VPr + V1 + N|VPr + V1 + N|VPr + V1 + N|VPr + V1 + N
12	که	که|که|که|که	که|که|که|که	که|که|که|که	N1|C0|NA|N1
13	هنوز	هنوز	هنوز	هنوز	Ad
14	رخ	رخ|رخ	رخ|رخ	رخ|رخ	N1|N1
15	نداده‌اند	داد	داد	ن + داد + ه‌ + اند	Neg + V2 + O + N
16	و	و|و|و	و|و|و	و|و|و	Al|C0|Ab
17	ممکن	ممکن|کن|کن	ممکن|کن|کن	ممکن|م + م + کن|م + م + کن	A0|Neg + Neg + V1|Neg + Neg + V1
18	است	است|اس	است|اس	است|اس + ت	V3|N1 + N
19	هیچوقت	هیچوقت	هیچوقت	هیچوقت	Ad
20	هم	هم|هم|هم	هم|هم|هم	هم|هم|هم	Ad|C0|N8
21	رخ	رخ|رخ	رخ|رخ	رخ|رخ	N1|N1
22	ندهند	ده	ده	ن + ده + ند	Neg + V1 + N
23	!	!	!	!	Si
24	!	!	!	!	Si

0	یا	یا|یا	یا|یا	یا|یا	C0|Intj
1	درمقابل	مقابل|مقابل	مقابل|مقابل	در + مقابل|در + مقابل	O + A0|O + N9
2	مرور	مرور|مر	مرور|مر	مرور|مر + ور	N1|N1 + O
3	اتفاقاتی	اتفاق	اتفاق	اتفاق + ات + ی	N1 + Pl + Y
4	که	که|که|که|که	که|که|که|که	که|که|که|که	N1|C0|NA|N1
5	پیشامده	پیشامد|شا|امد	پیشامد|شا|امد	پیشامد + ه|پی + شا + م + د + ه|پیش + امد + ه	N1 + O|VPr + V1 + N + N + O|O + N1 + O
6	و	و|و|و	و|و|و	و|و|و	Al|C0|Ab
7	تمام	تمام|تمام	تمام|تمام	تمام|تمام	A0|N9
8	شده	شده|شد	شده|شد	شده|شد + ه	V1|V3 + O
9	!	!	!	!	Si
10	!	!	!	!	Si

0	که	که|که|که|که	که|که|که|که	که|که|که|که	N1|C0|NA|N1
1	این‌ها	این‌|این‌|این|این	این‌|این‌|این|این	این‌ + ها|این‌ + ها|این + ‌ها|این + ‌ها	A1 + Pl|N6 + Pl|A1 + Pl|N6 + Pl
2	شاید	شاید|شاید|شا	شاید|شاید|شا	شاید|شاید|شا + ید	Ad|V2|V1 + N
3	حتی	حتی	حتی	حتی	Ad
4	آنقدر	آنقدر|قدر|قدر	آنقدر|قدر|قدر	آنقدر|آن + قدر|آن + قدر	Ad|Neg + A0|Neg + N1
5	مهم	مهم|مه|مه	مهم|مه|مه	مهم|مه + م|مه + م	A0|N1 + N||N1 + V|N1 + N||N1 + V
6	هم	هم|هم|هم	هم|هم|هم	هم|هم|هم	Ad|C0|N8
7	نباشند	باش	باش	ن + باش + ند	Neg + V1 + N
8	!	!	!	!	Si
9	!	!	!	!	Si

0	یعنی	یعنی	یعنی	یعنی	C0
1	اصلا	اصلا	اصلا	اصلا	N1
2	مهم	مهم|مه|مه	مهم|مه|مه	مهم|مه + م|مه + م	A0|N1 + N||N1 + V|N1 + N||N1 + V
3	نباشند	باش	باش	ن + باش + ند	Neg + V1 + N
4	!	!	!	!	Si

0	مثل	مثل|مثل|مثل|مثل	مثل|مثل|مثل|مثل	مثل|مثل|مثل|مثل	N1|N1|N9|N1
1	فکر	فکر	فکر	فکر	N1
2	کردن	کرد	کرد	کرد + ن	V2 + O
3	به	به|به	به|به	به|به	Pr|N1
4	اینکه	اینکه|اینک|این|این	اینکه|اینک|این|این	اینکه|اینک + ه|این + ک + ه|این + ک + ه	Ad|Ad + O|A1 + O + O|N6 + O + O
5	فلان	فلان	فلان	فلان	A2
6	شخص	شخص	شخص	شخص	N1
7	اگر	اگر	اگر	اگر	C0
8	ما	ما	ما	ما	N5
9	فلان	فلان	فلان	فلان	A2
10	کار	کار|کار	کار|کار	کار|کار	N1|V1
11	را	را	را	را	Po
12	که	که|که|که|که	که|که|که|که	که|که|که|که	N1|C0|NA|N1
13	به	به|به	به|به	به|به	Pr|N1
14	نظرمان	نظر|نظر	نظر|نظر	نظر + مان|نظر + مان	N1 + N|N9 + N
15	درست	درست|درس|ست	درست|درس|ست	درست|درس + ت|در + ست	A0|N1 + N|O + N1
16	است	است|اس	است|اس	است|اس + ت	V3|N1 + N
17	را	را	را	را	Po
18	انجام	انجام|انجام	انجام|انجام	انجام|انجام	N1|V1
19	دهیم	ده|ده|ده	ده|ده|ده	ده + یم|ده + یم|ده + یم	Nu + V|V1 + N|N1 + V
20	،	.	.	.	Si
21	درمورد	در|مورد|مورد|مورد|ورد	در|مورد|مورد|مورد|ورد	در + م + ور + د|در + مورد|در + مورد|در + مورد|در + م + ورد	V1 + N + O + N|O + N1|O + N9|O + N1|VPr + Neg + V1
22	ما	ما	ما	ما	N5
23	چه	چه|چه|چه	چه|چه|چه	چه|چه|چه	A0|C0|NA
24	فکری	فکری|فکر	فکری|فکر	فکری|فکر + ی	A0|N1 + Y||N1 + V
25	می‌کند	می‌|می‌|می|می|‌کن|‌کن|کن|کن	می‌|می‌|می|می|‌کن|‌کن|کن|کن	می‌ + ک + ند|می‌ + ک + ند|می + ‌ک + ند|می + ‌ک + ند|می + ‌کن + د|می + ‌کن + د|می‌ + کن + د|می‌ + کن + د	N1 + O + V|N1 + O + V|N1 + O + V|N1 + O + V|VPr + V1 + N|VPr + V1 + N|VPr + V1 + N|VPr + V1 + N
26	!	!	!	!	Si
27	!	!	!	!	Si

0	چه‌بسا	چه‌بسا	چه‌بسا	چه‌بسا	Ad
1	اصلا	اصلا	اصلا	اصلا	N1
2	فلان	فلان	فلان	فلان	A2
3	شخص	شخص	شخص	شخص	N1
4	به	به|به	به|به	به|به	Pr|N1
5	ذهنش	ذهن	ذهن	ذهن + ش	N1 + N
6	همچنین	همچنین|چنین	همچنین|چنین	همچنین|هم + چنین	Ad|O + A0
7	فکری	فکری|فکر	فکری|فکر	فکری|فکر + ی	A0|N1 + Y||N1 + V
8	خطور	خطور|خط	خطور|خط	خطور|خط + ور	N1|N1 + O
9	نکند	نک|کن|کن	نک|کن|کن	نک + ند|ن + کن + د|ن + کن + د	N1 + V|Neg + V1 + N|Neg + V1 + N
10	!	!	!	!	Si

0	یا	یا|یا	یا|یا	یا|یا	C0|Intj
1	مثلا	مثلا	مثلا	مثلا	N1
2	فکر	فکر	فکر	فکر	N1
3	کردن	کرد	کرد	کرد + ن	V2 + O
4	به	به|به	به|به	به|به	Pr|N1
5	اینکه	اینکه|اینک|این|این	اینکه|اینک|این|این	اینکه|اینک + ه|این + ک + ه|این + ک + ه	Ad|Ad + O|A1 + O + O|N6 + O + O
6	اگر	اگر	اگر	اگر	C0
7	فلان	فلان	فلان	فلان	A2
8	چیز	چیز	چیز	چیز	N1
9	گفته	گفته|گفته|گفت|گفت	گفته|گفته|گفت|گفت	گفته|گفته|گفت + ه|گفت + ه	A0|V2|N1 + O|V2 + O
10	شود	شو|شو	شو|شو	شو + د|شو + د	V1 + N|V1 + N
11	ممکن	ممکن|کن|کن	ممکن|کن|کن	ممکن|م + م + کن|م + م + کن	A0|Neg + Neg + V1|Neg + Neg + V1
12	است	است|اس	است|اس	است|اس + ت	V3|N1 + N
13	چه	چه|چه|چه	چه|چه|چه	چه|چه|چه	A0|C0|NA
14	اتفاقی	اتفاقی|اتفاق	اتفاقی|اتفاق	اتفاقی|اتفاق + ی	A0|N1 + Y||N1 + V
15	بیفتد	بیفتد|یفتد|فتد	بیفتد|یفتد|فتد	بیفتد|ب + یفتد|بی + فتد	N1|O + N1|O + N1
16	یا	یا|یا	یا|یا	یا|یا	C0|Intj
17	بقیه	بقیه|بقیه|بق|قیه|قی	بقیه|بقیه|بق|قیه|قی	بقیه|بقیه|بق + ی + ه|ب + قیه|ب + قی + ه	A0|N1|N1 + Y + O|O + N1|O + N1 + O
18	چه	چه|چه|چه	چه|چه|چه	چه|چه|چه	A0|C0|NA
19	بگویند	گوی|گو	گوی|گو	ب + گوی + ند|ب + گو + ی + ند	O + N1 + V|VPr + V6 + N + N
20	!	!	!	!	Si
21	!	!	!	!	Si

0	یا	یا|یا	یا|یا	یا|یا	C0|Intj
1	مثلا	مثلا	مثلا	مثلا	N1
2	من	من	من	من	N5
3	که	که|که|که|که	که|که|که|که	که|که|که|که	N1|C0|NA|N1
4	فلان	فلان	فلان	فلان	A2
5	کار	کار|کار	کار|کار	کار|کار	N1|V1
6	را	را	را	را	Po
7	کردم	کرد|کرد	کرد|کرد	کرد + م|کرد + م	V2 + N|N1 + N||N1 + V
8	آیا	آیا|آی	آیا|آیا	آیا|آی + ا	NA|V1 + O
9	بهمان	بهمان|به|همان|همان|هم|هم|ان	بهمان|به|همان|همان|هم|هم|ان	بهمان|به + مان|ب + همان|ب + همان|ب + هم + ان|ب + هم + ان|ب + هم + ان	A2|N1 + N|O + A1|O + N6|O + Ad + Pl|O + N8 + Pl|O + O + N1
10	شخص	شخص	شخص	شخص	N1
11	از	از	از	از	Pr
12	من	من	من	من	N5
13	ناراحت	ناراحت|راحت	ناراحت|راحت	ناراحت|نا + راحت	A0|Neg + A0
14	شده‌	شده‌|شد	شده‌|شد	شده‌|شد + ه‌	V1|V3 + O
15	یا	یا|یا	یا|یا	یا|یا	C0|Intj
16	نه	نه|نه|نه	نه|نه|نه	نه|نه|نه	N1|V1|Nu
17	؟	؟	؟	؟	Si

0	گاهی	گاهی|گاه|گا	گاهی|گاه|گا	گاهی|گاه + ی|گا + ه + ی	Ad|Ad + Y|V1 + O + N
1	با	با	با	با	Pr
2	یکبار	یک	یک	یک + بار	Nu + O
3	پرسیدن	پرسید	پرسید	پرسید + ن	V2 + O
4	از	از	از	از	Pr
5	آن	آن|آن	آن|آن	آن|آن	A1|N6
6	شخص	شخص	شخص	شخص	N1
7	،	.	.	.	Si
8	یا	یا|یا	یا|یا	یا|یا	C0|Intj
9	با	با	با	با	Pr
10	صحبت	صحبت	صحبت	صحبت	N1
11	کردن	کرد	کرد	کرد + ن	V2 + O
12	با	با	با	با	Pr
13	یک	یک	یک	یک	Nu
14	فرد	فرد	فرد	فرد	N1
15	که	که|که|که|که	که|که|که|که	که|که|که|که	N1|C0|NA|N1
16	مطمینیم	مطمینیم|مطمینی|مطمین|مطم|مط	مطمینیم|مطمینی|مطمین|مطم|مط	مطمینیم|مطمینی + م|مطمین + یم|مطم + ین + یم|مط + م + ین + یم	N1|N1 + N||N1 + V|N1 + V|N1 + O + V|N1 + N + O + V
17	ما	ما	ما	ما	N5
18	را	را	را	را	Po
19	دوست	دوست	دوست	دوست	N1
20	دارد	دار	دار	دار + د	V1 + N
21	و	و|و|و	و|و|و	و|و|و	Al|C0|Ab
22	همچنین	همچنین|چنین	همچنین|چنین	همچنین|هم + چنین	Ad|O + A0
23	از	از	از	از	Pr
24	دیدگاهمان	دیدگاه|دید	دیدگاه|دیدگاه	دیدگاه + مان|دید + گاه + مان	N1 + N|N1 + O + N
25	آگاه	آگاه|آگاه	آگاه|آگاه	آگاه|آگاه	A0|V1
26	و	و|و|و	و|و|و	و|و|و	Al|C0|Ab
27	فهمیده	فهمیده|فهمید|فهم|فهم	فهمیده|فهمید|فهم|فهم	فهمیده|فهمید + ه|فهم + ید + ه|فهم + ید + ه	A0|V2 + O|N1 + V + O|V1 + N + O
28	است	است|اس	است|اس	است|اس + ت	V3|N1 + N
29	،	.	.	.	Si
30	می‌توان	می‌توان|می‌تو	می‌توان|می‌تو	می‌توان|می‌تو + ان	N1|N1 + Pl
31	خیلی	خیلی|خیلی|خیل	خیلی|خیلی|خیل	خیلی|خیلی|خیل + ی	A0|Ad|N1 + Y||N1 + V
32	از	از	از	از	Pr
33	آشفتگی‌های	آشفتگی‌|آشفتگی|آشفته	آشفتگی‌|آشفتگی|آشفته	آشفتگی‌ + ها + ی|آشفتگی + ‌ها + ی|آشفته + گی‌ + ها + ی	N1 + Pl + Y|N1 + Pl + Y|A0 + O + Pl + Y
34	فکری	فکری|فکر	فکری|فکر	فکری|فکر + ی	A0|N1 + Y||N1 + V
35	و	و|و|و	و|و|و	و|و|و	Al|C0|Ab
36	بسیاری	بسیاری|بسیار|بسیار|سیار|یاری|یار	بسیاری|بسیار|بسیار|سیار|یاری|یار	بسیاری|بسیار + ی|بسیار + ی|ب + سیار + ی|بس + یاری|بس + یار + ی	A2|A0 + Y|Ad + Y|O + A0 + Y|O + N1|O + N1 + Y
37	موارد	مور	موار	موارد|N	N1|N
38	که	که|که|که|که	که|که|که|که	که|که|که|که	N1|C0|NA|N1
39	فکر	فکر	فکر	فکر	N1
40	ما	ما	ما	ما	N5
41	را	را	را	را	Po
42	مشوش	مشوش|مش|مش|شو|شو	مشوش|مش|مش|شوش|شوش	مشوش|مش + وش|مش + وش|م + شو + ش|م + شو + ش	N1|N1 + O|N1 + O|Neg + V1 + O|Neg + V1 + O
43	می	می|می	می|می	می|می	N1|N1
44	کند	کند|کن|کن	کند|کن|کن	کند|کن + د|کن + د	A0|V1 + N|V1 + N
45	رها	رها|رها|ره	رها|رها|رها	رها|رها|ره + ا	A0|V1|V1 + O
46	شد	شد	شد	شد	V3
47	؛	؛	؛	؛	Si
48	خیلی	خیلی|خیلی|خیل	خیلی|خیلی|خیل	خیلی|خیلی|خیل + ی	A0|Ad|N1 + Y||N1 + V
49	از	از	از	از	Pr
50	مسایل	مسایل	مسایل	مسایل	N1
51	را	را	را	را	Po
52	می‌توان	می‌توان|می‌تو	می‌توان|می‌تو	می‌توان|می‌تو + ان	N1|N1 + Pl
53	حل	حل	حل	حل	N1
54	کرد	کرد|کرد	کرد|کرد	کرد|کرد	V2|N1
55	و	و|و|و	و|و|و	و|و|و	Al|C0|Ab
56	به	به|به	به|به	به|به	Pr|N1
57	دنبال	دنبال|دنبال	دنبال|دنبال	دنبال|دنبال	N1|N9
58	آن	آن|آن	آن|آن	آن|آن	A1|N6
59	می‌توانیم	می‌توانیم|می‌توانی|می‌توان|می‌تو	می‌توانیم|می‌توانی|می‌توان|می‌تو	می‌توانیم|می‌توانی + م|می‌توان + یم|می‌تو + ان + یم	N1|N1 + N||N1 + V|N1 + V|N1 + Pl + V
60	از	از	از	از	Pr
61	وقتمان	وقت|وقت	وقت|وقت	وقت + مان|وقت + مان	N1 + N|N9 + N
62	مفیدتر	مفید|مف	مفیدتر|مفتر	مفید + تر|مف + ید + تر	A0 + O|N1 + V + O
63	استفاده	استفاده	استفاده	استفاده	N1
64	کنیم	کن|کن|کن	کنی|کن|کن	کن + یم|کن + یم|کن + یم	N2 + V|V1 + N|V1 + N
65	و	و|و|و	و|و|و	و|و|و	Al|C0|Ab
66	شادتر	شاد|شا	شادتر|شا	شاد + تر|شا + د + تر	A0 + O|V1 + N + O
67	به	به|به	به|به	به|به	Pr|N1
68	زیستن	زیست	زیست	زیست + ن	V2 + O
69	خود	خود|خود	خود|خود	خود|خود	N8|N1
70	ادامه	ادامه|ادا	ادامه|ادا	ادامه|ادا + م + ه	N1|N1 + N + O
71	دهیم	ده|ده|ده	ده|ده|ده	ده + یم|ده + یم|ده + یم	Nu + V|V1 + N|N1 + V
72	!	!	!	!	Si
73	!	!	!	!	Si

0	در	در|در|در|در|در	در|در|در|در|در	در|در|در|در|در	N1|Pr|V1|VPr|N1
1	پاره‌ای	پاره‌ای|پاره‌|پاره	پاره‌ای|پاره‌|پاره	پاره‌ای|پاره‌ + ای|پاره + ‌ای	A0|A0 + O|A0 + O
2	از	از	از	از	Pr
3	مسایل	مسایل	مسایل	مسایل	N1
4	،	.	.	.	Si
5	مشکل	مشکل	مشکل	مشکل	N1
6	زمانی	زمانی|زمان|زم|مانی|مان	زمانی|زمان|زم|مانی|مان	زمانی|زمان + ی|زم + ان + ی|ز + مانی|ز + مان + ی	A0|N1 + Y||N1 + V|N1 + Pl + Y|O + N3|O + N1 + Y
7	رخ	رخ|رخ	رخ|رخ	رخ|رخ	N1|N1
8	می‌دهد	‌ده|ده	‌ده|ده	می + ‌ده + د|می‌ + ده + د	VPr + V1 + N|VPr + V1 + N
9	که	که|که|که|که	که|که|که|که	که|که|که|که	N1|C0|NA|N1
10	فعل‌های	فعل‌|فعل‌|فعل|فعل	فعل‌|فعل‌|فعل|فعل	فعل‌ + ها + ی|فعل‌ + ها + ی|فعل + ‌ها + ی|فعل + ‌ها + ی	N1 + Pl + Y|V1 + Pl + N|N1 + Pl + Y|V1 + Pl + N
11	مرکب	مرکب|مرکب	مرکب|مرکب	مرکب|مرکب	N1|A0
12	وارد	وارد	وارد	وارد	N1
13	کار	کار|کار	کار|کار	کار|کار	N1|V1
14	می‌شوند	می‌|می‌|می|می|‌شو|‌شو|شو|شو	می‌|می‌|می|می|‌شو|‌شو|شو|شو	می‌ + ش + وند|می‌ + ش + وند|می + ‌ش + وند|می + ‌ش + وند|می + ‌شو + ند|می + ‌شو + ند|می‌ + شو + ند|می‌ + شو + ند	N1 + N + O|N1 + N + O|N1 + N + O|N1 + N + O|VPr + V1 + N|VPr + V1 + N|VPr + V1 + N|VPr + V1 + N
15	.	.	.	.	Si

0	باید	باید|ید|ید	باید|ید|ید	باید|با + ید|با + ید	V4|O + N1|O + N1
1	با	با	با	با	Pr
2	آن‌ها	آن‌|آن‌|آن|آن	آن‌|آن‌|آن|آن	آن‌ + ها|آن‌ + ها|آن + ‌ها|آن + ‌ها	A1 + Pl|N6 + Pl|A1 + Pl|N6 + Pl
3	چه‌طور	چه‌طور	چه‌طور	چه‌طور	Ad
4	برخورد	برخورد|برخورد|برخور|خورد	برخورد|برخورد|برخور|خورد	برخورد|برخورد|برخور + د|بر + خورد	N1|V2|V1 + N|VPr + V2
5	کرد	کرد|کرد	کرد|کرد	کرد|کرد	V2|N1
6	؟	؟	؟	؟	Si
7	؟	؟	؟	؟	Si

0	فعل‌هایی	فعل‌|فعل‌|فعل|فعل	فعل‌|فعل‌|فعل|فعل	فعل‌ + ها + ی + ی|فعل‌ + ها + ی + ی|فعل + ‌ها + ی + ی|فعل + ‌ها + ی + ی	N1 + Pl + Y + Y|V1 + Pl + N + N|N1 + Pl + Y + Y|V1 + Pl + N + N
1	مانند	مانند|مانند|مان|مان	مانند|مانند|مان|مان	مانند|مانند|مان + ند|مان + ند	N1|N9|N1 + V|V1 + N
2	:	:	:	:	Si

0	«	«	«	«	Si
1	نگاه	نگاه|گا	نگاه|گا	نگاه|ن + گا + ه	N1|Neg + V1 + O
2	کردن	کرد	کرد	کرد + ن	V2 + O
3	،	.	.	.	Si
4	صدا	صدا	صدا	صدا	N1
5	زدن	زد|دن	زد|دن	زد + ن|ز + دن	V2 + O|O + N2
6	،	.	.	.	Si
7	مشوش	مشوش|مش|مش|شو|شو	مشوش|مش|مش|شوش|شوش	مشوش|مش + وش|مش + وش|م + شو + ش|م + شو + ش	N1|N1 + O|N1 + O|Neg + V1 + O|Neg + V1 + O
8	شدن	شدن	شدن	شدن	N1
9	و	و|و|و	و|و|و	و|و|و	Al|C0|Ab
10	…	…	…	…	N1
11	»	»	»	»	Si
12	.	.	.	.	Si

0	در	در|در|در|در|در	در|در|در|در|در	در|در|در|در|در	N1|Pr|V1|VPr|N1
1	۹	۹	۹	۹	No
2	خرداد	خرداد|خر	خرداد|خر	خرداد|خر + د + ا + د	N1|V1 + N + O + N
3	نود	نود|نو	نود|نو	نود|نو + د	Nu|V1 + N
4	و	و|و|و	و|و|و	و|و|و	Al|C0|Ab
5	هفت	هفت	هفت	هفت	Nu
6	(	(	(	(	Si
7	۱۳۹۷.۳.۹	۱۳۹۷.۳.۹	۱۳۹۷.۳.۹	۱۳۹۷.۳.۹	No
8	)	)	)	)	Si
9	،	.	.	.	Si
10	در	در|در|در|در|در	در|در|در|در|در	در|در|در|در|در	N1|Pr|V1|VPr|N1
11	وبلاگی	وبلاگی|وبلاگ|وبلاه	وبلاگی|وبلاگ|وبلاه	وبلاگی|وبلاگ + ی|وبلاه + گی	N1|N1 + Y||N1 + V|N1 + O
12	نوشته‌بودند	نوشت	نوشت	نوشت + ه‌ + بود + ند	V2 + O + V + N
13	:	:	:	:	Si

0	«	«	«	«	Si
1	به	به|به	به|به	به|به	Pr|N1
2	کلمه‌ی	کلمه‌|کلمه|کلم|کل|کل|کل|کل|کل	کلمه‌|کلمه|کلم|کل|کل|کل|کل|کل	کلمه‌ + ی|کلمه + ‌ی|کلم + ه‌ + ی|کل + م + ه‌ + ی|کل + م + ه‌ + ی|کل + م + ه‌ + ی|کل + م + ه‌ + ی|کل + م + ه‌ + ی	N1 + Y||N1 + V|N1 + Y||N1 + V|N1 + O + Y|N1 + N + O + Y|N1 + N + O + Y|A0 + N + O + Y|A0 + N + O + Y|N1 + N + O + Y
3	دوم	دوم|دو|دو|دو|دو	دوم|دو|دو|دو|دو	دوم|دو + م|دو + م|دو + م|دو + م	A0|V1 + N|Nu + N|V1 + N|N1 + N||N1 + V
4	در	در|در|در|در|در	در|در|در|در|در	در|در|در|در|در	N1|Pr|V1|VPr|N1
5	فعل	فعل|فعل	فعل|فعل	فعل|فعل	N1|V1
6	مرکب	مرکب|مرکب	مرکب|مرکب	مرکب|مرکب	N1|A0
7	»	»	»	»	Si
8	همکرد	همکرد|کرد	همکرد|کرد	همکرد|هم + کرد	N1|O + N1
9	«	«	«	«	Si
10	می‌گویند	‌گو|گو	‌گو|گو	می + ‌گو + ی + ند|می‌ + گو + ی + ند	VPr + V1 + N + N|VPr + V1 + N + N
11	.	.	.	.	Si

0	مثلا	مثلا	مثلا	مثلا	N1
1	»	»	»	»	Si
2	کردن	کرد	کرد	کرد + ن	V2 + O
3	«	«	«	«	Si
4	در	در|در|در|در|در	در|در|در|در|در	در|در|در|در|در	N1|Pr|V1|VPr|N1
5	»	»	»	»	Si
6	کار	کار|کار	کار|کار	کار|کار	N1|V1
7	کردن	کرد	کرد	کرد + ن	V2 + O
8	«	«	«	«	Si
9	و	و|و|و	و|و|و	و|و|و	Al|C0|Ab
10	»	»	»	»	Si
11	دادن	داد	داد	داد + ن	V2 + O
12	«	«	«	«	Si
13	در	در|در|در|در|در	در|در|در|در|در	در|در|در|در|در	N1|Pr|V1|VPr|N1
14	»	»	»	»	Si
15	دستور	دستور|دست|دست	دستور|دست|دست	دستور|دست + ور|دست + ور	N1|N1 + O|N9 + O
16	دادن	داد	داد	داد + ن	V2 + O
17	«	«	«	«	Si
18	و	و|و|و	و|و|و	و|و|و	Al|C0|Ab
19	»	»	»	»	Si
20	زدن	زد|دن	زد|دن	زد + ن|ز + دن	V2 + O|O + N2
21	«	«	«	«	Si
22	در	در|در|در|در|در	در|در|در|در|در	در|در|در|در|در	N1|Pr|V1|VPr|N1
23	»	»	»	»	Si
24	دست	دست|دست	دست|دست	دست|دست	N1|N9
25	زدن	زد|دن	زد|دن	زد + ن|ز + دن	V2 + O|O + N2
26	«	«	«	«	Si
27	و	و|و|و	و|و|و	و|و|و	Al|C0|Ab
28	»	»	»	»	Si
29	نمودن	نمود	نمود	نمود + ن	V2 + O
30	«	«	«	«	Si
31	در	در|در|در|در|در	در|در|در|در|در	در|در|در|در|در	N1|Pr|V1|VPr|N1
32	»	»	»	»	Si
33	صاف	صاف|صاف	صاف|صاف	صاف|صاف	A0|V1
34	نمودن	نمود	نمود	نمود + ن	V2 + O
35	«	«	«	«	Si
36	اما	اما	اما	اما	C0
37	فعل‌های	فعل‌|فعل‌|فعل|فعل	فعل‌|فعل‌|فعل|فعل	فعل‌ + ها + ی|فعل‌ + ها + ی|فعل + ‌ها + ی|فعل + ‌ها + ی	N1 + Pl + Y|V1 + Pl + N|N1 + Pl + Y|V1 + Pl + N
38	مرکب	مرکب|مرکب	مرکب|مرکب	مرکب|مرکب	N1|A0
39	در	در|در|در|در|در	در|در|در|در|در	در|در|در|در|در	N1|Pr|V1|VPr|N1
40	نامه‌های	نامه‌|نامه|نام|نام|نا|مه‌|مه‌|مه|مه	نامه‌|نامه|نام|نام|نا|مه‌|مه‌|مه|مه	نامه‌ + ها + ی|نامه + ‌ها + ی|نام + ه‌ + ها + ی|نام + ه‌ + ها + ی|نا + م + ه‌ + ها + ی|نا + مه‌ + ها + ی|نا + مه‌ + ها + ی|نا + مه + ‌ها + ی|نا + مه + ‌ها + ی	N1 + Pl + Y|N1 + Pl + Y|N1 + O + Pl + Y|V1 + O + Pl + N|N1 + N + O + Pl + Y|Neg + N1 + Pl + Y|Neg + N1 + Pl + Y|Neg + N1 + Pl + Y|Neg + N1 + Pl + Y
41	رسمی	رسمی|رسم|رس|رس	رسمی|رسم|رس|رس	رسمی|رسم + ی|رس + م + ی|رس + م + ی	A0|N1 + Y||N1 + V|V1 + N + N|N1 + N + Y
42	و	و|و|و	و|و|و	و|و|و	Al|C0|Ab
43	اداری	اداری	اداری	اداری	A0
44	و	و|و|و	و|و|و	و|و|و	Al|C0|Ab
45	شبه‌رسمی	شبه‌رسمی|شبه‌رسم|شبه‌رس	شبه‌رسمی|شبه‌رسم|شبه‌رس	شبه‌رسمی|شبه‌رسم + ی|شبه‌رس + م + ی	N1|N1 + Y||N1 + V|N1 + N + Y
46	،	.	.	.	Si
47	ظاهرا	ظاهرا	ظاهرا	ظاهرا	N1
48	به	به|به	به|به	به|به	Pr|N1
49	دلیل	دلیل	دلیل	دلیل	N1
50	زیاده‌روی	زیاده‌روی	زیاده‌روی	زیاده‌روی	N1
51	در	در|در|در|در|در	در|در|در|در|در	در|در|در|در|در	N1|Pr|V1|VPr|N1
52	رسمی	رسمی|رسم|رس|رس	رسمی|رسم|رس|رس	رسمی|رسم + ی|رس + م + ی|رس + م + ی	A0|N1 + Y||N1 + V|V1 + N + N|N1 + N + Y
53	نوشتن	نوشت	نوشت	نوشت + ن	V2 + O
54	و	و|و|و	و|و|و	و|و|و	Al|C0|Ab
55	تفاخر	تفاخر	تفاخر	تفاخر	N1
56	ادبی	ادبی|ادب	ادبی|ادب	ادبی|ادب + ی	A0|N1 + Y||N1 + V
57	و	و|و|و	و|و|و	و|و|و	Al|C0|Ab
58	در	در|در|در|در|در	در|در|در|در|در	در|در|در|در|در	N1|Pr|V1|VPr|N1
59	اصل	اصل	اصل	اصل	A0
60	به	به|به	به|به	به|به	Pr|N1
61	دلیل	دلیل	دلیل	دلیل	N1
62	ضعف	ضعف	ضعف	ضعف	N1
63	نگارش	نگارش|نگار|نه	نگارش|نگار|نهگار	نگارش|نگار + ش|نه + گار + ش	N1|N3 + N|V1 + O + O
64	و	و|و|و	و|و|و	و|و|و	Al|C0|Ab
65	ناآشنایی	آشنایی|آشنا|آش	آشنایی|آشنا|آشنا	نا + آشنایی|نا + آشنا + ی + ی|نا + آش + نا + ی + ی	Neg + N1|Neg + A0 + Y + Y|Neg + N1 + O + Y + Y
66	با	با	با	با	Pr
67	فعل‌ها	فعل‌|فعل‌|فعل|فعل	فعل‌|فعل‌|فعل|فعل	فعل‌ + ها|فعل‌ + ها|فعل + ‌ها|فعل + ‌ها	N1 + Pl|V1 + Pl|N1 + Pl|V1 + Pl
68	،	.	.	.	Si
69	گاهی	گاهی|گاه|گا	گاهی|گاه|گا	گاهی|گاه + ی|گا + ه + ی	Ad|Ad + Y|V1 + O + N
70	به	به|به	به|به	به|به	Pr|N1
71	شکلی	شکلی|شکل	شکلی|شکل	شکلی|شکل + ی	A0|N1 + Y||N1 + V
72	ناجور	ناجور|جور|جور	ناجور|جور|جور	ناجور|نا + جور|نا + جور	A0|Neg + N1|Neg + A0
73	باهم	باهم|باه|اهم|اه|هم|هم	باهم|باه|اهم|اه|هم|هم	باهم|باه + م|ب + اهم|ب + اه + م|با + هم|با + هم	Ad|N1 + N||N1 + V|O + A0|O + N1 + N|O + Ad|O + N8
74	قاطی	قاطی	قاطی	قاطی	A0
75	می‌شوند	می‌|می‌|می|می|‌شو|‌شو|شو|شو	می‌|می‌|می|می|‌شو|‌شو|شو|شو	می‌ + ش + وند|می‌ + ش + وند|می + ‌ش + وند|می + ‌ش + وند|می + ‌شو + ند|می + ‌شو + ند|می‌ + شو + ند|می‌ + شو + ند	N1 + N + O|N1 + N + O|N1 + N + O|N1 + N + O|VPr + V1 + N|VPr + V1 + N|VPr + V1 + N|VPr + V1 + N
76	.	.	.	.	Si

0	یعنی	یعنی	یعنی	یعنی	C0
1	آقا	آقا|آقا	آقا|آقا	آقا|آقا	N1|Sp
2	یا	یا|یا	یا|یا	یا|یا	C0|Intj
3	خانم	خانم|خانم|خان	خانم|خانم|خان	خانم|خانم|خان + م	N1|Sp|N1 + N||N1 + V
4	نگارنده‌ی	نگارنده‌|نگارنده|نگار|نه	نگارنده‌|نگارنده|نگار|نهگار	نگارنده‌ + ی|نگارنده + ‌ی|نگار + ند + ه‌ + ی|نه + گار + نده‌ + ی	A0 + Y|A0 + Y|N3 + V + O + Y|V1 + O + O + N
5	نامه	نامه|نام|نام|نا|مه|مه	نامه|نام|نام|نا|مه|مه	نامه|نام + ه|نام + ه|نا + م + ه|نا + مه|نا + مه	N1|N1 + O|V1 + O|N1 + N + O|Neg + N1|Neg + N1
6	یا	یا|یا	یا|یا	یا|یا	C0|Intj
7	اعلان	اعلان	اعلان	اعلان	N1
8	یا	یا|یا	یا|یا	یا|یا	C0|Intj
9	بیانیه	بیانیه|بیانی|بیان|ان	بیانیه|بیانی|بیان|ان	بیانیه|بیانی + ه|بیان + ی + ه|بی + ان + ی + ه	N1|A0 + O|N1 + Y + O|O + N1 + Y + O
10	یا	یا|یا	یا|یا	یا|یا	C0|Intj
11	هرچه	هرچه|هر	هرچه|هر	هرچه|هر + چه	Ad|A1 + O
12	،	.	.	.	Si
13	همکرد	همکرد|کرد	همکرد|کرد	همکرد|هم + کرد	N1|O + N1
14	یک	یک	یک	یک	Nu
15	فعل	فعل|فعل	فعل|فعل	فعل|فعل	N1|V1
16	مرکب	مرکب|مرکب	مرکب|مرکب	مرکب|مرکب	N1|A0
17	را	را	را	را	Po
18	برمی‌دارد	برمی‌دارد|رمی‌دارد	برمی‌دارد|رمی‌دارد	برمی‌دارد|ب + رمی‌دارد	N1|O + N1
19	و	و|و|و	و|و|و	و|و|و	Al|C0|Ab
20	می‌گذارد	‌گذارد|‌گذار|گذارد|گذار	‌گذارد|‌گذار|گذارد|گذار	می + ‌گذارد|می + ‌گذار + د|می‌ + گذارد|می‌ + گذار + د	VPr + V2|VPr + V1 + N|VPr + V2|VPr + V1 + N
21	ته	ته|ته	ته|ته	ته|ته	Ad|V1
22	دیگری	دیگری|دیگر|دیگر|دی	دیگری|دیگر|دیگر|دیگری	دیگری|دیگر + ی|دیگر + ی|دی + گری	A2|A2 + Y|N1 + Y||N1 + V|N1 + O
23	و	و|و|و	و|و|و	و|و|و	Al|C0|Ab
24	واژه‌ی	واژه‌|واژه|واژ	واژه‌|واژه|واژ	واژه‌ + ی|واژه + ‌ی|واژ + ه‌ + ی	N1 + Y||N1 + V|N1 + Y||N1 + V|N1 + O + Y
25	دیگر	دیگر|دیگر|دی	دیگر|دیگر|دی	دیگر|دیگر|دی + گر	A2|N1|N1 + O
26	آن	آن|آن	آن|آن	آن|آن	A1|N6
27	یکی	یکی|یک	یکی|یک	یکی|یک + ی	A2|Nu + Y
28	فعل	فعل|فعل	فعل|فعل	فعل|فعل	N1|V1
29	مرکب	مرکب|مرکب	مرکب|مرکب	مرکب|مرکب	N1|A0
30	را	را	را	را	Po
31	برمی‌دارد	برمی‌دارد|رمی‌دارد	برمی‌دارد|رمی‌دارد	برمی‌دارد|ب + رمی‌دارد	N1|O + N1
32	و	و|و|و	و|و|و	و|و|و	Al|C0|Ab
33	می‌گذارد	‌گذارد|‌گذار|گذارد|گذار	‌گذارد|‌گذار|گذارد|گذار	می + ‌گذارد|می + ‌گذار + د|می‌ + گذارد|می‌ + گذار + د	VPr + V2|VPr + V1 + N|VPr + V2|VPr + V1 + N
34	سر	سر|سر|سر|سر|سر	سر|سر|سر|سر|سر	سر|سر|سر|سر|سر	N1|N9|N1|N1|V1
35	همکرد	همکرد|کرد	همکرد|کرد	همکرد|هم + کرد	N1|O + N1
36	دیگری	دیگری|دیگر|دیگر|دی	دیگری|دیگر|دیگر|دیگری	دیگری|دیگر + ی|دیگر + ی|دی + گری	A2|A2 + Y|N1 + Y||N1 + V|N1 + O
37	؛	؛	؛	؛	Si
38	یا	یا|یا	یا|یا	یا|یا	C0|Intj
39	اصلا	اصلا	اصلا	اصلا	N1
40	کل	کل|کل|کل|کل|کل	کل|کل|کل|کل|کل	کل|کل|کل|کل|کل	N1|N1|A0|A0|N1
41	فعل	فعل|فعل	فعل|فعل	فعل|فعل	N1|V1
42	مرکب	مرکب|مرکب	مرکب|مرکب	مرکب|مرکب	N1|A0
43	را	را	را	را	Po
44	اشتباهی	اشتباهی|اشتباه	اشتباهی|اشتباه	اشتباهی|اشتباه + ی	Ad|A0 + Y
45	به	به|به	به|به	به|به	Pr|N1
46	جای	جای|جا	جای|جا	جای|جا + ی	N1|N1 + Y||N1 + V
47	فعلی	فعلی|فعل|فعل	فعلی|فعل|فعل	فعلی|فعل + ی|فعل + ی	A0|N1 + Y||N1 + V|V1 + N
48	دیگر	دیگر|دیگر|دی	دیگر|دیگر|دی	دیگر|دیگر|دی + گر	A2|N1|N1 + O
49	به	به|به	به|به	به|به	Pr|N1
50	کار	کار|کار	کار|کار	کار|کار	N1|V1
51	می‌برد	‌برد|‌بر|‌بر|برد|بر|بر	‌برد|‌بر|‌بر|برد|بر|بر	می + ‌برد|می + ‌بر + د|می + ‌بر + د|می‌ + برد|می‌ + بر + د|می‌ + بر + د	VPr + V2|VPr + V1 + N|VPr + V1 + N|VPr + V2|VPr + V1 + N|VPr + V1 + N
52	»	»	»	»	Si
53	.	.	.	.	Si

0	معمولا	معمولا	معمولا	معمولا	N1
1	سیستم	سیستم	سیستم	سیستم	N1
2	مشخصی	مشخص	مشخص	مشخص + ی	A0 + Y
3	در	در|در|در|در|در	در|در|در|در|در	در|در|در|در|در	N1|Pr|V1|VPr|N1
4	نوشتن	نوشت	نوشت	نوشت + ن	V2 + O
5	تاریخ	تاریخ	تاریخ	تاریخ	N1
6	وجود	وجود|وجود	وجود|وجود	وجود|وجود	N1|N9
7	ندارد	دار	دار	ن + دار + د	Neg + V1 + N
8	!	!	!	!	Si

0	مثلا	مثلا	مثلا	مثلا	N1
1	همه	همه|همه|هم|هم	همه|همه|هم|هم	همه|همه|هم + ه|هم + ه	A2|N1|Ad + O|N8 + O
2	این	این|این	این|این	این|این	A1|N6
3	مثال‌ها	مثال‌|مثال	مثال‌|مثال	مثال‌ + ها|مثال + ‌ها	N1 + Pl|N1 + Pl
4	به	به|به	به|به	به|به	Pr|N1
5	یک	یک	یک	یک	Nu
6	تاریخ	تاریخ	تاریخ	تاریخ	N1
7	(	(	(	(	Si
8	date	date	date	date	N1
9	)	)	)	)	Si
10	اشاره	اشاره	اشاره	اشاره	N1
11	می‌کنند	‌کن|‌کن|کن|کن	‌کن|‌کن|کن|کن	می + ‌کن + ند|می + ‌کن + ند|می‌ + کن + ند|می‌ + کن + ند	VPr + V1 + N|VPr + V1 + N|VPr + V1 + N|VPr + V1 + N
12	:	:	:	:	Si

0	۹۷.۰۷.۲۰	۹۷.۰۷.۲۰	۹۷.۰۷.۲۰	۹۷.۰۷.۲۰	No
1	،	.	.	.	Si
2	۲۰	۲۰	۲۰	۲۰	No
3	مهر	مهر|مهر|مهر	مهر|مهر|مهر	مهر|مهر|مهر	N1|N1|N1
4	نود	نود|نو	نود|نو	نود|نو + د	Nu|V1 + N
5	و	و|و|و	و|و|و	و|و|و	Al|C0|Ab
6	هفت	هفت	هفت	هفت	Nu
7	،	.	.	.	Si
8	بیستم	بیست|ستم|ست	بیست|ستم|ست	بیست + م|بی + ستم|بی + ست + م	Nu + N|O + N1|O + N1 + N
9	مهرماه	مهرماه	مهرماه	مهرماه	N1
10	۹۷	۹۷	۹۷	۹۷	No
11	یا	یا|یا	یا|یا	یا|یا	C0|Intj
12	بیستم	بیست|ستم|ست	بیست|ستم|ست	بیست + م|بی + ستم|بی + ست + م	Nu + N|O + N1|O + N1 + N
13	مهرماه	مهرماه	مهرماه	مهرماه	N1
14	هزار	هزار|هزار	هزار|هزار	هزار|هزار	N1|Nu
15	و	و|و|و	و|و|و	و|و|و	Al|C0|Ab
16	سیسصد	سیسصد	سیسصد	سیسصد	N1
17	و	و|و|و	و|و|و	و|و|و	Al|C0|Ab
18	نود	نود|نو	نود|نو	نود|نو + د	Nu|V1 + N
19	و	و|و|و	و|و|و	و|و|و	Al|C0|Ab
20	هفت	هفت	هفت	هفت	Nu
21	!	!	!	!	Si

0	این	این|این	این|این	این|این	A1|N6
1	قبیل	قبیل|قبیل	قبیل|قبیل	قبیل|قبیل	N1|N9
2	فرمت‌ها	فرم|فر|فر	فرم|فر|فر	فرم + ت‌ + ها|فر + م + ت‌ + ها|فر + م + ت‌ + ها	N1 + N + Pl|N1 + N + N + Pl|N1 + N + N + Pl
3	(	(	(	(	Si
4	formats	formats	formats	formats	N1
5	)	)	)	)	Si
6	در	در|در|در|در|در	در|در|در|در|در	در|در|در|در|در	N1|Pr|V1|VPr|N1
7	پاره‌ای	پاره‌ای|پاره‌|پاره	پاره‌ای|پاره‌|پاره	پاره‌ای|پاره‌ + ای|پاره + ‌ای	A0|A0 + O|A0 + O
8	از	از	از	از	Pr
9	متن‌ها	متن‌|متن|تن‌|تن	متن‌|متن|تن‌|تن	متن‌ + ها|متن + ‌ها|م + تن‌ + ها|م + تن + ‌ها	N1 + Pl|N1 + Pl|Neg + V1 + Pl|Neg + V1 + Pl
10	،	.	.	.	Si
11	ارزیابی	ارزیابی|ارزیاب	ارزیابی|ارزیاب	ارزیابی|ارزیاب + ی	N1|N1 + Y||N1 + V
12	را	را	را	را	Po
13	دچار	دچار	دچار	دچار	Ad
14	مشکل	مشکل	مشکل	مشکل	N1
15	می‌کنند	‌کن|‌کن|کن|کن	‌کن|‌کن|کن|کن	می + ‌کن + ند|می + ‌کن + ند|می‌ + کن + ند|می‌ + کن + ند	VPr + V1 + N|VPr + V1 + N|VPr + V1 + N|VPr + V1 + N
16	!	!	!	!	Si

0	دراین‌صورت	دراین‌صورت	دراین‌صورت	دراین‌صورت	Exp
1	کاری	کاری|کار|کار	کاری|کار|کار	کاری|کار + ی|کار + ی	A0|N1 + Y||N1 + V|V1 + N
2	که	که|که|که|که	که|که|که|که	که|که|که|که	N1|C0|NA|N1
3	ما	ما	ما	ما	N5
4	به	به|به	به|به	به|به	Pr|N1
5	عنوان	عنوان	عنوان	عنوان	N1
6	یک	یک	یک	یک	Nu
7	فرد	فرد	فرد	فرد	N1
8	متخصص	متخصص	متخصص	متخصص	A0
9	باید	باید|ید|ید	باید|ید|ید	باید|با + ید|با + ید	V4|O + N1|O + N1
10	انجام	انجام|انجام	انجام|انجام	انجام|انجام	N1|V1
11	دهیم	ده|ده|ده	ده|ده|ده	ده + یم|ده + یم|ده + یم	Nu + V|V1 + N|N1 + V
12	،	.	.	.	Si
13	یکگونه‌سازی	یکگونه‌سازی|یکگونه‌ساز	یکگونه‌سازی|یکگونه‌ساز	یکگونه‌سازی|یکگونه‌ساز + ی	N1|N1 + Y||N1 + V
14	این	این|این	این|این	این|این	A1|N6
15	تاریخ‌هاست	تاریخ‌هاست|تاریخ‌هاس	تاریخ‌هاست|تاریخ‌هاس	تاریخ‌هاست|تاریخ‌هاس + ت	N1|N1 + N
16	؛	؛	؛	؛	Si
17	دراین‌صورت	دراین‌صورت	دراین‌صورت	دراین‌صورت	Exp
18	هر	هر	هر	هر	A1
19	زمان‌که	زمان‌|زمان|زم|مان‌|مان	زمان‌|زمان|زم|مان‌|مان	زمان‌ + ک + ه|زمان + ‌ک + ه|زم + ان‌ + ک + ه|ز + مان‌ + ک + ه|ز + مان + ‌ک + ه	N1 + O + O|N1 + O + O|N1 + Pl + O + O|O + N1 + O + O|O + N1 + O + O
20	هر	هر	هر	هر	A1
21	کدام	کدام	کدام	کدام	NA
22	از	از	از	از	Pr
23	این	این|این	این|این	این|این	A1|N6
24	موارد	مور	موار	موارد|N	N1|N
25	بیاید	یا	یا	ب + یا + ید	O + Intj + V
26	ما	ما	ما	ما	N5
27	تشخیص	تشخیص	تشخیص	تشخیص	N1
28	می‌دهیم	‌ده|ده	‌ده|ده	می + ‌ده + یم|می‌ + ده + یم	VPr + V1 + N|VPr + V1 + N
29	تاریخ	تاریخ	تاریخ	تاریخ	N1
30	(	(	(	(	Si
31	date	date	date	date	N1
32	)	)	)	)	Si
33	است	است|اس	است|اس	است|اس + ت	V3|N1 + N
34	و	و|و|و	و|و|و	و|و|و	Al|C0|Ab
35	آن	آن|آن	آن|آن	آن|آن	A1|N6
36	را	را	را	را	Po
37	به	به|به	به|به	به|به	Pr|N1
38	یک‌شکل	یک‌شکل	یک‌شکل	یک‌شکل	A0
39	در	در|در|در|در|در	در|در|در|در|در	در|در|در|در|در	N1|Pr|V1|VPr|N1
40	میاوریم	میاوریم|میاوری|میاور|میا	میاوریم|میاوری|میاور|میا	میاوریم|میاوری + م|میاور + یم|میا + ور + یم	N1|N1 + N||N1 + V|N1 + V|N1 + O + V
41	،	.	.	.	Si
42	مثلا	مثلا	مثلا	مثلا	N1
43	همه	همه|همه|هم|هم	همه|همه|هم|هم	همه|همه|هم + ه|هم + ه	A2|N1|Ad + O|N8 + O
44	را	را	را	را	Po
45	به	به|به	به|به	به|به	Pr|N1
46	شکل	شکل	شکل	شکل	N1
47	«	«	«	«	Si
48	بیستم	بیست|ستم|ست	بیست|ستم|ست	بیست + م|بی + ستم|بی + ست + م	Nu + N|O + N1|O + N1 + N
49	مهرماه	مهرماه	مهرماه	مهرماه	N1
50	هزار	هزار|هزار	هزار|هزار	هزار|هزار	N1|Nu
51	و	و|و|و	و|و|و	و|و|و	Al|C0|Ab
52	سیسصد	سیسصد	سیسصد	سیسصد	N1
53	و	و|و|و	و|و|و	و|و|و	Al|C0|Ab
54	نود	نود|نو	نود|نو	نود|نو + د	Nu|V1 + N
55	و	و|و|و	و|و|و	و|و|و	Al|C0|Ab
56	هفت	هفت	هفت	هفت	Nu
57	»	»	»	»	Si
58	یا	یا|یا	یا|یا	یا|یا	C0|Intj
59	«	«	«	«	Si
60	۹۷/۷/۲۰	۹۷/۷/۲۰	۹۷/۷/۲۰	۹۷/۷/۲۰	No
61	»	»	»	»	Si
62	.	.	.	.	Si

0	دراین‌صورت	دراین‌صورت	دراین‌صورت	دراین‌صورت	Exp
1	شاید	شاید|شاید|شا	شاید|شاید|شا	شاید|شاید|شا + ید	Ad|V2|V1 + N
2	شاهد	شاهد|شا	شاهد|شا	شاهد|شا + ه + د	N1|V1 + O + N
3	کاهش	کاهش|کاه|کاه	کاهش|کاه|کاهش	کاهش|کاه + ش|کاه + ش	N1|N1 + N|V1 + O
4	بیش‌از	بیش‌از	بیش‌از	بیش‌از	Pr1
5	۱	۱	۱	۱	No
6	.	.	.	.	Si
7	از	از	از	از	Pr
8	مشکلات	مشکل	مشکل	مشکل + ات	N1 + Pl
9	در	در|در|در|در|در	در|در|در|در|در	در|در|در|در|در	N1|Pr|V1|VPr|N1
10	پردازش	پردازش|پرداز|پرداز	پردازش|پرداز|پردازش	پردازش|پرداز + ش|پرداز + ش	N1|N1 + N|V1 + O
11	متن	متن|تن	متن|تن	متن|م + تن	N1|Neg + V1
12	شویم	شوی|شو|شو|شو	شوی|شو|شو|شو	شوی + م|شو + یم|شو + یم|شو + یم	V1 + N|V1 + N|N1 + V|V1 + N
13	!	!	!	!	Si
14	!	!	!	!	Si
15	!	!	!	!	Si

0	از	از	از	از	Pr
1	یک	یک	یک	یک	Nu
2	دیدگاه	دیدگاه|دید	دیدگاه|دیدگاه	دیدگاه|دید + گاه	N1|N1 + O
3	می‌گویند	‌گو|گو	‌گو|گو	می + ‌گو + ی + ند|می‌ + گو + ی + ند	VPr + V1 + N + N|VPr + V1 + N + N
4	برای	برای|برا|بر|بر|بر|بر	برای|برا|برا|بر|بر|برا	برای|برا + ی|بر + ا + ی|بر + ای|بر + ای|بر + ا + ی	Pr|A0 + Y|V1 + O + N|VPr + O|N1 + O|V1 + O + N
5	ترقی	ترقی	ترقی	ترقی	N1
6	،	.	.	.	Si
7	پیشرفت	پیشرفت|رف	پیشرفت|رف	پیشرفت|پیش + رف + ت	N1|O + N1 + N
8	و	و|و|و	و|و|و	و|و|و	Al|C0|Ab
9	رشد	رشد	رشد	رشد	N1
10	،	.	.	.	Si
11	باید	باید|ید|ید	باید|ید|ید	باید|با + ید|با + ید	V4|O + N1|O + N1
12	دایما	دایما	دایما	دایما	N1
13	به	به|به	به|به	به|به	Pr|N1
14	مکان‌های	مکان‌|مکان|مک|مک	مکان‌|مکان|مکان|مکان	مکان‌ + ها + ی|مکان + ‌ها + ی|مک + ان‌ + ها + ی|مک + ان‌ + ها + ی	N1 + Pl + Y|N1 + Pl + Y|V1 + O + Pl + N|V1 + O + Pl + N
15	جدید	جدید|جد|جد	جدید|جد|جد	جدید|جد + ید|جد + ید	A0|N1 + V|N1 + V
16	رفت	رفت|رفت|رف	رفت|رفت|رف	رفت|رفت|رف + ت	V2|V2|N1 + N
17	و	و|و|و	و|و|و	و|و|و	Al|C0|Ab
18	با	با	با	با	Pr
19	افراد	افراد	افراد	افراد	N1
20	جدید	جدید|جد|جد	جدید|جد|جد	جدید|جد + ید|جد + ید	A0|N1 + V|N1 + V
21	آشنا	آشنا|آش	آشنا|آشنا	آشنا|آش + نا	A0|N1 + O
22	شد	شد	شد	شد	V3
23	؛	؛	؛	؛	Si
24	از	از	از	از	Pr
25	جهاتی	جهات|جه	جهات|جه	جهات + ی|جه + ات + ی	N1 + Y||N1 + V|N1 + Pl + Y
26	درست	درست|درس|ست	درست|درس|ست	درست|درس + ت|در + ست	A0|N1 + N|O + N1
27	است	است|اس	است|اس	است|اس + ت	V3|N1 + N
28	،	.	.	.	Si
29	مثلا	مثلا	مثلا	مثلا	N1
30	فرض	فرض	فرض	فرض	N1
31	کنید	کن|کن|کن	کنی|کن|کن	کن + ید|کن + ید|کن + ید	N2 + V|V1 + N|V1 + N
32	شما	شما|شما	شما|شما	شما|شما	N1|N5
33	تا	تا|تا|تا|تا	تا|تا|تا|تا	تا|تا|تا|تا	Ab|C0|Pr|V1
34	سالیان	سالیان|سالی|سال	سالیان|سالی|سال	سالیان|سالی + ان|سال + ی + ان	N1|Ad + Pl|N1 + Y + Pl
35	سال	سال	سال	سال	N1
36	فقط	فقط	فقط	فقط	Ad
37	در	در|در|در|در|در	در|در|در|در|در	در|در|در|در|در	N1|Pr|V1|VPr|N1
38	خانه	خانه|خان	خانه|خان	خانه|خان + ه	N1|N1 + O
39	باشید	باش|باش	باش|باش	باش + ید|باش + ید	V1 + N|V5 + V
40	و	و|و|و	و|و|و	و|و|و	Al|C0|Ab
41	با	با	با	با	Pr
42	تنها	تنها|تن|تن|تن	تنها|تن|تن|تن	تنها|تن + ها|تن + ها|تن + ها	A0|N1 + Pl|V1 + Pl|N1 + Pl
43	کسانی	کسان|کس|کس	کسان|کس|کس	کسان + ی|کس + ان + ی|کس + ان + ی	N1 + Y||N1 + V|N1 + Pl + Y|N1 + Pl + Y
44	که	که|که|که|که	که|که|که|که	که|که|که|که	N1|C0|NA|N1
45	ارتباط	ارتباط	ارتباط	ارتباط	N1
46	برقرار	برقرار	برقرار	برقرار	A0
47	می‌کنید	‌کن|‌کن|کن|کن	‌کن|‌کن|کن|کن	می + ‌کن + ید|می + ‌کن + ید|می‌ + کن + ید|می‌ + کن + ید	VPr + V1 + N|VPr + V1 + N|VPr + V1 + N|VPr + V1 + N
48	خانواده‌تان	خانواده‌|خانواده	خانواده‌|خانواده	خانواده‌ + تان|خانواده + ‌تان	N1 + N|N1 + N
49	باشد	باش|اشد	باش|اشد	باش + د|ب + اشد	V1 + N|O + A0
50	!	!	!	!	Si
51	!	!	!	!	Si
52	!	!	!	!	Si

0	دراین‌صورت	دراین‌صورت	دراین‌صورت	دراین‌صورت	Exp
1	تنها	تنها|تن|تن|تن	تنها|تن|تن|تن	تنها|تن + ها|تن + ها|تن + ها	A0|N1 + Pl|V1 + Pl|N1 + Pl
2	طیف	طیف	طیف	طیف	N1
3	اخلاقی	اخلاقی|اخلاق	اخلاقی|اخلاق	اخلاقی|اخلاق + ی	A0|N1 + Y||N1 + V
4	آن‌ها	آن‌|آن‌|آن|آن	آن‌|آن‌|آن|آن	آن‌ + ها|آن‌ + ها|آن + ‌ها|آن + ‌ها	A1 + Pl|N6 + Pl|A1 + Pl|N6 + Pl
5	را	را	را	را	Po
6	می‌بینید	‌بین|بین	‌بین|بین	می + ‌بین + ید|می‌ + بین + ید	VPr + V1 + N|VPr + V1 + N
7	،	.	.	.	Si
8	درصورتی‌که	درصورتی‌که|صورتی‌|صورتی|صورت|صورت|صور|صور	درصورتی‌که|صورتی‌|صورتی|صورت|صورت|صور|صور	درصورتی‌که|در + صورتی‌ + ک + ه|در + صورتی + ‌ک + ه|در + صورت + ی‌ + ک + ه|در + صورت + ی‌ + ک + ه|در + صور + ت + ی‌ + ک + ه|در + صور + ت + ی‌ + ک + ه	C1|O + A0 + O + O|O + A0 + O + O|O + N1 + Y + O + O|O + N9 + Y + O + O|O + N1 + N + Y + O + O|O + N1 + N + Y + O + O
9	شاید	شاید|شاید|شا	شاید|شاید|شا	شاید|شاید|شا + ید	Ad|V2|V1 + N
10	این‌ها	این‌|این‌|این|این	این‌|این‌|این|این	این‌ + ها|این‌ + ها|این + ‌ها|این + ‌ها	A1 + Pl|N6 + Pl|A1 + Pl|N6 + Pl
11	کم‌تر	کم‌|کم‌|کم|کم	کم‌|کم‌|کم|کم	کم‌ + تر|کم‌ + تر|کم + ‌تر|کم + ‌تر	Ad + O|N1 + O|Ad + O|N1 + O
12	از	از	از	از	Pr
13	۰.۰۰۱	۰.۰۰۱	۰.۰۰۱	۰.۰۰۱	No
14	جامعه	جامعه|جامع	جامعه|جامع	جامعه|جامع + ه	N1|A0 + O
15	باشند	باش|باش	باش|باش	باش + ند|باش + ند	V1 + N|V5 + V
16	!	!	!	!	Si
17	!	!	!	!	Si

0	با	با	با	با	Pr
1	منش‌های	منش‌|منش|من	منش‌|منش|من	منش‌ + ها + ی|منش + ‌ها + ی|من + ش‌ + ها + ی	N1 + Pl + Y|N1 + Pl + Y|N5 + N + Pl + Y
2	جدید	جدید|جد|جد	جدید|جد|جد	جدید|جد + ید|جد + ید	A0|N1 + V|N1 + V
3	و	و|و|و	و|و|و	و|و|و	Al|C0|Ab
4	خلق‌وخوهای	خلق‌وخوهای|خلق‌وخوها|خلق‌وخوه|خلق‌وخو	خلق‌وخوهای|خلق‌وخوها|خلق‌وخوه|خلق‌وخو	خلق‌وخوهای|خلق‌وخوها + ی|خلق‌وخوه + ای|خلق‌وخو + ها + ی	N1|N1 + Y||N1 + V|N1 + O|N1 + Pl + Y
5	متنوعی	متنوع	متنوع	متنوع + ی	A0 + Y
6	آشنا	آشنا|آش	آشنا|آشنا	آشنا|آش + نا	A0|N1 + O
7	نمی‌شوید	‌شوی|‌شو|‌شو|شوی|شو|شو	‌شوی|‌شو|‌شو|شوی|شو|شو	ن + می + ‌شوی + د|ن + می + ‌شو + ید|ن + می + ‌شو + ید|ن + می‌ + شوی + د|ن + می‌ + شو + ید|ن + می‌ + شو + ید	Neg + VPr + V1 + N|Neg + VPr + V1 + N|Neg + VPr + V1 + N|Neg + VPr + V1 + N|Neg + VPr + V1 + N|Neg + VPr + V1 + N
8	درنتیجه	نتیجه	نتیجه	در + نتیجه	O + N1
9	شاید	شاید|شاید|شا	شاید|شاید|شا	شاید|شاید|شا + ید	Ad|V2|V1 + N
10	فکر	فکر	فکر	فکر	N1
11	کنید	کن|کن|کن	کنی|کن|کن	کن + ید|کن + ید|کن + ید	N2 + V|V1 + N|V1 + N
12	همین	همین|همین|هم|هم|ین	همین|همین|هم|هم|ین	همین|همین|هم + ین|هم + ین|هم + ین	A1|N6|Ad + O|N8 + O|O + N1
13	گونه	گونه|گون	گونه|گون	گونه|گون + ه	N1|N1 + O
14	که	که|که|که|که	که|که|که|که	که|که|که|که	N1|C0|NA|N1
15	هستید	هست|هست	هست|هست	هست + ید|هست + ید	N1 + V|V3 + N
16	ایده‌آل‌ترین	ایده‌آل‌|ایده‌آل	ایده‌آل‌|ایده‌آل	ایده‌آل‌ + ترین|ایده‌آل + ‌ترین	N1 + O|N1 + O
17	است	است|اس	است|اس	است|اس + ت	V3|N1 + N
18	و	و|و|و	و|و|و	و|و|و	Al|C0|Ab
19	همه‌چیز	همه‌چیز|ه‌چیز	همه‌چیز|ه‌چیز	همه‌چیز|هم + ه‌چیز	N1|O + N1
20	خوب	خوب	خوب	خوب	A0
21	است	است|اس	است|اس	است|اس + ت	V3|N1 + N
22	!	!	!	!	Si
23	!	!	!	!	Si

0	ساعت	ساعت	ساعت	ساعت	N1
1	۸:۲۰	۸:۲۰	۸:۲۰	۸:۲۰	N1
2	صبح	صبح	صبح	صبح	N1
3	بود	بود|بود|بود|بو	بود|بود|بود|بو	بود|بود|بود|بو + د	N1|V2|V3|V1 + N
4	؛	؛	؛	؛	Si
5	نغمه‌ی	نغمه‌|نغمه	نغمه‌|نغمه	نغمه‌ + ی|نغمه + ‌ی	N1 + Y||N1 + V|N1 + Y||N1 + V
6	زیبای	زیبا|زیب|زیب	زیبا|زیب|زیبا	زیبا + ی|زیب + ای|زیب + ا + ی	A0 + Y|N1 + O|V1 + O + N
7	موسیقی‌ای	موسیقی‌|موسیقی	موسیقی‌|موسیقی	موسیقی‌ + ای|موسیقی + ‌ای	N1 + O|N1 + O
8	از	از	از	از	Pr
9	پنجره‌ی	پنجره‌|پنجره	پنجره‌|پنجره	پنجره‌ + ی|پنجره + ‌ی	N1 + Y||N1 + V|N1 + Y||N1 + V
10	پشتی	پشتی|پشت|پش	پشتی|پشت|پش	پشتی|پشت + ی|پش + ت + ی	N1|N1 + Y||N1 + V|N1 + N + Y
11	میامد	میامد	میامد	میامد	N1
12	.	.	.	.	Si

0	برایم	برا|بر|بر|بر|بر	برا|برا|بر|بر|برا	برا + یم|بر + ا + یم|بر + ای + م|بر + ای + م|بر + ا + یم	A0 + V|V1 + O + N|VPr + O + N|N1 + O + N|V1 + O + N
1	مساله	مس	مسال	مس + ال + ه	N1 + O + O
2	شده‌بود	شده‌بود	شده‌بود	شده‌بود	N1
3	که	که|که|که|که	که|که|که|که	که|که|که|که	N1|C0|NA|N1
4	به	به|به	به|به	به|به	Pr|N1
5	این	این|این	این|این	این|این	A1|N6
6	زیبایی	زیبایی|زیبا|زیب|زیب	زیبایی|زیبا|زیب|زیبا	زیبایی|زیبا + ی + ی|زیب + ای + ی|زیب + ا + ی + ی	N1|A0 + Y + Y|N1 + O + Y|V1 + O + N + N
7	و	و|و|و	و|و|و	و|و|و	Al|C0|Ab
8	دقت	دقت|دق	دقت|دق	دقت|دق + ت	N1|N1 + N
9	،	.	.	.	Si
10	چه	چه|چه|چه	چه|چه|چه	چه|چه|چه	A0|C0|NA
11	کسی	کسی|کس|کس	کسی|کس|کس	کسی|کس + ی|کس + ی	A2|N1 + Y||N1 + V|N1 + Y||N1 + V
12	سنتور	سنتور|سنت|سنت|سن|سن	سنتور|سنت|سنت|سن|سن	سنتور|سنت + ور|سنت + ور|سن + ت + ور|سن + ت + ور	N1|N1 + O|N1 + O|N1 + N + O|N1 + N + O
13	می‌نوازد	‌نواز|نواز|زد	‌نواز|نواز|زد	می + ‌نواز + د|می‌ + نواز + د|می + ‌ن + وا + زد	VPr + V1 + N|VPr + V1 + N|VPr + Neg + VPr + V2
14	.	.	.	.	Si

0	ساعت	ساعت	ساعت	ساعت	N1
1	۹:۵۰	۹:۵۰	۹:۵۰	۹:۵۰	No
2	شد	شد	شد	شد	V3
3	.	.	.	.	Si

0	همچنان	همچنان|چنان	همچنان|چنان	همچنان|هم + چنان	Ad|O + A0
1	صدای	صدا|صد	صدا|صد	صدا + ی|صد + ای	N1 + Y||N1 + V|Nu + O
2	دل‌نواز	دل‌نواز	دل‌نواز	دل‌نواز	A0
3	ساز	ساز|ساز	ساز|ساز	ساز|ساز	N1|V1
4	میامد	میامد	میامد	میامد	N1
5	.	.	.	.	Si

0	ساعت	ساعت	ساعت	ساعت	N1
1	۱۰:۵۵	۱۰:۵۵	۱۰:۵۵	۱۰:۵۵	N1
2	شد	شد	شد	شد	V3
3	و	و|و|و	و|و|و	و|و|و	Al|C0|Ab
4	باز	باز|باز|باز	باز|باز|باز	باز|باز|باز	A0|V1|VPr
5	همچنان	همچنان|چنان	همچنان|چنان	همچنان|هم + چنان	Ad|O + A0
6	صدا	صدا	صدا	صدا	N1
7	می‌آمد	‌آمد|آمد	‌آمد|آمد	می + ‌آمد|می‌ + آمد	VPr + V2|VPr + V2
8	.	.	.	.	Si

0	بسیار	بسیار|بسیار|سیار|یار	بسیار|بسیار|سیار|یار	بسیار|بسیار|ب + سیار|بس + یار	A0|Ad|O + A0|O + N1
1	مسلط	مسلط	مسلط	مسلط	A0
2	بود	بود|بود|بود|بو	بود|بود|بود|بو	بود|بود|بود|بو + د	N1|V2|V3|V1 + N
3	.	.	.	.	Si

0	دیگر	دیگر|دیگر|دی	دیگر|دیگر|دی	دیگر|دیگر|دی + گر	A2|N1|N1 + O
1	طاقت	طاقت|طاق	طاقت|طاق	طاقت|طاق + ت	N1|N1 + N
2	صبر	صبر	صبر	صبر	N1
3	کردن	کرد	کرد	کرد + ن	V2 + O
4	نداشتم	ندا|داشت	ندا|داشت	ندا + ش + ت + م|ن + داشت + م	N1 + N + N + N|Neg + V2 + N
5	!	!	!	!	Si
6	!	!	!	!	Si

0	دل	دل	دل	دل	N1
1	را	را	را	را	Po
2	به	به|به	به|به	به|به	Pr|N1
3	دریا	دریا|در|یا	دریا|در|یا	دریا|در + ی + ا|در + یا	N1|V1 + N + O|O + Intj
4	زدم	زد|زد|دم|دم	زد|زد|دم|دم	زد + م|زد + م|ز + دم|ز + دم	N1 + N||N1 + V|V2 + N|O + N1|O + N1
5	و	و|و|و	و|و|و	و|و|و	Al|C0|Ab
6	رفتم	رفت|رفت|رف	رفت|رفت|رف	رفت + م|رفت + م|رف + ت + م	V2 + N|V2 + N|N1 + N + N
7	در	در|در|در|در|در	در|در|در|در|در	در|در|در|در|در	N1|Pr|V1|VPr|N1
8	خانه‌شان	خانه‌|خانه|خان	خانه‌|خانه|خان	خانه‌ + شان|خانه + ‌شان|خان + ه‌ + شان	N1 + N|N1 + N|N1 + O + N
9	؛	؛	؛	؛	Si
10	در	در|در|در|در|در	در|در|در|در|در	در|در|در|در|در	N1|Pr|V1|VPr|N1
11	باز	باز|باز|باز	باز|باز|باز	باز|باز|باز	A0|V1|VPr
12	بود	بود|بود|بود|بو	بود|بود|بود|بو	بود|بود|بود|بو + د	N1|V2|V3|V1 + N
13	.	.	.	.	Si

0	خانم	خانم|خانم|خان	خانم|خانم|خان	خانم|خانم|خان + م	N1|Sp|N1 + N||N1 + V
1	میانسالی	میانسالی|میانسال	میانسالی|میانسال	میانسالی|میانسال + ی	N1|A0 + Y
2	بادامن	دامن	دامن	با + دامن	O + N1
3	گلداری	گل|گل|گل	گل|گل|گل	گل + دار + ی|گل + دار + ی|گل + دار + ی	N1 + O + Y|N1 + O + Y|N1 + O + Y
4	که	که|که|که|که	که|که|که|که	که|که|که|که	N1|C0|NA|N1
5	رنگ	رنگ|رنگ	رنگ|رنگ	رنگ|رنگ	N1|N1
6	و	و|و|و	و|و|و	و|و|و	Al|C0|Ab
7	لعابش	لعاب	لعاب	لعاب + ش	N1 + N
8	هم	هم|هم|هم	هم|هم|هم	هم|هم|هم	Ad|C0|N8
9	کمی	کمی|کمی|کم|کم	کمی|کمی|کم|کم	کمی|کمی|کم + ی|کم + ی	A2|A0|Ad + Y|N1 + Y||N1 + V
10	رفته‌بود	رفت|رفت	رفت|رفت	رفت + ه‌ + بود|رفت + ه‌ + بود	V2 + O + V|V2 + O + V
11	،	.	.	.	Si
12	و	و|و|و	و|و|و	و|و|و	Al|C0|Ab
13	چهره‌ی	چهره‌|چهره	چهره‌|چهره	چهره‌ + ی|چهره + ‌ی	N1 + Y||N1 + V|N1 + Y||N1 + V
14	گنمدم‌گونی	گنمدم‌گونی|گنمدم‌گون|گنمدم‌گ|گنمدم‌|گنمدم|گنمد	گنمدم‌گونی|گنمدم‌گون|گنمدم‌گ|گنمدم‌|گنمدم|گنمد	گنمدم‌گونی|گنمدم‌گون + ی|گنمدم‌گ + ون + ی|گنمدم‌ + گون + ی|گنمدم + ‌گون + ی|گنمد + م‌ + گون + ی	N1|N1 + Y||N1 + V|N1 + Pl + Y|N1 + O + Y|N1 + O + Y|N1 + N + O + Y
15	که	که|که|که|که	که|که|که|که	که|که|که|که	N1|C0|NA|N1
16	سر	سر|سر|سر|سر|سر	سر|سر|سر|سر|سر	سر|سر|سر|سر|سر	N1|N9|N1|N1|V1
17	لپ‌هایش	لپ‌|لپ‌|لپ|لپ	لپ‌|لپ‌|لپ|لپ	لپ‌ + ها + ی + ش|لپ‌ + ها + ی + ش|لپ + ‌ها + ی + ش|لپ + ‌ها + ی + ش	N1 + Pl + Y + N|N1 + Pl + Y + N|N1 + Pl + Y + N|N1 + Pl + Y + N
18	نیز	نیز	نیز	نیز	N1
19	گل	گل|گل|گل	گل|گل|گل	گل|گل|گل	N1|N1|N1
20	‌انداخته‌بود	‌انداخت	‌انداخت	‌انداخت + ه‌ + بود	V2 + O + V
21	،	.	.	.	Si
22	طوری	طور|طور	طور|طور	طور + ی|طور + ی	N1 + Y||N1 + V|N9 + Y
23	با	با	با	با	Pr
24	ذوق	ذوق	ذوق	ذوق	N1
25	و	و|و|و	و|و|و	و|و|و	Al|C0|Ab
26	هیجان	هیجان	هیجان	هیجان	N1
27	بر	بر|بر|بر|بر|بر	بر|بر|بر|بر|بر	بر|بر|بر|بر|بر	Pr|V1|VPr|N1|V1
28	سیم‌ها	سیم‌|سیم‌|سیم|سیم|سی	سیم‌|سیم‌|سیم|سیم|سی	سیم‌ + ها|سیم‌ + ها|سیم + ‌ها|سیم + ‌ها|سی + م‌ + ها	A0 + Pl|N1 + Pl|A0 + Pl|N1 + Pl|Nu + N + Pl
29	می‌کوبید	‌کوبید|‌کوب|کوبید|کوب	‌کوبید|‌کوب|کوبید|کوب	می + ‌کوبید|می + ‌کوب + ید|می‌ + کوبید|می‌ + کوب + ید	VPr + V2|VPr + V1 + N|VPr + V2|VPr + V1 + N
30	،	.	.	.	Si
31	که	که|که|که|که	که|که|که|که	که|که|که|که	N1|C0|NA|N1
32	انگار	انگار|انگار	انگار|انگار	انگار|انگار	N1|V1
33	بار	بار|بار|ار	بار|بار|ار	بار|بار|ب + ار	N1|V1|O + Ad
34	اولیست	اولیست|اولیس	اولیست|اولیس	اولیست|اولیس + ت	N1|N1 + N
35	که	که|که|که|که	که|که|که|که	که|که|که|که	N1|C0|NA|N1
36	آدم	آدم	آدم	آدم	N1
37	چیزی	چیزی|چیز	چیزی|چیز	چیزی|چیز + ی	Ad|N1 + Y||N1 + V
38	را	را	را	را	Po
39	یاد	یاد	یاد	یاد	N1
40	گرفته	گرفته|گرفت|گرفت|رفت|رفت	گرفته|گرفت|گرفت|رفت|رفت	گرفته|گرفت + ه|گرفت + ه|گ + رفت + ه|گ + رفت + ه	A0|N1 + O|V2 + O|VPr + V2 + O|VPr + V2 + O
41	و	و|و|و	و|و|و	و|و|و	Al|C0|Ab
42	می‌خواهد	‌خواه|خواه	‌خواه|خواه	می + ‌خواه + د|می‌ + خواه + د	VPr + V1 + N|VPr + V1 + N
43	با	با	با	با	Pr
44	ذوق	ذوق	ذوق	ذوق	N1
45	برای	برای|برا|بر|بر|بر|بر	برای|برا|برا|بر|بر|برا	برای|برا + ی|بر + ا + ی|بر + ای|بر + ای|بر + ا + ی	Pr|A0 + Y|V1 + O + N|VPr + O|N1 + O|V1 + O + N
46	عزیزی	عزیزی|عزیز	عزیزی|عزیز	عزیزی|عزیز + ی	N1|A0 + Y
47	بنوازد	نواز|زد	نواز|زد	ب + نواز + د|ب + ن + وا + زد	VPr + V6 + N|VPr + Neg + VPr + V2
48	؛	؛	؛	؛	Si
49	مثل	مثل|مثل|مثل|مثل	مثل|مثل|مثل|مثل	مثل|مثل|مثل|مثل	N1|N1|N9|N1
50	زمانی‌که	زمانی‌که|زمانی‌|زمانی|زمان|زم|مانی‌|مانی|مان	زمانی‌که|زمانی‌|زمانی|زمان|زم|مانی‌|مانی|مان	زمانی‌که|زمانی‌ + ک + ه|زمانی + ‌ک + ه|زمان + ی‌ + ک + ه|زم + ان + ی‌ + ک + ه|ز + مانی‌ + ک + ه|ز + مانی + ‌ک + ه|ز + مان + ی‌ + ک + ه	C1|A0 + O + O|A0 + O + O|N1 + Y + O + O|N1 + Pl + Y + O + O|O + N3 + O + O|O + N3 + O + O|O + N1 + Y + O + O
51	برای	برای|برا|بر|بر|بر|بر	برای|برا|برا|بر|بر|برا	برای|برا + ی|بر + ا + ی|بر + ای|بر + ای|بر + ا + ی	Pr|A0 + Y|V1 + O + N|VPr + O|N1 + O|V1 + O + N
52	بار	بار|بار|ار	بار|بار|ار	بار|بار|ب + ار	N1|V1|O + Ad
53	اول	اول	اول	اول	A0
54	خواندن	خواند	خواند	خواند + ن	V2 + O
55	یاد	یاد	یاد	یاد	N1
56	گرفته	گرفته|گرفت|گرفت|رفت|رفت	گرفته|گرفت|گرفت|رفت|رفت	گرفته|گرفت + ه|گرفت + ه|گ + رفت + ه|گ + رفت + ه	A0|N1 + O|V2 + O|VPr + V2 + O|VPr + V2 + O
57	بودم	بود|بود|بود|بو	بود|بود|بود|بو	بود + م|بود + م|بود + م|بو + د + م	N1 + N||N1 + V|V2 + N|V3 + N|V1 + N + N
58	و	و|و|و	و|و|و	و|و|و	Al|C0|Ab
59	با	با	با	با	Pr
60	ذوق	ذوق	ذوق	ذوق	N1
61	کتاب‌های	کتاب‌|کتاب	کتاب‌|کتاب	کتاب‌ + ها + ی|کتاب + ‌ها + ی	N1 + Pl + Y|N1 + Pl + Y
62	مختلف	مختلف	مختلف	مختلف	A0
63	را	را	را	را	Po
64	برگ	برگ|رگ	برگ|رگ	برگ|ب + رگ	N1|O + N1
65	می‌زدم	‌زد|زد	‌زد|زد	می + ‌زد + م|می‌ + زد + م	VPr + V2 + N|VPr + V2 + N
66	و	و|و|و	و|و|و	و|و|و	Al|C0|Ab
67	برای	برای|برا|بر|بر|بر|بر	برای|برا|برا|بر|بر|برا	برای|برا + ی|بر + ا + ی|بر + ای|بر + ای|بر + ا + ی	Pr|A0 + Y|V1 + O + N|VPr + O|N1 + O|V1 + O + N
68	پدر	پدر	پدر	پدر	N1
69	مادرم	مادر	مادر	مادر + م	N1 + N||N1 + V
70	می‌خواندم	‌خواند|‌خوان|خواند|خوان	‌خواند|‌خوان|خواند|خوان	می + ‌خواند + م|می + ‌خوان + د + م|می‌ + خواند + م|می‌ + خوان + د + م	VPr + V2 + N|VPr + V1 + N + N|VPr + V2 + N|VPr + V1 + N + N
71	.	.	.	.	Si

0	به	به|به	به|به	به|به	Pr|N1
1	خودم	خودم|خود|خود	خودم|خود|خود	خودم|خود + م|خود + م	N7|N8 + N|N1 + N||N1 + V
2	آمدم	آمد|آمد	آمد|آمد	آمد + م|آمد + م	N1 + N||N1 + V|V2 + N
3	دیدم	دید|دید	دید|دید	دید + م|دید + م	N1 + N||N1 + V|V2 + N
4	ساعت	ساعت	ساعت	ساعت	N1
5	۱۲:۵۵	۱۲:۵۵	۱۲:۵۵	۱۲:۵۵	N1
6	شده	شده|شد	شده|شد	شده|شد + ه	V1|V3 + O
7	بود	بود|بود|بود|بو	بود|بود|بود|بو	بود|بود|بود|بو + د	N1|V2|V3|V1 + N
8	و	و|و|و	و|و|و	و|و|و	Al|C0|Ab
9	من	من	من	من	N5
10	همچنان	همچنان|چنان	همچنان|چنان	همچنان|هم + چنان	Ad|O + A0
11	آنجا	آنجا|جا	آنجا|جا	آنجا|آن + جا	Ad|Neg + N1
12	ایستاده	ایستاده|ایستاد|ایست	ایستاده|ایستاد|ایستاده	ایستاده|ایستاد + ه|ایست + اده	A0|V2 + O|V1 + O
13	بودم	بود|بود|بود|بو	بود|بود|بود|بو	بود + م|بود + م|بود + م|بو + د + م	N1 + N||N1 + V|V2 + N|V3 + N|V1 + N + N
14	.	.	.	.	Si
15	.	.	.	.	Si
16	یعنی	یعنی	یعنی	یعنی	C0
17	بیش‌از	بیش‌از	بیش‌از	بیش‌از	Pr1
18	۱۲	۱۲	۱۲	۱۲	No
19	.	.	.	.	Si
20	از	از	از	از	Pr
21	یک	یک	یک	یک	Nu
22	روز	روز	روز	روز	N1
23	خود	خود|خود	خود|خود	خود|خود	N8|N1
24	را	را	را	را	Po
25	!	!	!	!	Si
26	!	!	!	!	Si

0	از	از	از	از	Pr
1	دیرباز	دیرباز|دیر|دیر	دیرباز|دیر|دیر	دیرباز|دیر + باز|دیر + باز	Ad|N1 + O|Ad + O
2	تا	تا|تا|تا|تا	تا|تا|تا|تا	تا|تا|تا|تا	Ab|C0|Pr|V1
3	کنون	کنون|کن	کنون|کن	کنون|کن + ون	Ad|N2 + Pl
4	،	.	.	.	Si
5	بازی‌های	بازی‌|بازی|باز|باز|باز	بازی‌|بازی|باز|باز|باز	بازی‌ + ها + ی|بازی + ‌ها + ی|باز + ی‌ + ها + ی|باز + ی‌ + ها + ی|باز + ی‌ + ها + ی	N1 + Pl + Y|N1 + Pl + Y|A0 + Y + Pl + Y|V1 + N + Pl + N|VPr + Y + Pl + Y
6	زیادی	زیادی|زیاد|زی|یاد	زیادی|زیاد|زیا|یاد	زیادی|زیاد + ی|زی + ا + د + ی|ز + یاد + ی	A0|A0 + Y|V1 + O + N + N|O + N1 + Y
7	وجود	وجود|وجود	وجود|وجود	وجود|وجود	N1|N9
8	داشته	داشته|داشت|داشت|داشت|داش	داشته|داشت|داشت|داشت|داش	داشته|داشت + ه|داشت + ه|داشت + ه|داش + ت + ه	A0|N1 + O|V2 + O|V5 + O|N1 + N + O
9	که	که|که|که|که	که|که|که|که	که|که|که|که	N1|C0|NA|N1
10	یکی	یکی|یک	یکی|یک	یکی|یک + ی	A2|Nu + Y
11	از	از	از	از	Pr
12	موردهای	مورد|مورد|مورد|ورد|ده	مورد|مورد|مورد|ورد|دها	مورد + ها + ی|مورد + ها + ی|مورد + ها + ی|م + ورد + ها + ی|م + ور + ده + ا + ی	N1 + Pl + Y|N9 + Pl + Y|N1 + Pl + Y|Neg + V1 + Pl + N|Neg + VPr + V1 + O + N
13	جذاب	جذاب	جذاب	جذاب	A0
14	آن	آن|آن	آن|آن	آن|آن	A1|N6
15	،	.	.	.	Si
16	بازی‌هایی	بازی‌|بازی|باز|باز|باز	بازی‌|بازی|باز|باز|باز	بازی‌ + ها + ی + ی|بازی + ‌ها + ی + ی|باز + ی‌ + ها + ی + ی|باز + ی‌ + ها + ی + ی|باز + ی‌ + ها + ی + ی	N1 + Pl + Y + Y|N1 + Pl + Y + Y|A0 + Y + Pl + Y + Y|V1 + N + Pl + N + N|VPr + Y + Pl + Y + Y
17	بوده	بوده|بود|بود|بود|بو	بوده|بود|بود|بود|بو	بوده|بود + ه|بود + ه|بود + ه|بو + د + ه	V2|N1 + O|V2 + O|V3 + O|V1 + N + O
18	که	که|که|که|که	که|که|که|که	که|که|که|که	N1|C0|NA|N1
19	یک	یک	یک	یک	Nu
20	متن	متن|تن	متن|تن	متن|م + تن	N1|Neg + V1
21	نوشته	نوشته|نوشت|نوش|نو	نوشته|نوشت|نوش|نو	نوشته|نوشت + ه|نوش + ت + ه|نو + ش + ت + ه	N1|V2 + O|A0 + N + O|A0 + N + N + O
22	می‌شد	‌شد|شد	‌شد|شد	می + ‌شد|می‌ + شد	VPr + V3|VPr + V3
23	که	که|که|که|که	که|که|که|که	که|که|که|که	N1|C0|NA|N1
24	در	در|در|در|در|در	در|در|در|در|در	در|در|در|در|در	N1|Pr|V1|VPr|N1
25	نگاه	نگاه|گا	نگاه|گا	نگاه|ن + گا + ه	N1|Neg + V1 + O
26	اول	اول	اول	اول	A0
27	به	به|به	به|به	به|به	Pr|N1
28	راحتی	راحتی|راحت	راحتی|راحت	راحتی|راحت + ی	A0|A0 + Y
29	قابل	قابل	قابل	قابل	A0
30	خواندن	خواند	خواند	خواند + ن	V2 + O
31	نیست	نیست|نیست	نیست|نیست	نیست|نیست	N1|V3
32	؛	؛	؛	؛	Si
33	مثلا	مثلا	مثلا	مثلا	N1
34	«	«	«	«	Si
35	صدیقه	صدیقه|صدیق	صدیقه|صدیق	صدیقه|صدیق + ه	N3|A0 + O
36	صد	صد	صد	صد	Nu
37	یقه	یقه	یقه	یقه	N1
38	را	را	را	را	Po
39	دوخت	دوخت	دوخت	دوخت	V2
40	علی	علی|علی	علی|علی	علی|علی	N3|A0
41	علی	علی|علی	علی|علی	علی|علی	N3|A0
42	علی	علی|علی	علی|علی	علی|علی	N3|A0
43	علی	علی|علی	علی|علی	علی|علی	N3|A0
44	علی	علی|علی	علی|علی	علی|علی	N3|A0
45	او	او|او	او|او	او|او	Ab|N5
46	را	را	را	را	Po
47	فروخت	فروخت	فروخت	فروخت	V2
48	!	!	!	!	Si
49	!	!	!	!	Si
50	»	»	»	»	Si

0	که	که|که|که|که	که|که|که|که	که|که|که|که	N1|C0|NA|N1
1	می‌شود	‌شو|‌شو|شو|شو	‌شو|‌شو|شو|شو	می + ‌شو + د|می + ‌شو + د|می‌ + شو + د|می‌ + شو + د	VPr + V1 + N|VPr + V1 + N|VPr + V1 + N|VPr + V1 + N
2	«	«	«	«	Si
3	صدیقه	صدیقه|صدیق	صدیقه|صدیق	صدیقه|صدیق + ه	N3|A0 + O
4	صد	صد	صد	صد	Nu
5	یقه	یقه	یقه	یقه	N1
6	را	را	را	را	Po
7	دوخت	دوخت	دوخت	دوخت	V2
8	،	.	.	.	Si
9	پنجعلی	پنجعلی|پنجعل	پنجعلی|پنجعل	پنجعلی|پنجعل + ی	N1|N1 + Y||N1 + V
10	او	او|او	او|او	او|او	Ab|N5
11	را	را	را	را	Po
12	فروخت	فروخت	فروخت	فروخت	V2
13	!	!	!	!	Si
14	»	»	»	»	Si

0	یا	یا|یا	یا|یا	یا|یا	C0|Intj
1	مثلا	مثلا	مثلا	مثلا	N1
2	«	«	«	«	Si
3	در	در|در|در|در|در	در|در|در|در|در	در|در|در|در|در	N1|Pr|V1|VPr|N1
4	این	این|این	این|این	این|این	A1|N6
5	درگه	درگه|گه|گه	درگه|گه|گه	درگه|در + گه|در + گه	N1|O + Ad|O + N1
6	که	که|که|که|که	که|که|که|که	که|که|که|که	N1|C0|NA|N1
7	گهگه	گهگه|گهگ	گهگه|گهگ	گهگه|گهگ + ه	N1|N1 + O
8	که	که|که|که|که	که|که|که|که	که|که|که|که	N1|C0|NA|N1
9	که	که|که|که|که	که|که|که|که	که|که|که|که	N1|C0|NA|N1
10	که	که|که|که|که	که|که|که|که	که|که|که|که	N1|C0|NA|N1
11	که	که|که|که|که	که|که|که|که	که|که|که|که	N1|C0|NA|N1
12	شود	شو|شو	شو|شو	شو + د|شو + د	V1 + N|V1 + N
13	ناگه	ناگه|گه|گه	ناگه|گه|گه	ناگه|نا + گه|نا + گه	Ad|Neg + Ad|Neg + N1
14	،	.	.	.	Si
15	مشو	شو|شو	شو|شو	م + شو|م + شو	Neg + V1|Neg + V1
16	غره	غره|غر	غره|غر	غره|غر + ه	N1|N1 + O
17	به	به|به	به|به	به|به	Pr|N1
18	امروزت	امروز	امروز	امروز + ت	N1 + N
19	که	که|که|که|که	که|که|که|که	که|که|که|که	N1|C0|NA|N1
20	از	از	از	از	Pr
21	فردا	فردا	فردا	فردا	Ad
22	نهی	نهی|نه|نه|نه	نهی|نه|نه|نه	نهی|نه + ی|نه + ی|نه + ی	N1|N1 + Y||N1 + V|V1 + N|Nu + Y
23	آگه	آگه	آگه	آگه	A0
24	!	!	!	!	Si
25	‪!‬	‪!‬	‪!‬	‪!‬	N1
26	»	»	»	»	Si

0	که	که|که|که|که	که|که|که|که	که|که|که|که	N1|C0|NA|N1
1	می‌شود	‌شو|‌شو|شو|شو	‌شو|‌شو|شو|شو	می + ‌شو + د|می + ‌شو + د|می‌ + شو + د|می‌ + شو + د	VPr + V1 + N|VPr + V1 + N|VPr + V1 + N|VPr + V1 + N
2	:	:	:	:	Si

0	«	«	«	«	Si
1	در	در|در|در|در|در	در|در|در|در|در	در|در|در|در|در	N1|Pr|V1|VPr|N1
2	این	این|این	این|این	این|این	A1|N6
3	درگه	درگه|گه|گه	درگه|گه|گه	درگه|در + گه|در + گه	N1|O + Ad|O + N1
4	که	که|که|که|که	که|که|که|که	که|که|که|که	N1|C0|NA|N1
5	گهگه	گهگه|گهگ	گهگه|گهگ	گهگه|گهگ + ه	N1|N1 + O
6	که	که|که|که|که	که|که|که|که	که|که|که|که	N1|C0|NA|N1
7	که	که|که|که|که	که|که|که|که	که|که|که|که	N1|C0|NA|N1
8	که	که|که|که|که	که|که|که|که	که|که|که|که	N1|C0|NA|N1
9	که	که|که|که|که	که|که|که|که	که|که|که|که	N1|C0|NA|N1
10	شود	شو|شو	شو|شو	شو + د|شو + د	V1 + N|V1 + N
11	ناگه	ناگه|گه|گه	ناگه|گه|گه	ناگه|نا + گه|نا + گه	Ad|Neg + Ad|Neg + N1
12	،	.	.	.	Si
13	مشو	شو|شو	شو|شو	م + شو|م + شو	Neg + V1|Neg + V1
14	غره	غره|غر	غره|غر	غره|غر + ه	N1|N1 + O
15	به	به|به	به|به	به|به	Pr|N1
16	امروزت	امروز	امروز	امروز + ت	N1 + N
17	که	که|که|که|که	که|که|که|که	که|که|که|که	N1|C0|NA|N1
18	از	از	از	از	Pr
19	فردا	فردا	فردا	فردا	Ad
20	نهی	نهی|نه|نه|نه	نهی|نه|نه|نه	نهی|نه + ی|نه + ی|نه + ی	N1|N1 + Y||N1 + V|V1 + N|Nu + Y
21	آگه	آگه	آگه	آگه	A0
22	!	!	!	!	Si
23	!	!	!	!	Si
24	»	»	»	»	Si
25	.	.	.	.	Si

0	به	به|به	به|به	به|به	Pr|N1
1	عنوان	عنوان	عنوان	عنوان	N1
2	آخرین	آخر	آخرین	آخر + ین	N1 + O
3	مثال	مثال	مثال	مثال	N1
4	«	«	«	«	Si
5	در	در|در|در|در|در	در|در|در|در|در	در|در|در|در|در	N1|Pr|V1|VPr|N1
6	لرستان	لرستان|لر	لرستان|لرکده	لرستان|لر + ستان	N2|N1 + O
7	نه	نه|نه|نه	نه|نه|نه	نه|نه|نه	N1|V1|Nu
8	لرند	لر	لر	لر + ند	N1 + V
9	و	و|و|و	و|و|و	و|و|و	Al|C0|Ab
10	هر	هر	هر	هر	A1
11	لری	لری|لر	لری|لر	لری|لر + ی	N1|N1 + Y||N1 + V
12	نه	نه|نه|نه	نه|نه|نه	نه|نه|نه	N1|V1|Nu
13	نره	نره|نر|ره	نره|نر|ره	نره|نر + ه|ن + ره	A0|A0 + O|Neg + V1
14	لر	لر	لر	لر	N1
15	نره	نره|نر|ره	نره|نر|ره	نره|نر + ه|ن + ره	A0|A0 + O|Neg + V1
16	لرچه	لر	لر	لر + چه	N1 + O
17	نره	نره|نر|ره	نره|نر|ره	نره|نر + ه|ن + ره	A0|A0 + O|Neg + V1
18	لر	لر	لر	لر	N1
19	،	.	.	.	Si
20	هر	هر	هر	هر	A1
21	نره	نره|نر|ره	نره|نر|ره	نره|نر + ه|ن + ره	A0|A0 + O|Neg + V1
22	لر	لر	لر	لر	N1
23	نه	نه|نه|نه	نه|نه|نه	نه|نه|نه	N1|V1|Nu
24	نره	نره|نر|ره	نره|نر|ره	نره|نر + ه|ن + ره	A0|A0 + O|Neg + V1
25	لر	لر	لر	لر	N1
26	»	»	»	»	Si
27	،	.	.	.	Si
28	که	که|که|که|که	که|که|که|که	که|که|که|که	N1|C0|NA|N1
29	درست	درست|درس|ست	درست|درس|ست	درست|درس + ت|در + ست	A0|N1 + N|O + N1
30	آن	آن|آن	آن|آن	آن|آن	A1|N6
31	می‌شود	‌شو|‌شو|شو|شو	‌شو|‌شو|شو|شو	می + ‌شو + د|می + ‌شو + د|می‌ + شو + د|می‌ + شو + د	VPr + V1 + N|VPr + V1 + N|VPr + V1 + N|VPr + V1 + N
32	:	:	:	:	Si

0	«	«	«	«	Si
1	در	در|در|در|در|در	در|در|در|در|در	در|در|در|در|در	N1|Pr|V1|VPr|N1
2	لرستان	لرستان|لر	لرستان|لرکده	لرستان|لر + ستان	N2|N1 + O
3	نه	نه|نه|نه	نه|نه|نه	نه|نه|نه	N1|V1|Nu
4	لرند	لر	لر	لر + ند	N1 + V
5	و	و|و|و	و|و|و	و|و|و	Al|C0|Ab
6	هر	هر	هر	هر	A1
7	لری	لری|لر	لری|لر	لری|لر + ی	N1|N1 + Y||N1 + V
8	نه	نه|نه|نه	نه|نه|نه	نه|نه|نه	N1|V1|Nu
9	نره	نره|نر|ره	نره|نر|ره	نره|نر + ه|ن + ره	A0|A0 + O|Neg + V1
10	لر	لر	لر	لر	N1
11	نره	نره|نر|ره	نره|نر|ره	نره|نر + ه|ن + ره	A0|A0 + O|Neg + V1
12	لرچه	لر	لر	لر + چه	N1 + O
13	نره	نره|نر|ره	نره|نر|ره	نره|نر + ه|ن + ره	A0|A0 + O|Neg + V1
14	لر	لر	لر	لر	N1
15	،	.	.	.	Si
16	هر	هر	هر	هر	A1
17	نره	نره|نر|ره	نره|نر|ره	نره|نر + ه|ن + ره	A0|A0 + O|Neg + V1
18	لر	لر	لر	لر	N1
19	نه	نه|نه|نه	نه|نه|نه	نه|نه|نه	N1|V1|Nu
20	نره	نره|نر|ره	نره|نر|ره	نره|نر + ه|ن + ره	A0|A0 + O|Neg + V1
21	لر	لر	لر	لر	N1
22	»	»	»	»	Si
23	؛	؛	؛	؛	Si
24	در	در|در|در|در|در	در|در|در|در|در	در|در|در|در|در	N1|Pr|V1|VPr|N1
25	این	این|این	این|این	این|این	A1|N6
26	نمونه‌ها	نمونه‌|نمونه	نمونه‌|نمونه	نمونه‌ + ها|نمونه + ‌ها	A0 + Pl|A0 + Pl
27	علاوه‌براینکه	علاوه‌براینکه|علاوه‌براینک|علاوه‌براین|علاوه‌برا	علاوه‌براینکه|علاوه‌براینک|علاوه‌براین|علاوه‌برا	علاوه‌براینکه|علاوه‌براینک + ه|علاوه‌براین + ک + ه|علاوه‌برا + ین + ک + ه	N1|N1 + O|N1 + O + O|N1 + O + O + O
28	بیش‌از	بیش‌از	بیش‌از	بیش‌از	Pr1
29	۵	۵	۵	۵	No
30	.	.	.	.	Si
31	از	از	از	از	Pr
32	انسان‌ها	انسان‌|انسان|ان	انسان‌|انسان|ان	انسان‌ + ها|انسان + ‌ها|ان + سان‌ + ها	N1 + Pl|N1 + Pl|N1 + O + Pl
33	اشتباه	اشتباه	اشتباه	اشتباه	A0
34	می‌خوانند	‌خوان|خوان	‌خوان|خوان	می + ‌خوان + ند|می‌ + خوان + ند	VPr + V1 + N|VPr + V1 + N
35	،	.	.	.	Si
36	برای	برای|برا|بر|بر|بر|بر	برای|برا|برا|بر|بر|برا	برای|برا + ی|بر + ا + ی|بر + ای|بر + ای|بر + ا + ی	Pr|A0 + Y|V1 + O + N|VPr + O|N1 + O|V1 + O + N
37	سیستم‌های	سیستم‌|سیستم	سیستم‌|سیستم	سیستم‌ + ها + ی|سیستم + ‌ها + ی	N1 + Pl + Y|N1 + Pl + Y
38	اصلاح	اصلاح	اصلاح	اصلاح	N1
39	خودکار	خودکار|خود|خود	خودکار|خود|خودکار	خودکار|خود + کار|خود + کار	A0|N8 + O|N1 + O
40	،	.	.	.	Si
41	در	در|در|در|در|در	در|در|در|در|در	در|در|در|در|در	N1|Pr|V1|VPr|N1
42	حالت	حالت|حال	حالت|حال	حالت|حال + ت	N1|Ad + N
43	عدم	عدم	عدم	عدم	N1
44	رعایت	رعایت	رعایت	رعایت	N1
45	فاصله	فاصله|فاصل	فاصله|فاصل	فاصله|فاصل + ه	N1|N1 + O
46	و	و|و|و	و|و|و	و|و|و	Al|C0|Ab
47	نیم‌فاصله	نیم‌فاصله|نیم‌فاصل	نیم‌فاصله|نیم‌فاصل	نیم‌فاصله|نیم‌فاصل + ه	N1|N1 + O
48	،	.	.	.	Si
49	کار	کار|کار	کار|کار	کار|کار	N1|V1
50	بسیار	بسیار|بسیار|سیار|یار	بسیار|بسیار|سیار|یار	بسیار|بسیار|ب + سیار|بس + یار	A0|Ad|O + A0|O + N1
51	دشوار	دشوار|دش	دشوار|دشوار	دشوار|دش + وار	A0|N1 + O
52	می‌شود	‌شو|‌شو|شو|شو	‌شو|‌شو|شو|شو	می + ‌شو + د|می + ‌شو + د|می‌ + شو + د|می‌ + شو + د	VPr + V1 + N|VPr + V1 + N|VPr + V1 + N|VPr + V1 + N
53	.	.	.	.	Si

0	*****	*****	*****	*****	N1

0	کارورزیده	کارورز	کارورز	کارورز + ید + ه	N1 + V + O

0	کاراموزانشان	کاراموزانشان|کاراموزانش|کاراموزان|کاراموز	کاراموزانشان|کاراموزانش|کاراموزان|کاراموز	کاراموزانشان|کاراموزانش + ان|کاراموزان + شان|کاراموز + ان + شان	N1|N1 + Pl|N1 + N|N1 + Pl + N

0	گواهینامه‌هایشانید	گواهینامه‌|گواهینامه|گواهی|گواه|گوا	گواهینامه‌|گواهینامه|گواهینا|گواهنا|گوانا	گواهینامه‌ + ها + ی + شان + ید|گواهینامه + ‌ها + ی + شان + ید|گواهی + نا + م + ه‌ + ها + ی + شان + ید|گواه + ی + نا + م + ه‌ + ها + ی + شان + ید|گوا + ه + ی + نا + م + ه‌ + ها + ی + شان + ید	N1 + Pl + Y + N + V|N1 + Pl + Y + N + V|N1 + O + N + O + Pl + Y + N + V|N1 + Y + O + N + O + Pl + Y + N + V|N1 + O + Y + O + N + O + Pl + Y + N + V

0	نارس‌ترین	نارس‌|نارس|رس‌|رس	نارس‌|نارس|رس‌|رس	نارس‌ + ترین|نارس + ‌ترین|نا + رس‌ + ترین|نا + رس + ‌ترین	A0 + O|A0 + O|Neg + N1 + O|Neg + N1 + O

0	بپاخواستگان	بپاخواستگان|بپاخواستگ|بپاخواسته|پاخواستگان|پاخواستگ|پاخواسته	بپاخواستگان|بپاخواستگ|بپاخواسته|پاخواستگان|پاخواستگ|پاخواسته	بپاخواستگان|بپاخواستگ + ان|بپاخواسته + گان|ب + پاخواستگان|ب + پاخواستگ + ان|ب + پاخواسته + گان	N1|N1 + Pl|N1 + Pl|O + N1|O + N1 + Pl|O + N1 + Pl

0	دردمندی‌هایش	دردمندی‌|دردمندی|دردمند|درد|درد|در|دم|دم|دم	دردمندی‌|دردمندی|دردمند|درد|درد|در|دم|دم|دم	دردمندی‌ + ها + ی + ش|دردمندی + ‌ها + ی + ش|دردمند + ی‌ + ها + ی + ش|درد + مند + ی‌ + ها + ی + ش|درد + مند + ی‌ + ها + ی + ش|در + د + م + ند + ی‌ + ها + ی + ش|در + دم + ند + ی‌ + ها + ی + ش|در + دم + ند + ی‌ + ها + ی + ش|در + دم + ند + ی‌ + ها + ی + ش	N1 + Pl + Y + N|N1 + Pl + Y + N|A0 + Y + Pl + Y + N|N1 + O + Y + Pl + Y + N|N1 + O + Y + Pl + Y + N|V1 + N + N + N + N + Pl + N + O|O + N1 + V + Y + Pl + Y + N|VPr + V1 + N + N + Pl + N + O|O + N1 + V + Y + Pl + Y + N

0	بت	بت	بت	بت	N1
1	شکنانید	شکن|شکن	شکن|شکنان	شکن + ان + ید|شکن + ان + ید	N1 + Pl + V|V1 + O + N

0	همه‌فن‌حریفان	همه‌فن‌حریف	همه‌فن‌حریف	همه‌فن‌حریف + ان	A0 + Pl

0	همه‌کاره‌یید	همه‌کاره‌|همه‌کاره|همه‌|همه‌|همه|همه|هم|هم	همه‌کاره‌|همه‌کاره|همه‌|همه‌کار|همهکار|همهکار|همکار|همکار	همه‌کاره‌ + ی + ید|همه‌کاره + ‌ی + ید|همه‌ + کار + ه‌ + ی + ید|همه‌ + کار + ه‌ + ی + ید|همه + ‌کار + ه‌ + ی + ید|همه + ‌کار + ه‌ + ی + ید|هم + ه‌ + کار + ه‌ + ی + ید|هم + ه‌ + کار + ه‌ + ی + ید	A0 + Y + V|A0 + Y + V|A2 + O + O + Y + V|N1 + O + O + Y + V|A2 + O + O + Y + V|N1 + O + O + Y + V|Ad + O + O + O + Y + V|N8 + O + O + O + Y + V

0	همه‌کس‌شناس	همه‌کس‌شناس|همه‌کس‌|همه‌کس|ه‌کس‌شناس|ه‌کس‌|ه‌کس	همه‌کس‌شناس|همه‌کس‌|همه‌کس|ه‌کس‌شناس|ه‌کس‌|ه‌کس	همه‌کس‌شناس|همه‌کس‌ + شناس|همه‌کس + ‌شناس|هم + ه‌کس‌شناس|هم + ه‌کس‌ + شناس|هم + ه‌کس + ‌شناس	N1|N1 + O|N1 + O|O + N1|O + N1 + O|O + N1 + O

0	همه‌جا‌گرد	همه‌جا‌گرد|همه‌جا‌|همه‌جا|ه‌جا‌گرد|ه‌جا‌|ه‌جا	همه‌جا‌گرد|همه‌جا‌|همه‌جا|ه‌جا‌گرد|ه‌جا‌|ه‌جا	همه‌جا‌گرد|همه‌جا‌ + گرد|همه‌جا + ‌گرد|هم + ه‌جا‌گرد|هم + ه‌جا‌ + گرد|هم + ه‌جا + ‌گرد	N1|N1 + O|N1 + O|O + N1|O + N1 + O|O + N1 + O

0	خسته‌ترین‌هایشانیم	خسته‌|خسته|خست|خست|خس	خسته‌|خسته|خست|خست|خس	خسته‌ + ترین‌ + ها + ی + شان + یم|خسته + ‌ترین‌ + ها + ی + شان + یم|خست + ه‌ + ترین‌ + ها + ی + شان + یم|خست + ه‌ + ترین‌ + ها + یشان + یم|خس + ت + ه‌ + ترین‌ + ها + ی + شان + یم	A0 + O + Pl + Y + N + V|A0 + O + Pl + Y + N + V|N1 + O + O + Pl + Y + N + V|V2 + O + O + Pl + N + N|N1 + N + O + O + Pl + Y + N + V

0	افسرده‌ترین‌هایشانید	افسرده‌|افسرده|افسرد|افسر	افسرده‌|افسرده|افسرد|افسر	افسرده‌ + ترین‌ + ها + ی + شان + ید|افسرده + ‌ترین‌ + ها + ی + شان + ید|افسرد + ه‌ + ترین‌ + ها + یشان + ید|افسر + د + ه‌ + ترین‌ + ها + یشان + ید	A0 + O + Pl + Y + N + V|A0 + O + Pl + Y + N + V|V2 + O + O + Pl + N + N|V1 + N + O + O + Pl + N + N

0	نالان‌ترین	نالان‌|نالان|نال	نالان‌|نالان|نالان	نالان‌ + ترین|نالان + ‌ترین|نال + ان‌ + ترین	A0 + O|A0 + O|V1 + O + O

0	کتاب‌دارتان	کتاب‌|کتاب	کتاب‌|کتاب	کتاب‌ + دار + تان|کتاب + ‌دار + تان	N1 + O + N|N1 + O + N

0	کتابخانه‌هایم	کتابخانه‌|کتابخانه|کتاب	کتابخانه‌|کتابخانه|کتابخانه	کتابخانه‌ + ها + یم|کتابخانه + ‌ها + یم|کتاب + خانه‌ + ها + یم	N1 + Pl + V|N1 + Pl + V|N1 + O + Pl + V

0	بپاسخواسته‌اند	بپاسخواسته‌اند|بپاسخواسته‌ا|پاسخواسته‌اند|پاسخواسته‌ا	بپاسخواسته‌اند|بپاسخواسته‌ا|پاسخواسته‌اند|پاسخواسته‌ا	بپاسخواسته‌اند|بپاسخواسته‌ا + ند|ب + پاسخواسته‌اند|ب + پاسخواسته‌ا + ند	N1|N1 + V|O + N1|O + N1 + V

0	می‌خواهدبیاراید	می‌خواهدبیاراید|می‌خواهدبیارا	می‌خواهدبیاراید|می‌خواهدبیارا	می‌خواهدبیاراید|می‌خواهدبیارا + ید	N1|N1 + V

0	خواستنی‌ترین	خواستنی‌|خواستنی|خواست	خواستنی‌|خواستنی|خواست	خواستنی‌ + ترین|خواستنی + ‌ترین|خواست + نی‌ + ترین	A0 + O|A0 + O|V2 + O + O

0	کم‌روترینید	کم‌روترینید|کم‌روترین|کم‌روتر|کم‌رو	کم‌روترینید|کم‌روترین|کم‌روتر|کم‌رو	کم‌روترینید|کم‌روترین + ید|کم‌روتر + ین + ید|کم‌رو + ترین + ید	N1|N1 + V|N1 + O + V|N1 + O + V

0	پررونق‌تر	پررونق‌|پررونق	پررونق‌تر|پررونقتر	پررونق‌ + تر|پررونق + ‌تر	A0 + O|A0 + O

0	درآشفته‌ترین	آشفته‌|آشفته|آشفت	آشفته‌|آشفته|آشفت	در + آشفته‌ + ترین|در + آشفته + ‌ترین|در + آشفت + ه‌ + ترین	O + A0 + O|O + A0 + O|VPr + V2 + O + O

0	معدنچیان	معدنچی|معدن	معدنچی|معدن	معدنچی + ان|معدن + چی + ان	N1 + Pl|N1 + O + Pl

0	یکدستی	یکدستی|یکدست	یکدستی|یکدست	یکدستی|یکدست + ی	N1|A0 + Y

0	آتشفشانان	آتشفشان	آتشفشان	آتشفشان + ان	N1 + Pl

0	خلبان‌هایتانند	خلبان‌|خلبان|خل	خلبان‌|خلبان|خلبان	خلبان‌ + ها + ی + تان + ند|خلبان + ‌ها + ی + تان + ند|خل + بان‌ + ها + ی + تان + ند	N1 + Pl + Y + N + V|N1 + Pl + Y + N + V|A0 + O + Pl + Y + N + V

0	ناخداهایشانید	ناخدا|خدا	ناخدا|خدا	ناخدا + ها + ی + شان + ید|نا + خدا + ها + ی + شان + ید	N1 + Pl + Y + N + V|Neg + N1 + Pl + Y + N + V

0	نامردمانتان	نامردم|نامرد|مردم|مرد	نامردم|نامرد|مردم|مرد	نامردم + ان + تان|نامرد + مان + تان|نا + مردم + ان + تان|نا + مرد + مان + تان	A0 + Pl + N|A0 + N + N|Neg + N1 + Pl + N|Neg + N1 + N + N

0	ناشکری‌هایمان	ناشکری‌هایمان|ناشکری‌هایم|ناشکری‌های|ناشکری‌ها|ناشکری‌ه|شکری‌هایمان|شکری‌هایم|شکری‌های|شکری‌ها|شکری‌ه	ناشکری‌هایمان|ناشکری‌هایم|ناشکری‌های|ناشکری‌ها|ناشکری‌ه|شکری‌هایمان|شکری‌هایم|شکری‌های|شکری‌ها|شکری‌ه	ناشکری‌هایمان|ناشکری‌هایم + ان|ناشکری‌های + مان|ناشکری‌ها + یم + ان|ناشکری‌ه + ای + مان|نا + شکری‌هایمان|نا + شکری‌هایم + ان|نا + شکری‌های + مان|نا + شکری‌ها + یم + ان|نا + شکری‌ه + ای + مان	N1|N1 + Pl|N1 + N|N1 + V + Pl|N1 + O + N|Neg + N1|Neg + N1 + Pl|Neg + N1 + N|Neg + N1 + V + Pl|Neg + N1 + O + N

0	آهنچیان	آهن	آهن	آهن + چی + ان	N1 + O + Pl

0	آهنین	آهنین|آهن	آهنین|آهنین	آهنین|آهن + ین	A0|N1 + O
1	پنجه	پنجه|پنج	پنجه|پنج	پنجه|پنج + ه	N1|Nu + O

0	آتشکدگان	آتشکده	آتشکده	آتشکده + گان	N1 + Pl

0	آزرده‌خاطر	آزرده‌خاطر	آزرده‌خاطر	آزرده‌خاطر	A0

0	فرومایگان	فرومایه|مایه	فرومایه|مایه	فرومایه + گان|فرو + مایه + گان	A0 + Pl|O + N1 + Pl

0	پاکدلانیم	پاکدل	پاکدل	پاکدل + ان + یم	A0 + Pl + V

0	فروپاشیدگان	پاشیده	پاشیده	فرو + پاشیده + گان	O + A0 + Pl

0	ناایستاترین	ایستا	ایستا	نا + ایستا + ترین	Neg + A0 + O

0	بی	بی|بی	بی|بی	بی|بی	Ab|Pr
1	شیله‌پیلگان	شیله‌پیله	شیله‌پیله	شیله‌پیله + گان	N1 + Pl

0	لب‌ریز	لب‌ریز	لب‌ریز	لب‌ریز	N1

0	دهان‌گشاد	دهان‌گشاد	دهان‌گشاد	دهان‌گشاد	N1

0	دهان‌لقان	دهان‌لقان|دهان‌لق	دهان‌لقان|دهان‌لق	دهان‌لقان|دهان‌لق + ان	N1|N1 + Pl

0	نرفتگان	نرفته	نرفته	نرفته + گان	A0 + Pl

0	نروترین	رو|رو	رو|رو	ن + رو + ترین|ن + رو + ترین	Neg + V1 + O|Neg + V1 + O

0	یکرنگ‌ترین	یکرنگ‌|یکرنگ	یکرنگ‌|یکرنگ	یکرنگ‌ + ترین|یکرنگ + ‌ترین	A0 + O|A0 + O

0	سبک‌باران	سبک‌بار|سبک‌|سبک‌|سبک|سبک|سب	سبک‌بار|سبک‌کده|سبک‌کده|سبککده|سبککده|سبکده	سبک‌بار + ان|سبک‌ + بار + ان|سبک‌ + بار + ان|سبک + ‌بار + ان|سبک + ‌بار + ان|سب + ک‌ + بار + ان	A0 + Pl|N1 + O + Pl|A0 + O + Pl|N1 + O + Pl|A0 + O + Pl|N1 + O + O + Pl

0	گرانقدر	گرانقدر	گرانقدر	گرانقدر	A0

0	گران‌بهاترین	گران‌بهاترین|گران‌بهاتر|گران‌بها|گران‌ب	گران‌بهاترین|گران‌بهاتر|گران‌بها|گران‌ب	گران‌بهاترین|گران‌بهاتر + ین|گران‌بها + ترین|گران‌ب + ها + ترین	N1|N1 + O|N1 + O|N1 + Pl + O

0	گران‌مایگان	گران‌مایگان|گران‌مایگ|گران‌مایه	گران‌مایگان|گران‌مایگ|گران‌مایه	گران‌مایگان|گران‌مایگ + ان|گران‌مایه + گان	N1|N1 + Pl|N1 + Pl

0	چشم‌تنگان	چشم‌تنگ	چشم‌تنگ	چشم‌تنگ + ان	A0 + Pl

0	دل‌نازک‌ترین	دل‌نازک‌|دل‌نازک	دل‌نازک‌|دل‌نازک	دل‌نازک‌ + ترین|دل‌نازک + ‌ترین	A0 + O|A0 + O

0	سنگ‌دلانید	سنگ‌دلانید|سنگ‌دلان|سنگ‌دل	سنگ‌دلانید|سنگ‌دلان|سنگ‌دل	سنگ‌دلانید|سنگ‌دلان + ید|سنگ‌دل + ان + ید	N1|N1 + V|N1 + Pl + V

0	بی‌خیالان	بی‌خیال|‌خیال|خیال	بی‌خیال|‌خیال|خیال	بی‌خیال + ان|بی + ‌خیال + ان|بی‌ + خیال + ان	A0 + Pl|O + N1 + Pl|O + N1 + Pl

0	بی‌رنگ‌ترینانید	بی‌رنگ‌|بی‌رنگ|‌رنگ‌|‌رنگ‌|‌رنگ|‌رنگ|رنگ‌|رنگ‌|رنگ|رنگ	بی‌رنگ‌|بی‌رنگ|‌رنگ‌|‌رنگ‌|‌رنگ|‌رنگ|رنگ‌|رنگ‌|رنگ|رنگ	بی‌رنگ‌ + ترین + ان + ید|بی‌رنگ + ‌ترین + ان + ید|بی + ‌رنگ‌ + ترین + ان + ید|بی + ‌رنگ‌ + ترین + ان + ید|بی + ‌رنگ + ‌ترین + ان + ید|بی + ‌رنگ + ‌ترین + ان + ید|بی‌ + رنگ‌ + ترین + ان + ید|بی‌ + رنگ‌ + ترین + ان + ید|بی‌ + رنگ + ‌ترین + ان + ید|بی‌ + رنگ + ‌ترین + ان + ید	A0 + O + Pl + V|A0 + O + Pl + V|O + N1 + O + Pl + V|O + N1 + O + Pl + V|O + N1 + O + Pl + V|O + N1 + O + Pl + V|O + N1 + O + Pl + V|O + N1 + O + Pl + V|O + N1 + O + Pl + V|O + N1 + O + Pl + V

0	آراسته‌ترینانید	آراسته‌|آراسته	آراسته‌|آراسته	آراسته‌ + ترین + ان + ید|آراسته + ‌ترین + ان + ید	A0 + O + Pl + V|A0 + O + Pl + V

0	شاخ‌شمشاد	شاخ‌شمشاد	شاخ‌شمشاد	شاخ‌شمشاد	N1

0	نازک‌نشمین	نازک‌نشمین|نازک‌نشم|نازک‌نش|نازک‌ن|زک‌نشمین|زک‌نشم|زک‌نش|زک‌ن|ک‌نشمین|ک‌نشم|ک‌نش|ک‌ن	نازک‌نشمین|نازک‌نشم|نازک‌نش|نازک‌ن|زک‌نشمین|زک‌نشم|زک‌نش|زک‌ن|ک‌نشمین|ک‌نشم|ک‌نش|ک‌ن	نازک‌نشمین|نازک‌نشم + ین|نازک‌نش + م + ین|نازک‌ن + ش + م + ین|نا + زک‌نشمین|نا + زک‌نشم + ین|نا + زک‌نش + م + ین|نا + زک‌ن + ش + م + ین|نا + ز + ک‌نشمین|نا + ز + ک‌نشم + ین|نا + ز + ک‌نش + م + ین|نا + ز + ک‌ن + ش + م + ین	N1|N1 + O|N1 + N + O|N1 + N + N + O|Neg + N1|Neg + N1 + O|Neg + N1 + N + O|Neg + N1 + N + N + O|Neg + O + N1|Neg + O + N1 + O|Neg + O + N1 + N + O|Neg + O + N1 + N + N + O

0	گندم‌گون	گندم‌|گندم|گند	گندم‌|گندم|گند	گندم‌ + گون|گندم + ‌گون|گند + م‌ + گون	N1 + O|N1 + O|N1 + N + O

0	نیکوسرشت	نیکوسرشت	نیکوسرشت	نیکوسرشت	A0

0	فراخ‌بال	فراخ‌بال|فراخ‌ب|خ‌بال|خ‌ب	فراخ‌بال|فراخ‌ب|خ‌بال|خ‌ب	فراخ‌بال|فراخ‌ب + ال|فرا + خ‌بال|فرا + خ‌ب + ال	N1|N1 + O|O + N1|O + N1 + O

0	تنگدستی	تنگدستی	تنگدستی	تنگدستی	N1

0	تنگ‌نظرانند	تنگ‌نظر	تنگ‌نظر	تنگ‌نظر + ان + ند	A0 + Pl + V

0	نیک‌بی‌نانشانید	نیک‌بی‌نانشانید|نیک‌بی‌نانشان|نیک‌بی‌نانش|نیک‌بی‌نان|نیک‌بی‌ن	نیک‌بی‌نانشانید|نیک‌بی‌نانشان|نیک‌بی‌نانش|نیک‌بی‌نان|نیک‌بی‌ن	نیک‌بی‌نانشانید|نیک‌بی‌نانشان + ید|نیک‌بی‌نانش + ان + ید|نیک‌بی‌نان + شان + ید|نیک‌بی‌ن + ان + شان + ید	N1|N1 + V|N1 + Pl + V|N1 + N + V|N1 + Pl + N + V

0	نیک‌سرشتانشانید	نیک‌سرشت	نیک‌سرشت	نیک‌سرشت + ان + شان + ید	A0 + Pl + N + V


