0	به	به|به	به|به	به|به	Pr|N1
‎1	نام	نام|نام|نا	نام|نام|نا	نام|نام|نا + م	N1|V1|N1 + N||N1 + V
‎2	خدا	خدا	خدا	خدا	N1
‎3	روزی	روزی|روز	روزی|روز	روزی|روز + ی	N1|N1 + Y||N1 + V
‎4	روزگاری	روزگار	روزگار	روزگار + ی	N1 + Y||N1 + V
‎5	سگ	سگ	سگ	سگ	N1
‎6	سنگی	سنگی|سنگ|سنه	سنگی|سنگ|سنه	سنگی|سنگ + ی|سنه + گی	A0|N1 + Y||N1 + V|N1 + O
‎7	را	را	را	را	Po
‎8	بلند	بلند|بلند|بلند|بل|بل|لند|لند	بلند|بلند|بلند|بل|بل|لند|لند	بلند|بلند|بلند|بل + ند|بل + ند|ب + لند|ب + لند	N1|N1|A0|N1 + V|N1 + V|VPr + V6|O + N1
‎9	کرد	کرد|کرد	کرد|کرد	کرد|کرد	V2|N1
‎10	و	و|و|و	و|و|و	و|و|و	Al|C0|Ab
‎11	با	با	با	با	Pr
‎12	پوزه	پوزه|پوز|پوز	پوزه|پوز|پوز	پوزه|پوز + ه|پوز + ه	N1|N1 + O|V1 + O
‎13	خود	خود|خود	خود|خود	خود|خود	N8|N1
‎14	به	به|به	به|به	به|به	Pr|N1
‎15	این	این|این	این|این	این|این	A1|N6
‎16	ور	ور|ور	ور|ور	ور|ور	N1|N1
‎17	و	و|و|و	و|و|و	و|و|و	Al|C0|Ab
‎18	ان	ان|ان	ان|ان	ان|ان	N1|Ab
‎19	ور	ور|ور	ور|ور	ور|ور	N1|N1
‎20	پرتاب	پرتاب	پرتاب	پرتاب	N1
‎21	می‌کرد	‌کرد|کرد	‌کرد|کرد	می + ‌کرد|می‌ + کرد	VPr + V2|VPr + V2
‎22	من	من	من	من	N5
‎23	که	که|که|که|که	که|که|که|که	که|که|که|که	N1|C0|NA|N1
‎24	زنم	زن|زن|نم	زن|زن|نم	زن + م|زن + م|ز + نم	N1 + N||N1 + V|V1 + N|O + N1
‎25	در	در|در|در|در|در	در|در|در|در|در	در|در|در|در|در	N1|Pr|V1|VPr|N1
‎26	کنار	کنار|کنار	کنار|کنار	کنار|کنار	N1|N1
‎27	م	م|م|م	م|م|م	م|م|م	Ab|Ab|Al
‎28	ایستاده بود	ایستاد	ایستاد	ایستاد + ه + بود	V2 + O + V
‎29	و	و|و|و	و|و|و	و|و|و	Al|C0|Ab
‎30	گزی	گز|گز	گز|گز	گز + ی|گز + ی	N1 + Y||N1 + V|V1 + N
‎31	در	در|در|در|در|در	در|در|در|در|در	در|در|در|در|در	N1|Pr|V1|VPr|N1
‎32	دستم	دست|دست	دست|دست	دست + م|دست + م	N1 + N||N1 + V|N9 + N
‎33	بود	بود|بود|بود|بو	بود|بود|بود|بو	بود|بود|بود|بو + د	N1|V2|V3|V1 + N
‎34	به	به|به	به|به	به|به	Pr|N1
‎35	سگ	سگ	سگ	سگ	N1
‎36	زنگین	زنگ|نگین	زنگین|نگینین	زنگ + ین|ز + نگین	N1 + O|O + N1
‎37	رنگ	رنگ|رنگ	رنگ|رنگ	رنگ|رنگ	N1|N1
‎38	را	را	را	را	Po
‎39	تعارف	تعارف	تعارف	تعارف	N1
‎40	کردم	کرد|کرد	کرد|کرد	کرد + م|کرد + م	V2 + N|N1 + N||N1 + V
‎41	او	او|او	او|او	او|او	Ab|N5
‎42	که	که|که|که|که	که|که|که|که	که|که|که|که	N1|C0|NA|N1
‎43	از	از	از	از	Pr
‎44	این	این|این	این|این	این|این	A1|N6
‎45	کار	کار|کار	کار|کار	کار|کار	N1|V1
‎46	آتشین	آتشین|آتش	آتشین|آتشین	آتشین|آتش + ین	A0|N1 + O
‎47	شده بود	شدهبود	شدهبود	شدهبود	N1
‎48	به	به|به	به|به	به|به	Pr|N1
‎49	همه‌ی	همه‌|همه‌|همه|همه|هم|هم	همه‌|همه‌|همه|همه|هم|هم	همه‌ + ی|همه‌ + ی|همه + ‌ی|همه + ‌ی|هم + ه‌ + ی|هم + ه‌ + ی	A2 + Y|N1 + Y||N1 + V|A2 + Y|N1 + Y||N1 + V|Ad + O + Y|N8 + O + Y
‎50	کاخ	کاخ	کاخ	کاخ	N1
‎51	نشینان	نشین|نش	نشینان|نشین	نشین + ان|نش + ین + ان	V1 + O|N1 + O + Pl
‎52	فریاد	فریاد	فریاد	فریاد	N1
‎53	برد	برد|برد|بر|بر|رد	برد|برد|بر|بر|رد	برد|برد|بر + د|بر + د|ب + رد	N1|V2|V1 + N|V1 + N|O + A0
‎54	و	و|و|و	و|و|و	و|و|و	Al|C0|Ab
‎55	خودش	خودش|خود|خود	خودش|خود|خود	خودش|خود + ش|خود + ش	N7|N8 + N|N1 + N
‎56	را	را	را	را	Po
‎57	پاک	پاک|پا|پا	پاک|پا|پا	پاک|پا + ک|پا + ک	A0|N1 + O|N9 + O
‎58	کرد	کرد|کرد	کرد|کرد	کرد|کرد	V2|N1
‎59	و	و|و|و	و|و|و	و|و|و	Al|C0|Ab
‎60	هوایی	هوایی|هوا|هو	هوایی|هوا|هو	هوایی|هوا + ی + ی|هو + ای + ی	A0|N1 + Y + Y|N1 + O + Y
‎61	شده	شده|شد	شده|شد	شده|شد + ه	V1|V3 + O
‎62	و	و|و|و	و|و|و	و|و|و	Al|C0|Ab
‎63	به	به|به	به|به	به|به	Pr|N1
‎64	دشت	دشت|دش	دشت|دش	دشت|دش + ت	N1|N1 + N
‎65	آهوان	آهوان|آهو	آهوان|آهو	آهوان|آهو + ان	N2|N1 + Pl
‎66	زد	زد|زد|زد	زد|زد|زد	زد|زد|زد	N1|V2|Ab
67	.	.	.	.	Si
‎0	پتو	پتو	پتو	پتو	N1
‎1	دور	دور|دور	دور|دور	دور|دور	N1|A0
‎2	او	او|او	او|او	او|او	Ab|N5
‎3	نبود	نبود|نبود|بود|بود|بو	نبود|نبود|بود|بود|بو	نبود|نبود|ن + بود|ن + بود|ن + بو + د	N1|V2|Neg + V2|Neg + V3|Neg + V1 + N
‎4	و	و|و|و	و|و|و	و|و|و	Al|C0|Ab
‎5	توپش	توپ|توپ	توپ|توپش	توپ + ش|توپ + ش	N1 + N|V1 + O
‎6	را	را	را	را	Po
‎7	در	در|در|در|در|در	در|در|در|در|در	در|در|در|در|در	N1|Pr|V1|VPr|N1
‎8	دستم	دست|دست	دست|دست	دست + م|دست + م	N1 + N||N1 + V|N9 + N
‎9	داشتم	داشت|داشت|داشت|داش	داشت|داشت|داشت|داش	داشت + م|داشت + م|داشت + م|داش + ت + م	N1 + N||N1 + V|V2 + N|V5 + N|N1 + N + N
‎10	از	از	از	از	Pr
‎11	شهر	شهر	شهر	شهر	N1
‎12	شهرری	شهرری|شهرر	شهرری|شهرر	شهرری|شهرر + ی	N1|N1 + Y||N1 + V
‎13	راحت	راحت	راحت	راحت	A0
‎14	شده بودم	شدهبودم|شدهبود	شدهبودم|شدهبود	شدهبودم|شدهبود + م	N1|N1 + N||N1 + V
‎15	و	و|و|و	و|و|و	و|و|و	Al|C0|Ab
‎16	ریش	ریش|ری	ریش|ری	ریش|ری + ش	N1|N1 + N
‎17	گذاشته بودم	گذاشت	گذاشت	گذاشت + ه + بود + م	V2 + O + V + N
‎18	شیری	شیری|شیر	شیری|شیر	شیری|شیر + ی	A0|N1 + Y||N1 + V
‎19	شیرین	شیرین|شیر	شیرین|شیرین	شیرین|شیر + ین	A0|N1 + O
‎20	و	و|و|و	و|و|و	و|و|و	Al|C0|Ab
‎21	دلپذیر	دلپذیر	دلپذیر	دلپذیر	N1
‎22	درمقابل	مقابل|مقابل	مقابل|مقابل	در + مقابل|در + مقابل	O + A0|O + N9
‎23	ان	ان|ان	ان|ان	ان|ان	N1|Ab
‎24	شیر	شیر	شیر	شیر	N1
‎25	قرار	قرار|قرار	قرار|قرار	قرار|قرار	N1|N9
‎26	داشت	داشت|داشت|داشت|داش	داشت|داشت|داشت|داش	داشت|داشت|داشت|داش + ت	N1|V2|V5|N1 + N
‎27	اما	اما	اما	اما	C0
‎28	فک‌های	فک‌|فک‌|فک|فک	فک‌|فک‌|فک|فک	فک‌ + ها + ی|فک‌ + ها + ی|فک + ‌ها + ی|فک + ‌ها + ی	N1 + Pl + Y|N1 + Pl + Y|N1 + Pl + Y|N1 + Pl + Y
‎29	دریایی	دریایی|دریا|دری|دری|در|در|در|در|یا	دریایی|دریا|دری|دری|در|در|در|در|یا	دریایی|دریا + ی + ی|دری + ای + ی|دری + ای + ی|در + ی + ای + ی|در + ی + ا + ی + ی|در + ی + ای + ی|در + ی + ای + ی|در + یا + ی + ی	A0|N1 + Y + Y|N1 + O + Y|N4 + O + Y|N1 + Y + O + Y|V1 + N + O + N + N|VPr + Y + O + Y|N1 + Y + O + Y|O + Intj + Y + Y
‎30	شک	شک|شک	شک|شک	شک|شک	N1|N1
‎31	کرده بودند	کرده|کرد	کرده|کرد	کرده + بود + ند|کرد + ه + بود + ند	V2 + V + N|V2 + O + V + N
32	.	.	.	.	Si
‎0	کفی	کفی|کف	کفی|کف	کفی|کف + ی	A0|N1 + Y||N1 + V
‎1	کفش	کفش|کف	کفش|کف	کفش|کف + ش	N1|N1 + N
‎2	من	من	من	من	N5
‎3	هم	هم|هم|هم	هم|هم|هم	هم|هم|هم	Ad|C0|N8
‎4	کاشف	کاشف	کاشف	کاشف	A0
‎5	اکتشافات	اکتشاف	اکتشاف	اکتشاف + ات	N1 + Pl
‎6	یک	یک	یک	یک	Nu
‎7	کشف	کشف|کشف	کشف|کشف	کشف|کشف	N1|N1
‎8	بزرگ	بزرگ|رگ	بزرگ|رگ	بزرگ|ب + ز + رگ	A0|O + O + N1
‎9	که	که|که|که|که	که|که|که|که	که|که|که|که	N1|C0|NA|N1
‎10	درسر	سر|سر|سر|سر|سر	سر|سر|سر|سر|سر	در + سر|در + سر|در + سر|در + سر|در + سر	O + N1|O + N9|O + N1|O + N1|VPr + V1
‎11	و	و|و|و	و|و|و	و|و|و	Al|C0|Ab
‎12	رخ	رخ|رخ	رخ|رخ	رخ|رخ	N1|N1
‎13	و	و|و|و	و|و|و	و|و|و	Al|C0|Ab
‎14	سینه	سینه|سین	سینه|سین	سینه|سین + ه	N1|N1 + O
‎15	و	و|و|و	و|و|و	و|و|و	Al|C0|Ab
‎16	غیره‌ی	غیره‌|غیره|غیر|غیر	غیره‌|غیره|غیر|غیر	غیره‌ + ی|غیره + ‌ی|غیر + ه‌ + ی|غیر + ه‌ + ی	N1 + Y||N1 + V|N1 + Y||N1 + V|A0 + O + Y|N9 + O + Y
‎17	سرخ	سرخ	سرخ	سرخ	A0
‎18	کرات	کرات|کرات|کر|کر	کرات|کرات|کر|کر	کرات|کرات|کر + ات|کر + ات	N1|N1|A0 + Pl|N2 + Pl
‎19	نمایان	نمایان|نمایان|نما|نما|نما|نما|نما|نم	نمایان|نمایان|نما|نما|نما|نما|نما|نم	نمایان|نمایان|نما + ی + ان|نما + ی + ان|نما + ی + ان|نما + ی + ان|نما + ی + ان|نم + ای + ان	A0|V1|N1 + Y + Pl|V1 + N + O|N1 + Y + Pl|V1 + N + O|V1 + N + O|N1 + O + Pl
‎20	بود	بود|بود|بود|بو	بود|بود|بود|بو	بود|بود|بود|بو + د	N1|V2|V3|V1 + N
21	.	.	.	.	Si
‎0	خرسی	خرس	خرس	خرس + ی	N1 + Y||N1 + V
‎1	بدذات	بدذات	بدذات	بدذات	A0
‎2	به	به|به	به|به	به|به	Pr|N1
‎3	دل	دل	دل	دل	N1
‎4	اب	اب	اب	اب	N1
‎5	زد	زد|زد|زد	زد|زد|زد	زد|زد|زد	N1|V2|Ab
‎6	و	و|و|و	و|و|و	و|و|و	Al|C0|Ab
7	…	…	…	…	N1
‎8	با	با	با	با	Pr
‎9	باد	باد	باد	باد	N1
‎10	همراه	همراه|راه|راه	همراه|راه|راه	همراه|هم + راه|هم + راه	A0|O + N1|O + N9
‎11	شد	شد	شد	شد	V3
12	!	!	!	!	Si
13	.	.	.	.	Si
14	.	.	.	.	Si
‎0	ادبیات	ادبیات|ادبی|ادب	ادبیات|ادبی|ادب	ادبیات|ادبی + ات|ادب + ی + ات	N1|A0 + Pl|N1 + Y + Pl
‎1	که	که|که|که|که	که|که|که|که	که|که|که|که	N1|C0|NA|N1
‎2	تا	تا|تا|تا|تا	تا|تا|تا|تا	تا|تا|تا|تا	Ab|C0|Pr|V1
‎3	ابد	ابد	ابد	ابد	A0
‎4	چين‌دار	چين‌دار|چين‌|چين	چين‌دار|چين‌|چين	چين‌دار|چين‌ + دار|چين + ‌دار	A0|N2 + O|N2 + O
‎5	و	و|و|و	و|و|و	و|و|و	Al|C0|Ab
‎6	استاد	استاد|استاد|است	استاد|استاد|است	استاد|استاد|است + ا + د	A0|Sp|V3 + O + N
‎7	حفظ	حفظ	حفظ	حفظ	N1
‎8	و	و|و|و	و|و|و	و|و|و	Al|C0|Ab
‎9	حافظه	حافظه|حافظ	حافظه|حافظ	حافظه|حافظ + ه	N1|N1 + O
‎10	منفعت	منفعت	منفعت	منفعت	N1
‎11	مورد	مورد|مورد|مورد|ورد	مورد|مورد|مورد|ورد	مورد|مورد|مورد|م + ورد	N1|N9|N1|Neg + V1
‎12	حفاظت	حفاظت|حفاظ	حفاظت|حفاظ	حفاظت|حفاظ + ت	N1|N1 + N
‎13	دانشجو	دانشجو	دانشجو	دانشجو	N1
‎14	است	است|اس	است|اس	است|اس + ت	V3|N1 + N
15	،	.	.	.	Si
‎16	پریان	پری|پری|پر|پر|پر	پری|پری|پر|پر|پر	پری + ان|پری + ان|پر + ی + ان|پر + ی + ان|پر + ی + ان	N3 + Pl|N1 + Pl|N1 + Y + Pl|V1 + N + O|A0 + Y + Pl
‎17	پیرین	پیر|رین	پیرین|رین	پیر + ین|پی + رین	A0 + O|VPr + V1
‎18	هم	هم|هم|هم	هم|هم|هم	هم|هم|هم	Ad|C0|N8
‎19	که	که|که|که|که	که|که|که|که	که|که|که|که	N1|C0|NA|N1
‎20	پنیر	پنیر	پنیر	پنیر	N1
‎21	را	را	را	را	Po
‎22	برداشته	برداشت|برداشت|ردا|داشت	برداشت|برداشت|ردا|داشت	برداشت + ه|برداشت + ه|ب + ردا + ش + ت + ه|بر + داشت + ه	N1 + O|V2 + O|O + N1 + N + N + O|VPr + V2 + O
‎23	و	و|و|و	و|و|و	و|و|و	Al|C0|Ab
‎24	شناكنان	شناكنان	شناكنان	شناكنان	Ad
‎25	با	با	با	با	Pr
‎26	آشنایی	آشنایی|آشنا|آش	آشنایی|آشنا|آشنا	آشنایی|آشنا + ی + ی|آش + نا + ی + ی	N1|A0 + Y + Y|N1 + O + Y + Y
‎27	به	به|به	به|به	به|به	Pr|N1
‎28	مزه	مزه|مزه	مزه|مزه	مزه|مزه	N1|N1
29	،	.	.	.	Si
‎30	ان	ان|ان	ان|ان	ان|ان	N1|Ab
‎31	را	را	را	را	Po
‎32	لیمو	لیمو	لیمو	لیمو	N1
‎33	زدند	زد|زد	زد|زد	زد + ند|زد + ند	N1 + V|V2 + N
34	.	.	.	.	Si
‎0	آن‌ها	آن‌|آن‌|آن|آن	آن‌|آن‌|آن|آن	آن‌ + ها|آن‌ + ها|آن + ‌ها|آن + ‌ها	A1 + Pl|N6 + Pl|A1 + Pl|N6 + Pl
‎1	میل	میل|میل	میل|میل	میل|میل	N1|N1
‎2	به	به|به	به|به	به|به	Pr|N1
‎3	ليمو	ليمو	ليمو	ليمو	N1
‎4	نداشتند	ندا|داشت	ندا|داشت	ندا + ش + ت + ند|ن + داشت + ند	N1 + N + N + V|Neg + V2 + N
‎5	اما	اما	اما	اما	C0
‎6	سایه‌های	سایه‌|سایه|سا	سایه‌|سایه|سا	سایه‌ + ها + ی|سایه + ‌ها + ی|سا + ی + ه‌ + ها + ی	N1 + Pl + Y|N1 + Pl + Y|V1 + N + O + Pl + N
‎7	سیاهین	سیاه|سیا	سیاهین|سیاین	سیاه + ین|سیا + ه + ین	A0 + O|N1 + O + O
‎8	بازآمده	بازآمده|آمد|آمد	بازآمده|آمد|آمد	بازآمده|باز + آمد + ه|باز + آمد + ه	A0|O + N1 + O|VPr + V2 + O
‎9	و	و|و|و	و|و|و	و|و|و	Al|C0|Ab
‎10	بازی	بازی|باز|باز|باز	بازی|باز|باز|باز	بازی|باز + ی|باز + ی|باز + ی	N1|A0 + Y|V1 + N|VPr + Y
‎11	زیبایی	زیبایی|زیبا|زیب|زیب	زیبایی|زیبا|زیب|زیبا	زیبایی|زیبا + ی + ی|زیب + ای + ی|زیب + ا + ی + ی	N1|A0 + Y + Y|N1 + O + Y|V1 + O + N + N
‎12	رابين	رابين	رابين	رابين	N3
‎13	آنان	آنان|آن|آن|ان	آنان|آن|آن|ان	آنان|آن + ان|آن + ان|آن + ان	N5|A1 + Pl|N6 + Pl|Neg + N1
‎14	و	و|و|و	و|و|و	و|و|و	Al|C0|Ab
‎15	به	به|به	به|به	به|به	Pr|N1
‎16	راه	راه|راه	راه|راه	راه|راه	N1|N9
‎17	انداخته بودند	انداخت	انداخت	انداخت + ه + بود + ند	V2 + O + V + N
‎18	و	و|و|و	و|و|و	و|و|و	Al|C0|Ab
‎19	دما	دما|دم	دما|دما	دما|دم + ا	N1|V1 + O
‎20	بالا	بالا|بال|لا	بالا|بالا|لا	بالا|بال + ا|با + لا	A0|V1 + O|O + A0
‎21	رفته بود	رفت|رفت	رفت|رفت	رفت + ه + بود|رفت + ه + بود	V2 + O + V|V2 + O + V
22	:	:	:	:	Si
‎23	دام‌ها	دام‌|دام	دام‌|دام	دام‌ + ها|دام + ‌ها	N1 + Pl|N1 + Pl
‎24	دیگر	دیگر|دیگر|دی	دیگر|دیگر|دی	دیگر|دیگر|دی + گر	A2|N1|N1 + O
‎25	تاب	تاب|تاب	تاب|تاب	تاب|تاب	N1|V1
‎26	این	این|این	این|این	این|این	A1|N6
‎27	را	را	را	را	Po
‎28	نداشتند	ندا|داشت	ندا|داشت	ندا + ش + ت + ند|ن + داشت + ند	N1 + N + N + V|Neg + V2 + N
29	.	.	.	.	Si
‎0	نبات	نبات	نبات	نبات	N1
‎1	و	و|و|و	و|و|و	و|و|و	Al|C0|Ab
‎2	برنج	برنج|رنج|رنج	برنج|رنج|رنج	برنج|ب + رنج|ب + رنج	N1|O + N1|VPr + V6
‎3	و	و|و|و	و|و|و	و|و|و	Al|C0|Ab
4	…	…	…	…	N1
5	…	…	…	…	N1
‎0	را	را	را	را	Po
‎1	به	به|به	به|به	به|به	Pr|N1
‎2	برج	برج|برج|رج	برج|برج|رج	برج|برج|ب + رج	N1|N1|O + N1
‎3	بردم	برد|برد|بر|بر|رد	برد|برد|بر|بر|رد	برد + م|برد + م|بر + د + م|بر + د + م|ب + رد + م	N1 + N||N1 + V|V2 + N|V1 + N + N|V1 + N + N|O + A0 + N
‎4	مشک	مشک|مشک|مش|مش	مشک|مشک|مش|مش	مشک|مشک|مش + ک|مش + ک	N1|N1|N1 + O|N1 + O
5	ِ				
‎6	مشکین	مشکین|مشک|مشک|مش|مش	مشکین|مشکین|مشکین|مشین|مشین	مشکین|مشک + ین|مشک + ین|مش + ک + ین|مش + ک + ین	A0|N1 + O|N1 + O|N1 + O + O|N1 + O + O
‎7	را	را	را	را	Po
‎8	پر	پر|پر|پر	پر|پر|پر	پر|پر|پر	N1|V1|A0
‎9	از	از	از	از	Pr
‎10	ابی	ابی|اب	ابی|اب	ابی|اب + ی	N1|N1 + Y||N1 + V
‎11	کردم	کرد|کرد	کرد|کرد	کرد + م|کرد + م	V2 + N|N1 + N||N1 + V
‎12	تا	تا|تا|تا|تا	تا|تا|تا|تا	تا|تا|تا|تا	Ab|C0|Pr|V1
‎13	شکمش	شکم|شک|شک	شکم|شک|شک	شکم + ش|شک + م + ش|شک + م + ش	N1 + N|N1 + N + N|N1 + N + N
‎14	را	را	را	را	Po
‎15	مانند	مانند|مانند|مان|مان	مانند|مانند|مان|مان	مانند|مانند|مان + ند|مان + ند	N1|N9|N1 + V|V1 + N
‎16	تشت	تشت	تشت	تشت	N1
‎17	پر	پر|پر|پر	پر|پر|پر	پر|پر|پر	N1|V1|A0
‎18	کنم	کن|کن|کن	کن|کن|کن	کن + م|کن + م|کن + م	N2 + N|V1 + N|V1 + N
‎19	اما	اما	اما	اما	C0
‎20	شوش	شوش|شو|شو|شو	شوش|شوش|شو|شوش	شوش|شو + ش|شو + ش|شو + ش	N2|V1 + O|N1 + N|V1 + O
‎21	تشکش	تشک	تشک	تشک + ش	N1 + N
‎22	خیس	خیس|خیس	خیس|خیس	خیس|خیس	A0|V1
‎23	شد	شد	شد	شد	V3
24	.	.	.	.	Si
‎0	تمشك	تمشك	تمشك	تمشك	N1
‎1	رزمندگی	رزمندگی|رزمنده	رزمندگی|رزمنده	رزمندگی|رزمنده + گی	N1|A0 + O
‎2	در	در|در|در|در|در	در|در|در|در|در	در|در|در|در|در	N1|Pr|V1|VPr|N1
‎3	مرزهای	مرزه|مرز	مرزه|مرز	مرزه + ای|مرز + ها + ی	N1 + O|N1 + Pl + Y
‎4	ترمز	ترمز	ترمز	ترمز	N1
‎5	بریدن	برید|رید	برید|رید	برید + ن|ب + رید + ن	V2 + O|VPr + V2 + O
‎6	یاران	یار	یار	یار + ان	N1 + Pl
‎7	دربرابر	برابر|برابر	برابر|برابر	در + برابر|در + برابر	O + A0|O + N9
‎8	کلم	کلم|کل|کل|کل|کل|کل	کلم|کل|کل|کل|کل|کل	کلم|کل + م|کل + م|کل + م|کل + م|کل + م	N1|N1 + N||N1 + V|N1 + N||N1 + V|A0 + N|A0 + N|N1 + N||N1 + V
‎9	برای	برای|برا|بر|بر|بر|بر	برای|برا|برا|بر|بر|برا	برای|برا + ی|بر + ا + ی|بر + ای|بر + ای|بر + ا + ی	Pr|A0 + Y|V1 + O + N|VPr + O|N1 + O|V1 + O + N
‎10	کلمن	کلمن|کلمن	کلمن|کلمن	کلمن|کلمن	N1|N1
‎11	است	است|اس	است|اس	است|اس + ت	V3|N1 + N
12	.	.	.	.	Si
‎0	ملکی	ملکی|ملکی|ملک|ملک|ملک|مل|مل	ملکی|ملکی|ملک|ملک|ملک|مل|مل	ملکی|ملکی|ملک + ی|ملک + ی|ملک + ی|مل + ک + ی|مل + ک + ی	N4|A0|N1 + Y||N1 + V|N1 + Y||N1 + V|N1 + Y||N1 + V|N1 + O + Y|N1 + O + Y
‎1	که	که|که|که|که	که|که|که|که	که|که|که|که	N1|C0|NA|N1
‎2	براي	براي	براي	براي	Pr
‎3	آماده	آماده|آماد|آما	آماده|آماد|آما	آماده|آماد + ه|آما + د + ه	A0|N1 + O|V1 + N + O
‎4	شده بود	شدهبود	شدهبود	شدهبود	N1
‎5	اما	اما	اما	اما	C0
‎6	ملکه‌ها	ملکه‌|ملکه|ملک|ملک|ملک|مل|مل	ملکه‌|ملکه|ملک|ملک|ملک|مل|مل	ملکه‌ + ها|ملکه + ‌ها|ملک + ه‌ + ها|ملک + ه‌ + ها|ملک + ه‌ + ها|مل + ک + ه‌ + ها|مل + ک + ه‌ + ها	N1 + Pl|N1 + Pl|N1 + O + Pl|N1 + O + Pl|N1 + O + Pl|N1 + O + O + Pl|N1 + O + O + Pl
‎7	در	در|در|در|در|در	در|در|در|در|در	در|در|در|در|در	N1|Pr|V1|VPr|N1
‎8	ان	ان|ان	ان|ان	ان|ان	N1|Ab
‎9	نرفتند	رفت|رفت	رفت|رفت	ن + رفت + ند|ن + رفت + ند	Neg + V2 + N|Neg + V2 + N
‎10	اگر	اگر	اگر	اگر	C0
‎11	پاکان	پاک|پا|پا	پاک|پا|پا	پاک + ان|پا + ک + ان|پا + ک + ان	A0 + Pl|N1 + O + Pl|N9 + O + Pl
‎12	هنر	هنر	هنر	هنر	N1
‎13	خود	خود|خود	خود|خود	خود|خود	N8|N1
‎14	را	را	را	را	Po
‎15	در	در|در|در|در|در	در|در|در|در|در	در|در|در|در|در	N1|Pr|V1|VPr|N1
‎16	پاکت‌شان	پاکت‌|پاکت|پاک|پا|پا	پاکت‌|پاکت|پاک|پا|پا	پاکت‌ + شان|پاکت + ‌شان|پاک + ت‌ + شان|پا + ک + ت‌ + شان|پا + ک + ت‌ + شان	N1 + N|N1 + N|A0 + N + N|N1 + O + N + N|N9 + O + N + N
‎17	قرار	قرار|قرار	قرار|قرار	قرار|قرار	N1|N9
‎18	داده	داده|داد|داد	داده|داد|داد	داده|داد + ه|داد + ه	N1|N1 + O|V2 + O
‎19	و	و|و|و	و|و|و	و|و|و	Al|C0|Ab
‎20	هنری	هنری|هنر	هنری|هنر	هنری|هنر + ی	A0|N1 + Y||N1 + V
‎21	از	از	از	از	Pr
‎22	خود	خود|خود	خود|خود	خود|خود	N8|N1
‎23	نشان	نشان|نشان|نش	نشان|نشان|نش	نشان|نشان|نش + ان	N1|V1|N1 + Pl
‎24	دهند	ده|ده|ده	ده|ده|ده	ده + ند|ده + ند|ده + ند	Nu + V|V1 + N|N1 + V
‎25	در	در|در|در|در|در	در|در|در|در|در	در|در|در|در|در	N1|Pr|V1|VPr|N1
‎26	قرون	قرون|قر|قر	قرون|قر|قر	قرون|قر + ون|قر + ون	N1|N1 + Pl|N1 + Pl
‎27	وسطا	وسطا	وسطا	وسطا	A0
‎28	شهرهای	شهره|شهره|شهر	شهره|شهره|شهر	شهره + ای|شهره + ای|شهر + ها + ی	N1 + O|N3 + O|N1 + Pl + Y
‎29	یزد	یزد|زد	یزد|زد	یزد|ی + زد	N2|Y + V2
‎30	نقره	نقره|نقر	نقره|نقر	نقره|نقر + ه	N1|N1 + O
‎31	و	و|و|و	و|و|و	و|و|و	Al|C0|Ab
‎32	سیمین	سیمین|سیم|سیم|سی	سیمین|سیمین|سیمین|سیین	سیمین|سیم + ین|سیم + ین|سی + م + ین	N3|A0 + O|N1 + O|Nu + N + O
‎33	و	و|و|و	و|و|و	و|و|و	Al|C0|Ab
‎34	زرین	زرین|زر|زر	زرین|زرین|زرین	زرین|زر + ین|زر + ین	A0|N1 + O|N1 + O
‎35	بافته‌ها	بافته‌|بافته|بافت|بافت|افت|افت|فته‌|فته|فت	بافته‌|بافته|بافت|بافت|افت|افت|فته‌|فته|فت	بافته‌ + ها|بافته + ‌ها|بافت + ه‌ + ها|بافت + ه‌ + ها|ب + افت + ه‌ + ها|ب + افت + ه‌ + ها|با + فته‌ + ها|با + فته + ‌ها|با + فت + ه‌ + ها	A0 + Pl|A0 + Pl|N1 + O + Pl|V2 + O + Pl|O + N1 + O + Pl|VPr + V6 + O + Pl|O + N1 + Pl|O + N1 + Pl|O + A0 + O + Pl
‎36	را	را	را	را	Po
‎37	می‌یابند	‌یاب|یاب	‌یاب|یاب	می + ‌یاب + ند|می‌ + یاب + ند	VPr + V1 + N|VPr + V1 + N
38	.	.	.	.	Si
‎0	کاه	کاه|کاه	کاه|کاه	کاه|کاه	N1|V1
‎1	که	که|که|که|که	که|که|که|که	که|که|که|که	N1|C0|NA|N1
‎2	از	از	از	از	Pr
‎3	اه‌های	اه‌|اه	اه‌|اه	اه‌ + ها + ی|اه + ‌ها + ی	N1 + Pl + Y|N1 + Pl + Y
‎4	به‌هم‌پيوسته	به‌هم‌پيوسته	به‌هم‌پيوسته	به‌هم‌پيوسته	A0
‎5	به	به|به	به|به	به|به	Pr|N1
‎6	وجود	وجود|وجود	وجود|وجود	وجود|وجود	N1|N9
‎7	امده	امد	امد	امد + ه	N1 + O
‎8	ارزش	ارزش|ارز|ارز	ارزش|ارز|ارزش	ارزش|ارز + ش|ارز + ش	N1|N1 + N|V1 + O
‎9	کاهو	کاهو	کاهو	کاهو	N1
‎10	ندارد	دار	دار	ن + دار + د	Neg + V1 + N
‎11	و	و|و|و	و|و|و	و|و|و	Al|C0|Ab
‎12	ما	ما	ما	ما	N5
‎13	به	به|به	به|به	به|به	Pr|N1
‎14	صدمین	صد	صد	صد + م + ین	Nu + N + O
‎15	لغت	لغت|لغ	لغت|لغ	لغت|لغ + ت	N1|A0 + N
‎16	از	از	از	از	Pr
‎17	کلمه‌ها	کلمه‌|کلمه|کلم|کل|کل|کل|کل|کل	کلمه‌|کلمه|کلم|کل|کل|کل|کل|کل	کلمه‌ + ها|کلمه + ‌ها|کلم + ه‌ + ها|کل + م + ه‌ + ها|کل + م + ه‌ + ها|کل + م + ه‌ + ها|کل + م + ه‌ + ها|کل + م + ه‌ + ها	N1 + Pl|N1 + Pl|N1 + O + Pl|N1 + N + O + Pl|N1 + N + O + Pl|A0 + N + O + Pl|A0 + N + O + Pl|N1 + N + O + Pl
‎18	و	و|و|و	و|و|و	و|و|و	Al|C0|Ab
‎19	لغات	لغات|لغ	لغات|لغ	لغات|لغ + ات	N1|A0 + Pl
‎20	رسیدیم	رسید|رسید|رس|رس	رسید|رسید|رس|رس	رسید + یم|رسید + یم|رس + ید + یم|رس + ید + یم	N1 + V|V2 + N|V1 + N + N|N1 + V + V
21	!	!	!	!	Si
22	!	!	!	!	Si

0	۱۰۰۰	۱۰۰۰	۱۰۰۰	۱۰۰۰	No
‎1	رفتیم	رفت|رفت|رف	رفت|رفت|رف	رفت + یم|رفت + یم|رف + ت + یم	V2 + N|V2 + N|N1 + N + V
‎2	؟	؟	؟	؟	Si
3	!	!	!	!	Si
‎0	پیراهنش	پیراهن	پیراهن	پیراهن + ش	N1 + N
‎1	را	را	را	را	Po
‎2	با	با	با	با	Pr
‎3	دارچین	دارچین|دارچین|چین	دارچین|دارچین|چین	دارچین|دارچین|دار + چین	A0|N1|VPr + V1
‎4	در	در|در|در|در|در	در|در|در|در|در	در|در|در|در|در	N1|Pr|V1|VPr|N1
‎5	کابینت	کابینت|کابین	کابینت|کابین	کابینت|کابین + ت	N1|N1 + N
‎6	كه	كه|كه|كه|كه	كه|كه|كه|كه	كه|كه|كه|كه	N1|C0|NA|N1
‎7	پسرش	پسر	پسر	پسر + ش	N1 + N
‎8	که	که|که|که|که	که|که|که|که	که|که|که|که	N1|C0|NA|N1
‎9	در	در|در|در|در|در	در|در|در|در|در	در|در|در|در|در	N1|Pr|V1|VPr|N1
‎10	افتاده بود	افتاد	افتاد	افتاد + ه + بود	V2 + O + V
‎11	آنجا	آنجا|جا	آنجا|جا	آنجا|آن + جا	Ad|Neg + N1
‎12	بود	بود|بود|بود|بو	بود|بود|بود|بو	بود|بود|بود|بو + د	N1|V2|V3|V1 + N
‎13	گذاریده	گذار|گذار	گذار|گذار	گذار + ید + ه|گذار + ید + ه	N1 + V + O|V1 + N + O
‎14	و	و|و|و	و|و|و	و|و|و	Al|C0|Ab
‎15	با	با	با	با	Pr
‎16	خمپاره	خمپاره	خمپاره	خمپاره	N1
‎17	نمکدان	نمکدان|نمک|نم|مک|مک	نمکدان|نمککده|نمکده|مک|مک	نمکدان|نمک + دان|نم + ک + دان|ن + مک + د + ان|ن + مک + د + ان	N1|N1 + O|N1 + O + O|Neg + V1 + N + O|Neg + V1 + N + O
‎18	را	را	را	را	Po
‎19	برداشت	برداشت|برداشت|ردا|داشت	برداشت|برداشت|ردا|داشت	برداشت|برداشت|ب + ردا + ش + ت|بر + داشت	N1|V2|O + N1 + N + N|VPr + V2
20	.	.	.	.	Si
‎0	سليمان	سليمان|سليم	سليمان|سليم	سليمان|سليم + ان	N3|A0 + Pl
‎1	و	و|و|و	و|و|و	و|و|و	Al|C0|Ab
‎2	سیمان	سیمان|سیم|سیم|سی	سیمان|سیم|سیم|سی	سیمان|سیم + ان|سیم + ان|سی + مان	N1|A0 + Pl|N1 + Pl|Nu + N
‎3	باقلوا	باقلوا	باقلوا	باقلوا	N1
‎4	بود	بود|بود|بود|بو	بود|بود|بود|بو	بود|بود|بود|بو + د	N1|V2|V3|V1 + N
5	.	.	.	.	Si
‎0	شمعدان	شمعدان|شمع	شمعدان|شمعکده	شمعدان|شمع + دان	N1|N1 + O
‎1	گردگیری	گردگیری|گرده|گرده|گرده	گردگیری|گردهگیر|گردهگیر|گردهگیر	گردگیری|گرده + گیر + ی|گرده + گیر + ی|گرده + گیر + ی	N1|N1 + O + Y|N1 + O + Y|N1 + O + Y
‎2	شهریور	شهریور|شهری|شهر	شهریور|شهری|شهر	شهریور|شهری + ور|شهر + ی + ور	N1|A0 + O|N1 + Y + O
‎3	سرزمینی	سرزمین	سرزمین	سرزمین + ی	N1 + Y||N1 + V
‎4	بی‌نگهبان	‌نگهبان|‌نگه|نگهبان|نگه	‌نگهبان|‌نگهبان|نگهبانبان|نگهبان	بی + ‌نگهبان|بی + ‌نگه + بان|بی‌ + نگهبان|بی‌ + نگه + بان	O + N1|O + N1 + O|O + N1|O + N1 + O
‎5	تو	تو|تو|تو	تو|تو|تو	تو|تو|تو	N5|Ad|N1
‎6	شلوارکشی	شلوار|شل	شلوار|شلوار	شلوار + ک + ش + ی|شل + وار + ک + ش + ی	N1 + O + N + Y|N1 + O + O + N + Y
‎7	که	که|که|که|که	که|که|که|که	که|که|که|که	N1|C0|NA|N1
‎8	سیاه‌رگ	سیاه‌رگ	سیاه‌رگ	سیاه‌رگ	N1
‎9	می‌بری	‌بر|‌بر|بر|بر	‌بر|‌بر|بر|بر	می + ‌بر + ی|می + ‌بر + ی|می‌ + بر + ی|می‌ + بر + ی	VPr + V1 + N|VPr + V1 + N|VPr + V1 + N|VPr + V1 + N
‎10	؟	؟	؟	؟	Si
‎0	کهنسالی	کهنسال	کهنسال	کهنسال + ی	A0 + Y
‎1	بلندگو	بلندگو	بلندگو	بلندگو	N1
‎2	را	را	را	را	Po
‎3	برداشت	برداشت|برداشت|ردا|داشت	برداشت|برداشت|ردا|داشت	برداشت|برداشت|ب + ردا + ش + ت|بر + داشت	N1|V2|O + N1 + N + N|VPr + V2
4	…	…	…	…	N1
5	.	.	.	.	Si
6	.	.	.	.	Si
‎0	گلوبند	گلوبند	گلوبند	گلوبند	N1
‎1	را	را	را	را	Po
‎2	دست	دست|دست	دست|دست	دست|دست	N1|N9
‎3	و	و|و|و	و|و|و	و|و|و	Al|C0|Ab
‎4	مهتابی	مهتابی|مهتاب	مهتابی|مهتاب	مهتابی|مهتاب + ی	A0|N1 + Y||N1 + V
‎5	را	را	را	را	Po
6	.	.	.	.	Si
‎0	برد	برد|برد|بر|بر|رد	برد|برد|بر|بر|رد	برد|برد|بر + د|بر + د|ب + رد	N1|V2|V1 + N|V1 + N|O + A0
‎1	و	و|و|و	و|و|و	و|و|و	Al|C0|Ab
‎2	سر	سر|سر|سر|سر|سر	سر|سر|سر|سر|سر	سر|سر|سر|سر|سر	N1|N9|N1|N1|V1
‎3	گاومیش	گاومیش|گاو	گاومیش|گاو	گاومیش|گاو + م + ی + ش	N1|N1 + N + Y + N
‎4	زد	زد|زد|زد	زد|زد|زد	زد|زد|زد	N1|V2|Ab
‎5	ان	ان|ان	ان|ان	ان|ان	N1|Ab
‎6	پسر	پسر	پسر	پسر	N1
‎7	بدهي	بدهي	بدهي	بدهي	N1
‎8	بار	بار|بار|ار	بار|بار|ار	بار|بار|ب + ار	N1|V1|O + Ad
‎9	می‌آورد	‌آورد|‌آور|آورد|آور	‌آورد|‌آور|آورد|آور	می + ‌آورد|می + ‌آور + د|می‌ + آورد|می‌ + آور + د	VPr + V2|VPr + V1 + N|VPr + V2|VPr + V1 + N
10	.	.	.	.	Si
‎0	پسرک	پسرک|پسر	پسرک|پسر	پسرک|پسر + ک	N1|N1 + O
‎1	هوشيار	هوشيار	هوشيار	هوشيار	A0
‎2	را	را	را	را	Po
‎3	می‌سنجید	‌سنجید|‌سنج|سنجید|سنج	‌سنجید|‌سنج|سنجید|سنج	می + ‌سنجید|می + ‌سنج + ید|می‌ + سنجید|می‌ + سنج + ید	VPr + V2|VPr + V1 + N|VPr + V2|VPr + V1 + N
‎4	سوزنبان	سوزنبان|سوزن	سوزنبان|سوزنبان	سوزنبان|سوزن + بان	N1|N1 + O
‎5	قصه	قصه	قصه	قصه	N1
‎6	بادمجان	بادمجان	بادمجان	بادمجان	N1
‎7	را	را	را	را	Po
‎8	با	با	با	با	Pr
‎9	دم	دم|دم|دم	دم|دم|دم	دم|دم|دم	N1|V1|N1
‎10	کرد	کرد|کرد	کرد|کرد	کرد|کرد	V2|N1
11	.	.	.	.	Si
‎0	صندوقچه	صندوقچه|صندوق	صندوقچه|صندوق	صندوقچه|صندوق + چه	N1|N1 + O
‎1	را	را	را	را	Po
‎2	درآورد	درآورد|درآور|آورد|آور	درآورد|درآور|آورد|آور	درآورد|درآور + د|در + آورد|در + آور + د	V2|V1 + N|VPr + V2|VPr + V1 + N
‎3	صندوقچه	صندوقچه|صندوق	صندوقچه|صندوق	صندوقچه|صندوق + چه	N1|N1 + O
‎4	کاری	کاری|کار|کار	کاری|کار|کار	کاری|کار + ی|کار + ی	A0|N1 + Y||N1 + V|V1 + N
‎5	انجام	انجام|انجام	انجام|انجام	انجام|انجام	N1|V1
‎6	می‌دهد	‌ده|ده	‌ده|ده	می + ‌ده + د|می‌ + ده + د	VPr + V1 + N|VPr + V1 + N
‎7	؟	؟	؟	؟	Si
‎0	ماهیگیر	ماهیگیر	ماهیگیر	ماهیگیر	N1
‎1	دیگر	دیگر|دیگر|دی	دیگر|دیگر|دی	دیگر|دیگر|دی + گر	A2|N1|N1 + O
‎2	گیرهای	گیره|گیر|گیر	گیره|گیر|گیر	گیره + ای|گیر + ها + ی|گیر + ها + ی	N1 + O|A0 + Pl + Y|V1 + Pl + N
‎3	نداشت	ندا|داشت	ندا|داشت	ندا + ش + ت|ن + داشت	N1 + N + N|Neg + V2
‎4	و	و|و|و	و|و|و	و|و|و	Al|C0|Ab
‎5	فرنی	فرنی	فرنی	فرنی	N1
‎6	خود	خود|خود	خود|خود	خود|خود	N8|N1
‎7	را	را	را	را	Po
‎8	حرف	حرف|حرف	حرف|حرف	حرف|حرف	N1|N1
‎9	چین	چین|چین	چین|چین	چین|چین	N2|V1
‎10	کرد	کرد|کرد	کرد|کرد	کرد|کرد	V2|N1
11	.	.	.	.	Si
‎0	روزی	روزی|روز	روزی|روز	روزی|روز + ی	N1|N1 + Y||N1 + V
‎1	اختاپوست	اختاپوس	اختاپوس	اختاپوس + ت	N1 + N
‎2	خم	خم|خم|خم	خم|خم|خم	خم|خم|خم	A0|V1|N1
‎3	کرد	کرد|کرد	کرد|کرد	کرد|کرد	V2|N1
4	.	.	.	.	Si
‎0	جالباسی	جالباسی	جالباسی	جالباسی	N1
‎1	هنرپیشه	هنرپیشه	هنرپیشه	هنرپیشه	N1
‎2	دو	دو|دو|دو|دو	دو|دو|دو|دو	دو|دو|دو|دو	V1|Nu|V1|N1
‎3	عنوان	عنوان	عنوان	عنوان	N1
‎4	؟	؟	؟	؟	Si
5	!	!	!	!	Si
‎0	که	که|که|که|که	که|که|که|که	که|که|که|که	N1|C0|NA|N1
‎1	دربست	دربست|بست|بست|بست|بس|ست	دربست|بست|بست|بست|بس|ست	دربست|در + بست|در + بست|در + بست|در + بس + ت|در + ب + ست	A0|O + N1|VPr + V2|O + N2|O + A0 + N|O + O + N1
‎2	به	به|به	به|به	به|به	Pr|N1
‎3	آزادی	آزادی|آزاد|آز	آزادی|آزاد|آزا	آزادی|آزاد + ی|آز + ا + د + ی	N1|A0 + Y|V1 + O + N + N
‎4	می‌روند	‌رو|‌رو|رو|رو	‌رو|‌رو|رو|رو	می + ‌رو + ند|می + ‌رو + ند|می‌ + رو + ند|می‌ + رو + ند	VPr + V1 + N|VPr + V1 + N|VPr + V1 + N|VPr + V1 + N
5	.	.	.	.	Si
‎0	با	با	با	با	Pr
‎1	انبردستش	انبردستش|انبردست|انبردس	انبردستش|انبردست|انبردس	انبردستش|انبردست + ش|انبردس + ت + ش	N1|N1 + N|N1 + N + N
‎2	زخمی	زخمی|زخم|خم|خم	زخمی|زخم|خم|خم	زخمی|زخم + ی|ز + خم + ی|ز + خم + ی	A0|N1 + Y||N1 + V|O + A0 + Y|O + N1 + Y
‎3	شد	شد	شد	شد	V3
‎4	روز	روز	روز	روز	N1
‎5	در	در|در|در|در|در	در|در|در|در|در	در|در|در|در|در	N1|Pr|V1|VPr|N1
‎6	خاوران	خاوران|خاور|خا	خاوران|خاور|خاور	خاوران|خاور + ان|خا + ور + ان	N2|N1 + Pl|V1 + O + O
‎7	با	با	با	با	Pr
‎8	دوکان	دوک|دو|دو	دوک|دو|دو	دوک + ان|دو + ک + ان|دو + ک + ان	N1 + Pl|Nu + O + Pl|N1 + O + Pl
‎9	و	و|و|و	و|و|و	و|و|و	Al|C0|Ab
‎10	گردن	گردن	گردن	گردن	N1
‎11	است	است|اس	است|اس	است|اس + ت	V3|N1 + N
12	.	.	.	.	Si
‎0	شالیزار	شالیزار|شالی|شال	شالیزار|شالیزار|شالزار	شالیزار|شالی + زار|شال + ی + زار	N1|N1 + O|N1 + Y + O
‎1	پر	پر|پر|پر	پر|پر|پر	پر|پر|پر	N1|V1|A0
‎2	از	از	از	از	Pr
‎3	بلدرچين	بلدرچين	بلدرچين	بلدرچين	N1
‎4	کماندار	کماندار|کمان|کم|کم	کماندار|کمان|کم|کم	کماندار|کمان + دار|کم + ان + دار|کم + ان + دار	N1|N1 + O|Ad + Pl + O|N1 + Pl + O
‎5	دانمارک	دانمارک	دانمارک	دانمارک	N1
‎6	که	که|که|که|که	که|که|که|که	که|که|که|که	N1|C0|NA|N1
‎7	امده	امد	امد	امد + ه	N1 + O
‎8	بودند	بود|بود|بود|بو	بود|بود|بود|بو	بود + ند|بود + ند|بود + ند|بو + د + ند	N1 + V|V2 + N|V3 + N|V1 + N + N
‎9	شده بود	شدهبود	شدهبود	شدهبود	N1
‎10	چلوكباب	چلوكباب	چلوكباب	چلوكباب	N1
‎11	شد	شد	شد	شد	V3
‎12	و	و|و|و	و|و|و	و|و|و	Al|C0|Ab
‎13	من	من	من	من	N5
‎14	ستوان	ستوان	ستوان	ستوان	N1
‎15	نگفتم	گفت	گفت	ن + گفت + م	Neg + V2 + N
16	.	.	.	.	Si
‎0	شكل	شكل	شكل	شكل	N1
‎1	بیضی	بیضی	بیضی	بیضی	N1
‎2	دارد	دار	دار	دار + د	V1 + N
‎3	دد	دد	دد	دد	N1
4	.	.	.	.	Si
5	.	.	.	.	Si
‎0	رفسنجان	رفسنجان	رفسنجان	رفسنجان	N2
‎1	در	در|در|در|در|در	در|در|در|در|در	در|در|در|در|در	N1|Pr|V1|VPr|N1
‎2	فسنجان	فسنجان	فسنجان	فسنجان	N1
‎3	فقط	فقط	فقط	فقط	Ad
‎4	یک	یک	یک	یک	Nu
‎5	را	را	را	را	Po
‎6	کم	کم|کم	کم|کم	کم|کم	Ad|N1
‎7	دارد	دار	دار	دار + د	V1 + N
8	.	.	.	.	Si
‎0	مخابره	مخابره	مخابره	مخابره	N1
‎1	و	و|و|و	و|و|و	و|و|و	Al|C0|Ab
‎2	مخابرات	مخابرات	مخابرات	مخابرات	N1
‎3	شنوایی	شنوایی|شنوا|شنو|شنو|شنو	شنوایی|شنوا|شنوا|شنو|شنوا	شنوایی|شنوا + ی + ی|شنو + ا + ی + ی|شنو + ای + ی|شنو + ا + ی + ی	N1|A0 + Y + Y|V1 + O + N + N|N1 + O + Y|V1 + O + N + N
‎4	و	و|و|و	و|و|و	و|و|و	Al|C0|Ab
‎5	روشنایی	روشنایی|روشن|روش|رو|رو	روشنایی|روشن|روشنا|رو|رو	روشنایی|روشن + ای + ی|روش + نا + ی + ی|رو + ش + نا + ی + ی|رو + ش + نا + ی + ی	N1|A0 + O + Y|N1 + O + Y + Y|N1 + N + O + Y + Y|N9 + N + O + Y + Y
‎6	در	در|در|در|در|در	در|در|در|در|در	در|در|در|در|در	N1|Pr|V1|VPr|N1
‎7	شیروانی	شیروانی|شیروان|شیرو	شیروانی|شیروانی|شیروی	شیروانی|شیروان + ی|شیرو + ان + ی	N1|N2 + Y|N3 + Pl + Y
‎8	از	از	از	از	Pr
‎9	من	من	من	من	N5
‎10	می‌گیرند	می|می|‌گیر|گیر	میگیر|میگیر|‌گیر|گیر	می + ‌گیر + ند|می + ‌گیر + ند|می + ‌گیر + ند|می‌ + گیر + ند	N1 + O + V|N1 + O + V|VPr + V1 + N|VPr + V1 + N
‎11	اردوگاه	اردوگاه|اردو	اردوگاه|اردوگاه	اردوگاه|اردو + گاه	N1|N1 + O
‎12	درگاهی	درگاهی|درگاه|در|در|در|گاهی|گاه|گا	درگاهی|درگاه|درگاه|در|درگاه|گاهی|گاه|گا	درگاهی|درگاه + ی|در + گاه + ی|در + گاه + ی|در + گاه + ی|در + گاهی|در + گاه + ی|در + گا + ه + ی	N1|N1 + Y||N1 + V|N1 + O + Y|VPr + O + Y|N1 + O + Y|O + Ad|O + Ad + Y|VPr + V1 + O + N
‎13	بر	بر|بر|بر|بر|بر	بر|بر|بر|بر|بر	بر|بر|بر|بر|بر	Pr|V1|VPr|N1|V1
‎14	برای	برای|برا|بر|بر|بر|بر	برای|برا|برا|بر|بر|برا	برای|برا + ی|بر + ا + ی|بر + ای|بر + ای|بر + ا + ی	Pr|A0 + Y|V1 + O + N|VPr + O|N1 + O|V1 + O + N
‎15	کارنامه	کارنامه|کار	کارنامه|کارنا	کارنامه|کار + نا + م + ه	N1|N1 + O + N + O
‎16	ارزان	ارزان|ارز|ارز	ارزان|ارز|ارزان	ارزان|ارز + ان|ارز + ان	A0|N1 + Pl|V1 + O
‎17	رایانه	رایانه|رایان	رایانه|رایان	رایانه|رایان + ه	N1|V1 + O
‎18	است	است|اس	است|اس	است|اس + ت	V3|N1 + N
‎19	به	به|به	به|به	به|به	Pr|N1
‎20	قبرستان	قبرستان|قبرس|قبر	قبرستان|قبرس|قبرکده	قبرستان|قبرس + تان|قبر + ستان	N1|N2 + N|N1 + O
‎21	پيشنهاد	پيشنهاد	پيشنهاد	پيشنهاد	N1
‎22	ثروتمند	ثروتمند|ثروت	ثروتمند|ثروت	ثروتمند|ثروت + مند	A0|N1 + O
‎23	سرخ‌پوست	سرخ‌پوست	سرخ‌پوست	سرخ‌پوست	A0
‎24	سرسخت	سرسخت	سرسخت	سرسخت	A0
‎25	كلاه‌خود	كلاه‌خود	كلاه‌خود	كلاه‌خود	N1
‎26	خود	خود|خود	خود|خود	خود|خود	N8|N1
‎27	را	را	را	را	Po
‎28	در	در|در|در|در|در	در|در|در|در|در	در|در|در|در|در	N1|Pr|V1|VPr|N1
‎29	داشبورد	داشبورد	داشبورد	داشبورد	N1
‎30	گارانتی	گارانتی	گارانتی	گارانتی	N1
‎31	کرد	کرد|کرد	کرد|کرد	کرد|کرد	V2|N1
‎32	این	این|این	این|این	این|این	A1|N6
‎33	سنگاپور	سنگاپور	سنگاپور	سنگاپور	N2
‎34	علیست	علیست|علیس	علیست|علیس	علیست|علیس + ت	N1|N1 + N
‎35	چون	چون|چون	چون|چون	چون|چون	C0|Pr
‎36	او	او|او	او|او	او|او	Ab|N5
37	.	.	.	.	Si
‎0	آر	آر|آر	آر|آر	آر|آر	Ab|N1
‎0	ای‌اش	ای‌اش|ای‌ا	ای‌اش|ای‌ا	ای‌اش|ای‌ا + ش	N1|N1 + N
‎1	را	را	را	را	Po
‎2	در	در|در|در|در|در	در|در|در|در|در	در|در|در|در|در	N1|Pr|V1|VPr|N1
‎3	بیمارستان	بیمارستان|بیمار|مارس|مار	بیمارستان|بیمارکده|مارس|مارکده	بیمارستان|بیمار + ستان|بی + مارس + تان|بی + مار + ستان	N1|A0 + O|O + N1 + N|O + N1 + O
‎4	آغول	آغول	آغول	آغول	N1
5	.	.	.	.	Si
‎0	باغول	غول	غول	با + غول	O + N1
1	.	.	.	.	Si
‎0	از	از	از	از	Pr
1	۱۰	۱۰	۱۰	۱۰	No
2	.	.	.	.	Si

0	۵	۵	۵	۵	No
‎1	سال	سال	سال	سال	N1
‎2	پیش	پیش|پیش|پی|پی	پیش|پیش|پی|پی	پیش|پیش|پی + ش|پی + ش	A0|N9|N1 + N|N9 + N
‎3	تابه‌حال	تابه‌حال	تابه‌حال	تابه‌حال	Ad
‎4	که	که|که|که|که	که|که|که|که	که|که|که|که	N1|C0|NA|N1
‎5	شده	شده|شد	شده|شد	شده|شد + ه	V1|V3 + O
6	۱۲	۱۲	۱۲	۱۲	No
‎7	و	و|و|و	و|و|و	و|و|و	Al|C0|Ab
‎8	نیم	نیم|نی|نی	نیم|نی|نی	نیم|نی + م|نی + م	N1|N1 + N||N1 + V|Ad + N
‎9	سال	سال	سال	سال	N1
‎10	می‌گیرد	‌گیر|گیر	‌گیر|گیر	می + ‌گیر + د|می‌ + گیر + د	VPr + V1 + N|VPr + V1 + N
11	.	.	.	.	Si
12	.	.	.	.	Si
‎0	قلم‌كاري	قلم‌كاري	قلم‌كاري	قلم‌كاري	N1
‎1	برای	برای|برا|بر|بر|بر|بر	برای|برا|برا|بر|بر|برا	برای|برا + ی|بر + ا + ی|بر + ای|بر + ای|بر + ا + ی	Pr|A0 + Y|V1 + O + N|VPr + O|N1 + O|V1 + O + N
‎2	قطع‌نامه	قطع‌|قطع	قطع‌نا|قطعنا	قطع‌ + نا + م + ه|قطع + ‌نا + م + ه	N1 + O + N + O|N1 + O + N + O
‎3	مثل	مثل|مثل|مثل|مثل	مثل|مثل|مثل|مثل	مثل|مثل|مثل|مثل	N1|N1|N9|N1
‎4	بادبزن	بادبزن	بادبزن	بادبزن	N1
‎5	برای	برای|برا|بر|بر|بر|بر	برای|برا|برا|بر|بر|برا	برای|برا + ی|بر + ا + ی|بر + ای|بر + ای|بر + ا + ی	Pr|A0 + Y|V1 + O + N|VPr + O|N1 + O|V1 + O + N
‎6	بندباز	بندباز|بند	بندباز|بند	بندباز|بند + باز	N1|N1 + O
‎7	هخامنشی	هخامنشی|هخامنش	هخامنشی|هخامنش	هخامنشی|هخامنش + ی	A0|N3 + Y
‎8	و	و|و|و	و|و|و	و|و|و	Al|C0|Ab
‎9	هر	هر	هر	هر	A1
‎10	دو	دو|دو|دو|دو	دو|دو|دو|دو	دو|دو|دو|دو	V1|Nu|V1|N1
‎11	همانند	همانند|همان|همان|هم|هم|ان	همانند|همان|همان|هم|هم|ان	همانند|همان + ند|همان + ند|هم + ان + ند|هم + ان + ند|هم + ان + ند	A0|A1 + V|N6 + V|Ad + Pl + V|N8 + Pl + V|O + N1 + V
‎12	است	است|اس	است|اس	است|اس + ت	V3|N1 + N
13	.	.	.	.	Si
‎0	ورزش‌کار	ورزش‌|ورزش|ورز	ورزش‌کار|ورزشکار|ورزکار	ورزش‌ + کار|ورزش + ‌کار|ورز + ش‌ + کار	N1 + O|N1 + O|N1 + N + O
‎1	آرام‌بخش	آرام‌بخش	آرام‌بخش	آرام‌بخش	A0
‎2	بسکتبال	کتا	کت	بسکتبال|بس + کتب + ال|O + N + O	N1|O + N1 + O|O + N + O
‎3	و	و|و|و	و|و|و	و|و|و	Al|C0|Ab
‎4	پيش‌كسوت	پيش‌كسوت	پيش‌كسوت	پيش‌كسوت	A0
‎5	می‌گراید	‌گرا|‌گر|گرا|گر	‌گرا|‌گرا|گرا|گرا	می + ‌گرا + ید|می + ‌گر + ا + ید|می‌ + گرا + ید|می‌ + گر + ا + ید	VPr + V1 + N|VPr + V1 + O + N|VPr + V1 + N|VPr + V1 + O + N
6	.	.	.	.	Si
‎0	در	در|در|در|در|در	در|در|در|در|در	در|در|در|در|در	N1|Pr|V1|VPr|N1
‎1	ان	ان|ان	ان|ان	ان|ان	N1|Ab
‎2	کار	کار|کار	کار|کار	کار|کار	N1|V1
‎3	می‌کند	می‌|می‌|می|می|‌کن|‌کن|کن|کن	می‌|می‌|می|می|‌کن|‌کن|کن|کن	می‌ + ک + ند|می‌ + ک + ند|می + ‌ک + ند|می + ‌ک + ند|می + ‌کن + د|می + ‌کن + د|می‌ + کن + د|می‌ + کن + د	N1 + O + V|N1 + O + V|N1 + O + V|N1 + O + V|VPr + V1 + N|VPr + V1 + N|VPr + V1 + N|VPr + V1 + N
4	.	.	.	.	Si
‎0	بندباز	بندباز|بند	بندباز|بند	بندباز|بند + باز	N1|N1 + O
‎1	منشی	منشی|منش|من	منشی|منش|من	منشی|منش + ی|من + ش + ی	N1|N1 + Y||N1 + V|N5 + N + Y
‎2	عجیب	عجیب	عجیب	عجیب	A0
‎3	داشت	داشت|داشت|داشت|داش	داشت|داشت|داشت|داش	داشت|داشت|داشت|داش + ت	N1|V2|V5|N1 + N
4	.	.	.	.	Si
‎0	این‌جانب	این‌جانب	این‌جانب	این‌جانب	N1
‎1	امیدوارم	امیدوار|امید|ام	امیدوار|امید|ام	امیدوار + م|امید + وار + م|ام + ید + وار + م	A0 + N|N3 + O + N|N1 + V + O + N
‎2	خنده	خنده|خند	خنده|خند	خنده|خند + ه	N1|V1 + O
‎3	بور	بور|بور|ور|ور	بور|بور|ور|ور	بور|بور|ب + ور|ب + ور	N1|N1|O + N1|O + N1
‎4	شده باشیم	شدهباشیم|شدهباشی|شدهباش|شدهبا	شدهباشیم|شدهباشی|شدهباش|شدهبا	شدهباشیم|شدهباشی + م|شدهباش + یم|شدهبا + ش + یم	N1|N1 + N||N1 + V|N1 + V|N1 + N + V
‎5	نه	نه|نه|نه	نه|نه|نه	نه|نه|نه	N1|V1|Nu
‎6	خنده	خنده|خند	خنده|خند	خنده|خند + ه	N1|V1 + O
‎7	بر	بر|بر|بر|بر|بر	بر|بر|بر|بر|بر	بر|بر|بر|بر|بر	Pr|V1|VPr|N1|V1
‎8	یا	یا|یا	یا|یا	یا|یا	C0|Intj
‎9	خنده‌بر	خنده‌بر	خنده‌بر	خنده‌بر	N1
‎10	یا	یا|یا	یا|یا	یا|یا	C0|Intj
‎11	خنده‌بر	خنده‌بر	خنده‌بر	خنده‌بر	N1
‎12	یا	یا|یا	یا|یا	یا|یا	C0|Intj
‎13	هرکدام	هرکدام|هرکدا	هرکدام|هرکدا	هرکدام|هرکدا + م	N1|N1 + N||N1 + V
14	.	.	.	.	Si
‎0	از	از	از	از	Pr
‎1	آنجا	آنجا|جا	آنجا|جا	آنجا|آن + جا	Ad|Neg + N1
‎2	برای	برای|برا|بر|بر|بر|بر	برای|برا|برا|بر|بر|برا	برای|برا + ی|بر + ا + ی|بر + ای|بر + ای|بر + ا + ی	Pr|A0 + Y|V1 + O + N|VPr + O|N1 + O|V1 + O + N
‎3	همه‌ی	همه‌|همه‌|همه|همه|هم|هم	همه‌|همه‌|همه|همه|هم|هم	همه‌ + ی|همه‌ + ی|همه + ‌ی|همه + ‌ی|هم + ه‌ + ی|هم + ه‌ + ی	A2 + Y|N1 + Y||N1 + V|A2 + Y|N1 + Y||N1 + V|Ad + O + Y|N8 + O + Y
‎4	ما	ما	ما	ما	N5
‎5	مشخص	مشخص	مشخص	مشخص	A0
‎6	است	است|اس	است|اس	است|اس + ت	V3|N1 + N
‎7	در	در|در|در|در|در	در|در|در|در|در	در|در|در|در|در	N1|Pr|V1|VPr|N1
‎8	این	این|این	این|این	این|این	A1|N6
‎9	جملات	جملات|جمل	جملات|جمل	جملات|جمل + ات	N1|N1 + Pl
‎10	نیز	نیز	نیز	نیز	N1
‎11	مانند	مانند|مانند|مان|مان	مانند|مانند|مان|مان	مانند|مانند|مان + ند|مان + ند	N1|N9|N1 + V|V1 + N
‎12	استاندارد	استاندارد	استاندارد	استاندارد	A0
‎13	نباید	نباید|نبا	نباید|نبا	نباید|نبا + ید	N1|N1 + V
‎14	استاندارد	استاندارد	استاندارد	استاندارد	A0
‎15	و	و|و|و	و|و|و	و|و|و	Al|C0|Ab
‎16	استاندارد	استاندارد	استاندارد	استاندارد	A0
‎17	اشتباه	اشتباه	اشتباه	اشتباه	A0
‎18	بنویسیمم	نویسی|نویس	نویسی|نویس	ب + نویسی + م + م|ب + نویس + یم + م	O + N1 + N + N|VPr + V6 + N + N
19	.	.	.	.	Si
‎0	همچنين	همچنين|چنين	همچنين|چنين	همچنين|هم + چنين	Ad|O + A0
‎1	نباید	نباید|نبا	نباید|نبا	نباید|نبا + ید	N1|N1 + V
‎2	همچنین	همچنین|چنین	همچنین|چنین	همچنین|هم + چنین	Ad|O + A0
‎3	کرد	کرد|کرد	کرد|کرد	کرد|کرد	V2|N1
‎4	كه	كه|كه|كه|كه	كه|كه|كه|كه	كه|كه|كه|كه	N1|C0|NA|N1
5	.	.	.	.	Si
‎0	باتمام	اتمام|تمام|تمام	اتمام|تمام|تمام	ب + اتمام|با + تمام|با + تمام	O + N1|O + A0|O + N9
‎1	این	این|این	این|این	این|این	A1|N6
‎2	تفسیر	تفسیر|تف	تفسیر|تفکده	تفسیر|تف + سیر	N1|N1 + O
‎3	؟	؟	؟	؟	Si
4	!	!	!	!	Si
‎0	املايي	املايي	املايي	املايي	A0
‎1	هم	هم|هم|هم	هم|هم|هم	هم|هم|هم	Ad|C0|N8
‎2	خود	خود|خود	خود|خود	خود|خود	N8|N1
‎3	عجیب	عجیب	عجیب	عجیب	A0
‎4	قریب	قریب	قریب	قریب	A0
‎5	شده است	شدهاست|شدهاس	شدهاست|شدهاس	شدهاست|شدهاس + ت	N1|N1 + N
6	!	!	!	!	Si
7	.	.	.	.	Si
‎0	در	در|در|در|در|در	در|در|در|در|در	در|در|در|در|در	N1|Pr|V1|VPr|N1
‎1	این	این|این	این|این	این|این	A1|N6
‎2	متن	متن|تن	متن|تن	متن|م + تن	N1|Neg + V1
‎3	غلط	غلط|غلط	غلط|غلط	غلط|غلط	A0|N1
‎4	املایی	املایی|املا|امل|امل	املایی|املا|امل|امل	املایی|املا + ی + ی|امل + ای + ی|امل + ای + ی	A0|N1 + Y + Y|N1 + O + Y|A0 + O + Y
‎5	هم	هم|هم|هم	هم|هم|هم	هم|هم|هم	Ad|C0|N8
‎6	هست	هست|هست	هست|هست	هست|هست	N1|V3
7	.	.	.	.	Si
‎0	نمید	نم	نم	نم + ید	N1 + V
‎1	ونیم	ون	ون	ون + یم	N1 + V
‎2	چرا	چرا|چرا|چرا|چر	چرا|چرا|چرا|چرا	چرا|چرا|چرا|چر + ا	N1|N1|NA|V1 + O
‎3	؟	؟	؟	؟	Si
4	.	.	.	.	Si
5	!	!	!	!	Si
‎0	در	در|در|در|در|در	در|در|در|در|در	در|در|در|در|در	N1|Pr|V1|VPr|N1
‎1	این	این|این	این|این	این|این	A1|N6
‎2	متنه‌ها	متن|تن	متن|تن	متن + ه‌ + ها|م + تن + ه‌ + ها	N1 + O + Pl|Neg + V1 + O + Pl
‎3	و	و|و|و	و|و|و	و|و|و	Al|C0|Ab
‎4	و	و|و|و	و|و|و	و|و|و	Al|C0|Ab
‎5	در	در|در|در|در|در	در|در|در|در|در	در|در|در|در|در	N1|Pr|V1|VPr|N1
‎6	مدل‌های	مدل‌|مدل	مدل‌|مدل	مدل‌ + ها + ی|مدل + ‌ها + ی	N1 + Pl + Y|N1 + Pl + Y
‎7	مختلف	مختلف	مختلف	مختلف	A0
‎8	به	به|به	به|به	به|به	Pr|N1
‎9	در	در|در|در|در|در	در|در|در|در|در	در|در|در|در|در	N1|Pr|V1|VPr|N1
‎10	واحد	واحد	واحد	واحد	A0
‎11	بررسی	بررسی|بررس	بررسی|بررس	بررسی|بررس + ی	N1|N1 + Y||N1 + V
‎12	به	به|به	به|به	به|به	Pr|N1
‎13	اختصاري	اختصاري	اختصاري	اختصاري	A0
‎0	ک	ک|ک	ک|ک	ک|ک	Al|Ab
‎0	ه	ه	ه	ه	N1
‎1	حضور	حضور	حضور	حضور	N1
‎2	دارند	دار|دار|دار	دار|دار|دار	دار + ند|دار + ند|دار + ند	N1 + V|V1 + N|V5 + V
3	.	.	.	.	Si
‎0	در	در|در|در|در|در	در|در|در|در|در	در|در|در|در|در	N1|Pr|V1|VPr|N1
‎1	این	این|این	این|این	این|این	A1|N6
‎2	متن	متن|تن	متن|تن	متن|م + تن	N1|Neg + V1
‎3	اسپیس	اسپیس	اسپیس	اسپیس	N1
‎4	و	و|و|و	و|و|و	و|و|و	Al|C0|Ab
‎5	فاصله	فاصله|فاصل	فاصله|فاصل	فاصله|فاصل + ه	N1|N1 + O
‎6	خراب	خراب	خراب	خراب	A0
‎7	هستند	هست|هست	هست|هست	هست + ند|هست + ند	N1 + V|V3 + N
‎8	به	به|به	به|به	به|به	Pr|N1
‎9	دفعات	دفعات|دفع	دفعات|دفع	دفعات|دفع + ات	N1|N1 + Pl
10	.	.	.	.	Si
‎0	در	در|در|در|در|در	در|در|در|در|در	در|در|در|در|در	N1|Pr|V1|VPr|N1
‎1	این	این|این	این|این	این|این	A1|N6
‎2	متن	متن|تن	متن|تن	متن|م + تن	N1|Neg + V1
‎3	نقطه	نقطه	نقطه	نقطه	N1
‎4	یعنی	یعنی	یعنی	یعنی	C0
‎5	همین	همین|همین|هم|هم|ین	همین|همین|هم|هم|ین	همین|همین|هم + ین|هم + ین|هم + ین	A1|N6|Ad + O|N8 + O|O + N1
6	.	.	.	.	Si
‎0	معلوم	معلوم	معلوم	معلوم	A0
‎1	نیست	نیست|نیست	نیست|نیست	نیست|نیست	N1|V3
‎2	چه	چه|چه|چه	چه|چه|چه	چه|چه|چه	A0|C0|NA
‎3	چیزی	چیزی|چیز	چیزی|چیز	چیزی|چیز + ی	Ad|N1 + Y||N1 + V
‎4	می‌گوید	‌گو|گو	‌گو|گو	می + ‌گو + ید|می‌ + گو + ید	VPr + V1 + N|VPr + V1 + N
‎5	در	در|در|در|در|در	در|در|در|در|در	در|در|در|در|در	N1|Pr|V1|VPr|N1
‎6	این	این|این	این|این	این|این	A1|N6
‎7	متن	متن|تن	متن|تن	متن|م + تن	N1|Neg + V1
‎8	علایم	علایم|علا	علایم|علا	علایم|علا + یم	N1|N1 + V
‎9	و	و|و|و	و|و|و	و|و|و	Al|C0|Ab
‎10	علایم	علایم|علا	علایم|علا	علایم|علا + یم	N1|N1 + V
‎11	نگارشی	نگارشی|نگارش|نگار|نه	نگارشی|نگارش|نگار|نهگار	نگارشی|نگارش + ی|نگار + ش + ی|نه + گار + ش + ی	N1|N1 + Y||N1 + V|N3 + N + Y|V1 + O + O + N
‎12	معنا	معنا	معنا	معنا	N1
‎13	ندارد	دار	دار	ن + دار + د	Neg + V1 + N
14	.	.	.	.	Si
‎0	حال	حال	حال	حال	Ad
‎1	برای	برای|برا|بر|بر|بر|بر	برای|برا|برا|بر|بر|برا	برای|برا + ی|بر + ا + ی|بر + ای|بر + ای|بر + ا + ی	Pr|A0 + Y|V1 + O + N|VPr + O|N1 + O|V1 + O + N
‎2	بررسی	بررسی|بررس	بررسی|بررس	بررسی|بررس + ی	N1|N1 + Y||N1 + V
‎3	کلمات	کلمات|کلم|کل|کل|کل|کل|کل	کلمات|کلم|کل|کل|کل|کل|کل	کلمات|کلم + ات|کل + م + ات|کل + م + ات|کل + م + ات|کل + م + ات|کل + م + ات	N1|N1 + Pl|N1 + N + Pl|N1 + N + Pl|A0 + N + Pl|A0 + N + Pl|N1 + N + Pl
‎4	دیگر	دیگر|دیگر|دی	دیگر|دیگر|دی	دیگر|دیگر|دی + گر	A2|N1|N1 + O
‎5	به	به|به	به|به	به|به	Pr|N1
‎6	چند	چند	چند	چند	NA
‎7	نمونه	نمونه|نم	نمونه|نم	نمونه|نم + ون + ه	A0|N1 + Pl + O
‎8	از	از	از	از	Pr
‎9	سری	سری|سری|سر|سر|سر|سر|سر	سری|سری|سر|سر|سر|سر|سر	سری|سری|سر + ی|سر + ی|سر + ی|سر + ی|سر + ی	N1|A0|N1 + Y||N1 + V|N9 + Y|N1 + Y||N1 + V|N1 + Y||N1 + V|V1 + N
‎10	عبارات	عبار	عبارا	عبارات|N	N1|N
‎11	روي	روي|روي	روي|روي	روي|روي	N1|N1
‎12	که	که|که|که|که	که|که|که|که	که|که|که|که	N1|C0|NA|N1
‎13	تاریخ	تاریخ	تاریخ	تاریخ	N1
‎14	دارند	دار|دار|دار	دار|دار|دار	دار + ند|دار + ند|دار + ند	N1 + V|V1 + N|V5 + V
15	!	!	!	!	Si
‎16	؛	؛	؛	؛	Si
‎17	من	من	من	من	N5
‎18	و	و|و|و	و|و|و	و|و|و	Al|C0|Ab
‎19	دوستم	دوست	دوست	دوست + م	N1 + N||N1 + V
‎20	در	در|در|در|در|در	در|در|در|در|در	در|در|در|در|در	N1|Pr|V1|VPr|N1
‎21	تاریخ	تاریخ	تاریخ	تاریخ	N1
22	3/12/97	3/12/97	3/12/97	3/12/97	No
‎23	یا	یا|یا	یا|یا	یا|یا	C0|Intj
‎24	شاید	شاید|شاید|شا	شاید|شاید|شا	شاید|شاید|شا + ید	Ad|V2|V1 + N
25	3/12/97	3/12/97	3/12/97	3/12/97	No
‎26	که	که|که|که|که	که|که|که|که	که|که|که|که	N1|C0|NA|N1
‎27	در	در|در|در|در|در	در|در|در|در|در	در|در|در|در|در	N1|Pr|V1|VPr|N1
‎28	یاد	یاد	یاد	یاد	N1
‎29	ندارم	ندار|دار	ندار|دار	ندار + م|ن + دار + م	A0 + N|Neg + V1 + N
‎30	به	به|به	به|به	به|به	Pr|N1
‎31	یک	یک	یک	یک	Nu
‎32	مغازه	مغازه	مغازه	مغازه	N1
‎33	رفتیم	رفت|رفت|رف	رفت|رفت|رف	رفت + یم|رفت + یم|رف + ت + یم	V2 + N|V2 + N|N1 + N + V
‎34	که	که|که|که|که	که|که|که|که	که|که|که|که	N1|C0|NA|N1
35	12.5	12.5	12.5	12.5	No
‎36	بشقاب	بشقاب	بشقاب	بشقاب	N1
‎37	بخریم	بخر|خر|خر|خر	بخر|خر|خر|خر	بخر + یم|ب + خر + یم|ب + خر + یم|ب + خر + یم	N1 + V|O + N1 + V|VPr + V6 + N|O + N1 + V
38	.	.	.	.	Si
‎0	دوستم	دوست	دوست	دوست + م	N1 + N||N1 + V
‎1	در	در|در|در|در|در	در|در|در|در|در	در|در|در|در|در	N1|Pr|V1|VPr|N1
‎2	همان	همان|همان|هم|هم|ان	همان|همان|هم|هم|ان	همان|همان|هم + ان|هم + ان|هم + ان	A1|N6|Ad + Pl|N8 + Pl|O + N1
‎3	وضعیت	وضعیت|وضعی|وضع	وضعیت|وضعی|وضع	وضعیت|وضعی + ت|وضع + ی + ت	N1|A0 + N|N1 + Y + N
‎4	در	در|در|در|در|در	در|در|در|در|در	در|در|در|در|در	N1|Pr|V1|VPr|N1
5	12/5/97	12/5/97	12/5/97	12/5/97	No
‎6	باز	باز|باز|باز	باز|باز|باز	باز|باز|باز	A0|V1|VPr
‎7	به	به|به	به|به	به|به	Pr|N1
‎8	مغازه	مغازه	مغازه	مغازه	N1
‎9	مذکور	مذکور	مذکور	مذکور	A0
‎10	مراجعه	مراجعه|مراجع|مراجع	مراجعه|مراجع|مراجع	مراجعه|مراجع + ه|مراجع + ه	N1|N1 + O|N1 + O
‎11	کرد	کرد|کرد	کرد|کرد	کرد|کرد	V2|N1
12	!	!	!	!	Si
13	!	!	!	!	Si
14	!	!	!	!	Si
15	!	!	!	!	Si
16	!	!	!	!	Si
17	!	!	!	!	Si
18	!	!	!	!	Si
‎0	به	به|به	به|به	به|به	Pr|N1
‎1	دوست	دوست	دوست	دوست	N1
‎2	خود	خود|خود	خود|خود	خود|خود	N8|N1
‎3	گفتم	گفت|گفت	گفت|گفت	گفت + م|گفت + م	N1 + N||N1 + V|V2 + N
‎4	چرا	چرا|چرا|چرا|چر	چرا|چرا|چرا|چرا	چرا|چرا|چرا|چر + ا	N1|N1|NA|V1 + O
5	1397/5/12	1397/5/12	1397/5/12	1397/5/12	No
‎6	نرفتی	رفت|رفت	رفت|رفت	ن + رفت + ی|ن + رفت + ی	Neg + V2 + Y|Neg + V2 + Y
‎7	که	که|که|که|که	که|که|که|که	که|که|که|که	N1|C0|NA|N1
‎8	گفت	گفت|گفت	گفت|گفت	گفت|گفت	N1|V2
‎9	به	به|به	به|به	به|به	Pr|N1
‎10	تو	تو|تو|تو	تو|تو|تو	تو|تو|تو	N5|Ad|N1
‎11	چه	چه|چه|چه	چه|چه|چه	چه|چه|چه	A0|C0|NA
12	!	!	!	!	Si
13	!	!	!	!	Si
14	!	!	!	!	Si
15	!	!	!	!	Si
16	!	!	!	!	Si
‎17	؟	؟	؟	؟	Si
‎0	من	من	من	من	N5
‎1	هم	هم|هم|هم	هم|هم|هم	هم|هم|هم	Ad|C0|N8
‎2	که	که|که|که|که	که|که|که|که	که|که|که|که	N1|C0|NA|N1
‎3	ناراحت	ناراحت|راحت	ناراحت|راحت	ناراحت|نا + راحت	A0|Neg + A0
‎4	بودم	بود|بود|بود|بو	بود|بود|بود|بو	بود + م|بود + م|بود + م|بو + د + م	N1 + N||N1 + V|V2 + N|V3 + N|V1 + N + N
‎5	در	در|در|در|در|در	در|در|در|در|در	در|در|در|در|در	N1|Pr|V1|VPr|N1
‎6	حساب	حساب	حساب	حساب	N1
‎7	بانکی‌ام	بانکی‌ام|بانکی‌ا|انکی‌ام|انکی‌ا|نکی‌ام|نکی‌ا	بانکی‌ام|بانکی‌ا|انکی‌ام|انکی‌ا|نکی‌ام|نکی‌ا	بانکی‌ام|بانکی‌ا + م|ب + انکی‌ام|ب + انکی‌ا + م|با + نکی‌ام|با + نکی‌ا + م	N1|N1 + N||N1 + V|O + N1|O + N1 + N|O + N1|O + N1 + N
‎8	به	به|به	به|به	به|به	Pr|N1
‎9	شماره	شماره|شمار|شمار	شماره|شمار|شمار	شماره|شمار + ه|شمار + ه	N1|N1 + O|V1 + O
10	۴۳۵،۲۳،۲۴۲۳۴۲۵۱۲،۱۲۳۱۴،۱۲۳۱۲	۴۳۵.۲۳.۲۴۲۳۴۲۵۱۲.۱۲۳۱۴.۱۲۳۱۲	۴۳۵.۲۳.۲۴۲۳۴۲۵۱۲.۱۲۳۱۴.۱۲۳۱۲	۴۳۵.۲۳.۲۴۲۳۴۲۵۱۲.۱۲۳۱۴.۱۲۳۱۲	No
‎11	تومان	تومان|تو|تو|تو	تومان|تو|تو|تو	تومان|تو + مان|تو + مان|تو + مان	N1|N5 + N|Ad + N|N1 + N
‎12	پول	پول	پول	پول	N1
‎13	ریختم	ریخت|ریخت	ریخت|ریخت	ریخت + م|ریخت + م	N1 + N||N1 + V|V2 + N
‎14	بعد	بعد|بعد|بعد	بعد|بعد|بعد	بعد|بعد|بعد	A0|N9|N1
‎15	رفتم	رفت|رفت|رف	رفت|رفت|رف	رفت + م|رفت + م|رف + ت + م	V2 + N|V2 + N|N1 + N + N
‎16	و	و|و|و	و|و|و	و|و|و	Al|C0|Ab
17	۱۲۳،۱۲۳،۲۳۵،۳۴۵،۳۴۵	۱۲۳.۱۲۳.۲۳۵.۳۴۵.۳۴۵	۱۲۳.۱۲۳.۲۳۵.۳۴۵.۳۴۵	۱۲۳.۱۲۳.۲۳۵.۳۴۵.۳۴۵	No
‎18	را	را	را	را	Po
‎19	که	که|که|که|که	که|که|که|که	که|که|که|که	N1|C0|NA|N1
‎20	به	به|به	به|به	به|به	Pr|N1
‎21	﷼	﷼	﷼	﷼	N1
‎22	بود	بود|بود|بود|بو	بود|بود|بود|بو	بود|بود|بود|بو + د	N1|V2|V3|V1 + N
‎23	به	به|به	به|به	به|به	Pr|N1
‎24	دلار	دلار	دلار	دلار	N1
‎25	کردم	کرد|کرد	کرد|کرد	کرد + م|کرد + م	V2 + N|N1 + N||N1 + V
‎26	شد	شد	شد	شد	V3
27	۲	۲	۲	۲	No
28	 $	$	$	$	N1
‎29	و	و|و|و	و|و|و	و|و|و	Al|C0|Ab
‎30	از	از	از	از	Pr
‎31	تعجب	تعجب	تعجب	تعجب	N1
‎32	بیهوش	بیهوش|یه|هوش|هو	بیهوش|یه|هوش|هو	بیهوش|ب + یه + وش|بی + هوش|بی + هو + ش	A0|O + N1 + O|O + N1|O + N1 + N
‎33	شدم	شد	شد	شد + م	V3 + N
34	!	!	!	!	Si
‎0	در	در|در|در|در|در	در|در|در|در|در	در|در|در|در|در	N1|Pr|V1|VPr|N1
‎1	همین	همین|همین|هم|هم|ین	همین|همین|هم|هم|ین	همین|همین|هم + ین|هم + ین|هم + ین	A1|N6|Ad + O|N8 + O|O + N1
‎2	حین	حین	حین	حین	N1
‎3	فکر	فکر	فکر	فکر	N1
‎4	کردم	کرد|کرد	کرد|کرد	کرد + م|کرد + م	V2 + N|N1 + N||N1 + V
‎5	شاید	شاید|شاید|شا	شاید|شاید|شا	شاید|شاید|شا + ید	Ad|V2|V1 + N
‎6	بهتر	بهتر|به	بهتر|به	بهتر|به + تر	A0|N1 + O
‎7	بود	بود|بود|بود|بو	بود|بود|بود|بو	بود|بود|بود|بو + د	N1|V2|V3|V1 + N
‎8	و	و|و|و	و|و|و	و|و|و	Al|C0|Ab
9	۱۲۳،۱۲۳،۲۳۵،۳۴۵،۳۴۵	۱۲۳.۱۲۳.۲۳۵.۳۴۵.۳۴۵	۱۲۳.۱۲۳.۲۳۵.۳۴۵.۳۴۵	۱۲۳.۱۲۳.۲۳۵.۳۴۵.۳۴۵	No
‎10	تومان	تومان|تو|تو|تو	تومان|تو|تو|تو	تومان|تو + مان|تو + مان|تو + مان	N1|N5 + N|Ad + N|N1 + N
‎11	را	را	را	را	Po
‎12	آدامس	آدامس	آدامس	آدامس	N1
‎13	می‌خریدم	‌خرید|‌خر|خرید|خر	‌خرید|‌خر|خرید|خر	می + ‌خرید + م|می + ‌خر + ید + م|می‌ + خرید + م|می‌ + خر + ید + م	VPr + V2 + N|VPr + V1 + N + N|VPr + V2 + N|VPr + V1 + N + N
14	!	!	!	!	Si
‎0	اما	اما	اما	اما	C0
‎1	متوجه	متوجه	متوجه	متوجه	A0
‎2	شدم	شد	شد	شد + م	V3 + N
‎3	بهترین	بهترین|بهتر|به	بهترین|بهترین|به	بهترین|بهتر + ین|به + ترین	A0|A0 + O|N1 + O
‎4	کار	کار|کار	کار|کار	کار|کار	N1|V1
‎5	انست	انس	انس	انس + ت	N1 + N
‎6	که	که|که|که|که	که|که|که|که	که|که|که|که	N1|C0|NA|N1
‎7	و	و|و|و	و|و|و	و|و|و	Al|C0|Ab
8	۱۲۳،۱۲۳،۲۳۵،۳۴۵،۳۴۵	۱۲۳.۱۲۳.۲۳۵.۳۴۵.۳۴۵	۱۲۳.۱۲۳.۲۳۵.۳۴۵.۳۴۵	۱۲۳.۱۲۳.۲۳۵.۳۴۵.۳۴۵	No
‎9	﷼	﷼	﷼	﷼	N1
‎10	را	را	را	را	Po
‎11	به	به|به	به|به	به|به	Pr|N1
‎12	دوست	دوست	دوست	دوست	N1
‎13	دیگرم	دیگر|دیگر|دی	دیگر|دیگر|دی	دیگر + م|دیگر + م|دی + گر + م	A2 + N|N1 + N||N1 + V|N1 + O + N
‎14	که	که|که|که|که	که|که|که|که	که|که|که|که	N1|C0|NA|N1
15	۱۲۳،۱۲۳،۲۳۵،۳۴۵،۳۴۵	۱۲۳.۱۲۳.۲۳۵.۳۴۵.۳۴۵	۱۲۳.۱۲۳.۲۳۵.۳۴۵.۳۴۵	۱۲۳.۱۲۳.۲۳۵.۳۴۵.۳۴۵	No
‎16	﷼	﷼	﷼	﷼	N1
‎17	میخواهد بدهم	میخواهدبدهم|میخواهدبده|میخواهدبد|میخواهد	میخواهدبدهم|میخواهدبده|میخواهدبد|میخواهد	میخواهدبدهم|میخواهدبده + م|میخواهدبد + ه + م|میخواهد + بد + ه + م	N1|N1 + N||N1 + V|N1 + O + N|N1 + O + O + N
‎18	و	و|و|و	و|و|و	و|و|و	Al|C0|Ab
‎19	همین	همین|همین|هم|هم|ین	همین|همین|هم|هم|ین	همین|همین|هم + ین|هم + ین|هم + ین	A1|N6|Ad + O|N8 + O|O + N1
‎20	شد	شد	شد	شد	V3
‎21	که	که|که|که|که	که|که|که|که	که|که|که|که	N1|C0|NA|N1
‎22	برگشتم	برگشت|برگشت|برگ|رگ	برگشت|برگشت|برگ|رگ	برگشت + م|برگشت + م|برگ + ش + ت + م|ب + رگ + ش + ت + م	N1 + N||N1 + V|V2 + N|N1 + N + N + N|O + N1 + N + N + N
‎23	و	و|و|و	و|و|و	و|و|و	Al|C0|Ab
‎24	دلار	دلار	دلار	دلار	N1
‎25	خود	خود|خود	خود|خود	خود|خود	N8|N1
‎26	را	را	را	را	Po
‎27	ریال	ریال|ری	ریال|ریال	ریال|ری + ال	N1|N1 + O
‎28	کردم	کرد|کرد	کرد|کرد	کرد + م|کرد + م	V2 + N|N1 + N||N1 + V
‎29	اما	اما	اما	اما	C0
‎30	باز	باز|باز|باز	باز|باز|باز	باز|باز|باز	A0|V1|VPr
‎31	به	به|به	به|به	به|به	Pr|N1
‎32	من	من	من	من	N5
33	۲.۵	۲.۵	۲.۵	۲.۵	No
‎34	میلیون	میلیون|میلی|میل|میل	میلیون|میلی|میل|میل	میلیون|میلی + ون|میل + ی + ون|میل + ی + ون	Nu|A0 + Pl|N1 + Y + Pl|N1 + Y + Pl
‎35	﷼	﷼	﷼	﷼	N1
‎36	دادند	داد|داد	داد|داد	داد + ند|داد + ند	N1 + V|V2 + N
‎37	و	و|و|و	و|و|و	و|و|و	Al|C0|Ab
‎38	بقیه	بقیه|بقیه|بق|قیه|قی	بقیه|بقیه|بق|قیه|قی	بقیه|بقیه|بق + ی + ه|ب + قیه|ب + قی + ه	A0|N1|N1 + Y + O|O + N1|O + N1 + O
‎39	را	را	را	را	Po
‎40	با	با	با	با	Pr
‎41	کلاهم	کلاه|کلا	کلاه|کلا	کلاه + م|کلا + ه + م	N1 + N||N1 + V|N1 + O + N
‎42	برداشتند	برداشت|برداشت|ردا|داشت	برداشت|برداشت|ردا|داشت	برداشت + ند|برداشت + ند|ب + ردا + ش + ت + ند|بر + داشت + ند	N1 + V|V2 + N|O + N1 + N + N + V|VPr + V2 + N
‎43	و	و|و|و	و|و|و	و|و|و	Al|C0|Ab
‎44	بردند	برد|برد|بر|بر|رد	برد|برد|بر|بر|رد	برد + ند|برد + ند|بر + د + ند|بر + د + ند|ب + رد + ند	N1 + V|V2 + N|V1 + N + N|V1 + N + N|O + A0 + V
45	!	!	!	!	Si
‎0	حالا	حالا	حالا	حالا	Ad
‎1	من	من	من	من	N5
‎2	با	با	با	با	Pr
3	2.5	2.5	2.5	2.5	No
‎4	میلیون	میلیون|میلی|میل|میل	میلیون|میلی|میل|میل	میلیون|میلی + ون|میل + ی + ون|میل + ی + ون	Nu|A0 + Pl|N1 + Y + Pl|N1 + Y + Pl
‎5	﷼	﷼	﷼	﷼	N1
‎6	که	که|که|که|که	که|که|که|که	که|که|که|که	N1|C0|NA|N1
‎7	می‌شود	‌شو|‌شو|شو|شو	‌شو|‌شو|شو|شو	می + ‌شو + د|می + ‌شو + د|می‌ + شو + د|می‌ + شو + د	VPr + V1 + N|VPr + V1 + N|VPr + V1 + N|VPr + V1 + N
8	۰/۲۵	۰/۲۵	۰/۲۵	۰/۲۵	No
‎9	یا	یا|یا	یا|یا	یا|یا	C0|Intj
10	۲۵/۰	۲۵/۰	۲۵/۰	۲۵/۰	No
‎11	میلیون	میلیون|میلی|میل|میل	میلیون|میلی|میل|میل	میلیون|میلی + ون|میل + ی + ون|میل + ی + ون	Nu|A0 + Pl|N1 + Y + Pl|N1 + Y + Pl
‎12	تومان	تومان|تو|تو|تو	تومان|تو|تو|تو	تومان|تو + مان|تو + مان|تو + مان	N1|N5 + N|Ad + N|N1 + N
‎13	دیگر	دیگر|دیگر|دی	دیگر|دیگر|دی	دیگر|دیگر|دی + گر	A2|N1|N1 + O
‎14	کاری	کاری|کار|کار	کاری|کار|کار	کاری|کار + ی|کار + ی	A0|N1 + Y||N1 + V|V1 + N
‎15	نمی‌توانم	نمی‌توانم|نمی‌توان|نمی‌تو	نمی‌توانم|نمی‌توان|نمی‌تو	نمی‌توانم|نمی‌توان + م|نمی‌تو + ان + م	N1|N1 + N||N1 + V|N1 + Pl + N
‎16	انجام	انجام|انجام	انجام|انجام	انجام|انجام	N1|V1
‎17	بدهم	بده|بد|ده|ده|ده	بده|بد|ده|ده|ده	بده + م|بد + ه + م|ب + ده + م|ب + ده + م|ب + ده + م	N1 + N||N1 + V|A0 + O + N|O + Nu + N|VPr + V6 + N|O + N1 + N
18	.	.	.	.	Si
‎0	به	به|به	به|به	به|به	Pr|N1
‎1	خانه	خانه|خان	خانه|خان	خانه|خان + ه	N1|N1 + O
‎2	رفتم	رفت|رفت|رف	رفت|رفت|رف	رفت + م|رفت + م|رف + ت + م	V2 + N|V2 + N|N1 + N + N
‎3	و	و|و|و	و|و|و	و|و|و	Al|C0|Ab
‎4	دومینو	دومینو	دومینو	دومینو	N1
‎5	را	را	را	را	Po
‎6	برداشتم	برداشت|برداشت|ردا|داشت	برداشت|برداشت|ردا|داشت	برداشت + م|برداشت + م|ب + ردا + ش + ت + م|بر + داشت + م	N1 + N||N1 + V|V2 + N|O + N1 + N + N + N|VPr + V2 + N
‎7	در	در|در|در|در|در	در|در|در|در|در	در|در|در|در|در	N1|Pr|V1|VPr|N1
‎8	آشپزخانه	آشپزخانه|آشپز	آشپزخانه|آشپزخانه	آشپزخانه|آشپز + خانه	N1|N1 + O
‎9	طاس‌كباب	طاس‌كباب	طاس‌كباب	طاس‌كباب	N1
‎10	را	را	را	را	Po
‎11	با	با	با	با	Pr
‎12	زخم‌زبان	زخم‌زبان	زخم‌زبان	زخم‌زبان	N1
‎13	و	و|و|و	و|و|و	و|و|و	Al|C0|Ab
‎14	سیرابی	سیرابی|سیراب	سیرابی|سیراب	سیرابی|سیراب + ی	N1|A0 + Y
‎15	درست	درست|درس|ست	درست|درس|ست	درست|درس + ت|در + ست	A0|N1 + N|O + N1
‎16	کردم	کرد|کرد	کرد|کرد	کرد + م|کرد + م	V2 + N|N1 + N||N1 + V
17	.	.	.	.	Si
‎0	باوجود	وجود|وجود	وجود|وجود	با + وجود|با + وجود	O + N1|O + N9
‎1	چين‌وچروك	چين‌وچروك	چين‌وچروك	چين‌وچروك	N1
‎2	بسیار	بسیار|بسیار|سیار|یار	بسیار|بسیار|سیار|یار	بسیار|بسیار|ب + سیار|بس + یار	A0|Ad|O + A0|O + N1
‎3	فيلم	فيلم|فيل	فيلم|فيل	فيلم|فيل + م	N1|N1 + N||N1 + V
‎4	را	را	را	را	Po
‎5	که	که|که|که|که	که|که|که|که	که|که|که|که	N1|C0|NA|N1
‎6	موجوداتی	موجود	موجود	موجود + ات + ی	A0 + Pl + Y
‎7	عجیب	عجیب	عجیب	عجیب	A0
‎8	در	در|در|در|در|در	در|در|در|در|در	در|در|در|در|در	N1|Pr|V1|VPr|N1
‎9	ان	ان|ان	ان|ان	ان|ان	N1|Ab
‎10	بودند	بود|بود|بود|بو	بود|بود|بود|بو	بود + ند|بود + ند|بود + ند|بو + د + ند	N1 + V|V2 + N|V3 + N|V1 + N + N
‎11	گذاشتم	گذاشت	گذاشت	گذاشت + م	V2 + N
‎12	و	و|و|و	و|و|و	و|و|و	Al|C0|Ab
‎13	مشغول	مشغول	مشغول	مشغول	A0
‎14	دیدن	دید	دید	دید + ن	V2 + O
‎15	کش‌ها	کش‌|کش‌|کش|کش	کش‌|کش‌|کش|کش	کش‌ + ها|کش‌ + ها|کش + ‌ها|کش + ‌ها	V1 + Pl|V1 + Pl|V1 + Pl|V1 + Pl
‎16	شدم	شد	شد	شد + م	V3 + N
‎17	روی	روی|روی|رو|رو|رو|رو	روی|روی|رو|رو|رو|رو	روی|روی|رو + ی|رو + ی|رو + ی|رو + ی	N1|N1|V1 + N|N1 + Y||N1 + V|N9 + Y|V1 + N
‎18	گاز	گاز	گاز	گاز	N1
‎19	چای	چای|چای	چای|چای	چای|چای	N1|V1
‎20	گل‌گاوزبان	گل‌گاوزبان	گل‌گاوزبان	گل‌گاوزبان	N1
‎21	دم	دم|دم|دم	دم|دم|دم	دم|دم|دم	N1|V1|N1
‎22	کرده بود	کرده|کرد	کرده|کرد	کرده + بود|کرد + ه + بود	V2 + V|V2 + O + V
23	.	.	.	.	Si
‎0	و	و|و|و	و|و|و	و|و|و	Al|C0|Ab
‎1	روی	روی|روی|رو|رو|رو|رو	روی|روی|رو|رو|رو|رو	روی|روی|رو + ی|رو + ی|رو + ی|رو + ی	N1|N1|V1 + N|N1 + Y||N1 + V|N9 + Y|V1 + N
‎2	میز	میز	میز	میز	N1
‎3	شيرتوشير	شيرتوشير	شيرتوشير	شيرتوشير	A0
‎4	و	و|و|و	و|و|و	و|و|و	Al|C0|Ab
‎5	پر	پر|پر|پر	پر|پر|پر	پر|پر|پر	N1|V1|A0
‎6	از	از	از	از	Pr
‎7	خیار	خیار	خیار	خیار	N1
‎8	مجلسی	مجلسی|مجلس	مجلسی|مجلس	مجلسی|مجلس + ی	A0|N1 + Y||N1 + V
‎9	و	و|و|و	و|و|و	و|و|و	Al|C0|Ab
‎10	در	در|در|در|در|در	در|در|در|در|در	در|در|در|در|در	N1|Pr|V1|VPr|N1
‎11	کنار	کنار|کنار	کنار|کنار	کنار|کنار	N1|N1
‎12	موز	موز|وز	موز|وز	موز|م + وز	N1|Neg + V1
‎13	مار	مار	مار	مار	N1
‎14	قرار	قرار|قرار	قرار|قرار	قرار|قرار	N1|N9
‎15	داشت	داشت|داشت|داشت|داش	داشت|داشت|داشت|داش	داشت|داشت|داشت|داش + ت	N1|V2|V5|N1 + N
16	.	.	.	.	Si
‎0	سررسید	سررسید|رسید	سررسید|رسید	سررسید|سر + رسید	N1|VPr + V2
‎1	بدهکاری‌هایم	بدهکاری‌|بدهکاری|بدهکار|بده|بد|ده|ده	بدهکاری‌|بدهکاری|بدهکار|بدهکار|بدکار|ده|دهکار	بدهکاری‌ + ها + یم|بدهکاری + ‌ها + یم|بدهکار + ی‌ + ها + یم|بده + کار + ی‌ + ها + یم|بد + ه + کار + ی‌ + ها + یم|ب + ده + کار + ی‌ + ها + یم|ب + ده + کار + ی‌ + ها + یم	N1 + Pl + V|N1 + Pl + V|A0 + Y + Pl + V|N1 + O + Y + Pl + V|A0 + O + O + Y + Pl + V|O + Nu + O + Y + Pl + V|O + N1 + O + Y + Pl + V
‎2	از	از	از	از	Pr
‎3	بیکاری	بیکاری|بیکار|کاری|کار	بیکاری|بیکار|کاری|کار	بیکاری|بیکار + ی|بی + کاری|بی + کار + ی	N1|A0 + Y|O + A0|O + N1 + Y
‎4	زیاد	زیاد|زی|یاد	زیاد|زیا|یاد	زیاد|زی + ا + د|ز + یاد	A0|V1 + O + N|O + N1
‎5	و	و|و|و	و|و|و	و|و|و	Al|C0|Ab
‎6	رودربایستی	رودربایستی	رودربایستی	رودربایستی	N1
‎7	با	با	با	با	Pr
‎8	کسانی	کسان|کس|کس	کسان|کس|کس	کسان + ی|کس + ان + ی|کس + ان + ی	N1 + Y||N1 + V|N1 + Pl + Y|N1 + Pl + Y
‎9	که	که|که|که|که	که|که|که|که	که|که|که|که	N1|C0|NA|N1
‎10	به	به|به	به|به	به|به	Pr|N1
‎11	آن‌ها	آن‌|آن‌|آن|آن	آن‌|آن‌|آن|آن	آن‌ + ها|آن‌ + ها|آن + ‌ها|آن + ‌ها	A1 + Pl|N6 + Pl|A1 + Pl|N6 + Pl
‎12	پول	پول	پول	پول	N1
‎13	قرض	قرض	قرض	قرض	N1
‎14	داده بودم	داد	داد	داد + ه + بود + م	V2 + O + V + N
‎15	سر	سر|سر|سر|سر|سر	سر|سر|سر|سر|سر	سر|سر|سر|سر|سر	N1|N9|N1|N1|V1
‎16	رسیده بود	رسید	رسید	رسید + ه + بود	V2 + O + V
17	.	.	.	.	Si
‎0	برای	برای|برا|بر|بر|بر|بر	برای|برا|برا|بر|بر|برا	برای|برا + ی|بر + ا + ی|بر + ای|بر + ای|بر + ا + ی	Pr|A0 + Y|V1 + O + N|VPr + O|N1 + O|V1 + O + N
‎1	خود	خود|خود	خود|خود	خود|خود	N8|N1
‎2	که	که|که|که|که	که|که|که|که	که|که|که|که	N1|C0|NA|N1
‎3	از	از	از	از	Pr
‎4	گذشته	گذشته|گذشت|گذشت	گذشته|گذشت|گذشت	گذشته|گذشت + ه|گذشت + ه	A0|N1 + O|V2 + O
‎5	قبری	قبر	قبر	قبر + ی	N1 + Y||N1 + V
‎6	کنده	کنده|کنده|کند|کن|کن	کنده|کنده|کند|کن|کن	کنده|کنده|کند + ه|کن + د + ه|کن + د + ه	A0|N1|A0 + O|V1 + N + O|V1 + N + O
‎7	بودم	بود|بود|بود|بو	بود|بود|بود|بو	بود + م|بود + م|بود + م|بو + د + م	N1 + N||N1 + V|V2 + N|V3 + N|V1 + N + N
‎8	اما	اما	اما	اما	C0
‎9	در	در|در|در|در|در	در|در|در|در|در	در|در|در|در|در	N1|Pr|V1|VPr|N1
‎10	ان	ان|ان	ان|ان	ان|ان	N1|Ab
‎11	گور	گور|گور	گور|گور	گور|گور	N1|V1
‎12	خری	خر|خر|خر	خر|خر|خر	خر + ی|خر + ی|خر + ی	N1 + Y||N1 + V|V1 + N|N1 + Y||N1 + V
‎13	خوابیده بود	خوابید	خوابید	خوابید + ه + بود	V2 + O + V
14	.	.	.	.	Si
‎0	پیتزا	پیتزا	پیتزا	پیتزا	N1
‎1	را	را	را	را	Po
‎2	خریدم	خرید|خرید|خر|خر|خر	خرید|خرید|خر|خر|خر	خرید + م|خرید + م|خر + ید + م|خر + ید + م|خر + ید + م	N1 + N||N1 + V|V2 + N|N1 + V + N|V1 + N + N|N1 + V + N
‎3	و	و|و|و	و|و|و	و|و|و	Al|C0|Ab
‎4	رويان	رويان|رويان|روي|روي	رويان|رويان|روي|روي	رويان|رويان|روي + ان|روي + ان	N1|V1|N1 + Pl|N1 + Pl
‎5	سس	سس|سس	سس|سس	سس|سس	N1|N1
‎6	خردل	خردل	خردل	خردل	N1
‎7	بر	بر|بر|بر|بر|بر	بر|بر|بر|بر|بر	بر|بر|بر|بر|بر	Pr|V1|VPr|N1|V1
‎8	رویش	رویش|روی|روی|رو|رو|رو|رو	رویش|روی|روی|رو|رو|رو|رو	رویش|روی + ش|روی + ش|رو + ی + ش|رو + ی + ش|رو + ی + ش|رو + ی + ش	N1|N1 + N|N1 + N|V1 + N + O|N1 + Y + N|N9 + Y + N|V1 + N + O
‎9	نون	نون	نون	نون	N1
‎10	کنجدی	کنجدی|کنجد	کنجدی|کنجد	کنجدی|کنجد + ی	A0|N1 + Y||N1 + V
‎11	جا	جا	جا	جا	N1
‎12	خوش	خوش|خو	خوش|خو	خوش|خو + ش	A0|N1 + N
‎13	کرده بود	کرده|کرد	کرده|کرد	کرده + بود|کرد + ه + بود	V2 + V|V2 + O + V
14	.	.	.	.	Si
‎0	شروع	شروع	شروع	شروع	N1
‎1	به	به|به	به|به	به|به	Pr|N1
‎2	درست	درست|درس|ست	درست|درس|ست	درست|درس + ت|در + ست	A0|N1 + N|O + N1
‎3	کردن	کرد	کرد	کرد + ن	V2 + O
‎4	کاردستی‌های	کاردستی‌|کاردستی	کاردستی‌|کاردستی	کاردستی‌ + ها + ی|کاردستی + ‌ها + ی	N1 + Pl + Y|N1 + Pl + Y
‎5	عجیب	عجیب	عجیب	عجیب	A0
‎6	کردم	کرد|کرد	کرد|کرد	کرد + م|کرد + م	V2 + N|N1 + N||N1 + V
7	.	.	.	.	Si
‎0	کتاب	کتاب	کتاب	کتاب	N1
‎1	حيدربابا	حيدربابا	حيدربابا	حيدربابا	N3
‎2	در	در|در|در|در|در	در|در|در|در|در	در|در|در|در|در	N1|Pr|V1|VPr|N1
‎3	کتابخانه	کتابخانه|کتاب	کتابخانه|کتابخانه	کتابخانه|کتاب + خانه	N1|N1 + O
‎4	خاک	خاک	خاک	خاک	N1
‎5	گرفته بود	گرفت|رفت|رفت	گرفت|رفت|رفت	گرفت + ه + بود|گ + رفت + ه + بود|گ + رفت + ه + بود	V2 + O + V|VPr + V2 + O + V|VPr + V2 + O + V
6	،	.	.	.	Si
7	،	.	.	.	Si
‎8	باران	باران|باران|بار|بار|ار|ران	باران|باران|بار|باران|ار|ران	باران|باران|بار + ان|بار + ان|ب + ار + ان|با + ران	N1|V1|N1 + Pl|V1 + O|O + Ad + Pl|O + N1
‎9	را	را	را	را	Po
‎10	از	از	از	از	Pr
‎11	یک	یک	یک	یک	Nu
‎12	اب	اب	اب	اب	N1
‎13	زیر	زیر	زیر	زیر	A0
‎14	کاه	کاه|کاه	کاه|کاه	کاه|کاه	N1|V1
‎15	لیمو	لیمو	لیمو	لیمو	N1
‎16	زین	زین|ین	زین|ین	زین|ز + ین	N1|O + N1
‎17	سوار	سوار	سوار	سوار	N1
‎18	گرفتم	گرفت|گرفت|رفت|رفت	گرفت|گرفت|رفت|رفت	گرفت + م|گرفت + م|گ + رفت + م|گ + رفت + م	N1 + N||N1 + V|V2 + N|VPr + V2 + N|VPr + V2 + N
19	.	.	.	.	Si
‎0	بعضی	بعضی|بعض	بعضی|بعض	بعضی|بعض + ی	A2|A0 + Y
‎1	می‌گویند	‌گو|گو	‌گو|گو	می + ‌گو + ی + ند|می‌ + گو + ی + ند	VPr + V1 + N + N|VPr + V1 + N + N
‎2	در	در|در|در|در|در	در|در|در|در|در	در|در|در|در|در	N1|Pr|V1|VPr|N1
‎3	ماهشهر	ماهشهر	ماهشهر	ماهشهر	N2
‎4	پرچین	پرچین	پرچین	پرچین	N1
‎5	و	و|و|و	و|و|و	و|و|و	Al|C0|Ab
‎6	چهارچوب	چهارچوب	چهارچوب	چهارچوب	N1
‎7	وجود	وجود|وجود	وجود|وجود	وجود|وجود	N1|N9
‎8	ندارد	دار	دار	ن + دار + د	Neg + V1 + N
‎9	و	و|و|و	و|و|و	و|و|و	Al|C0|Ab
‎10	برخی	برخی|رخ|رخ	برخی|رخ|رخ	برخی|ب + رخ + ی|ب + رخ + ی	A2|O + N1 + Y|O + N1 + Y
‎11	دنبال	دنبال|دنبال	دنبال|دنبال	دنبال|دنبال	N1|N9
‎12	ستاره	ستاره|ستار	ستاره|ستار	ستاره|ستار + ه	N1|N3 + O
‎13	دنباله‌دار	دنباله‌دار|دنباله‌|دنباله|دنبال|دنبال	دنباله‌دار|دنباله‌|دنباله|دنبال|دنبال	دنباله‌دار|دنباله‌ + دار|دنباله + ‌دار|دنبال + ه‌ + دار|دنبال + ه‌ + دار	A0|N1 + O|N1 + O|N1 + O + O|N9 + O + O
‎14	دربه‌در	دربه‌در	دربه‌در	دربه‌در	A0
‎15	شدند	شد	شد	شد + ند	V3 + N
‎16	ولی	ولی|ولی|ول|ول	ولی|ولی|ول|ول	ولی|ولی|ول + ی|ول + ی	C0|N1|A0 + Y|N1 + Y||N1 + V
‎17	من	من	من	من	N5
‎18	شنیدم	شنید|شن	شنید|شن	شنید + م|شن + ید + م	V2 + N|N1 + V + N
19	«	«	«	«	Si
‎20	دود	دود|دو|دو	دود|دو|دو	دود|دو + د|دو + د	N1|V1 + N|V1 + N
‎21	از	از	از	از	Pr
‎22	کنده	کنده|کنده|کند|کن|کن	کنده|کنده|کند|کن|کن	کنده|کنده|کند + ه|کن + د + ه|کن + د + ه	A0|N1|A0 + O|V1 + N + O|V1 + N + O
‎23	بلند	بلند|بلند|بلند|بل|بل|لند|لند	بلند|بلند|بلند|بل|بل|لند|لند	بلند|بلند|بلند|بل + ند|بل + ند|ب + لند|ب + لند	N1|N1|A0|N1 + V|N1 + V|VPr + V6|O + N1
‎24	میشه	میش|می|می	میش|می|می	میش + ه|می + ش + ه|می + ش + ه	N1 + O|N1 + N + O|N1 + N + O
25	»	»	»	»	Si
26	(	(	(	(	Si
27	)	)	)	)	Si
28	.	.	.	.	Si
‎0	راستی	راستی|راست|راست	راستی|راست|راست	راستی|راست + ی|راست + ی	N1|A0 + Y|V1 + N
‎1	برای	برای|برا|بر|بر|بر|بر	برای|برا|برا|بر|بر|برا	برای|برا + ی|بر + ا + ی|بر + ای|بر + ای|بر + ا + ی	Pr|A0 + Y|V1 + O + N|VPr + O|N1 + O|V1 + O + N
‎2	ارقام	رق	ارقا	ارقام|N	N1|N
‎3	عربی	عربی|عرب	عربی|عرب	عربی|عرب + ی	A0|N1 + Y||N1 + V
‎4	دقت	دقت|دق	دقت|دق	دقت|دق + ت	N1|N1 + N
‎5	کنید	کن|کن|کن	کنی|کن|کن	کن + ید|کن + ید|کن + ید	N2 + V|V1 + N|V1 + N
‎6	که	که|که|که|که	که|که|که|که	که|که|که|که	N1|C0|NA|N1
‎7	به	به|به	به|به	به|به	Pr|N1
‎8	قسمت	قسمت|قسم|قسم	قسمت|قسم|قسم	قسمت|قسم + ت|قسم + ت	N1|N1 + N|N1 + N
‎9	تنظیمات	تنظیم	تنظیم	تنظیم + ات	N1 + Pl
‎10	ورد	ورد|ورد	ورد|ورد	ورد|ورد	V1|N1
‎11	بروید	برو|رو|رو|رو|رو	برو|رو|رو|رو|رو	برو + ید|ب + رو + ید|ب + رو + ید|ب + رو + ید|ب + رو + ید	A0 + V|VPr + V6 + N|O + N1 + V|O + N9 + V|VPr + V6 + N
12	.	.	.	.	Si
‎0	برای	برای|برا|بر|بر|بر|بر	برای|برا|برا|بر|بر|برا	برای|برا + ی|بر + ا + ی|بر + ای|بر + ای|بر + ا + ی	Pr|A0 + Y|V1 + O + N|VPr + O|N1 + O|V1 + O + N
‎1	این	این|این	این|این	این|این	A1|N6
‎2	کار	کار|کار	کار|کار	کار|کار	N1|V1
3	:	:	:	:	Si
‎4	در	در|در|در|در|در	در|در|در|در|در	در|در|در|در|در	N1|Pr|V1|VPr|N1
‎5	ورد	ورد|ورد	ورد|ورد	ورد|ورد	V1|N1
6	۲۰۱۰	۲۰۱۰	۲۰۱۰	۲۰۱۰	No
7	:	:	:	:	Si
‎8	روی	روی|روی|رو|رو|رو|رو	روی|روی|رو|رو|رو|رو	روی|روی|رو + ی|رو + ی|رو + ی|رو + ی	N1|N1|V1 + N|N1 + Y||N1 + V|N9 + Y|V1 + N
‎9	نوار	نوار	نوار	نوار	N1
10	File	File	File	File	N1
‎11	کلیک	کلیک|کلی|کل|کل|کل|کل|کل	کلیک|کلی|کلیک|کلیک|کلیک|کلیک|کلیک	کلیک|کلی + ک|کل + یک|کل + یک|کل + یک|کل + یک|کل + یک	N1|A0 + O|N1 + O|N1 + O|A0 + O|A0 + O|N1 + O
‎12	کنید	کن|کن|کن	کنی|کن|کن	کن + ید|کن + ید|کن + ید	N2 + V|V1 + N|V1 + N
13	،	.	.	.	Si
‎14	و	و|و|و	و|و|و	و|و|و	Al|C0|Ab
‎15	از	از	از	از	Pr
‎16	منوی	منوی|منو|نو	منوی|منو|نو	منوی|منو + ی|م + نو + ی	N1|N1 + Y||N1 + V|Neg + V1 + N
‎17	سمت	سمت|سمت|سم|سم	سمت|سمت|سم|سم	سمت|سمت|سم + ت|سم + ت	N1|N1|N1 + N|N1 + N
‎18	چپ	چپ|چپ	چپ|چپ	چپ|چپ	A0|V1
19	،	.	.	.	Si
‎20	را	را	را	را	Po
‎21	انتخاب	انتخاب	انتخاب	انتخاب	N1
‎22	کنید	کن|کن|کن	کنی|کن|کن	کن + ید|کن + ید|کن + ید	N2 + V|V1 + N|V1 + N
23	.	.	.	.	Si
‎0	در	در|در|در|در|در	در|در|در|در|در	در|در|در|در|در	N1|Pr|V1|VPr|N1
‎1	ورد	ورد|ورد	ورد|ورد	ورد|ورد	V1|N1
2	۲۰۰۷	۲۰۰۷	۲۰۰۷	۲۰۰۷	No
3	:	:	:	:	Si
‎4	روي	روي|روي	روي|روي	روي|روي	N1|N1
‎5	گرد	گرد|گرد|گرد|گرد|گر	گرد|گرد|گرد|گرد|گر	گرد|گرد|گرد|گرد|گر + د	N1|V1|A0|A0|V1 + N
‎6	در	در|در|در|در|در	در|در|در|در|در	در|در|در|در|در	N1|Pr|V1|VPr|N1
‎7	سمت	سمت|سمت|سم|سم	سمت|سمت|سم|سم	سمت|سمت|سم + ت|سم + ت	N1|N1|N1 + N|N1 + N
‎8	بالا	بالا|بال|لا	بالا|بالا|لا	بالا|بال + ا|با + لا	A0|V1 + O|O + A0
9	-	-	-	-	N1
‎10	چپ	چپ|چپ	چپ|چپ	چپ|چپ	A0|V1
‎11	کلیک	کلیک|کلی|کل|کل|کل|کل|کل	کلیک|کلی|کلیک|کلیک|کلیک|کلیک|کلیک	کلیک|کلی + ک|کل + یک|کل + یک|کل + یک|کل + یک|کل + یک	N1|A0 + O|N1 + O|N1 + O|A0 + O|A0 + O|N1 + O
‎12	کنید	کن|کن|کن	کنی|کن|کن	کن + ید|کن + ید|کن + ید	N2 + V|V1 + N|V1 + N
‎13	و	و|و|و	و|و|و	و|و|و	Al|C0|Ab
‎14	از	از	از	از	Pr
‎15	منوی	منوی|منو|نو	منوی|منو|نو	منوی|منو + ی|م + نو + ی	N1|N1 + Y||N1 + V|Neg + V1 + N
‎16	باز	باز|باز|باز	باز|باز|باز	باز|باز|باز	A0|V1|VPr
‎17	شده	شده|شد	شده|شد	شده|شد + ه	V1|V3 + O
18	،	.	.	.	Si
‎19	از	از	از	از	Pr
‎20	پایین	پایین|پای|پا|پا	پایین|پایین|پاین|پاین	پایین|پای + ین|پا + ی + ین|پا + ی + ین	A0|N1 + O|N1 + Y + O|N9 + Y + O
‎21	منو	منو|نو	منو|نو	منو|م + نو	N1|Neg + V1
22	،	.	.	.	Si
‎23	دکمهی	دکمه|دک|دک	دکمه|دک|دک	دکمه + ی|دک + م + ه + ی|دک + م + ه + ی	N1 + Y||N1 + V|N1 + N + O + Y|N1 + N + O + Y
‎24	را	را	را	را	Po
‎25	انتخاب	انتخاب	انتخاب	انتخاب	N1
‎26	کنید	کن|کن|کن	کنی|کن|کن	کن + ید|کن + ید|کن + ید	N2 + V|V1 + N|V1 + N
27	.	.	.	.	Si
‎0	در	در|در|در|در|در	در|در|در|در|در	در|در|در|در|در	N1|Pr|V1|VPr|N1
‎1	ورد	ورد|ورد	ورد|ورد	ورد|ورد	V1|N1
2	۲۰۰۳	۲۰۰۳	۲۰۰۳	۲۰۰۳	No
3	:	:	:	:	Si
‎4	از	از	از	از	Pr
‎5	منوی	منوی|منو|نو	منوی|منو|نو	منوی|منو + ی|م + نو + ی	N1|N1 + Y||N1 + V|Neg + V1 + N
‎6	بالا	بالا|بال|لا	بالا|بالا|لا	بالا|بال + ا|با + لا	A0|V1 + O|O + A0
‎7	را	را	را	را	Po
‎8	انتخاب	انتخاب	انتخاب	انتخاب	N1
‎9	کنید	کن|کن|کن	کنی|کن|کن	کن + ید|کن + ید|کن + ید	N2 + V|V1 + N|V1 + N
10	.	.	.	.	Si
‎0	كه	كه|كه|كه|كه	كه|كه|كه|كه	كه|كه|كه|كه	N1|C0|NA|N1
‎1	اینجا	اینجا	اینجا	اینجا	N1
‎2	می‌بینی	‌بین|بین	‌بین|بین	می + ‌بین + ی|می‌ + بین + ی	VPr + V1 + N|VPr + V1 + N
‎3	یه	یه	یه	یه	N1
‎4	سری	سری|سری|سر|سر|سر|سر|سر	سری|سری|سر|سر|سر|سر|سر	سری|سری|سر + ی|سر + ی|سر + ی|سر + ی|سر + ی	N1|A0|N1 + Y||N1 + V|N9 + Y|N1 + Y||N1 + V|N1 + Y||N1 + V|V1 + N
‎5	از	از	از	از	Pr
‎6	نمونه	نمونه|نم	نمونه|نم	نمونه|نم + ون + ه	A0|N1 + Pl + O
‎7	اعدا	اعدا	اعدا	اعدا	N1
‎8	ده	ده|ده|ده	ده|ده|ده	ده|ده|ده	Nu|V1|N1
‎9	که	که|که|که|که	که|که|که|که	که|که|که|که	N1|C0|NA|N1
‎10	من	من	من	من	N5
‎11	براتون	برات|برا	برات|برا	برات + ون|برا + ت + ون	N1 + Pl|A0 + N + Pl
‎12	گذاشتم	گذاشت	گذاشت	گذاشت + م	V2 + N
‎13	حالشو	حالشو	حالشو	حالشو	N1
‎14	ببرین	ببر|برین|بر|بر|رین	ببرین|برینین|بر|برین|رین	ببر + ین|ب + برین|ب + بر + ین|ب + بر + ین|ب + ب + رین	N1 + O|O + A0|O + VPr + O|O + N1 + O|VPr + VPr + V1
‎15	هورااااا	هورااااا	هورااااا	هورااااا	N1
16	*	*	*	*	N1
17	٠	٠	٠	٠	No
18	۰	۰	۰	۰	No
19	١	١	١	١	No
20	۱	۱	۱	۱	No
21	٢	٢	٢	٢	No
22	۲	۲	۲	۲	No
23	٣	٣	٣	٣	No
24	۳	۳	۳	۳	No
25	۴	۴	۴	۴	No
26	۳	۳	۳	۳	No
27	۴	۴	۴	۴	No
28	۵	۵	۵	۵	No
29	۵	۵	۵	۵	No
30	۶	۶	۶	۶	No
31	۶	۶	۶	۶	No
32	٧	٧	٧	٧	No
33	۳	۳	۳	۳	No
34	۷	۷	۷	۷	No
35	٨	٨	٨	٨	No
36	۸	۸	۸	۸	No
37	٩	٩	٩	٩	No
38	۳	۳	۳	۳	No
39	۹	۹	۹	۹	No
40	١٠	١٠	١٠	١٠	No
41	۳	۳	۳	۳	No

