0	طبق	طبق|طبق|طبق	طبق|طبق|طبق	طبق|طبق|طبق	N1|N9|Pr1
1	اعلام	اعلام|اعلام|اعلا	اعلام|اعلام|اعلا	اعلام|اعلام|اعلا + م	N1|N1|A0 + N
2	وزارت	وزارت	وزارت	وزارت	N1
3	اقتصاد	اقتصاد	اقتصاد	اقتصاد	N1
4	تدوین	تدوین	تدوین	تدوین	N1
5	شاخص‌های	شاخص‌|شاخص	شاخص‌|شاخص	شاخص‌ + ها + ی|شاخص + ‌ها + ی	A0 + Pl + Y|A0 + Pl + Y
6	ملی	ملی|مل|مل	ملی|مل|مل	ملی|مل + ی|مل + ی	A0|N1 + Y||N1 + V|N1 + Y||N1 + V
7	محیط	محیط	محیط	محیط	A0
8	کسب‌	کسب‌	کسب‌	کسب‌	N1
9	و	و|و|و	و|و|و	و|و|و	Al|C0|Ab
10	کار	کار|کار	کار|کار	کار|کار	N1|V1
11	کشور	کشور|کش|کش	کشور|کشور|کشور	کشور|کش + ور|کش + ور	N1|V1 + O|V1 + O
12	برای	برای|برا|بر|بر|بر|بر	برای|برا|برا|بر|بر|برا	برای|برا + ی|بر + ا + ی|بر + ای|بر + ای|بر + ا + ی	Pr|A0 + Y|V1 + O + N|VPr + O|N1 + O|V1 + O + N
13	نخستین	نخستین|نخست|خست	نخستین|نخستین|خست	نخستین|نخست + ین|ن + خست + ی + ن	A0|A0 + O|Neg + V2 + Y + O
14	بار	بار|بار|ار	بار|بار|ار	بار|بار|ب + ار	N1|V1|O + Ad
15	اجرایی	اجرایی|اجرا|اجر	اجرایی|اجرا|اجر	اجرایی|اجرا + ی + ی|اجر + ای + ی	A0|N1 + Y + Y|N1 + O + Y
16	شد	شد	شد	شد	V3
17	.	.	.	.	Si

0	اِمروز	امروز	امروز	امروز	N1
1	هوا	هوا	هوا	هوا	N1
2	باراني	باراني|راني	باراني|راني	باراني|با + راني	A0|O + A0
3	است	است|اس	است|اس	است|اس + ت	V3|N1 + N
4	.	.	.	.	Si

0	چترم	چتر	چتر	چتر + م	N1 + N||N1 + V
1	را	را	را	را	Po
2	با	با	با	با	Pr
3	خودم	خودم|خود|خود	خودم|خود|خود	خودم|خود + م|خود + م	N7|N8 + N|N1 + N||N1 + V
4	نبُردم	نبرد|برد|بر|بر	نبرد|برد|بر|بر	نبرد + م|ن + برد + م|ن + بر + د + م|ن + بر + د + م	N1 + N||N1 + V|Neg + V2 + N|Neg + V1 + N + N|Neg + V1 + N + N
5	.	.	.	.	Si
