
0	تیم‌ایران	-	-	-	undefined
1	با	-	-	-	Pr
2	پنج‌سانداکا‌رمرد	-	-	-	undefined
3	و	-	-	-	conjunction
4	سه	-	-	-	Nu
5	زن	-	-	-	V1

0	در	-	-	-	Pr
1	جام	-	-	-	N1
2	جهانی	-	-	-	A0
3	حضوریافته	-	-	-	undefined
4	است	-	-	-	V3
5	.	-	-	-	endDelim

0	در	-	-	-	Pr
1	رقابت‌های	-	-	-	N1
2	نوبت	-	-	-	N1
3	صبح‌یکشنبه	-	-	-	undefined
4	«	-	-	-	startDelim
5	الهه	-	-	-	N4
6	منصوریان	-	-	-	N4
7	»	-	-	-	endDelim
8	،	-	-	-	endDelim
9	«	-	-	-	startDelim
10	فریناز‌نذیری	-	-	-	undefined
11	»	-	-	-	endDelim
12	،	-	-	-	endDelim
13	«	-	-	-	startDelim
14	محسن	-	-	-	N3
15	محمدسیفی	-	-	-	undefined
16	»	-	-	-	endDelim
17	و	-	-	-	conjunction
18	«	-	-	-	startDelim
19	میلادعارفی‌مقام	-	-	-	undefined
20	»	-	-	-	endDelim
21	با	-	-	-	Pr
22	برتری	-	-	-	N1
23	برابر	-	-	-	A0
24	حریفان	-	-	-	A0
25	به	-	-	-	Pr
26	مدال‌طلا	-	-	-	undefined
27	دست	-	-	-	N1
28	یافتند	-	-	-	V2

0	تا	-	-	-	Pr
1	تعداد	-	-	-	N1
2	نشان‌های	-	-	-	N1
3	زرین‌تیم	-	-	-	undefined
4	کشورمان	-	-	-	N1
5	به	-	-	-	Pr
6	عدد	-	-	-	N1
7	۵	-	-	-	number
8	برسد	-	-	-	N1
9	.	-	-	-	endDelim
10	روز	-	-	-	N1
11	اول	-	-	-	A0
12	نیز	-	-	-	Ad
13	«	-	-	-	startDelim
14	شهر	-	-	-	N1
15	بانو	-	-	-	N1
16	منصوریان	-	-	-	N4
17	»	-	-	-	endDelim
18	به	-	-	-	Pr
19	نشان	-	-	-	V1

0	طلای	-	-	-	N1
1	وزن	-	-	-	N1
2	۶۵	-	-	-	number
3	کیلوگرم	-	-	-	N1
4	رسیده	-	-	-	A0
5	بود	-	-	-	V2
6	.	-	-	-	endDelim

0	لازم	-	-	-	A0
1	به	-	-	-	Pr
2	ذکر	-	-	-	N1
3	است	-	-	-	V3

0	که	-	-	-	C0
1	عصر	-	-	-	N1
2	یکشنبه	-	-	-	N1
3	«	-	-	-	startDelim
4	یوسف	-	-	-	N3
5	صبری	-	-	-	N1
6	»	-	-	-	endDelim
7	و	-	-	-	conjunction
8	«	-	-	-	startDelim
9	معین	-	-	-	A0
10	تقوی	-	-	-	N4
11	»	-	-	-	endDelim
12	هم	-	-	-	Ad
13	برای	-	-	-	Pr
14	کسب	-	-	-	N1
15	مدال	-	-	-	N1
16	طلا	-	-	-	N1
17	به	-	-	-	Pr
18	مصاف	-	-	-	N1
19	حریفان	-	-	-	A0
20	می‌روند	-	-	-	V1
21	.	-	-	-	endDelim

0	تیم	-	-	-	N1
1	صدرشیمی	-	-	-	undefined
2	با	-	-	-	Pr
3	غلبه	-	-	-	N1
4	بر	-	-	-	Pr
5	همشهری	-	-	-	N1
6	مقتدر	-	-	-	A0
7	خود	-	-	-	N8
8	عنوان	-	-	-	N1
9	قهرمانی	-	-	-	N1
10	مسابقات	-	-	-	N1
11	کشوری	-	-	-	A0
12	را	-	-	-	Po
13	از	-	-	-	Pr
14	آن	-	-	-	A1
15	خود	-	-	-	N8
16	کرد	-	-	-	V2
17	.	-	-	-	endDelim

0	در	-	-	-	Pr
1	دیدار	-	-	-	N1
2	فینال‌تیم	-	-	-	undefined
3	صدر	-	-	-	N1
4	شیمی	-	-	-	N1
5	یزد	-	-	-	N2
6	موفق	-	-	-	A0
7	شد	-	-	-	V3

0	با	-	-	-	Pr
1	نتیجه	-	-	-	N1
2	۲	-	-	-	number
3	بر	-	-	-	Pr
4	۱	-	-	-	number
5	تیم	-	-	-	N1
6	گلسا	-	-	-	N1
7	پوش	-	-	-	V1

0	یزد	-	-	-	N2
1	را	-	-	-	Po
2	که	-	-	-	C0
3	از	-	-	-	Pr
4	بازیکنان	-	-	-	N1
5	ملی‌پوش	-	-	-	A0
6	سود	-	-	-	V2

0	می‌برد	-	-	-	V2

0	شکست‌داده	-	-	-	undefined
1	و	-	-	-	conjunction
2	به	-	-	-	Pr
3	مقام‌قهرمانی	-	-	-	undefined
4	دست	-	-	-	N1
5	یابد	-	-	-	V1
6	.	-	-	-	endDelim

0	در	-	-	-	Pr
1	دیدار	-	-	-	N1
2	رده‌بندی	-	-	-	N1
3	نیز	-	-	-	Ad
4	تیم	-	-	-	N1
5	پرسپولیس	-	-	-	N1
6	مردآباد	-	-	-	N2
7	با	-	-	-	Pr
8	شکست	-	-	-	V2

0	تیم	-	-	-	N1
1	هیأت	-	-	-	N1
2	روستایی	-	-	-	A0
3	خراسان	-	-	-	N2
4	شمالی	-	-	-	A0
5	مقام	-	-	-	N1
6	سوم	-	-	-	A0
7	این	-	-	-	A1
8	مسابقات	-	-	-	N1
9	را	-	-	-	Po
10	از	-	-	-	Pr
11	آن	-	-	-	A1
12	خود	-	-	-	N8
13	کردبه	-	-	-	undefined
14	گزارش	-	-	-	N1
15	خبرگزاری	-	-	-	N1
16	فارس	-	-	-	N1
17	،	-	-	-	endDelim
18	سردار	-	-	-	A0
19	غلامرضا	-	-	-	N3
20	جلالی	-	-	-	N4
21	رئیس	-	-	-	N1
22	سازمان	-	-	-	N1
23	پدافند	-	-	-	N1
24	غیر	-	-	-	prefix
25	عامل	-	-	-	N1
26	طی‌نشست	-	-	-	N1
27	خبری	-	-	-	A0
28	که	-	-	-	C0
29	به	-	-	-	Pr
30	مناسبت	-	-	-	N1
31	۸	-	-	-	number
32	آبان	-	-	-	N1
33	سالروز	-	-	-	N1
34	تشکیل	-	-	-	N1
35	این	-	-	-	A1
36	سازمان	-	-	-	N1
37	برگزار	-	-	-	A0
38	شد	-	-	-	V3
39	،	-	-	-	endDelim

0	ماموریت	-	-	-	N1
1	اول	-	-	-	A0
2	سازمان	-	-	-	N1
3	پدافند	-	-	-	N1
4	غیرعامل	-	-	-	N1
5	را	-	-	-	Po
6	دیده‌بانی	-	-	-	N1
7	نسبت‌به	-	-	-	Pr1
8	تهدیدات	-	-	-	N1
9	،	-	-	-	endDelim
10	تشخیص‌تهدیدات	-	-	-	undefined
11	و	-	-	-	conjunction
12	هشدار	-	-	-	N1
13	در	-	-	-	Pr
14	حوزه‌های	-	-	-	N1
15	مختلف	-	-	-	A0
16	دانست	-	-	-	V2

0	و	-	-	-	conjunction
1	اظهار	-	-	-	N1
2	داشت	-	-	-	V2
3	:	-	-	-	endDelim

0	دومین‌ماموریت	-	-	-	undefined
1	این	-	-	-	A1
2	سازمان	-	-	-	N1
3	،	-	-	-	endDelim
4	کاهش	-	-	-	N1
5	آسیب‌پذیری	-	-	-	N1
6	کل	-	-	-	A0
7	زیر	-	-	-	A0
8	ساخت‌های‌کشور	-	-	-	undefined
9	و	-	-	-	conjunction
10	شهرها	-	-	-	N1
11	دربرابر	-	-	-	Pr1
12	تهدیدات	-	-	-	N1
13	امنیتی	-	-	-	A0
14	است	-	-	-	V3

0	که	-	-	-	C0
1	به	-	-	-	Pr
2	صورت	-	-	-	N1
3	مداوم	-	-	-	A0
4	و	-	-	-	conjunction
5	متغیر	-	-	-	A0
6	دنبال	-	-	-	N1
7	می‌شود	-	-	-	V1

0	و	-	-	-	conjunction
1	ماموریت	-	-	-	N1
2	سوم	-	-	-	A0
3	نیز	-	-	-	Ad
4	مصون‌سازی	-	-	-	N1
5	زیر	-	-	-	A0
6	ساخت‌های	-	-	-	N1
7	کل	-	-	-	A0
8	کشور	-	-	-	N1
9	است	-	-	-	V3
10	.	-	-	-	endDelim

0	وی	-	-	-	N5
1	خاطرنشان	-	-	-	A0
2	کرد	-	-	-	V2
3	:	-	-	-	endDelim

0	در	-	-	-	Pr
1	مورد‌حضور	-	-	-	undefined
2	پدافند	-	-	-	N1
3	غیر	-	-	-	prefix
4	عامل	-	-	-	N1
5	در	-	-	-	Pr
6	شورای‌عالی	-	-	-	N1
7	فضای	-	-	-	N1
8	مجازی	-	-	-	A0
9	و	-	-	-	conjunction
10	گردشگری	-	-	-	N1
11	با	-	-	-	Pr
12	رهبری	-	-	-	N1
13	نامه‌نگاری	-	-	-	N1
14	شده	-	-	-	V3

0	که	-	-	-	C0
1	مورد	-	-	-	N1
2	موافقت	-	-	-	N1
3	قرار	-	-	-	N1
4	گرفته است	-	-	-	V2
5	.	-	-	-	endDelim

0	جلالی	-	-	-	N4
1	با	-	-	-	Pr
2	بیان	-	-	-	N1
3	اینکه	-	-	-	Ad
4	۶۰	-	-	-	number
5	محصول	-	-	-	N1
6	استراتژیک	-	-	-	A0
7	پدافند	-	-	-	N1
8	سایبری	-	-	-	undefined
9	بومی	-	-	-	A0
10	کشور	-	-	-	N1
11	را	-	-	-	Po
12	ارائه	-	-	-	N1
13	خواهیم داد	-	-	-	V2
14	،	-	-	-	endDelim

0	گفت	-	-	-	V2
1	:	-	-	-	endDelim

0	۵	-	-	-	number
1	محصول	-	-	-	N1
2	اسکادای	-	-	-	undefined
3	بومی	-	-	-	A0
4	نیز	-	-	-	Ad
5	که	-	-	-	C0
6	برای	-	-	-	Pr
7	کنترل	-	-	-	N1
8	و	-	-	-	conjunction
9	دیسپاچینگ	-	-	-	undefined
10	بکارمی	-	-	-	undefined
11	رود	-	-	-	N1
12	،	-	-	-	endDelim
13	توسط	-	-	-	N1
14	متخصصان‌داخلی	-	-	-	undefined
15	ساخته شده است	-	-	-	V2
16	.	-	-	-	endDelim

0	یک	-	-	-	Nu
1	بازدیدکننده	-	-	-	A0
2	در	-	-	-	Pr
3	روز	-	-	-	N1
4	افتتاح	-	-	-	N1
5	«	-	-	-	startDelim
6	کتابخانه	-	-	-	N1
7	حلزونی	-	-	-	A0
8	»	-	-	-	endDelim
9	در	-	-	-	Pr
10	شهر	-	-	-	N1
11	هانگ‌ژو	-	-	-	undefined
12	در	-	-	-	Pr
13	استان	-	-	-	N1
14	ژجیانگ	-	-	-	undefined
15	در	-	-	-	Pr
16	چین	-	-	-	V1

0	سلفی‌می‌گیرد	-	-	-	undefined
1	.	-	-	-	endDelim
2	این	-	-	-	A1
3	کتابخانه	-	-	-	N1
4	با	-	-	-	Pr
5	هدف	-	-	-	N1
6	ارائه	-	-	-	N1
7	منابع‌آنلاین	-	-	-	undefined
8	در	-	-	-	Pr
9	کنار	-	-	-	N1
10	کتابخانه	-	-	-	N1
11	و	-	-	-	conjunction
12	منابع	-	-	-	mokassar
13	سنتی	-	-	-	A0
14	ایجاد	-	-	-	N1
15	شده است	-	-	-	V3
16	.	-	-	-	endDelim

0	کوچک	-	-	-	A0
1	پا	-	-	-	V1
2	،	-	-	-	endDelim

0	داستان	-	-	-	N1
1	یک	-	-	-	Nu
2	«	-	-	-	startDelim
3	یتی	-	-	-	undefined
4	»	-	-	-	endDelim
5	(	-	-	-	startDelim
6	مرد‌برفی	-	-	-	undefined
7	)	-	-	-	endDelim
8	دانشمند	-	-	-	N1
9	است	-	-	-	V3

0	که	-	-	-	C0
1	متقاعد	-	-	-	A0
2	شده	-	-	-	V3

0	موجودات	-	-	-	A0
1	نادری	-	-	-	N4
2	که	-	-	-	C0
3	بانام	-	-	-	A0
4	«	-	-	-	startDelim
5	کوچک‌پا	-	-	-	undefined
6	»‌ها	-	-	-	endDelim
7	(	-	-	-	startDelim
8	انسان‌ها	-	-	-	N1
9	»	-	-	-	endDelim
10	،	-	-	-	endDelim
11	واقعاً	-	-	-	Ad
12	وجود	-	-	-	N1
13	دارند	-	-	-	V1
14	!	-	-	-	endDelim

0	اکران‌جهانی	-	-	-	undefined
1	این	-	-	-	A1
2	انیمیشن	-	-	-	N1
3	جذاب	-	-	-	A0
4	،	-	-	-	endDelim
5	از	-	-	-	Pr
6	ششم‌مهر	-	-	-	undefined
7	آغازشده	-	-	-	A0
8	و	-	-	-	conjunction
9	احتمالاً	-	-	-	Ad
10	تا	-	-	-	Pr
11	مدتی	-	-	-	N1
12	دیگر	-	-	-	Ad
13	نسخه‌ی	-	-	-	N1
14	دوبله‌ی	-	-	-	N1
15	آن	-	-	-	A1
16	به	-	-	-	Pr
17	سینماها	-	-	-	N1
18	و	-	-	-	conjunction
19	شبکه‌ی‌نمایش	-	-	-	undefined
20	خانگی	-	-	-	A0
21	ما	-	-	-	N5
22	هم	-	-	-	Ad
23	می‌رسد	-	-	-	V1
24	.	-	-	-	endDelim

0	به	-	-	-	Pr
1	همین	-	-	-	A1
2	مناسبت	-	-	-	N1
3	ترجمه‌ی	-	-	-	N1
4	گفت‌وگویی	-	-	-	N1
5	را	-	-	-	Po
6	با	-	-	-	Pr
7	این	-	-	-	A1
8	کارگردان	-	-	-	N1
9	برای	-	-	-	Pr
10	شما	-	-	-	N5
11	انتخاب	-	-	-	N1
12	کرده‌ایم	-	-	-	V2

0	تا	-	-	-	Pr
1	بیش‌تر	-	-	-	A0
2	باحال	-	-	-	A0
3	و	-	-	-	conjunction
4	هوای	-	-	-	N1
5	این	-	-	-	A1
6	داستان	-	-	-	N1
7	متفاوت	-	-	-	A0
8	و	-	-	-	conjunction
9	عجیب	-	-	-	A0
10	از	-	-	-	Pr
11	زندگی	-	-	-	N1
12	یتی‌ها	-	-	-	undefined
13	آشناشویم	-	-	-	undefined
14	.	-	-	-	endDelim
15	زمانی‌که	-	-	-	C1
16	بحث	-	-	-	N1
17	هم‌کاری	-	-	-	N1
18	با	-	-	-	Pr
19	پروژه‌ی	-	-	-	N1
20	کوچک‌پا	-	-	-	undefined
21	را	-	-	-	Po
22	به	-	-	-	Pr
23	من	-	-	-	N5
24	پیشنهاد	-	-	-	N1
25	دادند	-	-	-	V2
26	،	-	-	-	endDelim

0	با	-	-	-	Pr
1	«	-	-	-	startDelim
2	برگزیت	-	-	-	undefined
3	»	-	-	-	endDelim
4	(	-	-	-	startDelim
5	خروج	-	-	-	N1
6	انگلیس	-	-	-	N2
7	از	-	-	-	Pr
8	اتحادیه‌ی‌اروپا	-	-	-	undefined
9	)	-	-	-	endDelim
10	هم‌زمان	-	-	-	N1
11	بود	-	-	-	V2
12	.	-	-	-	endDelim

0	انتخابات	-	-	-	N1
1	برگزار	-	-	-	A0
2	شد	-	-	-	V3
3	.	-	-	-	endDelim

0	در	-	-	-	Pr
1	جهان	-	-	-	N1
2	موج	-	-	-	N1
3	مهاجرت	-	-	-	N1
4	آغاز	-	-	-	V1

0	شده بود	-	-	-	V3
1	.	-	-	-	endDelim

0	گروهی	-	-	-	A0
1	از	-	-	-	Pr
2	مردم	-	-	-	N1
3	روزبه‌روز	-	-	-	Ad
4	به	-	-	-	Pr
5	سمت	-	-	-	N1
6	قوم‌گرایی	-	-	-	N1
7	و	-	-	-	conjunction
8	انزواطلبی	-	-	-	N1
9	گرایش	-	-	-	N1
10	پیدا	-	-	-	A0
11	می‌کردند	-	-	-	V2

0	و	-	-	-	conjunction
1	مذاکرات	-	-	-	N1
2	زیادی	-	-	-	A0
3	برای	-	-	-	Pr
4	تقویت	-	-	-	N1
5	مرزبندی	-	-	-	N1
6	بین	-	-	-	V1

0	کشورها	-	-	-	N1
1	،	-	-	-	endDelim
2	مثل	-	-	-	N1
3	دیوارکشی	-	-	-	N1
4	بین	-	-	-	V1

0	مکزیک	-	-	-	N2
1	و	-	-	-	conjunction
2	آمریکا	-	-	-	N2
3	در	-	-	-	Pr
4	جریان	-	-	-	N1
5	بود	-	-	-	V2
6	.	-	-	-	endDelim

0	نه	-	-	-	Nu
1	،	-	-	-	endDelim
2	انیمیشن‌ها	-	-	-	N1
3	عموماً	-	-	-	Ad
4	درطول	-	-	-	Pr1
5	پروسه‌ی	-	-	-	N1
6	تولید	-	-	-	N1
7	،	-	-	-	endDelim
8	دست‌خوش	-	-	-	N1
9	تغییرات	-	-	-	N1
10	زیادی	-	-	-	A0
11	می‌شوند	-	-	-	V1
12	.	-	-	-	endDelim

0	درباره‌ی	-	-	-	N1
1	این	-	-	-	A1
2	فیلم	-	-	-	N1
3	هم	-	-	-	Ad
4	،	-	-	-	endDelim
5	آمدن	-	-	-	V2

0	من	-	-	-	N5
1	هم‌زمان	-	-	-	N1
2	شد	-	-	-	V3

0	با	-	-	-	Pr
1	تغییر	-	-	-	N1
2	مدیریت	-	-	-	N1
3	در	-	-	-	Pr
4	بخش	-	-	-	N1
5	انیمیشن	-	-	-	N1
6	استودیوی	-	-	-	N1
7	«	-	-	-	startDelim
8	برادران	-	-	-	N1
9	وارنر	-	-	-	undefined
10	»	-	-	-	endDelim
11	.	-	-	-	endDelim
12	آن‌ها	-	-	-	N5
13	کار	-	-	-	N1
14	موزیکالی	-	-	-	A0
15	را	-	-	-	Po
16	از	-	-	-	Pr
17	من	-	-	-	N5
18	در	-	-	-	Pr
19	«	-	-	-	startDelim
20	برادوی	-	-	-	undefined
21	»	-	-	-	endDelim
22	دیده بودند	-	-	-	V2

0	و	-	-	-	conjunction
1	خواستند	-	-	-	V2

0	که	-	-	-	C0
1	کوچک‌پا	-	-	-	undefined
2	هم	-	-	-	Ad
3	موزیکال	-	-	-	A0
4	شود	-	-	-	V1
5	.	-	-	-	endDelim

0	شاید	-	-	-	V2

0	سخت	-	-	-	V1

0	باشد	-	-	-	V1

0	که	-	-	-	C0
1	بپذیریم	-	-	-	V1

0	استودیوی	-	-	-	N1
1	وارنر	-	-	-	undefined
2	هم	-	-	-	Ad
3	می‌تواند	-	-	-	V4

0	به‌خوبی	-	-	-	Ad
1	استودیوهای	-	-	-	N1
2	«	-	-	-	startDelim
3	دیزنی	-	-	-	undefined
4	»	-	-	-	endDelim
5	،	-	-	-	endDelim
6	«	-	-	-	startDelim
7	پیکسار	-	-	-	N1
8	»	-	-	-	endDelim
9	یا	-	-	-	C0
10	«	-	-	-	startDelim
11	دریم‌ورکز	-	-	-	undefined
12	»	-	-	-	endDelim
13	،	-	-	-	endDelim
14	موزیکالی	-	-	-	A0
15	موفق	-	-	-	A0
16	بسازد	-	-	-	V1
17	.	-	-	-	endDelim

0	اما	-	-	-	C0
1	باتمام	-	-	-	Pr1
2	احترامی	-	-	-	N1
3	که	-	-	-	C0
4	برای	-	-	-	Pr
5	کمپانی‌های	-	-	-	N1
6	دیگر	-	-	-	Ad
7	قائلم	-	-	-	N1
8	باید	-	-	-	V4

0	بگویم	-	-	-	V1
1	،	-	-	-	endDelim

0	بخش	-	-	-	N1
1	بزرگی	-	-	-	N1
2	از	-	-	-	Pr
3	دنیای	-	-	-	N1
4	کودکی	-	-	-	N1
5	و	-	-	-	conjunction
6	نوجوانی	-	-	-	N1
7	ما	-	-	-	N5
8	با	-	-	-	Pr
9	«	-	-	-	startDelim
10	باگز‌بانی	-	-	-	undefined
11	»	-	-	-	endDelim
12	،	-	-	-	endDelim
13	«	-	-	-	startDelim
14	دافی‌داک	-	-	-	undefined
15	»	-	-	-	endDelim
16	و	-	-	-	conjunction
17	«	-	-	-	startDelim
18	چاک‌جونز	-	-	-	undefined
19	»	-	-	-	endDelim
20	سپری‌شده	-	-	-	A0
21	و	-	-	-	conjunction
22	استودیوی	-	-	-	N1
23	وارنر	-	-	-	undefined
24	خیلی	-	-	-	A0
25	پیش‌تر	-	-	-	A0
26	از	-	-	-	Pr
27	این	-	-	-	A1
28	،	-	-	-	endDelim
29	قدرتش	-	-	-	N1
30	را	-	-	-	Po
31	در	-	-	-	Pr
32	تولید	-	-	-	N1
33	انیمیشن‌های	-	-	-	N1
34	به‌یادماندنی	-	-	-	A0
35	نشان	-	-	-	V1

0	داده است	-	-	-	V2
1	.	-	-	-	endDelim

0	این	-	-	-	A1
1	را	-	-	-	Po
2	به‌خلاقیت	-	-	-	N1
3	تدوین	-	-	-	N1
4	گرمان	-	-	-	V1
5	،	-	-	-	endDelim

0	یعنی	-	-	-	C0
1	«	-	-	-	startDelim
2	پیتر	-	-	-	undefined
3	اتینگر	-	-	-	N1
4	»	-	-	-	endDelim
5	مدیونیم	-	-	-	N1
6	.	-	-	-	endDelim
7	او	-	-	-	N5
8	کلمه‌هایی	-	-	-	N1
9	را	-	-	-	Po
10	تصادفی	-	-	-	A0
11	اتنخاب	-	-	-	undefined
12	می‌کرد	-	-	-	V2

0	و	-	-	-	conjunction
1	گام‌های	-	-	-	N1
2	آن	-	-	-	A1
3	را	-	-	-	Po
4	تغییر	-	-	-	N1
5	می‌داد	-	-	-	V2
6	.	-	-	-	endDelim

0	او	-	-	-	N5
1	به	-	-	-	Pr
2	فرمولی	-	-	-	N1
3	رسید	-	-	-	V2

0	و	-	-	-	conjunction
1	آن	-	-	-	A1
2	را	-	-	-	Po
3	در	-	-	-	Pr
4	تمام‌انیمیشن	-	-	-	undefined
5	،	-	-	-	endDelim
6	به‌کار	-	-	-	N1
7	برد	-	-	-	V2
8	.	-	-	-	endDelim

0	وقتی	-	-	-	Ad
1	برای	-	-	-	Pr
2	اولین‌بار	-	-	-	A0
3	آن‌ها	-	-	-	N5
4	را	-	-	-	Po
5	شنیدیم	-	-	-	V2

0	همه	-	-	-	N1
1	به	-	-	-	Pr
2	خنده	-	-	-	N1
3	افتادیم	-	-	-	V2
4	.	-	-	-	endDelim

0	به	-	-	-	Pr
1	نظرم	-	-	-	N1
2	بامزه‌ترین	-	-	-	A0
3	دیالوگ	-	-	-	N1
4	آن‌جاست	-	-	-	Ad
5	که	-	-	-	C0
6	شخصیت	-	-	-	N1
7	«	-	-	-	startDelim
8	پرسی	-	-	-	Ad
9	»	-	-	-	endDelim
10	می‌گوید	-	-	-	V1
11	:	-	-	-	endDelim

0	«	-	-	-	startDelim
1	بگیر	-	-	-	A0
2	-	-	-	-	betwDelim
3	تو	-	-	-	N5
4	-	-	-	-	betwDelim
5	دا	-	-	-	undefined
6	-	-	-	-	betwDelim
7	بی	-	-	-	prefix
8	-	-	-	-	betwDelim
9	لا	-	-	-	A0
10	-	-	-	-	betwDelim
11	بو	-	-	-	V1
12	!	-	-	-	endDelim

0	»	-	-	-	endDelim
1	با	-	-	-	Pr
2	شما	-	-	-	N5
3	موافقم	-	-	-	A0
4	و	-	-	-	conjunction
5	به	-	-	-	Pr
6	این	-	-	-	A1
7	فهرست	-	-	-	N1
8	دو	-	-	-	Nu
9	انیمیشن	-	-	-	N1
10	دوست‌داشتنی	-	-	-	A0
11	«	-	-	-	startDelim
12	لک	-	-	-	N1
13	لک‌ها	-	-	-	N1
14	»	-	-	-	endDelim
15	و	-	-	-	conjunction
16	«	-	-	-	startDelim
17	لگو	-	-	-	N1
18	»	-	-	-	endDelim
19	را	-	-	-	Po
20	هم	-	-	-	Ad
21	اضافه‌می‌کنم	-	-	-	undefined
22	.	-	-	-	endDelim
23	اما	-	-	-	C0
24	برگردیم	-	-	-	V1

0	به	-	-	-	Pr
1	کوچک	-	-	-	A0
2	پا	-	-	-	V1
3	.	-	-	-	endDelim

0	به	-	-	-	Pr
1	نظرم	-	-	-	N1
2	لایه‌های	-	-	-	N1
3	بسیاری	-	-	-	A2
4	در	-	-	-	Pr
5	این	-	-	-	A1
6	انیمیشن	-	-	-	N1
7	وجود	-	-	-	N1
8	دارد	-	-	-	V1
9	؛	-	-	-	endDelim

0	طنز	-	-	-	N1
1	،	-	-	-	endDelim
2	موسیقی	-	-	-	N1
3	،	-	-	-	endDelim
4	داستان	-	-	-	N1
5	،	-	-	-	endDelim
6	پیام‌هایی	-	-	-	N1
7	پیرامون	-	-	-	N1
8	آفرینش	-	-	-	N1
9	،	-	-	-	endDelim
10	کشف	-	-	-	N1
11	جهان	-	-	-	N1
12	و	-	-	-	conjunction
13	…	-	-	-	abbrv
14	رئیس‌جمهور	-	-	-	N1
15	بعدی‌گرجستان	-	-	-	undefined
16	در	-	-	-	Pr
17	سال	-	-	-	N1
18	۲۰۲۴	-	-	-	number
19	میلادی	-	-	-	A0
20	توسط	-	-	-	N1
21	یک	-	-	-	Nu
22	کالج	-	-	-	N1
23	انتخاباتی	-	-	-	A0
24	که	-	-	-	C0
25	متشکل	-	-	-	A0
26	از	-	-	-	Pr
27	۳۰۰	-	-	-	number
28	عضو	-	-	-	N1
29	است	-	-	-	V3
30	،	-	-	-	endDelim

0	انتخاب	-	-	-	N1
1	خواهد شد	-	-	-	V3
2	.	-	-	-	endDelim

0	این	-	-	-	A1
1	تغییر	-	-	-	N1
2	قانون	-	-	-	N1
3	اساسی	-	-	-	A0
4	در	-	-	-	Pr
5	سپتامبر	-	-	-	N1
6	سال	-	-	-	N1
7	۲۰۱۷	-	-	-	number
8	میلادی	-	-	-	A0
9	اتخاذ	-	-	-	N1
10	شد	-	-	-	V3
11	؛	-	-	-	endDelim

0	اقدامی	-	-	-	A0
1	که	-	-	-	C0
2	ازسوی	-	-	-	Pr1
3	احزاب	-	-	-	N1
4	اپوزیسیون	-	-	-	N1
5	موردانتقاد	-	-	-	undefined
6	قرار‌گرفته	-	-	-	A0
7	و	-	-	-	conjunction
8	آن	-	-	-	A1
9	را	-	-	-	Po
10	به	-	-	-	Pr
11	عنوان	-	-	-	N1
12	اقدامی	-	-	-	A0
13	به	-	-	-	Pr
14	نفع	-	-	-	N1
15	حزب	-	-	-	N1
16	حاکم	-	-	-	N1
17	محکوم‌کردند	-	-	-	undefined
18	.	-	-	-	endDelim
19	گیورگی	-	-	-	undefined
20	مارگولاشویلی	-	-	-	undefined
21	،	-	-	-	endDelim
22	رئیس‌جمهور	-	-	-	N1
23	در	-	-	-	Pr
24	حال	-	-	-	N1
25	کناره‌گیری	-	-	-	N1
26	گرجستان	-	-	-	N2
27	از	-	-	-	Pr
28	نامزدی	-	-	-	N1
29	در	-	-	-	Pr
30	انتخابات	-	-	-	N1
31	برای	-	-	-	Pr
32	دومین	-	-	-	A0
33	دوره	-	-	-	N1
34	متوالی	-	-	-	A0
35	امتناع	-	-	-	N1
36	و	-	-	-	conjunction
37	تاکید‌کرد	-	-	-	undefined
38	تمایل	-	-	-	N1
39	ندارد	-	-	-	V1

0	نقشی	-	-	-	A0
1	را	-	-	-	Po
2	که	-	-	-	C0
3	کم	-	-	-	A0
4	رنگ‌وتشریفاتی	-	-	-	undefined
5	شده	-	-	-	V3
6	،	-	-	-	endDelim

0	برعهده	-	-	-	N1
1	گیرد	-	-	-	V1
2	.	-	-	-	endDelim

0	کنگره	-	-	-	N1
1	جهانی	-	-	-	A0
2	است	-	-	-	V3

0	که	-	-	-	C0
1	در	-	-	-	Pr
2	دنیا	-	-	-	N1
3	نظیر	-	-	-	N1
4	ندارد	-	-	-	V1
5	،	-	-	-	endDelim

0	اظهار	-	-	-	N1
1	داشت	-	-	-	V2
2	:	-	-	-	endDelim

0	دشمنان	-	-	-	A0
1	اسلام	-	-	-	N1
2	از	-	-	-	Pr
3	برپایی	-	-	-	N1
4	این	-	-	-	A1
5	عظمت	-	-	-	N1
6	عصبانی	-	-	-	A0
7	هستند	-	-	-	V3
8	.	-	-	-	endDelim

0	همانطور	-	-	-	undefined
1	که	-	-	-	C0
2	امام‌خمینی	-	-	-	N3
3	(ره)	-	-	-	startDelim
4	فرمودند	-	-	-	V2

0	«	-	-	-	startDelim
1	راه	-	-	-	N1
2	قدس	-	-	-	N2
3	از	-	-	-	Pr
4	کربلا	-	-	-	N2
5	می‌گذرد	-	-	-	V1
6	»	-	-	-	endDelim

0	،	-	-	-	endDelim
1	این	-	-	-	A1
2	حضور	-	-	-	N1
3	میلیونی	-	-	-	A0
4	زائران	-	-	-	N1
5	اربعین	-	-	-	N1
6	زمینه‌ساز	-	-	-	N1
7	همین	-	-	-	A1
8	فرمایش	-	-	-	N1
9	ایشان	-	-	-	N5
10	است	-	-	-	V3
11	.	-	-	-	endDelim

0	وی	-	-	-	N5
1	با	-	-	-	Pr
2	اشاره	-	-	-	N1
3	به	-	-	-	Pr
4	اینکه	-	-	-	Ad
5	حماسه	-	-	-	N1
6	پیاده‌روی	-	-	-	N1
7	اربعین	-	-	-	N1
8	انقدر	-	-	-	undefined
9	عظیم	-	-	-	A0
10	است	-	-	-	V3

0	که	-	-	-	C0
1	هیچ	-	-	-	A1
2	گروه	-	-	-	N1
3	و	-	-	-	conjunction
4	دولتی	-	-	-	A0
5	نمی‌تواند	-	-	-	V4

0	مدعی	-	-	-	N1
1	باشد	-	-	-	V1

0	که	-	-	-	C0
1	به	-	-	-	Pr
2	تنهایی	-	-	-	Ad
3	این	-	-	-	A1
4	حضور	-	-	-	N1
5	میلیونی	-	-	-	A0
6	را	-	-	-	Po
7	اداره	-	-	-	N1
8	می‌کند	-	-	-	V1
9	،	-	-	-	endDelim

0	افزود	-	-	-	V2
1	:	-	-	-	endDelim

0	این	-	-	-	A1
1	حماسه	-	-	-	N1
2	عظیم	-	-	-	A0
3	یک	-	-	-	Nu
4	حرکت	-	-	-	N1
5	مردمی	-	-	-	A0
6	است	-	-	-	V3

0	که	-	-	-	C0
1	خود	-	-	-	N8
2	مردم	-	-	-	N1
3	آن	-	-	-	A1
4	را	-	-	-	Po
5	اداره	-	-	-	N1
6	می‌کنند	-	-	-	V1
7	.	-	-	-	endDelim

0	حجت‌الاسلام	-	-	-	Exp
1	نجفی	-	-	-	A0
2	با	-	-	-	Pr
3	بیان	-	-	-	N1
4	اینکه	-	-	-	Ad
5	در	-	-	-	Pr
6	بازدید	-	-	-	N1
7	از	-	-	-	Pr
8	موکب‌ها	-	-	-	N1
9	دیدیم	-	-	-	V2

0	که	-	-	-	C0
1	خادمان	-	-	-	undefined
2	و	-	-	-	conjunction
3	زائران	-	-	-	N1
4	با	-	-	-	Pr
5	تمام‌مشکلات	-	-	-	undefined
6	از	-	-	-	Pr
7	اقتصادی	-	-	-	A0
8	یا	-	-	-	C0
9	حتی	-	-	-	Ad
10	آب‌وهوایی	-	-	-	A0
11	بااخلاص	-	-	-	A0
12	به	-	-	-	Pr
13	خدمت‌رسانی	-	-	-	N1
14	مشغول	-	-	-	A0
15	هستند	-	-	-	V3
16	،	-	-	-	endDelim

0	گفت	-	-	-	V2
1	:	-	-	-	endDelim

0	یقین	-	-	-	N1
1	دارم	-	-	-	V1

0	که	-	-	-	C0
1	پیاده‌روی	-	-	-	N1
2	اربعین	-	-	-	N1
3	امسال	-	-	-	Ad
4	از	-	-	-	Pr
5	سال‌های	-	-	-	N1
6	گذشته	-	-	-	A0
7	باشکوه‌‌تر	-	-	-	A0
8	خواهد بود	-	-	-	V3

0	و	-	-	-	conjunction
1	هیچ‌کسی	-	-	-	N1
2	اجازه	-	-	-	N1
3	نمی‌دهد	-	-	-	V1

0	که	-	-	-	C0
1	این	-	-	-	A1
2	حرکت	-	-	-	N1
3	عظیم	-	-	-	A0
4	کم‌رنگ	-	-	-	A0
5	شود	-	-	-	V1
6	.	-	-	-	endDelim

0	نماینده	-	-	-	N1
1	مقام	-	-	-	N1
2	معظم	-	-	-	A0
3	رهبری	-	-	-	N1
4	در	-	-	-	Pr
5	کربلا	-	-	-	N2
6	خاطرنشان	-	-	-	A0
7	کرد	-	-	-	V2
8	:	-	-	-	endDelim

0	خدمت	-	-	-	N1
1	به	-	-	-	Pr
2	زائران	-	-	-	N1
3	اربعین	-	-	-	N1
4	هدیه	-	-	-	N1
5	الهی	-	-	-	A0
6	است	-	-	-	V3

0	که	-	-	-	C0
1	نصیب	-	-	-	N1
2	محبان	-	-	-	N1
3	اهل‌بیت	-	-	-	N1
4	(ع)	-	-	-	startDelim
5	شده است	-	-	-	V3
6	.	-	-	-	endDelim

0	خدا	-	-	-	N1
1	را	-	-	-	Po
2	شکر	-	-	-	N1
3	که	-	-	-	C0
4	پرچم	-	-	-	N1
5	امام	-	-	-	N1
6	حسین	-	-	-	N3
7	(ع)	-	-	-	startDelim
8	برسر	-	-	-	Pr1
9	همه	-	-	-	N1
10	ما	-	-	-	N5
11	گسترده شده است	-	-	-	V2
12	.	-	-	-	endDelim

0	وی	-	-	-	N5
1	ضمن	-	-	-	N1
2	مثبت	-	-	-	A0
3	ارزیابی	-	-	-	N1
4	کردن	-	-	-	V2

0	خدمات	-	-	-	N1
1	ارائه‌شده	-	-	-	A0
2	در	-	-	-	Pr
3	موکب‌‌های	-	-	-	N1
4	اربعین	-	-	-	N1
5	گفت	-	-	-	V2
6	:	-	-	-	endDelim

0	از	-	-	-	Pr
1	همه	-	-	-	N1
2	موکب	-	-	-	N1
3	داران	-	-	-	N1
4	تشکر	-	-	-	N1
5	وسلام	-	-	-	undefined
6	مقام	-	-	-	N1
7	معظم	-	-	-	A0
8	رهبری	-	-	-	N1
9	را	-	-	-	Po
10	به	-	-	-	Pr
11	آن‌ها	-	-	-	N5
12	ابلاغ	-	-	-	N1
13	می‌کنم	-	-	-	V1
14	.	-	-	-	endDelim

0	به	-	-	-	Pr
1	گزارش	-	-	-	N1
2	مهر	-	-	-	N1
3	،	-	-	-	endDelim
4	محمدرضا	-	-	-	N3
5	حسین‌زاده	-	-	-	N4
6	اظهار	-	-	-	N1
7	داشت	-	-	-	V2
8	:	-	-	-	endDelim

0	درخواست	-	-	-	N1
1	کردیم	-	-	-	V2

0	اگر	-	-	-	C0
1	اجازه	-	-	-	N1
2	افزایش	-	-	-	N1
3	تعداد	-	-	-	N1
4	باجه‌‌ها	-	-	-	N1
5	و	-	-	-	conjunction
6	همچنین	-	-	-	Ad
7	افزایش	-	-	-	N1
8	ساعات‌کار	-	-	-	undefined
9	و	-	-	-	conjunction
10	شبانه‌روزی	-	-	-	A0
11	کردن	-	-	-	V2

0	آن‌ها	-	-	-	N5
1	را	-	-	-	Po
2	نمی‌دهند	-	-	-	V1
3	،	-	-	-	endDelim

0	لااقل	-	-	-	Ad
1	اجازه	-	-	-	N1
2	بدهند	-	-	-	V1

0	دینار	-	-	-	N1
1	های‌موجود	-	-	-	undefined
2	را	-	-	-	Po
3	به	-	-	-	Pr
4	داخل	-	-	-	Ad
5	مرز	-	-	-	N1
6	ایران	-	-	-	N2
7	منتقل	-	-	-	A0
8	کنیم	-	-	-	V1

0	تا	-	-	-	Pr
1	در	-	-	-	Pr
2	کشورمان	-	-	-	N1
3	و	-	-	-	conjunction
4	در	-	-	-	Pr
5	لب	-	-	-	N1
6	مرز	-	-	-	N1
7	به	-	-	-	Pr
8	زائران	-	-	-	N1
9	پرداخت‌شود	-	-	-	undefined
10	که	-	-	-	C0
11	متأسفانه	-	-	-	Ad
12	طرف	-	-	-	N1
13	عراقی	-	-	-	A0
14	با	-	-	-	Pr
15	این	-	-	-	A1
16	پیشنهاد	-	-	-	N1
17	هم	-	-	-	Ad
18	موافقت	-	-	-	N1
19	نکرده است	-	-	-	V2
20	.	-	-	-	endDelim
