
0	مقام	-	-	-	N1
1	معظم	-	-	-	A0
2	رهبری	-	-	-	N1
3	در	-	-	-	Pr
4	دیدار	-	-	-	N1
5	رئیس	-	-	-	N1
6	و	-	-	-	conjunction
7	مسئولان	-	-	-	N1
8	سازمان	-	-	-	N1
9	پدافند	-	-	-	N1
10	غیرعامل	-	-	-	N1
11	اظهار	-	-	-	N1
12	داشتند	-	-	-	V2
13	:	-	-	-	endDelim

0	پدافند	-	-	-	N1
1	غیرعامل	-	-	-	N1
2	درمقابل	-	-	-	Pr1
3	تهاجم	-	-	-	N1
4	دشمنان	-	-	-	A0
5	علمی	-	-	-	A0
6	،	-	-	-	endDelim
7	جدی	-	-	-	A0
8	و	-	-	-	conjunction
9	همه‌جانبه	-	-	-	A0
10	باشد	-	-	-	V1
11	.	-	-	-	endDelim

0	به	-	-	-	Pr
1	گزارش	-	-	-	N1
2	پایگاه	-	-	-	N1
3	اطلاع‌رسانی	-	-	-	N1
4	دفتر	-	-	-	N1
5	حفظ	-	-	-	N1
6	و	-	-	-	conjunction
7	نشر	-	-	-	N1
8	آثار	-	-	-	mokassar
9	رهبر	-	-	-	N1
10	معظم	-	-	-	A0
11	انقلاب	-	-	-	N1
12	،	-	-	-	endDelim
13	حضرت	-	-	-	N1
14	آیت‌الله	-	-	-	Exp
15	خامنه‌ای	-	-	-	N4
16	رهبر	-	-	-	N1
17	معظم	-	-	-	A0
18	انقلاب	-	-	-	N1
19	اسلامی	-	-	-	A0
20	ظهر	-	-	-	N1
21	امروز	-	-	-	N1
22	(	-	-	-	startDelim
23	یکشنبه	-	-	-	N1
24	۶	-	-	-	number
25	آبان	-	-	-	N1
26	)	-	-	-	endDelim
27	در	-	-	-	Pr
28	این	-	-	-	A1
29	دیدار	-	-	-	N1
30	با	-	-	-	Pr
31	اشاره	-	-	-	N1
32	به	-	-	-	Pr
33	اهمیت	-	-	-	N1
34	روزافزون	-	-	-	A0
35	پدافند	-	-	-	N1
36	غیرعامل	-	-	-	N1
37	در	-	-	-	Pr
38	مقابله	-	-	-	N1
39	با	-	-	-	Pr
40	تهدیدهای	-	-	-	N1
41	نو	-	-	-	V1

0	شونده	-	-	-	A0
1	دشمنان	-	-	-	A0
2	،	-	-	-	endDelim
3	تأکید	-	-	-	N1
4	کردند	-	-	-	V2
5	:	-	-	-	endDelim

0	درمقابل	-	-	-	Pr1
1	شیوه‌های	-	-	-	N1
2	پیچیده	-	-	-	A0
3	تهاجم	-	-	-	N1
4	دشمنان	-	-	-	A0
5	،	-	-	-	endDelim
6	پدافند	-	-	-	N1
7	غیرعامل	-	-	-	N1
8	نیز	-	-	-	Ad
9	باید	-	-	-	V4

0	کاملاً	-	-	-	Ad
1	هوشیار	-	-	-	A0
2	و	-	-	-	conjunction
3	جدی	-	-	-	A0
4	باشد	-	-	-	V1

0	و	-	-	-	conjunction
1	به	-	-	-	Pr
2	صورت	-	-	-	N1
3	علمی	-	-	-	A0
4	،	-	-	-	endDelim
5	دقیق	-	-	-	A0
6	،	-	-	-	endDelim
7	به‌روز	-	-	-	N3
8	و	-	-	-	conjunction
9	همه‌جانبه	-	-	-	A0
10	عمل	-	-	-	N1
11	و	-	-	-	conjunction
12	با	-	-	-	Pr
13	هرگونه	-	-	-	A2
14	نفوذ	-	-	-	N1
15	مقابله	-	-	-	N1
16	کند	-	-	-	A0
17	.	-	-	-	endDelim
18	حضرت	-	-	-	N1
19	آیت‌الله	-	-	-	Exp
20	خامنه‌ای	-	-	-	N4
21	توجه	-	-	-	N1
22	مسئولان	-	-	-	N1
23	در	-	-	-	Pr
24	همه	-	-	-	N1
25	بخش‌ها	-	-	-	N1
26	به	-	-	-	Pr
27	اهمیت	-	-	-	N1
28	پدافند	-	-	-	N1
29	غیرعامل	-	-	-	N1
30	را	-	-	-	Po
31	لازم	-	-	-	A0
32	دانستند	-	-	-	V2

0	و	-	-	-	conjunction
1	افزودند	-	-	-	V2
2	:	-	-	-	endDelim

0	اگر	-	-	-	C0
1	مدیران	-	-	-	N1
2	کشور	-	-	-	N1
3	اهمیت	-	-	-	N1
4	این	-	-	-	A1
5	مسئله	-	-	-	N1
6	را	-	-	-	Po
7	درک	-	-	-	N1
8	نکنند	-	-	-	V1

0	و	-	-	-	conjunction
1	پدافند	-	-	-	N1
2	غیرعامل	-	-	-	N1
3	به	-	-	-	Pr
4	طور	-	-	-	N1
5	شایسته	-	-	-	A0
6	توسعه	-	-	-	N1
7	پیدا	-	-	-	A0
8	نکند	-	-	-	V1
9	،	-	-	-	endDelim

0	کشور	-	-	-	N1
1	در	-	-	-	Pr
2	معرض	-	-	-	N1
3	تهدیدهای	-	-	-	N1
4	بعضاً	-	-	-	Ad
5	غیرقابل‌جبران	-	-	-	A0
6	قرار	-	-	-	N1
7	خواهد گرفت	-	-	-	V2
8	،	-	-	-	endDelim

0	بنابراین	-	-	-	Ad
1	مسئولان	-	-	-	N1
2	بخش‌های	-	-	-	N1
3	مختلف	-	-	-	A0
4	کشور	-	-	-	N1
5	چه	-	-	-	NA
6	بخش‌های	-	-	-	N1
7	نظامی	-	-	-	A0
8	و	-	-	-	conjunction
9	چه	-	-	-	NA
10	بخش‌های	-	-	-	N1
11	غیرنظامی	-	-	-	N1
12	،	-	-	-	endDelim
13	باید	-	-	-	V4

0	با	-	-	-	Pr
1	پدافند	-	-	-	N1
2	غیرعامل	-	-	-	N1
3	همکاری	-	-	-	N1
4	کامل	-	-	-	A0
5	و	-	-	-	conjunction
6	لازم	-	-	-	A0
7	انجام	-	-	-	N1
8	دهند	-	-	-	V1
9	.	-	-	-	endDelim

0	ایران	-	-	-	N2
1	و	-	-	-	conjunction
2	اتحادیه	-	-	-	N1
3	اروپا	-	-	-	N2
4	برای	-	-	-	Pr
5	رونمایی	-	-	-	N1
6	از	-	-	-	Pr
7	یک	-	-	-	Nu
8	تونل	-	-	-	N1
9	مالی	-	-	-	A0
10	ویژه	-	-	-	A0
11	،	-	-	-	endDelim
12	با	-	-	-	Pr
13	هدف	-	-	-	N1
14	خنثی‌سازی	-	-	-	N1
15	اثر	-	-	-	N1
16	تحریم‌های	-	-	-	N1
17	آمریکا	-	-	-	N2
18	و	-	-	-	conjunction
19	هموار	-	-	-	A0
20	شدن	-	-	-	V3

0	راه	-	-	-	N1
1	تجارت	-	-	-	N1
2	بین	-	-	-	V1

0	کشورمان	-	-	-	N1
1	با	-	-	-	Pr
2	جهان	-	-	-	N1
3	آماده	-	-	-	A0
4	می‌شوند	-	-	-	V1
5	.	-	-	-	endDelim

0	ایجاد	-	-	-	N1
1	کانال	-	-	-	N1
2	ویژه	-	-	-	A0
3	مالی	-	-	-	A0
4	اروپا	-	-	-	N2
5	یکی	-	-	-	A2
6	از	-	-	-	Pr
7	گام‌های	-	-	-	N1
8	عملی	-	-	-	A0
9	برای	-	-	-	Pr
10	حفظ	-	-	-	N1
11	برجام	-	-	-	undefined
12	و	-	-	-	conjunction
13	بهره‌مندی	-	-	-	N1
14	ایران	-	-	-	N2
15	از	-	-	-	Pr
16	منافع	-	-	-	mokassar
17	اقتصادی	-	-	-	A0
18	آن	-	-	-	A1
19	ازجمله	-	-	-	Ad
20	ایمن	-	-	-	A0
21	ماندن	-	-	-	V2

0	مسیر	-	-	-	N1
1	فروش	-	-	-	V1

0	نفت	-	-	-	N1
1	و	-	-	-	conjunction
2	دیگر	-	-	-	Ad
3	کالاهای	-	-	-	N1
4	صادراتی	-	-	-	A0
5	به	-	-	-	Pr
6	اروپا	-	-	-	N2
7	و	-	-	-	conjunction
8	البته	-	-	-	Ad
9	سایر	-	-	-	N1
10	کشورها	-	-	-	N1
11	به‌شمار	-	-	-	N1
12	می‌رود	-	-	-	V1

0	و	-	-	-	conjunction
1	قرار	-	-	-	N1
2	است	-	-	-	V3

0	مبنای	-	-	-	N1
1	ردوبدل	-	-	-	N1
2	مالی	-	-	-	A0
3	در	-	-	-	Pr
4	این	-	-	-	A1
5	کانال	-	-	-	N1
6	ویژه	-	-	-	A0
7	براساس	-	-	-	Pr1
8	یورو	-	-	-	N1
9	و	-	-	-	conjunction
10	نه	-	-	-	Nu
11	دلار	-	-	-	N1
12	صورت	-	-	-	N1
13	گیرد	-	-	-	V1
14	.	-	-	-	endDelim

0	به‌گزارش	-	-	-	Pr1
1	همشهری	-	-	-	N1
2	،	-	-	-	endDelim
3	عبدالناصر	-	-	-	N3
4	همتی	-	-	-	N4
5	،	-	-	-	endDelim
6	رئیس‌کل	-	-	-	N1
7	بانک	-	-	-	N1
8	مرکزی	-	-	-	A0
9	ایران	-	-	-	N2
10	در	-	-	-	Pr
11	تازه‌ترین	-	-	-	A0
12	واکنش	-	-	-	N1
13	به	-	-	-	Pr
14	این	-	-	-	A1
15	موضوع	-	-	-	N1
16	گفته است	-	-	-	V2

0	جزئیات	-	-	-	N1
1	و	-	-	-	conjunction
2	نحوه	-	-	-	N1
3	استفاده	-	-	-	N1
4	از	-	-	-	Pr
5	کانال	-	-	-	N1
6	ویژه	-	-	-	A0
7	مالی	-	-	-	A0
8	اروپا	-	-	-	N2
9	هفته	-	-	-	N1
10	آینده	-	-	-	N1
11	در	-	-	-	Pr
12	جریان	-	-	-	N1
13	یک	-	-	-	Nu
14	نشست	-	-	-	V2

0	که	-	-	-	C0
1	در	-	-	-	Pr
2	شهر	-	-	-	N1
3	بروکسل	-	-	-	N2
4	بلژیک	-	-	-	N2
5	،	-	-	-	endDelim
6	مقر	-	-	-	N1
7	اتحادیه	-	-	-	N1
8	اروپا	-	-	-	N2
9	برگزار	-	-	-	A0
10	می‌شود	-	-	-	V1
11	،	-	-	-	endDelim

0	نهایی	-	-	-	A0
1	خواهد شد	-	-	-	V3
2	.	-	-	-	endDelim

0	او	-	-	-	N5
1	وعده	-	-	-	N1
2	داده	-	-	-	N1
3	جزئیات	-	-	-	N1
4	این	-	-	-	A1
5	کانال	-	-	-	N1
6	ضد‌تحریم	-	-	-	undefined
7	به‌زودی	-	-	-	Ad
8	اعلام	-	-	-	N1
9	خواهد شد	-	-	-	V3
10	.	-	-	-	endDelim

0	به	-	-	-	Pr
1	گفته	-	-	-	A0
2	این	-	-	-	A1
3	مقام	-	-	-	N1
4	ارشد	-	-	-	A0
5	بانک	-	-	-	N1
6	مرکزی	-	-	-	A0
7	،	-	-	-	endDelim
8	جزئیات	-	-	-	N1
9	این	-	-	-	A1
10	کانال	-	-	-	N1
11	هفته	-	-	-	N1
12	آینده	-	-	-	N1
13	بین	-	-	-	V1

0	ایران	-	-	-	N2
1	و	-	-	-	conjunction
2	اروپا	-	-	-	N2
3	موردبررسی	-	-	-	A0
4	نهایی	-	-	-	A0
5	قرار	-	-	-	N1
6	می‌گیرد	-	-	-	V1

0	و	-	-	-	conjunction
1	هدف	-	-	-	N1
2	نخست	-	-	-	A0
3	آن	-	-	-	A1
4	رفع	-	-	-	N1
5	مشکلات	-	-	-	N1
6	مربوط	-	-	-	A0
7	به	-	-	-	Pr
8	انجام	-	-	-	N1
9	پرداخت‌های	-	-	-	N1
10	مالی	-	-	-	A0
11	است	-	-	-	V3
12	.	-	-	-	endDelim

0	او	-	-	-	N5
1	در	-	-	-	Pr
2	صفحه	-	-	-	N1
3	اینستاگرام	-	-	-	undefined
4	خود	-	-	-	N8
5	نوشته است	-	-	-	V2
6	:	-	-	-	endDelim

0	کانال	-	-	-	N1
1	ویژه	-	-	-	A0
2	مالی	-	-	-	A0
3	اروپا	-	-	-	N2
4	،	-	-	-	endDelim
5	نقش	-	-	-	N1
6	نوعی	-	-	-	A0
7	پیمان	-	-	-	N3
8	پولی	-	-	-	A0
9	دوجانبه	-	-	-	A0
10	میان	-	-	-	N1
11	ایران	-	-	-	N2
12	و	-	-	-	conjunction
13	اتحادیه	-	-	-	N1
14	اروپا	-	-	-	N2
15	را	-	-	-	Po
16	ایفا	-	-	-	N1
17	خواهد کرد	-	-	-	V2

0	و	-	-	-	conjunction
1	هر	-	-	-	A1
2	دو	-	-	-	Nu
3	طرف	-	-	-	N1
4	بر	-	-	-	Pr
5	تسریع	-	-	-	N1
6	در	-	-	-	Pr
7	عملیاتی	-	-	-	A0
8	شدن	-	-	-	V3

0	این	-	-	-	A1
1	فرایند	-	-	-	N1
2	تأکید	-	-	-	N1
3	دارند	-	-	-	V1
4	.	-	-	-	endDelim

0	پیش‌تر	-	-	-	A0
1	در	-	-	-	Pr
2	هفته	-	-	-	N1
3	نخست	-	-	-	A0
4	مهرماه	-	-	-	N1
5	فدریکا	-	-	-	undefined
6	موگرینی	-	-	-	V1
7	،	-	-	-	endDelim

0	مسئول	-	-	-	N1
1	سیاست	-	-	-	N1
2	خارجی	-	-	-	N1
3	اتحادیه	-	-	-	N1
4	اروپا	-	-	-	N2
5	،	-	-	-	endDelim
6	قول	-	-	-	N1
7	داده بود	-	-	-	V2

0	که	-	-	-	C0
1	کانال	-	-	-	N1
2	ویژه	-	-	-	A0
3	مالی	-	-	-	A0
4	اروپا	-	-	-	N2
5	تا	-	-	-	Pr
6	قبل‌از	-	-	-	Pr1
7	۱۰	-	-	-	number
8	آبان	-	-	-	N1
9	یعنی	-	-	-	C0
10	چند	-	-	-	NA
11	روز	-	-	-	N1
12	مانده	-	-	-	A0
13	به	-	-	-	Pr
14	اعمال	-	-	-	N1
15	مرحله	-	-	-	N1
16	دوم	-	-	-	A0
17	تحریم‌های	-	-	-	N1
18	یک‌جانبه	-	-	-	A0
19	و	-	-	-	conjunction
20	فراسرزمینی	-	-	-	N1
21	آمریکا	-	-	-	N2
22	علیه	-	-	-	N1
23	ایران	-	-	-	N2
24	ایجاد	-	-	-	N1
25	شود	-	-	-	V1
26	.	-	-	-	endDelim

0	ایجاد	-	-	-	N1
1	کانال	-	-	-	N1
2	ویژه	-	-	-	A0
3	مالی	-	-	-	A0
4	برمبنای	-	-	-	Pr1
5	الگوی	-	-	-	N1
6	پیمان	-	-	-	N3
7	دوجانبه	-	-	-	A0
8	پولی	-	-	-	A0
9	به	-	-	-	Pr
10	این	-	-	-	A1
11	معناست	-	-	-	N1
12	که	-	-	-	C0
13	بین	-	-	-	V1

0	ایران	-	-	-	N2
1	به‌عنوان	-	-	-	N1
2	کشور	-	-	-	N1
3	صادرکننده	-	-	-	A0
4	نفت	-	-	-	N1
5	و	-	-	-	conjunction
6	سایر	-	-	-	N1
7	کالاها	-	-	-	N1
8	و	-	-	-	conjunction
9	کشور	-	-	-	N1
10	خریدار	-	-	-	A0
11	،	-	-	-	endDelim
12	پول	-	-	-	N1
13	ملی	-	-	-	A0
14	۲	-	-	-	number
15	کشور	-	-	-	N1
16	مبنای	-	-	-	N1
17	عمل	-	-	-	N1
18	تسویه‌حساب	-	-	-	N1
19	قرار	-	-	-	N1
20	می‌گیرد	-	-	-	V1

0	اما	-	-	-	C0
1	پیش‌از	-	-	-	Pr1
2	این	-	-	-	A1
3	اعلام	-	-	-	N1
4	شده بود	-	-	-	V3

0	که	-	-	-	C0
1	سازوکار	-	-	-	N1
2	مالی	-	-	-	A0
3	پیشنهادشده	-	-	-	A0
4	ازسوی	-	-	-	Pr1
5	اروپا	-	-	-	N2
6	برمبنای	-	-	-	Pr1
7	یورو	-	-	-	N1
8	به‌معناًی	-	-	-	Ad
9	واحد	-	-	-	A0
10	پولی	-	-	-	A0
11	این	-	-	-	A1
12	قاره	-	-	-	N1
13	خواهد بود	-	-	-	V3

0	و	-	-	-	conjunction
1	اجرایی	-	-	-	A0
2	شدن	-	-	-	V3

0	آن	-	-	-	A1
1	مستلزم	-	-	-	N1
2	همکاری	-	-	-	N1
3	بانک‌های	-	-	-	N1
4	مرکزی	-	-	-	A0
5	ایران	-	-	-	N2
6	با	-	-	-	Pr
7	دیگر	-	-	-	Ad
8	بانک‌های	-	-	-	N1
9	مرکزی	-	-	-	A0
10	اروپاست	-	-	-	undefined
11	.	-	-	-	endDelim
12	ایرنا	-	-	-	N3
13	گزارش	-	-	-	N1
14	داده	-	-	-	N1
15	در	-	-	-	Pr
16	قالب	-	-	-	N1
17	سازوکار	-	-	-	N1
18	مالی	-	-	-	A0
19	پیشنهادی	-	-	-	A0
20	اروپا	-	-	-	N2
21	،	-	-	-	endDelim
22	ایران	-	-	-	N2
23	می‌تواند	-	-	-	V4

0	کالاها	-	-	-	N1
1	ازجمله	-	-	-	Ad
2	نفت	-	-	-	N1
3	و	-	-	-	conjunction
4	فرآورده‌های	-	-	-	N1
5	نفتی	-	-	-	A0
6	را	-	-	-	Po
7	به	-	-	-	Pr
8	اروپا	-	-	-	N2
9	صادر	-	-	-	N1
10	و	-	-	-	conjunction
11	درقبال	-	-	-	Pr1
12	آن	-	-	-	A1
13	کالاها	-	-	-	N1
14	و	-	-	-	conjunction
15	خدمات	-	-	-	N1
16	موردنیاز	-	-	-	A0
17	را	-	-	-	Po
18	از	-	-	-	Pr
19	کشورهای	-	-	-	N1
20	اروپایی	-	-	-	A0
21	خریداری	-	-	-	N1
22	کند	-	-	-	A0
23	و	-	-	-	conjunction
24	تهاتر	-	-	-	N1
25	دریافت	-	-	-	V2

0	و	-	-	-	conjunction
1	پرداخت‌ها	-	-	-	N1
2	بین	-	-	-	V1

0	بانک‌های	-	-	-	N1
1	مرکزی	-	-	-	A0
2	و	-	-	-	conjunction
3	نه	-	-	-	Nu
4	شبکه	-	-	-	N1
5	بانکی	-	-	-	A0
6	صورت	-	-	-	N1
7	می‌پذیرد	-	-	-	V1
8	.	-	-	-	endDelim

0	«	-	-	-	startDelim
1	آلبرت	-	-	-	N3
2	بغزیان	-	-	-	undefined
3	»	-	-	-	endDelim
4	استاد	-	-	-	A0
5	اقتصاد	-	-	-	N1
6	دانشگاه	-	-	-	N1
7	تهران	-	-	-	N2
8	می‌گوید	-	-	-	V1
9	:	-	-	-	endDelim

0	اگر	-	-	-	C0
1	اروپا	-	-	-	N2
2	بخواهد	-	-	-	V1

0	و	-	-	-	conjunction
1	از	-	-	-	Pr
2	آمریکا	-	-	-	N2
3	ترس	-	-	-	V1

0	نداشته باشد	-	-	-	V2
1	،	-	-	-	endDelim

0	به‌راحتی	-	-	-	Ad
1	می‌تواند	-	-	-	V4

0	این	-	-	-	A1
1	کانال	-	-	-	N1
2	ارتباط	-	-	-	N1
3	مالی	-	-	-	A0
4	یورویی	-	-	-	N1
5	را	-	-	-	Po
6	با	-	-	-	Pr
7	ایران	-	-	-	N2
8	برقرار	-	-	-	A0
9	کند	-	-	-	A0
10	؛	-	-	-	endDelim
11	چون	-	-	-	C0
12	حساب‌ها	-	-	-	N1
13	بر	-	-	-	Pr
14	پایه	-	-	-	N1
15	یورو	-	-	-	N1
16	نگهداری	-	-	-	N1
17	می‌شود	-	-	-	V1
18	،	-	-	-	endDelim

0	به‌راحتی	-	-	-	Ad
1	می‌توان	-	-	-	V4

0	درآمد	-	-	-	V2

0	حاصل	-	-	-	N1
1	از	-	-	-	Pr
2	صادرات	-	-	-	N1
3	ایران	-	-	-	N2
4	را	-	-	-	Po
5	با	-	-	-	Pr
6	واردات	-	-	-	N1
7	کالاها	-	-	-	N1
8	و	-	-	-	conjunction
9	خدمات	-	-	-	N1
10	از	-	-	-	Pr
11	حوزه	-	-	-	N1
12	اروپا	-	-	-	N2
13	تهاتر	-	-	-	N1
14	کرد	-	-	-	V2
15	.	-	-	-	endDelim

0	عباس	-	-	-	N3
1	هشی	-	-	-	N1
2	،	-	-	-	endDelim
3	کارشناس	-	-	-	A0
4	اقتصادی	-	-	-	A0
5	هم	-	-	-	Ad
6	توضیح	-	-	-	N1
7	می‌دهد	-	-	-	V1

0	این	-	-	-	A1
1	کانال	-	-	-	N1
2	یورویی	-	-	-	N1
3	اختراع	-	-	-	N1
4	جدیدی	-	-	-	N1
5	نیست	-	-	-	N1
6	و	-	-	-	conjunction
7	عملکرد	-	-	-	N1
8	آن	-	-	-	A1
9	همچون	-	-	-	Pr
10	اتاق‌های	-	-	-	N1
11	تسویه	-	-	-	N1
12	پایاپای	-	-	-	N1
13	در	-	-	-	Pr
14	زمان	-	-	-	N1
15	جنگ	-	-	-	V1

0	تحمیلی	-	-	-	A0
1	خواهد بود	-	-	-	V3
2	.	-	-	-	endDelim

0	معاون	-	-	-	N1
1	بین‌الملل	-	-	-	A0
2	بانک	-	-	-	N1
3	مرکزی	-	-	-	A0
4	می‌گوید	-	-	-	V1
5	:	-	-	-	endDelim

0	آمریکایی‌ها	-	-	-	A0
1	پیش‌از	-	-	-	Pr1
2	١٣	-	-	-	number
3	آبان	-	-	-	N1
4	هرچه	-	-	-	Ad
5	در	-	-	-	Pr
6	توان	-	-	-	V4

0	داشتند	-	-	-	V2
1	،	-	-	-	endDelim

0	انجام	-	-	-	N1
1	دادند	-	-	-	V2

0	اما	-	-	-	C0
1	با	-	-	-	Pr
2	برنامه‌ریزی‌ها	-	-	-	N1
3	،	-	-	-	endDelim
4	تلاش	-	-	-	N1
5	داریم	-	-	-	V1

0	هزینه‌های	-	-	-	N1
1	تحریم	-	-	-	N1
2	را	-	-	-	Po
3	کاهش	-	-	-	N1
4	داده	-	-	-	N1
5	و	-	-	-	conjunction
6	اجازه	-	-	-	N1
7	ندهیم	-	-	-	V1

0	جریان	-	-	-	N1
1	تجاری	-	-	-	A0
2	کشور	-	-	-	N1
3	متوقف	-	-	-	A0
4	شود	-	-	-	V1
5	؛	-	-	-	endDelim

0	ضمن	-	-	-	N1
1	آنکه	-	-	-	Ad
2	اروپایی‌ها	-	-	-	A0
3	به	-	-	-	Pr
4	چند	-	-	-	NA
5	دلیل	-	-	-	N1
6	نمی‌خواهند	-	-	-	V1

0	تجارت	-	-	-	N1
1	با	-	-	-	Pr
2	ایران	-	-	-	N2
3	را	-	-	-	Po
4	رها	-	-	-	V1

0	کنند	-	-	-	V1
1	.	-	-	-	endDelim

0	براساس	-	-	-	Pr1
1	اعلام	-	-	-	N1
2	بانک	-	-	-	N1
3	صادرات	-	-	-	N1
4	ایران	-	-	-	N2
5	،	-	-	-	endDelim
6	حسین	-	-	-	N3
7	یعقوبی	-	-	-	N4
8	میاب	-	-	-	undefined
9	تأکید	-	-	-	N1
10	می‌کند	-	-	-	V1
11	:	-	-	-	endDelim

0	تحریم‌های	-	-	-	N1
1	اخیر	-	-	-	A0
2	مانند	-	-	-	N1
3	تحریم‌های	-	-	-	N1
4	سازمان	-	-	-	N1
5	ملل	-	-	-	N1
6	گسترده	-	-	-	A0
7	نیست	-	-	-	N1
8	و	-	-	-	conjunction
9	به	-	-	-	Pr
10	همین	-	-	-	A1
11	دلیل	-	-	-	N1
12	ابزارهای	-	-	-	N1
13	بهتری	-	-	-	A0
14	برای	-	-	-	Pr
15	مقابله	-	-	-	N1
16	با	-	-	-	Pr
17	آنها	-	-	-	N5
18	در	-	-	-	Pr
19	اختیار	-	-	-	N1
20	داریم	-	-	-	V1
21	.	-	-	-	endDelim

0	معاون	-	-	-	N1
1	بین‌الملل	-	-	-	A0
2	بانک	-	-	-	N1
3	مرکزی	-	-	-	A0
4	تأکید	-	-	-	N1
5	می‌کند	-	-	-	V1
6	:	-	-	-	endDelim

0	دولت	-	-	-	N1
1	آمریکا	-	-	-	N2
2	سعی	-	-	-	A0
3	کرده است	-	-	-	V2

0	با	-	-	-	Pr
1	خروج	-	-	-	N1
2	از	-	-	-	Pr
3	برجام	-	-	-	undefined
4	،	-	-	-	endDelim
5	اقتصاد	-	-	-	N1
6	ایران	-	-	-	N2
7	را	-	-	-	Po
8	دچار	-	-	-	Ad
9	اختلال	-	-	-	N1
10	کند	-	-	-	A0
11	اما	-	-	-	C0
12	حضور	-	-	-	N1
13	اروپایی‌ها	-	-	-	A0
14	و	-	-	-	conjunction
15	تعهداتی	-	-	-	N1
16	که	-	-	-	C0
17	دادند	-	-	-	V2
18	،	-	-	-	endDelim

0	فشار	-	-	-	N1
1	را	-	-	-	Po
2	کم‌تر	-	-	-	A0
3	کرد	-	-	-	V2
4	؛	-	-	-	endDelim

0	تا	-	-	-	Pr
1	زمانی‌که	-	-	-	C1
2	اروپایی‌ها	-	-	-	A0
3	حضور	-	-	-	N1
4	دارند	-	-	-	V1

0	معافیت‌های	-	-	-	N1
1	خوب	-	-	-	A0
2	همچنان	-	-	-	Ad
3	وجود	-	-	-	N1
4	خواهد داشت	-	-	-	V2
5	.	-	-	-	endDelim

0	یعقوبی	-	-	-	N4
1	می‌افزاید	-	-	-	V1
2	:	-	-	-	endDelim

0	تصور	-	-	-	N1
1	می‌کنم	-	-	-	V1

0	اروپایی‌ها	-	-	-	A0
1	به	-	-	-	Pr
2	۲	-	-	-	number
3	دلیل	-	-	-	N1
4	به‌زودی	-	-	-	Ad
5	کنار	-	-	-	N1
6	نخواهند رفت	-	-	-	V2
7	؛	-	-	-	endDelim

0	نخست	-	-	-	A0
1	به‌واسطه	-	-	-	N1
2	جنگ	-	-	-	V1

0	تجاری	-	-	-	A0
1	آنها	-	-	-	N5
2	با	-	-	-	Pr
3	آمریکا	-	-	-	N2
4	و	-	-	-	conjunction
5	دوم	-	-	-	A0
6	اینکه	-	-	-	Ad
7	به‌دنبال	-	-	-	Pr1
8	تقویت	-	-	-	N1
9	جایگاه	-	-	-	N1
10	اروپا	-	-	-	N2
11	در	-	-	-	Pr
12	فضای	-	-	-	N1
13	اقتصاد	-	-	-	N1
14	بین‌الملل	-	-	-	A0
15	هستند	-	-	-	V3
16	.	-	-	-	endDelim

0	رویترز	-	-	-	undefined
1	به	-	-	-	Pr
2	نقل	-	-	-	N1
3	از	-	-	-	Pr
4	۳	-	-	-	number
5	دیپلمات	-	-	-	N1
6	اروپایی	-	-	-	A0
7	گزارش	-	-	-	N1
8	داد	-	-	-	V2
9	:	-	-	-	endDelim

0	کانال	-	-	-	N1
1	مالی	-	-	-	A0
2	یا	-	-	-	C0
3	سازوکار	-	-	-	N1
4	اتحادیه	-	-	-	N1
5	اروپا	-	-	-	N2
6	برای	-	-	-	Pr
7	تسهیل	-	-	-	N1
8	پرداخت	-	-	-	V2

0	پول	-	-	-	N1
1	اقلام	-	-	-	mokassar
2	صادراتی	-	-	-	A0
3	ایران	-	-	-	N2
4	به	-	-	-	Pr
5	اروپا	-	-	-	N2
6	با	-	-	-	Pr
7	هدف	-	-	-	N1
8	عبور	-	-	-	N1
9	از	-	-	-	Pr
10	تحریم‌های	-	-	-	N1
11	آمریکا	-	-	-	N2
12	،	-	-	-	endDelim
13	تا	-	-	-	Pr
14	سیزدهم	-	-	-	Nu
15	آبان	-	-	-	N1
16	به	-	-	-	Pr
17	شکل	-	-	-	N1
18	نمادین	-	-	-	A0
19	آماده	-	-	-	A0
20	می‌شود	-	-	-	V1

0	اما	-	-	-	C0
1	عملیاتی	-	-	-	A0
2	شدن	-	-	-	V3

0	آن	-	-	-	A1
1	تا	-	-	-	Pr
2	اوایل	-	-	-	Ad
3	زمستان	-	-	-	N1
4	سال‌جاری	-	-	-	undefined
5	طول	-	-	-	N1
6	می‌کشد	-	-	-	V1
7	.	-	-	-	endDelim

0	وزیر	-	-	-	N1
1	امور	-	-	-	mokassar
2	اقتصادی	-	-	-	A0
3	و	-	-	-	conjunction
4	دارایی	-	-	-	N1
5	با	-	-	-	Pr
6	بیان	-	-	-	N1
7	اینکه	-	-	-	Ad
8	تحریمی	-	-	-	A0
9	که	-	-	-	C0
10	می‌خواهند	-	-	-	V1

0	در	-	-	-	Pr
1	۱۳	-	-	-	number
2	آبان	-	-	-	N1
3	اعلام	-	-	-	N1
4	کنند	-	-	-	V1

0	قبلا	-	-	-	Ad
1	اجرایی	-	-	-	A0
2	کرده‌اند	-	-	-	V2
3	،	-	-	-	endDelim

0	گفت	-	-	-	V2
1	:	-	-	-	endDelim

0	اولین	-	-	-	A0
1	برنامه	-	-	-	N1
2	مدنظر	-	-	-	N1
3	،	-	-	-	endDelim
4	تامین	-	-	-	A0
5	مالی	-	-	-	A0
6	اقتصادی	-	-	-	A0
7	و	-	-	-	conjunction
8	دومین	-	-	-	A0
9	کار	-	-	-	N1
10	بهبود	-	-	-	N1
11	فضای	-	-	-	N1
12	کسب‌وکار	-	-	-	N1
13	اقتصادی	-	-	-	A0
14	ازطریق	-	-	-	Pr1
15	تسهیل	-	-	-	N1
16	شرایط	-	-	-	mokassar
17	گمرکی	-	-	-	A0
18	است	-	-	-	V3
19	.	-	-	-	endDelim

0	به	-	-	-	Pr
1	گزارش	-	-	-	N1
2	فارس	-	-	-	N1
3	،	-	-	-	endDelim
4	فرهاد	-	-	-	N3
5	دژپسند	-	-	-	undefined
6	وزیر	-	-	-	N1
7	امور	-	-	-	mokassar
8	اقتصادی	-	-	-	A0
9	و	-	-	-	conjunction
10	دارایی	-	-	-	N1
11	با	-	-	-	Pr
12	بیان	-	-	-	N1
13	اینکه	-	-	-	Ad
14	تحریمی	-	-	-	A0
15	که	-	-	-	C0
16	می‌خواهند	-	-	-	V1

0	در	-	-	-	Pr
1	۱۳	-	-	-	number
2	آبان	-	-	-	N1
3	اعلام	-	-	-	N1
4	کنند	-	-	-	V1
5	،	-	-	-	endDelim

0	قبلا	-	-	-	Ad
1	اجرایی	-	-	-	A0
2	کرده‌اند	-	-	-	V2
3	،	-	-	-	endDelim

0	گفت	-	-	-	V2
1	:	-	-	-	endDelim

0	در	-	-	-	Pr
1	وزارت	-	-	-	N1
2	امور	-	-	-	mokassar
3	اقتصادی	-	-	-	A0
4	و	-	-	-	conjunction
5	دارایی	-	-	-	N1
6	در	-	-	-	Pr
7	حال	-	-	-	N1
8	رصد	-	-	-	N1
9	برنامه‌های	-	-	-	N1
10	دشمن	-	-	-	A0
11	و	-	-	-	conjunction
12	در	-	-	-	Pr
13	حال	-	-	-	N1
14	آماده‌سازی	-	-	-	N1
15	بسته‌هایی	-	-	-	A0
16	برای	-	-	-	Pr
17	مواجهه	-	-	-	N1
18	با	-	-	-	Pr
19	این	-	-	-	A1
20	دشمنی‌ها	-	-	-	N1
21	هستیم	-	-	-	N1
22	.	-	-	-	endDelim
23	دژپسند	-	-	-	undefined
24	درباره	-	-	-	N1
25	برنامه‌های	-	-	-	N1
26	اصلی	-	-	-	A0
27	خود	-	-	-	N8
28	در	-	-	-	Pr
29	وزارت	-	-	-	N1
30	امور	-	-	-	mokassar
31	اقتصادی	-	-	-	A0
32	و	-	-	-	conjunction
33	دارایی	-	-	-	N1
34	گفت	-	-	-	V2
35	:	-	-	-	endDelim

0	طبیعی	-	-	-	A0
1	است	-	-	-	V3

0	که	-	-	-	C0
1	در	-	-	-	Pr
2	این	-	-	-	A1
3	شرایط	-	-	-	mokassar
4	همه	-	-	-	N1
5	انتظار	-	-	-	N1
6	دارند	-	-	-	V1

0	که	-	-	-	C0
1	باتوجه	-	-	-	N1
2	به	-	-	-	Pr
3	تحریم‌های	-	-	-	N1
4	دشمن	-	-	-	A0
5	،	-	-	-	endDelim
6	ببینند	-	-	-	V1

0	ما	-	-	-	N5
1	چه	-	-	-	NA
2	برنامه‌ای	-	-	-	A0
3	را	-	-	-	Po
4	تدارک	-	-	-	N1
5	دیدیم	-	-	-	V2
6	.	-	-	-	endDelim

0	وی	-	-	-	N5
1	افزود	-	-	-	V2
2	:	-	-	-	endDelim

0	اولین	-	-	-	A0
1	برنامه	-	-	-	N1
2	مدنظر	-	-	-	N1
3	،	-	-	-	endDelim
4	تامین	-	-	-	A0
5	مالی	-	-	-	A0
6	اقتصادی	-	-	-	A0
7	است	-	-	-	V3
8	.	-	-	-	endDelim

0	دومین	-	-	-	A0
1	کار	-	-	-	N1
2	بهبود	-	-	-	N1
3	فضای	-	-	-	N1
4	کسب‌وکار	-	-	-	N1
5	اقتصادی	-	-	-	A0
6	ازطریق	-	-	-	Pr1
7	تسهیل	-	-	-	N1
8	شرایط	-	-	-	mokassar
9	گمرکی	-	-	-	A0
10	است	-	-	-	V3
11	.	-	-	-	endDelim

0	سومین	-	-	-	A0
1	کار	-	-	-	N1
2	این	-	-	-	A1
3	است	-	-	-	V3

0	که	-	-	-	C0
1	بتوانیم	-	-	-	V1

0	سیاست‌های	-	-	-	N1
1	خصوصی‌سازی	-	-	-	N1
2	را	-	-	-	Po
3	همان‌طور	-	-	-	undefined
4	که	-	-	-	C0
5	دراصل	-	-	-	Ad
6	۴۴	-	-	-	number
7	آمده است	-	-	-	V2

0	پیاده	-	-	-	A0
1	کنیم	-	-	-	V1

0	و	-	-	-	conjunction
1	درنهایت	-	-	-	Ad
2	با	-	-	-	Pr
3	الکترونیکی	-	-	-	A0
4	کردن	-	-	-	V2

0	و	-	-	-	conjunction
1	ساماندهی	-	-	-	N1
2	مشخص	-	-	-	A0
3	،	-	-	-	endDelim
4	با	-	-	-	Pr
5	فساد	-	-	-	N1
6	مقابله	-	-	-	N1
7	کنیم	-	-	-	V1

0	چراکه	-	-	-	Ad
1	فساد	-	-	-	N1
2	،	-	-	-	endDelim
3	اقتصاد	-	-	-	N1
4	را	-	-	-	Po
5	زمین‌گیر	-	-	-	A0
6	می‌کند	-	-	-	V1
7	.	-	-	-	endDelim

0	امیدوارم	-	-	-	A0
1	در	-	-	-	Pr
2	این	-	-	-	A1
3	کارها	-	-	-	N1
4	با	-	-	-	Pr
5	همکاری	-	-	-	N1
6	دیگران	-	-	-	N5
7	،	-	-	-	endDelim
8	گام	-	-	-	N1
9	بلندی	-	-	-	N1
10	برداریم	-	-	-	V1
11	.	-	-	-	endDelim

0	=======	-	-	-	undefined
1	﻿مقام	-	-	-	N1
2	معظم	-	-	-	A0
3	رهبری	-	-	-	N1
4	در	-	-	-	Pr
5	دیدار	-	-	-	N1
6	رئیس	-	-	-	N1
7	و	-	-	-	conjunction
8	مسئولان	-	-	-	N1
9	سازمان	-	-	-	N1
10	پدافند	-	-	-	N1
11	غیرعامل	-	-	-	N1
12	اظهار	-	-	-	N1
13	داشتند	-	-	-	V2
14	:	-	-	-	endDelim

0	پدافند	-	-	-	N1
1	غیرعامل	-	-	-	N1
2	درمقابل	-	-	-	Pr1
3	تهاجم	-	-	-	N1
4	دشمنان	-	-	-	A0
5	علمی	-	-	-	A0
6	،	-	-	-	endDelim
7	جدی	-	-	-	A0
8	و	-	-	-	conjunction
9	همه‌جانبه	-	-	-	A0
10	باشد	-	-	-	V1
11	.	-	-	-	endDelim

0	به	-	-	-	Pr
1	گزارش	-	-	-	N1
2	پایگاه	-	-	-	N1
3	اطلاع‌رسانی	-	-	-	N1
4	دفتر	-	-	-	N1
5	حفظ	-	-	-	N1
6	و	-	-	-	conjunction
7	نشر	-	-	-	N1
8	آثار	-	-	-	mokassar
9	رهبر	-	-	-	N1
10	معظم	-	-	-	A0
11	انقلاب	-	-	-	N1
12	،	-	-	-	endDelim
13	حضرت	-	-	-	N1
14	آیت‌الله	-	-	-	Exp
15	خامنه‌ای	-	-	-	N4
16	رهبر	-	-	-	N1
17	معظم	-	-	-	A0
18	انقلاب	-	-	-	N1
19	اسلامی	-	-	-	A0
20	ظهر	-	-	-	N1
21	امروز	-	-	-	N1
22	(	-	-	-	startDelim
23	یکشنبه	-	-	-	N1
24	۶	-	-	-	number
25	آبان	-	-	-	N1
26	)	-	-	-	endDelim
27	در	-	-	-	Pr
28	این	-	-	-	A1
29	دیدار	-	-	-	N1
30	با	-	-	-	Pr
31	اشاره	-	-	-	N1
32	به	-	-	-	Pr
33	اهمیت	-	-	-	N1
34	روزافزون	-	-	-	A0
35	پدافند	-	-	-	N1
36	غیرعامل	-	-	-	N1
37	در	-	-	-	Pr
38	مقابله	-	-	-	N1
39	با	-	-	-	Pr
40	تهدیدهای	-	-	-	N1
41	نو	-	-	-	V1

0	شونده	-	-	-	A0
1	دشمنان	-	-	-	A0
2	،	-	-	-	endDelim
3	تأکید	-	-	-	N1
4	کردند	-	-	-	V2
5	:	-	-	-	endDelim

0	درمقابل	-	-	-	Pr1
1	شیوه‌های	-	-	-	N1
2	پیچیده	-	-	-	A0
3	تهاجم	-	-	-	N1
4	دشمنان	-	-	-	A0
5	،	-	-	-	endDelim
6	پدافند	-	-	-	N1
7	غیرعامل	-	-	-	N1
8	نیز	-	-	-	Ad
9	باید	-	-	-	V4

0	کاملاً	-	-	-	Ad
1	هوشیار	-	-	-	A0
2	و	-	-	-	conjunction
3	جدی	-	-	-	A0
4	باشد	-	-	-	V1

0	و	-	-	-	conjunction
1	به	-	-	-	Pr
2	صورت	-	-	-	N1
3	علمی	-	-	-	A0
4	،	-	-	-	endDelim
5	دقیق	-	-	-	A0
6	،	-	-	-	endDelim
7	به‌روز	-	-	-	N3
8	و	-	-	-	conjunction
9	همه‌جانبه	-	-	-	A0
10	عمل	-	-	-	N1
11	و	-	-	-	conjunction
12	با	-	-	-	Pr
13	هرگونه	-	-	-	A2
14	نفوذ	-	-	-	N1
15	مقابله	-	-	-	N1
16	کند	-	-	-	A0
17	.	-	-	-	endDelim
18	حضرت	-	-	-	N1
19	آیت‌الله	-	-	-	Exp
20	خامنه‌ای	-	-	-	N4
21	توجه	-	-	-	N1
22	مسئولان	-	-	-	N1
23	در	-	-	-	Pr
24	همه	-	-	-	N1
25	بخش‌ها	-	-	-	N1
26	به	-	-	-	Pr
27	اهمیت	-	-	-	N1
28	پدافند	-	-	-	N1
29	غیرعامل	-	-	-	N1
30	را	-	-	-	Po
31	لازم	-	-	-	A0
32	دانستند	-	-	-	V2

0	و	-	-	-	conjunction
1	افزودند	-	-	-	V2
2	:	-	-	-	endDelim

0	اگر	-	-	-	C0
1	مدیران	-	-	-	N1
2	کشور	-	-	-	N1
3	اهمیت	-	-	-	N1
4	این	-	-	-	A1
5	مسئله	-	-	-	N1
6	را	-	-	-	Po
7	درک	-	-	-	N1
8	نکنند	-	-	-	V1

0	و	-	-	-	conjunction
1	پدافند	-	-	-	N1
2	غیرعامل	-	-	-	N1
3	به	-	-	-	Pr
4	طور	-	-	-	N1
5	شایسته	-	-	-	A0
6	توسعه	-	-	-	N1
7	پیدا	-	-	-	A0
8	نکند	-	-	-	V1
9	،	-	-	-	endDelim

0	کشور	-	-	-	N1
1	در	-	-	-	Pr
2	معرض	-	-	-	N1
3	تهدیدهای	-	-	-	N1
4	بعضاً	-	-	-	Ad
5	غیرقابل‌جبران	-	-	-	A0
6	قرار	-	-	-	N1
7	خواهد گرفت	-	-	-	V2
8	،	-	-	-	endDelim

0	بنابراین	-	-	-	Ad
1	مسئولان	-	-	-	N1
2	بخش‌های	-	-	-	N1
3	مختلف	-	-	-	A0
4	کشور	-	-	-	N1
5	چه	-	-	-	NA
6	بخش‌های	-	-	-	N1
7	نظامی	-	-	-	A0
8	و	-	-	-	conjunction
9	چه	-	-	-	NA
10	بخش‌های	-	-	-	N1
11	غیرنظامی	-	-	-	N1
12	،	-	-	-	endDelim
13	باید	-	-	-	V4

0	با	-	-	-	Pr
1	پدافند	-	-	-	N1
2	غیرعامل	-	-	-	N1
3	همکاری	-	-	-	N1
4	کامل	-	-	-	A0
5	و	-	-	-	conjunction
6	لازم	-	-	-	A0
7	انجام	-	-	-	N1
8	دهند	-	-	-	V1
9	.	-	-	-	endDelim

0	ایران	-	-	-	N2
1	و	-	-	-	conjunction
2	اتحادیه	-	-	-	N1
3	اروپا	-	-	-	N2
4	برای	-	-	-	Pr
5	رونمایی	-	-	-	N1
6	از	-	-	-	Pr
7	یک	-	-	-	Nu
8	تونل	-	-	-	N1
9	مالی	-	-	-	A0
10	ویژه	-	-	-	A0
11	،	-	-	-	endDelim
12	با	-	-	-	Pr
13	هدف	-	-	-	N1
14	خنثی‌سازی	-	-	-	N1
15	اثر	-	-	-	N1
16	تحریم‌های	-	-	-	N1
17	آمریکا	-	-	-	N2
18	و	-	-	-	conjunction
19	هموار	-	-	-	A0
20	شدن	-	-	-	V3

0	راه	-	-	-	N1
1	تجارت	-	-	-	N1
2	بین	-	-	-	V1

0	کشورمان	-	-	-	N1
1	با	-	-	-	Pr
2	جهان	-	-	-	N1
3	آماده	-	-	-	A0
4	می‌شوند	-	-	-	V1
5	.	-	-	-	endDelim

0	ایجاد	-	-	-	N1
1	کانال	-	-	-	N1
2	ویژه	-	-	-	A0
3	مالی	-	-	-	A0
4	اروپا	-	-	-	N2
5	یکی	-	-	-	A2
6	از	-	-	-	Pr
7	گام‌های	-	-	-	N1
8	عملی	-	-	-	A0
9	برای	-	-	-	Pr
10	حفظ	-	-	-	N1
11	برجام	-	-	-	undefined
12	و	-	-	-	conjunction
13	بهره‌مندی	-	-	-	N1
14	ایران	-	-	-	N2
15	از	-	-	-	Pr
16	منافع	-	-	-	mokassar
17	اقتصادی	-	-	-	A0
18	آن	-	-	-	A1
19	ازجمله	-	-	-	Ad
20	ایمن	-	-	-	A0
21	ماندن	-	-	-	V2

0	مسیر	-	-	-	N1
1	فروش	-	-	-	V1

0	نفت	-	-	-	N1
1	و	-	-	-	conjunction
2	دیگر	-	-	-	Ad
3	کالاهای	-	-	-	N1
4	صادراتی	-	-	-	A0
5	به	-	-	-	Pr
6	اروپا	-	-	-	N2
7	و	-	-	-	conjunction
8	البته	-	-	-	Ad
9	سایر	-	-	-	N1
10	کشورها	-	-	-	N1
11	به‌شمار	-	-	-	N1
12	می‌رود	-	-	-	V1

0	و	-	-	-	conjunction
1	قرار	-	-	-	N1
2	است	-	-	-	V3

0	مبنای	-	-	-	N1
1	ردوبدل	-	-	-	N1
2	مالی	-	-	-	A0
3	در	-	-	-	Pr
4	این	-	-	-	A1
5	کانال	-	-	-	N1
6	ویژه	-	-	-	A0
7	براساس	-	-	-	Pr1
8	یورو	-	-	-	N1
9	و	-	-	-	conjunction
10	نه	-	-	-	Nu
11	دلار	-	-	-	N1
12	صورت	-	-	-	N1
13	گیرد	-	-	-	V1
14	.	-	-	-	endDelim

0	به‌گزارش	-	-	-	Pr1
1	همشهری	-	-	-	N1
2	،	-	-	-	endDelim
3	عبدالناصر	-	-	-	N3
4	همتی	-	-	-	N4
5	،	-	-	-	endDelim
6	رئیس‌کل	-	-	-	N1
7	بانک	-	-	-	N1
8	مرکزی	-	-	-	A0
9	ایران	-	-	-	N2
10	در	-	-	-	Pr
11	تازه‌ترین	-	-	-	A0
12	واکنش	-	-	-	N1
13	به	-	-	-	Pr
14	این	-	-	-	A1
15	موضوع	-	-	-	N1
16	گفته است	-	-	-	V2

0	جزئیات	-	-	-	N1
1	و	-	-	-	conjunction
2	نحوه	-	-	-	N1
3	استفاده	-	-	-	N1
4	از	-	-	-	Pr
5	کانال	-	-	-	N1
6	ویژه	-	-	-	A0
7	مالی	-	-	-	A0
8	اروپا	-	-	-	N2
9	هفته	-	-	-	N1
10	آینده	-	-	-	N1
11	در	-	-	-	Pr
12	جریان	-	-	-	N1
13	یک	-	-	-	Nu
14	نشست	-	-	-	V2

0	که	-	-	-	C0
1	در	-	-	-	Pr
2	شهر	-	-	-	N1
3	بروکسل	-	-	-	N2
4	بلژیک	-	-	-	N2
5	،	-	-	-	endDelim
6	مقر	-	-	-	N1
7	اتحادیه	-	-	-	N1
8	اروپا	-	-	-	N2
9	برگزار	-	-	-	A0
10	می‌شود	-	-	-	V1
11	،	-	-	-	endDelim

0	نهایی	-	-	-	A0
1	خواهد شد	-	-	-	V3
2	.	-	-	-	endDelim

0	او	-	-	-	N5
1	وعده	-	-	-	N1
2	داده	-	-	-	N1
3	جزئیات	-	-	-	N1
4	این	-	-	-	A1
5	کانال	-	-	-	N1
6	ضد‌تحریم	-	-	-	undefined
7	به‌زودی	-	-	-	Ad
8	اعلام	-	-	-	N1
9	خواهد شد	-	-	-	V3
10	.	-	-	-	endDelim

0	به	-	-	-	Pr
1	گفته	-	-	-	A0
2	این	-	-	-	A1
3	مقام	-	-	-	N1
4	ارشد	-	-	-	A0
5	بانک	-	-	-	N1
6	مرکزی	-	-	-	A0
7	،	-	-	-	endDelim
8	جزئیات	-	-	-	N1
9	این	-	-	-	A1
10	کانال	-	-	-	N1
11	هفته	-	-	-	N1
12	آینده	-	-	-	N1
13	بین	-	-	-	V1

0	ایران	-	-	-	N2
1	و	-	-	-	conjunction
2	اروپا	-	-	-	N2
3	موردبررسی	-	-	-	A0
4	نهایی	-	-	-	A0
5	قرار	-	-	-	N1
6	می‌گیرد	-	-	-	V1

0	و	-	-	-	conjunction
1	هدف	-	-	-	N1
2	نخست	-	-	-	A0
3	آن	-	-	-	A1
4	رفع	-	-	-	N1
5	مشکلات	-	-	-	N1
6	مربوط	-	-	-	A0
7	به	-	-	-	Pr
8	انجام	-	-	-	N1
9	پرداخت‌های	-	-	-	N1
10	مالی	-	-	-	A0
11	است	-	-	-	V3
12	.	-	-	-	endDelim

0	او	-	-	-	N5
1	در	-	-	-	Pr
2	صفحه	-	-	-	N1
3	اینستاگرام	-	-	-	undefined
4	خود	-	-	-	N8
5	نوشته است	-	-	-	V2
6	:	-	-	-	endDelim

0	کانال	-	-	-	N1
1	ویژه	-	-	-	A0
2	مالی	-	-	-	A0
3	اروپا	-	-	-	N2
4	،	-	-	-	endDelim
5	نقش	-	-	-	N1
6	نوعی	-	-	-	A0
7	پیمان	-	-	-	N3
8	پولی	-	-	-	A0
9	دوجانبه	-	-	-	A0
10	میان	-	-	-	N1
11	ایران	-	-	-	N2
12	و	-	-	-	conjunction
13	اتحادیه	-	-	-	N1
14	اروپا	-	-	-	N2
15	را	-	-	-	Po
16	ایفا	-	-	-	N1
17	خواهد کرد	-	-	-	V2

0	و	-	-	-	conjunction
1	هر	-	-	-	A1
2	دو	-	-	-	Nu
3	طرف	-	-	-	N1
4	بر	-	-	-	Pr
5	تسریع	-	-	-	N1
6	در	-	-	-	Pr
7	عملیاتی	-	-	-	A0
8	شدن	-	-	-	V3

0	این	-	-	-	A1
1	فرایند	-	-	-	N1
2	تأکید	-	-	-	N1
3	دارند	-	-	-	V1
4	.	-	-	-	endDelim

0	پیش‌تر	-	-	-	A0
1	در	-	-	-	Pr
2	هفته	-	-	-	N1
3	نخست	-	-	-	A0
4	مهرماه	-	-	-	N1
5	فدریکا	-	-	-	undefined
6	موگرینی	-	-	-	V1
7	،	-	-	-	endDelim

0	مسئول	-	-	-	N1
1	سیاست	-	-	-	N1
2	خارجی	-	-	-	N1
3	اتحادیه	-	-	-	N1
4	اروپا	-	-	-	N2
5	،	-	-	-	endDelim
6	قول	-	-	-	N1
7	داده بود	-	-	-	V2

0	که	-	-	-	C0
1	کانال	-	-	-	N1
2	ویژه	-	-	-	A0
3	مالی	-	-	-	A0
4	اروپا	-	-	-	N2
5	تا	-	-	-	Pr
6	قبل‌از	-	-	-	Pr1
7	۱۰	-	-	-	number
8	آبان	-	-	-	N1
9	یعنی	-	-	-	C0
10	چند	-	-	-	NA
11	روز	-	-	-	N1
12	مانده	-	-	-	A0
13	به	-	-	-	Pr
14	اعمال	-	-	-	N1
15	مرحله	-	-	-	N1
16	دوم	-	-	-	A0
17	تحریم‌های	-	-	-	N1
18	یکجانبه	-	-	-	A0
19	و	-	-	-	conjunction
20	فراسرزمینی	-	-	-	N1
21	آمریکا	-	-	-	N2
22	علیه	-	-	-	N1
23	ایران	-	-	-	N2
24	ایجاد	-	-	-	N1
25	شود	-	-	-	V1
26	.	-	-	-	endDelim

0	ایجاد	-	-	-	N1
1	کانال	-	-	-	N1
2	ویژه	-	-	-	A0
3	مالی	-	-	-	A0
4	برمبنای	-	-	-	Pr1
5	الگوی	-	-	-	N1
6	پیمان	-	-	-	N3
7	دوجانبه	-	-	-	A0
8	پولی	-	-	-	A0
9	به	-	-	-	Pr
10	این	-	-	-	A1
11	معناست	-	-	-	N1
12	که	-	-	-	C0
13	بین	-	-	-	V1

0	ایران	-	-	-	N2
1	به‌عنوان	-	-	-	N1
2	کشور	-	-	-	N1
3	صادرکننده	-	-	-	A0
4	نفت	-	-	-	N1
5	و	-	-	-	conjunction
6	سایر	-	-	-	N1
7	کالاها	-	-	-	N1
8	و	-	-	-	conjunction
9	کشور	-	-	-	N1
10	خریدار	-	-	-	A0
11	،	-	-	-	endDelim
12	پول	-	-	-	N1
13	ملی	-	-	-	A0
14	۲	-	-	-	number
15	کشور	-	-	-	N1
16	مبنای	-	-	-	N1
17	عمل	-	-	-	N1
18	تسویه‌حساب	-	-	-	N1
19	قرار	-	-	-	N1
20	می‌گیرد	-	-	-	V1

0	اما	-	-	-	C0
1	پیش‌از	-	-	-	Pr1
2	این	-	-	-	A1
3	اعلام	-	-	-	N1
4	شده بود	-	-	-	V3

0	که	-	-	-	C0
1	سازوکار	-	-	-	N1
2	مالی	-	-	-	A0
3	پیشنهادشده	-	-	-	A0
4	ازسوی	-	-	-	Pr1
5	اروپا	-	-	-	N2
6	برمبنای	-	-	-	Pr1
7	یورو	-	-	-	N1
8	به‌معناًی	-	-	-	Ad
9	واحد	-	-	-	A0
10	پولی	-	-	-	A0
11	این	-	-	-	A1
12	قاره	-	-	-	N1
13	خواهد بود	-	-	-	V3

0	و	-	-	-	conjunction
1	اجرایی	-	-	-	A0
2	شدن	-	-	-	V3

0	آن	-	-	-	A1
1	مستلزم	-	-	-	N1
2	همکاری	-	-	-	N1
3	بانک‌های	-	-	-	N1
4	مرکزی	-	-	-	A0
5	ایران	-	-	-	N2
6	با	-	-	-	Pr
7	دیگر	-	-	-	Ad
8	بانک‌های	-	-	-	N1
9	مرکزی	-	-	-	A0
10	اروپاست	-	-	-	undefined
11	.	-	-	-	endDelim
12	ایرنا	-	-	-	N3
13	گزارش	-	-	-	N1
14	داده	-	-	-	N1
15	در	-	-	-	Pr
16	قالب	-	-	-	N1
17	سازوکار	-	-	-	N1
18	مالی	-	-	-	A0
19	پیشنهادی	-	-	-	A0
20	اروپا	-	-	-	N2
21	،	-	-	-	endDelim
22	ایران	-	-	-	N2
23	می‌تواند	-	-	-	V4

0	کالاها	-	-	-	N1
1	ازجمله	-	-	-	Ad
2	نفت	-	-	-	N1
3	و	-	-	-	conjunction
4	فرآورده‌های	-	-	-	N1
5	نفتی	-	-	-	A0
6	را	-	-	-	Po
7	به	-	-	-	Pr
8	اروپا	-	-	-	N2
9	صادر	-	-	-	N1
10	و	-	-	-	conjunction
11	درقبال	-	-	-	Pr1
12	آن	-	-	-	A1
13	کالاها	-	-	-	N1
14	و	-	-	-	conjunction
15	خدمات	-	-	-	N1
16	موردنیاز	-	-	-	A0
17	را	-	-	-	Po
18	از	-	-	-	Pr
19	کشورهای	-	-	-	N1
20	اروپایی	-	-	-	A0
21	خریداری	-	-	-	N1
22	کند	-	-	-	A0
23	و	-	-	-	conjunction
24	تهاتر	-	-	-	N1
25	دریافت	-	-	-	V2

0	و	-	-	-	conjunction
1	پرداخت‌ها	-	-	-	N1
2	بین	-	-	-	V1

0	بانک‌های	-	-	-	N1
1	مرکزی	-	-	-	A0
2	و	-	-	-	conjunction
3	نه	-	-	-	Nu
4	شبکه	-	-	-	N1
5	بانکی	-	-	-	A0
6	صورت	-	-	-	N1
7	می‌پذیرد	-	-	-	V1
8	.	-	-	-	endDelim

0	«	-	-	-	startDelim
1	آلبرت	-	-	-	N3
2	بغزیان	-	-	-	undefined
3	»	-	-	-	endDelim
4	استاد	-	-	-	A0
5	اقتصاد	-	-	-	N1
6	دانشگاه	-	-	-	N1
7	تهران	-	-	-	N2
8	می‌گوید	-	-	-	V1
9	:	-	-	-	endDelim

0	اگر	-	-	-	C0
1	اروپا	-	-	-	N2
2	بخواهد	-	-	-	V1

0	و	-	-	-	conjunction
1	از	-	-	-	Pr
2	آمریکا	-	-	-	N2
3	ترس	-	-	-	V1

0	نداشته باشد	-	-	-	V2
1	،	-	-	-	endDelim

0	به‌راحتی	-	-	-	Ad
1	می‌تواند	-	-	-	V4

0	این	-	-	-	A1
1	کانال	-	-	-	N1
2	ارتباط	-	-	-	N1
3	مالی	-	-	-	A0
4	یورویی	-	-	-	N1
5	را	-	-	-	Po
6	با	-	-	-	Pr
7	ایران	-	-	-	N2
8	برقرار	-	-	-	A0
9	کند	-	-	-	A0
10	؛	-	-	-	endDelim
11	چون	-	-	-	C0
12	حساب‌ها	-	-	-	N1
13	بر	-	-	-	Pr
14	پایه	-	-	-	N1
15	یورو	-	-	-	N1
16	نگهداری	-	-	-	N1
17	می‌شود	-	-	-	V1
18	،	-	-	-	endDelim

0	به‌راحتی	-	-	-	Ad
1	می‌توان	-	-	-	V4

0	درآمد	-	-	-	V2

0	حاصل	-	-	-	N1
1	از	-	-	-	Pr
2	صادرات	-	-	-	N1
3	ایران	-	-	-	N2
4	را	-	-	-	Po
5	با	-	-	-	Pr
6	واردات	-	-	-	N1
7	کالاها	-	-	-	N1
8	و	-	-	-	conjunction
9	خدمات	-	-	-	N1
10	از	-	-	-	Pr
11	حوزه	-	-	-	N1
12	اروپا	-	-	-	N2
13	تهاتر	-	-	-	N1
14	کرد	-	-	-	V2
15	.	-	-	-	endDelim

0	عباس	-	-	-	N3
1	هشی	-	-	-	N1
2	،	-	-	-	endDelim
3	کارشناس	-	-	-	A0
4	اقتصادی	-	-	-	A0
5	هم	-	-	-	Ad
6	توضیح	-	-	-	N1
7	می‌دهد	-	-	-	V1

0	این	-	-	-	A1
1	کانال	-	-	-	N1
2	یورویی	-	-	-	N1
3	اختراع	-	-	-	N1
4	جدیدی	-	-	-	N1
5	نیست	-	-	-	N1
6	و	-	-	-	conjunction
7	عملکرد	-	-	-	N1
8	آن	-	-	-	A1
9	همچون	-	-	-	Pr
10	اتاق‌های	-	-	-	N1
11	تسویه	-	-	-	N1
12	پایاپای	-	-	-	N1
13	در	-	-	-	Pr
14	زمان	-	-	-	N1
15	جنگ	-	-	-	V1

0	تحمیلی	-	-	-	A0
1	خواهد بود	-	-	-	V3
2	.	-	-	-	endDelim

0	معاون	-	-	-	N1
1	بین‌الملل	-	-	-	A0
2	بانک	-	-	-	N1
3	مرکزی	-	-	-	A0
4	می‌گوید	-	-	-	V1
5	:	-	-	-	endDelim

0	آمریکایی‌ها	-	-	-	A0
1	پیش‌از	-	-	-	Pr1
2	١٣	-	-	-	number
3	آبان	-	-	-	N1
4	هرچه	-	-	-	Ad
5	در	-	-	-	Pr
6	توان	-	-	-	V4

0	داشتند	-	-	-	V2
1	،	-	-	-	endDelim

0	انجام	-	-	-	N1
1	دادند	-	-	-	V2

0	اما	-	-	-	C0
1	با	-	-	-	Pr
2	برنامه‌ریزی‌ها	-	-	-	N1
3	،	-	-	-	endDelim
4	تلاش	-	-	-	N1
5	داریم	-	-	-	V1

0	هزینه‌های	-	-	-	N1
1	تحریم	-	-	-	N1
2	را	-	-	-	Po
3	کاهش	-	-	-	N1
4	داده	-	-	-	N1
5	و	-	-	-	conjunction
6	اجازه	-	-	-	N1
7	ندهیم	-	-	-	V1

0	جریان	-	-	-	N1
1	تجاری	-	-	-	A0
2	کشور	-	-	-	N1
3	متوقف	-	-	-	A0
4	شود	-	-	-	V1
5	؛	-	-	-	endDelim

0	ضمن	-	-	-	N1
1	آنکه	-	-	-	Ad
2	اروپایی‌ها	-	-	-	A0
3	به	-	-	-	Pr
4	چند	-	-	-	NA
5	دلیل	-	-	-	N1
6	نمی‌خواهند	-	-	-	V1

0	تجارت	-	-	-	N1
1	با	-	-	-	Pr
2	ایران	-	-	-	N2
3	را	-	-	-	Po
4	رها	-	-	-	V1

0	کنند	-	-	-	V1
1	.	-	-	-	endDelim

0	براساس	-	-	-	Pr1
1	اعلام	-	-	-	N1
2	بانک	-	-	-	N1
3	صادرات	-	-	-	N1
4	ایران	-	-	-	N2
5	،	-	-	-	endDelim
6	حسین	-	-	-	N3
7	یعقوبی	-	-	-	N4
8	میاب	-	-	-	undefined
9	تأکید	-	-	-	N1
10	می‌کند	-	-	-	V1
11	:	-	-	-	endDelim

0	تحریم‌های	-	-	-	N1
1	اخیر	-	-	-	A0
2	مانند	-	-	-	N1
3	تحریم‌های	-	-	-	N1
4	سازمان	-	-	-	N1
5	ملل	-	-	-	N1
6	گسترده	-	-	-	A0
7	نیست	-	-	-	N1
8	و	-	-	-	conjunction
9	به	-	-	-	Pr
10	همین	-	-	-	A1
11	دلیل	-	-	-	N1
12	ابزارهای	-	-	-	N1
13	بهتری	-	-	-	A0
14	برای	-	-	-	Pr
15	مقابله	-	-	-	N1
16	با	-	-	-	Pr
17	آنها	-	-	-	N5
18	در	-	-	-	Pr
19	اختیار	-	-	-	N1
20	داریم	-	-	-	V1
21	.	-	-	-	endDelim

0	معاون	-	-	-	N1
1	بین‌الملل	-	-	-	A0
2	بانک	-	-	-	N1
3	مرکزی	-	-	-	A0
4	تأکید	-	-	-	N1
5	می‌کند	-	-	-	V1
6	:	-	-	-	endDelim

0	دولت	-	-	-	N1
1	آمریکا	-	-	-	N2
2	سعی	-	-	-	A0
3	کرده است	-	-	-	V2

0	با	-	-	-	Pr
1	خروج	-	-	-	N1
2	از	-	-	-	Pr
3	برجام	-	-	-	undefined
4	،	-	-	-	endDelim
5	اقتصاد	-	-	-	N1
6	ایران	-	-	-	N2
7	را	-	-	-	Po
8	دچار	-	-	-	Ad
9	اختلال	-	-	-	N1
10	کند	-	-	-	A0
11	اما	-	-	-	C0
12	حضور	-	-	-	N1
13	اروپایی‌ها	-	-	-	A0
14	و	-	-	-	conjunction
15	تعهداتی	-	-	-	N1
16	که	-	-	-	C0
17	دادند	-	-	-	V2
18	،	-	-	-	endDelim

0	فشار	-	-	-	N1
1	را	-	-	-	Po
2	کم‌تر	-	-	-	A0
3	کرد	-	-	-	V2
4	؛	-	-	-	endDelim

0	تا	-	-	-	Pr
1	زمانی‌که	-	-	-	C1
2	اروپایی‌ها	-	-	-	A0
3	حضور	-	-	-	N1
4	دارند	-	-	-	V1

0	معافیت‌های	-	-	-	N1
1	خوب	-	-	-	A0
2	همچنان	-	-	-	Ad
3	وجود	-	-	-	N1
4	خواهد داشت	-	-	-	V2
5	.	-	-	-	endDelim

0	یعقوبی	-	-	-	N4
1	می‌افزاید	-	-	-	V1
2	:	-	-	-	endDelim

0	تصور	-	-	-	N1
1	می‌کنم	-	-	-	V1

0	اروپایی‌ها	-	-	-	A0
1	به	-	-	-	Pr
2	۲	-	-	-	number
3	دلیل	-	-	-	N1
4	به‌زودی	-	-	-	Ad
5	کنار	-	-	-	N1
6	نخواهند رفت	-	-	-	V2
7	؛	-	-	-	endDelim

0	نخست	-	-	-	A0
1	به‌واسطه	-	-	-	N1
2	جنگ	-	-	-	V1

0	تجاری	-	-	-	A0
1	آنها	-	-	-	N5
2	با	-	-	-	Pr
3	آمریکا	-	-	-	N2
4	و	-	-	-	conjunction
5	دوم	-	-	-	A0
6	اینکه	-	-	-	Ad
7	به‌دنبال	-	-	-	Pr1
8	تقویت	-	-	-	N1
9	جایگاه	-	-	-	N1
10	اروپا	-	-	-	N2
11	در	-	-	-	Pr
12	فضای	-	-	-	N1
13	اقتصاد	-	-	-	N1
14	بین‌الملل	-	-	-	A0
15	هستند	-	-	-	V3
16	.	-	-	-	endDelim

0	رویترز	-	-	-	undefined
1	به	-	-	-	Pr
2	نقل	-	-	-	N1
3	از	-	-	-	Pr
4	۳	-	-	-	number
5	دیپلمات	-	-	-	N1
6	اروپایی	-	-	-	A0
7	گزارش	-	-	-	N1
8	داد	-	-	-	V2
9	:	-	-	-	endDelim

0	کانال	-	-	-	N1
1	مالی	-	-	-	A0
2	یا	-	-	-	C0
3	سازوکار	-	-	-	N1
4	اتحادیه	-	-	-	N1
5	اروپا	-	-	-	N2
6	برای	-	-	-	Pr
7	تسهیل	-	-	-	N1
8	پرداخت	-	-	-	V2

0	پول	-	-	-	N1
1	اقلام	-	-	-	mokassar
2	صادراتی	-	-	-	A0
3	ایران	-	-	-	N2
4	به	-	-	-	Pr
5	اروپا	-	-	-	N2
6	با	-	-	-	Pr
7	هدف	-	-	-	N1
8	عبور	-	-	-	N1
9	از	-	-	-	Pr
10	تحریم‌های	-	-	-	N1
11	آمریکا	-	-	-	N2
12	،	-	-	-	endDelim
13	تا	-	-	-	Pr
14	سیزدهم	-	-	-	Nu
15	آبان	-	-	-	N1
16	به	-	-	-	Pr
17	شکل	-	-	-	N1
18	نمادین	-	-	-	A0
19	آماده	-	-	-	A0
20	می‌شود	-	-	-	V1

0	اما	-	-	-	C0
1	عملیاتی	-	-	-	A0
2	شدن	-	-	-	V3

0	آن	-	-	-	A1
1	تا	-	-	-	Pr
2	اوایل	-	-	-	Ad
3	زمستان	-	-	-	N1
4	سال‌جاری	-	-	-	undefined
5	طول	-	-	-	N1
6	می‌کشد	-	-	-	V1
7	.	-	-	-	endDelim

0	وزیر	-	-	-	N1
1	امور	-	-	-	mokassar
2	اقتصادی	-	-	-	A0
3	و	-	-	-	conjunction
4	دارایی	-	-	-	N1
5	با	-	-	-	Pr
6	بیان	-	-	-	N1
7	اینکه	-	-	-	Ad
8	تحریمی	-	-	-	A0
9	که	-	-	-	C0
10	می‌خواهند	-	-	-	V1

0	در	-	-	-	Pr
1	۱۳	-	-	-	number
2	آبان	-	-	-	N1
3	اعلام	-	-	-	N1
4	کنند	-	-	-	V1

0	قبلا	-	-	-	Ad
1	اجرایی	-	-	-	A0
2	کرده‌اند	-	-	-	V2
3	،	-	-	-	endDelim

0	گفت	-	-	-	V2
1	:	-	-	-	endDelim

0	اولین	-	-	-	A0
1	برنامه	-	-	-	N1
2	مدنظر	-	-	-	N1
3	،	-	-	-	endDelim
4	تامین	-	-	-	A0
5	مالی	-	-	-	A0
6	اقتصادی	-	-	-	A0
7	و	-	-	-	conjunction
8	دومین	-	-	-	A0
9	کار	-	-	-	N1
10	بهبود	-	-	-	N1
11	فضای	-	-	-	N1
12	کسب‌وکار	-	-	-	N1
13	اقتصادی	-	-	-	A0
14	ازطریق	-	-	-	Pr1
15	تسهیل	-	-	-	N1
16	شرایط	-	-	-	mokassar
17	گمرکی	-	-	-	A0
18	است	-	-	-	V3
19	.	-	-	-	endDelim

0	به	-	-	-	Pr
1	گزارش	-	-	-	N1
2	فارس	-	-	-	N1
3	،	-	-	-	endDelim
4	فرهاد	-	-	-	N3
5	دژپسند	-	-	-	undefined
6	وزیر	-	-	-	N1
7	امور	-	-	-	mokassar
8	اقتصادی	-	-	-	A0
9	و	-	-	-	conjunction
10	دارایی	-	-	-	N1
11	با	-	-	-	Pr
12	بیان	-	-	-	N1
13	اینکه	-	-	-	Ad
14	تحریمی	-	-	-	A0
15	که	-	-	-	C0
16	می‌خواهند	-	-	-	V1

0	در	-	-	-	Pr
1	۱۳	-	-	-	number
2	آبان	-	-	-	N1
3	اعلام	-	-	-	N1
4	کنند	-	-	-	V1
5	،	-	-	-	endDelim

0	قبلا	-	-	-	Ad
1	اجرایی	-	-	-	A0
2	کرده‌اند	-	-	-	V2
3	،	-	-	-	endDelim

0	گفت	-	-	-	V2
1	:	-	-	-	endDelim

0	در	-	-	-	Pr
1	وزارت	-	-	-	N1
2	امور	-	-	-	mokassar
3	اقتصادی	-	-	-	A0
4	و	-	-	-	conjunction
5	دارایی	-	-	-	N1
6	در	-	-	-	Pr
7	حال	-	-	-	N1
8	رصد	-	-	-	N1
9	برنامه‌های	-	-	-	N1
10	دشمن	-	-	-	A0
11	و	-	-	-	conjunction
12	در	-	-	-	Pr
13	حال	-	-	-	N1
14	آماده‌سازی	-	-	-	N1
15	بسته‌هایی	-	-	-	A0
16	برای	-	-	-	Pr
17	مواجهه	-	-	-	N1
18	با	-	-	-	Pr
19	این	-	-	-	A1
20	دشمنی‌ها	-	-	-	N1
21	هستیم	-	-	-	N1
22	.	-	-	-	endDelim
23	دژپسند	-	-	-	undefined
24	درباره	-	-	-	N1
25	برنامه‌های	-	-	-	N1
26	اصلی	-	-	-	A0
27	خود	-	-	-	N8
28	در	-	-	-	Pr
29	وزارت	-	-	-	N1
30	امور	-	-	-	mokassar
31	اقتصادی	-	-	-	A0
32	و	-	-	-	conjunction
33	دارایی	-	-	-	N1
34	گفت	-	-	-	V2
35	:	-	-	-	endDelim

0	طبیعی	-	-	-	A0
1	است	-	-	-	V3

0	که	-	-	-	C0
1	در	-	-	-	Pr
2	این	-	-	-	A1
3	شرایط	-	-	-	mokassar
4	همه	-	-	-	N1
5	انتظار	-	-	-	N1
6	دارند	-	-	-	V1

0	که	-	-	-	C0
1	باتوجه	-	-	-	N1
2	به	-	-	-	Pr
3	تحریم‌های	-	-	-	N1
4	دشمن	-	-	-	A0
5	،	-	-	-	endDelim
6	ببینند	-	-	-	V1

0	ما	-	-	-	N5
1	چه	-	-	-	NA
2	برنامه‌ای	-	-	-	A0
3	را	-	-	-	Po
4	تدارک	-	-	-	N1
5	دیدیم	-	-	-	V2
6	.	-	-	-	endDelim

0	وی	-	-	-	N5
1	افزود	-	-	-	V2
2	:	-	-	-	endDelim

0	اولین	-	-	-	A0
1	برنامه	-	-	-	N1
2	مدنظر	-	-	-	N1
3	،	-	-	-	endDelim
4	تامین	-	-	-	A0
5	مالی	-	-	-	A0
6	اقتصادی	-	-	-	A0
7	است	-	-	-	V3
8	.	-	-	-	endDelim

0	دومین	-	-	-	A0
1	کار	-	-	-	N1
2	بهبود	-	-	-	N1
3	فضای	-	-	-	N1
4	کسب‌وکار	-	-	-	N1
5	اقتصادی	-	-	-	A0
6	ازطریق	-	-	-	Pr1
7	تسهیل	-	-	-	N1
8	شرایط	-	-	-	mokassar
9	گمرکی	-	-	-	A0
10	است	-	-	-	V3
11	.	-	-	-	endDelim

0	سومین	-	-	-	A0
1	کار	-	-	-	N1
2	این	-	-	-	A1
3	است	-	-	-	V3

0	که	-	-	-	C0
1	بتوانیم	-	-	-	V1

0	سیاست‌های	-	-	-	N1
1	خصوصی‌سازی	-	-	-	N1
2	را	-	-	-	Po
3	همان‌طور	-	-	-	undefined
4	که	-	-	-	C0
5	دراصل	-	-	-	Ad
6	۴۴	-	-	-	number
7	آمده است	-	-	-	V2

0	پیاده	-	-	-	A0
1	کنیم	-	-	-	V1

0	و	-	-	-	conjunction
1	درنهایت	-	-	-	Ad
2	با	-	-	-	Pr
3	الکترونیکی	-	-	-	A0
4	کردن	-	-	-	V2

0	و	-	-	-	conjunction
1	ساماندهی	-	-	-	N1
2	مشخص	-	-	-	A0
3	،	-	-	-	endDelim
4	با	-	-	-	Pr
5	فساد	-	-	-	N1
6	مقابله	-	-	-	N1
7	کنیم	-	-	-	V1

0	چراکه	-	-	-	Ad
1	فساد	-	-	-	N1
2	،	-	-	-	endDelim
3	اقتصاد	-	-	-	N1
4	را	-	-	-	Po
5	زمین‌گیر	-	-	-	A0
6	می‌کند	-	-	-	V1
7	.	-	-	-	endDelim

0	امیدوارم	-	-	-	A0
1	در	-	-	-	Pr
2	این	-	-	-	A1
3	کارها	-	-	-	N1
4	با	-	-	-	Pr
5	همکاری	-	-	-	N1
6	دیگران	-	-	-	N5
7	،	-	-	-	endDelim
8	گام	-	-	-	N1
9	بلندی	-	-	-	N1
10	برداریم	-	-	-	V1
11	.	-	-	-	endDelim
