
0	درهم‌تنیدگی	-	-	-	N1
1	کوانتومی	-	-	-	A0
2	می‌گوید	-	-	-	V1

0	«	-	-	-	startDelim
1	در	-	-	-	Pr
2	سامانه‌های	-	-	-	N1
3	مرکب	-	-	-	A0
4	با	-	-	-	Pr
5	وضعیت‌هایی	-	-	-	N1
6	مواجه	-	-	-	A0
7	می‌شویم	-	-	-	V1

0	که	-	-	-	C0
1	در	-	-	-	Pr
2	آن	-	-	-	A1
3	اجزای	-	-	-	N1
4	سامانه	-	-	-	N1
5	دارای	-	-	-	A0
6	هیچ	-	-	-	A1
7	ویژگی	-	-	-	N1
8	نیستند	-	-	-	N1
9	بلکه	-	-	-	Ad
10	فقط	-	-	-	Ad
11	سامانه‌ی	-	-	-	N1
12	کل	-	-	-	A0
13	دارای	-	-	-	A0
14	دسته‌ای	-	-	-	A0
15	از	-	-	-	Pr
16	ویژگی‌ها	-	-	-	N1
17	است	-	-	-	V3
18	.	-	-	-	endDelim

0	»	-	-	-	endDelim
1	به	-	-	-	Pr
2	زبان	-	-	-	N1
3	ساده	-	-	-	A0
4	و	-	-	-	conjunction
5	به	-	-	-	Pr
6	عنوان	-	-	-	N1
7	اولین	-	-	-	A0
8	مثال	-	-	-	N1
9	تاریخی	-	-	-	A0
10	،	-	-	-	endDelim
11	درهم‌تنیدگی	-	-	-	N1
12	جفت	-	-	-	V1

0	شدن	-	-	-	V3

0	خواص	-	-	-	mokassar
1	مکانیکی	-	-	-	A0
2	دو	-	-	-	Nu
3	ذره	-	-	-	N1
4	است	-	-	-	V3
5	،	-	-	-	endDelim

0	ذراتی	-	-	-	N1
1	که	-	-	-	C0
2	پیش‌تر	-	-	-	A0
3	با	-	-	-	Pr
4	یکدیگر	-	-	-	N8
5	در	-	-	-	Pr
6	اندرکنش	-	-	-	N1
7	بوده	-	-	-	V2

0	و	-	-	-	conjunction
1	سپس	-	-	-	Ad
2	از	-	-	-	Pr
3	یکدیگر	-	-	-	N8
4	جدا	-	-	-	A0
5	شده‌اند	-	-	-	V3
6	.	-	-	-	endDelim

0	درهم‌تنیدگی	-	-	-	N1
1	برای	-	-	-	Pr
2	ذراتی	-	-	-	N1
3	همچون	-	-	-	Pr
4	فوتون‌ها	-	-	-	N1
5	،	-	-	-	endDelim
6	الکترون‌ها	-	-	-	N1
7	و	-	-	-	conjunction
8	حتی	-	-	-	Ad
9	مولکول‌ها	-	-	-	N1
10	رخ	-	-	-	N1
11	می‌دهد	-	-	-	V1
12	.	-	-	-	endDelim

0	این	-	-	-	A1
1	اندرکنش	-	-	-	N1
2	فیزیکی	-	-	-	A0
3	مربوط	-	-	-	A0
4	به	-	-	-	Pr
5	خواصی	-	-	-	mokassar
6	نظیر	-	-	-	N1
7	مکان	-	-	-	N1
8	،	-	-	-	endDelim
9	تکانه	-	-	-	N1
10	،	-	-	-	endDelim
11	اسپین	-	-	-	N1
12	و	-	-	-	conjunction
13	قطبش	-	-	-	N1
14	و	-	-	-	conjunction
15	…	-	-	-	abbrv
16	است	-	-	-	V3

0	به	-	-	-	Pr
1	گونه‌ای	-	-	-	N1
2	که	-	-	-	C0
3	با	-	-	-	Pr
4	تعیین	-	-	-	N1
5	هر	-	-	-	A1
6	یک	-	-	-	Nu
7	از	-	-	-	Pr
8	خواص	-	-	-	mokassar
9	برای	-	-	-	Pr
10	یکی	-	-	-	A2
11	از	-	-	-	Pr
12	دو	-	-	-	Nu
13	ذره	-	-	-	N1
14	همان	-	-	-	A1
15	خاصیت	-	-	-	N1
16	در	-	-	-	Pr
17	دیگری	-	-	-	A2
18	تعیین	-	-	-	N1
19	می‌شود	-	-	-	V1
20	.	-	-	-	endDelim

0	به	-	-	-	Pr
1	عبارت	-	-	-	N1
2	دیگر	-	-	-	Ad
3	هر	-	-	-	A1
4	یک	-	-	-	Nu
5	از	-	-	-	Pr
6	ذرات	-	-	-	N1
7	جفت	-	-	-	V1

0	شده	-	-	-	V3

0	به	-	-	-	Pr
1	خوبی	-	-	-	N1
2	توسط	-	-	-	N1
3	حالت	-	-	-	N1
4	کوانتومی	-	-	-	A0
5	مشابه	-	-	-	N1
6	توصیف	-	-	-	N1
7	می‌شوند	-	-	-	V1
8	.	-	-	-	endDelim

0	فلسفه‌ای	-	-	-	N1
1	که	-	-	-	C0
2	منجر	-	-	-	A0
3	به	-	-	-	Pr
4	شکل‌گیری‌ی	-	-	-	N1
5	زبان‌های‌شی	-	-	-	N1
6	گرا	-	-	-	V1

0	شد	-	-	-	V3
1	،	-	-	-	endDelim

0	عبارت	-	-	-	N1
1	بود	-	-	-	V2

0	از	-	-	-	Pr
1	این	-	-	-	A1
2	واقعیت	-	-	-	N1
3	که	-	-	-	C0
4	نحوه‌ی	-	-	-	N1
5	عملکرد	-	-	-	N1
6	مغز	-	-	-	N1
7	و	-	-	-	conjunction
8	شیوه‌ی	-	-	-	N1
9	دریافت	-	-	-	V2

0	اطلاعات	-	-	-	N1
1	از	-	-	-	Pr
2	محیط	-	-	-	A0
3	پیرامون	-	-	-	N1
4	و	-	-	-	conjunction
5	پردازش	-	-	-	N1
6	آن	-	-	-	A1
7	اطلاعات	-	-	-	N1
8	(	-	-	-	startDelim
9	اندیشیدن	-	-	-	V2
10	)	-	-	-	endDelim

0	،	-	-	-	endDelim
1	شیوه‌ای‌شی	-	-	-	A0
2	گراست	-	-	-	N1
3	،	-	-	-	endDelim
4	از	-	-	-	Pr
5	همین	-	-	-	A1
6	روی	-	-	-	Pr1
7	می‌بایستی	-	-	-	V4

0	زبانی	-	-	-	A0
1	تعریف	-	-	-	N1
2	می‌شد	-	-	-	V3

0	که	-	-	-	C0
1	همین	-	-	-	A1
2	شیوه	-	-	-	N1
3	را	-	-	-	Po
4	مبنای	-	-	-	N1
5	کار	-	-	-	N1
6	خود	-	-	-	N8
7	قرار	-	-	-	N1
8	داده	-	-	-	N1
9	و	-	-	-	conjunction
10	بازتولید	-	-	-	N1
11	می‌کرد	-	-	-	V2
12	؛	-	-	-	endDelim

0	و	-	-	-	conjunction
1	دقیقاً	-	-	-	Ad
2	به	-	-	-	Pr
3	همان	-	-	-	A1
4	شکل	-	-	-	N1
5	که	-	-	-	C0
6	اشیا	-	-	-	N1
7	در	-	-	-	Pr
8	جهان	-	-	-	N1
9	خارج	-	-	-	N1
10	،	-	-	-	endDelim
11	دارای	-	-	-	A0
12	هویت	-	-	-	N1
13	و	-	-	-	conjunction
14	کارکرد	-	-	-	N1
15	مشخص	-	-	-	A0
16	و	-	-	-	conjunction
17	یگانه	-	-	-	A0
18	برای	-	-	-	Pr
19	خود	-	-	-	N8
20	هستند	-	-	-	V3

0	و	-	-	-	conjunction
1	درعین‌حال	-	-	-	C1
2	با	-	-	-	Pr
3	دیگر	-	-	-	Ad
4	اشیا	-	-	-	N1
5	در	-	-	-	Pr
6	ارتباطی	-	-	-	A0
7	تنگاتنگ	-	-	-	A0
8	و	-	-	-	conjunction
9	مستقیم‌اند	-	-	-	A0
10	،	-	-	-	endDelim
11	در	-	-	-	Pr
12	زبان‌های	-	-	-	N1
13	برنامه‌نویسی	-	-	-	N1
14	نیز	-	-	-	Ad
15	می‌بایستی	-	-	-	V4

0	این	-	-	-	A1
1	اصول	-	-	-	N1
2	کلی	-	-	-	A0
3	برقرار	-	-	-	A0
4	می‌شد	-	-	-	V3
5	.	-	-	-	endDelim

0	تابه	-	-	-	N1
1	این	-	-	-	A1
2	شکل	-	-	-	N1
3	،	-	-	-	endDelim
4	برنامه‌نویس	-	-	-	N1
5	بتواند	-	-	-	V1

0	با	-	-	-	Pr
1	بهره‌گیری	-	-	-	N1
2	از	-	-	-	Pr
3	زبانی	-	-	-	A0
4	که	-	-	-	C0
5	به	-	-	-	Pr
6	روش	-	-	-	N1
7	اندیشیدنش	-	-	-	V2
8	،	-	-	-	endDelim

0	نزدیکی	-	-	-	N1
1	بیشتری	-	-	-	A0
2	دارد	-	-	-	V1
3	،	-	-	-	endDelim

0	شی‌های	-	-	-	undefined
1	مختلفی	-	-	-	A0
2	را	-	-	-	Po
3	تعریف	-	-	-	N1
4	نموده	-	-	-	A0
5	،	-	-	-	endDelim
6	این	-	-	-	A1
7	شی‌ها	-	-	-	undefined
8	را	-	-	-	Po
9	در	-	-	-	Pr
10	ارتباط	-	-	-	N1
11	با	-	-	-	Pr
12	یکدیگر	-	-	-	N8
13	قرار	-	-	-	N1
14	داده	-	-	-	N1
15	و	-	-	-	conjunction
16	از	-	-	-	Pr
17	شی‌های	-	-	-	undefined
18	پویای	-	-	-	A0
19	تولیدشده	-	-	-	A0
20	برای	-	-	-	Pr
21	حل	-	-	-	N1
22	مسئله‌ی	-	-	-	N1
23	پیشروی	-	-	-	N1
24	استفاده	-	-	-	N1
25	نماید	-	-	-	V1
26	.	-	-	-	endDelim

0	امروزه	-	-	-	Ad
1	اکثر	-	-	-	A0
2	زبان‌های	-	-	-	N1
3	دستوری	-	-	-	A0
4	برنامه‌نویسی	-	-	-	N1
5	از	-	-	-	Pr
6	فنون	-	-	-	N1
7	شی‌گرایی	-	-	-	undefined
8	پشتیبانی	-	-	-	N1
9	می‌کنند	-	-	-	V1
10	.	-	-	-	endDelim

0	زبان‌هایی	-	-	-	N1
1	مانند	-	-	-	N1
2	جاوا	-	-	-	undefined
3	،	-	-	-	endDelim
4	سی	-	-	-	Nu
5	+	-	-	-	betwDelim
6	+	-	-	-	betwDelim
7	،	-	-	-	endDelim
8	سی	-	-	-	Nu
9	شارپ	-	-	-	N1
10	،	-	-	-	endDelim
11	دلفی	-	-	-	undefined
12	ازجمله	-	-	-	Ad
13	زبان‌های	-	-	-	N1
14	شی‌گرا	-	-	-	undefined
15	هستند	-	-	-	V3
16	.	-	-	-	endDelim

0	حتی	-	-	-	Ad
1	بسیاری	-	-	-	A2
2	از	-	-	-	Pr
3	زبان‌های	-	-	-	N1
4	روال	-	-	-	N1
5	گونه	-	-	-	N1
6	که	-	-	-	C0
7	ساختار	-	-	-	N1
8	برنامه‌ها	-	-	-	N1
9	در	-	-	-	Pr
10	آن‌ها	-	-	-	N5
11	بلوک‌هایی	-	-	-	N1
12	بانام	-	-	-	A0
13	پروسیجر	-	-	-	undefined
14	است	-	-	-	V3

0	امروزه	-	-	-	Ad
1	از	-	-	-	Pr
2	فنون	-	-	-	N1
3	شی‌گرایی	-	-	-	undefined
4	نیز	-	-	-	Ad
5	پشتبانی	-	-	-	N1
6	می‌کنند	-	-	-	V1
7	.	-	-	-	endDelim

0	زبان‌های	-	-	-	N1
1	سی	-	-	-	Nu
2	+	-	-	-	betwDelim
3	+‌وپی‌اچ‌پی	-	-	-	Si
4	از	-	-	-	Pr
5	این	-	-	-	A1
6	جمله	-	-	-	N1
7	هستند	-	-	-	V3
8	.	-	-	-	endDelim

0	هر	-	-	-	A1
1	شی‌ء	-	-	-	N1
2	یک	-	-	-	Nu
3	سری	-	-	-	N1
4	خصوصیت	-	-	-	N1
5	و	-	-	-	conjunction
6	قابلیت	-	-	-	N1
7	دارد	-	-	-	V1
8	،	-	-	-	endDelim

0	که	-	-	-	C0
1	اصطلاحاً	-	-	-	Ad
2	Properties	-	-	-	englishWord
3	و	-	-	-	conjunction
4	Operation	-	-	-	englishWord
5	خوانده می‌شوند	-	-	-	V2
6	.	-	-	-	endDelim

0	در	-	-	-	Pr
1	این	-	-	-	A1
2	پارادایم	-	-	-	N1
3	برنامه‌نویسی	-	-	-	N1
4	،	-	-	-	endDelim
5	دید	-	-	-	V2

0	برنامه‌نویس	-	-	-	N1
1	به	-	-	-	Pr
2	سیستم	-	-	-	N1
3	دید	-	-	-	V2

0	شخصی	-	-	-	A0
1	است	-	-	-	V3

0	که	-	-	-	C0
1	سعی	-	-	-	A0
2	می‌نماید	-	-	-	V1

0	با	-	-	-	Pr
1	پیدا	-	-	-	A0
2	کردن	-	-	-	V2

0	اشیاء	-	-	-	N1
1	مختلف	-	-	-	A0
2	در	-	-	-	Pr
3	سیستم	-	-	-	N1
4	و	-	-	-	conjunction
5	برقراری	-	-	-	N1
6	ارتباط	-	-	-	N1
7	بین	-	-	-	V1

0	آن‌ها	-	-	-	N5
1	سیستم	-	-	-	N1
2	را	-	-	-	Po
3	تولید	-	-	-	N1
4	نماید	-	-	-	V1
5	.	-	-	-	endDelim

0	ردیت	-	-	-	N1
1	یک	-	-	-	Nu
2	وب‌گاه	-	-	-	undefined
3	برای	-	-	-	Pr
4	جمع‌آوری	-	-	-	N1
5	اخبار	-	-	-	mokassar
6	اجتماعی	-	-	-	A0
7	که	-	-	-	C0
8	در	-	-	-	Pr
9	آن	-	-	-	A1
10	کاربران	-	-	-	A0
11	ثبت‌نام‌کرده	-	-	-	A0
12	قادرند	-	-	-	A0
13	اخبار	-	-	-	mokassar
14	را	-	-	-	Po
15	در	-	-	-	Pr
16	قالب	-	-	-	N1
17	لینک	-	-	-	N1
18	یا	-	-	-	C0
19	متن	-	-	-	N1
20	ارسال	-	-	-	N1
21	کنند	-	-	-	V1

0	و	-	-	-	conjunction
1	آن	-	-	-	A1
2	را	-	-	-	Po
3	با	-	-	-	Pr
4	دیگران	-	-	-	N5
5	به	-	-	-	Pr
6	اشتراک	-	-	-	N1
7	بگذارند	-	-	-	V1
8	.	-	-	-	endDelim

0	کاربران	-	-	-	A0
1	می‌توانند	-	-	-	V4

0	به	-	-	-	Pr
1	پست	-	-	-	N1
2	یا	-	-	-	C0
3	گزارش‌های	-	-	-	N1
4	نوشته شده	-	-	-	V2

0	رأی	-	-	-	N1
1	دهند	-	-	-	V1

0	و	-	-	-	conjunction
1	جایگاه	-	-	-	N1
2	آن	-	-	-	A1
3	خبر	-	-	-	N1
4	را	-	-	-	Po
5	در	-	-	-	Pr
6	صفحات	-	-	-	N1
7	ردیت	-	-	-	N1
8	و	-	-	-	conjunction
9	صفحه‌ی	-	-	-	N1
10	اصلی	-	-	-	A0
11	مشخص	-	-	-	A0
12	کنند	-	-	-	V1
13	.	-	-	-	endDelim

0	درواقع	-	-	-	Ad
1	کاربران	-	-	-	A0
2	هستند	-	-	-	V3

0	که	-	-	-	C0
1	در	-	-	-	Pr
2	ردیت	-	-	-	N1
3	اهمیت	-	-	-	N1
4	خبر	-	-	-	N1
5	را	-	-	-	Po
6	تعیین	-	-	-	N1
7	می‌کنند	-	-	-	V1
8	.	-	-	-	endDelim

0	این	-	-	-	A1
1	وب‌گاه	-	-	-	undefined
2	در	-	-	-	Pr
3	سال	-	-	-	N1
4	۲۰۰۵	-	-	-	number
5	توسط	-	-	-	N1
6	استیو	-	-	-	N3
7	هافمن	-	-	-	N4
8	و	-	-	-	conjunction
9	الکسیس	-	-	-	undefined
10	اوهانیان	-	-	-	undefined
11	که	-	-	-	C0
12	هر	-	-	-	A1
13	دو	-	-	-	Nu
14	دانش	-	-	-	N1
15	آموخته‌ی	-	-	-	A0
16	دانشگاه	-	-	-	N1
17	ویرجینیا	-	-	-	N2
18	هستند	-	-	-	V3

0	تأسیس	-	-	-	N1
1	شد	-	-	-	V3
2	.	-	-	-	endDelim

0	دفتر	-	-	-	N1
1	مرکزی	-	-	-	A0
2	ردیت	-	-	-	N1
3	در	-	-	-	Pr
4	سان‌فرانسیسکو	-	-	-	N2
5	،	-	-	-	endDelim
6	کالیفرنیا	-	-	-	N2
7	در	-	-	-	Pr
8	ایالات‌متحده	-	-	-	N2
9	آمریکا	-	-	-	N2
10	است	-	-	-	V3
11	.	-	-	-	endDelim

0	درخشش	-	-	-	N1
1	یا	-	-	-	C0
2	تلألؤ	-	-	-	N1
3	(	-	-	-	startDelim
4	به	-	-	-	Pr
5	انگلیسی	-	-	-	A0
6	:	-	-	-	endDelim
7	The	-	-	-	englishWord
8	Shining	-	-	-	englishWord
9	)	-	-	-	endDelim
10	فیلمی	-	-	-	N1
11	در	-	-	-	Pr
12	سبک	-	-	-	N1
13	ترسناک	-	-	-	A0
14	روانشناسانه	-	-	-	A0
15	محصول	-	-	-	N1
16	آمریکا	-	-	-	N2
17	و	-	-	-	conjunction
18	بریتانیا	-	-	-	N2
19	به	-	-	-	Pr
20	کارگردانی	-	-	-	N1
21	و	-	-	-	conjunction
22	تهیه‌کنندگی	-	-	-	N1
23	استنلی	-	-	-	undefined
24	کوبریک	-	-	-	undefined
25	است	-	-	-	V3

0	که	-	-	-	C0
1	در	-	-	-	Pr
2	سال	-	-	-	N1
3	۱۹۸۰	-	-	-	number
4	منتشر	-	-	-	A0
5	شد	-	-	-	V3
6	.	-	-	-	endDelim

0	فیلم‌نامه	-	-	-	N1
1	این	-	-	-	A1
2	کار	-	-	-	N1
3	را	-	-	-	Po
4	کوبریک	-	-	-	undefined
5	ودایان	-	-	-	N1
6	جانسون	-	-	-	N3
7	،	-	-	-	endDelim
8	رمان‌نویس	-	-	-	N1
9	زاده	-	-	-	N1
10	آمریکا	-	-	-	N2
11	نوشتند	-	-	-	V2
12	.	-	-	-	endDelim

0	در	-	-	-	Pr
1	این	-	-	-	A1
2	فیلم	-	-	-	N1
3	هنرپیشگانی	-	-	-	N1
4	همچون	-	-	-	Pr
5	جک	-	-	-	N1
6	نیکلسون	-	-	-	N3
7	،	-	-	-	endDelim
8	شلی	-	-	-	N4
9	دووال	-	-	-	undefined
10	و	-	-	-	conjunction
11	دنی	-	-	-	N3
12	لوید	-	-	-	N1
13	به	-	-	-	Pr
14	ایفای	-	-	-	N1
15	نقش	-	-	-	N1
16	پرداخته‌اند	-	-	-	A0
17	.	-	-	-	endDelim
18	درخشش	-	-	-	N1
19	تنها	-	-	-	A0
20	فیلم	-	-	-	N1
21	کوبریک	-	-	-	undefined
22	در	-	-	-	Pr
23	ژانر	-	-	-	N1
24	وحشت	-	-	-	N1
25	محسوب	-	-	-	A0
26	می‌شود	-	-	-	V1
27	.	-	-	-	endDelim

0	فیلم	-	-	-	N1
1	براساس	-	-	-	Pr1
2	داستانی	-	-	-	A0
3	به	-	-	-	Pr
4	همین	-	-	-	A1
5	نام	-	-	-	N1
6	از	-	-	-	Pr
7	استیون	-	-	-	N3
8	کینگ	-	-	-	undefined
9	ساخته شد	-	-	-	V2
10	.	-	-	-	endDelim

0	جک	-	-	-	N1
1	نیکلسون	-	-	-	N3
2	در	-	-	-	Pr
3	معروف‌ترین	-	-	-	A0
4	سکانس	-	-	-	N1
5	فیلم	-	-	-	N1
6	برداشت‌های	-	-	-	N1
7	مکرر	-	-	-	A0
8	کوبریک	-	-	-	undefined
9	درحین	-	-	-	Pr1
10	این	-	-	-	A1
11	فیلم	-	-	-	N1
12	یکی	-	-	-	A2
13	از	-	-	-	Pr
14	ضرب‌المثل‌های	-	-	-	N1
15	صنعت	-	-	-	N1
16	فیلمسازی	-	-	-	N1
17	شده است	-	-	-	V3
18	.	-	-	-	endDelim

0	او	-	-	-	N5
1	۱۲۷	-	-	-	number
2	مرتبه	-	-	-	N1
3	از	-	-	-	Pr
4	شلی	-	-	-	N4
5	دووال	-	-	-	undefined
6	برای	-	-	-	Pr
7	یکی	-	-	-	A2
8	از	-	-	-	Pr
9	سکانس‌های	-	-	-	N1
10	فیلم	-	-	-	N1
11	فیلمبرداری	-	-	-	N1
12	کرد	-	-	-	V2
13	.	-	-	-	endDelim

0	عصبیت	-	-	-	N1
1	شلی	-	-	-	N4
2	دووال	-	-	-	undefined
3	در	-	-	-	Pr
4	فیلم	-	-	-	N1
5	به	-	-	-	Pr
6	خوبی	-	-	-	N1
7	مشهود	-	-	-	A0
8	است	-	-	-	V3

0	اسکتمن	-	-	-	undefined
1	کراترز	-	-	-	undefined
2	به	-	-	-	Pr
3	نقش	-	-	-	N1
4	آشپز	-	-	-	N1
5	سیاه‌پوست	-	-	-	A0
6	هتل	-	-	-	N1
7	مجبور	-	-	-	A0
8	شد	-	-	-	V3

0	۴۰	-	-	-	number
1	بار	-	-	-	V1

0	صحنه	-	-	-	N1
1	درگیری	-	-	-	N1
2	با	-	-	-	Pr
3	تبر	-	-	-	N1
4	را	-	-	-	Po
5	بازی	-	-	-	N1
6	کند	-	-	-	A0
7	و	-	-	-	conjunction
8	نهایتاً	-	-	-	Ad
9	دچار	-	-	-	Ad
10	فروپاشی	-	-	-	N1
11	عصبی	-	-	-	A0
12	شده	-	-	-	V3

0	و	-	-	-	conjunction
1	با	-	-	-	Pr
2	گریه	-	-	-	N1
3	به	-	-	-	Pr
4	کوبریک	-	-	-	undefined
5	گفت	-	-	-	V2
6	:	-	-	-	endDelim

0	«	-	-	-	startDelim
1	آقای	-	-	-	N1
2	کوبریک	-	-	-	undefined
3	آخه	-	-	-	Intj
4	چی	-	-	-	NA
5	از	-	-	-	Pr
6	جونم	-	-	-	N1
7	میخواین	-	-	-	undefined
8	؟	-	-	-	endDelim
9	»	-	-	-	endDelim
10	اما	-	-	-	C0
11	کوبریک	-	-	-	undefined
12	سکانس	-	-	-	N1
13	خروج	-	-	-	N1
14	و	-	-	-	conjunction
15	فوران	-	-	-	N1
16	خون	-	-	-	N1
17	از	-	-	-	Pr
18	درون	-	-	-	N1
19	آسانسور	-	-	-	N1
20	هتل	-	-	-	N1
21	اورلووک	-	-	-	undefined
22	را	-	-	-	Po
23	تنها	-	-	-	A0
24	سه	-	-	-	Nu
25	مرتبه	-	-	-	N1
26	تکرار	-	-	-	N1
27	کردو	-	-	-	undefined
28	علت	-	-	-	N1
29	به	-	-	-	Pr
30	سختی	-	-	-	N1
31	تکرار	-	-	-	N1
32	این	-	-	-	A1
33	صحنه	-	-	-	N1
34	بازمی‌گشت	-	-	-	V2

0	که	-	-	-	C0
1	هر	-	-	-	A1
2	بار	-	-	-	V1

0	آماده	-	-	-	A0
1	کردن	-	-	-	V2

0	آن	-	-	-	A1
1	۹	-	-	-	number
2	ساعت	-	-	-	N1
3	طول	-	-	-	N1
4	می‌کشید	-	-	-	V2
5	!	-	-	-	endDelim

0	اما	-	-	-	C0
1	کوبریک	-	-	-	undefined
2	پس‌از	-	-	-	Pr1
3	تماشای	-	-	-	N1
4	سکانس	-	-	-	N1
5	می‌گفت	-	-	-	V2
6	:	-	-	-	endDelim

0	«	-	-	-	startDelim
1	نه	-	-	-	Nu
2	شبیه	-	-	-	A0
3	خون	-	-	-	N1
4	واقعی	-	-	-	A0
5	نشد	-	-	-	V3
6	.	-	-	-	endDelim

0	»	-	-	-	endDelim
1	نکته	-	-	-	N1
2	جالب	-	-	-	A0
3	درمورد	-	-	-	Pr1
4	این	-	-	-	A1
5	صحنه	-	-	-	N1
6	این	-	-	-	A1
7	بود	-	-	-	V2

0	که	-	-	-	C0
1	اداره	-	-	-	N1
2	سانسور	-	-	-	N1
3	انگلستان	-	-	-	N2
4	از	-	-	-	Pr
5	وفور	-	-	-	N1
6	این	-	-	-	A1
7	همه	-	-	-	N1
8	خون	-	-	-	N1
9	در	-	-	-	Pr
10	یک	-	-	-	Nu
11	سکانس	-	-	-	N1
12	به	-	-	-	Pr
13	تنگ	-	-	-	A0
14	آمده	-	-	-	V2

0	و	-	-	-	conjunction
1	درجه	-	-	-	N1
2	فیلم	-	-	-	N1
3	را	-	-	-	Po
4	فقط	-	-	-	Ad
5	برای	-	-	-	Pr
6	بزرگسالان	-	-	-	A0
7	اعلام	-	-	-	N1
8	نموده بود	-	-	-	V2

0	اما	-	-	-	C0
1	گویا	-	-	-	A0
2	کوبریک	-	-	-	undefined
3	با	-	-	-	Pr
4	زیرکی	-	-	-	N1
5	آن‌ها	-	-	-	N5
6	را	-	-	-	Po
7	قانع	-	-	-	A0
8	کرد	-	-	-	V2

0	که	-	-	-	C0
1	این	-	-	-	A1
2	مایع	-	-	-	N1
3	لزج	-	-	-	A0
4	،	-	-	-	endDelim
5	خون	-	-	-	N1
6	نبوده	-	-	-	N1
7	بلکه	-	-	-	Ad
8	«	-	-	-	startDelim
9	فاضلاب	-	-	-	N1
10	»	-	-	-	endDelim
11	است	-	-	-	V3
12	.	-	-	-	endDelim

0	بازیگر	-	-	-	N1
1	نقش	-	-	-	N1
2	بچه	-	-	-	N1
3	فیلم	-	-	-	N1
4	تا	-	-	-	Pr
5	۱۲	-	-	-	number
6	سالگی	-	-	-	A0
7	نفهمید	-	-	-	V2

0	که	-	-	-	C0
1	در	-	-	-	Pr
2	فیلمی	-	-	-	N1
3	ترسناک	-	-	-	A0
4	بازی	-	-	-	N1
5	کرده‌است	-	-	-	N1
6	.	-	-	-	endDelim
7	درصورتی‌که	-	-	-	C1
8	در	-	-	-	Pr
9	۷	-	-	-	number
10	سالگی	-	-	-	A0
11	این	-	-	-	A1
12	نقش	-	-	-	N1
13	را	-	-	-	Po
14	بازی	-	-	-	N1
15	کرده بود	-	-	-	V2
16	.	-	-	-	endDelim

0	کوبریک	-	-	-	undefined
1	حس	-	-	-	N1
2	مسئولیت	-	-	-	N1
3	شدیدی	-	-	-	A0
4	در	-	-	-	Pr
5	این	-	-	-	A1
6	خصوص	-	-	-	N1
7	احساس	-	-	-	N1
8	می‌کرد	-	-	-	V2

0	و	-	-	-	conjunction
1	بدین	-	-	-	Pr
2	لحاظ	-	-	-	N1
3	این	-	-	-	A1
4	امر	-	-	-	N1
5	را	-	-	-	Po
6	از	-	-	-	Pr
7	کودک	-	-	-	N1
8	هنرمند	-	-	-	N1
9	پنهان	-	-	-	A0
10	نگاهداشت	-	-	-	undefined
11	تابه	-	-	-	N1
12	روحیه	-	-	-	N1
13	او	-	-	-	N5
14	لطمه‌ای	-	-	-	A0
15	وارد	-	-	-	N1
16	نگردد	-	-	-	V1
17	.	-	-	-	endDelim

0	حتی	-	-	-	Ad
1	بار	-	-	-	V1

0	نخستی	-	-	-	V2

0	که	-	-	-	C0
1	دنی	-	-	-	N3
2	لوید	-	-	-	N1
3	این	-	-	-	A1
4	فیلم	-	-	-	N1
5	را	-	-	-	Po
6	واقعاً	-	-	-	Ad
7	تماشا	-	-	-	N1
8	کرد	-	-	-	V2

0	با	-	-	-	Pr
1	خود	-	-	-	N8
2	استنلی	-	-	-	undefined
3	کوبریک	-	-	-	undefined
4	بود	-	-	-	V2
5	.	-	-	-	endDelim

0	زلاتان	-	-	-	undefined
1	برای	-	-	-	Pr
2	اولین	-	-	-	A0
3	بار	-	-	-	V1

0	در	-	-	-	Pr
1	سال	-	-	-	N1
2	۱۹۹۶	-	-	-	number
3	با	-	-	-	Pr
4	مالمو	-	-	-	undefined
5	قرارداد	-	-	-	N1
6	بست	-	-	-	N1
7	و	-	-	-	conjunction
8	در	-	-	-	Pr
9	سال	-	-	-	N1
10	۱۹۹۹	-	-	-	number
11	در	-	-	-	Pr
12	ترکیب	-	-	-	N1
13	تیم	-	-	-	N1
14	اول	-	-	-	A0
15	این	-	-	-	A1
16	تیم	-	-	-	N1
17	در	-	-	-	Pr
18	لیگ	-	-	-	N1
19	اول	-	-	-	A0
20	سوئد	-	-	-	N2
21	قرار	-	-	-	N1
22	گرفت	-	-	-	V2

0	که	-	-	-	C0
1	در	-	-	-	Pr
2	این	-	-	-	A1
3	سال	-	-	-	N1
4	این	-	-	-	A1
5	تیم	-	-	-	N1
6	با	-	-	-	Pr
7	رتبه	-	-	-	N1
8	سیزدهم	-	-	-	Nu
9	به	-	-	-	Pr
10	لیگ	-	-	-	N1
11	دوم	-	-	-	A0
12	سقوط	-	-	-	N1
13	کرد	-	-	-	V2

0	ولی	-	-	-	C0
1	فصل	-	-	-	N1
2	بعد	-	-	-	A0
3	به	-	-	-	Pr
4	لیگ	-	-	-	N1
5	اول	-	-	-	A0
6	بازگشت	-	-	-	V2
7	.	-	-	-	endDelim

0	پیش‌ازآن‌که	-	-	-	C1
1	لئو	-	-	-	undefined
2	بینهاکر	-	-	-	undefined
3	سرمربی	-	-	-	N1
4	آژاکس	-	-	-	N1
5	علاقه	-	-	-	N1
6	خود	-	-	-	N8
7	را	-	-	-	Po
8	برای	-	-	-	Pr
9	جذب	-	-	-	N1
10	این	-	-	-	A1
11	بازیکن	-	-	-	N1
12	نشان	-	-	-	V1

0	دهد	-	-	-	V1

0	این	-	-	-	A1
1	آرسن	-	-	-	undefined
2	ونگر	-	-	-	N1
3	بود	-	-	-	V2

0	که	-	-	-	C0
1	زلاتان	-	-	-	undefined
2	را	-	-	-	Po
3	کشف	-	-	-	N1
4	کرد	-	-	-	V2

0	اما	-	-	-	C0
1	طی	-	-	-	N1
2	تلاشی	-	-	-	N1
3	ناموفق	-	-	-	A0
4	برای	-	-	-	Pr
5	انتقال	-	-	-	N1
6	وی	-	-	-	N5
7	به	-	-	-	Pr
8	آرسنال	-	-	-	N2
9	ابراهیموویچ	-	-	-	undefined
10	به	-	-	-	Pr
11	آژاکس	-	-	-	N1
12	پیوست	-	-	-	V2
13	.	-	-	-	endDelim

0	در	-	-	-	Pr
1	۲۲	-	-	-	number
2	مارس	-	-	-	N1
3	۲۰۰۱	-	-	-	number
4	ابراهیموویچ	-	-	-	undefined
5	با	-	-	-	Pr
6	قراردادی	-	-	-	A0
7	معادل	-	-	-	A0
8	۸۰	-	-	-	number
9	میلیون	-	-	-	Nu
10	کرون	-	-	-	N1
11	سوئد	-	-	-	N2
12	به	-	-	-	Pr
13	آژاکس	-	-	-	N1
14	پیوست	-	-	-	V2
15	.	-	-	-	endDelim

0	«	-	-	-	startDelim
1	قدرت	-	-	-	N1
2	فقط	-	-	-	Ad
3	نصیب	-	-	-	N1
4	کسانی	-	-	-	N1
5	می‌شود	-	-	-	V1

0	که	-	-	-	C0
1	جرات	-	-	-	N1
2	کنند	-	-	-	V1

0	خم	-	-	-	V1

0	شوند	-	-	-	N1
1	و	-	-	-	conjunction
2	آن	-	-	-	A1
3	را	-	-	-	Po
4	به	-	-	-	Pr
5	دقت	-	-	-	N1
6	بگیرند	-	-	-	A0
7	.	-	-	-	endDelim
8	فقط	-	-	-	Ad
9	یک	-	-	-	Nu
10	چیز	-	-	-	N1
11	مهم	-	-	-	A0
12	است	-	-	-	V3
13	:	-	-	-	endDelim

0	باید	-	-	-	V4

0	فقط	-	-	-	Ad
1	جرات	-	-	-	N1
2	داشت	-	-	-	V2
3	.	-	-	-	endDelim

0	لازم	-	-	-	A0
1	بود	-	-	-	V2

0	بدانم	-	-	-	V1

0	که	-	-	-	C0
1	آیا	-	-	-	NA
2	من	-	-	-	N5
3	هم	-	-	-	Ad
4	مانند	-	-	-	N1
5	همه‌ی	-	-	-	N1
6	مردم	-	-	-	N1
7	شپش	-	-	-	N1
8	هستم	-	-	-	V3

0	یا	-	-	-	C0
1	انسانم	-	-	-	N1
2	؟	-	-	-	endDelim
3	آیا	-	-	-	NA
4	من	-	-	-	N5
5	می‌توانم	-	-	-	V4

0	از	-	-	-	Pr
1	حد	-	-	-	N1
2	معین	-	-	-	A0
3	تجاوز	-	-	-	N1
4	کنم	-	-	-	V1
5	،	-	-	-	endDelim

0	یا	-	-	-	C0
1	نمی‌توانم	-	-	-	V4
2	؟	-	-	-	endDelim

0	آیا	-	-	-	NA
1	جسارت	-	-	-	N1
2	این	-	-	-	A1
3	را	-	-	-	Po
4	دارم	-	-	-	V1

0	که	-	-	-	C0
1	خم	-	-	-	V1

0	شوم	-	-	-	A0
1	و	-	-	-	conjunction
2	آنچه	-	-	-	N1
3	را	-	-	-	Po
4	می‌خواهم	-	-	-	V1
5	،	-	-	-	endDelim

0	بردارم	-	-	-	V1

0	یا	-	-	-	C0
1	نه	-	-	-	Nu
2	.	-	-	-	endDelim
3	آیا	-	-	-	NA
4	موجودی	-	-	-	N1
5	ترسو	-	-	-	A0
6	و	-	-	-	conjunction
7	بزدلم	-	-	-	A0
8	یا	-	-	-	C0
9	صاحب	-	-	-	N1
10	حق	-	-	-	N1
11	و	-	-	-	conjunction
12	اختیار	-	-	-	N1
13	هستم	-	-	-	V3
14	؟	-	-	-	endDelim

0	»	-	-	-	endDelim
1	«	-	-	-	startDelim
2	قابل‌توجه	-	-	-	A0
3	است	-	-	-	V3

0	که	-	-	-	C0
1	بیشتر	-	-	-	A0
2	اشخاص	-	-	-	mokassar
3	نیکوکار	-	-	-	A0
4	و	-	-	-	conjunction
5	بنیانگذار	-	-	-	N1
6	اصول	-	-	-	N1
7	انسانیت	-	-	-	N1
8	،	-	-	-	endDelim
9	مردمانی	-	-	-	undefined
10	بودند	-	-	-	V2

0	بی‌نهایت	-	-	-	A0
1	خون‌ریز	-	-	-	A0
2	.	-	-	-	endDelim
3	همه	-	-	-	N1
4	،	-	-	-	endDelim
5	و	-	-	-	conjunction
6	نه	-	-	-	Nu
7	اشخاص	-	-	-	mokassar
8	بزرگ	-	-	-	A0
9	،	-	-	-	endDelim
10	بلکه	-	-	-	Ad
11	حتی	-	-	-	Ad
12	آن‌هایی	-	-	-	N6
13	که	-	-	-	C0
14	فقط	-	-	-	Ad
15	کمی	-	-	-	A2
16	بیرون	-	-	-	N1
17	از	-	-	-	Pr
18	چهارچوب	-	-	-	N1
19	معمول	-	-	-	A0
20	هستند	-	-	-	V3
21	،	-	-	-	endDelim

0	یعنی	-	-	-	C0
1	حتی	-	-	-	Ad
2	آن‌هایی	-	-	-	N6
3	که	-	-	-	C0
4	اندکی	-	-	-	A2
5	توانایی	-	-	-	N1
6	گفتن	-	-	-	V2

0	سخن	-	-	-	N1
1	نو	-	-	-	V1

0	را	-	-	-	Po
1	دارند	-	-	-	V1
2	،	-	-	-	endDelim

0	قاعدتاً	-	-	-	Ad
1	باید	-	-	-	V4
2	،	-	-	-	endDelim

0	بنابر	-	-	-	Pr1
1	طبیعت	-	-	-	N1
2	خود	-	-	-	N8
3	،	-	-	-	endDelim
4	کم‌وبیش	-	-	-	Ad
5	متجاوز	-	-	-	A0
6	باشند	-	-	-	V1
7	.	-	-	-	endDelim

0	اگر	-	-	-	C0
1	جز	-	-	-	Pr
2	این	-	-	-	A1
3	باشد	-	-	-	V1

0	مشکل	-	-	-	N1
1	است	-	-	-	V3

0	آن‌ها	-	-	-	N5
1	از	-	-	-	Pr
2	چهار	-	-	-	Nu
3	دیوار	-	-	-	N1
4	خود	-	-	-	N8
5	به	-	-	-	Pr
6	درآیند	-	-	-	V1
7	،	-	-	-	endDelim

0	و	-	-	-	conjunction
1	از	-	-	-	Pr
2	ماندن	-	-	-	V2

0	در	-	-	-	Pr
1	آن	-	-	-	A1
2	چهارچوب	-	-	-	N1
3	به	-	-	-	Pr
4	خاطر	-	-	-	N1
5	طبع	-	-	-	N1
6	خود	-	-	-	N8
7	،	-	-	-	endDelim
8	نمی‌توانند	-	-	-	V4

0	راضی	-	-	-	A0
1	باشند	-	-	-	V1
2	.	-	-	-	endDelim

0	»	-	-	-	endDelim
1	«	-	-	-	startDelim
2	همه	-	-	-	N1
3	قاتلن	-	-	-	undefined
4	؛	-	-	-	endDelim
5	همیشه	-	-	-	Ad
6	زمین	-	-	-	N1
7	جاری	-	-	-	A0
8	از	-	-	-	Pr
9	خون	-	-	-	N1
10	بوده	-	-	-	V2
11	.	-	-	-	endDelim

0	روی	-	-	-	Pr1
1	زمین	-	-	-	N1
2	کسایی	-	-	-	N4
3	که	-	-	-	C0
4	قتل	-	-	-	N1
5	می‌کنن	-	-	-	undefined
6	بعدها	-	-	-	Ad
7	صاحب	-	-	-	N1
8	بزرگ‌ترین	-	-	-	A0
9	افتخارها	-	-	-	N1
10	شدن	-	-	-	V3
11	.	-	-	-	endDelim

0	من	-	-	-	N5
1	فقط	-	-	-	Ad
2	می‌خواستم	-	-	-	V2

0	به	-	-	-	Pr
1	مردم	-	-	-	N1
2	خوبی	-	-	-	N1
3	کنم	-	-	-	V1
4	.	-	-	-	endDelim

0	کشتن	-	-	-	V2

0	یک	-	-	-	Nu
1	پیرزن	-	-	-	N1
2	رباخوار	-	-	-	A0
3	و	-	-	-	conjunction
4	از	-	-	-	Pr
5	بین	-	-	-	V1

0	بردن	-	-	-	V2

0	یک	-	-	-	Nu
1	حشره‌ی	-	-	-	N1
2	کثیف	-	-	-	A0
3	،	-	-	-	endDelim
4	کجاش	-	-	-	undefined
5	جنایته	-	-	-	N1
6	؟	-	-	-	endDelim
7	»	-	-	-	endDelim
8	«	-	-	-	startDelim
9	همه	-	-	-	N1
10	چیزم	-	-	-	N1
11	را	-	-	-	Po
12	باخته بودم	-	-	-	V2
13	.	-	-	-	endDelim

0	همه	-	-	-	N1
1	چیزم	-	-	-	N1
2	را	-	-	-	Po
3	!	-	-	-	endDelim
4	از	-	-	-	Pr
5	کازینو	-	-	-	N1
6	بیرون	-	-	-	N1
7	آمدم	-	-	-	V2
8	.	-	-	-	endDelim

0	آن	-	-	-	A1
1	وقت	-	-	-	N1
2	دیدم	-	-	-	V2

0	یک	-	-	-	Nu
1	گولدن	-	-	-	undefined
2	ته	-	-	-	V1

0	جیب	-	-	-	N1
1	جلیقه‌ام	-	-	-	N1
2	مانده	-	-	-	A0
3	.	-	-	-	endDelim
4	گفتم	-	-	-	V2
5	:	-	-	-	endDelim

0	«	-	-	-	startDelim
1	آه	-	-	-	N1
2	پس	-	-	-	Ad
3	هنوز	-	-	-	Ad
4	می‌توانم	-	-	-	V4

0	غذایی	-	-	-	A0
1	بخورم	-	-	-	N1
2	!	-	-	-	endDelim
3	»	-	-	-	endDelim
4	اما	-	-	-	C0
5	صد	-	-	-	Nu
6	قدم	-	-	-	N1
7	نرفته بودم	-	-	-	V2

0	که	-	-	-	C0
1	تصمیمم	-	-	-	N1
2	عوض	-	-	-	N1
3	شد	-	-	-	V3
4	.	-	-	-	endDelim

0	برگشتم	-	-	-	V2

0	و	-	-	-	conjunction
1	یک	-	-	-	Nu
2	گولدن	-	-	-	undefined
3	را	-	-	-	Po
4	روی	-	-	-	Pr1
5	مانک	-	-	-	N1
6	گذاشتم	-	-	-	V2

0	(	-	-	-	startDelim
1	بله	-	-	-	Ad
2	خوب	-	-	-	A0
3	به	-	-	-	Pr
4	یاد	-	-	-	N1
5	دارم	-	-	-	V1
6	.	-	-	-	endDelim

0	روی	-	-	-	Pr1
1	مانک	-	-	-	N1
2	)	-	-	-	endDelim
3	و	-	-	-	conjunction
4	جدا	-	-	-	A0
5	وقتی	-	-	-	Ad
6	آدم	-	-	-	N1
7	در	-	-	-	Pr
8	کشوری	-	-	-	A0
9	بیگانه	-	-	-	A0
10	دور	-	-	-	A0
11	از	-	-	-	Pr
12	وطن	-	-	-	N1
13	و	-	-	-	conjunction
14	کس	-	-	-	N1
15	و	-	-	-	conjunction
16	کارش	-	-	-	N1
17	تنهاست	-	-	-	A0
18	و	-	-	-	conjunction
19	نمی‌داند	-	-	-	V1

0	که	-	-	-	C0
1	همان	-	-	-	A1
2	روز	-	-	-	N1
3	چه	-	-	-	NA
4	خواهد خورد	-	-	-	V2

0	و	-	-	-	conjunction
1	می‌خواهد	-	-	-	V1

0	آخرین	-	-	-	N1
1	گولدن	-	-	-	undefined
2	خود	-	-	-	N8
3	را	-	-	-	Po
4	آخرینش	-	-	-	N1
5	را	-	-	-	Po
6	به	-	-	-	Pr
7	خطر	-	-	-	N1
8	اندازد	-	-	-	V1

0	احساس	-	-	-	N1
1	عجیبی	-	-	-	A0
2	دارد	-	-	-	V1
3	.	-	-	-	endDelim

0	اما	-	-	-	C0
1	خطر	-	-	-	N1
2	کردم	-	-	-	V2

0	و	-	-	-	conjunction
1	بردم	-	-	-	V2

0	و	-	-	-	conjunction
1	بیست	-	-	-	Nu
2	دقیقه	-	-	-	N1
3	بعد	-	-	-	A0
4	با	-	-	-	Pr
5	صد	-	-	-	Nu
6	و	-	-	-	conjunction
7	هفتاد	-	-	-	Nu
8	گولدن	-	-	-	undefined
9	در	-	-	-	Pr
10	جیب	-	-	-	N1
11	از	-	-	-	Pr
12	کازینو	-	-	-	N1
13	بیرون	-	-	-	N1
14	آمدم	-	-	-	V2
15	.	-	-	-	endDelim

0	این	-	-	-	A1
1	یک	-	-	-	Nu
2	واقعیت	-	-	-	N1
3	است	-	-	-	V3
4	.	-	-	-	endDelim

0	گاهی	-	-	-	Ad
1	آخرین	-	-	-	N1
2	گولدن	-	-	-	undefined
3	چه	-	-	-	NA
4	کارها	-	-	-	N1
5	می‌کند	-	-	-	V1
6	!	-	-	-	endDelim

0	اگر	-	-	-	C0
1	شکستم	-	-	-	V2

0	را	-	-	-	Po
1	پذیرفته بودم	-	-	-	V2

0	اگر	-	-	-	C0
1	جرئت	-	-	-	N1
2	تصمیم	-	-	-	N1
3	نمی‌داشتم	-	-	-	V2

0	چه	-	-	-	NA
1	شده بود	-	-	-	V3
2	؟	-	-	-	endDelim

0	…	-	-	-	abbrv
1	فردا	-	-	-	Ad
2	،	-	-	-	endDelim
3	فردا	-	-	-	Ad
4	،	-	-	-	endDelim
5	همه‌چیزتمام	-	-	-	A0
6	خواهد شد	-	-	-	V3
7	.	-	-	-	endDelim

0	»	-	-	-	endDelim
