
0	جملات	-	-	-	N1
1	تست	-	-	-	N1
2	:	-	-	-	endDelim
3	تخت‌جمشید	-	-	-	N2
4	،	-	-	-	endDelim
5	مجموعه‌ای	-	-	-	A0
6	از	-	-	-	Pr
7	کاخ‌های	-	-	-	N1
8	بسیار	-	-	-	A0
9	با	-	-	-	Pr
10	شکوهی	-	-	-	N4
11	است	-	-	-	V3

0	که	-	-	-	C0
1	ساخت	-	-	-	V2

0	آن‌ها	-	-	-	N5
1	در	-	-	-	Pr
2	سالبه	-	-	-	A0
3	۵۱۲	-	-	-	number
4	قبل‌از	-	-	-	Pr1
5	میلاد	-	-	-	N1
6	آغاز	-	-	-	V1

0	شد	-	-	-	V3

0	و	-	-	-	conjunction
1	اتمام	-	-	-	N1
2	آن	-	-	-	A1
3	۱۵۰	-	-	-	number
4	سالبه	-	-	-	A0
5	طول	-	-	-	N1
6	انجامید	-	-	-	V2
7	.	-	-	-	endDelim

0	تخت‌جمشید	-	-	-	N2
1	در	-	-	-	Pr
2	محوطه‌ی	-	-	-	N1
3	وسیعی	-	-	-	A0
4	واقع‌شده	-	-	-	A0
5	که	-	-	-	C0
6	ازیک‌طرف	-	-	-	Ad
7	به	-	-	-	Pr
8	کوه	-	-	-	N1
9	رحمت	-	-	-	N1
10	و	-	-	-	conjunction
11	از	-	-	-	Pr
12	طرف	-	-	-	N1
13	دیگر	-	-	-	Ad
14	به	-	-	-	Pr
15	مرودشت	-	-	-	N2
16	محدود	-	-	-	A0
17	است	-	-	-	V3
18	.	-	-	-	endDelim

0	این	-	-	-	A1
1	کاخ‌های	-	-	-	N1
2	عظیم	-	-	-	A0
3	سلطنتی	-	-	-	A0
4	در	-	-	-	Pr
5	کنار	-	-	-	N1
6	شهر	-	-	-	N1
7	پارسه	-	-	-	N1
8	که	-	-	-	C0
9	یونانیان	-	-	-	A0
10	آن	-	-	-	A1
11	را	-	-	-	Po
12	پرسپولیس	-	-	-	N1
13	خوانده‌اند	-	-	-	N1
14	ساخته شده است	-	-	-	V2
15	.	-	-	-	endDelim

0	تعداد	-	-	-	N1
1	محدودی	-	-	-	A0
2	از	-	-	-	Pr
3	این	-	-	-	A1
4	جواهرات	-	-	-	N1
5	در	-	-	-	Pr
6	موزه	-	-	-	N1
7	ملی	-	-	-	A0
8	ایران	-	-	-	N2
9	نگهداری	-	-	-	N1
10	می‌شود	-	-	-	V1
11	.	-	-	-	endDelim

0	بزرگ‌ترین	-	-	-	A0
1	کاخ	-	-	-	N1
2	در	-	-	-	Pr
3	مجموعه	-	-	-	N1
4	تخت‌جمشید	-	-	-	N2
5	کاخ	-	-	-	N1
6	مشهور	-	-	-	A0
7	به	-	-	-	Pr
8	صد‌ستون	-	-	-	A0
9	است	-	-	-	V3

0	که	-	-	-	C0
1	احتمالاً	-	-	-	Ad
2	یکی	-	-	-	A2
3	از	-	-	-	Pr
4	بزرگ‌ترین	-	-	-	A0
5	آثار	-	-	-	mokassar
6	معماری	-	-	-	N1
7	دوره	-	-	-	N1
8	هخامنشیان	-	-	-	A0
9	بوده	-	-	-	V2

0	و	-	-	-	conjunction
1	داریوش	-	-	-	N3
2	اول	-	-	-	A0
3	از	-	-	-	Pr
4	آن	-	-	-	A1
5	به	-	-	-	Pr
6	عنوان	-	-	-	N1
7	سالن	-	-	-	N1
8	بارعام	-	-	-	N1
9	خود	-	-	-	N8
10	استفاده	-	-	-	N1
11	می‌کرده است	-	-	-	V2
12	.	-	-	-	endDelim

0	تایسون	-	-	-	undefined
1	که	-	-	-	C0
2	اخترفیزیکدان	-	-	-	N1
3	و	-	-	-	conjunction
4	مدیر	-	-	-	N1
5	آسمان	-	-	-	N1
6	نمای	-	-	-	N1
7	هیدن	-	-	-	undefined
8	در	-	-	-	Pr
9	موزه‌ی	-	-	-	N1
10	تاریخ	-	-	-	N1
11	طبیعی	-	-	-	A0
12	آمریکا	-	-	-	N2
13	است	-	-	-	V3
14	،	-	-	-	endDelim

0	دوباره	-	-	-	Ad
1	قرار	-	-	-	N1
2	است	-	-	-	V3

0	به	-	-	-	Pr
1	نشنال	-	-	-	N1
2	جئوگرافیک	-	-	-	undefined
3	بازگردد	-	-	-	V1
4	.	-	-	-	endDelim

0	طرفدارانژانر	-	-	-	undefined
1	علمی‌تخیلی	-	-	-	A0
2	کانال	-	-	-	N1
3	syfy	-	-	-	englishWord
4	را	-	-	-	Po
5	می‌شناسند	-	-	-	V1
6	.	-	-	-	endDelim

0	این	-	-	-	A1
1	کانال	-	-	-	N1
2	تا	-	-	-	Pr
3	چند	-	-	-	NA
4	سال	-	-	-	N1
5	پیش	-	-	-	A0
6	بانام	-	-	-	A0
7	Scifi	-	-	-	englishWord
8	برنامه‌هایش	-	-	-	N1
9	راپخش	-	-	-	undefined
10	می‌کرد	-	-	-	V2
11	،	-	-	-	endDelim

0	اما	-	-	-	C0
1	بنابه	-	-	-	Pr1
2	گفته‌ی	-	-	-	A0
3	خودشان	-	-	-	N7
4	که	-	-	-	C0
5	تصمیم	-	-	-	N1
6	گرفته بودند	-	-	-	V2

0	مخاطب	-	-	-	N1
1	ان	-	-	-	Ab
2	دیگری	-	-	-	A2
3	به	-	-	-	Pr
4	جز	-	-	-	Pr
5	علاقه‌مندان	-	-	-	A0
6	علمی‌تخیلی	-	-	-	A0
7	راهم	-	-	-	N1
8	جذب	-	-	-	N1
9	کنند	-	-	-	V1

0	و	-	-	-	conjunction
1	برنامه‌های	-	-	-	N1
2	دیگری	-	-	-	A2
3	هم	-	-	-	Ad
4	تولیدکنند	-	-	-	undefined
5	.	-	-	-	endDelim
6	این	-	-	-	A1
7	برنامه	-	-	-	N1
8	اگرچه	-	-	-	C1
9	اولین	-	-	-	A0
10	تجربه‌ی	-	-	-	N1
11	برنامه	-	-	-	N1
12	شبانه‌ی	-	-	-	A0
13	علم	-	-	-	N1
14	محور	-	-	-	N1
15	با	-	-	-	Pr
16	چاشنی	-	-	-	N1
17	طنز	-	-	-	N1
18	و	-	-	-	conjunction
19	ادبیات	-	-	-	N1
20	عامه	-	-	-	N1
21	در	-	-	-	Pr
22	تلویزیون	-	-	-	N1
23	به	-	-	-	Pr
24	شمار	-	-	-	V1

0	می‌رود	-	-	-	V1
1	،	-	-	-	endDelim

0	اما	-	-	-	C0
1	می‌تواند	-	-	-	V4

0	آینده‌ی	-	-	-	N1
1	چنین	-	-	-	A2
2	برنامه‌هایی	-	-	-	N1
3	را	-	-	-	Po
4	مشخص	-	-	-	A0
5	کند	-	-	-	A0
6	و	-	-	-	conjunction
7	موفقیت	-	-	-	N1
8	یا	-	-	-	C0
9	عدم	-	-	-	N1
10	موفقیت	-	-	-	N1
11	آن	-	-	-	A1
12	بیش‌از	-	-	-	Pr1
13	موفقیت	-	-	-	N1
14	یا	-	-	-	C0
15	شکست	-	-	-	V2

0	یک	-	-	-	Nu
1	پروژه	-	-	-	N1
2	در	-	-	-	Pr
3	بلندمدت	-	-	-	A0
4	بر	-	-	-	Pr
5	حضور	-	-	-	N1
6	علم	-	-	-	N1
7	در	-	-	-	Pr
8	نقش	-	-	-	N1
9	اصلی	-	-	-	A0
10	ومحوری	-	-	-	undefined
11	دنیای	-	-	-	N1
12	رسانه‌های	-	-	-	N1
13	رسمی	-	-	-	A0
14	،	-	-	-	endDelim
15	تأثیرخواهدگذاشت	-	-	-	undefined
16	.	-	-	-	endDelim
17	اگر	-	-	-	C0
18	به	-	-	-	Pr
19	دنیای	-	-	-	N1
20	علمی‌تخیلی	-	-	-	A0
21	و	-	-	-	conjunction
22	نقاطی	-	-	-	mokassar
23	که	-	-	-	C0
24	مرزهای	-	-	-	N1
25	آن	-	-	-	A1
26	با	-	-	-	Pr
27	دنیای	-	-	-	N1
28	واقعی	-	-	-	A0
29	درهم	-	-	-	N1
30	آمی‌خته می‌شود	-	-	-	V2

0	علاقه	-	-	-	N1
1	دارید	-	-	-	V1
2	،	-	-	-	endDelim

0	نام	-	-	-	N1
1	ایلان	-	-	-	N1
2	ماسک	-	-	-	N1
3	را	-	-	-	Po
4	در	-	-	-	Pr
5	ذهن	-	-	-	N1
6	داشته باشید	-	-	-	V2
7	.	-	-	-	endDelim

0	کارآفرینی	-	-	-	A0
1	که	-	-	-	C0
2	اصالتااهل	-	-	-	undefined
3	آفریقای	-	-	-	N2
4	جنوبی	-	-	-	A0
5	است	-	-	-	V3

0	و	-	-	-	conjunction
1	از	-	-	-	Pr
2	او	-	-	-	N5
3	بانام	-	-	-	A0
4	مرد	-	-	-	N1
5	آهنی	-	-	-	A0
6	دنیای	-	-	-	N1
7	واقعی	-	-	-	A0
8	همنام	-	-	-	A0
9	برده می‌شود	-	-	-	V1

0	و	-	-	-	conjunction
1	درحال‌حاضر	-	-	-	Ad
2	،	-	-	-	endDelim
3	مشغول	-	-	-	A0
4	ایفای	-	-	-	N1
5	نقش	-	-	-	N1
6	تونی	-	-	-	A0
7	استارک	-	-	-	undefined
8	دنیای	-	-	-	N1
9	ما	-	-	-	N5
10	است	-	-	-	V3
11	.	-	-	-	endDelim

0	اوهم	-	-	-	undefined
1	زمان	-	-	-	N1
2	ایده‌ی	-	-	-	N1
3	قطارهای	-	-	-	N1
4	فوق	-	-	-	A0
5	سریع	-	-	-	A0
6	را	-	-	-	Po
7	مطرح	-	-	-	N1
8	کرده	-	-	-	V2

0	و	-	-	-	conjunction
1	اکنون	-	-	-	Ad
2	به	-	-	-	Pr
3	دنبال	-	-	-	N1
4	اینترنت	-	-	-	N1
5	رایگان	-	-	-	A0
6	جهانی	-	-	-	A0
7	است	-	-	-	V3
8	.	-	-	-	endDelim

0	این	-	-	-	A1
1	سازمان	-	-	-	N1
2	فضایی	-	-	-	A0
3	تاکنون	-	-	-	Ad
4	موفق	-	-	-	A0
5	به	-	-	-	Pr
6	اثبات	-	-	-	N1
7	۲۵۲۵	-	-	-	number
8	سیاره‌ی	-	-	-	N1
9	خارجی	-	-	-	N1
10	شده است	-	-	-	V3

0	که	-	-	-	C0
1	از	-	-	-	Pr
2	این	-	-	-	A1
3	رقم	-	-	-	N1
4	،	-	-	-	endDelim
5	ده	-	-	-	V1

0	سیاره‌ی	-	-	-	N1
1	سنگی	-	-	-	A0
2	،	-	-	-	endDelim
3	هم‌اندازه	-	-	-	A0
4	با	-	-	-	Pr
5	زمین	-	-	-	N1
6	واحتمالا	-	-	-	undefined
7	قابل	-	-	-	A0
8	سکونت	-	-	-	N1
9	هستند	-	-	-	V3
10	.	-	-	-	endDelim

0	شاید	-	-	-	V2

0	برخی	-	-	-	A2
1	نگران	-	-	-	A0
2	باشند	-	-	-	V1

0	سیستم	-	-	-	N1
1	هوش	-	-	-	N1
2	مصنوعی	-	-	-	A0
3	گوگل	-	-	-	undefined
4	ستاره	-	-	-	N1
5	شناسان	-	-	-	V1

0	راکنار	-	-	-	undefined
1	بزند	-	-	-	V1
2	؛	-	-	-	endDelim

0	اما	-	-	-	C0
1	به‌گفته‌ی	-	-	-	A0
2	ناسا	-	-	-	N1
3	جای	-	-	-	N1
4	نگرانی	-	-	-	N1
5	نیست	-	-	-	N1
6	.	-	-	-	endDelim
7	چراکه	-	-	-	Ad
8	ریاضی	-	-	-	A0
9	زبان	-	-	-	N1
10	فیزیک	-	-	-	N1
11	است	-	-	-	V3
12	،	-	-	-	endDelim

0	اما	-	-	-	C0
1	از	-	-	-	Pr
2	آنجایی	-	-	-	A0
3	که	-	-	-	C0
4	پدیده‌های	-	-	-	N1
5	جهان	-	-	-	N1
6	ابتدا	-	-	-	N1
7	وجود	-	-	-	N1
8	داشته‌اند	-	-	-	A0
9	،	-	-	-	endDelim
10	مشاهده	-	-	-	N1
11	و	-	-	-	conjunction
12	درک	-	-	-	N1
13	شده‌اند	-	-	-	V3

0	و	-	-	-	conjunction
1	سپس	-	-	-	Ad
2	برای	-	-	-	Pr
3	آن‌ها	-	-	-	N5
4	مبانی	-	-	-	N1
5	ریاضیاتی	-	-	-	N1
6	تعریف	-	-	-	N1
7	شده است	-	-	-	V3
8	،	-	-	-	endDelim

0	با	-	-	-	Pr
1	اندکی	-	-	-	A2
2	تلاش	-	-	-	N1
3	می‌توان	-	-	-	V4

0	مباحث	-	-	-	mokassar
1	مربوط	-	-	-	A0
2	به	-	-	-	Pr
3	فیزیک	-	-	-	N1
4	کلاسیک	-	-	-	A0
5	را	-	-	-	Po
6	،	-	-	-	endDelim
7	بااجتناب	-	-	-	N1
8	از	-	-	-	Pr
9	وارد	-	-	-	N1
10	شدن	-	-	-	V3

0	در	-	-	-	Pr
1	مبانی	-	-	-	N1
2	ریاضی	-	-	-	A0
3	(	-	-	-	startDelim
4	که	-	-	-	C0
5	هدف	-	-	-	N1
6	تألیف	-	-	-	N1
7	این	-	-	-	A1
8	مجموعه	-	-	-	N1
9	است	-	-	-	V3
10	)	-	-	-	endDelim

0	توضیح	-	-	-	N1
1	داد	-	-	-	V2
2	.	-	-	-	endDelim

0	اما	-	-	-	C0
1	وارد	-	-	-	N1
2	شدن	-	-	-	V3

0	به	-	-	-	Pr
1	دنیای	-	-	-	N1
2	فیزیک	-	-	-	N1
3	کوانتوم	-	-	-	N1
4	و	-	-	-	conjunction
5	پرهیز	-	-	-	V1

0	از	-	-	-	Pr
1	مبانی	-	-	-	N1
2	ریاضی	-	-	-	A0
3	اجتناب‌ناپذیر	-	-	-	A0
4	است	-	-	-	V3
5	.	-	-	-	endDelim

0	چراکه	-	-	-	Ad
1	دنیای	-	-	-	N1
2	فیزیک	-	-	-	N1
3	کوانتوم	-	-	-	N1
4	،	-	-	-	endDelim
5	به	-	-	-	Pr
6	غایت	-	-	-	N1
7	انتزاعیو	-	-	-	undefined
8	ذهنی	-	-	-	A0
9	است	-	-	-	V3
10	.	-	-	-	endDelim

0	همان‌طورکه	-	-	-	undefined
1	شاید	-	-	-	V2

0	خودتان	-	-	-	N7
1	نیزبدانید	-	-	-	undefined
2	،	-	-	-	endDelim
3	بحث‌ها	-	-	-	N1
4	و	-	-	-	conjunction
5	منازعات	-	-	-	N1
6	اصلی	-	-	-	A0
7	فیزیکدانان	-	-	-	N1
8	بزرگ	-	-	-	A0
9	نظیر	-	-	-	N1
10	؛	-	-	-	endDelim
11	فاینمن	-	-	-	undefined
12	،	-	-	-	endDelim
13	اینشتین	-	-	-	undefined
14	،	-	-	-	endDelim
15	بور	-	-	-	N1
16	و	-	-	-	conjunction
17	…	-	-	-	abbrv
18	همه	-	-	-	N1
19	و	-	-	-	conjunction
20	همه	-	-	-	N1
21	در	-	-	-	Pr
22	مبانی	-	-	-	N1
23	کوانتوم	-	-	-	N1
24	بوده است	-	-	-	V2

0	و	-	-	-	conjunction
1	عامل	-	-	-	N1
2	تمامی	-	-	-	A0
3	این	-	-	-	A1
4	اتفاقات	-	-	-	N1
5	یک	-	-	-	Nu
6	دلیل	-	-	-	N1
7	ساده	-	-	-	A0
8	است	-	-	-	V3
9	؛	-	-	-	endDelim

0	فهم	-	-	-	V1

0	کامل	-	-	-	A0
1	فیزیک	-	-	-	N1
2	کوانتوم	-	-	-	N1
3	ناشدنی	-	-	-	A0
4	است	-	-	-	V3
5	!	-	-	-	endDelim

0	در	-	-	-	Pr
1	این	-	-	-	A1
2	قسمت	-	-	-	N1
3	از	-	-	-	Pr
4	مجموعه	-	-	-	N1
5	،	-	-	-	endDelim
6	که	-	-	-	C0
7	به	-	-	-	Pr
8	صورت	-	-	-	N1
9	اختصاصی	-	-	-	A0
10	به	-	-	-	Pr
11	نا	-	-	-	prefix
12	رسایی‌‌های	-	-	-	N1
13	فیزیک	-	-	-	N1
14	کلاسیک	-	-	-	A0
15	و	-	-	-	conjunction
16	گام‌های	-	-	-	N1
17	آغازین	-	-	-	A0
18	فیزیک	-	-	-	N1
19	کوانتوم	-	-	-	N1
20	می‌‌پردازیم	-	-	-	V1
21	،	-	-	-	endDelim

0	استفاده	-	-	-	N1
1	از	-	-	-	Pr
2	ریاضیات	-	-	-	N1
3	بیش‌از	-	-	-	Pr1
4	پیش	-	-	-	A0
5	حس	-	-	-	N1
6	می‌شد	-	-	-	V3
7	.	-	-	-	endDelim

0	چراکه	-	-	-	Ad
1	درحالت	-	-	-	undefined
2	کلی	-	-	-	A0
3	شما	-	-	-	N5
4	،	-	-	-	endDelim
5	تنها	-	-	-	A0
6	برای	-	-	-	Pr
7	درک	-	-	-	N1
8	یک	-	-	-	Nu
9	موضوع	-	-	-	N1
10	نیاز	-	-	-	N1
11	به	-	-	-	Pr
12	دانستن	-	-	-	V2

0	صفرتاصد	-	-	-	undefined
1	ریز	-	-	-	V1

0	موضوعات	-	-	-	N1
1	آن	-	-	-	A1
2	مطلب	-	-	-	N1
3	دارید	-	-	-	V1
4	،	-	-	-	endDelim

0	حال	-	-	-	N1
1	اگر	-	-	-	C0
2	بخواهید	-	-	-	V1
3	،	-	-	-	endDelim

0	نارسایی	-	-	-	N1
1	موضوعی	-	-	-	A0
2	را	-	-	-	Po
3	پیدا	-	-	-	A0
4	کنید	-	-	-	V1

0	و	-	-	-	conjunction
1	برای	-	-	-	Pr
2	حل	-	-	-	N1
3	آن	-	-	-	A1
4	راه	-	-	-	N1
5	کاری	-	-	-	A0
6	ارائه	-	-	-	N1
7	دهید	-	-	-	V1
8	،	-	-	-	endDelim

0	باید	-	-	-	V4

0	علاوه‌بر	-	-	-	Pr1
1	دانستن	-	-	-	V2

0	صفر	-	-	-	Nu
1	تا	-	-	-	Pr
2	صد	-	-	-	Nu
3	ریز	-	-	-	V1

0	موضوعات	-	-	-	N1
1	بر	-	-	-	Pr
2	تمامی	-	-	-	A0
3	مطالب	-	-	-	N1
4	مرتبط	-	-	-	A0
5	با	-	-	-	Pr
6	آن	-	-	-	A1
7	موضوع	-	-	-	N1
8	نیز	-	-	-	Ad
9	اشراف	-	-	-	N1
10	کامل	-	-	-	A0
11	داشته باشید	-	-	-	V2
12	،	-	-	-	endDelim

0	که	-	-	-	C0
1	مبانی	-	-	-	N1
2	ریاضی	-	-	-	A0
3	یکی	-	-	-	A2
4	ازاصلی	-	-	-	undefined
5	ترین	-	-	-	A0
6	ارکان	-	-	-	N1
7	آن	-	-	-	A1
8	است	-	-	-	V3
9	.	-	-	-	endDelim

0	با	-	-	-	Pr
1	این	-	-	-	A1
2	وجود	-	-	-	N1
3	،	-	-	-	endDelim
4	تمامی	-	-	-	A0
5	تلاش	-	-	-	N1
6	بر	-	-	-	Pr
7	این	-	-	-	A1
8	هدف	-	-	-	N1
9	گذاشته شده است	-	-	-	V2
10	،	-	-	-	endDelim

0	که	-	-	-	C0
1	مخاطبی	-	-	-	N1
2	که	-	-	-	C0
3	به	-	-	-	Pr
4	علم	-	-	-	N1
5	علاقه‌مند	-	-	-	A0
6	است	-	-	-	V3

0	و	-	-	-	conjunction
1	درعین‌حال	-	-	-	C1
2	پایه‌ی	-	-	-	N1
3	ریاضیاتی	-	-	-	N1
4	قوی	-	-	-	A0
5	ندارد	-	-	-	V1
6	،	-	-	-	endDelim

0	بتواند	-	-	-	V1

0	مفاهیم	-	-	-	mokassar
1	و	-	-	-	conjunction
2	مباحث	-	-	-	mokassar
3	مطرح‌شده	-	-	-	A0
4	رادرک	-	-	-	undefined
5	کند	-	-	-	A0
6	و	-	-	-	conjunction
7	از	-	-	-	Pr
8	فهم	-	-	-	V1

0	آن‌ها	-	-	-	N5
1	لذت	-	-	-	N1
2	ببرد	-	-	-	V2
3	.	-	-	-	endDelim

0	فاجعه‌ی	-	-	-	N1
1	فرابنفش	-	-	-	N1
2	یا	-	-	-	C0
3	فاجعه	-	-	-	N1
4	رایلی	-	-	-	undefined
5	جینزاشاره	-	-	-	undefined
6	به	-	-	-	Pr
7	نتیجه‌ای	-	-	-	N1
8	دارد	-	-	-	V1

0	که	-	-	-	C0
1	ناشی	-	-	-	A0
2	از	-	-	-	Pr
3	اصول	-	-	-	N1
4	فیزیک	-	-	-	N1
5	کلاسیک	-	-	-	A0
6	تقسیم	-	-	-	N1
7	مساوی	-	-	-	A0
8	انرژی	-	-	-	N1
9	و	-	-	-	conjunction
10	تابش	-	-	-	N1
11	نوسانگرهای	-	-	-	N1
12	باردار	-	-	-	A0
13	برای	-	-	-	Pr
14	توضیح	-	-	-	N1
15	تابش	-	-	-	N1
16	جسم	-	-	-	N1
17	سیاه	-	-	-	A0
18	درطول	-	-	-	Pr1
19	موج‌های	-	-	-	N1
20	کوتاه	-	-	-	A0
21	است	-	-	-	V3
22	.	-	-	-	endDelim

0	فرمول	-	-	-	N1
1	پلانک	-	-	-	N1
2	هرچند	-	-	-	C0
3	موفقیت‌آمیز	-	-	-	A0
4	بود	-	-	-	V2
5	،	-	-	-	endDelim

0	اما	-	-	-	C0
1	نتیجه‌گیری	-	-	-	N1
2	ماهیت	-	-	-	N1
3	کوانتومی	-	-	-	A0
4	تابش	-	-	-	N1
5	از	-	-	-	Pr
6	آن	-	-	-	A1
7	چندان	-	-	-	A0
8	الزامی	-	-	-	A0
9	نیست	-	-	-	N1
10	.	-	-	-	endDelim
11	بخش	-	-	-	N1
12	عمده‌ای	-	-	-	A0
13	درپذیرفتن	-	-	-	V2

0	آن	-	-	-	A1
1	از	-	-	-	Pr
2	کار	-	-	-	N1
3	آلبرت	-	-	-	N3
4	اینشتین	-	-	-	undefined
5	حاصل	-	-	-	N1
6	شد	-	-	-	V3
7	،	-	-	-	endDelim

0	که	-	-	-	C0
1	در	-	-	-	Pr
2	سال	-	-	-	N1
3	۱۹۰۵	-	-	-	number
4	با	-	-	-	Pr
5	استفاده	-	-	-	N1
6	از	-	-	-	Pr
7	مفهوم	-	-	-	N1
8	ماهیت	-	-	-	N1
9	کوانتومی	-	-	-	A0
10	نور	-	-	-	N2
11	،	-	-	-	endDelim
12	بعضی	-	-	-	A2
13	ازخاصیت‌های	-	-	-	undefined
14	ویژه	-	-	-	A0
15	فلزات	-	-	-	N1
16	را	-	-	-	Po
17	وقتی	-	-	-	Ad
18	در	-	-	-	Pr
19	معرض	-	-	-	N1
20	نور	-	-	-	N2
21	مرئی	-	-	-	A0
22	و	-	-	-	conjunction
23	فرابنفش	-	-	-	N1
24	قرار	-	-	-	N1
25	می‌گیرند	-	-	-	V1
26	،	-	-	-	endDelim

0	توضیح	-	-	-	N1
1	داد	-	-	-	V2
2	.	-	-	-	endDelim

0	کشف	-	-	-	N1
1	اثر	-	-	-	N1
2	فوتو	-	-	-	N1
3	الکتریک	-	-	-	N1
4	با	-	-	-	Pr
5	کار	-	-	-	N1
6	هاینریش	-	-	-	undefined
7	هرتز	-	-	-	N1
8	در	-	-	-	Pr
9	سال	-	-	-	N1
10	۱۸۸۷	-	-	-	number
11	آغاز	-	-	-	V1

0	شد	-	-	-	V3
1	.	-	-	-	endDelim

0	آزمایشی	-	-	-	A0
1	که	-	-	-	C0
2	سر	-	-	-	V1

0	راست‌ترین	-	-	-	A0
1	،	-	-	-	endDelim
2	مدرک	-	-	-	N1
3	ماهیت	-	-	-	N1
4	ذره‌ای	-	-	-	N1
5	تابش	-	-	-	N1
6	را	-	-	-	Po
7	در	-	-	-	Pr
8	اختیار	-	-	-	N1
9	می‌گذارد	-	-	-	V2
10	،	-	-	-	endDelim

0	اثر	-	-	-	N1
1	کامپتون	-	-	-	undefined
2	است	-	-	-	V3
3	.	-	-	-	endDelim

0	آرتور	-	-	-	N3
1	هولی	-	-	-	N1
2	کامیون	-	-	-	N1
3	کشف	-	-	-	N1
4	کرد	-	-	-	V2
5	،	-	-	-	endDelim

0	تابشی	-	-	-	A0
1	با	-	-	-	Pr
2	یک	-	-	-	Nu
3	طول‌موج	-	-	-	N1
4	معین	-	-	-	A0
5	(	-	-	-	startDelim
6	در	-	-	-	Pr
7	ناحیه	-	-	-	N1
8	پرتو	-	-	-	N1
9	X	-	-	-	abbrv
10	)	-	-	-	endDelim
11	که	-	-	-	C0
12	از	-	-	-	Pr
13	یک	-	-	-	Nu
14	ورقه‌ی	-	-	-	N1
15	فلزی	-	-	-	A0
16	می‌گذرد	-	-	-	V1
17	،	-	-	-	endDelim

0	به	-	-	-	Pr
1	گونه‌ای	-	-	-	N1
2	پراکنده می‌شود	-	-	-	V2

0	که	-	-	-	C0
1	با	-	-	-	Pr
2	نظریه‌ی	-	-	-	N1
3	تابش	-	-	-	N1
4	کلاسیک	-	-	-	A0
5	سازگار	-	-	-	A0
6	نیست	-	-	-	N1
7	.	-	-	-	endDelim
8	بنابه	-	-	-	Pr1
9	نظریه‌ی	-	-	-	N1
10	کلاسیک	-	-	-	A0
11	،	-	-	-	endDelim
12	سازوکار	-	-	-	N1
13	این	-	-	-	A1
14	اثر	-	-	-	N1
15	عبارت	-	-	-	N1
16	است	-	-	-	V3
17	،	-	-	-	endDelim

0	از	-	-	-	Pr
1	تابش	-	-	-	N1
2	مجدد	-	-	-	A0
3	نور	-	-	-	N2
4	توسط	-	-	-	N1
5	الکترون‌هایی	-	-	-	N1
6	که	-	-	-	C0
7	با	-	-	-	Pr
8	تابش	-	-	-	N1
9	فرودی	-	-	-	V2

0	به	-	-	-	Pr
1	نوسان	-	-	-	N1
2	واداشته	-	-	-	A0
3	شده‌اند	-	-	-	V3

0	گریس	-	-	-	N1
1	هاپر	-	-	-	undefined
2	(	-	-	-	startDelim
3	Grace	-	-	-	englishWord
4	Brewster	-	-	-	englishWord
5	Murray	-	-	-	englishWord
6	Hopper	-	-	-	englishWord
7	)	-	-	-	endDelim
8	دانشمند	-	-	-	N1
9	آمریکایی	-	-	-	A0
10	علوم	-	-	-	mokassar
11	کامپیوتر	-	-	-	N1
12	بود	-	-	-	V2

0	که	-	-	-	C0
1	نام	-	-	-	N1
2	خودش	-	-	-	N7
3	را	-	-	-	Po
4	به‌عنوان	-	-	-	N1
5	یکی	-	-	-	A2
6	از	-	-	-	Pr
7	اولین	-	-	-	A0
8	برنامه‌نویس‌های	-	-	-	N1
9	کامپیوتر	-	-	-	N1
10	مشهور	-	-	-	A0
11	هاروارد	-	-	-	N2
12	مارک	-	-	-	N1
13	جاودانه	-	-	-	A0
14	کرد	-	-	-	V2
15	.	-	-	-	endDelim

0	او	-	-	-	N5
1	یکی	-	-	-	A2
2	از	-	-	-	Pr
3	پیشگامان	-	-	-	undefined
4	برنامه‌نویسی	-	-	-	N1
5	مدرن	-	-	-	A0
6	بود	-	-	-	V2

0	و	-	-	-	conjunction
1	اولین	-	-	-	A0
2	کامپایلر	-	-	-	undefined
3	برنامه‌نویسی	-	-	-	N1
4	را	-	-	-	Po
5	نیز	-	-	-	Ad
6	توسعه	-	-	-	N1
7	داد	-	-	-	V2
8	.	-	-	-	endDelim

0	ایده‌ی	-	-	-	N1
1	زبان‌های	-	-	-	N1
2	برنامه‌نویسی	-	-	-	N1
3	مستقل	-	-	-	A0
4	از	-	-	-	Pr
5	ماشین	-	-	-	N1
6	از	-	-	-	Pr
7	ذهن	-	-	-	N1
8	این	-	-	-	A1
9	دانشمند	-	-	-	N1
10	زاده شد	-	-	-	V1

0	و	-	-	-	conjunction
1	بعدها	-	-	-	Ad
2	به	-	-	-	Pr
3	خلق	-	-	-	N1
4	زبان	-	-	-	N1
5	برنامه‌نویسی	-	-	-	N1
6	کوبول	-	-	-	N1
7	انجامید	-	-	-	V2
8	.	-	-	-	endDelim

0	هاپر	-	-	-	undefined
1	علاقه‌ی	-	-	-	N1
2	زیادی	-	-	-	A0
3	نیز	-	-	-	Ad
4	به	-	-	-	Pr
5	ارتش	-	-	-	N1
6	داشت	-	-	-	V2

0	و	-	-	-	conjunction
1	در	-	-	-	Pr
2	دوران	-	-	-	N1
3	جنگ	-	-	-	V1

0	جهانی	-	-	-	A0
1	دوم	-	-	-	A0
2	برای	-	-	-	Pr
3	ملحق	-	-	-	A0
4	شدن	-	-	-	V3

0	به	-	-	-	Pr
1	ارتش	-	-	-	N1
2	آمریکا	-	-	-	N2
3	پیش‌قدم	-	-	-	N1
4	شد	-	-	-	V3
5	.	-	-	-	endDelim

0	البته	-	-	-	Ad
1	او	-	-	-	N5
2	درابتدا	-	-	-	Ad
3	از	-	-	-	Pr
4	پیوستن	-	-	-	V2

0	به	-	-	-	Pr
1	ارتش	-	-	-	N1
2	منع‌شده	-	-	-	A0
3	اما	-	-	-	C0
4	در	-	-	-	Pr
5	لیست	-	-	-	N1
6	نیروهای	-	-	-	N1
7	رزرو	-	-	-	N1
8	قرار	-	-	-	N1
9	گرفت	-	-	-	V2
10	.	-	-	-	endDelim

0	این	-	-	-	A1
1	بانوی	-	-	-	N1
2	دانشمند	-	-	-	N1
3	در	-	-	-	Pr
4	توسعه‌ی	-	-	-	N1
5	کامپیوتر	-	-	-	N1
6	UNIVAC	-	-	-	englishWord
7	I	-	-	-	abbrv
8	نیز	-	-	-	Ad
9	نقش	-	-	-	N1
10	داشته است	-	-	-	V2
11	.	-	-	-	endDelim

0	تلاش‌های	-	-	-	N1
1	هاپر	-	-	-	undefined
2	برای	-	-	-	Pr
3	توسعه‌ی	-	-	-	N1
4	کامپایلر	-	-	-	undefined
5	درجهت	-	-	-	Pr1
6	این	-	-	-	A1
7	ایده	-	-	-	N1
8	بود	-	-	-	V2

0	که	-	-	-	C0
1	می‌توان	-	-	-	V4

0	به	-	-	-	Pr
1	زبان	-	-	-	N1
2	انگلیسی	-	-	-	A0
3	با	-	-	-	Pr
4	کامپیوترها	-	-	-	N1
5	صحبت	-	-	-	N1
6	کرد	-	-	-	V2
7	.	-	-	-	endDelim

0	دستاوردهای	-	-	-	N1
1	گریس	-	-	-	N1
2	هاپر	-	-	-	undefined
3	و	-	-	-	conjunction
4	فعالیت	-	-	-	N1
5	او	-	-	-	N5
6	در	-	-	-	Pr
7	ارتش	-	-	-	N1
8	باعث	-	-	-	N1
9	شده	-	-	-	V3

0	تا	-	-	-	Pr
1	القاب	-	-	-	N1
2	متنوعی	-	-	-	A0
3	از	-	-	-	Pr
4	ملکه‌ی	-	-	-	N1
5	برنامه‌نویسی	-	-	-	N1
6	تا	-	-	-	Pr
7	گریس	-	-	-	N1
8	شگفت‌انگیز	-	-	-	A0
9	به	-	-	-	Pr
10	او	-	-	-	N5
11	داده شود	-	-	-	V2
12	.	-	-	-	endDelim

0	برخی	-	-	-	A2
1	از	-	-	-	Pr
2	موشک‌ها	-	-	-	N1
3	و	-	-	-	conjunction
4	ابر	-	-	-	N1
5	کامپیوترهای	-	-	-	N1
6	آمریکایی	-	-	-	A0
7	نیز	-	-	-	Ad
8	به	-	-	-	Pr
9	نام	-	-	-	N1
10	این	-	-	-	A1
11	دانشمند	-	-	-	N1
12	ثبت	-	-	-	N1
13	شده‌اند	-	-	-	V3
14	.	-	-	-	endDelim

0	هاپر	-	-	-	undefined
1	درطول	-	-	-	Pr1
2	مدت	-	-	-	N1
3	زندگی	-	-	-	N1
4	۴۰	-	-	-	number
5	جایزه	-	-	-	N1
6	و	-	-	-	conjunction
7	درجه‌ی	-	-	-	N1
8	افتخاری	-	-	-	A0
9	متنوع	-	-	-	A0
10	دریافت	-	-	-	V2

0	کرد	-	-	-	V2
1	.	-	-	-	endDelim

0	حتی	-	-	-	Ad
1	پس‌از	-	-	-	Pr1
2	مرگ	-	-	-	N1
3	هاپر	-	-	-	undefined
4	نیز	-	-	-	Ad
5	جایزه‌هایی	-	-	-	N1
6	به	-	-	-	Pr
7	او	-	-	-	N5
8	اهدا	-	-	-	N1
9	شد	-	-	-	V3

0	که	-	-	-	C0
1	از	-	-	-	Pr
2	این	-	-	-	A1
3	میان	-	-	-	N1
4	می‌توان	-	-	-	V4

0	مدال	-	-	-	N1
1	آزادی	-	-	-	N1
2	سال	-	-	-	N1
3	۲۰۱۶	-	-	-	number
4	آمریکا	-	-	-	N2
5	را	-	-	-	Po
6	نام	-	-	-	N1
7	برد	-	-	-	V2
8	.	-	-	-	endDelim

0	تعدادروزهایسالسیصدوشصتوپنجروزمیباشد	-	-	-	undefined
1	.	-	-	-	endDelim
2	رومینادخترخیلیگلیاست	-	-	-	undefined
3	.	-	-	-	endDelim
4	ایده‌یزبان‌هایبرنامه‌نویسیمستقلازماشینازذهنایندانشمندزادهشدوبعدهابهخلقزبانبرنامه‌نویسیکوبولانجامید	-	-	-	undefined
5	.	-	-	-	endDelim
6	تابشفرودیبهنوسانواداشتهشده‌اند	-	-	-	undefined
7	.	-	-	-	endDelim
8	کشفاثرفوتوالکتریکباکارهاینریشهرتزدرسال	-	-	-	undefined
9	۱۸۸۷	-	-	-	number
10	آغازشد	-	-	-	V1
11	.	-	-	-	endDelim

0	متن	-	-	-	N1
1	۲۰۰۰	-	-	-	number
2	کلمه‌ای	-	-	-	A0
3	برای	-	-	-	Pr
4	تست	-	-	-	N1
5	-	-	-	-	betwDelim
6	نازنین	-	-	-	N3
7	کریمی	-	-	-	N4
8	مقدم	-	-	-	A0
9	۹۷۴۴۳۳۰۳	-	-	-	number
10	دارم	-	-	-	V1

0	این	-	-	-	A1
1	متن	-	-	-	N1
2	را	-	-	-	Po
3	تحت	-	-	-	Pr1
4	فشار	-	-	-	N1
5	عصبی	-	-	-	A0
6	شدیدی	-	-	-	A0
7	می‌نویسم	-	-	-	V1
8	،	-	-	-	endDelim

0	چراکه	-	-	-	Ad
1	پس‌از	-	-	-	Pr1
2	امشب	-	-	-	Ad
3	دیگر	-	-	-	Ad
4	وجود	-	-	-	N1
5	نخواهم داشت	-	-	-	V2
6	.	-	-	-	endDelim

0	تحمل	-	-	-	N1
1	این	-	-	-	A1
2	شکنجه	-	-	-	N1
3	بدون	-	-	-	Pr
4	پول	-	-	-	N1
5	دیگر	-	-	-	Ad
6	ممکن	-	-	-	A0
7	نیست	-	-	-	N1
8	و	-	-	-	conjunction
9	من	-	-	-	N5
10	خود	-	-	-	N8
11	را	-	-	-	Po
12	از	-	-	-	Pr
13	پنجره‌ی	-	-	-	N1
14	این	-	-	-	A1
15	،	-	-	-	endDelim
16	و	-	-	-	conjunction
17	ذخیره‌ی	-	-	-	N1
18	دارویم	-	-	-	N1
19	که	-	-	-	C0
20	زندگی	-	-	-	N1
21	را	-	-	-	Po
22	برایم	-	-	-	Pr
23	قابل‌تحمل‌تر	-	-	-	A0
24	می‌کرد	-	-	-	V2

0	و	-	-	-	conjunction
1	حالا	-	-	-	Ad
2	ته	-	-	-	V1

0	کشیده است	-	-	-	V2

0	شیروانی	-	-	-	N1
1	به	-	-	-	Pr
2	خیابان	-	-	-	N1
3	نکبت‌زده	-	-	-	undefined
4	خواهم انداخت	-	-	-	V2
5	.	-	-	-	endDelim

0	از	-	-	-	Pr
1	اعتیادم	-	-	-	N1
2	به	-	-	-	Pr
3	مورفین	-	-	-	N1
4	این‌طور	-	-	-	Ad
5	برداشت	-	-	-	V2

0	نکن	-	-	-	V1

0	که	-	-	-	C0
1	آدم	-	-	-	N1
2	ضعیف‌النفس	-	-	-	A0
3	یا	-	-	-	C0
4	بیماری	-	-	-	N1
5	هستم	-	-	-	V3
6	.	-	-	-	endDelim

0	پس	-	-	-	Ad
1	که	-	-	-	C0
2	چرا	-	-	-	NA
3	چاره‌ای	-	-	-	N1
4	جز	-	-	-	Pr
5	–	-	-	-	abbrv
6	هرچند	-	-	-	C0
7	هیچوقت	-	-	-	Ad
8	حقیقت	-	-	-	N1
9	را	-	-	-	Po
10	نخواهی دانست	-	-	-	V2

0	–	-	-	-	abbrv
1	از	-	-	-	Pr
2	خواندن	-	-	-	V2

0	این	-	-	-	A1
1	خطوط	-	-	-	mokassar
2	که	-	-	-	C0
3	سراسیمه	-	-	-	A0
4	نوشته‌ام	-	-	-	N1
5	حدس	-	-	-	N1
6	خواهی زد	-	-	-	V2

0	فراموشی	-	-	-	N1
1	یا	-	-	-	C0
2	مرگ	-	-	-	N1
3	ندارم	-	-	-	A0
4	.	-	-	-	endDelim
5	در	-	-	-	Pr
6	یکی	-	-	-	A2
7	از	-	-	-	Pr
8	آزادترین	-	-	-	A0
9	و	-	-	-	conjunction
10	کم‌ترددترین	-	-	-	undefined
11	بخش‌های	-	-	-	N1
12	اقیانوس	-	-	-	N1
13	آرام	-	-	-	V1

0	بود	-	-	-	V2

0	که	-	-	-	C0
1	کشتی‌ای	-	-	-	N1
2	که	-	-	-	C0
3	من	-	-	-	N5
4	مباشرش	-	-	-	N1
5	بودم	-	-	-	V2

0	گرفتار	-	-	-	A0
1	دزدان	-	-	-	V1

0	دریایی	-	-	-	A0
1	آلمانی	-	-	-	A0
2	شد	-	-	-	V3
3	.	-	-	-	endDelim

0	جنگ	-	-	-	V1

0	بزرگ	-	-	-	A0
1	آن‌زمان	-	-	-	undefined
2	تازه	-	-	-	A0
3	درآغاز	-	-	-	Ad
4	راه	-	-	-	N1
5	خود	-	-	-	N8
6	بود	-	-	-	V2

0	و	-	-	-	conjunction
1	نیروی	-	-	-	N1
2	دریایی	-	-	-	A0
3	هنوز	-	-	-	Ad
4	چندان	-	-	-	A0
5	دچار	-	-	-	Ad
6	آن	-	-	-	A1
7	وحشیگری	-	-	-	N1
8	و	-	-	-	conjunction
9	فساد	-	-	-	N1
10	نشده	-	-	-	V3

0	بود	-	-	-	V2
1	،	-	-	-	endDelim

0	به	-	-	-	Pr
1	همین	-	-	-	A1
2	دلیل	-	-	-	N1
3	بااینکه	-	-	-	Ad
4	کشتی	-	-	-	N1
5	ما	-	-	-	N5
6	بدل	-	-	-	A0
7	به	-	-	-	Pr
8	طعمه‌ی	-	-	-	N1
9	لذیذی	-	-	-	A0
10	برای	-	-	-	Pr
11	آن‌ها	-	-	-	N5
12	شد	-	-	-	V3
13	،	-	-	-	endDelim

0	اما	-	-	-	C0
1	با	-	-	-	Pr
2	ما	-	-	-	N5
3	افسران	-	-	-	N1
4	کشتی	-	-	-	N1
5	که	-	-	-	C0
6	حالا	-	-	-	Ad
7	زندانیان	-	-	-	A0
8	دریایی	-	-	-	A0
9	بودیم	-	-	-	V2

0	با	-	-	-	Pr
1	ملاطفت	-	-	-	N1
2	رفتار	-	-	-	N1
3	شد	-	-	-	V3
4	.	-	-	-	endDelim

0	درحقیقت	-	-	-	Ad
1	آن‌ها	-	-	-	N5
2	ما	-	-	-	N5
3	را	-	-	-	Po
4	چنان	-	-	-	A0
5	آزاد	-	-	-	A0
6	گذاشته بودند	-	-	-	V2

0	که	-	-	-	C0
1	پنج	-	-	-	Nu
2	روز	-	-	-	N1
3	پس‌از	-	-	-	Pr1
4	زندانی	-	-	-	A0
5	شدنمان	-	-	-	V3

0	توانستم	-	-	-	V2

0	یک	-	-	-	Nu
1	قایق	-	-	-	N1
2	کوچک	-	-	-	A0
3	و	-	-	-	conjunction
4	آب	-	-	-	N1
5	و	-	-	-	conjunction
6	غذای	-	-	-	N1
7	چندین	-	-	-	A0
8	روزم	-	-	-	N1
9	را	-	-	-	Po
10	برداشته	-	-	-	V2

0	و	-	-	-	conjunction
1	فرار	-	-	-	N1
2	کنم	-	-	-	V1
3	.	-	-	-	endDelim

0	پس‌از	-	-	-	Pr1
1	آنکه	-	-	-	Ad
2	خودم	-	-	-	N7
3	را	-	-	-	Po
4	تنها	-	-	-	A0
5	و	-	-	-	conjunction
6	رها	-	-	-	V1

0	یافتم	-	-	-	V2
1	،	-	-	-	endDelim

0	هیچ	-	-	-	A1
1	از	-	-	-	Pr
2	مکان	-	-	-	N1
3	و	-	-	-	conjunction
4	پیرامونم	-	-	-	N1
5	نمی‌دانستم	-	-	-	V2
6	.	-	-	-	endDelim

0	هیچوقت	-	-	-	Ad
1	مسیریاب	-	-	-	N1
2	قابلی	-	-	-	A0
3	نبودم	-	-	-	N1
4	و	-	-	-	conjunction
5	فقط	-	-	-	Ad
6	باکمک	-	-	-	Pr1
7	خورشید	-	-	-	N1
8	و	-	-	-	conjunction
9	ستاره‌ها	-	-	-	N1
10	،	-	-	-	endDelim
11	آن‌هم	-	-	-	Ad
12	به	-	-	-	Pr
13	دشواری	-	-	-	N1
14	،	-	-	-	endDelim
15	متوجه	-	-	-	A0
16	شدم	-	-	-	V3

0	احتمالاً	-	-	-	Ad
1	پایین‌تر	-	-	-	A0
2	از	-	-	-	Pr
3	نصف‌النهار	-	-	-	N1
4	هستم	-	-	-	V3
5	.	-	-	-	endDelim

0	از	-	-	-	Pr
1	طول	-	-	-	N1
2	جغرافیایی	-	-	-	A0
3	مکان	-	-	-	N1
4	خود	-	-	-	N8
5	هیچ	-	-	-	A1
6	اطلاعی	-	-	-	N1
7	نداشتم	-	-	-	V2

0	و	-	-	-	conjunction
1	تا	-	-	-	Pr
2	دوردست‌ها	-	-	-	A0
3	جزیره	-	-	-	N1
4	و	-	-	-	conjunction
5	ساحلی	-	-	-	A0
6	به	-	-	-	Pr
7	چشم	-	-	-	N1
8	نمی‌آمد	-	-	-	V2
9	.	-	-	-	endDelim

0	هوا	-	-	-	N1
1	آرام	-	-	-	V1

0	بود	-	-	-	V2

0	و	-	-	-	conjunction
1	من	-	-	-	N5
2	روزهای	-	-	-	N1
3	بسیار	-	-	-	A0
4	که	-	-	-	C0
5	شمارش	-	-	-	N1
6	از	-	-	-	Pr
7	دستانم	-	-	-	N1
8	خارج	-	-	-	N1
9	است	-	-	-	V3
10	،	-	-	-	endDelim

0	زیر	-	-	-	A0
1	خورشید	-	-	-	N1
2	سوزان	-	-	-	V1

0	سرگردان	-	-	-	A0
1	بودم	-	-	-	V2
2	؛	-	-	-	endDelim

0	در	-	-	-	Pr
1	انتظار	-	-	-	N1
2	کشتی‌ای	-	-	-	N1
3	که	-	-	-	C0
4	از	-	-	-	Pr
5	مجاورتم	-	-	-	N1
6	عبور	-	-	-	N1
7	کند	-	-	-	A0
8	یا	-	-	-	C0
9	جزیره‌ای	-	-	-	A0
10	که	-	-	-	C0
11	قابل	-	-	-	A0
12	سکونت	-	-	-	N1
13	باشد	-	-	-	V1
14	.	-	-	-	endDelim

0	اما	-	-	-	C0
1	نه	-	-	-	Nu
2	از	-	-	-	Pr
3	کشتی	-	-	-	N1
4	و	-	-	-	conjunction
5	نه	-	-	-	Nu
6	از	-	-	-	Pr
7	جزیره	-	-	-	N1
8	خبری	-	-	-	A0
9	نشد	-	-	-	V3

0	و	-	-	-	conjunction
1	در	-	-	-	Pr
2	سنگینی	-	-	-	N1
3	آن	-	-	-	A1
4	آبی	-	-	-	A0
5	بی‌انتها	-	-	-	A0
6	،	-	-	-	endDelim
7	ناامیدی	-	-	-	N1
8	در	-	-	-	Pr
9	تنهایی‌ام	-	-	-	A0
10	ریشه	-	-	-	N1
11	دواند	-	-	-	V2
12	.	-	-	-	endDelim

0	تغییر	-	-	-	N1
1	،	-	-	-	endDelim
2	زمانی‌که	-	-	-	C1
3	در	-	-	-	Pr
4	خواب	-	-	-	V1

0	بودم	-	-	-	V2

0	رخداد	-	-	-	N1
1	.	-	-	-	endDelim
2	جزئیاتش	-	-	-	N1
3	را	-	-	-	Po
4	هیچوقت	-	-	-	Ad
5	نخواهم دانست	-	-	-	V2
6	،	-	-	-	endDelim

0	زیرا	-	-	-	C0
1	خوابم	-	-	-	V1
2	،	-	-	-	endDelim

0	هرچند	-	-	-	C0
1	آشفته	-	-	-	A0
2	و	-	-	-	conjunction
3	آلوده	-	-	-	A0
4	به	-	-	-	Pr
5	رویا	-	-	-	N1
6	،	-	-	-	endDelim
7	پیوسته بود	-	-	-	V2
8	.	-	-	-	endDelim

0	زمانی‌که	-	-	-	C1
1	بالآخره	-	-	-	undefined
2	بیدار	-	-	-	A0
3	شدم	-	-	-	V3
4	،	-	-	-	endDelim

0	خود	-	-	-	N8
1	را	-	-	-	Po
2	تا	-	-	-	Pr
3	کمر	-	-	-	N1
4	فرورفته	-	-	-	A0
5	در	-	-	-	Pr
6	توده‌ای	-	-	-	A0
7	لزج	-	-	-	A0
8	از	-	-	-	Pr
9	لجنی	-	-	-	N1
10	جهنمی	-	-	-	A0
11	و	-	-	-	conjunction
12	سیاه‌رنگ	-	-	-	A0
13	یافتم	-	-	-	V2

0	که	-	-	-	C0
1	زمین	-	-	-	N1
2	اطرافم	-	-	-	N1
3	را	-	-	-	Po
4	تا	-	-	-	Pr
5	چشم	-	-	-	N1
6	کار	-	-	-	N1
7	می‌کرد	-	-	-	V2

0	پوشانده بود	-	-	-	V2
1	.	-	-	-	endDelim

0	قایقم	-	-	-	N1
1	هم	-	-	-	Ad
2	کمی	-	-	-	A2
3	آن‌طرفتر	-	-	-	undefined
4	،	-	-	-	endDelim
5	در	-	-	-	Pr
6	همین	-	-	-	A1
7	لجن	-	-	-	N1
8	به	-	-	-	Pr
9	زمین	-	-	-	N1
10	نشسته بود	-	-	-	V2
11	.	-	-	-	endDelim

0	خواننده‌ی	-	-	-	N1
1	این	-	-	-	A1
2	متن	-	-	-	N1
3	شاید	-	-	-	V2

0	گمان	-	-	-	N1
1	ببرد	-	-	-	V2

0	که	-	-	-	C0
1	نخستین	-	-	-	A0
2	واکنش	-	-	-	N1
3	من	-	-	-	N5
4	باید	-	-	-	V4

0	متحیر	-	-	-	A0
1	شدن	-	-	-	V3

0	از	-	-	-	Pr
1	این	-	-	-	A1
2	تغییر	-	-	-	N1
3	عظیم	-	-	-	A0
4	و	-	-	-	conjunction
5	نامنتظره‌ی	-	-	-	A0
6	محیط	-	-	-	A0
7	پیرامونم	-	-	-	N1
8	باشد	-	-	-	V1
9	،	-	-	-	endDelim

0	اما	-	-	-	C0
1	درحقیقت	-	-	-	Ad
2	من	-	-	-	N5
3	بیش‌از	-	-	-	Pr1
4	آنکه	-	-	-	Ad
5	شگفت‌زده	-	-	-	A0
6	باشم	-	-	-	V1
7	،	-	-	-	endDelim

0	ترسیده بودم	-	-	-	V2
1	؛	-	-	-	endDelim

0	چراکه	-	-	-	Ad
1	در	-	-	-	Pr
2	آن	-	-	-	A1
3	هوا	-	-	-	N1
4	و	-	-	-	conjunction
5	خاک	-	-	-	N1
6	فاسد	-	-	-	A0
7	چنان	-	-	-	A0
8	حالت	-	-	-	N1
9	مخوفی	-	-	-	A0
10	وجود	-	-	-	N1
11	داشت	-	-	-	V2

0	که	-	-	-	C0
1	تا	-	-	-	Pr
2	عمق	-	-	-	N1
3	وجودم	-	-	-	N1
4	را	-	-	-	Po
5	می‌لرزاند	-	-	-	V2
6	.	-	-	-	endDelim

0	زمین	-	-	-	N1
1	پوشیده بود	-	-	-	V2

0	از	-	-	-	Pr
1	لاشه‌ی	-	-	-	N1
2	درحال	-	-	-	undefined
3	فساد	-	-	-	N1
4	ماهی‌ها	-	-	-	N1
5	و	-	-	-	conjunction
6	چیزهای	-	-	-	N1
7	وصف‌ناپذیر	-	-	-	A0
8	دیگری	-	-	-	A2
9	که	-	-	-	C0
10	از	-	-	-	Pr
11	میان	-	-	-	N1
12	گل‌ولای	-	-	-	N1
13	کریه	-	-	-	A0
14	آن	-	-	-	A1
15	دشت	-	-	-	N1
16	بی‌انتها	-	-	-	A0
17	سر	-	-	-	V1

0	بیرون	-	-	-	N1
1	آورده بودند	-	-	-	V2
2	.	-	-	-	endDelim

0	نباید	-	-	-	V4

0	امید	-	-	-	N3
1	داشته باشم	-	-	-	V2

0	که	-	-	-	C0
1	بتوانم	-	-	-	V1

0	آن	-	-	-	A1
1	مخافت	-	-	-	undefined
2	هولناکی	-	-	-	A0
3	که	-	-	-	C0
4	در	-	-	-	Pr
5	سکوت	-	-	-	N1
6	محض	-	-	-	A0
7	جای	-	-	-	N1
8	گرفته بود	-	-	-	V2

0	را	-	-	-	Po
1	به	-	-	-	Pr
2	قالب	-	-	-	N1
3	کلمات	-	-	-	N1
4	در	-	-	-	Pr
5	بیاورم	-	-	-	V1
6	.	-	-	-	endDelim

0	کم‌ترین	-	-	-	A0
1	صدایی	-	-	-	A0
2	به	-	-	-	Pr
3	گوش	-	-	-	N1
4	نمی‌رسید	-	-	-	V2

0	و	-	-	-	conjunction
1	هیچ‌چیز	-	-	-	A2
2	به	-	-	-	Pr
3	چشم	-	-	-	N1
4	نمی‌آمد	-	-	-	V2
5	،	-	-	-	endDelim

0	مگر	-	-	-	Ad
1	محدودهای	-	-	-	A0
2	وسیع	-	-	-	A0
3	از	-	-	-	Pr
4	لجنی	-	-	-	N1
5	سیاهرنگ	-	-	-	A0
6	.	-	-	-	endDelim
7	اما	-	-	-	C0
8	آن	-	-	-	A1
9	حد	-	-	-	N1
10	از	-	-	-	Pr
11	سکوت	-	-	-	N1
12	و	-	-	-	conjunction
13	سکون	-	-	-	N1
14	و	-	-	-	conjunction
15	یکنواختی	-	-	-	A0
16	منظره	-	-	-	N1
17	،	-	-	-	endDelim
18	مرا	-	-	-	N5
19	دچار	-	-	-	Ad
20	ترسی	-	-	-	V1

0	تهوع‌آور	-	-	-	A0
1	می‌کرد	-	-	-	V2
2	.	-	-	-	endDelim

0	خورشید	-	-	-	N1
1	در	-	-	-	Pr
2	میان	-	-	-	N1
3	آسمانی	-	-	-	A0
4	وحشی	-	-	-	A0
5	و	-	-	-	conjunction
6	بی‌ابر	-	-	-	A0
7	می‌تابید	-	-	-	V2

0	که	-	-	-	C0
1	به	-	-	-	Pr
2	دید	-	-	-	V2

0	من	-	-	-	N5
1	،	-	-	-	endDelim
2	انگار	-	-	-	V1

0	سیاه	-	-	-	A0
1	بود	-	-	-	V2
2	.	-	-	-	endDelim

0	انگار	-	-	-	V1

0	که	-	-	-	C0
1	تصویر	-	-	-	N1
2	گل‌ولای	-	-	-	N1
3	جوهرمانند	-	-	-	N1
4	زیر	-	-	-	A0
5	پاهایم	-	-	-	N1
6	،	-	-	-	endDelim
7	در	-	-	-	Pr
8	آسمان	-	-	-	N1
9	منعکس	-	-	-	A0
10	شده بود	-	-	-	V3
11	.	-	-	-	endDelim

0	هنگامی‌که	-	-	-	C1
1	خودم	-	-	-	N7
2	را	-	-	-	Po
3	افتان	-	-	-	Ad
4	و	-	-	-	conjunction
5	خیزان	-	-	-	V1

0	به	-	-	-	Pr
1	قایق	-	-	-	N1
2	رساندم	-	-	-	V2
3	،	-	-	-	endDelim

0	دریافتم	-	-	-	V2

0	که	-	-	-	C0
1	تنها	-	-	-	A0
2	یک	-	-	-	Nu
3	نظریه	-	-	-	N1
4	برای	-	-	-	Pr
5	توجیه	-	-	-	N1
6	وضعیتم	-	-	-	N1
7	وجود	-	-	-	N1
8	دارد	-	-	-	V1
9	.	-	-	-	endDelim

0	طی	-	-	-	N1
1	یک	-	-	-	Nu
2	فوران	-	-	-	N1
3	نادر	-	-	-	A0
4	آتشفشانی	-	-	-	A0
5	،	-	-	-	endDelim
6	تکه‌ای	-	-	-	N1
7	از	-	-	-	Pr
8	کف	-	-	-	N1
9	اقیانوس	-	-	-	N1
10	بالا	-	-	-	A0
11	آمده بود	-	-	-	V2

0	و	-	-	-	conjunction
1	زمین‌هایی	-	-	-	N1
2	را	-	-	-	Po
3	آشکار	-	-	-	V1

0	کرده بود	-	-	-	V2

0	که	-	-	-	C0
1	میلیون‌ها	-	-	-	Nu
2	سال	-	-	-	N1
3	در	-	-	-	Pr
4	اعماق	-	-	-	mokassar
5	دست‌نیافتنی	-	-	-	A0
6	آب‌ها	-	-	-	N1
7	پنهان	-	-	-	A0
8	مانده بودند	-	-	-	V2
9	.	-	-	-	endDelim

0	زمینی	-	-	-	A0
1	که	-	-	-	C0
2	در	-	-	-	Pr
3	زیر	-	-	-	A0
4	من	-	-	-	N5
5	بالا	-	-	-	A0
6	آمده بود	-	-	-	V2

0	چنان	-	-	-	A0
1	وسیع	-	-	-	A0
2	بود	-	-	-	V2

0	که	-	-	-	C0
1	هرچقدر	-	-	-	Ad
2	گوش‌هایم	-	-	-	N1
3	را	-	-	-	Po
4	تیز	-	-	-	A0
5	می‌کردم	-	-	-	V2
6	،	-	-	-	endDelim

0	کم‌ترین	-	-	-	A0
1	صدایی	-	-	-	A0
2	از	-	-	-	Pr
3	تلاطم	-	-	-	N1
4	اقیانوس	-	-	-	N1
5	به	-	-	-	Pr
6	گوشم	-	-	-	N1
7	نمی‌رسید	-	-	-	V2
8	.	-	-	-	endDelim

0	حتا	-	-	-	undefined
1	مرغان	-	-	-	N1
2	دریایی	-	-	-	A0
3	برای	-	-	-	Pr
4	ارتزاق	-	-	-	N1
5	از	-	-	-	Pr
6	ماهیان	-	-	-	N1
7	مرده	-	-	-	A0
8	نیامده بودند	-	-	-	V2
9	.	-	-	-	endDelim

0	ساعت‌ها	-	-	-	N1
1	در	-	-	-	Pr
2	قایق	-	-	-	N1
3	که	-	-	-	C0
4	به	-	-	-	Pr
5	یکسو	-	-	-	A0
6	افتاده	-	-	-	A0
7	و	-	-	-	conjunction
8	سرپناه	-	-	-	N1
9	مختصری	-	-	-	A0
10	دربرابر	-	-	-	Pr1
11	آفتاب	-	-	-	N1
12	ارائه	-	-	-	N1
13	کرده بود	-	-	-	V2

0	غرق	-	-	-	A0
1	در	-	-	-	Pr
2	فکر	-	-	-	N1
3	و	-	-	-	conjunction
4	اندیشه	-	-	-	N1
5	نشستم	-	-	-	V2
6	.	-	-	-	endDelim

0	کمی	-	-	-	A2
1	که	-	-	-	C0
2	از	-	-	-	Pr
3	روز	-	-	-	N1
4	گذشت	-	-	-	V2
5	،	-	-	-	endDelim

0	زمین	-	-	-	N1
1	چسبندگی	-	-	-	N1
2	خود	-	-	-	N8
3	را	-	-	-	Po
4	ازدست	-	-	-	Pr1
5	داد	-	-	-	V2

0	و	-	-	-	conjunction
1	به	-	-	-	Pr
2	نظر	-	-	-	N1
3	کمی	-	-	-	A2
4	دیگر	-	-	-	Ad
5	آماده‌ی	-	-	-	A0
6	قدم‌زدن	-	-	-	undefined
7	می‌شد	-	-	-	V3
8	.	-	-	-	endDelim

0	آن	-	-	-	A1
1	شب	-	-	-	N1
2	زمان	-	-	-	N1
3	زیادی	-	-	-	A0
4	نخوابیدم	-	-	-	V2
5	،	-	-	-	endDelim

0	و	-	-	-	conjunction
1	فردا	-	-	-	Ad
2	برای	-	-	-	Pr
3	خودم	-	-	-	N7
4	بسته‌ای	-	-	-	A0
5	شامل	-	-	-	A0
6	آب	-	-	-	N1
7	و	-	-	-	conjunction
8	غذا	-	-	-	N1
9	فراهم	-	-	-	N1
10	کردم	-	-	-	V2
11	؛	-	-	-	endDelim

0	توشه‌ای	-	-	-	N1
1	برای	-	-	-	Pr
2	یک	-	-	-	Nu
3	سفر	-	-	-	N1
4	زمینی	-	-	-	A0
5	در	-	-	-	Pr
6	جستجوی	-	-	-	N1
7	دریایی	-	-	-	A0
8	که	-	-	-	C0
9	ناپدید	-	-	-	A0
10	شده بود	-	-	-	V3

0	و	-	-	-	conjunction
1	احتمالاً	-	-	-	Ad
2	راهی	-	-	-	A0
3	برای	-	-	-	Pr
4	نجات	-	-	-	N1
5	.	-	-	-	endDelim
6	روز	-	-	-	N1
7	سوم	-	-	-	A0
8	،	-	-	-	endDelim
9	زمین	-	-	-	N1
10	را	-	-	-	Po
11	خشک	-	-	-	V1

0	یافتم	-	-	-	V2
1	،	-	-	-	endDelim

0	طوری	-	-	-	N1
1	که	-	-	-	C0
2	می‌شد	-	-	-	V3

0	رویش	-	-	-	N1
1	بی‌دردسر	-	-	-	A0
2	قدم	-	-	-	N1
3	برداشت	-	-	-	V2
4	.	-	-	-	endDelim

0	بوی	-	-	-	N1
1	فساد	-	-	-	N1
2	ماهی‌ها	-	-	-	N1
3	جنون	-	-	-	N1
4	آور	-	-	-	V1

0	بود	-	-	-	V2
1	؛	-	-	-	endDelim

0	اما	-	-	-	C0
1	ذهنم	-	-	-	N1
2	درگیر	-	-	-	V1

0	موضوعاتی	-	-	-	N1
1	چنان	-	-	-	A0
2	حیاتی	-	-	-	A0
3	بود	-	-	-	V2

0	که	-	-	-	C0
1	چنین	-	-	-	A2
2	آزار	-	-	-	V1

0	مختصری	-	-	-	A0
1	را	-	-	-	Po
2	نادیده	-	-	-	Ad
3	می‌گرفت	-	-	-	V2
4	،	-	-	-	endDelim

0	و	-	-	-	conjunction
1	من	-	-	-	N5
2	جسورانه	-	-	-	Ad
3	درپی	-	-	-	Pr1
4	هدفی	-	-	-	N1
5	نامعلوم	-	-	-	A0
6	سفرم	-	-	-	N1
7	را	-	-	-	Po
8	آغاز	-	-	-	V1

0	کردم	-	-	-	V2
1	.	-	-	-	endDelim

0	تمام	-	-	-	A0
1	روز	-	-	-	N1
2	را	-	-	-	Po
3	مصمم	-	-	-	A0
4	به	-	-	-	Pr
5	سمت	-	-	-	N1
6	غرب	-	-	-	N1
7	رفتم	-	-	-	V2
8	،	-	-	-	endDelim

0	به	-	-	-	Pr
1	سوی	-	-	-	N1
2	تپه‌ای	-	-	-	A0
3	در	-	-	-	Pr
4	دوردست	-	-	-	A0
5	که	-	-	-	C0
6	مرتفع‌تر	-	-	-	A0
7	از	-	-	-	Pr
8	هر	-	-	-	A1
9	بلندی	-	-	-	N1
10	دیگری	-	-	-	A2
11	بود	-	-	-	V2
12	.	-	-	-	endDelim

0	شب	-	-	-	N1
1	را	-	-	-	Po
2	در	-	-	-	Pr
3	جایی	-	-	-	N1
4	مستقر	-	-	-	A0
5	شدم	-	-	-	V3

0	و	-	-	-	conjunction
1	روز	-	-	-	N1
2	بعد	-	-	-	A0
3	دوباره	-	-	-	Ad
4	به	-	-	-	Pr
5	سوی	-	-	-	N1
6	تپه	-	-	-	N1
7	حرکت	-	-	-	N1
8	کردم	-	-	-	V2
9	،	-	-	-	endDelim

0	هرچندکه	-	-	-	C1
1	چندان	-	-	-	A0
2	بزرگ‌تر	-	-	-	A0
3	از	-	-	-	Pr
4	وقتی‌که	-	-	-	C1
5	نخستین‌بار	-	-	-	A0
6	دیده بودمش	-	-	-	V2

0	به	-	-	-	Pr
1	نظر	-	-	-	N1
2	نمی‌آمد	-	-	-	V2
3	.	-	-	-	endDelim

0	عصر	-	-	-	N1
1	روز	-	-	-	N1
2	چهارم	-	-	-	Nu
3	به	-	-	-	Pr
4	دامنه‌ی	-	-	-	N1
5	تپه	-	-	-	N1
6	رسیدم	-	-	-	V2
7	،	-	-	-	endDelim

0	که	-	-	-	C0
1	حالا	-	-	-	Ad
2	بسیار	-	-	-	A0
3	بزرگ‌تر	-	-	-	A0
4	از	-	-	-	Pr
5	قبل	-	-	-	Ad
6	به	-	-	-	Pr
7	نظر	-	-	-	N1
8	می‌رسید	-	-	-	V2
9	.	-	-	-	endDelim

0	تپه	-	-	-	N1
1	در	-	-	-	Pr
2	مجاورت	-	-	-	N1
3	دره‌ای	-	-	-	N1
4	بود	-	-	-	V2

0	و	-	-	-	conjunction
1	این	-	-	-	A1
2	باعث	-	-	-	N1
3	می‌شد	-	-	-	V3

0	دامنه‌ی	-	-	-	N1
1	پرشیبی	-	-	-	A0
2	داشته باشد	-	-	-	V2
3	.	-	-	-	endDelim

0	خسته‌تر	-	-	-	A0
1	از	-	-	-	Pr
2	آن	-	-	-	A1
3	بودم	-	-	-	V2

0	که	-	-	-	C0
1	بالا	-	-	-	A0
2	بروم	-	-	-	A0
3	،	-	-	-	endDelim
4	پس	-	-	-	Ad
5	در	-	-	-	Pr
6	سایه‌ی	-	-	-	N1
7	تپه	-	-	-	N1
8	به	-	-	-	Pr
9	خواب	-	-	-	V1

0	رفتم	-	-	-	V2
1	.	-	-	-	endDelim

0	نمی‌دانم	-	-	-	V1

0	رویاهای	-	-	-	N1
1	آن	-	-	-	A1
2	شبم	-	-	-	N1
3	چرا	-	-	-	NA
4	آنچنان	-	-	-	Ad
5	دیوانه‌وار	-	-	-	A0
6	بودند	-	-	-	V2
7	.	-	-	-	endDelim

0	اما	-	-	-	C0
1	پیش‌ازآن‌که	-	-	-	C1
2	ماه	-	-	-	N1
3	از	-	-	-	Pr
4	نیمه	-	-	-	N1
5	گذشته	-	-	-	A0
6	که	-	-	-	C0
7	روبه	-	-	-	N1
8	نازکی	-	-	-	N1
9	می‌رفت	-	-	-	V2

0	بر	-	-	-	Pr
1	فراز	-	-	-	N1
2	فلات‌های	-	-	-	N1
3	شرق	-	-	-	N1
4	نمایان	-	-	-	V1

0	شود	-	-	-	V1
1	،	-	-	-	endDelim

0	من	-	-	-	N5
1	بیدار	-	-	-	A0
2	و	-	-	-	conjunction
3	خیس	-	-	-	V1

0	از	-	-	-	Pr
1	عرق	-	-	-	N1
2	سرد	-	-	-	A0
3	بودم	-	-	-	V2

0	و	-	-	-	conjunction
1	دیگر	-	-	-	Ad
2	قصد	-	-	-	N1
3	خوابیدن	-	-	-	V2

0	نداشتم	-	-	-	V2
1	.	-	-	-	endDelim

0	مشاهده‌ی	-	-	-	N1
1	دوباره‌ی	-	-	-	Ad
2	تصاویری	-	-	-	N1
3	که	-	-	-	C0
4	به	-	-	-	Pr
5	خواب	-	-	-	V1

0	دیده بودم	-	-	-	V2
1	،	-	-	-	endDelim

0	از	-	-	-	Pr
1	تحملم	-	-	-	N1
2	خارج	-	-	-	N1
3	بود	-	-	-	V2
4	.	-	-	-	endDelim

0	و	-	-	-	abbrv
1	در	-	-	-	Pr
2	تلألؤ	-	-	-	N1
3	ماه	-	-	-	N1
4	دریافتم	-	-	-	V2

0	که	-	-	-	C0
1	سفر	-	-	-	N1
2	کردن	-	-	-	V2

0	در	-	-	-	Pr
1	روز	-	-	-	N1
2	چه	-	-	-	NA
3	انتخاب	-	-	-	N1
4	نابخردانه‌ای	-	-	-	A0
5	بوده است	-	-	-	V2
6	.	-	-	-	endDelim

0	سفرم	-	-	-	N1
1	بی	-	-	-	prefix
2	حضور	-	-	-	N1
3	تابش	-	-	-	N1
4	سوزان	-	-	-	V1

0	خورشید	-	-	-	N1
1	توان	-	-	-	V4

0	کمتری	-	-	-	N1
1	از	-	-	-	Pr
2	من	-	-	-	N5
3	می‌گرفت	-	-	-	V2
4	.	-	-	-	endDelim

0	درحقیقت	-	-	-	Ad
1	،	-	-	-	endDelim
2	حالا	-	-	-	Ad
3	حس	-	-	-	N1
4	می‌کردم	-	-	-	V2

0	توان	-	-	-	V4

0	به	-	-	-	Pr
1	انجام	-	-	-	N1
2	رساندن	-	-	-	V2

0	صعودی	-	-	-	A0
1	که	-	-	-	C0
2	پیشتر	-	-	-	A0
3	هنگام	-	-	-	N1
4	روز	-	-	-	N1
5	از	-	-	-	Pr
6	آن	-	-	-	A1
7	منصرف	-	-	-	A0
8	شده بودم	-	-	-	V3

0	را	-	-	-	Po
1	داشتم	-	-	-	V2
2	.	-	-	-	endDelim

0	بسته‌ام	-	-	-	A0
1	را	-	-	-	Po
2	برداشتم	-	-	-	V2

0	و	-	-	-	conjunction
1	به	-	-	-	Pr
2	سوی	-	-	-	N1
3	سینه‌ی	-	-	-	N1
4	تپه	-	-	-	N1
5	به	-	-	-	Pr
6	راه	-	-	-	N1
7	افتادم	-	-	-	V2
8	.	-	-	-	endDelim

0	پیشتر	-	-	-	A0
1	گفتم	-	-	-	V2

0	که	-	-	-	C0
1	یکنواختی	-	-	-	A0
2	تزلزل‌ناپذیر	-	-	-	A0
3	محیط	-	-	-	A0
4	پیرامونم	-	-	-	N1
5	برای	-	-	-	Pr
6	من	-	-	-	N5
7	به	-	-	-	Pr
8	نوعی	-	-	-	A0
9	هراس‌آور	-	-	-	A0
10	بود	-	-	-	V2
11	؛	-	-	-	endDelim

0	اما	-	-	-	C0
1	احساس	-	-	-	N1
2	می‌کنم	-	-	-	V1

0	زمانی‌که	-	-	-	C1
1	به	-	-	-	Pr
2	قله‌ی	-	-	-	N1
3	تپه	-	-	-	N1
4	رسیدم	-	-	-	V2

0	و	-	-	-	conjunction
1	به	-	-	-	Pr
2	سوی	-	-	-	N1
3	دیگرش	-	-	-	N1
4	نگاه	-	-	-	N1
5	انداخته	-	-	-	A0
6	و	-	-	-	conjunction
7	دره	-	-	-	N1
8	یا	-	-	-	C0
9	گسلی	-	-	-	V1

0	بی‌اندازه	-	-	-	A0
1	عمیق	-	-	-	A0
2	را	-	-	-	Po
3	دیدم	-	-	-	V2

0	که	-	-	-	C0
1	ماه	-	-	-	N1
2	هنوز	-	-	-	Ad
3	آنقدر	-	-	-	Ad
4	در	-	-	-	Pr
5	آسمان	-	-	-	N1
6	بالا	-	-	-	A0
7	نرفته بود	-	-	-	V2

0	تا	-	-	-	Pr
1	گوشه	-	-	-	N1
2	و	-	-	-	conjunction
3	کنارهای	-	-	-	N1
4	تاریکش	-	-	-	A0
5	را	-	-	-	Po
6	روشن	-	-	-	A0
7	کند	-	-	-	A0
8	،	-	-	-	endDelim
9	وحشتی	-	-	-	N1
10	بسیار	-	-	-	A0
11	بیشتر	-	-	-	A0
12	را	-	-	-	Po
13	متحمل	-	-	-	N1
14	شدم	-	-	-	V3
15	.	-	-	-	endDelim

0	احساس	-	-	-	N1
1	می‌کردم	-	-	-	V2

0	بر	-	-	-	Pr
1	لبه‌ی	-	-	-	N1
2	جهان	-	-	-	N1
3	قرار	-	-	-	N1
4	دارم	-	-	-	V1

0	و	-	-	-	conjunction
1	چشم	-	-	-	N1
2	به	-	-	-	Pr
3	آشوبی	-	-	-	V1

0	و	-	-	-	conjunction
1	صعود	-	-	-	N1
2	هولناک	-	-	-	A0
3	شیطان	-	-	-	N1
4	در	-	-	-	Pr
5	سرزمین‌های	-	-	-	N1
6	بی‌انتها	-	-	-	A0
7	از	-	-	-	Pr
8	شبی	-	-	-	Ad
9	ابدی	-	-	-	A0
10	دوخته‌ام	-	-	-	A0
11	.	-	-	-	endDelim
12	در	-	-	-	Pr
13	میانه‌ی	-	-	-	N1
14	وحشت	-	-	-	N1
15	،	-	-	-	endDelim
16	بخش‌هایی	-	-	-	N1
17	از	-	-	-	Pr
18	بی‌قواره‌ی	-	-	-	N1
19	تاریکی	-	-	-	N1
20	به	-	-	-	Pr
21	یادم	-	-	-	N1
22	می‌آمد	-	-	-	V2
23	.	-	-	-	endDelim

0	ماه	-	-	-	N1
1	که	-	-	-	C0
2	در	-	-	-	Pr
3	آسمان	-	-	-	N1
4	بالاتر	-	-	-	A0
5	رفت	-	-	-	V2
6	،	-	-	-	endDelim

0	دریافتم	-	-	-	V2

0	شیب	-	-	-	N1
1	تپه	-	-	-	N1
2	آنچنان	-	-	-	Ad
3	هم	-	-	-	Ad
4	که	-	-	-	C0
5	گمان	-	-	-	N1
6	برده بودم	-	-	-	V2

0	تند	-	-	-	A0
1	نبود	-	-	-	N1
2	.	-	-	-	endDelim
3	لبه‌ها	-	-	-	N1
4	و	-	-	-	conjunction
5	زائده‌های	-	-	-	N1
6	تخته‌سنگ‌ها	-	-	-	N1
7	جای	-	-	-	N1
8	پای	-	-	-	N1
9	نسبتاً	-	-	-	Ad
10	راحتی	-	-	-	A0
11	برای	-	-	-	Pr
12	پایین	-	-	-	A0
13	آمدن	-	-	-	V2

0	فراهم	-	-	-	N1
1	می‌کردند	-	-	-	V2
2	؛	-	-	-	endDelim

0	هرچندکه	-	-	-	C1
1	پس‌از	-	-	-	Pr1
2	چندصد	-	-	-	undefined
3	پا	-	-	-	V1

0	پایین	-	-	-	A0
1	آمدن	-	-	-	V2
2	،	-	-	-	endDelim

0	از	-	-	-	Pr
1	شیب	-	-	-	N1
2	بسیار	-	-	-	A0
3	کاسته می‌شد	-	-	-	V2
4	.	-	-	-	endDelim

0	با	-	-	-	Pr
1	شوقی	-	-	-	A0
2	که	-	-	-	C0
3	به	-	-	-	Pr
4	هیچ	-	-	-	A1
5	روی	-	-	-	Pr1
6	دلیلش	-	-	-	N1
7	را	-	-	-	Po
8	نمی‌فهمیدم	-	-	-	V2
9	،	-	-	-	endDelim

0	به	-	-	-	Pr
1	دشواری	-	-	-	N1
2	از	-	-	-	Pr
3	صخره‌ها	-	-	-	N1
4	به	-	-	-	Pr
5	پایین	-	-	-	A0
6	لغزیدم	-	-	-	V2

0	و	-	-	-	conjunction
1	روی	-	-	-	Pr1
2	شیب	-	-	-	N1
3	ملایم	-	-	-	A0
4	آن	-	-	-	A1
5	پایین	-	-	-	A0
6	ایستادم	-	-	-	V2

0	و	-	-	-	conjunction
1	به	-	-	-	Pr
2	آن	-	-	-	A1
3	اعماق	-	-	-	mokassar
4	سراسر	-	-	-	N1
5	سیاه	-	-	-	A0
6	گسل	-	-	-	V1

0	چشم	-	-	-	N1
1	دوختم	-	-	-	V2

0	که	-	-	-	C0
1	هنوز	-	-	-	Ad
2	نوری	-	-	-	A0
3	به	-	-	-	Pr
4	آن‌ها	-	-	-	N5
5	راه	-	-	-	N1
6	نیافته بود	-	-	-	V2
7	.	-	-	-	endDelim

0	ناگهان	-	-	-	Ad
1	توجهم	-	-	-	N1
2	به	-	-	-	Pr
3	شئی	-	-	-	N1
4	یگانه	-	-	-	A0
5	و	-	-	-	conjunction
6	وسیع	-	-	-	A0
7	جلب	-	-	-	N1
8	شد	-	-	-	V3

0	که	-	-	-	C0
1	بر	-	-	-	Pr
2	تپه‌ی	-	-	-	N1
3	دیگری	-	-	-	A2
4	قرار	-	-	-	N1
5	داشت	-	-	-	V2

0	که	-	-	-	C0
1	تقریباً	-	-	-	Ad
2	صد	-	-	-	Nu
3	یارد	-	-	-	N1
4	جلوتر	-	-	-	A0
5	دوباره	-	-	-	Ad
6	از	-	-	-	Pr
7	آن‌سوی	-	-	-	Ad
8	گسل	-	-	-	V1

0	سربلند	-	-	-	A0
1	می‌کرد	-	-	-	V2
2	،	-	-	-	endDelim

0	شئی	-	-	-	N1
1	که	-	-	-	C0
2	زیر	-	-	-	A0
3	نور	-	-	-	N2
4	تازه‌رسیده‌ی	-	-	-	A0
5	مهتاب	-	-	-	N1
6	،	-	-	-	endDelim
7	برق	-	-	-	V1

0	سفیدی	-	-	-	N1
1	داشت	-	-	-	V2
2	.	-	-	-	endDelim

0	اینکه	-	-	-	Ad
1	آن	-	-	-	A1
2	شئ	-	-	-	N1
3	درحقیقت	-	-	-	Ad
4	تکه	-	-	-	N1
5	سنگی	-	-	-	A0
6	غول‌آسا	-	-	-	A0
7	بود	-	-	-	V2

0	را	-	-	-	Po
1	زود	-	-	-	A0
2	برنمی‌آمد	-	-	-	V2

0	ساخته‌ی	-	-	-	A0
1	دست	-	-	-	N1
2	طبیعت	-	-	-	N1
3	باشد	-	-	-	V1
4	.	-	-	-	endDelim

0	به	-	-	-	Pr
1	نحوی	-	-	-	A0
2	آگاه	-	-	-	V1

0	بودم	-	-	-	V2

0	که	-	-	-	C0
1	از	-	-	-	Pr
2	مکان	-	-	-	N1
3	و	-	-	-	conjunction
4	حالتی	-	-	-	N1
5	که	-	-	-	C0
6	داشت	-	-	-	V2

0	انباشته	-	-	-	A0
1	از	-	-	-	Pr
2	احساسی	-	-	-	A0
3	کرد	-	-	-	V2

0	که	-	-	-	C0
1	از	-	-	-	Pr
2	بیانش	-	-	-	N1
3	عاجزم	-	-	-	A0
4	؛	-	-	-	endDelim
5	زیرا	-	-	-	C0
6	تقریباً	-	-	-	Ad
7	تردید	-	-	-	N1
8	نداشتم	-	-	-	V2

0	که	-	-	-	C0
1	باوجود	-	-	-	Pr1
2	قد	-	-	-	N1
3	و	-	-	-	conjunction
4	قواره‌ی	-	-	-	N1
5	عظیمش	-	-	-	A0
6	و	-	-	-	conjunction
7	جای	-	-	-	N1
8	گرفتنش	-	-	-	V2

0	در	-	-	-	Pr
1	ناکجایی	-	-	-	undefined
2	که	-	-	-	C0
3	از	-	-	-	Pr
4	آغاز	-	-	-	V1

0	جهان	-	-	-	N1
1	در	-	-	-	Pr
2	کف	-	-	-	N1
3	اقیانوس	-	-	-	N1
4	قرار	-	-	-	N1
5	داشت	-	-	-	V2
6	،	-	-	-	endDelim

0	آن	-	-	-	A1
1	شئ	-	-	-	N1
2	عجیب	-	-	-	A0
3	،	-	-	-	endDelim
4	تخته‌سنگی	-	-	-	N1
5	خوش‌تراش	-	-	-	A0
6	بود	-	-	-	V2

0	که	-	-	-	C0
1	تن	-	-	-	V1

0	حجیمش	-	-	-	A0
1	دست	-	-	-	N1
2	هنروران	-	-	-	A0
3	و	-	-	-	conjunction
4	شاید	-	-	-	V2

0	پرستش	-	-	-	N1
1	مردمانی	-	-	-	undefined
2	صاحب	-	-	-	N1
3	هوشمندی	-	-	-	N1
4	را	-	-	-	Po
5	به	-	-	-	Pr
6	خود	-	-	-	N8
7	دیده بود	-	-	-	V2
8	.	-	-	-	endDelim

0	گیج	-	-	-	A0
1	و	-	-	-	conjunction
2	ترسیده بودم	-	-	-	V2
3	،	-	-	-	endDelim

0	اما	-	-	-	C0
1	هنوز	-	-	-	Ad
2	بارقه‌هایی	-	-	-	N1
3	از	-	-	-	Pr
4	شور	-	-	-	V1

0	یک	-	-	-	Nu
1	باستان‌شناس	-	-	-	N1
2	یا	-	-	-	C0
3	دانشمند	-	-	-	N1
4	در	-	-	-	Pr
5	من	-	-	-	N5
6	بود	-	-	-	V2
7	،	-	-	-	endDelim

0	پس	-	-	-	Ad
1	پیرامونم	-	-	-	N1
2	را	-	-	-	Po
3	بادقت	-	-	-	A0
4	بیشتری	-	-	-	A0
5	بررسی	-	-	-	N1
6	کردم	-	-	-	V2
7	.	-	-	-	endDelim

0	ماه	-	-	-	N1
1	حالا	-	-	-	Ad
2	در	-	-	-	Pr
3	مکان	-	-	-	N1
4	سرسو	-	-	-	N1
5	قرار	-	-	-	N1
6	داشت	-	-	-	V2

0	و	-	-	-	conjunction
1	غریب	-	-	-	A0
2	و	-	-	-	conjunction
3	زنده	-	-	-	A0
4	بر	-	-	-	Pr
5	تپه‌های	-	-	-	N1
6	بلندبالا	-	-	-	A0
7	می‌تابید	-	-	-	V2

0	که	-	-	-	C0
1	دره	-	-	-	N1
2	را	-	-	-	Po
3	در	-	-	-	Pr
4	محاصره	-	-	-	N1
5	گرفته بودند	-	-	-	V2
6	،	-	-	-	endDelim

0	و	-	-	-	conjunction
1	جریانی	-	-	-	A0
2	از	-	-	-	Pr
3	آب	-	-	-	N1
4	را	-	-	-	Po
5	در	-	-	-	Pr
6	انتهای	-	-	-	N1
7	آن	-	-	-	A1
8	دره‌ی	-	-	-	N1
9	عمیق	-	-	-	A0
10	آشکار	-	-	-	V1

0	می‌کرد	-	-	-	V2
1	.	-	-	-	endDelim

0	آب	-	-	-	N1
1	دیوانه‌وار	-	-	-	A0
2	به	-	-	-	Pr
3	هردیواره‌ی	-	-	-	undefined
4	گسل	-	-	-	V1

0	می‌کوبید	-	-	-	V2

0	و	-	-	-	conjunction
1	حتا	-	-	-	undefined
2	چیزی	-	-	-	Ad
3	نمانده بود	-	-	-	V2

0	پای	-	-	-	N1
1	مرا	-	-	-	N5
2	که	-	-	-	C0
3	بر	-	-	-	Pr
4	دامنه‌ی	-	-	-	N1
5	شیب	-	-	-	N1
6	ایستاده‌بودم‌تر	-	-	-	V2

0	کند	-	-	-	A0
1	.	-	-	-	endDelim
2	در	-	-	-	Pr
3	آن‌سوی	-	-	-	Ad
4	دره	-	-	-	N1
5	،	-	-	-	endDelim
6	موج‌ها	-	-	-	N1
7	پایه‌ی	-	-	-	N1
8	تخته‌سنگ	-	-	-	N1
9	غول‌آسا	-	-	-	A0
10	را	-	-	-	Po
11	می‌شستند	-	-	-	V2

0	و	-	-	-	conjunction
1	من	-	-	-	N5
2	حالا	-	-	-	Ad
3	می‌توانستم	-	-	-	V4

0	بر	-	-	-	Pr
1	سطح	-	-	-	N1
2	۲	-	-	-	number
3	آن	-	-	-	A1
4	نوشته‌ها	-	-	-	N1
5	و	-	-	-	conjunction
6	حکاکی‌هایی	-	-	-	N1
7	بی‌ظرافت	-	-	-	N1
8	را	-	-	-	Po
9	تشخیص	-	-	-	N1
10	دهم	-	-	-	V1
11	.	-	-	-	endDelim

0	نوشته‌ها	-	-	-	N1
1	به	-	-	-	Pr
2	خط‌نگارهای	-	-	-	undefined
3	بودند	-	-	-	V2

0	که	-	-	-	C0
1	برای	-	-	-	Pr
2	من	-	-	-	N5
3	ناآشنا	-	-	-	A0
4	بود	-	-	-	V2

0	و	-	-	-	conjunction
1	به	-	-	-	Pr
2	هیچکدام	-	-	-	N1
3	از	-	-	-	Pr
4	چیزهایی	-	-	-	N1
5	که	-	-	-	C0
6	درکتابها	-	-	-	undefined
7	دیده بودم	-	-	-	V2

0	نیز	-	-	-	Ad
1	شباهت	-	-	-	N1
2	نداشت	-	-	-	V2
3	.	-	-	-	endDelim

0	عموماً	-	-	-	Ad
1	از	-	-	-	Pr
2	نشانه‌هایی	-	-	-	N1
3	که	-	-	-	C0
4	به	-	-	-	Pr
5	دریا	-	-	-	N1
6	یا	-	-	-	C0
7	موجودات	-	-	-	A0
8	آن	-	-	-	A1
9	ربط	-	-	-	N1
10	داشت	-	-	-	V2

0	تشکیل	-	-	-	N1
1	شده بود	-	-	-	V3
2	؛	-	-	-	endDelim

0	نرم‌تن‌ها	-	-	-	A0
1	و	-	-	-	conjunction
2	وال‌ها	-	-	-	N1
3	و	-	-	-	conjunction
4	چیزهایی	-	-	-	N1
5	از	-	-	-	Pr
6	این	-	-	-	A1
7	دست	-	-	-	N1
8	.	-	-	-	endDelim
9	شماری	-	-	-	A0
10	از	-	-	-	Pr
11	نشانه‌ها	-	-	-	N1
12	نماینده‌ی	-	-	-	N1
13	موجوداتی	-	-	-	A0
14	،	-	-	-	endDelim
15	مانند	-	-	-	N1
16	ماهی‌ها	-	-	-	N1
17	،	-	-	-	endDelim
18	مارماهی‌ها	-	-	-	N1
19	،	-	-	-	endDelim
20	هشت‌پاها	-	-	-	N1
21	،	-	-	-	endDelim
22	میگوها	-	-	-	N1
23	دریازی	-	-	-	A0
24	بودند	-	-	-	V2

0	که	-	-	-	C0
1	جهان	-	-	-	N1
2	مدرن	-	-	-	A0
3	آن‌ها	-	-	-	N5
4	را	-	-	-	Po
5	تابه‌حال	-	-	-	Ad
6	به	-	-	-	Pr
7	چشم	-	-	-	N1
8	ندیده بود	-	-	-	V2
9	،	-	-	-	endDelim

0	اما	-	-	-	C0
1	من	-	-	-	N5
2	توانسته بودم	-	-	-	V2

0	اجساد	-	-	-	mokassar
1	درحال	-	-	-	undefined
2	فسادشان	-	-	-	N1
3	را	-	-	-	Po
4	روی	-	-	-	Pr1
5	زمینی	-	-	-	A0
6	که	-	-	-	C0
7	از	-	-	-	Pr
8	کف	-	-	-	N1
9	اقیانوس	-	-	-	N1
10	بلند	-	-	-	A0
11	شده بود	-	-	-	V3

0	ببینم	-	-	-	V1
1	.	-	-	-	endDelim

0	اما	-	-	-	C0
1	آنچه	-	-	-	N1
2	مرا	-	-	-	N5
3	حیرت‌زده	-	-	-	A0
4	برجای	-	-	-	A0
5	گذاشت	-	-	-	V2
6	،	-	-	-	endDelim

0	حکاکی‌ها	-	-	-	N1
1	بودند	-	-	-	V2
2	.	-	-	-	endDelim

0	آن‌سوی	-	-	-	Ad
1	آب‌هایی	-	-	-	N1
2	که	-	-	-	C0
3	میان	-	-	-	N1
4	ما	-	-	-	N5
5	فاصله	-	-	-	N1
6	انداخته بود	-	-	-	V2
7	،	-	-	-	endDelim

0	پای	-	-	-	N1
1	تخته‌سنگ	-	-	-	N1
2	ردیفی	-	-	-	Ad
3	از	-	-	-	Pr
4	۳	-	-	-	number
5	کنده‌کاری‌هایی	-	-	-	N1
6	قرار	-	-	-	N1
7	داشت	-	-	-	V2

0	که	-	-	-	C0
1	احتمالاً	-	-	-	Ad
2	حسادت	-	-	-	N1
3	دوری	-	-	-	N1
4	را	-	-	-	Po
5	برمی‌انگیختند	-	-	-	V2
6	.	-	-	-	endDelim

0	گمان	-	-	-	N1
1	می‌کنم	-	-	-	V1

0	آن	-	-	-	A1
1	حکاکی‌ها	-	-	-	N1
2	قرار	-	-	-	N1
3	بود	-	-	-	V2

0	نمایانگر	-	-	-	A0
1	انسان	-	-	-	N1
2	باشند	-	-	-	V1
3	.	-	-	-	endDelim

0	آن	-	-	-	A1
1	موجودات	-	-	-	A0
2	کنده‌کاری‌شده	-	-	-	A0
3	داشتند	-	-	-	V2

0	خودستایانه	-	-	-	undefined
1	به	-	-	-	Pr
2	خویش	-	-	-	N8
3	می‌نگریستند	-	-	-	V2
4	،	-	-	-	endDelim

0	یا	-	-	-	C0
1	شاید	-	-	-	V2

0	هم	-	-	-	Ad
1	به	-	-	-	Pr
2	تخته‌سنگ	-	-	-	N1
3	غول‌آسای	-	-	-	A0
4	دیگری	-	-	-	A2
5	که	-	-	-	C0
6	در	-	-	-	Pr
7	زیر	-	-	-	A0
8	موج‌ها	-	-	-	N1
9	جای	-	-	-	N1
10	داشت	-	-	-	V2

0	نگاه	-	-	-	N1
1	می‌کردند	-	-	-	V2
2	.	-	-	-	endDelim

0	از	-	-	-	Pr
1	جزئیات	-	-	-	N1
2	تن	-	-	-	V1

0	و	-	-	-	conjunction
1	صورتشان	-	-	-	N1
2	نمی‌توانم	-	-	-	V4

0	چیزی	-	-	-	Ad
1	بگویم	-	-	-	V1
2	،	-	-	-	endDelim

0	چراکه	-	-	-	Ad
1	حتا	-	-	-	undefined
2	یادآوری	-	-	-	N1
3	آن‌ها	-	-	-	N5
4	نیز	-	-	-	Ad
5	سرم	-	-	-	N1
6	را	-	-	-	Po
7	سبک	-	-	-	N1
8	کرده	-	-	-	V2

0	و	-	-	-	conjunction
1	به	-	-	-	Pr
2	دوران	-	-	-	N1
3	می‌اندازد	-	-	-	V1
4	.	-	-	-	endDelim

0	آنچنان	-	-	-	Ad
1	بی‌قواره	-	-	-	N1
2	که	-	-	-	C0
3	حتی	-	-	-	Ad
4	پو	-	-	-	V1

0	و	-	-	-	conjunction
1	بولور	-	-	-	A0
2	نمی‌توانستند	-	-	-	V4

0	چیزی	-	-	-	Ad
1	همانندش	-	-	-	A0
2	را	-	-	-	Po
3	تصور	-	-	-	N1
4	کنند	-	-	-	V1
5	.	-	-	-	endDelim

0	در	-	-	-	Pr
1	شمای	-	-	-	N1
2	کلی	-	-	-	A0
3	،	-	-	-	endDelim
4	سوای	-	-	-	A0
5	انگشتان	-	-	-	N1
6	به	-	-	-	Pr
7	هم	-	-	-	Ad
8	چسبیده‌ی	-	-	-	A0
9	دست	-	-	-	N1
10	و	-	-	-	conjunction
11	پایشان	-	-	-	N1
12	مانند	-	-	-	N1
13	انسان	-	-	-	N1
14	بودند	-	-	-	V2
15	،	-	-	-	endDelim

0	سوای	-	-	-	A0
1	لب‌های	-	-	-	N1
2	بیاندازه	-	-	-	A0
3	پهن	-	-	-	A0
4	و	-	-	-	conjunction
5	آویزانشان	-	-	-	A0
6	،	-	-	-	endDelim
7	آن	-	-	-	A1
8	چشمان	-	-	-	V1

0	شیشه‌ای	-	-	-	A0
1	و	-	-	-	conjunction
2	وق‌زده	-	-	-	A0
3	و	-	-	-	conjunction
4	جزئیات	-	-	-	N1
5	دیگری	-	-	-	A2
6	که	-	-	-	C0
7	یادآوریشان	-	-	-	N1
8	به	-	-	-	Pr
9	هیچ	-	-	-	A1
10	روی	-	-	-	Pr1
11	خوش‌آیند	-	-	-	A0
12	نیست	-	-	-	N1
13	.	-	-	-	endDelim
14	کنجکاو	-	-	-	A0
15	شده بودم	-	-	-	V3
16	،	-	-	-	endDelim

0	زیرا	-	-	-	C0
1	در	-	-	-	Pr
2	کنده‌کاری‌ها	-	-	-	N1
3	تناسب	-	-	-	N1
4	آن	-	-	-	A1
5	موجودات	-	-	-	A0
6	با	-	-	-	Pr
7	سایر	-	-	-	N1
8	اجزای	-	-	-	N1
9	تصویر	-	-	-	N1
10	رعایت	-	-	-	N1
11	نشده	-	-	-	V3

0	بود	-	-	-	V2
1	.	-	-	-	endDelim

0	برای	-	-	-	Pr
1	مثال	-	-	-	N1
2	،	-	-	-	endDelim
3	یکی	-	-	-	A2
4	از	-	-	-	Pr
5	آن‌ها	-	-	-	N5
6	داشت	-	-	-	V2

0	نهنگی	-	-	-	N1
1	را	-	-	-	Po
2	به	-	-	-	Pr
3	قتل	-	-	-	N1
4	می‌رساند	-	-	-	V2

0	که	-	-	-	C0
1	تنها	-	-	-	A0
2	کمی	-	-	-	A2
3	بزرگ‌تر	-	-	-	A0
4	از	-	-	-	Pr
5	خودش	-	-	-	N7
6	ترسیم	-	-	-	N1
7	شده بود	-	-	-	V3
8	.	-	-	-	endDelim

0	همانطور	-	-	-	undefined
1	که	-	-	-	C0
2	گفتم	-	-	-	V2

0	اندازه‌ی	-	-	-	N1
1	غریب	-	-	-	A0
2	و	-	-	-	conjunction
3	شمایل	-	-	-	N1
4	هیولاییشان	-	-	-	A0
5	بیش‌از	-	-	-	Pr1
6	همه	-	-	-	N1
7	توجهم	-	-	-	N1
8	را	-	-	-	Po
9	جلب	-	-	-	N1
10	کرد	-	-	-	V2
11	،	-	-	-	endDelim

0	اما	-	-	-	C0
1	لحظه‌ای	-	-	-	Ad
2	طول	-	-	-	N1
3	نکشید	-	-	-	V2

0	که	-	-	-	C0
1	اندیشیدم	-	-	-	V2

0	آن‌ها	-	-	-	N5
1	بی‌تردید	-	-	-	A0
2	خدایان	-	-	-	N1
3	ساختگی	-	-	-	A0
4	قومی	-	-	-	A0
5	دریانورد	-	-	-	N1
6	یا	-	-	-	C0
7	ماهیگیر	-	-	-	N1
8	بوده	-	-	-	V2

0	که	-	-	-	C0
1	در	-	-	-	Pr
2	زمان‌های	-	-	-	N1
3	دور	-	-	-	A0
4	می‌زیستهاند	-	-	-	V2
5	؛	-	-	-	endDelim

0	قومی	-	-	-	A0
1	که	-	-	-	C0
2	آخرین	-	-	-	N1
3	بازمانده‌شان	-	-	-	A0
4	قرن‌ها	-	-	-	N1
5	پیش‌ازآن‌که	-	-	-	C1
6	نخستین	-	-	-	A0
7	انسان	-	-	-	N1
8	پا	-	-	-	V1

0	به	-	-	-	Pr
1	دنیا	-	-	-	N1
2	بگذارد	-	-	-	V2

0	از	-	-	-	Pr
1	میان	-	-	-	N1
2	رفته بود	-	-	-	V2
3	.	-	-	-	endDelim

0	داشتم	-	-	-	V2

0	به	-	-	-	Pr
1	گذشته‌ای	-	-	-	A0
2	نگاه	-	-	-	N1
3	می‌کردم	-	-	-	V2

0	که	-	-	-	C0
1	تاریخش	-	-	-	N1
2	از	-	-	-	Pr
3	تصور	-	-	-	N1
4	جسورترین	-	-	-	A0
5	انسان‌شناس	-	-	-	A0
6	نیز	-	-	-	Ad
7	دورتر	-	-	-	A0
8	می‌رفت	-	-	-	V2
9	؛	-	-	-	endDelim

0	حیرتزده	-	-	-	A0
1	و	-	-	-	conjunction
2	سرمست	-	-	-	A0
3	ایستاده بودم	-	-	-	V2

0	و	-	-	-	conjunction
1	ماه	-	-	-	N1
2	بازتاب‌های	-	-	-	N1
3	غریبی	-	-	-	N1
4	بر	-	-	-	Pr
5	توده	-	-	-	N1
6	آب	-	-	-	N1
7	بیصدای	-	-	-	undefined
8	مقابلم	-	-	-	A0
9	می‌انداخت	-	-	-	V2
10	.	-	-	-	endDelim

0	سپس	-	-	-	Ad
1	،	-	-	-	endDelim
2	ناگهان	-	-	-	Ad
3	دیدمش	-	-	-	V2
4	.	-	-	-	endDelim

0	تنها	-	-	-	A0
1	تکان‌های	-	-	-	N1
2	مختصر	-	-	-	A0
3	آب	-	-	-	N1
4	بود	-	-	-	V2

0	که	-	-	-	C0
1	آمدنش	-	-	-	V2

0	به	-	-	-	Pr
1	سطح	-	-	-	N1
2	را	-	-	-	Po
3	خبر	-	-	-	N1
4	می‌داد	-	-	-	V2
5	.	-	-	-	endDelim

0	او	-	-	-	N5
1	از	-	-	-	Pr
2	آب‌های	-	-	-	N1
3	تاریک	-	-	-	A0
4	بالا	-	-	-	A0
5	آمد	-	-	-	V2
6	،	-	-	-	endDelim

0	عظیم	-	-	-	A0
1	بود	-	-	-	V2
2	،	-	-	-	endDelim

0	به	-	-	-	Pr
1	پلیفموس	-	-	-	undefined
2	می‌مانست	-	-	-	V2
3	.	-	-	-	endDelim

0	لبریز	-	-	-	A0
1	از	-	-	-	Pr
2	تنفر	-	-	-	N1
3	،	-	-	-	endDelim
4	همچون	-	-	-	Pr
5	هیولایی	-	-	-	A0
6	حیرت‌انگیز	-	-	-	A0
7	برخاسته	-	-	-	A0
8	از	-	-	-	Pr
9	کابوس‌ها	-	-	-	N1
10	،	-	-	-	endDelim
11	به	-	-	-	Pr
12	سوی	-	-	-	N1
13	مجسمه	-	-	-	N1
14	دوید	-	-	-	V2

0	و	-	-	-	conjunction
1	بازوان	-	-	-	N1
2	عظیم	-	-	-	A0
3	فلسپوشش	-	-	-	undefined
4	را	-	-	-	Po
5	اطراف	-	-	-	N1
6	آن	-	-	-	A1
7	تکان	-	-	-	V1

0	داد	-	-	-	V2
1	؛	-	-	-	endDelim

0	سر	-	-	-	V1

0	هولناکش	-	-	-	A0
1	را	-	-	-	Po
2	خم	-	-	-	V1

0	کرده بود	-	-	-	V2

0	و	-	-	-	conjunction
1	صداهای	-	-	-	N1
2	آهنگینی	-	-	-	A0
3	از	-	-	-	Pr
4	گلو	-	-	-	N1
5	خارج	-	-	-	N1
6	می‌کرد	-	-	-	V2
7	.	-	-	-	endDelim

0	به	-	-	-	Pr
1	نظر	-	-	-	N1
2	آن	-	-	-	A1
3	زمان	-	-	-	N1
4	بود	-	-	-	V2

0	که	-	-	-	C0
1	دیوانه	-	-	-	A0
2	شدم	-	-	-	V3
3	.	-	-	-	endDelim

0	از	-	-	-	Pr
1	صعود	-	-	-	N1
2	دیوانه‌وارم	-	-	-	A0
3	از	-	-	-	Pr
4	آن	-	-	-	A1
5	شیب	-	-	-	N1
6	و	-	-	-	conjunction
7	صخره‌ها	-	-	-	N1
8	و	-	-	-	conjunction
9	از	-	-	-	Pr
10	بازگشت	-	-	-	V2

0	وهمگینم	-	-	-	N1
1	به	-	-	-	Pr
2	سوی	-	-	-	N1
3	قایق	-	-	-	N1
4	به	-	-	-	Pr
5	گل	-	-	-	N1
6	نشسته	-	-	-	A0
7	،	-	-	-	endDelim
8	جز	-	-	-	Pr
9	اندک	-	-	-	A0
10	چیزی	-	-	-	Ad
11	به	-	-	-	Pr
12	خاطر	-	-	-	N1
13	ندارم	-	-	-	A0
14	.	-	-	-	endDelim
15	می‌دانم	-	-	-	V1

0	که	-	-	-	C0
1	بسیار	-	-	-	A0
2	آواز	-	-	-	N1
3	خواندم	-	-	-	V2
4	،	-	-	-	endDelim

0	و	-	-	-	conjunction
1	زمانی‌که	-	-	-	C1
2	دیگر	-	-	-	Ad
3	نتوانستم	-	-	-	V2

0	بخوانم	-	-	-	V1

0	به	-	-	-	Pr
1	نحو	-	-	-	N1
2	غریبی	-	-	-	N1
3	خندیدم	-	-	-	V2
4	.	-	-	-	endDelim

0	تصاویر	-	-	-	N1
1	تمایزناپذیری	-	-	-	undefined
2	از	-	-	-	Pr
3	رخداد	-	-	-	N1
4	یک	-	-	-	Nu
5	طوفان	-	-	-	N1
6	بزرگ	-	-	-	A0
7	مدتی	-	-	-	N1
8	پس‌ازآن‌که	-	-	-	C1
9	به	-	-	-	Pr
10	قایق	-	-	-	N1
11	رسیده بودم	-	-	-	V2

0	را	-	-	-	Po
1	به	-	-	-	Pr
2	خاطر	-	-	-	N1
3	دارم	-	-	-	V1
4	.	-	-	-	endDelim

0	اما	-	-	-	C0
1	به	-	-	-	Pr
2	هر	-	-	-	A1
3	روی	-	-	-	Pr1
4	،	-	-	-	endDelim
5	می‌دانم	-	-	-	V1

0	که	-	-	-	C0
1	صدای	-	-	-	N1
2	غرش	-	-	-	N1
3	تندر	-	-	-	N1
4	و	-	-	-	conjunction
5	صداهایی	-	-	-	N1
6	ازین	-	-	-	undefined
7	دست	-	-	-	N1
8	را	-	-	-	Po
9	شنیدم	-	-	-	V2

0	که	-	-	-	C0
1	طبیعت	-	-	-	N1
2	در	-	-	-	Pr
3	دیوانه‌ترین	-	-	-	A0
4	شرایطش	-	-	-	mokassar
5	ساطع	-	-	-	A0
6	می‌کند	-	-	-	V1
7	.	-	-	-	endDelim

0	هنگامی‌که	-	-	-	C1
1	از	-	-	-	Pr
2	سیاهی‌ها	-	-	-	N1
3	خارج	-	-	-	N1
4	شدم	-	-	-	V3
5	،	-	-	-	endDelim

0	در	-	-	-	Pr
1	بیمارستان	-	-	-	N1
2	سان‌فرانسیسکو	-	-	-	N2
3	بودم	-	-	-	V2
4	.	-	-	-	endDelim

0	کاپیتان	-	-	-	N1
1	یک	-	-	-	Nu
2	کشتی	-	-	-	N1
3	آمریکایی	-	-	-	A0
4	که	-	-	-	C0
5	قایقم	-	-	-	N1
6	را	-	-	-	Po
7	در	-	-	-	Pr
8	میانه‌ی	-	-	-	N1
9	اقیانوس	-	-	-	N1
10	دیده بود	-	-	-	V2
11	،	-	-	-	endDelim

0	مرا	-	-	-	N5
1	به	-	-	-	Pr
2	آنجا	-	-	-	Ad
3	آورده بود	-	-	-	V2
4	.	-	-	-	endDelim

0	در	-	-	-	Pr
1	هذیان‌هایم	-	-	-	N1
2	حرفهای	-	-	-	A0
3	زیادی	-	-	-	A0
4	زده بودم	-	-	-	V2
5	،	-	-	-	endDelim

0	اما	-	-	-	C0
1	دریافتم	-	-	-	V2

0	که	-	-	-	C0
1	کم‌ترین	-	-	-	A0
2	توجهی	-	-	-	N1
3	را	-	-	-	Po
4	به	-	-	-	Pr
5	آن‌ها	-	-	-	N5
6	روا	-	-	-	A0
7	نداشته‌اند	-	-	-	A0
8	.	-	-	-	endDelim
9	آن‌ها	-	-	-	N5
10	که	-	-	-	C0
11	مرا	-	-	-	N5
12	نجات	-	-	-	N1
13	دادند	-	-	-	V2

0	از	-	-	-	Pr
1	بالا	-	-	-	A0
2	آمدن	-	-	-	V2

0	کف	-	-	-	N1
1	هیچ‌کجای	-	-	-	undefined
2	اقیانوس	-	-	-	N1
3	آرام	-	-	-	V1

0	خبری	-	-	-	A0
1	نداشتند	-	-	-	V2
2	،	-	-	-	endDelim

0	و	-	-	-	conjunction
1	من	-	-	-	N5
2	همبر	-	-	-	A0
3	چیزی	-	-	-	Ad
4	که	-	-	-	C0
5	می‌دانستم	-	-	-	V2

0	باور	-	-	-	N1
1	نخواهند کرد	-	-	-	V2

0	اصرار	-	-	-	N1
1	نورزیدم	-	-	-	V2
2	.	-	-	-	endDelim

0	زمانی	-	-	-	A0
1	یک	-	-	-	Nu
2	نژادشناس	-	-	-	N1
3	مطرح	-	-	-	N1
4	را	-	-	-	Po
5	جستم	-	-	-	V2

0	و	-	-	-	conjunction
1	او	-	-	-	N5
2	را	-	-	-	Po
3	با	-	-	-	Pr
4	پرسش‌های	-	-	-	N1
5	خودم	-	-	-	N7
6	درباره‌ی	-	-	-	N1
7	داگون	-	-	-	undefined
8	،	-	-	-	endDelim
9	افسانه‌ی	-	-	-	N1
10	باستانی	-	-	-	A0
11	فلسطینی	-	-	-	A0
12	،	-	-	-	endDelim
13	آن	-	-	-	A1
14	نیم	-	-	-	N1
15	خداوند	-	-	-	N1
16	و	-	-	-	conjunction
17	نیم	-	-	-	N1
18	ماهی	-	-	-	N1
19	سر	-	-	-	V1

0	شوق	-	-	-	N1
1	آوردم	-	-	-	V2
2	.	-	-	-	endDelim

0	اما	-	-	-	C0
1	به	-	-	-	Pr
2	تندی	-	-	-	N1
3	دریافتم	-	-	-	V2

0	که	-	-	-	C0
1	او	-	-	-	N5
2	فقط	-	-	-	Ad
3	ناامیدانه	-	-	-	Ad
4	آنچه	-	-	-	N1
5	به	-	-	-	Pr
6	چشم	-	-	-	N1
7	می‌دید	-	-	-	V2

0	را	-	-	-	Po
1	می‌پذیرفت	-	-	-	V2
2	،	-	-	-	endDelim

0	و	-	-	-	conjunction
1	دست	-	-	-	N1
2	ازپی	-	-	-	Pr1
3	گرفتن	-	-	-	V2

0	پرسش‌هایم	-	-	-	N1
1	کشیدم	-	-	-	V2
2	.	-	-	-	endDelim

0	شب‌ها	-	-	-	N1
1	،	-	-	-	endDelim
2	به	-	-	-	Pr
3	ویژه	-	-	-	A0
4	زمانی‌که	-	-	-	C1
5	ماه	-	-	-	N1
6	از	-	-	-	Pr
7	نیمه	-	-	-	N1
8	گذشته است	-	-	-	V2

0	و	-	-	-	conjunction
1	روبه	-	-	-	N1
2	نازکی	-	-	-	N1
3	می‌رود	-	-	-	V1
4	،	-	-	-	endDelim

0	او	-	-	-	N5
1	را	-	-	-	Po
2	می‌بینم	-	-	-	V1
3	.	-	-	-	endDelim

0	مورفین	-	-	-	N1
1	را	-	-	-	Po
2	آزموده‌ام	-	-	-	A0
3	،	-	-	-	endDelim
4	اما	-	-	-	C0
5	تنها	-	-	-	A0
6	پایانی	-	-	-	A0
7	گذرا	-	-	-	A0
8	به	-	-	-	Pr
9	دردهایم	-	-	-	N1
10	بخشیده	-	-	-	N1
11	و	-	-	-	conjunction
12	درعوض	-	-	-	Ad
13	مرا	-	-	-	N5
14	چون	-	-	-	C0
15	برده‌ای	-	-	-	N1
16	ناتوان	-	-	-	A0
17	در	-	-	-	Pr
18	چنگال	-	-	-	N1
19	خویش	-	-	-	N8
20	اسیر	-	-	-	A0
21	کرده است	-	-	-	V2
22	.	-	-	-	endDelim

0	پس	-	-	-	Ad
1	حالا	-	-	-	Ad
2	،	-	-	-	endDelim
3	من	-	-	-	N5
4	به	-	-	-	Pr
5	همه‌چیز	-	-	-	undefined
6	پایان	-	-	-	N1
7	می‌بخشم	-	-	-	V1
8	،	-	-	-	endDelim

0	حالاکه	-	-	-	C1
1	شرح	-	-	-	N1
2	تمام	-	-	-	A0
3	ماجرا	-	-	-	N1
4	را	-	-	-	Po
5	برای	-	-	-	Pr
6	دوستان	-	-	-	N1
7	و	-	-	-	conjunction
8	اطرافیانم	-	-	-	N1
9	نوشته‌ام	-	-	-	N1
10	تا	-	-	-	Pr
11	از	-	-	-	Pr
12	حقیقت	-	-	-	N1
13	آگاه	-	-	-	V1

0	شوند	-	-	-	N1
1	و	-	-	-	conjunction
2	یا	-	-	-	C0
3	خود	-	-	-	N8
4	را	-	-	-	Po
5	حقیرانه	-	-	-	Ad
6	با	-	-	-	Pr
7	آن	-	-	-	A1
8	سرگرم	-	-	-	A0
9	کنند	-	-	-	V1
10	.	-	-	-	endDelim

0	گاه‌و‌بيگاه	-	-	-	Ad
1	از	-	-	-	Pr
2	خود	-	-	-	N8
3	می‌پرسم	-	-	-	V1

0	که	-	-	-	C0
1	آیا	-	-	-	NA
2	همه‌چیز	-	-	-	undefined
3	نمی‌توانسته	-	-	-	V4

0	تماماً	-	-	-	Ad
1	وهم	-	-	-	N1
2	بوده باشد	-	-	-	V2
3	؟	-	-	-	endDelim

0	جنونی	-	-	-	N1
1	ناشی	-	-	-	A0
2	از	-	-	-	Pr
3	تب	-	-	-	N1
4	که	-	-	-	C0
5	پس‌از	-	-	-	Pr1
6	فرار	-	-	-	N1
7	از	-	-	-	Pr
8	کشتی	-	-	-	N1
9	آلمان‌ها	-	-	-	N2
10	،	-	-	-	endDelim
11	زمانی	-	-	-	A0
12	تصویری	-	-	-	A0
13	زنده	-	-	-	A0
14	و	-	-	-	conjunction
15	،	-	-	-	endDelim
16	که	-	-	-	C0
17	گرمازده	-	-	-	A0
18	و	-	-	-	conjunction
19	پریشان	-	-	-	A0
20	در	-	-	-	Pr
21	قایق	-	-	-	N1
22	روباز	-	-	-	A0
23	خود	-	-	-	N8
24	افتاده بودم	-	-	-	V2

0	دچارش	-	-	-	undefined
1	شده بودم	-	-	-	V3
2	؟	-	-	-	endDelim

0	این	-	-	-	A1
1	را	-	-	-	Po
2	از	-	-	-	Pr
3	خود	-	-	-	N8
4	می‌پرسم	-	-	-	V1

0	و	-	-	-	conjunction
1	هربار	-	-	-	undefined
2	در	-	-	-	Pr
3	پاسخ	-	-	-	N1
4	هولناک	-	-	-	A0
5	پیش	-	-	-	A0
6	چشمانم	-	-	-	undefined
7	می‌دود	-	-	-	V1
8	.	-	-	-	endDelim

0	نمی‌توانم	-	-	-	V4

0	به	-	-	-	Pr
1	دریای	-	-	-	N1
2	پرعمق	-	-	-	A0
3	بیاندیشم	-	-	-	V1

0	و	-	-	-	conjunction
1	از	-	-	-	Pr
2	فکر	-	-	-	N1
3	موجودات	-	-	-	A0
4	بی‌نامی	-	-	-	A0
5	که	-	-	-	C0
6	شاید	-	-	-	V2

0	همین	-	-	-	A1
1	لحظه	-	-	-	N1
2	در	-	-	-	Pr
3	بستر	-	-	-	N1
4	لزج	-	-	-	A0
5	آن	-	-	-	A1
6	بت‌های	-	-	-	N1
7	باستانی	-	-	-	A0
8	سنگیشان	-	-	-	A0
9	را	-	-	-	Po
10	می‌پرستند	-	-	-	V1

0	و	-	-	-	conjunction
1	تصویر	-	-	-	N1
2	خود	-	-	-	N8
3	را	-	-	-	Po
4	بر	-	-	-	Pr
5	ستون‌های	-	-	-	N1
6	ساخته	-	-	-	A0
7	از	-	-	-	Pr
8	گرانیت	-	-	-	N1
9	نم‌کشیده‌ی	-	-	-	undefined
10	زیر	-	-	-	A0
11	دریا	-	-	-	N1
12	می‌تراشند	-	-	-	V1

0	بر	-	-	-	Pr
1	،	-	-	-	endDelim
2	می‌خزند	-	-	-	V1

0	خود	-	-	-	N8
1	نلرزم	-	-	-	V1
2	.	-	-	-	endDelim

0	در	-	-	-	Pr
1	رویاهایم	-	-	-	N1
2	روزی	-	-	-	N1
3	را	-	-	-	Po
4	می‌بینم	-	-	-	V1

0	که	-	-	-	C0
1	آن‌ها	-	-	-	N5
2	از	-	-	-	Pr
3	سطح	-	-	-	N1
4	آب‌ها	-	-	-	N1
5	بالا	-	-	-	A0
6	می‌آیند	-	-	-	V1

0	تا	-	-	-	Pr
1	با	-	-	-	Pr
2	پنجه‌های	-	-	-	N1
3	بویناکشان	-	-	-	A0
4	،	-	-	-	endDelim
5	بازمانده‌های	-	-	-	A0
6	بشری	-	-	-	A0
7	حقیر	-	-	-	A0
8	و	-	-	-	conjunction
9	خسته	-	-	-	A0
10	از	-	-	-	Pr
11	جنگ	-	-	-	V1

0	را	-	-	-	Po
1	با	-	-	-	Pr
2	خود	-	-	-	N8
3	به	-	-	-	Pr
4	زیر	-	-	-	A0
5	بکشند	-	-	-	N1
6	.	-	-	-	endDelim
7	رویای	-	-	-	N1
8	روزی	-	-	-	N1
9	را	-	-	-	Po
10	که	-	-	-	C0
11	زمین	-	-	-	N1
12	سربه‌سر	-	-	-	A0
13	غرق	-	-	-	A0
14	خواهد شد	-	-	-	V3
15	،	-	-	-	endDelim

0	و	-	-	-	conjunction
1	کف	-	-	-	N1
2	تاریک	-	-	-	A0
3	اقیانوس	-	-	-	N1
4	در	-	-	-	Pr
5	میانه‌ی	-	-	-	N1
6	آن	-	-	-	A1
7	آشوب	-	-	-	V1

0	جهانی	-	-	-	A0
1	فراز	-	-	-	N1
2	خواهد آمد	-	-	-	V2
3	.	-	-	-	endDelim

0	پایان	-	-	-	N1
1	کار	-	-	-	N1
2	نزدیک	-	-	-	A0
3	است	-	-	-	V3
4	.	-	-	-	endDelim

0	ازسوی	-	-	-	Pr1
1	در	-	-	-	Pr
2	صدایی	-	-	-	A0
3	می‌شنوم	-	-	-	V1
4	،	-	-	-	endDelim

0	تو	-	-	-	N5
1	گویی	-	-	-	Ad
2	که	-	-	-	C0
3	جسمی	-	-	-	A0
4	لغزان	-	-	-	V1

0	و	-	-	-	conjunction
1	لزج	-	-	-	A0
2	خود	-	-	-	N8
3	را	-	-	-	Po
4	به	-	-	-	Pr
5	آن	-	-	-	A1
6	می‌کوبد	-	-	-	V1
7	.	-	-	-	endDelim

0	نباید	-	-	-	V4

0	مرا	-	-	-	N5
1	بیابد	-	-	-	undefined
2	.	-	-	-	endDelim
3	خدایا	-	-	-	Exp
4	،	-	-	-	endDelim
5	آن	-	-	-	A1
6	دست	-	-	-	N1
7	!	-	-	-	endDelim
8	پنجره	-	-	-	N1
9	!	-	-	-	endDelim
10	پنجره	-	-	-	N1
11	!	-	-	-	endDelim
12	پوریا	-	-	-	N3
13	-	-	-	-	betwDelim
14	لوبیا	-	-	-	N1
15	-	-	-	-	betwDelim
16	مهوش	-	-	-	N3
17	-	-	-	-	betwDelim
18	داستان	-	-	-	N1
19	کوتاه	-	-	-	A0
20	داگون	-	-	-	undefined
21	-	-	-	-	betwDelim
22	اثر	-	-	-	N1
23	هوارد	-	-	-	undefined
24	فیلیپس	-	-	-	N3
25	لاوکرفت	-	-	-	undefined
26	-	-	-	-	betwDelim
27	مترجم	-	-	-	N1
28	بهداد	-	-	-	N3
29	احمدی	-	-	-	N4
