
0	استهزاء	-	-	-	N1
1	و	-	-	-	conjunction
2	مسخره	-	-	-	A0
3	کردن	-	-	-	V2

0	دیگران	-	-	-	N5
1	موجب	-	-	-	N1
2	ایجاد	-	-	-	N1
3	کدورت	-	-	-	N1
4	بین	-	-	-	V1

0	افراد	-	-	-	mokassar
1	می‌شود	-	-	-	V1
2	.	-	-	-	endDelim

0	تهاتر	-	-	-	N1
1	فقط	-	-	-	Ad
2	درمورد	-	-	-	Pr1
3	دو	-	-	-	Nu
4	دینی	-	-	-	A0
5	حاصل	-	-	-	N1
6	می‌شود	-	-	-	V1

0	که	-	-	-	C0
1	موضوع	-	-	-	N1
2	یکسانی	-	-	-	N1
3	داشته باشند	-	-	-	V2
4	.	-	-	-	endDelim

0	کاپتان	-	-	-	N1
1	کشتی	-	-	-	N1
2	جنگی	-	-	-	A0
3	دستور	-	-	-	N1
4	عقب‌نشینی	-	-	-	N1
5	کردن	-	-	-	V2

0	را	-	-	-	Po
1	صادر	-	-	-	N1
2	کرد	-	-	-	V2
3	.	-	-	-	endDelim

0	هرگاه	-	-	-	Ad
1	موصی	-	-	-	N1
2	پس‌از	-	-	-	Pr1
3	انشاء	-	-	-	N1
4	وصیت‌نامه	-	-	-	N1
5	محجور	-	-	-	A0
6	شود	-	-	-	V1

0	وصیت	-	-	-	N1
1	از	-	-	-	Pr
2	بین	-	-	-	V1

0	نمی‌رود	-	-	-	V1
1	.	-	-	-	endDelim

0	توران	-	-	-	N3
1	و	-	-	-	conjunction
2	ایران	-	-	-	N2
3	سال‌یان	-	-	-	N1
4	دراز	-	-	-	A0
5	با	-	-	-	Pr
6	یکدیگر	-	-	-	N8
7	به	-	-	-	Pr
8	جنگ	-	-	-	V1

0	می‌پرداختند	-	-	-	V2
1	.	-	-	-	endDelim

0	زردگوش	-	-	-	undefined
1	کنایه	-	-	-	N1
2	از	-	-	-	Pr
3	انسان	-	-	-	N1
4	منافق	-	-	-	A0
5	مفسده	-	-	-	A0
6	و	-	-	-	conjunction
7	بیکاره	-	-	-	A0
8	است	-	-	-	V3
9	.	-	-	-	endDelim

0	خنبانیدن	-	-	-	undefined
1	تقلید	-	-	-	N1
2	کردن	-	-	-	V2

0	حرکات	-	-	-	N1
1	و	-	-	-	conjunction
2	سکنات	-	-	-	N1
3	کسی	-	-	-	A2
4	ازروی	-	-	-	Pr1
5	ریشخند	-	-	-	N1
6	می‌باشد	-	-	-	V1
7	.	-	-	-	endDelim

0	خنده	-	-	-	N1
1	بر	-	-	-	Pr
2	هر	-	-	-	A1
3	درد	-	-	-	N1
4	بی‌درمان	-	-	-	A0
5	دواست	-	-	-	undefined
6	از	-	-	-	Pr
7	عملکرد	-	-	-	N1
8	دانشجویان	-	-	-	N1
9	راضی‌ام	-	-	-	A0
10	.	-	-	-	endDelim
11	کودکان	-	-	-	N1
12	بازی	-	-	-	N1
13	با	-	-	-	Pr
14	بادبادک	-	-	-	N1
15	را	-	-	-	Po
16	خیلی	-	-	-	A0
17	دوست	-	-	-	N1
18	دارند	-	-	-	V1
19	.	-	-	-	endDelim

0	معلمین	-	-	-	N1
1	با	-	-	-	Pr
2	فراست	-	-	-	N1
3	خود	-	-	-	N8
4	توانستند	-	-	-	V4

0	مشکلاه‌ی	-	-	-	undefined
1	دانش‌آموزان	-	-	-	N1
2	را	-	-	-	Po
3	حل‌کنند	-	-	-	undefined
4	.	-	-	-	endDelim
5	نگران	-	-	-	A0
6	نباش	-	-	-	V1

0	…	-	-	-	abbrv
1	!	-	-	-	endDelim
2	؟	-	-	-	endDelim
3	بنده	-	-	-	N1
4	هم‌آن	-	-	-	undefined
5	به	-	-	-	Pr
6	که	-	-	-	C0
7	ز	-	-	-	abbrv
8	تقصیر	-	-	-	N1
9	خویش	-	-	-	N8
10	شکر	-	-	-	N1
11	به	-	-	-	Pr
12	درگاه	-	-	-	N1
13	خدا	-	-	-	N1
14	آورد	-	-	-	V2
15	.	-	-	-	endDelim

0	خنده	-	-	-	N1
1	حالتی	-	-	-	N1
2	در	-	-	-	Pr
3	چهره‌ی	-	-	-	N1
4	انسان	-	-	-	N1
5	به	-	-	-	Pr
6	واسطه‌ی	-	-	-	N1
7	شعف	-	-	-	N1
8	خوشحالی	-	-	-	N1
9	یا	-	-	-	C0
10	تمسخر	-	-	-	N1
11	که	-	-	-	C0
12	در	-	-	-	Pr
13	آن	-	-	-	A1
14	لب‌ها	-	-	-	N1
15	گشوده	-	-	-	A0
16	می‌گردد	-	-	-	V1

0	و	-	-	-	conjunction
1	گاه	-	-	-	Ad
2	با	-	-	-	Pr
3	صدای	-	-	-	N1
4	مخصوصی	-	-	-	A0
5	همراه	-	-	-	A0
6	است	-	-	-	V3
7	.	-	-	-	endDelim

0	ابرنواختر	-	-	-	N1
1	ام	-	-	-	abbrv
2	-	-	-	-	betwDelim
3	۸۹	-	-	-	number
4	یکی	-	-	-	A2
5	از	-	-	-	Pr
6	انواع	-	-	-	mokassar
7	اجرام	-	-	-	N1
8	مسیه	-	-	-	A0
9	است	-	-	-	V3
10	.	-	-	-	endDelim

0	شادروان	-	-	-	A0
1	هرگز	-	-	-	Ad
2	چیزی	-	-	-	Ad
3	به	-	-	-	Pr
4	عاریه‌ی	-	-	-	A0
5	نگرفته بود	-	-	-	V2

0	دخترک	-	-	-	N1
1	کبریت	-	-	-	N1
2	فروش	-	-	-	V1

0	از	-	-	-	Pr
1	شدت	-	-	-	N1
2	سرما	-	-	-	V1

0	چیزی	-	-	-	Ad
1	را	-	-	-	Po
2	احساس	-	-	-	N1
3	نمی‌کرد	-	-	-	V2
4	؛	-	-	-	endDelim

0	نیست	-	-	-	N1
1	بر	-	-	-	Pr
2	ناله‌ی	-	-	-	N1
3	افسرده‌دمان	-	-	-	undefined
4	گوش	-	-	-	N1
5	مرا	-	-	-	N5
6	بلبلی	-	-	-	A0
7	کو	-	-	-	Ad
8	که	-	-	-	C0
9	صفیرش	-	-	-	N1
10	برد	-	-	-	V2

0	از	-	-	-	Pr
1	هوش	-	-	-	N1
2	مرا	-	-	-	N5
3	واخواست	-	-	-	N1
4	امتنا	-	-	-	undefined
5	از	-	-	-	Pr
6	قبول	-	-	-	N1
7	یا	-	-	-	C0
8	نکول	-	-	-	N1
9	اعتراضی	-	-	-	A0
10	است	-	-	-	V3

0	که	-	-	-	C0
1	براثر	-	-	-	Pr1
2	خودداری	-	-	-	N1
3	از	-	-	-	Pr
4	نوشتن	-	-	-	V2

0	از	-	-	-	Pr
1	طرف	-	-	-	N1
2	تأدیه	-	-	-	N1
3	کنندهی	-	-	-	A0
4	برات	-	-	-	N1
5	اتفاق	-	-	-	N1
6	می‌افتد	-	-	-	V1
7	.	-	-	-	endDelim

0	فرش	-	-	-	N1
1	دستباف	-	-	-	A0
2	طرح	-	-	-	N1
3	نامی	-	-	-	A0
4	یکی	-	-	-	A2
5	از	-	-	-	Pr
6	طرح‌های	-	-	-	N1
7	معروف	-	-	-	A0
8	در	-	-	-	Pr
9	این	-	-	-	A1
10	حوزه	-	-	-	N1
11	می‌باشد	-	-	-	V1

0	دیوان	-	-	-	N1
1	بین‌المللی	-	-	-	A0
2	لاهه	-	-	-	N1
3	به	-	-	-	Pr
4	شکایه‌ی	-	-	-	undefined
5	کشورهای	-	-	-	N1
6	درحال‌توسعه	-	-	-	Ad
7	و	-	-	-	conjunction
8	توسعهیافته	-	-	-	A0
9	می‌پردازد	-	-	-	V1

0	امواج	-	-	-	mokassar
1	رادیواکتیو	-	-	-	N1
2	را	-	-	-	Po
3	می‌توان	-	-	-	V4

0	در	-	-	-	Pr
1	بسیاری	-	-	-	A2
2	از	-	-	-	Pr
3	مصارف	-	-	-	mokassar
4	پزشکی	-	-	-	A0
5	استفاده	-	-	-	N1
6	کرد	-	-	-	V2
7	.	-	-	-	endDelim

0	آراء	-	-	-	N1
1	مأخوذه‌ی	-	-	-	undefined
2	تعیین‌کنندهی	-	-	-	A0
3	رجال	-	-	-	N1
4	سیاسی	-	-	-	A0
5	است	-	-	-	V3

0	مناظر	-	-	-	mokassar
1	بکر	-	-	-	A0
2	جزایر	-	-	-	mokassar
3	جنوب	-	-	-	N1
4	موضوع	-	-	-	N1
5	تصاویر	-	-	-	N1
6	گرفته شده	-	-	-	A0
7	توسط	-	-	-	N1
8	عکاسان	-	-	-	N1
9	حرفه‌ای	-	-	-	A0
10	بود	-	-	-	V2
11	.	-	-	-	endDelim

0	ادبا	-	-	-	N1
1	به	-	-	-	Pr
2	نقد	-	-	-	A0
3	آثار	-	-	-	mokassar
4	ادبی	-	-	-	A0
5	وی	-	-	-	N5
6	پرداختند	-	-	-	V2

0	ائمهی	-	-	-	N1
1	جمعه	-	-	-	N1
2	توسط	-	-	-	N1
3	بنیانگذار	-	-	-	N1
4	جمهوری	-	-	-	N1
5	اسلامی	-	-	-	A0
6	ایران	-	-	-	N2
7	انتخاب	-	-	-	N1
8	شدند	-	-	-	V3
9	.	-	-	-	endDelim

0	معابد	-	-	-	mokassar
1	و	-	-	-	conjunction
2	مساجد	-	-	-	mokassar
3	اماکن	-	-	-	N1
4	مقدسی	-	-	-	N4
5	هستند	-	-	-	V3
6	.	-	-	-	endDelim

0	که	-	-	-	C0
1	مفاهیم	-	-	-	mokassar
2	و	-	-	-	conjunction
3	رموز	-	-	-	N1
4	معنوی	-	-	-	A0
5	را	-	-	-	Po
6	به	-	-	-	Pr
7	مردم	-	-	-	N1
8	منتقل	-	-	-	A0
9	می‌کنند	-	-	-	V1
10	.	-	-	-	endDelim

0	حقایق	-	-	-	mokassar
1	عقاید	-	-	-	N1
2	فقهای	-	-	-	N1
3	پیشین	-	-	-	A0
4	بر	-	-	-	Pr
5	ما	-	-	-	N5
6	پوشیده است	-	-	-	V2
7	.	-	-	-	endDelim

0	اسامی	-	-	-	N1
1	اسرای	-	-	-	N1
2	تحت	-	-	-	Pr1
3	امر	-	-	-	N1
4	امیر	-	-	-	N3
5	اعلام	-	-	-	N1
6	شدند	-	-	-	V3
7	.	-	-	-	endDelim

0	پاکروان	-	-	-	N4
1	کسی	-	-	-	A2
2	است	-	-	-	V3

0	که	-	-	-	C0
1	روان	-	-	-	A0
2	پاکی	-	-	-	N1
3	داشته باشد	-	-	-	V2

0	پرندگان	-	-	-	N1
1	مهاجر	-	-	-	N1
2	همچون	-	-	-	Pr
3	آزادگان	-	-	-	N2
4	به	-	-	-	Pr
5	مرغزار	-	-	-	N1
6	بازگشتند	-	-	-	V2
7	.	-	-	-	endDelim

0	آیا	-	-	-	NA
1	مسئولین	-	-	-	N1
2	می‌توانند	-	-	-	V4

0	شایستگیشان	-	-	-	N1
1	را	-	-	-	Po
2	نشان	-	-	-	V1

0	دهند	-	-	-	V1
1	.	-	-	-	endDelim

0	و	-	-	-	abbrv
1	مسئولیت	-	-	-	N1
2	تصمیمات	-	-	-	N1
3	خود	-	-	-	N8
4	را	-	-	-	Po
5	برعهده	-	-	-	N1
6	بگیرند	-	-	-	A0
7	.	-	-	-	endDelim
8	سبزیجات	-	-	-	N1
9	و	-	-	-	conjunction
10	صیفیجات	-	-	-	N1
11	در	-	-	-	Pr
12	کنار	-	-	-	N1
13	نشاسته	-	-	-	N1
14	و	-	-	-	conjunction
15	غلات	-	-	-	N1
16	باید	-	-	-	V4

0	در	-	-	-	Pr
1	رژیم	-	-	-	N1
2	غذایی	-	-	-	A0
3	در	-	-	-	Pr
4	نظر	-	-	-	N1
5	گرفته شود	-	-	-	V2
6	.	-	-	-	endDelim

0	آیندگان	-	-	-	N1
1	نیز	-	-	-	Ad
2	همانند	-	-	-	A0
3	گذشتگان	-	-	-	N1
4	با	-	-	-	Pr
5	چالش‌های	-	-	-	N1
6	فراوانی	-	-	-	N1
7	دست‌و‌پنجه	-	-	-	N1
8	نرم	-	-	-	A0
9	خواهند کرد	-	-	-	V2

0	دبیرستان	-	-	-	N1
1	شایستگان	-	-	-	A0
2	یکی	-	-	-	A2
3	از	-	-	-	Pr
4	مدارس	-	-	-	mokassar
5	غیرانتفاعی	-	-	-	A0
6	است	-	-	-	V3

0	که	-	-	-	C0
1	در	-	-	-	Pr
2	حوزه‌های	-	-	-	N1
3	علوم	-	-	-	mokassar
4	انسانی	-	-	-	A0
5	ریاضیات	-	-	-	N1
6	و	-	-	-	conjunction
7	علوم	-	-	-	mokassar
8	تجربی	-	-	-	A0
9	به	-	-	-	Pr
10	تعلیم‌وتربیت	-	-	-	N1
11	دانش‌آموزان	-	-	-	N1
12	می‌پردازد	-	-	-	V1

0	آزادگی	-	-	-	N1
1	و	-	-	-	conjunction
2	آزادمنشی	-	-	-	N1
3	از	-	-	-	Pr
4	ویژگی‌های	-	-	-	N1
5	اصلی	-	-	-	A0
6	و	-	-	-	conjunction
7	شاخص	-	-	-	A0
8	امامان	-	-	-	undefined
9	بود	-	-	-	V2
10	.	-	-	-	endDelim

0	امروزه	-	-	-	Ad
1	الگوریتم‌های	-	-	-	undefined
2	فراابتکاری	-	-	-	A0
3	نقش	-	-	-	N1
4	مهمی	-	-	-	N1
5	در	-	-	-	Pr
6	حل	-	-	-	N1
7	مسائل	-	-	-	mokassar
8	بهینه‌سازی	-	-	-	N1
9	چند‌هدفه	-	-	-	undefined
10	دارند	-	-	-	V1
11	.	-	-	-	endDelim

0	بادکنک	-	-	-	N1
1	بوسیلهی	-	-	-	N1
2	گاز	-	-	-	N1
3	هلیوم	-	-	-	N1
4	پرشده	-	-	-	A0
5	بود	-	-	-	V2

0	بادبادکرانی	-	-	-	undefined
1	و	-	-	-	conjunction
2	قایقرانی	-	-	-	N1
3	شغل	-	-	-	N1
4	جالبیست	-	-	-	undefined
5	.	-	-	-	endDelim
6	که	-	-	-	C0
7	نیاز	-	-	-	N1
8	به	-	-	-	Pr
9	مهارت‌های	-	-	-	N1
10	خاص	-	-	-	A0
11	خود	-	-	-	N8
12	را	-	-	-	Po
13	دارند	-	-	-	V1
14	.	-	-	-	endDelim

0	شنوندگان	-	-	-	N1
1	و	-	-	-	conjunction
2	بینندگان	-	-	-	N1
3	این	-	-	-	A1
4	برنامه	-	-	-	N1
5	گروه	-	-	-	N1
6	سنی	-	-	-	A0
7	خاصی	-	-	-	A0
8	هستند	-	-	-	V3
9	.	-	-	-	endDelim

0	فعالیت‌های	-	-	-	N1
1	مرکز	-	-	-	N1
2	مذاهب	-	-	-	mokassar
3	اسلامی	-	-	-	A0
4	در	-	-	-	Pr
5	شانگهای	-	-	-	N2
6	به	-	-	-	Pr
7	جویندگان	-	-	-	N1
8	اسلام	-	-	-	N1
9	معرفی	-	-	-	N1
10	شد	-	-	-	V3
11	.	-	-	-	endDelim

0	مقالات	-	-	-	N1
1	و	-	-	-	conjunction
2	تحقیقات	-	-	-	N1
3	بسیاری	-	-	-	A2
4	برای	-	-	-	Pr
5	پیشگیری	-	-	-	N1
6	از	-	-	-	Pr
7	بیماری‌های	-	-	-	N1
8	عفونی	-	-	-	A0
9	و	-	-	-	conjunction
10	باکتریایی	-	-	-	A0
11	ارائه	-	-	-	N1
12	شده است	-	-	-	V3
13	.	-	-	-	endDelim

0	پاکستان	-	-	-	N2
1	و	-	-	-	conjunction
2	افغانستان	-	-	-	N2
3	کشورهای	-	-	-	N1
4	همسایه‌ی	-	-	-	N1
5	شرقی	-	-	-	A0
6	ایران	-	-	-	N2
7	هستند	-	-	-	V3

0	که	-	-	-	C0
1	تضاد	-	-	-	N1
2	منافع	-	-	-	mokassar
3	با	-	-	-	Pr
4	یکدیگر	-	-	-	N8
5	دارد	-	-	-	V1
6	.	-	-	-	endDelim

0	فاطمه	-	-	-	N3
1	مراعات	-	-	-	N1
2	حضور	-	-	-	N1
3	مادرش	-	-	-	N1
4	را	-	-	-	Po
5	نمی‌کرد	-	-	-	V2
6	.	-	-	-	endDelim

0	یکی	-	-	-	A2
1	از	-	-	-	Pr
2	آرایه‌های	-	-	-	N1
3	ادبی	-	-	-	A0
4	مراعات	-	-	-	N1
5	نظیر	-	-	-	N1
6	است	-	-	-	V3
7	.	-	-	-	endDelim

0	کلان‌شهر	-	-	-	N1
1	اصفهان	-	-	-	N2
2	مشکلات	-	-	-	N1
3	و	-	-	-	conjunction
4	معضلات	-	-	-	N1
5	خود	-	-	-	N8
6	را	-	-	-	Po
7	دارد	-	-	-	V1
8	.	-	-	-	endDelim

0	هان	-	-	-	Intj
1	ای	-	-	-	Intj
2	پسر	-	-	-	N1
3	!	-	-	-	endDelim
4	مکان	-	-	-	N1
5	تاریک	-	-	-	A0
6	جای	-	-	-	N1
7	خوبی	-	-	-	N1
8	برای	-	-	-	Pr
9	رشد	-	-	-	N1
10	باکتری‌ها	-	-	-	N1
11	است	-	-	-	V3
12	.	-	-	-	endDelim

0	زمان	-	-	-	N1
1	بازی	-	-	-	N1
2	فوتبال	-	-	-	N1
3	بارسلونا	-	-	-	N2
4	و	-	-	-	conjunction
5	رئال‌مادرید	-	-	-	N1
6	ساعت	-	-	-	N1
7	۲۰	-	-	-	number
8	روز	-	-	-	N1
9	هجدهم	-	-	-	Nu
10	آبان	-	-	-	N1
11	است	-	-	-	V3
12	.	-	-	-	endDelim

0	طاووس	-	-	-	N1
1	خرامان	-	-	-	Ad
2	،	-	-	-	endDelim
3	خرامان	-	-	-	Ad
4	راه	-	-	-	N1
5	می‌رود	-	-	-	V1
6	.	-	-	-	endDelim

0	همه‌ی	-	-	-	N1
1	شهرها	-	-	-	N1
2	یک	-	-	-	Nu
3	میدان	-	-	-	N1
4	به	-	-	-	Pr
5	نام	-	-	-	N1
6	آزادی	-	-	-	N1
7	دارند	-	-	-	V1
8	.	-	-	-	endDelim

0	علی	-	-	-	N3
1	دوان‌دوان	-	-	-	Ad
2	گریان	-	-	-	V1

0	و	-	-	-	conjunction
1	نالان	-	-	-	A0
2	به	-	-	-	Pr
3	مدرسه	-	-	-	N1
4	رفت	-	-	-	V2
5	.	-	-	-	endDelim

0	کشور	-	-	-	N1
1	آلمان	-	-	-	N2
2	در	-	-	-	Pr
3	قاره‌ی	-	-	-	N1
4	سبز	-	-	-	A0
5	قرار	-	-	-	N1
6	دارد	-	-	-	V1
7	.	-	-	-	endDelim

0	شکوفه	-	-	-	N1
1	خندان	-	-	-	V1

0	با	-	-	-	Pr
1	شیرینی	-	-	-	N1
2	وارد	-	-	-	N1
3	شد	-	-	-	V3
4	.	-	-	-	endDelim

0	امان	-	-	-	N1
1	بده	-	-	-	V1
2	!	-	-	-	endDelim

0	!	-	-	-	endDelim
1	!	-	-	-	endDelim
2	امارات	-	-	-	N2
3	متحده	-	-	-	A0
4	عربی	-	-	-	A0
5	یکی	-	-	-	A2
6	از	-	-	-	Pr
7	کشورهای	-	-	-	N1
8	حوزه‌ی	-	-	-	N1
9	خلیج‌فارس	-	-	-	N2
10	است	-	-	-	V3
11	.	-	-	-	endDelim

0	Emily	-	-	-	englishWord
1	Rose	-	-	-	englishWord
2	در	-	-	-	Pr
3	سال	-	-	-	N1
4	۱۹۹۷	-	-	-	number
5	جن	-	-	-	N1
6	زده شد	-	-	-	V2
7	.	-	-	-	endDelim

0	ناودانی‌ها	-	-	-	N1
1	از	-	-	-	Pr
2	آشغال	-	-	-	N1
3	پرشده	-	-	-	A0
4	بود	-	-	-	V2
5	.	-	-	-	endDelim

0	نادان	-	-	-	A0
1	همه	-	-	-	N1
2	را	-	-	-	Po
3	به	-	-	-	Pr
4	چشم	-	-	-	N1
5	خویش	-	-	-	N8
6	می‌بیند	-	-	-	V1
7	.	-	-	-	endDelim

0	سعید	-	-	-	N3
1	در	-	-	-	Pr
2	عنفوان	-	-	-	N1
3	جوانی	-	-	-	N1
4	درگذشت	-	-	-	V2
5	.	-	-	-	endDelim

0	قوری	-	-	-	N1
1	گل‌گلی	-	-	-	A0
2	شکست	-	-	-	V2
3	.	-	-	-	endDelim

0	در	-	-	-	Pr
1	این	-	-	-	A1
2	دنیای	-	-	-	N1
3	وانفساء	-	-	-	undefined
4	…	-	-	-	abbrv
5	حسرت	-	-	-	N1
6	زای	-	-	-	V1

0	بی	-	-	-	prefix
1	فردا	-	-	-	Ad
2	خدایا	-	-	-	Exp
3	عاشقان	-	-	-	A0
4	را	-	-	-	Po
5	غم	-	-	-	N1
6	مده	-	-	-	N1
7	.	-	-	-	endDelim
8	نردبان	-	-	-	N1
9	ترقی	-	-	-	N1
10	را	-	-	-	Po
11	به	-	-	-	Pr
12	سرعت	-	-	-	N1
13	طی	-	-	-	N1
14	کرد	-	-	-	V2
15	.	-	-	-	endDelim

0	ادبیات	-	-	-	N1
1	پارسی	-	-	-	A0
2	تاریخچه‌ی	-	-	-	N1
3	دیرینه‌ای	-	-	-	A0
4	دارد	-	-	-	V1
5	.	-	-	-	endDelim

0	شهر	-	-	-	N1
1	ابادان	-	-	-	N1
2	عروس	-	-	-	N1
3	ایران	-	-	-	N2
4	است	-	-	-	V3
5	.	-	-	-	endDelim

0	لیوان	-	-	-	N1
1	پر	-	-	-	V1

0	از	-	-	-	Pr
1	چای	-	-	-	V1

0	شکست	-	-	-	V2

0	و	-	-	-	conjunction
1	او	-	-	-	N5
2	را	-	-	-	Po
3	سوزاند	-	-	-	V2
4	.	-	-	-	endDelim

0	واردات	-	-	-	N1
1	و	-	-	-	conjunction
2	صادرات	-	-	-	N1
3	کشمش	-	-	-	N1
4	سود	-	-	-	V2

0	خوبی	-	-	-	N1
1	دارد	-	-	-	V1
2	.	-	-	-	endDelim

0	شایان‌ذکر	-	-	-	A0
1	است	-	-	-	V3

0	که	-	-	-	C0
1	رفسنجان	-	-	-	N2
2	پسته‌ی	-	-	-	N1
3	مرغوبی	-	-	-	A0
4	دارد	-	-	-	V1
5	.	-	-	-	endDelim

0	باغ	-	-	-	N1
1	بی	-	-	-	prefix
2	برگی	-	-	-	A0
3	که	-	-	-	C0
4	می‌گوید	-	-	-	V1

0	که	-	-	-	C0
1	زیبا	-	-	-	A0
2	نیست	-	-	-	N1
3	.	-	-	-	endDelim
4	شیروان	-	-	-	N2
5	یکی	-	-	-	A2
6	از	-	-	-	Pr
7	شهرستان‌های	-	-	-	N1
8	کرمانشاه	-	-	-	N2
9	است	-	-	-	V3
10	.	-	-	-	endDelim

0	آسمان	-	-	-	N1
1	آبی	-	-	-	A0
2	زمین	-	-	-	N1
3	پاک	-	-	-	A0
4	…	-	-	-	abbrv
5	…	-	-	-	abbrv
6	…	-	-	-	abbrv
7	.	-	-	-	endDelim
8	شمیران	-	-	-	N2
9	نام	-	-	-	N1
10	منطقه‌ای	-	-	-	A0
11	در	-	-	-	Pr
12	تهران	-	-	-	N2
13	است	-	-	-	V3
14	.	-	-	-	endDelim

0	لیفان	-	-	-	N1
1	یک	-	-	-	Nu
2	خودروی	-	-	-	A0
3	چینیست	-	-	-	A0
4	که	-	-	-	C0
5	بدرد	-	-	-	N1
6	نمی‌خورد	-	-	-	V2
7	.	-	-	-	endDelim

0	ما	-	-	-	N5
1	باید	-	-	-	V4

0	همواره	-	-	-	Ad
1	به	-	-	-	Pr
2	دنبال	-	-	-	N1
3	آرمان	-	-	-	N1
4	خود	-	-	-	N8
5	باشیم	-	-	-	V1
6	.	-	-	-	endDelim

0	خفتان	-	-	-	N1
1	خود	-	-	-	N8
2	را	-	-	-	Po
3	پوشید	-	-	-	V2

0	و	-	-	-	conjunction
1	به	-	-	-	Pr
2	میدان	-	-	-	N1
3	رزم	-	-	-	V1

0	رفت	-	-	-	V2
1	.	-	-	-	endDelim

0	ریختن	-	-	-	V2

0	زباله	-	-	-	N1
1	در	-	-	-	Pr
2	دامان	-	-	-	N1
3	طبیعت	-	-	-	N1
4	بی‌فرهنگی	-	-	-	N1
5	است	-	-	-	V3
6	.	-	-	-	endDelim

0	شکلات	-	-	-	N1
1	فرمند	-	-	-	A0
2	یکی	-	-	-	A2
3	از	-	-	-	Pr
4	مرغوب‌ترین	-	-	-	A0
5	برندها	-	-	-	A0
6	در	-	-	-	Pr
7	این	-	-	-	A1
8	حوزه	-	-	-	N1
9	است	-	-	-	V3
10	.	-	-	-	endDelim

0	خزان	-	-	-	Ad
1	فصلیست	-	-	-	A0
2	که	-	-	-	C0
3	در	-	-	-	Pr
4	آن	-	-	-	A1
5	برگ	-	-	-	N1
6	درختان	-	-	-	N1
7	زرد	-	-	-	A0
8	می‌شود	-	-	-	V1
9	.	-	-	-	endDelim

0	وزیر	-	-	-	N1
1	علوم	-	-	-	mokassar
2	درجمع	-	-	-	undefined
3	استادان	-	-	-	A0
4	نمونه	-	-	-	A0
5	:	-	-	-	endDelim
6	سن	-	-	-	N1
7	بازنشستگی	-	-	-	N1
8	استادان	-	-	-	A0
9	نمونه	-	-	-	A0
10	به	-	-	-	Pr
11	۷۰	-	-	-	number
12	سال	-	-	-	N1
13	افزایش	-	-	-	N1
14	می‌یابد	-	-	-	V1

0	اصوات	-	-	-	mokassar
1	وزیدن	-	-	-	V2

0	بادما	-	-	-	N1
1	را	-	-	-	Po
2	ترساند	-	-	-	V2
3	.	-	-	-	endDelim

0	دانشگاه	-	-	-	N1
1	باید	-	-	-	V4

0	مهد	-	-	-	N1
1	چالش‌های	-	-	-	N1
2	گفتمانی	-	-	-	N1
3	و	-	-	-	conjunction
4	خط‌دهنده	-	-	-	A0
5	و	-	-	-	conjunction
6	برنامه‌ریز	-	-	-	N1
7	جریانات	-	-	-	N1
8	سیاسی	-	-	-	A0
9	باشد	-	-	-	V1
10	.	-	-	-	endDelim

0	دفاتر	-	-	-	mokassar
1	سازمانملل	-	-	-	undefined
2	متحددر	-	-	-	undefined
3	همه‌ی	-	-	-	N1
4	پایتخت‌های	-	-	-	N1
5	جهان	-	-	-	N1
6	هستند	-	-	-	V3
7	.	-	-	-	endDelim

0	دختری	-	-	-	A0
1	بالباس	-	-	-	N1
2	صورتی	-	-	-	A0
3	را	-	-	-	Po
4	دیدم	-	-	-	V2

0	که	-	-	-	C0
1	صورتی	-	-	-	A0
2	زیبا	-	-	-	A0
3	داشت	-	-	-	V2
4	.	-	-	-	endDelim

0	توصیه	-	-	-	N1
1	ما	-	-	-	N5
2	درجهت	-	-	-	Pr1
3	تلاش	-	-	-	N1
4	برای	-	-	-	Pr
5	دانایی	-	-	-	N1
6	محوری	-	-	-	A0
7	و	-	-	-	conjunction
8	توسعه	-	-	-	N1
9	گفتمان	-	-	-	N1
10	علمی	-	-	-	A0
11	به	-	-	-	Pr
12	معنی	-	-	-	N1
13	عدم	-	-	-	N1
14	تمایل	-	-	-	N1
15	به	-	-	-	Pr
16	مباحث	-	-	-	mokassar
17	سیاسی	-	-	-	A0
18	نیست	-	-	-	N1
19	؛	-	-	-	endDelim
20	بلکه	-	-	-	Ad
21	برعکس	-	-	-	Ad
22	،	-	-	-	endDelim
23	دانشگاه	-	-	-	N1
24	باید	-	-	-	V4

0	مهد	-	-	-	N1
1	چالش‌های	-	-	-	N1
2	گفتمانی	-	-	-	N1
3	باشد	-	-	-	V1

0	ولی	-	-	-	C0
1	این	-	-	-	A1
2	امر	-	-	-	N1
3	،	-	-	-	endDelim
4	بدان	-	-	-	V1

0	معنی	-	-	-	N1
1	نیست	-	-	-	N1
2	که	-	-	-	C0
3	دانشگاه	-	-	-	N1
4	،	-	-	-	endDelim
5	ابزار	-	-	-	N1
6	دست	-	-	-	N1
7	سیاسیون	-	-	-	A0
8	قرار	-	-	-	N1
9	بگیرد	-	-	-	V1
10	.	-	-	-	endDelim

0	وی	-	-	-	N5
1	تأکید	-	-	-	N1
2	کرد	-	-	-	V2
3	:	-	-	-	endDelim

0	دانشگاه	-	-	-	N1
1	نه‌تنها	-	-	-	C1
2	نباید	-	-	-	V4

0	تحت	-	-	-	Pr1
1	تأثیر	-	-	-	N1
2	القائات	-	-	-	undefined
3	سیاسی	-	-	-	A0
4	قرار	-	-	-	N1
5	بگیرد	-	-	-	V1
6	؛	-	-	-	endDelim

0	بلکه	-	-	-	Ad
1	باید	-	-	-	V4

0	خط‌دهنده	-	-	-	A0
1	و	-	-	-	conjunction
2	برنامه‌ریز	-	-	-	N1
3	جریانات	-	-	-	N1
4	سیاسی	-	-	-	A0
5	باشد	-	-	-	V1

0	و	-	-	-	conjunction
1	مهم‌ترین	-	-	-	A0
2	عنصر	-	-	-	N1
3	پیاده	-	-	-	A0
4	شدن	-	-	-	V3

0	این	-	-	-	A1
1	آرمان	-	-	-	N1
2	،	-	-	-	endDelim
3	دانشجویان	-	-	-	N1
4	و	-	-	-	conjunction
5	اعضای	-	-	-	N1
6	هیأت‌علمی	-	-	-	N1
7	دانشگاه‌ها	-	-	-	N1
8	و	-	-	-	conjunction
9	در	-	-	-	Pr
10	رأس	-	-	-	N1
11	آنها	-	-	-	N5
12	استادان	-	-	-	A0
13	نمونه	-	-	-	A0
14	هستند	-	-	-	V3
15	.	-	-	-	endDelim

0	اگرچه	-	-	-	C1
1	دانشگاه‌ها	-	-	-	N1
2	باید	-	-	-	V4

0	پرچمدار	-	-	-	N1
1	کرسی‌های	-	-	-	N1
2	آزاداندیشی	-	-	-	N1
3	و	-	-	-	conjunction
4	حاکمیت	-	-	-	N1
5	دانایی	-	-	-	N1
6	محوری	-	-	-	A0
7	باشند	-	-	-	V1
8	،	-	-	-	endDelim

0	باید	-	-	-	V4

0	توجه	-	-	-	N1
1	داشته باشند	-	-	-	V2

0	که	-	-	-	C0
1	ناخودآگاه	-	-	-	A0
2	تحت	-	-	-	Pr1
3	تأثیر	-	-	-	N1
4	جوسازی‌ها	-	-	-	N1
5	و	-	-	-	conjunction
6	القائات	-	-	-	undefined
7	رسانه‌ها	-	-	-	N1
8	قرار	-	-	-	N1
9	نگیرند	-	-	-	V1
10	.	-	-	-	endDelim

0	اقدامات	-	-	-	N1
1	انجام‌شده	-	-	-	A0
2	درجهت	-	-	-	Pr1
3	ارتقای	-	-	-	N1
4	جایگاه	-	-	-	N1
5	استادان	-	-	-	A0
6	نمونه	-	-	-	A0
7	اشاره	-	-	-	N1
8	کرد	-	-	-	V2

0	و	-	-	-	conjunction
1	گفت	-	-	-	V2
2	:	-	-	-	endDelim

0	در	-	-	-	Pr
1	بنیاد	-	-	-	N1
2	نخبگان	-	-	-	A0
3	،	-	-	-	endDelim
4	استادان	-	-	-	A0
5	نمونه	-	-	-	A0
6	از	-	-	-	Pr
7	مصادیق	-	-	-	undefined
8	نخبگان	-	-	-	A0
9	شناخته شدند	-	-	-	V2

0	و	-	-	-	conjunction
1	این	-	-	-	A1
2	امر	-	-	-	N1
3	به	-	-	-	Pr
4	لحاظ	-	-	-	N1
5	معنوی	-	-	-	A0
6	،	-	-	-	endDelim
7	اهمیت	-	-	-	N1
8	ویژهای	-	-	-	undefined
9	دارد	-	-	-	V1
10	.	-	-	-	endDelim

0	،	-	-	-	endDelim
1	در	-	-	-	Pr
2	تعریف	-	-	-	N1
3	و	-	-	-	conjunction
4	تعیین	-	-	-	N1
5	شاخص‌های	-	-	-	A0
6	لازم	-	-	-	A0
7	برای	-	-	-	Pr
8	انتخاب	-	-	-	N1
9	«	-	-	-	startDelim
10	استاد	-	-	-	A0
11	نمونه	-	-	-	A0
12	»	-	-	-	endDelim
13	بازنگری	-	-	-	N1
14	کنند	-	-	-	V1

0	با	-	-	-	Pr
1	وسواس	-	-	-	N1
2	و	-	-	-	conjunction
3	دقت	-	-	-	N1
4	،	-	-	-	endDelim
5	همچنین	-	-	-	Ad
6	در	-	-	-	Pr
7	این	-	-	-	A1
8	برنامه	-	-	-	N1
9	از	-	-	-	Pr
10	جمعی	-	-	-	A0
11	از	-	-	-	Pr
12	دانش	-	-	-	N1
13	آموختهگان	-	-	-	undefined
14	نمونه	-	-	-	A0
15	و	-	-	-	conjunction
16	استادان	-	-	-	A0
17	پیش‌کسوت	-	-	-	A0
18	این	-	-	-	A1
19	مؤسسه	-	-	-	N1
20	تقدیر	-	-	-	N1
21	می‌شود	-	-	-	V1
22	.	-	-	-	endDelim

0	سقراط	-	-	-	N3
1	به	-	-	-	Pr
2	دستوردادستان	-	-	-	undefined
3	جام	-	-	-	N1
4	شوکران	-	-	-	N1
5	را	-	-	-	Po
6	نوشید	-	-	-	V2
7	.	-	-	-	endDelim

0	همچنین	-	-	-	Ad
1	نتایج	-	-	-	mokassar
2	مشروطین	-	-	-	A0
3	اسفندماه	-	-	-	N1
4	۸۲	-	-	-	number
5	که	-	-	-	C0
6	درس	-	-	-	N1
7	مشروطی	-	-	-	A0
8	خود	-	-	-	N8
9	را	-	-	-	Po
10	در	-	-	-	Pr
11	آزمون	-	-	-	N1
12	مردادماه	-	-	-	N1
13	۸۳	-	-	-	number
14	امتحان	-	-	-	N1
15	داده‌اند	-	-	-	N1
16	.	-	-	-	endDelim
17	مردی	-	-	-	N1
18	به	-	-	-	Pr
19	اطفال	-	-	-	mokassar
20	گفت	-	-	-	V2

0	که	-	-	-	C0
1	گل‌ها	-	-	-	N1
2	را	-	-	-	Po
3	نکنند	-	-	-	V1
4	.	-	-	-	endDelim

0	بنابه	-	-	-	Pr1
1	دلایل	-	-	-	mokassar
2	معرفی‌شده	-	-	-	A0
3	با	-	-	-	Pr
4	اخذ	-	-	-	N1
5	نمرات	-	-	-	N1
6	٢٠	-	-	-	number
7	غیرواقعی	-	-	-	A0
8	به	-	-	-	Pr
9	گروه	-	-	-	N1
10	معدل	-	-	-	N1
11	بیست‌ها	-	-	-	Nu
12	پیوسته‌اند	-	-	-	A0
13	که	-	-	-	C0
14	درطول	-	-	-	Pr1
15	١٤	-	-	-	number
16	سال	-	-	-	N1
17	گذشته	-	-	-	A0
18	بر	-	-	-	Pr
19	تعداد	-	-	-	N1
20	این	-	-	-	A1
21	معدل	-	-	-	N1
22	بیست‌ها	-	-	-	Nu
23	به	-	-	-	Pr
24	طور	-	-	-	N1
25	بی‌رویه‌ای	-	-	-	A0
26	اضافه	-	-	-	A0
27	شده است	-	-	-	V3

0	این	-	-	-	A1
1	محقق	-	-	-	N1
2	تاکید	-	-	-	N1
3	دارد	-	-	-	V1
4	:	-	-	-	endDelim

0	منطقی‌ترین	-	-	-	A0
1	روش	-	-	-	N1
2	ارزشیابی	-	-	-	N1
3	سیره	-	-	-	N1
4	نبوی	-	-	-	A0
5	رشته‌های	-	-	-	N1
6	متنوع	-	-	-	A0
7	دیگری	-	-	-	A2
8	همچون	-	-	-	Pr
9	وبلاگ	-	-	-	undefined
10	نویسی	-	-	-	N1
11	،	-	-	-	endDelim
12	کتاب‌خوانی	-	-	-	N1
13	،	-	-	-	endDelim
14	گرافیک	-	-	-	N1
15	،	-	-	-	endDelim
16	کاریکاتور	-	-	-	N1
17	،	-	-	-	endDelim
18	شعر	-	-	-	N1
19	،	-	-	-	endDelim
20	داستان	-	-	-	N1
21	کوتاه	-	-	-	A0
22	،	-	-	-	endDelim
23	عکاسی	-	-	-	N1
24	،	-	-	-	endDelim
25	خوشنویسی	-	-	-	N1
26	،	-	-	-	endDelim
27	چهل	-	-	-	Nu
28	حدیث	-	-	-	N1
29	نویسی	-	-	-	N1
30	،	-	-	-	endDelim
31	نماهنگ	-	-	-	N1
32	و	-	-	-	conjunction
33	فیلم	-	-	-	N1
34	کوتاه	-	-	-	A0
35	پیش‌بینی	-	-	-	N1
36	شده است	-	-	-	V3
37	.	-	-	-	endDelim

0	نخستین	-	-	-	A0
1	مرکز	-	-	-	N1
2	آموزش	-	-	-	N1
3	عالی	-	-	-	A0
4	بین‌المللی	-	-	-	A0
5	دانشگاه	-	-	-	N1
6	موناش	-	-	-	undefined
7	استرالیا	-	-	-	N2
8	در	-	-	-	Pr
9	کیش	-	-	-	N1
10	آغاز	-	-	-	V1

0	به	-	-	-	Pr
1	کارکرد	-	-	-	N1
2	.	-	-	-	endDelim
3	وی	-	-	-	N5
4	اعلام	-	-	-	N1
5	و	-	-	-	conjunction
6	پیش‌بینی	-	-	-	N1
7	کرد	-	-	-	V2

0	دومین	-	-	-	A0
1	گردهمآیی	-	-	-	undefined
2	دانشجویان	-	-	-	N1
3	.	-	-	-	endDelim
4	هفتمین	-	-	-	Nu
5	اجلاس	-	-	-	N1
6	مشترک	-	-	-	A0
7	هیاتهای	-	-	-	undefined
8	امنای	-	-	-	N1
9	دانشگاه‌ها	-	-	-	N1
10	و	-	-	-	conjunction
11	مؤسسات	-	-	-	N1
12	آموزش	-	-	-	N1
13	عالی	-	-	-	A0
14	و	-	-	-	conjunction
15	پژوهشی	-	-	-	A0
16	برگزار	-	-	-	A0
17	شد	-	-	-	V3
18	.	-	-	-	endDelim

0	آیین‌نامه‌های	-	-	-	N1
1	مالی	-	-	-	A0
2	و	-	-	-	conjunction
3	معاملاتی	-	-	-	A0
4	دانشگاه‌ها	-	-	-	N1
5	برای	-	-	-	Pr
6	رفع	-	-	-	N1
7	معضلات	-	-	-	N1
8	معیشتی	-	-	-	A0
9	،	-	-	-	endDelim
10	کارکنان	-	-	-	N1
11	.	-	-	-	endDelim
12	موجب	-	-	-	N1
13	نگرانی	-	-	-	N1
14	افکار	-	-	-	mokassar
15	عمومی	-	-	-	A0
16	و	-	-	-	conjunction
17	ایجاد	-	-	-	N1
18	بدبینی	-	-	-	N1
19	در	-	-	-	Pr
20	اذهان	-	-	-	mokassar
21	جوانان	-	-	-	A0
22	داوطلب	-	-	-	N1
23	ورود	-	-	-	N1
24	به	-	-	-	Pr
25	دانشگاه‌ها	-	-	-	N1
26	شده است	-	-	-	V3
27	.	-	-	-	endDelim

0	هرگونه	-	-	-	A2
1	شائبه‌ای	-	-	-	N1
2	به	-	-	-	Pr
3	دور	-	-	-	A0
4	است	-	-	-	V3

0	و	-	-	-	conjunction
1	به‌هیچ‌وجــه	-	-	-	Ad
2	ورود	-	-	-	N1
3	داوطلبی	-	-	-	A0
4	به	-	-	-	Pr
5	دانشگاه	-	-	-	N1
6	بدون	-	-	-	Pr
7	شرکت	-	-	-	N1
8	در	-	-	-	Pr
9	آزمون	-	-	-	N1
10	سراسری	-	-	-	A0
11	و	-	-	-	conjunction
12	کسب	-	-	-	N1
13	اولویت	-	-	-	N1
14	علمی	-	-	-	A0
15	امکان‌پذیر	-	-	-	A0
16	نبوده	-	-	-	N1
17	و	-	-	-	conjunction
18	نیست	-	-	-	N1
19	.	-	-	-	endDelim
20	به	-	-	-	Pr
21	واحدهای	-	-	-	A0
22	دانشگاهی	-	-	-	A0
23	تهران	-	-	-	N2
24	سماء	-	-	-	N1
25	،	-	-	-	endDelim
26	آشتیان	-	-	-	N2
27	،	-	-	-	endDelim
28	اراک	-	-	-	N2
29	،	-	-	-	endDelim
30	اسلام‌شهر	-	-	-	N2
31	،	-	-	-	endDelim
32	قائمشهر	-	-	-	N2
33	،	-	-	-	endDelim
34	خوی	-	-	-	N2
35	،	-	-	-	endDelim
36	رودهن	-	-	-	N2
37	،	-	-	-	endDelim
38	زرند	-	-	-	N2
39	،	-	-	-	endDelim
40	زنجان	-	-	-	N2
41	،	-	-	-	endDelim
42	سوادکوه	-	-	-	N2
43	،	-	-	-	endDelim
44	شاهرود	-	-	-	N2
45	،	-	-	-	endDelim
46	شبستر	-	-	-	N2
47	،	-	-	-	endDelim
48	شهرکرد	-	-	-	N2
49	،	-	-	-	endDelim
50	علوم	-	-	-	mokassar
51	و	-	-	-	conjunction
52	تحقیقات	-	-	-	N1
53	تهران	-	-	-	N2
54	،	-	-	-	endDelim
55	کاشان	-	-	-	N2
56	،	-	-	-	endDelim
57	کرج	-	-	-	N2
58	،	-	-	-	endDelim
59	کرمان	-	-	-	N2
60	،	-	-	-	endDelim
61	مراغه	-	-	-	N2
62	،	-	-	-	endDelim
63	میمه	-	-	-	N1
64	،	-	-	-	endDelim
65	ورامین	-	-	-	N2
66	و	-	-	-	conjunction
67	…	-	-	-	abbrv
68	در	-	-	-	Pr
69	مقطع	-	-	-	N1
70	کارشناسی‌ارشد	-	-	-	N1
71	در	-	-	-	Pr
72	شاخه‌های	-	-	-	N1
73	بیوسیستماتیک	-	-	-	undefined
74	،	-	-	-	endDelim
75	گیاهی	-	-	-	A0
76	و	-	-	-	conjunction
77	جانوری	-	-	-	A0
78	جنین‌شناسی	-	-	-	N1
79	،	-	-	-	endDelim
80	اکولوژی	-	-	-	N1
81	،	-	-	-	endDelim
82	فیزیولوژی	-	-	-	N1
83	،	-	-	-	endDelim
84	سلولی	-	-	-	A0
85	،	-	-	-	endDelim
86	مولکولی	-	-	-	A0
87	و	-	-	-	conjunction
88	بیوشیمی	-	-	-	N1
89	و	-	-	-	conjunction
90	در	-	-	-	Pr
91	دوره	-	-	-	N1
92	دکترا	-	-	-	N1
93	در	-	-	-	Pr
94	گرایش	-	-	-	N1
95	سلولی	-	-	-	A0
96	،	-	-	-	endDelim
97	مولکولی	-	-	-	A0
98	مشغول	-	-	-	A0
99	به	-	-	-	Pr
100	تحصیل	-	-	-	N1
101	می‌باشند	-	-	-	V1
102	.	-	-	-	endDelim

0	کارخانه‌های	-	-	-	N1
1	مواد	-	-	-	N1
2	غذایی	-	-	-	A0
3	و	-	-	-	conjunction
4	اداره‌های	-	-	-	N1
5	بهداشت	-	-	-	N1
6	فعالیت	-	-	-	N1
7	کنند	-	-	-	V1
8	.	-	-	-	endDelim

0	با	-	-	-	Pr
1	این	-	-	-	A1
2	حال	-	-	-	N1
3	شورای	-	-	-	N1
4	شهر	-	-	-	N1
5	درکل	-	-	-	Ad
6	یک	-	-	-	Nu
7	امر	-	-	-	N1
8	سرنوشت‌ساز	-	-	-	A0
9	بوده	-	-	-	V2

0	و	-	-	-	conjunction
1	امید	-	-	-	N3
2	است	-	-	-	V3

0	تا	-	-	-	Pr
1	،	-	-	-	endDelim
2	مشارکت	-	-	-	N1
3	داشته باشند	-	-	-	V2
4	.	-	-	-	endDelim

0	تاکید	-	-	-	N1
1	کرد	-	-	-	V2
2	:	-	-	-	endDelim

0	اگر	-	-	-	C0
1	به	-	-	-	Pr
2	دانشمندان	-	-	-	N1
3	ارج	-	-	-	N1
4	ننهیم	-	-	-	V1
5	،	-	-	-	endDelim

0	آزادی	-	-	-	N1
1	و	-	-	-	conjunction
2	انگیزه	-	-	-	N1
3	علمی	-	-	-	A0
4	را	-	-	-	Po
5	در	-	-	-	Pr
6	آنان	-	-	-	N5
7	تقویت	-	-	-	N1
8	نکنیم	-	-	-	V1
9	!	-	-	-	endDelim

0	توسعه	-	-	-	N1
1	همه‌جانبه	-	-	-	A0
2	کشور	-	-	-	N1
3	تحقق	-	-	-	N1
4	ناپذیر	-	-	-	V1

0	خواهد ماند	-	-	-	V2
1	.	-	-	-	endDelim

0	اظهار	-	-	-	N1
1	کرد	-	-	-	V2
2	:	-	-	-	endDelim

0	اسم	-	-	-	N1
1	دانشگاهیا	-	-	-	undefined
2	مردمان	-	-	-	N1
3	گرگان	-	-	-	N2
4	دچاریاس	-	-	-	undefined
5	شدند	-	-	-	V3
6	.	-	-	-	endDelim

0	نیاکان	-	-	-	N1
1	ما	-	-	-	N5
2	افرادی	-	-	-	mokassar
3	روشن‌ضمیر	-	-	-	A0
4	بودند	-	-	-	V2
5	.	-	-	-	endDelim

0	ن	-	-	-	abbrv
1	برخی	-	-	-	A2
2	از	-	-	-	Pr
3	ملاک‌های	-	-	-	N1
4	رتبه‌بندی	-	-	-	N1
5	دانشگاه‌های	-	-	-	N1
6	دنیاست	-	-	-	undefined
7	.	-	-	-	endDelim
8	برنامه‌ریزی	-	-	-	N1
9	شهری	-	-	-	A0
10	،	-	-	-	endDelim
11	فیزیک	-	-	-	N1
12	،	-	-	-	endDelim
13	جغرافیای	-	-	-	N1
14	انسانی	-	-	-	A0
15	-	-	-	-	betwDelim
16	علوم	-	-	-	mokassar
17	اقتصادی	-	-	-	A0
18	،	-	-	-	endDelim
19	جغرافیای	-	-	-	N1
20	طبیعی	-	-	-	A0
21	-	-	-	-	betwDelim
22	ژئوموفولوژی	-	-	-	undefined
23	،	-	-	-	endDelim
24	مدیریت	-	-	-	N1
25	بازرگانی	-	-	-	N1
26	-	-	-	-	betwDelim
27	بازاریابی	-	-	-	N1
28	،	-	-	-	endDelim
29	جغرافیای	-	-	-	N1
30	طبیعی	-	-	-	A0
31	-	-	-	-	betwDelim
32	اقلیم‌شناسی	-	-	-	N1
33	،	-	-	-	endDelim
34	مدیریت	-	-	-	N1
35	بازرگانی	-	-	-	N1
36	-	-	-	-	betwDelim
37	رفتار	-	-	-	N1
38	سازمانی	-	-	-	A0
39	و	-	-	-	conjunction
40	مدیریت	-	-	-	N1
41	منابع	-	-	-	mokassar
42	انسانی	-	-	-	A0
43	،	-	-	-	endDelim
44	جامعه‌شناسی	-	-	-	N1
45	،	-	-	-	endDelim
46	روانشناسی	-	-	-	A0
47	عمومی	-	-	-	A0
48	،	-	-	-	endDelim
49	فلسفه	-	-	-	N1
50	،	-	-	-	endDelim
51	مدیریت	-	-	-	N1
52	آموزشی	-	-	-	A0
53	،	-	-	-	endDelim
54	آموزش	-	-	-	N1
55	زبان	-	-	-	N1
56	انگلیسی	-	-	-	A0
57	،	-	-	-	endDelim
58	برنامه‌ریزی	-	-	-	N1
59	درسی	-	-	-	A0
60	،	-	-	-	endDelim
61	زبان	-	-	-	N1
62	و	-	-	-	conjunction
63	ادبیات	-	-	-	N1
64	عرب	-	-	-	N1
65	،	-	-	-	endDelim
66	مشاوره	-	-	-	N1
67	،	-	-	-	endDelim
68	زبانشناسی	-	-	-	N1
69	همگانی	-	-	-	A0
70	،	-	-	-	endDelim
71	کامپیوتر	-	-	-	N1
72	-	-	-	-	betwDelim
73	نرم‌افزار	-	-	-	N1
74	آمار	-	-	-	N1
75	،	-	-	-	endDelim
76	کامپیوتر	-	-	-	N1
77	-	-	-	-	betwDelim
78	معماری	-	-	-	N1
79	کامپیوتر	-	-	-	N1
80	،	-	-	-	endDelim
81	ریاضی	-	-	-	A0
82	-	-	-	-	betwDelim
83	آنالیز	-	-	-	N1
84	،	-	-	-	endDelim
85	ریاضی	-	-	-	A0
86	-	-	-	-	betwDelim
87	جبر	-	-	-	N1
88	،	-	-	-	endDelim
89	زمین‌شناسی	-	-	-	N1
90	-	-	-	-	betwDelim
91	چینه	-	-	-	N1
92	و	-	-	-	conjunction
93	فسیل	-	-	-	N1
94	شناسی	-	-	-	V1

0	و	-	-	-	conjunction
1	میکروبیولوژی	-	-	-	N1
2	دانشجوی	-	-	-	N1
3	دکترا	-	-	-	N1
4	می‌پذیرد	-	-	-	V1
5	.	-	-	-	endDelim

0	کسب	-	-	-	N1
1	حدنصاب	-	-	-	N1
2	لازم	-	-	-	A0
3	در	-	-	-	Pr
4	آزمون	-	-	-	N1
5	ورودی	-	-	-	A0
6	به	-	-	-	Pr
7	دوره‌ی	-	-	-	N1
8	دکتری	-	-	-	N1
9	از	-	-	-	Pr
10	دیگر	-	-	-	Ad
11	شرایط	-	-	-	mokassar
12	ثبت‌نام	-	-	-	N1
13	است	-	-	-	V3
14	.	-	-	-	endDelim

0	دانشگاه	-	-	-	N1
1	غیرمجاز	-	-	-	A0
2	هاوایی	-	-	-	N2
3	در	-	-	-	Pr
4	سال	-	-	-	N1
5	۱۳۷۲	-	-	-	number
6	تأسیس	-	-	-	N1
7	شد	-	-	-	V3

0	و	-	-	-	conjunction
1	۵۰۰	-	-	-	number
2	فارغ‌التحصیل	-	-	-	N1
3	بود	-	-	-	V2

0	که	-	-	-	C0
1	همگی	-	-	-	A0
2	آنها	-	-	-	N5
3	شناسایی	-	-	-	N1
4	شده‌اند	-	-	-	V3

0	و	-	-	-	conjunction
1	براساس	-	-	-	Pr1
2	کیفرخواست	-	-	-	N1
3	حبس	-	-	-	N1
4	تعزیری	-	-	-	A0
5	(	-	-	-	startDelim
6	بازدارنده	-	-	-	A0
7	)	-	-	-	endDelim
8	به	-	-	-	Pr
9	اتهام	-	-	-	N1
10	کلاهبرداری	-	-	-	N1
11	تبرئه‌شده	-	-	-	A0
12	و	-	-	-	conjunction
13	حکم	-	-	-	mokassar
14	۳	-	-	-	number
15	سال	-	-	-	N1
16	وی	-	-	-	N5
17	نیز	-	-	-	Ad
18	نقض	-	-	-	N1
19	شده است	-	-	-	V3
20	.	-	-	-	endDelim

0	در	-	-	-	Pr
1	صورت	-	-	-	N1
2	ضرورت	-	-	-	N1
3	اسامی	-	-	-	N1
4	فارغ‌التحصیلان	-	-	-	N1
5	ذی‌نفع	-	-	-	A0
6	منتشر	-	-	-	A0
7	می‌شود	-	-	-	V1
8	.	-	-	-	endDelim

0	تبعات	-	-	-	N1
1	منفی	-	-	-	A0
2	زیادی	-	-	-	A0
3	به	-	-	-	Pr
4	دنبال	-	-	-	N1
5	خواهد داشت	-	-	-	V2
6	.	-	-	-	endDelim

0	سلام	-	-	-	N1
1	به	-	-	-	Pr
2	همه‌ی	-	-	-	N1
3	مردم	-	-	-	N1
4	ایران	-	-	-	N2
5	که	-	-	-	C0
6	خوش‌اخلاق	-	-	-	A0
7	هستند	-	-	-	V3
8	.	-	-	-	endDelim

0	پلنگی	-	-	-	A0
1	با	-	-	-	Pr
2	پوستی	-	-	-	A0
3	راه‌راه	-	-	-	A0
4	دیدم	-	-	-	V2

0	که	-	-	-	C0
1	تندتند	-	-	-	Ad
2	می‌دوید	-	-	-	V2

0	و	-	-	-	conjunction
1	من	-	-	-	N5
2	ترسیدم	-	-	-	V2

0	و	-	-	-	conjunction
1	گفتم	-	-	-	V2

0	وااای	-	-	-	undefined
1	.	-	-	-	endDelim
2	محصولاتی	-	-	-	N1
3	نظیر	-	-	-	N1
4	پلاستیک	-	-	-	N1
5	،	-	-	-	endDelim
6	دارو	-	-	-	N1
7	،	-	-	-	endDelim
8	موادشوینده	-	-	-	undefined
9	و	-	-	-	conjunction
10	سوخت‌ها	-	-	-	undefined
11	در	-	-	-	Pr
12	واحدهای	-	-	-	A0
13	عملی	-	-	-	A0
14	استفاده	-	-	-	N1
15	می‌کنند	-	-	-	V1

0	و	-	-	-	conjunction
1	همچنین	-	-	-	Ad
2	برای	-	-	-	Pr
3	بالابردن	-	-	-	undefined
4	تولید	-	-	-	N1
5	برنامه‌ریزی	-	-	-	N1
6	می‌کند	-	-	-	V1
7	.	-	-	-	endDelim

0	انرژی	-	-	-	N1
1	هسته‌ای	-	-	-	A0
2	،	-	-	-	endDelim
3	صنایع	-	-	-	mokassar
4	غذایی	-	-	-	A0
5	،	-	-	-	endDelim
6	توسعه‌ی	-	-	-	N1
7	منابع	-	-	-	mokassar
8	جدید	-	-	-	A0
9	انرژی	-	-	-	N1
10	،	-	-	-	endDelim
11	تحقیقات	-	-	-	N1
12	،	-	-	-	endDelim
13	مدیریت	-	-	-	N1
14	،	-	-	-	endDelim
15	پردازش	-	-	-	N1
16	داده‌ها	-	-	-	N1
17	و	-	-	-	conjunction
18	میزان	-	-	-	N1
19	و	-	-	-	conjunction
20	بازار	-	-	-	N1
21	فروش	-	-	-	V1

0	از	-	-	-	Pr
1	دیگر	-	-	-	Ad
2	زمینه‌های	-	-	-	N1
3	فعالیت	-	-	-	N1
4	مهندسان	-	-	-	N1
5	شیمی	-	-	-	N1
6	می‌باشد	-	-	-	V1
7	.	-	-	-	endDelim

0	اما	-	-	-	C0
1	قواغنین	-	-	-	undefined
2	دست‌وپاگیر	-	-	-	A0
3	دانشگاه	-	-	-	N1
4	قم	-	-	-	N2
5	،	-	-	-	endDelim
6	چون	-	-	-	C0
7	همیشه	-	-	-	Ad
8	انگیزه‌ها	-	-	-	N1
9	و	-	-	-	conjunction
10	اراده‌ها	-	-	-	N1
11	را	-	-	-	Po
12	سرد	-	-	-	A0
13	و	-	-	-	conjunction
14	بی‌رمق	-	-	-	A0
15	می‌نماید	-	-	-	V1
16	.	-	-	-	endDelim

0	ترافیک	-	-	-	N1
1	شدید	-	-	-	A0
2	در	-	-	-	Pr
3	اتوبان	-	-	-	N1
4	چمران	-	-	-	N4
5	بسیار	-	-	-	A0
6	آزاردهنده	-	-	-	A0
7	بود	-	-	-	V2
8	.	-	-	-	endDelim

0	آهنگی	-	-	-	A0
1	شنیدم	-	-	-	V2

0	که	-	-	-	C0
1	خواننده	-	-	-	N1
2	با	-	-	-	Pr
3	صدایی	-	-	-	A0
4	زیبا	-	-	-	A0
5	و	-	-	-	conjunction
6	رسا	-	-	-	A0
7	آن	-	-	-	A1
8	را	-	-	-	Po
9	می‌خواند	-	-	-	V2
10	.	-	-	-	endDelim

0	دختری	-	-	-	A0
1	با	-	-	-	Pr
2	کفش‌های	-	-	-	N1
3	کتانی	-	-	-	A0
4	دیدم	-	-	-	V2

0	که	-	-	-	C0
1	سبزیجات	-	-	-	N1
2	می‌خورد	-	-	-	V2
3	.	-	-	-	endDelim

0	واحد	-	-	-	A0
1	مرکزی	-	-	-	A0
2	خبر	-	-	-	N1
3	اخبار	-	-	-	mokassar
4	جدیدی	-	-	-	N1
5	را	-	-	-	Po
6	مخابره	-	-	-	N1
7	کرد	-	-	-	V2
8	.	-	-	-	endDelim

0	چرا	-	-	-	NA
1	لباس‌های	-	-	-	N1
2	خواهرت	-	-	-	N1
3	را	-	-	-	Po
4	اتو	-	-	-	N1
5	نکردی	-	-	-	V2
6	؟	-	-	-	endDelim

0	دشمنان	-	-	-	A0
1	ایران	-	-	-	N2
2	در	-	-	-	Pr
3	همه	-	-	-	N1
4	نقاط	-	-	-	mokassar
5	جهان	-	-	-	N1
6	پراکننده	-	-	-	V1

0	هستند	-	-	-	V3
1	.	-	-	-	endDelim

0	گروه	-	-	-	N1
1	بزرگ	-	-	-	A0
2	موسیقیایی	-	-	-	A0
3	پاپ	-	-	-	N1
4	راک	-	-	-	N1
5	در	-	-	-	Pr
6	کابل	-	-	-	N2
7	کنسرت	-	-	-	N1
8	خواهند داشت	-	-	-	V2
9	.	-	-	-	endDelim

0	دیشب	-	-	-	Ad
1	برنامه	-	-	-	N1
2	۹۰	-	-	-	number
3	به	-	-	-	Pr
4	علت	-	-	-	N1
5	سو	-	-	-	N1
6	تفاهم	-	-	-	N1
7	بین	-	-	-	V1

0	دست	-	-	-	N1
1	اندر	-	-	-	Pr
2	کاران	-	-	-	N1
3	پخش	-	-	-	N1
4	نشد	-	-	-	V3
5	.	-	-	-	endDelim

0	ستارگان	-	-	-	N1
1	سینمای	-	-	-	N1
2	هالیوود	-	-	-	N2
3	بسیار	-	-	-	A0
4	پردرآمد	-	-	-	A0
5	هستند	-	-	-	V3
6	.	-	-	-	endDelim

0	سیستم	-	-	-	N1
1	کامپیوتری	-	-	-	A0
2	شرکت‌های	-	-	-	N1
3	ایرانی	-	-	-	A0
4	قوی	-	-	-	A0
5	نیست	-	-	-	N1
6	.	-	-	-	endDelim
7	خواهرم	-	-	-	N1
8	به	-	-	-	Pr
9	مغازه	-	-	-	N1
10	رفت	-	-	-	V2

0	و	-	-	-	conjunction
1	شکلات	-	-	-	N1
2	و	-	-	-	conjunction
3	آب‌نبات	-	-	-	N1
4	خرید	-	-	-	V2
5	.	-	-	-	endDelim

0	او	-	-	-	N5
1	به	-	-	-	Pr
2	من	-	-	-	N5
3	نگاه	-	-	-	N1
4	خیلی	-	-	-	A0
5	سنگینی	-	-	-	N1
6	کرد	-	-	-	V2
7	.	-	-	-	endDelim

0	من	-	-	-	N5
1	به	-	-	-	Pr
2	معلمم	-	-	-	N1
3	که	-	-	-	C0
4	دست	-	-	-	N1
5	به	-	-	-	Pr
6	سینه	-	-	-	N1
7	ایستاده بود	-	-	-	V2

0	نگاه	-	-	-	N1
1	بدی	-	-	-	N1
2	کردم	-	-	-	V2
3	.	-	-	-	endDelim

0	طلاب	-	-	-	mokassar
1	حوزه‌ی	-	-	-	N1
2	عملیه	-	-	-	A0
3	قم	-	-	-	N2
4	بسیار	-	-	-	A0
5	پرکار	-	-	-	A0
6	و	-	-	-	conjunction
7	سختکوش	-	-	-	A0
8	هستند	-	-	-	V3
9	.	-	-	-	endDelim

0	رانندگی	-	-	-	N1
1	با	-	-	-	Pr
2	سرعت	-	-	-	N1
3	بالا	-	-	-	A0
4	برای	-	-	-	Pr
5	سر	-	-	-	V1

0	نشینان	-	-	-	V1

0	و	-	-	-	conjunction
1	راننده	-	-	-	N1
2	خطرناک	-	-	-	A0
3	است	-	-	-	V3
4	.	-	-	-	endDelim

0	سه	-	-	-	Nu
1	ماه	-	-	-	N1
2	مانده	-	-	-	A0
3	به	-	-	-	Pr
4	جشنواره	-	-	-	N1
5	فیلم	-	-	-	N1
6	فجر	-	-	-	N1
7	بعضی	-	-	-	A2
8	از	-	-	-	Pr
9	کارگردانان	-	-	-	N1
10	فیلم‌های	-	-	-	N1
11	خود	-	-	-	N8
12	را	-	-	-	Po
13	به	-	-	-	Pr
14	کمیته	-	-	-	N1
15	داوران	-	-	-	N1
16	تحویل	-	-	-	N1
17	دادند	-	-	-	V2
18	.	-	-	-	endDelim

0	موسم	-	-	-	A0
1	بهاران	-	-	-	N1
2	هوای	-	-	-	N1
3	شمال	-	-	-	N1
4	شهر	-	-	-	N1
5	تهران	-	-	-	N2
6	بسیار	-	-	-	A0
7	دلربا	-	-	-	A0
8	می‌شود	-	-	-	V1
9	.	-	-	-	endDelim

0	یکی	-	-	-	A2
1	از	-	-	-	Pr
2	آثار	-	-	-	mokassar
3	بشدت	-	-	-	Ad
4	دوست‌داشتنی	-	-	-	A0
5	جیم	-	-	-	abbrv
6	جارموش	-	-	-	undefined
7	که	-	-	-	C0
8	تماماً	-	-	-	Ad
9	حول	-	-	-	N1
10	محور	-	-	-	N1
11	گفتگو	-	-	-	N1
12	،	-	-	-	endDelim
13	سیگار	-	-	-	N1
14	و	-	-	-	conjunction
15	قهوه	-	-	-	N1
16	می‌گردد	-	-	-	V1

0	و	-	-	-	conjunction
1	ادای	-	-	-	N1
2	دین	-	-	-	N1
3	جیم	-	-	-	abbrv
4	به	-	-	-	Pr
5	این	-	-	-	A1
6	دو	-	-	-	Nu
7	عزیز	-	-	-	A0
8	است	-	-	-	V3
9	.	-	-	-	endDelim

0	صداوسیمای	-	-	-	N1
1	جمهوری	-	-	-	N1
2	اسلامی	-	-	-	A0
3	ایران	-	-	-	N2
4	برنامه‌های	-	-	-	N1
5	جالبی	-	-	-	A0
6	ندارد	-	-	-	V1
7	.	-	-	-	endDelim

0	پرداخت	-	-	-	V2

0	قبض	-	-	-	N1
1	به	-	-	-	Pr
2	صورت	-	-	-	N1
3	الکترونیکی	-	-	-	A0
4	هزینه	-	-	-	N1
5	آبونمان	-	-	-	N1
6	را	-	-	-	Po
7	کاهش	-	-	-	N1
8	بسزایی	-	-	-	N1
9	می‌دهد	-	-	-	V1
10	.	-	-	-	endDelim

0	آشپزی	-	-	-	N1
1	در	-	-	-	Pr
2	رستوران	-	-	-	N1
3	هنگام	-	-	-	N1
4	پخت	-	-	-	V2

0	غذا	-	-	-	N1
1	دستش	-	-	-	N1
2	سوخت	-	-	-	V2
3	.	-	-	-	endDelim

0	ماشین‌آلات	-	-	-	N1
1	چینی	-	-	-	A0
2	کیفیت	-	-	-	N1
3	مرغوبی	-	-	-	A0
4	ندارند	-	-	-	V1
5	.	-	-	-	endDelim

0	کردستان	-	-	-	N2
1	سرزمینی	-	-	-	N1
2	بسیار	-	-	-	A0
3	دلفریب	-	-	-	A0
4	می‌باشد	-	-	-	V1
5	.	-	-	-	endDelim

0	الهی	-	-	-	A0
1	جانتان	-	-	-	N1
2	سلامت	-	-	-	A0
3	و	-	-	-	conjunction
4	تندرست	-	-	-	A0
5	باشد	-	-	-	V1
6	.	-	-	-	endDelim

0	البسه	-	-	-	N1
1	خودتان	-	-	-	N7
2	را	-	-	-	Po
3	با	-	-	-	Pr
4	اتو	-	-	-	N1
5	صاف	-	-	-	V1

0	کنید	-	-	-	V1
1	.	-	-	-	endDelim

0	بیماران	-	-	-	A0
1	قبلی	-	-	-	A0
2	و	-	-	-	conjunction
3	عروقی	-	-	-	A0
4	در	-	-	-	Pr
5	بیمارستان	-	-	-	N1
6	آبان	-	-	-	N1
7	بستری	-	-	-	A0
8	شدند	-	-	-	V3
9	.	-	-	-	endDelim

0	سامان	-	-	-	N1
1	پسری	-	-	-	A0
2	هنرمند	-	-	-	N1
3	او	-	-	-	N5
4	موسیقی‌دان	-	-	-	A0
5	است	-	-	-	V3
6	.	-	-	-	endDelim

0	مجمع	-	-	-	N1
1	عمومی	-	-	-	A0
2	و	-	-	-	conjunction
3	انتخابات	-	-	-	N1
4	شورای	-	-	-	N1
5	مرکزی	-	-	-	A0
6	و	-	-	-	conjunction
7	بازرسین	-	-	-	N1
8	جامعه	-	-	-	N1
9	دانش‌آموختگان	-	-	-	N1
10	دانشگاه	-	-	-	N1
11	ظرف	-	-	-	N1
12	ماه	-	-	-	N1
13	آتی	-	-	-	A0
14	برگزار	-	-	-	A0
15	می‌شود	-	-	-	V1
16	.	-	-	-	endDelim
