
0	هزار	-	-	-	Nu
1	سال	-	-	-	N1
2	است	-	-	-	V3

0	که	-	-	-	C0
1	مردم	-	-	-	N1
2	فارسی‌زبان	-	-	-	A0
3	و	-	-	-	conjunction
4	فارسی‌دان	-	-	-	A0
5	و	-	-	-	conjunction
6	فارسی‌خوان	-	-	-	undefined
7	در	-	-	-	Pr
8	قلمرو	-	-	-	N1
9	زبان	-	-	-	N1
10	فارسی	-	-	-	A0
11	با	-	-	-	Pr
12	شاهنامه	-	-	-	N1
13	این	-	-	-	A1
14	سند	-	-	-	N1
15	لیاقت	-	-	-	N1
16	زبان	-	-	-	N1
17	فارسی	-	-	-	A0
18	،	-	-	-	endDelim
19	این	-	-	-	A1
20	گنجینه	-	-	-	N1
21	معارف	-	-	-	mokassar
22	ایرانی	-	-	-	A0
23	و	-	-	-	conjunction
24	اسلامی	-	-	-	A0
25	و	-	-	-	conjunction
26	این	-	-	-	A1
27	فرهنگ	-	-	-	N1
28	ایران	-	-	-	N2
29	به	-	-	-	Pr
30	معنی	-	-	-	N1
31	وسیع	-	-	-	A0
32	کلمه	-	-	-	N1
33	از	-	-	-	Pr
34	آغاز	-	-	-	V1

0	تا	-	-	-	Pr
1	پایان	-	-	-	N1
2	قرن	-	-	-	N1
3	چهارم	-	-	-	Nu
4	هجری	-	-	-	N1
5	آشنایی	-	-	-	N1
6	دارند	-	-	-	V1

0	و	-	-	-	conjunction
1	آن	-	-	-	A1
2	را	-	-	-	Po
3	خوانده	-	-	-	N1
4	و	-	-	-	conjunction
5	بهره‌ها	-	-	-	N1
6	برده‌اند	-	-	-	N1
7	و	-	-	-	conjunction
8	یا	-	-	-	C0
9	در	-	-	-	Pr
10	مجامع	-	-	-	mokassar
11	عمومی	-	-	-	A0
12	از	-	-	-	Pr
13	زبان	-	-	-	N1
14	راویان	-	-	-	N1
15	نقال	-	-	-	A0
16	و	-	-	-	conjunction
17	در	-	-	-	Pr
18	محافل	-	-	-	mokassar
19	خصوصی	-	-	-	A0
20	از	-	-	-	Pr
21	دو	-	-	-	Nu
22	لب	-	-	-	N1
23	شاهنامه‌خوانان	-	-	-	N1
24	داستان‌هایی	-	-	-	N1
25	مهیج	-	-	-	A0
26	و	-	-	-	conjunction
27	سرگذشت‌های	-	-	-	N1
28	عبرت‌آموز	-	-	-	A0
29	آن	-	-	-	A1
30	را	-	-	-	Po
31	شنیده	-	-	-	N1
32	و	-	-	-	conjunction
33	ذوق‌ها	-	-	-	N1
34	کرده‌اند	-	-	-	V2

0	و	-	-	-	conjunction
1	سخن‌شناسان	-	-	-	A0
2	نکته‌سنج	-	-	-	A0
3	و	-	-	-	conjunction
4	نقادان	-	-	-	N1
5	موشکاف	-	-	-	N1
6	و	-	-	-	conjunction
7	آگاهان	-	-	-	V1

0	بر	-	-	-	Pr
1	رمزوراز	-	-	-	N1
2	داستان‌های	-	-	-	N1
3	حماسی	-	-	-	A0
4	به	-	-	-	Pr
5	شاهکار	-	-	-	N1
6	بودن	-	-	-	V2

0	آن	-	-	-	A1
1	گنجینه	-	-	-	N1
2	هنر	-	-	-	N1
3	در	-	-	-	Pr
4	توصیف	-	-	-	N1
5	و	-	-	-	conjunction
6	آموزنده	-	-	-	A0
7	بودن	-	-	-	V2

0	آن	-	-	-	A1
1	در	-	-	-	Pr
2	مسائل	-	-	-	mokassar
3	اجتماعی	-	-	-	A0
4	و	-	-	-	conjunction
5	اخلاقی	-	-	-	A0
6	و	-	-	-	conjunction
7	اعتقادی	-	-	-	A0
8	و	-	-	-	conjunction
9	ایمانی	-	-	-	A0
10	و	-	-	-	conjunction
11	ممتاز	-	-	-	A0
12	و	-	-	-	conjunction
13	برتر	-	-	-	A0
14	بودن	-	-	-	V2

0	آن	-	-	-	A1
1	از	-	-	-	Pr
2	دیگر	-	-	-	Ad
3	آثار	-	-	-	mokassar
4	حماسی	-	-	-	A0
5	جهان	-	-	-	N1
6	و	-	-	-	conjunction
7	والایی	-	-	-	N1
8	و	-	-	-	conjunction
9	ماندگاری	-	-	-	N1
10	مقام	-	-	-	N1
11	بلند	-	-	-	A0
12	سراینده	-	-	-	A0
13	گشاده‌زبان	-	-	-	undefined
14	و	-	-	-	conjunction
15	باریک‌اندیش	-	-	-	A0
16	آن	-	-	-	A1
17	هم‌داستان	-	-	-	A0
18	گشته‌اند	-	-	-	A0
19	همچنان‌که	-	-	-	Ad
20	عرضه	-	-	-	N1
21	شدن	-	-	-	V3

0	متن	-	-	-	N1
1	شاهنامه	-	-	-	N1
2	در	-	-	-	Pr
3	۲۶	-	-	-	number
4	جزوه	-	-	-	N1
5	به	-	-	-	Pr
6	قطع	-	-	-	N1
7	کوچک	-	-	-	A0
8	با	-	-	-	Pr
9	توضیحات	-	-	-	N1
10	لغوی	-	-	-	A0
11	زیر	-	-	-	A0
12	صفحات	-	-	-	N1
13	خواندن	-	-	-	V2

0	آن	-	-	-	A1
1	کتاب	-	-	-	N1
2	عظیم	-	-	-	A0
3	جلیل‌القدر	-	-	-	A0
4	را	-	-	-	Po
5	درهرحال	-	-	-	Ad
6	و	-	-	-	conjunction
7	هر	-	-	-	A1
8	جای	-	-	-	N1
9	برای	-	-	-	Pr
10	همه	-	-	-	N1
11	کس	-	-	-	N1
12	آسان	-	-	-	A0
13	ساخته است	-	-	-	V2

0	برگردان	-	-	-	V1

0	روایت‌گونه	-	-	-	N1
1	آن	-	-	-	A1
2	نیز	-	-	-	Ad
3	به	-	-	-	Pr
4	سهولت	-	-	-	N1
5	اطلاع	-	-	-	N1
6	بر	-	-	-	Pr
7	محتوای	-	-	-	N1
8	شاهنامه	-	-	-	N1
9	را	-	-	-	Po
10	فراهم	-	-	-	N1
11	آورده است	-	-	-	V2

0	و	-	-	-	conjunction
1	راه‌گشای	-	-	-	N1
2	خواندن	-	-	-	V2

0	متن	-	-	-	N1
1	شاهنامه	-	-	-	N1
2	به	-	-	-	Pr
3	روانی	-	-	-	A0
4	و	-	-	-	conjunction
5	آسانی	-	-	-	N1
6	است	-	-	-	V3

0	شاهنامه	-	-	-	N1
1	نامه‌ای	-	-	-	N1
2	است	-	-	-	V3

0	پندمند	-	-	-	N1
1	.	-	-	-	endDelim
2	سرگذشت	-	-	-	N1
3	تاریخی	-	-	-	A0
4	ملتی	-	-	-	A0
5	است	-	-	-	V3

0	که	-	-	-	C0
1	شکست‌ها	-	-	-	N1
2	و	-	-	-	conjunction
3	پیروزی‌های	-	-	-	A0
4	بسیاری	-	-	-	A2
5	را	-	-	-	Po
6	تجربه	-	-	-	N1
7	کرده	-	-	-	V2

0	اما	-	-	-	C0
1	همواره	-	-	-	Ad
2	بر	-	-	-	Pr
3	پای	-	-	-	N1
4	ایستاده	-	-	-	A0
5	و	-	-	-	conjunction
6	دربرابر	-	-	-	Pr1
7	همه‌ی	-	-	-	N1
8	حوادث	-	-	-	mokassar
9	سربلند	-	-	-	A0
10	و	-	-	-	conjunction
11	سرافراز	-	-	-	A0
12	بیرون	-	-	-	N1
13	آمده است	-	-	-	V2
14	.	-	-	-	endDelim

0	شاهنامه	-	-	-	N1
1	کامرانی‌ها	-	-	-	N1
2	و	-	-	-	conjunction
3	ناکامی‌ها	-	-	-	N1
4	،	-	-	-	endDelim
5	مرادی‌ها	-	-	-	N3
6	و	-	-	-	conjunction
7	نامرادی‌های	-	-	-	N1
8	تاریخ	-	-	-	N1
9	ایران	-	-	-	N2
10	را	-	-	-	Po
11	بیان	-	-	-	N1
12	کرده است	-	-	-	V2
13	.	-	-	-	endDelim

0	راوی	-	-	-	N1
1	صادقی	-	-	-	N4
2	است	-	-	-	V3

0	که	-	-	-	C0
1	شکست‌ها	-	-	-	N1
2	را	-	-	-	Po
3	بیان	-	-	-	N1
4	کرده	-	-	-	V2

0	و	-	-	-	conjunction
1	البته	-	-	-	Ad
2	دردناک	-	-	-	A0
3	به	-	-	-	Pr
4	آن	-	-	-	A1
5	نگریسته	-	-	-	A0
6	و	-	-	-	conjunction
7	درعین‌حال	-	-	-	C1
8	به	-	-	-	Pr
9	پیروزی‌ها	-	-	-	N2
10	افتخار	-	-	-	N1
11	کرده است	-	-	-	V2
12	.	-	-	-	endDelim

0	دشمنانی	-	-	-	A0
1	چون	-	-	-	C0
2	افراسیاب	-	-	-	N3
3	و	-	-	-	conjunction
4	تورانیان	-	-	-	N4
5	را	-	-	-	Po
6	بزرگ	-	-	-	A0
7	خطاب	-	-	-	N1
8	کرده	-	-	-	V2

0	و	-	-	-	conjunction
1	از	-	-	-	Pr
2	بیان	-	-	-	N1
3	آن	-	-	-	A1
4	ابایی	-	-	-	N1
5	نداشته است	-	-	-	V2
6	،	-	-	-	endDelim

0	پس	-	-	-	Ad
1	دلیلی	-	-	-	N1
2	ندارد	-	-	-	V1

0	که	-	-	-	C0
1	آخر	-	-	-	N1
2	شاهنامه	-	-	-	N1
3	به	-	-	-	Pr
4	دلیل	-	-	-	N1
5	پیروزی	-	-	-	N2
6	اعراب	-	-	-	mokassar
7	خوش	-	-	-	A0
8	نباشد	-	-	-	V1
9	.	-	-	-	endDelim

0	او	-	-	-	N5
1	می‌آموزد	-	-	-	V1

0	که	-	-	-	C0
1	تاریخ	-	-	-	N1
2	اینجا	-	-	-	N1
3	تمام	-	-	-	A0
4	نخواهد شد	-	-	-	V1
5	.	-	-	-	endDelim

0	آخر	-	-	-	N1
1	شاهنامه	-	-	-	N1
2	آخر	-	-	-	N1
3	تاریخ	-	-	-	N1
4	نیست	-	-	-	N1
5	.	-	-	-	endDelim
6	پیروزی	-	-	-	N2
7	و	-	-	-	conjunction
8	شکست	-	-	-	V2

0	لازمه‌ی	-	-	-	N1
1	وجود	-	-	-	N1
2	هر	-	-	-	A1
3	جامعه‌ای	-	-	-	N1
4	هست	-	-	-	V3
5	.	-	-	-	endDelim

0	روزگارانی	-	-	-	N1
1	دیگر	-	-	-	Ad
2	تقدیر	-	-	-	N1
3	تاریخ	-	-	-	N1
4	به	-	-	-	Pr
5	گونه‌ای	-	-	-	N1
6	دیگر	-	-	-	Ad
7	رقم	-	-	-	N1
8	خواهد خورد	-	-	-	V2
9	.	-	-	-	endDelim

0	قطعاً	-	-	-	Ad
1	درگذر	-	-	-	V1

0	تاریخ	-	-	-	N1
1	باز	-	-	-	V1

0	هم	-	-	-	Ad
1	جنگ‌هایی	-	-	-	N1
2	خواهد بود	-	-	-	V3
3	.	-	-	-	endDelim

0	باز	-	-	-	V1

0	هم	-	-	-	Ad
1	شکست‌ها	-	-	-	N1
2	و	-	-	-	conjunction
3	پیروزی‌هایی	-	-	-	N2
4	نصیب	-	-	-	N1
5	ما	-	-	-	N5
6	خواهد شد	-	-	-	V3

0	و	-	-	-	conjunction
1	به	-	-	-	Pr
2	راستی	-	-	-	N1
3	که	-	-	-	C0
4	مگر	-	-	-	Ad
5	شکست	-	-	-	V2

0	از	-	-	-	Pr
1	اعراب	-	-	-	mokassar
2	نخستین	-	-	-	A0
3	شکست	-	-	-	V2

0	ما	-	-	-	N5
1	بوده	-	-	-	V2

0	و	-	-	-	conjunction
1	یا	-	-	-	C0
2	قرار	-	-	-	N1
3	است	-	-	-	V3

0	آخرین	-	-	-	N1
1	شکست	-	-	-	V2

0	ما	-	-	-	N5
1	باشد	-	-	-	V1

0	مگر	-	-	-	Ad
1	تاریخ	-	-	-	N1
2	امروز	-	-	-	N1
3	ما	-	-	-	N5
4	به	-	-	-	Pr
5	همین	-	-	-	A1
6	جایی‌که	-	-	-	C1
7	هستیم	-	-	-	N1
8	منتهی	-	-	-	A0
9	خواهد شد	-	-	-	V3

0	و	-	-	-	conjunction
1	پایان	-	-	-	N1
2	خواهد پذیرفت	-	-	-	V2

0	اگر	-	-	-	C0
1	خوش	-	-	-	A0
2	بودن	-	-	-	V2

0	یا	-	-	-	C0
1	ناخوش	-	-	-	A0
2	بودن	-	-	-	V2

0	را	-	-	-	Po
1	به	-	-	-	Pr
2	پیروزی	-	-	-	N2
3	یا	-	-	-	C0
4	شکست	-	-	-	V2

0	منحصر	-	-	-	A0
1	کنیم	-	-	-	V1
2	،	-	-	-	endDelim

0	آنگاه	-	-	-	Ad
1	ابتدای	-	-	-	N1
2	شاهنامه	-	-	-	N1
3	هم	-	-	-	Ad
4	که	-	-	-	C0
5	پیروزی	-	-	-	N2
6	ضحاک	-	-	-	A0
7	است	-	-	-	V3

0	غم‌انگیز	-	-	-	A0
1	است	-	-	-	V3
2	.	-	-	-	endDelim

0	وسط	-	-	-	A0
1	شاهنامه	-	-	-	N1
2	که	-	-	-	C0
3	شکست	-	-	-	V2

0	از	-	-	-	Pr
1	توران	-	-	-	N3
2	،	-	-	-	endDelim
3	روم	-	-	-	N2
4	و…	-	-	-	undefined
5	است	-	-	-	V3

0	نیز	-	-	-	Ad
1	دردناک	-	-	-	A0
2	همچنان	-	-	-	Ad
3	که	-	-	-	C0
4	پیروزی	-	-	-	N2
5	بر	-	-	-	Pr
6	ضحاک	-	-	-	A0
7	،	-	-	-	endDelim
8	توران	-	-	-	N3
9	و	-	-	-	conjunction
10	روم	-	-	-	N2
11	و…	-	-	-	undefined
12	شیرین	-	-	-	A0
13	است	-	-	-	V3
14	!	-	-	-	endDelim

0	تاریخ	-	-	-	N1
1	کدام	-	-	-	NA
2	ملتی	-	-	-	A0
3	را	-	-	-	Po
4	می‌شناسیم	-	-	-	V1

0	که	-	-	-	C0
1	بدون	-	-	-	Pr
2	شکست	-	-	-	V2

0	باشد	-	-	-	V1
1	؟	-	-	-	endDelim

0	بالاخره	-	-	-	Ad
1	فردوسی	-	-	-	N4
2	یک	-	-	-	Nu
3	جایی	-	-	-	N1
4	باید	-	-	-	V4

0	شاهنامه	-	-	-	N1
1	را	-	-	-	Po
2	تمام	-	-	-	A0
3	می‌کرد	-	-	-	V2
4	.	-	-	-	endDelim

0	پیروزی	-	-	-	N2
1	یا	-	-	-	C0
2	شکست	-	-	-	V2

0	از	-	-	-	Pr
1	روم	-	-	-	N2
2	.	-	-	-	endDelim
3	پیروزی	-	-	-	N2
4	یا	-	-	-	C0
5	شکست	-	-	-	V2

0	از	-	-	-	Pr
1	توران	-	-	-	N3
2	زمین	-	-	-	N1
3	و…	-	-	-	undefined
4	شاهنامه	-	-	-	N1
5	هرکجا	-	-	-	Ad
6	تمام	-	-	-	A0
7	می‌شد	-	-	-	V3
8	،	-	-	-	endDelim

0	این	-	-	-	A1
1	قصه	-	-	-	N1
2	ناتمام	-	-	-	A0
3	بود	-	-	-	V2

0	و	-	-	-	conjunction
1	ناتمام	-	-	-	A0
2	نیز	-	-	-	Ad
3	می‌ماند	-	-	-	V2

0	و	-	-	-	conjunction
1	البته	-	-	-	Ad
2	تا	-	-	-	Pr
3	پایان	-	-	-	N1
4	تاریخ	-	-	-	N1
5	هم	-	-	-	Ad
6	ناتمام	-	-	-	A0
7	خواهد ماند	-	-	-	V2

0	شاهنامه	-	-	-	N1
1	،	-	-	-	endDelim
2	اثر	-	-	-	N1
3	حکیم	-	-	-	N1
4	ابوالقاسم	-	-	-	N1
5	فردوسی	-	-	-	N4
6	،	-	-	-	endDelim
7	یکی	-	-	-	A2
8	از	-	-	-	Pr
9	بزرگ‌ترین	-	-	-	A0
10	حماسه‌های	-	-	-	N1
11	جهان	-	-	-	N1
12	،	-	-	-	endDelim
13	مهم‌ترین	-	-	-	A0
14	نامه‌ی	-	-	-	N1
15	اندیشه‌ی	-	-	-	N1
16	سیاسی	-	-	-	A0
17	ایران‌شهری	-	-	-	N4
18	در	-	-	-	Pr
19	دوره‌ی	-	-	-	N1
20	اسلامی	-	-	-	A0
21	،	-	-	-	endDelim
22	شاهکار	-	-	-	N1
23	حماسی	-	-	-	A0
24	زبان	-	-	-	N1
25	فارسی	-	-	-	A0
26	و	-	-	-	conjunction
27	حماسه‌ی	-	-	-	N1
28	ملی	-	-	-	A0
29	ایرانیان	-	-	-	N1
30	و	-	-	-	conjunction
31	نیز	-	-	-	Ad
32	بزرگ‌ترین	-	-	-	A0
33	سند	-	-	-	N1
34	هویت	-	-	-	N1
35	ایشان	-	-	-	N5
36	است	-	-	-	V3
37	،	-	-	-	endDelim

0	چنانکه	-	-	-	Ad
1	ضیاءالدین	-	-	-	N3
2	ابن‌اثیر	-	-	-	N3
3	آن	-	-	-	A1
4	را	-	-	-	Po
5	قرآن	-	-	-	N1
6	ایرانیان	-	-	-	N1
7	خوانده‌است	-	-	-	V1

0	مأخذ	-	-	-	N1
1	اصلی	-	-	-	A0
2	فردوسی	-	-	-	N4
3	در	-	-	-	Pr
4	به‌نظم	-	-	-	N1
5	کشیدن	-	-	-	V2

0	داستان‌ها	-	-	-	N1
1	،	-	-	-	endDelim
2	شاهنامه‌ی	-	-	-	N1
3	منثور	-	-	-	A0
4	ابومنصوری	-	-	-	N3
5	بود	-	-	-	V2

0	که	-	-	-	C0
1	چندی	-	-	-	Ad
2	پیش‌از	-	-	-	Pr1
3	آن	-	-	-	A1
4	توسط	-	-	-	N1
5	یکی	-	-	-	A2
6	از	-	-	-	Pr
7	سپهداران	-	-	-	A0
8	ایران‌دوست	-	-	-	A0
9	خراسان	-	-	-	N2
10	ازروی	-	-	-	Pr1
11	آثار	-	-	-	mokassar
12	و	-	-	-	conjunction
13	روایات	-	-	-	N1
14	موجود	-	-	-	A0
15	گردآوری	-	-	-	N1
16	شده بود	-	-	-	V3
17	.	-	-	-	endDelim

0	فردوسی	-	-	-	N4
1	در	-	-	-	Pr
2	شاهنامه	-	-	-	N1
3	از	-	-	-	Pr
4	پنج	-	-	-	Nu
5	راوی	-	-	-	N1
6	شفاهی	-	-	-	A0
7	نیز	-	-	-	Ad
8	به	-	-	-	Pr
9	نامهای	-	-	-	N1
10	آزادسرو	-	-	-	undefined
11	،	-	-	-	endDelim
12	شادان	-	-	-	Ad
13	برزین	-	-	-	N1
14	،	-	-	-	endDelim
15	ماخ	-	-	-	N1
16	پیر	-	-	-	A0
17	خراسانی	-	-	-	A0
18	،	-	-	-	endDelim
19	بهرام	-	-	-	N3
20	و	-	-	-	conjunction
21	شاهوی	-	-	-	undefined
22	یاد	-	-	-	N1
23	کرده	-	-	-	V2

0	که	-	-	-	C0
1	او	-	-	-	N5
2	را	-	-	-	Po
3	در	-	-	-	Pr
4	بازگو	-	-	-	V1

0	کردن	-	-	-	V2

0	داستان‌ها	-	-	-	N1
1	یاری	-	-	-	N1
2	رسانده‌اند	-	-	-	A0
3	اما	-	-	-	C0
4	ذبیح‌اله	-	-	-	undefined
5	صفا	-	-	-	N1
6	استدلال	-	-	-	N1
7	کرده‌است	-	-	-	N1
8	که	-	-	-	C0
9	به	-	-	-	Pr
10	احتمال	-	-	-	N1
11	فراوان	-	-	-	A0
12	راویان	-	-	-	N1
13	یادشده	-	-	-	A0
14	مربوط	-	-	-	A0
15	به	-	-	-	Pr
16	روزگاران	-	-	-	N1
17	پیشین	-	-	-	A0
18	بوداند	-	-	-	undefined
19	و	-	-	-	conjunction
20	فردوسی	-	-	-	N4
21	به	-	-	-	Pr
22	جهت	-	-	-	N1
23	احترام	-	-	-	N1
24	از	-	-	-	Pr
25	آنان	-	-	-	N5
26	سخن	-	-	-	N1
27	به	-	-	-	Pr
28	زبان	-	-	-	N1
29	آورده	-	-	-	A0
30	و	-	-	-	conjunction
31	هیچ‌کدام	-	-	-	N1
32	معاصر	-	-	-	A0
33	با	-	-	-	Pr
34	حکیم	-	-	-	N1
35	توس	-	-	-	N2
36	نبوده‌اند	-	-	-	N1
37	آخرین	-	-	-	N1
38	ویرایش‌های	-	-	-	N1
39	فردوسی	-	-	-	N4
40	در	-	-	-	Pr
41	شاهنامه	-	-	-	N1
42	در	-	-	-	Pr
43	سال‌های	-	-	-	N1
44	۴۰۰	-	-	-	number
45	و	-	-	-	conjunction
46	۴۰۱	-	-	-	number
47	هجری	-	-	-	N1
48	قمری	-	-	-	A0
49	روی‌داد	-	-	-	N1
50	متون	-	-	-	mokassar
51	کلاسیک	-	-	-	A0
52	درگذر	-	-	-	V1

0	زمانبر	-	-	-	A0
1	اثر	-	-	-	N1
2	حوادث	-	-	-	mokassar
3	تاریخی	-	-	-	A0
4	،	-	-	-	endDelim
5	گرایش‌های	-	-	-	N1
6	حاکمان	-	-	-	undefined
7	و	-	-	-	conjunction
8	کاتبان	-	-	-	N1
9	و	-	-	-	conjunction
10	علل	-	-	-	N1
11	دیگر	-	-	-	Ad
12	دستخوش	-	-	-	N1
13	تغییر	-	-	-	N1
14	و	-	-	-	conjunction
15	تحولات	-	-	-	N1
16	متعددی	-	-	-	A0
17	می‌شوند	-	-	-	V1
18	.	-	-	-	endDelim

0	پیگیری	-	-	-	N1
1	این	-	-	-	A1
2	تحولات	-	-	-	N1
3	و	-	-	-	conjunction
4	مقایسه‌ی	-	-	-	N1
5	نسخه‌های	-	-	-	N1
6	متعدد	-	-	-	A0
7	به‌جامانده	-	-	-	A0
8	از	-	-	-	Pr
9	متون	-	-	-	mokassar
10	کلاسیک	-	-	-	A0
11	و	-	-	-	conjunction
12	ارائه‌ی	-	-	-	N1
13	متنی	-	-	-	A0
14	تا	-	-	-	Pr
15	حد	-	-	-	N1
16	ممکن	-	-	-	A0
17	اصیل	-	-	-	A0
18	دغدغه‌ی	-	-	-	N1
19	اصلی	-	-	-	A0
20	کسانی‌ست	-	-	-	N1
21	که	-	-	-	C0
22	تصحیح	-	-	-	N1
23	متون	-	-	-	mokassar
24	کلاسیک	-	-	-	A0
25	را	-	-	-	Po
26	به‌عنوان	-	-	-	N1
27	فعالیتی	-	-	-	A0
28	ادبی	-	-	-	A0
29	پیشه‌ی	-	-	-	N1
30	خود	-	-	-	N8
31	می‌کنند	-	-	-	V1
32	.	-	-	-	endDelim

0	مهری	-	-	-	N3
1	بهفر	-	-	-	undefined
2	بیش‌از	-	-	-	Pr1
3	یک	-	-	-	Nu
4	دهه	-	-	-	N1
5	است	-	-	-	V3

0	که	-	-	-	C0
1	کار	-	-	-	N1
2	خود	-	-	-	N8
3	را	-	-	-	Po
4	معطوف	-	-	-	A0
5	به	-	-	-	Pr
6	تصحیح	-	-	-	N1
7	شاهنامه	-	-	-	N1
8	کرده است	-	-	-	V2
9	.	-	-	-	endDelim

0	پروژه‌ی	-	-	-	N1
1	تصحیح	-	-	-	N1
2	او	-	-	-	N5
3	با	-	-	-	Pr
4	شرح	-	-	-	N1
5	یکایک	-	-	-	Ad
6	ابیات	-	-	-	N1
7	،	-	-	-	endDelim
8	مقایسه‌ی	-	-	-	N1
9	درونمایه‌ی	-	-	-	N1
10	داستان‌ها	-	-	-	N1
11	و	-	-	-	conjunction
12	شخصیت‌های	-	-	-	N1
13	شاهنامه	-	-	-	N1
14	با	-	-	-	Pr
15	ماب‌ه‌ازاهای	-	-	-	N1
16	اساطیری‌شان	-	-	-	A0
17	در	-	-	-	Pr
18	ادبیات	-	-	-	N1
19	اسطوره‌ای	-	-	-	A0
20	و	-	-	-	conjunction
21	حماسی	-	-	-	A0
22	جهان	-	-	-	N1
23	و	-	-	-	conjunction
24	ضمائمی	-	-	-	N1
25	دیگر	-	-	-	Ad
26	همراه	-	-	-	A0
27	شده است	-	-	-	V3

0	که	-	-	-	C0
1	مجموع	-	-	-	A0
2	آن	-	-	-	A1
3	به	-	-	-	Pr
4	تخمین	-	-	-	N1
5	خودش	-	-	-	N7
6	مشتمل	-	-	-	A0
7	بر	-	-	-	Pr
8	بیست	-	-	-	Nu
9	جلد	-	-	-	N1
10	خواهدشد	-	-	-	V1
11	.	-	-	-	endDelim

0	تابه‌حال	-	-	-	Ad
1	سه	-	-	-	Nu
2	دفتر	-	-	-	N1
3	از	-	-	-	Pr
4	این	-	-	-	A1
5	مجموعه	-	-	-	N1
6	منتشر	-	-	-	A0
7	شده است	-	-	-	V3
8	.	-	-	-	endDelim

0	انتشار	-	-	-	N1
1	دفتر	-	-	-	N1
2	سوم	-	-	-	A0
3	بهانه‌ای	-	-	-	N1
4	شد	-	-	-	V3

0	تا	-	-	-	Pr
1	پای	-	-	-	N1
2	صحبت	-	-	-	N1
3	مهری	-	-	-	N3
4	بهفر	-	-	-	undefined
5	بنشینیم	-	-	-	V1

0	تا	-	-	-	Pr
1	از	-	-	-	Pr
2	چندوچون	-	-	-	N1
3	تألیف	-	-	-	N1
4	و	-	-	-	conjunction
5	انتشار	-	-	-	N1
6	این	-	-	-	A1
7	مجموعه	-	-	-	N1
8	برای‌مان	-	-	-	Pr
9	بگوید	-	-	-	V1

0	وقتی	-	-	-	Ad
1	کشورت	-	-	-	N1
2	را	-	-	-	Po
3	اشغال	-	-	-	N1
4	کرده باشند	-	-	-	V2

0	زبانت	-	-	-	N1
1	را	-	-	-	Po
2	در	-	-	-	Pr
3	شرف	-	-	-	N1
4	نابودی	-	-	-	N1
5	قرار	-	-	-	N1
6	داده باشند	-	-	-	V2
7	،	-	-	-	endDelim

0	کتاب‌هایت	-	-	-	N1
1	را	-	-	-	Po
2	سوزانده باشند	-	-	-	V2
3	،	-	-	-	endDelim

0	فرهنگت	-	-	-	N1
1	را	-	-	-	Po
2	از	-	-	-	Pr
3	بین	-	-	-	V1

0	برده باشند	-	-	-	V2
1	،	-	-	-	endDelim

0	تاریخت	-	-	-	N1
1	را	-	-	-	Po
2	تحریف	-	-	-	N1
3	کرده باشند	-	-	-	V2

0	و	-	-	-	conjunction
1	هویت	-	-	-	N1
2	ملی‌ات	-	-	-	A0
3	را	-	-	-	Po
4	به	-	-	-	Pr
5	دست	-	-	-	N1
6	فراموشی	-	-	-	N1
7	سپرده باشند	-	-	-	V2
8	،	-	-	-	endDelim

0	چه	-	-	-	NA
1	کاری	-	-	-	A0
2	می‌تواند	-	-	-	V4

0	شیرین‌تر	-	-	-	A0
1	و	-	-	-	conjunction
2	پر	-	-	-	V1

0	اهمیت‌تر	-	-	-	N1
1	از	-	-	-	Pr
2	این	-	-	-	A1
3	تلقی	-	-	-	N1
4	شود	-	-	-	V1

0	که	-	-	-	C0
1	بتوانی	-	-	-	V1

0	زبانت	-	-	-	N1
1	را	-	-	-	Po
2	زنده	-	-	-	A0
3	کنی	-	-	-	V1
4	،	-	-	-	endDelim

0	تاریخت	-	-	-	N1
1	را	-	-	-	Po
2	ازدست	-	-	-	Pr1
3	فراموشی	-	-	-	N1
4	نجات	-	-	-	N1
5	دهی	-	-	-	V1
6	،	-	-	-	endDelim

0	غرور	-	-	-	N1
1	ملی‌ات	-	-	-	A0
2	را	-	-	-	Po
3	بازسازی	-	-	-	N1
4	نمایی	-	-	-	N1
5	،	-	-	-	endDelim
6	فرهنگت	-	-	-	N1
7	را	-	-	-	Po
8	بازیابی	-	-	-	N1
9	کنی	-	-	-	V1
10	،	-	-	-	endDelim

0	…	-	-	-	abbrv
1	و	-	-	-	conjunction
2	چه	-	-	-	NA
3	کاری	-	-	-	A0
4	بالاتر	-	-	-	A0
5	از	-	-	-	Pr
6	این	-	-	-	A1
7	و	-	-	-	conjunction
8	چه	-	-	-	NA
9	پیروزی‌ای	-	-	-	N2
10	خوش‌تر	-	-	-	A0
11	از	-	-	-	Pr
12	این	-	-	-	A1
13	؟	-	-	-	endDelim
14	این	-	-	-	A1
15	حقیقت	-	-	-	N1
16	را	-	-	-	Po
17	نیز	-	-	-	Ad
18	باید	-	-	-	V4

0	بدانیم	-	-	-	V1

0	که	-	-	-	C0
1	تخیلات	-	-	-	N1
2	همیشه	-	-	-	Ad
3	پوچ	-	-	-	A0
4	و	-	-	-	conjunction
5	بی‌مصرف	-	-	-	A0
6	نیستند	-	-	-	N1
7	.	-	-	-	endDelim
8	خلاقیت‌های	-	-	-	N1
9	هنری	-	-	-	A0
10	که	-	-	-	C0
11	خاستگاهشان	-	-	-	N1
12	نفس	-	-	-	N1
13	تخیل	-	-	-	N1
14	است	-	-	-	V3
15	،	-	-	-	endDelim

0	ازاین	-	-	-	undefined
1	قاعده	-	-	-	N1
2	مستثنایند	-	-	-	A0
3	.	-	-	-	endDelim
4	ازضرورتها	-	-	-	undefined
5	و	-	-	-	conjunction
6	نیاز	-	-	-	N1
7	امروز	-	-	-	N1
8	جهان	-	-	-	N1
9	است	-	-	-	V3

0	که	-	-	-	C0
1	هنروران	-	-	-	A0
2	و	-	-	-	conjunction
3	آنان	-	-	-	N5
4	که	-	-	-	C0
5	در	-	-	-	Pr
6	تولید	-	-	-	N1
7	هنر	-	-	-	N1
8	و	-	-	-	conjunction
9	مشاغل	-	-	-	mokassar
10	هنری	-	-	-	A0
11	فعالند	-	-	-	A0
12	همواره	-	-	-	Ad
13	مترصد	-	-	-	A0
14	آن	-	-	-	A1
15	باشند	-	-	-	V1

0	که	-	-	-	C0
1	در	-	-	-	Pr
2	خلاقیت‌های	-	-	-	N1
3	خود	-	-	-	N8
4	،	-	-	-	endDelim
5	عناصر	-	-	-	mokassar
6	تعقل	-	-	-	N1
7	و	-	-	-	conjunction
8	تفکر	-	-	-	N1
9	منطقی	-	-	-	A0
10	را	-	-	-	Po
11	نیز	-	-	-	Ad
12	ملحوظ	-	-	-	A0
13	و	-	-	-	conjunction
14	منظور	-	-	-	N1
15	دارند	-	-	-	V1
16	.	-	-	-	endDelim

0	پا	-	-	-	V1

0	ازحد	-	-	-	undefined
1	مجاز	-	-	-	N1
2	و	-	-	-	conjunction
3	مفید	-	-	-	A0
4	فراتر	-	-	-	A0
5	نگذارند	-	-	-	V1
6	.	-	-	-	endDelim

0	در	-	-	-	Pr
1	شعر	-	-	-	N1
2	،	-	-	-	endDelim
3	ادب	-	-	-	N1
4	،	-	-	-	endDelim
5	موسیقی	-	-	-	N1
6	،	-	-	-	endDelim
7	نقاشی	-	-	-	N1
8	،	-	-	-	endDelim
9	سینما	-	-	-	N1
10	،	-	-	-	endDelim
11	تآتر	-	-	-	N1
12	،	-	-	-	endDelim
13	انیمیشن‌ها	-	-	-	N1
14	و	-	-	-	conjunction
15	برنامه‌های	-	-	-	N1
16	ادبی	-	-	-	A0
17	و	-	-	-	conjunction
18	هنری	-	-	-	A0
19	که	-	-	-	C0
20	ترتیب	-	-	-	N1
21	می‌دهند	-	-	-	V1
22	،	-	-	-	endDelim

0	تا	-	-	-	Pr
1	آنجا	-	-	-	Ad
2	به	-	-	-	Pr
3	تخیلات	-	-	-	N1
4	اجازه‌ی	-	-	-	N1
5	فعالیت	-	-	-	N1
6	دهند	-	-	-	V1

0	که	-	-	-	C0
1	از	-	-	-	Pr
2	مرز	-	-	-	N1
3	مجاز	-	-	-	N1
4	تجاوز	-	-	-	N1
5	و	-	-	-	conjunction
6	تخطی	-	-	-	N1
7	نکنند	-	-	-	V1
8	.	-	-	-	endDelim

0	ازبدآموزی	-	-	-	undefined
1	،	-	-	-	endDelim
2	به	-	-	-	Pr
3	غلط	-	-	-	A0
4	افتادن‌های	-	-	-	V2

0	افکار	-	-	-	mokassar
1	،	-	-	-	endDelim
2	اذهان	-	-	-	mokassar
3	،	-	-	-	endDelim
4	باورها	-	-	-	N1
5	و	-	-	-	conjunction
6	از	-	-	-	Pr
7	افراط‌وتفریط	-	-	-	N1
8	در	-	-	-	Pr
9	هر	-	-	-	A1
10	زمینه	-	-	-	N1
11	و	-	-	-	conjunction
12	پدیده‌ی	-	-	-	N1
13	هنری	-	-	-	A0
14	پرهیز	-	-	-	V1

0	شود	-	-	-	V1
1	.	-	-	-	endDelim

0	در	-	-	-	Pr
1	رمان‌ها	-	-	-	N1
2	،	-	-	-	endDelim
3	داستان‌ها	-	-	-	N1
4	و	-	-	-	conjunction
5	افسانه‌هایی	-	-	-	N1
6	که	-	-	-	C0
7	بضرورت	-	-	-	N1
8	ساخته	-	-	-	A0
9	یا	-	-	-	C0
10	مقالاتی	-	-	-	N1
11	که	-	-	-	C0
12	نوشته می‌شوند	-	-	-	V2
13	،	-	-	-	endDelim

0	چشم	-	-	-	N1
1	عقل	-	-	-	N1
2	و	-	-	-	conjunction
3	مقررات	-	-	-	N1
4	علمی	-	-	-	A0
5	و	-	-	-	conjunction
6	منطقی	-	-	-	A0
7	را	-	-	-	Po
8	بر	-	-	-	Pr
9	جوانب	-	-	-	mokassar
10	هنری	-	-	-	A0
11	آن	-	-	-	A1
12	آثار	-	-	-	mokassar
13	،	-	-	-	endDelim
14	بیدار	-	-	-	A0
15	و	-	-	-	conjunction
16	هوشیار	-	-	-	A0
17	بدارند	-	-	-	V1

0	زندگی	-	-	-	N1
1	امروز	-	-	-	N1
2	با	-	-	-	Pr
3	حضور	-	-	-	N1
4	علوم	-	-	-	mokassar
5	جدید	-	-	-	A0
6	و	-	-	-	conjunction
7	دستاوردهای	-	-	-	N1
8	علمی	-	-	-	A0
9	و	-	-	-	conjunction
10	تکنیکی	-	-	-	A0
11	جاری	-	-	-	A0
12	،	-	-	-	endDelim
13	ورود	-	-	-	N1
14	تخیل	-	-	-	N1
15	و	-	-	-	conjunction
16	توهمات	-	-	-	N1
17	پوچ	-	-	-	A0
18	را	-	-	-	Po
19	به	-	-	-	Pr
20	حیطه‌ی	-	-	-	N1
21	حیات	-	-	-	N1
22	انسان	-	-	-	N1
23	،	-	-	-	endDelim
24	جایز	-	-	-	A0
25	نمی‌شمرد	-	-	-	V2
26	.	-	-	-	endDelim

0	درست	-	-	-	A0
1	است	-	-	-	V3

0	که	-	-	-	C0
1	اوهام	-	-	-	mokassar
2	و	-	-	-	conjunction
3	خرافات	-	-	-	N1
4	ناشی	-	-	-	A0
5	از	-	-	-	Pr
6	تخیلات	-	-	-	N1
7	واهی	-	-	-	A0
8	در	-	-	-	Pr
9	زوایای	-	-	-	mokassar
10	زندگی	-	-	-	N1
11	آدمی	-	-	-	N1
12	راه	-	-	-	N1
13	یافته‌اند	-	-	-	A0
14	و	-	-	-	conjunction
15	هستند	-	-	-	V3

0	و	-	-	-	conjunction
1	«	-	-	-	startDelim
2	هرکه	-	-	-	undefined
3	آمد	-	-	-	V2

0	بر	-	-	-	Pr
1	آن	-	-	-	A1
2	مزیدی	-	-	-	A0
3	کرد	-	-	-	V2

0	تابه	-	-	-	N1
1	این	-	-	-	A1
2	غایت	-	-	-	N1
3	رسید	-	-	-	V2
4	»	-	-	-	endDelim

0	اما	-	-	-	C0
1	نباید	-	-	-	V4

0	باشند	-	-	-	V1
1	.	-	-	-	endDelim

0	اما	-	-	-	C0
1	حضورشان	-	-	-	N1
2	در	-	-	-	Pr
3	زندگی	-	-	-	N1
4	مردم	-	-	-	N1
5	جهان	-	-	-	N1
6	مجاز	-	-	-	N1
7	نیست	-	-	-	N1
8	.	-	-	-	endDelim
9	این	-	-	-	A1
10	فتوای	-	-	-	N1
11	عقل	-	-	-	N1
12	،	-	-	-	endDelim
13	علم	-	-	-	N1
14	و	-	-	-	conjunction
15	منطق	-	-	-	N1
16	است	-	-	-	V3
17	.	-	-	-	endDelim

0	در	-	-	-	Pr
1	زمانیکه	-	-	-	A0
2	تلسکوپ‌های	-	-	-	N1
3	نیرومند	-	-	-	A0
4	،	-	-	-	endDelim
5	کره‌ی	-	-	-	N1
6	زمین	-	-	-	N1
7	را	-	-	-	Po
8	در	-	-	-	Pr
9	فاصله‌ی	-	-	-	N1
10	شش	-	-	-	Nu
11	میلیارد	-	-	-	Nu
12	کیلومتری	-	-	-	A0
13	بصورت	-	-	-	N1
14	نقطه‌ای	-	-	-	A0
15	آبی‌رنگ	-	-	-	A0
16	،	-	-	-	endDelim
17	معلق	-	-	-	A0
18	در	-	-	-	Pr
19	فضای	-	-	-	N1
20	لایتناها	-	-	-	undefined
21	نشان	-	-	-	V1

0	می‌دهند	-	-	-	V1

0	و	-	-	-	conjunction
1	هرکس	-	-	-	undefined
2	می‌تواند	-	-	-	V4

0	-	-	-	-	betwDelim
1	بیاری	-	-	-	N1
2	اینترنت	-	-	-	N1
3	-	-	-	-	betwDelim
4	بشرح	-	-	-	N1
5	ویدئوئی	-	-	-	A0
6	خدمات	-	-	-	N1
7	دانشمندان	-	-	-	N1
8	در	-	-	-	Pr
9	این	-	-	-	A1
10	زمینه‌ی	-	-	-	N1
11	علمی	-	-	-	A0
12	بنگرد	-	-	-	V1

0	و	-	-	-	conjunction
1	گوش	-	-	-	N1
2	دهد	-	-	-	V1
3	،	-	-	-	endDelim

0	دیگر	-	-	-	Ad
1	نمی‌توان	-	-	-	V4

0	پذیرفت	-	-	-	V2

0	که	-	-	-	C0
1	انسان‌های	-	-	-	N1
2	متوهم	-	-	-	A0
3	در	-	-	-	Pr
4	توهمات	-	-	-	N1
5	خود	-	-	-	N8
6	،	-	-	-	endDelim
7	صادقند	-	-	-	A0
8	در	-	-	-	Pr
9	شبی	-	-	-	Ad
10	طولانی	-	-	-	A0
11	و	-	-	-	conjunction
12	بدون	-	-	-	Pr
13	مهتاب	-	-	-	N1
14	،	-	-	-	endDelim
15	شاعر	-	-	-	N1
16	از	-	-	-	Pr
17	خواب	-	-	-	V1

0	برمی‌خیزد	-	-	-	V1

0	و	-	-	-	conjunction
1	دل‌آزرده	-	-	-	A0
2	از	-	-	-	Pr
3	این	-	-	-	A1
4	شب	-	-	-	N1
5	تیره	-	-	-	A0
6	و	-	-	-	conjunction
7	دلگیر	-	-	-	A0
8	،	-	-	-	endDelim
9	یارش	-	-	-	N1
10	را	-	-	-	Po
11	بیدار	-	-	-	A0
12	می‌کند	-	-	-	V1
13	.	-	-	-	endDelim

0	او	-	-	-	N5
1	چون	-	-	-	C0
2	بی‌خواب	-	-	-	A0
3	شده است	-	-	-	V3

0	از	-	-	-	Pr
1	دلبرش	-	-	-	N1
2	می‌خواهد	-	-	-	V1

0	که	-	-	-	C0
1	برایش	-	-	-	Pr
2	بزمی	-	-	-	A0
3	بیاراید	-	-	-	undefined
4	و	-	-	-	conjunction
5	چنگ	-	-	-	A0
6	بنوازد	-	-	-	V1

0	پس‌از	-	-	-	Pr1
1	کامجویی	-	-	-	N1
2	از	-	-	-	Pr
3	آن	-	-	-	A1
4	بزم	-	-	-	N1
5	،	-	-	-	endDelim
6	شاعر	-	-	-	N1
7	از	-	-	-	Pr
8	یارش	-	-	-	N1
9	می‌خواهد	-	-	-	V1

0	که	-	-	-	C0
1	از	-	-	-	Pr
2	دفتر	-	-	-	N1
3	پهلوی	-	-	-	N1
4	(	-	-	-	startDelim
5	تاریخ	-	-	-	N1
6	شاهان	-	-	-	N1
7	باستان	-	-	-	A0
8	ایران‌زمین	-	-	-	N1
9	)	-	-	-	endDelim
10	داستانی	-	-	-	A0
11	را	-	-	-	Po
12	بخواند	-	-	-	V2

0	تا	-	-	-	Pr
1	او	-	-	-	N5
2	به	-	-	-	Pr
3	شعر	-	-	-	N1
4	آورد	-	-	-	V2
5	.	-	-	-	endDelim

0	داستان	-	-	-	N1
1	از	-	-	-	Pr
2	بزمی	-	-	-	A0
3	در	-	-	-	Pr
4	حضور	-	-	-	N1
5	کیخسرو	-	-	-	N3
6	شروع	-	-	-	N1
7	می‌شود	-	-	-	V1
8	.	-	-	-	endDelim

0	ناگهان	-	-	-	Ad
1	خبر	-	-	-	N1
2	می‌آورند	-	-	-	V1

0	ارمنیان	-	-	-	A0
1	که	-	-	-	C0
2	در	-	-	-	Pr
3	مرز	-	-	-	N1
4	ایران	-	-	-	N2
5	و	-	-	-	conjunction
6	توران	-	-	-	N3
7	زندگی	-	-	-	N1
8	می‌کنند	-	-	-	V1

0	به	-	-	-	Pr
1	دادخواهی	-	-	-	N1
2	آمده‌اند	-	-	-	V2
3	.	-	-	-	endDelim

0	آنان	-	-	-	N5
1	زاری‌کنان	-	-	-	undefined
2	می‌گویند	-	-	-	V1

0	که	-	-	-	C0
1	گل‌ه‌ای	-	-	-	N1
2	از	-	-	-	Pr
3	گرازان	-	-	-	N1
4	به	-	-	-	Pr
5	بیشه‌ای	-	-	-	N1
6	که	-	-	-	C0
7	کشتزار	-	-	-	N1
8	و	-	-	-	conjunction
9	باغ‌هایشان	-	-	-	N1
10	آنجاست	-	-	-	Ad
11	،	-	-	-	endDelim
12	حمله	-	-	-	N1
13	کرده‌اند	-	-	-	V2

0	و	-	-	-	conjunction
1	محصولات	-	-	-	N1
2	و	-	-	-	conjunction
3	دام‌های	-	-	-	N1
4	آنان	-	-	-	N5
5	را	-	-	-	Po
6	نابود	-	-	-	A0
7	می‌کنند	-	-	-	V1
8	.	-	-	-	endDelim

0	کیخسرو	-	-	-	N3
1	دستور	-	-	-	N1
2	می‌دهد	-	-	-	V1

0	ظرف	-	-	-	N1
1	زرین	-	-	-	A0
2	بزرگی	-	-	-	N1
3	را	-	-	-	Po
4	در	-	-	-	Pr
5	میان	-	-	-	N1
6	مجلس	-	-	-	N1
7	قرار	-	-	-	N1
8	داده	-	-	-	N1
9	و	-	-	-	conjunction
10	آن	-	-	-	A1
11	را	-	-	-	Po
12	لبریز	-	-	-	A0
13	از	-	-	-	Pr
14	گوهرهای	-	-	-	N1
15	گرانبها	-	-	-	A0
16	کنند	-	-	-	V1

0	و	-	-	-	conjunction
1	می‌گوید	-	-	-	V1
2	:	-	-	-	endDelim

0	«	-	-	-	startDelim
1	کدام	-	-	-	NA
2	دلاوری	-	-	-	N1
3	داوطلب	-	-	-	N1
4	از	-	-	-	Pr
5	بین	-	-	-	V1

0	بردن	-	-	-	V2

0	گرازهاست	-	-	-	N1
1	تا	-	-	-	Pr
2	این	-	-	-	A1
3	گنج	-	-	-	V1

0	را	-	-	-	Po
1	پاداش	-	-	-	N1
2	بگیرد	-	-	-	V1
3	»	-	-	-	endDelim

0	کسی	-	-	-	A2
1	پاسخ	-	-	-	N1
2	نمی‌دهد	-	-	-	V1

0	تا	-	-	-	Pr
1	اینکه	-	-	-	Ad
2	بیژن	-	-	-	N3
3	(	-	-	-	startDelim
4	فرزند	-	-	-	N1
5	گیو	-	-	-	undefined
6	و	-	-	-	conjunction
7	نوه‌ی	-	-	-	N1
8	دختری	-	-	-	A0
9	رستم	-	-	-	N3
10	)	-	-	-	endDelim
11	پیشقدم	-	-	-	N1
12	می‌شود	-	-	-	V1
13	،	-	-	-	endDelim

0	اما	-	-	-	C0
1	پدرش	-	-	-	N1
2	او	-	-	-	N5
3	را	-	-	-	Po
4	بر	-	-	-	Pr
5	این	-	-	-	A1
6	جسارت	-	-	-	N1
7	ملامت	-	-	-	N1
8	می‌کند	-	-	-	V1

0	که	-	-	-	C0
1	:	-	-	-	endDelim
2	«	-	-	-	startDelim
3	بی‌تجربه	-	-	-	A0
4	هستی	-	-	-	N1
5	و	-	-	-	conjunction
6	توانایی	-	-	-	N1
7	این	-	-	-	A1
8	کار	-	-	-	N1
9	را	-	-	-	Po
10	نداری	-	-	-	N1
11	»	-	-	-	endDelim
12	بیژن	-	-	-	N3
13	که	-	-	-	C0
14	جوانی	-	-	-	N1
15	جویای	-	-	-	A0
16	نام	-	-	-	N1
17	است	-	-	-	V3
18	،	-	-	-	endDelim

0	بر	-	-	-	Pr
1	ادعایش	-	-	-	N1
2	اصرار	-	-	-	N1
3	می‌ورزد	-	-	-	V1
4	.	-	-	-	endDelim

0	شاه	-	-	-	N1
1	این	-	-	-	A1
2	مأموریت	-	-	-	N1
3	را	-	-	-	Po
4	برعهده‌ی	-	-	-	N1
5	بیژن	-	-	-	N3
6	می‌گذارد	-	-	-	V2

0	و	-	-	-	conjunction
1	گرگین	-	-	-	N3
2	که	-	-	-	C0
3	سرداری	-	-	-	N1
4	باتجربه	-	-	-	A0
5	است	-	-	-	V3

0	را	-	-	-	Po
1	برای	-	-	-	Pr
2	راهنمایی‌اش	-	-	-	N1
3	در	-	-	-	Pr
4	این	-	-	-	A1
5	سفر	-	-	-	N1
6	،	-	-	-	endDelim
7	با	-	-	-	Pr
8	او	-	-	-	N5
9	همراه	-	-	-	A0
10	می‌کند	-	-	-	V1

0	پیران	-	-	-	N3
1	که	-	-	-	C0
2	روی	-	-	-	Pr1
3	کودک	-	-	-	N1
4	را	-	-	-	Po
5	دید	-	-	-	V2

0	به	-	-	-	Pr
1	یاد	-	-	-	N1
2	سیاوش	-	-	-	N3
3	افتاد	-	-	-	V2

0	و	-	-	-	conjunction
1	گریه	-	-	-	N1
2	کرد	-	-	-	V2

0	زیرا	-	-	-	C0
1	کودک	-	-	-	N1
2	چنان	-	-	-	A0
3	بود	-	-	-	V2

0	که	-	-	-	C0
1	گویی	-	-	-	Ad
2	سیاوش	-	-	-	N3
3	بار	-	-	-	V1

0	دیگر	-	-	-	Ad
1	به	-	-	-	Pr
2	دنیا	-	-	-	N1
3	آمده است	-	-	-	V2

0	پیران	-	-	-	N3
1	کودک	-	-	-	N1
2	را	-	-	-	Po
3	نزد	-	-	-	Pr1
4	افراسیاب	-	-	-	N3
5	برد	-	-	-	V2

0	و	-	-	-	conjunction
1	او	-	-	-	N5
2	را	-	-	-	Po
3	ستایش	-	-	-	N1
4	کرد	-	-	-	V2

0	و	-	-	-	conjunction
1	سپس	-	-	-	Ad
2	خبر	-	-	-	N1
3	تولد	-	-	-	N1
4	فرزند	-	-	-	N1
5	فرنگیس	-	-	-	N3
6	(	-	-	-	startDelim
7	نوه	-	-	-	N1
8	افراسیاب	-	-	-	N3
9	)	-	-	-	endDelim
10	را	-	-	-	Po
11	به	-	-	-	Pr
12	او	-	-	-	N5
13	داد	-	-	-	V2

0	و	-	-	-	conjunction
1	گفت	-	-	-	V2

0	«	-	-	-	startDelim
1	این	-	-	-	A1
2	کودک	-	-	-	N1
3	از	-	-	-	Pr
4	خوبی	-	-	-	N1
5	به	-	-	-	Pr
6	تو	-	-	-	N5
7	مانند	-	-	-	N1
8	است	-	-	-	V3
9	،	-	-	-	endDelim

0	از	-	-	-	Pr
1	پهلوانی	-	-	-	A0
2	به	-	-	-	Pr
3	فریدون	-	-	-	N3
4	و	-	-	-	conjunction
5	زیبایی‌اش	-	-	-	N1
6	تور	-	-	-	N1
7	(	-	-	-	startDelim
8	نیاکان	-	-	-	N1
9	افراسیاب	-	-	-	N3
10	)	-	-	-	endDelim
11	را	-	-	-	Po
12	به	-	-	-	Pr
13	یاد	-	-	-	N1
14	می‌آورد	-	-	-	V2
15	.	-	-	-	endDelim

0	نظر	-	-	-	N1
1	من	-	-	-	N5
2	این	-	-	-	A1
3	است	-	-	-	V3

0	که	-	-	-	C0
1	گذشته	-	-	-	A0
2	را	-	-	-	Po
3	فراموش	-	-	-	N1
4	کنی	-	-	-	V1

0	و	-	-	-	conjunction
1	مهر	-	-	-	N1
2	کودک	-	-	-	N1
3	را	-	-	-	Po
4	در	-	-	-	Pr
5	دل	-	-	-	N1
6	پرورش	-	-	-	N1
7	دهی	-	-	-	V1

0	او	-	-	-	N5
1	را	-	-	-	Po
2	به	-	-	-	Pr
3	چوپانان	-	-	-	N1
4	بسپری	-	-	-	A0
5	تا	-	-	-	Pr
6	دور	-	-	-	A0
7	از	-	-	-	Pr
8	دربار	-	-	-	N1
9	و	-	-	-	conjunction
10	بدون	-	-	-	Pr
11	آگاهی	-	-	-	N1
12	از	-	-	-	Pr
13	اصل	-	-	-	A0
14	و	-	-	-	conjunction
15	نژاد	-	-	-	N1
16	خود	-	-	-	N8
17	بزرگ	-	-	-	A0
18	شود	-	-	-	V1
19	.	-	-	-	endDelim

0	»	-	-	-	endDelim
1	گردآفرید	-	-	-	undefined
2	نخستین	-	-	-	A0
3	شیرزن	-	-	-	N1
4	حماسه	-	-	-	N1
5	ملی	-	-	-	A0
6	ایران	-	-	-	N2
7	است	-	-	-	V3

0	گردآفرید	-	-	-	undefined
1	دلربا	-	-	-	A0
2	و	-	-	-	conjunction
3	چالاک	-	-	-	A0
4	بااینکه	-	-	-	Ad
5	در	-	-	-	Pr
6	شاهنامه	-	-	-	N1
7	حضوری	-	-	-	A0
8	کوتاه	-	-	-	A0
9	دارد	-	-	-	V1

0	و	-	-	-	conjunction
1	شکست	-	-	-	V2

0	هم	-	-	-	Ad
1	می‌خورد	-	-	-	V2

0	بسیار	-	-	-	A0
1	برجسته	-	-	-	A0
2	است	-	-	-	V3

0	و	-	-	-	conjunction
1	یکی	-	-	-	A2
2	از	-	-	-	Pr
3	گیراترین	-	-	-	A0
4	زنان	-	-	-	N1
5	شاهنامه	-	-	-	N1
6	وی	-	-	-	N5
7	را	-	-	-	Po
8	می‌توان	-	-	-	V4

0	مانند	-	-	-	N1
1	فرانک	-	-	-	N1
2	ارنواز	-	-	-	undefined
3	و	-	-	-	conjunction
4	شهرناز	-	-	-	undefined
5	،	-	-	-	endDelim
6	نمونه	-	-	-	A0
7	زن	-	-	-	V1

0	اصیل	-	-	-	A0
1	ایرانی	-	-	-	A0
2	دانست	-	-	-	V2
3	.	-	-	-	endDelim

0	او	-	-	-	N5
1	در	-	-	-	Pr
2	جنگاوری	-	-	-	N1
3	بی‌همتاست	-	-	-	A0
4	در	-	-	-	Pr
5	رهسپاری	-	-	-	N1
6	سهراب	-	-	-	N3
7	از	-	-	-	Pr
8	توران	-	-	-	N3
9	به	-	-	-	Pr
10	ایران	-	-	-	N2
11	،	-	-	-	endDelim
12	هنگامی‌که	-	-	-	C1
13	وی	-	-	-	N5
14	در	-	-	-	Pr
15	جستجوی	-	-	-	N1
16	پدرش	-	-	-	N1
17	رستم	-	-	-	N3
18	است	-	-	-	V3
19	،	-	-	-	endDelim

0	با	-	-	-	Pr
1	او	-	-	-	N5
2	آشنا	-	-	-	A0
3	می‌شویم	-	-	-	V1
4	.	-	-	-	endDelim

0	در	-	-	-	Pr
1	مرز	-	-	-	N1
2	توران	-	-	-	N3
3	و	-	-	-	conjunction
4	ایران	-	-	-	N2
5	،	-	-	-	endDelim
6	دژی	-	-	-	N1
7	به	-	-	-	Pr
8	نام	-	-	-	N1
9	سپیددژ	-	-	-	undefined
10	هست	-	-	-	V3
11	.	-	-	-	endDelim

0	گژدهم	-	-	-	undefined
1	که	-	-	-	C0
2	یک	-	-	-	Nu
3	ایرانی	-	-	-	A0
4	سالخورده	-	-	-	A0
5	است	-	-	-	V3

0	بر	-	-	-	Pr
1	آن	-	-	-	A1
2	فرمان	-	-	-	N1
3	می‌راند	-	-	-	V2

0	و	-	-	-	conjunction
1	همواره	-	-	-	Ad
2	دربرابر	-	-	-	Pr1
3	دشمن	-	-	-	A0
4	پایداری	-	-	-	N1
5	سرسختانه‌ای	-	-	-	A0
6	می‌ورزد	-	-	-	V1

0	و	-	-	-	conjunction
1	با	-	-	-	Pr
2	این	-	-	-	A1
3	کار	-	-	-	N1
4	دل	-	-	-	N1
5	همه	-	-	-	N1
6	ایرانیان	-	-	-	N1
7	را	-	-	-	Po
8	به	-	-	-	Pr
9	آن	-	-	-	A1
10	دژ	-	-	-	N1
11	امیدوار	-	-	-	A0
12	می‌سازد	-	-	-	V1
13	.	-	-	-	endDelim

0	گژدهم	-	-	-	undefined
1	پیر	-	-	-	A0
2	،	-	-	-	endDelim
3	پسری	-	-	-	A0
4	خرد	-	-	-	N1
5	به	-	-	-	Pr
6	نام	-	-	-	N1
7	گستهم	-	-	-	undefined
8	دارد	-	-	-	V1
9	،	-	-	-	endDelim

0	و	-	-	-	conjunction
1	دختری	-	-	-	A0
2	به	-	-	-	Pr
3	نام	-	-	-	N1
4	گردآفرید	-	-	-	undefined
5	.	-	-	-	endDelim
6	سهراب	-	-	-	N3
7	ناچار	-	-	-	A0
8	است	-	-	-	V3

0	پیش‌از	-	-	-	Pr1
1	درآمدن	-	-	-	V2

0	به	-	-	-	Pr
1	خاک	-	-	-	N1
2	ایران	-	-	-	N2
3	از	-	-	-	Pr
4	این	-	-	-	A1
5	دژ	-	-	-	N1
6	بگذرد	-	-	-	V1
7	.	-	-	-	endDelim

0	در	-	-	-	Pr
1	نبرد	-	-	-	N1
2	میان	-	-	-	N1
3	سهراب	-	-	-	N3
4	و	-	-	-	conjunction
5	هژیر	-	-	-	N3
6	،	-	-	-	endDelim
7	فرمانده	-	-	-	N1
8	دژ	-	-	-	N1
9	،	-	-	-	endDelim
10	سهراب	-	-	-	N3
11	بر	-	-	-	Pr
12	او	-	-	-	N5
13	پیروز	-	-	-	A0
14	می‌گردد	-	-	-	V1
15	.	-	-	-	endDelim

0	سهراب	-	-	-	N3
1	،	-	-	-	endDelim
2	نخست	-	-	-	A0
3	می‌خواهد	-	-	-	V1

0	او	-	-	-	N5
1	را	-	-	-	Po
2	بکشد	-	-	-	V1
3	،	-	-	-	endDelim

0	اما	-	-	-	C0
1	سپس	-	-	-	Ad
2	او	-	-	-	N5
3	را	-	-	-	Po
4	اسیر	-	-	-	A0
5	کرده	-	-	-	V2

0	راهی	-	-	-	A0
1	سپاه	-	-	-	N1
2	خود	-	-	-	N8
3	می‌کند	-	-	-	V1
4	.	-	-	-	endDelim

0	آگاهی	-	-	-	N1
1	از	-	-	-	Pr
2	این	-	-	-	A1
3	رویداد	-	-	-	N1
4	،	-	-	-	endDelim
5	دژنشینان	-	-	-	N1
6	را	-	-	-	Po
7	سراسیمه	-	-	-	A0
8	می‌سازد	-	-	-	V1
9	،	-	-	-	endDelim

0	اما	-	-	-	C0
1	گردآفرید	-	-	-	undefined
2	چنان	-	-	-	A0
3	این	-	-	-	A1
4	را	-	-	-	Po
5	مایه	-	-	-	N1
6	ننگ	-	-	-	N1
7	می‌داند	-	-	-	V1

0	که	-	-	-	C0
1	بر	-	-	-	Pr
2	آن	-	-	-	A1
3	می‌شود	-	-	-	V1

0	خود	-	-	-	N8
1	به	-	-	-	Pr
2	نبرد	-	-	-	N1
3	او	-	-	-	N5
4	رود	-	-	-	N1
5	.	-	-	-	endDelim
6	سهراب	-	-	-	N3
7	درپی	-	-	-	Pr1
8	چالش	-	-	-	N1
9	آن	-	-	-	A1
10	شیرزن	-	-	-	N1
11	به	-	-	-	Pr
12	رزمگاه	-	-	-	N1
13	درمی‌آید	-	-	-	V1

0	و	-	-	-	conjunction
1	آن	-	-	-	A1
2	دوبه	-	-	-	N1
3	پرخاش	-	-	-	N1
4	و	-	-	-	conjunction
5	نبرد	-	-	-	N1
6	درمی‌آیند	-	-	-	V1
7	.	-	-	-	endDelim

0	سهراب	-	-	-	N3
1	دربرابر	-	-	-	Pr1
2	باران	-	-	-	V1

0	تیر	-	-	-	N1
1	گردآفرید	-	-	-	undefined
2	،	-	-	-	endDelim
3	ناچار	-	-	-	A0
4	سپرش	-	-	-	V1

0	را	-	-	-	Po
1	به	-	-	-	Pr
2	کار	-	-	-	N1
3	درمی‌آورد	-	-	-	V2

0	وی	-	-	-	N5
1	جنگ‌کنان	-	-	-	undefined
2	نزدیک	-	-	-	A0
3	گردآفرید	-	-	-	undefined
4	می‌شود	-	-	-	V1

0	و	-	-	-	conjunction
1	نیزه	-	-	-	N1
2	او	-	-	-	N5
3	را	-	-	-	Po
4	می‌گیرد	-	-	-	V1
5	.	-	-	-	endDelim

0	با	-	-	-	Pr
1	نیزه	-	-	-	N1
2	جامه	-	-	-	N1
3	جنگی	-	-	-	A0
4	او	-	-	-	N5
5	را	-	-	-	Po
6	می‌درد	-	-	-	V1
7	،	-	-	-	endDelim

0	گردآفرید	-	-	-	undefined
1	شمشیر	-	-	-	N1
2	می‌کشد	-	-	-	V1

0	و	-	-	-	conjunction
1	با	-	-	-	Pr
2	فرود	-	-	-	V2

0	آوردن	-	-	-	V2

0	آن	-	-	-	A1
1	نیزه	-	-	-	N1
2	سهراب	-	-	-	N3
3	را	-	-	-	Po
4	می‌شکند	-	-	-	V1
5	.	-	-	-	endDelim

0	سرانجام	-	-	-	N1
1	می‌بیند	-	-	-	V1

0	که	-	-	-	C0
1	توان	-	-	-	V4

0	رویارویی	-	-	-	N1
1	با	-	-	-	Pr
2	سهراب	-	-	-	N3
3	را	-	-	-	Po
4	ندارد	-	-	-	V1

0	و	-	-	-	conjunction
1	می‌کوشد	-	-	-	V1

0	سوی	-	-	-	N1
1	دژ	-	-	-	N1
2	بگریزد	-	-	-	V1
3	.	-	-	-	endDelim

0	اما	-	-	-	C0
1	سهراب	-	-	-	N3
2	به	-	-	-	Pr
3	او	-	-	-	N5
4	می‌رسد	-	-	-	V1

0	و	-	-	-	conjunction
1	کلاه‌خودش	-	-	-	N1
2	را	-	-	-	Po
3	برمی‌گیرد	-	-	-	V1
4	.	-	-	-	endDelim

0	تازه	-	-	-	A0
1	می‌بیند	-	-	-	V1

0	که	-	-	-	C0
1	آن	-	-	-	A1
2	پیکارگر	-	-	-	A0
3	نه	-	-	-	Nu
4	مرد	-	-	-	N1
5	،	-	-	-	endDelim
6	بلکه	-	-	-	Ad
7	دختری	-	-	-	A0
8	زیباروی	-	-	-	A0
9	است	-	-	-	V3

0	گردآفرید	-	-	-	undefined
1	به	-	-	-	Pr
2	نیرنگ	-	-	-	N1
3	دست	-	-	-	N1
4	می‌یازد	-	-	-	V1

0	و	-	-	-	conjunction
1	به	-	-	-	Pr
2	سهراب	-	-	-	N3
3	می‌گوید	-	-	-	V1

0	که	-	-	-	C0
1	خوب	-	-	-	A0
2	نیست	-	-	-	N1
3	رزمندگان	-	-	-	A0
4	ببینند	-	-	-	V1

0	که	-	-	-	C0
1	وی	-	-	-	N5
2	در	-	-	-	Pr
3	نبرد	-	-	-	N1
4	با	-	-	-	Pr
5	یک	-	-	-	Nu
6	دختر	-	-	-	N1
7	به	-	-	-	Pr
8	چنین	-	-	-	A2
9	کوشش	-	-	-	N1
10	و	-	-	-	conjunction
11	رنجی	-	-	-	V1

0	گرفتارآمده	-	-	-	A0
1	و	-	-	-	conjunction
2	به	-	-	-	Pr
3	او	-	-	-	N5
4	پیشنهاد	-	-	-	N1
5	می‌کند	-	-	-	V1

0	که	-	-	-	C0
1	همراهش	-	-	-	A0
2	به	-	-	-	Pr
3	درون	-	-	-	N1
4	دژ	-	-	-	N1
5	برود	-	-	-	N1
6	و	-	-	-	conjunction
7	دژ	-	-	-	N1
8	در	-	-	-	Pr
9	چنگ	-	-	-	A0
10	اوست	-	-	-	N5
11	.	-	-	-	endDelim
12	روزی	-	-	-	N1
13	رستم	-	-	-	N3
14	هوای	-	-	-	N1
15	رفتن	-	-	-	V2

0	به	-	-	-	Pr
1	شکار	-	-	-	N1
2	کرد	-	-	-	V2

0	و	-	-	-	conjunction
1	با	-	-	-	Pr
2	رخش	-	-	-	V1

0	به	-	-	-	Pr
1	سوی	-	-	-	N1
2	مرز	-	-	-	N1
3	توران	-	-	-	N3
4	رفت	-	-	-	V2

0	پس	-	-	-	Ad
1	آنجا	-	-	-	Ad
2	را	-	-	-	Po
3	پر	-	-	-	V1

0	از	-	-	-	Pr
1	گورخر	-	-	-	N1
2	دید	-	-	-	V2

0	شاد	-	-	-	A0
1	شد	-	-	-	V3

0	و	-	-	-	conjunction
1	شکاری	-	-	-	A0
2	زد	-	-	-	V2

0	و	-	-	-	conjunction
1	آتش	-	-	-	N1
2	بیفروخت	-	-	-	undefined
3	.	-	-	-	endDelim
4	درختی	-	-	-	A0
5	را	-	-	-	Po
6	کند	-	-	-	A0
7	و	-	-	-	conjunction
8	در	-	-	-	Pr
9	گورخری	-	-	-	N1
10	که	-	-	-	C0
11	شکار	-	-	-	N1
12	کرده بود	-	-	-	V2

0	چون	-	-	-	C0
1	سیخی	-	-	-	A0
2	فروبرد	-	-	-	V2

0	و	-	-	-	conjunction
1	بر	-	-	-	Pr
2	آتش	-	-	-	N1
3	گذاشت	-	-	-	V2
4	.	-	-	-	endDelim

0	پس‌از	-	-	-	Pr1
1	صرف	-	-	-	V1

0	غذا	-	-	-	N1
1	و	-	-	-	conjunction
2	نوشیدن	-	-	-	V2

0	آب	-	-	-	N1
1	خوابید	-	-	-	V2
2	.	-	-	-	endDelim

0	هفت	-	-	-	Nu
1	هشت	-	-	-	Nu
2	تن	-	-	-	V1

0	از	-	-	-	Pr
1	سواران	-	-	-	N1
2	ترک	-	-	-	V1

0	رخش	-	-	-	V1

0	را	-	-	-	Po
1	دیدند	-	-	-	V2

0	و	-	-	-	conjunction
1	او	-	-	-	N5
2	را	-	-	-	Po
3	دنبال	-	-	-	N1
4	کردند	-	-	-	V2
5	.	-	-	-	endDelim

0	رخش	-	-	-	V1

0	دوتا	-	-	-	undefined
1	از	-	-	-	Pr
2	آنها	-	-	-	N5
3	را	-	-	-	Po
4	با	-	-	-	Pr
5	لگد	-	-	-	N1
6	کوبید	-	-	-	V2

0	و	-	-	-	conjunction
1	سر	-	-	-	V1

0	یکی	-	-	-	A2
1	را	-	-	-	Po
2	از	-	-	-	Pr
3	تن	-	-	-	V1

0	جدا	-	-	-	A0
1	کرد	-	-	-	V2
2	.	-	-	-	endDelim

0	پس	-	-	-	Ad
1	آنها	-	-	-	N5
2	با	-	-	-	Pr
3	کمند	-	-	-	N1
4	گردن	-	-	-	N1
5	او	-	-	-	N5
6	را	-	-	-	Po
7	به	-	-	-	Pr
8	بند	-	-	-	V1

0	آوردند	-	-	-	V2

0	و	-	-	-	conjunction
1	به	-	-	-	Pr
2	شهر	-	-	-	N1
3	بردند	-	-	-	V2

0	وقتی	-	-	-	Ad
1	رستم	-	-	-	N3
2	برخاست	-	-	-	V2

0	و	-	-	-	conjunction
1	رخش	-	-	-	V1

0	را	-	-	-	Po
1	ندید	-	-	-	V2

0	غمگین	-	-	-	A0
1	شد	-	-	-	V3

0	و	-	-	-	conjunction
1	پیاده	-	-	-	A0
2	به	-	-	-	Pr
3	سوی	-	-	-	N1
4	سمنگان	-	-	-	N1
5	رفت	-	-	-	V2

0	تا	-	-	-	Pr
1	مگر	-	-	-	Ad
2	نشانی	-	-	-	N1
3	از	-	-	-	Pr
4	او	-	-	-	N5
5	بیابد	-	-	-	undefined
6	وقتی	-	-	-	Ad
7	صبح	-	-	-	N1
8	شد	-	-	-	V3

0	بر	-	-	-	Pr
1	بازوی	-	-	-	N1
2	رستم	-	-	-	N3
3	مهره‌ای	-	-	-	N1
4	قرار	-	-	-	N1
5	داشت	-	-	-	V2

0	که	-	-	-	C0
1	آن	-	-	-	A1
2	مهره	-	-	-	N1
3	را	-	-	-	Po
4	در	-	-	-	Pr
5	همه	-	-	-	N1
6	جهان	-	-	-	N1
7	می‌شناختند	-	-	-	V2
8	.	-	-	-	endDelim

0	آن	-	-	-	A1
1	را	-	-	-	Po
2	به	-	-	-	Pr
3	تهمینه	-	-	-	N3
4	داد	-	-	-	V2

0	و	-	-	-	conjunction
1	گفت	-	-	-	V2

0	اگر	-	-	-	C0
1	دختردار	-	-	-	A0
2	شدی	-	-	-	V3

0	این	-	-	-	A1
1	را	-	-	-	Po
2	به	-	-	-	Pr
3	گیسوی	-	-	-	N1
4	او	-	-	-	N5
5	ببند	-	-	-	V1

0	و	-	-	-	conjunction
1	اگر	-	-	-	C0
2	پسردار	-	-	-	N1
3	شدی	-	-	-	V3

0	آن	-	-	-	A1
1	را	-	-	-	Po
2	به	-	-	-	Pr
3	بازویش	-	-	-	N1
4	ببند	-	-	-	V1

0	و	-	-	-	conjunction
1	سپس	-	-	-	Ad
2	از	-	-	-	Pr
3	او	-	-	-	N5
4	خداحافظی	-	-	-	N1
5	کرد	-	-	-	V2

0	و	-	-	-	conjunction
1	به	-	-	-	Pr
2	سوی	-	-	-	N1
3	شاه	-	-	-	N1
4	سمنگان	-	-	-	N1
5	رفت	-	-	-	V2

0	پس	-	-	-	Ad
1	او	-	-	-	N5
2	مژده	-	-	-	N1
3	داد	-	-	-	V2

0	که	-	-	-	C0
1	رخش	-	-	-	V1

0	را	-	-	-	Po
1	یافته است	-	-	-	V2
2	.	-	-	-	endDelim

0	رستم	-	-	-	N3
1	سوار	-	-	-	N1
2	رخش	-	-	-	V1

0	شد	-	-	-	V3

0	و	-	-	-	conjunction
1	شاد	-	-	-	A0
2	و	-	-	-	conjunction
3	سرحال	-	-	-	A0
4	به	-	-	-	Pr
5	سوی	-	-	-	N1
6	ایران	-	-	-	N2
7	و	-	-	-	conjunction
8	از	-	-	-	Pr
9	آنجا	-	-	-	Ad
10	به	-	-	-	Pr
11	زابلستان	-	-	-	undefined
12	رفت	-	-	-	V2
13	.	-	-	-	endDelim

0	بعداز	-	-	-	Pr1
1	گذشت	-	-	-	V2

0	نه	-	-	-	Nu
1	ماه	-	-	-	N1
2	تهمینه	-	-	-	N3
3	پسری	-	-	-	A0
4	به	-	-	-	Pr
5	دنیا	-	-	-	N1
6	آورد	-	-	-	V2

0	زیبارو	-	-	-	A0
1	چون	-	-	-	C0
2	رستم	-	-	-	N3
3	که	-	-	-	C0
4	نامش	-	-	-	N1
5	را	-	-	-	Po
6	سهراب	-	-	-	N3
7	نهادند	-	-	-	V2
8	.	-	-	-	endDelim

0	وقتی	-	-	-	Ad
1	یک‌ماهه	-	-	-	A0
2	شد	-	-	-	V3

0	مانند	-	-	-	N1
1	کودک	-	-	-	N1
2	یکساله	-	-	-	A0
3	بود	-	-	-	V2

0	و	-	-	-	conjunction
1	در	-	-	-	Pr
2	سه‌سالگی	-	-	-	N1
3	به	-	-	-	Pr
4	میدان	-	-	-	N1
5	قدم	-	-	-	N1
6	نهاد	-	-	-	V2

0	و	-	-	-	conjunction
1	در	-	-	-	Pr
2	پنج‌سالگی	-	-	-	N1
3	چون	-	-	-	C0
4	شیرمردان	-	-	-	N1
5	شده بود	-	-	-	V3

0	و	-	-	-	conjunction
1	در	-	-	-	Pr
2	ده‌سالگی	-	-	-	N1
3	کسی	-	-	-	A2
4	نمی‌توانست	-	-	-	V4

0	با	-	-	-	Pr
1	او	-	-	-	N5
2	نبرد	-	-	-	N1
3	کند	-	-	-	A0
4	.	-	-	-	endDelim
5	روزی	-	-	-	N1
6	نزد	-	-	-	Pr1
7	مادر	-	-	-	N1
8	رفت	-	-	-	V2

0	و	-	-	-	conjunction
1	گفت	-	-	-	V2

0	پدر	-	-	-	N1
1	من	-	-	-	N5
2	کیست	-	-	-	N1
3	؟	-	-	-	endDelim
4	اگر	-	-	-	C0
5	کسی	-	-	-	A2
6	بپرسد	-	-	-	V1

0	چه	-	-	-	NA
1	پاسخ	-	-	-	N1
2	دهم	-	-	-	V1
3	؟	-	-	-	endDelim

0	مادر	-	-	-	N1
1	گفت	-	-	-	V2

0	تو	-	-	-	N5
1	پسر	-	-	-	N1
2	پهلوان	-	-	-	N1
3	پیل‌تن	-	-	-	A0
4	رستم	-	-	-	N3
5	هستی	-	-	-	N1
6	و	-	-	-	conjunction
7	از	-	-	-	Pr
8	نوادگان	-	-	-	N1
9	سام	-	-	-	N3
10	و	-	-	-	conjunction
11	زال	-	-	-	A0
12	می‌باشی	-	-	-	V1
13	.	-	-	-	endDelim

0	نامه‌ای	-	-	-	N1
1	از	-	-	-	Pr
2	رستم	-	-	-	N3
3	به	-	-	-	Pr
4	او	-	-	-	N5
5	نشان	-	-	-	V1

0	داد	-	-	-	V2

0	با	-	-	-	Pr
1	سه	-	-	-	Nu
2	یاقوت	-	-	-	N1
3	رخشان	-	-	-	A0
4	و	-	-	-	conjunction
5	سه	-	-	-	Nu
6	کیسه	-	-	-	N1
7	زر	-	-	-	N1
8	که	-	-	-	C0
9	پدرش	-	-	-	N1
10	زمانیکه	-	-	-	A0
11	او	-	-	-	N5
12	بدنیا	-	-	-	N1
13	آمده بود	-	-	-	V2

0	فرستاده بود	-	-	-	V2
1	.	-	-	-	endDelim

0	تهمینه	-	-	-	N3
1	گفت	-	-	-	V2

0	افراسیاب	-	-	-	N3
1	نباید	-	-	-	V4

0	در	-	-	-	Pr
1	این	-	-	-	A1
2	مورد	-	-	-	N1
3	چیزی	-	-	-	Ad
4	بداند	-	-	-	V1

0	زیرا	-	-	-	C0
1	او	-	-	-	N5
2	دشمن	-	-	-	A0
3	پدرت	-	-	-	N1
4	است	-	-	-	V3

0	و	-	-	-	conjunction
1	اگر	-	-	-	C0
2	هم	-	-	-	Ad
3	پدرت	-	-	-	N1
4	بداند	-	-	-	V1

0	که	-	-	-	C0
1	تو	-	-	-	N5
2	چنین	-	-	-	A2
3	یلی	-	-	-	A0
4	شده‌ای	-	-	-	V3

0	تو	-	-	-	N5
1	را	-	-	-	Po
2	نزد	-	-	-	Pr1
3	خودش	-	-	-	N7
4	می‌برد	-	-	-	V2

0	و	-	-	-	conjunction
1	من	-	-	-	N5
2	از	-	-	-	Pr
3	دوری	-	-	-	N1
4	تو	-	-	-	N5
5	ملول	-	-	-	A0
6	می‌شوم	-	-	-	V1
7	.	-	-	-	endDelim

0	اما	-	-	-	C0
1	سهراب	-	-	-	N3
2	گفت	-	-	-	V2

0	این	-	-	-	A1
1	سخنی	-	-	-	N1
2	نیست	-	-	-	N1
3	که	-	-	-	C0
4	آن	-	-	-	A1
5	را	-	-	-	Po
6	پنهان	-	-	-	A0
7	کنم	-	-	-	V1

0	و	-	-	-	conjunction
1	تو	-	-	-	N5
2	نباید	-	-	-	V4

0	این	-	-	-	A1
1	را	-	-	-	Po
2	پنهان	-	-	-	A0
3	می‌کردی	-	-	-	V2
4	.	-	-	-	endDelim

0	اکنون	-	-	-	Ad
1	من	-	-	-	N5
2	از	-	-	-	Pr
3	ترکان	-	-	-	V1

0	سپاهی	-	-	-	N1
1	آماده	-	-	-	A0
2	می‌کنم	-	-	-	V1

0	و	-	-	-	conjunction
1	به	-	-	-	Pr
2	ایران	-	-	-	N2
3	می‌روم	-	-	-	V1

0	و	-	-	-	conjunction
1	کاووس	-	-	-	N3
2	را	-	-	-	Po
3	از	-	-	-	Pr
4	تخت	-	-	-	N1
5	به	-	-	-	Pr
6	زیر	-	-	-	A0
7	میاورم	-	-	-	undefined
8	و	-	-	-	conjunction
9	طوس	-	-	-	N2
10	و	-	-	-	conjunction
11	گرگین	-	-	-	N3
12	و	-	-	-	conjunction
13	گودرز	-	-	-	N3
14	و	-	-	-	conjunction
15	گیو	-	-	-	undefined
16	و	-	-	-	conjunction
17	گستهم	-	-	-	undefined
18	و	-	-	-	conjunction
19	نوذر	-	-	-	N3
20	و	-	-	-	conjunction
21	بهرام	-	-	-	N3
22	را	-	-	-	Po
23	نابود	-	-	-	A0
24	می‌کنم	-	-	-	V1

0	و	-	-	-	conjunction
1	بعد	-	-	-	A0
2	رستم	-	-	-	N3
3	را	-	-	-	Po
4	به	-	-	-	Pr
5	جای	-	-	-	N1
6	کاووس	-	-	-	N3
7	می‌نشانم	-	-	-	V1

0	سپس	-	-	-	Ad
1	به	-	-	-	Pr
2	توران	-	-	-	N3
3	رفته	-	-	-	V2

0	و	-	-	-	conjunction
1	افراسیاب	-	-	-	N3
2	را	-	-	-	Po
3	به	-	-	-	Pr
4	زیر	-	-	-	A0
5	می‌کشم	-	-	-	V1

0	و	-	-	-	conjunction
1	تو	-	-	-	N5
2	را	-	-	-	Po
3	بانوی	-	-	-	N1
4	شهر	-	-	-	N1
5	ایران	-	-	-	N2
6	می‌کنم	-	-	-	V1
7	.	-	-	-	endDelim

0	سپس	-	-	-	Ad
1	خواست	-	-	-	V2

0	اسبی	-	-	-	A0
1	پیدا	-	-	-	A0
2	کند	-	-	-	A0
3	که	-	-	-	C0
4	تهمینه	-	-	-	N3
5	به	-	-	-	Pr
6	چوپان	-	-	-	N1
7	گفت	-	-	-	V2

0	هرچه	-	-	-	Ad
1	اسب	-	-	-	N1
2	هست	-	-	-	V3

0	بیار	-	-	-	N1
1	تا	-	-	-	Pr
2	او	-	-	-	N5
3	انتخاب	-	-	-	N1
4	کند	-	-	-	A0
5	.	-	-	-	endDelim
6	اما	-	-	-	C0
7	هر	-	-	-	A1
8	اسبی	-	-	-	A0
9	می‌آوردند	-	-	-	V2

0	تاب	-	-	-	V1

0	تحمل	-	-	-	N1
1	دست	-	-	-	N1
2	سهراب	-	-	-	N3
3	را	-	-	-	Po
4	هم	-	-	-	Ad
5	نداشت	-	-	-	V2

0	یکی	-	-	-	A2
1	از	-	-	-	Pr
2	دلیران	-	-	-	A0
3	آمد	-	-	-	V2

0	و	-	-	-	conjunction
1	گفت	-	-	-	V2

0	من	-	-	-	N5
1	کره‌ای	-	-	-	A0
2	از	-	-	-	Pr
3	نژاد	-	-	-	N1
4	رخش	-	-	-	V1

0	دارم	-	-	-	V1
1	.	-	-	-	endDelim

0	سهراب	-	-	-	N3
1	شاد	-	-	-	A0
2	شد	-	-	-	V3

0	و	-	-	-	conjunction
1	آن	-	-	-	A1
2	اسب	-	-	-	N1
3	را	-	-	-	Po
4	آزمایش	-	-	-	N1
5	کرد	-	-	-	V2

0	و	-	-	-	conjunction
1	انتخاب	-	-	-	N1
2	نمود	-	-	-	V2
3	.	-	-	-	endDelim

0	سپس	-	-	-	Ad
1	نزد	-	-	-	Pr1
2	شاه	-	-	-	N1
3	سمنگان	-	-	-	N1
4	رفت	-	-	-	V2

0	و	-	-	-	conjunction
1	از	-	-	-	Pr
2	او	-	-	-	N5
3	کمک	-	-	-	N1
4	خواست	-	-	-	V2

0	و	-	-	-	conjunction
1	او	-	-	-	N5
2	نیز	-	-	-	Ad
3	هرچه	-	-	-	Ad
4	خواست	-	-	-	V2

0	به	-	-	-	Pr
1	او	-	-	-	N5
2	داد	-	-	-	V2

0	و	-	-	-	conjunction
1	مجهز	-	-	-	A0
2	روانه‌اش	-	-	-	A0
3	کرد	-	-	-	V2

0	علی	-	-	-	N3
1	را	-	-	-	Po
2	دیدم	-	-	-	V2

0	که	-	-	-	C0
1	درحال	-	-	-	undefined
2	بازی	-	-	-	N1
3	کردن	-	-	-	V2

0	بود	-	-	-	V2

0	و	-	-	-	conjunction
1	ناگهان	-	-	-	Ad
2	سرش	-	-	-	V1

0	به	-	-	-	Pr
1	میزی	-	-	-	N1
2	که	-	-	-	C0
3	تازه	-	-	-	A0
4	خریده بودند	-	-	-	V2

0	خورد	-	-	-	V2

0	و	-	-	-	conjunction
1	پدرش	-	-	-	N1
2	که	-	-	-	C0
3	تازه	-	-	-	A0
4	از	-	-	-	Pr
5	سرکار	-	-	-	N1
6	آمده بود	-	-	-	V2

0	او	-	-	-	N5
1	را	-	-	-	Po
2	به	-	-	-	Pr
3	بیمارستانی	-	-	-	A0
4	که	-	-	-	C0
5	نزدیک	-	-	-	A0
6	خانه‌ی	-	-	-	N1
7	مادر	-	-	-	N1
8	بزرگش	-	-	-	A0
9	که	-	-	-	C0
10	تازه	-	-	-	A0
11	از	-	-	-	Pr
12	دنیا	-	-	-	N1
13	رفته بود	-	-	-	V2

0	برد	-	-	-	V2
