
0	آن	-	-	-	A1
1	روز	-	-	-	N1
2	مورخ	-	-	-	N1
3	۹۷	-	-	-	number
4	/	-	-	-	betwDelim
5	۷	-	-	-	number
6	/	-	-	-	betwDelim
7	۲۰	-	-	-	number
8	یا	-	-	-	C0
9	به	-	-	-	Pr
10	عبارتی	-	-	-	A0
11	۲۰	-	-	-	number
12	مهر	-	-	-	N1
13	۹۷	-	-	-	number
14	حدود	-	-	-	N1
15	ساعت	-	-	-	N1
16	۹	-	-	-	number
17	:	-	-	-	endDelim
18	۱۵	-	-	-	number
19	در	-	-	-	Pr
20	کلاس	-	-	-	N1
21	مبحثی	-	-	-	N1
22	بیان	-	-	-	N1
23	شد	-	-	-	V3

0	که	-	-	-	C0
1	بیانگر	-	-	-	N1
2	ابهامات	-	-	-	N1
3	بسیاری	-	-	-	A2
4	بود	-	-	-	V2
5	.	-	-	-	endDelim

0	به	-	-	-	Pr
1	طوری	-	-	-	N1
2	که	-	-	-	C0
3	هر	-	-	-	A1
4	نفر	-	-	-	N1
5	پاسخ	-	-	-	N1
6	متفاوتی	-	-	-	A0
7	داشت	-	-	-	V2

0	و	-	-	-	conjunction
1	هرکس	-	-	-	undefined
2	جداگانه	-	-	-	Ad
3	برای	-	-	-	Pr
4	خود	-	-	-	N8
5	دانش‌اندوزی	-	-	-	N1
6	می‌کرد	-	-	-	V2
7	!	-	-	-	endDelim

0	جواب	-	-	-	N1
1	درست	-	-	-	A0
2	۰	-	-	-	number
3	٫	-	-	-	abbrv
4	۸۹	-	-	-	number
5	بودولی	-	-	-	V2

0	هر	-	-	-	A1
1	کس	-	-	-	N1
2	یک	-	-	-	Nu
3	چیزی	-	-	-	Ad
4	برای	-	-	-	Pr
5	گفتن	-	-	-	V2

0	داشت	-	-	-	V2
1	!	-	-	-	endDelim

0	مانند	-	-	-	N1
1	۳	-	-	-	number
2	/	-	-	-	betwDelim
3	۴	-	-	-	number
4	،	-	-	-	endDelim
5	.	-	-	-	endDelim
6	۳۲	-	-	-	number
7	،	-	-	-	endDelim
8	.	-	-	-	endDelim
9	۴	-	-	-	number
10	و	-	-	-	conjunction
11	…	-	-	-	abbrv
12	نزدیک‌ترین	-	-	-	A0
13	جواب	-	-	-	N1
14	را	-	-	-	Po
15	فاطمه‌ی	-	-	-	N3
16	دادهبود	-	-	-	V2
17	،	-	-	-	endDelim

0	۱	-	-	-	number
1	٫	-	-	-	abbrv
2	۱۲	-	-	-	number
3	!	-	-	-	endDelim
4	همهمه	-	-	-	N1
5	درگرفته	-	-	-	A0
6	بودکه	-	-	-	N1
7	در	-	-	-	Pr
8	نه	-	-	-	Nu
9	و	-	-	-	conjunction
10	سی	-	-	-	Nu
11	دقیقه	-	-	-	N1
12	،	-	-	-	endDelim
13	معلم	-	-	-	N4
14	رسید	-	-	-	V2
15	؛	-	-	-	endDelim

0	همان	-	-	-	A1
1	ابتداپرسید	-	-	-	undefined
2	:	-	-	-	endDelim
3	«	-	-	-	startDelim
4	پاسخ	-	-	-	N1
5	۱	-	-	-	number
6	٫	-	-	-	abbrv
7	۱۲	-	-	-	number
8	راچه	-	-	-	undefined
9	کسی	-	-	-	A2
10	بدست‌آورده	-	-	-	A0
11	؟	-	-	-	endDelim
12	اسمی	-	-	-	A0
13	روی	-	-	-	Pr1
14	برگه‌اش	-	-	-	N1
15	نبود	-	-	-	N1
16	!	-	-	-	endDelim
17	»	-	-	-	endDelim
18	همین	-	-	-	A1
19	جابود	-	-	-	undefined
20	که	-	-	-	C0
21	فاطمه‌ی	-	-	-	N3
22	فهمیدحق	-	-	-	undefined
23	با	-	-	-	Pr
24	اوبوده	-	-	-	undefined
25	!	-	-	-	endDelim
26	دیگر	-	-	-	Ad
27	ساعت	-	-	-	N1
28	۱۰	-	-	-	number
29	شده بود	-	-	-	V3
30	.	-	-	-	endDelim

0	همه	-	-	-	N1
1	آرام	-	-	-	V1

0	شدند	-	-	-	V3

0	ودیگر	-	-	-	undefined
1	به	-	-	-	Pr
2	شدت	-	-	-	N1
3	شک	-	-	-	N1
4	هابرطرف	-	-	-	undefined
5	شده	-	-	-	V3

0	بودو	-	-	-	undefined
1	برایشان	-	-	-	Pr
2	بسیار	-	-	-	A0
3	تعجب‌آور	-	-	-	A0
4	بود…	-	-	-	undefined
5	همه	-	-	-	N1
6	باکنجکاوی	-	-	-	Ad
7	به	-	-	-	Pr
8	تخته	-	-	-	N1
9	نگاه	-	-	-	N1
10	می‌کردند	-	-	-	V2

0	و	-	-	-	conjunction
1	مشتاق‌انه	-	-	-	Ad
2	حرکت	-	-	-	N1
3	گچ	-	-	-	N1
4	روی	-	-	-	Pr1
5	آن	-	-	-	A1
6	را	-	-	-	Po
7	دنبال	-	-	-	N1
8	،	-	-	-	endDelim
9	تا	-	-	-	Pr
10	راه‌حل	-	-	-	N1
11	را	-	-	-	Po
12	ببینند	-	-	-	V1

0	که	-	-	-	C0
1	ناگهان	-	-	-	Ad
2	در	-	-	-	Pr
3	ساعت	-	-	-	N1
4	۱۰	-	-	-	number
5	:	-	-	-	endDelim
6	۱۵	-	-	-	number
7	زنگ	-	-	-	N1
8	خورد	-	-	-	V2

0	که	-	-	-	C0
1	همه	-	-	-	N1
2	را	-	-	-	Po
3	به	-	-	-	Pr
4	دلیل	-	-	-	N1
5	این	-	-	-	A1
6	یک	-	-	-	Nu
7	ربع	-	-	-	N1
8	زودتر	-	-	-	A0
9	زنگ	-	-	-	N1
10	خوردن	-	-	-	V2

0	تعجب‌زده	-	-	-	A0
1	کرد	-	-	-	V2
2	!	-	-	-	endDelim

0	معلم	-	-	-	N4
1	به	-	-	-	Pr
2	نماینده	-	-	-	N1
3	گفت	-	-	-	V2

0	ایمیل	-	-	-	N1
1	(	-	-	-	startDelim
2	email	-	-	-	englishWord
3	)	-	-	-	endDelim
4	همه	-	-	-	N1
5	دانش‌آموزان	-	-	-	N1
6	را	-	-	-	Po
7	بگیرد	-	-	-	V1

0	تا	-	-	-	Pr
1	پاسخ	-	-	-	N1
2	را	-	-	-	Po
3	به	-	-	-	Pr
4	آن‌ها	-	-	-	N5
5	میل	-	-	-	N1
6	کند	-	-	-	A0
7	.	-	-	-	endDelim
8	ایمیل‌های	-	-	-	N1
9	جالبی	-	-	-	A0
10	شنیده می‌شد	-	-	-	V2
11	،	-	-	-	endDelim

0	مثل	-	-	-	N1
1	BeFunny	-	-	-	englishWord
2	@	-	-	-	abbrv
3	yahoo	-	-	-	englishWord
4	.	-	-	-	endDelim
5	com	-	-	-	englishWord
6	،	-	-	-	endDelim
7	sara	-	-	-	englishWord
8	_	-	-	-	betwDelim
9	happy	-	-	-	englishWord
10	_	-	-	-	betwDelim
11	girl	-	-	-	englishWord
12	@	-	-	-	abbrv
13	gmail	-	-	-	englishWord
14	.	-	-	-	endDelim
15	com	-	-	-	englishWord
16	یا	-	-	-	C0
17	lonely	-	-	-	englishWord
18	.	-	-	-	endDelim
19	girl	-	-	-	englishWord
20	@	-	-	-	abbrv
21	gamil	-	-	-	englishWord
22	.	-	-	-	endDelim
23	com	-	-	-	englishWord
24	و	-	-	-	conjunction
25	…	-	-	-	abbrv
26	که	-	-	-	C0
27	تاحدودی	-	-	-	Ad
28	ازروی	-	-	-	Pr1
29	این	-	-	-	A1
30	قبیل	-	-	-	N9
31	آدرس	-	-	-	N1
32	ایمیل‌ها	-	-	-	N1
33	می‌توان	-	-	-	V4

0	به	-	-	-	Pr
1	حال	-	-	-	N1
2	درونی	-	-	-	A0
3	صاحب	-	-	-	N1
4	email	-	-	-	englishWord
5	پی	-	-	-	N1
6	برد	-	-	-	V2
7	.	-	-	-	endDelim

0	.	-	-	-	endDelim
1	الگوریتم‌های	-	-	-	undefined
2	مختلفی	-	-	-	A0
3	وجود	-	-	-	N1
4	دارد	-	-	-	V1

0	برای	-	-	-	Pr
1	کلاس‌بندی	-	-	-	N1
2	کردن	-	-	-	V2

0	داده‌ها	-	-	-	N1
1	(	-	-	-	startDelim
2	data	-	-	-	englishWord
3	)	-	-	-	endDelim
4	؛	-	-	-	endDelim
5	مانند	-	-	-	N1
6	کی	-	-	-	NA
7	.	-	-	-	endDelim
8	ان	-	-	-	Ab
9	.	-	-	-	endDelim
10	ان	-	-	-	Ab
11	،	-	-	-	endDelim
12	اس	-	-	-	Ab
13	.	-	-	-	endDelim
14	وی	-	-	-	N5
15	.	-	-	-	endDelim
16	ام	-	-	-	abbrv
17	،	-	-	-	endDelim
18	سی	-	-	-	abbrv
19	.	-	-	-	endDelim
20	ان	-	-	-	Ab
21	.	-	-	-	endDelim
22	ان	-	-	-	Ab
23	و	-	-	-	conjunction
24	غیره	-	-	-	N1
25	،	-	-	-	endDelim
26	که	-	-	-	C0
27	برای	-	-	-	Pr
28	هر	-	-	-	A1
29	کاربرد	-	-	-	N1
30	باید	-	-	-	V4

0	بررسی	-	-	-	N1
1	کنیم	-	-	-	V1

0	ببینیم	-	-	-	V1

0	کدامیک	-	-	-	NA
1	برای	-	-	-	Pr
2	کارمان	-	-	-	N1
3	دقت	-	-	-	N1
4	(	-	-	-	startDelim
5	accuracy	-	-	-	englishWord
6	)	-	-	-	endDelim
7	بالاتری	-	-	-	A0
8	دارد	-	-	-	V1
9	.	-	-	-	endDelim

0	گاهی	-	-	-	Ad
1	بیش‌از	-	-	-	Pr1
2	۰	-	-	-	number
3	٫	-	-	-	abbrv
4	۵	-	-	-	number
5	درصدازوقت‌های	-	-	-	undefined
6	روزمره	-	-	-	A0
7	ما	-	-	-	N5
8	صرف	-	-	-	V1

0	اتفاقاتی	-	-	-	N1
1	میشودکه	-	-	-	undefined
2	هنوزرخ	-	-	-	undefined
3	نداده‌اند	-	-	-	A0
4	و	-	-	-	conjunction
5	ممکن	-	-	-	A0
6	است	-	-	-	V3

0	هیچوقت	-	-	-	Ad
1	هم	-	-	-	Ad
2	رخ	-	-	-	N1
3	ندهند	-	-	-	V1
4	!	-	-	-	endDelim

0	!	-	-	-	endDelim
1	یادرمقابل	-	-	-	undefined
2	مروراتفاقاتی	-	-	-	undefined
3	که	-	-	-	C0
4	پیشامده	-	-	-	N1
5	وتمام	-	-	-	undefined
6	شده	-	-	-	V3
7	!	-	-	-	endDelim

0	!	-	-	-	endDelim
1	که	-	-	-	C0
2	این‌ها	-	-	-	N6
3	شاید	-	-	-	V2

0	حتی	-	-	-	Ad
1	آنقدر	-	-	-	Ad
2	مهم	-	-	-	A0
3	هم	-	-	-	Ad
4	نباشند	-	-	-	V1
5	!	-	-	-	endDelim

0	!	-	-	-	endDelim
1	یعنی	-	-	-	C0
2	اصلامهم	-	-	-	undefined
3	نباشند	-	-	-	V1
4	!	-	-	-	endDelim

0	مثل	-	-	-	N1
1	فکر	-	-	-	N1
2	کردن	-	-	-	V2

0	به	-	-	-	Pr
1	اینکه	-	-	-	Ad
2	فلان	-	-	-	A2
3	شخص	-	-	-	N1
4	اگر	-	-	-	C0
5	ما	-	-	-	N5
6	فلان	-	-	-	A2
7	کار	-	-	-	N1
8	را	-	-	-	Po
9	که	-	-	-	C0
10	به	-	-	-	Pr
11	نظرمان	-	-	-	N1
12	درست	-	-	-	A0
13	است	-	-	-	V3

0	را	-	-	-	Po
1	انجام	-	-	-	N1
2	دهیم	-	-	-	V1
3	،	-	-	-	endDelim

0	در	-	-	-	Pr
1	موردماچه	-	-	-	undefined
2	فکری	-	-	-	A0
3	می‌کند	-	-	-	V1
4	!	-	-	-	endDelim

0	!	-	-	-	endDelim
1	چه‌بسا	-	-	-	Ad
2	اصلافلان	-	-	-	undefined
3	شخص	-	-	-	N1
4	به	-	-	-	Pr
5	ذهنش	-	-	-	N1
6	همچنین	-	-	-	Ad
7	فکری	-	-	-	A0
8	خطورنکند	-	-	-	undefined
9	!	-	-	-	endDelim
10	یامثلا	-	-	-	undefined
11	فکر	-	-	-	N1
12	کردن	-	-	-	V2

0	به	-	-	-	Pr
1	اینکه	-	-	-	Ad
2	اگر	-	-	-	C0
3	فلان	-	-	-	A2
4	چیز	-	-	-	N1
5	گفته شود	-	-	-	V2

0	ممکن	-	-	-	A0
1	است	-	-	-	V3

0	چه	-	-	-	NA
1	اتفاقیبیفتد	-	-	-	undefined
2	یا	-	-	-	C0
3	بقیه	-	-	-	A0
4	چه	-	-	-	NA
5	بگویند	-	-	-	V1
6	!	-	-	-	endDelim

0	!	-	-	-	endDelim
1	یا	-	-	-	C0
2	مثلاً	-	-	-	Ad
3	من	-	-	-	N5
4	که	-	-	-	C0
5	فلان	-	-	-	A2
6	کار	-	-	-	N1
7	را	-	-	-	Po
8	کردم	-	-	-	V2

0	آیا	-	-	-	NA
1	بهمان	-	-	-	A2
2	شخص	-	-	-	N1
3	ازمن	-	-	-	undefined
4	ناراحت	-	-	-	A0
5	شده‌یانه	-	-	-	V3
6	؟	-	-	-	endDelim

0	گاهی	-	-	-	Ad
1	با	-	-	-	Pr
2	یک	-	-	-	Nu
3	بارپرسیدن	-	-	-	undefined
4	ازآن	-	-	-	undefined
5	شخص	-	-	-	N1
6	،	-	-	-	endDelim
7	یاباصحبت	-	-	-	undefined
8	کردن	-	-	-	V2

0	با	-	-	-	Pr
1	یک	-	-	-	Nu
2	فرد	-	-	-	N1
3	که	-	-	-	C0
4	مطمئنیم	-	-	-	A0
5	مارا	-	-	-	undefined
6	دوست	-	-	-	N1
7	دارد	-	-	-	V1

0	و	-	-	-	conjunction
1	همچنین	-	-	-	Ad
2	از	-	-	-	Pr
3	دیدگاهمان	-	-	-	N1
4	آگاه	-	-	-	V1

0	و	-	-	-	conjunction
1	فهمیده است	-	-	-	V2
2	،	-	-	-	endDelim

0	می‌توان	-	-	-	V4

0	خیلی	-	-	-	A0
1	ازآشفتگی‌های	-	-	-	undefined
2	فکری	-	-	-	A0
3	و	-	-	-	conjunction
4	بسیاری	-	-	-	A2
5	موارد	-	-	-	mokassar
6	که	-	-	-	C0
7	فکرما	-	-	-	undefined
8	را	-	-	-	Po
9	مشوش	-	-	-	N1
10	می‌کندرها	-	-	-	undefined
11	شد	-	-	-	V3
12	؛	-	-	-	endDelim

0	خیلیاز	-	-	-	undefined
1	مسائل	-	-	-	mokassar
2	را	-	-	-	Po
3	می‌توان	-	-	-	V4

0	حل	-	-	-	N1
1	کرد	-	-	-	V2

0	و	-	-	-	conjunction
1	به	-	-	-	Pr
2	دنبال	-	-	-	N1
3	آن	-	-	-	A1
4	می‌توانیم	-	-	-	V4

0	از	-	-	-	Pr
1	وقتمان	-	-	-	N1
2	مفید	-	-	-	A0
3	تراستفاده	-	-	-	undefined
4	کنیم	-	-	-	V1

0	وشادتربه	-	-	-	undefined
1	زیست	-	-	-	V2

0	نخود	-	-	-	abbrv
1	ادامه	-	-	-	N1
2	دهیم	-	-	-	V1
3	!	-	-	-	endDelim

0	!	-	-	-	endDelim
1	در	-	-	-	Pr
2	پاره‌ای	-	-	-	A0
3	ازمسائل	-	-	-	undefined
4	،	-	-	-	endDelim
5	مشکلزمانی	-	-	-	undefined
6	رخمی	-	-	-	undefined
7	دهدکه	-	-	-	undefined
8	فعل‌های	-	-	-	N1
9	مرکب	-	-	-	A0
10	واردکارمیشوند	-	-	-	undefined
11	.	-	-	-	endDelim
12	باید	-	-	-	V4

0	با	-	-	-	Pr
1	آن‌ها	-	-	-	N5
2	چه‌طور	-	-	-	Ad
3	برخورد	-	-	-	V2

0	کرد	-	-	-	V2
1	؟	-	-	-	endDelim

0	؟	-	-	-	endDelim
1	فعل‌هایی	-	-	-	N1
2	مانند	-	-	-	N1
3	:	-	-	-	endDelim
4	«	-	-	-	startDelim
5	نگاه	-	-	-	N1
6	کردن	-	-	-	V2
7	،	-	-	-	endDelim

0	صدازدن	-	-	-	undefined
1	،	-	-	-	endDelim
2	مشوش	-	-	-	N1
3	شدن	-	-	-	V3

0	و	-	-	-	conjunction
1	…	-	-	-	abbrv
2	»	-	-	-	endDelim
3	.	-	-	-	endDelim
4	در	-	-	-	Pr
5	۹	-	-	-	number
6	خردادنودوهفت	-	-	-	undefined
7	(	-	-	-	startDelim
8	۱۳۹۷	-	-	-	number
9	٫	-	-	-	abbrv
10	۳	-	-	-	number
11	.	-	-	-	endDelim
12	۹	-	-	-	number
13	)	-	-	-	endDelim
14	،	-	-	-	endDelim
15	در	-	-	-	Pr
16	وبلاگی	-	-	-	undefined
17	نوشته بودند	-	-	-	V2
18	:	-	-	-	endDelim

0	«	-	-	-	startDelim
1	به	-	-	-	Pr
2	کلمه‌ی	-	-	-	N1
3	دوم	-	-	-	A0
4	درفعل	-	-	-	undefined
5	مرکب	-	-	-	A0
6	»	-	-	-	endDelim
7	همکرد	-	-	-	N1
8	«	-	-	-	startDelim
9	می‌گویند	-	-	-	V1
10	.	-	-	-	endDelim

0	مثلاً	-	-	-	Ad
1	»	-	-	-	endDelim
2	کردن	-	-	-	V2

0	«	-	-	-	startDelim
1	در	-	-	-	Pr
2	»	-	-	-	endDelim
3	کار	-	-	-	N1
4	کردن	-	-	-	V2

0	«	-	-	-	startDelim
1	و	-	-	-	conjunction
2	»	-	-	-	endDelim
3	دادن	-	-	-	V2

0	«	-	-	-	startDelim
1	در	-	-	-	Pr
2	»	-	-	-	endDelim
3	دستوردادن	-	-	-	undefined
4	«	-	-	-	startDelim
5	و	-	-	-	conjunction
6	»	-	-	-	endDelim
7	زدن	-	-	-	V2

0	«	-	-	-	startDelim
1	در	-	-	-	Pr
2	»	-	-	-	endDelim
3	دست	-	-	-	N1
4	زدن	-	-	-	V2

0	«	-	-	-	startDelim
1	و	-	-	-	conjunction
2	»	-	-	-	endDelim
3	نمودن	-	-	-	V2

0	«	-	-	-	startDelim
1	در	-	-	-	Pr
2	»	-	-	-	endDelim
3	صاف	-	-	-	V1

0	نمودن	-	-	-	V2

0	«	-	-	-	startDelim
1	اما	-	-	-	C0
2	فعل‌های	-	-	-	N1
3	مرکب	-	-	-	A0
4	درنامه‌های	-	-	-	undefined
5	رسمی	-	-	-	A0
6	واداری	-	-	-	V1

0	و	-	-	-	conjunction
1	شبهرسمی	-	-	-	undefined
2	،	-	-	-	endDelim
3	ظاهراً	-	-	-	Ad
4	به	-	-	-	Pr
5	دلیل	-	-	-	N1
6	زیاده‌روی	-	-	-	N1
7	دررسمی	-	-	-	undefined
8	نوشتن	-	-	-	V2

0	و	-	-	-	conjunction
1	تفاخرادبی	-	-	-	undefined
2	و	-	-	-	conjunction
3	دراصل	-	-	-	Ad
4	به	-	-	-	Pr
5	دلیل	-	-	-	N1
6	ضعف	-	-	-	N1
7	نگارش	-	-	-	N1
8	وناآشنا	-	-	-	undefined
9	یی	-	-	-	undefined
10	با	-	-	-	Pr
11	فعل‌ها	-	-	-	N1
12	،	-	-	-	endDelim
13	گاهی	-	-	-	Ad
14	به	-	-	-	Pr
15	شکلیناجور	-	-	-	undefined
16	باهم	-	-	-	Ad
17	قاطیمی	-	-	-	undefined
18	شوند	-	-	-	N1
19	.	-	-	-	endDelim
20	یعنی	-	-	-	C0
21	آقا	-	-	-	N1
22	یاخانم	-	-	-	undefined
23	نگارنده‌ی	-	-	-	A0
24	نامه	-	-	-	N1
25	یا	-	-	-	C0
26	اعلان	-	-	-	N1
27	یا	-	-	-	C0
28	بیانیه	-	-	-	N1
29	یا	-	-	-	C0
30	هرچه	-	-	-	Ad
31	،	-	-	-	endDelim
32	همکرد	-	-	-	N1
33	یک	-	-	-	Nu
34	فعل	-	-	-	V1

0	مرکب	-	-	-	A0
1	را	-	-	-	Po
2	برمی	-	-	-	N1
3	دارد	-	-	-	V1

0	ومیگذارد	-	-	-	undefined
1	ته	-	-	-	V1

0	دیگری	-	-	-	A2
1	و	-	-	-	conjunction
2	واژه‌ی	-	-	-	N1
3	دیگر	-	-	-	Ad
4	آن	-	-	-	A1
5	یکی	-	-	-	A2
6	فعل	-	-	-	V1

0	مرکب	-	-	-	A0
1	را	-	-	-	Po
2	برمی	-	-	-	N1
3	دارد	-	-	-	V1

0	و	-	-	-	conjunction
1	می‌گذارد	-	-	-	V2

0	سر	-	-	-	V1

0	همکرد	-	-	-	N1
1	دیگری	-	-	-	A2
2	؛	-	-	-	endDelim
3	یا	-	-	-	C0
4	اصلاً	-	-	-	Ad
5	کل	-	-	-	A0
6	فعل	-	-	-	V1

0	مرکب	-	-	-	A0
1	را	-	-	-	Po
2	اشتباهی	-	-	-	Ad
3	به	-	-	-	Pr
4	جای	-	-	-	N1
5	فعلی	-	-	-	A0
6	دیگر	-	-	-	Ad
7	به	-	-	-	Pr
8	کار	-	-	-	N1
9	می‌برد	-	-	-	V2
10	»	-	-	-	endDelim

0	.	-	-	-	endDelim
1	معمولاسیستم	-	-	-	undefined
2	مشخصی	-	-	-	A0
3	درنوشتن	-	-	-	V2

0	تاریخ	-	-	-	N1
1	وجودندارد	-	-	-	undefined
2	!	-	-	-	endDelim
3	مثلاهمه	-	-	-	undefined
4	این	-	-	-	A1
5	مثال‌ها	-	-	-	N1
6	بهیک	-	-	-	undefined
7	تاریخ	-	-	-	N1
8	(	-	-	-	startDelim
9	date	-	-	-	englishWord
10	)	-	-	-	endDelim
11	اشاره	-	-	-	N1
12	می‌کنند	-	-	-	V1
13	:	-	-	-	endDelim

0	۹۷	-	-	-	number
1	٫	-	-	-	abbrv
2	۰۷	-	-	-	number
3	٫	-	-	-	abbrv
4	۲۰	-	-	-	number
5	،	-	-	-	endDelim
6	۲۰	-	-	-	number
7	مهر	-	-	-	N1
8	نودو	-	-	-	undefined
9	هفت	-	-	-	Nu
10	،	-	-	-	endDelim
11	بیستم	-	-	-	Nu
12	مهرماه	-	-	-	N1
13	۹۷	-	-	-	number
14	یا	-	-	-	C0
15	بیستم	-	-	-	Nu
16	مهرماه	-	-	-	N1
17	هزاروسیسصد	-	-	-	undefined
18	و	-	-	-	conjunction
19	نودو	-	-	-	undefined
20	هفت	-	-	-	Nu
21	!	-	-	-	endDelim
22	این	-	-	-	A1
23	قبیل	-	-	-	N9
24	فرمت‌ها	-	-	-	N1
25	(	-	-	-	startDelim
26	formats	-	-	-	englishWord
27	)	-	-	-	endDelim
28	در	-	-	-	Pr
29	پاره‌ای	-	-	-	A0
30	از	-	-	-	Pr
31	متن‌ها	-	-	-	N1
32	،	-	-	-	endDelim
33	ارزیابی	-	-	-	N1
34	رادچارمشکل	-	-	-	undefined
35	می‌کنند	-	-	-	V1
36	!	-	-	-	endDelim

0	دراین‌صورت	-	-	-	Exp
1	کاری	-	-	-	A0
2	که	-	-	-	C0
3	ما	-	-	-	N5
4	به	-	-	-	Pr
5	عنوان	-	-	-	N1
6	یک	-	-	-	Nu
7	فرد	-	-	-	N1
8	متخصص	-	-	-	A0
9	باید	-	-	-	V4

0	انجام	-	-	-	N1
1	دهیم	-	-	-	V1
2	،	-	-	-	endDelim

0	یکگونهسازی	-	-	-	undefined
1	این	-	-	-	A1
2	تاریخ‌هاست	-	-	-	N1
3	؛	-	-	-	endDelim
4	دراینصورت	-	-	-	Exp
5	هر	-	-	-	A1
6	زمانکه	-	-	-	N1
7	هرکدام	-	-	-	undefined
8	ازاین	-	-	-	undefined
9	مواردبیاید	-	-	-	undefined
10	ما	-	-	-	N5
11	تشخیص	-	-	-	N1
12	می‌دهیم	-	-	-	V1

0	تاریخ	-	-	-	N1
1	(	-	-	-	startDelim
2	date	-	-	-	englishWord
3	)	-	-	-	endDelim
4	است	-	-	-	V3

0	وآن	-	-	-	undefined
1	را	-	-	-	Po
2	به	-	-	-	Pr
3	یک‌شکل	-	-	-	A0
4	در	-	-	-	Pr
5	میاوریم	-	-	-	undefined
6	،	-	-	-	endDelim
7	مثلاً	-	-	-	Ad
8	همه	-	-	-	N1
9	را	-	-	-	Po
10	به	-	-	-	Pr
11	شکل	-	-	-	N1
12	«	-	-	-	startDelim
13	بیستم	-	-	-	Nu
14	مهرماه	-	-	-	N1
15	هزار	-	-	-	Nu
16	و	-	-	-	conjunction
17	سیسصدونودوهفت	-	-	-	undefined
18	»	-	-	-	endDelim
19	یا	-	-	-	C0
20	«	-	-	-	startDelim
21	۹۷	-	-	-	number
22	/	-	-	-	betwDelim
23	۷	-	-	-	number
24	/	-	-	-	betwDelim
25	۲۰	-	-	-	number
26	»	-	-	-	endDelim
27	.	-	-	-	endDelim
28	دراین‌صورت	-	-	-	Exp
29	شاید	-	-	-	V2

0	شاهد	-	-	-	N1
1	کاهش	-	-	-	N1
2	بیش‌از	-	-	-	Pr1
3	.	-	-	-	endDelim
4	۱	-	-	-	number
5	از	-	-	-	Pr
6	مشکلات	-	-	-	N1
7	در	-	-	-	Pr
8	پردازش	-	-	-	N1
9	متنشویم	-	-	-	undefined
10	!	-	-	-	endDelim
11	!	-	-	-	endDelim
12	!	-	-	-	endDelim
13	از	-	-	-	Pr
14	یک	-	-	-	Nu
15	دیدگاه	-	-	-	N1
16	می‌گویند	-	-	-	V1

0	برای	-	-	-	Pr
1	ترقی	-	-	-	N1
2	،	-	-	-	endDelim
3	پیشرفت	-	-	-	N1
4	و	-	-	-	conjunction
5	رشد	-	-	-	N1
6	،	-	-	-	endDelim
7	باید	-	-	-	V4

0	دائماً	-	-	-	Ad
1	به	-	-	-	Pr
2	مکان‌های	-	-	-	N1
3	جدید	-	-	-	A0
4	رفت	-	-	-	V2

0	وباافراد	-	-	-	undefined
1	جدید	-	-	-	A0
2	آشنا	-	-	-	A0
3	شد	-	-	-	V3
4	؛	-	-	-	endDelim

0	از	-	-	-	Pr
1	جهاتی	-	-	-	N1
2	درست	-	-	-	A0
3	است	-	-	-	V3
4	،	-	-	-	endDelim

0	مثلاً	-	-	-	Ad
1	فرض	-	-	-	N1
2	کنید	-	-	-	V1

0	شما	-	-	-	N5
1	تاسال	-	-	-	undefined
2	یان	-	-	-	undefined
3	سال	-	-	-	N1
4	فقطدرخانه	-	-	-	undefined
5	باشیدوبا	-	-	-	undefined
6	تنها	-	-	-	A0
7	کسانی	-	-	-	N1
8	که	-	-	-	C0
9	ارتباط	-	-	-	N1
10	برقرار	-	-	-	A0
11	می‌کنید	-	-	-	V1

0	خانواده‌تان	-	-	-	N1
1	باشد	-	-	-	V1
2	!	-	-	-	endDelim

0	!	-	-	-	endDelim
1	!	-	-	-	endDelim
2	دراینصورت	-	-	-	Exp
3	تنها	-	-	-	A0
4	طیف	-	-	-	N1
5	اخلاقی	-	-	-	A0
6	آن‌ها	-	-	-	N5
7	را	-	-	-	Po
8	می‌بینید	-	-	-	V1
9	،	-	-	-	endDelim

0	درصورتی‌که	-	-	-	C1
1	شاید	-	-	-	V2

0	اینهاکمتراز	-	-	-	undefined
1	۰	-	-	-	number
2	٫	-	-	-	abbrv
3	۰۰۱	-	-	-	number
4	جامعه	-	-	-	N1
5	باشند	-	-	-	V1
6	!	-	-	-	endDelim

0	!	-	-	-	endDelim
1	با	-	-	-	Pr
2	منش‌های	-	-	-	N1
3	جدیدوخلقو	-	-	-	undefined
4	خوهای	-	-	-	N1
5	متنوعی	-	-	-	A0
6	آشنا	-	-	-	A0
7	نمیشودید	-	-	-	undefined
8	درنتیجه	-	-	-	Ad
9	شاید	-	-	-	V2

0	فکر	-	-	-	N1
1	کنید	-	-	-	V1

0	همین	-	-	-	A1
1	گونه	-	-	-	N1
2	که	-	-	-	C0
3	هستیدایده	-	-	-	undefined
4	آل‌ترین	-	-	-	undefined
5	است	-	-	-	V3

0	و	-	-	-	conjunction
1	همه	-	-	-	N1
2	چیزخوب	-	-	-	undefined
3	است	-	-	-	V3
4	!	-	-	-	endDelim

0	!	-	-	-	endDelim
1	ساعت	-	-	-	N1
2	۸	-	-	-	number
3	:	-	-	-	endDelim
4	۲۰	-	-	-	number
5	صبح	-	-	-	N1
6	بود	-	-	-	V2
7	؛	-	-	-	endDelim

0	نغمه‌ی	-	-	-	N1
1	زیبای	-	-	-	A0
2	موسیقی‌ای	-	-	-	N1
3	ازپنجره‌ی	-	-	-	undefined
4	پشتی	-	-	-	N1
5	میامد	-	-	-	undefined
6	.	-	-	-	endDelim
7	برایم	-	-	-	Pr
8	مسأله	-	-	-	N1
9	شده بود	-	-	-	V3

0	که	-	-	-	C0
1	به	-	-	-	Pr
2	این	-	-	-	A1
3	زیبایی	-	-	-	N1
4	و	-	-	-	conjunction
5	دقت	-	-	-	N1
6	،	-	-	-	endDelim
7	چه	-	-	-	NA
8	کسی	-	-	-	A2
9	سنتور	-	-	-	N1
10	می‌نوازد	-	-	-	V1
11	.	-	-	-	endDelim

0	ساعت	-	-	-	N1
1	نه	-	-	-	Nu
2	و	-	-	-	conjunction
3	۵۰	-	-	-	number
4	دقیقه	-	-	-	N1
5	شد	-	-	-	V3
6	.	-	-	-	endDelim

0	همچنان	-	-	-	Ad
1	صدای	-	-	-	N1
2	دل‌نواز	-	-	-	A0
3	ساز	-	-	-	V1

0	میامد	-	-	-	undefined
1	.	-	-	-	endDelim
2	ساعت	-	-	-	N1
3	۱۰	-	-	-	number
4	و	-	-	-	conjunction
5	پنجاه	-	-	-	Nu
6	و	-	-	-	conjunction
7	پنج	-	-	-	Nu
8	دقیقه	-	-	-	N1
9	شد	-	-	-	V3

0	و	-	-	-	conjunction
1	باز	-	-	-	V1

0	همچنان	-	-	-	Ad
1	صدا	-	-	-	N1
2	می‌آمد	-	-	-	V2
3	.	-	-	-	endDelim

0	بسیار	-	-	-	A0
1	مسلط	-	-	-	A0
2	بود	-	-	-	V2
3	.	-	-	-	endDelim

0	دیگر	-	-	-	Ad
1	طاقت	-	-	-	N1
2	صبر	-	-	-	N1
3	کردن	-	-	-	V2

0	نداشتم	-	-	-	V2
1	!	-	-	-	endDelim

0	!	-	-	-	endDelim
1	دلرابه	-	-	-	undefined
2	دریا	-	-	-	N1
3	زدم	-	-	-	V2

0	و	-	-	-	conjunction
1	رفتم	-	-	-	V2

0	در	-	-	-	Pr
1	خانه‌شان	-	-	-	N1
2	؛	-	-	-	endDelim
3	در	-	-	-	Pr
4	باز	-	-	-	V1

0	بود	-	-	-	V2
1	.	-	-	-	endDelim

0	خانم	-	-	-	N1
1	میانسالی	-	-	-	N1
2	بادامن	-	-	-	N1
3	گلداری	-	-	-	N1
4	که	-	-	-	C0
5	رنگ	-	-	-	N1
6	و	-	-	-	conjunction
7	لعابش	-	-	-	N1
8	هم	-	-	-	Ad
9	کمی	-	-	-	A2
10	رفتهبود	-	-	-	V2
11	،	-	-	-	endDelim

0	و	-	-	-	conjunction
1	چهره‌ی	-	-	-	N1
2	گنمدمگونی	-	-	-	undefined
3	که	-	-	-	C0
4	سر	-	-	-	V1

0	لپ‌هایش	-	-	-	N1
1	نیز	-	-	-	Ad
2	گل	-	-	-	N1
3	انداخته بود	-	-	-	V2
4	،	-	-	-	endDelim

0	طوری	-	-	-	N1
1	باذوق	-	-	-	A0
2	و	-	-	-	conjunction
3	هیجان	-	-	-	N1
4	بر	-	-	-	Pr
5	سیم‌ها	-	-	-	N1
6	می‌کوبید	-	-	-	V2
7	،	-	-	-	endDelim

0	که	-	-	-	C0
1	انگار	-	-	-	V1

0	بار	-	-	-	V1

0	اولیست	-	-	-	A0
1	که	-	-	-	C0
2	آدم	-	-	-	N1
3	چیزی	-	-	-	Ad
4	را	-	-	-	Po
5	یادگرفته	-	-	-	A0
6	و	-	-	-	conjunction
7	می‌خواهد	-	-	-	V1

0	باذوق	-	-	-	A0
1	برای	-	-	-	Pr
2	عزیزی	-	-	-	N1
3	بنوازد	-	-	-	V1
4	؛	-	-	-	endDelim

0	مثل	-	-	-	N1
1	زمانی‌که	-	-	-	C1
2	برای	-	-	-	Pr
3	بار	-	-	-	V1

0	اول	-	-	-	A0
1	خواندن	-	-	-	V2

0	یا	-	-	-	C0
1	گرفته بودم	-	-	-	V2

0	و	-	-	-	conjunction
1	باذوق	-	-	-	A0
2	کتاب‌های	-	-	-	N1
3	مختلف	-	-	-	A0
4	را	-	-	-	Po
5	برگ	-	-	-	N1
6	می‌زدم	-	-	-	V2

0	و	-	-	-	conjunction
1	برای	-	-	-	Pr
2	پدر	-	-	-	N1
3	مادرم	-	-	-	N1
4	می‌خواندم	-	-	-	V2
5	.	-	-	-	endDelim

0	به	-	-	-	Pr
1	خودم	-	-	-	N7
2	آمدم	-	-	-	V2

0	دیدم	-	-	-	V2

0	ساعت	-	-	-	N1
1	۱۲	-	-	-	number
2	و	-	-	-	conjunction
3	۵۵	-	-	-	number
4	دقیقه	-	-	-	N1
5	شده بود	-	-	-	V3

0	و	-	-	-	conjunction
1	من	-	-	-	N5
2	همچنان	-	-	-	Ad
3	آنجا	-	-	-	Ad
4	ایستاده بودم	-	-	-	V2
5	.	-	-	-	endDelim

0	.	-	-	-	endDelim
1	یعنی	-	-	-	C0
2	بیش‌از	-	-	-	Pr1
3	.	-	-	-	endDelim
4	۱۲	-	-	-	number
5	از	-	-	-	Pr
6	یک	-	-	-	Nu
7	روز	-	-	-	N1
8	خود	-	-	-	N8
9	را	-	-	-	Po
10	!	-	-	-	endDelim
11	!	-	-	-	endDelim
12	از	-	-	-	Pr
13	دیرباز	-	-	-	Ad
14	تاکنون	-	-	-	Ad
15	،	-	-	-	endDelim
16	بازی‌های	-	-	-	N1
17	زیادی	-	-	-	A0
18	وجود	-	-	-	N1
19	داشته	-	-	-	A0
20	که	-	-	-	C0
21	یکی	-	-	-	A2
22	از	-	-	-	Pr
23	موردهای	-	-	-	N1
24	جذاب	-	-	-	A0
25	آن	-	-	-	A1
26	،	-	-	-	endDelim
27	بازی‌هایی	-	-	-	N1
28	بوده	-	-	-	V2

0	که	-	-	-	C0
1	یک	-	-	-	Nu
2	متن	-	-	-	N1
3	نوشته می‌شد	-	-	-	V2

0	که	-	-	-	C0
1	در	-	-	-	Pr
2	نگاه	-	-	-	N1
3	اول	-	-	-	A0
4	به	-	-	-	Pr
5	راحتی	-	-	-	A0
6	قابل	-	-	-	A0
7	خواندن	-	-	-	V2

0	نیست	-	-	-	N1
1	؛	-	-	-	endDelim
2	مثلاً	-	-	-	Ad
3	«	-	-	-	startDelim
4	صدیقه	-	-	-	N3
5	صدیقه	-	-	-	N3
6	را	-	-	-	Po
7	دوخت	-	-	-	V2

0	علی	-	-	-	N3
1	علی	-	-	-	N3
2	علی	-	-	-	N3
3	علی	-	-	-	N3
4	علی	-	-	-	N3
5	او	-	-	-	N5
6	را	-	-	-	Po
7	فروخت	-	-	-	V2
8	!	-	-	-	endDelim

0	!	-	-	-	endDelim
1	»	-	-	-	endDelim
2	که	-	-	-	C0
3	می‌شود	-	-	-	V1

0	«	-	-	-	startDelim
1	صدیقه	-	-	-	N3
2	صدیقه	-	-	-	N3
3	را	-	-	-	Po
4	دوخت	-	-	-	V2
5	،	-	-	-	endDelim

0	پنج	-	-	-	Nu
1	علی	-	-	-	N3
2	او	-	-	-	N5
3	را	-	-	-	Po
4	فروخت	-	-	-	V2
5	!	-	-	-	endDelim

0	»	-	-	-	endDelim
1	یا	-	-	-	C0
2	مثلاً	-	-	-	Ad
3	«	-	-	-	startDelim
4	دراین	-	-	-	undefined
5	درگه	-	-	-	N1
6	که	-	-	-	C0
7	گهگه	-	-	-	undefined
8	کهکه	-	-	-	N1
9	که	-	-	-	C0
10	که	-	-	-	C0
11	شودناگه	-	-	-	undefined
12	،	-	-	-	endDelim
13	مشوغره	-	-	-	undefined
14	به	-	-	-	Pr
15	امروزت	-	-	-	N1
16	که	-	-	-	C0
17	ازفردانهی	-	-	-	undefined
18	آگه	-	-	-	A0
19	!	-	-	-	endDelim
20	!	-	-	-	endDelim
21	»	-	-	-	endDelim
22	که	-	-	-	C0
23	می‌شود	-	-	-	V1
24	:	-	-	-	endDelim

0	«	-	-	-	startDelim
1	در	-	-	-	Pr
2	این	-	-	-	A1
3	درگه	-	-	-	N1
4	که	-	-	-	C0
5	گه	-	-	-	Ad
6	گه	-	-	-	Ad
7	،	-	-	-	endDelim
8	که	-	-	-	C0
9	که	-	-	-	C0
10	که	-	-	-	C0
11	که	-	-	-	C0
12	شود	-	-	-	V1

0	ناگه	-	-	-	Ad
1	،	-	-	-	endDelim
2	مشوغره	-	-	-	undefined
3	به	-	-	-	Pr
4	امروزت	-	-	-	N1
5	که	-	-	-	C0
6	ازفردانهی	-	-	-	undefined
7	آگه	-	-	-	A0
8	!	-	-	-	endDelim
9	!	-	-	-	endDelim
10	»	-	-	-	endDelim
11	.	-	-	-	endDelim
12	به	-	-	-	Pr
13	عنوان	-	-	-	N1
14	آخرین	-	-	-	N1
15	مثال	-	-	-	N1
16	«	-	-	-	startDelim
17	در	-	-	-	Pr
18	لرستان	-	-	-	N2
19	نه	-	-	-	Nu
20	لرندوهرلری	-	-	-	undefined
21	نه	-	-	-	Nu
22	نره	-	-	-	A0
23	لرنره	-	-	-	undefined
24	لرچهنره	-	-	-	undefined
25	لر	-	-	-	N1
26	،	-	-	-	endDelim
27	هرنره	-	-	-	undefined
28	لرنه	-	-	-	undefined
29	نره	-	-	-	A0
30	لر	-	-	-	N1
31	»	-	-	-	endDelim
32	،	-	-	-	endDelim
33	که	-	-	-	C0
34	درست	-	-	-	A0
35	آن	-	-	-	A1
36	می‌شود	-	-	-	V1
37	:	-	-	-	endDelim

0	«	-	-	-	startDelim
1	در	-	-	-	Pr
2	لرستان	-	-	-	N2
3	نه	-	-	-	Nu
4	لرند	-	-	-	N1
5	و	-	-	-	conjunction
6	هر	-	-	-	A1
7	لری	-	-	-	N1
8	نه	-	-	-	Nu
9	نره	-	-	-	A0
10	لر	-	-	-	N1
11	،	-	-	-	endDelim
12	نره	-	-	-	A0
13	لر	-	-	-	N1
14	چه	-	-	-	NA
15	نره	-	-	-	A0
16	لر	-	-	-	N1
17	،	-	-	-	endDelim
18	هر	-	-	-	A1
19	نره	-	-	-	A0
20	لر	-	-	-	N1
21	،	-	-	-	endDelim
22	نه	-	-	-	Nu
23	نره	-	-	-	A0
24	لر	-	-	-	N1
25	»	-	-	-	endDelim
26	؛	-	-	-	endDelim
27	در	-	-	-	Pr
28	این	-	-	-	A1
29	نمونه‌ها	-	-	-	A0
30	علاوه‌بر	-	-	-	Pr1
31	اینکه	-	-	-	Ad
32	بیش‌از	-	-	-	Pr1
33	.	-	-	-	endDelim
34	۵	-	-	-	number
35	از	-	-	-	Pr
36	انسان‌ها	-	-	-	N1
37	اشتباه	-	-	-	A0
38	می‌خوانند	-	-	-	V1
39	،	-	-	-	endDelim

0	برای	-	-	-	Pr
1	سیستم‌های	-	-	-	N1
2	اصلاح	-	-	-	N1
3	خودکار	-	-	-	A0
4	،	-	-	-	endDelim
5	در	-	-	-	Pr
6	حالت	-	-	-	N1
7	عدم	-	-	-	N1
8	رعایت	-	-	-	N1
9	فاصله	-	-	-	N1
10	و	-	-	-	conjunction
11	نیم	-	-	-	N1
12	فاصله	-	-	-	N1
13	،	-	-	-	endDelim
14	کار	-	-	-	N1
15	بسیار	-	-	-	A0
16	دشوار	-	-	-	A0
17	می‌شود	-	-	-	V1
18	.	-	-	-	endDelim

0	*	-	-	-	endDelim
1	*	-	-	-	endDelim
2	*	-	-	-	endDelim
3	*	-	-	-	endDelim
4	*	-	-	-	endDelim
5	کارورزیده	-	-	-	undefined
6	کاراموزانشان	-	-	-	undefined
7	گواهینامه‌هایشانید	-	-	-	N1
8	نارس‌ترین	-	-	-	A0
9	بپاخواستگان	-	-	-	undefined
10	دردمندی‌هایش	-	-	-	N1
11	بت	-	-	-	N1
12	شکنانید	-	-	-	N1
13	همه	-	-	-	N1
14	فن	-	-	-	N1
15	حریفان	-	-	-	A0
16	همه	-	-	-	N1
17	کاره‌یید	-	-	-	A0
18	همه	-	-	-	N1
19	کس	-	-	-	N1
20	شناس	-	-	-	V1

0	همه	-	-	-	N1
1	جا	-	-	-	N1
2	گرد	-	-	-	V1

0	خسته‌ترین‌هایشانیم	-	-	-	A0
1	افسرده‌ترین‌هایشانید	-	-	-	A0
2	نالان‌ترین	-	-	-	A0
3	کتاب	-	-	-	N1
4	دارتان	-	-	-	N1
5	کتاب	-	-	-	N1
6	خانه‌هایم	-	-	-	N1
7	بپاسخواسته‌اند	-	-	-	undefined
8	می‌خواهد	-	-	-	V1

0	بیاراید	-	-	-	undefined
1	خواستنی‌ترین	-	-	-	A0
2	کم‌روترینید	-	-	-	A0
3	پررونق‌تر	-	-	-	A0
4	درآشفته‌ترین	-	-	-	undefined
5	معدنچیان	-	-	-	N1
6	یکدستی	-	-	-	N1
7	آتشفشانان	-	-	-	N1
8	خلبان‌هایتانند	-	-	-	N1
9	ناخداهایشانید	-	-	-	N1
10	نامردمانتان	-	-	-	undefined
11	ناشکری‌هایمان	-	-	-	N1
12	آهنچیان	-	-	-	N1
13	آهنین	-	-	-	A0
14	پنجه	-	-	-	N1
15	آتشکدگان	-	-	-	N1
16	آزرده‌خاطر	-	-	-	A0
17	فرومایگان	-	-	-	A0
18	پاکدلانیم	-	-	-	A0
19	فروپاشیدگان	-	-	-	undefined
20	ناایستاترین	-	-	-	A0
21	بی	-	-	-	prefix
22	شیله	-	-	-	N1
23	پیلگان	-	-	-	N1
24	لبریز	-	-	-	A0
25	دهان	-	-	-	N1
26	گشاد	-	-	-	V2

0	دهان	-	-	-	N1
1	لقان	-	-	-	A0
2	نرفتگان	-	-	-	A0
3	نروترین	-	-	-	V1

0	یکرنگ‌ترین	-	-	-	A0
1	سبک	-	-	-	N1
2	باران	-	-	-	V1

0	گرانقدر	-	-	-	A0
1	گران‌بهاترین	-	-	-	A0
2	گران	-	-	-	V1

0	مایگان	-	-	-	N1
1	چشم	-	-	-	N1
2	تنگان	-	-	-	A0
3	دل	-	-	-	N1
4	نازک‌ترین	-	-	-	A0
5	سنگ	-	-	-	N1
6	دلانید	-	-	-	N1
7	بی	-	-	-	prefix
8	خیالان	-	-	-	N1
9	بی‌رنگ	-	-	-	A0
10	ترینانید	-	-	-	A0
11	آراسته	-	-	-	A0
12	ترینانید	-	-	-	A0
13	شاخ	-	-	-	N1
14	شمشاد	-	-	-	N1
15	نازک	-	-	-	A0
16	نشمین	-	-	-	undefined
17	گندمگون	-	-	-	A0
18	نیکوسرشت	-	-	-	A0
19	فراخ	-	-	-	A0
20	بال	-	-	-	V1

0	تنگدستی	-	-	-	N1
1	تنگ	-	-	-	A0
2	نظرانند	-	-	-	N1
3	نیک	-	-	-	A0
4	بی‌نانشانید	-	-	-	N1
5	نیک	-	-	-	A0
6	سرشتانشانید	-	-	-	undefined
7	نیک‌اندیشانشانند	-	-	-	A0
