
0	به	-	-	-	Pr
1	نام	-	-	-	N1
2	خدا	-	-	-	N1
3	روزی	-	-	-	N1
4	روزگاری	-	-	-	N1
5	سگ	-	-	-	N1
6	سنگی	-	-	-	A0
7	را	-	-	-	Po
8	بلند	-	-	-	A0
9	کرد	-	-	-	V2

0	و	-	-	-	conjunction
1	با	-	-	-	Pr
2	پوزه	-	-	-	N1
3	خود	-	-	-	N8
4	به	-	-	-	Pr
5	این	-	-	-	A1
6	ور	-	-	-	N1
7	و	-	-	-	conjunction
8	آن	-	-	-	A1
9	ور	-	-	-	N1
10	پرتاب	-	-	-	N1
11	می‌کرد	-	-	-	V2

0	من	-	-	-	N5
1	که	-	-	-	C0
2	زنم	-	-	-	V1

0	در	-	-	-	Pr
1	کنار	-	-	-	N1
2	م	-	-	-	abbrv
3	ایستادﺓ	-	-	-	undefined
4	بود	-	-	-	V2

0	و	-	-	-	conjunction
1	گزی	-	-	-	V1

0	در	-	-	-	Pr
1	دستم	-	-	-	N1
2	بود	-	-	-	V2

0	بت	-	-	-	N1
1	سگ	-	-	-	N1
2	زنگین	-	-	-	N1
3	رنگ	-	-	-	N1
4	آشت	-	-	-	N1
5	را	-	-	-	Po
6	تعارف	-	-	-	N1
7	کردم	-	-	-	V2

0	او	-	-	-	N5
1	که	-	-	-	C0
2	از	-	-	-	Pr
3	این	-	-	-	A1
4	کار	-	-	-	N1
5	آتشین	-	-	-	A0
6	شده بود	-	-	-	V3

0	بﺓ	-	-	-	N1
1	ﺓمه‌ی	-	-	-	undefined
2	کاخ	-	-	-	N1
3	نشینان	-	-	-	V1

0	فریاد	-	-	-	N1
1	برد	-	-	-	V2

0	و	-	-	-	conjunction
1	خودش	-	-	-	N7
2	را	-	-	-	Po
3	پاک	-	-	-	A0
4	کرد	-	-	-	V2

0	و	-	-	-	conjunction
1	هوایی	-	-	-	A0
2	شده	-	-	-	V3

0	و	-	-	-	conjunction
1	به	-	-	-	Pr
2	دشت	-	-	-	N1
3	آﺓوان	-	-	-	undefined
4	زد	-	-	-	V2
5	.	-	-	-	endDelim

0	پتو	-	-	-	N1
1	دور	-	-	-	A0
2	او	-	-	-	N5
3	نبود	-	-	-	N1
4	و	-	-	-	conjunction
5	توپش	-	-	-	V1

0	را	-	-	-	Po
1	در	-	-	-	Pr
2	دستم	-	-	-	N1
3	داشتم	-	-	-	V2

0	از	-	-	-	Pr
1	شتر	-	-	-	N1
2	شهرری	-	-	-	N2
3	راحت	-	-	-	A0
4	شده بودم	-	-	-	V3

0	و	-	-	-	conjunction
1	ریش	-	-	-	N1
2	گذاشته بودم	-	-	-	V2

0	شیری	-	-	-	A0
1	شیرین	-	-	-	A0
2	و	-	-	-	conjunction
3	دلپذیر	-	-	-	N1
4	درمقابل	-	-	-	Pr1
5	آن	-	-	-	A1
6	شیر	-	-	-	N1
7	قرار	-	-	-	N1
8	داشت	-	-	-	V2

0	اما	-	-	-	C0
1	فک‌های	-	-	-	N1
2	دریایی	-	-	-	A0
3	شک	-	-	-	N1
4	کردﺓ	-	-	-	undefined
5	بودند	-	-	-	V2
6	.	-	-	-	endDelim

0	کفی	-	-	-	A0
1	کفش	-	-	-	N1
2	من	-	-	-	N5
3	تم	-	-	-	N1
4	کاشف	-	-	-	A0
5	اکتشافات	-	-	-	N1
6	یک	-	-	-	Nu
7	کشف	-	-	-	N1
8	بزرگ	-	-	-	A0
9	که	-	-	-	C0
10	درسر	-	-	-	Pr1
11	و	-	-	-	conjunction
12	رخ	-	-	-	abbrv
13	و	-	-	-	conjunction
14	سینه	-	-	-	N1
15	و	-	-	-	conjunction
16	غیره‌ی	-	-	-	N1
17	سرخ	-	-	-	A0
18	منبه	-	-	-	undefined
19	کرات	-	-	-	N1
20	نمایان	-	-	-	V1

0	بود	-	-	-	V2
1	.	-	-	-	endDelim

0	خرسی	-	-	-	N1
1	بدذات	-	-	-	A0
2	به	-	-	-	Pr
3	دل	-	-	-	N1
4	آب	-	-	-	N1
5	زد	-	-	-	V2

0	و	-	-	-	conjunction
1	…	-	-	-	abbrv
2	با	-	-	-	Pr
3	باد	-	-	-	N1
4	ﺓمراﺓ	-	-	-	undefined
5	شد	-	-	-	V3
6	!	-	-	-	endDelim

0	.	-	-	-	endDelim
1	.	-	-	-	endDelim
2	ادبیاتکه	-	-	-	N1
3	تا	-	-	-	Pr
4	ابد	-	-	-	A0
5	چین‌دار	-	-	-	A0
6	و	-	-	-	conjunction
7	استاد	-	-	-	A0
8	حفظ	-	-	-	N1
9	و	-	-	-	conjunction
10	حافظه	-	-	-	N1
11	منافع	-	-	-	mokassar
12	مورد	-	-	-	N1
13	حفاظت	-	-	-	N1
14	دانشجواست	-	-	-	undefined
15	،	-	-	-	endDelim
16	پریان	-	-	-	N1
17	پیرین	-	-	-	A0
18	همکه	-	-	-	N1
19	پنیر	-	-	-	N1
20	را	-	-	-	Po
21	برداشته	-	-	-	V2

0	و	-	-	-	conjunction
1	شناکنان	-	-	-	Ad
2	با	-	-	-	Pr
3	آشنایی	-	-	-	N1
4	به	-	-	-	Pr
5	مزه	-	-	-	N1
6	،	-	-	-	endDelim
7	آن	-	-	-	A1
8	را	-	-	-	Po
9	لیمو	-	-	-	N1
10	زدند	-	-	-	V2
11	.	-	-	-	endDelim

0	آنها	-	-	-	N5
1	میل	-	-	-	N1
2	به‌لیمو	-	-	-	N1
3	نداشتند	-	-	-	V2

0	اما	-	-	-	C0
1	سایه	-	-	-	N1
2	ﺓای	-	-	-	undefined
3	سیاﺓین	-	-	-	undefined
4	بازآمدﺓ	-	-	-	undefined
5	و	-	-	-	conjunction
6	بازی	-	-	-	N1
7	زیبایی	-	-	-	N1
8	رابین	-	-	-	N3
9	آنان	-	-	-	N5
10	و	-	-	-	conjunction
11	آدمآن	-	-	-	undefined
12	بﺓ	-	-	-	N1
13	راﺓ	-	-	-	undefined
14	انداخته	-	-	-	A0
15	بودندودما	-	-	-	undefined
16	بالا	-	-	-	A0
17	رفته بود	-	-	-	V2
18	:	-	-	-	endDelim

0	دامهادیگر	-	-	-	undefined
1	تاب	-	-	-	V1

0	این	-	-	-	A1
1	را	-	-	-	Po
2	نداشتند	-	-	-	V2
3	.	-	-	-	endDelim

0	نبات	-	-	-	N1
1	و	-	-	-	conjunction
2	برنج	-	-	-	N1
3	و	-	-	-	conjunction
4	…	-	-	-	abbrv
5	…	-	-	-	abbrv
6	.	-	-	-	endDelim
7	را	-	-	-	Po
8	به	-	-	-	Pr
9	برج	-	-	-	N1
10	بردم	-	-	-	V2

0	مشک	-	-	-	N1
1	مشکین	-	-	-	A0
2	را	-	-	-	Po
3	پر	-	-	-	V1

0	از	-	-	-	Pr
1	آبی	-	-	-	A0
2	کردم	-	-	-	V2

0	تا	-	-	-	Pr
1	شکمش	-	-	-	N1
2	را	-	-	-	Po
3	مانند	-	-	-	N1
4	تشت	-	-	-	N1
5	پر	-	-	-	V1

0	کنم	-	-	-	V1

0	اما	-	-	-	C0
1	شوش	-	-	-	N2
2	تشکش	-	-	-	N1
3	خیس	-	-	-	V1

0	شد	-	-	-	V3
1	.	-	-	-	endDelim

0	تمشک	-	-	-	N1
1	ﺓارمز	-	-	-	undefined
2	رزمندگی	-	-	-	N1
3	در	-	-	-	Pr
4	مرزﺓای	-	-	-	undefined
5	ترمز	-	-	-	N1
6	بریدن	-	-	-	V2

0	یاران	-	-	-	N1
1	دربرابر	-	-	-	Pr1
2	کلم	-	-	-	N1
3	برای	-	-	-	Pr
4	کلمن	-	-	-	N1
5	است	-	-	-	V3
6	.	-	-	-	endDelim

0	ملکی	-	-	-	A0
1	کت	-	-	-	N1
2	برای	-	-	-	Pr
3	ملکﺓهههها	-	-	-	undefined
4	آماده	-	-	-	A0
5	شده بود	-	-	-	V3

0	اما	-	-	-	C0
1	ملکه‌ها	-	-	-	N1
2	در	-	-	-	Pr
3	آن	-	-	-	A1
4	نرفتند	-	-	-	V2

0	اگر	-	-	-	C0
1	پاکان	-	-	-	A0
2	هنر	-	-	-	N1
3	خود	-	-	-	N8
4	را	-	-	-	Po
5	در	-	-	-	Pr
6	پاکت‌شان	-	-	-	N1
7	قرار	-	-	-	N1
8	داده	-	-	-	N1
9	و	-	-	-	conjunction
10	هنری	-	-	-	A0
11	از	-	-	-	Pr
12	خود	-	-	-	N8
13	نشان	-	-	-	V1

0	دهند	-	-	-	V1

0	در	-	-	-	Pr
1	قرون	-	-	-	N1
2	وسطا	-	-	-	A0
3	شهرهای	-	-	-	N1
4	یزد	-	-	-	N2
5	نقرﺓ	-	-	-	undefined
6	و	-	-	-	conjunction
7	سیمین	-	-	-	N3
8	و	-	-	-	conjunction
9	زرین	-	-	-	A0
10	بافتﺓ	-	-	-	undefined
11	تارا	-	-	-	N3
12	می‌یابند	-	-	-	V1
13	.	-	-	-	endDelim

0	کاه	-	-	-	V1

0	که	-	-	-	C0
1	از	-	-	-	Pr
2	آه‌های	-	-	-	N1
3	به	-	-	-	Pr
4	هم	-	-	-	Ad
5	پیوستﺓ	-	-	-	undefined
6	بﺓ	-	-	-	N1
7	وجود	-	-	-	N1
8	آمده	-	-	-	V2

0	ارزش	-	-	-	N1
1	کاهو	-	-	-	N1
2	ندارد	-	-	-	V1

0	و	-	-	-	conjunction
1	ما	-	-	-	N5
2	به	-	-	-	Pr
3	صدمین	-	-	-	Nu
4	لغت	-	-	-	N1
5	از	-	-	-	Pr
6	کلمه‌ها	-	-	-	N1
7	و	-	-	-	conjunction
8	لغات	-	-	-	N1
9	رسیدیم	-	-	-	V2
10	!	-	-	-	endDelim

0	!	-	-	-	endDelim
1	وتا	-	-	-	undefined
2	۱۰۰۰	-	-	-	number
3	هابار	-	-	-	undefined
4	رفتیم	-	-	-	V2
5	؟	-	-	-	endDelim

0	!	-	-	-	endDelim
1	پیراﺓنش	-	-	-	undefined
2	را	-	-	-	Po
3	با	-	-	-	Pr
4	دارچین	-	-	-	N1
5	در	-	-	-	Pr
6	کابینت	-	-	-	N1
7	کﺓ	-	-	-	N1
8	جنگندﺔ	-	-	-	undefined
9	پسرش	-	-	-	N1
10	که	-	-	-	C0
11	در	-	-	-	Pr
12	شومینﺔ	-	-	-	undefined
13	افتاده بود	-	-	-	V2

0	آنجا	-	-	-	Ad
1	بودگذاریده	-	-	-	undefined
2	و	-	-	-	conjunction
3	باخمپاره	-	-	-	N1
4	نمکدان	-	-	-	N1
5	را	-	-	-	Po
6	برداشت	-	-	-	V2
7	.	-	-	-	endDelim

0	صبحانهبا	-	-	-	undefined
1	سلیمان	-	-	-	N3
2	و	-	-	-	conjunction
3	سیمان	-	-	-	N1
4	باقلوا	-	-	-	N1
5	بود	-	-	-	V2
6	.	-	-	-	endDelim

0	شمعدان	-	-	-	N1
1	گردگیری	-	-	-	N1
2	شهریور	-	-	-	N1
3	سرزمینی	-	-	-	N1
4	بی	-	-	-	prefix
5	نگهبان	-	-	-	N1
6	استآیا	-	-	-	undefined
7	تو	-	-	-	N5
8	شلوارکشی	-	-	-	N1
9	که	-	-	-	C0
10	سیاهرگ	-	-	-	N1
11	می‌بری	-	-	-	V1
12	؟	-	-	-	endDelim

0	کهنسالی	-	-	-	A0
1	بلندگو	-	-	-	N1
2	را	-	-	-	Po
3	برداشت	-	-	-	V2

0	…	-	-	-	abbrv
1	.	-	-	-	endDelim
2	.	-	-	-	endDelim
3	گلوبند	-	-	-	N1
4	را	-	-	-	Po
5	دست	-	-	-	N1
6	و	-	-	-	conjunction
7	مهتابی	-	-	-	A0
8	را	-	-	-	Po
9	.	-	-	-	endDelim
10	برد	-	-	-	V2

0	و	-	-	-	conjunction
1	سر	-	-	-	V1

0	گاومیش	-	-	-	N1
1	زدآن	-	-	-	undefined
2	پسر	-	-	-	N1
3	بدهی	-	-	-	N1
4	بار	-	-	-	V1

0	می‌آورد	-	-	-	V2
1	.	-	-	-	endDelim

0	پسرک	-	-	-	N1
1	هوشیار	-	-	-	A0
2	را	-	-	-	Po
3	می‌سنجید	-	-	-	V2

0	سوزن‌بان	-	-	-	N1
1	قصه	-	-	-	N1
2	بادمجان	-	-	-	N1
3	را	-	-	-	Po
4	با	-	-	-	Pr
5	دم	-	-	-	V1

0	جانممقایسه	-	-	-	undefined
1	کرد	-	-	-	V2
2	.	-	-	-	endDelim

0	صندوقچه	-	-	-	N1
1	را	-	-	-	Po
2	درآورد	-	-	-	V2

0	صندوقچه	-	-	-	N1
1	کاری	-	-	-	A0
2	انجام	-	-	-	N1
3	می‌دهد	-	-	-	V1
4	؟	-	-	-	endDelim

0	ماهیگیر	-	-	-	N1
1	دیگر	-	-	-	Ad
2	گیرهای	-	-	-	A0
3	نداشت	-	-	-	V2

0	و	-	-	-	conjunction
1	فرنی	-	-	-	N1
2	خود	-	-	-	N8
3	را	-	-	-	Po
4	حروفچین	-	-	-	N1
5	کرد	-	-	-	V2
6	.	-	-	-	endDelim

0	روزی	-	-	-	N1
1	اختاپوست	-	-	-	N1
2	خم	-	-	-	V1

0	کرد	-	-	-	V2
1	.	-	-	-	endDelim

0	جالباسی	-	-	-	N1
1	هنرپیشه	-	-	-	N1
2	دو	-	-	-	Nu
3	عنوان	-	-	-	N1
4	؟	-	-	-	endDelim
5	!	-	-	-	endDelim
6	که	-	-	-	C0
7	دربست	-	-	-	A0
8	به	-	-	-	Pr
9	آزادی	-	-	-	N1
10	می‌روند	-	-	-	V1
11	.	-	-	-	endDelim

0	با	-	-	-	Pr
1	انبردستش	-	-	-	undefined
2	زخمی	-	-	-	A0
3	شد	-	-	-	V3

0	پنجشنبﺔ	-	-	-	undefined
1	روز	-	-	-	N1
2	فرماندﺔان	-	-	-	undefined
3	در	-	-	-	Pr
4	خاوران	-	-	-	N2
5	با	-	-	-	Pr
6	دوکان	-	-	-	N1
7	و	-	-	-	conjunction
8	کتان‌و‌شال	-	-	-	undefined
9	گردن	-	-	-	N1
10	است	-	-	-	V3
11	.	-	-	-	endDelim

0	شالیزار	-	-	-	N1
1	پر	-	-	-	V1

0	از	-	-	-	Pr
1	بلدرچین	-	-	-	N1
2	ﺔای	-	-	-	undefined
3	کماندار	-	-	-	N1
4	دانمارک	-	-	-	N1
5	که	-	-	-	C0
6	آمده بودند	-	-	-	V2

0	شده بود	-	-	-	V3

0	کﺔ	-	-	-	N1
1	چلوکباب	-	-	-	N1
2	شد	-	-	-	V3

0	و	-	-	-	conjunction
1	من	-	-	-	N5
2	بﺔ	-	-	-	N1
3	ستوان	-	-	-	N1
4	نگفتم	-	-	-	V2
5	.	-	-	-	endDelim

0	استوانﺔ	-	-	-	undefined
1	شکل	-	-	-	N1
2	بیضی	-	-	-	N1
3	دارددد	-	-	-	undefined
4	.	-	-	-	endDelim
5	.	-	-	-	endDelim
6	رفسنجان	-	-	-	N2
7	در	-	-	-	Pr
8	فسنجان	-	-	-	N1
9	فقط	-	-	-	Ad
10	یک	-	-	-	Nu
11	را	-	-	-	Po
12	کم	-	-	-	A0
13	دارد	-	-	-	V1
14	.	-	-	-	endDelim

0	مخابره	-	-	-	N1
1	و	-	-	-	conjunction
2	مخابرات	-	-	-	N1
3	شنوایی	-	-	-	N1
4	و	-	-	-	conjunction
5	روشنایی	-	-	-	N1
6	در	-	-	-	Pr
7	شیروانی	-	-	-	N1
8	از	-	-	-	Pr
9	من	-	-	-	N5
10	می‌گیرند	-	-	-	V1

0	اردوگاه	-	-	-	N1
1	درگاهی	-	-	-	N1
2	بر	-	-	-	Pr
3	برای	-	-	-	Pr
4	کارنامه	-	-	-	N1
5	ارزان	-	-	-	A0
6	رایانه	-	-	-	N1
7	است	-	-	-	V3

0	به	-	-	-	Pr
1	قبرستان	-	-	-	N1
2	پیش	-	-	-	A0
3	نهادثروتمند	-	-	-	undefined
4	سرخ‌پوست	-	-	-	A0
5	سرسخت	-	-	-	A0
6	کلاه‌خود	-	-	-	N1
7	خود	-	-	-	N8
8	را	-	-	-	Po
9	در	-	-	-	Pr
10	داشبورد	-	-	-	undefined
11	گارانتی	-	-	-	N1
12	کرد	-	-	-	V2

0	این	-	-	-	A1
1	سنگاپور	-	-	-	N2
2	علیست	-	-	-	A0
3	چون	-	-	-	C0
4	او	-	-	-	N5
5	همیشه‌ام	-	-	-	undefined
6	.	-	-	-	endDelim
7	ار	-	-	-	undefined
8	.	-	-	-	endDelim
9	ای‌اش	-	-	-	abbrv
10	را	-	-	-	Po
11	در	-	-	-	Pr
12	بیمارستان	-	-	-	N1
13	اغول	-	-	-	undefined
14	.	-	-	-	endDelim
15	باغول	-	-	-	N1
16	.	-	-	-	endDelim
17	دیغ	-	-	-	undefined
18	از	-	-	-	Pr
19	۱۰	-	-	-	number
20	٫	-	-	-	abbrv
21	۵	-	-	-	number
22	سال	-	-	-	N1
23	پیش	-	-	-	A0
24	تابه‌حال	-	-	-	Ad
25	که	-	-	-	C0
26	شده	-	-	-	V3

0	۱۲	-	-	-	number
1	ونیم	-	-	-	N1
2	سال	-	-	-	N1
3	می‌گیرد	-	-	-	V1
4	.	-	-	-	endDelim

0	.	-	-	-	endDelim
1	قلم‌کاری	-	-	-	N1
2	برای	-	-	-	Pr
3	قطعنامه	-	-	-	N1
4	مثل	-	-	-	N1
5	بادبزن	-	-	-	N1
6	برای	-	-	-	Pr
7	بندباز	-	-	-	N1
8	هخامنشی	-	-	-	A0
9	و	-	-	-	conjunction
10	هر	-	-	-	A1
11	دو	-	-	-	Nu
12	همانند	-	-	-	A0
13	است	-	-	-	V3
14	.	-	-	-	endDelim

0	ورزشکار	-	-	-	N1
1	آرام‌بخش	-	-	-	A0
2	بسکتبال	-	-	-	N1
3	و	-	-	-	conjunction
4	بسکتکار	-	-	-	undefined
5	پیشکسوت	-	-	-	N1
6	می‌گراید	-	-	-	V1
7	.	-	-	-	endDelim

0	سیلندر	-	-	-	N1
1	آن	-	-	-	A1
2	کار	-	-	-	N1
3	می‌کند	-	-	-	V1
4	.	-	-	-	endDelim

0	بندباز	-	-	-	N1
1	منشی	-	-	-	N1
2	عجیب	-	-	-	A0
3	داشت	-	-	-	V2
4	.	-	-	-	endDelim

0	اینجانب	-	-	-	N5
1	امیدوارم	-	-	-	A0
2	خنده	-	-	-	N1
3	بور	-	-	-	N1
4	شده باشیم	-	-	-	V3

0	نه	-	-	-	Nu
1	خنده	-	-	-	N1
2	بر	-	-	-	Pr
3	یا	-	-	-	C0
4	خندهبر	-	-	-	N1
5	یا	-	-	-	C0
6	خنده‌بر	-	-	-	N1
7	یا	-	-	-	C0
8	هرکدام	-	-	-	undefined
9	.	-	-	-	endDelim
10	از	-	-	-	Pr
11	آن‌جا	-	-	-	Ad
12	آنجا	-	-	-	Ad
13	برای	-	-	-	Pr
14	ﺓمه‌ی	-	-	-	undefined
15	ما	-	-	-	N5
16	مشخص	-	-	-	A0
17	است	-	-	-	V3

0	در	-	-	-	Pr
1	این	-	-	-	A1
2	جملات	-	-	-	N1
3	نیز	-	-	-	Ad
4	مانند	-	-	-	N1
5	استاندارد	-	-	-	A0
6	نباید	-	-	-	V4

0	استاندارد	-	-	-	A0
1	و	-	-	-	conjunction
2	استان‌دارد	-	-	-	A0
3	اشتباه	-	-	-	A0
4	بنویسیمم	-	-	-	N1
5	.	-	-	-	endDelim
6	همچنین	-	-	-	Ad
7	نباید	-	-	-	V4

0	هم‌چنین	-	-	-	Ad
1	کرد	-	-	-	V2

0	کﺓ	-	-	-	N1
1	کلمات‌مانند‌این‌قسمت‌اینطور‌پشت‌به‌پشت‌هم‌باشد	-	-	-	undefined
2	.	-	-	-	endDelim
3	باتمام	-	-	-	Pr1
4	این	-	-	-	A1
5	تفاسیر	-	-	-	mokassar
6	؟	-	-	-	endDelim
7	!	-	-	-	endDelim
8	قلط	-	-	-	undefined
9	املایی	-	-	-	A0
10	هم	-	-	-	Ad
11	خود	-	-	-	N8
12	عجیب	-	-	-	A0
13	قریب	-	-	-	A0
14	شده است	-	-	-	V3
15	!	-	-	-	endDelim

0	.	-	-	-	endDelim
1	در	-	-	-	Pr
2	این	-	-	-	A1
3	متن	-	-	-	N1
4	غلط	-	-	-	A0
5	املایی	-	-	-	A0
6	هم	-	-	-	Ad
7	هست	-	-	-	V3
8	.	-	-	-	endDelim

0	نمیدونیم	-	-	-	undefined
1	چرا	-	-	-	NA
2	؟	-	-	-	endDelim
3	.	-	-	-	endDelim
4	!	-	-	-	endDelim
5	در	-	-	-	Pr
6	این	-	-	-	A1
7	متن	-	-	-	N1
8	ه‌ها	-	-	-	abbrv
9	و	-	-	-	conjunction
10	ک‌ها	-	-	-	abbrv
11	و‌ی‌ها	-	-	-	conjunction
12	در	-	-	-	Pr
13	مدل‌های	-	-	-	N1
14	مختلف	-	-	-	A0
15	به	-	-	-	Pr
16	در	-	-	-	Pr
17	واحد	-	-	-	A0
18	بررسی	-	-	-	N1
19	به	-	-	-	Pr
20	اختصاری	-	-	-	A0
21	.	-	-	-	endDelim
22	ک	-	-	-	abbrv
23	.	-	-	-	endDelim
24	ه	-	-	-	abbrv
25	حضور	-	-	-	N1
26	دارند	-	-	-	V1
27	.	-	-	-	endDelim

0	در	-	-	-	Pr
1	این	-	-	-	A1
2	متن	-	-	-	N1
3	اسپیس	-	-	-	N1
4	و	-	-	-	conjunction
5	فاصله	-	-	-	N1
6	أصلا	-	-	-	undefined
7	خراب‌هستند	-	-	-	undefined
8	به	-	-	-	Pr
9	دفعات	-	-	-	N1
10	.	-	-	-	endDelim
11	در	-	-	-	Pr
12	این	-	-	-	A1
13	متن	-	-	-	N1
14	نقطه	-	-	-	N1
15	یعنی	-	-	-	C0
16	همین	-	-	-	A1
17	.	-	-	-	endDelim
18	أصلا	-	-	-	undefined
19	معلوم	-	-	-	A0
20	نیست	-	-	-	N1
21	چه	-	-	-	NA
22	چیزی	-	-	-	Ad
23	می‌گوید	-	-	-	V1

0	در	-	-	-	Pr
1	این	-	-	-	A1
2	متن	-	-	-	N1
3	علایم	-	-	-	N1
4	و	-	-	-	conjunction
5	علائم	-	-	-	N1
6	نگارشی	-	-	-	N1
7	معنا	-	-	-	N1
8	ندارد	-	-	-	V1
9	.	-	-	-	endDelim

0	حال	-	-	-	N1
1	برای	-	-	-	Pr
2	بررسی	-	-	-	N1
3	کلمات	-	-	-	N1
4	دیگر	-	-	-	Ad
5	به	-	-	-	Pr
6	چند	-	-	-	NA
7	نمونه	-	-	-	A0
8	از	-	-	-	Pr
9	سری	-	-	-	N1
10	عبارات	-	-	-	N1
11	دیگگگر	-	-	-	undefined
12	روی	-	-	-	Pr1
13	می‌آوریم	-	-	-	V1

0	که	-	-	-	C0
1	تاریخ	-	-	-	N1
2	دارند	-	-	-	V1
3	!	-	-	-	endDelim

0	؛	-	-	-	endDelim
1	من	-	-	-	N5
2	و	-	-	-	conjunction
3	دوستم	-	-	-	N1
4	در	-	-	-	Pr
5	تاریخ	-	-	-	N1
6	۱۲	-	-	-	number
7	٫	-	-	-	abbrv
8	۳	-	-	-	number
9	.	-	-	-	endDelim
10	۹۷	-	-	-	number
11	یا	-	-	-	C0
12	شاید	-	-	-	V2

0	۹۷	-	-	-	number
1	٫	-	-	-	abbrv
2	۱۲	-	-	-	number
3	٫	-	-	-	abbrv
4	۳	-	-	-	number
5	که	-	-	-	C0
6	در	-	-	-	Pr
7	یاد	-	-	-	N1
8	ندارم	-	-	-	A0
9	به	-	-	-	Pr
10	یک	-	-	-	Nu
11	مغازه	-	-	-	N1
12	رفتیم	-	-	-	V2

0	که	-	-	-	C0
1	۱۲	-	-	-	number
2	٫	-	-	-	abbrv
3	۵	-	-	-	number
4	بشقاب	-	-	-	N1
5	بخریم	-	-	-	N1
6	.	-	-	-	endDelim
7	دوستم	-	-	-	N1
8	در	-	-	-	Pr
9	همان	-	-	-	A1
10	وضعیت	-	-	-	N1
11	در	-	-	-	Pr
12	۱۲	-	-	-	number
13	/	-	-	-	betwDelim
14	۵	-	-	-	number
15	/	-	-	-	betwDelim
16	۱۳۹۷	-	-	-	number
17	باز	-	-	-	V1

0	به	-	-	-	Pr
1	مغازه	-	-	-	N1
2	مذکور	-	-	-	A0
3	مراجعه	-	-	-	N1
4	کرد	-	-	-	V2
5	!	-	-	-	endDelim

0	!	-	-	-	endDelim
1	!	-	-	-	endDelim
2	!	-	-	-	endDelim
3	!	-	-	-	endDelim
4	!	-	-	-	endDelim
5	!	-	-	-	endDelim
6	به	-	-	-	Pr
7	دوست	-	-	-	N1
8	خود	-	-	-	N8
9	گفتم	-	-	-	V2

0	چرا	-	-	-	NA
1	۱۳۹۷	-	-	-	number
2	/	-	-	-	betwDelim
3	۵	-	-	-	number
4	/	-	-	-	betwDelim
5	۱۲	-	-	-	number
6	نرفتی	-	-	-	V2

0	که	-	-	-	C0
1	گفت	-	-	-	V2

0	به	-	-	-	Pr
1	تو	-	-	-	N5
2	چه	-	-	-	NA
3	!	-	-	-	endDelim
4	!	-	-	-	endDelim
5	!	-	-	-	endDelim
6	!	-	-	-	endDelim
7	!	-	-	-	endDelim
8	؟	-	-	-	endDelim
9	من	-	-	-	N5
10	هم	-	-	-	Ad
11	که	-	-	-	C0
12	ناراحت	-	-	-	A0
13	بودم	-	-	-	V2

0	در	-	-	-	Pr
1	حساب	-	-	-	N1
2	بانکی‌ام	-	-	-	A0
3	به	-	-	-	Pr
4	شماره	-	-	-	N1
5	۴۳۵	-	-	-	number
6	،	-	-	-	endDelim
7	۲۳	-	-	-	number
8	،	-	-	-	endDelim
9	۲۴۲۳۴۲۵	-	-	-	number
10	۱۲	-	-	-	number
11	،	-	-	-	endDelim
12	۱۲۳۱۴	-	-	-	number
13	،	-	-	-	endDelim
14	۱۲۳۱۲	-	-	-	number
15	تومان	-	-	-	N1
16	پول	-	-	-	N1
17	ریختم	-	-	-	V2

0	بعد	-	-	-	A0
1	رفتم	-	-	-	V2

0	و	-	-	-	conjunction
1	۱۲۳	-	-	-	number
2	٫	-	-	-	abbrv
3	۱۲۳	-	-	-	number
4	٫	-	-	-	abbrv
5	۲۳۵	-	-	-	number
6	.	-	-	-	endDelim
7	۳۴۵	-	-	-	number
8	٫	-	-	-	abbrv
9	۳۴۵	-	-	-	number
10	را	-	-	-	Po
11	که	-	-	-	C0
12	بهبود	-	-	-	N1
13	به	-	-	-	Pr
14	دلار	-	-	-	N1
15	کردم	-	-	-	V2

0	شد	-	-	-	V3

0	۲	-	-	-	number
1	‌$	-	-	-	Si
2	و	-	-	-	conjunction
3	از	-	-	-	Pr
4	تعجب	-	-	-	N1
5	بی‌هوش	-	-	-	A0
6	شدم	-	-	-	V3
7	!	-	-	-	endDelim

0	در	-	-	-	Pr
1	همین	-	-	-	A1
2	حین	-	-	-	N1
3	فکر	-	-	-	N1
4	کردم	-	-	-	V2

0	شاید	-	-	-	V2

0	بهتر	-	-	-	A0
1	بود	-	-	-	V2

0	و	-	-	-	conjunction
1	۱۲۳	-	-	-	number
2	،	-	-	-	endDelim
3	۱۲۳	-	-	-	number
4	،	-	-	-	endDelim
5	۲۳۵	-	-	-	number
6	،	-	-	-	endDelim
7	۳۴۵	-	-	-	number
8	،	-	-	-	endDelim
9	۳۴۵	-	-	-	number
10	تومان	-	-	-	N1
11	را	-	-	-	Po
12	آدامس	-	-	-	N1
13	می‌خریدم	-	-	-	V2
14	!	-	-	-	endDelim

0	اما	-	-	-	C0
1	متوجه	-	-	-	A0
2	شدم	-	-	-	V3

0	بهترین	-	-	-	A0
1	کار	-	-	-	N1
2	آنست	-	-	-	undefined
3	که	-	-	-	C0
4	و	-	-	-	conjunction
5	۱۲۳	-	-	-	number
6	/	-	-	-	betwDelim
7	۱۲۳	-	-	-	number
8	/	-	-	-	betwDelim
9	۲۳۵	-	-	-	number
10	/	-	-	-	betwDelim
11	۳۴۵	-	-	-	number
12	/	-	-	-	betwDelim
13	۳۴۵	-	-	-	number
14	را	-	-	-	abbrv
15	به	-	-	-	Pr
16	دوست	-	-	-	N1
17	دیگرم	-	-	-	N1
18	که	-	-	-	C0
19	۱۲۳	-	-	-	number
20	/	-	-	-	betwDelim
21	۱۲۳	-	-	-	number
22	/	-	-	-	betwDelim
23	۲۳۵	-	-	-	number
24	/	-	-	-	betwDelim
25	۳۴۵	-	-	-	number
26	/	-	-	-	betwDelim
27	۳۴۵	-	-	-	number
28	﷼	-	-	-	abbrv
29	می‌خواهد بدهم	-	-	-	V1

0	و	-	-	-	conjunction
1	همین	-	-	-	A1
2	شد	-	-	-	V3

0	که	-	-	-	C0
1	برگشتم	-	-	-	V2

0	و	-	-	-	conjunction
1	دلار	-	-	-	N1
2	خود	-	-	-	N8
3	را	-	-	-	Po
4	ریال	-	-	-	N1
5	کردم	-	-	-	V2

0	اما	-	-	-	C0
1	باز	-	-	-	V1

0	به	-	-	-	Pr
1	من	-	-	-	N5
2	۲	-	-	-	number
3	٫	-	-	-	abbrv
4	۵	-	-	-	number
5	میلیون	-	-	-	Nu
6	دادند	-	-	-	V2

0	و	-	-	-	conjunction
1	بقیه	-	-	-	A0
2	را	-	-	-	Po
3	با	-	-	-	Pr
4	کلاهم	-	-	-	N1
5	برداشتند	-	-	-	V2

0	و	-	-	-	conjunction
1	بردند	-	-	-	V2
2	!	-	-	-	endDelim

0	حالا	-	-	-	Ad
1	من	-	-	-	N5
2	با	-	-	-	Pr
3	۲	-	-	-	number
4	،	-	-	-	endDelim
5	۵	-	-	-	number
6	میلیون	-	-	-	Nu
7	که	-	-	-	C0
8	می‌شود	-	-	-	V1

0	۰	-	-	-	number
1	/	-	-	-	betwDelim
2	۲۵	-	-	-	number
3	یا	-	-	-	C0
4	۲۵	-	-	-	number
5	/	-	-	-	betwDelim
6	۰	-	-	-	number
7	میلیون	-	-	-	Nu
8	تومان	-	-	-	N1
9	دیگر	-	-	-	Ad
10	کاری	-	-	-	A0
11	نمی‌توانم	-	-	-	V4

0	انجام	-	-	-	N1
1	بدهم	-	-	-	V1
2	.	-	-	-	endDelim

0	به	-	-	-	Pr
1	خانه	-	-	-	N1
2	رفتم	-	-	-	V2

0	و	-	-	-	conjunction
1	دومینو	-	-	-	N1
2	را	-	-	-	Po
3	برداشتم	-	-	-	V2

0	در	-	-	-	Pr
1	آشپزخانه	-	-	-	N1
2	تاس	-	-	-	A0
3	کباب	-	-	-	N1
4	را	-	-	-	Po
5	با	-	-	-	Pr
6	زخم‌زبان	-	-	-	N1
7	و	-	-	-	conjunction
8	سیرابی	-	-	-	N1
9	درست	-	-	-	A0
10	کردم	-	-	-	V2
11	.	-	-	-	endDelim

0	باوجود	-	-	-	Pr1
1	چين‌و‌چروك	-	-	-	N1
2	بسیار	-	-	-	A0
3	فیلم	-	-	-	N1
4	ماتریکس	-	-	-	undefined
5	را	-	-	-	Po
6	که	-	-	-	C0
7	موجوداتی	-	-	-	A0
8	عجیب	-	-	-	A0
9	در	-	-	-	Pr
10	آن	-	-	-	A1
11	بودند	-	-	-	V2

0	گذاشتم	-	-	-	V2

0	و	-	-	-	conjunction
1	مشغول	-	-	-	A0
2	دیدن	-	-	-	V2

0	هفتیر	-	-	-	undefined
1	کش‌ها	-	-	-	N1
2	شدم	-	-	-	V3

0	روی	-	-	-	Pr1
1	گاز	-	-	-	N1
2	چای	-	-	-	V1

0	گل‌گاوزبان	-	-	-	N1
1	دم	-	-	-	V1

0	کرده بود	-	-	-	V2
1	.	-	-	-	endDelim

0	و	-	-	-	abbrv
1	روی	-	-	-	Pr1
2	میز	-	-	-	N1
3	شیرتوشیر	-	-	-	A0
4	و	-	-	-	conjunction
5	پر	-	-	-	V1

0	از	-	-	-	Pr
1	خیار	-	-	-	N1
2	مجلسی	-	-	-	A0
3	و	-	-	-	conjunction
4	در	-	-	-	Pr
5	کنار	-	-	-	N1
6	موز	-	-	-	N1
7	مار	-	-	-	N1
8	قرار	-	-	-	N1
9	داشت	-	-	-	V2
10	.	-	-	-	endDelim

0	سررسید	-	-	-	N1
1	بدهکاری‌هایم	-	-	-	N1
2	از	-	-	-	Pr
3	بیکاری	-	-	-	N1
4	زیاد	-	-	-	A0
5	و	-	-	-	conjunction
6	رودربایستی	-	-	-	N1
7	با	-	-	-	Pr
8	کسانی	-	-	-	N1
9	که	-	-	-	C0
10	به	-	-	-	Pr
11	آنها	-	-	-	N5
12	پول	-	-	-	N1
13	قرض	-	-	-	N1
14	داده بودم	-	-	-	V2

0	سر	-	-	-	V1

0	رسیده بود	-	-	-	V2
1	.	-	-	-	endDelim

0	برای	-	-	-	Pr
1	خود	-	-	-	N8
2	که	-	-	-	C0
3	از	-	-	-	Pr
4	گذشته	-	-	-	A0
5	قبری	-	-	-	N1
6	کنده	-	-	-	A0
7	بودم	-	-	-	V2

0	اما	-	-	-	C0
1	در	-	-	-	Pr
2	آن	-	-	-	A1
3	گور	-	-	-	V1

0	خری	-	-	-	V1

0	خوابیده بود	-	-	-	V2
1	.	-	-	-	endDelim

0	پیتزا	-	-	-	N1
1	را	-	-	-	Po
2	خریدم	-	-	-	V2

0	و	-	-	-	conjunction
1	رویان	-	-	-	V1

0	سس	-	-	-	N1
1	خردل	-	-	-	N1
2	بر	-	-	-	Pr
3	رویش	-	-	-	N1
4	نون	-	-	-	abbrv
5	کنجدی	-	-	-	A0
6	جا	-	-	-	N1
7	خوش	-	-	-	A0
8	کرده بود	-	-	-	V2
9	.	-	-	-	endDelim

0	شروع	-	-	-	N1
1	به	-	-	-	Pr
2	درست	-	-	-	A0
3	کردن	-	-	-	V2

0	کاردستی‌های	-	-	-	N1
1	عجیب	-	-	-	A0
2	کردم	-	-	-	V2
3	.	-	-	-	endDelim

0	کتاب	-	-	-	N1
1	حیدربابا	-	-	-	N3
2	در	-	-	-	Pr
3	کتابخانه	-	-	-	N1
4	خاک	-	-	-	N1
5	گرفته بود	-	-	-	V2
6	،	-	-	-	endDelim

0	،	-	-	-	endDelim
1	آخرین	-	-	-	N1
2	بار	-	-	-	V1

0	آن	-	-	-	A1
1	را	-	-	-	Po
2	از	-	-	-	Pr
3	یک	-	-	-	Nu
4	آب‌زیرکاه	-	-	-	A0
5	لیموزین	-	-	-	undefined
6	سوار	-	-	-	N1
7	گرفتم	-	-	-	V2
8	.	-	-	-	endDelim

0	بعضی	-	-	-	A2
1	می‌گویند	-	-	-	V1

0	در	-	-	-	Pr
1	ماهشهر	-	-	-	N2
2	پرچین	-	-	-	N1
3	و	-	-	-	conjunction
4	چهارچوب	-	-	-	N1
5	وجود	-	-	-	N1
6	ندارد	-	-	-	V1

0	و	-	-	-	conjunction
1	برخی	-	-	-	A2
2	دنبال	-	-	-	N1
3	ستاره	-	-	-	N1
4	دنباله‌دار	-	-	-	A0
5	دربه‌در	-	-	-	A0
6	شدندولی	-	-	-	undefined
7	من	-	-	-	N5
8	شنیدم	-	-	-	V2

0	«	-	-	-	startDelim
1	دود	-	-	-	N1
2	از	-	-	-	Pr
3	کنده	-	-	-	A0
4	بلند	-	-	-	A0
5	میشه	-	-	-	N1
6	»	-	-	-	endDelim
7	(	-	-	-	startDelim
8	عجیب‌به‌نظر	-	-	-	undefined
9	می‌آید	-	-	-	V1
10	)	-	-	-	endDelim

0	.	-	-	-	endDelim
1	راستی	-	-	-	N1
2	برای	-	-	-	Pr
3	ارقام	-	-	-	N1
4	عربی	-	-	-	A0
5	دقت	-	-	-	N1
6	کنید	-	-	-	V1

0	که	-	-	-	C0
1	به	-	-	-	Pr
2	قسمت	-	-	-	N1
3	تنظیمات	-	-	-	N1
4	ورد	-	-	-	V1

0	بروید	-	-	-	A0
1	.	-	-	-	endDelim
2	برای	-	-	-	Pr
3	این	-	-	-	A1
4	کار	-	-	-	N1
5	:	-	-	-	endDelim
6	در	-	-	-	Pr
7	ورد	-	-	-	V1

0	۲۰۱۰	-	-	-	number
1	:	-	-	-	endDelim
2	روی	-	-	-	Pr1
3	نوار	-	-	-	N1
4	File	-	-	-	englishWord
5	کلیک	-	-	-	N1
6	کنید	-	-	-	V1
7	،	-	-	-	endDelim

0	و	-	-	-	conjunction
1	از	-	-	-	Pr
2	منوی	-	-	-	N1
3	سمت	-	-	-	N1
4	چپ	-	-	-	V1
5	،	-	-	-	endDelim

0	را	-	-	-	Po
1	انتخاب	-	-	-	N1
2	کنید	-	-	-	V1
3	.	-	-	-	endDelim

0	در	-	-	-	Pr
1	ورد	-	-	-	V1

0	۲۰۰۷	-	-	-	number
1	:	-	-	-	endDelim
2	روی	-	-	-	Pr1
3	آیکون	-	-	-	undefined
4	گرد	-	-	-	V1

0	آفیس	-	-	-	undefined
1	در	-	-	-	Pr
2	سمت	-	-	-	N1
3	بالا	-	-	-	A0
4	-	-	-	-	betwDelim
5	چپ	-	-	-	V1

0	کلیک	-	-	-	N1
1	کنید	-	-	-	V1

0	و	-	-	-	conjunction
1	از	-	-	-	Pr
2	منوی	-	-	-	N1
3	باز	-	-	-	V1

0	شده	-	-	-	V3
1	،	-	-	-	endDelim

0	از	-	-	-	Pr
1	پایین	-	-	-	A0
2	منو	-	-	-	N1
3	،	-	-	-	endDelim
4	دکمه‌ی	-	-	-	N1
5	را	-	-	-	Po
6	انتخاب	-	-	-	N1
7	کنید	-	-	-	V1
8	.	-	-	-	endDelim

0	در	-	-	-	Pr
1	ورد	-	-	-	V1

0	۲۰۰۳	-	-	-	number
1	:	-	-	-	endDelim
2	از	-	-	-	Pr
3	منوی	-	-	-	N1
4	بالا	-	-	-	A0
5	را	-	-	-	Po
6	انتخاب	-	-	-	N1
7	کنید	-	-	-	V1
8	.	-	-	-	endDelim

0	اینم	-	-	-	undefined
1	که	-	-	-	C0
2	اینجا	-	-	-	N1
3	می‌بینی	-	-	-	V1

0	یه	-	-	-	N1
1	سری	-	-	-	N1
2	از	-	-	-	Pr
3	نمونه	-	-	-	A0
4	اعداده	-	-	-	undefined
5	که	-	-	-	C0
6	من	-	-	-	N5
7	براتون	-	-	-	N1
8	گذاشتم	-	-	-	V2

0	حالشو	-	-	-	undefined
1	ببرین	-	-	-	A0
2	هورااااا	-	-	-	undefined
3	*	-	-	-	endDelim
4	٠	-	-	-	number
5	۰	-	-	-	number
6	١	-	-	-	number
7	۱	-	-	-	number
8	٢	-	-	-	number
9	۲	-	-	-	number
10	٣	-	-	-	number
11	۳	-	-	-	number
12	٤	-	-	-	number
13	۳	-	-	-	number
14	۴	-	-	-	number
15	٥	-	-	-	number
16	۵	-	-	-	number
17	٦	-	-	-	number
18	۶	-	-	-	number
19	٧	-	-	-	number
20	۳	-	-	-	number
21	۷	-	-	-	number
22	٨	-	-	-	number
23	۸	-	-	-	number
24	٩	-	-	-	number
25	۳	-	-	-	number
26	۹	-	-	-	number
27	١٠	-	-	-	number
28	۳	-	-	-	number
29	۱۰	-	-	-	number
