
0	در	-	-	-	Pr
1	شب	-	-	-	N1
2	شبنم	-	-	-	N1
3	نم‌نم	-	-	-	Ad
4	نم	-	-	-	N1
5	را	-	-	-	Po
6	بر	-	-	-	Pr
7	تن	-	-	-	V1

0	گلبرگ	-	-	-	N1
1	پوشاند	-	-	-	V2
2	.	-	-	-	endDelim

0	سخنان	-	-	-	N1
1	خاطر	-	-	-	N1
2	پریشان	-	-	-	A0
3	خاطرم	-	-	-	N1
4	را	-	-	-	Po
5	پریشان	-	-	-	A0
6	می‌کند	-	-	-	V1
7	.	-	-	-	endDelim

0	به	-	-	-	Pr
1	خاطر	-	-	-	N1
2	زیادی	-	-	-	A0
3	رویش	-	-	-	N1
4	رویش	-	-	-	N1
5	از	-	-	-	Pr
6	رویش	-	-	-	N1
7	ریش	-	-	-	N1
8	کم	-	-	-	A0
9	شد	-	-	-	V3
10	.	-	-	-	endDelim

0	دانه	-	-	-	N1
1	دانست	-	-	-	V2

0	که	-	-	-	C0
1	دانه	-	-	-	N1
2	ست	-	-	-	N1
3	و	-	-	-	conjunction
4	می‌روید	-	-	-	V1

0	که	-	-	-	C0
1	به	-	-	-	Pr
2	زیر	-	-	-	A0
3	رفت	-	-	-	V2

0	شما	-	-	-	N5
1	چرا	-	-	-	NA
2	می‌روید	-	-	-	V1
3	.	-	-	-	endDelim

0	بی‌تا	-	-	-	A0
1	بی‌تابی	-	-	-	N1
2	می‌کرد	-	-	-	V2

0	چون	-	-	-	C0
1	بی‌تا	-	-	-	A0
2	نبود	-	-	-	N1
3	.	-	-	-	endDelim
4	سه	-	-	-	Nu
5	تا	-	-	-	Pr
6	سه	-	-	-	Nu
7	تا	-	-	-	Pr
8	سه‌تار	-	-	-	N1
9	سه‌تار	-	-	-	N1
10	را	-	-	-	Po
11	برداشت	-	-	-	V2
12	.	-	-	-	endDelim

0	شهره	-	-	-	N3
1	شهره	-	-	-	N3
2	شهر	-	-	-	N1
3	است	-	-	-	V3
4	.	-	-	-	endDelim

0	در	-	-	-	Pr
1	این	-	-	-	A1
2	درگه	-	-	-	N1
3	که	-	-	-	C0
4	گه	-	-	-	Ad
5	گه	-	-	-	Ad
6	که	-	-	-	C0
7	که	-	-	-	C0
8	و	-	-	-	conjunction
9	که	-	-	-	C0
10	که	-	-	-	C0
11	شود	-	-	-	V1

0	ناگه	-	-	-	Ad
1	مشو	-	-	-	undefined
2	غره	-	-	-	N1
3	به	-	-	-	Pr
4	امروزت	-	-	-	N1
5	که	-	-	-	C0
6	از	-	-	-	Pr
7	فردا	-	-	-	Ad
8	نهایی	-	-	-	A0
9	آگه	-	-	-	A0
10	.	-	-	-	endDelim
11	تو	-	-	-	N5
12	خود	-	-	-	N8
13	ناگه	-	-	-	Ad
14	وصالم	-	-	-	N1
15	داده	-	-	-	N1
16	ایی	-	-	-	A0
17	بر	-	-	-	Pr
18	درگه	-	-	-	N1
19	فضلت	-	-	-	N1
20	که	-	-	-	C0
21	گه	-	-	-	Ad
22	گه	-	-	-	Ad
23	دل	-	-	-	N1
24	کجا	-	-	-	NA
25	آگه	-	-	-	A0
26	شود	-	-	-	V1

0	از	-	-	-	Pr
1	در	-	-	-	Pr
2	گهت	-	-	-	N1
3	هرگه	-	-	-	Ad
4	.	-	-	-	endDelim
5	صدیقه	-	-	-	N3
6	صدیقه	-	-	-	N3
7	دوخت	-	-	-	V2
8	.	-	-	-	endDelim

0	آنقدر	-	-	-	Ad
1	بست	-	-	-	N1
2	نشست	-	-	-	V2

0	تا	-	-	-	Pr
1	آب	-	-	-	N1
2	را	-	-	-	Po
3	بست	-	-	-	N1
4	.	-	-	-	endDelim
5	دوش	-	-	-	V1

0	دوشش	-	-	-	V1

0	را	-	-	-	Po
1	بست	-	-	-	N1
2	و	-	-	-	conjunction
3	بردوشش	-	-	-	V2

0	گذاشت	-	-	-	V2

0	و	-	-	-	conjunction
1	گاو	-	-	-	N1
2	را	-	-	-	Po
3	دوشید	-	-	-	V2
4	.	-	-	-	endDelim

0	مهمه	-	-	-	N1
1	را	-	-	-	Po
2	مهار	-	-	-	N1
3	کرد	-	-	-	V2
4	.	-	-	-	endDelim

0	ما	-	-	-	N5
1	زیاد	-	-	-	A0
2	زیاد	-	-	-	A0
3	می‌رویم	-	-	-	V1
4	.	-	-	-	endDelim

0	پرسید	-	-	-	V2

0	برای	-	-	-	Pr
1	شام	-	-	-	N1
2	چه	-	-	-	NA
3	شامی	-	-	-	N1
4	داریم	-	-	-	V1

0	گفتم	-	-	-	V2

0	شامی	-	-	-	N1
1	.	-	-	-	endDelim
2	با	-	-	-	Pr
3	صدای	-	-	-	N1
4	بلند	-	-	-	A0
5	آواز	-	-	-	N1
6	سرداد	-	-	-	undefined
7	که	-	-	-	C0
8	هوای	-	-	-	N1
9	سرد	-	-	-	A0
10	سردرد	-	-	-	N1
11	می‌آورد	-	-	-	V2
12	.	-	-	-	endDelim

0	سبک	-	-	-	N1
1	سبکی	-	-	-	A0
2	را	-	-	-	Po
3	برای	-	-	-	Pr
4	نوشتن	-	-	-	V2

0	دارد	-	-	-	V1
1	.	-	-	-	endDelim

0	شعر	-	-	-	N1
1	را	-	-	-	Po
2	از	-	-	-	Pr
3	بر	-	-	-	Pr
4	خواند	-	-	-	V2
5	.	-	-	-	endDelim

0	به	-	-	-	Pr
1	را	-	-	-	Po
2	خورد	-	-	-	V2

0	و	-	-	-	conjunction
1	گفت	-	-	-	V2

0	به	-	-	-	Pr
1	به	-	-	-	Pr
2	به	-	-	-	Pr
3	این	-	-	-	A1
4	به	-	-	-	Pr
5	!	-	-	-	endDelim
6	درست	-	-	-	A0
7	درست	-	-	-	A0
8	را	-	-	-	Po
9	بخوان	-	-	-	V1
10	.	-	-	-	endDelim

0	چوبخط	-	-	-	N1
1	خطی	-	-	-	A0
2	پر	-	-	-	V1

0	از	-	-	-	Pr
1	چوبخط	-	-	-	N1
2	بود	-	-	-	V2
3	.	-	-	-	endDelim

0	چهار	-	-	-	Nu
1	پایان	-	-	-	N1
2	پایان	-	-	-	N1
3	راه	-	-	-	N1
4	را	-	-	-	Po
5	پاییدند	-	-	-	undefined
6	.	-	-	-	endDelim
7	یک	-	-	-	Nu
8	فرد	-	-	-	N1
9	با	-	-	-	Pr
10	لباس	-	-	-	N1
11	راه‌راه	-	-	-	A0
12	راه‌بندان	-	-	-	N1
13	به	-	-	-	Pr
14	راه	-	-	-	N1
15	انداخته بود	-	-	-	V2
16	.	-	-	-	endDelim

0	نم‌نمک	-	-	-	Ad
1	نمک	-	-	-	N1
2	را	-	-	-	Po
3	به	-	-	-	Pr
4	غذا	-	-	-	N1
5	اضافه	-	-	-	A0
6	کن	-	-	-	V1
7	.	-	-	-	endDelim

0	چون	-	-	-	C0
1	هوا	-	-	-	N1
2	تاریک	-	-	-	A0
3	است	-	-	-	V3

0	در	-	-	-	Pr
1	بامداد	-	-	-	N1
2	بامداد	-	-	-	N1
3	بنویس	-	-	-	V1

0	تا	-	-	-	Pr
1	بتوانی	-	-	-	V1

0	با	-	-	-	Pr
1	پاک‌کن	-	-	-	N1
2	آن	-	-	-	A1
3	را	-	-	-	Po
4	پاک	-	-	-	A0
5	کنی	-	-	-	V1
6	.	-	-	-	endDelim

0	از	-	-	-	Pr
1	بس	-	-	-	A0
2	به	-	-	-	Pr
3	من	-	-	-	N5
4	گفت	-	-	-	V2

0	نترس	-	-	-	A0
1	!	-	-	-	endDelim
2	تا	-	-	-	Pr
3	من	-	-	-	N5
4	نترس	-	-	-	A0
5	به	-	-	-	Pr
6	بار	-	-	-	V1

0	آمدم	-	-	-	V2
1	.	-	-	-	endDelim

0	حس	-	-	-	N1
1	کردم	-	-	-	V2

0	دستم	-	-	-	N1
1	بی‌حس	-	-	-	A0
2	شده است	-	-	-	V3
3	.	-	-	-	endDelim

0	گزیده	-	-	-	A0
1	حرفش	-	-	-	N1
2	این	-	-	-	A1
3	بود	-	-	-	V2

0	که	-	-	-	C0
1	ما	-	-	-	N5
2	را	-	-	-	Po
3	مار	-	-	-	N1
4	گزیده است	-	-	-	V2
5	.	-	-	-	endDelim

0	با	-	-	-	Pr
1	گویش	-	-	-	N1
2	خاصی	-	-	-	A0
3	گفت	-	-	-	V2

0	گویش	-	-	-	N1
1	را	-	-	-	Po
2	بردار	-	-	-	V1
3	.	-	-	-	endDelim

0	باآن‌که	-	-	-	C1
1	اتاق	-	-	-	N1
2	سوت‌وکور	-	-	-	A0
3	بود	-	-	-	V2

0	باز	-	-	-	V1

0	هم‌صدایی	-	-	-	N1
1	شنیده نمی‌شد	-	-	-	V2
2	.	-	-	-	endDelim

0	قدم	-	-	-	N1
1	قدم	-	-	-	N1
2	جلو	-	-	-	A0
3	رفتم	-	-	-	V2

0	و	-	-	-	conjunction
1	قدم	-	-	-	N1
2	را	-	-	-	Po
3	خم	-	-	-	V1

0	کردم	-	-	-	V2
1	.	-	-	-	endDelim

0	سرو	-	-	-	N1
1	صورتش	-	-	-	N1
2	را	-	-	-	Po
3	سایه	-	-	-	N1
4	انداخته بود	-	-	-	V2
5	.	-	-	-	endDelim

0	یک	-	-	-	Nu
1	ماهی	-	-	-	N1
2	ماهی	-	-	-	N1
3	چندین	-	-	-	A0
4	لیتر	-	-	-	N1
5	آب	-	-	-	N1
6	می‌خورد	-	-	-	V2
7	.	-	-	-	endDelim

0	سراسیمه	-	-	-	A0
1	گفت	-	-	-	V2

0	کی	-	-	-	NA
1	برد	-	-	-	V2

0	را	-	-	-	Po
1	کی	-	-	-	NA
2	برد	-	-	-	V2
3	؟	-	-	-	endDelim

0	به	-	-	-	Pr
1	پایان	-	-	-	N1
2	آمد	-	-	-	V2

0	این	-	-	-	A1
1	دفتر	-	-	-	N1
2	حکایت	-	-	-	N1
3	همچنان	-	-	-	Ad
4	باقیست	-	-	-	N1
5	.	-	-	-	endDelim
6	هرچه	-	-	-	Ad
7	درسر	-	-	-	Pr1
8	داشت	-	-	-	V2

0	را	-	-	-	Po
1	به	-	-	-	Pr
2	کار	-	-	-	N1
3	گرفت	-	-	-	V2
4	.	-	-	-	endDelim

0	مادر	-	-	-	N1
1	بی	-	-	-	prefix
2	تو	-	-	-	N5
3	مادرمانده‌ایم	-	-	-	undefined
4	.	-	-	-	endDelim
5	باهر	-	-	-	N4
6	که	-	-	-	C0
7	گشتم	-	-	-	V3

0	دیوانه	-	-	-	A0
1	گشتم	-	-	-	V3
2	.	-	-	-	endDelim

0	حالاکه	-	-	-	C1
1	خوب	-	-	-	A0
2	فکر	-	-	-	N1
3	می‌کنم	-	-	-	V1

0	او	-	-	-	N5
1	پربیراه	-	-	-	A0
2	نمی‌گفت	-	-	-	V2
3	.	-	-	-	endDelim

0	با	-	-	-	Pr
1	تکان	-	-	-	V1

0	دادن	-	-	-	V2

0	لب	-	-	-	N1
1	لب	-	-	-	N1
2	کلام	-	-	-	N1
3	را	-	-	-	Po
4	گفت	-	-	-	V2
5	.	-	-	-	endDelim

0	او	-	-	-	N5
1	را	-	-	-	Po
2	ضمیر	-	-	-	N1
3	ناخود	-	-	-	N1
4	آگاهش	-	-	-	V1

0	آگاهش	-	-	-	V1

0	کرد	-	-	-	V2
1	.	-	-	-	endDelim

0	او	-	-	-	N5
1	خودکار	-	-	-	A0
2	خودکار	-	-	-	A0
3	خودکارش	-	-	-	A0
4	را	-	-	-	Po
5	انجام	-	-	-	N1
6	می‌داد	-	-	-	V2
7	.	-	-	-	endDelim

0	دزد	-	-	-	V1

0	به	-	-	-	Pr
1	قصد	-	-	-	N1
2	دستبرد	-	-	-	N1
3	به	-	-	-	Pr
4	سمت	-	-	-	N1
5	کیف	-	-	-	N1
6	دستبرد	-	-	-	N1
7	.	-	-	-	endDelim
8	روش	-	-	-	N1
9	و	-	-	-	conjunction
10	سنت	-	-	-	N1
11	اینجا	-	-	-	N1
12	اینگونه	-	-	-	Ad
13	است	-	-	-	V3

0	که	-	-	-	C0
1	باید	-	-	-	V4

0	سنت	-	-	-	N1
1	را	-	-	-	Po
2	بگویی	-	-	-	V1
3	.	-	-	-	endDelim

0	شاهی	-	-	-	A0
1	را	-	-	-	Po
2	دیدم	-	-	-	V2

0	که	-	-	-	C0
1	حتی	-	-	-	Ad
2	یک	-	-	-	Nu
3	شاهی	-	-	-	A0
4	راهم	-	-	-	N1
5	هدیه	-	-	-	N1
6	نمی‌داد	-	-	-	V2
7	.	-	-	-	endDelim

0	راهم	-	-	-	N1
1	راهم	-	-	-	N1
2	بستند	-	-	-	N1
3	.	-	-	-	endDelim
4	تشکر	-	-	-	N1
5	زبانی	-	-	-	A0
6	زبانی	-	-	-	A0
7	این	-	-	-	A1
8	مجلس	-	-	-	N1
9	کافی	-	-	-	A0
10	نیست	-	-	-	N1
11	.	-	-	-	endDelim
12	نقاش	-	-	-	N1
13	بعداز	-	-	-	Pr1
14	اینکه	-	-	-	Ad
15	یکدست	-	-	-	A0
16	کشید	-	-	-	V2

0	از	-	-	-	Pr
1	کارش	-	-	-	N1
2	دست	-	-	-	N1
3	کشید	-	-	-	V2
4	.	-	-	-	endDelim

0	معلم	-	-	-	N4
1	در	-	-	-	Pr
2	کلاس	-	-	-	N1
3	زیست	-	-	-	V2

0	بی‌هوا	-	-	-	Ad
1	گفت	-	-	-	V2

0	بی‌هوا	-	-	-	Ad
1	نمی‌توان	-	-	-	V4

0	زیست	-	-	-	V2
1	.	-	-	-	endDelim

0	تحقیقات	-	-	-	N1
1	سری	-	-	-	N1
2	خاطرنشان	-	-	-	A0
3	کرده‌اند	-	-	-	V2

0	که	-	-	-	C0
1	موهای	-	-	-	N1
2	کمند	-	-	-	N1
3	کمند	-	-	-	N1
4	.	-	-	-	endDelim
5	مار	-	-	-	N1
6	سمی	-	-	-	A0
7	سمش	-	-	-	N1
8	سمی	-	-	-	A0
9	کشنده	-	-	-	A0
10	است	-	-	-	V3
11	.	-	-	-	endDelim

0	گوسفند	-	-	-	N1
1	سمش	-	-	-	N1
2	را	-	-	-	Po
3	به	-	-	-	Pr
4	زمین	-	-	-	N1
5	کوبید	-	-	-	V2
6	.	-	-	-	endDelim

0	باد	-	-	-	N1
1	ابرها	-	-	-	N1
2	را	-	-	-	Po
3	پراکنده	-	-	-	A0
4	ساخت	-	-	-	V2
5	.	-	-	-	endDelim

0	ابرابری	-	-	-	A0
1	در	-	-	-	Pr
2	آسمان	-	-	-	N1
3	سایه	-	-	-	N1
4	گسترانید	-	-	-	V2
5	.	-	-	-	endDelim

0	با	-	-	-	Pr
1	بارش	-	-	-	N1
2	باران	-	-	-	V1

0	او	-	-	-	N5
1	هم	-	-	-	Ad
2	کما	-	-	-	N1
3	بیش‌تر	-	-	-	A0
4	شد	-	-	-	V3
5	.	-	-	-	endDelim

0	در	-	-	-	Pr
1	انتهای	-	-	-	N1
2	مسابقه	-	-	-	N1
3	مهره	-	-	-	N1
4	آسمان	-	-	-	N1
5	را	-	-	-	Po
6	رو	-	-	-	N1
7	کردیم	-	-	-	V2
8	.	-	-	-	endDelim

0	او	-	-	-	N5
1	خود	-	-	-	N8
2	را	-	-	-	Po
3	سیر	-	-	-	N1
4	کرد	-	-	-	V2

0	و	-	-	-	conjunction
1	دراطراف	-	-	-	Pr1
2	سیر	-	-	-	N1
3	کرد	-	-	-	V2
4	.	-	-	-	endDelim

0	ادب	-	-	-	N1
1	آداب	-	-	-	N1
2	دارد	-	-	-	V1
3	.	-	-	-	endDelim

0	با	-	-	-	Pr
1	دیدن	-	-	-	V2

0	صحنه	-	-	-	N1
1	دهانش	-	-	-	N1
2	بازماند	-	-	-	V2

0	چراکه	-	-	-	Ad
1	بزرگش	-	-	-	A0
2	را	-	-	-	Po
3	زد	-	-	-	V2
4	.	-	-	-	endDelim

0	خیزید	-	-	-	V2

0	و	-	-	-	conjunction
1	خز	-	-	-	V1

0	آرید	-	-	-	N1
1	که	-	-	-	C0
2	هنگام	-	-	-	N1
3	خزان	-	-	-	Ad
4	است	-	-	-	V3

0	باد	-	-	-	N1
1	خنک	-	-	-	A0
2	ازجانب	-	-	-	Pr1
3	خوارزم	-	-	-	N2
4	وزان	-	-	-	Ad
5	است	-	-	-	V3
6	.	-	-	-	endDelim

0	نیایش	-	-	-	N1
1	به	-	-	-	Pr
2	همراه	-	-	-	A0
3	نیایش	-	-	-	N1
4	در	-	-	-	Pr
5	مراسم	-	-	-	N1
6	شرکت	-	-	-	N1
7	کرد	-	-	-	V2
8	.	-	-	-	endDelim

0	آرایشگر	-	-	-	N1
1	گفت	-	-	-	V2

0	تنها	-	-	-	A0
1	فرق	-	-	-	mokassar
2	سر	-	-	-	V1

0	او	-	-	-	N5
1	با	-	-	-	Pr
2	من	-	-	-	N5
3	درداشتن	-	-	-	V2

0	فرق	-	-	-	mokassar
1	سر	-	-	-	V1

0	است	-	-	-	V3
1	.	-	-	-	endDelim

0	کاچی	-	-	-	N1
1	به	-	-	-	Pr
2	از	-	-	-	Pr
3	هیچی	-	-	-	N1
4	.	-	-	-	endDelim
5	تاکسی	-	-	-	N1
6	تاکسی	-	-	-	N1
7	تاکسی	-	-	-	N1
8	نخواست	-	-	-	V2

0	نایست	-	-	-	V1
1	.	-	-	-	endDelim

0	او	-	-	-	N5
1	بروروی	-	-	-	N1
2	زیبایی	-	-	-	N1
3	داشت	-	-	-	V2
4	.	-	-	-	endDelim

0	وندادم	-	-	-	undefined
1	در	-	-	-	Pr
2	راهی	-	-	-	A0
3	بود	-	-	-	V2
4	.	-	-	-	endDelim

0	لبو	-	-	-	N1
1	دهنش	-	-	-	N1
2	را	-	-	-	Po
3	سرخ	-	-	-	A0
4	کرد	-	-	-	V2
5	.	-	-	-	endDelim

0	سرما	-	-	-	V1

0	سرمایی	-	-	-	A0
1	که	-	-	-	C0
2	بالای	-	-	-	A0
3	سرما	-	-	-	V1

0	بود	-	-	-	V2

0	را	-	-	-	Po
1	سرد	-	-	-	A0
2	کرد	-	-	-	V2
3	.	-	-	-	endDelim

0	سرما	-	-	-	V1

0	سرما	-	-	-	V1

0	را	-	-	-	Po
1	سر	-	-	-	V1

0	کرد	-	-	-	V2
1	.	-	-	-	endDelim

0	سردردش	-	-	-	N1
1	او	-	-	-	N5
2	به	-	-	-	Pr
3	دردسر	-	-	-	N1
4	انداخت	-	-	-	V2
5	.	-	-	-	endDelim

0	زهرروی	-	-	-	undefined
1	کار	-	-	-	N1
2	او	-	-	-	N5
3	نادرست	-	-	-	A0
4	بود	-	-	-	V2
5	.	-	-	-	endDelim

0	او	-	-	-	N5
1	از	-	-	-	Pr
2	سرکه	-	-	-	N1
3	هیچ	-	-	-	A1
4	شانسی	-	-	-	Ad
5	نیاورد	-	-	-	V2
6	.	-	-	-	endDelim

0	میزبان	-	-	-	N1
1	گفت	-	-	-	V2

0	قدمتان	-	-	-	N1
1	میمون	-	-	-	N1
2	و	-	-	-	conjunction
3	مبارک	-	-	-	A0
4	پی	-	-	-	N1
5	است	-	-	-	V3
6	.	-	-	-	endDelim

0	او	-	-	-	N5
1	لکنت	-	-	-	N1
2	شدیدی	-	-	-	A0
3	داشت	-	-	-	V2

0	و	-	-	-	conjunction
1	همیشه	-	-	-	Ad
2	من	-	-	-	N5
3	و	-	-	-	conjunction
4	من	-	-	-	N5
5	می‌کرد	-	-	-	V2

0	و	-	-	-	conjunction
1	به‌تت	-	-	-	N1
2	و	-	-	-	conjunction
3	پت	-	-	-	N1
4	می‌افتاد	-	-	-	V2
5	.	-	-	-	endDelim

0	چونین	-	-	-	undefined
1	بود	-	-	-	V2

0	که	-	-	-	C0
1	دیگر	-	-	-	Ad
2	کسی	-	-	-	A2
3	احترامش	-	-	-	N1
4	نمی‌کرد	-	-	-	V2
5	.	-	-	-	endDelim

0	او	-	-	-	N5
1	مشتاق	-	-	-	A0
2	گفت‌وشنود	-	-	-	N1
3	بین	-	-	-	V1

0	ما	-	-	-	N5
1	بود	-	-	-	V2
2	.	-	-	-	endDelim

0	روان‌شناس	-	-	-	A0
1	علت	-	-	-	N1
2	خواب	-	-	-	V1

0	گفت‌های	-	-	-	N1
1	شبانه	-	-	-	A0
2	او	-	-	-	N5
3	را	-	-	-	Po
4	کشف	-	-	-	N1
5	کرد	-	-	-	V2
6	.	-	-	-	endDelim

0	شعبه	-	-	-	N1
1	باز	-	-	-	V1

0	با	-	-	-	Pr
1	سیاه‌بازی	-	-	-	N1
2	خاصی	-	-	-	A0
3	تمام	-	-	-	A0
4	حاضران	-	-	-	N1
5	را	-	-	-	Po
6	فریب	-	-	-	V1

0	داد	-	-	-	V2
1	.	-	-	-	endDelim

0	صورتش	-	-	-	N1
1	در	-	-	-	Pr
2	تاریکی	-	-	-	N1
3	سیاه	-	-	-	A0
4	و	-	-	-	conjunction
5	اغبر	-	-	-	undefined
6	دیده می‌شد	-	-	-	V2
7	.	-	-	-	endDelim

0	آنقدر	-	-	-	Ad
1	تلاش	-	-	-	N1
2	کرد	-	-	-	V2

0	تا	-	-	-	Pr
1	دوستش	-	-	-	N1
2	ترش	-	-	-	A0
3	رویش	-	-	-	N1
4	بالاخره	-	-	-	Ad
5	به	-	-	-	Pr
6	خنده	-	-	-	N1
7	افتاد	-	-	-	V2
8	.	-	-	-	endDelim

0	من	-	-	-	N5
1	چو	-	-	-	N1
2	لب	-	-	-	N1
3	ژاله	-	-	-	N3
4	شدم	-	-	-	V3

0	خنده	-	-	-	N1
1	ناک	-	-	-	N1
2	،	-	-	-	endDelim
3	جامه	-	-	-	N1
4	به	-	-	-	Pr
5	صد	-	-	-	Nu
6	جای	-	-	-	N1
7	چو	-	-	-	N1
8	گل	-	-	-	N1
9	کرده	-	-	-	V2

0	چاک	-	-	-	N1
1	.	-	-	-	endDelim
2	لشکر	-	-	-	N1
3	دشمن	-	-	-	A0
4	ما	-	-	-	N5
5	را	-	-	-	Po
6	به	-	-	-	Pr
7	انهزام	-	-	-	undefined
8	واداشت	-	-	-	V2
9	.	-	-	-	endDelim

0	از	-	-	-	Pr
1	وقتی‌که	-	-	-	C1
2	او	-	-	-	N5
3	را	-	-	-	Po
4	دید	-	-	-	V2

0	شیدا	-	-	-	A0
1	شد	-	-	-	V3
2	.	-	-	-	endDelim

0	کسی	-	-	-	A2
1	کاندر	-	-	-	C1
2	آب	-	-	-	N1
3	است	-	-	-	V3

0	و	-	-	-	conjunction
1	آب	-	-	-	N1
2	آشناست	-	-	-	A0
3	از	-	-	-	Pr
4	آب‌ار	-	-	-	N1
5	چو	-	-	-	N1
6	آتش	-	-	-	N1
7	بترسد	-	-	-	V1

0	رواست	-	-	-	A0
1	.	-	-	-	endDelim
2	آب	-	-	-	N1
3	دریا	-	-	-	N1
4	شور	-	-	-	V1

0	بود	-	-	-	V2

0	و	-	-	-	conjunction
1	او	-	-	-	N5
2	ناچار	-	-	-	A0
3	شد	-	-	-	V3

0	آن	-	-	-	A1
1	را	-	-	-	Po
2	بجوشاند	-	-	-	V2

0	تا	-	-	-	Pr
1	آب	-	-	-	N1
2	مقطر	-	-	-	A0
3	درست	-	-	-	A0
4	کند	-	-	-	A0
5	.	-	-	-	endDelim
6	پدرش	-	-	-	N1
7	برایش	-	-	-	Pr
8	آستین	-	-	-	N1
9	بالا	-	-	-	A0
10	زد	-	-	-	V2
11	.	-	-	-	endDelim

0	مراسم	-	-	-	N1
1	جشن	-	-	-	N1
2	درسالن	-	-	-	undefined
3	آمفی	-	-	-	N1
4	تأتر	-	-	-	N1
5	دانشکده	-	-	-	N1
6	برگزار	-	-	-	A0
7	شد	-	-	-	V3
8	.	-	-	-	endDelim

0	بالاخانه‌ها	-	-	-	N1
1	را	-	-	-	Po
2	معمولاً	-	-	-	Ad
3	برای	-	-	-	Pr
4	دراویش	-	-	-	N1
5	و	-	-	-	conjunction
6	پیرمرادها	-	-	-	undefined
7	و	-	-	-	conjunction
8	بصورت	-	-	-	N1
9	نذر	-	-	-	N1
10	جهت	-	-	-	N1
11	فقرا	-	-	-	N1
12	و	-	-	-	conjunction
13	مانند	-	-	-	N1
14	آن	-	-	-	A1
15	می‌ساختند	-	-	-	V2
16	.	-	-	-	endDelim

0	علت	-	-	-	N1
1	این	-	-	-	A1
2	همه	-	-	-	N1
3	پابه‌پا	-	-	-	N1
4	کردنش	-	-	-	V2

0	را	-	-	-	Po
1	نفهمیدم	-	-	-	V2
2	.	-	-	-	endDelim

0	او	-	-	-	N5
1	ما	-	-	-	N5
2	را	-	-	-	Po
3	پادرهوا	-	-	-	A0
4	رها	-	-	-	V1

0	کرد	-	-	-	V2

0	و	-	-	-	conjunction
1	رفت	-	-	-	V2
2	.	-	-	-	endDelim

0	ماجراجوئی	-	-	-	N1
1	و	-	-	-	conjunction
2	پرشروشور	-	-	-	A0
3	بودن	-	-	-	V2

0	کوری	-	-	-	N1
1	مقابل	-	-	-	A0
2	آرامش	-	-	-	N1
3	و	-	-	-	conjunction
4	خونسردی	-	-	-	N1
5	پل	-	-	-	N1
6	(	-	-	-	startDelim
7	که	-	-	-	C0
8	وکیل	-	-	-	N1
9	دعاوی	-	-	-	N1
10	تازه‌کار	-	-	-	A0
11	است	-	-	-	V3
12	)	-	-	-	endDelim

0	،	-	-	-	endDelim
1	به	-	-	-	Pr
2	همراه	-	-	-	A0
3	شرایط	-	-	-	mokassar
4	نامساعد	-	-	-	A0
5	خانه	-	-	-	N1
6	،	-	-	-	endDelim
7	همسایه‌های	-	-	-	N1
8	عجیب‌وغریب	-	-	-	A0
9	و	-	-	-	conjunction
10	به‌خصوص	-	-	-	Ad
11	،	-	-	-	endDelim
12	به	-	-	-	Pr
13	دعوائی	-	-	-	A0
14	سخت	-	-	-	V1

0	و	-	-	-	conjunction
1	رفتن	-	-	-	V2

0	شوهر	-	-	-	N1
1	از	-	-	-	Pr
2	خانه	-	-	-	N1
3	منجر	-	-	-	A0
4	می‌شود	-	-	-	V1
5	.	-	-	-	endDelim

0	پنجه	-	-	-	N1
1	بوکس	-	-	-	N1
2	یکی	-	-	-	A2
3	از	-	-	-	Pr
4	انواع	-	-	-	mokassar
5	سلاح‌های	-	-	-	N1
6	سرد	-	-	-	A0
7	است	-	-	-	V3

0	که	-	-	-	C0
1	از	-	-	-	Pr
2	آن	-	-	-	A1
3	در	-	-	-	Pr
4	نزاع‌های	-	-	-	N1
5	خیابانی	-	-	-	A0
6	استفاده	-	-	-	N1
7	می‌کنند	-	-	-	V1
8	.	-	-	-	endDelim

0	تب	-	-	-	N1
1	زرد	-	-	-	A0
2	نوعی	-	-	-	A0
3	بیماری	-	-	-	N1
4	تب	-	-	-	N1
5	زاست	-	-	-	N1
6	که	-	-	-	C0
7	در	-	-	-	Pr
8	معده	-	-	-	N1
9	و	-	-	-	conjunction
10	امعا	-	-	-	undefined
11	تولید	-	-	-	N1
12	عفونت	-	-	-	N1
13	می‌کند	-	-	-	V1

0	و	-	-	-	conjunction
1	براثر	-	-	-	Pr1
2	گزیدگی	-	-	-	N1
3	یک	-	-	-	Nu
4	نوع	-	-	-	N1
5	پشه	-	-	-	N1
6	در	-	-	-	Pr
7	انسان	-	-	-	N1
8	حادث	-	-	-	A0
9	می‌شود	-	-	-	V1
10	.	-	-	-	endDelim

0	چگونه	-	-	-	Ad
1	است	-	-	-	V3

0	که	-	-	-	C0
1	کار	-	-	-	N1
2	خود	-	-	-	N8
3	را	-	-	-	Po
4	جد	-	-	-	N1
5	دانی	-	-	-	A0
6	و	-	-	-	conjunction
7	پساپیش	-	-	-	undefined
8	کارهای	-	-	-	N1
9	خود	-	-	-	N8
10	را	-	-	-	Po
11	نگاه	-	-	-	N1
12	می‌داری	-	-	-	V1
13	.	-	-	-	endDelim

0	این	-	-	-	A1
1	قوم	-	-	-	N1
2	بعداز	-	-	-	Pr1
3	کسری	-	-	-	A0
4	و	-	-	-	conjunction
5	پرویز	-	-	-	N3
6	بوده‌اند	-	-	-	V2

0	در	-	-	-	Pr
1	مدت	-	-	-	N1
2	چهار	-	-	-	Nu
3	سال	-	-	-	N1
4	و	-	-	-	conjunction
5	پنج	-	-	-	Nu
6	کمابیش	-	-	-	N1
7	پادشاهی	-	-	-	N1
8	کرده‌اند	-	-	-	V2
9	.	-	-	-	endDelim

0	هوا	-	-	-	N1
1	کم‌کم	-	-	-	Ad
2	داشت	-	-	-	V2

0	گرگ‌ومیش	-	-	-	N1
1	می‌شد	-	-	-	V3
2	.	-	-	-	endDelim

0	جنگ	-	-	-	V1

0	زرگری	-	-	-	N1
1	میانجی	-	-	-	N1
2	نخواهد	-	-	-	V1
3	.	-	-	-	endDelim

0	غارت	-	-	-	N1
1	جهان	-	-	-	N1
2	سوم	-	-	-	A0
3	نام	-	-	-	N1
4	یک	-	-	-	Nu
5	کتاب	-	-	-	N1
6	ادبی	-	-	-	A0
7	است	-	-	-	V3

0	که	-	-	-	C0
1	توسط	-	-	-	N1
2	نویسنده	-	-	-	A0
3	اهل	-	-	-	A0
4	فرانسه	-	-	-	N2
5	نوشته شده است	-	-	-	V2
6	.	-	-	-	endDelim

0	نام	-	-	-	N1
1	دیگر	-	-	-	Ad
2	خرچنگ	-	-	-	N1
3	چنگار	-	-	-	undefined
4	است	-	-	-	V3
5	.	-	-	-	endDelim

0	همه	-	-	-	N1
1	جا	-	-	-	N1
2	چو	-	-	-	N1
3	افتاد	-	-	-	V2

0	که	-	-	-	C0
1	او	-	-	-	N5
2	نمی‌آید	-	-	-	V1
3	.	-	-	-	endDelim

0	خال	-	-	-	N1
1	بینی	-	-	-	N1
2	نوعی	-	-	-	A0
3	از	-	-	-	Pr
4	پیشگوییست	-	-	-	A0
5	که	-	-	-	C0
6	با	-	-	-	Pr
7	دیدن	-	-	-	V2

0	خال	-	-	-	N1
1	بدن	-	-	-	N1
2	انجام	-	-	-	N1
3	می‌گیرد	-	-	-	V1
4	.	-	-	-	endDelim

0	او	-	-	-	N5
1	در	-	-	-	Pr
2	جوانی	-	-	-	N1
3	بسیار	-	-	-	A0
4	خام	-	-	-	A0
5	رأی	-	-	-	N1
6	و	-	-	-	conjunction
7	خام	-	-	-	A0
8	عقل	-	-	-	N1
9	بود	-	-	-	V2
10	.	-	-	-	endDelim

0	در	-	-	-	Pr
1	زمان	-	-	-	N1
2	قدیم	-	-	-	A0
3	؛	-	-	-	endDelim
4	پادشاهان	-	-	-	N1
5	به	-	-	-	Pr
6	بهترین	-	-	-	A0
7	زنشان	-	-	-	N1
8	که	-	-	-	C0
9	ازلحاظ	-	-	-	Pr1
10	زیبارویی	-	-	-	A0
11	و	-	-	-	conjunction
12	رهبری	-	-	-	N1
13	از	-	-	-	Pr
14	دیگران	-	-	-	N5
15	،	-	-	-	endDelim
16	سرتر	-	-	-	N1
17	و	-	-	-	conjunction
18	آس‌تر	-	-	-	N1
19	بود	-	-	-	V2

0	لقب	-	-	-	N1
1	خانم	-	-	-	N1
2	خانما	-	-	-	undefined
3	را	-	-	-	Po
4	نسبت	-	-	-	N1
5	می‌دادند	-	-	-	V2
6	.	-	-	-	endDelim

0	ادبا	-	-	-	N1
1	در	-	-	-	Pr
2	مجمع	-	-	-	N1
3	سازمان	-	-	-	N1
4	ملل	-	-	-	N1
5	سخنرانی	-	-	-	N1
6	کردند	-	-	-	V2
7	.	-	-	-	endDelim

0	به	-	-	-	Pr
1	دستور	-	-	-	N1
2	او	-	-	-	N5
3	تمام	-	-	-	A0
4	اسرا	-	-	-	N1
5	را	-	-	-	Po
6	از	-	-	-	Pr
7	داخل	-	-	-	Ad
8	خزائن	-	-	-	N1
9	آزاد	-	-	-	A0
10	کردند	-	-	-	V2
11	.	-	-	-	endDelim

0	استاد	-	-	-	A0
1	اسامی	-	-	-	N1
2	دانشجویان	-	-	-	N1
3	به	-	-	-	Pr
4	همراه	-	-	-	A0
5	آرا	-	-	-	V1

0	آن‌ها	-	-	-	N5
1	را	-	-	-	Po
2	خواند	-	-	-	V2
3	.	-	-	-	endDelim

0	هنوز	-	-	-	Ad
1	هم	-	-	-	Ad
2	علل	-	-	-	N1
3	بسیاری	-	-	-	A2
4	از	-	-	-	Pr
5	امراض	-	-	-	N1
6	ناشناخته	-	-	-	A0
7	است	-	-	-	V3
8	.	-	-	-	endDelim

0	در	-	-	-	Pr
1	رانندگی	-	-	-	N1
2	باید	-	-	-	V4

0	به	-	-	-	Pr
1	علائم	-	-	-	N1
2	هشدار	-	-	-	N1
3	توجه	-	-	-	N1
4	داشت	-	-	-	V2
5	.	-	-	-	endDelim

0	جزه	-	-	-	undefined
1	درس	-	-	-	N1
2	پردازش	-	-	-	N1
3	زبان‌های	-	-	-	N1
4	طبیعیش	-	-	-	A0
5	را	-	-	-	Po
6	همراه	-	-	-	A0
7	نداشت	-	-	-	V2
8	.	-	-	-	endDelim

0	با	-	-	-	Pr
1	آن	-	-	-	A1
2	ضربه	-	-	-	N1
3	دردم	-	-	-	Ad
4	دردم	-	-	-	Ad
5	آمد	-	-	-	V2
6	.	-	-	-	endDelim

0	نوشته‌هایش	-	-	-	N1
1	درهم‌و‌برهم	-	-	-	A0
2	بود	-	-	-	V2
3	.	-	-	-	endDelim

0	او	-	-	-	N5
1	از	-	-	-	Pr
2	حمله	-	-	-	N1
3	دشمن	-	-	-	A0
4	درامان	-	-	-	V1

0	ماند	-	-	-	V2
1	.	-	-	-	endDelim

0	کتابش	-	-	-	N1
1	دوصد	-	-	-	undefined
2	صفحه	-	-	-	N1
3	داشت	-	-	-	V2
4	.	-	-	-	endDelim

0	دوستش	-	-	-	N1
1	بسیار	-	-	-	A0
2	نرم	-	-	-	A0
3	دل	-	-	-	N1
4	و	-	-	-	conjunction
5	رقیق‌القلب	-	-	-	A0
6	بود	-	-	-	V2
7	.	-	-	-	endDelim

0	چوب	-	-	-	N1
1	نیاز	-	-	-	N1
2	به	-	-	-	Pr
3	رنده	-	-	-	N1
4	و	-	-	-	conjunction
5	رنده	-	-	-	N1
6	کاری	-	-	-	A0
7	و	-	-	-	conjunction
8	رنده	-	-	-	N1
9	کردن	-	-	-	V2

0	داشت	-	-	-	V2
1	.	-	-	-	endDelim

0	آهن	-	-	-	N1
1	در	-	-	-	Pr
2	مجاورت	-	-	-	N1
3	با	-	-	-	Pr
4	اکسیژن	-	-	-	N1
5	شروع	-	-	-	N1
6	به	-	-	-	Pr
7	زنگ	-	-	-	N1
8	زدن	-	-	-	V2

0	می‌کند	-	-	-	V1
1	.	-	-	-	endDelim

0	جرات	-	-	-	N1
1	نداشت	-	-	-	V2

0	حرفش	-	-	-	N1
1	را	-	-	-	Po
2	رودررو	-	-	-	Ad
3	به	-	-	-	Pr
4	رویش	-	-	-	N1
5	آورد	-	-	-	V2
6	.	-	-	-	endDelim

0	او	-	-	-	N5
1	را	-	-	-	Po
2	روانه	-	-	-	Ad
3	کرد	-	-	-	V2

0	تابه	-	-	-	N1
1	کارش	-	-	-	N1
2	برسد	-	-	-	N1
3	.	-	-	-	endDelim
4	او	-	-	-	N5
5	در	-	-	-	Pr
6	بستر	-	-	-	N1
7	افتاده بود	-	-	-	V2

0	و	-	-	-	conjunction
1	روبه	-	-	-	N1
2	مرگ	-	-	-	N1
3	بود	-	-	-	V2
4	.	-	-	-	endDelim

0	کارهایش	-	-	-	N1
1	بسیار	-	-	-	A0
2	روح	-	-	-	N1
3	فرسا	-	-	-	V1

0	و	-	-	-	conjunction
1	عذاب‌آور	-	-	-	A0
2	بود	-	-	-	V2
3	.	-	-	-	endDelim
