
0	وی	-	-	-	N5
1	افزود	-	-	-	V2
2	:	-	-	-	endDelim

0	در	-	-	-	Pr
1	سال	-	-	-	N1
2	۹۵	-	-	-	number
3	نیز	-	-	-	Ad
4	آقای	-	-	-	N1
5	اللهیاری	-	-	-	N1
6	برای	-	-	-	Pr
7	چند	-	-	-	NA
8	روز	-	-	-	N1
9	بازداشت	-	-	-	V2

0	شده بود	-	-	-	V3

0	که	-	-	-	C0
1	با	-	-	-	Pr
2	ضمانت	-	-	-	N1
3	ملکی	-	-	-	A0
4	معاونش	-	-	-	N1
5	از	-	-	-	Pr
6	زندان	-	-	-	N1
7	آزاد	-	-	-	A0
8	شد	-	-	-	V3
9	،	-	-	-	endDelim

0	ولی	-	-	-	C0
1	از	-	-	-	Pr
2	آن	-	-	-	A1
3	زمان	-	-	-	N1
4	تاکنون	-	-	-	Ad
5	بقیه	-	-	-	A0
6	پرونده‌ها	-	-	-	N1
7	در	-	-	-	Pr
8	سازمان	-	-	-	N1
9	نظام	-	-	-	N1
10	روانشناسی	-	-	-	A0
11	مسکوت	-	-	-	A0
12	مانده بود	-	-	-	V2
13	.	-	-	-	endDelim

0	عضو	-	-	-	N1
1	سازمان	-	-	-	N1
2	نظام	-	-	-	N1
3	روانشناسی	-	-	-	A0
4	خاطرنشان	-	-	-	A0
5	کرد	-	-	-	V2
6	:	-	-	-	endDelim

0	از	-	-	-	Pr
1	مهرماه	-	-	-	N1
2	سال	-	-	-	N1
3	گذشته	-	-	-	A0
4	ردصلاحیت	-	-	-	A0
5	رئیس	-	-	-	N1
6	سازمان	-	-	-	N1
7	روانشناسی	-	-	-	A0
8	توسط	-	-	-	N1
9	دفتر	-	-	-	N1
10	رئیس‌جمهور	-	-	-	N1
11	انجام	-	-	-	N1
12	گرفت	-	-	-	V2
13	،	-	-	-	endDelim

0	ولی	-	-	-	C0
1	علی‌رغم	-	-	-	Pr1
2	این	-	-	-	A1
3	ردصلاحیت	-	-	-	A0
4	همچنان	-	-	-	Ad
5	عباسعلی	-	-	-	N3
6	اللهیاری	-	-	-	N1
7	در	-	-	-	Pr
8	کافه	-	-	-	N1
9	یا	-	-	-	C0
10	تریا	-	-	-	N1
11	کارتابل	-	-	-	undefined
12	سازمان	-	-	-	N1
13	را	-	-	-	Po
14	امضا	-	-	-	N1
15	می‌کرد	-	-	-	V2
16	.	-	-	-	endDelim

0	پنج	-	-	-	Nu
1	شنبه‌ها	-	-	-	N1
2	به	-	-	-	Pr
3	زودی	-	-	-	N1
4	می‌گذرند	-	-	-	V1
5	.	-	-	-	endDelim

0	دویست	-	-	-	Nu
1	و	-	-	-	conjunction
2	هشتاد	-	-	-	Nu
3	و	-	-	-	conjunction
4	نهمین	-	-	-	Nu
5	سمینار	-	-	-	N1
6	ادواری	-	-	-	A0
7	عصب	-	-	-	N1
8	پژوهی	-	-	-	V1

0	اجتماعی	-	-	-	A0
1	به	-	-	-	Pr
2	مغزپژوهی	-	-	-	undefined
3	رشک	-	-	-	N1
4	و	-	-	-	conjunction
5	حسد	-	-	-	N1
6	اختصاص	-	-	-	N1
7	دارد	-	-	-	V1
8	.	-	-	-	endDelim

0	سخنران	-	-	-	N1
1	این	-	-	-	A1
2	نشست	-	-	-	V2

0	که	-	-	-	C0
1	۲۶	-	-	-	number
2	مهر	-	-	-	N1
3	برگزار	-	-	-	A0
4	می‌شود	-	-	-	V1

0	دکتر	-	-	-	N1
1	آذرخش	-	-	-	N1
2	مکری	-	-	-	N1
3	است	-	-	-	V3
4	.	-	-	-	endDelim

0	در	-	-	-	Pr
1	این	-	-	-	A1
2	سمینار	-	-	-	N1
3	که	-	-	-	C0
4	از	-	-	-	Pr
5	ساعت	-	-	-	N1
6	هشت	-	-	-	Nu
7	و	-	-	-	conjunction
8	نیم	-	-	-	N1
9	صبح	-	-	-	N1
10	تا	-	-	-	Pr
11	یازده	-	-	-	Nu
12	در	-	-	-	Pr
13	سالن	-	-	-	N1
14	کنفرانس	-	-	-	N1
15	بیمارستان	-	-	-	N1
16	ایران‌مهر	-	-	-	N1
17	برقرار	-	-	-	A0
18	است	-	-	-	V3

0	صاحب	-	-	-	N1
1	نظران	-	-	-	N1
2	و	-	-	-	conjunction
3	علاقه‌مندان	-	-	-	A0
4	به	-	-	-	Pr
5	موضوع	-	-	-	N1
6	مغز	-	-	-	N1
7	پژوهی	-	-	-	V1

0	رشک	-	-	-	N1
1	و	-	-	-	conjunction
2	حسد	-	-	-	N1
3	به	-	-	-	Pr
4	بحث	-	-	-	N1
5	و	-	-	-	conjunction
6	تبادل	-	-	-	N1
7	نظر	-	-	-	N1
8	می‌پردازند	-	-	-	V1
9	.	-	-	-	endDelim

0	ورود	-	-	-	N1
1	برای	-	-	-	Pr
2	عموم	-	-	-	N1
3	آزاد	-	-	-	A0
4	است	-	-	-	V3

0	و	-	-	-	conjunction
1	درباره	-	-	-	N1
2	موضوع	-	-	-	N1
3	با	-	-	-	Pr
4	صاحب	-	-	-	N1
5	نظران	-	-	-	N1
6	بحث	-	-	-	N1
7	و	-	-	-	conjunction
8	گفت‌وگو	-	-	-	N1
9	انجام	-	-	-	N1
10	می‌شود	-	-	-	V1
11	.	-	-	-	endDelim

0	در	-	-	-	Pr
1	کالبدشکافی	-	-	-	N1
2	سایت	-	-	-	N1
3	iFixit	-	-	-	englishWord
4	،	-	-	-	endDelim
5	آن‌ها	-	-	-	N5
6	موفق	-	-	-	A0
7	به	-	-	-	Pr
8	کشف	-	-	-	N1
9	یک	-	-	-	Nu
10	نوار	-	-	-	N1
11	آنتن	-	-	-	N1
12	جدید	-	-	-	A0
13	در	-	-	-	Pr
14	بخش	-	-	-	N1
15	پایینی	-	-	-	A0
16	گوشی	-	-	-	N1
17	شدند	-	-	-	V3

0	که	-	-	-	C0
1	قاعدتاً	-	-	-	Ad
2	باید	-	-	-	V4

0	منجر	-	-	-	A0
1	به	-	-	-	Pr
2	بهبود	-	-	-	N1
3	آنتن‌دهی	-	-	-	undefined
4	این	-	-	-	A1
5	گوشی‌ها	-	-	-	N1
6	شود	-	-	-	V1
7	.	-	-	-	endDelim

0	کاربران	-	-	-	A0
1	برای	-	-	-	Pr
2	توضیح	-	-	-	N1
3	این	-	-	-	A1
4	مشکل	-	-	-	N1
5	تئوری‌های	-	-	-	N1
6	مختلفی	-	-	-	A0
7	را	-	-	-	Po
8	مطرح	-	-	-	N1
9	کرده‌اند	-	-	-	V2

0	و	-	-	-	conjunction
1	برخی	-	-	-	A2
2	از	-	-	-	Pr
3	آن‌ها	-	-	-	N5
4	شبکه‌های	-	-	-	N1
5	تلفن	-	-	-	N1
6	همراه	-	-	-	A0
7	را	-	-	-	Po
8	مقصر	-	-	-	A0
9	این	-	-	-	A1
10	موضوع	-	-	-	N1
11	می‌دانند	-	-	-	V1

0	ولی	-	-	-	C0
1	برخی	-	-	-	A2
2	دیگر	-	-	-	Ad
3	اعلام	-	-	-	N1
4	کرده‌اند	-	-	-	V2

0	که	-	-	-	C0
1	این	-	-	-	A1
2	مسأله	-	-	-	N1
3	یادآور	-	-	-	A0
4	مشکل	-	-	-	N1
5	مربوط	-	-	-	A0
6	به	-	-	-	Pr
7	آنتن‌های	-	-	-	N1
8	آیفون	-	-	-	N1
9	۴	-	-	-	number
10	است	-	-	-	V3

0	که	-	-	-	C0
1	در	-	-	-	Pr
2	آن	-	-	-	A1
3	زمان	-	-	-	N1
4	سر	-	-	-	V1

0	و	-	-	-	conjunction
1	صدای	-	-	-	N1
2	بسیار	-	-	-	A0
3	زیادی	-	-	-	A0
4	به	-	-	-	Pr
5	راه	-	-	-	N1
6	انداخت	-	-	-	V2
7	.	-	-	-	endDelim

0	چندروز	-	-	-	undefined
1	بعداز	-	-	-	Pr1
2	تصویب	-	-	-	N1
3	چهارمین	-	-	-	Nu
4	لایحه	-	-	-	N1
5	در	-	-	-	Pr
6	چارچوب	-	-	-	N1
7	لوایح	-	-	-	N1
8	مرتبط	-	-	-	A0
9	با	-	-	-	Pr
10	پول	-	-	-	N1
11	شویی	-	-	-	N1
12	و	-	-	-	conjunction
13	مبارزه	-	-	-	N1
14	با	-	-	-	Pr
15	تروریسم	-	-	-	N1
16	موسوم	-	-	-	N1
17	به	-	-	-	Pr
18	FATF	-	-	-	englishWord
19	،	-	-	-	endDelim
20	بساط	-	-	-	N1
21	اتهام	-	-	-	N1
22	زنی	-	-	-	N1
23	درمورد	-	-	-	Pr1
24	پشت‌پرده	-	-	-	N1
25	رشد	-	-	-	N1
26	قیمت	-	-	-	N1
27	دلار	-	-	-	N1
28	بالا	-	-	-	A0
29	گرفته است	-	-	-	V2
30	.	-	-	-	endDelim

0	علائم	-	-	-	N1
1	سیاسی	-	-	-	A0
2	و	-	-	-	conjunction
3	رسانه‌ای	-	-	-	A0
4	از	-	-	-	Pr
5	بروز	-	-	-	N1
6	یک	-	-	-	Nu
7	جنگ	-	-	-	V1

0	ارزی	-	-	-	A0
1	برسر	-	-	-	Pr1
2	تأیید	-	-	-	N1
3	نهایی	-	-	-	A0
4	FATF	-	-	-	englishWord
5	در	-	-	-	Pr
6	مراجع	-	-	-	mokassar
7	قانونی	-	-	-	A0
8	حکایت	-	-	-	N1
9	دارد	-	-	-	V1
10	.	-	-	-	endDelim

0	به‌گزارش	-	-	-	Pr1
1	همشهری	-	-	-	N1
2	،	-	-	-	endDelim
3	تریبون‌های	-	-	-	N1
4	سیاسی	-	-	-	A0
5	و	-	-	-	conjunction
6	رسانه‌ای	-	-	-	A0
7	برخی	-	-	-	A2
8	گروه‌های	-	-	-	N1
9	مخالف	-	-	-	A0
10	دولت	-	-	-	N1
11	،	-	-	-	endDelim
12	به	-	-	-	Pr
13	محل	-	-	-	N1
14	اتهام	-	-	-	N1
15	زنی	-	-	-	N1
16	علیه	-	-	-	N1
17	دولت	-	-	-	N1
18	درمورد	-	-	-	Pr1
19	افزایش	-	-	-	N1
20	قیمت	-	-	-	N1
21	ارز	-	-	-	V1

0	تبدیل	-	-	-	N1
1	شده است	-	-	-	V3
2	.	-	-	-	endDelim

0	درطول	-	-	-	Pr1
1	چند	-	-	-	NA
2	روز	-	-	-	N1
3	گذشته	-	-	-	A0
4	به	-	-	-	Pr
5	ویژه	-	-	-	A0
6	بعداز	-	-	-	Pr1
7	تصویب	-	-	-	N1
8	قانون	-	-	-	N1
9	CFT	-	-	-	englishWord
10	در	-	-	-	Pr
11	مجلس	-	-	-	N1
12	،	-	-	-	endDelim
13	برخی	-	-	-	A2
14	رسانه‌ها	-	-	-	N1
15	وارد	-	-	-	N1
16	کارزار	-	-	-	N1
17	سیگنال	-	-	-	N1
18	دهی	-	-	-	V1

0	به	-	-	-	Pr
1	قیمت	-	-	-	N1
2	ارز	-	-	-	V1

0	در	-	-	-	Pr
1	بازار	-	-	-	N1
2	آزاد	-	-	-	A0
3	شده‌اند	-	-	-	V3
4	.	-	-	-	endDelim

0	آن‌ها	-	-	-	N5
1	عامل	-	-	-	N1
2	اصلی	-	-	-	A0
3	افزایش	-	-	-	N1
4	قیمت	-	-	-	N1
5	دلار	-	-	-	N1
6	را	-	-	-	Po
7	دولت	-	-	-	N1
8	و	-	-	-	conjunction
9	تصویب	-	-	-	N1
10	شدن	-	-	-	V3

0	قانون	-	-	-	N1
1	FATF	-	-	-	englishWord
2	در	-	-	-	Pr
3	مجلس	-	-	-	N1
4	می‌دانند	-	-	-	V1
5	.	-	-	-	endDelim

0	در	-	-	-	Pr
1	روزهای	-	-	-	N1
2	اخیر	-	-	-	A0
3	خبرگزاری	-	-	-	N1
4	فارس	-	-	-	N1
5	و	-	-	-	conjunction
6	روزنامه	-	-	-	N1
7	کیهان	-	-	-	N1
8	با	-	-	-	Pr
9	تیترهایی	-	-	-	N1
10	جهت‌دار	-	-	-	A0
11	،	-	-	-	endDelim
12	به	-	-	-	Pr
13	شکلی	-	-	-	A0
14	آشکار	-	-	-	V1

0	رشد	-	-	-	N1
1	قیمت	-	-	-	N1
2	دلار	-	-	-	N1
3	را	-	-	-	Po
4	به	-	-	-	Pr
5	دولت	-	-	-	N1
6	و	-	-	-	conjunction
7	تصویب	-	-	-	N1
8	FATF	-	-	-	englishWord
9	نسبت	-	-	-	N1
10	داده‌اند	-	-	-	N1
11	.	-	-	-	endDelim
12	خاشقجی	-	-	-	undefined
13	که	-	-	-	C0
14	سابقه	-	-	-	N1
15	گفتگو	-	-	-	N1
16	با	-	-	-	Pr
17	بن‌لادن	-	-	-	N3
18	را	-	-	-	Po
19	نیز	-	-	-	Ad
20	در	-	-	-	Pr
21	کارنامه	-	-	-	N1
22	خود	-	-	-	N8
23	دارد	-	-	-	V1

0	و	-	-	-	conjunction
1	پیش‌تر	-	-	-	A0
2	هم	-	-	-	Ad
3	مشاور	-	-	-	N1
4	دولت	-	-	-	N1
5	عربستان	-	-	-	N2
6	بوده	-	-	-	V2

0	و	-	-	-	conjunction
1	رابطه	-	-	-	N1
2	بسیار	-	-	-	A0
3	خوبی	-	-	-	N1
4	با	-	-	-	Pr
5	شاهزادگان	-	-	-	N1
6	سعودی	-	-	-	A0
7	علی‌الخصوص	-	-	-	Ad
8	محمد	-	-	-	N3
9	بن	-	-	-	N2
10	نایف	-	-	-	undefined
11	ولیعهد	-	-	-	N1
12	برکنارشده	-	-	-	A0
13	سعودی	-	-	-	A0
14	داشته است	-	-	-	V2

0	در	-	-	-	Pr
1	سال	-	-	-	N1
2	۲۰۱۷	-	-	-	number
3	درپی	-	-	-	Pr1
4	طرح	-	-	-	N1
5	انتقادهایی	-	-	-	N1
6	نسبت‌به	-	-	-	Pr1
7	سیاست‌های	-	-	-	N1
8	محمد	-	-	-	N3
9	بن‌سلمان	-	-	-	N3
10	،	-	-	-	endDelim
11	ولیعهد	-	-	-	N1
12	عربستان	-	-	-	N2
13	و	-	-	-	conjunction
14	نیز	-	-	-	Ad
15	زیر	-	-	-	A0
16	سؤال	-	-	-	N1
17	بردن	-	-	-	V2

0	مداخله	-	-	-	N1
1	نظامی	-	-	-	A0
2	عربستان	-	-	-	N2
3	در	-	-	-	Pr
4	یمن	-	-	-	N2
5	،	-	-	-	endDelim
6	از	-	-	-	Pr
7	بیم	-	-	-	N1
8	دستگیری	-	-	-	N1
9	عربستان	-	-	-	N2
10	را	-	-	-	Po
11	ترک	-	-	-	V1

0	کرد	-	-	-	V2

0	و	-	-	-	conjunction
1	به	-	-	-	Pr
2	آمریکا	-	-	-	N2
3	رفت	-	-	-	V2
4	.	-	-	-	endDelim

0	شب	-	-	-	N1
1	عید	-	-	-	N1
2	نوروز	-	-	-	N1
3	بود	-	-	-	V2

0	و	-	-	-	conjunction
1	موقع	-	-	-	N1
2	ترفیع	-	-	-	N1
3	رتبه	-	-	-	N1
4	.	-	-	-	endDelim
5	در	-	-	-	Pr
6	اداره	-	-	-	N1
7	باهم	-	-	-	Ad
8	قطارها	-	-	-	N1
9	قرارومدار	-	-	-	N1
10	گذاشته بودیم	-	-	-	V2

0	که	-	-	-	C0
1	هرکس	-	-	-	undefined
2	اول	-	-	-	A0
3	ترفیع	-	-	-	N1
4	رتبه	-	-	-	N1
5	یافت	-	-	-	V2
6	،	-	-	-	endDelim

0	به	-	-	-	Pr
1	عنوان	-	-	-	N1
2	ولیمه	-	-	-	N1
3	یک	-	-	-	Nu
4	مهمانی	-	-	-	N1
5	دسته‌جمعی	-	-	-	A0
6	کرده	-	-	-	V2
7	،	-	-	-	endDelim

0	کباب	-	-	-	N1
1	غاز	-	-	-	N1
2	صحیحی	-	-	-	A0
3	بدهد	-	-	-	V1

0	دوستان	-	-	-	N1
1	نوش‌جان	-	-	-	Exp
2	نموده	-	-	-	A0
3	به	-	-	-	Pr
4	عمر	-	-	-	N1
5	و	-	-	-	conjunction
6	عزتش	-	-	-	N1
7	دعا	-	-	-	N1
8	کنند	-	-	-	V1
9	.	-	-	-	endDelim

0	زد	-	-	-	V2

0	و	-	-	-	conjunction
1	ترفیع	-	-	-	N1
2	رتبه	-	-	-	N1
3	به	-	-	-	Pr
4	اسم	-	-	-	N1
5	من	-	-	-	N5
6	درآمد	-	-	-	V2
7	.	-	-	-	endDelim

0	فوراً	-	-	-	Ad
1	مساله‌ی	-	-	-	undefined
2	مهمانی	-	-	-	N1
3	و	-	-	-	conjunction
4	قرار	-	-	-	N1
5	با	-	-	-	Pr
6	رفقا	-	-	-	N1
7	را	-	-	-	Po
8	با	-	-	-	Pr
9	عیالم	-	-	-	N1
10	که	-	-	-	C0
11	به	-	-	-	Pr
12	تازگی	-	-	-	Ad
13	باهم	-	-	-	Ad
14	عروسی	-	-	-	N1
15	کرده بودیم	-	-	-	V2

0	در	-	-	-	Pr
1	میان	-	-	-	N1
2	گذاشتم	-	-	-	V2
3	.	-	-	-	endDelim

0	گفت	-	-	-	V2

0	تو	-	-	-	N5
1	شیرینی	-	-	-	N1
2	عروسی	-	-	-	N1
3	هم	-	-	-	Ad
4	به	-	-	-	Pr
5	دوستانت	-	-	-	N1
6	نداده‌ای	-	-	-	A0
7	و	-	-	-	conjunction
8	باید	-	-	-	V4

0	در	-	-	-	Pr
1	این	-	-	-	A1
2	موقع	-	-	-	N1
3	درست	-	-	-	A0
4	جلوشان	-	-	-	A0
5	درآیی	-	-	-	V1
6	.	-	-	-	endDelim

0	ولی	-	-	-	C0
1	چیزی	-	-	-	Ad
2	که	-	-	-	C0
3	هست	-	-	-	V3

0	چون	-	-	-	C0
1	ظرف	-	-	-	N1
2	و	-	-	-	conjunction
3	کارد	-	-	-	N1
4	و	-	-	-	conjunction
5	چنگال	-	-	-	N1
6	برای	-	-	-	Pr
7	دوازده	-	-	-	Nu
8	نفر	-	-	-	N1
9	بیش‌تر	-	-	-	A0
10	نداریم	-	-	-	N1
11	یا	-	-	-	C0
12	باید	-	-	-	V4

0	باز	-	-	-	V1

0	یکدست	-	-	-	A0
1	دیگر	-	-	-	Ad
2	خرید	-	-	-	V2

0	و	-	-	-	conjunction
1	یا	-	-	-	C0
2	باید	-	-	-	V4

0	عده‌ی	-	-	-	N1
1	مهمان	-	-	-	N1
2	بیشتر	-	-	-	A0
3	از	-	-	-	Pr
4	یازده	-	-	-	Nu
5	نفر	-	-	-	N1
6	نباشد	-	-	-	V1

0	که	-	-	-	C0
1	با	-	-	-	Pr
2	خودت	-	-	-	N7
3	بشود	-	-	-	V1

0	دوازده	-	-	-	Nu
1	نفر	-	-	-	N1
2	.	-	-	-	endDelim
3	گفتم	-	-	-	V2

0	خودت	-	-	-	N7
1	بهتر	-	-	-	A0
2	می‌دانی	-	-	-	A0
3	که	-	-	-	C0
4	در	-	-	-	Pr
5	این	-	-	-	A1
6	شب	-	-	-	N1
7	عیدی	-	-	-	N1
8	مالیه	-	-	-	N1
9	از	-	-	-	Pr
10	چه	-	-	-	NA
11	قرار	-	-	-	N1
12	است	-	-	-	V3

0	و	-	-	-	conjunction
1	بودجه	-	-	-	N1
2	ابدن	-	-	-	undefined
3	اجازه‌ی	-	-	-	N1
4	خریدن	-	-	-	V2

0	خرت‌و‌پرت	-	-	-	N1
1	تازه	-	-	-	A0
2	نمی‌دهد	-	-	-	V1

0	و	-	-	-	conjunction
1	دوستان	-	-	-	N1
2	هم	-	-	-	Ad
3	از	-	-	-	Pr
4	بیست	-	-	-	Nu
5	و	-	-	-	conjunction
6	سه	-	-	-	Nu
7	چهار	-	-	-	Nu
8	نفر	-	-	-	N1
9	کم‌تر	-	-	-	A0
10	نمی‌شوند	-	-	-	V1
11	.	-	-	-	endDelim

0	گفت	-	-	-	V2

0	یک	-	-	-	Nu
1	بر	-	-	-	Pr
2	نره	-	-	-	A0
3	خر	-	-	-	V1

0	گردن‌کلفت	-	-	-	A0
1	را	-	-	-	Po
2	که	-	-	-	C0
3	نمی‌شود	-	-	-	V1

0	وعده	-	-	-	N1
1	گرفت	-	-	-	V2
2	.	-	-	-	endDelim

0	تنها	-	-	-	A0
1	همان	-	-	-	A1
2	رتبه‌های	-	-	-	N1
3	بالا	-	-	-	A0
4	را	-	-	-	Po
5	وعده	-	-	-	N1
6	بگیر	-	-	-	A0
7	و	-	-	-	conjunction
8	مابقی	-	-	-	N1
9	را	-	-	-	Po
10	نقداً	-	-	-	Ad
11	خط	-	-	-	N1
12	بکش	-	-	-	V1

0	و	-	-	-	conjunction
1	بگذار	-	-	-	V1

0	سماق	-	-	-	N1
1	بمکند	-	-	-	V1
2	.	-	-	-	endDelim

0	گفتم	-	-	-	V2

0	ای	-	-	-	Intj
1	بابا	-	-	-	N1
2	،	-	-	-	endDelim
3	خدا	-	-	-	N1
4	را	-	-	-	Po
5	خوش	-	-	-	A0
6	نمی‌آید	-	-	-	V1
7	.	-	-	-	endDelim

0	این	-	-	-	A1
1	بدبخت‌ها	-	-	-	A0
2	سال	-	-	-	N1
3	آزگار	-	-	-	A0
4	یک	-	-	-	Nu
5	بار	-	-	-	V1

0	برایشان	-	-	-	Pr
1	چنین	-	-	-	A2
2	پایی	-	-	-	A0
3	می‌افتد	-	-	-	V1

0	و	-	-	-	conjunction
1	شکم‌ها	-	-	-	N1
2	را	-	-	-	Po
3	مدتی	-	-	-	N1
4	است	-	-	-	V3

0	صابون	-	-	-	N1
1	زده‌اند	-	-	-	A0
2	که	-	-	-	C0
3	کباب‌غاز	-	-	-	undefined
4	بخورند	-	-	-	A0
5	و	-	-	-	conjunction
6	ساعت‌شماری	-	-	-	N1
7	می‌کنند	-	-	-	V1
8	.	-	-	-	endDelim

0	اگر	-	-	-	C0
1	از	-	-	-	Pr
2	زیرش	-	-	-	A0
3	در	-	-	-	Pr
4	بروم	-	-	-	A0
5	چشمم	-	-	-	N1
6	را	-	-	-	Po
7	در	-	-	-	Pr
8	خواهند آورد	-	-	-	V2

0	و	-	-	-	conjunction
1	حالاکه	-	-	-	C1
2	خودمانیم	-	-	-	N1
3	،	-	-	-	endDelim
4	حق	-	-	-	N1
5	هم	-	-	-	Ad
6	دارند	-	-	-	V1
7	.	-	-	-	endDelim

0	چطور	-	-	-	A0
1	است	-	-	-	V3

0	از	-	-	-	Pr
1	منزل	-	-	-	N1
2	یکی	-	-	-	A2
3	از	-	-	-	Pr
4	دوستان	-	-	-	N1
5	و	-	-	-	conjunction
6	آشنایان	-	-	-	A0
7	یک‌دست	-	-	-	A0
8	دیگر	-	-	-	Ad
9	ظرف	-	-	-	N1
10	و	-	-	-	conjunction
11	لوازم	-	-	-	N1
12	عاریه	-	-	-	A0
13	بگیریم	-	-	-	N1
14	.	-	-	-	endDelim
15	اینک	-	-	-	Ad
16	روز	-	-	-	N1
17	دوم	-	-	-	A0
18	عید	-	-	-	N1
19	است	-	-	-	V3

0	و	-	-	-	conjunction
1	تدارک	-	-	-	N1
2	پذیرایی	-	-	-	N1
3	از	-	-	-	Pr
4	هرجهت	-	-	-	undefined
5	دیده شده است	-	-	-	V2
6	.	-	-	-	endDelim

0	علاوه‌بر	-	-	-	Pr1
1	غاز	-	-	-	N1
2	معهود	-	-	-	A0
3	،	-	-	-	endDelim
4	آش	-	-	-	N1
5	جو	-	-	-	V1

0	اعلا	-	-	-	A0
1	و	-	-	-	conjunction
2	کباب	-	-	-	N1
3	بره‌ی	-	-	-	N1
4	ممتاز	-	-	-	A0
5	و	-	-	-	conjunction
6	دو	-	-	-	Nu
7	رنگ	-	-	-	N1
8	پلو	-	-	-	N1
9	و	-	-	-	conjunction
10	چند	-	-	-	NA
11	جور	-	-	-	A0
12	خورش	-	-	-	N1
13	باتمام	-	-	-	Pr1
14	مخلفات	-	-	-	N1
15	روبه‌راه	-	-	-	A0
16	شده است	-	-	-	V3
17	.	-	-	-	endDelim

0	در	-	-	-	Pr
1	تختخواب	-	-	-	N1
2	گرم‌ونرم	-	-	-	A0
3	و	-	-	-	conjunction
4	تازه‌ای	-	-	-	A0
5	که	-	-	-	C0
6	از	-	-	-	Pr
7	جمله‌ی	-	-	-	N1
8	اسباب	-	-	-	N1
9	جهاز	-	-	-	N1
10	خانم	-	-	-	N1
11	است	-	-	-	V3

0	لم	-	-	-	V1

0	داده	-	-	-	N1
1	و	-	-	-	conjunction
2	به	-	-	-	Pr
3	تفریح	-	-	-	N1
4	تمام	-	-	-	A0
5	مشغول	-	-	-	A0
6	خواندن	-	-	-	V2

0	حکایت‌های	-	-	-	N1
1	بی‌نظیر	-	-	-	A0
2	صادق	-	-	-	A0
3	هدایت	-	-	-	N1
4	بودم	-	-	-	V2
5	.	-	-	-	endDelim

0	درست	-	-	-	A0
1	کیفور	-	-	-	A0
2	شده بودم	-	-	-	V3

0	که	-	-	-	C0
1	عیالم	-	-	-	N1
2	وارد	-	-	-	N1
3	شد	-	-	-	V3

0	و	-	-	-	conjunction
1	گفت	-	-	-	V2

0	جوان	-	-	-	A0
1	دیلاقی	-	-	-	A0
2	مصطفی	-	-	-	N3
3	نام	-	-	-	N1
4	آمده	-	-	-	V2

0	می‌گوید	-	-	-	V1

0	پسرعموی	-	-	-	N1
1	تنی	-	-	-	A0
2	تو	-	-	-	N5
3	است	-	-	-	V3

0	و	-	-	-	conjunction
1	برای	-	-	-	Pr
2	عید	-	-	-	N1
3	مبارکی	-	-	-	N1
4	شرفیاب	-	-	-	A0
5	شده است	-	-	-	V3
6	.	-	-	-	endDelim

0	مصطفی	-	-	-	N3
1	پسرعموی	-	-	-	N1
2	دختردایی	-	-	-	N1
3	خاله‌ی	-	-	-	N1
4	مادرم	-	-	-	N1
5	می‌شد	-	-	-	V3
6	.	-	-	-	endDelim

0	جوانی	-	-	-	N1
1	به	-	-	-	Pr
2	سن	-	-	-	N1
3	بیست	-	-	-	Nu
4	و	-	-	-	conjunction
5	پنج	-	-	-	Nu
6	یا	-	-	-	C0
7	بیست	-	-	-	Nu
8	و	-	-	-	conjunction
9	شش	-	-	-	Nu
10	.	-	-	-	endDelim
11	لات‌ولوت	-	-	-	A0
12	و	-	-	-	conjunction
13	آسمان‌جل	-	-	-	A0
14	و	-	-	-	conjunction
15	بی‌دست‌وپا	-	-	-	A0
16	و	-	-	-	conjunction
17	پخمه	-	-	-	A0
18	و	-	-	-	conjunction
19	گاگول	-	-	-	undefined
20	و	-	-	-	conjunction
21	تا	-	-	-	Pr
22	بخواهی	-	-	-	V1

0	بدریخت	-	-	-	undefined
1	و	-	-	-	conjunction
2	بدقواره	-	-	-	A0
3	.	-	-	-	endDelim
4	هروقت	-	-	-	undefined
5	می‌خواست	-	-	-	V2

0	حرفی	-	-	-	A0
1	بزند	-	-	-	V1
2	،	-	-	-	endDelim

0	رنگ	-	-	-	N1
1	می‌گذاشت	-	-	-	V2

0	و	-	-	-	conjunction
1	رنگ	-	-	-	N1
2	برمی‌داشت	-	-	-	V2

0	و	-	-	-	conjunction
1	مثل	-	-	-	N1
2	این‌که	-	-	-	Ad
3	دسته	-	-	-	N1
4	هاون	-	-	-	N1
5	برنجی	-	-	-	A0
6	در	-	-	-	Pr
7	گلویش	-	-	-	N1
8	گیر	-	-	-	V1

0	کرده باشد	-	-	-	V2

0	دهنش	-	-	-	N1
1	بازمی‌ماند	-	-	-	V2

0	و	-	-	-	conjunction
1	به	-	-	-	Pr
2	خرخر	-	-	-	N1
3	می‌افتاد	-	-	-	V2
4	.	-	-	-	endDelim

0	الحمدالله	-	-	-	Exp
1	سالی	-	-	-	Ad
2	یک‌مرتبه	-	-	-	Ad
3	بیش‌تر	-	-	-	A0
4	از	-	-	-	Pr
5	زیارت	-	-	-	N1
6	جمالش	-	-	-	N1
7	مسرور	-	-	-	A0
8	و	-	-	-	conjunction
9	مشعوف	-	-	-	A0
10	نمی‌شدم	-	-	-	V3
11	.	-	-	-	endDelim

0	به	-	-	-	Pr
1	زنم	-	-	-	V1

0	گفتم	-	-	-	V2

0	تو	-	-	-	N5
1	را	-	-	-	Po
2	به	-	-	-	Pr
3	خدا	-	-	-	N1
4	بگو	-	-	-	V1

0	فلانی	-	-	-	A2
1	هنوز	-	-	-	Ad
2	از	-	-	-	Pr
3	خواب	-	-	-	V1

0	بیدار	-	-	-	A0
1	نشده	-	-	-	V3

0	و	-	-	-	conjunction
1	شر	-	-	-	A0
2	این	-	-	-	A1
3	غول	-	-	-	N1
4	بی	-	-	-	prefix
5	شاخ	-	-	-	N1
6	و	-	-	-	conjunction
7	دم	-	-	-	V1

0	را	-	-	-	Po
1	ازسر	-	-	-	Pr1
2	ما	-	-	-	N5
3	بکن	-	-	-	A0
4	و	-	-	-	conjunction
5	بگذار	-	-	-	V1

0	برود	-	-	-	N1
1	لای	-	-	-	N1
2	دست	-	-	-	N1
3	بابای	-	-	-	N1
4	علیه‌الرحمه‌اش	-	-	-	undefined
5	.	-	-	-	endDelim
6	گفت	-	-	-	V2

0	به	-	-	-	Pr
1	من	-	-	-	N5
2	دخلی	-	-	-	N1
3	ندارد	-	-	-	V1
4	!	-	-	-	endDelim

0	مال	-	-	-	V1

0	بد	-	-	-	A0
1	بیخ	-	-	-	N1
2	ریش	-	-	-	N1
3	صاحبش	-	-	-	N1
4	.	-	-	-	endDelim
5	ماشاء‌الله	-	-	-	N1
6	هفت	-	-	-	Nu
7	قرآن	-	-	-	N1
8	به	-	-	-	Pr
9	میان	-	-	-	N1
10	پسرعموی	-	-	-	N1
11	دسته	-	-	-	N1
12	دیزی	-	-	-	N1
13	خودت	-	-	-	N7
14	است	-	-	-	V3
15	.	-	-	-	endDelim

0	هرگلی	-	-	-	undefined
1	هست	-	-	-	V3

0	به	-	-	-	Pr
1	سر	-	-	-	V1

0	خودت	-	-	-	N7
1	بزن	-	-	-	A0
2	.	-	-	-	endDelim
3	من	-	-	-	N5
4	اساسن	-	-	-	undefined
5	شرط	-	-	-	N1
6	کرده‌ام	-	-	-	V2

0	با	-	-	-	Pr
1	قوم	-	-	-	N1
2	و	-	-	-	conjunction
3	خویش‌های	-	-	-	undefined
4	ددری	-	-	-	undefined
5	تو	-	-	-	N5
6	هیچ	-	-	-	A1
7	سر	-	-	-	V1

0	و	-	-	-	conjunction
1	کاری	-	-	-	A0
2	نداشته باشم	-	-	-	V2
3	؛	-	-	-	endDelim

0	آن‌هم	-	-	-	Ad
1	با	-	-	-	Pr
2	چنین	-	-	-	A2
3	لندهور	-	-	-	A0
4	الدنگی	-	-	-	A0
5	.	-	-	-	endDelim
6	دیدم	-	-	-	V2

0	چاره‌ای	-	-	-	N1
1	نیست	-	-	-	N1
2	و	-	-	-	conjunction
3	خدا	-	-	-	N1
4	را	-	-	-	Po
5	هم	-	-	-	Ad
6	خوش	-	-	-	A0
7	نمی‌آید	-	-	-	V1

0	این	-	-	-	A1
1	بیچاره	-	-	-	A0
2	که	-	-	-	C0
3	لابد	-	-	-	Ad
4	ازراه	-	-	-	Pr1
5	دورودراز	-	-	-	A0
6	با	-	-	-	Pr
7	شکم	-	-	-	N1
8	گرسنه	-	-	-	A0
9	و	-	-	-	conjunction
10	پای	-	-	-	N1
11	برهنه	-	-	-	A0
12	به	-	-	-	Pr
13	امید	-	-	-	N3
14	چند	-	-	-	NA
15	ریال	-	-	-	N1
16	عیدی	-	-	-	N1
17	آمده	-	-	-	V2

0	ناامید	-	-	-	A0
1	کنم	-	-	-	V1
2	.	-	-	-	endDelim

0	پیش	-	-	-	A0
1	خودم	-	-	-	N7
2	گفتم	-	-	-	V2

0	چنین	-	-	-	A2
1	روز	-	-	-	N1
2	مبارکی	-	-	-	N1
3	صله‌ی	-	-	-	N1
4	ارحام	-	-	-	undefined
5	نکنی	-	-	-	V1

0	کی	-	-	-	NA
1	خواهی کرد	-	-	-	V2
2	؟	-	-	-	endDelim

0	لذا	-	-	-	Ad
1	صدایش	-	-	-	N1
2	کردم	-	-	-	V2
3	،	-	-	-	endDelim

0	سرش	-	-	-	V1

0	را	-	-	-	Po
1	خم	-	-	-	V1

0	کرده	-	-	-	V2

0	وارد	-	-	-	N1
1	شد	-	-	-	V3
2	.	-	-	-	endDelim

0	دیدم	-	-	-	V2

0	ماشاء‌الله	-	-	-	N1
1	چشم	-	-	-	N1
2	بد	-	-	-	A0
3	دور	-	-	-	A0
4	آقا	-	-	-	N1
5	واترقیده‌اند	-	-	-	undefined
6	.	-	-	-	endDelim
7	قدش	-	-	-	N1
8	درازتر	-	-	-	A0
9	و	-	-	-	conjunction
10	پک	-	-	-	V1

0	و	-	-	-	conjunction
1	پوزش	-	-	-	N1
2	کریه‌تر	-	-	-	A0
3	شده است	-	-	-	V3
4	.	-	-	-	endDelim

0	گردنش	-	-	-	N1
1	مثل	-	-	-	N1
2	گردن	-	-	-	N1
3	همان	-	-	-	A1
4	غاز	-	-	-	N1
5	مادرمرده‌ای	-	-	-	A0
6	که	-	-	-	C0
7	در	-	-	-	Pr
8	همان	-	-	-	A1
9	ساعت	-	-	-	N1
10	در	-	-	-	Pr
11	دیگ	-	-	-	N1
12	مشغول	-	-	-	A0
13	کباب	-	-	-	N1
14	شدن	-	-	-	V3

0	بود	-	-	-	V2

0	سر	-	-	-	V1

0	از	-	-	-	Pr
1	یقه‌ی	-	-	-	N1
2	چرکین	-	-	-	A0
3	بیرون	-	-	-	N1
4	دوانده بود	-	-	-	V2

0	و	-	-	-	conjunction
1	اگرچه	-	-	-	C1
2	به	-	-	-	Pr
3	حساب	-	-	-	N1
4	خودش	-	-	-	N7
5	ریش	-	-	-	N1
6	تراشیده بود	-	-	-	V2
7	،	-	-	-	endDelim

0	اما	-	-	-	C0
1	پشم‌های	-	-	-	N1
2	زرد	-	-	-	A0
3	و	-	-	-	conjunction
4	سرخ	-	-	-	A0
5	و	-	-	-	conjunction
6	خرمایی	-	-	-	A0
7	به	-	-	-	Pr
8	بلندی	-	-	-	N1
9	یک	-	-	-	Nu
10	انگشت	-	-	-	N1
11	از	-	-	-	Pr
12	لابلای	-	-	-	undefined
13	یقه‌ی	-	-	-	N1
14	پیراهن	-	-	-	N1
15	،	-	-	-	endDelim
16	سر	-	-	-	V1

0	به	-	-	-	Pr
1	درآورده	-	-	-	A0
2	و	-	-	-	conjunction
3	مثل	-	-	-	N1
4	کزم‌هایی	-	-	-	undefined
5	که	-	-	-	C0
6	به	-	-	-	Pr
7	مارچوبه‌ی	-	-	-	N1
8	گندیده	-	-	-	A0
9	افتاده باشند	-	-	-	V2

0	درپیرامون	-	-	-	Pr1
1	گردن	-	-	-	N1
2	و	-	-	-	conjunction
3	گلو	-	-	-	N1
4	در	-	-	-	Pr
5	جنبش	-	-	-	N1
6	و	-	-	-	conjunction
7	اهتزاز	-	-	-	N1
8	بودند	-	-	-	V2
9	.	-	-	-	endDelim

0	از	-	-	-	Pr
1	توصیف	-	-	-	N1
2	لباسش	-	-	-	N1
3	بهتر	-	-	-	A0
4	است	-	-	-	V3

0	بگذرم	-	-	-	V1
1	،	-	-	-	endDelim

0	ولی	-	-	-	C0
1	همین‌قدر	-	-	-	undefined
2	می‌دانم	-	-	-	V1

0	که	-	-	-	C0
1	سر	-	-	-	V1

0	زانوهای	-	-	-	N1
1	شلوارش	-	-	-	N1
2	_	-	-	-	betwDelim
3	که	-	-	-	C0
4	از	-	-	-	Pr
5	بس	-	-	-	A0
6	شسته شده بودند	-	-	-	V2

0	به‌قدر	-	-	-	A0
1	یک	-	-	-	Nu
2	وجب	-	-	-	N1
3	خورد	-	-	-	V2

0	رفته بود	-	-	-	V2

0	چنان	-	-	-	A0
1	باد	-	-	-	N1
2	کرده بود	-	-	-	V2

0	که	-	-	-	C0
1	راستی‌راستی	-	-	-	undefined
2	تصور	-	-	-	N1
3	کردم	-	-	-	V2

0	دو	-	-	-	Nu
1	رأس	-	-	-	N1
2	هندوانه	-	-	-	N1
3	از	-	-	-	Pr
4	جایی	-	-	-	N1
5	کش	-	-	-	V1

0	رفته	-	-	-	V2

0	و	-	-	-	conjunction
1	در	-	-	-	Pr
2	آنجا	-	-	-	Ad
3	مخفی	-	-	-	A0
4	کرده است	-	-	-	V2
5	.	-	-	-	endDelim

0	دیدم	-	-	-	V2

0	زیاد	-	-	-	A0
1	پرت	-	-	-	A0
2	و	-	-	-	conjunction
3	بلا	-	-	-	A0
4	می‌گوید	-	-	-	V1
5	؛	-	-	-	endDelim

0	خواستم	-	-	-	V2

0	نوکش	-	-	-	N1
1	را	-	-	-	Po
2	چیده	-	-	-	A0
3	،	-	-	-	endDelim
4	دمش	-	-	-	V1

0	را	-	-	-	Po
1	روی	-	-	-	Pr1
2	کولش	-	-	-	N1
3	بگذارم	-	-	-	V1

0	و	-	-	-	conjunction
1	به	-	-	-	Pr
2	امان	-	-	-	N1
3	خدا	-	-	-	N1
4	بسپارم	-	-	-	N1
5	.	-	-	-	endDelim
6	این	-	-	-	A1
7	حرف	-	-	-	N1
8	که	-	-	-	C0
9	در	-	-	-	Pr
10	بادی	-	-	-	Ad
11	امر	-	-	-	N1
12	زیاد	-	-	-	A0
13	بی‌پا	-	-	-	A0
14	و	-	-	-	conjunction
15	بی‌معنی	-	-	-	A0
16	به‌نظر	-	-	-	Pr1
17	می‌آمد	-	-	-	V2
18	،	-	-	-	endDelim

0	کم‌کم	-	-	-	Ad
1	وقتی	-	-	-	Ad
2	درست	-	-	-	A0
3	آن	-	-	-	A1
4	را	-	-	-	Po
5	در	-	-	-	Pr
6	زوایا	-	-	-	mokassar
7	و	-	-	-	conjunction
8	خفایای	-	-	-	undefined
9	خاطر	-	-	-	N1
10	و	-	-	-	conjunction
11	مخیله	-	-	-	N1
12	نشخوار	-	-	-	N1
13	کردم	-	-	-	V2
14	،	-	-	-	endDelim

0	معلوم	-	-	-	A0
1	شد	-	-	-	V3

0	آن	-	-	-	A1
1	قدرها	-	-	-	N1
2	هم	-	-	-	Ad
3	نامعقول	-	-	-	A0
4	نیست	-	-	-	N1
5	و	-	-	-	conjunction
6	نباید	-	-	-	V4

0	زیاد	-	-	-	A0
1	سرسری	-	-	-	A0
2	گرفت	-	-	-	V2
3	.	-	-	-	endDelim

0	هرچه	-	-	-	Ad
1	بیش‌تر	-	-	-	A0
2	در	-	-	-	Pr
3	این	-	-	-	A1
4	باب	-	-	-	N1
5	دقیق	-	-	-	A0
6	شدم	-	-	-	V3

0	یک	-	-	-	Nu
1	نوع	-	-	-	N1
2	امیدواری	-	-	-	N1
3	در	-	-	-	Pr
4	خود	-	-	-	N8
5	حس	-	-	-	N1
6	نمودم	-	-	-	V2

0	و	-	-	-	conjunction
1	ستاره‌ی	-	-	-	N1
2	ضعیفی	-	-	-	N1
3	در	-	-	-	Pr
4	شبستان	-	-	-	N1
5	تیره	-	-	-	A0
6	و	-	-	-	conjunction
7	تار	-	-	-	V1

0	درونم	-	-	-	N1
1	درخشیدن	-	-	-	V2

0	گرفت	-	-	-	V2
1	.	-	-	-	endDelim

0	رفته‌رفته	-	-	-	Ad
1	سردماغ	-	-	-	A0
2	آمدم	-	-	-	V2

0	و	-	-	-	conjunction
1	خندان	-	-	-	V1

0	و	-	-	-	conjunction
1	شادمان	-	-	-	A0
2	روبه	-	-	-	N1
3	مصطفی	-	-	-	N3
4	نموده	-	-	-	A0
5	گفتم	-	-	-	V2

0	اولین	-	-	-	A0
1	بار	-	-	-	V1

0	است	-	-	-	V3

0	که	-	-	-	C0
1	از	-	-	-	Pr
2	تو	-	-	-	N5
3	یک	-	-	-	Nu
4	کلمه	-	-	-	N1
5	حرف	-	-	-	N1
6	حسابی	-	-	-	A0
7	می‌شنوم	-	-	-	V1

0	ولی	-	-	-	C0
1	به‌نظرم	-	-	-	undefined
2	این	-	-	-	A1
3	گره	-	-	-	N1
4	فقط	-	-	-	Ad
5	به	-	-	-	Pr
6	دست	-	-	-	N1
7	خودت	-	-	-	N7
8	گشوده خواهد شد	-	-	-	V2
9	.	-	-	-	endDelim

0	باید	-	-	-	V4

0	خودت	-	-	-	N7
1	مهارت	-	-	-	N1
2	به	-	-	-	Pr
3	خرج	-	-	-	N1
4	بدهی	-	-	-	N1
5	که	-	-	-	C0
6	احدی	-	-	-	N4
7	از	-	-	-	Pr
8	مهمانان	-	-	-	N1
9	درصدد	-	-	-	Pr1
10	دست‌زدن	-	-	-	undefined
11	به	-	-	-	Pr
12	این	-	-	-	A1
13	غاز	-	-	-	N1
14	برنیاید	-	-	-	V1
15	.	-	-	-	endDelim

0	فردای	-	-	-	undefined
1	آن	-	-	-	A1
2	روزبه	-	-	-	N3
3	خاطرم	-	-	-	N1
4	آمد	-	-	-	V2

0	که	-	-	-	C0
1	دیروز	-	-	-	Ad
2	یک‌دست	-	-	-	A0
3	از	-	-	-	Pr
4	بهترین	-	-	-	A0
5	لباس‌های	-	-	-	N1
6	نو	-	-	-	V1

0	دوز	-	-	-	V1

0	خود	-	-	-	N8
1	را	-	-	-	Po
2	با	-	-	-	Pr
3	کلیه‌ی	-	-	-	Ad
4	متفرعات	-	-	-	A0
5	به	-	-	-	Pr
6	انضمام	-	-	-	N1
7	مایحتوی	-	-	-	undefined
8	یعنی	-	-	-	C0
9	آقای	-	-	-	N1
10	استادی	-	-	-	N1
11	مصطفی‌خان	-	-	-	undefined
12	به	-	-	-	Pr
13	دست	-	-	-	N1
14	چلاق‌شده‌ی	-	-	-	undefined
15	خودم	-	-	-	N7
16	از	-	-	-	Pr
17	خانه	-	-	-	N1
18	بیرون	-	-	-	N1
19	انداخته‌ام	-	-	-	A0
20	.	-	-	-	endDelim
21	ولی	-	-	-	C0
22	چون‌که	-	-	-	C1
23	تیری	-	-	-	N1
24	که	-	-	-	C0
25	از	-	-	-	Pr
26	شست	-	-	-	V2

0	رفته	-	-	-	V2

0	بازنمی‌گردد	-	-	-	V1
1	،	-	-	-	endDelim

0	یک‌بار	-	-	-	undefined
1	دیگر	-	-	-	Ad
2	به	-	-	-	Pr
3	کلام	-	-	-	N1
4	بلندپایه‌ی	-	-	-	A0
5	«	-	-	-	startDelim
6	از	-	-	-	Pr
7	ماست	-	-	-	N1
8	که	-	-	-	C0
9	بر	-	-	-	Pr
10	ماست	-	-	-	N1
11	»	-	-	-	endDelim
12	ایمان	-	-	-	N1
13	آوردم	-	-	-	V2

0	و	-	-	-	conjunction
1	پشت	-	-	-	N1
2	دستم	-	-	-	N1
3	را	-	-	-	Po
4	داغ	-	-	-	A0
5	کردم	-	-	-	V2

0	که	-	-	-	C0
1	تا	-	-	-	Pr
2	من	-	-	-	N5
3	باشم	-	-	-	V1

0	دیگر	-	-	-	Ad
1	پیرامون	-	-	-	N1
2	ترفیع‌رتبه	-	-	-	undefined
3	نگردم	-	-	-	V1
4	!	-	-	-	endDelim

0	*	-	-	-	endDelim
1	*	-	-	-	endDelim
2	*	-	-	-	endDelim
3	*	-	-	-	endDelim
4	*	-	-	-	endDelim
5	واتراقیده‌اند	-	-	-	undefined
6	مفتخرترین‌هایشانند	-	-	-	A0
7	درصدداند	-	-	-	undefined
8	مشتق‌پذیرند	-	-	-	N1
9	رفت	-	-	-	V2

0	وآمدشان	-	-	-	undefined
1	گفتوگویمان	-	-	-	undefined
2	عبورومرور	-	-	-	N1
3	متلاشی‌کنندگانیم	-	-	-	undefined
4	پراستفاده‌ترین	-	-	-	undefined
5	خویشتنداران	-	-	-	undefined
6	اشتباهاتتان	-	-	-	A0
7	پراشتباه	-	-	-	A0
8	تریم	-	-	-	N1
