
0	می‌اندیشم	-	-	-	V1

0	که	-	-	-	C0
1	به	-	-	-	Pr
2	لطایف	-	-	-	N1
3	حیل	-	-	-	N1
4	و	-	-	-	conjunction
5	بدایع	-	-	-	N1
6	تمویهات	-	-	-	undefined
7	گرد	-	-	-	V1

0	این	-	-	-	A1
1	غرض	-	-	-	N1
2	درآیم	-	-	-	V1

0	و	-	-	-	conjunction
1	به	-	-	-	Pr
2	هر	-	-	-	A1
3	وجه	-	-	-	N1
4	که	-	-	-	C0
5	ممکن	-	-	-	A0
6	گردد	-	-	-	V1

0	بکوشم	-	-	-	V1

0	تا	-	-	-	Pr
1	او	-	-	-	N5
2	را	-	-	-	Po
3	درگردانم	-	-	-	undefined
4	،	-	-	-	endDelim
5	که	-	-	-	C0
6	اهمال	-	-	-	N1
7	و	-	-	-	conjunction
8	تقصیر	-	-	-	N1
9	را	-	-	-	Po
10	در	-	-	-	Pr
11	مذهب	-	-	-	N1
12	حمیت	-	-	-	N1
13	رخصت	-	-	-	N1
14	نبینم	-	-	-	V1

0	و	-	-	-	conjunction
1	اگر	-	-	-	C0
2	غفلتی	-	-	-	N1
3	روا	-	-	-	A0
4	دارم	-	-	-	V1

0	به	-	-	-	Pr
1	نزدیک	-	-	-	A0
2	اصحاب	-	-	-	mokassar
3	مروت	-	-	-	N1
4	معذور	-	-	-	A0
5	نباشم	-	-	-	V1
6	.	-	-	-	endDelim

0	و	-	-	-	abbrv
1	نیز	-	-	-	Ad
2	منزلتی	-	-	-	N1
3	تو	-	-	-	N5
4	نمی‌جویم	-	-	-	V1

0	و	-	-	-	conjunction
1	در	-	-	-	Pr
2	طلب	-	-	-	V1

0	زیادتی	-	-	-	A0
1	قدم	-	-	-	N1
2	نمی‌گزارم	-	-	-	V1

0	که	-	-	-	C0
1	به	-	-	-	Pr
2	حرص	-	-	-	N1
3	و	-	-	-	conjunction
4	گرم‌شکمی	-	-	-	undefined
5	منسوب	-	-	-	N1
6	شوم	-	-	-	A0
7	.	-	-	-	endDelim
8	و	-	-	-	conjunction
9	شاید	-	-	-	V2

0	بود	-	-	-	V2

0	که	-	-	-	C0
1	چون	-	-	-	C0
2	صورت	-	-	-	N1
3	حال	-	-	-	N1
4	بشناخت	-	-	-	V2

0	و	-	-	-	conjunction
1	فضیحت	-	-	-	N1
2	خود	-	-	-	N8
3	بدید	-	-	-	V2

0	به	-	-	-	Pr
1	مکابره	-	-	-	undefined
2	درآید	-	-	-	V1
3	،	-	-	-	endDelim

0	ساخته	-	-	-	A0
1	و	-	-	-	conjunction
2	بسیجیده	-	-	-	V2

0	جنگ	-	-	-	V1

0	آغازد	-	-	-	V1
1	،	-	-	-	endDelim

0	یا	-	-	-	C0
1	مستعد	-	-	-	A0
2	و	-	-	-	conjunction
3	متشمر	-	-	-	undefined
4	روی	-	-	-	Pr1
5	بگرداند	-	-	-	V2
6	.	-	-	-	endDelim

0	و	-	-	-	abbrv
1	اصحاب	-	-	-	mokassar
2	حزم	-	-	-	N1
3	گناه	-	-	-	N1
4	ظاهر	-	-	-	N1
5	را	-	-	-	Po
6	عقوبت	-	-	-	N1
7	مستور	-	-	-	A0
8	و	-	-	-	conjunction
9	جرم	-	-	-	N1
10	مستور	-	-	-	A0
11	را	-	-	-	Po
12	عقوبت	-	-	-	N1
13	ظاهر	-	-	-	N1
14	جایز	-	-	-	A0
15	نشمرند	-	-	-	V1
16	.	-	-	-	endDelim

0	و	-	-	-	conjunction
1	بباید	-	-	-	V4

0	شناخت	-	-	-	V2

0	که	-	-	-	C0
1	عقوبت	-	-	-	N1
2	غادران	-	-	-	undefined
3	زود	-	-	-	A0
4	نازل	-	-	-	N1
5	گردد	-	-	-	V1
6	،	-	-	-	endDelim

0	و	-	-	-	conjunction
1	سوگند	-	-	-	N1
2	دروغ	-	-	-	N1
3	قواعد	-	-	-	N1
4	عمر	-	-	-	N1
5	و	-	-	-	conjunction
6	اساس	-	-	-	N1
7	زندگانی	-	-	-	N1
8	زود	-	-	-	A0
9	با	-	-	-	Pr
10	خلل	-	-	-	N1
11	کند	-	-	-	A0
12	،	-	-	-	endDelim
13	و	-	-	-	conjunction
14	زبان	-	-	-	N1
15	نبوت	-	-	-	N1
16	بدین	-	-	-	Pr
17	دقیقه	-	-	-	N1
18	اشارت	-	-	-	N1
19	کند	-	-	-	A0
20	.	-	-	-	endDelim
21	آن	-	-	-	A1
22	کس	-	-	-	N1
23	که	-	-	-	C0
24	به	-	-	-	Pr
25	تواضع	-	-	-	N1
26	و	-	-	-	conjunction
27	تضرع	-	-	-	N1
28	مقدمات	-	-	-	N1
29	آزار	-	-	-	V1

0	فرو	-	-	-	VPr
1	نتواند	-	-	-	V1

0	گذاشت	-	-	-	V2

0	و	-	-	-	conjunction
1	در	-	-	-	Pr
2	عفو	-	-	-	N1
3	و	-	-	-	conjunction
4	تجاوز	-	-	-	N1
5	پیش‌دستی	-	-	-	N1
6	و	-	-	-	conjunction
7	مبادرت	-	-	-	N1
8	نتواند	-	-	-	V1

0	نمود	-	-	-	V2

0	از	-	-	-	Pr
1	پیرایه	-	-	-	N1
2	نیکونامی	-	-	-	undefined
3	عاطل	-	-	-	A0
4	گردد	-	-	-	V1

0	و	-	-	-	conjunction
1	در	-	-	-	Pr
2	پیش	-	-	-	A0
3	مردان	-	-	-	N1
4	سرافگنده	-	-	-	undefined
5	ماند	-	-	-	V2
6	.	-	-	-	endDelim

0	اینست	-	-	-	undefined
1	مثل	-	-	-	N1
2	خردمند	-	-	-	A0
3	روشن	-	-	-	A0
4	رأی	-	-	-	N1
5	که	-	-	-	C0
6	فرصت	-	-	-	N1
7	مصالحت	-	-	-	N1
8	دشمن	-	-	-	A0
9	به	-	-	-	Pr
10	وقت	-	-	-	N1
11	حاجت	-	-	-	N1
12	فایت	-	-	-	N1
13	نگرداند	-	-	-	V2

0	و	-	-	-	conjunction
1	پس‌از	-	-	-	Pr1
2	حصول	-	-	-	N1
3	غرض	-	-	-	N1
4	از	-	-	-	Pr
5	مراعات	-	-	-	N1
6	جانب	-	-	-	N1
7	حزم	-	-	-	N1
8	و	-	-	-	conjunction
9	احتیاط	-	-	-	N1
10	غافل	-	-	-	A0
11	نباشد	-	-	-	V1
12	.	-	-	-	endDelim

0	سبحان‌الله	-	-	-	Exp
1	!	-	-	-	endDelim
2	موشی	-	-	-	A0
3	با	-	-	-	Pr
4	ضعف	-	-	-	N1
5	و	-	-	-	conjunction
6	عجز	-	-	-	N1
7	خویش	-	-	-	N8
8	چون	-	-	-	C0
9	آفات	-	-	-	N1
10	بدو	-	-	-	N1
11	محیط	-	-	-	A0
12	گشت	-	-	-	V3

0	و	-	-	-	conjunction
1	دشمنان	-	-	-	A0
2	غالب	-	-	-	A0
3	گرد	-	-	-	V1

0	او	-	-	-	N5
1	درآمدند	-	-	-	V2

0	دل	-	-	-	N1
1	از	-	-	-	Pr
2	جای	-	-	-	N1
3	نبرد	-	-	-	N1
4	و	-	-	-	conjunction
5	به	-	-	-	Pr
6	دقایق	-	-	-	N1
7	مخادعت	-	-	-	undefined
8	یکی	-	-	-	A2
9	را	-	-	-	Po
10	از	-	-	-	Pr
11	ایشان	-	-	-	N5
12	در	-	-	-	Pr
13	دام	-	-	-	N1
14	موافقت	-	-	-	N1
15	کشید	-	-	-	V2
16	،	-	-	-	endDelim

0	تا	-	-	-	Pr
1	بدان	-	-	-	V1

0	وثیقت	-	-	-	A0
1	و	-	-	-	conjunction
2	وسیلت	-	-	-	N1
3	محنت	-	-	-	N1
4	از	-	-	-	Pr
5	وی	-	-	-	N5
6	دور	-	-	-	A0
7	گشت	-	-	-	V3
8	،	-	-	-	endDelim

0	و	-	-	-	conjunction
1	از	-	-	-	Pr
2	عهده	-	-	-	N1
3	عهد	-	-	-	N1
4	دشمن	-	-	-	A0
5	به	-	-	-	Pr
6	وقت	-	-	-	N1
7	بیرون	-	-	-	N1
8	آمد	-	-	-	V2
9	،	-	-	-	endDelim

0	و	-	-	-	conjunction
1	پس‌از	-	-	-	Pr1
2	ادراک	-	-	-	N1
3	نهمت	-	-	-	V1

0	در	-	-	-	Pr
1	تصون	-	-	-	undefined
2	ذات	-	-	-	N1
3	ابواب	-	-	-	N1
4	تیقظ	-	-	-	undefined
5	به	-	-	-	Pr
6	جای	-	-	-	N1
7	آورد	-	-	-	V2
8	.	-	-	-	endDelim

0	اگر	-	-	-	C0
1	اصحاب	-	-	-	mokassar
2	خرد	-	-	-	N1
3	و	-	-	-	conjunction
4	کیاست	-	-	-	A0
5	و	-	-	-	conjunction
6	ذکا	-	-	-	undefined
7	و	-	-	-	conjunction
8	فطنت	-	-	-	undefined
9	این	-	-	-	A1
10	تجارب	-	-	-	mokassar
11	را	-	-	-	Po
12	نمودار	-	-	-	A0
13	عزایم	-	-	-	N1
14	خویش	-	-	-	N8
15	گردانند	-	-	-	V1

0	و	-	-	-	conjunction
1	در	-	-	-	Pr
2	تقدیم	-	-	-	N1
3	مهمات	-	-	-	N1
4	این	-	-	-	A1
5	بشارت	-	-	-	N1
6	را	-	-	-	Po
7	امام	-	-	-	N1
8	سازند	-	-	-	N1
9	فواتح	-	-	-	undefined
10	و	-	-	-	conjunction
11	خواتم	-	-	-	N1
12	کارهای	-	-	-	N1
13	ایشان	-	-	-	N5
14	به	-	-	-	Pr
15	مزید	-	-	-	A0
16	دوستکامی	-	-	-	undefined
17	و	-	-	-	conjunction
18	غبط	-	-	-	undefined
19	مقرون	-	-	-	A0
20	باشد	-	-	-	V1

0	و	-	-	-	conjunction
1	سعادت	-	-	-	N1
2	عاجل	-	-	-	A0
3	و	-	-	-	conjunction
4	آجل	-	-	-	A0
5	به	-	-	-	Pr
6	روزگار	-	-	-	N1
7	ایشان	-	-	-	N5
8	متصل	-	-	-	A0
9	گردد	-	-	-	V1
10	،	-	-	-	endDelim

0	والله	-	-	-	Ad
1	ولی	-	-	-	C0
2	التوفیق	-	-	-	undefined
3	.	-	-	-	endDelim
4	آنکه	-	-	-	Ad
5	کشیشان	-	-	-	A0
6	و	-	-	-	conjunction
7	رهبانان	-	-	-	N1
8	و	-	-	-	conjunction
9	ملکان	-	-	-	N1
10	و	-	-	-	conjunction
11	ریش‌سفیدان	-	-	-	A0
12	و	-	-	-	conjunction
13	کدخدایان	-	-	-	N1
14	و	-	-	-	conjunction
15	رعایای	-	-	-	N1
16	ارامنه	-	-	-	N1
17	ساکنین	-	-	-	A0
18	دارالسلطنه	-	-	-	N1
19	اصفهان	-	-	-	N2
20	بعنایت	-	-	-	N1
21	بی‌غایت	-	-	-	N1
22	شاهانه	-	-	-	A0
23	و	-	-	-	conjunction
24	شفقت	-	-	-	N1
25	و	-	-	-	conjunction
26	مرحمت	-	-	-	N1
27	بینهایت	-	-	-	A0
28	پادشاهانه	-	-	-	N1
29	مفتخر	-	-	-	A0
30	و	-	-	-	conjunction
31	سرافراز	-	-	-	A0
32	و	-	-	-	conjunction
33	مستظهر	-	-	-	A0
34	و	-	-	-	conjunction
35	امیدوار	-	-	-	A0
36	بوده	-	-	-	V2

0	بدانند	-	-	-	V1

0	که	-	-	-	C0
1	چون	-	-	-	C0
2	میانه	-	-	-	N1
3	نواب	-	-	-	N3
4	کامیاب	-	-	-	A0
5	همایون	-	-	-	A0
6	و	-	-	-	conjunction
7	حضرات	-	-	-	N1
8	سلاطین	-	-	-	N1
9	رفیع‌الشأن	-	-	-	undefined
10	مسیحیه	-	-	-	N1
11	خصوصا	-	-	-	Ad
12	سلطنت	-	-	-	N1
13	و	-	-	-	conjunction
14	شوکت	-	-	-	N1
15	پناهی	-	-	-	N4
16	قدره‌ی	-	-	-	undefined
17	السلاطین	-	-	-	undefined
18	العیسویه	-	-	-	undefined
19	کمال	-	-	-	N1
20	محبت	-	-	-	N1
21	و	-	-	-	conjunction
22	دوستی	-	-	-	N1
23	است	-	-	-	V3

0	و	-	-	-	conjunction
1	در	-	-	-	Pr
2	میانه	-	-	-	N1
3	ما	-	-	-	N5
4	و	-	-	-	conjunction
5	طوایف	-	-	-	N1
6	مسیحیه	-	-	-	N1
7	یکانکی	-	-	-	N1
8	است	-	-	-	V3

0	و	-	-	-	conjunction
1	اصلاً	-	-	-	Ad
2	جدایی	-	-	-	N1
3	نیست	-	-	-	N1
4	و	-	-	-	conjunction
5	توجه	-	-	-	N1
6	خاطر	-	-	-	N1
7	اشرف	-	-	-	N3
8	به	-	-	-	Pr
9	آن	-	-	-	A1
10	متعلق	-	-	-	A0
11	است	-	-	-	V3

0	که	-	-	-	C0
1	همیشه	-	-	-	Ad
2	طوایف	-	-	-	N1
3	مسیحیه	-	-	-	N1
4	از	-	-	-	Pr
5	اطراف	-	-	-	N1
6	و	-	-	-	conjunction
7	جوانب	-	-	-	mokassar
8	بدین	-	-	-	Pr
9	دیار	-	-	-	N1
10	آمدوشد	-	-	-	N1
11	نمایند	-	-	-	V1
12	.	-	-	-	endDelim

0	و	-	-	-	conjunction
1	حال	-	-	-	N1
2	آنکه	-	-	-	Ad
3	آن	-	-	-	A1
4	کودک	-	-	-	N1
5	دیگر	-	-	-	Ad
6	مردی	-	-	-	N1
7	شده است	-	-	-	V3

0	یا	-	-	-	C0
1	زنی	-	-	-	N1
2	؛	-	-	-	endDelim
3	و	-	-	-	conjunction
4	زیباست	-	-	-	A0
5	و	-	-	-	conjunction
6	برومند	-	-	-	A0
7	؛	-	-	-	endDelim
8	و	-	-	-	conjunction
9	لابد	-	-	-	Ad
10	شوهری	-	-	-	A0
11	می‌خواهد	-	-	-	V1

0	یا	-	-	-	C0
1	زنی	-	-	-	N1
2	؛	-	-	-	endDelim
3	و	-	-	-	conjunction
4	لابد	-	-	-	Ad
5	بچه‌ای	-	-	-	N1
6	خواهد داشت	-	-	-	V2

0	و…	-	-	-	undefined
1	این‌جوری	-	-	-	A0
2	بود	-	-	-	V2

0	که	-	-	-	C0
1	فریادم	-	-	-	N1
2	از	-	-	-	Pr
3	درون	-	-	-	N1
4	برخاست	-	-	-	V2

0	که	-	-	-	C0
1	مگر	-	-	-	Ad
2	دوام	-	-	-	N1
3	خلقت	-	-	-	N1
4	بر	-	-	-	Pr
5	زمینه‌ی	-	-	-	N1
6	لق	-	-	-	V1

0	حسرت‌های	-	-	-	N1
1	تو	-	-	-	N5
2	است	-	-	-	V3

0	احمق	-	-	-	A0
1	؟	-	-	-	endDelim
2	خیال	-	-	-	N1
3	کرده‌ای	-	-	-	V2
4	!	-	-	-	endDelim

0	و	-	-	-	conjunction
1	اصلاً	-	-	-	Ad
2	ببینم	-	-	-	V1

0	–	-	-	-	abbrv
1	مگر	-	-	-	Ad
2	کدامیک	-	-	-	NA
3	از	-	-	-	Pr
4	بچه‌های	-	-	-	N1
5	سرراهی	-	-	-	A0
6	و	-	-	-	conjunction
7	یتیم	-	-	-	A0
8	خانه‌ای	-	-	-	N1
9	و	-	-	-	conjunction
10	پرورشگاهی	-	-	-	A0
11	به	-	-	-	Pr
12	دم	-	-	-	V1

0	روح‌القدس	-	-	-	N1
1	در	-	-	-	Pr
2	مشیمه‌ی	-	-	-	N1
3	مادرشان	-	-	-	N1
4	قرار	-	-	-	N1
5	گرفته‌اند	-	-	-	A0
6	؟	-	-	-	endDelim
7	و	-	-	-	conjunction
8	مگر	-	-	-	Ad
9	چه	-	-	-	NA
10	فرقی	-	-	-	mokassar
11	هست	-	-	-	V3

0	میان	-	-	-	N1
1	یک	-	-	-	Nu
2	پسر	-	-	-	N1
3	کاکل‌زری	-	-	-	A0
4	فلان	-	-	-	A2
5	شازده	-	-	-	N1
6	با	-	-	-	Pr
7	بچه‌ی	-	-	-	N1
8	فلان	-	-	-	A2
9	میراب	-	-	-	N1
10	که	-	-	-	C0
11	چون	-	-	-	C0
12	برای	-	-	-	Pr
13	بخورونمیر	-	-	-	A0
14	خودش	-	-	-	N7
15	درمانده بوده	-	-	-	V2

0	فرزندش	-	-	-	N1
1	را	-	-	-	Po
2	سر	-	-	-	V1

0	راه	-	-	-	N1
1	گذاشته	-	-	-	A0
2	؟	-	-	-	endDelim
3	کارت	-	-	-	N1
4	به	-	-	-	Pr
5	کارت	-	-	-	N1
6	کردن	-	-	-	V2
7	.	-	-	-	endDelim

0	دراصل	-	-	-	Ad
1	به	-	-	-	Pr
2	معنی	-	-	-	N1
3	انتقال	-	-	-	N1
4	وجه	-	-	-	N1
5	بین	-	-	-	V1

0	کارت‌های	-	-	-	N1
1	بانکی	-	-	-	A0
2	عضو	-	-	-	N1
3	شتاب	-	-	-	V1

0	است	-	-	-	V3
1	.	-	-	-	endDelim

0	اما	-	-	-	C0
1	در	-	-	-	Pr
2	اصطلاح	-	-	-	N1
3	به	-	-	-	Pr
4	عنوان	-	-	-	N1
5	رشوه	-	-	-	N1
6	دادن	-	-	-	V2

0	تلقی	-	-	-	N1
1	می‌شود	-	-	-	V1
2	.	-	-	-	endDelim

0	داوری	-	-	-	N1
1	بازی	-	-	-	N1
2	فوتبال	-	-	-	N1
3	دیشبو	-	-	-	undefined
4	دیدی	-	-	-	V2
5	؟	-	-	-	endDelim

0	آره	-	-	-	N1
1	بابا	-	-	-	N1
2	تابلو	-	-	-	A0
3	بود	-	-	-	V2

0	واسه	-	-	-	Pr1
1	داوره	-	-	-	N1
2	کارت	-	-	-	N1
3	به	-	-	-	Pr
4	کارت	-	-	-	N1
5	کردن	-	-	-	V2
6	.	-	-	-	endDelim

0	میگن	-	-	-	undefined
1	مایکروسافت	-	-	-	N1
2	واسه	-	-	-	Pr1
3	سایت	-	-	-	N1
4	IGN	-	-	-	englishWord
5	کارت	-	-	-	N1
6	به	-	-	-	Pr
7	کارت	-	-	-	N1
8	کرده	-	-	-	V2

0	تا	-	-	-	Pr
1	امتیاز	-	-	-	N1
2	بالایی	-	-	-	A0
3	به	-	-	-	Pr
4	بازی	-	-	-	N1
5	Halo	-	-	-	englishWord
6	بده	-	-	-	V1
7	.	-	-	-	endDelim

0	مارال	-	-	-	N3
1	:	-	-	-	endDelim
2	بچه‌ها	-	-	-	N1
3	امروز	-	-	-	N1
4	تولد	-	-	-	N1
5	بهنازه	-	-	-	undefined
6	،	-	-	-	endDelim
7	دورهمی	-	-	-	undefined
8	داریم	-	-	-	V1
9	.	-	-	-	endDelim

0	حدیثه	-	-	-	N1
1	:	-	-	-	endDelim
2	آج	-	-	-	V1

0	جون	-	-	-	N1
1	،	-	-	-	endDelim
2	دورهمی	-	-	-	undefined
3	!	-	-	-	endDelim
4	مارال	-	-	-	N3
5	:	-	-	-	endDelim
6	علی	-	-	-	N3
7	کجاست	-	-	-	NA
8	؟	-	-	-	endDelim
9	کک	-	-	-	N1
10	به	-	-	-	Pr
11	تنبونمون	-	-	-	undefined
12	انداخت	-	-	-	V2

0	و	-	-	-	conjunction
1	رفت	-	-	-	V2
2	!	-	-	-	endDelim

0	حدیثه	-	-	-	N1
1	:	-	-	-	endDelim
2	خیلی	-	-	-	A0
3	ریلکسه	-	-	-	undefined
4	!	-	-	-	endDelim
5	الان	-	-	-	Ad
6	قلپ	-	-	-	N1
7	دوم	-	-	-	A0
8	چاییشه	-	-	-	undefined
9	!	-	-	-	endDelim
10	مارال	-	-	-	N3
11	:	-	-	-	endDelim
12	تصویرسازیت	-	-	-	N1
13	تو	-	-	-	N5
14	حلقم	-	-	-	N1
15	.	-	-	-	endDelim
16	مرضا	-	-	-	N1
17	کجاست	-	-	-	NA
18	که	-	-	-	C0
19	بیاد	-	-	-	N1
20	این	-	-	-	A1
21	اصطلاح	-	-	-	N1
22	ادبی	-	-	-	A0
23	چاله	-	-	-	N1
24	میدونی	-	-	-	undefined
25	رو	-	-	-	N1
26	ثبت	-	-	-	N1
27	کنه	-	-	-	N1
28	تو	-	-	-	N5
29	اون	-	-	-	undefined
30	بیلبیلک	-	-	-	undefined
31	؟	-	-	-	endDelim
32	(	-	-	-	startDelim
33	سایت	-	-	-	N1
34	فارسی	-	-	-	A0
35	شهری	-	-	-	A0
36	)	-	-	-	endDelim
37	مرسده	-	-	-	undefined
38	:	-	-	-	endDelim
39	مرضا	-	-	-	N1
40	اومد	-	-	-	undefined
41	ثبت	-	-	-	N1
42	کنه	-	-	-	N1
43	!	-	-	-	endDelim
44	مرضا	-	-	-	N1
45	:	-	-	-	endDelim
46	ثبت	-	-	-	N1
47	شد	-	-	-	V3
48	!	-	-	-	endDelim

0	منتظر	-	-	-	A0
1	تأیید	-	-	-	N1
2	فارسی	-	-	-	A0
3	شهری	-	-	-	A0
4	و	-	-	-	conjunction
5	این	-	-	-	A1
6	دو	-	-	-	Nu
7	تن	-	-	-	V1

0	برفتند	-	-	-	undefined
1	با	-	-	-	Pr
2	بگتگین	-	-	-	undefined
3	بگفتند	-	-	-	V2

0	که	-	-	-	C0
1	به	-	-	-	Pr
2	چه	-	-	-	NA
3	شغل	-	-	-	N1
4	آمده‌اند	-	-	-	V2
5	،	-	-	-	endDelim

0	که	-	-	-	C0
1	بی‌مثال	-	-	-	A0
2	وی	-	-	-	N5
3	کسی	-	-	-	A2
4	بر	-	-	-	Pr
5	قلعت	-	-	-	N1
6	نتوانستی	-	-	-	V4

0	شد	-	-	-	V3
1	.	-	-	-	endDelim

0	بگتگین	-	-	-	undefined
1	کدخدای	-	-	-	N1
2	خویش	-	-	-	N8
3	را	-	-	-	Po
4	با	-	-	-	Pr
5	ایشان	-	-	-	N5
6	نامزد	-	-	-	N1
7	کرد	-	-	-	V2

0	و	-	-	-	conjunction
1	بر	-	-	-	Pr
2	قلعت	-	-	-	N1
3	رفتند	-	-	-	V2

0	و	-	-	-	conjunction
1	پیش	-	-	-	A0
2	امیرمحمد	-	-	-	N3
3	شدند	-	-	-	V3

0	و	-	-	-	conjunction
1	رسم	-	-	-	N1
2	خدمت	-	-	-	N1
3	را	-	-	-	Po
4	بجای	-	-	-	N1
5	آوردند	-	-	-	V2
6	،	-	-	-	endDelim

0	امیر	-	-	-	N3
1	گفت	-	-	-	V2
2	:	-	-	-	endDelim

0	خبر	-	-	-	N1
1	برادرم	-	-	-	N1
2	چیست	-	-	-	V1

0	و	-	-	-	conjunction
1	لشکرکی	-	-	-	N2
2	خواهد رفت	-	-	-	V2

0	نزدیک	-	-	-	A0
1	وی	-	-	-	N5
2	؟	-	-	-	endDelim
3	گفتند	-	-	-	V2
4	:	-	-	-	endDelim

0	«	-	-	-	startDelim
1	خبر	-	-	-	N1
2	خداوند	-	-	-	N1
3	سلطان	-	-	-	N1
4	همه	-	-	-	N1
5	خیر	-	-	-	Ad
6	است	-	-	-	V3
7	،	-	-	-	endDelim

0	و	-	-	-	conjunction
1	در	-	-	-	Pr
2	این	-	-	-	A1
3	دو	-	-	-	Nu
4	سه	-	-	-	Nu
5	روز	-	-	-	N1
6	همه	-	-	-	N1
7	لشکر	-	-	-	N1
8	بروند	-	-	-	A0
9	و	-	-	-	conjunction
10	حاجب	-	-	-	N1
11	بزرگ	-	-	-	A0
12	براثر	-	-	-	Pr1
13	ایشان	-	-	-	N5
14	،	-	-	-	endDelim
15	و	-	-	-	conjunction
16	بندگان	-	-	-	N1
17	بدین	-	-	-	Pr
18	آمده‌اند	-	-	-	V2
19	»	-	-	-	endDelim

0	،	-	-	-	endDelim
1	و	-	-	-	conjunction
2	نامه	-	-	-	N1
3	به	-	-	-	Pr
4	امیر	-	-	-	N3
5	دادند	-	-	-	V2
6	.	-	-	-	endDelim

0	برخواند	-	-	-	undefined
1	و	-	-	-	conjunction
2	لختی	-	-	-	A2
3	تاریکی	-	-	-	N1
4	در	-	-	-	Pr
5	وی	-	-	-	N5
6	پیدا	-	-	-	A0
7	آمد	-	-	-	V2
8	.	-	-	-	endDelim

0	نبیه	-	-	-	N1
1	گفت	-	-	-	V2

0	«	-	-	-	startDelim
1	زندگانی	-	-	-	N1
2	امیر	-	-	-	N3
3	دراز	-	-	-	A0
4	باد	-	-	-	N1
5	،	-	-	-	endDelim
6	سلطان	-	-	-	N1
7	که	-	-	-	C0
8	برادر	-	-	-	N1
9	است	-	-	-	V3

0	حق	-	-	-	N1
1	امیر	-	-	-	N3
2	را	-	-	-	Po
3	نگاه	-	-	-	N1
4	دارد	-	-	-	V1

0	و	-	-	-	conjunction
1	مهربانی	-	-	-	N1
2	نماید	-	-	-	V1
3	.	-	-	-	endDelim

0	دل	-	-	-	N1
1	بد	-	-	-	A0
2	نباید	-	-	-	V4

0	کرد	-	-	-	V2

0	و	-	-	-	conjunction
1	به‌قضای	-	-	-	undefined
2	خدای	-	-	-	N1
3	عزوجل	-	-	-	A0
4	رضا	-	-	-	N3
5	باید	-	-	-	V4

0	داد	-	-	-	V2

0	و	-	-	-	conjunction
1	از	-	-	-	Pr
2	این	-	-	-	A1
3	باب	-	-	-	N1
4	بسیار	-	-	-	A0
5	سخن	-	-	-	N1
6	نیکو	-	-	-	A0
7	گفت	-	-	-	V2
8	،	-	-	-	endDelim

0	و	-	-	-	conjunction
1	فذلک	-	-	-	undefined
2	آن	-	-	-	A1
3	بود	-	-	-	V2

0	که	-	-	-	C0
1	بودنی	-	-	-	V2

0	بوده است	-	-	-	V2
1	.	-	-	-	endDelim

0	به	-	-	-	Pr
1	سر	-	-	-	V1

0	نشاط	-	-	-	N1
1	بازباید	-	-	-	V4

0	شد	-	-	-	V3

0	و	-	-	-	conjunction
1	امیر	-	-	-	N3
2	ایشان	-	-	-	N5
3	را	-	-	-	Po
4	بنواخت	-	-	-	V2

0	و	-	-	-	conjunction
1	گفت	-	-	-	V2

0	«	-	-	-	startDelim
1	مرا	-	-	-	N5
2	فراموش	-	-	-	N1
3	مکنید	-	-	-	undefined
4	.	-	-	-	endDelim
5	»	-	-	-	endDelim
6	و	-	-	-	conjunction
7	بازگشتند	-	-	-	V2

0	و	-	-	-	conjunction
1	آنچه	-	-	-	N1
2	رفته بود	-	-	-	V2

0	با	-	-	-	Pr
1	حاجب	-	-	-	N1
2	بزرگ	-	-	-	A0
3	علی	-	-	-	N3
4	گفتند	-	-	-	V2
5	.	-	-	-	endDelim

0	،	-	-	-	endDelim
1	ای	-	-	-	abbrv
2	که	-	-	-	C0
3	مرا	-	-	-	N5
4	مایه‌ی	-	-	-	N1
5	حظی	-	-	-	N1
6	و	-	-	-	conjunction
7	سروری	-	-	-	N1
8	و	-	-	-	conjunction
9	زهر	-	-	-	abbrv
10	عیب	-	-	-	N1
11	به	-	-	-	Pr
12	دوری	-	-	-	N1
13	و	-	-	-	conjunction
14	چو	-	-	-	N1
15	یکپارچه	-	-	-	A0
16	نوری	-	-	-	A0
17	و	-	-	-	conjunction
18	به	-	-	-	Pr
19	دل	-	-	-	N1
20	همچو	-	-	-	A0
21	بلوری	-	-	-	A0
22	و	-	-	-	conjunction
23	مبرا	-	-	-	A0
24	ز	-	-	-	abbrv
25	غروری	-	-	-	N1
26	و	-	-	-	conjunction
27	پر	-	-	-	V1

0	از	-	-	-	Pr
1	شعر	-	-	-	N1
2	و	-	-	-	conjunction
3	شعوری	-	-	-	A0
4	،	-	-	-	endDelim
5	با	-	-	-	Pr
6	درودی	-	-	-	N4
7	و	-	-	-	conjunction
8	سلامی	-	-	-	N4
9	و	-	-	-	conjunction
10	نویدی	-	-	-	N4
11	و	-	-	-	conjunction
12	پیامی	-	-	-	N1
13	و	-	-	-	conjunction
14	حدیثی	-	-	-	N1
15	و	-	-	-	conjunction
16	کلامی	-	-	-	A0
17	زره	-	-	-	abbrv
18	دور	-	-	-	A0
19	،	-	-	-	endDelim
20	از	-	-	-	Pr
21	این	-	-	-	A1
22	عاشق	-	-	-	A0
23	رنجور	-	-	-	A0
24	،	-	-	-	endDelim
25	به	-	-	-	Pr
26	تو	-	-	-	N5
27	ای	-	-	-	Intj
28	دلبر	-	-	-	N1
29	مهجور	-	-	-	A0
30	،	-	-	-	endDelim
31	که	-	-	-	C0
32	باشی	-	-	-	V1

0	به	-	-	-	Pr
1	هنر	-	-	-	N1
2	شهره	-	-	-	N3
3	و	-	-	-	conjunction
4	مشهور	-	-	-	A0
5	و	-	-	-	conjunction
6	نباشد	-	-	-	V1

0	به	-	-	-	Pr
1	دلت	-	-	-	N1
2	جور	-	-	-	A0
3	و	-	-	-	conjunction
4	جفایی	-	-	-	N1
5	،	-	-	-	endDelim
6	که	-	-	-	C0
7	تو	-	-	-	N5
8	خود	-	-	-	N8
9	اصل	-	-	-	A0
10	وفایی	-	-	-	N4
11	و	-	-	-	conjunction
12	بهین	-	-	-	N1
13	شاعر	-	-	-	N1
14	مایی	-	-	-	undefined
15	و	-	-	-	conjunction
16	به	-	-	-	Pr
17	درددل	-	-	-	N1
18	عشاق	-	-	-	N1
19	دوایی	-	-	-	A0
20	،	-	-	-	endDelim
21	به	-	-	-	Pr
22	چه	-	-	-	NA
23	حالی	-	-	-	A0
24	و	-	-	-	conjunction
25	کجایی	-	-	-	NA
26	،	-	-	-	endDelim
27	ز	-	-	-	abbrv
28	برم	-	-	-	N1
29	دور	-	-	-	A0
30	چرایی	-	-	-	N1
31	،	-	-	-	endDelim
32	ارچه	-	-	-	undefined
33	ما	-	-	-	N5
34	را	-	-	-	Po
35	نبود	-	-	-	N1
36	طاقت	-	-	-	N1
37	هجران	-	-	-	N1
38	رخت	-	-	-	N1
39	ایمه	-	-	-	N1
40	زیبا	-	-	-	A0
41	،	-	-	-	endDelim
42	دارم	-	-	-	V1

0	امید	-	-	-	N3
1	که	-	-	-	C0
2	لطف	-	-	-	N1
3	ازلی	-	-	-	A0
4	در	-	-	-	Pr
5	همه	-	-	-	N1
6	احوال	-	-	-	mokassar
7	بسی	-	-	-	Ad
8	شامل	-	-	-	A0
9	حالت	-	-	-	N1
10	شده باشد	-	-	-	V3

0	و	-	-	-	conjunction
1	دگر	-	-	-	V1

0	همچو	-	-	-	A0
1	گذشته بشوی	-	-	-	V2

0	همره	-	-	-	A0
1	و	-	-	-	conjunction
2	مأنوس	-	-	-	A0
3	به	-	-	-	Pr
4	سلم	-	-	-	N1
5	و	-	-	-	conjunction
6	خوشی	-	-	-	N1
7	و	-	-	-	conjunction
8	صدق	-	-	-	N1
9	و	-	-	-	conjunction
10	صفا	-	-	-	N1
11	و	-	-	-	conjunction
12	کرم	-	-	-	N1
13	و	-	-	-	conjunction
14	جود	-	-	-	N1
15	و	-	-	-	conjunction
16	سخا	-	-	-	undefined
17	و	-	-	-	conjunction
18	دگر	-	-	-	V1

0	الطاف	-	-	-	N1
1	خدا	-	-	-	N1
2	دورکند	-	-	-	A0
3	ازتن	-	-	-	undefined
4	تو	-	-	-	N5
5	رنج	-	-	-	V1

0	و	-	-	-	conjunction
1	بلا	-	-	-	A0
2	را	-	-	-	Po
3	!	-	-	-	endDelim
4	الغرض	-	-	-	N1
5	،	-	-	-	endDelim
6	تاتو	-	-	-	N1
7	در	-	-	-	Pr
8	این	-	-	-	A1
9	دهکده‌ی	-	-	-	N1
10	کوچک	-	-	-	A0
11	رایانه‌ای	-	-	-	A0
12	ازبهر	-	-	-	Pr1
13	دل	-	-	-	N1
14	ملت	-	-	-	N1
15	بیداردل	-	-	-	A0
16	خویش	-	-	-	N8
17	،	-	-	-	endDelim
18	به	-	-	-	Pr
19	افشاگری	-	-	-	A0
20	و	-	-	-	conjunction
21	شوخی	-	-	-	N1
22	و	-	-	-	conjunction
23	طنازی	-	-	-	N1
24	و	-	-	-	conjunction
25	هم	-	-	-	Ad
26	دادن	-	-	-	V2

0	آگاهی	-	-	-	N1
1	از	-	-	-	Pr
2	اسرار	-	-	-	mokassar
3	مگو	-	-	-	A0
4	دست	-	-	-	N1
5	گشودی	-	-	-	V2
6	،	-	-	-	endDelim

0	همگان	-	-	-	N1
1	را	-	-	-	Po
2	به	-	-	-	Pr
3	سخن‌های	-	-	-	N1
4	پر	-	-	-	V1

0	از	-	-	-	Pr
1	شهد	-	-	-	N1
2	و	-	-	-	conjunction
3	شکر	-	-	-	N1
4	راغب	-	-	-	N1
5	و	-	-	-	conjunction
6	مشتاق	-	-	-	A0
7	نمودی	-	-	-	V2

0	و	-	-	-	conjunction
1	به	-	-	-	Pr
2	نیش	-	-	-	N1
3	قلمت	-	-	-	N1
4	گردوغبار	-	-	-	N1
5	از	-	-	-	Pr
6	رخ	-	-	-	N1
7	هر	-	-	-	A1
8	ناکس	-	-	-	A0
9	بی‌مغز	-	-	-	A0
10	و	-	-	-	conjunction
11	خرد	-	-	-	N1
12	پاک	-	-	-	A0
13	زدودی	-	-	-	V2

0	و	-	-	-	conjunction
1	هم	-	-	-	Ad
2	از	-	-	-	Pr
3	باطن	-	-	-	N1
4	بی	-	-	-	prefix
5	مایه‌ی	-	-	-	N1
6	ارباب	-	-	-	N1
7	زر	-	-	-	N1
8	و	-	-	-	conjunction
9	زور	-	-	-	N1
10	و	-	-	-	conjunction
11	ریا	-	-	-	N1
12	پرده	-	-	-	N1
13	گشودی	-	-	-	V2
14	.	-	-	-	endDelim
