
0	خواهشا	-	-	-	undefined
1	من	-	-	-	N5
2	را	-	-	-	Po
3	محمدعلی	-	-	-	N3
4	صدا	-	-	-	N1
5	نزن	-	-	-	V1
6	.	-	-	-	endDelim

0	علیرضا	-	-	-	N3
1	رو	-	-	-	N1
2	یادته	-	-	-	undefined
3	برادرشو	-	-	-	undefined
4	پریروزها	-	-	-	undefined
5	دیدم	-	-	-	V2
6	.	-	-	-	endDelim

0	یادش	-	-	-	N1
1	بخیر	-	-	-	Ad
2	چقدر	-	-	-	Ad
3	مسافرت‌هامون	-	-	-	undefined
4	خوش	-	-	-	A0
5	می‌گذشت	-	-	-	V2
6	.	-	-	-	endDelim

0	دیروز	-	-	-	Ad
1	اسباب	-	-	-	N1
2	بازیی	-	-	-	undefined
3	که	-	-	-	C0
4	رضا	-	-	-	N3
5	بهم	-	-	-	Ad
6	داده بود	-	-	-	V2

0	را	-	-	-	Po
1	پس	-	-	-	Ad
2	گرفت	-	-	-	V2
3	.	-	-	-	endDelim

0	پنجشنبه‌ها	-	-	-	N1
1	روز	-	-	-	N1
2	خوبیه	-	-	-	N1
3	برای	-	-	-	Pr
4	من	-	-	-	N5
5	.	-	-	-	endDelim
6	آدم	-	-	-	N1
7	نمی‌تونه	-	-	-	undefined
8	هرروز	-	-	-	Ad
9	این‌جوری	-	-	-	A0
10	پاشه	-	-	-	V1
11	.	-	-	-	endDelim

0	دیروز	-	-	-	Ad
1	وقتی	-	-	-	Ad
2	رفته بودیم	-	-	-	V2

0	استخر	-	-	-	N1
1	شهید	-	-	-	N1
2	بهشتی	-	-	-	A0
3	وسط	-	-	-	A0
4	راه	-	-	-	N1
5	پام	-	-	-	undefined
6	پیچ	-	-	-	V1

0	خورد	-	-	-	V2
1	.	-	-	-	endDelim

0	هرروز	-	-	-	Ad
1	برای	-	-	-	Pr
2	دوییدن	-	-	-	undefined
3	کله	-	-	-	N1
4	سحر	-	-	-	N1
5	پا	-	-	-	V1

0	میشم	-	-	-	N1
1	.	-	-	-	endDelim
2	صبح	-	-	-	N1
3	جمعه	-	-	-	N1
4	کله‌پاچه	-	-	-	N1
5	خیلی	-	-	-	A0
6	مزه	-	-	-	N1
7	میده	-	-	-	undefined
8	.	-	-	-	endDelim
9	علی	-	-	-	N3
10	بود	-	-	-	V2

0	دوست	-	-	-	N1
1	مهرداد	-	-	-	N3
2	سرکار	-	-	-	N1
3	جدیدم	-	-	-	A0
4	هرروز	-	-	-	Ad
5	می‌بینمش	-	-	-	V1
6	.	-	-	-	endDelim

0	سرکار	-	-	-	N1
1	متوقفم	-	-	-	A0
2	کرد	-	-	-	V2

0	هر	-	-	-	A1
1	کاری	-	-	-	A0
2	کردم	-	-	-	V2

0	باز	-	-	-	V1

0	جریمه	-	-	-	N1
1	شدم	-	-	-	V3
2	.	-	-	-	endDelim

0	برای	-	-	-	Pr
1	پنجشنبه	-	-	-	N1
2	حتماً	-	-	-	Ad
3	چراغ‌قوه	-	-	-	N1
4	همراهت	-	-	-	A0
5	باشه	-	-	-	N1
6	.	-	-	-	endDelim
7	دیروز	-	-	-	Ad
8	توی	-	-	-	Ad
9	جمعه‌بازار	-	-	-	N1
10	همخونه	-	-	-	N1
11	سابق	-	-	-	A0
12	کامیار	-	-	-	N3
13	را	-	-	-	Po
14	دیدیم	-	-	-	V2
15	.	-	-	-	endDelim

0	پس‌فردا	-	-	-	Ad
1	باید	-	-	-	V4

0	بریم	-	-	-	V1

0	به	-	-	-	Pr
1	کارای	-	-	-	A0
2	فارغ‌التحصیلی	-	-	-	N1
3	برسیم	-	-	-	N1
4	درسته	-	-	-	A0
5	؟	-	-	-	endDelim
6	پس‌فردا	-	-	-	Ad
7	مصاحبه	-	-	-	N1
8	کاری	-	-	-	A0
9	دارم	-	-	-	V1

0	با	-	-	-	Pr
1	یکی	-	-	-	A2
2	از	-	-	-	Pr
3	شرکت‌های	-	-	-	N1
4	بزرگ	-	-	-	A0
5	تهران	-	-	-	N2
6	.	-	-	-	endDelim
7	پردازش	-	-	-	N1
8	زبان	-	-	-	N1
9	درس	-	-	-	N1
10	سختیه	-	-	-	N1
11	هر	-	-	-	A1
12	چقدرم	-	-	-	undefined
13	بلد	-	-	-	N1
14	باشی	-	-	-	V1

0	بازهم	-	-	-	N1
1	باید	-	-	-	V4

0	کلی	-	-	-	A0
1	براش	-	-	-	N1
2	تلاش	-	-	-	N1
3	کنی	-	-	-	V1
4	.	-	-	-	endDelim

0	اگر	-	-	-	C0
1	فردا	-	-	-	Ad
2	نتونست	-	-	-	undefined
3	بیاد	-	-	-	N1
4	باهم	-	-	-	Ad
5	میریم	-	-	-	V1

0	دنبال	-	-	-	N1
1	پسرخالت	-	-	-	undefined
2	.	-	-	-	endDelim
3	فردای	-	-	-	undefined
4	اون	-	-	-	undefined
5	روز	-	-	-	N1
6	دیگه	-	-	-	N1
7	همه	-	-	-	N1
8	رفته	-	-	-	V2

0	بودن	-	-	-	V2

0	به	-	-	-	Pr
1	سمت	-	-	-	N1
2	خونه	-	-	-	N1
3	هاشون	-	-	-	undefined
4	.	-	-	-	endDelim
5	باورم	-	-	-	N1
6	نمی‌شه	-	-	-	N1
7	می‌تونستیم	-	-	-	undefined
8	از	-	-	-	Pr
9	اون	-	-	-	undefined
10	کوه	-	-	-	N1
11	بالا	-	-	-	A0
12	بریم	-	-	-	V1
13	.	-	-	-	endDelim

0	این	-	-	-	A1
1	دوستمون	-	-	-	undefined
2	کره	-	-	-	N1
3	یا	-	-	-	C0
4	لاله	-	-	-	N3
5	؟	-	-	-	endDelim
6	اگر	-	-	-	C0
7	امروز	-	-	-	N1
8	من	-	-	-	N5
9	نتونستم	-	-	-	undefined
10	بی‌ام	-	-	-	N1
11	باید	-	-	-	V4

0	برای	-	-	-	Pr
1	یک	-	-	-	Nu
2	روز	-	-	-	N1
3	دیگه	-	-	-	N1
4	برنامه‌ریزی	-	-	-	N1
5	کنیم	-	-	-	V1
6	.	-	-	-	endDelim

0	من	-	-	-	N5
1	هنوز	-	-	-	Ad
2	از	-	-	-	Pr
3	تصادف	-	-	-	N1
4	دیروز	-	-	-	Ad
5	توی	-	-	-	Ad
6	شکهم	-	-	-	undefined
7	،	-	-	-	endDelim
8	نمیدونم	-	-	-	undefined
9	چطور	-	-	-	A0
10	جون	-	-	-	N1
11	سالم	-	-	-	A0
12	به	-	-	-	Pr
13	در	-	-	-	Pr
14	بردیم	-	-	-	N1
15	.	-	-	-	endDelim
16	لنگرود	-	-	-	N2
17	کتابخونه	-	-	-	undefined
18	شبانه‌روزی	-	-	-	A0
19	داره	-	-	-	V1

0	ولی	-	-	-	C0
1	کرج	-	-	-	N2
2	نه	-	-	-	Nu
3	.	-	-	-	endDelim
4	ولی	-	-	-	C0
5	باور	-	-	-	N1
6	کنید	-	-	-	V1

0	دعوا	-	-	-	N1
1	سر	-	-	-	V1

0	توزیع	-	-	-	N1
1	،	-	-	-	endDelim
2	سیستم‌عامل	-	-	-	N1
3	و	-	-	-	conjunction
4	زبان	-	-	-	N1
5	برنامه‌نویسی	-	-	-	N1
6	خیلی	-	-	-	A0
7	حال	-	-	-	N1
8	میده	-	-	-	undefined
9	.	-	-	-	endDelim
10	شاید	-	-	-	V2

0	این	-	-	-	A1
1	،	-	-	-	endDelim
2	وصف	-	-	-	N1
3	من	-	-	-	N5
4	،	-	-	-	endDelim
5	توی	-	-	-	Ad
6	یک	-	-	-	Nu
7	دقیقه	-	-	-	N1
8	باشه	-	-	-	N1
9	.	-	-	-	endDelim
10	انسان	-	-	-	N1
11	دارای	-	-	-	A0
12	مغز	-	-	-	N1
13	و	-	-	-	conjunction
14	قوه	-	-	-	N1
15	ادراک	-	-	-	N1
16	است	-	-	-	V3

0	که	-	-	-	C0
1	وسیله‌ای	-	-	-	A0
2	است	-	-	-	V3

0	برای	-	-	-	Pr
1	فهمیدن	-	-	-	V2
2	.	-	-	-	endDelim

0	دوگروه	-	-	-	undefined
1	از	-	-	-	Pr
2	مردم	-	-	-	N1
3	بیشتر	-	-	-	A0
4	از	-	-	-	Pr
5	بقیه	-	-	-	A0
6	تمام	-	-	-	A0
7	بدنشان	-	-	-	N1
8	را	-	-	-	Po
9	خال‌کوبی	-	-	-	N1
10	می‌کنند	-	-	-	V1
11	:	-	-	-	endDelim

0	خیلی	-	-	-	A0
1	پولدارها	-	-	-	N1
2	وخیلی	-	-	-	undefined
3	فقیرها	-	-	-	A0
4	.	-	-	-	endDelim
5	ولی	-	-	-	C0
6	عدم	-	-	-	N1
7	وجود	-	-	-	N1
8	مدرک	-	-	-	N1
9	و	-	-	-	conjunction
10	عدم	-	-	-	N1
11	درک	-	-	-	N1
12	به	-	-	-	Pr
13	هم	-	-	-	Ad
14	ربط	-	-	-	N1
15	دارن	-	-	-	undefined
16	.	-	-	-	endDelim
17	همینجوری	-	-	-	undefined
18	که	-	-	-	C0
19	تو	-	-	-	N5
20	تراس	-	-	-	N1
21	نشسته بودم	-	-	-	V2

0	این	-	-	-	A1
1	اقاهه	-	-	-	undefined
2	اومد	-	-	-	undefined
3	شروع	-	-	-	N1
4	کرد	-	-	-	V2

0	خوندن	-	-	-	undefined
1	.	-	-	-	endDelim
2	رفیقای	-	-	-	undefined
3	ما	-	-	-	N5
4	از	-	-	-	Pr
5	ترس	-	-	-	V1

0	شیرینی	-	-	-	N1
1	دادن	-	-	-	V2

0	گوشی	-	-	-	N1
1	و	-	-	-	conjunction
2	ماشین	-	-	-	N1
3	نمیخرن	-	-	-	undefined
4	.	-	-	-	endDelim
5	
‌ی	-	-	-	endDelim
6	چیزی	-	-	-	Ad
7	می‌خواستم	-	-	-	V2

0	بگم	-	-	-	N1
1	ولی	-	-	-	C0
2	یادم	-	-	-	N1
3	نمیاد	-	-	-	undefined
4	.	-	-	-	endDelim
5	واسه	-	-	-	Pr1
6	بافتن	-	-	-	V2

0	این	-	-	-	A1
1	چهل	-	-	-	Nu
2	سانت	-	-	-	N1
3	،	-	-	-	endDelim
4	حداقل	-	-	-	Ad
5	بیست	-	-	-	Nu
6	رج	-	-	-	N1
7	بافتم	-	-	-	V2

0	و	-	-	-	conjunction
1	شکافتم	-	-	-	V2

0	تا	-	-	-	Pr
1	یاد	-	-	-	N1
2	گرفتم	-	-	-	V2

0	و	-	-	-	conjunction
1	قلقش	-	-	-	undefined
2	دستم	-	-	-	N1
3	اومد	-	-	-	undefined
4	.	-	-	-	endDelim
5	خوبیش	-	-	-	N1
6	این	-	-	-	A1
7	بود	-	-	-	V2

0	که	-	-	-	C0
1	خونشون	-	-	-	undefined
2	نزدیک	-	-	-	A0
3	بود	-	-	-	V2
4	،	-	-	-	endDelim

0	هم	-	-	-	Ad
1	مسیر	-	-	-	N1
2	بودیم	-	-	-	V2
3	.	-	-	-	endDelim

0	بدیش	-	-	-	N1
1	اینه	-	-	-	N1
2	که	-	-	-	C0
3	خونشون	-	-	-	undefined
4	نزدیکه	-	-	-	A0
5	،	-	-	-	endDelim
6	هممسیریم	-	-	-	N1
7	.	-	-	-	endDelim
8	مزد	-	-	-	N1
9	آن	-	-	-	A1
10	گرفت	-	-	-	V2

0	جان	-	-	-	N1
1	برادر	-	-	-	N1
2	که	-	-	-	C0
3	کارکرد	-	-	-	N1
4	.	-	-	-	endDelim
5	باعث	-	-	-	N1
6	شدم	-	-	-	V3

0	کل	-	-	-	A0
1	دانشجوها	-	-	-	N1
2	برای	-	-	-	Pr
3	غذای	-	-	-	N1
4	دانشگاه	-	-	-	N1
5	اعتراض	-	-	-	N1
6	کنن	-	-	-	undefined
7	!	-	-	-	endDelim
8	!	-	-	-	endDelim
9	!	-	-	-	endDelim
10	رفیق	-	-	-	N1
11	اونیه	-	-	-	undefined
12	که	-	-	-	C0
13	وقتی	-	-	-	Ad
14	داره	-	-	-	V1

0	بهش	-	-	-	N1
1	خوش	-	-	-	A0
2	میگذره	-	-	-	undefined
3	بهت	-	-	-	N1
4	پیام	-	-	-	N1
5	بده	-	-	-	V1

0	بیا	-	-	-	V1

0	دورهم	-	-	-	N1
1	باشیم	-	-	-	V1
2	.	-	-	-	endDelim

0	عجیبه	-	-	-	A0
1	که	-	-	-	C0
2	یه	-	-	-	N1
3	نفر	-	-	-	N1
4	به	-	-	-	Pr
5	شکل	-	-	-	N1
6	مرموز	-	-	-	A0
7	ترسناکی	-	-	-	A0
8	گم‌شده	-	-	-	A0
9	و	-	-	-	conjunction
10	باز	-	-	-	V1

0	از	-	-	-	Pr
1	توش	-	-	-	N1
2	جک	-	-	-	N1
3	ازدواج	-	-	-	N1
4	و	-	-	-	conjunction
5	لر	-	-	-	N1
6	و	-	-	-	conjunction
7	عرب	-	-	-	N1
8	در	-	-	-	Pr
9	میاد	-	-	-	undefined
10	.	-	-	-	endDelim
11	کلی	-	-	-	A0
12	كار‌نكرده	-	-	-	A0
13	دارم	-	-	-	V1

0	که	-	-	-	C0
1	متأسفانه	-	-	-	Ad
2	با	-	-	-	Pr
3	یه	-	-	-	N1
4	بار	-	-	-	V1

0	زندگی	-	-	-	N1
1	نمی‌شه	-	-	-	N1
2	همشون	-	-	-	N1
3	رو	-	-	-	N1
4	انجام	-	-	-	N1
5	داد	-	-	-	V2
6	!	-	-	-	endDelim

0	من	-	-	-	N5
1	حتی	-	-	-	Ad
2	تو	-	-	-	N5
3	خاستگاری	-	-	-	V2

0	دختر	-	-	-	N1
1	خالمم	-	-	-	undefined
2	بی‌سکوییت	-	-	-	N1
3	رو	-	-	-	N1
4	زدم	-	-	-	V2

0	تو	-	-	-	N5
1	چای	-	-	-	V1
2	.	-	-	-	endDelim

0	قبلا	-	-	-	Ad
1	انقد	-	-	-	undefined
2	دوسش	-	-	-	V1

0	نداشتم	-	-	-	V2

0	این	-	-	-	A1
1	بشر	-	-	-	N1
2	رو	-	-	-	N1
3	ولی	-	-	-	C0
4	جدیداً	-	-	-	Ad
5	احساس	-	-	-	N1
6	عمیقاً	-	-	-	Ad
7	خوبی	-	-	-	N1
8	بهم	-	-	-	Ad
9	میده	-	-	-	undefined
10	معاشرت	-	-	-	N1
11	باهاش	-	-	-	undefined
12	واقعاً	-	-	-	Ad
13	آدم	-	-	-	N1
14	لذت‌بخشیه	-	-	-	A0
15	.	-	-	-	endDelim
16	فشاری	-	-	-	A0
17	که	-	-	-	C0
18	دستشویی	-	-	-	N1
19	ایرانی	-	-	-	A0
20	به	-	-	-	Pr
21	پام	-	-	-	undefined
22	میاره	-	-	-	undefined
23	از	-	-	-	Pr
24	هزاران	-	-	-	N1
25	اسکات	-	-	-	N1
26	و	-	-	-	conjunction
27	دوییدن	-	-	-	undefined
28	بیشتره	-	-	-	A0
29	.	-	-	-	endDelim
30	آرین	-	-	-	N3
31	جان	-	-	-	N1
32	عزیزم	-	-	-	A0
33	وقتی	-	-	-	Ad
34	هنوز	-	-	-	Ad
35	داره	-	-	-	V1

0	بخار	-	-	-	N1
1	از	-	-	-	Pr
2	روش	-	-	-	N1
3	بلند	-	-	-	A0
4	می‌شه	-	-	-	N1
5	،	-	-	-	endDelim
6	یعنی	-	-	-	C0
7	جوشه	-	-	-	V1
8	!	-	-	-	endDelim

0	!	-	-	-	endDelim
1	!	-	-	-	endDelim
2	!	-	-	-	endDelim
3	کنترل	-	-	-	N1
4	کن	-	-	-	V1

0	خودتو	-	-	-	undefined
1	!	-	-	-	endDelim
2	!	-	-	-	endDelim
3	!	-	-	-	endDelim
4	چرا	-	-	-	NA
5	نمیری	-	-	-	V1

0	متن	-	-	-	N1
1	از	-	-	-	Pr
2	سایت	-	-	-	N1
3	خبرگذاریا	-	-	-	undefined
4	برداری	-	-	-	V1
5	؟	-	-	-	endDelim

0	حالا	-	-	-	Ad
1	همیشه	-	-	-	Ad
2	۱۵۰	-	-	-	number
3	بار	-	-	-	V1

0	باید	-	-	-	V4

0	گوشی	-	-	-	N1
1	زنگ	-	-	-	N1
2	بخوره	-	-	-	N1
3	تا	-	-	-	Pr
4	بیدار	-	-	-	A0
5	بشم	-	-	-	N1
6	چون	-	-	-	C0
7	جمعه‌اس	-	-	-	undefined
8	،	-	-	-	endDelim
9	بار	-	-	-	V1

0	اول	-	-	-	A0
1	بیدار	-	-	-	A0
2	شدم	-	-	-	V3
3	.	-	-	-	endDelim

0	کاش	-	-	-	Intj
1	اندازه	-	-	-	N1
2	امیرحسن	-	-	-	N3
3	بلد	-	-	-	N1
4	بودم	-	-	-	V2

0	سه‌تار	-	-	-	N1
1	بزنم	-	-	-	A0
2	.	-	-	-	endDelim
3	حرف	-	-	-	N1
4	زدن	-	-	-	V2

0	با	-	-	-	Pr
1	یکی	-	-	-	A2
2	که	-	-	-	C0
3	بفهمه	-	-	-	V1

0	و	-	-	-	conjunction
1	گوش	-	-	-	N1
2	کنه	-	-	-	N1
3	خیلی	-	-	-	A0
4	خوبه	-	-	-	A0
5	.	-	-	-	endDelim
6	درسته	-	-	-	A0
7	قهرمان	-	-	-	A0
8	نشدیم	-	-	-	V3

0	ولی	-	-	-	C0
1	تو	-	-	-	N5
2	۴۴	-	-	-	number
3	درصد	-	-	-	N1
4	بالای	-	-	-	A0
5	جدول	-	-	-	N1
6	که	-	-	-	C0
7	بودیم	-	-	-	V2
8	.	-	-	-	endDelim

0	یه	-	-	-	N1
1	مسیر	-	-	-	N1
2	نسبتاً	-	-	-	Ad
3	زیاد	-	-	-	A0
4	رو	-	-	-	N1
5	بدون	-	-	-	Pr
6	وایسادن	-	-	-	undefined
7	و	-	-	-	conjunction
8	کم	-	-	-	A0
9	کردن	-	-	-	V2

0	سرعت	-	-	-	N1
1	دوییدم	-	-	-	V1

0	و	-	-	-	conjunction
1	خیلی	-	-	-	A0
2	حال	-	-	-	N1
3	داد	-	-	-	V2
4	.	-	-	-	endDelim

0	چرا	-	-	-	NA
1	دیگه	-	-	-	N1
2	به	-	-	-	Pr
3	گربه‌ها	-	-	-	N1
4	مجید	-	-	-	N3
5	نمیگن	-	-	-	undefined
6	؟	-	-	-	endDelim
7	می‌تونه	-	-	-	undefined
8	کامل	-	-	-	A0
9	حالتو	-	-	-	undefined
10	خوب	-	-	-	A0
11	کنه	-	-	-	N1
12	.	-	-	-	endDelim
13	پیاده	-	-	-	A0
14	شدم	-	-	-	V3

0	و	-	-	-	conjunction
1	الان	-	-	-	Ad
2	دارم	-	-	-	V1

0	پیاده	-	-	-	A0
1	میرم	-	-	-	V1
2	!	-	-	-	endDelim

0	پسر	-	-	-	N1
1	عمه‌ام	-	-	-	N1
2	رو	-	-	-	N1
3	شبیه	-	-	-	A0
4	بار	-	-	-	V1

0	تو	-	-	-	N5
1	همین	-	-	-	A1
2	مسیر	-	-	-	N1
3	می‌خواستند	-	-	-	V2

0	بکننش	-	-	-	undefined
1	تو	-	-	-	N5
2	صندوق	-	-	-	N1
3	و	-	-	-	conjunction
4	فرار	-	-	-	N1
5	کرد	-	-	-	V2

0	و	-	-	-	conjunction
1	با	-	-	-	Pr
2	گریه	-	-	-	N1
3	اومد	-	-	-	undefined
4	خونه	-	-	-	N1
5	.	-	-	-	endDelim
6	۴۰	-	-	-	number
7	دقیقه	-	-	-	N1
8	اس	-	-	-	Ab
9	تو	-	-	-	N5
10	ماشینم	-	-	-	N1
11	منتظر	-	-	-	A0
12	.	-	-	-	endDelim
13	یه	-	-	-	N1
14	نفر	-	-	-	N1
15	که	-	-	-	C0
16	بیاد	-	-	-	N1
17	سوار	-	-	-	N1
18	شه	-	-	-	N1
19	بریم	-	-	-	V1
20	!	-	-	-	endDelim

0	الان	-	-	-	Ad
1	دلم	-	-	-	N1
2	میخواد	-	-	-	undefined
3	۴	-	-	-	number
4	نفر	-	-	-	N1
5	حساب	-	-	-	N1
6	کنم	-	-	-	V1

0	بره	-	-	-	N1
1	!	-	-	-	endDelim
2	ولی	-	-	-	C0
3	میگم	-	-	-	N1
4	اگه	-	-	-	undefined
5	می‌خواستی	-	-	-	V2

0	چهار	-	-	-	Nu
1	نفر	-	-	-	N1
2	حساب	-	-	-	N1
3	کنی	-	-	-	V1

0	۴۰	-	-	-	number
1	دقیقه	-	-	-	N1
2	پیش	-	-	-	A0
3	اینکار	-	-	-	undefined
4	رو	-	-	-	N1
5	می‌کردی	-	-	-	V2
6	.	-	-	-	endDelim

0	انقد	-	-	-	undefined
1	دیر	-	-	-	V1

0	جوابشو	-	-	-	undefined
1	دادم	-	-	-	V2

0	خوابید	-	-	-	V2

0	بنده	-	-	-	N1
1	خدا	-	-	-	N1
2	.	-	-	-	endDelim
3	اقا	-	-	-	undefined
4	دقت	-	-	-	N1
5	کردین	-	-	-	N1
6	همونجور	-	-	-	undefined
7	که	-	-	-	C0
8	هوای	-	-	-	N1
9	دوستتونو	-	-	-	undefined
10	دارین	-	-	-	N1
11	و	-	-	-	conjunction
12	سعی	-	-	-	A0
13	میکنین	-	-	-	undefined
14	از	-	-	-	Pr
15	ناراحتی	-	-	-	N1
16	درش‌بیارین	-	-	-	N1
17	،	-	-	-	endDelim
18	میتونین	-	-	-	undefined
19	حال	-	-	-	N1
20	خودتونم	-	-	-	undefined
21	خوب	-	-	-	A0
22	کنین	-	-	-	undefined
23	و	-	-	-	conjunction
24	به	-	-	-	Pr
25	درد	-	-	-	N1
26	و	-	-	-	conjunction
27	دلای	-	-	-	undefined
28	خودتونم	-	-	-	undefined
29	گوش	-	-	-	N1
30	کنین	-	-	-	undefined
31	؟	-	-	-	endDelim
32	همانطور	-	-	-	undefined
33	که	-	-	-	C0
34	آگاه	-	-	-	V1

0	هستید	-	-	-	V3

0	آنچه	-	-	-	N1
1	که	-	-	-	C0
2	بنده	-	-	-	N1
3	عرض	-	-	-	N1
4	کرده بودم	-	-	-	V2

0	نظر	-	-	-	N1
1	شخصی	-	-	-	A0
2	بوده	-	-	-	V2
3	.	-	-	-	endDelim

0	وقتی	-	-	-	Ad
1	از	-	-	-	Pr
2	چیزی	-	-	-	Ad
3	مطمئنی	-	-	-	A0
4	نیستید	-	-	-	N1
5	به	-	-	-	Pr
6	کسی	-	-	-	A2
7	قول	-	-	-	N1
8	ندید	-	-	-	V2
9	!	-	-	-	endDelim

0	!	-	-	-	endDelim
1	و	-	-	-	conjunction
2	اگه	-	-	-	undefined
3	قول	-	-	-	N1
4	می‌دید	-	-	-	V2

0	به	-	-	-	Pr
1	حرفاتون	-	-	-	undefined
2	عمل	-	-	-	N1
3	کنید	-	-	-	V1

0	…	-	-	-	abbrv
1	امیدوارم	-	-	-	A0
2	قبل‌از	-	-	-	Pr1
3	بیرون	-	-	-	N1
4	اومدن	-	-	-	undefined
5	فراموش	-	-	-	N1
6	نکنم	-	-	-	V1
7	.	-	-	-	endDelim

0	من	-	-	-	N5
1	آخر	-	-	-	N1
2	از	-	-	-	Pr
3	انگشت	-	-	-	N1
4	کوچیکه	-	-	-	A0
5	پای	-	-	-	N1
6	راست	-	-	-	A0
7	می‌میرم	-	-	-	V1
8	.	-	-	-	endDelim

0	همیشه	-	-	-	Ad
1	که	-	-	-	C0
2	قرار	-	-	-	N1
3	نیست	-	-	-	N1
4	اون	-	-	-	undefined
5	چیزی	-	-	-	Ad
6	که	-	-	-	C0
7	ما	-	-	-	N5
8	میخوایم	-	-	-	undefined
9	بشه	-	-	-	N1
10	!	-	-	-	endDelim
11	!	-	-	-	endDelim
12	یکم	-	-	-	Nu
13	از	-	-	-	Pr
14	خودتون	-	-	-	undefined
15	انعطاف‌پذیری	-	-	-	N1
16	نشون	-	-	-	undefined
17	بدین	-	-	-	Pr
18	!	-	-	-	endDelim
19	!	-	-	-	endDelim
20	ضربه	-	-	-	N1
21	آزادشده	-	-	-	A0
22	و	-	-	-	conjunction
23	کارگردان	-	-	-	N1
24	بکام	-	-	-	N1
25	رو	-	-	-	N1
26	نشون	-	-	-	undefined
27	میده	-	-	-	undefined
28	که	-	-	-	C0
29	لبخند	-	-	-	N1
30	رو	-	-	-	N1
31	لبشه	-	-	-	N1
32	…	-	-	-	abbrv
33	همه	-	-	-	N1
34	دلشون	-	-	-	undefined
35	می‌خواست	-	-	-	V2

0	که	-	-	-	C0
1	اون	-	-	-	undefined
2	پشت	-	-	-	N1
3	توپ	-	-	-	V1

0	وای‌میستاد	-	-	-	undefined
1	…	-	-	-	abbrv
2	چقدر	-	-	-	Ad
3	با	-	-	-	Pr
4	شنیدن	-	-	-	V2

0	این	-	-	-	A1
1	آهنگ	-	-	-	N1
2	دوییدم	-	-	-	V1

0	جلو	-	-	-	A0
1	تلویزیون	-	-	-	N1
2	.	-	-	-	endDelim
3	سعی	-	-	-	A0
4	کنید	-	-	-	V1

0	وقتی	-	-	-	Ad
1	از	-	-	-	Pr
2	خواب	-	-	-	V1

0	بیدار	-	-	-	A0
1	می‌شید	-	-	-	N1
2	و	-	-	-	conjunction
3	می‌خواید	-	-	-	undefined
4	خوابی	-	-	-	V1

0	رو	-	-	-	N1
1	که	-	-	-	C0
2	دیدید	-	-	-	V2

0	بنویسید	-	-	-	V1

0	که	-	-	-	C0
1	یادتون	-	-	-	undefined
2	بمونه	-	-	-	undefined
3	اطلاعات	-	-	-	N1
4	رو	-	-	-	N1
5	دقیق	-	-	-	A0
6	و	-	-	-	conjunction
7	ریز	-	-	-	V1

0	بنویسید	-	-	-	V1
1	.	-	-	-	endDelim

0	به	-	-	-	Pr
1	نظرم	-	-	-	N1
2	باید	-	-	-	V4

0	اول	-	-	-	A0
1	یکم	-	-	-	Nu
2	بیشتر	-	-	-	A0
3	لذت	-	-	-	N1
4	ببرم	-	-	-	N1
5	.	-	-	-	endDelim
6	از	-	-	-	Pr
7	خوبیای	-	-	-	undefined
8	ماشین	-	-	-	N1
9	داشتن	-	-	-	V2

0	اینه	-	-	-	N1
1	که	-	-	-	C0
2	از	-	-	-	Pr
3	اولین	-	-	-	A0
4	لحظات	-	-	-	N1
5	تا	-	-	-	Pr
6	آخرین	-	-	-	N1
7	لحظات	-	-	-	N1
8	با	-	-	-	Pr
9	دوستان	-	-	-	N1
10	هستی	-	-	-	N1
11	.	-	-	-	endDelim
12	بالغ‌بر	-	-	-	Pr1
13	۱۲	-	-	-	number
14	ساعت	-	-	-	N1
15	لذت	-	-	-	N1
16	بردیم	-	-	-	N1
17	از	-	-	-	Pr
18	همجواری	-	-	-	N1
19	دوستان	-	-	-	N1
20	.	-	-	-	endDelim
21	بالاخره	-	-	-	Ad
22	اینکه	-	-	-	Ad
23	به	-	-	-	Pr
24	همه	-	-	-	N1
25	جواب	-	-	-	N1
26	میدم	-	-	-	undefined
27	به	-	-	-	Pr
28	یه	-	-	-	N1
29	دردی	-	-	-	N4
30	داره	-	-	-	V1

0	میخوره	-	-	-	N1
1	.	-	-	-	endDelim
2	یه	-	-	-	N1
3	نفر	-	-	-	N1
4	که	-	-	-	C0
5	از	-	-	-	Pr
6	غذا	-	-	-	N1
7	خوردن	-	-	-	V2
8	،	-	-	-	endDelim

0	آهنگ	-	-	-	N1
1	گوش	-	-	-	N1
2	دادن	-	-	-	V2
3	،	-	-	-	endDelim

0	فیلم	-	-	-	N1
1	و	-	-	-	conjunction
2	سریال	-	-	-	N1
3	دیدن	-	-	-	V2

0	و	-	-	-	conjunction
1	ورزش	-	-	-	N1
2	کردن	-	-	-	V2

0	لذت	-	-	-	N1
1	ببره	-	-	-	N1
2	نبود	-	-	-	N1
3	؟	-	-	-	endDelim
4	یکی	-	-	-	A2
5	رو	-	-	-	N1
6	هم	-	-	-	Ad
7	ناراحت	-	-	-	A0
8	کردم	-	-	-	V2

0	ولی	-	-	-	C0
1	خوشبختانه	-	-	-	Ad
2	سریعاً	-	-	-	Ad
3	درستش	-	-	-	A0
4	کردم	-	-	-	V2
5	.	-	-	-	endDelim

0	آقا	-	-	-	N1
1	کی	-	-	-	NA
2	این	-	-	-	A1
3	متن	-	-	-	N1
4	رو	-	-	-	N1
5	که	-	-	-	C0
6	زمون	-	-	-	N1
7	انتخابات	-	-	-	N1
8	خیلی	-	-	-	A0
9	دست‌به‌دست	-	-	-	Ad
10	می‌شد	-	-	-	V3

0	یادشه	-	-	-	N1
1	؟	-	-	-	endDelim
2	کاش	-	-	-	Intj
3	انتقال	-	-	-	N1
4	تجربیات	-	-	-	N1
5	راحت‌تر	-	-	-	A0
6	بود	-	-	-	V2

0	و	-	-	-	conjunction
1	می‌شد	-	-	-	V3

0	به	-	-	-	Pr
1	کوچک‌ترها	-	-	-	A0
2	فهموند	-	-	-	undefined
3	که	-	-	-	C0
4	چقدر	-	-	-	Ad
5	مهمن	-	-	-	undefined
6	.	-	-	-	endDelim
7	بالاخره	-	-	-	Ad
8	یه	-	-	-	N1
9	انیمیشن	-	-	-	N1
10	که	-	-	-	C0
11	وقتی‌که	-	-	-	C1
12	از	-	-	-	Pr
13	اول	-	-	-	A0
14	تا	-	-	-	Pr
15	آخرش	-	-	-	N1
16	باکیفیت	-	-	-	A0
17	بد	-	-	-	A0
18	داد	-	-	-	V2

0	نمی‌زنه	-	-	-	undefined
1	من	-	-	-	N5
2	ایرانیم	-	-	-	N2
3	!	-	-	-	endDelim
4	علاوه‌بر	-	-	-	Pr1
5	اینکه	-	-	-	Ad
6	حرف	-	-	-	N1
7	گوش	-	-	-	N1
8	نمی‌کنه	-	-	-	undefined
9	!	-	-	-	endDelim
10	حرف	-	-	-	N1
11	هم	-	-	-	Ad
12	نمی‌زنه	-	-	-	undefined
13	!	-	-	-	endDelim
14	!	-	-	-	endDelim
15	بالاخره	-	-	-	Ad
16	بعداز	-	-	-	Pr1
17	چندین	-	-	-	A0
18	سال	-	-	-	N1
19	یه	-	-	-	N1
20	اکیپ	-	-	-	N1
21	دوست	-	-	-	N1
22	پسر	-	-	-	N1
23	پیداشده	-	-	-	A0
24	که	-	-	-	C0
25	باهاشون	-	-	-	undefined
26	خیلی	-	-	-	A0
27	راحتم	-	-	-	A0
28	و	-	-	-	conjunction
29	خیلی	-	-	-	A0
30	باهاشون	-	-	-	undefined
31	خوش	-	-	-	A0
32	میگذره	-	-	-	undefined
33	.	-	-	-	endDelim
34	شکلات	-	-	-	N1
35	نازنین	-	-	-	N3
36	من	-	-	-	N5
37	که	-	-	-	C0
38	روی	-	-	-	Pr1
39	قفسه	-	-	-	N1
40	بود	-	-	-	V2

0	رو	-	-	-	N1
1	برداشتین	-	-	-	V2

0	خوردین	-	-	-	N1
1	؟	-	-	-	endDelim
2	قدیما	-	-	-	undefined
3	که	-	-	-	C0
4	گوشی	-	-	-	N1
5	و	-	-	-	conjunction
6	آهنگ	-	-	-	N1
7	و	-	-	-	conjunction
8	اینا	-	-	-	undefined
9	نبود	-	-	-	N1
10	تو	-	-	-	N5
11	دستشویی	-	-	-	N1
12	مجبور	-	-	-	A0
13	بودیم	-	-	-	V2

0	بشینیم	-	-	-	N1
1	پشت	-	-	-	N1
2	خمیردندون	-	-	-	undefined
3	هارو	-	-	-	undefined
4	بخونیم	-	-	-	N1
5	که	-	-	-	C0
6	حوصله	-	-	-	N1
7	امون	-	-	-	N1
8	سر	-	-	-	V1

0	نره	-	-	-	A0
1	.	-	-	-	endDelim
2	چقدر	-	-	-	Ad
3	این	-	-	-	A1
4	حسایی	-	-	-	undefined
5	که	-	-	-	C0
6	ملغمه‌ای	-	-	-	N1
7	از	-	-	-	Pr
8	شادی	-	-	-	N1
9	و	-	-	-	conjunction
10	غم‌ان	-	-	-	N1
11	خوبن	-	-	-	undefined
12	.	-	-	-	endDelim
13	اولین‌ها	-	-	-	A0
14	خیلی	-	-	-	A0
15	معروف	-	-	-	A0
16	می‌شن	-	-	-	N1
17	!	-	-	-	endDelim
18	مثلاً	-	-	-	Ad
19	اولین	-	-	-	A0
20	کسی	-	-	-	A2
21	که	-	-	-	C0
22	شبکه	-	-	-	N1
23	اجتماعی	-	-	-	A0
24	درست	-	-	-	A0
25	کرد	-	-	-	V2

0	کی	-	-	-	NA
1	بود	-	-	-	V2
2	؟	-	-	-	endDelim

0	آفرین	-	-	-	V1
1	!	-	-	-	endDelim

0	زاکربرگ	-	-	-	undefined
1	!	-	-	-	endDelim
2	ولی	-	-	-	C0
3	اون	-	-	-	undefined
4	اولی	-	-	-	A0
5	نبود	-	-	-	N1
6	!	-	-	-	endDelim
7	ولی	-	-	-	C0
8	معروف‌ترین	-	-	-	A0
9	بود	-	-	-	V2
10	.	-	-	-	endDelim

0	از	-	-	-	Pr
1	خوبیای	-	-	-	undefined
2	اینترنت	-	-	-	N1
3	می‌شه	-	-	-	N1
4	به	-	-	-	Pr
5	قسمت	-	-	-	N1
6	کردن	-	-	-	V2

0	شادی‌ها	-	-	-	N1
1	با	-	-	-	Pr
2	یکی	-	-	-	A2
3	از	-	-	-	Pr
4	اون	-	-	-	undefined
5	سر	-	-	-	V1

0	دنیا	-	-	-	N1
1	اشاره	-	-	-	N1
2	کرد	-	-	-	V2
3	.	-	-	-	endDelim

0	ولی	-	-	-	C0
1	دیگه	-	-	-	N1
2	بابابزرگم	-	-	-	N1
3	نیست	-	-	-	N1
4	که	-	-	-	C0
5	باهم	-	-	-	Ad
6	بستنی	-	-	-	N1
7	بخوریم	-	-	-	N1
8	قایمکی	-	-	-	N1
9	به	-	-	-	Pr
10	دور	-	-	-	A0
11	از	-	-	-	Pr
12	چشم	-	-	-	N1
13	مادربزرگ	-	-	-	N1
14	.	-	-	-	endDelim
15	به	-	-	-	Pr
16	یاد	-	-	-	N1
17	آن	-	-	-	A1
18	شبدر	-	-	-	N1
19	مشهد	-	-	-	N2
20	که	-	-	-	C0
21	از	-	-	-	Pr
22	خواب	-	-	-	V1

0	با	-	-	-	Pr
1	گریه	-	-	-	N1
2	پاشدم	-	-	-	undefined
3	و	-	-	-	conjunction
4	رفیقم	-	-	-	N1
5	کنارم	-	-	-	N1
6	بود	-	-	-	V2

0	و	-	-	-	conjunction
1	کلی	-	-	-	A0
2	هوامو	-	-	-	undefined
3	داشت	-	-	-	V2
4	.	-	-	-	endDelim
