
0	ما	-	-	-	N5
1	قادر	-	-	-	A0
2	به	-	-	-	Pr
3	ارائه‌ی	-	-	-	N1
4	پاسخی	-	-	-	N1
5	مطمئن	-	-	-	A0
6	نیستیم	-	-	-	N1
7	.	-	-	-	endDelim
8	فهرست	-	-	-	N1
9	خصوصیاتی	-	-	-	N1
10	که	-	-	-	C0
11	حوزه‌ی	-	-	-	N1
12	رده‌بندی	-	-	-	N1
13	گیاهان	-	-	-	N1
14	را	-	-	-	Po
15	از	-	-	-	Pr
16	سایر	-	-	-	N1
17	حوزه‌های	-	-	-	N1
18	زیست‌شناسی	-	-	-	N1
19	جدا	-	-	-	A0
20	می‌کند	-	-	-	V1

0	حداقل	-	-	-	Ad
1	یک	-	-	-	Nu
2	تعریف	-	-	-	N1
3	فنی	-	-	-	A0
4	ارائه	-	-	-	N1
5	می‌کند	-	-	-	V1

0	اما	-	-	-	C0
1	این	-	-	-	A1
2	تعریف	-	-	-	N1
3	موردپسند	-	-	-	A0
4	همگان	-	-	-	N1
5	قرار	-	-	-	N1
6	نمی‌گیرد	-	-	-	V1
7	؛	-	-	-	endDelim

0	بنابراین	-	-	-	Ad
1	تعریف	-	-	-	N1
2	اصطلاح	-	-	-	N1
3	گیاه	-	-	-	N1
4	همیشه	-	-	-	Ad
5	به	-	-	-	Pr
6	معنی	-	-	-	N1
7	بیشتر	-	-	-	A0
8	موجودات	-	-	-	A0
9	زنده	-	-	-	A0
10	طبقه‌بندی‌شده	-	-	-	A0
11	در	-	-	-	Pr
12	محدوده‌ی	-	-	-	N1
13	رده‌بندی	-	-	-	N1
14	گیاهان	-	-	-	N1
15	می‌باشد	-	-	-	V1
16	.	-	-	-	endDelim

0	مثلاً	-	-	-	Ad
1	«	-	-	-	startDelim
2	اگر	-	-	-	C0
3	جلبک‌های	-	-	-	N1
4	سبز	-	-	-	A0
5	به	-	-	-	Pr
6	وضوح	-	-	-	N1
7	گیاهانی	-	-	-	N1
8	جزو	-	-	-	Pr1
9	رده‌بندی	-	-	-	N1
10	گیاهان	-	-	-	N1
11	هستند	-	-	-	V3
12	،	-	-	-	endDelim

0	پس	-	-	-	Ad
1	بیشتر	-	-	-	A0
2	مردم	-	-	-	N1
3	اکثر	-	-	-	A0
4	خزه‌های	-	-	-	N1
5	دریایی	-	-	-	A0
6	را	-	-	-	Po
7	هم	-	-	-	Ad
8	که	-	-	-	C0
9	جزئی	-	-	-	A0
10	از	-	-	-	Pr
11	(	-	-	-	startDelim
12	حوزه	-	-	-	N1
13	آغازیان	-	-	-	N1
14	)	-	-	-	endDelim
15	هستند	-	-	-	V3
16	،	-	-	-	endDelim

0	جزو	-	-	-	Pr1
1	جلبک‌های	-	-	-	N1
2	سبز	-	-	-	A0
3	در	-	-	-	Pr
4	نظر	-	-	-	N1
5	می‌گیرند	-	-	-	V1
6	.	-	-	-	endDelim

0	مشکل	-	-	-	N1
1	عدم	-	-	-	N1
2	وجود	-	-	-	N1
3	دقت	-	-	-	N1
4	یا	-	-	-	C0
5	توافق	-	-	-	N1
6	که	-	-	-	C0
7	در	-	-	-	Pr
8	تعریف	-	-	-	N1
9	گیاه	-	-	-	N1
10	وجود	-	-	-	N1
11	دارد	-	-	-	V1

0	یکی	-	-	-	A2
1	از	-	-	-	Pr
2	گفته‌های	-	-	-	A0
3	مورد	-	-	-	N1
4	تفاهم	-	-	-	N1
5	است	-	-	-	V3

0	که	-	-	-	C0
1	اغلب	-	-	-	Ad
2	در	-	-	-	Pr
3	مقالات	-	-	-	N1
4	با	-	-	-	Pr
5	آن	-	-	-	A1
6	مواجه	-	-	-	A0
7	می‌شوند	-	-	-	V1
8	.	-	-	-	endDelim

0	خاصیت	-	-	-	N1
1	ذره‌ای	-	-	-	N1
2	و	-	-	-	conjunction
3	موجی	-	-	-	A0
4	نور	-	-	-	N2
5	که	-	-	-	C0
6	یک	-	-	-	Nu
7	پدیده‌ی	-	-	-	N1
8	فیزیکی	-	-	-	A0
9	الکترومغناطیسی	-	-	-	A0
10	است	-	-	-	V3

0	و	-	-	-	conjunction
1	در	-	-	-	Pr
2	نتیجه‌ی	-	-	-	N1
3	برخورد	-	-	-	V2

0	نور	-	-	-	N2
1	به	-	-	-	Pr
2	سطح	-	-	-	N1
3	اشیاء	-	-	-	N1
4	و	-	-	-	conjunction
5	بازتاب	-	-	-	N1
6	ویژه‌ی	-	-	-	A0
7	طول	-	-	-	N1
8	موجی	-	-	-	A0
9	این	-	-	-	A1
10	تابش	-	-	-	N1
11	نور	-	-	-	N2
12	و	-	-	-	conjunction
13	شدت	-	-	-	N1
14	آن	-	-	-	A1
15	،	-	-	-	endDelim
16	توسط	-	-	-	N1
17	چشم	-	-	-	N1
18	احساس	-	-	-	N1
19	و	-	-	-	conjunction
20	پردازش‌شده	-	-	-	A0
21	،	-	-	-	endDelim
22	و	-	-	-	conjunction
23	به	-	-	-	Pr
24	عنوان	-	-	-	N1
25	مفهوم	-	-	-	N1
26	رنگ	-	-	-	N1
27	آن	-	-	-	A1
28	در	-	-	-	Pr
29	ذهن	-	-	-	N1
30	شناخته می‌شود	-	-	-	V2
31	.	-	-	-	endDelim

0	تجزیه‌ی	-	-	-	N1
1	نور	-	-	-	N2
2	سفید	-	-	-	A0
3	توسط	-	-	-	N1
4	یک	-	-	-	Nu
5	منشور	-	-	-	N1
6	نیز	-	-	-	Ad
7	یک	-	-	-	Nu
8	خاصیت	-	-	-	N1
9	فیزیکی	-	-	-	A0
10	است	-	-	-	V3

0	که	-	-	-	C0
1	با	-	-	-	Pr
2	این	-	-	-	A1
3	عمل	-	-	-	N1
4	هفت‌رنگ	-	-	-	A0
5	طیف	-	-	-	N1
6	بدست	-	-	-	N1
7	می‌آید	-	-	-	V1
8	:	-	-	-	endDelim

0	شامل	-	-	-	A0
1	بنفش	-	-	-	A0
2	،	-	-	-	endDelim
3	نیلی	-	-	-	A0
4	،	-	-	-	endDelim
5	آبی	-	-	-	A0
6	،	-	-	-	endDelim
7	سبز	-	-	-	A0
8	،	-	-	-	endDelim
9	زرد	-	-	-	A0
10	،	-	-	-	endDelim
11	نارنجی	-	-	-	A0
12	و	-	-	-	conjunction
13	قرمز	-	-	-	A0
14	است	-	-	-	V3
15	؛	-	-	-	endDelim

0	بنابراین	-	-	-	Ad
1	رنگ‌ها	-	-	-	N1
2	ناشی	-	-	-	A0
3	از	-	-	-	Pr
4	امواج	-	-	-	mokassar
5	نور	-	-	-	N2
6	هستند	-	-	-	V3

0	و	-	-	-	conjunction
1	چشم	-	-	-	N1
2	انسان	-	-	-	N1
3	قادر	-	-	-	A0
4	است	-	-	-	V3

0	رنگ‌هایی	-	-	-	N1
1	را	-	-	-	Po
2	که	-	-	-	C0
3	طول‌موج	-	-	-	N1
4	آن‌ها	-	-	-	N5
5	بین	-	-	-	V1

0	۴۰۰	-	-	-	number
1	تا	-	-	-	Pr
2	۷۰۰	-	-	-	number
3	میلی	-	-	-	A0
4	میکرون	-	-	-	N1
5	است	-	-	-	V3

0	ببیند	-	-	-	V1
1	.	-	-	-	endDelim

0	(	-	-	-	startDelim
1	میلی	-	-	-	A0
2	میکرون	-	-	-	N1
3	واحدی	-	-	-	N4
4	است	-	-	-	V3

0	برای	-	-	-	Pr
1	اندازه‌گیری	-	-	-	N1
2	امواج	-	-	-	mokassar
3	که	-	-	-	C0
4	معادل	-	-	-	A0
5	یک	-	-	-	Nu
6	میلیونوم	-	-	-	undefined
7	میلی‌متر	-	-	-	N1
8	است	-	-	-	V3
9	)	-	-	-	endDelim

0	.	-	-	-	endDelim
1	در	-	-	-	Pr
2	قرن	-	-	-	N1
3	هفدهم	-	-	-	Nu
4	میلادی	-	-	-	A0
5	نیوتن	-	-	-	N3
6	موفق	-	-	-	A0
7	شد	-	-	-	V3

0	با	-	-	-	Pr
1	تجزیه	-	-	-	N1
2	نور	-	-	-	N2
3	سفید	-	-	-	A0
4	طیف	-	-	-	N1
5	رنگ‌ها	-	-	-	N1
6	را	-	-	-	Po
7	به	-	-	-	Pr
8	دست	-	-	-	N1
9	آورد	-	-	-	V2
10	.	-	-	-	endDelim

0	او	-	-	-	N5
1	کشف	-	-	-	N1
2	نمود	-	-	-	V2

0	که	-	-	-	C0
1	نور	-	-	-	N2
2	سفید	-	-	-	A0
3	شامل	-	-	-	A0
4	انواع	-	-	-	mokassar
5	اشعه	-	-	-	N1
6	است	-	-	-	V3

0	که	-	-	-	C0
1	هرگاه	-	-	-	Ad
2	به‌طور	-	-	-	Pr1
3	جداگانه‌ای	-	-	-	A0
4	با	-	-	-	Pr
5	شبکه‌ی	-	-	-	N1
6	چشم	-	-	-	N1
7	انسان	-	-	-	N1
8	برخورد	-	-	-	V2

0	کند	-	-	-	A0
1	احساس	-	-	-	N1
2	یکرنگ	-	-	-	A0
3	مجزا	-	-	-	A0
4	را	-	-	-	Po
5	به	-	-	-	Pr
6	وجود	-	-	-	N1
7	خواهد آورد	-	-	-	V2

0	و	-	-	-	conjunction
1	اختلاط	-	-	-	N1
2	این	-	-	-	A1
3	اشعه‌ها	-	-	-	N1
4	برروی	-	-	-	Pr1
5	شبکه‌ی	-	-	-	N1
6	چشم	-	-	-	N1
7	،	-	-	-	endDelim
8	رنگ	-	-	-	N1
9	سفید	-	-	-	A0
10	را	-	-	-	Po
11	محسوس	-	-	-	A0
12	می‌‌سازد	-	-	-	V1
13	.	-	-	-	endDelim

0	درباره‌ی	-	-	-	N1
1	واژه‌ی	-	-	-	N1
2	تاریخ	-	-	-	N1
3	و	-	-	-	conjunction
4	منشأ	-	-	-	N1
5	آن	-	-	-	A1
6	،	-	-	-	endDelim
7	گزارش‌های	-	-	-	N1
8	مختلف	-	-	-	A0
9	و	-	-	-	conjunction
10	گوناگونی	-	-	-	N1
11	وجود	-	-	-	N1
12	دارد	-	-	-	V1
13	.	-	-	-	endDelim

0	برخی	-	-	-	A2
1	ریشه‌ی	-	-	-	N1
2	واژه‌ی	-	-	-	N1
3	تاریخ	-	-	-	N1
4	را	-	-	-	Po
5	در	-	-	-	Pr
6	زبان	-	-	-	N1
7	فارسی	-	-	-	A0
8	و	-	-	-	conjunction
9	مفهوم	-	-	-	N1
10	«	-	-	-	startDelim
11	ماه	-	-	-	N1
12	روز	-	-	-	N1
13	»	-	-	-	endDelim
14	جستجو	-	-	-	N1
15	نموده‌اند	-	-	-	A0
16	.	-	-	-	endDelim
17	واژه‌ی	-	-	-	N1
18	)	-	-	-	endDelim
19	ماه	-	-	-	N1
20	روز	-	-	-	N1
21	»	-	-	-	endDelim
22	در	-	-	-	Pr
23	ایران	-	-	-	N2
24	باستان	-	-	-	A0
25	به	-	-	-	Pr
26	معنای	-	-	-	N1
27	«	-	-	-	startDelim
28	تعیین	-	-	-	N1
29	روزی‌که	-	-	-	C1
30	در	-	-	-	Pr
31	آن	-	-	-	A1
32	امری	-	-	-	A0
33	مشهور	-	-	-	A0
34	بین	-	-	-	V1

0	ملت	-	-	-	N1
1	یا	-	-	-	C0
2	دولتی	-	-	-	A0
3	آشکارشده	-	-	-	V1

0	یا	-	-	-	C0
1	آنکه	-	-	-	Ad
2	در	-	-	-	Pr
3	آن	-	-	-	A1
4	روز	-	-	-	N1
5	واقعه‌ی	-	-	-	N1
6	ترسناکی	-	-	-	A0
7	چون	-	-	-	C0
8	زلزله	-	-	-	N1
9	یا	-	-	-	C0
10	طوفان	-	-	-	N1
11	حادث	-	-	-	A0
12	گردیده است	-	-	-	V3
13	.	-	-	-	endDelim

0	»	-	-	-	endDelim
1	بنابراین	-	-	-	Ad
2	آنچه	-	-	-	N1
3	در	-	-	-	Pr
4	این	-	-	-	A1
5	مفهوم	-	-	-	N1
6	دارای	-	-	-	A0
7	حضور	-	-	-	N1
8	و	-	-	-	conjunction
9	نمود	-	-	-	V2

0	بیش‌تری	-	-	-	A0
1	بوده	-	-	-	V2
2	،	-	-	-	endDelim

0	توجه	-	-	-	N1
1	به	-	-	-	Pr
2	رخدادها	-	-	-	N1
3	و	-	-	-	conjunction
4	حوادث	-	-	-	mokassar
5	در	-	-	-	Pr
6	قالب	-	-	-	N1
7	مکانی	-	-	-	A0
8	و	-	-	-	conjunction
9	زمانی	-	-	-	A0
10	است	-	-	-	V3
11	.	-	-	-	endDelim

0	در	-	-	-	Pr
1	برخی	-	-	-	A2
2	از	-	-	-	Pr
3	گزارش‌ها	-	-	-	N1
4	آمده‌است	-	-	-	N1
5	که	-	-	-	C0
6	چون	-	-	-	C0
7	عمر	-	-	-	N1
8	بن	-	-	-	N2
9	خطاب	-	-	-	N1
10	در	-	-	-	Pr
11	تعیین	-	-	-	N1
12	مبدأ	-	-	-	N1
13	محاسبه‌ی	-	-	-	N1
14	زمان	-	-	-	N1
15	دچار	-	-	-	Ad
16	مشکل	-	-	-	N1
17	شد	-	-	-	V3
18	،	-	-	-	endDelim

0	به	-	-	-	Pr
1	پیشنهاد	-	-	-	N1
2	هرمزان	-	-	-	undefined
3	(	-	-	-	startDelim
4	از	-	-	-	Pr
5	موالی	-	-	-	N1
6	ایرانی	-	-	-	A0
7	ساکن	-	-	-	A0
8	در	-	-	-	Pr
9	مدینه	-	-	-	N2
10	)	-	-	-	endDelim
11	از	-	-	-	Pr
12	تعریب	-	-	-	undefined
13	ترکیب	-	-	-	N1
14	فارسی	-	-	-	A0
15	«	-	-	-	startDelim
16	ماه	-	-	-	N1
17	روز	-	-	-	N1
18	»	-	-	-	endDelim
19	،	-	-	-	endDelim
20	واژه‌ی	-	-	-	N1
21	«	-	-	-	startDelim
22	مورخ	-	-	-	N1
23	»	-	-	-	endDelim
24	را	-	-	-	Po
25	ساختند	-	-	-	V2

0	و	-	-	-	conjunction
1	مصدرش	-	-	-	N1
2	را	-	-	-	Po
3	«	-	-	-	startDelim
4	تاریخ	-	-	-	N1
5	»	-	-	-	endDelim
6	قرار	-	-	-	N1
7	دادند	-	-	-	V2
8	.	-	-	-	endDelim

0	درخصوص	-	-	-	Pr1
1	تعریب	-	-	-	undefined
2	و	-	-	-	conjunction
3	معرب	-	-	-	A0
4	بودن	-	-	-	V2

0	واژه‌ی	-	-	-	N1
1	تاریخ	-	-	-	N1
2	باید	-	-	-	V4

0	توجه	-	-	-	N1
1	داشت	-	-	-	V2

0	که	-	-	-	C0
1	کم‌ترین	-	-	-	A0
2	شباهت	-	-	-	N1
3	آوایی	-	-	-	A0
4	و	-	-	-	conjunction
5	قرابت	-	-	-	N1
6	واکه‌ای	-	-	-	N1
7	یا	-	-	-	C0
8	هم‌آهنگی	-	-	-	A0
9	واکه‌ای	-	-	-	N1
10	،	-	-	-	endDelim
11	تشابه	-	-	-	N1
12	صرفی	-	-	-	A0
13	یا	-	-	-	C0
14	تکواژی	-	-	-	N1
15	بین	-	-	-	V1

0	«	-	-	-	startDelim
1	ماه	-	-	-	N1
2	روز	-	-	-	N1
3	»	-	-	-	endDelim
4	و	-	-	-	conjunction
5	«	-	-	-	startDelim
6	تاریخ	-	-	-	N1
7	»	-	-	-	endDelim
8	وجود	-	-	-	N1
9	ندارد	-	-	-	V1

0	و	-	-	-	conjunction
1	به	-	-	-	Pr
2	همین	-	-	-	A1
3	دلیل	-	-	-	N1
4	،	-	-	-	endDelim
5	آن	-	-	-	A1
6	را	-	-	-	Po
7	تعرب	-	-	-	undefined
8	غریبی	-	-	-	N1
9	می‌دانند	-	-	-	V1
10	.	-	-	-	endDelim

0	امواج	-	-	-	mokassar
1	موجود	-	-	-	A0
2	در	-	-	-	Pr
3	فضا	-	-	-	N1
4	توسط	-	-	-	N1
5	آنتن	-	-	-	N1
6	موبایل	-	-	-	N1
7	دریافت‌شده	-	-	-	A0
8	و	-	-	-	conjunction
9	وارد	-	-	-	N1
10	قطعه‌ای	-	-	-	N1
11	به	-	-	-	Pr
12	نام	-	-	-	N1
13	آنتن	-	-	-	N1
14	سوییچ	-	-	-	N1
15	می‌شوند	-	-	-	V1
16	.	-	-	-	endDelim

0	آنتن	-	-	-	N1
1	سوییچ	-	-	-	N1
2	وظیفه	-	-	-	N1
3	تعیین	-	-	-	N1
4	حالت	-	-	-	N1
5	فرستندگی	-	-	-	N1
6	یا	-	-	-	C0
7	گیرندگی	-	-	-	N1
8	آنتن	-	-	-	N1
9	را	-	-	-	Po
10	به	-	-	-	Pr
11	عهده	-	-	-	N1
12	دارد	-	-	-	V1
13	.	-	-	-	endDelim

0	بسته	-	-	-	A0
1	به	-	-	-	Pr
2	اینکه	-	-	-	Ad
3	موبایل	-	-	-	N1
4	سازگار	-	-	-	A0
5	با	-	-	-	Pr
6	چند	-	-	-	NA
7	باند	-	-	-	N1
8	GSM	-	-	-	englishWord
9	باشد	-	-	-	V1
10	،	-	-	-	endDelim

0	تعداد	-	-	-	N1
1	پایه‌های	-	-	-	N1
2	آنتن	-	-	-	N1
3	سوییچ	-	-	-	N1
4	متفاوت	-	-	-	A0
5	خواهد بود	-	-	-	V3
6	.	-	-	-	endDelim

0	آنتن	-	-	-	N1
1	سوییچ	-	-	-	N1
2	برای	-	-	-	Pr
3	هر	-	-	-	A1
4	باند	-	-	-	N1
5	GSM	-	-	-	englishWord
6	،	-	-	-	endDelim
7	آنتن	-	-	-	N1
8	را	-	-	-	Po
9	به	-	-	-	Pr
10	یک	-	-	-	Nu
11	خروجی	-	-	-	N1
12	به	-	-	-	Pr
13	نام	-	-	-	N1
14	RX	-	-	-	englishWord
15	و	-	-	-	conjunction
16	یک	-	-	-	Nu
17	ورودی	-	-	-	A0
18	به	-	-	-	Pr
19	نام	-	-	-	N1
20	TX	-	-	-	englishWord
21	وصل	-	-	-	N1
22	می‌کند	-	-	-	V1
23	.	-	-	-	endDelim

0	درحقیقت	-	-	-	Ad
1	آنتن	-	-	-	N1
2	سوییچ	-	-	-	N1
3	مانند	-	-	-	N1
4	یک	-	-	-	Nu
5	کلید	-	-	-	N1
6	است	-	-	-	V3

0	که	-	-	-	C0
1	با	-	-	-	Pr
2	فرمان‌هایی	-	-	-	N1
3	آنتن	-	-	-	N1
4	را	-	-	-	Po
5	مرتباً	-	-	-	Ad
6	به	-	-	-	Pr
7	خط	-	-	-	N1
8	RX	-	-	-	englishWord
9	یا	-	-	-	C0
10	به	-	-	-	Pr
11	TX	-	-	-	englishWord
12	متصل	-	-	-	A0
13	می‌کند	-	-	-	V1
14	.	-	-	-	endDelim

0	در	-	-	-	Pr
1	بلوکی	-	-	-	A0
2	که	-	-	-	C0
3	مشاهده	-	-	-	N1
4	کردید	-	-	-	V2
5	،	-	-	-	endDelim

0	موبایل	-	-	-	N1
1	قابلیت	-	-	-	N1
2	کار	-	-	-	N1
3	با	-	-	-	Pr
4	دو	-	-	-	Nu
5	باند	-	-	-	N1
6	GSM	-	-	-	englishWord
7	۹۰۰	-	-	-	number
8	و	-	-	-	conjunction
9	GSM	-	-	-	englishWord
10	۱۸۰۰	-	-	-	number
11	را	-	-	-	Po
12	دارد	-	-	-	V1
13	؛	-	-	-	endDelim

0	بنابراین	-	-	-	Ad
1	آنتن	-	-	-	N1
2	سوییچ	-	-	-	N1
3	دو	-	-	-	Nu
4	خروجی	-	-	-	N1
5	RX	-	-	-	englishWord
6	و	-	-	-	conjunction
7	دو	-	-	-	Nu
8	ورودی	-	-	-	A0
9	TX	-	-	-	englishWord
10	خواهند داشت	-	-	-	V2

0	که	-	-	-	C0
1	در	-	-	-	Pr
2	شبکه‌‌های	-	-	-	N1
3	تلفن	-	-	-	N1
4	ایران	-	-	-	N2
5	از	-	-	-	Pr
6	آنجایی	-	-	-	A0
7	که	-	-	-	C0
8	GSM	-	-	-	englishWord
9	۹۰۰	-	-	-	number
10	است	-	-	-	V3

0	خط	-	-	-	N1
1	RX	-	-	-	englishWord
2	و	-	-	-	conjunction
3	TX	-	-	-	englishWord
4	باند	-	-	-	N1
5	۱۸۰۰	-	-	-	number
6	بدون	-	-	-	Pr
7	استفاده	-	-	-	N1
8	خواهد بود	-	-	-	V3
9	.	-	-	-	endDelim

0	آنتن	-	-	-	N1
1	سوییچ	-	-	-	N1
2	یکی	-	-	-	A2
3	از	-	-	-	Pr
4	قطعات	-	-	-	N1
5	حساس	-	-	-	A0
6	برد	-	-	-	V2

0	موبایل	-	-	-	N1
1	است	-	-	-	V3

0	و	-	-	-	conjunction
1	خرابی	-	-	-	N1
2	در	-	-	-	Pr
3	آن	-	-	-	A1
4	باعث	-	-	-	N1
5	به	-	-	-	Pr
6	وجود	-	-	-	N1
7	آمدن	-	-	-	V2

0	عیوبی	-	-	-	mokassar
1	ازقبیل	-	-	-	Pr1
2	پرش	-	-	-	N1
3	آنتن	-	-	-	N1
4	یا	-	-	-	C0
5	نداشتن	-	-	-	V2

0	دریافت	-	-	-	V2

0	یا	-	-	-	C0
1	ارسال	-	-	-	N1
2	خواهد شد	-	-	-	V3
3	.	-	-	-	endDelim

0	درمورد	-	-	-	Pr1
1	سلف	-	-	-	N1
2	و	-	-	-	conjunction
3	خازن	-	-	-	N1
4	قبل‌از	-	-	-	Pr1
5	اتصال	-	-	-	N1
6	آنتن	-	-	-	N1
7	به	-	-	-	Pr
8	آنتن	-	-	-	N1
9	سوییچ	-	-	-	N1
10	نیز	-	-	-	Ad
11	از	-	-	-	Pr
12	آنجایی	-	-	-	A0
13	که	-	-	-	C0
14	امپدانس	-	-	-	undefined
15	خروجی	-	-	-	N1
16	آنتن	-	-	-	N1
17	بسیار	-	-	-	A0
18	کم	-	-	-	A0
19	است	-	-	-	V3

0	و	-	-	-	conjunction
1	از	-	-	-	Pr
2	طرفی	-	-	-	N1
3	امپدانس	-	-	-	undefined
4	ورودی	-	-	-	A0
5	آنتن	-	-	-	N1
6	زیاد	-	-	-	A0
7	است	-	-	-	V3
8	،	-	-	-	endDelim

0	باید	-	-	-	V4

0	قبل‌از	-	-	-	Pr1
1	اتصال	-	-	-	N1
2	این	-	-	-	A1
3	دو	-	-	-	Nu
4	،	-	-	-	endDelim
5	عمل	-	-	-	N1
6	تطبیق	-	-	-	N1
7	امپدانس	-	-	-	undefined
8	توسط	-	-	-	N1
9	قطعه‌ای	-	-	-	N1
10	انجام	-	-	-	N1
11	شود	-	-	-	V1
12	.	-	-	-	endDelim

0	معمولاً	-	-	-	Ad
1	در	-	-	-	Pr
2	مدارات	-	-	-	N1
3	،	-	-	-	endDelim
4	قسمت	-	-	-	N1
5	آنتن	-	-	-	N1
6	موبایل	-	-	-	N1
7	از	-	-	-	Pr
8	یک	-	-	-	Nu
9	سلف	-	-	-	N1
10	که	-	-	-	C0
11	به	-	-	-	Pr
12	صورت	-	-	-	N1
13	موازی	-	-	-	A0
14	بین	-	-	-	V1

0	آنتن	-	-	-	N1
1	و	-	-	-	conjunction
2	زمین	-	-	-	N1
3	بسته می‌شود	-	-	-	V1

0	استفاده	-	-	-	N1
1	تشکیل	-	-	-	N1
2	می‌شود	-	-	-	V1
3	.	-	-	-	endDelim

0	این	-	-	-	A1
1	سلف	-	-	-	N1
2	می‌تواند	-	-	-	V4

0	باعث	-	-	-	N1
1	عمل	-	-	-	N1
2	تطبیق	-	-	-	N1
3	امپدانس	-	-	-	undefined
4	بین	-	-	-	V1

0	آنتن	-	-	-	N1
1	و	-	-	-	conjunction
2	آنتن	-	-	-	N1
3	سوییچ	-	-	-	N1
4	شده	-	-	-	V3

0	و	-	-	-	conjunction
1	مانع	-	-	-	N1
2	از	-	-	-	Pr
3	هدایت	-	-	-	N1
4	جریان	-	-	-	N1
5	DC	-	-	-	englishWord
6	بین	-	-	-	V1

0	این	-	-	-	A1
1	دو	-	-	-	Nu
2	واحد	-	-	-	A0
3	گردد	-	-	-	V1

0	تا	-	-	-	Pr
1	این	-	-	-	A1
2	دو	-	-	-	Nu
3	واحد	-	-	-	A0
4	اثر	-	-	-	N1
5	منفی	-	-	-	A0
6	در	-	-	-	Pr
7	عملکرد	-	-	-	N1
8	یکدیگر	-	-	-	N8
9	نداشته باشند	-	-	-	V2
10	.	-	-	-	endDelim

0	وظیفه	-	-	-	N1
1	فیلتر	-	-	-	N1
2	SAW	-	-	-	englishWord
3	حذف	-	-	-	N1
4	فرکانس‌های	-	-	-	N1
5	کانال	-	-	-	N1
6	همسایه	-	-	-	N1
7	و	-	-	-	conjunction
8	فرکانس‌های	-	-	-	N1
9	مزاحم	-	-	-	A0
10	است	-	-	-	V3
11	.	-	-	-	endDelim

0	خط	-	-	-	N1
1	خروجی	-	-	-	N1
2	RX	-	-	-	englishWord
3	از	-	-	-	Pr
4	آنتن	-	-	-	N1
5	سوئیچ	-	-	-	N1
6	وارد	-	-	-	N1
7	SAW	-	-	-	englishWord
8	شده	-	-	-	V3

0	و	-	-	-	conjunction
1	بعداز	-	-	-	Pr1
2	آن	-	-	-	A1
3	فرکانس‌های	-	-	-	N1
4	مزاحم	-	-	-	A0
5	حذف	-	-	-	N1
6	می‌شود	-	-	-	V1

0	و	-	-	-	conjunction
1	فقط	-	-	-	Ad
2	فرکانس‌های	-	-	-	N1
3	باند	-	-	-	N1
4	GSM	-	-	-	englishWord
5	در	-	-	-	Pr
6	خروجی	-	-	-	N1
7	آن	-	-	-	A1
8	دیده می‌شود	-	-	-	V2
9	.	-	-	-	endDelim

0	SAW	-	-	-	englishWord
1	همان‌گونه	-	-	-	undefined
2	که	-	-	-	C0
3	فرکانس‌های	-	-	-	N1
4	مزاحم	-	-	-	A0
5	را	-	-	-	Po
6	حذف	-	-	-	N1
7	می‌کند	-	-	-	V1
8	،	-	-	-	endDelim

0	فرکانس‌های	-	-	-	N1
1	اصلی	-	-	-	A0
2	GSM	-	-	-	englishWord
3	را	-	-	-	Po
4	هم	-	-	-	Ad
5	خیلی	-	-	-	A0
6	ضعیف	-	-	-	A0
7	می‌کند	-	-	-	V1
8	.	-	-	-	endDelim

0	برای	-	-	-	Pr
1	تقویت	-	-	-	N1
2	سیگنال‌های	-	-	-	N1
3	دریافتی	-	-	-	N1
4	GSM	-	-	-	englishWord
5	بعداز	-	-	-	Pr1
6	SAW	-	-	-	englishWord
7	از	-	-	-	Pr
8	یک	-	-	-	Nu
9	تقویت‌کننده	-	-	-	A0
10	به	-	-	-	Pr
11	نام	-	-	-	N1
12	LNA	-	-	-	englishWord
13	استفاده	-	-	-	N1
14	می‌شود	-	-	-	V1
15	.	-	-	-	endDelim

0	قلب	-	-	-	N1
1	در	-	-	-	Pr
2	لغت	-	-	-	N1
3	به	-	-	-	Pr
4	معنی	-	-	-	N1
5	دگرگونی	-	-	-	N1
6	است	-	-	-	V3

0	قلب	-	-	-	N1
1	ازلحاظ	-	-	-	Pr1
2	علمی	-	-	-	A0
3	اندامی	-	-	-	A0
4	است	-	-	-	V3

0	که	-	-	-	C0
1	در	-	-	-	Pr
2	مرکز	-	-	-	N1
3	قفسه‌ی	-	-	-	N1
4	سینه	-	-	-	N1
5	(	-	-	-	startDelim
6	متمایل	-	-	-	A0
7	به	-	-	-	Pr
8	سمت	-	-	-	N1
9	چپ	-	-	-	V1
10	)	-	-	-	endDelim

0	واقع	-	-	-	N1
1	شده است	-	-	-	V3
2	،	-	-	-	endDelim

0	و	-	-	-	conjunction
1	وزن	-	-	-	N1
2	آن	-	-	-	A1
3	۳۰۰	-	-	-	number
4	گرم	-	-	-	A0
5	است	-	-	-	V3

0	و	-	-	-	conjunction
1	خون	-	-	-	N1
2	را	-	-	-	Po
3	پمپاژ	-	-	-	N1
4	می‌کند	-	-	-	V1

0	نام	-	-	-	N1
1	این	-	-	-	A1
2	عضو	-	-	-	N1
3	به	-	-	-	Pr
4	علت	-	-	-	N1
5	اینکه	-	-	-	Ad
6	باعث	-	-	-	N1
7	دگرگونی	-	-	-	N1
8	خون	-	-	-	N1
9	و	-	-	-	conjunction
10	تبدیل	-	-	-	N1
11	خون	-	-	-	N1
12	کثیف	-	-	-	A0
13	به	-	-	-	Pr
14	خون	-	-	-	N1
15	تمیز	-	-	-	A0
16	می‌شود	-	-	-	V1

0	قلب	-	-	-	N1
1	نام‌گذاری	-	-	-	N1
2	شده است	-	-	-	V3

0	در	-	-	-	Pr
1	دگرگون	-	-	-	A0
2	کردن	-	-	-	V2

0	خون	-	-	-	N1
1	،	-	-	-	endDelim
2	قلب	-	-	-	N1
3	مانند	-	-	-	N1
4	یک	-	-	-	Nu
5	تلمبه	-	-	-	N1
6	عمل	-	-	-	N1
7	می‌کند	-	-	-	V1

0	ایا	-	-	-	undefined
1	دی‌ان‌ای	-	-	-	undefined
2	فرق	-	-	-	mokassar
3	موجودات	-	-	-	A0
4	زنده	-	-	-	A0
5	با	-	-	-	Pr
6	غیرزنده	-	-	-	A0
7	است	-	-	-	V3
8	؟	-	-	-	endDelim

0	آیا	-	-	-	NA
1	ساختاری	-	-	-	A0
2	هوشمند	-	-	-	A0
3	(	-	-	-	startDelim
4	وجود	-	-	-	N1
5	نظم	-	-	-	N1
6	بین	-	-	-	V1

0	سلول‌ها	-	-	-	N1
1	و	-	-	-	conjunction
2	اجزای	-	-	-	N1
3	مختلف	-	-	-	A0
4	)	-	-	-	endDelim
5	،	-	-	-	endDelim
6	موجود	-	-	-	A0
7	زنده	-	-	-	A0
8	را	-	-	-	Po
9	تشکیل	-	-	-	N1
10	می‌دهد	-	-	-	V1
11	!	-	-	-	endDelim

0	؟	-	-	-	endDelim
1	که	-	-	-	C0
2	البته	-	-	-	Ad
3	سلول‌های	-	-	-	N1
4	سرطانی	-	-	-	A0
5	این	-	-	-	A1
6	موضوع	-	-	-	N1
7	را	-	-	-	Po
8	رد	-	-	-	A0
9	می‌کنند	-	-	-	V1

0	زیرا	-	-	-	C0
1	درمقابل	-	-	-	Pr1
2	از	-	-	-	Pr
3	بین	-	-	-	V1

0	رفتنشان	-	-	-	V2

0	مقاومت	-	-	-	N1
1	می‌کنند	-	-	-	V1

0	و	-	-	-	conjunction
1	مانع	-	-	-	N1
2	از	-	-	-	Pr
3	درستکار	-	-	-	A0
4	کرد	-	-	-	V2

0	بدن	-	-	-	N1
1	می‌شوند	-	-	-	V1

0	(	-	-	-	startDelim
1	سلول‌ها	-	-	-	N1
2	بعداز	-	-	-	Pr1
3	پایان	-	-	-	N1
4	عمر	-	-	-	N1
5	،	-	-	-	endDelim
6	باید	-	-	-	V4

0	با	-	-	-	Pr
1	سلول‌‌هایی	-	-	-	N1
2	جدید	-	-	-	A0
3	جایگزین	-	-	-	N1
4	شوند	-	-	-	N1
5	)	-	-	-	endDelim
6	.	-	-	-	endDelim
7	به	-	-	-	Pr
8	زبانی	-	-	-	A0
9	دیگر	-	-	-	Ad
10	سلول‌های	-	-	-	N1
11	یک	-	-	-	Nu
12	فرد	-	-	-	N1
13	سرطانی	-	-	-	A0
14	نامیرا	-	-	-	undefined
15	شده	-	-	-	V3

0	و	-	-	-	conjunction
1	درمقابل	-	-	-	Pr1
2	مرگ	-	-	-	N1
3	خود	-	-	-	N8
4	و	-	-	-	conjunction
5	فرمان	-	-	-	N1
6	طبیعی	-	-	-	A0
7	بدن	-	-	-	N1
8	مقاومت	-	-	-	N1
9	می‌کنند	-	-	-	V1

0	ولی	-	-	-	C0
1	فرد	-	-	-	N1
2	سرطانی	-	-	-	A0
3	فردی	-	-	-	A0
4	زنده	-	-	-	A0
5	است	-	-	-	V3

0	بااینکه	-	-	-	Ad
1	برخی	-	-	-	A2
2	از	-	-	-	Pr
3	اعضای	-	-	-	N1
4	بدنش	-	-	-	N1
5	درستکار	-	-	-	A0
6	نمی‌‌کند	-	-	-	V1
7	.	-	-	-	endDelim

0	زندگی	-	-	-	N1
1	ممکن	-	-	-	A0
2	است	-	-	-	V3

0	به	-	-	-	Pr
1	خاطر	-	-	-	N1
2	سلول‌های	-	-	-	N1
3	عصبی	-	-	-	A0
4	و	-	-	-	conjunction
5	مغزی	-	-	-	A0
6	باشد	-	-	-	V1

0	که	-	-	-	C0
1	درطول	-	-	-	Pr1
2	زندگی	-	-	-	N1
3	جایگزین	-	-	-	N1
4	نمی‌شوند	-	-	-	V1

0	و	-	-	-	conjunction
1	فقط	-	-	-	Ad
2	رشد	-	-	-	N1
3	می‌کنند	-	-	-	V1

0	و	-	-	-	conjunction
1	می‌دانیم	-	-	-	V1

0	که	-	-	-	C0
1	اگر	-	-	-	C0
2	فردی	-	-	-	A0
3	اعضای	-	-	-	N1
4	بدنش	-	-	-	N1
5	را	-	-	-	Po
6	اهدا	-	-	-	N1
7	کند	-	-	-	A0
8	خودش	-	-	-	N7
9	باقی	-	-	-	N1
10	می‌ماند	-	-	-	V2

0	و	-	-	-	conjunction
1	از	-	-	-	Pr
2	خودش	-	-	-	N7
3	کم	-	-	-	A0
4	نمی‌شود	-	-	-	V1

0	ولی	-	-	-	C0
1	کسی	-	-	-	A2
2	نمی‌تواند	-	-	-	V4

0	مغزش	-	-	-	N1
1	را	-	-	-	Po
2	عوض	-	-	-	N1
3	کند	-	-	-	A0
4	.	-	-	-	endDelim
5	به	-	-	-	Pr
6	تعریفی	-	-	-	A0
7	دیگر	-	-	-	Ad
8	حیات	-	-	-	N1
9	نحوه‌ی	-	-	-	N1
10	خاص	-	-	-	A0
11	از	-	-	-	Pr
12	هستی	-	-	-	N1
13	است	-	-	-	V3

0	که	-	-	-	C0
1	مبدأ	-	-	-	N1
2	ظهور	-	-	-	N1
3	علم	-	-	-	N1
4	و	-	-	-	conjunction
5	قدرت	-	-	-	N1
6	شده	-	-	-	V3

0	و	-	-	-	conjunction
1	عامل	-	-	-	N1
2	هماهنگ‌کننده	-	-	-	A0
3	«	-	-	-	startDelim
4	اندیشه	-	-	-	N1
5	علمی	-	-	-	A0
6	»	-	-	-	endDelim
7	و	-	-	-	conjunction
8	«	-	-	-	startDelim
9	انگیزه	-	-	-	N1
10	عملی	-	-	-	A0
11	»	-	-	-	endDelim
12	است	-	-	-	V3
13	،	-	-	-	endDelim

0	به	-	-	-	Pr
1	طوری	-	-	-	N1
2	که	-	-	-	C0
3	اندیشه	-	-	-	N1
4	علمی	-	-	-	A0
5	بر	-	-	-	Pr
6	انگیزه	-	-	-	N1
7	عملی	-	-	-	A0
8	اشراف	-	-	-	N1
9	و	-	-	-	conjunction
10	نظارت	-	-	-	N1
11	داشته	-	-	-	A0
12	و	-	-	-	conjunction
13	انگیزه	-	-	-	N1
14	عملی	-	-	-	A0
15	تحت	-	-	-	Pr1
16	هدایت	-	-	-	N1
17	اندیشه	-	-	-	N1
18	علمی	-	-	-	A0
19	،	-	-	-	endDelim
20	به	-	-	-	Pr
21	صورت	-	-	-	N1
22	کوشش	-	-	-	N1
23	عینی	-	-	-	A0
24	ظهور	-	-	-	N1
25	یابد	-	-	-	V1
26	.	-	-	-	endDelim
