0	تیم	تیم	_	_	_
1	ایران	ایران	_	_	_
2	با	با	_	_	_
3	پنج	پنج	_	_	_
4	سانداکا‌ر	سانداکا‌ر	_	_	_
5	مرد	مرد	_	_	_
6	و	و	_	_	_
7	سه	سه	_	_	_
8	زن	زن	_	_	_
9	در	در	_	_	_
10	جام‌جهانی	جام‌جهانی	_	_	_
11	حضور	حضور	_	_	_
12	یافته	یافته	_	_	_
13	است	اس	_	_	_
14	.	.	_	_	_

0	در	در	_	_	_
1	رقابت‌های	رقابت	_	_	_
2	نوبت	نوبت	_	_	_
3	صبح	صبح	_	_	_
4	یکشنبه	یکشنبه	_	_	_
5	«	«	_	_	_
6	الهه	الهه	_	_	_
7	منصوریان	منصوری	_	_	_
8	»	»	_	_	_
9	،	،	_	_	_
10	«	«	_	_	_
11	فریناز	فریناز	_	_	_
12	نذیری	نذیری	_	_	_
13	»،	»،	_	_	_
14	«	«	_	_	_
15	محسن	محسن	_	_	_
16	محمدسیفی	محمدسیفی	_	_	_
17	»	»	_	_	_
18	و	و	_	_	_
19	«	«	_	_	_
20	میلاد	میلاد	_	_	_
21	عارفی‌مقام	عارفی‌مقام	_	_	_
22	»	»	_	_	_
23	با	با	_	_	_
24	برتر‌ی	برتر	_	_	_
25	برابر	برابر	_	_	_
26	حریفان	حریف	_	_	_
27	به	به	_	_	_
28	مدال	مدال	_	_	_
29	طلا	طلا	_	_	_
30	دست	دست	_	_	_
31	یافتند	یافت&یاب	_	_	_
32	تا	تا	_	_	_
33	تعداد	تعداد	_	_	_
34	نشان‌های	نشان	_	_	_
35	زرین	زرین	_	_	_
36	تیم	تیم	_	_	_
37	کشورمان	کشور	_	_	_
38	به	به	_	_	_
39	عدد	عدد	_	_	_
40	5	5	_	_	_
41	برسد	رسید&رس	_	_	_
42	.	.	_	_	_

0	روز	روز	_	_	_
1	اول	اول	_	_	_
2	نیز	نیز	_	_	_
3	«	«	_	_	_
4	شهربانو	شهربانو	_	_	_
5	منصوریان	منصوری	_	_	_
6	»	»	_	_	_
7	به	به	_	_	_
8	نشان	نشان	_	_	_
9	طلای	طلا	_	_	_
10	وزن	وزن	_	_	_
11	65	65	_	_	_
12	کیلوگرم	کیلوگرم	_	_	_
13	رسیده‌‌بود	رسید&رس	_	_	_
14	.	.	_	_	_

0	لازم	لازم	_	_	_
1	به	به	_	_	_
2	ذکر	ذکر	_	_	_
3	است	اس	_	_	_
4	که	که	_	_	_
5	عصر	عصر	_	_	_
6	یکشنبه	یکشنبه	_	_	_
7	«	«	_	_	_
8	یوسف	یوسف	_	_	_
9	صبری	صبری	_	_	_
10	»	»	_	_	_
11	و	و	_	_	_
12	«	«	_	_	_
13	معین	معین	_	_	_
14	تقوی	تقوی	_	_	_
15	»	»	_	_	_
16	هم	هم	_	_	_
17	برای	برای	_	_	_
18	کسب	کسب	_	_	_
19	مدال	مدال	_	_	_
20	طلا	طلا	_	_	_
21	به	به	_	_	_
22	مصاف	مصاف	_	_	_
23	حریفان	حریف	_	_	_
24	می‌روند	رفت&رو	_	_	_
25	.	.	_	_	_

0	تیم	تیم	_	_	_
1	صدرشیمی	صدرشیمی	_	_	_
2	با	با	_	_	_
3	غلبه	غلبه	_	_	_
4	بر	بر	_	_	_
5	همشهری	همشهری	_	_	_
6	مقتدر	مقتدر	_	_	_
7	خود	خود	_	_	_
8	عنوان	عنوان	_	_	_
9	قهرمانی	قهرمانی	_	_	_
10	مسابقات	مسابقات	_	_	_
11	کشوری	کشوری	_	_	_
12	را	را	_	_	_
13	از	از	_	_	_
14	آن	آن	_	_	_
15	خود	خود	_	_	_
16	کرد	کرد	_	_	_
17	.	.	_	_	_

0	در	در	_	_	_
1	دیدار	دیدار	_	_	_
2	فینال	فینال	_	_	_
3	تیم	تیم	_	_	_
4	صدرشیمی	صدرشیمی	_	_	_
5	یزد	یزد	_	_	_
6	موفق	موفق	_	_	_
7	شد	شد	_	_	_
8	با	با	_	_	_
9	نتیجه	نتیجه	_	_	_
10	2	2	_	_	_
11	بر	بر	_	_	_
12	1	1	_	_	_
13	تیم	تیم	_	_	_
14	گلساپوش	گلساپوش	_	_	_
15	یزد	یزد	_	_	_
16	را	را	_	_	_
17	که	که	_	_	_
18	از	از	_	_	_
19	بازیکنان	بازیکن	_	_	_
20	ملی	ملی	_	_	_
21	پوش	پوش	_	_	_
22	سود	سود	_	_	_
23	می‌برد	برد&بر	_	_	_
24	شکست	شکست	_	_	_
25	داده	داده	_	_	_
26	و	و	_	_	_
27	به	به	_	_	_
28	مقام	مقام	_	_	_
29	قهرمانی	قهرمانی	_	_	_
30	دست	دست	_	_	_
31	یابد	یافت&یاب	_	_	_
32	.	.	_	_	_

0	در	در	_	_	_
1	دیدار	دیدار	_	_	_
2	رده‌بندی	رده‌بندی	_	_	_
3	نیز	نیز	_	_	_
4	تیم	تیم	_	_	_
5	پر‌سپولیس	پر‌سپولیس	_	_	_
6	مردآباد	مردآباد	_	_	_
7	با	با	_	_	_
8	شکست	شکست	_	_	_
9	تیم	تیم	_	_	_
10	هیات	هیات	_	_	_
11	روستایی	روستایی	_	_	_
12	خراسان	خراسان	_	_	_
13	شمالی	شمالی	_	_	_
14	مقام	مقام	_	_	_
15	سوم	سوم	_	_	_
16	این	این	_	_	_
17	مسابقات	مسابقات	_	_	_
18	را	را	_	_	_
19	از	از	_	_	_
20	آن	آن	_	_	_
21	خود	خود	_	_	_
22	کرد	کرد	_	_	_
23	به	به	_	_	_
24	گزارش	گزارش	_	_	_
25	خبرگزاری	خبرگزاری	_	_	_
26	فارس	فارس	_	_	_
27	،	،	_	_	_
28	سردار	سردار	_	_	_
29	غلامرضا	غلامرضا	_	_	_
30	جلالی	جلال	_	_	_
31	رئیس	رئیس	_	_	_
32	سازمان	سازمان	_	_	_
33	پدافند	پدافند	_	_	_
34	غیر	غیر	_	_	_
35	عامل	عامل	_	_	_
36	طی	طی	_	_	_
37	نشست	نشست	_	_	_
38	خبری	خبری	_	_	_
39	که	که	_	_	_
40	به	به	_	_	_
41	مناسبت	مناسبت	_	_	_
42	8	8	_	_	_
43	آبان	آبان	_	_	_
44	سال	سال	_	_	_
45	روز	روز	_	_	_
46	تشکیل	تشکیل	_	_	_
47	این	این	_	_	_
48	سازمان	سازمان	_	_	_
49	برگزار	برگزار	_	_	_
50	شد	شد	_	_	_
51	،	،	_	_	_
52	ماموریت	ماموریت	_	_	_
53	اول	اول	_	_	_
54	سازمان	سازمان	_	_	_
55	پدافند	پدافند	_	_	_
56	غیرعامل	غیرعامل	_	_	_
57	را	را	_	_	_
58	دیده‌بانی	دیده‌بانی	_	_	_
59	نسبت	نسبت	_	_	_
60	به	به	_	_	_
61	تهدیدات	تهدیدات	_	_	_
62	،	،	_	_	_
63	تشخیص	تشخیص	_	_	_
64	تهدیدات	تهدیدات	_	_	_
65	و	و	_	_	_
66	هشدار	هشدار	_	_	_
67	در	در	_	_	_
68	حوزه‌های	حوزه	_	_	_
69	مختلف	مختلف	_	_	_
70	دانست	دانست	_	_	_
71	و	و	_	_	_
72	اظهار	اظهار	_	_	_
73	داشت	داشت	_	_	_
74	:	:	_	_	_

0	دومین	دومین	_	_	_
1	ماموریت	ماموریت	_	_	_
2	این	این	_	_	_
3	سازمان	سازمان	_	_	_
4	،	،	_	_	_
5	کاهش	کاهش	_	_	_
6	آسیب‌پذیری	آسیب‌پذیری	_	_	_
7	کل	کل	_	_	_
8	زیرساخت‌های	زیرساخت	_	_	_
9	کشور	کشور	_	_	_
10	و	و	_	_	_
11	شهرها	شهر	_	_	_
12	دربرابر	دربرابر	_	_	_
13	تهدیدات	تهدیدات	_	_	_
14	امنیتی	امنیتی	_	_	_
15	است	اس	_	_	_
16	که	که	_	_	_
17	به	به	_	_	_
18	صورت	صورت	_	_	_
19	مداوم	مداوم	_	_	_
20	و	و	_	_	_
21	متغیر	متغیر	_	_	_
22	دنبال	دنبال	_	_	_
23	می‌شود	شد&شو	_	_	_
24	و	و	_	_	_
25	ماموریت	ماموریت	_	_	_
26	سوم	سوم	_	_	_
27	نیز	نیز	_	_	_
28	مصون‌سازی	مصون‌سازی	_	_	_
29	زیرساخت‌های	زیرساخت	_	_	_
30	کل	کل	_	_	_
31	کشور	کشور	_	_	_
32	است	اس	_	_	_
33	.	.	_	_	_

0	جلالی	جلال	_	_	_
1	با	با	_	_	_
2	بیان	بیان	_	_	_
3	اینکه	اینکه	_	_	_
4	60	60	_	_	_
5	محصول	محصول	_	_	_
6	استراتژیک	استراتژیک	_	_	_
7	پدافند	پدافند	_	_	_
8	سایبری	سایبری	_	_	_
9	بومی	بومی	_	_	_
10	کشور	کشور	_	_	_
11	را	را	_	_	_
12	ارائه	ارائه	_	_	_
13	خواهیم	خواست&خواه	_	_	_
14	داد	داد	_	_	_
15	،	،	_	_	_
16	گفت	گفت	_	_	_
17	:	:	_	_	_

0	5	5	_	_	_
1	محصول	محصول	_	_	_
2	اسکادای	اسکاد	_	_	_
3	بومی	بومی	_	_	_
4	نیز	نیز	_	_	_
5	که	که	_	_	_
6	برای	برای	_	_	_
7	کنترل	کنترل	_	_	_
8	و	و	_	_	_
9	دیسپاچینگ	دیسپاچینگ	_	_	_
10	بکار	کشت&کار	_	_	_
11	می‌رود	رفت&رو	_	_	_
12	،	،	_	_	_
13	توسط	توسط	_	_	_
14	متخصصان	متخصص	_	_	_
15	داخلی	داخلی	_	_	_
16	ساخته‌شده‌است	ساخته‌شده‌است	_	_	_
17	.	.	_	_	_

0	یک	یک	_	_	_
1	بازدیدکننده	بازدیدکننده	_	_	_
2	در	در	_	_	_
3	روز	روز	_	_	_
4	افتتاح	افتتاح	_	_	_
5	«	«	_	_	_
6	کتابخانه	کتابخانه	_	_	_
7	حلزونی	حلزونی	_	_	_
8	»	»	_	_	_
9	در	در	_	_	_
10	شهر	شهر	_	_	_
11	هانگ‌ژو	هانگ‌ژو	_	_	_
12	در	در	_	_	_
13	استان	استان	_	_	_
14	ژجیانگ	ژجیانگ	_	_	_
15	در	در	_	_	_
16	چین	چین	_	_	_
17	سلفی	سلفی	_	_	_
18	می‌گیرد	گرفت&گیر	_	_	_
19	.	.	_	_	_

0	این	این	_	_	_
1	کتاب	کتاب	_	_	_
2	خانه	خانه	_	_	_
3	با	با	_	_	_
4	هدف	هدف	_	_	_
5	ارائه	ارائه	_	_	_
6	منابع	منبع	_	_	_
7	آنلاین	آنلاین	_	_	_
8	در	در	_	_	_
9	کنار	کنار	_	_	_
10	کتابخانه	کتابخانه	_	_	_
11	و	و	_	_	_
12	منابع	منبع	_	_	_
13	سنتی	سنتی	_	_	_
14	ایجاد‌شده‌است	ایجاد‌شده‌است	_	_	_
15	.	.	_	_	_

0	کوچک‌پا	کوچک‌پا	_	_	_
1	،	،	_	_	_
2	داستان	داستان	_	_	_
3	یک	یک	_	_	_
4	«	«	_	_	_
5	یتی	یتی	_	_	_
6	»	»	_	_	_
7	(	(	_	_	_
8	مرد‌برفی	مرد‌برفی	_	_	_
9	)	)	_	_	_
10	دانشمند	دانشمند	_	_	_
11	است	اس	_	_	_
12	که	که	_	_	_
13	متقاعد‌شده‌موجودات	متقاعد‌شده‌موجودات	_	_	_
14	نادری	نادری	_	_	_
15	که	که	_	_	_
16	با	با	_	_	_
17	نام	نام	_	_	_
18	«	«	_	_	_
19	کوچک‌پا	کوچک‌پا	_	_	_
20	»‌ها	»‌ها	_	_	_
21	(	(	_	_	_
22	انسان‌ها	انسان	_	_	_
23	»	»	_	_	_
24	،	،	_	_	_
25	واقعا	واقعا	_	_	_
26	وجود	وجود	_	_	_
27	دارند	داشت&دار	_	_	_
28	!	!	_	_	_

0	اکران	اکران	_	_	_
1	جهانی	جهانی	_	_	_
2	این	این	_	_	_
3	انیمیشن	انیمیشن	_	_	_
4	جذاب	جذاب	_	_	_
5	،	،	_	_	_
6	از	از	_	_	_
7	ششم	ششم	_	_	_
8	مهر	مهر	_	_	_
9	آغاز‌شده‌و	آغاز‌شده‌و	_	_	_
10	احتمالا	احتمالا	_	_	_
11	تا	تا	_	_	_
12	مدتی	مدت	_	_	_
13	دیگر	دیگر	_	_	_
14	نسخه‌ی	نسخه	_	_	_
15	دوبله‌ی	دوبله	_	_	_
16	آن	آن	_	_	_
17	به	به	_	_	_
18	سینماها	سینما	_	_	_
19	و	و	_	_	_
20	شبکه‌ی	شبکه	_	_	_
21	نمایش	نمایش	_	_	_
22	خانگی	خانگی	_	_	_
23	ما	ما	_	_	_
24	هم	هم	_	_	_
25	می‌رسد	رسید&رس	_	_	_
26	.	.	_	_	_

0	به	به	_	_	_
1	همین	همین	_	_	_
2	مناسبت	مناسبت	_	_	_
3	ترجمه‌ی	ترجمه	_	_	_
4	گفت‌وگویی	گفت‌وگویی	_	_	_
5	را	را	_	_	_
6	با	با	_	_	_
7	این	این	_	_	_
8	کارگردان	کارگردان	_	_	_
9	برای	برای	_	_	_
10	شما	شما	_	_	_
11	انتخاب	انتخاب	_	_	_
12	کرده‌ایم	کرد&کن	_	_	_
13	تا	تا	_	_	_
14	بیش‌تر	بیش	_	_	_
15	با	با	_	_	_
16	حال	حال	_	_	_
17	و	و	_	_	_
18	هوای	هوا	_	_	_
19	این	این	_	_	_
20	داستان	داستان	_	_	_
21	متفاوت	متفاوت	_	_	_
22	و	و	_	_	_
23	عجیب	عجیب	_	_	_
24	از	از	_	_	_
25	زندگی	زندگی	_	_	_
26	یتی‌ها	یتی‌ها	_	_	_
27	آشناشویم	آشناشویم	_	_	_
28	.	.	_	_	_

0	زمانی	زمانی	_	_	_
1	که	که	_	_	_
2	بحث	بحث	_	_	_
3	هم‌کاری	هم‌کاری	_	_	_
4	با	با	_	_	_
5	پروژه‌ی	پروژه	_	_	_
6	کوچک‌پا	کوچک‌پا	_	_	_
7	را	را	_	_	_
8	به	به	_	_	_
9	من	من	_	_	_
10	پیشنهاد	پیشنهاد	_	_	_
11	دادند	داد&ده	_	_	_
12	،	،	_	_	_
13	با	با	_	_	_
14	«	«	_	_	_
15	برگزیت	برگزیت	_	_	_
16	»	»	_	_	_
17	(	(	_	_	_
18	خروج	خروج	_	_	_
19	انگلیس	انگلیس	_	_	_
20	از	از	_	_	_
21	اتحادیه‌ی‌اروپا	اتحادیه‌ی‌اروپا	_	_	_
22	)	)	_	_	_
23	هم‌زمان‌بود	هم‌زمان‌بود	_	_	_
24	.	.	_	_	_

0	انتخابات	انتخابات	_	_	_
1	برگزار	برگزار	_	_	_
2	شد	شد	_	_	_
3	.	.	_	_	_

0	در	در	_	_	_
1	جهان	جهان	_	_	_
2	موج	موج	_	_	_
3	مهاجرت	مهاجرت	_	_	_
4	آغاز	آغاز	_	_	_
5	شده‌بود	شد&شو	_	_	_
6	.	.	_	_	_

0	گروهی	گروهی	_	_	_
1	از	از	_	_	_
2	مردم	مردم	_	_	_
3	روز	روز	_	_	_
4	به	به	_	_	_
5	روز	روز	_	_	_
6	به	به	_	_	_
7	سمت	سمت	_	_	_
8	قوم‌گرایی	قوم‌گرایی	_	_	_
9	و	و	_	_	_
10	انزواطلبی	انزواطلبی	_	_	_
11	گرایش	گرایش	_	_	_
12	پیدا	پیدا	_	_	_
13	می‌کردند	کرد&کن	_	_	_
14	و	و	_	_	_
15	مذاکرات	مذاکره	_	_	_
16	زیادی	زیادی	_	_	_
17	برای	برای	_	_	_
18	تقویت	تقویت	_	_	_
19	مرزبندی	مرزبندی	_	_	_
20	بین	بین	_	_	_
21	کشورها	کشور	_	_	_
22	،	،	_	_	_
23	مثل	مثل	_	_	_
24	دیوارکشی	دیوارکشی	_	_	_
25	بین	بین	_	_	_
26	مکزیک	مکزیک	_	_	_
27	و	و	_	_	_
28	آمریکا	آمریکا	_	_	_
29	در	در	_	_	_
30	جریان‌بود	جریان‌بود	_	_	_
31	.	.	_	_	_

0	نه	نه	_	_	_
1	،	،	_	_	_
2	انیمیشن‌ها	انیمیشن	_	_	_
3	عموما	عموما	_	_	_
4	در	در	_	_	_
5	طول	طول	_	_	_
6	پروسه‌ی	پروسه	_	_	_
7	تولید	تولید	_	_	_
8	،	،	_	_	_
9	دست‌خوش	دست‌خوش	_	_	_
10	تغییرات	تغییرات	_	_	_
11	زیادی	زیادی	_	_	_
12	می‌شوند	شد&شو	_	_	_
13	.	.	_	_	_

0	درباره‌ی	درباره	_	_	_
1	این	این	_	_	_
2	فیلم	فیلم	_	_	_
3	هم	هم	_	_	_
4	،	،	_	_	_
5	آمدن	آمدن	_	_	_
6	من	من	_	_	_
7	هم‌زمان	هم‌زمان	_	_	_
8	شد	شد	_	_	_
9	با	با	_	_	_
10	تغییر	تغییر	_	_	_
11	مدیریت	مدیریت	_	_	_
12	در	در	_	_	_
13	بخش	بخش	_	_	_
14	انیمیشن	انیمیشن	_	_	_
15	استودیوی	استودیو	_	_	_
16	«	«	_	_	_
17	برادران	برادر	_	_	_
18	وارنر	رنر	_	_	_
19	».	».	_	_	_

0	آن‌ها	آن	_	_	_
1	کار	کار	_	_	_
2	موزیکالی	موزیکالی	_	_	_
3	را	را	_	_	_
4	از	از	_	_	_
5	من	من	_	_	_
6	در	در	_	_	_
7	«	«	_	_	_
8	برادوی	برادوی	_	_	_
9	»	»	_	_	_
10	دیده‌بودند	دید&بین	_	_	_
11	و	و	_	_	_
12	خواستند	خواست&خواه	_	_	_
13	که	که	_	_	_
14	کوچک‌پا	کوچک‌پا	_	_	_
15	هم	هم	_	_	_
16	موزیکال	موزیکال	_	_	_
17	شود	شد&شو	_	_	_
18	.	.	_	_	_

0	شاید	شاید	_	_	_
1	سخت	سخت	_	_	_
2	باشد	باشد	_	_	_
3	که	که	_	_	_
4	بپذیریم	پذیرفت&پذیر	_	_	_
5	استودیوی	استودیو	_	_	_
6	وارنر	رنر	_	_	_
7	هم	هم	_	_	_
8	می‌تواند	توانست&توان	_	_	_
9	به	به	_	_	_
10	خوبی	خوبی	_	_	_
11	استودیوهای	استودیو	_	_	_
12	«	«	_	_	_
13	دیزنی	دیزنی	_	_	_
14	»،	»،	_	_	_
15	«	«	_	_	_
16	پیکسار	پیکسار	_	_	_
17	»	»	_	_	_
18	یا	یا	_	_	_
19	«	«	_	_	_
20	دریم‌ورکز	دریم‌ورکز	_	_	_
21	»،	»،	_	_	_
22	موزیکالی	موزیکالی	_	_	_
23	موفق	موفق	_	_	_
24	بسازد	ساخت&ساز	_	_	_
25	.	.	_	_	_

0	اما	اما	_	_	_
1	با	با	_	_	_
2	تمام	تمام	_	_	_
3	احترامی	احترامی	_	_	_
4	که	که	_	_	_
5	برای	برای	_	_	_
6	کمپانی‌های	کمپانی	_	_	_
7	دیگر	دیگر	_	_	_
8	قائلم	قائل	_	_	_
9	باید	باید	_	_	_
10	بگویم	گفت&گو	_	_	_
11	،	،	_	_	_
12	بخش	بخش	_	_	_
13	بزرگی	بزرگی	_	_	_
14	از	از	_	_	_
15	دنیای	دنیا	_	_	_
16	کودکی	کودکی	_	_	_
17	و	و	_	_	_
18	نوجوانی	نوجوانی	_	_	_
19	ما	ما	_	_	_
20	با	با	_	_	_
21	«	«	_	_	_
22	باگز‌بانی	باگز‌بانی	_	_	_
23	»،	»،	_	_	_
24	«	«	_	_	_
25	دافی‌داک	دافی‌داک	_	_	_
26	»	»	_	_	_
27	و	و	_	_	_
28	«	«	_	_	_
29	چاک‌جونز	چاک‌جونز	_	_	_
30	»	»	_	_	_
31	سپری‌شده‌و	سپری‌شده‌و	_	_	_
32	استودیوی	استودیو	_	_	_
33	وارنر	رنر	_	_	_
34	خیلی	خیلی	_	_	_
35	پیش‌تر	پیش	_	_	_
36	از	از	_	_	_
37	این	این	_	_	_
38	،	،	_	_	_
39	قدرتش	قدرت	_	_	_
40	را	را	_	_	_
41	در	در	_	_	_
42	تولید	تولید	_	_	_
43	انیمیشن‌های	انیمیشن	_	_	_
44	به	به	_	_	_
45	یادماندنی	یادماندنی	_	_	_
46	نشان	نشان	_	_	_
47	داده	داده	_	_	_
48	است	اس	_	_	_
49	.	.	_	_	_

0	این	این	_	_	_
1	را	را	_	_	_
2	به‌خلاقیت	به‌خلاقیت	_	_	_
3	تدوین	تدوین	_	_	_
4	گرمان	گرم	_	_	_
5	،	،	_	_	_
6	یعنی	یعنی	_	_	_
7	«	«	_	_	_
8	پیتر	پیتر	_	_	_
9	اتینگر	اتینگر	_	_	_
10	»	»	_	_	_
11	مدیونیم	مدیون	_	_	_
12	.	.	_	_	_

0	او	او	_	_	_
1	کلمه‌هایی	کلمه	_	_	_
2	را	را	_	_	_
3	تصادفی	تصادفی	_	_	_
4	اتنخاب	اتنخاب	_	_	_
5	می‌کرد	کرد&کن	_	_	_
6	و	و	_	_	_
7	گام‌های	گام	_	_	_
8	آن	آن	_	_	_
9	را	را	_	_	_
10	تغییر	تغییر	_	_	_
11	می‌داد	داد&ده	_	_	_
12	.	.	_	_	_

0	او	او	_	_	_
1	به	به	_	_	_
2	فرمولی	فرمول	_	_	_
3	رسید	رسید	_	_	_
4	و	و	_	_	_
5	آن	آن	_	_	_
6	را	را	_	_	_
7	در	در	_	_	_
8	تمام	تمام	_	_	_
9	انیمیشن	انیمیشن	_	_	_
10	،	،	_	_	_
11	به‌کار	به‌کار	_	_	_
12	برد	برد	_	_	_
13	.	.	_	_	_

0	وقتی	وقتی	_	_	_
1	برای	برای	_	_	_
2	اولین	اولین	_	_	_
3	بار	بار	_	_	_
4	آن‌ها	آن	_	_	_
5	را	را	_	_	_
6	شنیدیم	شنید&شنو	_	_	_
7	همه	همه	_	_	_
8	به	به	_	_	_
9	خنده	خنده	_	_	_
10	افتادیم	افتاد&افت	_	_	_
11	.	.	_	_	_

0	به	به	_	_	_
1	نظرم	نظر	_	_	_
2	بامزه‌ترین	بامزه	_	_	_
3	دیالوگ	دیالوگ	_	_	_
4	آن‌جاست	آن‌جاست	_	_	_
5	که	که	_	_	_
6	شخصیت	شخصیت	_	_	_
7	«	«	_	_	_
8	پرسی	پرسی	_	_	_
9	»	»	_	_	_
10	می‌گوید	گفت&گو	_	_	_
11	:	:	_	_	_

0	«	«	_	_	_
1	بگیر	بگیر	_	_	_
2	تو	تو	_	_	_
3	دا	دا	_	_	_
4	بی	بی	_	_	_
5	لا	لا	_	_	_
6	بو	بو	_	_	_
7	!»	!»	_	_	_
8	با	با	_	_	_
9	شما	شما	_	_	_
10	موافقم	موافق	_	_	_
11	و	و	_	_	_
12	به	به	_	_	_
13	این	این	_	_	_
14	فهرست	فهرست	_	_	_
15	دو	دو	_	_	_
16	انیمیشن	انیمیشن	_	_	_
17	دوست‌داشتنی	دوست‌داشتنی	_	_	_
18	«	«	_	_	_
19	لک‌لک‌ها	لک‌لک‌ها	_	_	_
20	»	»	_	_	_
21	و	و	_	_	_
22	«	«	_	_	_
23	لگو	لگو	_	_	_
24	»	»	_	_	_
25	را	را	_	_	_
26	هم	هم	_	_	_
27	اضافه	اضافه	_	_	_
28	می‌کنم	کرد&کن	_	_	_
29	.	.	_	_	_

0	اما	اما	_	_	_
1	برگردیم	برگردیم	_	_	_
2	به	به	_	_	_
3	کوچک‌پا	کوچک‌پا	_	_	_
4	.	.	_	_	_

0	به	به	_	_	_
1	نظرم	نظر	_	_	_
2	لایه‌های	لایه	_	_	_
3	بسیاری	بسیاری	_	_	_
4	در	در	_	_	_
5	این	این	_	_	_
6	انیمیشن	انیمیشن	_	_	_
7	وجود	وجود	_	_	_
8	دارد	داشت&دارد	_	_	_
9	؛	؛	_	_	_
10	طنز	طنز	_	_	_
11	،	،	_	_	_
12	موسیقی	موسیقی	_	_	_
13	،	،	_	_	_
14	داستان	داستان	_	_	_
15	،	،	_	_	_
16	پیام‌هایی	پیام	_	_	_
17	پیرامون	پیرامون	_	_	_
18	آفرینش	آفرینش	_	_	_
19	،	،	_	_	_
20	کشف	کشف	_	_	_
21	جهان	جهان	_	_	_
22	و	و	_	_	_
23	...	...	_	_	_

0	رئیس‌جمهور	رئیس‌جمهور	_	_	_
1	بعدی	بعدی	_	_	_
2	گرجستان	گرجستان	_	_	_
3	در	در	_	_	_
4	سال	سال	_	_	_
5	2024	2024	_	_	_
6	میلادی	میلادی	_	_	_
7	توسط	توسط	_	_	_
8	یک	یک	_	_	_
9	کالج	کالج	_	_	_
10	انتخاباتی	انتخاباتی	_	_	_
11	که	که	_	_	_
12	متشکل	متشکل	_	_	_
13	از	از	_	_	_
14	300	300	_	_	_
15	عضو	عضو	_	_	_
16	است	اس	_	_	_
17	،	،	_	_	_
18	انتخاب	انتخاب	_	_	_
19	خواهد	خواست&خواه	_	_	_
20	شد	شد	_	_	_
21	.	.	_	_	_

0	این	این	_	_	_
1	تغییر	تغییر	_	_	_
2	قانون	قانون	_	_	_
3	اساسی	اساسی	_	_	_
4	در	در	_	_	_
5	سپتامبر	سپتامبر	_	_	_
6	سال	سال	_	_	_
7	2017	2017	_	_	_
8	میلادی	میلادی	_	_	_
9	اتخاذ	اتخاذ	_	_	_
10	شد	شد	_	_	_
11	؛	؛	_	_	_
12	اقدامی	اقدام	_	_	_
13	که	که	_	_	_
14	از	از	_	_	_
15	سوی	سوی	_	_	_
16	احزاب	احزاب	_	_	_
17	اپوزیسیون	اپوزیسیون	_	_	_
18	مورد	مورد	_	_	_
19	انتقاد	انتقاد	_	_	_
20	قرار	قرار	_	_	_
21	گرفته	گرفته	_	_	_
22	و	و	_	_	_
23	آن	آن	_	_	_
24	را	را	_	_	_
25	به	به	_	_	_
26	عنوان	عنوان	_	_	_
27	اقدامی	اقدام	_	_	_
28	به	به	_	_	_
29	نفع	نفع	_	_	_
30	حزب	حزب	_	_	_
31	حاکم	حاکم	_	_	_
32	محکوم	محکوم	_	_	_
33	کردند	کرد&کن	_	_	_
34	.	.	_	_	_

0	گیورگی	گیورگی	_	_	_
1	مارگولاشویلی	مارگولاشویلی	_	_	_
2	،	،	_	_	_
3	رئیس‌جمهور	رئیس‌جمهور	_	_	_
4	در	در	_	_	_
5	حال	حال	_	_	_
6	کناره‌گیری	کناره‌گیری	_	_	_
7	گرجستان	گرجستان	_	_	_
8	از	از	_	_	_
9	نامزدی	نامزدی	_	_	_
10	در	در	_	_	_
11	انتخابات	انتخابات	_	_	_
12	برای	برای	_	_	_
13	دومین	دومین	_	_	_
14	دوره	دوره	_	_	_
15	متوالی	متوالی	_	_	_
16	امتناع	امتناع	_	_	_
17	و	و	_	_	_
18	تاکید	تاکید	_	_	_
19	کرد	کرد	_	_	_
20	تمایل	تمایل	_	_	_
21	ندارد	داشت&دار	_	_	_
22	نقشی	نقش	_	_	_
23	را	را	_	_	_
24	که	که	_	_	_
25	کم‌رنگ	کم‌رنگ	_	_	_
26	و	و	_	_	_
27	تشریفاتی‌شده‌،	تشریفاتی‌شده‌،	_	_	_
28	برعهده	برعهده	_	_	_
29	گیرد	گرفت&گیر	_	_	_
30	.	.	_	_	_

0	کنگره	کنگره	_	_	_
1	جهانی	جهانی	_	_	_
2	است	اس	_	_	_
3	که	که	_	_	_
4	در	در	_	_	_
5	دنیا	دنیا	_	_	_
6	نظیر	نظیر	_	_	_
7	ندارد	داشت&دار	_	_	_
8	،	،	_	_	_
9	اظهار	اظهار	_	_	_
10	داشت	داشت	_	_	_
11	:	:	_	_	_

0	دشمنان	دشمن	_	_	_
1	اسلام	اسلام	_	_	_
2	از	از	_	_	_
3	بر	بر	_	_	_
4	پایی	پایی	_	_	_
5	این	این	_	_	_
6	عظمت	عظمت	_	_	_
7	عصبانی	عصبانی	_	_	_
8	هستند	هستند	_	_	_
9	.	.	_	_	_

0	همان‌طور	همان‌طور	_	_	_
1	که	که	_	_	_
2	امام‌خمینی	امام‌خمینی	_	_	_
3	(	(	_	_	_
4	ره	ره	_	_	_
5	)	)	_	_	_
6	فرمودند	فرمود&فرما	_	_	_
7	«	«	_	_	_
8	راه	راه	_	_	_
9	قدس	قدس	_	_	_
10	از	از	_	_	_
11	کربلا	کربلا	_	_	_
12	می‌گذرد	گذشت&گذر	_	_	_
13	»،	»،	_	_	_
14	این	این	_	_	_
15	حضور	حضور	_	_	_
16	میلیونی	میلیونی	_	_	_
17	زائران	زائر	_	_	_
18	اربعین	اربعین	_	_	_
19	زمینه	زمینه	_	_	_
20	ساز	ساز	_	_	_
21	همین	همین	_	_	_
22	فرمایش	فرمایش	_	_	_
23	ایشان	ایشان	_	_	_
24	است	اس	_	_	_
25	.	.	_	_	_

0	وی	وی	_	_	_
1	با	با	_	_	_
2	اشاره	اشاره	_	_	_
3	به	به	_	_	_
4	اینکه	اینکه	_	_	_
5	حماسه	حماسه	_	_	_
6	پیاده‌روی	پیاده‌روی	_	_	_
7	اربعین	اربعین	_	_	_
8	انقدر	انقدر	_	_	_
9	عظیم	عظیم	_	_	_
10	است	اس	_	_	_
11	که	که	_	_	_
12	هیچ	هیچ	_	_	_
13	گروه	گروه	_	_	_
14	و	و	_	_	_
15	دولتی	دولتی	_	_	_
16	نمی‌تواند	توانست&توان	_	_	_
17	مدعی	مدعی	_	_	_
18	باشد	باشد	_	_	_
19	که	که	_	_	_
20	به	به	_	_	_
21	تنهایی	تنهایی	_	_	_
22	این	این	_	_	_
23	حضور	حضور	_	_	_
24	میلیونی	میلیونی	_	_	_
25	را	را	_	_	_
26	اداره	اداره	_	_	_
27	می‌کند	کرد&کن	_	_	_
28	،	،	_	_	_
29	افزود	افزود&افزا	_	_	_
30	:	:	_	_	_

0	این	این	_	_	_
1	حماسه	حماسه	_	_	_
2	عظیم	عظیم	_	_	_
3	یک	یک	_	_	_
4	حرکت	حرکت	_	_	_
5	مردمی	مردمی	_	_	_
6	است	اس	_	_	_
7	که	که	_	_	_
8	خود	خود	_	_	_
9	مردم	مردم	_	_	_
10	آن	آن	_	_	_
11	را	را	_	_	_
12	اداره	اداره	_	_	_
13	می‌کنند	کرد&کن	_	_	_
14	.	.	_	_	_

0	حجت	حجت	_	_	_
1	الاسلام	الاسلام	_	_	_
2	نجفی	نجفی	_	_	_
3	با	با	_	_	_
4	بیان	بیان	_	_	_
5	اینکه	اینکه	_	_	_
6	در	در	_	_	_
7	بازدید	بازدید	_	_	_
8	از	از	_	_	_
9	موکب‌ها	موکب‌ها	_	_	_
10	دیدیم	دید&بین	_	_	_
11	که	که	_	_	_
12	خادمان	خادم	_	_	_
13	و	و	_	_	_
14	زائران	زائر	_	_	_
15	با	با	_	_	_
16	تمام	تمام	_	_	_
17	مشکلات	مشکلات	_	_	_
18	از	از	_	_	_
19	اقتصادی	اقتصادی	_	_	_
20	یا	یا	_	_	_
21	حتی	حتی	_	_	_
22	آب‌و‌هوایی	آب‌و‌هوایی	_	_	_
23	با	با	_	_	_
24	اخلاص	اخلاص	_	_	_
25	به	به	_	_	_
26	خدمت‌رسانی	خدمت‌رسانی	_	_	_
27	مشغول	مشغول	_	_	_
28	هستند	هستند	_	_	_
29	،	،	_	_	_
30	گفت	گفت	_	_	_
31	:	:	_	_	_

0	یقین	یقین	_	_	_
1	دارم	داشت&دار	_	_	_
2	که	که	_	_	_
3	پیاده‌روی	پیاده‌روی	_	_	_
4	اربعین	اربعین	_	_	_
5	امسال	امسال	_	_	_
6	از	از	_	_	_
7	سال‌های	سال	_	_	_
8	گذشته	گذشته	_	_	_
9	باشکوه‌تر	باشکوه	_	_	_
10	خواهد‌بود	بود&باش	_	_	_
11	و	و	_	_	_
12	هیچ	هیچ	_	_	_
13	کسی	کسی	_	_	_
14	اجازه	اجازه	_	_	_
15	نمی‌دهد	داد&ده	_	_	_
16	که	که	_	_	_
17	این	این	_	_	_
18	حرکت	حرکت	_	_	_
19	عظیم	عظیم	_	_	_
20	کمرنگ	کمرنگ	_	_	_
21	شود	شد&شو	_	_	_
22	.	.	_	_	_

0	نماینده	نماینده	_	_	_
1	مقام	مقام	_	_	_
2	معظم	معظم	_	_	_
3	رهبری	رهبری	_	_	_
4	در	در	_	_	_
5	کربلا	کربلا	_	_	_
6	خاطر	خاطر	_	_	_
7	نشان	نشان	_	_	_
8	کرد	کرد	_	_	_
9	:	:	_	_	_

0	خدمت	خدمت	_	_	_
1	به	به	_	_	_
2	زائران	زائر	_	_	_
3	اربعین	اربعین	_	_	_
4	هدیه	هدیه	_	_	_
5	الهی	الهی	_	_	_
6	است	اس	_	_	_
7	که	که	_	_	_
8	نصیب	نصیب	_	_	_
9	محبان	محب	_	_	_
10	اهل	اهل	_	_	_
11	بیت	بیت	_	_	_
12	(	(	_	_	_
13	ع	ع	_	_	_
14	)‌شده‌است	)‌شده‌است	_	_	_
15	.	.	_	_	_

0	خدا	خدا	_	_	_
1	را	را	_	_	_
2	شکر	شکر	_	_	_
3	که	که	_	_	_
4	پرچم	پرچم	_	_	_
5	امام	امام	_	_	_
6	حسین	حسین	_	_	_
7	(	(	_	_	_
8	ع	ع	_	_	_
9	)	)	_	_	_
10	بر	بر	_	_	_
11	سر	سر	_	_	_
12	همه	همه	_	_	_
13	ما	ما	_	_	_
14	گسترده‌شده‌است	گسترده‌شده‌است	_	_	_
15	.	.	_	_	_

0	وی	وی	_	_	_
1	ضمن	ضمن	_	_	_
2	مثبت	مثبت	_	_	_
3	ارزیابی	ارزیابی	_	_	_
4	کردن	کردن	_	_	_
5	خدمات	خدمات	_	_	_
6	ارائه‌شده‌در	ارائه‌شده‌در	_	_	_
7	موکب‌های	موکب‌های	_	_	_
8	اربعین	اربعین	_	_	_
9	گفت	گفت	_	_	_
10	:	:	_	_	_

0	از	از	_	_	_
1	همه	همه	_	_	_
2	موکب‌داران	موکب‌داران	_	_	_
3	تشکر	تشکر	_	_	_
4	و	و	_	_	_
5	سلام	سلام	_	_	_
6	مقام	مقام	_	_	_
7	معظم	معظم	_	_	_
8	رهبری	رهبری	_	_	_
9	را	را	_	_	_
10	به	به	_	_	_
11	آن‌ها	آن	_	_	_
12	ابلاغ	ابلاغ	_	_	_
13	می	می	_	_	_
14	کنم	کرد&کن	_	_	_
15	.	.	_	_	_

0	به	به	_	_	_
1	گزارش	گزارش	_	_	_
2	مهر	مهر	_	_	_
3	،	،	_	_	_
4	محمدرضا	محمدرضا	_	_	_
5	حسین‌زاده	حسین‌زاده	_	_	_
6	اظهار	اظهار	_	_	_
7	داشت	داشت	_	_	_
8	:	:	_	_	_

0	درخواست	درخواست	_	_	_
1	کردیم	کرد&کن	_	_	_
2	اگر	اگر	_	_	_
3	اجازه	اجازه	_	_	_
4	افزایش	افزایش	_	_	_
5	تعداد	تعداد	_	_	_
6	باجه‌ها	باجه‌ها	_	_	_
7	و	و	_	_	_
8	همچنین	همچنین	_	_	_
9	افزایش	افزایش	_	_	_
10	ساعات	ساعات	_	_	_
11	کار	کار	_	_	_
12	و	و	_	_	_
13	شبانه‌روزی	شبانه‌روزی	_	_	_
14	کردن	کردن	_	_	_
15	آن‌ها	آن	_	_	_
16	را	را	_	_	_
17	نمی‌دهند	داد&ده	_	_	_
18	،	،	_	_	_
19	لااقل	لااقل	_	_	_
20	اجازه	اجازه	_	_	_
21	بدهند	داد&ده	_	_	_
22	دینارهای	دینار	_	_	_
23	موجود	موجود	_	_	_
24	را	را	_	_	_
25	به	به	_	_	_
26	داخل	داخل	_	_	_
27	مرز	مرز	_	_	_
28	ایران	ایران	_	_	_
29	منتقل	منتقل	_	_	_
30	کنیم	کرد&کن	_	_	_
31	تا	تا	_	_	_
32	در	در	_	_	_
33	کشورمان	کشور	_	_	_
34	و	و	_	_	_
35	در	در	_	_	_
36	لب	لب	_	_	_
37	مرز	مرز	_	_	_
38	به	به	_	_	_
39	زائران	زائر	_	_	_
40	پرداخت	پرداخت	_	_	_
41	شود	شد&شو	_	_	_
42	که	که	_	_	_
43	متاسفانه	متاسفانه	_	_	_
44	طرف	طرف	_	_	_
45	عراقی	عراقی	_	_	_
46	با	با	_	_	_
47	این	این	_	_	_
48	پیشنهاد	پیشنهاد	_	_	_
49	هم	هم	_	_	_
50	موافقت	موافقت	_	_	_
51	نکرده	نکرده	_	_	_
52	است	اس	_	_	_
53	.	.	_	_	_

