0	فارسی	فارسی	_	_	_
1	را	را	_	_	_
2	کمی	کمی	_	_	_
3	درست‌تر	درست	_	_	_
4	می‌نویسیم	نوشت&نویس	_	_	_
5	.	.	_	_	_

0	به	به	_	_	_
1	گزارش	گزارش	_	_	_
2	ایسنا	ایسنا	_	_	_
3	سمینار	سمینار	_	_	_
4	شیمی	شیمی	_	_	_
5	آلی	آلی	_	_	_
6	از	از	_	_	_
7	امروز	امروز	_	_	_
8	۱۱	۱۱	_	_	_
9	شهریور	شهریور	_	_	_
10	۱۳۹۶	۱۳۹۶	_	_	_
11	در	در	_	_	_
12	دانشگاه	دانشگاه	_	_	_
13	علم¬وصنعت	علم¬وصنعت	_	_	_
14	ایران	ایران	_	_	_
15	آغاز	آغاز	_	_	_
16	به	به	_	_	_
19	کار	کار	_	_	_
20	کرد	کرد	_	_	_
20	.	.	_	_	_

0	این	این	_	_	_
1	سمینار	سمینار	_	_	_
2	تا	تا	_	_	_
3	۱۳	۱۳	_	_	_
4	شهریور	شهریور	_	_	_
5	ادامه	ادامه	_	_	_
6	می‌یابد	یافت&یاب	_	_	_
7	.	.	_	_	_

0	رئیس	رئیس	_	_	_
1	سازمان	سازمان	_	_	_
2	 برنامه	 برنامه	_	_	_
3	و	و	_	_	_
4	بودجه	بودجه	_	_	_
5	،	،	_	_	_
6	برنامه	برنامه	_	_	_
7	جامع	جامع	_	_	_
8	دولت	دولت	_	_	_
9	مشتمل	مشتمل	_	_	_
10	بر	بر	_	_	_
11	۱۲	۱۲	_	_	_
12	بسته	بسته	_	_	_
13	برای	برای	_	_	_
14	خنثی‌سازی	خنثی‌سازی	_	_	_
15	و	و	_	_	_
16	تقلیل	تقلیل	_	_	_
17	تحریم‌های	تحریم	_	_	_
18	آمریکا	آمریکا	_	_	_
19	را	را	_	_	_
20	تشریح	تشریح	_	_	_
21	کرد	کرد	_	_	_
22	.	.	_	_	_

0	خانه	خانه	_	_	_
1	ملت	ملت	_	_	_
2	نوشت	نوشت	_	_	_
3	:	:	_	_	_

0	محمدباقر	محمدباقر	_	_	_
1	نوبخت	نوبخت	_	_	_
2	رئیس	رئیس	_	_	_
3	سازمان	سازمان	_	_	_
4	برنامه	برنامه	_	_	_
5	و	و	_	_	_
6	بودجه	بودجه	_	_	_
7	در	در	_	_	_
8	نشست	نشست	_	_	_
9	مشترک	مشترک	_	_	_
10	رؤسای	رؤسای	_	_	_
11	کمیسیون‌های	کمیسیون	_	_	_
12	تخصصی	تخصصی	_	_	_
13	مجلس	مجلس	_	_	_
14	با	با	_	_	_
15	بیان	بیان	_	_	_
16	اینکه	اینکه	_	_	_
17	از	از	_	_	_
18	زمان	زمان	_	_	_
19	مشخص	مشخص	_	_	_
20	شدن	شدن	_	_	_
21	اعمال	عمل	_	_	_
22	تحریم‌های	تحریم	_	_	_
23	۹۰	۹۰	_	_	_
24	روزه	روزه	_	_	_
25	و	و	_	_	_
26	۱۸۰	۱۸۰	_	_	_
27	روزه	روزه	_	_	_
28	آمریکا	آمریکا	_	_	_
29	علیه	علیه	_	_	_
30	ایران	ایران	_	_	_
31	سازمان	سازمان	_	_	_
32	برنامه	برنامه	_	_	_
33	و	و	_	_	_
34	بودجه	بودجه	_	_	_
35	به	به	_	_	_
36	صورت	صورت	_	_	_
37	دقیق	دقیق	_	_	_
38	حوزه‌های	حوزه	_	_	_
39	این	این	_	_	_
40	تحریم‌ها	تحریم	_	_	_
41	را	را	_	_	_
42	مشخص	مشخص	_	_	_
43	کرد	کرد	_	_	_
44	،	،	_	_	_
45	گفت	گفت	_	_	_
46	:	:	_	_	_

0	برای	برای	_	_	_
1	خنثی‌سازی	خنثی‌سازی	_	_	_
2	و	و	_	_	_
3	به	به	_	_	_
4	حداقل	حداقل	_	_	_
5	رسیدن	رسیدن	_	_	_
6	این	این	_	_	_
7	تحریم‌ها	تحریم	_	_	_
8	یک	یک	_	_	_
9	برنامه	برنامه	_	_	_
10	جامع	جامع	_	_	_
11	مشتمل	مشتمل	_	_	_
12	بر	بر	_	_	_
13	۱۲	۱۲	_	_	_
14	بسته	بسته	_	_	_
15	در	در	_	_	_
16	سازمان	سازمان	_	_	_
17	طراحی	طراحی	_	_	_
18	و	و	_	_	_
19	مشخص	مشخص	_	_	_
20	شد	شد	_	_	_
21	که	که	_	_	_
22	هر	هر	_	_	_
23	یک	یک	_	_	_
24	از	از	_	_	_
25	دستگاه‌های	دستگاه	_	_	_
26	موجود	موجود	_	_	_
27	در	در	_	_	_
28	وزارتخانه‌ها	وزارتخانه	_	_	_
29	با	با	_	_	_
30	اعمال	عمل	_	_	_
31	تحریم‌های	تحریم	_	_	_
32	۹۰	۹۰	_	_	_
33	روزه	روزه	_	_	_
34	و	و	_	_	_
35	۱۸۰	۱۸۰	_	_	_
36	روزه	روزه	_	_	_
37	چه	چه	_	_	_
38	آسیب‌هایی	آسیب	_	_	_
39	می‌بینند	دید&بین	_	_	_
40	و	و	_	_	_
41	در	در	_	_	_
42	کوتاه‌مدت	کوتاه‌مدت	_	_	_
43	،	،	_	_	_
44	میان‌مدت	میان‌مدت	_	_	_
45	و	و	_	_	_
46	بلندمدت	بلندمدت	_	_	_
47	باید	باید	_	_	_
48	چه	چه	_	_	_
49	برنامه‌هایی	برنامه	_	_	_
50	اعمال	عمل	_	_	_
51	شود	شد&شو	_	_	_
52	که	که	_	_	_
53	تکلیف	تکلیف	_	_	_
54	وزارت	وزارت	_	_	_
55	خانه‌ها	خانه	_	_	_
56	در	در	_	_	_
57	این	این	_	_	_
58	حوزه	حوزه	_	_	_
59	مشخص	مشخص	_	_	_
60	شد	شد	_	_	_
61	.	.	_	_	_

0	جوانی	جوانی	_	_	_
1	از	از	_	_	_
2	یک	یک	_	_	_
3	خانواده	خانواده	_	_	_
4	فقیر	فقیر	_	_	_
5	(	(	_	_	_
6	فرخ	فرخ	_	_	_
7	)	)	_	_	_
8	دل‌باخته	دل‌باخته	_	_	_
9	دختر	دختر	_	_	_
10	عمه‌اش	عمه‌اش	_	_	_
11	(	(	_	_	_
12	مهین	مه	_	_	_
13	)	)	_	_	_
14	از	از	_	_	_
15	خانواده‌ای	خانواده	_	_	_
16	اشرافی	اشرافی	_	_	_
17	و	و	_	_	_
18	متعین	متعین	_	_	_
19	است	اس	_	_	_
20	.	.	_	_	_

0	پدر	پدر	_	_	_
1	مهین	مه	_	_	_
2	به	به	_	_	_
3	سودای	سودا	_	_	_
4	مال	مال	_	_	_
5	و	و	_	_	_
6	مقام	مقام	_	_	_
7	درصدد	درصدد	_	_	_
8	است	اس	_	_	_
9	دختر	دختر	_	_	_
10	را	را	_	_	_
11	به	به	_	_	_
12	خواستگار	خواستگار	_	_	_
13	ثروتمند	ثروتمند	_	_	_
14	(	(	_	_	_
15	سیاوش¬میرزا	سیاوش¬میرزا	_	_	_
16	)	)	_	_	_
17	بدهد	داد&ده	_	_	_
18	.	.	_	_	_

0	با	با	_	_	_
1	طرح	طرح	_	_	_
2	توطئه‌ای	توطئه	_	_	_
3	فرخ	فرخ	_	_	_
4	را	را	_	_	_
5	دستگیر	دستگیر	_	_	_
6	کرده	کرده	_	_	_
7	و	و	_	_	_
8	به	به	_	_	_
9	تبعید	تبعید	_	_	_
10	می‌فرستند	فرستاد&فرست	_	_	_
11	.	.	_	_	_

0	فرخ	فرخ	_	_	_
1	که	که	_	_	_
2	در	در	_	_	_
3	این	این	_	_	_
4	دستگاه	دستگاه	_	_	_
5	سمت	سمت	_	_	_
6	مهمی	مهم	_	_	_
7	دارد	داشت&دارد	_	_	_
8	،	،	_	_	_
9	ظاهراً	ظاهراً	_	_	_
10	به	به	_	_	_
11	آرمان	آرمان	_	_	_
12	خود	خود	_	_	_
13	برای	برای	_	_	_
14	مبارزه	مبارزه	_	_	_
15	با	با	_	_	_
16	فساد	فساد	_	_	_
17	نائل	نائل	_	_	_
18	شده¬است	شده¬است	_	_	_
19	.	.	_	_	_

0	وی	وی	_	_	_
1	با	با	_	_	_
2	بیان	بیان	_	_	_
3	اینکه	اینکه	_	_	_
4	نقدینگی	نقدینگی	_	_	_
5	قابل	قابل	_	_	_
6	ملاحظه‌ای	ملاحظه	_	_	_
7	در	در	_	_	_
8	کشور	کشور	_	_	_
9	وجود	وجود	_	_	_
10	دارد	داشت&دارد	_	_	_
11	که	که	_	_	_
12	مهار	مهار	_	_	_
13	نقدینگی	نقدینگی	_	_	_
14	و	و	_	_	_
15	هدایت	هدایت	_	_	_
16	آن	آن	_	_	_
17	یکی	یکی	_	_	_
18	از	از	_	_	_
19	بسته‌های	بسته	_	_	_
20	دولت	دولت	_	_	_
21	در	در	_	_	_
22	نظر	نظر	_	_	_
23	گرفته¬شد	گرفته¬شد	_	_	_
24	،	،	_	_	_
25	افزود	افزود&افزا	_	_	_
26	:	:	_	_	_

0	۷۶	۷۶	_	_	_
1	هزار	هزار	_	_	_
2	پروژه	پروژه	_	_	_
3	ناتمام	ناتمام	_	_	_
4	در	در	_	_	_
5	کشور	کشور	_	_	_
6	وجود	وجود	_	_	_
7	دارد	داشت&دارد	_	_	_
8	که	که	_	_	_
9	دربسته	دربسته	_	_	_
10	دیگری	دیگری	_	_	_
11	در	در	_	_	_
12	کشور	کشور	_	_	_
13	مشخص	مشخص	_	_	_
14	شد	شد	_	_	_
15	که	که	_	_	_
16	چه	چه	_	_	_
17	راهکارهایی	راهکار	_	_	_
18	برای	برای	_	_	_
19	اتمام	اتمام	_	_	_
20	پروژه‌های	پروژه	_	_	_
21	مهم	مهم	_	_	_
22	باید	باید	_	_	_
23	اتخاذ	اتخاذ	_	_	_
24	شود	شد&شو	_	_	_
25	و	و	_	_	_
26	مدلی	مدل	_	_	_
27	در	در	_	_	_
28	قالب	قالب	_	_	_
29	مشارکت	مشارکت	_	_	_
30	عمومی	عمومی	_	_	_
31	خصوصی	خصوصی	_	_	_
32	و	و	_	_	_
33	در	در	_	_	_
34	یک	یک	_	_	_
35	بسته	بسته	_	_	_
36	تهیه	تهیه	_	_	_
37	شد	شد	_	_	_
38	.	.	_	_	_

0	گاهی	گاهی	_	_	_
1	رویدادهایی	رویداد	_	_	_
2	موجب	موجب	_	_	_
3	می‌شود	شد&شو	_	_	_
4	شما	شما	_	_	_
5	منطق	منطق	_	_	_
6	خود	خود	_	_	_
7	را	را	_	_	_
8	ازدست	ازدست	_	_	_
9	بدهید	داد&ده	_	_	_
10	وگرنه	وگرنه	_	_	_

0	دلیل	دلیل	_	_	_
1	برای	برای	_	_	_
2	ازدست	ازدست	_	_	_
3	دادن	دادن	_	_	_
4	آن	آن	_	_	_
5	ندارید	داشت&دار	_	_	_
6	.	.	_	_	_

0	«	«	_	_	_
1	چنآنچه	چنآنچه	_	_	_
2	واکنش	واکنش	_	_	_
3	نابهنجار	نابهنجار	_	_	_
4	دربرابر	دربرابر	_	_	_
5	موقعیت	موقعیت	_	_	_
6	نابهنجار	نابهنجار	_	_	_
7	،	،	_	_	_
8	رفتار	رفتار	_	_	_
9	طبیعی	طبیعی	_	_	_
10	به¬شمار	به¬شمار	_	_	_
11	می‌رود	رفت&رو	_	_	_
12	.	.	_	_	_

0	ما	ما	_	_	_
1	روانپزشکان	روانپزشک	_	_	_
2	حتی	حتی	_	_	_
3	انتظار	انتظار	_	_	_
4	این	این	_	_	_
5	را	را	_	_	_
6	داریم	داشت&دار	_	_	_
7	که	که	_	_	_
8	واکنش‌های	واکنش	_	_	_
9	یک	یک	_	_	_
10	فرد	فرد	_	_	_
11	دربرابر	دربرابر	_	_	_
12	یک	یک	_	_	_
13	امر	امر	_	_	_
14	نابهنجار	نابهنجار	_	_	_
15	،	،	_	_	_
16	ازقبیل	ازقبیل	_	_	_
17	فرستادن	فرستادن	_	_	_
18	به	به	_	_	_
19	تیمارستان	تیمارستان	_	_	_
20	،	،	_	_	_
21	به	به	_	_	_
22	نسبت	نسبت	_	_	_
23	درجه	درجه	_	_	_
24	بهنجار	بهنجار	_	_	_
25	بودن	بودن	_	_	_
26	او	او	_	_	_
27	نابهنجار	نابهنجار	_	_	_
28	باشد	باشد	_	_	_
29	.	.	_	_	_

0	واکنش	واکنش	_	_	_
1	فردی	فردی	_	_	_
2	که	که	_	_	_
3	به	به	_	_	_
4	اردوگاه	اردوگاه	_	_	_
5	کار	کار	_	_	_
6	اجباری	اجباری	_	_	_
7	وارد	وارد	_	_	_
8	شده¬است	شده¬است	_	_	_
9	نیز	نیز	_	_	_
10	وضع	وضع	_	_	_
11	نابهنجار	نابهنجار	_	_	_
12	ذهنی	ذهنی	_	_	_
13	او	او	_	_	_
14	را	را	_	_	_
15	نشان	نشان	_	_	_
16	می‌دهد	داد&ده	_	_	_
17	.	.	_	_	_

0	صبح	صبح	_	_	_
1	زود	زود	_	_	_
2	،	،	_	_	_
3	وقتی‌که	وقتی‌که	_	_	_
4	هوا	هوا	_	_	_
5	هنوز	هنوز	_	_	_
6	گرگ‌ومیش	گرگ‌ومیش	_	_	_
7	بود	بود&باش	_	_	_
8	زندانی	زندانی	_	_	_
9	با	با	_	_	_
10	گروهش	گروه	_	_	_
11	جلوی	جلوی	_	_	_
12	در	در	_	_	_
13	‌می‌ایستاد	ایستاد&ایست	_	_	_
14	و	و	_	_	_
15	آماده	آماده	_	_	_
16	کار	کار	_	_	_
17	بود	بود&باش	_	_	_
18	.	.	_	_	_

0	با	با	_	_	_
1	شنیدن	شنیدن	_	_	_
2	صدای	صدا	_	_	_
3	فریادی	فریاد	_	_	_
4	،	،	_	_	_
5	می‌دید	دید&بین	_	_	_
6	که	که	_	_	_
7	چگونه	چگونه	_	_	_
8	رفیقی	رفیق	_	_	_
9	را	را	_	_	_
10	نقش	نقش	_	_	_
11	زمین	زمین	_	_	_
12	می‌کنند	کرد&کن	_	_	_
13	و	و	_	_	_
14	دیگربار	دیگربار	_	_	_
15	او	او	_	_	_
16	را	را	_	_	_
17	می‌ایستانند	می‌ایستانند	_	_	_
18	و	و	_	_	_
19	باز	باز	_	_	_
20	هم	هم	_	_	_
21	اینکار	اینکار	_	_	_
22	تکرار	تکرار	_	_	_
23	می‌شود	شد&شو	_	_	_
24	،	،	_	_	_
25	چرا	چرا	_	_	_
26	چنین	چنین	_	_	_
27	می‌کردند	کرد&کن	_	_	_
28	؟	؟	_	_	_

0	برای	برای	_	_	_
1	اینکه	اینکه	_	_	_
2	تب	تب	_	_	_
3	داشت	داشت	_	_	_
4	و	و	_	_	_
5	بی‌موقع	موقع	_	_	_
6	به	به	_	_	_
7	درمانگاه	درمانگاه	_	_	_
8	رفته¬بود	رفته¬بود	_	_	_
9	و	و	_	_	_
10	به	به	_	_	_
11	خاطر	خاطر	_	_	_
12	همین‌که	همین‌که	_	_	_
13	می¬خواست	می¬خواست	_	_	_
14	از	از	_	_	_
15	وظایف	وظیفه	_	_	_
15	روزانه‌اش	روزانه‌اش	_	_	_
17	رها	رها	_	_	_
18	شود	شد&شو	_	_	_
19	تنبیه	تنبیه	_	_	_
20	می‌شد	شد&شو	_	_	_
21	.	.	_	_	_

0	اینبار	اینبار	_	_	_
1	نتونستم	نتونستم	_	_	_
2	جلوی	جلوی	_	_	_
3	خندم	خندید&خند	_	_	_
4	رو	رو	_	_	_
5	بگیرم	گرفت&گیر	_	_	_
6	یه	یه	_	_	_
7	دونه	دونه	_	_	_
8	با	با	_	_	_
9	مشت	مشت	_	_	_
10	ناخودآگاه	ناخودآگاه	_	_	_
11	زدم	زد&زن	_	_	_
12	به	به	_	_	_
13	بازوش	بازو	_	_	_
14	که	که	_	_	_
15	با	با	_	_	_
16	یه	یه	_	_	_
17	لبخند	لبخند	_	_	_
18	مرموذی	مرموذی	_	_	_
19	نگام	نگام	_	_	_
20	کرد	کرد	_	_	_
21	.	.	_	_	_

0	پایه‌ی	پایه	_	_	_
1	یه	یه	_	_	_
2	دور	دور	_	_	_
3	دور	دور	_	_	_
4	هستی	هستی	_	_	_
5	؟	؟	_	_	_

0	؟	؟	_	_	_

0	؟	؟	_	_	_

0	!	!	_	_	_

0	!	!	_	_	_

0	!	!	_	_	_

0	خندیدم	خندید&خند	_	_	_
1	و	و	_	_	_
2	سرمو	سرمو	_	_	_
3	با	با	_	_	_
3	ذوق	ذوق	_	_	_
5	تکون	تکون	_	_	_
5	دادم	داد&ده	_	_	_
7	و	و	_	_	_
8	پریدم	پرید&پر	_	_	_
9	بالا	بالا	_	_	_
10	و	و	_	_	_
11	شروع	شروع	_	_	_
12	کردم	کرد&کن	_	_	_
12	روندن	روندن	_	_	_
14	.	.	_	_	_
15	.	.	_	_	_
16	.	.	_	_	_
17	راهنماییم	راهنمایی	_	_	_
18	کرد	کرد	_	_	_
19	تا	تا	_	_	_
20	رفتیم	رفت&رو	_	_	_
21	سمت	سمت	_	_	_
22	سعادت‌آباد	سعادت‌آباد	_	_	_
23	و	و	_	_	_
24	کنار	کنار	_	_	_
25	آبمیوه‌فروشی	آبمیوه‌فروشی	_	_	_
26	ایستادیم	ایستاد&ایست	_	_	_
27	.	.	_	_	_

0	شب	شب	_	_	_
1	بود	بود&باش	_	_	_
2	ستارگان	ستاره	_	_	_
3	در	در	_	_	_
4	آسمان	آسمان	_	_	_
5	می	می	_	_	_
6	خشنیدند	خشنیدند	_	_	_
7	،	،	_	_	_
8	از	از	_	_	_
9	کاربر	کاربر	_	_	_
10	برمی‌گشتم	برمی‌گشتم	_	_	_
11	که	که	_	_	_
12	برای	برای	_	_	_
13	خانه	خانه	_	_	_
14	نان	نان	_	_	_
15	و	و	_	_	_
16	نار	نار	_	_	_
17	خرید	خرید	_	_	_
18	کردم	کرد&کن	_	_	_
19	.	.	_	_	_

0	ساعت	ساعت	_	_	_
1	13:2	13:2	_	_	_
2	ب.ظ	ب.ظ	_	_	_
3	هر	هر	_	_	_
4	جایی	جایی	_	_	_
5	را	را	_	_	_
6	گشتم	گشت&گرد	_	_	_
7	نبود	نبود	_	_	_
8	و	و	_	_	_
9	دربه‌در	دربه‌در	_	_	_
10	دنبال	دنبال	_	_	_
11	آن	آن	_	_	_
12	بودم	بود&باش	_	_	_
13	.	.	_	_	_

0	کوچ¬نشینان	کوچ¬نشینان	_	_	_
1	به	به	_	_	_
2	ییلاق	ییلاق	_	_	_
3	کوچ	کوچ	_	_	_
4	کردند	کرد&کن	_	_	_
5	در	در	_	_	_
6	مسیر	مسیر	_	_	_
7	بودند	بود&باش	_	_	_
8	طوفان	طوفان	_	_	_
9	شن	شن	_	_	_
10	شروع	شروع	_	_	_
11	شد	شد	_	_	_
12	،	،	_	_	_
13	در	در	_	_	_
14	طوفان	طوفان	_	_	_
15	گیر	گیر	_	_	_
16	کردند	کرد&کن	_	_	_
17	.	.	_	_	_

0	صبح	صبح	_	_	_
1	شد	شد	_	_	_
2	هوا	هوا	_	_	_
3	آروم	آروم	_	_	_
4	شده¬بود	شده¬بود	_	_	_
5	اما	اما	_	_	_
6	گوسفندان	گوسفند	_	_	_
7	همه	همه	_	_	_
8	پراکنده	پراکنده	_	_	_
9	شده¬بودند	شده¬بودند	_	_	_
10	.	.	_	_	_

0	زمان	زمان	_	_	_
1	جانشینی	جانشینی	_	_	_
2	فرا	فرا	_	_	_
3	رسید	رسید	_	_	_
4	برادر	برادر	_	_	_
5	در	در	_	_	_
5	برابر	برابر	_	_	_
7	برادر	برادر	_	_	_
8	قرار	قرار	_	_	_
9	گرفته¬بود	گرفته¬بود	_	_	_
10	.	.	_	_	_

0	مادر	مادر	_	_	_
1	برای	برای	_	_	_
2	خرید	خرید	_	_	_
3	پرده	پرده	_	_	_
4	به	به	_	_	_
5	پرده‌سرا	پرده‌سرا	_	_	_
6	رفت	رفت	_	_	_
7	ولی	ولی	_	_	_
8	پرده‌ی	پرده	_	_	_
9	خوبی	خوبی	_	_	_
10	پیدا	پیدا	_	_	_
11	نکرد	کرد&کن	_	_	_
12	.	.	_	_	_

0	درصورتی‌که	درصورتی‌که	_	_	_
1	حجم	حجم	_	_	_
2	حافظه	حافظه	_	_	_
3	10	10	_	_	_
4	ترابایت	ترابایت	_	_	_
5	یا	یا	_	_	_
6	15	15	_	_	_
7	ترابایت	ترابایت	_	_	_
8	باشد	باشد	_	_	_
9	عالی	عالی	_	_	_
10	می‌شود	شد&شو	_	_	_
11	در	در	_	_	_
12	غیر	غیر	_	_	_
13	این	این	_	_	_
14	صورت	صورت	_	_	_
15	قابل	قابل	_	_	_
16	‌استفاده	‌استفاده	_	_	_
17	نمی‌باشد	بود&باش	_	_	_
18	.	.	_	_	_

0	کسب‌وکار	کسب‌وکار	_	_	_
1	در	در	_	_	_
2	اقتصاد	اقتصاد	_	_	_
3	سرمایه‌داری	سرمایه‌داری	_	_	_
4	حکم	حکم	_	_	_
5	فرماست	فرماست	_	_	_
6	،	،	_	_	_
7	بیشتر	بیشتر	_	_	_
8	کسب	کسب	_	_	_
9	و	و	_	_	_
10	کارها	کارها	_	_	_
11	که	که	_	_	_
12	مالک	مالک	_	_	_
13	آن‌ها	آن	_	_	_
14	بخش	بخش	_	_	_
15	خصوصی	خصوصی	_	_	_
16	است	اس	_	_	_
17	برای	برای	_	_	_
18	این	این	_	_	_
19	ایجاد	ایجاد	_	_	_
20	شده‌اند	شد&شو	_	_	_
21	که	که	_	_	_
22	سودساز	سودساز	_	_	_
23	باشند	باشند	_	_	_
24	و	و	_	_	_
25	دارایی	دارایی	_	_	_
26	صاحب‌شان	صاحب	_	_	_
27	را	را	_	_	_
28	بیشتر	بیشتر	_	_	_
29	کنند	کرد&کن	_	_	_
30	.	.	_	_	_

0	کسب	کسب	_	_	_
1	و	و	_	_	_
2	کارها	کارها	_	_	_
3	می‌توانند	توانست&توان	_	_	_
4	نا	نا	_	_	_
5	سودبر	سودبر	_	_	_
6	باشند	باشند	_	_	_
7	یا	یا	_	_	_
8	مالک	مالک	_	_	_
9	آن‌ها	آن	_	_	_
10	دولت	دولت	_	_	_
11	باشد	باشد	_	_	_
12	.	.	_	_	_

0	از	از	_	_	_
1	کسب	کسب	_	_	_
2	و	و	_	_	_
3	کاری	کاری	_	_	_
4	که	که	_	_	_
5	چندین	چندین	_	_	_
6	فرد	فرد	_	_	_
7	در	در	_	_	_
8	دارایی	دارایی	_	_	_
9	آن	آن	_	_	_
10	شریک	شریک	_	_	_
11	باشند	باشند	_	_	_
12	با	با	_	_	_
13	عنوان	عنوان	_	_	_
14	شرکت	شرکت	_	_	_
15	یاد	یاد	_	_	_
17	برده	برده	_	_	_
18	می‌شود	شد&شو	_	_	_

19	،	،	_	_	_
20	هرچندکه	هرچندکه	_	_	_
21	این	این	_	_	_
22	واژه	واژه	_	_	_
23	تعریف	تعریف	_	_	_
24	دقیق‌تری	دقیق‌تری	_	_	_
25	نیز	نیز	_	_	_
26	دارد	داشت&دارد	_	_	_
27	.	.	_	_	_

0	پترس	پترس	_	_	_
1	و	و	_	_	_
2	پلومن	پلومن	_	_	_
3	،	،	_	_	_
4	از	از	_	_	_
5	صاحب	صاحب	_	_	_
6	نظران	نظر	_	_	_
7	این	این	_	_	_
8	حوزه	حوزه	_	_	_
9	،	،	_	_	_
10	بر	بر	_	_	_
11	این	این	_	_	_
12	باورند	باورند	_	_	_
13	که	که	_	_	_
14	هر	هر	_	_	_
15	نوع	نوع	_	_	_
16	خریدوفروش	خریدوفروش	_	_	_
17	کسب‌وکار	کسب‌وکار	_	_	_
18	نیست	نیست	_	_	_
19	،	،	_	_	_
20	بلکه	بلکه	_	_	_
21	کسب‌وکار	کسب‌وکار	_	_	_
22	هر	هر	_	_	_
23	نوع	نوع	_	_	_
24	تبادل	تبادل	_	_	_
25	تکرار	تکرار	_	_	_
26	شونده	شونده	_	_	_
27	و	و	_	_	_
28	تجدیدپذیر	تجدیدپذیر	_	_	_
29	است	اس	_	_	_
30	.	.	_	_	_

0	صدها	صدها	_	_	_
1	تن	تن	_	_	_
2	از	از	_	_	_
3	مردها	مرد	_	_	_
4	به	به	_	_	_
5	بیگاری	بیگاری	_	_	_
6	کشیده¬شدند	کشیده¬شدند	_	_	_
7	و	و	_	_	_
8	به	به	_	_	_
9	ده‌ها	ده	_	_	_
10	زن	زن	_	_	_
11	تجاوز	تجاوز	_	_	_
12	شد	شد	_	_	_
13	.	.	_	_	_

0	فروشندگان	فروشنده	_	_	_
1	کالاهایی	کالا	_	_	_
2	را	را	_	_	_
3	که	که	_	_	_
4	به	به	_	_	_
5	فروش	فروش	_	_	_
6	نمی‌رسند	رسید&رس	_	_	_
7	با	با	_	_	_
8	قیمت	قیمت	_	_	_
9	پایین‌تر	پایین	_	_	_
10	به	به	_	_	_
11	حراج	حراج	_	_	_
12	می‌گذارند	گذاشت&گذار	_	_	_
13	.	.	_	_	_

0	علاوه‌براین	علاوه‌براین	_	_	_
1	اجناس	اجناس	_	_	_
2	که	که	_	_	_
3	سال‌ها	سال	_	_	_
4	پیش	پیش	_	_	_
4	‌فروش	فروخت&فروش	_	_	_
5	نرفته‌اند	رفت&رو	_	_	_
6	هم	هم	_	_	_
7	در	در	_	_	_
8	این	این	_	_	_
9	حراج	حراج	_	_	_
10	وجود	وجود	_	_	_
11	دارند	داشت&دار	_	_	_
12	.	.	_	_	_

0	سرورهای	سرور	_	_	_
1	گوگل	گوگل	_	_	_
2	کیلوترابایت	کیلوترابایت	_	_	_
3	حافظه	حافظه	_	_	_
4	دارند	داشت&دار	_	_	_
5	.	.	_	_	_

0	بت‌پرست	بت‌پرست	_	_	_
1	پیر	پیر	_	_	_
1	اهن	اهن	_	_	_
2	را	را	_	_	_
3	تکه‌تکه	تکه‌تکه	_	_	_
4	کرد	کرد	_	_	_
5	.	.	_	_	_

0	به	به	_	_	_
1	گزارش	گزارش	_	_	_
2	شبکه	شبکه	_	_	_
3	ان¬بی¬سی	ان¬بی¬سی	_	_	_
4	نیوز	نیوز	_	_	_
5	قایق‌های	قایق	_	_	_
6	تندروی	تندروی	_	_	_
7	نیروی	نیرو	_	_	_
8	دریایی	دریایی	_	_	_
9	ایران	ایران	_	_	_
10	در	در	_	_	_
11	آب‌های	آب	_	_	_
12	خلیج‌فارس	خلیج‌فارس	_	_	_
13	به	به	_	_	_
14	ناو	ناو	_	_	_
15	آمریکایی	آمریکایی	_	_	_
16	اسکس	اسکس	_	_	_
17	و	و	_	_	_
18	دیگر	دیگر	_	_	_
19	کشتی‌های	کشتی	_	_	_
20	آمریکایی	آمریکایی	_	_	_
21	نزدیک	نزدیک	_	_	_
22	شده‌اند	شد&شو	_	_	_
23	.	.	_	_	_

0	درحالی‌که	درحالی‌که	_	_	_
1	ژنرال	ژنرال	_	_	_
2	جوزف	جوزف	_	_	_
3	ووتل	ووتل	_	_	_
4	فرمانده	فرمانده	_	_	_
5	مقر	مقر	_	_	_
6	مرکزی	مرکزی	_	_	_
7	ارتش	ارتش	_	_	_
8	آمریکا	آمریکا	_	_	_
9	نیز	نیز	_	_	_
10	در	در	_	_	_
11	ناو	ناو	_	_	_
12	اسکس	اسکس	_	_	_
13	بوده¬است	بوده¬است	_	_	_
14	.	.	_	_	_

0	بنابراین	بنابراین	_	_	_
1	گزارش	گزارش	_	_	_
2	قایق‌های	قایق	_	_	_
3	تندروی	تندروی	_	_	_
4	ایرانی	ایرانی	_	_	_
5	تا	تا	_	_	_
6	فاصله	فاصله	_	_	_
7	300	300	_	_	_
8	یاردی	یاردی	_	_	_
9	از	از	_	_	_
10	اسکس	اسکس	_	_	_
11	به	به	_	_	_
12	این	این	_	_	_
13	ناو	ناو	_	_	_
14	آمریکایی	آمریکایی	_	_	_
15	نزدیک	نزدیک	_	_	_
16	شده¬بودند	شده¬بودند	_	_	_
17	.	.	_	_	_

0	یک	یک	_	_	_
1	ملوان	ملوان	_	_	_
2	ایرانی	ایرانی	_	_	_
3	در	در	_	_	_
4	یک	یک	_	_	_
5	تماس	تماس	_	_	_
6	رادیویی	رادیویی	_	_	_
7	از	از	_	_	_
8	ناو	ناو	_	_	_
9	اسکس	اسکس	_	_	_
10	خواسته¬بود	خواسته¬بود	_	_	_
11	تا	تا	_	_	_
12	ملیت	ملیت	_	_	_
13	خود	خود	_	_	_
14	را	را	_	_	_
15	مشخص	مشخص	_	_	_
16	کند	کند	_	_	_
17	.	.	_	_	_

0	در	در	_	_	_
1	پاسخ	پاسخ	_	_	_
2	به	به	_	_	_
3	این	این	_	_	_
4	تماس	تماس	_	_	_
5	نیز	نیز	_	_	_
6	یک	یک	_	_	_
7	ملوان	ملوان	_	_	_
8	آمریکایی	آمریکایی	_	_	_
9	کشتی‌های	کشتی	_	_	_
10	آمریکایی‌ها	آمریکایی	_	_	_
11	را	را	_	_	_
12	برای	برای	_	_	_
13	ایران	ایران	_	_	_
14	معرفی	معرفی	_	_	_
15	کرده	کرده	_	_	_
16	و	و	_	_	_
17	توضیح	توضیح	_	_	_
18	داده¬است	داده¬است	_	_	_
19	که	که	_	_	_
20	آن‌ها	آن	_	_	_
21	در	در	_	_	_
22	حال	حال	_	_	_
23	انجام	انجام	_	_	_
24	یک	یک	_	_	_
25	ماموریت	ماموریت	_	_	_
26	دریایی	دریایی	_	_	_
27	هستند	هستند	_	_	_
28	.	.	_	_	_

0	محمدجوادظریف	محمدجوادظریف	_	_	_
1	وزیر	وزیر	_	_	_
2	امور	امور	_	_	_
3	خارجه	خارجه	_	_	_
4	ایران	ایران	_	_	_
5	نیز	نیز	_	_	_
6	پیش	پیش	_	_	_
7	‌از	‌از	_	_	_
8	این	این	_	_	_
9	در	در	_	_	_
10	یک	یک	_	_	_
11	پیام	پیام	_	_	_
12	توییتری	توییتری	_	_	_
13	تاکید	تاکید	_	_	_
14	کرده¬بود	کرده¬بود	_	_	_
15	که	که	_	_	_
16	نیروی	نیرو	_	_	_
17	دریایی	دریایی	_	_	_
18	ایران	ایران	_	_	_
19	در	در	_	_	_
20	خلیج‌فارس	خلیج‌فارس	_	_	_
21	است	اس	_	_	_
22	نه	نه	_	_	_
23	خلیج	خلیج	_	_	_
24	مکزیک	مکزیک	_	_	_
25	و	و	_	_	_
26	سؤال	سؤال	_	_	_
27	این	این	_	_	_
28	است	اس	_	_	_
29	که	که	_	_	_
30	چرا	چرا	_	_	_
31	نیروی	نیرو	_	_	_
32	دریایی	دریایی	_	_	_
33	آمریکا	آمریکا	_	_	_
34	باید	باید	_	_	_
35	جایی	جایی	_	_	_
36	هزاران	هزاران	_	_	_
37	مایل	مایل	_	_	_
38	دورتر	دور	_	_	_
39	از	از	_	_	_
40	کشورش	کشور	_	_	_
41	باشد	باشد	_	_	_
42	.	.	_	_	_

0	درحال‌حاضر	درحال‌حاضر	_	_	_
1	در	در	_	_	_
2	کشور	کشور	_	_	_
3	ما	ما	_	_	_
4	رشته‌هایی	رشته	_	_	_
5	در	در	_	_	_
6	دوره	دوره	_	_	_
7	رزیدنتی	رزیدنتی	_	_	_
8	پرطرفدار	پرطرفدار	_	_	_
9	هستند	هستند	_	_	_
10	که	که	_	_	_
11	درآمد	درآمد	_	_	_
12	بالاتری	بالاتر	_	_	_
13	دارند	داشت&دار	_	_	_
14	.	.	_	_	_

0	درواقع	درواقع	_	_	_
1	اختلاف	اختلاف	_	_	_
2	درآمدی	درآمدی	_	_	_
3	بسیار	بسیار	_	_	_
4	زیاد	زیاد	_	_	_
5	بین	بین	_	_	_
6	خود	خود	_	_	_
7	رشته‌های	رشته	_	_	_
8	تخصص	تخصص	_	_	_
9	پزشکی	پزشکی	_	_	_
10	سبب	سبب	_	_	_
11	جهتگیری	جهتگیری	_	_	_
12	انتخاب	انتخاب	_	_	_
13	رشته	رشته	_	_	_
14	داوطلبان	داوطلب	_	_	_
15	آزمون	آزمون	_	_	_
16	دستیاری	دستیار	_	_	_
17	شده¬است	شده¬است	_	_	_
18	.	.	_	_	_

0	طوری	طوری	_	_	_
1	که	که	_	_	_
2	درحال‌حاضر	درحال‌حاضر	_	_	_
3	رشته‌های	رشته	_	_	_
4	رادیولوژی	رادیولوژی	_	_	_
5	،	،	_	_	_
6	چشم	چشم	_	_	_
7	،	،	_	_	_
8	پوست	پوست	_	_	_
9	و	و	_	_	_
10	ارتوپدی	ارتوپدی	_	_	_
11	پرطرفدارترین	پرطرفدار	_	_	_
12	رشته‌ها	رشته	_	_	_
13	دربین	درب	_	_	_
14	داوطلبین	داوطلب	_	_	_
15	این	این	_	_	_
16	آزمون	آزمون	_	_	_
17	می‌باشد	بود&باش	_	_	_
18	.	.	_	_	_

0	این	این	_	_	_
1	در	در	_	_	_
2	حالی	حالی	_	_	_
3	است	اس	_	_	_
4	که	که	_	_	_
5	در	در	_	_	_
6	کشور	کشور	_	_	_
7	آمریکا	آمریکا	_	_	_
8	طبق	طبق	_	_	_
9	گزارش	گزارش	_	_	_
10	سال	سال	_	_	_
11	2011	2011	_	_	_
12	Medscape	Medscape	_	_	_
13	اختلاف	اختلاف	_	_	_
14	درآمد	درآمد	_	_	_
15	متوسط	متوسط	_	_	_
16	انواع	انواع	_	_	_
17	رشته‌های	رشته	_	_	_
18	پزشکی	پزشکی	_	_	_
19	حداکثر	حداکثر	_	_	_
20	2	2	_	_	_
21	برابر	برابر	_	_	_
22	است	اس	_	_	_
23	.	.	_	_	_

0	در	در	_	_	_
1	اینجا	اینجا	_	_	_
2	اشاره	اشاره	_	_	_
3	می‌کنم	کرد&کن	_	_	_
4	به	به	_	_	_
5	درآمد	درآمد	_	_	_
6	پزشکان	پزشک	_	_	_
7	داروساز	داروساز	_	_	_
8	داروخانه‌دار	داروخانه‌دار	_	_	_
9	که	که	_	_	_
10	به	به	_	_	_
11	مراتب	مراتب	_	_	_
12	از	از	_	_	_
13	همکاران	همکار	_	_	_
14	داروساز	داروساز	_	_	_
15	مسئول	مسئول	_	_	_
16	فنی	فنی	_	_	_
17	داروخانه	داروخانه	_	_	_
18	بیشتر	بیشتر	_	_	_
19	است	اس	_	_	_
20	و	و	_	_	_
21	تمامی	تمامی	_	_	_
22	تعرفه	تعرفه	_	_	_
23	نسخ	نسخ	_	_	_
24	و	و	_	_	_
25	سودهای	سود	_	_	_
26	دارو	دارو	_	_	_
27	و	و	_	_	_
28	جوائز	جوائز	_	_	_
29	داروئی	داروئی	_	_	_
30	و	و	_	_	_
31	.	.	_	_	_
32	.	.	_	_	_
33	.	.	_	_	_
34	رابه	رابه	_	_	_
35	جیب	جیب	_	_	_
36	خود	خود	_	_	_
37	روانه	روانه	_	_	_
38	می‌کنند	کرد&کن	_	_	_
39	و	و	_	_	_
40	همیشه	همیشه	_	_	_
41	از	از	_	_	_
42	اینکه	اینکه	_	_	_
43	وضعیت	وضعیت	_	_	_
44	درآمدی	درآمدی	_	_	_
45	مناسبی	مناسب	_	_	_
46	ندارند	داشت&دار	_	_	_
47	مینالند	نالید&نال	_	_	_
48	و	و	_	_	_
49	به	به	_	_	_
50	جرات	جرات	_	_	_
51	90	90	_	_	_
52	درصد	درصد	_	_	_
53	داروخانه	داروخانه	_	_	_
54	سوددهی	سوددهی	_	_	_
55	فوق‌العاده‌ای	فوق‌العاده‌ای	_	_	_
56	دارند	داشت&دار	_	_	_
57	.	.	_	_	_

0	سلام	سلام	_	_	_
1	به	به	_	_	_
2	همه	همه	_	_	_
3	دوستان	دوست	_	_	_
4	عزیز	عزیز	_	_	_
5	.	.	_	_	_

0	انچه	انچه	_	_	_
1	که	که	_	_	_
2	بنده	بنده	_	_	_
3	در	در	_	_	_
4	ارتباط	ارتباط	_	_	_
5	با	با	_	_	_
6	ماشین	ماشین	_	_	_
7	x22م	x22م	_	_	_
8	میخوام	میخوام	_	_	_
9	متذکر	متذکر	_	_	_
10	بشم	بش	_	_	_
11	.	.	_	_	_

0	اول	اول	_	_	_
1	اینکه	اینکه	_	_	_
2	بنده	بنده	_	_	_
3	نه	نه	_	_	_
4	فروشنده	فروشنده	_	_	_
5	هستم	هست	_	_	_
6	و	و	_	_	_
7	نه	نه	_	_	_
8	دلال	دلال	_	_	_
9	من	من	_	_	_
10	هم	هم	_	_	_
11	مثل	مثل	_	_	_
12	همه	همه	_	_	_
13	شما	شما	_	_	_
14	یک	یک	_	_	_
15	دستگاه	دستگاه	_	_	_
16	از	از	_	_	_
17	این	این	_	_	_
18	مدل	مدل	_	_	_
19	ماشین	ماشین	_	_	_
20	در	در	_	_	_
21	اواخر	اواخر	_	_	_
22	مرداد	مرداد	_	_	_
23	96	96	_	_	_
24	از	از	_	_	_
25	نمایندگی	نمایندگی	_	_	_
26	تحویل	تحویل	_	_	_
27	گرفته‌ام	گرفت&گیر	_	_	_
28	و	و	_	_	_
29	بحمدالله	بحمدالله	_	_	_
30	با	با	_	_	_
31	این	این	_	_	_
32	ماشین	ماشین	_	_	_
33	حدود	حدود	_	_	_
34	38600	38600	_	_	_
35	کیلومتر	کیلومتر	_	_	_
36	تو	تو	_	_	_
37	تمام	تمام	_	_	_
38	جاده‌های	جاده	_	_	_
39	ایران	ایران	_	_	_
40	و	و	_	_	_
41	یکبار	یکبار	_	_	_
42	به	به	_	_	_
43	اربیل	اربیل	_	_	_
44	عراق	عراق	_	_	_
45	و	و	_	_	_
46	اخیر	اخیر	_	_	_
47	هم	هم	_	_	_
48	تازه	تازه	_	_	_
49	از	از	_	_	_
50	ارمنستان	ارمنستان	_	_	_
51	با	با	_	_	_
52	این	این	_	_	_
53	ماشین	ماشین	_	_	_
54	رفت‌وآمد	رفت‌وآمد	_	_	_
55	داشته‌ام	داشت&دار	_	_	_
56	.	.	_	_	_

0	و	و	_	_	_
1	به	به	_	_	_
2	لحاظ	لحاظ	_	_	_
3	سواری	سواری	_	_	_
4	در	در	_	_	_
5	نوع	نوع	_	_	_
6	خودش	خودش	_	_	_
7	بی‌نظیر	نظیر	_	_	_
8	بوده	بوده	_	_	_
9	و	و	_	_	_
10	اصلاً	اصلاً	_	_	_
11	احساس	احساس	_	_	_
12	خستگی	خستگی	_	_	_
13	نمی‌کنی	کرد&کن	_	_	_
14	.	.	_	_	_

0	و	و	_	_	_
1	لزومی	لزوم	_	_	_
2	هم	هم	_	_	_
3	نبود	نبود	_	_	_
4	از	از	_	_	_
5	ماشین	ماشین	_	_	_
6	خودم	خودم	_	_	_
7	تعریف	تعریف	_	_	_
8	کنم	کرد&کن	_	_	_
9	.	.	_	_	_

0	بهرحال	بهرحال	_	_	_
1	هر	هر	_	_	_
2	کسی	کسی	_	_	_
3	سلیقه	سلیقه	_	_	_
4	خاص	خاص	_	_	_
5	خودش	خودش	_	_	_
6	را	را	_	_	_
7	داره	داره	_	_	_
8	.	.	_	_	_

0	یکی	یکی	_	_	_
1	میگه	میگه	_	_	_
2	ماشین	ماشین	_	_	_
3	بدی	بدی	_	_	_
4	هست	هست	_	_	_
5	و	و	_	_	_
6	یکی	یکی	_	_	_
7	میگه	میگه	_	_	_
8	ماشین	ماشین	_	_	_
9	خوب	خوب	_	_	_
10	.	.	_	_	_

0	حی‌وحاضر	حی‌وحاضر	_	_	_
1	این	این	_	_	_
2	ماشین	ماشین	_	_	_
3	در	در	_	_	_
4	نوع	نوع	_	_	_
5	خودش	خودش	_	_	_
6	بی‌نظیر	نظیر	_	_	_
7	بوده	بوده	_	_	_
8	و	و	_	_	_
9	تا	تا	_	_	_
10	الان	الان	_	_	_
11	فقط	فقط	_	_	_
12	به	به	_	_	_
13	غیراز	غیراز	_	_	_
14	روغن	روغن	_	_	_
15	و	و	_	_	_
16	فیلتر	فیلتر	_	_	_
17	چیزی	چیز	_	_	_
18	تا	تا	_	_	_
19	حال	حال	_	_	_
20	تعویض	تعویض	_	_	_
21	نکرده‌ام	کرد&کن	_	_	_
22	و	و	_	_	_
23	و	و	_	_	_
24	به	به	_	_	_
25	نسبت	نسبت	_	_	_
26	مصرف	مصرف	_	_	_
27	سوخت	سوخت	_	_	_
28	تو	تو	_	_	_
29	جاده‌های	جاده	_	_	_
30	ایران	ایران	_	_	_
31	و	و	_	_	_
32	جاده‌های	جاده	_	_	_
33	کوهستانی	کوهستانی	_	_	_
34	کشورهای	کشور	_	_	_
35	همسایه	همسایه	_	_	_
36	خیلی	خیلی	_	_	_
37	کم‌مصرف	کم‌مصرف	_	_	_
38	و	و	_	_	_
39	تو	تو	_	_	_
40	سربالایی	سربالایی	_	_	_
41	خیلی	خیلی	_	_	_
42	راحت	راحت	_	_	_
43	کشش	کشش	_	_	_
44	خوبی	خوبی	_	_	_
45	داشته	داشته	_	_	_
46	.	.	_	_	_

0	شاخص	شاخص	_	_	_
1	بازار	بازار	_	_	_
2	بورس	بورس	_	_	_
3	در	در	_	_	_
4	تمام	تمام	_	_	_
5	نقاط	نقاط	_	_	_
6	دنیا	دنیا	_	_	_
7	به	به	_	_	_
8	کف	کف	_	_	_
9	ممکن	ممکن	_	_	_
10	خودش	خودش	_	_	_
11	رسید	رسید	_	_	_
12	.	.	_	_	_

0	بعضی	بعضی	_	_	_
1	بورس‌ها	بورس	_	_	_
2	هم	هم	_	_	_
3	کلا	کلا	_	_	_
4	قهر	قهر	_	_	_
5	کردن	کردن	_	_	_
6	رفتن	رفتن	_	_	_
7	خونه‌ها¬شون	خونه‌ها¬شون	_	_	_
8	گفتن	گفتن	_	_	_
9	ما	ما	_	_	_
10	دیگه	دیگه	_	_	_
11	نمی‌تونیم	نمی‌تونیم	_	_	_
12	!	!	_	_	_

0	آخرین	آخرین	_	_	_
1	بازی	بازی	_	_	_
2	شب	شب	_	_	_
3	دوم	دوم	_	_	_
4	هفته	هفته	_	_	_
5	دهم	دهم	_	_	_
6	رقابت‌های	رقابت	_	_	_
7	لیگ	لیگ	_	_	_
8	دسته‌اول	دسته‌اول	_	_	_
9	اسپانیا	اسپانیا	_	_	_
10	(	(	_	_	_
11	لالیگا	لالیگا	_	_	_
12	)	)	_	_	_
13	با	با	_	_	_
14	برتری	برتری	_	_	_
15	خانگی	خانگی	_	_	_
16	2	2	_	_	_
17	بر	بر	_	_	_
18	صفر	صفر	_	_	_
19	تیم	تیم	_	_	_
20	فوتبال	فوتبال	_	_	_
21	اتلتیکو¬مادرید	اتلتیکو¬مادرید	_	_	_
22	مقابل	مقابل	_	_	_
23	رئال¬سوسیدار	رئال¬سوسیدار	_	_	_
24	به	به	_	_	_
25	پایان	پایان	_	_	_
26	رسید	رسید	_	_	_
27	.	.	_	_	_

0	سرمربی	سرمربی	_	_	_
1	سابق	سابق	_	_	_
2	تیم	تیم	_	_	_
3	ملی	ملی	_	_	_
4	اسپانیا	اسپانیا	_	_	_
5	با	با	_	_	_
6	رقم	رقم	_	_	_
7	زدن	زدن	_	_	_
8	یک	یک	_	_	_
9	شروع	شروع	_	_	_
10	افتضاح	افتضاح	_	_	_
11	تیمش	تیم	_	_	_
12	را	را	_	_	_
13	در	در	_	_	_
14	رده	رده	_	_	_
15	نازل	نازل	_	_	_
16	هفتم	هفتم	_	_	_
17	قرار	قرار	_	_	_
18	داده	داده	_	_	_
19	و	و	_	_	_
20	تا	تا	_	_	_
21	اینجا	اینجا	_	_	_
22	هم	هم	_	_	_
23	به	به	_	_	_
24	اصرار	اصرار	_	_	_
25	مدیر	مدیر	_	_	_
26	ورزشی	ورزشی	_	_	_
27	باشگاه	باشگاه	_	_	_
28	توسط	توسط	_	_	_
29	فلورنتینوپرس	فلورنتینوپرس	_	_	_
30	،	،	_	_	_
31	رئیس	رئیس	_	_	_
32	باشگاه	باشگاه	_	_	_
33	اخراج	اخراج	_	_	_
34	نشده¬است	نشده¬است	_	_	_
35	اما	اما	_	_	_
36	شاید	شاید	_	_	_
37	این	این	_	_	_
38	،	،	_	_	_
39	آخرین	آخرین	_	_	_
40	فرصتش	فرصت	_	_	_
41	باشد	باشد	_	_	_
42	.	.	_	_	_

0	بازیکن	بازیکن	_	_	_
1	سابق	سابق	_	_	_
2	بارسلونا	بارسلونا	_	_	_
3	می‌تواند	توانست&توان	_	_	_
4	به	به	_	_	_
5	این	این	_	_	_
6	فرصت	فرصت	_	_	_
7	به	به	_	_	_
8	دیده	دیده	_	_	_
9	مثبت	مثبت	_	_	_
10	نگاه	نگاه	_	_	_
11	کند	کند	_	_	_
12	چون	چون	_	_	_
13	رئال‌مادرید	رئال‌مادرید	_	_	_
14	هرچقدر	هرچقدر	_	_	_
15	در	در	_	_	_
16	این	این	_	_	_
17	سال‌ها	سال	_	_	_
18	ال‌کلاسیکوهای	ال‌کلاسیکوهای	_	_	_
19	خانگی	خانگی	_	_	_
20	را	را	_	_	_
21	باخته	باخته	_	_	_
22	در	در	_	_	_
23	3	3	_	_	_
24	جدال	جدال	_	_	_
25	اخیر	اخیر	_	_	_
26	در	در	_	_	_
27	نوکمپ	نوکمپ	_	_	_
28	شکست	شکست	_	_	_
29	نخورده¬است	نخورده¬است	_	_	_
30	.	.	_	_	_

0	در	در	_	_	_
1	طرف	طرف	_	_	_
2	مقابل	مقابل	_	_	_
3	بارسلونا	بارسلونا	_	_	_
4	پس‌از	پس‌از	_	_	_
5	3	3	_	_	_
6	هفته	هفته	_	_	_
7	متوالی	متوالی	_	_	_
8	ناکامی	ناکامی	_	_	_
9	در	در	_	_	_
10	کسب	کسب	_	_	_
11	پیروزی	پیروزی	_	_	_
12	به	به	_	_	_
13	اوج	اوج	_	_	_
14	برگشت	برگشت	_	_	_
15	و	و	_	_	_
16	با	با	_	_	_
17	برتری	برتری	_	_	_
18	بر	بر	_	_	_
19	سویا	سویا	_	_	_
20	صدر	صدر	_	_	_
21	جدول	جدول	_	_	_
22	را	را	_	_	_
23	در	در	_	_	_
24	اختیار	اختیار	_	_	_
25	گرفت	گرفت&گیر	_	_	_
26	اما	اما	_	_	_
27	این	این	_	_	_
28	موضوع	موضوع	_	_	_
29	به	به	_	_	_
30	قیمت	قیمت	_	_	_
31	ازدست	ازدست	_	_	_
32	دادن	دادن	_	_	_
33	لیونل¬مسی	لیونل¬مسی	_	_	_
34	،	،	_	_	_
35	ستاره‌اش	ستاره‌اش	_	_	_
36	به	به	_	_	_
37	مدت	مدت	_	_	_
38	4	4	_	_	_
39	هفته	هفته	_	_	_
40	انجامید	انجامید&انجام	_	_	_
41	و	و	_	_	_
42	حالا	حالا	_	_	_
43	بهترین	بهترین	_	_	_
44	گلزن	گلزن	_	_	_
45	تاریخ	تاریخ	_	_	_
46	ال¬کلاسیکو	ال¬کلاسیکو	_	_	_
47	در	در	_	_	_
48	این	این	_	_	_
49	نبرد	نبرد	_	_	_
50	سنتی	سنتی	_	_	_
51	غایب	غایب	_	_	_
52	است	اس	_	_	_
53	.	.	_	_	_

0	طرح‌های	طرح	_	_	_
1	ارائه‌شده	ارائه‌شده	_	_	_
2	برای	برای	_	_	_
3	مهاجرت	مهاجرت	_	_	_
4	ماشین	ماشین	_	_	_
5	مجازی	مجازی	_	_	_
6	در	در	_	_	_
7	سه	سه	_	_	_
8	بخش	بخش	_	_	_
9	طبقه‌بندی	طبقه‌بندی	_	_	_
10	شده‌اند	شد&شو	_	_	_
11	:	:	_	_	_

0	فاصله	فاصله	_	_	_
1	،	،	_	_	_
2	مسافت	مسافت	_	_	_
3	،	،	_	_	_
4	جزئیات	جزئیات	_	_	_
5	.	.	_	_	_

0	مطالعات	مطالعات	_	_	_
1	درمورد	درمورد	_	_	_
2	مهاجرت	مهاجرت	_	_	_
3	غیرزنده	غیرزنده	_	_	_
4	بسادگی	بسادگی	_	_	_
5	قابل‌انجام	قابل‌انجام	_	_	_
6	است	اس	_	_	_
7	ولی	ولی	_	_	_
8	کسانی	کسانی	_	_	_
9	که	که	_	_	_
10	برروی	برروی	_	_	_
11	مهاجرت	مهاجرت	_	_	_
12	زنده	زنده	_	_	_
13	مطالعه	مطالعه	_	_	_
14	می‌کنند	کرد&کن	_	_	_
15	،	،	_	_	_
16	بصورت	بصورت	_	_	_
17	کلی	کلی	_	_	_
18	با	با	_	_	_
19	سه	سه	_	_	_
20	چالش	چالش	_	_	_
21	اساسی	اساسی	_	_	_
22	روبرو	روبرو	_	_	_
23	می‌شوند	شد&شو	_	_	_
24	:	:	_	_	_

0	مهاجرت	مهاجرت	_	_	_
1	داده‌های	داده	_	_	_
2	حافظه	حافظه	_	_	_
3	،	،	_	_	_
4	مهاجرت	مهاجرت	_	_	_
5	داده‌های	داده	_	_	_
6	ذخیره‌شده	ذخیره‌شده	_	_	_
7	و	و	_	_	_
8	تداوم	تداوم	_	_	_
9	برقراری	برقراری	_	_	_
10	اتصال	اتصال	_	_	_
11	به	به	_	_	_
12	شبکه	شبکه	_	_	_
13	.	.	_	_	_

0	کارهایی	کار	_	_	_
1	که	که	_	_	_
2	برای	برای	_	_	_
3	تجزیه‌وتحلیل	تجزیه‌وتحلیل	_	_	_
4	عملکرد	عملکرد	_	_	_
5	و	و	_	_	_
6	کارایی	کارایی	_	_	_
7	مهاجرت	مهاجرت	_	_	_
8	ماشین	ماشین	_	_	_
9	مجازی	مجازی	_	_	_
10	انجام	انجام	_	_	_
11	شده¬است	شده¬است	_	_	_
12	،	،	_	_	_
13	نیز	نیز	_	_	_
14	ذکر	ذکر	_	_	_
15	شده¬است	شده¬است	_	_	_
16	.	.	_	_	_

0	با	با	_	_	_
1	توسعه	توسعه	_	_	_
2	و	و	_	_	_
3	تکامل	تکامل	_	_	_
4	را	را	_	_	_
5	یا	یا	_	_	_
6	نش‌ابری	نش‌ابری	_	_	_
7	،	،	_	_	_
8	تحرک	تحرک	_	_	_
9	کاربر	کاربر	_	_	_
10	،	،	_	_	_
11	یک	یک	_	_	_
12	انگیزه	انگیزه	_	_	_
13	مهم	مهم	_	_	_
14	برای	برای	_	_	_
15	مهاجرت	مهاجرت	_	_	_
16	زنده	زنده	_	_	_
17	VM	VM	_	_	_
18	در	در	_	_	_
19	برخی	برخی	_	_	_
20	از	از	_	_	_
21	سناریوها	سناریو	_	_	_
22	(	(	_	_	_
23	مانند	مانند	_	_	_
24	محاسبات	محاسبات	_	_	_
25	مه	مه	_	_	_
26	خواهد¬بود	خواهد¬بود	_	_	_
27	.	.	_	_	_

0	بنابراین	بنابراین	_	_	_
1	مطالعات	مطالعات	_	_	_
2	درمورد	درمورد	_	_	_
3	پیوند	پیوند	_	_	_
4	مهاجرت	مهاجرت	_	_	_
5	VM	VM	_	_	_
6	،	،	_	_	_
7	به	به	_	_	_
8	تحرک	تحرک	_	_	_
9	کاربران	کاربر	_	_	_
10	خلاصه	خلاصه	_	_	_
11	شده¬است	شده¬است	_	_	_
12	.	.	_	_	_

0	کاربری	کاربری	_	_	_
1	که	که	_	_	_
2	دسترسی	دسترسی	_	_	_
3	فیزیکی	فیزیکی	_	_	_
4	غیرمجاز	غیرمجاز	_	_	_
5	به	به	_	_	_
6	کامپیوتر	کامپیوتر	_	_	_
7	پیدا	پیدا	_	_	_
8	کرده¬باشد	کرده¬باشد	_	_	_
9	،	،	_	_	_
10	قادر	قادر	_	_	_
11	است	اس	_	_	_
12	اطلاعات	اطلاعات	_	_	_
13	را	را	_	_	_
14	از	از	_	_	_
15	آن	آن	_	_	_
16	کپی	کپی	_	_	_
17	کند	کند	_	_	_
18	.	.	_	_	_

0	حتی	حتی	_	_	_
1	اگر	اگر	_	_	_
2	سیستم	سیستم	_	_	_
3	باامنیت	باامنیت	_	_	_
4	استاندارد	استاندارد	_	_	_
5	حفاظت	حفاظت	_	_	_
6	شده¬باشد	شده¬باشد	_	_	_
7	،	،	_	_	_
8	حساب	حساب	_	_	_
9	کاربر	کاربر	_	_	_
10	و	و	_	_	_
11	پسورد	پسورد	_	_	_
12	او	او	_	_	_
13	را	را	_	_	_
14	می‌توان	می‌توان	_	_	_
15	با	با	_	_	_
16	گذر	گذر	_	_	_
17	از	از	_	_	_
18	این	این	_	_	_
19	مکانیسم‌ها	مکانیسم	_	_	_
20	و	و	_	_	_
21	راه‌اندازی	راه‌اندازی	_	_	_
22	سیستم‌عامل	سیستم‌عامل	_	_	_
23	دیگر	دیگر	_	_	_
24	یا	یا	_	_	_
25	ابزاری	ابزاری	_	_	_
26	از	از	_	_	_
27	CD	CD	_	_	_
28	-	-	_	_	_
29	ROM	ROM	_	_	_
30	برای	برای	_	_	_
31	راه‌اندازی	راه‌اندازی	_	_	_
32	مجدد	مجدد	_	_	_
33	پسورد	پسورد	_	_	_
34	سرپرست	سرپرست	_	_	_
35	و	و	_	_	_
36	تبدیل	تبدیل	_	_	_
37	آن	آن	_	_	_
38	به	به	_	_	_
39	رشته	رشته	_	_	_
40	null	null	_	_	_
41	،	،	_	_	_
42	به	به	_	_	_
43	دست	دست	_	_	_
44	آورد	آورد&آور	_	_	_
45	.	.	_	_	_

0	رمزگذاری	رمزگذاری	_	_	_
1	دیسک	دیسک	_	_	_
2	و	و	_	_	_
3	ماژول	ماژول	_	_	_
4	Trusted	Trusted	_	_	_
5	Platform	Platform	_	_	_
6	برای	برای	_	_	_
7	جلوگیری	جلوگیری	_	_	_
8	از	از	_	_	_
9	چنین	چنین	_	_	_
10	حمله‌¬هایی	حمله‌¬هایی	_	_	_
11	طراحی	طراحی	_	_	_
12	شده‌اند	شد&شو	_	_	_
13	.	.	_	_	_


