0	﻿دانشکده	﻿دانشکده	_	_	_
1	مدیریت	مدیریت	_	_	_
2	دانشگاه	دانشگاه	_	_	_
3	تهران	تهران	_	_	_
4	؛	؛	_	_	_
5	داده‌کاوی	داده‌کاوی	_	_	_
6	چیست	چیست	_	_	_
7	و	و	_	_	_
8	چه	چه	_	_	_
9	فایده‌ای	فایده	_	_	_
10	دارد	داشت&دارد	_	_	_
11	؟	؟	_	_	_

0	داده‌کاوی	داده‌کاوی	_	_	_
1	علم	علم	_	_	_
2	و	و	_	_	_
3	فنی	فنی	_	_	_
4	است	اس	_	_	_
5	که	که	_	_	_
6	در	در	_	_	_
7	سالهای	سال	_	_	_
8	اخیر	اخیر	_	_	_
9	و	و	_	_	_
10	با	با	_	_	_
11	گسترش	گسترش	_	_	_
12	استفاده	استفاده	_	_	_
13	از	از	_	_	_
14	فناوری	فناوری	_	_	_
15	اطلاعات	اطلاعات	_	_	_
16	و	و	_	_	_
17	سیستم‌های	سیستم	_	_	_
18	اطلاعاتی	اطلاعاتی	_	_	_
19	مورد	مورد	_	_	_
20	توجه	توجه	_	_	_
21	سازمان‌ها	سازمان	_	_	_
22	قرار	قرار	_	_	_
23	گرفت	گرفت&گیر	_	_	_
24	.	.	_	_	_

0	داده‌کاوی	داده‌کاوی	_	_	_
1	کاربردهای	کاربرد	_	_	_
2	مختلفی	مختلف	_	_	_
3	برای	برای	_	_	_
4	سازمان‌ها	سازمان	_	_	_
5	دارد	داشت&دارد	_	_	_
6	و	و	_	_	_
7	می‌تواند	توانست&توان	_	_	_
8	برای	برای	_	_	_
9	شرکت‌ها	شرکت	_	_	_
10	در‌زمینه‌های	در‌زمینه‌های	_	_	_
11	مهمی	مهم	_	_	_
12	مثل	مثل	_	_	_
13	بازاریابی	بازاریابی	_	_	_
14	و	و	_	_	_
15	فروش	فروش	_	_	_
16	بسیار	بسیار	_	_	_
17	راهگشا	راهگشا	_	_	_
18	و	و	_	_	_
19	مفید	مفید	_	_	_
20	باشد	باشد	_	_	_
21	.	.	_	_	_

0	در‌ادامه	در‌ادامه	_	_	_
1	با	با	_	_	_
2	مفهوم	مفهوم	_	_	_
3	داده	داده	_	_	_
4	و	و	_	_	_
5	اطلاعات	اطلاعات	_	_	_
6	آشنا	آشنا	_	_	_
7	میشویم	شست&شوی	_	_	_
8	و	و	_	_	_
9	سپس	سپس	_	_	_
10	با‌معنای	با‌معنای	_	_	_
11	داده‌کاوی	داده‌کاوی	_	_	_
12	و	و	_	_	_
13	کاربردهای	کاربرد	_	_	_
14	آن	آن	_	_	_
15	بیشتر	بیشتر	_	_	_
16	آشنا	آشنا	_	_	_
17	خواهیم‌شد	شد&شو	_	_	_
18	:	:	_	_	_

0	داده	داده	_	_	_
1	با‌اطلاعات	با‌اطلاعات	_	_	_
2	چه	چه	_	_	_
3	فرقی	فرق	_	_	_
4	دارد	داشت&دارد	_	_	_
5	؟	؟	_	_	_

0	بسیاری	بسیاری	_	_	_
1	از	از	_	_	_
2	مردم	مردم	_	_	_
3	به‌اشتباه	به‌اشتباه	_	_	_
4	می‌پندارند	پنداشت&پندار	_	_	_
5	که	که	_	_	_
6	داده	داده	_	_	_
7	با‌اطلاعات	با‌اطلاعات	_	_	_
8	تفاوت	تفاوت	_	_	_
9	ندارد	داشت&دار	_	_	_
10	و	و	_	_	_
11	عموما	عموما	_	_	_
12	این	این	_	_	_
13	دو	دو	_	_	_
14	واژه	واژه	_	_	_
15	را	را	_	_	_
16	به‌جای	به‌جای	_	_	_
17	هم	هم	_	_	_
18	استفاده	استفاده	_	_	_
19	می‌کنند	کرد&کن	_	_	_
20	.	.	_	_	_

0	داده	داده	_	_	_
1	می‌تواند	توانست&توان	_	_	_
2	هر	هر	_	_	_
3	نوع	نوع	_	_	_
4	از	از	_	_	_
5	کاراکتر	کاراکتر	_	_	_
6	شامل	شامل	_	_	_
7	متن	متن	_	_	_
8	،	،	_	_	_
9	عدد	عدد	_	_	_
10	،	،	_	_	_
11	کلمه	کلمه	_	_	_
12	،	،	_	_	_
13	صدا	صدا	_	_	_
14	و	و	_	_	_
15	تصویر	تصویر	_	_	_
16	باشد	باشد	_	_	_
17	و	و	_	_	_
18	در	در	_	_	_
19	صورتی	صورتی	_	_	_
20	که	که	_	_	_
21	توسط	توسط	_	_	_
22	انسان	انسان	_	_	_
23	مشاهده	مشاهده	_	_	_
24	شود	شد&شو	_	_	_
25	لزوما	لزوما	_	_	_
26	معنای	معنا	_	_	_
27	خاصی	خاصی	_	_	_
28	هم	هم	_	_	_
29	در	در	_	_	_
30	بر	بر	_	_	_
31	نخواهد‌داشت	داشت&دار	_	_	_
32	.	.	_	_	_

0	داده‌ها	داده	_	_	_
1	عموما	عموما	_	_	_
2	خام	خام	_	_	_
3	،	،	_	_	_
4	دسته‌بندی	دسته‌بندی	_	_	_
5	و	و	_	_	_
6	طبقه‌بندی	طبقه‌بندی	_	_	_
7	نشده	نشده	_	_	_
8	هستند	هستند	_	_	_
9	و	و	_	_	_
10	در	در	_	_	_
11	صورتی	صورتی	_	_	_
12	که	که	_	_	_
13	بخواهیم	خواست&خواه	_	_	_
14	از	از	_	_	_
15	آنها	آنها	_	_	_
16	به‌صورت	به‌صورت	_	_	_
17	مستقیم	مستقیم	_	_	_
18	استفاده	استفاده	_	_	_
19	کنیم	کرد&کن	_	_	_
20	عموما	عموما	_	_	_
21	بی‌فایده	فایده	_	_	_
22	خواهد‌بود	بود&باش	_	_	_
23	.	.	_	_	_

0	حال	حال	_	_	_
1	آنکه	آنکه	_	_	_
2	پس‌از	پس‌از	_	_	_
3	طبقه‌بندی	طبقه‌بندی	_	_	_
4	،	،	_	_	_
5	دسته‌بندی	دسته‌بندی	_	_	_
6	و	و	_	_	_
7	ساختاردهی	ساختاردهی	_	_	_
8	به	به	_	_	_
9	داده‌ها	داده	_	_	_
10	اطلاعات	اطلاعات	_	_	_
11	به	به	_	_	_
12	وجود	وجود	_	_	_
13	می‌آید	آمد&آ	_	_	_
14	.	.	_	_	_

0	می‌توان	می‌توان	_	_	_
1	از	از	_	_	_
2	داده‌ها	داده	_	_	_
3	برای	برای	_	_	_
4	تصمیم‌گیری	تصمیم‌گیری	_	_	_
5	و	و	_	_	_
6	یا	یا	_	_	_
7	ایجاد	ایجاد	_	_	_
8	دانش	دانش	_	_	_
9	در‌مورد	در‌مورد	_	_	_
10	یک	یک	_	_	_
11	مقوله	مقوله	_	_	_
12	استفاده‌کرد	استفاده‌کرد	_	_	_
13	.	.	_	_	_

0	اطلاعات	اطلاعات	_	_	_
1	عموما	عموما	_	_	_
2	برای	برای	_	_	_
3	کاربر	کاربر	_	_	_
4	مفهوم	مفهوم	_	_	_
5	دارد	داشت&دارد	_	_	_
6	و	و	_	_	_
7	قابل	قابل	_	_	_
8	استفاده	استفاده	_	_	_
9	است	اس	_	_	_
10	.	.	_	_	_

0	مثال	مثال	_	_	_
1	:	:	_	_	_

0	تاریخ	تاریخ	_	_	_
1	دمای	دما	_	_	_
2	سراسر	سراسر	_	_	_
3	جهان	جهان	_	_	_
4	در	در	_	_	_
5	صد	صد	_	_	_
6	سال	سال	_	_	_
7	گذشته	گذشته	_	_	_
8	داده‌است	داد&ده	_	_	_
9	،	،	_	_	_
10	حال	حال	_	_	_
11	آنکه	آنکه	_	_	_
12	روند	روند	_	_	_
13	افزایش	افزایش	_	_	_
14	یا	یا	_	_	_
15	کاهش	کاهش	_	_	_
16	دما	دما	_	_	_
17	در	در	_	_	_
18	این	این	_	_	_
19	سالها	سال	_	_	_
20	یک	یک	_	_	_
21	اطلاعات	اطلاعات	_	_	_
22	است	اس	_	_	_
23	.	.	_	_	_

0	نمرات	نمرات	_	_	_
1	دانشجویان	دانشجو	_	_	_
2	یک	یک	_	_	_
3	کلاس	کلاس	_	_	_
4	داده	داده	_	_	_
5	است	اس	_	_	_
6	،	،	_	_	_
7	اما	اما	_	_	_
8	ترتیب	ترتیب	_	_	_
9	نمرات	نمرات	_	_	_
10	،	،	_	_	_
11	میانگین	میانگین	_	_	_
12	،	،	_	_	_
13	و	و	_	_	_
14	ارتباط	ارتباط	_	_	_
15	نمره	نمره	_	_	_
16	این	این	_	_	_
17	درس	درس	_	_	_
18	با	با	_	_	_
19	معدل	معدل	_	_	_
20	دانشجو	دانشجو	_	_	_
21	یا	یا	_	_	_
22	یک	یک	_	_	_
23	درس	درس	_	_	_
24	دیگر	دیگر	_	_	_
25	یک	یک	_	_	_
26	نمونه	نمونه	_	_	_
27	از	از	_	_	_
28	اطلاعات	اطلاعات	_	_	_
29	است	اس	_	_	_
30	.	.	_	_	_

0	انبوه	انبوه	_	_	_
1	داده	داده	_	_	_
2	بلای	بلا	_	_	_
3	جان	جان	_	_	_
4	سازمان‌ها	سازمان	_	_	_
5	یک	یک	_	_	_
6	کسب‌و‌کار	کسب‌و‌کار	_	_	_
7	فرضی	فرضی	_	_	_
8	فعال	فعال	_	_	_
9	در	در	_	_	_
10	زمینه	زمینه	_	_	_
11	فروش	فروش	_	_	_
12	را	را	_	_	_
13	در	در	_	_	_
14	نظر	نظر	_	_	_
15	بگیرید	گرفت&گیر	_	_	_
16	،	،	_	_	_
17	این	این	_	_	_
18	سازمان	سازمان	_	_	_
19	هر‌روز	هر‌روز	_	_	_
21	صدها	صدها	_	_	_
22	مورد	مورد	_	_	_
23	فروش	فروش	_	_	_
24	را	را	_	_	_
25	از	از	_	_	_
26	دهها	ده	_	_	_
27	مشتری	مشتری	_	_	_
28	ثبت	ثبت	_	_	_
29	می‌کند	کرد&کن	_	_	_
30	،	،	_	_	_
31	تمام	تمام	_	_	_
32	داده‌های	داده	_	_	_
33	مربوط	مربوط	_	_	_
34	به	به	_	_	_
35	یک	یک	_	_	_
36	خرید	خرید	_	_	_
37	از‌جمله	از‌جمله	_	_	_
38	نام	نام	_	_	_
39	و	و	_	_	_
40	قیمت	قیمت	_	_	_
41	و	و	_	_	_
42	دسته	دسته	_	_	_
43	کالاها	کالا	_	_	_
44	و	و	_	_	_
45	اطلاعات	اطلاعات	_	_	_
46	مربوط	مربوط	_	_	_
47	به	به	_	_	_
48	خریدار	خریدار	_	_	_
49	را	را	_	_	_
50	ثبت	ثبت	_	_	_
51	می‌کند	کرد&کن	_	_	_
52	.	.	_	_	_

0	پس‌از	پس‌از	_	_	_
1	گذشت	گذشت	_	_	_
2	مدتی	مدت	_	_	_
3	این	این	_	_	_
4	سازمان	سازمان	_	_	_
5	انبوهی	انبوهی	_	_	_
6	از	از	_	_	_
7	داده‌ها	داده	_	_	_
8	بی‌معنا	معنا	_	_	_
9	دارد	داشت&دارد	_	_	_
10	که	که	_	_	_
11	نمی‌تواند	توانست&توان	_	_	_
12	از	از	_	_	_
13	آنها	آنها	_	_	_
14	بهره	بهره	_	_	_
15	ببرد	برد&بر	_	_	_
16	.	.	_	_	_

0	این	این	_	_	_
1	سازمان	سازمان	_	_	_
2	اگر	اگر	_	_	_
3	بخواهد	خواست&خواه	_	_	_
4	بفهمد	فهمید&فهم	_	_	_
5	کدام	کدام	_	_	_
6	مشتریان	مشتری	_	_	_
7	از	از	_	_	_
8	چه	چه	_	_	_
9	کالایی	کالایی	_	_	_
10	بیشتر	بیشتر	_	_	_
11	خوششان	خوش	_	_	_
12	آمده	آمده	_	_	_
13	راهی	راهی	_	_	_
14	ندارد	داشت&دار	_	_	_
15	،	،	_	_	_
16	نمی‌تواند	توانست&توان	_	_	_
17	بفهمد	فهمید&فهم	_	_	_
18	خریداران	خریدار	_	_	_
19	با	با	_	_	_
20	هزینه	هزینه	_	_	_
21	بالا	بالا	_	_	_
22	از	از	_	_	_
23	چه	چه	_	_	_
24	کالایی	کالایی	_	_	_
25	خرید	خرید	_	_	_
26	می‌کنند	کرد&کن	_	_	_
27	و	و	_	_	_
28	خریداران	خریدار	_	_	_
29	با	با	_	_	_
30	سبد	سبد	_	_	_
31	قیمتی	قیمتی	_	_	_
32	پایین	پایین	_	_	_
33	چه	چه	_	_	_
34	کالایی	کالایی	_	_	_
35	را	را	_	_	_
36	می‌پسندند	پسندید&پسند	_	_	_
37	؛	؛	_	_	_
38	نمی‌داند	دانست&دان	_	_	_
39	کدام	کدام	_	_	_
40	کالا	کالا	_	_	_
41	فروش	فروش	_	_	_
42	بهتری	بهتر	_	_	_
43	دارد	داشت&دارد	_	_	_
44	،	،	_	_	_
45	چه	چه	_	_	_
46	کالایی	کالایی	_	_	_
47	در	در	_	_	_
48	انبار	انبار	_	_	_
49	می‌ماند	ماند&مان	_	_	_
50	،	،	_	_	_
51	چه	چه	_	_	_
52	کالایی	کالایی	_	_	_
53	حجم	حجم	_	_	_
54	سرمایه	سرمایه	_	_	_
55	سازمان	سازمان	_	_	_
56	را	را	_	_	_
57	درگیر	درگیر	_	_	_
58	می‌کند	کرد&کن	_	_	_
59	و	و	_	_	_
60	در	در	_	_	_
61	یک	یک	_	_	_
62	کلام	کلام	_	_	_
63	:	:	_	_	_

0	از	از	_	_	_
1	میان	میان	_	_	_
2	انبوه	انبوه	_	_	_
3	داده	داده	_	_	_
4	هیچ	هیچ	_	_	_
5	دانش	دانش	_	_	_
6	مفیدی	مفید	_	_	_
7	استخراج	استخراج	_	_	_
8	نمی‌کند	کرد&کن	_	_	_
9	.	.	_	_	_

0	داده‌کاوی	داده‌کاوی	_	_	_
1	چیست	چیست	_	_	_
2	؟	؟	_	_	_

0	سازمان‌ها	سازمان	_	_	_
1	برای	برای	_	_	_
2	تصمیم‌گیری	تصمیم‌گیری	_	_	_
3	و	و	_	_	_
4	برنامه‌ریزی	برنامه‌ریزی	_	_	_
5	به	به	_	_	_
6	اطلاعات	اطلاعات	_	_	_
7	نیاز	نیاز	_	_	_
8	دارند	داشت&دار	_	_	_
9	،	،	_	_	_
10	بخش	بخش	_	_	_
11	مهمی	مهم	_	_	_
12	از	از	_	_	_
13	این	این	_	_	_
14	اطلاعات	اطلاعات	_	_	_
15	از	از	_	_	_
16	خود	خود	_	_	_
17	سازمان	سازمان	_	_	_
18	ناشی	ناشی	_	_	_
19	می‌شود	شد&شو	_	_	_
20	،	،	_	_	_
21	از	از	_	_	_
22	داده‌های	داده	_	_	_
23	قبلی	قبلی	_	_	_
24	و	و	_	_	_
25	الگوهای	الگو	_	_	_
26	عملکرد	عملکرد	_	_	_
27	سازمان	سازمان	_	_	_
28	استخراج	استخراج	_	_	_
29	می‌شوند	شد&شو	_	_	_
30	،	،	_	_	_
31	داده‌های	داده	_	_	_
32	خود	خود	_	_	_
33	سازمان	سازمان	_	_	_
34	نشان‌دهنده	نشان‌دهنده	_	_	_
35	رفتار	رفتار	_	_	_
36	مشتریان	مشتری	_	_	_
37	و	و	_	_	_
38	همکاران	همکار	_	_	_
39	و	و	_	_	_
40	بیان‌کننده	بیان‌کننده	_	_	_
41	موفقیت	موفقیت	_	_	_
42	یا	یا	_	_	_
43	شکست	شکست	_	_	_
44	سازمان	سازمان	_	_	_
45	در	در	_	_	_
46	یک	یک	_	_	_
47	عمل	عمل	_	_	_
48	خاص	خاص	_	_	_
49	هستند	هستند	_	_	_
50	.	.	_	_	_

0	برای	برای	_	_	_
1	استخراج	استخراج	_	_	_
2	اطلاعات	اطلاعات	_	_	_
3	مفید	مفید	_	_	_
4	از	از	_	_	_
5	میان	میان	_	_	_
6	انبوه	انبوه	_	_	_
7	حجم	حجم	_	_	_
8	داده‌های	داده	_	_	_
9	ثبت‌شده	ثبت‌شده	_	_	_
10	باید	باید	_	_	_
11	از	از	_	_	_
12	فن	فن	_	_	_
13	داده‌کاوی	داده‌کاوی	_	_	_
14	استفاده‌کرد	استفاده‌کرد	_	_	_
15	.	.	_	_	_

0	داده‌کاوی	داده‌کاوی	_	_	_
1	فنی	فنی	_	_	_
2	است	اس	_	_	_
3	که	که	_	_	_
4	از	از	_	_	_
5	میان	میان	_	_	_
6	پایگاه	پایگاه	_	_	_
7	داده	داده	_	_	_
8	سازمان	سازمان	_	_	_
9	،	،	_	_	_
10	به‌دنبال	به‌دنبال	_	_	_
11	الگوهای	الگو	_	_	_
12	پنهان	پنهان	_	_	_
13	در	در	_	_	_
14	میان	میان	_	_	_
15	داده‌ها	داده	_	_	_
16	،	،	_	_	_
17	ارتباط	ارتباط	_	_	_
18	میان	میان	_	_	_
19	آنها	آنها	_	_	_
20	،	،	_	_	_
21	روند	روند	_	_	_
22	و	و	_	_	_
23	الگوی	الگو	_	_	_
24	آنها	آنها	_	_	_
25	می‌گردد	گشت&گرد	_	_	_
26	.	.	_	_	_

0	داده‌کاوی	داده‌کاوی	_	_	_
1	از	از	_	_	_
2	توابع	توابع	_	_	_
3	و	و	_	_	_
4	الگوریتم‌های	الگوریتم	_	_	_
5	پیشرفته	پیشرفته	_	_	_
6	ریاضی	ریاضی	_	_	_
7	استفاده	استفاده	_	_	_
8	می‌کند	کرد&کن	_	_	_
9	تا	تا	_	_	_
10	ارتباط	ارتباط	_	_	_
11	میان	میان	_	_	_
12	دو	دو	_	_	_
13	دسته	دسته	_	_	_
14	از	از	_	_	_
15	داده	داده	_	_	_
16	و	و	_	_	_
17	امکان	امکان	_	_	_
18	رخ	رخ	_	_	_
19	دادن	دادن	_	_	_
20	یک	یک	_	_	_
21	نتیجه	نتیجه	_	_	_
22	را	را	_	_	_
23	در	در	_	_	_
24	آینده	آینده	_	_	_
25	پیش‌بینی	بین	_	_	_
26	کند	کند	_	_	_
27	.	.	_	_	_

0	داده‌کاوی	داده‌کاوی	_	_	_
1	چه	چه	_	_	_
2	کاری	کاری	_	_	_
3	می‌تواند	توانست&توان	_	_	_
4	انجام	انجام	_	_	_
5	دهد	داد&ده	_	_	_
6	؟	؟	_	_	_

0	داده‌کاوی	داده‌کاوی	_	_	_
1	عموما	عموما	_	_	_
2	توسط	توسط	_	_	_
3	سازمان‌های	سازمان	_	_	_
4	مشتری	مشتری	_	_	_
5	محور	محور	_	_	_
6	استفاده	استفاده	_	_	_
7	می‌شود	شد&شو	_	_	_
8	،	،	_	_	_
9	این	این	_	_	_
10	سازمان‌ها	سازمان	_	_	_
11	(	(	_	_	_
12	فروشگاه‌ها	فروشگاه	_	_	_
13	،	،	_	_	_
14	تولید	تولید	_	_	_
15	کنندگان	کنندگان	_	_	_
16	،	،	_	_	_
17	خرده‌فروشان	خرده‌فروشان	_	_	_
18	و	و	_	_	_
19	فروشگاه‌های	فروشگاه	_	_	_
20	اینترنتی	اینترنتی	_	_	_
21	)	)	_	_	_
22	می‌توانند	توانست&توان	_	_	_
23	با	با	_	_	_
24	استفاده	استفاده	_	_	_
25	از	از	_	_	_
26	داده‌کاوی	داده‌کاوی	_	_	_
27	ارتباط	ارتباط	_	_	_
28	میان	میان	_	_	_
29	اقدامات	اقدامات	_	_	_
30	خود	خود	_	_	_
31	و	و	_	_	_
32	عوامل	عامل	_	_	_
33	درونی	درونی	_	_	_
34	سازمان	سازمان	_	_	_
35	مثل	مثل	_	_	_
36	قیمت	قیمت	_	_	_
37	کالاها	کالا	_	_	_
38	،	،	_	_	_
39	تخفیفات	تخفیفا	_	_	_
40	،	،	_	_	_
41	هزینه	هزینه	_	_	_
42	تبلیغات	تبلیغات	_	_	_
43	و	و	_	_	_
44	دیگر	دیگر	_	_	_
45	عوامل	عامل	_	_	_
46	داخلی	داخلی	_	_	_
47	را	را	_	_	_
48	با	با	_	_	_
49	عوامل	عامل	_	_	_
50	بیرونی	بیرونی	_	_	_
51	مثل	مثل	_	_	_
52	مشخصات	مشخصا	_	_	_
53	مشتریان	مشتری	_	_	_
54	(	(	_	_	_
55	سن	سن	_	_	_
56	،	،	_	_	_
57	جنسیت	جنسیت	_	_	_
58	،	،	_	_	_
59	درآمد	درآمد	_	_	_
60	و	و	_	_	_
61	محل	محل	_	_	_
62	سکونت	سکونت	_	_	_
63	)	)	_	_	_
64	،	،	_	_	_
65	رقبا	رقبا	_	_	_
66	و	و	_	_	_
67	عوامل	عامل	_	_	_
68	عمومی	عمومی	_	_	_
69	بازار	بازار	_	_	_
70	(	(	_	_	_
71	سطح	سطح	_	_	_
72	درآمد	درآمد	_	_	_
73	جامعه	جامعه	_	_	_
74	،	،	_	_	_
75	وضعیت	وضعیت	_	_	_
76	رونق	رونق	_	_	_
77	و	و	_	_	_
78	رکود	رکود	_	_	_
79	اقتصادی	اقتصادی	_	_	_
80	)	)	_	_	_
81	را	را	_	_	_
82	پیدا	پیدا	_	_	_
83	کنند	کرد&کن	_	_	_
84	.	.	_	_	_

0	علاوه‌بر	علاوه‌بر	_	_	_
1	این	این	_	_	_
2	می‌توان	می‌توان	_	_	_
3	شاخص‌هایی	شاخص	_	_	_
4	مثل	مثل	_	_	_
5	رضایت	رضایت	_	_	_
6	مشتری	مشتری	_	_	_
7	،	،	_	_	_
8	درآمد	درآمد	_	_	_
9	و	و	_	_	_
10	سود	سود	_	_	_
11	سازمان	سازمان	_	_	_
12	،	،	_	_	_
13	مجموع	مجموع	_	_	_
14	سرمایه	سرمایه	_	_	_
15	درگردش	درگردش	_	_	_
16	و	و	_	_	_
17	هزینه‌های	هزینه	_	_	_
18	جاری	جاری	_	_	_
19	و	و	_	_	_
20	میزان	میزان	_	_	_
21	افزایش	افزایش	_	_	_
22	و	و	_	_	_
23	کاهش	کاهش	_	_	_
24	آنها	آنها	_	_	_
25	در	در	_	_	_
26	طول	طول	_	_	_
27	زمان	زمان	_	_	_
28	را	را	_	_	_
29	استخراج	استخراج	_	_	_
30	کند	کند	_	_	_
31	.	.	_	_	_

0	به‌طور	به‌طور	_	_	_
1	مثال	مثال	_	_	_
2	شرکت	شرکت	_	_	_
3	ویدئوی	ویدئو	_	_	_
4	خانگی	خانگی	_	_	_
5	از	از	_	_	_
6	داده‌های	داده	_	_	_
7	سابق	سابق	_	_	_
8	مشتریان	مشتری	_	_	_
9	استفاده	استفاده	_	_	_
10	میکند	کرد&کن	_	_	_
11	و	و	_	_	_
12	به	به	_	_	_
13	انها	ان	_	_	_
14	ویدئوهایی	ویدئو	_	_	_
15	پیشنهاد	پیشنهاد	_	_	_
16	می‌دهد	داد&ده	_	_	_
17	تا	تا	_	_	_
18	آنها	آنها	_	_	_
19	را	را	_	_	_
20	تماشا	تماشا	_	_	_
21	کنند	کرد&کن	_	_	_
22	.	.	_	_	_

0	والمارت	والمارت	_	_	_
1	(	(	_	_	_
2	بزرگترین	بزرگتر	_	_	_
3	خرده‌فروش	خرده‌فروش	_	_	_
4	زنجیره‌ای	زنجیره	_	_	_
5	جهان	جهان	_	_	_
6	)	)	_	_	_
7	برای	برای	_	_	_
8	بهبود	بهبود	_	_	_
9	عمکلرد	عمکلرد	_	_	_
10	عرضه	عرضه	_	_	_
11	کنندگان	کنندگان	_	_	_
12	خود	خود	_	_	_
13	از	از	_	_	_
14	داده‌کاوی	داده‌کاوی	_	_	_
15	در	در	_	_	_
16	مقیاسی	مقیاس	_	_	_
17	وسیع	وسیع	_	_	_
18	استفاده	استفاده	_	_	_
19	کرده‌است	کرد&کن	_	_	_
20	.	.	_	_	_

0	داده‌های	داده	_	_	_
1	۲۹۰۰	۲۹۰۰	_	_	_
2	فروشگاه	فروشگاه	_	_	_
3	در	در	_	_	_
4	۶	۶	_	_	_
5	کشور	کشور	_	_	_
6	برای	برای	_	_	_
7	این	این	_	_	_
8	کار	کار	_	_	_
9	استفاده‌شده‌اند	استفاده‌شده‌اند	_	_	_
10	و	و	_	_	_
11	در‌مجموع	در‌مجموع	_	_	_
12	۷٫۵	۷٫۵	_	_	_
13	ترابایت	ترابایت	_	_	_
14	داده	داده	_	_	_
15	مورد‌بررسی	مورد‌بررسی	_	_	_
16	قرار	قرار	_	_	_
17	گرفت	گرفت&گیر	_	_	_
18	.	.	_	_	_

0	۳۵۰۰	۳۵۰۰	_	_	_
1	تامین	تامین	_	_	_
2	کننده	کننده	_	_	_
3	به	به	_	_	_
4	داده‌های	داده	_	_	_
5	دسترسی	دسترسی	_	_	_
6	پیدا	پیدا	_	_	_
7	کردند	کرد&کن	_	_	_
8	تا	تا	_	_	_
9	بتوانند	توانست&توان	_	_	_
10	الگوهای	الگو	_	_	_
11	خرید	خرید	_	_	_
12	مشتریان	مشتری	_	_	_
13	،	،	_	_	_
14	عمکلرد	عمکلرد	_	_	_
15	یک	یک	_	_	_
16	کالا	کالا	_	_	_
17	و	و	_	_	_
18	محصول	محصول	_	_	_
19	خاص	خاص	_	_	_
20	را	را	_	_	_
21	بررسی	بررسی	_	_	_
22	کنند	کرد&کن	_	_	_
23	و	و	_	_	_
24	برنامه‌های	برنامه	_	_	_
25	خود	خود	_	_	_
26	را	را	_	_	_
27	بر	بر	_	_	_
28	این	این	_	_	_
29	پایه	پایه	_	_	_
30	و	و	_	_	_
31	اساس	اساس	_	_	_
32	بهبود	بهبود	_	_	_
33	دهند	داد&ده	_	_	_
34	.	.	_	_	_

0	استراتژی	استراتژی	_	_	_
1	و	و	_	_	_
2	داده‌کاوی	داده‌کاوی	_	_	_
3	صد	صد	_	_	_
4	البته	البته	_	_	_
5	کاربرد‌های	کاربرد	_	_	_
6	داده‌کاوی	داده‌کاوی	_	_	_
7	بسیار	بسیار	_	_	_
8	زیاد	زیاد	_	_	_
9	است	اس	_	_	_
10	و	و	_	_	_
11	می‌تواند	توانست&توان	_	_	_
12	در	در	_	_	_
13	شرکت‌ها	شرکت	_	_	_
14	و	و	_	_	_
15	سازمان‌ها	سازمان	_	_	_
16	مختلف	مختلف	_	_	_
17	متفاوت	متفاوت	_	_	_
18	باشد	باشد	_	_	_
19	.	.	_	_	_

0	آنچه	آنچه	_	_	_
1	در	در	_	_	_
2	بالا	بالا	_	_	_
3	بیان	بیان	_	_	_
4	شد	شد	_	_	_
5	خلاصه‌ای	خلاصه	_	_	_
6	از	از	_	_	_
7	کاربردهای	کاربرد	_	_	_
8	داده‌کاوی	داده‌کاوی	_	_	_
9	در	در	_	_	_
10	بخش	بخش	_	_	_
11	فروش	فروش	_	_	_
12	و	و	_	_	_
13	بازاریابی	بازاریابی	_	_	_
14	بود	بود&باش	_	_	_
15	.	.	_	_	_

0	شما	شما	_	_	_
1	می‌توانید	توانست&توان	_	_	_
2	با	با	_	_	_
3	استفاده	استفاده	_	_	_
4	از	از	_	_	_
5	داده‌کاوی	داده‌کاوی	_	_	_
6	در	در	_	_	_
7	حل	حل	_	_	_
8	مشکلات	مشکلات	_	_	_
9	سازمان	سازمان	_	_	_
10	مفید	مفید	_	_	_
11	واقع	واقع	_	_	_
12	شوید	شد&شو	_	_	_
13	.	.	_	_	_

0	استراتژیست‌های	استراتژیست	_	_	_
1	بزرگ	بزرگ	_	_	_
2	موفق	موفق	_	_	_
3	برای	برای	_	_	_
4	مستدل	مستدل	_	_	_
5	و	و	_	_	_
6	دقیق	دقیق	_	_	_
7	بودن	بودن	_	_	_
8	استراتژی‌ها	استراتژی	_	_	_
9	و	و	_	_	_
10	برنامه‌ریزی‌های	برنامه‌ریزی‌های	_	_	_
11	خود	خود	_	_	_
12	باید	باید	_	_	_
13	از	از	_	_	_
14	داده‌کاوی	داده‌کاوی	_	_	_
15	و	و	_	_	_
16	اطلاعات	اطلاعات	_	_	_
17	به‌دست‌آمده	به‌دست‌آمده	_	_	_
18	از	از	_	_	_
19	آن	آن	_	_	_
20	حد‌اکثر	حد‌اکثر	_	_	_
21	استفاده	استفاده	_	_	_
22	را	را	_	_	_
23	ببرند	برد&بر	_	_	_
24	.	.	_	_	_

0	در	در	_	_	_
1	واقع	واقع	_	_	_
2	برنامه‌ریزی	برنامه‌ریزی	_	_	_
3	استراتژیک	استراتژیک	_	_	_
4	بدون	بدون	_	_	_
5	استفاده	استفاده	_	_	_
6	از	از	_	_	_
7	داده‌کاوی	داده‌کاوی	_	_	_
8	مثل	مثل	_	_	_
9	رانندگی	رانندگی	_	_	_
10	با	با	_	_	_
11	چشمان	چشم	_	_	_
12	بسته‌است	بست&بند	_	_	_
13	!	!	_	_	_

0	اگر	اگر	_	_	_
1	یک	یک	_	_	_
2	استراتژیست	استراتژیست	_	_	_
3	می‌خواهد	خواست&خواه	_	_	_
4	در‌زمینه	در‌زمینه	_	_	_
5	برنامه‌ریزی	برنامه‌ریزی	_	_	_
6	کاربردی	کاربردی	_	_	_
7	و	و	_	_	_
8	اجرایی	اجرایی	_	_	_
9	موفق	موفق	_	_	_
10	باشد	باشد	_	_	_
11	باید	باید	_	_	_
12	از	از	_	_	_
13	سلاح	سلاح	_	_	_
14	داده‌کاوی	داده‌کاوی	_	_	_
15	استفاده	استفاده	_	_	_
16	کند	کند	_	_	_
17	.	.	_	_	_

0	داده	داده	_	_	_
1	کای	ک	_	_	_
2	چه	چه	_	_	_
3	فایده‌ای	فایده	_	_	_
4	دارد	داشت&دارد	_	_	_
5	؟	؟	_	_	_

0	شناخت	شناخت	_	_	_
1	مشتریان	مشتری	_	_	_
2	سودآور	سودآور	_	_	_
3	:	:	_	_	_

0	می‌توانید	توانست&توان	_	_	_
1	مشتریانی	مشتریانی	_	_	_
2	که	که	_	_	_
3	بیشترین	بیشتر	_	_	_
4	سود	سود	_	_	_
5	شما	شما	_	_	_
6	از	از	_	_	_
7	آنها	آنها	_	_	_
8	حاصل‌شده	حاصل‌شده	_	_	_
9	را	را	_	_	_
10	شناسایی	شناسایی	_	_	_
11	کنید	کرد&کن	_	_	_
12	و	و	_	_	_
13	برای	برای	_	_	_
14	حفظ	حفظ	_	_	_
15	وفاداری	وفاداری	_	_	_
16	مشتری	مشتری	_	_	_
17	تلاش	تلاش	_	_	_
18	کنید	کرد&کن	_	_	_
19	.	.	_	_	_

0	بهینه‌سازی	بهینه‌سازی	_	_	_
1	سبد	سبد	_	_	_
2	محصول	محصول	_	_	_
3	:	:	_	_	_

0	شناخت	شناخت	_	_	_
1	محصولات	محصولات	_	_	_
2	پر	پر	_	_	_
3	فروش	فروش	_	_	_
4	،	،	_	_	_
5	محصولات	محصولات	_	_	_
6	سودآور	سودآور	_	_	_
7	محصولات	محصولات	_	_	_
8	زیان‌ده	زیان‌ده	_	_	_
9	از	از	_	_	_
10	دیگر	دیگر	_	_	_
11	فواید	فواید	_	_	_
12	داده‌کاوی	داده‌کاوی	_	_	_
13	است	اس	_	_	_
14	.	.	_	_	_

0	با	با	_	_	_
1	این	این	_	_	_
2	کار	کار	_	_	_
3	می‌توانید	توانست&توان	_	_	_
4	در	در	_	_	_
5	بهتر	بهتر	_	_	_
6	کردن	کردن	_	_	_
7	سبد	سبد	_	_	_
8	محصول	محصول	_	_	_
9	خود	خود	_	_	_
10	اقدام	اقدام	_	_	_
11	کنید	کرد&کن	_	_	_
12	.	.	_	_	_

0	شناخت	شناخت	_	_	_
1	مشتریان	مشتری	_	_	_
2	وفادار	وفادار	_	_	_
3	و	و	_	_	_
4	قدیمی	قدیمی	_	_	_
5	:	:	_	_	_

0	می‌توانید	توانست&توان	_	_	_
1	بفهمید	فهمید&فهم	_	_	_
2	مشتریان	مشتری	_	_	_
3	قدیمی	قدیمی	_	_	_
4	شما	شما	_	_	_
5	چه	چه	_	_	_
6	کسانی	کسانی	_	_	_
7	هستند	هستند	_	_	_
8	و	و	_	_	_
9	با	با	_	_	_
10	چه	چه	_	_	_
11	برنامه‌ای	برنامه	_	_	_
12	خرید	خرید	_	_	_
13	می‌کنند	کرد&کن	_	_	_
14	،	،	_	_	_
15	چه	چه	_	_	_
16	کالایی	کالایی	_	_	_
17	را	را	_	_	_
18	دوست	دوست	_	_	_
19	دارند	داشت&دار	_	_	_
20	و	و	_	_	_
21	چه	چه	_	_	_
22	کالایی	کالایی	_	_	_
23	باعث	باعث	_	_	_
24	وفاداری	وفاداری	_	_	_
25	آنها	آنها	_	_	_
26	شده‌است	شد&شو	_	_	_
27	.	.	_	_	_

0	بررسی	بررسی	_	_	_
1	طول	طول	_	_	_
2	عمر	عمر	_	_	_
3	مشتری	مشتری	_	_	_
4	:	:	_	_	_

0	با	با	_	_	_
1	استفاده	استفاده	_	_	_
2	از	از	_	_	_
3	داده‌کاوی	داده‌کاوی	_	_	_
4	می‌توانید	توانست&توان	_	_	_
5	طول	طول	_	_	_
6	عمر	عمر	_	_	_
7	مشتری	مشتری	_	_	_
8	و	و	_	_	_
9	چرخه	چرخه	_	_	_
10	آن	آن	_	_	_
11	،	،	_	_	_
12	میزان	میزان	_	_	_
13	سود	سود	_	_	_
14	حاصل	حاصل	_	_	_
15	عایده	عایده	_	_	_
16	از	از	_	_	_
17	هر	هر	_	_	_
18	مشتری	مشتری	_	_	_
19	در	در	_	_	_
20	هر	هر	_	_	_
21	مرحله	مرحله	_	_	_
22	را	را	_	_	_
23	بررسی	بررسی	_	_	_
24	کنید	کرد&کن	_	_	_
25	.	.	_	_	_


