0	بزرگ‌ترین	بزرگ	_	_	_
1	کاری	کاری	_	_	_
2	که	که	_	_	_
3	در	در	_	_	_
4	راستای	راستا	_	_	_
5	کشورگشایی	کشورگشایی	_	_	_
6	می‌توان	می‌توان	_	_	_
7	انجام	انجام	_	_	_
8	داد	داد	_	_	_
9	فرار	فرار	_	_	_
10	از	از	_	_	_
11	این	این	_	_	_
12	کشور	کشور	_	_	_
13	خراب	خراب	_	_	_
14	شده	شده	_	_	_
15	است	اس	_	_	_
16	.	.	_	_	_
			_	_	_
0	مال	مال	_	_	_
1	از	از	_	_	_
2	بهر	بهر	_	_	_
3	آسایش	آسایش	_	_	_
4	عمر	عمر	_	_	_
5	است	اس	_	_	_
6	،	،	_	_	_
7	نه	نه	_	_	_
8	عمر	عمر	_	_	_
9	از	از	_	_	_
10	بهر	بهر	_	_	_
11	گردکردن	گردکردن	_	_	_
12	مال	مال	_	_	_
13	.	.	_	_	_
			_	_	_
0	عاقلی	عاقل	_	_	_
1	را	را	_	_	_
2	پرسیدند	پرسید&پرس	_	_	_
3	:	:	_	_	_
			_	_	_
0	نیک‌بخت	نیک‌بخت	_	_	_
1	کیست	کیست	_	_	_
2	و	و	_	_	_
3	بدبختی	بدبختی	_	_	_
4	چیست	چیست	_	_	_
5	؟	؟	_	_	_
			_	_	_
0	گفت	گفت	_	_	_
1	:	:	_	_	_
			_	_	_
0	نیک‌بخت	نیک‌بخت	_	_	_
1	ان	ان	_	_	_
2	که	که	_	_	_
3	خورد	خورد	_	_	_
4	و	و	_	_	_
5	کشت	کشت	_	_	_
6	و	و	_	_	_
7	بدبخت	بدبخت	_	_	_
8	آن	آن	_	_	_
9	که	که	_	_	_
10	مرد	مرد	_	_	_
11	و	و	_	_	_
12	هشت	هشت	_	_	_
13	.	.	_	_	_
			_	_	_
0	اوباشی	اوباش	_	_	_
1	را	را	_	_	_
2	در	در	_	_	_
3	خیابان	خیابان	_	_	_
4	دیدم	دید&بین	_	_	_
5	که	که	_	_	_
6	اعمال	عمل	_	_	_
7	ناشایستی	ناشایست	_	_	_
8	انجام	انجام	_	_	_
9	می‌دادند	داد&ده	_	_	_
10	.	.	_	_	_
			_	_	_
0	مطالب	مطلب	_	_	_
1	زیبایی	زیبایی	_	_	_
2	در	در	_	_	_
3	باب	باب	_	_	_
4	مسجد	مسجد	_	_	_
5	خوانده	خوانده	_	_	_
6	بودم	بود&باش	_	_	_
7	که	که	_	_	_
8	مورد	مورد	_	_	_
9	پسندم	پسندید&پسند	_	_	_
10	واقع	واقع	_	_	_
11	نشده‌بود	شد&شو	_	_	_
12	.	.	_	_	_
			_	_	_
0	تجربه	تجربه	_	_	_
1	خوبی	خوبی	_	_	_
2	در	در	_	_	_
3	زمینه‌ی	زمینه	_	_	_
4	تجربه‌های	تجربه	_	_	_
5	شخصی	شخصی	_	_	_
6	دارم	داشت&دار	_	_	_
7	!	!	_	_	_
			_	_	_
0	مهم‌ترین	مهم	_	_	_
1	دلیل	دلیل	_	_	_
2	در	در	_	_	_
3	بی‌کاری‌های	کار	_	_	_
4	اکثر	اکثر	_	_	_
5	دانشجویان	دانشجو	_	_	_
6	کشور	کشور	_	_	_
7	انتخاب	انتخاب	_	_	_
8	رشته	رشته	_	_	_
9	اشتباه	اشتباه	_	_	_
10	است	اس	_	_	_
11	!	!	_	_	_
			_	_	_
0	بهترین	بهترین	_	_	_
1	کتابی	کتاب	_	_	_
2	که	که	_	_	_
3	خوانده‌ام	خواند&خوان	_	_	_
4	کتاب	کتاب	_	_	_
5	۳۰۰	۳۰۰	_	_	_
6	سال	سال	_	_	_
7	تنهایی	تنهایی	_	_	_
8	بود	بود&باش	_	_	_
9	!	!	_	_	_
			_	_	_
0	در	در	_	_	_
1	۱۳	۱۳	_	_	_
2	ابان	ابان	_	_	_
3	سال	سال	_	_	_
4	۱۳۹۷	۱۳۹۷	_	_	_
5	یکی	یکی	_	_	_
6	از	از	_	_	_
7	مهم‌ترین	مهم	_	_	_
8	اتفاقات	اتفاقا	_	_	_
9	زندگی	زندگی	_	_	_
10	جامعه	جامعه	_	_	_
11	بشری	بشری	_	_	_
12	رخ	رخ	_	_	_
13	نداد	داد&ده	_	_	_
14	.	.	_	_	_
			_	_	_
0	ظاهراً	ظاهراً	_	_	_
1	بهترین	بهترین	_	_	_
2	کاری	کاری	_	_	_
3	که	که	_	_	_
4	می‌شود	شد&شو	_	_	_
5	انجام	انجام	_	_	_
6	داد	داد	_	_	_
7	مشاهده	مشاهده	_	_	_
8	کار	کار	_	_	_
9	بقیه	بقیه	_	_	_
10	است	اس	_	_	_
11	.	.	_	_	_
			_	_	_
0	بزرگ‌ترین	بزرگ	_	_	_
1	عامل	عامل	_	_	_
2	پیروزی	پیروزی	_	_	_
3	۲	۲	_	_	_
4	بر	بر	_	_	_
5	صفر	صفر	_	_	_
6	مقابل	مقابل	_	_	_
7	تیم	تیم	_	_	_
8	ضعیف	ضعیف	_	_	_
9	استقلال	استقلال	_	_	_
10	،	،	_	_	_
11	ضعیف	ضعیف	_	_	_
12	بودن	بودن	_	_	_
13	این	این	_	_	_
14	تیم	تیم	_	_	_
15	بود	بود&باش	_	_	_
16	.	.	_	_	_
			_	_	_
0	اژدها	اژدها	_	_	_
1	که	که	_	_	_
2	از	از	_	_	_
3	در	در	_	_	_
4	واردشد	واردشد	_	_	_
5	همگی	همگی	_	_	_
6	ترسیدند	ترسید&ترس	_	_	_
7	!	!	_	_	_
			_	_	_
0	دانشجویان	دانشجو	_	_	_
1	دکترای	دکترا	_	_	_
2	حاضر	حاضر	_	_	_
3	در	در	_	_	_
4	کلاس	کلاس	_	_	_
5	مسیول	مسیول	_	_	_
6	هدایت	هدایت	_	_	_
7	فرایند	فرایند	_	_	_
8	،	،	_	_	_
9	کنترل‌ها	کنترل	_	_	_
10	،	،	_	_	_
11	تهیه	تهیه	_	_	_
12	استانداردهای	استاندارد	_	_	_
13	مسابقه	مسابقه	_	_	_
14	و	و	_	_	_
15	برچسب‌زنی	برچسب‌زنی	_	_	_
16	داده‌ها	داده	_	_	_
17	،	،	_	_	_
18	تکمیل	تکمیل	_	_	_
19	داده	داده	_	_	_
20	تست	تست	_	_	_
21	و	و	_	_	_
22	تهیه	تهیه	_	_	_
23	گزارش	گزارش	_	_	_
24	(مقاله)	(مقاله)	_	_	_
25	مروری	مرور	_	_	_
26	از	از	_	_	_
27	کل	کل	_	_	_
28	مطالعه	مطالعه	_	_	_
29	و	و	_	_	_
30	بررسی	بررسی	_	_	_
31	انجام‌شده	انجام‌شده	_	_	_
32	هستند	هستند	_	_	_
33	لذا	لذا	_	_	_
34	باید	باید	_	_	_
35	به	به	_	_	_
36	کل	کل	_	_	_
37	ابزارها	ابزار	_	_	_
38	اشراف	شریف	_	_	_
39	نسبی	نسبی	_	_	_
40	داشته باشند	داشت&دار	_	_	_
41	.	.	_	_	_
			_	_	_
0	شرح	شرح	_	_	_
1	وظایف	وظیفه	_	_	_
2	این	این	_	_	_
3	دسته	دسته	_	_	_
4	جداگانه	جداگانه	_	_	_
5	در	در	_	_	_
6	جلسه	جلسه	_	_	_
7	حضوری	حضوری	_	_	_
8	تشریح	تشریح	_	_	_
9	خواهدشد	شد&شو	_	_	_
10	.	.	_	_	_
			_	_	_
0	دیگری	دیگری	_	_	_
1	جمع	جمع	_	_	_
2	«	«	_	_	_
3	مکسر	مکسر	_	_	_
4	»	»	_	_	_
5	است	اس	_	_	_
6	که	که	_	_	_
7	قاعدهی	قاعده	_	_	_
8	معینی	معین	_	_	_
9	ندارد	داشت&دار	_	_	_
10	،	،	_	_	_
11	یعنی	یعنی	_	_	_
12	«	«	_	_	_
13	قیاسی	قیاسی	_	_	_
14	»	»	_	_	_
15	نیست	نیست	_	_	_
16	،	،	_	_	_
17	«	«	_	_	_
18	سماعی	سماعی	_	_	_
19	»	»	_	_	_
20	است	اس	_	_	_
21	و	و	_	_	_
22	درمورد	درمورد	_	_	_
23	هر	هر	_	_	_
24	اسم	اسم	_	_	_
25	مفردی	مفرد	_	_	_
26	باید	باید	_	_	_
27	دید	دید	_	_	_
28	یا	یا	_	_	_
29	درواقع	درواقع	_	_	_
30	شنید	شنید&شنو	_	_	_
31	که	که	_	_	_
32	اهل	اهل	_	_	_
33	زبان	زبان	_	_	_
34	مفرد	مفرد	_	_	_
35	ان	ان	_	_	_
36	را	را	_	_	_
37	به	به	_	_	_
38	چه	چه	_	_	_
39	صورت	صورت	_	_	_
40	می‌شکند	شکست&شکن	_	_	_
41	و	و	_	_	_
42	چه‌گونه	چه‌گونه	_	_	_
43	به	به	_	_	_
44	صورت	صورت	_	_	_
45	جمع	جمع	_	_	_
46	مکسر	مکسر	_	_	_
47	یا	یا	_	_	_
48	شکسته	شکسته	_	_	_
49	درمی‌آورد	درمی‌آورد	_	_	_
50	.	.	_	_	_

