0	درهم‌تنیدگی	درهم‌تنیدگی	درهم‌تنیدگی	درهم‌تنیدگی	اسم
1	کوانتومی	کوانتومی|کوانتوم	کوانتومی	کوانتومی|کوانتوم + ی	صفت|اسم + ی
2	می‌گوید	گو	می‌گوید	می + گو + ید	دوم شخص جمع

0	«	«	«	«	
1	در	در|در|در|در|در	در	در|در|در|در|در	حرف اضافه|فعل امر مثبت|اسم|اسم|پیشوند فعل
2	سامانه‌های	سامانه|سامان	سامانه	سامانه + ها + ی|سامان + ه + ها + ی	اسم + علامت جمع + ی|اسم + ه + علامت جمع + ی
3	مرکب	مرکب|مرکب	مرکب	مرکب|مرکب	صفت|اسم
4	با	با	با	با	حرف اضافه
5	وضعیت‌هایی	وضعیت	وضعیت	وضعیت + ها + یی	اسم + علامت جمع + یی
6	مواجه	مواجه|مواج	مواجه	مواجه|مواج + ه	صفت|صفت + ه
7	می‌شویم	شو	می‌شویم	می + شو + یم	اول شخص جمع

0	که	که|که|که|که	که	که|که|که|که	حرف ربط|ضمیر پرسشی|اسم|اسم
1	در	در|در|در|در|در	در	در|در|در|در|در	حرف اضافه|فعل امر مثبت|اسم|اسم|پیشوند فعل
2	آن	ان	آن	ان	اختصارات
3	اجزای	اجزا	اجزای	اجزا + ی	اسم + ی
4	سامانه	سامانه|سامان|سا	سامانه	سامانه|سامان + ه|سا + مان + ه	اسم|اسم + ه|بن مضارع + ضمیر ملکی اول شخص جمع + ه
5	دارای	دارا|دار	دارای	دارا + ی|دار + ا + ی	صفت + ی|ریشه مضارع + ا + ی
6	هیچ	هیچ	هیچ	هیچ	صفت اشاره
7	ویژگی	ویژگی|ویژه	ویژگی	ویژگی|ویژه + گی	اسم|صفت + گی
8	نیستند	نیست|است	نیستند	نیست + ند|نی + است + ند	اسم + فعل سوم شخص جمع|سوم شخص جمع

0	بلکه	بلکه|لکه|لک|بل	بلکه	بلکه|ب + لکه|ب + لک + ه|بل + ک + ه	قید|ب + اسم|ب + اسم + ه|اسم + ک + ه
1	فقط	فقط	فقط	فقط	قید
2	سامانه‌ی	سامانه|سامان	سامانه‌ی	سامانه + ی|سامان + ه + ی	اسم + ی|اسم + ه + ی
3	کل	کل|کل|کل	کل	کل|کل|کل	صفت|اسم|اسم
4	دارای	دارا|دار	دارای	دارا + ی|دار + ا + ی	صفت + ی|ریشه مضارع + ا + ی
5	دسته‌ای	دسته‌ای|دست	دسته‌ای	دسته‌ای|دست + ه + ای	صفت|اسم + ه + ای
6	از	از	از	از	حرف اضافه
7	ویژگی‌ها	ویژگی|ویژه	ویژگی	ویژگی + ها|ویژه + گی + ها	اسم + علامت جمع|صفت + گی + علامت جمع
8	است	است|اس	است	است|اس + ت	سوم شخص مفرد|اسم + ضمیر ملکی دوم شخص مفرد
9	.	.	.	.	علامت نگارشی

0	»	»	»	»	
1	به	به|به	به	به|به	حرف اضافه|اسم
2	زبان	زبان	زبان	زبان	اسم
3	ساده	ساده|ساد	ساده	ساده|ساد + ه	صفت|صفت + ه
4	و	و|و|و	و	و|و|و	حرف ربط|حروف الفبا|اختصارات
5	به	به|به	به	به|به	حرف اضافه|اسم
6	عنوان	عنوان	عنوان	عنوان	اسم
7	اولین	اولین|اول	اولین	اولین|اول + ین	صفت|صفت + ین
8	مثال	مثال	مثال	مثال	اسم
9	تاریخی	تاریخی|تاریخ	تاریخی	تاریخی|تاریخ + ی	صفت|اسم + ی
10	،	،	،	،	
11	درهم‌تنیدگی	درهم‌تنیدگی	درهم‌تنیدگی	درهم‌تنیدگی	اسم
12	جفت شدن	جفت شدن	جفت شدن	جفت+ +شدن	_

0	خواص	خاصه	خواص	خاصه	اسم مفرد جمع مکسر
1	مکانیکی	مکانیکی|مکانیک|مکانی|مکان|مک|مک	مکانیکی	مکانیکی|مکانیک + ی|مکانی + ک + ی|مکان + ی + ک + ی|مک + ان + ی + ک + ی|مک + ان + ی + ک + ی	صفت|اسم + ی|صفت + ک + ی|اسم + ی + ک + ی|اسم + ان + ی + ک + ی|قید + ان + ی + ک + ی
2	دو	دو|دو|دو	دو	دو|دو|دو	عدد حرفی|فعل امر مثبت|اسم
3	ذره	ذره|ذر	ذره	ذره|ذر + ه	اسم|اسم + ه
4	است	است|اس	است	است|اس + ت	سوم شخص مفرد|اسم + ضمیر ملکی دوم شخص مفرد
5	،	،	،	،	

0	ذراتی	ذرات|ذر	ذراتی	ذرات + ی|ذر + ات + ی	اسم + ی|اسم + علامت جمع + ی
1	که	که|که|که|که	که	که|که|که|که	حرف ربط|ضمیر پرسشی|اسم|اسم
2	پیش‌تر	پیشتر|پیش	پیش‌تر	پیشتر|پیش + تر	صفت|صفت + علامت صفت تفضیلی
3	با	با	با	با	حرف اضافه
4	یکدیگر	یکدیگر	یکدیگر	یکدیگر	ضمیر مشترک/متقابل
5	در	در|در|در|در|در	در	در|در|در|در|در	حرف اضافه|فعل امر مثبت|اسم|اسم|پیشوند فعل
6	اندرکنش	اندرکنش	اندرکنش	اندرکنش	اسم
7	بوده	بود|بود|بود|ود	بوده	بود + ه|بود + ه|بود + ه|ب + ود + ه	ریشه ماضی + ه|اسم + ه|فعل اسنادی + ه|ب + اسم + ه

0	و	و|و|و	و	و|و|و	حرف ربط|حروف الفبا|اختصارات
1	سپس	سپس	سپس	سپس	قید
2	از	از	از	از	حرف اضافه
3	یکدیگر	یکدیگر	یکدیگر	یکدیگر	ضمیر مشترک/متقابل
4	جدا	جدا	جدا	جدا	صفت
5	شده‌اند	شد	شده‌اند	شد + ه + اند	سوم شخص جمع
6	.	.	.	.	علامت نگارشی

0	درهم‌تنیدگی	درهم‌تنیدگی	درهم‌تنیدگی	درهم‌تنیدگی	اسم
1	برای	برای|برا|بر	برای	برای|برا + ی|بر + ا + ی	حرف اضافه|صفت + ی|ریشه مضارع + ا + ی
2	ذراتی	ذرات|ذر	ذراتی	ذرات + ی|ذر + ات + ی	اسم + ی|اسم + علامت جمع + ی
3	همچون	همچون	همچون	همچون	حرف اضافه
4	فوتون‌ها	فوتون|فوت|فوت	فوتون	فوتون + ها|فوت + ون + ها|فوت + ون + ها	اسم + علامت جمع|اسم + علامت جمع + علامت جمع|اسم + علامت جمع + علامت جمع
5	،	،	،	،	
6	الکترون‌ها	الکترون	الکترون	الکترون + ها	اسم + علامت جمع
7	و	و|و|و	و	و|و|و	حرف ربط|حروف الفبا|اختصارات
8	حتی	حتی	حتی	حتی	قید
9	مولکول‌ها	مولکول	مولکول	مولکول + ها	اسم + علامت جمع
10	رخ	رخ|رخ	رخ	رخ|رخ	اسم|اسم
11	می‌دهد	ده	می‌دهد	می + ده + د	سوم شخص مفرد
12	.	.	.	.	علامت نگارشی

0	این	این|این	این	این|این	صفت اشاره|ضمیر اشاره
1	اندرکنش	اندرکنش	اندرکنش	اندرکنش	اسم
2	فیزیکی	فیزیکی|فیزیک	فیزیکی	فیزیکی|فیزیک + ی	صفت|اسم + ی
3	مربوط	مربوط	مربوط	مربوط	صفت
4	به	به|به	به	به|به	حرف اضافه|اسم
5	خواصی	خاصه	خواصی	خاصه + ی	اسم مفرد جمع مکسر + ی
6	نظیر	نظیر	نظیر	نظیر	اسم
7	مکان	مکان|مک|مک	مکان	مکان|مک + ان|مک + ان	اسم|اسم + ان|قید + ان
8	،	،	،	،	
9	تکانه	تکانه|تکان|تکان|تک|تک|تک	تکانه	تکانه|تکان + ه|تکان + ه|تک + ان + ه|تک + ان + ه|تک + ان + ه	اسم|بن مضارع + ه|اسم + ه|صفت + ان + ه|اسم + ان + ه|اسم + ان + ه
10	،	،	،	،	
11	اسپین	اسپین	اسپین	اسپین	اسم
12	و	و|و|و	و	و|و|و	حرف ربط|حروف الفبا|اختصارات
13	قطبش	قطبش|قطب|قطب	قطبش	قطبش|قطب + ش|قطب + ش	اسم|سوم شخص مفرد|اسم خاص مکان + ضمیر ملکی سوم شخص مفرد
14	و	و|و|و	و	و|و|و	حرف ربط|حروف الفبا|اختصارات
15	…	…	…	…	_
16	است	است|اس	است	است|اس + ت	سوم شخص مفرد|اسم + ضمیر ملکی دوم شخص مفرد

0	به	به|به	به	به|به	حرف اضافه|اسم
1	گونه‌ای	گونه|گون	گونه‌ای	گونه + ای|گون + ه + ای	اسم + ای|اسم + ه + ای
2	که	که|که|که|که	که	که|که|که|که	حرف ربط|ضمیر پرسشی|اسم|اسم
3	با	با	با	با	حرف اضافه
4	تعیین	تعیین	تعیین	تعیین	اسم
5	هر	هر	هر	هر	صفت اشاره
6	یک	یک	یک	یک	عدد حرفی
7	از	از	از	از	حرف اضافه
8	خواص	خاصه	خواص	خاصه	اسم مفرد جمع مکسر
9	برای	برای|برا|بر	برای	برای|برا + ی|بر + ا + ی	حرف اضافه|صفت + ی|ریشه مضارع + ا + ی
10	یکی	یکی|یک	یکی	یکی|یک + ی	صفت مبهم|عدد حرفی + ی
11	از	از	از	از	حرف اضافه
12	دو	دو|دو|دو	دو	دو|دو|دو	عدد حرفی|فعل امر مثبت|اسم
13	ذره	ذره|ذر	ذره	ذره|ذر + ه	اسم|اسم + ه
14	همان	همان|همان|هم	همان	همان|همان|هم + ان	صفت اشاره|ضمیر اشاره|قید + ان
15	خاصیت	خاصیت|خاص	خاصیت	خاصیت|خاص + یت	اسم|صفت + یت
16	در	در|در|در|در|در	در	در|در|در|در|در	حرف اضافه|فعل امر مثبت|اسم|اسم|پیشوند فعل
17	دیگری	دیگری|دی	دیگری	دیگری|دی + گری	صفت مبهم|اسم + گری
18	تعیین	تعیین	تعیین	تعیین	اسم
19	می‌شود	شو	می‌شود	می + شو + د	سوم شخص مفرد
20	.	.	.	.	علامت نگارشی

0	به	به|به	به	به|به	حرف اضافه|اسم
1	عبارت	عبارت	عبارت	عبارت	اسم
2	دیگر	دیگر|دیگر|دی	دیگر	دیگر|دیگر|دی + گر	قید|صفت مبهم|اسم + گر
3	هر	هر	هر	هر	صفت اشاره
4	یک	یک	یک	یک	عدد حرفی
5	از	از	از	از	حرف اضافه
6	ذرات	ذرات|ذر	ذرات	ذرات|ذر + ات	اسم|اسم + علامت جمع
7	جفت شده	جفت	جفت شده	جفت + شد + ه	بن مضارع + شد + ه
8	به	به|به	به	به|به	حرف اضافه|اسم
9	خوبی	خوبی|خوب	خوبی	خوبی|خوب + ی	اسم|صفت + ی
10	توسط	توسط|توسط	توسط	توسط|توسط	اسم|اسم موجود در ساختمان حرف اضافه و حرف ربط گروهی
11	حالت	حالت|حال	حالت	حالت|حال + ت	اسم|اسم + ضمیر ملکی دوم شخص مفرد
12	کوانتومی	کوانتومی|کوانتوم	کوانتومی	کوانتومی|کوانتوم + ی	صفت|اسم + ی
13	مشابه	مشابه	مشابه	مشابه	اسم
14	توصیف	توصیف	توصیف	توصیف	اسم
15	می‌شوند	شو	می‌شوند	می + شو + ند	سوم شخص جمع
16	.	.	.	.	علامت نگارشی

0	فلسفه‌ای	فلسفه|فلسف	فلسفه‌ای	فلسفه + ای|فلسف + ه + ای	اسم + ای|بن مضارع + ه + ای
1	که	که|که|که|که	که	که|که|که|که	حرف ربط|ضمیر پرسشی|اسم|اسم
2	منجر	منجر	منجر	منجر	صفت
3	به	به|به	به	به|به	حرف اضافه|اسم
4	شکل‌گیری‌ی	شکل‌گیری	شکل‌گیری‌ی	شکل‌گیری + ی	اسم + ی
5	زبان‌های‌شی	زبان	زبان‌های‌شی	زبان + ها + ی + ش + ی	اسم + علامت جمع + ی + ضمیر ملکی سوم شخص مفرد + ی
6	گرا	گرا|گرا|گر	گرا	گرا|گرا|گر + ا	فعل امر مثبت|اسم|ریشه مضارع + ا
7	شد	شد	شد	شد	سوم شخص مفرد
8	،	،	،	،	

0	عبارت	عبارت	عبارت	عبارت	اسم
1	بود	بود|بود|بود|بو|ود	بود	بود|بود|بود|بو + د|ب + ود	سوم شخص مفرد|اسم|سوم شخص مفرد|سوم شخص مفرد|ب + اسم

0	از	از	از	از	حرف اضافه
1	این	این|این	این	این|این	صفت اشاره|ضمیر اشاره
2	واقعیت	واقعیت|واقعی|واقع	واقعیت	واقعیت|واقعی + ت|واقع + ی + ت	اسم|صفت + ضمیر ملکی دوم شخص مفرد|اسم + ی + ضمیر ملکی دوم شخص مفرد
3	که	که|که|که|که	که	که|که|که|که	حرف ربط|ضمیر پرسشی|اسم|اسم
4	نحوه‌ی	نحوه|نحو	نحوه‌ی	نحوه + ی|نحو + ه + ی	اسم + ی|اسم + ه + ی
5	عملکرد	عملکرد	عملکرد	عملکرد	اسم
6	مغز	مغز	مغز	مغز	اسم
7	و	و|و|و	و	و|و|و	حرف ربط|حروف الفبا|اختصارات
8	شیوه‌ی	شیوه|شیو	شیوه‌ی	شیوه + ی|شیو + ه + ی	اسم + ی|بن مضارع + ه + ی
9	دریافت	دریافت|دریافت	دریافت	دریافت|دریافت	سوم شخص مفرد|اسم
10	اطلاعات	اطلاعات|اطلاع	اطلاعات	اطلاعات|اطلاع + ات	اسم|اسم + علامت جمع
11	از	از	از	از	حرف اضافه
12	محیط	محیط	محیط	محیط	صفت
13	پیرامون	پیرامون|پیرامون	پیرامون	پیرامون|پیرامون	اسم|اسم موجود در ساختمان حرف اضافه و حرف ربط گروهی
14	و	و|و|و	و	و|و|و	حرف ربط|حروف الفبا|اختصارات
15	پردازش	پردازش|پرداز|پرداز	پردازش	پردازش|پرداز + ش|پرداز + ش	اسم|سوم شخص مفرد|اسم + ضمیر ملکی سوم شخص مفرد
16	آن	ان	آن	ان	اختصارات
17	اطلاعات	اطلاعات|اطلاع	اطلاعات	اطلاعات|اطلاع + ات	اسم|اسم + علامت جمع
18	(	(	(	(	
19	اندیشیدن	اندیشید|اندیش	اندیشیدن	اندیشید + ن|اندیش + ید + ن	بن ماضی + ن|بن مضارع + فعل دوم شخص جمع + ن
20	)	)	)	)	
21	،	،	،	،	
22	شیوه‌ای‌	شیوه‌ای|شیوه|شیو	شیوه‌ای‌	شیوه‌ای|شیوه + ای|شیو + ه + ای	صفت|اسم + ای|بن مضارع + ه + ای
23	شی‌گراست	شی گراست	شی‌گراست	ش+ی+‌گر+است	_
24	،	،	،	،	

0	از	از	از	از	حرف اضافه
1	همین	همین|همین|هم|ین	همین	همین|همین|هم + ین|هم + ین	صفت اشاره|ضمیر اشاره|قید + ین|هم + اسم
2	روی	روی|روی|رو|رو	روی	روی|روی|رو + ی|رو + ی	حرف اضافه گروهی|اسم|اسم + ی|دوم شخص مفرد
3	می‌بایستی	بایستی|بایست	می‌بایستی	می + بایستی|می + بایست + ی	می + فعل وجه نما|می + فعل وجه نما + ی
4	زبانی	زبانی|زبان	زبانی	زبانی|زبان + ی	صفت|اسم + ی
5	تعریف	تعریف	تعریف	تعریف	اسم
6	می‌شد	شد	می‌شد	می + شد	سوم شخص مفرد

0	که	که|که|که|که	که	که|که|که|که	حرف ربط|ضمیر پرسشی|اسم|اسم
1	همین	همین|همین|هم|ین	همین	همین|همین|هم + ین|هم + ین	صفت اشاره|ضمیر اشاره|قید + ین|هم + اسم
2	شیوه	شیوه|شیو	شیوه	شیوه|شیو + ه	اسم|بن مضارع + ه
3	را	را	را	را	حرف اضافه پسین
4	مبنای	مبنا	مبنای	مبنا + ی	اسم + ی
5	کار	کار|کار	کار	کار|کار	اسم|فعل امر مثبت
6	خود	خود|خود	خود	خود|خود	ضمیر مشترک/متقابل|اسم
7	قرار	قرار|قرار	قرار	قرار|قرار	اسم|اسم موجود در ساختمان حرف اضافه و حرف ربط گروهی
8	داده	داده|داد|داد	داده	داده|داد + ه|داد + ه	اسم|ریشه ماضی + ه|اسم + ه
9	و	و|و|و	و	و|و|و	حرف ربط|حروف الفبا|اختصارات
10	بازتولید	بازتولید	بازتولید	بازتولید	اسم
11	می‌کرد	کرد	می‌کرد	می + کرد	سوم شخص مفرد
12	؛	؛	؛	؛	

0	و	و|و|و	و	و|و|و	حرف ربط|حروف الفبا|اختصارات
1	دقیقاً	دقیقاً	دقیقاً	دقیقاً	قید
2	به	به|به	به	به|به	حرف اضافه|اسم
3	همان	همان|همان|هم	همان	همان|همان|هم + ان	صفت اشاره|ضمیر اشاره|قید + ان
4	شکل	شکل	شکل	شکل	اسم
5	که	که|که|که|که	که	که|که|که|که	حرف ربط|ضمیر پرسشی|اسم|اسم
6	اشیا	اشیا	اشیا	اشیا	اسم
7	در	در|در|در|در|در	در	در|در|در|در|در	حرف اضافه|فعل امر مثبت|اسم|اسم|پیشوند فعل
8	جهان	جهان|جهان|جه	جهان	جهان|جهان|جه + ان	اسم|فعل امر مثبت|اسم + ان
9	خارج	خارج	خارج	خارج	اسم
10	،	،	،	،	
11	دارای	دارا|دار	دارای	دارا + ی|دار + ا + ی	صفت + ی|ریشه مضارع + ا + ی
12	هویت	هویت|هوی|هو	هویت	هویت|هوی + ت|هو + ی + ت	اسم|اسم + ضمیر ملکی دوم شخص مفرد|اسم + ی + ضمیر ملکی دوم شخص مفرد
13	و	و|و|و	و	و|و|و	حرف ربط|حروف الفبا|اختصارات
14	کارکرد	کارکرد	کارکرد	کارکرد	اسم
15	مشخص	مشخص	مشخص	مشخص	صفت
16	و	و|و|و	و	و|و|و	حرف ربط|حروف الفبا|اختصارات
17	یگانه	یگانه|یگان	یگانه	یگانه|یگان + ه	صفت|اسم + ه
18	برای	برای|برا|بر	برای	برای|برا + ی|بر + ا + ی	حرف اضافه|صفت + ی|ریشه مضارع + ا + ی
19	خود	خود|خود	خود	خود|خود	ضمیر مشترک/متقابل|اسم
20	هستند	هست|هست	هستند	هست + ند|هست + ند	سوم شخص جمع|اسم + فعل سوم شخص جمع

0	و	و|و|و	و	و|و|و	حرف ربط|حروف الفبا|اختصارات
1	درعین‌حال	درعین‌حال	درعین‌حال	درعین‌حال	حرف ربط گروهی
2	با	با	با	با	حرف اضافه
3	دیگر	دیگر|دیگر|دی	دیگر	دیگر|دیگر|دی + گر	قید|صفت مبهم|اسم + گر
4	اشیا	اشیا	اشیا	اشیا	اسم
5	در	در|در|در|در|در	در	در|در|در|در|در	حرف اضافه|فعل امر مثبت|اسم|اسم|پیشوند فعل
6	ارتباطی	ارتباطی|ارتباط	ارتباطی	ارتباطی|ارتباط + ی	صفت|اسم + ی
7	تنگاتنگ	تنگاتنگ	تنگاتنگ	تنگاتنگ	صفت
8	و	و|و|و	و	و|و|و	حرف ربط|حروف الفبا|اختصارات
9	مستقیم‌اند	مستقیم	مستقیم‌اند	مستقیم+‌اند	_
10	،	،	،	،	

0	در	در|در|در|در|در	در	در|در|در|در|در	حرف اضافه|فعل امر مثبت|اسم|اسم|پیشوند فعل
1	زبان‌های	زبان	زبان	زبان + ها + ی	اسم + علامت جمع + ی
2	برنامه‌نویسی	برنامه‌نویسی	برنامه‌نویسی	برنامه‌نویسی	اسم
3	نیز	نیز|آز	نیز	نیز|نی + آز	قید|فعل امر منفی
4	می‌بایستی	بایستی|بایست	می‌بایستی	می + بایستی|می + بایست + ی	می + فعل وجه نما|می + فعل وجه نما + ی
5	این	این|این	این	این|این	صفت اشاره|ضمیر اشاره
6	اصول	اصول	اصول	اصول	اسم
7	کلی	کلی|کل|کل|کل	کلی	کلی|کل + ی|کل + ی|کل + ی	صفت|صفت + ی|اسم + ی|اسم + ی
8	برقرار	برقرار	برقرار	برقرار	صفت
9	می‌شد	شد	می‌شد	می + شد	سوم شخص مفرد
10	.	.	.	.	علامت نگارشی

0	تا	تا|تا|تا	تا	تا|تا|تا	حرف اضافه|حرف ربط|اختصارات
1	به	به|به	به	به|به	حرف اضافه|اسم
2	این	این|این	این	این|این	صفت اشاره|ضمیر اشاره
3	شکل	شکل	شکل	شکل	اسم
4	،	،	،	،	
5	برنامه‌نویس	برنامه‌نویس	برنامه‌نویس	برنامه‌نویس	اسم
6	بتواند	بتوان|توان|توان	بتواند	بتوان + د|ب + توان + د|ب + توان + د	سوم شخص مفرد|ب + فعل وجه نما + د|سوم شخص مفرد

0	با	با	با	با	حرف اضافه
1	بهره‌گیری	بهره‌گیری	بهره‌گیری	بهره‌گیری	اسم
2	از	از	از	از	حرف اضافه
3	زبانی	زبانی|زبان	زبانی	زبانی|زبان + ی	صفت|اسم + ی
4	که	که|که|که|که	که	که|که|که|که	حرف ربط|ضمیر پرسشی|اسم|اسم
5	به	به|به	به	به|به	حرف اضافه|اسم
6	روش	روش	روش	روش	اسم
7	اندیشیدنش	اندیشید|اندیش	اندیشیدنش	اندیشید + ن + ش|اندیش + ید + ن + ش	بن ماضی + ن + مضاف الیه سوم شخص مفرد|بن مضارع + فعل دوم شخص جمع + ن + مضاف الیه سوم شخص مفرد
8	،	،	،	،	
9	نزدیکی	نزدیکی|نزدیک	نزدیکی	نزدیکی|نزدیک + ی	اسم|صفت + ی
10	بیشتری	بیشتر|شتری|بیش|شتر	بیشتری	بیشتر + ی|بی + شتری|بیش + تر + ی|بی + شتر + ی	صفت + ی|بی + اسم|صفت + علامت صفت تفضیلی + ی|بی + اسم + ی
11	دارد	دار|دار	دارد	دار + د|دار + د	سوم شخص مفرد|فعل کمکی + د
12	،	،	،	،	

0	شی‌های	شی	شی	ش+ی+‌های	_
1	مختلفی	مختلف	مختلفی	مختلف + ی	صفت + ی
2	را	را	را	را	حرف اضافه پسین
3	تعریف	تعریف	تعریف	تعریف	اسم
4	نموده	نموده|نمود|نمود	نموده	نموده|نمود + ه|نمود + ه	صفت|ریشه ماضی + ه|اسم + ه
5	،	،	،	،	

0	این	این|این	این	این|این	صفت اشاره|ضمیر اشاره
1	شی‌ها	شی	شی	ش+ی+‌ها	_
2	را	را	را	را	حرف اضافه پسین
3	در	در|در|در|در|در	در	در|در|در|در|در	حرف اضافه|فعل امر مثبت|اسم|اسم|پیشوند فعل
4	ارتباط	ارتباط	ارتباط	ارتباط	اسم
5	با	با	با	با	حرف اضافه
6	یکدیگر	یکدیگر	یکدیگر	یکدیگر	ضمیر مشترک/متقابل
7	قرار	قرار|قرار	قرار	قرار|قرار	اسم|اسم موجود در ساختمان حرف اضافه و حرف ربط گروهی
8	داده	داده|داد|داد	داده	داده|داد + ه|داد + ه	اسم|ریشه ماضی + ه|اسم + ه

0	و	و|و|و	و	و|و|و	حرف ربط|حروف الفبا|اختصارات
1	از	از	از	از	حرف اضافه
2	شی‌های	شی	شی	ش+ی+‌های	_
3	پویای	پویا	پویای	پویا + ی	صفت + ی
4	تولیدشده	تولیدشده	تولیدشده	تولیدشده	صفت
5	برای	برای|برا|بر	برای	برای|برا + ی|بر + ا + ی	حرف اضافه|صفت + ی|ریشه مضارع + ا + ی
6	حل	حل	حل	حل	اسم
7	مسئله‌ی	مسئله	مسئله‌ی	مسئله+‌ی	_
8	پیشروی	پیشروی|پیشرو|روی|رو|رو	پیشروی	پیشروی|پیشرو + ی|پیش + روی|پیش + رو + ی|پیش + رو + ی	اسم|صفت + ی|پیش + اسم|پیش + اسم + ی|پیش + بن مضارع + ی
9	استفاده	استفاده	استفاده	استفاده	اسم
10	نماید	نما|نما	نماید	نما + ید|نما + ید	دوم شخص جمع|دوم شخص جمع
11	.	.	.	.	علامت نگارشی

0	امروزه	امروزه|امروز	امروزه	امروزه|امروز + ه	قید|اسم + ه
1	اکثر	اکثر	اکثر	اکثر	صفت
2	زبان‌های	زبان	زبان	زبان + ها + ی	اسم + علامت جمع + ی
3	دستوری	دستوری|دستور|دست	دستوری	دستوری|دستور + ی|دست + ور + ی	صفت|اسم + ی|اسم + ور + ی
4	برنامه‌نویسی	برنامه‌نویسی	برنامه‌نویسی	برنامه‌نویسی	اسم
5	از	از	از	از	حرف اضافه
6	فنون	فنون|فن|فن	فنون	فنون|فن + ون|فن + ون	اسم|اسم + علامت جمع|اسم + علامت جمع
7	شی‌گرایی	شی گرایی	شی‌گرایی	ش+ی+‌گرایی	_
8	پشتیبانی	پشتیبانی|پشتیبان|پشتی	پشتیبانی	پشتیبانی|پشتیبان + ی|پشتی + بان + ی	اسم|اسم + ی|اسم + بان + ی
9	می‌کنند	کن|کن	می‌کنند	می + کن + ند|می + کن + ند	سوم شخص جمع|سوم شخص جمع
10	.	.	.	.	علامت نگارشی

0	زبان‌هایی	زبان	زبان	زبان + ها + یی	اسم + علامت جمع + یی
1	مانند	مانند|مانند|مان|مان	مانند	مانند|مانند|مان + ند|مان + ند	اسم|اسم موجود در ساختمان حرف اضافه و حرف ربط گروهی|سوم شخص جمع|اسم + فعل سوم شخص جمع
2	جاوا	جاوا	جاوا	جاوا	_
3	،	،	،	،	
4	سی++	سی|سی	سی++	سی|سی	عدد حرفی|اختصارات
5	،	،	،	،	
6	سی‌شارپ	سی شارپ	سی‌شارپ	سی‌+شار+پ	_
7	،	،	،	،	
8	دلفی	دلفی	دلفی	دلف+ی	_
9	ازجمله	ازجمله	ازجمله	ازجمله	قید
10	زبان‌های	زبان	زبان	زبان + ها + ی	اسم + علامت جمع + ی
11	شی‌گرا	شی گرا	شی‌گرا	ش+ی+گرا	_
12	هستند	هست|هست	هستند	هست + ند|هست + ند	سوم شخص جمع|اسم + فعل سوم شخص جمع
13	.	.	.	.	علامت نگارشی

0	حتی	حتی	حتی	حتی	قید
1	بسیاری	بسیاری|بسیار|بسیار|سیار|بس	بسیاری	بسیاری|بسیار + ی|بسیار + ی|ب + سیار + ی|بس + یار + ی	صفت مبهم|صفت + ی|قید + ی|ب + صفت + ی|صفت + یار + ی
2	از	از	از	از	حرف اضافه
3	زبان‌های	زبان	زبان	زبان + ها + ی	اسم + علامت جمع + ی
4	روال	روال	روال	روال	اسم
5	گونه	گونه|گون	گونه	گونه|گون + ه	اسم|اسم + ه
6	که	که|که|که|که	که	که|که|که|که	حرف ربط|ضمیر پرسشی|اسم|اسم
7	ساختار	ساختار|ساخت	ساختار	ساختار|ساخت + ار	اسم|ریشه ماضی + ار
8	برنامه‌ها	برنامه	برنامه	برنامه + ها	اسم + علامت جمع
9	در	در|در|در|در|در	در	در|در|در|در|در	حرف اضافه|فعل امر مثبت|اسم|اسم|پیشوند فعل
10	آن‌ها	آن ها	آن	آن+‌ها	_
11	بلوک‌هایی	بلوک|لوک|لو	بلوک	بلوک + ها + یی|ب + لوک + ها + یی|ب + لو + ک + ها + یی	اسم + علامت جمع + یی|ب + اسم + علامت جمع + یی|ب + اسم + ک + علامت جمع + یی
12	با	با	با	با	حرف اضافه
13	نام	نام|نام	نام	نام|نام	اسم|فعل امر مثبت
14	پروسیجر	پروسیجر	پروسیجر	پرو+سی+جر	_
15	است	است|اس	است	است|اس + ت	سوم شخص مفرد|اسم + ضمیر ملکی دوم شخص مفرد

0	امروزه	امروزه|امروز	امروزه	امروزه|امروز + ه	قید|اسم + ه
1	از	از	از	از	حرف اضافه
2	فنون	فنون|فن|فن	فنون	فنون|فن + ون|فن + ون	اسم|اسم + علامت جمع|اسم + علامت جمع
3	شی‌گرایی	شی گرایی	شی‌گرایی	ش+ی+‌گرایی	_
4	نیز	نیز|آز	نیز	نیز|نی + آز	قید|فعل امر منفی
5	پشتبانی	پشت	پشتبانی	پشت + بان + ی	اسم + بان + ی
6	می‌کنند	کن|کن	می‌کنند	می + کن + ند|می + کن + ند	سوم شخص جمع|سوم شخص جمع
7	.	.	.	.	علامت نگارشی

0	زبان‌های	زبان	زبان	زبان + ها + ی	اسم + علامت جمع + ی
1	سی++	سی|سی	سی++	سی|سی	عدد حرفی|اختصارات
2	و	و|و|و	و	و|و|و	حرف ربط|حروف الفبا|اختصارات
3	‌پی‌اچ‌پی	پی اچ پی	‌پی‌اچ‌پی	پی‌+اچ‌پی	_
4	از	از	از	از	حرف اضافه
5	این	این|این	این	این|این	صفت اشاره|ضمیر اشاره
6	جمله	جمله|جمل	جمله	جمله|جمل + ه	اسم|اسم + ه
7	هستند	هست|هست	هستند	هست + ند|هست + ند	سوم شخص جمع|اسم + فعل سوم شخص جمع
8	.	.	.	.	علامت نگارشی

0	هر	هر	هر	هر	صفت اشاره
1	شی‌ء	شی‌ء	شی‌ء	شی‌ء	اسم
2	یک	یک	یک	یک	عدد حرفی
3	سری	سری|سری|سر|سر|سر	سری	سری|سری|سر + ی|سر + ی|سر + ی	اسم|صفت|دوم شخص مفرد|اسم + ی|اسم + ی
4	خصوصیت	خصوصیت|خصوصی|خصوص	خصوصیت	خصوصیت|خصوصی + ت|خصوص + ی + ت	اسم|صفت + ضمیر ملکی دوم شخص مفرد|اسم + ی + ضمیر ملکی دوم شخص مفرد
5	و	و|و|و	و	و|و|و	حرف ربط|حروف الفبا|اختصارات
6	قابلیت	قابلیت|قابل	قابلیت	قابلیت|قابل + یت	اسم|صفت + یت
7	دارد	دار|دار	دارد	دار + د|دار + د	سوم شخص مفرد|فعل کمکی + د
8	،	،	،	،	

0	که	که|که|که|که	که	که|که|که|که	حرف ربط|ضمیر پرسشی|اسم|اسم
1	اصطلاحاً	اصطلاحاً	اصطلاحاً	اصطلاحاً	قید
2	Properties	Properties	Properties	Properties	کلمه انگلیسی
3	و	و|و|و	و	و|و|و	حرف ربط|حروف الفبا|اختصارات
4	Operation	Operation	Operation	Operation	کلمه انگلیسی
5	خوانده می‌شوند	خواند	خوانده می‌شوند	خواند + ه + می + شو + ند	سوم شخص جمع
6	.	.	.	.	علامت نگارشی

0	در	در|در|در|در|در	در	در|در|در|در|در	حرف اضافه|فعل امر مثبت|اسم|اسم|پیشوند فعل
1	این	این|این	این	این|این	صفت اشاره|ضمیر اشاره
2	پارادایم	پارادایم	پارادایم	پارادایم	اسم
3	برنامه‌نویسی	برنامه‌نویسی	برنامه‌نویسی	برنامه‌نویسی	اسم
4	،	،	،	،	
5	دید	دید|دید	دید	دید|دید	سوم شخص مفرد|اسم
6	برنامه‌نویس	برنامه‌نویس	برنامه‌نویس	برنامه‌نویس	اسم
7	به	به|به	به	به|به	حرف اضافه|اسم
8	سیستم	سیستم	سیستم	سیستم	اسم
9	دید	دید|دید	دید	دید|دید	سوم شخص مفرد|اسم
10	شخصی	شخصی|شخص	شخصی	شخصی|شخص + ی	صفت|اسم + ی
11	است	است|اس	است	است|اس + ت	سوم شخص مفرد|اسم + ضمیر ملکی دوم شخص مفرد

0	که	که|که|که|که	که	که|که|که|که	حرف ربط|ضمیر پرسشی|اسم|اسم
1	سعی	سعی	سعی	سعی	صفت
2	می‌نماید	نما|نما	می‌نماید	می + نما + ید|می + نما + ید	دوم شخص جمع|دوم شخص جمع

0	با	با	با	با	حرف اضافه
1	پیدا	پیدا	پیدا	پیدا	صفت
2	کردن	کرد	کردن	کرد + ن	بن ماضی + ن
3	اشیاء	اشیاء	اشیاء	اشیا+ء	_
4	مختلف	مختلف	مختلف	مختلف	صفت
5	در	در|در|در|در|در	در	در|در|در|در|در	حرف اضافه|فعل امر مثبت|اسم|اسم|پیشوند فعل
6	سیستم	سیستم	سیستم	سیستم	اسم
7	و	و|و|و	و	و|و|و	حرف ربط|حروف الفبا|اختصارات
8	برقراری	برقراری|برقرار	برقراری	برقراری|برقرار + ی	اسم|صفت + ی
9	ارتباط	ارتباط	ارتباط	ارتباط	اسم
10	بین	بین|بین|بین|ین	بین	بین|بین|بین|ب + ین	فعل امر مثبت|صفت|اسم موجود در ساختمان حرف اضافه و حرف ربط گروهی|ب + اسم
11	آن‌ها	آن ها	آن	آن+‌ها	_

0	سیستم	سیستم	سیستم	سیستم	اسم
1	را	را	را	را	حرف اضافه پسین
2	تولید	تولید	تولید	تولید	اسم
3	نماید	نما|نما	نماید	نما + ید|نما + ید	دوم شخص جمع|دوم شخص جمع
4	.	.	.	.	علامت نگارشی

0	ردیت	ردی|رد	ردیت	ردی + ت|رد + ی + ت	اسم + ضمیر ملکی دوم شخص مفرد|صفت + ی + ضمیر ملکی دوم شخص مفرد
1	یک	یک	یک	یک	عدد حرفی
2	وب‌گاه	وبگاه	وب‌گاه	وبگاه	اسم
3	برای	برای|برا|بر	برای	برای|برا + ی|بر + ا + ی	حرف اضافه|صفت + ی|ریشه مضارع + ا + ی
4	جمع‌آوری	جمع آوری	جمع‌آوری	جمع+‌آور+ی	_
5	اخبار	اخبار|خبر|اخ	اخبار	اخبار|خبر|اخ + بار	اسم|اسم مفرد جمع مکسر|صفت + بار
6	اجتماعی	اجتماعی|اجتماع	اجتماعی	اجتماعی|اجتماع + ی	صفت|اسم + ی
7	که	که|که|که|که	که	که|که|که|که	حرف ربط|ضمیر پرسشی|اسم|اسم
8	در	در|در|در|در|در	در	در|در|در|در|در	حرف اضافه|فعل امر مثبت|اسم|اسم|پیشوند فعل
9	آن	ان	آن	ان	اختصارات
10	کاربران	کاربر|کار	کاربران	کاربر + ان|کار + بر + ان	صفت + ان|اسم + بر + ان
11	ثبت‌نام‌کرده	ثبت‌نام‌کرده|ثبت نام کرد	ثبت‌نام‌کرده	ثبت‌نام‌کرده|ثبت نام کرد + ه	صفت|ریشه ماضی + ه
12	قادرند	قادر	قادرند	قادر + ند	صفت + فعل سوم شخص جمع

0	اخبار	اخبار|خبر|اخ	اخبار	اخبار|خبر|اخ + بار	اسم|اسم مفرد جمع مکسر|صفت + بار
1	را	را	را	را	حرف اضافه پسین
2	در	در|در|در|در|در	در	در|در|در|در|در	حرف اضافه|فعل امر مثبت|اسم|اسم|پیشوند فعل
3	قالب	قالب	قالب	قالب	اسم
4	لینک	لین	لینک	لین + ک	اسم + ک
5	یا	یا|یا	یا	یا|یا	حرف ربط|صوت
6	متن	متن	متن	متن	اسم
7	ارسال	ارسال	ارسال	ارسال	اسم
8	کنند	کن|کن	کنند	کن + ند|کن + ند	سوم شخص جمع|سوم شخص جمع

0	و	و|و|و	و	و|و|و	حرف ربط|حروف الفبا|اختصارات
1	آن	ان	آن	ان	اختصارات
2	را	را	را	را	حرف اضافه پسین
3	با	با	با	با	حرف اضافه
4	دیگران	دیگران|دیگر|دی	دیگران	دیگران|دیگر + ان|دی + گر + ان	ضمیر فاعلی|قید + ان|اسم + گر + ان
5	به	به|به	به	به|به	حرف اضافه|اسم
6	اشتراک	اشتراک|اشتر	اشتراک	اشتراک|اشتر + اک	اسم|اسم + اک
7	بگذارند	گذار|گذار	بگذارند	ب + گذار + ند|ب + گذار + ند	سوم شخص جمع|ب + اسم + فعل سوم شخص جمع
8	.	.	.	.	علامت نگارشی

0	کاربران	کاربر|کار	کاربران	کاربر + ان|کار + بر + ان	صفت + ان|اسم + بر + ان
1	می‌توانند	توان|توان	می‌توانند	می + توان + ند|می + توان + ند	می + فعل وجه نما + فعل سوم شخص جمع|سوم شخص جمع

0	به	به|به	به	به|به	حرف اضافه|اسم
1	پست	پست|پست	پست	پست|پست	اسم|صفت
2	یا	یا|یا	یا	یا|یا	حرف ربط|صوت
3	گزارش‌های	گزارش|گزار	گزارش	گزارش + ها + ی|گزار + ش + ها + ی	اسم + علامت جمع + ی|بن مضارع + ش + علامت جمع + ی
4	نوشته شده	نوشته شد|نوشت	نوشته شده	نوشته شد + ه|نوشت + ه + شد + ه	ریشه ماضی + ه|ریشه ماضی + ه
5	رأی	رأی	رأی	رأی	اسم
6	دهند	ده|ده	دهند	ده + ند|ده + ند	سوم شخص جمع|اسم + فعل سوم شخص جمع

0	و	و|و|و	و	و|و|و	حرف ربط|حروف الفبا|اختصارات
1	جایگاه	جایگاه|جای|جا	جایگاه	جایگاه|جای + گاه|جا + ی + گاه	اسم|اسم + گاه|اسم + گاه
2	آن	ان	آن	ان	اختصارات
3	خبر	خبر	خبر	خبر	اسم
4	را	را	را	را	حرف اضافه پسین
5	در	در|در|در|در|در	در	در|در|در|در|در	حرف اضافه|فعل امر مثبت|اسم|اسم|پیشوند فعل
6	صفحات	صفحات|صفحه	صفحه	صفحات|صفحه + ات	اسم|اسم + علامت جمع
7	ردیت	ردی|رد	ردیت	ردی + ت|رد + ی + ت	اسم + ضمیر ملکی دوم شخص مفرد|صفت + ی + ضمیر ملکی دوم شخص مفرد
8	و	و|و|و	و	و|و|و	حرف ربط|حروف الفبا|اختصارات
9	صفحه‌ی	صفحه	صفحه‌ی	صفحه + ی	اسم + ی
10	اصلی	اصلی|اصل	اصلی	اصلی|اصل + ی	صفت|صفت + ی
11	مشخص	مشخص	مشخص	مشخص	صفت
12	کنند	کن|کن	کنند	کن + ند|کن + ند	سوم شخص جمع|سوم شخص جمع
13	.	.	.	.	علامت نگارشی

0	درواقع	درواقع	درواقع	درواقع	قید
1	کاربران	کاربر|کار	کاربران	کاربر + ان|کار + بر + ان	صفت + ان|اسم + بر + ان
2	هستند	هست|هست	هستند	هست + ند|هست + ند	سوم شخص جمع|اسم + فعل سوم شخص جمع

0	که	که|که|که|که	که	که|که|که|که	حرف ربط|ضمیر پرسشی|اسم|اسم
1	در	در|در|در|در|در	در	در|در|در|در|در	حرف اضافه|فعل امر مثبت|اسم|اسم|پیشوند فعل
2	ردیت	ردی|رد	ردیت	ردی + ت|رد + ی + ت	اسم + ضمیر ملکی دوم شخص مفرد|صفت + ی + ضمیر ملکی دوم شخص مفرد
3	اهمیت	اهمیت|اهم	اهمیت	اهمیت|اهم + یت	اسم|صفت + یت
4	خبر	خبر	خبر	خبر	اسم
5	را	را	را	را	حرف اضافه پسین
6	تعیین	تعیین	تعیین	تعیین	اسم
7	می‌کنند	کن|کن	می‌کنند	می + کن + ند|می + کن + ند	سوم شخص جمع|سوم شخص جمع
8	.	.	.	.	علامت نگارشی

0	این	این|این	این	این|این	صفت اشاره|ضمیر اشاره
1	وب‌گاه	وبگاه	وب‌گاه	وبگاه	اسم
2	در	در|در|در|در|در	در	در|در|در|در|در	حرف اضافه|فعل امر مثبت|اسم|اسم|پیشوند فعل
3	سال	سال	سال	سال	اسم
4	۲۰۰۵	۲۰۰۵	۲۰۰۵	۲۰۰۵	عدد رقمی
5	توسط	توسط|توسط	توسط	توسط|توسط	اسم|اسم موجود در ساختمان حرف اضافه و حرف ربط گروهی
6	استیو	استیو	استیو	استیو	اسم خاص اشخاص
7	هافمن	هافمن	هافمن	هافمن	اسم فامیل
8	و	و|و|و	و	و|و|و	حرف ربط|حروف الفبا|اختصارات
9	الکسیس	الکسیس	الکسیس	الک+سیس	_
10	اوهانیان	اوهانیان	اوهانیان	اوه+ان+ی+ان	_
11	که	که|که|که|که	که	که|که|که|که	حرف ربط|ضمیر پرسشی|اسم|اسم
12	هر	هر	هر	هر	صفت اشاره
13	دو	دو|دو|دو	دو	دو|دو|دو	عدد حرفی|فعل امر مثبت|اسم
14	دانش‌آموخته‌ی	دانش آموخته	دانش‌آموخته‌ی	دانش‌+آموخته+‌ی	_
15	دانشگاه	دانشگاه|دانش|دان	دانشگاه	دانشگاه|دانش + گاه|دان + ش + گاه	اسم|اسم + گاه|بن مضارع + ش + گاه
16	ویرجینیا	ویرجینیا	ویرجینیا	ویرجینیا	اسم خاص مکان
17	هستند	هست|هست	هستند	هست + ند|هست + ند	سوم شخص جمع|اسم + فعل سوم شخص جمع

0	تأسیس	تأسیس	تأسیس	تأسیس	اسم
1	شد	شد	شد	شد	سوم شخص مفرد
2	.	.	.	.	علامت نگارشی

0	دفتر	دفتر	دفتر	دفتر	اسم
1	مرکزی	مرکزی|مرکز	مرکزی	مرکزی|مرکز + ی	صفت|اسم + ی
2	ردیت	ردی|رد	ردیت	ردی + ت|رد + ی + ت	اسم + ضمیر ملکی دوم شخص مفرد|صفت + ی + ضمیر ملکی دوم شخص مفرد
3	در	در|در|در|در|در	در	در|در|در|در|در	حرف اضافه|فعل امر مثبت|اسم|اسم|پیشوند فعل
4	سان‌فرانسیسکو	سان‌فرانسیسکو	سان‌فرانسیسکو	سان‌فرانسیسکو	اسم خاص مکان
5	،	،	،	،	
6	کالیفرنیا	کالیفرنیا	کالیفرنیا	کالیفرنیا	اسم خاص مکان
7	در	در|در|در|در|در	در	در|در|در|در|در	حرف اضافه|فعل امر مثبت|اسم|اسم|پیشوند فعل
8	ایالات‌متحده	ایالات‌متحده	ایالات‌متحده	ایالات‌متحده	اسم خاص مکان
9	آمریکا	امریکا	آمریکا	امریکا	اسم خاص مکان
10	است	است|اس	است	است|اس + ت	سوم شخص مفرد|اسم + ضمیر ملکی دوم شخص مفرد
11	.	.	.	.	علامت نگارشی

0	درخشش	درخشش|درخش	درخشش	درخشش|درخش + ش	اسم|سوم شخص مفرد
1	یا	یا|یا	یا	یا|یا	حرف ربط|صوت
2	تلألؤ	تلألؤ	تلألؤ	تلألؤ	اسم
3	(	(	(	(	
4	به	به|به	به	به|به	حرف اضافه|اسم
5	انگلیسی	انگلیسی	انگلیسی	انگلیسی	صفت
6	:	:	:		
7	The	The	The	The	کلمه انگلیسی
8	Shining	Shining	Shining	Shining	کلمه انگلیسی
9	)	)	)	)	
10	فیلمی	فیلم	فیلمی	فیلم + ی	اسم + ی
11	در	در|در|در|در|در	در	در|در|در|در|در	حرف اضافه|فعل امر مثبت|اسم|اسم|پیشوند فعل
12	سبک	سبک|سبک|سب	سبک	سبک|سبک|سب + ک	اسم|صفت|اسم + ک
13	ترسناک	ترسناک|ترس	ترسناک	ترسناک|ترس + ناک	صفت|اسم + ناک
14	روانشناسانه	روان	روانشناسانه	روان + شناس + انه	صفت + شناس + انه
15	محصول	محصول	محصول	محصول	اسم
16	آمریکا	امریکا	آمریکا	امریکا	اسم خاص مکان
17	و	و|و|و	و	و|و|و	حرف ربط|حروف الفبا|اختصارات
18	بریتانیا	بریتانیا	بریتانیا	بریتانیا	اسم خاص مکان
19	به	به|به	به	به|به	حرف اضافه|اسم
20	کارگردانی	کارگردانی|کارگردان|کارگر|کار	کارگردانی	کارگردانی|کارگردان + ی|کارگر + دان + ی|کار + گر + دان + ی	اسم|اسم + ی|اسم + دان + ی|اسم + گر + دان + ی
21	و	و|و|و	و	و|و|و	حرف ربط|حروف الفبا|اختصارات
22	تهیه‌کنندگی	تهیه‌کنندگی	تهیه‌کنندگی	تهیه‌کنندگی	اسم
23	استنلی	استنلی	استنلی	استن+لی	_
24	کوبریک	کوبریک	کوبریک	کوب+ریک	_
25	است	است|اس	است	است|اس + ت	سوم شخص مفرد|اسم + ضمیر ملکی دوم شخص مفرد

0	که	که|که|که|که	که	که|که|که|که	حرف ربط|ضمیر پرسشی|اسم|اسم
1	در	در|در|در|در|در	در	در|در|در|در|در	حرف اضافه|فعل امر مثبت|اسم|اسم|پیشوند فعل
2	سال	سال	سال	سال	اسم
3	۱۹۸۰	۱۹۸۰	۱۹۸۰	۱۹۸۰	عدد رقمی
4	منتشر	منتشر	منتشر	منتشر	صفت
5	شد	شد	شد	شد	سوم شخص مفرد
6	.	.	.	.	علامت نگارشی

0	فیلم‌نامه	فیلم‌نامه	فیلم‌نامه	فیلم‌نامه	اسم
1	این	این|این	این	این|این	صفت اشاره|ضمیر اشاره
2	کار	کار|کار	کار	کار|کار	اسم|فعل امر مثبت
3	را	را	را	را	حرف اضافه پسین
4	کوبریک	کوبریک	کوبریک	کوب+ریک	_
5	و	و|و|و	و	و|و|و	حرف ربط|حروف الفبا|اختصارات
6	دایان	دایان	دایان	دای+ان	_
7	جانسون	جانسون	جانسون	جانسون	اسم خاص اشخاص
8	،	،	،	،	
9	رمان‌نویس	رمان‌نویس	رمان‌نویس	رمان‌نویس	اسم
10	زاده	زاده|زاد|زاد|زاد	زاده	زاده|زاد + ه|زاد + ه|زاد + ه	اسم|ریشه ماضی + ه|بن مضارع + ه|اسم + ه
11	آمریکا	امریکا	آمریکا	امریکا	اسم خاص مکان
12	نوشتند	نوشت	نوشتند	نوشت + ند	سوم شخص جمع
13	.	.	.	.	علامت نگارشی

0	در	در|در|در|در|در	در	در|در|در|در|در	حرف اضافه|فعل امر مثبت|اسم|اسم|پیشوند فعل
1	این	این|این	این	این|این	صفت اشاره|ضمیر اشاره
2	فیلم	فیلم|فیل|فیل	فیلم	فیلم|فیل + م|فیل + م	اسم|اسم + ضمیر ملکی اول شخص مفرد|اسم + فعل اول شخص مفرد
3	هنرپیشگانی	هنرپیشه	هنرپیشگانی	هنرپیشه + گان + ی	اسم + علامت جمع + ی
4	همچون	همچون	همچون	همچون	حرف اضافه
5	جک	جک	جک	جک	اسم
6	نیکلسون	نیکلسون	نیکلسون	نیکلسون	اسم خاص اشخاص
7	،	،	،	،	
8	شلی	شلی|شل|شل	شلی	شلی|شل + ی|شل + ی	اسم فامیل|دوم شخص مفرد|اسم + ی
9	دووال	دووال	دووال	دو+وال	_
10	و	و|و|و	و	و|و|و	حرف ربط|حروف الفبا|اختصارات
11	دنی	دنی	دنی	دنی	اسم خاص اشخاص
12	لوید	لو	لوید	لو + ید	اسم + فعل سوم شخص مفرد
13	به	به|به	به	به|به	حرف اضافه|اسم
14	ایفای	ایفا	ایفای	ایفا + ی	اسم + ی
15	نقش	نقش|نق	نقش	نقش|نق + ش	اسم|اسم + ضمیر ملکی سوم شخص مفرد
16	پرداخته‌اند	پرداخته|پرداخت|پرداخت	پرداخته‌اند	پرداخته + اند|پرداخت + ه + اند|پرداخت + ه + اند	صفت + فعل سوم شخص جمع|سوم شخص جمع|اسم + ه + فعل سوم شخص جمع
17	.	.	.	.	علامت نگارشی

0	درخشش	درخشش|درخش	درخشش	درخشش|درخش + ش	اسم|سوم شخص مفرد
1	تنها	تنها|تن|تن	تنها	تنها|تن + ها|تن + ها	صفت|اسم + علامت جمع|اسم + علامت جمع
2	فیلم	فیلم|فیل|فیل	فیلم	فیلم|فیل + م|فیل + م	اسم|اسم + ضمیر ملکی اول شخص مفرد|اسم + فعل اول شخص مفرد
3	کوبریک	کوبریک	کوبریک	کوب+ریک	_
4	در	در|در|در|در|در	در	در|در|در|در|در	حرف اضافه|فعل امر مثبت|اسم|اسم|پیشوند فعل
5	ژانر	ژانر	ژانر	ژانر	اسم
6	وحشت	وحشت|وحش	وحشت	وحشت|وحش + ت	اسم|اسم + ضمیر ملکی دوم شخص مفرد
7	محسوب	محسوب	محسوب	محسوب	صفت
8	می‌شود	شو	می‌شود	می + شو + د	سوم شخص مفرد
9	.	.	.	.	علامت نگارشی

0	فیلم	فیلم|فیل|فیل	فیلم	فیلم|فیل + م|فیل + م	اسم|اسم + ضمیر ملکی اول شخص مفرد|اسم + فعل اول شخص مفرد
1	براساس	براساس	براساس	براساس	حرف اضافه گروهی
2	داستانی	داستانی|داستان|داس	داستانی	داستانی|داستان + ی|داس + تان + ی	صفت|اسم + ی|اسم + ضمیر ملکی دوم شخص جمع + ی
3	به	به|به	به	به|به	حرف اضافه|اسم
4	همین	همین|همین|هم|ین	همین	همین|همین|هم + ین|هم + ین	صفت اشاره|ضمیر اشاره|قید + ین|هم + اسم
5	نام	نام|نام	نام	نام|نام	اسم|فعل امر مثبت
6	از	از	از	از	حرف اضافه
7	استیون	استیون	استیون	استیون	اسم خاص اشخاص
8	کینگ	کینگ	کینگ	کینگ	_
9	ساخته شد	ساخت	ساخته شد	ساخت + ه + شد	سوم شخص مفرد
10	.	.	.	.	علامت نگارشی

0	جک	جک	جک	جک	اسم
1	نیکلسون	نیکلسون	نیکلسون	نیکلسون	اسم خاص اشخاص
2	در	در|در|در|در|در	در	در|در|در|در|در	حرف اضافه|فعل امر مثبت|اسم|اسم|پیشوند فعل
3	معروف‌ترین	معروف	معروف‌ترین	معروف + ترین	صفت + علامت صفت تفضیلی
4	سکانس	سکانس	سکانس	سکانس	اسم
5	فیلم	فیلم|فیل|فیل	فیلم	فیلم|فیل + م|فیل + م	اسم|اسم + ضمیر ملکی اول شخص مفرد|اسم + فعل اول شخص مفرد
6	برداشت‌های	برداشت	برداشت	برداشت + ها + ی	اسم + علامت جمع + ی
7	مکرر	مکرر	مکرر	مکرر	صفت
8	کوبریک	کوبریک	کوبریک	کوب+ریک	_
9	درحین	درحین	درحین	درحین	حرف اضافه گروهی
10	این	این|این	این	این|این	صفت اشاره|ضمیر اشاره
11	فیلم	فیلم|فیل|فیل	فیلم	فیلم|فیل + م|فیل + م	اسم|اسم + ضمیر ملکی اول شخص مفرد|اسم + فعل اول شخص مفرد
12	یکی	یکی|یک	یکی	یکی|یک + ی	صفت مبهم|عدد حرفی + ی
13	از	از	از	از	حرف اضافه
14	ضرب‌المثل‌های	ضرب‌المثل	ضرب‌المثل	ضرب‌المثل + ها + ی	اسم + علامت جمع + ی
15	صنعت	صنعت|صنع	صنعت	صنعت|صنع + ت	اسم|اسم + ضمیر ملکی دوم شخص مفرد
16	فیلمسازی	فیلم	فیلمسازی	فیلم + ساز + ی	اسم + ساز + ی
17	شده است	شد	شده است	شد + ه + است	سوم شخص مفرد
18	.	.	.	.	علامت نگارشی

0	او	او|او	او	او|او	ضمیر فاعلی|اختصارات
1	۱۲۷	۱۲۷	۱۲۷	۱۲۷	عدد رقمی
2	مرتبه	مرتبه|مرتب	مرتبه	مرتبه|مرتب + ه	اسم|صفت + ه
3	از	از	از	از	حرف اضافه
4	شلی	شلی|شل|شل	شلی	شلی|شل + ی|شل + ی	اسم فامیل|دوم شخص مفرد|اسم + ی
5	دووال	دووال	دووال	دو+وال	_
6	برای	برای|برا|بر	برای	برای|برا + ی|بر + ا + ی	حرف اضافه|صفت + ی|ریشه مضارع + ا + ی
7	یکی	یکی|یک	یکی	یکی|یک + ی	صفت مبهم|عدد حرفی + ی
8	از	از	از	از	حرف اضافه
9	سکانس‌های	سکانس	سکانس	سکانس + ها + ی	اسم + علامت جمع + ی
10	فیلم	فیلم|فیل|فیل	فیلم	فیلم|فیل + م|فیل + م	اسم|اسم + ضمیر ملکی اول شخص مفرد|اسم + فعل اول شخص مفرد
11	فیلمبرداری	فیلم‌برداری|فیلم‌بردار	فیلمبرداری	فیلم‌برداری|فیلم‌بردار + ی	اسم|اسم + ی
12	کرد	کرد|کرد	کرد	کرد|کرد	سوم شخص مفرد|اسم
13	.	.	.	.	علامت نگارشی

0	عصبیت	عصبیت|عصبی|عصب	عصبیت	عصبیت|عصبی + ت|عصب + ی + ت	اسم|صفت + ضمیر ملکی دوم شخص مفرد|اسم + ی + ضمیر ملکی دوم شخص مفرد
1	شلی	شلی|شل|شل	شلی	شلی|شل + ی|شل + ی	اسم فامیل|دوم شخص مفرد|اسم + ی
2	دووال	دووال	دووال	دو+وال	_
3	در	در|در|در|در|در	در	در|در|در|در|در	حرف اضافه|فعل امر مثبت|اسم|اسم|پیشوند فعل
4	فیلم	فیلم|فیل|فیل	فیلم	فیلم|فیل + م|فیل + م	اسم|اسم + ضمیر ملکی اول شخص مفرد|اسم + فعل اول شخص مفرد
5	به	به|به	به	به|به	حرف اضافه|اسم
6	خوبی	خوبی|خوب	خوبی	خوبی|خوب + ی	اسم|صفت + ی
7	مشهود	مشهود	مشهود	مشهود	صفت
8	است	است|اس	است	است|اس + ت	سوم شخص مفرد|اسم + ضمیر ملکی دوم شخص مفرد

0	اسکتمن	اسکتمن	اسکتمن	اسک+ت+من	_
1	کراترز	کراترز	کراترز	کر+ات+رز	_
2	به	به|به	به	به|به	حرف اضافه|اسم
3	نقش	نقش|نق	نقش	نقش|نق + ش	اسم|اسم + ضمیر ملکی سوم شخص مفرد
4	آشپز	آشپز	آشپز	آشپز	اسم
5	سیاه‌پوست	سیاه‌پوست	سیاه‌پوست	سیاه‌پوست	صفت
6	هتل	هتل	هتل	هتل	اسم
7	مجبور	مجبور	مجبور	مجبور	صفت
8	شد	شد	شد	شد	سوم شخص مفرد

0	۴۰	۴۰	۴۰	۴۰	عدد رقمی
1	بار	بار|بار	بار	بار|بار	فعل امر مثبت|اسم
2	صحنه	صحنه|صحن	صحنه	صحنه|صحن + ه	اسم|اسم + ه
3	درگیری	درگیری|درگیر|درگیر	درگیری	درگیری|درگیر + ی|درگیر + ی	اسم|صفت + ی|دوم شخص مفرد
4	با	با	با	با	حرف اضافه
5	تبر	تبر	تبر	تبر	اسم
6	را	را	را	را	حرف اضافه پسین
7	بازی	بازی|باز|باز|باز|باز	بازی	بازی|باز + ی|باز + ی|باز + ی|باز + ی	اسم|دوم شخص مفرد|صفت + ی|اسم + ی|قید + ی
8	کند	کند|کن|کن	کند	کند|کن + د|کن + د	صفت|سوم شخص مفرد|سوم شخص مفرد

0	و	و|و|و	و	و|و|و	حرف ربط|حروف الفبا|اختصارات
1	نهایتاً	نهایتاً	نهایتاً	نهایتاً	قید
2	دچار	دچار	دچار	دچار	قید
3	فروپاشی	فروپاشی|فروپاش	فروپاشی	فروپاشی|فروپاش + ی	اسم|دوم شخص مفرد
4	عصبی	عصبی|عصب	عصبی	عصبی|عصب + ی	صفت|اسم + ی
5	شده	شد	شده	شد + ه	فعل اسنادی + ه

0	و	و|و|و	و	و|و|و	حرف ربط|حروف الفبا|اختصارات
1	با	با	با	با	حرف اضافه
2	گریه	گریه|گری|گری	گریه	گریه|گری + ه|گری + ه	اسم|بن مضارع + ه|اسم + ه
3	به	به|به	به	به|به	حرف اضافه|اسم
4	کوبریک	کوبریک	کوبریک	کوب+ریک	_
5	گفت	گفت|گفت	گفت	گفت|گفت	سوم شخص مفرد|اسم
6	:	:	:		

0	«	«	«	«	
1	آقای	آقا	آقای	آقا+ی	_
2	کوبریک	کوبریک	کوبریک	کوب+ریک	_
3	آخه	اخ|اخ|اخ	آخه	اخ + ه|اخ + ه|اخ + ه	اسم + ه|اسم + ه|صفت + ه
4	چی	چی	چی	چی	ضمیر پرسشی
5	از	از	از	از	حرف اضافه
6	جونم	جون|جون	جونم	جون + م|جون + م	اسم + ضمیر ملکی اول شخص مفرد|اسم + فعل اول شخص مفرد
7	میخواین	میخواین	میخواین	می+خو+این	_
8	؟	؟	؟	؟	علامت نگارشی
9	»	»	»	»	

0	اما	اما	اما	اما	حرف ربط
1	کوبریک	کوبریک	کوبریک	کوب+ریک	_
2	سکانس	سکانس	سکانس	سکانس	اسم
3	خروج	خروج	خروج	خروج	اسم
4	و	و|و|و	و	و|و|و	حرف ربط|حروف الفبا|اختصارات
5	فوران	فوران	فوران	فوران	اسم
6	خون	خون	خون	خون	اسم
7	از	از	از	از	حرف اضافه
8	درون	درون|در|در	درون	درون|در + ون|در + ون	اسم|اسم + علامت جمع|اسم + علامت جمع
9	آسانسور	آسانسور	آسانسور	آسانسور	اسم
10	هتل	هتل	هتل	هتل	اسم
11	اورلووک	اورلووک	اورلووک	اور+لو+و+ک	_
12	را	را	را	را	حرف اضافه پسین
13	تنها	تنها|تن|تن	تنها	تنها|تن + ها|تن + ها	صفت|اسم + علامت جمع|اسم + علامت جمع
14	سه	سه	سه	سه	عدد حرفی
15	مرتبه	مرتبه|مرتب	مرتبه	مرتبه|مرتب + ه	اسم|صفت + ه
16	تکرار	تکرار	تکرار	تکرار	اسم
17	کرد	کرد|کرد	کرد	کرد|کرد	سوم شخص مفرد|اسم

0	و	و|و|و	و	و|و|و	حرف ربط|حروف الفبا|اختصارات
1	علت	علت|علت	علت	علت|علت	اسم|اسم موجود در ساختمان حرف اضافه و حرف ربط گروهی
2	به	به|به	به	به|به	حرف اضافه|اسم
3	سختی	سختی|سخت|سخت	سختی	سختی|سخت + ی|سخت + ی	صفت|دوم شخص مفرد|صفت + ی
4	تکرار	تکرار	تکرار	تکرار	اسم
5	این	این|این	این	این|این	صفت اشاره|ضمیر اشاره
6	صحنه	صحنه|صحن	صحنه	صحنه|صحن + ه	اسم|اسم + ه
7	بازمی‌گشت	بازگشت	بازمی‌گشت	می + بازگشت	سوم شخص مفرد

0	که	که|که|که|که	که	که|که|که|که	حرف ربط|ضمیر پرسشی|اسم|اسم
1	هر	هر	هر	هر	صفت اشاره
2	بار	بار|بار	بار	بار|بار	فعل امر مثبت|اسم
3	آماده	آماده|آماد	آماده	آماده|آماد + ه	صفت|اسم + ه
4	کردن	کرد	کردن	کرد + ن	بن ماضی + ن
5	آن	ان	آن	ان	اختصارات

0	۹	۹	۹	۹	عدد رقمی
1	ساعت	ساعت	ساعت	ساعت	اسم
2	طول	طول	طول	طول	اسم
3	می‌کشید	کشید|کش	می‌کشید	می + کشید|می + کش + ید	سوم شخص مفرد|دوم شخص جمع
4	!	!	!	!	علامت نگارشی

0	اما	اما	اما	اما	حرف ربط
1	کوبریک	کوبریک	کوبریک	کوب+ریک	_
2	پس‌از	پس‌از	پس‌از	پس‌از	حرف اضافه گروهی
3	تماشای	تماشا	تماشای	تماشا + ی	اسم + ی
4	سکانس	سکانس	سکانس	سکانس	اسم
5	می‌گفت	گفت	می‌گفت	می + گفت	سوم شخص مفرد
6	:	:	:		

0	«	«	«	«	
1	نه	نه|نه|نه	نه	نه|نه|نه	عدد حرفی|فعل امر مثبت|اسم
2	شبیه	شبیه|شبیه|شب	شبیه	شبیه|شبیه|شب + یه	صفت|اسم موجود در ساختمان حرف اضافه و حرف ربط گروهی|اسم + یه
3	خون	خون	خون	خون	اسم
4	واقعی	واقعی|واقع	واقعی	واقعی|واقع + ی	صفت|اسم + ی
5	نشد	شد	نشد	ن + شد	سوم شخص مفرد
6	.	.	.	.	علامت نگارشی
7	»	»	»	»	

0	نکته	نکته	نکته	نکته	اسم
1	جالب	جالب	جالب	جالب	صفت
2	درمورد	درمورد	درمورد	درمورد	حرف اضافه گروهی
3	این	این|این	این	این|این	صفت اشاره|ضمیر اشاره
4	صحنه	صحنه|صحن	صحنه	صحنه|صحن + ه	اسم|اسم + ه
5	این	این|این	این	این|این	صفت اشاره|ضمیر اشاره
6	بود	بود|بود|بود|بو|ود	بود	بود|بود|بود|بو + د|ب + ود	سوم شخص مفرد|اسم|سوم شخص مفرد|سوم شخص مفرد|ب + اسم

0	که	که|که|که|که	که	که|که|که|که	حرف ربط|ضمیر پرسشی|اسم|اسم
1	اداره	اداره	اداره	اداره	اسم
2	سانسور	سانسور	سانسور	سانسور	اسم
3	انگلستان	انگلستان	انگلستان	انگلستان	اسم خاص مکان
4	از	از	از	از	حرف اضافه
5	وفور	وفور	وفور	وفور	اسم
6	این	این|این	این	این|این	صفت اشاره|ضمیر اشاره
7	همه	همه|همه	همه	همه|همه	اسم|صفت مبهم
8	خون	خون	خون	خون	اسم
9	در	در|در|در|در|در	در	در|در|در|در|در	حرف اضافه|فعل امر مثبت|اسم|اسم|پیشوند فعل
10	یک	یک	یک	یک	عدد حرفی
11	سکانس	سکانس	سکانس	سکانس	اسم
12	به	به|به	به	به|به	حرف اضافه|اسم
13	تنگ	تنگ|تنگ	تنگ	تنگ|تنگ	صفت|اسم
14	آمده	امد	آمده	امد + ه	اسم + ه

0	و	و|و|و	و	و|و|و	حرف ربط|حروف الفبا|اختصارات
1	درجه	درجه|درج	درجه	درجه|درج + ه	اسم|اسم + ه
2	فیلم	فیلم|فیل|فیل	فیلم	فیلم|فیل + م|فیل + م	اسم|اسم + ضمیر ملکی اول شخص مفرد|اسم + فعل اول شخص مفرد
3	را	را	را	را	حرف اضافه پسین
4	فقط	فقط	فقط	فقط	قید
5	برای	برای|برا|بر	برای	برای|برا + ی|بر + ا + ی	حرف اضافه|صفت + ی|ریشه مضارع + ا + ی
6	بزرگسالان	بزرگ‌سالان|بزرگ‌سال	بزرگسالان	بزرگ‌سالان|بزرگ‌سال + ان	اسم|صفت + ان
7	اعلام	اعلام|اعلام	اعلام	اعلام|اعلام	اسم|اسم
8	نموده بود	نمود	نموده بود	نمود + ه + بود	سوم شخص مفرد

0	اما	اما	اما	اما	حرف ربط
1	گویا	گویا|گویا	گویا	گویا|گویا	صفت|قید
2	کوبریک	کوبریک	کوبریک	کوب+ریک	_
3	با	با	با	با	حرف اضافه
4	زیرکی	زیرکی|زیرک|زیر	زیرکی	زیرکی|زیرک + ی|زیر + ک + ی	اسم|صفت + ی|صفت + ک + ی
5	آن‌ها	آن ها	آن	آن+‌ها	_
6	را	را	را	را	حرف اضافه پسین
7	قانع	قانع	قانع	قانع	صفت
8	کرد	کرد|کرد	کرد	کرد|کرد	سوم شخص مفرد|اسم

0	که	که|که|که|که	که	که|که|که|که	حرف ربط|ضمیر پرسشی|اسم|اسم
1	این	این|این	این	این|این	صفت اشاره|ضمیر اشاره
2	مایع	مایع	مایع	مایع	اسم
3	لزج	لزج	لزج	لزج	صفت
4	،	،	،	،	
5	خون	خون	خون	خون	اسم
6	نبوده	نبود|بود|بود	نبوده	نبود + ه|ن + بود + ه|ن + بود + ه	اسم + ه|ریشه ماضی + ه|ن + فعل اسنادی + ه

0	بلکه	بلکه|لکه|لک|بل	بلکه	بلکه|ب + لکه|ب + لک + ه|بل + ک + ه	قید|ب + اسم|ب + اسم + ه|اسم + ک + ه
1	«	«	«	«	
2	فاضلاب	فاضلاب	فاضلاب	فاضلاب	اسم
3	»	»	»	»	
4	است	است|اس	است	است|اس + ت	سوم شخص مفرد|اسم + ضمیر ملکی دوم شخص مفرد
5	.	.	.	.	علامت نگارشی

0	بازیگر	بازیگر|بازی|باز|باز|باز|باز	بازیگر	بازیگر|بازی + گر|باز + ی + گر|باز + ی + گر|باز + ی + گر|باز + ی + گر	اسم|اسم + گر|بن مضارع + ی + گر|صفت + ی + گر|اسم + ی + گر|قید + ی + گر
1	نقش	نقش|نق	نقش	نقش|نق + ش	اسم|اسم + ضمیر ملکی سوم شخص مفرد
2	بچه	بچه|چه	بچه	بچه|ب + چه	اسم|ب + صفت
3	فیلم	فیلم|فیل|فیل	فیلم	فیلم|فیل + م|فیل + م	اسم|اسم + ضمیر ملکی اول شخص مفرد|اسم + فعل اول شخص مفرد
4	تا	تا|تا|تا	تا	تا|تا|تا	حرف اضافه|حرف ربط|اختصارات
5	۱۲	۱۲	۱۲	۱۲	عدد رقمی
6	سالگی	سالگی|ساله|سال	سالگی	سالگی|ساله + گی|سال + ه + گی	صفت|اسم + گی|اسم + ه + گی
7	نفهمید	فهمید|نفهم|فهم	نفهمید	ن + فهمید|نفهم + ید|ن + فهم + ید	سوم شخص مفرد|صفت + فعل دوم شخص جمع|دوم شخص جمع

0	که	که|که|که|که	که	که|که|که|که	حرف ربط|ضمیر پرسشی|اسم|اسم
1	در	در|در|در|در|در	در	در|در|در|در|در	حرف اضافه|فعل امر مثبت|اسم|اسم|پیشوند فعل
2	فیلمی	فیلم	فیلمی	فیلم + ی	اسم + ی
3	ترسناک	ترسناک|ترس	ترسناک	ترسناک|ترس + ناک	صفت|اسم + ناک
4	بازی	بازی|باز|باز|باز|باز	بازی	بازی|باز + ی|باز + ی|باز + ی|باز + ی	اسم|دوم شخص مفرد|صفت + ی|اسم + ی|قید + ی
5	کرده‌است	کرد	کرده‌است	کرد + ه + است	سوم شخص مفرد
6	.	.	.	.	علامت نگارشی

0	درصورتی‌که	درصورتی‌که	درصورتی‌که	درصورتی‌که	حرف ربط گروهی
1	در	در|در|در|در|در	در	در|در|در|در|در	حرف اضافه|فعل امر مثبت|اسم|اسم|پیشوند فعل
2	۷	۷	۷	۷	عدد رقمی
3	سالگی	سالگی|ساله|سال	سالگی	سالگی|ساله + گی|سال + ه + گی	صفت|اسم + گی|اسم + ه + گی
4	این	این|این	این	این|این	صفت اشاره|ضمیر اشاره
5	نقش	نقش|نق	نقش	نقش|نق + ش	اسم|اسم + ضمیر ملکی سوم شخص مفرد
6	را	را	را	را	حرف اضافه پسین
7	بازی	بازی|باز|باز|باز|باز	بازی	بازی|باز + ی|باز + ی|باز + ی|باز + ی	اسم|دوم شخص مفرد|صفت + ی|اسم + ی|قید + ی
8	کرده بود	کرد	کرده بود	کرد + ه + بود	سوم شخص مفرد
9	.	.	.	.	علامت نگارشی

0	کوبریک	کوبریک	کوبریک	کوب+ریک	_
1	حس	حس	حس	حس	اسم
2	مسئولیت	مسی|مس	مسئولیت	مسی + ول + یت|مس + ی + ول + یت	صفت + ول + یت|اسم + ی + ول + یت
3	شدیدی	شدید	شدیدی	شدید + ی	صفت + ی
4	در	در|در|در|در|در	در	در|در|در|در|در	حرف اضافه|فعل امر مثبت|اسم|اسم|پیشوند فعل
5	این	این|این	این	این|این	صفت اشاره|ضمیر اشاره
6	خصوص	خصوص|خصوص	خصوص	خصوص|خصوص	اسم|اسم موجود در ساختمان حرف اضافه و حرف ربط گروهی
7	احساس	احساس	احساس	احساس	اسم
8	می‌کرد	کرد	می‌کرد	می + کرد	سوم شخص مفرد

0	و	و|و|و	و	و|و|و	حرف ربط|حروف الفبا|اختصارات
1	بدین	بدین|دین|دین|بد	بدین	بدین|ب + دین|ب + دین|بد + ین	حرف اضافه|ب + اسم|ب + اسم|صفت + ین
2	لحاظ	لحاظ|لحاظ	لحاظ	لحاظ|لحاظ	اسم|اسم موجود در ساختمان حرف اضافه و حرف ربط گروهی
3	این	این|این	این	این|این	صفت اشاره|ضمیر اشاره
4	امر	امر	امر	امر	اسم
5	را	را	را	را	حرف اضافه پسین
6	از	از	از	از	حرف اضافه
7	کودک	کودک|کود	کودک	کودک|کود + ک	اسم|اسم + ک
8	هنرمند	هنرمند|هنر	هنرمند	هنرمند|هنر + مند	اسم|اسم + مند
9	پنهان	پنهان	پنهان	پنهان	صفت
10	نگاه داشت	نگاهداشت	نگاه داشت	نگاهداشت	

0	تا	تا|تا|تا	تا	تا|تا|تا	حرف اضافه|حرف ربط|اختصارات
1	به	به|به	به	به|به	حرف اضافه|اسم
2	روحیه	روحیه|روحی	روحیه	روحیه|روحی + ه	اسم|صفت + ه
3	او	او|او	او	او|او	ضمیر فاعلی|اختصارات
4	لطمه‌ای	لطمه‌ای|لطمه	لطمه‌ای	لطمه‌ای|لطمه + ای	صفت|اسم + ای
5	وارد	وارد	وارد	وارد	اسم
6	نگردد	گرد	نگردد	ن + گرد + د	سوم شخص مفرد
7	.	.	.	.	علامت نگارشی

0	حتی	حتی	حتی	حتی	قید
1	بار	بار|بار	بار	بار|بار	فعل امر مثبت|اسم
2	نخستی	خست	نخستی	ن + خست + ی	دوم شخص مفرد
3	که	که|که|که|که	که	که|که|که|که	حرف ربط|ضمیر پرسشی|اسم|اسم
4	دنی	دنی	دنی	دنی	اسم خاص اشخاص
5	لوید	لو	لوید	لو + ید	اسم + فعل سوم شخص مفرد
6	این	این|این	این	این|این	صفت اشاره|ضمیر اشاره
7	فیلم	فیلم|فیل|فیل	فیلم	فیلم|فیل + م|فیل + م	اسم|اسم + ضمیر ملکی اول شخص مفرد|اسم + فعل اول شخص مفرد
8	را	را	را	را	حرف اضافه پسین
9	واقعاً	واقعاً	واقعاً	واقعاً	قید
10	تماشا	تماشا	تماشا	تماشا	اسم
11	کرد	کرد|کرد	کرد	کرد|کرد	سوم شخص مفرد|اسم

0	با	با	با	با	حرف اضافه
1	خود	خود|خود	خود	خود|خود	ضمیر مشترک/متقابل|اسم
2	استنلی	استنلی	استنلی	استن+لی	_
3	کوبریک	کوبریک	کوبریک	کوب+ریک	_
4	بود	بود|بود|بود|بو|ود	بود	بود|بود|بود|بو + د|ب + ود	سوم شخص مفرد|اسم|سوم شخص مفرد|سوم شخص مفرد|ب + اسم
5	.	.	.	.	علامت نگارشی

0	زلاتان	زلات	زلاتان	زل+ات+ان	_
1	برای	برای|برا|بر	برای	برای|برا + ی|بر + ا + ی	حرف اضافه|صفت + ی|ریشه مضارع + ا + ی
2	اولین	اولین|اول	اولین	اولین|اول + ین	صفت|صفت + ین
3	بار	بار|بار	بار	بار|بار	فعل امر مثبت|اسم
4	در	در|در|در|در|در	در	در|در|در|در|در	حرف اضافه|فعل امر مثبت|اسم|اسم|پیشوند فعل
5	سال	سال	سال	سال	اسم
6	۱۹۹۶	۱۹۹۶	۱۹۹۶	۱۹۹۶	عدد رقمی
7	با	با	با	با	حرف اضافه
8	مالمو	مالمو	مالمو	مال+مو	_
9	قرارداد	قرارداد	قرارداد	قرارداد	اسم
10	بست	بست|بست|بست	بست	بست|بست|بست	اسم|سوم شخص مفرد|اسم خاص مکان

0	و	و|و|و	و	و|و|و	حرف ربط|حروف الفبا|اختصارات
1	در	در|در|در|در|در	در	در|در|در|در|در	حرف اضافه|فعل امر مثبت|اسم|اسم|پیشوند فعل
2	سال	سال	سال	سال	اسم
3	۱۹۹۹	۱۹۹۹	۱۹۹۹	۱۹۹۹	عدد رقمی
4	در	در|در|در|در|در	در	در|در|در|در|در	حرف اضافه|فعل امر مثبت|اسم|اسم|پیشوند فعل
5	ترکیب	ترکیب	ترکیب	ترکیب	اسم
6	تیم	تیم|تی|تی	تیم	تیم|تی + م|تی + م	اسم|اسم + ضمیر ملکی اول شخص مفرد|اسم + فعل اول شخص مفرد
7	اول	اول	اول	اول	صفت
8	این	این|این	این	این|این	صفت اشاره|ضمیر اشاره
9	تیم	تیم|تی|تی	تیم	تیم|تی + م|تی + م	اسم|اسم + ضمیر ملکی اول شخص مفرد|اسم + فعل اول شخص مفرد
10	در	در|در|در|در|در	در	در|در|در|در|در	حرف اضافه|فعل امر مثبت|اسم|اسم|پیشوند فعل
11	لیگ	لیگ	لیگ	لیگ	اسم
12	اول	اول	اول	اول	صفت
13	سوئد	سو	سوئد	سو + ید	اسم + فعل سوم شخص مفرد
14	قرار	قرار|قرار	قرار	قرار|قرار	اسم|اسم موجود در ساختمان حرف اضافه و حرف ربط گروهی
15	گرفت	گرفت|گرفت	گرفت	گرفت|گرفت	سوم شخص مفرد|اسم

0	که	که|که|که|که	که	که|که|که|که	حرف ربط|ضمیر پرسشی|اسم|اسم
1	در	در|در|در|در|در	در	در|در|در|در|در	حرف اضافه|فعل امر مثبت|اسم|اسم|پیشوند فعل
2	این	این|این	این	این|این	صفت اشاره|ضمیر اشاره
3	سال	سال	سال	سال	اسم
4	این	این|این	این	این|این	صفت اشاره|ضمیر اشاره
5	تیم	تیم|تی|تی	تیم	تیم|تی + م|تی + م	اسم|اسم + ضمیر ملکی اول شخص مفرد|اسم + فعل اول شخص مفرد
6	با	با	با	با	حرف اضافه
7	رتبه	رتبه	رتبه	رتبه	اسم
8	سیزدهم	سیزده|سیزده	سیزدهم	سیزده + م|سیزده + م	عدد حرفی + ضمیر ملکی اول شخص مفرد|عدد حرفی + فعل اول شخص مفرد
9	به	به|به	به	به|به	حرف اضافه|اسم
10	لیگ	لیگ	لیگ	لیگ	اسم
11	دوم	دوم|دو|دو|دو	دوم	دوم|دو + م|دو + م|دو + م	صفت|اول شخص مفرد|اسم + ضمیر ملکی اول شخص مفرد|اسم + فعل اول شخص مفرد
12	سقوط	سقوط	سقوط	سقوط	اسم
13	کرد	کرد|کرد	کرد	کرد|کرد	سوم شخص مفرد|اسم

0	ولی	ولی|ولی|ول|ول	ولی	ولی|ولی|ول + ی|ول + ی	حرف ربط|اسم|صفت + ی|اسم + ی
1	فصل	فصل	فصل	فصل	اسم
2	بعد	بعد|بعد|بعد	بعد	بعد|بعد|بعد	صفت|اسم|اسم موجود در ساختمان حرف اضافه و حرف ربط گروهی
3	به	به|به	به	به|به	حرف اضافه|اسم
4	لیگ	لیگ	لیگ	لیگ	اسم
5	اول	اول	اول	اول	صفت
6	بازگشت	بازگشت|بازگشت	بازگشت	بازگشت|بازگشت	سوم شخص مفرد|اسم
7	.	.	.	.	علامت نگارشی

0	پیش	پیش|پیش|پی	پیش	پیش|پیش|پی + ش	صفت|اسم موجود در ساختمان حرف اضافه و حرف ربط گروهی|اسم + ضمیر ملکی سوم شخص مفرد
1	از	از	از	از	حرف اضافه
2	آن‌که	آن که	آن‌که	آن‌+که	_
3	لئو	لیو	لئو	لیو	اسم
4	بینهاکر	بینهاکر	بینهاکر	بین+ها+کر	_
5	سرمربی	سرمربی	سرمربی	سرمربی	اسم
6	آژاکس	آژاکس	آژاکس	آژاکس	اسم
7	علاقه	علاقه	علاقه	علاقه	اسم
8	خود	خود|خود	خود	خود|خود	ضمیر مشترک/متقابل|اسم
9	را	را	را	را	حرف اضافه پسین
10	برای	برای|برا|بر	برای	برای|برا + ی|بر + ا + ی	حرف اضافه|صفت + ی|ریشه مضارع + ا + ی
11	جذب	جذب	جذب	جذب	اسم
12	این	این|این	این	این|این	صفت اشاره|ضمیر اشاره
13	بازیکن	بازیکن	بازیکن	بازیکن	اسم
14	نشان	نشان|نشان	نشان	نشان|نشان	فعل امر مثبت|اسم
15	دهد	ده	دهد	ده + د	سوم شخص مفرد

0	این	این|این	این	این|این	صفت اشاره|ضمیر اشاره
1	آرسن	آرسن	آرسن	آرسن	_
2	ونگر	ون	ونگر	ون + گر	اسم + گر
3	بود	بود|بود|بود|بو|ود	بود	بود|بود|بود|بو + د|ب + ود	سوم شخص مفرد|اسم|سوم شخص مفرد|سوم شخص مفرد|ب + اسم

0	که	که|که|که|که	که	که|که|که|که	حرف ربط|ضمیر پرسشی|اسم|اسم
1	زلاتان	زلات	زلاتان	زل+ات+ان	_
2	را	را	را	را	حرف اضافه پسین
3	کشف	کشف|کشف	کشف	کشف|کشف	اسم|اسم
4	کرد	کرد|کرد	کرد	کرد|کرد	سوم شخص مفرد|اسم

0	اما	اما	اما	اما	حرف ربط
1	طی	طی|طی	طی	طی|طی	اسم|حرف اضافه گروهی
2	تلاشی	تلاشی|تلاش	تلاشی	تلاشی|تلاش + ی	اسم|اسم + ی
3	ناموفق	ناموفق|موفق	ناموفق	ناموفق|نا + موفق	صفت|نا + صفت
4	برای	برای|برا|بر	برای	برای|برا + ی|بر + ا + ی	حرف اضافه|صفت + ی|ریشه مضارع + ا + ی
5	انتقال	انتقال	انتقال	انتقال	اسم
6	وی	وی|وی	وی	وی|وی	ضمیر فاعلی|اختصارات
7	به	به|به	به	به|به	حرف اضافه|اسم
8	آرسنال	آرسنال	آرسنال	آرسنال	اسم خاص مکان
9	ابراهیموویچ	ابراهیموویچ	ابراهیموویچ	ابراهیم+وویچ	_
10	به	به|به	به	به|به	حرف اضافه|اسم
11	آژاکس	آژاکس	آژاکس	آژاکس	اسم
12	پیوست	پیوست|پیوست	پیوست	پیوست|پیوست	سوم شخص مفرد|اسم
13	.	.	.	.	علامت نگارشی

0	در	در|در|در|در|در	در	در|در|در|در|در	حرف اضافه|فعل امر مثبت|اسم|اسم|پیشوند فعل
1	۲۲	۲۲	۲۲	۲۲	عدد رقمی
2	مارس	مارس	مارس	مارس	اسم
3	۲۰۰۱	۲۰۰۱	۲۰۰۱	۲۰۰۱	عدد رقمی
4	ابراهیموویچ	ابراهیموویچ	ابراهیموویچ	ابراهیم+وویچ	_
5	با	با	با	با	حرف اضافه
6	قراردادی	قراردادی|قرارداد	قراردادی	قراردادی|قرارداد + ی	صفت|اسم + ی
7	معادل	معادل	معادل	معادل	صفت
8	۸۰	۸۰	۸۰	۸۰	عدد رقمی
9	میلیون	میلیون|میلی|میل|میل	میلیون	میلیون|میلی + ون|میل + ی + ون|میل + ی + ون	عدد حرفی|صفت + علامت جمع|اسم + ی + علامت جمع|اسم + ی + علامت جمع
10	کرون	کرون|کر	کرون	کرون|کر + ون	اسم|صفت + علامت جمع
11	سوئد	سو	سوئد	سو + ید	اسم + فعل سوم شخص مفرد
12	به	به|به	به	به|به	حرف اضافه|اسم
13	آژاکس	آژاکس	آژاکس	آژاکس	اسم
14	پیوست	پیوست|پیوست	پیوست	پیوست|پیوست	سوم شخص مفرد|اسم
15	.	.	.	.	علامت نگارشی

0	«	«	«	«	
1	قدرت	قدرت|قدر|قدر	قدرت	قدرت|قدر + ت|قدر + ت	اسم|اسم + ضمیر ملکی دوم شخص مفرد|صفت + ضمیر ملکی دوم شخص مفرد
2	فقط	فقط	فقط	فقط	قید
3	نصیب	نصیب	نصیب	نصیب	اسم
4	کسانی	کسان|کس	کسانی	کسان + ی|کس + ان + ی	اسم + ی|اسم + ان + ی
5	می‌شود	شو	می‌شود	می + شو + د	سوم شخص مفرد

0	که	که|که|که|که	که	که|که|که|که	حرف ربط|ضمیر پرسشی|اسم|اسم
1	جرات	جر|جر	جرات	جر + ات|جر + ات	اسم + علامت جمع|اسم + علامت جمع
2	کنند	کن|کن	کنند	کن + ند|کن + ند	سوم شخص جمع|سوم شخص جمع

0	خم	خم|خم|خم	خم	خم|خم|خم	فعل امر مثبت|صفت|اسم
1	شوند	شوند|شو|شو	شوند	شوند|شو + ند|شو + ند	اسم|سوم شخص جمع|اسم + فعل سوم شخص جمع

0	و	و|و|و	و	و|و|و	حرف ربط|حروف الفبا|اختصارات
1	آن	ان	آن	ان	اختصارات
2	را	را	را	را	حرف اضافه پسین
3	به	به|به	به	به|به	حرف اضافه|اسم
4	دقت	دقت|دق	دقت	دقت|دق + ت	اسم|اسم + ضمیر ملکی دوم شخص مفرد
5	بگیرند	بگیر|گیر|گیر	بگیرند	بگیر + ند|ب + گیر + ند|ب + گیر + ند	صفت + فعل سوم شخص جمع|سوم شخص جمع|ب + صفت + فعل سوم شخص جمع
6	.	.	.	.	علامت نگارشی

0	فقط	فقط	فقط	فقط	قید
1	یک	یک	یک	یک	عدد حرفی
2	چیز	چیز	چیز	چیز	اسم
3	مهم	مهم|مه|مه|مه|مه	مهم	مهم|مه + م|مه + م|مه + م|مه + م	صفت|اسم + ضمیر ملکی اول شخص مفرد|اسم + فعل اول شخص مفرد|اسم + ضمیر ملکی اول شخص مفرد|اسم + فعل اول شخص مفرد
4	است	است|اس	است	است|اس + ت	سوم شخص مفرد|اسم + ضمیر ملکی دوم شخص مفرد
5	:	:	:		

0	باید	باید	باید	باید	فعل وجه نما
1	فقط	فقط	فقط	فقط	قید
2	جرات	جر|جر	جرات	جر + ات|جر + ات	اسم + علامت جمع|اسم + علامت جمع
3	داشت	داشت|داشت|داشت|داش	داشت	داشت|داشت|داشت|داش + ت	سوم شخص مفرد|اسم|فعل کمکی|اسم + ضمیر ملکی دوم شخص مفرد
4	.	.	.	.	علامت نگارشی

0	لازم	لازم|زم	لازم	لازم|لا + زم	صفت|لا + اسم
1	بود	بود|بود|بود|بو|ود	بود	بود|بود|بود|بو + د|ب + ود	سوم شخص مفرد|اسم|سوم شخص مفرد|سوم شخص مفرد|ب + اسم

0	بدانم	دان|بد|بد	بدانم	ب + دان + م|بد + ان + م|بد + ان + م	اول شخص مفرد|صفت + ان + ضمیر ملکی اول شخص مفرد|صفت + ان + فعل اول شخص مفرد

0	که	که|که|که|که	که	که|که|که|که	حرف ربط|ضمیر پرسشی|اسم|اسم
1	آیا	آیا|آی	آیا	آیا|آی + ا	ضمیر پرسشی|ریشه مضارع + ا
2	من	من	من	من	ضمیر فاعلی
3	هم	هم|هم|هم	هم	هم|هم|هم	قید|حرف ربط|ضمیر مشترک/متقابل
4	مانند	مانند|مانند|مان|مان	مانند	مانند|مانند|مان + ند|مان + ند	اسم|اسم موجود در ساختمان حرف اضافه و حرف ربط گروهی|سوم شخص جمع|اسم + فعل سوم شخص جمع
5	همه‌ی	همه	همه‌ی	همه + ی	اسم + ی
6	مردم	مردم|مرد|مرد|مرد	مردم	مردم|مرد + م|مرد + م|مرد + م	اسم|اسم + ضمیر ملکی اول شخص مفرد|اسم + فعل اول شخص مفرد|اول شخص مفرد
7	شپش	شپش	شپش	شپش	اسم
8	هستم	هست|هست|هست	هستم	هست + م|هست + م|هست + م	اول شخص مفرد|اسم + ضمیر ملکی اول شخص مفرد|اسم + فعل اول شخص مفرد

0	یا	یا|یا	یا	یا|یا	حرف ربط|صوت
1	انسانم	انسان|انسان	انسانم	انسان + م|انسان + م	اسم + ضمیر ملکی اول شخص مفرد|اسم + فعل اول شخص مفرد
2	؟	؟	؟	؟	علامت نگارشی

0	آیا	آیا|آی	آیا	آیا|آی + ا	ضمیر پرسشی|ریشه مضارع + ا
1	من	من	من	من	ضمیر فاعلی
2	می‌توانم	توان|توان|توان	می‌توانم	می + توان + م|می + توان + م|می + توان + م	می + فعل وجه نما + ضمیر ملکی اول شخص مفرد|می + فعل وجه نما + فعل اول شخص مفرد|اول شخص مفرد

0	از	از	از	از	حرف اضافه
1	حد	حد	حد	حد	اسم
2	معین	معین|معین|معین	معین	معین|معین|معین	صفت|اسم|اسم
3	تجاوز	تجاوز	تجاوز	تجاوز	اسم
4	کنم	کن|کن	کنم	کن + م|کن + م	اول شخص مفرد|اول شخص مفرد
5	،	،	،	،	

0	یا	یا|یا	یا	یا|یا	حرف ربط|صوت
1	نمی‌توانم	توان|توان|توان	نمی‌توانم	نمی + توان + م|نمی + توان + م|نمی + توان + م	نمی + فعل وجه نما + ضمیر ملکی اول شخص مفرد|نمی + فعل وجه نما + فعل اول شخص مفرد|اول شخص مفرد
2	؟	؟	؟	؟	علامت نگارشی

0	آیا	آیا|آی	آیا	آیا|آی + ا	ضمیر پرسشی|ریشه مضارع + ا
1	جسارت	جسارت	جسارت	جسارت	اسم
2	این	این|این	این	این|این	صفت اشاره|ضمیر اشاره
3	را	را	را	را	حرف اضافه پسین
4	دارم	دار|دار|دار	دارم	دار + م|دار + م|دار + م	اول شخص مفرد|اسم + ضمیر ملکی اول شخص مفرد|اسم + فعل اول شخص مفرد

0	که	که|که|که|که	که	که|که|که|که	حرف ربط|ضمیر پرسشی|اسم|اسم
1	خم	خم|خم|خم	خم	خم|خم|خم	فعل امر مثبت|صفت|اسم
2	شوم	شوم|شو|شو|شو	شوم	شوم|شو + م|شو + م|شو + م	صفت|اول شخص مفرد|اسم + ضمیر ملکی اول شخص مفرد|اسم + فعل اول شخص مفرد

0	و	و|و|و	و	و|و|و	حرف ربط|حروف الفبا|اختصارات
1	آنچه	آنچه	آنچه	آنچه	اسم
2	را	را	را	را	حرف اضافه پسین
3	می‌خواهم	خواه|خواه|خواه|می|می|می|می	می‌خواهم	می + خواه + م|می + خواه + م|می + خواه + م|می + خواه + م|می + خواه + م|می + خواه + م|می + خواه + م	اول شخص مفرد|می + فعل کمکی + ضمیر ملکی اول شخص مفرد|می + فعل کمکی + فعل اول شخص مفرد|اسم + خواه + ضمیر ملکی اول شخص مفرد|اسم + خواه + فعل اول شخص مفرد|اسم + خواه + ضمیر ملکی اول شخص مفرد|اسم + خواه + فعل اول شخص مفرد
4	،	،	،	،	

0	بردارم	بردار|بردار|بردار	بردارم	بردار + م|بردار + م|بردار + م	اول شخص مفرد|اسم + ضمیر ملکی اول شخص مفرد|اسم + فعل اول شخص مفرد

0	یا	یا|یا	یا	یا|یا	حرف ربط|صوت
1	نه	نه|نه|نه	نه	نه|نه|نه	عدد حرفی|فعل امر مثبت|اسم
2	.	.	.	.	علامت نگارشی

0	آیا	آیا|آی	آیا	آیا|آی + ا	ضمیر پرسشی|ریشه مضارع + ا
1	موجودی	موجودی|موجود	موجودی	موجودی|موجود + ی	اسم|صفت + ی
2	ترسو	ترسو	ترسو	ترسو	صفت
3	و	و|و|و	و	و|و|و	حرف ربط|حروف الفبا|اختصارات
4	بزدلم	بزدل|بزدل	بزدلم	بزدل + م|بزدل + م	صفت + ضمیر ملکی اول شخص مفرد|صفت + فعل اول شخص مفرد

0	یا	یا|یا	یا	یا|یا	حرف ربط|صوت
1	صاحب	صاحب	صاحب	صاحب	اسم
2	حق	حق|حق	حق	حق|حق	اسم|اسم موجود در ساختمان حرف اضافه و حرف ربط گروهی
3	و	و|و|و	و	و|و|و	حرف ربط|حروف الفبا|اختصارات
4	اختیار	اختیار|اخت|اخ|اخ|اخ	اختیار	اختیار|اخت + یار|اخ + ت + یار|اخ + ت + یار|اخ + ت + یار	اسم|صفت + یار|اسم + ضمیر ملکی دوم شخص مفرد + یار|اسم + ضمیر ملکی دوم شخص مفرد + یار|صفت + ضمیر ملکی دوم شخص مفرد + یار
5	هستم	هست|هست|هست	هستم	هست + م|هست + م|هست + م	اول شخص مفرد|اسم + ضمیر ملکی اول شخص مفرد|اسم + فعل اول شخص مفرد
6	؟	؟	؟	؟	علامت نگارشی

0	»	»	»	»	
1	«	«	«	«	
2	قابل‌توجه	قابل‌توجه	قابل‌توجه	قابل‌توجه	صفت
3	است	است|اس	است	است|اس + ت	سوم شخص مفرد|اسم + ضمیر ملکی دوم شخص مفرد

0	که	که|که|که|که	که	که|که|که|که	حرف ربط|ضمیر پرسشی|اسم|اسم
1	بیشتر	بیشتر|بیش|شتر	بیشتر	بیشتر|بیش + تر|بی + شتر	صفت|صفت + علامت صفت تفضیلی|بی + اسم
2	اشخاص	شخص	اشخاص	شخص	اسم مفرد جمع مکسر
3	نیکوکار	نیکوکار	نیکوکار	نیکوکار	صفت
4	و	و|و|و	و	و|و|و	حرف ربط|حروف الفبا|اختصارات
5	بنیانگذار	بنیانگذار|بنیان|نی|نی	بنیانگذار	بنیانگذار|بنیان + گذار|ب + نی + ان + گذار|ب + نی + ان + گذار	اسم|اسم + گذار|ب + اسم + ان + گذار|ب + قید + ان + گذار
6	اصول	اصول	اصول	اصول	اسم
7	انسانیت	انسانیت|انسانی|انسان	انسانیت	انسانیت|انسانی + ت|انسان + ی + ت	اسم|صفت + ضمیر ملکی دوم شخص مفرد|اسم + ی + ضمیر ملکی دوم شخص مفرد
8	،	،	،	،	
9	مردمانی	مردم	مردمانی	مردم+ان+ی	_
10	بودند	بود|بود|بود|ود	بودند	بود + ند|بود + ند|بود + ند|ب + ود + ند	سوم شخص جمع|اسم + فعل سوم شخص جمع|سوم شخص جمع|ب + اسم + فعل سوم شخص جمع
11	بی‌نهایت	بی‌نهایت	بی‌نهایت	بی‌نهایت	صفت
12	خون‌ریز	خون‌ریز	خون‌ریز	خون‌ریز	صفت
13	.	.	.	.	علامت نگارشی

0	همه	همه|همه	همه	همه|همه	اسم|صفت مبهم
1	،	،	،	،	
2	و	و|و|و	و	و|و|و	حرف ربط|حروف الفبا|اختصارات
3	نه	نه|نه|نه	نه	نه|نه|نه	عدد حرفی|فعل امر مثبت|اسم
4	اشخاص	شخص	اشخاص	شخص	اسم مفرد جمع مکسر
5	بزرگ	بزرگ	بزرگ	بزرگ	صفت
6	،	،	،	،	
7	بلکه	بلکه|لکه|لک|بل	بلکه	بلکه|ب + لکه|ب + لک + ه|بل + ک + ه	قید|ب + اسم|ب + اسم + ه|اسم + ک + ه
8	حتی	حتی	حتی	حتی	قید
9	آن‌هایی	آن	آنیی	آن+‌های+ی	_
10	که	که|که|که|که	که	که|که|که|که	حرف ربط|ضمیر پرسشی|اسم|اسم
11	فقط	فقط	فقط	فقط	قید
12	کمی	کمی|کمی|کم|کم	کمی	کمی|کمی|کم + ی|کم + ی	صفت|صفت|صفت + ی|اسم + ی
13	بیرون	بیرون	بیرون	بیرون	اسم
14	از	از	از	از	حرف اضافه
15	چهارچوب	چهارچوب	چهارچوب	چهارچوب	اسم
16	معمول	معمول	معمول	معمول	صفت
17	هستند	هست|هست	هستند	هست + ند|هست + ند	سوم شخص جمع|اسم + فعل سوم شخص جمع
18	،	،	،	،	

0	یعنی	یعنی	یعنی	یعنی	حرف ربط
1	حتی	حتی	حتی	حتی	قید
2	آن‌هایی	آن	آنیی	آن+‌های+ی	_
3	که	که|که|که|که	که	که|که|که|که	حرف ربط|ضمیر پرسشی|اسم|اسم
4	اندکی	اندکی|اندک	اندکی	اندکی|اندک + ی	صفت مبهم|صفت + ی
5	توانایی	توانایی|توانا|توان	توانایی	توانایی|توانا + یی|توان + ا + یی	اسم|صفت + یی|ریشه مضارع + ا + یی
6	گفتن	گفت	گفتن	گفت + ن	بن ماضی + ن
7	سخن	سخن	سخن	سخن	اسم
8	نو	نو|نو	نو	نو|نو	فعل امر مثبت|صفت
9	را	را	را	را	حرف اضافه پسین
10	دارند	دار|دار|دار	دارند	دار + ند|دار + ند|دار + ند	سوم شخص جمع|اسم + فعل سوم شخص جمع|فعل کمکی + فعل سوم شخص جمع
11	،	،	،	،	

0	قاعدتاً	قاعدتاً	قاعدتاً	قاعدتاً	قید
1	باید	باید	باید	باید	فعل وجه نما
2	،	،	،	،	
3	بنابر	بنابر|بنا|بنا|بر	بنابر	بنابر|بنا + بر|بنا + بر|ب + نا + بر	حرف اضافه گروهی|اسم + بر|اسم + بر|سوم شخص مفرد
4	طبیعت	طبیعت	طبیعت	طبیعت	اسم
5	خود	خود|خود	خود	خود|خود	ضمیر مشترک/متقابل|اسم
6	،	،	،	،	
7	کم‌وبیش	کم‌وبیش	کم‌وبیش	کم‌وبیش	قید
8	متجاوز	متجاوز	متجاوز	متجاوز	صفت
9	باشند	باش|باش	باشند	باش + ند|باش + ند	سوم شخص جمع|فعل کمکی + فعل سوم شخص جمع
10	.	.	.	.	علامت نگارشی

0	اگر	اگر	اگر	اگر	حرف ربط
1	جز	جز	جز	جز	حرف اضافه
2	این	این|این	این	این|این	صفت اشاره|ضمیر اشاره
3	باشد	باش|اشد	باشد	باش + د|ب + اشد	سوم شخص مفرد|ب + صفت

0	مشکل	مشکل	مشکل	مشکل	اسم
1	است	است|اس	است	است|اس + ت	سوم شخص مفرد|اسم + ضمیر ملکی دوم شخص مفرد

0	آن‌ها	آن ها	آن	آن+‌ها	_
1	از	از	از	از	حرف اضافه
2	چهار	چهار	چهار	چهار	عدد حرفی
3	دیوار	دیوار|دی	دیوار	دیوار|دی + وار	اسم|اسم + وار
4	خود	خود|خود	خود	خود|خود	ضمیر مشترک/متقابل|اسم
5	به	به|به	به	به|به	حرف اضافه|اسم
6	درآیند	درا|در|در|در	درآیند	درا + یند|در + ا + یند|در + ا + یند|در + ا + یند	سوم شخص جمع|ریشه مضارع + ا + یند|اسم + ا + یند|اسم + ا + یند
7	،	،	،	،	

0	و	و|و|و	و	و|و|و	حرف ربط|حروف الفبا|اختصارات
1	از	از	از	از	حرف اضافه
2	ماندن	ماند|مان	ماندن	ماند + ن|مان + د + ن	بن ماضی + ن|بن مضارع + د + ن
3	در	در|در|در|در|در	در	در|در|در|در|در	حرف اضافه|فعل امر مثبت|اسم|اسم|پیشوند فعل
4	آن	ان	آن	ان	اختصارات
5	چهارچوب	چهارچوب	چهارچوب	چهارچوب	اسم
6	به	به|به	به	به|به	حرف اضافه|اسم
7	خاطر	خاطر|خاطر	خاطر	خاطر|خاطر	اسم|اسم موجود در ساختمان حرف اضافه و حرف ربط گروهی
8	طبع	طبع	طبع	طبع	اسم
9	خود	خود|خود	خود	خود|خود	ضمیر مشترک/متقابل|اسم
10	،	،	،	،	
11	نمی‌توانند	توان|توان	نمی‌توانند	نمی + توان + ند|نمی + توان + ند	نمی + فعل وجه نما + فعل سوم شخص جمع|سوم شخص جمع

0	راضی	راضی	راضی	راضی	صفت
1	باشند	باش|باش	باشند	باش + ند|باش + ند	سوم شخص جمع|فعل کمکی + فعل سوم شخص جمع
2	.	.	.	.	علامت نگارشی

0	»	»	»	»	
1	«	«	«	«	
2	همه	همه|همه	همه	همه|همه	اسم|صفت مبهم
3	قاتلن	قاتلن	قاتلن	قاتل+ن	_
4	؛	؛	؛	؛	

0	همیشه	همیشه	همیشه	همیشه	قید
1	زمین	زمین|زم	زمین	زمین|زم + ین	اسم|اسم + ین
2	جاری	جاری|جار	جاری	جاری|جار + ی	صفت|اسم + ی
3	از	از	از	از	حرف اضافه
4	خون	خون	خون	خون	اسم
5	بوده	بود|بود|بود|ود	بوده	بود + ه|بود + ه|بود + ه|ب + ود + ه	ریشه ماضی + ه|اسم + ه|فعل اسنادی + ه|ب + اسم + ه
6	.	.	.	.	علامت نگارشی

0	روی	روی|روی|رو|رو	روی	روی|روی|رو + ی|رو + ی	حرف اضافه گروهی|اسم|اسم + ی|دوم شخص مفرد
1	زمین	زمین|زم	زمین	زمین|زم + ین	اسم|اسم + ین
2	کسایی	کسایی|کسا	کسایی	کسایی|کسا + یی	اسم فامیل|اسم + یی
3	که	که|که|که|که	که	که|که|که|که	حرف ربط|ضمیر پرسشی|اسم|اسم
4	قتل	قتل	قتل	قتل	اسم
5	می‌کنن	می کنن	می‌کنن	می‌+کن+ن	_

0	بعدها	بعدها|بعد|بعد	بعد	بعدها|بعد + ها|بعد + ها	قید|صفت + علامت جمع|اسم + علامت جمع
1	صاحب	صاحب	صاحب	صاحب	اسم
2	بزرگ‌ترین	بزرگ	بزرگ‌ترین	بزرگ + ترین	صفت + علامت صفت تفضیلی
3	افتخارها	افتخار	افتخار	افتخار + ها	اسم + علامت جمع
4	شدن	شد	شدن	شد + ن	فعل اسنادی + ن
5	.	.	.	.	علامت نگارشی

0	من	من	من	من	ضمیر فاعلی
1	فقط	فقط	فقط	فقط	قید
2	می‌خواستم	خواست|خواست|خواست	می‌خواستم	می + خواست + م|می + خواست + م|می + خواست + م	اول شخص مفرد|می + فعل کمکی + ضمیر ملکی اول شخص مفرد|می + فعل کمکی + فعل اول شخص مفرد

0	به	به|به	به	به|به	حرف اضافه|اسم
1	مردم	مردم|مرد|مرد|مرد	مردم	مردم|مرد + م|مرد + م|مرد + م	اسم|اسم + ضمیر ملکی اول شخص مفرد|اسم + فعل اول شخص مفرد|اول شخص مفرد
2	خوبی	خوبی|خوب	خوبی	خوبی|خوب + ی	اسم|صفت + ی
3	کنم	کن|کن	کنم	کن + م|کن + م	اول شخص مفرد|اول شخص مفرد
4	.	.	.	.	علامت نگارشی

0	کشتن	کشت|کشت|کش	کشتن	کشت + ن|کشت + ن|کش + ت + ن	بن ماضی + ن|بن ماضی + ن|بن مضارع + ضمیر ملکی دوم شخص مفرد + ن
1	یک	یک	یک	یک	عدد حرفی
2	پیرزن	پیرزن	پیرزن	پیرزن	اسم
3	رباخوار	رباخوار	رباخوار	رباخوار	صفت

0	و	و|و|و	و	و|و|و	حرف ربط|حروف الفبا|اختصارات
1	از	از	از	از	حرف اضافه
2	بین	بین|بین|بین|ین	بین	بین|بین|بین|ب + ین	فعل امر مثبت|صفت|اسم موجود در ساختمان حرف اضافه و حرف ربط گروهی|ب + اسم
3	بردن	برد|بر	بردن	برد + ن|بر + د + ن	بن ماضی + ن|بن مضارع + د + ن
4	یک	یک	یک	یک	عدد حرفی
5	حشره‌ی	حشره|حشر	حشره‌ی	حشره + ی|حشر + ه + ی	اسم + ی|اسم + ه + ی
6	کثیف	کثیف	کثیف	کثیف	صفت
7	،	،	،	،	

0	کجاش	کجا	کجاش	کجا+ش	_
1	جنایته	جنایت	جنایته	جنایت + ه	اسم + ه
2	؟	؟	؟	؟	علامت نگارشی

0	»	»	»	»	
1	«	«	«	«	
2	همه	همه|همه	همه	همه|همه	اسم|صفت مبهم
3	چیزم	چیز|چیز	چیزم	چیز + م|چیز + م	اسم + ضمیر ملکی اول شخص مفرد|اسم + فعل اول شخص مفرد
4	را	را	را	را	حرف اضافه پسین
5	باخته بودم	باخت	باخته بودم	باخت + ه + بود + م	اول شخص مفرد
6	.	.	.	.	علامت نگارشی

0	همه	همه|همه	همه	همه|همه	اسم|صفت مبهم
1	چیزم	چیز|چیز	چیزم	چیز + م|چیز + م	اسم + ضمیر ملکی اول شخص مفرد|اسم + فعل اول شخص مفرد
2	را	را	را	را	حرف اضافه پسین
3	!	!	!	!	علامت نگارشی

0	از	از	از	از	حرف اضافه
1	کازینو	کازینو	کازینو	کازینو	اسم
2	بیرون	بیرون	بیرون	بیرون	اسم
3	آمدم	امد|امد	آمدم	امد + م|امد + م	اسم + ضمیر ملکی اول شخص مفرد|اسم + فعل اول شخص مفرد
4	.	.	.	.	علامت نگارشی

0	آن	ان	آن	ان	اختصارات
1	وقت	وقت|وقت	وقت	وقت|وقت	اسم|اسم موجود در ساختمان حرف اضافه و حرف ربط گروهی
2	دیدم	دید|دید|دید	دیدم	دید + م|دید + م|دید + م	اول شخص مفرد|اسم + ضمیر ملکی اول شخص مفرد|اسم + فعل اول شخص مفرد

0	یک	یک	یک	یک	عدد حرفی
1	گولدن	گولدن	گولدن	گول+دن	_
2	ته	ته|ته	ته	ته|ته	فعل امر مثبت|قید
3	جیب	جیب	جیب	جیب	اسم
4	جلیقه‌ام	جلیقه|جلیقه	جلیقه‌ام	جلیقه + ام|جلیقه + ام	اسم + ضمیر ملکی اول شخص مفرد|اسم + فعل اول شخص مفرد
5	مانده	مانده|ماند|مان	مانده	مانده|ماند + ه|مان + د + ه	صفت|ریشه ماضی + ه|بن مضارع + د + ه
6	.	.	.	.	علامت نگارشی

0	گفتم	گفت|گفت|گفت	گفتم	گفت + م|گفت + م|گفت + م	اول شخص مفرد|اسم + ضمیر ملکی اول شخص مفرد|اسم + فعل اول شخص مفرد
1	:	:	:		

0	«	«	«	«	
1	آه	اه	آه	اه	اسم
2	پس	پس|پس	پس	پس|پس	قید|اسم موجود در ساختمان حرف اضافه و حرف ربط گروهی
3	هنوز	هنوز	هنوز	هنوز	قید
4	می‌توانم	توان|توان|توان	می‌توانم	می + توان + م|می + توان + م|می + توان + م	می + فعل وجه نما + ضمیر ملکی اول شخص مفرد|می + فعل وجه نما + فعل اول شخص مفرد|اول شخص مفرد

0	غذایی	غذایی|غذا	غذایی	غذایی|غذا + یی	صفت|اسم + یی
1	بخورم	بخور|بخور|بخور|بخور|خور	بخورم	بخور + م|بخور + م|بخور + م|بخور + م|ب + خور + م	اسم + ضمیر ملکی اول شخص مفرد|اسم + فعل اول شخص مفرد|صفت + ضمیر ملکی اول شخص مفرد|صفت + فعل اول شخص مفرد|اول شخص مفرد
2	!	!	!	!	علامت نگارشی

0	»	»	»	»	
1	اما	اما	اما	اما	حرف ربط
2	صد	صد	صد	صد	عدد حرفی
3	قدم	قدم|قدم|قد|قد|قد|قد	قدم	قدم|قدم|قد + م|قد + م|قد + م|قد + م	اسم|اسم|اسم + ضمیر ملکی اول شخص مفرد|اسم + فعل اول شخص مفرد|صفت + ضمیر ملکی اول شخص مفرد|صفت + فعل اول شخص مفرد
4	نرفته بودم	رفت|رفت	نرفته بودم	ن + رفت + ه + بود + م|ن + رفت + ه + بود + م	اول شخص مفرد|اول شخص مفرد

0	که	که|که|که|که	که	که|که|که|که	حرف ربط|ضمیر پرسشی|اسم|اسم
1	تصمیمم	تصمیم|تصمیم	تصمیمم	تصمیم + م|تصمیم + م	اسم + ضمیر ملکی اول شخص مفرد|اسم + فعل اول شخص مفرد
2	عوض	عوض	عوض	عوض	اسم
3	شد	شد	شد	شد	سوم شخص مفرد
4	.	.	.	.	علامت نگارشی

0	برگشتم	برگشت|برگشت|برگشت	برگشتم	برگشت + م|برگشت + م|برگشت + م	اول شخص مفرد|اسم + ضمیر ملکی اول شخص مفرد|اسم + فعل اول شخص مفرد

0	و	و|و|و	و	و|و|و	حرف ربط|حروف الفبا|اختصارات
1	یک	یک	یک	یک	عدد حرفی
2	گولدن	گولدن	گولدن	گول+دن	_
3	را	را	را	را	حرف اضافه پسین
4	روی	روی|روی|رو|رو	روی	روی|روی|رو + ی|رو + ی	حرف اضافه گروهی|اسم|اسم + ی|دوم شخص مفرد
5	مانک	مانک|مان	مانک	مانک|مان + ک	اسم|اسم + ک
6	گذاشتم	گذاشت	گذاشتم	گذاشت + م	اول شخص مفرد

0	(	(	(	(	
1	بله	بله|بله|له|بل|له|له	بله	بله|بله|ب + له|بل + ه|ب + له|ب + له	قید|صفت|فعل امر مثبت|اسم + ه|ب + صفت|ب + اسم
2	خوب	خوب	خوب	خوب	صفت
3	به	به|به	به	به|به	حرف اضافه|اسم
4	یاد	یاد	یاد	یاد	اسم
5	دارم	دار|دار|دار	دارم	دار + م|دار + م|دار + م	اول شخص مفرد|اسم + ضمیر ملکی اول شخص مفرد|اسم + فعل اول شخص مفرد
6	.	.	.	.	علامت نگارشی

0	روی	روی|روی|رو|رو	روی	روی|روی|رو + ی|رو + ی	حرف اضافه گروهی|اسم|اسم + ی|دوم شخص مفرد
1	مانک	مانک|مان	مانک	مانک|مان + ک	اسم|اسم + ک
2	)	)	)	)	
3	و	و|و|و	و	و|و|و	حرف ربط|حروف الفبا|اختصارات
4	جدا	جدا	جدا	جدا	صفت

0	وقتی	وقتی|وقت	وقتی	وقتی|وقت + ی	قید|اسم + ی
1	آدم	آدم	آدم	آدم	اسم
2	در	در|در|در|در|در	در	در|در|در|در|در	حرف اضافه|فعل امر مثبت|اسم|اسم|پیشوند فعل
3	کشوری	کشوری|کشور|کش	کشوری	کشوری|کشور + ی|کش + ور + ی	صفت|اسم + ی|بن مضارع + ور + ی
4	بیگانه	بیگانه|گانه|گان|بیگ	بیگانه	بیگانه|بی + گانه|بی + گان + ه|بیگ + انه	صفت|بی + اسم|بی + اسم + ه|اسم + انه
5	دور	دور|دور	دور	دور|دور	صفت|اسم
6	از	از	از	از	حرف اضافه
7	وطن	وطن	وطن	وطن	اسم
8	و	و|و|و	و	و|و|و	حرف ربط|حروف الفبا|اختصارات
9	کس	کس	کس	کس	اسم
10	و	و|و|و	و	و|و|و	حرف ربط|حروف الفبا|اختصارات
11	کارش	کار|کار	کارش	کار + ش|کار + ش	اسم + ضمیر ملکی سوم شخص مفرد|سوم شخص مفرد
12	تنهاست	تنها|تن|تن	تنهاست	تنها + ست|تن + ها + ست|تن + ها + ست	صفت + ضمیر ملکی سوم شخص مفرد|اسم + علامت جمع + ضمیر ملکی سوم شخص مفرد|اسم + علامت جمع + ضمیر ملکی سوم شخص مفرد

0	و	و|و|و	و	و|و|و	حرف ربط|حروف الفبا|اختصارات
1	نمی‌داند	دان	نمی‌داند	نمی + دان + د	سوم شخص مفرد

0	که	که|که|که|که	که	که|که|که|که	حرف ربط|ضمیر پرسشی|اسم|اسم
1	همان	همان|همان|هم	همان	همان|همان|هم + ان	صفت اشاره|ضمیر اشاره|قید + ان
2	روز	روز	روز	روز	اسم
3	چه	چه|چه|چه	چه	چه|چه|چه	ضمیر پرسشی|حرف ربط|صفت
4	خواهد خورد	خواهد خورد	خواهد خورد	خواهد+ +خورد	_

0	و	و|و|و	و	و|و|و	حرف ربط|حروف الفبا|اختصارات
1	می‌خواهد	خواه|خواه	می‌خواهد	می + خواه + د|می + خواه + د	سوم شخص مفرد|می + فعل کمکی + د

0	آخرین	آخرین	آخرین	آخر+ین	_
1	گولدن	گولدن	گولدن	گول+دن	_
2	خود	خود|خود	خود	خود|خود	ضمیر مشترک/متقابل|اسم
3	را	را	را	را	حرف اضافه پسین
4	آخرینش	آخرین	آخرینش	آخر+ین+ش	_
5	را	را	را	را	حرف اضافه پسین
6	به	به|به	به	به|به	حرف اضافه|اسم
7	خطر	خطر	خطر	خطر	اسم
8	اندازد	انداز	اندازد	انداز + د	سوم شخص مفرد

0	احساس	احساس	احساس	احساس	اسم
1	عجیبی	عجیبی|عجیب	عجیبی	عجیبی|عجیب + ی	صفت|صفت + ی
2	دارد	دار|دار	دارد	دار + د|دار + د	سوم شخص مفرد|فعل کمکی + د
3	.	.	.	.	علامت نگارشی

0	اما	اما	اما	اما	حرف ربط
1	خطر	خطر	خطر	خطر	اسم
2	کردم	کرد|کرد|کرد	کردم	کرد + م|کرد + م|کرد + م	اول شخص مفرد|اسم + ضمیر ملکی اول شخص مفرد|اسم + فعل اول شخص مفرد

0	و	و|و|و	و	و|و|و	حرف ربط|حروف الفبا|اختصارات
1	بردم	برد|برد|برد|رد|رد	بردم	برد + م|برد + م|برد + م|ب + رد + م|ب + رد + م	اول شخص مفرد|اسم + ضمیر ملکی اول شخص مفرد|اسم + فعل اول شخص مفرد|ب + صفت + ضمیر ملکی اول شخص مفرد|ب + صفت + فعل اول شخص مفرد

0	و	و|و|و	و	و|و|و	حرف ربط|حروف الفبا|اختصارات
1	بیست	بیست	بیست	بیست	عدد حرفی
2	دقیقه	دقیقه|دقیق	دقیقه	دقیقه|دقیق + ه	اسم|صفت + ه
3	بعد	بعد|بعد|بعد	بعد	بعد|بعد|بعد	صفت|اسم|اسم موجود در ساختمان حرف اضافه و حرف ربط گروهی
4	با	با	با	با	حرف اضافه
5	صد	صد	صد	صد	عدد حرفی
6	و	و|و|و	و	و|و|و	حرف ربط|حروف الفبا|اختصارات
7	هفتاد	هفتاد	هفتاد	هفتاد	عدد حرفی
8	گولدن	گولدن	گولدن	گول+دن	_
9	در	در|در|در|در|در	در	در|در|در|در|در	حرف اضافه|فعل امر مثبت|اسم|اسم|پیشوند فعل
10	جیب	جیب	جیب	جیب	اسم
11	از	از	از	از	حرف اضافه
12	کازینو	کازینو	کازینو	کازینو	اسم
13	بیرون	بیرون	بیرون	بیرون	اسم
14	آمدم	امد|امد	آمدم	امد + م|امد + م	اسم + ضمیر ملکی اول شخص مفرد|اسم + فعل اول شخص مفرد
15	.	.	.	.	علامت نگارشی

0	این	این|این	این	این|این	صفت اشاره|ضمیر اشاره
1	یک	یک	یک	یک	عدد حرفی
2	واقعیت	واقعیت|واقعی|واقع	واقعیت	واقعیت|واقعی + ت|واقع + ی + ت	اسم|صفت + ضمیر ملکی دوم شخص مفرد|اسم + ی + ضمیر ملکی دوم شخص مفرد
3	است	است|اس	است	است|اس + ت	سوم شخص مفرد|اسم + ضمیر ملکی دوم شخص مفرد
4	.	.	.	.	علامت نگارشی

0	گاهی	گاهی|گاه	گاهی	گاهی|گاه + ی	قید|قید + ی
1	آخرین	آخرین	آخرین	آخر+ین	_
2	گولدن	گولدن	گولدن	گول+دن	_
3	چه	چه|چه|چه	چه	چه|چه|چه	ضمیر پرسشی|حرف ربط|صفت
4	کارها	کار	کار	کار + ها	اسم + علامت جمع
5	می‌کند	کن|کن|می|می	می‌کند	می + کن + د|می + کن + د|می + ک + ند|می + ک + ند	سوم شخص مفرد|سوم شخص مفرد|اسم + ک + فعل سوم شخص جمع|اسم + ک + فعل سوم شخص جمع
6	!	!	!	!	علامت نگارشی

0	اگر	اگر	اگر	اگر	حرف ربط
1	شکستم	شکست|شکست|شکست	شکستم	شکست + م|شکست + م|شکست + م	اول شخص مفرد|اسم + ضمیر ملکی اول شخص مفرد|اسم + فعل اول شخص مفرد
2	را	را	را	را	حرف اضافه پسین
3	پذیرفته بودم	پذیرفت	پذیرفته بودم	پذیرفت + ه + بود + م	اول شخص مفرد

0	اگر	اگر	اگر	اگر	حرف ربط
1	جرئت	جری|جر|جر	جرئت	جری + ت|جر + ی + ت|جر + ی + ت	صفت + ضمیر ملکی دوم شخص مفرد|اسم + ی + ضمیر ملکی دوم شخص مفرد|اسم + ی + ضمیر ملکی دوم شخص مفرد
2	تصمیم	تصمیم	تصمیم	تصمیم	اسم
3	نمی‌داشتم	داشت	نمی‌داشتم	نمی + داشت + م	اول شخص مفرد

0	چه	چه|چه|چه	چه	چه|چه|چه	ضمیر پرسشی|حرف ربط|صفت
1	شده بود	شد	شده بود	شد + ه + بود	سوم شخص مفرد
2	؟	؟	؟	؟	علامت نگارشی

0	…	…	…	…	_
1	فردا	فردا	فردا	فردا	قید
2	،	،	،	،	
3	فردا	فردا	فردا	فردا	قید
4	،	،	،	،	
5	همه	همه|همه	همه	همه|همه	اسم|صفت مبهم
6	چیز	چیز	چیز	چیز	اسم
7	تمام	تمام|تمام	تمام	تمام|تمام	صفت|اسم موجود در ساختمان حرف اضافه و حرف ربط گروهی
8	خواهد شد	شد	خواهد شد	خواهد + شد	سوم شخص مفرد
9	.	.	.	.	علامت نگارشی
10	»	»	»	»	
