
0	دانشکده	دانشکده|دانش|دان	﻿دانشکده	دانشکده|دانش+کده|دان+ش+کده	O+O+V1|O+N1|N1	اسم|اسم + کده|بن مضارع + ش + کده
1	مدیریت	مدیریت|مدیر	مدیریت	مدیریت|مدیر+یت	O+N1|N1	اسم|اسم + یت
2	دانشگاه	دانشگاه|دانش|دان	دانشگاه	دانشگاه|دانش+گاه|دان+ش+گاه	O+O+V1|O+N1|N1	اسم|اسم + گاه|بن مضارع + ش + گاه
3	تهران	تهران	تهران	تهران	N2	اسم خاص مکان
4	؛	؛	؛	؛	O	
5	داده‌کاوی	داده‌کاوی	داده‌کاوی	داده‌کاوی	N1	اسم
6	چیست	چیست	چیست	چیست	V6	فعل امر مثبت
7	و	و|و|و	و	و|و|و	Ab|Al|C0	حرف ربط|حروف الفبا|اختصارات
8	چه	چه|چه|چه	چه	چه|چه|چه	A0|C0|NA	ضمیر پرسشی|حرف ربط|صفت
9	فایده‌ای	فایده	فایده‌ای	فایده+ای	O+N1	اسم + ای
10	دارد	دار|دار	دارد	دار+د|دار+د	O+V5|O+v1	فعل مضارع ساده:سوم شخص مفرد|فعل کمکی + د
11	؟	؟	؟	؟	Si	علامت نگارشی

0	داده‌کاوی	داده‌کاوی	داده‌کاوی	داده‌کاوی	N1	اسم
1	علم	علم	علم	علم	N1	اسم
2	و	و|و|و	و	و|و|و	Ab|Al|C0	حرف ربط|حروف الفبا|اختصارات
3	فنی	فنی|فن|فن	فنی	فنی|فن+ی|فن+ی	Y+N1|Y+N1|A0	صفت|اسم + ی|اسم + ی
4	است	است|اس	است	است|اس+ت	O+N1|O+v1	فعل مضارع ساده:سوم شخص مفرد|اسم + ضمیر ملکی دوم شخص مفرد
5	که	که|که|که|که	که	که|که|که|که	N1|N1|NA|C0	حرف ربط|ضمیر پرسشی|اسم|اسم
6	در	در|در|در|در|در	در	در|در|در|در|در	VPr|N1|N1|V6|Pr	حرف اضافه|فعل امر مثبت|اسم|اسم|پیشوند فعل
7	سالهای	سال	سال	سال+ها+ی	Y+Pl+N1	اسم + علامت جمع + ی
8	اخیر	اخیر	اخیر	اخیر	A0	صفت
9	و	و|و|و	و	و|و|و	Ab|Al|C0	حرف ربط|حروف الفبا|اختصارات
10	با	با	با	با	Pr	حرف اضافه
11	گسترش	گسترش|گستر|گس	گسترش	گسترش|گستر+ش|گس+تر+ش	O+O+A0|N1|O+v1	اسم|فعل مضارع ساده:سوم شخص مفرد|صفت + علامت صفت تفضیلی + ضمیر ملکی سوم شخص مفرد
12	استفاده	استفاده	استفاده	استفاده	N1	اسم
13	از	از	از	از	Pr	حرف اضافه
14	فناوری	فناور|فناور|فنا	فناوری	فناور+ی|فناور+ی|فنا+ور+ی	Y+O+A0|Y+N1|Y+A0	صفت + ی|اسم + ی|صفت + ور + ی
15	اطلاعات	اطلاعات|اطلاع	اطلاعات	اطلاعات|اطلاع+ات	Pl+N1|N1	اسم|اسم + علامت جمع
16	و	و|و|و	و	و|و|و	Ab|Al|C0	حرف ربط|حروف الفبا|اختصارات
17	سیستم‌های	سیستم	سیستم	سیستم+ها+ی	Y+Pl+N1	اسم + علامت جمع + ی
18	اطلاعاتی	اطلاعاتی|اطلاعات|اطلاع	اطلاعاتی	اطلاعاتی|اطلاعات+ی|اطلاع+ات+ی	Y+Pl+N1|Y+N1|A0	صفت|اسم + ی|اسم + علامت جمع + ی
19	مورد	مورد|مورد|مورد	مورد	مورد|مورد|مورد	N1|N9|N1	اسم|اسم موجود در ساختمان حرف اضافه و حرف ربط گروهی|اسم
20	توجه	توجه	توجه	توجه	N1	اسم
21	سازمان‌ها	سازمان	سازمان	سازمان+ها	Pl+N1	اسم + علامت جمع
22	قرار	قرار|قرار	قرار	قرار|قرار	N9|N1	اسم|اسم موجود در ساختمان حرف اضافه و حرف ربط گروهی
23	گرفت	گرفت|گرفت	گرفت	گرفت|گرفت	N1|v2	فعل ماضی ساده:سوم شخص مفرد|اسم
24	.	.	.	.	Si	علامت نگارشی

0	داده‌کاوی	داده‌کاوی	داده‌کاوی	داده‌کاوی	N1	اسم
1	کاربردهای	کاربرد	کاربرد	کاربرد+ها+ی	Y+Pl+N1	اسم + علامت جمع + ی
2	مختلفی	مختلف	مختلفی	مختلف+ی	Y+A0	صفت + ی
3	برای	برای|برا|بر	برای	برای|برا+ی|بر+ا+ی	Y+O+v1|Y+A0|Pr	حرف اضافه|صفت + ی|ریشه مضارع + ا + ی
4	سازمان‌ها	سازمان	سازمان	سازمان+ها	Pl+N1	اسم + علامت جمع
5	دارد	دار|دار	دارد	دار+د|دار+د	O+V5|O+v1	فعل مضارع ساده:سوم شخص مفرد|فعل کمکی + د
6	و	و|و|و	و	و|و|و	Ab|Al|C0	حرف ربط|حروف الفبا|اختصارات
7	می‌تواند	توان|توان	می‌تواند	می+توان+د|می+توان+د	O+V4+O|O+v1+O	می + فعل وجه نما + د|فعل حال اخباری:سوم شخص مفرد
8	برای	برای|برا|بر	برای	برای|برا+ی|بر+ا+ی	Y+O+v1|Y+A0|Pr	حرف اضافه|صفت + ی|ریشه مضارع + ا + ی
9	شرکت‌ها	شرکت	شرکت	شرکت+ها	Pl+N1	اسم + علامت جمع
10	در‌زمینه‌های	در زمینه های	در‌زمینه‌های	در+زمینه+‌های	O	N1
11	مهمی	مهمی|مهم	مهمی	مهمی|مهم+ی	Y+A0|N1	اسم|صفت + ی
12	مثل	مثل|مثل|مثل	مثل	مثل|مثل|مثل	N1|N9|N1	اسم|اسم موجود در ساختمان حرف اضافه و حرف ربط گروهی|اسم
13	بازاریابی	بازاریابی|بازاریاب	بازاریابی	بازاریابی|بازاریاب+ی	Y+N1|N1	اسم|اسم + ی
14	و	و|و|و	و	و|و|و	Ab|Al|C0	حرف ربط|حروف الفبا|اختصارات
15	فروش	فروش|فروش|فرو	فروش	فروش|فروش|فرو+ش	O+A0|N1|V6	فعل امر مثبت|اسم|صفت + ضمیر ملکی سوم شخص مفرد
16	بسیار	بسیار|بسیار|سیار|بس	بسیار	بسیار|بسیار|ب+سیار|بس+یار	O+A0|A0+O|Ad|A0	صفت|قید|ب + صفت|صفت + یار
17	راهگشا	راهگشا	راهگشا	راهگشا	N1	اسم
18	و	و|و|و	و	و|و|و	Ab|Al|C0	حرف ربط|حروف الفبا|اختصارات
19	مفید	مفید|مف	مفید	مفید|مف+ید	O+N1|A0	صفت|اسم + فعل دوم شخص جمع
20	باشد	باش|اشد	باشد	باش+د|ب+اشد	A0+O|O+v1	فعل مضارع ساده:سوم شخص مفرد|ب + صفت
21	.	.	.	.	Si	علامت نگارشی

0	در‌ادامه	درادامه	در‌ادامه	درادامه	Ad	قید
1	با	با	با	با	Pr	حرف اضافه
2	مفهوم	مفهوم	مفهوم	مفهوم	N1	اسم
3	داده	داده|داد|داد	داده	داده|داد+ه|داد+ه	O+N1|O+v2|N1	اسم|ریشه ماضی + ه|اسم + ه
4	و	و|و|و	و	و|و|و	Ab|Al|C0	حرف ربط|حروف الفبا|اختصارات
5	اطلاعات	اطلاعات|اطلاع	اطلاعات	اطلاعات|اطلاع+ات	Pl+N1|N1	اسم|اسم + علامت جمع
6	آشنا	آشنا	آشنا	آشنا	A0	صفت
7	میشویم	شو	میشویم	می+شو+یم	|O+v1+O	فعل حال اخباری:اول شخص جمع
8	و	و|و|و	و	و|و|و	Ab|Al|C0	حرف ربط|حروف الفبا|اختصارات
9	سپس	سپس	سپس	سپس	Ad	قید
10	با‌معنای	بامعنا|معنا	با‌معنای	بامعنا+ی|با+معنا+ی	Y+N1+O|Y+A0	صفت + ی|با + اسم + ی
11	داده‌کاوی	داده‌کاوی	داده‌کاوی	داده‌کاوی	N1	اسم
12	و	و|و|و	و	و|و|و	Ab|Al|C0	حرف ربط|حروف الفبا|اختصارات
13	کاربردهای	کاربرد	کاربرد	کاربرد+ها+ی	Y+Pl+N1	اسم + علامت جمع + ی
14	آن	ان	آن	ان	Ab	اختصارات
15	بیشتر	بیشتر|بیش|شتر	بیشتر	بیشتر|بیش+تر|بی+شتر	N1+O|O+A0|A0	صفت|صفت + علامت صفت تفضیلی|بی + اسم
16	آشنا	آشنا	آشنا	آشنا	A0	صفت
17	خواهیم‌شد	شد	خواهیم‌شد	خواهیم+شد	|v2+O+O	فعل آینده مثبت:اول شخص جمع
18	:	:	:		O	

0	داده	داده|داد|داد	داده	داده|داد+ه|داد+ه	O+N1|O+v2|N1	اسم|ریشه ماضی + ه|اسم + ه
1	با‌اطلاعات	اطلاعات|اطلاع	با‌اطلاعات	با+اطلاعات|با+اطلاع+ات	Pl+N1+O|N1+O	با + اسم|با + اسم + علامت جمع
2	چه	چه|چه|چه	چه	چه|چه|چه	A0|C0|NA	ضمیر پرسشی|حرف ربط|صفت
3	فرقی	فرقه|فرق	فرقی	فرقه+ی|فرق+ی	Y+N1|Y+O	اسم مفرد جمع مکسر + ی|اسم + ی
4	دارد	دار|دار	دارد	دار+د|دار+د	O+V5|O+v1	فعل مضارع ساده:سوم شخص مفرد|فعل کمکی + د
5	؟	؟	؟	؟	Si	علامت نگارشی

0	بسیاری	بسیاری|بسیار|بسیار|سیار|بس	بسیاری	بسیاری|بسیار+ی|بسیار+ی|ب+سیار+ی|بس+یار+ی	Y+O+A0|Y+A0+O|Y+Ad|Y+A0|A2	صفت مبهم|صفت + ی|قید + ی|ب + صفت + ی|صفت + یار + ی
1	از	از	از	از	Pr	حرف اضافه
2	مردم	مردم|مرد|مرد|مرد	مردم	مردم|مرد+م|مرد+م|مرد+م	O+N1|O+N1|N1|O+v2	اسم|اسم + ضمیر ملکی اول شخص مفرد|اسم + فعل اول شخص مفرد|فعل ماضی ساده:اول شخص مفرد
3	به‌اشتباه	به‌اشتباه|اشتباه	به‌اشتباه	به‌اشتباه|به+اشتباه	A0+O|Ad	قید|به + صفت
4	می‌پندارند	پندار	می‌پندارند	می+پندار+ند	|O+v1+O	فعل حال اخباری:سوم شخص جمع
5	که	که|که|که|که	که	که|که|که|که	N1|N1|NA|C0	حرف ربط|ضمیر پرسشی|اسم|اسم
6	داده	داده|داد|داد	داده	داده|داد+ه|داد+ه	O+N1|O+v2|N1	اسم|ریشه ماضی + ه|اسم + ه
7	با‌اطلاعات	اطلاعات|اطلاع	با‌اطلاعات	با+اطلاعات|با+اطلاع+ات	Pl+N1+O|N1+O	با + اسم|با + اسم + علامت جمع
8	تفاوت	تفاوت	تفاوت	تفاوت	N1	اسم
9	ندارد	دار|دار	ندارد	ن+دار+د|ن+دار+د	O+V5+Neg|O+v1+Neg	فعل حال التزامی منفی:سوم شخص مفرد|ن + فعل کمکی + د
10	و	و|و|و	و	و|و|و	Ab|Al|C0	حرف ربط|حروف الفبا|اختصارات
11	عموما	عموماً	عموما	عموماً	Ad	قید
12	این	این|این	این	این|این	N6|A1	صفت اشاره|ضمیر اشاره
13	دو	دو|دو|دو	دو	دو|دو|دو	N1|V6|No	عدد حرفی|فعل امر مثبت|اسم
14	واژه	واژه|واژ	واژه	واژه|واژ+ه	O+N1|N1	اسم|اسم + ه
15	را	را	را	را	Po	حرف اضافه پسین
16	به‌جای	به‌جای|جای|جا	به‌جای	به‌جای|به+جای|به+جا+ی	Y+N1+O|N1+O|Ad	قید|به + اسم|به + اسم + ی
17	هم	هم|هم|هم	هم	هم|هم|هم	N8|C0|Ad	قید|حرف ربط|ضمیر مشترک/متقابل
18	استفاده	استفاده	استفاده	استفاده	N1	اسم
19	می‌کنند	کن|کن	می‌کنند	می+کن+ند|می+کن+ند	|O+v1+O|O+v1+O	فعل حال اخباری:سوم شخص جمع|فعل حال اخباری:سوم شخص جمع
20	.	.	.	.	Si	علامت نگارشی

0	داده	داده|داد|داد	داده	داده|داد+ه|داد+ه	O+N1|O+v2|N1	اسم|ریشه ماضی + ه|اسم + ه
1	می‌تواند	توان|توان	می‌تواند	می+توان+د|می+توان+د	O+V4+O|O+v1+O	می + فعل وجه نما + د|فعل حال اخباری:سوم شخص مفرد
2	هر	هر	هر	هر	A1	صفت اشاره
3	نوع	نوع	نوع	نوع	N1	اسم
4	از	از	از	از	Pr	حرف اضافه
5	کاراکتر	کاراکتر|کارا|کار	کاراکتر	کاراکتر|کارا+ک+تر|کار+ا+ک+تر	O+O+O+v1|O+O+A0|N1	اسم|صفت + ک + علامت صفت تفضیلی|ریشه مضارع + ا + ک + علامت صفت تفضیلی
6	شامل	شامل	شامل	شامل	A0	صفت
7	متن	متن	متن	متن	N1	اسم
8	،	،	،	،	O	
9	عدد	عدد	عدد	عدد	N1	اسم
10	،	،	،	،	O	
11	کلمه	کلمه|کلم	کلمه	کلمه|کلم+ه	O+N1|N1	اسم|اسم + ه
12	،	،	،	،	O	
13	صدا	صدا	صدا	صدا	N1	اسم
14	و	و|و|و	و	و|و|و	Ab|Al|C0	حرف ربط|حروف الفبا|اختصارات
15	تصویر	تصویر	تصویر	تصویر	N1	اسم
16	باشد	باش|اشد	باشد	باش+د|ب+اشد	A0+O|O+v1	فعل مضارع ساده:سوم شخص مفرد|ب + صفت
17	و	و|و|و	و	و|و|و	Ab|Al|C0	حرف ربط|حروف الفبا|اختصارات
18	در	در|در|در|در|در	در	در|در|در|در|در	VPr|N1|N1|V6|Pr	حرف اضافه|فعل امر مثبت|اسم|اسم|پیشوند فعل
19	صورتی	صورتی|صورت	صورتی	صورتی|صورت+ی	Y+N1|A0	صفت|اسم + ی
20	که	که|که|که|که	که	که|که|که|که	N1|N1|NA|C0	حرف ربط|ضمیر پرسشی|اسم|اسم
21	توسط	توسط|توسط	توسط	توسط|توسط	N9|N1	اسم|اسم موجود در ساختمان حرف اضافه و حرف ربط گروهی
22	انسان	انسان	انسان	انسان	N1	اسم
23	مشاهده	مشاهده|مشاهد	مشاهده	مشاهده|مشاهد+ه	O+N1|N1	اسم|اسم + ه
24	شود	شود|شو	شود	شود|شو+د	N1|O+v1	اسم|فعل مضارع ساده:سوم شخص مفرد
25	لزوما	لزوماً	لزوما	لزوماً	Ad	قید
26	معنای	معنا	معنای	معنا+ی	Y+N1	اسم + ی
27	خاصی	خاص	خاصی	خاص+ی	Y+A0	صفت + ی
28	هم	هم|هم|هم	هم	هم|هم|هم	N8|C0|Ad	قید|حرف ربط|ضمیر مشترک/متقابل
29	در	در|در|در|در|در	در	در|در|در|در|در	VPr|N1|N1|V6|Pr	حرف اضافه|فعل امر مثبت|اسم|اسم|پیشوند فعل
30	بر	بر|بر|بر|بر	بر	بر|بر|بر|بر	N1|VPr|V6|Pr	حرف اضافه|فعل امر مثبت|پیشوند فعل|اسم
31	نخواهد‌داشت	داشت	نخواهد‌داشت	ن+خواهد+داشت	|v2+O+O+Neg	فعل آینده منفی:سوم شخص مفرد
32	.	.	.	.	Si	علامت نگارشی

0	داده‌ها	داده|داد|داد	داده	داده+ها|داد+ه+ها|داد+ه+ها	Pl+O+N1|Pl+O+v2|Pl+N1	اسم + علامت جمع|ریشه ماضی + ه + علامت جمع|اسم + ه + علامت جمع
1	عموما	عموماً	عموما	عموماً	Ad	قید
2	خام	خام	خام	خام	A0	صفت
3	،	،	،	،	O	
4	دسته‌بندی	دسته‌بندی	دسته‌بندی	دسته‌بندی	N1	اسم
5	و	و|و|و	و	و|و|و	Ab|Al|C0	حرف ربط|حروف الفبا|اختصارات
6	طبقه‌بندی	طبقه‌بندی	طبقه‌بندی	طبقه‌بندی	N1	اسم
7	نشده	شد	نشده	ن+شد+ه	O+V3+Neg	ن + فعل اسنادی + ه
8	هستند	هست|هست	هستند	هست+ند|هست+ند	O+N1|O+v1	فعل مضارع ساده:سوم شخص جمع|اسم + فعل سوم شخص جمع
9	و	و|و|و	و	و|و|و	Ab|Al|C0	حرف ربط|حروف الفبا|اختصارات
10	در	در|در|در|در|در	در	در|در|در|در|در	VPr|N1|N1|V6|Pr	حرف اضافه|فعل امر مثبت|اسم|اسم|پیشوند فعل
11	صورتی	صورتی|صورت	صورتی	صورتی|صورت+ی	Y+N1|A0	صفت|اسم + ی
12	که	که|که|که|که	که	که|که|که|که	N1|N1|NA|C0	حرف ربط|ضمیر پرسشی|اسم|اسم
13	بخواهیم	خواه|خواه	بخواهیم	ب+خواه+یم|ب+خواه+ی+م	|O+v1+O|O+v1+O	فعل حال التزامی:اول شخص جمع|فعل حال التزامی:دوم شخص مفرد
14	از	از	از	از	Pr	حرف اضافه
15	آنها	آن‌ها|آن‌ها|آنها|آنها	آن	آن‌ها|آن‌ها|آنها|آنها	N6|N5|N6|N5	ضمیر فاعلی|ضمیر اشاره|ضمیر فاعلی|ضمیر اشاره
16	به‌صورت	به‌صورت|صورت|صور	به‌صورت	به‌صورت|به+صورت|به+صور+ت	O+N1+O|N1+O|Pr1	حرف اضافه گروهی|به + اسم|به + اسم + ضمیر ملکی دوم شخص مفرد
17	مستقیم	مستقیم	مستقیم	مستقیم	A0	صفت
18	استفاده	استفاده	استفاده	استفاده	N1	اسم
19	کنیم	کن|کن|کن|کن|کن	کنیم	کن+یم|کن+یم|کن+ی+م|کن+ی+م|کن+یم	O+N2|O+v1|O+v1|O+v1|O+v1	فعل مضارع ساده:اول شخص جمع|فعل مضارع ساده:اول شخص جمع|فعل مضارع ساده:دوم شخص مفرد|فعل مضارع ساده:دوم شخص مفرد|اسم خاص مکان + فعل اول شخص جمع
20	عموما	عموماً	عموما	عموماً	Ad	قید
21	بی‌فایده	بی‌فایده	بی‌فایده	بی‌فایده	A0	صفت
22	خواهد‌بود	بود	خواهد‌بود	خواهد+بود	|v2+O+O	فعل آینده مثبت:سوم شخص مفرد
23	.	.	.	.	Si	علامت نگارشی

0	حال	حال	حال	حال	N1	اسم
1	آنکه	آن‌که|آن‌که|آنکه|آنکه	آنکه	آن‌که|آن‌که|آنکه|آنکه	N5|Ad|N5|Ad	قید|ضمیر فاعلی|قید|ضمیر فاعلی
2	پس‌از	پس‌از	پس‌از	پس‌از	Pr1	حرف اضافه گروهی
3	طبقه‌بندی	طبقه‌بندی	طبقه‌بندی	طبقه‌بندی	N1	اسم
4	،	،	،	،	O	
5	دسته‌بندی	دسته‌بندی	دسته‌بندی	دسته‌بندی	N1	اسم
6	و	و|و|و	و	و|و|و	Ab|Al|C0	حرف ربط|حروف الفبا|اختصارات
7	ساختاردهی	ساختاردهی	ساختاردهی	ساختار+ده+ی	O	N1
8	به	به|به	به	به|به	N1|Pr	حرف اضافه|اسم
9	داده‌ها	داده|داد|داد	داده	داده+ها|داد+ه+ها|داد+ه+ها	Pl+O+N1|Pl+O+v2|Pl+N1	اسم + علامت جمع|ریشه ماضی + ه + علامت جمع|اسم + ه + علامت جمع
10	اطلاعات	اطلاعات|اطلاع	اطلاعات	اطلاعات|اطلاع+ات	Pl+N1|N1	اسم|اسم + علامت جمع
11	به	به|به	به	به|به	N1|Pr	حرف اضافه|اسم
12	وجود	وجود|وجود	وجود	وجود|وجود	N9|N1	اسم|اسم موجود در ساختمان حرف اضافه و حرف ربط گروهی
13	می‌آید	می آید	می‌آید	می‌+آید	O	N1
14	.	.	.	.	Si	علامت نگارشی

0	می‌توان	توان	می‌توان	می+توان	V4+O	می + فعل وجه نما
1	از	از	از	از	Pr	حرف اضافه
2	داده‌ها	داده|داد|داد	داده	داده+ها|داد+ه+ها|داد+ه+ها	Pl+O+N1|Pl+O+v2|Pl+N1	اسم + علامت جمع|ریشه ماضی + ه + علامت جمع|اسم + ه + علامت جمع
3	برای	برای|برا|بر	برای	برای|برا+ی|بر+ا+ی	Y+O+v1|Y+A0|Pr	حرف اضافه|صفت + ی|ریشه مضارع + ا + ی
4	تصمیم‌گیری	تصمیم‌گیری	تصمیم‌گیری	تصمیم‌گیری	N1	اسم
5	و	و|و|و	و	و|و|و	Ab|Al|C0	حرف ربط|حروف الفبا|اختصارات
6	یا	یا|یا	یا	یا|یا	Intj|C0	حرف ربط|صوت
7	ایجاد	ایجاد	ایجاد	ایجاد	N1	اسم
8	دانش	دانش|دان	دانش	دانش|دان+ش	N1|O+v1	اسم|فعل مضارع ساده:سوم شخص مفرد
9	در‌مورد	درمورد	در‌مورد	درمورد	Pr1	حرف اضافه گروهی
10	یک	یک	یک	یک	No	عدد حرفی
11	مقوله	مقوله|مقول	مقوله	مقوله|مقول+ه	O+N1|N1	اسم|اسم + ه
12	استفاده‌کرد	استفاده کرد	استفاده‌کرد	استفاده کرد	|v2	فعل ماضی ساده:سوم شخص مفرد
13	.	.	.	.	Si	علامت نگارشی

0	اطلاعات	اطلاعات|اطلاع	اطلاعات	اطلاعات|اطلاع+ات	Pl+N1|N1	اسم|اسم + علامت جمع
1	عموما	عموماً	عموما	عموماً	Ad	قید
2	برای	برای|برا|بر	برای	برای|برا+ی|بر+ا+ی	Y+O+v1|Y+A0|Pr	حرف اضافه|صفت + ی|ریشه مضارع + ا + ی
3	کاربر	کاربر|کار	کاربر	کاربر|کار+بر	O+N1|A0	صفت|اسم + بر
4	مفهوم	مفهوم	مفهوم	مفهوم	N1	اسم
5	دارد	دار|دار	دارد	دار+د|دار+د	O+V5|O+v1	فعل مضارع ساده:سوم شخص مفرد|فعل کمکی + د
6	و	و|و|و	و	و|و|و	Ab|Al|C0	حرف ربط|حروف الفبا|اختصارات
7	قابل	قابل	قابل	قابل	A0	صفت
8	استفاده	استفاده	استفاده	استفاده	N1	اسم
9	است	است|اس	است	است|اس+ت	O+N1|O+v1	فعل مضارع ساده:سوم شخص مفرد|اسم + ضمیر ملکی دوم شخص مفرد
10	.	.	.	.	Si	علامت نگارشی

0	مثال	مثال	مثال	مثال	N1	اسم
1	:	:	:		O	

0	تاریخ	تاریخ	تاریخ	تاریخ	N1	اسم
1	دمای	دما|دم|دم|دم	دمای	دما+ی|دم+ا+ی|دم+ا+ی|دم+ا+ی	Y+O+N1|Y+O+N1|Y+O+v1|Y+N1	اسم + ی|ریشه مضارع + ا + ی|اسم + ا + ی|اسم + ا + ی
2	سراسر	سراسر	سراسر	سراسر	N1	اسم
3	جهان	جهان|جهان|جه	جهان	جهان|جهان|جه+ان	O+N1|V6|N1	اسم|فعل امر مثبت|اسم + ان
4	در	در|در|در|در|در	در	در|در|در|در|در	VPr|N1|N1|V6|Pr	حرف اضافه|فعل امر مثبت|اسم|اسم|پیشوند فعل
5	صد	صد	صد	صد	No	عدد حرفی
6	سال	سال	سال	سال	N1	اسم
7	گذشته	گذشته|گذشت|گذشت	گذشته	گذشته|گذشت+ه|گذشت+ه	O+N1|O+v2|A0	صفت|ریشه ماضی + ه|اسم + ه
8	داده‌است	داد	داده‌است	داد+ه+است	|O+O+v2	فعل ماضی نقلی:سوم شخص مفرد
9	،	،	،	،	O	
10	حال	حال	حال	حال	N1	اسم
11	آنکه	آن‌که|آن‌که|آنکه|آنکه	آنکه	آن‌که|آن‌که|آنکه|آنکه	N5|Ad|N5|Ad	قید|ضمیر فاعلی|قید|ضمیر فاعلی
12	روند	روند|رو|رو	روند	روند|رو+ند|رو+ند	O+N1|A0|O+v1	صفت|اسم + فعل سوم شخص جمع|فعل مضارع ساده:سوم شخص جمع
13	افزایش	افزایش|افزا	افزایش	افزایش|افزا+ی+ش	N1|O+v1	اسم|فعل مضارع ساده:سوم شخص مفرد
14	یا	یا|یا	یا	یا|یا	Intj|C0	حرف ربط|صوت
15	کاهش	کاهش|کاه|کاه	کاهش	کاهش|کاه+ش|کاه+ش	O+N1|N1|O+v1	اسم|فعل مضارع ساده:سوم شخص مفرد|اسم + ضمیر ملکی سوم شخص مفرد
16	دما	دما|دم	دما	دما|دم+ا	O+v1|N1	اسم|ریشه مضارع + ا
17	در	در|در|در|در|در	در	در|در|در|در|در	VPr|N1|N1|V6|Pr	حرف اضافه|فعل امر مثبت|اسم|اسم|پیشوند فعل
18	این	این|این	این	این|این	N6|A1	صفت اشاره|ضمیر اشاره
19	سالها	سال	سال	سال+ها	Pl+N1	اسم + علامت جمع
20	یک	یک	یک	یک	No	عدد حرفی
21	اطلاعات	اطلاعات|اطلاع	اطلاعات	اطلاعات|اطلاع+ات	Pl+N1|N1	اسم|اسم + علامت جمع
22	است	است|اس	است	است|اس+ت	O+N1|O+v1	فعل مضارع ساده:سوم شخص مفرد|اسم + ضمیر ملکی دوم شخص مفرد
23	.	.	.	.	Si	علامت نگارشی

0	نمرات	نمرات|نمره	نمره	نمرات|نمره+ات	Pl+N1|N1	اسم|اسم + علامت جمع
1	دانشجویان	دانشجوی|دانشجو|دانش|دان	دانشجویان	دانشجوی+ان|دانشجو+ی+ان|دانش+جو+ی+ان|دان+ش+جو+ی+ان	O+Y+O+O+V1|O+Y+O+N1|O+Y+N1|O+N1	اسم + ان|اسم + ی + ان|اسم + جو + ی + ان|بن مضارع + ش + جو + ی + ان
2	یک	یک	یک	یک	No	عدد حرفی
3	کلاس	کلاس	کلاس	کلاس	N1	اسم
4	داده	داده|داد|داد	داده	داده|داد+ه|داد+ه	O+N1|O+v2|N1	اسم|ریشه ماضی + ه|اسم + ه
5	است	است|اس	است	است|اس+ت	O+N1|O+v1	فعل مضارع ساده:سوم شخص مفرد|اسم + ضمیر ملکی دوم شخص مفرد
6	،	،	،	،	O	
7	اما	اما	اما	اما	C0	حرف ربط
8	ترتیب	ترتیب	ترتیب	ترتیب	N1	اسم
9	نمرات	نمرات|نمره	نمره	نمرات|نمره+ات	Pl+N1|N1	اسم|اسم + علامت جمع
10	،	،	،	،	O	
11	میانگین	میانگین|میان	میانگین	میانگین|میان+گین	O+N1|N1	اسم|اسم + گین
12	،	،	،	،	O	
13	و	و|و|و	و	و|و|و	Ab|Al|C0	حرف ربط|حروف الفبا|اختصارات
14	ارتباط	ارتباط	ارتباط	ارتباط	N1	اسم
15	نمره	نمره	نمره	نمره	N1	اسم
16	این	این|این	این	این|این	N6|A1	صفت اشاره|ضمیر اشاره
17	درس	درس	درس	درس	N1	اسم
18	با	با	با	با	Pr	حرف اضافه
19	معدل	معدل	معدل	معدل	N1	اسم
20	دانشجو	دانشجو|دانش|دان	دانشجو	دانشجو|دانش+جو|دان+ش+جو	O+O+V1|O+N1|N1	اسم|اسم + جو|بن مضارع + ش + جو
21	یا	یا|یا	یا	یا|یا	Intj|C0	حرف ربط|صوت
22	یک	یک	یک	یک	No	عدد حرفی
23	درس	درس	درس	درس	N1	اسم
24	دیگر	دیگر|دیگر|دی	دیگر	دیگر|دیگر|دی+گر	O+N1|A2|Ad	قید|صفت مبهم|اسم + گر
25	یک	یک	یک	یک	No	عدد حرفی
26	نمونه	نمونه	نمونه	نمونه	A0	صفت
27	از	از	از	از	Pr	حرف اضافه
28	اطلاعات	اطلاعات|اطلاع	اطلاعات	اطلاعات|اطلاع+ات	Pl+N1|N1	اسم|اسم + علامت جمع
29	است	است|اس	است	است|اس+ت	O+N1|O+v1	فعل مضارع ساده:سوم شخص مفرد|اسم + ضمیر ملکی دوم شخص مفرد
30	.	.	.	.	Si	علامت نگارشی

0	انبوه	انبوه|انبوه	انبوه	انبوه|انبوه	A0|V6	فعل امر مثبت|صفت
1	داده	داده|داد|داد	داده	داده|داد+ه|داد+ه	O+N1|O+v2|N1	اسم|ریشه ماضی + ه|اسم + ه
2	بلای	لای|بلا|لا	بلای	ب+لای|بلا+ی|ب+لا+ی	Y+A0+O|Y+A0|N1+O	ب + اسم|صفت + ی|ب + صفت + ی
3	جان	جان	جان	جان	N1	اسم
4	سازمان‌ها	سازمان	سازمان	سازمان+ها	Pl+N1	اسم + علامت جمع
5	یک	یک	یک	یک	No	عدد حرفی
6	کسب‌و‌کار	کسب و کار	کسب‌و‌کار	کسب‌و+کار	O	N1
7	فرضی	فرضی|فرض	فرضی	فرضی|فرض+ی	Y+N1|A0	صفت|اسم + ی
8	فعال	فعال	فعال	فعال	A0	صفت
9	در	در|در|در|در|در	در	در|در|در|در|در	VPr|N1|N1|V6|Pr	حرف اضافه|فعل امر مثبت|اسم|اسم|پیشوند فعل
10	زمینه	زمینه|زمینه|زمین|زم	زمینه	زمینه|زمینه|زمین+ه|زم+ین+ه	O+O+N1|O+N1|N9|N1	اسم|اسم موجود در ساختمان حرف اضافه و حرف ربط گروهی|اسم + ه|اسم + ین + ه
11	فروش	فروش|فروش|فرو	فروش	فروش|فروش|فرو+ش	O+A0|N1|V6	فعل امر مثبت|اسم|صفت + ضمیر ملکی سوم شخص مفرد
12	را	را	را	را	Po	حرف اضافه پسین
13	در	در|در|در|در|در	در	در|در|در|در|در	VPr|N1|N1|V6|Pr	حرف اضافه|فعل امر مثبت|اسم|اسم|پیشوند فعل
14	نظر	نظر|نظر	نظر	نظر|نظر	N9|N1	اسم|اسم موجود در ساختمان حرف اضافه و حرف ربط گروهی
15	بگیرید	بگیر|گیر|گیر	بگیرید	بگیر+ید|ب+گیر+ید|ب+گیر+ید	O+A0+O|O+A0|O+v1+O	صفت + فعل دوم شخص جمع|فعل حال التزامی:دوم شخص جمع|ب + صفت + فعل دوم شخص جمع
16	،	،	،	،	O	
17	این	این|این	این	این|این	N6|A1	صفت اشاره|ضمیر اشاره
18	سازمان	سازمان|ساز|ساز	سازمان	سازمان|ساز+مان|ساز+مان	O+N1|N1|O+v1	اسم|فعل مضارع ساده:سوم شخص مفرد|اسم + ضمیر ملکی اول شخص جمع
19	هر‌روز	هرروز	هر‌روز	هرروز	Ad	قید
20	صدها	صد	صد	صد+ها	Pl+No	عدد حرفی + علامت جمع
21	مورد	مورد|مورد|مورد	مورد	مورد|مورد|مورد	N1|N9|N1	اسم|اسم موجود در ساختمان حرف اضافه و حرف ربط گروهی|اسم
22	فروش	فروش|فروش|فرو	فروش	فروش|فروش|فرو+ش	O+A0|N1|V6	فعل امر مثبت|اسم|صفت + ضمیر ملکی سوم شخص مفرد
23	را	را	را	را	Po	حرف اضافه پسین
24	از	از	از	از	Pr	حرف اضافه
25	دهها	ده|ده	ده	ده+ها|ده+ها	Pl+N1|Pl+No	عدد حرفی + علامت جمع|اسم + علامت جمع
26	مشتری	مشتری	مشتری	مشتری	N1	اسم
27	ثبت	ثبت	ثبت	ثبت	N1	اسم
28	می‌کند	کن|کن|می|می	می‌کند	می+کن+د|می+کن+د|می+ک+ند|می+ک+ند	O+O+N1|O+O+N1|O+v1+O|O+v1+O	فعل حال اخباری:سوم شخص مفرد|فعل حال اخباری:سوم شخص مفرد|اسم + ک + فعل سوم شخص جمع|اسم + ک + فعل سوم شخص جمع
29	،	،	،	،	O	
30	تمام	تمام|تمام	تمام	تمام|تمام	N9|A0	صفت|اسم موجود در ساختمان حرف اضافه و حرف ربط گروهی
31	داده‌های	داده|داد|داد	داده	داده+ها+ی|داد+ه+ها+ی|داد+ه+ها+ی	Y+Pl+O+N1|Y+Pl+O+v2|Y+Pl+N1	اسم + علامت جمع + ی|ریشه ماضی + ه + علامت جمع + ی|اسم + ه + علامت جمع + ی
32	مربوط	مربوط	مربوط	مربوط	A0	صفت
33	به	به|به	به	به|به	N1|Pr	حرف اضافه|اسم
34	یک	یک	یک	یک	No	عدد حرفی
35	خرید	خرید|خرید|خر|خر|خر	خرید	خرید|خرید|خر+ید|خر+ید|خر+ید	O+N1|O+N1|N1|v2|O+v1	فعل ماضی ساده:سوم شخص مفرد|اسم|فعل مضارع ساده:دوم شخص جمع|اسم + فعل دوم شخص جمع|اسم + فعل دوم شخص جمع
36	از‌جمله	ازجمله	از‌جمله	ازجمله	Ad	قید
37	نام	نام|نام	نام	نام|نام	V6|N1	اسم|فعل امر مثبت
38	و	و|و|و	و	و|و|و	Ab|Al|C0	حرف ربط|حروف الفبا|اختصارات
39	قیمت	قیمت|قیم	قیمت	قیمت|قیم+ت	O+N1|N1	اسم|اسم + ضمیر ملکی دوم شخص مفرد
40	و	و|و|و	و	و|و|و	Ab|Al|C0	حرف ربط|حروف الفبا|اختصارات
41	دسته	دست	دسته	دست+ه	O+N1	اسم + ه
42	کالاها	کالا	کالا	کالا+ها	Pl+N1	اسم + علامت جمع
43	و	و|و|و	و	و|و|و	Ab|Al|C0	حرف ربط|حروف الفبا|اختصارات
44	اطلاعات	اطلاعات|اطلاع	اطلاعات	اطلاعات|اطلاع+ات	Pl+N1|N1	اسم|اسم + علامت جمع
45	مربوط	مربوط	مربوط	مربوط	A0	صفت
46	به	به|به	به	به|به	N1|Pr	حرف اضافه|اسم
47	خریدار	خریدار|خرید	خریدار	خریدار|خرید+ار	O+v2|A0	صفت|ریشه ماضی + ار
48	را	را	را	را	Po	حرف اضافه پسین
49	ثبت	ثبت	ثبت	ثبت	N1	اسم
50	می‌کند	کن|کن|می|می	می‌کند	می+کن+د|می+کن+د|می+ک+ند|می+ک+ند	O+O+N1|O+O+N1|O+v1+O|O+v1+O	فعل حال اخباری:سوم شخص مفرد|فعل حال اخباری:سوم شخص مفرد|اسم + ک + فعل سوم شخص جمع|اسم + ک + فعل سوم شخص جمع
51	.	.	.	.	Si	علامت نگارشی

0	پس‌از	پس‌از	پس‌از	پس‌از	Pr1	حرف اضافه گروهی
1	گذشت	گذشت|گذشت	گذشت	گذشت|گذشت	N1|v2	فعل ماضی ساده:سوم شخص مفرد|اسم
2	مدتی	مدت	مدتی	مدت+ی	Y+N1	اسم + ی
3	این	این|این	این	این|این	N6|A1	صفت اشاره|ضمیر اشاره
4	سازمان	سازمان|ساز|ساز	سازمان	سازمان|ساز+مان|ساز+مان	O+N1|N1|O+v1	اسم|فعل مضارع ساده:سوم شخص مفرد|اسم + ضمیر ملکی اول شخص جمع
5	انبوهی	انبوهی|انبوه|انبوه	انبوهی	انبوهی|انبوه+ی|انبوه+ی	Y+A0|N1|O+v1	اسم|فعل مضارع ساده:دوم شخص مفرد|صفت + ی
6	از	از	از	از	Pr	حرف اضافه
7	داده‌ها	داده|داد|داد	داده	داده+ها|داد+ه+ها|داد+ه+ها	Pl+O+N1|Pl+O+v2|Pl+N1	اسم + علامت جمع|ریشه ماضی + ه + علامت جمع|اسم + ه + علامت جمع
8	بی‌معنا	بی‌معنا	بی‌معنا	بی‌معنا	A0	صفت
9	دارد	دار|دار	دارد	دار+د|دار+د	O+V5|O+v1	فعل مضارع ساده:سوم شخص مفرد|فعل کمکی + د
10	که	که|که|که|که	که	که|که|که|که	N1|N1|NA|C0	حرف ربط|ضمیر پرسشی|اسم|اسم
11	نمی‌تواند	توان|توان	نمی‌تواند	نمی+توان+د|نمی+توان+د	O+V4+O|O+v1+O+Neg	نمی + فعل وجه نما + د|فعل حال اخباری منفی:سوم شخص مفرد
12	از	از	از	از	Pr	حرف اضافه
13	آنها	آن‌ها|آن‌ها|آنها|آنها	آن	آن‌ها|آن‌ها|آنها|آنها	N6|N5|N6|N5	ضمیر فاعلی|ضمیر اشاره|ضمیر فاعلی|ضمیر اشاره
14	بهره	بهره|هره|بهر	بهره	بهره|ب+هره|بهر+ه	O+N1|N1+O|N1	اسم|ب + اسم|اسم + ه
15	ببرد	برد|برد|بر	ببرد	ب+برد|ب+برد|ب+بر+د	N1+O|O+O+O+v2|O+v1+O	فعل ماضی التزامی:سوم شخص مفرد|ب + اسم|فعل حال التزامی:سوم شخص مفرد
16	.	.	.	.	Si	علامت نگارشی

0	این	این|این	این	این|این	N6|A1	صفت اشاره|ضمیر اشاره
1	سازمان	سازمان|ساز|ساز	سازمان	سازمان|ساز+مان|ساز+مان	O+N1|N1|O+v1	اسم|فعل مضارع ساده:سوم شخص مفرد|اسم + ضمیر ملکی اول شخص جمع
2	اگر	اگر	اگر	اگر	C0	حرف ربط
3	بخواهد	خواه|خواه	بخواهد	ب+خواه+د|ب+خواه+د	O+V5+O|O+v1+O	فعل حال التزامی:سوم شخص مفرد|ب + فعل کمکی + د
4	بفهمد	فهم	بفهمد	ب+فهم+د	|O+v1+O	فعل حال التزامی:سوم شخص مفرد
5	کدام	کدام	کدام	کدام	NA	ضمیر پرسشی
6	مشتریان	مشتری	مشتریان	مشتری+ان	O+N1	اسم + ان
7	از	از	از	از	Pr	حرف اضافه
8	چه	چه|چه|چه	چه	چه|چه|چه	A0|C0|NA	ضمیر پرسشی|حرف ربط|صفت
9	کالایی	کالایی|کالا	کالایی	کالایی|کالا+یی	O+N1|A0	صفت|اسم + یی
10	بیشتر	بیشتر|بیش|شتر	بیشتر	بیشتر|بیش+تر|بی+شتر	N1+O|O+A0|A0	صفت|صفت + علامت صفت تفضیلی|بی + اسم
11	خوششان	خوش	خوششان	خوش+شان	O+A0	صفت + ضمیر ملکی سوم شخص جمع
12	آمده	امد	آمده	امد+ه	O+N1	اسم + ه
13	راهی	راهی|راه	راهی	راهی|راه+ی	Y+N1|A0	صفت|اسم + ی
14	ندارد	دار|دار	ندارد	ن+دار+د|ن+دار+د	O+V5+Neg|O+v1+Neg	فعل حال التزامی منفی:سوم شخص مفرد|ن + فعل کمکی + د
15	،	،	،	،	O	
16	نمی‌تواند	توان|توان	نمی‌تواند	نمی+توان+د|نمی+توان+د	O+V4+O|O+v1+O+Neg	نمی + فعل وجه نما + د|فعل حال اخباری منفی:سوم شخص مفرد
17	بفهمد	فهم	بفهمد	ب+فهم+د	|O+v1+O	فعل حال التزامی:سوم شخص مفرد
18	خریداران	خریدار|خرید	خریداران	خریدار+ان|خرید+ار+ان	O+O+v2|O+A0	صفت + ان|ریشه ماضی + ار + ان
19	با	با	با	با	Pr	حرف اضافه
20	هزینه	هزینه	هزینه	هزینه	N1	اسم
21	بالا	بالا|بال	بالا	بالا|بال+ا	O+v1|A0	صفت|ریشه مضارع + ا
22	از	از	از	از	Pr	حرف اضافه
23	چه	چه|چه|چه	چه	چه|چه|چه	A0|C0|NA	ضمیر پرسشی|حرف ربط|صفت
24	کالایی	کالایی|کالا	کالایی	کالایی|کالا+یی	O+N1|A0	صفت|اسم + یی
25	خرید	خرید|خرید|خر|خر|خر	خرید	خرید|خرید|خر+ید|خر+ید|خر+ید	O+N1|O+N1|N1|v2|O+v1	فعل ماضی ساده:سوم شخص مفرد|اسم|فعل مضارع ساده:دوم شخص جمع|اسم + فعل دوم شخص جمع|اسم + فعل دوم شخص جمع
26	می‌کنند	کن|کن	می‌کنند	می+کن+ند|می+کن+ند	|O+v1+O|O+v1+O	فعل حال اخباری:سوم شخص جمع|فعل حال اخباری:سوم شخص جمع
27	و	و|و|و	و	و|و|و	Ab|Al|C0	حرف ربط|حروف الفبا|اختصارات
28	خریداران	خریدار|خرید	خریداران	خریدار+ان|خرید+ار+ان	O+O+v2|O+A0	صفت + ان|ریشه ماضی + ار + ان
29	با	با	با	با	Pr	حرف اضافه
30	سبد	سبد	سبد	سبد	N1	اسم
31	قیمتی	قیمتی|قیمت|قیم	قیمتی	قیمتی|قیمت+ی|قیم+ت+ی	Y+O+N1|Y+N1|A0	صفت|اسم + ی|اسم + ضمیر ملکی دوم شخص مفرد + ی
32	پایین	پایین|پا	پایین	پایین|پا+ین	O+N1|A0	صفت|اسم + ین
33	چه	چه|چه|چه	چه	چه|چه|چه	A0|C0|NA	ضمیر پرسشی|حرف ربط|صفت
34	کالایی	کالایی|کالا	کالایی	کالایی|کالا+یی	O+N1|A0	صفت|اسم + یی
35	را	را	را	را	Po	حرف اضافه پسین
36	می‌پسندند	پسند	می‌پسندند	می+پسند+ند	|O+v1+O	فعل حال اخباری:سوم شخص جمع
37	؛	؛	؛	؛	O	
38	نمی‌داند	دان	نمی‌داند	نمی+دان+د	|O+v1+O+Neg	فعل حال اخباری منفی:سوم شخص مفرد
39	کدام	کدام	کدام	کدام	NA	ضمیر پرسشی
40	کالا	کالا	کالا	کالا	N1	اسم
41	فروش	فروش|فروش|فرو	فروش	فروش|فروش|فرو+ش	O+A0|N1|V6	فعل امر مثبت|اسم|صفت + ضمیر ملکی سوم شخص مفرد
42	بهتری	بهتر	بهتری	بهتر+ی	Y+A0	صفت + ی
43	دارد	دار|دار	دارد	دار+د|دار+د	O+V5|O+v1	فعل مضارع ساده:سوم شخص مفرد|فعل کمکی + د
44	،	،	،	،	O	
45	چه	چه|چه|چه	چه	چه|چه|چه	A0|C0|NA	ضمیر پرسشی|حرف ربط|صفت
46	کالایی	کالایی|کالا	کالایی	کالایی|کالا+یی	O+N1|A0	صفت|اسم + یی
47	در	در|در|در|در|در	در	در|در|در|در|در	VPr|N1|N1|V6|Pr	حرف اضافه|فعل امر مثبت|اسم|اسم|پیشوند فعل
48	انبار	انبار|انبار	انبار	انبار|انبار	N1|V6	فعل امر مثبت|اسم
49	می‌ماند	ماند|مان	می‌ماند	می+ماند|می+مان+د	|v2+O|O+v1+O	فعل ماضی استمراری:سوم شخص مفرد|فعل حال اخباری:سوم شخص مفرد
50	،	،	،	،	O	
51	چه	چه|چه|چه	چه	چه|چه|چه	A0|C0|NA	ضمیر پرسشی|حرف ربط|صفت
52	کالایی	کالایی|کالا	کالایی	کالایی|کالا+یی	O+N1|A0	صفت|اسم + یی
53	حجم	حجم|حج|حج	حجم	حجم|حج+م|حج+م	O+N1|O+N1|N1	اسم|اسم + ضمیر ملکی اول شخص مفرد|اسم + فعل اول شخص مفرد
54	سرمایه	سرمایه|سرما	سرمایه	سرمایه|سرما+یه	O+N1|N1	اسم|اسم + یه
55	سازمان	سازمان|ساز|ساز	سازمان	سازمان|ساز+مان|ساز+مان	O+N1|N1|O+v1	اسم|فعل مضارع ساده:سوم شخص مفرد|اسم + ضمیر ملکی اول شخص جمع
56	را	را	را	را	Po	حرف اضافه پسین
57	درگیر	درگیر|درگیر	درگیر	درگیر|درگیر	V6|A0	صفت|فعل امر مثبت
58	می‌کند	کن|کن|می|می	می‌کند	می+کن+د|می+کن+د|می+ک+ند|می+ک+ند	O+O+N1|O+O+N1|O+v1+O|O+v1+O	فعل حال اخباری:سوم شخص مفرد|فعل حال اخباری:سوم شخص مفرد|اسم + ک + فعل سوم شخص جمع|اسم + ک + فعل سوم شخص جمع
59	و	و|و|و	و	و|و|و	Ab|Al|C0	حرف ربط|حروف الفبا|اختصارات
60	در	در|در|در|در|در	در	در|در|در|در|در	VPr|N1|N1|V6|Pr	حرف اضافه|فعل امر مثبت|اسم|اسم|پیشوند فعل
61	یک	یک	یک	یک	No	عدد حرفی
62	کلام	کلام	کلام	کلام	N1	اسم
63	:	:	:		O	

0	از	از	از	از	Pr	حرف اضافه
1	میان	میان|می|می	میان	میان|می+ان|می+ان	O+N1|O+N1|N1	اسم|اسم + ان|اسم + ان
2	انبوه	انبوه|انبوه	انبوه	انبوه|انبوه	A0|V6	فعل امر مثبت|صفت
3	داده	داده|داد|داد	داده	داده|داد+ه|داد+ه	O+N1|O+v2|N1	اسم|ریشه ماضی + ه|اسم + ه
4	هیچ	هیچ	هیچ	هیچ	A1	صفت اشاره
5	دانش	دانش|دان	دانش	دانش|دان+ش	N1|O+v1	اسم|فعل مضارع ساده:سوم شخص مفرد
6	مفیدی	مفیدی|مفید	مفیدی	مفیدی|مفید+ی	Y+A0|N4	اسم فامیل|صفت + ی
7	استخراج	استخراج	استخراج	استخراج	N1	اسم
8	نمی‌کند	کن|کن	نمی‌کند	نمی+کن+د|نمی+کن+د	|O+v1+O+Neg|O+v1+O+Neg	فعل حال اخباری منفی:سوم شخص مفرد|فعل حال اخباری منفی:سوم شخص مفرد
9	.	.	.	.	Si	علامت نگارشی

0	داده‌کاوی	داده‌کاوی	داده‌کاوی	داده‌کاوی	N1	اسم
1	چیست	چیست	چیست	چیست	V6	فعل امر مثبت
2	؟	؟	؟	؟	Si	علامت نگارشی

0	سازمان‌ها	سازمان	سازمان	سازمان+ها	Pl+N1	اسم + علامت جمع
1	برای	برای|برا|بر	برای	برای|برا+ی|بر+ا+ی	Y+O+v1|Y+A0|Pr	حرف اضافه|صفت + ی|ریشه مضارع + ا + ی
2	تصمیم‌گیری	تصمیم‌گیری	تصمیم‌گیری	تصمیم‌گیری	N1	اسم
3	و	و|و|و	و	و|و|و	Ab|Al|C0	حرف ربط|حروف الفبا|اختصارات
4	برنامه‌ریزی	برنامه‌ریزی	برنامه‌ریزی	برنامه‌ریزی	N1	اسم
5	به	به|به	به	به|به	N1|Pr	حرف اضافه|اسم
6	اطلاعات	اطلاعات|اطلاع	اطلاعات	اطلاعات|اطلاع+ات	Pl+N1|N1	اسم|اسم + علامت جمع
7	نیاز	نیاز|یاز	نیاز	نیاز|ن+یاز	V6|N1	اسم|فعل امر منفی
8	دارند	دار|دار|دار	دارند	دار+ند|دار+ند|دار+ند	O+V5|O+N1|O+v1	فعل مضارع ساده:سوم شخص جمع|اسم + فعل سوم شخص جمع|فعل کمکی + فعل سوم شخص جمع
9	،	،	،	،	O	
10	بخش	بخش|بخش|خش	بخش	بخش|بخش|ب+خش	N1+O|V6|N1	اسم|فعل امر مثبت|ب + اسم
11	مهمی	مهمی|مهم	مهمی	مهمی|مهم+ی	Y+A0|N1	اسم|صفت + ی
12	از	از	از	از	Pr	حرف اضافه
13	این	این|این	این	این|این	N6|A1	صفت اشاره|ضمیر اشاره
14	اطلاعات	اطلاعات|اطلاع	اطلاعات	اطلاعات|اطلاع+ات	Pl+N1|N1	اسم|اسم + علامت جمع
15	از	از	از	از	Pr	حرف اضافه
16	خود	خود|خود	خود	خود|خود	N1|N8	ضمیر مشترک/متقابل|اسم
17	سازمان	سازمان|ساز|ساز	سازمان	سازمان|ساز+مان|ساز+مان	O+N1|N1|O+v1	اسم|فعل مضارع ساده:سوم شخص مفرد|اسم + ضمیر ملکی اول شخص جمع
18	ناشی	ناشی	ناشی	ناشی	A0	صفت
19	می‌شود	شو	می‌شود	می+شو+د	|O+v1+O	فعل حال اخباری:سوم شخص مفرد
20	،	،	،	،	O	
21	از	از	از	از	Pr	حرف اضافه
22	داده‌های	داده|داد|داد	داده	داده+ها+ی|داد+ه+ها+ی|داد+ه+ها+ی	Y+Pl+O+N1|Y+Pl+O+v2|Y+Pl+N1	اسم + علامت جمع + ی|ریشه ماضی + ه + علامت جمع + ی|اسم + ه + علامت جمع + ی
23	قبلی	قبلی|قبل|قبل	قبلی	قبلی|قبل+ی|قبل+ی	Y+N1|Y+Ad|A0	صفت|قید + ی|اسم + ی
24	و	و|و|و	و	و|و|و	Ab|Al|C0	حرف ربط|حروف الفبا|اختصارات
25	الگوهای	الگو	الگو	الگو+ها+ی	Y+Pl+N1	اسم + علامت جمع + ی
26	عملکرد	عملکرد	عملکرد	عملکرد	N1	اسم
27	سازمان	سازمان|ساز|ساز	سازمان	سازمان|ساز+مان|ساز+مان	O+N1|N1|O+v1	اسم|فعل مضارع ساده:سوم شخص مفرد|اسم + ضمیر ملکی اول شخص جمع
28	استخراج	استخراج	استخراج	استخراج	N1	اسم
29	می‌شوند	شو	می‌شوند	می+شو+ند	|O+v1+O	فعل حال اخباری:سوم شخص جمع
30	،	،	،	،	O	
31	داده‌های	داده|داد|داد	داده	داده+ها+ی|داد+ه+ها+ی|داد+ه+ها+ی	Y+Pl+O+N1|Y+Pl+O+v2|Y+Pl+N1	اسم + علامت جمع + ی|ریشه ماضی + ه + علامت جمع + ی|اسم + ه + علامت جمع + ی
32	خود	خود|خود	خود	خود|خود	N1|N8	ضمیر مشترک/متقابل|اسم
33	سازمان	سازمان|ساز|ساز	سازمان	سازمان|ساز+مان|ساز+مان	O+N1|N1|O+v1	اسم|فعل مضارع ساده:سوم شخص مفرد|اسم + ضمیر ملکی اول شخص جمع
34	نشان‌دهنده	نشان‌دهنده	نشان‌دهنده	نشان‌دهنده	A0	صفت
35	رفتار	رفتار|رفت|رفت	رفتار	رفتار|رفت+ار|رفت+ار	O+v2|O+v2|N1	اسم|ریشه ماضی + ار|ریشه ماضی + ار
36	مشتریان	مشتری	مشتریان	مشتری+ان	O+N1	اسم + ان
37	و	و|و|و	و	و|و|و	Ab|Al|C0	حرف ربط|حروف الفبا|اختصارات
38	همکاران	همکار|کار	همکاران	همکار+ان|هم+کار+ان	O+N1+O|O+N1	اسم + ان|هم + اسم + ان
39	و	و|و|و	و	و|و|و	Ab|Al|C0	حرف ربط|حروف الفبا|اختصارات
40	بیان‌کننده	بیان‌کننده	بیان‌کننده	بیان‌کننده	A0	صفت
41	موفقیت	موفقیت|موفق	موفقیت	موفقیت|موفق+یت	O+A0|N1	اسم|صفت + یت
42	یا	یا|یا	یا	یا|یا	Intj|C0	حرف ربط|صوت
43	شکست	شکست|شکست|شک	شکست	شکست|شکست|شک+ست	O+N1|N1|v2	فعل ماضی ساده:سوم شخص مفرد|اسم|اسم + ضمیر ملکی سوم شخص مفرد
44	سازمان	سازمان|ساز|ساز	سازمان	سازمان|ساز+مان|ساز+مان	O+N1|N1|O+v1	اسم|فعل مضارع ساده:سوم شخص مفرد|اسم + ضمیر ملکی اول شخص جمع
45	در	در|در|در|در|در	در	در|در|در|در|در	VPr|N1|N1|V6|Pr	حرف اضافه|فعل امر مثبت|اسم|اسم|پیشوند فعل
46	یک	یک	یک	یک	No	عدد حرفی
47	عمل	عمل	عمل	عمل	N1	اسم
48	خاص	خاص	خاص	خاص	A0	صفت
49	هستند	هست|هست	هستند	هست+ند|هست+ند	O+N1|O+v1	فعل مضارع ساده:سوم شخص جمع|اسم + فعل سوم شخص جمع
50	.	.	.	.	Si	علامت نگارشی

0	برای	برای|برا|بر	برای	برای|برا+ی|بر+ا+ی	Y+O+v1|Y+A0|Pr	حرف اضافه|صفت + ی|ریشه مضارع + ا + ی
1	استخراج	استخراج	استخراج	استخراج	N1	اسم
2	اطلاعات	اطلاعات|اطلاع	اطلاعات	اطلاعات|اطلاع+ات	Pl+N1|N1	اسم|اسم + علامت جمع
3	مفید	مفید|مف	مفید	مفید|مف+ید	O+N1|A0	صفت|اسم + فعل دوم شخص جمع
4	از	از	از	از	Pr	حرف اضافه
5	میان	میان|می|می	میان	میان|می+ان|می+ان	O+N1|O+N1|N1	اسم|اسم + ان|اسم + ان
6	انبوه	انبوه|انبوه	انبوه	انبوه|انبوه	A0|V6	فعل امر مثبت|صفت
7	حجم	حجم|حج|حج	حجم	حجم|حج+م|حج+م	O+N1|O+N1|N1	اسم|اسم + ضمیر ملکی اول شخص مفرد|اسم + فعل اول شخص مفرد
8	داده‌های	داده|داد|داد	داده	داده+ها+ی|داد+ه+ها+ی|داد+ه+ها+ی	Y+Pl+O+N1|Y+Pl+O+v2|Y+Pl+N1	اسم + علامت جمع + ی|ریشه ماضی + ه + علامت جمع + ی|اسم + ه + علامت جمع + ی
9	ثبت‌شده	ثبت‌شده	ثبت‌شده	ثبت‌شده	A0	صفت
10	باید	باید	باید	باید	V4	فعل وجه نما
11	از	از	از	از	Pr	حرف اضافه
12	فن	فن|فن	فن	فن|فن	N1|N1	اسم|اسم
13	داده‌کاوی	داده‌کاوی	داده‌کاوی	داده‌کاوی	N1	اسم
14	استفاده‌کرد	استفاده کرد	استفاده‌کرد	استفاده کرد	|v2	فعل ماضی ساده:سوم شخص مفرد
15	.	.	.	.	Si	علامت نگارشی

0	داده‌کاوی	داده‌کاوی	داده‌کاوی	داده‌کاوی	N1	اسم
1	فنی	فنی|فن|فن	فنی	فنی|فن+ی|فن+ی	Y+N1|Y+N1|A0	صفت|اسم + ی|اسم + ی
2	است	است|اس	است	است|اس+ت	O+N1|O+v1	فعل مضارع ساده:سوم شخص مفرد|اسم + ضمیر ملکی دوم شخص مفرد
3	که	که|که|که|که	که	که|که|که|که	N1|N1|NA|C0	حرف ربط|ضمیر پرسشی|اسم|اسم
4	از	از	از	از	Pr	حرف اضافه
5	میان	میان|می|می	میان	میان|می+ان|می+ان	O+N1|O+N1|N1	اسم|اسم + ان|اسم + ان
6	پایگاه	پایگاه|پای|پا|پا	پایگاه	پایگاه|پای+گاه|پا+ی+گاه|پا+ی+گاه	O+N1|O+V1|O+N1|N1	اسم|اسم + گاه|بن مضارع + گاه|اسم + گاه
7	داده	داده|داد|داد	داده	داده|داد+ه|داد+ه	O+N1|O+v2|N1	اسم|ریشه ماضی + ه|اسم + ه
8	سازمان	سازمان|ساز|ساز	سازمان	سازمان|ساز+مان|ساز+مان	O+N1|N1|O+v1	اسم|فعل مضارع ساده:سوم شخص مفرد|اسم + ضمیر ملکی اول شخص جمع
9	،	،	،	،	O	
10	به‌دنبال	به‌دنبال|دنبال	به‌دنبال	به‌دنبال|به+دنبال	N1+O|Pr1	حرف اضافه گروهی|به + اسم
11	الگوهای	الگو	الگو	الگو+ها+ی	Y+Pl+N1	اسم + علامت جمع + ی
12	پنهان	پنهان	پنهان	پنهان	A0	صفت
13	در	در|در|در|در|در	در	در|در|در|در|در	VPr|N1|N1|V6|Pr	حرف اضافه|فعل امر مثبت|اسم|اسم|پیشوند فعل
14	میان	میان|می|می	میان	میان|می+ان|می+ان	O+N1|O+N1|N1	اسم|اسم + ان|اسم + ان
15	داده‌ها	داده|داد|داد	داده	داده+ها|داد+ه+ها|داد+ه+ها	Pl+O+N1|Pl+O+v2|Pl+N1	اسم + علامت جمع|ریشه ماضی + ه + علامت جمع|اسم + ه + علامت جمع
16	،	،	،	،	O	
17	ارتباط	ارتباط	ارتباط	ارتباط	N1	اسم
18	میان	میان|می|می	میان	میان|می+ان|می+ان	O+N1|O+N1|N1	اسم|اسم + ان|اسم + ان
19	آنها	آن‌ها|آن‌ها|آنها|آنها	آن	آن‌ها|آن‌ها|آنها|آنها	N6|N5|N6|N5	ضمیر فاعلی|ضمیر اشاره|ضمیر فاعلی|ضمیر اشاره
20	،	،	،	،	O	
21	روند	روند|رو|رو	روند	روند|رو+ند|رو+ند	O+N1|A0|O+v1	صفت|اسم + فعل سوم شخص جمع|فعل مضارع ساده:سوم شخص جمع
22	و	و|و|و	و	و|و|و	Ab|Al|C0	حرف ربط|حروف الفبا|اختصارات
23	الگوی	الگو	الگوی	الگو+ی	Y+N1	اسم + ی
24	آنها	آن‌ها|آن‌ها|آنها|آنها	آن	آن‌ها|آن‌ها|آنها|آنها	N6|N5|N6|N5	ضمیر فاعلی|ضمیر اشاره|ضمیر فاعلی|ضمیر اشاره
25	می‌گردد	گرد	می‌گردد	می+گرد+د	|O+v1+O	فعل حال اخباری:سوم شخص مفرد
26	.	.	.	.	Si	علامت نگارشی

0	داده‌کاوی	داده‌کاوی	داده‌کاوی	داده‌کاوی	N1	اسم
1	از	از	از	از	Pr	حرف اضافه
2	توابع	تابع	توابع	تابع	O	اسم مفرد جمع مکسر
3	و	و|و|و	و	و|و|و	Ab|Al|C0	حرف ربط|حروف الفبا|اختصارات
4	الگوریتم‌های	الگوریتم	الگوریتم	الگوریتم+‌های	O	N1
5	پیشرفته	پیشرفته|پیشرفت|رفت|رفت	پیشرفته	پیشرفته|پیشرفت+ه|پیش+رفت+ه|پیش+رفت+ه	O+N1|A0|v2|v2	صفت|اسم + ه|فعل ماضی ساده:سوم شخص مفرد|فعل ماضی ساده:سوم شخص مفرد
6	ریاضی	ریاضی	ریاضی	ریاضی	A0	صفت
7	استفاده	استفاده	استفاده	استفاده	N1	اسم
8	می‌کند	کن|کن|می|می	می‌کند	می+کن+د|می+کن+د|می+ک+ند|می+ک+ند	O+O+N1|O+O+N1|O+v1+O|O+v1+O	فعل حال اخباری:سوم شخص مفرد|فعل حال اخباری:سوم شخص مفرد|اسم + ک + فعل سوم شخص جمع|اسم + ک + فعل سوم شخص جمع
9	تا	تا|تا|تا	تا	تا|تا|تا	Ab|C0|Pr	حرف اضافه|حرف ربط|اختصارات
10	ارتباط	ارتباط	ارتباط	ارتباط	N1	اسم
11	میان	میان|می|می	میان	میان|می+ان|می+ان	O+N1|O+N1|N1	اسم|اسم + ان|اسم + ان
12	دو	دو|دو|دو	دو	دو|دو|دو	N1|V6|No	عدد حرفی|فعل امر مثبت|اسم
13	دسته	دست	دسته	دست+ه	O+N1	اسم + ه
14	از	از	از	از	Pr	حرف اضافه
15	داده	داده|داد|داد	داده	داده|داد+ه|داد+ه	O+N1|O+v2|N1	اسم|ریشه ماضی + ه|اسم + ه
16	و	و|و|و	و	و|و|و	Ab|Al|C0	حرف ربط|حروف الفبا|اختصارات
17	امکان	امکان	امکان	امکان	N1	اسم
18	رخ	رخ|رخ	رخ	رخ|رخ	N1|N1	اسم|اسم
19	دادن	داد	دادن	داد+ن	Neg+V2	بن ماضی + ن
20	یک	یک	یک	یک	No	عدد حرفی
21	نتیجه	نتیجه	نتیجه	نتیجه	N1	اسم
22	را	را	را	را	Po	حرف اضافه پسین
23	در	در|در|در|در|در	در	در|در|در|در|در	VPr|N1|N1|V6|Pr	حرف اضافه|فعل امر مثبت|اسم|اسم|پیشوند فعل
24	آینده	آینده	آینده	آینده	N1	اسم
25	پیش‌بینی	پیش‌بینی|بینی|بین|بین	پیش‌بینی	پیش‌بینی|پیش+بینی|پیش+بین+ی|پیش+بین+ی	Y+A0+O|Y+V1+O|N1+O|N1	اسم|پیش + اسم|پیش + بن مضارع + ی|پیش + صفت + ی
26	کند	کند|کن|کن	کند	کند|کن+د|کن+د	A0|O+v1|O+v1	صفت|فعل مضارع ساده:سوم شخص مفرد|فعل مضارع ساده:سوم شخص مفرد
27	.	.	.	.	Si	علامت نگارشی

0	داده‌کاوی	داده‌کاوی	داده‌کاوی	داده‌کاوی	N1	اسم
1	چه	چه|چه|چه	چه	چه|چه|چه	A0|C0|NA	ضمیر پرسشی|حرف ربط|صفت
2	کاری	کاری|کار|کار	کاری	کاری|کار+ی|کار+ی	Y+N1|A0|O+v1	صفت|اسم + ی|فعل مضارع ساده:دوم شخص مفرد
3	می‌تواند	توان|توان	می‌تواند	می+توان+د|می+توان+د	O+V4+O|O+v1+O	می + فعل وجه نما + د|فعل حال اخباری:سوم شخص مفرد
4	انجام	انجام|انجام	انجام	انجام|انجام	V6|N1	اسم|فعل امر مثبت
5	دهد	ده	دهد	ده+د	|O+v1	فعل مضارع ساده:سوم شخص مفرد
6	؟	؟	؟	؟	Si	علامت نگارشی

0	داده‌کاوی	داده‌کاوی	داده‌کاوی	داده‌کاوی	N1	اسم
1	عموما	عموماً	عموما	عموماً	Ad	قید
2	توسط	توسط|توسط	توسط	توسط|توسط	N9|N1	اسم|اسم موجود در ساختمان حرف اضافه و حرف ربط گروهی
3	سازمان‌های	سازمان	سازمان	سازمان+ها+ی	Y+Pl+N1	اسم + علامت جمع + ی
4	مشتری	مشتری	مشتری	مشتری	N1	اسم
5	محور	محور	محور	محور	N1	اسم
6	استفاده	استفاده	استفاده	استفاده	N1	اسم
7	می‌شود	شو	می‌شود	می+شو+د	|O+v1+O	فعل حال اخباری:سوم شخص مفرد
8	،	،	،	،	O	
9	این	این|این	این	این|این	N6|A1	صفت اشاره|ضمیر اشاره
10	سازمان‌ها	سازمان	سازمان	سازمان+ها	Pl+N1	اسم + علامت جمع
11	(	(	(	(	O	
12	فروشگاه‌ها	فروشگاه|فروش	فروشگاه	فروشگاه+ها|فروش+گاه+ها	Pl+O+N1|Pl+N1	اسم + علامت جمع|اسم + گاه + علامت جمع
13	،	،	،	،	O	
14	تولید	تولید	تولید	تولید	N1	اسم
15	کنندگان	کننده|کن|کن	کنندگان	کننده+گان|کن+نده+گان|کن+نده+گان	Pl+O+V1|Pl+O+V1|Pl+A0	صفت + علامت جمع|بن مضارع + نده + علامت جمع|بن مضارع + نده + علامت جمع
16	،	،	،	،	O	
17	خرده‌فروشان	خرده‌فروش	خرده‌فروشان	خرده‌فروش+ان	O+N1	اسم + ان
18	و	و|و|و	و	و|و|و	Ab|Al|C0	حرف ربط|حروف الفبا|اختصارات
19	فروشگاه‌های	فروشگاه|فروش	فروشگاه	فروشگاه+ها+ی|فروش+گاه+ها+ی	Y+Pl+O+N1|Y+Pl+N1	اسم + علامت جمع + ی|اسم + گاه + علامت جمع + ی
20	اینترنتی	اینترنتی|اینترنت	اینترنتی	اینترنتی|اینترنت+ی	Y+N1|A0	صفت|اسم + ی
21	)	)	)	)	O	
22	می‌توانند	توان|توان	می‌توانند	می+توان+ند|می+توان+ند	O+V4+O|O+v1+O	می + فعل وجه نما + فعل سوم شخص جمع|فعل حال اخباری:سوم شخص جمع
23	با	با	با	با	Pr	حرف اضافه
24	استفاده	استفاده	استفاده	استفاده	N1	اسم
25	از	از	از	از	Pr	حرف اضافه
26	داده‌کاوی	داده‌کاوی	داده‌کاوی	داده‌کاوی	N1	اسم
27	ارتباط	ارتباط	ارتباط	ارتباط	N1	اسم
28	میان	میان|می|می	میان	میان|می+ان|می+ان	O+N1|O+N1|N1	اسم|اسم + ان|اسم + ان
29	اقدامات	اقدامات|اقدام	اقدام	اقدامات|اقدام+ات	Pl+N1|N1	اسم|اسم + علامت جمع
30	خود	خود|خود	خود	خود|خود	N1|N8	ضمیر مشترک/متقابل|اسم
31	و	و|و|و	و	و|و|و	Ab|Al|C0	حرف ربط|حروف الفبا|اختصارات
32	عوامل	عامل	عوامل	عوامل	O	N1
33	درونی	درونی|درون|در|در	درونی	درونی|درون+ی|در+ون+ی|در+ون+ی	Y+Pl+N1|Y+Pl+N1|Y+N1|A0	صفت|اسم + ی|اسم + علامت جمع + ی|اسم + علامت جمع + ی
34	سازمان	سازمان|ساز|ساز	سازمان	سازمان|ساز+مان|ساز+مان	O+N1|N1|O+v1	اسم|فعل مضارع ساده:سوم شخص مفرد|اسم + ضمیر ملکی اول شخص جمع
35	مثل	مثل|مثل|مثل	مثل	مثل|مثل|مثل	N1|N9|N1	اسم|اسم موجود در ساختمان حرف اضافه و حرف ربط گروهی|اسم
36	قیمت	قیمت|قیم	قیمت	قیمت|قیم+ت	O+N1|N1	اسم|اسم + ضمیر ملکی دوم شخص مفرد
37	کالاها	کالا	کالا	کالا+ها	Pl+N1	اسم + علامت جمع
38	،	،	،	،	O	
39	تخفیفات	تخفیف	تخفیف	تخفیف+ات	Pl+N1	اسم + علامت جمع
40	،	،	،	،	O	
41	هزینه	هزینه	هزینه	هزینه	N1	اسم
42	تبلیغات	تبلیغات|تبلیغ	تبلیغ	تبلیغات|تبلیغ+ات	Pl+N1|N1	اسم|اسم + علامت جمع
43	و	و|و|و	و	و|و|و	Ab|Al|C0	حرف ربط|حروف الفبا|اختصارات
44	دیگر	دیگر|دیگر|دی	دیگر	دیگر|دیگر|دی+گر	O+N1|A2|Ad	قید|صفت مبهم|اسم + گر
45	عوامل	عامل	عوامل	عوامل	O	N1
46	داخلی	داخلی|داخل	داخلی	داخلی|داخل+ی	Y+Ad|A0	صفت|قید + ی
47	را	را	را	را	Po	حرف اضافه پسین
48	با	با	با	با	Pr	حرف اضافه
49	عوامل	عامل	عوامل	عوامل	O	N1
50	بیرونی	بیرونی|بیرون	بیرونی	بیرونی|بیرون+ی	Y+N1|A0	صفت|اسم + ی
51	مثل	مثل|مثل|مثل	مثل	مثل|مثل|مثل	N1|N9|N1	اسم|اسم موجود در ساختمان حرف اضافه و حرف ربط گروهی|اسم
52	مشخصات	مشخصات|مشخص	مشخصه	مشخصات|مشخص+ات	Pl+A0|N1	اسم|صفت + علامت جمع
53	مشتریان	مشتری	مشتریان	مشتری+ان	O+N1	اسم + ان
54	(	(	(	(	O	
55	سن	سن|سن	سن	سن|سن	N1|N1	اسم|اسم
56	،	،	،	،	O	
57	جنسیت	جنسیت|جنسی|جنس	جنسیت	جنسیت|جنسی+ت|جنس+ی+ت	O+Y+N1|O+A0|N1	اسم|صفت + ضمیر ملکی دوم شخص مفرد|اسم + ی + ضمیر ملکی دوم شخص مفرد
58	،	،	،	،	O	
59	درآمد	درآمد|درآمد	درآمد	درآمد|درآمد	N1|v2	فعل ماضی ساده:سوم شخص مفرد|اسم
60	و	و|و|و	و	و|و|و	Ab|Al|C0	حرف ربط|حروف الفبا|اختصارات
61	محل	محل	محل	محل	N1	اسم
62	سکونت	سکونت|سکون|سک	سکونت	سکونت|سکون+ت|سک+ون+ت	O+Pl+N1|O+N1|N1	اسم|اسم + ضمیر ملکی دوم شخص مفرد|اسم + علامت جمع + ضمیر ملکی دوم شخص مفرد
63	)	)	)	)	O	
64	،	،	،	،	O	
65	رقبا	رقبا	رقبا	رقبا	N1	اسم
66	و	و|و|و	و	و|و|و	Ab|Al|C0	حرف ربط|حروف الفبا|اختصارات
67	عوامل	عامل	عوامل	عوامل	O	N1
68	عمومی	عمومی|عموم	عمومی	عمومی|عموم+ی	Y+N1|A0	صفت|اسم + ی
69	بازار	بازار|ازار	بازار	بازار|ب+ازار	N1+O|N1	اسم|ب + اسم
70	(	(	(	(	O	
71	سطح	سطح	سطح	سطح	N1	اسم
72	درآمد	درآمد|درآمد	درآمد	درآمد|درآمد	N1|v2	فعل ماضی ساده:سوم شخص مفرد|اسم
73	جامعه	جامعه|جامع	جامعه	جامعه|جامع+ه	O+A0|N1	اسم|صفت + ه
74	،	،	،	،	O	
75	وضعیت	وضعیت|وضعی|وضع	وضعیت	وضعیت|وضعی+ت|وضع+ی+ت	O+Y+N1|O+A0|N1	اسم|صفت + ضمیر ملکی دوم شخص مفرد|اسم + ی + ضمیر ملکی دوم شخص مفرد
76	رونق	رونق	رونق	رونق	N1	اسم
77	و	و|و|و	و	و|و|و	Ab|Al|C0	حرف ربط|حروف الفبا|اختصارات
78	رکود	رکود	رکود	رکود	N1	اسم
79	اقتصادی	اقتصادی|اقتصاد	اقتصادی	اقتصادی|اقتصاد+ی	Y+N1|A0	صفت|اسم + ی
80	)	)	)	)	O	
81	را	را	را	را	Po	حرف اضافه پسین
82	پیدا	پیدا	پیدا	پیدا	A0	صفت
83	کنند	کن|کن	کنند	کن+ند|کن+ند	|O+v1|O+v1	فعل مضارع ساده:سوم شخص جمع|فعل مضارع ساده:سوم شخص جمع
84	.	.	.	.	Si	علامت نگارشی

0	علاوه‌بر	علاوه‌بر	علاوه‌بر	علاوه‌بر	Pr1	حرف اضافه گروهی
1	این	این|این	این	این|این	N6|A1	صفت اشاره|ضمیر اشاره
2	می‌توان	توان	می‌توان	می+توان	V4+O	می + فعل وجه نما
3	شاخص‌هایی	شاخص	شاخص	شاخص+ها+یی	O+Pl+A0	صفت + علامت جمع + یی
4	مثل	مثل|مثل|مثل	مثل	مثل|مثل|مثل	N1|N9|N1	اسم|اسم موجود در ساختمان حرف اضافه و حرف ربط گروهی|اسم
5	رضایت	رضایت	رضایت	رضایت	N1	اسم
6	مشتری	مشتری	مشتری	مشتری	N1	اسم
7	،	،	،	،	O	
8	درآمد	درآمد|درآمد	درآمد	درآمد|درآمد	N1|v2	فعل ماضی ساده:سوم شخص مفرد|اسم
9	و	و|و|و	و	و|و|و	Ab|Al|C0	حرف ربط|حروف الفبا|اختصارات
10	سود	سود|سود	سود	سود|سود	N1|v2	فعل ماضی ساده:سوم شخص مفرد|اسم
11	سازمان	سازمان|ساز|ساز	سازمان	سازمان|ساز+مان|ساز+مان	O+N1|N1|O+v1	اسم|فعل مضارع ساده:سوم شخص مفرد|اسم + ضمیر ملکی اول شخص جمع
12	،	،	،	،	O	
13	مجموع	مجموع	مجموع	مجموع	A0	صفت
14	سرمایه	سرمایه|سرما	سرمایه	سرمایه|سرما+یه	O+N1|N1	اسم|اسم + یه
15	درگردش	درگردش|در	درگردش	درگردش|در+گر+د+ش	O+O+O+V1|A0	صفت|بن مضارع + گر + د + ضمیر ملکی سوم شخص مفرد
16	و	و|و|و	و	و|و|و	Ab|Al|C0	حرف ربط|حروف الفبا|اختصارات
17	هزینه‌های	هزینه	هزینه	هزینه+ها+ی	Y+Pl+N1	اسم + علامت جمع + ی
18	جاری	جاری|جار	جاری	جاری|جار+ی	Y+N1|A0	صفت|اسم + ی
19	و	و|و|و	و	و|و|و	Ab|Al|C0	حرف ربط|حروف الفبا|اختصارات
20	میزان	میزان|میز	میزان	میزان|میز+ان	O+N1|N1	اسم|اسم + ان
21	افزایش	افزایش|افزا	افزایش	افزایش|افزا+ی+ش	N1|O+v1	اسم|فعل مضارع ساده:سوم شخص مفرد
22	و	و|و|و	و	و|و|و	Ab|Al|C0	حرف ربط|حروف الفبا|اختصارات
23	کاهش	کاهش|کاه|کاه	کاهش	کاهش|کاه+ش|کاه+ش	O+N1|N1|O+v1	اسم|فعل مضارع ساده:سوم شخص مفرد|اسم + ضمیر ملکی سوم شخص مفرد
24	آنها	آن‌ها|آن‌ها|آنها|آنها	آن	آن‌ها|آن‌ها|آنها|آنها	N6|N5|N6|N5	ضمیر فاعلی|ضمیر اشاره|ضمیر فاعلی|ضمیر اشاره
25	در	در|در|در|در|در	در	در|در|در|در|در	VPr|N1|N1|V6|Pr	حرف اضافه|فعل امر مثبت|اسم|اسم|پیشوند فعل
26	طول	طول	طول	طول	N1	اسم
27	زمان	زمان|زم	زمان	زمان|زم+ان	O+N1|N1	اسم|اسم + ان
28	را	را	را	را	Po	حرف اضافه پسین
29	استخراج	استخراج	استخراج	استخراج	N1	اسم
30	کند	کند|کن|کن	کند	کند|کن+د|کن+د	A0|O+v1|O+v1	صفت|فعل مضارع ساده:سوم شخص مفرد|فعل مضارع ساده:سوم شخص مفرد
31	.	.	.	.	Si	علامت نگارشی

0	به‌طور	به‌طور|طور	به‌طور	به‌طور|به+طور	N1+O|Pr1	حرف اضافه گروهی|به + اسم
1	مثال	مثال	مثال	مثال	N1	اسم
2	شرکت	شرکت|شرک|شر|شر	شرکت	شرکت|شرک+ت|شر+ک+ت|شر+ک+ت	O+O+N1|O+O+A0|O+N1|N1	اسم|اسم + ضمیر ملکی دوم شخص مفرد|صفت + ک + ضمیر ملکی دوم شخص مفرد|اسم + ک + ضمیر ملکی دوم شخص مفرد
3	ویدئوی	ویدیو	ویدئوی	ویدیو+ی	Y+N1	اسم + ی
4	خانگی	خانگی|خانه|خان	خانگی	خانگی|خانه+گی|خان+ه+گی	O+O+N1|O+N1|A0	صفت|اسم + گی|اسم + ه + گی
5	از	از	از	از	Pr	حرف اضافه
6	داده‌های	داده|داد|داد	داده	داده+ها+ی|داد+ه+ها+ی|داد+ه+ها+ی	Y+Pl+O+N1|Y+Pl+O+v2|Y+Pl+N1	اسم + علامت جمع + ی|ریشه ماضی + ه + علامت جمع + ی|اسم + ه + علامت جمع + ی
7	سابق	سابق	سابق	سابق	A0	صفت
8	مشتریان	مشتری	مشتریان	مشتری+ان	O+N1	اسم + ان
9	استفاده	استفاده	استفاده	استفاده	N1	اسم
10	میکند	کن|کن|می|می	میکند	می+کن+د|می+کن+د|می+ک+ند|می+ک+ند	O+O+N1|O+O+N1|O+v1+O|O+v1+O	فعل حال اخباری:سوم شخص مفرد|فعل حال اخباری:سوم شخص مفرد|اسم + ک + فعل سوم شخص جمع|اسم + ک + فعل سوم شخص جمع
11	و	و|و|و	و	و|و|و	Ab|Al|C0	حرف ربط|حروف الفبا|اختصارات
12	به	به|به	به	به|به	N1|Pr	حرف اضافه|اسم
13	انها	آن‌ها|آن‌ها|آنها|آنها	ان	آن‌ها|آن‌ها|آنها|آنها	N6|N5|N6|N5	ضمیر فاعلی|ضمیر اشاره|ضمیر فاعلی|ضمیر اشاره
14	ویدئوهایی	ویدیو	ویدئو	ویدیو+ها+یی	O+Pl+N1	اسم + علامت جمع + یی
15	پیشنهاد	پیشنهاد|نهاد|نهاد	پیشنهاد	پیشنهاد|پیش+نهاد|پیش+نهاد	N1|v2|O+v1	اسم|فعل ماضی ساده:سوم شخص مفرد|فعل مضارع ساده:سوم شخص مفرد
16	می‌دهد	ده	می‌دهد	می+ده+د	|O+v1+O	فعل حال اخباری:سوم شخص مفرد
17	تا	تا|تا|تا	تا	تا|تا|تا	Ab|C0|Pr	حرف اضافه|حرف ربط|اختصارات
18	آنها	آن‌ها|آن‌ها|آنها|آنها	آن	آن‌ها|آن‌ها|آنها|آنها	N6|N5|N6|N5	ضمیر فاعلی|ضمیر اشاره|ضمیر فاعلی|ضمیر اشاره
19	را	را	را	را	Po	حرف اضافه پسین
20	تماشا	تماشا	تماشا	تماشا	N1	اسم
21	کنند	کن|کن	کنند	کن+ند|کن+ند	|O+v1|O+v1	فعل مضارع ساده:سوم شخص جمع|فعل مضارع ساده:سوم شخص جمع
22	.	.	.	.	Si	علامت نگارشی

0	والمارت	والمارت	والمارت	وال+مار+ت	O	N1
1	(	(	(	(	O	
2	بزرگترین	بزرگ	بزرگترین	بزرگ+ترین	O+A0	صفت + علامت صفت تفضیلی
3	خرده‌فروش	خرده‌فروش	خرده‌فروش	خرده‌فروش	N1	اسم
4	زنجیره‌ای	زنجیره‌ای|زنجیره|زنجیر	زنجیره‌ای	زنجیره‌ای|زنجیره+ای|زنجیر+ه+ای	O+O+N1|O+N1|A0	صفت|اسم + ای|اسم + ه + ای
5	جهان	جهان|جهان|جه	جهان	جهان|جهان|جه+ان	O+N1|V6|N1	اسم|فعل امر مثبت|اسم + ان
6	)	)	)	)	O	
7	برای	برای|برا|بر	برای	برای|برا+ی|بر+ا+ی	Y+O+v1|Y+A0|Pr	حرف اضافه|صفت + ی|ریشه مضارع + ا + ی
8	بهبود	بهبود	بهبود	بهبود	N1	اسم
9	عمکلرد	عمکلرد	عمکلرد	عم+کلر+د	O	N1
10	عرضه	عرضه|عرضه|عرض	عرضه	عرضه|عرضه|عرض+ه	O+N1|N1|N1	اسم|اسم|اسم + ه
11	کنندگان	کننده|کن|کن	کنندگان	کننده+گان|کن+نده+گان|کن+نده+گان	Pl+O+V1|Pl+O+V1|Pl+A0	صفت + علامت جمع|بن مضارع + نده + علامت جمع|بن مضارع + نده + علامت جمع
12	خود	خود|خود	خود	خود|خود	N1|N8	ضمیر مشترک/متقابل|اسم
13	از	از	از	از	Pr	حرف اضافه
14	داده‌کاوی	داده‌کاوی	داده‌کاوی	داده‌کاوی	N1	اسم
15	در	در|در|در|در|در	در	در|در|در|در|در	VPr|N1|N1|V6|Pr	حرف اضافه|فعل امر مثبت|اسم|اسم|پیشوند فعل
16	مقیاسی	مقیاس	مقیاسی	مقیاس+ی	Y+N1	اسم + ی
17	وسیع	وسیع	وسیع	وسیع	A0	صفت
18	استفاده	استفاده	استفاده	استفاده	N1	اسم
19	کرده‌است	کرد	کرده‌است	کرد+ه+است	|O+O+v2	فعل ماضی نقلی:سوم شخص مفرد
20	.	.	.	.	Si	علامت نگارشی

0	داده‌های	داده|داد|داد	داده	داده+ها+ی|داد+ه+ها+ی|داد+ه+ها+ی	Y+Pl+O+N1|Y+Pl+O+v2|Y+Pl+N1	اسم + علامت جمع + ی|ریشه ماضی + ه + علامت جمع + ی|اسم + ه + علامت جمع + ی
1	۲۹۰۰	۲۹۰۰	۲۹۰۰	۲۹۰۰	Nu	عدد رقمی
2	فروشگاه	فروشگاه|فروش	فروشگاه	فروشگاه|فروش+گاه	O+N1|N1	اسم|اسم + گاه
3	در	در|در|در|در|در	در	در|در|در|در|در	VPr|N1|N1|V6|Pr	حرف اضافه|فعل امر مثبت|اسم|اسم|پیشوند فعل
4	۶	۶	۶	۶	Nu	عدد رقمی
5	کشور	کشور|کش	کشور	کشور|کش+ور	O+V1|N1	اسم|بن مضارع + ور
6	برای	برای|برا|بر	برای	برای|برا+ی|بر+ا+ی	Y+O+v1|Y+A0|Pr	حرف اضافه|صفت + ی|ریشه مضارع + ا + ی
7	این	این|این	این	این|این	N6|A1	صفت اشاره|ضمیر اشاره
8	کار	کار|کار	کار	کار|کار	V6|N1	اسم|فعل امر مثبت
9	استفاده‌شده‌اند	استفاده‌شده	استفاده‌شده‌اند	استفاده‌شده+اند	O+A0	صفت + فعل سوم شخص جمع
10	و	و|و|و	و	و|و|و	Ab|Al|C0	حرف ربط|حروف الفبا|اختصارات
11	در‌مجموع	درمجموع	در‌مجموع	درمجموع	Ad	قید
12	۷٫۵	۷٫۵	۷٫۵	۷٫+۵	O	N1
13	ترابایت	ترابایت	ترابایت	ترا+بایت	O	N1
14	داده	داده|داد|داد	داده	داده|داد+ه|داد+ه	O+N1|O+v2|N1	اسم|ریشه ماضی + ه|اسم + ه
15	مورد‌بررسی	موردبررسی	مورد‌بررسی	موردبررسی	A0	صفت
16	قرار	قرار|قرار	قرار	قرار|قرار	N9|N1	اسم|اسم موجود در ساختمان حرف اضافه و حرف ربط گروهی
17	گرفت	گرفت|گرفت	گرفت	گرفت|گرفت	N1|v2	فعل ماضی ساده:سوم شخص مفرد|اسم
18	.	.	.	.	Si	علامت نگارشی

0	۳۵۰۰	۳۵۰۰	۳۵۰۰	۳۵۰۰	Nu	عدد رقمی
1	تامین	تام	تامین	تام+ین	O+A0	صفت + ین
2	کننده	کننده|کن|کن	کننده	کننده|کن+نده|کن+نده	O+V1|O+V1|A0	صفت|بن مضارع + نده|بن مضارع + نده
3	به	به|به	به	به|به	N1|Pr	حرف اضافه|اسم
4	داده‌های	داده|داد|داد	داده	داده+ها+ی|داد+ه+ها+ی|داد+ه+ها+ی	Y+Pl+O+N1|Y+Pl+O+v2|Y+Pl+N1	اسم + علامت جمع + ی|ریشه ماضی + ه + علامت جمع + ی|اسم + ه + علامت جمع + ی
5	دسترسی	دسترسی|دسترس	دسترسی	دسترسی|دسترس+ی	Y+N1|N1	اسم|اسم + ی
6	پیدا	پیدا	پیدا	پیدا	A0	صفت
7	کردند	کرد|کرد	کردند	کرد+ند|کرد+ند	O+N1|O+v2	فعل ماضی ساده:سوم شخص جمع|اسم + فعل سوم شخص جمع
8	تا	تا|تا|تا	تا	تا|تا|تا	Ab|C0|Pr	حرف اضافه|حرف ربط|اختصارات
9	بتوانند	بتوان|توان|توان|توان|تو	بتوانند	بتوان+ند|ب+توان+ند|ب+توان+ند|ب+توان+ند|ب+تو+ان+ند	O+O+N1+O|O+N1+O|O+V4+O|O+v1|O+v1+O	فعل مضارع ساده:سوم شخص جمع|ب + فعل وجه نما + فعل سوم شخص جمع|فعل حال التزامی:سوم شخص جمع|ب + اسم + فعل سوم شخص جمع|ب + اسم + ان + فعل سوم شخص جمع
10	الگوهای	الگو	الگو	الگو+ها+ی	Y+Pl+N1	اسم + علامت جمع + ی
11	خرید	خرید|خرید|خر|خر|خر	خرید	خرید|خرید|خر+ید|خر+ید|خر+ید	O+N1|O+N1|N1|v2|O+v1	فعل ماضی ساده:سوم شخص مفرد|اسم|فعل مضارع ساده:دوم شخص جمع|اسم + فعل دوم شخص جمع|اسم + فعل دوم شخص جمع
12	مشتریان	مشتری	مشتریان	مشتری+ان	O+N1	اسم + ان
13	،	،	،	،	O	
14	عمکلرد	عمکلرد	عمکلرد	عم+کلر+د	O	N1
15	یک	یک	یک	یک	No	عدد حرفی
16	کالا	کالا	کالا	کالا	N1	اسم
17	و	و|و|و	و	و|و|و	Ab|Al|C0	حرف ربط|حروف الفبا|اختصارات
18	محصول	محصول	محصول	محصول	N1	اسم
19	خاص	خاص	خاص	خاص	A0	صفت
20	را	را	را	را	Po	حرف اضافه پسین
21	بررسی	بررسی|بررس	بررسی	بررسی|بررس+ی	Y+N1|N1	اسم|اسم + ی
22	کنند	کن|کن	کنند	کن+ند|کن+ند	|O+v1|O+v1	فعل مضارع ساده:سوم شخص جمع|فعل مضارع ساده:سوم شخص جمع
23	و	و|و|و	و	و|و|و	Ab|Al|C0	حرف ربط|حروف الفبا|اختصارات
24	برنامه‌های	برنامه	برنامه	برنامه+ها+ی	Y+Pl+N1	اسم + علامت جمع + ی
25	خود	خود|خود	خود	خود|خود	N1|N8	ضمیر مشترک/متقابل|اسم
26	را	را	را	را	Po	حرف اضافه پسین
27	بر	بر|بر|بر|بر	بر	بر|بر|بر|بر	N1|VPr|V6|Pr	حرف اضافه|فعل امر مثبت|پیشوند فعل|اسم
28	این	این|این	این	این|این	N6|A1	صفت اشاره|ضمیر اشاره
29	پایه	پایه|پایه|پای	پایه	پایه|پایه|پای+ه	O+N1|N9|N1	اسم|اسم موجود در ساختمان حرف اضافه و حرف ربط گروهی|اسم + ه
30	و	و|و|و	و	و|و|و	Ab|Al|C0	حرف ربط|حروف الفبا|اختصارات
31	اساس	اساس	اساس	اساس	O	N1
32	بهبود	بهبود	بهبود	بهبود	N1	اسم
33	دهند	ده|ده	دهند	ده+ند|ده+ند	O+N1|O+v1	فعل مضارع ساده:سوم شخص جمع|اسم + فعل سوم شخص جمع
34	.	.	.	.	Si	علامت نگارشی

0	استراتژی	استراتژی	استراتژی	استراتژی	N1	اسم
1	و	و|و|و	و	و|و|و	Ab|Al|C0	حرف ربط|حروف الفبا|اختصارات
2	داده‌کاوی	داده‌کاوی	داده‌کاوی	داده‌کاوی	N1	اسم
3	صد	صد	صد	صد	No	عدد حرفی
4	البته	البته	البته	البته	Ad	قید
5	کاربرد‌های	کاربرد	کاربرد	کاربرد+ها+ی	Y+Pl+N1	اسم + علامت جمع + ی
6	داده‌کاوی	داده‌کاوی	داده‌کاوی	داده‌کاوی	N1	اسم
7	بسیار	بسیار|بسیار|سیار|بس	بسیار	بسیار|بسیار|ب+سیار|بس+یار	O+A0|A0+O|Ad|A0	صفت|قید|ب + صفت|صفت + یار
8	زیاد	زیاد	زیاد	زیاد	A0	صفت
9	است	است|اس	است	است|اس+ت	O+N1|O+v1	فعل مضارع ساده:سوم شخص مفرد|اسم + ضمیر ملکی دوم شخص مفرد
10	و	و|و|و	و	و|و|و	Ab|Al|C0	حرف ربط|حروف الفبا|اختصارات
11	می‌تواند	توان|توان	می‌تواند	می+توان+د|می+توان+د	O+V4+O|O+v1+O	می + فعل وجه نما + د|فعل حال اخباری:سوم شخص مفرد
12	در	در|در|در|در|در	در	در|در|در|در|در	VPr|N1|N1|V6|Pr	حرف اضافه|فعل امر مثبت|اسم|اسم|پیشوند فعل
13	شرکت‌ها	شرکت	شرکت	شرکت+ها	Pl+N1	اسم + علامت جمع
14	و	و|و|و	و	و|و|و	Ab|Al|C0	حرف ربط|حروف الفبا|اختصارات
15	سازمان‌ها	سازمان	سازمان	سازمان+ها	Pl+N1	اسم + علامت جمع
16	مختلف	مختلف	مختلف	مختلف	A0	صفت
17	متفاوت	متفاوت	متفاوت	متفاوت	A0	صفت
18	باشد	باش|اشد	باشد	باش+د|ب+اشد	A0+O|O+v1	فعل مضارع ساده:سوم شخص مفرد|ب + صفت
19	.	.	.	.	Si	علامت نگارشی

0	آنچه	آنچه	آنچه	آنچه	N1	اسم
1	در	در|در|در|در|در	در	در|در|در|در|در	VPr|N1|N1|V6|Pr	حرف اضافه|فعل امر مثبت|اسم|اسم|پیشوند فعل
2	بالا	بالا|بال	بالا	بالا|بال+ا	O+v1|A0	صفت|ریشه مضارع + ا
3	بیان	بیان	بیان	بیان	N1	اسم
4	شد	شد	شد	شد	|v2	فعل ماضی ساده:سوم شخص مفرد
5	خلاصه‌ای	خلاصه|خلاص	خلاصه‌ای	خلاصه+ای|خلاص+ه+ای	O+O+N1|O+A0	صفت + ای|اسم + ه + ای
6	از	از	از	از	Pr	حرف اضافه
7	کاربردهای	کاربرد	کاربرد	کاربرد+ها+ی	Y+Pl+N1	اسم + علامت جمع + ی
8	داده‌کاوی	داده‌کاوی	داده‌کاوی	داده‌کاوی	N1	اسم
9	در	در|در|در|در|در	در	در|در|در|در|در	VPr|N1|N1|V6|Pr	حرف اضافه|فعل امر مثبت|اسم|اسم|پیشوند فعل
10	بخش	بخش|بخش|خش	بخش	بخش|بخش|ب+خش	N1+O|V6|N1	اسم|فعل امر مثبت|ب + اسم
11	فروش	فروش|فروش|فرو	فروش	فروش|فروش|فرو+ش	O+A0|N1|V6	فعل امر مثبت|اسم|صفت + ضمیر ملکی سوم شخص مفرد
12	و	و|و|و	و	و|و|و	Ab|Al|C0	حرف ربط|حروف الفبا|اختصارات
13	بازاریابی	بازاریابی|بازاریاب	بازاریابی	بازاریابی|بازاریاب+ی	Y+N1|N1	اسم|اسم + ی
14	بود	بود|بود|بود|بو|ود	بود	بود|بود|بود|بو+د|ب+ود	N1+O|N1|v2|v2|O+v1	فعل ماضی ساده:سوم شخص مفرد|اسم|فعل ماضی ساده:سوم شخص مفرد|فعل مضارع ساده:سوم شخص مفرد|ب + اسم
15	.	.	.	.	Si	علامت نگارشی

0	شما	شما|شما	شما	شما|شما	N1|N5	ضمیر فاعلی|اسم
1	می‌توانید	توان|توان	می‌توانید	می+توان+ید|می+توان+ید	O+V4+O|O+v1+O	می + فعل وجه نما + فعل دوم شخص جمع|فعل حال اخباری:دوم شخص جمع
2	با	با	با	با	Pr	حرف اضافه
3	استفاده	استفاده	استفاده	استفاده	N1	اسم
4	از	از	از	از	Pr	حرف اضافه
5	داده‌کاوی	داده‌کاوی	داده‌کاوی	داده‌کاوی	N1	اسم
6	در	در|در|در|در|در	در	در|در|در|در|در	VPr|N1|N1|V6|Pr	حرف اضافه|فعل امر مثبت|اسم|اسم|پیشوند فعل
7	حل	حل	حل	حل	N1	اسم
8	مشکلات	مشکل	مشکل	مشکل+ات	Pl+N1	اسم + علامت جمع
9	سازمان	سازمان|ساز|ساز	سازمان	سازمان|ساز+مان|ساز+مان	O+N1|N1|O+v1	اسم|فعل مضارع ساده:سوم شخص مفرد|اسم + ضمیر ملکی اول شخص جمع
10	مفید	مفید|مف	مفید	مفید|مف+ید	O+N1|A0	صفت|اسم + فعل دوم شخص جمع
11	واقع	واقع	واقع	واقع	N1	اسم
12	شوید	شوید|شوی|شو	شوید	شوید|شوی+د|شو+ی+د	O+Y+V1|N1|O+v1	اسم|فعل مضارع ساده:سوم شخص مفرد|بن مضارع + ی + د
13	.	.	.	.	Si	علامت نگارشی

0	استراتژیست‌های	استراتژیست	استراتژیست	استراتژیست+ها+ی	Y+Pl+N1	اسم + علامت جمع + ی
1	بزرگ	بزرگ	بزرگ	بزرگ	A0	صفت
2	موفق	موفق	موفق	موفق	A0	صفت
3	برای	برای|برا|بر	برای	برای|برا+ی|بر+ا+ی	Y+O+v1|Y+A0|Pr	حرف اضافه|صفت + ی|ریشه مضارع + ا + ی
4	مستدل	مستدل	مستدل	مستدل	A0	صفت
5	و	و|و|و	و	و|و|و	Ab|Al|C0	حرف ربط|حروف الفبا|اختصارات
6	دقیق	دقیق	دقیق	دقیق	A0	صفت
7	بودن	بود|بود|بو	بودن	بود+ن|بود+ن|بو+د+ن	Neg+O+V1|Neg+V3|Neg+V2	بن ماضی + ن|فعل اسنادی + ن|بن مضارع + د + ن
8	استراتژی‌ها	استراتژی	استراتژی	استراتژی+ها	Pl+N1	اسم + علامت جمع
9	و	و|و|و	و	و|و|و	Ab|Al|C0	حرف ربط|حروف الفبا|اختصارات
10	برنامه‌ریزی‌های	برنامه‌ریزی|برنامه‌ریز	برنامه‌ریزی	برنامه‌ریزی+ها+ی|برنامه‌ریز+ی+ها+ی	Y+Pl+Y+N1|Y+Pl+N1	اسم + علامت جمع + ی|اسم + ی + علامت جمع + ی
11	خود	خود|خود	خود	خود|خود	N1|N8	ضمیر مشترک/متقابل|اسم
12	باید	باید	باید	باید	V4	فعل وجه نما
13	از	از	از	از	Pr	حرف اضافه
14	داده‌کاوی	داده‌کاوی	داده‌کاوی	داده‌کاوی	N1	اسم
15	و	و|و|و	و	و|و|و	Ab|Al|C0	حرف ربط|حروف الفبا|اختصارات
16	اطلاعات	اطلاعات|اطلاع	اطلاعات	اطلاعات|اطلاع+ات	Pl+N1|N1	اسم|اسم + علامت جمع
17	به‌دست‌آمده	به دست آمده	به‌دست‌آمده	به‌+دست‌+آمده	O	N1
18	از	از	از	از	Pr	حرف اضافه
19	آن	ان	آن	ان	Ab	اختصارات
20	حد‌اکثر	حداکثر	حد‌اکثر	حداکثر	Ad	قید
21	استفاده	استفاده	استفاده	استفاده	N1	اسم
22	را	را	را	را	Po	حرف اضافه پسین
23	ببرند	برند|ببر|بر|بر	ببرند	ب+برند|ببر+ند|ب+بر+ند|ب+بر+ند	O+N1+O|O+N1|N1+O|O+v1+O	ب + اسم|اسم + فعل سوم شخص جمع|فعل حال التزامی:سوم شخص جمع|ب + اسم + فعل سوم شخص جمع
24	.	.	.	.	Si	علامت نگارشی

0	در	در|در|در|در|در	در	در|در|در|در|در	VPr|N1|N1|V6|Pr	حرف اضافه|فعل امر مثبت|اسم|اسم|پیشوند فعل
1	واقع	واقع	واقع	واقع	N1	اسم
2	برنامه‌ریزی	برنامه‌ریزی	برنامه‌ریزی	برنامه‌ریزی	N1	اسم
3	استراتژیک	استراتژیک|استراتژی	استراتژیک	استراتژیک|استراتژی+ک	O+N1|A0	صفت|اسم + ک
4	بدون	بدون|دون|بد	بدون	بدون|ب+دون|بد+ون	Pl+A0|A0+O|Pr	حرف اضافه|ب + صفت|صفت + علامت جمع
5	استفاده	استفاده	استفاده	استفاده	N1	اسم
6	از	از	از	از	Pr	حرف اضافه
7	داده‌کاوی	داده‌کاوی	داده‌کاوی	داده‌کاوی	N1	اسم
8	مثل	مثل|مثل|مثل	مثل	مثل|مثل|مثل	N1|N9|N1	اسم|اسم موجود در ساختمان حرف اضافه و حرف ربط گروهی|اسم
9	رانندگی	رانندگی|راننده|ران|ران	رانندگی	رانندگی|راننده+گی|ران+نده+گی|ران+نده+گی	O+O+N1|O+O+V1|O+N1|N1	اسم|اسم + گی|بن مضارع + نده + گی|اسم + نده + گی
10	با	با	با	با	Pr	حرف اضافه
11	چشمان	چش	چشمان	چش+مان	|O+v1	فعل مضارع ساده:سوم شخص مفرد
12	بسته‌است	بست	بسته‌است	بست+ه+است	|O+O+v2	فعل ماضی نقلی:سوم شخص مفرد
13	!	!	!	!	Si	علامت نگارشی

0	اگر	اگر	اگر	اگر	C0	حرف ربط
1	یک	یک	یک	یک	No	عدد حرفی
2	استراتژیست	استراتژیست|استراتژی	استراتژیست	استراتژیست|استراتژی+ست	O+N1|N1	اسم|اسم + ضمیر ملکی سوم شخص مفرد
3	می‌خواهد	خواه|خواه	می‌خواهد	می+خواه+د|می+خواه+د	O+V5+O|O+v1+O	فعل حال اخباری:سوم شخص مفرد|می + فعل کمکی + د
4	در‌زمینه	درزمینه	در‌زمینه	درزمینه	Pr1	حرف اضافه گروهی
5	برنامه‌ریزی	برنامه‌ریزی	برنامه‌ریزی	برنامه‌ریزی	N1	اسم
6	کاربردی	کاربردی|کاربرد	کاربردی	کاربردی|کاربرد+ی	Y+N1|N1	اسم|اسم + ی
7	و	و|و|و	و	و|و|و	Ab|Al|C0	حرف ربط|حروف الفبا|اختصارات
8	اجرایی	اجرایی|اجرا	اجرایی	اجرایی|اجرا+یی	O+N1|A0	صفت|اسم + یی
9	موفق	موفق	موفق	موفق	A0	صفت
10	باشد	باش|اشد	باشد	باش+د|ب+اشد	A0+O|O+v1	فعل مضارع ساده:سوم شخص مفرد|ب + صفت
11	باید	باید	باید	باید	V4	فعل وجه نما
12	از	از	از	از	Pr	حرف اضافه
13	سلاح	سلاح	سلاح	سلاح	N1	اسم
14	داده‌کاوی	داده‌کاوی	داده‌کاوی	داده‌کاوی	N1	اسم
15	استفاده	استفاده	استفاده	استفاده	N1	اسم
16	کند	کند|کن|کن	کند	کند|کن+د|کن+د	A0|O+v1|O+v1	صفت|فعل مضارع ساده:سوم شخص مفرد|فعل مضارع ساده:سوم شخص مفرد
17	.	.	.	.	Si	علامت نگارشی

0	داده	داده|داد|داد	داده	داده|داد+ه|داد+ه	O+N1|O+v2|N1	اسم|ریشه ماضی + ه|اسم + ه
1	کای	کای	کای	کای	N1	اسم
2	چه	چه|چه|چه	چه	چه|چه|چه	A0|C0|NA	ضمیر پرسشی|حرف ربط|صفت
3	فایده‌ای	فایده	فایده‌ای	فایده+ای	O+N1	اسم + ای
4	دارد	دار|دار	دارد	دار+د|دار+د	O+V5|O+v1	فعل مضارع ساده:سوم شخص مفرد|فعل کمکی + د
5	؟	؟	؟	؟	Si	علامت نگارشی

0	شناخت	شناخت|شناخت	شناخت	شناخت|شناخت	N1|v2	فعل ماضی ساده:سوم شخص مفرد|اسم
1	مشتریان	مشتری	مشتریان	مشتری+ان	O+N1	اسم + ان
2	سودآور	سودآور	سودآور	سودآور	A0	صفت
3	:	:	:		O	

0	می‌توانید	توان|توان	می‌توانید	می+توان+ید|می+توان+ید	O+V4+O|O+v1+O	می + فعل وجه نما + فعل دوم شخص جمع|فعل حال اخباری:دوم شخص جمع
1	مشتریانی	مشتری	مشتریانی	مشتری+ان+ی	Y+O+N1	اسم + ان + ی
2	که	که|که|که|که	که	که|که|که|که	N1|N1|NA|C0	حرف ربط|ضمیر پرسشی|اسم|اسم
3	بیشترین	بیشتر|بیش|شتر	بیشترین	بیشتر+ین|بیش+تر+ین|بی+شتر+ین	O+N1+O|O+O+A0|O+A0	صفت + ین|صفت + علامت صفت تفضیلی + ین|بی + اسم + ین
4	سود	سود|سود	سود	سود|سود	N1|v2	فعل ماضی ساده:سوم شخص مفرد|اسم
5	شما	شما|شما	شما	شما|شما	N1|N5	ضمیر فاعلی|اسم
6	از	از	از	از	Pr	حرف اضافه
7	آنها	آن‌ها|آن‌ها|آنها|آنها	آن	آن‌ها|آن‌ها|آنها|آنها	N6|N5|N6|N5	ضمیر فاعلی|ضمیر اشاره|ضمیر فاعلی|ضمیر اشاره
8	حاصل‌شده	حاصل‌شده	حاصل‌شده	حاصل‌شده	A0	صفت
9	را	را	را	را	Po	حرف اضافه پسین
10	شناسایی	شناسایی|شناسا|شناس	شناسایی	شناسایی|شناسا+یی|شناس+ا+یی	O+O+v1|O+A0|N1	اسم|صفت + یی|ریشه مضارع + ا + یی
11	کنید	کن|کن	کنید	کن+ید|کن+ید	|O+v1|O+v1	فعل مضارع ساده:دوم شخص جمع|فعل مضارع ساده:دوم شخص جمع
12	و	و|و|و	و	و|و|و	Ab|Al|C0	حرف ربط|حروف الفبا|اختصارات
13	برای	برای|برا|بر	برای	برای|برا+ی|بر+ا+ی	Y+O+v1|Y+A0|Pr	حرف اضافه|صفت + ی|ریشه مضارع + ا + ی
14	حفظ	حفظ	حفظ	حفظ	N1	اسم
15	وفاداری	وفاداری|وفادار|وفا	وفاداری	وفاداری|وفادار+ی|وفا+دار+ی	Y+O+N1|Y+A0|N1	اسم|صفت + ی|اسم + دار + ی
16	مشتری	مشتری	مشتری	مشتری	N1	اسم
17	تلاش	تلاش	تلاش	تلاش	N1	اسم
18	کنید	کن|کن	کنید	کن+ید|کن+ید	|O+v1|O+v1	فعل مضارع ساده:دوم شخص جمع|فعل مضارع ساده:دوم شخص جمع
19	.	.	.	.	Si	علامت نگارشی

0	بهینه‌سازی	بهینه‌سازی|بهینه|به	بهینه‌سازی	بهینه‌سازی|بهینه+ساز+ی|به+ینه+ساز+ی	Y+O+O+N1|Y+O+N1|N1	اسم|اسم + ساز + ی|اسم + ینه + ساز + ی
1	سبد	سبد	سبد	سبد	N1	اسم
2	محصول	محصول	محصول	محصول	N1	اسم
3	:	:	:		O	

0	شناخت	شناخت|شناخت	شناخت	شناخت|شناخت	N1|v2	فعل ماضی ساده:سوم شخص مفرد|اسم
1	محصولات	محصول	محصول	محصول+ات	Pl+N1	اسم + علامت جمع
2	پر	پر|پر|پر	پر	پر|پر|پر	N1|A0|V6	فعل امر مثبت|صفت|اسم
3	فروش	فروش|فروش|فرو	فروش	فروش|فروش|فرو+ش	O+A0|N1|V6	فعل امر مثبت|اسم|صفت + ضمیر ملکی سوم شخص مفرد
4	،	،	،	،	O	
5	محصولات	محصول	محصول	محصول+ات	Pl+N1	اسم + علامت جمع
6	سودآور	سودآور	سودآور	سودآور	A0	صفت
7	محصولات	محصول	محصول	محصول+ات	Pl+N1	اسم + علامت جمع
8	زیان‌ده	زیا|زی	زیان‌ده	زیا+نده|زی+ا+نده	O+O+v1|O+N1	اسم + نده|ریشه مضارع + ا + نده
9	از	از	از	از	Pr	حرف اضافه
10	دیگر	دیگر|دیگر|دی	دیگر	دیگر|دیگر|دی+گر	O+N1|A2|Ad	قید|صفت مبهم|اسم + گر
11	فواید	فواید	فواید	فواید	N1	اسم
12	داده‌کاوی	داده‌کاوی	داده‌کاوی	داده‌کاوی	N1	اسم
13	است	است|اس	است	است|اس+ت	O+N1|O+v1	فعل مضارع ساده:سوم شخص مفرد|اسم + ضمیر ملکی دوم شخص مفرد
14	.	.	.	.	Si	علامت نگارشی

0	با	با	با	با	Pr	حرف اضافه
1	این	این|این	این	این|این	N6|A1	صفت اشاره|ضمیر اشاره
2	کار	کار|کار	کار	کار|کار	V6|N1	اسم|فعل امر مثبت
3	می‌توانید	توان|توان	می‌توانید	می+توان+ید|می+توان+ید	O+V4+O|O+v1+O	می + فعل وجه نما + فعل دوم شخص جمع|فعل حال اخباری:دوم شخص جمع
4	در	در|در|در|در|در	در	در|در|در|در|در	VPr|N1|N1|V6|Pr	حرف اضافه|فعل امر مثبت|اسم|اسم|پیشوند فعل
5	بهتر	بهتر	بهتر	بهتر	A0	صفت
6	کردن	کرد	کردن	کرد+ن	Neg+V2	بن ماضی + ن
7	سبد	سبد	سبد	سبد	N1	اسم
8	محصول	محصول	محصول	محصول	N1	اسم
9	خود	خود|خود	خود	خود|خود	N1|N8	ضمیر مشترک/متقابل|اسم
10	اقدام	اقدام	اقدام	اقدام	N1	اسم
11	کنید	کن|کن	کنید	کن+ید|کن+ید	|O+v1|O+v1	فعل مضارع ساده:دوم شخص جمع|فعل مضارع ساده:دوم شخص جمع
12	.	.	.	.	Si	علامت نگارشی

0	شناخت	شناخت|شناخت	شناخت	شناخت|شناخت	N1|v2	فعل ماضی ساده:سوم شخص مفرد|اسم
1	مشتریان	مشتری	مشتریان	مشتری+ان	O+N1	اسم + ان
2	وفادار	وفادار|وفا	وفادار	وفادار|وفا+دار	O+N1|A0	صفت|اسم + دار
3	و	و|و|و	و	و|و|و	Ab|Al|C0	حرف ربط|حروف الفبا|اختصارات
4	قدیمی	قدیم	قدیمی	قدیم+ی	Y+A0	صفت + ی
5	:	:	:		O	

0	می‌توانید	توان|توان	می‌توانید	می+توان+ید|می+توان+ید	O+V4+O|O+v1+O	می + فعل وجه نما + فعل دوم شخص جمع|فعل حال اخباری:دوم شخص جمع
1	بفهمید	فهمید|فهم|فهم	بفهمید	ب+فهمید|ب+فهم+ید|ب+فهم+ید	O+N1+O|O+O+O+v2|O+v1+O	فعل ماضی التزامی:سوم شخص مفرد|فعل حال التزامی:دوم شخص جمع|ب + اسم + فعل دوم شخص جمع
2	مشتریان	مشتری	مشتریان	مشتری+ان	O+N1	اسم + ان
3	قدیمی	قدیم	قدیمی	قدیم+ی	Y+A0	صفت + ی
4	شما	شما|شما	شما	شما|شما	N1|N5	ضمیر فاعلی|اسم
5	چه	چه|چه|چه	چه	چه|چه|چه	A0|C0|NA	ضمیر پرسشی|حرف ربط|صفت
6	کسانی	کسان|کس	کسانی	کسان+ی|کس+ان+ی	Y+O+N1|Y+N1	اسم + ی|اسم + ان + ی
7	هستند	هست|هست	هستند	هست+ند|هست+ند	O+N1|O+v1	فعل مضارع ساده:سوم شخص جمع|اسم + فعل سوم شخص جمع
8	و	و|و|و	و	و|و|و	Ab|Al|C0	حرف ربط|حروف الفبا|اختصارات
9	با	با	با	با	Pr	حرف اضافه
10	چه	چه|چه|چه	چه	چه|چه|چه	A0|C0|NA	ضمیر پرسشی|حرف ربط|صفت
11	برنامه‌ای	برنامه‌ای|برنامه	برنامه‌ای	برنامه‌ای|برنامه+ای	O+N1|A0	صفت|اسم + ای
12	خرید	خرید|خرید|خر|خر|خر	خرید	خرید|خرید|خر+ید|خر+ید|خر+ید	O+N1|O+N1|N1|v2|O+v1	فعل ماضی ساده:سوم شخص مفرد|اسم|فعل مضارع ساده:دوم شخص جمع|اسم + فعل دوم شخص جمع|اسم + فعل دوم شخص جمع
13	می‌کنند	کن|کن	می‌کنند	می+کن+ند|می+کن+ند	|O+v1+O|O+v1+O	فعل حال اخباری:سوم شخص جمع|فعل حال اخباری:سوم شخص جمع
14	،	،	،	،	O	
15	چه	چه|چه|چه	چه	چه|چه|چه	A0|C0|NA	ضمیر پرسشی|حرف ربط|صفت
16	کالایی	کالایی|کالا	کالایی	کالایی|کالا+یی	O+N1|A0	صفت|اسم + یی
17	را	را	را	را	Po	حرف اضافه پسین
18	دوست	دوست|دو	دوست	دوست|دو+ست	O+N1|N1	اسم|اسم + ضمیر ملکی سوم شخص مفرد
19	دارند	دار|دار|دار	دارند	دار+ند|دار+ند|دار+ند	O+V5|O+N1|O+v1	فعل مضارع ساده:سوم شخص جمع|اسم + فعل سوم شخص جمع|فعل کمکی + فعل سوم شخص جمع
20	و	و|و|و	و	و|و|و	Ab|Al|C0	حرف ربط|حروف الفبا|اختصارات
21	چه	چه|چه|چه	چه	چه|چه|چه	A0|C0|NA	ضمیر پرسشی|حرف ربط|صفت
22	کالایی	کالایی|کالا	کالایی	کالایی|کالا+یی	O+N1|A0	صفت|اسم + یی
23	باعث	باعث	باعث	باعث	N1	اسم
24	وفاداری	وفاداری|وفادار|وفا	وفاداری	وفاداری|وفادار+ی|وفا+دار+ی	Y+O+N1|Y+A0|N1	اسم|صفت + ی|اسم + دار + ی
25	آنها	آن‌ها|آن‌ها|آنها|آنها	آن	آن‌ها|آن‌ها|آنها|آنها	N6|N5|N6|N5	ضمیر فاعلی|ضمیر اشاره|ضمیر فاعلی|ضمیر اشاره
26	شده‌است	شد	شده‌است	شد+ه+است	|O+O+v2	فعل ماضی نقلی:سوم شخص مفرد
27	.	.	.	.	Si	علامت نگارشی

0	بررسی	بررسی|بررس	بررسی	بررسی|بررس+ی	Y+N1|N1	اسم|اسم + ی
1	طول	طول	طول	طول	N1	اسم
2	عمر	عمر|عمر	عمر	عمر|عمر	N3|N1	اسم|اسم خاص اشخاص
3	مشتری	مشتری	مشتری	مشتری	N1	اسم
4	:	:	:		O	

0	با	با	با	با	Pr	حرف اضافه
1	استفاده	استفاده	استفاده	استفاده	N1	اسم
2	از	از	از	از	Pr	حرف اضافه
3	داده‌کاوی	داده‌کاوی	داده‌کاوی	داده‌کاوی	N1	اسم
4	می‌توانید	توان|توان	می‌توانید	می+توان+ید|می+توان+ید	O+V4+O|O+v1+O	می + فعل وجه نما + فعل دوم شخص جمع|فعل حال اخباری:دوم شخص جمع
5	طول	طول	طول	طول	N1	اسم
6	عمر	عمر|عمر	عمر	عمر|عمر	N3|N1	اسم|اسم خاص اشخاص
7	مشتری	مشتری	مشتری	مشتری	N1	اسم
8	و	و|و|و	و	و|و|و	Ab|Al|C0	حرف ربط|حروف الفبا|اختصارات
9	چرخه	چرخه|چرخ|چرخ	چرخه	چرخه|چرخ+ه|چرخ+ه	O+N1|O+V1|N1	اسم|بن مضارع + ه|اسم + ه
10	آن	ان	آن	ان	Ab	اختصارات
11	،	،	،	،	O	
12	میزان	میزان|میز	میزان	میزان|میز+ان	O+N1|N1	اسم|اسم + ان
13	سود	سود|سود	سود	سود|سود	N1|v2	فعل ماضی ساده:سوم شخص مفرد|اسم
14	حاصل	حاصل	حاصل	حاصل	N1	اسم
15	عایده	عاید	عایده	عاید+ه	O+A0	صفت + ه
16	از	از	از	از	Pr	حرف اضافه
17	هر	هر	هر	هر	A1	صفت اشاره
18	مشتری	مشتری	مشتری	مشتری	N1	اسم
19	در	در|در|در|در|در	در	در|در|در|در|در	VPr|N1|N1|V6|Pr	حرف اضافه|فعل امر مثبت|اسم|اسم|پیشوند فعل
20	هر	هر	هر	هر	A1	صفت اشاره
21	مرحله	مرحله	مرحله	مرحله	N1	اسم
22	را	را	را	را	Po	حرف اضافه پسین
23	بررسی	بررسی|بررس	بررسی	بررسی|بررس+ی	Y+N1|N1	اسم|اسم + ی
24	کنید	کن|کن	کنید	کن+ید|کن+ید	|O+v1|O+v1	فعل مضارع ساده:دوم شخص جمع|فعل مضارع ساده:دوم شخص جمع
25	.	.	.	.	Si	علامت نگارشی
