0	بزرگ‌ترین	بزرگ	بزرگ‌ترین	بزرگ + ترین	صفت + علامت صفت تفضیلی
1	کاری	کاری|کار|کار	کاری	کاری|کار + ی|کار + ی	صفت|اسم + ی|دوم شخص مفرد
2	که	که|که|که|که	که	که|که|که|که	حرف ربط|ضمیر پرسشی|اسم|اسم
3	در	در|در|در|در|در	در	در|در|در|در|در	حرف اضافه|فعل امر مثبت|اسم|اسم|پیشوند فعل
4	راستای	راستا	راستای	راستا + ی	اسم + ی
5	کشورگشایی	کشورگشا	کشورگشایی	کشورگشا + یی	صفت + یی
6	می‌توان	توان	می‌توان	می + توان	می + فعل وجه نما
7	انجام	انجام|انجام	انجام	انجام|انجام	اسم|فعل امر مثبت
8	داد	داد|داد	داد	داد|داد	سوم شخص مفرد|اسم
9	فرار	فرار|فرار	فرار	فرار|فرار	اسم|صفت
10	از	از	از	از	حرف اضافه
11	این	این|این	این	این|این	صفت اشاره|ضمیر اشاره
12	کشور	کشور|کش	کشور	کشور|کش + ور	اسم|بن مضارع + ور
13	خراب	خراب	خراب	خراب	صفت
14	شده	شد	شده	شد + ه	فعل اسنادی + ه
15	است	است|اس	است	است|اس + ت	سوم شخص مفرد|اسم + ضمیر ملکی دوم شخص مفرد
16	.	.	.	.	علامت نگارشی

0	مال	مال|مال	مال	مال|مال	فعل امر مثبت|اسم
1	از	از	از	از	حرف اضافه
2	بهر	بهر|بهر	بهر	بهر|بهر	اسم|اسم موجود در ساختمان حرف اضافه و حرف ربط گروهی
3	آسایش	آسایش|آسا	آسایش	آسایش|آسا + ی + ش	اسم|سوم شخص مفرد
4	عمر	عمر|عمر	عمر	عمر|عمر	اسم|اسم خاص اشخاص
5	است	است|اس	است	است|اس + ت	سوم شخص مفرد|اسم + ضمیر ملکی دوم شخص مفرد
6	،	،	،	،	
7	نه	نه|نه|نه	نه	نه|نه|نه	عدد حرفی|فعل امر مثبت|اسم
8	عمر	عمر|عمر	عمر	عمر|عمر	اسم|اسم خاص اشخاص
9	از	از	از	از	حرف اضافه
10	بهر	بهر|بهر	بهر	بهر|بهر	اسم|اسم موجود در ساختمان حرف اضافه و حرف ربط گروهی
11	گردکردن	گردکردن	گردکردن	گرد+کردن	_
12	مال	مال|مال	مال	مال|مال	فعل امر مثبت|اسم
13	.	.	.	.	علامت نگارشی

0	عاقلی	عاقلی|عاقل	عاقلی	عاقلی|عاقل + ی	اسم|صفت + ی
1	را	را	را	را	حرف اضافه پسین
2	پرسیدند	پرسید	پرسیدند	پرسید + ند	سوم شخص جمع
3	:	:	:		

0	نیک‌بخت	نیک‌بخت	نیک‌بخت	نیک‌بخت	صفت
1	کیست	کیست|کیس	کیست	کیست|کیس + ت	اسم|اسم + ضمیر ملکی دوم شخص مفرد
2	و	و|و|و	و	و|و|و	حرف ربط|حروف الفبا|اختصارات
3	بدبختی	بدبختی|بدبخت	بدبختی	بدبختی|بدبخت + ی	اسم|صفت + ی
4	چیست	چیست	چیست	چیست	فعل امر مثبت
5	؟	؟	؟	؟	علامت نگارشی

0	گفت	گفت|گفت	گفت	گفت|گفت	سوم شخص مفرد|اسم
1	:	:	:		

0	نیک‌بخت	نیک‌بخت	نیک‌بخت	نیک‌بخت	صفت
1	ان	ان	ان	ان	اختصارات
2	که	که|که|که|که	که	که|که|که|که	حرف ربط|ضمیر پرسشی|اسم|اسم
3	خورد	خورد|خورد|خور	خورد	خورد|خورد|خور + د	سوم شخص مفرد|اسم|سوم شخص مفرد
4	و	و|و|و	و	و|و|و	حرف ربط|حروف الفبا|اختصارات
5	کشت	کشت|کشت|کشت|کش|کش	کشت	کشت|کشت|کشت|کش + ت|کش + ت	سوم شخص مفرد|سوم شخص مفرد|اسم|سوم شخص مفرد|اسم + ضمیر ملکی دوم شخص مفرد
6	و	و|و|و	و	و|و|و	حرف ربط|حروف الفبا|اختصارات
7	بدبخت	بدبخت	بدبخت	بدبخت	صفت
8	آن	ان	آن	ان	اختصارات
9	که	که|که|که|که	که	که|که|که|که	حرف ربط|ضمیر پرسشی|اسم|اسم
10	مرد	مرد|مرد	مرد	مرد|مرد	اسم|سوم شخص مفرد
11	و	و|و|و	و	و|و|و	حرف ربط|حروف الفبا|اختصارات
12	هشت	هشت|هش	هشت	هشت|هش + ت	عدد حرفی|اسم + ضمیر ملکی دوم شخص مفرد
13	.	.	.	.	علامت نگارشی

0	اوباشی	اوباش	اوباشی	او+باشی	_
1	را	را	را	را	حرف اضافه پسین
2	در	در|در|در|در|در	در	در|در|در|در|در	حرف اضافه|فعل امر مثبت|اسم|اسم|پیشوند فعل
3	خیابان	خیابان	خیابان	خیابان	اسم
4	دیدم	دید|دید|دید	دیدم	دید + م|دید + م|دید + م	اول شخص مفرد|اسم + ضمیر ملکی اول شخص مفرد|اسم + فعل اول شخص مفرد
5	که	که|که|که|که	که	که|که|که|که	حرف ربط|ضمیر پرسشی|اسم|اسم
6	اعمال	اعمال|عمل	اعمال	اعمال|عمل	اسم|اسم مفرد جمع مکسر
7	ناشایستی	ناشایست|شایست	ناشایستی	ناشایست + ی|نا + شایست + ی	صفت + ی|سوم شخص مفرد
8	انجام	انجام|انجام	انجام	انجام|انجام	اسم|فعل امر مثبت
9	می‌دادند	داد	می‌دادند	می + داد + ند	سوم شخص جمع
10	.	.	.	.	علامت نگارشی

0	مطالب	مطالب	مطالب	مطالب	اسم
1	زیبایی	زیبایی|زیبا|زیب	زیبایی	زیبایی|زیبا + یی|زیب + ا + یی	اسم|صفت + یی|ریشه مضارع + ا + یی
2	در	در|در|در|در|در	در	در|در|در|در|در	حرف اضافه|فعل امر مثبت|اسم|اسم|پیشوند فعل
3	باب	باب|باب	باب	باب|باب	اسم|اسم موجود در ساختمان حرف اضافه و حرف ربط گروهی
4	مسجد	مسجد	مسجد	مسجد	اسم
5	خوانده	خوانده|خواند	خوانده	خوانده|خواند + ه	اسم|ریشه ماضی + ه
6	بودم	بود|بود|بود|بود|ود|ود	بودم	بود + م|بود + م|بود + م|بود + م|ب + ود + م|ب + ود + م	اول شخص مفرد|اسم + ضمیر ملکی اول شخص مفرد|اسم + فعل اول شخص مفرد|اول شخص مفرد|ب + اسم + ضمیر ملکی اول شخص مفرد|ب + اسم + فعل اول شخص مفرد
7	که	که|که|که|که	که	که|که|که|که	حرف ربط|ضمیر پرسشی|اسم|اسم
8	مورد	مورد|مورد|مورد	مورد	مورد|مورد|مورد	اسم|اسم موجود در ساختمان حرف اضافه و حرف ربط گروهی|اسم
9	پسندم	پسند|پسند|پسند|دم	پسندم	پسند + م|پسند + م|پسند + م|پس + ن + دم	اول شخص مفرد|اسم + ضمیر ملکی اول شخص مفرد|اسم + فعل اول شخص مفرد|سوم شخص مفرد
10	واقع	واقع	واقع	واقع	اسم
11	نشده‌بود	شد	نشده‌بود	ن + شد + ه + بود	سوم شخص مفرد
12	.	.	.	.	علامت نگارشی

0	تجربه	تجربه|تجرب	تجربه	تجربه|تجرب + ه	اسم|اسم + ه
1	خوبی	خوبی|خوب	خوبی	خوبی|خوب + ی	اسم|صفت + ی
2	در	در|در|در|در|در	در	در|در|در|در|در	حرف اضافه|فعل امر مثبت|اسم|اسم|پیشوند فعل
3	زمینه‌ی	زمینه|زمین|زم	زمینه‌ی	زمینه + ی|زمین + ه + ی|زم + ین + ه + ی	اسم + ی|اسم + ه + ی|اسم + ین + ه + ی
4	تجربه‌های	تجربه|تجرب	تجربه‌	تجربه + ها + ی|تجرب + ه + ها + ی	اسم + علامت جمع + ی|اسم + ه + علامت جمع + ی
5	شخصی	شخصی|شخص	شخصی	شخصی|شخص + ی	صفت|اسم + ی
6	دارم	دار|دار|دار	دارم	دار + م|دار + م|دار + م	اول شخص مفرد|اسم + ضمیر ملکی اول شخص مفرد|اسم + فعل اول شخص مفرد
7	!	!	!	!	علامت نگارشی

0	مهم‌ترین	مهم	مهم‌ترین	مهم + ترین	صفت + علامت صفت تفضیلی
1	دلیل	دلیل	دلیل	دلیل	اسم
2	در	در|در|در|در|در	در	در|در|در|در|در	حرف اضافه|فعل امر مثبت|اسم|اسم|پیشوند فعل
3	بی‌کاری‌های	بیکاری|بیکار|کار	بی‌کاری‌	بیکاری + ها + ی|بیکار + ی + ها + ی|بی + کار + ی + ها + ی	اسم + علامت جمع + ی|صفت + ی + علامت جمع + ی|بی + اسم + ی + علامت جمع + ی
4	اکثر	اکثر	اکثر	اکثر	صفت
5	دانشجویان	دانشجوی|دانشجو|دانش|دان	دانشجویان	دانشجوی + ان|دانشجو + ی + ان|دانش + جو + ی + ان|دان + ش + جو + ی + ان	اسم + ان|اسم + ی + ان|اسم + جو + ی + ان|بن مضارع + ش + جو + ی + ان
6	کشور	کشور|کش	کشور	کشور|کش + ور	اسم|بن مضارع + ور
7	انتخاب	انتخاب	انتخاب	انتخاب	اسم
8	رشته	رشته|رشت	رشته	رشته|رشت + ه	اسم|ریشه ماضی + ه
9	اشتباه	اشتباه	اشتباه	اشتباه	صفت
10	است	است|اس	است	است|اس + ت	سوم شخص مفرد|اسم + ضمیر ملکی دوم شخص مفرد
11	!	!	!	!	علامت نگارشی

0	بهترین	بهترین|بهتر	بهترین	بهترین|بهتر + ین	صفت|صفت + ین
1	کتابی	کتابی|کتاب	کتابی	کتابی|کتاب + ی	صفت|اسم + ی
2	که	که|که|که|که	که	که|که|که|که	حرف ربط|ضمیر پرسشی|اسم|اسم
3	خوانده‌ام	خوانده|خوانده|خواند	خوانده‌ام	خوانده + ام|خوانده + ام|خواند + ه + ام	اسم + ضمیر ملکی اول شخص مفرد|اسم + فعل اول شخص مفرد|اول شخص مفرد
4	کتاب	کتاب	کتاب	کتاب	اسم
5	۳۰۰	۳۰۰	۳۰۰	۳۰۰	عدد رقمی
6	سال	سال	سال	سال	اسم
7	تنهایی	تنهایی|تنها|تن|تن	تنهایی	تنهایی|تنها + یی|تن + ها + یی|تن + ها + یی	قید|صفت + یی|اسم + علامت جمع + یی|اسم + علامت جمع + یی
8	بود	بود|بود|بود|بو|ود	بود	بود|بود|بود|بو + د|ب + ود	سوم شخص مفرد|اسم|سوم شخص مفرد|سوم شخص مفرد|ب + اسم
9	!	!	!	!	علامت نگارشی

0	در	در|در|در|در|در	در	در|در|در|در|در	حرف اضافه|فعل امر مثبت|اسم|اسم|پیشوند فعل
1	۱۳	۱۳	۱۳	۱۳	عدد رقمی
2	ابان	اب	ابان	اب + ان	اسم + ان
3	سال	سال	سال	سال	اسم
4	۱۳۹۷	۱۳۹۷	۱۳۹۷	۱۳۹۷	عدد رقمی
5	یکی	یکی|یک	یکی	یکی|یک + ی	صفت مبهم|عدد حرفی + ی
6	از	از	از	از	حرف اضافه
7	مهم‌ترین	مهم	مهم‌ترین	مهم + ترین	صفت + علامت صفت تفضیلی
8	اتفاقات	اتفاق	اتفاق	اتفاق + ات	اسم + علامت جمع
9	زندگی	زندگی|زنده	زندگی	زندگی|زنده + گی	اسم|صفت + گی
10	جامعه	جامعه|جامع	جامعه	جامعه|جامع + ه	اسم|صفت + ه
11	بشری	بشری|بشر|بشر|شر|شر	بشری	بشری|بشر + ی|بشر + ی|ب + شر + ی|ب + شر + ی	صفت|اسم + ی|اسم + ی|ب + صفت + ی|ب + اسم + ی
12	رخ	رخ|رخ	رخ	رخ|رخ	اسم|اسم
13	نداد	داد	نداد	ن + داد	سوم شخص مفرد
14	.	.	.	.	علامت نگارشی

0	ظاهراً	ظاهراً	ظاهرا	ظاهراً	قید
1	بهترین	بهترین|بهتر	بهترین	بهترین|بهتر + ین	صفت|صفت + ین
2	کاری	کاری|کار|کار	کاری	کاری|کار + ی|کار + ی	صفت|اسم + ی|دوم شخص مفرد
3	که	که|که|که|که	که	که|که|که|که	حرف ربط|ضمیر پرسشی|اسم|اسم
4	می‌شود	شو	می‌شود	می + شو + د	سوم شخص مفرد
5	انجام	انجام|انجام	انجام	انجام|انجام	اسم|فعل امر مثبت
6	داد	داد|داد	داد	داد|داد	سوم شخص مفرد|اسم
7	مشاهده	مشاهده|مشاهد	مشاهده	مشاهده|مشاهد + ه	اسم|اسم + ه
8	کار	کار|کار	کار	کار|کار	اسم|فعل امر مثبت
9	بقیه	بقیه|بقیه|قیه|بق|قی	بقیه	بقیه|بقیه|ب + قیه|بق + یه|ب + قی + ه	صفت|اسم|ب + اسم|اسم + یه|ب + اسم + ه
10	است	است|اس	است	است|اس + ت	سوم شخص مفرد|اسم + ضمیر ملکی دوم شخص مفرد
11	.	.	.	.	علامت نگارشی

0	بزرگ‌ترین	بزرگ	بزرگ‌ترین	بزرگ + ترین	صفت + علامت صفت تفضیلی
1	عامل	عامل	عامل	عامل	اسم
2	پیروزی	پیروزی	پیروزی	پیروزی	اسم خاص مکان
3	۲	۲	۲	۲	عدد رقمی
4	بر	بر|بر|بر|بر	بر	بر|بر|بر|بر	حرف اضافه|فعل امر مثبت|پیشوند فعل|اسم
5	صفر	صفر|صفر	صفر	صفر|صفر	عدد حرفی|اسم
6	مقابل	مقابل|مقابل	مقابل	مقابل|مقابل	صفت|اسم موجود در ساختمان حرف اضافه و حرف ربط گروهی
7	تیم	تیم|تی|تی	تیم	تیم|تی + م|تی + م	اسم|اسم + ضمیر ملکی اول شخص مفرد|اسم + فعل اول شخص مفرد
8	ضعیف	ضعیف	ضعیف	ضعیف	صفت
9	استقلال	استقلال	استقلال	استقلال	اسم
10	،	،	،	،	
11	ضعیف	ضعیف	ضعیف	ضعیف	صفت
12	بودن	بود|بود|بو	بودن	بود + ن|بود + ن|بو + د + ن	بن ماضی + ن|فعل اسنادی + ن|بن مضارع + د + ن
13	این	این|این	این	این|این	صفت اشاره|ضمیر اشاره
14	تیم	تیم|تی|تی	تیم	تیم|تی + م|تی + م	اسم|اسم + ضمیر ملکی اول شخص مفرد|اسم + فعل اول شخص مفرد
15	بود	بود|بود|بود|بو|ود	بود	بود|بود|بود|بو + د|ب + ود	سوم شخص مفرد|اسم|سوم شخص مفرد|سوم شخص مفرد|ب + اسم
16	.	.	.	.	علامت نگارشی

0	اژدها	اژدها	اژدها	اژدها	اسم
1	که	که|که|که|که	که	که|که|که|که	حرف ربط|ضمیر پرسشی|اسم|اسم
2	از	از	از	از	حرف اضافه
3	در	در|در|در|در|در	در	در|در|در|در|در	حرف اضافه|فعل امر مثبت|اسم|اسم|پیشوند فعل
4	واردشد	واردشد	واردشد	وارد+شد	_
5	همگی	همگی|همه|همه|گی	همگی	همگی|همه + گی|همه + گی|هم + گی	صفت|اسم + گی|صفت مبهم + گی|هم + اسم
6	ترسیدند	ترسید	ترسیدند	ترسید + ند	سوم شخص جمع
7	!	!	!	!	علامت نگارشی

0	دانشجویان	دانشجوی|دانشجو|دانش|دان	دانشجویان	دانشجوی + ان|دانشجو + ی + ان|دانش + جو + ی + ان|دان + ش + جو + ی + ان	اسم + ان|اسم + ی + ان|اسم + جو + ی + ان|بن مضارع + ش + جو + ی + ان
1	دکترای	دکترا	دکترای	دکترا + ی	اسم + ی
2	حاضر	حاضر|حاضر	حاضر	حاضر|حاضر	اسم|صفت
3	در	در|در|در|در|در	در	در|در|در|در|در	حرف اضافه|فعل امر مثبت|اسم|اسم|پیشوند فعل
4	کلاس	کلاس	کلاس	کلاس	اسم
5	مسیول	مسی|مس	مسیول	مسی + ول|مس + ی + ول	صفت + ول|اسم + ی + ول
6	هدایت	هدایت	هدایت	هدایت	اسم
7	فرایند	فرایند	فرایند	فرایند	اسم
8	،	،	،	،	
9	کنترل‌ها	کنترل	کنترل‌	کنترل + ها	اسم + علامت جمع
10	،	،	،	،	
11	تهیه	تهیه|تهی	تهیه	تهیه|تهی + ه	اسم|صفت + ه
12	استانداردهای	استاندارد	استاندارد	استاندارد + ها + ی	صفت + علامت جمع + ی
13	مسابقه	مسابقه	مسابقه	مسابقه	اسم
14	و	و|و|و	و	و|و|و	حرف ربط|حروف الفبا|اختصارات
15	برچسب‌زنی	برچسب‌زنی	برچسب‌زنی	برچسب‌زنی	اسم
16	داده‌ها	داده|داد|داد	داده‌	داده + ها|داد + ه + ها|داد + ه + ها	اسم + علامت جمع|ریشه ماضی + ه + علامت جمع|اسم + ه + علامت جمع
17	،	،	،	،	
18	تکمیل	تکمیل	تکمیل	تکمیل	اسم
19	داده	داده|داد|داد	داده	داده|داد + ه|داد + ه	اسم|ریشه ماضی + ه|اسم + ه
20	تست	تست|تست	تست	تست|تست	اسم|صفت
21	و	و|و|و	و	و|و|و	حرف ربط|حروف الفبا|اختصارات
22	تهیه	تهیه|تهی	تهیه	تهیه|تهی + ه	اسم|صفت + ه
23	گزارش	گزارش|گزارش|گزار	گزارش	گزارش|گزارش|گزار + ش	اسم|اسم موجود در ساختمان حرف اضافه و حرف ربط گروهی|سوم شخص مفرد
24	(مقاله)	(مقاله)	(مقاله)	(مقاله)	
25	مروری	مروری|مرور	مروری	مروری|مرور + ی	صفت|اسم + ی
26	از	از	از	از	حرف اضافه
27	کل	کل|کل|کل	کل	کل|کل|کل	صفت|اسم|اسم
28	مطالعه	مطالعه|مطالع	مطالعه	مطالعه|مطالع + ه	اسم|اسم + ه
29	و	و|و|و	و	و|و|و	حرف ربط|حروف الفبا|اختصارات
30	بررسی	بررسی|بررس	بررسی	بررسی|بررس + ی	اسم|اسم + ی
31	انجام‌شده	انجام‌شده	انجام‌شده	انجام‌شده	صفت
32	هستند	هست|هست	هستند	هست + ند|هست + ند	سوم شخص جمع|اسم + فعل سوم شخص جمع
33	لذا	لذا	لذا	لذا	قید
34	باید	باید	باید	باید	فعل وجه نما
35	به	به|به	به	به|به	حرف اضافه|اسم
36	کل	کل|کل|کل	کل	کل|کل|کل	صفت|اسم|اسم
37	ابزارها	ابزار|اب	ابزار	ابزار + ها|اب + زار + ها	اسم + علامت جمع|اسم + زار + علامت جمع
38	اشراف	اشراف	اشراف	اشراف	اسم
39	نسبی	نسبی|نسبی|نسب	نسبی	نسبی|نسبی|نسب + ی	صفت|صفت|اسم + ی
40	داشته باشند	داشت	داشته باشند	داشت + ه + باش + ند	سوم شخص جمع
41	.	.	.	.	علامت نگارشی

0	شرح	شرح	شرح	شرح	اسم
1	وظایف	وظایف	وظایف	وظایف	اسم
2	این	این|این	این	این|این	صفت اشاره|ضمیر اشاره
3	دسته	دست	دسته	دست + ه	اسم + ه
4	جداگانه	جداگانه|جدا	جداگانه	جداگانه|جدا + گانه	قید|صفت + گانه
5	در	در|در|در|در|در	در	در|در|در|در|در	حرف اضافه|فعل امر مثبت|اسم|اسم|پیشوند فعل
6	جلسه	جلسه	جلسه	جلسه	اسم
7	حضوری	حضوری|حضور	حضوری	حضوری|حضور + ی	صفت|اسم + ی
8	تشریح	تشریح	تشریح	تشریح	اسم
9	خواهدشد	خواه|خواه|شد	خواهدشد	خواه + د + شد|خواه + د + شد|خواهد + شد	بن مضارع + د + شد|فعل کمکی + د + شد|سوم شخص مفرد
10	.	.	.	.	علامت نگارشی

0	دیگری	دیگری|دی	دیگری	دیگری|دی + گری	صفت مبهم|اسم + گری
1	جمع	جمع	جمع	جمع	صفت
2	«	«	«	«	
3	مکسر	مکسر	مکسر	مکسر	صفت
4	»	»	»	»	
5	است	است|اس	است	است|اس + ت	سوم شخص مفرد|اسم + ضمیر ملکی دوم شخص مفرد
6	که	که|که|که|که	که	که|که|که|که	حرف ربط|ضمیر پرسشی|اسم|اسم
7	قاعدهی	قاعده	قاعدهی	قاعده + ی	اسم + ی
8	معینی	معینی|معین|معین|معین	معینی	معینی|معین + ی|معین + ی|معین + ی	اسم فامیل|صفت + ی|اسم + ی|اسم + ی
9	ندارد	دار|دار	ندارد	ن + دار + د|ن + دار + د	سوم شخص مفرد|ن + فعل کمکی + د
10	،	،	،	،	
11	یعنی	یعنی	یعنی	یعنی	حرف ربط
12	«	«	«	«	
13	قیاسی	قیاسی|قیاسی|قیاس	قیاسی	قیاسی|قیاسی|قیاس + ی	صفت|اسم فامیل|اسم + ی
14	»	»	»	»	
15	نیست	نیست|است|نی	نیست	نیست|نی + است|نی + ست	اسم|سوم شخص مفرد|اسم + ضمیر ملکی سوم شخص مفرد
16	،	،	،	،	
17	«	«	«	«	
18	سماعی	سماعی|سماع	سماعی	سماعی|سماع + ی	صفت|اسم + ی
19	»	»	»	»	
20	است	است|اس	است	است|اس + ت	سوم شخص مفرد|اسم + ضمیر ملکی دوم شخص مفرد
21	و	و|و|و	و	و|و|و	حرف ربط|حروف الفبا|اختصارات
22	درمورد	درمورد	درمورد	درمورد	حرف اضافه گروهی
23	هر	هر	هر	هر	صفت اشاره
24	اسم	اسم|اس|اس	اسم	اسم|اس + م|اس + م	اسم|اسم + ضمیر ملکی اول شخص مفرد|اسم + فعل اول شخص مفرد
25	مفردی	مفرد	مفردی	مفرد + ی	صفت + ی
26	باید	باید	باید	باید	فعل وجه نما
27	دید	دید|دید	دید	دید|دید	سوم شخص مفرد|اسم
28	یا	یا|یا	یا	یا|یا	حرف ربط|صوت
29	درواقع	درواقع	درواقع	درواقع	قید
30	شنید	شنید|شن	شنید	شنید|شن + ید	سوم شخص مفرد|اسم + فعل دوم شخص جمع
31	که	که|که|که|که	که	که|که|که|که	حرف ربط|ضمیر پرسشی|اسم|اسم
32	اهل	اهل	اهل	اهل	صفت
33	زبان	زبان	زبان	زبان	اسم
34	مفرد	مفرد	مفرد	مفرد	صفت
35	ان	ان	ان	ان	اختصارات
36	را	را	را	را	حرف اضافه پسین
37	به	به|به	به	به|به	حرف اضافه|اسم
38	چه	چه|چه|چه	چه	چه|چه|چه	ضمیر پرسشی|حرف ربط|صفت
39	صورت	صورت|صورت|صور	صورت	صورت|صورت|صور + ت	اسم|اسم موجود در ساختمان حرف اضافه و حرف ربط گروهی|اسم + ضمیر ملکی دوم شخص مفرد
40	می‌شکند	شکن	می‌شکند	می + شکن + د	سوم شخص مفرد
41	و	و|و|و	و	و|و|و	حرف ربط|حروف الفبا|اختصارات
42	چه‌گونه	چه	چه‌گونه	چه + گون + ه	صفت + گون + ه
43	به	به|به	به	به|به	حرف اضافه|اسم
44	صورت	صورت|صورت|صور	صورت	صورت|صورت|صور + ت	اسم|اسم موجود در ساختمان حرف اضافه و حرف ربط گروهی|اسم + ضمیر ملکی دوم شخص مفرد
45	جمع	جمع	جمع	جمع	صفت
46	مکسر	مکسر	مکسر	مکسر	صفت
47	یا	یا|یا	یا	یا|یا	حرف ربط|صوت
48	شکسته	شکسته|شکست|شکست	شکسته	شکسته|شکست + ه|شکست + ه	صفت|ریشه ماضی + ه|اسم + ه
49	درمی‌آورد	درمی آورد	درمی‌آورد	در+می‌+آورد	_
50	.	.	.	.	علامت نگارشی
