
0	در	در|در|در|در|در	در	در|در|در|در|در	VPr|N1|N1|V6|Pr	حرف اضافه|فعل امر مثبت|اسم|اسم|پیشوند فعل
1	شب	شب	شب	شب	N1	اسم
2	شبنم	شبنم	شبنم	شبنم	N1	اسم
3	نم‌نم	نم‌نم	نم‌نم	نم‌نم	Ad	قید
4	نم	نم	نم	نم	N1	اسم
5	را	را	را	را	Po	حرف اضافه پسین
6	بر	بر|بر|بر|بر	بر	بر|بر|بر|بر	N1|VPr|V6|Pr	حرف اضافه|فعل امر مثبت|پیشوند فعل|اسم
7	تن	تن|تن|تن	تن	تن|تن|تن	N1|N1|V6	فعل امر مثبت|اسم|اسم
8	گلبرگ	گلبرگ	گلبرگ	گلبرگ	N1	اسم
9	پوشاند	پوشاند|پوشان|پوش	پوشاند	پوشاند|پوشان+د|پوش+ان+د	O+O+V1|v2|O+v1	فعل ماضی ساده:سوم شخص مفرد|فعل مضارع ساده:سوم شخص مفرد|بن مضارع + ان + د
10	.	.	.	.	Si	علامت نگارشی

0	سخنان	سخن	سخنان	سخن+ان	O+N1	اسم + ان
1	خاطر پریشان	خاطرپریش	خاطر پریشان	خاطرپریش+ان	O+A0	صفت + ان
2	خاطرم	خاطر|خاطر	خاطرم	خاطر+م|خاطر+م	O+N1|O+N1	اسم + ضمیر ملکی اول شخص مفرد|اسم + فعل اول شخص مفرد
3	را	را	را	را	Po	حرف اضافه پسین
4	پریشان	پریشان|پری|پر|پر|پر	پریشان	پریشان|پری+شان|پر+ی+شان|پر+ی+شان|پر+ی+شان	O+Y+N1|O+Y+A0|O+N1|A0|O+v1	صفت|اسم + ضمیر ملکی سوم شخص جمع|فعل مضارع ساده:دوم شخص مفرد|صفت + ی + ضمیر ملکی سوم شخص جمع|اسم + ی + ضمیر ملکی سوم شخص جمع
5	می‌کند	کن|کن|می|می	می‌کند	می+کن+د|می+کن+د|می+ک+ند|می+ک+ند	O+O+N1|O+O+N1|O+v1+O|O+v1+O	فعل حال اخباری:سوم شخص مفرد|فعل حال اخباری:سوم شخص مفرد|اسم + ک + فعل سوم شخص جمع|اسم + ک + فعل سوم شخص جمع
6	.	.	.	.	Si	علامت نگارشی

0	به	به|به	به	به|به	N1|Pr	حرف اضافه|اسم
1	خاطر	خاطر|خاطر	خاطر	خاطر|خاطر	N9|N1	اسم|اسم موجود در ساختمان حرف اضافه و حرف ربط گروهی
2	زیادی	زیادی|زیاد	زیادی	زیادی|زیاد+ی	Y+A0|A0	صفت|صفت + ی
3	رویش	رویش|روی|رو|رو	رویش	رویش|روی+ش|رو+ی+ش|رو+ی+ش	O+Y+N1|O+N1|N1|O+v1	اسم|اسم + ضمیر ملکی سوم شخص مفرد|اسم + ی + ضمیر ملکی سوم شخص مفرد|فعل مضارع ساده:دوم شخص مفرد
4	رویش	رویش|روی|رو|رو	رویش	رویش|روی+ش|رو+ی+ش|رو+ی+ش	O+Y+N1|O+N1|N1|O+v1	اسم|اسم + ضمیر ملکی سوم شخص مفرد|اسم + ی + ضمیر ملکی سوم شخص مفرد|فعل مضارع ساده:دوم شخص مفرد
5	از	از	از	از	Pr	حرف اضافه
6	رویش	رویش|روی|رو|رو	رویش	رویش|روی+ش|رو+ی+ش|رو+ی+ش	O+Y+N1|O+N1|N1|O+v1	اسم|اسم + ضمیر ملکی سوم شخص مفرد|اسم + ی + ضمیر ملکی سوم شخص مفرد|فعل مضارع ساده:دوم شخص مفرد
7	ریش	ریش|ری	ریش	ریش|ری+ش	O+N1|N1	اسم|اسم + ضمیر ملکی سوم شخص مفرد
8	کم	کم|کم	کم	کم|کم	N1|A0	صفت|اسم
9	شد	شد	شد	شد	|v2	فعل ماضی ساده:سوم شخص مفرد
10	.	.	.	.	Si	علامت نگارشی

0	دانه	دانه|دان	دانه	دانه|دان+ه	O+V1|N1	اسم|بن مضارع + ه
1	دانست	دانست	دانست	دانست	|v2	فعل ماضی ساده:سوم شخص مفرد
2	که	که|که|که|که	که	که|که|که|که	N1|N1|NA|C0	حرف ربط|ضمیر پرسشی|اسم|اسم
3	دانه	دانه|دان	دانه	دانه|دان+ه	O+V1|N1	اسم|بن مضارع + ه
4	ست	ست	ست	ست	N1	اسم
5	و	و|و|و	و	و|و|و	Ab|Al|C0	حرف ربط|حروف الفبا|اختصارات
6	می‌روید	رو	می‌روید	می+رو+ید	|O+v1+O	فعل حال اخباری:دوم شخص جمع
7	که	که|که|که|که	که	که|که|که|که	N1|N1|NA|C0	حرف ربط|ضمیر پرسشی|اسم|اسم
8	به	به|به	به	به|به	N1|Pr	حرف اضافه|اسم
9	زیر	زیر	زیر	زیر	A0	صفت
10	رفت	رفت|رفت|رف	رفت	رفت|رفت|رف+ت	O+N1|v2|v2	فعل ماضی ساده:سوم شخص مفرد|فعل ماضی ساده:سوم شخص مفرد|اسم + ضمیر ملکی دوم شخص مفرد
11	شما	شما|شما	شما	شما|شما	N1|N5	ضمیر فاعلی|اسم
12	چرا	چرا|چرا|چر	چرا	چرا|چرا|چر+ا	O+v1|N1|NA	ضمیر پرسشی|اسم|ریشه مضارع + ا
13	می‌روید	رو	می‌روید	می+رو+ید	|O+v1+O	فعل حال اخباری:دوم شخص جمع
14	.	.	.	.	Si	علامت نگارشی

0	بی‌تا	بی‌تا	بی‌تا	بی‌تا	A0	صفت
1	بی‌تابی	بی‌تابی	بی‌تابی	بی‌تابی	N1	اسم
2	می‌کرد	کرد	می‌کرد	می+کرد	|v2+O	فعل ماضی استمراری:سوم شخص مفرد
3	چون	چون|چون	چون	چون|چون	Pr|C0	حرف ربط|حرف اضافه
4	بی‌تا	بی‌تا	بی‌تا	بی‌تا	A0	صفت
5	نبود	نبود|بود|بود|بو	نبود	نبود|ن+بود|ن+بود|ن+بو+د	N1|v2+Neg|v2+Neg|O+v1+Neg	اسم|فعل ماضی ساده منفی:سوم شخص مفرد|فعل ماضی ساده منفی:سوم شخص مفرد|فعل حال التزامی منفی:سوم شخص مفرد
6	.	.	.	.	Si	علامت نگارشی

0	سه	سه	سه	سه	No	عدد حرفی
1	تا	تا|تا|تا	تا	تا|تا|تا	Ab|C0|Pr	حرف اضافه|حرف ربط|اختصارات
2	سه	سه	سه	سه	No	عدد حرفی
3	تا	تا|تا|تا	تا	تا|تا|تا	Ab|C0|Pr	حرف اضافه|حرف ربط|اختصارات
4	سه‌تار	سه‌تار	سه‌تار	سه‌تار	N1	اسم
5	سه‌	سه	سه‌	سه	No	عدد حرفی
6	تار	تار|تار|تار	تار	تار|تار|تار	N1|A0|V6	فعل امر مثبت|صفت|اسم
7	را	را	را	را	Po	حرف اضافه پسین
8	برداشت	برداشت|برداشت	برداشت	برداشت|برداشت	N1|v2	فعل ماضی ساده:سوم شخص مفرد|اسم
9	.	.	.	.	Si	علامت نگارشی

0	شهره	شهره|شهره|شهر	شهره	شهره|شهره|شهر+ه	O+N1|N1|N3	اسم خاص اشخاص|اسم|اسم + ه
1	شهره	شهره|شهره|شهر	شهره	شهره|شهره|شهر+ه	O+N1|N1|N3	اسم خاص اشخاص|اسم|اسم + ه
2	شهر	شهر	شهر	شهر	N1	اسم
3	است	است|اس	است	است|اس+ت	O+N1|O+v1	فعل مضارع ساده:سوم شخص مفرد|اسم + ضمیر ملکی دوم شخص مفرد
4	.	.	.	.	Si	علامت نگارشی

0	در	در|در|در|در|در	در	در|در|در|در|در	VPr|N1|N1|V6|Pr	حرف اضافه|فعل امر مثبت|اسم|اسم|پیشوند فعل
1	این	این|این	این	این|این	N6|A1	صفت اشاره|ضمیر اشاره
2	درگه	درگه	درگه	درگه	N1	اسم
3	که	که|که|که|که	که	که|که|که|که	N1|N1|NA|C0	حرف ربط|ضمیر پرسشی|اسم|اسم
4	گه‌گه	گه گه	گه‌گه	گه+گه	O	N1
5	که	که|که|که|که	که	که|که|که|که	N1|N1|NA|C0	حرف ربط|ضمیر پرسشی|اسم|اسم
6	که	که|که|که|که	که	که|که|که|که	N1|N1|NA|C0	حرف ربط|ضمیر پرسشی|اسم|اسم
7	و	و|و|و	و	و|و|و	Ab|Al|C0	حرف ربط|حروف الفبا|اختصارات
8	که	که|که|که|که	که	که|که|که|که	N1|N1|NA|C0	حرف ربط|ضمیر پرسشی|اسم|اسم
9	که	که|که|که|که	که	که|که|که|که	N1|N1|NA|C0	حرف ربط|ضمیر پرسشی|اسم|اسم
10	شود	شود|شو	شود	شود|شو+د	N1|O+v1	اسم|فعل مضارع ساده:سوم شخص مفرد
11	ناگه	ناگه|گه	ناگه	ناگه|نا+گه	Ad+O|Ad	قید|نا + قید
12	مشو	مشو	مشو	م+شو	O	N1
13	غره	غره|غر	غره	غره|غر+ه	O+N1|N1	اسم|اسم + ه
14	به	به|به	به	به|به	N1|Pr	حرف اضافه|اسم
15	امروزت	امروز	امروزت	امروز+ت	O+N1	اسم + ضمیر ملکی دوم شخص مفرد
16	که	که|که|که|که	که	که|که|که|که	N1|N1|NA|C0	حرف ربط|ضمیر پرسشی|اسم|اسم
17	از	از	از	از	Pr	حرف اضافه
18	فردا	فردا	فردا	فردا	Ad	قید
19	نه‌ای	نه|نه	نه‌ای	نه+ای|نه+ای	O+N1|O+V1	بن مضارع + ای|اسم + ای
20	آگه	آگه	آگه	آگه	A0	صفت
21	.	.	.	.	Si	علامت نگارشی

0	تو	تو|تو|تو	تو	تو|تو|تو	N1|Ad|N5	ضمیر فاعلی|قید|اسم
1	خود	خود|خود	خود	خود|خود	N1|N8	ضمیر مشترک/متقابل|اسم
2	ناگه	ناگه|گه	ناگه	ناگه|نا+گه	Ad+O|Ad	قید|نا + قید
3	وصالم	وصال|وصال	وصالم	وصال+م|وصال+م	O+N1|O+N1	اسم + ضمیر ملکی اول شخص مفرد|اسم + فعل اول شخص مفرد
4	داده‌ایی	داد	داده‌ایی	داد+ها+یی	O+Pl+N1	اسم + علامت جمع + یی
5	بر	بر|بر|بر|بر	بر	بر|بر|بر|بر	N1|VPr|V6|Pr	حرف اضافه|فعل امر مثبت|پیشوند فعل|اسم
6	درگه	درگه	درگه	درگه	N1	اسم
7	فضلت	فضل	فضلت	فضل+ت	O+N1	اسم + ضمیر ملکی دوم شخص مفرد
8	که	که|که|که|که	که	که|که|که|که	N1|N1|NA|C0	حرف ربط|ضمیر پرسشی|اسم|اسم
9	گه‌گه	گه گه	گه‌گه	گه+گه	O	N1
10	دل	دل	دل	دل	N1	اسم
11	کجا	کجا	کجا	کجا	NA	ضمیر پرسشی
12	آگه	آگه	آگه	آگه	A0	صفت
13	شود	شود|شو	شود	شود|شو+د	N1|O+v1	اسم|فعل مضارع ساده:سوم شخص مفرد
14	از	از	از	از	Pr	حرف اضافه
15	در	در|در|در|در|در	در	در|در|در|در|در	VPr|N1|N1|V6|Pr	حرف اضافه|فعل امر مثبت|اسم|اسم|پیشوند فعل
16	گهت	گه	گهت	گه+ت	O+N1	اسم + ضمیر ملکی دوم شخص مفرد
17	هرگه	هرگه	هرگه	هرگه	Ad	قید
18	.	.	.	.	Si	علامت نگارشی

0	صدیقه	صدیقه|صدیق	صدیقه	صدیقه|صدیق+ه	O+A0|N3	اسم خاص اشخاص|صفت + ه
1	صدیقه	صدیقه|صدیق	صدیقه	صدیقه|صدیق+ه	O+A0|N3	اسم خاص اشخاص|صفت + ه
2	دوخت	دوخت	دوخت	دوخت	|v2	فعل ماضی ساده:سوم شخص مفرد
3	.	.	.	.	Si	علامت نگارشی

0	آنقدر	آن‌قدر	آنقدر	آن‌قدر	Ad	قید
1	بست‌نشست	بست نشست	بست‌نشست	بست+نشست	O	N1
2	تا	تا|تا|تا	تا	تا|تا|تا	Ab|C0|Pr	حرف اضافه|حرف ربط|اختصارات
3	آب	اب	آب	اب	N1	اسم
4	را	را	را	را	Po	حرف اضافه پسین
5	بست	بست|بست|بست	بست	بست|بست|بست	N2|N1|v2	اسم|فعل ماضی ساده:سوم شخص مفرد|اسم خاص مکان
6	.	.	.	.	Si	علامت نگارشی

0	دوش	دوش|دوش	دوش	دوش|دوش	N1|V6	فعل امر مثبت|اسم
1	دوشش	دوش|دوش	دوشش	دوش+ش|دوش+ش	O+N1|O+v1	فعل مضارع ساده:سوم شخص مفرد|اسم + ضمیر ملکی سوم شخص مفرد
2	را	را	را	را	Po	حرف اضافه پسین
3	بست	بست|بست|بست	بست	بست|بست|بست	N2|N1|v2	اسم|فعل ماضی ساده:سوم شخص مفرد|اسم خاص مکان
4	و	و|و|و	و	و|و|و	Ab|Al|C0	حرف ربط|حروف الفبا|اختصارات
5	بردوشش	برد|برد|بر|رد	بردوشش	برد+وش+ش|برد+وش+ش|بر+د+وش+ش|ب+رد+وش+ش	O+O+A0+O|O+O+O+V1|O+O+N1|O	فعل ماضی ساده|اسم + وش + ضمیر ملکی سوم شخص مفرد|بن مضارع + د + وش + ضمیر ملکی سوم شخص مفرد|ب + صفت + وش + ضمیر ملکی سوم شخص مفرد
6	گذاشت	گذاشت	گذاشت	گذاشت	|v2	فعل ماضی ساده:سوم شخص مفرد
7	و	و|و|و	و	و|و|و	Ab|Al|C0	حرف ربط|حروف الفبا|اختصارات
8	گاو	گاو	گاو	گاو	N1	اسم
9	را	را	را	را	Po	حرف اضافه پسین
10	دوشید	دوشید|دوش|دوش	دوشید	دوشید|دوش+ید|دوش+ید	O+N1|v2|O+v1	فعل ماضی ساده:سوم شخص مفرد|فعل مضارع ساده:دوم شخص جمع|اسم + فعل دوم شخص جمع
11	.	.	.	.	Si	علامت نگارشی

0	مه	مه|مه	مه	مه|مه	N1|N1	اسم|اسم
1	مه	مه|مه	مه	مه|مه	N1|N1	اسم|اسم
2	را	را	را	را	Po	حرف اضافه پسین
3	مهار	مهار	مهار	مهار	N1	اسم
4	کرد	کرد|کرد	کرد	کرد|کرد	N1|v2	فعل ماضی ساده:سوم شخص مفرد|اسم
5	.	.	.	.	Si	علامت نگارشی

0	ما	ما	ما	ما	N5	ضمیر فاعلی
1	زیاد	زیاد	زیاد	زیاد	A0	صفت
2	ز	ز|ز	ز	ز|ز	Al|Ab	اختصارات|حروف الفبا
3	زیاد	زیاد	زیاد	زیاد	A0	صفت
4	می‌رویم	رو	می‌رویم	می+رو+یم	|O+v1+O	فعل حال اخباری:اول شخص جمع
5	.	.	.	.	Si	علامت نگارشی

0	پرسید	پرسید|پرس|پرس	پرسید	پرسید|پرس+ید|پرس+ید	O+N1|v2|O+v1	فعل ماضی ساده:سوم شخص مفرد|فعل مضارع ساده:دوم شخص جمع|اسم + فعل دوم شخص جمع
1	برای	برای|برا|بر	برای	برای|برا+ی|بر+ا+ی	Y+O+v1|Y+A0|Pr	حرف اضافه|صفت + ی|ریشه مضارع + ا + ی
2	شام	شام	شام	شام	N1	اسم
3	چه	چه|چه|چه	چه	چه|چه|چه	A0|C0|NA	ضمیر پرسشی|حرف ربط|صفت
4	شامی	شامی|شام	شامی	شامی|شام+ی	Y+N1|N1	اسم|اسم + ی
5	داریم	دار|دار|دار	داریم	دار+یم|دار+ی+م|دار+یم	O+N1|O+v1|O+v1	فعل مضارع ساده:اول شخص جمع|فعل مضارع ساده:دوم شخص مفرد|اسم + فعل اول شخص جمع
6	گفتم	گفت|گفت|گفت	گفتم	گفت+م|گفت+م|گفت+م	O+N1|O+N1|O+v2	فعل ماضی ساده:اول شخص مفرد|اسم + ضمیر ملکی اول شخص مفرد|اسم + فعل اول شخص مفرد
7	شامی	شامی|شام	شامی	شامی|شام+ی	Y+N1|N1	اسم|اسم + ی
8	.	.	.	.	Si	علامت نگارشی

0	با	با	با	با	Pr	حرف اضافه
1	صدای	صدا	صدای	صدا+ی	Y+N1	اسم + ی
2	بلند	بلند|بلند|بلند|لند|بل	بلند	بلند|بلند|بلند|ب+لند|بل+ند	O+N1|V6|N1|N1|A0	صفت|اسم|اسم|فعل امر مثبت|اسم + فعل سوم شخص جمع
3	آواز	آواز	آواز	آواز	N1	اسم
4	سرداد	سر داد	سرداد	سر داد	|v2	فعل ماضی ساده:سوم شخص مفرد
5	که	که|که|که|که	که	که|که|که|که	N1|N1|NA|C0	حرف ربط|ضمیر پرسشی|اسم|اسم
6	هوای	هوا	هوای	هوا+ی	Y+N1	اسم + ی
7	سرد	سرد|سر	سرد	سرد|سر+د	A0|O+v1	صفت|فعل مضارع ساده:سوم شخص مفرد
8	سردرد	سردرد|سر|سر	سردرد	سردرد|سر+درد|سر+درد	O+N1|O+N1|N1	اسم|اسم + درد|اسم + درد
9	می‌آورد	آورد|آور	می‌آورد	می+آورد|می+آور+د	|v2+O|O+v1+O	فعل ماضی استمراری:سوم شخص مفرد|فعل حال اخباری:سوم شخص مفرد
10	.	.	.	.	Si	علامت نگارشی

0	سبک	سبک|سبک|سب	سبک	سبک|سبک|سب+ک	O+N1|A0|N1	اسم|صفت|اسم + ک
1	سبکی	سبکی|سبکی|سبک|سبک|سب	سبکی	سبکی|سبکی|سبک+ی|سبک+ی|سب+ک+ی	Y+O+N1|Y+A0|Y+N1|N1|A0	صفت|اسم|اسم + ی|صفت + ی|اسم + ک + ی
2	را	را	را	را	Po	حرف اضافه پسین
3	برای	برای|برا|بر	برای	برای|برا+ی|بر+ا+ی	Y+O+v1|Y+A0|Pr	حرف اضافه|صفت + ی|ریشه مضارع + ا + ی
4	نوشتن	نوشت|نوش	نوشتن	نوشت+ن|نوش+ت+ن	Neg+O+V1|Neg+V2	بن ماضی + ن|بن مضارع + ضمیر ملکی دوم شخص مفرد + ن
5	دارد	دار|دار	دارد	دار+د|دار+د	O+V5|O+v1	فعل مضارع ساده:سوم شخص مفرد|فعل کمکی + د
6	.	.	.	.	Si	علامت نگارشی

0	شعر	شعر	شعر	شعر	N1	اسم
1	را	را	را	را	Po	حرف اضافه پسین
2	از	از	از	از	Pr	حرف اضافه
3	برخواند	برخواند	برخواند	بر+خواند	O	N1
4	.	.	.	.	Si	علامت نگارشی

0	به	به|به	به	به|به	N1|Pr	حرف اضافه|اسم
1	را	را	را	را	Po	حرف اضافه پسین
2	خورد	خورد|خورد|خور	خورد	خورد|خورد|خور+د	N1|v2|O+v1	فعل ماضی ساده:سوم شخص مفرد|اسم|فعل مضارع ساده:سوم شخص مفرد
3	و	و|و|و	و	و|و|و	Ab|Al|C0	حرف ربط|حروف الفبا|اختصارات
4	گفت	گفت|گفت	گفت	گفت|گفت	N1|v2	فعل ماضی ساده:سوم شخص مفرد|اسم
5	به‌به	به‌به|به	به‌به	به‌به|به+به	N1+O|Intj	صوت|به + اسم
6	به	به|به	به	به|به	N1|Pr	حرف اضافه|اسم
7	این	این|این	این	این|این	N6|A1	صفت اشاره|ضمیر اشاره
8	به	به|به	به	به|به	N1|Pr	حرف اضافه|اسم
9	!	!	!	!	Si	علامت نگارشی

0	درست	درست|درس	درست	درست|درس+ت	O+N1|A0	صفت|اسم + ضمیر ملکی دوم شخص مفرد
1	درست	درست|درس	درست	درست|درس+ت	O+N1|A0	صفت|اسم + ضمیر ملکی دوم شخص مفرد
2	را	را	را	را	Po	حرف اضافه پسین
3	بخوان	خوان|خوان|خو	بخوان	ب+خوان|ب+خوان|ب+خو+ان	O+N1+O|N1+O|V6	فعل امر مثبت|ب + اسم|ب + اسم + ان
4	.	.	.	.	Si	علامت نگارشی

0	چوب	چوب	چوب	چوب	N1	اسم
1	خط‌خطی	خط‌خطی	خط‌خطی	خط‌خطی	A0	صفت
2	پر	پر|پر|پر	پر	پر|پر|پر	N1|A0|V6	فعل امر مثبت|صفت|اسم
3	از	از	از	از	Pr	حرف اضافه
4	چوب‌خط	چوبخط	چوب‌خط	چوبخط	N1	اسم
5	بود	بود|بود|بود|بو|ود	بود	بود|بود|بود|بو+د|ب+ود	N1+O|N1|v2|v2|O+v1	فعل ماضی ساده:سوم شخص مفرد|اسم|فعل ماضی ساده:سوم شخص مفرد|فعل مضارع ساده:سوم شخص مفرد|ب + اسم
6	.	.	.	.	Si	علامت نگارشی

0	چهارپایان	چهارپایان|چهارپای|چهارپا	چهارپایان	چهارپایان|چهارپای+ان|چهارپا+ی+ان	O+A0|O+A0|N1	اسم|صفت + ان|صفت + ان
1	پایان	پایان|پای|پا|پا	پایان	پایان|پای+ان|پا+ی+ان|پا+ی+ان	O+N1|O+V1|O+N1|N1	اسم|اسم + ان|بن مضارع + ان|اسم + ان
2	راه	راه|راه	راه	راه|راه	N9|N1	اسم|اسم موجود در ساختمان حرف اضافه و حرف ربط گروهی
3	را	را	را	را	Po	حرف اضافه پسین
4	پاییدند	پایید	پاییدند	پایید+ند	|O+v2	فعل ماضی ساده:سوم شخص جمع
5	.	.	.	.	Si	علامت نگارشی

0	یک	یک	یک	یک	No	عدد حرفی
1	فرد	فرد	فرد	فرد	N1	اسم
2	با	با	با	با	Pr	حرف اضافه
3	لباس	لباس	لباس	لباس	N1	اسم
4	راه‌راه	راه‌راه	راه‌راه	راه‌راه	A0	صفت
5	راه‌بندان	راه‌بندان	راه‌بندان	راه‌بندان	N1	اسم
6	به راه انداخته	به راه انداخت	به راه انداخته	به راه انداخت+ه	O+v2	ریشه ماضی + ه
7	بود	بود|بود|بود|بو|ود	بود	بود|بود|بود|بو+د|ب+ود	N1+O|N1|v2|v2|O+v1	فعل ماضی ساده:سوم شخص مفرد|اسم|فعل ماضی ساده:سوم شخص مفرد|فعل مضارع ساده:سوم شخص مفرد|ب + اسم
8	.	.	.	.	Si	علامت نگارشی

0	نم‌نمک	نم‌نمک	نم‌نمک	نم‌نمک	Ad	قید
1	نمک	نمک|مک|نم	نمک	نمک|ن+مک|نم+ک	O+N1|V6|N1	اسم|فعل امر منفی|اسم + ک
2	را	را	را	را	Po	حرف اضافه پسین
3	به	به|به	به	به|به	N1|Pr	حرف اضافه|اسم
4	غذا	غذا	غذا	غذا	N1	اسم
5	اضافه	اضافه|اضاف	اضافه	اضافه|اضاف+ه	O+N1|A0	صفت|اسم + ه
6	کن	کن|کن|کن	کن	کن|کن|کن	N2|V6|V6	فعل امر مثبت|فعل امر مثبت|اسم خاص مکان
7	.	.	.	.	Si	علامت نگارشی

0	چون	چون|چون	چون	چون|چون	Pr|C0	حرف ربط|حرف اضافه
1	هوا	هوا	هوا	هوا	N1	اسم
2	تاریک	تاریک|تاری	تاریک	تاریک|تاری+ک	O+N1|A0	صفت|اسم + ک
3	است	است|اس	است	است|اس+ت	O+N1|O+v1	فعل مضارع ساده:سوم شخص مفرد|اسم + ضمیر ملکی دوم شخص مفرد
4	در	در|در|در|در|در	در	در|در|در|در|در	VPr|N1|N1|V6|Pr	حرف اضافه|فعل امر مثبت|اسم|اسم|پیشوند فعل
5	بامداد	بامداد	بامداد	بامداد	N1	اسم
6	با	با	با	با	Pr	حرف اضافه
7	مداد	مداد	مداد	مداد	N1	اسم
8	بنویس	نویس	بنویس	ب+نویس	V6	فعل امر مثبت
9	تا	تا|تا|تا	تا	تا|تا|تا	Ab|C0|Pr	حرف اضافه|حرف ربط|اختصارات
10	بتوانی	بتوان|توان|توان|تو	بتوانی	بتوان+ی|ب+توان+ی|ب+توان+ی|ب+تو+ان+ی	Y+O+N1+O|Y+N1+O|O+v1|O+v1+O	فعل مضارع ساده:دوم شخص مفرد|فعل حال التزامی:دوم شخص مفرد|ب + اسم + ی|ب + اسم + ان + ی
11	با	با	با	با	Pr	حرف اضافه
12	پاک‌کن	پاک‌کن	پاک‌کن	پاک‌کن	N1	اسم
13	آن	ان	آن	ان	Ab	اختصارات
14	را	را	را	را	Po	حرف اضافه پسین
15	پاک	پاک|پا	پاک	پاک|پا+ک	O+N1|A0	صفت|اسم + ک
16	کنی	کن|کن	کنی	کن+ی|کن+ی	|O+v1|O+v1	فعل مضارع ساده:دوم شخص مفرد|فعل مضارع ساده:دوم شخص مفرد
17	.	.	.	.	Si	علامت نگارشی

0	از	از	از	از	Pr	حرف اضافه
1	بس	بس	بس	بس	A0	صفت
2	به	به|به	به	به|به	N1|Pr	حرف اضافه|اسم
3	من	من	من	من	N5	ضمیر فاعلی
4	گفت	گفت|گفت	گفت	گفت|گفت	N1|v2	فعل ماضی ساده:سوم شخص مفرد|اسم
5	نترس	نترس|ترس	نترس	نترس|ن+ترس	V6|A0	صفت|فعل امر منفی
6	!	!	!	!	Si	علامت نگارشی
7	تا	تا|تا|تا	تا	تا|تا|تا	Ab|C0|Pr	حرف اضافه|حرف ربط|اختصارات
8	من	من	من	من	N5	ضمیر فاعلی
9	نترس	نترس|ترس	نترس	نترس|ن+ترس	V6|A0	صفت|فعل امر منفی
10	به	به|به	به	به|به	N1|Pr	حرف اضافه|اسم
11	بار	بار|بار	بار	بار|بار	N1|V6	فعل امر مثبت|اسم
12	آمدم	امد|امد	آمدم	امد+م|امد+م	O+N1|O+N1	اسم + ضمیر ملکی اول شخص مفرد|اسم + فعل اول شخص مفرد
13	.	.	.	.	Si	علامت نگارشی

0	حس	حس	حس	حس	N1	اسم
1	کردم	کرد|کرد|کرد	کردم	کرد+م|کرد+م|کرد+م	O+N1|O+N1|O+v2	فعل ماضی ساده:اول شخص مفرد|اسم + ضمیر ملکی اول شخص مفرد|اسم + فعل اول شخص مفرد
2	دستم	دست|دست	دستم	دست+م|دست+م	O+N1|O+N1	اسم + ضمیر ملکی اول شخص مفرد|اسم + فعل اول شخص مفرد
3	بی‌حس	بی‌حس	بی‌حس	بی‌حس	A0	صفت
4	شده	شد	شده	شد+ه	O+V3	فعل اسنادی + ه
5	است	است|اس	است	است|اس+ت	O+N1|O+v1	فعل مضارع ساده:سوم شخص مفرد|اسم + ضمیر ملکی دوم شخص مفرد
6	.	.	.	.	Si	علامت نگارشی

0	گزیده	گزیده|گزید|گزید	گزیده	گزیده|گزید+ه|گزید+ه	O+v2|O+v2|A0	صفت|ریشه ماضی + ه|ریشه ماضی + ه
1	حرفش	حرف|حرف	حرفش	حرف+ش|حرف+ش	O+N1|O+N1	اسم + ضمیر ملکی سوم شخص مفرد|اسم + ضمیر ملکی سوم شخص مفرد
2	این	این|این	این	این|این	N6|A1	صفت اشاره|ضمیر اشاره
3	بود	بود|بود|بود|بو|ود	بود	بود|بود|بود|بو+د|ب+ود	N1+O|N1|v2|v2|O+v1	فعل ماضی ساده:سوم شخص مفرد|اسم|فعل ماضی ساده:سوم شخص مفرد|فعل مضارع ساده:سوم شخص مفرد|ب + اسم
4	که	که|که|که|که	که	که|که|که|که	N1|N1|NA|C0	حرف ربط|ضمیر پرسشی|اسم|اسم
5	ما	ما	ما	ما	N5	ضمیر فاعلی
6	را	را	را	را	Po	حرف اضافه پسین
7	مار	مار	مار	مار	N1	اسم
8	گزیده	گزیده|گزید|گزید	گزیده	گزیده|گزید+ه|گزید+ه	O+v2|O+v2|A0	صفت|ریشه ماضی + ه|ریشه ماضی + ه
9	است	است|اس	است	است|اس+ت	O+N1|O+v1	فعل مضارع ساده:سوم شخص مفرد|اسم + ضمیر ملکی دوم شخص مفرد
10	.	.	.	.	Si	علامت نگارشی

0	با	با	با	با	Pr	حرف اضافه
1	گویش	گویش|گوی|گو	گویش	گویش|گوی+ش|گو+ی+ش	O+N1|N1|O+v1	اسم|اسم + ضمیر ملکی سوم شخص مفرد|فعل مضارع ساده:دوم شخص مفرد
2	خاصی	خاص	خاصی	خاص+ی	Y+A0	صفت + ی
3	گفت	گفت|گفت	گفت	گفت|گفت	N1|v2	فعل ماضی ساده:سوم شخص مفرد|اسم
4	گویش	گویش|گوی|گو	گویش	گویش|گوی+ش|گو+ی+ش	O+N1|N1|O+v1	اسم|اسم + ضمیر ملکی سوم شخص مفرد|فعل مضارع ساده:دوم شخص مفرد
5	را	را	را	را	Po	حرف اضافه پسین
6	بردار	بردار|بردار|برد	بردار	بردار|بردار|برد+ار	O+v2|N1|V6	فعل امر مثبت|اسم|ریشه ماضی + ار
7	.	.	.	.	Si	علامت نگارشی

0	باآن‌که	باآن که	باآن‌که	با+آن‌+که	O	N1
1	اتاق	اتاق	اتاق	اتاق	N1	اسم
2	سوت‌وکور	سوت‌وکور	سوت‌وکور	سوت‌وکور	A0	صفت
3	بود	بود|بود|بود|بو|ود	بود	بود|بود|بود|بو+د|ب+ود	N1+O|N1|v2|v2|O+v1	فعل ماضی ساده:سوم شخص مفرد|اسم|فعل ماضی ساده:سوم شخص مفرد|فعل مضارع ساده:سوم شخص مفرد|ب + اسم
4	باز	باز|باز|باز|باز|باز	باز	باز|باز|باز|باز|باز	VPr|N1|Ad|A0|V6	فعل امر مثبت|صفت|قید|اسم|پیشوند فعل
5	هم	هم|هم|هم	هم	هم|هم|هم	N8|C0|Ad	قید|حرف ربط|ضمیر مشترک/متقابل
6	صدایی	صدایی|صدا	صدایی	صدایی|صدا+یی	O+N1|A0	صفت|اسم + یی
7	شنیده	شنیده|شنید	شنیده	شنیده|شنید+ه	O+v2|N1	اسم|ریشه ماضی + ه
8	نمی‌شد	شد	نمی‌شد	نمی+شد	|v2+O+Neg	فعل ماضی استمراری منفی:سوم شخص مفرد
9	.	.	.	.	Si	علامت نگارشی

0	قدم‌قدم	قدم قدم	قدم‌قدم	قدم+قدم	O	N1
1	جلو	جلو	جلو	جلو	A0	صفت
2	رفتم	رفت|رفت	رفتم	رفت+م|رفت+م	|O+v2|O+v2	فعل ماضی ساده:اول شخص مفرد|فعل ماضی ساده:اول شخص مفرد
3	و	و|و|و	و	و|و|و	Ab|Al|C0	حرف ربط|حروف الفبا|اختصارات
4	قدم	قدم|قدم|قد|قد|قد|قد	قدم	قدم|قدم|قد+م|قد+م|قد+م|قد+م	O+A0|O+A0|O+N1|O+N1|N1|N1	اسم|اسم|اسم + ضمیر ملکی اول شخص مفرد|اسم + فعل اول شخص مفرد|صفت + ضمیر ملکی اول شخص مفرد|صفت + فعل اول شخص مفرد
5	را	را	را	را	Po	حرف اضافه پسین
6	خم	خم|خم|خم	خم	خم|خم|خم	N1|A0|V6	فعل امر مثبت|صفت|اسم
7	کردم	کرد|کرد|کرد	کردم	کرد+م|کرد+م|کرد+م	O+N1|O+N1|O+v2	فعل ماضی ساده:اول شخص مفرد|اسم + ضمیر ملکی اول شخص مفرد|اسم + فعل اول شخص مفرد
8	.	.	.	.	Si	علامت نگارشی

0	سر	سر|سر|سر|سر	سر	سر|سر|سر|سر	N9|N1|N1|V6	فعل امر مثبت|اسم|اسم|اسم موجود در ساختمان حرف اضافه و حرف ربط گروهی
1	و	و|و|و	و	و|و|و	Ab|Al|C0	حرف ربط|حروف الفبا|اختصارات
2	صورتش	صورت	صورتش	صورت+ش	O+N1	اسم + ضمیر ملکی سوم شخص مفرد
3	را	را	را	را	Po	حرف اضافه پسین
4	سایه	سایه	سایه	سایه	N1	اسم
5	انداخته‌بود	انداخت	انداخته‌بود	انداخت+ه+بود	|O+O+v2	فعل ماضی بعید:سوم شخص مفرد
6	.	.	.	.	Si	علامت نگارشی

0	یک	یک	یک	یک	No	عدد حرفی
1	ماهی	ماهی|ماه	ماهی	ماهی|ماه+ی	Y+N1|N1	اسم|اسم + ی
2	ماهی	ماهی|ماه	ماهی	ماهی|ماه+ی	Y+N1|N1	اسم|اسم + ی
3	چندین	چندین	چندین	چندین	A0	صفت
4	لیتر	لیتر	لیتر	لیتر	N1	اسم
5	آب	اب	آب	اب	N1	اسم
6	می‌خورد	خورد|خور	می‌خورد	می+خورد|می+خور+د	|v2+O|O+v1+O	فعل ماضی استمراری:سوم شخص مفرد|فعل حال اخباری:سوم شخص مفرد
7	.	.	.	.	Si	علامت نگارشی

0	سراسیمه	سراسیمه	سراسیمه	سراسیمه	A0	صفت
1	گفت	گفت|گفت	گفت	گفت|گفت	N1|v2	فعل ماضی ساده:سوم شخص مفرد|اسم
2	کی‌برد	کی‌برد	کی‌برد	کی‌برد	N1	اسم
3	را	را	را	را	Po	حرف اضافه پسین
4	کی	کی|کی|کی	کی	کی|کی|کی	Ab|NA|NA	ضمیر پرسشی|ضمیر پرسشی|اختصارات
5	برد	برد|برد|بر|رد	برد	برد|برد|بر+د|ب+رد	A0+O|N1|v2|O+v1	فعل ماضی ساده:سوم شخص مفرد|اسم|فعل مضارع ساده:سوم شخص مفرد|ب + صفت
6	؟	؟	؟	؟	Si	علامت نگارشی

0	به	به|به	به	به|به	N1|Pr	حرف اضافه|اسم
1	پایان	پایان|پای|پا|پا	پایان	پایان|پای+ان|پا+ی+ان|پا+ی+ان	O+N1|O+V1|O+N1|N1	اسم|اسم + ان|بن مضارع + ان|اسم + ان
2	آمد	امد	آمد	امد	N1	اسم
3	این	این|این	این	این|این	N6|A1	صفت اشاره|ضمیر اشاره
4	دفتر	دفتر	دفتر	دفتر	N1	اسم
5	حکایت	حکایت	حکایت	حکایت	N1	اسم
6	همچنان	همچنان|چنان	همچنان	همچنان|هم+چنان	A0+O|Ad	قید|هم + صفت
7	باقیست	باقی	باقیست	باقی+ست	O+N1	اسم + ضمیر ملکی سوم شخص مفرد
8	.	.	.	.	Si	علامت نگارشی

0	هرچه	هرچه	هرچه	هرچه	Ad	قید
1	درسر	درسر	درسر	درسر	Pr1	حرف اضافه گروهی
2	داشت	داشت|داشت|داشت|داش	داشت	داشت|داشت|داشت|داش+ت	O+N1|V5|N1|v2	فعل ماضی ساده:سوم شخص مفرد|اسم|فعل کمکی|اسم + ضمیر ملکی دوم شخص مفرد
3	را	را	را	را	Po	حرف اضافه پسین
4	به‌کارگرفت	به کارگرفت	به‌کارگرفت	به‌+کار+گرفت	O	N1
5	.	.	.	.	Si	علامت نگارشی

0	مادر	مادر	مادر	مادر	N1	اسم
1	بی	بی|بی	بی	بی|بی	Ab|Pr	حرف اضافه|اختصارات
2	تو	تو|تو|تو	تو	تو|تو|تو	N1|Ad|N5	ضمیر فاعلی|قید|اسم
3	ما	ما	ما	ما	N5	ضمیر فاعلی
4	درمانده‌ایم	درمانده|درماند|درماند|درمان	درمانده‌ایم	درمانده+ایم|درماند+ه+ایم|درماند+ه+ای+م|درمان+د+ه+ایم	O+O+O+V1|O+A0|O+O+v2|O+O+v2	صفت + فعل اول شخص جمع|فعل ماضی نقلی:اول شخص جمع|فعل ماضی نقلی:دوم شخص مفرد|بن مضارع + د + ه + فعل اول شخص جمع
5	.	.	.	.	Si	علامت نگارشی

0	با	با	با	با	Pr	حرف اضافه
1	هرکه	هرکه	هرکه	هرکه	Ad	قید
2	گشتم	گشت|گشت|گشت|گشت	گشتم	گشت+م|گشت+م|گشت+م|گشت+م	O+N1|O+N1|O+v2|O+v2	فعل ماضی ساده:اول شخص مفرد|فعل ماضی ساده:اول شخص مفرد|اسم + ضمیر ملکی اول شخص مفرد|اسم + فعل اول شخص مفرد
3	دیوانه	دیوانه|دیوان	دیوانه	دیوانه|دیوان+ه	O+N1|A0	صفت|اسم + ه
4	گشتم	گشت|گشت|گشت|گشت	گشتم	گشت+م|گشت+م|گشت+م|گشت+م	O+N1|O+N1|O+v2|O+v2	فعل ماضی ساده:اول شخص مفرد|فعل ماضی ساده:اول شخص مفرد|اسم + ضمیر ملکی اول شخص مفرد|اسم + فعل اول شخص مفرد
5	.	.	.	.	Si	علامت نگارشی

0	حالا	حالا	حالا	حالا	Ad	قید
1	که	که|که|که|که	که	که|که|که|که	N1|N1|NA|C0	حرف ربط|ضمیر پرسشی|اسم|اسم
2	خوب	خوب	خوب	خوب	A0	صفت
3	فکر	فکر	فکر	فکر	N1	اسم
4	می‌کنم	کن|کن	می‌کنم	می+کن+م|می+کن+م	|O+v1+O|O+v1+O	فعل حال اخباری:اول شخص مفرد|فعل حال اخباری:اول شخص مفرد
5	او	او|او	او	او|او	Ab|N5	ضمیر فاعلی|اختصارات
6	پربیراه	پربیراه	پربیراه	پربیراه	A0	صفت
7	نمی‌گفت	گفت	نمی‌گفت	نمی+گفت	|v2+O+Neg	فعل ماضی استمراری منفی:سوم شخص مفرد
8	.	.	.	.	Si	علامت نگارشی

0	با	با	با	با	Pr	حرف اضافه
1	تکان	تکان|تکان|تک|تک|تک	تکان	تکان|تکان|تک+ان|تک+ان|تک+ان	O+N1|O+N1|O+A0|N1|V6	فعل امر مثبت|اسم|صفت + ان|اسم + ان|اسم + ان
2	دادن	داد	دادن	داد+ن	Neg+V2	بن ماضی + ن
3	لب	لب|لب	لب	لب|لب	N1|N1	اسم|اسم
4	لب‌کلام	لب کلام	لب‌کلام	لب+کلام	O	N1
5	را	را	را	را	Po	حرف اضافه پسین
6	گفت	گفت|گفت	گفت	گفت|گفت	N1|v2	فعل ماضی ساده:سوم شخص مفرد|اسم
7	.	.	.	.	Si	علامت نگارشی

0	او	او|او	او	او|او	Ab|N5	ضمیر فاعلی|اختصارات
1	را	را	را	را	Po	حرف اضافه پسین
2	ضمیر	ضمیر	ضمیر	ضمیر	N1	اسم
3	ناخوآگاهش	ناخوآگاهش	ناخوآگاهش	نا+خو+آگاه+ش	O	N1
4	آگاهش	آگاهش	آگاهش	آگاه+ش	O	N1
5	کرد	کرد|کرد	کرد	کرد|کرد	N1|v2	فعل ماضی ساده:سوم شخص مفرد|اسم
6	.	.	.	.	Si	علامت نگارشی

0	او	او|او	او	او|او	Ab|N5	ضمیر فاعلی|اختصارات
1	خود	خود|خود	خود	خود|خود	N1|N8	ضمیر مشترک/متقابل|اسم
2	کار	کار|کار	کار	کار|کار	V6|N1	اسم|فعل امر مثبت
3	خودکار	خودکار	خودکار	خودکار	A0	صفت
4	خودکارش	خودکار	خودکارش	خودکار+ش	O+A0	صفت + ضمیر ملکی سوم شخص مفرد
5	را	را	را	را	Po	حرف اضافه پسین
6	انجام	انجام|انجام	انجام	انجام|انجام	V6|N1	اسم|فعل امر مثبت
7	می‌داد	داد	می‌داد	می+داد	|v2+O	فعل ماضی استمراری:سوم شخص مفرد
8	.	.	.	.	Si	علامت نگارشی

0	دزد	دزد|دزد	دزد	دزد|دزد	A0|V6	فعل امر مثبت|صفت
1	به	به|به	به	به|به	N1|Pr	حرف اضافه|اسم
2	قصد	قصد	قصد	قصد	N1	اسم
3	دست‌برد	دستبرد	دست‌برد	دستبرد	N1	اسم
4	به	به|به	به	به|به	N1|Pr	حرف اضافه|اسم
5	سمت	سمت|سم|سم	سمت	سمت|سم+ت|سم+ت	O+N1|O+N1|N1	اسم|اسم + ضمیر ملکی دوم شخص مفرد|اسم + ضمیر ملکی دوم شخص مفرد
6	کیف	کیف|کیف	کیف	کیف|کیف	N1|N1	اسم|اسم
7	دست‌	دست|دست	دست‌	دست|دست	N9|N1	اسم|اسم موجود در ساختمان حرف اضافه و حرف ربط گروهی
8	‌برد	برد|برد|بر|رد	‌برد	برد|برد|بر+د|ب+رد	A0+O|N1|v2|O+v1	فعل ماضی ساده:سوم شخص مفرد|اسم|فعل مضارع ساده:سوم شخص مفرد|ب + صفت
9	.	.	.	.	Si	علامت نگارشی

0	روش	روش	روش	روش	N1	اسم
1	و	و|و|و	و	و|و|و	Ab|Al|C0	حرف ربط|حروف الفبا|اختصارات
2	سنت	سنت|سنت|سن|سن	سنت	سنت|سنت|سن+ت|سن+ت	O+N1|O+N1|N1|N1	اسم|اسم|اسم + ضمیر ملکی دوم شخص مفرد|اسم + ضمیر ملکی دوم شخص مفرد
3	اینجا	اینجا	اینجا	اینجا	N1	اسم
4	اینگونه	اینگونه	اینگونه	اینگونه	Ad	قید
5	است	است|اس	است	است|اس+ت	O+N1|O+v1	فعل مضارع ساده:سوم شخص مفرد|اسم + ضمیر ملکی دوم شخص مفرد
6	که	که|که|که|که	که	که|که|که|که	N1|N1|NA|C0	حرف ربط|ضمیر پرسشی|اسم|اسم
7	باید	باید	باید	باید	V4	فعل وجه نما
8	سنت	سنت|سنت|سن|سن	سنت	سنت|سنت|سن+ت|سن+ت	O+N1|O+N1|N1|N1	اسم|اسم|اسم + ضمیر ملکی دوم شخص مفرد|اسم + ضمیر ملکی دوم شخص مفرد
9	را	را	را	را	Po	حرف اضافه پسین
10	بگویی	گو	بگویی	ب+گو+یی	|O+v1+O	فعل حال التزامی:دوم شخص مفرد
11	.	.	.	.	Si	علامت نگارشی

0	شاهی	شاهی|شاه|شا	شاهی	شاهی|شاه+ی|شا+ه+ی	Y+O+V1|Y+N1|A0	صفت|اسم + ی|بن مضارع + ه + ی
1	را	را	را	را	Po	حرف اضافه پسین
2	دیدم	دید|دید|دید	دیدم	دید+م|دید+م|دید+م	O+N1|O+N1|O+v2	فعل ماضی ساده:اول شخص مفرد|اسم + ضمیر ملکی اول شخص مفرد|اسم + فعل اول شخص مفرد
3	که	که|که|که|که	که	که|که|که|که	N1|N1|NA|C0	حرف ربط|ضمیر پرسشی|اسم|اسم
4	حتی	حتی	حتی	حتی	Ad	قید
5	یک	یک	یک	یک	No	عدد حرفی
6	شاهی	شاهی|شاه|شا	شاهی	شاهی|شاه+ی|شا+ه+ی	Y+O+V1|Y+N1|A0	صفت|اسم + ی|بن مضارع + ه + ی
7	را	را	را	را	Po	حرف اضافه پسین
8	هم	هم|هم|هم	هم	هم|هم|هم	N8|C0|Ad	قید|حرف ربط|ضمیر مشترک/متقابل
9	هدیه	هدیه	هدیه	هدیه	N1	اسم
10	نمی‌داد	داد	نمی‌داد	نمی+داد	|v2+O+Neg	فعل ماضی استمراری منفی:سوم شخص مفرد
11	.	.	.	.	Si	علامت نگارشی

0	راهم	راه|راه	راهم	راه+م|راه+م	O+N1|O+N1	اسم + ضمیر ملکی اول شخص مفرد|اسم + فعل اول شخص مفرد
1	را	را	را	را	Po	حرف اضافه پسین
2	هم	هم|هم|هم	هم	هم|هم|هم	N8|C0|Ad	قید|حرف ربط|ضمیر مشترک/متقابل
3	بستند	بست|بست|ست	بستند	بست+ند|بست+ند|ب+ست+ند	O+N1+O|O+N1|O+v2	اسم + فعل سوم شخص جمع|فعل ماضی ساده:سوم شخص جمع|ب + اسم + فعل سوم شخص جمع
4	.	.	.	.	Si	علامت نگارشی

0	تشکر	تشکر	تشکر	تشکر	N1	اسم
1	زبانی	زبانی|زبان	زبانی	زبانی|زبان+ی	Y+N1|A0	صفت|اسم + ی
2	ز	ز|ز	ز	ز|ز	Al|Ab	اختصارات|حروف الفبا
3	بانی	بانی	بانی	بانی	N1	اسم
4	این	این|این	این	این|این	N6|A1	صفت اشاره|ضمیر اشاره
5	مجلس	مجلس	مجلس	مجلس	N1	اسم
6	کافی	کافی|کاف	کافی	کافی|کاف+ی	Y+N1|A0	صفت|اسم + ی
7	نیست	نیست|است|نی	نیست	نیست|نی+است|نی+ست	O+N1|N1|O+v1+Neg	اسم|فعل مضارع ساده منفی:سوم شخص مفرد|اسم + ضمیر ملکی سوم شخص مفرد
8	.	.	.	.	Si	علامت نگارشی

0	نقاش	نقاش	نقاش	نقاش	N1	اسم
1	بعد	بعد|بعد|بعد	بعد	بعد|بعد|بعد	N9|N1|A0	صفت|اسم|اسم موجود در ساختمان حرف اضافه و حرف ربط گروهی
2	از	از	از	از	Pr	حرف اضافه
3	اینکه	اینکه	اینکه	اینکه	Ad	قید
4	یک	یک	یک	یک	No	عدد حرفی
5	دست	دست|دست	دست	دست|دست	N9|N1	اسم|اسم موجود در ساختمان حرف اضافه و حرف ربط گروهی
6	کشید	کشید|کش|کش	کشید	کشید|کش+ید|کش+ید	O+N1|v2|O+v1	فعل ماضی ساده:سوم شخص مفرد|فعل مضارع ساده:دوم شخص جمع|اسم + فعل دوم شخص جمع
7	از	از	از	از	Pr	حرف اضافه
8	کارش	کار|کار	کارش	کار+ش|کار+ش	O+N1|O+v1	اسم + ضمیر ملکی سوم شخص مفرد|فعل مضارع ساده:سوم شخص مفرد
9	دست	دست|دست	دست	دست|دست	N9|N1	اسم|اسم موجود در ساختمان حرف اضافه و حرف ربط گروهی
10	کشید	کشید|کش|کش	کشید	کشید|کش+ید|کش+ید	O+N1|v2|O+v1	فعل ماضی ساده:سوم شخص مفرد|فعل مضارع ساده:دوم شخص جمع|اسم + فعل دوم شخص جمع
11	.	.	.	.	Si	علامت نگارشی

0	معلم	معلم|معلم	معلم	معلم|معلم	N4|N1	اسم|اسم فامیل
1	در	در|در|در|در|در	در	در|در|در|در|در	VPr|N1|N1|V6|Pr	حرف اضافه|فعل امر مثبت|اسم|اسم|پیشوند فعل
2	کلاس	کلاس	کلاس	کلاس	N1	اسم
3	زیست	زیست|زیست	زیست	زیست|زیست	N1|v2	فعل ماضی ساده:سوم شخص مفرد|اسم
4	بی‌هوا	بی‌هوا	بی‌هوا	بی‌هوا	Ad	قید
5	گفت	گفت|گفت	گفت	گفت|گفت	N1|v2	فعل ماضی ساده:سوم شخص مفرد|اسم
6	بی‌	بی|بی	بی‌	بی|بی	Ab|Pr	حرف اضافه|اختصارات
7	هوا	هوا	هوا	هوا	N1	اسم
8	نمی‌توان	توان	نمی‌توان	نمی+توان	V4+O	نمی + فعل وجه نما
9	زیست	زیست|زیست	زیست	زیست|زیست	N1|v2	فعل ماضی ساده:سوم شخص مفرد|اسم
10	.	.	.	.	Si	علامت نگارشی

0	تحقیقات	تحقیق	تحقیق	تحقیق+ات	Pl+N1	اسم + علامت جمع
1	سری	سری|سری|سر|سر|سر	سری	سری|سری|سر+ی|سر+ی|سر+ی	Y+N1|Y+N1|A0|N1|O+v1	اسم|صفت|فعل مضارع ساده:دوم شخص مفرد|اسم + ی|اسم + ی
2	خاطرنشان‌	خاطرنشان	خاطرنشان‌	خاطرنشان	A0	صفت
3	کرده‌اند‌	کرده|کرد|کرد	کرده‌اند‌	کرده+اند|کرد+ه+اند|کرد+ه+اند	O+O+N1|O+N1|O+O+v2	اسم + فعل سوم شخص جمع|فعل ماضی نقلی:سوم شخص جمع|اسم + ه + فعل سوم شخص جمع
4	که	که|که|که|که	که	که|که|که|که	N1|N1|NA|C0	حرف ربط|ضمیر پرسشی|اسم|اسم
5	موهای	مو	مو	مو+ها+ی	Y+Pl+N1	اسم + علامت جمع + ی
6	کمند	کمند|کم|کم	کمند	کمند|کم+ند|کم+ند	O+N1|O+A0|N1	اسم|صفت + فعل سوم شخص جمع|اسم + فعل سوم شخص جمع
7	کمند	کمند|کم|کم	کمند	کمند|کم+ند|کم+ند	O+N1|O+A0|N1	اسم|صفت + فعل سوم شخص جمع|اسم + فعل سوم شخص جمع
8	.	.	.	.	Si	علامت نگارشی

0	مار	مار	مار	مار	N1	اسم
1	سمی	سمی|سم|سم	سمی	سمی|سم+ی|سم+ی	Y+N1|Y+N1|A0	صفت|اسم + ی|اسم + ی
2	سمش	سم|سم	سمش	سم+ش|سم+ش	O+N1|O+N1	اسم + ضمیر ملکی سوم شخص مفرد|اسم + ضمیر ملکی سوم شخص مفرد
3	سمی	سمی|سم|سم	سمی	سمی|سم+ی|سم+ی	Y+N1|Y+N1|A0	صفت|اسم + ی|اسم + ی
4	کشنده‌است	کش	کشنده‌است	کش+نده+است	O+O+V1	بن مضارع + نده + است
5	.	.	.	.	Si	علامت نگارشی

0	گوسفند	گوسفند	گوسفند	گوسفند	N1	اسم
1	سمش	سم|سم	سمش	سم+ش|سم+ش	O+N1|O+N1	اسم + ضمیر ملکی سوم شخص مفرد|اسم + ضمیر ملکی سوم شخص مفرد
2	را	را	را	را	Po	حرف اضافه پسین
3	به	به|به	به	به|به	N1|Pr	حرف اضافه|اسم
4	زمین	زمین|زم	زمین	زمین|زم+ین	O+N1|N1	اسم|اسم + ین
5	کوبید	کوبید|کوب|کوب	کوبید	کوبید|کوب+ید|کوب+ید	O+N1|v2|O+v1	فعل ماضی ساده:سوم شخص مفرد|فعل مضارع ساده:دوم شخص جمع|اسم + فعل دوم شخص جمع
6	.	.	.	.	Si	علامت نگارشی

0	باد	باد	باد	باد	N1	اسم
1	ابرها	ابر|ابر	ابر	ابر+ها|ابر+ها	Pl+N1|Pl+N1	اسم + علامت جمع|اسم + علامت جمع
2	را	را	را	را	Po	حرف اضافه پسین
3	پراکنده	پراکنده|پراکند|پراکن	پراکنده	پراکنده|پراکند+ه|پراکن+د+ه	O+O+V1|O+v2|A0	صفت|ریشه ماضی + ه|بن مضارع + د + ه
4	ساخت	ساخت|ساخت	ساخت	ساخت|ساخت	N1|v2	فعل ماضی ساده:سوم شخص مفرد|اسم
5	.	.	.	.	Si	علامت نگارشی

0	ابر	ابر|ابر	ابر	ابر|ابر	N1|N1	اسم|اسم
1	ابری	ابری|ابر|ابر	ابری	ابری|ابر+ی|ابر+ی	Y+N1|Y+N1|A0	صفت|اسم + ی|اسم + ی
2	در	در|در|در|در|در	در	در|در|در|در|در	VPr|N1|N1|V6|Pr	حرف اضافه|فعل امر مثبت|اسم|اسم|پیشوند فعل
3	آسمان	اس	آسمان	اس+مان	O+N1	اسم + ضمیر ملکی اول شخص جمع
4	سایه	سایه	سایه	سایه	N1	اسم
5	گسترانید	گسترانید|گستران|گس	گسترانید	گسترانید|گستران+ید|گس+تر+ان+ید	O+O+O+A0|v2|O+v1	فعل ماضی ساده:سوم شخص مفرد|فعل مضارع ساده:دوم شخص جمع|صفت + علامت صفت تفضیلی + ان + فعل دوم شخص جمع
6	.	.	.	.	Si	علامت نگارشی

0	با	با	با	با	Pr	حرف اضافه
1	بارش	بارش|بار|بار	بارش	بارش|بار+ش|بار+ش	O+N1|N1|O+v1	اسم|فعل مضارع ساده:سوم شخص مفرد|اسم + ضمیر ملکی سوم شخص مفرد
2	باران	باران|باران|بار	باران	باران|باران|بار+ان	O+N1|N1|V6	فعل امر مثبت|اسم|اسم + ان
3	او	او|او	او	او|او	Ab|N5	ضمیر فاعلی|اختصارات
4	هم	هم|هم|هم	هم	هم|هم|هم	N8|C0|Ad	قید|حرف ربط|ضمیر مشترک/متقابل
5	کمابیش	کمابیش|کمابی|کماب	کمابیش	کمابیش|کمابی+ش|کماب+ی+ش	O+Y+A0|O+N1|Ad	قید|اسم + ضمیر ملکی سوم شخص مفرد|صفت + ی + ضمیر ملکی سوم شخص مفرد
6	تر	تر	تر	تر	A0	صفت
7	شد	شد	شد	شد	|v2	فعل ماضی ساده:سوم شخص مفرد
8	.	.	.	.	Si	علامت نگارشی

0	در	در|در|در|در|در	در	در|در|در|در|در	VPr|N1|N1|V6|Pr	حرف اضافه|فعل امر مثبت|اسم|اسم|پیشوند فعل
1	انتهای	انتها	انتهای	انتها+ی	Y+N1	اسم + ی
2	مسابقه	مسابقه	مسابقه	مسابقه	N1	اسم
3	مهره	مهره|مهر|مهر|مهر	مهره	مهره|مهر+ه|مهر+ه|مهر+ه	O+N1|O+N1|O+N1|N1	اسم|اسم + ه|اسم + ه|اسم + ه
4	آس‌مان	اس	آس‌مان	اس+مان	O+N1	اسم + ضمیر ملکی اول شخص جمع
5	را	را	را	را	Po	حرف اضافه پسین
6	روکردیم	روکردیم	روکردیم	رو+کرد+ی+م	O	N1
7	.	.	.	.	Si	علامت نگارشی

0	او	او|او	او	او|او	Ab|N5	ضمیر فاعلی|اختصارات
1	خود	خود|خود	خود	خود|خود	N1|N8	ضمیر مشترک/متقابل|اسم
2	را	را	را	را	Po	حرف اضافه پسین
3	سیر	سیر|سیر	سیر	سیر|سیر	N1|A0	صفت|اسم
4	کرد	کرد|کرد	کرد	کرد|کرد	N1|v2	فعل ماضی ساده:سوم شخص مفرد|اسم
5	و	و|و|و	و	و|و|و	Ab|Al|C0	حرف ربط|حروف الفبا|اختصارات
6	در	در|در|در|در|در	در	در|در|در|در|در	VPr|N1|N1|V6|Pr	حرف اضافه|فعل امر مثبت|اسم|اسم|پیشوند فعل
7	اطراف	اطراف|اطراف	اطراف	اطراف|اطراف	N9|N1	اسم|اسم موجود در ساختمان حرف اضافه و حرف ربط گروهی
8	سیرکرد	سیرکرد	سیرکرد	سیر+کرد	O	N1
9	.	.	.	.	Si	علامت نگارشی

0	ادب	ادب	ادب	ادب	N1	اسم
1	آداب	آداب	آداب	آداب	N1	اسم
2	دارد	دار|دار	دارد	دار+د|دار+د	O+V5|O+v1	فعل مضارع ساده:سوم شخص مفرد|فعل کمکی + د
3	.	.	.	.	Si	علامت نگارشی

0	با	با	با	با	Pr	حرف اضافه
1	دیدن	دید	دیدن	دید+ن	Neg+V2	بن ماضی + ن
2	صحنه	صحنه|صحن	صحنه	صحنه|صحن+ه	O+N1|N1	اسم|اسم + ه
3	دهانش	دهان|ده	دهانش	دهان+ش|ده+ان+ش	O+O+N1|O+N1	اسم + ضمیر ملکی سوم شخص مفرد|اسم + ان + ضمیر ملکی سوم شخص مفرد
4	باز	باز|باز|باز|باز|باز	باز	باز|باز|باز|باز|باز	VPr|N1|Ad|A0|V6	فعل امر مثبت|صفت|قید|اسم|پیشوند فعل
5	ماند	ماند|مان	ماند	ماند|مان+د	|v2|O+v1	فعل ماضی ساده:سوم شخص مفرد|فعل مضارع ساده:سوم شخص مفرد
6	چرا	چرا|چرا|چر	چرا	چرا|چرا|چر+ا	O+v1|N1|NA	ضمیر پرسشی|اسم|ریشه مضارع + ا
7	که	که|که|که|که	که	که|که|که|که	N1|N1|NA|C0	حرف ربط|ضمیر پرسشی|اسم|اسم
8	بز	بز	بز	بز	N1	اسم
9	رگش	رگ	رگش	رگ+ش	O+N1	اسم + ضمیر ملکی سوم شخص مفرد
10	را	را	را	را	Po	حرف اضافه پسین
11	زد	زد|زد|زد	زد	زد|زد|زد	Ab|N1|v2	فعل ماضی ساده:سوم شخص مفرد|اسم|اختصارات
12	.	.	.	.	Si	علامت نگارشی

0	خیزید	خیزید|خیز|خیز	خیزید	خیزید|خیز+ید|خیز+ید	O+N1|v2|O+v1	فعل ماضی ساده:سوم شخص مفرد|فعل مضارع ساده:دوم شخص جمع|اسم + فعل دوم شخص جمع
1	و	و|و|و	و	و|و|و	Ab|Al|C0	حرف ربط|حروف الفبا|اختصارات
2	خز	خز|خز	خز	خز|خز	N1|V6	فعل امر مثبت|اسم
3	آرید	آر	آرید	آر+ید	O+N1	اسم + فعل دوم شخص جمع
4	که	که|که|که|که	که	که|که|که|که	N1|N1|NA|C0	حرف ربط|ضمیر پرسشی|اسم|اسم
5	هنگام	هنگام|هنگام	هنگام	هنگام|هنگام	N9|N1	اسم|اسم موجود در ساختمان حرف اضافه و حرف ربط گروهی
6	خزان	خزان|خز	خزان	خزان|خز+ان	O+N1|Ad	قید|اسم + ان
7	است	است|اس	است	است|اس+ت	O+N1|O+v1	فعل مضارع ساده:سوم شخص مفرد|اسم + ضمیر ملکی دوم شخص مفرد
8	باد	باد	باد	باد	N1	اسم
9	خنک	خنک	خنک	خنک	A0	صفت
10	از	از	از	از	Pr	حرف اضافه
11	جانب	جانب|جانب	جانب	جانب|جانب	N9|N1	اسم|اسم موجود در ساختمان حرف اضافه و حرف ربط گروهی
12	خوارزم	خوارزم	خوارزم	خوارزم	N2	اسم خاص مکان
13	وزان	وزان	وزان	وزان	Ad	قید
14	است	است|اس	است	است|اس+ت	O+N1|O+v1	فعل مضارع ساده:سوم شخص مفرد|اسم + ضمیر ملکی دوم شخص مفرد
15	.	.	.	.	Si	علامت نگارشی

0	نیایش	نیایش|نیا|آی	نیایش	نیایش|نیا+ی+ش|نی+آی+ی+ش	O+N1|N1|O+v1+Neg	اسم|اسم + ضمیر ملکی سوم شخص مفرد|فعل حال التزامی منفی:دوم شخص مفرد
1	به	به|به	به	به|به	N1|Pr	حرف اضافه|اسم
2	همراه	همراه|راه	همراه	همراه|هم+راه	N1+O|A0	صفت|هم + اسم
3	نیایش	نیایش|نیا|آی	نیایش	نیایش|نیا+ی+ش|نی+آی+ی+ش	O+N1|N1|O+v1+Neg	اسم|اسم + ضمیر ملکی سوم شخص مفرد|فعل حال التزامی منفی:دوم شخص مفرد
4	در	در|در|در|در|در	در	در|در|در|در|در	VPr|N1|N1|V6|Pr	حرف اضافه|فعل امر مثبت|اسم|اسم|پیشوند فعل
5	مراسم	مراسم	مراسم	مراسم	N1	اسم
6	شرکت	شرکت|شرک|شر|شر	شرکت	شرکت|شرک+ت|شر+ک+ت|شر+ک+ت	O+O+N1|O+O+A0|O+N1|N1	اسم|اسم + ضمیر ملکی دوم شخص مفرد|صفت + ک + ضمیر ملکی دوم شخص مفرد|اسم + ک + ضمیر ملکی دوم شخص مفرد
7	کرد	کرد|کرد	کرد	کرد|کرد	N1|v2	فعل ماضی ساده:سوم شخص مفرد|اسم
8	.	.	.	.	Si	علامت نگارشی

0	آرایشگر	آرایشگر|آرایش|آرای	آرایشگر	آرایشگر|آرایش+گر|آرای+ش+گر	O+O+N1|O+N1|N1	اسم|اسم + گر|اسم + ضمیر ملکی سوم شخص مفرد + گر
1	گفت	گفت|گفت	گفت	گفت|گفت	N1|v2	فعل ماضی ساده:سوم شخص مفرد|اسم
2	تنها	تنها|تن|تن	تنها	تنها|تن+ها|تن+ها	Pl+N1|Pl+N1|A0	صفت|اسم + علامت جمع|اسم + علامت جمع
3	فرق	فرقه|فرق	فرق	فرقه|فرق	N1|O	اسم مفرد جمع مکسر|اسم
4	سر	سر|سر|سر|سر	سر	سر|سر|سر|سر	N9|N1|N1|V6	فعل امر مثبت|اسم|اسم|اسم موجود در ساختمان حرف اضافه و حرف ربط گروهی
5	او	او|او	او	او|او	Ab|N5	ضمیر فاعلی|اختصارات
6	با	با	با	با	Pr	حرف اضافه
7	من	من	من	من	N5	ضمیر فاعلی
8	در	در|در|در|در|در	در	در|در|در|در|در	VPr|N1|N1|V6|Pr	حرف اضافه|فعل امر مثبت|اسم|اسم|پیشوند فعل
9	داشتن	داشت	داشتن	داشت+ن	Neg+V2	بن ماضی + ن
10	فرق‌سر	فرق سر	فرق‌سر	فرق+سر	O	N1
11	است	است|اس	است	است|اس+ت	O+N1|O+v1	فعل مضارع ساده:سوم شخص مفرد|اسم + ضمیر ملکی دوم شخص مفرد
12	.	.	.	.	Si	علامت نگارشی

0	کاچی	کاچی|کاچ	کاچی	کاچی|کاچ	N1|N1	اسم|اسم
1	به	به|به	به	به|به	N1|Pr	حرف اضافه|اسم
2	از	از	از	از	Pr	حرف اضافه
3	هیچی	هیچی|هی	هیچی	هیچی|هی+چی	O+Ad|N1	اسم|قید + چی
4	.	.	.	.	Si	علامت نگارشی

0	تاکسی	تاکسی	تاکسی	تاکسی	N1	اسم
1	تاکسی	تاکسی	تاکسی	تاکسی	N1	اسم
2	تاکسی	تاکسی	تاکسی	تاکسی	N1	اسم
3	نخواست	خواست	نخواست	ن+خواست	|v2+Neg	فعل ماضی ساده منفی:سوم شخص مفرد
4	نایست	ایست|نای	نایست	ن+ایست|نای+ست	O+N1|V6	فعل امر منفی|اسم + ضمیر ملکی سوم شخص مفرد
5	.	.	.	.	Si	علامت نگارشی

0	او	او|او	او	او|او	Ab|N5	ضمیر فاعلی|اختصارات
1	بروروی	برورو	بروروی	برورو+ی	Y+N1	اسم + ی
2	زیبایی	زیبایی|زیبا|زیب	زیبایی	زیبایی|زیبا+یی|زیب+ا+یی	O+O+v1|O+A0|N1	اسم|صفت + یی|ریشه مضارع + ا + یی
3	داشت	داشت|داشت|داشت|داش	داشت	داشت|داشت|داشت|داش+ت	O+N1|V5|N1|v2	فعل ماضی ساده:سوم شخص مفرد|اسم|فعل کمکی|اسم + ضمیر ملکی دوم شخص مفرد
4	.	.	.	.	Si	علامت نگارشی

0	و	و|و|و	و	و|و|و	Ab|Al|C0	حرف ربط|حروف الفبا|اختصارات
1	ندا	ندا	ندا	ندا	N1	اسم
2	دم	دم|دم|دم	دم	دم|دم|دم	N1|N1|V6	فعل امر مثبت|اسم|اسم
3	در	در|در|در|در|در	در	در|در|در|در|در	VPr|N1|N1|V6|Pr	حرف اضافه|فعل امر مثبت|اسم|اسم|پیشوند فعل
4	راهی‌بود	راهی بود	راهی‌بود	راه+ی+‌بود	O	N1
5	.	.	.	.	Si	علامت نگارشی

0	لب	لب|لب	لب	لب|لب	N1|N1	اسم|اسم
1	و	و|و|و	و	و|و|و	Ab|Al|C0	حرف ربط|حروف الفبا|اختصارات
2	دهنش	دهن	دهنش	دهن+ش	O+N1	اسم + ضمیر ملکی سوم شخص مفرد
3	را	را	را	را	Po	حرف اضافه پسین
4	سرخ	سرخ	سرخ	سرخ	A0	صفت
5	کرد	کرد|کرد	کرد	کرد|کرد	N1|v2	فعل ماضی ساده:سوم شخص مفرد|اسم
6	.	.	.	.	Si	علامت نگارشی

0	سرما	سرما|سرما	سرما	سرما|سرما	N1|V6	فعل امر مثبت|اسم
1	سرمایی	سرمایی|سرما	سرمایی	سرمایی|سرما+یی	O+N1|A0	صفت|اسم + یی
2	که	که|که|که|که	که	که|که|که|که	N1|N1|NA|C0	حرف ربط|ضمیر پرسشی|اسم|اسم
3	بالای	بالا|بال|لای|لا	بالای	بالا+ی|بال+ا+ی|با+لای|با+لا+ی	Y+A0+O|N1+O|Y+O+v1|Y+A0	صفت + ی|ریشه مضارع + ا + ی|با + اسم|با + صفت + ی
4	سر	سر|سر|سر|سر	سر	سر|سر|سر|سر	N9|N1|N1|V6	فعل امر مثبت|اسم|اسم|اسم موجود در ساختمان حرف اضافه و حرف ربط گروهی
5	ما	ما	ما	ما	N5	ضمیر فاعلی
6	بود	بود|بود|بود|بو|ود	بود	بود|بود|بود|بو+د|ب+ود	N1+O|N1|v2|v2|O+v1	فعل ماضی ساده:سوم شخص مفرد|اسم|فعل ماضی ساده:سوم شخص مفرد|فعل مضارع ساده:سوم شخص مفرد|ب + اسم
7	را	را	را	را	Po	حرف اضافه پسین
8	سرد	سرد|سر	سرد	سرد|سر+د	A0|O+v1	صفت|فعل مضارع ساده:سوم شخص مفرد
9	کرد	کرد|کرد	کرد	کرد|کرد	N1|v2	فعل ماضی ساده:سوم شخص مفرد|اسم
10	.	.	.	.	Si	علامت نگارشی

0	سرما	سرما|سرما	سرما	سرما|سرما	N1|V6	فعل امر مثبت|اسم
1	سر	سر|سر|سر|سر	سر	سر|سر|سر|سر	N9|N1|N1|V6	فعل امر مثبت|اسم|اسم|اسم موجود در ساختمان حرف اضافه و حرف ربط گروهی
2	ما	ما	ما	ما	N5	ضمیر فاعلی
3	را	را	را	را	Po	حرف اضافه پسین
4	سر	سر|سر|سر|سر	سر	سر|سر|سر|سر	N9|N1|N1|V6	فعل امر مثبت|اسم|اسم|اسم موجود در ساختمان حرف اضافه و حرف ربط گروهی
5	کرد	کرد|کرد	کرد	کرد|کرد	N1|v2	فعل ماضی ساده:سوم شخص مفرد|اسم
6	.	.	.	.	Si	علامت نگارشی

0	سردردش	سردرد|سر|سر|سر	سردردش	سردرد+ش|سر+درد+ش|سر+درد+ش|سر+درد+ش	O+O+N1|O+O+N1|O+O+V1|O+N1	اسم + ضمیر ملکی سوم شخص مفرد|بن مضارع + درد + ضمیر ملکی سوم شخص مفرد|اسم + درد + ضمیر ملکی سوم شخص مفرد|اسم + درد + ضمیر ملکی سوم شخص مفرد
1	او	او|او	او	او|او	Ab|N5	ضمیر فاعلی|اختصارات
2	به	به|به	به	به|به	N1|Pr	حرف اضافه|اسم
3	دردسر	دردسر	دردسر	دردسر	N1	اسم
4	انداخت	انداخت	انداخت	انداخت	|v2	فعل ماضی ساده:سوم شخص مفرد
5	.	.	.	.	Si	علامت نگارشی

0	ز	ز|ز	ز	ز|ز	Al|Ab	اختصارات|حروف الفبا
1	هر	هر	هر	هر	A1	صفت اشاره
2	روی	روی|روی|رو|رو	روی	روی|روی|رو+ی|رو+ی	Y+N1|N1|Pr1|O+v1	حرف اضافه گروهی|اسم|اسم + ی|فعل مضارع ساده:دوم شخص مفرد
3	کار	کار|کار	کار	کار|کار	V6|N1	اسم|فعل امر مثبت
4	او	او|او	او	او|او	Ab|N5	ضمیر فاعلی|اختصارات
5	نادرست	نادرست|درست|نادر|درس|در|در	نادرست	نادرست|نا+درست|نادر+ست|نا+درس+ت|نا+در+ست|نا+در+ست	O+N1+O|O+N1+O|O+N1+O|O+A0|A0+O|A0	صفت|نا + صفت|صفت + ضمیر ملکی سوم شخص مفرد|نا + اسم + ضمیر ملکی دوم شخص مفرد|نا + اسم + ضمیر ملکی سوم شخص مفرد|نا + اسم + ضمیر ملکی سوم شخص مفرد
6	بود	بود|بود|بود|بو|ود	بود	بود|بود|بود|بو+د|ب+ود	N1+O|N1|v2|v2|O+v1	فعل ماضی ساده:سوم شخص مفرد|اسم|فعل ماضی ساده:سوم شخص مفرد|فعل مضارع ساده:سوم شخص مفرد|ب + اسم
7	.	.	.	.	Si	علامت نگارشی

0	او	او|او	او	او|او	Ab|N5	ضمیر فاعلی|اختصارات
1	از	از	از	از	Pr	حرف اضافه
2	سر	سر|سر|سر|سر	سر	سر|سر|سر|سر	N9|N1|N1|V6	فعل امر مثبت|اسم|اسم|اسم موجود در ساختمان حرف اضافه و حرف ربط گروهی
3	که	که|که|که|که	که	که|که|که|که	N1|N1|NA|C0	حرف ربط|ضمیر پرسشی|اسم|اسم
4	هیچ	هیچ	هیچ	هیچ	A1	صفت اشاره
5	شانسی	شانسی|شانس	شانسی	شانسی|شانس+ی	Y+N1|Ad	قید|اسم + ی
6	نیاورد	آورد|آور	نیاورد	نی+آورد|نی+آور+د	|v2+Neg|O+v1+Neg	فعل ماضی ساده منفی:سوم شخص مفرد|فعل حال التزامی منفی:سوم شخص مفرد
7	.	.	.	.	Si	علامت نگارشی

0	میزبان	میزبان|میز	میزبان	میزبان|میز+بان	O+N1|N1	اسم|اسم + بان
1	گفت	گفت|گفت	گفت	گفت|گفت	N1|v2	فعل ماضی ساده:سوم شخص مفرد|اسم
2	قدمتان	قدم|قدم	قدمتان	قدم+تان|قدم+تان	O+N1|O+N1	اسم + ضمیر ملکی دوم شخص جمع|اسم + ضمیر ملکی دوم شخص جمع
3	میمون	میمون|میم	میمون	میمون|میم+ون	Pl+N1|N1	اسم|اسم + علامت جمع
4	و	و|و|و	و	و|و|و	Ab|Al|C0	حرف ربط|حروف الفبا|اختصارات
5	مبارک‌پی	مبارک پی	مبارک‌پی	مبارک+‌پی	O	N1
6	است	است|اس	است	است|اس+ت	O+N1|O+v1	فعل مضارع ساده:سوم شخص مفرد|اسم + ضمیر ملکی دوم شخص مفرد
7	.	.	.	.	Si	علامت نگارشی

0	او	او|او	او	او|او	Ab|N5	ضمیر فاعلی|اختصارات
1	لکنت	لکنت	لکنت	لکنت	N1	اسم
2	شدیدی	شدید	شدیدی	شدید+ی	Y+A0	صفت + ی
3	داشت	داشت|داشت|داشت|داش	داشت	داشت|داشت|داشت|داش+ت	O+N1|V5|N1|v2	فعل ماضی ساده:سوم شخص مفرد|اسم|فعل کمکی|اسم + ضمیر ملکی دوم شخص مفرد
4	و	و|و|و	و	و|و|و	Ab|Al|C0	حرف ربط|حروف الفبا|اختصارات
5	همیشه	همیشه	همیشه	همیشه	Ad	قید
6	من‌و‌من	من و من	من‌و‌من	من+و+من	O	N1
7	می‌کرد	کرد	می‌کرد	می+کرد	|v2+O	فعل ماضی استمراری:سوم شخص مفرد
8	و	و|و|و	و	و|و|و	Ab|Al|C0	حرف ربط|حروف الفبا|اختصارات
9	به	به|به	به	به|به	N1|Pr	حرف اضافه|اسم
10	تت‌وپت	تت وپت	تت‌وپت	ت+ت+و+پت	O	N1
11	می‌افتاد	افتاد	می‌افتاد	می+افتاد	|v2+O	فعل ماضی استمراری:سوم شخص مفرد
12	.	.	.	.	Si	علامت نگارشی

0	چونین	چون	چونین	چون+ین	O	N1
1	بود	بود|بود|بود|بو|ود	بود	بود|بود|بود|بو+د|ب+ود	N1+O|N1|v2|v2|O+v1	فعل ماضی ساده:سوم شخص مفرد|اسم|فعل ماضی ساده:سوم شخص مفرد|فعل مضارع ساده:سوم شخص مفرد|ب + اسم
2	که	که|که|که|که	که	که|که|که|که	N1|N1|NA|C0	حرف ربط|ضمیر پرسشی|اسم|اسم
3	دیگر	دیگر|دیگر|دی	دیگر	دیگر|دیگر|دی+گر	O+N1|A2|Ad	قید|صفت مبهم|اسم + گر
4	کسی	کسی|کس	کسی	کسی|کس+ی	Y+N1|A2	صفت مبهم|اسم + ی
5	احترامش	احترام	احترامش	احترام+ش	O+N1	اسم + ضمیر ملکی سوم شخص مفرد
6	نمی‌کرد	کرد	نمی‌کرد	نمی+کرد	|v2+O+Neg	فعل ماضی استمراری منفی:سوم شخص مفرد
7	.	.	.	.	Si	علامت نگارشی

0	او	او|او	او	او|او	Ab|N5	ضمیر فاعلی|اختصارات
1	مشتاق	مشتاق	مشتاق	مشتاق	A0	صفت
2	گفت‌وشنود	گفت‌وشنود	گفت‌وشنود	گفت‌وشنود	N1	اسم
3	بین	بین|بین|بین|ین	بین	بین|بین|بین|ب+ین	N1+O|N9|A0|V6	فعل امر مثبت|صفت|اسم موجود در ساختمان حرف اضافه و حرف ربط گروهی|ب + اسم
4	ما	ما	ما	ما	N5	ضمیر فاعلی
5	بود	بود|بود|بود|بو|ود	بود	بود|بود|بود|بو+د|ب+ود	N1+O|N1|v2|v2|O+v1	فعل ماضی ساده:سوم شخص مفرد|اسم|فعل ماضی ساده:سوم شخص مفرد|فعل مضارع ساده:سوم شخص مفرد|ب + اسم
6	.	.	.	.	Si	علامت نگارشی

0	روان‌شناس	روان‌شناس|روان	روان‌شناس	روان‌شناس|روان+شناس	O+A0|N1	اسم|صفت + شناس
1	علت	علت|علت	علت	علت|علت	N9|N1	اسم|اسم موجود در ساختمان حرف اضافه و حرف ربط گروهی
2	خواب‌گفت‌های	خواب گفت های	خواب‌گفت‌	خواب+گفت+‌های	O	N1
3	شبانه	شبانه|شبان|شب	شبانه	شبانه|شبان+ه|شب+ان+ه	O+O+N1|O+N1|A0	صفت|اسم + ه|اسم + ان + ه
4	او	او|او	او	او|او	Ab|N5	ضمیر فاعلی|اختصارات
5	را	را	را	را	Po	حرف اضافه پسین
6	کشف	کشف|کشف	کشف	کشف|کشف	N1|N1	اسم|اسم
7	کرد	کرد|کرد	کرد	کرد|کرد	N1|v2	فعل ماضی ساده:سوم شخص مفرد|اسم
8	.	.	.	.	Si	علامت نگارشی

0	شعبه	شعبه|شعب	شعبه	شعبه|شعب+ه	O+N1|N1	اسم|اسم + ه
1	باز	باز|باز|باز|باز|باز	باز	باز|باز|باز|باز|باز	VPr|N1|Ad|A0|V6	فعل امر مثبت|صفت|قید|اسم|پیشوند فعل
2	با	با	با	با	Pr	حرف اضافه
3	سیاه‌بازی	سیاه‌بازی|سیاه	سیاه‌بازی	سیاه‌بازی|سیاه+باز+ی	Y+O+A0|N1	اسم|صفت + باز + ی
4	خاصی	خاص	خاصی	خاص+ی	Y+A0	صفت + ی
5	تمام	تمام|تمام	تمام	تمام|تمام	N9|A0	صفت|اسم موجود در ساختمان حرف اضافه و حرف ربط گروهی
6	حاضران	حاضر|حاضر	حاضران	حاضر+ان|حاضر+ان	O+A0|O+N1	اسم + ان|صفت + ان
7	را	را	را	را	Po	حرف اضافه پسین
8	فریب	فریب|فریب	فریب	فریب|فریب	N1|V6	فعل امر مثبت|اسم
9	داد	داد|داد	داد	داد|داد	N1|v2	فعل ماضی ساده:سوم شخص مفرد|اسم
10	.	.	.	.	Si	علامت نگارشی

0	صورتش	صورت	صورتش	صورت+ش	O+N1	اسم + ضمیر ملکی سوم شخص مفرد
1	در	در|در|در|در|در	در	در|در|در|در|در	VPr|N1|N1|V6|Pr	حرف اضافه|فعل امر مثبت|اسم|اسم|پیشوند فعل
2	تاریکی	تاریکی|تاریک|تاری	تاریکی	تاریکی|تاریک+ی|تاری+ک+ی	Y+O+N1|Y+A0|N1	اسم|صفت + ی|اسم + ک + ی
3	سیاه	سیاه|سیا	سیاه	سیاه|سیا+ه	O+N1|A0	صفت|اسم + ه
4	و	و|و|و	و	و|و|و	Ab|Al|C0	حرف ربط|حروف الفبا|اختصارات
5	اغبر	اغبر	اغبر	اغ+بر	O	N1
6	دیده‌می‌شد	دید	دیده‌می‌شد	دید+ه+می+شد	|v3+O+O+v2	فعل مجهول ماضی استمراری:سوم شخص مفرد
7	.	.	.	.	Si	علامت نگارشی

0	آنقدر	آن‌قدر	آنقدر	آن‌قدر	Ad	قید
1	تلاش	تلاش	تلاش	تلاش	N1	اسم
2	کرد	کرد|کرد	کرد	کرد|کرد	N1|v2	فعل ماضی ساده:سوم شخص مفرد|اسم
3	تا	تا|تا|تا	تا	تا|تا|تا	Ab|C0|Pr	حرف اضافه|حرف ربط|اختصارات
4	دوستش	دوست	دوستش	دوست+ش	O+N1	اسم + ضمیر ملکی سوم شخص مفرد
5	ترش‌رویش	ترش‌رو	ترش‌رویش	ترش‌رو+ی+ش	O+Y+A0	صفت + ی + ضمیر ملکی سوم شخص مفرد
6	بالاخره	بالاخره	بالاخره	بالاخره	Ad	قید
7	به‌خنده‌افتاد	به خنده افتاد	به‌خنده‌افتاد	به‌+خ+نده+افتاد	O	N1
8	.	.	.	.	Si	علامت نگارشی

0	من	من	من	من	N5	ضمیر فاعلی
1	چو	چو	چو	چو	N1	اسم
2	لب	لب|لب	لب	لب|لب	N1|N1	اسم|اسم
3	ژاله	ژاله	ژاله	ژاله	N3	اسم خاص اشخاص
4	شدم	شد	شدم	شد+م	|O+v2	فعل ماضی ساده:اول شخص مفرد
5	خنده‌ناک	خنده|خند	خنده‌ناک	خنده+ناک|خند+ه+ناک	O+O+V1|O+N1	اسم + ناک|بن مضارع + ه + ناک
6	،	،	،	،	O	
7	جامه	جامه|جام	جامه	جامه|جام+ه	O+N1|N1	اسم|اسم + ه
8	به	به|به	به	به|به	N1|Pr	حرف اضافه|اسم
9	صد	صد	صد	صد	No	عدد حرفی
10	جای	جای|جا	جای	جای|جا+ی	Y+N1|N1	اسم|اسم + ی
11	چو	چو	چو	چو	N1	اسم
12	گل	گل|گل|گل	گل	گل|گل|گل	N1|N1|N1	اسم|اسم|اسم
13	کرده	کرده|کرد|کرد	کرده	کرده|کرد+ه|کرد+ه	O+N1|O+v2|N1	اسم|ریشه ماضی + ه|اسم + ه
14	چاک	چاک	چاک	چاک	N1	اسم
15	.	.	.	.	Si	علامت نگارشی

0	لشکر	لشکر	لشکر	لشکر	N1	اسم
1	دشمن	دشمن	دشمن	دشمن	A0	صفت
2	ما	ما	ما	ما	N5	ضمیر فاعلی
3	را	را	را	را	Po	حرف اضافه پسین
4	به	به|به	به	به|به	N1|Pr	حرف اضافه|اسم
5	انهزام	انهزام	انهزام	انه+زام	O	N1
6	واداشت	واداشت	واداشت	واداشت	|v2	فعل ماضی ساده:سوم شخص مفرد
7	.	.	.	.	Si	علامت نگارشی

0	از	از	از	از	Pr	حرف اضافه
1	وقتی‌	وقتی|وقت	وقتی‌	وقتی|وقت+ی	Y+N1|Ad	قید|اسم + ی
2	که	که|که|که|که	که	که|که|که|که	N1|N1|NA|C0	حرف ربط|ضمیر پرسشی|اسم|اسم
3	او	او|او	او	او|او	Ab|N5	ضمیر فاعلی|اختصارات
4	را	را	را	را	Po	حرف اضافه پسین
5	دید	دید|دید	دید	دید|دید	N1|v2	فعل ماضی ساده:سوم شخص مفرد|اسم
6	شیدا	شیدا	شیدا	شیدا	A0	صفت
7	شد	شد	شد	شد	|v2	فعل ماضی ساده:سوم شخص مفرد
8	.	.	.	.	Si	علامت نگارشی

0	کسی	کسی|کس	کسی	کسی|کس+ی	Y+N1|A2	صفت مبهم|اسم + ی
1	کاندر	کاندر	کاندر	کاندر	C1	حرف ربط گروهی
2	آب	اب	آب	اب	N1	اسم
3	است	است|اس	است	است|اس+ت	O+N1|O+v1	فعل مضارع ساده:سوم شخص مفرد|اسم + ضمیر ملکی دوم شخص مفرد
4	و	و|و|و	و	و|و|و	Ab|Al|C0	حرف ربط|حروف الفبا|اختصارات
5	آب	اب	آب	اب	N1	اسم
6	آشناست	آشنا	آشناست	آشنا+ست	O	N1
7	از	از	از	از	Pr	حرف اضافه
8	آب‌	اب	آب‌	اب	N1	اسم
9	‌ار	ار	‌ار	ار	O	N1
10	چو	چو	چو	چو	N1	اسم
11	آتش	آتش	آتش	آتش	N1	اسم
12	بترسد	ترس	بترسد	ب+ترس+د	|O+v1+O	فعل حال التزامی:سوم شخص مفرد
13	رواست	روا|رو	رواست	روا+ست|رو+ا+ست	O+O+v1|O+A0	صفت + ضمیر ملکی سوم شخص مفرد|ریشه مضارع + ا + ضمیر ملکی سوم شخص مفرد
14	.	.	.	.	Si	علامت نگارشی

0	آب	اب	آب	اب	N1	اسم
1	دریا	دریا	دریا	دریا	N1	اسم
2	شور	شور|شور	شور	شور|شور	A0|V6	فعل امر مثبت|صفت
3	بود	بود|بود|بود|بو|ود	بود	بود|بود|بود|بو+د|ب+ود	N1+O|N1|v2|v2|O+v1	فعل ماضی ساده:سوم شخص مفرد|اسم|فعل ماضی ساده:سوم شخص مفرد|فعل مضارع ساده:سوم شخص مفرد|ب + اسم
4	و	و|و|و	و	و|و|و	Ab|Al|C0	حرف ربط|حروف الفبا|اختصارات
5	او	او|او	او	او|او	Ab|N5	ضمیر فاعلی|اختصارات
6	ناچار	ناچار|چار	ناچار	ناچار|نا+چار	N1+O|A0	صفت|نا + اسم
7	شد	شد	شد	شد	|v2	فعل ماضی ساده:سوم شخص مفرد
8	آن	ان	آن	ان	Ab	اختصارات
9	را	را	را	را	Po	حرف اضافه پسین
10	بجوشاند	جوشاند|جوشان|جوش|جو	بجوشاند	ب+جوشاند|ب+جوشان+د|ب+جوش+ان+د|ب+جو+شان+د	O+O+V1+O|O+O+V1+O|O+O+O+v2|O+v1+O	فعل ماضی التزامی:سوم شخص مفرد|فعل حال التزامی:سوم شخص مفرد|ب + بن مضارع + ان + د|ب + بن مضارع + ضمیر ملکی سوم شخص جمع + د
11	تا	تا|تا|تا	تا	تا|تا|تا	Ab|C0|Pr	حرف اضافه|حرف ربط|اختصارات
12	آب‌مقطر	آب مقطر	آب‌مقطر	آب‌+م+قطر	O	N1
13	درست	درست|درس	درست	درست|درس+ت	O+N1|A0	صفت|اسم + ضمیر ملکی دوم شخص مفرد
14	کند	کند|کن|کن	کند	کند|کن+د|کن+د	A0|O+v1|O+v1	صفت|فعل مضارع ساده:سوم شخص مفرد|فعل مضارع ساده:سوم شخص مفرد
15	.	.	.	.	Si	علامت نگارشی

0	پدرش	پدر	پدرش	پدر+ش	O+N1	اسم + ضمیر ملکی سوم شخص مفرد
1	برایش	برای|رایش	برایش	برای+ش|ب+رایش	N1+O|O+Pr	حرف اضافه + ضمیر ملکی سوم شخص مفرد|ب + اسم
2	آستین‌بالازد	آستین بالازد	آستین‌بالازد	آس+تین+بالا+زد	O	N1
3	.	.	.	.	Si	علامت نگارشی

0	مراسم	مراسم	مراسم	مراسم	N1	اسم
1	جشن	جشن	جشن	جشن	N1	اسم
2	در	در|در|در|در|در	در	در|در|در|در|در	VPr|N1|N1|V6|Pr	حرف اضافه|فعل امر مثبت|اسم|اسم|پیشوند فعل
3	سالن	سالن	سالن	سالن	N1	اسم
4	آمفی‌تأتر	آمفی تاتر	آمفی‌تأتر	آمف+ی+تأ+تر	O	N1
5	دانشکده	دانشکده|دانش|دان	دانشکده	دانشکده|دانش+کده|دان+ش+کده	O+O+V1|O+N1|N1	اسم|اسم + کده|بن مضارع + ش + کده
6	برگزار	برگزار|برگ	برگزار	برگزار|برگ+زار	O+N1|A0	صفت|اسم + زار
7	شد	شد	شد	شد	|v2	فعل ماضی ساده:سوم شخص مفرد
8	.	.	.	.	Si	علامت نگارشی

0	بالاخانه‌ها	بالاخانه|بالا|بال|بال	بالاخانه‌	بالاخانه+ها|بالا+خانه+ها|بال+ا+خانه+ها|بال+ا+خانه+ها	Pl+O+O+N1|Pl+O+O+v1|Pl+O+A0|Pl+N1	اسم + علامت جمع|صفت + خانه + علامت جمع|ریشه مضارع + ا + خانه + علامت جمع|اسم + ا + خانه + علامت جمع
1	را	را	را	را	Po	حرف اضافه پسین
2	معمولاً	معمولاً	معمولا	معمولاً	Ad	قید
3	برای	برای|برا|بر	برای	برای|برا+ی|بر+ا+ی	Y+O+v1|Y+A0|Pr	حرف اضافه|صفت + ی|ریشه مضارع + ا + ی
4	دراویش	دراویش	دراویش	دراویش	N1	اسم
5	و	و|و|و	و	و|و|و	Ab|Al|C0	حرف ربط|حروف الفبا|اختصارات
6	پیرمرادها	پیرمراد	پیرمراد	پیر+مراد+ها	O	N1
7	و	و|و|و	و	و|و|و	Ab|Al|C0	حرف ربط|حروف الفبا|اختصارات
8	بصورت	صورت|صور	بصورت	ب+صورت|ب+صور+ت	O+N1+O|N1+O	ب + اسم|ب + اسم + ضمیر ملکی دوم شخص مفرد
9	نذر	نذر	نذر	نذر	N1	اسم
10	جهت	جهت|جهت|جه|جه	جهت	جهت|جهت|جه+ت|جه+ت	O+N1|N9|N1|O+v1	اسم|اسم موجود در ساختمان حرف اضافه و حرف ربط گروهی|فعل مضارع ساده:سوم شخص مفرد|اسم + ضمیر ملکی دوم شخص مفرد
11	فقرا	فقرا	فقرا	فقرا	N1	اسم
12	و	و|و|و	و	و|و|و	Ab|Al|C0	حرف ربط|حروف الفبا|اختصارات
13	مانند	مانند|مانند|مان|مان	مانند	مانند|مانند|مان+ند|مان+ند	O+N1|N9|N1|O+v1	اسم|اسم موجود در ساختمان حرف اضافه و حرف ربط گروهی|فعل مضارع ساده:سوم شخص جمع|اسم + فعل سوم شخص جمع
14	آن	ان	آن	ان	Ab	اختصارات
15	می‌ساختند	ساخت	می‌ساختند	می+ساخت+ند	|O+v2+O	فعل ماضی استمراری:سوم شخص جمع
16	.	.	.	.	Si	علامت نگارشی

0	علت	علت|علت	علت	علت|علت	N9|N1	اسم|اسم موجود در ساختمان حرف اضافه و حرف ربط گروهی
1	این	این|این	این	این|این	N6|A1	صفت اشاره|ضمیر اشاره
2	همه	همه|همه	همه	همه|همه	A2|N1	اسم|صفت مبهم
3	پابه‌پا	پابه‌پا	پابه‌پا	پابه‌پا	N1	اسم
4	کردنش	کرد	کردنش	کرد+ن+ش	O+Neg+V2	بن ماضی + ن + مضاف الیه سوم شخص مفرد
5	را	را	را	را	Po	حرف اضافه پسین
6	نفهمیدم	فهمید|فهم	نفهمیدم	ن+فهمید+م|ن+فهم+ید+م	|O+v2+Neg|O+v1+Neg	فعل ماضی ساده منفی:اول شخص مفرد|فعل حال التزامی منفی:دوم شخص جمع
7	.	.	.	.	Si	علامت نگارشی

0	او	او|او	او	او|او	Ab|N5	ضمیر فاعلی|اختصارات
1	ما	ما	ما	ما	N5	ضمیر فاعلی
2	را	را	را	را	Po	حرف اضافه پسین
3	پادرهوا	پادرهوا	پادرهوا	پادرهوا	A0	صفت
4	رها	رها|رها|ره	ر	رها|رها|ره+ا	O+v1|A0|V6	فعل امر مثبت|صفت|ریشه مضارع + ا
5	کرد	کرد|کرد	کرد	کرد|کرد	N1|v2	فعل ماضی ساده:سوم شخص مفرد|اسم
6	و	و|و|و	و	و|و|و	Ab|Al|C0	حرف ربط|حروف الفبا|اختصارات
7	رفت	رفت|رفت|رف	رفت	رفت|رفت|رف+ت	O+N1|v2|v2	فعل ماضی ساده:سوم شخص مفرد|فعل ماضی ساده:سوم شخص مفرد|اسم + ضمیر ملکی دوم شخص مفرد
8	.	.	.	.	Si	علامت نگارشی

0	ماجراجویی	ماجراجویی|ماجراجو|ماجرا	ماجراجویی	ماجراجویی|ماجراجو+یی|ماجرا+جو+یی	O+O+N1|O+A0|N1	اسم|صفت + یی|اسم + جو + یی
1	و	و|و|و	و	و|و|و	Ab|Al|C0	حرف ربط|حروف الفبا|اختصارات
2	پرشروشور	پرشروشور	پرشروشور	پرشروشور	A0	صفت
3	بودن	بود|بود|بو	بودن	بود+ن|بود+ن|بو+د+ن	Neg+O+V1|Neg+V3|Neg+V2	بن ماضی + ن|فعل اسنادی + ن|بن مضارع + د + ن
4	کوری	کوری|کور|کور	کوری	کوری|کور+ی|کور+ی	Y+N1|Y+N1|N1	اسم|اسم + ی|اسم + ی
5	مقابل	مقابل|مقابل	مقابل	مقابل|مقابل	N9|A0	صفت|اسم موجود در ساختمان حرف اضافه و حرف ربط گروهی
6	آرامش	آرامش|آرام	آرامش	آرامش|آرام+ش	O+A0|N1	اسم|صفت + ضمیر ملکی سوم شخص مفرد
7	و	و|و|و	و	و|و|و	Ab|Al|C0	حرف ربط|حروف الفبا|اختصارات
8	خونسردی	خون‌سردی|خون‌سرد	خونسردی	خون‌سردی|خون‌سرد+ی	Y+A0|N1	اسم|صفت + ی
9	پل	پل	پل	پل	N1	اسم
10	(	(	(	(	O	
11	که	که|که|که|که	که	که|که|که|که	N1|N1|NA|C0	حرف ربط|ضمیر پرسشی|اسم|اسم
12	وکیل	وکیل	وکیل	وکیل	N1	اسم
13	دعاوی	دعاوی	دعاوی	دعاوی	N1	اسم
14	تازه‌کار	تازه‌کار	تازه‌کار	تازه‌کار	A0	صفت
15	است	است|اس	است	است|اس+ت	O+N1|O+v1	فعل مضارع ساده:سوم شخص مفرد|اسم + ضمیر ملکی دوم شخص مفرد
16	)	)	)	)	O	
17	،	،	،	،	O	
18	به‌	به|به	به‌	به|به	N1|Pr	حرف اضافه|اسم
19	همراه	همراه|راه	همراه	همراه|هم+راه	N1+O|A0	صفت|هم + اسم
20	شرایط	شرط	شرایط	شرط	O	اسم مفرد جمع مکسر
21	نامساعد	نامساعد|مساعد	نامساعد	نامساعد|نا+مساعد	A0+O|A0	صفت|نا + صفت
22	خانه	خانه|خان	خانه	خانه|خان+ه	O+N1|N1	اسم|اسم + ه
23	،	،	،	،	O	
24	همسایه‌های	همسایه|سایه	همسایه‌	همسایه+ها+ی|هم+سایه+ها+ی	Y+Pl+N1+O|Y+Pl+N1	اسم + علامت جمع + ی|هم + اسم + علامت جمع + ی
25	عجیب‌وغریب	عجیب‌وغریب	عجیب‌وغریب	عجیب‌وغریب	A0	صفت
26	و	و|و|و	و	و|و|و	Ab|Al|C0	حرف ربط|حروف الفبا|اختصارات
27	به‌خصوص	به‌خصوص|خصوص	به‌خصوص	به‌خصوص|به+خصوص	N1+O|Ad	قید|به + اسم
28	،	،	،	،	O	
29	به	به|به	به	به|به	N1|Pr	حرف اضافه|اسم
30	دعوایی	دعوایی|دعوا	دعوایی	دعوایی|دعوا+یی	O+N1|A0	صفت|اسم + یی
31	سخت	سخت|سخت	سخت	سخت|سخت	A0|V6	فعل امر مثبت|صفت
32	و	و|و|و	و	و|و|و	Ab|Al|C0	حرف ربط|حروف الفبا|اختصارات
33	رفتن	رفت|رفت	رفتن	رفت+ن|رفت+ن	Neg+V2|Neg+V2	بن ماضی + ن|بن ماضی + ن
34	شوهر	شوهر	شوهر	شوهر	N1	اسم
35	از	از	از	از	Pr	حرف اضافه
36	خانه	خانه|خان	خانه	خانه|خان+ه	O+N1|N1	اسم|اسم + ه
37	منجر	منجر	منجر	منجر	A0	صفت
38	می‌شود	شو	می‌شود	می+شو+د	|O+v1+O	فعل حال اخباری:سوم شخص مفرد
39	.	.	.	.	Si	علامت نگارشی

0	پنجه‌بوکس	پنجه‌بوکس	پنجه‌بوکس	پنجه‌بوکس	N1	اسم
1	یکی	یکی|یک	یکی	یکی|یک+ی	Y+No|A2	صفت مبهم|عدد حرفی + ی
2	از	از	از	از	Pr	حرف اضافه
3	انواع	نوع	انواع	نوع	O	اسم مفرد جمع مکسر
4	سلاح‌های	سلاح	سلاح‌	سلاح+ها+ی	Y+Pl+N1	اسم + علامت جمع + ی
5	سرد	سرد|سر	سرد	سرد|سر+د	A0|O+v1	صفت|فعل مضارع ساده:سوم شخص مفرد
6	است	است|اس	است	است|اس+ت	O+N1|O+v1	فعل مضارع ساده:سوم شخص مفرد|اسم + ضمیر ملکی دوم شخص مفرد
7	که	که|که|که|که	که	که|که|که|که	N1|N1|NA|C0	حرف ربط|ضمیر پرسشی|اسم|اسم
8	از	از	از	از	Pr	حرف اضافه
9	آن	ان	آن	ان	Ab	اختصارات
10	در	در|در|در|در|در	در	در|در|در|در|در	VPr|N1|N1|V6|Pr	حرف اضافه|فعل امر مثبت|اسم|اسم|پیشوند فعل
11	نزاع‌های	نزاع	نزاع‌	نزاع+ها+ی	Y+Pl+N1	اسم + علامت جمع + ی
12	خیابانی	خیابانی|خیابان	خیابانی	خیابانی|خیابان+ی	Y+N1|A0	صفت|اسم + ی
13	استفاده	استفاده	استفاده	استفاده	N1	اسم
14	می‌کنند	کن|کن	می‌کنند	می+کن+ند|می+کن+ند	|O+v1+O|O+v1+O	فعل حال اخباری:سوم شخص جمع|فعل حال اخباری:سوم شخص جمع
15	.	.	.	.	Si	علامت نگارشی

0	تب‌زرد	تب زرد	تب‌زرد	تب زرد	N1	اسم
1	نوعی	نوعی|نوع	نوعی	نوعی|نوع+ی	Y+N1|A0	صفت|اسم + ی
2	بیماری	بیماری|بیمار|مار	بیماری	بیماری|بیمار+ی|بی+مار+ی	Y+N1+O|Y+A0|N1	اسم|صفت + ی|بی + اسم + ی
3	تب‌زا	تب‌زا	تب‌زا	تب‌زا	A0	صفت
4	ست	ست	ست	ست	N1	اسم
5	که	که|که|که|که	که	که|که|که|که	N1|N1|NA|C0	حرف ربط|ضمیر پرسشی|اسم|اسم
6	در	در|در|در|در|در	در	در|در|در|در|در	VPr|N1|N1|V6|Pr	حرف اضافه|فعل امر مثبت|اسم|اسم|پیشوند فعل
7	معده	معده	معده	معده	N1	اسم
8	و	و|و|و	و	و|و|و	Ab|Al|C0	حرف ربط|حروف الفبا|اختصارات
9	امعا	امعاء	امعا	امعاء	N1	اسم
10	تولید	تولید	تولید	تولید	N1	اسم
11	عفونت	عفونت	عفونت	عفونت	N1	اسم
12	می‌کند	کن|کن|می|می	می‌کند	می+کن+د|می+کن+د|می+ک+ند|می+ک+ند	O+O+N1|O+O+N1|O+v1+O|O+v1+O	فعل حال اخباری:سوم شخص مفرد|فعل حال اخباری:سوم شخص مفرد|اسم + ک + فعل سوم شخص جمع|اسم + ک + فعل سوم شخص جمع
13	و	و|و|و	و	و|و|و	Ab|Al|C0	حرف ربط|حروف الفبا|اختصارات
14	بر	بر|بر|بر|بر	بر	بر|بر|بر|بر	N1|VPr|V6|Pr	حرف اضافه|فعل امر مثبت|پیشوند فعل|اسم
15	اثر	اثر|اثر	اثر	اثر|اثر	N9|N1	اسم|اسم موجود در ساختمان حرف اضافه و حرف ربط گروهی
16	گزیدگی	گزیدگی|گزیده|گزید|گزید	گزیدگی	گزیدگی|گزیده+گی|گزید+ه+گی|گزید+ه+گی	O+O+v2|O+O+v2|O+A0|N1	اسم|صفت + گی|ریشه ماضی + ه + گی|ریشه ماضی + ه + گی
17	یک	یک	یک	یک	No	عدد حرفی
18	نوع	نوع	نوع	نوع	N1	اسم
19	پشه	پشه|پش	پشه	پشه|پش+ه	O+N1|N1	اسم|اسم + ه
20	در	در|در|در|در|در	در	در|در|در|در|در	VPr|N1|N1|V6|Pr	حرف اضافه|فعل امر مثبت|اسم|اسم|پیشوند فعل
21	انسان	انسان	انسان	انسان	N1	اسم
22	حادث	حادث	حادث	حادث	A0	صفت
23	می‌شود	شو	می‌شود	می+شو+د	|O+v1+O	فعل حال اخباری:سوم شخص مفرد
24	.	.	.	.	Si	علامت نگارشی

0	چگونه	چگونه	چگونه	چگونه	Ad	قید
1	است	است|اس	است	است|اس+ت	O+N1|O+v1	فعل مضارع ساده:سوم شخص مفرد|اسم + ضمیر ملکی دوم شخص مفرد
2	که	که|که|که|که	که	که|که|که|که	N1|N1|NA|C0	حرف ربط|ضمیر پرسشی|اسم|اسم
3	کار	کار|کار	کار	کار|کار	V6|N1	اسم|فعل امر مثبت
4	خود	خود|خود	خود	خود|خود	N1|N8	ضمیر مشترک/متقابل|اسم
5	را	را	را	را	Po	حرف اضافه پسین
6	جد	جد	جد	جد	N1	اسم
7	دانی	دانی|دان	دانی	دانی|دان+ی	A0|O+v1	صفت|فعل مضارع ساده:دوم شخص مفرد
8	و	و|و|و	و	و|و|و	Ab|Al|C0	حرف ربط|حروف الفبا|اختصارات
9	پساپیش	پساپیش	پساپیش	پسا+پیش	O	N1
10	کارهای	کار	کار	کار+ها+ی	Y+Pl+N1	اسم + علامت جمع + ی
11	خود	خود|خود	خود	خود|خود	N1|N8	ضمیر مشترک/متقابل|اسم
12	را	را	را	را	Po	حرف اضافه پسین
13	نگاه	نگاه|نگا	نگاه	نگاه|نگا+ه	O+N1|N1	اسم|اسم + ه
14	می‌داری	دار|دار|می|می	می‌داری	می+دار+ی|می+دار+ی|می+دار+ی|می+دار+ی	Y+O+N1|Y+O+N1|Y+V5+O|O+v1+O	فعل حال اخباری:دوم شخص مفرد|می + فعل کمکی + ی|اسم + دار + ی|اسم + دار + ی
15	.	.	.	.	Si	علامت نگارشی

0	این	این|این	این	این|این	N6|A1	صفت اشاره|ضمیر اشاره
1	قوم	قوم|قو|قو	قوم	قوم|قو+م|قو+م	O+N1|O+N1|N1	اسم|اسم + ضمیر ملکی اول شخص مفرد|اسم + فعل اول شخص مفرد
2	بعداز	بعداز	بعداز	بعداز	Pr1	حرف اضافه گروهی
3	کسری	کسر	کسری	کسر+ی	Y+N1	اسم + ی
4	و	و|و|و	و	و|و|و	Ab|Al|C0	حرف ربط|حروف الفبا|اختصارات
5	پرویز	پرویز	پرویز	پرویز	N3	اسم خاص اشخاص
6	بوده‌اند	بود|بود|بود|ود	بوده‌اند	بود+ه+اند|بود+ه+اند|بود+ه+اند|ب+ود+ه+اند	O+O+N1+O|O+O+N1|O+O+v2|O+O+v2	فعل ماضی نقلی:سوم شخص جمع|اسم + ه + فعل سوم شخص جمع|فعل ماضی نقلی:سوم شخص جمع|ب + اسم + ه + فعل سوم شخص جمع
7	در	در|در|در|در|در	در	در|در|در|در|در	VPr|N1|N1|V6|Pr	حرف اضافه|فعل امر مثبت|اسم|اسم|پیشوند فعل
8	مدت	مدت|مد|مد	مدت	مدت|مد+ت|مد+ت	O+N1|O+N1|N1	اسم|اسم + ضمیر ملکی دوم شخص مفرد|اسم + ضمیر ملکی دوم شخص مفرد
9	چهار	چهار	چر	چهار	No	عدد حرفی
10	سال	سال	سال	سال	N1	اسم
11	و	و|و|و	و	و|و|و	Ab|Al|C0	حرف ربط|حروف الفبا|اختصارات
12	پنج	پنج	پنج	پنج	No	عدد حرفی
13	کمابیش	کمابیش|کمابی|کماب	کمابیش	کمابیش|کمابی+ش|کماب+ی+ش	O+Y+A0|O+N1|Ad	قید|اسم + ضمیر ملکی سوم شخص مفرد|صفت + ی + ضمیر ملکی سوم شخص مفرد
14	پادشاهی	پادشاهی|پادشاه|شاهی|شاه|شا	پادشاهی	پادشاهی|پادشاه+ی|پاد+شاهی|پاد+شاه+ی|پاد+شا+ه+ی	Y+O+V1+O|Y+N1+O|A0+O|Y+N1|N1	اسم|اسم + ی|پاد + صفت|پاد + اسم + ی|پاد + بن مضارع + ه + ی
15	کرده‌اند	کرده|کرد|کرد	کرده‌اند	کرده+اند|کرد+ه+اند|کرد+ه+اند	O+O+N1|O+N1|O+O+v2	اسم + فعل سوم شخص جمع|فعل ماضی نقلی:سوم شخص جمع|اسم + ه + فعل سوم شخص جمع
16	.	.	.	.	Si	علامت نگارشی

0	هوا	هوا	هوا	هوا	N1	اسم
1	کم‌کم	کم‌کم|کم|کم|کم|کم	کم‌کم	کم‌کم|کم+ک+م|کم+ک+م|کم+ک+م|کم+ک+م	O+O+N1|O+O+N1|O+O+A0|O+O+A0|Ad	قید|صفت + ک + ضمیر ملکی اول شخص مفرد|صفت + ک + فعل اول شخص مفرد|اسم + ک + ضمیر ملکی اول شخص مفرد|اسم + ک + فعل اول شخص مفرد
2	داشت	داشت|داشت|داشت|داش	داشت	داشت|داشت|داشت|داش+ت	O+N1|V5|N1|v2	فعل ماضی ساده:سوم شخص مفرد|اسم|فعل کمکی|اسم + ضمیر ملکی دوم شخص مفرد
3	گرگ‌ومیش	گرگ‌ومیش	گرگ‌ومیش	گرگ‌ومیش	N1	اسم
4	می‌شد	شد	می‌شد	می+شد	|v2+O	فعل ماضی استمراری:سوم شخص مفرد
5	.	.	.	.	Si	علامت نگارشی

0	جنگ	جنگ|جنگ|جنگ	جنگ	جنگ|جنگ|جنگ	N1|N1|V6	فعل امر مثبت|اسم|اسم
1	زرگری	زرگری|زرگر|زر|زر	زرگری	زرگری|زرگر|زر+گر|زر+گر	O+N1|O+N1|N1|N1	اسم|اسم|اسم + گر|اسم + گر
2	میانجی	میانجی	میانجی	میانجی	N1	اسم
3	نخواهد	خواه|خواه	نخواهد	ن+خواه+د|ن+خواه+د	O+V5+Neg|O+v1+Neg	فعل حال التزامی منفی:سوم شخص مفرد|ن + فعل کمکی + د
4	.	.	.	.	Si	علامت نگارشی

0	غارت	غارت|غار|غار	غارت	غارت|غار+ت|غار+ت	O+N1|O+N1|N1	اسم|اسم + ضمیر ملکی دوم شخص مفرد|اسم + ضمیر ملکی دوم شخص مفرد
1	جهان‌سوم	جهان سوم	جن‌سوم	جهان+سوم	O	N1
2	نام	نام|نام	نام	نام|نام	V6|N1	اسم|فعل امر مثبت
3	یک	یک	یک	یک	No	عدد حرفی
4	کتاب	کتاب	کتاب	کتاب	N1	اسم
5	ادبی	ادبی|ادب	ادبی	ادبی|ادب+ی	Y+N1|A0	صفت|اسم + ی
6	است	است|اس	است	است|اس+ت	O+N1|O+v1	فعل مضارع ساده:سوم شخص مفرد|اسم + ضمیر ملکی دوم شخص مفرد
7	که	که|که|که|که	که	که|که|که|که	N1|N1|NA|C0	حرف ربط|ضمیر پرسشی|اسم|اسم
8	توسط	توسط|توسط	توسط	توسط|توسط	N9|N1	اسم|اسم موجود در ساختمان حرف اضافه و حرف ربط گروهی
9	نویسنده	نویسنده|نویس	نویسنده	نویسنده|نویس+نده	O+V1|A0	صفت|بن مضارع + نده
10	اهل	اهل	اهل	اهل	A0	صفت
11	فرانسه	فرانسه	فرانسه	فرانسه	N2	اسم خاص مکان
12	نوشته	نوشته|نوشت	نوشته	نوشته|نوشت+ه	O+v2|N1	اسم|ریشه ماضی + ه
13	شده	شد	شده	شد+ه	O+V3	فعل اسنادی + ه
14	است	است|اس	است	است|اس+ت	O+N1|O+v1	فعل مضارع ساده:سوم شخص مفرد|اسم + ضمیر ملکی دوم شخص مفرد
15	.	.	.	.	Si	علامت نگارشی

0	نام	نام|نام	نام	نام|نام	V6|N1	اسم|فعل امر مثبت
1	دیگر	دیگر|دیگر|دی	دیگر	دیگر|دیگر|دی+گر	O+N1|A2|Ad	قید|صفت مبهم|اسم + گر
2	خرچنگ	خرچنگ	خرچنگ	خرچنگ	N1	اسم
3	چنگار	چنگار	چنگار	چ+نگار	O	N1
4	است	است|اس	است	است|اس+ت	O+N1|O+v1	فعل مضارع ساده:سوم شخص مفرد|اسم + ضمیر ملکی دوم شخص مفرد
5	.	.	.	.	Si	علامت نگارشی

0	همه	همه|همه	همه	همه|همه	A2|N1	اسم|صفت مبهم
1	جا	جا	جا	جا	N1	اسم
2	چوافتاد	چوافتاد	چوافتاد	چو+افتاد	O	N1
3	که	که|که|که|که	که	که|که|که|که	N1|N1|NA|C0	حرف ربط|ضمیر پرسشی|اسم|اسم
4	او	او|او	او	او|او	Ab|N5	ضمیر فاعلی|اختصارات
5	نمی‌آید	نم	نمی‌آید	نم+ی+اید	O+Y+N1	اسم + ی + فعل دوم شخص جمع
6	.	.	.	.	Si	علامت نگارشی

0	خال‌بینی	خال بینی	خال‌بینی	خال+‌بینی	O	N1
1	نوعی	نوعی|نوع	نوعی	نوعی|نوع+ی	Y+N1|A0	صفت|اسم + ی
2	از	از	از	از	Pr	حرف اضافه
3	پیشگوییست	پیشگو	پیشگوییست	پیشگو+یی+ست	O+O+A0	صفت + یی + ضمیر ملکی سوم شخص مفرد
4	که	که|که|که|که	که	که|که|که|که	N1|N1|NA|C0	حرف ربط|ضمیر پرسشی|اسم|اسم
5	با	با	با	با	Pr	حرف اضافه
6	دیدن	دید	دیدن	دید+ن	Neg+V2	بن ماضی + ن
7	خال	خال	خال	خال	N1	اسم
8	بدن	بدن	بدن	بدن	N1	اسم
9	انجام	انجام|انجام	انجام	انجام|انجام	V6|N1	اسم|فعل امر مثبت
10	می‌گیرد	گیر	می‌گیرد	می+گیر+د	|O+v1+O	فعل حال اخباری:سوم شخص مفرد
11	.	.	.	.	Si	علامت نگارشی

0	او	او|او	او	او|او	Ab|N5	ضمیر فاعلی|اختصارات
1	در	در|در|در|در|در	در	در|در|در|در|در	VPr|N1|N1|V6|Pr	حرف اضافه|فعل امر مثبت|اسم|اسم|پیشوند فعل
2	جوانی	جوانی|جوان	جوانی	جوانی|جوان+ی	Y+A0|N1	اسم|صفت + ی
3	بسیار	بسیار|بسیار|سیار|بس	بسیار	بسیار|بسیار|ب+سیار|بس+یار	O+A0|A0+O|Ad|A0	صفت|قید|ب + صفت|صفت + یار
4	خام‌رأی	خام رای	خام‌رأی	خام+رأی	O	N1
5	و	و|و|و	و	و|و|و	Ab|Al|C0	حرف ربط|حروف الفبا|اختصارات
6	خام‌عقل	خام عقل	خام‌عقل	خام+عقل	O	N1
7	بود	بود|بود|بود|بو|ود	بود	بود|بود|بود|بو+د|ب+ود	N1+O|N1|v2|v2|O+v1	فعل ماضی ساده:سوم شخص مفرد|اسم|فعل ماضی ساده:سوم شخص مفرد|فعل مضارع ساده:سوم شخص مفرد|ب + اسم
8	.	.	.	.	Si	علامت نگارشی

0	در	در|در|در|در|در	در	در|در|در|در|در	VPr|N1|N1|V6|Pr	حرف اضافه|فعل امر مثبت|اسم|اسم|پیشوند فعل
1	زمان	زمان|زم	زمان	زمان|زم+ان	O+N1|N1	اسم|اسم + ان
2	قدیم	قدیم|قد|قد	قدیم	قدیم|قد+یم|قد+یم	O+A0|O+N1|A0	صفت|اسم + فعل اول شخص جمع|صفت + فعل اول شخص جمع
3	؛	؛	؛	؛	O	
4	پادشاهان	پادشاه|شاه	پادشان	پادشاه+ان|پاد+شاه+ان	O+N1+O|O+N1	اسم + ان|پاد + اسم + ان
5	به	به|به	به	به|به	N1|Pr	حرف اضافه|اسم
6	بهترین	بهترین|بهتر	بهترین	بهترین|بهتر+ین	O+A0|A0	صفت|صفت + ین
7	زنشان	زن	زنشان	زن+شان	O+N1	اسم + ضمیر ملکی سوم شخص جمع
8	که	که|که|که|که	که	که|که|که|که	N1|N1|NA|C0	حرف ربط|ضمیر پرسشی|اسم|اسم
9	ازلحاظ	ازلحاظ	ازلحاظ	ازلحاظ	Pr1	حرف اضافه گروهی
10	زیبارویی	زیبارو	زیبارویی	زیبارو+یی	O+A0	صفت + یی
11	و	و|و|و	و	و|و|و	Ab|Al|C0	حرف ربط|حروف الفبا|اختصارات
12	رهبری	رهبری|رهبر|ره|ره	رهبری	رهبری|رهبر+ی|ره+بر+ی|ره+بر+ی	Y+O+N1|Y+O+V1|Y+N1|N1	اسم|اسم + ی|بن مضارع + بر + ی|اسم + بر + ی
13	از	از	از	از	Pr	حرف اضافه
14	دیگران	دیگران|دیگر|دی	دیگران	دیگران|دیگر+ان|دی+گر+ان	O+O+N1|O+Ad|N5	ضمیر فاعلی|قید + ان|اسم + گر + ان
15	،	،	،	،	O	
16	سرتر	سرتر	سرتر	سرتر	N1	اسم
17	و	و|و|و	و	و|و|و	Ab|Al|C0	حرف ربط|حروف الفبا|اختصارات
18	آس‌تر	استر|استر	آس‌تر	استر|استر	N1|N1	اسم|اسم
19	بود	بود|بود|بود|بو|ود	بود	بود|بود|بود|بو+د|ب+ود	N1+O|N1|v2|v2|O+v1	فعل ماضی ساده:سوم شخص مفرد|اسم|فعل ماضی ساده:سوم شخص مفرد|فعل مضارع ساده:سوم شخص مفرد|ب + اسم
20	لقب	لقب	لقب	لقب	N1	اسم
21	خانم‌خانما	خانم خانما	خانم‌خانما	خانم+‌خان+ما	O	N1
22	را	را	را	را	Po	حرف اضافه پسین
23	نسبت	نسبت|نسبت|نسب	نسبت	نسبت|نسبت|نسب+ت	O+N1|N9|N1	اسم|اسم موجود در ساختمان حرف اضافه و حرف ربط گروهی|اسم + ضمیر ملکی دوم شخص مفرد
24	می‌دادند	داد	می‌دادند	می+داد+ند	|O+v2+O	فعل ماضی استمراری:سوم شخص جمع
25	.	.	.	.	Si	علامت نگارشی

0	ادبا	ادبا	ادبا	ادبا	N1	اسم
1	در	در|در|در|در|در	در	در|در|در|در|در	VPr|N1|N1|V6|Pr	حرف اضافه|فعل امر مثبت|اسم|اسم|پیشوند فعل
2	مجمع	مجمع	مجمع	مجمع	N1	اسم
3	سازمان‌ملل	سازمان ملل	سازمان‌ملل	سازمان+مل+ل	O	N1
4	سخنرانی	سخنرانی|سخنران	سخنرانی	سخنرانی|سخنران+ی	Y+N1|N1	اسم|اسم + ی
5	کردند	کرد|کرد	کردند	کرد+ند|کرد+ند	O+N1|O+v2	فعل ماضی ساده:سوم شخص جمع|اسم + فعل سوم شخص جمع
6	.	.	.	.	Si	علامت نگارشی

0	به	به|به	به	به|به	N1|Pr	حرف اضافه|اسم
1	دستور	دستور|دست	دستور	دستور|دست+ور	O+N1|N1	اسم|اسم + ور
2	او	او|او	او	او|او	Ab|N5	ضمیر فاعلی|اختصارات
3	تمام	تمام|تمام	تمام	تمام|تمام	N9|A0	صفت|اسم موجود در ساختمان حرف اضافه و حرف ربط گروهی
4	اسرا	اسرا	اسرا	اسرا	N1	اسم
5	را	را	را	را	Po	حرف اضافه پسین
6	از	از	از	از	Pr	حرف اضافه
7	داخل	داخل	داخل	داخل	Ad	قید
8	خزاین	خزاین	خزاین	خزاین	N1	اسم
9	آزاد	آزاد	آزاد	آزاد	A0	صفت
10	کردند	کرد|کرد	کردند	کرد+ند|کرد+ند	O+N1|O+v2	فعل ماضی ساده:سوم شخص جمع|اسم + فعل سوم شخص جمع
11	.	.	.	.	Si	علامت نگارشی

0	استاد	استاد|استاد	استاد	استاد|استاد	Sp|A0	صفت|شاخص
1	اسامی	اسامی|اسام	اسامی	اسامی|اسام+ی	Y+N3|N1	اسم|اسم خاص اشخاص + ی
2	دانشجویان	دانشجوی|دانشجو|دانش|دان	دانشجویان	دانشجوی+ان|دانشجو+ی+ان|دانش+جو+ی+ان|دان+ش+جو+ی+ان	O+Y+O+O+V1|O+Y+O+N1|O+Y+N1|O+N1	اسم + ان|اسم + ی + ان|اسم + جو + ی + ان|بن مضارع + ش + جو + ی + ان
3	به	به|به	به	به|به	N1|Pr	حرف اضافه|اسم
4	همراه	همراه|راه	همراه	همراه|هم+راه	N1+O|A0	صفت|هم + اسم
5	آرا	آرا|آرا	آرا	آرا|آرا	N1|V6	فعل امر مثبت|اسم
6	آن‌ها	آن ها	آن‌	آن+‌ها	O	N1
7	را	را	را	را	Po	حرف اضافه پسین
8	خواند	خواند|خوان	خواند	خواند|خوان+د	|v2|O+v1	فعل ماضی ساده:سوم شخص مفرد|فعل مضارع ساده:سوم شخص مفرد
9	.	.	.	.	Si	علامت نگارشی

0	هنوز	هنوز	هنوز	هنوز	Ad	قید
1	هم	هم|هم|هم	هم	هم|هم|هم	N8|C0|Ad	قید|حرف ربط|ضمیر مشترک/متقابل
2	علل	علل	علل	علل	N1	اسم
3	بسیاری	بسیاری|بسیار|بسیار|سیار|بس	بسیاری	بسیاری|بسیار+ی|بسیار+ی|ب+سیار+ی|بس+یار+ی	Y+O+A0|Y+A0+O|Y+Ad|Y+A0|A2	صفت مبهم|صفت + ی|قید + ی|ب + صفت + ی|صفت + یار + ی
4	از	از	از	از	Pr	حرف اضافه
5	امراض	امراض	امراض	امراض	N1	اسم
6	ناشناخته	ناشناخته|شناخته|شناخت|شناخت	ناشناخته	ناشناخته|نا+شناخته|نا+شناخت+ه|نا+شناخت+ه	O+N1+O|A0+O|A0|v2	صفت|نا + صفت|فعل ماضی ساده:سوم شخص مفرد|نا + اسم + ه
7	است	است|اس	است	است|اس+ت	O+N1|O+v1	فعل مضارع ساده:سوم شخص مفرد|اسم + ضمیر ملکی دوم شخص مفرد
8	.	.	.	.	Si	علامت نگارشی

0	در	در|در|در|در|در	در	در|در|در|در|در	VPr|N1|N1|V6|Pr	حرف اضافه|فعل امر مثبت|اسم|اسم|پیشوند فعل
1	رانندگی	رانندگی|راننده|ران|ران	رانندگی	رانندگی|راننده+گی|ران+نده+گی|ران+نده+گی	O+O+N1|O+O+V1|O+N1|N1	اسم|اسم + گی|بن مضارع + نده + گی|اسم + نده + گی
2	باید	باید	باید	باید	V4	فعل وجه نما
3	به	به|به	به	به|به	N1|Pr	حرف اضافه|اسم
4	علایم	علا|علا	علایم	علا+ی+م|علا+ی+م	O+N1|O+N1	اسم + ضمیر ملکی اول شخص مفرد|اسم + فعل اول شخص مفرد
5	هشدار	هشدار|هش	هشدار	هشدار|هش+دار	O+N1|N1	اسم|اسم + دار
6	توجه	توجه	توجه	توجه	N1	اسم
7	داشت	داشت|داشت|داشت|داش	داشت	داشت|داشت|داشت|داش+ت	O+N1|V5|N1|v2	فعل ماضی ساده:سوم شخص مفرد|اسم|فعل کمکی|اسم + ضمیر ملکی دوم شخص مفرد
8	.	.	.	.	Si	علامت نگارشی

0	جزه	جزه	جزه	جز+ه	O	N1
1	درس	درس	درس	درس	N1	اسم
2	پردازش‌زبانهای‌طبیعیش	پردازش زبانهای طبیعیش	پردازش‌زبان‌طبیعیش	پردازش+‌زبان+های+طبیعی+ش	O	N1
3	را	را	را	را	Po	حرف اضافه پسین
4	همراه	همراه|راه	همراه	همراه|هم+راه	N1+O|A0	صفت|هم + اسم
5	نداشت	داشت	نداشت	ن+داشت	|v2+Neg	فعل ماضی ساده منفی:سوم شخص مفرد
6	.	.	.	.	Si	علامت نگارشی

0	با	با	با	با	Pr	حرف اضافه
1	آن	ان	آن	ان	Ab	اختصارات
2	ضربه	ضربه|ضرب	ضربه	ضربه|ضرب+ه	O+N1|N1	اسم|اسم + ه
3	در	در|در|در|در|در	در	در|در|در|در|در	VPr|N1|N1|V6|Pr	حرف اضافه|فعل امر مثبت|اسم|اسم|پیشوند فعل
4	دم	دم|دم|دم	دم	دم|دم|دم	N1|N1|V6	فعل امر مثبت|اسم|اسم
5	دردم	دردم|درد|درد|در	دردم	دردم|درد+م|درد+م|در+د+م	O+N1|O+N1|Ad|O+v1	قید|اسم + ضمیر ملکی اول شخص مفرد|اسم + فعل اول شخص مفرد|فعل مضارع ساده:سوم شخص مفرد
6	آمد	امد	آمد	امد	N1	اسم
7	.	.	.	.	Si	علامت نگارشی

0	نوشته‌هایش	نوشته|نوشت	نوشته‌هایش	نوشته+ها+ی+ش|نوشت+ه+ها+ی+ش	O+Y+Pl+O+v2|O+Y+Pl+N1	اسم + علامت جمع + ی + ضمیر ملکی سوم شخص مفرد|ریشه ماضی + ه + علامت جمع + ی + ضمیر ملکی سوم شخص مفرد
1	درهم‌و‌برهم	درهم و برهم	درهم‌و‌برهم	در+هم‌+و+برهم	O	N1
2	بود	بود|بود|بود|بو|ود	بود	بود|بود|بود|بو+د|ب+ود	N1+O|N1|v2|v2|O+v1	فعل ماضی ساده:سوم شخص مفرد|اسم|فعل ماضی ساده:سوم شخص مفرد|فعل مضارع ساده:سوم شخص مفرد|ب + اسم
3	.	.	.	.	Si	علامت نگارشی

0	او	او|او	او	او|او	Ab|N5	ضمیر فاعلی|اختصارات
1	از	از	از	از	Pr	حرف اضافه
2	حمله	حمله|حمل	حمله	حمله|حمل+ه	O+N1|N1	اسم|اسم + ه
3	دشمن	دشمن	دشمن	دشمن	A0	صفت
4	درامان	درا|در|در|در	درامان	درا+مان|در+ا+مان|در+ا+مان|در+ا+مان	O+O+N1|O+O+N1|O+O+v1|O+v1	فعل مضارع ساده:سوم شخص مفرد|ریشه مضارع + ا + ضمیر ملکی اول شخص جمع|اسم + ا + ضمیر ملکی اول شخص جمع|اسم + ا + ضمیر ملکی اول شخص جمع
5	ماند	ماند|مان	ماند	ماند|مان+د	|v2|O+v1	فعل ماضی ساده:سوم شخص مفرد|فعل مضارع ساده:سوم شخص مفرد
6	.	.	.	.	Si	علامت نگارشی

0	کتابش	کتاب	کتابش	کتاب+ش	O+N1	اسم + ضمیر ملکی سوم شخص مفرد
1	دوصد	دوصد	دوصد	دو+صد	O	N1
2	صفحه	صفحه	صفحه	صفحه	N1	اسم
3	داشت	داشت|داشت|داشت|داش	داشت	داشت|داشت|داشت|داش+ت	O+N1|V5|N1|v2	فعل ماضی ساده:سوم شخص مفرد|اسم|فعل کمکی|اسم + ضمیر ملکی دوم شخص مفرد
4	.	.	.	.	Si	علامت نگارشی

0	دوستش	دوست	دوستش	دوست+ش	O+N1	اسم + ضمیر ملکی سوم شخص مفرد
1	بسیار	بسیار|بسیار|سیار|بس	بسیار	بسیار|بسیار|ب+سیار|بس+یار	O+A0|A0+O|Ad|A0	صفت|قید|ب + صفت|صفت + یار
2	نرم	نرم|نرم|رم|نر|نر	نرم	نرم|نرم|ن+رم|نر+م|نر+م	O+A0|O+A0|V6|N1|A0	صفت|اسم|فعل امر منفی|صفت + ضمیر ملکی اول شخص مفرد|صفت + فعل اول شخص مفرد
3	دل	دل	دل	دل	N1	اسم
4	و	و|و|و	و	و|و|و	Ab|Al|C0	حرف ربط|حروف الفبا|اختصارات
5	رقیق‌القلب	رقیق‌القلب	رقیق‌القلب	رقیق‌القلب	A0	صفت
6	بود	بود|بود|بود|بو|ود	بود	بود|بود|بود|بو+د|ب+ود	N1+O|N1|v2|v2|O+v1	فعل ماضی ساده:سوم شخص مفرد|اسم|فعل ماضی ساده:سوم شخص مفرد|فعل مضارع ساده:سوم شخص مفرد|ب + اسم
7	.	.	.	.	Si	علامت نگارشی

0	چوب	چوب	چوب	چوب	N1	اسم
1	نیاز	نیاز|یاز	نیاز	نیاز|ن+یاز	V6|N1	اسم|فعل امر منفی
2	به	به|به	به	به|به	N1|Pr	حرف اضافه|اسم
3	رنده	رنده|رند|رند|رند	رنده	رنده|رند+ه|رند+ه|رند+ه	O+N1|O+A0|O+V1|N1	اسم|بن مضارع + ه|صفت + ه|اسم + ه
4	و	و|و|و	و	و|و|و	Ab|Al|C0	حرف ربط|حروف الفبا|اختصارات
5	رنده‌کاری	رنده‌کاری	رنده‌کاری	رنده‌کاری	N1	اسم
6	و	و|و|و	و	و|و|و	Ab|Al|C0	حرف ربط|حروف الفبا|اختصارات
7	رنده‌کردن	رنده کردن	رنده‌کردن	رند+ه+کردن	O	N1
8	داشت	داشت|داشت|داشت|داش	داشت	داشت|داشت|داشت|داش+ت	O+N1|V5|N1|v2	فعل ماضی ساده:سوم شخص مفرد|اسم|فعل کمکی|اسم + ضمیر ملکی دوم شخص مفرد
9	.	.	.	.	Si	علامت نگارشی

0	آهن	آهن	آهن	آهن	N1	اسم
1	در	در|در|در|در|در	در	در|در|در|در|در	VPr|N1|N1|V6|Pr	حرف اضافه|فعل امر مثبت|اسم|اسم|پیشوند فعل
2	مجاورت	مجاورت|مجاور	مجاورت	مجاورت|مجاور+ت	O+A0|N1	اسم|صفت + ضمیر ملکی دوم شخص مفرد
3	با	با	با	با	Pr	حرف اضافه
4	اکسیژن	اکسیژن	اکسیژن	اکسیژن	N1	اسم
5	شروع	شروع	شروع	شروع	N1	اسم
6	به	به|به	به	به|به	N1|Pr	حرف اضافه|اسم
7	زنگ‌زدن	زنگ زدن	زنگ‌زدن	زنگ+زد+ن	O	N1
8	می‌کند	کن|کن|می|می	می‌کند	می+کن+د|می+کن+د|می+ک+ند|می+ک+ند	O+O+N1|O+O+N1|O+v1+O|O+v1+O	فعل حال اخباری:سوم شخص مفرد|فعل حال اخباری:سوم شخص مفرد|اسم + ک + فعل سوم شخص جمع|اسم + ک + فعل سوم شخص جمع
9	.	.	.	.	Si	علامت نگارشی

0	جرات	جر|جر	جرات	جر+ات|جر+ات	Pl+N1|Pl+N1	اسم + علامت جمع|اسم + علامت جمع
1	نداشت	داشت	نداشت	ن+داشت	|v2+Neg	فعل ماضی ساده منفی:سوم شخص مفرد
2	حرفش	حرف|حرف	حرفش	حرف+ش|حرف+ش	O+N1|O+N1	اسم + ضمیر ملکی سوم شخص مفرد|اسم + ضمیر ملکی سوم شخص مفرد
3	را	را	را	را	Po	حرف اضافه پسین
4	رودررو	رودررو	رودررو	رودررو	Ad	قید
5	به‌رویش	رویش|روی|رو|رو	به‌رویش	به+رویش|به+روی+ش|به+رو+ی+ش|به+رو+ی+ش	O+Y+V1+O|O+Y+N1+O|O+N1+O|N1+O	به + اسم|به + اسم + ضمیر ملکی سوم شخص مفرد|به + اسم + ی + ضمیر ملکی سوم شخص مفرد|به + بن مضارع + ی + ضمیر ملکی سوم شخص مفرد
6	آورد	آورد|آور	آورد	آورد|آور+د	|v2|O+v1	فعل ماضی ساده:سوم شخص مفرد|فعل مضارع ساده:سوم شخص مفرد
7	.	.	.	.	Si	علامت نگارشی

0	او	او|او	او	او|او	Ab|N5	ضمیر فاعلی|اختصارات
1	را	را	را	را	Po	حرف اضافه پسین
2	روانه	روانه|روان	روانه	روانه|روان+ه	O+A0|Ad	قید|صفت + ه
3	کرد	کرد|کرد	کرد	کرد|کرد	N1|v2	فعل ماضی ساده:سوم شخص مفرد|اسم
4	تا	تا|تا|تا	تا	تا|تا|تا	Ab|C0|Pr	حرف اضافه|حرف ربط|اختصارات
5	به	به|به	به	به|به	N1|Pr	حرف اضافه|اسم
6	کارش	کار|کار	کارش	کار+ش|کار+ش	O+N1|O+v1	اسم + ضمیر ملکی سوم شخص مفرد|فعل مضارع ساده:سوم شخص مفرد
7	برسد	رسد|رس	برسد	ب+رسد|ب+رس+د	N1+O|O+v1+O	ب + اسم|فعل حال التزامی:سوم شخص مفرد
8	.	.	.	.	Si	علامت نگارشی

0	او	او|او	او	او|او	Ab|N5	ضمیر فاعلی|اختصارات
1	در	در|در|در|در|در	در	در|در|در|در|در	VPr|N1|N1|V6|Pr	حرف اضافه|فعل امر مثبت|اسم|اسم|پیشوند فعل
2	بستر	بستر|ستر|ستر|بس	بستر	بستر|ب+ستر|ب+ستر|بس+تر	O+A0|N1+O|V6|N1	اسم|فعل امر مثبت|ب + اسم|صفت + علامت صفت تفضیلی
3	افتاده	افتاده|افتاد	افتاده	افتاده|افتاد+ه	O+v2|A0	صفت|ریشه ماضی + ه
4	بود	بود|بود|بود|بو|ود	بود	بود|بود|بود|بو+د|ب+ود	N1+O|N1|v2|v2|O+v1	فعل ماضی ساده:سوم شخص مفرد|اسم|فعل ماضی ساده:سوم شخص مفرد|فعل مضارع ساده:سوم شخص مفرد|ب + اسم
5	و	و|و|و	و	و|و|و	Ab|Al|C0	حرف ربط|حروف الفبا|اختصارات
6	روبه‌مرگ	روبه مرگ	روبه‌مرگ	رو+به‌+مرگ	O	N1
7	بود	بود|بود|بود|بو|ود	بود	بود|بود|بود|بو+د|ب+ود	N1+O|N1|v2|v2|O+v1	فعل ماضی ساده:سوم شخص مفرد|اسم|فعل ماضی ساده:سوم شخص مفرد|فعل مضارع ساده:سوم شخص مفرد|ب + اسم
8	.	.	.	.	Si	علامت نگارشی

0	کارهایش	کار	کارهایش	کار+ها+ی+ش	O+Y+Pl+N1	اسم + علامت جمع + ی + ضمیر ملکی سوم شخص مفرد
1	بسیار	بسیار|بسیار|سیار|بس	بسیار	بسیار|بسیار|ب+سیار|بس+یار	O+A0|A0+O|Ad|A0	صفت|قید|ب + صفت|صفت + یار
2	روح‌فرسا	روح‌فرسا	روح‌فرسا	روح‌فرسا	A0	صفت
3	و	و|و|و	و	و|و|و	Ab|Al|C0	حرف ربط|حروف الفبا|اختصارات
4	عذاب‌آور	عذاب آور	عذاب‌آور	عذاب+‌آور	O	N1
5	بود	بود|بود|بود|بو|ود	بود	بود|بود|بود|بو+د|ب+ود	N1+O|N1|v2|v2|O+v1	فعل ماضی ساده:سوم شخص مفرد|اسم|فعل ماضی ساده:سوم شخص مفرد|فعل مضارع ساده:سوم شخص مفرد|ب + اسم
6	.	.	.	.	Si	علامت نگارشی
