
0	وی	وی|وی	وی	وی|وی	Ab|N5	ضمیر فاعلی|اختصارات
1	افزود	افزود	افزود	افزود	|v2	فعل ماضی ساده:سوم شخص مفرد
2	:	:	:		O	

0	در	در|در|در|در|در	در	در|در|در|در|در	VPr|N1|N1|V6|Pr	حرف اضافه|فعل امر مثبت|اسم|اسم|پیشوند فعل
1	سال	سال	سال	سال	N1	اسم
2	۹۵	۹۵	۹۵	۹۵	Nu	عدد رقمی
3	نیز	نیز|آز	نیز	نیز|نی+آز	V6|Ad	قید|فعل امر منفی
4	آقای	آقا	آقای	آقا+ی	O	N1
5	اللهیاری	الله	اللهیاری	الله+یار+ی	Y+O+N1	اسم + یار + ی
6	برای	برای|برا|بر	برای	برای|برا+ی|بر+ا+ی	Y+O+v1|Y+A0|Pr	حرف اضافه|صفت + ی|ریشه مضارع + ا + ی
7	چند	چند	چند	چند	NA	ضمیر پرسشی
8	روز	روز	روز	روز	N1	اسم
9	بازداشت	بازداشت|بازداشت	بازداشت	بازداشت|بازداشت	N1|v2	فعل ماضی ساده:سوم شخص مفرد|اسم
10	شده بود	شد	شده بود	شد+ه+بود	|O+O+v2	فعل ماضی بعید:سوم شخص مفرد
11	که	که|که|که|که	که	که|که|که|که	N1|N1|NA|C0	حرف ربط|ضمیر پرسشی|اسم|اسم
12	با	با	با	با	Pr	حرف اضافه
13	ضمانت	ضمانت|ضمان|ضم	ضمانت	ضمانت|ضمان+ت|ضم+ان+ت	O+O+N1|O+N1|N1	اسم|اسم + ضمیر ملکی دوم شخص مفرد|اسم + ان + ضمیر ملکی دوم شخص مفرد
14	ملکی	ملکی|ملکی|ملک|ملک|ملک|مل	ملکی	ملکی|ملکی|ملک+ی|ملک+ی|ملک+ی|مل+ک+ی	Y+O+N1|Y+N1|Y+N1|Y+A0|A0|N4	اسم فامیل|صفت|صفت + ی|اسم + ی|اسم + ی|اسم + ک + ی
15	معاونش	معاون	معاونش	معاون+ش	O+N1	اسم + ضمیر ملکی سوم شخص مفرد
16	از	از	از	از	Pr	حرف اضافه
17	زندان	زندان|زن	زندان	زندان|زن+دان	O+N1|N1	اسم|اسم + دان
18	آزاد	آزاد	آزاد	آزاد	A0	صفت
19	شد	شد	شد	شد	|v2	فعل ماضی ساده:سوم شخص مفرد
20	،	،	،	،	O	
21	ولی	ولی|ولی|ول|ول	ولی	ولی|ولی|ول+ی|ول+ی	Y+N1|Y+A0|N1|C0	حرف ربط|اسم|صفت + ی|اسم + ی
22	از	از	از	از	Pr	حرف اضافه
23	آن	ان	آن	ان	Ab	اختصارات
24	زمان	زمان|زم	زمان	زمان|زم+ان	O+N1|N1	اسم|اسم + ان
25	تاکنون	تاکنون	تاکنون	تاکنون	Ad	قید
26	بقیه	بقیه|بقیه|قیه|بق|قی	بقیه	بقیه|بقیه|ب+قیه|بق+یه|ب+قی+ه	O+N1+O|O+N1|N1+O|N1|A0	صفت|اسم|ب + اسم|اسم + یه|ب + اسم + ه
27	پرونده‌ها	پرونده|پرو	پرونده	پرونده+ها|پرو+نده+ها	Pl+O+N1|Pl+N1	اسم + علامت جمع|اسم + نده + علامت جمع
28	در	در|در|در|در|در	در	در|در|در|در|در	VPr|N1|N1|V6|Pr	حرف اضافه|فعل امر مثبت|اسم|اسم|پیشوند فعل
29	سازمان	سازمان|ساز|ساز	سازمان	سازمان|ساز+مان|ساز+مان	O+N1|N1|O+v1	اسم|فعل مضارع ساده:سوم شخص مفرد|اسم + ضمیر ملکی اول شخص جمع
30	نظام	نظام	نظام	نظام	N1	اسم
31	روانشناسی	روان	روانشناسی	روان+شناس+ی	Y+O+A0	صفت + شناس + ی
32	مسکوت	مسکوت|مسکو	مسکوت	مسکوت|مسکو+ت	O+N2|A0	صفت|اسم خاص مکان + ضمیر ملکی دوم شخص مفرد
33	مانده بود	ماند|مان	مانده بود	ماند+ه+بود|مان+د+ه+بود	O+O+O+V1|O+O+v2	فعل ماضی بعید:سوم شخص مفرد|بن مضارع + د + ه + بود
34	.	.	.	.	Si	علامت نگارشی

0	عضو	عضو	عضو	عضو	N1	اسم
1	سازمان	سازمان|ساز|ساز	سازمان	سازمان|ساز+مان|ساز+مان	O+N1|N1|O+v1	اسم|فعل مضارع ساده:سوم شخص مفرد|اسم + ضمیر ملکی اول شخص جمع
2	نظام	نظام	نظام	نظام	N1	اسم
3	روانشناسی	روان	روانشناسی	روان+شناس+ی	Y+O+A0	صفت + شناس + ی
4	خاطرنشان‌	خاطرنشان	خاطرنشان‌	خاطرنشان	A0	صفت
5	کرد	کرد|کرد	کرد	کرد|کرد	N1|v2	فعل ماضی ساده:سوم شخص مفرد|اسم
6	:	:	:		O	

0	از	از	از	از	Pr	حرف اضافه
1	مهرماه	مهرماه	مهرماه	مهرماه	N1	اسم
2	سال	سال	سال	سال	N1	اسم
3	گذشته	گذشته|گذشت|گذشت	گذشته	گذشته|گذشت+ه|گذشت+ه	O+N1|O+v2|A0	صفت|ریشه ماضی + ه|اسم + ه
4	ردصلاحیت	ردصلاحیت	ردصلاحیت	ردصلاحیت	A0	صفت
5	رئیس	رییس	رئیس	رییس	N1	اسم
6	سازمان	سازمان|ساز|ساز	سازمان	سازمان|ساز+مان|ساز+مان	O+N1|N1|O+v1	اسم|فعل مضارع ساده:سوم شخص مفرد|اسم + ضمیر ملکی اول شخص جمع
7	روانشناسی	روان	روانشناسی	روان+شناس+ی	Y+O+A0	صفت + شناس + ی
8	توسط	توسط|توسط	توسط	توسط|توسط	N9|N1	اسم|اسم موجود در ساختمان حرف اضافه و حرف ربط گروهی
9	دفتر	دفتر	دفتر	دفتر	N1	اسم
10	رئیس‌جمهور	رییس‌جمهور	رئیس‌جمهور	رییس‌جمهور	N1	اسم
11	انجام	انجام|انجام	انجام	انجام|انجام	V6|N1	اسم|فعل امر مثبت
12	گرفت	گرفت|گرفت	گرفت	گرفت|گرفت	N1|v2	فعل ماضی ساده:سوم شخص مفرد|اسم
13	،	،	،	،	O	
14	ولی	ولی|ولی|ول|ول	ولی	ولی|ولی|ول+ی|ول+ی	Y+N1|Y+A0|N1|C0	حرف ربط|اسم|صفت + ی|اسم + ی
15	علی‌رغم	علی‌رغم	علی‌رغم	علی‌رغم	Pr1	حرف اضافه گروهی
16	این	این|این	این	این|این	N6|A1	صفت اشاره|ضمیر اشاره
17	ردصلاحیت	ردصلاحیت	ردصلاحیت	ردصلاحیت	A0	صفت
18	همچنان	همچنان|چنان	همچنان	همچنان|هم+چنان	A0+O|Ad	قید|هم + صفت
19	عباسعلی	عباسعلی	عباسعلی	عباسعلی	N3	اسم خاص اشخاص
20	اللهیاری	الله	اللهیاری	الله+یار+ی	Y+O+N1	اسم + یار + ی
21	در	در|در|در|در|در	در	در|در|در|در|در	VPr|N1|N1|V6|Pr	حرف اضافه|فعل امر مثبت|اسم|اسم|پیشوند فعل
22	کافه	کافه|کاف	کافه	کافه|کاف+ه	O+N1|N1	اسم|اسم + ه
23	یا	یا|یا	یا	یا|یا	Intj|C0	حرف ربط|صوت
24	تریا	تریا	تریا	تریا	N1	اسم
25	کارتابل	کارتابل	کارتابل	کارت+ا+بل	O	N1
26	سازمان	سازمان|ساز|ساز	سازمان	سازمان|ساز+مان|ساز+مان	O+N1|N1|O+v1	اسم|فعل مضارع ساده:سوم شخص مفرد|اسم + ضمیر ملکی اول شخص جمع
27	را	را	را	را	Po	حرف اضافه پسین
28	امضا	امضا	امضا	امضا	N1	اسم
29	می‌کرد	کرد	می‌کرد	می+کرد	|v2+O	فعل ماضی استمراری:سوم شخص مفرد
30	.	.	.	.	Si	علامت نگارشی

0	پنج‌شنبه‌ها	پنجشنبه	پنج شنبه	پنجشنبه+ها	Pl+N1	اسم + علامت جمع
1	به‌زودی	به‌زودی|زودی|زود	به‌زودی	به‌زودی|به+زودی|به+زود+ی	Y+A0+O|N1+O|Ad	قید|به + اسم|به + صفت + ی
2	می‌گذرند	می گذرند	می‌گذرند	می‌+گذر+ند	O	N1
3	.	.	.	.	Si	علامت نگارشی

0	دویست	دویست	دویست	دویست	No	عدد حرفی
1	و	و|و|و	و	و|و|و	Ab|Al|C0	حرف ربط|حروف الفبا|اختصارات
2	هشتاد	هشتاد	هشتاد	هشتاد	No	عدد حرفی
3	و	و|و|و	و	و|و|و	Ab|Al|C0	حرف ربط|حروف الفبا|اختصارات
4	نهمین	نه|نه	نهمین	نه+مین|نه+مین	O+V1|O+No	عدد حرفی + مین|بن مضارع + مین
5	سمینار	سمینار	سمینار	سمینار	N1	اسم
6	ادواری	ادواری|ادوار	ادواری	ادواری|ادوار+ی	Y+N1|A0	صفت|اسم + ی
7	عصب‌پژوهی	عصب پژوهی	عصب‌پژوهی	عصب+پژوه+ی	O	N1
8	اجتماعی	اجتماعی|اجتماع	اجتماعی	اجتماعی|اجتماع+ی	Y+N1|A0	صفت|اسم + ی
9	به	به|به	به	به|به	N1|Pr	حرف اضافه|اسم
10	مغز‌پژوهی	مغز پژوهی	مغز‌پژوهی	مغز+پژوه+ی	O	N1
11	رشک	رشک|رش	رشک	رشک|رش+ک	O+N1|N1	اسم|اسم + ک
12	و	و|و|و	و	و|و|و	Ab|Al|C0	حرف ربط|حروف الفبا|اختصارات
13	حسد	حسد	حسد	حسد	N1	اسم
14	اختصاص	اختصاص	اختصاص	اختصاص	N1	اسم
15	دارد	دار|دار	دارد	دار+د|دار+د	O+V5|O+v1	فعل مضارع ساده:سوم شخص مفرد|فعل کمکی + د
16	.	.	.	.	Si	علامت نگارشی

0	سخنران	سخنران	سخنران	سخنران	N1	اسم
1	این	این|این	این	این|این	N6|A1	صفت اشاره|ضمیر اشاره
2	نشست	نشست|نشست|شست	نشست	نشست|نشست|ن+شست	N1|v2|v2+Neg	فعل ماضی ساده:سوم شخص مفرد|اسم|فعل ماضی ساده منفی:سوم شخص مفرد
3	که	که|که|که|که	که	که|که|که|که	N1|N1|NA|C0	حرف ربط|ضمیر پرسشی|اسم|اسم
4	26	26	۲۶	26	Nu	عدد رقمی
5	مهر	مهر|مهر|مهر	مهر	مهر|مهر|مهر	N1|N1|N1	اسم|اسم|اسم
6	برگزار	برگزار|برگ	برگزار	برگزار|برگ+زار	O+N1|A0	صفت|اسم + زار
7	‌می‌شود	شو	‌می‌شود	می+شو+د	|O+v1+O	فعل حال اخباری:سوم شخص مفرد
8	دکتر	دکتر|دکتر	دکتر	دکتر|دکتر	Sp|A0	صفت|شاخص
9	آذرخش	آذرخش	آذرخش	آذرخش	N1	اسم
10	مکری	مکر	مکری	مکر+ی	Y+N1	اسم + ی
11	است	است|اس	است	است|اس+ت	O+N1|O+v1	فعل مضارع ساده:سوم شخص مفرد|اسم + ضمیر ملکی دوم شخص مفرد
12	.	.	.	.	Si	علامت نگارشی

0	در	در|در|در|در|در	در	در|در|در|در|در	VPr|N1|N1|V6|Pr	حرف اضافه|فعل امر مثبت|اسم|اسم|پیشوند فعل
1	این	این|این	این	این|این	N6|A1	صفت اشاره|ضمیر اشاره
2	سمینار	سمینار	سمینار	سمینار	N1	اسم
3	که	که|که|که|که	که	که|که|که|که	N1|N1|NA|C0	حرف ربط|ضمیر پرسشی|اسم|اسم
4	از	از	از	از	Pr	حرف اضافه
5	ساعت	ساعت	ساعت	ساعت	N1	اسم
6	هشت	هشت|هش	هشت	هشت|هش+ت	O+N1|No	عدد حرفی|اسم + ضمیر ملکی دوم شخص مفرد
7	و	و|و|و	و	و|و|و	Ab|Al|C0	حرف ربط|حروف الفبا|اختصارات
8	نیم	نیم|نی|نی	نیم	نیم|نی+م|نی+م	O+N1|O+N1|N1	اسم|اسم + ضمیر ملکی اول شخص مفرد|اسم + فعل اول شخص مفرد
9	صبح	صبح	صبح	صبح	N1	اسم
10	تا	تا|تا|تا	تا	تا|تا|تا	Ab|C0|Pr	حرف اضافه|حرف ربط|اختصارات
11	یازده	یازده	یازده	یازده	No	عدد حرفی
12	در	در|در|در|در|در	در	در|در|در|در|در	VPr|N1|N1|V6|Pr	حرف اضافه|فعل امر مثبت|اسم|اسم|پیشوند فعل
13	سالن	سالن	سالن	سالن	N1	اسم
14	کنفرانس	کنفرانس	کنفرانس	کنفرانس	N1	اسم
15	بیمارستان	بیمارستان|بیمار|مار	بیمارستان	بیمارستان|بیمار+ستان|بی+مار+ستان	O+N1+O|O+A0|N1	اسم|صفت + ستان|بی + اسم + ستان
16	ایرانمهر	ایران‌مهر	ایرانمهر	ایران‌مهر	N1	اسم
17	برقرار	برقرار	برقرار	برقرار	A0	صفت
18	است	است|اس	است	است|اس+ت	O+N1|O+v1	فعل مضارع ساده:سوم شخص مفرد|اسم + ضمیر ملکی دوم شخص مفرد
19	صاحب‌نظران	صاحب‌نظر	صاحب‌نظران	صاحب‌نظر+ان	O+A0	صفت + ان
20	و	و|و|و	و	و|و|و	Ab|Al|C0	حرف ربط|حروف الفبا|اختصارات
21	علاقه‌مندان	علاقه‌مند|علاقه	علاقه‌مندان	علاقه‌مند+ان|علاقه+مند+ان	O+O+N1|O+A0	صفت + ان|اسم + مند + ان
22	به	به|به	به	به|به	N1|Pr	حرف اضافه|اسم
23	موضوع	موضوع	موضوع	موضوع	N1	اسم
24	مغز‌پژوهی	مغز پژوهی	مغز‌پژوهی	مغز+پژوه+ی	O	N1
25	رشک	رشک|رش	رشک	رشک|رش+ک	O+N1|N1	اسم|اسم + ک
26	و	و|و|و	و	و|و|و	Ab|Al|C0	حرف ربط|حروف الفبا|اختصارات
27	حسد	حسد	حسد	حسد	N1	اسم
28	به	به|به	به	به|به	N1|Pr	حرف اضافه|اسم
29	بحث	بحث	بحث	بحث	N1	اسم
30	و	و|و|و	و	و|و|و	Ab|Al|C0	حرف ربط|حروف الفبا|اختصارات
31	تبادل	تبادل	تبادل	تبادل	N1	اسم
32	نظر	نظر|نظر	نظر	نظر|نظر	N9|N1	اسم|اسم موجود در ساختمان حرف اضافه و حرف ربط گروهی
33	می‌پردازند	پرداز	می‌پردازند	می+پرداز+ند	|O+v1+O	فعل حال اخباری:سوم شخص جمع
34	.	.	.	.	Si	علامت نگارشی

0	ورود	ورود|ود	ورود	ورود|ور+ود	N1+O|N1	اسم|ور + اسم
1	برای	برای|برا|بر	برای	برای|برا+ی|بر+ا+ی	Y+O+v1|Y+A0|Pr	حرف اضافه|صفت + ی|ریشه مضارع + ا + ی
2	عموم	عموم|عمو|عمو	عموم	عموم|عمو+م|عمو+م	O+N1|O+N1|N1	اسم|اسم + ضمیر ملکی اول شخص مفرد|اسم + فعل اول شخص مفرد
3	آزاد	آزاد	آزاد	آزاد	A0	صفت
4	است	است|اس	است	است|اس+ت	O+N1|O+v1	فعل مضارع ساده:سوم شخص مفرد|اسم + ضمیر ملکی دوم شخص مفرد
5	و	و|و|و	و	و|و|و	Ab|Al|C0	حرف ربط|حروف الفبا|اختصارات
6	درباره	درباره|درباره|دربار	درباره	درباره|درباره|دربار+ه	O+N1|Pr1|N1	اسم|حرف اضافه گروهی|اسم + ه
7	موضوع	موضوع	موضوع	موضوع	N1	اسم
8	با	با	با	با	Pr	حرف اضافه
9	صاحب‌نظران	صاحب‌نظر	صاحب‌نظران	صاحب‌نظر+ان	O+A0	صفت + ان
10	بحث	بحث	بحث	بحث	N1	اسم
11	و	و|و|و	و	و|و|و	Ab|Al|C0	حرف ربط|حروف الفبا|اختصارات
12	گفت‌وگو	گفت‌وگو	گفت‌وگو	گفت‌وگو	N1	اسم
13	انجام	انجام|انجام	انجام	انجام|انجام	V6|N1	اسم|فعل امر مثبت
14	می‌شود	شو	می‌شود	می+شو+د	|O+v1+O	فعل حال اخباری:سوم شخص مفرد
15	.	.	.	.	Si	علامت نگارشی

0	در	در|در|در|در|در	در	در|در|در|در|در	VPr|N1|N1|V6|Pr	حرف اضافه|فعل امر مثبت|اسم|اسم|پیشوند فعل
1	کالبدشکافی	کالبدشکافی	کالبدشکافی	کالبدشکافی	N1	اسم
2	سایت	سایت	سایت	سایت	N1	اسم
3	iFixit	iFixit	iFixit	iFixit	O	کلمه انگلیسی
4	،	،	،	،	O	
5	آن‌ها	آن ها	آن	آن+‌ها	O	N1
6	موفق	موفق	موفق	موفق	A0	صفت
7	به	به|به	به	به|به	N1|Pr	حرف اضافه|اسم
8	کشف	کشف|کشف	کشف	کشف|کشف	N1|N1	اسم|اسم
9	یک	یک	یک	یک	No	عدد حرفی
10	نوار	نوار	نوار	نوار	N1	اسم
11	آنتن	آنتن	آنتن	آنتن	N1	اسم
12	جدید	جدید|جد	جدید	جدید|جد+ید	O+N1|A0	صفت|اسم + فعل دوم شخص جمع
13	در	در|در|در|در|در	در	در|در|در|در|در	VPr|N1|N1|V6|Pr	حرف اضافه|فعل امر مثبت|اسم|اسم|پیشوند فعل
14	بخش	بخش|بخش|خش	بخش	بخش|بخش|ب+خش	N1+O|V6|N1	اسم|فعل امر مثبت|ب + اسم
15	پایینی	پایینی|پایین|پا	پایینی	پایینی|پایین+ی|پا+ین+ی	Y+O+N1|Y+A0|A0	صفت|صفت + ی|اسم + ین + ی
16	گوشی	گوشی|گوش	گوشی	گوشی|گوش+ی	Y+N1|N1	اسم|اسم + ی
17	شدند	شد	شدند	شد+ند	|O+v2	فعل ماضی ساده:سوم شخص جمع
18	که	که|که|که|که	که	که|که|که|که	N1|N1|NA|C0	حرف ربط|ضمیر پرسشی|اسم|اسم
19	قاعدتاً	قاعدتاً	قاعدتا	قاعدتاً	Ad	قید
20	باید	باید	باید	باید	V4	فعل وجه نما
21	منجر	منجر	منجر	منجر	A0	صفت
22	به	به|به	به	به|به	N1|Pr	حرف اضافه|اسم
23	بهبود	بهبود	بهبود	بهبود	N1	اسم
24	آنتن‌دهی	آنتن دهی	آنتن‌دهی	آنت+ن+‌دهی	O	N1
25	این	این|این	این	این|این	N6|A1	صفت اشاره|ضمیر اشاره
26	گوشی‌ها	گوشی|گوش	گوشی	گوشی+ها|گوش+ی+ها	Pl+Y+N1|Pl+N1	اسم + علامت جمع|اسم + ی + علامت جمع
27	شود	شود|شو	شود	شود|شو+د	N1|O+v1	اسم|فعل مضارع ساده:سوم شخص مفرد
28	.	.	.	.	Si	علامت نگارشی

0	کاربران	کاربر|کار	کاربران	کاربر+ان|کار+بر+ان	O+O+N1|O+A0	صفت + ان|اسم + بر + ان
1	برای	برای|برا|بر	برای	برای|برا+ی|بر+ا+ی	Y+O+v1|Y+A0|Pr	حرف اضافه|صفت + ی|ریشه مضارع + ا + ی
2	توضیح	توضیح	توضیح	توضیح	N1	اسم
3	این	این|این	این	این|این	N6|A1	صفت اشاره|ضمیر اشاره
4	مشکل	مشکل	مشکل	مشکل	N1	اسم
5	تئوری‌های	تئوری	تئوری‌	تئوری+‌های	O	N1
6	مختلفی	مختلف	مختلفی	مختلف+ی	Y+A0	صفت + ی
7	را	را	را	را	Po	حرف اضافه پسین
8	مطرح	مطرح	مطرح	مطرح	N1	اسم
9	کرده‌اند	کرده|کرد|کرد	کرده‌اند	کرده+اند|کرد+ه+اند|کرد+ه+اند	O+O+N1|O+N1|O+O+v2	اسم + فعل سوم شخص جمع|فعل ماضی نقلی:سوم شخص جمع|اسم + ه + فعل سوم شخص جمع
10	و	و|و|و	و	و|و|و	Ab|Al|C0	حرف ربط|حروف الفبا|اختصارات
11	برخی	برخی|رخ|رخ	برخی	برخی|ب+رخ+ی|ب+رخ+ی	Y+N1+O|Y+N1+O|A2	صفت مبهم|ب + اسم + ی|ب + اسم + ی
12	از	از	از	از	Pr	حرف اضافه
13	آن‌ها	آن ها	آن‌	آن+‌ها	O	N1
14	شبکه‌های	شبکه|شب	شبکه‌	شبکه+ها+ی|شب+ک+ه+ها+ی	Y+Pl+O+O+N1|Y+Pl+N1	اسم + علامت جمع + ی|اسم + ک + ه + علامت جمع + ی
15	تلفن	تلفن	تلفن	تلفن	N1	اسم
16	همراه	همراه|راه	همراه	همراه|هم+راه	N1+O|A0	صفت|هم + اسم
17	را	را	را	را	Po	حرف اضافه پسین
18	مقصر	مقصر	مقصر	مقصر	A0	صفت
19	این	این|این	این	این|این	N6|A1	صفت اشاره|ضمیر اشاره
20	موضوع	موضوع	موضوع	موضوع	N1	اسم
21	می‌دانند	دان	می‌دانند	می+دان+ند	|O+v1+O	فعل حال اخباری:سوم شخص جمع
22	ولی	ولی|ولی|ول|ول	ولی	ولی|ولی|ول+ی|ول+ی	Y+N1|Y+A0|N1|C0	حرف ربط|اسم|صفت + ی|اسم + ی
23	برخی	برخی|رخ|رخ	برخی	برخی|ب+رخ+ی|ب+رخ+ی	Y+N1+O|Y+N1+O|A2	صفت مبهم|ب + اسم + ی|ب + اسم + ی
24	دیگر	دیگر|دیگر|دی	دیگر	دیگر|دیگر|دی+گر	O+N1|A2|Ad	قید|صفت مبهم|اسم + گر
25	اعلام	اعلام|اعلام	اعلام	اعلام|اعلام	N1|N1	اسم|اسم
26	کرده‌اند	کرده|کرد|کرد	کرده‌اند	کرده+اند|کرد+ه+اند|کرد+ه+اند	O+O+N1|O+N1|O+O+v2	اسم + فعل سوم شخص جمع|فعل ماضی نقلی:سوم شخص جمع|اسم + ه + فعل سوم شخص جمع
27	که	که|که|که|که	که	که|که|که|که	N1|N1|NA|C0	حرف ربط|ضمیر پرسشی|اسم|اسم
28	این	این|این	این	این|این	N6|A1	صفت اشاره|ضمیر اشاره
29	مسأله	مسئله	مسأله	مسئله	N1	اسم
30	یادآور	یادآور	یادآور	یادآور	A0	صفت
31	مشکل	مشکل	مشکل	مشکل	N1	اسم
32	مربوط	مربوط	مربوط	مربوط	A0	صفت
33	به	به|به	به	به|به	N1|Pr	حرف اضافه|اسم
34	آنتن‌های	آنتن	آنتن‌	آنت+ن+‌های	O	N1
35	آیفون۴	آیفون۴	آیفون۴	آی+فون+۴	O	N1
36	است	است|اس	است	است|اس+ت	O+N1|O+v1	فعل مضارع ساده:سوم شخص مفرد|اسم + ضمیر ملکی دوم شخص مفرد
37	که	که|که|که|که	که	که|که|که|که	N1|N1|NA|C0	حرف ربط|ضمیر پرسشی|اسم|اسم
38	در	در|در|در|در|در	در	در|در|در|در|در	VPr|N1|N1|V6|Pr	حرف اضافه|فعل امر مثبت|اسم|اسم|پیشوند فعل
39	آن	ان	آن	ان	Ab	اختصارات
40	زمان	زمان|زم	زمان	زمان|زم+ان	O+N1|N1	اسم|اسم + ان
41	سر	سر|سر|سر|سر	سر	سر|سر|سر|سر	N9|N1|N1|V6	فعل امر مثبت|اسم|اسم|اسم موجود در ساختمان حرف اضافه و حرف ربط گروهی
42	و	و|و|و	و	و|و|و	Ab|Al|C0	حرف ربط|حروف الفبا|اختصارات
43	صدای	صدا	صدای	صدا+ی	Y+N1	اسم + ی
44	بسیار	بسیار|بسیار|سیار|بس	بسیار	بسیار|بسیار|ب+سیار|بس+یار	O+A0|A0+O|Ad|A0	صفت|قید|ب + صفت|صفت + یار
45	زیادی	زیادی|زیاد	زیادی	زیادی|زیاد+ی	Y+A0|A0	صفت|صفت + ی
46	به‌راه‌انداخت	به راه انداخت	به‌راه‌انداخت	به راه انداخت	|v2	فعل ماضی ساده:سوم شخص مفرد
47	.	.	.	.	Si	علامت نگارشی

0	چند	چند	چند	چند	NA	ضمیر پرسشی
1	روز	روز	روز	روز	N1	اسم
2	بعداز	بعداز	بعداز	بعداز	Pr1	حرف اضافه گروهی
3	تصویب	تصویب	تصویب	تصویب	N1	اسم
4	چهارمین	چهار	چهارمین	چهار+مین	O+No	عدد حرفی + مین
5	لایحه	لایحه	لایحه	لایحه	N1	اسم
6	در	در|در|در|در|در	در	در|در|در|در|در	VPr|N1|N1|V6|Pr	حرف اضافه|فعل امر مثبت|اسم|اسم|پیشوند فعل
7	چارچوب	چارچوب	چارچوب	چارچوب	N1	اسم
8	لوایح	لوایح	لوایح	لوایح	N1	اسم
9	مرتبط	مرتبط	مرتبط	مرتبط	A0	صفت
10	با	با	با	با	Pr	حرف اضافه
11	پول‌شویی	پول‌شویی	پول‌شویی	پول‌شویی	N1	اسم
12	و	و|و|و	و	و|و|و	Ab|Al|C0	حرف ربط|حروف الفبا|اختصارات
13	مبارزه	مبارزه|مبارز	مبارزه	مبارزه|مبارز+ه	O+A0|N1	اسم|صفت + ه
14	با	با	با	با	Pr	حرف اضافه
15	تروریسم	تروریسم	تروریسم	تروریسم	N1	اسم
16	موسوم	موسوم	موسوم	موسوم	N1	اسم
17	به	به|به	به	به|به	N1|Pr	حرف اضافه|اسم
18	FATF	FATF	FATF	FATF	O	کلمه انگلیسی
19	،	،	،	،	O	
20	بساط	بساط	بساط	بساط	N1	اسم
21	اتهام‌زنی	اتهام زنی	اتهام‌زنی	اتهام+‌زن+ی	O	N1
22	درمورد	درمورد	درمورد	درمورد	Pr1	حرف اضافه گروهی
23	پشت‌پرده	پشت‌پرده	پشت‌پرده	پشت‌پرده	N1	اسم
24	رشد	رشد	رشد	رشد	N1	اسم
25	قیمت	قیمت|قیم	قیمت	قیمت|قیم+ت	O+N1|N1	اسم|اسم + ضمیر ملکی دوم شخص مفرد
26	دلار	دلار	دلار	دلار	N1	اسم
27	بالا‌گرفته‌است	بالا گرفته	بالا‌گرفته‌است	بالا+گرفته+‌است	O	N1
28	.	.	.	.	Si	علامت نگارشی

0	علائم	علا|علا	علائم	علا+ی+م|علا+ی+م	O+N1|O+N1	اسم + ضمیر ملکی اول شخص مفرد|اسم + فعل اول شخص مفرد
1	سیاسی	سیاسی|سیاس	سیاسی	سیاسی|سیاس+ی	Y+A0|A0	صفت|صفت + ی
2	و	و|و|و	و	و|و|و	Ab|Al|C0	حرف ربط|حروف الفبا|اختصارات
3	رسانه‌ای	رسانه‌ای|رسانه|رسان|رس	رسانه‌ای	رسانه‌ای|رسانه+ای|رسان+ه+ای|رس+ان+ه+ای	O+O+O+N1|O+O+V1|O+N1|A0	صفت|اسم + ای|بن مضارع + ه + ای|اسم + ان + ه + ای
4	از	از	از	از	Pr	حرف اضافه
5	بروز	بروز	بروز	بروز	N1	اسم
6	یک	یک	یک	یک	No	عدد حرفی
7	جنگ	جنگ|جنگ|جنگ	جنگ	جنگ|جنگ|جنگ	N1|N1|V6	فعل امر مثبت|اسم|اسم
8	ارزی	ارزی|ارز|ارز	ارزی	ارزی|ارز+ی|ارز+ی	Y+N1|A0|O+v1	صفت|فعل مضارع ساده:دوم شخص مفرد|اسم + ی
9	برسر	برسر	برسر	برسر	Pr1	حرف اضافه گروهی
10	تأیید	تأیید	تأیید	تأیید	N1	اسم
11	نهایی	نهایی|نه|نه	نهایی	نهایی|نه+ا+یی|نه+ا+یی	O+O+N1|O+O+v1|A0	صفت|ریشه مضارع + ا + یی|اسم + ا + یی
12	FATF	FATF	FATF	FATF	O	کلمه انگلیسی
13	در	در|در|در|در|در	در	در|در|در|در|در	VPr|N1|N1|V6|Pr	حرف اضافه|فعل امر مثبت|اسم|اسم|پیشوند فعل
14	مراجع	مرجع	مراجع	مرجع	O	اسم مفرد جمع مکسر
15	قانونی	قانونی|قانون	قانونی	قانونی|قانون+ی	Y+N1|A0	صفت|اسم + ی
16	‌حکایت‌دارد	حکایت دارد	‌حکایت‌دارد	حکایت+‌دار+د	O	N1
17	.	.	.	.	Si	علامت نگارشی

0	به‌گزارش	به‌گزارش|گزارش	به‌گزارش	به‌گزارش|به+گزارش	N1+O|Pr1	حرف اضافه گروهی|به + اسم
1	همشهری	همشهری|همشهر|شهری|شهر	همشهری	همشهری|همشهر+ی|هم+شهری|هم+شهر+ی	Y+N1+O|A0+O|Y+A0|N1	اسم|صفت + ی|هم + صفت|هم + اسم + ی
2	،	،	،	،	O	
3	تریبون‌های	تریبون	تریبون‌	تریبون+ها+ی	Y+Pl+N1	اسم + علامت جمع + ی
4	سیاسی	سیاسی|سیاس	سیاسی	سیاسی|سیاس+ی	Y+A0|A0	صفت|صفت + ی
5	و	و|و|و	و	و|و|و	Ab|Al|C0	حرف ربط|حروف الفبا|اختصارات
6	رسانه‌ای	رسانه‌ای|رسانه|رسان|رس	رسانه‌ای	رسانه‌ای|رسانه+ای|رسان+ه+ای|رس+ان+ه+ای	O+O+O+N1|O+O+V1|O+N1|A0	صفت|اسم + ای|بن مضارع + ه + ای|اسم + ان + ه + ای
7	برخی	برخی|رخ|رخ	برخی	برخی|ب+رخ+ی|ب+رخ+ی	Y+N1+O|Y+N1+O|A2	صفت مبهم|ب + اسم + ی|ب + اسم + ی
8	گروه‌های	گروه|گرو|گرو	گروه‌	گروه+ها+ی|گرو+ه+ها+ی|گرو+ه+ها+ی	Y+Pl+O+N1|Y+Pl+O+V1|Y+Pl+N1	اسم + علامت جمع + ی|بن مضارع + ه + علامت جمع + ی|اسم + ه + علامت جمع + ی
9	مخالف	مخالف	مخالف	مخالف	A0	صفت
10	دولت	دولت|دول|دول	دولت	دولت|دول+ت|دول+ت	O+N1|O+N1|N1	اسم|اسم + ضمیر ملکی دوم شخص مفرد|اسم + ضمیر ملکی دوم شخص مفرد
11	،	،	،	،	O	
12	به	به|به	به	به|به	N1|Pr	حرف اضافه|اسم
13	محل	محل	محل	محل	N1	اسم
14	اتهام‌زنی	اتهام زنی	اتهام‌زنی	اتهام+‌زن+ی	O	N1
15	علیه	علیه|علیه|علی	علیه	علیه|علیه|علی+ه	O+A0|N9|N1	اسم|اسم موجود در ساختمان حرف اضافه و حرف ربط گروهی|صفت + ه
16	دولت	دولت|دول|دول	دولت	دولت|دول+ت|دول+ت	O+N1|O+N1|N1	اسم|اسم + ضمیر ملکی دوم شخص مفرد|اسم + ضمیر ملکی دوم شخص مفرد
17	درمورد	درمورد	درمورد	درمورد	Pr1	حرف اضافه گروهی
18	افزایش	افزایش|افزا	افزایش	افزایش|افزا+ی+ش	N1|O+v1	اسم|فعل مضارع ساده:سوم شخص مفرد
19	قیمت	قیمت|قیم	قیمت	قیمت|قیم+ت	O+N1|N1	اسم|اسم + ضمیر ملکی دوم شخص مفرد
20	ارز	ارز|ارز	ارز	ارز|ارز	N1|V6	فعل امر مثبت|اسم
21	تبدیل	تبدیل	تبدیل	تبدیل	N1	اسم
22	شده‌است	شد	شده‌است	شد+ه+است	|O+O+v2	فعل ماضی نقلی:سوم شخص مفرد
23	.	.	.	.	Si	علامت نگارشی

0	درطول	درطول	درطول	درطول	Pr1	حرف اضافه گروهی
1	چند	چند	چند	چند	NA	ضمیر پرسشی
2	روز	روز	روز	روز	N1	اسم
3	گذشته	گذشته|گذشت|گذشت	گذشته	گذشته|گذشت+ه|گذشت+ه	O+N1|O+v2|A0	صفت|ریشه ماضی + ه|اسم + ه
4	به	به|به	به	به|به	N1|Pr	حرف اضافه|اسم
5	ویژه	ویژه	ویژه	ویژه	A0	صفت
6	بعداز	بعداز	بعداز	بعداز	Pr1	حرف اضافه گروهی
7	تصویب	تصویب	تصویب	تصویب	N1	اسم
8	قانون	قانون	قانون	قانون	N1	اسم
9	CFT	CFT	CFT	CFT	O	کلمه انگلیسی
10	در	در|در|در|در|در	در	در|در|در|در|در	VPr|N1|N1|V6|Pr	حرف اضافه|فعل امر مثبت|اسم|اسم|پیشوند فعل
11	مجلس	مجلس	مجلس	مجلس	N1	اسم
12	،	،	،	،	O	
13	برخی	برخی|رخ|رخ	برخی	برخی|ب+رخ+ی|ب+رخ+ی	Y+N1+O|Y+N1+O|A2	صفت مبهم|ب + اسم + ی|ب + اسم + ی
14	رسانه‌ها	رسانه|رسان	رسانه‌	رسانه+ها|رسان+ه+ها	Pl+O+V1|Pl+N1	اسم + علامت جمع|بن مضارع + ه + علامت جمع
15	وارد	وارد	وارد	وارد	N1	اسم
16	کارزار	کارزار|کار	کارزار	کارزار|کار+زار	O+N1|N1	اسم|اسم + زار
17	‌سیگنال‌دهی	سیگنال دهی	‌سیگنال‌دهی	سیگنال+‌دهی	O	N1
18	به	به|به	به	به|به	N1|Pr	حرف اضافه|اسم
19	قیمت	قیمت|قیم	قیمت	قیمت|قیم+ت	O+N1|N1	اسم|اسم + ضمیر ملکی دوم شخص مفرد
20	ارز	ارز|ارز	ارز	ارز|ارز	N1|V6	فعل امر مثبت|اسم
21	در	در|در|در|در|در	در	در|در|در|در|در	VPr|N1|N1|V6|Pr	حرف اضافه|فعل امر مثبت|اسم|اسم|پیشوند فعل
22	بازار	بازار|ازار	بازار	بازار|ب+ازار	N1+O|N1	اسم|ب + اسم
23	آزاد	آزاد	آزاد	آزاد	A0	صفت
24	شده‌اند	شد	شده‌اند	شد+ه+اند	|O+O+v2	فعل ماضی نقلی:سوم شخص جمع
25	.	.	.	.	Si	علامت نگارشی

0	آنها	آن‌ها|آن‌ها|آنها|آنها	آن	آن‌ها|آن‌ها|آنها|آنها	N6|N5|N6|N5	ضمیر فاعلی|ضمیر اشاره|ضمیر فاعلی|ضمیر اشاره
1	عامل	عامل	عامل	عامل	N1	اسم
2	اصلی	اصلی|اصل	اصلی	اصلی|اصل+ی	Y+A0|A0	صفت|صفت + ی
3	افزایش	افزایش|افزا	افزایش	افزایش|افزا+ی+ش	N1|O+v1	اسم|فعل مضارع ساده:سوم شخص مفرد
4	قیمت	قیمت|قیم	قیمت	قیمت|قیم+ت	O+N1|N1	اسم|اسم + ضمیر ملکی دوم شخص مفرد
5	دلار	دلار	دلار	دلار	N1	اسم
6	را	را	را	را	Po	حرف اضافه پسین
7	دولت	دولت|دول|دول	دولت	دولت|دول+ت|دول+ت	O+N1|O+N1|N1	اسم|اسم + ضمیر ملکی دوم شخص مفرد|اسم + ضمیر ملکی دوم شخص مفرد
8	و	و|و|و	و	و|و|و	Ab|Al|C0	حرف ربط|حروف الفبا|اختصارات
9	تصویب‌شدن	تصویب شدن	تصویب‌شدن	تصویب+‌شدن	O	N1
10	قانون	قانون	قانون	قانون	N1	اسم
11	FATF	FATF	FATF	FATF	O	کلمه انگلیسی
12	در	در|در|در|در|در	در	در|در|در|در|در	VPr|N1|N1|V6|Pr	حرف اضافه|فعل امر مثبت|اسم|اسم|پیشوند فعل
13	مجلس	مجلس	مجلس	مجلس	N1	اسم
14	می‌دانند	دان	می‌دانند	می+دان+ند	|O+v1+O	فعل حال اخباری:سوم شخص جمع
15	.	.	.	.	Si	علامت نگارشی

0	در	در|در|در|در|در	در	در|در|در|در|در	VPr|N1|N1|V6|Pr	حرف اضافه|فعل امر مثبت|اسم|اسم|پیشوند فعل
1	روزهای	روز	روز	روز+ها+ی	Y+Pl+N1	اسم + علامت جمع + ی
2	اخیر	اخیر	اخیر	اخیر	A0	صفت
3	خبرگزاری	خبرگزاری|خبرگزار	خبرگزاری	خبرگزاری|خبرگزار+ی	Y+N1|N1	اسم|اسم + ی
4	فارس	فارس	فارس	فارس	N1	اسم
5	و	و|و|و	و	و|و|و	Ab|Al|C0	حرف ربط|حروف الفبا|اختصارات
6	روزنامه	روزنامه	روزنامه	روزنامه	N1	اسم
7	کیهان	کیهان	کیهان	کیهان	N1	اسم
8	با	با	با	با	Pr	حرف اضافه
9	تیترهایی	تیتر	تیتر	تیتر+ها+یی	O+Pl+N1	اسم + علامت جمع + یی
10	جهت‌دار	جهت‌دار|جهت|جه|جه	جهت‌دار	جهت‌دار|جهت+دار|جه+ت+دار|جه+ت+دار	O+O+N1|O+O+V1|O+N1|A0	صفت|اسم + دار|بن مضارع + ضمیر ملکی دوم شخص مفرد + دار|اسم + ضمیر ملکی دوم شخص مفرد + دار
11	،	،	،	،	O	
12	به	به|به	به	به|به	N1|Pr	حرف اضافه|اسم
13	شکلی	شکلی|شکل	شکلی	شکلی|شکل+ی	Y+N1|A0	صفت|اسم + ی
14	آشکار	آش‌کار|آشکار|آشکار	آشکار	آش‌کار|آشکار|آشکار	A0|V6|N1	اسم|فعل امر مثبت|صفت
15	رشد	رشد	رشد	رشد	N1	اسم
16	قیمت	قیمت|قیم	قیمت	قیمت|قیم+ت	O+N1|N1	اسم|اسم + ضمیر ملکی دوم شخص مفرد
17	دلار	دلار	دلار	دلار	N1	اسم
18	را	را	را	را	Po	حرف اضافه پسین
19	به	به|به	به	به|به	N1|Pr	حرف اضافه|اسم
20	دولت	دولت|دول|دول	دولت	دولت|دول+ت|دول+ت	O+N1|O+N1|N1	اسم|اسم + ضمیر ملکی دوم شخص مفرد|اسم + ضمیر ملکی دوم شخص مفرد
21	و	و|و|و	و	و|و|و	Ab|Al|C0	حرف ربط|حروف الفبا|اختصارات
22	تصویب	تصویب	تصویب	تصویب	N1	اسم
23	FATF	FATF	FATF	FATF	O	کلمه انگلیسی
24	نسبت‌داده‌اند	نسبت داده اند	نسبت‌داده‌اند	نسبت+داده+‌اند	O	N1
25	.	.	.	.	Si	علامت نگارشی

0	خاشقجی	خاشقجی	خاشقجی	خاش+ق+جی	O	N1
1	که	که|که|که|که	که	که|که|که|که	N1|N1|NA|C0	حرف ربط|ضمیر پرسشی|اسم|اسم
2	سابقه	سابقه|سابق	سابقه	سابقه|سابق+ه	O+A0|N1	اسم|صفت + ه
3	گفتگو	گفتگو	گفتگو	گفتگو	N1	اسم
4	با	با	با	با	Pr	حرف اضافه
5	بن‌لادن	بن‌لادن	بن‌لادن	بن‌لادن	N3	اسم خاص اشخاص
6	را	را	را	را	Po	حرف اضافه پسین
7	نیز	نیز|آز	نیز	نیز|نی+آز	V6|Ad	قید|فعل امر منفی
8	در	در|در|در|در|در	در	در|در|در|در|در	VPr|N1|N1|V6|Pr	حرف اضافه|فعل امر مثبت|اسم|اسم|پیشوند فعل
9	کارنامه	کارنامه	کارنامه	کارنامه	N1	اسم
10	خود	خود|خود	خود	خود|خود	N1|N8	ضمیر مشترک/متقابل|اسم
11	دارد	دار|دار	دارد	دار+د|دار+د	O+V5|O+v1	فعل مضارع ساده:سوم شخص مفرد|فعل کمکی + د
12	و	و|و|و	و	و|و|و	Ab|Al|C0	حرف ربط|حروف الفبا|اختصارات
13	پیش‌تر	پیشتر|پیش	پیش‌تر	پیشتر|پیش+تر	O+A0|A0	صفت|صفت + علامت صفت تفضیلی
14	هم	هم|هم|هم	هم	هم|هم|هم	N8|C0|Ad	قید|حرف ربط|ضمیر مشترک/متقابل
15	مشاور	مشاور	مشاور	مشاور	N1	اسم
16	دولت	دولت|دول|دول	دولت	دولت|دول+ت|دول+ت	O+N1|O+N1|N1	اسم|اسم + ضمیر ملکی دوم شخص مفرد|اسم + ضمیر ملکی دوم شخص مفرد
17	عربستان	عربستان	عربستان	عربستان	N2	اسم خاص مکان
18	بوده	بود|بود|بود|ود	بوده	بود+ه|بود+ه|بود+ه|ب+ود+ه	O+N1+O|O+V3|O+N1|O+v2	ریشه ماضی + ه|اسم + ه|فعل اسنادی + ه|ب + اسم + ه
19	و	و|و|و	و	و|و|و	Ab|Al|C0	حرف ربط|حروف الفبا|اختصارات
20	رابطه	رابطه|رابط	رابطه	رابطه|رابط+ه	O+N1|N1	اسم|اسم + ه
21	بسیار	بسیار|بسیار|سیار|بس	بسیار	بسیار|بسیار|ب+سیار|بس+یار	O+A0|A0+O|Ad|A0	صفت|قید|ب + صفت|صفت + یار
22	خوبی	خوبی|خوب	خوبی	خوبی|خوب+ی	Y+A0|N1	اسم|صفت + ی
23	با	با	با	با	Pr	حرف اضافه
24	شاهزادگان	شاهزاده	شاهزادگان	شاهزاده+گان	Pl+N1	اسم + علامت جمع
25	سعودی	سعودی|سعود	سعودی	سعودی|سعود+ی	Y+N1|A0	صفت|اسم + ی
26	علی‌الخصوص	علی‌الخصوص	علی‌الخصوص	علی‌الخصوص	Ad	قید
27	محمد	محمد	محمد	محمد	N3	اسم خاص اشخاص
28	بن	بن|بن	بن	بن|بن	N1|N2	اسم خاص مکان|اسم
29	نایف	نایف	نایف	نا+ی+ف	O	N1
30	ولیعهد	ولیعهد	ولیعهد	ولیعهد	N1	اسم
31	برکنارشده	برکنارشده	برکنارشده	برکنارشده	A0	صفت
32	سعودی	سعودی|سعود	سعودی	سعودی|سعود+ی	Y+N1|A0	صفت|اسم + ی
33	داشته است	داشت	داشته است	داشت+ه+است	|O+O+v2	فعل ماضی نقلی:سوم شخص مفرد
34	در	در|در|در|در|در	در	در|در|در|در|در	VPr|N1|N1|V6|Pr	حرف اضافه|فعل امر مثبت|اسم|اسم|پیشوند فعل
35	سال	سال	سال	سال	N1	اسم
36	2017	2017	۲۰۱۷	2017	Nu	عدد رقمی
37	درپی	درپی	درپی	درپی	Pr1	حرف اضافه گروهی
38	طرح	طرح	طرح	طرح	N1	اسم
39	انتقادهایی	انتقاد	انتقاد	انتقاد+ها+یی	O+Pl+N1	اسم + علامت جمع + یی
40	نسبت‌به	نسبت‌به	نسبت‌به	نسبت‌به	Pr1	حرف اضافه گروهی
41	سیاست‌های	سیاست|سیاس	سیاست‌	سیاست+ها+ی|سیاس+ها+ی	Y+Pl+A0|Y+Pl+N1	اسم + علامت جمع + ی|صفت + علامت جمع + ی
42	محمد	محمد	محمد	محمد	N3	اسم خاص اشخاص
43	بن‌سلمان	بن‌سلمان	بن‌سلمان	بن‌سلمان	N3	اسم خاص اشخاص
44	،	،	،	،	O	
45	ولیعهد	ولیعهد	ولیعهد	ولیعهد	N1	اسم
46	عربستان	عربستان	عربستان	عربستان	N2	اسم خاص مکان
47	و	و|و|و	و	و|و|و	Ab|Al|C0	حرف ربط|حروف الفبا|اختصارات
48	نیز	نیز|آز	نیز	نیز|نی+آز	V6|Ad	قید|فعل امر منفی
49	زیرسؤال‌بردن	زیرسوال بردن	زیرسؤال‌بردن	زیر+سؤال+برد+ن	O	N1
50	مداخله	مداخله	مداخله	مداخله	N1	اسم
51	نظامی	نظامی|نظام	نظامی	نظامی|نظام+ی	Y+N1|A0	صفت|اسم + ی
52	عربستان	عربستان	عربستان	عربستان	N2	اسم خاص مکان
53	در	در|در|در|در|در	در	در|در|در|در|در	VPr|N1|N1|V6|Pr	حرف اضافه|فعل امر مثبت|اسم|اسم|پیشوند فعل
54	یمن	یمن|یمن	یمن	یمن|یمن	N1|N2	اسم خاص مکان|اسم
55	،	،	،	،	O	
56	از	از	از	از	Pr	حرف اضافه
57	بیم	بیم	بیم	بیم	N1	اسم
58	دستگیری	دستگیری|دستگیر	دستگیری	دستگیری|دستگیر+ی	Y+N1|N1	اسم|اسم + ی
59	عربستان	عربستان	عربستان	عربستان	N2	اسم خاص مکان
60	را	را	را	را	Po	حرف اضافه پسین
61	ترک‌کرد	ترک کرد	ترک‌کرد	ترک+کرد	O	N1
62	و	و|و|و	و	و|و|و	Ab|Al|C0	حرف ربط|حروف الفبا|اختصارات
63	به	به|به	به	به|به	N1|Pr	حرف اضافه|اسم
64	آمریکا	امریکا	آمریکا	امریکا	N2	اسم خاص مکان
65	رفت	رفت|رفت|رف	رفت	رفت|رفت|رف+ت	O+N1|v2|v2	فعل ماضی ساده:سوم شخص مفرد|فعل ماضی ساده:سوم شخص مفرد|اسم + ضمیر ملکی دوم شخص مفرد
66	.	.	.	.	Si	علامت نگارشی

0	شب	شب	شب	شب	N1	اسم
1	عید	عید	عید	عید	N1	اسم
2	نوروز	نوروز|نوروز	نوروز	نوروز|نوروز	N1|N1	اسم|اسم
3	بود	بود|بود|بود|بو|ود	بود	بود|بود|بود|بو+د|ب+ود	N1+O|N1|v2|v2|O+v1	فعل ماضی ساده:سوم شخص مفرد|اسم|فعل ماضی ساده:سوم شخص مفرد|فعل مضارع ساده:سوم شخص مفرد|ب + اسم
4	و	و|و|و	و	و|و|و	Ab|Al|C0	حرف ربط|حروف الفبا|اختصارات
5	موقع	موقع	موقع	موقع	N1	اسم
6	ترفیع	ترفیع	ترفیع	ترفیع	N1	اسم
7	رتبه	رتبه	رتبه	رتبه	N1	اسم
8	.	.	.	.	Si	علامت نگارشی

0	در	در|در|در|در|در	در	در|در|در|در|در	VPr|N1|N1|V6|Pr	حرف اضافه|فعل امر مثبت|اسم|اسم|پیشوند فعل
1	اداره	اداره	اداره	اداره	N1	اسم
2	با	با	با	با	Pr	حرف اضافه
3	هم‌قطارها‌	قطار	هم‌قطار‌	هم+قطار+ها	Pl+N1+O	هم + اسم + علامت جمع
4	قرارومدار	قرارومدار	قرارومدار	قرارومدار	N1	اسم
5	گذاشته‌بودیم	گذاشت|گذاشت	گذاشته‌بودیم	گذاشت+ه+بود+یم|گذاشت+ه+بود+ی+م	|O+O+O+v2|O+O+O+v2	فعل ماضی بعید:اول شخص جمع|فعل ماضی بعید:اول شخص مفرد
6	که	که|که|که|که	که	که|که|که|که	N1|N1|NA|C0	حرف ربط|ضمیر پرسشی|اسم|اسم
7	هرکس	هرکس	هرکس	هرکس	Ad	قید
8	اول	اول	اول	اول	A0	صفت
9	ترفیع	ترفیع	ترفیع	ترفیع	N1	اسم
10	رتبه	رتبه	رتبه	رتبه	N1	اسم
11	یافت	یافت	یافت	یافت	|v2	فعل ماضی ساده:سوم شخص مفرد
12	،	،	،	،	O	
13	به	به|به	به	به|به	N1|Pr	حرف اضافه|اسم
14	عنوان	عنوان	عنوان	عنوان	N1	اسم
15	ولیمه	ولیمه|ولی|ولی	ولیمه	ولیمه|ولی+م+ه|ولی+م+ه	O+N1|O+O+N1|N1	اسم|اسم + ضمیر ملکی اول شخص مفرد + ه|اسم + فعل اول شخص مفرد
16	یک	یک	یک	یک	No	عدد حرفی
17	مهمانی	مهمانی|مهمان	مهمانی	مهمانی|مهمان+ی	Y+N1|N1	اسم|اسم + ی
18	دسته‌جمعی	دسته‌جمعی	دسته‌جمعی	دسته‌جمعی	A0	صفت
19	کرده	کرده|کرد|کرد	کرده	کرده|کرد+ه|کرد+ه	O+N1|O+v2|N1	اسم|ریشه ماضی + ه|اسم + ه
20	،	،	،	،	O	
21	کباب	کباب	کباب	کباب	N1	اسم
22	غاز	غاز	غاز	غاز	N1	اسم
23	صحیحی	صحیح	صحیحی	صحیح+ی	Y+A0	صفت + ی
24	بدهد	ده	بدهد	ب+ده+د	|O+v1+O	فعل حال التزامی:سوم شخص مفرد
25	دوستان	دوست	دوستان	دوست+ان	O+N1	اسم + ان
26	نوش‌جان	نوش‌جان	نوش‌جان	نوش‌جان	Exp	عبارت
27	نموده	نموده|نمود|نمود	نموده	نموده|نمود+ه|نمود+ه	O+N1|O+v2|A0	صفت|ریشه ماضی + ه|اسم + ه
28	به	به|به	به	به|به	N1|Pr	حرف اضافه|اسم
29	عمر	عمر|عمر	عمر	عمر|عمر	N3|N1	اسم|اسم خاص اشخاص
30	و	و|و|و	و	و|و|و	Ab|Al|C0	حرف ربط|حروف الفبا|اختصارات
31	عزتش	عزت	عزتش	عزت+ش	O+N1	اسم + ضمیر ملکی سوم شخص مفرد
32	دعاکنند	دعاکنند	دعاکنند	دعا+کنند	O	N1
33	.	.	.	.	Si	علامت نگارشی

0	زد	زد|زد|زد	زد	زد|زد|زد	Ab|N1|v2	فعل ماضی ساده:سوم شخص مفرد|اسم|اختصارات
1	و	و|و|و	و	و|و|و	Ab|Al|C0	حرف ربط|حروف الفبا|اختصارات
2	ترفیع	ترفیع	ترفیع	ترفیع	N1	اسم
3	رتبه	رتبه	رتبه	رتبه	N1	اسم
4	به	به|به	به	به|به	N1|Pr	حرف اضافه|اسم
5	اسم	اسم|اس|اس	اسم	اسم|اس+م|اس+م	O+N1|O+N1|N1	اسم|اسم + ضمیر ملکی اول شخص مفرد|اسم + فعل اول شخص مفرد
6	من	من	من	من	N5	ضمیر فاعلی
7	درآمد	درآمد|درآمد	درآمد	درآمد|درآمد	N1|v2	فعل ماضی ساده:سوم شخص مفرد|اسم
8	.	.	.	.	Si	علامت نگارشی

0	فوراً	فوراً	فورا	فوراً	Ad	قید
1	مسأله‌ی	مساله	مسأله‌ی	مسأله+‌ی	O	N1
2	مهمانی	مهمانی|مهمان	مهمانی	مهمانی|مهمان+ی	Y+N1|N1	اسم|اسم + ی
3	و	و|و|و	و	و|و|و	Ab|Al|C0	حرف ربط|حروف الفبا|اختصارات
4	قرار	قرار|قرار	قرار	قرار|قرار	N9|N1	اسم|اسم موجود در ساختمان حرف اضافه و حرف ربط گروهی
5	با	با	با	با	Pr	حرف اضافه
6	رفقا	رفقا	رفقا	رفقا	N1	اسم
7	را	را	را	را	Po	حرف اضافه پسین
8	با	با	با	با	Pr	حرف اضافه
9	عیالم	عیال|عیال	عیالم	عیال+م|عیال+م	O+N1|O+N1	اسم + ضمیر ملکی اول شخص مفرد|اسم + فعل اول شخص مفرد
10	که	که|که|که|که	که	که|که|که|که	N1|N1|NA|C0	حرف ربط|ضمیر پرسشی|اسم|اسم
11	به	به|به	به	به|به	N1|Pr	حرف اضافه|اسم
12	تازگی	تازگی|تازه|تاز	تازگی	تازگی|تازه+گی|تاز+ه+گی	O+O+V1|O+A0|Ad	قید|صفت + گی|بن مضارع + ه + گی
13	باهم	باهم|اهم|باه|باه|اه|اه	باهم	باهم|ب+اهم|باه+م|باه+م|ب+اه+م|ب+اه+م	O+N1+O|O+N1+O|O+N1|O+N1|A0+O|Ad	قید|ب + صفت|اسم + ضمیر ملکی اول شخص مفرد|اسم + فعل اول شخص مفرد|ب + اسم + ضمیر ملکی اول شخص مفرد|ب + اسم + فعل اول شخص مفرد
14	‌عروسی‌	عروسی|عروس	‌عروسی‌	عروسی|عروس+ی	Y+N1|N1	اسم|اسم + ی
15	کرده‌بودیم	کرد|کرد	کرده‌بودیم	کرد+ه+بود+یم|کرد+ه+بود+ی+م	|O+O+O+v2|O+O+O+v2	فعل ماضی بعید:اول شخص جمع|فعل ماضی بعید:اول شخص مفرد
16	درمیان‌	درم	درمیان‌	درم+ی+ان	O+Y+N1	اسم + ی + ان
17	گذاشتم	گذاشت	گذاشتم	گذاشت+م	|O+v2	فعل ماضی ساده:اول شخص مفرد
18	.	.	.	.	Si	علامت نگارشی

0	گفت	گفت|گفت	گفت	گفت|گفت	N1|v2	فعل ماضی ساده:سوم شخص مفرد|اسم
1	تو	تو|تو|تو	تو	تو|تو|تو	N1|Ad|N5	ضمیر فاعلی|قید|اسم
2	شیرینی	شیرینی|شیرین|شیر	شیرینی	شیرینی|شیرین+ی|شیر+ین+ی	Y+O+N1|Y+A0|N1	اسم|صفت + ی|اسم + ین + ی
3	عروسی	عروسی|عروس	عروسی	عروسی|عروس+ی	Y+N1|N1	اسم|اسم + ی
4	هم	هم|هم|هم	هم	هم|هم|هم	N8|C0|Ad	قید|حرف ربط|ضمیر مشترک/متقابل
5	به	به|به	به	به|به	N1|Pr	حرف اضافه|اسم
6	دوستانت	دوست	دوستانت	دوست+ان+ت	O+O+N1	اسم + ان + ضمیر ملکی دوم شخص مفرد
7	نداده‌ای	نداده|داد	نداده‌ای	نداده+ای|ن+داد+ه+ای	O+A0|O+O+v2+Neg	صفت + ای|فعل ماضی نقلی منفی:دوم شخص مفرد
8	و	و|و|و	و	و|و|و	Ab|Al|C0	حرف ربط|حروف الفبا|اختصارات
9	باید	باید	باید	باید	V4	فعل وجه نما
10	در	در|در|در|در|در	در	در|در|در|در|در	VPr|N1|N1|V6|Pr	حرف اضافه|فعل امر مثبت|اسم|اسم|پیشوند فعل
11	این	این|این	این	این|این	N6|A1	صفت اشاره|ضمیر اشاره
12	موقع	موقع	موقع	موقع	N1	اسم
13	درست	درست|درس	درست	درست|درس+ت	O+N1|A0	صفت|اسم + ضمیر ملکی دوم شخص مفرد
14	جلوشان	جلو	جلوشان	جلو+شان	O+A0	صفت + ضمیر ملکی سوم شخص جمع
15	درآیی	درا|در|در|در	درآیی	درا+یی|در+ا+یی|در+ا+یی|در+ا+یی	O+O+N1|O+O+N1|O+O+v1|O+v1	فعل مضارع ساده:دوم شخص مفرد|ریشه مضارع + ا + یی|اسم + ا + یی|اسم + ا + یی
16	.	.	.	.	Si	علامت نگارشی

0	ولی	ولی|ولی|ول|ول	ولی	ولی|ولی|ول+ی|ول+ی	Y+N1|Y+A0|N1|C0	حرف ربط|اسم|صفت + ی|اسم + ی
1	چیزی	چیزی|چیز	چیزی	چیزی|چیز+ی	Y+N1|Ad	قید|اسم + ی
2	که	که|که|که|که	که	که|که|که|که	N1|N1|NA|C0	حرف ربط|ضمیر پرسشی|اسم|اسم
3	هست	هست|هست	هست	هست|هست	N1|O+v1	فعل مضارع ساده:سوم شخص مفرد|اسم
4	چون	چون|چون	چون	چون|چون	Pr|C0	حرف ربط|حرف اضافه
5	ظرف	ظرف	ظرف	ظرف	N1	اسم
6	و	و|و|و	و	و|و|و	Ab|Al|C0	حرف ربط|حروف الفبا|اختصارات
7	کارد	کارد|کار	کارد	کارد|کار+د	N1|O+v1	اسم|فعل مضارع ساده:سوم شخص مفرد
8	و	و|و|و	و	و|و|و	Ab|Al|C0	حرف ربط|حروف الفبا|اختصارات
9	چنگال	چنگال	چنگال	چنگال	N1	اسم
10	برای	برای|برا|بر	برای	برای|برا+ی|بر+ا+ی	Y+O+v1|Y+A0|Pr	حرف اضافه|صفت + ی|ریشه مضارع + ا + ی
11	دوازده	دوازده	دوازده	دوازده	No	عدد حرفی
12	نفر	نفر	نفر	نفر	N1	اسم
13	بیش‌تر	بیشتر|بیش	بیش‌تر	بیشتر|بیش+تر	O+A0|A0	صفت|صفت + علامت صفت تفضیلی
14	نداریم	نداری|نداری|دار|دار|دار|دار|دار	نداریم	نداری+م|نداری+م|ن+دار+یم|ن+دار+ی+م|ن+دار+یم|ن+دار+ی+م|ن+دار+ی+م	O+Y+V5+Neg|O+Y+V5+Neg|O+V5+Neg|O+N1|O+N1|O+v1+Neg|O+v1+Neg	اسم + ضمیر ملکی اول شخص مفرد|اسم + فعل اول شخص مفرد|فعل حال التزامی منفی:اول شخص جمع|فعل حال التزامی منفی:دوم شخص مفرد|ن + فعل کمکی + فعل اول شخص جمع|ن + فعل کمکی + ی + ضمیر ملکی اول شخص مفرد|ن + فعل کمکی + ی + فعل اول شخص مفرد
15	یا	یا|یا	یا	یا|یا	Intj|C0	حرف ربط|صوت
16	باید	باید	باید	باید	V4	فعل وجه نما
17	باز	باز|باز|باز|باز|باز	باز	باز|باز|باز|باز|باز	VPr|N1|Ad|A0|V6	فعل امر مثبت|صفت|قید|اسم|پیشوند فعل
18	یک	یک	یک	یک	No	عدد حرفی
19	دست	دست|دست	دست	دست|دست	N9|N1	اسم|اسم موجود در ساختمان حرف اضافه و حرف ربط گروهی
20	دیگر	دیگر|دیگر|دی	دیگر	دیگر|دیگر|دی+گر	O+N1|A2|Ad	قید|صفت مبهم|اسم + گر
21	خرید	خرید|خرید|خر|خر|خر	خرید	خرید|خرید|خر+ید|خر+ید|خر+ید	O+N1|O+N1|N1|v2|O+v1	فعل ماضی ساده:سوم شخص مفرد|اسم|فعل مضارع ساده:دوم شخص جمع|اسم + فعل دوم شخص جمع|اسم + فعل دوم شخص جمع
22	و	و|و|و	و	و|و|و	Ab|Al|C0	حرف ربط|حروف الفبا|اختصارات
23	یا	یا|یا	یا	یا|یا	Intj|C0	حرف ربط|صوت
24	باید	باید	باید	باید	V4	فعل وجه نما
25	عده‌ی	عده|عده	عده‌ی	عده+ی|عده+ی	Y+N1|Y+N1	اسم + ی|اسم + ی
26	مهمان	مهمان|مه|مه	مهمان	مهمان|مه+مان|مه+مان	O+N1|O+N1|N1	اسم|اسم + ضمیر ملکی اول شخص جمع|اسم + ضمیر ملکی اول شخص جمع
27	بیشتر	بیشتر|بیش|شتر	بیشتر	بیشتر|بیش+تر|بی+شتر	N1+O|O+A0|A0	صفت|صفت + علامت صفت تفضیلی|بی + اسم
28	از	از	از	از	Pr	حرف اضافه
29	یازده	یازده	یازده	یازده	No	عدد حرفی
30	نفر	نفر	نفر	نفر	N1	اسم
31	نباشد	باش	نباشد	ن+باش+د	|O+v1+Neg	فعل حال التزامی منفی:سوم شخص مفرد
32	که	که|که|که|که	که	که|که|که|که	N1|N1|NA|C0	حرف ربط|ضمیر پرسشی|اسم|اسم
33	با	با	با	با	Pr	حرف اضافه
34	خودت	خودت|خود	خودت	خودت|خود+ت	O+N1|N7	ضمیر تاکیدی/انعکاسی|اسم + ضمیر ملکی دوم شخص مفرد
35	بشود	شود|شو	بشود	ب+شود|ب+شو+د	N1+O|O+v1+O	ب + اسم|فعل حال التزامی:سوم شخص مفرد
36	دوازده	دوازده	دوازده	دوازده	No	عدد حرفی
37	نفر	نفر	نفر	نفر	N1	اسم
38	.	.	.	.	Si	علامت نگارشی

0	گفتم	گفت|گفت|گفت	گفتم	گفت+م|گفت+م|گفت+م	O+N1|O+N1|O+v2	فعل ماضی ساده:اول شخص مفرد|اسم + ضمیر ملکی اول شخص مفرد|اسم + فعل اول شخص مفرد
1	خودت	خودت|خود	خودت	خودت|خود+ت	O+N1|N7	ضمیر تاکیدی/انعکاسی|اسم + ضمیر ملکی دوم شخص مفرد
2	بهتر	بهتر	بهتر	بهتر	A0	صفت
3	می‌دانی	میدانی|دان|می|می	می‌دانی	میدانی|می+دان+ی|می+دان+ی|می+دان+ی	Y+O+N1|Y+O+N1|A0|O+v1+O	صفت|فعل حال اخباری:دوم شخص مفرد|اسم + دان + ی|اسم + دان + ی
4	که	که|که|که|که	که	که|که|که|که	N1|N1|NA|C0	حرف ربط|ضمیر پرسشی|اسم|اسم
5	در	در|در|در|در|در	در	در|در|در|در|در	VPr|N1|N1|V6|Pr	حرف اضافه|فعل امر مثبت|اسم|اسم|پیشوند فعل
6	این	این|این	این	این|این	N6|A1	صفت اشاره|ضمیر اشاره
7	شب	شب	شب	شب	N1	اسم
8	عیدی	عیدی|عید	عیدی	عیدی|عید+ی	Y+N1|N1	اسم|اسم + ی
9	مالیه	مالیه|مالی	مالیه	مالیه|مالی+ه	O+A0|N1	اسم|صفت + ه
10	ازچه‌قراراست	ازچه قراراست	ازچه‌قراراست	از+چه+قرار+است	O	N1
11	و	و|و|و	و	و|و|و	Ab|Al|C0	حرف ربط|حروف الفبا|اختصارات
12	بودجه	بودجه	بودجه	بودجه	N1	اسم
13	ابدن	ابدن	ابدن	ابد+ن	O	N1
14	اجازه‌ی	اجازه	اجازه‌ی	اجازه+ی	Y+N1	اسم + ی
15	خریدن	خرید|خر	خریدن	خرید+ن|خر+ید+ن	Neg+O+V1|Neg+V2	بن ماضی + ن|بن مضارع + فعل دوم شخص جمع + ن
16	خرت‌و‌پرت	خرت و پرت	خرت‌و‌پرت	خر+ت+و+پر+ت	O	N1
17	تازه	تازه|تاز	تازه	تازه|تاز+ه	O+V1|A0	صفت|بن مضارع + ه
18	نمی‌دهد	ده	نمی‌دهد	نمی+ده+د	|O+v1+O+Neg	فعل حال اخباری منفی:سوم شخص مفرد
19	و	و|و|و	و	و|و|و	Ab|Al|C0	حرف ربط|حروف الفبا|اختصارات
20	دوستان	دوست	دوستان	دوست+ان	O+N1	اسم + ان
21	هم	هم|هم|هم	هم	هم|هم|هم	N8|C0|Ad	قید|حرف ربط|ضمیر مشترک/متقابل
22	از	از	از	از	Pr	حرف اضافه
23	بیست	بیست	بیست	بیست	No	عدد حرفی
24	و	و|و|و	و	و|و|و	Ab|Al|C0	حرف ربط|حروف الفبا|اختصارات
25	سه	سه	سه	سه	No	عدد حرفی
26	چهار	چهار	چهار	چهار	No	عدد حرفی
27	نفر	نفر	نفر	نفر	N1	اسم
28	کم‌تر	کم	کم‌تر	کم+تر	O+A0	صفت + علامت صفت تفضیلی
29	نمی‌شوند	شو	نمی‌شوند	نمی+شو+ند	|O+v1+O+Neg	فعل حال اخباری منفی:سوم شخص جمع
30	.	.	.	.	Si	علامت نگارشی

0	گفت	گفت|گفت	گفت	گفت|گفت	N1|v2	فعل ماضی ساده:سوم شخص مفرد|اسم
1	یک	یک	یک	یک	No	عدد حرفی
2	بر	بر|بر|بر|بر	بر	بر|بر|بر|بر	N1|VPr|V6|Pr	حرف اضافه|فعل امر مثبت|پیشوند فعل|اسم
3	نره	نره|ره|نر	نره	نره|ن+ره|نر+ه	O+A0|V6|A0	صفت|فعل امر منفی|صفت + ه
4	خر	خر|خر|خر	خر	خر|خر|خر	N1|N1|V6	فعل امر مثبت|اسم|اسم
5	گردن‌کلفت	گردن‌کلفت	گردن‌کلفت	گردن‌کلفت	A0	صفت
6	را	را	را	را	Po	حرف اضافه پسین
7	که	که|که|که|که	که	که|که|که|که	N1|N1|NA|C0	حرف ربط|ضمیر پرسشی|اسم|اسم
8	نمی‌شود	شو	نمی‌شود	نمی+شو+د	|O+v1+O+Neg	فعل حال اخباری منفی:سوم شخص مفرد
9	وعده‌	وعده	وعده‌	وعده	N1	اسم
10	گرفت	گرفت|گرفت	گرفت	گرفت|گرفت	N1|v2	فعل ماضی ساده:سوم شخص مفرد|اسم
11	.	.	.	.	Si	علامت نگارشی

0	تنها	تنها|تن|تن	تنها	تنها|تن+ها|تن+ها	Pl+N1|Pl+N1|A0	صفت|اسم + علامت جمع|اسم + علامت جمع
1	همان	همان|همان|هم	همان	همان|همان|هم+ان	O+Ad|N6|A1	صفت اشاره|ضمیر اشاره|قید + ان
2	رتبه‌های	رتبه	رتبه‌	رتبه+ها+ی	Y+Pl+N1	اسم + علامت جمع + ی
3	بالا	بالا|بال	بالا	بالا|بال+ا	O+v1|A0	صفت|ریشه مضارع + ا
4	را	را	را	را	Po	حرف اضافه پسین
5	وعده‌بگیر	وعده بگیر	وعده‌بگیر	وعده+ب+گیر	O	N1
6	و	و|و|و	و	و|و|و	Ab|Al|C0	حرف ربط|حروف الفبا|اختصارات
7	مابقی	مابقی	مابقی	مابقی	N1	اسم
8	را	را	را	را	Po	حرف اضافه پسین
9	نقداً	نقداً	نقدا	نقداً	Ad	قید
10	خط‌بکش	خطب	خط‌بکش	خطب+ک+ش	O+O+N1	اسم + ک + ضمیر ملکی سوم شخص مفرد
11	و	و|و|و	و	و|و|و	Ab|Al|C0	حرف ربط|حروف الفبا|اختصارات
12	بگذار	گذار|گذار	بگذار	ب+گذار|ب+گذار	N1+O|V6	فعل امر مثبت|ب + اسم
13	‌سماق‌	سماق	‌سماق‌	سماق	N1	اسم
14	بمکند	مک|بم|مک	بمکند	ب+مک+ند|بم+ک+ند|ب+مک+ند	O+N1+O|O+O+A0|O+v1+O	فعل حال التزامی:سوم شخص جمع|صفت + ک + فعل سوم شخص جمع|ب + اسم + فعل سوم شخص جمع
15	.	.	.	.	Si	علامت نگارشی

0	گفتم	گفت|گفت|گفت	گفتم	گفت+م|گفت+م|گفت+م	O+N1|O+N1|O+v2	فعل ماضی ساده:اول شخص مفرد|اسم + ضمیر ملکی اول شخص مفرد|اسم + فعل اول شخص مفرد
1	ای	ای|ای	ای	ای|ای	Ab|Intj	صوت|اختصارات
2	بابا	بابا|بابا	بابا	بابا|بابا	Sp|N1	اسم|شاخص
3	،	،	،	،	O	
4	خدا	خدا	خدا	خدا	N1	اسم
5	را	را	را	را	Po	حرف اضافه پسین
6	خوش	خوش	خوش	خوش	A0	صفت
7	نمی‌آید	نم	نمی‌آید	نم+ی+اید	O+Y+N1	اسم + ی + فعل دوم شخص جمع
8	.	.	.	.	Si	علامت نگارشی

0	این	این|این	این	این|این	N6|A1	صفت اشاره|ضمیر اشاره
1	بدبخت‌ها	بدبخت	بدبخت‌	بدبخت+ها	Pl+A0	صفت + علامت جمع
2	سال	سال	سال	سال	N1	اسم
3	آزگار	آزگار|آز	آزگار	آزگار|آز+گار	O+N1|A0	صفت|اسم + گار
4	یک	یک	یک	یک	No	عدد حرفی
5	بار	بار|بار	بار	بار|بار	N1|V6	فعل امر مثبت|اسم
6	برایشان	برای|برا|بر	برایشان	برای+شان|برا+ی+شان|بر+ا+ی+شان	O+Y+O+v1|O+A0|O+Pr	حرف اضافه + ضمیر ملکی سوم شخص جمع|صفت + ضمیر ملکی سوم شخص جمع|ریشه مضارع + ا + ی + ضمیر ملکی سوم شخص جمع
7	چنین	چنین	چنین	چنین	A2	صفت مبهم
8	پایی	پایی|پا	پایی	پایی|پا+یی	O+N1|A0	صفت|اسم + یی
9	می‌افتد	افت	می‌افتد	می+افت+د	|O+v1+O	فعل حال اخباری:سوم شخص مفرد
10	و	و|و|و	و	و|و|و	Ab|Al|C0	حرف ربط|حروف الفبا|اختصارات
11	شکم‌ها	شکم	شکم‌	شکم+ها	Pl+N1	اسم + علامت جمع
12	را	را	را	را	Po	حرف اضافه پسین
13	مدتی	مدت	مدتی	مدت+ی	Y+N1	اسم + ی
14	است	است|اس	است	است|اس+ت	O+N1|O+v1	فعل مضارع ساده:سوم شخص مفرد|اسم + ضمیر ملکی دوم شخص مفرد
15	صابون‌	صابون	صابون‌	صابون	N1	اسم
16	زده‌اند	زده|زد|زد	زده‌اند	زده+اند|زد+ه+اند|زد+ه+اند	O+O+N1|O+A0|O+O+v2	صفت + فعل سوم شخص جمع|فعل ماضی نقلی:سوم شخص جمع|اسم + ه + فعل سوم شخص جمع
17	که	که|که|که|که	که	که|که|که|که	N1|N1|NA|C0	حرف ربط|ضمیر پرسشی|اسم|اسم
18	کباب	کباب	کباب	کباب	N1	اسم
19	غاز	غاز	غاز	غاز	N1	اسم
20	بخورند	خورند|بخور|بخور|خور	بخورند	ب+خورند|بخور+ند|بخور+ند|ب+خور+ند	O+A0|O+N1|A0+O|O+v1+O	ب + صفت|اسم + فعل سوم شخص جمع|صفت + فعل سوم شخص جمع|فعل حال التزامی:سوم شخص جمع
21	و	و|و|و	و	و|و|و	Ab|Al|C0	حرف ربط|حروف الفبا|اختصارات
22	ساعت‌شماری	ساعت‌شماری	ساعت‌شماری	ساعت‌شماری	N1	اسم
23	می‌کنند	کن|کن	می‌کنند	می+کن+ند|می+کن+ند	|O+v1+O|O+v1+O	فعل حال اخباری:سوم شخص جمع|فعل حال اخباری:سوم شخص جمع
24	.	.	.	.	Si	علامت نگارشی

0	اگر	اگر	اگر	اگر	C0	حرف ربط
1	از	از	از	از	Pr	حرف اضافه
2	زیرش	زیر	زیرش	زیر+ش	O+A0	صفت + ضمیر ملکی سوم شخص مفرد
3	دربروم	دررو	دربروم	ب+دررو+م	|O+v1+O	فعل حال التزامی:اول شخص مفرد
4	چشمم	چشم|چشم|چش	چشمم	چشم+م|چشم+م|چش+م+م	O+N1|O+N1|O+v1	اسم + ضمیر ملکی اول شخص مفرد|اسم + فعل اول شخص مفرد|فعل مضارع ساده:اول شخص مفرد
5	را	را	را	را	Po	حرف اضافه پسین
6	درخواهند‌	در|در|در	درخواهند‌	در+خواه+ند|در+خواه+ند|در+خواه+ند	O+O+N1|O+O+N1|O+O+V1	بن مضارع + خواه + فعل سوم شخص جمع|اسم + خواه + فعل سوم شخص جمع|اسم + خواه + فعل سوم شخص جمع
7	آورد	آورد|آور	آورد	آورد|آور+د	|v2|O+v1	فعل ماضی ساده:سوم شخص مفرد|فعل مضارع ساده:سوم شخص مفرد
8	و	و|و|و	و	و|و|و	Ab|Al|C0	حرف ربط|حروف الفبا|اختصارات
9	حالا	حالا	حالا	حالا	Ad	قید
10	که	که|که|که|که	که	که|که|که|که	N1|N1|NA|C0	حرف ربط|ضمیر پرسشی|اسم|اسم
11	خودمانیم	خود	خودمانیم	خود+مان+یم	O+O+N1	اسم + ضمیر ملکی اول شخص جمع + فعل اول شخص جمع
12	،	،	،	،	O	
13	حق	حق|حق	حق	حق|حق	N9|N1	اسم|اسم موجود در ساختمان حرف اضافه و حرف ربط گروهی
14	هم	هم|هم|هم	هم	هم|هم|هم	N8|C0|Ad	قید|حرف ربط|ضمیر مشترک/متقابل
15	دارند	دار|دار|دار	دارند	دار+ند|دار+ند|دار+ند	O+V5|O+N1|O+v1	فعل مضارع ساده:سوم شخص جمع|اسم + فعل سوم شخص جمع|فعل کمکی + فعل سوم شخص جمع
16	.	.	.	.	Si	علامت نگارشی

0	چطور	چطور|چطور	چطور	چطور|چطور	Ad|A0	صفت|قید
1	است	است|اس	است	است|اس+ت	O+N1|O+v1	فعل مضارع ساده:سوم شخص مفرد|اسم + ضمیر ملکی دوم شخص مفرد
2	از	از	از	از	Pr	حرف اضافه
3	منزل	منزل	منزل	منزل	N1	اسم
4	یکی	یکی|یک	یکی	یکی|یک+ی	Y+No|A2	صفت مبهم|عدد حرفی + ی
5	از	از	از	از	Pr	حرف اضافه
6	دوستان	دوست	دوستان	دوست+ان	O+N1	اسم + ان
7	و	و|و|و	و	و|و|و	Ab|Al|C0	حرف ربط|حروف الفبا|اختصارات
8	آشنایان	آشنا	آشنایان	آشنا+ی+ان	O	N1
9	یک	یک	یک	یک	No	عدد حرفی
10	‌دست	دست|دست	‌دست	دست|دست	N9|N1	اسم|اسم موجود در ساختمان حرف اضافه و حرف ربط گروهی
11	دیگر	دیگر|دیگر|دی	دیگر	دیگر|دیگر|دی+گر	O+N1|A2|Ad	قید|صفت مبهم|اسم + گر
12	ظرف	ظرف	ظرف	ظرف	N1	اسم
13	و	و|و|و	و	و|و|و	Ab|Al|C0	حرف ربط|حروف الفبا|اختصارات
14	لوازم	لوازم	لوازم	لوازم	N1	اسم
15	عاریه	عاریه|عاری	عاریه	عاریه|عاری+ه	O+A0|A0	صفت|صفت + ه
16	بگیریم	گیریم|بگیر|گیر|گیر|گیر	بگیریم	ب+گیریم|بگیر+یم|ب+گیر+یم|ب+گیر+ی+م|ب+گیر+یم	O+A0+O|O+A0|N1+O|O+v1+O|O+v1+O	ب + اسم|صفت + فعل اول شخص جمع|فعل حال التزامی:اول شخص جمع|فعل حال التزامی:دوم شخص مفرد|ب + صفت + فعل اول شخص جمع
17	.	.	.	.	Si	علامت نگارشی

0	اینک	اینک	اینک	اینک	Ad	قید
1	روز	روز	روز	روز	N1	اسم
2	دوم	دوم|دو|دو|دو	دوم	دوم|دو+م|دو+م|دو+م	O+N1|O+N1|A0|O+v1	صفت|فعل مضارع ساده:اول شخص مفرد|اسم + ضمیر ملکی اول شخص مفرد|اسم + فعل اول شخص مفرد
3	عید	عید	عید	عید	N1	اسم
4	است	است|اس	است	است|اس+ت	O+N1|O+v1	فعل مضارع ساده:سوم شخص مفرد|اسم + ضمیر ملکی دوم شخص مفرد
5	و	و|و|و	و	و|و|و	Ab|Al|C0	حرف ربط|حروف الفبا|اختصارات
6	تدارک	تدارک	تدارک	تدارک	N1	اسم
7	پذیرایی	پذیرایی|پذیرا|پذیر	پذیرایی	پذیرایی|پذیرا+یی|پذیر+ا+یی	O+O+v1|O+A0|N1	اسم|صفت + یی|ریشه مضارع + ا + یی
8	از	از	از	از	Pr	حرف اضافه
9	هرجهت	هرجهت	هرجهت	هر+جهت	O	N1
10	دیده	دیده|دید|دید	دیده	دیده|دید+ه|دید+ه	O+N1|O+v2|N1	اسم|ریشه ماضی + ه|اسم + ه
11	شده است	شد	شده است	شد+ه+است	|O+O+v2	فعل ماضی نقلی:سوم شخص مفرد
12	.	.	.	.	Si	علامت نگارشی

0	علاوه‌بر	علاوه‌بر	علاوه‌بر	علاوه‌بر	Pr1	حرف اضافه گروهی
1	غاز	غاز	غاز	غاز	N1	اسم
2	معهود	معهود	معهود	معهود	A0	صفت
3	،	،	،	،	O	
4	آش	اش	آش	اش	Ab	اختصارات
5	جو	جو|جو|جو	جو	جو|جو|جو	N1|N1|V6	فعل امر مثبت|اسم|اسم
6	اعلا	اعلا	اعلا	اعلا	A0	صفت
7	و	و|و|و	و	و|و|و	Ab|Al|C0	حرف ربط|حروف الفبا|اختصارات
8	کباب	کباب	کباب	کباب	N1	اسم
9	بره‌ی	بره|بره|بر|بر	بره‌ی	بره+ی|بره+ی|بر+ه+ی|بر+ه+ی	Y+O+N1|Y+O+V1|Y+N1|Y+N1	اسم + ی|اسم + ی|بن مضارع + ه + ی|اسم + ه + ی
10	ممتاز	ممتاز	ممتاز	ممتاز	A0	صفت
11	و	و|و|و	و	و|و|و	Ab|Al|C0	حرف ربط|حروف الفبا|اختصارات
12	دو	دو|دو|دو	دو	دو|دو|دو	N1|V6|No	عدد حرفی|فعل امر مثبت|اسم
13	رنگ	رنگ	رنگ	رنگ	N1	اسم
14	پلو	پلو	پلو	پلو	N1	اسم
15	و	و|و|و	و	و|و|و	Ab|Al|C0	حرف ربط|حروف الفبا|اختصارات
16	چند	چند	چند	چند	NA	ضمیر پرسشی
17	جور	جور|جور	جور	جور|جور	N1|A0	صفت|اسم
18	خورش	خورش|خور	خورش	خورش|خور+ش	N1|O+v1	اسم|فعل مضارع ساده:سوم شخص مفرد
19	با	با	با	با	Pr	حرف اضافه
20	تمام	تمام|تمام	تمام	تمام|تمام	N9|A0	صفت|اسم موجود در ساختمان حرف اضافه و حرف ربط گروهی
21	مخلفات	مخلفات	مخلفات	مخلفات	N1	اسم
22	‌روبه‌راه	روبه‌راه	‌روبه‌راه	روبه‌راه	A0	صفت
23	‌شده‌است	شد	‌شده‌است	شد+ه+است	|O+O+v2	فعل ماضی نقلی:سوم شخص مفرد
24	.	.	.	.	Si	علامت نگارشی

0	در	در|در|در|در|در	در	در|در|در|در|در	VPr|N1|N1|V6|Pr	حرف اضافه|فعل امر مثبت|اسم|اسم|پیشوند فعل
1	تختخواب	تختخواب	تختخواب	تختخواب	N1	اسم
2	گرم‌ونرم	گرم‌ونرم	گرم‌ونرم	گرم‌ونرم	A0	صفت
3	و	و|و|و	و	و|و|و	Ab|Al|C0	حرف ربط|حروف الفبا|اختصارات
4	تازه‌ای	تازه|تاز	تازه‌ای	تازه+ای|تاز+ه+ای	O+O+V1|O+A0	صفت + ای|بن مضارع + ه + ای
5	که	که|که|که|که	که	که|که|که|که	N1|N1|NA|C0	حرف ربط|ضمیر پرسشی|اسم|اسم
6	از	از	از	از	Pr	حرف اضافه
7	جمله‌ی	جمله|جمل	جمله‌ی	جمله+ی|جمل+ه+ی	Y+O+N1|Y+N1	اسم + ی|اسم + ه + ی
8	اسباب	اسباب	اسباب	اسباب	N1	اسم
9	جهاز	جهاز	جهاز	جهاز	N1	اسم
10	خانم	خانم|خانم|خان|خان	خانم	خانم|خانم|خان+م|خان+م	O+N1|O+N1|Sp|N1	اسم|شاخص|اسم + ضمیر ملکی اول شخص مفرد|اسم + فعل اول شخص مفرد
11	است	است|اس	است	است|اس+ت	O+N1|O+v1	فعل مضارع ساده:سوم شخص مفرد|اسم + ضمیر ملکی دوم شخص مفرد
12	لم	لم|لم|لم	لم	لم|لم|لم	N1|N1|V6	فعل امر مثبت|اسم|اسم
13	داده	داده|داد|داد	داده	داده|داد+ه|داد+ه	O+N1|O+v2|N1	اسم|ریشه ماضی + ه|اسم + ه
14	و	و|و|و	و	و|و|و	Ab|Al|C0	حرف ربط|حروف الفبا|اختصارات
15	به	به|به	به	به|به	N1|Pr	حرف اضافه|اسم
16	تفریح	تفریح	تفریح	تفریح	N1	اسم
17	تمام	تمام|تمام	تمام	تمام|تمام	N9|A0	صفت|اسم موجود در ساختمان حرف اضافه و حرف ربط گروهی
18	مشغول	مشغول	مشغول	مشغول	A0	صفت
19	خواندن	خواند	خواندن	خواند+ن	Neg+V2	بن ماضی + ن
20	حکایت‌های	حکایت	حکایت‌	حکایت+ها+ی	Y+Pl+N1	اسم + علامت جمع + ی
21	بی‌نظیر	بی‌نظیر	بی‌نظیر	بی‌نظیر	A0	صفت
22	صادق	صادق	صادق	صادق	A0	صفت
23	هدایت	هدایت	هدایت	هدایت	N1	اسم
24	بودم	بود|بود|بود|بود|ود|ود	بودم	بود+م|بود+م|بود+م|بود+م|ب+ود+م|ب+ود+م	O+N1+O|O+N1+O|O+N1|O+N1|O+v2|O+v2	فعل ماضی ساده:اول شخص مفرد|اسم + ضمیر ملکی اول شخص مفرد|اسم + فعل اول شخص مفرد|فعل ماضی ساده:اول شخص مفرد|ب + اسم + ضمیر ملکی اول شخص مفرد|ب + اسم + فعل اول شخص مفرد
25	.	.	.	.	Si	علامت نگارشی

0	درست	درست|درس	درست	درست|درس+ت	O+N1|A0	صفت|اسم + ضمیر ملکی دوم شخص مفرد
1	کیفور	کیفور	کیفور	کیفور	A0	صفت
2	شده بودم	شد|شد	شده بودم	شد+ه+بود+م|شد+ه+بود+م	O+O+O+V3|O+O+O+V3	فعل اسنادی + ه + بود + ضمیر ملکی اول شخص مفرد|فعل اسنادی + ه + بود + فعل اول شخص مفرد
3	که	که|که|که|که	که	که|که|که|که	N1|N1|NA|C0	حرف ربط|ضمیر پرسشی|اسم|اسم
4	عیالم	عیال|عیال	عیالم	عیال+م|عیال+م	O+N1|O+N1	اسم + ضمیر ملکی اول شخص مفرد|اسم + فعل اول شخص مفرد
5	وارد	وارد	وارد	وارد	N1	اسم
6	شد	شد	شد	شد	|v2	فعل ماضی ساده:سوم شخص مفرد
7	و	و|و|و	و	و|و|و	Ab|Al|C0	حرف ربط|حروف الفبا|اختصارات
8	گفت	گفت|گفت	گفت	گفت|گفت	N1|v2	فعل ماضی ساده:سوم شخص مفرد|اسم
9	جوان	جوان	جوان	جوان	A0	صفت
10	دیلاقی	دیلاق	دیلاقی	دیلاق+ی	Y+A0	صفت + ی
11	مصطفی	مصطفی	مصطفی	مصطفی	N3	اسم خاص اشخاص
12	نام	نام|نام	نام	نام|نام	V6|N1	اسم|فعل امر مثبت
13	آمده	امد	آمده	امد+ه	O+N1	اسم + ه
14	می‌گوید	گو	می‌گوید	می+گو+ید	|O+v1+O	فعل حال اخباری:دوم شخص جمع
15	پسرعموی	پسرعمو	پسرعموی	پسرعمو+ی	Y+N1	اسم + ی
16	تنی	تنی|تن|تن|تن	تنی	تنی|تن+ی|تن+ی|تن+ی	Y+N1|Y+N1|A0|O+v1	صفت|فعل مضارع ساده:دوم شخص مفرد|اسم + ی|اسم + ی
17	تو	تو|تو|تو	تو	تو|تو|تو	N1|Ad|N5	ضمیر فاعلی|قید|اسم
18	است	است|اس	است	است|اس+ت	O+N1|O+v1	فعل مضارع ساده:سوم شخص مفرد|اسم + ضمیر ملکی دوم شخص مفرد
19	و	و|و|و	و	و|و|و	Ab|Al|C0	حرف ربط|حروف الفبا|اختصارات
20	برای	برای|برا|بر	برای	برای|برا+ی|بر+ا+ی	Y+O+v1|Y+A0|Pr	حرف اضافه|صفت + ی|ریشه مضارع + ا + ی
21	عید	عید	عید	عید	N1	اسم
22	مبارکی	مبارکی|مبارک	مبارکی	مبارکی|مبارک+ی	Y+A0|N1	اسم|صفت + ی
23	شرفیاب	شرفیاب	شرفیاب	شرفیاب	A0	صفت
24	شده است	شد	شده است	شد+ه+است	|O+O+v2	فعل ماضی نقلی:سوم شخص مفرد
25	.	.	.	.	Si	علامت نگارشی

0	مصطفی	مصطفی	مصطفی	مصطفی	N3	اسم خاص اشخاص
1	پسرعموی	پسرعمو	پسرعموی	پسرعمو+ی	Y+N1	اسم + ی
2	دختردایی	دختردایی	دختردایی	دختردایی	N1	اسم
3	خاله‌ی	خاله|خال	خاله‌ی	خاله+ی|خال+ه+ی	Y+O+N1|Y+N1	اسم + ی|اسم + ه + ی
4	مادرم	مادر|مادر	مادرم	مادر+م|مادر+م	O+N1|O+N1	اسم + ضمیر ملکی اول شخص مفرد|اسم + فعل اول شخص مفرد
5	می‌شد	شد	می‌شد	می+شد	|v2+O	فعل ماضی استمراری:سوم شخص مفرد
6	.	.	.	.	Si	علامت نگارشی

0	جوانی	جوانی|جوان	جوانی	جوانی|جوان+ی	Y+A0|N1	اسم|صفت + ی
1	به	به|به	به	به|به	N1|Pr	حرف اضافه|اسم
2	سن	سن|سن	سن	سن|سن	N1|N1	اسم|اسم
3	بیست	بیست	بیست	بیست	No	عدد حرفی
4	و	و|و|و	و	و|و|و	Ab|Al|C0	حرف ربط|حروف الفبا|اختصارات
5	پنج	پنج	پنج	پنج	No	عدد حرفی
6	یا	یا|یا	یا	یا|یا	Intj|C0	حرف ربط|صوت
7	بیست	بیست	بیست	بیست	No	عدد حرفی
8	و	و|و|و	و	و|و|و	Ab|Al|C0	حرف ربط|حروف الفبا|اختصارات
9	شش	شش|شش	شش	شش|شش	N1|No	عدد حرفی|اسم
10	.	.	.	.	Si	علامت نگارشی

0	لات‌ولوت	لات‌ولوت	لات‌ولوت	لات‌ولوت	A0	صفت
1	و	و|و|و	و	و|و|و	Ab|Al|C0	حرف ربط|حروف الفبا|اختصارات
2	آسمان‌جل	آسمان جل	آسمان‌جل	آسمان+جل	O	N1
3	و	و|و|و	و	و|و|و	Ab|Al|C0	حرف ربط|حروف الفبا|اختصارات
4	بی‌دست‌وپا	بی‌دست‌وپا	بی‌دست‌وپا	بی‌دست‌وپا	A0	صفت
5	و	و|و|و	و	و|و|و	Ab|Al|C0	حرف ربط|حروف الفبا|اختصارات
6	پخمه	پخمه|پخم	پخمه	پخمه|پخم+ه	O+N1|A0	صفت|اسم + ه
7	و	و|و|و	و	و|و|و	Ab|Al|C0	حرف ربط|حروف الفبا|اختصارات
8	گاگول	گاگول	گاگول	گا+گول	O	N1
9	و	و|و|و	و	و|و|و	Ab|Al|C0	حرف ربط|حروف الفبا|اختصارات
10	تا	تا|تا|تا	تا	تا|تا|تا	Ab|C0|Pr	حرف اضافه|حرف ربط|اختصارات
11	بخواهی	خواه|خواه|خواه	بخواهی	ب+خواه+ی|ب+خواه+ی|ب+خواه+ی	Y+V5+O|Y+Ad+O|O+v1+O	فعل حال التزامی:دوم شخص مفرد|ب + قید + ی|ب + فعل کمکی + ی
12	بدریخت	بدریخت	بدریخت	بدریخت	A0	صفت
13	و	و|و|و	و	و|و|و	Ab|Al|C0	حرف ربط|حروف الفبا|اختصارات
14	بدقواره	بدقواره|دق	بدقواره	بدقواره|ب+دق+واره	O+N1+O|A0	صفت|ب + اسم + واره
15	.	.	.	.	Si	علامت نگارشی

0	هروقت‌	هروقت	هروقت‌	هر+وقت	O	N1
1	می‌خواست	خواست|خواست	می‌خواست	می+خواست|می+خواست	V5+O|v2+O	فعل ماضی استمراری:سوم شخص مفرد|می + فعل کمکی
2	حرفی	حرفی|حرف|حرف	حرفی	حرفی|حرف+ی|حرف+ی	Y+N1|Y+N1|A0	صفت|اسم + ی|اسم + ی
3	بزند	زن|بز	بزند	ب+زن+د|بز+ند	O+N1|O+v1+O	فعل حال التزامی:سوم شخص مفرد|اسم + فعل سوم شخص جمع
4	،	،	،	،	O	
5	رنگ	رنگ	رنگ	رنگ	N1	اسم
6	می‌گذاشت	گذاشت	می‌گذاشت	می+گذاشت	|v2+O	فعل ماضی استمراری:سوم شخص مفرد
7	و	و|و|و	و	و|و|و	Ab|Al|C0	حرف ربط|حروف الفبا|اختصارات
8	رنگ	رنگ	رنگ	رنگ	N1	اسم
9	برمی‌داشت	برداشت	برمی‌داشت	می+برداشت	|v2+O	فعل ماضی استمراری:سوم شخص مفرد
10	و	و|و|و	و	و|و|و	Ab|Al|C0	حرف ربط|حروف الفبا|اختصارات
11	مثل	مثل|مثل|مثل	مثل	مثل|مثل|مثل	N1|N9|N1	اسم|اسم موجود در ساختمان حرف اضافه و حرف ربط گروهی|اسم
12	این‌که	اینکه	این‌که	اینکه	Ad	قید
13	دسته	دست	دسته	دست+ه	O+N1	اسم + ه
14	هاون	هاون	هاون	هاون	N1	اسم
15	برنجی	برنجی|برنج	برنجی	برنجی|برنج+ی	Y+N1|A0	صفت|اسم + ی
16	در	در|در|در|در|در	در	در|در|در|در|در	VPr|N1|N1|V6|Pr	حرف اضافه|فعل امر مثبت|اسم|اسم|پیشوند فعل
17	گلویش	گلو	گلویش	گلو+ی+ش	O+Y+N1	اسم + ی + ضمیر ملکی سوم شخص مفرد
18	گیر	گیر|گیر	گیر	گیر|گیر	A0|V6	فعل امر مثبت|صفت
19	کرده باشد	کرد	کرده باشد	کرد+ه+باش+د	|O+O+O+v2	فعل ماضی التزامی:سوم شخص مفرد
20	دهنش	دهن	دهنش	دهن+ش	O+N1	اسم + ضمیر ملکی سوم شخص مفرد
21	بازمی‌ماند	بازماند	بازمی‌ماند	می+بازماند	|v2+O	فعل ماضی استمراری:سوم شخص مفرد
22	و	و|و|و	و	و|و|و	Ab|Al|C0	حرف ربط|حروف الفبا|اختصارات
23	به	به|به	به	به|به	N1|Pr	حرف اضافه|اسم
24	خرخر	خرخر	خرخر	خرخر	N1	اسم
25	می‌افتاد	افتاد	می‌افتاد	می+افتاد	|v2+O	فعل ماضی استمراری:سوم شخص مفرد
26	.	.	.	.	Si	علامت نگارشی

0	الحمدالله	الحمدالله	الحمدالله	الحمدالله	Exp	عبارت
1	سالی	سالی|سال	سالی	سالی|سال+ی	Y+N1|Ad	قید|اسم + ی
2	یک‌مرتبه	یک‌مرتبه	یک‌مرتبه	یک‌مرتبه	Ad	قید
3	بیش‌تر	بیشتر|بیش	بیش‌تر	بیشتر|بیش+تر	O+A0|A0	صفت|صفت + علامت صفت تفضیلی
4	از	از	از	از	Pr	حرف اضافه
5	زیارت	زیارت	زیارت	زیارت	N1	اسم
6	جمالش	جمال	جمالش	جمال+ش	O+N1	اسم + ضمیر ملکی سوم شخص مفرد
7	مسرور	مسرور	مسرور	مسرور	A0	صفت
8	و	و|و|و	و	و|و|و	Ab|Al|C0	حرف ربط|حروف الفبا|اختصارات
9	مشعوف	مشعوف	مشعوف	مشعوف	A0	صفت
10	نمی‌شدم	شد	نمی‌شدم	نمی+شد+م	|O+v2+O+Neg	فعل ماضی استمراری منفی:اول شخص مفرد
11	.	.	.	.	Si	علامت نگارشی

0	به	به|به	به	به|به	N1|Pr	حرف اضافه|اسم
1	زنم	زن|زن|زن	زنم	زن+م|زن+م|زن+م	O+N1|O+N1|O+v1	فعل مضارع ساده:اول شخص مفرد|اسم + ضمیر ملکی اول شخص مفرد|اسم + فعل اول شخص مفرد
2	گفتم	گفت|گفت|گفت	گفتم	گفت+م|گفت+م|گفت+م	O+N1|O+N1|O+v2	فعل ماضی ساده:اول شخص مفرد|اسم + ضمیر ملکی اول شخص مفرد|اسم + فعل اول شخص مفرد
3	تو	تو|تو|تو	تو	تو|تو|تو	N1|Ad|N5	ضمیر فاعلی|قید|اسم
4	را	را	را	را	Po	حرف اضافه پسین
5	به	به|به	به	به|به	N1|Pr	حرف اضافه|اسم
6	خدا	خدا	خدا	خدا	N1	اسم
7	بگو	گو	بگو	ب+گو	V6	فعل امر مثبت
8	فلانی	فلانی	فلانی	فلانی	A2	صفت مبهم
9	هنوز	هنوز	هنوز	هنوز	Ad	قید
10	از	از	از	از	Pr	حرف اضافه
11	خواب	خواب|خواب	خواب	خواب|خواب	N1|V6	فعل امر مثبت|اسم
12	بیدار	بیدار|دار	بیدار	بیدار|بی+دار	N1+O|A0	صفت|بی + اسم
13	نشده	شد	نشده	ن+شد+ه	O+V3+Neg	ن + فعل اسنادی + ه
14	و	و|و|و	و	و|و|و	Ab|Al|C0	حرف ربط|حروف الفبا|اختصارات
15	شر	شر|شر	شر	شر|شر	N1|A0	صفت|اسم
16	این	این|این	این	این|این	N6|A1	صفت اشاره|ضمیر اشاره
17	غول	غول	غول	غول	N1	اسم
18	بی‌شاخ‌	شاخ	بی‌شاخ‌	بی+شاخ	N1+O	بی + اسم
19	و	و|و|و	و	و|و|و	Ab|Al|C0	حرف ربط|حروف الفبا|اختصارات
20	دم	دم|دم|دم	دم	دم|دم|دم	N1|N1|V6	فعل امر مثبت|اسم|اسم
21	را	را	را	را	Po	حرف اضافه پسین
22	از	از	از	از	Pr	حرف اضافه
23	سر	سر|سر|سر|سر	سر	سر|سر|سر|سر	N9|N1|N1|V6	فعل امر مثبت|اسم|اسم|اسم موجود در ساختمان حرف اضافه و حرف ربط گروهی
24	ما	ما	ما	ما	N5	ضمیر فاعلی
25	بکن	بکن|کن|کن	بکن	بکن|ب+کن|ب+کن	V6|V6|A0	صفت|فعل امر مثبت|فعل امر مثبت
26	و	و|و|و	و	و|و|و	Ab|Al|C0	حرف ربط|حروف الفبا|اختصارات
27	بگذار	گذار|گذار	بگذار	ب+گذار|ب+گذار	N1+O|V6	فعل امر مثبت|ب + اسم
28	برود	رود|رو	برود	ب+رود|ب+رو+د	N1+O|O+v1+O	ب + اسم|فعل حال التزامی:سوم شخص مفرد
29	لای	لای|لا	لای	لای|لا+ی	Y+A0|N1	اسم|صفت + ی
30	دست	دست|دست	دست	دست|دست	N9|N1	اسم|اسم موجود در ساختمان حرف اضافه و حرف ربط گروهی
31	بابای	بابا	بابای	بابا+ی	Y+N1	اسم + ی
32	علیه‌الرحمه‌‌اش	علیه الرحمه  اش	علیه‌الرحمه‌‌اش	علی+ه+‌ال+رحم+ه+‌اش	O	N1
33	.	.	.	.	Si	علامت نگارشی

0	گفت	گفت|گفت	گفت	گفت|گفت	N1|v2	فعل ماضی ساده:سوم شخص مفرد|اسم
1	به	به|به	به	به|به	N1|Pr	حرف اضافه|اسم
2	من	من	من	من	N5	ضمیر فاعلی
3	دخلی	دخل	دخلی	دخل+ی	Y+N1	اسم + ی
4	ندارد	دار|دار	ندارد	ن+دار+د|ن+دار+د	O+V5+Neg|O+v1+Neg	فعل حال التزامی منفی:سوم شخص مفرد|ن + فعل کمکی + د
5	!	!	!	!	Si	علامت نگارشی

0	مال	مال|مال	مال	مال|مال	N1|V6	فعل امر مثبت|اسم
1	بد	بد	بد	بد	A0	صفت
2	بیخ	بیخ	بیخ	بیخ	N1	اسم
3	ریش	ریش|ری	ریش	ریش|ری+ش	O+N1|N1	اسم|اسم + ضمیر ملکی سوم شخص مفرد
4	صاحبش	صاحب	صاحبش	صاحب+ش	O+N1	اسم + ضمیر ملکی سوم شخص مفرد
5	.	.	.	.	Si	علامت نگارشی

0	ماشاء‌الله	ماشاء‌الله	ماشاء‌الله	ماشاء‌الله	N1	اسم
1	هفت	هفت	هفت	هفت	No	عدد حرفی
2	قرآن	قران|قر	قرآن	قران|قر+ان	O+N1|N1	اسم|اسم + ان
3	به	به|به	به	به|به	N1|Pr	حرف اضافه|اسم
4	میان	میان|می|می	میان	میان|می+ان|می+ان	O+N1|O+N1|N1	اسم|اسم + ان|اسم + ان
5	پسرعموی	پسرعمو	پسرعموی	پسرعمو+ی	Y+N1	اسم + ی
6	دسته	دست	دسته	دست+ه	O+N1	اسم + ه
7	دیزی	دیزی|دیز	دیزی	دیزی|دیز+ی	Y+N1|N1	اسم|اسم + ی
8	خودت	خودت|خود	خودت	خودت|خود+ت	O+N1|N7	ضمیر تاکیدی/انعکاسی|اسم + ضمیر ملکی دوم شخص مفرد
9	است	است|اس	است	است|اس+ت	O+N1|O+v1	فعل مضارع ساده:سوم شخص مفرد|اسم + ضمیر ملکی دوم شخص مفرد
10	.	.	.	.	Si	علامت نگارشی

0	هرگلی	هرگلی	هرگلی	هر+گل+ی	O	N1
1	هست	هست|هست	هست	هست|هست	N1|O+v1	فعل مضارع ساده:سوم شخص مفرد|اسم
2	به	به|به	به	به|به	N1|Pr	حرف اضافه|اسم
3	سر	سر|سر|سر|سر	سر	سر|سر|سر|سر	N9|N1|N1|V6	فعل امر مثبت|اسم|اسم|اسم موجود در ساختمان حرف اضافه و حرف ربط گروهی
4	خودت	خودت|خود	خودت	خودت|خود+ت	O+N1|N7	ضمیر تاکیدی/انعکاسی|اسم + ضمیر ملکی دوم شخص مفرد
5	بزن	بزن|زن|زن	بزن	بزن|ب+زن|ب+زن	N1+O|V6|A0	صفت|فعل امر مثبت|ب + اسم
6	.	.	.	.	Si	علامت نگارشی

0	من	من	من	من	N5	ضمیر فاعلی
1	اساسن	اساسن	اساسن	اساس+ن	O	N1
2	شرط	شرط|شرط	شرط	شرط|شرط	N9|N1	اسم|اسم موجود در ساختمان حرف اضافه و حرف ربط گروهی
3	کرده‌ام	کرده|کرده|کرد|کرد|کرد	کرده‌ام	کرده+ام|کرده+ام|کرد+ه+ام|کرد+ه+ام|کرد+ه+ام	O+O+N1|O+O+N1|O+N1|O+N1|O+O+v2	اسم + ضمیر ملکی اول شخص مفرد|اسم + فعل اول شخص مفرد|فعل ماضی نقلی:اول شخص مفرد|اسم + ه + ضمیر ملکی اول شخص مفرد|اسم + ه + فعل اول شخص مفرد
4	با	با	با	با	Pr	حرف اضافه
5	قوم	قوم|قو|قو	قوم	قوم|قو+م|قو+م	O+N1|O+N1|N1	اسم|اسم + ضمیر ملکی اول شخص مفرد|اسم + فعل اول شخص مفرد
6	و	و|و|و	و	و|و|و	Ab|Al|C0	حرف ربط|حروف الفبا|اختصارات
7	خویش‌های	خویش	خویش‌	خویش+‌های	O	N1
8	ددری	ددری	ددری	د+در+ی	O	N1
9	تو	تو|تو|تو	تو	تو|تو|تو	N1|Ad|N5	ضمیر فاعلی|قید|اسم
10	هیچ	هیچ	هیچ	هیچ	A1	صفت اشاره
11	سروکاری	سروکار	سروکاری	سروکار+ی	Y+N1	اسم + ی
12	نداشته باشم	داشت	نداشته باشم	ن+داشت+ه+باش+م	|O+v1+O+O+Neg	فعل ماضی التزامی منفی:اول شخص مفرد
13	؛	؛	؛	؛	O	
14	آن‌هم	آن هم	آن‌هم	آن‌+هم	O	N1
15	با	با	با	با	Pr	حرف اضافه
16	چنین	چنین	چنین	چنین	A2	صفت مبهم
17	لندهور	لندهور	لندهور	لندهور	A0	صفت
18	الدنگی	الدنگ	الدنگی	الدنگ+ی	Y+A0	صفت + ی
19	.	.	.	.	Si	علامت نگارشی

0	دیدم	دید|دید|دید	دیدم	دید+م|دید+م|دید+م	O+N1|O+N1|O+v2	فعل ماضی ساده:اول شخص مفرد|اسم + ضمیر ملکی اول شخص مفرد|اسم + فعل اول شخص مفرد
1	چاره‌ای	چاره|چار	چاره‌ای	چاره+ای|چار+ه+ای	O+O+N1|O+N1	اسم + ای|اسم + ه + ای
2	نیست	نیست|است|نی	نیست	نیست|نی+است|نی+ست	O+N1|N1|O+v1+Neg	اسم|فعل مضارع ساده منفی:سوم شخص مفرد|اسم + ضمیر ملکی سوم شخص مفرد
3	و	و|و|و	و	و|و|و	Ab|Al|C0	حرف ربط|حروف الفبا|اختصارات
4	خدا	خدا	خدا	خدا	N1	اسم
5	را	را	را	را	Po	حرف اضافه پسین
6	هم	هم|هم|هم	هم	هم|هم|هم	N8|C0|Ad	قید|حرف ربط|ضمیر مشترک/متقابل
7	خوش	خوش	خوش	خوش	A0	صفت
8	نمی‌آید	نم	نمی‌آید	نم+ی+اید	O+Y+N1	اسم + ی + فعل دوم شخص جمع
9	این	این|این	این	این|این	N6|A1	صفت اشاره|ضمیر اشاره
10	بیچاره	بیچاره|چاره|چار	بیچاره	بیچاره|بی+چاره|بی+چار+ه	O+N1+O|N1+O|A0	صفت|بی + اسم|بی + اسم + ه
11	که	که|که|که|که	که	که|که|که|که	N1|N1|NA|C0	حرف ربط|ضمیر پرسشی|اسم|اسم
12	لابد	لابد	لابد	لابد	Ad	قید
13	ازراه	ازراه	ازراه	ازراه	Pr1	حرف اضافه گروهی
14	دورودراز	دورودراز	دورودراز	دورودراز	A0	صفت
15	با	با	با	با	Pr	حرف اضافه
16	شکم	شکم|شک|شک	شکم	شکم|شک+م|شک+م	O+N1|O+N1|N1	اسم|اسم + ضمیر ملکی اول شخص مفرد|اسم + فعل اول شخص مفرد
17	گرسنه	گرسنه	گرسنه	گرسنه	A0	صفت
18	و	و|و|و	و	و|و|و	Ab|Al|C0	حرف ربط|حروف الفبا|اختصارات
19	پای	پای|پا|پا	پای	پای|پا+ی|پا+ی	Y+N1|N1|O+v1	اسم|فعل مضارع ساده:دوم شخص مفرد|اسم + ی
20	برهنه	برهنه|رهن	برهنه	برهنه|ب+رهن+ه	O+N1+O|A0	صفت|ب + اسم + ه
21	به	به|به	به	به|به	N1|Pr	حرف اضافه|اسم
22	امید	امید|ام	امید	امید|ام+ید	O+N1|N3	اسم خاص اشخاص|اسم + فعل دوم شخص جمع
23	چند	چند	چند	چند	NA	ضمیر پرسشی
24	ریال	ریال	ریال	ریال	N1	اسم
25	عیدی	عیدی|عید	عیدی	عیدی|عید+ی	Y+N1|N1	اسم|اسم + ی
26	آمده	امد	آمده	امد+ه	O+N1	اسم + ه
27	ناامید	ناامید|امید|ام	ناامید	ناامید|نا+امید|نا+ام+ید	O+N1+O|N3+O|A0	صفت|نا + اسم خاص اشخاص|نا + اسم + فعل دوم شخص جمع
28	کنم	کن|کن	کنم	کن+م|کن+م	|O+v1|O+v1	فعل مضارع ساده:اول شخص مفرد|فعل مضارع ساده:اول شخص مفرد
29	.	.	.	.	Si	علامت نگارشی

0	پیش	پیش|پیش|پی	پیش	پیش|پیش|پی+ش	O+N1|N9|A0	صفت|اسم موجود در ساختمان حرف اضافه و حرف ربط گروهی|اسم + ضمیر ملکی سوم شخص مفرد
1	خودم	خودم|خود|خود	خودم	خودم|خود+م|خود+م	O+N1|O+N1|N7	ضمیر تاکیدی/انعکاسی|اسم + ضمیر ملکی اول شخص مفرد|اسم + فعل اول شخص مفرد
2	گفتم	گفت|گفت|گفت	گفتم	گفت+م|گفت+م|گفت+م	O+N1|O+N1|O+v2	فعل ماضی ساده:اول شخص مفرد|اسم + ضمیر ملکی اول شخص مفرد|اسم + فعل اول شخص مفرد
3	چنین	چنین	چنین	چنین	A2	صفت مبهم
4	روز	روز	روز	روز	N1	اسم
5	مبارکی	مبارکی|مبارک	مبارکی	مبارکی|مبارک+ی	Y+A0|N1	اسم|صفت + ی
6	‌‌صله‌ی‌ارحام	صله ی ارحام	‌‌صله‌ی‌ارحام	صله+‌ی+ار+حام	O	N1
7	نکنی	کن|کن	نکنی	ن+کن+ی|ن+کن+ی	|O+v1+Neg|O+v1+Neg	فعل حال التزامی منفی:دوم شخص مفرد|فعل حال التزامی منفی:دوم شخص مفرد
8	کی	کی|کی|کی	کی	کی|کی|کی	Ab|NA|NA	ضمیر پرسشی|ضمیر پرسشی|اختصارات
9	خواهی کرد	کرد	خواهی کرد	خواهی+کرد	|v2+O+O	فعل آینده مثبت:دوم شخص مفرد
10	؟	؟	؟	؟	Si	علامت نگارشی
11	لذا	لذا	لذا	لذا	Ad	قید
12	صدایش	صدا	صدایش	صدا+ی+ش	O+N1	اسم + ضمیر ملکی سوم شخص مفرد
13	کردم	کرد|کرد|کرد	کردم	کرد+م|کرد+م|کرد+م	O+N1|O+N1|O+v2	فعل ماضی ساده:اول شخص مفرد|اسم + ضمیر ملکی اول شخص مفرد|اسم + فعل اول شخص مفرد
14	،	،	،	،	O	
15	سرش	سرش	سرش	سرش	V6	فعل امر مثبت
16	را	را	را	را	Po	حرف اضافه پسین
17	خم	خم|خم|خم	خم	خم|خم|خم	N1|A0|V6	فعل امر مثبت|صفت|اسم
18	کرده	کرده|کرد|کرد	کرده	کرده|کرد+ه|کرد+ه	O+N1|O+v2|N1	اسم|ریشه ماضی + ه|اسم + ه
19	وارد	وارد	وارد	وارد	N1	اسم
20	شد	شد	شد	شد	|v2	فعل ماضی ساده:سوم شخص مفرد
21	.	.	.	.	Si	علامت نگارشی

0	دیدم	دید|دید|دید	دیدم	دید+م|دید+م|دید+م	O+N1|O+N1|O+v2	فعل ماضی ساده:اول شخص مفرد|اسم + ضمیر ملکی اول شخص مفرد|اسم + فعل اول شخص مفرد
1	ماشاء‌الله	ماشاء‌الله	ماشاء‌الله	ماشاء‌الله	N1	اسم
2	چشم	چشم|چشم|چش	چشم	چشم|چشم|چش+م	Ad|N1|O+v1	اسم|قید|فعل مضارع ساده:اول شخص مفرد
3	بد	بد	بد	بد	A0	صفت
4	دور	دور|دور	دور	دور|دور	N1|A0	صفت|اسم
5	آقا	آقا|آقا	آقا	آقا|آقا	Sp|N1	اسم|شاخص
6	واترقیده‌اند	واترقیده اند	واترقیده‌اند	واتر+قید+ه+‌اند	O	N1
7	.	.	.	.	Si	علامت نگارشی

0	قدش	قد|قد	قدش	قد+ش|قد+ش	O+A0|O+N1	اسم + ضمیر ملکی سوم شخص مفرد|صفت + ضمیر ملکی سوم شخص مفرد
1	درازتر	دراز	درازتر	دراز+تر	O+A0	صفت + علامت صفت تفضیلی
2	و	و|و|و	و	و|و|و	Ab|Al|C0	حرف ربط|حروف الفبا|اختصارات
3	‌پک‌وپوزش	پک‌وپوز	‌پک‌وپوزش	پک‌وپوز+ش	O+N1	اسم + ضمیر ملکی سوم شخص مفرد
4	کریه‌تر	کریه|کری	کریه‌تر	کریه+تر|کری+ه+تر	O+O+N1|O+A0	صفت + علامت صفت تفضیلی|اسم + ه + علامت صفت تفضیلی
5	شده است	شد	شده است	شد+ه+است	|O+O+v2	فعل ماضی نقلی:سوم شخص مفرد
6	.	.	.	.	Si	علامت نگارشی

0	گردنش	گردن	گردنش	گردن+ش	O+N1	اسم + ضمیر ملکی سوم شخص مفرد
1	مثل	مثل|مثل|مثل	مثل	مثل|مثل|مثل	N1|N9|N1	اسم|اسم موجود در ساختمان حرف اضافه و حرف ربط گروهی|اسم
2	گردن	گردن	گردن	گردن	N1	اسم
3	همان	همان|همان|هم	همان	همان|همان|هم+ان	O+Ad|N6|A1	صفت اشاره|ضمیر اشاره|قید + ان
4	غاز	غاز	غاز	غاز	N1	اسم
5	مادر	مادر	مادر	مادر	N1	اسم
6	مرده‌ای	مرده|مرد|مرد	مرده‌ای	مرده+ای|مرد+ه+ای|مرد+ه+ای	O+O+N1|O+A0|O+O+v2	صفت + ای|اسم + ه + ای|فعل ماضی نقلی:دوم شخص مفرد
7	که	که|که|که|که	که	که|که|که|که	N1|N1|NA|C0	حرف ربط|ضمیر پرسشی|اسم|اسم
8	در	در|در|در|در|در	در	در|در|در|در|در	VPr|N1|N1|V6|Pr	حرف اضافه|فعل امر مثبت|اسم|اسم|پیشوند فعل
9	همان	همان|همان|هم	همان	همان|همان|هم+ان	O+Ad|N6|A1	صفت اشاره|ضمیر اشاره|قید + ان
10	ساعت	ساعت	ساعت	ساعت	N1	اسم
11	در	در|در|در|در|در	در	در|در|در|در|در	VPr|N1|N1|V6|Pr	حرف اضافه|فعل امر مثبت|اسم|اسم|پیشوند فعل
12	دیگ	دیگ	دیگ	دیگ	N1	اسم
13	مشغول	مشغول	مشغول	مشغول	A0	صفت
14	‌کباب	کباب	‌کباب	کباب	N1	اسم
15	شدن	شد	شدن	شد+ن	Neg+V3	فعل اسنادی + ن
16	بود	بود|بود|بود|بو|ود	بود	بود|بود|بود|بو+د|ب+ود	N1+O|N1|v2|v2|O+v1	فعل ماضی ساده:سوم شخص مفرد|اسم|فعل ماضی ساده:سوم شخص مفرد|فعل مضارع ساده:سوم شخص مفرد|ب + اسم
17	سر	سر|سر|سر|سر	سر	سر|سر|سر|سر	N9|N1|N1|V6	فعل امر مثبت|اسم|اسم|اسم موجود در ساختمان حرف اضافه و حرف ربط گروهی
18	از	از	از	از	Pr	حرف اضافه
19	یقه‌ی	یقه	یقه‌ی	یقه+ی	Y+N1	اسم + ی
20	چرکین	چرکین|چرک	چرکین	چرکین|چرک+ین	O+A0|A0	صفت|صفت + ین
21	بیرون	بیرون	بیرون	بیرون	N1	اسم
22	دوانده بود	دواند	دوانده بود	دواند+ه+بود	|O+O+v2	فعل ماضی بعید:سوم شخص مفرد
23	و	و|و|و	و	و|و|و	Ab|Al|C0	حرف ربط|حروف الفبا|اختصارات
24	اگرچه	اگرچه	اگرچه	اگرچه	C1	حرف ربط گروهی
25	به	به|به	به	به|به	N1|Pr	حرف اضافه|اسم
26	حساب	حساب	حساب	حساب	N1	اسم
27	خودش	خودش|خود	خودش	خودش|خود+ش	O+N1|N7	ضمیر تاکیدی/انعکاسی|اسم + ضمیر ملکی سوم شخص مفرد
28	ریش	ریش|ری	ریش	ریش|ری+ش	O+N1|N1	اسم|اسم + ضمیر ملکی سوم شخص مفرد
29	تراشیده بود	تراشید	تراشیده بود	تراشید+ه+بود	|O+O+v2	فعل ماضی بعید:سوم شخص مفرد
30	،	،	،	،	O	
31	اما	اما	اما	اما	C0	حرف ربط
32	پشم‌های	پشم	پشم‌	پشم+ها+ی	Y+Pl+N1	اسم + علامت جمع + ی
33	زرد	زرد	زرد	زرد	A0	صفت
34	و	و|و|و	و	و|و|و	Ab|Al|C0	حرف ربط|حروف الفبا|اختصارات
35	سرخ	سرخ	سرخ	سرخ	A0	صفت
36	و	و|و|و	و	و|و|و	Ab|Al|C0	حرف ربط|حروف الفبا|اختصارات
37	خرمایی	خرمایی|خرما	خرمایی	خرمایی|خرما+یی	O+N1|A0	صفت|اسم + یی
38	به	به|به	به	به|به	N1|Pr	حرف اضافه|اسم
39	بلندی	بلندی|بلند|بلند|بلند|لند|بل	بلندی	بلندی|بلند+ی|بلند+ی|بلند+ی|ب+لند+ی|بل+ند+ی	Y+O+N1|Y+N1+O|Y+N1|Y+N1|Y+A0|N1	اسم|صفت + ی|اسم + ی|اسم + ی|ب + اسم + ی|اسم + فعل سوم شخص جمع + ی
40	یک	یک	یک	یک	No	عدد حرفی
41	انگشت	انگشت	انگشت	انگشت	N1	اسم
42	از	از	از	از	Pr	حرف اضافه
43	لا	لا	لا	لا	A0	صفت
44	بلای	لای|بلا|لا	بلای	ب+لای|بلا+ی|ب+لا+ی	Y+A0+O|Y+A0|N1+O	ب + اسم|صفت + ی|ب + صفت + ی
45	یقه‌ی	یقه	یقه‌ی	یقه+ی	Y+N1	اسم + ی
46	پیراهن	پیراهن	پیراهن	پیراهن	N1	اسم
47	،	،	،	،	O	
48	سر	سر|سر|سر|سر	سر	سر|سر|سر|سر	N9|N1|N1|V6	فعل امر مثبت|اسم|اسم|اسم موجود در ساختمان حرف اضافه و حرف ربط گروهی
49	به	به|به	به	به|به	N1|Pr	حرف اضافه|اسم
50	درآورده	درآورده|درآورد	درآورده	درآورده|درآورد+ه	O+v2|A0	صفت|ریشه ماضی + ه
51	و	و|و|و	و	و|و|و	Ab|Al|C0	حرف ربط|حروف الفبا|اختصارات
52	مثل	مثل|مثل|مثل	مثل	مثل|مثل|مثل	N1|N9|N1	اسم|اسم موجود در ساختمان حرف اضافه و حرف ربط گروهی|اسم
53	کزم‌هایی	کزم هایی	کزم‌	ک+ز+م+‌های+ی	O	N1
54	که	که|که|که|که	که	که|که|که|که	N1|N1|NA|C0	حرف ربط|ضمیر پرسشی|اسم|اسم
55	به	به|به	به	به|به	N1|Pr	حرف اضافه|اسم
56	مارچوبه‌ی	مارچوبه	مارچوبه‌ی	مارچوبه+ی	Y+N1	اسم + ی
57	گندیده	گندیده|گندید	گندیده	گندیده|گندید+ه	O+v2|A0	صفت|ریشه ماضی + ه
58	افتاده باشند	افتاد	افتاده باشند	افتاد+ه+باش+ند	|O+O+O+v2	فعل ماضی التزامی:سوم شخص جمع
59	درپیرامون	درپیرامون	درپیرامون	درپیرامون	Pr1	حرف اضافه گروهی
60	گردن	گردن	گردن	گردن	N1	اسم
61	و	و|و|و	و	و|و|و	Ab|Al|C0	حرف ربط|حروف الفبا|اختصارات
62	گلو	گلو	گلو	گلو	N1	اسم
63	در	در|در|در|در|در	در	در|در|در|در|در	VPr|N1|N1|V6|Pr	حرف اضافه|فعل امر مثبت|اسم|اسم|پیشوند فعل
64	جنبش	جنبش|جنب|جنب|جنب	جنبش	جنبش|جنب+ش|جنب+ش|جنب+ش	O+N1|O+N1|N1|O+v1	اسم|فعل مضارع ساده:سوم شخص مفرد|اسم + ضمیر ملکی سوم شخص مفرد|اسم + ضمیر ملکی سوم شخص مفرد
65	و	و|و|و	و	و|و|و	Ab|Al|C0	حرف ربط|حروف الفبا|اختصارات
66	اهتزاز	اهتزاز	اهتزاز	اهتزاز	N1	اسم
67	بودند	بود|بود|بود|ود	بودند	بود+ند|بود+ند|بود+ند|ب+ود+ند	O+N1+O|O+N1|O+v2|O+v2	فعل ماضی ساده:سوم شخص جمع|اسم + فعل سوم شخص جمع|فعل ماضی ساده:سوم شخص جمع|ب + اسم + فعل سوم شخص جمع
68	.	.	.	.	Si	علامت نگارشی

0	از	از	از	از	Pr	حرف اضافه
1	توصیف	توصیف	توصیف	توصیف	N1	اسم
2	لباسش	لباس	لباسش	لباس+ش	O+N1	اسم + ضمیر ملکی سوم شخص مفرد
3	بهتر	بهتر	بهتر	بهتر	A0	صفت
4	است	است|اس	است	است|اس+ت	O+N1|O+v1	فعل مضارع ساده:سوم شخص مفرد|اسم + ضمیر ملکی دوم شخص مفرد
5	بگذرم	بگذرم	بگذرم	ب+گذر+م	O	N1
6	،	،	،	،	O	
7	ولی	ولی|ولی|ول|ول	ولی	ولی|ولی|ول+ی|ول+ی	Y+N1|Y+A0|N1|C0	حرف ربط|اسم|صفت + ی|اسم + ی
8	همین‌قدر	همین‌قدر	همین‌قدر	همین‌قدر	Ad	قید
9	می‌دانم	دان|می|می|می|می	می‌دانم	می+دان+م|می+دان+م|می+دان+م|می+دان+م|می+دان+م	O+O+N1|O+O+N1|O+O+N1|O+O+N1|O+v1+O	فعل حال اخباری:اول شخص مفرد|اسم + دان + ضمیر ملکی اول شخص مفرد|اسم + دان + فعل اول شخص مفرد|اسم + دان + ضمیر ملکی اول شخص مفرد|اسم + دان + فعل اول شخص مفرد
10	که	که|که|که|که	که	که|که|که|که	N1|N1|NA|C0	حرف ربط|ضمیر پرسشی|اسم|اسم
11	سر	سر|سر|سر|سر	سر	سر|سر|سر|سر	N9|N1|N1|V6	فعل امر مثبت|اسم|اسم|اسم موجود در ساختمان حرف اضافه و حرف ربط گروهی
12	زانوهای	زانو	زانو	زانو+ها+ی	Y+Pl+N1	اسم + علامت جمع + ی
13	شلوارش	شلوار|شل|شل	شلوارش	شلوار+ش|شل+وار+ش|شل+وار+ش	O+O+N1|O+O+V1|O+N1	اسم + ضمیر ملکی سوم شخص مفرد|بن مضارع + وار + ضمیر ملکی سوم شخص مفرد|اسم + وار + ضمیر ملکی سوم شخص مفرد
14	_	_	_	_	O	N1
15	که	که|که|که|که	که	که|که|که|که	N1|N1|NA|C0	حرف ربط|ضمیر پرسشی|اسم|اسم
16	از	از	از	از	Pr	حرف اضافه
17	بس	بس	بس	بس	A0	صفت
18	شسته	شسته|شست	شسته	شسته|شست+ه	O+v2|A0	صفت|ریشه ماضی + ه
19	شده بودند	شد	شده بودند	شد+ه+بود+ند	O+O+O+V3	فعل اسنادی + ه + بود + فعل سوم شخص جمع
20	به‌قدر	به‌قدر|قدر	به‌قدر	به‌قدر|به+قدر	A0+O|Ad	قید|به + صفت
21	یک	یک	یک	یک	No	عدد حرفی
22	وجب	وجب	وجب	وجب	N1	اسم
23	خورد	خورد|خورد|خور	خورد	خورد|خورد|خور+د	N1|v2|O+v1	فعل ماضی ساده:سوم شخص مفرد|اسم|فعل مضارع ساده:سوم شخص مفرد
24	رفته بود	رفت|رفت	رفته بود	رفت+ه+بود|رفت+ه+بود	|O+O+v2|O+O+v2	فعل ماضی بعید:سوم شخص مفرد|فعل ماضی بعید:سوم شخص مفرد
25	چنان	چنان	چنان	چنان	A0	صفت
26	باد	باد	باد	باد	N1	اسم
27	کرده بود	کرد	کرده بود	کرد+ه+بود	|O+O+v2	فعل ماضی بعید:سوم شخص مفرد
28	که	که|که|که|که	که	که|که|که|که	N1|N1|NA|C0	حرف ربط|ضمیر پرسشی|اسم|اسم
29	راستی‌راستی	راستی راستی	راستی‌راستی	راست+ی+راست+ی	O	N1
30	تصور	تصور	تصور	تصور	N1	اسم
31	کردم	کرد|کرد|کرد	کردم	کرد+م|کرد+م|کرد+م	O+N1|O+N1|O+v2	فعل ماضی ساده:اول شخص مفرد|اسم + ضمیر ملکی اول شخص مفرد|اسم + فعل اول شخص مفرد
32	دو	دو|دو|دو	دو	دو|دو|دو	N1|V6|No	عدد حرفی|فعل امر مثبت|اسم
33	رأس	رأس	رأس	رأس	N1	اسم
34	هندوانه	هندوانه|هندو	هندوانه	هندوانه|هندو+انه	O+A0|N1	اسم|صفت + انه
35	از	از	از	از	Pr	حرف اضافه
36	جایی	جایی|جا	جایی	جایی|جا+یی	O+N1|N1	اسم|اسم + یی
37	کش	کش|کش	کش	کش|کش	N1|V6	فعل امر مثبت|اسم
38	رفته	رفت|رفت	رفته	رفت+ه|رفت+ه	O+v2|O+v2	ریشه ماضی + ه|ریشه ماضی + ه
39	و	و|و|و	و	و|و|و	Ab|Al|C0	حرف ربط|حروف الفبا|اختصارات
40	در	در|در|در|در|در	در	در|در|در|در|در	VPr|N1|N1|V6|Pr	حرف اضافه|فعل امر مثبت|اسم|اسم|پیشوند فعل
41	آنجا	آنجا	آنجا	آنجا	Ad	قید
42	مخفی	مخفی	مخفی	مخفی	A0	صفت
43	کرده است	کرد	کرده است	کرد+ه+است	|O+O+v2	فعل ماضی نقلی:سوم شخص مفرد
44	.	.	.	.	Si	علامت نگارشی

0	دیدم	دید|دید|دید	دیدم	دید+م|دید+م|دید+م	O+N1|O+N1|O+v2	فعل ماضی ساده:اول شخص مفرد|اسم + ضمیر ملکی اول شخص مفرد|اسم + فعل اول شخص مفرد
1	زیاد	زیاد	زیاد	زیاد	A0	صفت
2	پرت‌وبلا	پرت وبلا	پرت‌وبلا	پر+ت+و+بلا	O	N1
3	می‌گوید	گو	می‌گوید	می+گو+ید	|O+v1+O	فعل حال اخباری:دوم شخص جمع
4	؛	؛	؛	؛	O	
5	خواستم	خواست|خواست|خواست	خواستم	خواست+م|خواست+م|خواست+م	O+N1|O+N1|O+v2	فعل ماضی ساده:اول شخص مفرد|اسم + ضمیر ملکی اول شخص مفرد|اسم + فعل اول شخص مفرد
6	نوکش	نوک|نو	نوکش	نوک+ش|نو+ک+ش	O+O+A0|O+N1	اسم + ضمیر ملکی سوم شخص مفرد|صفت + ک + ضمیر ملکی سوم شخص مفرد
7	را	را	را	را	Po	حرف اضافه پسین
8	چیده	چیده|چید	چیده	چیده|چید+ه	O+v2|A0	صفت|ریشه ماضی + ه
9	،	،	،	،	O	
10	دمش	دم|دم|دم	دمش	دم+ش|دم+ش|دم+ش	O+N1|O+N1|O+v1	فعل مضارع ساده:سوم شخص مفرد|اسم + ضمیر ملکی سوم شخص مفرد|اسم + ضمیر ملکی سوم شخص مفرد
11	را	را	را	را	Po	حرف اضافه پسین
12	روی	روی|روی|رو|رو	روی	روی|روی|رو+ی|رو+ی	Y+N1|N1|Pr1|O+v1	حرف اضافه گروهی|اسم|اسم + ی|فعل مضارع ساده:دوم شخص مفرد
13	کولش	کول	کولش	کول+ش	O+N1	اسم + ضمیر ملکی سوم شخص مفرد
14	بگذارم	گذار|گذار|گذار	بگذارم	ب+گذار+م|ب+گذار+م|ب+گذار+م	O+N1+O|O+N1+O|O+v1+O	فعل حال التزامی:اول شخص مفرد|ب + اسم + ضمیر ملکی اول شخص مفرد|ب + اسم + فعل اول شخص مفرد
15	و	و|و|و	و	و|و|و	Ab|Al|C0	حرف ربط|حروف الفبا|اختصارات
16	به	به|به	به	به|به	N1|Pr	حرف اضافه|اسم
17	امان	امان|ام	امان	امان|ام+ان	O+N1|N1	اسم|اسم + ان
18	خدا	خدا	خدا	خدا	N1	اسم
19	بسپارم	بسپار|بسپار|سپار|سپار|سپار	بسپارم	بسپار+م|بسپار+م|ب+سپار+م|ب+سپار+م|ب+سپار+م	O+N1+O|O+N1+O|O+N1|O+N1|O+v1+O	اسم + ضمیر ملکی اول شخص مفرد|اسم + فعل اول شخص مفرد|فعل حال التزامی:اول شخص مفرد|ب + اسم + ضمیر ملکی اول شخص مفرد|ب + اسم + فعل اول شخص مفرد
20	.	.	.	.	Si	علامت نگارشی

0	این	این|این	این	این|این	N6|A1	صفت اشاره|ضمیر اشاره
1	حرف	حرف|حرف	حرف	حرف|حرف	N1|N1	اسم|اسم
2	که	که|که|که|که	که	که|که|که|که	N1|N1|NA|C0	حرف ربط|ضمیر پرسشی|اسم|اسم
3	در	در|در|در|در|در	در	در|در|در|در|در	VPr|N1|N1|V6|Pr	حرف اضافه|فعل امر مثبت|اسم|اسم|پیشوند فعل
4	بادی	بادی|باد|دی	بادی	بادی|باد+ی|با+دی	N1+O|Y+N1|Ad	قید|اسم + ی|با + اسم
5	امر	امر	امر	امر	N1	اسم
6	زیاد	زیاد	زیاد	زیاد	A0	صفت
7	بی‌پا	بی‌پا	بی‌پا	بی‌پا	A0	صفت
8	و	و|و|و	و	و|و|و	Ab|Al|C0	حرف ربط|حروف الفبا|اختصارات
9	بی‌معنی	بی‌معنی	بی‌معنی	بی‌معنی	A0	صفت
10	به‌نظر	به‌نظر|نظر	به‌نظر	به‌نظر|به+نظر	N1+O|Pr1	حرف اضافه گروهی|به + اسم
11	می‌آمد	می آمد	می‌آمد	می‌+آمد	O	N1
12	،	،	،	،	O	
13	کم‌کم	کم‌کم|کم|کم|کم|کم	کم‌کم	کم‌کم|کم+ک+م|کم+ک+م|کم+ک+م|کم+ک+م	O+O+N1|O+O+N1|O+O+A0|O+O+A0|Ad	قید|صفت + ک + ضمیر ملکی اول شخص مفرد|صفت + ک + فعل اول شخص مفرد|اسم + ک + ضمیر ملکی اول شخص مفرد|اسم + ک + فعل اول شخص مفرد
14	وقتی	وقتی|وقت	وقتی	وقتی|وقت+ی	Y+N1|Ad	قید|اسم + ی
15	درست	درست|درس	درست	درست|درس+ت	O+N1|A0	صفت|اسم + ضمیر ملکی دوم شخص مفرد
16	آن	ان	آن	ان	Ab	اختصارات
17	را	را	را	را	Po	حرف اضافه پسین
18	در	در|در|در|در|در	در	در|در|در|در|در	VPr|N1|N1|V6|Pr	حرف اضافه|فعل امر مثبت|اسم|اسم|پیشوند فعل
19	زوایا	زاویه	زوایا	زاویه	O	اسم مفرد جمع مکسر
20	و	و|و|و	و	و|و|و	Ab|Al|C0	حرف ربط|حروف الفبا|اختصارات
21	خفایای	خفیه	خفایای	خف+ایا+ی	O	N1
22	خاطر	خاطر|خاطر	خاطر	خاطر|خاطر	N9|N1	اسم|اسم موجود در ساختمان حرف اضافه و حرف ربط گروهی
23	و	و|و|و	و	و|و|و	Ab|Al|C0	حرف ربط|حروف الفبا|اختصارات
24	مخیله	مخیله	مخیله	مخیله	N1	اسم
25	نشخوار	نشخوار	نشخوار	نشخوار	N1	اسم
26	کردم	کرد|کرد|کرد	کردم	کرد+م|کرد+م|کرد+م	O+N1|O+N1|O+v2	فعل ماضی ساده:اول شخص مفرد|اسم + ضمیر ملکی اول شخص مفرد|اسم + فعل اول شخص مفرد
27	،	،	،	،	O	
28	معلوم	معلوم	معلوم	معلوم	A0	صفت
29	شد	شد	شد	شد	|v2	فعل ماضی ساده:سوم شخص مفرد
30	آن	ان	آن	ان	Ab	اختصارات
31	قدرها	قدر|قدر	قدر	قدر+ها|قدر+ها	Pl+A0|Pl+N1	اسم + علامت جمع|صفت + علامت جمع
32	هم	هم|هم|هم	هم	هم|هم|هم	N8|C0|Ad	قید|حرف ربط|ضمیر مشترک/متقابل
33	نامعقول	نامعقول|معقول	نامعقول	نامعقول|نا+معقول	A0+O|A0	صفت|نا + صفت
34	نیست	نیست|است|نی	نیست	نیست|نی+است|نی+ست	O+N1|N1|O+v1+Neg	اسم|فعل مضارع ساده منفی:سوم شخص مفرد|اسم + ضمیر ملکی سوم شخص مفرد
35	و	و|و|و	و	و|و|و	Ab|Al|C0	حرف ربط|حروف الفبا|اختصارات
36	نباید	باید	نباید	ن+باید	V4+Neg	ن + فعل وجه نما
37	زیاد	زیاد	زیاد	زیاد	A0	صفت
38	سرسری	سرسری	سرسری	سرسری	A0	صفت
39	گرفت	گرفت|گرفت	گرفت	گرفت|گرفت	N1|v2	فعل ماضی ساده:سوم شخص مفرد|اسم
40	.	.	.	.	Si	علامت نگارشی

0	هرچه	هرچه	هرچه	هرچه	Ad	قید
1	بیش‌تر	بیشتر|بیش	بیش‌تر	بیشتر|بیش+تر	O+A0|A0	صفت|صفت + علامت صفت تفضیلی
2	در	در|در|در|در|در	در	در|در|در|در|در	VPr|N1|N1|V6|Pr	حرف اضافه|فعل امر مثبت|اسم|اسم|پیشوند فعل
3	این	این|این	این	این|این	N6|A1	صفت اشاره|ضمیر اشاره
4	باب	باب|باب	باب	باب|باب	N9|N1	اسم|اسم موجود در ساختمان حرف اضافه و حرف ربط گروهی
5	دقیق	دقیق	دقیق	دقیق	A0	صفت
6	شدم	شد	شدم	شد+م	|O+v2	فعل ماضی ساده:اول شخص مفرد
7	یک	یک	یک	یک	No	عدد حرفی
8	نوع	نوع	نوع	نوع	N1	اسم
9	امیدواری	امیدواری|امیدوار	امیدواری	امیدواری|امیدوار+ی	Y+A0|N1	اسم|صفت + ی
10	در	در|در|در|در|در	در	در|در|در|در|در	VPr|N1|N1|V6|Pr	حرف اضافه|فعل امر مثبت|اسم|اسم|پیشوند فعل
11	خود	خود|خود	خود	خود|خود	N1|N8	ضمیر مشترک/متقابل|اسم
12	حس	حس	حس	حس	N1	اسم
13	نمودم	نمود|نمود|نمود|مو	نمودم	نمود+م|نمود+م|نمود+م|ن+مو+د+م	O+N1|O+N1|O+v2|O+v1+Neg	فعل ماضی ساده:اول شخص مفرد|اسم + ضمیر ملکی اول شخص مفرد|اسم + فعل اول شخص مفرد|فعل حال التزامی منفی:سوم شخص مفرد
14	و	و|و|و	و	و|و|و	Ab|Al|C0	حرف ربط|حروف الفبا|اختصارات
15	ستاره‌ی	ستاره	ستاره‌ی	ستاره+ی	Y+N1	اسم + ی
16	ضعیفی	ضعیفی|ضعیف	ضعیفی	ضعیفی|ضعیف+ی	Y+A0|N1	اسم|صفت + ی
17	در	در|در|در|در|در	در	در|در|در|در|در	VPr|N1|N1|V6|Pr	حرف اضافه|فعل امر مثبت|اسم|اسم|پیشوند فعل
18	شبستان	شبستان|شب	شبستان	شبستان|شب+ستان	O+N1|N1	اسم|اسم + ستان
19	تیره	تیره|تیر	تیره	تیره|تیر+ه	O+N1|A0	صفت|اسم + ه
20	و	و|و|و	و	و|و|و	Ab|Al|C0	حرف ربط|حروف الفبا|اختصارات
21	تار	تار|تار|تار	تار	تار|تار|تار	N1|A0|V6	فعل امر مثبت|صفت|اسم
22	درونم	درون|درون|در|در|در|در	درونم	درون+م|درون+م|در+ون+م|در+ون+م|در+ون+م|در+ون+م	O+Pl+N1|O+Pl+N1|O+Pl+N1|O+Pl+N1|O+N1|O+N1	اسم + ضمیر ملکی اول شخص مفرد|اسم + فعل اول شخص مفرد|اسم + علامت جمع + ضمیر ملکی اول شخص مفرد|اسم + علامت جمع + فعل اول شخص مفرد|اسم + علامت جمع + ضمیر ملکی اول شخص مفرد|اسم + علامت جمع + فعل اول شخص مفرد
23	درخشیدن	درخشید	درخشیدن	درخشید+ن	Neg+V2	بن ماضی + ن
24	گرفت	گرفت|گرفت	گرفت	گرفت|گرفت	N1|v2	فعل ماضی ساده:سوم شخص مفرد|اسم
25	.	.	.	.	Si	علامت نگارشی

0	رفته‌رفته	رفته‌رفته	رفته‌رفته	رفته‌رفته	Ad	قید
1	سردماغ	سردماغ	سردماغ	سردماغ	A0	صفت
2	آمدم	امد|امد	آمدم	امد+م|امد+م	O+N1|O+N1	اسم + ضمیر ملکی اول شخص مفرد|اسم + فعل اول شخص مفرد
3	و	و|و|و	و	و|و|و	Ab|Al|C0	حرف ربط|حروف الفبا|اختصارات
4	خندان	خندان|خندان|خند	خندان	خندان|خندان|خند+ان	O+V1|A0|V6	فعل امر مثبت|صفت|بن مضارع + ان
5	و	و|و|و	و	و|و|و	Ab|Al|C0	حرف ربط|حروف الفبا|اختصارات
6	شادمان	شادمان|شاد	شادمان	شادمان|شاد+مان	O+A0|A0	صفت|صفت + ضمیر ملکی اول شخص جمع
7	روبه	روبه|روب	روبه	روبه|روب+ه	O+V1|N1	اسم|بن مضارع + ه
8	مصطفی	مصطفی	مصطفی	مصطفی	N3	اسم خاص اشخاص
9	نموده	نموده|نمود|نمود	نموده	نموده|نمود+ه|نمود+ه	O+N1|O+v2|A0	صفت|ریشه ماضی + ه|اسم + ه
10	گفتم	گفت|گفت|گفت	گفتم	گفت+م|گفت+م|گفت+م	O+N1|O+N1|O+v2	فعل ماضی ساده:اول شخص مفرد|اسم + ضمیر ملکی اول شخص مفرد|اسم + فعل اول شخص مفرد
11	اولین	اولین|اول	اولین	اولین|اول+ین	O+A0|A0	صفت|صفت + ین
12	بار	بار|بار	بار	بار|بار	N1|V6	فعل امر مثبت|اسم
13	است	است|اس	است	است|اس+ت	O+N1|O+v1	فعل مضارع ساده:سوم شخص مفرد|اسم + ضمیر ملکی دوم شخص مفرد
14	که	که|که|که|که	که	که|که|که|که	N1|N1|NA|C0	حرف ربط|ضمیر پرسشی|اسم|اسم
15	از	از	از	از	Pr	حرف اضافه
16	تو	تو|تو|تو	تو	تو|تو|تو	N1|Ad|N5	ضمیر فاعلی|قید|اسم
17	یک	یک	یک	یک	No	عدد حرفی
18	کلمه	کلمه|کلم	کلمه	کلمه|کلم+ه	O+N1|N1	اسم|اسم + ه
19	حرف	حرف|حرف	حرف	حرف|حرف	N1|N1	اسم|اسم
20	حسابی	حسابی|حساب	حسابی	حسابی|حساب+ی	Y+N1|A0	صفت|اسم + ی
21	می‌شنوم	شنو	می‌شنوم	می+شنو+م	|O+v1+O	فعل حال اخباری:اول شخص مفرد
22	ولی	ولی|ولی|ول|ول	ولی	ولی|ولی|ول+ی|ول+ی	Y+N1|Y+A0|N1|C0	حرف ربط|اسم|صفت + ی|اسم + ی
23	به‌نظرم	به نظرم	به‌نظرم	به‌+نظر+م	O	N1
24	این	این|این	این	این|این	N6|A1	صفت اشاره|ضمیر اشاره
25	گره	گره|گر|گر	گره	گره|گر+ه|گر+ه	O+N1|O+V1|N1	اسم|بن مضارع + ه|اسم + ه
26	فقط	فقط	فقط	فقط	Ad	قید
27	به	به|به	به	به|به	N1|Pr	حرف اضافه|اسم
28	دست	دست|دست	دست	دست|دست	N9|N1	اسم|اسم موجود در ساختمان حرف اضافه و حرف ربط گروهی
29	خودت	خودت|خود	خودت	خودت|خود+ت	O+N1|N7	ضمیر تاکیدی/انعکاسی|اسم + ضمیر ملکی دوم شخص مفرد
30	گشوده خواهد شد	گشود	گشوده خواهد شد	گشود+ه+خواه+د+شد	|v3+O+O	فعل مجهول آینده:سوم شخص مفرد
31	.	.	.	.	Si	علامت نگارشی

0	باید	باید	باید	باید	V4	فعل وجه نما
1	خودت	خودت|خود	خودت	خودت|خود+ت	O+N1|N7	ضمیر تاکیدی/انعکاسی|اسم + ضمیر ملکی دوم شخص مفرد
2	مهارت	مهارت|مهار	مهارت	مهارت|مهار+ت	O+N1|N1	اسم|اسم + ضمیر ملکی دوم شخص مفرد
3	به	به|به	به	به|به	N1|Pr	حرف اضافه|اسم
4	خرج	خرج	خرج	خرج	N1	اسم
5	بدهی	بدهی|ده|ده|ده	بدهی	بدهی|ب+ده+ی|ب+ده+ی|ب+ده+ی	Y+N1+O|Y+No+O|N1|O+v1+O	اسم|فعل حال التزامی:دوم شخص مفرد|ب + عدد حرفی + ی|ب + اسم + ی
6	که	که|که|که|که	که	که|که|که|که	N1|N1|NA|C0	حرف ربط|ضمیر پرسشی|اسم|اسم
7	احدی	احدی|احد	احدی	احدی|احد+ی	Y+A0|N4	اسم فامیل|صفت + ی
8	از	از	از	از	Pr	حرف اضافه
9	مهمانان	مهمان	مهمانان	مهمان+ان	O+N1	اسم + ان
10	درصدد	درصدد	درصدد	درصدد	Pr1	حرف اضافه گروهی
11	دست‌زدن	دست زدن	دست‌زدن	دست‌+زد+ن	O	N1
12	به	به|به	به	به|به	N1|Pr	حرف اضافه|اسم
13	این	این|این	این	این|این	N6|A1	صفت اشاره|ضمیر اشاره
14	غاز	غاز	غاز	غاز	N1	اسم
15	برنیاید	بر|بر|بر	برنیاید	بر+نی+اید|بر+نی+اید|بر+نی+اید	O+O+N1|O+O+VPr|O+O+V1	بن مضارع + نی + فعل دوم شخص جمع|پیشوند فعل + نی + فعل دوم شخص جمع|اسم + نی + فعل دوم شخص جمع
16	.	.	.	.	Si	علامت نگارشی

0	فردای	فردا	فردای	فر+دای	O	N1
1	آن	ان	آن	ان	Ab	اختصارات
2	روزبه	روزبه	روزبه	روزبه	N3	اسم خاص اشخاص
3	خاطرم	خاطر|خاطر	خاطرم	خاطر+م|خاطر+م	O+N1|O+N1	اسم + ضمیر ملکی اول شخص مفرد|اسم + فعل اول شخص مفرد
4	آمد	امد	آمد	امد	N1	اسم
5	که	که|که|که|که	که	که|که|که|که	N1|N1|NA|C0	حرف ربط|ضمیر پرسشی|اسم|اسم
6	دیروز	دیروز	دیروز	دیروز	Ad	قید
7	یک	یک	یک	یک	No	عدد حرفی
8	دست	دست|دست	دست	دست|دست	N9|N1	اسم|اسم موجود در ساختمان حرف اضافه و حرف ربط گروهی
9	از	از	از	از	Pr	حرف اضافه
10	بهترین	بهترین|بهتر	بهترین	بهترین|بهتر+ین	O+A0|A0	صفت|صفت + ین
11	لباس‌های	لباس	لباس‌	لباس+ها+ی	Y+Pl+N1	اسم + علامت جمع + ی
12	نو	نو|نو	نو	نو|نو	A0|V6	فعل امر مثبت|صفت
13	دوز	دوز|دوز	دوز	دوز|دوز	N1|V6	فعل امر مثبت|اسم
14	خود	خود|خود	خود	خود|خود	N1|N8	ضمیر مشترک/متقابل|اسم
15	را	را	را	را	Po	حرف اضافه پسین
16	با	با	با	با	Pr	حرف اضافه
17	کلیه‌ی	کلیه|کلیه|کلی	کلیه‌ی	کلیه+ی|کلیه+ی|کلی+ه+ی	Y+O+A0|Y+N1|Y+Ad	قید + ی|اسم + ی|صفت + ه + ی
18	متفرعات	متفرع	متفرعات	متفرع+ات	Pl+A0	صفت + علامت جمع
19	به	به|به	به	به|به	N1|Pr	حرف اضافه|اسم
20	انضمام	انضمام	انضمام	انضمام	N1	اسم
21	مایحتوی	مایحتوی	مایحتوی	ما+ی+ح+تو+ی	O	N1
22	یعنی	یعنی	یعنی	یعنی	C0	حرف ربط
23	آقای	آقا	آقای	آقا+ی	O	N1
24	استادی	استادی|استاد	استادی	استادی|استاد+ی	Y+A0|N1	اسم|صفت + ی
25	مصطفی‌خان	مصطفی خان	مصطفی‌خان	مصطف+ی+‌خان	O	N1
26	به	به|به	به	به|به	N1|Pr	حرف اضافه|اسم
27	دست	دست|دست	دست	دست|دست	N9|N1	اسم|اسم موجود در ساختمان حرف اضافه و حرف ربط گروهی
28	چلاق‌شده‌ی	چلاق‌شده	چلاق‌شده‌ی	چلاق‌شده+ی	Y+A0	صفت + ی
29	خودم	خودم|خود|خود	خودم	خودم|خود+م|خود+م	O+N1|O+N1|N7	ضمیر تاکیدی/انعکاسی|اسم + ضمیر ملکی اول شخص مفرد|اسم + فعل اول شخص مفرد
30	از	از	از	از	Pr	حرف اضافه
31	خانه	خانه|خان	خانه	خانه|خان+ه	O+N1|N1	اسم|اسم + ه
32	بیرون	بیرون	بیرون	بیرون	N1	اسم
33	انداخته‌ام	انداخته|انداخته|انداخت	انداخته‌ام	انداخته+ام|انداخته+ام|انداخت+ه+ام	O+A0|O+A0|O+O+v2	صفت + ضمیر ملکی اول شخص مفرد|صفت + فعل اول شخص مفرد|فعل ماضی نقلی:اول شخص مفرد
34	.	.	.	.	Si	علامت نگارشی

0	ولی	ولی|ولی|ول|ول	ولی	ولی|ولی|ول+ی|ول+ی	Y+N1|Y+A0|N1|C0	حرف ربط|اسم|صفت + ی|اسم + ی
1	چون‌که	چون‌که	چون‌که	چون‌که	C1	حرف ربط گروهی
2	تیری	تیر	تیری	تیر+ی	Y+N1	اسم + ی
3	که	که|که|که|که	که	که|که|که|که	N1|N1|NA|C0	حرف ربط|ضمیر پرسشی|اسم|اسم
4	از	از	از	از	Pr	حرف اضافه
5	شست	شست	شست	شست	|v2	فعل ماضی ساده:سوم شخص مفرد
6	رفته	رفت|رفت	رفته	رفت+ه|رفت+ه	O+v2|O+v2	ریشه ماضی + ه|ریشه ماضی + ه
7	بازنمی‌گردد	بازگرد	بازنمی‌گردد	نمی+بازگرد+د	|O+v1+O+Neg	فعل حال اخباری منفی:سوم شخص مفرد
8	،	،	،	،	O	
9	یک‌بار	یک‌بار	یک‌بار	یک‌بار	A0	صفت
10	دیگر	دیگر|دیگر|دی	دیگر	دیگر|دیگر|دی+گر	O+N1|A2|Ad	قید|صفت مبهم|اسم + گر
11	به	به|به	به	به|به	N1|Pr	حرف اضافه|اسم
12	کلام	کلام	کلام	کلام	N1	اسم
13	بلندپایه‌ی	بلندپایه	بلندپایه‌ی	بلندپایه+ی	Y+A0	صفت + ی
14	«	«	«	«	O	
15	از	از	از	از	Pr	حرف اضافه
16	ماست	ماست|ماس	ماست	ماست|ماس+ت	O+N1|N1	اسم|اسم + ضمیر ملکی دوم شخص مفرد
17	که	که|که|که|که	که	که|که|که|که	N1|N1|NA|C0	حرف ربط|ضمیر پرسشی|اسم|اسم
18	بر	بر|بر|بر|بر	بر	بر|بر|بر|بر	N1|VPr|V6|Pr	حرف اضافه|فعل امر مثبت|پیشوند فعل|اسم
19	ماست	ماست|ماس	ماست	ماست|ماس+ت	O+N1|N1	اسم|اسم + ضمیر ملکی دوم شخص مفرد
20	»	»	»	»	O	
21	ایمان	ایمان	ایمان	ایمان	N1	اسم
22	آوردم	آورد	آوردم	آورد+م	O	N1
23	و	و|و|و	و	و|و|و	Ab|Al|C0	حرف ربط|حروف الفبا|اختصارات
24	پشت	پشت|پش	پشت	پشت|پش+ت	O+N1|N1	اسم|اسم + ضمیر ملکی دوم شخص مفرد
25	دستم	دست|دست	دستم	دست+م|دست+م	O+N1|O+N1	اسم + ضمیر ملکی اول شخص مفرد|اسم + فعل اول شخص مفرد
26	را	را	را	را	Po	حرف اضافه پسین
27	داغ	داغ	داغ	داغ	A0	صفت
28	کردم	کرد|کرد|کرد	کردم	کرد+م|کرد+م|کرد+م	O+N1|O+N1|O+v2	فعل ماضی ساده:اول شخص مفرد|اسم + ضمیر ملکی اول شخص مفرد|اسم + فعل اول شخص مفرد
29	که	که|که|که|که	که	که|که|که|که	N1|N1|NA|C0	حرف ربط|ضمیر پرسشی|اسم|اسم
30	تا	تا|تا|تا	تا	تا|تا|تا	Ab|C0|Pr	حرف اضافه|حرف ربط|اختصارات
31	من	من	من	من	N5	ضمیر فاعلی
32	باشم	باش|شم	باشم	باش+م|با+شم	N1+O|O+v1	فعل مضارع ساده:اول شخص مفرد|با + اسم
33	دیگر	دیگر|دیگر|دی	دیگر	دیگر|دیگر|دی+گر	O+N1|A2|Ad	قید|صفت مبهم|اسم + گر
34	پیرامون	پیرامون|پیرامون	پیرامون	پیرامون|پیرامون	N9|N1	اسم|اسم موجود در ساختمان حرف اضافه و حرف ربط گروهی
35	ترفیع	ترفیع	ترفیع	ترفیع	N1	اسم
36	رتبه	رتبه	رتبه	رتبه	N1	اسم
37	نگردم	گرد|نگر|گر	نگردم	ن+گرد+م|نگر+د+م|ن+گر+د+م	|O+v1+Neg|O+v1|O+v1+Neg	فعل حال التزامی منفی:اول شخص مفرد|فعل مضارع ساده:سوم شخص مفرد|فعل حال التزامی منفی:سوم شخص مفرد
38	!	!	!	!	Si	علامت نگارشی
