
0	طبق	طبق|طبق|طبق	طبق	طبق|طبق|طبق	N9|N1|Pr1	حرف اضافه گروهی|اسم|اسم موجود در ساختمان حرف اضافه و حرف ربط گروهی
1	اعلام	اعلام|اعلام	اعلام	اعلام|اعلام	N1|N1	اسم|اسم
2	وزارت	وزارت	وزارت	وزارت	N1	اسم
3	اقتصاد	اقتصاد	اقتصاد	اقتصاد	N1	اسم
4	تدوین	تدوین	تدوین	تدوین	N1	اسم
5	شاخص‌های	شاخص	شاخص‌های	شاخص+ها+ی	Y+Pl+A0	صفت + علامت جمع + ی
6	ملی	ملی|مل	ملی	ملی|مل+ی	Y+N1|A0	صفت|اسم + ی
7	محیط	محیط	محیط	محیط	A0	صفت
8	کسب‌	کسب	کسب‌	کسب	N1	اسم
9	و	و|و|و	و	و|و|و	Ab|Al|C0	حرف ربط|حروف الفبا|اختصارات
10	کار	کار|کار	کار	کار|کار	V6|N1	اسم|فعل امر مثبت
11	کشور	کشور|کش	کشور	کشور|کش+ور	O+V1|N1	اسم|بن مضارع + ور
12	برای	برای|برا|بر	برای	برای|برا+ی|بر+ا+ی	Y+O+v1|Y+A0|Pr	حرف اضافه|صفت + ی|ریشه مضارع + ا + ی
13	نخستین	نخستین|نخست|خست	نخستین	نخستین|نخست+ین|ن+خست+ین	O+V2+Neg|O+A0|A0	صفت|صفت + ین|ن + بن ماضی + ین
14	بار	بار|بار	بار	بار|بار	N1|V6	فعل امر مثبت|اسم
15	اجرایی	اجرایی|اجرا	اجرایی	اجرایی|اجرا+یی	O+N1|A0	صفت|اسم + یی
16	شد	شد	شد	شد	|v2	فعل ماضی ساده:سوم شخص مفرد
17	.	.	.	.	Si	علامت نگارشی

0	اِمروز	امروز	اِمروز	امروز	N1	اسم
1	هوا	هوا	هوا	هوا	N1	اسم
2	باراني	بارانی|باران|بار	بارانی	بارانی|باران+ی|بار+ان+ی	Y+O+N1|Y+N1|A0	صفت|اسم + ی|اسم + ان + ی
3	است	است|اس	است	است|اس+ت	O+N1|O+v1	فعل مضارع ساده:سوم شخص مفرد|اسم + ضمیر ملکی دوم شخص مفرد
4	.	.	.	.	Si	علامت نگارشی

0	چترم	چتر|چتر	چترم	چتر+م|چتر+م	O+N1|O+N1	اسم + ضمیر ملکی اول شخص مفرد|اسم + فعل اول شخص مفرد
1	را	را	را	را	Po	حرف اضافه پسین
2	با	با	با	با	Pr	حرف اضافه
3	خودم	خودم|خود|خود	خودم	خودم|خود+م|خود+م	O+N1|O+N1|N7	ضمیر تاکیدی/انعکاسی|اسم + ضمیر ملکی اول شخص مفرد|اسم + فعل اول شخص مفرد
4	نبُردم	نبرد|نبرد|برد|بر	نبُردم	نبرد+م|نبرد+م|ن+برد+م|ن+بر+د+م	O+N1|O+N1|O+v2+Neg|O+v1+Neg	اسم + ضمیر ملکی اول شخص مفرد|اسم + فعل اول شخص مفرد|فعل ماضی ساده منفی:اول شخص مفرد|فعل حال التزامی منفی:سوم شخص مفرد
5	.	.	.	.	Si	علامت نگارشی
