0	می‌اندیشم	اندیش|می|می|می|می	می‌اندیشم	می + اندیش + م|می + اند + ی + ش + م|می + اند + ی + ش + م|می + اند + ی + ش + م|می + اند + ی + ش + م	اول شخص مفرد|اسم + فعل سوم شخص جمع + ی + ضمیر ملکی سوم شخص مفرد + ضمیر ملکی اول شخص مفرد|اسم + فعل سوم شخص جمع + ی + ضمیر ملکی سوم شخص مفرد + فعل اول شخص مفرد|اسم + فعل سوم شخص جمع + ی + ضمیر ملکی سوم شخص مفرد + ضمیر ملکی اول شخص مفرد|اسم + فعل سوم شخص جمع + ی + ضمیر ملکی سوم شخص مفرد + فعل اول شخص مفرد
1	که	که|که|که|که	که	که|که|که|که	حرف ربط|ضمیر پرسشی|اسم|اسم
2	به	به|به	به	به|به	حرف اضافه|اسم
3	لطایف‌حیل	لطایف حیل	لطایف‌حیل	لطایف+حی+ل	_
4	و	و|و|و	و	و|و|و	حرف ربط|حروف الفبا|اختصارات
5	بدایع	بدایع	بدایع	بدایع	اسم
6	تمویهات	تمویهات	تمویهات	ت+م+ویه+ات	_
7	گرد	گرد|گرد|گرد|گرد|گر	گرد	گرد|گرد|گرد|گرد|گر + د	فعل امر مثبت|صفت|اسم|صفت|سوم شخص مفرد
8	این	این|این	این	این|این	صفت اشاره|ضمیر اشاره
9	غرض	غرض	غرض	غرض	اسم
10	درآیم	درا|در|در|در|در|در|در|در|در	درآیم	درا + ی + م|در + ا + ی + م|در + ا + ی + م|در + ا + ی + م|در + ا + ی + م|در + ا + ی + م|در + ا + ی + م|در + ا + ی + م|در + ا + ی + م	اول شخص مفرد|ریشه مضارع + ا + ی + ضمیر ملکی اول شخص مفرد|ریشه مضارع + ا + ی + فعل اول شخص مفرد|اسم + ا + ی + ضمیر ملکی اول شخص مفرد|اسم + ا + ی + فعل اول شخص مفرد|اسم + ا + ی + ضمیر ملکی اول شخص مفرد|اسم + ا + ی + فعل اول شخص مفرد|پیشوند فعل + ا + ی + ضمیر ملکی اول شخص مفرد|پیشوند فعل + ا + ی + فعل اول شخص مفرد
11	و	و|و|و	و	و|و|و	حرف ربط|حروف الفبا|اختصارات
12	به	به|به	به	به|به	حرف اضافه|اسم
13	هر	هر	هر	هر	صفت اشاره
14	وجه	وجه|وج	وجه	وجه|وج + ه	اسم|اسم + ه
15	که	که|که|که|که	که	که|که|که|که	حرف ربط|ضمیر پرسشی|اسم|اسم
16	ممکن	ممکن	ممکن	ممکن	صفت
17	گردد	گرد	گردد	گرد + د	سوم شخص مفرد
18	بکوشم	کوش|کوش|کوش	بکوشم	ب + کوش + م|ب + کوش + م|ب + کوش + م	اول شخص مفرد|ب + اسم + ضمیر ملکی اول شخص مفرد|ب + اسم + فعل اول شخص مفرد
19	تا	تا|تا|تا	تا	تا|تا|تا	حرف اضافه|حرف ربط|اختصارات
20	او	او|او	او	او|او	ضمیر فاعلی|اختصارات
21	را	را	را	را	حرف اضافه پسین
22	در	در|در|در|در|در	در	در|در|در|در|در	حرف اضافه|فعل امر مثبت|اسم|اسم|پیشوند فعل
23	گردانم	گردان|گردان|گردان|گردان|گردان|گرد|گرد|گر|گر	گردانم	گردان + م|گردان + م|گردان + م|گردان + م|گردان + م|گرد + ان + م|گرد + ان + م|گر + د + ان + م|گر + د + ان + م	اول شخص مفرد|اسم + ضمیر ملکی اول شخص مفرد|اسم + فعل اول شخص مفرد|صفت + ضمیر ملکی اول شخص مفرد|صفت + فعل اول شخص مفرد|بن مضارع + ان + ضمیر ملکی اول شخص مفرد|بن مضارع + ان + فعل اول شخص مفرد|بن مضارع + د + ان + ضمیر ملکی اول شخص مفرد|بن مضارع + د + ان + فعل اول شخص مفرد
24	،	،	،	،	
25	که	که|که|که|که	که	که|که|که|که	حرف ربط|ضمیر پرسشی|اسم|اسم
26	اهمال	اهمال	اهمال	اهمال	اسم
27	و	و|و|و	و	و|و|و	حرف ربط|حروف الفبا|اختصارات
28	تقصیر	تقصیر	تقصیر	تقصیر	اسم
29	را	را	را	را	حرف اضافه پسین
30	در	در|در|در|در|در	در	در|در|در|در|در	حرف اضافه|فعل امر مثبت|اسم|اسم|پیشوند فعل
31	مذهب	مذهب|مذهب|مذهب	مذهب	مذهب|مذهب|مذهب	اسم|صفت|اسم
32	حمیت	حمیت	حمیت	حمیت	اسم
33	رخصت	رخصت	رخصت	رخصت	اسم
34	نبینم	بین	نبینم	ن + بین + م	اول شخص مفرد
35	و	و|و|و	و	و|و|و	حرف ربط|حروف الفبا|اختصارات
36	اگر	اگر	اگر	اگر	حرف ربط
37	غفلتی	غفلت	غفلتی	غفلت + ی	اسم + ی
38	روا	روا|رو	روا	روا|رو + ا	صفت|ریشه مضارع + ا
39	دارم	دار|دار|دار	دارم	دار + م|دار + م|دار + م	اول شخص مفرد|اسم + ضمیر ملکی اول شخص مفرد|اسم + فعل اول شخص مفرد
40	به	به|به	به	به|به	حرف اضافه|اسم
41	نزدیک	نزدیک	نزدیک	نزدیک	صفت
42	اصحاب	صاحب	اصحاب	صاحب	اسم مفرد جمع مکسر
43	مروت	مروت|مرو	مروت	مروت|مرو + ت	اسم|اسم خاص مکان + ضمیر ملکی دوم شخص مفرد
44	معذور	معذور	معذور	معذور	صفت
45	نباشم	باش	نباشم	ن + باش + م	اول شخص مفرد
46	.	.	.	.	علامت نگارشی

0	و	و|و|و	و	و|و|و	حرف ربط|حروف الفبا|اختصارات
1	نیز	نیز|آز	نیز	نیز|نی + آز	قید|فعل امر منفی
2	منزلتی	منزلتی|منزلت	منزلتی	منزلتی|منزلت + ی	اسم|اسم + ی
3	تو	تو|تو|تو	تو	تو|تو|تو	ضمیر فاعلی|قید|اسم
4	نمی‌جویم	جو	نمی‌جویم	نمی + جو + یم	اول شخص جمع
5	و	و|و|و	و	و|و|و	حرف ربط|حروف الفبا|اختصارات
6	در	در|در|در|در|در	در	در|در|در|در|در	حرف اضافه|فعل امر مثبت|اسم|اسم|پیشوند فعل
7	طلب	طلب|طلب	طلب	طلب|طلب	فعل امر مثبت|اسم
8	زیادتی	زیادتی|زیادت	زیادتی	زیادتی|زیادت + ی	صفت|اسم + ی
9	قدم	قدم|قدم|قد|قد|قد|قد	قدم	قدم|قدم|قد + م|قد + م|قد + م|قد + م	اسم|اسم|اسم + ضمیر ملکی اول شخص مفرد|اسم + فعل اول شخص مفرد|صفت + ضمیر ملکی اول شخص مفرد|صفت + فعل اول شخص مفرد
10	نمی‌گزارم	گزار	نمی‌گزارم	نمی + گزار + م	اول شخص مفرد
11	که	که|که|که|که	که	که|که|که|که	حرف ربط|ضمیر پرسشی|اسم|اسم
12	به	به|به	به	به|به	حرف اضافه|اسم
13	حرص	حرص	حرص	حرص	اسم
14	و	و|و|و	و	و|و|و	حرف ربط|حروف الفبا|اختصارات
15	گرم‌شکمی	گرم شکمی	گرم‌شکمی	گرم+شکم+ی	_
16	منسوب	منسوب	منسوب	منسوب	اسم
17	شوم	شوم|شو|شو|شو	شوم	شوم|شو + م|شو + م|شو + م	صفت|اول شخص مفرد|اسم + ضمیر ملکی اول شخص مفرد|اسم + فعل اول شخص مفرد
18	.	.	.	.	علامت نگارشی

0	و	و|و|و	و	و|و|و	حرف ربط|حروف الفبا|اختصارات
1	شاید	شاید|شاید|شا	شاید	شاید|شاید|شا + ی + د	سوم شخص مفرد|قید|سوم شخص مفرد
2	بود	بود|بود|بود|بو|ود	بود	بود|بود|بود|بو + د|ب + ود	سوم شخص مفرد|اسم|سوم شخص مفرد|سوم شخص مفرد|ب + اسم
3	که	که|که|که|که	که	که|که|که|که	حرف ربط|ضمیر پرسشی|اسم|اسم
4	چون	چون|چون	چون	چون|چون	حرف ربط|حرف اضافه
5	صورت	صورت|صورت|صور	صورت	صورت|صورت|صور + ت	اسم|اسم موجود در ساختمان حرف اضافه و حرف ربط گروهی|اسم + ضمیر ملکی دوم شخص مفرد
6	حال	حال	حال	حال	اسم
7	بشناخت	شناخت|شناخت	بشناخت	ب + شناخت|ب + شناخت	سوم شخص مفرد|ب + اسم
8	و	و|و|و	و	و|و|و	حرف ربط|حروف الفبا|اختصارات
9	فضیحت	فضیحت	فضیحت	فضیحت	اسم
10	خود	خود|خود	خود	خود|خود	ضمیر مشترک/متقابل|اسم
11	بدید	دید|دید|بد	بدید	ب + دید|ب + دید|بد + ید	سوم شخص مفرد|ب + اسم|صفت + فعل دوم شخص جمع
12	به	به|به	به	به|به	حرف اضافه|اسم
13	مکابره	مکابره	مکابره	مک+ابر+ه	_
14	درآید	درا|در	درآید	درا + ید|در + ا + ید	دوم شخص جمع|ریشه مضارع + ا + فعل سوم شخص مفرد
15	،	،	،	،	
16	ساخته	ساخته|ساخت|ساخت	ساخته	ساخته|ساخت + ه|ساخت + ه	صفت|ریشه ماضی + ه|اسم + ه
17	و	و|و|و	و	و|و|و	حرف ربط|حروف الفبا|اختصارات
18	بسیجیده	بسیجید	بسیجیده	بسیجید + ه	ریشه ماضی + ه
19	جنگ	جنگ|جنگ|جنگ	جنگ	جنگ|جنگ|جنگ	فعل امر مثبت|اسم|اسم
20	آغازد	آغازد	آغازد	آغاز+د	_
21	،	،	،	،	
22	یا	یا|یا	یا	یا|یا	حرف ربط|صوت
23	مستعد	مستعد	مستعد	مستعد	صفت
24	و	و|و|و	و	و|و|و	حرف ربط|حروف الفبا|اختصارات
25	متشمر	متشمر	متشمر	مت+ش+مر	_
26	روی	روی|روی|رو|رو	روی	روی|روی|رو + ی|رو + ی	حرف اضافه گروهی|اسم|اسم + ی|دوم شخص مفرد
27	بگرداند	گرداند|گردان	بگرداند	ب + گرداند|ب + گردان + د	سوم شخص مفرد|سوم شخص مفرد
28	.	.	.	.	علامت نگارشی

0	و	و|و|و	و	و|و|و	حرف ربط|حروف الفبا|اختصارات
1	اصحاب	صاحب	اصحاب	صاحب	اسم مفرد جمع مکسر
2	حزم	حزم	حزم	حزم	اسم
3	گناه	گناه	گناه	گناه	اسم
4	ظاهر	ظاهر	ظاهر	ظاهر	اسم
5	را	را	را	را	حرف اضافه پسین
6	عقوبت	عقوبت	عقوبت	عقوبت	اسم
7	مستور	مستور|مس	مستور	مستور|مس + ت + ور	صفت|اسم + ضمیر ملکی دوم شخص مفرد + ور
8	و	و|و|و	و	و|و|و	حرف ربط|حروف الفبا|اختصارات
9	جرم	جرم|جرم|جر|جر|جر|جر	جرم	جرم|جرم|جر + م|جر + م|جر + م|جر + م	اسم|اسم|اسم + ضمیر ملکی اول شخص مفرد|اسم + فعل اول شخص مفرد|اسم + ضمیر ملکی اول شخص مفرد|اسم + فعل اول شخص مفرد
10	مستور	مستور|مس	مستور	مستور|مس + ت + ور	صفت|اسم + ضمیر ملکی دوم شخص مفرد + ور
11	را	را	را	را	حرف اضافه پسین
12	عقوبت	عقوبت	عقوبت	عقوبت	اسم
13	ظاهر	ظاهر	ظاهر	ظاهر	اسم
14	جایز	جایز	جایز	جایز	صفت
15	نشمرند	شمر	نشمرند	ن + شمر + ند	سوم شخص جمع
16	.	.	.	.	علامت نگارشی

0	و	و|و|و	و	و|و|و	حرف ربط|حروف الفبا|اختصارات
1	بباید	باید	بباید	ب + باید	ب + فعل وجه نما
2	شناخت	شناخت|شناخت	شناخت	شناخت|شناخت	سوم شخص مفرد|اسم
3	که	که|که|که|که	که	که|که|که|که	حرف ربط|ضمیر پرسشی|اسم|اسم
4	عقوبت	عقوبت	عقوبت	عقوبت	اسم
5	غادران	غادران	غادران	غ+ا+در+ان	_
6	زود	زود	زود	زود	صفت
7	نازل	نازل	نازل	نازل	اسم
8	گردد	گرد	گردد	گرد + د	سوم شخص مفرد
9	،	،	،	،	
10	و	و|و|و	و	و|و|و	حرف ربط|حروف الفبا|اختصارات
11	سوگند	سوگند|سوگ	سوگند	سوگند|سوگ + ند	اسم|اسم + فعل سوم شخص جمع
12	دروغ	دروغ	دروغ	دروغ	اسم
13	قواعد	قواعد	قواعد	قواعد	اسم
14	عمر	عمر|عمر	عمر	عمر|عمر	اسم|اسم خاص اشخاص
15	و	و|و|و	و	و|و|و	حرف ربط|حروف الفبا|اختصارات
16	اساس	اساس	اساس	اساس	_
17	زندگانی	زندگانی|زنده	زندگانی	زندگانی|زنده + گان + ی	اسم|صفت + علامت جمع + ی
18	زود	زود	زود	زود	صفت
19	با	با	با	با	حرف اضافه
20	خلل	خلل	خلل	خلل	اسم
21	کند	کند|کن|کن	کند	کند|کن + د|کن + د	صفت|سوم شخص مفرد|سوم شخص مفرد
22	،	،	،	،	
23	و	و|و|و	و	و|و|و	حرف ربط|حروف الفبا|اختصارات
24	زبان	زبان	زبان	زبان	اسم
25	نبوت	نبوت|بو	نبوت	نبوت|ن + بو + ت	اسم|دوم شخص مفرد
26	بدین	بدین|دین|دین|بد	بدین	بدین|ب + دین|ب + دین|بد + ین	حرف اضافه|ب + اسم|ب + اسم|صفت + ین
27	دقیقه	دقیقه|دقیق	دقیقه	دقیقه|دقیق + ه	اسم|صفت + ه
28	اشارت	اشارت	اشارت	اشارت	اسم
29	کند	کند|کن|کن	کند	کند|کن + د|کن + د	صفت|سوم شخص مفرد|سوم شخص مفرد
30	.	.	.	.	علامت نگارشی

0	آن	ان	آن	ان	اختصارات
1	کس	کس	کس	کس	اسم
2	که	که|که|که|که	که	که|که|که|که	حرف ربط|ضمیر پرسشی|اسم|اسم
3	به	به|به	به	به|به	حرف اضافه|اسم
4	تواضع	تواضع	تواضع	تواضع	اسم
5	و	و|و|و	و	و|و|و	حرف ربط|حروف الفبا|اختصارات
6	تضرع	تضرع	تضرع	تضرع	اسم
7	مقدمات	مقدمات|مقدم|مقدم	مقدم	مقدمات|مقدم + ات|مقدم + ات	اسم|صفت + علامت جمع|اسم + علامت جمع
8	آزار	ازار	آزار	ازار	اسم
9	فرو	فرو|فرو|فرو	فرو	فرو|فرو|فرو	فعل امر مثبت|پیشوند فعل|صفت
10	نتواند	توان	نتواند	ن + توان + د	سوم شخص مفرد
11	گذاشت	گذاشت	گذاشت	گذاشت	سوم شخص مفرد
12	و	و|و|و	و	و|و|و	حرف ربط|حروف الفبا|اختصارات
13	در	در|در|در|در|در	در	در|در|در|در|در	حرف اضافه|فعل امر مثبت|اسم|اسم|پیشوند فعل
14	عفو	عفو	عفو	عفو	اسم
15	و	و|و|و	و	و|و|و	حرف ربط|حروف الفبا|اختصارات
16	تجاوز	تجاوز	تجاوز	تجاوز	اسم
17	پیش‌دستی	پیش‌دستی|دست	پیش‌دستی	پیش‌دستی|پیش + دست + ی	اسم|پیش + اسم + ی
18	و	و|و|و	و	و|و|و	حرف ربط|حروف الفبا|اختصارات
19	مبادرت	مبادرت	مبادرت	مبادرت	اسم
20	نتواند	توان	نتواند	ن + توان + د	سوم شخص مفرد
21	نمود	نمود|نمود|مو	نمود	نمود|نمود|ن + مو + د	سوم شخص مفرد|اسم|سوم شخص مفرد
22	از	از	از	از	حرف اضافه
23	پیرایه	پیرایه	پیرایه	پیرایه	اسم
24	نیکونامی	نیکونامی|نیکونام	نیکونامی	نیکونامی|نیکونام + ی	اسم|صفت + ی
25	عاطل	عاطل	عاطل	عاطل	صفت
26	گردد	گرد	گردد	گرد + د	سوم شخص مفرد
27	و	و|و|و	و	و|و|و	حرف ربط|حروف الفبا|اختصارات
28	در	در|در|در|در|در	در	در|در|در|در|در	حرف اضافه|فعل امر مثبت|اسم|اسم|پیشوند فعل
29	پیش	پیش|پیش|پی	پیش	پیش|پیش|پی + ش	صفت|اسم موجود در ساختمان حرف اضافه و حرف ربط گروهی|اسم + ضمیر ملکی سوم شخص مفرد
30	مردان	مرد	مردان	مرد + ان	اسم + ان
31	سرافگنده	سرافگنده	سرافگنده	سر+اف+گند+ه	_
32	ماند	ماند|مان	ماند	ماند|مان + د	سوم شخص مفرد|سوم شخص مفرد
33	.	.	.	.	علامت نگارشی

0	اینست	این	اینست	این+ست	_
1	مثل	مثل|مثل|مثل	مثل	مثل|مثل|مثل	اسم|اسم موجود در ساختمان حرف اضافه و حرف ربط گروهی|اسم
2	خردمند	خردمند|خرد|خر	خردمند	خردمند|خرد + مند|خر + د + مند	صفت|اسم + مند|بن مضارع + د + مند
3	روشن	روشن	روشن	روشن	صفت
4	رأی	رأی	رأی	رأی	اسم
5	که	که|که|که|که	که	که|که|که|که	حرف ربط|ضمیر پرسشی|اسم|اسم
6	فرصت	فرصت	فرصت	فرصت	اسم
7	مصالحت	مصالح	مصالحت	مصالح + ت	اسم + ضمیر ملکی دوم شخص مفرد
8	دشمن	دشمن	دشمن	دشمن	صفت
9	به	به|به	به	به|به	حرف اضافه|اسم
10	وقت	وقت|وقت	وقت	وقت|وقت	اسم|اسم موجود در ساختمان حرف اضافه و حرف ربط گروهی
11	حاجت	حاجت|حاج	حاجت	حاجت|حاج + ت	اسم|اسم + ضمیر ملکی دوم شخص مفرد
12	فایت	فا	فایت	فا + ی + ت	اسم + ضمیر ملکی دوم شخص مفرد
13	نگرداند	گرداند|گردان	نگرداند	ن + گرداند|ن + گردان + د	سوم شخص مفرد|سوم شخص مفرد
14	و	و|و|و	و	و|و|و	حرف ربط|حروف الفبا|اختصارات
15	پس‌از	پس‌از	پس‌از	پس‌از	حرف اضافه گروهی
16	حصول	حصول	حصول	حصول	اسم
17	غرض	غرض	غرض	غرض	اسم
18	از	از	از	از	حرف اضافه
19	مراعات	مراعات	مراعات	مراعات	اسم
20	جانب	جانب|جانب	جانب	جانب|جانب	اسم|اسم موجود در ساختمان حرف اضافه و حرف ربط گروهی
21	حزم	حزم	حزم	حزم	اسم
22	و	و|و|و	و	و|و|و	حرف ربط|حروف الفبا|اختصارات
23	احتیاط	احتیاط	احتیاط	احتیاط	اسم
24	غافل	غافل	غافل	غافل	صفت
25	نباشد	باش	نباشد	ن + باش + د	سوم شخص مفرد
26	.	.	.	.	علامت نگارشی

0	سبحان‌الله	سبحان الله	سبحان‌الله	سبحان+‌الله	_
1	!	!	!	!	علامت نگارشی

0	موشی	موشی|موش	موشی	موشی|موش + ی	صفت|اسم + ی
1	با	با	با	با	حرف اضافه
2	ضعف	ضعف	ضعف	ضعف	اسم
3	و	و|و|و	و	و|و|و	حرف ربط|حروف الفبا|اختصارات
4	عجز	عجز	عجز	عجز	اسم
5	خویش	خویش|خو	خویش	خویش|خو + ی + ش	ضمیر مشترک/متقابل|اسم + ی + ضمیر ملکی سوم شخص مفرد
6	چون	چون|چون	چون	چون|چون	حرف ربط|حرف اضافه
7	آفات	افت	آفت	افت + ات	اسم + علامت جمع
8	بدو	بدو|بدو|دو|دو	بدو	بدو|بدو|ب + دو|ب + دو	اسم|صفت|فعل امر مثبت|ب + اسم
9	محیط	محیط	محیط	محیط	صفت
10	گشت	گشت|گشت|گشت	گشت	گشت|گشت|گشت	سوم شخص مفرد|سوم شخص مفرد|اسم
11	و	و|و|و	و	و|و|و	حرف ربط|حروف الفبا|اختصارات
12	دشمنان	دشمن	دشمنان	دشمن + ان	صفت + ان
13	غالب	غالب	غالب	غالب	صفت
14	گرد	گرد|گرد|گرد|گرد|گر	گرد	گرد|گرد|گرد|گرد|گر + د	فعل امر مثبت|صفت|اسم|صفت|سوم شخص مفرد
15	او	او|او	او	او|او	ضمیر فاعلی|اختصارات
16	درآمدند	درآمد	درآمدند	درآمد+ند	_
17	دل	دل	دل	دل	اسم
18	از	از	از	از	حرف اضافه
19	جای	جای|جا	جای	جای|جا + ی	اسم|اسم + ی
20	نبرد	نبرد|برد|بر	نبرد	نبرد|ن + برد|ن + بر + د	اسم|سوم شخص مفرد|سوم شخص مفرد
21	و	و|و|و	و	و|و|و	حرف ربط|حروف الفبا|اختصارات
22	به	به|به	به	به|به	حرف اضافه|اسم
23	دقایق	دقایق	دقایق	دقایق	اسم
24	مخادعت	مخادعت	مخادعت	م+خاد+عت	_
25	یکی	یکی|یک	یکی	یکی|یک + ی	صفت مبهم|عدد حرفی + ی
26	را	را	را	را	حرف اضافه پسین
27	از	از	از	از	حرف اضافه
28	ایشان	ایشان	ایشان	ایشان	ضمیر فاعلی
29	در	در|در|در|در|در	در	در|در|در|در|در	حرف اضافه|فعل امر مثبت|اسم|اسم|پیشوند فعل
30	دام	دام	دام	دام	اسم
31	موافقت	موافقت|موافق	موافقت	موافقت|موافق + ت	اسم|صفت + ضمیر ملکی دوم شخص مفرد
32	کشید	کشید|کش|کش	کشید	کشید|کش + ید|کش + ید	سوم شخص مفرد|دوم شخص جمع|اسم + فعل دوم شخص جمع
33	،	،	،	،	
34	تا	تا|تا|تا	تا	تا|تا|تا	حرف اضافه|حرف ربط|اختصارات
35	بدان	بدان|دان|بد	بدان	بدان|ب + دان|بد + ان	|فعل امر مثبت|صفت + ان
36	وثیقت	وثیق	وثیقت	وثیق + ت	صفت + ضمیر ملکی دوم شخص مفرد
37	و	و|و|و	و	و|و|و	حرف ربط|حروف الفبا|اختصارات
38	وسیلت	وسیلت	وسیلت	وسیلت	اسم
39	محنت	محنت|محن	محنت	محنت|محن + ت	اسم|اسم + ضمیر ملکی دوم شخص مفرد
40	از	از	از	از	حرف اضافه
41	وی	وی|وی	وی	وی|وی	ضمیر فاعلی|اختصارات
42	دور	دور|دور	دور	دور|دور	صفت|اسم
43	گشت	گشت|گشت|گشت	گشت	گشت|گشت|گشت	سوم شخص مفرد|سوم شخص مفرد|اسم
44	،	،	،	،	
45	و	و|و|و	و	و|و|و	حرف ربط|حروف الفبا|اختصارات
46	از	از	از	از	حرف اضافه
47	عهده	عهده|عهده|عهد	عهده	عهده|عهده|عهد + ه	اسم|اسم موجود در ساختمان حرف اضافه و حرف ربط گروهی|اسم + ه
48	عهد	عهد	عهد	عهد	اسم
49	دشمن	دشمن	دشمن	دشمن	صفت
50	به	به|به	به	به|به	حرف اضافه|اسم
51	وقت	وقت|وقت	وقت	وقت|وقت	اسم|اسم موجود در ساختمان حرف اضافه و حرف ربط گروهی
52	بیرون	بیرون	بیرون	بیرون	اسم
53	آمد	امد	آمد	امد	اسم
54	،	،	،	،	
55	و	و|و|و	و	و|و|و	حرف ربط|حروف الفبا|اختصارات
56	پس‌از	پس‌از	پس‌از	پس‌از	حرف اضافه گروهی
57	ادراک	ادراک	ادراک	ادراک	اسم
58	نهمت	نه	نهمت	نه + م + ت	اول شخص مفرد
59	در	در|در|در|در|در	در	در|در|در|در|در	حرف اضافه|فعل امر مثبت|اسم|اسم|پیشوند فعل
60	تصون	تصون	تصون	ت+صو+ن	_
61	ذات	ذات	ذات	ذات	اسم
62	ابواب	ابواب	ابواب	ابواب	اسم
63	تیقظ	تیقظ	تیقظ	ت+ی+ق+ظ	_
64	به	به|به	به	به|به	حرف اضافه|اسم
65	جای	جای|جا	جای	جای|جا + ی	اسم|اسم + ی
66	آورد	آورد|آور	آورد	آورد|آور + د	سوم شخص مفرد|سوم شخص مفرد
67	.	.	.	.	علامت نگارشی

0	اگر	اگر	اگر	اگر	حرف ربط
1	اصحاب	صاحب	اصحاب	صاحب	اسم مفرد جمع مکسر
2	خرد	خرد|خرد|خر	خرد	خرد|خرد|خر + د	اسم|صفت|سوم شخص مفرد
3	و	و|و|و	و	و|و|و	حرف ربط|حروف الفبا|اختصارات
4	کیاست	کیاست	کیاست	کیاست	صفت
5	و	و|و|و	و	و|و|و	حرف ربط|حروف الفبا|اختصارات
6	ذکا	ذکاء	ذکا	ذکاء	اسم
7	و	و|و|و	و	و|و|و	حرف ربط|حروف الفبا|اختصارات
8	فطنت	فطنت	فطنت	ف+ط+نت	_
9	این	این|این	این	این|این	صفت اشاره|ضمیر اشاره
10	تجارب	تجربه	تجارب	تجربه	اسم مفرد جمع مکسر
11	را	را	را	را	حرف اضافه پسین
12	نمودار	نمودار|نمود	نمودار	نمودار|نمود + ار	صفت|ریشه ماضی + ار
13	عزایم	عزا|عزا	عزایم	عزا + ی + م|عزا + ی + م	اسم + ضمیر ملکی اول شخص مفرد|اسم + فعل اول شخص مفرد
14	خویش	خویش|خو	خویش	خویش|خو + ی + ش	ضمیر مشترک/متقابل|اسم + ی + ضمیر ملکی سوم شخص مفرد
15	گردانند	گردان|گردان|گردان|گرد|گرد|گرد|گرد	گردانند	گردان + ند|گردان + ند|گردان + ند|گرد + ان + ند|گرد + ان + ند|گرد + ان + ند|گرد + ان + ند	سوم شخص جمع|اسم + فعل سوم شخص جمع|صفت + فعل سوم شخص جمع|بن مضارع + ان + فعل سوم شخص جمع|صفت + ان + فعل سوم شخص جمع|اسم + ان + فعل سوم شخص جمع|صفت + ان + فعل سوم شخص جمع
16	و	و|و|و	و	و|و|و	حرف ربط|حروف الفبا|اختصارات
17	در	در|در|در|در|در	در	در|در|در|در|در	حرف اضافه|فعل امر مثبت|اسم|اسم|پیشوند فعل
18	تقدیم	تقدیم	تقدیم	تقدیم	اسم
19	مهمات	مهمات|مهم	مهمات	مهمات|مهم + ات	اسم|صفت + علامت جمع
20	این	این|این	این	این|این	صفت اشاره|ضمیر اشاره
21	بشارت	بشارت|شار	بشارت	بشارت|ب + شار + ت	اسم|ب + اسم + ضمیر ملکی دوم شخص مفرد
22	را	را	را	را	حرف اضافه پسین
23	امام	امام|امام	امام	امام|امام	اسم|شاخص
24	سازند	سازند|ساز|ساز	سازند	سازند|ساز + ند|ساز + ند	اسم|سوم شخص جمع|اسم + فعل سوم شخص جمع
25	فواتح	فواتح	فواتح	فو+ات+ح	_
26	و	و|و|و	و	و|و|و	حرف ربط|حروف الفبا|اختصارات
27	خواتم	خو|خو	خواتم	خو + ات + م|خو + ات + م	اسم + علامت جمع + ضمیر ملکی اول شخص مفرد|اسم + علامت جمع + فعل اول شخص مفرد
28	کارهای	کار	کار	کار + ها + ی	اسم + علامت جمع + ی
29	ایشان	ایشان	ایشان	ایشان	ضمیر فاعلی
30	به	به|به	به	به|به	حرف اضافه|اسم
31	مزید	مزید	مزید	مزید	صفت
32	دوستکامی	دوستکامی	دوستکامی	دوست+کام+ی	_
33	و	و|و|و	و	و|و|و	حرف ربط|حروف الفبا|اختصارات
34	غبط	غبط	غبط	غ+ب+ط	_
35	مقرون	مقرون|مقر|مقر	مقرون	مقرون|مقر + ون|مقر + ون	صفت|اسم + علامت جمع|اسم + علامت جمع
36	باشد	باش|اشد	باشد	باش + د|ب + اشد	سوم شخص مفرد|ب + صفت
37	و	و|و|و	و	و|و|و	حرف ربط|حروف الفبا|اختصارات
38	سعادت	سعادت	سعادت	سعادت	اسم
39	عاجل	عاجل	عاجل	عاجل	صفت
40	و	و|و|و	و	و|و|و	حرف ربط|حروف الفبا|اختصارات
41	آجل	اجل	آجل	اجل	اسم
42	به	به|به	به	به|به	حرف اضافه|اسم
43	روزگار	روزگار|روز	روزگار	روزگار|روز + گار	اسم|اسم + گار
44	ایشان	ایشان	ایشان	ایشان	ضمیر فاعلی
45	متصل	متصل	متصل	متصل	صفت
46	گردد	گرد	گردد	گرد + د	سوم شخص مفرد
47	،	،	،	،	
48	والله	والله	والله	والله	قید
49	ولی	ولی|ولی|ول|ول	ولی	ولی|ولی|ول + ی|ول + ی	حرف ربط|اسم|صفت + ی|اسم + ی
50	التوفیق	التوفیق	التوفیق	ال+توفیق	_
51	.	.	.	.	علامت نگارشی

0	آنکه	آن‌که|آن‌که|آنکه|آنکه	آنکه	آن‌که|آن‌که|آنکه|آنکه	قید|ضمیر فاعلی|قید|ضمیر فاعلی
1	کشیشان	کشیش	کشیشان	کشیش + ان	صفت + ان
2	و	و|و|و	و	و|و|و	حرف ربط|حروف الفبا|اختصارات
3	رهبانان	رهبان|ره	رهبانان	رهبان + ان|ره + بان + ان	اسم + ان|اسم + بان + ان
4	و	و|و|و	و	و|و|و	حرف ربط|حروف الفبا|اختصارات
5	ملکان	ملک|ملک|ملک	ملکان	ملک + ان|ملک + ان|ملک + ان	صفت + ان|اسم + ان|اسم + ان
6	و	و|و|و	و	و|و|و	حرف ربط|حروف الفبا|اختصارات
7	ریش‌سفیدان	ریش‌سفید	ریش‌سفیدان	ریش‌سفید + ان	صفت + ان
8	و	و|و|و	و	و|و|و	حرف ربط|حروف الفبا|اختصارات
9	کدخدایان	کدخدای|کدخدا	کدخدایان	کدخدای + ان|کدخدا + ی + ان	اسم + ان|اسم + ان
10	و	و|و|و	و	و|و|و	حرف ربط|حروف الفبا|اختصارات
11	رعایای	رعایا	رعایای	رعایا + ی	اسم + ی
12	ارامنه	ارامنه	ارامنه	ارامنه	اسم
13	ساکنین	ساکن	ساکنین	ساکن + ین	صفت + ین
14	دارالسلطنه	دارالسلطنه	دارالسلطنه	دارالسلطنه	اسم
15	اصفهان	اصفهان	اصفهان	اصفهان	اسم خاص مکان
16	بعنایت	عنایت	بعنایت	ب + عنایت	ب + اسم
17	بی‌غایت	غایت	بی‌غایت	بی + غایت	بی + اسم
18	شاهانه	شاهانه|شاه|شا	شاهانه	شاهانه|شاه + انه|شا + ه + انه	صفت|اسم + انه|بن مضارع + ه + انه
19	و	و|و|و	و	و|و|و	حرف ربط|حروف الفبا|اختصارات
20	شفقت	شفقت|شفق	شفقت	شفقت|شفق + ت	اسم|اسم + ضمیر ملکی دوم شخص مفرد
21	و	و|و|و	و	و|و|و	حرف ربط|حروف الفبا|اختصارات
22	مرحمت	مرحمت|مرحم	مرحمت	مرحمت|مرحم + ت	اسم|اسم + ضمیر ملکی دوم شخص مفرد
23	بینهایت	نهایت|بین|ین	بینهایت	بی + نهایت|بین + ها + ی + ت|ب + ین + ها + ی + ت	بی + اسم|صفت + علامت جمع + ی + ضمیر ملکی دوم شخص مفرد|ب + اسم + علامت جمع + ی + ضمیر ملکی دوم شخص مفرد
24	پادشاهانه	پادشاه|شاهانه|شاه|شا	پادشاهانه	پادشاه + انه|پاد + شاهانه|پاد + شاه + انه|پاد + شا + ه + انه	اسم + انه|پاد + صفت|پاد + اسم + انه|پاد + بن مضارع + ه + انه
25	مفتخر	مفتخر	مفتخر	مفتخر	صفت
26	و	و|و|و	و	و|و|و	حرف ربط|حروف الفبا|اختصارات
27	سرافراز	سرافراز	سرافراز	سرافراز	صفت
28	و	و|و|و	و	و|و|و	حرف ربط|حروف الفبا|اختصارات
29	مستظهر	مستظهر	مستظهر	مستظهر	صفت
30	و	و|و|و	و	و|و|و	حرف ربط|حروف الفبا|اختصارات
31	امیدوار	امیدوار	امیدوار	امیدوار	صفت
32	بوده	بود|بود|بود|ود	بوده	بود + ه|بود + ه|بود + ه|ب + ود + ه	ریشه ماضی + ه|اسم + ه|فعل اسنادی + ه|ب + اسم + ه
33	بدانند	دان|بد	بدانند	ب + دان + ند|بد + ان + ند	سوم شخص جمع|صفت + ان + فعل سوم شخص جمع
34	که	که|که|که|که	که	که|که|که|که	حرف ربط|ضمیر پرسشی|اسم|اسم
35	چون	چون|چون	چون	چون|چون	حرف ربط|حرف اضافه
36	میانه	میانه|میان|می|می	میانه	میانه|میان + ه|می + ان + ه|می + ان + ه	اسم|اسم + ه|اسم + ان + ه|اسم + ان + ه
37	نواب	نواب	نواب	نواب	اسم خاص اشخاص
38	کامیاب	کامیاب	کامیاب	کامیاب	صفت
39	همایون	همایون|همای|هما	همایون	همایون|همای + ون|هما + ی + ون	صفت|اسم + علامت جمع|اسم خاص اشخاص + علامت جمع
40	و	و|و|و	و	و|و|و	حرف ربط|حروف الفبا|اختصارات
41	حضرات	حضرات|حضر	حضرت	حضرات|حضر + ات	اسم|اسم + علامت جمع
42	سلاطین	سلاطین	سلاطین	سلاطین	اسم
43	رفیع‌الشأن	رفیع الشان	رفیع‌الشأن	رفیع+‌ال+ش+أ+ن	_
44	مسیحیه	مسیحی	مسیحیه	مسیحی + ه	اسم + ه
45	خصوصا	خصوصاً	خصوصا	خصوصاً	قید
46	سلطنت	سلطنت	سلطنت	سلطنت	اسم
47	و	و|و|و	و	و|و|و	حرف ربط|حروف الفبا|اختصارات
48	شوکت	شوکت|شوک|شو	شوکت	شوکت|شوک + ت|شو + ک + ت	اسم|اسم + ضمیر ملکی دوم شخص مفرد|اسم + ک + ضمیر ملکی دوم شخص مفرد
49	پناهی	پناهی|پناه|پناه	پناهی	پناهی|پناه + ی|پناه + ی	اسم فامیل|دوم شخص مفرد|اسم + ی
50	قدرت	قدرت|قدر|قدر	قدرت	قدرت|قدر + ت|قدر + ت	اسم|اسم + ضمیر ملکی دوم شخص مفرد|صفت + ضمیر ملکی دوم شخص مفرد
51	السلاطین	السلاطین	السلاطین	ال+سلا+طین	_
52	العیسویه	العیسویه	العیسویه	ال+عیسوی+ه	_
53	کمال	کمال	کمال	کمال	اسم
54	محبت	محبت|محب	محبت	محبت|محب + ت	اسم|اسم + ضمیر ملکی دوم شخص مفرد
55	و	و|و|و	و	و|و|و	حرف ربط|حروف الفبا|اختصارات
56	دوستی	دوستی|دوست	دوستی	دوستی|دوست + ی	اسم|اسم + ی
57	است	است|اس	است	است|اس + ت	سوم شخص مفرد|اسم + ضمیر ملکی دوم شخص مفرد
58	و	و|و|و	و	و|و|و	حرف ربط|حروف الفبا|اختصارات
59	در	در|در|در|در|در	در	در|در|در|در|در	حرف اضافه|فعل امر مثبت|اسم|اسم|پیشوند فعل
60	میانه	میانه|میان|می|می	میانه	میانه|میان + ه|می + ان + ه|می + ان + ه	اسم|اسم + ه|اسم + ان + ه|اسم + ان + ه
61	ما	ما	ما	ما	ضمیر فاعلی
62	و	و|و|و	و	و|و|و	حرف ربط|حروف الفبا|اختصارات
63	طوایف	طوایف	طوایف	طوایف	اسم
64	مسیحیه	مسیحی	مسیحیه	مسیحی + ه	اسم + ه
65	یکانکی	یکان	یکانکی	یکان + ک + ی	اسم + ک + ی
66	است	است|اس	است	است|اس + ت	سوم شخص مفرد|اسم + ضمیر ملکی دوم شخص مفرد
67	و	و|و|و	و	و|و|و	حرف ربط|حروف الفبا|اختصارات
68	اصلا	اصلاً	اصلا	اصلاً	قید
69	جدایی	جدایی|جدا	جدایی	جدایی|جدا + یی	اسم|صفت + یی
70	نیست	نیست|است|نی	نیست	نیست|نی + است|نی + ست	اسم|سوم شخص مفرد|اسم + ضمیر ملکی سوم شخص مفرد
71	و	و|و|و	و	و|و|و	حرف ربط|حروف الفبا|اختصارات
72	توجه	توجه	توجه	توجه	اسم
73	خاطر	خاطر|خاطر	خاطر	خاطر|خاطر	اسم|اسم موجود در ساختمان حرف اضافه و حرف ربط گروهی
74	اشرف	اشرف	اشرف	اشرف	اسم خاص اشخاص
75	به	به|به	به	به|به	حرف اضافه|اسم
76	آن	ان	آن	ان	اختصارات
77	متعلق	متعلق	متعلق	متعلق	صفت
78	است	است|اس	است	است|اس + ت	سوم شخص مفرد|اسم + ضمیر ملکی دوم شخص مفرد
79	که	که|که|که|که	که	که|که|که|که	حرف ربط|ضمیر پرسشی|اسم|اسم
80	همیشه	همیشه	همیشه	همیشه	قید
81	طوایف	طوایف	طوایف	طوایف	اسم
82	مسیحیه	مسیحی	مسیحیه	مسیحی + ه	اسم + ه
83	از	از	از	از	حرف اضافه
84	اطراف	اطراف|اطراف	اطراف	اطراف|اطراف	اسم|اسم موجود در ساختمان حرف اضافه و حرف ربط گروهی
85	و	و|و|و	و	و|و|و	حرف ربط|حروف الفبا|اختصارات
86	جوانب	جانب	جوانب	جانب	اسم مفرد جمع مکسر
87	بدین	بدین|دین|دین|بد	بدین	بدین|ب + دین|ب + دین|بد + ین	حرف اضافه|ب + اسم|ب + اسم|صفت + ین
88	دیار	دیار	دیار	دیار	اسم
89	آمدوشد	آمدوشد|آمد	آمدوشد	آمدوشد|آمد + وش + د	اسم|بن ماضی + وش + د
90	نمایند	نما|نما|نما	نمایند	نما + یند|نما + یند|نما + یند	سوم شخص جمع|سوم شخص جمع|اسم + یند
91	.	.	.	.	علامت نگارشی

0	و	و|و|و	و	و|و|و	حرف ربط|حروف الفبا|اختصارات
1	حال	حال	حال	حال	اسم
2	آنکه	آن‌که|آن‌که|آنکه|آنکه	آنکه	آن‌که|آن‌که|آنکه|آنکه	قید|ضمیر فاعلی|قید|ضمیر فاعلی
3	آن	ان	آن	ان	اختصارات
4	کودک	کودک|کود	کودک	کودک|کود + ک	اسم|اسم + ک
5	دیگر	دیگر|دیگر|دی	دیگر	دیگر|دیگر|دی + گر	قید|صفت مبهم|اسم + گر
6	مردی	مردی|مرد|مرد	مردی	مردی|مرد + ی|مرد + ی	اسم|اسم + ی|دوم شخص مفرد
7	شده‌است	شد	شده‌است	شد + ه + است	سوم شخص مفرد
8	یا	یا|یا	یا	یا|یا	حرف ربط|صوت
9	زنی	زنی|زن|زن	زنی	زنی|زن + ی|زن + ی	اسم|دوم شخص مفرد|اسم + ی
10	؛	؛	؛	؛	
11	و	و|و|و	و	و|و|و	حرف ربط|حروف الفبا|اختصارات
12	زیباست	زیبا|زیب	زیباست	زیبا + ست|زیب + ا + ست	صفت + ضمیر ملکی سوم شخص مفرد|ریشه مضارع + ا + ضمیر ملکی سوم شخص مفرد
13	و	و|و|و	و	و|و|و	حرف ربط|حروف الفبا|اختصارات
14	برومند	برومند|بر	برومند	برومند|بر + ومند	صفت|اسم + ومند
15	؛	؛	؛	؛	
16	و	و|و|و	و	و|و|و	حرف ربط|حروف الفبا|اختصارات
17	لابد	لابد	لابد	لابد	قید
18	شوهری	شوهری|شوهر	شوهری	شوهری|شوهر + ی	صفت|اسم + ی
19	می‌خواهد	خواه|خواه	می‌خواهد	می + خواه + د|می + خواه + د	سوم شخص مفرد|می + فعل کمکی + د
20	یا	یا|یا	یا	یا|یا	حرف ربط|صوت
21	زنی	زنی|زن|زن	زنی	زنی|زن + ی|زن + ی	اسم|دوم شخص مفرد|اسم + ی
22	؛	؛	؛	؛	
23	و	و|و|و	و	و|و|و	حرف ربط|حروف الفبا|اختصارات
24	لابد	لابد	لابد	لابد	قید
25	بچه‌ای	بچه|چه	بچه‌ای	بچه + ای|ب + چه + ای	اسم + ای|ب + صفت + ای
26	خواهد‌داشت	داشت	خواهد‌داشت	خواهد + داشت	سوم شخص مفرد
27	و…	و…	و…	و+…	_
28	این‌جوری	این‌جوری	این‌جوری	این‌جوری	صفت
29	بود	بود|بود|بود|بو|ود	بود	بود|بود|بود|بو + د|ب + ود	سوم شخص مفرد|اسم|سوم شخص مفرد|سوم شخص مفرد|ب + اسم
30	که	که|که|که|که	که	که|که|که|که	حرف ربط|ضمیر پرسشی|اسم|اسم
31	فریادم	فریاد|فریاد	فریادم	فریاد + م|فریاد + م	اسم + ضمیر ملکی اول شخص مفرد|اسم + فعل اول شخص مفرد
32	از	از	از	از	حرف اضافه
33	درون	درون|در|در	درون	درون|در + ون|در + ون	اسم|اسم + علامت جمع|اسم + علامت جمع
34	برخاست	برخاست	برخاست	برخاست	سوم شخص مفرد
35	که	که|که|که|که	که	که|که|که|که	حرف ربط|ضمیر پرسشی|اسم|اسم
36	مگر	مگر	مگر	مگر	قید
37	دوام	دوام	دوام	دوام	اسم
38	خلقت	خلقت|خلق|خلق	خلقت	خلقت|خلق + ت|خلق + ت	اسم|اسم + ضمیر ملکی دوم شخص مفرد|اسم + ضمیر ملکی دوم شخص مفرد
39	بر	بر|بر|بر|بر	بر	بر|بر|بر|بر	حرف اضافه|فعل امر مثبت|پیشوند فعل|اسم
40	زمینه‌ی	زمینه|زمین|زم	زمینه‌ی	زمینه + ی|زمین + ه + ی|زم + ین + ه + ی	اسم + ی|اسم + ه + ی|اسم + ین + ه + ی
41	لق	لق|لق	لق	لق|لق	فعل امر مثبت|صفت
42	حسرت‌های	حسرت	حسرت	حسرت + ها + ی	اسم + علامت جمع + ی
43	تو	تو|تو|تو	تو	تو|تو|تو	ضمیر فاعلی|قید|اسم
44	است	است|اس	است	است|اس + ت	سوم شخص مفرد|اسم + ضمیر ملکی دوم شخص مفرد
45	احمق	احمق	احمق	احمق	صفت
46	؟	؟	؟	؟	علامت نگارشی

0	خیال	خیال	خیال	خیال	اسم
1	کرده‌ای	کرده|کرد|کرد	کرده‌ای	کرده + ای|کرد + ه + ای|کرد + ه + ای	اسم + ای|دوم شخص مفرد|اسم + ه + ای
2	!	!	!	!	علامت نگارشی

0	و	و|و|و	و	و|و|و	حرف ربط|حروف الفبا|اختصارات
1	اصلا	اصلاً	اصلا	اصلاً	قید
2	ببینم	بین|بین|بین	ببینم	ب + بین + م|ب + بین + م|ب + بین + م	اول شخص مفرد|ب + صفت + ضمیر ملکی اول شخص مفرد|ب + صفت + فعل اول شخص مفرد
3	–	–	–	–	_
4	مگر	مگر	مگر	مگر	قید
5	کدامیک	کدامیک	کدامیک	کدامیک	ضمیر پرسشی
6	از	از	از	از	حرف اضافه
7	بچه‌های	بچه|چه	بچه	بچه + ها + ی|ب + چه + ها + ی	اسم + علامت جمع + ی|ب + صفت + علامت جمع + ی
8	سرراهی	سرراهی	سرراهی	سرراهی	صفت
9	و	و|و|و	و	و|و|و	حرف ربط|حروف الفبا|اختصارات
10	یتیم	یتیم	یتیم	یتیم	صفت
11	خانه‌ای	خانه|خان	خانه‌ای	خانه + ای|خان + ه + ای	اسم + ای|اسم + ه + ای
12	و	و|و|و	و	و|و|و	حرف ربط|حروف الفبا|اختصارات
13	پرورشگاهی	پرورشگاهی|پرورشگاه|پرورش|پرور|پر	پرورشگاهی	پرورشگاهی|پرورشگاه + ی|پرورش + گاه + ی|پرور + ش + گاه + ی|پر + ور + ش + گاه + ی	صفت|اسم + ی|اسم + گاه + ی|بن مضارع + ش + گاه + ی|بن مضارع + ور + ضمیر ملکی سوم شخص مفرد + گاه + ی
14	به	به|به	به	به|به	حرف اضافه|اسم
15	دم	دم|دم|دم	دم	دم|دم|دم	فعل امر مثبت|اسم|اسم
16	روح‌القدس	روح‌القدس	روح‌القدس	روح‌القدس	اسم
17	در	در|در|در|در|در	در	در|در|در|در|در	حرف اضافه|فعل امر مثبت|اسم|اسم|پیشوند فعل
18	مشیمه‌ی	مشیمه	مشیمه‌ی	مشیمه + ی	اسم + ی
19	مادرشان	مادر	مادرشان	مادر + شان	اسم + ضمیر ملکی سوم شخص جمع
20	قرار	قرار|قرار	قرار	قرار|قرار	اسم|اسم موجود در ساختمان حرف اضافه و حرف ربط گروهی
21	گرفته‌اند	گرفته|گرفت|گرفت	گرفته‌اند	گرفته + اند|گرفت + ه + اند|گرفت + ه + اند	صفت + فعل سوم شخص جمع|سوم شخص جمع|اسم + ه + فعل سوم شخص جمع
22	؟	؟	؟	؟	علامت نگارشی

0	و	و|و|و	و	و|و|و	حرف ربط|حروف الفبا|اختصارات
1	مگر	مگر	مگر	مگر	قید
2	چه	چه|چه|چه	چه	چه|چه|چه	ضمیر پرسشی|حرف ربط|صفت
3	فرقی	فرقه|فرق	فرقی	فرقه + ی|فرق + ی	اسم مفرد جمع مکسر + ی|اسم + ی
4	هست	هست|هست	هست	هست|هست	سوم شخص مفرد|اسم
5	میان	میان|می|می	میان	میان|می + ان|می + ان	اسم|اسم + ان|اسم + ان
6	یک	یک	یک	یک	عدد حرفی
7	پسر	پسر	پسر	پسر	اسم
8	کاکل‌زری	کاکل‌زری	کاکل‌زری	کاکل‌زری	صفت
9	فلان	فلان	فلان	فلان	صفت مبهم
10	شازده	شازده	شازده	شازده	اسم
11	با	با	با	با	حرف اضافه
12	بچه‌ی	بچه|چه	بچه‌ی	بچه + ی|ب + چه + ی	اسم + ی|ب + صفت + ی
13	فلان	فلان	فلان	فلان	صفت مبهم
14	میراب	میراب	میراب	میراب	اسم
15	که	که|که|که|که	که	که|که|که|که	حرف ربط|ضمیر پرسشی|اسم|اسم
16	چون	چون|چون	چون	چون|چون	حرف ربط|حرف اضافه
17	برای	برای|برا|بر	برای	برای|برا + ی|بر + ا + ی	حرف اضافه|صفت + ی|ریشه مضارع + ا + ی
18	بخورونمیر	بخورونمیر	بخورونمیر	بخورونمیر	صفت
19	خودش	خودش|خود	خودش	خودش|خود + ش	ضمیر تاکیدی/انعکاسی|اسم + ضمیر ملکی سوم شخص مفرد
20	درمانده‌بوده	درماند	درمانده‌بوده	درماند + ه + بود + ه	ریشه ماضی + ه
21	فرزندش	فرزند|فرز	فرزندش	فرزند + ش|فرز + ند + ش	اسم + ضمیر ملکی سوم شخص مفرد|اسم + فعل سوم شخص جمع + ضمیر ملکی سوم شخص مفرد
22	را	را	را	را	حرف اضافه پسین
23	سر	سر|سر|سر|سر	سر	سر|سر|سر|سر	فعل امر مثبت|اسم|اسم|اسم موجود در ساختمان حرف اضافه و حرف ربط گروهی
24	راه	راه|راه	راه	راه|راه	اسم|اسم موجود در ساختمان حرف اضافه و حرف ربط گروهی
25	گذاشته	گذاشته|گذاشت	گذاشته	گذاشته|گذاشت + ه	صفت|ریشه ماضی + ه
26	؟	؟	؟	؟	علامت نگارشی

0	کارت	کارت|کار|کار	کارت	کارت|کار + ت|کار + ت	اسم|اسم + ضمیر ملکی دوم شخص مفرد|سوم شخص مفرد
1	به	به|به	به	به|به	حرف اضافه|اسم
2	کارت	کارت|کار|کار	کارت	کارت|کار + ت|کار + ت	اسم|اسم + ضمیر ملکی دوم شخص مفرد|سوم شخص مفرد
3	کردن	کرد	کردن	کرد + ن	بن ماضی + ن
4	.	.	.	.	علامت نگارشی

0	دراصل	دراصل	دراصل	دراصل	قید
1	به	به|به	به	به|به	حرف اضافه|اسم
2	معنی	معنا	معنی	معنا	اسم
3	انتقال	انتقال	انتقال	انتقال	اسم
4	وجه	وجه|وج	وجه	وجه|وج + ه	اسم|اسم + ه
5	بین	بین|بین|بین|ین	بین	بین|بین|بین|ب + ین	فعل امر مثبت|صفت|اسم موجود در ساختمان حرف اضافه و حرف ربط گروهی|ب + اسم
6	کارت‌های	کارت	کارت	کارت + ها + ی	اسم + علامت جمع + ی
7	بانکی	بانکی|بانک	بانکی	بانکی|بانک + ی	صفت|اسم + ی
8	عضو	عضو	عضو	عضو	اسم
9	شتاب	شتاب|شتاب	شتاب	شتاب|شتاب	فعل امر مثبت|اسم
10	است	است|اس	است	است|اس + ت	سوم شخص مفرد|اسم + ضمیر ملکی دوم شخص مفرد
11	.	.	.	.	علامت نگارشی

0	اما	اما	اما	اما	حرف ربط
1	در	در|در|در|در|در	در	در|در|در|در|در	حرف اضافه|فعل امر مثبت|اسم|اسم|پیشوند فعل
2	اصطلاح	اصطلاح	اصطلاح	اصطلاح	اسم
3	به	به|به	به	به|به	حرف اضافه|اسم
4	عنوان	عنوان	عنوان	عنوان	اسم
5	رشوه	رشوه	رشوه	رشوه	اسم
6	دادن	داد	دادن	داد + ن	بن ماضی + ن
7	تلقی	تلقی	تلقی	تلقی	اسم
8	می‌شود	شو	می‌شود	می + شو + د	سوم شخص مفرد
9	.	.	.	.	علامت نگارشی

0	داوری	داوری|داور	داوری	داوری|داور + ی	اسم|اسم + ی
1	بازی	بازی|باز|باز|باز|باز	بازی	بازی|باز + ی|باز + ی|باز + ی|باز + ی	اسم|دوم شخص مفرد|صفت + ی|اسم + ی|قید + ی
2	فوتبال	فوتبال	فوتبال	فوتبال	اسم
3	دیشبو	دیشبو	دیشبو	دی+ش+بو	_
4	دیدی	دید|دید	دیدی	دید + ی|دید + ی	دوم شخص مفرد|اسم + ی
5	؟	؟	؟	؟	علامت نگارشی

0	آره	اره	آره	اره	اسم
1	بابا	بابا|بابا	بابا	بابا|بابا	اسم|شاخص
2	تابلو	تابلو	تابلو	تابلو	صفت
3	بود	بود|بود|بود|بو|ود	بود	بود|بود|بود|بو + د|ب + ود	سوم شخص مفرد|اسم|سوم شخص مفرد|سوم شخص مفرد|ب + اسم
4	واسه	واسه	واسه	واسه	حرف اضافه گروهی
5	داوره	داور	داوره	داور + ه	اسم + ه
6	کارت	کارت|کار|کار	کارت	کارت|کار + ت|کار + ت	اسم|اسم + ضمیر ملکی دوم شخص مفرد|سوم شخص مفرد
7	به	به|به	به	به|به	حرف اضافه|اسم
8	کارت	کارت|کار|کار	کارت	کارت|کار + ت|کار + ت	اسم|اسم + ضمیر ملکی دوم شخص مفرد|سوم شخص مفرد
9	کردن	کرد	کردن	کرد + ن	بن ماضی + ن
10	.	.	.	.	علامت نگارشی

0	میگن	میگن	میگن	می+گن	_
1	مایکروسافت	مایکروسافت	مایکروسافت	مایکروسافت	اسم
2	واسه	واسه	واسه	واسه	حرف اضافه گروهی
3	سایت	سایت	سایت	سایت	اسم
4	IGN	IGN	IGN	IGN	کلمه انگلیسی
5	کارت	کارت|کار|کار	کارت	کارت|کار + ت|کار + ت	اسم|اسم + ضمیر ملکی دوم شخص مفرد|سوم شخص مفرد
6	به	به|به	به	به|به	حرف اضافه|اسم
7	کارت	کارت|کار|کار	کارت	کارت|کار + ت|کار + ت	اسم|اسم + ضمیر ملکی دوم شخص مفرد|سوم شخص مفرد
8	کرده	کرده|کرد|کرد	کرده	کرده|کرد + ه|کرد + ه	اسم|ریشه ماضی + ه|اسم + ه
9	تا	تا|تا|تا	تا	تا|تا|تا	حرف اضافه|حرف ربط|اختصارات
10	امتیاز	امتیاز	امتیاز	امتیاز	اسم
11	بالایی	بالایی|بالا|لایی|بال|لا	بالایی	بالایی|بالا + یی|با + لایی|بال + ا + یی|با + لا + یی	صفت|صفت + یی|با + اسم|ریشه مضارع + ا + یی|با + صفت + یی
12	به	به|به	به	به|به	حرف اضافه|اسم
13	بازی	بازی|باز|باز|باز|باز	بازی	بازی|باز + ی|باز + ی|باز + ی|باز + ی	اسم|دوم شخص مفرد|صفت + ی|اسم + ی|قید + ی
14	Halo	Halo	Halo	Halo	کلمه انگلیسی
15	بده	ده|بد|ده	بده	ب + ده|بد + ه|ب + ده	فعل امر مثبت|صفت + ه|ب + اسم
16	.	.	.	.	علامت نگارشی

0	مارال	مارال	مارال	مارال	اسم خاص اشخاص
1	:	:	:		

0	بچه‌ها	بچه|چه|چه	بچه	بچه + ها|ب + چه + ها|ب + چه + ها	اسم + علامت جمع|ب + ضمیر پرسشی + علامت جمع|ب + صفت + علامت جمع
1	امروز	امروز	امروز	امروز	اسم
2	تولد	تولد	تولد	تولد	اسم
3	بهنازه	بهنازه	بهنازه	به+ناز+ه	_
4	،	،	،	،	
5	دورهمی	دورهمی	دورهمی	دوره+می	_
6	داریم	دار|دار|دار	داریم	دار + یم|دار + ی + م|دار + یم	اول شخص جمع|دوم شخص مفرد|اسم + فعل اول شخص جمع
7	.	.	.	.	علامت نگارشی

0	حدیثه	حدیث	حدیثه	حدیث + ه	اسم + ه
1	:	:	:		

0	آج	اج	آج	اج	اسم
1	جون	جون	جون	جون	اسم
2	،	،	،	،	
3	دورهمی	دورهمی	دورهمی	دوره+می	_
4	!	!	!	!	علامت نگارشی

0	مارال	مارال	مارال	مارال	اسم خاص اشخاص
1	:	:	:		

0	علی	علی|علی	علی	علی|علی	اسم خاص اشخاص|صفت
1	کجاست	کجا	کجاست	کجا + ست	ضمیر پرسشی + ضمیر ملکی سوم شخص مفرد
2	؟	؟	؟	؟	علامت نگارشی

0	کک	کک	کک	کک	اسم
1	به	به|به	به	به|به	حرف اضافه|اسم
2	تنبونمون	تنبونمون	تنبونمون	تن+بون+مون	_
3	انداخت	انداخت	انداخت	انداخت	سوم شخص مفرد
4	و	و|و|و	و	و|و|و	حرف ربط|حروف الفبا|اختصارات
5	رفت	رفت|رفت|رف	رفت	رفت|رفت|رف + ت	سوم شخص مفرد|سوم شخص مفرد|اسم + ضمیر ملکی دوم شخص مفرد
6	!	!	!	!	علامت نگارشی

0	حدیثه	حدیث	حدیثه	حدیث + ه	اسم + ه
1	:	:	:		

0	خیلی	خیلی|خیلی|خیل	خیلی	خیلی|خیلی|خیل + ی	صفت|قید|اسم + ی
1	ریلکسه	ریلکسه	ریلکسه	ریل+کس+ه	_
2	!	!	!	!	علامت نگارشی

0	الان	الان	الان	الان	قید
1	قلپ	قلپ	قلپ	قلپ	اسم
2	دوم	دوم|دو|دو|دو	دوم	دوم|دو + م|دو + م|دو + م	صفت|اول شخص مفرد|اسم + ضمیر ملکی اول شخص مفرد|اسم + فعل اول شخص مفرد
3	چاییشه	چاییشه	چاییشه	چای+ی+ش+ه	_
4	!	!	!	!	علامت نگارشی

0	مارال	مارال	مارال	مارال	اسم خاص اشخاص
1	:	:	:		

0	تصویرسازیت	تصویرسازی|تصویرساز|تصویر	تصویرسازیت	تصویرسازی + ت|تصویرساز + ی + ت|تصویر + ساز + ی + ت	اسم + ضمیر ملکی دوم شخص مفرد|اسم + ی + ضمیر ملکی دوم شخص مفرد|اسم + ساز + ی + ضمیر ملکی دوم شخص مفرد
1	تو	تو|تو|تو	تو	تو|تو|تو	ضمیر فاعلی|قید|اسم
2	حلقم	حلق|حلق	حلقم	حلق + م|حلق + م	اسم + ضمیر ملکی اول شخص مفرد|اسم + فعل اول شخص مفرد
3	.	.	.	.	علامت نگارشی

0	مرضا	مرضا	مرضا	مرضا	اسم
1	کجاست	کجا	کجاست	کجا + ست	ضمیر پرسشی + ضمیر ملکی سوم شخص مفرد
2	که	که|که|که|که	که	که|که|که|که	حرف ربط|ضمیر پرسشی|اسم|اسم
3	بیاد	یاد	بیاد	ب + یاد	ب + اسم
4	این	این|این	این	این|این	صفت اشاره|ضمیر اشاره
5	اصطلاح	اصطلاح	اصطلاح	اصطلاح	اسم
6	ادبی	ادبی|ادب	ادبی	ادبی|ادب + ی	صفت|اسم + ی
7	چاله‌میدونی	چاله میدونی	چاله‌میدونی	چاله+می+دون+ی	_
8	رو	رو|رو|رو	رو	رو|رو|رو	اسم|فعل امر مثبت|اسم موجود در ساختمان حرف اضافه و حرف ربط گروهی
9	ثبت	ثبت	ثبت	ثبت	اسم
10	کنه	کنه|کن|کن	کنه	کنه|کن + ه|کن + ه	اسم|بن مضارع + ه|بن مضارع + ه
11	تو	تو|تو|تو	تو	تو|تو|تو	ضمیر فاعلی|قید|اسم
12	اون	اون	اون	اون	_
13	بیلبیلک	بیلبیلک	بیلبیلک	بیل+بیل+ک	_
14	؟	؟	؟	؟	علامت نگارشی

0	سایت	سایت	سایت	سایت	اسم
1	فارسی	فارسی|فارس	فارسی	فارسی|فارس + ی	صفت|اسم + ی
2	شهری	شهری|شهر	شهری	شهری|شهر + ی	صفت|اسم + ی
3	مرسده	مرسده	مرسده	مرس+ده	_
4	:	:	:		

0	مرضا	مرضا	مرضا	مرضا	اسم
1	اومد	اومد	اومد	او+مد	_
2	ثبت	ثبت	ثبت	ثبت	اسم
3	کنه	کنه|کن|کن	کنه	کنه|کن + ه|کن + ه	اسم|بن مضارع + ه|بن مضارع + ه
4	!	!	!	!	علامت نگارشی

0	مرضا	مرضا	مرضا	مرضا	اسم
1	:	:	:		

0	ثبت	ثبت	ثبت	ثبت	اسم
1	شد	شد	شد	شد	سوم شخص مفرد
2	!	!	!	!	علامت نگارشی

0	منتظر	منتظر	منتظر	منتظر	صفت
1	تأیید	تأیید	تأیید	تأیید	اسم
2	فارسی	فارسی|فارس	فارسی	فارسی|فارس + ی	صفت|اسم + ی
3	شهری	شهری|شهر	شهری	شهری|شهر + ی	صفت|اسم + ی

0	و	و|و|و	و	و|و|و	حرف ربط|حروف الفبا|اختصارات
1	این	این|این	این	این|این	صفت اشاره|ضمیر اشاره
2	دو	دو|دو|دو	دو	دو|دو|دو	عدد حرفی|فعل امر مثبت|اسم
3	تن	تن|تن|تن	تن	تن|تن|تن	فعل امر مثبت|اسم|اسم
4	برفتند	برفتند	برفتند	ب+رفت+ند	_
5	با	با	با	با	حرف اضافه
6	بگتگین	بگتگین	بگتگین	ب+گت+گین	_
7	بگفتند	گفت|گفت	بگفتند	ب + گفت + ند|ب + گفت + ند	سوم شخص جمع|ب + اسم + فعل سوم شخص جمع
8	که	که|که|که|که	که	که|که|که|که	حرف ربط|ضمیر پرسشی|اسم|اسم
9	به	به|به	به	به|به	حرف اضافه|اسم
10	چه	چه|چه|چه	چه	چه|چه|چه	ضمیر پرسشی|حرف ربط|صفت
11	شغل	شغل	شغل	شغل	اسم
12	آمده‌اند	امد	آمده‌اند	امد + ه + اند	اسم + ه + فعل سوم شخص جمع
13	،	،	،	،	
14	که	که|که|که|که	که	که|که|که|که	حرف ربط|ضمیر پرسشی|اسم|اسم
15	بی‌مثال	بی‌مثال	بی‌مثال	بی‌مثال	صفت
16	وی	وی|وی	وی	وی|وی	ضمیر فاعلی|اختصارات
17	کسی	کسی|کس	کسی	کسی|کس + ی	صفت مبهم|اسم + ی
18	بر	بر|بر|بر|بر	بر	بر|بر|بر|بر	حرف اضافه|فعل امر مثبت|پیشوند فعل|اسم
19	قلعت	قلع	قلعت	قلع + ت	اسم + ضمیر ملکی دوم شخص مفرد
20	نتوانستی	توانست|توانست	نتوانستی	ن + توانست + ی|ن + توانست + ی	ن + فعل وجه نما + ی|دوم شخص مفرد
21	شد	شد	شد	شد	سوم شخص مفرد
22	.	.	.	.	علامت نگارشی

0	بگتگین	بگتگین	بگتگین	ب+گت+گین	_
1	کدخدای	کدخدای|کدخدا	کدخدای	کدخدای|کدخدا + ی	اسم|اسم + ی
2	خویش	خویش|خو	خویش	خویش|خو + ی + ش	ضمیر مشترک/متقابل|اسم + ی + ضمیر ملکی سوم شخص مفرد
3	را	را	را	را	حرف اضافه پسین
4	با	با	با	با	حرف اضافه
5	ایشان	ایشان	ایشان	ایشان	ضمیر فاعلی
6	نامزد	نامزد|مزد	نامزد	نامزد|نا + مزد	اسم|نا + اسم
7	کرد	کرد|کرد	کرد	کرد|کرد	سوم شخص مفرد|اسم
8	و	و|و|و	و	و|و|و	حرف ربط|حروف الفبا|اختصارات
9	بر	بر|بر|بر|بر	بر	بر|بر|بر|بر	حرف اضافه|فعل امر مثبت|پیشوند فعل|اسم
10	قلعت	قلع	قلعت	قلع + ت	اسم + ضمیر ملکی دوم شخص مفرد
11	رفتند	رفت|رفت	رفتند	رفت + ند|رفت + ند	سوم شخص جمع|سوم شخص جمع
12	و	و|و|و	و	و|و|و	حرف ربط|حروف الفبا|اختصارات
13	پیش	پیش|پیش|پی	پیش	پیش|پیش|پی + ش	صفت|اسم موجود در ساختمان حرف اضافه و حرف ربط گروهی|اسم + ضمیر ملکی سوم شخص مفرد
14	امیرمحمد	امیرمحمد	امیرمحمد	امیرمحمد	اسم خاص اشخاص
15	شدند	شد	شدند	شد + ند	سوم شخص جمع
16	و	و|و|و	و	و|و|و	حرف ربط|حروف الفبا|اختصارات
17	رسم	رسم|رس|رس|رس	رسم	رسم|رس + م|رس + م|رس + م	اسم|اول شخص مفرد|اسم + ضمیر ملکی اول شخص مفرد|اسم + فعل اول شخص مفرد
18	خدمت	خدمت|خدم	خدمت	خدمت|خدم + ت	اسم|اسم + ضمیر ملکی دوم شخص مفرد
19	را	را	را	را	حرف اضافه پسین
20	بجای	جای|بجا|جا	بجای	ب + جای|بجا + ی|ب + جا + ی	ب + اسم|صفت + ی|ب + اسم + ی
21	آوردند	آورد	آوردند	آورد+ند	_
22	،	،	،	،	
23	امیر	امیر	امیر	امیر	اسم خاص اشخاص
24	گفت	گفت|گفت	گفت	گفت|گفت	سوم شخص مفرد|اسم
25	:	:	:		

0	خبر	خبر	خبر	خبر	اسم
1	برادرم	برادر|برادر	برادرم	برادر + م|برادر + م	اسم + ضمیر ملکی اول شخص مفرد|اسم + فعل اول شخص مفرد
2	چیست	چیست	چیست	چیست	فعل امر مثبت
3	و	و|و|و	و	و|و|و	حرف ربط|حروف الفبا|اختصارات
4	لشکرکی	لشکرک	لشکرکی	لشکرک + ی	اسم خاص مکان + ی
5	خواهد‌رفت	رفت|رفت	خواهد‌رفت	خواهد + رفت|خواهد + رفت	سوم شخص مفرد|سوم شخص مفرد
6	نزدیک	نزدیک	نزدیک	نزدیک	صفت
7	وی	وی|وی	وی	وی|وی	ضمیر فاعلی|اختصارات
8	؟	؟	؟	؟	علامت نگارشی

0	گفتند	گفت|گفت	گفتند	گفت + ند|گفت + ند	سوم شخص جمع|اسم + فعل سوم شخص جمع
1	:	:	:		

0	«	«	«	«	
1	خبر	خبر	خبر	خبر	اسم
2	خداوند	خداوند	خداوند	خداوند	اسم
3	سلطان	سلطان|سلطان	سلطان	سلطان|سلطان	اسم|شاخص
4	همه	همه|همه	همه	همه|همه	اسم|صفت مبهم
5	خیر	خیر|خیر	خیر	خیر|خیر	قید|صفت
6	است	است|اس	است	است|اس + ت	سوم شخص مفرد|اسم + ضمیر ملکی دوم شخص مفرد
7	،	،	،	،	
8	و	و|و|و	و	و|و|و	حرف ربط|حروف الفبا|اختصارات
9	در	در|در|در|در|در	در	در|در|در|در|در	حرف اضافه|فعل امر مثبت|اسم|اسم|پیشوند فعل
10	این	این|این	این	این|این	صفت اشاره|ضمیر اشاره
11	دو	دو|دو|دو	دو	دو|دو|دو	عدد حرفی|فعل امر مثبت|اسم
12	سه	سه	سه	سه	عدد حرفی
13	روز	روز	روز	روز	اسم
14	همه	همه|همه	همه	همه|همه	اسم|صفت مبهم
15	لشکر	لشکر	لشکر	لشکر	اسم
16	بروند	روند|رو|رو	بروند	ب + روند|ب + رو + ند|ب + رو + ند	ب + صفت|ب + اسم + فعل سوم شخص جمع|سوم شخص جمع
17	و	و|و|و	و	و|و|و	حرف ربط|حروف الفبا|اختصارات
18	حاجب	حاجب	حاجب	حاجب	اسم
19	بزرگ	بزرگ	بزرگ	بزرگ	صفت
20	براثر	براثر	براثر	براثر	حرف اضافه گروهی
21	ایشان	ایشان	ایشان	ایشان	ضمیر فاعلی
22	،	،	،	،	
23	و	و|و|و	و	و|و|و	حرف ربط|حروف الفبا|اختصارات
24	بندگان	بندگان|بنده|بند|بند	بندگان	بندگان|بنده + گان|بند + ه + گان|بند + ه + گان	اسم|اسم + علامت جمع|بن مضارع + ه + علامت جمع|اسم + ه + علامت جمع
25	بدین	بدین|دین|دین|بد	بدین	بدین|ب + دین|ب + دین|بد + ین	حرف اضافه|ب + اسم|ب + اسم|صفت + ین
26	آمده‌اند	امد	آمده‌اند	امد + ه + اند	اسم + ه + فعل سوم شخص جمع
27	»	»	»	»	
28	،	،	،	،	
29	و	و|و|و	و	و|و|و	حرف ربط|حروف الفبا|اختصارات
30	نامه	نامه|نام|نام	نامه	نامه|نام + ه|نام + ه	اسم|اسم + ه|بن مضارع + ه
31	به	به|به	به	به|به	حرف اضافه|اسم
32	امیر	امیر	امیر	امیر	اسم خاص اشخاص
33	دادند	داد|داد	دادند	داد + ند|داد + ند	سوم شخص جمع|اسم + فعل سوم شخص جمع
34	.	.	.	.	علامت نگارشی

0	بر	بر|بر|بر|بر	بر	بر|بر|بر|بر	حرف اضافه|فعل امر مثبت|پیشوند فعل|اسم
1	خواند	خواند|خوان	خواند	خواند|خوان + د	سوم شخص مفرد|سوم شخص مفرد
2	و	و|و|و	و	و|و|و	حرف ربط|حروف الفبا|اختصارات
3	لختی	لختی|لختی|لخت	لختی	لختی|لختی|لخت + ی	صفت مبهم|صفت|صفت + ی
4	تاریکی	تاریکی|تاریک|تاری	تاریکی	تاریکی|تاریک + ی|تاری + ک + ی	اسم|صفت + ی|اسم + ک + ی
5	در	در|در|در|در|در	در	در|در|در|در|در	حرف اضافه|فعل امر مثبت|اسم|اسم|پیشوند فعل
6	وی	وی|وی	وی	وی|وی	ضمیر فاعلی|اختصارات
7	پیدا	پیدا	پیدا	پیدا	صفت
8	آمد	امد	آمد	امد	اسم
9	.	.	.	.	علامت نگارشی

0	نبیه	نبی	نبیه	نبی + ه	اسم + ه
1	گفت	گفت|گفت	گفت	گفت|گفت	سوم شخص مفرد|اسم
2	«	«	«	«	
3	زندگانی	زندگانی|زنده	زندگانی	زندگانی|زنده + گان + ی	اسم|صفت + علامت جمع + ی
4	امیر	امیر	امیر	امیر	اسم خاص اشخاص
5	دراز	دراز	دراز	دراز	صفت
6	باد	باد	باد	باد	اسم
7	،	،	،	،	
8	سلطان	سلطان|سلطان	سلطان	سلطان|سلطان	اسم|شاخص
9	که	که|که|که|که	که	که|که|که|که	حرف ربط|ضمیر پرسشی|اسم|اسم
10	برادر	برادر	برادر	برادر	اسم
11	است	است|اس	است	است|اس + ت	سوم شخص مفرد|اسم + ضمیر ملکی دوم شخص مفرد
12	حق	حق|حق	حق	حق|حق	اسم|اسم موجود در ساختمان حرف اضافه و حرف ربط گروهی
13	امیر	امیر	امیر	امیر	اسم خاص اشخاص
14	را	را	را	را	حرف اضافه پسین
15	نگاه	نگاه|نگا	نگاه	نگاه|نگا + ه	اسم|اسم + ه
16	دارد	دار|دار	دارد	دار + د|دار + د	سوم شخص مفرد|فعل کمکی + د
17	و	و|و|و	و	و|و|و	حرف ربط|حروف الفبا|اختصارات
18	مهربانی	مهربانی|مهربان|مهر|مهر|مهر	مهربانی	مهربانی|مهربان + ی|مهر + بان + ی|مهر + بان + ی|مهر + بان + ی	اسم|صفت + ی|اسم + بان + ی|اسم + بان + ی|اسم + بان + ی
19	نماید	نما|نما	نماید	نما + ید|نما + ید	دوم شخص جمع|دوم شخص جمع
20	.	.	.	.	علامت نگارشی

0	دل	دل	دل	دل	اسم
1	بد	بد	بد	بد	صفت
2	نباید	باید	نباید	ن + باید	ن + فعل وجه نما
3	کرد	کرد|کرد	کرد	کرد|کرد	سوم شخص مفرد|اسم
4	و	و|و|و	و	و|و|و	حرف ربط|حروف الفبا|اختصارات
5	به‌قضای	به قضای	به‌قضای	به‌+قضا+ی	_
6	خدای	خدا	خدای	خدا + ی	اسم + ی
7	عزوجل	عزوجل	عزوجل	عزوجل	صفت
8	رضا	رضا	رضا	رضا	اسم خاص اشخاص
9	باید	باید	باید	باید	فعل وجه نما
10	داد	داد|داد	داد	داد|داد	سوم شخص مفرد|اسم
11	و	و|و|و	و	و|و|و	حرف ربط|حروف الفبا|اختصارات
12	از	از	از	از	حرف اضافه
13	این	این|این	این	این|این	صفت اشاره|ضمیر اشاره
14	باب	باب|باب	باب	باب|باب	اسم|اسم موجود در ساختمان حرف اضافه و حرف ربط گروهی
15	بسیار	بسیار|بسیار|سیار|بس	بسیار	بسیار|بسیار|ب + سیار|بس + یار	صفت|قید|ب + صفت|صفت + یار
16	سخن	سخن	سخن	سخن	اسم
17	نیکو	نیکو	نیکو	نیکو	صفت
18	گفت	گفت|گفت	گفت	گفت|گفت	سوم شخص مفرد|اسم
19	،	،	،	،	
20	و	و|و|و	و	و|و|و	حرف ربط|حروف الفبا|اختصارات
21	فذلک	فذلک	فذلک	ف+ذ+لک	_
22	آن	ان	آن	ان	اختصارات
23	بود	بود|بود|بود|بو|ود	بود	بود|بود|بود|بو + د|ب + ود	سوم شخص مفرد|اسم|سوم شخص مفرد|سوم شخص مفرد|ب + اسم
24	که	که|که|که|که	که	که|که|که|که	حرف ربط|ضمیر پرسشی|اسم|اسم
25	بودنی	بود|بود|ود	بودنی	بود + نی|بود + نی|ب + ود + نی	بن ماضی + نی|فعل اسنادی + نی|ب + اسم + نی
26	بوده‌است	بود|بود	بوده‌است	بود + ه + است|بود + ه + است	سوم شخص مفرد|سوم شخص مفرد
27	.	.	.	.	علامت نگارشی

0	به	به|به	به	به|به	حرف اضافه|اسم
1	سر	سر|سر|سر|سر	سر	سر|سر|سر|سر	فعل امر مثبت|اسم|اسم|اسم موجود در ساختمان حرف اضافه و حرف ربط گروهی
2	نشاط	نشاط	نشاط	نشاط	اسم
3	بازباید	باید	بازباید	باز + باید	باز + فعل وجه نما
4	شد	شد	شد	شد	سوم شخص مفرد
5	و	و|و|و	و	و|و|و	حرف ربط|حروف الفبا|اختصارات
6	امیر	امیر	امیر	امیر	اسم خاص اشخاص
7	ایشان	ایشان	ایشان	ایشان	ضمیر فاعلی
8	را	را	را	را	حرف اضافه پسین
9	بنواخت	نواخت	بنواخت	ب + نواخت	سوم شخص مفرد
10	و	و|و|و	و	و|و|و	حرف ربط|حروف الفبا|اختصارات
11	گفت	گفت|گفت	گفت	گفت|گفت	سوم شخص مفرد|اسم
12	«	«	«	«	
13	مرا	مرا	مرا	مرا	ضمیر فاعلی
14	فراموش	فراموش|موش	فراموش	فراموش|فرا + موش	اسم|فرا + اسم
15	مکنید	مکنید	مکنید	م+کنید	_
16	.	.	.	.	علامت نگارشی
17	»	»	»	»	
18	و	و|و|و	و	و|و|و	حرف ربط|حروف الفبا|اختصارات
19	بازگشتند	بازگشت|بازگشت	بازگشتند	بازگشت + ند|بازگشت + ند	سوم شخص جمع|اسم + فعل سوم شخص جمع
20	و	و|و|و	و	و|و|و	حرف ربط|حروف الفبا|اختصارات
21	آنچه	آنچه	آنچه	آنچه	اسم
22	رفته‌بود	رفت|رفت	رفته‌بود	رفت + ه + بود|رفت + ه + بود	سوم شخص مفرد|سوم شخص مفرد
23	با	با	با	با	حرف اضافه
24	حاجب	حاجب	حاجب	حاجب	اسم
25	بزرگ	بزرگ	بزرگ	بزرگ	صفت
26	علی	علی|علی	علی	علی|علی	اسم خاص اشخاص|صفت
27	گفتند	گفت|گفت	گفتند	گفت + ند|گفت + ند	سوم شخص جمع|اسم + فعل سوم شخص جمع
28	.	.	.	.	علامت نگارشی

0	،	،	،	،	
1	ای	ای|ای	ای	ای|ای	صوت|اختصارات
2	که	که|که|که|که	که	که|که|که|که	حرف ربط|ضمیر پرسشی|اسم|اسم
3	مرا	مرا	مرا	مرا	ضمیر فاعلی
4	مایه‌ی	مایه	مایه‌ی	مایه + ی	اسم + ی
5	حظی	حظ	حظی	حظ + ی	اسم + ی
6	و	و|و|و	و	و|و|و	حرف ربط|حروف الفبا|اختصارات
7	سروری	سروری|سرور|سرور|سر	سروری	سروری|سرور + ی|سرور + ی|سر + ور + ی	اسم|اسم + ی|اسم + ی|بن مضارع + ور + ی
8	و	و|و|و	و	و|و|و	حرف ربط|حروف الفبا|اختصارات
9	زهر	زهر	زهر	زهر	اسم
10	عیب	عیب	عیب	عیب	اسم
11	به	به|به	به	به|به	حرف اضافه|اسم
12	دوری	دوری|دور|دور	دوری	دوری|دور + ی|دور + ی	اسم|صفت + ی|اسم + ی
13	و	و|و|و	و	و|و|و	حرف ربط|حروف الفبا|اختصارات
14	چو	چو	چو	چو	اسم
15	یکپارچه	یک‌پارچه	یکپارچه	یک‌پارچه	صفت
16	نوری	نوری|نور	نوری	نوری|نور + ی	صفت|اسم + ی
17	و	و|و|و	و	و|و|و	حرف ربط|حروف الفبا|اختصارات
18	به	به|به	به	به|به	حرف اضافه|اسم
19	دل	دل	دل	دل	اسم
20	همچو	همچو|چو	همچو	همچو|هم + چو	صفت|هم + اسم
21	بلوری	بلوری|بلور|لور	بلوری	بلوری|بلور + ی|ب + لور + ی	صفت|اسم + ی|ب + اسم + ی
22	و	و|و|و	و	و|و|و	حرف ربط|حروف الفبا|اختصارات
23	مبرا	مبرا	مبرا	مبرا	صفت
24	ز	ز|ز	ز	ز|ز	اختصارات|حروف الفبا
25	غروری	غرور	غروری	غرور + ی	اسم + ی
26	و	و|و|و	و	و|و|و	حرف ربط|حروف الفبا|اختصارات
27	پر	پر|پر|پر	پر	پر|پر|پر	فعل امر مثبت|صفت|اسم
28	از	از	از	از	حرف اضافه
29	شعر	شعر	شعر	شعر	اسم
30	و	و|و|و	و	و|و|و	حرف ربط|حروف الفبا|اختصارات
31	شعوری	شعوری|شعور	شعوری	شعوری|شعور + ی	صفت|اسم + ی
32	،	،	،	،	
33	با	با	با	با	حرف اضافه
34	درودی	درودی|درود	درودی	درودی|درود + ی	اسم فامیل|اسم + ی
35	و	و|و|و	و	و|و|و	حرف ربط|حروف الفبا|اختصارات
36	سلامی	سلامی|سلام	سلامی	سلامی|سلام + ی	اسم فامیل|اسم + ی
37	و	و|و|و	و	و|و|و	حرف ربط|حروف الفبا|اختصارات
38	نویدی	نویدی|نوید|نوید	نویدی	نویدی|نوید + ی|نوید + ی	اسم فامیل|دوم شخص مفرد|اسم + ی
39	و	و|و|و	و	و|و|و	حرف ربط|حروف الفبا|اختصارات
40	پیامی	پیام	پیامی	پیام + ی	اسم + ی
41	و	و|و|و	و	و|و|و	حرف ربط|حروف الفبا|اختصارات
42	حدیثی	حدیث	حدیثی	حدیث + ی	اسم + ی
43	و	و|و|و	و	و|و|و	حرف ربط|حروف الفبا|اختصارات
44	کلامی	کلامی|کلام	کلامی	کلامی|کلام + ی	صفت|اسم + ی
45	زره	زره|زر|زر	زره	زره|زر + ه|زر + ه	اسم|اسم + ه|اسم + ه
46	دور	دور|دور	دور	دور|دور	صفت|اسم
47	،	،	،	،	
48	از	از	از	از	حرف اضافه
49	این	این|این	این	این|این	صفت اشاره|ضمیر اشاره
50	عاشق	عاشق	عاشق	عاشق	صفت
51	رنجور	رنجور|رنج	رنجور	رنجور|رنج + ور	صفت|بن مضارع + ور
52	،	،	،	،	
53	به	به|به	به	به|به	حرف اضافه|اسم
54	تو	تو|تو|تو	تو	تو|تو|تو	ضمیر فاعلی|قید|اسم
55	ای	ای|ای	ای	ای|ای	صوت|اختصارات
56	دلبر	دلبر|دل	دلبر	دلبر|دل + بر	اسم|اسم + بر
57	مهجور	مهجور	مهجور	مهجور	صفت
58	،	،	،	،	
59	که	که|که|که|که	که	که|که|که|که	حرف ربط|ضمیر پرسشی|اسم|اسم
60	باشی	باش	باشی	باش + ی	دوم شخص مفرد
61	به	به|به	به	به|به	حرف اضافه|اسم
62	هنر	هنر	هنر	هنر	اسم
63	شهره	شهره|شهره|شهر	شهره	شهره|شهره|شهر + ه	اسم خاص اشخاص|اسم|اسم + ه
64	و	و|و|و	و	و|و|و	حرف ربط|حروف الفبا|اختصارات
65	مشهور	مشهور	مشهور	مشهور	صفت
66	و	و|و|و	و	و|و|و	حرف ربط|حروف الفبا|اختصارات
67	نباشد	باش	نباشد	ن + باش + د	سوم شخص مفرد
68	به	به|به	به	به|به	حرف اضافه|اسم
69	دلت	دل	دلت	دل + ت	اسم + ضمیر ملکی دوم شخص مفرد
70	جور	جور|جور	جور	جور|جور	صفت|اسم
71	و	و|و|و	و	و|و|و	حرف ربط|حروف الفبا|اختصارات
72	جفایی	جفا	جفایی	جفا + یی	اسم + یی
73	،	،	،	،	
74	که	که|که|که|که	که	که|که|که|که	حرف ربط|ضمیر پرسشی|اسم|اسم
75	تو	تو|تو|تو	تو	تو|تو|تو	ضمیر فاعلی|قید|اسم
76	خود	خود|خود	خود	خود|خود	ضمیر مشترک/متقابل|اسم
77	اصل	اصل	اصل	اصل	صفت
78	وفایی	وفایی|وفا	وفایی	وفایی|وفا + یی	اسم فامیل|اسم + یی
79	و	و|و|و	و	و|و|و	حرف ربط|حروف الفبا|اختصارات
80	بهین	بهین|هین|به	بهین	بهین|ب + هین|به + ین	صفت|ب + اسم|اسم + ین
81	شاعر	شاعر	شاعر	شاعر	اسم
82	مایی	مائی	مایی	مائی	
83	و	و|و|و	و	و|و|و	حرف ربط|حروف الفبا|اختصارات
84	به	به|به	به	به|به	حرف اضافه|اسم
85	درددل	درددل	درددل	درددل	اسم
86	عشاق	عشاق	عشاق	عشاق	اسم
87	دوایی	دوایی|دوا|دو|دو	دوایی	دوایی|دوا + یی|دو + ا + یی|دو + ا + یی	صفت|اسم + یی|ریشه مضارع + ا + یی|اسم + ا + یی
88	،	،	،	،	
89	به	به|به	به	به|به	حرف اضافه|اسم
90	چه	چه|چه|چه	چه	چه|چه|چه	ضمیر پرسشی|حرف ربط|صفت
91	حالی	حالی|حال	حالی	حالی|حال + ی	صفت|اسم + ی
92	و	و|و|و	و	و|و|و	حرف ربط|حروف الفبا|اختصارات
93	کجایی	کجایی	کجایی	کجایی	ضمیر پرسشی
94	،	،	،	،	
95	ز	ز|ز	ز	ز|ز	اختصارات|حروف الفبا
96	برم	برم|بر|بر|بر	برم	برم|بر + م|بر + م|بر + م	اسم|اول شخص مفرد|اسم + ضمیر ملکی اول شخص مفرد|اسم + فعل اول شخص مفرد
97	دور	دور|دور	دور	دور|دور	صفت|اسم
98	چرایی	چرایی|چرا|چر	چرایی	چرایی|چرا + یی|چر + ا + یی	اسم|اسم + یی|ریشه مضارع + ا + یی
99	،	،	،	،	
100	ارچه	ارچه	ارچه	ار+چه	_
101	ما	ما	ما	ما	ضمیر فاعلی
102	را	را	را	را	حرف اضافه پسین
103	نبود	نبود|بود|بود|بو	نبود	نبود|ن + بود|ن + بود|ن + بو + د	اسم|سوم شخص مفرد|سوم شخص مفرد|سوم شخص مفرد
104	طاقت	طاقت	طاقت	طاقت	اسم
105	هجران	هجران|هجر	هجران	هجران|هجر + ان	اسم|اسم + ان
106	رخت	رخت|رخ|رخ	رخت	رخت|رخ + ت|رخ + ت	اسم|اسم + ضمیر ملکی دوم شخص مفرد|اسم + ضمیر ملکی دوم شخص مفرد
107	ایمه	ایمه	ایمه	ایمه	اسم
108	زیبا	زیبا|زیب	زیبا	زیبا|زیب + ا	صفت|ریشه مضارع + ا
109	،	،	،	،	
110	دارم	دار|دار|دار	دارم	دار + م|دار + م|دار + م	اول شخص مفرد|اسم + ضمیر ملکی اول شخص مفرد|اسم + فعل اول شخص مفرد
111	امید	امید|ام	امید	امید|ام + ید	اسم خاص اشخاص|اسم + فعل دوم شخص جمع
112	که	که|که|که|که	که	که|که|که|که	حرف ربط|ضمیر پرسشی|اسم|اسم
113	لطف	لطف	لطف	لطف	اسم
114	ازلی	ازلی|ازل	ازلی	ازلی|ازل + ی	صفت|اسم + ی
115	در	در|در|در|در|در	در	در|در|در|در|در	حرف اضافه|فعل امر مثبت|اسم|اسم|پیشوند فعل
116	همه	همه|همه	همه	همه|همه	اسم|صفت مبهم
117	احوال	احوال|حال	احوال	احوال|حال	صفت|اسم مفرد جمع مکسر
118	بسی	بسی|بس	بسی	بسی|بس + ی	قید|صفت + ی
119	شامل	شامل	شامل	شامل	صفت
120	حالت	حالت|حال	حالت	حالت|حال + ت	اسم|اسم + ضمیر ملکی دوم شخص مفرد
121	شده‌باشد	شد	شده‌باشد	شد + ه + باش + د	فعل اسنادی + ه + باش + د
122	و	و|و|و	و	و|و|و	حرف ربط|حروف الفبا|اختصارات
123	دگر	دگر|دگر	دگر	دگر|دگر	فعل امر مثبت|صفت
124	همچو	همچو|چو	همچو	همچو|هم + چو	صفت|هم + اسم
125	گذشته‌بشوی	گذشت	گذشته‌بشوی	گذشت + ه + ب + شو + ی	دوم شخص مفرد
126	همره	همره|ره|ره	همره	همره|هم + ره|هم + ره	صفت|سوم شخص مفرد|هم + اسم
127	و	و|و|و	و	و|و|و	حرف ربط|حروف الفبا|اختصارات
128	مأنوس	مأنوس	مأنوس	مأنوس	صفت
129	به	به|به	به	به|به	حرف اضافه|اسم
130	سلم	سل|سل	سلم	سل + م|سل + م	اسم + ضمیر ملکی اول شخص مفرد|اسم + فعل اول شخص مفرد
131	و	و|و|و	و	و|و|و	حرف ربط|حروف الفبا|اختصارات
132	خوشی	خوشی|خوش	خوشی	خوشی|خوش + ی	اسم|صفت + ی
133	و	و|و|و	و	و|و|و	حرف ربط|حروف الفبا|اختصارات
134	صدق	صدق	صدق	صدق	اسم
135	و	و|و|و	و	و|و|و	حرف ربط|حروف الفبا|اختصارات
136	صفا	صفا	صفا	صفا	اسم
137	و	و|و|و	و	و|و|و	حرف ربط|حروف الفبا|اختصارات
138	کرم	کرم|کرم|کرم|کر|کر	کرم	کرم|کرم|کرم|کر + م|کر + م	اسم|اسم|اسم|صفت + ضمیر ملکی اول شخص مفرد|صفت + فعل اول شخص مفرد
139	و	و|و|و	و	و|و|و	حرف ربط|حروف الفبا|اختصارات
140	جود	جود|جو	جود	جود|جو + د	اسم|سوم شخص مفرد
141	و	و|و|و	و	و|و|و	حرف ربط|حروف الفبا|اختصارات
142	سخا	سخا	سخا	سخ+ا	_
143	و	و|و|و	و	و|و|و	حرف ربط|حروف الفبا|اختصارات
144	دگر	دگر|دگر	دگر	دگر|دگر	فعل امر مثبت|صفت
145	الطاف	الطاف	الطاف	الطاف	اسم
146	خدا	خدا	خدا	خدا	اسم
147	دورکند	دور|دور	دورکند	دور + ک + ند|دور + ک + ند	صفت + ک + فعل سوم شخص جمع|اسم + ک + فعل سوم شخص جمع
148	از	از	از	از	حرف اضافه
149	تن	تن|تن|تن	تن	تن|تن|تن	فعل امر مثبت|اسم|اسم
150	تو	تو|تو|تو	تو	تو|تو|تو	ضمیر فاعلی|قید|اسم
151	رنج	رنج|رنج	رنج	رنج|رنج	فعل امر مثبت|اسم
152	و	و|و|و	و	و|و|و	حرف ربط|حروف الفبا|اختصارات
153	بلا	بلا|لا	بلا	بلا|ب + لا	صفت|ب + صفت
154	را	را	را	را	حرف اضافه پسین
155	!	!	!	!	علامت نگارشی

0	الغرض	الغرض	الغرض	الغرض	اسم
1	،	،	،	،	
2	تاتو	تاتو	تاتو	تاتو	اسم
3	در	در|در|در|در|در	در	در|در|در|در|در	حرف اضافه|فعل امر مثبت|اسم|اسم|پیشوند فعل
4	این	این|این	این	این|این	صفت اشاره|ضمیر اشاره
5	دهکده‌ی	دهکده|ده|ده	دهکده‌ی	دهکده + ی|ده + کده + ی|ده + کده + ی	اسم + ی|بن مضارع + کده + ی|اسم + کده + ی
6	کوچک	کوچک|کوچ	کوچک	کوچک|کوچ + ک	صفت|اسم + ک
7	رایانه‌ای	رایانه‌ای|رایانه|رایان	رایانه‌ای	رایانه‌ای|رایانه + ای|رایان + ه + ای	صفت|اسم + ای|بن مضارع + ه + ای
8	ازبهر	ازبهر	ازبهر	ازبهر	حرف اضافه گروهی
9	دل	دل	دل	دل	اسم
10	ملت	ملت|مل	ملت	ملت|مل + ت	اسم|اسم + ضمیر ملکی دوم شخص مفرد
11	بیداردل	بیداردل	بیداردل	بیداردل	صفت
12	خویش	خویش|خو	خویش	خویش|خو + ی + ش	ضمیر مشترک/متقابل|اسم + ی + ضمیر ملکی سوم شخص مفرد
13	،	،	،	،	
14	به	به|به	به	به|به	حرف اضافه|اسم
15	افشاگری	افشاگری|افشاگر|افشا	افشاگری	افشاگری|افشاگر|افشا + گر	صفت|صفت|اسم + گر
16	و	و|و|و	و	و|و|و	حرف ربط|حروف الفبا|اختصارات
17	شوخی	شوخی|شوخ	شوخی	شوخی|شوخ + ی	اسم|صفت + ی
18	و	و|و|و	و	و|و|و	حرف ربط|حروف الفبا|اختصارات
19	طنازی	طنازی|طناز	طنازی	طنازی|طناز + ی	اسم|صفت + ی
20	و	و|و|و	و	و|و|و	حرف ربط|حروف الفبا|اختصارات
21	هم	هم|هم|هم	هم	هم|هم|هم	قید|حرف ربط|ضمیر مشترک/متقابل
22	دادن	داد	دادن	داد + ن	بن ماضی + ن
23	آگاهی	آگاهی|آگاه|آگاه	آگاهی	آگاهی|آگاه + ی|آگاه + ی	اسم|دوم شخص مفرد|صفت + ی
24	از	از	از	از	حرف اضافه
25	اسرار	سر|سر|سر	اسرار	سر|سر|سر	اسم مفرد جمع مکسر|اسم مفرد جمع مکسر|اسم مفرد جمع مکسر
26	مگو	مگو	مگو	مگو	صفت
27	دست	دست|دست	دست	دست|دست	اسم|اسم موجود در ساختمان حرف اضافه و حرف ربط گروهی
28	گشودی	گشود	گشودی	گشود + ی	دوم شخص مفرد
29	،	،	،	،	
30	همگان	همگان|همه|گان	همگان	همگان|همه + گان|هم + گان	اسم|اسم + علامت جمع|هم + اسم
31	را	را	را	را	حرف اضافه پسین
32	به	به|به	به	به|به	حرف اضافه|اسم
33	سخن‌های	سخن	سخن	سخن + ها + ی	اسم + علامت جمع + ی
34	پر	پر|پر|پر	پر	پر|پر|پر	فعل امر مثبت|صفت|اسم
35	از	از	از	از	حرف اضافه
36	شهد	شهد	شهد	شهد	اسم
37	و	و|و|و	و	و|و|و	حرف ربط|حروف الفبا|اختصارات
38	شکر	شکر	شکر	شکر	اسم
39	راغب	راغب	راغب	راغب	اسم
40	و	و|و|و	و	و|و|و	حرف ربط|حروف الفبا|اختصارات
41	مشتاق	مشتاق	مشتاق	مشتاق	صفت
42	نمودی	نمود|نمود	نمودی	نمود + ی|نمود + ی	دوم شخص مفرد|اسم + ی
43	و	و|و|و	و	و|و|و	حرف ربط|حروف الفبا|اختصارات
44	به	به|به	به	به|به	حرف اضافه|اسم
45	نیش	نیش|نی	نیش	نیش|نی + ش	اسم|اسم + ضمیر ملکی سوم شخص مفرد
46	قلمت	قلم	قلمت	قلم + ت	اسم + ضمیر ملکی دوم شخص مفرد
47	گردوغبار	گردوغبار	گردوغبار	گردوغبار	اسم
48	از	از	از	از	حرف اضافه
49	رخ	رخ|رخ	رخ	رخ|رخ	اسم|اسم
50	هر	هر	هر	هر	صفت اشاره
51	ناکس	ناکس|اکس	ناکس	ناکس|ن + اکس	صفت|فعل امر منفی
52	بی‌مغز	بی‌مغز	بی‌مغز	بی‌مغز	صفت
53	و	و|و|و	و	و|و|و	حرف ربط|حروف الفبا|اختصارات
54	خرد	خرد|خرد|خر	خرد	خرد|خرد|خر + د	اسم|صفت|سوم شخص مفرد
55	پاک	پاک|پا	پاک	پاک|پا + ک	صفت|اسم + ک
56	زدودی	زدود	زدودی	زدود + ی	دوم شخص مفرد
57	و	و|و|و	و	و|و|و	حرف ربط|حروف الفبا|اختصارات
58	هم	هم|هم|هم	هم	هم|هم|هم	قید|حرف ربط|ضمیر مشترک/متقابل
59	از	از	از	از	حرف اضافه
60	باطن	باطن	باطن	باطن	اسم
61	بی‌مایه‌ی	مایه	بی‌مایه‌ی	بی + مایه + ی	بی + اسم + ی
62	ارباب	ارباب	ارباب	ارباب	اسم
63	زر	زر|زر	زر	زر|زر	اسم|اسم
64	و	و|و|و	و	و|و|و	حرف ربط|حروف الفبا|اختصارات
65	زور	زور	زور	زور	اسم
66	و	و|و|و	و	و|و|و	حرف ربط|حروف الفبا|اختصارات
67	ریا	ریا	ریا	ریا	اسم
68	پرده	پرده	پرده	پرده	اسم
69	گشودی	گشود	گشودی	گشود + ی	دوم شخص مفرد
70	.	.	.	.	علامت نگارشی
