
0	ما	ما	﻿ما	ما	N5	ضمیر فاعلی
1	قادر	قادر	قادر	قادر	A0	صفت
2	به	به|به	به	به|به	N1|Pr	حرف اضافه|اسم
3	ارائه	ارایه	ارائه	ارایه	N1	اسم
4	پاسخ	پاسخ	پاسخ	پاسخ	N1	اسم
5	مطمئن	مطمئن	مطمئن	مطمئن	A0	صفت
6	هست	هست|هست	هست	هست|هست	N1|O+v1	فعل مضارع ساده:سوم شخص مفرد|اسم
7	.	.	.	.	Si	علامت نگارشی

0	فهرست	فهرست|فهر	فهرست	فهرست|فهر+ست	O+N1|N1	اسم|اسم + ضمیر ملکی سوم شخص مفرد
1	خصوصیات	خصوصیات|خصوصی	خصوصیت	خصوصیات|خصوصی+ات	Pl+A0|N1	اسم|صفت + علامت جمع
2	که	که|که|که|که	که	که|که|که|که	N1|N1|NA|C0	حرف ربط|ضمیر پرسشی|اسم|اسم
3	حوزه	حوزه	حوزه	حوزه	N1	اسم
4	رده‌بندی	رده‌بندی	رده‌بندی	رده‌بندی	N1	اسم
5	گیاه	گیاه	گیاه	گیاه	N1	اسم
6	را	را	را	را	Po	حرف اضافه پسین
7	از	از	از	از	Pr	حرف اضافه
8	سایر	سایر	سایر	سایر	N1	اسم
9	حوزه	حوزه	حوزه	حوزه	N1	اسم
10	ی   ی	ی ی	ی ی	ی   ی	O	N1
11	زیست‌شناس	زیست‌شناس|زیست	زیست‌شناس	زیست‌شناس|زیست+شناس	O+N1|N1	اسم|اسم + شناس
12	جدا	جدا	جدا	جدا	A0	صفت
13	کرد | کن	کرد | کن	کرد | کن	کرد | کن	O	
14	حد	حد	حد	حد	N1	اسم
15	اقل	اقل	اقل	اقل	A0	صفت
16	یک	یک	یک	یک	No	عدد حرفی
17	تعریف	تعریف	تعریف	تعریف	N1	اسم
18	فن	فن|فن	فن	فن|فن	N1|N1	اسم|اسم
19	ارائه	ارایه	ارائه	ارایه	N1	اسم
20	کرد | کن	کرد | کن	کرد | کن	کرد | کن	O	
21	اما	اما	اما	اما	C0	حرف ربط
22	این	این|این	این	این|این	N6|A1	صفت اشاره|ضمیر اشاره
23	تعریف	تعریف	تعریف	تعریف	N1	اسم
24	مورد	مورد|مورد|مورد	مورد	مورد|مورد|مورد	N1|N9|N1	اسم|اسم موجود در ساختمان حرف اضافه و حرف ربط گروهی|اسم
25	پسند	پسند|پسند	پسند	پسند|پسند	N1|V6	فعل امر مثبت|اسم
26	همگان	همگان|همه|گان	همگان	همگان|همه+گان|هم+گان	N1+O|Pl+N1|N1	اسم|اسم + علامت جمع|هم + اسم
27	قرار	قرار|قرار	قرار	قرار|قرار	N9|N1	اسم|اسم موجود در ساختمان حرف اضافه و حرف ربط گروهی
28	گرفت | گیر	گرفت | گیر	گرفت | گیر	گرفت | گیر	O	
29	؛	؛	؛	؛	O	
30	بنابراین	بنابراین|برا|بر	بنابراین	بنابراین|ب+نا+برا+ین|ب+نا+بر+ا+ین	O+O+v1|O+A0+O+O|Ad	قید|ب + نا + صفت + ین|ریشه مضارع + ا + ین
31	تعریف	تعریف	تعریف	تعریف	N1	اسم
32	اصطلاح	اصطلاح	اصطلاح	اصطلاح	N1	اسم
33	گیاه	گیاه	گیاه	گیاه	N1	اسم
34	همیشه	همیشه	همیشه	همیشه	Ad	قید
35	به	به|به	به	به|به	N1|Pr	حرف اضافه|اسم
36	معنی	معنا	معنی	معنا	N1	اسم
37	بیشتر	بیشتر|بیش|شتر	بیشتر	بیشتر|بیش+تر|بی+شتر	N1+O|O+A0|A0	صفت|صفت + علامت صفت تفضیلی|بی + اسم
38	موجودات	موجود	موجود	موجود+ات	Pl+A0	صفت + علامت جمع
39	زنده	زنده	زنده	زنده	A0	صفت
40	طبقه‌بندی	طبقه‌بندی	طبقه‌بندی	طبقه‌بندی	N1	اسم
41	شده	شد	شده	شد+ه	O+V3	فعل اسنادی + ه
42	در	در|در|در|در|در	در	در|در|در|در|در	VPr|N1|N1|V6|Pr	حرف اضافه|فعل امر مثبت|اسم|اسم|پیشوند فعل
43	محدوده	محدوده|محدود	محدوده	محدوده|محدود+ه	O+A0|N1	اسم|صفت + ه
44	رده‌بندی	رده‌بندی	رده‌بندی	رده‌بندی	N1	اسم
45	گیاه	گیاه	گیاه	گیاه	N1	اسم
46	بود | باش	بود | باش	بود | باش	بود | باش	O	
47	.	.	.	.	Si	علامت نگارشی

0	مثلا	مثلاً	مثلا	مثلاً	Ad	قید
1	«	«	«	«	O	
2	اگر	اگر	اگر	اگر	C0	حرف ربط
3	جلبک	جلبک|جلب	جلبک	جلبک|جلب+ک	O+N1|N1	اسم|اسم + ک
4	سبز	سبز	سبز	سبز	A0	صفت
5	به	به|به	به	به|به	N1|Pr	حرف اضافه|اسم
6	وضوح	وضوح	وضوح	وضوح	N1	اسم
7	گیاهانی	گیاهان|گیاه	گیاهانی	گیاهان+ی|گیاه+ان+ی	Y+O+N1|Y+N1	اسم + ی|اسم + ان + ی
8	جزو	جزو	جزو	جزو	Pr1	حرف اضافه گروهی
9	رده‌بندی	رده‌بندی	رده‌بندی	رده‌بندی	N1	اسم
10	گیاه	گیاه	گیاه	گیاه	N1	اسم
11	هست	هست|هست	هست	هست|هست	N1|O+v1	فعل مضارع ساده:سوم شخص مفرد|اسم
12	،	،	،	،	O	
13	پس	پس|پس	پس	پس|پس	N9|Ad	قید|اسم موجود در ساختمان حرف اضافه و حرف ربط گروهی
14	بیشتر	بیشتر|بیش|شتر	بیشتر	بیشتر|بیش+تر|بی+شتر	N1+O|O+A0|A0	صفت|صفت + علامت صفت تفضیلی|بی + اسم
15	مردم	مردم|مرد|مرد|مرد	مردم	مردم|مرد+م|مرد+م|مرد+م	O+N1|O+N1|N1|O+v2	اسم|اسم + ضمیر ملکی اول شخص مفرد|اسم + فعل اول شخص مفرد|فعل ماضی ساده:اول شخص مفرد
16	اکثر	اکثر	اکثر	اکثر	A0	صفت
17	خزه	خزه|خز|خز	خزه	خزه|خز+ه|خز+ه	O+N1|O+V1|N1	اسم|بن مضارع + ه|اسم + ه
18	دریا	دریا	دریا	دریا	N1	اسم
19	را	را	را	را	Po	حرف اضافه پسین
20	هم	هم|هم|هم	هم	هم|هم|هم	N8|C0|Ad	قید|حرف ربط|ضمیر مشترک/متقابل
21	که	که|که|که|که	که	که|که|که|که	N1|N1|NA|C0	حرف ربط|ضمیر پرسشی|اسم|اسم
22	جزئی	جزئی	جزئی	جزئی	A0	صفت
23	از	از	از	از	Pr	حرف اضافه
24	(	(	(	(	O	
25	حوزه	حوزه	حوزه	حوزه	N1	اسم
26	آغاز	آغاز|آغاز	آغاز	آغاز|آغاز	N1|V6	فعل امر مثبت|اسم
27	)	)	)	)	O	
28	| هست	| هست	| هست	| هست	O	
29	،	،	،	،	O	
30	جزو	جزو	جزو	جزو	Pr1	حرف اضافه گروهی
31	جلبک	جلبک|جلب	جلبک	جلبک|جلب+ک	O+N1|N1	اسم|اسم + ک
32	سبز	سبز	سبز	سبز	A0	صفت
33	در	در|در|در|در|در	در	در|در|در|در|در	VPr|N1|N1|V6|Pr	حرف اضافه|فعل امر مثبت|اسم|اسم|پیشوند فعل
34	نظر	نظر|نظر	نظر	نظر|نظر	N9|N1	اسم|اسم موجود در ساختمان حرف اضافه و حرف ربط گروهی
35	گرفت | گیر	گرفت | گیر	گرفت | گیر	گرفت | گیر	O	
36	.	.	.	.	Si	علامت نگارشی

0	مشکل	مشکل	مشکل	مشکل	N1	اسم
1	عدم	عدم	عدم	عدم	N1	اسم
2	وجود	وجود|وجود	وجود	وجود|وجود	N9|N1	اسم|اسم موجود در ساختمان حرف اضافه و حرف ربط گروهی
3	دقت	دقت|دق	دقت	دقت|دق+ت	O+N1|N1	اسم|اسم + ضمیر ملکی دوم شخص مفرد
4	یا	یا|یا	یا	یا|یا	Intj|C0	حرف ربط|صوت
5	توافق	توافق	توافق	توافق	N1	اسم
6	که	که|که|که|که	که	که|که|که|که	N1|N1|NA|C0	حرف ربط|ضمیر پرسشی|اسم|اسم
7	در	در|در|در|در|در	در	در|در|در|در|در	VPr|N1|N1|V6|Pr	حرف اضافه|فعل امر مثبت|اسم|اسم|پیشوند فعل
8	تعریف	تعریف	تعریف	تعریف	N1	اسم
9	گیاه	گیاه	گیاه	گیاه	N1	اسم
10	وجود	وجود|وجود	وجود	وجود|وجود	N9|N1	اسم|اسم موجود در ساختمان حرف اضافه و حرف ربط گروهی
11	داشت | دار	داشت | دار	داشت | دار	داشت | دار	O	
12	یک	یک	یک	یک	No	عدد حرفی
13	از	از	از	از	Pr	حرف اضافه
14	گفته	گفته|گفته|گفت|گفت	گفته	گفته|گفته|گفت+ه|گفت+ه	O+N1|O+v2|N9|A0	صفت|اسم موجود در ساختمان حرف اضافه و حرف ربط گروهی|ریشه ماضی + ه|اسم + ه
15	مورد	مورد|مورد|مورد	مورد	مورد|مورد|مورد	N1|N9|N1	اسم|اسم موجود در ساختمان حرف اضافه و حرف ربط گروهی|اسم
16	تفاهم	تفاهم	تفاهم	تفاهم	N1	اسم
17	است	است|اس	است	است|اس+ت	O+N1|O+v1	فعل مضارع ساده:سوم شخص مفرد|اسم + ضمیر ملکی دوم شخص مفرد
18	که	که|که|که|که	که	که|که|که|که	N1|N1|NA|C0	حرف ربط|ضمیر پرسشی|اسم|اسم
19	اغلب	اغلب	اغلب	اغلب	Ad	قید
20	در	در|در|در|در|در	در	در|در|در|در|در	VPr|N1|N1|V6|Pr	حرف اضافه|فعل امر مثبت|اسم|اسم|پیشوند فعل
21	مقالات	مقالات|مقال	مقاله	مقالات|مقال+ات	Pl+N1|N1	اسم|اسم + علامت جمع
22	با	با	با	با	Pr	حرف اضافه
23	آن	ان	آن	ان	Ab	اختصارات
24	مواجه	مواجه|مواج	مواجه	مواجه|مواج+ه	O+A0|A0	صفت|صفت + ه
25	شد | شو	شد | شو	شد | شو	شد | شو	O	
26	.	.	.	.	Si	علامت نگارشی

0	خاصیت	خاصیت|خاص	خاصیت	خاصیت|خاص+یت	O+A0|N1	اسم|صفت + یت
1	ذره	ذره|ذر	ذره	ذره|ذر+ه	O+N1|N1	اسم|اسم + ه
2	ای	ای|ای	ای	ای|ای	Ab|Intj	صوت|اختصارات
3	و	و|و|و	و	و|و|و	Ab|Al|C0	حرف ربط|حروف الفبا|اختصارات
4	موج	موج	موج	موج	N1	اسم
5	نور	نور|نور	نور	نور|نور	N2|N1	اسم|اسم خاص مکان
6	که	که|که|که|که	که	که|که|که|که	N1|N1|NA|C0	حرف ربط|ضمیر پرسشی|اسم|اسم
7	یک	یک	یک	یک	No	عدد حرفی
8	پدیده	پدیده|پدید	پدیده	پدیده|پدید+ه	O+N1|N1	اسم|اسم + ه
9	فیزیکی	فیزیکی|فیزیک	فیزیکی	فیزیکی|فیزیک+ی	Y+N1|A0	صفت|اسم + ی
10	الکترومغناطیس	الکترومغناطیس	الکترومغناطیس	الکترومغناطیس	N1	اسم
11	است	است|اس	است	است|اس+ت	O+N1|O+v1	فعل مضارع ساده:سوم شخص مفرد|اسم + ضمیر ملکی دوم شخص مفرد
12	و	و|و|و	و	و|و|و	Ab|Al|C0	حرف ربط|حروف الفبا|اختصارات
13	در	در|در|در|در|در	در	در|در|در|در|در	VPr|N1|N1|V6|Pr	حرف اضافه|فعل امر مثبت|اسم|اسم|پیشوند فعل
14	نتیجه	نتیجه	نتیجه	نتیجه	N1	اسم
15	برخورد	برخورد|برخورد|برخور	برخورد	برخورد|برخورد|برخور+د	N1|v2|O+v1	فعل ماضی ساده:سوم شخص مفرد|اسم|فعل مضارع ساده:سوم شخص مفرد
16	نور	نور|نور	نور	نور|نور	N2|N1	اسم|اسم خاص مکان
17	به	به|به	به	به|به	N1|Pr	حرف اضافه|اسم
18	سطح	سطح	سطح	سطح	N1	اسم
19	اشیاء	اشیاء	اشیاء	اشیا+ء	O	N1
20	و	و|و|و	و	و|و|و	Ab|Al|C0	حرف ربط|حروف الفبا|اختصارات
21	باز	باز|باز|باز|باز|باز	باز	باز|باز|باز|باز|باز	VPr|N1|Ad|A0|V6	فعل امر مثبت|صفت|قید|اسم|پیشوند فعل
22	تاب	تاب|تاب	تاب	تاب|تاب	N1|V6	فعل امر مثبت|اسم
23	ویژه	ویژه	ویژه	ویژه	A0	صفت
24	طول	طول	طول	طول	N1	اسم
25	موج	موج	موج	موج	N1	اسم
26	این	این|این	این	این|این	N6|A1	صفت اشاره|ضمیر اشاره
27	تابش	تابش|تاب|تاب	تابش	تابش|تاب+ش|تاب+ش	O+N1|N1|O+v1	اسم|فعل مضارع ساده:سوم شخص مفرد|اسم + ضمیر ملکی سوم شخص مفرد
28	نور	نور|نور	نور	نور|نور	N2|N1	اسم|اسم خاص مکان
29	و	و|و|و	و	و|و|و	Ab|Al|C0	حرف ربط|حروف الفبا|اختصارات
30	شدت	شدت|شد	شدت	شدت|شد+ت	N1|v2	اسم|فعل ماضی ساده:سوم شخص مفرد
31	آن	ان	آن	ان	Ab	اختصارات
32	،	،	،	،	O	
33	توسط	توسط|توسط	توسط	توسط|توسط	N9|N1	اسم|اسم موجود در ساختمان حرف اضافه و حرف ربط گروهی
34	چشم	چشم|چشم|چش	چشم	چشم|چشم|چش+م	Ad|N1|O+v1	اسم|قید|فعل مضارع ساده:اول شخص مفرد
35	احساس	احساس	احساس	احساس	N1	اسم
36	و	و|و|و	و	و|و|و	Ab|Al|C0	حرف ربط|حروف الفبا|اختصارات
37	پردازش	پردازش|پرداز|پرداز	پردازش	پردازش|پرداز+ش|پرداز+ش	O+N1|N1|O+v1	اسم|فعل مضارع ساده:سوم شخص مفرد|اسم + ضمیر ملکی سوم شخص مفرد
38	شده	شد	شده	شد+ه	O+V3	فعل اسنادی + ه
39	،	،	،	،	O	
40	و	و|و|و	و	و|و|و	Ab|Al|C0	حرف ربط|حروف الفبا|اختصارات
41	به	به|به	به	به|به	N1|Pr	حرف اضافه|اسم
42	عنوان	عنوان	عنوان	عنوان	N1	اسم
43	مفهوم	مفهوم	مفهوم	مفهوم	N1	اسم
44	رنگ	رنگ	رنگ	رنگ	N1	اسم
45	آن	ان	آن	ان	Ab	اختصارات
46	در	در|در|در|در|در	در	در|در|در|در|در	VPr|N1|N1|V6|Pr	حرف اضافه|فعل امر مثبت|اسم|اسم|پیشوند فعل
47	ذهن	ذهن	ذهن	ذهن	N1	اسم
48	شناخت | شناس	شناخت | شناس	شناخت | شناس	شناخت | شناس	O	
49	.	.	.	.	Si	علامت نگارشی

0	تجزیه	تجزیه	تجزیه	تجزیه	N1	اسم
1	نور	نور|نور	نور	نور|نور	N2|N1	اسم|اسم خاص مکان
2	سفید	سفید	سفید	سفید	A0	صفت
3	توسط	توسط|توسط	توسط	توسط|توسط	N9|N1	اسم|اسم موجود در ساختمان حرف اضافه و حرف ربط گروهی
4	یک	یک	یک	یک	No	عدد حرفی
5	منشور	منشور|منش	منشور	منشور|منش+ور	O+N1|N1	اسم|اسم + ور
6	نیز	نیز|آز	نیز	نیز|نی+آز	V6|Ad	قید|فعل امر منفی
7	یک	یک	یک	یک	No	عدد حرفی
8	خاصیت	خاصیت|خاص	خاصیت	خاصیت|خاص+یت	O+A0|N1	اسم|صفت + یت
9	فیزیکی	فیزیکی|فیزیک	فیزیکی	فیزیکی|فیزیک+ی	Y+N1|A0	صفت|اسم + ی
10	است	است|اس	است	است|اس+ت	O+N1|O+v1	فعل مضارع ساده:سوم شخص مفرد|اسم + ضمیر ملکی دوم شخص مفرد
11	که	که|که|که|که	که	که|که|که|که	N1|N1|NA|C0	حرف ربط|ضمیر پرسشی|اسم|اسم
12	با	با	با	با	Pr	حرف اضافه
13	این	این|این	این	این|این	N6|A1	صفت اشاره|ضمیر اشاره
14	عمل	عمل	عمل	عمل	N1	اسم
15	هفت	هفت	هفت	هفت	No	عدد حرفی
16	رنگ	رنگ	رنگ	رنگ	N1	اسم
17	طیف	طیف	طیف	طیف	N1	اسم
18	بدست	بدست|دست|بد	بدست	بدست|ب+دست|بد+ست	O+A0|N1+O|N1	اسم|ب + اسم|صفت + ضمیر ملکی سوم شخص مفرد
19	آمد | آ	امد | ا	آمد | آ	امد | ا	O	
20	:	:	:		O	
21	شامل	شامل	شامل	شامل	A0	صفت
22	بنفش	بنفش	بنفش	بنفش	A0	صفت
23	،	،	،	،	O	
24	نیلی	نیلی|نیل	نیلی	نیلی|نیل+ی	Y+N1|A0	صفت|اسم + ی
25	،	،	،	،	O	
26	آب	اب	آب	اب	N1	اسم
27	،	،	،	،	O	
28	سبز	سبز	سبز	سبز	A0	صفت
29	،	،	،	،	O	
30	زرد	زرد	زرد	زرد	A0	صفت
31	،	،	،	،	O	
32	نارنج	نارنج	نارنج	نارنج	N1	اسم
33	و	و|و|و	و	و|و|و	Ab|Al|C0	حرف ربط|حروف الفبا|اختصارات
34	قرمز	قرمز	قرمز	قرمز	A0	صفت
35	است	است|اس	است	است|اس+ت	O+N1|O+v1	فعل مضارع ساده:سوم شخص مفرد|اسم + ضمیر ملکی دوم شخص مفرد
36	؛	؛	؛	؛	O	
37	بنابراین	بنابراین|برا|بر	بنابراین	بنابراین|ب+نا+برا+ین|ب+نا+بر+ا+ین	O+O+v1|O+A0+O+O|Ad	قید|ب + نا + صفت + ین|ریشه مضارع + ا + ین
38	رنگ	رنگ	رنگ	رنگ	N1	اسم
39	ناشی	ناشی	ناشی	ناشی	A0	صفت
40	از	از	از	از	Pr	حرف اضافه
41	امواج	موج	امواج	موج	O	اسم مفرد جمع مکسر
42	نور	نور|نور	نور	نور|نور	N2|N1	اسم|اسم خاص مکان
43	هست	هست|هست	هست	هست|هست	N1|O+v1	فعل مضارع ساده:سوم شخص مفرد|اسم
44	و	و|و|و	و	و|و|و	Ab|Al|C0	حرف ربط|حروف الفبا|اختصارات
45	چشم	چشم|چشم|چش	چشم	چشم|چشم|چش+م	Ad|N1|O+v1	اسم|قید|فعل مضارع ساده:اول شخص مفرد
46	انسان	انسان	انسان	انسان	N1	اسم
47	قادر	قادر	قادر	قادر	A0	صفت
48	است	است|اس	است	است|اس+ت	O+N1|O+v1	فعل مضارع ساده:سوم شخص مفرد|اسم + ضمیر ملکی دوم شخص مفرد
49	رنگ	رنگ	رنگ	رنگ	N1	اسم
50	را	را	را	را	Po	حرف اضافه پسین
51	که	که|که|که|که	که	که|که|که|که	N1|N1|NA|C0	حرف ربط|ضمیر پرسشی|اسم|اسم
52	طول	طول	طول	طول	N1	اسم
53	موج	موج	موج	موج	N1	اسم
54	آن	ان	آن	ان	Ab	اختصارات
55	بین	بین|بین|بین|ین	بین	بین|بین|بین|ب+ین	N1+O|N9|A0|V6	فعل امر مثبت|صفت|اسم موجود در ساختمان حرف اضافه و حرف ربط گروهی|ب + اسم
56	۴۰۰	۴۰۰	۴۰۰	۴۰۰	Nu	عدد رقمی
57	تا	تا|تا|تا	تا	تا|تا|تا	Ab|C0|Pr	حرف اضافه|حرف ربط|اختصارات
58	۷۰۰	۷۰۰	۷۰۰	۷۰۰	Nu	عدد رقمی
59	میلی	میلی|میل|میل	میلی	میلی|میل+ی|میل+ی	Y+N1|Y+N1|A0	صفت|اسم + ی|اسم + ی
60	میکرون	میکرون	میکرون	میکرون	N1	اسم
61	است	است|اس	است	است|اس+ت	O+N1|O+v1	فعل مضارع ساده:سوم شخص مفرد|اسم + ضمیر ملکی دوم شخص مفرد
62	ببیند	بین	ببیند	ب+بین+د	|O+v1+O	فعل حال التزامی:سوم شخص مفرد
63	.	.	.	.	Si	علامت نگارشی

0	(	(	(	(	O	
1	میلی	میلی|میل|میل	میلی	میلی|میل+ی|میل+ی	Y+N1|Y+N1|A0	صفت|اسم + ی|اسم + ی
2	میکرون	میکرون	میکرون	میکرون	N1	اسم
3	واحد	واحد	واحد	واحد	A0	صفت
4	است	است|اس	است	است|اس+ت	O+N1|O+v1	فعل مضارع ساده:سوم شخص مفرد|اسم + ضمیر ملکی دوم شخص مفرد
5	برای	برای|برا|بر	برای	برای|برا+ی|بر+ا+ی	Y+O+v1|Y+A0|Pr	حرف اضافه|صفت + ی|ریشه مضارع + ا + ی
6	اندازه‌گیری	اندازه‌گیری	اندازه‌گیری	اندازه‌گیری	N1	اسم
7	امواج	موج	امواج	موج	O	اسم مفرد جمع مکسر
8	که	که|که|که|که	که	که|که|که|که	N1|N1|NA|C0	حرف ربط|ضمیر پرسشی|اسم|اسم
9	معادل	معادل	معادل	معادل	A0	صفت
10	یک	یک	یک	یک	No	عدد حرفی
11	میلیونوم	میلیونوم	میلیونوم	میلیون+وم	O	N1
12	میلی‌متر	میلیمتر	میلی‌متر	میلیمتر	N1	اسم
13	است	است|اس	است	است|اس+ت	O+N1|O+v1	فعل مضارع ساده:سوم شخص مفرد|اسم + ضمیر ملکی دوم شخص مفرد
14	)	)	)	)	O	
15	.	.	.	.	Si	علامت نگارشی

0	در	در|در|در|در|در	در	در|در|در|در|در	VPr|N1|N1|V6|Pr	حرف اضافه|فعل امر مثبت|اسم|اسم|پیشوند فعل
1	قرن	قرن	قرن	قرن	N1	اسم
2	هفدهم	هفده|هفده	هفدهم	هفده+م|هفده+م	O+No|O+No	عدد حرفی + ضمیر ملکی اول شخص مفرد|عدد حرفی + فعل اول شخص مفرد
3	میلاد	میلاد	میلاد	میلاد	N1	اسم
4	نیوتن	نیوتن	نیوتن	نیوتن	N3	اسم خاص اشخاص
5	موفق	موفق	موفق	موفق	A0	صفت
6	شد | شو	شد | شو	شد | شو	شد | شو	O	
7	با	با	با	با	Pr	حرف اضافه
8	تجزیه	تجزیه	تجزیه	تجزیه	N1	اسم
9	نور	نور|نور	نور	نور|نور	N2|N1	اسم|اسم خاص مکان
10	سفید	سفید	سفید	سفید	A0	صفت
11	طیف	طیف	طیف	طیف	N1	اسم
12	رنگ	رنگ	رنگ	رنگ	N1	اسم
13	را	را	را	را	Po	حرف اضافه پسین
14	به	به|به	به	به|به	N1|Pr	حرف اضافه|اسم
15	دست	دست|دست	دست	دست|دست	N9|N1	اسم|اسم موجود در ساختمان حرف اضافه و حرف ربط گروهی
16	آورد | آور	اورد | اور	آورد | آور	اورد | اور	O	
17	.	.	.	.	Si	علامت نگارشی

0	او	او|او	او	او|او	Ab|N5	ضمیر فاعلی|اختصارات
1	کشف	کشف|کشف	کشف	کشف|کشف	N1|N1	اسم|اسم
2	نمود	نمود|نمود|مو	نمود	نمود|نمود|ن+مو+د	N1|v2|O+v1+Neg	فعل ماضی ساده:سوم شخص مفرد|اسم|فعل حال التزامی منفی:سوم شخص مفرد
3	که	که|که|که|که	که	که|که|که|که	N1|N1|NA|C0	حرف ربط|ضمیر پرسشی|اسم|اسم
4	نور	نور|نور	نور	نور|نور	N2|N1	اسم|اسم خاص مکان
5	سفید	سفید	سفید	سفید	A0	صفت
6	شامل	شامل	شامل	شامل	A0	صفت
7	انواع	نوع	انواع	نوع	O	اسم مفرد جمع مکسر
8	اشعه	اشعه	اشعه	اشعه	N1	اسم
9	است	است|اس	است	است|اس+ت	O+N1|O+v1	فعل مضارع ساده:سوم شخص مفرد|اسم + ضمیر ملکی دوم شخص مفرد
10	که	که|که|که|که	که	که|که|که|که	N1|N1|NA|C0	حرف ربط|ضمیر پرسشی|اسم|اسم
11	هرگاه	هرگاه	هرگاه	هرگاه	Ad	قید
12	به‌طور	به‌طور|طور	به‌طور	به‌طور|به+طور	N1+O|Pr1	حرف اضافه گروهی|به + اسم
13	جداگانه	جداگانه|جدا	جداگانه	جداگانه|جدا+گانه	O+A0|Ad	قید|صفت + گانه
14	با	با	با	با	Pr	حرف اضافه
15	شبکه	شبکه|شب	شبکه	شبکه|شب+ک+ه	O+O+N1|N1	اسم|اسم + ک + ه
16	چشم	چشم|چشم|چش	چشم	چشم|چشم|چش+م	Ad|N1|O+v1	اسم|قید|فعل مضارع ساده:اول شخص مفرد
17	انسان	انسان	انسان	انسان	N1	اسم
18	برخورد	برخورد|برخورد|برخور	برخورد	برخورد|برخورد|برخور+د	N1|v2|O+v1	فعل ماضی ساده:سوم شخص مفرد|اسم|فعل مضارع ساده:سوم شخص مفرد
19	کند	کند|کن|کن	کند	کند|کن+د|کن+د	A0|O+v1|O+v1	صفت|فعل مضارع ساده:سوم شخص مفرد|فعل مضارع ساده:سوم شخص مفرد
20	احساس	احساس	احساس	احساس	N1	اسم
21	یک	یک	یک	یک	No	عدد حرفی
22	رنگ	رنگ	رنگ	رنگ	N1	اسم
23	مجزا	مجزا	مجزا	مجزا	A0	صفت
24	را	را	را	را	Po	حرف اضافه پسین
25	به	به|به	به	به|به	N1|Pr	حرف اضافه|اسم
26	وجود	وجود|وجود	وجود	وجود|وجود	N9|N1	اسم|اسم موجود در ساختمان حرف اضافه و حرف ربط گروهی
27	آورد | آور	اورد | اور	آورد | آور	اورد | اور	O	
28	و	و|و|و	و	و|و|و	Ab|Al|C0	حرف ربط|حروف الفبا|اختصارات
29	اختلاط	اختلاط	اختلاط	اختلاط	N1	اسم
30	این	این|این	این	این|این	N6|A1	صفت اشاره|ضمیر اشاره
31	اشعه	اشعه	اشعه	اشعه	N1	اسم
32	بر	بر|بر|بر|بر	بر	بر|بر|بر|بر	N1|VPr|V6|Pr	حرف اضافه|فعل امر مثبت|پیشوند فعل|اسم
33	روی	روی|روی|رو|رو	روی	روی|روی|رو+ی|رو+ی	Y+N1|N1|Pr1|O+v1	حرف اضافه گروهی|اسم|اسم + ی|فعل مضارع ساده:دوم شخص مفرد
34	شبکه	شبکه|شب	شبکه	شبکه|شب+ک+ه	O+O+N1|N1	اسم|اسم + ک + ه
35	چشم	چشم|چشم|چش	چشم	چشم|چشم|چش+م	Ad|N1|O+v1	اسم|قید|فعل مضارع ساده:اول شخص مفرد
36	،	،	،	،	O	
37	رنگ	رنگ	رنگ	رنگ	N1	اسم
38	سفید	سفید	سفید	سفید	A0	صفت
39	را	را	را	را	Po	حرف اضافه پسین
40	محسوس	محسوس	محسوس	محسوس	A0	صفت
41	می‌‌سازد	ساز	می‌‌سازد	می+ساز+د	|O+v1+O	فعل حال اخباری:سوم شخص مفرد
42	.	.	.	.	Si	علامت نگارشی

0	درباره	درباره|درباره|دربار	درباره	درباره|درباره|دربار+ه	O+N1|Pr1|N1	اسم|حرف اضافه گروهی|اسم + ه
1	واژه	واژه|واژ	واژه	واژه|واژ+ه	O+N1|N1	اسم|اسم + ه
2	تاریخ	تاریخ	تاریخ	تاریخ	N1	اسم
3	و	و|و|و	و	و|و|و	Ab|Al|C0	حرف ربط|حروف الفبا|اختصارات
4	منشأ	منشأ	منشأ	منشأ	N1	اسم
5	آن	ان	آن	ان	Ab	اختصارات
6	،	،	،	،	O	
7	گزارش	گزارش|گزارش|گزار	گزارش	گزارش|گزارش|گزار+ش	N9|N1|O+v1	اسم|اسم موجود در ساختمان حرف اضافه و حرف ربط گروهی|فعل مضارع ساده:سوم شخص مفرد
8	مختلف	مختلف	مختلف	مختلف	A0	صفت
9	و	و|و|و	و	و|و|و	Ab|Al|C0	حرف ربط|حروف الفبا|اختصارات
10	گوناگون	گوناگون	گوناگون	گوناگون	A0	صفت
11	وجود	وجود|وجود	وجود	وجود|وجود	N9|N1	اسم|اسم موجود در ساختمان حرف اضافه و حرف ربط گروهی
12	داشت | دار	داشت | دار	داشت | دار	داشت | دار	O	
13	.	.	.	.	Si	علامت نگارشی

0	برخی	برخی|رخ|رخ	برخی	برخی|ب+رخ+ی|ب+رخ+ی	Y+N1+O|Y+N1+O|A2	صفت مبهم|ب + اسم + ی|ب + اسم + ی
1	ریشه	ریشه|ریش|ری	ریشه	ریشه|ریش+ه|ری+ش+ه	O+O+N1|O+N1|N1	اسم|اسم + ه|اسم + ضمیر ملکی سوم شخص مفرد + ه
2	واژه	واژه|واژ	واژه	واژه|واژ+ه	O+N1|N1	اسم|اسم + ه
3	تاریخ	تاریخ	تاریخ	تاریخ	N1	اسم
4	را	را	را	را	Po	حرف اضافه پسین
5	در	در|در|در|در|در	در	در|در|در|در|در	VPr|N1|N1|V6|Pr	حرف اضافه|فعل امر مثبت|اسم|اسم|پیشوند فعل
6	زبان	زبان	زبان	زبان	N1	اسم
7	فارس	فارس	فارس	فارس	N1	اسم
8	و	و|و|و	و	و|و|و	Ab|Al|C0	حرف ربط|حروف الفبا|اختصارات
9	مفهوم	مفهوم	مفهوم	مفهوم	N1	اسم
10	«	«	«	«	O	
11	ماه	ماه	ماه	ماه	N1	اسم
12	روز	روز	روز	روز	N1	اسم
13	»	»	»	»	O	
14	جستجو	جستجو|جست	جستجو	جستجو|جست+جو	O+N1|N1	اسم|اسم + جو
15	نمود | نما	نمود | نما	نمود | نما	نمود | نما	O	
16	.	.	.	.	Si	علامت نگارشی

0	واژه	واژه|واژ	واژه	واژه|واژ+ه	O+N1|N1	اسم|اسم + ه
1	)	)	)	)	O	
2	ماه	ماه	ماه	ماه	N1	اسم
3	روز	روز	روز	روز	N1	اسم
4	»	»	»	»	O	
5	در	در|در|در|در|در	در	در|در|در|در|در	VPr|N1|N1|V6|Pr	حرف اضافه|فعل امر مثبت|اسم|اسم|پیشوند فعل
6	ایران	ایران	ایران	ایران	N2	اسم خاص مکان
7	باستان	باستان|استان|باس|اس	باستان	باستان|ب+استان|باس+تان|ب+اس+تان	O+N1+O|O+N1|N1+O|A0	صفت|ب + اسم|اسم + ضمیر ملکی دوم شخص جمع|ب + اسم + ضمیر ملکی دوم شخص جمع
8	به	به|به	به	به|به	N1|Pr	حرف اضافه|اسم
9	معنا	معنا	معنا	معنا	N1	اسم
10	«	«	«	«	O	
11	تعیین	تعیین	تعیین	تعیین	N1	اسم
12	روز	روز	روز	روز	N1	اسم
13	که	که|که|که|که	که	که|که|که|که	N1|N1|NA|C0	حرف ربط|ضمیر پرسشی|اسم|اسم
14	در	در|در|در|در|در	در	در|در|در|در|در	VPr|N1|N1|V6|Pr	حرف اضافه|فعل امر مثبت|اسم|اسم|پیشوند فعل
15	آن	ان	آن	ان	Ab	اختصارات
16	امر	امر	امر	امر	N1	اسم
17	مشهور	مشهور	مشهور	مشهور	A0	صفت
18	بین	بین|بین|بین|ین	بین	بین|بین|بین|ب+ین	N1+O|N9|A0|V6	فعل امر مثبت|صفت|اسم موجود در ساختمان حرف اضافه و حرف ربط گروهی|ب + اسم
19	ملت	ملت|مل	ملت	ملت|مل+ت	O+N1|N1	اسم|اسم + ضمیر ملکی دوم شخص مفرد
20	یا	یا|یا	یا	یا|یا	Intj|C0	حرف ربط|صوت
21	دولت	دولت|دول|دول	دولت	دولت|دول+ت|دول+ت	O+N1|O+N1|N1	اسم|اسم + ضمیر ملکی دوم شخص مفرد|اسم + ضمیر ملکی دوم شخص مفرد
22	آشکار	آش‌کار|آشکار|آشکار	آشکار	آش‌کار|آشکار|آشکار	A0|V6|N1	اسم|فعل امر مثبت|صفت
23	شده	شد	شده	شد+ه	O+V3	فعل اسنادی + ه
24	یا	یا|یا	یا	یا|یا	Intj|C0	حرف ربط|صوت
25	آنکه	آن‌که|آن‌که|آنکه|آنکه	آنکه	آن‌که|آن‌که|آنکه|آنکه	N5|Ad|N5|Ad	قید|ضمیر فاعلی|قید|ضمیر فاعلی
26	در	در|در|در|در|در	در	در|در|در|در|در	VPr|N1|N1|V6|Pr	حرف اضافه|فعل امر مثبت|اسم|اسم|پیشوند فعل
27	آن	ان	آن	ان	Ab	اختصارات
28	روز	روز	روز	روز	N1	اسم
29	واقعه	واقعه|واقع	واقعه	واقعه|واقع+ه	O+N1|N1	اسم|اسم + ه
30	ترسناک	ترسناک|ترس	ترسناک	ترسناک|ترس+ناک	O+N1|A0	صفت|اسم + ناک
31	چون	چون|چون	چون	چون|چون	Pr|C0	حرف ربط|حرف اضافه
32	زلزله	زلزله	زلزله	زلزله	N1	اسم
33	یا	یا|یا	یا	یا|یا	Intj|C0	حرف ربط|صوت
34	طوفان	طوفان	طوفان	طوفان	N1	اسم
35	حادث	حادث	حادث	حادث	A0	صفت
36	گردیده	گردیده|گردید|گردید	گردیده	گردیده|گردید+ه|گردید+ه	O+v2|O+V3|A0	صفت|فعل اسنادی + ه|ریشه ماضی + ه
37	است	است|اس	است	است|اس+ت	O+N1|O+v1	فعل مضارع ساده:سوم شخص مفرد|اسم + ضمیر ملکی دوم شخص مفرد
38	.	.	.	.	Si	علامت نگارشی

0	»	»	»	»	O	
1	بنابراین	بنابراین|برا|بر	بنابراین	بنابراین|ب+نا+برا+ین|ب+نا+بر+ا+ین	O+O+v1|O+A0+O+O|Ad	قید|ب + نا + صفت + ین|ریشه مضارع + ا + ین
2	آنچه	آنچه	آنچه	آنچه	N1	اسم
3	در	در|در|در|در|در	در	در|در|در|در|در	VPr|N1|N1|V6|Pr	حرف اضافه|فعل امر مثبت|اسم|اسم|پیشوند فعل
4	این	این|این	این	این|این	N6|A1	صفت اشاره|ضمیر اشاره
5	مفهوم	مفهوم	مفهوم	مفهوم	N1	اسم
6	دارا	دارا|دار	دارا	دارا|دار+ا	O+v1|A0	صفت|ریشه مضارع + ا
7	حضور	حضور	حضور	حضور	N1	اسم
8	و	و|و|و	و	و|و|و	Ab|Al|C0	حرف ربط|حروف الفبا|اختصارات
9	نمود	نمود|نمود|مو	نمود	نمود|نمود|ن+مو+د	N1|v2|O+v1+Neg	فعل ماضی ساده:سوم شخص مفرد|اسم|فعل حال التزامی منفی:سوم شخص مفرد
10	بیشتری	بیشتر|شتری|بیش|شتر	بیشتری	بیشتر+ی|بی+شتری|بیش+تر+ی|بی+شتر+ی	Y+N1+O|Y+O+A0|N1+O|Y+A0	صفت + ی|بی + اسم|صفت + علامت صفت تفضیلی + ی|بی + اسم + ی
11	بوده	بود|بود|بود|ود	بوده	بود+ه|بود+ه|بود+ه|ب+ود+ه	O+N1+O|O+V3|O+N1|O+v2	ریشه ماضی + ه|اسم + ه|فعل اسنادی + ه|ب + اسم + ه
12	،	،	،	،	O	
13	توجه	توجه	توجه	توجه	N1	اسم
14	به	به|به	به	به|به	N1|Pr	حرف اضافه|اسم
15	رخداد	رخداد	رخداد	رخداد	N1	اسم
16	و	و|و|و	و	و|و|و	Ab|Al|C0	حرف ربط|حروف الفبا|اختصارات
17	حوادث	حادثه	حوادث	حادثه	O	اسم مفرد جمع مکسر
18	در	در|در|در|در|در	در	در|در|در|در|در	VPr|N1|N1|V6|Pr	حرف اضافه|فعل امر مثبت|اسم|اسم|پیشوند فعل
19	قالب	قالب	قالب	قالب	N1	اسم
20	مکان	مکان|مک|مک	مکان	مکان|مک+ان|مک+ان	O+Ad|O+N1|N1	اسم|اسم + ان|قید + ان
21	و	و|و|و	و	و|و|و	Ab|Al|C0	حرف ربط|حروف الفبا|اختصارات
22	زمان	زمان|زم	زمان	زمان|زم+ان	O+N1|N1	اسم|اسم + ان
23	است	است|اس	است	است|اس+ت	O+N1|O+v1	فعل مضارع ساده:سوم شخص مفرد|اسم + ضمیر ملکی دوم شخص مفرد
24	.	.	.	.	Si	علامت نگارشی

0	در	در|در|در|در|در	در	در|در|در|در|در	VPr|N1|N1|V6|Pr	حرف اضافه|فعل امر مثبت|اسم|اسم|پیشوند فعل
1	برخی	برخی|رخ|رخ	برخی	برخی|ب+رخ+ی|ب+رخ+ی	Y+N1+O|Y+N1+O|A2	صفت مبهم|ب + اسم + ی|ب + اسم + ی
2	از	از	از	از	Pr	حرف اضافه
3	گزارش	گزارش|گزارش|گزار	گزارش	گزارش|گزارش|گزار+ش	N9|N1|O+v1	اسم|اسم موجود در ساختمان حرف اضافه و حرف ربط گروهی|فعل مضارع ساده:سوم شخص مفرد
4	آمده‌است	امد	آمده‌است	امد+ها+ست	O+Pl+N1	اسم + علامت جمع + ضمیر ملکی سوم شخص مفرد
5	که	که|که|که|که	که	که|که|که|که	N1|N1|NA|C0	حرف ربط|ضمیر پرسشی|اسم|اسم
6	چون	چون|چون	چون	چون|چون	Pr|C0	حرف ربط|حرف اضافه
7	عمر	عمر|عمر	عمر	عمر|عمر	N3|N1	اسم|اسم خاص اشخاص
8	بن	بن|بن	بن	بن|بن	N1|N2	اسم خاص مکان|اسم
9	خطاب	خطاب	خطاب	خطاب	N1	اسم
10	در	در|در|در|در|در	در	در|در|در|در|در	VPr|N1|N1|V6|Pr	حرف اضافه|فعل امر مثبت|اسم|اسم|پیشوند فعل
11	تعیین	تعیین	تعیین	تعیین	N1	اسم
12	مبدأ	مبدأ	مبدأ	مبدأ	N1	اسم
13	محاسبه	محاسبه|محاسب	محاسبه	محاسبه|محاسب+ه	O+N1|N1	اسم|اسم + ه
14	زمان	زمان|زم	زمان	زمان|زم+ان	O+N1|N1	اسم|اسم + ان
15	دچار	دچار	دچار	دچار	Ad	قید
16	مشکل	مشکل	مشکل	مشکل	N1	اسم
17	شد | شو	شد | شو	شد | شو	شد | شو	O	
18	،	،	،	،	O	
19	به	به|به	به	به|به	N1|Pr	حرف اضافه|اسم
20	پیشنهاد	پیشنهاد|نهاد|نهاد	پیشنهاد	پیشنهاد|پیش+نهاد|پیش+نهاد	N1|v2|O+v1	اسم|فعل ماضی ساده:سوم شخص مفرد|فعل مضارع ساده:سوم شخص مفرد
21	هرمز	هرمز	هرمز	هرمز	N3	اسم خاص اشخاص
22	(	(	(	(	O	
23	از	از	از	از	Pr	حرف اضافه
24	موالی	موالی	موالی	موالی	N1	اسم
25	ایران	ایران	ایران	ایران	N2	اسم خاص مکان
26	ساکن	ساکن	ساکن	ساکن	A0	صفت
27	در	در|در|در|در|در	در	در|در|در|در|در	VPr|N1|N1|V6|Pr	حرف اضافه|فعل امر مثبت|اسم|اسم|پیشوند فعل
28	مدینه	مدینه	مدینه	مدینه	N2	اسم خاص مکان
29	)	)	)	)	O	
30	از	از	از	از	Pr	حرف اضافه
31	تعریب	تعریب	تعریب	تع+ری+ب	O	N1
32	ترکیب	ترکیب	ترکیب	ترکیب	N1	اسم
33	فارس	فارس	فارس	فارس	N1	اسم
34	«	«	«	«	O	
35	ماه	ماه	ماه	ماه	N1	اسم
36	روز	روز	روز	روز	N1	اسم
37	»	»	»	»	O	
38	،	،	،	،	O	
39	واژه	واژه|واژ	واژه	واژه|واژ+ه	O+N1|N1	اسم|اسم + ه
40	«	«	«	«	O	
41	مورخ	مورخ|مورخ	مورخ	مورخ|مورخ	A0|N1	اسم|صفت
42	»	»	»	»	O	
43	را	را	را	را	Po	حرف اضافه پسین
44	ساختساز	ساختساز	ساختساز	ساخت+ساز	O	N1
45	و	و|و|و	و	و|و|و	Ab|Al|C0	حرف ربط|حروف الفبا|اختصارات
46	مصدر	مصدر	مصدر	مصدر	N1	اسم
47	را	را	را	را	Po	حرف اضافه پسین
48	«	«	«	«	O	
49	تأریخ	تاریخ	تأریخ	تاریخ	N1	اسم
50	»	»	»	»	O	
51	قرار	قرار|قرار	قرار	قرار|قرار	N9|N1	اسم|اسم موجود در ساختمان حرف اضافه و حرف ربط گروهی
52	داد | ده	داد | ده	داد | ده	داد | ده	O	
53	.	.	.	.	Si	علامت نگارشی

0	در	در|در|در|در|در	در	در|در|در|در|در	VPr|N1|N1|V6|Pr	حرف اضافه|فعل امر مثبت|اسم|اسم|پیشوند فعل
1	خصوص	خصوص|خصوص	خصوص	خصوص|خصوص	N9|N1	اسم|اسم موجود در ساختمان حرف اضافه و حرف ربط گروهی
2	تعریب	تعریب	تعریب	تع+ری+ب	O	N1
3	و	و|و|و	و	و|و|و	Ab|Al|C0	حرف ربط|حروف الفبا|اختصارات
4	معرب	معرب|معرب	معرب	معرب|معرب	A0|A0	صفت|صفت
5	بودن	بود|بود|بو	بودن	بود+ن|بود+ن|بو+د+ن	Neg+O+V1|Neg+V3|Neg+V2	بن ماضی + ن|فعل اسنادی + ن|بن مضارع + د + ن
6	واژه	واژه|واژ	واژه	واژه|واژ+ه	O+N1|N1	اسم|اسم + ه
7	تاریخ	تاریخ	تاریخ	تاریخ	N1	اسم
8	باید	باید	باید	باید	V4	فعل وجه نما
9	توجه	توجه	توجه	توجه	N1	اسم
10	داشت	داشت|داشت|داشت|داش	داشت	داشت|داشت|داشت|داش+ت	O+N1|V5|N1|v2	فعل ماضی ساده:سوم شخص مفرد|اسم|فعل کمکی|اسم + ضمیر ملکی دوم شخص مفرد
11	که	که|که|که|که	که	که|که|که|که	N1|N1|NA|C0	حرف ربط|ضمیر پرسشی|اسم|اسم
12	کمترین	کم	کمترین	کم+ترین	O+A0	صفت + علامت صفت تفضیلی
13	شباهت	شباهت	شباهت	شباهت	N1	اسم
14	آوا	اوا	آوا	اوا	Intj	صوت
15	و	و|و|و	و	و|و|و	Ab|Al|C0	حرف ربط|حروف الفبا|اختصارات
16	قرابت	قرابت	قرابت	قرابت	N1	اسم
17	واکه	واکه	واکه	واکه	N1	اسم
18	یا	یا|یا	یا	یا|یا	Intj|C0	حرف ربط|صوت
19	هم‌آهنگی	هماهنگی	هم‌آهنگی	هماهنگی	N1	اسم
20	واکه	واکه	واکه	واکه	N1	اسم
21	،	،	،	،	O	
22	تشابه	تشابه	تشابه	تشابه	N1	اسم
23	صرف	صرف|صرف|صرف|صرف	صرف	صرف|صرف|صرف|صرف	N9|A0|N1|V6	فعل امر مثبت|اسم|صفت|اسم موجود در ساختمان حرف اضافه و حرف ربط گروهی
24	یا	یا|یا	یا	یا|یا	Intj|C0	حرف ربط|صوت
25	تکواژ	تکواژ	تکواژ	تکواژ	N1	اسم
26	بین	بین|بین|بین|ین	بین	بین|بین|بین|ب+ین	N1+O|N9|A0|V6	فعل امر مثبت|صفت|اسم موجود در ساختمان حرف اضافه و حرف ربط گروهی|ب + اسم
27	«	«	«	«	O	
28	ماه	ماه	ماه	ماه	N1	اسم
29	روز	روز	روز	روز	N1	اسم
30	»	»	»	»	O	
31	و	و|و|و	و	و|و|و	Ab|Al|C0	حرف ربط|حروف الفبا|اختصارات
32	«	«	«	«	O	
33	تاریخ	تاریخ	تاریخ	تاریخ	N1	اسم
34	»	»	»	»	O	
35	وجود	وجود|وجود	وجود	وجود|وجود	N9|N1	اسم|اسم موجود در ساختمان حرف اضافه و حرف ربط گروهی
36	داشت | دار	داشت | دار	داشت | دار	داشت | دار	O	
37	و	و|و|و	و	و|و|و	Ab|Al|C0	حرف ربط|حروف الفبا|اختصارات
38	به	به|به	به	به|به	N1|Pr	حرف اضافه|اسم
39	همین	همین|همین|هم|ین	همین	همین|همین|هم+ین|هم+ین	N1+O|O+Ad|N6|A1	صفت اشاره|ضمیر اشاره|قید + ین|هم + اسم
40	دلیل	دلیل	دلیل	دلیل	N1	اسم
41	،	،	،	،	O	
42	آن	ان	آن	ان	Ab	اختصارات
43	را	را	را	را	Po	حرف اضافه پسین
44	تعرب	تعرب	تعرب	ت+عرب	O	N1
45	غریب	غریب	غریب	غریب	A0	صفت
46	می	می|می	می	می|می	N1|N1	اسم|اسم
47	دانست | دان	دانست | دان	دانست | دان	دانست | دان	O	
48	.	.	.	.	Si	علامت نگارشی

0	امواج	موج	امواج	موج	O	اسم مفرد جمع مکسر
1	موجود	موجود	موجود	موجود	A0	صفت
2	در	در|در|در|در|در	در	در|در|در|در|در	VPr|N1|N1|V6|Pr	حرف اضافه|فعل امر مثبت|اسم|اسم|پیشوند فعل
3	فضا	فضا	فضا	فضا	N1	اسم
4	توسط	توسط|توسط	توسط	توسط|توسط	N9|N1	اسم|اسم موجود در ساختمان حرف اضافه و حرف ربط گروهی
5	آنتن	آنتن	آنتن	آنتن	N1	اسم
6	موبایل	موبایل	موبایل	موبایل	N1	اسم
7	دریافت	دریافت|دریافت	دریافت	دریافت|دریافت	N1|v2	فعل ماضی ساده:سوم شخص مفرد|اسم
8	شده	شد	شده	شد+ه	O+V3	فعل اسنادی + ه
9	و	و|و|و	و	و|و|و	Ab|Al|C0	حرف ربط|حروف الفبا|اختصارات
10	وارد	وارد	وارد	وارد	N1	اسم
11	قطعه	قطعه|قطع	قطعه	قطعه|قطع+ه	O+N1|N1	اسم|اسم + ه
12	به	به|به	به	به|به	N1|Pr	حرف اضافه|اسم
13	نام	نام|نام	نام	نام|نام	V6|N1	اسم|فعل امر مثبت
14	آنتن	آنتن	آنتن	آنتن	N1	اسم
15	سوییچ	سوییچ	سوییچ	سوییچ	N1	اسم
16	شد | شو	شد | شو	شد | شو	شد | شو	O	
17	.	.	.	.	Si	علامت نگارشی

0	آنتن	آنتن	آنتن	آنتن	N1	اسم
1	سوییچ	سوییچ	سوییچ	سوییچ	N1	اسم
2	وظیفه	وظیفه	وظیفه	وظیفه	N1	اسم
3	تعیین	تعیین	تعیین	تعیین	N1	اسم
4	حالت	حالت|حال	حالت	حالت|حال+ت	O+N1|N1	اسم|اسم + ضمیر ملکی دوم شخص مفرد
5	فرستندگی	فرستنده|فرست|فرس	فرستندگی	فرستنده+گی|فرست+نده+گی|فرس+ت+نده+گی	O+O+O+N1|O+O+V1|O+N1	اسم + گی|بن مضارع + نده + گی|اسم + ضمیر ملکی دوم شخص مفرد + نده + گی
6	یا	یا|یا	یا	یا|یا	Intj|C0	حرف ربط|صوت
7	گیرندگی	گیرنده|گیر	گیرندگی	گیرنده+گی|گیر+نده+گی	O+O+V1|O+N1	اسم + گی|بن مضارع + نده + گی
8	آنتن	آنتن	آنتن	آنتن	N1	اسم
9	را	را	را	را	Po	حرف اضافه پسین
10	به	به|به	به	به|به	N1|Pr	حرف اضافه|اسم
11	عهده	عهده|عهده|عهد	عهده	عهده|عهده|عهد+ه	O+N1|N9|N1	اسم|اسم موجود در ساختمان حرف اضافه و حرف ربط گروهی|اسم + ه
12	داشت | دار	داشت | دار	داشت | دار	داشت | دار	O	
13	.	.	.	.	Si	علامت نگارشی

0	بسته	بسته|بست|بست|سته|ست	بسته	بسته|بست+ه|بست+ه|ب+سته|ب+ست+ه	O+N1+O|N1+O|O+v2|O+N1|A0	صفت|اسم + ه|ریشه ماضی + ه|ب + اسم|ب + اسم + ه
1	به	به|به	به	به|به	N1|Pr	حرف اضافه|اسم
2	این	این|این	این	این|این	N6|A1	صفت اشاره|ضمیر اشاره
3	که	که|که|که|که	که	که|که|که|که	N1|N1|NA|C0	حرف ربط|ضمیر پرسشی|اسم|اسم
4	موبایل	موبایل	موبایل	موبایل	N1	اسم
5	سازگار	سازگار|ساز	سازگار	سازگار|ساز+گار	O+N1|A0	صفت|اسم + گار
6	با	با	با	با	Pr	حرف اضافه
7	چند	چند	چند	چند	NA	ضمیر پرسشی
8	باند	باند	باند	باند	N1	اسم
9	GSM	GSM	GSM	GSM	O	کلمه انگلیسی
10	بود | باش	بود | باش	بود | باش	بود | باش	O	
11	،	،	،	،	O	
12	تعداد	تعداد	تعداد	تعداد	N1	اسم
13	پایه	پایه|پایه|پای	پایه	پایه|پایه|پای+ه	O+N1|N9|N1	اسم|اسم موجود در ساختمان حرف اضافه و حرف ربط گروهی|اسم + ه
14	آنتن	آنتن	آنتن	آنتن	N1	اسم
15	سوییچ	سوییچ	سوییچ	سوییچ	N1	اسم
16	متفاوت	متفاوت	متفاوت	متفاوت	A0	صفت
17	بود | باش	بود | باش	بود | باش	بود | باش	O	
18	.	.	.	.	Si	علامت نگارشی

0	آنتن	آنتن	آنتن	آنتن	N1	اسم
1	سوییچ	سوییچ	سوییچ	سوییچ	N1	اسم
2	برای	برای|برا|بر	برای	برای|برا+ی|بر+ا+ی	Y+O+v1|Y+A0|Pr	حرف اضافه|صفت + ی|ریشه مضارع + ا + ی
3	هر	هر	هر	هر	A1	صفت اشاره
4	باند	باند	باند	باند	N1	اسم
5	GSM	GSM	GSM	GSM	O	کلمه انگلیسی
6	،	،	،	،	O	
7	آنتن	آنتن	آنتن	آنتن	N1	اسم
8	را	را	را	را	Po	حرف اضافه پسین
9	به	به|به	به	به|به	N1|Pr	حرف اضافه|اسم
10	یک	یک	یک	یک	No	عدد حرفی
11	خروج	خروج	خروج	خروج	N1	اسم
12	به	به|به	به	به|به	N1|Pr	حرف اضافه|اسم
13	نام	نام|نام	نام	نام|نام	V6|N1	اسم|فعل امر مثبت
14	RX	RX	RX	RX	O	کلمه انگلیسی
15	و	و|و|و	و	و|و|و	Ab|Al|C0	حرف ربط|حروف الفبا|اختصارات
16	یک	یک	یک	یک	No	عدد حرفی
17	ورود	ورود|ود	ورود	ورود|ور+ود	N1+O|N1	اسم|ور + اسم
18	به	به|به	به	به|به	N1|Pr	حرف اضافه|اسم
19	نام	نام|نام	نام	نام|نام	V6|N1	اسم|فعل امر مثبت
20	TX	TX	TX	TX	O	کلمه انگلیسی
21	وصل	وصل	وصل	وصل	N1	اسم
22	کرد | کن	کرد | کن	کرد | کن	کرد | کن	O	
23	.	.	.	.	Si	علامت نگارشی

0	در	در|در|در|در|در	در	در|در|در|در|در	VPr|N1|N1|V6|Pr	حرف اضافه|فعل امر مثبت|اسم|اسم|پیشوند فعل
1	حقیقت	حقیقت	حقیقت	حقیقت	N1	اسم
2	آنتن	آنتن	آنتن	آنتن	N1	اسم
3	سوییچ	سوییچ	سوییچ	سوییچ	N1	اسم
4	مانند	مانند|مانند|مان|مان	مانند	مانند|مانند|مان+ند|مان+ند	O+N1|N9|N1|O+v1	اسم|اسم موجود در ساختمان حرف اضافه و حرف ربط گروهی|فعل مضارع ساده:سوم شخص جمع|اسم + فعل سوم شخص جمع
5	یک	یک	یک	یک	No	عدد حرفی
6	کلید	کلید|کل|کل	کلید	کلید|کل+ید|کل+ید	O+N1|O+N1|N1	اسم|اسم + فعل دوم شخص جمع|اسم + فعل دوم شخص جمع
7	است	است|اس	است	است|اس+ت	O+N1|O+v1	فعل مضارع ساده:سوم شخص مفرد|اسم + ضمیر ملکی دوم شخص مفرد
8	که	که|که|که|که	که	که|که|که|که	N1|N1|NA|C0	حرف ربط|ضمیر پرسشی|اسم|اسم
9	با	با	با	با	Pr	حرف اضافه
10	فرمان	فرمان|فر|فر	فرمان	فرمان|فر+مان|فر+مان	O+A0|O+N1|N1	اسم|اسم + ضمیر ملکی اول شخص جمع|صفت + ضمیر ملکی اول شخص جمع
11	آنتن	آنتن	آنتن	آنتن	N1	اسم
12	را	را	را	را	Po	حرف اضافه پسین
13	مرتبا	مرتباً	مرتبا	مرتباً	Ad	قید
14	به	به|به	به	به|به	N1|Pr	حرف اضافه|اسم
15	خط	خط	خط	خط	N1	اسم
16	RX	RX	RX	RX	O	کلمه انگلیسی
17	یا	یا|یا	یا	یا|یا	Intj|C0	حرف ربط|صوت
18	به	به|به	به	به|به	N1|Pr	حرف اضافه|اسم
19	TX	TX	TX	TX	O	کلمه انگلیسی
20	متصل	متصل	متصل	متصل	A0	صفت
21	کرد | کن	کرد | کن	کرد | کن	کرد | کن	O	
22	.	.	.	.	Si	علامت نگارشی

0	در	در|در|در|در|در	در	در|در|در|در|در	VPr|N1|N1|V6|Pr	حرف اضافه|فعل امر مثبت|اسم|اسم|پیشوند فعل
1	بلوک	بلوک|لوک|لو	بلوک	بلوک|ب+لوک|ب+لو+ک	O+N1+O|N1+O|N1	اسم|ب + اسم|ب + اسم + ک
2	که	که|که|که|که	که	که|که|که|که	N1|N1|NA|C0	حرف ربط|ضمیر پرسشی|اسم|اسم
3	مشاهده	مشاهده|مشاهد	مشاهده	مشاهده|مشاهد+ه	O+N1|N1	اسم|اسم + ه
4	کرد | کن	کرد | کن	کرد | کن	کرد | کن	O	
5	،	،	،	،	O	
6	موبایل	موبایل	موبایل	موبایل	N1	اسم
7	قابلیت	قابلیت|قابل	قابلیت	قابلیت|قابل+یت	O+A0|N1	اسم|صفت + یت
8	کار	کار|کار	کار	کار|کار	V6|N1	اسم|فعل امر مثبت
9	با	با	با	با	Pr	حرف اضافه
10	دو	دو|دو|دو	دو	دو|دو|دو	N1|V6|No	عدد حرفی|فعل امر مثبت|اسم
11	باند	باند	باند	باند	N1	اسم
12	GSM	GSM	GSM	GSM	O	کلمه انگلیسی
13	۹۰۰	۹۰۰	۹۰۰	۹۰۰	Nu	عدد رقمی
14	و	و|و|و	و	و|و|و	Ab|Al|C0	حرف ربط|حروف الفبا|اختصارات
15	GSM	GSM	GSM	GSM	O	کلمه انگلیسی
16	۱۸۰۰	۱۸۰۰	۱۸۰۰	۱۸۰۰	Nu	عدد رقمی
17	را	را	را	را	Po	حرف اضافه پسین
18	داشت | دار	داشت | دار	داشت | دار	داشت | دار	O	
19	؛	؛	؛	؛	O	
20	بنابراین	بنابراین|برا|بر	بنابراین	بنابراین|ب+نا+برا+ین|ب+نا+بر+ا+ین	O+O+v1|O+A0+O+O|Ad	قید|ب + نا + صفت + ین|ریشه مضارع + ا + ین
21	آنتن	آنتن	آنتن	آنتن	N1	اسم
22	سوییچ	سوییچ	سوییچ	سوییچ	N1	اسم
23	دو	دو|دو|دو	دو	دو|دو|دو	N1|V6|No	عدد حرفی|فعل امر مثبت|اسم
24	خروج	خروج	خروج	خروج	N1	اسم
25	RX	RX	RX	RX	O	کلمه انگلیسی
26	و	و|و|و	و	و|و|و	Ab|Al|C0	حرف ربط|حروف الفبا|اختصارات
27	دو	دو|دو|دو	دو	دو|دو|دو	N1|V6|No	عدد حرفی|فعل امر مثبت|اسم
28	ورود	ورود|ود	ورود	ورود|ور+ود	N1+O|N1	اسم|ور + اسم
29	TX	TX	TX	TX	O	کلمه انگلیسی
30	داشت | دار	داشت | دار	داشت | دار	داشت | دار	O	
31	که	که|که|که|که	که	که|که|که|که	N1|N1|NA|C0	حرف ربط|ضمیر پرسشی|اسم|اسم
32	در	در|در|در|در|در	در	در|در|در|در|در	VPr|N1|N1|V6|Pr	حرف اضافه|فعل امر مثبت|اسم|اسم|پیشوند فعل
33	شبکه‌‌ها	شبکه|شب	شبکه‌‌	شبکه+ها|شب+ک+ه+ها	Pl+O+O+N1|Pl+N1	اسم + علامت جمع|اسم + ک + ه + علامت جمع
34	ی	ی|ی	ی	ی|ی	Al|Ab	اختصارات|حروف الفبا
35	تلفن	تلفن	تلفن	تلفن	N1	اسم
36	ایران	ایران	ایران	ایران	N2	اسم خاص مکان
37	از	از	از	از	Pr	حرف اضافه
38	آن	ان	آن	ان	Ab	اختصارات
39	جا	جا	جا	جا	N1	اسم
40	که	که|که|که|که	که	که|که|که|که	N1|N1|NA|C0	حرف ربط|ضمیر پرسشی|اسم|اسم
41	GSM	GSM	GSM	GSM	O	کلمه انگلیسی
42	۹۰۰	۹۰۰	۹۰۰	۹۰۰	Nu	عدد رقمی
43	است	است|اس	است	است|اس+ت	O+N1|O+v1	فعل مضارع ساده:سوم شخص مفرد|اسم + ضمیر ملکی دوم شخص مفرد
44	خط	خط	خط	خط	N1	اسم
45	RX	RX	RX	RX	O	کلمه انگلیسی
46	و	و|و|و	و	و|و|و	Ab|Al|C0	حرف ربط|حروف الفبا|اختصارات
47	TX	TX	TX	TX	O	کلمه انگلیسی
48	باند	باند	باند	باند	N1	اسم
49	۱۸۰۰	۱۸۰۰	۱۸۰۰	۱۸۰۰	Nu	عدد رقمی
50	بدون	بدون|دون|بد	بدون	بدون|ب+دون|بد+ون	Pl+A0|A0+O|Pr	حرف اضافه|ب + صفت|صفت + علامت جمع
51	استفاده	استفاده	استفاده	استفاده	N1	اسم
52	بود | باش	بود | باش	بود | باش	بود | باش	O	
53	.	.	.	.	Si	علامت نگارشی

0	آنتن	آنتن	آنتن	آنتن	N1	اسم
1	سوییچ	سوییچ	سوییچ	سوییچ	N1	اسم
2	یک	یک	یک	یک	No	عدد حرفی
3	از	از	از	از	Pr	حرف اضافه
4	قطعات	قطعات|قطع	قطعه	قطعات|قطع+ات	Pl+N1|N1	اسم|اسم + علامت جمع
5	حساس	حساس	حساس	حساس	A0	صفت
6	برد	برد|برد|بر|رد	برد	برد|برد|بر+د|ب+رد	A0+O|N1|v2|O+v1	فعل ماضی ساده:سوم شخص مفرد|اسم|فعل مضارع ساده:سوم شخص مفرد|ب + صفت
7	موبایل	موبایل	موبایل	موبایل	N1	اسم
8	است	است|اس	است	است|اس+ت	O+N1|O+v1	فعل مضارع ساده:سوم شخص مفرد|اسم + ضمیر ملکی دوم شخص مفرد
9	و	و|و|و	و	و|و|و	Ab|Al|C0	حرف ربط|حروف الفبا|اختصارات
10	خراب	خراب	خراب	خراب	A0	صفت
11	در	در|در|در|در|در	در	در|در|در|در|در	VPr|N1|N1|V6|Pr	حرف اضافه|فعل امر مثبت|اسم|اسم|پیشوند فعل
12	آن	ان	آن	ان	Ab	اختصارات
13	باعث	باعث	باعث	باعث	N1	اسم
14	به	به|به	به	به|به	N1|Pr	حرف اضافه|اسم
15	وجود	وجود|وجود	وجود	وجود|وجود	N9|N1	اسم|اسم موجود در ساختمان حرف اضافه و حرف ربط گروهی
16	آمدن	آمدن	آمدن	آمدن	O	N1
17	عیوب	عیب	عیوب	عیب	O	اسم مفرد جمع مکسر
18	از	از	از	از	Pr	حرف اضافه
19	قبیل	قبیل	قبیل	قبیل	N9	اسم موجود در ساختمان حرف اضافه و حرف ربط گروهی
20	پرش	پرش|پرش|پر|پر|پر	پرش	پرش|پرش|پر+ش|پر+ش|پر+ش	O+N1|O+A0|N1|N1|O+v1	اسم|اسم|فعل مضارع ساده:سوم شخص مفرد|صفت + ضمیر ملکی سوم شخص مفرد|اسم + ضمیر ملکی سوم شخص مفرد
21	آنتن	آنتن	آنتن	آنتن	N1	اسم
22	یا	یا|یا	یا	یا|یا	Intj|C0	حرف ربط|صوت
23	نداشتن	داشت	نداشتن	ن+داشت+ن	Neg+V2+Neg	ن + بن ماضی + ن
24	دریافت	دریافت|دریافت	دریافت	دریافت|دریافت	N1|v2	فعل ماضی ساده:سوم شخص مفرد|اسم
25	یا	یا|یا	یا	یا|یا	Intj|C0	حرف ربط|صوت
26	ارسال	ارسال	ارسال	ارسال	N1	اسم
27	شد | شو	شد | شو	شد | شو	شد | شو	O	
28	.	.	.	.	Si	علامت نگارشی

0	در	در|در|در|در|در	در	در|در|در|در|در	VPr|N1|N1|V6|Pr	حرف اضافه|فعل امر مثبت|اسم|اسم|پیشوند فعل
1	مورد	مورد|مورد|مورد	مورد	مورد|مورد|مورد	N1|N9|N1	اسم|اسم موجود در ساختمان حرف اضافه و حرف ربط گروهی|اسم
2	سلف	سلف|سلف	سلف	سلف|سلف	N1|N1	اسم|اسم
3	و	و|و|و	و	و|و|و	Ab|Al|C0	حرف ربط|حروف الفبا|اختصارات
4	خازن	خازن	خازن	خازن	N1	اسم
5	قبل	قبل|قبل|قبل	قبل	قبل|قبل|قبل	N1|N9|Ad	قید|اسم موجود در ساختمان حرف اضافه و حرف ربط گروهی|اسم
6	از	از	از	از	Pr	حرف اضافه
7	اتصال	اتصال	اتصال	اتصال	N1	اسم
8	آنتن	آنتن	آنتن	آنتن	N1	اسم
9	به	به|به	به	به|به	N1|Pr	حرف اضافه|اسم
10	آنتن	آنتن	آنتن	آنتن	N1	اسم
11	سوییچ	سوییچ	سوییچ	سوییچ	N1	اسم
12	نیز	نیز|آز	نیز	نیز|نی+آز	V6|Ad	قید|فعل امر منفی
13	از	از	از	از	Pr	حرف اضافه
14	آن	ان	آن	ان	Ab	اختصارات
15	جا	جا	جا	جا	N1	اسم
16	که	که|که|که|که	که	که|که|که|که	N1|N1|NA|C0	حرف ربط|ضمیر پرسشی|اسم|اسم
17	امپدانس	امپدانس	امپدانس	امپدانس	O	N1
18	خروج	خروج	خروج	خروج	N1	اسم
19	آنتن	آنتن	آنتن	آنتن	N1	اسم
20	بسیار	بسیار|بسیار|سیار|بس	بسیار	بسیار|بسیار|ب+سیار|بس+یار	O+A0|A0+O|Ad|A0	صفت|قید|ب + صفت|صفت + یار
21	کم	کم|کم	کم	کم|کم	N1|A0	صفت|اسم
22	است	است|اس	است	است|اس+ت	O+N1|O+v1	فعل مضارع ساده:سوم شخص مفرد|اسم + ضمیر ملکی دوم شخص مفرد
23	و	و|و|و	و	و|و|و	Ab|Al|C0	حرف ربط|حروف الفبا|اختصارات
24	از	از	از	از	Pr	حرف اضافه
25	طرف	طرف	طرف	طرف	N1	اسم
26	امپدانس	امپدانس	امپدانس	امپدانس	O	N1
27	ورود	ورود|ود	ورود	ورود|ور+ود	N1+O|N1	اسم|ور + اسم
28	آنتن	آنتن	آنتن	آنتن	N1	اسم
29	زیاد	زیاد	زیاد	زیاد	A0	صفت
30	است	است|اس	است	است|اس+ت	O+N1|O+v1	فعل مضارع ساده:سوم شخص مفرد|اسم + ضمیر ملکی دوم شخص مفرد
31	،	،	،	،	O	
32	باید	باید	باید	باید	V4	فعل وجه نما
33	قبل	قبل|قبل|قبل	قبل	قبل|قبل|قبل	N1|N9|Ad	قید|اسم موجود در ساختمان حرف اضافه و حرف ربط گروهی|اسم
34	از	از	از	از	Pr	حرف اضافه
35	اتصال	اتصال	اتصال	اتصال	N1	اسم
36	این	این|این	این	این|این	N6|A1	صفت اشاره|ضمیر اشاره
37	دو	دو|دو|دو	دو	دو|دو|دو	N1|V6|No	عدد حرفی|فعل امر مثبت|اسم
38	،	،	،	،	O	
39	عمل	عمل	عمل	عمل	N1	اسم
40	تطبیق	تطبیق	تطبیق	تطبیق	N1	اسم
41	امپدانس	امپدانس	امپدانس	امپدانس	O	N1
42	توسط	توسط|توسط	توسط	توسط|توسط	N9|N1	اسم|اسم موجود در ساختمان حرف اضافه و حرف ربط گروهی
43	قطعه	قطعه|قطع	قطعه	قطعه|قطع+ه	O+N1|N1	اسم|اسم + ه
44	انجام	انجام|انجام	انجام	انجام|انجام	V6|N1	اسم|فعل امر مثبت
45	شد | شو	شد | شو	شد | شو	شد | شو	O	
46	.	.	.	.	Si	علامت نگارشی

0	معمولا	معمولاً	معمولا	معمولاً	Ad	قید
1	در	در|در|در|در|در	در	در|در|در|در|در	VPr|N1|N1|V6|Pr	حرف اضافه|فعل امر مثبت|اسم|اسم|پیشوند فعل
2	مدارات	مدار	مدار	مدار+ات	Pl+N1	اسم + علامت جمع
3	،	،	،	،	O	
4	قسمت	قسمت|قسم|قسم	قسمت	قسمت|قسم+ت|قسم+ت	O+N1|O+N2|N1	اسم|اسم خاص مکان + ضمیر ملکی دوم شخص مفرد|اسم + ضمیر ملکی دوم شخص مفرد
5	آنتن	آنتن	آنتن	آنتن	N1	اسم
6	موبایل	موبایل	موبایل	موبایل	N1	اسم
7	از	از	از	از	Pr	حرف اضافه
8	یک	یک	یک	یک	No	عدد حرفی
9	سلف	سلف|سلف	سلف	سلف|سلف	N1|N1	اسم|اسم
10	که	که|که|که|که	که	که|که|که|که	N1|N1|NA|C0	حرف ربط|ضمیر پرسشی|اسم|اسم
11	به	به|به	به	به|به	N1|Pr	حرف اضافه|اسم
12	صورت	صورت|صورت|صور	صورت	صورت|صورت|صور+ت	O+N1|N9|N1	اسم|اسم موجود در ساختمان حرف اضافه و حرف ربط گروهی|اسم + ضمیر ملکی دوم شخص مفرد
13	موازی	موازی	موازی	موازی	A0	صفت
14	بین	بین|بین|بین|ین	بین	بین|بین|بین|ب+ین	N1+O|N9|A0|V6	فعل امر مثبت|صفت|اسم موجود در ساختمان حرف اضافه و حرف ربط گروهی|ب + اسم
15	آنتن	آنتن	آنتن	آنتن	N1	اسم
16	و	و|و|و	و	و|و|و	Ab|Al|C0	حرف ربط|حروف الفبا|اختصارات
17	زمین	زمین|زم	زمین	زمین|زم+ین	O+N1|N1	اسم|اسم + ین
18	بست | بند	بست | بند	بست | بند	بست | بند	O	
19	استفاده	استفاده	استفاده	استفاده	N1	اسم
20	تشکیل	تشکیل	تشکیل	تشکیل	N1	اسم
21	شد | شو	شد | شو	شد | شو	شد | شو	O	
22	.	.	.	.	Si	علامت نگارشی

0	این	این|این	این	این|این	N6|A1	صفت اشاره|ضمیر اشاره
1	سلف	سلف|سلف	سلف	سلف|سلف	N1|N1	اسم|اسم
2	توانست | توان	توانست | توان	توانست | توان	توانست | توان	O	
3	باعث	باعث	باعث	باعث	N1	اسم
4	عمل	عمل	عمل	عمل	N1	اسم
5	تطبیق	تطبیق	تطبیق	تطبیق	N1	اسم
6	امپدانس	امپدانس	امپدانس	امپدانس	O	N1
7	بین	بین|بین|بین|ین	بین	بین|بین|بین|ب+ین	N1+O|N9|A0|V6	فعل امر مثبت|صفت|اسم موجود در ساختمان حرف اضافه و حرف ربط گروهی|ب + اسم
8	آنتن	آنتن	آنتن	آنتن	N1	اسم
9	و	و|و|و	و	و|و|و	Ab|Al|C0	حرف ربط|حروف الفبا|اختصارات
10	آنتن	آنتن	آنتن	آنتن	N1	اسم
11	سوییچ	سوییچ	سوییچ	سوییچ	N1	اسم
12	شده	شد	شده	شد+ه	O+V3	فعل اسنادی + ه
13	و	و|و|و	و	و|و|و	Ab|Al|C0	حرف ربط|حروف الفبا|اختصارات
14	مانع	مانع	مانع	مانع	N1	اسم
15	از	از	از	از	Pr	حرف اضافه
16	هدایت	هدایت	هدایت	هدایت	N1	اسم
17	جریان	جریان|جری|جر|جر	جریان	جریان|جری+ان|جر+ی+ان|جر+ی+ان	O+Y+N1|O+Y+N1|O+A0|N1	اسم|صفت + ان|اسم + ی + ان|اسم + ی + ان
18	DC	DC	DC	DC	O	کلمه انگلیسی
19	بین	بین|بین|بین|ین	بین	بین|بین|بین|ب+ین	N1+O|N9|A0|V6	فعل امر مثبت|صفت|اسم موجود در ساختمان حرف اضافه و حرف ربط گروهی|ب + اسم
20	این	این|این	این	این|این	N6|A1	صفت اشاره|ضمیر اشاره
21	دو	دو|دو|دو	دو	دو|دو|دو	N1|V6|No	عدد حرفی|فعل امر مثبت|اسم
22	واحد	واحد	واحد	واحد	A0	صفت
23	گشت | گرد	گشت | گرد	گشت | گرد	گشت | گرد	O	
24	تا	تا|تا|تا	تا	تا|تا|تا	Ab|C0|Pr	حرف اضافه|حرف ربط|اختصارات
25	این	این|این	این	این|این	N6|A1	صفت اشاره|ضمیر اشاره
26	دو	دو|دو|دو	دو	دو|دو|دو	N1|V6|No	عدد حرفی|فعل امر مثبت|اسم
27	واحد	واحد	واحد	واحد	A0	صفت
28	اثر	اثر|اثر	اثر	اثر|اثر	N9|N1	اسم|اسم موجود در ساختمان حرف اضافه و حرف ربط گروهی
29	منفی	منفی	منفی	منفی	A0	صفت
30	در	در|در|در|در|در	در	در|در|در|در|در	VPr|N1|N1|V6|Pr	حرف اضافه|فعل امر مثبت|اسم|اسم|پیشوند فعل
31	عملکرد	عملکرد	عملکرد	عملکرد	N1	اسم
32	یکدیگر	یکدیگر	یکدیگر	یکدیگر	N8	ضمیر مشترک/متقابل
33	داشت | دار	داشت | دار	داشت | دار	داشت | دار	O	
34	.	.	.	.	Si	علامت نگارشی

0	وظیفه	وظیفه	وظیفه	وظیفه	N1	اسم
1	فیلتر	فیلتر	فیلتر	فیلتر	N1	اسم
2	SAW	SAW	SAW	SAW	O	کلمه انگلیسی
3	حذف	حذف	حذف	حذف	N1	اسم
4	فرکانس	فرکانس	فرکانس	فرکانس	N1	اسم
5	کانال	کانال	کانال	کانال	N1	اسم
6	همسایه	همسایه|سایه	همسایه	همسایه|هم+سایه	N1+O|N1	اسم|هم + اسم
7	و	و|و|و	و	و|و|و	Ab|Al|C0	حرف ربط|حروف الفبا|اختصارات
8	فرکانس	فرکانس	فرکانس	فرکانس	N1	اسم
9	مزاحم	مزاحم|مزاح|مزاح	مزاحم	مزاحم|مزاح+م|مزاح+م	O+N1|O+N1|A0	صفت|اسم + ضمیر ملکی اول شخص مفرد|اسم + فعل اول شخص مفرد
10	است	است|اس	است	است|اس+ت	O+N1|O+v1	فعل مضارع ساده:سوم شخص مفرد|اسم + ضمیر ملکی دوم شخص مفرد
11	.	.	.	.	Si	علامت نگارشی

0	خط	خط	خط	خط	N1	اسم
1	خروج	خروج	خروج	خروج	N1	اسم
2	RX	RX	RX	RX	O	کلمه انگلیسی
3	از	از	از	از	Pr	حرف اضافه
4	آنتن	آنتن	آنتن	آنتن	N1	اسم
5	سوئیچ	سوییچ	سوئیچ	سوییچ	N1	اسم
6	وارد	وارد	وارد	وارد	N1	اسم
7	SAW	SAW	SAW	SAW	O	کلمه انگلیسی
8	شده	شد	شده	شد+ه	O+V3	فعل اسنادی + ه
9	و	و|و|و	و	و|و|و	Ab|Al|C0	حرف ربط|حروف الفبا|اختصارات
10	بعد	بعد|بعد|بعد	بعد	بعد|بعد|بعد	N9|N1|A0	صفت|اسم|اسم موجود در ساختمان حرف اضافه و حرف ربط گروهی
11	از	از	از	از	Pr	حرف اضافه
12	آن	ان	آن	ان	Ab	اختصارات
13	فرکانس	فرکانس	فرکانس	فرکانس	N1	اسم
14	مزاحم	مزاحم|مزاح|مزاح	مزاحم	مزاحم|مزاح+م|مزاح+م	O+N1|O+N1|A0	صفت|اسم + ضمیر ملکی اول شخص مفرد|اسم + فعل اول شخص مفرد
15	حذف	حذف	حذف	حذف	N1	اسم
16	شد | شو	شد | شو	شد | شو	شد | شو	O	
17	و	و|و|و	و	و|و|و	Ab|Al|C0	حرف ربط|حروف الفبا|اختصارات
18	فقط	فقط	فقط	فقط	Ad	قید
19	فرکانس	فرکانس	فرکانس	فرکانس	N1	اسم
20	باند	باند	باند	باند	N1	اسم
21	GSM	GSM	GSM	GSM	O	کلمه انگلیسی
22	در	در|در|در|در|در	در	در|در|در|در|در	VPr|N1|N1|V6|Pr	حرف اضافه|فعل امر مثبت|اسم|اسم|پیشوند فعل
23	خروج	خروج	خروج	خروج	N1	اسم
24	آن	ان	آن	ان	Ab	اختصارات
25	دید | بین	دید | بین	دید | بین	دید | بین	O	
26	.	.	.	.	Si	علامت نگارشی

0	SAW	SAW	SAW	SAW	O	کلمه انگلیسی
1	همان‌گونه	همان گونه	همان‌گونه	همان‌+گونه	O	N1
2	که	که|که|که|که	که	که|که|که|که	N1|N1|NA|C0	حرف ربط|ضمیر پرسشی|اسم|اسم
3	فرکانس	فرکانس	فرکانس	فرکانس	N1	اسم
4	مزاحم	مزاحم|مزاح|مزاح	مزاحم	مزاحم|مزاح+م|مزاح+م	O+N1|O+N1|A0	صفت|اسم + ضمیر ملکی اول شخص مفرد|اسم + فعل اول شخص مفرد
5	را	را	را	را	Po	حرف اضافه پسین
6	حذف	حذف	حذف	حذف	N1	اسم
7	کرد | کن	کرد | کن	کرد | کن	کرد | کن	O	
8	،	،	،	،	O	
9	فرکانس	فرکانس	فرکانس	فرکانس	N1	اسم
10	اصل	اصل	اصل	اصل	A0	صفت
11	GSM	GSM	GSM	GSM	O	کلمه انگلیسی
12	را	را	را	را	Po	حرف اضافه پسین
13	هم	هم|هم|هم	هم	هم|هم|هم	N8|C0|Ad	قید|حرف ربط|ضمیر مشترک/متقابل
14	خیلی	خیلی|خیلی|خیل	خیلی	خیلی|خیلی|خیل+ی	Y+N1|Ad|A0	صفت|قید|اسم + ی
15	ضعیف	ضعیف	ضعیف	ضعیف	A0	صفت
16	کرد | کن	کرد | کن	کرد | کن	کرد | کن	O	
17	.	.	.	.	Si	علامت نگارشی

0	برای	برای|برا|بر	برای	برای|برا+ی|بر+ا+ی	Y+O+v1|Y+A0|Pr	حرف اضافه|صفت + ی|ریشه مضارع + ا + ی
1	تقویت	تقویت	تقویت	تقویت	N1	اسم
2	سیگنال‌های	سیگنال	سیگنال‌	سیگنال+ها+ی	Y+Pl+N1	اسم + علامت جمع + ی
3	دریافتی	دریافتی|دریافت|دریافت	دریافتی	دریافتی|دریافت+ی|دریافت+ی	Y+N1|N1|O+v2	اسم|فعل ماضی ساده:دوم شخص مفرد|اسم + ی
4	GSM	GSM	GSM	GSM	O	کلمه انگلیسی
5	بعد	بعد|بعد|بعد	بعد	بعد|بعد|بعد	N9|N1|A0	صفت|اسم|اسم موجود در ساختمان حرف اضافه و حرف ربط گروهی
6	از	از	از	از	Pr	حرف اضافه
7	SAW	SAW	SAW	SAW	O	کلمه انگلیسی
8	از	از	از	از	Pr	حرف اضافه
9	یک	یک	یک	یک	No	عدد حرفی
10	تقویت‌کننده	تقویت‌کننده	تقویت‌کننده	تقویت‌کننده	A0	صفت
11	به	به|به	به	به|به	N1|Pr	حرف اضافه|اسم
12	نام	نام|نام	نام	نام|نام	V6|N1	اسم|فعل امر مثبت
13	LNA	LNA	LNA	LNA	O	کلمه انگلیسی
14	استفاده	استفاده	استفاده	استفاده	N1	اسم
15	شد | شو	شد | شو	شد | شو	شد | شو	O	
16	.	.	.	.	Si	علامت نگارشی

0	قلب	قلب	قلب	قلب	N1	اسم
1	در	در|در|در|در|در	در	در|در|در|در|در	VPr|N1|N1|V6|Pr	حرف اضافه|فعل امر مثبت|اسم|اسم|پیشوند فعل
2	لغت	لغت	لغت	لغت	N1	اسم
3	به	به|به	به	به|به	N1|Pr	حرف اضافه|اسم
4	معنی	معنا	معنی	معنا	N1	اسم
5	دگرگون	دگرگون|دگر	دگرگون	دگرگون|دگر+گون	O+A0|A0	صفت|صفت + گون
6	است	است|اس	است	است|اس+ت	O+N1|O+v1	فعل مضارع ساده:سوم شخص مفرد|اسم + ضمیر ملکی دوم شخص مفرد
7	قلب	قلب	قلب	قلب	N1	اسم
8	از	از	از	از	Pr	حرف اضافه
9	لحاظ	لحاظ|لحاظ	لحاظ	لحاظ|لحاظ	N9|N1	اسم|اسم موجود در ساختمان حرف اضافه و حرف ربط گروهی
10	علم	علم	علم	علم	N1	اسم
11	اندام	اندام	اندام	اندام	N1	اسم
12	است	است|اس	است	است|اس+ت	O+N1|O+v1	فعل مضارع ساده:سوم شخص مفرد|اسم + ضمیر ملکی دوم شخص مفرد
13	که	که|که|که|که	که	که|که|که|که	N1|N1|NA|C0	حرف ربط|ضمیر پرسشی|اسم|اسم
14	در	در|در|در|در|در	در	در|در|در|در|در	VPr|N1|N1|V6|Pr	حرف اضافه|فعل امر مثبت|اسم|اسم|پیشوند فعل
15	مرکز	مرکز	مرکز	مرکز	N1	اسم
16	قفسه	قفسه|قفس	قفسه	قفسه|قفس+ه	O+N1|N1	اسم|اسم + ه
17	سینه	سینه|سین	سینه	سینه|سین+ه	O+N1|N1	اسم|اسم + ه
18	(	(	(	(	O	
19	متمایل	متمایل	متمایل	متمایل	A0	صفت
20	به	به|به	به	به|به	N1|Pr	حرف اضافه|اسم
21	سمت	سمت|سم|سم	سمت	سمت|سم+ت|سم+ت	O+N1|O+N1|N1	اسم|اسم + ضمیر ملکی دوم شخص مفرد|اسم + ضمیر ملکی دوم شخص مفرد
22	چپ	چپ|چپ	چپ	چپ|چپ	A0|V6	فعل امر مثبت|صفت
23	)	)	)	)	O	
24	واقع	واقع	واقع	واقع	N1	اسم
25	شده‌است	شد	شده‌است	شد+ه+است	|O+O+v2	فعل ماضی نقلی:سوم شخص مفرد
26	،	،	،	،	O	
27	و	و|و|و	و	و|و|و	Ab|Al|C0	حرف ربط|حروف الفبا|اختصارات
28	وزن	وزن	وزن	وزن	N1	اسم
29	آن	ان	آن	ان	Ab	اختصارات
30	۳۰۰	۳۰۰	۳۰۰	۳۰۰	Nu	عدد رقمی
31	گرم	گرم|گرم|گرم|گر|گر|گر	گرم	گرم|گرم|گرم|گر+م|گر+م|گر+م	O+N1|O+N1|N1|N1|A0|O+v1	صفت|اسم|اسم|فعل مضارع ساده:اول شخص مفرد|اسم + ضمیر ملکی اول شخص مفرد|اسم + فعل اول شخص مفرد
32	است	است|اس	است	است|اس+ت	O+N1|O+v1	فعل مضارع ساده:سوم شخص مفرد|اسم + ضمیر ملکی دوم شخص مفرد
33	و	و|و|و	و	و|و|و	Ab|Al|C0	حرف ربط|حروف الفبا|اختصارات
34	خون	خون	خون	خون	N1	اسم
35	را	را	را	را	Po	حرف اضافه پسین
36	پمپاژ	پمپاژ	پمپاژ	پمپاژ	N1	اسم
37	کرد | کن	کرد | کن	کرد | کن	کرد | کن	O	
38	نام	نام|نام	نام	نام|نام	V6|N1	اسم|فعل امر مثبت
39	این	این|این	این	این|این	N6|A1	صفت اشاره|ضمیر اشاره
40	عضو	عضو	عضو	عضو	N1	اسم
41	به	به|به	به	به|به	N1|Pr	حرف اضافه|اسم
42	علت	علت|علت	علت	علت|علت	N9|N1	اسم|اسم موجود در ساختمان حرف اضافه و حرف ربط گروهی
43	اینکه	اینکه	اینکه	اینکه	Ad	قید
44	باعث	باعث	باعث	باعث	N1	اسم
45	دگرگون	دگرگون|دگر	دگرگون	دگرگون|دگر+گون	O+A0|A0	صفت|صفت + گون
46	خون	خون	خون	خون	N1	اسم
47	و	و|و|و	و	و|و|و	Ab|Al|C0	حرف ربط|حروف الفبا|اختصارات
48	تبدیل	تبدیل	تبدیل	تبدیل	N1	اسم
49	خون	خون	خون	خون	N1	اسم
50	کثیف	کثیف	کثیف	کثیف	A0	صفت
51	به	به|به	به	به|به	N1|Pr	حرف اضافه|اسم
52	خون	خون	خون	خون	N1	اسم
53	تمیز	تمیز	تمیز	تمیز	A0	صفت
54	شد | شو	شد | شو	شد | شو	شد | شو	O	
55	قلب	قلب	قلب	قلب	N1	اسم
56	نام‌گذاری	نام‌گذاری|نام|نام	نام‌گذاری	نام‌گذاری|نام+گذار+ی|نام+گذار+ی	Y+O+V1|Y+O+N1|N1	اسم|اسم + گذار + ی|بن مضارع + گذار + ی
57	شده‌است	شد	شده‌است	شد+ه+است	|O+O+v2	فعل ماضی نقلی:سوم شخص مفرد
58	در	در|در|در|در|در	در	در|در|در|در|در	VPr|N1|N1|V6|Pr	حرف اضافه|فعل امر مثبت|اسم|اسم|پیشوند فعل
59	دگرگون	دگرگون|دگر	دگرگون	دگرگون|دگر+گون	O+A0|A0	صفت|صفت + گون
60	کردن	کرد	کردن	کرد+ن	Neg+V2	بن ماضی + ن
61	خون	خون	خون	خون	N1	اسم
62	،	،	،	،	O	
63	قلب	قلب	قلب	قلب	N1	اسم
64	مانند	مانند|مانند|مان|مان	مانند	مانند|مانند|مان+ند|مان+ند	O+N1|N9|N1|O+v1	اسم|اسم موجود در ساختمان حرف اضافه و حرف ربط گروهی|فعل مضارع ساده:سوم شخص جمع|اسم + فعل سوم شخص جمع
65	یک	یک	یک	یک	No	عدد حرفی
66	تلمبه	تلمبه|تلمب	تلمبه	تلمبه|تلمب+ه	O+N1|N1	اسم|اسم + ه
67	عمل	عمل	عمل	عمل	N1	اسم
68	کرد | کن	کرد | کن	کرد | کن	کرد | کن	O	
69	ایا	آیا|آی	ایا	آیا|آی+ا	O+v1|NA	ضمیر پرسشی|ریشه مضارع + ا
70	دی‌ان‌ای	دی ان ای	دی‌ان‌ای	دی‌+ان+‌ای	O	N1
71	فرق	فرقه|فرق	فرق	فرقه|فرق	N1|O	اسم مفرد جمع مکسر|اسم
72	موجودات	موجود	موجود	موجود+ات	Pl+A0	صفت + علامت جمع
73	زنده	زنده	زنده	زنده	A0	صفت
74	با	با	با	با	Pr	حرف اضافه
75	غیر	غیر|غیر	غیر	غیر|غیر	N9|A0	صفت|اسم موجود در ساختمان حرف اضافه و حرف ربط گروهی
76	زنده	زنده	زنده	زنده	A0	صفت
77	است	است|اس	است	است|اس+ت	O+N1|O+v1	فعل مضارع ساده:سوم شخص مفرد|اسم + ضمیر ملکی دوم شخص مفرد
78	؟	؟	؟	؟	Si	علامت نگارشی
79	آیا	آیا|آی	آیا	آیا|آی+ا	O+v1|NA	ضمیر پرسشی|ریشه مضارع + ا
80	ساختار	ساختار|ساخت	ساختار	ساختار|ساخت+ار	O+v2|N1	اسم|ریشه ماضی + ار
81	هوشمند	هوشمند|هوش	هوشمند	هوشمند|هوش+مند	O+N1|A0	صفت|اسم + مند
82	(	(	(	(	O	
83	وجود	وجود|وجود	وجود	وجود|وجود	N9|N1	اسم|اسم موجود در ساختمان حرف اضافه و حرف ربط گروهی
84	نظم	نظم	نظم	نظم	N1	اسم
85	بین	بین|بین|بین|ین	بین	بین|بین|بین|ب+ین	N1+O|N9|A0|V6	فعل امر مثبت|صفت|اسم موجود در ساختمان حرف اضافه و حرف ربط گروهی|ب + اسم
86	سلول	سلول|سل	سلول	سلول|سل+ول	O+N1|N1	اسم|اسم + ول
87	و	و|و|و	و	و|و|و	Ab|Al|C0	حرف ربط|حروف الفبا|اختصارات
88	اجزا	اجزا	اجزا	اجزا	N1	اسم
89	مختلف	مختلف	مختلف	مختلف	A0	صفت
90	)	)	)	)	O	
91	،	،	،	،	O	
92	موجود	موجود	موجود	موجود	A0	صفت
93	زنده	زنده	زنده	زنده	A0	صفت
94	را	را	را	را	Po	حرف اضافه پسین
95	تشکیل	تشکیل	تشکیل	تشکیل	N1	اسم
96	داد | ده	داد | ده	داد | ده	داد | ده	O	
97	!؟!	!؟!	!؟!	!؟!	O	
98	که	که|که|که|که	که	که|که|که|که	N1|N1|NA|C0	حرف ربط|ضمیر پرسشی|اسم|اسم
99	البته	البته	البته	البته	Ad	قید
100	سلول	سلول|سل	سلول	سلول|سل+ول	O+N1|N1	اسم|اسم + ول
101	سرطان	سرطان	سرطان	سرطان	N1	اسم
102	این	این|این	این	این|این	N6|A1	صفت اشاره|ضمیر اشاره
103	موضوع	موضوع	موضوع	موضوع	N1	اسم
104	را	را	را	را	Po	حرف اضافه پسین
105	رد	رد	رد	رد	A0	صفت
106	کرد | کن	کرد | کن	کرد | کن	کرد | کن	O	
107	زیرا	زیرا	زیرا	زیرا	C0	حرف ربط
108	در	در|در|در|در|در	در	در|در|در|در|در	VPr|N1|N1|V6|Pr	حرف اضافه|فعل امر مثبت|اسم|اسم|پیشوند فعل
109	مقابل	مقابل|مقابل	مقابل	مقابل|مقابل	N9|A0	صفت|اسم موجود در ساختمان حرف اضافه و حرف ربط گروهی
110	از	از	از	از	Pr	حرف اضافه
111	بین	بین|بین|بین|ین	بین	بین|بین|بین|ب+ین	N1+O|N9|A0|V6	فعل امر مثبت|صفت|اسم موجود در ساختمان حرف اضافه و حرف ربط گروهی|ب + اسم
112	رفتن	رفت|رفت	رفتن	رفت+ن|رفت+ن	Neg+V2|Neg+V2	بن ماضی + ن|بن ماضی + ن
113	مقاومت	مقاومت|مقاوم	مقاومت	مقاومت|مقاوم+ت	O+A0|N1	اسم|صفت + ضمیر ملکی دوم شخص مفرد
114	کرد | کن	کرد | کن	کرد | کن	کرد | کن	O	
115	و	و|و|و	و	و|و|و	Ab|Al|C0	حرف ربط|حروف الفبا|اختصارات
116	مانع	مانع	مانع	مانع	N1	اسم
117	از	از	از	از	Pr	حرف اضافه
118	درست	درست|درس	درست	درست|درس+ت	O+N1|A0	صفت|اسم + ضمیر ملکی دوم شخص مفرد
119	کار	کار|کار	کار	کار|کار	V6|N1	اسم|فعل امر مثبت
120	کرد | کن	کرد | کن	کرد | کن	کرد | کن	O	
121	بدن	بدن	بدن	بدن	N1	اسم
122	شد | شو	شد | شو	شد | شو	شد | شو	O	
123	(	(	(	(	O	
124	سلول	سلول|سل	سلول	سلول|سل+ول	O+N1|N1	اسم|اسم + ول
125	بعد	بعد|بعد|بعد	بعد	بعد|بعد|بعد	N9|N1|A0	صفت|اسم|اسم موجود در ساختمان حرف اضافه و حرف ربط گروهی
126	از	از	از	از	Pr	حرف اضافه
127	پایان	پایان|پای|پا|پا	پایان	پایان|پای+ان|پا+ی+ان|پا+ی+ان	O+N1|O+V1|O+N1|N1	اسم|اسم + ان|بن مضارع + ان|اسم + ان
128	عمر	عمر|عمر	عمر	عمر|عمر	N3|N1	اسم|اسم خاص اشخاص
129	،	،	،	،	O	
130	باید	باید	باید	باید	V4	فعل وجه نما
131	با	با	با	با	Pr	حرف اضافه
132	سلول‌‌ها	سلول|سل	سلول‌‌	سلول+ها|سل+ول+ها	Pl+O+N1|Pl+N1	اسم + علامت جمع|اسم + ول + علامت جمع
133	یی	ئی	یی	ئی	Ab	اختصارات
134	جدید	جدید|جد	جدید	جدید|جد+ید	O+N1|A0	صفت|اسم + فعل دوم شخص جمع
135	جایگزین	جایگزین	جایگزین	جایگزین	N1	اسم
136	شد | شو	شد | شو	شد | شو	شد | شو	O	
137	)	)	)	)	O	
138	.	.	.	.	Si	علامت نگارشی

0	به	به|به	به	به|به	N1|Pr	حرف اضافه|اسم
1	زبان	زبان	زبان	زبان	N1	اسم
2	دیگر	دیگر|دیگر|دی	دیگر	دیگر|دیگر|دی+گر	O+N1|A2|Ad	قید|صفت مبهم|اسم + گر
3	سلول	سلول|سل	سلول	سلول|سل+ول	O+N1|N1	اسم|اسم + ول
4	یک	یک	یک	یک	No	عدد حرفی
5	فرد	فرد	فرد	فرد	N1	اسم
6	سرطان	سرطان	سرطان	سرطان	N1	اسم
7	نامیرا	نامیرا	نامیرا	نامیرا	A0	صفت
8	شده	شد	شده	شد+ه	O+V3	فعل اسنادی + ه
9	و	و|و|و	و	و|و|و	Ab|Al|C0	حرف ربط|حروف الفبا|اختصارات
10	در	در|در|در|در|در	در	در|در|در|در|در	VPr|N1|N1|V6|Pr	حرف اضافه|فعل امر مثبت|اسم|اسم|پیشوند فعل
11	مقابل	مقابل|مقابل	مقابل	مقابل|مقابل	N9|A0	صفت|اسم موجود در ساختمان حرف اضافه و حرف ربط گروهی
12	مرگ	مرگ	مرگ	مرگ	N1	اسم
13	خود	خود|خود	خود	خود|خود	N1|N8	ضمیر مشترک/متقابل|اسم
14	و	و|و|و	و	و|و|و	Ab|Al|C0	حرف ربط|حروف الفبا|اختصارات
15	فرمان	فرمان|فر|فر	فرمان	فرمان|فر+مان|فر+مان	O+A0|O+N1|N1	اسم|اسم + ضمیر ملکی اول شخص جمع|صفت + ضمیر ملکی اول شخص جمع
16	طبیعی	طبیعی	طبیعی	طبیعی	A0	صفت
17	بدن	بدن	بدن	بدن	N1	اسم
18	مقاومت	مقاومت|مقاوم	مقاومت	مقاومت|مقاوم+ت	O+A0|N1	اسم|صفت + ضمیر ملکی دوم شخص مفرد
19	کرد | کن	کرد | کن	کرد | کن	کرد | کن	O	
20	ولی	ولی|ولی|ول|ول	ولی	ولی|ولی|ول+ی|ول+ی	Y+N1|Y+A0|N1|C0	حرف ربط|اسم|صفت + ی|اسم + ی
21	فرد	فرد	فرد	فرد	N1	اسم
22	سرطان	سرطان	سرطان	سرطان	N1	اسم
23	فرد	فرد	فرد	فرد	N1	اسم
24	زنده	زنده	زنده	زنده	A0	صفت
25	است	است|اس	است	است|اس+ت	O+N1|O+v1	فعل مضارع ساده:سوم شخص مفرد|اسم + ضمیر ملکی دوم شخص مفرد
26	با	با	با	با	Pr	حرف اضافه
27	اینکه	اینکه	اینکه	اینکه	Ad	قید
28	برخی	برخی|رخ|رخ	برخی	برخی|ب+رخ+ی|ب+رخ+ی	Y+N1+O|Y+N1+O|A2	صفت مبهم|ب + اسم + ی|ب + اسم + ی
29	از	از	از	از	Pr	حرف اضافه
30	اعضا	اعضا	اعضا	اعضا	N1	اسم
31	بدن	بدن	بدن	بدن	N1	اسم
32	درست	درست|درس	درست	درست|درس+ت	O+N1|A0	صفت|اسم + ضمیر ملکی دوم شخص مفرد
33	کار	کار|کار	کار	کار|کار	V6|N1	اسم|فعل امر مثبت
34	نمی‌‌کند	کن|کن	نمی‌‌کند	نمی+کن+د|نمی+کن+د	|O+v1+O+Neg|O+v1+O+Neg	فعل حال اخباری منفی:سوم شخص مفرد|فعل حال اخباری منفی:سوم شخص مفرد
35	.	.	.	.	Si	علامت نگارشی

0	زندگی	زندگی|زنده	زندگی	زندگی|زنده+گی	O+A0|N1	اسم|صفت + گی
1	ممکن	ممکن	ممکن	ممکن	A0	صفت
2	است	است|اس	است	است|اس+ت	O+N1|O+v1	فعل مضارع ساده:سوم شخص مفرد|اسم + ضمیر ملکی دوم شخص مفرد
3	به	به|به	به	به|به	N1|Pr	حرف اضافه|اسم
4	خاطر	خاطر|خاطر	خاطر	خاطر|خاطر	N9|N1	اسم|اسم موجود در ساختمان حرف اضافه و حرف ربط گروهی
5	سلول	سلول|سل	سلول	سلول|سل+ول	O+N1|N1	اسم|اسم + ول
6	عصبی	عصبی|عصب	عصبی	عصبی|عصب+ی	Y+N1|A0	صفت|اسم + ی
7	و	و|و|و	و	و|و|و	Ab|Al|C0	حرف ربط|حروف الفبا|اختصارات
8	مغز	مغز	مغز	مغز	N1	اسم
9	بود | باش	بود | باش	بود | باش	بود | باش	O	
10	که	که|که|که|که	که	که|که|که|که	N1|N1|NA|C0	حرف ربط|ضمیر پرسشی|اسم|اسم
11	در	در|در|در|در|در	در	در|در|در|در|در	VPr|N1|N1|V6|Pr	حرف اضافه|فعل امر مثبت|اسم|اسم|پیشوند فعل
12	طول	طول	طول	طول	N1	اسم
13	زندگی	زندگی|زنده	زندگی	زندگی|زنده+گی	O+A0|N1	اسم|صفت + گی
14	جایگزین	جایگزین	جایگزین	جایگزین	N1	اسم
15	شد | شو	شد | شو	شد | شو	شد | شو	O	
16	و	و|و|و	و	و|و|و	Ab|Al|C0	حرف ربط|حروف الفبا|اختصارات
17	فقط	فقط	فقط	فقط	Ad	قید
18	رشد	رشد	رشد	رشد	N1	اسم
19	کرد | کن	کرد | کن	کرد | کن	کرد | کن	O	
20	و	و|و|و	و	و|و|و	Ab|Al|C0	حرف ربط|حروف الفبا|اختصارات
21	دانست | دان	دانست | دان	دانست | دان	دانست | دان	O	
22	که	که|که|که|که	که	که|که|که|که	N1|N1|NA|C0	حرف ربط|ضمیر پرسشی|اسم|اسم
23	اگر	اگر	اگر	اگر	C0	حرف ربط
24	فرد	فرد	فرد	فرد	N1	اسم
25	اعضا	اعضا	اعضا	اعضا	N1	اسم
26	بدن	بدن	بدن	بدن	N1	اسم
27	را	را	را	را	Po	حرف اضافه پسین
28	اهدا	اهدا	اهدا	اهدا	N1	اسم
29	کند	کند|کن|کن	کند	کند|کن+د|کن+د	A0|O+v1|O+v1	صفت|فعل مضارع ساده:سوم شخص مفرد|فعل مضارع ساده:سوم شخص مفرد
30	خودش	خودش|خود	خودش	خودش|خود+ش	O+N1|N7	ضمیر تاکیدی/انعکاسی|اسم + ضمیر ملکی سوم شخص مفرد
31	باقی	باقی|اق	باقی	باقی|ب+اق+ی	Y+N1+O|N1	اسم|ب + اسم + ی
32	میماند	ماند|مان	میماند	می+ماند|می+مان+د	|v2+O|O+v1+O	فعل ماضی استمراری:سوم شخص مفرد|فعل حال اخباری:سوم شخص مفرد
33	و	و|و|و	و	و|و|و	Ab|Al|C0	حرف ربط|حروف الفبا|اختصارات
34	از	از	از	از	Pr	حرف اضافه
35	خودش	خودش|خود	خودش	خودش|خود+ش	O+N1|N7	ضمیر تاکیدی/انعکاسی|اسم + ضمیر ملکی سوم شخص مفرد
36	کم	کم|کم	کم	کم|کم	N1|A0	صفت|اسم
37	شد | شو	شد | شو	شد | شو	شد | شو	O	
38	ولی	ولی|ولی|ول|ول	ولی	ولی|ولی|ول+ی|ول+ی	Y+N1|Y+A0|N1|C0	حرف ربط|اسم|صفت + ی|اسم + ی
39	کس	کس	کس	کس	N1	اسم
40	توانست | توان	توانست | توان	توانست | توان	توانست | توان	O	
41	مغز	مغز	مغز	مغز	N1	اسم
42	را	را	را	را	Po	حرف اضافه پسین
43	عوض	عوض	عوض	عوض	N1	اسم
44	کند	کند|کن|کن	کند	کند|کن+د|کن+د	A0|O+v1|O+v1	صفت|فعل مضارع ساده:سوم شخص مفرد|فعل مضارع ساده:سوم شخص مفرد
45	.	.	.	.	Si	علامت نگارشی

0	به	به|به	به	به|به	N1|Pr	حرف اضافه|اسم
1	تعریف	تعریف	تعریف	تعریف	N1	اسم
2	دیگر	دیگر|دیگر|دی	دیگر	دیگر|دیگر|دی+گر	O+N1|A2|Ad	قید|صفت مبهم|اسم + گر
3	حیات	حیات|حی	حیات	حیات|حی+ات	Pl+A0|N1	اسم|صفت + علامت جمع
4	نحوه	نحوه|نحوه|نحو	نحوه	نحوه|نحوه|نحو+ه	O+N1|N9|N1	اسم|اسم موجود در ساختمان حرف اضافه و حرف ربط گروهی|اسم + ه
5	خاص	خاص	خاص	خاص	A0	صفت
6	از	از	از	از	Pr	حرف اضافه
7	هستی	هستی|هست|هست	هستی	هستی|هست+ی|هست+ی	Y+N1|N1|O+v1	اسم|فعل مضارع ساده:دوم شخص مفرد|اسم + ی
8	است	است|اس	است	است|اس+ت	O+N1|O+v1	فعل مضارع ساده:سوم شخص مفرد|اسم + ضمیر ملکی دوم شخص مفرد
9	که	که|که|که|که	که	که|که|که|که	N1|N1|NA|C0	حرف ربط|ضمیر پرسشی|اسم|اسم
10	مبدأ	مبدأ	مبدأ	مبدأ	N1	اسم
11	ظهور	ظهور	ظهور	ظهور	N1	اسم
12	علم	علم	علم	علم	N1	اسم
13	و	و|و|و	و	و|و|و	Ab|Al|C0	حرف ربط|حروف الفبا|اختصارات
14	قدرت	قدرت|قدر|قدر	قدرت	قدرت|قدر+ت|قدر+ت	O+A0|O+N1|N1	اسم|اسم + ضمیر ملکی دوم شخص مفرد|صفت + ضمیر ملکی دوم شخص مفرد
15	شده	شد	شده	شد+ه	O+V3	فعل اسنادی + ه
16	و	و|و|و	و	و|و|و	Ab|Al|C0	حرف ربط|حروف الفبا|اختصارات
17	عامل	عامل	عامل	عامل	N1	اسم
18	هماهنگ	هماهنگ	هماهنگ	هماهنگ	A0	صفت
19	کننده	کننده|کن|کن	کننده	کننده|کن+نده|کن+نده	O+V1|O+V1|A0	صفت|بن مضارع + نده|بن مضارع + نده
20	«	«	«	«	O	
21	اندیشه	اندیشه|اندیش	اندیشه	اندیشه|اندیش+ه	O+V1|N1	اسم|بن مضارع + ه
22	علم	علم	علم	علم	N1	اسم
23	»	»	»	»	O	
24	و	و|و|و	و	و|و|و	Ab|Al|C0	حرف ربط|حروف الفبا|اختصارات
25	«	«	«	«	O	
26	انگیزه	انگیزه|انگیز	انگیزه	انگیزه|انگیز+ه	O+V1|N1	اسم|بن مضارع + ه
27	عملی	عملی|عمل	عملی	عملی|عمل+ی	Y+N1|A0	صفت|اسم + ی
28	»	»	»	»	O	
29	است	است|اس	است	است|اس+ت	O+N1|O+v1	فعل مضارع ساده:سوم شخص مفرد|اسم + ضمیر ملکی دوم شخص مفرد
30	،	،	،	،	O	
31	به	به|به	به	به|به	N1|Pr	حرف اضافه|اسم
32	طوری	طور	طوری	طور+ی	Y+N1	اسم + ی
33	که	که|که|که|که	که	که|که|که|که	N1|N1|NA|C0	حرف ربط|ضمیر پرسشی|اسم|اسم
34	اندیشه	اندیشه|اندیش	اندیشه	اندیشه|اندیش+ه	O+V1|N1	اسم|بن مضارع + ه
35	علم	علم	علم	علم	N1	اسم
36	بر	بر|بر|بر|بر	بر	بر|بر|بر|بر	N1|VPr|V6|Pr	حرف اضافه|فعل امر مثبت|پیشوند فعل|اسم
37	انگیزه	انگیزه|انگیز	انگیزه	انگیزه|انگیز+ه	O+V1|N1	اسم|بن مضارع + ه
38	عملی	عملی|عمل	عملی	عملی|عمل+ی	Y+N1|A0	صفت|اسم + ی
39	اشراف	اشراف	اشراف	اشراف	N1	اسم
40	و	و|و|و	و	و|و|و	Ab|Al|C0	حرف ربط|حروف الفبا|اختصارات
41	نظارت	نظارت|نظار	نظارت	نظارت|نظار+ت	O+N1|N1	اسم|اسم + ضمیر ملکی دوم شخص مفرد
42	داشته	داشته|داشت|داشت	داشته	داشته|داشت+ه|داشت+ه	O+N1|O+v2|A0	صفت|ریشه ماضی + ه|اسم + ه
43	و	و|و|و	و	و|و|و	Ab|Al|C0	حرف ربط|حروف الفبا|اختصارات
44	انگیزه	انگیزه|انگیز	انگیزه	انگیزه|انگیز+ه	O+V1|N1	اسم|بن مضارع + ه
45	عملی	عملی|عمل	عملی	عملی|عمل+ی	Y+N1|A0	صفت|اسم + ی
46	تحت	تحت	تحت	تحت	Pr1	حرف اضافه گروهی
47	هدایت	هدایت	هدایت	هدایت	N1	اسم
48	اندیشه	اندیشه|اندیش	اندیشه	اندیشه|اندیش+ه	O+V1|N1	اسم|بن مضارع + ه
49	علم	علم	علم	علم	N1	اسم
50	،	،	،	،	O	
51	به	به|به	به	به|به	N1|Pr	حرف اضافه|اسم
52	صورت	صورت|صورت|صور	صورت	صورت|صورت|صور+ت	O+N1|N9|N1	اسم|اسم موجود در ساختمان حرف اضافه و حرف ربط گروهی|اسم + ضمیر ملکی دوم شخص مفرد
53	کوشش	کوشش|کوش|کوش	کوشش	کوشش|کوش+ش|کوش+ش	O+N1|N1|O+v1	اسم|فعل مضارع ساده:سوم شخص مفرد|اسم + ضمیر ملکی سوم شخص مفرد
54	عین	عین|عین	عین	عین|عین	N9|N1	اسم|اسم موجود در ساختمان حرف اضافه و حرف ربط گروهی
55	ظهور	ظهور	ظهور	ظهور	N1	اسم
56	یافت | یاب	یافت | یاب	یافت | یاب	یافت | یاب	O	
57	.	.	.	.	Si	علامت نگارشی
