0	تیم‌ایران	_	_	_	_
1	با	_	_	_	_
2	پنج‌سانداکا‌رمرد	_	_	_	_
3	و	_	_	_	_
4	سه	_	_	_	_
5	زن	_	_	_	_
6	در	_	_	_	_
7	جام	_	_	_	_
8	جهانی	_	_	_	_
9	حضور	_	_	_	_
10	یافته	_	_	_	_
11	است	_	_	_	_
12	.	_	_	_	_

0	در	_	_	_	_
1	رقابت‌های	_	_	_	_
2	نوبت	_	_	_	_
3	صبح‌یکشنبه	_	_	_	_
4	«	_	_	_	_
5	الهه	_	_	_	_
6	منصوریان»	_	_	_	_
7	،	_	_	_	_
8	«	_	_	_	_
9	فریناز‌نذیری»	_	_	_	_
10	،	_	_	_	_
11	«	_	_	_	_
12	محسن	_	_	_	_
13	محمد	_	_	_	_
14	سیفی	_	_	_	_
15	»	_	_	_	_
16	و	_	_	_	_
17	«	_	_	_	_
18	میلادعارفی‌مقام	_	_	_	_
19	»	_	_	_	_
20	با	_	_	_	_
21	برتری	_	_	_	_
22	برابر	_	_	_	_
23	حریفان	_	_	_	_
24	به	_	_	_	_
25	مدال‌طلا	_	_	_	_
26	دست	_	_	_	_
27	یافتند	_	_	_	_
28	تا	_	_	_	_
29	تعداد	_	_	_	_
30	نشان‌های	_	_	_	_
31	زرین‌تیم	_	_	_	_
32	کشورمان	_	_	_	_
33	به	_	_	_	_
34	عدد	_	_	_	_
35	۵	_	_	_	_
36	برسد	_	_	_	_
37	.	_	_	_	_

0	روز	_	_	_	_
1	اول	_	_	_	_
2	نیز	_	_	_	_
3	«	_	_	_	_
4	شهر	_	_	_	_

0	بانو	_	_	_	_
1	منصوریان	_	_	_	_
2	»	_	_	_	_
3	به	_	_	_	_
4	نشان	_	_	_	_
5	طلای	_	_	_	_
6	وزن	_	_	_	_
7	۶۵	_	_	_	_
8	کیلوگرم	_	_	_	_
9	رسیده	_	_	_	_

0	بود	_	_	_	_
1	.	_	_	_	_

0	لازم	_	_	_	_
1	به	_	_	_	_
2	ذکر	_	_	_	_
3	است	_	_	_	_
4	که	_	_	_	_
5	عصر	_	_	_	_
6	یکشنبه	_	_	_	_
7	«	_	_	_	_
8	یوسف	_	_	_	_
9	صبری	_	_	_	_
10	»	_	_	_	_
11	و	_	_	_	_
12	«	_	_	_	_
13	معین	_	_	_	_
14	تقوی	_	_	_	_
15	»	_	_	_	_
16	هم	_	_	_	_
17	برای	_	_	_	_
18	کسب	_	_	_	_
19	مدال	_	_	_	_
20	طلا	_	_	_	_
21	به	_	_	_	_
22	مصاف	_	_	_	_
23	حریفان	_	_	_	_
24	می‌روند	_	_	_	_
25	.	_	_	_	_

0	تیم	_	_	_	_
1	صدر	_	_	_	_
2	شیمی	_	_	_	_
3	با	_	_	_	_
4	غلبه	_	_	_	_
5	بر	_	_	_	_
6	همشهری	_	_	_	_
7	مقتدر	_	_	_	_
8	خود	_	_	_	_
9	عنوان	_	_	_	_
10	قهرمانی	_	_	_	_
11	مسابقات	_	_	_	_
12	کشوری	_	_	_	_
13	را	_	_	_	_
14	از	_	_	_	_
15	آن	_	_	_	_
16	خود	_	_	_	_
17	کرد	_	_	_	_
18	.	_	_	_	_

0	در	_	_	_	_
1	دیدار	_	_	_	_
2	فینال‌تیم	_	_	_	_
3	صدر	_	_	_	_
4	شیمی	_	_	_	_
5	یزد	_	_	_	_
6	موفق	_	_	_	_
7	شد	_	_	_	_
8	با	_	_	_	_
9	نتیجه	_	_	_	_
10	۲	_	_	_	_
11	بر	_	_	_	_
12	۱	_	_	_	_
13	تیم	_	_	_	_
14	گلسا	_	_	_	_
15	پوش	_	_	_	_
16	یزد	_	_	_	_
17	را	_	_	_	_
18	که	_	_	_	_
19	از	_	_	_	_
20	بازیکنان	_	_	_	_
21	ملی‌پوش	_	_	_	_
22	سود	_	_	_	_
23	می‌برد	_	_	_	_
24	شکست‌داده	_	_	_	_
25	و	_	_	_	_
26	به	_	_	_	_
27	مقام‌قهرمانی	_	_	_	_
28	دست	_	_	_	_

0	یابد	_	_	_	_
1	.	_	_	_	_

0	در	_	_	_	_
1	دیدار	_	_	_	_
2	رده‌بندی	_	_	_	_
3	نیز	_	_	_	_
4	تیم	_	_	_	_
5	پرسپولیس	_	_	_	_
6	مردآباد	_	_	_	_
7	با	_	_	_	_
8	شکست	_	_	_	_
9	تیم	_	_	_	_
10	هیأت	_	_	_	_
11	روستایی	_	_	_	_
12	خراسان	_	_	_	_
13	شمالی	_	_	_	_
14	مقام	_	_	_	_
15	سوم	_	_	_	_
16	این	_	_	_	_
17	مسابقات	_	_	_	_
18	را	_	_	_	_
19	از	_	_	_	_
20	آن	_	_	_	_
21	خود	_	_	_	_
22	کرد	_	_	_	_
23	به	_	_	_	_
24	گزارش	_	_	_	_
25	خبرگزاری	_	_	_	_
26	فارس	_	_	_	_
27	،	_	_	_	_
28	سردار	_	_	_	_
29	غلامرضا	_	_	_	_
30	جلالی	_	_	_	_
31	رییس	_	_	_	_
32	سازمان	_	_	_	_
33	پدافند	_	_	_	_
34	غیر	_	_	_	_
35	عامل	_	_	_	_
36	طی‌نشست	_	_	_	_
37	خبری	_	_	_	_
38	که	_	_	_	_
39	به	_	_	_	_
40	مناسبت	_	_	_	_
41	۸	_	_	_	_
42	آبان	_	_	_	_
43	سالروز	_	_	_	_
44	تشکیل	_	_	_	_
45	این	_	_	_	_
46	سازمان	_	_	_	_
47	برگزار	_	_	_	_
48	شد	_	_	_	_
49	،	_	_	_	_
50	ماموریت	_	_	_	_
51	اول	_	_	_	_
52	سازمان	_	_	_	_
53	پدافند	_	_	_	_
54	غیرعامل	_	_	_	_
55	را	_	_	_	_
56	دیده‌بانی	_	_	_	_
57	نسبت‌به	_	_	_	_
58	تهدیدات	_	_	_	_
59	،	_	_	_	_
60	تشخیص‌تهدیدات	_	_	_	_
61	و	_	_	_	_
62	هشدار	_	_	_	_
63	در	_	_	_	_
64	حوزه‌های	_	_	_	_
65	مختلف	_	_	_	_
66	دانست	_	_	_	_
67	و	_	_	_	_
68	اظهار	_	_	_	_
69	داشت	_	_	_	_
70	:	_	_	_	_

0	دو	_	_	_	_
1	مین‌ما	_	_	_	_
2	موریت	_	_	_	_
3	این	_	_	_	_
4	سازمان	_	_	_	_
5	،	_	_	_	_
6	کاهش	_	_	_	_
7	آسیب‌پذیری	_	_	_	_
8	کل	_	_	_	_
9	زیر	_	_	_	_
10	ساخت‌های‌کشور	_	_	_	_
11	و	_	_	_	_
12	شهرها	_	_	_	_
13	دربرابر	_	_	_	_
14	تهدیدات	_	_	_	_
15	امنیتی	_	_	_	_
16	است	_	_	_	_
17	که	_	_	_	_
18	به	_	_	_	_
19	صورت	_	_	_	_
20	مداوم	_	_	_	_
21	و	_	_	_	_
22	متغیر	_	_	_	_
23	دنبال	_	_	_	_
24	می‌شود	_	_	_	_
25	و	_	_	_	_
26	ماموریت	_	_	_	_
27	سوم	_	_	_	_
28	نیز	_	_	_	_
29	مصون‌سازی	_	_	_	_
30	زیر	_	_	_	_
31	ساخت‌های	_	_	_	_
32	کل	_	_	_	_
33	کشور	_	_	_	_
34	است	_	_	_	_
35	.	_	_	_	_

0	وی	_	_	_	_
1	خاطرنشان	_	_	_	_
2	کرد	_	_	_	_
3	:	_	_	_	_

0	درمورد	_	_	_	_
1	‌حضور	_	_	_	_
2	پدافند	_	_	_	_
3	غیر	_	_	_	_
4	عامل	_	_	_	_
5	در	_	_	_	_
6	شورای‌عالی	_	_	_	_
7	فضای	_	_	_	_
8	مجازی	_	_	_	_
9	و	_	_	_	_
10	گردشگری	_	_	_	_
11	با	_	_	_	_
12	رهبری	_	_	_	_
13	نامه‌نگاری	_	_	_	_
14	شده	_	_	_	_
15	که	_	_	_	_
16	مورد	_	_	_	_
17	موافقت	_	_	_	_
18	قرار	_	_	_	_
19	گرفته	_	_	_	_
20	است	_	_	_	_
21	.	_	_	_	_

0	جلالی	_	_	_	_
1	با	_	_	_	_
2	بیان	_	_	_	_
3	اینکه	_	_	_	_
4	۶۰	_	_	_	_
5	محصول	_	_	_	_
6	استراتژیک	_	_	_	_
7	پدافند	_	_	_	_
8	سایبری	_	_	_	_
9	بومی	_	_	_	_
10	کشور	_	_	_	_
11	را	_	_	_	_
12	ارایه	_	_	_	_
13	خواهیم	_	_	_	_
14	داد	_	_	_	_
15	،	_	_	_	_
16	گفت	_	_	_	_
17	:	_	_	_	_

0	۵	_	_	_	_
1	محصول	_	_	_	_
2	اسکادای	_	_	_	_
3	بومی	_	_	_	_
4	نیز	_	_	_	_
5	که	_	_	_	_
6	برای	_	_	_	_
7	کنترل	_	_	_	_
8	و	_	_	_	_
9	دیسپاچینگ	_	_	_	_
10	بکار	_	_	_	_
11	می	_	_	_	_
12	رود	_	_	_	_

0	،	_	_	_	_
1	توسط	_	_	_	_
2	متخصصان‌داخلی	_	_	_	_
3	ساخته	_	_	_	_
4	شده	_	_	_	_
5	است	_	_	_	_
6	.	_	_	_	_

0	یک	_	_	_	_
1	بازدیدکننده	_	_	_	_
2	در	_	_	_	_
3	روز	_	_	_	_
4	افتتاح	_	_	_	_
5	«	_	_	_	_
6	کتابخانه	_	_	_	_
7	حلزونی	_	_	_	_
8	»	_	_	_	_
9	در	_	_	_	_
10	شهر	_	_	_	_
11	هانگ‌ژو	_	_	_	_
12	در	_	_	_	_
13	استان	_	_	_	_
14	ژجیانگ	_	_	_	_
15	در	_	_	_	_
16	چین	_	_	_	_
17	سلفی‌می‌گیرد	_	_	_	_
18	.	_	_	_	_

0	این	_	_	_	_
1	کتابخانه	_	_	_	_
2	با	_	_	_	_
3	هدف	_	_	_	_
4	ارایه	_	_	_	_
5	منابع‌آنلاین	_	_	_	_
6	در	_	_	_	_
7	کنار	_	_	_	_
8	کتابخانه	_	_	_	_
9	و	_	_	_	_
10	منابع	_	_	_	_
11	سنتی	_	_	_	_
12	ایجاد	_	_	_	_
13	شده	_	_	_	_
14	است	_	_	_	_
15	.	_	_	_	_

0	کوچک	_	_	_	_
1	پا	_	_	_	_
2	،	_	_	_	_
3	داستان	_	_	_	_
4	یک	_	_	_	_
5	«	_	_	_	_
6	یتی	_	_	_	_
7	»	_	_	_	_
8	(مرد	_	_	_	_
9	برفی)	_	_	_	_
10	دانشمند	_	_	_	_
11	است	_	_	_	_
12	که	_	_	_	_
13	متقاعد	_	_	_	_
14	شده	_	_	_	_
15	موجودات	_	_	_	_
16	نادری	_	_	_	_
17	که	_	_	_	_
18	بانام	_	_	_	_
19	«	_	_	_	_
20	کوچک‌پا»‌ها	_	_	_	_
21	(انسان‌ها»	_	_	_	_
22	،	_	_	_	_
23	واقعاً	_	_	_	_
24	وجود	_	_	_	_
25	دارند	_	_	_	_
26	!	_	_	_	_

0	اکران‌جهانی	_	_	_	_
1	این	_	_	_	_
2	انیمیشن	_	_	_	_
3	جذاب	_	_	_	_
4	،	_	_	_	_
5	از	_	_	_	_
6	ششم‌مهر	_	_	_	_
7	آغازشده	_	_	_	_
8	و	_	_	_	_
9	احتمالاً	_	_	_	_
10	تا	_	_	_	_
11	مدتی	_	_	_	_
12	دیگر	_	_	_	_
13	نسخه‌ی	_	_	_	_
14	دوبله‌ی	_	_	_	_
15	آن	_	_	_	_
16	به	_	_	_	_
17	سینماها	_	_	_	_
18	و	_	_	_	_
19	شبکه‌ی‌نمایش	_	_	_	_
20	خانگی	_	_	_	_
21	ما	_	_	_	_
22	هم	_	_	_	_
23	می‌رسد	_	_	_	_
24	.	_	_	_	_

0	به	_	_	_	_
1	همین	_	_	_	_
2	مناسبت	_	_	_	_
3	ترجمه‌ی	_	_	_	_
4	گفت‌وگویی	_	_	_	_
5	را	_	_	_	_
6	با	_	_	_	_
7	این	_	_	_	_
8	کارگردان	_	_	_	_
9	برای	_	_	_	_
10	شما	_	_	_	_
11	انتخاب	_	_	_	_
12	کرده‌ایم	_	_	_	_
13	تا	_	_	_	_
14	بیش‌تر	_	_	_	_
15	باحال	_	_	_	_
16	و	_	_	_	_
17	هوای	_	_	_	_
18	این	_	_	_	_
19	داستان	_	_	_	_
20	متفاوت	_	_	_	_
21	و	_	_	_	_
22	عجیب	_	_	_	_
23	از	_	_	_	_
24	زندگی	_	_	_	_
25	یتی‌ها	_	_	_	_
26	آشنا	_	_	_	_
27	شویم	_	_	_	_
28	.	_	_	_	_

0	زمانی‌که	_	_	_	_
1	بحث	_	_	_	_
2	هم‌کاری	_	_	_	_
3	با	_	_	_	_
4	پروژه‌ی	_	_	_	_
5	کوچک‌پا	_	_	_	_
6	را	_	_	_	_
7	به	_	_	_	_
8	من	_	_	_	_
9	پیشنهاد	_	_	_	_
10	دادند	_	_	_	_
11	،	_	_	_	_
12	با	_	_	_	_
13	«	_	_	_	_
14	بر	_	_	_	_
15	گزیت	_	_	_	_
16	»	_	_	_	_
17	(خروج	_	_	_	_
18	انگلیس	_	_	_	_
19	از	_	_	_	_
20	اتحاد	_	_	_	_
21	یه‌ی‌ار	_	_	_	_
22	و	_	_	_	_
23	پا)	_	_	_	_
24	هم‌زمان	_	_	_	_
25	بود	_	_	_	_
26	.	_	_	_	_

0	انتخابات	_	_	_	_
1	برگزار	_	_	_	_
2	شد	_	_	_	_
3	.	_	_	_	_

0	در	_	_	_	_
1	جهان	_	_	_	_
2	موج	_	_	_	_
3	مهاجرت	_	_	_	_
4	آغاز	_	_	_	_
5	شده	_	_	_	_
6	بود	_	_	_	_
7	.	_	_	_	_

0	گروهی	_	_	_	_
1	از	_	_	_	_
2	مردم	_	_	_	_
3	روزبه‌روز	_	_	_	_
4	به	_	_	_	_
5	سمت	_	_	_	_
6	قوم‌گرایی	_	_	_	_
7	و	_	_	_	_
8	انزواطلبی	_	_	_	_
9	گرایش	_	_	_	_
10	پیدا	_	_	_	_
11	می‌کردند	_	_	_	_
12	و	_	_	_	_
13	مذاکرات	_	_	_	_
14	زیادی	_	_	_	_
15	برای	_	_	_	_
16	تقویت	_	_	_	_
17	مرزبندی	_	_	_	_
18	بین	_	_	_	_
19	کشورها	_	_	_	_
20	،	_	_	_	_
21	مثل	_	_	_	_
22	دیوارکشی	_	_	_	_
23	بین	_	_	_	_
24	مکزیک	_	_	_	_
25	و	_	_	_	_
26	آمریکا	_	_	_	_
27	در	_	_	_	_
28	جریان	_	_	_	_
29	بود	_	_	_	_
30	.	_	_	_	_

0	نه	_	_	_	_
1	،	_	_	_	_
2	انیمیشن‌ها	_	_	_	_
3	عموماً	_	_	_	_
4	درطول	_	_	_	_
5	پروسه‌ی	_	_	_	_
6	تولید	_	_	_	_
7	،	_	_	_	_
8	دست‌خوش	_	_	_	_
9	تغییرات	_	_	_	_
10	زیادی	_	_	_	_
11	می‌شوند	_	_	_	_
12	.	_	_	_	_

0	درباره‌ی	_	_	_	_
1	این	_	_	_	_
2	فیلم	_	_	_	_
3	هم	_	_	_	_
4	،	_	_	_	_
5	آمدن	_	_	_	_
6	من	_	_	_	_
7	هم‌زمان	_	_	_	_
8	شد	_	_	_	_
9	با	_	_	_	_
10	تغییر	_	_	_	_
11	مدیریت	_	_	_	_
12	در	_	_	_	_
13	بخش	_	_	_	_
14	انیمیشن	_	_	_	_
15	استودیوی	_	_	_	_
16	«	_	_	_	_
17	برادران	_	_	_	_
18	وارنر»	_	_	_	_
19	.	_	_	_	_

0	آن‌ها	_	_	_	_
1	کار	_	_	_	_
2	موزیکالی	_	_	_	_
3	را	_	_	_	_
4	از	_	_	_	_
5	من	_	_	_	_
6	در	_	_	_	_
7	«	_	_	_	_
8	براد	_	_	_	_
9	وی	_	_	_	_
10	»	_	_	_	_
11	دیده	_	_	_	_
12	بودند	_	_	_	_
13	و	_	_	_	_
14	خواستند	_	_	_	_
15	که	_	_	_	_
16	کوچک‌پا	_	_	_	_
17	هم	_	_	_	_
18	موزیکال	_	_	_	_
19	شود	_	_	_	_
20	.	_	_	_	_

0	شاید	_	_	_	_
1	سخت	_	_	_	_
2	باشد	_	_	_	_
3	که	_	_	_	_
4	بپذیریم	_	_	_	_
5	استودیوی	_	_	_	_
6	وارنر	_	_	_	_
7	هم	_	_	_	_
8	می‌تواند	_	_	_	_
9	به‌خوبی	_	_	_	_
10	استودیوهای	_	_	_	_
11	«	_	_	_	_
12	دیزنی»	_	_	_	_
13	،	_	_	_	_
14	«	_	_	_	_
15	پیکسار	_	_	_	_
16	»	_	_	_	_
17	یا	_	_	_	_
18	«	_	_	_	_
19	دریم‌ورکز»	_	_	_	_
20	،	_	_	_	_
21	موزیکالی	_	_	_	_
22	موفق	_	_	_	_
23	بسازد	_	_	_	_
24	.	_	_	_	_

0	اما	_	_	_	_
1	باتمام	_	_	_	_
2	احترامی	_	_	_	_
3	که	_	_	_	_
4	برای	_	_	_	_
5	کمپانی‌های	_	_	_	_
6	دیگر	_	_	_	_
7	قایلم	_	_	_	_
8	باید	_	_	_	_
9	بگویم	_	_	_	_
10	،	_	_	_	_
11	بخش	_	_	_	_
12	بزرگی	_	_	_	_
13	از	_	_	_	_
14	دنیای	_	_	_	_
15	کودکی	_	_	_	_
16	و	_	_	_	_
17	نوجوانی	_	_	_	_
18	ما	_	_	_	_
19	با	_	_	_	_
20	«	_	_	_	_
21	با	_	_	_	_
22	گزبانی»	_	_	_	_
23	،	_	_	_	_
24	«	_	_	_	_
25	دافی‌داک	_	_	_	_
26	»	_	_	_	_
27	و	_	_	_	_
28	«	_	_	_	_
29	چاک‌جونز	_	_	_	_
30	»	_	_	_	_
31	سپری‌شده	_	_	_	_
32	و	_	_	_	_
33	استودیوی	_	_	_	_
34	وارنر	_	_	_	_
35	خیلی	_	_	_	_
36	پیش‌تر	_	_	_	_
37	از	_	_	_	_
38	این	_	_	_	_
39	،	_	_	_	_
40	قدرتش	_	_	_	_
41	را	_	_	_	_
42	در	_	_	_	_
43	تولید	_	_	_	_
44	انیمیشن‌های	_	_	_	_
45	به‌یادماندنی	_	_	_	_
46	نشان	_	_	_	_
47	داده	_	_	_	_
48	است	_	_	_	_
49	.	_	_	_	_

0	این	_	_	_	_
1	را	_	_	_	_
2	به‌خلاقیت	_	_	_	_
3	تدوین	_	_	_	_
4	گرمان	_	_	_	_
5	،	_	_	_	_
6	یعنی	_	_	_	_
7	«	_	_	_	_
8	پیتر	_	_	_	_
9	اتینگر	_	_	_	_
10	»	_	_	_	_
11	مدیونیم	_	_	_	_
12	.	_	_	_	_

0	او	_	_	_	_
1	کلمه‌هایی	_	_	_	_
2	را	_	_	_	_
3	تصادفی	_	_	_	_
4	اتنخاب	_	_	_	_
5	می‌کرد	_	_	_	_
6	و	_	_	_	_
7	گام‌های	_	_	_	_
8	آن	_	_	_	_
9	را	_	_	_	_
10	تغییر	_	_	_	_
11	می‌داد	_	_	_	_
12	.	_	_	_	_

0	او	_	_	_	_
1	به	_	_	_	_
2	فرمولی	_	_	_	_
3	رسید	_	_	_	_
4	و	_	_	_	_
5	آن	_	_	_	_
6	را	_	_	_	_
7	در	_	_	_	_
8	تمام‌انیمیشن	_	_	_	_
9	،	_	_	_	_
10	به‌کار	_	_	_	_
11	برد	_	_	_	_
12	.	_	_	_	_

0	وقتی	_	_	_	_
1	برای	_	_	_	_
2	اولین‌بار	_	_	_	_
3	آن‌ها	_	_	_	_
4	را	_	_	_	_
5	شنیدیم	_	_	_	_
6	همه	_	_	_	_
7	به	_	_	_	_
8	خنده	_	_	_	_
9	افتادیم	_	_	_	_
10	.	_	_	_	_

0	به	_	_	_	_
1	نظرم	_	_	_	_
2	بامزه‌ترین	_	_	_	_
3	دیالوگ	_	_	_	_
4	آن‌جاست	_	_	_	_
5	که	_	_	_	_
6	شخصیت	_	_	_	_
7	«	_	_	_	_
8	پرسی	_	_	_	_
9	»	_	_	_	_
10	می‌گوید	_	_	_	_
11	:	_	_	_	_

0	«	_	_	_	_
1	بگیر-تو-دا-بی-لا-بو	_	_	_	_
2	!	_	_	_	_
3	»	_	_	_	_

0	با	_	_	_	_
1	شما	_	_	_	_
2	موافقم	_	_	_	_
3	و	_	_	_	_
4	به	_	_	_	_
5	این	_	_	_	_
6	فهرست	_	_	_	_
7	دو	_	_	_	_
8	انیمیشن	_	_	_	_
9	دوست‌داشتنی	_	_	_	_
10	«	_	_	_	_
11	لک	_	_	_	_
12	لک‌ها	_	_	_	_
13	»	_	_	_	_
14	و	_	_	_	_
15	«	_	_	_	_
16	لگو	_	_	_	_
17	»	_	_	_	_
18	را	_	_	_	_
19	هم	_	_	_	_
20	اضافه‌می‌کنم	_	_	_	_
21	.	_	_	_	_

0	اما	_	_	_	_
1	برگردیم	_	_	_	_
2	به	_	_	_	_
3	کوچک	_	_	_	_
4	پا	_	_	_	_
5	.	_	_	_	_

0	به	_	_	_	_
1	نظرم	_	_	_	_
2	لایه‌های	_	_	_	_
3	بسیاری	_	_	_	_
4	در	_	_	_	_
5	این	_	_	_	_
6	انیمیشن	_	_	_	_
7	وجود	_	_	_	_
8	دارد	_	_	_	_
9	؛	_	_	_	_
10	طنز	_	_	_	_
11	،	_	_	_	_
12	موسیقی	_	_	_	_
13	،	_	_	_	_
14	داستان	_	_	_	_
15	،	_	_	_	_
16	پیام‌هایی	_	_	_	_
17	پیرامون	_	_	_	_
18	آفرینش	_	_	_	_
19	،	_	_	_	_
20	کشف	_	_	_	_
21	جهان	_	_	_	_
22	و..	_	_	_	_
23	.	_	_	_	_

0	رییس‌جمهور	_	_	_	_
1	بعدی‌گر	_	_	_	_
2	جستان	_	_	_	_
3	در	_	_	_	_
4	سال	_	_	_	_
5	۲۰۲۴	_	_	_	_
6	میلادی	_	_	_	_
7	توسط	_	_	_	_
8	یک	_	_	_	_
9	کالج	_	_	_	_
10	انتخاباتی	_	_	_	_
11	که	_	_	_	_
12	متشکل	_	_	_	_
13	از	_	_	_	_
14	۳۰۰	_	_	_	_
15	عضو	_	_	_	_
16	است	_	_	_	_
17	،	_	_	_	_
18	انتخاب	_	_	_	_
19	خواهد	_	_	_	_
20	شد	_	_	_	_
21	.	_	_	_	_

0	این	_	_	_	_
1	تغییر	_	_	_	_
2	قانون	_	_	_	_
3	اساسی	_	_	_	_
4	در	_	_	_	_
5	سپتامبر	_	_	_	_
6	سال	_	_	_	_
7	۲۰۱۷	_	_	_	_
8	میلادی	_	_	_	_
9	اتخاذ	_	_	_	_
10	شد	_	_	_	_
11	؛	_	_	_	_
12	اقدامی	_	_	_	_
13	که	_	_	_	_
14	ازسوی	_	_	_	_
15	احزاب	_	_	_	_
16	اپوزیسیون	_	_	_	_
17	مورد	_	_	_	_
18	انتقاد	_	_	_	_
19	قرار‌گرفته	_	_	_	_
20	و	_	_	_	_
21	آن	_	_	_	_
22	را	_	_	_	_
23	به	_	_	_	_
24	عنوان	_	_	_	_
25	اقدامی	_	_	_	_
26	به	_	_	_	_
27	نفع	_	_	_	_
28	حزب	_	_	_	_
29	حاکم	_	_	_	_
30	محکوم‌کردند	_	_	_	_
31	.	_	_	_	_

0	گیورگی	_	_	_	_
1	مارگولاشویلی	_	_	_	_
2	،	_	_	_	_
3	رییس‌جمهور	_	_	_	_
4	در	_	_	_	_
5	حال	_	_	_	_
6	کناره‌گیری	_	_	_	_
7	گرجستان	_	_	_	_
8	از	_	_	_	_
9	نامزدی	_	_	_	_
10	در	_	_	_	_
11	انتخابات	_	_	_	_
12	برای	_	_	_	_
13	دومین	_	_	_	_
14	دوره	_	_	_	_
15	متوالی	_	_	_	_
16	امتناع	_	_	_	_
17	و	_	_	_	_
18	تاکید	_	_	_	_
19	‌کرد	_	_	_	_
20	تمایل	_	_	_	_
21	ندارد	_	_	_	_
22	نقشی	_	_	_	_
23	را	_	_	_	_
24	که	_	_	_	_
25	کم	_	_	_	_
26	رنگ‌وتشریفاتی	_	_	_	_
27	شده	_	_	_	_
28	،	_	_	_	_
29	برعهده	_	_	_	_
30	گیرد	_	_	_	_
31	.	_	_	_	_

0	کنگره	_	_	_	_
1	جهانی	_	_	_	_
2	است	_	_	_	_
3	که	_	_	_	_
4	در	_	_	_	_
5	دنیا	_	_	_	_
6	نظیر	_	_	_	_
7	ندارد	_	_	_	_
8	،	_	_	_	_
9	اظهار	_	_	_	_
10	داشت	_	_	_	_
11	:	_	_	_	_

0	دشمنان	_	_	_	_
1	اسلام	_	_	_	_
2	از	_	_	_	_
3	برپایی	_	_	_	_
4	این	_	_	_	_
5	عظمت	_	_	_	_
6	عصبانی	_	_	_	_
7	هستند	_	_	_	_
8	.	_	_	_	_

0	همانطور	_	_	_	_
1	که	_	_	_	_
2	امام‌خمینی	_	_	_	_
3	(ره)	_	_	_	_
4	فرمودند	_	_	_	_
5	«	_	_	_	_
6	راه	_	_	_	_
7	قدس	_	_	_	_
8	از	_	_	_	_
9	کربلا	_	_	_	_
10	می‌گذرد»	_	_	_	_
11	،	_	_	_	_
12	این	_	_	_	_
13	حضور	_	_	_	_
14	میلیونی	_	_	_	_
15	زایران	_	_	_	_
16	اربعین	_	_	_	_
17	زمینه‌ساز	_	_	_	_
18	همین	_	_	_	_
19	فرمایش	_	_	_	_
20	ایشان	_	_	_	_
21	است	_	_	_	_
22	.	_	_	_	_

0	وی	_	_	_	_
1	با	_	_	_	_
2	اشاره	_	_	_	_
3	به	_	_	_	_
4	اینکه	_	_	_	_
5	حماسه	_	_	_	_
6	پیاده‌روی	_	_	_	_
7	اربعین	_	_	_	_
8	انقدر	_	_	_	_
9	عظیم	_	_	_	_
10	است	_	_	_	_
11	که	_	_	_	_
12	هیچ	_	_	_	_
13	گروه	_	_	_	_
14	و	_	_	_	_
15	دولتی	_	_	_	_
16	نمی‌تواند	_	_	_	_
17	مدعی	_	_	_	_
18	باشد	_	_	_	_
19	که	_	_	_	_
20	به	_	_	_	_
21	تنهایی	_	_	_	_
22	این	_	_	_	_
23	حضور	_	_	_	_
24	میلیونی	_	_	_	_
25	را	_	_	_	_
26	اداره	_	_	_	_
27	می‌کند	_	_	_	_
28	،	_	_	_	_
29	افزود	_	_	_	_
30	:	_	_	_	_

0	این	_	_	_	_
1	حماسه	_	_	_	_
2	عظیم	_	_	_	_
3	یک	_	_	_	_
4	حرکت	_	_	_	_
5	مردمی	_	_	_	_
6	است	_	_	_	_
7	که	_	_	_	_
8	خود	_	_	_	_
9	مردم	_	_	_	_
10	آن	_	_	_	_
11	را	_	_	_	_
12	اداره	_	_	_	_
13	می‌کنند	_	_	_	_
14	.	_	_	_	_

0	حجت‌الاسلام	_	_	_	_
1	نجفی	_	_	_	_
2	با	_	_	_	_
3	بیان	_	_	_	_
4	اینکه	_	_	_	_
5	در	_	_	_	_
6	بازدید	_	_	_	_
7	از	_	_	_	_
8	موکب‌ها	_	_	_	_
9	دیدیم	_	_	_	_
10	که	_	_	_	_
11	خا	_	_	_	_
12	دمان	_	_	_	_
13	و	_	_	_	_
14	زایران	_	_	_	_
15	با	_	_	_	_
16	تمام‌مشکلات	_	_	_	_
17	از	_	_	_	_
18	اقتصادی	_	_	_	_
19	یا	_	_	_	_
20	حتی	_	_	_	_
21	آب‌وهوایی	_	_	_	_
22	بااخلاص	_	_	_	_
23	به	_	_	_	_
24	خدمت‌رسانی	_	_	_	_
25	مشغول	_	_	_	_
26	هستند	_	_	_	_
27	،	_	_	_	_
28	گفت	_	_	_	_
29	:	_	_	_	_

0	یقین	_	_	_	_
1	دارم	_	_	_	_
2	که	_	_	_	_
3	پیاده‌روی	_	_	_	_
4	اربعین	_	_	_	_
5	امسال	_	_	_	_
6	از	_	_	_	_
7	سال‌های	_	_	_	_
8	گذشته	_	_	_	_
9	باشکوه‌تر	_	_	_	_
10	خواهد	_	_	_	_
11	بود	_	_	_	_
12	و	_	_	_	_
13	هیچ‌کسی	_	_	_	_
14	اجازه	_	_	_	_
15	نمی‌دهد	_	_	_	_
16	که	_	_	_	_
17	این	_	_	_	_
18	حرکت	_	_	_	_
19	عظیم	_	_	_	_
20	کم‌رنگ	_	_	_	_
21	شود	_	_	_	_
22	.	_	_	_	_

0	نماینده	_	_	_	_
1	مقام	_	_	_	_
2	معظم	_	_	_	_
3	رهبری	_	_	_	_
4	در	_	_	_	_
5	کربلا	_	_	_	_
6	خاطرنشان	_	_	_	_
7	کرد	_	_	_	_
8	:	_	_	_	_

0	خدمت	_	_	_	_
1	به	_	_	_	_
2	زایران	_	_	_	_
3	اربعین	_	_	_	_
4	هدیه	_	_	_	_
5	الهی	_	_	_	_
6	است	_	_	_	_
7	که	_	_	_	_
8	نصیب	_	_	_	_
9	محبان	_	_	_	_
10	اهل‌بیت	_	_	_	_
11	(ع)	_	_	_	_
12	شده	_	_	_	_
13	است	_	_	_	_
14	.	_	_	_	_

0	خدا	_	_	_	_
1	را	_	_	_	_
2	شکر	_	_	_	_
3	که	_	_	_	_
4	پرچم	_	_	_	_
5	امام	_	_	_	_
6	حسین	_	_	_	_
7	(ع)	_	_	_	_
8	برسر	_	_	_	_
9	همه	_	_	_	_
10	ما	_	_	_	_
11	گسترده	_	_	_	_
12	شده	_	_	_	_
13	است	_	_	_	_
14	.	_	_	_	_

0	وی	_	_	_	_
1	ضمن	_	_	_	_
2	مثبت	_	_	_	_
3	ارزیابی	_	_	_	_
4	کردن	_	_	_	_
5	خدمات	_	_	_	_
6	ارایه‌شده	_	_	_	_
7	در	_	_	_	_
8	موکب‌های	_	_	_	_
9	اربعین	_	_	_	_
10	گفت	_	_	_	_
11	:	_	_	_	_

0	از	_	_	_	_
1	همه	_	_	_	_
2	موکب	_	_	_	_
3	داران	_	_	_	_
4	تشکر	_	_	_	_
5	و	_	_	_	_
6	سلام	_	_	_	_
7	مقام	_	_	_	_
8	معظم	_	_	_	_
9	رهبری	_	_	_	_
10	را	_	_	_	_
11	به	_	_	_	_
12	آنها	_	_	_	_
13	ابلاغ	_	_	_	_
14	می‌کنم	_	_	_	_
15	.	_	_	_	_

0	به	_	_	_	_
1	گزارش	_	_	_	_
2	مهر	_	_	_	_
3	،	_	_	_	_
4	محمدرضا	_	_	_	_
5	حسین‌زاده	_	_	_	_
6	اظهار	_	_	_	_
7	داشت	_	_	_	_
8	:	_	_	_	_

0	درخواست	_	_	_	_
1	کردیم	_	_	_	_
2	اگر	_	_	_	_
3	اجازه	_	_	_	_
4	افزایش	_	_	_	_
5	تعداد	_	_	_	_
6	باجه‌ها	_	_	_	_
7	و	_	_	_	_
8	همچنین	_	_	_	_
9	افزایش	_	_	_	_
10	ساعات‌کار	_	_	_	_
11	و	_	_	_	_
12	شبانه‌روزی	_	_	_	_
13	کردن	_	_	_	_
14	آن‌ها	_	_	_	_
15	را	_	_	_	_
16	نمی‌دهند	_	_	_	_
17	،	_	_	_	_
18	لااقل	_	_	_	_
19	اجازه	_	_	_	_
20	بدهند	_	_	_	_
21	دینار	_	_	_	_
22	های‌موجود	_	_	_	_
23	را	_	_	_	_
24	به	_	_	_	_
25	داخل	_	_	_	_
26	مرز	_	_	_	_
27	ایران	_	_	_	_
28	منتقل	_	_	_	_
29	کنیم	_	_	_	_
30	تا	_	_	_	_
31	در	_	_	_	_
32	کشورمان	_	_	_	_
33	و	_	_	_	_
34	در	_	_	_	_
35	لب	_	_	_	_
36	مرز	_	_	_	_
37	به	_	_	_	_
38	زایران	_	_	_	_
39	پرداخت‌شود	_	_	_	_
40	که	_	_	_	_
41	متأسفانه	_	_	_	_
42	طرف	_	_	_	_
43	عراقی	_	_	_	_
44	با	_	_	_	_
45	این	_	_	_	_
46	پیشنهاد	_	_	_	_
47	هم	_	_	_	_
48	موافقت	_	_	_	_
49	نکرده	_	_	_	_
50	است	_	_	_	_
51	.	_	_	_	_


