0	از	_	_	_	_
1	آتشی	_	_	_	_
2	که	_	_	_	_
3	افروختم	_	_	_	_
4	خودم	_	_	_	_
5	سوختم	_	_	_	_

0	جانبازان	_	_	_	_
1	و	_	_	_	_
2	معلولین	_	_	_	_
3	کشور	_	_	_	_
4	آب‌های	_	_	_	_
5	آزاد	_	_	_	_
6	دریای	_	_	_	_
7	مکران	_	_	_	_
8	را	_	_	_	_
9	در	_	_	_	_
10	نور	_	_	_	_
11	دیدند	_	_	_	_

0	بعداز	_	_	_	_
1	خجالت	_	_	_	_
2	تو	_	_	_	_
3	درمی‌آیم	_	_	_	_

0	با	_	_	_	_
1	گفتن	_	_	_	_
2	کلمه‌ی	_	_	_	_
3	«	_	_	_	_
4	سپاسگزارم	_	_	_	_
5	»	_	_	_	_
6	مراتب	_	_	_	_
7	تشکر	_	_	_	_
8	و	_	_	_	_
9	تقدیر	_	_	_	_
10	خود	_	_	_	_
11	را	_	_	_	_
12	به	_	_	_	_
13	یکدیگر	_	_	_	_
14	اعلام	_	_	_	_
15	می‌دارند	_	_	_	_

0	بتازید	_	_	_	_
1	بتازید	_	_	_	_
2	‌که	_	_	_	_
3	چالاک	_	_	_	_
4	سوارید	_	_	_	_
5	.	_	_	_	_

0	بنازید	_	_	_	_
1	بنازید	_	_	_	_
2	که	_	_	_	_
3	خوبان	_	_	_	_
4	جهانید	_	_	_	_

0	در	_	_	_	_
1	سلسله‌مراتب	_	_	_	_
2	دانشگاه	_	_	_	_
3	چهار	_	_	_	_
4	رده	_	_	_	_
5	مربی	_	_	_	_
6	،	_	_	_	_
7	استادیار	_	_	_	_
8	،	_	_	_	_
9	دانشیار	_	_	_	_
10	‌و	_	_	_	_
11	استاد	_	_	_	_
12	تمامی	_	_	_	_
13	وجود	_	_	_	_
14	دارد	_	_	_	_
15	که	_	_	_	_
16	مرتبه	_	_	_	_
17	آخر	_	_	_	_
18	در	_	_	_	_
19	خارج	_	_	_	_
20	از	_	_	_	_
21	کشور	_	_	_	_
22	«	_	_	_	_
23	پرفسور	_	_	_	_
24	»	_	_	_	_
25	نامیده	_	_	_	_
26	می‌شود	_	_	_	_

0	در	_	_	_	_
1	کاربرد	_	_	_	_
2	امروزی‌وزارت‌یکی	_	_	_	_
3	از	_	_	_	_
4	اجزای	_	_	_	_
5	ساختار	_	_	_	_
6	دولت	_	_	_	_
7	است	_	_	_	_

0	آموزش	_	_	_	_
1	آشپزی	_	_	_	_
2	در‌دستپخت‌در	_	_	_	_
3	قالب	_	_	_	_
4	دستور	_	_	_	_
5	پخت	_	_	_	_
6	۴	_	_	_	_
7	گروه	_	_	_	_
8	غذای	_	_	_	_
9	ایرانی	_	_	_	_
10	غذای	_	_	_	_
11	ملل	_	_	_	_
12	فست	_	_	_	_
13	فود	_	_	_	_
14	و	_	_	_	_
15	فینگر	_	_	_	_
16	فود	_	_	_	_
17	و	_	_	_	_
18	نان-قنادی-دسر	_	_	_	_
19	و	_	_	_	_
20	البته	_	_	_	_
21	مسابقه	_	_	_	_
22	آشپز	_	_	_	_
23	ی‌ارایه	_	_	_	_
24	می‌شود	_	_	_	_

0	توزیع	_	_	_	_
1	یکنواخت	_	_	_	_
2	:	_	_	_	_

0	توزیعی	_	_	_	_
1	که	_	_	_	_
2	در	_	_	_	_
3	حالت	_	_	_	_
4	پیوسته	_	_	_	_
5	دارای	_	_	_	_
6	چگالی	_	_	_	_
7	ثابتی	_	_	_	_
8	بر	_	_	_	_
9	مجموعه‌ای	_	_	_	_
10	مفروض	_	_	_	_
11	است	_	_	_	_
12	و	_	_	_	_
13	در	_	_	_	_
14	حالت	_	_	_	_
15	گسسته	_	_	_	_
16	احتمالی	_	_	_	_
17	یکسان	_	_	_	_
18	را	_	_	_	_
19	به	_	_	_	_
20	هر	_	_	_	_
21	مقدار	_	_	_	_
22	برد	_	_	_	_
23	خود	_	_	_	_
24	تخصیص	_	_	_	_
25	می‌دهد	_	_	_	_

0	دولت	_	_	_	_
1	کرخت	_	_	_	_
2	و	_	_	_	_
3	گیج	_	_	_	_
4	است	_	_	_	_

0	تاخت‌اسب	_	_	_	_
1	یا	_	_	_	_
2	دیگر	_	_	_	_
3	چهارپایان	_	_	_	_
4	به	_	_	_	_
5	دو	_	_	_	_
6	شکل	_	_	_	_
7	است	_	_	_	_

0	سیاحت‌غرب	_	_	_	_
1	یا	_	_	_	_
2	سرنوشت	_	_	_	_
3	ارواح	_	_	_	_
4	پس‌از	_	_	_	_
5	مرگ	_	_	_	_
6	کتابی	_	_	_	_
7	اثر	_	_	_	_
8	آقا	_	_	_	_
9	نجفی	_	_	_	_
10	قوچانی	_	_	_	_
11	است	_	_	_	_

0	مهابت	_	_	_	_
1	.	_	_	_	_

0	این	_	_	_	_
1	واژه	_	_	_	_
2	را	_	_	_	_
3	اولین	_	_	_	_
4	بار	_	_	_	_
5	در	_	_	_	_
6	داستان	_	_	_	_
7	همای	_	_	_	_
8	کاظم	_	_	_	_
9	رضا	_	_	_	_
10	دیدم	_	_	_	_

0	انواع‌کراوات‌با	_	_	_	_
1	طرح	_	_	_	_
2	و	_	_	_	_
3	نقش	_	_	_	_
4	مختلف	_	_	_	_
5	در	_	_	_	_
6	انواع	_	_	_	_
7	رنگ‌ها	_	_	_	_
8	به	_	_	_	_
9	همراه	_	_	_	_
10	کالکشن	_	_	_	_
11	بی‌نظیر	_	_	_	_
12	از	_	_	_	_
13	پاپیون	_	_	_	_
14	مردانه	_	_	_	_
15	برای	_	_	_	_
16	سلیقه‌های	_	_	_	_
17	خاص	_	_	_	_
18	.	_	_	_	_

0	ساسات‌در	_	_	_	_
1	وسایل	_	_	_	_
2	نقلیه	_	_	_	_
3	به	_	_	_	_
4	دکمه	_	_	_	_
5	دریچه	_	_	_	_
6	هوای	_	_	_	_
7	کاربراتور	_	_	_	_
8	می‌گویند	_	_	_	_

0	فلاحت‌فارس	_	_	_	_
1	نام	_	_	_	_
2	یکی	_	_	_	_
3	از	_	_	_	_
4	مطبوعات	_	_	_	_
5	استان	_	_	_	_
6	فارس	_	_	_	_
7	در	_	_	_	_
8	دوران	_	_	_	_
9	پهلوی	_	_	_	_
10	اول	_	_	_	_
11	است	_	_	_	_

0	آجودان‌یا	_	_	_	_
1	فریار	_	_	_	_
2	امیر	_	_	_	_
3	یا	_	_	_	_
4	افسری	_	_	_	_
5	است	_	_	_	_
6	که	_	_	_	_
7	مقامات	_	_	_	_
8	بلندپایه	_	_	_	_
9	کشوری	_	_	_	_
10	و	_	_	_	_
11	لشگری	_	_	_	_
12	را	_	_	_	_
13	در	_	_	_	_
14	امور	_	_	_	_
15	مختلف	_	_	_	_
16	،	_	_	_	_
17	برای	_	_	_	_
18	پیشبرد	_	_	_	_
19	وظایف	_	_	_	_
20	آنان‌یاری	_	_	_	_
21	می‌کند	_	_	_	_
22	.	_	_	_	_

0	او	_	_	_	_
1	را	_	_	_	_
2	نگو	_	_	_	_
3	تا	_	_	_	_
4	ن‌سو	_	_	_	_
5	ما	_	_	_	_
6	تر	_	_	_	_
7	ایی	_	_	_	_
8	یکی	_	_	_	_
9	از	_	_	_	_
10	دو	_	_	_	_
11	گونه	_	_	_	_
12	موجود	_	_	_	_
13	اورانگوتان‌ها	_	_	_	_
14	است	_	_	_	_

0	از	_	_	_	_
1	چه	_	_	_	_
2	مسیری	_	_	_	_
3	می‌توان	_	_	_	_
4	به‌ارسباران‌سفر	_	_	_	_
5	کرد	_	_	_	_
6	؟	_	_	_	_

0	ویدیوی	_	_	_	_
1	زیبا	_	_	_	_
2	از	_	_	_	_
3	حضور	_	_	_	_
4	‌شکوهمند	_	_	_	_
5	‌مردم	_	_	_	_
6	مشهد	_	_	_	_
7	در	_	_	_	_
8	راهپیمایی	_	_	_	_
9	بزرگ	_	_	_	_
10	بیعت	_	_	_	_
11	با	_	_	_	_
12	ولایت	_	_	_	_

0	رجب	_	_	_	_
1	طیب‌ار	_	_	_	_
2	دوغان	_	_	_	_
3	،	_	_	_	_
4	رییس	_	_	_	_
5	جمهوری‌ترکیه‌اعلام	_	_	_	_
6	کرد	_	_	_	_
7	که	_	_	_	_
8	کشورش	_	_	_	_
9	صلح	_	_	_	_
10	و	_	_	_	_
11	امنیت	_	_	_	_
12	را	_	_	_	_
13	در	_	_	_	_
14	عراق	_	_	_	_
15	و	_	_	_	_
16	سوریه	_	_	_	_
17	و	_	_	_	_
18	مناطقی	_	_	_	_
19	که	_	_	_	_
20	تحت‌کنترل‌ترکیه‌نیست	_	_	_	_
21	برقرار	_	_	_	_
22	می‌کند	_	_	_	_

0	وجه	_	_	_	_
1	اول	_	_	_	_
2	آن	_	_	_	_
3	این	_	_	_	_
4	است	_	_	_	_
5	که	_	_	_	_
6	در	_	_	_	_
7	برخی	_	_	_	_
8	از	_	_	_	_
9	مناطق	_	_	_	_
10	شهر	_	_	_	_
11	تهران	_	_	_	_
12	ازجمله	_	_	_	_
13	خیابانی	_	_	_	_
14	در	_	_	_	_
15	منطقه	_	_	_	_
16	۱۵	_	_	_	_
17	با	_	_	_	_
18	وضعیت	_	_	_	_
19	بد	_	_	_	_
20	دستفروشی	_	_	_	_
21	مواجه	_	_	_	_
22	هستیم	_	_	_	_
23	که	_	_	_	_
24	مردم‌گله‌مند‌بوده	_	_	_	_

0	مسجد	_	_	_	_
1	‌جمکران	_	_	_	_
2	،	_	_	_	_
3	مسجدی	_	_	_	_
4	منسوب	_	_	_	_
5	به	_	_	_	_
6	امام‌زمان	_	_	_	_
7	،	_	_	_	_
8	دوازدهمین	_	_	_	_
9	امام	_	_	_	_
10	شیعیان	_	_	_	_
11	،	_	_	_	_
12	در	_	_	_	_
13	حاشیه	_	_	_	_
14	شهر	_	_	_	_
15	قم	_	_	_	_
16	که	_	_	_	_
17	گفته	_	_	_	_
18	شده	_	_	_	_
19	در	_	_	_	_
20	قرن	_	_	_	_
21	چهارم	_	_	_	_
22	قمری	_	_	_	_
23	به‌دستور	_	_	_	_
24	وی	_	_	_	_
25	ساخته	_	_	_	_
26	شده	_	_	_	_
27	است	_	_	_	_

0	تفاوت	_	_	_	_
1	هواکش	_	_	_	_
2	و	_	_	_	_
3	دمنده	_	_	_	_
4	در	_	_	_	_
5	چیست	_	_	_	_
6	؟	_	_	_	_

0	ندیدند	_	_	_	_
1	چیزی	_	_	_	_
2	جز	_	_	_	_
3	از	_	_	_	_
4	بید	_	_	_	_
5	و	_	_	_	_
6	سرو	_	_	_	_

0	خرامان‌بزیر	_	_	_	_
1	گل	_	_	_	_
2	اندر	_	_	_	_
3	تذرو	_	_	_	_

0	اعضا	_	_	_	_
1	مرحوم	_	_	_	_
2	کافی	_	_	_	_
3	،	_	_	_	_
4	۴	_	_	_	_
5	بیمار	_	_	_	_
6	را	_	_	_	_
7	‌کفایت	_	_	_	_
8	کرد	_	_	_	_

0	براکت‌ممکن	_	_	_	_
1	است	_	_	_	_
2	به	_	_	_	_
3	موارد	_	_	_	_
4	زیر	_	_	_	_
5	اشاره	_	_	_	_
6	داشته	_	_	_	_
7	باشد	_	_	_	_

0	یکی	_	_	_	_
1	از	_	_	_	_
2	ابتدایی‌ترین	_	_	_	_
3	راه‌های	_	_	_	_
4	تبلیغ	_	_	_	_
5	برای	_	_	_	_
6	شرکت	_	_	_	_
7	،	_	_	_	_
8	مؤسسه	_	_	_	_
9	یا	_	_	_	_
10	مجموعه	_	_	_	_
11	شما	_	_	_	_
12	پخش‌تراکت‌است	_	_	_	_

0	ستاره	_	_	_	_
1	بزرگ	_	_	_	_
2	ایران	_	_	_	_
3	برسر	_	_	_	_
4	دار	_	_	_	_
5	‌مکافات	_	_	_	_
6	!	_	_	_	_

0	اهمیت	_	_	_	_
1	عقل	_	_	_	_
2	معاش	_	_	_	_
3	در	_	_	_	_
4	کنار	_	_	_	_
5	عقل	_	_	_	_
6	معاد	_	_	_	_
7	از	_	_	_	_
8	منظر	_	_	_	_
9	حضرت	_	_	_	_
10	علی	_	_	_	_
11	علیه‌السلام	_	_	_	_

0	رفافت‌مرد	_	_	_	_
1	می‌خواهد-روزگار	_	_	_	_
2	با	_	_	_	_
3	ما	_	_	_	_
4	نساختی	_	_	_	_
5	نگذشت	_	_	_	_
6	.	_	_	_	_

0	سرایت‌جنایات	_	_	_	_
1	در	_	_	_	_
2	اصطلاح	_	_	_	_
3	یعنی	_	_	_	_
4	هر	_	_	_	_
5	جنایتی	_	_	_	_
6	که	_	_	_	_
7	بر	_	_	_	_
8	تمامیت	_	_	_	_
9	جسمانی	_	_	_	_
10	افراد	_	_	_	_
11	وارد	_	_	_	_
12	شود	_	_	_	_

0	این	_	_	_	_
1	نوشتار	_	_	_	_
2	ترانه‌ها	_	_	_	_
3	و	_	_	_	_
4	آلبوم‌های‌مرجان‌را	_	_	_	_
5	فهرست	_	_	_	_
6	می‌کند	_	_	_	_

0	در	_	_	_	_
1	برنامه	_	_	_	_
2	امشب	_	_	_	_
3	قاب	_	_	_	_
4	نقد	_	_	_	_
5	مجموعه	_	_	_	_
6	تلویزیونی	_	_	_	_
7	سایه‌بان	_	_	_	_
8	به	_	_	_	_
9	کارگردانی	_	_	_	_
10	جمشید	_	_	_	_
11	محمودی	_	_	_	_
12	که	_	_	_	_
13	به	_	_	_	_
14	تازگی	_	_	_	_
15	پخش	_	_	_	_
16	آن	_	_	_	_
17	از	_	_	_	_
18	شبکه	_	_	_	_
19	دو	_	_	_	_
20	سیما	_	_	_	_
21	به	_	_	_	_
22	پایان	_	_	_	_
23	رسیده‌است	_	_	_	_
24	،	_	_	_	_
25	بررسی	_	_	_	_
26	می‌شود	_	_	_	_

0	در	_	_	_	_
1	زیر	_	_	_	_
2	فهرست‌کارگردانان‌ایرانی‌تبار	_	_	_	_
3	سینما	_	_	_	_
4	،	_	_	_	_
5	تلویزیون	_	_	_	_
6	و	_	_	_	_
7	تیاتر	_	_	_	_
8	ایران	_	_	_	_
9	(و	_	_	_	_
10	جهان)	_	_	_	_
11	به	_	_	_	_
12	ترتیب	_	_	_	_
13	نام	_	_	_	_
14	خانوادگی	_	_	_	_
15	و	_	_	_	_
16	اطلاعاتی	_	_	_	_
17	از	_	_	_	_
18	آنها	_	_	_	_
19	آمده‌است	_	_	_	_
20	.	_	_	_	_

0	قسطنطنیه	_	_	_	_
1	عر	_	_	_	_
2	بی‌شده	_	_	_	_
3	کنستانتینوپول	_	_	_	_
4	(شهر	_	_	_	_
5	کنستانتین)	_	_	_	_
6	،	_	_	_	_
7	نام	_	_	_	_
8	پیشین	_	_	_	_
9	استانبول	_	_	_	_
10	که	_	_	_	_
11	به	_	_	_	_
12	افتخار	_	_	_	_
13	قیصر	_	_	_	_
14	روم	_	_	_	_
15	کنستانتین	_	_	_	_
16	یکم	_	_	_	_
17	بدین	_	_	_	_
18	نام‌نا	_	_	_	_
19	می‌ده‌شد	_	_	_	_

0	همه‌ی	_	_	_	_
1	ما	_	_	_	_
2	دوست	_	_	_	_
3	داریم	_	_	_	_
4	که	_	_	_	_
5	برنده	_	_	_	_
6	باشیم	_	_	_	_
7	و	_	_	_	_
8	نه‌باز	_	_	_	_
9	نده	_	_	_	_

0	فروشنده‌روایتگر	_	_	_	_
1	داستان	_	_	_	_
2	زوج	_	_	_	_
3	جوانی	_	_	_	_
4	است	_	_	_	_
5	که	_	_	_	_
6	در	_	_	_	_
7	حال	_	_	_	_
8	اجرای	_	_	_	_
9	نمایشنامه	_	_	_	_
10	مرگ‌فروشنده‌آرتور	_	_	_	_
11	میلر	_	_	_	_
12	هستند	_	_	_	_

0	در	_	_	_	_
1	زبان	_	_	_	_
2	فارسی	_	_	_	_
3	این	_	_	_	_
4	ایل	_	_	_	_
5	را	_	_	_	_
6	به	_	_	_	_
7	اسم‌ترکاشوند‌می	_	_	_	_
8	شناسند	_	_	_	_

0	اگر	_	_	_	_
1	می‌خواهید	_	_	_	_
2	در	_	_	_	_
3	منطقه‌چمستان‌ویلا	_	_	_	_
4	بخرید	_	_	_	_
5	یا	_	_	_	_
6	ساخت‌وساز	_	_	_	_
7	کنید	_	_	_	_
8	،	_	_	_	_
9	به	_	_	_	_
10	نتیجه‌گیری	_	_	_	_
11	ما	_	_	_	_
12	توجه	_	_	_	_
13	کنید	_	_	_	_

0	تمام	_	_	_	_
1	آهنگ‌های‌سیروان‌خسروی	_	_	_	_
2	بهمراه	_	_	_	_
3	آلبوم‌ها	_	_	_	_
4	و	_	_	_	_
5	فول	_	_	_	_
6	آلبوم	_	_	_	_
7	آهنگ‌های‌سیروان‌خسروی	_	_	_	_
8	و	_	_	_	_
9	متن	_	_	_	_
10	ترانه‌ها	_	_	_	_
11	و	_	_	_	_
12	موزیک‌ها	_	_	_	_
13	درادامه	_	_	_	_
14	قرار	_	_	_	_
15	دارد	_	_	_	_

0	شرکت	_	_	_	_
1	مهاجرتی‌کنکاش‌ارایه	_	_	_	_
2	دهنده	_	_	_	_
3	خدمات	_	_	_	_
4	مهاجرت	_	_	_	_
5	به	_	_	_	_
6	کانادا	_	_	_	_
7	و	_	_	_	_
8	اقامت	_	_	_	_
9	کانادا	_	_	_	_

0	جدیدترین	_	_	_	_
1	دست‌پخت	_	_	_	_
2	خودروسازی	_	_	_	_
3	ایران	_	_	_	_
4	برای	_	_	_	_
5	صنعت	_	_	_	_
6	و	_	_	_	_
7	مردم	_	_	_	_
8	کشور	_	_	_	_
9	،	_	_	_	_
10	یک	_	_	_	_
11	سدان	_	_	_	_
12	کامپکت	_	_	_	_
13	با	_	_	_	_
14	نام‌رها	_	_	_	_
15	م‌است	_	_	_	_

0	شرکت‌بهنوش‌ایران	_	_	_	_
1	اولین	_	_	_	_
2	تولیدکننده	_	_	_	_
3	مایالشعیر	_	_	_	_
4	در	_	_	_	_
5	ایران	_	_	_	_
6	است	_	_	_	_

0	نام	_	_	_	_
1	پدر‌ماهدخت‌علی	_	_	_	_
2	خان	_	_	_	_
3	بود	_	_	_	_
4	.	_	_	_	_

0	تا	_	_	_	_
1	اینکه	_	_	_	_
2	شبی	_	_	_	_
3	در	_	_	_	_
4	خانه	_	_	_	_
5	علی‌خان	_	_	_	_
6	بودیم	_	_	_	_

0	نبی	_	_	_	_
1	الله‌سلیمان	_	_	_	_
2	(ع)	_	_	_	_
3	از	_	_	_	_
4	پیامبران	_	_	_	_
5	بزرگ	_	_	_	_
6	بنی	_	_	_	_
7	اسراییل	_	_	_	_
8	می‌باشد	_	_	_	_

0	بازار	_	_	_	_
1	خودروهای‌وانت‌چند	_	_	_	_
2	سالی	_	_	_	_
3	است	_	_	_	_
4	که	_	_	_	_
5	تنوع	_	_	_	_
6	بیشتری	_	_	_	_
7	به	_	_	_	_
8	خود	_	_	_	_
9	دیده	_	_	_	_
10	است	_	_	_	_

0	قصد	_	_	_	_
1	ما	_	_	_	_
2	بررسی‌نیابت‌قضایی	_	_	_	_
3	دادگاه‌ها	_	_	_	_
4	است	_	_	_	_

0	یکی	_	_	_	_
1	از	_	_	_	_
2	عضوهای	_	_	_	_
3	اوراق	_	_	_	_
4	اداری	_	_	_	_
5	،	_	_	_	_
6	پاکت‌های	_	_	_	_
7	چاپ	_	_	_	_
8	آقا	_	_	_	_
9	هستند	_	_	_	_
10	که	_	_	_	_
11	بصورت	_	_	_	_
12	جداگانه	_	_	_	_
13	نیز	_	_	_	_
14	می‌توانید	_	_	_	_
15	آنلاین	_	_	_	_
16	سفارش	_	_	_	_
17	دهید	_	_	_	_
18	.	_	_	_	_

0	نامیرا‌نام	_	_	_	_
1	رمانی	_	_	_	_
2	از	_	_	_	_
3	صادق	_	_	_	_
4	کرمیار	_	_	_	_
5	است	_	_	_	_
6	که	_	_	_	_
7	روایتگر	_	_	_	_
8	واقعه	_	_	_	_
9	عاشورا	_	_	_	_
10	است	_	_	_	_

0	کمیته	_	_	_	_
1	ملی	_	_	_	_
2	المپیک	_	_	_	_
3	به	_	_	_	_
4	سهراب	_	_	_	_
5	مرادی‌بابت‌رکوردشکنی	_	_	_	_
6	پاداش	_	_	_	_
7	داد	_	_	_	_

0	به	_	_	_	_
1	نظر‌نادم‌هیچ	_	_	_	_
2	کار	_	_	_	_
3	ناشدنی	_	_	_	_
4	در	_	_	_	_
5	دنیا	_	_	_	_
6	نیست	_	_	_	_

0	باد	_	_	_	_
1	مجان‌یکی	_	_	_	_
2	از	_	_	_	_
3	صیفی‌جاتی	_	_	_	_
4	است	_	_	_	_
5	که	_	_	_	_
6	در	_	_	_	_
7	تمام	_	_	_	_
8	فصول	_	_	_	_
9	سال	_	_	_	_
10	وجود	_	_	_	_
11	دارد	_	_	_	_

0	ناصر	_	_	_	_
1	ابراهیم‌نژاد	_	_	_	_
2	بانام	_	_	_	_
3	هنری‌کیوان‌از	_	_	_	_
4	خوانندگان	_	_	_	_
5	سبک	_	_	_	_
6	پاپ	_	_	_	_
7	اهل	_	_	_	_
8	ایران	_	_	_	_
9	است	_	_	_	_

0	خو	_	_	_	_
1	ن‌آشا	_	_	_	_
2	م‌در	_	_	_	_
3	افسانه‌ها	_	_	_	_
4	و	_	_	_	_
5	فرهنگ	_	_	_	_
6	فولکلوریک	_	_	_	_
7	مردم	_	_	_	_
8	اروپا	_	_	_	_
9	،	_	_	_	_
10	موجودی	_	_	_	_
11	زنده‌است	_	_	_	_
12	که	_	_	_	_
13	شب‌ها	_	_	_	_
14	از	_	_	_	_
15	گور	_	_	_	_
16	بیرون	_	_	_	_
17	آمده	_	_	_	_
18	و	_	_	_	_
19	برای	_	_	_	_
20	تغذیه	_	_	_	_
21	خود	_	_	_	_
22	از‌خون‌مردم‌می‌مکد	_	_	_	_

0	قابلیت‌اطمینان‌در	_	_	_	_
1	حقیقت	_	_	_	_
2	احتمال	_	_	_	_
3	موفقیت	_	_	_	_
4	در	_	_	_	_
5	انجام‌وظیفه	_	_	_	_
6	است	_	_	_	_

0	با	_	_	_	_
1	سنگ	_	_	_	_
2	صافی	_	_	_	_
3	که	_	_	_	_
4	پای	_	_	_	_
5	در	_	_	_	_
6	نشیمن	_	_	_	_
7	به	_	_	_	_
8	راهرو	_	_	_	_
9	بود	_	_	_	_
10	می‌شکستیمشان‌می	_	_	_	_
11	خوردیمشان	_	_	_	_
12	یواش‌یواش	_	_	_	_

0	مدت‌ها	_	_	_	_
1	از	_	_	_	_
2	زمانی‌که	_	_	_	_
3	اعلام	_	_	_	_
4	شد	_	_	_	_
5	فعالیت‌پارکبان‌ها	_	_	_	_
6	قانونی	_	_	_	_
7	نیست	_	_	_	_

0	همرفت‌انتقال	_	_	_	_
1	گرمایی	_	_	_	_
2	ازطریق	_	_	_	_
3	حرکت	_	_	_	_
4	سیالی	_	_	_	_
5	مانند	_	_	_	_
6	هوا	_	_	_	_
7	یا	_	_	_	_
8	آب	_	_	_	_
9	است	_	_	_	_

0	زکام‌در	_	_	_	_
1	زبان	_	_	_	_
2	عربی	_	_	_	_
3	همان	_	_	_	_
4	سرماخوردگی	_	_	_	_
5	است	_	_	_	_
6	اما	_	_	_	_
7	در	_	_	_	_
8	اصطلاح	_	_	_	_
9	طب	_	_	_	_
10	سنتی‌زکام‌یا	_	_	_	_
11	نزله	_	_	_	_
12	یا	_	_	_	_
13	چایمان	_	_	_	_
14	به	_	_	_	_
15	معنی	_	_	_	_
16	التهاب	_	_	_	_
17	بافت	_	_	_	_
18	مخاطی	_	_	_	_
19	بی‌نی‌است	_	_	_	_

0	واتیکان‌دولت‌شهری	_	_	_	_
1	مستقل	_	_	_	_
2	است	_	_	_	_
3	که	_	_	_	_
4	در	_	_	_	_
5	درون	_	_	_	_
6	شهر	_	_	_	_
7	رم	_	_	_	_
8	در	_	_	_	_
9	کشور	_	_	_	_
10	ایتالیا	_	_	_	_
11	جای	_	_	_	_
12	دارد	_	_	_	_

0	در	_	_	_	_
1	صورت	_	_	_	_
2	نشت	_	_	_	_
3	گاز	_	_	_	_
4	و	_	_	_	_
5	یا‌استشمام‌بوی	_	_	_	_
6	آن	_	_	_	_
7	،	_	_	_	_
8	قبل‌از	_	_	_	_
9	هر	_	_	_	_
10	کاری	_	_	_	_
11	باید	_	_	_	_
12	دقت	_	_	_	_
13	کرد	_	_	_	_
14	که	_	_	_	_
15	در	_	_	_	_
16	آن	_	_	_	_
17	محل	_	_	_	_
18	هیچگونه	_	_	_	_
19	جرقه‌ای	_	_	_	_
20	زده	_	_	_	_
21	نشود	_	_	_	_

0	پرهام	_	_	_	_
1	،	_	_	_	_
2	یکی	_	_	_	_
3	از	_	_	_	_
4	قدیمی‌ترین	_	_	_	_
5	نام‌های	_	_	_	_
6	پارسی	_	_	_	_
7	به	_	_	_	_
8	معنی	_	_	_	_
9	فرشته	_	_	_	_
10	خوبی	_	_	_	_
11	است	_	_	_	_

0	بدون‌شک	_	_	_	_
1	به	_	_	_	_
2	شما	_	_	_	_
3	نیز	_	_	_	_
4	گفته	_	_	_	_
5	شده	_	_	_	_
6	که‌اژدها‌موجودی	_	_	_	_
7	افسانه‌ای	_	_	_	_
8	بوده	_	_	_	_
9	و	_	_	_	_
10	هیچگاه	_	_	_	_
11	وجود	_	_	_	_
12	خارجی	_	_	_	_
13	نداشته	_	_	_	_
14	است	_	_	_	_

0	فصل‌باران‌است‌بارانی‌شویم	_	_	_	_
1	از	_	_	_	_
2	درون	_	_	_	_
3	جوشیم	_	_	_	_
4	و	_	_	_	_
5	طوفانی	_	_	_	_
6	شویم	_	_	_	_

0	چهارگوش‌یه	_	_	_	_
1	بازی	_	_	_	_
2	معمایی	_	_	_	_
3	هست	_	_	_	_
4	که	_	_	_	_
5	رد	_	_	_	_
6	کردن	_	_	_	_
7	مرحله‌هایش	_	_	_	_
8	وقت	_	_	_	_
9	و	_	_	_	_
10	تمرکز	_	_	_	_
11	زیادی	_	_	_	_
12	می‌طلبد	_	_	_	_

0	آزمودگی‌یا	_	_	_	_
1	آروین	_	_	_	_
2	در	_	_	_	_
3	مفهوم	_	_	_	_
4	عمومی	_	_	_	_
5	به	_	_	_	_
6	همه	_	_	_	_
7	مهارت‌ها	_	_	_	_
8	و	_	_	_	_
9	دانسته‌ها	_	_	_	_
10	،	_	_	_	_
11	از	_	_	_	_
12	برخی	_	_	_	_
13	پدیده‌ها	_	_	_	_
14	و	_	_	_	_
15	موضوعات	_	_	_	_
16	که	_	_	_	_
17	ناشی	_	_	_	_
18	از	_	_	_	_
19	برخورد	_	_	_	_
20	با	_	_	_	_
21	آن	_	_	_	_
22	موضوع	_	_	_	_
23	و	_	_	_	_
24	درگیری	_	_	_	_
25	با	_	_	_	_
26	آن	_	_	_	_
27	پدیده	_	_	_	_
28	درخلال	_	_	_	_
29	دورانی	_	_	_	_
30	معین	_	_	_	_
31	است	_	_	_	_


