0	تیم	ت	تیم	_	_
1	ایران	ایر	ایران	_	_
2	با	با	با	_	_
3	پنج	پنج	پنج	_	_
4	سانداکا‌ر	سانداکا‌ر	سانداکا‌ر	_	_
5	مرد	مرد	مرد	_	_
6	و	و	و	_	_
7	سه	سه	سه	_	_
8	زن	زن	زن	_	_
9	در	در	در	_	_
10	جام‌جهانی	جام‌جهان	جام‌جهانی	_	_
11	حضور	حضور	حضور	_	_
12	یافته	یافته	یافته	_	_
13	است	اس	#است	_	_
14	.	.	.	_	_
0	در	در	در	_	_
1	رقابت‌های	رقابت	رقابت	_	_
2	نوبت	نوب	نوبت	_	_
3	صبح	صبح	صبح	_	_
4	یکشنبه	یکشنبه	یکشنبه	_	_
5	«	«	«	_	_
6	الهه	الهه	الهه	_	_
7	منصوریان	منصور	منصور	_	_
8	»	»	»	_	_
9	،	،	،	_	_
10	«	«	«	_	_
11	فریناز	فریناز	فریناز	_	_
12	نذیری	نذیر	نذیری	_	_
13	»،	»،	»،	_	_
14	«	«	«	_	_
15	محسن	محسن	محسن	_	_
16	محمدسیفی	محمدسیف	محمدسیفی	_	_
17	»	»	»	_	_
18	و	و	و	_	_
19	«	«	«	_	_
20	میلاد	میلاد	میلاد	_	_
21	عارفی‌مقام	عارفی‌مقا	عارفی‌مقام	_	_
22	»	»	»	_	_
23	با	با	با	_	_
24	برتر‌ی	برتر	برتر	_	_
25	برابر	برابر	برابر	_	_
26	حریفان	حریف	حریف	_	_
27	به	به	به	_	_
28	مدال	مدال	مدال	_	_
29	طلا	طلا	طلا	_	_
30	دست	دس	دست	_	_
31	یافتند	یافتند	یافت#یاب	_	_
32	تا	تا	تا	_	_
33	تعداد	تعداد	تعداد	_	_
34	نشان‌های	نشان	نشان	_	_
35	زرین	زرین	زرین	_	_
36	تیم	ت	تیم	_	_
37	کشورمان	کشور	کشور	_	_
38	به	به	به	_	_
39	عدد	عدد	عدد	_	_
40	5	5	5	_	_
41	برسد	برسد	رسید#رس	_	_
42	.	.	.	_	_
0	روز	روز	روز	_	_
1	اول	اول	اول	_	_
2	نیز	نیز	نیز	_	_
3	«	«	«	_	_
4	شهربانو	شهربانو	شهربانو	_	_
5	منصوریان	منصور	منصور	_	_
6	»	»	»	_	_
7	به	به	به	_	_
8	نشان	ن	نشان	_	_
9	طلای	طلا	طلا	_	_
10	وزن	وزن	وزن	_	_
11	65	65	65	_	_
12	کیلوگرم	کیلوگر	کیلوگرم	_	_
13	رسیده‌‌بود	رسیده‌‌بود	رسیده‌‌بود	_	_
14	.	.	.	_	_
0	لازم	لاز	لازم	_	_
1	به	به	به	_	_
2	ذکر	ذکر	ذکر	_	_
3	است	اس	#است	_	_
4	که	که	که	_	_
5	عصر	عصر	عصر	_	_
6	یکشنبه	یکشنبه	یکشنبه	_	_
7	«	«	«	_	_
8	یوسف	یوسف	یوسف	_	_
9	صبری	صبر	صبر	_	_
10	»	»	»	_	_
11	و	و	و	_	_
12	«	«	«	_	_
13	معین	معین	معین	_	_
14	تقوی	تقو	تقوی	_	_
15	»	»	»	_	_
16	هم	ه	هم	_	_
17	برای	برا	برای	_	_
18	کسب	کسب	کسب	_	_
19	مدال	مدال	مدال	_	_
20	طلا	طلا	طلا	_	_
21	به	به	به	_	_
22	مصاف	مصاف	مصاف	_	_
23	حریفان	حریف	حریف	_	_
24	می‌روند	می‌روند	رفت#رو	_	_
25	.	.	.	_	_
0	تیم	ت	تیم	_	_
1	صدرشیمی	صدرشیم	صدرشیمی	_	_
2	با	با	با	_	_
3	غلبه	غلبه	غلبه	_	_
4	بر	بر	بر	_	_
5	همشهری	همشهر	همشهری	_	_
6	مقتدر	مقتدر	مقتدر	_	_
7	خود	خود	خود	_	_
8	عنوان	عنو	عنوان	_	_
9	قهرمانی	قهرمان	قهرمان	_	_
10	مسابقات	مسابق	مسابقات	_	_
11	کشوری	کشور	کشور	_	_
12	را	را	را	_	_
13	از	از	از	_	_
14	آن	آن	آن	_	_
15	خود	خود	خود	_	_
16	کرد	کرد	کرد#کن	_	_
17	.	.	.	_	_
0	در	در	در	_	_
1	دیدار	دیدار	دیدار	_	_
2	فینال	فینال	فینال	_	_
3	تیم	ت	تیم	_	_
4	صدرشیمی	صدرشیم	صدرشیمی	_	_
5	یزد	یزد	یزد	_	_
6	موفق	موفق	موفق	_	_
7	شد	شد	شد#شو	_	_
8	با	با	با	_	_
9	نتیجه	نتیجه	نتیجه	_	_
10	2	2	2	_	_
11	بر	بر	بر	_	_
12	1	1	1	_	_
13	تیم	ت	تیم	_	_
14	گلساپوش	گلساپو	گلساپوش	_	_
15	یزد	یزد	یزد	_	_
16	را	را	را	_	_
17	که	که	که	_	_
18	از	از	از	_	_
19	بازیکنان	بازیکن	بازیکن	_	_
20	ملی	مل	ملی	_	_
21	پوش	پو	پوش	_	_
22	سود	سود	سود	_	_
23	می‌برد	می‌برد	برد#بر	_	_
24	شکست	شکس	شکست	_	_
25	داده	داده	داده	_	_
26	و	و	و	_	_
27	به	به	به	_	_
28	مقام	مقا	مقام	_	_
29	قهرمانی	قهرمان	قهرمان	_	_
30	دست	دس	دست	_	_
31	یابد	یابد	یافت#یاب	_	_
32	.	.	.	_	_
0	در	در	در	_	_
1	دیدار	دیدار	دیدار	_	_
2	رده‌بندی	رده‌بند	رده‌بندی	_	_
3	نیز	نیز	نیز	_	_
4	تیم	ت	تیم	_	_
5	پر‌سپولیس	پر‌سپولیس	پر‌سپولیس	_	_
6	مردآباد	مردآباد	مردآباد	_	_
7	با	با	با	_	_
8	شکست	شکس	شکست	_	_
9	تیم	ت	تیم	_	_
10	هیات	ه	هیات	_	_
11	روستایی	روستا	روستا	_	_
12	خراسان	خراس	خراسان	_	_
13	شمالی	شمال	شمال	_	_
14	مقام	مقا	مقام	_	_
15	سوم	سو	سوم	_	_
16	این	این	این	_	_
17	مسابقات	مسابق	مسابقات	_	_
18	را	را	را	_	_
19	از	از	از	_	_
20	آن	آن	آن	_	_
21	خود	خود	خود	_	_
22	کرد	کرد	کرد#کن	_	_
23	به	به	به	_	_
24	گزارش	گزار	گزارش	_	_
25	خبرگزاری	خبرگزار	خبرگزاری	_	_
26	فارس	فارس	فارس	_	_
27	،	،	،	_	_
28	سردار	سردار	سردار	_	_
29	غلامرضا	غلامرضا	غلامرضا	_	_
30	جلالی	جلال	جلال	_	_
31	رئیس	رئیس	رئیس	_	_
32	سازمان	ساز	سازمان	_	_
33	پدافند	پدافند	پدافند	_	_
34	غیر	غیر	غیر	_	_
35	عامل	عامل	عامل	_	_
36	طی	ط	طی	_	_
37	نشست	نشس	نشست	_	_
38	خبری	خبر	خبر	_	_
39	که	که	که	_	_
40	به	به	به	_	_
41	مناسبت	مناسب	مناسبت	_	_
42	8	8	8	_	_
43	آبان	آب	آبان	_	_
44	سال	سال	سال	_	_
45	روز	روز	روز	_	_
46	تشکیل	تشکیل	تشکیل	_	_
47	این	این	این	_	_
48	سازمان	ساز	سازمان	_	_
49	برگزار	برگزار	برگزار	_	_
50	شد	شد	شد#شو	_	_
51	،	،	،	_	_
52	ماموریت	مامور	ماموریت	_	_
53	اول	اول	اول	_	_
54	سازمان	ساز	سازمان	_	_
55	پدافند	پدافند	پدافند	_	_
56	غیرعامل	غیرعامل	غیرعامل	_	_
57	را	را	را	_	_
58	دیده‌بانی	دیده‌بان	دیده‌بان	_	_
59	نسبت	نسب	نسبت	_	_
60	به	به	به	_	_
61	تهدیدات	تهدید	تهدیدات	_	_
62	،	،	،	_	_
63	تشخیص	تشخیص	تشخیص	_	_
64	تهدیدات	تهدید	تهدیدات	_	_
65	و	و	و	_	_
66	هشدار	هشدار	هشدار	_	_
67	در	در	در	_	_
68	حوزه‌های	حوزه	حوزه	_	_
69	مختلف	مختلف	مختلف	_	_
70	دانست	دانس	دانست#دان	_	_
71	و	و	و	_	_
72	اظهار	اظهار	اظهار	_	_
73	داشت	دا	داشت	_	_
74	:	:	:	_	_
0	دومین	دومین	دومین	_	_
1	ماموریت	مامور	ماموریت	_	_
2	این	این	این	_	_
3	سازمان	ساز	سازمان	_	_
4	،	،	،	_	_
5	کاهش	کاه	کاهش	_	_
6	آسیب‌پذیری	آسیب‌پذیر	آسیب‌پذیری	_	_
7	کل	کل	کل	_	_
8	زیرساخت‌های	زیرساخت	زیرساخت	_	_
9	کشور	کشور	کشور	_	_
10	و	و	و	_	_
11	شهرها	شهر	شهر	_	_
12	دربرابر	دربرابر	دربرابر	_	_
13	تهدیدات	تهدید	تهدیدات	_	_
14	امنیتی	امنیت	امنیت	_	_
15	است	اس	#است	_	_
16	که	که	که	_	_
17	به	به	به	_	_
18	صورت	صور	صورت	_	_
19	مداوم	مداو	مداوم	_	_
20	و	و	و	_	_
21	متغیر	متغیر	متغیر	_	_
22	دنبال	دنبال	دنبال	_	_
23	می‌شود	می‌شود	شد#شو	_	_
24	و	و	و	_	_
25	ماموریت	مامور	ماموریت	_	_
26	سوم	سو	سوم	_	_
27	نیز	نیز	نیز	_	_
28	مصون‌سازی	مصون‌ساز	مصون‌سازی	_	_
29	زیرساخت‌های	زیرساخت	زیرساخت	_	_
30	کل	کل	کل	_	_
31	کشور	کشور	کشور	_	_
32	است	اس	#است	_	_
33	.	.	.	_	_
0	جلالی	جلال	جلال	_	_
1	با	با	با	_	_
2	بیان	ب	بیان	_	_
3	اینکه	اینکه	اینکه	_	_
4	60	60	60	_	_
5	محصول	محصول	محصول	_	_
6	استراتژیک	استراتژیک	استراتژیک	_	_
7	پدافند	پدافند	پدافند	_	_
8	سایبری	سایبر	سایبر	_	_
9	بومی	بوم	بومی	_	_
10	کشور	کشور	کشور	_	_
11	را	را	را	_	_
12	ارائه	ارائه	ارائه	_	_
13	خواهیم	خواه	خواست#خواه	_	_
14	داد	داد	داد	_	_
15	،	،	،	_	_
16	گفت	گف	گفت#گو	_	_
17	:	:	:	_	_
0	5	5	5	_	_
1	محصول	محصول	محصول	_	_
2	اسکادای	اسکادا	اسکادای	_	_
3	بومی	بوم	بومی	_	_
4	نیز	نیز	نیز	_	_
5	که	که	که	_	_
6	برای	برا	برای	_	_
7	کنترل	کنترل	کنترل	_	_
8	و	و	و	_	_
9	دیسپاچینگ	دیسپاچینگ	دیسپاچینگ	_	_
10	بکار	بکار	کاشت#کار	_	_
11	می‌رود	می‌رود	رفت#رو	_	_
12	،	،	،	_	_
13	توسط	توسط	توسط	_	_
14	متخصصان	متخصص	متخصص	_	_
15	داخلی	داخل	داخل	_	_
16	ساخته‌شده‌است	ساخته‌شده‌اس	ساخته‌شده‌است	_	_
17	.	.	.	_	_
0	یک	یک	یک	_	_
1	بازدیدکننده	بازدیدکننده	بازدیدکننده	_	_
2	در	در	در	_	_
3	روز	روز	روز	_	_
4	افتتاح	افتتاح	افتتاح	_	_
5	«	«	«	_	_
6	کتابخانه	کتابخانه	کتابخانه	_	_
7	حلزونی	حلزون	حلزون	_	_
8	»	»	»	_	_
9	در	در	در	_	_
10	شهر	شهر	شهر	_	_
11	هانگ‌ژو	هانگ‌ژو	هانگ‌ژو	_	_
12	در	در	در	_	_
13	استان	اس	استان	_	_
14	ژجیانگ	ژجیانگ	ژجیانگ	_	_
15	در	در	در	_	_
16	چین	چین	چین	_	_
17	سلفی	سلف	سلف	_	_
18	می‌گیرد	می‌گیرد	گرفت#گیر	_	_
19	.	.	.	_	_
0	این	این	این	_	_
1	کتاب	کتاب	کتاب	_	_
2	خانه	خانه	خانه	_	_
3	با	با	با	_	_
4	هدف	هدف	هدف	_	_
5	ارائه	ارائه	ارائه	_	_
6	منابع	منابع	منابع	_	_
7	آنلاین	آنلاین	آنلاین	_	_
8	در	در	در	_	_
9	کنار	کنار	کنار	_	_
10	کتابخانه	کتابخانه	کتابخانه	_	_
11	و	و	و	_	_
12	منابع	منابع	منابع	_	_
13	سنتی	سنت	سنت	_	_
14	ایجاد‌شده‌است	ایجاد‌شده‌اس	ایجاد‌شده‌است	_	_
15	.	.	.	_	_
0	کوچک‌پا	کوچک‌پا	کوچک‌پا	_	_
1	،	،	،	_	_
2	داستان	داس	داستان	_	_
3	یک	یک	یک	_	_
4	«	«	«	_	_
5	یتی	یت	یتی	_	_
6	»	»	»	_	_
7	(	(	(	_	_
8	مرد‌برفی	مرد‌برف	مرد‌برفی	_	_
9	)	)	)	_	_
10	دانشمند	دانشمند	دانشمند	_	_
11	است	اس	#است	_	_
12	که	که	که	_	_
13	متقاعد‌شده‌موجودات	متقاعد‌شده‌موجود	متقاعد‌شده‌موجودات	_	_
14	نادری	نادر	نادر	_	_
15	که	که	که	_	_
16	با	با	با	_	_
17	نام	نا	نام	_	_
18	«	«	«	_	_
19	کوچک‌پا	کوچک‌پا	کوچک‌پا	_	_
20	»‌ها	»	»‌ها	_	_
21	(	(	(	_	_
22	انسان‌ها	انسان	انسان	_	_
23	»	»	»	_	_
24	،	،	،	_	_
25	واقعا	واقعا	واقعا	_	_
26	وجود	وجود	وجود	_	_
27	دارند	دارند	داشت#دار	_	_
28	!	!	!	_	_
0	اکران	اکر	اکران	_	_
1	جهانی	جهان	جهانی	_	_
2	این	این	این	_	_
3	انیمیشن	انیمیشن	انیمیشن	_	_
4	جذاب	جذاب	جذاب	_	_
5	،	،	،	_	_
6	از	از	از	_	_
7	ششم	ش	ششم	_	_
8	مهر	مهر	مهر	_	_
9	آغاز‌شده‌و	آغاز‌شده‌و	آغاز‌شده‌و	_	_
10	احتمالا	احتمالا	احتمالا	_	_
11	تا	تا	تا	_	_
12	مدتی	مدت	مدت	_	_
13	دیگر	دیگر	دیگر	_	_
14	نسخه‌ی	نسخه	نسخه	_	_
15	دوبله‌ی	دوبله	دوبله	_	_
16	آن	آن	آن	_	_
17	به	به	به	_	_
18	سینماها	سینما	سینما	_	_
19	و	و	و	_	_
20	شبکه‌ی	شبکه	شبکه	_	_
21	نمایش	نما	نمایش	_	_
22	خانگی	خانگ	خانگی	_	_
23	ما	ما	ما	_	_
24	هم	ه	هم	_	_
25	می‌رسد	می‌رسد	رسید#رس	_	_
26	.	.	.	_	_
0	به	به	به	_	_
1	همین	همین	همین	_	_
2	مناسبت	مناسب	مناسبت	_	_
3	ترجمه‌ی	ترجمه	ترجمه	_	_
4	گفت‌وگویی	گفت‌وگو	گفت‌وگو	_	_
5	را	را	را	_	_
6	با	با	با	_	_
7	این	این	این	_	_
8	کارگردان	کارگرد	کارگردان	_	_
9	برای	برا	برای	_	_
10	شما	شما	شما	_	_
11	انتخاب	انتخاب	انتخاب	_	_
12	کرده‌ایم	کرده	کرد#کن	_	_
13	تا	تا	تا	_	_
14	بیش‌تر	بیش	بیش	_	_
15	با	با	با	_	_
16	حال	حال	حال	_	_
17	و	و	و	_	_
18	هوای	هوا	هوا	_	_
19	این	این	این	_	_
20	داستان	داس	داستان	_	_
21	متفاوت	متفاو	متفاوت	_	_
22	و	و	و	_	_
23	عجیب	عجیب	عجیب	_	_
24	از	از	از	_	_
25	زندگی	زندگ	زندگی	_	_
26	یتی‌ها	یتی	یتی‌ها	_	_
27	آشناشویم	آشناشو	آشناشویم	_	_
28	.	.	.	_	_
0	زمانی	زمان	زمان	_	_
1	که	که	که	_	_
2	بحث	بحث	بحث	_	_
3	هم‌کاری	هم‌کار	هم‌کاری	_	_
4	با	با	با	_	_
5	پروژه‌ی	پروژه	پروژه	_	_
6	کوچک‌پا	کوچک‌پا	کوچک‌پا	_	_
7	را	را	را	_	_
8	به	به	به	_	_
9	من	من	من	_	_
10	پیشنهاد	پیشنهاد	پیشنهاد	_	_
11	دادند	دادند	داد#ده	_	_
12	،	،	،	_	_
13	با	با	با	_	_
14	«	«	«	_	_
15	برگزیت	برگز	برگزیت	_	_
16	»	»	»	_	_
17	(	(	(	_	_
18	خروج	خروج	خروج	_	_
19	انگلیس	انگلیس	انگلیس	_	_
20	از	از	از	_	_
21	اتحادیه‌ی‌اروپا	اتحادیه‌ی‌اروپا	اتحادیه‌ی‌اروپا	_	_
22	)	)	)	_	_
23	هم‌زمان‌بود	هم‌زمان‌بود	هم‌زمان‌بود	_	_
24	.	.	.	_	_
0	انتخابات	انتخاب	انتخابات	_	_
1	برگزار	برگزار	برگزار	_	_
2	شد	شد	شد#شو	_	_
3	.	.	.	_	_
0	در	در	در	_	_
1	جهان	جه	جهان	_	_
2	موج	موج	موج	_	_
3	مهاجرت	مهاجر	مهاجرت	_	_
4	آغاز	آغاز	آغاز	_	_
5	شده‌بود	شده‌بود	شده‌بود	_	_
6	.	.	.	_	_
0	گروهی	گروه	گروهی	_	_
1	از	از	از	_	_
2	مردم	مرد	مردم	_	_
3	روز	روز	روز	_	_
4	به	به	به	_	_
5	روز	روز	روز	_	_
6	به	به	به	_	_
7	سمت	سم	سمت	_	_
8	قوم‌گرایی	قوم‌گرا	قوم‌گرا	_	_
9	و	و	و	_	_
10	انزواطلبی	انزواطلب	انزواطلبی	_	_
11	گرایش	گرا	گرایش	_	_
12	پیدا	پیدا	پیدا	_	_
13	می‌کردند	می‌کردند	کرد#کن	_	_
14	و	و	و	_	_
15	مذاکرات	مذاکر	مذاکرات	_	_
16	زیادی	زیاد	زیاد	_	_
17	برای	برا	برای	_	_
18	تقویت	تقو	تقویت	_	_
19	مرزبندی	مرزبند	مرزبند	_	_
20	بین	بین	بین	_	_
21	کشورها	کشور	کشور	_	_
22	،	،	،	_	_
23	مثل	مثل	مثل	_	_
24	دیوارکشی	دیوارکش	دیوارکشی	_	_
25	بین	بین	بین	_	_
26	مکزیک	مکزیک	مکزیک	_	_
27	و	و	و	_	_
28	آمریکا	آمریکا	آمریکا	_	_
29	در	در	در	_	_
30	جریان‌بود	جریان‌بود	جریان‌بود	_	_
31	.	.	.	_	_
0	نه	نه	نه	_	_
1	،	،	،	_	_
2	انیمیشن‌ها	انیمیشن	انیمیشن‌ها	_	_
3	عموما	عموما	عموما	_	_
4	در	در	در	_	_
5	طول	طول	طول	_	_
6	پروسه‌ی	پروسه	پروسه	_	_
7	تولید	تولید	تولید	_	_
8	،	،	،	_	_
9	دست‌خوش	دست‌خو	دست‌خوش	_	_
10	تغییرات	تغییر	تغییرات	_	_
11	زیادی	زیاد	زیاد	_	_
12	می‌شوند	می‌شوند	شد#شو	_	_
13	.	.	.	_	_
0	درباره‌ی	درباره	درباره	_	_
1	این	این	این	_	_
2	فیلم	فیل	فیلم	_	_
3	هم	ه	هم	_	_
4	،	،	،	_	_
5	آمدن	آمدن	آمدن	_	_
6	من	من	من	_	_
7	هم‌زمان	هم‌ز	هم‌زمان	_	_
8	شد	شد	شد#شو	_	_
9	با	با	با	_	_
10	تغییر	تغییر	تغییر	_	_
11	مدیریت	مدیر	مدیریت	_	_
12	در	در	در	_	_
13	بخش	بخ	بخش	_	_
14	انیمیشن	انیمیشن	انیمیشن	_	_
15	استودیوی	استودیو	استودیو	_	_
16	«	«	«	_	_
17	برادران	برادر	برادر	_	_
18	وارنر	وارنر	وارنر	_	_
19	».	».	».	_	_
0	آن‌ها	آن	آن	_	_
1	کار	کار	کار	_	_
2	موزیکالی	موزیکال	موزیکالی	_	_
3	را	را	را	_	_
4	از	از	از	_	_
5	من	من	من	_	_
6	در	در	در	_	_
7	«	«	«	_	_
8	برادوی	برادو	برادوی	_	_
9	»	»	»	_	_
10	دیده‌بودند	دیده‌بودند	دیده‌بودند	_	_
11	و	و	و	_	_
12	خواستند	خواستند	خواست#خواه	_	_
13	که	که	که	_	_
14	کوچک‌پا	کوچک‌پا	کوچک‌پا	_	_
15	هم	ه	هم	_	_
16	موزیکال	موزیکال	موزیکال	_	_
17	شود	شود	شد#شو	_	_
18	.	.	.	_	_
0	شاید	شاید	شاید	_	_
1	سخت	سخ	سخت	_	_
2	باشد	باشد	بود#باش	_	_
3	که	که	که	_	_
4	بپذیریم	بپذیر	پذیرفت#پذیر	_	_
5	استودیوی	استودیو	استودیو	_	_
6	وارنر	وارنر	وارنر	_	_
7	هم	ه	هم	_	_
8	می‌تواند	می‌تواند	توانست#توان	_	_
9	به	به	به	_	_
10	خوبی	خوب	خوبی	_	_
11	استودیوهای	استودیو	استودیو	_	_
12	«	«	«	_	_
13	دیزنی	دیزن	دیزنی	_	_
14	»،	»،	»،	_	_
15	«	«	«	_	_
16	پیکسار	پیکسار	پیکسار	_	_
17	»	»	»	_	_
18	یا	یا	یا	_	_
19	«	«	«	_	_
20	دریم‌ورکز	دریم‌ورکز	دریم‌ورکز	_	_
21	»،	»،	»،	_	_
22	موزیکالی	موزیکال	موزیکالی	_	_
23	موفق	موفق	موفق	_	_
24	بسازد	بسازد	ساخت#ساز	_	_
25	.	.	.	_	_
0	اما	اما	اما	_	_
1	با	با	با	_	_
2	تمام	تما	تمام	_	_
3	احترامی	احترام	احترام	_	_
4	که	که	که	_	_
5	برای	برا	برای	_	_
6	کمپانی‌های	کمپانی	کمپانی‌های	_	_
7	دیگر	دیگر	دیگر	_	_
8	قائلم	قائل	قائل	_	_
9	باید	باید	باید	_	_
10	بگویم	بگو	گفت#گو	_	_
11	،	،	،	_	_
12	بخش	بخ	بخش	_	_
13	بزرگی	بزرگ	بزرگ	_	_
14	از	از	از	_	_
15	دنیای	دنیا	دنیا	_	_
16	کودکی	کودک	کودک	_	_
17	و	و	و	_	_
18	نوجوانی	نوجوان	نوجوان	_	_
19	ما	ما	ما	_	_
20	با	با	با	_	_
21	«	«	«	_	_
22	باگز‌بانی	باگز‌بان	باگز‌بانی	_	_
23	»،	»،	»،	_	_
24	«	«	«	_	_
25	دافی‌داک	دافی‌داک	دافی‌داک	_	_
26	»	»	»	_	_
27	و	و	و	_	_
28	«	«	«	_	_
29	چاک‌جونز	چاک‌جونز	چاک‌جونز	_	_
30	»	»	»	_	_
31	سپری‌شده‌و	سپری‌شده‌و	سپری‌شده‌و	_	_
32	استودیوی	استودیو	استودیو	_	_
33	وارنر	وارنر	وارنر	_	_
34	خیلی	خیل	خیلی	_	_
35	پیش‌تر	پیش	پیش	_	_
36	از	از	از	_	_
37	این	این	این	_	_
38	،	،	،	_	_
39	قدرتش	قدرت	قدرت	_	_
40	را	را	را	_	_
41	در	در	در	_	_
42	تولید	تولید	تولید	_	_
43	انیمیشن‌های	انیمیشن	انیمیشن‌های	_	_
44	به	به	به	_	_
45	یادماندنی	یادماندن	یادماندن	_	_
46	نشان	ن	نشان	_	_
47	داده	داده	داده	_	_
48	است	اس	#است	_	_
49	.	.	.	_	_
0	این	این	این	_	_
1	را	را	را	_	_
2	به‌خلاقیت	به‌خلاق	به‌خلاقیت	_	_
3	تدوین	تدوین	تدوین	_	_
4	گرمان	گر	گر	_	_
5	،	،	،	_	_
6	یعنی	یعن	یعنی	_	_
7	«	«	«	_	_
8	پیتر	پ	پیتر	_	_
9	اتینگر	اتینگر	اتینگر	_	_
10	»	»	»	_	_
11	مدیونیم	مدیون	مدیون	_	_
12	.	.	.	_	_
0	او	او	او	_	_
1	کلمه‌هایی	کلمه	کلمه	_	_
2	را	را	را	_	_
3	تصادفی	تصادف	تصادف	_	_
4	اتنخاب	اتنخاب	اتنخاب	_	_
5	می‌کرد	می‌کرد	کرد#کن	_	_
6	و	و	و	_	_
7	گام‌های	گام	گام	_	_
8	آن	آن	آن	_	_
9	را	را	را	_	_
10	تغییر	تغییر	تغییر	_	_
11	می‌داد	می‌داد	داد#ده	_	_
12	.	.	.	_	_
0	او	او	او	_	_
1	به	به	به	_	_
2	فرمولی	فرمول	فرمول	_	_
3	رسید	رسید	رسید	_	_
4	و	و	و	_	_
5	آن	آن	آن	_	_
6	را	را	را	_	_
7	در	در	در	_	_
8	تمام	تما	تمام	_	_
9	انیمیشن	انیمیشن	انیمیشن	_	_
10	،	،	،	_	_
11	به‌کار	به‌کار	به‌کار	_	_
12	برد	برد	برد	_	_
13	.	.	.	_	_
0	وقتی	وقت	وقت	_	_
1	برای	برا	برای	_	_
2	اولین	اولین	اولین	_	_
3	بار	بار	بار	_	_
4	آن‌ها	آن	آن	_	_
5	را	را	را	_	_
6	شنیدیم	شنید	شنید#شنو	_	_
7	همه	همه	همه	_	_
8	به	به	به	_	_
9	خنده	خنده	خنده	_	_
10	افتادیم	افتاد	افتاد#افت	_	_
11	.	.	.	_	_
0	به	به	به	_	_
1	نظرم	نظر	نظر	_	_
2	بامزه‌ترین	بامزه	بامزه	_	_
3	دیالوگ	دیالوگ	دیالوگ	_	_
4	آن‌جاست	آن‌جاس	آن‌جاست	_	_
5	که	که	که	_	_
6	شخصیت	شخص	شخصیت	_	_
7	«	«	«	_	_
8	پرسی	پرس	پرسید#پرس	_	_
9	»	»	»	_	_
10	می‌گوید	می‌گوید	گفت#گو	_	_
11	:	:	:	_	_
0	«	«	«	_	_
1	بگیر	بگیر	گرفت#گیر	_	_
2	تو	تو	تو	_	_
3	دا	دا	دا	_	_
4	بی	ب	بی	_	_
5	لا	لا	لا	_	_
6	بو	بو	بو	_	_
7	!»	!»	!»	_	_
8	با	با	با	_	_
9	شما	شما	شما	_	_
10	موافقم	موافق	موافق	_	_
11	و	و	و	_	_
12	به	به	به	_	_
13	این	این	این	_	_
14	فهرست	فهرس	فهرست	_	_
15	دو	دو	دو	_	_
16	انیمیشن	انیمیشن	انیمیشن	_	_
17	دوست‌داشتنی	دوست‌داشتن	دوست‌داشتنی	_	_
18	«	«	«	_	_
19	لک‌لک‌ها	لک‌لک	لک‌لک	_	_
20	»	»	»	_	_
21	و	و	و	_	_
22	«	«	«	_	_
23	لگو	لگو	لگو	_	_
24	»	»	»	_	_
25	را	را	را	_	_
26	هم	ه	هم	_	_
27	اضافه	اضافه	اضافه	_	_
28	می‌کنم	می‌کن	کرد#کن	_	_
29	.	.	.	_	_
0	اما	اما	اما	_	_
1	برگردیم	برگرد	برگردیم	_	_
2	به	به	به	_	_
3	کوچک‌پا	کوچک‌پا	کوچک‌پا	_	_
4	.	.	.	_	_
0	به	به	به	_	_
1	نظرم	نظر	نظر	_	_
2	لایه‌های	لایه	لایه	_	_
3	بسیاری	بسیار	بسیار	_	_
4	در	در	در	_	_
5	این	این	این	_	_
6	انیمیشن	انیمیشن	انیمیشن	_	_
7	وجود	وجود	وجود	_	_
8	دارد	دارد	داشت#دار	_	_
9	؛	؛	؛	_	_
10	طنز	طنز	طنز	_	_
11	،	،	،	_	_
12	موسیقی	موسیق	موسیقی	_	_
13	،	،	،	_	_
14	داستان	داس	داستان	_	_
15	،	،	،	_	_
16	پیام‌هایی	پیام	پیام	_	_
17	پیرامون	پیرامون	پیرامون	_	_
18	آفرینش	آفرین	آفرینش	_	_
19	،	،	،	_	_
20	کشف	کشف	کشف	_	_
21	جهان	جه	جهان	_	_
22	و	و	و	_	_
23	...	...	...	_	_
0	رئیس‌جمهور	رئیس‌جمهور	رئیس‌جمهور	_	_
1	بعدی	بعد	بعد	_	_
2	گرجستان	گرجس	گرجستان	_	_
3	در	در	در	_	_
4	سال	سال	سال	_	_
5	2024	2024	2024	_	_
6	میلادی	میلاد	میلاد	_	_
7	توسط	توسط	توسط	_	_
8	یک	یک	یک	_	_
9	کالج	کالج	کالج	_	_
10	انتخاباتی	انتخابات	انتخاباتی	_	_
11	که	که	که	_	_
12	متشکل	متشکل	متشکل	_	_
13	از	از	از	_	_
14	300	300	300	_	_
15	عضو	عضو	عضو	_	_
16	است	اس	#است	_	_
17	،	،	،	_	_
18	انتخاب	انتخاب	انتخاب	_	_
19	خواهد	خواهد	خواست#خواه	_	_
20	شد	شد	شد#شو	_	_
21	.	.	.	_	_
0	این	این	این	_	_
1	تغییر	تغییر	تغییر	_	_
2	قانون	قانون	قانون	_	_
3	اساسی	اساس	اساس	_	_
4	در	در	در	_	_
5	سپتامبر	سپتامبر	سپتامبر	_	_
6	سال	سال	سال	_	_
7	2017	2017	2017	_	_
8	میلادی	میلاد	میلاد	_	_
9	اتخاذ	اتخاذ	اتخاذ	_	_
10	شد	شد	شد#شو	_	_
11	؛	؛	؛	_	_
12	اقدامی	اقدام	اقدام	_	_
13	که	که	که	_	_
14	از	از	از	_	_
15	سوی	سو	سو	_	_
16	احزاب	احزاب	احزاب	_	_
17	اپوزیسیون	اپوزیسیون	اپوزیسیون	_	_
18	مورد	مورد	مورد	_	_
19	انتقاد	انتقاد	انتقاد	_	_
20	قرار	قرار	قرار	_	_
21	گرفته	گرفته	گرفته	_	_
22	و	و	و	_	_
23	آن	آن	آن	_	_
24	را	را	را	_	_
25	به	به	به	_	_
26	عنوان	عنو	عنوان	_	_
27	اقدامی	اقدام	اقدام	_	_
28	به	به	به	_	_
29	نفع	نفع	نفع	_	_
30	حزب	حزب	حزب	_	_
31	حاکم	حاک	حاکم	_	_
32	محکوم	محکو	محکوم	_	_
33	کردند	کردند	کرد#کن	_	_
34	.	.	.	_	_
0	گیورگی	گیورگ	گیورگی	_	_
1	مارگولاشویلی	مارگولاشویل	مارگولاشویلی	_	_
2	،	،	،	_	_
3	رئیس‌جمهور	رئیس‌جمهور	رئیس‌جمهور	_	_
4	در	در	در	_	_
5	حال	حال	حال	_	_
6	کناره‌گیری	کناره‌گیر	کناره‌گیری	_	_
7	گرجستان	گرجس	گرجستان	_	_
8	از	از	از	_	_
9	نامزدی	نامزد	نامزد	_	_
10	در	در	در	_	_
11	انتخابات	انتخاب	انتخابات	_	_
12	برای	برا	برای	_	_
13	دومین	دومین	دومین	_	_
14	دوره	دوره	دوره	_	_
15	متوالی	متوال	متوالی	_	_
16	امتناع	امتناع	امتناع	_	_
17	و	و	و	_	_
18	تاکید	تاکید	تاکید	_	_
19	کرد	کرد	کرد#کن	_	_
20	تمایل	تمایل	تمایل	_	_
21	ندارد	ندارد	داشت#دار	_	_
22	نقشی	نقش	نقش	_	_
23	را	را	را	_	_
24	که	که	که	_	_
25	کم‌رنگ	کم‌رنگ	کم‌رنگ	_	_
26	و	و	و	_	_
27	تشریفاتی‌شده‌،	تشریفاتی‌شده‌،	تشریفاتی‌شده‌،	_	_
28	برعهده	برعهده	برعهده	_	_
29	گیرد	گیرد	گرفت#گیر	_	_
30	.	.	.	_	_
0	کنگره	کنگره	کنگره	_	_
1	جهانی	جهان	جهانی	_	_
2	است	اس	#است	_	_
3	که	که	که	_	_
4	در	در	در	_	_
5	دنیا	دنیا	دنیا	_	_
6	نظیر	نظیر	نظیر	_	_
7	ندارد	ندارد	داشت#دار	_	_
8	،	،	،	_	_
9	اظهار	اظهار	اظهار	_	_
10	داشت	دا	داشت	_	_
11	:	:	:	_	_
0	دشمنان	دشمن	دشمن	_	_
1	اسلام	اسلا	اسلام	_	_
2	از	از	از	_	_
3	بر	بر	بر	_	_
4	پایی	پا	پایی	_	_
5	این	این	این	_	_
6	عظمت	عظم	عظمت	_	_
7	عصبانی	عصبان	عصبانی	_	_
8	هستند	هستند	#هست	_	_
9	.	.	.	_	_
0	همان‌طور	همان‌طور	همان‌طور	_	_
1	که	که	که	_	_
2	امام‌خمینی	امام‌خمین	امام‌خمینی	_	_
3	(	(	(	_	_
4	ره	ره	ره	_	_
5	)	)	)	_	_
6	فرمودند	فرمودند	فرمود#فرما	_	_
7	«	«	«	_	_
8	راه	راه	راه	_	_
9	قدس	قدس	قدس	_	_
10	از	از	از	_	_
11	کربلا	کربلا	کربلا	_	_
12	می‌گذرد	می‌گذرد	گذشت#گذر	_	_
13	»،	»،	»،	_	_
14	این	این	این	_	_
15	حضور	حضور	حضور	_	_
16	میلیونی	میلیون	میلیون	_	_
17	زائران	زائر	زائر	_	_
18	اربعین	اربعین	اربعین	_	_
19	زمینه	زمینه	زمینه	_	_
20	ساز	ساز	ساز	_	_
21	همین	همین	همین	_	_
22	فرمایش	فرما	فرمایش	_	_
23	ایشان	ا	ایشان	_	_
24	است	اس	#است	_	_
25	.	.	.	_	_
0	وی	و	وی	_	_
1	با	با	با	_	_
2	اشاره	اشاره	اشاره	_	_
3	به	به	به	_	_
4	اینکه	اینکه	اینکه	_	_
5	حماسه	حماسه	حماسه	_	_
6	پیاده‌روی	پیاده‌رو	پیاده‌روی	_	_
7	اربعین	اربعین	اربعین	_	_
8	انقدر	انقدر	انقدر	_	_
9	عظیم	عظ	عظیم	_	_
10	است	اس	#است	_	_
11	که	که	که	_	_
12	هیچ	هیچ	هیچ	_	_
13	گروه	گروه	گروه	_	_
14	و	و	و	_	_
15	دولتی	دولت	دولت	_	_
16	نمی‌تواند	نمی‌تواند	توانست#توان	_	_
17	مدعی	مدع	مدعی	_	_
18	باشد	باشد	بود#باش	_	_
19	که	که	که	_	_
20	به	به	به	_	_
21	تنهایی	تن	تنهایی	_	_
22	این	این	این	_	_
23	حضور	حضور	حضور	_	_
24	میلیونی	میلیون	میلیون	_	_
25	را	را	را	_	_
26	اداره	اداره	اداره	_	_
27	می‌کند	می‌کند	کرد#کن	_	_
28	،	،	،	_	_
29	افزود	افزود	افزود#افزا	_	_
30	:	:	:	_	_
0	این	این	این	_	_
1	حماسه	حماسه	حماسه	_	_
2	عظیم	عظ	عظیم	_	_
3	یک	یک	یک	_	_
4	حرکت	حرک	حرکت	_	_
5	مردمی	مردم	مردمی	_	_
6	است	اس	#است	_	_
7	که	که	که	_	_
8	خود	خود	خود	_	_
9	مردم	مرد	مردم	_	_
10	آن	آن	آن	_	_
11	را	را	را	_	_
12	اداره	اداره	اداره	_	_
13	می‌کنند	می‌کنند	کرد#کن	_	_
14	.	.	.	_	_
0	حجت	حج	حجت	_	_
1	الاسلام	الاسلا	الاسلام	_	_
2	نجفی	نجف	نجف	_	_
3	با	با	با	_	_
4	بیان	ب	بیان	_	_
5	اینکه	اینکه	اینکه	_	_
6	در	در	در	_	_
7	بازدید	بازدید	بازدید	_	_
8	از	از	از	_	_
9	موکب‌ها	موکب	موکب	_	_
10	دیدیم	دید	دید#بین	_	_
11	که	که	که	_	_
12	خادمان	خاد	خادمان	_	_
13	و	و	و	_	_
14	زائران	زائر	زائر	_	_
15	با	با	با	_	_
16	تمام	تما	تمام	_	_
17	مشکلات	مشکل	مشکلات	_	_
18	از	از	از	_	_
19	اقتصادی	اقتصاد	اقتصاد	_	_
20	یا	یا	یا	_	_
21	حتی	حت	حتی	_	_
22	آب‌و‌هوایی	آب‌و‌هوا	آب‌و‌هوایی	_	_
23	با	با	با	_	_
24	اخلاص	اخلاص	اخلاص	_	_
25	به	به	به	_	_
26	خدمت‌رسانی	خدمت‌رسان	خدمت‌رسانی	_	_
27	مشغول	مشغول	مشغول	_	_
28	هستند	هستند	#هست	_	_
29	،	،	،	_	_
30	گفت	گف	گفت#گو	_	_
31	:	:	:	_	_
0	یقین	یقین	یقین	_	_
1	دارم	دار	داشت#دار	_	_
2	که	که	که	_	_
3	پیاده‌روی	پیاده‌رو	پیاده‌روی	_	_
4	اربعین	اربعین	اربعین	_	_
5	امسال	امسال	امسال	_	_
6	از	از	از	_	_
7	سال‌های	سال	سال	_	_
8	گذشته	گذشته	گذشته	_	_
9	باشکوه‌تر	باشکوه	باشکوه	_	_
10	خواهد‌بود	خواهد‌بود	خواهد‌بود	_	_
11	و	و	و	_	_
12	هیچ	هیچ	هیچ	_	_
13	کسی	کس	کس	_	_
14	اجازه	اجازه	اجازه	_	_
15	نمی‌دهد	نمی‌دهد	داد#ده	_	_
16	که	که	که	_	_
17	این	این	این	_	_
18	حرکت	حرک	حرکت	_	_
19	عظیم	عظ	عظیم	_	_
20	کمرنگ	کمرنگ	کمرنگ	_	_
21	شود	شود	شد#شو	_	_
22	.	.	.	_	_
0	نماینده	نماینده	نماینده	_	_
1	مقام	مقا	مقام	_	_
2	معظم	معظ	معظم	_	_
3	رهبری	رهبر	رهبر	_	_
4	در	در	در	_	_
5	کربلا	کربلا	کربلا	_	_
6	خاطر	خاطر	خاطر	_	_
7	نشان	ن	نشان	_	_
8	کرد	کرد	کرد#کن	_	_
9	:	:	:	_	_
0	خدمت	خدم	خدمت	_	_
1	به	به	به	_	_
2	زائران	زائر	زائر	_	_
3	اربعین	اربعین	اربعین	_	_
4	هدیه	هدیه	هدیه	_	_
5	الهی	اله	اله	_	_
6	است	اس	#است	_	_
7	که	که	که	_	_
8	نصیب	نصیب	نصیب	_	_
9	محبان	محب	محب	_	_
10	اهل	اهل	اهل	_	_
11	بیت	ب	بیت	_	_
12	(	(	(	_	_
13	ع	ع	ع	_	_
14	)‌شده‌است	)‌شده‌اس	)‌شده‌است	_	_
15	.	.	.	_	_
0	خدا	خدا	خدا	_	_
1	را	را	را	_	_
2	شکر	شکر	شکر	_	_
3	که	که	که	_	_
4	پرچم	پرچ	پرچم	_	_
5	امام	اما	امام	_	_
6	حسین	حسین	حسین	_	_
7	(	(	(	_	_
8	ع	ع	ع	_	_
9	)	)	)	_	_
10	بر	بر	بر	_	_
11	سر	سر	سر	_	_
12	همه	همه	همه	_	_
13	ما	ما	ما	_	_
14	گسترده‌شده‌است	گسترده‌شده‌اس	گسترده‌شده‌است	_	_
15	.	.	.	_	_
0	وی	و	وی	_	_
1	ضمن	ضمن	ضمن	_	_
2	مثبت	مثب	مثبت	_	_
3	ارزیابی	ارزیاب	ارزیاب	_	_
4	کردن	کردن	کردن	_	_
5	خدمات	خد	خدمات	_	_
6	ارائه‌شده‌در	ارائه‌شده‌در	ارائه‌شده‌در	_	_
7	موکب‌های	موکب	موکب	_	_
8	اربعین	اربعین	اربعین	_	_
9	گفت	گف	گفت#گو	_	_
10	:	:	:	_	_
0	از	از	از	_	_
1	همه	همه	همه	_	_
2	موکب‌داران	موکب‌دار	موکب‌داران	_	_
3	تشکر	تشکر	تشکر	_	_
4	و	و	و	_	_
5	سلام	سلا	سلام	_	_
6	مقام	مقا	مقام	_	_
7	معظم	معظ	معظم	_	_
8	رهبری	رهبر	رهبر	_	_
9	را	را	را	_	_
10	به	به	به	_	_
11	آن‌ها	آن	آن	_	_
12	ابلاغ	ابلاغ	ابلاغ	_	_
13	می	م	می	_	_
14	کنم	کن	کرد#کن	_	_
15	.	.	.	_	_
0	به	به	به	_	_
1	گزارش	گزار	گزارش	_	_
2	مهر	مهر	مهر	_	_
3	،	،	،	_	_
4	محمدرضا	محمدرضا	محمدرضا	_	_
5	حسین‌زاده	حسین‌زاده	حسین‌زاده	_	_
6	اظهار	اظهار	اظهار	_	_
7	داشت	دا	داشت	_	_
8	:	:	:	_	_
0	درخواست	درخواس	درخواست	_	_
1	کردیم	کرد	کرد#کن	_	_
2	اگر	اگر	اگر	_	_
3	اجازه	اجازه	اجازه	_	_
4	افزایش	افزا	افزایش	_	_
5	تعداد	تعداد	تعداد	_	_
6	باجه‌ها	باجه	باجه	_	_
7	و	و	و	_	_
8	همچنین	همچنین	همچنین	_	_
9	افزایش	افزا	افزایش	_	_
10	ساعات	ساع	ساعات	_	_
11	کار	کار	کار	_	_
12	و	و	و	_	_
13	شبانه‌روزی	شبانه‌روز	شبانه‌روزی	_	_
14	کردن	کردن	کردن	_	_
15	آن‌ها	آن	آن	_	_
16	را	را	را	_	_
17	نمی‌دهند	نمی‌دهند	داد#ده	_	_
18	،	،	،	_	_
19	لااقل	لااقل	لااقل	_	_
20	اجازه	اجازه	اجازه	_	_
21	بدهند	بدهند	داد#ده	_	_
22	دینارهای	دینار	دینار	_	_
23	موجود	موجود	موجود	_	_
24	را	را	را	_	_
25	به	به	به	_	_
26	داخل	داخل	داخل	_	_
27	مرز	مرز	مرز	_	_
28	ایران	ایر	ایران	_	_
29	منتقل	منتقل	منتقل	_	_
30	کنیم	کن	کرد#کن	_	_
31	تا	تا	تا	_	_
32	در	در	در	_	_
33	کشورمان	کشور	کشور	_	_
34	و	و	و	_	_
35	در	در	در	_	_
36	لب	لب	لب	_	_
37	مرز	مرز	مرز	_	_
38	به	به	به	_	_
39	زائران	زائر	زائر	_	_
40	پرداخت	پرداخ	پرداخت	_	_
41	شود	شود	شد#شو	_	_
42	که	که	که	_	_
43	متاسفانه	متاسفانه	متاسفانه	_	_
44	طرف	طرف	طرف	_	_
45	عراقی	عراق	عراق	_	_
46	با	با	با	_	_
47	این	این	این	_	_
48	پیشنهاد	پیشنهاد	پیشنهاد	_	_
49	هم	ه	هم	_	_
50	موافقت	موافق	موافقت	_	_
51	نکرده	نکرده	کرد#کن	_	_
52	است	اس	#است	_	_
53	.	.	.	_	_
					
