0	﻿مقام	﻿مقا	﻿مقام	_	_
1	معظم	معظ	معظم	_	_
2	رهبری	رهبر	رهبر	_	_
3	در	در	در	_	_
4	دیدار	دیدار	دیدار	_	_
5	رئیس	رئیس	رئیس	_	_
6	و	و	و	_	_
7	مسئولان	مسئول	مسئول	_	_
8	سازمان	ساز	سازمان	_	_
9	پدافند	پدافند	پدافند	_	_
10	غیرعامل	غیرعامل	غیرعامل	_	_
11	اظهار	اظهار	اظهار	_	_
12	داشتند	داشتند	داشت#دار	_	_
13	:	:	:	_	_
14	پدافند	پدافند	پدافند	_	_
15	غیرعامل	غیرعامل	غیرعامل	_	_
16	در	در	در	_	_
17	مقابل	مقابل	مقابل	_	_
18	تهاجم	تهاج	تهاجم	_	_
19	دشمنان	دشمن	دشمن	_	_
20	علمی	علم	علم	_	_
21	،	،	،	_	_
22	جدی	جد	جدی	_	_
23	و	و	و	_	_
24	همه‌جانبه	همه‌جانبه	همه‌جانبه	_	_
25	باشد	باشد	بود#باش	_	_
26	.	.	.	_	_
				_	_
0	به	به	به	_	_
1	گزارش	گزار	گزارش	_	_
2	پایگاه	پایگاه	پایگاه	_	_
3	اطلاع‌رسانی	اطلاع‌رسان	اطلاع‌رسانی	_	_
4	دفتر	دف	دفتر	_	_
5	حفظ	حفظ	حفظ	_	_
6	و	و	و	_	_
7	نشر	نشر	نشر	_	_
8	آثار	آثار	آثار	_	_
9	رهبر	رهبر	رهبر	_	_
10	معظم	معظ	معظم	_	_
11	انقلاب	انقلاب	انقلاب	_	_
12	،	،	،	_	_
13	حضرت	حضر	حضرت	_	_
14	آیت	آ	آیت	_	_
15	الله	الله	الله	_	_
16	خامنه‌ای	خامنه	خامنه	_	_
17	رهبر	رهبر	رهبر	_	_
18	معظم	معظ	معظم	_	_
19	انقلاب	انقلاب	انقلاب	_	_
20	اسلامی	اسلام	اسلام	_	_
21	ظهر	ظهر	ظهر	_	_
22	امروز	امروز	امروز	_	_
23	(	(	(	_	_
24	یکشنبه	یکشنبه	یکشنبه	_	_
25	۶	۶	۶	_	_
26	آبان	آب	آبان	_	_
27	)	)	)	_	_
28	در	در	در	_	_
29	این	این	این	_	_
30	دیدار	دیدار	دیدار	_	_
31	با	با	با	_	_
32	اشاره	اشاره	اشاره	_	_
33	به	به	به	_	_
34	اهمیت	اهم	اهمیت	_	_
35	روزافزون	روزافزون	روزافزون	_	_
36	پدافند	پدافند	پدافند	_	_
37	غیرعامل	غیرعامل	غیرعامل	_	_
38	در	در	در	_	_
39	مقابله	مقابله	مقابله	_	_
40	با	با	با	_	_
41	تهدیدهای	تهدید	تهدید	_	_
42	نو	نو	نو	_	_
43	شونده	شونده	شونده	_	_
44	دشمنان	دشمن	دشمن	_	_
45	،	،	،	_	_
46	تأکید	تأکید	تأکید	_	_
47	کردند	کردند	کرد#کن	_	_
48	:	:	:	_	_
49	در	در	در	_	_
50	مقابل	مقابل	مقابل	_	_
51	شیوه‌های	شیوه	شیوه	_	_
52	پیچیده	پیچیده	پیچیده	_	_
53	تهاجم	تهاج	تهاجم	_	_
54	دشمنان	دشمن	دشمن	_	_
55	،	،	،	_	_
56	پدافند	پدافند	پدافند	_	_
57	غیرعامل	غیرعامل	غیرعامل	_	_
58	نیز	نیز	نیز	_	_
59	باید	باید	باید	_	_
60	کاملا	کاملا	کاملا	_	_
61	هوشیار	هوشیار	هوشیار	_	_
62	و	و	و	_	_
63	جدی	جد	جدی	_	_
64	باشد	باشد	بود#باش	_	_
65	و	و	و	_	_
66	به	به	به	_	_
67	صورت	صور	صورت	_	_
68	علمی	علم	علم	_	_
69	،	،	،	_	_
70	دقیق	دقیق	دقیق	_	_
71	،	،	،	_	_
72	به‌روز	به‌روز	به‌روز	_	_
73	و	و	و	_	_
74	همه‌جانبه	همه‌جانبه	همه‌جانبه	_	_
75	عمل	عمل	عمل	_	_
76	و	و	و	_	_
77	با	با	با	_	_
78	هرگونه	هرگونه	هرگونه	_	_
79	نفوذ	نفوذ	نفوذ	_	_
80	مقابله	مقابله	مقابله	_	_
81	کند	کند	کند	_	_
82	.	.	.	_	_
				_	_
0	حضرت	حضر	حضرت	_	_
1	آیت	آ	آیت	_	_
2	الله	الله	الله	_	_
3	خامنه‌ای	خامنه	خامنه	_	_
4	توجه	توجه	توجه	_	_
5	مسئولان	مسئول	مسئول	_	_
6	در	در	در	_	_
7	همه	همه	همه	_	_
8	بخشها	بخش	بخش	_	_
9	به	به	به	_	_
10	اهمیت	اهم	اهمیت	_	_
11	پدافند	پدافند	پدافند	_	_
12	غیرعامل	غیرعامل	غیرعامل	_	_
13	را	را	را	_	_
14	لازم	لاز	لازم	_	_
15	دانستند	دانستند	دانست#دان	_	_
16	و	و	و	_	_
17	افزودند	افزودند	افزود#افزا	_	_
18	:	:	:	_	_
19	اگر	اگر	اگر	_	_
20	مدیران	مدیر	مدیر	_	_
21	کشور	کشور	کشور	_	_
22	اهمیت	اهم	اهمیت	_	_
23	این	این	این	_	_
24	مسئله	مسئله	مسئله	_	_
25	را	را	را	_	_
26	درک	درک	درک	_	_
27	نکنند	نکنند	کرد#کن	_	_
28	و	و	و	_	_
29	پدافند	پدافند	پدافند	_	_
30	غیرعامل	غیرعامل	غیرعامل	_	_
31	به	به	به	_	_
32	طور	طور	طور	_	_
33	شایسته	شایسته	شایسته	_	_
34	توسعه	توسعه	توسعه	_	_
35	پیدا	پیدا	پیدا	_	_
36	نکند	نکند	کرد#کن	_	_
37	،	،	،	_	_
38	کشور	کشور	کشور	_	_
39	در	در	در	_	_
40	معرض	معرض	معرض	_	_
41	تهدیدهای	تهدید	تهدید	_	_
42	بعضا	بعضا	بعضا	_	_
43	غیرقابل	غیرقابل	غیرقابل	_	_
44	جبران	جبر	جبران	_	_
45	قرار	قرار	قرار	_	_
46	خواهد_گرفت	خواهد_گرف	گرفت#گیر	_	_
47	،	،	،	_	_
48	بنابراین	بنابراین	بنابراین	_	_
49	مسئولان	مسئول	مسئول	_	_
50	بخش‌های	بخش	بخش	_	_
51	مختلف	مختلف	مختلف	_	_
52	کشور	کشور	کشور	_	_
53	چه	چه	چه	_	_
54	بخشهای	بخش	بخش	_	_
55	نظامی	نظام	نظام	_	_
56	و	و	و	_	_
57	چه	چه	چه	_	_
58	بخشهای	بخش	بخش	_	_
59	غیرنظامی	غیرنظام	غیرنظامی	_	_
60	،	،	،	_	_
61	باید	باید	باید	_	_
62	با	با	با	_	_
63	پدافند	پدافند	پدافند	_	_
64	غیرعامل	غیرعامل	غیرعامل	_	_
65	همکاری	همکار	همکار	_	_
66	کامل	کامل	کامل	_	_
67	و	و	و	_	_
68	لازم	لاز	لازم	_	_
69	انجام	انجا	انجام	_	_
70	دهند	دهند	داد#ده	_	_
71	.	.	.	_	_
				_	_
0	ایران	ایر	ایران	_	_
1	و	و	و	_	_
2	اتحادیه	اتحادیه	اتحادیه	_	_
3	اروپا	اروپا	اروپا	_	_
4	برای	برا	برای	_	_
5	رونمایی	رونما	رونما	_	_
6	از	از	از	_	_
7	یک	یک	یک	_	_
8	تونل	تونل	تونل	_	_
9	مالی	مال	مالی	_	_
10	ویژه‌	ویژه	ویژه	_	_
11	،	،	،	_	_
12	با	با	با	_	_
13	هدف	هدف	هدف	_	_
14	خنثی‌سازی	خنثی‌ساز	خنثی‌سازی	_	_
15	اثر	اثر	اثر	_	_
16	تحریم‌های	تحریم	تحریم	_	_
17	آمریکا	آمریکا	آمریکا	_	_
18	و	و	و	_	_
19	هموار	هموار	هموار	_	_
20	شدن	شدن	شدن	_	_
21	راه	راه	راه	_	_
22	تجارت	تجار	تجارت	_	_
23	بین	بین	بین	_	_
24	کشورمان	کشور	کشور	_	_
25	با	با	با	_	_
26	جهان	جه	جهان	_	_
27	آماده	آماده	آماده	_	_
28	می‌شوند	می‌شوند	شد#شو	_	_
29	.	.	.	_	_
				_	_
0	ایجاد	ایجاد	ایجاد	_	_
1	کانال	کانال	کانال	_	_
2	ویژه	ویژه	ویژه	_	_
3	مالی	مال	مالی	_	_
4	اروپا	اروپا	اروپا	_	_
5	یکی	یک	یک	_	_
6	از	از	از	_	_
7	گام‌های	گام	گام	_	_
8	عملی	عمل	عملی	_	_
9	برای	برا	برای	_	_
10	حفظ	حفظ	حفظ	_	_
11	برجام	برجا	برجا	_	_
12	و	و	و	_	_
13	بهره‌مندی	بهره‌مند	بهره‌مندی	_	_
14	ایران	ایر	ایران	_	_
15	از	از	از	_	_
16	منافع	منافع	منافع	_	_
17	اقتصادی	اقتصاد	اقتصاد	_	_
18	آن	آن	آن	_	_
19	ازجمله	ازجمله	ازجمله	_	_
20	ایمن	ایمن	ایمن	_	_
21	ماندن	ماندن	ماندن	_	_
22	مسیر	مسیر	مسیر	_	_
23	فروش	فرو	فروش	_	_
24	نفت	نف	نفت	_	_
25	و	و	و	_	_
26	دیگر	دیگر	دیگر	_	_
27	کالاهای	کالا	کالا	_	_
28	صادراتی	صادرات	صادرات	_	_
29	به	به	به	_	_
30	اروپا	اروپا	اروپا	_	_
31	و	و	و	_	_
32	البته	البته	البته	_	_
33	سایر	سایر	سایر	_	_
34	کشورها	کشور	کشور	_	_
35	به‌شمار	به‌شمار	به‌شمار	_	_
36	می‌رود	می‌رود	رفت#رو	_	_
37	و	و	و	_	_
38	قرار	قرار	قرار	_	_
39	است	اس	#است	_	_
40	مبنای	مبنا	مبنا	_	_
41	رد	رد	رد	_	_
42	و	و	و	_	_
43	بدل	بدل	بدل	_	_
44	مالی	مال	مالی	_	_
45	در	در	در	_	_
46	این	این	این	_	_
47	کانال	کانال	کانال	_	_
48	ویژه	ویژه	ویژه	_	_
49	براساس	براساس	براساس	_	_
50	یورو	یورو	یورو	_	_
51	و	و	و	_	_
52	نه	نه	نه	_	_
53	دلار	دلار	دلار	_	_
54	صورت	صور	صورت	_	_
55	گیرد	گیرد	گرفت#گیر	_	_
56	.	.	.	_	_
				_	_
0	به‌گزارش	به‌گزار	به‌گزارش	_	_
1	همشهری	همشهر	همشهری	_	_
2	،	،	،	_	_
3	عبدالناصر	عبدالناصر	عبدالناصر	_	_
4	همتی	همت	همت	_	_
5	،	،	،	_	_
6	رئیس‌کل	رئیس‌کل	رئیس‌کل	_	_
7	بانک	بانک	بانک	_	_
8	مرکزی	مرکز	مرکزی	_	_
9	ایران	ایر	ایران	_	_
10	در	در	در	_	_
11	تازه‌ترین	تازه	تازه	_	_
12	واکنش	واکن	واکنش	_	_
13	به	به	به	_	_
14	این	این	این	_	_
15	موضوع	موضوع	موضوع	_	_
16	گفته_است	گفته_اس	گفت#گو	_	_
17	جزئیات	جزئ	جزئیات	_	_
18	و	و	و	_	_
19	نحوه	نحوه	نحوه	_	_
20	استفاده	استفاده	استفاده	_	_
21	از	از	از	_	_
22	کانال	کانال	کانال	_	_
23	ویژه	ویژه	ویژه	_	_
24	مالی	مال	مالی	_	_
25	اروپا	اروپا	اروپا	_	_
26	هفته	هفته	هفته	_	_
27	آینده	آینده	آینده	_	_
28	در	در	در	_	_
29	جریان	جر	جریان	_	_
30	یک	یک	یک	_	_
31	نشست	نشس	نشست	_	_
32	که	که	که	_	_
33	در	در	در	_	_
34	شهر	شهر	شهر	_	_
35	بروکسل	بروکسل	بروکسل	_	_
36	بلژیک	بلژیک	بلژیک	_	_
37	،	،	،	_	_
38	مقر	مقر	مقر	_	_
39	اتحادیه	اتحادیه	اتحادیه	_	_
40	اروپا	اروپا	اروپا	_	_
41	برگزار	برگزار	برگزار	_	_
42	می‌شود	می‌شود	شد#شو	_	_
43	،	،	،	_	_
44	نهایی	ن	نهایی	_	_
45	خواهد_شد	خواهد_شد	شد#شو	_	_
46	.	.	.	_	_
				_	_
0	او	او	او	_	_
1	وعده	وعده	وعده	_	_
2	داده	داده	داده	_	_
3	جزئیات	جزئ	جزئیات	_	_
4	این	این	این	_	_
5	کانال	کانال	کانال	_	_
6	ضد‌تحریم	ضد‌تحر	ضد‌تحریم	_	_
7	به‌زودی	به‌زود	به‌زودی	_	_
8	اعلام	اعلا	اعلام	_	_
9	خواهد_شد	خواهد_شد	شد#شو	_	_
10	.	.	.	_	_
				_	_
0	به	به	به	_	_
1	گفته	گفته	گفته	_	_
2	این	این	این	_	_
3	مقام	مقا	مقام	_	_
4	ارشد	ارشد	ارشد	_	_
5	بانک	بانک	بانک	_	_
6	مرکزی	مرکز	مرکزی	_	_
7	،	،	،	_	_
8	جزئیات	جزئ	جزئیات	_	_
9	این	این	این	_	_
10	کانال	کانال	کانال	_	_
11	هفته	هفته	هفته	_	_
12	آینده	آینده	آینده	_	_
13	بین	بین	بین	_	_
14	ایران	ایر	ایران	_	_
15	و	و	و	_	_
16	اروپا	اروپا	اروپا	_	_
17	مورد	مورد	مورد	_	_
18	بررسی	بررس	بررسی	_	_
19	نهایی	ن	نهایی	_	_
20	قرار	قرار	قرار	_	_
21	می‌گیرد	می‌گیرد	گرفت#گیر	_	_
22	و	و	و	_	_
23	هدف	هدف	هدف	_	_
24	نخست	نخس	نخست	_	_
25	آن	آن	آن	_	_
26	رفع	رفع	رفع	_	_
27	مشکلات	مشکل	مشکلات	_	_
28	مربوط	مربوط	مربوط	_	_
29	به	به	به	_	_
30	انجام	انجا	انجام	_	_
31	پرداخت‌های	پرداخت	پرداخت	_	_
32	مالی	مال	مالی	_	_
33	است	اس	#است	_	_
34	.	.	.	_	_
				_	_
0	او	او	او	_	_
1	در	در	در	_	_
2	صفحه	صفحه	صفحه	_	_
3	اینستاگرام	اینستاگرا	اینستاگرام	_	_
4	خود	خود	خود	_	_
5	نوشته_است	نوشته_اس	نوشت#نویس	_	_
6	:	:	:	_	_
7	کانال	کانال	کانال	_	_
8	ویژه	ویژه	ویژه	_	_
9	مالی	مال	مالی	_	_
10	اروپا	اروپا	اروپا	_	_
11	،	،	،	_	_
12	نقش	نق	نقش	_	_
13	نوعی	نوع	نوع	_	_
14	پیمان	پ	پیمان	_	_
15	پولی	پول	پول	_	_
16	دوجانبه	دوجانبه	دوجانبه	_	_
17	میان	م	میان	_	_
18	ایران	ایر	ایران	_	_
19	و	و	و	_	_
20	اتحادیه	اتحادیه	اتحادیه	_	_
21	اروپا	اروپا	اروپا	_	_
22	را	را	را	_	_
23	ایفا	ایفا	ایفا	_	_
24	خواهد_کرد	خواهد_کرد	کرد#کن	_	_
25	و	و	و	_	_
26	هر	هر	هر	_	_
27	دو	دو	دو	_	_
28	طرف	طرف	طرف	_	_
29	بر	بر	بر	_	_
30	تسریع	تسریع	تسریع	_	_
31	در	در	در	_	_
32	عملیاتی	عملیات	عملیاتی	_	_
33	شدن	شدن	شدن	_	_
34	این	این	این	_	_
35	فرایند	فرایند	فرایند	_	_
36	تأکید	تأکید	تأکید	_	_
37	دارند	دارند	داشت#دار	_	_
38	.	.	.	_	_
				_	_
0	پیش‌تر	پیش	پیش	_	_
1	در	در	در	_	_
2	هفته	هفته	هفته	_	_
3	نخست	نخس	نخست	_	_
4	مهرماه	مهرماه	مهرماه	_	_
5	فدریکا	فدریکا	فدریکا	_	_
6	موگرینی	موگرین	موگرینی	_	_
7	،	،	،	_	_
8	مسئول	مسئول	مسئول	_	_
9	سیاست	سیاس	سیاست	_	_
10	خارجی	خارج	خارج	_	_
11	اتحادیه	اتحادیه	اتحادیه	_	_
12	اروپا	اروپا	اروپا	_	_
13	،	،	،	_	_
14	قول	قول	قول	_	_
15	داده_بود	داده_بود	داد#ده	_	_
16	که	که	که	_	_
17	کانال	کانال	کانال	_	_
18	ویژه	ویژه	ویژه	_	_
19	مالی	مال	مالی	_	_
20	اروپا	اروپا	اروپا	_	_
21	تا	تا	تا	_	_
22	قبل	قبل	قبل	_	_
23	از	از	از	_	_
24	۱۰	۱۰	۱۰	_	_
25	آبان	آب	آبان	_	_
26	یعنی	یعن	یعنی	_	_
27	چند	چند	چند	_	_
28	روز	روز	روز	_	_
29	مانده	مانده	مانده	_	_
30	به	به	به	_	_
31	اعمال	اعمال	اعمال	_	_
32	مرحله	مرحله	مرحله	_	_
33	دوم	دو	دوم	_	_
34	تحریم‌های	تحریم	تحریم	_	_
35	یکجانبه	یکجانبه	یکجانبه	_	_
36	و	و	و	_	_
37	فراسرزمینی	فراسرزمین	فراسرزمینی	_	_
38	آمریکا	آمریکا	آمریکا	_	_
39	علیه	علیه	علیه	_	_
40	ایران	ایر	ایران	_	_
41	ایجاد	ایجاد	ایجاد	_	_
42	شود	شود	شد#شو	_	_
43	.	.	.	_	_
				_	_
0	ایجاد	ایجاد	ایجاد	_	_
1	کانال	کانال	کانال	_	_
2	ویژه	ویژه	ویژه	_	_
3	مالی	مال	مالی	_	_
4	بر	بر	بر	_	_
5	مبنای	مبنا	مبنا	_	_
6	الگوی	الگو	الگو	_	_
7	پیمان	پ	پیمان	_	_
8	دوجانبه	دوجانبه	دوجانبه	_	_
9	پولی	پول	پول	_	_
10	به	به	به	_	_
11	این	این	این	_	_
12	معناست	معناس	معناست	_	_
13	که	که	که	_	_
14	بین	بین	بین	_	_
15	ایران	ایر	ایران	_	_
16	به‌عنوان	به‌عنو	به‌عنوان	_	_
17	کشور	کشور	کشور	_	_
18	صادرکننده	صادرکننده	صادرکننده	_	_
19	نفت	نف	نفت	_	_
20	و	و	و	_	_
21	سایر	سایر	سایر	_	_
22	کالاها	کالا	کالا	_	_
23	و	و	و	_	_
24	کشور	کشور	کشور	_	_
25	خریدار	خریدار	خریدار	_	_
26	،	،	،	_	_
27	پول	پول	پول	_	_
28	ملی	مل	ملی	_	_
29	۲کشور	۲کشور	۲کشور	_	_
30	مبنای	مبنا	مبنا	_	_
31	عمل	عمل	عمل	_	_
32	تسویه‌حساب	تسویه‌حساب	تسویه‌حساب	_	_
33	قرار	قرار	قرار	_	_
34	می‌گیرد	می‌گیرد	گرفت#گیر	_	_
35	اما	اما	اما	_	_
36	پیش	پ	پیش	_	_
37	از	از	از	_	_
38	این	این	این	_	_
39	اعلام	اعلا	اعلام	_	_
40	شده_بود	شده_بود	شد#شو	_	_
41	که	که	که	_	_
42	سازوکار	سازوکار	سازوکار	_	_
43	مالی	مال	مالی	_	_
44	پیشنهادشده	پیشنهادشده	پیشنهادشده	_	_
45	از	از	از	_	_
46	سوی	سو	سو	_	_
47	اروپا	اروپا	اروپا	_	_
48	بر	بر	بر	_	_
49	مبنای	مبنا	مبنا	_	_
50	یورو	یورو	یورو	_	_
51	به‌معنای	به‌معنا	به‌معنای	_	_
52	واحد	واحد	واحد	_	_
53	پولی	پول	پول	_	_
54	این	این	این	_	_
55	قاره	قاره	قاره	_	_
56	خواهد_بود	خواهد_بود	بود#باش	_	_
57	و	و	و	_	_
58	اجرایی	اجرا	اجرایی	_	_
59	شدن	شدن	شدن	_	_
60	آن	آن	آن	_	_
61	مستلزم	مستلز	مستلزم	_	_
62	همکاری	همکار	همکار	_	_
63	بانک‌های	بانک	بانک	_	_
64	مرکزی	مرکز	مرکزی	_	_
65	ایران	ایر	ایران	_	_
66	با	با	با	_	_
67	دیگر	دیگر	دیگر	_	_
68	بانک‌های	بانک	بانک	_	_
69	مرکزی	مرکز	مرکزی	_	_
70	اروپاست	اروپاس	اروپاست	_	_
71	.	.	.	_	_
				_	_
0	ایرنا	ایرنا	ایرنا	_	_
1	گزارش	گزار	گزارش	_	_
2	داده	داده	داده	_	_
3	در	در	در	_	_
4	قالب	قالب	قالب	_	_
5	سازوکار	سازوکار	سازوکار	_	_
6	مالی	مال	مالی	_	_
7	پیشنهادی	پیشنهاد	پیشنهاد	_	_
8	اروپا	اروپا	اروپا	_	_
9	،	،	،	_	_
10	ایران	ایر	ایران	_	_
11	می‌تواند	می‌تواند	توانست#توان	_	_
12	کالاها	کالا	کالا	_	_
13	ازجمله	ازجمله	ازجمله	_	_
14	نفت	نف	نفت	_	_
15	و	و	و	_	_
16	فرآورده‌های	فرآورده	فرآورده	_	_
17	نفتی	نفت	نفت	_	_
18	را	را	را	_	_
19	به	به	به	_	_
20	اروپا	اروپا	اروپا	_	_
21	صادر	صادر	صادر	_	_
22	و	و	و	_	_
23	در	در	در	_	_
24	قبال	قبال	قبال	_	_
25	آن	آن	آن	_	_
26	کالاها	کالا	کالا	_	_
27	و	و	و	_	_
28	خدمات	خد	خدمات	_	_
29	موردنیاز	موردنیاز	موردنیاز	_	_
30	را	را	را	_	_
31	از	از	از	_	_
32	کشورهای	کشور	کشور	_	_
33	اروپایی	اروپا	اروپایی	_	_
34	خریداری	خریدار	خریدار	_	_
35	کند	کند	کند	_	_
36	و	و	و	_	_
37	تهاتر	ت	تهاتر	_	_
38	دریافت	دریاف	دریافت	_	_
39	و	و	و	_	_
40	پرداخت‌ها	پرداخت	پرداخت	_	_
41	بین	بین	بین	_	_
42	بانک‌های	بانک	بانک	_	_
43	مرکزی	مرکز	مرکزی	_	_
44	و	و	و	_	_
45	نه	نه	نه	_	_
46	شبکه	شبکه	شبکه	_	_
47	بانکی	بانک	بانک	_	_
48	صورت	صور	صورت	_	_
49	می‌پذیرد	می‌پذیرد	پذیرفت#پذیر	_	_
50	.	.	.	_	_
				_	_
0	«	«	«	_	_
1	آلبرت	آلبر	آلبرت	_	_
2	بغزیان	بغز	بغزیان	_	_
3	»	»	»	_	_
4	استاد	استاد	استاد	_	_
5	اقتصاد	اقتصاد	اقتصاد	_	_
6	دانشگاه	دانشگاه	دانشگاه	_	_
7	تهران	تهر	تهران	_	_
8	می‌گوید	می‌گوید	گفت#گو	_	_
9	:	:	:	_	_
10	اگر	اگر	اگر	_	_
11	اروپا	اروپا	اروپا	_	_
12	بخواهد	بخواهد	خواست#خواه	_	_
13	و	و	و	_	_
14	از	از	از	_	_
15	آمریکا	آمریکا	آمریکا	_	_
16	ترس	ترس	ترس	_	_
17	نداشته_باشد	نداشته_باشد	داشت#دار	_	_
18	،	،	،	_	_
19	به‌راحتی	به‌راحت	به‌راحتی	_	_
20	می‌تواند	می‌تواند	توانست#توان	_	_
21	این	این	این	_	_
22	کانال	کانال	کانال	_	_
23	ارتباط	ارتباط	ارتباط	_	_
24	مالی	مال	مالی	_	_
25	یورویی	یورو	یورو	_	_
26	را	را	را	_	_
27	با	با	با	_	_
28	ایران	ایر	ایران	_	_
29	برقرار	برقرار	برقرار	_	_
30	کند	کند	کند	_	_
31	؛	؛	؛	_	_
				_	_
0	چون	چون	چون	_	_
1	حساب‌ها	حساب	حساب	_	_
2	بر	بر	بر	_	_
3	پایه	پایه	پایه	_	_
4	یورو	یورو	یورو	_	_
5	نگهداری	نگهدار	نگهداری	_	_
6	می‌شود	می‌شود	شد#شو	_	_
7	،	،	،	_	_
8	به‌راحتی	به‌راحت	به‌راحتی	_	_
9	می‌توان	می‌تو	می‌توان	_	_
10	درآمد	درآمد	درآمد	_	_
11	حاصل	حاصل	حاصل	_	_
12	از	از	از	_	_
13	صادرات	صادر	صادرات	_	_
14	ایران	ایر	ایران	_	_
15	را	را	را	_	_
16	با	با	با	_	_
17	واردات	وارد	واردات	_	_
18	کالاها	کالا	کالا	_	_
19	و	و	و	_	_
20	خدمات	خد	خدمات	_	_
21	از	از	از	_	_
22	حوزه	حوزه	حوزه	_	_
23	اروپا	اروپا	اروپا	_	_
24	تهاتر	ت	تهاتر	_	_
25	کرد	کرد	کرد#کن	_	_
26	.	.	.	_	_
				_	_
0	عباس	عباس	عباس	_	_
1	هشی	هش	هشی	_	_
2	،	،	،	_	_
3	کارشناس	کارشناس	کارشناس	_	_
4	اقتصادی	اقتصاد	اقتصاد	_	_
5	هم	ه	هم	_	_
6	توضیح	توضیح	توضیح	_	_
7	می‌دهد	می‌دهد	داد#ده	_	_
8	این	این	این	_	_
9	کانال	کانال	کانال	_	_
10	یورویی	یورو	یورو	_	_
11	اختراع	اختراع	اختراع	_	_
12	جدیدی	جدید	جدید	_	_
13	نیست	نیس	نیست	_	_
14	و	و	و	_	_
15	عملکرد	عملکرد	عملکرد	_	_
16	آن	آن	آن	_	_
17	همچون	همچون	همچون	_	_
18	اتاق‌های	اتاق	اتاق	_	_
19	تسویه	تسویه	تسویه	_	_
20	پایاپای	پایاپا	پایاپای	_	_
21	در	در	در	_	_
22	زمان	ز	زمان	_	_
23	جنگ	جنگ	جنگ	_	_
24	تحمیلی	تحمیل	تحمیل	_	_
25	خواهد_بود	خواهد_بود	بود#باش	_	_
26	.	.	.	_	_
				_	_
0	معاون	معاون	معاون	_	_
1	بین‌الملل	بین‌الملل	بین‌الملل	_	_
2	بانک	بانک	بانک	_	_
3	مرکزی	مرکز	مرکزی	_	_
4	می‌گوید	می‌گوید	گفت#گو	_	_
5	:	:	:	_	_
6	آمریکایی‌ها	آمریکایی	آمریکایی	_	_
7	پیش	پ	پیش	_	_
8	از	از	از	_	_
9	١٣	١٣	١٣	_	_
10	آبان	آب	آبان	_	_
11	هرچه	هرچه	هرچه	_	_
12	در	در	در	_	_
13	توان	تو	توان	_	_
14	داشتند	داشتند	داشت#دار	_	_
15	،	،	،	_	_
16	انجام	انجا	انجام	_	_
17	دادند	دادند	داد#ده	_	_
18	اما	اما	اما	_	_
19	با	با	با	_	_
20	برنامه‌ریزی‌ها	برنامه‌ریزی	برنامه‌ریزی	_	_
21	،	،	،	_	_
22	تلاش	تلا	تلاش	_	_
23	داریم	دار	داشت#دار	_	_
24	هزینه‌های	هزینه	هزینه	_	_
25	تحریم	تحر	تحریم	_	_
26	را	را	را	_	_
27	کاهش	کاه	کاهش	_	_
28	داده	داده	داده	_	_
29	و	و	و	_	_
30	اجازه	اجازه	اجازه	_	_
31	ندهیم	نده	داد#ده	_	_
32	جریان	جر	جریان	_	_
33	تجاری	تجار	تجار	_	_
34	کشور	کشور	کشور	_	_
35	متوقف	متوقف	متوقف	_	_
36	شود	شود	شد#شو	_	_
37	؛	؛	؛	_	_
38	ضمن	ضمن	ضمن	_	_
39	آنکه	آنکه	آنکه	_	_
40	اروپایی‌ها	اروپایی	اروپایی	_	_
41	به	به	به	_	_
42	چند	چند	چند	_	_
43	دلیل	دلیل	دلیل	_	_
44	نمی‌خواهند	نمی‌خواهند	خواست#خواه	_	_
45	تجارت	تجار	تجارت	_	_
46	با	با	با	_	_
47	ایران	ایر	ایران	_	_
48	را	را	را	_	_
49	رها	ر	رها	_	_
50	کنند	کنند	کرد#کن	_	_
51	.	.	.	_	_
				_	_
0	براساس	براساس	براساس	_	_
1	اعلام	اعلا	اعلام	_	_
2	بانک	بانک	بانک	_	_
3	صادرات	صادر	صادرات	_	_
4	ایران	ایر	ایران	_	_
5	،	،	،	_	_
6	حسین	حسین	حسین	_	_
7	یعقوبی	یعقوب	یعقوب	_	_
8	میاب	میاب	میاب	_	_
9	تأکید	تأکید	تأکید	_	_
10	می‌کند	می‌کند	کرد#کن	_	_
11	:	:	:	_	_
12	تحریم‌های	تحریم	تحریم	_	_
13	اخیر	اخیر	اخیر	_	_
14	مانند	مانند	مانند	_	_
15	تحریم‌های	تحریم	تحریم	_	_
16	سازمان	ساز	سازمان	_	_
17	ملل	ملل	ملل	_	_
18	گسترده	گسترده	گسترده	_	_
19	نیست	نیس	نیست	_	_
20	و	و	و	_	_
21	به	به	به	_	_
22	همین	همین	همین	_	_
23	دلیل	دلیل	دلیل	_	_
24	ابزارهای	ابزار	ابزار	_	_
25	بهتری	بهتر	بهتر	_	_
26	برای	برا	برای	_	_
27	مقابله	مقابله	مقابله	_	_
28	با	با	با	_	_
29	آنها	آن	آن	_	_
30	در	در	در	_	_
31	اختیار	اختیار	اختیار	_	_
32	داریم	دار	داشت#دار	_	_
33	.	.	.	_	_
				_	_
0	معاون	معاون	معاون	_	_
1	بین‌الملل	بین‌الملل	بین‌الملل	_	_
2	بانک	بانک	بانک	_	_
3	مرکزی	مرکز	مرکزی	_	_
4	تأکید	تأکید	تأکید	_	_
5	می‌کند	می‌کند	کرد#کن	_	_
6	:	:	:	_	_
7	دولت	دول	دولت	_	_
8	آمریکا	آمریکا	آمریکا	_	_
9	سعی	سع	سعی	_	_
10	کرده_است	کرده_اس	کرد#کن	_	_
11	با	با	با	_	_
12	خروج	خروج	خروج	_	_
13	از	از	از	_	_
14	برجام	برجا	برجا	_	_
15	،	،	،	_	_
16	اقتصاد	اقتصاد	اقتصاد	_	_
17	ایران	ایر	ایران	_	_
18	را	را	را	_	_
19	دچار	دچار	دچار	_	_
20	اختلال	اختلال	اختلال	_	_
21	کند	کند	کند	_	_
22	اما	اما	اما	_	_
23	حضور	حضور	حضور	_	_
24	اروپایی‌ها	اروپایی	اروپایی	_	_
25	و	و	و	_	_
26	تعهداتی	تعهدات	تعهدات	_	_
27	که	که	که	_	_
28	دادند	دادند	داد#ده	_	_
29	،	،	،	_	_
30	فشار	فشار	فشار	_	_
31	را	را	را	_	_
32	کمتر	ک	کمتر	_	_
33	کرد	کرد	کرد#کن	_	_
34	؛	؛	؛	_	_
35	تا	تا	تا	_	_
36	زمانی	زمان	زمان	_	_
37	که	که	که	_	_
38	اروپایی‌ها	اروپایی	اروپایی	_	_
39	حضور	حضور	حضور	_	_
40	دارند	دارند	داشت#دار	_	_
41	معافیت‌های	معافیت	معافیت	_	_
42	خوب	خوب	خوب	_	_
43	همچنان	همچن	همچنان	_	_
44	وجود	وجود	وجود	_	_
45	خواهد_داشت	خواهد_دا	داشت#دار	_	_
46	.	.	.	_	_
				_	_
0	یعقوبی	یعقوب	یعقوب	_	_
1	می‌افزاید	می‌افزاید	افزود#افزا	_	_
2	:	:	:	_	_
3	تصور	تصور	تصور	_	_
4	می‌کنم	می‌کن	کرد#کن	_	_
5	اروپایی‌ها	اروپایی	اروپایی	_	_
6	به	به	به	_	_
7	۲دلیل	۲دلیل	۲دلیل	_	_
8	به‌زودی	به‌زود	به‌زودی	_	_
9	کنار	کنار	کنار	_	_
10	نخواهند_رفت	نخواهند_رف	رفت#رو	_	_
11	؛	؛	؛	_	_
12	نخست	نخس	نخست	_	_
13	به‌واسطه	به‌واسطه	به‌واسطه	_	_
14	جنگ	جنگ	جنگ	_	_
15	تجاری	تجار	تجار	_	_
16	آنها	آن	آن	_	_
17	با	با	با	_	_
18	آمریکا	آمریکا	آمریکا	_	_
19	و	و	و	_	_
20	دوم	دو	دوم	_	_
21	اینکه	اینکه	اینکه	_	_
22	به‌دنبال	به‌دنبال	به‌دنبال	_	_
23	تقویت	تقو	تقویت	_	_
24	جایگاه	جایگاه	جایگاه	_	_
25	اروپا	اروپا	اروپا	_	_
26	در	در	در	_	_
27	فضای	فضا	فضا	_	_
28	اقتصاد	اقتصاد	اقتصاد	_	_
29	بین‌الملل	بین‌الملل	بین‌الملل	_	_
30	هستند	هستند	#هست	_	_
31	.	.	.	_	_
				_	_
0	رویترز	رویترز	رویترز	_	_
1	به	به	به	_	_
2	نقل	نقل	نقل	_	_
3	از	از	از	_	_
4	۳دیپلمات	۳دیپل	۳دیپلمات	_	_
5	اروپایی	اروپا	اروپایی	_	_
6	گزارش	گزار	گزارش	_	_
7	داد	داد	داد	_	_
8	:	:	:	_	_
9	کانال	کانال	کانال	_	_
10	مالی	مال	مالی	_	_
11	یا	یا	یا	_	_
12	سازوکار	سازوکار	سازوکار	_	_
13	اتحادیه	اتحادیه	اتحادیه	_	_
14	اروپا	اروپا	اروپا	_	_
15	برای	برا	برای	_	_
16	تسهیل	تسهیل	تسهیل	_	_
17	پرداخت	پرداخ	پرداخت	_	_
18	پول	پول	پول	_	_
19	اقلام	اقلا	اقلام	_	_
20	صادراتی	صادرات	صادرات	_	_
21	ایران	ایر	ایران	_	_
22	به	به	به	_	_
23	اروپا	اروپا	اروپا	_	_
24	با	با	با	_	_
25	هدف	هدف	هدف	_	_
26	عبور	عبور	عبور	_	_
27	از	از	از	_	_
28	تحریم‌های	تحریم	تحریم	_	_
29	آمریکا	آمریکا	آمریکا	_	_
30	،	،	،	_	_
31	تا	تا	تا	_	_
32	سیزدهم	سیزده	سیزدهم	_	_
33	آبان	آب	آبان	_	_
34	به	به	به	_	_
35	شکل	شکل	شکل	_	_
36	نمادین	نمادین	نمادین	_	_
37	آماده	آماده	آماده	_	_
38	می‌شود	می‌شود	شد#شو	_	_
39	اما	اما	اما	_	_
40	عملیاتی	عملیات	عملیاتی	_	_
41	شدن	شدن	شدن	_	_
42	آن	آن	آن	_	_
43	تا	تا	تا	_	_
44	اوایل	اوایل	اوایل	_	_
45	زمستان	زمس	زمستان	_	_
46	سال‌جاری	سال‌جار	سال‌جاری	_	_
47	طول	طول	طول	_	_
48	می‌کشد	می‌کشد	کشید#کش	_	_
49	.	.	.	_	_
				_	_
0	وزیر	وزیر	وزیر	_	_
1	امور	امور	امور	_	_
2	اقتصادی	اقتصاد	اقتصاد	_	_
3	و	و	و	_	_
4	دارایی	دارا	دارایی	_	_
5	با	با	با	_	_
6	بیان	ب	بیان	_	_
7	اینکه	اینکه	اینکه	_	_
8	تحریمی	تحریم	تحریم	_	_
9	که	که	که	_	_
10	می‌خواهند	می‌خواهند	خواست#خواه	_	_
11	در	در	در	_	_
12	۱۳	۱۳	۱۳	_	_
13	آبان	آب	آبان	_	_
14	اعلام	اعلا	اعلام	_	_
15	کنند	کنند	کرد#کن	_	_
16	قبلا	قبلا	قبلا	_	_
17	اجرایی	اجرا	اجرایی	_	_
18	کرده‌اند	کرده‌اند	کرد#کن	_	_
19	،	،	،	_	_
20	گفت	گف	گفت#گو	_	_
21	:	:	:	_	_
22	اولین	اولین	اولین	_	_
23	برنامه	برنامه	برنامه	_	_
24	مدنظر	مدنظر	مدنظر	_	_
25	،	،	،	_	_
26	تامین	تامین	تامین	_	_
27	مالی	مال	مالی	_	_
28	اقتصادی	اقتصاد	اقتصاد	_	_
29	و	و	و	_	_
30	دومین	دومین	دومین	_	_
31	کار	کار	کار	_	_
32	بهبود	بهبود	بهبود	_	_
33	فضای	فضا	فضا	_	_
34	کسب	کسب	کسب	_	_
35	و	و	و	_	_
36	کار	کار	کار	_	_
37	اقتصادی	اقتصاد	اقتصاد	_	_
38	از	از	از	_	_
39	طریق	طریق	طریق	_	_
40	تسهیل	تسهیل	تسهیل	_	_
41	شرایط	شرایط	شرایط	_	_
42	گمرکی	گمرک	گمرک	_	_
43	است	اس	#است	_	_
44	.	.	.	_	_
				_	_
0	به	به	به	_	_
1	گزارش	گزار	گزارش	_	_
2	فارس	فارس	فارس	_	_
3	،	،	،	_	_
4	فرهاد	فرهاد	فرهاد	_	_
5	دژپسند	دژپسند	دژپسند	_	_
6	وزیر	وزیر	وزیر	_	_
7	امور	امور	امور	_	_
8	اقتصادی	اقتصاد	اقتصاد	_	_
9	و	و	و	_	_
10	دارایی	دارا	دارایی	_	_
11	با	با	با	_	_
12	بیان	ب	بیان	_	_
13	اینکه	اینکه	اینکه	_	_
14	تحریمی	تحریم	تحریم	_	_
15	که	که	که	_	_
16	می‌خواهند	می‌خواهند	خواست#خواه	_	_
17	در	در	در	_	_
18	۱۳	۱۳	۱۳	_	_
19	آبان	آب	آبان	_	_
20	اعلام	اعلا	اعلام	_	_
21	کنند	کنند	کرد#کن	_	_
22	،	،	،	_	_
23	قبلا	قبلا	قبلا	_	_
24	اجرایی	اجرا	اجرایی	_	_
25	کرده‌اند	کرده‌اند	کرد#کن	_	_
26	،	،	،	_	_
27	گفت	گف	گفت#گو	_	_
28	:	:	:	_	_
29	در	در	در	_	_
30	وزارت	وزار	وزارت	_	_
31	امور	امور	امور	_	_
32	اقتصادی	اقتصاد	اقتصاد	_	_
33	و	و	و	_	_
34	دارایی	دارا	دارایی	_	_
35	در	در	در	_	_
36	حال	حال	حال	_	_
37	رصد	رصد	رصد	_	_
38	برنامه‌های	برنامه	برنامه	_	_
39	دشمن	دشمن	دشمن	_	_
40	و	و	و	_	_
41	در	در	در	_	_
42	حال	حال	حال	_	_
43	آماده‌سازی	آماده‌ساز	آماده‌ساز	_	_
44	بسته‌هایی	بسته	بسته	_	_
45	برای	برا	برای	_	_
46	مواجهه	مواجهه	مواجهه	_	_
47	با	با	با	_	_
48	این	این	این	_	_
49	دشمنی‌ها	دشمنی	دشمنی‌ها	_	_
50	هستیم	هست	#هست	_	_
51	.	.	.	_	_
				_	_
0	دژپسند	دژپسند	دژپسند	_	_
1	درباره	درباره	درباره	_	_
2	برنامه‌های	برنامه	برنامه	_	_
3	اصلی	اصل	اصل	_	_
4	خود	خود	خود	_	_
5	در	در	در	_	_
6	وزارت	وزار	وزارت	_	_
7	امور	امور	امور	_	_
8	اقتصادی	اقتصاد	اقتصاد	_	_
9	و	و	و	_	_
10	دارایی	دارا	دارایی	_	_
11	گفت	گف	گفت#گو	_	_
12	:	:	:	_	_
13	طبیعی	طبیع	طبیعی	_	_
14	است	اس	#است	_	_
15	که	که	که	_	_
16	در	در	در	_	_
17	این	این	این	_	_
18	شرایط	شرایط	شرایط	_	_
19	همه	همه	همه	_	_
20	انتظار	انتظار	انتظار	_	_
21	دارند	دارند	داشت#دار	_	_
22	که	که	که	_	_
23	با	با	با	_	_
24	توجه	توجه	توجه	_	_
25	به	به	به	_	_
26	تحریم‌های	تحریم	تحریم	_	_
27	دشمن	دشمن	دشمن	_	_
28	،	،	،	_	_
29	ببینند	ببینند	ببینند	_	_
30	ما	ما	ما	_	_
31	چه	چه	چه	_	_
32	برنامه‌ای	برنامه	برنامه	_	_
33	را	را	را	_	_
34	تدارک	تدارک	تدارک	_	_
35	دیدیم	دید	دید#بین	_	_
36	.	.	.	_	_
				_	_
0	وی	و	وی	_	_
1	افزود	افزود	افزود#افزا	_	_
2	:	:	:	_	_
3	اولین	اولین	اولین	_	_
4	برنامه	برنامه	برنامه	_	_
5	مدنظر	مدنظر	مدنظر	_	_
6	،	،	،	_	_
7	تامین	تامین	تامین	_	_
8	مالی	مال	مالی	_	_
9	اقتصادی	اقتصاد	اقتصاد	_	_
10	است	اس	#است	_	_
11	.	.	.	_	_
				_	_
0	دومین	دومین	دومین	_	_
1	کار	کار	کار	_	_
2	بهبود	بهبود	بهبود	_	_
3	فضای	فضا	فضا	_	_
4	کسب	کسب	کسب	_	_
5	و	و	و	_	_
6	کار	کار	کار	_	_
7	اقتصادی	اقتصاد	اقتصاد	_	_
8	از	از	از	_	_
9	طریق	طریق	طریق	_	_
10	تسهیل	تسهیل	تسهیل	_	_
11	شرایط	شرایط	شرایط	_	_
12	گمرکی	گمرک	گمرک	_	_
13	است	اس	#است	_	_
14	.	.	.	_	_
				_	_
0	سومین	سومین	سومین	_	_
1	کار	کار	کار	_	_
2	این	این	این	_	_
3	است	اس	#است	_	_
4	که	که	که	_	_
5	بتوانیم	بتوان	توانست#توان	_	_
6	سیاست‌های	سیاست	سیاست	_	_
7	خصوصی‌سازی	خصوصی‌ساز	خصوصی‌سازی	_	_
8	را	را	را	_	_
9	همان‌طور	همان‌طور	همان‌طور	_	_
10	که	که	که	_	_
11	در	در	در	_	_
12	اصل	اصل	اصل	_	_
13	۴۴	۴۴	۴۴	_	_
14	آمده_است	آمده_اس	آمد#آ	_	_
15	پیاده	پیاده	پیاده	_	_
16	کنیم	کن	کرد#کن	_	_
17	و	و	و	_	_
18	در	در	در	_	_
19	نهایت	ن	نهایت	_	_
20	با	با	با	_	_
21	الکترونیکی	الکترونیک	الکترونیک	_	_
22	کردن	کردن	کردن	_	_
23	و	و	و	_	_
24	ساماندهی	سامانده	ساماندهی	_	_
25	مشخص	مشخص	مشخص	_	_
26	،	،	،	_	_
27	با	با	با	_	_
28	فساد	فساد	فساد	_	_
29	مقابله	مقابله	مقابله	_	_
30	کنیم	کن	کرد#کن	_	_
31	چراکه	چراکه	چراکه	_	_
32	فساد	فساد	فساد	_	_
33	،	،	،	_	_
34	اقتصاد	اقتصاد	اقتصاد	_	_
35	را	را	را	_	_
36	زمین‌گیر	زمین‌گیر	زمین‌گیر	_	_
37	می‌کند	می‌کند	کرد#کن	_	_
38	.	.	.	_	_
				_	_
0	امیدوارم	امیدوار	امیدوار	_	_
1	در	در	در	_	_
2	این	این	این	_	_
3	کارها	کار	کار	_	_
4	با	با	با	_	_
5	همکاری	همکار	همکار	_	_
6	دیگران	دیگر	دیگر	_	_
7	،	،	،	_	_
8	گام	گا	گام	_	_
9	بلندی	بلند	بلند	_	_
10	برداریم	بردار	بردار	_	_
11	.	.	.	_	_
				_	_
0	=======	=======	=======	_	_
1	﻿مقام	﻿مقا	﻿مقام	_	_
2	معظم	معظ	معظم	_	_
3	رهبری	رهبر	رهبر	_	_
4	در	در	در	_	_
5	دیدار	دیدار	دیدار	_	_
6	رئیس	رئیس	رئیس	_	_
7	و	و	و	_	_
8	مسئولان	مسئول	مسئول	_	_
9	سازمان	ساز	سازمان	_	_
10	پدافند	پدافند	پدافند	_	_
11	غیرعامل	غیرعامل	غیرعامل	_	_
12	اظهار	اظهار	اظهار	_	_
13	داشتند	داشتند	داشت#دار	_	_
14	:	:	:	_	_
15	پدافند	پدافند	پدافند	_	_
16	غیرعامل	غیرعامل	غیرعامل	_	_
17	در	در	در	_	_
18	مقابل	مقابل	مقابل	_	_
19	تهاجم	تهاج	تهاجم	_	_
20	دشمنان	دشمن	دشمن	_	_
21	علمی	علم	علم	_	_
22	،	،	،	_	_
23	جدی	جد	جدی	_	_
24	و	و	و	_	_
25	همه‌جانبه	همه‌جانبه	همه‌جانبه	_	_
26	باشد	باشد	بود#باش	_	_
27	.	.	.	_	_
				_	_
0	به	به	به	_	_
1	گزارش	گزار	گزارش	_	_
2	پایگاه	پایگاه	پایگاه	_	_
3	اطلاع‌رسانی	اطلاع‌رسان	اطلاع‌رسانی	_	_
4	دفتر	دف	دفتر	_	_
5	حفظ	حفظ	حفظ	_	_
6	و	و	و	_	_
7	نشر	نشر	نشر	_	_
8	آثار	آثار	آثار	_	_
9	رهبر	رهبر	رهبر	_	_
10	معظم	معظ	معظم	_	_
11	انقلاب	انقلاب	انقلاب	_	_
12	،	،	،	_	_
13	حضرت	حضر	حضرت	_	_
14	آیت	آ	آیت	_	_
15	الله	الله	الله	_	_
16	خامنه‌ای	خامنه	خامنه	_	_
17	رهبر	رهبر	رهبر	_	_
18	معظم	معظ	معظم	_	_
19	انقلاب	انقلاب	انقلاب	_	_
20	اسلامی	اسلام	اسلام	_	_
21	ظهر	ظهر	ظهر	_	_
22	امروز	امروز	امروز	_	_
23	(	(	(	_	_
24	یکشنبه	یکشنبه	یکشنبه	_	_
25	۶	۶	۶	_	_
26	آبان	آب	آبان	_	_
27	)	)	)	_	_
28	در	در	در	_	_
29	این	این	این	_	_
30	دیدار	دیدار	دیدار	_	_
31	با	با	با	_	_
32	اشاره	اشاره	اشاره	_	_
33	به	به	به	_	_
34	اهمیت	اهم	اهمیت	_	_
35	روزافزون	روزافزون	روزافزون	_	_
36	پدافند	پدافند	پدافند	_	_
37	غیرعامل	غیرعامل	غیرعامل	_	_
38	در	در	در	_	_
39	مقابله	مقابله	مقابله	_	_
40	با	با	با	_	_
41	تهدیدهای	تهدید	تهدید	_	_
42	نو	نو	نو	_	_
43	شونده	شونده	شونده	_	_
44	دشمنان	دشمن	دشمن	_	_
45	،	،	،	_	_
46	تأکید	تأکید	تأکید	_	_
47	کردند	کردند	کرد#کن	_	_
48	:	:	:	_	_
49	در	در	در	_	_
50	مقابل	مقابل	مقابل	_	_
51	شیوه‌های	شیوه	شیوه	_	_
52	پیچیده	پیچیده	پیچیده	_	_
53	تهاجم	تهاج	تهاجم	_	_
54	دشمنان	دشمن	دشمن	_	_
55	،	،	،	_	_
56	پدافند	پدافند	پدافند	_	_
57	غیرعامل	غیرعامل	غیرعامل	_	_
58	نیز	نیز	نیز	_	_
59	باید	باید	باید	_	_
60	کاملا	کاملا	کاملا	_	_
61	هوشیار	هوشیار	هوشیار	_	_
62	و	و	و	_	_
63	جدی	جد	جدی	_	_
64	باشد	باشد	بود#باش	_	_
65	و	و	و	_	_
66	به	به	به	_	_
67	صورت	صور	صورت	_	_
68	علمی	علم	علم	_	_
69	،	،	،	_	_
70	دقیق	دقیق	دقیق	_	_
71	،	،	،	_	_
72	به‌روز	به‌روز	به‌روز	_	_
73	و	و	و	_	_
74	همه‌جانبه	همه‌جانبه	همه‌جانبه	_	_
75	عمل	عمل	عمل	_	_
76	و	و	و	_	_
77	با	با	با	_	_
78	هرگونه	هرگونه	هرگونه	_	_
79	نفوذ	نفوذ	نفوذ	_	_
80	مقابله	مقابله	مقابله	_	_
81	کند	کند	کند	_	_
82	.	.	.	_	_
				_	_
0	حضرت	حضر	حضرت	_	_
1	آیت	آ	آیت	_	_
2	الله	الله	الله	_	_
3	خامنه‌ای	خامنه	خامنه	_	_
4	توجه	توجه	توجه	_	_
5	مسئولان	مسئول	مسئول	_	_
6	در	در	در	_	_
7	همه	همه	همه	_	_
8	بخشها	بخش	بخش	_	_
9	به	به	به	_	_
10	اهمیت	اهم	اهمیت	_	_
11	پدافند	پدافند	پدافند	_	_
12	غیرعامل	غیرعامل	غیرعامل	_	_
13	را	را	را	_	_
14	لازم	لاز	لازم	_	_
15	دانستند	دانستند	دانست#دان	_	_
16	و	و	و	_	_
17	افزودند	افزودند	افزود#افزا	_	_
18	:	:	:	_	_
19	اگر	اگر	اگر	_	_
20	مدیران	مدیر	مدیر	_	_
21	کشور	کشور	کشور	_	_
22	اهمیت	اهم	اهمیت	_	_
23	این	این	این	_	_
24	مسئله	مسئله	مسئله	_	_
25	را	را	را	_	_
26	درک	درک	درک	_	_
27	نکنند	نکنند	کرد#کن	_	_
28	و	و	و	_	_
29	پدافند	پدافند	پدافند	_	_
30	غیرعامل	غیرعامل	غیرعامل	_	_
31	به	به	به	_	_
32	طور	طور	طور	_	_
33	شایسته	شایسته	شایسته	_	_
34	توسعه	توسعه	توسعه	_	_
35	پیدا	پیدا	پیدا	_	_
36	نکند	نکند	کرد#کن	_	_
37	،	،	،	_	_
38	کشور	کشور	کشور	_	_
39	در	در	در	_	_
40	معرض	معرض	معرض	_	_
41	تهدیدهای	تهدید	تهدید	_	_
42	بعضا	بعضا	بعضا	_	_
43	غیرقابل	غیرقابل	غیرقابل	_	_
44	جبران	جبر	جبران	_	_
45	قرار	قرار	قرار	_	_
46	خواهد_گرفت	خواهد_گرف	گرفت#گیر	_	_
47	،	،	،	_	_
48	بنابراین	بنابراین	بنابراین	_	_
49	مسئولان	مسئول	مسئول	_	_
50	بخش‌های	بخش	بخش	_	_
51	مختلف	مختلف	مختلف	_	_
52	کشور	کشور	کشور	_	_
53	چه	چه	چه	_	_
54	بخشهای	بخش	بخش	_	_
55	نظامی	نظام	نظام	_	_
56	و	و	و	_	_
57	چه	چه	چه	_	_
58	بخشهای	بخش	بخش	_	_
59	غیرنظامی	غیرنظام	غیرنظامی	_	_
60	،	،	،	_	_
61	باید	باید	باید	_	_
62	با	با	با	_	_
63	پدافند	پدافند	پدافند	_	_
64	غیرعامل	غیرعامل	غیرعامل	_	_
65	همکاری	همکار	همکار	_	_
66	کامل	کامل	کامل	_	_
67	و	و	و	_	_
68	لازم	لاز	لازم	_	_
69	انجام	انجا	انجام	_	_
70	دهند	دهند	داد#ده	_	_
71	.	.	.	_	_
				_	_
0	ایران	ایر	ایران	_	_
1	و	و	و	_	_
2	اتحادیه	اتحادیه	اتحادیه	_	_
3	اروپا	اروپا	اروپا	_	_
4	برای	برا	برای	_	_
5	رونمایی	رونما	رونما	_	_
6	از	از	از	_	_
7	یک	یک	یک	_	_
8	تونل	تونل	تونل	_	_
9	مالی	مال	مالی	_	_
10	ویژه‌	ویژه	ویژه	_	_
11	،	،	،	_	_
12	با	با	با	_	_
13	هدف	هدف	هدف	_	_
14	خنثی‌سازی	خنثی‌ساز	خنثی‌سازی	_	_
15	اثر	اثر	اثر	_	_
16	تحریم‌های	تحریم	تحریم	_	_
17	آمریکا	آمریکا	آمریکا	_	_
18	و	و	و	_	_
19	هموار	هموار	هموار	_	_
20	شدن	شدن	شدن	_	_
21	راه	راه	راه	_	_
22	تجارت	تجار	تجارت	_	_
23	بین	بین	بین	_	_
24	کشورمان	کشور	کشور	_	_
25	با	با	با	_	_
26	جهان	جه	جهان	_	_
27	آماده	آماده	آماده	_	_
28	می‌شوند	می‌شوند	شد#شو	_	_
29	.	.	.	_	_
				_	_
0	ایجاد	ایجاد	ایجاد	_	_
1	کانال	کانال	کانال	_	_
2	ویژه	ویژه	ویژه	_	_
3	مالی	مال	مالی	_	_
4	اروپا	اروپا	اروپا	_	_
5	یکی	یک	یک	_	_
6	از	از	از	_	_
7	گام‌های	گام	گام	_	_
8	عملی	عمل	عملی	_	_
9	برای	برا	برای	_	_
10	حفظ	حفظ	حفظ	_	_
11	برجام	برجا	برجا	_	_
12	و	و	و	_	_
13	بهره‌مندی	بهره‌مند	بهره‌مندی	_	_
14	ایران	ایر	ایران	_	_
15	از	از	از	_	_
16	منافع	منافع	منافع	_	_
17	اقتصادی	اقتصاد	اقتصاد	_	_
18	آن	آن	آن	_	_
19	ازجمله	ازجمله	ازجمله	_	_
20	ایمن	ایمن	ایمن	_	_
21	ماندن	ماندن	ماندن	_	_
22	مسیر	مسیر	مسیر	_	_
23	فروش	فرو	فروش	_	_
24	نفت	نف	نفت	_	_
25	و	و	و	_	_
26	دیگر	دیگر	دیگر	_	_
27	کالاهای	کالا	کالا	_	_
28	صادراتی	صادرات	صادرات	_	_
29	به	به	به	_	_
30	اروپا	اروپا	اروپا	_	_
31	و	و	و	_	_
32	البته	البته	البته	_	_
33	سایر	سایر	سایر	_	_
34	کشورها	کشور	کشور	_	_
35	به‌شمار	به‌شمار	به‌شمار	_	_
36	می‌رود	می‌رود	رفت#رو	_	_
37	و	و	و	_	_
38	قرار	قرار	قرار	_	_
39	است	اس	#است	_	_
40	مبنای	مبنا	مبنا	_	_
41	رد	رد	رد	_	_
42	و	و	و	_	_
43	بدل	بدل	بدل	_	_
44	مالی	مال	مالی	_	_
45	در	در	در	_	_
46	این	این	این	_	_
47	کانال	کانال	کانال	_	_
48	ویژه	ویژه	ویژه	_	_
49	براساس	براساس	براساس	_	_
50	یورو	یورو	یورو	_	_
51	و	و	و	_	_
52	نه	نه	نه	_	_
53	دلار	دلار	دلار	_	_
54	صورت	صور	صورت	_	_
55	گیرد	گیرد	گرفت#گیر	_	_
56	.	.	.	_	_
				_	_
0	به‌گزارش	به‌گزار	به‌گزارش	_	_
1	همشهری	همشهر	همشهری	_	_
2	،	،	،	_	_
3	عبدالناصر	عبدالناصر	عبدالناصر	_	_
4	همتی	همت	همت	_	_
5	،	،	،	_	_
6	رئیس‌کل	رئیس‌کل	رئیس‌کل	_	_
7	بانک	بانک	بانک	_	_
8	مرکزی	مرکز	مرکزی	_	_
9	ایران	ایر	ایران	_	_
10	در	در	در	_	_
11	تازه‌ترین	تازه	تازه	_	_
12	واکنش	واکن	واکنش	_	_
13	به	به	به	_	_
14	این	این	این	_	_
15	موضوع	موضوع	موضوع	_	_
16	گفته_است	گفته_اس	گفت#گو	_	_
17	جزئیات	جزئ	جزئیات	_	_
18	و	و	و	_	_
19	نحوه	نحوه	نحوه	_	_
20	استفاده	استفاده	استفاده	_	_
21	از	از	از	_	_
22	کانال	کانال	کانال	_	_
23	ویژه	ویژه	ویژه	_	_
24	مالی	مال	مالی	_	_
25	اروپا	اروپا	اروپا	_	_
26	هفته	هفته	هفته	_	_
27	آینده	آینده	آینده	_	_
28	در	در	در	_	_
29	جریان	جر	جریان	_	_
30	یک	یک	یک	_	_
31	نشست	نشس	نشست	_	_
32	که	که	که	_	_
33	در	در	در	_	_
34	شهر	شهر	شهر	_	_
35	بروکسل	بروکسل	بروکسل	_	_
36	بلژیک	بلژیک	بلژیک	_	_
37	،	،	،	_	_
38	مقر	مقر	مقر	_	_
39	اتحادیه	اتحادیه	اتحادیه	_	_
40	اروپا	اروپا	اروپا	_	_
41	برگزار	برگزار	برگزار	_	_
42	می‌شود	می‌شود	شد#شو	_	_
43	،	،	،	_	_
44	نهایی	ن	نهایی	_	_
45	خواهد_شد	خواهد_شد	شد#شو	_	_
46	.	.	.	_	_
				_	_
0	او	او	او	_	_
1	وعده	وعده	وعده	_	_
2	داده	داده	داده	_	_
3	جزئیات	جزئ	جزئیات	_	_
4	این	این	این	_	_
5	کانال	کانال	کانال	_	_
6	ضد‌تحریم	ضد‌تحر	ضد‌تحریم	_	_
7	به‌زودی	به‌زود	به‌زودی	_	_
8	اعلام	اعلا	اعلام	_	_
9	خواهد_شد	خواهد_شد	شد#شو	_	_
10	.	.	.	_	_
				_	_
0	به	به	به	_	_
1	گفته	گفته	گفته	_	_
2	این	این	این	_	_
3	مقام	مقا	مقام	_	_
4	ارشد	ارشد	ارشد	_	_
5	بانک	بانک	بانک	_	_
6	مرکزی	مرکز	مرکزی	_	_
7	،	،	،	_	_
8	جزئیات	جزئ	جزئیات	_	_
9	این	این	این	_	_
10	کانال	کانال	کانال	_	_
11	هفته	هفته	هفته	_	_
12	آینده	آینده	آینده	_	_
13	بین	بین	بین	_	_
14	ایران	ایر	ایران	_	_
15	و	و	و	_	_
16	اروپا	اروپا	اروپا	_	_
17	مورد	مورد	مورد	_	_
18	بررسی	بررس	بررسی	_	_
19	نهایی	ن	نهایی	_	_
20	قرار	قرار	قرار	_	_
21	می‌گیرد	می‌گیرد	گرفت#گیر	_	_
22	و	و	و	_	_
23	هدف	هدف	هدف	_	_
24	نخست	نخس	نخست	_	_
25	آن	آن	آن	_	_
26	رفع	رفع	رفع	_	_
27	مشکلات	مشکل	مشکلات	_	_
28	مربوط	مربوط	مربوط	_	_
29	به	به	به	_	_
30	انجام	انجا	انجام	_	_
31	پرداخت‌های	پرداخت	پرداخت	_	_
32	مالی	مال	مالی	_	_
33	است	اس	#است	_	_
34	.	.	.	_	_
				_	_
0	او	او	او	_	_
1	در	در	در	_	_
2	صفحه	صفحه	صفحه	_	_
3	اینستاگرام	اینستاگرا	اینستاگرام	_	_
4	خود	خود	خود	_	_
5	نوشته_است	نوشته_اس	نوشت#نویس	_	_
6	:	:	:	_	_
7	کانال	کانال	کانال	_	_
8	ویژه	ویژه	ویژه	_	_
9	مالی	مال	مالی	_	_
10	اروپا	اروپا	اروپا	_	_
11	،	،	،	_	_
12	نقش	نق	نقش	_	_
13	نوعی	نوع	نوع	_	_
14	پیمان	پ	پیمان	_	_
15	پولی	پول	پول	_	_
16	دوجانبه	دوجانبه	دوجانبه	_	_
17	میان	م	میان	_	_
18	ایران	ایر	ایران	_	_
19	و	و	و	_	_
20	اتحادیه	اتحادیه	اتحادیه	_	_
21	اروپا	اروپا	اروپا	_	_
22	را	را	را	_	_
23	ایفا	ایفا	ایفا	_	_
24	خواهد_کرد	خواهد_کرد	کرد#کن	_	_
25	و	و	و	_	_
26	هر	هر	هر	_	_
27	دو	دو	دو	_	_
28	طرف	طرف	طرف	_	_
29	بر	بر	بر	_	_
30	تسریع	تسریع	تسریع	_	_
31	در	در	در	_	_
32	عملیاتی	عملیات	عملیاتی	_	_
33	شدن	شدن	شدن	_	_
34	این	این	این	_	_
35	فرایند	فرایند	فرایند	_	_
36	تأکید	تأکید	تأکید	_	_
37	دارند	دارند	داشت#دار	_	_
38	.	.	.	_	_
				_	_
0	پیش‌تر	پیش	پیش	_	_
1	در	در	در	_	_
2	هفته	هفته	هفته	_	_
3	نخست	نخس	نخست	_	_
4	مهرماه	مهرماه	مهرماه	_	_
5	فدریکا	فدریکا	فدریکا	_	_
6	موگرینی	موگرین	موگرینی	_	_
7	،	،	،	_	_
8	مسئول	مسئول	مسئول	_	_
9	سیاست	سیاس	سیاست	_	_
10	خارجی	خارج	خارج	_	_
11	اتحادیه	اتحادیه	اتحادیه	_	_
12	اروپا	اروپا	اروپا	_	_
13	،	،	،	_	_
14	قول	قول	قول	_	_
15	داده_بود	داده_بود	داد#ده	_	_
16	که	که	که	_	_
17	کانال	کانال	کانال	_	_
18	ویژه	ویژه	ویژه	_	_
19	مالی	مال	مالی	_	_
20	اروپا	اروپا	اروپا	_	_
21	تا	تا	تا	_	_
22	قبل	قبل	قبل	_	_
23	از	از	از	_	_
24	۱۰	۱۰	۱۰	_	_
25	آبان	آب	آبان	_	_
26	یعنی	یعن	یعنی	_	_
27	چند	چند	چند	_	_
28	روز	روز	روز	_	_
29	مانده	مانده	مانده	_	_
30	به	به	به	_	_
31	اعمال	اعمال	اعمال	_	_
32	مرحله	مرحله	مرحله	_	_
33	دوم	دو	دوم	_	_
34	تحریم‌های	تحریم	تحریم	_	_
35	یکجانبه	یکجانبه	یکجانبه	_	_
36	و	و	و	_	_
37	فراسرزمینی	فراسرزمین	فراسرزمینی	_	_
38	آمریکا	آمریکا	آمریکا	_	_
39	علیه	علیه	علیه	_	_
40	ایران	ایر	ایران	_	_
41	ایجاد	ایجاد	ایجاد	_	_
42	شود	شود	شد#شو	_	_
43	.	.	.	_	_
				_	_
0	ایجاد	ایجاد	ایجاد	_	_
1	کانال	کانال	کانال	_	_
2	ویژه	ویژه	ویژه	_	_
3	مالی	مال	مالی	_	_
4	بر	بر	بر	_	_
5	مبنای	مبنا	مبنا	_	_
6	الگوی	الگو	الگو	_	_
7	پیمان	پ	پیمان	_	_
8	دوجانبه	دوجانبه	دوجانبه	_	_
9	پولی	پول	پول	_	_
10	به	به	به	_	_
11	این	این	این	_	_
12	معناست	معناس	معناست	_	_
13	که	که	که	_	_
14	بین	بین	بین	_	_
15	ایران	ایر	ایران	_	_
16	به‌عنوان	به‌عنو	به‌عنوان	_	_
17	کشور	کشور	کشور	_	_
18	صادرکننده	صادرکننده	صادرکننده	_	_
19	نفت	نف	نفت	_	_
20	و	و	و	_	_
21	سایر	سایر	سایر	_	_
22	کالاها	کالا	کالا	_	_
23	و	و	و	_	_
24	کشور	کشور	کشور	_	_
25	خریدار	خریدار	خریدار	_	_
26	،	،	،	_	_
27	پول	پول	پول	_	_
28	ملی	مل	ملی	_	_
29	۲کشور	۲کشور	۲کشور	_	_
30	مبنای	مبنا	مبنا	_	_
31	عمل	عمل	عمل	_	_
32	تسویه‌حساب	تسویه‌حساب	تسویه‌حساب	_	_
33	قرار	قرار	قرار	_	_
34	می‌گیرد	می‌گیرد	گرفت#گیر	_	_
35	اما	اما	اما	_	_
36	پیش	پ	پیش	_	_
37	از	از	از	_	_
38	این	این	این	_	_
39	اعلام	اعلا	اعلام	_	_
40	شده_بود	شده_بود	شد#شو	_	_
41	که	که	که	_	_
42	سازوکار	سازوکار	سازوکار	_	_
43	مالی	مال	مالی	_	_
44	پیشنهادشده	پیشنهادشده	پیشنهادشده	_	_
45	از	از	از	_	_
46	سوی	سو	سو	_	_
47	اروپا	اروپا	اروپا	_	_
48	بر	بر	بر	_	_
49	مبنای	مبنا	مبنا	_	_
50	یورو	یورو	یورو	_	_
51	به‌معنای	به‌معنا	به‌معنای	_	_
52	واحد	واحد	واحد	_	_
53	پولی	پول	پول	_	_
54	این	این	این	_	_
55	قاره	قاره	قاره	_	_
56	خواهد_بود	خواهد_بود	بود#باش	_	_
57	و	و	و	_	_
58	اجرایی	اجرا	اجرایی	_	_
59	شدن	شدن	شدن	_	_
60	آن	آن	آن	_	_
61	مستلزم	مستلز	مستلزم	_	_
62	همکاری	همکار	همکار	_	_
63	بانک‌های	بانک	بانک	_	_
64	مرکزی	مرکز	مرکزی	_	_
65	ایران	ایر	ایران	_	_
66	با	با	با	_	_
67	دیگر	دیگر	دیگر	_	_
68	بانک‌های	بانک	بانک	_	_
69	مرکزی	مرکز	مرکزی	_	_
70	اروپاست	اروپاس	اروپاست	_	_
71	.	.	.	_	_
				_	_
0	ایرنا	ایرنا	ایرنا	_	_
1	گزارش	گزار	گزارش	_	_
2	داده	داده	داده	_	_
3	در	در	در	_	_
4	قالب	قالب	قالب	_	_
5	سازوکار	سازوکار	سازوکار	_	_
6	مالی	مال	مالی	_	_
7	پیشنهادی	پیشنهاد	پیشنهاد	_	_
8	اروپا	اروپا	اروپا	_	_
9	،	،	،	_	_
10	ایران	ایر	ایران	_	_
11	می‌تواند	می‌تواند	توانست#توان	_	_
12	کالاها	کالا	کالا	_	_
13	ازجمله	ازجمله	ازجمله	_	_
14	نفت	نف	نفت	_	_
15	و	و	و	_	_
16	فرآورده‌های	فرآورده	فرآورده	_	_
17	نفتی	نفت	نفت	_	_
18	را	را	را	_	_
19	به	به	به	_	_
20	اروپا	اروپا	اروپا	_	_
21	صادر	صادر	صادر	_	_
22	و	و	و	_	_
23	در	در	در	_	_
24	قبال	قبال	قبال	_	_
25	آن	آن	آن	_	_
26	کالاها	کالا	کالا	_	_
27	و	و	و	_	_
28	خدمات	خد	خدمات	_	_
29	موردنیاز	موردنیاز	موردنیاز	_	_
30	را	را	را	_	_
31	از	از	از	_	_
32	کشورهای	کشور	کشور	_	_
33	اروپایی	اروپا	اروپایی	_	_
34	خریداری	خریدار	خریدار	_	_
35	کند	کند	کند	_	_
36	و	و	و	_	_
37	تهاتر	ت	تهاتر	_	_
38	دریافت	دریاف	دریافت	_	_
39	و	و	و	_	_
40	پرداخت‌ها	پرداخت	پرداخت	_	_
41	بین	بین	بین	_	_
42	بانک‌های	بانک	بانک	_	_
43	مرکزی	مرکز	مرکزی	_	_
44	و	و	و	_	_
45	نه	نه	نه	_	_
46	شبکه	شبکه	شبکه	_	_
47	بانکی	بانک	بانک	_	_
48	صورت	صور	صورت	_	_
49	می‌پذیرد	می‌پذیرد	پذیرفت#پذیر	_	_
50	.	.	.	_	_
				_	_
0	«	«	«	_	_
1	آلبرت	آلبر	آلبرت	_	_
2	بغزیان	بغز	بغزیان	_	_
3	»	»	»	_	_
4	استاد	استاد	استاد	_	_
5	اقتصاد	اقتصاد	اقتصاد	_	_
6	دانشگاه	دانشگاه	دانشگاه	_	_
7	تهران	تهر	تهران	_	_
8	می‌گوید	می‌گوید	گفت#گو	_	_
9	:	:	:	_	_
10	اگر	اگر	اگر	_	_
11	اروپا	اروپا	اروپا	_	_
12	بخواهد	بخواهد	خواست#خواه	_	_
13	و	و	و	_	_
14	از	از	از	_	_
15	آمریکا	آمریکا	آمریکا	_	_
16	ترس	ترس	ترس	_	_
17	نداشته_باشد	نداشته_باشد	داشت#دار	_	_
18	،	،	،	_	_
19	به‌راحتی	به‌راحت	به‌راحتی	_	_
20	می‌تواند	می‌تواند	توانست#توان	_	_
21	این	این	این	_	_
22	کانال	کانال	کانال	_	_
23	ارتباط	ارتباط	ارتباط	_	_
24	مالی	مال	مالی	_	_
25	یورویی	یورو	یورو	_	_
26	را	را	را	_	_
27	با	با	با	_	_
28	ایران	ایر	ایران	_	_
29	برقرار	برقرار	برقرار	_	_
30	کند	کند	کند	_	_
31	؛	؛	؛	_	_
				_	_
0	چون	چون	چون	_	_
1	حساب‌ها	حساب	حساب	_	_
2	بر	بر	بر	_	_
3	پایه	پایه	پایه	_	_
4	یورو	یورو	یورو	_	_
5	نگهداری	نگهدار	نگهداری	_	_
6	می‌شود	می‌شود	شد#شو	_	_
7	،	،	،	_	_
8	به‌راحتی	به‌راحت	به‌راحتی	_	_
9	می‌توان	می‌تو	می‌توان	_	_
10	درآمد	درآمد	درآمد	_	_
11	حاصل	حاصل	حاصل	_	_
12	از	از	از	_	_
13	صادرات	صادر	صادرات	_	_
14	ایران	ایر	ایران	_	_
15	را	را	را	_	_
16	با	با	با	_	_
17	واردات	وارد	واردات	_	_
18	کالاها	کالا	کالا	_	_
19	و	و	و	_	_
20	خدمات	خد	خدمات	_	_
21	از	از	از	_	_
22	حوزه	حوزه	حوزه	_	_
23	اروپا	اروپا	اروپا	_	_
24	تهاتر	ت	تهاتر	_	_
25	کرد	کرد	کرد#کن	_	_
26	.	.	.	_	_
				_	_
0	عباس	عباس	عباس	_	_
1	هشی	هش	هشی	_	_
2	،	،	،	_	_
3	کارشناس	کارشناس	کارشناس	_	_
4	اقتصادی	اقتصاد	اقتصاد	_	_
5	هم	ه	هم	_	_
6	توضیح	توضیح	توضیح	_	_
7	می‌دهد	می‌دهد	داد#ده	_	_
8	این	این	این	_	_
9	کانال	کانال	کانال	_	_
10	یورویی	یورو	یورو	_	_
11	اختراع	اختراع	اختراع	_	_
12	جدیدی	جدید	جدید	_	_
13	نیست	نیس	نیست	_	_
14	و	و	و	_	_
15	عملکرد	عملکرد	عملکرد	_	_
16	آن	آن	آن	_	_
17	همچون	همچون	همچون	_	_
18	اتاق‌های	اتاق	اتاق	_	_
19	تسویه	تسویه	تسویه	_	_
20	پایاپای	پایاپا	پایاپای	_	_
21	در	در	در	_	_
22	زمان	ز	زمان	_	_
23	جنگ	جنگ	جنگ	_	_
24	تحمیلی	تحمیل	تحمیل	_	_
25	خواهد_بود	خواهد_بود	بود#باش	_	_
26	.	.	.	_	_
				_	_
0	معاون	معاون	معاون	_	_
1	بین‌الملل	بین‌الملل	بین‌الملل	_	_
2	بانک	بانک	بانک	_	_
3	مرکزی	مرکز	مرکزی	_	_
4	می‌گوید	می‌گوید	گفت#گو	_	_
5	:	:	:	_	_
6	آمریکایی‌ها	آمریکایی	آمریکایی	_	_
7	پیش	پ	پیش	_	_
8	از	از	از	_	_
9	١٣	١٣	١٣	_	_
10	آبان	آب	آبان	_	_
11	هرچه	هرچه	هرچه	_	_
12	در	در	در	_	_
13	توان	تو	توان	_	_
14	داشتند	داشتند	داشت#دار	_	_
15	،	،	،	_	_
16	انجام	انجا	انجام	_	_
17	دادند	دادند	داد#ده	_	_
18	اما	اما	اما	_	_
19	با	با	با	_	_
20	برنامه‌ریزی‌ها	برنامه‌ریزی	برنامه‌ریزی	_	_
21	،	،	،	_	_
22	تلاش	تلا	تلاش	_	_
23	داریم	دار	داشت#دار	_	_
24	هزینه‌های	هزینه	هزینه	_	_
25	تحریم	تحر	تحریم	_	_
26	را	را	را	_	_
27	کاهش	کاه	کاهش	_	_
28	داده	داده	داده	_	_
29	و	و	و	_	_
30	اجازه	اجازه	اجازه	_	_
31	ندهیم	نده	داد#ده	_	_
32	جریان	جر	جریان	_	_
33	تجاری	تجار	تجار	_	_
34	کشور	کشور	کشور	_	_
35	متوقف	متوقف	متوقف	_	_
36	شود	شود	شد#شو	_	_
37	؛	؛	؛	_	_
38	ضمن	ضمن	ضمن	_	_
39	آنکه	آنکه	آنکه	_	_
40	اروپایی‌ها	اروپایی	اروپایی	_	_
41	به	به	به	_	_
42	چند	چند	چند	_	_
43	دلیل	دلیل	دلیل	_	_
44	نمی‌خواهند	نمی‌خواهند	خواست#خواه	_	_
45	تجارت	تجار	تجارت	_	_
46	با	با	با	_	_
47	ایران	ایر	ایران	_	_
48	را	را	را	_	_
49	رها	ر	رها	_	_
50	کنند	کنند	کرد#کن	_	_
51	.	.	.	_	_
				_	_
0	براساس	براساس	براساس	_	_
1	اعلام	اعلا	اعلام	_	_
2	بانک	بانک	بانک	_	_
3	صادرات	صادر	صادرات	_	_
4	ایران	ایر	ایران	_	_
5	،	،	،	_	_
6	حسین	حسین	حسین	_	_
7	یعقوبی	یعقوب	یعقوب	_	_
8	میاب	میاب	میاب	_	_
9	تأکید	تأکید	تأکید	_	_
10	می‌کند	می‌کند	کرد#کن	_	_
11	:	:	:	_	_
12	تحریم‌های	تحریم	تحریم	_	_
13	اخیر	اخیر	اخیر	_	_
14	مانند	مانند	مانند	_	_
15	تحریم‌های	تحریم	تحریم	_	_
16	سازمان	ساز	سازمان	_	_
17	ملل	ملل	ملل	_	_
18	گسترده	گسترده	گسترده	_	_
19	نیست	نیس	نیست	_	_
20	و	و	و	_	_
21	به	به	به	_	_
22	همین	همین	همین	_	_
23	دلیل	دلیل	دلیل	_	_
24	ابزارهای	ابزار	ابزار	_	_
25	بهتری	بهتر	بهتر	_	_
26	برای	برا	برای	_	_
27	مقابله	مقابله	مقابله	_	_
28	با	با	با	_	_
29	آنها	آن	آن	_	_
30	در	در	در	_	_
31	اختیار	اختیار	اختیار	_	_
32	داریم	دار	داشت#دار	_	_
33	.	.	.	_	_
				_	_
0	معاون	معاون	معاون	_	_
1	بین‌الملل	بین‌الملل	بین‌الملل	_	_
2	بانک	بانک	بانک	_	_
3	مرکزی	مرکز	مرکزی	_	_
4	تأکید	تأکید	تأکید	_	_
5	می‌کند	می‌کند	کرد#کن	_	_
6	:	:	:	_	_
7	دولت	دول	دولت	_	_
8	آمریکا	آمریکا	آمریکا	_	_
9	سعی	سع	سعی	_	_
10	کرده_است	کرده_اس	کرد#کن	_	_
11	با	با	با	_	_
12	خروج	خروج	خروج	_	_
13	از	از	از	_	_
14	برجام	برجا	برجا	_	_
15	،	،	،	_	_
16	اقتصاد	اقتصاد	اقتصاد	_	_
17	ایران	ایر	ایران	_	_
18	را	را	را	_	_
19	دچار	دچار	دچار	_	_
20	اختلال	اختلال	اختلال	_	_
21	کند	کند	کند	_	_
22	اما	اما	اما	_	_
23	حضور	حضور	حضور	_	_
24	اروپایی‌ها	اروپایی	اروپایی	_	_
25	و	و	و	_	_
26	تعهداتی	تعهدات	تعهدات	_	_
27	که	که	که	_	_
28	دادند	دادند	داد#ده	_	_
29	،	،	،	_	_
30	فشار	فشار	فشار	_	_
31	را	را	را	_	_
32	کمتر	ک	کمتر	_	_
33	کرد	کرد	کرد#کن	_	_
34	؛	؛	؛	_	_
35	تا	تا	تا	_	_
36	زمانی	زمان	زمان	_	_
37	که	که	که	_	_
38	اروپایی‌ها	اروپایی	اروپایی	_	_
39	حضور	حضور	حضور	_	_
40	دارند	دارند	داشت#دار	_	_
41	معافیت‌های	معافیت	معافیت	_	_
42	خوب	خوب	خوب	_	_
43	همچنان	همچن	همچنان	_	_
44	وجود	وجود	وجود	_	_
45	خواهد_داشت	خواهد_دا	داشت#دار	_	_
46	.	.	.	_	_
				_	_
0	یعقوبی	یعقوب	یعقوب	_	_
1	می‌افزاید	می‌افزاید	افزود#افزا	_	_
2	:	:	:	_	_
3	تصور	تصور	تصور	_	_
4	می‌کنم	می‌کن	کرد#کن	_	_
5	اروپایی‌ها	اروپایی	اروپایی	_	_
6	به	به	به	_	_
7	۲دلیل	۲دلیل	۲دلیل	_	_
8	به‌زودی	به‌زود	به‌زودی	_	_
9	کنار	کنار	کنار	_	_
10	نخواهند_رفت	نخواهند_رف	رفت#رو	_	_
11	؛	؛	؛	_	_
12	نخست	نخس	نخست	_	_
13	به‌واسطه	به‌واسطه	به‌واسطه	_	_
14	جنگ	جنگ	جنگ	_	_
15	تجاری	تجار	تجار	_	_
16	آنها	آن	آن	_	_
17	با	با	با	_	_
18	آمریکا	آمریکا	آمریکا	_	_
19	و	و	و	_	_
20	دوم	دو	دوم	_	_
21	اینکه	اینکه	اینکه	_	_
22	به‌دنبال	به‌دنبال	به‌دنبال	_	_
23	تقویت	تقو	تقویت	_	_
24	جایگاه	جایگاه	جایگاه	_	_
25	اروپا	اروپا	اروپا	_	_
26	در	در	در	_	_
27	فضای	فضا	فضا	_	_
28	اقتصاد	اقتصاد	اقتصاد	_	_
29	بین‌الملل	بین‌الملل	بین‌الملل	_	_
30	هستند	هستند	#هست	_	_
31	.	.	.	_	_
				_	_
0	رویترز	رویترز	رویترز	_	_
1	به	به	به	_	_
2	نقل	نقل	نقل	_	_
3	از	از	از	_	_
4	۳دیپلمات	۳دیپل	۳دیپلمات	_	_
5	اروپایی	اروپا	اروپایی	_	_
6	گزارش	گزار	گزارش	_	_
7	داد	داد	داد	_	_
8	:	:	:	_	_
9	کانال	کانال	کانال	_	_
10	مالی	مال	مالی	_	_
11	یا	یا	یا	_	_
12	سازوکار	سازوکار	سازوکار	_	_
13	اتحادیه	اتحادیه	اتحادیه	_	_
14	اروپا	اروپا	اروپا	_	_
15	برای	برا	برای	_	_
16	تسهیل	تسهیل	تسهیل	_	_
17	پرداخت	پرداخ	پرداخت	_	_
18	پول	پول	پول	_	_
19	اقلام	اقلا	اقلام	_	_
20	صادراتی	صادرات	صادرات	_	_
21	ایران	ایر	ایران	_	_
22	به	به	به	_	_
23	اروپا	اروپا	اروپا	_	_
24	با	با	با	_	_
25	هدف	هدف	هدف	_	_
26	عبور	عبور	عبور	_	_
27	از	از	از	_	_
28	تحریم‌های	تحریم	تحریم	_	_
29	آمریکا	آمریکا	آمریکا	_	_
30	،	،	،	_	_
31	تا	تا	تا	_	_
32	سیزدهم	سیزده	سیزدهم	_	_
33	آبان	آب	آبان	_	_
34	به	به	به	_	_
35	شکل	شکل	شکل	_	_
36	نمادین	نمادین	نمادین	_	_
37	آماده	آماده	آماده	_	_
38	می‌شود	می‌شود	شد#شو	_	_
39	اما	اما	اما	_	_
40	عملیاتی	عملیات	عملیاتی	_	_
41	شدن	شدن	شدن	_	_
42	آن	آن	آن	_	_
43	تا	تا	تا	_	_
44	اوایل	اوایل	اوایل	_	_
45	زمستان	زمس	زمستان	_	_
46	سال‌جاری	سال‌جار	سال‌جاری	_	_
47	طول	طول	طول	_	_
48	می‌کشد	می‌کشد	کشید#کش	_	_
49	.	.	.	_	_
				_	_
0	وزیر	وزیر	وزیر	_	_
1	امور	امور	امور	_	_
2	اقتصادی	اقتصاد	اقتصاد	_	_
3	و	و	و	_	_
4	دارایی	دارا	دارایی	_	_
5	با	با	با	_	_
6	بیان	ب	بیان	_	_
7	اینکه	اینکه	اینکه	_	_
8	تحریمی	تحریم	تحریم	_	_
9	که	که	که	_	_
10	می‌خواهند	می‌خواهند	خواست#خواه	_	_
11	در	در	در	_	_
12	۱۳	۱۳	۱۳	_	_
13	آبان	آب	آبان	_	_
14	اعلام	اعلا	اعلام	_	_
15	کنند	کنند	کرد#کن	_	_
16	قبلا	قبلا	قبلا	_	_
17	اجرایی	اجرا	اجرایی	_	_
18	کرده‌اند	کرده‌اند	کرد#کن	_	_
19	،	،	،	_	_
20	گفت	گف	گفت#گو	_	_
21	:	:	:	_	_
22	اولین	اولین	اولین	_	_
23	برنامه	برنامه	برنامه	_	_
24	مدنظر	مدنظر	مدنظر	_	_
25	،	،	،	_	_
26	تامین	تامین	تامین	_	_
27	مالی	مال	مالی	_	_
28	اقتصادی	اقتصاد	اقتصاد	_	_
29	و	و	و	_	_
30	دومین	دومین	دومین	_	_
31	کار	کار	کار	_	_
32	بهبود	بهبود	بهبود	_	_
33	فضای	فضا	فضا	_	_
34	کسب	کسب	کسب	_	_
35	و	و	و	_	_
36	کار	کار	کار	_	_
37	اقتصادی	اقتصاد	اقتصاد	_	_
38	از	از	از	_	_
39	طریق	طریق	طریق	_	_
40	تسهیل	تسهیل	تسهیل	_	_
41	شرایط	شرایط	شرایط	_	_
42	گمرکی	گمرک	گمرک	_	_
43	است	اس	#است	_	_
44	.	.	.	_	_
				_	_
0	به	به	به	_	_
1	گزارش	گزار	گزارش	_	_
2	فارس	فارس	فارس	_	_
3	،	،	،	_	_
4	فرهاد	فرهاد	فرهاد	_	_
5	دژپسند	دژپسند	دژپسند	_	_
6	وزیر	وزیر	وزیر	_	_
7	امور	امور	امور	_	_
8	اقتصادی	اقتصاد	اقتصاد	_	_
9	و	و	و	_	_
10	دارایی	دارا	دارایی	_	_
11	با	با	با	_	_
12	بیان	ب	بیان	_	_
13	اینکه	اینکه	اینکه	_	_
14	تحریمی	تحریم	تحریم	_	_
15	که	که	که	_	_
16	می‌خواهند	می‌خواهند	خواست#خواه	_	_
17	در	در	در	_	_
18	۱۳	۱۳	۱۳	_	_
19	آبان	آب	آبان	_	_
20	اعلام	اعلا	اعلام	_	_
21	کنند	کنند	کرد#کن	_	_
22	،	،	،	_	_
23	قبلا	قبلا	قبلا	_	_
24	اجرایی	اجرا	اجرایی	_	_
25	کرده‌اند	کرده‌اند	کرد#کن	_	_
26	،	،	،	_	_
27	گفت	گف	گفت#گو	_	_
28	:	:	:	_	_
29	در	در	در	_	_
30	وزارت	وزار	وزارت	_	_
31	امور	امور	امور	_	_
32	اقتصادی	اقتصاد	اقتصاد	_	_
33	و	و	و	_	_
34	دارایی	دارا	دارایی	_	_
35	در	در	در	_	_
36	حال	حال	حال	_	_
37	رصد	رصد	رصد	_	_
38	برنامه‌های	برنامه	برنامه	_	_
39	دشمن	دشمن	دشمن	_	_
40	و	و	و	_	_
41	در	در	در	_	_
42	حال	حال	حال	_	_
43	آماده‌سازی	آماده‌ساز	آماده‌ساز	_	_
44	بسته‌هایی	بسته	بسته	_	_
45	برای	برا	برای	_	_
46	مواجهه	مواجهه	مواجهه	_	_
47	با	با	با	_	_
48	این	این	این	_	_
49	دشمنی‌ها	دشمنی	دشمنی‌ها	_	_
50	هستیم	هست	#هست	_	_
51	.	.	.	_	_
				_	_
0	دژپسند	دژپسند	دژپسند	_	_
1	درباره	درباره	درباره	_	_
2	برنامه‌های	برنامه	برنامه	_	_
3	اصلی	اصل	اصل	_	_
4	خود	خود	خود	_	_
5	در	در	در	_	_
6	وزارت	وزار	وزارت	_	_
7	امور	امور	امور	_	_
8	اقتصادی	اقتصاد	اقتصاد	_	_
9	و	و	و	_	_
10	دارایی	دارا	دارایی	_	_
11	گفت	گف	گفت#گو	_	_
12	:	:	:	_	_
13	طبیعی	طبیع	طبیعی	_	_
14	است	اس	#است	_	_
15	که	که	که	_	_
16	در	در	در	_	_
17	این	این	این	_	_
18	شرایط	شرایط	شرایط	_	_
19	همه	همه	همه	_	_
20	انتظار	انتظار	انتظار	_	_
21	دارند	دارند	داشت#دار	_	_
22	که	که	که	_	_
23	با	با	با	_	_
24	توجه	توجه	توجه	_	_
25	به	به	به	_	_
26	تحریم‌های	تحریم	تحریم	_	_
27	دشمن	دشمن	دشمن	_	_
28	،	،	،	_	_
29	ببینند	ببینند	ببینند	_	_
30	ما	ما	ما	_	_
31	چه	چه	چه	_	_
32	برنامه‌ای	برنامه	برنامه	_	_
33	را	را	را	_	_
34	تدارک	تدارک	تدارک	_	_
35	دیدیم	دید	دید#بین	_	_
36	.	.	.	_	_
				_	_
0	وی	و	وی	_	_
1	افزود	افزود	افزود#افزا	_	_
2	:	:	:	_	_
3	اولین	اولین	اولین	_	_
4	برنامه	برنامه	برنامه	_	_
5	مدنظر	مدنظر	مدنظر	_	_
6	،	،	،	_	_
7	تامین	تامین	تامین	_	_
8	مالی	مال	مالی	_	_
9	اقتصادی	اقتصاد	اقتصاد	_	_
10	است	اس	#است	_	_
11	.	.	.	_	_
				_	_
0	دومین	دومین	دومین	_	_
1	کار	کار	کار	_	_
2	بهبود	بهبود	بهبود	_	_
3	فضای	فضا	فضا	_	_
4	کسب	کسب	کسب	_	_
5	و	و	و	_	_
6	کار	کار	کار	_	_
7	اقتصادی	اقتصاد	اقتصاد	_	_
8	از	از	از	_	_
9	طریق	طریق	طریق	_	_
10	تسهیل	تسهیل	تسهیل	_	_
11	شرایط	شرایط	شرایط	_	_
12	گمرکی	گمرک	گمرک	_	_
13	است	اس	#است	_	_
14	.	.	.	_	_
				_	_
0	سومین	سومین	سومین	_	_
1	کار	کار	کار	_	_
2	این	این	این	_	_
3	است	اس	#است	_	_
4	که	که	که	_	_
5	بتوانیم	بتوان	توانست#توان	_	_
6	سیاست‌های	سیاست	سیاست	_	_
7	خصوصی‌سازی	خصوصی‌ساز	خصوصی‌سازی	_	_
8	را	را	را	_	_
9	همان‌طور	همان‌طور	همان‌طور	_	_
10	که	که	که	_	_
11	در	در	در	_	_
12	اصل	اصل	اصل	_	_
13	۴۴	۴۴	۴۴	_	_
14	آمده_است	آمده_اس	آمد#آ	_	_
15	پیاده	پیاده	پیاده	_	_
16	کنیم	کن	کرد#کن	_	_
17	و	و	و	_	_
18	در	در	در	_	_
19	نهایت	ن	نهایت	_	_
20	با	با	با	_	_
21	الکترونیکی	الکترونیک	الکترونیک	_	_
22	کردن	کردن	کردن	_	_
23	و	و	و	_	_
24	ساماندهی	سامانده	ساماندهی	_	_
25	مشخص	مشخص	مشخص	_	_
26	،	،	،	_	_
27	با	با	با	_	_
28	فساد	فساد	فساد	_	_
29	مقابله	مقابله	مقابله	_	_
30	کنیم	کن	کرد#کن	_	_
31	چراکه	چراکه	چراکه	_	_
32	فساد	فساد	فساد	_	_
33	،	،	،	_	_
34	اقتصاد	اقتصاد	اقتصاد	_	_
35	را	را	را	_	_
36	زمین‌گیر	زمین‌گیر	زمین‌گیر	_	_
37	می‌کند	می‌کند	کرد#کن	_	_
38	.	.	.	_	_
				_	_
0	امیدوارم	امیدوار	امیدوار	_	_
1	در	در	در	_	_
2	این	این	این	_	_
3	کارها	کار	کار	_	_
4	با	با	با	_	_
5	همکاری	همکار	همکار	_	_
6	دیگران	دیگر	دیگر	_	_
7	،	،	،	_	_
8	گام	گا	گام	_	_
9	بلندی	بلند	بلند	_	_
10	برداریم	بردار	بردار	_	_
11	.	.	.	_	_
					
					
