0	درهم‌تنیدگی	درهم‌تنیدگ	درهم‌تنیدگی	-	-
1	کوانتومی	کوانتوم	کوانتوم	-	-
2	می‌گوید	می‌گوید	گفت#گو	-	-
					
0	«	«	«	-	-
1	در	در	در	-	-
2	سامانه‌های	سامانه	سامانه	-	-
3	مرکب	مرکب	مرکب	-	-
4	با	با	با	-	-
5	وضعیت‌هایی	وضعیت	وضعیت	-	-
6	مواجه	مواجه	مواجه	-	-
7	می‌شویم	می‌شو	شد#شو	-	-
					
0	که	که	که	-	-
1	در	در	در	-	-
2	آن	آن	آن	-	-
3	اجزای	اجزا	اجزا	-	-
4	سامانه	سامانه	سامانه	-	-
5	دارای	دارا	دارا	-	-
6	هیچ	هیچ	هیچ	-	-
7	ویژگی	ویژگ	ویژگی	-	-
8	نیستند	نیستند	#هست	-	-
					
0	بلکه	بلکه	بلکه	-	-
1	فقط	فقط	فقط	-	-
2	سامانه‌ی	سامانه	سامانه	-	-
3	کل	کل	کل	-	-
4	دارای	دارا	دارا	-	-
5	دسته‌ای	دسته	دسته	-	-
6	از	از	از	-	-
7	ویژگی‌ها	ویژگی	ویژگی	-	-
8	است	اس	#است	-	-
9	.	.	.	-	-
					
0	»	»	»	-	-
1	به	به	به	-	-
2	زبان	زب	زبان	-	-
3	ساده	ساده	ساده	-	-
4	و	و	و	-	-
5	به	به	به	-	-
6	عنوان	عنو	عنوان	-	-
7	اولین	اولین	اولین	-	-
8	مثال	مثال	مثال	-	-
9	تاریخی	تاریخ	تاریخ	-	-
10	،	،	،	-	-
11	درهم‌تنیدگی	درهم‌تنیدگ	درهم‌تنیدگی	-	-
12	جفت شدن	جفت شدن	جفت شدن	-	-
					
0	خواص	خواص	خواص	-	-
1	مکانیکی	مکانیک	مکانیک	-	-
2	دو	دو	دو	-	-
3	ذره	ذره	ذره	-	-
4	است	اس	#است	-	-
5	،	،	،	-	-
					
0	ذراتی	ذرات	ذرات	-	-
1	که	که	که	-	-
2	پیش‌تر	پیش	پیش	-	-
3	با	با	با	-	-
4	یکدیگر	یکدیگر	یکدیگر	-	-
5	در	در	در	-	-
6	اندرکنش	اندرکن	اندرکنش	-	-
7	بوده	بوده	بوده	-	-
					
0	و	و	و	-	-
1	سپس	سپس	سپس	-	-
2	از	از	از	-	-
3	یکدیگر	یکدیگر	یکدیگر	-	-
4	جدا	جدا	جدا	-	-
5	شده‌اند	شده‌اند	شد#شو	-	-
6	.	.	.	-	-
					
0	درهم‌تنیدگی	درهم‌تنیدگ	درهم‌تنیدگی	-	-
1	برای	برا	برای	-	-
2	ذراتی	ذرات	ذرات	-	-
3	همچون	همچون	همچون	-	-
4	فوتون‌ها	فوتون	فوتون	-	-
5	،	،	،	-	-
6	الکترون‌ها	الکترون	الکترون	-	-
7	و	و	و	-	-
8	حتی	حت	حتی	-	-
9	مولکول‌ها	مولکول	مولکول	-	-
10	رخ	رخ	رخ	-	-
11	می‌دهد	می‌دهد	داد#ده	-	-
12	.	.	.	-	-
					
0	این	این	این	-	-
1	اندرکنش	اندرکن	اندرکنش	-	-
2	فیزیکی	فیزیک	فیزیکی	-	-
3	مربوط	مربوط	مربوط	-	-
4	به	به	به	-	-
5	خواصی	خواص	خواص	-	-
6	نظیر	نظیر	نظیر	-	-
7	مکان	مک	مکان	-	-
8	،	،	،	-	-
9	تکانه	تکانه	تکانه	-	-
10	،	،	،	-	-
11	اسپین	اسپین	اسپین	-	-
12	و	و	و	-	-
13	قطبش	قطب	قطب	-	-
14	و	و	و	-	-
15	…	…	…	-	-
16	است	اس	#است	-	-
					
0	به	به	به	-	-
1	گونه‌ای	گونه	گونه	-	-
2	که	که	که	-	-
3	با	با	با	-	-
4	تعیین	تعیین	تعیین	-	-
5	هر	هر	هر	-	-
6	یک	یک	یک	-	-
7	از	از	از	-	-
8	خواص	خواص	خواص	-	-
9	برای	برا	برای	-	-
10	یکی	یک	یک	-	-
11	از	از	از	-	-
12	دو	دو	دو	-	-
13	ذره	ذره	ذره	-	-
14	همان	ه	همان	-	-
15	خاصیت	خاص	خاصیت	-	-
16	در	در	در	-	-
17	دیگری	دیگر	دیگر	-	-
18	تعیین	تعیین	تعیین	-	-
19	می‌شود	می‌شود	شد#شو	-	-
20	.	.	.	-	-
					
0	به	به	به	-	-
1	عبارت	عبار	عبارت	-	-
2	دیگر	دیگر	دیگر	-	-
3	هر	هر	هر	-	-
4	یک	یک	یک	-	-
5	از	از	از	-	-
6	ذرات	ذر	ذرات	-	-
7	جفت شده	جفت شده	جفت شده	-	-
8	به	به	به	-	-
9	خوبی	خوب	خوبی	-	-
10	توسط	توسط	توسط	-	-
11	حالت	حال	حالت	-	-
12	کوانتومی	کوانتوم	کوانتوم	-	-
13	مشابه	مشابه	مشابه	-	-
14	توصیف	توصیف	توصیف	-	-
15	می‌شوند	می‌شوند	شد#شو	-	-
16	.	.	.	-	-
					
0	فلسفه‌ای	فلسفه	فلسفه	-	-
1	که	که	که	-	-
2	منجر	منجر	منجر	-	-
3	به	به	به	-	-
4	شکل‌گیری‌ی	شکل‌گیری	شکل‌گیری	-	-
5	زبان‌های‌شی	زبان‌های‌ش	زبان‌های‌شی	-	-
6	گرا	گرا	گرا	-	-
7	شد	شد	شد#شو	-	-
8	،	،	،	-	-
					
0	عبارت	عبار	عبارت	-	-
1	بود	بود	بود#باش	-	-
					
0	از	از	از	-	-
1	این	این	این	-	-
2	واقعیت	واقع	واقعیت	-	-
3	که	که	که	-	-
4	نحوه‌ی	نحوه	نحوه	-	-
5	عملکرد	عملکرد	عملکرد	-	-
6	مغز	مغز	مغز	-	-
7	و	و	و	-	-
8	شیوه‌ی	شیوه	شیوه	-	-
9	دریافت	دریاف	دریافت	-	-
10	اطلاعات	اطلاع	اطلاعات	-	-
11	از	از	از	-	-
12	محیط	محیط	محیط	-	-
13	پیرامون	پیرامون	پیرامون	-	-
14	و	و	و	-	-
15	پردازش	پرداز	پردازش	-	-
16	آن	آن	آن	-	-
17	اطلاعات	اطلاع	اطلاعات	-	-
18	(	(	(	-	-
19	اندیشیدن	اندیشیدن	اندیشیدن	-	-
20	)	)	)	-	-
21	،	،	،	-	-
22	شیوه‌ای‌	شیوه‌ای	شیوه‌ای‌	-	-
23	شی‌گراست	شی‌گراس	شی‌گراست	-	-
24	،	،	،	-	-
					
0	از	از	از	-	-
1	همین	همین	همین	-	-
2	روی	رو	روی	-	-
3	می‌بایستی	می‌بایست	می‌بایستی	-	-
4	زبانی	زبان	زبان	-	-
5	تعریف	تعریف	تعریف	-	-
6	می‌شد	می‌شد	شد#شو	-	-
					
0	که	که	که	-	-
1	همین	همین	همین	-	-
2	شیوه	شیوه	شیوه	-	-
3	را	را	را	-	-
4	مبنای	مبنا	مبنا	-	-
5	کار	کار	کار	-	-
6	خود	خود	خود	-	-
7	قرار	قرار	قرار	-	-
8	داده	داده	داده	-	-
9	و	و	و	-	-
10	بازتولید	بازتولید	بازتولید	-	-
11	می‌کرد	می‌کرد	کرد#کن	-	-
12	؛	؛	؛	-	-
					
0	و	و	و	-	-
1	دقیقاً	دقیقاً	دقیقاً	-	-
2	به	به	به	-	-
3	همان	ه	همان	-	-
4	شکل	شکل	شکل	-	-
5	که	که	که	-	-
6	اشیا	اشیا	اشیا	-	-
7	در	در	در	-	-
8	جهان	جه	جهان	-	-
9	خارج	خارج	خارج	-	-
10	،	،	،	-	-
11	دارای	دارا	دارا	-	-
12	هویت	هو	هویت	-	-
13	و	و	و	-	-
14	کارکرد	کارکرد	کارکرد	-	-
15	مشخص	مشخص	مشخص	-	-
16	و	و	و	-	-
17	یگانه	یگانه	یگانه	-	-
18	برای	برا	برای	-	-
19	خود	خود	خود	-	-
20	هستند	هستند	#هست	-	-
					
0	و	و	و	-	-
1	درعین‌حال	درعین‌حال	درعین‌حال	-	-
2	با	با	با	-	-
3	دیگر	دیگر	دیگر	-	-
4	اشیا	اشیا	اشیا	-	-
5	در	در	در	-	-
6	ارتباطی	ارتباط	ارتباط	-	-
7	تنگاتنگ	تنگاتنگ	تنگاتنگ	-	-
8	و	و	و	-	-
9	مستقیم‌اند	مستقیم‌اند	مستقیم‌اند	-	-
10	،	،	،	-	-
					
0	در	در	در	-	-
1	زبان‌های	زبان	زبان	-	-
2	برنامه‌نویسی	برنامه‌نویس	برنامه‌نویس	-	-
3	نیز	نیز	نیز	-	-
4	می‌بایستی	می‌بایست	می‌بایستی	-	-
5	این	این	این	-	-
6	اصول	اصول	اصول	-	-
7	کلی	کل	کلی	-	-
8	برقرار	برقرار	برقرار	-	-
9	می‌شد	می‌شد	شد#شو	-	-
10	.	.	.	-	-
					
0	تا	تا	تا	-	-
1	به	به	به	-	-
2	این	این	این	-	-
3	شکل	شکل	شکل	-	-
4	،	،	،	-	-
5	برنامه‌نویس	برنامه‌نویس	برنامه‌نویس	-	-
6	بتواند	بتواند	توانست#توان	-	-
					
0	با	با	با	-	-
1	بهره‌گیری	بهره‌گیر	بهره‌گیری	-	-
2	از	از	از	-	-
3	زبانی	زبان	زبان	-	-
4	که	که	که	-	-
5	به	به	به	-	-
6	روش	رو	روش	-	-
7	اندیشیدنش	اندیشیدن	اندیشیدن	-	-
8	،	،	،	-	-
9	نزدیکی	نزدیک	نزدیک	-	-
10	بیشتری	بیشتر	بیشتر	-	-
11	دارد	دارد	داشت#دار	-	-
12	،	،	،	-	-
					
0	شی‌های	شی	شی‌های	-	-
1	مختلفی	مختلف	مختلف	-	-
2	را	را	را	-	-
3	تعریف	تعریف	تعریف	-	-
4	نموده	نموده	نموده	-	-
5	،	،	،	-	-
					
0	این	این	این	-	-
1	شی‌ها	شی	شی‌ها	-	-
2	را	را	را	-	-
3	در	در	در	-	-
4	ارتباط	ارتباط	ارتباط	-	-
5	با	با	با	-	-
6	یکدیگر	یکدیگر	یکدیگر	-	-
7	قرار	قرار	قرار	-	-
8	داده	داده	داده	-	-
					
0	و	و	و	-	-
1	از	از	از	-	-
2	شی‌های	شی	شی‌های	-	-
3	پویای	پویا	پویا	-	-
4	تولیدشده	تولیدشده	تولیدشده	-	-
5	برای	برا	برای	-	-
6	حل	حل	حل	-	-
7	مسئله‌ی	مسئله	مسئله	-	-
8	پیشروی	پیشرو	پیشروی	-	-
9	استفاده	استفاده	استفاده	-	-
10	نماید	نماید	نمود#نما	-	-
11	.	.	.	-	-
					
0	امروزه	امروزه	امروزه	-	-
1	اکثر	اکثر	اکثر	-	-
2	زبان‌های	زبان	زبان	-	-
3	دستوری	دستور	دستور	-	-
4	برنامه‌نویسی	برنامه‌نویس	برنامه‌نویس	-	-
5	از	از	از	-	-
6	فنون	فنون	فنون	-	-
7	شی‌گرایی	شی‌گرا	شی‌گرایی	-	-
8	پشتیبانی	پشتیبان	پشتیبان	-	-
9	می‌کنند	می‌کنند	کرد#کن	-	-
10	.	.	.	-	-
					
0	زبان‌هایی	زبان	زبان	-	-
1	مانند	مانند	مانند	-	-
2	جاوا	جاوا	جاوا	-	-
3	،	،	،	-	-
4	سی++	سی++	سی++	-	-
5	،	،	،	-	-
6	سی‌شارپ	سی‌شارپ	سی‌شارپ	-	-
7	،	،	،	-	-
8	دلفی	دلف	دلفی	-	-
9	ازجمله	ازجمله	ازجمله	-	-
10	زبان‌های	زبان	زبان	-	-
11	شی‌گرا	شی‌گرا	شی‌گرا	-	-
12	هستند	هستند	#هست	-	-
13	.	.	.	-	-
					
0	حتی	حت	حتی	-	-
1	بسیاری	بسیار	بسیار	-	-
2	از	از	از	-	-
3	زبان‌های	زبان	زبان	-	-
4	روال	روال	روال	-	-
5	گونه	گونه	گونه	-	-
6	که	که	که	-	-
7	ساختار	ساختار	ساختار	-	-
8	برنامه‌ها	برنامه	برنامه	-	-
9	در	در	در	-	-
10	آن‌ها	آن	آن	-	-
11	بلوک‌هایی	بلوک	بلوک	-	-
12	با	با	با	-	-
12	نام	نا	نام	-	-
13	پروسیجر	پروسیجر	پروسیجر	-	-
14	است	اس	#است	-	-
					
0	امروزه	امروزه	امروزه	-	-
1	از	از	از	-	-
2	فنون	فنون	فنون	-	-
3	شی‌گرایی	شی‌گرا	شی‌گرایی	-	-
4	نیز	نیز	نیز	-	-
5	پشتبانی	پشتبان	پشتبانی	-	-
6	می‌کنند	می‌کنند	کرد#کن	-	-
7	.	.	.	-	-
					
0	زبان‌های	زبان	زبان	-	-
1	سی++	سی++	سی++	-	-
2	و	و	و	-	-
3	‌پی‌اچ‌پی	‌پی‌اچ‌پ	‌پی‌اچ‌پی	-	-
4	از	از	از	-	-
5	این	این	این	-	-
6	جمله	جمله	جمله	-	-
7	هستند	هستند	#هست	-	-
8	.	.	.	-	-
					
0	هر	هر	هر	-	-
1	شی‌ء	شی‌ء	شی‌ء	-	-
2	یک	یک	یک	-	-
3	سری	سر	سری	-	-
4	خصوصیت	خصوص	خصوصیت	-	-
5	و	و	و	-	-
6	قابلیت	قابل	قابلیت	-	-
7	دارد	دارد	داشت#دار	-	-
8	،	،	،	-	-
					
0	که	که	که	-	-
1	اصطلاحاً	اصطلاحاً	اصطلاحاً	-	-
2	Properties	Properties	Properties	-	-
3	و	و	و	-	-
4	Operation	Operation	Operation	-	-
5	خوانده می‌شوند	خوانده می‌شوند	خوانده می‌شوند	-	-
6	.	.	.	-	-
					
0	در	در	در	-	-
1	این	این	این	-	-
2	پارادایم	پارادا	پارادایم	-	-
3	برنامه‌نویسی	برنامه‌نویس	برنامه‌نویس	-	-
4	،	،	،	-	-
5	دید	دید	دید	-	-
6	برنامه‌نویس	برنامه‌نویس	برنامه‌نویس	-	-
7	به	به	به	-	-
8	سیستم	سیس	سیستم	-	-
9	دید	دید	دید	-	-
10	شخصی	شخص	شخص	-	-
11	است	اس	#است	-	-
					
0	که	که	که	-	-
1	سعی	سع	سعی	-	-
2	می‌نماید	می‌نماید	نمود#نما	-	-
					
0	با	با	با	-	-
1	پیدا	پیدا	پیدا	-	-
2	کردن	کردن	کردن	-	-
3	اشیاء	اشیاء	اشیاء	-	-
4	مختلف	مختلف	مختلف	-	-
5	در	در	در	-	-
6	سیستم	سیس	سیستم	-	-
7	و	و	و	-	-
8	برقراری	برقرار	برقراری	-	-
9	ارتباط	ارتباط	ارتباط	-	-
10	بین	بین	بین	-	-
11	آن‌ها	آن	آن	-	-
					
0	سیستم	سیس	سیستم	-	-
1	را	را	را	-	-
2	تولید	تولید	تولید	-	-
3	نماید	نماید	نمود#نما	-	-
4	.	.	.	-	-
					
0	ردیت	رد	رد	-	-
1	یک	یک	یک	-	-
2	وب‌گاه	وب‌گاه	وب‌گاه	-	-
3	برای	برا	برای	-	-
4	جمع‌آوری	جمع‌آور	جمع‌آوری	-	-
5	اخبار	اخبار	اخبار	-	-
6	اجتماعی	اجتماع	اجتماع	-	-
7	که	که	که	-	-
8	در	در	در	-	-
9	آن	آن	آن	-	-
10	کاربران	کاربر	کاربر	-	-
11	ثبت‌نام‌کرده	ثبت‌نام‌کرده	ثبت‌نام‌کرده	-	-
12	قادرند	قادرند	قادرند	-	-
					
0	اخبار	اخبار	اخبار	-	-
1	را	را	را	-	-
2	در	در	در	-	-
3	قالب	قالب	قالب	-	-
4	لینک	لینک	لینک	-	-
5	یا	یا	یا	-	-
6	متن	متن	متن	-	-
7	ارسال	ارسال	ارسال	-	-
8	کنند	کنند	کرد#کن	-	-
					
0	و	و	و	-	-
1	آن	آن	آن	-	-
2	را	را	را	-	-
3	با	با	با	-	-
4	دیگران	دیگر	دیگر	-	-
5	به	به	به	-	-
6	اشتراک	اشتراک	اشتراک	-	-
7	بگذارند	بگذارند	گذاشت#گذار	-	-
8	.	.	.	-	-
					
0	کاربران	کاربر	کاربر	-	-
1	می‌توانند	می‌توانند	توانست#توان	-	-
					
0	به	به	به	-	-
1	پست	پس	پست	-	-
2	یا	یا	یا	-	-
3	گزارش‌های	گزارش	گزارش	-	-
4	نوشته شده	نوشته شده	نوشته شده	-	-
5	رأی	رأ	رأی	-	-
6	دهند	دهند	داد#ده	-	-
					
0	و	و	و	-	-
1	جایگاه	جایگاه	جایگاه	-	-
2	آن	آن	آن	-	-
3	خبر	خبر	خبر	-	-
4	را	را	را	-	-
5	در	در	در	-	-
6	صفحات	صفح	صفحات	-	-
7	ردیت	رد	رد	-	-
8	و	و	و	-	-
9	صفحه‌ی	صفحه	صفحه	-	-
10	اصلی	اصل	اصل	-	-
11	مشخص	مشخص	مشخص	-	-
12	کنند	کنند	کرد#کن	-	-
13	.	.	.	-	-
					
0	درواقع	درواقع	درواقع	-	-
1	کاربران	کاربر	کاربر	-	-
2	هستند	هستند	#هست	-	-
					
0	که	که	که	-	-
1	در	در	در	-	-
2	ردیت	رد	رد	-	-
3	اهمیت	اهم	اهمیت	-	-
4	خبر	خبر	خبر	-	-
5	را	را	را	-	-
6	تعیین	تعیین	تعیین	-	-
7	می‌کنند	می‌کنند	کرد#کن	-	-
8	.	.	.	-	-
					
0	این	این	این	-	-
1	وب‌گاه	وب‌گاه	وب‌گاه	-	-
2	در	در	در	-	-
3	سال	سال	سال	-	-
4	۲۰۰۵	۲۰۰۵	۲۰۰۵	-	-
5	توسط	توسط	توسط	-	-
6	استیو	استیو	استیو	-	-
7	هافمن	هافمن	هافمن	-	-
8	و	و	و	-	-
9	الکسیس	الکسیس	الکسیس	-	-
10	اوهانیان	اوهان	اوهانیان	-	-
11	که	که	که	-	-
12	هر	هر	هر	-	-
13	دو	دو	دو	-	-
14	دانش‌آموخته‌ی	دانش‌آموخته	دانش‌آموخته	-	-
15	دانشگاه	دانشگاه	دانشگاه	-	-
16	ویرجینیا	ویرجینیا	ویرجینیا	-	-
17	هستند	هستند	#هست	-	-
					
0	تأسیس	تأسیس	تأسیس	-	-
1	شد	شد	شد#شو	-	-
2	.	.	.	-	-
					
0	دفتر	دف	دفتر	-	-
1	مرکزی	مرکز	مرکزی	-	-
2	ردیت	رد	رد	-	-
3	در	در	در	-	-
4	سان‌فرانسیسکو	سان‌فرانسیسکو	سان‌فرانسیسکو	-	-
5	،	،	،	-	-
6	کالیفرنیا	کالیفرنیا	کالیفرنیا	-	-
7	در	در	در	-	-
8	ایالات‌متحده	ایالات‌متحده	ایالات‌متحده	-	-
9	آمریکا	آمریکا	آمریکا	-	-
10	است	اس	#است	-	-
11	.	.	.	-	-
					
0	درخشش	درخش	درخشش	-	-
1	یا	یا	یا	-	-
2	تلألؤ	تلألؤ	تلألؤ	-	-
3	(	(	(	-	-
4	به	به	به	-	-
5	انگلیسی	انگلیس	انگلیسی	-	-
6	:	:	:	-	-
7	The	The	The	-	-
8	Shining	Shining	Shining	-	-
9	)	)	)	-	-
10	فیلمی	فیلم	فیلم	-	-
11	در	در	در	-	-
12	سبک	سبک	سبک	-	-
13	ترسناک	ترسناک	ترسناک	-	-
14	روانشناسانه	روانشناسانه	روانشناسانه	-	-
15	محصول	محصول	محصول	-	-
16	آمریکا	آمریکا	آمریکا	-	-
17	و	و	و	-	-
18	بریتانیا	بریتانیا	بریتانیا	-	-
19	به	به	به	-	-
20	کارگردانی	کارگردان	کارگردان	-	-
21	و	و	و	-	-
22	تهیه‌کنندگی	تهیه‌کنندگ	تهیه‌کنندگی	-	-
23	استنلی	استنل	استنلی	-	-
24	کوبریک	کوبریک	کوبریک	-	-
25	است	اس	#است	-	-
					
0	که	که	که	-	-
1	در	در	در	-	-
2	سال	سال	سال	-	-
3	۱۹۸۰	۱۹۸۰	۱۹۸۰	-	-
4	منتشر	منتشر	منتشر	-	-
5	شد	شد	شد#شو	-	-
6	.	.	.	-	-
					
0	فیلم‌نامه	فیلم‌نامه	فیلم‌نامه	-	-
1	این	این	این	-	-
2	کار	کار	کار	-	-
3	را	را	را	-	-
4	کوبریک	کوبریک	کوبریک	-	-
5	و	و	و	-	-
6	دایان	دا	دایان	-	-
6	جانسون	جانسون	جانسون	-	-
7	،	،	،	-	-
8	رمان‌نویس	رمان‌نویس	رمان‌نویس	-	-
9	زاده	زاده	زاده	-	-
10	آمریکا	آمریکا	آمریکا	-	-
11	نوشتند	نوشتند	نوشت#نویس	-	-
12	.	.	.	-	-
					
0	در	در	در	-	-
1	این	این	این	-	-
2	فیلم	فیل	فیلم	-	-
3	هنرپیشگانی	هنرپیشگان	هنرپیشگانی	-	-
4	همچون	همچون	همچون	-	-
5	جک	جک	جک	-	-
6	نیکلسون	نیکلسون	نیکلسون	-	-
7	،	،	،	-	-
8	شلی	شل	شل	-	-
9	دووال	دووال	دووال	-	-
10	و	و	و	-	-
11	دنی	دن	دنی	-	-
12	لوید	لوید	لوید	-	-
13	به	به	به	-	-
14	ایفای	ایفا	ایفا	-	-
15	نقش	نق	نقش	-	-
16	پرداخته‌اند	پرداخته‌اند	پرداخت#پرداز	-	-
17	.	.	.	-	-
					
0	درخشش	درخش	درخشش	-	-
1	تنها	تن	تنها	-	-
2	فیلم	فیل	فیلم	-	-
3	کوبریک	کوبریک	کوبریک	-	-
4	در	در	در	-	-
5	ژانر	ژانر	ژانر	-	-
6	وحشت	وح	وحشت	-	-
7	محسوب	محسوب	محسوب	-	-
8	می‌شود	می‌شود	شد#شو	-	-
9	.	.	.	-	-
					
0	فیلم	فیل	فیلم	-	-
1	براساس	براساس	براساس	-	-
2	داستانی	داستان	داستان	-	-
3	به	به	به	-	-
4	همین	همین	همین	-	-
5	نام	نا	نام	-	-
6	از	از	از	-	-
7	استیون	استیون	استیون	-	-
8	کینگ	کینگ	کینگ	-	-
9	ساخته شد	ساخته شد	ساخته شد	-	-
10	.	.	.	-	-
					
0	جک	جک	جک	-	-
1	نیکلسون	نیکلسون	نیکلسون	-	-
2	در	در	در	-	-
3	معروف‌ترین	معروف	معروف	-	-
4	سکانس	سکانس	سکانس	-	-
5	فیلم	فیل	فیلم	-	-
6	برداشت‌های	برداشت	برداشت	-	-
7	مکرر	مکرر	مکرر	-	-
8	کوبریک	کوبریک	کوبریک	-	-
9	درحین	درحین	درحین	-	-
10	این	این	این	-	-
11	فیلم	فیل	فیلم	-	-
12	یکی	یک	یک	-	-
13	از	از	از	-	-
14	ضرب‌المثل‌های	ضرب‌المثل	ضرب‌المثل	-	-
15	صنعت	صنع	صنعت	-	-
16	فیلمسازی	فیلمساز	فیلمسازی	-	-
17	شده است	شده اس	شده است	-	-
18	.	.	.	-	-
					
0	او	او	او	-	-
1	۱۲۷	۱۲۷	۱۲۷	-	-
2	مرتبه	مرتبه	مرتبه	-	-
3	از	از	از	-	-
4	شلی	شل	شل	-	-
5	دووال	دووال	دووال	-	-
6	برای	برا	برای	-	-
7	یکی	یک	یک	-	-
8	از	از	از	-	-
9	سکانس‌های	سکانس	سکانس‌های	-	-
10	فیلم	فیل	فیلم	-	-
11	فیلمبرداری	فیلمبردار	فیلمبرداری	-	-
12	کرد	کرد	کرد#کن	-	-
13	.	.	.	-	-
					
0	عصبیت	عصب	عصبیت	-	-
1	شلی	شل	شل	-	-
2	دووال	دووال	دووال	-	-
3	در	در	در	-	-
4	فیلم	فیل	فیلم	-	-
5	به	به	به	-	-
6	خوبی	خوب	خوبی	-	-
7	مشهود	مشهود	مشهود	-	-
8	است	اس	#است	-	-
					
0	اسکتمن	اسکتمن	اسکتمن	-	-
1	کراترز	کراترز	کراترز	-	-
2	به	به	به	-	-
3	نقش	نق	نقش	-	-
4	آشپز	آشپز	آشپز	-	-
5	سیاه‌پوست	سیاه‌پوس	سیاه‌پوست	-	-
6	هتل	هتل	هتل	-	-
7	مجبور	مجبور	مجبور	-	-
8	شد	شد	شد#شو	-	-
					
0	۴۰	۴۰	۴۰	-	-
1	بار	بار	بار	-	-
2	صحنه	صحنه	صحنه	-	-
3	درگیری	درگیر	درگیری	-	-
4	با	با	با	-	-
5	تبر	تبر	تبر	-	-
6	را	را	را	-	-
7	بازی	باز	بازی	-	-
8	کند	کند	کند	-	-
					
0	و	و	و	-	-
1	نهایتاً	نهایتاً	نهایتاً	-	-
2	دچار	دچار	دچار	-	-
3	فروپاشی	فروپاش	فروپاش	-	-
4	عصبی	عصب	عصبی	-	-
5	شده	شده	شده	-	-
					
0	و	و	و	-	-
1	با	با	با	-	-
2	گریه	گریه	گریه	-	-
3	به	به	به	-	-
4	کوبریک	کوبریک	کوبریک	-	-
5	گفت	گف	گفت#گو	-	-
6	:	:	:	-	-
					
0	«	«	«	-	-
1	آقای	آقا	آقا	-	-
2	کوبریک	کوبریک	کوبریک	-	-
3	آخه	آخه	آخه	-	-
4	چی	چ	چی	-	-
5	از	از	از	-	-
6	جونم	جون	جونم	-	-
7	میخواین	میخواین	میخواین	-	-
8	؟	؟	؟	-	-
9	»	»	»	-	-
					
0	اما	اما	اما	-	-
1	کوبریک	کوبریک	کوبریک	-	-
2	سکانس	سکانس	سکانس	-	-
3	خروج	خروج	خروج	-	-
4	و	و	و	-	-
5	فوران	فور	فوران	-	-
6	خون	خون	خون	-	-
7	از	از	از	-	-
8	درون	درون	درون	-	-
9	آسانسور	آسانسور	آسانسور	-	-
10	هتل	هتل	هتل	-	-
11	اورلووک	اورلووک	اورلووک	-	-
12	را	را	را	-	-
13	تنها	تن	تنها	-	-
14	سه	سه	سه	-	-
15	مرتبه	مرتبه	مرتبه	-	-
16	تکرار	تکرار	تکرار	-	-
17	کرد	کرد	کرد#کن	-	-
					
0	و	و	و	-	-
1	علت	عل	علت	-	-
2	به	به	به	-	-
3	سختی	سخت	سختی	-	-
4	تکرار	تکرار	تکرار	-	-
5	این	این	این	-	-
6	صحنه	صحنه	صحنه	-	-
7	بازمی‌گشت	بازمی‌گ	بازمی‌گشت	-	-
					
0	که	که	که	-	-
1	هر	هر	هر	-	-
2	بار	بار	بار	-	-
3	آماده	آماده	آماده	-	-
4	کردن	کردن	کردن	-	-
5	آن	آن	آن	-	-
					
0	۹	۹	۹	-	-
1	ساعت	ساع	ساعت	-	-
2	طول	طول	طول	-	-
3	می‌کشید	می‌کشید	کشید#کش	-	-
4	!	!	!	-	-
					
0	اما	اما	اما	-	-
1	کوبریک	کوبریک	کوبریک	-	-
2	پس‌از	پس‌از	پس‌از	-	-
3	تماشای	تماشا	تماشا	-	-
4	سکانس	سکانس	سکانس	-	-
5	می‌گفت	می‌گف	گفت#گو	-	-
6	:	:	:	-	-
					
0	«	«	«	-	-
1	نه	نه	نه	-	-
2	شبیه	شبیه	شبیه	-	-
3	خون	خون	خون	-	-
4	واقعی	واقع	واقعی	-	-
5	نشد	نشد	شد#شو	-	-
6	.	.	.	-	-
7	»	»	»	-	-
					
0	نکته	نکته	نکته	-	-
1	جالب	جالب	جالب	-	-
2	درمورد	درمورد	درمورد	-	-
3	این	این	این	-	-
4	صحنه	صحنه	صحنه	-	-
5	این	این	این	-	-
6	بود	بود	بود#باش	-	-
					
0	که	که	که	-	-
1	اداره	اداره	اداره	-	-
2	سانسور	سانسور	سانسور	-	-
3	انگلستان	انگلس	انگلستان	-	-
4	از	از	از	-	-
5	وفور	وفور	وفور	-	-
6	این	این	این	-	-
7	همه	همه	همه	-	-
8	خون	خون	خون	-	-
9	در	در	در	-	-
10	یک	یک	یک	-	-
11	سکانس	سکانس	سکانس	-	-
12	به	به	به	-	-
13	تنگ	تنگ	تنگ	-	-
14	آمده	آمده	آمده	-	-
					
0	و	و	و	-	-
1	درجه	درجه	درجه	-	-
2	فیلم	فیل	فیلم	-	-
3	را	را	را	-	-
4	فقط	فقط	فقط	-	-
5	برای	برا	برای	-	-
6	بزرگسالان	بزرگسال	بزرگسالان	-	-
7	اعلام	اعلا	اعلام	-	-
8	نموده بود	نموده بود	نموده بود	-	-
					
0	اما	اما	اما	-	-
1	گویا	گویا	گویا	-	-
2	کوبریک	کوبریک	کوبریک	-	-
3	با	با	با	-	-
4	زیرکی	زیرک	زیرک	-	-
5	آن‌ها	آن	آن	-	-
6	را	را	را	-	-
7	قانع	قانع	قانع	-	-
8	کرد	کرد	کرد#کن	-	-
					
0	که	که	که	-	-
1	این	این	این	-	-
2	مایع	مایع	مایع	-	-
3	لزج	لزج	لزج	-	-
4	،	،	،	-	-
5	خون	خون	خون	-	-
6	نبوده	نبوده	بود#باش	-	-
					
0	بلکه	بلکه	بلکه	-	-
1	«	«	«	-	-
2	فاضلاب	فاضلاب	فاضلاب	-	-
3	»	»	»	-	-
4	است	اس	#است	-	-
5	.	.	.	-	-
					
0	بازیگر	بازیگر	بازیگر	-	-
1	نقش	نق	نقش	-	-
2	بچه	بچه	بچه	-	-
3	فیلم	فیل	فیلم	-	-
4	تا	تا	تا	-	-
5	۱۲	۱۲	۱۲	-	-
6	سالگی	سالگ	سالگی	-	-
7	نفهمید	نفهمید	فهمید#فهم	-	-
					
0	که	که	که	-	-
1	در	در	در	-	-
2	فیلمی	فیلم	فیلم	-	-
3	ترسناک	ترسناک	ترسناک	-	-
4	بازی	باز	بازی	-	-
5	کرده‌است	کرده‌اس	کرده‌است	-	-
6	.	.	.	-	-
					
0	درصورتی‌که	درصورتی‌که	درصورتی‌که	-	-
1	در	در	در	-	-
2	۷	۷	۷	-	-
3	سالگی	سالگ	سالگی	-	-
4	این	این	این	-	-
5	نقش	نق	نقش	-	-
6	را	را	را	-	-
7	بازی	باز	بازی	-	-
8	کرده بود	کرده بود	کرده بود	-	-
9	.	.	.	-	-
					
0	کوبریک	کوبریک	کوبریک	-	-
1	حس	حس	حس	-	-
2	مسئولیت	مسئول	مسئولیت	-	-
3	شدیدی	شدید	شدید	-	-
4	در	در	در	-	-
5	این	این	این	-	-
6	خصوص	خصوص	خصوص	-	-
7	احساس	احساس	احساس	-	-
8	می‌کرد	می‌کرد	کرد#کن	-	-
					
0	و	و	و	-	-
1	بدین	بدین	بدین	-	-
2	لحاظ	لحاظ	لحاظ	-	-
3	این	این	این	-	-
4	امر	امر	امر	-	-
5	را	را	را	-	-
6	از	از	از	-	-
7	کودک	کودک	کودک	-	-
8	هنرمند	هنرمند	هنرمند	-	-
9	پنهان	پنه	پنهان	-	-
10	نگاه داشت	نگاه دا	نگاه داشت	-	-
					
0	تا	تا	تا	-	-
1	به	به	به	-	-
2	روحیه	روحیه	روحیه	-	-
3	او	او	او	-	-
4	لطمه‌ای	لطمه	لطمه	-	-
5	وارد	وارد	وارد	-	-
6	نگردد	نگردد	گشت#گرد	-	-
7	.	.	.	-	-
					
0	حتی	حت	حتی	-	-
1	بار	بار	بار	-	-
2	نخستی	نخست	نخست	-	-
3	که	که	که	-	-
4	دنی	دن	دنی	-	-
5	لوید	لوید	لوید	-	-
6	این	این	این	-	-
7	فیلم	فیل	فیلم	-	-
8	را	را	را	-	-
9	واقعاً	واقعاً	واقعاً	-	-
10	تماشا	تماشا	تماشا	-	-
11	کرد	کرد	کرد#کن	-	-
					
0	با	با	با	-	-
1	خود	خود	خود	-	-
2	استنلی	استنل	استنلی	-	-
3	کوبریک	کوبریک	کوبریک	-	-
4	بود	بود	بود#باش	-	-
5	.	.	.	-	-
					
0	زلاتان	زلا	زلاتان	-	-
1	برای	برا	برای	-	-
2	اولین	اولین	اولین	-	-
3	بار	بار	بار	-	-
4	در	در	در	-	-
5	سال	سال	سال	-	-
6	۱۹۹۶	۱۹۹۶	۱۹۹۶	-	-
7	با	با	با	-	-
8	مالمو	مالمو	مالمو	-	-
9	قرارداد	قرارداد	قرارداد	-	-
10	بست	بس	بست#بند	-	-
					
1	و	و	و	-	-
2	در	در	در	-	-
3	سال	سال	سال	-	-
4	۱۹۹۹	۱۹۹۹	۱۹۹۹	-	-
5	در	در	در	-	-
6	ترکیب	ترکیب	ترکیب	-	-
7	تیم	ت	تیم	-	-
8	اول	اول	اول	-	-
9	این	این	این	-	-
10	تیم	ت	تیم	-	-
11	در	در	در	-	-
12	لیگ	لیگ	لیگ	-	-
13	اول	اول	اول	-	-
14	سوئد	سوئد	سوئد	-	-
15	قرار	قرار	قرار	-	-
16	گرفت	گرف	گرفت#گیر	-	-
					
0	که	که	که	-	-
1	در	در	در	-	-
2	این	این	این	-	-
3	سال	سال	سال	-	-
4	این	این	این	-	-
5	تیم	ت	تیم	-	-
6	با	با	با	-	-
7	رتبه	رتبه	رتبه	-	-
8	سیزدهم	سیزده	سیزدهم	-	-
9	به	به	به	-	-
10	لیگ	لیگ	لیگ	-	-
11	دوم	دو	دوم	-	-
12	سقوط	سقوط	سقوط	-	-
13	کرد	کرد	کرد#کن	-	-
					
0	ولی	ول	ولی	-	-
1	فصل	فصل	فصل	-	-
2	بعد	بعد	بعد	-	-
3	به	به	به	-	-
4	لیگ	لیگ	لیگ	-	-
5	اول	اول	اول	-	-
6	بازگشت	بازگ	بازگشت	-	-
7	.	.	.	-	-
					
0	پیش	پ	پیش	-	-
1	از	از	از	-	-
2	آن‌که	آن‌که	آن‌که	-	-
3	لئو	لئو	لئو	-	-
4	بینهاکر	بینهاکر	بینهاکر	-	-
5	سرمربی	سرمرب	سرمربی	-	-
6	آژاکس	آژاکس	آژاکس	-	-
7	علاقه	علاقه	علاقه	-	-
8	خود	خود	خود	-	-
9	را	را	را	-	-
10	برای	برا	برای	-	-
11	جذب	جذب	جذب	-	-
12	این	این	این	-	-
13	بازیکن	بازیکن	بازیکن	-	-
14	نشان	ن	نشان	-	-
15	دهد	دهد	داد#ده	-	-
					
0	این	این	این	-	-
1	آرسن	آرسن	آرسن	-	-
2	ونگر	ونگر	ونگر	-	-
3	بود	بود	بود#باش	-	-
					
0	که	که	که	-	-
1	زلاتان	زلا	زلاتان	-	-
2	را	را	را	-	-
3	کشف	کشف	کشف	-	-
4	کرد	کرد	کرد#کن	-	-
					
0	اما	اما	اما	-	-
1	طی	ط	طی	-	-
2	تلاشی	تلاش	تلاش	-	-
3	ناموفق	ناموفق	ناموفق	-	-
4	برای	برا	برای	-	-
5	انتقال	انتقال	انتقال	-	-
6	وی	و	وی	-	-
7	به	به	به	-	-
8	آرسنال	آرسنال	آرسنال	-	-
9	ابراهیموویچ	ابراهیموویچ	ابراهیموویچ	-	-
10	به	به	به	-	-
11	آژاکس	آژاکس	آژاکس	-	-
12	پیوست	پیوس	پیوست	-	-
13	.	.	.	-	-
					
0	در	در	در	-	-
1	۲۲	۲۲	۲۲	-	-
2	مارس	مارس	مارس	-	-
3	۲۰۰۱	۲۰۰۱	۲۰۰۱	-	-
4	ابراهیموویچ	ابراهیموویچ	ابراهیموویچ	-	-
5	با	با	با	-	-
6	قراردادی	قرارداد	قراردادی	-	-
7	معادل	معادل	معادل	-	-
8	۸۰	۸۰	۸۰	-	-
9	میلیون	میلیون	میلیون	-	-
10	کرون	کرون	کرون	-	-
11	سوئد	سوئد	سوئد	-	-
12	به	به	به	-	-
13	آژاکس	آژاکس	آژاکس	-	-
14	پیوست	پیوس	پیوست	-	-
15	.	.	.	-	-
					
0	«	«	«	-	-
1	قدرت	قدر	قدرت	-	-
2	فقط	فقط	فقط	-	-
3	نصیب	نصیب	نصیب	-	-
4	کسانی	کسان	کسانی	-	-
5	می‌شود	می‌شود	شد#شو	-	-
					
0	که	که	که	-	-
1	جرات	جر	جر	-	-
2	کنند	کنند	کرد#کن	-	-
					
0	خم	خ	خم	-	-
1	شوند	شوند	شد#شو	-	-
					
1	و	و	و	-	-
2	آن	آن	آن	-	-
3	را	را	را	-	-
4	به	به	به	-	-
5	دقت	دق	دقت	-	-
6	بگیرند	بگیرند	گرفت#گیر	-	-
7	.	.	.	-	-
					
0	فقط	فقط	فقط	-	-
1	یک	یک	یک	-	-
2	چیز	چیز	چیز	-	-
3	مهم	مه	مهم	-	-
4	است	اس	#است	-	-
5	:	:	:	-	-
					
0	باید	باید	باید	-	-
1	فقط	فقط	فقط	-	-
2	جرات	جر	جر	-	-
3	داشت	دا	داشت	-	-
4	.	.	.	-	-
					
0	لازم	لاز	لازم	-	-
1	بود	بود	بود#باش	-	-
					
0	بدانم	بدان	دانست#دان	-	-
					
0	که	که	که	-	-
1	آیا	آیا	آیا	-	-
2	من	من	من	-	-
3	هم	ه	هم	-	-
4	مانند	مانند	مانند	-	-
5	همه‌ی	همه	همه	-	-
6	مردم	مرد	مردم	-	-
7	شپش	شپ	شپش	-	-
8	هستم	هس	#هست	-	-
					
0	یا	یا	یا	-	-
1	انسانم	انسان	انسان	-	-
2	؟	؟	؟	-	-
					
0	آیا	آیا	آیا	-	-
1	من	من	من	-	-
2	می‌توانم	می‌توان	توانست#توان	-	-
					
0	از	از	از	-	-
1	حد	حد	حد	-	-
2	معین	معین	معین	-	-
3	تجاوز	تجاوز	تجاوز	-	-
4	کنم	کن	کرد#کن	-	-
5	،	،	،	-	-
					
0	یا	یا	یا	-	-
1	نمی‌توانم	نمی‌توان	توانست#توان	-	-
2	؟	؟	؟	-	-
					
0	آیا	آیا	آیا	-	-
1	جسارت	جسار	جسارت	-	-
2	این	این	این	-	-
3	را	را	را	-	-
4	دارم	دار	داشت#دار	-	-
					
0	که	که	که	-	-
1	خم	خ	خم	-	-
2	شوم	شو	شوم	-	-
					
0	و	و	و	-	-
1	آنچه	آنچه	آنچه	-	-
2	را	را	را	-	-
3	می‌خواهم	می‌خواه	خواست#خواه	-	-
4	،	،	،	-	-
					
0	بردارم	بردار	بردار	-	-
					
0	یا	یا	یا	-	-
1	نه	نه	نه	-	-
2	.	.	.	-	-
					
0	آیا	آیا	آیا	-	-
1	موجودی	موجود	موجود	-	-
2	ترسو	ترسو	ترسو	-	-
3	و	و	و	-	-
4	بزدلم	بزدل	بزدل	-	-
					
0	یا	یا	یا	-	-
1	صاحب	صاحب	صاحب	-	-
2	حق	حق	حق	-	-
3	و	و	و	-	-
4	اختیار	اختیار	اختیار	-	-
5	هستم	هس	#هست	-	-
6	؟	؟	؟	-	-
					
0	»	»	»	-	-
1	«	«	«	-	-
2	قابل‌توجه	قابل‌توجه	قابل‌توجه	-	-
3	است	اس	#است	-	-
					
0	که	که	که	-	-
1	بیشتر	ب	بیشتر	-	-
2	اشخاص	اشخاص	اشخاص	-	-
3	نیکوکار	نیکوکار	نیکوکار	-	-
4	و	و	و	-	-
5	بنیانگذار	بنیانگذار	بنیانگذار	-	-
6	اصول	اصول	اصول	-	-
7	انسانیت	انسان	انسانیت	-	-
8	،	،	،	-	-
9	مردمانی	مردمان	مردمانی	-	-
10	بودند	بودند	بود#باش	-	-
11	بی‌نهایت	بی‌ن	بی‌نهایت	-	-
12	خون‌ریز	خون‌ریز	خون‌ریز	-	-
13	.	.	.	-	-
					
0	همه	همه	همه	-	-
1	،	،	،	-	-
2	و	و	و	-	-
3	نه	نه	نه	-	-
4	اشخاص	اشخاص	اشخاص	-	-
5	بزرگ	بزرگ	بزرگ	-	-
6	،	،	،	-	-
7	بلکه	بلکه	بلکه	-	-
8	حتی	حت	حتی	-	-
9	آن‌هایی	آن	آن	-	-
10	که	که	که	-	-
11	فقط	فقط	فقط	-	-
12	کمی	کم	کم	-	-
13	بیرون	بیرون	بیرون	-	-
14	از	از	از	-	-
15	چهارچوب	چهارچوب	چهارچوب	-	-
16	معمول	معمول	معمول	-	-
17	هستند	هستند	#هست	-	-
18	،	،	،	-	-
					
0	یعنی	یعن	یعنی	-	-
1	حتی	حت	حتی	-	-
2	آن‌هایی	آن	آن	-	-
3	که	که	که	-	-
4	اندکی	اندک	اندک	-	-
5	توانایی	توانا	توانایی	-	-
6	گفتن	گفتن	گفتن	-	-
7	سخن	سخن	سخن	-	-
8	نو	نو	نو	-	-
9	را	را	را	-	-
10	دارند	دارند	داشت#دار	-	-
11	،	،	،	-	-
					
0	قاعدتاً	قاعدتاً	قاعدتاً	-	-
1	باید	باید	باید	-	-
2	،	،	،	-	-
3	بنابر	بنابر	بنابر	-	-
4	طبیعت	طبیع	طبیعت	-	-
5	خود	خود	خود	-	-
6	،	،	،	-	-
7	کم‌وبیش	کم‌وب	کم‌وبیش	-	-
8	متجاوز	متجاوز	متجاوز	-	-
9	باشند	باشند	بود#باش	-	-
10	.	.	.	-	-
					
0	اگر	اگر	اگر	-	-
1	جز	جز	جز	-	-
2	این	این	این	-	-
3	باشد	باشد	بود#باش	-	-
					
0	مشکل	مشکل	مشکل	-	-
1	است	اس	#است	-	-
					
0	آن‌ها	آن	آن	-	-
1	از	از	از	-	-
2	چهار	چهار	چهار	-	-
3	دیوار	دیوار	دیوار	-	-
4	خود	خود	خود	-	-
5	به	به	به	-	-
6	درآیند	درآیند	درآیند	-	-
7	،	،	،	-	-
					
0	و	و	و	-	-
1	از	از	از	-	-
2	ماندن	ماندن	ماندن	-	-
3	در	در	در	-	-
4	آن	آن	آن	-	-
5	چهارچوب	چهارچوب	چهارچوب	-	-
6	به	به	به	-	-
7	خاطر	خاطر	خاطر	-	-
8	طبع	طبع	طبع	-	-
9	خود	خود	خود	-	-
10	،	،	،	-	-
11	نمی‌توانند	نمی‌توانند	توانست#توان	-	-
					
0	راضی	راض	راضی	-	-
1	باشند	باشند	بود#باش	-	-
2	.	.	.	-	-
					
0	»	»	»	-	-
1	«	«	«	-	-
2	همه	همه	همه	-	-
3	قاتلن	قاتلن	قاتلن	-	-
4	؛	؛	؛	-	-
					
0	همیشه	همیشه	همیشه	-	-
1	زمین	زمین	زمین	-	-
2	جاری	جار	جاری	-	-
3	از	از	از	-	-
4	خون	خون	خون	-	-
5	بوده	بوده	بوده	-	-
6	.	.	.	-	-
					
0	روی	رو	روی	-	-
1	زمین	زمین	زمین	-	-
2	کسایی	کسا	کسا	-	-
3	که	که	که	-	-
4	قتل	قتل	قتل	-	-
5	می‌کنن	می‌کنن	می‌کنن	-	-
					
0	بعدها	بعد	بعد	-	-
1	صاحب	صاحب	صاحب	-	-
2	بزرگ‌ترین	بزرگ	بزرگ	-	-
3	افتخارها	افتخار	افتخار	-	-
4	شدن	شدن	شدن	-	-
5	.	.	.	-	-
					
0	من	من	من	-	-
1	فقط	فقط	فقط	-	-
2	می‌خواستم	می‌خواس	خواست#خواه	-	-
					
0	به	به	به	-	-
1	مردم	مرد	مردم	-	-
2	خوبی	خوب	خوبی	-	-
3	کنم	کن	کرد#کن	-	-
4	.	.	.	-	-
					
0	کشتن	کشتن	کشتن	-	-
1	یک	یک	یک	-	-
2	پیرزن	پیرزن	پیرزن	-	-
3	رباخوار	رباخوار	رباخوار	-	-
					
0	و	و	و	-	-
1	از	از	از	-	-
2	بین	بین	بین	-	-
3	بردن	بردن	بردن	-	-
4	یک	یک	یک	-	-
5	حشره‌ی	حشره	حشره	-	-
6	کثیف	کثیف	کثیف	-	-
7	،	،	،	-	-
					
0	کجاش	کجا	کجا	-	-
1	جنایته	جنایته	جنایته	-	-
2	؟	؟	؟	-	-
					
0	»	»	»	-	-
1	«	«	«	-	-
2	همه	همه	همه	-	-
3	چیزم	چیز	چیز	-	-
4	را	را	را	-	-
5	باخته بودم	باخته بود	باخته بودم	-	-
6	.	.	.	-	-
					
0	همه	همه	همه	-	-
1	چیزم	چیز	چیز	-	-
2	را	را	را	-	-
3	!	!	!	-	-
					
0	از	از	از	-	-
1	کازینو	کازینو	کازینو	-	-
2	بیرون	بیرون	بیرون	-	-
3	آمدم	آمد	آمد#آ	-	-
4	.	.	.	-	-
					
0	آن	آن	آن	-	-
1	وقت	وق	وقت	-	-
2	دیدم	دید	دید#بین	-	-
					
0	یک	یک	یک	-	-
1	گولدن	گولدن	گولدن	-	-
2	ته	ته	ته	-	-
3	جیب	جیب	جیب	-	-
4	جلیقه‌ام	جلیقه	جلیقه	-	-
5	مانده	مانده	مانده	-	-
6	.	.	.	-	-
					
0	گفتم	گف	گفت#گو	-	-
1	:	:	:	-	-
					
0	«	«	«	-	-
1	آه	آه	آه	-	-
2	پس	پس	پس	-	-
3	هنوز	هنوز	هنوز	-	-
4	می‌توانم	می‌توان	توانست#توان	-	-
					
0	غذایی	غذا	غذا	-	-
1	بخورم	بخور	خورد#خور	-	-
2	!	!	!	-	-
					
0	»	»	»	-	-
1	اما	اما	اما	-	-
2	صد	صد	صد	-	-
3	قدم	قد	قدم	-	-
4	نرفته بودم	نرفته بود	نرفته بودم	-	-
					
0	که	که	که	-	-
1	تصمیمم	تصمیم	تصمیم	-	-
2	عوض	عوض	عوض	-	-
3	شد	شد	شد#شو	-	-
4	.	.	.	-	-
					
0	برگشتم	برگ	برگ	-	-
					
0	و	و	و	-	-
1	یک	یک	یک	-	-
2	گولدن	گولدن	گولدن	-	-
3	را	را	را	-	-
4	روی	رو	روی	-	-
5	مانک	مانک	مانک	-	-
6	گذاشتم	گذا	گذاشت#گذار	-	-
					
0	(	(	(	-	-
1	بله	بله	بله	-	-
2	خوب	خوب	خوب	-	-
3	به	به	به	-	-
4	یاد	یاد	یاد	-	-
5	دارم	دار	داشت#دار	-	-
6	.	.	.	-	-
					
0	روی	رو	روی	-	-
1	مانک	مانک	مانک	-	-
2	)	)	)	-	-
3	و	و	و	-	-
4	جدا	جدا	جدا	-	-
					
0	وقتی	وقت	وقت	-	-
1	آدم	آد	آدم	-	-
2	در	در	در	-	-
3	کشوری	کشور	کشور	-	-
4	بیگانه	بیگانه	بیگانه	-	-
5	دور	دور	دور	-	-
6	از	از	از	-	-
7	وطن	وطن	وطن	-	-
8	و	و	و	-	-
9	کس	کس	کس	-	-
10	و	و	و	-	-
11	کارش	کار	کار	-	-
12	تنهاست	تنهاس	تنهاست	-	-
					
0	و	و	و	-	-
1	نمی‌داند	نمی‌داند	دانست#دان	-	-
					
0	که	که	که	-	-
1	همان	ه	همان	-	-
2	روز	روز	روز	-	-
3	چه	چه	چه	-	-
4	خواهد خورد	خواهد خورد	خواهد خورد	-	-
					
0	و	و	و	-	-
1	می‌خواهد	می‌خواهد	خواست#خواه	-	-
					
0	آخرین	آخرین	آخرین	-	-
1	گولدن	گولدن	گولدن	-	-
2	خود	خود	خود	-	-
3	را	را	را	-	-
4	آخرینش	آخرین	آخرین	-	-
5	را	را	را	-	-
6	به	به	به	-	-
7	خطر	خطر	خطر	-	-
8	اندازد	اندازد	انداخت#انداز	-	-
					
0	احساس	احساس	احساس	-	-
1	عجیبی	عجیب	عجیب	-	-
2	دارد	دارد	داشت#دار	-	-
3	.	.	.	-	-
					
0	اما	اما	اما	-	-
1	خطر	خطر	خطر	-	-
2	کردم	کرد	کرد#کن	-	-
					
0	و	و	و	-	-
1	بردم	برد	برد#بر	-	-
					
0	و	و	و	-	-
1	بیست	بیس	بیست	-	-
2	دقیقه	دقیقه	دقیقه	-	-
3	بعد	بعد	بعد	-	-
4	با	با	با	-	-
5	صد	صد	صد	-	-
6	و	و	و	-	-
7	هفتاد	هفتاد	هفتاد	-	-
8	گولدن	گولدن	گولدن	-	-
9	در	در	در	-	-
10	جیب	جیب	جیب	-	-
11	از	از	از	-	-
12	کازینو	کازینو	کازینو	-	-
13	بیرون	بیرون	بیرون	-	-
14	آمدم	آمد	آمد#آ	-	-
15	.	.	.	-	-
					
0	این	این	این	-	-
1	یک	یک	یک	-	-
2	واقعیت	واقع	واقعیت	-	-
3	است	اس	#است	-	-
4	.	.	.	-	-
					
0	گاهی	گاه	گاه	-	-
1	آخرین	آخرین	آخرین	-	-
2	گولدن	گولدن	گولدن	-	-
3	چه	چه	چه	-	-
4	کارها	کار	کار	-	-
5	می‌کند	می‌کند	کرد#کن	-	-
6	!	!	!	-	-
					
0	اگر	اگر	اگر	-	-
1	شکستم	شکس	شکست#شکن	-	-
2	را	را	را	-	-
3	پذیرفته بودم	پذیرفته بود	پذیرفته بودم	-	-
					
0	اگر	اگر	اگر	-	-
1	جرئت	جرئ	جرئت	-	-
2	تصمیم	تصم	تصمیم	-	-
3	نمی‌داشتم	نمی‌دا	داشت#دار	-	-
					
0	چه	چه	چه	-	-
1	شده بود	شده بود	شده بود	-	-
2	؟	؟	؟	-	-
					
0	…	…	…	-	-
1	فردا	فردا	فردا	-	-
2	،	،	،	-	-
3	فردا	فردا	فردا	-	-
4	،	،	،	-	-
5	همه	همه	همه	-	-
6	چیز	چیز	چیز	-	-
7	تمام	تما	تمام	-	-
6	خواهد شد	خواهد شد	خواهد شد	-	-
7	.	.	.	-	-
8	»	»	»	-	-
