0	تخت‌جمشید	تخت‌جمشید	تخت‌جمشید	_	_	
1	،	،	،	_	_	
2	مجموعه‌ای	مجموعه	مجموعه	_	_	
3	از	از	از	_	_	
4	کاخ‌های	کاخ	کاخ	_	_	
5	بسیار	بسیار	بسیار	_	_	
6	با	با	با	_	_	
7	شکوهی	شکوه	شکوه	_	_	
8	است	اس	#است	_	_	
9	که	که	که	_	_	
10	ساخت	ساخ	ساخت	_	_	
11	آنها	آن	آن	_	_	
12	در	در	در	_	_	
13	سال	سال	سال	_	_	
14	به	به	به	_	_	
15	۵۱۲	۵۱۲	۵۱۲	_	_	
16	قبل‌	قبل	قبل	_	_	
17	از	از	از	_	_	
18	میلاد	میلاد	میلاد	_	_	
19	آغاز	آغاز	آغاز	_	_	
20	شد	شد	شد#شو	_	_	
21	و	و	و	_	_	
22	اتمام	اتما	اتمام	_	_	
23	آن	آن	آن	_	_	
24	۱۵۰	۱۵۰	۱۵۰	_	_	
25	سال	سال	سال	_	_	
26	به	به	به	_	_	
27	طول	طول	طول	_	_	
28	انجامید	انجامید	انجامید	_	_	
29	.	.	.	_	_	
						
0	تخت‌جمشید	تخت‌جمشید	تخت‌جمشید	_	_	
1	در	در	در	_	_	
2	محوطه	محوطه	محوطه	_	_	
3	وسیعی	وسیع	وسیع	_	_	
4	واقع‌شده	واقع‌شده	واقع‌شده	_	_	
5	که	که	که	_	_	
6	ازیک‌طرف	ازیک‌طرف	ازیک‌طرف	_	_	
7	به	به	به	_	_	
8	کوه	کوه	کوه	_	_	
9	رحمت	رحم	رحمت	_	_	
10	و	و	و	_	_	
11	از	از	از	_	_	
12	طرف	طرف	طرف	_	_	
13	دیگر	دیگر	دیگر	_	_	
14	به	به	به	_	_	
15	مرودشت	مرود	مرودشت	_	_	
16	محدود	محدود	محدود	_	_	
17	است	اس	#است	_	_	
18	.	.	.	_	_	
						
0	این	این	این	_	_	
1	کاخ‌های	کاخ	کاخ	_	_	
2	عظیم	عظ	عظیم	_	_	
3	سلطنتی	سلطنت	سلطنت	_	_	
4	در	در	در	_	_	
5	کنار	کنار	کنار	_	_	
6	شهر	شهر	شهر	_	_	
7	پارسه	پارسه	پارسه	_	_	
8	که	که	که	_	_	
9	یونانیان	یونان	یونان	_	_	
10	آن	آن	آن	_	_	
11	را	را	را	_	_	
12	پرسپولیس	پرسپولیس	پرسپولیس	_	_	
13	خوانده‌اند	خوانده‌اند	خواند#خوان	_	_	
14	ساخته شده است	ساخته شده اس	ساخته شده است	_	_	
15	.	.	.	_	_	
						
0	تعداد	تعداد	تعداد	_	_	
1	محدودی	محدود	محدودی	_	_	
2	از	از	از	_	_	
3	این	این	این	_	_	
4	جواهرات	جواهر	جواهرات	_	_	
5	در	در	در	_	_	
6	موزه	موزه	موزه	_	_	
7	ملی	مل	ملی	_	_	
8	ایران	ایر	ایران	_	_	
9	نگهداری	نگهدار	نگهداری	_	_	
10	می‌شود	می‌شود	شد#شو	_	_	
11	.	.	.	_	_	
						
0	بزرگ‌ترین	بزرگ	بزرگ	_	_	
1	کاخ	کاخ	کاخ	_	_	
2	در	در	در	_	_	
3	مجموعه	مجموعه	مجموعه	_	_	
4	تخت‌جمشید	تخت‌جمشید	تخت‌جمشید	_	_	
5	کاخ	کاخ	کاخ	_	_	
6	مشهور	مشهور	مشهور	_	_	
7	به	به	به	_	_	
8	صد‌ستون	صد‌ستون	صد‌ستون	_	_	
9	است	اس	#است	_	_	
10	که	که	که	_	_	
11	احتمالاً	احتمالاً	احتمالاً	_	_	
12	یکی	یک	یک	_	_	
13	از	از	از	_	_	
14	بزرگ‌ترین	بزرگ	بزرگ	_	_	
15	آثار	آثار	آثار	_	_	
16	معماری	معمار	معمار	_	_	
17	دوره	دوره	دوره	_	_	
18	هخامنشیان	هخامنش	هخامنش	_	_	
19	بوده	بوده	بوده	_	_	
20	و	و	و	_	_	
21	داریوش	داریو	داریوش	_	_	
22	اول	اول	اول	_	_	
23	از	از	از	_	_	
24	آن	آن	آن	_	_	
25	به	به	به	_	_	
26	عنوان	عنو	عنوان	_	_	
27	سالن	سالن	سالن	_	_	
28	بارعام	بارعا	بارعام	_	_	
29	خود	خود	خود	_	_	
30	استفاده	استفاده	استفاده	_	_	
31	 می‌کرده است	 می‌کرده اس	 می‌کرده است	_	_	
32	.	.	.	_	_	
						
0	تایسون	تایسون	تایسون	_	_	
1	که	که	که	_	_	
2	اخترفیزیکدان	اخترفیزیکد	اخترفیزیکدان	_	_	
3	و	و	و	_	_	
4	مدیر	مدیر	مدیر	_	_	
5	آسمان	آس	آسمان	_	_	
6	نمای	نما	نما	_	_	
7	هیدن	هیدن	هیدن	_	_	
8	در	در	در	_	_	
9	موزه‌ی	موزه	موزه	_	_	
10	تاریخ	تاریخ	تاریخ	_	_	
11	طبیعی	طبیع	طبیعی	_	_	
12	آمریکا	آمریکا	آمریکا	_	_	
13	است	اس	#است	_	_	
14	،	،	،	_	_	
15	دوباره	دوباره	دوباره	_	_	
16	قرار	قرار	قرار	_	_	
17	است	اس	#است	_	_	
18	به	به	به	_	_	
19	نشنال	نشنال	نشنال	_	_	
20	جیوگرافیک	جیوگرافیک	جیوگرافیک	_	_	
21	بازگردد	بازگردد	بازگردد	_	_	
22	.	.	.	_	_	
						
0	طرفداران	طرفدار	طرفدار	_		
1	ژانر	ژانر	ژانر	_	_	
2	علمی‌تخیلی	علمی‌تخیل	علمی‌تخیلی	_	_	
3	کانال	کانال	کانال	_	_	
4	syfy	syfy	syfy	_	_	
5	را	را	را	_	_	
6	می‌شناسند	می‌شناسند	شناخت#شناس	_	_	
7	.	.	.	_	_	
						
0	این	این	این	_	_	
1	کانال	کانال	کانال	_	_	
2	تا	تا	تا	_	_	
3	چند	چند	چند	_	_	
4	سال	سال	سال	_	_	
5	پیش	پ	پیش	_	_	
6	با	با	با	_	_	
7	نام	نا	نام	_	_	
8	Scifi	Scifi	Scifi	_	_	
9	برنامه‌هایش	برنامه	برنامه	_	_	
10	را	را	را	_	_	
11	پخش	پخ	پخش	_	_	
12	می‌کرد	می‌کرد	کرد#کن	_	_	
13	،	،	،	_	_	
14	اما	اما	اما	_	_	
15	بنابه	بنابه	بنابه	_	_	
16	گفته‌ی	گفته	گفته	_	_	
17	خودشان	خود	خود	_	_	
18	که	که	که	_	_	
19	تصمیم	تصم	تصمیم	_	_	
20	گرفته	گرفته	گرفته	_	_	
21	بودند	بودند	بود#باش	_	_	
22	مخاطبان	مخاطب	مخاطب	_	_	
23	دیگری	دیگر	دیگر	_	_	
24	به	به	به	_	_	
25	جز	جز	جز	_	_	
26	علاقه‌مندان	علاقه‌مند	علاقه‌مند	_	_	
27	علمی‌تخیلی	علمی‌تخیل	علمی‌تخیلی	_	_	
28	راهم	راه	راه	_	_	
29	جذب	جذب	جذب	_	_	
30	کنند	کنند	کرد#کن	_	_	
31	و	و	و	_	_	
32	برنامه‌های	برنامه	برنامه	_	_	
33	دیگری	دیگر	دیگر	_	_	
34	هم	ه	هم	_	_	
35	تولید	تولید	تولید	_	_	
36	کنند	کنند	کرد#کن	_	_	
37	.	.	.	_	_	
						
0	این	این	این	_	_	
1	برنامه	برنامه	برنامه	_	_	
2	اگرچه	اگرچه	اگرچه	_	_	
3	اولین	اولین	اولین	_	_	
4	تجربه‌ی	تجربه	تجربه	_	_	
5	برنامه	برنامه	برنامه	_	_	
6	شبانه‌ی	شبانه	شبانه	_	_	
7	علم	عل	علم	_	_	
8	محور	محور	محور	_	_	
9	با	با	با	_	_	
10	چاشنی	چاشن	چاشنی	_	_	
11	طنز	طنز	طنز	_	_	
12	و	و	و	_	_	
13	ادبیات	ادب	ادبیات	_	_	
14	عامه	عامه	عامه	_	_	
15	در	در	در	_	_	
16	تلویزیون	تلویزیون	تلویزیون	_	_	
17	به	به	به	_	_	
18	شمار	شمار	شمار	_	_	
19	می‌رود	می‌رود	رفت#رو	_	_	
20	،	،	،	_	_	
21	اما	اما	اما	_	_	
22	می‌تواند	می‌تواند	توانست#توان	_	_	
23	آینده‌ی	آینده	آینده	_	_	
24	چنین	چنین	چنین	_	_	
25	برنامه‌هایی	برنامه	برنامه	_	_	
26	را	را	را	_	_	
27	مشخص	مشخص	مشخص	_	_	
28	کند	کند	کند	_	_	
29	و	و	و	_	_	
30	موفقیت	موفق	موفقیت	_	_	
31	یا	یا	یا	_	_	
32	عدم	عد	عدم	_	_	
33	موفقیت	موفق	موفقیت	_	_	
34	آن	آن	آن	_	_	
35	بیش‌از	بیش‌از	بیش‌از	_	_	
36	موفقیت	موفق	موفقیت	_	_	
37	یا	یا	یا	_	_	
38	شکست	شکس	شکست	_	_	
39	یک	یک	یک	_	_	
40	پروژه	پروژه	پروژه	_	_	
41	در	در	در	_	_	
42	بلندمدت	بلندمد	بلندمدت	_	_	
43	بر	بر	بر	_	_	
44	حضور	حضور	حضور	_	_	
45	علم	عل	علم	_	_	
46	در	در	در	_	_	
47	نقش	نق	نقش	_	_	
48	اصلی	اصل	اصل	_	_	
49	و	و	و	_	_	
50	محوری	محور	محور	_	_	
51	دنیای	دنیا	دنیا	_	_	
52	رسانه‌های	رسانه	رسانه	_	_	
53	رسمی	رسم	رسم	_	_	
54	،	،	،	_	_	
55	تأثیر	تأثیر	تأثیر	_	_	
56	 خواهد گذاشت	 خواهد گذا	 خواهد گذاشت	_	_	
57	.	.	.	_	_	
						
0	اگر	اگر	اگر	_	_	
1	به	به	به	_	_	
2	دنیای	دنیا	دنیا	_	_	
3	علمی‌تخیلی	علمی‌تخیل	علمی‌تخیلی	_	_	
4	و	و	و	_	_	
5	نقاطی	نقاط	نقاط	_	_	
6	که	که	که	_	_	
7	مرزهای	مرز	مرز	_	_	
8	آن	آن	آن	_	_	
9	با	با	با	_	_	
10	دنیای	دنیا	دنیا	_	_	
11	واقعی	واقع	واقعی	_	_	
12	درهم	دره	درهم	_	_	
13	 آمیخته می‌شود	 آمیخته می‌شود	 آمیخته می‌شود	_	_	
14	علاقه	علاقه	علاقه	_	_	
15	دارید	دارید	داشت#دار	_	_	
16	،	،	،	_	_	
17	نام	نا	نام	_	_	
18	ایلان	ایل	ایل	_	_	
19	ماسک	ماسک	ماسک	_	_	
20	را	را	را	_	_	
21	در	در	در	_	_	
22	ذهن	ذهن	ذهن	_	_	
23	داشته باشید	داشته باشید	داشته باشید	_	_	
24	.	.	.	_	_	
						
0	کارآفرینی	کارآفرین	کارآفرین	_	_	
1	که	که	که	_	_	
2	اصالتاً	اصالتاً	اصالتاً	_	_	
3	اهل	اهل	اهل	_	_	
4	آفریقای	آفریقا	آفریقا	_	_	
5	جنوبی	جنوب	جنوبی	_	_	
6	است	اس	#است	_	_	
7	و	و	و	_	_	
8	از	از	از	_	_	
9	او	او	او	_	_	
10	با	با	با	_	_	
11	نام	نا	نام	_	_	
12	مرد	مرد	مرد	_	_	
13	آهنی	آهن	آهنی	_	_	
14	دنیای	دنیا	دنیا	_	_	
15	واقعی	واقع	واقعی	_	_	
16	همنام	همنا	همنام	_	_	
17	برده می‌شود	برده می‌شود	برده می‌شود	_	_	
18	و	و	و	_	_	
19	درحال‌حاضر	درحال‌حاضر	درحال‌حاضر	_	_	
20	،	،	،	_	_	
21	مشغول	مشغول	مشغول	_	_	
22	ایفای	ایفا	ایفا	_	_	
23	نقش	نق	نقش	_	_	
24	تونی	تون	تون	_	_	
25	استارک	استارک	استارک	_	_	
26	دنیای	دنیا	دنیا	_	_	
27	ما	ما	ما	_	_	
28	است	اس	#است	_	_	
29	.	.	.	_	_	
						
0	او	او	او	_	_	
1	هم‌زمان	هم‌ز	هم‌زمان	_	_	
2	ایده‌ی	ایده	ایده	_	_	
3	قطارهای	قطار	قطار	_	_	
4	فوق	فوق	فوق	_	_	
5	سریع	سریع	سریع	_	_	
6	را	را	را	_	_	
7	مطرح	مطرح	مطرح	_	_	
8	کرده	کرده	کرده	_	_	
9	و	و	و	_	_	
10	اکنون	اکنون	اکنون	_	_	
11	به	به	به	_	_	
12	دنبال	دنبال	دنبال	_	_	
13	اینترنت	اینترن	اینترنت	_	_	
14	رایگان	رایگ	رایگان	_	_	
15	جهانی	جهان	جهانی	_	_	
16	است	اس	#است	_	_	
17	.	.	.	_	_	
						
0	این	این	این	_	_	
1	سازمان	ساز	سازمان	_	_	
2	فضایی	فضا	فضایی	_	_	
3	تاکنون	تاکنون	تاکنون	_	_	
4	موفق	موفق	موفق	_	_	
5	به	به	به	_	_	
6	اثبات	اثب	اثبات	_	_	
7	۲۵۲۵	۲۵۲۵	۲۵۲۵	_	_	
8	سیاره‌ی	سیاره	سیاره	_	_	
9	خارجی	خارج	خارج	_	_	
10	شده	شده	شده	_	_	
11	است	اس	#است	_	_	
12	که	که	که	_	_	
13	از	از	از	_	_	
14	این	این	این	_	_	
15	رقم	رق	رقم	_	_	
16	،	،	،	_	_	
17	ده	ده	ده	_	_	
18	سیاره‌ی	سیاره	سیاره	_	_	
19	سنگی	سنگ	سنگ	_	_	
20	،	،	،	_	_	
21	هم‌اندازه	هم‌اندازه	هم‌اندازه	_	_	
22	با	با	با	_	_	
23	زمین	زمین	زمین	_	_	
24	و	و	و	_	_	
25	احتمالاً	احتمالاً	احتمالاً	_	_	
26	قابل	قابل	قابل	_	_	
27	سکونت	سکون	سکونت	_	_	
28	هستند	هستند	#هست	_	_	
29	.	.	.	_	_	
						
0	شاید	شاید	شاید	_	_	
1	برخی	برخ	برخی	_	_	
2	نگران	نگر	نگران	_	_	
3	باشند	باشند	بود#باش	_	_	
4	سیستم	سیس	سیستم	_	_	
5	هوش	هو	هوش	_	_	
6	مصنوعی	مصنوع	مصنوع	_	_	
7	گوگل	گوگل	گوگل	_	_	
8	ستاره شناسان	ستاره شناس	ستاره شناسان	_	_	
9	را	را	را	_	_	
10	کنار	کنار	کنار	_	_	
11	بزند	بزند	زد#زن	_	_	
12	؛	؛	؛	_	_	
13	اما	اما	اما	_	_	
14	به‌	به	به	_	_	
15	گفته‌ی	گفته	گفته	_	_	
16	ناسا	ناسا	ناسا	_	_	
17	جای	جا	جای	_	_	
18	نگرانی	نگران	نگران	_	_	
19	نیست	نیس	نیست	_	_	
20	.	.	.	_	_	
						
0	چراکه	چراکه	چراکه	_	_	
1	ریاضی	ریاض	ریاضی	_	_	
2	زبان	زب	زبان	_	_	
3	فیزیک	فیزیک	فیزیک	_	_	
4	است	اس	#است	_	_	
5	،	،	،	_	_	
6	اما	اما	اما	_	_	
7	از	از	از	_	_	
8	آنجایی	آنجا	آنجا	_	_	
9	که	که	که	_	_	
10	پدیده‌های	پدیده	پدیده	_	_	
11	جهان	جه	جهان	_	_	
12	ابتدا	ابتدا	ابتدا	_	_	
13	وجود	وجود	وجود	_	_	
14	داشته‌اند	داشته‌اند	داشت#دار	_	_	
15	،	،	،	_	_	
16	مشاهده	مشاهده	مشاهده	_	_	
17	و	و	و	_	_	
18	درک	درک	درک	_	_	
19	شده‌اند	شده‌اند	شد#شو	_	_	
20	و	و	و	_	_	
21	سپس	سپس	سپس	_	_	
22	برای	برا	برای	_	_	
23	آن‌ها	آن	آن	_	_	
24	مبانی	مبان	مبانی	_	_	
25	ریاضیاتی	ریاضیات	ریاضیات	_	_	
26	تعریف	تعریف	تعریف	_	_	
27	 شده‌است	 شده‌اس	 شده‌است	_	_	
28	،	،	،	_	_	
29	با	با	با	_	_	
30	اندکی	اندک	اندک	_	_	
31	تلاش	تلا	تلاش	_	_	
32	می‌توان	می‌تو	می‌توان	_	_	
33	مباحث	مباحث	مباحث	_	_	
34	مربوط	مربوط	مربوط	_	_	
35	به	به	به	_	_	
36	فیزیک	فیزیک	فیزیک	_	_	
37	کلاسیک	کلاسیک	کلاسیک	_	_	
38	را	را	را	_	_	
39	،	،	،	_	_	
40	با	با	با	_	_	
41	اجتناب	اجتناب	اجتناب	_	_	
42	از	از	از	_	_	
43	وارد	وارد	وارد	_	_	
44	شدن	شدن	شدن	_	_	
45	در	در	در	_	_	
46	مبانی	مبان	مبانی	_	_	
47	ریاضی	ریاض	ریاضی	_	_	
48	که	که	که	_	_	
49	(	(	(	_	_	
50	هدف	هدف	هدف	_	_	
51	تألیف	تألیف	تألیف	_	_	
52	این	این	این	_	_	
53	مجموعه	مجموعه	مجموعه	_	_	
54	است	اس	#است	_	_	
55	)	)	)	_	_	
56	توضیح	توضیح	توضیح	_	_	
57	داد	داد	داد	_	_	
58	.	.	.	_	_	
						
0	اما	اما	اما	_	_	
1	وارد	وارد	وارد	_	_	
2	شدن	شدن	شدن	_	_	
3	به	به	به	_	_	
4	دنیای	دنیا	دنیا	_	_	
5	فیزیک	فیزیک	فیزیک	_	_	
6	کوانتوم	کوانتو	کوانتوم	_	_	
7	و	و	و	_	_	
8	پرهیز	پرهیز	پرهیز	_	_	
9	از	از	از	_	_	
10	مبانی	مبان	مبانی	_	_	
11	ریاضی	ریاض	ریاضی	_	_	
12	اجتناب‌ناپذیر	اجتناب‌ناپذیر	اجتناب‌ناپذیر	_	_	
13	است	اس	#است	_	_	
14	.	.	.	_	_	
						
0	چراکه	چراکه	چراکه	_	_	
1	دنیای	دنیا	دنیا	_	_	
2	فیزیک	فیزیک	فیزیک	_	_	
3	کوانتوم	کوانتو	کوانتوم	_	_	
4	،	،	،	_	_	
5	به	به	به	_	_	
6	غایت	غا	غایت	_	_	
7	انتزاعی	انتزاع	انتزاعی	_	_	
8	و	و	و	_	_	
9	ذهنی	ذهن	ذهن	_	_	
10	است	اس	#است	_	_	
11	.	.	.	_	_	
						
0	همان‌طورکه	همان‌طورکه	همان‌طورکه	_	_	
1	شاید	شاید	شاید	_	_	
2	خودتان	خود	خود	_	_	
3	نیز	نیز	نیز	_	_	
4	بدانید	بدانید	دانست#دان	_	_	
5	،	،	،	_	_	
6	بحث‌ها	بحث	بحث	_	_	
7	و	و	و	_	_	
8	منازعات	منازع	منازعات	_	_	
9	اصلی	اصل	اصل	_	_	
10	فیزیکدانان	فیزیکدان	فیزیکدان	_	_	
11	بزرگ	بزرگ	بزرگ	_	_	
12	نظیر	نظیر	نظیر	_	_	
13	؛	؛	؛	_	_	
14	فاینمن	فاینمن	فاینمن	_	_	
15	،	،	،	_	_	
16	اینشتین	اینشتین	اینشتین	_	_	
17	،	،	،	_	_	
18	بور	بور	بور	_	_	
19	و..	و..	و..	_	_	
20	.	.	.	_	_	
21	همه	همه	همه	_	_	
22	و	و	و	_	_	
23	همه	همه	همه	_	_	
24	در	در	در	_	_	
25	مبانی	مبان	مبانی	_	_	
26	کوانتوم	کوانتو	کوانتوم	_	_	
27	بوده‌است	بوده‌اس	بوده‌است	_	_	
28	و	و	و	_	_	
29	عامل	عامل	عامل	_	_	
30	تمامی	تمام	تمام	_	_	
31	این	این	این	_	_	
32	اتفاقات	اتفاق	اتفاقات	_	_	
33	یک	یک	یک	_	_	
34	دلیل	دلیل	دلیل	_	_	
35	ساده	ساده	ساده	_	_	
36	است	اس	#است	_	_	
37	؛	؛	؛	_	_	
38	فهم	فه	فهم	_	_	
39	کامل	کامل	کامل	_	_	
40	فیزیک	فیزیک	فیزیک	_	_	
41	کوانتوم	کوانتو	کوانتوم	_	_	
42	ناشدنی	ناشدن	ناشدنی	_	_	
43	است	اس	#است	_	_	
44	!	!	!	_	_	
						
0	در	در	در	_	_	
1	این	این	این	_	_	
2	قسمت	قسم	قسمت	_	_	
3	از	از	از	_	_	
4	مجموعه	مجموعه	مجموعه	_	_	
5	،	،	،	_	_	
6	که	که	که	_	_	
7	به	به	به	_	_	
8	صورت	صور	صورت	_	_	
9	اختصاصی	اختصاص	اختصاص	_	_	
10	به	به	به	_	_	
11	نارسایی‌های	نارسایی	نارسایی	_	_	
12	فیزیک	فیزیک	فیزیک	_	_	
13	کلاسیک	کلاسیک	کلاسیک	_	_	
14	و	و	و	_	_	
15	گام‌های	گام	گام	_	_	
16	آغازین	آغازین	آغازین	_	_	
17	فیزیک	فیزیک	فیزیک	_	_	
18	کوانتوم	کوانتو	کوانتوم	_	_	
19	می‌پردازیم	می‌پرداز	پرداخت#پرداز	_	_	
20	،	،	،	_	_	
21	استفاده	استفاده	استفاده	_	_	
22	از	از	از	_	_	
23	ریاضیات	ریاض	ریاضیات	_	_	
24	بیش‌از	بیش‌از	بیش‌از	_	_	
25	پیش	پ	پیش	_	_	
26	حس	حس	حس	_	_	
27	می‌شد	می‌شد	شد#شو	_	_	
28	.	.	.	_	_	
						
0	چراکه	چراکه	چراکه	_	_	
1	در	در	در	_	_	
2	حالت	حال	حالت	_	_	
3	کلی	کل	کلی	_	_	
4	شما	شما	شما	_	_	
5	،	،	،	_	_	
6	تنها	تن	تنها	_	_	
7	برای	برا	برای	_	_	
8	درک	درک	درک	_	_	
9	یک	یک	یک	_	_	
10	موضوع	موضوع	موضوع	_	_	
11	نیاز	نیاز	نیاز	_	_	
12	به	به	به	_	_	
13	دانستن	دانستن	دانستن	_	_	
14	صفر	صفر	صفر	_	_	
15	تا	تا	تا	_	_	
16	صد	صد	صد	_	_	
17	ریز	ریز	ریز	_	_	
18	موضوعات	موضوع	موضوعات	_	_	
19	آن	آن	آن	_	_	
20	مطلب	مطلب	مطلب	_	_	
21	دارید	دارید	داشت#دار	_	_	
22	،	،	،	_	_	
23	حال	حال	حال	_	_	
24	اگر	اگر	اگر	_	_	
25	بخواهید	بخواهید	خواست#خواه	_	_	
26	،	،	،	_	_	
27	نارسایی	نارسا	نارسایی	_	_	
28	موضوعی	موضوع	موضوع	_	_	
29	را	را	را	_	_	
30	پیدا	پیدا	پیدا	_	_	
31	کنید	کنید	کرد#کن	_	_	
32	و	و	و	_	_	
33	برای	برا	برای	_	_	
34	حل	حل	حل	_	_	
35	آن	آن	آن	_	_	
36	راه	راه	راه	_	_	
37	کاری	کار	کاشت#کار	_	_	
38	ارایه	ارایه	ارایه	_	_	
39	دهید	دهید	داد#ده	_	_	
40	،	،	،	_	_	
41	باید	باید	باید	_	_	
42	علاوه‌بر	علاوه‌بر	علاوه‌بر	_	_	
43	دانستن	دانستن	دانستن	_	_	
44	صفر	صفر	صفر	_	_	
45	تا	تا	تا	_	_	
46	صد	صد	صد	_	_	
47	ریز	ریز	ریز	_	_	
48	موضوعات	موضوع	موضوعات	_	_	
49	بر	بر	بر	_	_	
50	تمامی	تمام	تمام	_	_	
51	مطالب	مطالب	مطالب	_	_	
52	مرتبط	مرتبط	مرتبط	_	_	
53	با	با	با	_	_	
54	آن	آن	آن	_	_	
55	موضوع	موضوع	موضوع	_	_	
56	نیز	نیز	نیز	_	_	
57	اشراف	اشراف	اشراف	_	_	
58	کامل	کامل	کامل	_	_	
59	‌داشته‌باشید	‌داشته‌باشید	‌داشته‌باشید	_	_	
60	،	،	،	_	_	
61	که	که	که	_	_	
62	مبانی	مبان	مبانی	_	_	
63	ریاضی	ریاض	ریاضی	_	_	
64	یکی	یک	یک	_	_	
65	از	از	از	_	_	
66	اصلی‌ترین	اصلی	اصلی‌ترین	_	_	
67	ارکان	ارک	ارکان	_	_	
68	آن	آن	آن	_	_	
69	است	اس	#است	_	_	
70	.	.	.	_	_	
						
0	با	با	با	_	_	
1	این	این	این	_	_	
2	وجود	وجود	وجود	_	_	
3	،	،	،	_	_	
4	تمامی	تمام	تمام	_	_	
5	تلاش	تلا	تلاش	_	_	
6	بر	بر	بر	_	_	
7	این	این	این	_	_	
8	هدف	هدف	هدف	_	_	
9	گذاشته‌شده‌است	گذاشته‌شده‌اس	گذاشته‌شده‌است	_	_	
10	،	،	،	_	_	
11	که	که	که	_	_	
12	مخاطبی	مخاطب	مخاطب	_	_	
13	که	که	که	_	_	
14	به	به	به	_	_	
15	علم	عل	علم	_	_	
16	علاقه‌مند	علاقه‌مند	علاقه‌مند	_	_	
17	است	اس	#است	_	_	
18	و	و	و	_	_	
19	درعین‌حال	درعین‌حال	درعین‌حال	_	_	
20	پایه‌ی	پایه	پایه	_	_	
21	ریاضیاتی	ریاضیات	ریاضیات	_	_	
22	قوی	قو	قوی	_	_	
23	ندارد	ندارد	داشت#دار	_	_	
24	،	،	،	_	_	
25	بتواند	بتواند	توانست#توان	_	_	
26	مفاهیم	مفاه	مفاهیم	_	_	
27	و	و	و	_	_	
28	مباحث	مباحث	مباحث	_	_	
29	مطرح‌شده	مطرح‌شده	مطرح‌شده	_	_	
30	را	را	را	_	_	
31	درک	درک	درک	_	_	
32	کند	کند	کند	_	_	
33	و	و	و	_	_	
34	از	از	از	_	_	
35	فهم	فه	فهم	_	_	
36	آن‌ها	آن	آن	_	_	
37	لذت	لذ	لذت	_	_	
38	ببرد	ببرد	ببرد	_	_	
39	.	.	.	_	_	
						
0	فاجعه‌ی	فاجعه	فاجعه	_	_	
1	فرابنفش	فرابنف	فرابنفش	_	_	
2	یا	یا	یا	_	_	
3	فاجعه	فاجعه	فاجعه	_	_	
4	رایلی	رایل	رایلی	_	_	
5	جینز	جینز	جینز	_	_	
6	اشاره	اشاره	اشاره	_	_	
7	به	به	به	_	_	
8	نتیجه‌ای	نتیجه	نتیجه	_	_	
9	دارد	دارد	داشت#دار	_	_	
10	که	که	که	_	_	
11	ناشی	ناش	ناشی	_	_	
12	از	از	از	_	_	
13	اصول	اصول	اصول	_	_	
14	فیزیک	فیزیک	فیزیک	_	_	
15	کلاسیک	کلاسیک	کلاسیک	_	_	
16	تقسیم	تقس	تقسیم	_	_	
17	مساوی	مساو	مساوی	_	_	
18	انرژی	انرژ	انرژی	_	_	
19	و	و	و	_	_	
20	تابش	تاب	تابش	_	_	
21	نوسانگرهای	نوسانگر	نوسانگر	_	_	
22	باردار	باردار	باردار	_	_	
23	برای	برا	برای	_	_	
24	توضیح	توضیح	توضیح	_	_	
25	تابش	تاب	تابش	_	_	
26	جسم	جس	جسم	_	_	
27	سیاه	سیاه	سیاه	_	_	
28	درطول	درطول	درطول	_	_	
29	موج‌های	موج	موج	_	_	
30	کوتاه	کوتاه	کوتاه	_	_	
31	است	اس	#است	_	_	
32	.	.	.	_	_	
						
0	فرمول	فرمول	فرمول	_	_	
1	پلانک	پلانک	پلانک	_	_	
2	هرچند	هرچند	هرچند	_	_	
3	موفقیت‌آمیز	موفقیت‌آمیز	موفقیت‌آمیز	_	_	
4	بود	بود	بود#باش	_	_	
5	،	،	،	_	_	
6	اما	اما	اما	_	_	
7	نتیجه‌گیری	نتیجه‌گیر	نتیجه‌گیری	_	_	
8	ماهیت	ماه	ماهیت	_	_	
9	کوانتومی	کوانتوم	کوانتوم	_	_	
10	تابش	تاب	تابش	_	_	
11	از	از	از	_	_	
12	آن	آن	آن	_	_	
13	چندان	چند	چندان	_	_	
14	الزامی	الزام	الزام	_	_	
15	نیست	نیس	نیست	_	_	
16	.	.	.	_	_	
						
0	بخش	بخ	بخش	_	_	
1	عمده‌ای	عمده	عمده	_	_	
2	درپذیرفتن	درپذیرفتن	درپذیرفتن	_	_	
3	آن	آن	آن	_	_	
4	از	از	از	_	_	
5	کار	کار	کار	_	_	
6	آلبرت	آلبر	آلبرت	_	_	
7	اینشتین	اینشتین	اینشتین	_	_	
8	حاصل	حاصل	حاصل	_	_	
9	شد	شد	شد#شو	_	_	
10	،	،	،	_	_	
11	که	که	که	_	_	
12	در	در	در	_	_	
13	سال	سال	سال	_	_	
14	۱۹۰۵	۱۹۰۵	۱۹۰۵	_	_	
15	با	با	با	_	_	
16	استفاده	استفاده	استفاده	_	_	
17	از	از	از	_	_	
18	مفهوم	مفهو	مفهوم	_	_	
19	ماهیت	ماه	ماهیت	_	_	
20	کوانتومی	کوانتوم	کوانتوم	_	_	
21	نور	نور	نور	_	_	
22	،	،	،	_	_	
23	بعضی	بعض	بعضی	_	_	
24	از	از	از	_	_	
25	خاصیت‌های	خاصیت	خاصیت	_	_	
26	ویژه	ویژه	ویژه	_	_	
27	فلزات	فلز	فلزات	_	_	
28	را	را	را	_	_	
29	وقتی	وقت	وقت	_	_	
30	در	در	در	_	_	
31	معرض	معرض	معرض	_	_	
32	نور	نور	نور	_	_	
33	مریی	مر	مریی	_	_	
34	و	و	و	_	_	
35	فرابنفش	فرابنف	فرابنفش	_	_	
36	قرار	قرار	قرار	_	_	
37	می‌گیرند	می‌گیرند	گرفت#گیر	_	_	
38	،	،	،	_	_	
39	توضیح	توضیح	توضیح	_	_	
40	داد	داد	داد	_	_	
41	.	.	.	_	_	
						
0	کشف	کشف	کشف	_	_	
1	اثر	اثر	اثر	_	_	
2	فوتو	فوتو	فوتو	_	_	
3	الکتریک	الکتریک	الکتریک	_	_	
4	با	با	با	_	_	
5	کار	کار	کار	_	_	
6	هاینریش	هاینر	هاینریش	_	_	
7	هرتز	هرتز	هرتز	_	_	
8	در	در	در	_	_	
9	سال	سال	سال	_	_	
10	۱۸۸۷	۱۸۸۷	۱۸۸۷	_	_	
11	آغاز	آغاز	آغاز	_	_	
12	شد	شد	شد#شو	_	_	
13	.	.	.	_	_	
						
0	آزمایشی	آزمایش	آزمایش	_	_	
1	که	که	که	_	_	
2	سر	سر	سر	_	_	
3	راست‌ترین	راست	راست	_	_	
4	،	،	،	_	_	
5	مدرک	مدرک	مدرک	_	_	
6	ماهیت	ماه	ماهیت	_	_	
7	ذره‌ای	ذره	ذره	_	_	
8	تابش	تاب	تابش	_	_	
9	را	را	را	_	_	
10	در	در	در	_	_	
11	اختیار	اختیار	اختیار	_	_	
12	می‌گذارد	می‌گذارد	گذاشت#گذار	_	_	
13	،	،	،	_	_	
14	اثر	اثر	اثر	_	_	
15	کامپتون	کامپتون	کامپتون	_	_	
16	است	اس	#است	_	_	
17	.	.	.	_	_	
						
0	آرتور	آرتور	آرتور	_	_	
1	هولی	هول	هول	_	_	
2	کامیون	کامیون	کامیون	_	_	
3	کشف	کشف	کشف	_	_	
4	کرد	کرد	کرد#کن	_	_	
5	،	،	،	_	_	
6	تابشی	تابش	تابش	_	_	
7	با	با	با	_	_	
8	یک	یک	یک	_	_	
9	طول‌موج	طول‌موج	طول‌موج	_	_	
10	معین	معین	معین	_	_	
11	در	در	در	_	_	
12	(	(	(	_	_	
13	ناحیه	ناحیه	ناحیه	_	_	
14	پرتو	پرتو	پرتو	_	_	
15	X	X	X	_	_	
16	)	)	)	_	_	
17	که	که	که	_	_	
18	از	از	از	_	_	
19	یک	یک	یک	_	_	
20	ورقه‌ی	ورقه	ورقه	_	_	
21	فلزی	فلز	فلز	_	_	
22	می‌گذرد	می‌گذرد	گذشت#گذر	_	_	
23	،	،	،	_	_	
24	به	به	به	_	_	
25	گونه‌ای	گونه	گونه	_	_	
26	پراکنده‌می‌شود	پراکنده‌می‌شود	پراکنده‌می‌شود	_	_	
27	که	که	که	_	_	
28	با	با	با	_	_	
29	نظریه‌ی	نظریه	نظریه	_	_	
30	تابش	تاب	تابش	_	_	
31	کلاسیک	کلاسیک	کلاسیک	_	_	
32	سازگار	سازگار	سازگار	_	_	
33	نیست	نیس	نیست	_	_	
34	.	.	.	_	_	
						
0	بنابه	بنابه	بنابه	_	_	
1	نظریه‌ی	نظریه	نظریه	_	_	
2	کلاسیک	کلاسیک	کلاسیک	_	_	
3	،	،	،	_	_	
4	سازوکار	سازوکار	سازوکار	_	_	
5	این	این	این	_	_	
6	اثر	اثر	اثر	_	_	
7	عبارت	عبار	عبارت	_	_	
8	است	اس	#است	_	_	
9	،	،	،	_	_	
10	از	از	از	_	_	
11	تابش	تاب	تابش	_	_	
12	مجدد	مجدد	مجدد	_	_	
13	نور	نور	نور	_	_	
14	توسط	توسط	توسط	_	_	
15	الکترون‌هایی	الکترون	الکترون	_	_	
16	که	که	که	_	_	
17	با	با	با	_	_	
18	تابش	تاب	تابش	_	_	
19	فرودی	فرود	فرود	_	_	
20	به	به	به	_	_	
21	نوسان	نوس	نوسان	_	_	
22	واداشته شده‌اند	واداشته شده‌اند	واداشته شده‌اند	_	_	
						
0	گریس	گریس	گریس	_	_	
1	هاپر	هاپر	هاپر	_	_	
2	(	(	(	_	_	
3	Grace	Grace	Grace	_	_	
4	Brewster	Brewster	Brewster	_	_	
5	Murray	Murray	Murray	_	_	
6	Hopper	Hopper	Hopper	_	_	
7	)	)	)	_	_	
8	دانشمند	دانشمند	دانشمند	_	_	
9	آمریکایی	آمریکا	آمریکایی	_	_	
10	علوم	علو	علوم	_	_	
11	کامپیوتر	کامپیو	کامپیوتر	_	_	
12	بود	بود	بود#باش	_	_	
13	که	که	که	_	_	
14	نام	نا	نام	_	_	
15	خودش	خود	خودش	_	_	
16	را	را	را	_	_	
17	به‌عنوان	به‌عنو	به‌عنوان	_	_	
18	یکی	یک	یک	_	_	
19	از	از	از	_	_	
20	اولین	اولین	اولین	_	_	
21	برنامه‌نویس‌های	برنامه‌نویس	برنامه‌نویس	_	_	
22	کامپیوتر	کامپیو	کامپیوتر	_	_	
23	مشهور	مشهور	مشهور	_	_	
24	هاروارد	هاروارد	هاروارد	_	_	
25	مارک	مارک	مارک	_	_	
26	جاودانه	جاودانه	جاودانه	_	_	
27	کرد	کرد	کرد#کن	_	_	
28	.	.	.	_	_	
						
0	او	او	او	_	_	
1	یکی	یک	یک	_	_	
2	از	از	از	_	_	
3	پیشگامان	پیشگا	پیشگامان	_	_	
4	برنامه‌نویسی	برنامه‌نویس	برنامه‌نویس	_	_	
5	مدرن	مدرن	مدرن	_	_	
6	بود	بود	بود#باش	_	_	
7	و	و	و	_	_	
8	اولین	اولین	اولین	_	_	
9	کامپایلر	کامپایلر	کامپایلر	_	_	
10	برنامه‌نویسی	برنامه‌نویس	برنامه‌نویس	_	_	
11	را	را	را	_	_	
12	نیز	نیز	نیز	_	_	
13	توسعه	توسعه	توسعه	_	_	
14	داد	داد	داد	_	_	
15	.	.	.	_	_	
						
0	ایده‌ی	ایده	ایده	_	_	
1	زبان‌های	زبان	زبان	_	_	
2	برنامه‌نویسی	برنامه‌نویس	برنامه‌نویس	_	_	
3	مستقل	مستقل	مستقل	_	_	
4	از	از	از	_	_	
5	ماشین	ماشین	ماشین	_	_	
6	از	از	از	_	_	
7	ذهن	ذهن	ذهن	_	_	
8	این	این	این	_	_	
9	دانشمند	دانشمند	دانشمند	_	_	
10	زاده شد	زاده شد	زاده شد	_	_	
11	و	و	و	_	_	
12	بعدها	بعد	بعد	_	_	
13	به	به	به	_	_	
14	خلق	خلق	خلق	_	_	
15	زبان	زب	زبان	_	_	
16	برنامه‌نویسی	برنامه‌نویس	برنامه‌نویس	_	_	
17	کوبول	کوبول	کوبول	_	_	
18	انجامید	انجامید	انجامید	_	_	
19	.	.	.	_	_	
						
0	هاپر	هاپر	هاپر	_	_	
1	علاقه‌ی	علاقه	علاقه	_	_	
2	زیادی	زیاد	زیاد	_	_	
3	نیز	نیز	نیز	_	_	
4	به	به	به	_	_	
5	ارتش	ارت	ارتش	_	_	
6	داشت	دا	داشت	_	_	
7	و	و	و	_	_	
8	در	در	در	_	_	
9	دوران	دور	دوران	_	_	
10	جنگ	جنگ	جنگ	_	_	
11	جهانی	جهان	جهانی	_	_	
12	دوم	دو	دوم	_	_	
13	برای	برا	برای	_	_	
14	ملحق	ملحق	ملحق	_	_	
15	شدن	شدن	شدن	_	_	
16	به	به	به	_	_	
17	ارتش	ارت	ارتش	_	_	
18	آمریکا	آمریکا	آمریکا	_	_	
19	پیش‌قدم	پیش‌قد	پیش‌قدم	_	_	
20	شد	شد	شد#شو	_	_	
21	.	.	.	_	_	
						
0	البته	البته	البته	_	_	
1	او	او	او	_	_	
2	درابتدا	درابتدا	درابتدا	_	_	
3	از	از	از	_	_	
4	پیوستن	پیوستن	پیوستن	_	_	
5	به	به	به	_	_	
6	ارتش	ارت	ارتش	_	_	
7	منع‌شده	منع‌شده	منع‌شده	_	_	
8	اما	اما	اما	_	_	
9	در	در	در	_	_	
10	لیست	لیس	لیس	_	_	
11	نیروهای	نیرو	نیرو	_	_	
12	رزرو	رزرو	رزرو	_	_	
13	قرار	قرار	قرار	_	_	
14	گرفت	گرف	گرفت#گیر	_	_	
15	.	.	.	_	_	
						
0	این	این	این	_	_	
1	بانوی	بانو	بانو	_	_	
2	دانشمند	دانشمند	دانشمند	_	_	
3	در	در	در	_	_	
4	توسعه‌ی	توسعه	توسعه	_	_	
5	کامپیوتر	کامپیو	کامپیوتر	_	_	
6	UNIVAC	UNIVAC	UNIVAC	_	_	
7	I	I	I	_	_	
8	نیز	نیز	نیز	_	_	
9	نقش	نق	نقش	_	_	
10	داشته‌است	داشته‌اس	داشته‌است	_	_	
11	.	.	.	_	_	
						
0	تلاش‌های	تلاش	تلاش	_	_	
1	هاپر	هاپر	هاپر	_	_	
2	برای	برا	برای	_	_	
3	توسعه‌ی	توسعه	توسعه	_	_	
4	کامپایلر	کامپایلر	کامپایلر	_	_	
5	درجهت	درجه	درجه	_	_	
6	این	این	این	_	_	
7	ایده	ایده	ایده	_	_	
8	بود	بود	بود#باش	_	_	
9	که	که	که	_	_	
10	می‌توان	می‌تو	می‌توان	_	_	
11	به	به	به	_	_	
12	زبان	زب	زبان	_	_	
13	انگلیسی	انگلیس	انگلیسی	_	_	
14	با	با	با	_	_	
15	کامپیوترها	کامپیوتر	کامپیوترها	_	_	
16	صحبت	صحب	صحبت	_	_	
17	کرد	کرد	کرد#کن	_	_	
18	.	.	.	_	_	
						
0	دستاوردهای	دستاورد	دستاورد	_	_	
1	گریس	گریس	گریس	_	_	
2	هاپر	هاپر	هاپر	_	_	
3	و	و	و	_	_	
4	فعالیت	فعال	فعالیت	_	_	
5	او	او	او	_	_	
6	در	در	در	_	_	
7	ارتش	ارت	ارتش	_	_	
8	باعث	باعث	باعث	_	_	
9	شده	شده	شده	_	_	
10	تا	تا	تا	_	_	
11	القاب	القاب	القاب	_	_	
12	متنوعی	متنوع	متنوع	_	_	
13	از	از	از	_	_	
14	ملکه‌ی	ملکه	ملکه	_	_	
15	برنامه‌نویسی	برنامه‌نویس	برنامه‌نویس	_	_	
16	تا	تا	تا	_	_	
17	گریس	گریس	گریس	_	_	
18	شگفت‌انگیز	شگفت‌انگیز	شگفت‌انگیز	_	_	
19	به	به	به	_	_	
20	او	او	او	_	_	
21	داده شود	داده شود	داده شود	_	_	
22	.	.	.	_	_	
						
0	برخی	برخ	برخی	_	_	
1	از	از	از	_	_	
2	موشک‌ها	موشک	موشک	_	_	
3	و	و	و	_	_	
4	ابرکامپیوترهای	ابرکامپیوتر	ابرکامپیوتر	_	_	
5	آمریکایی	آمریکا	آمریکایی	_	_	
6	نیز	نیز	نیز	_	_	
7	به	به	به	_	_	
8	نام	نا	نام	_	_	
9	این	این	این	_	_	
10	دانشمند	دانشمند	دانشمند	_	_	
11	ثبت	ثب	ثبت	_	_	
12	شده‌اند	شده‌اند	شد#شو	_	_	
13	.	.	.	_	_	
						
0	هاپر	هاپر	هاپر	_	_	
1	درطول	درطول	درطول	_	_	
2	مدت	مد	مدت	_	_	
3	زندگی	زندگ	زندگی	_	_	
4	۴۰	۴۰	۴۰	_	_	
5	جایزه	جایزه	جایزه	_	_	
6	و	و	و	_	_	
7	درجه‌ی	درجه	درجه	_	_	
8	افتخاری	افتخار	افتخار	_	_	
9	متنوع	متنوع	متنوع	_	_	
10	دریافت	دریاف	دریافت	_	_	
11	کرد	کرد	کرد#کن	_	_	
12	.	.	.	_	_	
						
0	حتی	حت	حتی	_	_	
1	پس‌از	پس‌از	پس‌از	_	_	
2	مرگ	مرگ	مرگ	_	_	
3	هاپر	هاپر	هاپر	_	_	
4	نیز	نیز	نیز	_	_	
5	جایزه‌هایی	جایزه	جایزه	_	_	
6	به	به	به	_	_	
7	او	او	او	_	_	
8	اهدا	اهدا	اهدا	_	_	
9	شد	شد	شد#شو	_	_	
10	که	که	که	_	_	
11	از	از	از	_	_	
12	این	این	این	_	_	
13	میان	م	میان	_	_	
14	می‌توان	می‌تو	می‌توان	_	_	
15	مدال	مدال	مدال	_	_	
16	آزادی	آزاد	آزاد	_	_	
17	سال	سال	سال	_	_	
18	۲۰۱۶	۲۰۱۶	۲۰۱۶	_	_	
19	آمریکا	آمریکا	آمریکا	_	_	
20	را	را	را	_	_	
21	نام	نا	نام	_	_	
22	برد	برد	برد	_	_	
23	.	.	.	_	_	
						
0	تعداد	تعداد	تعداد	_	_	
1	روزهای	روز	روز	_	_	
2	سال	سال	سال	_	_	
3	 سیصدوشصتوپنچ	 سیصدوشصتوپنچ	 سیصدوشصتوپنچ	_	_	
4	روز	روز	روز	_	_	
5	می‌باشد	می‌باشد	بود#باش	_	_	
6	.	.	.	_	_	
						
0						
1	رومینا	رومینا	رومینا	_	_	
2	دختر	دخ	دختر	_	_	
3	خیلی	خیل	خیلی	_	_	
4	گلی	گل	گل	_	_	
5	است	اس	#است	_	_	
6	.	.	.	_	_	
						
0	‌ایده‌ی	‌ایده	‌ایده‌ی	_	_	
1	زبان‌های	زبان	زبان	_	_	
2	برنامه‌نویسی	برنامه‌نویس	برنامه‌نویس	_	_	
3	مستقل	مستقل	مستقل	_	_	
4	از	از	از	_	_	
5	ماشین	ماشین	ماشین	_	_	
6	از	از	از	_	_	
7	ذهن	ذهن	ذهن	_	_	
8	این	این	این	_	_	
9	دانشمند	دانشمند	دانشمند	_	_	
10	زاده‌شد	زاده‌شد	زاده‌شد	_	_	
11	و	و	و	_	_	
12	بعدها	بعد	بعد	_	_	
13	به	به	به	_	_	
14	خلق	خلق	خلق	_	_	
15	زبان	زب	زبان	_	_	
16	برنامه‌نویسی	برنامه‌نویس	برنامه‌نویس	_	_	
17	کوبول	کوبول	کوبول	_	_	
18	انجامید	انجامید	انجامید	_	_	
						
0	تابش	تاب	تابش	_	_	
1	فرودی	فرود	فرود	_	_	
2	به	به	به	_	_	
3	نوسان	نوس	نوسان	_	_	
4	واداشته‌شده‌اند	واداشته‌شده‌اند	واداشته‌شده‌اند	_	_	
5	.	.	.	_	_	
						
0	کشف	کشف	کشف	_	_	
1	اثر	اثر	اثر	_	_	
2	فوتو	فوتو	فوتو	_	_	
3	الکتریک	الکتریک	الکتریک	_	_	
4	با	با	با	_	_	
5	کار	کار	کار	_	_	
6	هاینریش	هاینر	هاینریش	_	_	
7	هرتز	هرتز	هرتز	_	_	
8	در	در	در	_	_	
9	سال	سال	سال	_	_	
10	۱۸۸۷	۱۸۸۷	۱۸۸۷	_	_	
11	آغازشد	آغازشد	آغازشد	_	_	
5	.	.	.	_	_	
						
0	متن	متن	متن	_	_	
1	۲۰۰۰	۲۰۰۰	۲۰۰۰	_	_	
2	کلمه‌ای	کلمه	کلمه	_	_	
3	برای	برا	برای	_	_	
4	تست	تس	تست	_	_	
5	-	-	-	_	_	
6	نازنین	نازنین	نازنین	_	_	
7	کریمی	کریم	کریم	_	_	
8	مقدم	مقد	مقدم	_	_	
9	۹۷۴۴۳۳۰۳	۹۷۴۴۳۳۰۳	۹۷۴۴۳۳۰۳	_	_	
						
0	دارم	دار	داشت#دار	_	_	
1	این	این	این	_	_	
2	متن	متن	متن	_	_	
3	را	را	را	_	_	
4	تحت	تح	تحت	_	_	
5	فشار	فشار	فشار	_	_	
6	عصبی	عصب	عصبی	_	_	
7	شدیدی	شدید	شدید	_	_	
8	مینویسم	مینویس	مینویسم	_	_	
9	،	،	،	_	_	
10	چرا	چرا	چرا	_	_	
11	که	که	که	_	_	
12	پس	پس	پس	_	_	
13	از	از	از	_	_	
14	امشب	امشب	امشب	_	_	
15	دیگر	دیگر	دیگر	_	_	
16	وجود	وجود	وجود	_	_	
17	نخواهم داشت	نخواهم دا	نخواهم داشت	_	_	
18	.	.	.	_	_	
						
0	تحمل	تحمل	تحمل	_	_	
1	این	این	این	_	_	
2	شکنجه	شکنجه	شکنجه	_	_	
3	بدون	بدون	بدون	_	_	
4	پول	پول	پول	_	_	
5	دیگر	دیگر	دیگر	_	_	
6	ممکن	ممکن	ممکن	_	_	
7	نیست	نیس	نیست	_	_	
8	و	و	و	_	_	
9	من	من	من	_	_	
10	خود	خود	خود	_	_	
11	را	را	را	_	_	
12	از	از	از	_	_	
13	پنجره‌ی	پنجره	پنجره	_	_	
14	این	این	این	_	_	
15	،	،	،	_	_	
16	و	و	و	_	_	
17	ذخیره‌ی	ذخیره	ذخیره	_	_	
18	دارویم	دارو	دارو	_	_	
19	که	که	که	_	_	
20	زندگی	زندگ	زندگی	_	_	
21	را	را	را	_	_	
22	برایم	برا	برایم	_	_	
23	قابل	قابل	قابل	_	_	
24	تحمل‌تر	تحمل	تحمل	_	_	
25	میکرد	میکرد	میکرد	_	_	
26	و	و	و	_	_	
27	حالا	حالا	حالا	_	_	
28	ته	ته	ته	_	_	
29	کشیده	کشیده	کشیده	_	_	
30	است	اس	#است	_	_	
31	شیروانی	شیروان	شیروان	_	_	
32	به	به	به	_	_	
33	خیابان	خیاب	خیابان	_	_	
34	نکبت‌زده	نکبت‌زده	نکبت‌زده	_	_	
35	خواهم انداخت	خواهم انداخ	خواهم انداخت	_	_	
36	.	.	.	_	_	
						
0	از	از	از	_	_	
1	اعتیادم	اعتیاد	اعتیاد	_	_	
2	به	به	به	_	_	
3	مورفین	مورفین	مورفین	_	_	
4	این‌طور	این‌طور	این‌طور	_	_	
5	برداشت	بردا	برداشت	_	_	
6	نکن	نکن	کرد#کن	_	_	
7	که	که	که	_	_	
8	آدم	آد	آدم	_	_	
9	ضعیف‌النفس	ضعیف‌النفس	ضعیف‌النفس	_	_	
10	یا	یا	یا	_	_	
11	بیماری	بیمار	بیمار	_	_	
12	هستم	هس	#هست	_	_	
13	.	.	.	_	_	
						
0	پس	پس	پس	_	_	
1	که	که	که	_	_	
2	چرا	چرا	چرا	_	_	
3	چاره‌ای	چاره	چاره	_	_	
4	جز	جز	جز	_	_	
5	–	–	–	_	_	
6	هرچند	هرچند	هرچند	_	_	
7	هیچوقت	هیچوق	هیچوقت	_	_	
8	حقیقت	حقیق	حقیقت	_	_	
9	را	را	را	_	_	
10	نخواهی دانست	نخواهی دانس	نخواهی دانست	_	_	
11	–	–	–	_	_	
12	از	از	از	_	_	
13	خواندن	خواندن	خواندن	_	_	
14	این	این	این	_	_	
15	خطوط	خطوط	خطوط	_	_	
16	که	که	که	_	_	
17	سراسیمه	سراسیمه	سراسیمه	_	_	
18	نوشته‌ام	نوشته	نوشت#نویس	_	_	
19	حدس	حدس	حدس	_	_	
20	خواهی‌زد	خواهی‌زد	خواهی‌زد	_	_	
21	فراموشی	فراموش	فراموش	_	_	
22	یا	یا	یا	_	_	
23	مرگ	مرگ	مرگ	_	_	
24	ندارم	ندار	داشت#دار	_	_	
25	.	.	.	_	_	
						
0	در	در	در	_	_	
1	یکی	یک	یک	_	_	
2	از	از	از	_	_	
3	آزادترین	آزاد	آزاد	_	_	
4	و	و	و	_	_	
5	کم‌ترددترین	کم‌تردد	کم‌ترددترین	_	_	
6	بخش‌های	بخش	بخش	_	_	
7	اقیانوس	اقیانوس	اقیانوس	_	_	
8	آرام	آرا	آرام	_	_	
9	بود	بود	بود#باش	_	_	
10	که	که	که	_	_	
11	کشتی‌ای	کشتی	کشتی	_	_	
12	که	که	که	_	_	
13	من	من	من	_	_	
14	مباشرش	مباشر	مباشر	_	_	
15	بودم	بود	بود#باش	_	_	
16	گرفتار	گرفتار	گرفتار	_	_	
17	دزدان	دزد	دزد	_	_	
18	دریایی	دریا	دریا	_	_	
19	آلمانی	آلمان	آلمان	_	_	
20	شد	شد	شد#شو	_	_	
21	.	.	.	_	_	
						
0	جنگ	جنگ	جنگ	_	_	
1	بزرگ	بزرگ	بزرگ	_	_	
2	آن‌زمان	آن‌ز	آن‌زمان	_	_	
3	تازه	تازه	تازه	_	_	
4	درآغاز	درآغاز	درآغاز	_	_	
5	راه	راه	راه	_	_	
6	خود	خود	خود	_	_	
7	بود	بود	بود#باش	_	_	
8	و	و	و	_	_	
9	نیروی	نیرو	نیرو	_	_	
10	دریایی	دریا	دریا	_	_	
11	هنوز	هنوز	هنوز	_	_	
12	چندان	چند	چندان	_	_	
13	دچار	دچار	دچار	_	_	
14	آن	آن	آن	_	_	
15	وحشیگری	وحشیگر	وحشیگری	_	_	
16	و	و	و	_	_	
17	فساد	فساد	فساد	_	_	
18	نشده	نشده	شد#شو	_	_	
19	بود	بود	بود#باش	_	_	
20	،	،	،	_	_	
21	به	به	به	_	_	
22	همین	همین	همین	_	_	
23	دلیل	دلیل	دلیل	_	_	
24	بااینکه	بااینکه	بااینکه	_	_	
25	کشتی	کشت	کشتی	_	_	
26	ما	ما	ما	_	_	
27	بدل	بدل	بدل	_	_	
28	به	به	به	_	_	
29	طعمه‌ی	طعمه	طعمه	_	_	
30	لذیذی	لذیذ	لذیذ	_	_	
31	برای	برا	برای	_	_	
32	آنها	آن	آن	_	_	
33	شد	شد	شد#شو	_	_	
34	،	،	،	_	_	
35	اما	اما	اما	_	_	
36	با	با	با	_	_	
37	ما	ما	ما	_	_	
38	افسران	افسر	افسر	_	_	
39	کشتی	کشت	کشتی	_	_	
40	که	که	که	_	_	
41	حالا	حالا	حالا	_	_	
42	زندانیان	زندان	زندان	_	_	
43	دریایی	دریا	دریا	_	_	
44	بودیم	بود	بود#باش	_	_	
45	با	با	با	_	_	
46	ملاطفت	ملاطف	ملاطفت	_	_	
47	رفتار	رفتار	رفتار	_	_	
48	شد	شد	شد#شو	_	_	
49	.	.	.	_	_	
						
0	درحقیقت	درحقیق	درحقیقت	_	_	
1	آنها	آن	آن	_	_	
2	ما	ما	ما	_	_	
3	را	را	را	_	_	
4	چنان	چن	چنان	_	_	
5	آزاد	آزاد	آزاد	_	_	
6	گذاشته‌بودند	گذاشته‌بودند	گذاشته‌بودند	_	_	
7	که	که	که	_	_	
8	پنج	پنج	پنج	_	_	
9	روز	روز	روز	_	_	
10	پس‌از	پس‌از	پس‌از	_	_	
11	زندانی	زندان	زندان	_	_	
12	شدنمان	شدن	شدن	_	_	
13	توانستم	توانس	توانست#توان	_	_	
14	یک	یک	یک	_	_	
15	قایق	قایق	قایق	_	_	
16	کوچک	کوچک	کوچک	_	_	
17	و	و	و	_	_	
18	آب	آب	آب	_	_	
19	و	و	و	_	_	
20	غذای	غذا	غذا	_	_	
21	چندین	چندین	چندین	_	_	
22	روزم	روز	روز	_	_	
23	را	را	را	_	_	
24	برداشته	برداشته	برداشته	_	_	
25	و	و	و	_	_	
26	فرار	فرار	فرار	_	_	
27	کنم	کن	کرد#کن	_	_	
28	.	.	.	_	_	
						
0	پس‌از	پس‌از	پس‌از	_	_	
1	آنکه	آنکه	آنکه	_	_	
2	خودم	خود	خودم	_	_	
3	را	را	را	_	_	
4	تنها	تن	تنها	_	_	
5	و	و	و	_	_	
6	رها	ر	رها	_	_	
7	یافتم	یاف	یافت#یاب	_	_	
8	،	،	،	_	_	
9	هیچ	هیچ	هیچ	_	_	
10	از	از	از	_	_	
11	مکان	مک	مکان	_	_	
12	و	و	و	_	_	
13	پیرامونم	پیرامون	پیرامون	_	_	
14	نمی‌دانستم	نمی‌دانس	دانست#دان	_	_	
15	.	.	.	_	_	
						
0	هیچوقت	هیچوق	هیچوقت	_	_	
1	مسیریاب	مسیریاب	مسیریاب	_	_	
2	قابلی	قابل	قابل	_	_	
3	نبودم	نبود	بود#باش	_	_	
4	و	و	و	_	_	
5	فقط	فقط	فقط	_	_	
6	باکمک	باکمک	باکمک	_	_	
7	خورشید	خورشید	خورشید	_	_	
8	و	و	و	_	_	
9	ستاره‌ها	ستاره	ستاره	_	_	
10	،	،	،	_	_	
11	آن‌هم	آن‌ه	آن‌هم	_	_	
12	به	به	به	_	_	
13	دشواری	دشوار	دشوار	_	_	
14	،	،	،	_	_	
15	متوجه	متوجه	متوجه	_	_	
16	شدم	شد	شد#شو	_	_	
17	احتمالاً	احتمالاً	احتمالاً	_	_	
18	پایین‌تر	پایین	پایین	_	_	
19	از	از	از	_	_	
20	نصف‌النهار	نصف‌النهار	نصف‌النهار	_	_	
21	هستم	هس	#هست	_	_	
22	.	.	.	_	_	
						
0	از	از	از	_	_	
1	طول	طول	طول	_	_	
2	جغرافیایی	جغرافیا	جغرافیایی	_	_	
3	مکان	مک	مکان	_	_	
4	خود	خود	خود	_	_	
5	هیچ	هیچ	هیچ	_	_	
6	اطلاعی	اطلاع	اطلاع	_	_	
7	نداشتم	ندا	داشت#دار	_	_	
8	و	و	و	_	_	
9	تا	تا	تا	_	_	
10	دوردست‌ها	دوردست	دوردست	_	_	
11	جزیره	جزیره	جزیره	_	_	
12	و	و	و	_	_	
13	ساحلی	ساحل	ساحل	_	_	
14	به	به	به	_	_	
15	چشم	چ	چشم	_	_	
16	نمی‌آمد‌	نمی‌آمد	نمی‌آمد‌	_	_	
17	.	.	.	_	_	
						
0	هوا	هوا	هوا	_	_	
1	آرام	آرا	آرام	_	_	
2	بود	بود	بود#باش	_	_	
3	و	و	و	_	_	
4	من	من	من	_	_	
5	روزهای	روز	روز	_	_	
6	بسیار	بسیار	بسیار	_	_	
7	که	که	که	_	_	
8	شمارش	شمار	شمارش	_	_	
9	از	از	از	_	_	
10	دستانم	دستان	دستانم	_	_	
11	خارج	خارج	خارج	_	_	
12	است	اس	#است	_	_	
13	،	،	،	_	_	
14	زیر	زیر	زیر	_	_	
15	خورشید	خورشید	خورشید	_	_	
16	سوزان	سوز	سوز	_	_	
17	سرگردان	سرگرد	سرگردان	_	_	
18	بودم	بود	بود#باش	_	_	
19	؛	؛	؛	_	_	
20	در	در	در	_	_	
21	انتظار	انتظار	انتظار	_	_	
22	کشتی‌ای	کشتی	کشتی	_	_	
23	که	که	که	_	_	
24	از	از	از	_	_	
25	مجاورتم	مجاور	مجاور	_	_	
26	عبور	عبور	عبور	_	_	
27	کند	کند	کند	_	_	
28	یا	یا	یا	_	_	
29	جزیره‌ای	جزیره	جزیره	_	_	
30	که	که	که	_	_	
31	قابل	قابل	قابل	_	_	
32	سکونت	سکون	سکونت	_	_	
33	باشد	باشد	بود#باش	_	_	
34	.	.	.	_	_	
						
0	اما	اما	اما	_	_	
1	نه	نه	نه	_	_	
2	از	از	از	_	_	
3	کشتی	کشت	کشتی	_	_	
4	و	و	و	_	_	
5	نه	نه	نه	_	_	
6	از	از	از	_	_	
7	جزیره	جزیره	جزیره	_	_	
8	خبری	خبر	خبر	_	_	
9	نشد	نشد	شد#شو	_	_	
10	و	و	و	_	_	
11	در	در	در	_	_	
12	سنگینی	سنگین	سنگین	_	_	
13	آن	آن	آن	_	_	
14	آبی	آب	آب	_	_	
15	بی‌انتها	بی‌انت	بی‌انتها	_	_	
16	،	،	،	_	_	
17	ناامیدی	ناامید	ناامیدی	_	_	
18	در	در	در	_	_	
19	تنهایی‌ام	تنهایی	تنهایی‌ام	_	_	
20	ریشه	ریشه	ریشه	_	_	
21	دواند	دواند	دواند	_	_	
22	.	.	.	_	_	
						
0	تغییر	تغییر	تغییر	_	_	
1	،	،	،	_	_	
2	زمانی‌که	زمانی‌که	زمانی‌که	_	_	
3	در	در	در	_	_	
4	خواب	خواب	خواب	_	_	
5	بودم	بود	بود#باش	_	_	
6	رخداد	رخداد	رخداد	_	_	
7	.	.	.	_	_	
						
0	جزییاتش	جزییات	جزییات	_	_	
1	را	را	را	_	_	
2	هیچوقت	هیچوق	هیچوقت	_	_	
3	نخواهم دانست	نخواهم دانس	نخواهم دانست	_	_	
4	،	،	،	_	_	
5	زیرا	زیرا	زیرا	_	_	
6	خوابم	خواب	خوابید#خواب	_	_	
7	،	،	،	_	_	
8	هرچند	هرچند	هرچند	_	_	
9	آشفته	آشفته	آشفته	_	_	
10	و	و	و	_	_	
11	آلوده	آلوده	آلوده	_	_	
12	به	به	به	_	_	
13	رویا	رویا	رویا	_	_	
14	،	،	،	_	_	
15	پیوسته‌بود	پیوسته‌بود	پیوسته‌بود	_	_	
16	.	.	.	_	_	
						
0	زمانی‌که	زمانی‌که	زمانی‌که	_	_	
1	بالآخره	بالآخره	بالآخره	_	_	
2	بیدار	بیدار	بیدار	_	_	
3	شدم	شد	شد#شو	_	_	
4	،	،	،	_	_	
5	خود	خود	خود	_	_	
6	را	را	را	_	_	
7	تا	تا	تا	_	_	
8	کمر	کمر	کمر	_	_	
9	فرورفته	فرورفته	فرورفته	_	_	
10	در	در	در	_	_	
11	توده‌ای	توده	توده	_	_	
12	لزج	لزج	لزج	_	_	
13	از	از	از	_	_	
14	لجنی	لجن	لجن	_	_	
15	جهنمی	جهنم	جهنم	_	_	
16	و	و	و	_	_	
17	سیاه‌رنگ	سیاه‌رنگ	سیاه‌رنگ	_	_	
18	یافتم	یاف	یافت#یاب	_	_	
19	که	که	که	_	_	
20	زمین	زمین	زمین	_	_	
21	اطرافم	اطراف	اطراف	_	_	
22	را	را	را	_	_	
23	تا	تا	تا	_	_	
24	چشم	چ	چشم	_	_	
25	کار	کار	کار	_	_	
26	می‌کرد	می‌کرد	کرد#کن	_	_	
27	پوشانده‌بود	پوشانده‌بود	پوشانده‌بود	_	_	
28	.	.	.	_	_	
						
0	قایقم	قایق	قایق	_	_	
1	هم	ه	هم	_	_	
2	کمی	کم	کم	_	_	
3	آن‌طرفتر	آن‌طرف	آن‌طرف	_	_	
4	،	،	،	_	_	
5	در	در	در	_	_	
6	همین	همین	همین	_	_	
7	لجن	لجن	لجن	_	_	
8	به	به	به	_	_	
9	زمین	زمین	زمین	_	_	
10	نشسته‌بود	نشسته‌بود	نشسته‌بود	_	_	
11	.	.	.	_	_	
						
0	خواننده‌ی	خواننده	خواننده	_	_	
1	این	این	این	_	_	
2	متن	متن	متن	_	_	
3	شاید	شاید	شاید	_	_	
4	گمان	گ	گمان	_	_	
5	ببرد	ببرد	ببرد	_	_	
6	که	که	که	_	_	
7	نخستین	نخستین	نخستین	_	_	
8	واکنش	واکن	واکنش	_	_	
9	من	من	من	_	_	
10	باید	باید	باید	_	_	
11	متحیر	متحیر	متحیر	_	_	
12	شدن	شدن	شدن	_	_	
13	از	از	از	_	_	
14	این	این	این	_	_	
15	تغییر	تغییر	تغییر	_	_	
16	عظیم	عظ	عظیم	_	_	
17	و	و	و	_	_	
18	نامنتظره‌ی	نامنتظره	نامنتظره	_	_	
19	محیط	محیط	محیط	_	_	
20	پیرامونم	پیرامون	پیرامون	_	_	
21	باشد	باشد	بود#باش	_	_	
22	،	،	،	_	_	
23	اما	اما	اما	_	_	
24	درحقیقت	درحقیق	درحقیقت	_	_	
25	من	من	من	_	_	
26	بیش‌از	بیش‌از	بیش‌از	_	_	
27	آنکه	آنکه	آنکه	_	_	
28	شگفت‌زده	شگفت‌زده	شگفت‌زده	_	_	
29	باشم	با	بود#باش	_	_	
30	،	،	،	_	_	
31	ترسیده‌بودم	ترسیده‌بود	ترسیده‌بودم	_	_	
32	؛	؛	؛	_	_	
33	چراکه	چراکه	چراکه	_	_	
34	در	در	در	_	_	
35	آن	آن	آن	_	_	
36	هوا	هوا	هوا	_	_	
37	و	و	و	_	_	
38	خاک	خاک	خاک	_	_	
39	فاسد	فاسد	فاسد	_	_	
40	چنان	چن	چنان	_	_	
41	حالت	حال	حالت	_	_	
42	مخوفی	مخوف	مخوف	_	_	
43	وجود	وجود	وجود	_	_	
44	داشت	دا	داشت	_	_	
45	که	که	که	_	_	
46	تا	تا	تا	_	_	
47	عمق	عمق	عمق	_	_	
48	وجودم	وجود	وجود	_	_	
49	را	را	را	_	_	
50	می‌لرزاند	می‌لرزاند	می‌لرزاند	_	_	
51	.	.	.	_	_	
						
0	زمین	زمین	زمین	_	_	
1	پوشیده‌بود	پوشیده‌بود	پوشیده‌بود	_	_	
2	از	از	از	_	_	
3	لاشه‌ی	لاشه	لاشه	_	_	
4	در	در	در	_	_	
5	حال	حال	حال	_	_	
6	فساد	فساد	فساد	_	_	
7	ماهی‌ها	ماهی	ماهی‌ها	_	_	
8	و	و	و	_	_	
9	چیزهای	چیز	چیز	_	_	
10	وصف‌ناپذیر	وصف‌ناپذیر	وصف‌ناپذیر	_	_	
11	دیگری	دیگر	دیگر	_	_	
12	که	که	که	_	_	
13	از	از	از	_	_	
14	میان	م	میان	_	_	
15	گل‌ولای	گل‌ولا	گل‌ولای	_	_	
16	کریه	کریه	کریه	_	_	
17	آن	آن	آن	_	_	
18	دشت	د	دشت	_	_	
19	بی‌انتها	بی‌انت	بی‌انتها	_	_	
20	سر	سر	سر	_	_	
21	بیرون	بیرون	بیرون	_	_	
22	آورده‌بودند	آورده‌بودند	آورده‌بودند	_	_	
23	.	.	.	_	_	
24	نباید	نباید	نباید	_	_	
25	امید	امید	امید	_	_	
26	داشته‌باشم	داشته‌با	داشته‌باشم	_	_	
27	که	که	که	_	_	
28	بتوانم	بتوان	توانست#توان	_	_	
29	آن	آن	آن	_	_	
30	مخافت	مخاف	مخافت	_	_	
31	هولناکی	هولناک	هولناک	_	_	
32	که	که	که	_	_	
33	در	در	در	_	_	
34	سکوت	سکو	سکوت	_	_	
35	محض	محض	محض	_	_	
36	جای	جا	جای	_	_	
37	گرفته‌بود	گرفته‌بود	گرفته‌بود	_	_	
38	را	را	را	_	_	
39	به	به	به	_	_	
40	قالب	قالب	قالب	_	_	
41	کلمات	کل	کلمات	_	_	
42	در	در	در	_	_	
43	بیاورم	بیاور	آورد#آور	_	_	
44	.	.	.	_	_	
						
0	کم‌ترین	کم	کم	_	_	
1	صدایی	صدا	صدا	_	_	
2	به	به	به	_	_	
3	گوش	گو	گوش	_	_	
4	نمی‌رسید	نمی‌رسید	رسید#رس	_	_	
5	و	و	و	_	_	
6	هیچ‌چیز	هیچ‌چیز	هیچ‌چیز	_	_	
7	به	به	به	_	_	
8	چشم	چ	چشم	_	_	
9	نمی‌آمد	نمی‌آمد	آمد#آ	_	_	
10	،	،	،	_	_	
11	مگر	مگر	مگر	_	_	
12	محدودهای	محدود	محدود	_	_	
13	وسیع	وسیع	وسیع	_	_	
14	از	از	از	_	_	
15	لجنی	لجن	لجن	_	_	
16	سیاه‌رنگ	سیاه‌رنگ	سیاه‌رنگ	_	_	
17	.	.	.	_	_	
						
0	اما	اما	اما	_	_	
1	آن	آن	آن	_	_	
2	حد	حد	حد	_	_	
3	از	از	از	_	_	
4	سکوت	سکو	سکوت	_	_	
5	و	و	و	_	_	
6	سکون	سکون	سکون	_	_	
7	و	و	و	_	_	
8	یکنواختی	یکنواخت	یکنواخت	_	_	
9	منظره	منظره	منظره	_	_	
10	،	،	،	_	_	
11	مرا	مرا	مرا	_	_	
12	دچار	دچار	دچار	_	_	
13	ترسی	ترس	ترسید#ترس	_	_	
14	تهوع‌آور	تهوع‌آور	تهوع‌آور	_	_	
15	می‌کرد	می‌کرد	کرد#کن	_	_	
16	.	.	.	_	_	
						
0	خورشید	خورشید	خورشید	_	_	
1	در	در	در	_	_	
2	میان	م	میان	_	_	
3	آسمانی	آسمان	آسمان	_	_	
4	وحشی	وحش	وحش	_	_	
5	و	و	و	_	_	
6	بی‌ابر	بی‌ابر	بی‌ابر	_	_	
7	می‌تابید	می‌تابید	می‌تابید	_	_	
8	که	که	که	_	_	
9	به	به	به	_	_	
10	دید	دید	دید	_	_	
11	من	من	من	_	_	
12	،	،	،	_	_	
13	انگار	انگار	انگار	_	_	
14	سیاه	سیاه	سیاه	_	_	
15	بود	بود	بود#باش	_	_	
16	.	.	.	_	_	
						
0	انگار	انگار	انگار	_	_	
1	که	که	که	_	_	
2	تصویر	تصویر	تصویر	_	_	
3	گل‌ولای	گل‌ولا	گل‌ولای	_	_	
4	جوهرمانند	جوهرمانند	جوهرمانند	_	_	
5	زیر	زیر	زیر	_	_	
6	پاهایم	پا	پا	_	_	
7	،	،	،	_	_	
8	در	در	در	_	_	
9	آسمان	آس	آسمان	_	_	
10	منعکس	منعکس	منعکس	_	_	
11	شده‌بود	شده‌بود	شده‌بود	_	_	
12	.	.	.	_	_	
						
0	هنگامی‌که	هنگامی‌که	هنگامی‌که	_	_	
1	خودم	خود	خودم	_	_	
2	را	را	را	_	_	
3	افتان	اف	افتان	_	_	
4	و	و	و	_	_	
5	خیزان	خیز	خیز	_	_	
6	به	به	به	_	_	
7	قایق	قایق	قایق	_	_	
8	رساندم	رساند	رساند#رسان	_	_	
9	،	،	،	_	_	
10	دریافتم	دریاف	دریافتم	_	_	
11	که	که	که	_	_	
12	تنها	تن	تنها	_	_	
13	یک	یک	یک	_	_	
14	نظریه	نظریه	نظریه	_	_	
15	برای	برا	برای	_	_	
16	توجیه	توجیه	توجیه	_	_	
17	وضعیتم	وضع	وضع	_	_	
18	وجود	وجود	وجود	_	_	
19	دارد	دارد	داشت#دار	_	_	
20	.	.	.	_	_	
						
0	طی	ط	طی	_	_	
1	یک	یک	یک	_	_	
2	فوران	فور	فوران	_	_	
3	نادر	نادر	نادر	_	_	
4	آتشفشانی	آتشفشان	آتشفشانی	_	_	
5	،	،	،	_	_	
6	تکه‌ای	تکه	تکه	_	_	
7	از	از	از	_	_	
8	کف	کف	کف	_	_	
9	اقیانوس	اقیانوس	اقیانوس	_	_	
10	بالا	بالا	بالا	_	_	
11	آمده‌بود	آمده‌بود	آمده‌بود	_	_	
12	و	و	و	_	_	
13	زمین‌هایی	زمین	زمین	_	_	
14	را	را	را	_	_	
15	آشکار	آشکار	آشکار	_	_	
16	کرده‌بود	کرده‌بود	کرده‌بود	_	_	
17	که	که	که	_	_	
18	میلیون‌ها	میلیون	میلیون	_	_	
19	سال	سال	سال	_	_	
20	در	در	در	_	_	
21	اعماق	اعماق	اعماق	_	_	
22	دست‌نیافتنی	دست‌نیافتن	دست‌نیافتنی	_	_	
23	آب‌ها	آب	آب	_	_	
24	پنهان	پنه	پنهان	_	_	
25	مانده‌بودند	مانده‌بودند	مانده‌بودند	_	_	
26	.	.	.	_	_	
						
0	زمینی	زمین	زمین	_	_	
1	که	که	که	_	_	
2	در	در	در	_	_	
3	زیر	زیر	زیر	_	_	
4	من	من	من	_	_	
5	بالا	بالا	بالا	_	_	
6	آمده‌بود	آمده‌بود	آمده‌بود	_	_	
7	چنان	چن	چنان	_	_	
8	وسیع	وسیع	وسیع	_	_	
9	بود	بود	بود#باش	_	_	
10	که	که	که	_	_	
11	هرچقدر	هرچقدر	هرچقدر	_	_	
12	گوش‌هایم	گوش	گوش	_	_	
13	را	را	را	_	_	
14	تیز	تیز	تیز	_	_	
15	می‌کردم	می‌کرد	کرد#کن	_	_	
16	،	،	،	_	_	
17	کم‌ترین	کم	کم	_	_	
18	صدایی	صدا	صدا	_	_	
19	از	از	از	_	_	
20	تلاطم	تلاط	تلاطم	_	_	
21	اقیانوس	اقیانوس	اقیانوس	_	_	
22	به	به	به	_	_	
23	گوشم	گو	گوشم	_	_	
24	نمی‌رسید	نمی‌رسید	رسید#رس	_	_	
25	.	.	.	_	_	
						
0	حتا	حتا	حتا	_	_	
1	مرغان	مرغ	مرغ	_	_	
2	دریایی	دریا	دریا	_	_	
3	برای	برا	برای	_	_	
4	ارتزاق	ارتزاق	ارتزاق	_	_	
5	از	از	از	_	_	
6	ماهیان	ماه	ماه	_	_	
7	مرده	مرده	مرده	_	_	
8	نیامده‌بودند	نیامده‌بودند	نیامده‌بودند	_	_	
9	.	.	.	_	_	
						
0	ساعت‌ها	ساعت	ساعت	_	_	
1	در	در	در	_	_	
2	قایق	قایق	قایق	_	_	
3	که	که	که	_	_	
4	به	به	به	_	_	
5	یکسو	یکسو	یکسو	_	_	
6	افتاده	افتاده	افتاده	_	_	
7	و	و	و	_	_	
8	سرپناه	سرپناه	سرپناه	_	_	
9	مختصری	مختصر	مختصر	_	_	
10	دربرابر	دربرابر	دربرابر	_	_	
11	آفتاب	آفتاب	آفتاب	_	_	
12	ارایه	ارایه	ارایه	_	_	
13	کرده‌بود	کرده‌بود	کرده‌بود	_	_	
14	غرق	غرق	غرق	_	_	
15	در	در	در	_	_	
16	فکر	فکر	فکر	_	_	
17	و	و	و	_	_	
18	اندیشه	اندیشه	اندیشه	_	_	
19	نشستم	نشس	نشست#نشین	_	_	
20	.	.	.	_	_	
						
0	کمی	کم	کم	_	_	
1	که	که	که	_	_	
2	از	از	از	_	_	
3	روز	روز	روز	_	_	
4	گذشت	گذ	گذشت#گذر	_	_	
5	،	،	،	_	_	
6	زمین	زمین	زمین	_	_	
7	چسبندگی	چسبندگ	چسبندگی	_	_	
8	خود	خود	خود	_	_	
9	را	را	را	_	_	
10	ازدست	ازدس	ازدست	_	_	
11	داد	داد	داد	_	_	
12	و	و	و	_	_	
13	به	به	به	_	_	
14	نظر	نظر	نظر	_	_	
15	کمی	کم	کم	_	_	
16	دیگر	دیگر	دیگر	_	_	
17	آماده‌ی	آماده	آماده	_	_	
18	قدم‌زدن	قدم‌زدن	قدم‌زدن	_	_	
19	می‌شد	می‌شد	شد#شو	_	_	
20	.	.	.	_	_	
						
0	آن	آن	آن	_	_	
1	شب	شب	شب	_	_	
2	زمان	ز	زمان	_	_	
3	زیادی	زیاد	زیاد	_	_	
4	نخوابیدم	نخوابید	خوابید#خواب	_	_	
5	،	،	،	_	_	
6	و	و	و	_	_	
7	فردا	فردا	فردا	_	_	
8	برای	برا	برای	_	_	
9	خودم	خود	خودم	_	_	
10	بسته‌ای	بسته	بسته‌ای	_	_	
11	شامل	شامل	شامل	_	_	
12	آب	آب	آب	_	_	
13	و	و	و	_	_	
14	غذا	غذا	غذا	_	_	
15	فراهم	فراه	فراهم	_	_	
16	کردم	کرد	کرد#کن	_	_	
17	؛	؛	؛	_	_	
18	توشه‌ای	توشه	توشه	_	_	
19	برای	برا	برای	_	_	
20	یک	یک	یک	_	_	
21	سفر	سفر	سفر	_	_	
22	زمینی	زمین	زمین	_	_	
23	در	در	در	_	_	
24	جستجوی	جستجو	جستجو	_	_	
25	دریایی	دریا	دریا	_	_	
26	که	که	که	_	_	
27	ناپدید	ناپدید	ناپدید	_	_	
28	شده‌بود	شده‌بود	شده‌بود	_	_	
29	و	و	و	_	_	
30	احتمالاً	احتمالاً	احتمالاً	_	_	
31	راهی	راه	راه	_	_	
32	برای	برا	برای	_	_	
33	نجات	نج	نجات	_	_	
34	.	.	.	_	_	
						
0	روز	روز	روز	_	_	
1	سوم	سو	سوم	_	_	
2	،	،	،	_	_	
3	زمین	زمین	زمین	_	_	
4	را	را	را	_	_	
5	خشک	خشک	خشک	_	_	
6	یافتم	یاف	یافت#یاب	_	_	
7	،	،	،	_	_	
8	طوری	طور	طوری	_	_	
9	که	که	که	_	_	
10	می‌شد	می‌شد	شد#شو	_	_	
11	رویش	رو	رویش	_	_	
12	بی‌دردسر	بی‌دردسر	بی‌دردسر	_	_	
13	قدم	قد	قدم	_	_	
14	برداشت	بردا	برداشت	_	_	
15	.	.	.	_	_	
						
0	بوی	بو	بو	_	_	
1	فساد	فساد	فساد	_	_	
2	ماهی‌ها	ماهی	ماهی‌ها	_	_	
3	جنون	جنون	جنون	_	_	
4	آور	آور	آور	_	_	
5	بود	بود	بود#باش	_	_	
6	؛	؛	؛	_	_	
7	اما	اما	اما	_	_	
8	ذهنم	ذهن	ذهن	_	_	
9	درگیر	درگیر	درگیر	_	_	
10	موضوعاتی	موضوعات	موضوعات	_	_	
11	چنان	چن	چنان	_	_	
12	حیاتی	حیات	حیاتی	_	_	
13	بود	بود	بود#باش	_	_	
14	که	که	که	_	_	
15	چنین	چنین	چنین	_	_	
16	آزار	آزار	آزار	_	_	
17	مختصری	مختصر	مختصر	_	_	
18	را	را	را	_	_	
19	نادیده	نادیده	نادیده	_	_	
20	می‌گرفت	می‌گرف	گرفت#گیر	_	_	
21	،	،	،	_	_	
22	و	و	و	_	_	
23	من	من	من	_	_	
24	جسورانه	جسورانه	جسورانه	_	_	
25	درپی	درپ	درپی	_	_	
26	هدفی	هدف	هدف	_	_	
27	نامعلوم	نامعلو	نامعلوم	_	_	
28	سفرم	سفر	سفر	_	_	
29	را	را	را	_	_	
30	آغاز	آغاز	آغاز	_	_	
31	کردم	کرد	کرد#کن	_	_	
32	.	.	.	_	_	
						
0	تمام	تما	تمام	_	_	
1	روز	روز	روز	_	_	
2	را	را	را	_	_	
3	مصمم	مصم	مصمم	_	_	
4	به	به	به	_	_	
5	سمت	سم	سمت	_	_	
6	غرب	غرب	غرب	_	_	
7	رفتم	رف	رفت#رو	_	_	
8	،	،	،	_	_	
9	به	به	به	_	_	
10	سوی	سو	سو	_	_	
11	تپه‌ای	تپه	تپه	_	_	
12	در	در	در	_	_	
13	دوردست	دوردس	دوردست	_	_	
14	که	که	که	_	_	
15	مرتفع‌تر	مرتفع	مرتفع	_	_	
16	از	از	از	_	_	
17	هر	هر	هر	_	_	
18	بلندی	بلند	بلند	_	_	
19	دیگری	دیگر	دیگر	_	_	
20	بود	بود	بود#باش	_	_	
21	.	.	.	_	_	
						
0	شب	شب	شب	_	_	
1	را	را	را	_	_	
2	در	در	در	_	_	
3	جایی	جا	جا	_	_	
4	مستقر	مستقر	مستقر	_	_	
5	شدم	شد	شد#شو	_	_	
6	و	و	و	_	_	
7	روز	روز	روز	_	_	
8	بعد	بعد	بعد	_	_	
9	دوباره	دوباره	دوباره	_	_	
10	به	به	به	_	_	
11	سوی	سو	سو	_	_	
12	تپه	تپه	تپه	_	_	
13	حرکت	حرک	حرکت	_	_	
14	کردم	کرد	کرد#کن	_	_	
15	،	،	،	_	_	
16	هرچندکه	هرچندکه	هرچندکه	_	_	
17	چندان	چند	چندان	_	_	
18	بزرگ‌تر	بزرگ	بزرگ	_	_	
19	از	از	از	_	_	
20	وقتی‌که	وقتی‌که	وقتی‌که	_	_	
21	نخستین‌بار	نخستین‌بار	نخستین‌بار	_	_	
22	دیده‌بودمش	دیده‌بودم	دیده‌بودمش	_	_	
23	به	به	به	_	_	
24	نظر	نظر	نظر	_	_	
25	نمی‌آمد	نمی‌آمد	آمد#آ	_	_	
26	.	.	.	_	_	
						
0	عصر	عصر	عصر	_	_	
1	روز	روز	روز	_	_	
2	چهارم	چهار	چهارم	_	_	
3	به	به	به	_	_	
4	دامنه‌ی	دامنه	دامنه	_	_	
5	تپه	تپه	تپه	_	_	
6	رسیدم	رسید	رسید#رس	_	_	
7	،	،	،	_	_	
8	که	که	که	_	_	
9	حالا	حالا	حالا	_	_	
10	بسیار	بسیار	بسیار	_	_	
11	بزرگ‌تر	بزرگ	بزرگ	_	_	
12	از	از	از	_	_	
13	قبل	قبل	قبل	_	_	
14	به	به	به	_	_	
15	نظر	نظر	نظر	_	_	
16	می‌رسید	می‌رسید	رسید#رس	_	_	
17	.	.	.	_	_	
						
0	تپه	تپه	تپه	_	_	
1	در	در	در	_	_	
2	مجاورت	مجاور	مجاورت	_	_	
3	دره‌ای	دره	دره	_	_	
4	بود	بود	بود#باش	_	_	
5	و	و	و	_	_	
6	این	این	این	_	_	
7	باعث	باعث	باعث	_	_	
8	می‌شد	می‌شد	شد#شو	_	_	
9	دامنه‌ی	دامنه	دامنه	_	_	
10	پرشیبی	پرشیب	پرشیب	_	_	
11	داشته‌باشد	داشته‌باشد	داشته‌باشد	_	_	
12	.	.	.	_	_	
						
0	خسته‌تر	خسته	خسته	_	_	
1	از	از	از	_	_	
2	آن	آن	آن	_	_	
3	بودم	بود	بود#باش	_	_	
4	که	که	که	_	_	
5	بالا	بالا	بالا	_	_	
6	بروم	برو	رفت#رو	_	_	
7	،	،	،	_	_	
8	پس	پس	پس	_	_	
9	در	در	در	_	_	
10	سایه‌ی	سایه	سایه	_	_	
11	تپه	تپه	تپه	_	_	
12	به	به	به	_	_	
13	خواب	خواب	خواب	_	_	
14	رفتم	رف	رفت#رو	_	_	
15	.	.	.	_	_	
						
0	نمی‌دانم	نمی‌دان	دانست#دان	_	_	
1	رویاهای	رویا	رویاهای	_	_	
2	آن	آن	آن	_	_	
3	شبم	شب	شب	_	_	
4	چرا	چرا	چرا	_	_	
5	آنچنان	آنچن	آنچنان	_	_	
6	دیوانه‌وار	دیوانه‌وار	دیوانه‌وار	_	_	
7	بودند	بودند	بود#باش	_	_	
8	.	.	.	_	_	
						
0	اما	اما	اما	_	_	
1	پیش‌ازآن‌که	پیش‌ازآن‌که	پیش‌ازآن‌که	_	_	
2	ماه	ماه	ماه	_	_	
3	از	از	از	_	_	
4	نیمه	نیمه	نیمه	_	_	
5	گذشته	گذشته	گذشته	_	_	
6	که	که	که	_	_	
7	روبه	روبه	روبه	_	_	
8	نازکی	نازک	نازک	_	_	
9	می‌رفت	می‌رف	رفت#رو	_	_	
10	بر	بر	بر	_	_	
11	فراز	فراز	فراز	_	_	
12	فلات‌های	فلات	فلات	_	_	
13	شرق	شرق	شرق	_	_	
14	نمایان	نما	نمایان	_	_	
15	شود	شود	شد#شو	_	_	
16	،	،	،	_	_	
17	من	من	من	_	_	
18	بیدار	بیدار	بیدار	_	_	
19	و	و	و	_	_	
20	خیس	خیس	خیس	_	_	
21	از	از	از	_	_	
22	عرق	عرق	عرق	_	_	
23	سرد	سرد	سرد	_	_	
24	بودم	بود	بود#باش	_	_	
25	و	و	و	_	_	
26	دیگر	دیگر	دیگر	_	_	
27	قصد	قصد	قصد	_	_	
28	خوابیدن	خوابیدن	خوابیدن	_	_	
29	نداشتم	ندا	داشت#دار	_	_	
30	.	.	.	_	_	
						
0	مشاهده‌ی	مشاهده	مشاهده	_	_	
1	دوباره‌ی	دوباره	دوباره	_	_	
2	تصاویری	تصاویر	تصاویر	_	_	
3	که	که	که	_	_	
4	به	به	به	_	_	
5	خواب	خواب	خواب	_	_	
6	دیده‌بودم	دیده‌بود	دیده‌بودم	_	_	
7	،	،	،	_	_	
8	از	از	از	_	_	
9	تحملم	تحمل	تحمل	_	_	
10	خارج	خارج	خارج	_	_	
11	بود	بود	بود#باش	_	_	
12	.	.	.	_	_	
						
0	و	و	و	_	_	
1	در	در	در	_	_	
2	تلألؤ	تلألؤ	تلألؤ	_	_	
3	ماه	ماه	ماه	_	_	
4	دریافتم	دریاف	دریافتم	_	_	
5	که	که	که	_	_	
6	سفر	سفر	سفر	_	_	
7	کردن	کردن	کردن	_	_	
8	در	در	در	_	_	
9	روز	روز	روز	_	_	
10	چه	چه	چه	_	_	
11	انتخاب	انتخاب	انتخاب	_	_	
12	نابخردانه‌ای	نابخردانه	نابخردانه	_	_	
13	بوده‌است	بوده‌اس	بوده‌است	_	_	
14	.	.	.	_	_	
						
0	سفرم	سفر	سفر	_	_	
1	بی	ب	بی	_	_	
2	حضور	حضور	حضور	_	_	
3	تابش	تاب	تابش	_	_	
4	سوزان	سوز	سوز	_	_	
5	خورشید	خورشید	خورشید	_	_	
6	توان	تو	توان	_	_	
7	کمتری	کمتر	کمتر	_	_	
8	از	از	از	_	_	
9	من	من	من	_	_	
10	می‌گرفت	می‌گرف	گرفت#گیر	_	_	
11	.	.	.	_	_	
						
0	درحقیقت	درحقیق	درحقیقت	_	_	
1	،	،	،	_	_	
2	حالا	حالا	حالا	_	_	
3	حس	حس	حس	_	_	
4	می‌کردم	می‌کرد	کرد#کن	_	_	
5	توان	تو	توان	_	_	
6	به	به	به	_	_	
7	انجام	انجا	انجام	_	_	
8	رساندن	رساندن	رساندن	_	_	
9	صعودی	صعود	صعود	_	_	
10	که	که	که	_	_	
11	پیشتر	پ	پیشتر	_	_	
12	هنگام	هنگا	هنگام	_	_	
13	روز	روز	روز	_	_	
14	از	از	از	_	_	
15	آن	آن	آن	_	_	
16	منصرف	منصرف	منصرف	_	_	
17	شده‌بودم	شده‌بود	شده‌بودم	_	_	
18	را	را	را	_	_	
19	داشتم	دا	داشت#دار	_	_	
20	.	.	.	_	_	
						
0	بسته‌ام	بسته	بست#بند	_	_	
1	را	را	را	_	_	
2	برداشتم	بردا	برداشتم	_	_	
3	و	و	و	_	_	
4	به	به	به	_	_	
5	سوی	سو	سو	_	_	
6	سینه‌ی	سینه	سینه	_	_	
7	تپه	تپه	تپه	_	_	
8	به	به	به	_	_	
9	راه	راه	راه	_	_	
10	افتادم	افتاد	افتاد#افت	_	_	
11	.	.	.	_	_	
						
0	پیشتر	پ	پیشتر	_	_	
1	گفتم	گف	گفت#گو	_	_	
2	که	که	که	_	_	
3	یکنواختی	یکنواخت	یکنواخت	_	_	
4	تزلزل‌ناپذیر	تزلزل‌ناپذیر	تزلزل‌ناپذیر	_	_	
5	محیط	محیط	محیط	_	_	
6	پیرامونم	پیرامون	پیرامون	_	_	
7	برای	برا	برای	_	_	
8	من	من	من	_	_	
9	به	به	به	_	_	
10	نوعی	نوع	نوع	_	_	
11	هراس‌آور	هراس‌آور	هراس‌آور	_	_	
12	بود	بود	بود#باش	_	_	
13	؛	؛	؛	_	_	
14	اما	اما	اما	_	_	
15	احساس	احساس	احساس	_	_	
16	می‌کنم	می‌کن	کرد#کن	_	_	
17	زمانی‌که	زمانی‌که	زمانی‌که	_	_	
18	به	به	به	_	_	
19	قله‌ی	قله	قله	_	_	
20	تپه	تپه	تپه	_	_	
21	رسیدم	رسید	رسید#رس	_	_	
22	و	و	و	_	_	
23	به	به	به	_	_	
24	سوی	سو	سو	_	_	
25	دیگرش	دیگر	دیگر	_	_	
26	نگاه	نگاه	نگاه	_	_	
27	انداخته	انداخته	انداخته	_	_	
28	و	و	و	_	_	
29	دره	دره	دره	_	_	
30	یا	یا	یا	_	_	
31	گسلی	گسل	گسلی	_	_	
32	بی‌اندازه	بی‌اندازه	بی‌اندازه	_	_	
33	عمیق	عمیق	عمیق	_	_	
34	را	را	را	_	_	
35	دیدم	دید	دید#بین	_	_	
36	که	که	که	_	_	
37	ماه	ماه	ماه	_	_	
38	هنوز	هنوز	هنوز	_	_	
39	آنقدر	آنقدر	آنقدر	_	_	
40	در	در	در	_	_	
41	آسمان	آس	آسمان	_	_	
42	بالا	بالا	بالا	_	_	
43	نرفته‌بود	نرفته‌بود	نرفته‌بود	_	_	
44	تا	تا	تا	_	_	
45	گوشه	گوشه	گوشه	_	_	
46	و	و	و	_	_	
47	کنارهای	کنار	کنار	_	_	
48	تاریکش	تاریک	تاریک	_	_	
49	را	را	را	_	_	
50	روشن	روشن	روشن	_	_	
51	کند	کند	کند	_	_	
52	،	،	،	_	_	
53	وحشتی	وحشت	وحشت	_	_	
54	بسیار	بسیار	بسیار	_	_	
55	بیشتر	ب	بیشتر	_	_	
56	را	را	را	_	_	
57	متحمل	متحمل	متحمل	_	_	
58	شدم	شد	شد#شو	_	_	
59	.	.	.	_	_	
						
0	احساس	احساس	احساس	_	_	
1	می‌کردم	می‌کرد	کرد#کن	_	_	
2	بر	بر	بر	_	_	
3	لبه‌ی	لبه	لبه	_	_	
4	جهان	جه	جهان	_	_	
5	قرار	قرار	قرار	_	_	
6	دارم	دار	داشت#دار	_	_	
7	و	و	و	_	_	
8	چشم	چ	چشم	_	_	
9	به	به	به	_	_	
10	آشوبی	آشوب	آشوب	_	_	
11	و	و	و	_	_	
12	صعود	صعود	صعود	_	_	
13	هولناک	هولناک	هولناک	_	_	
14	شیطان	شیط	شیطان	_	_	
15	در	در	در	_	_	
16	سرزمین‌های	سرزمین	سرزمین	_	_	
17	بی‌انتها	بی‌انت	بی‌انتها	_	_	
18	از	از	از	_	_	
19	شبی	شب	شب	_	_	
20	ابدی	ابد	ابد	_	_	
21	دوخته‌ام	دوخته	دوخت#دوز	_	_	
22	.	.	.	_	_	
						
0	در	در	در	_	_	
1	میانه‌ی	میانه	میانه	_	_	
2	وحشت	وح	وحشت	_	_	
3	،	،	،	_	_	
4	بخش‌هایی	بخش	بخش	_	_	
5	از	از	از	_	_	
6	بی‌قواره‌ی	بی‌قواره	بی‌قواره	_	_	
7	تاریکی	تاریک	تاریکی	_	_	
8	به	به	به	_	_	
9	یادم	یاد	یاد	_	_	
10	می‌آمد	می‌آمد	آمد#آ	_	_	
11	.	.	.	_	_	
						
0	ماه	ماه	ماه	_	_	
1	که	که	که	_	_	
2	در	در	در	_	_	
3	آسمان	آس	آسمان	_	_	
4	بالاتر	بالا	بالا	_	_	
5	رفت	رف	رفت#رو	_	_	
6	،	،	،	_	_	
7	دریافتم	دریاف	دریافتم	_	_	
8	شیب	شیب	شیب	_	_	
9	تپه	تپه	تپه	_	_	
10	آنچنان	آنچن	آنچنان	_	_	
11	هم	ه	هم	_	_	
12	که	که	که	_	_	
13	گمان	گ	گمان	_	_	
14	برده‌بودم	برده‌بود	برده‌بودم	_	_	
15	تند	تند	تند	_	_	
16	نبود	نبود	بود#باش	_	_	
17	.	.	.	_	_	
						
0	لبه‌ها	لبه	لبه	_	_	
1	و	و	و	_	_	
2	زایده‌های	زایده	زایده‌های	_	_	
3	تخته‌سنگ‌ها	تخته‌سنگ	تخته‌سنگ	_	_	
4	جای	جا	جای	_	_	
5	پای	پا	پای	_	_	
6	نسبتاً	نسبتاً	نسبتاً	_	_	
7	راحتی	راحت	راحت	_	_	
8	برای	برا	برای	_	_	
9	پایین	پایین	پایین	_	_	
10	آمدن	آمدن	آمدن	_	_	
11	فراهم	فراه	فراهم	_	_	
12	می‌کردند	می‌کردند	کرد#کن	_	_	
13	؛	؛	؛	_	_	
14	هرچندکه	هرچندکه	هرچندکه	_	_	
15	پس‌از	پس‌از	پس‌از	_	_	
16	چند	چند	چند	_	_	
17	صد	صد	صد	_	_	
18	پا	پا	پا	_	_	
19	پایین	پایین	پایین	_	_	
20	آمدن	آمدن	آمدن	_	_	
21	،	،	،	_	_	
22	از	از	از	_	_	
23	شیب	شیب	شیب	_	_	
24	بسیار	بسیار	بسیار	_	_	
25	کاسته‌می‌شد	کاسته‌می‌شد	کاسته‌می‌شد	_	_	
26	.	.	.	_	_	
						
0	با	با	با	_	_	
1	شوقی	شوق	شوق	_	_	
2	که	که	که	_	_	
3	به	به	به	_	_	
4	هیچ	هیچ	هیچ	_	_	
5	روی	رو	روی	_	_	
6	دلیلش	دلیل	دلیل	_	_	
7	را	را	را	_	_	
8	نمی‌فهمیدم	نمی‌فهمید	فهمید#فهم	_	_	
9	،	،	،	_	_	
10	به	به	به	_	_	
11	دشواری	دشوار	دشوار	_	_	
12	از	از	از	_	_	
13	صخره‌ها	صخره	صخره	_	_	
14	به	به	به	_	_	
15	پایین	پایین	پایین	_	_	
16	لغزیدم	لغزید	لغزید#لغز	_	_	
17	و	و	و	_	_	
18	روی	رو	روی	_	_	
19	شیب	شیب	شیب	_	_	
20	ملایم	ملا	ملایم	_	_	
21	آن	آن	آن	_	_	
22	پایین	پایین	پایین	_	_	
23	ایستادم	ایستاد	ایستاد#ایست	_	_	
24	و	و	و	_	_	
25	به	به	به	_	_	
26	آن	آن	آن	_	_	
27	اعماق	اعماق	اعماق	_	_	
28	سراسر	سراسر	سراسر	_	_	
29	سیاه	سیاه	سیاه	_	_	
30	گسل	گسل	گسل	_	_	
31	چشم	چ	چشم	_	_	
32	دوختم	دوخ	دوخت#دوز	_	_	
33	که	که	که	_	_	
34	هنوز	هنوز	هنوز	_	_	
35	نوری	نور	نوری	_	_	
36	به	به	به	_	_	
37	آنها	آن	آن	_	_	
38	راه	راه	راه	_	_	
39	نیافته‌بود	نیافته‌بود	نیافته‌بود	_	_	
40	.	.	.	_	_	
						
0	ناگهان	ناگه	ناگهان	_	_	
1	توجهم	توجه	توجه	_	_	
2	به	به	به	_	_	
3	شیی	ش	شیی	_	_	
4	یگانه	یگانه	یگانه	_	_	
5	و	و	و	_	_	
6	وسیع	وسیع	وسیع	_	_	
7	جلب	جلب	جلب	_	_	
8	شد	شد	شد#شو	_	_	
9	که	که	که	_	_	
10	بر	بر	بر	_	_	
11	تپه‌ی	تپه	تپه	_	_	
12	دیگری	دیگر	دیگر	_	_	
13	قرار	قرار	قرار	_	_	
14	داشت	دا	داشت	_	_	
15	که	که	که	_	_	
16	تقریباً	تقریباً	تقریباً	_	_	
17	صد	صد	صد	_	_	
18	یارد	یارد	یارد	_	_	
19	جلوتر	جلو	جلو	_	_	
20	دوباره	دوباره	دوباره	_	_	
21	از	از	از	_	_	
22	آن‌سوی	آن‌سو	آن‌سو	_	_	
23	گسل	گسل	گسل	_	_	
24	سربلند	سربلند	سربلند	_	_	
25	می‌کرد	می‌کرد	کرد#کن	_	_	
26	،	،	،	_	_	
27	شیی	ش	شیی	_	_	
28	که	که	که	_	_	
29	زیر	زیر	زیر	_	_	
30	نور	نور	نور	_	_	
31	تازه‌رسیده‌ی	تازه‌رسیده	تازه‌رسیده‌ی	_	_	
32	مهتاب	مهتاب	مهتاب	_	_	
33	،	،	،	_	_	
34	برق	برق	برق	_	_	
35	سفیدی	سفید	سفید	_	_	
36	داشت	دا	داشت	_	_	
37	.	.	.	_	_	
						
0	اینکه	اینکه	اینکه	_	_	
1	آن	آن	آن	_	_	
2	شی	ش	شی	_	_	
3	درحقیقت	درحقیق	درحقیقت	_	_	
4	تکه	تکه	تکه	_	_	
5	سنگی	سنگ	سنگ	_	_	
6	غول‌آسا	غول‌آسا	غول‌آسا	_	_	
7	بود	بود	بود#باش	_	_	
8	را	را	را	_	_	
9	زود	زود	زود	_	_	
10	برنمی‌آمد	برنمی‌آمد	برنمی‌آمد	_	_	
11	ساخته‌ی	ساخته	ساخته	_	_	
12	دست	دس	دست	_	_	
13	طبیعت	طبیع	طبیعت	_	_	
14	باشد	باشد	بود#باش	_	_	
15	.	.	.	_	_	
						
0	به	به	به	_	_	
1	نحوی	نحو	نحو	_	_	
2	آگاه	آگاه	آگاه	_	_	
3	بودم	بود	بود#باش	_	_	
4	که	که	که	_	_	
5	از	از	از	_	_	
6	مکان	مک	مکان	_	_	
7	و	و	و	_	_	
8	حالتی	حالت	حالت	_	_	
9	که	که	که	_	_	
10	داشت	دا	داشت	_	_	
11	انباشته	انباشته	انباشته	_	_	
12	از	از	از	_	_	
13	احساسی	احساس	احساس	_	_	
14	کرد	کرد	کرد#کن	_	_	
15	که	که	که	_	_	
16	از	از	از	_	_	
17	بیانش	بیان	بیان	_	_	
18	عاجزم	عاجز	عاجز	_	_	
19	؛	؛	؛	_	_	
20	زیرا	زیرا	زیرا	_	_	
21	تقریباً	تقریباً	تقریباً	_	_	
22	تردید	تردید	تردید	_	_	
23	نداشتم	ندا	داشت#دار	_	_	
24	که	که	که	_	_	
25	باوجود	باوجود	باوجود	_	_	
26	قد	قد	قد	_	_	
27	و	و	و	_	_	
28	قواره‌ی	قواره	قواره	_	_	
29	عظیمش	عظیم	عظیم	_	_	
30	و	و	و	_	_	
31	جای	جا	جای	_	_	
32	گرفتنش	گرفتن	گرفتن	_	_	
33	در	در	در	_	_	
34	ناکجایی	ناکجا	ناکجا	_	_	
35	که	که	که	_	_	
36	از	از	از	_	_	
37	آغاز	آغاز	آغاز	_	_	
38	جهان	جه	جهان	_	_	
39	در	در	در	_	_	
40	کف	کف	کف	_	_	
41	اقیانوس	اقیانوس	اقیانوس	_	_	
42	قرار	قرار	قرار	_	_	
43	داشت	دا	داشت	_	_	
44	،	،	،	_	_	
45	آن	آن	آن	_	_	
46	شی	ش	شی	_	_	
47	عجیب	عجیب	عجیب	_	_	
48	،	،	،	_	_	
49	تخته‌سنگی	تخته‌سنگ	تخته‌سنگ	_	_	
50	خوش‌تراش	خوش‌ترا	خوش‌تراش	_	_	
51	بود	بود	بود#باش	_	_	
52	که	که	که	_	_	
53	تن	تن	تن	_	_	
54	حجیمش	حجیم	حجیم	_	_	
55	دست	دس	دست	_	_	
56	هنروران	هنرور	هنرور	_	_	
57	و	و	و	_	_	
58	شاید	شاید	شاید	_	_	
59	پرستش	پرست	پرستش	_	_	
60	مردمانی	مردمان	مردمانی	_	_	
61	صاحب	صاحب	صاحب	_	_	
62	هوشمندی	هوشمند	هوشمندی	_	_	
63	را	را	را	_	_	
64	به	به	به	_	_	
65	خود	خود	خود	_	_	
66	‌دیده‌بود	‌دیده‌بود	‌دیده‌بود	_	_	
67	.	.	.	_	_	
						
0	گیج	گیج	گیج	_	_	
1	و	و	و	_	_	
2	ترسیده‌بودم	ترسیده‌بود	ترسیده‌بودم	_	_	
3	،	،	،	_	_	
4	اما	اما	اما	_	_	
5	هنوز	هنوز	هنوز	_	_	
6	بارقه‌هایی	بارقه	بارقه	_	_	
7	از	از	از	_	_	
8	شور	شور	شور	_	_	
9	یک	یک	یک	_	_	
10	باستان‌شناس	باستان‌شناس	باستان‌شناس	_	_	
11	یا	یا	یا	_	_	
12	دانشمند	دانشمند	دانشمند	_	_	
13	در	در	در	_	_	
14	من	من	من	_	_	
15	بود	بود	بود#باش	_	_	
16	،	،	،	_	_	
17	پس	پس	پس	_	_	
18	پیرامونم	پیرامون	پیرامون	_	_	
19	را	را	را	_	_	
20	بادقت	بادق	بادقت	_	_	
21	بیشتری	بیشتر	بیشتر	_	_	
22	بررسی	بررس	بررسی	_	_	
23	کردم	کرد	کرد#کن	_	_	
24	.	.	.	_	_	
						
0	ماه	ماه	ماه	_	_	
1	حالا	حالا	حالا	_	_	
2	در	در	در	_	_	
3	مکان	مک	مکان	_	_	
4	سرسو	سرسو	سرسو	_	_	
5	قرار	قرار	قرار	_	_	
6	داشت	دا	داشت	_	_	
7	و	و	و	_	_	
8	غریب	غریب	غریب	_	_	
9	و	و	و	_	_	
10	زنده	زنده	زنده	_	_	
11	بر	بر	بر	_	_	
12	تپه‌های	تپه	تپه	_	_	
13	بلندبالا	بلندبالا	بلندبالا	_	_	
14	می‌تابید	می‌تابید	می‌تابید	_	_	
15	که	که	که	_	_	
16	دره	دره	دره	_	_	
17	را	را	را	_	_	
18	در	در	در	_	_	
19	محاصره	محاصره	محاصره	_	_	
20	گرفته‌بودند	گرفته‌بودند	گرفته‌بودند	_	_	
21	،	،	،	_	_	
22	و	و	و	_	_	
23	جریانی	جریان	جریان	_	_	
24	از	از	از	_	_	
25	آب	آب	آب	_	_	
26	را	را	را	_	_	
27	در	در	در	_	_	
28	انتهای	انت	انتهای	_	_	
29	آن	آن	آن	_	_	
30	دره‌ی	دره	دره	_	_	
31	عمیق	عمیق	عمیق	_	_	
32	آشکار	آشکار	آشکار	_	_	
33	می‌کرد	می‌کرد	کرد#کن	_	_	
34	.	.	.	_	_	
						
0	آب	آب	آب	_	_	
1	دیوانه‌وار	دیوانه‌وار	دیوانه‌وار	_	_	
2	به	به	به	_	_	
3	هر	هر	هر	_	_	
4	دیواره‌ی	دیواره	دیواره	_	_	
5	گسل	گسل	گسل	_	_	
6	می‌کوبید	می‌کوبید	می‌کوبید	_	_	
7	و	و	و	_	_	
8	حتا	حتا	حتا	_	_	
9	چیزی	چیز	چیز	_	_	
10	نمانده‌بود	نمانده‌بود	نمانده‌بود	_	_	
11	پای	پا	پای	_	_	
12	مرا	مرا	مرا	_	_	
13	که	که	که	_	_	
14	بر	بر	بر	_	_	
15	دامنه‌ی	دامنه	دامنه	_	_	
16	شیب	شیب	شیب	_	_	
17	ایستاده‌بودم	ایستاده‌بود	ایستاده‌بودم	_	_	
18	تر		تر	_	_	
19	کند	کند	کند	_	_	
20	.	.	.	_	_	
						
0	در	در	در	_	_	
1	آن‌سوی	آن‌سو	آن‌سو	_	_	
2	دره	دره	دره	_	_	
3	،	،	،	_	_	
4	موج‌ها	موج	موج	_	_	
5	پایه‌ی	پایه	پایه	_	_	
6	تخته‌سنگ	تخته‌سنگ	تخته‌سنگ	_	_	
7	غول‌آسا	غول‌آسا	غول‌آسا	_	_	
8	را	را	را	_	_	
9	می‌شستند	می‌شستند	می‌شستند	_	_	
10	و	و	و	_	_	
11	من	من	من	_	_	
12	حالا	حالا	حالا	_	_	
13	می‌توانستم	می‌توانس	توانست#توان	_	_	
14	بر	بر	بر	_	_	
15	سطح	سطح	سطح	_	_	
16	۲	۲	۲	_	_	
17	آن	آن	آن	_	_	
18	نوشته‌ها	نوشته	نوشته	_	_	
19	و	و	و	_	_	
20	حکاکی‌هایی	حکاکی	حکاکی‌هایی	_	_	
21	بی‌ظرافت	بی‌ظراف	بی‌ظرافت	_	_	
22	را	را	را	_	_	
23	تشخیص	تشخیص	تشخیص	_	_	
24	دهم	ده	دهم	_	_	
25	.	.	.	_	_	
						
0	نوشته‌ها	نوشته	نوشته	_	_	
1	به	به	به	_	_	
2	خط‌نگارهای	خط‌نگار	خط‌نگارهای	_	_	
3	بودند	بودند	بود#باش	_	_	
4	که	که	که	_	_	
5	برای	برا	برای	_	_	
6	من	من	من	_	_	
7	ناآشنا	ناآشنا	ناآشنا	_	_	
8	بود	بود	بود#باش	_	_	
9	و	و	و	_	_	
10	به	به	به	_	_	
11	هیچکدام	هیچکدا	هیچکدام	_	_	
12	از	از	از	_	_	
13	چیزهایی	چیز	چیز	_	_	
14	که	که	که	_	_	
15	در	در	در	_	_	
16	کتاب‌ها	کتاب	کتاب	_	_	
17	دیده‌بودم	دیده‌بود	دیده‌بودم	_	_	
18	نیز	نیز	نیز	_	_	
19	شباهت	شباه	شباهت	_	_	
20	نداشت	ندا	داشت#دار	_	_	
21	.	.	.	_	_	
						
0	عموماً	عموماً	عموماً	_	_	
1	از	از	از	_	_	
2	نشانه‌هایی	نشانه	نشانه	_	_	
3	که	که	که	_	_	
4	به	به	به	_	_	
5	دریا	دریا	دریا	_	_	
6	یا	یا	یا	_	_	
7	موجودات	موجود	موجودات	_	_	
8	آن	آن	آن	_	_	
9	ربط	ربط	ربط	_	_	
10	داشت	دا	داشت	_	_	
11	تشکیل	تشکیل	تشکیل	_	_	
12	شده‌بود	شده‌بود	شده‌بود	_	_	
13	؛	؛	؛	_	_	
14	نرم‌تن‌ها	نرم‌تن	نرم‌تن	_	_	
15	و	و	و	_	_	
16	وال‌ها	وال	وال	_	_	
17	و	و	و	_	_	
18	چیزهایی	چیز	چیز	_	_	
19	از	از	از	_	_	
20	این	این	این	_	_	
21	دست	دس	دست	_	_	
22	.	.	.	_	_	
						
0	شماری	شمار	شمرد#شمار	_	_	
1	از	از	از	_	_	
2	نشانه‌ها	نشانه	نشانه	_	_	
3	نماینده‌ی	نماینده	نماینده	_	_	
4	موجوداتی	موجودات	موجودات	_	_	
5	،	،	،	_	_	
6	مانند	مانند	مانند	_	_	
7	ماهی‌ها	ماهی	ماهی‌ها	_	_	
8	،	،	،	_	_	
9	مارماهی‌ها	مارماهی	مارماهی	_	_	
10	،	،	،	_	_	
11	هشت‌پاها	هشت‌پا	هشت‌پا	_	_	
12	،	،	،	_	_	
13	میگوها	میگو	میگو	_	_	
14	دریازی	دریاز	دریازی	_	_	
15	بودند	بودند	بود#باش	_	_	
16	که	که	که	_	_	
17	جهان	جه	جهان	_	_	
18	مدرن	مدرن	مدرن	_	_	
19	آنها	آن	آن	_	_	
20	را	را	را	_	_	
21	تابه‌حال	تابه‌حال	تابه‌حال	_	_	
22	به	به	به	_	_	
23	چشم	چ	چشم	_	_	
24	ندیده‌بود	ندیده‌بود	ندیده‌بود	_	_	
25	،	،	،	_	_	
26	اما	اما	اما	_	_	
27	من	من	من	_	_	
28	توانسته‌بودم	توانسته‌بود	توانسته‌بودم	_	_	
29	اجساد	اجساد	اجساد	_	_	
30	در	در	در	_	_	
31	حال	حال	حال	_	_	
32	فسادشان	فساد	فساد	_	_	
33	را	را	را	_	_	
34	روی	رو	روی	_	_	
35	زمینی	زمین	زمین	_	_	
36	که	که	که	_	_	
37	از	از	از	_	_	
38	کف	کف	کف	_	_	
39	اقیانوس	اقیانوس	اقیانوس	_	_	
40	بلند	بلند	بلند	_	_	
41	شده‌بود	شده‌بود	شده‌بود	_	_	
42	ببینم	ببین	ببینم	_	_	
43	.	.	.	_	_	
						
0	اما	اما	اما	_	_	
1	آنچه	آنچه	آنچه	_	_	
2	مرا	مرا	مرا	_	_	
3	حیرت‌زده	حیرت‌زده	حیرت‌زده	_	_	
4	برجای	برجا	برجا	_	_	
5	گذاشت	گذا	گذاشت#گذار	_	_	
6	،	،	،	_	_	
7	حکاکی‌ها	حکاکی	حکاکی‌ها	_	_	
8	بودند	بودند	بود#باش	_	_	
9	.	.	.	_	_	
						
0	آن‌سوی	آن‌سو	آن‌سو	_	_	
1	آب‌هایی	آب	آب	_	_	
2	که	که	که	_	_	
3	میان	م	میان	_	_	
4	ما	ما	ما	_	_	
5	فاصله	فاصله	فاصله	_	_	
6	انداخته‌بود	انداخته‌بود	انداخته‌بود	_	_	
7	،	،	،	_	_	
8	پای	پا	پای	_	_	
9	تخته‌سنگ	تخته‌سنگ	تخته‌سنگ	_	_	
10	ردیفی	ردیف	ردیف	_	_	
11	از	از	از	_	_	
12	۳	۳	۳	_	_	
13	کنده‌کاری‌هایی	کنده‌کاری	کنده‌کاری	_	_	
14	قرار	قرار	قرار	_	_	
15	داشت	دا	داشت	_	_	
16	که	که	که	_	_	
17	احتمالاً	احتمالاً	احتمالاً	_	_	
18	حسادت	حساد	حسادت	_	_	
19	دوری	دور	دور	_	_	
20	را	را	را	_	_	
21	برمی‌انگیختند	برمی‌انگیختند	برمی‌انگیختند	_	_	
22	.	.	.	_	_	
						
0	گمان	گ	گمان	_	_	
1	می‌کنم	می‌کن	کرد#کن	_	_	
2	آن	آن	آن	_	_	
3	حکاکی‌ها	حکاکی	حکاکی‌ها	_	_	
4	قرار	قرار	قرار	_	_	
5	بود	بود	بود#باش	_	_	
6	نمایانگر	نمایانگر	نمایانگر	_	_	
7	انسان	انس	انسان	_	_	
8	باشند	باشند	بود#باش	_	_	
9	.	.	.	_	_	
						
0	آن	آن	آن	_	_	
1	موجودات	موجود	موجودات	_	_	
2	کنده‌کاری‌شده	کنده‌کاری‌شده	کنده‌کاری‌شده	_	_	
3	داشتند	داشتند	داشت#دار	_	_	
4	خودستایانه	خودستایانه	خودستایانه	_	_	
5	به	به	به	_	_	
6	خویش	خو	خویش	_	_	
7	می‌نگریستند	می‌نگریستند	نگریست#نگر	_	_	
8	،	،	،	_	_	
9	یا	یا	یا	_	_	
10	شاید	شاید	شاید	_	_	
11	هم	ه	هم	_	_	
12	به	به	به	_	_	
13	تخته‌سنگ	تخته‌سنگ	تخته‌سنگ	_	_	
14	غول‌آسای	غول‌آسا	غول‌آسا	_	_	
15	دیگری	دیگر	دیگر	_	_	
16	که	که	که	_	_	
17	در	در	در	_	_	
18	زیر	زیر	زیر	_	_	
19	موج‌ها	موج	موج	_	_	
20	جای	جا	جای	_	_	
21	داشت	دا	داشت	_	_	
22	نگاه	نگاه	نگاه	_	_	
23	می‌کردند	می‌کردند	کرد#کن	_	_	
24	.	.	.	_	_	
						
0	از	از	از	_	_	
1	جزییات	جز	جزییات	_	_	
2	تن	تن	تن	_	_	
3	و	و	و	_	_	
4	صورتشان	صورت	صورت	_	_	
5	نمی‌توانم	نمی‌توان	توانست#توان	_	_	
6	چیزی	چیز	چیز	_	_	
7	بگویم	بگو	گفت#گو	_	_	
8	،	،	،	_	_	
9	چراکه	چراکه	چراکه	_	_	
10	حتا	حتا	حتا	_	_	
11	یادآوری	یادآور	یادآور	_	_	
12	آنها	آن	آن	_	_	
13	نیز	نیز	نیز	_	_	
14	سرم	سر	سر	_	_	
15	را	را	را	_	_	
16	سبک	سبک	سبک	_	_	
17	کرده	کرده	کرده	_	_	
18	و	و	و	_	_	
19	به	به	به	_	_	
20	دوران	دور	دوران	_	_	
21	می‌اندازد	می‌اندازد	انداخت#انداز	_	_	
22	.	.	.	_	_	
						
0	آنچنان	آنچن	آنچنان	_	_	
1	بی‌قواره	بی‌قواره	بی‌قواره	_	_	
2	که	که	که	_	_	
3	حتی	حت	حتی	_	_	
4	پو	پو	پو	_	_	
5	و	و	و	_	_	
6	بولور	بولور	بولور	_	_	
7	نمی‌توانستند	نمی‌توانستند	توانست#توان	_	_	
8	چیزی	چیز	چیز	_	_	
9	همانندش	همانند	همانند	_	_	
10	را	را	را	_	_	
11	تصور	تصور	تصور	_	_	
12	کنند	کنند	کرد#کن	_	_	
13	.	.	.	_	_	
						
0	در	در	در	_	_	
1	شمای	شما	شما	_	_	
2	کلی	کل	کلی	_	_	
3	،	،	،	_	_	
4	سوای	سوا	سوا	_	_	
5	انگشتان	انگ	انگ	_	_	
6	به	به	به	_	_	
7	هم	ه	هم	_	_	
8	چسبیده‌ی	چسبیده	چسبیده	_	_	
9	دست	دس	دست	_	_	
10	و	و	و	_	_	
11	پایشان	پا	پا	_	_	
12	مانند	مانند	مانند	_	_	
13	انسان	انس	انسان	_	_	
14	بودند	بودند	بود#باش	_	_	
15	،	،	،	_	_	
16	سوای	سوا	سوا	_	_	
17	لب‌های	لب	لب	_	_	
18	بی اندازه	بی اندازه	بی اندازه	_	_	
19	پهن	پهن	پهن	_	_	
20	و	و	و	_	_	
21	آویزانشان	آویزان	آویزان	_	_	
22	،	،	،	_	_	
23	آن	آن	آن	_	_	
24	چشمان	چ	چشمان	_	_	
25	شیشه‌ای	شیشه	شیشه	_	_	
26	و	و	و	_	_	
27	وق‌زده	وق‌زده	وق‌زده	_	_	
28	و	و	و	_	_	
29	جزییات	جز	جزییات	_	_	
30	دیگری	دیگر	دیگر	_	_	
31	که	که	که	_	_	
32	یادآوریشان	یادآور	یادآور	_	_	
33	به	به	به	_	_	
34	هیچ	هیچ	هیچ	_	_	
35	روی	رو	روی	_	_	
36	خوش‌آیند	خوش‌آیند	خوش‌آیند	_	_	
37	نیست	نیس	نیست	_	_	
38	.	.	.	_	_	
						
0	کنجکاو	کنجکاو	کنجکاو	_	_	
1	شده‌بودم	شده‌بود	شده‌بودم	_	_	
3	،	،	،	_	_	
4	زیرا	زیرا	زیرا	_	_	
5	در	در	در	_	_	
6	کنده‌کاری‌ها	کنده‌کاری	کنده‌کاری	_	_	
7	تناسب	تناسب	تناسب	_	_	
8	آن	آن	آن	_	_	
9	موجودات	موجود	موجودات	_	_	
10	با	با	با	_	_	
11	سایر	سایر	سایر	_	_	
12	اجزای	اجزا	اجزا	_	_	
13	تصویر	تصویر	تصویر	_	_	
14	رعایت	رعا	رعایت	_	_	
15	نشده	نشده	شد#شو	_	_	
16	بود	بود	بود#باش	_	_	
17	.	.	.	_	_	
						
0	برای	برا	برای	_	_	
1	مثال	مثال	مثال	_	_	
2	،	،	،	_	_	
3	یکی	یک	یک	_	_	
4	از	از	از	_	_	
5	آنها	آن	آن	_	_	
6	داشت	دا	داشت	_	_	
7	نهنگی	نهنگ	نهنگ	_	_	
8	را	را	را	_	_	
9	به	به	به	_	_	
10	قتل	قتل	قتل	_	_	
11	می‌رساند	می‌رساند	رساند#رسان	_	_	
12	که	که	که	_	_	
13	تنها	تن	تنها	_	_	
14	کمی	کم	کم	_	_	
15	بزرگ‌تر	بزرگ	بزرگ	_	_	
16	از	از	از	_	_	
17	خودش	خود	خودش	_	_	
18	ترسیم	ترس	ترسیم	_	_	
19	شده‌بود	شده‌بود	شده‌بود	_	_	
20	.	.	.	_	_	
						
0	همانطور	همانطور	همانطور	_	_	
1	که	که	که	_	_	
2	گفتم	گف	گفت#گو	_	_	
3	اندازه‌ی	اندازه	اندازه	_	_	
4	غریب	غریب	غریب	_	_	
5	و	و	و	_	_	
6	شمایل	شمایل	شمایل	_	_	
7	هیولاییشان	هیولا	هیولا	_	_	
8	بیش‌از	بیش‌از	بیش‌از	_	_	
9	همه	همه	همه	_	_	
10	توجهم	توجه	توجه	_	_	
11	را	را	را	_	_	
12	جلب	جلب	جلب	_	_	
13	کرد	کرد	کرد#کن	_	_	
14	،	،	،	_	_	
15	اما	اما	اما	_	_	
16	لحظه‌ای	لحظه	لحظه	_	_	
17	طول	طول	طول	_	_	
18	نکشید	نکشید	کشید#کش	_	_	
19	که	که	که	_	_	
20	اندیشیدم	اندیشید	اندیشید#اندیش	_	_	
21	آنها	آن	آن	_	_	
22	بی‌تردید	بی‌تردید	بی‌تردید	_	_	
23	خدایان	خدا	خدا	_	_	
24	ساختگی	ساختگ	ساختگی	_	_	
25	قومی	قوم	قوم	_	_	
26	دریانورد	دریانورد	دریانورد	_	_	
27	یا	یا	یا	_	_	
28	ماهیگیر	ماهیگیر	ماهیگیر	_	_	
29	بوده	بوده	بوده	_	_	
30	که	که	که	_	_	
31	در	در	در	_	_	
32	زمان‌های	زمان	زمان	_	_	
33	دور	دور	دور	_	_	
34	می‌زیسته‌اند	می‌زیسته‌اند	می‌زیسته‌اند	_	_	
35	؛	؛	؛	_	_	
36	قومی	قوم	قوم	_	_	
37	که	که	که	_	_	
38	آخرین	آخرین	آخرین	_	_	
39	بازمانده‌شان	بازمانده	بازمانده	_	_	
40	قرن‌ها	قرن	قرن	_	_	
41	پیش‌ازآن‌که	پیش‌ازآن‌که	پیش‌ازآن‌که	_	_	
42	نخستین	نخستین	نخستین	_	_	
43	انسان	انس	انسان	_	_	
44	پا	پا	پا	_	_	
45	به	به	به	_	_	
46	دنیا	دنیا	دنیا	_	_	
47	بگذارد	بگذارد	گذاشت#گذار	_	_	
48	از	از	از	_	_	
49	میان	م	میان	_	_	
50	رفته‌بود	رفته‌بود	رفته‌بود	_	_	
51	.	.	.	_	_	
						
0	داشتم	دا	داشت#دار	_	_	
1	به	به	به	_	_	
2	گذشته‌ای	گذشته	گذشت#گذر	_	_	
3	نگاه	نگاه	نگاه	_	_	
4	می‌کردم	می‌کرد	کرد#کن	_	_	
5	که	که	که	_	_	
6	تاریخش	تاریخ	تاریخ	_	_	
7	از	از	از	_	_	
8	تصور	تصور	تصور	_	_	
9	جسورترین	جسور	جسور	_	_	
10	انسان‌شناس	انسان‌شناس	انسان‌شناس	_	_	
11	نیز	نیز	نیز	_	_	
12	دورتر	دور	دور	_	_	
13	می‌رفت	می‌رف	رفت#رو	_	_	
14	؛	؛	؛	_	_	
15	حیرتزده	حیرتزده	حیرتزده	_	_	
16	و	و	و	_	_	
17	سرمست	سرمس	سرمست	_	_	
18	ایستاده‌بودم	ایستاده‌بود	ایستاده‌بودم	_	_	
19	و	و	و	_	_	
20	ماه	ماه	ماه	_	_	
21	بازتاب‌های	بازتاب	بازتاب	_	_	
22	غریبی	غریب	غریب	_	_	
23	بر	بر	بر	_	_	
24	توده	توده	توده	_	_	
25	آب	آب	آب	_	_	
26	بیصدای	بیصدا	بیصدای	_	_	
27	مقابلم	مقابل	مقابل	_	_	
28	می‌انداخت	می‌انداخ	انداخت#انداز	_	_	
29	.	.	.	_	_	
						
0	سپس	سپس	سپس	_	_	
1	،	،	،	_	_	
2	ناگهان	ناگه	ناگهان	_	_	
3	دیدمش	دیدم	دیدمش	_	_	
4	.	.	.	_	_	
						
0	تنها	تن	تنها	_	_	
1	تکان‌های	تکان	تکان	_	_	
2	مختصر	مختصر	مختصر	_	_	
3	آب	آب	آب	_	_	
4	بود	بود	بود#باش	_	_	
5	که	که	که	_	_	
6	آمدنش	آمدن	آمدن	_	_	
7	به	به	به	_	_	
8	سطح	سطح	سطح	_	_	
9	را	را	را	_	_	
10	خبر	خبر	خبر	_	_	
11	می‌داد	می‌داد	داد#ده	_	_	
12	.	.	.	_	_	
						
0	او	او	او	_	_	
1	از	از	از	_	_	
2	آب‌های	آب	آب	_	_	
3	تاریک	تاریک	تاریک	_	_	
4	بالا	بالا	بالا	_	_	
5	آمد	آمد	آمد#آ	_	_	
6	،	،	،	_	_	
7	عظیم	عظ	عظیم	_	_	
8	بود	بود	بود#باش	_	_	
9	،	،	،	_	_	
10	به	به	به	_	_	
11	پلیفموس	پلیفموس	پلیفموس	_	_	
12	می‌مانست	می‌مانس	می‌مانست	_	_	
13	.	.	.	_	_	
						
0	لبریز	لبریز	لبریز	_	_	
1	از	از	از	_	_	
2	تنفر	تنفر	تنفر	_	_	
3	،	،	،	_	_	
4	همچون	همچون	همچون	_	_	
5	هیولایی	هیولا	هیولایی	_	_	
6	حیرت‌انگیز	حیرت‌انگیز	حیرت‌انگیز	_	_	
7	برخاسته	برخاسته	برخاسته	_	_	
8	از	از	از	_	_	
9	کابوس‌ها	کابوس	کابوس	_	_	
10	،	،	،	_	_	
11	به	به	به	_	_	
12	سوی	سو	سو	_	_	
13	مجسمه	مجسمه	مجسمه	_	_	
14	دوید	دوید	دوید#دو	_	_	
15	و	و	و	_	_	
16	بازوان	بازو	بازوان	_	_	
17	عظیم	عظ	عظیم	_	_	
18	فلسپوشش	فلسپوش	فلسپوشش	_	_	
19	را	را	را	_	_	
20	اطراف	اطراف	اطراف	_	_	
21	آن	آن	آن	_	_	
22	تکان	تک	تکان	_	_	
23	داد	داد	داد	_	_	
24	؛	؛	؛	_	_	
25	سر	سر	سر	_	_	
26	هولناکش	هولناک	هولناک	_	_	
27	را	را	را	_	_	
28	خم	خ	خم	_	_	
29	کرده	کرده	کرده	_	_	
30	بود	بود	بود#باش	_	_	
31	و	و	و	_	_	
32	صداهای	صدا	صدا	_	_	
33	آهنگینی	آهنگین	آهنگین	_	_	
34	از	از	از	_	_	
35	گلو	گلو	گلو	_	_	
36	خارج	خارج	خارج	_	_	
37	می‌کرد	می‌کرد	کرد#کن	_	_	
38	.	.	.	_	_	
						
0	به	به	به	_	_	
1	نظر	نظر	نظر	_	_	
2	آن	آن	آن	_	_	
3	زمان	ز	زمان	_	_	
4	بود	بود	بود#باش	_	_	
5	که	که	که	_	_	
6	دیوانه	دیوانه	دیوانه	_	_	
7	شدم	شد	شد#شو	_	_	
8	.	.	.	_	_	
						
0	از	از	از	_	_	
1	صعود	صعود	صعود	_	_	
2	دیوانه‌وارم	دیوانه‌وار	دیوانه‌وار	_	_	
3	از	از	از	_	_	
4	آن	آن	آن	_	_	
5	شیب	شیب	شیب	_	_	
6	و	و	و	_	_	
7	صخره‌ها	صخره	صخره	_	_	
8	و	و	و	_	_	
9	از	از	از	_	_	
10	بازگشت	بازگ	بازگشت	_	_	
11	وهمگینم	وهمگین	وهمگینم	_	_	
12	به	به	به	_	_	
13	سوی	سو	سو	_	_	
14	قایق	قایق	قایق	_	_	
15	به	به	به	_	_	
16	گل	گل	گل	_	_	
17	نشسته	نشسته	نشسته	_	_	
18	،	،	،	_	_	
19	جز	جز	جز	_	_	
20	اندک	اندک	اندک	_	_	
21	چیزی	چیز	چیز	_	_	
22	به	به	به	_	_	
23	خاطر	خاطر	خاطر	_	_	
24	ندارم	ندار	داشت#دار	_	_	
25	.	.	.	_	_	
						
0	می‌دانم	می‌دان	دانست#دان	_	_	
1	که	که	که	_	_	
2	بسیار	بسیار	بسیار	_	_	
3	آواز	آواز	آواز	_	_	
4	خواندم	خواند	خواند#خوان	_	_	
5	،	،	،	_	_	
6	و	و	و	_	_	
7	زمانی‌که	زمانی‌که	زمانی‌که	_	_	
8	دیگر	دیگر	دیگر	_	_	
9	نتوانستم	نتوانس	توانست#توان	_	_	
10	بخوانم	بخوان	خواند#خوان	_	_	
11	به	به	به	_	_	
12	نحو	نحو	نحو	_	_	
13	غریبی	غریب	غریب	_	_	
14	خندیدم	خندید	خندید#خند	_	_	
15	.	.	.	_	_	
						
0	تصاویر	تصاویر	تصاویر	_	_	
1	تمایزناپذیری	تمایزناپذیر	تمایزناپذیری	_	_	
2	از	از	از	_	_	
3	رخداد	رخداد	رخداد	_	_	
4	یک	یک	یک	_	_	
5	طوفان	طوف	طوفان	_	_	
6	بزرگ	بزرگ	بزرگ	_	_	
7	مدتی	مدت	مدت	_	_	
8	پس‌ازآن‌که	پس‌ازآن‌که	پس‌ازآن‌که	_	_	
9	به	به	به	_	_	
10	قایق	قایق	قایق	_	_	
11	رسیده‌بودم	رسیده‌بود	رسیده‌بودم	_	_	
12	را	را	را	_	_	
13	به	به	به	_	_	
14	خاطر	خاطر	خاطر	_	_	
15	دارم	دار	داشت#دار	_	_	
16	.	.	.	_	_	
						
0	اما	اما	اما	_	_	
1	به	به	به	_	_	
2	هر	هر	هر	_	_	
3	روی	رو	روی	_	_	
4	،	،	،	_	_	
5	می‌دانم	می‌دان	دانست#دان	_	_	
6	که	که	که	_	_	
7	صدای	صدا	صدا	_	_	
8	غرش	غر	غرش	_	_	
9	تندر	تندر	تندر	_	_	
10	و	و	و	_	_	
11	صداهایی	صدا	صدا	_	_	
12	ازین	ازین	ازین	_	_	
13	دست	دس	دست	_	_	
14	را	را	را	_	_	
15	شنیدم	شنید	شنید#شنو	_	_	
16	که	که	که	_	_	
17	طبیعت	طبیع	طبیعت	_	_	
18	در	در	در	_	_	
19	دیوانه‌ترین	دیوانه	دیوانه	_	_	
20	شرایطش	شرایط	شرایط	_	_	
21	ساطع	ساطع	ساطع	_	_	
22	می‌کند	می‌کند	کرد#کن	_	_	
23	.	.	.	_	_	
						
0	هنگامی‌که	هنگامی‌که	هنگامی‌که	_	_	
1	از	از	از	_	_	
2	سیاهی‌ها	سیاهی	سیاهی‌ها	_	_	
3	خارج	خارج	خارج	_	_	
4	شدم	شد	شد#شو	_	_	
5	،	،	،	_	_	
6	در	در	در	_	_	
7	بیمارستان	بیمارس	بیمارستان	_	_	
8	سان‌فرانسیسکو	سان‌فرانسیسکو	سان‌فرانسیسکو	_	_	
9	بودم	بود	بود#باش	_	_	
10	.	.	.	_	_	
						
0	کاپیتان	کاپ	کاپیتان	_	_	
1	یک	یک	یک	_	_	
2	کشتی	کشت	کشتی	_	_	
3	آمریکایی	آمریکا	آمریکایی	_	_	
4	که	که	که	_	_	
5	قایقم	قایق	قایق	_	_	
6	را	را	را	_	_	
7	در	در	در	_	_	
8	میانه‌ی	میانه	میانه	_	_	
9	اقیانوس	اقیانوس	اقیانوس	_	_	
10	دیده‌بود	دیده‌بود	دیده‌بود	_	_	
11	،	،	،	_	_	
12	مرا	مرا	مرا	_	_	
13	به	به	به	_	_	
14	آنجا	آنجا	آنجا	_	_	
15	آورده‌بود	آورده‌بود	آورده‌بود	_	_	
16	.	.	.	_	_	
						
0	در	در	در	_	_	
1	هذیان‌هایم	هذیان	هذیان	_	_	
2	حرفهای	حرف	حرف	_	_	
3	زیادی	زیاد	زیاد	_	_	
4	زده‌بودم	زده‌بود	زده‌بودم	_	_	
5	،	،	،	_	_	
6	اما	اما	اما	_	_	
7	دریافتم	دریاف	دریافتم	_	_	
8	که	که	که	_	_	
9	کم‌ترین	کم	کم	_	_	
10	توجهی	توجه	توجه	_	_	
11	را	را	را	_	_	
12	به	به	به	_	_	
13	آنها	آن	آن	_	_	
14	روا	روا	روا	_	_	
15	نداشته‌اند	نداشته‌اند	داشت#دار	_	_	
16	.	.	.	_	_	
						
0	آنها	آن	آن	_	_	
1	که	که	که	_	_	
2	مرا	مرا	مرا	_	_	
3	نجات	نج	نجات	_	_	
4	دادند	دادند	داد#ده	_	_	
5	از	از	از	_	_	
6	بالا	بالا	بالا	_	_	
7	آمدن	آمدن	آمدن	_	_	
8	کف	کف	کف	_	_	
9	هیچ‌کجای	هیچ‌کجا	هیچ‌کجای	_	_	
10	اقیانوس	اقیانوس	اقیانوس	_	_	
11	آرام	آرا	آرام	_	_	
12	خبری	خبر	خبر	_	_	
13	نداشتند	نداشتند	داشت#دار	_	_	
14	،	،	،	_	_	
15	و	و	و	_	_	
16	من	من	من	_	_	
17	همبر	همبر	همبر	_	_	
18	چیزی	چیز	چیز	_	_	
19	که	که	که	_	_	
20	می‌دانستم	می‌دانس	دانست#دان	_	_	
21	باور	باور	باور	_	_	
22	نخواهند کرد	نخواهند کرد	نخواهند کرد	_	_	
23	اصرار	اصرار	اصرار	_	_	
24	نورزیدم	نورزید	ورزید#ورز	_	_	
25	.	.	.	_	_	
						
0	زمانی	زمان	زمان	_	_	
1	یک	یک	یک	_	_	
2	نژادشناس	نژادشناس	نژادشناس	_	_	
3	مطرح	مطرح	مطرح	_	_	
4	را	را	را	_	_	
5	جستم	جس	جست#جو	_	_	
6	و	و	و	_	_	
7	او	او	او	_	_	
8	را	را	را	_	_	
9	با	با	با	_	_	
10	پرسش‌های	پرسش	پرسش	_	_	
11	خودم	خود	خودم	_	_	
12	درباره‌ی	درباره	درباره	_	_	
13	داگون	داگون	داگون	_	_	
14	،	،	،	_	_	
15	افسانه‌ی	افسانه	افسانه	_	_	
16	باستانی	باستان	باستانی	_	_	
17	فلسطینی	فلسطین	فلسطین	_	_	
18	،	،	،	_	_	
19	آن	آن	آن	_	_	
20	نیم	ن	نیم	_	_	
21	خداوند	خداوند	خداوند	_	_	
22	و	و	و	_	_	
23	نیم	ن	نیم	_	_	
24	ماهی	ماه	ماه	_	_	
25	سر	سر	سر	_	_	
26	شوق	شوق	شوق	_	_	
27	آوردم	آورد	آورد#آور	_	_	
28	.	.	.	_	_	
						
0	اما	اما	اما	_	_	
1	به	به	به	_	_	
2	تندی	تند	تند	_	_	
3	دریافتم	دریاف	دریافتم	_	_	
4	که	که	که	_	_	
5	او	او	او	_	_	
6	فقط	فقط	فقط	_	_	
7	ناامیدانه	ناامیدانه	ناامیدانه	_	_	
8	آنچه	آنچه	آنچه	_	_	
9	به	به	به	_	_	
10	چشم	چ	چشم	_	_	
11	می‌دید	می‌دید	دید#بین	_	_	
12	را	را	را	_	_	
13	می‌پذیرفت	می‌پذیرف	پذیرفت#پذیر	_	_	
14	،	،	،	_	_	
15	و	و	و	_	_	
16	دست	دس	دست	_	_	
17	از	از	از	_	_	
18	پی	پ	پی	_	_	
19	گرفتن	گرفتن	گرفتن	_	_	
20	پرسش‌هایم	پرسش	پرسش	_	_	
21	کشیدم	کشید	کشید#کش	_	_	
22	.	.	.	_	_	
						
0	شب‌ها	شب	شب	_	_	
1	،	،	،	_	_	
2	به	به	به	_	_	
3	ویژه	ویژه	ویژه	_	_	
4	زمانی‌	زمانی	زمانی‌	_	_	
5	که	که	که	_	_	
6	ماه	ماه	ماه	_	_	
7	از	از	از	_	_	
8	نیمه	نیمه	نیمه	_	_	
9	گذشته‌است	گذشته‌اس	گذشته‌است	_	_	
10	و	و	و	_	_	
11	رو	رو	رو	_	_	
12	به	به	به	_	_	
13	نازکی	نازک	نازک	_	_	
14	می‌رود	می‌رود	رفت#رو	_	_	
15	،	،	،	_	_	
16	او	او	او	_	_	
17	را	را	را	_	_	
18	می‌بینم	می‌بین	دید#بین	_	_	
19	.	.	.	_	_	
						
0	مورفین	مورفین	مورفین	_	_	
1	را	را	را	_	_	
2	آزموده‌ام	آزموده	آزموده	_	_	
3	،	،	،	_	_	
4	اما	اما	اما	_	_	
5	تنها	تن	تنها	_	_	
6	پایانی	پایان	پایان	_	_	
7	گذرا	گذرا	گذرا	_	_	
8	به	به	به	_	_	
9	دردهایم	درد	درد	_	_	
10	بخشیده	بخشیده	بخشیده	_	_	
11	و	و	و	_	_	
12	درعوض	درعوض	درعوض	_	_	
13	مرا	مرا	مرا	_	_	
14	چون	چون	چون	_	_	
15	برده‌ای	برده	برد#بر	_	_	
16	ناتوان	ناتو	ناتوان	_	_	
17	در	در	در	_	_	
18	چنگال	چنگال	چنگال	_	_	
19	خویش	خو	خویش	_	_	
20	اسیر	اسیر	اسیر	_	_	
21	کرده‌است	کرده‌اس	کرده‌است	_	_	
22	.	.	.	_	_	
						
0	پس	پس	پس	_	_	
1	حالا	حالا	حالا	_	_	
2	،	،	،	_	_	
3	من	من	من	_	_	
4	به	به	به	_	_	
5	همه‌چیز	همه‌چیز	همه‌چیز	_	_	
6	پایان	پا	پایان	_	_	
7	می‌بخشم	می‌بخ	بخشید#بخش	_	_	
8	،	،	،	_	_	
9	حالا	حالا	حالا	_	_	
10	که	که	که	_	_	
11	شرح	شرح	شرح	_	_	
12	تمام	تما	تمام	_	_	
13	ماجرا	ماجرا	ماجرا	_	_	
14	را	را	را	_	_	
15	برای	برا	برای	_	_	
16	دوستان	دوس	دوستان	_	_	
17	و	و	و	_	_	
18	اطرافیانم	اطرافیان	اطرافیانم	_	_	
19	نوشته‌ام	نوشته	نوشت#نویس	_	_	
20	تا	تا	تا	_	_	
21	از	از	از	_	_	
22	حقیقت	حقیق	حقیقت	_	_	
23	آگاه	آگاه	آگاه	_	_	
24	شوند	شوند	شد#شو	_	_	
25	و	و	و	_	_	
26	یا	یا	یا	_	_	
27	خود	خود	خود	_	_	
28	را	را	را	_	_	
29	حقیرانه	حقیرانه	حقیرانه	_	_	
30	با	با	با	_	_	
31	آن	آن	آن	_	_	
32	سرگرم	سرگر	سرگرم	_	_	
33	کنند	کنند	کرد#کن	_	_	
34	.	.	.	_	_	
						
0	گاه	گاه	گاه	_	_	
1	و	و	و	_	_	
2	بیگاه	بیگاه	بیگاه	_	_	
3	از	از	از	_	_	
4	خود	خود	خود	_	_	
5	می‌پرسم	می‌پرس	پرسید#پرس	_	_	
6	که	که	که	_	_	
7	آیا	آیا	آیا	_	_	
8	همه‌چیز	همه‌چیز	همه‌چیز	_	_	
9	نمی‌توانسته	نمی‌توانسته	نمی‌توانسته	_	_	
10	تماماً	تماماً	تماماً	_	_	
11	وهم	وه	وهم	_	_	
12	بوده‌باشد	بوده‌باشد	بوده‌باشد	_	_	
13	؟	؟	؟	_	_	
						
0	جنونی	جنون	جنون	_	_	
1	ناشی	ناش	ناشی	_	_	
2	از	از	از	_	_	
3	تب	تب	تب	_	_	
4	که	که	که	_	_	
5	پس	پس	پس	_	_	
6	از	از	از	_	_	
7	فرار	فرار	فرار	_	_	
8	از	از	از	_	_	
9	کشتی	کشت	کشتی	_	_	
10	آلمان‌ها	آلمان	آلمان	_	_	
11	،	،	،	_	_	
12	زمانی	زمان	زمان	_	_	
13	تصویری	تصویر	تصویر	_	_	
14	زنده	زنده	زنده	_	_	
15	و	و	و	_	_	
16	،	،	،	_	_	
17	که	که	که	_	_	
18	گرمازده	گرمازده	گرمازده	_	_	
19	و	و	و	_	_	
20	پریشان	پر	پریشان	_	_	
21	در	در	در	_	_	
22	قایق	قایق	قایق	_	_	
23	روباز	روباز	روباز	_	_	
24	خود	خود	خود	_	_	
25	افتاده‌بودم	افتاده‌بود	افتاده‌بودم	_	_	
26	دچارش	دچار	دچار	_	_	
27	شده‌بودم	شده‌بود	شده‌بودم	_	_	
28	؟	؟	؟	_	_	
						
0	این	این	این	_	_	
1	را	را	را	_	_	
2	از	از	از	_	_	
3	خود	خود	خود	_	_	
4	می‌پرسم	می‌پرس	پرسید#پرس	_	_	
5	و	و	و	_	_	
6	هر	هر	هر	_	_	
7	بار	بار	بار	_	_	
8	در	در	در	_	_	
9	پاسخ	پاسخ	پاسخ	_	_	
10	هولناک	هولناک	هولناک	_	_	
11	پیش	پ	پیش	_	_	
12	چشمانم	چشمان	چشمانم	_	_	
13	می‌دود	می‌دود	دوید#دو	_	_	
14	.	.	.	_	_	
						
0	نمی‌توانم	نمی‌توان	توانست#توان	_	_	
1	به	به	به	_	_	
2	دریای	دریا	دریا	_	_	
3	پرعمق	پرعمق	پرعمق	_	_	
4	بیاندیشم	بیاند	بیاندیشم	_	_	
5	و	و	و	_	_	
6	از	از	از	_	_	
7	فکر	فکر	فکر	_	_	
8	موجودات	موجود	موجودات	_	_	
9	بی‌نامی	بی‌نام	بی‌نام	_	_	
10	که	که	که	_	_	
11	شاید	شاید	شاید	_	_	
12	همین	همین	همین	_	_	
13	لحظه	لحظه	لحظه	_	_	
14	در	در	در	_	_	
15	بستر	بس	بستر	_	_	
16	لزج	لزج	لزج	_	_	
17	آن	آن	آن	_	_	
18	بت‌های	بت	بت	_	_	
19	باستانی	باستان	باستانی	_	_	
20	سنگیشان	سنگ	سنگ	_	_	
21	را	را	را	_	_	
22	می‌پرستند	می‌پرستند	می‌پرستند	_	_	
23	و	و	و	_	_	
24	تصویر	تصویر	تصویر	_	_	
25	خود	خود	خود	_	_	
26	را	را	را	_	_	
27	بر	بر	بر	_	_	
28	ستون‌های	ستون	ستون	_	_	
29	ساخته	ساخته	ساخته	_	_	
30	از	از	از	_	_	
31	گرانیت	گران	گرانیت	_	_	
32	نم‌کشیده‌ی	نم‌کشیده	نم‌کشیده‌ی	_	_	
33	زیر	زیر	زیر	_	_	
34	دریا	دریا	دریا	_	_	
35	می‌تراشند	می‌تراشند	می‌تراشند	_	_	
36	بر	بر	بر	_	_	
37	،	،	،	_	_	
38	می‌خزند	می‌خزند	می‌خزند	_	_	
39	خود	خود	خود	_	_	
40	نلرزم	نلرز	لرزید#لرز	_	_	
41	.	.	.	_	_	
						
0	در	در	در	_	_	
1	رویاهایم	رویا	رویاهایم	_	_	
2	روزی	روز	روز	_	_	
3	را	را	را	_	_	
4	می‌بینم	می‌بین	دید#بین	_	_	
5	که	که	که	_	_	
6	آنها	آن	آن	_	_	
7	از	از	از	_	_	
8	سطح	سطح	سطح	_	_	
9	آب‌ها	آب	آب	_	_	
10	بالا	بالا	بالا	_	_	
11	می‌آیند	می‌آیند	آمد#آ	_	_	
12	تا	تا	تا	_	_	
13	با	با	با	_	_	
14	پنجه‌های	پنجه	پنجه	_	_	
15	بویناکشان	بویناک	بویناکشان	_	_	
16	،	،	،	_	_	
17	بازمانده‌های	بازمانده	بازمانده	_	_	
18	بشری	بشر	بشر	_	_	
19	حقیر	حقیر	حقیر	_	_	
20	و	و	و	_	_	
21	خسته	خسته	خسته	_	_	
22	از	از	از	_	_	
23	جنگ	جنگ	جنگ	_	_	
24	را	را	را	_	_	
25	با	با	با	_	_	
26	خود	خود	خود	_	_	
27	به	به	به	_	_	
28	زیر	زیر	زیر	_	_	
29	بکشند	بکشند	کشید#کش	_	_	
30	.	.	.	_	_	
						
0	رویای	رویا	رویای	_	_	
1	روزی	روز	روز	_	_	
2	را	را	را	_	_	
3	که	که	که	_	_	
4	زمین	زمین	زمین	_	_	
5	سر	سر	سر	_	_	
6	به	به	به	_	_	
7	سر	سر	سر	_	_	
8	غرق	غرق	غرق	_	_	
9	خواهدشد	خواهدشد	خواهدشد	_	_	
10	،	،	،	_	_	
11	و	و	و	_	_	
12	کف	کف	کف	_	_	
13	تاریک	تاریک	تاریک	_	_	
14	اقیانوس	اقیانوس	اقیانوس	_	_	
15	در	در	در	_	_	
16	میانه‌ی	میانه	میانه	_	_	
17	آن	آن	آن	_	_	
18	آشوب	آشوب	آشوب	_	_	
19	جهانی	جهان	جهانی	_	_	
20	فراز	فراز	فراز	_	_	
21	خواهد‌آمد	خواهد‌آمد	خواهد‌آمد	_	_	
22	.	.	.	_	_	
						
0	پایان	پا	پایان	_	_	
1	کار	کار	کار	_	_	
2	نزدیک	نزدیک	نزدیک	_	_	
3	است	اس	#است	_	_	
4	.	.	.	_	_	
						
0	از	از	از	_	_	
1	سوی	سو	سو	_	_	
2	در	در	در	_	_	
3	صدایی	صدا	صدا	_	_	
4	می‌شنوم	می‌شنو	شنید#شنو	_	_	
5	،	،	،	_	_	
6	تو	تو	تو	_	_	
7	گویی	گو	گفت#گو	_	_	
8	که	که	که	_	_	
9	جسمی	جسم	جسم	_	_	
10	لغزان	لغز	لغزان	_	_	
11	و	و	و	_	_	
12	لزج	لزج	لزج	_	_	
13	خود	خود	خود	_	_	
14	را	را	را	_	_	
15	به	به	به	_	_	
16	آن	آن	آن	_	_	
17	می‌کوبد	می‌کوبد	می‌کوبد	_	_	
18	.	.	.	_	_	
						
0	نباید	نباید	نباید	_	_	
1	مرا	مرا	مرا	_	_	
2	بیابد	بیابد	یافت#یاب	_	_	
3	.	.	.	_	_	
						
0	خدایا	خدایا	خدایا	_	_	
1	،	،	،	_	_	
2	آن	آن	آن	_	_	
3	دست	دس	دست	_	_	
4	!	!	!	_	_	
						
0	پنجره	پنجره	پنجره	_	_	
1	!	!	!	_	_	
						
0	پنجره	پنجره	پنجره	_	_	
1	!	!	!	_	_	
						
0	پوریا	پوریا	پوریا	_	_	
1	-	-	-	_	_	
2	لوبیا	لوبیا	لوبیا	_	_	
3	-	-	-	_	_	
4	مهوش	مهو	مهوش	_	_	
						
0	داستان	داس	داستان	_	_	
1	کوتاه	کوتاه	کوتاه	_	_	
2	داگون	داگون	داگون	_	_	
3	-	-	-	_	_	
4	اثر	اثر	اثر	_	_	
5	هوارد	هوارد	هوارد	_	_	
6	فیلیپس	فیلیپس	فیلیپس	_	_	
7	لاوکرفت	لاوکرف	لاوکرفت	_	_	
8	-	-	-	_	_	
9	مترجم	مترج	مترجم	_	_	
10	بهداد	بهداد	بهداد	_	_	
11	احمدی	احمد	احمدی	_	_	
						
						
						
