۰	استهزاء	استهزا	استهزا	استهزا		
۱	و	و	و	و		
۲	مسخره‌	مسخره‌	مسخره	مسخره		
۳	کردن	‌کردن	‌کردن	‌کردن		
۴	دیگران	دیگران	دیگر	دیگر		
۵	موجب	موجب	موجب	موجب		
۶	ایجاد	ایجاد	ایجاد	ایجاد		
۷	کدورت	کدورت	کدور	کدورت		
۸	بین	بین	بین	بین		
۹	افراد	افراد	افراد	افراد		
۱۰	می شود	می‌شود	می‌شود	شد#شو		
۱۱	.	.	.	.		
						
۰	تهاتر	تهاتر	ت	تهاتر		
۱	فقط	فقط	فقط	فقط		
۲	در	در	در	در		
۳	مورد	مورد	مورد	مورد		
۴	دو	دو	دو	دو		
۵	دِیني	دینی	دین	دین		
۶	حاصل	حاصل	حاصل	حاصل		
۷	می شود	می‌شود	می‌شود	شد#شو		
						
۰	که	که	که	که		
۱	موضوع	موضوع	موضوع	موضوع		
۲	یکساني	یکسانی	یکسان	یکسان		
۳	داشته باشند	داشته‌باشد	داشته‌باشد	داشته‌باشد		
۴	.	.	.	.		
						
.	کاپتان	کاپتان	کاپ	کاپ		
۱	کشتی	کشتی	کشت	کشتی		
۲	جنگی	جنگی	جنگ	جنگی		
۳	دستور	دستور	دستور	دستور		
۴	عقب نشینی	عقب‌نشینی	عقب‌نشین	عقب‌نشینی		
۵	کردن‌	کردن‌	کردن	کردن		
۶	را	را	را	را		
۷	صادر	صادر	صادر	صادر		
۸	کرد	کرد	کرد	کرد#کن		
۹	.	.	.	.		
						
۰	هرگاه	هرگاه	هرگاه	هرگاه		
۱	موصي	موصی	موص	موصی		
۲	پس	پس	پس	پس		
۳	از	از	از	از		
۴	انشاء	انشا	انشا	انشا		
۵	وصیت نامه	وصیت‌نامه	وصیت‌نامه	وصیت‌نامه		
۶	محجور	محجور	محجور	محجور		
۷	شود	شود	شود	شد#شو		
						
۰	وصیت	وصیت	وص	وصیت		
۱	از	از	از	از		
۲	بین	بین	بین	بین		
۳	نمی رود	نمی‌رود	نمی‌رود	رفت#رو		
۴	.	.	.	.		
						
۰	توران	توران	تور	توران		
۱	و	و	و	و		
۲	ایران	ایران	ایر	ایران		
۳	سال یان	سالیان	سال	سال		
۴	دراز	دراز	دراز	دراز		
۵	با	با	با	با		
۶	یکدیگر	یکدیگر	یکدیگر	یکدیگر		
۷	به	به	به	به		
۸	جنگ	جنگ	جنگ	جنگ		
۹	می پرداختند	می‌پرداختند	می‌پرداختند	پرداخت#پرداز		
۱۰	.	.	.	.		
						
۰	زردگوش	زردگوش	زردگو	زردگوش		
۱	کنایه	کنایه	کنایه	کنایه		
۲	از	از	از	از		
۳	انسان	انسان	انس	انسان		
۴	منافق	منافق	منافق	منافق		
۵	مفسده	مفسد	مفسد	مفسد		
۶	و	و	و	و		
۷	بیکاره	بیکار	بیکار	بیکار		
۸	است	است	اس	#است		
۹	.	.	.	.		
						
۰	خنبانیدن	خنبانیدن	خنبانیدن	خنبانیدن		
۱	تقلیدکردن	تقلیدکردن	تقلیدکردن	تقلیدکردن		
۲	حرکات	حرکات	حرک	حرکات		
۳	و	و	و	و		
۴	سکنات	سکنات	سکن	سکنات		
۵	کسی	کسی	کس	کس		
۶	از	از	از	از		
۷	روی	روی	رو	روی		
۸	ریشخند	ریشخند	ریشخند	ریشخند		
۹	می باشد	می‌باشد	می‌باشد	بود#باش		
۱۰	.	.	.	.		
						
۰	خنده	خنده	خنده	خنده		
۱	بر	بر	بر	بر		
۲	هر	هر	هر	هر		
۳	درد	درد	درد	درد		
۴	بی درمان	بی‌درمان	بی‌در	بی‌درمان		
۵	دواست	دواست	دواس	دواست		
						
۰	از	از	از	از		
۱	عملکرد	عملکرد	عملکرد	عملکرد		
۲	دانشجویان	دانشجویان	دانشجو	دانشجو		
۳	راضی‌ام	راضی‌ام	راضی	راضی		
۴	.	.	.	.		
						
۰	کودکان	کودکان	کودک	کودک		
۱	بازی	بازی	باز	بازی		
۲	با	با	با	با		
۳	بادبادك	بادبادک	بادبادک	بادبادک		
۴	را	را	را	را		
۵	خیلي	خیلی	خیل	خیلی		
۶	دوست	دوست	دوس	دوست		
۷	دارند	دارند	دارند	داشت#دار		
۸	.	.	.	.		
						
۰	معلمین	معلمین	معلمین	معلمین		
۱	با	با	با	با		
۲	فِراست	فراست	فراس	فراست		
۳	خود	خود	خود	خود		
۴	توانستند	توانستند	توانستند	توانست#توان		
۵	مشکلاة	مشکلات	مشکل	مشکلات		
۶	دانش‌آموزان	دانش‌اموزان	دانش‌اموز	دانش‌اموزان		
۷	را	را	را	را		
۸	حل‌کنند	حل‌کنند	حل‌کنند	حل‌کنند		
۹	.	.	.	.		
						
۰	نگران	نگران	نگر	نگران		
۱	نباش	نباش	نبا	بود#باش		
۲	...!؟	...!؟	...!؟	...!؟		
						
۰	بنده	بنده	بنده	بنده		
۱	هم‌آن	همان	ه	همان		
۲	به	به	به	به		
۳	که	که	که	که		
۴	ز	ز	ز	ز		
۵	تقصیر	تقصیر	تقصیر	تقصیر		
۶	خویش	خویش	خو	خویش		
۷	شکر	شکر	شکر	شکر		
۸	به	به	به	به		
۹	درگاه	درگاه	درگاه	درگاه		
۱۰	خدا	خدا	خدا	خدا		
۱۱	آورد	آورد	آورد	آورد#آور		
۱۲	.	.	.	.		
						
۰	خنده	خنده	خنده	خنده		
۱	حالتی	حالتی	حالت	حالت		
۲	در	در	در	در		
۳	چهرۀ	چهره‌ی	چهره	چهره		
۴	انسان	انسان	انس	انسان		
۵	به واسطۀ	بواسطه‌ی	بواسطه	بواسطه‌ی		
۶	شعف	شعف	شعف	شعف		
۷	خوشحالی	خوشحالی	خوشحال	خوشحال		
۸	یا	یا	یا	یا		
۹	تمسخر	تمسخر	تمسخر	تمسخر		
۱۰	که	که	که	که		
۱۱	در	در	در	در		
۱۲	آن	آن	آن	آن		
۱۳	لب‌ها	لب‌ها	لب	لب		
۱۴	گشوده	گشوده	گشوده	گشوده		
۱۵	می گردد	می‌گردد	می‌گردد	گشت#گرد		
						
۰	و	و	و	و		
۱	گاه	گاه	گاه	گاه		
۲	با	با	با	با		
۳	صدای	صدای	صدا	صدا		
۴	مخصوصي	مخصوص	مخصوص	مخصوص		
۵	همراه	همراه	همراه	همراه		
۶	است	است	اس	#است		
۷	.	.	.	.		
						
۰	اَبَرنواختر	ابرنواختر	ابرنواخ	ابرنواختر		
۱	ام-۸۹	ام۸۹	ام۸۹	ام۸۹		
۲	یکی	یکی	یک	یک		
۳	از	از	از	از		
۴	انواع	انواع	انواع	انواع		
۵	اجرام	اجرام	اجرا	اجرام		
۶	مسیه	مسیه	مسیه	مسیه		
۷	است	است	اس	#است		
۸	.	.	.	.		
						
۰	شادروان	شادروان	شادرو	شادروان		
۱	هرگز	هرگز	هرگز	هرگز		
۲	چیزی	چیزی	چیز	چیز		
۳	به	به	به	به		
۴	عاریة	عاریه	عاریه	عاریه		
۵	نگرفته بود	نگرفته‌بود	نگرفته‌بود	نگرفته‌بود		
						
۰	دخترك	دخترک	دخترک	دخترک		
۱	کبریت	کبریت	کبر	کبریت		
۲	فروش	فروش	فرو	فروش		
۳	از	از	از	از		
۴	شدّت	شدت	شد	شدت		
۵	سرما	سرما	سرما	سرما		
۶	چیزی	چیزی	چیز	چیز		
۷	را	را	را	را		
۸	احساس	احساس	احساس	احساس		
۹	نمی‌کرد	نمی‌کرد	نمی‌کرد	کرد#کن		
۱۰	;	;	;	;		
						
۰	نیست	نیست	نیس	نیست		
۱	بر	بر	بر	بر		
۲	ناله ی	ناله‌ی	ناله	ناله		
۳	افسرده‌دمان	افسرده‌دمان	افسرده‌د	افسرده‌دمان		
۴	گوش	گوش	گو	گوش		
۵	مرا	مرا	مرا	مرا		
۶	بلبلی	بلبلي	بلبلي	بلبلي		
۷	کو	کو	کو	کو		
۸	که	که	که	که		
۹	صفیرش	صفیرش	صفیر	صفیر		
۱۰	بَرَد	برد	برد	برد		
۱۱	از	از	از	از		
۱۲	هوش	هوش	هو	هوش		
۱۳	مرا	مرا	مرا	مرا		
						
۰	واخواست	واخواست	واخواس	واخواست		
۱	امتنا	امتنا	امتنا	امتنا		
۲	از	از	از	از		
۳	قبول	قبول	قبول	قبول		
۴	یا	یا	یا	یا		
۵	نکول	نکول	نکول	نکول		
۶	اعتراضی	اعتراضی	اعتراض	اعتراض		
۷	است	است	اس	#است		
						
۰	که	که	که	که		
۱	بر	بر	بر	بر		
۲	اثر	اثر	اثر	اثر		
۳	خودداری	خودداری	خوددار	خوددار		
۴	از	از	از	از		
۵	نوشتن	نوشتن	نوشتن	نوشتن		
۶	از	از	از	از		
۷	طرف	طرف	طرف	طرف		
۸	تأدیه	تادیه	تادیه	تادیه		
۹	کننده‌ی	کننده‌ی	کننده	کننده		
۱۰	برات	برات	بر	برات		
۱۱	اتفاق	اتفاق	اتفاق	اتفاق		
۱۲	میافتد	می‌افتد	می‌افتد	افتاد#افت		
۱۳	.	.	.	.		
						
۰	فرش	فرش	فر	فرش		
۱	دستباف	دستباف	دستباف	دستباف		
۲	طرح	طرح	طرح	طرح		
۳	نامی	نامی	نام	نامی		
۴	یکی	یکی	یک	یک		
۵	از	از	از	از		
۶	طرحهاي	طرحهای	طرح	طرح		
۷	معروف	معروف	معروف	معروف		
۸	در	در	در	در		
۹	این	این	این	این		
۱۰	حوزه	حوزه	حوزه	حوزه		
۱۱	می باشد	می‌باشد	می‌باشد	بود#باش		
						
۰	دیوان	دیوان	دیو	دیوان		
۱	بین‌المللي	بین‌المللی	بین‌الملل	بین‌المللی		
۲	لاهه	لاهه	لاهه	لاهه		
۳	به	به	به	به		
۴	شکایة	شکایت	شکا	شکایت		
۵	کشورهای	کشورهای	کشور	کشور		
۶	در	در	در	در		
۷	حال	حال	حال	حال		
۸	توسعه	توسعه	توسعه	توسعه		
۹	و	و	و	و		
۱۰	توسعه‌یافته	توسعه‌یافته	توسعه‌یافته	توسعه‌یافته		
۱۱	می پردازد	می‌پردازد	می‌پردازد	پرداخت#پرداز		
						
۰	امواج	امواج	امواج	امواج		
۱	رادیواکتیو	رادیواکتیو	رادیواکتیو	رادیواکتیو		
۲	را	را	را	را		
۳	می توان	می‌توان	می‌تو	می‌توان		
۴	در	در	در	در		
۵	بسیاری	بسیاری	بسیار	بسیار		
۶	از	از	از	از		
۷	مصارف	مصارف	مصارف	مصارف		
۸	پزشکی	پزشکی	پزشک	پزشک		
۹	استفاده‌	استفاده‌	استفاده	استفاده		
۱۰	کرد	کرد	کرد	کرد#کن		
۱۱	.	.	.	.		
						
۰	آراء	آرا	آرا	آرا		
۱	مأخوذة	ماخوذ	ماخوذ	ماخوذ		
۲	تعیین‌کننده‌ی	تعیین‌کننده‌ی	تعیین‌کننده	تعیین‌کننده		
۳	رجال	رجال	رجال	رجال		
۴	سیاسی	سیاسی	سیاس	سیاسی		
۵	است	است	اس	#است		
						
۰	مناظر	مناظر	مناظر	مناظر		
۱	بکر	بکر	بکر	بکر		
۲	جزایر	جزایر	جزایر	جزایر		
۳	جنوب	جنوب	جنوب	جنوب		
۴	موضوع	موضوع	موضوع	موضوع		
۵	تصاویر	تصاویر	تصاویر	تصاویر		
۶	گرفته شده	گرفته‌شده	گرفته‌شده	گرفته‌شده		
۷	توسط	توسط	توسط	توسط		
۸	عکاسان	عکاسان	عکاس	عکاس		
۹	حرفه ای	حرفه‌ای	حرفه	حرفه‌ای		
۱۰	بود	بود	بود	بود#باش		
۱۱	.	.	.	.		
						
۰	ادبا	ادبا	ادبا	ادبا		
۱	به	به	به	به		
۲	نقد	نقد	نقد	نقد		
۳	آثار	آثار	آثار	آثار		
۴	ادبی	ادبی	ادب	ادب		
۵	وی	وی	و	وی		
۶	پرداختند	پرداختند	پرداختند	پرداخت#پرداز		
						
۰	ائمه‌ی	ائمه‌ی	ائمه	ائمه		
۱	جمعه	جمعه	جمعه	جمعه		
۲	توسط	توسط	توسط	توسط		
۳	بنیانگذار	بنیانگذار	بنیانگذار	بنیانگذار		
۴	جمهوری	جمهوری	جمهور	جمهوری		
۵	اسلامی	اسلامی	اسلام	اسلام		
۶	ایران	ایران	ایر	ایران		
۷	انتخاب	انتخاب	انتخاب	انتخاب		
۸	‌شدند	‌شدند	‌شدند	‌شدند		
۹	.	.	.	.		
						
۰	معابد	معابد	معابد	معابد		
۱	و	و	و	و		
۲	مساجد	مساجد	مساجد	مساجد		
۳	اماکن	اماکن	اماکن	اماکن		
۴	مقدّسی	مقدسی	مقدس	مقدس		
۵	هستند	هستند	هستند	#هست		
۶	.	.	.	.		
						
۰	که	که	که	که		
۱	مفاهیم	مفاهیم	مفاه	مفاهیم		
۲	و	و	و	و		
۳	رموز	رموز	رموز	رموز		
۴	معنوی	معنوی	معنو	معنوی		
۵	را	را	را	را		
۶	به	به	به	به		
۷	مردم	مردم	مرد	مردم		
۸	منتقل	منتقل	منتقل	منتقل		
۹	می‌کنند	می‌کنند	می‌کنند	کرد#کن		
۱۰	.	.	.	.		
						
۰	حقایق	حقایق	حقایق	حقایق		
۱	عقاید	عقاید	عقاید	عقاید		
۲	فقهای	فقهای	فق	فقهای		
۳	پیشین	پیشین	پیشین	پیشین		
۴	بر	بر	بر	بر		
۵	ما	ما	ما	ما		
۶	پوشیده‌است	پوشیده‌است	پوشیده‌اس	پوشیده‌است		
۷	.	.	.	.		
						
۰	اسامی	اسامی	اسام	اسامی		
۱	اسرای	اسرای	اسرا	اسرا		
۲	تحت	تحت	تح	تحت		
۳	امر	امر	امر	امر		
۴	امیر	امیر	امیر	امیر		
۵	اعلام‌	اعلام	اعلا	اعلام		
۶	شدند	شدند	شدند	شد#شو		
۷	.	.	.	.		
						
۰	پاکروان	پاکروان	پاکرو	پاکروان		
۱	کسی	کسی	کس	کس		
۲	است	است	اس	#است		
						
۰	که	که	که	که		
۱	روان	روان	رو	روان		
۲	پاکی	پاکی	پاک	پاک		
۳	داشته‌باشد	داشته‌باشد	داشته‌باشد	داشته‌باشد		
						
۰	پرندگان	پرندگان	پرندگ	پرندگان		
۱	مهاجر	مهاجر	مهاجر	مهاجر		
۲	همچون	همچون	همچون	همچون		
۳	آزادگان	آزادگان	آزادگ	آزادگان		
۴	به	به	به	به		
۵	مرغزار	مرغزار	مرغزار	مرغزار		
۶	بازگشتند	بازگشتند	بازگشتند	بازگشتند		
۷	.	.	.	.		
						
۰	آیا	آیا	آیا	آیا		
۱	مسئولین	مسئولین	مسئولین	مسئولین		
۲	می‌توانند	می‌توانند	می‌توانند	توانست#توان		
۳	شایستگیشان	شایستگیشان	شایستگ	شایستگیشان		
۴	را	را	را	را		
۵	نشان	نشان	ن	نشان		
۶	دهند	دهند	دهند	داد#ده		
۷	.	.	.	.		
						
۰	و	و	و	و		
۱	مسئولیت	مسئولیت	مسئول	مسئولیت		
۲	تصمیمات	تصمیمات	تصم	تصمیمات		
۳	خود	خود	خود	خود		
۴	را	را	را	را		
۵	بر	بر	بر	بر		
۶	عهده	عهده	عهده	عهده		
۷	بگیرند	بگیرند	بگیرند	گرفت#گیر		
۸	.	.	.	.		
						
۰	سبزیجات	سبزیجات	سبزیج	سبزیجات		
۱	و	و	و	و		
۲	صیفیجات	صیفیجات	صیفیج	صیفیجات		
۳	در	در	در	در		
۴	کنار	کنار	کنار	کنار		
۵	نشاسته	نشاسته	نشاسته	نشاسته		
۶	و	و	و	و		
۷	غلات	غلات	غل	غلات		
۸	باید	باید	باید	باید		
۹	در	در	در	در		
۱۰	رژیم	رژیم	رژ	رژیم		
۱۱	غذایی	غذایی	غذا	غذا		
۱۲	در	در	در	در		
۱۳	نظر	نظر	نظر	نظر		
۱۴	گرفته	گرفته	گرفته	گرفته		
۱۵	شود	شود	شود	شد#شو		
۱۶	.	.	.	.		
						
۰	آیندگان	آیندگان	آیندگ	آیندگان		
۱	نیز	نیز	نیز	نیز		
۲	همانند	همانند	همانند	همانند		
۳	گذشتگان	گذشتگان	گذشتگ	گذشتگان		
۴	با	با	با	با		
۵	چالش‌های	چالش‌های	چالش	چالش		
۶	فراوانی	فراوانی	فراوان	فراوان		
۷	دست	دست	دس	دست		
۸	و	و	و	و		
۹	پنجه	پنجه	پنجه	پنجه		
۱۰	نرم	نرم	نر	نرم		
۱۱	خواهند کرد	خواهند‌کرد	خواهند‌کرد	خواهند‌کرد		
						
۰	دبیرستان	دبیرستان	دبیرس	دبیرستان		
۱	شایستگان	شایستگان	شایستگ	شایستگان		
۲	یکی	یکی	یک	یک		
۳	از	از	از	از		
۴	مدارس	مدارس	مدارس	مدارس		
۵	غیرانتفاعی	غیرانتفاعی	غیرانتفاع	غیرانتفاعی		
۶	است	است	اس	#است		
						
۰	که	که	که	که		
۱	در	در	در	در		
۲	حوزه های	حوزه‌های	حوزه	حوزه		
۳	علوم	علوم	علو	علوم		
۴	انسانی	انسانی	انسان	انسان		
۵	ریاضیات	ریاضیات	ریاض	ریاضیات		
۶	و	و	و	و		
۷	علوم	علوم	علو	علوم		
۸	تجربی	تجربی	تجرب	تجربی		
۹	به	به	به	به		
۱۰	تعلیم	تعلیم	تعل	تعلیم		
۱۱	و	و	و	و		
۱۲	تربیت	تربیت	ترب	تربیت		
۱۳	دانش‌آموزان	دانش‌آموزان	دانش‌آموز	دانش‌آموز		
۱۴	می پردازد	می‌پردازد	می‌پردازد	پرداخت#پرداز		
						
۰	آزادگی	آزادگی	آزادگ	آزادگی		
۱	و	و	و	و		
۲	آزاد‌منشی	آزاد‌منشی	آزاد‌منش	آزاد‌منشی		
۳	از	از	از	از		
۴	ویژگیهای	ویژگی‌های	ویژگی	ویژگی		
۵	اصلی	اصلی	اصل	اصل		
۶	و	و	و	و		
۷	شاخص	شاخص	شاخص	شاخص		
۸	امامان	امامان	اما	اما		
۹	بود	بود	بود	بود#باش		
۱۰	.	.	.	.		
						
۰	امروزه	امروزه	امروزه	امروزه		
۱	الگوریتم‌های	الگوریتم‌های	الگوریتم	الگوریتم		
۲	فراابتکاری	فراابتکاری	فراابتکار	فراابتکاری		
۳	نقش	نقش	نق	نقش		
۴	مهمی	مهمی	مهم	مهم		
۵	در	در	در	در		
۶	حل	حل	حل	حل		
۷	مسائل	مسائل	مسائل	مسائل		
۸	بهینه سازی	بهینه‌سازی	بهینه‌ساز	بهینه‌سازی		
۹	چند‌هدفه	چند‌هدفه	چند‌هدفه	چند‌هدفه		
۱۰	دارند	دارند	دارند	داشت#دار		
۱۱	.	.	.	.		
						
۰	بادکنک	بادکنک	بادکنک	بادکنک		
۱	بوسیله‌ی	بوسیله‌ی	بوسیله	بوسیله‌ی		
۲	گاز	گاز	گاز	گاز		
۳	هلیوم	هلیوم	هلیو	هلیوم		
۴	پرشده	پرشده	پرشده	پرشده		
۵	بود	بود	بود	بود#باش		
						
۰	بادبادکرانی	بادبادکرانی	بادبادکران	بادبادکرانی		
۱	و	و	و	و		
۲	قایقرانی	قایقرانی	قایقران	قایقران		
۳	شغل	شغل	شغل	شغل		
۴	جالبیست	جالبیست	جالبیس	جالبیست		
۵	.	.	.	.		
						
۰	که	که	که	که		
۱	نیاز	نیاز	نیاز	نیاز		
۲	به	به	به	به		
۳	مهارت‌های	مهارت‌های	مهارت	مهارت		
۴	خاص	خاص	خاص	خاص		
۵	خود	خود	خود	خود		
۶	را	را	را	را		
۷	دارند	دارند	دارند	داشت#دار		
۸	.	.	.	.		
						
۰	شنوندگان	شنوندگان	شنوندگ	شنوندگان		
۱	و	و	و	و		
۲	بینندگان	بینندگان	بینندگ	بینندگان		
۳	این	این	این	این		
۴	برنامه	برنامه	برنامه	برنامه		
۵	گروه	گروه	گروه	گروه		
۶	سنی	سنی	سن	سنی		
۷	خاصی	خاصی	خاص	خاص		
۸	هستند	هستند	هستند	#هست		
۹	.	.	.	.		
						
۰	فعالیت‌های	فعالیت‌های	فعالیت	فعالیت		
۱	مرکز	مرکز	مرکز	مرکز		
۲	مذاهب	مذاهب	مذاهب	مذاهب		
۳	اسلامی	اسلامی	اسلام	اسلام		
۴	در	در	در	در		
۵	شانگهای	شانگهای	شانگ	شانگهای		
۶	به	به	به	به		
۷	جویندگان	جویندگان	جویندگ	جویندگان		
۸	اسلام	اسلام	اسلا	اسلام		
۹	معرفی	معرفی	معرف	معرف		
۱۰	شد	شد	شد	شد#شو		
۱۱	.	.	.	.		
						
۰	مقالات	مقالات	مقال	مقالات		
۱	و	و	و	و		
۲	تحقیقات	تحقیقات	تحقیق	تحقیقات		
۳	بسیاری	بسیاری	بسیار	بسیار		
۴	برای	برای	برا	برای		
۵	پیشگیری	پیشگیری	پیشگیر	پیشگیر		
۶	از	از	از	از		
۷	بیماری‌های	بیماری‌های	بیماری	بیماری‌های		
۸	عفونی	عفونی	عفون	عفونی		
۹	و	و	و	و		
۱۰	باکتریایی	باکتریایی	باکتریا	باکتریایی		
۱۱	ارائه	ارائه	ارائه	ارائه		
۱۲	شده‌است	شده‌است	شده‌اس	شده‌است		
۱۳	.	.	.	.		
						
۰	پاکستان	پاکستان	پاکس	پاکستان		
۱	و	و	و	و		
۲	افغانستان	افغانستان	افغانس	افغانستان		
۳	کشورهای	کشورهای	کشور	کشور		
۴	همسایه‌ی	همسایه‌ی	همسایه	همسایه		
۵	شرقی	شرقی	شرق	شرق		
۶	ایران	ایران	ایر	ایران		
۷	هستند	هستند	هستند	#هست		
						
۰	که	که	که	که		
۱	تضاد	تضاد	تضاد	تضاد		
۲	منافع	منافع	منافع	منافع		
۳	با	با	با	با		
۴	یکدیگر	یکدیگر	یکدیگر	یکدیگر		
۵	دارد	دارد	دارد	داشت#دار		
۶	.	.	.	.		
						
۰	فاطمه	فاطمه	فاطمه	فاطمه		
۱	مراعات	مراعات	مراع	مراعات		
۲	حضور	حضور	حضور	حضور		
۳	مادرش	مادرش	مادر	مادر		
۴	را	را	را	را		
۵	نمی کرد	نمی‌کرد	نمی‌کرد	کرد#کن		
۶	.	.	.	.		
						
۰	یکی	یکی	یک	یک		
۱	از	از	از	از		
۲	آرایه های	آرایه‌های	آرایه	آرایه		
۳	ادبی	ادبی	ادب	ادب		
۴	مراعات	مراعات	مراع	مراعات		
۵	نظیر	نظیر	نظیر	نظیر		
۶	است	است	اس	#است		
۷	.	.	.	.		
						
۰	کلان	کلان	کل	کلان		
۱	شهر	شهر	شهر	شهر		
۲	اصفهان	اصفهان	اصفه	اصفهان		
۳	مشکلات	مشکلات	مشکل	مشکلات		
۴	و	و	و	و		
۵	معضلات	معضلات	معضل	معضلات		
۶	خود	خود	خود	خود		
۷	را	را	را	را		
۸	دارد	دارد	دارد	داشت#دار		
۹	.	.	.	.		
						
۰	هان	هان	ه	هان		
۱	ای	ای	ا	ای		
۲	پسر	پسر	پسر	پسر		
۳	!	!	!	!		
						
۰	مکان	مکان	مک	مکان		
۱	تاریک	تاریک	تاریک	تاریک		
۲	جای	جای	جا	جای		
۳	خوبی	خوبی	خوب	خوبی		
۴	برای	برای	برا	برای		
۵	رشد	رشد	رشد	رشد		
۶	باکتری ها	باکتری‌ها	باکتری	باکتری		
۷	است	است	اس	#است		
۸	.	.	.	.		
						
۰	زمان	زمان	ز	زمان		
۱	بازی	بازی	باز	بازی		
۲	فوتبال	فوتبال	فوتبال	فوتبال		
۳	بارسلونا	بارسلونا	بارسلونا	بارسلونا		
۴	و	و	و	و		
۵	رئال مادرید	رئال‌مادرید	رئال‌مادرید	رئال‌مادرید		
۶	ساعت	ساعت	ساع	ساعت		
۷	۲۰	۲۰	۲۰	۲۰		
۸	روز	روز	روز	روز		
۹	هجدهم	هجدهم	هجده	هجدهم		
۱۰	آبان	آبان	آب	آبان		
۱۱	است	است	اس	#است		
۱۲	.	.	.	.		
						
۰	طاووس	طاووس	طاووس	طاووس		
۱	خرامان	خرامان	خرا	خرامان		
۲	،	،	،	،		
۳	خرامان	خرامان	خرا	خرامان		
۴	راه	راه	راه	راه		
۵	می رود	می‌رود	می‌رود	رفت#رو		
۶	.	.	.	.		
						
۰	همه ی	همه‌ی	همه	همه		
۱	شهرها	شهرها	شهر	شهر		
۲	یک	یک	یک	یک		
۳	میدان	میدان	مید	میدان		
۴	به	به	به	به		
۵	نام	نام	نا	نام		
۶	آزادی	آزادی	آزاد	آزاد		
۷	دارند	دارند	دارند	داشت#دار		
۸	.	.	.	.		
						
۰	علی	علی	عل	علی		
۱	دوان	دوان	دو	دوان		
۲	دوان	دوان	دو	دوان		
۳	گریان	گریان	گر	گریان		
۴	و	و	و	و		
۵	نالان	نالان	نال	نالان		
۶	به	به	به	به		
۷	مدرسه	مدرسه	مدرسه	مدرسه		
۸	رفت	رفت	رف	رفت#رو		
۹	.	.	.	.		
						
۰	کشور	کشور	کشور	کشور		
۱	آلمان	آلمان	آل	آلمان		
۲	در	در	در	در		
۳	قاره ی	قاره‌ی	قاره	قاره		
۴	سبز	سبز	سبز	سبز		
۵	قرار	قرار	قرار	قرار		
۶	دارد	دارد	دارد	داشت#دار		
۷	.	.	.	.		
						
۰	شکوفه	شکوفه	شکوفه	شکوفه		
۱	خندان	خندان	خند	خندان		
۲	با	با	با	با		
۳	شیرینی	شیرینی	شیرین	شیرینی		
۴	وارد	وارد	وارد	وارد		
۵	شد	شد	شد	شد#شو		
۶	.	.	.	.		
						
۰	امان	امان	ا	امان		
۱	بده	بده	بده	داد#ده		
۲	!!!	!	!	!		
						
۰	امارات	امارات	امار	امارات		
۱	متحده	متحده	متحده	متحده		
۲	عربی	عربی	عرب	عرب		
۳	یکی	یکی	یک	یک		
۴	از	از	از	از		
۵	کشورهای	کشورهای	کشور	کشور		
۶	حوزه ی	حوزه‌ی	حوزه	حوزه		
۷	خلیج فارس	خلیج‌فارس	خلیج‌فارس	خلیج‌فارس		
۸	است	است	اس	#است		
۹	.	.	.	.		
						
۰	Emily	Emily	Emily	Emily		
۱	Rose	 Rose	 Rose	 Rose		
۲	در	در	در	در		
۳	سال	سال	سال	سال		
۴	۱۹۹۷	۱۹۹۷	۱۹۹۷	۱۹۹۷		
۵	جن زده شد	جن‌زده‌شد	جن‌زده‌شد	جن‌زده‌شد		
۶	.	.	.	.		
						
۰	ناودانی ها	ناودانی‌ها	ناودانی	ناودانی‌ها		
۱	از	از	از	از		
۲	آشغال	آشغال	آشغال	آشغال		
۳	پرشده بود	پرشده‌بود	پرشده‌بود	پرشده‌بود		
۴	.	.	.	.		
						
۰	نادان	نادان	ناد	نادان		
۱	همه	همه	همه	همه		
۲	را	را 	را 	را 		
۳	به	به	به	به		
۴	چشم	چشم	چ	چشم		
۵	خویش	خویش	خو	خویش		
۶	می بیند	می‌بیند	می‌بیند	دید#بین		
۷	سعید	سعید	سعید	سعید		
۸	در	در	در	در		
۹	عنفوان	عنفوان	عنفو	عنفوان		
۱۰	جوانی	جوانی	جوان	جوان		
۱۱	در گذشت	درگذشت	درگذ	درگذشت		
۱۲	.	.	.	.		
						
۰	قوری	قوری	قور	قوری		
۱	گلگلی	گلگلی	گلگل	گلگلی		
۲	شکست	شکست	شکس	شکست		
۳	در	در	در	در		
۴	این	این	این	این		
۵	دنیای	دنیای	دنیا	دنیا		
۶	وانفساء	وانفسای	وانفسا	وانفسا		
۷	...	...	...	...		
۸	حسرت زای	حسرت‌زای	حسرت‌زا	حسرت‌زای		
۹	بی فردا	بی‌فردا	بی‌فردا	بی‌فردا		
۱۰	خدایا	خدایا	خدایا	خدایا		
۱۱	عاشقان	عاشقان	عاشق	عاشق		
۱۲	را	را	را	را		
۱۳	غم	غم	غ	غم		
۱۴	مده	مده	مده	مده		
۱۵	.	.	.	.		
						
۰	نردبان	نردبان	نردب	نردبان		
۱	ترقی	ترقی	ترق	ترقی		
۲	را	را	را	را		
۳	به	به	به	به		
۴	سرعت	سرعت	سرع	سرعت		
۵	طی	طی	ط	طی		
۶	کرد	کرد	کرد	کرد#کن		
۷	.	.	.	.		
						
۰	ادبیات	ادبیات	ادب	ادبیات		
۱	پارسی	پارسی	پارس	پارس		
۲	تاریخچه ی	تاریخچه‌ی	تاریخچه	تاریخچه		
۳	دیرینه ای	دیرینه‌ای	دیرینه	دیرینه		
۴	دارد	دارد	دارد	داشت#دار		
۵	.	.	.	.		
						
۰	شهر	شهر	شهر	شهر		
۱	ابادان	آبادان	آباد	آباد		
۲	عروس	عروس	عروس	عروس		
۳	ایران	ایران	ایر	ایران		
۴	است	است	اس	#است		
۵	.	.	.	.		
						
۰	لیوان	لیوان	لیو	لیوان		
۱	پر	پر	پر	پر		
۲	از	از	از	از		
۳	چای	چای	چا	چای		
۴	شکست	شکست	شکس	شکست		
						
۰	و	و	و	و		
۱	او	او	او	او		
۲	را	را	را	را		
۳	سوزاند	سوزاند	سوزاند	سوزاند		
۴	.	.	.	.		
						
۰	واردات	واردات	وارد	واردات		
۱	و	و	و	و		
۲	صادرات	صادرات	صادر	صادرات		
۳	کشمش	کشمش	کشم	کشمش		
۴	سود	سود	سود	سود		
۵	خوبی	خوبی	خوب	خوبی		
۶	دارد	دارد	دارد	داشت#دار		
۷	.	.	.	.		
						
۰	شایان ذکر	شایان‌ذکر	شایان‌ذکر	شایان‌ذکر		
۱	است	است	اس	#است		
						
۰	که	که	که	که		
۱	رفسنجان	رفسنجان	رفسنج	رفسنجان		
۲	پسته ی	پسته‌ی	پسته	پسته		
۳	مرغوبی	مرغوبی	مرغوب	مرغوب		
۴	دارد	دارد	دارد	داشت#دار		
۵	.	.	.	.		
						
۰	باغ	باغ	باغ	باغ		
۱	بی برگی	بی‌برگی	بی‌برگ	بی‌برگ		
۲	که	که	که	که		
۳	میگوید	می‌گوید	می‌گوید	گفت#گو		
۴	که	که	که	که		
۵	زیبا	زیبا	زیبا	زیبا		
۶	نیست	نیست	نیس	نیست		
۷	.	.	.	.		
						
۰	شیروان	شیروان	شیرو	شیروان		
۱	یکی	یکی	یک	یک		
۲	از	از 	از 	از 		
۳	شهرستانهای	شهرستان‌های	شهرستان	شهرستان		
۴	کرمانشاه	کرمانشاه	کرمانشاه	کرمانشاه		
۵	است	است	اس	#است		
۶	.	.	.	.		
						
۰	آسمان	آسمان	آس	آسمان		
۱	آبی	آبی	آب	آب		
۲	زمین	زمین	زمین	زمین		
۳	پاک	پاک	پاک	پاک		
	..........	.	.	.		
						
۰	شمیران	شمیران	شمیر	شمیران		
۱	نام	نام	نا	نام		
۲	منطقه ای	منطقه‌ای	منطقه	منطقه		
۳	در	در	در	در		
۴	تهران	تهران	تهر	تهران		
۵	است	است	اس	#است		
۶	.	.	.	.		
						
۰	لیفان	لیفان	لیف	لیف		
۱	یک	یک	یک	یک		
۲	خودروی	خودروی	خودرو	خودرو		
۳	چینیست	چینیست	چینیس	چینیست		
۴	که	که	که	که		
۵	بدرد	بدرد	بدرد	بدرد		
۶	نمی خورد	نمی‌خورد	نمی‌خورد	خورد#خور		
۷	.	.	.	.		
						
۰	ما	ما	ما	ما		
۱	باید	باید	باید	باید		
۲	همواره	همواره	همواره	همواره		
۳	به دنبال	به‌دنبال	به‌دنبال	به‌دنبال		
۴	آرمان	آرمان	آر	آرمان		
۵	خود	خود	خود	خود		
۶	باشیم	باشیم	باش	بود#باش		
۷	.	.	.	.		
						
۰	خفتان	خفتان	خف	خفتان		
۱	خود	خود	خود	خود		
۲	را	را	را	را		
۳	پوشید	پوشید	پوشید	پوشید#پوش		
۴	و	و	و	و		
۵	به	به	به	به		
۶	میدان	میدان	مید	میدان		
۷	رزم	رزم	رز	رزم		
۸	رفت	رفت	رف	رفت#رو		
۹	.	.	.	.		
						
۰	ریختن	ریختن	ریختن	ریختن		
۱	زباله	زباله	زباله	زباله		
۲	در	در	در	در		
۳	دامان	دامان	دا	دامان		
۴	طبیعت	طبیعت	طبیع	طبیعت		
۵	بی فرهنگی	بی‌فرهنگی	بی‌فرهنگ	بی‌فرهنگ		
۶	است	است	اس	#است		
۷	.	.	.	.		
						
۰	فرمند	فرمند	فرمند	فرمند		
۱	یکی	یکی	یک	یک		
۲	از	از	از	از		
۳	مرغوبترین	مرغوبترین	مرغوب	مرغوب		
۴	برندها	برندها	برند	برندها		
۵	در	در	در	در		
۶	این	این	این	این		
۷	حوزه	حوزه	حوزه	حوزه		
۸	است	است	اس	#است		
۹	.	.	.	.		
						
۰	خزان	خزان	خز	خزان		
۱	فصلیست	فصلیست	فصلیس	فصلیست		
						
۰	که	که	که	که		
۱	در	در	در	در		
۲	آن	آن	آن	آن		
۳	برگ	برگ	برگ	برگ		
۴	درختان	درختان	درخ	درختان		
۵	زرد	زرد	زرد	زرد		
۶	می شود	می‌شود	می‌شود	شد#شو		
۷	.	.	.	.		
						
۰	وزیر	وزیر	وزیر	وزیر		
۱	علوم	علوم	علو	علوم		
۲	در	در	در	در		
۳	جمع	جمع	جمع	جمع		
۴	استادان	استادان	استاد	استاد		
۵	نمونه	نمونه	نمونه	نمونه		
۶	:	:	:	:		
						
۰	سن	سن	سن	سن		
۱	بازنشستگي	بازنشتگی	بازنشتگ	بازنشتگی		
۲	استادان	استادان	استاد	استاد		
۳	نمونه	استادان	استاد	استاد		
۴	به	به	به	به		
۵	۷۰	۷۰	۷۰	۷۰		
۶	سال	سال	سال	سال		
۷	افزایش	افزایش	افزا	افزایش		
۸	مي‌يابد	می‌یابد	می‌یابد	یافت#یاب		
						
۰	اصوات	اصوات	اصو	اصوات		
۱	وزیدن	وزیدن	وزیدن	وزیدن		
۲	باد	باد	باد	باد		
۳	ما	ما	ما	ما		
۴	را	را	را	را		
۵	ترساند	ترساند	ترساند	ترساند		
۶	.	.	.	.		
						
۰	دانشگاه	دانشگاه	دانشگاه	دانشگاه		
۱	باید	باید	باید	باید		
۲	مهد	مهد	مهد	مهد		
۳	چالشهاي	چالش‌های	چالش	چالش		
۴	گفتماني	گفتمانی	گفتمان	گفتمان		
۵	و	و	و	و		
۶	خط دهنده	خط‌دهنده	خط‌دهنده	خط‌دهنده		
۷	و	و	و	و		
۸	برنامه‌ریز	برنامه‌ریز	برنامه‌ریز	برنامه‌ریز		
۹	جریانات	جريانات	جري	جريانات		
۱۰	سياسي	سیاسی	سیاس	سیاسی		
۱۱	باشد	باشد	باشد	بود#باش		
۱۲	.	.	.	.		
						
۰	دفاتر	دفاتر	دفا	دفاتر		
۱	سازمان	سازمان	ساز	سازمان		
۲	ملل	ملل	ملل	ملل		
۳	متحد	متحد	متحد	متحد		
۴	در	در	در	در		
۵	همه ی	همه‌ی	همه	همه		
۶	پایتختهای	پایتخت‌های	پایتخت	پایتخت		
۷	جهان	جهان	جه	جهان		
۸	هستند	هستند	هستند	#هست		
۹	.	.	.	.		
						
۰	دختری	دختری	دختر	دختر		
۱	با	با	با	با		
۲	لباس	لباس	لباس	لباس		
۳	صورتی	صورتی	صورت	صورت		
۴	را	را	را	را		
۵	دیدم	دیدم	دید	دید#بین		
۶	که	که	که	که		
۷	صورتی	صورتی	صورت	صورت		
۸	زیبا	زیبا	زیبا	زیبا		
۹	داشت	داشت	دا	داشت		
۱۰	.	.	.	.		
						
۰	توصیه	توصيه	توصيه	توصيه		
۱	ما	ما	ما	ما		
۲	در	در‌جهت	در‌جه	در‌جهت		
۳	تلاش	تلاش	تلا	تلاش		
۴	براي	برای	برا	برای		
۵	دانايي	دانایی	دانا	دانا		
۶	محوري	محوری	محور	محور		
۷	و	و	و	و		
۸	توسعه	توسعه	توسعه	توسعه		
۹	گفتمان	گفتمان	گف	گفتمان		
۱۰	علمي	علمی	علم	علم		
۱۱	به معني	به‌معنی	به‌معن	به‌معنی		
۱۲	عدم	عدم	عد	عدم		
۱۳	تمايل	تمایل	تمایل	تمایل		
۱۴	به	به	به	به		
۱۵	مباحث	مباحث	مباحث	مباحث		
۱۶	سياسي	سیاسی	سیاس	سیاسی		
۱۷	نيست	نیست	نیس	نیست		
۱۸	؛	؛	؛	؛		
						
۰	بلكه	بلكه	بلكه	بلكه		
۱	بر عكس	بر‌عکس	بر‌عکس	بر‌عکس		
۲	،	،	،	،		
۳	دانشگاه	دانشگاه	دانشگاه	دانشگاه		
۴	بايد	باید	باید	باید		
۵	مهد	مهد	مهد	مهد		
۶	چالشهاي	چالش‌های	چالش	چالش		
۷	گفتماني	گفتمانی	گفتمان	گفتمان		
۸	باشد	باشد	باشد	بود#باش		
۹	ولي	ولی	ول	ولی		
۱۰	اين	این	این	این		
۱۱	امر	امر	امر	امر		
۱۲	،	،	،	،		
۱۳	بدان	بدان	بد	بدان		
۱۴	معني	معنی	معن	معنی		
۱۵	نيست	نیست	نیس	نیست		
۱۶	كه	که	که	که		
۱۷	دانشگاه	دانشگاه	دانشگاه	دانشگاه		
۱۸	،	،	،	،		
۱۹	ابزار	ابزار	ابزار	ابزار		
۲۰	دست	دست	دس	دست		
۲۱	سياسيون	سیاسیون	سیاسیون	سیاسیون		
۲۲	قرار	قرار	قرار	قرار		
۲۳	بگيرد	بگیرد	بگیرد	گرفت#گیر		
۲۴	.	.	.	.		
						
۰	وي	وی	و	وی		
۱	تأكيد	تاکید	تاکید	تاکید		
۲	كرد	کرد	کرد	کرد#کن		
۳	:	:	:	:		
						
۰	دانشگاه	دانشگاه	دانشگاه	دانشگاه		
۱	نه‌ تنها	نه‌تنها	نه‌تن	نه‌تنها		
۲	نبايد	نباید	نباید	نباید		
۳	تحت تأثير	تحت‌تاثیر	تحت‌تاثیر	تحت‌تاثیر		
۴	القائات	القائات	القائ	القائات		
۵	سياسي	سیاسی	سیاس	سیاسی		
۶	قرار	قرار	قرار	قرار		
۷	بگيرد	بگیرد	بگیرد	گرفت#گیر		
۸	؛	؛	؛	؛		
						
۰	بلكه	بلکه	بلکه	بلکه		
۱	بايد	باید	باید	باید		
۲	خط دهنده	خط‌دهنده	خط‌دهنده	خط‌دهنده		
۳	و	و	و	و		
۴	برنامه‌ريز	برنامه‌ریز	برنامه‌ریز	برنامه‌ریز		
۵	جريانات	جریانات	جر	جریانات		
۶	سياسي	سیاسی	سیاس	سیاسی		
۷	باشد	باشد	باشد	بود#باش		
						
۰	و	و	و	و		
۱	مهمترين	مهم‌ترین	مهم	مهم		
۲	عنصر	عنصر	عنصر	عنصر		
۳	پياده	پیاده	پیاده	پیاده		
۴	شدن	شدن	شدن	شدن		
۵	اين	این	این	این		
۶	آرمان	آرمان	آر	آرمان		
۷	،	،	،	،		
۸	دانشجويان	دانشجویان	دانشجو	دانشجو		
۹	و	و	و	و		
۱۰	اعضاي	اعضای	اعضا	اعضا		
۱۱	هيات	هیات	ه	هیات		
۱۲	علمي	علمی	علم	علم		
۱۳	دانشگاهها	دانشگاه‌ها	دانشگاه	دانشگاه		
۱۴	و	و	و	و		
۱۵	در رأس	در‌راس	در‌راس	در‌راس		
۱۶	آنها	آن‌ها	آن	آن		
۱۷	استادان	استادان	استاد	استاد		
۱۸	نمونه	نمونه	نمونه	نمونه		
۱۹	هستند	هستند	هستند	#هست		
۲۰	.	.	.	.		
						
۰	اگر چه	اگر‌چه	اگر‌چه	اگر‌چه		
۱	دانشگاهها	دانشگاه‌ها	دانشگاه	دانشگاه		
۲	بايد	باید	باید	باید		
۳	پرچمدار	پرچمدار	پرچمدار	پرچمدار		
۴	كرسيهاي	کرسی‌های	کرسی	کرسی		
۵	آزاد	آزاد	آزاد	آزاد		
۶	انديشي	اندیشی	اندیش	اندیشید#اندیش		
۷	و	و	و	و		
۸	حاكميت	حاکمیت	حاکم	حاکمیت		
۹	دانايي	دانایی	دانا	دانا		
۱۰	محوري	محوری	محور	محور		
۱۱	باشند	باشند	باشند	بود#باش		
۱۲	،	،	،	،		
						
۰	بايد	باید	باید	باید		
۱	توجه	توجه	توجه	توجه		
۲	داشته باشند	داشته‌باشند	داشته‌باشند	داشته‌باشند		
						
۰	كه	که	که	که		
۱	ناخودآگاه	ناخودآکاه	ناخودآکاه	ناخودآکاه		
۲	تحت تأثير	تحت‌تاثیر	تحت‌تاثیر	تحت‌تاثیر		
۳	جوسازيها	جوسازی‌ها	جوسازی	جوسازی		
۴	و	و	و	و		
۵	رسانه ها	رسانه‌ها	رسانه	رسانه		
۶	قرار	قرار	قرار	قرار		
۷	نگيرند	نگیرند	نگیرند	گرفت#گیر		
۸	.	.	.	.		
						
۰	القائات	القائات	القائ	القائات		
۱	اقدامات	اقدامات	اقدا	اقدامات		
۲	انجام	انجام	انجا	انجام		
۳	شده	شده	شده	شده		
۴	در جهت	درجهت	درجه	درجه		
۵	ارتقاي	ارتقاي	ارتقاي	ارتقاي		
۶	جايگاه	جایگاه	جایگاه	جایگاه		
۷	استادان	استادان	استاد	استاد		
۸	نمونه	نمونه	نمونه	نمونه		
۹	اشاره	اشاره	اشاره	اشاره		
۱۰	كرد	کرد	کرد	کرد#کن		
						
۰	و	و	و	و		
۱	گفت	گفت	گف	گفت#گو		
۲	:	:	:	:		
						
۰	در	در	در	در		
۱	بنياد	بنیاد	بنیاد	بنیاد		
۲	نخبگان	نخبگان	نخبگ	نخبگان		
۳	،	،	،	،		
۴	استادان	استادان	استاد	استاد		
۵	نمونه	نمونه	نمونه	نمونه		
۶	از	از	از	از		
۷	مصاديق	مصادیق	مصادیق	مصادیق		
۸	نخبگان	نخبگان	نخبگ	نخبگان		
۹	شناخته	شناخته	شناخته	شناخته		
۱۰	شدند	شدند	شدند	شد#شو		
						
۰	و	و	و	و		
۱	اين	این	این	این		
۲	امر	امر	امر	امر		
۳	به لحاظ	به لحاظ	به لحاظ	به لحاظ		
۴	معنوي	معنوی	معنو	معنوی		
۵	،	،	،	،		
۶	اهميت	اهمیت	اهم	اهمیت		
۷	ويژهاي	ویژه‌ای	ویژه	ویژه		
۸	دارد	دارد	دارد	داشت#دار		
۹	.	.	.	.		
						
۰	در	در	در	در		
۱	تعريف	تعریف	تعریف	تعریف		
۲	و	و	و	و		
۳	تعيين	تعیین	تعیین	تعیین		
۴	شاخصهاي	شاخص‌های	شاخص	شاخص		
۵	لازم	لازم	لاز	لازم		
۶	براي	برای	برا	برای		
۷	انتخاب	انتخاب	انتخاب	انتخاب		
۸	"""
استاد

نمونه""
"	"
استاد
نمونه
"	"
استاد
نمونه
"	"
استاد
نمونه
"		
۹	بازنگري	بازنگری	بازنگر	بازنگری		
۱۰	كنند	کنند	کنند	کرد#کن		
						
۰	با	با	با	با		
۱	وسواس	وسواس	وسواس	وسواس		
۲	و	و	و	و		
۳	دقت	دقت	دق	دقت		
۴	،	،	،	،		
۵	همچنين	همچنین	همچنین	همچنین		
۶	در	در	در	در		
۷	اين	این	این	این		
۸	برنامه	برنامه	برنامه	برنامه		
۹	از	از	از	از		
۱۰	جمعي	جمعی	جمع	جمع		
۱۱	از	از	از	از		
۱۲	دانش آموختهگان	دانش‌آموختگان	دانش‌آموختگ	دانش‌آموختگان		
۱۳	نمونه	نمونه	نمونه	نمونه		
۱۴	و	و	و	و		
۱۵	استادان	استادان	استاد	استاد		
۱۶	پيش كسوت	پیشکسوت	پیشکسو	پیشکسوت		
۱۷	اين	این	این	این		
۱۸	موسسه	موسسه	موسسه	موسسه		
۱۹	تقدير	تقدیر	تقدیر	تقدیر		
۲۰	مي‌شود	می‌شود	می‌شود	شد#شو		
۲۱	.	.	.	.		
						
۰	سقراط	سقراط	سقراط	سقراط		
۱	به	به	به	به		
۲	دستور	دستور	دستور	دستور		
۳	دادستان	دادستان	دادس	دادستان		
۴	جام	جام	جا	جام		
۵	شوکران	شوکران	شوکر	شوکران		
۶	را	را	را	را		
۷	نوشید	نوشید	نوشید	نوشید#نوش		
۸	.	.	.	.		
						
۰	هم چنين	همچنین	همچنین	همچنین		
۱	نتايج	نتایج	نتایج	نتایج		
۲	مشروطين	مشروطین	مشروطین	مشروطین		
۳	اسفند	اسفند	اسفند	اسفند		
۴	ماه	ماه	ماه	ماه		
۵	82	۸۲	۸۲	۸۲		
۶	كه	که	که	که		
۷	درس	درس	درس	درس		
۸	مشروطي	مشروطی	مشروط	مشروط		
۹	خود	خود	خود	خود		
۱۰	را	را	را	را		
۱۱	در	در	در	در		
۱۲	آزمون	آزمون	آزمون	آزمون		
۱۳	مرداد	مرداد	مرداد	مرداد		
۱۴	ماه	ماه	ماه	ماه		
۱۵	83	۸۳	۸۳	۸۳		
۱۶	امتحان	امتحان	امتح	امتحان		
۱۷	داده‌اند	داده‌اند	داده‌اند	داد#ده		
۱۸	.	.	.	.		
						
۰	مردی	مردی	مرد	مردی		
۱	به	به 	به 	به 		
۲	اطفال	اطفال	اطفال	اطفال		
۳	گفت	گفت	گف	گفت#گو		
۴	که	که	که	که		
۵	گلها	گل‌ها	گل	گل		
۶	را	را	را	را		
۷	نکنند	نکنند	نکنند	کرد#کن		
۸	.	.	.	.		
						
۰	بنا به دلايل	بنا به دلیل	بنا به دلیل	بنا به دلیل		
۱	معرفي	معرفی	معرف	معرف		
۲	شده	شده	شده	شده		
۳	با	با	با	با		
۴	اخذ	اخذ	اخذ	اخذ		
۵	نمرات	نمرات	نمر	نمرات		
۶	20	۲۰	۲۰	۲۰		
۷	غير واقعي	غیر‌واقعی	غیر‌واقع	غیر‌واقعی		
۸	به	به	به	به		
۹	گروه	گروه	گروه	گروه		
۱۰	معدل	معدل	معدل	معدل		
۱۱	بيست‌ها	بیست‌ها	بیست	بیست		
۱۲	پيوسته‌اند	پیوسته‌اند	پیوسته‌اند	پیوست#پیوند		
						
۰	كه	که	که	که		
۱	در	در	در	در		
۲	طول	طول	طول	طول		
۳	14	۱۴	۱۴	۱۴		
۴	سال	سال	سال	سال		
۵	گذشته	گذشته	گذشته	گذشته		
۶	بر	بر	بر	بر		
۷	تعداد	تعداد	تعداد	تعداد		
۸	اين	این	این	این		
۹	معدل	معدل	معدل	معدل		
۱۰	بيست‌ها	بیست‌ها	بیست	بیست		
۱۱	به طور	به طور	به طور	به طور		
۱۲	بي‌رويه‌اي	بي‌رويه‌ای	بي‌رويه	بي‌رويه‌ای		
۱۳	اضافه	اضافه	اضافه	اضافه		
۱۴	شده است	شده‌است	شده‌اس	شده‌است		
						
۰	اين	این	این	این		
۱	محقق	محقق	محقق	محقق		
۲	تاكيد	تاکید	تاکید	تاکید		
۳	دارد	دارد	دارد	داشت#دار		
۴	:	:	:	:		
						
۰	منطقي‌ترين	منطقی‌ترین	منطقی	منطقی‌ترین		
۱	روش	روش	رو	روش		
۲	ارزش يابي	ارزش‌یابی	ارزش‌یاب	ارزش‌یابی		
۳	سيره	سیره	سیره	سیره		
۴	نبوي	نبوی	نبو	نبوی		
۵	رشته‌هاي	رشته‌های	رشته	رشته		
۶	متنوع	متنوع	متنوع	متنوع		
۷	ديگري	دیگری	دیگر	دیگر		
۸	همچون	همچون	همچون	همچون		
۹	وبلاگ نويسي	وبلاگ نویسی	وبلاگ نویس	وبلاگ نویسی		
۱۰	،	،	،	،		
۱۱	كتابخواني	کتابخوانی	کتابخوان	کتابخوانی		
۱۲	،	،	،	،		
۱۳	گرافيك	گرافیک	گرافیک	گرافیک		
۱۴	،	،	،	،		
۱۵	كاريكاتور	کاریکاتور	کاریکاتور	کاریکاتور		
۱۶	،	،	،	،		
۱۷	شعر	شعر	شعر	شعر		
۱۸	،	،	،	،		
۱۹	داستان	داستان	داس	داستان		
۲۰	کوتاه	کوتاه	کوتاه	کوتاه		
۲۱	،	،	،	،		
۲۲	عكاسي	عکاسی	عکاس	عکاس		
۲۳	،	،	،	،		
۲۴	خوشنويسي	خوشنویسی	خوشنویس	خوشنویس		
۲۵	،	،	،	،		
۲۶	چهل	چهل	چهل	چهل		
۲۷	حديث نويسي	حدیث نویسی	حدیث نویس	حدیث نویسی		
۲۸	،	،	،	،		
۲۹	نماهنگ	نماهنگ	نماهنگ	نماهنگ		
۳۰	و	و	و	و		
۳۱	فيلم	فیلم	فیل	فیلم		
۳۲	كوتاه	کوتاه	کوتاه	کوتاه		
۳۳	پيش بيني	پیش بینی	پیش بین	پیش بینی		
۳۴	شده است	شده است	شده اس	شده است		
۳۵	.	.	.	.		
						
۰	نخستين	نخستین	نخستین	نخستین		
۱	مركز	مرکز	مرکز	مرکز		
۲	آموزش	آموزش	آموز	آموزش		
۳	عالي	عالی	عال	عالی		
۴	بين‌المللي	بین‌المللی	بین‌الملل	بین‌المللی		
۵	دانشگاه	دانشگاه	دانشگاه	دانشگاه		
۶	موناش	موناش	مونا	مونا		
۷	استراليا	استرالیا	استرالیا	استرالیا		
۸	در	در	در	در		
۹	کیش	کیش	ک	کیش		
۱۰	آغاز	آغاز	آغاز	آغاز		
۱۱	به كار	به‌کار	به‌کار	به‌کار		
۱۲	كرد	کرد	کرد	کرد#کن		
۱۳	.	.	.	.		
						
۰	وی	وی	و	وی		
۱	اعلام	اعلام	اعلا	اعلام		
۲	و	و	و	و		
۳	پيش بيني	پیش بینی	پیش بین	پیش بینی		
۴	كرد	کرد	کرد	کرد#کن		
						
۰	دومين	دومین	دومین	دومین		
۱	گردهمآيي	گرده‌همایی	گرده‌هما	گرده‌همایی		
۲	دانشجویان	دانشجویان	دانشجو	دانشجو		
۳	هفتمين	هفتمین	هفتمین	هفتمین		
۴	اجلاس	اجلاس	اجلاس	اجلاس		
۵	مشترك	مشترک	مشترک	مشترک		
۶	هياتهاي	هیات‌های	هیات	هیات‌های		
۷	امناي	امنای	امنا	امنا		
۸	دانشگاهها	دانشگاه‌ها	دانشگاه	دانشگاه		
۹	و	و	و	و		
۱۰	موسسات	موسسات	موسس	موسسات		
۱۱	آموزش	آموزش	آموز	آموزش		
۱۲	عالي	عالی	عال	عالی		
۱۳	و	و	و	و		
۱۴	پژوهشي	پژوهشی	پژوهش	پژوهش		
۱۵	برگزار	برگزار	برگزار	برگزار		
۱۶	شد	شد	شد	شد#شو		
۱۷	.	.	.	.		
						
۰	آيين‌نامه های	آيين‌نامه های	آيين‌نامه 	آيين‌نامه های		
۱	مالي	مالی	مال	مالی		
۲	و	و	و	و		
۳	معاملاتي	معاملاتی	معاملات	معاملات		
۴	دانشگاهها	دانشگاه‌ها	دانشگاه	دانشگاه		
۵	برای	برای	برا	برای		
۶	رفع	رفع	رفع	رفع		
۷	معضلات	معضلات	معضل	معضلات		
۸	معيشتي	معیشتی	معیشت	معیشتی		
۹	كاركنان	کارکنان	کارکن	کارکن		
۱۰	موجب	موجب	موجب	موجب		
۱۱	نگراني	نگرانی	نگران	نگران		
۱۲	افكار	افکار	افکار	افکار		
۱۳	عمومي	عمومی	عموم	عموم		
۱۴	و	و	و	و		
۱۵	ايجاد	ایجاد	ایجاد	ایجاد		
۱۶	بد بيني	بدبینی	بدبین	بدبین		
۱۷	در	در	در	در		
۱۸	اذهان	اذهان	اذه	اذهان		
۱۹	جوانان	جوانان	جوان	جوان		
۲۰	داوطلب	داوطلب	داوطلب	داوطلب		
۲۱	ورود	ورود	ورود	ورود		
۲۲	به	به	به	به		
۲۳	دانشگاه‌ها	دانشگاه‌ها	دانشگاه	دانشگاه		
۲۴	شده است	شده‌است	شده‌اس	شده‌است		
۲۵	.	.	.	.		
						
۰	هرگونه	هرگونه	هرگونه	هرگونه		
۱	شائبه‌اي	شائبه‌ای	شائبه	شائبه		
۲	به دور	به‌دور	به‌دور	به‌دور		
۳	است	است	اس	#است		
						
۰	و	و	و	و		
۱	به هيچ وجه	به هیچ وجه	به هیچ وجه	به هیچ وجه		
۲	ورود	ورود	ورود	ورود		
۳	داوطلبي	داوطلبی	داوطلب	داوطلب		
۴	به	به	به	به		
۵	دانشگاه	دانشگاه	دانشگاه	دانشگاه		
۶	بدون	بدون	بدون	بدون		
۷	شركت	شرکت	شرک	شرکت		
۸	در	در	در	در		
۹	آزمون	آزمون	آزمون	آزمون		
۱۰	سراسري	سراسری	سراسر	سراسر		
۱۱	و	و	و	و		
۱۲	كسب	کسب	کسب	کسب		
۱۳	اولويت	اولیت	اول	اول		
۱۴	علمي	علمی	علم	علم		
۱۵	امكان‌پذير	امكان‌پذير	امكان‌پذير	امكان‌پذير		
۱۶	نبوده	نبوده	نبوده	بود#باش		
۱۷	و	و	و	و		
۱۸	نيست	نیست	نیس	نیست		
۱۹	.	.	.	.		
						
۰	به	به	به	به		
۱	واحدهاي	واحد‌های	واحد	واحد		
۲	دانشگاهي	دانشگاهی	دانشگاه	دانشگاه		
۳	تهران	تهران	تهر	تهران		
۴	سماء	سما	سما	سما		
۵	،	،	،	،		
۶	آشتيان	آشتیان	آشت	آشتیان		
۷	،	،	،	،		
۸	اراك	اراک	اراک	اراک		
۹	،	،	،	،		
۱۰	اسلامشهر	اسلامشهر	اسلامشهر	اسلامشهر		
۱۱	،	،	،	،		
۱۲	قائم شهر	قائم شهر	قائم شهر	قائم شهر		
۱۳	،	،	،	،		
۱۴	خوي	خوی	خو	خو		
۱۵	،	،	،	،		
۱۶	رودهن	رودهن	رودهن	رودهن		
۱۷	،	،	،	،		
۱۸	زرند	زرند	زرند	زرند		
۱۹	،	،	،	،		
۲۰	زنجان	زنجان	زنج	زنجان		
۲۱	،	،	،	،		
۲۲	سوادكوه	سوادکوه	سوادکوه	سوادکوه		
۲۳	،	،	،	،		
۲۴	شاهرود	شاهرود	شاهرود	شاهرود		
۲۵	،	،	،	،		
۲۶	شبستر	شبستر	شبس	شبستر		
۲۷	،	،	،	،		
۲۸	شهركرد	شهرکرد	شهرکرد	شهرکرد		
۲۹	،	،	،	،		
۳۰	علوم	علوم	علو	علوم		
۳۱	و	و	و	و		
۳۲	تحقيقات	تحقیقات	تحقیق	تحقیقات		
۳۳	تهران	تهران	تهر	تهران		
۳۴	،	،	،	،		
۳۵	كاشان	کاشان	کا	کاشان		
۳۶	،	،	،	،		
۳۷	كرج	کرج	کرج	کرج		
۳۸	،	،	،	،		
۳۹	كرمان	کرمان	کر	کرمان		
۴۰	،	،	،	،		
۴۱	مراغه	مراغه	مراغه	مراغه		
۴۲	،	،	،	،		
۴۳	ميمه	میمه	میمه	میمه		
۴۴	،	،	،	،		
۴۵	ورامين	ورامین	ورامین	ورامین		
۴۶	و	و	و	و		
۴۷	...	.	.	.		
						
۰	در	در	در	در		
۱	مقطع	مقطع	مقطع	مقطع		
۲	كارشناسي	کارشناسی	کارشناس	کارشناس		
۳	ارشد	ارشد	ارشد	ارشد		
۴	در	در	در	در		
۵	شاخه‌هاي	شاخه‌های	شاخه	شاخه		
۶	بيوسيستماتيك	بيوسيستماتیك	بيوسيستماتیك	بيوسيستماتیك		
۷	،	،	،	،		
۸	گياهي	گیاهی	گیاه	گیاه		
۹	و	و	و	و		
۱۰	جانوري	جانوری	جانور	جانور		
۱۱	جنين شناسي	جنین شناسی	جنین شناس	جنین شناسی		
۱۲	،	،	،	،		
۱۳	اكولوژي	اکولوژی	اکولوژ	اکولوژی		
۱۴	،	،	،	،		
۱۵	فيزيولوژي	فیزیولوژی	فیزیولوژ	فیزیولوژی		
۱۶	،	،	،	،		
۱۷	سلولي	سلولی	سلول	سلول		
۱۸	،	،	،	،		
۱۹	مولكولي	مولکولی	مولکول	مولکول		
۲۰	و	و	و	و		
۲۱	بيوشيمي	بیوشیمی	بیوشیم	بیوشیمی		
۲۲	و	و	و	و		
۲۳	در	در	در	در		
۲۴	دوره	دوره	دوره	دوره		
۲۵	دكترا	دکترا	دکترا	دکترا		
۲۶	در	در	در	در		
۲۷	گرايش	گرایش	گرا	گرایش		
۲۸	سلولي	سلولی	سلول	سلول		
۲۹	،	،	،	،		
۳۰	مولكولي	مولکولی	مولکول	مولکول		
۳۱	مشغول	مشغول	مشغول	مشغول		
۳۲	به	به	به	به		
۳۳	تحصيل	تحصیل	تحصیل	تحصیل		
۳۴	مي‌باشند	می‌باشن	می‌باشن	می‌باشن		
۳۵	.	.	.	.		
						
۰	كارخانه‌هاي	کارخانه‌های	کارخانه	کارخانه		
۱	مواد	مواد	مواد	مواد		
۲	غذايي	غذایی	غذا	غذا		
۳	و	و	و	و		
۴	اداره‌هاي‌	اداره‌های	اداره	اداره		
۵	بهداشت	بهداشت	بهدا	بهداشت		
۶	فعاليت	فعالیت	فعال	فعالیت		
۷	كنند	کنند	کنند	کرد#کن		
۸	.	.	.	.		
						
۰	با اين حال	با این حال	با این حال	با این حال		
۱	شوراي	شورای	شورا	شورا		
۲	شهر	شهر	شهر	شهر		
۳	در كل	درکل	درکل	درکل		
۴	يك	یک	یک	یک		
۵	امر	امر	امر	امر		
۶	سرنوشت ساز	سرنوشت ساز	سرنوشت ساز	سرنوشت ساز		
۷	بوده	بوده	بوده	بوده		
۸	و	و	و	و		
۹	اميد	امید	امید	امید		
۱۰	است	است	اس	#است		
۱۱	تا	تا	تا	تا		
۱۲	،	،	،	،		
۱۳	مشاركت	مشارکت	مشارک	مشارکت		
۱۴	داشته باشند	داشته باشند	داشته باشند	داشته باشند		
۱۵	.	.	.	.		
						
۰	تاكيد	تاکید	تاکید	تاکید		
۱	كرد	کرد	کرد	کرد#کن		
۲	:	:	:	:		
						
۰	اگر	اگر	اگر	اگر		
۱	به	به	به	به		
۲	دانشمندان	داشمندان	داشمند	داشمندان		
۳	ارج	ارج	ارج	ارج		
۴	ننهيم	ننهیم	ننه	ننه		
۵	،	،	،	،		
۶	آزادي	آزادی	آزاد	آزاد		
۷	و	و	و	و		
۸	انگيزه	انگیزه	انگیزه	انگیزه		
۹	علمي	علمی	علم	علم		
۱۰	را	را	را	را		
۱۱	در	در 	در 	در 		
۱۲	آنان	آنان	آن	آن		
۱۳	تقويت	تقویت	تقو	تقویت		
۱۴	نكنيم	نکنیم	نکن	کرد#کن		
۱۵	!	!	!	!		
						
۰	توسعه	توسعه	توسعه	توسعه		
۱	همه	همه	همه	همه		
۲	جانبه	جانبه	جانبه	جانبه		
۳	كشور	کشور	کشور	کشور		
۴	تحقق ناپذير	تحقق ناپذير	تحقق ناپذير	تحقق ناپذير		
۵	خواهد ماند	خواهد ماند	خواهد ماند	خواهد ماند		
۶	.	.	.	.		
						
۰	اظهار	اظهار	اظهار	اظهار		
۱	كرد	کرد	کرد	کرد#کن		
۲	:	:	:	:		
						
۰	اسم	اسم	اس	اسم		
۱	دانشگاهیا	دانشگاهیان	دانشگاه	دانشگاه		
۲	مردمان	مردمان	مرد	مرد		
۳	گرگان	گرگان	گرگ	گرگان		
۴	دچار	دچار	دچار	دچار		
۵	یاس	یاس	یاس	یاس		
۶	شدند	شدند	شدند	شد#شو		
۷	.	.	.	.		
						
۰	نیاکان	نیاکان	نیاک	نیاکان		
۱	ما	ما	ما	ما		
۲	افرادی	افرادی	افراد	افراد		
۳	روشن	روشن	روشن	روشن		
۴	ضمیر	ضمیر	ضمیر	ضمیر		
۵	بودند	بودند	بودند	بود#باش		
۶	.	.	.	.		
						
۰	ن	نه	نه	نه		
۱	برخی	برخی	برخ	برخی		
۲	از	از	از	از		
۳	ملاکهای	ملاکهای	ملاک	ملاک		
۴	رتبه بندی	رتبهبندی	رتبهبند	رتبهبندی		
۵	دانشگاههای	دانشگاههای	دانشگاه	دانشگاه		
۶	دنیاست	دنیاست	دنیاس	دنیاست		
۷	.	.	.	.		
						
۰	برنامه ریزی	برنامهریزی	برنامهریز	برنامهریزی		
۱	شهری	شهری	شهر	شهر		
۲	،	،	،	،		
۳	فیزیک	فیزیک	فیزیک	فیزیک		
۴	،	،	،	،		
۵	جغرافیای	جغرافیای	جغرافیا	جغرافیا		
۶	انسانی	انسانی	انسان	انسان		
۷	-	-	-	-		
۸	علوم	علوم	علو	علوم		
۹	افتصادی	اقتصادی	اقتصاد	اقتصاد		
۱۰	جغرافیای	جغرافیای	جغرافیا	جغرافیا		
۱۱	طبیعی	طبیعی	طبیع	طبیعی		
۱۲	-	-	-	-		
۱۳	ژئوموفولوژي	ژئوموفولوژی	ژئوموفولوژ	ژئوموفولوژی		
۱۴	،	،	،	،		
۱۵	مدیریت	مدیریت	مدیر	مدیریت		
۱۶	آموزشی	آموزشی	آموزش	آموزش		
۱۷	،	،	،	،		
۱۸	آموزش	آموزش	آموز	آموزش		
۱۹	زبان	زبان	زب	زبان		
۲۰	انگلیسی	انگلیسی	انگلیس	انگلیسی		
۲۱	،	،	،	،		
۲۲	برنامه ریزی	برنامهریزی	برنامهریز	برنامهریزی		
۲۳	درسی	درسی	درس	درس		
۲۴	زبان	زبان	زب	زبان		
۲۵	و	و	و	و		
۲۶	ادبیات	ادبیات	ادب	ادبیات		
۲۷	عرب	عرب	عرب	عرب		
۲۸	،	،	،	،		
۲۹	مشاوره	مشاوره	مشاوره	مشاوره		
۳۰	،	،	،	،		
۳۱	زبانشناسی	زبانشناسی	زبانشناس	زبانشناسی		
۳۲	همگانی	همگانی	همگان	همگانی		
۳۳	کامپیوتر	کامپیوتر	کامپیو	کامپیوتر		
۳۴	-	-	-	-		
۳۵	نرم افزار	نرم‌افزار	نرم‌افزار	نرم‌افزار		
۳۶	آمار	آمار	آمار	آمار		
۳۷	کامپیوتر	کامپیوتر	کامپیو	کامپیوتر		
۳۸	-	-	-	-		
۳۹	معماری	معماری	معمار	معمار		
۴۰	کامپیوتر	کامپیوتر	کامپیو	کامپیوتر		
۴۱	،	،	،	،		
۴۲	ریاضی	ریاضی	ریاض	ریاضی		
۴۳	-	-	-	-		
۴۴	آنالیز	آنالیز	آنالیز	آنالیز		
۴۵	ریاضی	ریاضی	ریاض	ریاضی		
۴۶	-	-	-	-		
۴۷	جبر	جبر	جبر	جبر		
۴۸	،	،	،	،		
۴۹	زمین شناسی	زمینشناسی	زمینشناس	زمینشناسی		
۵۰	-	-	-	-		
۵۱	چینه	چینه	چینه	چینه		
۵۲	و	و	و	و		
۵۳	فسیل شناسی	فسیلشناسی	فسیلشناس	فسیلشناسی		
۵۴	و	و	و	و		
۵۵	میکروبیولوژی	میکروبیولوژی	میکروبیولوژ	میکروبیولوژی		
۵۶	دانشجوی	دانشجو	دانشجو	دانشجو		
۵۷	دکترا	دکترا	دکترا	دکترا		
۵۸	می پذیرد	میپذیرد	میپذیرد	میپذیرد		
۵۹	.	.	.	.		
						
۰	کسب	کسب	کسب	کسب		
۱	حد نصاب	حدنصاب	حدنصاب	حدنصاب		
۲	لازم	لازم	لاز	لازم		
۳	در	در	در	در		
۴	آزمون	آزمون	آزمون	آزمون		
۵	ورودی	ورودی	ورود	ورود		
۶	به	به	به	به		
۷	دوره ی	دوره 	دوره 	دوره 		
۸	دکتری	دکتری	دکتر	دکتری		
۹	از	از	از	از		
۱۰	دیگر	دیگر	دیگر	دیگر		
۱۱	شرایط	شرایط	شرایط	شرایط		
۱۲	ثبت نام	ثبتنام	ثبتنا	ثبتنام		
۱۳	است	است	اس	#است		
۱۴	.	.	.	.		
						
۰	دانشگاه	دانشگاه	دانشگاه	دانشگاه		
۱	غیر مجاز	غیرمجاز	غیرمجاز	غیرمجاز		
۲	هاوایی	هاوایی	هاوا	هاوایی		
۳	در	در	در	در		
۴	سال	سال	سال	سال		
۵	1372	۱۳۷۲	۱۳۷۲	۱۳۷۲		
۶	تاسیس	تاسیس	تاسیس	تاسیس		
۷	شد	شد	شد	شد#شو		
						
۰	و	و	و	و		
۱	500	۵۰۰	۵۰۰	۵۰۰		
۲	فارغ التحصیل	فارغالتحصیل	فارغالتحصیل	فارغالتحصیل		
۳	بود	بود	بود	بود#باش		
۴	که	که	که	که		
۵	همگی	همگی	همگ	همگی		
۶	آنها	آنها	آن	آن		
۷	شناسایی	شناسایی	شناسا	شناسایی		
۸	شده اند	شدهاند	شدهاند	شدهاند		
						
۰	و	و	و	و		
۱	براساس	براساس	براساس	براساس		
۲	کیفرخواست	کیفرخواست	کیفرخواس	کیفرخواست		
۳	حبس	حبس	حبس	حبس		
۴	تعزیری	تعزیری	تعزیر	تعزیر		
۵	)	)	)	)		
۶	بازدارنده	بازدارنده	بازدارنده	بازدارنده		
۷	(	)	)	)		
۸	به	به	به	به		
۹	اتهام	اتهام	ات	اتهام		
۱۰	کلاهبرداری	کلاهبرداری	کلاهبردار	کلاهبرداری		
۱۱	تبرئه	تبرئه	تبرئه	تبرئه		
۱۲	شده	شده	شده	شده		
						
۰	و	و	و	و		
۱	حکم	حکم	حک	حکم		
۲	3	۳	۳	۳		
۳	سال	سال	سال	سال		
۴	وی	وی	و	وی		
۵	نیز	نیز	نیز	نیز		
۶	نقض	نقض	نقض	نقض		
۷	شده است	شده‌است	شده‌اس	شده‌است		
۸	.	.	.	.		
						
۰	در	در	در	در		
۱	صورت	صورت	صور	صورت		
۲	ضرورت	ضرورت	ضرور	ضرورت		
۳	اسامی	اسامی	اسام	اسامی		
۴	فارغ التحصیلان	فارغ‌التحصیلان	فارغ‌التحصیل	فارغ‌التحصیل		
۵	ذی نفع	ذینفع	ذینفع	ذینفع		
۶	منتشر	منتشر	منتشر	منتشر		
۷	می شود	میشود	میشود	میشود		
۸	.	.	.	.		
						
۰	تبعات	تبعات	تبع	تبعات		
۱	منفی	منفی	منف	منفی		
۲	زیادی	زیادی	زیاد	زیاد		
۳	به دنبال	بهدنبال	بهدنبال	بهدنبال		
۴	خواهد داشت	خواهدداشت	خواهددا	خواهدداشت		
۵	.	.	.	.		
						
۰	سلام	سلام	سلا	سلام		
۱	به	به	به	به		
۲	همه ی	همه	همه	همه		
۳	مردم	مردم	مرد	مردم		
۴	ایران	ایران	ایر	ایران		
۵	که	که	که	که		
۶	خوش	خوش	خو	خوش		
۷	اخلاق	اخلاق	اخلاق	اخلاق		
۸	هستند	هستند	هستند	#هست		
۹	.	.	.	.		
						
۰	پلنگی	پلنگی	پلنگ	پلنگ		
۱	با	با	با	با		
۲	پوستی	پوستی	پوست	پوست		
۳	راه راه	راهراه	راهراه	راهراه		
۴	دیدم	دیدم	دید	دید#بین		
						
۰	که	که	که	که		
۱	تند تند	تندتند	تندتند	تندتند		
۲	می دوید	میدوید	میدوید	میدوید		
۳	من	من	من	من		
۴	ترسیدم	ترسیدم	ترسید	ترسید#ترس		
						
۰	و	و	و	و		
۱	گفتم	گفتم	گف	گفت#گو		
۲	وااای	واای	واا	واای		
۳	.	.	.	.		
						
۰	محصولاتی	محصولاتی	محصولات	محصولات		
۱	نظیر	نظیر	نظیر	نظیر		
۲	پلاستیک	پلاستیک	پلاستیک	پلاستیک		
۳	،	،	،	،		
۴	دارو	دارو	دارو	دارو		
۵	مواد	مواد	مواد	مواد		
۶	شوینده	شوینده	شوینده	شوینده		
۷	و	و	و	و		
۸	سوخت ها	سوختها	سوخت	سوخت		
۹	در	در	در	در		
۱۰	واحدهای	واحدهای	واحد	واحد		
۱۱	عملی	عملی	عمل	عملی		
۱۲	استفاده	استفاده	استفاده	استفاده		
۱۳	میکنند	میکنند	میکنند	میکنند		
						
۰	و	و	و	و		
۱	همچنین	همچنین	همچنین	همچنین		
۲	برای	برای	برا	برای		
۳	بالابردن	بالابردن	بالابردن	بالابردن		
۴	تولید	تولید	تولید	تولید		
۵	برنامه ریزی	برنامهریزی	برنامهریز	برنامهریزی		
۶	می کند	میکند	میکند	میکند		
۷	.	.	.	.		
						
۰	انرژی	انرژی	انرژ	انرژی		
۱	هسته‌اي	هستهای	هست	هستهای		
۲	صنایع	صنایع	صنایع	صنایع		
۳	غذایی	غذایی	غذا	غذا		
۴	،	،	،	،		
۵	توسعه‌ي	توسعه	توسعه	توسعه		
۶	منابع	منابع	منابع	منابع		
۷	جدید	جدید	جدید	جدید		
۸	انرژی	انرژی	انرژ	انرژی		
۹	،	،	،	،		
۱۰	تحقیقات	تحقیقات	تحقیق	تحقیقات		
۱۱	،	، 	، 	، 		
۱۲	مدیریت	مدیریت	مدیر	مدیریت		
۱۳	،	،	،	،		
۱۴	پردازش	پردازش	پرداز	پردازش		
۱۵	داده‌ها	دادهها	داده	داده		
۱۶	و	و	و	و		
۱۷	میزان	میزان	میز	میزان		
۱۸	و	و	و	و		
۱۹	بازار	بازار	بازار	بازار		
۲۰	فروش	فروش	فرو	فروش		
۲۱	از	از	از	از		
۲۲	دیگر	دیگر	دیگر	دیگر		
۲۳	زمينه‌هاي	زمینههای	زمینه	زمینه		
۲۴	فعالیت	فعالیت	فعال	فعالیت		
۲۵	مهندسان	مهندسان	مهندس	مهندس		
۲۶	شیمی	شیمی	شیم	شیمی		
۲۷	مي‌باشد	میباشد	میباشد	میباشد		
۲۸	.	.	.	.		
						
۰	اما	اما	اما	اما		
۱	قواغنین	قوانین	قوانین	قوانین		
۲	دست	دست	دس	دست		
۳	و	و	و	و		
۴	پاگیر	پاگیر	پاگیر	پاگیر		
۵	دانشگاه	دانشگاه	دانشگاه	دانشگاه		
۶	قم	قم	ق	قم		
۷	،	،	،	،		
۸	چون	چون	چون	چون		
۹	همیشه	همیشه	همیشه	همیشه		
۱۰	انگیزه ها	انگیزهها	انگیزه	انگیزه		
۱۱	و	و	و	و		
۱۲	اراده‌ها	ارادهها	اراده	اراده		
۱۳	را	را	را	را		
۱۴	سرد	سرد	سرد	سرد		
۱۵	و	و	و	و		
۱۶	بی رمق	بیرمق	بیرمق	بیرمق		
۱۷	مي‌نمايد	مینماید	مینماید	مینماید		
۱۸	.	.	.	.		
						
۰	ترافیک	ترافیک	ترافیک	ترافیک		
۱	شدید	شدید	شدید	شدید		
۲	در	در	در	در		
۳	اتوبان	اتوبان	اتوب	اتوبان		
۴	چمران	چمران	چمر	چمران		
۵	بسیار	بسیار	بسیار	بسیار		
۶	آزار دهنده	آزاردهنده	آزاردهنده	آزاردهنده		
۷	بود	بود	بود	بود#باش		
۸	.	.	.	.		
						
۰	آهنگی	آهنگی	آهنگ	آهنگ		
۱	شنیدم	شنیدم	شنید	شنید#شنو		
						
۰	که	که	که	که		
۱	خواننده	خواننده	خواننده	خواننده		
۲	با	با	با	با		
۳	صدایی	صدایی	صدا	صدا		
۴	زیبا	زیبا	زیبا	زیبا		
۵	و	و	و	و		
۶	رسا	رسا	رسا	رسا		
۷	آن	آن	آن	آن		
۸	را	را	را	را		
۹	میخواند	میخواند	میخواند	میخواند		
۱۰	.	.	.	.		
						
۰	دختری	دختری	دختر	دختر		
۱	با	با	با	با		
۲	کفشهای	کفشهای	کفش	کفش		
۳	کتانی	کتانی	کتان	کتان		
۴	دیدم	دیدم	دید	دید#بین		
۵	که	که	که	که		
۶	سبزیجات	سبزیجات	سبزیج	سبزیجات		
۷	میخورد	میخورد	میخورد	میخورد		
۸	.	.	.	.		
						
۰	واحد	واحد	واحد	واحد		
۱	مرکزی	مرکزی	مرکز	مرکزی		
۲	خبر	خبر	خبر	خبر		
۳	اخبار	اخبار	اخبار	اخبار		
۴	جدیدی	جدیدی	جدید	جدید		
۵	را	را	را	را		
۶	مخابره	مخابره	مخابره	مخابره		
۷	کرد	کرد	کرد	کرد#کن		
۸	.	.	.	.		
						
۰	چرا	چرا	چرا	چرا		
۱	لباسهای	لباسهای	لباس	لباس		
۲	خواهرت	خواهرت	خواهر	خواهر		
۳	را	را	را	را		
۴	اتو	اتو	اتو	اتو		
۵	نکردی	نکردی	نکرد	کرد#کن		
۶	؟	؟	؟	؟		
						
۰	دشمنان	دشمنان	دشمن	دشمن		
۱	ایران	ایران	ایر	ایران		
۲	در	در	در	در		
۳	همه	همه	همه	همه		
۴	نقاط	نقاط	نقاط	نقاط		
۵	جهان	جهان	جه	جهان		
۶	پراکننده	پراکنده	پراکنده	پراکنده		
۷	هستند	هستند	هستند	#هست		
۸	.	.	.	.		
						
۰	گروه	گروه	گروه	گروه		
۱	بزرگ	بزرگ	بزرگ	بزرگ		
۲	موسیقیایی	موسیقیایی	موسیقیا	موسیقیایی		
۳	پاپ راک	پاپراک	پاپراک	پاپراک		
۴	در	در	در	در		
۵	کابل	کابل	کابل	کابل		
۶	کنسرت	کنسرت	کنسر	کنسرت		
۷	خواهند داشت	خواهندداشت	خواهنددا	خواهندداشت		
۸	.	.	.	.		
						
۰	دیشب	دیشب	دیشب	دیشب		
۱	برنامه	برنامه	برنامه	برنامه		
۲	90	۹۰	۹۰	۹۰		
۳	به علت	بهعلت	بهعل	بهعلت		
۴	سو تفاهم	سوتفاهم	سوتفاه	سوتفاهم		
۵	بین	بین	بین	بین		
۶	دست اندرکاران	دستاندرکاران	دستاندرکار	دستاندرکاران		
۷	پخش	پخش	پخ	پخش		
۸	نشد	نشد	نشد	شد#شو		
۹	.	.	.	.		
						
۰	ستارگان	ستارگان	ستارگ	ستارگان		
۱	سینمای	سینمای	سینما	سینما		
۲	هالیوود	هالیود	هالیود	هالیود		
۳	بسیار	بسیار	بسیار	بسیار		
۴	پر درآمد	پردرآمد	پردرآمد	پردرآمد		
۵	هستند	هستند	هستند	#هست		
۶	.	.	.	.		
						
۰	سیستم	سیستم	سیس	سیستم		
۱	کامپیوتری	کامپیوتری	کامپیوتر	کامپیوتری		
۲	شرکتهای	شرکتهای	شرکت	شرکت		
۳	ایرانی	ایرانی	ایران	ایران		
۴	قوی	قوی	قو	قوی		
۵	نیست	نیست	نیس	نیست		
۶	.	.	.	.		
						
۰	خواهرم	خواهرم	خواهر	خواهر		
۱	به	به	به	به		
۲	مغازه	مغازه	مغازه	مغازه		
۳	رفت	رفت	رف	رفت#رو		
						
۰	و	و	و	و		
۱	شکلات	شکلات	شکل	شکلات		
۲	و	و	و	و		
۳	آبنبات	آبنبات	آبنب	آبنبات		
۴	خرید	خرید	خرید	خرید		
۵	.	.	.	.		
						
۰	او	او	او	او		
۱	به	به	به	به		
۲	من	من	من	من		
۳	نگاه	نگاه	نگاه	نگاه		
۴	خیلی	خیلی	خیل	خیلی		
۵	سنگینی	سنگینی	سنگین	سنگین		
۶	کرد	کرد	کرد	کرد#کن		
۷	.	.	.	.		
						
۰	من	من	من	من		
۱	به	به	به	به		
۲	معلمم	معلمم	معلم	معلم		
۳	که	که	که	که		
۴	دست	دست	دس	دست		
۵	به	به	به	به		
۶	سینه	سینه	سینه	سینه		
۷	ایستاده	ایستاده	ایستاده	ایستاده		
۸	بود	بود	بود	بود#باش		
						
۰	نگاه	نگاه	نگاه	نگاه		
۱	بدی	بدی	بد	بدی		
۲	کردم	کردم	کرد	کرد#کن		
۳	.	.	.	.		
						
۰	طلاب	طلاب	طلاب	طلاب		
۱	حوزه ی	حوزه‌ی	حوزه	حوزه		
۲	علمیه	علمیه	علمیه	علمیه		
۳	قم	قم	ق	قم		
۴	بسیار	بسیار	بسیار	بسیار		
۵	پر کار	پرکار	پرکار	پرکار		
۶	و	و	و	و		
۷	سخت کوش	سختکوش	سختکو	سختکوش		
۸	هستند	هستند	هستند	#هست		
۹	.	.	.	.		
						
۰	رانندگی	رانندگی	رانندگ	رانندگی		
۱	با	با	با	با		
۲	سرعت	سرعت	سرع	سرعت		
۳	بالا	بالا	بالا	بالا		
۴	برای	برای	برا	برای		
۵	سر نشینان	سرنشینان	سرنشین	سرنشین		
۶	و	و	و	و		
۷	راننده	راننده	راننده	راننده		
۸	خطر ناک	خطرناک	خطرناک	خطرناک		
۹	است	است	اس	#است		
۱۰	.	.	.	.		
						
۰	سه	سه	سه	سه		
۱	ماه	ماه	ماه	ماه		
۲	مانده	مانده	مانده	مانده		
۳	به	به	به	به		
۴	جشنواره	جشنواره	جشنواره	جشنواره		
۵	فیلم	فیلم	فیل	فیلم		
۶	فجر	فجر	فجر	فجر		
۷	بعضی	بعضی	بعض	بعضی		
۸	از	از	از	از		
۹	کارگردانان	کارگردانان	کارگردان	کارگردان		
۱۰	فیلمهای	فیلمهای	فیلم	فیلم		
۱۱	خود	خود	خود	خود		
۱۲	را	را	را	را		
۱۳	به	به	به	به		
۱۴	کمیته	کمیته	کمیته	کمیته		
۱۵	داوران	داوران	داور	داور		
۱۶	تحویل	تحویل	تحویل	تحویل		
۱۷	دادند	دادند	دادند	داد#ده		
۱۸	.	.	.	.		
						
۰	موسم	موسم	موس	موسم		
۱	بهاران	بهاران	بهار	بهاران		
۲	هوای	هوای	هوا	هوا		
۳	شمال	شمال	شمال	شمال		
۴	شهر	شهر	شهر	شهر		
۵	تهران	تهران	تهر	تهران		
۶	بسیار	بسیار	بسیار	بسیار		
۷	دل ربا	دلربا	دلربا	دلربا		
۸	میشود	میشود	میشود	میشود		
۹	.	.	.	.		
						
۰	یکی	یکی	یک	یک		
۱	از	از	از	از		
۲	آثار	آثار	آثار	آثار		
۳	بشدت	بشدت	بشد	بشدت		
۴	دوست داشتنی	دوستداشتنی	دوستداشتن	دوستداشتنی		
۵	جیم جارموش	جیم جارموش	جیم جارمو	جیم جارموش		
۶	که	که	که	که		
۷	تماما	تماما	تماما	تماما		
۸	حول	حول	حول	حول		
۹	محور	محور	محور	محور		
۱۰	گفتگو	گفتگو	گفتگو	گفتگو		
۱۱	،	،	،	،		
۱۲	سیگار	سیگار	سیگار	سیگار		
۱۳	و	و	و	و		
۱۴	قهوه	قهوه	قهوه	قهوه		
۱۵	میگردد	میگردد	میگردد	میگردد		
۱۶	و	و	و	و		
۱۷	ادای	ادای	ادا	ادا		
۱۸	دین	دین	دین	دین		
۱۹	جیم	جیم	ج	جیم		
۲۰	به	به	به	به		
۲۱	این	این	این	این		
۲۲	دو	دو	دو	دو		
۲۳	عزیز	عزیز	عزیز	عزیز		
۲۴	است	است	اس	#است		
۲۵	.	.	.	.		
						
۰	صدا	صدا	صدا	صدا		
۱	و	و	و	و		
۲	سیمای	سیمای	سیما	سیما		
۳	جمهوری	جمهوری	جمهور	جمهوری		
۴	اسلامی	اسلامی	اسلام	اسلام		
۵	ایران	ایران	ایر	ایران		
۶	برنامههای	برنامههای	برنامه	برنامه		
۷	جالبی	جالبی	جالب	جالب		
۸	ندارد	ندارد	ندارد	داشت#دار		
۹	.	.	.	.		
						
۰	پرداخت	پرداخت	پرداخ	پرداخت		
۱	قبض	قبض	قبض	قبض		
۲	به صورت	بصورت	بصور	بصورت		
۳	الکترونیکی	الکترونیکی	الکترونیک	الکترونیک		
۴	هزینه	هزینه	هزینه	هزینه		
۵	آبونمان	آبونمان	آبون	آبونمان		
۶	را	را	را	را		
۷	کاهش	کاهش	کاه	کاهش		
۸	بسزایی	بسزایی	بسزا	بسزایی		
۹	میدهد	میدهد	میدهد	میدهد		
۱۰	.	.	.	.		
						
۰	آشپزی	آشپزی	آشپز	آشپز		
۱	در	در	در	در		
۲	رستوران	رستوران	رستور	رستوران		
۳	هنگام	هنگام	هنگا	هنگام		
۴	پخت	پخت	پخ	پخت#پز		
۵	غذا	غذا	غذا	غذا		
۶	دستش	دستش	دست	دست		
۷	سوخت	سوخت	سوخ	سوخت		
۸	.	.	.	.		
						
۰	ماشین	ماشین	ماشین	ماشین		
۱	آلات	آلات	آل	آلات		
۲	چینی	چینی	چین	چینی		
۳	کیفیت	کیفیت	کیف	کیفیت		
۴	مرغوبی	مرغوبی	مرغوب	مرغوب		
۵	ندارند	ندارند	ندارند	داشت#دار		
۶	.	.	.	.		
						
۰	کردستان	کردستان	کردس	کردستان		
۱	سرزمینی	سرزمینی	سرزمین	سرزمین		
۲	بسیار	بسیار	بسیار	بسیار		
۳	دل فریب	دلفریب	دلفریب	دلفریب		
۴	میباشد	میباشد	میباشد	میباشد		
۵	.	.	.	.		
						
۰	الهی	الهی	اله	اله		
۱	جانتان	جانتان	جان	جان		
۲	سلامت	سلامت	سلام	سلامت		
۳	و	و	و	و		
۴	تن	تن	تن	تن		
۵	درست	درست	درس	درست		
۶	باشد	باشد	باشد	بود#باش		
۷	.	.	.	.		
						
۰	البسه	البسه	البسه	البسه		
۱	خودتان	خودتان	خود	خود		
۲	را	را	را	را		
۳	با	با	با	با		
۴	اتو	اتو	اتو	اتو		
۵	صاف	صاف	صاف	صاف		
۶	کنید	کنید	کنید	کرد#کن		
۷	.	.	.	.		
						
۰	بیماران	بیماران	بیمار	بیمار		
۱	قبلی	قلبی	قلب	قلب		
۲	و	و	و	و		
۳	عروقی	عروقی	عروق	عروق		
۴	در	در	در	در		
۵	بیمارستان	بیمارستان	بیمارس	بیمارستان		
۶	آبان	آبان	آب	آبان		
۷	بستری	بستری	بستر	بستری		
۸	شدند	شدند	شدند	شد#شو		
۹	.	.	.	.		
						
۰	سامان	سامان	سا	سامان		
۱	پسری	پسری	پسر	پسر		
۲	هنرمند	هنرمند	هنرمند	هنرمند		
۳	او	او	او	او		
۴	موسیقی دان	مسیقیدان	مسیقید	مسیقیدان		
۵	است	است	اس	#است		
۶	.	.	.	.		
						
۰	مجمع	مجمع	مجمع	مجمع		
۱	عمومی	عمومی	عموم	عموم		
۲	و	و	و	و		
۳	انتخابات	انتخاب	انتخاب	انتخاب		
۴	شورای	شورای	شورا	شورا		
۵	مرکزی	مرکزی	مرکز	مرکزی		
۶	و	و	و	و		
۷	بازرسین	بازرسین	بازرسین	بازرسین		
۸	جامعه	جامعه	جامعه	جامعه		
۹	دانش آموختگان	دانشآموختگان	دانشآموختگ	دانشآموختگان		
۱۰	دانشگاه	دانشگاه	دانشگاه	دانشگاه		
۱۱	ظرف	ظرف	ظرف	ظرف		
۱۲	ماه	ماه	ماه	ماه		
۱۳	آتی	آتی	آت	آتی		
۱۴	برگزار	برگزار	برگزار	برگزار		
۱۵	میشود	میشود	میشود	میشود		
۱۶	.	.	.	.		
