0	بزرگ‌ترین	بزرگ	بزرگ‌ترین	_	_	
1	کاری	کار	کاشت#کار	_	_	
2	که	که	که	_	_	
3	در	در	در	_	_	
4	راستای	راستا	راستا	_	_	
5	کشورگشایی	کشورگشا	کشورگشایی	_	_	
6	می‌توان	می‌تو	می‌توان	_	_	
7	انجام	انجا	انجام	_	_	
8	داد	داد	داد	_	_	
9	فرار	فرار	فرار	_	_	
10	از	از	از	_	_	
11	این	این	این	_	_	
12	کشور	کشور	کشور	_	_	
13	خراب	خراب	خراب	_	_	
14	شده	شده	شده	_	_	
15	است	اس	#است	_	_	
16	.	.	.	_	_	
						
0	مال	مال	مال	_	_	
1	از	از	از	_	_	
2	بهر	بهر	بهر	_	_	
3	آسایش	آسا	آسایش	_	_	
4	عمر	عمر	عمر	_	_	
5	است	اس	#است	_	_	
6	،	،	،	_	_	
7	نه	نه	نه	_	_	
8	عمر	عمر	عمر	_	_	
9	از	از	از			
10	بهر	بهر	بهر			
11	گردکردن	گردکردن	گردکردن	_	_	
12	مال	مال	مال	_	_	
13	.	.	.	_	_	
						
0	عاقلی	عاقل	عاقلی	_	_	
1	را	را	را	_	_	
2	پرسیدند	پرسیدند	پرسید#پرس	_	_	
3	:	:	:	_	_	
						
0	نیک‌بخت	نیک‌بخ	نیک‌بخت	_	_	
1	کیست	کیس	کیست	_	_	
2	و	و	و	_	_	
3	بدبختی	بدبخت	بدبخت	_	_	
4	چیست	چیس	چیست	_	_	
5	؟	؟	؟	_	_	
						
0	گفت	گف	گفت#گو	_	_	
1	:	:	:	_	_	
						
0	نیک‌بخت	نیک‌بخ	نیک‌بخت	_	_	
1	ان		ان	_	_	
2	که	که	که	_	_	
3	خورد	خورد	خورد#خور	_	_	
4	و	و	و	_	_	
5	کشت	ک	کشت	_	_	
6	و	و	و	_	_	
7	بدبخت	بدبخ	بدبخت	_	_	
8	آن	آن	آن	_	_	
9	که	که	که	_	_	
10	مرد	مرد	مرد	_	_	
11	و	و	و	_	_	
12	هشت	ه	هشت	_	_	
13	.	.	.	_	_	
						
0	اوباشی	اوباش	اوباش	_	_	
1	را	را	را	_	_	
2	در	در	در	_	_	
3	خیابان	خیاب	خیابان	_	_	
4	دیدم	دید	دید#بین	_	_	
5	که	که	که	_	_	
6	اعمال	اعمال	اعمال	_	_	
7	ناشایستی	ناشایست	ناشایست	_	_	
8	انجام	انجا	انجام	_	_	
9	می‌دادند	می‌دادند	داد#ده	_	_	
10	.	.	.	_	_	
						
0	مطالب	مطالب	مطالب	_	_	
1	زیبایی	زیبا	زیبایی	_	_	
2	در	در	در	_	_	
3	باب	باب	باب	_	_	
4	مسجد	مسجد	مسجد	_	_	
5	خوانده	خوانده	خوانده	_	_	
6	بودم	بود	بود#باش	_	_	
7	که	که	که	_	_	
8	مورد	مورد	مورد	_	_	
9	پسندم	پسند	پسندید#پسند	_	_	
10	واقع	واقع	واقع	_	_	
11	نشده‌بود	نشده‌بود	نشده‌بود	_	_	
12	.	.	.	_	_	
						
0	تجربه	تجربه	تجربه	_	_	
1	خوبی	خوب	خوبی	_	_	
2	در	در	در	_	_	
3	زمینه‌ی	زمینه	زمینه	_	_	
4	تجربه‌های	تجربه	تجربه	_	_	
5	شخصی	شخص	شخص	_	_	
6	دارم	دار	داشت#دار	_	_	
7	!	!	!	_	_	
						
0	مهم‌ترین	مهم	مهم	_	_	
1	دلیل	دلیل	دلیل	_	_	
2	در	در	در	_	_	
3	بی‌کاری‌های	بی‌کاری	بی‌کاری‌های	_	_	
4	اکثر	اکثر	اکثر	_	_	
5	دانشجویان	دانشجو	دانشجو	_	_	
6	کشور	کشور	کشور	_	_	
7	انتخاب	انتخاب	انتخاب	_	_	
8	رشته	رشته	رشته	_	_	
9	اشتباه	اشتباه	اشتباه	_	_	
10	است	اس	#است	_	_	
11	!	!	!	_	_	
						
0	بهترین	به	بهترین	_	_	
1	کتابی	کتاب	کتاب	_	_	
2	که	که	که	_	_	
3	خوانده‌ام	خوانده	خواند#خوان	_	_	
4	کتاب	کتاب	کتاب	_	_	
5	۳۰۰	۳۰۰	۳۰۰	_	_	
6	سال	سال	سال	_	_	
7	تنهایی	تن	تنهایی	_	_	
8	بود	بود	بود#باش	_	_	
9	!	!	!	_	_	
						
0	در	در	در	_	_	
1	۱۳	۱۳	۱۳	_	_	
2	ابان	اب	ابان	_	_	
3	سال	سال	سال	_	_	
4	۱۳۹۷	۱۳۹۷	۱۳۹۷	_	_	
5	یکی	یک	یک	_	_	
6	از	از	از	_	_	
7	مهم‌ترین	مهم	مهم	_	_	
8	اتفاقات	اتفاق	اتفاقات	_	_	
9	زندگی	زندگ	زندگی	_	_	
10	جامعه	جامعه	جامعه	_	_	
11	بشری	بشر	بشر	_	_	
12	رخ	رخ	رخ	_	_	
13	نداد	نداد	داد#ده	_	_	
14	.	.	.	_	_	
						
0	ظاهراً	ظاهراً	ظاهراً	_	_	
1	بهترین	به	بهترین	_	_	
2	کاری	کار	کاشت#کار	_	_	
3	که	که	که	_	_	
4	می‌شود	می‌شود	شد#شو	_	_	
5	انجام	انجا	انجام	_	_	
6	داد	داد	داد	_	_	
7	مشاهده	مشاهده	مشاهده	_	_	
8	کار	کار	کار	_	_	
9	بقیه	بقیه	بقیه	_	_	
10	است	اس	#است	_	_	
11	.	.	.	_	_	
						
0	بزرگ‌ترین	بزرگ	بزرگ	_	_	
1	عامل	عامل	عامل	_	_	
2	پیروزی	پیروز	پیروزی	_	_	
3	۲	۲	۲	_	_	
4	بر	بر	بر	_	_	
5	صفر	صفر	صفر	_	_	
6	مقابل	مقابل	مقابل	_	_	
7	تیم	ت	تیم	_	_	
8	ضعیف	ضعیف	ضعیف	_	_	
9	استقلال	استقلال	استقلال	_	_	
10	،	،	،	_	_	
11	ضعیف	ضعیف	ضعیف	_	_	
12	بودن	بودن	بودن	_	_	
13	این	این	این	_	_	
14	تیم	ت	تیم	_	_	
15	بود	بود	بود#باش	_	_	
16	.	.	.	_	_	
						
0	اژدها	اژد	اژدها	_	_	
1	که	که	که	_	_	
2	از	از	از	_	_	
3	در	در	در	_	_	
4	واردشد	واردشد	واردشد	_	_	
5	همگی	همگ	همگی	_	_	
6	ترسیدند	ترسیدند	ترسید#ترس	_	_	
7	!	!	!	_	_	
						
0	دانشجویان	دانشجو	دانشجو	_	_	
1	دکترای	دکترا	دکترا	_	_	
2	حاضر	حاضر	حاضر	_	_	
3	در	در	در	_	_	
4	کلاس	کلاس	کلاس	_	_	
5	مسیول	مسیول	مسیول	_	_	
6	هدایت	هدا	هدایت	_	_	
7	فرایند	فرایند	فرایند	_	_	
8	،	،	،	_	_	
9	کنترل‌ها	کنترل	کنترل	_	_	
10	،	،	،	_	_	
11	تهیه	تهیه	تهیه	_	_	
12	استانداردهای	استاندارد	استاندارد	_	_	
13	مسابقه	مسابقه	مسابقه	_	_	
14	و	و	و	_	_	
15	برچسب‌زنی	برچسب‌زن	برچسب‌زنی	_	_	
16	داده‌ها	داده	داده	_	_	
17	،	،	،	_	_	
18	تکمیل	تکمیل	تکمیل	_	_	
19	داده	داده	داده	_	_	
20	تست	تس	تست	_	_	
21	و	و	و	_	_	
22	تهیه	تهیه	تهیه	_	_	
23	گزارش	گزار	گزارش	_	_	
24	(مقاله)	(مقاله)	(مقاله)	_	_	
25	مروری	مرور	مرور	_	_	
26	از	از	از	_	_	
27	کل	کل	کل	_	_	
28	مطالعه	مطالعه	مطالعه	_	_	
29	و	و	و	_	_	
30	بررسی	بررس	بررسی	_	_	
31	انجام‌شده	انجام‌شده	انجام‌شده	_	_	
32	هستند	هستند	#هست	_	_	
33	لذا	لذا	لذا	_	_	
34	باید	باید	باید	_	_	
35	به	به	به	_	_	
36	کل	کل	کل	_	_	
37	ابزارها	ابزار	ابزار	_	_	
38	اشراف	اشراف	اشراف	_	_	
39	نسبی	نسب	نسبی	_	_	
40	داشته باشند	داشته باشند	داشته باشند	_	_	
41	.	.	.	_	_	
						
0	شرح	شرح	شرح	_	_	
1	وظایف	وظایف	وظایف	_	_	
2	این	این	این	_	_	
3	دسته	دسته	دسته	_	_	
4	جداگانه	جداگانه	جداگانه	_	_	
5	در	در	در	_	_	
6	جلسه	جلسه	جلسه	_	_	
7	حضوری	حضور	حضور	_	_	
8	تشریح	تشریح	تشریح	_	_	
9	خواهدشد	خواهدشد	خواهدشد	_	_	
10	.	.	.	_	_	
						
0	دیگری	دیگر	دیگر	_	_	
1	جمع	جمع	جمع	_	_	
2	«	«	«	_	_	
3	مکسر	مکسر	مکسر	_	_	
4	»	»	»	_	_	
5	است	اس	#است	_	_	
6	که	که	که	_	_	
7	قاعدهی	قاعده	قاعده	_	_	
8	معینی	معین	معین	_	_	
9	ندارد	ندارد	داشت#دار	_	_	
10	،	،	،	_	_	
11	یعنی	یعن	یعنی	_	_	
12	«	«	«	_	_	
13	قیاسی	قیاس	قیاس	_	_	
14	»	»	»	_	_	
15	نیست	نیس	نیست	_	_	
16	،	،	،	_	_	
17	«	«	«	_	_	
18	سماعی	سماع	سماع	_	_	
19	»	»	»	_	_	
20	است	اس	#است	_	_	
21	و	و	و	_	_	
22	درمورد	درمورد	درمورد	_	_	
23	هر	هر	هر	_	_	
24	اسم	اس	اسم	_	_	
25	مفردی	مفرد	مفرد	_	_	
26	باید	باید	باید	_	_	
27	دید	دید	دید	_	_	
28	یا	یا	یا	_	_	
29	درواقع	درواقع	درواقع	_	_	
30	شنید	شنید	شنید#شنو	_	_	
31	که	که	که	_	_	
32	اهل	اهل	اهل	_	_	
33	زبان	زب	زبان	_	_	
34	مفرد	مفرد	مفرد	_	_	
35	ان		ان	_	_	
36	را	را	را	_	_	
37	به	به	به	_	_	
38	چه	چه	چه	_	_	
39	صورت	صور	صورت	_	_	
40	می‌شکند	می‌شکند	شکست#شکن	_	_	
41	و	و	و	_	_	
42	چه‌گونه	چه‌گونه	چه‌گونه	_	_	
43	به	به	به	_	_	
44	صورت	صور	صورت	_	_	
45	جمع	جمع	جمع	_	_	
46	مکسر	مکسر	مکسر	_	_	
47	یا	یا	یا	_	_	
48	شکسته	شکسته	شکسته	_	_	
49	درمی‌آورد	درمی‌آورد	درمی‌آورد	_	_	
50	.	.	.	_	_	
						
						
						
						
						
						
						
						
						
						
						
						
						
						
						
						
						
						
						
						
						
						
						
						
						
						
						
						
						
						
						
						
						
						
						
						
						
						
						
						
						
						
						
						
						
						
						
						
						
						
						
						
						
						
						
						
						
						
						
						
						
						
						
						
						
						
						
						
						
						
						
						
						
						
						
						
						
						
						
						
						
						
						
						
						
						
						
						
						
						
						
						
						
						
						
						
						
						
						
						
						
						
						
						
						
						
						
						
						
						
						
						
						
						
						
						
						
						
						
						
						
						
						
						
						
						
						
						
						
						
						
						
						
						
						
						
						
						
						
						
						
						
						
						
						
						
						
						
						
						
						
						
						
						
						
						
						
						
						
						
						
						
						
						
						
						
						
						
						
						
						
						
						
						
						
						
						
						
						
						
						
						
						
						
						
						
						
						
						
						
						
						
						
						
						
						
						
						
						
						
						
						
						
						
						
						
						
						
						
						
						
						
						
						
						
						
						
						
						
						
						
						
						
						
						
						
						
						
						
						
						
						
						
						
						
						
						
						
						
						
						
						
						
						
						
						
						
						
						
						
						
						
						
						
						
						
						
						
						
						
						
						
						
						
						
						
						
						
						
						
						
						
						
						
						
						
						
						
						
						
						
						
						
						
						
						
						
						
						
						
						
						
						
						
						
						
						
						
						
						
						
						
						
						
						
						
						
						
						
						
						
						
						
						
						
						
						
						
						
						
						
						
						
						
						
						
						
						
						
						
						
						
						
						
						
						
						
						
						
						
						
						
						
						
						
						
						
						
						
						
						
						
						
						
						
						
						
						
						
						
						
						
						
						
						
						
						
						
						
						
						
						
						
						
						
						
						
						
						
						
						
						
						
						
						
						
						
						
						
						
						
						
						
						
						
						
						
						
						
						
						
						
						
						
						
						
						
						
						
						
						
						
						
						
						
						
						
						
						
						
						
						
						
						
						
						
						
						
						
						
						
						
						
						
						
						
						
						
						
						
						
						
						
						
						
						
						
						
						
						
						
						
						
						
						
						
						
						
						
						
						
						
						
						
						
						
						
						
						
						
						
						
						
						
						
						
						
						
						
						
						
						
						
						
						
						
						
						
						
						
						
						
						
						
						
						
						
						
						
						
						
						
						
						
						
						
						
						
						
						
						
						
						
						
						
						
						
						
						
						
						
						
						
						
						
						
						
						
						
						
						
						
						
						
						
						
						
						
						
						
						
						
						
						
						
						
						
						
						
						
						
						
						
						
						
						
						
						
						
						
						
						
						
						
						
						
						
						
						
						
						
						
						
						
						
						
						
						
						
						
						
						
						
						
						
						
						
						
						
						
						
						
						
						
						
						
						
						
						
						
						
						
						
						
						
						
						
						
						
						
						
						
						
						
						
						
						
						
						
						
						
						
						
						
						
						
						
						
						
						
						
						
						
						
						
						
						
						
						
						
						
						
						
						
						
						
						
						
						
						
						
						
						
						
						
						
						
						
						
						
						
						
						
						
						
						
						
						
						
						
						
						
						
						
						
						
						
						
						
						
						
						
						
						
						
						
						
						
						
						
						
						
						
						
						
						
						
						
						
						
						
						
						
						
						
						
						
						
						
						
						
						
						
						
						
						
						
						
						
						
						
						
						
						
						
						
						
						
						
						
						
						
						
						
						
						
						
						
						
						
						
						
						
						
						
						
						
						
						
						
						
						
						
						
						
						
						
						
						
						
						
						
						
						
						
						
						
						
						
						
						
						
						
						
						
						
						
						
						
						
						
						
						
						
						
						
						
						
						
						
						
						
						
						
						
						
						
						
						
						
						
						
						
						
						
						
						
						
						
						
						
						
						
						
						
						
						
						
						
						
						
						
						
						
						
						
						
						
						
						
						
						
						
						
						
						
						
						
						
						
						
						
						
						
						
						
						
						
						
						
						
						
						
						
						
						
						
						
						
						
						
						
						
						
						
						
						
						
						
						
						
						
						
						
						
						
						
						
						
						
						
						
						
						
						
						
						
						
						
						
						
						
						
						
						
						
						
						
						
						
						
						
						
						
						
						
						
						
						
						
						
						
						
						
						
						
						
						
						
						
						
						
						
						
						
						
						
						
						
						
						
						
						
						
						
						
						
						
						
						
						
						
						
						
						
						
						
						
						
						
						
						
						
						
						
						
						
						
						
						
						
						
						
						
						
						
						
						
						
						
						
						
						
						
						
						
						
						
						
						
						
						
						
						
						
						
						
						
						
						
						
						
						
						
						
						
						
						
						
						
						
						
						
						
						
						
						
						
						
						
						
						
						
						
						
						
						
						
						
						
						
						
						
						
						
						
						
						
						
						
						
						
						
						
						
						
						
						
						
						
						
						
						
						
						
						
						
						
						
						
						
						
						
						
						
						
						
						
						
						
						
						
						
						
						
						
						
						
						
						
						
						
						
						
						
						
						
						
						
						
						
						
						
						
						
						
						
						
						
						
						
						
						
						
						
						
						
						
						
						
						
						
						
						
						
						
						
						
						
						
						
						
						
						
						
						
						
						
						
						
						
						
						
						
						
						
						
						
						
						
						
						
						
						
						
						
						
						
						
						
						
						
						
						
						
						
						
						
						
						
						
						
						
						
						
						
						
						
						
						
						
						
						
						
						
						
						
						
						
						
						
						
						
						
						
						
						
						
						
						
						
						
						
						
						
						
						
						
						
						
						
						
						
						
						
						
						
						
						
						
						
						
						
						
						
						
						
						
						
						
						
						
						
						
						
						
						
						
						
						
						
						
						
						
						
						
						
						
						
						
						
						
						
						
						
						
						
						
						
						
						
						
						
						
						
						
						
						
						
						
						
						
						
						
						
						
						
						
						
						
						
						
						
						
						
						
						
						
						
						
						
						
						
						
						
						
						
						
						
						
						
						
						
						
						
						
						
						
						
						
						
						
						
						
						
						
						
						
						
						
						
						
						
						
						
						
						
						
						
						
						
						
						
						
						
						
						
						
						
						
						
						
						
						
						
						
						
						
						
						
						
						
						
						
						
						
						
						
						
						
						
						
						
						
						
						
						
						
						
						
						
						
						
						
						
						
						
						
						
						
						
						
						
						
						
						
						
						
						
						
						
						
						
						
						
						
						
						
						
						
						
						
						
						
						
						
						
						
						
						
						
						
						
						
						
						
						
						
						
						
						
						
						
						
						
						
						
						
						
						
						
						
						
						
						
						
						
						
						
						
						
						
						
						
						
						
						
						
						
						
						
						
						
						
						
						
						
						
						
						
						
						
						
						
						
						
						
						
						
						
						
						
						
						
						
						
						
						
						
						
						
						
						
						
						
						
						
						
						
						
						
						
						
						
						
						
						
						
						
						
						
						
						
						
						
						
						
						
						
						
						
						
						
						
						
						
						
						
						
						
						
						
						
						
						
						
						
						
						
						
						
						
						
						
						
						
						
						
						
						
						
						
						
						
						
						
						
						
						
						
						
						
						
						
						
						
						
						
						
						
						
						
						
						
						
						
						
						
						
						
						
						
						
						
						
						
						
						
						
						
						
						
						
						
						
						
						
						
						
						
						
						
						
						
						
						
						
						
						
						
						
						
						
						
						
						
						
						
						
						
						
						
						
						
						
						
						
						
						
						
						
						
						
						
						
						
						
						
						
						
						
						
						
						
						
						
						
						
						
						
						
						
						
						
						
						
						
						
						
						
						
						
						
						
						
						
						
						
						
						
						
						
						
						
						
						
						
						
						
						
						
						
						
						
						
						
						
						
						
						
						
						
						
						
						
						
						
						
						
						
						
						
						
						
						
						
						
						
						
						
						
						
						
						
						
						
						
						
						
						
						
						
						
						
						
						
						
						
						
						
						
						
						
						
						
						
						
						
						
						
						
						
						
						
						
						
						
						
						
						
						
						
						
						
						
						
						
						
						
						
						
						
						
						
						
						
						
						
						
						
						
						
						
						
						
						
						
						
						
						
						
						
						
						
						
						
						
						
						
						
						
						
						
						
						
						
						
						
						
						
						
						
						
						
						
						
						
						
						
						
						
						
						
						
						
						
						
						
						
						
						
						
						
						
						
						
						
						
						
						
						
						
						
						
						
						
						
						
						
						
						
						
						
						
						
						
						
						
						
						
						
						
						
						
						
						
						
						
						
						
						
						
						
						
						
						
						
						
						
						
						
						
						
						
						
						
						
						
						
						
						
						
						
						
						
						
						
						
						
						
						
						
						
						
						
						
						
						
						
						
						
						
						
						
						
						
						
						
						
						
						
						
						
						
						
						
						
						
						
						
						
						
						
						
						
						
						
						
						
						
						
						
						
						
						
						
						
						
						
						
						
						
						
						
						
						
						
						
						
						
						
						
						
						
						
						
						
						
						
						
						
						
						
						
						
						
						
						
						
						
						
						
						
						
						
						
						
						
						
						
						
						
						
						
						
						
						
						
						
						
						
						
						
						
						
						
						
						
						
						
						
						
						
						
						
						
						
						
						
						
						
						
						
						
						
						
						
						
						
						
						
						
						
						
						
						
						
						
						
						
						
						
						
						
						
						
						
						
						
						
						
						
						
						
						
						
						
						
						
						
						
						
						
						
						
						
						
						
						
						
						
						
						
						
						
						
						
						
						
						
						
						
						
						
						
						
						
						
						
						
						
						
						
						
						
						
						
						
						
						
						
						
						
						
						
						
						
						
						
						
						
						
						
						
						
						
						
						
						
						
						
						
						
						
						
						
						
						
						
						
						
						
						
						
						
						
						
						
						
						
						
						
						
						
						
						
						
						
						
						
						
						
						
						
						
						
						
						
						
						
						
						
						
						
						
						
						
						
						
						
						
						
						
						
						
						
						
						
						
						
						
						
						
						
						
						
						
						
						
						
						
						
						
						
						
						
						
						
						
						
						
						
						
						
						
						
						
						
						
						
						
						
						
						
						
						
						
						
						
						
						
						
						
						
						
						
						
						
						
						
						
						
						
						
						
						
						
						
						
						
						
						
						
						
						
						
						
						
						
						
						
						
						
						
						
						
						
						
						
						
						
						
						
						
						
						
						
						
						
						
						
						
						
						
						
						
						
						
						
						
						
						
						
						
						
						
						
						
						
						
						
						
						
						
						
						
						
						
						
						
						
						
						
						
						
						
						
						
						
						
						
						
						
						
						
						
						
						
						
						
						
						
						
						
						
						
						
						
						
						
						
						
						
						
						
						
						
						
						
						
						
						
						
						
						
						
						
						
						
						
						
						
						
						
						
						
						
						
						
						
						
						
						
						
						
						
						
						
						
						
						
						
						
						
						
						
						
						
						
						
						
						
						
						
						
						
						
						
						
						
						
						
						
						
						
						
						
						
						
						
						
						
						
						
						
						
						
						
						
						
						
						
						
						
						
						
						
						
						
						
						
						
						
						
						
						
						
						
						
						
						
						
						
						
						
						
						
						
						
						
						
						
						
						
						
						
						
						
						
						
						
						
						
						
						
						
						
						
						
						
						
						
						
						
						
						
						
						
						
						
						
						
						
						
						
						
						
						
						
						
						
						
						
						
						
						
						
						
						
						
						
						
						
						
						
						
						
						
						
						
						
						
						
						
						
						
						
						
						
						
						
						
						
						
						
						
						
						
						
						
						
						
						
						
						
						
						
						
						
						
						
						
						
						
						
						
						
						
						
						
						
						
						
						
						
						
						
						
						
						
						
						
						
						
						
						
						
						
						
						
						
						
						
						
						
						
						
						
						
						
						
						
						
						
						
						
						
						
						
						
						
						
						
						
						
						
						
						
						
						
						
						
						
						
						
						
						
						
						
						
						
						
						
						
						
						
						
						
						
						
						
						
						
						
						
						
						
						
						
						
						
						
						
						
						
						
						
						
						
						
						
						
						
						
						
						
						
						
						
						
						
						
						
						
						
						
						
						
						
						
						
						
						
						
						
						
						
						
						
						
						
						
						
						
						
						
						
						
						
						
						
						
						
						
						
						
						
						
						
						
						
						
						
						
						
						
						
						
						
						
						
						
						
						
						
						
						
						
						
						
						
						
						
						
						
						
						
						
						
						
						
						
						
						
						
						
						
						
						
						
						
						
						
						
						
						
						
						
						
						
						
						
						
						
						
						
						
						
						
						
						
						
						
						
						
						
						
						
						
						
						
						
						
						
						
						
						
						
						
						
						
						
						
						
						
						
						
						
						
						
						
						
						
						
						
						
						
						
						
						
						
						
						
						
						
						
						
						
						
						
						
						
						
						
						
						
						
						
						
						
						
						
						
						
						
						
						
						
						
						
						
						
						
						
						
						
						
						
						
						
						
						
						
						
						
						
						
						
						
						
						
						
						
						
						
						
						
						
						
						
						
						
						
						
						
						
						
						
						
						
						
						
						
						
						
						
						
						
						
						
						
						
						
						
						
						
						
						
						
						
						
						
						
						
						
						
						
						
						
						
						
						
						
						
						
						
						
						
						
						
						
						
						
						
						
						
						
						
						
						
						
						
						
						
						
						
						
						
						
						
						
						
						
						
						
						
						
						
						
						
						
						
						
						
						
						
						
						
						
						
						
						
						
						
						
						
						
						
						
						
						
						
						
						
						
						
						
						
						
						
						
						
						
						
						
						
						
						
						
						
						
						
						
						
						
						
						
						
						
						
						
						
						
						
						
						
						
						
						
						
						
						
						
						
						
						
						
						
						
						
						
						
						
						
						
						
						
						
						
						
						
						
						
						
						
						
						
						
						
						
						
						
						
						
						
						
						
						
						
						
						
						
						
						
						
						
						
						
						
						
						
						
						
						
						
						
						
						
						
						
						
						
						
						
						
						
						
						
						
						
						
						
						
						
						
						
						
						
						
						
						
						
						
						
						
						
						
						
						
						
						
						
						
						
						
						
						
						
						
						
						
						
						
						
						
						
						
						
						
						
						
						
						
						
						
						
						
						
						
						
						
						
						
						
						
						
						
						
						
						
						
						
						
						
						
						
						
						
						
						
						
						
						
						
						
						
						
						
						
						
						
						
						
						
						
						
						
						
						
						
						
						
						
						
						
						
						
						
						
						
						
						
						
						
						
						
						
						
						
						
						
						
						
						
						
						
						
						
						
						
						
						
						
						
						
						
						
						
						
						
						
						
						
						
						
						
						
						
						
						
						
						
						
						
						
						
						
						
						
						
						
						
						
						
						
						
						
						
						
						
						
						
						
						
						
						
						
						
						
						
						
						
						
						
						
						
						
						
						
						
						
						
						
						
						
						
						
						
						
						
						
						
						
						
						
						
						
						
						
						
						
						
						
						
						
						
						
						
						
						
						
						
						
						
						
						
						
						
						
						
						
						
						
						
						
						
						
						
						
						
						
						
						
