0	در	در	در	_	_	
1	شب	شب	شب	_	_	
2	شبنم	شبن	شبنم	_	_	
3	نم‌نم	نم‌ن	نم‌نم	_	_	
4	نم	ن	نم	_	_	
5	را	را	را	_	_	
6	بر	بر	بر	_	_	
7	تن	تن	تن	_	_	
8	گلبرگ	گلبرگ	گلبرگ	_	_	
9	پوشاند	پوشاند	پوشاند#پوشان	_	_	
10	.	.	.	_	_	
						
0	سخنان	سخن	سخن	_	_	
1	خاطر پریشان	خاطر پر	خاطر پریشان	_	_	
2	خاطرم	خاطر	خاطر	_	_	
3	را	را	را	_	_	
4	پریشان	پر	پریشان	_	_	
5	می‌کند	می‌کند	کرد#کن	_	_	
6	.	.	.	_	_	
						
0	به	به	به	_	_	
1	خاطر	خاطر	خاطر	_	_	
2	زیادی	زیاد	زیاد	_	_	
3	رویش	رو	رویش	_	_	
4	رویش	رو	رویش	_	_	
5	از	از	از	_	_	
6	رویش	رو	رویش	_	_	
7	ریش	ر	ریش	_	_	
8	کم	ک	کم	_	_	
9	شد	شد	شد#شو	_	_	
10	.	.	.	_	_	
						
0	دانه	دانه	دانه	_	_	
1	دانست	دانس	دانست#دان	_	_	
2	که	که	که	_	_	
3	دانه	دانه	دانه	_	_	
4	ست	س	ست	_	_	
5	و	و	و	_	_	
6	می‌روید	می‌روید	رفت#رو	_	_	
7	که	که	که	_	_	
8	به	به	به	_	_	
9	زیر	زیر	زیر	_	_	
10	رفت	رف	رفت#رو	_	_	
11	شما	شما	شما	_	_	
12	چرا	چرا	چرا	_	_	
13	می‌روید	می‌روید	رفت#رو	_	_	
14	.	.	.	_	_	
						
0	بی‌تا	بی‌تا	بی‌تا	_	_	
1	بی‌تابی	بی‌تاب	بی‌تاب	_	_	
2	می‌کرد	می‌کرد	کرد#کن	_	_	
3	چون	چون	چون	_	_	
4	بی‌تا	بی‌تا	بی‌تا	_	_	
5	نبود	نبود	بود#باش	_	_	
6	.	.	.	_	_	
						
0	سه	سه	سه	_	_	
1	تا	تا	تا	_	_	
2	سه	سه	سه	_	_	
3	تا	تا	تا	_	_	
4	سه‌تار	سه‌تار	سه‌تار	_	_	
5	سه‌	سه	سه	_	_	
6	تار	تار	تار	_	_	
7	را	را	را	_	_	
8	برداشت	بردا	برداشت	_	_	
9	.	.	.	_	_	
						
0	شهره	شهره	شهره	_	_	
1	شهره	شهره	شهره	_	_	
2	شهر	شهر	شهر	_	_	
3	است	اس	#است	_	_	
4	.	.	.	_	_	
						
0	در	در	در	_	_	
1	این	این	این	_	_	
2	درگه	درگه	درگه	_	_	
3	که	که	که	_	_	
4	گه‌گه	گه‌گه	گه‌گه	_	_	
5	که	که	که	_	_	
6	که	که	که	_	_	
7	و	و	و	_	_	
8	که	که	که	_	_	
9	که	که	که	_	_	
10	شود	شود	شد#شو	_	_	
11	ناگه	ناگه	ناگه	_	_	
12	مشو	مشو	مشو	_	_	
13	غره	غره	غره	_	_	
14	به	به	به	_	_	
15	امروزت	امروز	امروز	_	_	
16	که	که	که	_	_	
17	از	از	از	_	_	
18	فردا	فردا	فردا	_	_	
19	نه‌ای	نه	نه	_	_	
20	آگه	آگه	آگه	_	_	
21	.	.	.	_	_	
						
0	تو	تو	تو	_	_	
1	خود	خود	خود	_	_	
2	ناگه	ناگه	ناگه	_	_	
3	وصالم	وصال	وصال	_	_	
4	داده‌ایی	داده	داده	_	_	
5	بر	بر	بر	_	_	
6	درگه	درگه	درگه	_	_	
7	فضلت	فضل	فضل	_	_	
8	که	که	که	_	_	
9	گه‌گه	گه‌گه	گه‌گه	_	_	
10	دل	دل	دل	_	_	
11	کجا	کجا	کجا	_	_	
12	آگه	آگه	آگه	_	_	
13	شود	شود	شد#شو	_	_	
14	از	از	از	_	_	
15	در	در	در	_	_	
16	گهت	گه	گه	_	_	
17	هرگه	هرگه	هرگه	_	_	
18	.	.	.	_	_	
						
0	صدیقه	صدیقه	صدیقه	_	_	
1	صدیقه	صدیقه	صدیقه	_	_	
2	دوخت	دوخ	دوخت	_	_	
3	.	.	.	_	_	
						
0	آنقدر	آنقدر	آنقدر	_	_	
1	بست‌نشست	بست‌نشس	بست‌نشست	_	_	
2	تا	تا	تا	_	_	
3	آب	آب	آب	_	_	
4	را	را	را	_	_	
5	بست	بس	بست#بند	_	_	
6	.	.	.	_	_	
						
0	دوش	دو	دوش	_	_	
1	دوشش	دوش	دوش	_	_	
2	را	را	را	_	_	
3	بست	بس	بست#بند	_	_	
4	و	و	و	_	_	
5	بردوشش	بردوش	بردوشش	_	_	
6	گذاشت	گذا	گذاشت#گذار	_	_	
7	و	و	و	_	_	
8	گاو	گاو	گاو	_	_	
9	را	را	را	_	_	
10	دوشید	دوشید	دوشید	_	_	
11	.	.	.	_	_	
						
0	مه	مه	مه	_	_	
1	مه	مه	مه	_	_	
2	را	را	را	_	_	
3	مهار	مهار	مهار	_	_	
4	کرد	کرد	کرد#کن	_	_	
5	.	.	.	_	_	
						
0	ما	ما	ما	_	_	
1	زیاد	زیاد	زیاد	_	_	
2	ز	ز	ز	_	_	
3	زیاد	زیاد	زیاد	_	_	
4	می‌رویم	می‌رو	رفت#رو	_	_	
5	.	.	.	_	_	
						
0	پرسید	پرسید	پرسید#پرس	_	_	
1	برای	برا	برای	_	_	
2	شام	شا	شام	_	_	
3	چه	چه	چه	_	_	
4	شامی	شام	شامی	_	_	
5	داریم	دار	داشت#دار	_	_	
6	گفتم	گف	گفت#گو	_	_	
7	شامی	شام	شامی	_	_	
8	.	.	.	_	_	
						
0	با	با	با	_	_	
1	صدای	صدا	صدا	_	_	
2	بلند	بلند	بلند	_	_	
3	آواز	آواز	آواز	_	_	
4	سرداد	سرداد	سرداد	_	_	
5	که	که	که	_	_	
6	هوای	هوا	هوا	_	_	
7	سرد	سرد	سرد	_	_	
8	سردرد	سردرد	سردرد	_	_	
9	می‌آورد	می‌آورد	آورد#آور	_	_	
10	.	.	.	_	_	
						
0	سبک	سبک	سبک	_	_	
1	سبکی	سبک	سبک	_	_	
2	را	را	را	_	_	
3	برای	برا	برای	_	_	
4	نوشتن	نوشتن	نوشتن	_	_	
5	دارد	دارد	داشت#دار	_	_	
6	.	.	.	_	_	
						
0	شعر	شعر	شعر	_	_	
1	را	را	را	_	_	
2	از	از	از	_		
3	برخواند	برخواند	برخواند	_	_	
4	.	.	.	_	_	
						
0	به	به	به	_	_	
1	را	را	را	_	_	
2	خورد	خورد	خورد#خور	_	_	
3	و	و	و	_	_	
4	گفت	گف	گفت#گو	_	_	
5	به‌به	به‌به	به‌به	_	_	
6	به	به	به	_	_	
7	این	این	این	_	_	
8	به	به	به	_	_	
9	!	!	!	_	_	
						
0	درست	درس	درست	_	_	
1	درست	درس	درست	_	_	
2	را	را	را	_	_	
3	بخوان	بخو	خواند#خوان	_	_	
4	.	.	.	_	_	
						
0	چوب	چوب	چوب	_	_	
1	خط‌خطی	خط‌خط	خط‌خطی	_	_	
2	پر	پر	پر	_	_	
3	از	از	از	_	_	
4	چوب‌خط	چوب‌خط	چوب‌خط	_	_	
5	بود	بود	بود#باش	_	_	
6	.	.	.	_	_	
						
0	چهارپایان	چهارپا	چهارپا	_	_	
1	پایان	پا	پایان	_	_	
2	راه	راه	راه	_	_	
3	را	را	را	_	_	
4	پاییدند	پاییدند	پاییدند	_	_	
5	.	.	.	_	_	
						
0	یک	یک	یک	_	_	
1	فرد	فرد	فرد	_	_	
2	با	با	با	_	_	
3	لباس	لباس	لباس	_	_	
4	راه‌راه	راه‌راه	راه‌راه	_	_	
5	راه‌بندان	راه‌بند	راه‌بندان	_	_	
6	به راه انداخته	به راه انداخته	به راه انداخته	_	_	
7	بود	بود	بود#باش	_	_	
8	.	.	.	_	_	
						
0	نم‌نمک	نم‌نمک	نم‌نمک	_	_	
1	نمک	نمک	نمک	_	_	
2	را	را	را	_	_	
3	به	به	به	_	_	
4	غذا	غذا	غذا	_	_	
5	اضافه	اضافه	اضافه	_	_	
6	کن	کن	کن	_	_	
7	.	.	.	_	_	
						
0	چون	چون	چون	_	_	
1	هوا	هوا	هوا	_	_	
2	تاریک	تاریک	تاریک	_	_	
3	است	اس	#است	_	_	
4	در	در	در	_	_	
5	بامداد	بامداد	بامداد	_	_	
6	با	با	با	_	_	
7	مداد	مداد	مداد	_	_	
8	بنویس	بنویس	نوشت#نویس	_	_	
9	تا	تا	تا	_	_	
10	بتوانی	بتوان	توانست#توان	_	_	
11	با	با	با	_	_	
12	پاک‌کن	پاک‌کن	پاک‌کن	_	_	
13	آن	آن	آن	_	_	
14	را	را	را	_	_	
15	پاک	پاک	پاک	_	_	
16	کنی	کن	کرد#کن	_	_	
17	.	.	.	_	_	
						
0	از	از	از	_	_	
1	بس	بس	بس	_	_	
2	به	به	به	_	_	
3	من	من	من	_	_	
4	گفت	گف	گفت#گو	_	_	
5	نترس	نترس	نترس	_	_	
6	!	!	!	_	_	
7	تا	تا	تا	_	_	
8	من	من	من	_	_	
9	نترس	نترس	نترس	_	_	
10	به	به	به	_	_	
11	بار	بار	بار	_	_	
12	آمدم	آمد	آمد#آ	_	_	
13	.	.	.	_	_	
						
0	حس	حس	حس	_	_	
1	کردم	کرد	کرد#کن	_	_	
2	دستم	دس	دستم	_	_	
3	بی‌حس	بی‌حس	بی‌حس	_	_	
4	شده	شده	شده	_	_	
5	است	اس	#است	_	_	
6	.	.	.	_	_	
						
0	گزیده	گزیده	گزیده	_	_	
1	حرفش	حرف	حرف	_	_	
2	این	این	این	_	_	
3	بود	بود	بود#باش	_	_	
4	که	که	که	_	_	
5	ما	ما	ما	_	_	
6	را	را	را	_	_	
7	مار	مار	مار	_	_	
8	گزیده	گزیده	گزیده	_	_	
9	است	اس	#است	_	_	
10	.	.	.	_	_	
						
0	با	با	با	_	_	
1	گویش	گو	گویش	_	_	
2	خاصی	خاص	خاص	_	_	
3	گفت	گف	گفت#گو	_	_	
4	گویش	گو	گویش	_	_	
5	را	را	را	_	_	
6	بردار	بردار	بردار	_	_	
7	.	.	.	_	_	
						
0	باآن‌که	باآن‌که	باآن‌که	_	_	
1	اتاق	اتاق	اتاق	_	_	
2	سوت‌وکور	سوت‌وکور	سوت‌وکور	_	_	
3	بود	بود	بود#باش	_	_	
4	باز	باز	باز	_	_	
5	هم	ه	هم	_	_	
6	صدایی	صدا	صدا	_	_	
7	شنیده	شنیده	شنیده	_	_	
8	نمی‌شد	نمی‌شد	شد#شو	_	_	
9	.	.	.	_	_	
						
0	قدم‌قدم	قدم‌قد	قدم‌قدم	_	_	
1	جلو	جلو	جلو	_	_	
2	رفتم	رف	رفت#رو	_	_	
3	و	و	و	_	_	
4	قدم	قد	قدم	_	_	
5	را	را	را	_	_	
6	خم	خ	خم	_	_	
7	کردم	کرد	کرد#کن	_	_	
8	.	.	.	_	_	
						
0	سر	سر	سر	_	_	
1	و	و	و	_	_	
2	صورتش	صورت	صورت	_	_	
3	را	را	را	_	_	
4	سایه	سایه	سایه	_	_	
5	انداخته‌بود	انداخته‌بود	انداخته‌بود	_	_	
6	.	.	.	_	_	
						
0	یک	یک	یک	_	_	
1	ماهی	ماه	ماه	_	_	
2	ماهی	ماه	ماه	_	_	
3	چندین	چندین	چندین	_	_	
4	لیتر	ل	لیتر	_	_	
5	آب	آب	آب	_	_	
6	می‌خورد	می‌خورد	خورد#خور	_	_	
7	.	.	.	_	_	
						
0	سراسیمه	سراسیمه	سراسیمه	_	_	
1	گفت	گف	گفت#گو	_	_	
2	کی‌برد	کی‌برد	کی‌برد	_	_	
3	را	را	را	_	_	
4	کی	ک	کی	_	_	
5	برد	برد	برد	_	_	
6	؟	؟	؟	_	_	
						
0	به	به	به	_	_	
1	پایان	پا	پایان	_	_	
2	آمد	آمد	آمد#آ	_	_	
3	این	این	این	_	_	
4	دفتر	دف	دفتر	_	_	
5	حکایت	حکا	حکایت	_	_	
6	همچنان	همچن	همچنان	_	_	
7	باقیست	باقیس	باقیست	_	_	
8	.	.	.	_	_	
						
0	هرچه	هرچه	هرچه	_	_	
1	درسر	درسر	درسر	_	_	
2	داشت	دا	داشت	_	_	
3	را	را	را	_	_	
4	به‌کارگرفت	به‌کارگرف	به‌کارگرفت	_	_	
5	.	.	.	_	_	
						
0	مادر	مادر	مادر	_	_	
1	بی	ب	بی	_	_	
2	تو	تو	تو	_	_	
3	ما	ما	ما	_	_	
4	درمانده‌ایم	درمانده	درمانده	_	_	
5	.	.	.	_	_	
						
0	با	با	با	_	_	
1	هرکه	هرکه	هرکه	_	_	
2	گشتم	گ	گشت#گرد	_	_	
3	دیوانه	دیوانه	دیوانه	_	_	
4	گشتم	گ	گشت#گرد	_	_	
5	.	.	.	_	_	
						
0	حالا	حالا	حالا	_	_	
1	که	که	که	_	_	
2	خوب	خوب	خوب	_	_	
3	فکر	فکر	فکر	_	_	
4	می‌کنم	می‌کن	کرد#کن	_	_	
5	او	او	او	_	_	
6	پربیراه	پربیراه	پربیراه	_	_	
7	نمی‌گفت	نمی‌گف	گفت#گو	_	_	
8	.	.	.	_	_	
						
0	با	با	با	_	_	
1	تکان	تک	تکان	_	_	
2	دادن	دادن	دادن	_	_	
3	لب	لب	لب	_	_	
4	لب‌کلام	لب‌کلا	لب‌کلام	_	_	
5	را	را	را	_	_	
6	گفت	گف	گفت#گو	_	_	
7	.	.	.	_	_	
						
0	او	او	او	_	_	
1	را	را	را	_	_	
2	ضمیر	ضمیر	ضمیر	_	_	
3	ناخوآگاهش	ناخوآگاه	ناخوآگاهش	_	_	
4	آگاهش	آگاه	آگاه	_	_	
5	کرد	کرد	کرد#کن	_	_	
6	.	.	.	_	_	
						
0	او	او	او	_	_	
1	خود	خود	خود	_	_	
2	کار	کار	کار	_	_	
3	خودکار	خودکار	خودکار	_	_	
4	خودکارش	خودکار	خودکار	_	_	
5	را	را	را	_	_	
6	انجام	انجا	انجام	_	_	
7	می‌داد	می‌داد	داد#ده	_	_	
8	.	.	.	_	_	
						
0	دزد	دزد	دزد	_	_	
1	به	به	به	_	_	
2	قصد	قصد	قصد	_	_	
3	دست‌برد	دست‌برد	دست‌برد	_	_	
4	به	به	به	_	_	
5	سمت	سم	سمت	_	_	
6	کیف	کیف	کیف	_	_	
7	دست‌	دست	دست	_	_	
8	‌برد	‌برد	‌برد	_	_	
9	.	.	.	_	_	
						
0	روش	رو	روش	_	_	
1	و	و	و	_	_	
2	سنت	سن	سنت	_	_	
3	اینجا	اینجا	اینجا	_	_	
4	اینگونه	اینگونه	اینگونه	_	_	
5	است	اس	#است	_	_	
6	که	که	که	_	_	
7	باید	باید	باید	_	_	
8	سنت	سن	سنت	_	_	
9	را	را	را	_	_	
10	بگویی	بگو	گفت#گو	_	_	
11	.	.	.	_	_	
						
0	شاهی	شاه	شاه	_	_	
1	را	را	را	_	_	
2	دیدم	دید	دید#بین	_	_	
3	که	که	که	_	_	
4	حتی	حت	حتی	_	_	
5	یک	یک	یک	_	_	
6	شاهی	شاه	شاه	_	_	
7	را	را	را	_	_	
8	هم	ه	هم	_	_	
9	هدیه	هدیه	هدیه	_	_	
10	نمی‌داد	نمی‌داد	داد#ده	_	_	
11	.	.	.	_	_	
						
0	راهم	راه	راه	_	_	
1	را	را	را	_	_	
2	هم	ه	هم	_	_	
3	بستند	بستند	بست#بند	_	_	
4	.	.	.	_	_	
						
0	تشکر	تشکر	تشکر	_	_	
1	زبانی	زبان	زبان	_	_	
2	ز	ز	ز	_	_	
3	بانی	بان	بانی	_	_	
4	این	این	این	_	_	
5	مجلس	مجلس	مجلس	_	_	
6	کافی	کاف	کافی	_	_	
7	نیست	نیس	نیست	_	_	
8	.	.	.	_	_	
						
0	نقاش	نقا	نقاش	_	_	
1	بعد	بعد	بعد	_	_	
2	از	از	از	_	_	
3	اینکه	اینکه	اینکه	_	_	
4	یک	یک	یک	_	_	
5	دست	دس	دست	_	_	
6	کشید	کشید	کشید#کش	_	_	
7	از	از	از	_	_	
8	کارش	کار	کار	_	_	
9	دست	دس	دست	_	_	
10	کشید	کشید	کشید#کش	_	_	
11	.	.	.	_	_	
						
0	معلم	معل	معلم	_	_	
1	در	در	در	_	_	
2	کلاس	کلاس	کلاس	_	_	
3	زیست	زیس	زیست	_	_	
4	بی‌هوا	بی‌هوا	بی‌هوا	_	_	
5	گفت	گف	گفت#گو	_	_	
6	بی‌	بی	بی	_	_	
7	هوا	هوا	هوا	_	_	
8	نمی‌توان	نمی‌تو	نمی‌توان	_	_	
9	زیست	زیس	زیست	_	_	
10	.	.	.	_	_	
						
0	تحقیقات	تحقیق	تحقیقات	_	_	
1	سری	سر	سری	_	_	
2	خاطرنشان‌	خاطرنشان	خاطرنشان	_	_	
3	کرده‌اند‌	کرده‌اند	کرده‌اند‌	_	_	
4	که	که	که	_	_	
5	موهای	مو	مو	_	_	
6	کمند	کمند	کمند	_	_	
7	کمند	کمند	کمند	_	_	
8	.	.	.	_	_	
						
0	مار	مار	مار	_	_	
1	سمی	سم	سم	_	_	
2	سمش	سم	سم	_	_	
3	سمی	سم	سم	_	_	
4	کشنده‌است	کشنده‌اس	کشنده‌است	_	_	
5	.	.	.	_	_	
						
0	گوسفند	گوسفند	گوسفند	_	_	
1	سمش	سم	سم	_	_	
2	را	را	را	_	_	
3	به	به	به	_	_	
4	زمین	زمین	زمین	_	_	
5	کوبید	کوبید	کوبید	_	_	
6	.	.	.	_	_	
						
0	باد	باد	باد	_	_	
1	ابرها	ابر	ابر	_	_	
2	را	را	را	_	_	
3	پراکنده	پراکنده	پراکنده	_	_	
4	ساخت	ساخ	ساخت	_	_	
5	.	.	.	_	_	
						
0	ابر	ابر	ابر	_	_	
1	ابری	ابر	ابر	_	_	
2	در	در	در	_	_	
3	آسمان	آس	آسمان	_	_	
4	سایه	سایه	سایه	_	_	
5	گسترانید	گسترانید	گسترانید	_	_	
6	.	.	.	_	_	
						
0	با	با	با	_	_	
1	بارش	بار	بارش	_	_	
2	باران	بار	باران	_	_	
3	او	او	او	_	_	
4	هم	ه	هم	_	_	
5	کمابیش	کماب	کمابیش	_	_	
6	تر		تر	_	_	
7	شد	شد	شد#شو	_	_	
8	.	.	.	_	_	
						
0	در	در	در	_	_	
1	انتهای	انت	انتهای	_	_	
2	مسابقه	مسابقه	مسابقه	_	_	
3	مهره	مهره	مهره	_	_	
4	آس‌مان	آس	آس‌مان	_	_	
5	را	را	را	_	_	
6	روکردیم	روکرد	روکردیم	_	_	
7	.	.	.	_	_	
						
0	او	او	او	_	_	
1	خود	خود	خود	_	_	
2	را	را	را	_	_	
3	سیر	سیر	سیر	_	_	
4	کرد	کرد	کرد#کن	_	_	
5	و	و	و	_	_	
6	در	در	در	_	_	
7	اطراف	اطراف	اطراف	_	_	
8	سیرکرد	سیرکرد	سیرکرد	_	_	
9	.	.	.	_	_	
						
0	ادب	ادب	ادب	_	_	
1	آداب	آداب	آداب	_	_	
2	دارد	دارد	داشت#دار	_	_	
3	.	.	.	_	_	
						
0	با	با	با	_	_	
1	دیدن	دیدن	دیدن	_	_	
2	صحنه	صحنه	صحنه	_	_	
3	دهانش	دهان	دهان	_	_	
4	باز	باز	باز	_	_	
5	ماند	ماند	ماند#مان	_	_	
6	چرا	چرا	چرا	_	_	
7	که	که	که	_	_	
8	بز	بز	بز	_	_	
9	رگش	رگ	رگ	_	_	
10	را	را	را	_	_	
11	زد	زد	زد#زن	_	_	
12	.	.	.	_	_	
						
0	خیزید	خیزید	خیزید	_	_	
1	و	و	و	_	_	
2	خز	خز	خز	_	_	
3	آرید	آرید	آرید	_	_	
4	که	که	که	_	_	
5	هنگام	هنگا	هنگام	_	_	
6	خزان	خز	خزان	_	_	
7	است	اس	#است	_	_	
8	باد	باد	باد	_	_	
9	خنک	خنک	خنک	_	_	
10	از	از	از	_	_	
11	جانب	جانب	جانب	_	_	
12	خوارزم	خوارز	خوارزم	_	_	
13	وزان	وز	وزان	_	_	
14	است	اس	#است	_	_	
15	.	.	.	_	_	
						
0	نیایش	نیا	نیایش	_	_	
1	به	به	به	_	_	
2	همراه	همراه	همراه	_	_	
3	نیایش	نیا	نیایش	_	_	
4	در	در	در	_	_	
5	مراسم	مراس	مراسم	_	_	
6	شرکت	شرک	شرکت	_	_	
7	کرد	کرد	کرد#کن	_	_	
8	.	.	.	_	_	
						
0	آرایشگر	آرایشگر	آرایشگر	_	_	
1	گفت	گف	گفت#گو	_	_	
2	تنها	تن	تنها	_	_	
3	فرق	فرق	فرق	_	_	
4	سر	سر	سر	_	_	
5	او	او	او	_	_	
6	با	با	با	_	_	
7	من	من	من	_	_	
8	در	در	در	_	_	
9	داشتن	داشتن	داشتن	_	_	
10	 فرق‌سر	 فرق‌سر	 فرق‌سر	_	_	
11	 است	 اس	 است	_	_	
12	.	.	.	_	_	
						
0	کاچی	کاچ	کاچی	_	_	
1	به	به	به	_	_	
2	از	از	از	_	_	
3	هیچی	هیچ	هیچ	_	_	
4	.	.	.	_	_	
						
0	تاکسی	تاکس	تاکسی	_	_	
1	تاکسی	تاکس	تاکسی	_	_	
2	تاکسی	تاکس	تاکسی	_	_	
3	نخواست	نخواس	خواست#خواه	_	_	
4	نایست	نایس	ایستاد#ایست	_	_	
5	.	.	.	_	_	
						
0	او	او	او	_	_	
1	بروروی	برورو	بروروی	_	_	
2	زیبایی	زیبا	زیبایی	_	_	
3	داشت	دا	داشت	_	_	
4	.	.	.	_	_	
						
0	و	و	و	_	_	
1	ندا	ندا	ندا	_	_	
2	دم	د	دم	_	_	
3	در	در	در	_	_	
4	راهی‌بود	راهی‌بود	راهی‌بود	_	_	
5	.	.	.	_	_	
						
0	لب	لب	لب	_	_	
1	و	و	و	_	_	
2	دهنش	دهن	دهنش	_	_	
3	را	را	را	_	_	
4	سرخ	سرخ	سرخ	_	_	
5	کرد	کرد	کرد#کن	_	_	
6	.	.	.	_	_	
						
0	سرما	سرما	سرما	_	_	
1	سرمایی	سرما	سرما	_	_	
2	که	که	که	_	_	
3	بالای	بالا	بالا	_	_	
4	سر	سر	سر	_	_	
5	ما	ما	ما	_	_	
6	بود	بود	بود#باش	_	_	
7	را	را	را	_	_	
8	سرد	سرد	سرد	_	_	
9	کرد	کرد	کرد#کن	_	_	
10	.	.	.	_	_	
						
0	سرما	سرما	سرما	_	_	
1	سر	سر	سر	_	_	
2	ما	ما	ما	_	_	
3	را	را	را	_	_	
4	سر	سر	سر	_	_	
5	کرد	کرد	کرد#کن	_	_	
6	.	.	.	_	_	
						
0	سردردش	سردرد	سردرد	_	_	
1	او	او	او	_	_	
2	به	به	به	_	_	
3	دردسر	دردسر	دردسر	_	_	
4	انداخت	انداخ	انداخت#انداز	_	_	
5	.	.	.	_	_	
						
0	ز	ز	ز	_	_	
1	هر	هر	هر	_	_	
2	روی	رو	روی	_	_	
3	کار	کار	کار	_	_	
4	او	او	او	_	_	
5	نادرست	نادرس	نادرست	_	_	
6	بود	بود	بود#باش	_	_	
7	.	.	.	_	_	
						
0	او	او	او	_	_	
1	از	از	از	_	_	
2	سر	سر	سر	_	_	
3	که	که	که	_	_	
4	هیچ	هیچ	هیچ	_	_	
5	شانسی	شانس	شانس	_	_	
6	نیاورد	نیاورد	آورد#آور	_	_	
7	.	.	.	_	_	
						
0	میزبان	میزب	میزبان	_	_	
1	گفت	گف	گفت#گو	_	_	
2	قدمتان	قدم	قدم	_	_	
3	میمون	میمون	میمون	_	_	
4	و	و	و	_	_	
5	مبارک‌پی	مبارک‌پ	مبارک‌پی	_	_	
6	است	اس	#است	_	_	
7	.	.	.	_	_	
						
0	او	او	او	_	_	
1	لکنت	لکن	لکنت	_	_	
2	شدیدی	شدید	شدید	_	_	
3	داشت	دا	داشت	_	_	
4	و	و	و	_	_	
5	همیشه	همیشه	همیشه	_	_	
6	من‌و‌من	من‌و‌من	من‌و‌من	_	_	
7	می‌کرد	می‌کرد	کرد#کن	_	_	
8	و	و	و	_	_	
9	به	به	به	_	_	
10	تت‌وپت	تت‌وپ	تت‌وپت	_	_	
11	می‌افتاد	می‌افتاد	افتاد#افت	_	_	
12	.	.	.	_	_	
						
0	چونین	چونین	چونین	_	_	
1	بود	بود	بود#باش	_	_	
2	که	که	که	_	_	
3	دیگر	دیگر	دیگر	_	_	
4	کسی	کس	کس	_	_	
5	احترامش	احترام	احترام	_	_	
6	نمی‌کرد	نمی‌کرد	کرد#کن	_	_	
7	.	.	.	_	_	
						
0	او	او	او	_	_	
1	مشتاق	مشتاق	مشتاق	_	_	
2	گفت‌وشنود	گفت‌وشنود	گفت‌وشنود	_	_	
3	بین	بین	بین	_	_	
4	ما	ما	ما	_	_	
5	بود	بود	بود#باش	_	_	
6	.	.	.	_	_	
						
0	روان‌شناس	روان‌شناس	روان‌شناس	_	_	
1	علت	عل	علت	_	_	
2	خواب‌گفت‌های	خواب‌گفت	خواب‌گفت‌های	_	_	
3	شبانه	شبانه	شبانه	_	_	
4	او	او	او	_	_	
5	را	را	را	_	_	
6	کشف	کشف	کشف	_	_	
7	کرد	کرد	کرد#کن	_	_	
8	.	.	.	_	_	
						
0	شعبه	شعبه	شعبه	_	_	
1	باز	باز	باز	_	_	
2	با	با	با	_	_	
3	سیاه‌بازی	سیاه‌باز	سیاه‌بازی	_	_	
4	خاصی	خاص	خاص	_	_	
5	تمام	تما	تمام	_	_	
6	حاضران	حاضر	حاضر	_	_	
7	را	را	را	_	_	
8	فریب	فریب	فریب	_	_	
9	داد	داد	داد	_	_	
10	.	.	.	_	_	
						
0	صورتش	صورت	صورت	_	_	
1	در	در	در	_	_	
2	تاریکی	تاریک	تاریکی	_	_	
3	سیاه	سیاه	سیاه	_	_	
4	و	و	و	_	_	
5	اغبر	اغبر	اغبر	_	_	
6	دیده‌می‌شد	دیده‌می‌شد	دیده‌می‌شد	_	_	
7	.	.	.	_	_	
						
0	آنقدر	آنقدر	آنقدر	_	_	
1	تلاش	تلا	تلاش	_	_	
2	کرد	کرد	کرد#کن	_	_	
3	تا	تا	تا	_	_	
4	دوستش	دوست	دوست	_	_	
5	ترش‌رویش	ترش‌رو	ترش‌رو	_	_	
6	بالاخره	بالاخره	بالاخره	_	_	
7	به‌خنده‌افتاد	به‌خنده‌افتاد	به‌خنده‌افتاد	_	_	
8	.	.	.	_	_	
						
0	من	من	من	_	_	
1	چو	چو	چو	_	_	
2	لب	لب	لب	_	_	
3	ژاله	ژاله	ژاله	_	_	
4	شدم	شد	شد#شو	_	_	
5	خنده‌ناک	خنده‌ناک	خنده‌ناک	_	_	
6	،	،	،	_	_	
7	جامه	جامه	جامه	_	_	
8	به	به	به	_	_	
9	صد	صد	صد	_	_	
10	جای	جا	جای	_	_	
11	چو	چو	چو	_	_	
12	گل	گل	گل	_	_	
13	کرده	کرده	کرده	_	_	
14	چاک	چاک	چاک	_	_	
15	.	.	.	_	_	
						
0	لشکر	لشکر	لشکر	_	_	
1	دشمن	دشمن	دشمن	_	_	
2	ما	ما	ما	_	_	
3	را	را	را	_	_	
4	به	به	به	_	_	
5	انهزام	انهزا	انهزام	_	_	
6	واداشت	وادا	واداشت	_	_	
7	.	.	.	_	_	
						
0	از	از	از	_	_	
1	وقتی‌	وقتی	وقتی‌	_	_	
2	که	که	که	_	_	
3	او	او	او	_	_	
4	را	را	را	_	_	
5	دید	دید	دید	_	_	
6	شیدا	شیدا	شیدا	_	_	
7	شد	شد	شد#شو	_	_	
8	.	.	.	_	_	
						
0	کسی	کس	کس	_	_	
1	کاندر	کاندر	کاندر	_	_	
2	آب	آب	آب	_	_	
3	است	اس	#است	_	_	
4	و	و	و	_	_	
5	آب	آب	آب	_	_	
6	آشناست	آشناس	آشناست	_	_	
7	از	از	از	_	_	
8	آب‌	آب	آب	_	_	
9	‌ار	‌ار	‌ار	_	_	
10	چو	چو	چو	_	_	
11	آتش	آت	آتش	_	_	
12	بترسد	بترسد	ترسید#ترس	_	_	
13	رواست	رواس	رواست	_	_	
14	.	.	.	_	_	
						
0	آب	آب	آب	_	_	
1	دریا	دریا	دریا	_	_	
2	شور	شور	شور	_	_	
3	بود	بود	بود#باش	_	_	
4	و	و	و	_	_	
5	او	او	او	_	_	
6	ناچار	ناچار	ناچار	_	_	
7	شد	شد	شد#شو	_	_	
8	آن	آن	آن	_	_	
9	را	را	را	_	_	
10	بجوشاند	بجوشاند	بجوشاند	_	_	
11	تا	تا	تا	_	_	
12	آب‌مقطر	آب‌مقطر	آب‌مقطر	_	_	
13	درست	درس	درست	_	_	
14	کند	کند	کند	_	_	
15	.	.	.	_	_	
						
0	پدرش	پدر	پدر	_	_	
1	برایش	برا	برایش	_	_	
2	آستین‌بالازد	آستین‌بالازد	آستین‌بالازد	_	_	
3	.	.	.	_	_	
						
0	مراسم	مراس	مراسم	_	_	
1	جشن	جشن	جشن	_	_	
2	در	در	در	_	_	
3	سالن	سالن	سالن	_	_	
4	آمفی‌تأتر	آمفی‌تأ	آمفی‌تأتر	_	_	
5	دانشکده	دانشکده	دانشکده	_	_	
6	برگزار	برگزار	برگزار	_	_	
7	شد	شد	شد#شو	_	_	
8	.	.	.	_	_	
						
0	بالاخانه‌ها	بالاخانه	بالاخانه	_	_	
1	را	را	را	_	_	
2	معمولاً	معمولاً	معمولاً	_	_	
3	برای	برا	برای	_	_	
4	دراویش	دراو	دراویش	_	_	
5	و	و	و	_	_	
6	پیرمرادها	پیرمراد	پیرمراد	_	_	
7	و	و	و	_	_	
8	بصورت	بصور	بصورت	_	_	
9	نذر	نذر	نذر	_	_	
10	جهت	جه	جهت	_	_	
11	فقرا	فقرا	فقرا	_	_	
12	و	و	و	_	_	
13	مانند	مانند	مانند	_	_	
14	آن	آن	آن	_	_	
15	می‌ساختند	می‌ساختند	ساخت#ساز	_	_	
16	.	.	.	_	_	
						
0	علت	عل	علت	_	_	
1	این	این	این	_	_	
2	همه	همه	همه	_	_	
3	پابه‌پا	پابه‌پا	پابه‌پا	_	_	
4	کردنش	کردن	کردن	_	_	
5	را	را	را	_	_	
6	نفهمیدم	نفهمید	فهمید#فهم	_	_	
7	.	.	.	_	_	
						
0	او	او	او	_	_	
1	ما	ما	ما	_	_	
2	را	را	را	_	_	
3	پادرهوا	پادرهوا	پادرهوا	_	_	
4	رها	ر	رها	_	_	
5	کرد	کرد	کرد#کن	_	_	
6	و	و	و	_	_	
7	رفت	رف	رفت#رو	_	_	
8	.	.	.	_	_	
						
0	ماجراجویی	ماجراجو	ماجراجویی	_	_	
1	و	و	و	_	_	
2	پرشروشور	پرشروشور	پرشروشور	_	_	
3	بودن	بودن	بودن	_	_	
4	کوری	کور	کور	_	_	
5	مقابل	مقابل	مقابل	_	_	
6	آرامش	آرام	آرامش	_	_	
7	و	و	و	_	_	
8	خونسردی	خونسرد	خونسرد	_	_	
9	پل	پل	پل	_	_	
10	(	(	(	_	_	
11	که	که	که	_	_	
12	وکیل	وکیل	وکیل	_	_	
13	دعاوی	دعاو	دعاوی	_	_	
14	تازه‌کار	تازه‌کار	تازه‌کار	_	_	
15	است	اس	#است	_	_	
16	)	)	)	_	_	
17	،	،	،	_	_	
18	به‌	به	به	_	_	
19	همراه	همراه	همراه	_	_	
20	شرایط	شرایط	شرایط	_	_	
21	نامساعد	نامساعد	نامساعد	_	_	
22	خانه	خانه	خانه	_	_	
23	،	،	،	_	_	
24	همسایه‌های	همسایه	همسایه	_	_	
25	عجیب‌وغریب	عجیب‌وغریب	عجیب‌وغریب	_	_	
26	و	و	و	_	_	
27	به‌خصوص	به‌خصوص	به‌خصوص	_	_	
28	،	،	،	_	_	
29	به	به	به	_	_	
30	دعوایی	دعوا	دعوا	_	_	
31	سخت	سخ	سخت	_	_	
32	و	و	و	_	_	
33	رفتن	رفتن	رفتن	_	_	
34	شوهر	شوهر	شوهر	_	_	
35	از	از	از	_	_	
36	خانه	خانه	خانه	_	_	
37	منجر	منجر	منجر	_	_	
38	می‌شود	می‌شود	شد#شو	_	_	
39	.	.	.	_	_	
						
0	پنجه‌بوکس	پنجه‌بوکس	پنجه‌بوکس	_	_	
1	یکی	یک	یک	_	_	
2	از	از	از	_	_	
3	انواع	انواع	انواع	_	_	
4	سلاح‌های	سلاح	سلاح	_	_	
5	سرد	سرد	سرد	_	_	
6	است	اس	#است	_	_	
7	که	که	که	_	_	
8	از	از	از	_	_	
9	آن	آن	آن	_	_	
10	در	در	در	_	_	
11	نزاع‌های	نزاع	نزاع	_	_	
12	خیابانی	خیابان	خیابان	_	_	
13	استفاده	استفاده	استفاده	_	_	
14	می‌کنند	می‌کنند	کرد#کن	_	_	
15	.	.	.	_	_	
						
0	تب‌زرد	تب‌زرد	تب‌زرد	_	_	
1	نوعی	نوع	نوع	_	_	
2	بیماری	بیمار	بیمار	_	_	
3	تب‌زا	تب‌زا	تب‌زا	_	_	
4	ست	س	ست	_	_	
5	که	که	که	_	_	
6	در	در	در	_	_	
7	معده	معده	معده	_	_	
8	و	و	و	_	_	
9	امعا	امعا	امعا	_	_	
10	تولید	تولید	تولید	_	_	
11	عفونت	عفون	عفونت	_	_	
12	می‌کند	می‌کند	کرد#کن	_	_	
13	و	و	و	_	_	
14	بر	بر	بر	_	_	
15	اثر	اثر	اثر	_	_	
16	گزیدگی	گزیدگ	گزیدگی	_	_	
17	یک	یک	یک	_	_	
18	نوع	نوع	نوع	_	_	
19	پشه	پشه	پشه	_	_	
20	در	در	در	_	_	
21	انسان	انس	انسان	_	_	
22	حادث	حادث	حادث	_	_	
23	می‌شود	می‌شود	شد#شو	_	_	
24	.	.	.	_	_	
						
0	چگونه	چگونه	چگونه	_	_	
1	است	اس	#است	_	_	
2	که	که	که	_	_	
3	کار	کار	کار	_	_	
4	خود	خود	خود	_	_	
5	را	را	را	_	_	
6	جد	جد	جد	_	_	
7	دانی	دان	دانست#دان	_	_	
8	و	و	و	_	_	
9	پساپیش	پساپ	پساپیش	_	_	
10	کارهای	کار	کار	_	_	
11	خود	خود	خود	_	_	
12	را	را	را	_	_	
13	نگاه	نگاه	نگاه	_	_	
14	می‌داری	می‌دار	داشت#دار	_	_	
15	.	.	.	_	_	
						
0	این	این	این	_	_	
1	قوم	قو	قوم	_	_	
2	بعداز	بعداز	بعداز	_	_	
3	کسری	کسر	کسر	_	_	
4	و	و	و	_	_	
5	پرویز	پرویز	پرویز	_	_	
6	بوده‌اند	بوده‌اند	بود#باش	_	_	
7	در	در	در	_	_	
8	مدت	مد	مدت	_	_	
9	چهار	چهار	چهار	_	_	
10	سال	سال	سال	_	_	
11	و	و	و	_	_	
12	پنج	پنج	پنج	_	_	
13	کمابیش	کماب	کمابیش	_	_	
14	پادشاهی	پادشاه	پادشاه	_	_	
15	کرده‌اند	کرده‌اند	کرد#کن	_	_	
16	.	.	.	_	_	
						
0	هوا	هوا	هوا	_	_	
1	کم‌کم	کم‌ک	کم‌کم	_	_	
2	داشت	دا	داشت	_	_	
3	گرگ‌ومیش	گرگ‌وم	گرگ‌ومیش	_	_	
4	می‌شد	می‌شد	شد#شو	_	_	
5	.	.	.	_	_	
						
0	جنگ	جنگ	جنگ	_	_	
1	زرگری	زرگر	زرگر	_	_	
2	میانجی	میانج	میانجی	_	_	
3	نخواهد	نخواهد	خواست#خواه	_	_	
4	.	.	.	_	_	
						
0	غارت	غار	غارت	_	_	
1	جهان‌سوم	جهان‌سو	جهان‌سوم	_	_	
2	نام	نا	نام	_	_	
3	یک	یک	یک	_	_	
4	کتاب	کتاب	کتاب	_	_	
5	ادبی	ادب	ادب	_	_	
6	است	اس	#است	_	_	
7	که	که	که	_	_	
8	توسط	توسط	توسط	_	_	
9	نویسنده	نویسنده	نویسنده	_	_	
10	اهل	اهل	اهل	_	_	
11	فرانسه	فرانسه	فرانسه	_	_	
12	نوشته	نوشته	نوشته	_	_	
13	شده	شده	شده	_	_	
14	است	اس	#است	_	_	
15	.	.	.	_	_	
						
0	نام	نا	نام	_	_	
1	دیگر	دیگر	دیگر	_	_	
2	خرچنگ	خرچنگ	خرچنگ	_	_	
3	چنگار	چنگار	چنگار	_	_	
4	است	اس	#است	_	_	
5	.	.	.	_	_	
						
0	همه	همه	همه	_	_	
1	جا	جا	جا	_	_	
2	چوافتاد	چوافتاد	چوافتاد	_	_	
3	که	که	که	_	_	
4	او	او	او	_	_	
5	نمی‌آید	نمی‌آید	آمد#آ	_	_	
6	.	.	.	_	_	
						
0	خال‌بینی	خال‌بین	خال‌بینی	_	_	
1	نوعی	نوع	نوع	_	_	
2	از	از	از	_	_	
3	پیشگوییست	پیشگوییس	پیشگوییست	_	_	
4	که	که	که	_	_	
5	با	با	با	_	_	
6	دیدن	دیدن	دیدن	_	_	
7	خال	خال	خال	_	_	
8	بدن	بدن	بدن	_	_	
9	انجام	انجا	انجام	_	_	
10	می‌گیرد	می‌گیرد	گرفت#گیر	_	_	
11	.	.	.	_	_	
						
0	او	او	او	_	_	
1	در	در	در	_	_	
2	جوانی	جوان	جوان	_	_	
3	بسیار	بسیار	بسیار	_	_	
4	خام‌رأی	خام‌رأ	خام‌رأی	_	_	
5	و	و	و	_	_	
6	خام‌عقل	خام‌عقل	خام‌عقل	_	_	
7	بود	بود	بود#باش	_	_	
8	.	.	.	_	_	
						
0	در	در	در	_	_	
1	زمان	ز	زمان	_	_	
2	قدیم	قد	قدیم	_	_	
3	؛	؛	؛	_	_	
4	پادشاهان	پادشاه	پادشاه	_	_	
5	به	به	به	_	_	
6	بهترین	به	بهترین	_	_	
7	زنشان	زن	زن	_	_	
8	که	که	که	_	_	
9	ازلحاظ	ازلحاظ	ازلحاظ	_	_	
10	زیبارویی	زیبارو	زیبارو	_	_	
11	و	و	و	_	_	
12	رهبری	رهبر	رهبر	_	_	
13	از	از	از	_	_	
14	دیگران	دیگر	دیگر	_	_	
15	،	،	،	_	_	
16	سرتر	سر	سر	_	_	
17	و	و	و	_	_	
18	آس‌تر	آس	آس‌تر	_	_	
19	بود	بود	بود#باش	_	_	
20	لقب	لقب	لقب	_	_	
21	خانم‌خانما	خانم‌خانما	خانم‌خانما	_	_	
22	را	را	را	_	_	
23	نسبت	نسب	نسبت	_	_	
24	می‌دادند	می‌دادند	داد#ده	_	_	
25	.	.	.	_	_	
						
0	ادبا	ادبا	ادبا	_	_	
1	در	در	در	_	_	
2	مجمع	مجمع	مجمع	_	_	
3	سازمان‌ملل	سازمان‌ملل	سازمان‌ملل	_	_	
4	سخنرانی	سخنران	سخنران	_	_	
5	کردند	کردند	کرد#کن	_	_	
6	.	.	.	_	_	
						
0	به	به	به	_	_	
1	دستور	دستور	دستور	_	_	
2	او	او	او	_	_	
3	تمام	تما	تمام	_	_	
4	اسرا	اسرا	اسرا	_	_	
5	را	را	را	_	_	
6	از	از	از	_	_	
7	داخل	داخل	داخل	_	_	
8	خزاین	خزاین	خزاین	_	_	
9	آزاد	آزاد	آزاد	_	_	
10	کردند	کردند	کرد#کن	_	_	
11	.	.	.	_	_	
						
0	استاد	استاد	استاد	_	_	
1	اسامی	اسام	اسامی	_	_	
2	دانشجویان	دانشجو	دانشجو	_	_	
3	به	به	به	_	_	
4	همراه	همراه	همراه	_	_	
5	آرا	آرا	آرا	_	_	
6	آن‌ها	آن	آن	_	_	
7	را	را	را	_	_	
8	خواند	خواند	خواند#خوان	_	_	
9	.	.	.	_	_	
						
0	هنوز	هنوز	هنوز	_	_	
1	هم	ه	هم	_	_	
2	علل	علل	علل	_	_	
3	بسیاری	بسیار	بسیار	_	_	
4	از	از	از	_	_	
5	امراض	امراض	امراض	_	_	
6	ناشناخته	ناشناخته	ناشناخته	_	_	
7	است	اس	#است	_	_	
8	.	.	.	_	_	
						
0	در	در	در	_	_	
1	رانندگی	رانندگ	رانندگی	_	_	
2	باید	باید	باید	_	_	
3	به	به	به	_	_	
4	علایم	علا	علا	_	_	
5	هشدار	هشدار	هشدار	_	_	
6	توجه	توجه	توجه	_	_	
7	داشت	دا	داشت	_	_	
8	.	.	.	_	_	
						
0	جزه	جزه	جزه	_	_	
1	درس	درس	درس	_	_	
2	پردازش‌زبانهای‌طبیعیش	پردازش‌زبانهای‌طبیع	پردازش‌زبانهای‌طبیعیش	_	_	
3	را	را	را	_	_	
4	همراه	همراه	همراه	_	_	
5	نداشت	ندا	داشت#دار	_	_	
6	.	.	.	_	_	
						
0	با	با	با	_	_	
1	آن	آن	آن	_	_	
2	ضربه	ضربه	ضربه	_	_	
3	در	در	در	_	_	
4	دم	د	دم	_	_	
5	دردم	درد	درد	_	_	
6	آمد	آمد	آمد#آ	_	_	
7	.	.	.	_	_	
						
0	نوشته‌هایش	نوشته	نوشته	_	_	
1	درهم‌و‌برهم	درهم‌و‌بره	درهم‌و‌برهم	_	_	
2	بود	بود	بود#باش	_	_	
3	.	.	.	_	_	
						
0	او	او	او	_	_	
1	از	از	از	_	_	
2	حمله	حمله	حمله	_	_	
3	دشمن	دشمن	دشمن	_	_	
4	درامان	درا	درامان	_	_	
5	ماند	ماند	ماند#مان	_	_	
6	.	.	.	_	_	
						
0	کتابش	کتاب	کتاب	_	_	
1	دوصد	دوصد	دوصد	_	_	
2	صفحه	صفحه	صفحه	_	_	
3	داشت	دا	داشت	_	_	
4	.	.	.	_	_	
						
0	دوستش	دوست	دوست	_	_	
1	بسیار	بسیار	بسیار	_	_	
2	نرم	نر	نرم	_	_	
3	دل	دل	دل	_	_	
4	و	و	و	_	_	
5	رقیق‌القلب	رقیق‌القلب	رقیق‌القلب	_	_	
6	بود	بود	بود#باش	_	_	
7	.	.	.	_	_	
						
0	چوب	چوب	چوب	_	_	
1	نیاز	نیاز	نیاز	_	_	
2	به	به	به	_	_	
3	رنده	رنده	رنده	_	_	
4	و	و	و	_	_	
5	رنده‌کاری	رنده‌کار	رنده‌کاری	_	_	
6	و	و	و	_	_	
7	رنده‌کردن	رنده‌کردن	رنده‌کردن	_	_	
8	داشت	دا	داشت	_	_	
9	.	.	.	_	_	
						
0	آهن	آهن	آهن	_	_	
1	در	در	در	_	_	
2	مجاورت	مجاور	مجاورت	_	_	
3	با	با	با	_	_	
4	اکسیژن	اکسیژن	اکسیژن	_	_	
5	شروع	شروع	شروع	_	_	
6	به	به	به	_	_	
7	زنگ‌زدن	زنگ‌زدن	زنگ‌زدن	_	_	
8	می‌کند	می‌کند	کرد#کن	_	_	
9	.	.	.	_	_	
						
0	جرات	جر	جر	_	_	
1	نداشت	ندا	داشت#دار	_	_	
2	حرفش	حرف	حرف	_	_	
3	را	را	را	_	_	
4	رودررو	رودررو	رودررو	_	_	
5	به‌رویش	به‌رو	به‌رویش	_	_	
6	آورد	آورد	آورد#آور	_	_	
7	.	.	.	_	_	
						
0	او	او	او	_	_	
1	را	را	را	_	_	
2	روانه	روانه	روانه	_	_	
3	کرد	کرد	کرد#کن	_	_	
4	تا	تا	تا	_	_	
5	به	به	به	_	_	
6	کارش	کار	کار	_	_	
7	برسد	برسد	رسید#رس	_	_	
8	.	.	.	_	_	
						
0	او	او	او	_	_	
1	در	در	در	_	_	
2	بستر	بس	بستر	_	_	
3	افتاده	افتاده	افتاده	_	_	
4	بود	بود	بود#باش	_	_	
5	و	و	و	_	_	
6	روبه‌مرگ	روبه‌مرگ	روبه‌مرگ	_	_	
7	بود	بود	بود#باش	_	_	
8	.	.	.	_	_	
						
0	کارهایش	کار	کار	_	_	
1	بسیار	بسیار	بسیار	_	_	
2	روح‌فرسا	روح‌فرسا	روح‌فرسا	_	_	
3	و	و	و	_	_	
4	عذاب‌آور	عذاب‌آور	عذاب‌آور	_	_	
5	بود	بود	بود#باش	_	_	
6	 . 	 . 	 . 	_ 	_	
