0	وی	و	وی	_	_	
1	افزود	افزود	افزود#افزا	_	_	
2	:	:	:	_	_	
				_	_	
0	در	در	در	_	_	
1	سال	سال	سال	_	_	
2	۹۵	۹۵	۹۵	_	_	
3	نیز	نیز	نیز	_	_	
4	آقای	آقا	آقا	_	_	
5	اللهیاری	اللهیار	اللهیاری	_	_	
6	برای	برا	برای	_	_	
7	چند	چند	چند	_	_	
8	روز	روز	روز	_	_	
9	بازداشت	بازدا	بازداشت	_	_	
10	شده بود	شده بود	شده بود	_	_	
11	که	که	که	_	_	
12	با	با	با	_	_	
13	ضمانت	ضمان	ضمانت	_	_	
14	ملکی	ملک	ملک	_	_	
15	معاونش	معاون	معاون	_	_	
16	از	از	از	_	_	
17	زندان	زند	زندان	_	_	
18	آزاد	آزاد	آزاد	_	_	
19	شد	شد	شد#شو	_	_	
20	،	،	،	_	_	
21	ولی	ول	ولی	_	_	
22	از	از	از	_	_	
23	آن	آن	آن	_	_	
24	زمان	ز	زمان	_	_	
25	تاکنون	تاکنون	تاکنون	_	_	
26	بقیه	بقیه	بقیه	_	_	
27	پرونده‌ها	پرونده	پرونده	_	_	
28	در	در	در	_	_	
29	سازمان	ساز	سازمان	_	_	
30	نظام	نظا	نظام	_	_	
31	روانشناسی	روانشناس	روانشناسی	_	_	
32	مسکوت	مسکو	مسکوت	_	_	
33	مانده بود	مانده بود	مانده بود	_	_	
34	.	.	.	_	_	
				_	_	
0	عضو	عضو	عضو	_	_	
1	سازمان	ساز	سازمان	_	_	
2	نظام	نظا	نظام	_	_	
3	روانشناسی	روانشناس	روانشناسی	_	_	
4	خاطرنشان‌	خاطرنشان	خاطرنشان	_	_	
5	کرد	کرد	کرد#کن	_	_	
6	:	:	:	_	_	
				_	_	
0	از	از	از	_	_	
1	مهرماه	مهرماه	مهرماه	_	_	
2	سال	سال	سال	_	_	
3	گذشته	گذشته	گذشته	_	_	
4	ردصلاحیت	ردصلاح	ردصلاحیت	_	_	
5	رئیس	رئیس	رئیس	_	_	
6	سازمان	ساز	سازمان	_	_	
7	روانشناسی	روانشناس	روانشناسی	_	_	
8	توسط	توسط	توسط	_	_	
9	دفتر	دف	دفتر	_	_	
10	رئیس‌جمهور	رئیس‌جمهور	رئیس‌جمهور	_	_	
11	انجام	انجا	انجام	_	_	
12	گرفت	گرف	گرفت#گیر	_	_	
13	،	،	،	_	_	
14	ولی	ول	ولی	_	_	
15	علی‌رغم	علی‌رغ	علی‌رغم	_	_	
16	این	این	این	_	_	
17	ردصلاحیت	ردصلاح	ردصلاحیت	_	_	
18	همچنان	همچن	همچنان	_	_	
19	عباسعلی	عباسعل	عباسعلی	_	_	
20	اللهیاری	اللهیار	اللهیاری	_	_	
21	در	در	در	_	_	
22	کافه	کافه	کافه	_	_	
23	یا	یا	یا	_	_	
24	تریا	تریا	تریا	_	_	
25	کارتابل	کارتابل	کارتابل	_	_	
26	سازمان	ساز	سازمان	_	_	
27	را	را	را	_	_	
28	امضا	امضا	امضا	_	_	
29	می‌کرد	می‌کرد	کرد#کن	_	_	
30	.	.	.	_	_	
				_	_	
0	پنج‌شنبه‌ها	پنج‌شنبه	پنج‌شنبه	_	_	
2	به‌زودی	به‌زود	به‌زودی	_	_	
3	می‌گذرند	می‌گذرند	گذشت#گذر	_	_	
4	.	.	.	_	_	
				_	_	
0	دویست	دویس	دویست	_	_	
1	و	و	و	_	_	
2	هشتاد	هشتاد	هشتاد	_	_	
3	و	و	و	_	_	
4	نهمین	نهمین	نهمین	_	_	
5	سمینار	سمینار	سمینار	_	_	
6	ادواری	ادوار	ادوار	_	_	
7	عصب‌پژوهی	عصب‌پژوه	عصب‌پژوهی	_	_	
8	اجتماعی	اجتماع	اجتماع	_	_	
9	به	به	به	_	_	
10	مغز‌پژوهی	مغز‌پژوه	مغز‌پژوهی	_	_	
11	رشک	رشک	رشک	_	_	
12	و	و	و	_	_	
13	حسد	حسد	حسد	_	_	
14	اختصاص	اختصاص	اختصاص	_	_	
15	دارد	دارد	داشت#دار	_	_	
16	.	.	.	_	_	
				_	_	
0	سخنران	سخنر	سخنران	_	_	
1	این	این	این	_	_	
2	نشست	نشس	نشست	_	_	
3	که	که	که	_	_	
4	26	26	26	_	_	
5	مهر	مهر	مهر	_	_	
6	برگزار	برگزار	برگزار	_	_	
7	‌می‌شود	‌می‌شود	‌می‌شود	_	_	
8	دکتر	دک	دکتر	_	_	
9	آذرخش	آذرخ	آذرخش	_	_	
10	مکری	مکر	مکر	_	_	
11	است	اس	#است	_	_	
12	.	.	.	_	_	
				_	_	
0	در	در	در	_	_	
1	این	این	این	_	_	
2	سمینار	سمینار	سمینار	_	_	
3	که	که	که	_	_	
4	از	از	از	_	_	
5	ساعت	ساع	ساعت	_	_	
6	هشت	ه	هشت	_	_	
7	و	و	و	_	_	
8	نیم	ن	نیم	_	_	
9	صبح	صبح	صبح	_	_	
10	تا	تا	تا	_	_	
11	یازده	یازده	یازده	_	_	
12	در	در	در	_	_	
13	سالن	سالن	سالن	_	_	
14	کنفرانس	کنفرانس	کنفرانس	_	_	
15	بیمارستان	بیمارس	بیمارستان	_	_	
16	ایرانمهر	ایرانمهر	ایرانمهر	_	_	
17	برقرار	برقرار	برقرار	_	_	
18	است	اس	#است	_	_	
19	صاحب‌نظران	صاحب‌نظر	صاحب‌نظران	_	_	
20	و	و	و	_	_	
21	علاقه‌مندان	علاقه‌مند	علاقه‌مند	_	_	
22	به	به	به	_	_	
23	موضوع	موضوع	موضوع	_	_	
24	مغز‌پژوهی	مغز‌پژوه	مغز‌پژوهی	_	_	
25	رشک	رشک	رشک	_	_	
26	و	و	و	_	_	
27	حسد	حسد	حسد	_	_	
28	به	به	به	_	_	
29	بحث	بحث	بحث	_	_	
30	و	و	و	_	_	
31	تبادل	تبادل	تبادل	_	_	
32	نظر	نظر	نظر	_	_	
33	می‌پردازند	می‌پردازند	پرداخت#پرداز	_	_	
34	.	.	.	_	_	
				_	_	
0	ورود	ورود	ورود	_	_	
1	برای	برا	برای	_	_	
2	عموم	عمو	عموم	_	_	
3	آزاد	آزاد	آزاد	_	_	
4	است	اس	#است	_	_	
5	و	و	و	_	_	
6	درباره	درباره	درباره	_	_	
7	موضوع	موضوع	موضوع	_	_	
8	با	با	با	_	_	
9	صاحب‌نظران	صاحب‌نظر	صاحب‌نظران	_	_	
11	بحث	بحث	بحث	_	_	
12	و	و	و	_	_	
13	گفت‌وگو	گفت‌وگو	گفت‌وگو	_	_	
14	انجام	انجا	انجام	_	_	
15	می‌شود	می‌شود	شد#شو	_	_	
16	.	.	.	_	_	
				_	_	
0	در	در	در	_	_	
1	کالبدشکافی	کالبدشکاف	کالبدشکافی	_	_	
2	سایت	سا	سایت	_	_	
3	iFixit	iFixit	iFixit	_	_	
4	،	،	،	_	_	
5	آن‌ها	آن	آن	_	_	
6	موفق	موفق	موفق	_	_	
7	به	به	به	_	_	
8	کشف	کشف	کشف	_	_	
9	یک	یک	یک	_	_	
10	نوار	نوار	نوار	_	_	
11	آنتن	آنتن	آنتن	_	_	
12	جدید	جدید	جدید	_	_	
13	در	در	در	_	_	
14	بخش	بخ	بخش	_	_	
15	پایینی	پایین	پایین	_	_	
16	گوشی	گوش	گوش	_	_	
17	شدند	شدند	شد#شو	_	_	
18	که	که	که	_	_	
19	قاعدتاً	قاعدتاً	قاعدتاً	_	_	
20	باید	باید	باید	_	_	
21	منجر	منجر	منجر	_	_	
22	به	به	به	_	_	
23	بهبود	بهبود	بهبود	_	_	
24	آنتن‌دهی	آنتن‌ده	آنتن‌دهی	_	_	
25	این	این	این	_	_	
26	گوشی‌ها	گوشی	گوشی‌ها	_	_	
27	شود	شود	شد#شو	_	_	
28	.	.	.	_	_	
				_	_	
0	کاربران	کاربر	کاربر	_	_	
1	برای	برا	برای	_	_	
2	توضیح	توضیح	توضیح	_	_	
3	این	این	این	_	_	
4	مشکل	مشکل	مشکل	_	_	
5	تئوری‌های	تئوری	تئوری‌های	_	_	
6	مختلفی	مختلف	مختلف	_	_	
7	را	را	را	_	_	
8	مطرح	مطرح	مطرح	_	_	
9	کرده‌اند	کرده‌اند	کرد#کن	_	_	
10	و	و	و	_	_	
11	برخی	برخ	برخی	_	_	
12	از	از	از	_	_	
13	آن‌ها	آن	آن	_	_	
14	شبکه‌های	شبکه	شبکه	_	_	
15	تلفن	تلفن	تلفن	_	_	
16	همراه	همراه	همراه	_	_	
17	را	را	را	_	_	
18	مقصر	مقصر	مقصر	_	_	
19	این	این	این	_	_	
20	موضوع	موضوع	موضوع	_	_	
21	می‌دانند	می‌دانند	دانست#دان	_	_	
22	ولی	ول	ولی	_	_	
23	برخی	برخ	برخی	_	_	
24	دیگر	دیگر	دیگر	_	_	
25	اعلام	اعلا	اعلام	_	_	
26	کرده‌اند	کرده‌اند	کرد#کن	_	_	
27	که	که	که	_	_	
28	این	این	این	_	_	
29	مسأله	مسأله	مسأله	_	_	
30	یادآور	یادآور	یادآور	_	_	
31	مشکل	مشکل	مشکل	_	_	
32	مربوط	مربوط	مربوط	_	_	
33	به	به	به	_	_	
34	آنتن‌های	آنتن	آنتن	_	_	
35	آیفون۴	آیفون۴	آیفون۴	_	_	
36	است	اس	#است	_	_	
37	که	که	که	_	_	
38	در	در	در	_	_	
39	آن	آن	آن	_	_	
40	زمان	ز	زمان	_	_	
41	سر	سر	سر	_	_	
42	و	و	و	_	_	
43	صدای	صدا	صدا	_	_	
44	بسیار	بسیار	بسیار	_	_	
45	زیادی	زیاد	زیاد	_	_	
46	به‌راه‌انداخت	به‌راه‌انداخ	به‌راه‌انداخت	_	_	
47	.	.	.	_	_	
				_	_	
0	چند	چند	چند	_	_	
1	روز	روز	روز	_	_	
2	بعد	بعد	بعد	_	_	
3	از	از	از	_	_	
4	تصویب	تصویب	تصویب	_	_	
5	چهارمین	چهارمین	چهارمین	_	_	
6	لایحه	لایحه	لایحه	_	_	
7	در	در	در	_	_	
8	چارچوب	چارچوب	چارچوب	_	_	
9	لوایح	لوایح	لوایح	_	_	
10	مرتبط	مرتبط	مرتبط	_	_	
11	با	با	با	_	_	
12	پول‌شویی	پول‌شو	پول‌شویی	_	_	
13	و	و	و	_	_	
14	مبارزه	مبارزه	مبارزه	_	_	
15	با	با	با	_	_	
16	تروریسم	تروریس	تروریسم	_	_	
17	موسوم	موسو	موسوم	_	_	
18	به	به	به	_	_	
19	FATF	FATF	FATF	_	_	
20	،	،	،	_	_	
21	بساط	بساط	بساط	_	_	
22	اتهام‌زنی	اتهام‌زن	اتهام‌زنی	_	_	
23	درمورد	درمورد	درمورد	_	_	
24	پشت‌پرده	پشت‌پرده	پشت‌پرده	_	_	
25	رشد	رشد	رشد	_	_	
26	قیمت	قیم	قیمت	_	_	
27	دلار	دلار	دلار	_	_	
28	بالا‌گرفته‌است	بالا‌گرفته‌اس	بالا‌گرفته‌است	_	_	
29	.	.	.	_	_	
				_	_	
0	علائم	علائ	علائم	_	_	
1	سیاسی	سیاس	سیاسی	_	_	
2	و	و	و	_	_	
3	رسانه‌ای	رسانه	رسانه	_	_	
4	از	از	از	_	_	
5	بروز	بروز	بروز	_	_	
6	یک	یک	یک	_	_	
7	جنگ	جنگ	جنگ	_	_	
8	ارزی	ارز	ارزی	_	_	
9	برسر	برسر	برسر	_	_	
10	تأیید	تأیید	تأیید	_	_	
11	نهایی	ن	نهایی	_	_	
12	FATF	FATF	FATF	_	_	
13	در	در	در	_	_	
14	مراجع	مراجع	مراجع	_	_	
15	قانونی	قانون	قانون	_	_	
16	‌حکایت‌دارد	‌حکایت‌دارد	‌حکایت‌دارد	_	_	
17	.	.	.	_	_	
				_	_	
0	به‌گزارش	به‌گزار	به‌گزارش	_	_	
1	همشهری	همشهر	همشهری	_	_	
2	،	،	،	_	_	
3	تریبون‌های	تریبون	تریبون‌های	_	_	
4	سیاسی	سیاس	سیاسی	_	_	
5	و	و	و	_	_	
6	رسانه‌ای	رسانه	رسانه	_	_	
7	برخی	برخ	برخی	_	_	
8	گروه‌های	گروه	گروه	_	_	
9	مخالف	مخالف	مخالف	_	_	
10	دولت	دول	دولت	_	_	
11	،	،	،	_	_	
12	به	به	به	_	_	
13	محل	محل	محل	_	_	
14	اتهام‌زنی	اتهام‌زن	اتهام‌زنی	_	_	
15	علیه	علیه	علیه	_	_	
16	دولت	دول	دولت	_	_	
17	درمورد	درمورد	درمورد	_	_	
18	افزایش	افزا	افزایش	_	_	
19	قیمت	قیم	قیمت	_	_	
20	ارز	ارز	ارز	_	_	
21	تبدیل	تبدیل	تبدیل	_	_	
22	شده‌است	شده‌اس	شده‌است	_	_	
22	.	.	.	_	_	
				_	_	
0	درطول	درطول	درطول	_	_	
1	چند	چند	چند	_	_	
2	روز	روز	روز	_	_	
3	گذشته	گذشته	گذشته	_	_	
4	به‌ویژه	به‌ویژه	به‌ویژه	_	_	
5	بعد	بعد	بعد	_	_	
6	از	از	از	_	_	
7	تصویب	تصویب	تصویب	_	_	
8	قانون	قانون	قانون	_	_	
9	CFT	CFT	CFT	_	_	
10	در	در	در	_	_	
11	مجلس	مجلس	مجلس	_	_	
12	،	،	،	_	_	
13	برخی	برخ	برخی	_	_	
14	رسانه‌ها	رسانه	رسانه	_	_	
15	وارد	وارد	وارد	_	_	
16	کارزار	کارزار	کارزار	_	_	
17	‌سیگنال‌دهی	‌سیگنال‌ده	‌سیگنال‌دهی	_	_	
18	به	به	به	_	_	
19	قیمت	قیم	قیمت	_	_	
20	ارز	ارز	ارز	_	_	
21	در	در	در	_	_	
22	بازار	بازار	بازار	_	_	
23	آزاد	آزاد	آزاد	_	_	
24	شده‌اند	شده‌اند	شد#شو	_	_	
25	.	.	.	_	_	
				_	_	
0	آنها	آن	آن	_	_	
1	عامل	عامل	عامل	_	_	
2	اصلی	اصل	اصل	_	_	
3	افزایش	افزا	افزایش	_	_	
4	قیمت	قیم	قیمت	_	_	
5	دلار	دلار	دلار	_	_	
6	را	را	را	_	_	
7	دولت	دول	دولت	_	_	
8	و	و	و	_	_	
9	تصویب‌شدن	تصویب‌شدن	تصویب‌شدن	_	_	
10	قانون	قانون	قانون	_	_	
11	FATF	FATF	FATF	_	_	
12	در	در	در	_	_	
13	مجلس	مجلس	مجلس	_	_	
14	می‌دانند	می‌دانند	دانست#دان	_	_	
15	.	.	.	_	_	
				_	_	
0	در	در	در	_	_	
1	روزهای	روز	روز	_	_	
2	اخیر	اخیر	اخیر	_	_	
3	خبرگزاری	خبرگزار	خبرگزاری	_	_	
4	فارس	فارس	فارس	_	_	
5	و	و	و	_	_	
6	روزنامه	روزنامه	روزنامه	_	_	
7	کیهان	کیه	کیهان	_	_	
8	با	با	با	_	_	
9	تیترهایی	تیتر	تیتر	_	_	
10	جهت‌دار	جهت‌دار	جهت‌دار	_	_	
11	،	،	،	_	_	
12	به	به	به	_	_	
13	شکلی	شکل	شکل	_	_	
14	آشکار	آشکار	آشکار	_	_	
15	رشد	رشد	رشد	_	_	
16	قیمت	قیم	قیمت	_	_	
17	دلار	دلار	دلار	_	_	
18	را	را	را	_	_	
19	به	به	به	_	_	
20	دولت	دول	دولت	_	_	
21	و	و	و	_	_	
22	تصویب	تصویب	تصویب	_	_	
23	FATF	FATF	FATF	_	_	
24	نسبت‌داده‌اند	نسبت‌داده‌اند	نسبت‌داده‌اند	_	_	
25	.	.	.	_	_	
				_	_	
0	خاشقجی	خاشقج	خاشقجی	_	_	
1	که	که	که	_	_	
2	سابقه	سابقه	سابقه	_	_	
3	گفتگو	گفتگو	گفتگو	_	_	
4	با	با	با	_	_	
5	بن‌لادن	بن‌لادن	بن‌لادن	_	_	
6	را	را	را	_	_	
7	نیز	نیز	نیز	_	_	
8	در	در	در	_	_	
9	کارنامه	کارنامه	کارنامه	_	_	
10	خود	خود	خود	_	_	
11	دارد	دارد	داشت#دار	_	_	
12	و	و	و	_	_	
13	پیش‌تر	پیش	پیش	_	_	
14	هم	ه	هم	_	_	
15	مشاور	مشاور	مشاور	_	_	
16	دولت	دول	دولت	_	_	
17	عربستان	عربس	عربستان	_	_	
18	بوده	بوده	بوده	_	_	
19	و	و	و	_	_	
20	رابطه	رابطه	رابطه	_	_	
21	بسیار	بسیار	بسیار	_	_	
22	خوبی	خوب	خوبی	_	_	
23	با	با	با	_	_	
24	شاهزادگان	شاهزادگ	شاهزادگان	_	_	
25	سعودی	سعود	سعودی	_	_	
26	علی‌الخصوص	علی‌الخصوص	علی‌الخصوص	_	_	
27	محمدبن‌نایف	محمدبن‌نایف	محمدبن‌نایف	_	_	
28	ولیعهد	ولیعهد	ولیعهد	_	_	
29	برکنارشده	برکنارشده	برکنارشده	_	_	
30	سعودی	سعود	سعودی	_	_	
31	داشته‌است	داشته‌اس	داشته‌است	_	_	
32	در	در	در	_	_	
33	سال	سال	سال	_	_	
34	2017	2017	2017	_	_	
35	درپی	درپ	درپی	_	_	
36	طرح	طرح	طرح	_	_	
37	انتقادهایی	انتقاد	انتقاد	_	_	
38	نسبت‌به	نسبت‌به	نسبت‌به	_	_	
39	سیاست‌های	سیاست	سیاست	_	_	
40	محمدبن‌سلمان	محمدبن‌سل	محمدبن‌سلمان	_	_	
41	،	،	،	_	_	
42	ولیعهد	ولیعهد	ولیعهد	_	_	
43	عربستان	عربس	عربستان	_	_	
44	و	و	و	_	_	
45	نیز	نیز	نیز	_	_	
46	زیرسؤال‌بردن	زیرسؤال‌بردن	زیرسؤال‌بردن	_	_	
47	مداخله	مداخله	مداخله	_	_	
48	نظامی	نظام	نظام	_	_	
49	عربستان	عربس	عربستان	_	_	
50	در	در	در	_	_	
51	یمن	یمن	یمن	_	_	
52	،	،	،	_	_	
53	از	از	از	_	_	
54	بیم	ب	بیم	_	_	
55	دستگیری	دستگیر	دستگیر	_	_	
56	عربستان	عربس	عربستان	_	_	
57	را	را	را	_	_	
58	ترک‌کرد	ترک‌کرد	ترک‌کرد	_	_	
59	و	و	و	_	_	
60	به	به	به	_	_	
61	آمریکا	آمریکا	آمریکا	_	_	
62	رفت	رف	رفت#رو	_	_	
63	.	.	.	_	_	
				_	_	
0	شب	شب	شب	_	_	
1	عید	عید	عید	_	_	
2	نوروز	نوروز	نوروز	_	_	
3	بود	بود	بود#باش	_	_	
4	و	و	و	_	_	
5	موقع	موقع	موقع	_	_	
6	ترفیع	ترفیع	ترفیع	_	_	
7	رتبه	رتبه	رتبه	_	_	
8	.	.	.	_	_	
				_	_	
0	در	در	در	_	_	
1	اداره	اداره	اداره	_	_	
2	با	با	با	_	_	
3	هم‌قطارها‌	هم‌قطارها	هم‌قطارها‌	_	_	
4	قرارومدار	قرارومدار	قرارومدار	_	_	
5	گذاشته‌بودیم	گذاشته‌بود	گذاشته‌بودیم	_	_	
6	که	که	که	_	_	
7	هرکس	هرکس	هرکس	_	_	
8	اول	اول	اول	_	_	
9	ترفیع	ترفیع	ترفیع	_	_	
10	رتبه	رتبه	رتبه	_	_	
11	یافت	یاف	یافت#یاب	_	_	
12	،	،	،	_	_	
13	به	به	به	_	_	
14	عنوان	عنو	عنوان	_	_	
15	ولیمه	ولیمه	ولیمه	_	_	
16	یک	یک	یک	_	_	
17	مهمانی	مهمان	مهمان	_	_	
18	دسته‌جمعی	دسته‌جمع	دسته‌جمعی	_	_	
19	کرده	کرده	کرده	_	_	
20	،	،	،	_	_	
21	کباب	کباب	کباب	_	_	
22	غاز	غاز	غاز	_	_	
23	صحیحی	صحیح	صحیح	_	_	
24	بدهد	بدهد	داد#ده	_	_	
25	دوستان	دوس	دوستان	_	_	
26	نوش‌جان	نوش‌ج	نوش‌جان	_	_	
27	نموده	نموده	نموده	_	_	
28	به	به	به	_	_	
29	عمر	عمر	عمر	_	_	
30	و	و	و	_	_	
31	عزتش	عزت	عزت	_	_	
32	دعاکنند	دعاکنند	دعاکنند	_	_	
33	.	.	.	_	_	
				_	_	
0	زد	زد	زد#زن	_	_	
1	و	و	و	_	_	
2	ترفیع	ترفیع	ترفیع	_	_	
3	رتبه	رتبه	رتبه	_	_	
4	به	به	به	_	_	
5	اسم	اس	اسم	_	_	
6	من	من	من	_	_	
7	درآمد	درآمد	درآمد	_	_	
8	.	.	.	_	_	
				_	_	
0	فوراً	فوراً	فوراً	_	_	
1	مسأله‌ی	مسأله	مسأله‌ی	_	_	
2	مهمانی	مهمان	مهمان	_	_	
3	و	و	و	_	_	
4	قرار	قرار	قرار	_	_	
5	با	با	با	_	_	
6	رفقا	رفقا	رفقا	_	_	
7	را	را	را	_	_	
8	با	با	با	_	_	
9	عیالم	عیال	عیال	_	_	
10	که	که	که	_	_	
11	به	به	به	_	_	
12	تازگی	تازگ	تازگی	_	_	
13	باهم	باه	باهم	_	_	
14	‌عروسی‌	‌عروسی	‌عروسی‌	_	_	
15	کرده‌بودیم	کرده‌بود	کرده‌بودیم	_	_	
16	درمیان‌	درمیان	درمیان‌	_	_	
17	گذاشتم	گذا	گذاشت#گذار	_	_	
18	.	.	.	_	_	
				_	_	
0	گفت	گف	گفت#گو	_	_	
1	تو	تو	تو	_	_	
2	شیرینی	شیرین	شیرینی	_	_	
3	عروسی	عروس	عروس	_	_	
4	هم	ه	هم	_	_	
5	به	به	به	_	_	
6	دوستانت	دوستان	دوستان	_	_	
7	نداده‌ای	نداده	داد#ده	_	_	
8	و	و	و	_	_	
9	باید	باید	باید	_	_	
10	در	در	در	_	_	
11	این	این	این	_	_	
12	موقع	موقع	موقع	_	_	
13	درست	درس	درست	_	_	
14	جلوشان	جلو	جلو	_	_	
15	درآیی	درآ	درآیی	_	_	
16	.	.	.	_	_	
				_	_	
0	ولی	ول	ولی	_	_	
1	چیزی	چیز	چیز	_	_	
2	که	که	که	_	_	
3	هست	هس	#هست	_	_	
4	چون	چون	چون	_	_	
5	ظرف	ظرف	ظرف	_	_	
6	و	و	و	_	_	
7	کارد	کارد	کارد	_	_	
8	و	و	و	_	_	
9	چنگال	چنگال	چنگال	_	_	
10	برای	برا	برای	_	_	
11	دوازده	دوازده	دوازده	_	_	
12	نفر	نفر	نفر	_	_	
13	بیش‌تر	بیش	بیش	_	_	
14	نداریم	ندار	داشت#دار	_	_	
15	یا	یا	یا	_	_	
16	باید	باید	باید	_	_	
17	باز	باز	باز	_	_	
18	یک	یک	یک	_	_	
19	دست	دس	دست	_	_	
20	دیگر	دیگر	دیگر	_	_	
21	خرید	خرید	خرید	_	_	
22	و	و	و	_	_	
23	یا	یا	یا	_	_	
24	باید	باید	باید	_	_	
25	عده‌ی	عده	عده	_	_	
26	مهمان	مه	مهمان	_	_	
27	بیشتر	ب	بیشتر	_	_	
28	از	از	از	_	_	
29	یازده	یازده	یازده	_	_	
30	نفر	نفر	نفر	_	_	
31	نباشد	نباشد	بود#باش	_	_	
32	که	که	که	_	_	
33	با	با	با	_	_	
34	خودت	خود	خود	_	_	
35	بشود	بشود	شد#شو	_	_	
36	دوازده	دوازده	دوازده	_	_	
37	نفر	نفر	نفر	_	_	
38	.	.	.	_	_	
				_	_	
0	گفتم	گف	گفت#گو	_	_	
1	خودت	خود	خود	_	_	
2	بهتر	به	بهتر	_	_	
3	می‌دانی	می‌دان	دانست#دان	_	_	
4	که	که	که	_	_	
5	در	در	در	_	_	
6	این	این	این	_	_	
7	شب	شب	شب	_	_	
8	عیدی	عید	عید	_	_	
9	مالیه	مالیه	مالیه	_	_	
10	از	از	از	_	_	
11	چه	چه	چه	_	_	
12	قراراست	قراراس	قراراست	_	_	
13	و	و	و	_	_	
14	بودجه	بودجه	بودجه	_	_	
15	ابدن	ابدن	ابدن	_	_	
16	اجازه‌ی	اجازه	اجازه	_	_	
17	خریدن	خریدن	خریدن	_	_	
18	خرت‌و‌پرت	خرت‌و‌پر	خرت‌و‌پرت	_	_	
19	تازه	تازه	تازه	_	_	
20	نمی‌دهد	نمی‌دهد	داد#ده	_	_	
21	و	و	و	_	_	
22	دوستان	دوس	دوستان	_	_	
23	هم	ه	هم	_	_	
24	از	از	از	_	_	
25	بیست	بیس	بیست	_	_	
26	و	و	و	_	_	
27	سه	سه	سه	_	_	
28	چهار	چهار	چهار	_	_	
29	نفر	نفر	نفر	_	_	
30	کم‌تر	کم	کم‌تر	_	_	
31	نمی‌شوند	نمی‌شوند	شد#شو	_	_	
32	.	.	.	_	_	
				_	_	
0	گفت	گف	گفت#گو	_	_	
1	یک	یک	یک	_	_	
2	بر	بر	بر	_	_	
3	‌نره‌خر	‌نره‌خر	‌نره‌خر	_	_	
4	گردن‌کلفت	گردن‌کلف	گردن‌کلفت	_	_	
5	را	را	را	_	_	
6	که	که	که	_	_	
7	نمی‌شود	نمی‌شود	شد#شو	_	_	
8	وعده‌	وعده	وعده	_	_	
9	گرفت	گرف	گرفت#گیر	_	_	
10	.	.	.	_	_	
				_	_	
0	تنها	تن	تنها	_	_	
1	همان	ه	همان	_	_	
2	رتبه‌های	رتبه	رتبه	_	_	
3	بالا	بالا	بالا	_	_	
4	را	را	را	_	_	
5	وعده‌بگیر	وعده‌بگیر	وعده‌بگیر	_	_	
6	و	و	و	_	_	
7	مابقی	مابق	مابقی	_	_	
8	را	را	را	_	_	
9	نقداً	نقداً	نقداً	_	_	
10	خط‌بکش	خط‌بک	خط‌بکش	_	_	
11	و	و	و	_	_	
12	بگذار	بگذار	گذاشت#گذار	_	_	
13	‌سماق‌	‌سماق	‌سماق‌	_	_	
14	بمکند	بمکند	بمکند	_	_	
15	.	.	.	_	_	
				_	_	
0	گفتم	گف	گفت#گو	_	_	
1	ای	ا	ای	_	_	
2	بابا	بابا	بابا	_	_	
3	،	،	،	_	_	
4	خدا	خدا	خدا	_	_	
5	را	را	را	_	_	
6	خوش	خو	خوش	_	_	
7	نمی‌آید	نمی‌آید	آمد#آ	_	_	
8	.	.	.	_	_	
				_	_	
0	این	این	این	_	_	
1	بدبخت‌ها	بدبخت	بدبخت	_	_	
2	سال	سال	سال	_	_	
3	آزگار	آزگار	آزگار	_	_	
4	یک	یک	یک	_	_	
5	بار	بار	بار	_	_	
6	برایشان	برا	برایشان	_	_	
7	چنین	چنین	چنین	_	_	
8	پایی	پا	پایی	_	_	
9	می‌افتد	می‌افتد	افتاد#افت	_	_	
10	و	و	و	_	_	
11	شکم‌ها	شکم	شکم	_	_	
12	را	را	را	_	_	
13	مدتی	مدت	مدت	_	_	
14	است	اس	#است	_	_	
15	صابون‌	صابون	صابون	_	_	
16	زده‌اند	زده‌اند	زد#زن	_	_	
16	که	که	که	_	_	
17	کباب	کباب	کباب	_	_	
18	غاز	غاز	غاز	_	_	
19	بخورند	بخورند	خورد#خور	_	_	
20	و	و	و	_	_	
21	ساعت‌شماری	ساعت‌شمار	ساعت‌شماری	_	_	
22	می‌کنند	می‌کنند	کرد#کن	_	_	
23	.	.	.	_	_	
				_	_	
0	اگر	اگر	اگر	_	_	
1	از	از	از	_	_	
2	زیرش	زیر	زیر	_	_	
3	دربروم	دربرو	دربروم	_	_	
4	چشمم	چشم	چشم	_	_	
5	را	را	را	_	_	
6	درخواهند‌	درخواهند	درخواهند‌	_	_	
7	آورد	آورد	آورد#آور	_	_	
8	و	و	و	_	_	
9	حالا	حالا	حالا	_	_	
10	که	که	که	_	_	
11	خودمانیم	خودمان	خودمانیم	_	_	
12	،	،	،	_	_	
13	حق	حق	حق	_	_	
14	هم	ه	هم	_	_	
15	دارند	دارند	داشت#دار	_	_	
16	.	.	.	_	_	
				_	_	
0	چطور	چطور	چطور	_	_	
1	است	اس	#است	_	_	
2	از	از	از	_	_	
3	منزل	منزل	منزل	_	_	
4	یکی	یک	یک	_	_	
5	از	از	از	_	_	
6	دوستان	دوس	دوستان	_	_	
7	و	و	و	_	_	
8	آشنایان	آشنا	آشنا	_	_	
9	یک	یک	یک	_	_	
10	‌دست	‌دس	‌دست	_	_	
11	دیگر	دیگر	دیگر	_	_	
12	ظرف	ظرف	ظرف	_	_	
13	و	و	و	_	_	
14	لوازم	لواز	لوازم	_	_	
15	عاریه	عاریه	عاریه	_	_	
16	بگیریم	بگیر	گرفت#گیر	_	_	
17	.	.	.	_	_	
				_	_	
0	اینک	اینک	اینک	_	_	
1	روز	روز	روز	_	_	
2	دوم	دو	دوم	_	_	
3	عید	عید	عید	_	_	
4	است	اس	#است	_	_	
5	و	و	و	_	_	
6	تدارک	تدارک	تدارک	_	_	
7	پذیرایی	پذیرا	پذیرایی	_	_	
8	از	از	از	_	_	
9	هرجهت	هرجه	هرجهت	_	_	
11	دیده	دیده	دیده	_	_	
12	شده است	شده اس	شده است	_	_	
13	.	.	.	_	_	
				_	_	
0	علاوه‌بر	علاوه‌بر	علاوه‌بر	_	_	
1	غاز	غاز	غاز	_	_	
2	معهود	معهود	معهود	_	_	
3	،	،	،	_	_	
4	آش	آ	آش	_	_	
5	جو	جو	جو	_	_	
6	اعلا	اعلا	اعلا	_	_	
7	و	و	و	_	_	
8	کباب	کباب	کباب	_	_	
9	بره‌ی	بره	بره	_	_	
10	ممتاز	ممتاز	ممتاز	_	_	
11	و	و	و	_	_	
12	دو	دو	دو	_	_	
13	رنگ	رنگ	رنگ	_	_	
14	پلو	پلو	پلو	_	_	
15	و	و	و	_	_	
16	چند	چند	چند	_	_	
17	جور	جور	جور	_	_	
18	خورش	خور	خورش	_	_	
19	با	با	با	_	_	
20	تمام	تما	تمام	_	_	
21	مخلفات	مخلف	مخلفات	_	_	
22	‌روبه‌راه	‌روبه‌راه	‌روبه‌راه	_	_	
23	‌شده‌است	‌شده‌اس	‌شده‌است	_	_	
24	.	.	.	_	_	
				_	_	
0	در	در	در	_	_	
1	تختخواب	تختخواب	تختخواب	_	_	
2	گرم	گر	گرم	_	_	
3	و	و	و	_	_	
4	نرم	نر	نرم	_	_	
5	و	و	و	_	_	
6	تازه‌ای	تازه	تازه	_	_	
7	که	که	که	_	_	
8	از	از	از	_	_	
9	جمله‌ی	جمله	جمله	_	_	
10	اسباب	اسباب	اسباب	_	_	
11	جهاز	جهاز	جهاز	_	_	
12	خانم	خان	خانم	_	_	
13	است	اس	#است	_	_	
14	لم	ل	لم	_	_	
15	داده	داده	داده	_	_	
16	و	و	و	_	_	
17	به	به	به	_	_	
18	تفریح	تفریح	تفریح	_	_	
19	تمام	تما	تمام	_	_	
20	مشغول	مشغول	مشغول	_	_	
21	خواندن	خواندن	خواندن	_	_	
22	حکایت‌های	حکایت	حکایت	_	_	
23	بی‌نظیر	بی‌نظیر	بی‌نظیر	_	_	
24	صادق	صادق	صادق	_	_	
25	هدایت	هدا	هدایت	_	_	
26	بودم	بود	بود#باش	_	_	
27	.	.	.	_	_	
				_	_	
0	درست	درس	درست	_	_	
1	کیفور	کیفور	کیفور	_	_	
2	شده بودم	شده بود	شده بودم	_	_	
3	که	که	که	_	_	
4	عیالم	عیال	عیال	_	_	
5	وارد	وارد	وارد	_	_	
6	شد	شد	شد#شو	_	_	
7	و	و	و	_	_	
8	گفت	گف	گفت#گو	_	_	
9	جوان	جو	جوان	_	_	
10	دیلاقی	دیلاق	دیلاق	_	_	
11	‌‌مصطفی‌نام	‌‌مصطفی‌نا	‌‌مصطفی‌نام	_	_	
12	آمده	آمده	آمده	_	_	
13	می‌گوید	می‌گوید	گفت#گو	_	_	
14	پسرعموی	پسرعمو	پسرعموی	_	_	
15	تنی	تن	تنی	_	_	
16	تو	تو	تو	_	_	
17	است	اس	#است	_	_	
18	و	و	و	_	_	
19	برای	برا	برای	_	_	
20	عید	عید	عید	_	_	
21	مبارکی	مبارک	مبارک	_	_	
22	شرفیاب	شرفیاب	شرفیاب	_	_	
23	شده است	شده اس	شده است	_	_	
24	.	.	.	_	_	
				_	_	
0	مصطفی	مصطف	مصطفی	_	_	
1	پسر	پسر	پسر	_	_	
3	عموی	عمو	عمو	_	_	
4	دختر	دخ	دختر	_	_	
5	دایی	دا	دایی	_	_	
6	خاله	خاله	خاله	_	_	
7	مادرم	مادر	مادر	_	_	
8	می‌شد	می‌شد	شد#شو	_	_	
0	.	.	.	_	_	
				_	_	
0	جوانی	جوان	جوان	_	_	
1	به	به	به	_	_	
2	سن	سن	سن	_	_	
3	بیست	بیس	بیست	_	_	
4	و	و	و	_	_	
5	پنج	پنج	پنج	_	_	
6	یا	یا	یا	_	_	
7	بیست	بیس	بیست	_	_	
8	و	و	و	_	_	
9	شش	ش	شش	_	_	
10	.	.	.	_	_	
				_	_	
0	لات‌ولوت	لات‌ولو	لات‌ولوت	_	_	
1	و	و	و	_	_	
2	آسمان‌جل	آسمان‌جل	آسمان‌جل	_	_	
3	و	و	و	_	_	
4	بی‌دست‌وپا	بی‌دست‌وپا	بی‌دست‌وپا	_	_	
5	و	و	و	_	_	
6	پخمه	پخمه	پخمه	_	_	
7	و	و	و	_	_	
8	گاگول	گاگول	گاگول	_	_	
9	و	و	و	_	_	
10	تا	تا	تا	_	_	
11	بخواهی	بخواه	خواست#خواه	_	_	
12	بدریخت	بدریخ	بدریخت	_	_	
13	و	و	و	_	_	
14	بدقواره	بدقواره	بدقواره	_	_	
15	.	.	.	_	_	
				_	_	
0	هروقت‌	هروقت	هروقت‌	_	_	
1	می‌خواست	می‌خواس	خواست#خواه	_	_	
2	حرفی	حرف	حرف	_	_	
3	بزند	بزند	زد#زن	_	_	
4	،	،	،	_	_	
5	رنگ	رنگ	رنگ	_	_	
6	می‌گذاشت	می‌گذا	گذاشت#گذار	_	_	
7	و	و	و	_	_	
8	رنگ	رنگ	رنگ	_	_	
9	برمی‌داشت	برمی‌دا	برمی‌داشت	_	_	
10	و	و	و	_	_	
11	مثل	مثل	مثل	_	_	
12	این‌که	این‌که	این‌که	_	_	
13	دسته	دسته	دسته	_	_	
14	هاون	هاون	هاون	_	_	
15	برنجی	برنج	برنجی	_	_	
16	در	در	در	_	_	
17	گلویش	گلو	گلو	_	_	
18	گیر	گیر	گیر	_	_	
19	کرده باشد	کرده باشد	کرده باشد	_	_	
20	دهنش	دهن	دهنش	_	_	
21	بازمی‌ماند	بازمی‌ماند	بازمی‌ماند	_	_	
22	و	و	و	_	_	
23	به	به	به	_	_	
24	خرخر	خرخر	خرخر	_	_	
25	می‌افتاد	می‌افتاد	افتاد#افت	_	_	
26	.	.	.	_	_	
				_	_	
0	الحمد	الحمد	الحمد	_	_	
1	الله	الله	الله	_	_	
2	سالی	سال	سال	_	_	
3	یک‌مرتبه	یک‌مرتبه	یک‌مرتبه	_	_	
4	بیش‌تر	بیش	بیش	_	_	
5	از	از	از	_	_	
6	زیارت	زیار	زیارت	_	_	
7	جمالش	جمال	جمال	_	_	
8	مسرور	مسرور	مسرور	_	_	
9	و	و	و	_	_	
10	مشعوف	مشعوف	مشعوف	_	_	
11	نمی‌شدم	نمی‌شد	شد#شو	_	_	
12	.	.	.	_	_	
				_	_	
0	به	به	به	_	_	
1	زنم	زن	زد#زن	_	_	
2	گفتم	گف	گفت#گو	_	_	
3	تو	تو	تو	_	_	
4	را	را	را	_	_	
5	به	به	به	_	_	
6	خدا	خدا	خدا	_	_	
7	بگو	بگو	گفت#گو	_	_	
8	فلانی	فلان	فلان	_	_	
9	هنوز	هنوز	هنوز	_	_	
10	از	از	از	_	_	
11	خواب	خواب	خواب	_	_	
12	بیدار	بیدار	بیدار	_	_	
13	نشده	نشده	شد#شو	_	_	
14	و	و	و	_	_	
15	شر	شر	شر	_	_	
16	این	این	این	_	_	
17	غول	غول	غول	_	_	
19	بی‌شاخ‌ودم‌	بی‌شاخ‌ودم	بی‌شاخ‌ودم‌	_	_	
20	را	را	را	_	_	
21	از	از	از	_	_	
22	سر	سر	سر	_	_	
23	ما	ما	ما	_	_	
24	بکن	بکن	کرد#کن	_	_	
25	و	و	و	_	_	
26	بگذار	بگذار	گذاشت#گذار	_	_	
27	برود	برود	رفت#رو	_	_	
28	لای	لا	لا	_	_	
29	دست	دس	دست	_	_	
30	بابای	بابا	بابا	_	_	
31	علیه	علیه	علیه	_	_	
32	‌الرحمه‌‌اش	‌الرحمه	‌الرحمه‌‌اش	_	_	
33	.	.	.	_	_	
				_	_	
0	گفت	گف	گفت#گو	_	_	
1	به	به	به	_	_	
2	من	من	من	_	_	
3	دخلی	دخل	دخل	_	_	
4	ندارد	ندارد	داشت#دار	_	_	
5	!	!	!	_	_	
				_	_	
0	مال	مال	مال	_	_	
1	بد	بد	بد	_	_	
2	بیخ	بیخ	بیخ	_	_	
3	ریش	ر	ریش	_	_	
4	صاحبش	صاحب	صاحب	_	_	
5	.	.	.	_	_	
				_	_	
0	ماشاء‌الله	ماشاء‌الله	ماشاء‌الله	_	_	
1	هفت	هف	هفت	_	_	
2	قرآن	قرآن	قرآن	_	_	
3	به	به	به	_	_	
4	میان	م	میان	_	_	
5	پسر	پسر	پسر	_	_	
6	عموی	عمو	عمو	_	_	
7	دسته	دسته	دسته	_	_	
8	دیزی	دیز	دیزی	_	_	
9	خودت	خود	خود	_	_	
10	است	اس	#است	_	_	
11	.	.	.	_	_	
				_	_	
0	هرگلی	هرگل	هرگلی	_	_	
1	هست	هس	#هست	_	_	
2	به	به	به	_	_	
3	سر	سر	سر	_	_	
4	خودت	خود	خود	_	_	
5	بزن	بزن	زد#زن	_	_	
6	.	.	.	_	_	
				_	_	
0	من	من	من	_	_	
1	اساسن	اساسن	اساسن	_	_	
2	شرط	شرط	شرط	_	_	
3	کرده‌ام	کرده	کرد#کن	_	_	
4	با	با	با	_	_	
5	قوم	قو	قوم	_	_	
6	و	و	و	_	_	
7	خویش‌های	خویش	خویش	_	_	
8	ددری	ددر	ددری	_	_	
9	تو	تو	تو	_	_	
10	هیچ	هیچ	هیچ	_	_	
11	سروکاری	سروکار	سروکار	_	_	
12	نداشته باشم	نداشته با	نداشته باشم	_	_	
13	؛	؛	؛	_	_	
14	آن‌هم	آن‌ه	آن‌هم	_	_	
15	با	با	با	_	_	
16	چنین	چنین	چنین	_	_	
17	لندهور	لندهور	لندهور	_	_	
18	الدنگی	الدنگ	الدنگ	_	_	
19	.	.	.	_	_	
				_	_	
0	دیدم	دید	دید#بین	_	_	
1	چاره‌ای	چاره	چاره	_	_	
2	نیست	نیس	نیست	_	_	
3	و	و	و	_	_	
4	خدا	خدا	خدا	_	_	
5	را	را	را	_	_	
6	هم	ه	هم	_	_	
7	خوش	خو	خوش	_	_	
8	نمی‌آید	نمی‌آید	آمد#آ	_	_	
9	این	این	این	_	_	
10	بیچاره	بیچاره	بیچاره	_	_	
11	که	که	که	_	_	
12	لابد	لابد	لابد	_	_	
13	از	از	از	_	_	
14	راه	راه	راه	_	_	
15	دور	دور	دور	_	_	
16	و	و	و	_	_	
17	دراز	دراز	دراز	_	_	
18	با	با	با	_	_	
19	شکم	شک	شکم	_	_	
20	گرسنه	گرسنه	گرسنه	_	_	
21	و	و	و	_	_	
22	پای	پا	پای	_	_	
23	برهنه	برهنه	برهنه	_	_	
24	به	به	به	_	_	
25	امید	امید	امید	_	_	
26	چند	چند	چند	_	_	
27	ریال	ریال	ریال	_	_	
28	عیدی	عید	عید	_	_	
29	آمده	آمده	آمده	_	_	
30	ناامید	ناامید	ناامید	_	_	
31	کنم	کن	کرد#کن	_	_	
32	.	.	.	_	_	
				_	_	
0	پیش	پ	پیش	_	_	
1	خودم	خود	خودم	_	_	
2	گفتم	گف	گفت#گو	_	_	
3	چنین	چنین	چنین	_	_	
4	روز	روز	روز	_	_	
5	مبارکی	مبارک	مبارک	_	_	
6	‌‌صله‌ی‌ارحام	‌‌صله‌ی‌ارحا	‌‌صله‌ی‌ارحام	_	_	
7	نکنی	نکن	کرد#کن	_	_	
8	کی	ک	کی	_	_	
9	خواهی کرد	خواهی کرد	خواهی کرد	_	_	
10	؟	؟	؟	_	_	
				_	_	
0	لذا	لذا	لذا	_	_	
1	صدایش	صدا	صدا	_	_	
2	کردم	کرد	کرد#کن	_	_	
3	،	،	،	_	_	
4	سرش	سر	سر	_	_	
5	را	را	را	_	_	
6	خم	خ	خم	_	_	
7	کرده	کرده	کرده	_	_	
8	وارد	وارد	وارد	_	_	
9	شد	شد	شد#شو	_	_	
10	.	.	.	_	_	
				_	_	
0	دیدم	دید	دید#بین	_	_	
1	ماشاء‌الله	ماشاء‌الله	ماشاء‌الله	_	_	
2	چشم	چ	چشم	_	_	
3	بد	بد	بد	_	_	
4	دور	دور	دور	_	_	
5	آقا	آقا	آقا	_	_	
6	واترقیده‌اند	واترقیده‌اند	واترقیده‌اند	_	_	
7	.	.	.	_	_	
				_	_	
0	قدش	قد	قد	_	_	
1	درازتر	دراز	دراز	_	_	
2	و	و	و	_	_	
3	‌پک‌وپوزش	‌پک‌وپوز	‌پک‌وپوزش	_	_	
4	کریه‌تر	کریه	کریه	_	_	
5	شده است	شده اس	شده است	_	_	
6	.	.	.	_	_	
				_	_	
0	گردنش	گردن	گردن	_	_	
1	مثل	مثل	مثل	_	_	
2	گردن	گردن	گردن	_	_	
3	همان	ه	همان	_	_	
4	غاز	غاز	غاز	_	_	
5	مادر	مادر	مادر	_	_	
6	مرده‌ای	مرده	مرد#میر	_	_	
7	که	که	که	_	_	
8	در	در	در	_	_	
9	همان	ه	همان	_	_	
10	ساعت	ساع	ساعت	_	_	
11	در	در	در	_	_	
12	دیگ	دیگ	دیگ	_	_	
13	مشغول	مشغول	مشغول	_	_	
14	‌کباب	‌کباب	‌کباب	_	_	
15	شدن	شدن	شدن	_	_	
16	بود	بود	بود#باش	_	_	
17	سر	سر	سر	_	_	
18	از	از	از	_	_	
19	یقه‌ی	یقه	یقه	_	_	
20	چرکین	چرکین	چرکین	_	_	
21	بیرون	بیرون	بیرون	_	_	
22	دوانده بود	دوانده بود	دوانده بود	_	_	
23	و	و	و	_	_	
24	اگرچه	اگرچه	اگرچه	_	_	
25	به	به	به	_	_	
26	حساب	حساب	حساب	_	_	
27	خودش	خود	خودش	_	_	
28	ریش	ر	ریش	_	_	
29	تراشیده بود	تراشیده بود	تراشیده بود	_	_	
30	،	،	،	_	_	
31	اما	اما	اما	_	_	
32	پشم‌های	پشم	پشم	_	_	
33	زرد	زرد	زرد	_	_	
34	و	و	و	_	_	
35	سرخ	سرخ	سرخ	_	_	
36	و	و	و	_	_	
37	خرمایی	خرما	خرما	_	_	
38	به	به	به	_	_	
39	بلندی	بلند	بلند	_	_	
40	یک	یک	یک	_	_	
41	انگشت	انگ	انگشت	_	_	
42	از	از	از	_	_	
43	لابلای	لابلا	لابلای	_	_	
44	یقه‌ی	یقه	یقه	_	_	
45	پیراهن	پیراهن	پیراهن	_	_	
46	،	،	،	_	_	
47	سر	سر	سر	_	_	
48	به	به	به	_	_	
49	درآورده	درآورده	درآورده	_	_	
50	و	و	و	_	_	
51	مثل	مثل	مثل	_	_	
52	کزم‌هایی	کزم	کزم‌هایی	_	_	
53	که	که	که	_	_	
54	به	به	به	_	_	
55	مارچوبه‌ی	مارچوبه	مارچوبه	_	_	
56	گندیده	گندیده	گندیده	_	_	
57	افتاده باشند	افتاده باشند	افتاده باشند	_	_	
58	در	در	در	_	_	
59	پیرامون	پیرامون	پیرامون	_	_	
60	گردن	گردن	گردن	_	_	
61	و	و	و	_	_	
62	گلو	گلو	گلو	_	_	
63	در	در	در	_	_	
64	جنبش	جنب	جنبش	_	_	
65	و	و	و	_	_	
66	اهتزاز	اهتزاز	اهتزاز	_	_	
67	بودند	بودند	بود#باش	_	_	
68	.	.	.	_	_	
				_	_	
0	از	از	از	_	_	
1	توصیف	توصیف	توصیف	_	_	
2	لباسش	لباس	لباس	_	_	
3	بهتر	به	بهتر	_	_	
4	است	اس	#است	_	_	
5	بگذرم	بگذر	گذشت#گذر	_	_	
6	،	،	،	_	_	
7	ولی	ول	ولی	_	_	
8	همین	همین	همین	_	_	
9	قدر	قدر	قدر	_	_	
10	می‌دانم	می‌دان	دانست#دان	_	_	
11	که	که	که	_	_	
12	سر	سر	سر	_	_	
13	زانوهای	زانو	زانو	_	_	
14	شلوارش	شلوار	شلوار	_	_	
15	_	_	_	_	_	
16	که	که	که	_	_	
17	از	از	از	_	_	
18	بس	بس	بس	_	_	
19	شسته	شسته	شسته	_	_	
20	شده بودند	شده بودند	شده بودند	_	_	
21	به	به	به	_	_	
22	قدر	قدر	قدر	_	_	
23	یک	یک	یک	_	_	
24	وجب	وجب	وجب	_	_	
25	خورد	خورد	خورد#خور	_	_	
26	رفته بود	رفته بود	رفته بود	_	_	
27	چنان	چن	چنان	_	_	
28	باد	باد	باد	_	_	
29	کرده بود	کرده بود	کرده بود	_	_	
30	که	که	که	_	_	
31	راستی‌راستی	راستی‌راست	راستی‌راستی	_	_	
32	تصور	تصور	تصور	_	_	
33	کردم	کرد	کرد#کن	_	_	
34	دو	دو	دو	_	_	
35	رأس	رأس	رأس	_	_	
36	هندوانه	هندوانه	هندوانه	_	_	
37	از	از	از	_	_	
38	جایی	جا	جا	_	_	
39	کش	ک	کش	_	_	
40	رفته	رفته	رفته	_	_	
41	و	و	و	_	_	
42	در	در	در	_	_	
43	آنجا	آنجا	آنجا	_	_	
43	مخفی	مخف	مخفی	_	_	
44	کرده است	کرده اس	کرده است	_	_	
45	.	.	.	_	_	
				_	_	
0	دیدم	دید	دید#بین	_	_	
1	زیاد	زیاد	زیاد	_	_	
2	پرت‌وبلا	پرت‌وبلا	پرت‌وبلا	_	_	
3	می‌گوید	می‌گوید	گفت#گو	_	_	
4	؛	؛	؛	_	_	
5	خواستم	خواس	خواست#خواه	_	_	
6	نوکش	نوک	نوک	_	_	
7	را	را	را	_	_	
8	چیده	چیده	چیده	_	_	
9	،	،	،	_	_	
10	دمش	دم	دم	_	_	
11	را	را	را	_	_	
12	روی	رو	روی	_	_	
13	کولش	کول	کول	_	_	
14	بگذارم	بگذار	گذاشت#گذار	_	_	
15	و	و	و	_	_	
16	به	به	به	_	_	
17	امان	ا	امان	_	_	
18	خدا	خدا	خدا	_	_	
19	بسپارم	بسپار	سپارد#سپار	_	_	
20	.	.	.	_	_	
				_	_	
0	این	این	این	_	_	
1	حرف	حرف	حرف	_	_	
2	که	که	که	_	_	
3	در	در	در	_	_	
4	بادی	باد	باد	_	_	
5	امر	امر	امر	_	_	
6	زیاد	زیاد	زیاد	_	_	
7	بی‌پا	بی‌پا	بی‌پا	_	_	
8	و	و	و	_	_	
9	بی‌معنی	بی‌معن	بی‌معنی	_	_	
10	به‌نظر	به‌نظر	به‌نظر	_	_	
11	می‌آمد	می‌آمد	آمد#آ	_	_	
12	،	،	،	_	_	
13	کم‌کم	کم‌ک	کم‌کم	_	_	
14	وقتی	وقت	وقت	_	_	
15	درست	درس	درست	_	_	
16	آن	آن	آن	_	_	
17	را	را	را	_	_	
18	در	در	در	_	_	
19	زوایا	زوایا	زوایا	_	_	
20	و	و	و	_	_	
21	خفایای	خفایا	خفایا	_	_	
22	خاطر	خاطر	خاطر	_	_	
23	و	و	و	_	_	
24	مخیله	مخیله	مخیله	_	_	
25	نشخوار	نشخوار	نشخوار	_	_	
26	کردم	کرد	کرد#کن	_	_	
27	،	،	،	_	_	
28	معلوم	معلو	معلوم	_	_	
29	شد	شد	شد#شو	_	_	
30	آن	آن	آن	_	_	
31	قدرها	قدر	قدر	_	_	
32	هم	ه	هم	_	_	
33	نامعقول	نامعقول	نامعقول	_	_	
34	نیست	نیس	نیست	_	_	
35	و	و	و	_	_	
36	نباید	نباید	نباید	_	_	
37	زیاد	زیاد	زیاد	_	_	
38	سرسری	سرسر	سرسری	_	_	
39	گرفت	گرف	گرفت#گیر	_	_	
40	.	.	.	_	_	
				_	_	
0	هرچه	هرچه	هرچه	_	_	
1	بیش‌تر	بیش	بیش	_	_	
2	در	در	در	_	_	
3	این	این	این	_	_	
4	باب	باب	باب	_	_	
5	دقیق	دقیق	دقیق	_	_	
6	شدم	شد	شد#شو	_	_	
7	یک	یک	یک	_	_	
8	نوع	نوع	نوع	_	_	
9	امیدواری	امیدوار	امیدوار	_	_	
10	در	در	در	_	_	
11	خود	خود	خود	_	_	
12	حس	حس	حس	_	_	
13	نمودم	نمود	نمود#نما	_	_	
14	و	و	و	_	_	
15	ستاره‌ی	ستاره	ستاره	_	_	
16	ضعیفی	ضعیف	ضعیف	_	_	
17	در	در	در	_	_	
18	شبستان	شبس	شبستان	_	_	
19	تیره	تیره	تیره	_	_	
20	و	و	و	_	_	
21	تار	تار	تار	_	_	
22	درونم	درون	درون	_	_	
23	درخشیدن	درخشیدن	درخشیدن	_	_	
24	گرفت	گرف	گرفت#گیر	_	_	
25	.	.	.	_	_	
				_	_	
0	رفته‌رفته	رفته‌رفته	رفته‌رفته	_	_	
1	سردماغ	سردماغ	سردماغ	_	_	
2	آمدم	آمد	آمد#آ	_	_	
3	و	و	و	_	_	
4	خندان	خند	خندان	_	_	
5	و	و	و	_	_	
6	شادمان	شاد	شادمان	_	_	
7	روبه	روبه	روبه	_	_	
8	مصطفی	مصطف	مصطفی	_	_	
9	نموده	نموده	نموده	_	_	
10	گفتم	گف	گفت#گو	_	_	
11	اولین	اولین	اولین	_	_	
12	بار	بار	بار	_	_	
13	است	اس	#است	_	_	
14	که	که	که	_	_	
15	از	از	از	_	_	
16	تو	تو	تو	_	_	
17	یک	یک	یک	_	_	
18	کلمه	کلمه	کلمه	_	_	
19	حرف	حرف	حرف	_	_	
20	حسابی	حساب	حساب	_	_	
21	می‌شنوم	می‌شنو	شنید#شنو	_	_	
22	ولی	ول	ولی	_	_	
23	به‌نظرم	به‌نظر	به‌نظرم	_	_	
24	این	این	این	_	_	
25	گره	گره	گره	_	_	
26	فقط	فقط	فقط	_	_	
27	به	به	به	_	_	
28	دست	دس	دست	_	_	
29	خودت	خود	خود	_	_	
30	گشوده	گشوده	گشوده	_	_	
31	خواهد شد	خواهد شد	خواهد شد	_	_	
32	.	.	.	_	_	
				_	_	
0	باید	باید	باید	_	_	
1	خودت	خود	خود	_	_	
2	مهارت	مهار	مهارت	_	_	
3	به	به	به	_	_	
4	خرج	خرج	خرج	_	_	
5	بدهی	بده	بدهی	_	_	
6	که	که	که	_	_	
7	احدی	احد	احدی	_	_	
8	از	از	از	_	_	
9	مهمانان	مهمان	مهمان	_	_	
10	درصدد	درصدد	درصدد	_	_	
11	دست‌زدن	دست‌زدن	دست‌زدن	_	_	
12	به	به	به	_	_	
13	این	این	این	_	_	
14	غاز	غاز	غاز	_	_	
15	برنیاید	برنیاید	برنیاید	_	_	
16	.	.	.	_	_	
				_	_	
0	فردای	فردا	فردا	_	_	
1	آن	آن	آن	_	_	
2	روز	روز	روز	_	_	
3	به	به	به	_	_	
4	خاطرم	خاطر	خاطر	_	_	
5	آمد	آمد	آمد#آ	_	_	
6	که	که	که	_	_	
7	دیروز	دیروز	دیروز	_	_	
8	یک	یک	یک	_	_	
9	دست	دس	دست	_	_	
10	از	از	از	_	_	
11	بهترین	به	بهترین	_	_	
12	لباس‌های	لباس	لباس	_	_	
13	نودوز	نودوز	نودوز	_	_	
14	خود	خود	خود	_	_	
15	را	را	را	_	_	
16	با	با	با	_	_	
17	کلیه‌ی	کلیه	کلیه	_	_	
18	متفرعات	متفرع	متفرعات	_	_	
19	به	به	به	_	_	
20	انضمام	انضما	انضمام	_	_	
21	مایحتوی	مایحتو	مایحتوی	_	_	
22	یعنی	یعن	یعنی	_	_	
23	آقای	آقا	آقا	_	_	
24	استادی	استاد	استاد	_	_	
25	مصطفی‌خان	مصطفی‌خ	مصطفی‌خان	_	_	
26	به	به	به	_	_	
27	دست	دس	دست	_	_	
28	چلاق	چلاق	چلاق	_	_	
29	شده	شده	شده	_	_	
30	خودم	خود	خودم	_	_	
31	از	از	از	_	_	
32	خانه	خانه	خانه	_	_	
33	بیرون	بیرون	بیرون	_	_	
34	انداخته‌ام	انداخته	انداخت#انداز	_	_	
35	.	.	.	_	_	
				_	_	
0	ولی	ول	ولی	_	_	
1	چون‌که	چون‌که	چون‌که	_	_	
2	تیری	تیر	تیر	_	_	
3	که	که	که	_	_	
4	از	از	از	_	_	
5	شست	شس	شست	_	_	
6	رفته	رفته	رفته	_	_	
7	بازنمی‌گردد	بازنمی‌گردد	بازنمی‌گردد	_	_	
8	،	،	،	_	_	
9	یک‌بار	یک‌بار	یک‌بار	_	_	
10	دیگر	دیگر	دیگر	_	_	
11	به	به	به	_	_	
12	کلام	کلا	کلام	_	_	
13	بلندپایه‌ی	بلندپایه	بلندپایه	_	_	
14	«	«	«	_	_	
15	از	از	از	_	_	
16	ما	ما	ما	_	_	
17	ست	س	ست	_	_	
18	که	که	که	_	_	
19	بر	بر	بر	_	_	
20	ما	ما	ما	_	_	
21	ست	س	ست	_	_	
22	»	»	»	_	_	
23	ایمان	ا	ایمان	_	_	
24	آوردم	آورد	آورد#آور	_	_	
25	و	و	و	_	_	
26	پشت	پ	پشت	_	_	
27	دستم	دس	دستم	_	_	
28	را	را	را	_	_	
29	داغ	داغ	داغ	_	_	
30	کردم	کرد	کرد#کن	_	_	
21	که	که	که	_	_	
32	تا	تا	تا	_	_	
33	من	من	من	_	_	
34	باشم	با	بود#باش	_	_	
35	دیگر	دیگر	دیگر	_	_	
36	پیرامون	پیرامون	پیرامون	_	_	
37	ترفیع	ترفیع	ترفیع	_	_	
38	رتبه	رتبه	رتبه	_	_	
39	نگردم	نگرد	گشت#گرد	_	_	
40	!	!	!	_	_	
