0	می‌اندیشم	می‌اند	می‌اندیشم	_	_	
1	که	که	که	_	_	
2	به	به	به	_	_	
3	لطایف‌حیل	لطایف‌حیل	لطایف‌حیل	_	_	
4	و	و	و	_	_	
5	بدایع	بدایع	بدایع	_	_	
6	تمویهات	تمویه	تمویهات	_	_	
7	گرد	گرد	گرد	_	_	
8	این	این	این	_	_	
9	غرض	غرض	غرض	_	_	
10	درآیم	درآ	درآیم	_	_	
11	و	و	و	_	_	
12	به	به	به	_	_	
13	هر	هر	هر	_	_	
14	وجه	وجه	وجه	_	_	
15	که	که	که	_	_	
16	ممکن	ممکن	ممکن	_	_	
17	گردد	گردد	گشت#گرد	_	_	
18	بکوشم	بکو	کوشید#کوش	_	_	
19	تا	تا	تا	_	_	
20	او	او	او	_	_	
21	را	را	را	_	_	
22	در	در	در	_	_	
23	گردانم	گردان	گردان	_	_	
24	،	،	،	_	_	
25	که	که	که	_	_	
26	اهمال	اهمال	اهمال	_	_	
27	و	و	و	_	_	
28	تقصیر	تقصیر	تقصیر	_	_	
29	را	را	را	_	_	
30	در	در	در	_	_	
31	مذهب	مذهب	مذهب	_	_	
32	حمیت	حم	حمیت	_	_	
33	رخصت	رخص	رخصت	_	_	
34	نبینم	نبین	دید#بین	_	_	
35	و	و	و	_	_	
36	اگر	اگر	اگر	_	_	
37	غفلتی	غفلت	غفلت	_	_	
38	روا	روا	روا	_	_	
39	دارم	دار	داشت#دار	_	_	
40	به	به	به	_	_	
41	نزدیک	نزدیک	نزدیک	_	_	
42	اصحاب	اصحاب	اصحاب	_	_	
43	مروت	مرو	مروت	_	_	
44	معذور	معذور	معذور	_	_	
45	نباشم	نبا	بود#باش	_	_	
46	.	.	.	_	_	
				_	_	
0	و	و	و	_	_	
1	نیز	نیز	نیز	_	_	
2	منزلتی	منزلت	منزلت	_	_	
3	تو	تو	تو	_	_	
4	نمی‌جویم	نمی‌جو	جست#جو	_	_	
5	و	و	و	_	_	
6	در	در	در	_	_	
7	طلب	طلب	طلب	_	_	
8	زیادتی	زیادت	زیادتی	_	_	
9	قدم	قد	قدم	_	_	
10	نمی‌گزارم	نمی‌گزار	گزارد#گزار	_	_	
11	که	که	که	_	_	
12	به	به	به	_	_	
13	حرص	حرص	حرص	_	_	
14	و	و	و	_	_	
15	گرم‌شکمی	گرم‌شکم	گرم‌شکمی	_	_	
16	منسوب	منسوب	منسوب	_	_	
17	شوم	شو	شوم	_	_	
18	.	.	.	_	_	
				_	_	
0	و	و	و	_	_	
1	شاید	شاید	شاید	_	_	
2	بود	بود	بود#باش	_	_	
3	که	که	که	_	_	
4	چون	چون	چون	_	_	
5	صورت	صور	صورت	_	_	
6	حال	حال	حال	_	_	
7	بشناخت	بشناخ	بشناخت	_	_	
8	و	و	و	_	_	
9	فضیحت	فضیح	فضیحت	_	_	
10	خود	خود	خود	_	_	
11	بدید	بدید	بدید	_	_	
12	به	به	به	_	_	
13	مکابره	مکابره	مکابره	_	_	
14	درآید	درآید	درآید	_	_	
15	،	،	،	_	_	
16	ساخته	ساخته	ساخته	_	_	
17	و	و	و	_	_	
18	بسیجیده	بسیجیده	بسیجیده	_	_	
19	جنگ	جنگ	جنگ	_	_	
20	آغازد	آغازد	آغازد	_	_	
21	،	،	،	_	_	
22	یا	یا	یا	_	_	
23	مستعد	مستعد	مستعد	_	_	
24	و	و	و	_	_	
25	متشمر	متشمر	متشمر	_	_	
26	روی	رو	روی	_	_	
27	بگرداند	بگرداند	بگرداند	_	_	
28	.	.	.	_	_	
				_	_	
0	و	و	و	_	_	
1	اصحاب	اصحاب	اصحاب	_	_	
2	حزم	حز	حزم	_	_	
3	گناه	گناه	گناه	_	_	
4	ظاهر	ظاهر	ظاهر	_	_	
5	را	را	را	_	_	
6	عقوبت	عقوب	عقوبت	_	_	
7	مستور	مستور	مستور	_	_	
8	و	و	و	_	_	
9	جرم	جر	جرم	_	_	
10	مستور	مستور	مستور	_	_	
11	را	را	را	_	_	
12	عقوبت	عقوب	عقوبت	_	_	
13	ظاهر	ظاهر	ظاهر	_	_	
14	جایز	جایز	جایز	_	_	
15	نشمرند	نشمرند	نشمرند	_	_	
16	.	.	.	_	_	
				_	_	
0	و	و	و	_	_	
1	بباید	بباید	بباید	_	_	
2	شناخت	شناخ	شناخت	_	_	
3	که	که	که	_	_	
4	عقوبت	عقوب	عقوبت	_	_	
5	غادران	غادر	غادران	_	_	
6	زود	زود	زود	_	_	
7	نازل	نازل	نازل	_	_	
8	گردد	گردد	گشت#گرد	_	_	
9	،	،	،	_	_	
10	و	و	و	_	_	
11	سوگند	سوگند	سوگند	_	_	
12	دروغ	دروغ	دروغ	_	_	
13	قواعد	قواعد	قواعد	_	_	
14	عمر	عمر	عمر	_	_	
15	و	و	و	_	_	
16	اساس	اساس	اساس	_	_	
17	زندگانی	زندگان	زندگانی	_	_	
18	زود	زود	زود	_	_	
19	با	با	با	_	_	
20	خلل	خلل	خلل	_	_	
21	کند	کند	کند	_	_	
22	،	،	،	_	_	
23	و	و	و	_	_	
24	زبان	زب	زبان	_	_	
25	نبوت	نبو	نبوت	_	_	
26	بدین	بدین	بدین	_	_	
27	دقیقه	دقیقه	دقیقه	_	_	
28	اشارت	اشار	اشارت	_	_	
29	کند	کند	کند	_	_	
30	.	.	.	_	_	
				_	_	
0	آن	آن	آن	_	_	
1	کس	کس	کس	_	_	
2	که	که	که	_	_	
3	به	به	به	_	_	
4	تواضع	تواضع	تواضع	_	_	
5	و	و	و	_	_	
6	تضرع	تضرع	تضرع	_	_	
7	مقدمات	مقد	مقدمات	_	_	
8	آزار	آزار	آزار	_	_	
9	فرو	فرو	فرو	_	_	
10	نتواند	نتواند	توانست#توان	_	_	
11	گذاشت	گذا	گذاشت#گذار	_	_	
12	و	و	و	_	_	
13	در	در	در	_	_	
14	عفو	عفو	عفو	_	_	
15	و	و	و	_	_	
16	تجاوز	تجاوز	تجاوز	_	_	
17	پیش‌دستی	پیش‌دست	پیش‌دستی	_	_	
18	و	و	و	_	_	
19	مبادرت	مبادر	مبادرت	_	_	
20	نتواند	نتواند	توانست#توان	_	_	
21	نمود	نمود	نمود	_	_	
22	از	از	از	_	_	
23	پیرایه	پیرایه	پیرایه	_	_	
24	نیکونامی	نیکونام	نیکونامی	_	_	
25	عاطل	عاطل	عاطل	_	_	
26	گردد	گردد	گشت#گرد	_	_	
27	و	و	و	_	_	
28	در	در	در	_	_	
29	پیش	پ	پیش	_	_	
30	مردان	مرد	مرد	_	_	
31	سرافگنده	سرافگنده	سرافگنده	_	_	
32	ماند	ماند	ماند#مان	_	_	
33	.	.	.	_	_	
				_	_	
0	اینست	اینس	اینست	_	_	
1	مثل	مثل	مثل	_	_	
2	خردمند	خردمند	خردمند	_	_	
3	روشن	روشن	روشن	_	_	
4	رأی	رأ	رأی	_	_	
5	که	که	که	_	_	
6	فرصت	فرص	فرصت	_	_	
7	مصالحت	مصالح	مصالح	_	_	
8	دشمن	دشمن	دشمن	_	_	
9	به	به	به	_	_	
10	وقت	وق	وقت	_	_	
11	حاجت	حاج	حاجت	_	_	
12	فایت	فا	فایت	_	_	
13	نگرداند	نگرداند	نگرداند	_	_	
14	و	و	و	_	_	
15	پس‌از	پس‌از	پس‌از	_	_	
16	حصول	حصول	حصول	_	_	
17	غرض	غرض	غرض	_	_	
18	از	از	از	_	_	
19	مراعات	مراع	مراعات	_	_	
20	جانب	جانب	جانب	_	_	
21	حزم	حز	حزم	_	_	
22	و	و	و	_	_	
23	احتیاط	احتیاط	احتیاط	_	_	
24	غافل	غافل	غافل	_	_	
25	نباشد	نباشد	بود#باش	_	_	
26	.	.	.	_	_	
				_	_	
0	سبحان‌الله	سبحان‌الله	سبحان‌الله	_	_	
1	!	!	!	_	_	
				_	_	
0	موشی	موش	موش	_	_	
1	با	با	با	_	_	
2	ضعف	ضعف	ضعف	_	_	
3	و	و	و	_	_	
4	عجز	عجز	عجز	_	_	
5	خویش	خو	خویش	_	_	
6	چون	چون	چون	_	_	
7	آفات	آف	آفات	_	_	
8	بدو	بدو	دوید#دو	_	_	
9	محیط	محیط	محیط	_	_	
10	گشت	گ	گشت	_	_	
11	و	و	و	_	_	
12	دشمنان	دشمن	دشمن	_	_	
13	غالب	غالب	غالب	_	_	
14	گرد	گرد	گرد	_	_	
15	او	او	او	_	_	
16	درآمدند	درآمدند	درآمدند	_	_	
17	دل	دل	دل	_	_	
18	از	از	از	_	_	
19	جای	جا	جای	_	_	
20	نبرد	نبرد	نبرد	_	_	
21	و	و	و	_	_	
22	به	به	به	_	_	
23	دقایق	دقایق	دقایق	_	_	
24	مخادعت	مخادع	مخادعت	_	_	
25	یکی	یک	یک	_	_	
26	را	را	را	_	_	
27	از	از	از	_	_	
28	ایشان	ا	ایشان	_	_	
29	در	در	در	_	_	
30	دام	دا	دام	_	_	
31	موافقت	موافق	موافقت	_	_	
32	کشید	کشید	کشید#کش	_	_	
33	،	،	،	_	_	
34	تا	تا	تا	_	_	
35	بدان	بد	بدان	_	_	
36	وثیقت	وثیق	وثیق	_	_	
37	و	و	و	_	_	
38	وسیلت	وسیل	وسیلت	_	_	
39	محنت	محن	محنت	_	_	
40	از	از	از	_	_	
41	وی	و	وی	_	_	
42	دور	دور	دور	_	_	
43	گشت	گ	گشت	_	_	
44	،	،	،	_	_	
45	و	و	و	_	_	
46	از	از	از	_	_	
47	عهده	عهده	عهده	_	_	
48	عهد	عهد	عهد	_	_	
49	دشمن	دشمن	دشمن	_	_	
50	به	به	به	_	_	
51	وقت	وق	وقت	_	_	
52	بیرون	بیرون	بیرون	_	_	
53	آمد	آمد	آمد#آ	_	_	
54	،	،	،	_	_	
55	و	و	و	_	_	
56	پس‌از	پس‌از	پس‌از	_	_	
57	ادراک	ادراک	ادراک	_	_	
58	نهمت	نهم	نهم	_	_	
59	در	در	در	_	_	
60	تصون	تصون	تصون	_	_	
61	ذات	ذ	ذات	_	_	
62	ابواب	ابواب	ابواب	_	_	
63	تیقظ	تیقظ	تیقظ	_	_	
64	به	به	به	_	_	
65	جای	جا	جای	_	_	
66	آورد	آورد	آورد#آور	_	_	
67	.	.	.	_	_	
				_	_	
0	اگر	اگر	اگر	_	_	
1	اصحاب	اصحاب	اصحاب	_	_	
2	خرد	خرد	خرد	_	_	
3	و	و	و	_	_	
4	کیاست	کیاس	کیاست	_	_	
5	و	و	و	_	_	
6	ذکا	ذکا	ذکا	_	_	
7	و	و	و	_	_	
8	فطنت	فطن	فطنت	_	_	
9	این	این	این	_	_	
10	تجارب	تجارب	تجارب	_	_	
11	را	را	را	_	_	
12	نمودار	نمودار	نمودار	_	_	
13	عزایم	عزا	عزایم	_	_	
14	خویش	خو	خویش	_	_	
15	گردانند	گردانند	گردانند	_	_	
16	و	و	و	_	_	
17	در	در	در	_	_	
18	تقدیم	تقد	تقدیم	_	_	
19	مهمات	مه	مهمات	_	_	
20	این	این	این	_	_	
21	بشارت	بشار	بشارت	_	_	
22	را	را	را	_	_	
23	امام	اما	امام	_	_	
24	سازند	سازند	ساخت#ساز	_	_	
25	فواتح	فواتح	فواتح	_	_	
26	و	و	و	_	_	
27	خواتم	خوا	خواتم	_	_	
28	کارهای	کار	کار	_	_	
29	ایشان	ا	ایشان	_	_	
30	به	به	به	_	_	
31	مزید	مزید	مزید	_	_	
32	دوستکامی	دوستکام	دوستکامی	_	_	
33	و	و	و	_	_	
34	غبط	غبط	غبط	_	_	
35	مقرون	مقرون	مقرون	_	_	
36	باشد	باشد	بود#باش	_	_	
37	و	و	و	_	_	
38	سعادت	سعاد	سعادت	_	_	
39	عاجل	عاجل	عاجل	_	_	
40	و	و	و	_	_	
41	آجل	آجل	آجل	_	_	
42	به	به	به	_	_	
43	روزگار	روزگار	روزگار	_	_	
44	ایشان	ا	ایشان	_	_	
45	متصل	متصل	متصل	_	_	
46	گردد	گردد	گشت#گرد	_	_	
47	،	،	،	_	_	
48	والله	والله	والله	_	_	
49	ولی	ول	ولی	_	_	
50	التوفیق	التوفیق	التوفیق	_	_	
51	.	.	.	_	_	
				_	_	
0	آنکه	آنکه	آنکه	_	_	
1	کشیشان	کش	کش	_	_	
2	و	و	و	_	_	
3	رهبانان	رهبان	رهبان	_	_	
4	و	و	و	_	_	
5	ملکان	ملک	ملک	_	_	
6	و	و	و	_	_	
7	ریش‌سفیدان	ریش‌سفید	ریش‌سفید	_	_	
8	و	و	و	_	_	
9	کدخدایان	کدخدا	کدخدا	_	_	
10	و	و	و	_	_	
11	رعایای	رعایا	رعایا	_	_	
12	ارامنه	ارامنه	ارامنه	_	_	
13	ساکنین	ساکنین	ساکنین	_	_	
14	دارالسلطنه	دارالسلطنه	دارالسلطنه	_	_	
15	اصفهان	اصفه	اصفهان	_	_	
16	بعنایت	بعنا	بعنایت	_	_	
17	بی‌غایت	بی‌غا	بی‌غایت	_	_	
18	شاهانه	شاهانه	شاهانه	_	_	
19	و	و	و	_	_	
20	شفقت	شفق	شفقت	_	_	
21	و	و	و	_	_	
22	مرحمت	مرحم	مرحمت	_	_	
23	بینهایت	بین	بین	_	_	
24	پادشاهانه	پادشاهانه	پادشاهانه	_	_	
25	مفتخر	مفتخر	مفتخر	_	_	
26	و	و	و	_	_	
27	سرافراز	سرافراز	سرافراز	_	_	
28	و	و	و	_	_	
29	مستظهر	مستظهر	مستظهر	_	_	
30	و	و	و	_	_	
31	امیدوار	امیدوار	امیدوار	_	_	
32	بوده	بوده	بوده	_	_	
33	بدانند	بدانند	دانست#دان	_	_	
34	که	که	که	_	_	
35	چون	چون	چون	_	_	
36	میانه	میانه	میانه	_	_	
37	نواب	نواب	نواب	_	_	
38	کامیاب	کامیاب	کامیاب	_	_	
39	همایون	همایون	همایون	_	_	
40	و	و	و	_	_	
41	حضرات	حضر	حضرات	_	_	
42	سلاطین	سلاطین	سلاطین	_	_	
43	رفیع‌الشأن	رفیع‌الشأن	رفیع‌الشأن	_	_	
44	مسیحیه	مسیحیه	مسیحیه	_	_	
45	خصوصا	خصوصا	خصوصا	_	_	
46	سلطنت	سلطن	سلطنت	_	_	
47	و	و	و	_	_	
48	شوکت	شوک	شوکت	_	_	
49	پناهی	پناه	پناهی	_	_	
50	قدرت	قدر	قدرت	_	_	
51	السلاطین	السلاطین	السلاطین	_	_	
52	العیسویه	العیسویه	العیسویه	_	_	
53	کمال	کمال	کمال	_	_	
54	محبت	محب	محبت	_	_	
55	و	و	و	_	_	
56	دوستی	دوست	دوست	_	_	
57	است	اس	#است	_	_	
58	و	و	و	_	_	
59	در	در	در	_	_	
60	میانه	میانه	میانه	_	_	
61	ما	ما	ما	_	_	
62	و	و	و	_	_	
63	طوایف	طوایف	طوایف	_	_	
64	مسیحیه	مسیحیه	مسیحیه	_	_	
65	یکانکی	یکانک	یکانکی	_	_	
66	است	اس	#است	_	_	
67	و	و	و	_	_	
68	اصلا	اصلا	اصلا	_	_	
69	جدایی	جدا	جدایی	_	_	
70	نیست	نیس	نیست	_	_	
71	و	و	و	_	_	
72	توجه	توجه	توجه	_	_	
73	خاطر	خاطر	خاطر	_	_	
74	اشرف	اشرف	اشرف	_	_	
75	به	به	به	_	_	
76	آن	آن	آن	_	_	
77	متعلق	متعلق	متعلق	_	_	
78	است	اس	#است	_	_	
79	که	که	که	_	_	
80	همیشه	همیشه	همیشه	_	_	
81	طوایف	طوایف	طوایف	_	_	
82	مسیحیه	مسیحیه	مسیحیه	_	_	
83	از	از	از	_	_	
84	اطراف	اطراف	اطراف	_	_	
85	و	و	و	_	_	
86	جوانب	جوانب	جوانب	_	_	
87	بدین	بدین	بدین	_	_	
88	دیار	دیار	دیار	_	_	
89	آمدوشد	آمدوشد	آمدوشد	_	_	
90	نمایند	نمایند	نمود#نما	_	_	
91	.	.	.	_	_	
				_	_	
0	و	و	و	_	_	
1	حال	حال	حال	_	_	
2	آنکه	آنکه	آنکه	_	_	
3	آن	آن	آن	_	_	
4	کودک	کودک	کودک	_	_	
5	دیگر	دیگر	دیگر	_	_	
6	مردی	مرد	مردی	_	_	
7	شده‌است	شده‌اس	شده‌است	_	_	
8	یا	یا	یا	_	_	
9	زنی	زن	زنی	_	_	
10	؛	؛	؛	_	_	
11	و	و	و	_	_	
12	زیباست	زیباس	زیباست	_	_	
13	و	و	و	_	_	
14	برومند	برومند	برومند	_	_	
15	؛	؛	؛	_	_	
16	و	و	و	_	_	
17	لابد	لابد	لابد	_	_	
18	شوهری	شوهر	شوهر	_	_	
19	می‌خواهد	می‌خواهد	خواست#خواه	_	_	
20	یا	یا	یا	_	_	
21	زنی	زن	زنی	_	_	
22	؛	؛	؛	_	_	
23	و	و	و	_	_	
24	لابد	لابد	لابد	_	_	
25	بچه‌ای	بچه	بچه	_	_	
26	خواهد‌داشت	خواهد‌دا	خواهد‌داشت	_	_	
27	و…	و…	و…	_	_	
28	این‌جوری	این‌جور	این‌جوری	_	_	
29	بود	بود	بود#باش	_	_	
30	که	که	که	_	_	
31	فریادم	فریاد	فریاد	_	_	
32	از	از	از	_	_	
33	درون	درون	درون	_	_	
34	برخاست	برخاس	برخاست	_	_	
35	که	که	که	_	_	
36	مگر	مگر	مگر	_	_	
37	دوام	دوا	دوام	_	_	
38	خلقت	خلق	خلقت	_	_	
39	بر	بر	بر	_	_	
40	زمینه‌ی	زمینه	زمینه	_	_	
41	لق	لق	لق	_	_	
42	حسرت‌های	حسرت	حسرت	_	_	
43	تو	تو	تو	_	_	
44	است	اس	#است	_	_	
45	احمق	احمق	احمق	_	_	
46	؟	؟	؟	_	_	
				_	_	
0	خیال	خیال	خیال	_	_	
1	کرده‌ای	کرده	کرد#کن	_	_	
2	!	!	!	_	_	
				_	_	
0	و	و	و	_	_	
1	اصلا	اصلا	اصلا	_	_	
2	ببینم	ببین	ببینم	_	_	
3	–	–	–	_	_	
4	مگر	مگر	مگر	_	_	
5	کدامیک	کدامیک	کدامیک	_	_	
6	از	از	از	_	_	
7	بچه‌های	بچه	بچه	_	_	
8	سرراهی	سرراه	سرراهی	_	_	
9	و	و	و	_	_	
10	یتیم	یت	یتیم	_	_	
11	خانه‌ای	خانه	خانه	_	_	
12	و	و	و	_	_	
13	پرورشگاهی	پرورشگاه	پرورشگاه	_	_	
14	به	به	به	_	_	
15	دم	د	دم	_	_	
16	روح‌القدس	روح‌القدس	روح‌القدس	_	_	
17	در	در	در	_	_	
18	مشیمه‌ی	مشیمه	مشیمه‌ی	_	_	
19	مادرشان	مادر	مادر	_	_	
20	قرار	قرار	قرار	_	_	
21	گرفته‌اند	گرفته‌اند	گرفت#گیر	_	_	
22	؟	؟	؟	_	_	
				_	_	
0	و	و	و	_	_	
1	مگر	مگر	مگر	_	_	
2	چه	چه	چه	_	_	
3	فرقی	فرق	فرق	_	_	
4	هست	هس	#هست	_	_	
5	میان	م	میان	_	_	
6	یک	یک	یک	_	_	
7	پسر	پسر	پسر	_	_	
8	کاکل‌زری	کاکل‌زر	کاکل‌زری	_	_	
9	فلان	فل	فلان	_	_	
10	شازده	شازده	شازده	_	_	
11	با	با	با	_	_	
12	بچه‌ی	بچه	بچه	_	_	
13	فلان	فل	فلان	_	_	
14	میراب	میراب	میراب	_	_	
15	که	که	که	_	_	
16	چون	چون	چون	_	_	
17	برای	برا	برای	_	_	
18	بخورونمیر	بخورونمیر	بخورونمیر	_	_	
19	خودش	خود	خودش	_	_	
20	درمانده‌بوده	درمانده‌بوده	درمانده‌بوده	_	_	
21	فرزندش	فرزند	فرزند	_	_	
22	را	را	را	_	_	
23	سر	سر	سر	_	_	
24	راه	راه	راه	_	_	
25	گذاشته	گذاشته	گذاشته	_	_	
26	؟	؟	؟	_	_	
				_	_	
				_	_	
0	کارت	کار	کارت	_	_	
1	به	به	به	_	_	
2	کارت	کار	کارت	_	_	
3	کردن	کردن	کردن	_	_	
4	.	.	.	_	_	
				_	_	
0	دراصل	دراصل	دراصل	_	_	
1	به	به	به	_	_	
2	معنی	معن	معنی	_	_	
3	انتقال	انتقال	انتقال	_	_	
4	وجه	وجه	وجه	_	_	
5	بین	بین	بین	_	_	
6	کارت‌های	کارت	کارت	_	_	
7	بانکی	بانک	بانک	_	_	
8	عضو	عضو	عضو	_	_	
9	شتاب	شتاب	شتاب	_	_	
10	است	اس	#است	_	_	
11	.	.	.	_	_	
				_	_	
0	اما	اما	اما	_	_	
1	در	در	در	_	_	
2	اصطلاح	اصطلاح	اصطلاح	_	_	
3	به	به	به	_	_	
4	عنوان	عنو	عنوان	_	_	
5	رشوه	رشوه	رشوه	_	_	
6	دادن	دادن	دادن	_	_	
7	تلقی	تلق	تلقی	_	_	
8	می‌شود	می‌شود	شد#شو	_	_	
9	.	.	.	_	_	
				_	_	
0	داوری	داور	داور	_	_	
1	بازی	باز	بازی	_	_	
2	فوتبال	فوتبال	فوتبال	_	_	
3	دیشبو	دیشبو	دیشبو	_	_	
4	دیدی	دید	دید#بین	_	_	
5	؟	؟	؟	_	_	
				_	_	
0	آره	آره	آره	_	_	
1	بابا	بابا	بابا	_	_	
2	تابلو	تابلو	تابلو	_	_	
3	بود	بود	بود#باش	_	_	
4	واسه	واسه	واسه	_	_	
5	داوره	داوره	داوره	_	_	
6	کارت	کار	کارت	_	_	
7	به	به	به	_	_	
8	کارت	کار	کارت	_	_	
9	کردن	کردن	کردن	_	_	
10	.	.	.	_	_	
				_	_	
0	میگن	میگن	میگن	_	_	
1	مایکروسافت	مایکروساف	مایکروسافت	_	_	
2	واسه	واسه	واسه	_	_	
3	سایت	سا	سایت	_	_	
4	IGN	IGN	IGN	_	_	
5	کارت	کار	کارت	_	_	
6	به	به	به	_	_	
7	کارت	کار	کارت	_	_	
8	کرده	کرده	کرده	_	_	
9	تا	تا	تا	_	_	
10	امتیاز	امتیاز	امتیاز	_	_	
11	بالایی	بالا	بالا	_	_	
12	به	به	به	_	_	
13	بازی	باز	بازی	_	_	
14	Halo	Halo	Halo	_	_	
15	بده	بده	داد#ده	_	_	
16	.	.	.	_	_	
				_	_	
0	مارال	مارال	مارال	_	_	
1	:	:	:	_	_	
				_	_	
0	بچه‌ها	بچه	بچه	_	_	
1	امروز	امروز	امروز	_	_	
2	تولد	تولد	تولد	_	_	
3	بهنازه	بهنازه	بهنازه	_	_	
4	،	،	،	_	_	
5	دورهمی	دورهم	دورهم	_	_	
6	داریم	دار	داشت#دار	_	_	
7	.	.	.	_	_	
				_	_	
0	حدیثه	حدیثه	حدیثه	_	_	
1	:	:	:	_	_	
				_	_	
0	آج	آج	آج	_	_	
1	جون	جون	جون	_	_	
2	،	،	،	_	_	
3	دورهمی	دورهم	دورهم	_	_	
4	!	!	!	_	_	
				_	_	
0	مارال	مارال	مارال	_	_	
1	:	:	:	_	_	
				_	_	
0	علی	عل	علی	_	_	
1	کجاست	کجاس	کجاست	_	_	
2	؟	؟	؟	_	_	
				_	_	
0	کک	کک	کک	_	_	
1	به	به	به	_	_	
2	تنبونمون	تنبونمون	تنبونمون	_	_	
3	انداخت	انداخ	انداخت#انداز	_	_	
4	و	و	و	_	_	
5	رفت	رف	رفت#رو	_	_	
6	!	!	!	_	_	
				_	_	
0	حدیثه	حدیثه	حدیثه	_	_	
1	:	:	:	_	_	
				_	_	
0	خیلی	خیل	خیلی	_	_	
1	ریلکسه	ریلکسه	ریلکسه	_	_	
2	!	!	!	_	_	
				_	_	
0	الان	ال	الان	_	_	
1	قلپ	قلپ	قلپ	_	_	
2	دوم	دو	دوم	_	_	
3	چاییشه	چاییشه	چاییشه	_	_	
4	!	!	!	_	_	
				_	_	
0	مارال	مارال	مارال	_	_	
1	:	:	:	_	_	
				_	_	
0	تصویرسازیت	تصویرساز	تصویرساز	_	_	
1	تو	تو	تو	_	_	
2	حلقم	حلق	حلق	_	_	
3	.	.	.	_	_	
				_	_	
0	مرضا	مرضا	مرضا	_	_	
1	کجاست	کجاس	کجاست	_	_	
2	که	که	که	_	_	
3	بیاد	بیاد	بیاد	_	_	
4	این	این	این	_	_	
5	اصطلاح	اصطلاح	اصطلاح	_	_	
6	ادبی	ادب	ادب	_	_	
7	چاله‌میدونی	چاله‌میدون	چاله‌میدونی	_	_	
8	رو	رو	رو	_	_	
9	ثبت	ثب	ثبت	_	_	
10	کنه	کنه	کنه	_	_	
11	تو	تو	تو	_	_	
12	اون	اون	اون	_	_	
13	بیلبیلک	بیلبیلک	بیلبیلک	_	_	
14	؟	؟	؟	_	_	
				_	_	
0	سایت	سا	سایت	_	_	
1	فارسی	فارس	فارس	_	_	
2	شهری	شهر	شهر	_	_	
3	مرسده	مرسده	مرسده	_	_	
4	:	:	:	_	_	
				_	_	
0	مرضا	مرضا	مرضا	_	_	
1	اومد	اومد	اومد	_	_	
2	ثبت	ثب	ثبت	_	_	
3	کنه	کنه	کنه	_	_	
4	!	!	!	_	_	
				_	_	
0	مرضا	مرضا	مرضا	_	_	
1	:	:	:	_	_	
				_	_	
0	ثبت	ثب	ثبت	_	_	
1	شد	شد	شد#شو	_	_	
2	!	!	!	_	_	
				_	_	
0	منتظر	منتظر	منتظر	_	_	
1	تأیید	تأیید	تأیید	_	_	
2	فارسی	فارس	فارس	_	_	
3	شهری	شهر	شهر	_	_	
				_	_	
0	و	و	و	_	_	
1	این	این	این	_	_	
2	دو	دو	دو	_	_	
3	تن	تن	تن	_	_	
4	برفتند	برفتند	برفتند	_	_	
5	با	با	با	_	_	
6	بگتگین	بگتگین	بگتگین	_	_	
7	بگفتند	بگفتند	بگفتند	_	_	
8	که	که	که	_	_	
9	به	به	به	_	_	
10	چه	چه	چه	_	_	
11	شغل	شغل	شغل	_	_	
12	آمده‌اند	آمده‌اند	آمد#آ	_	_	
13	،	،	،	_	_	
14	که	که	که	_	_	
15	بی‌مثال	بی‌مثال	بی‌مثال	_	_	
16	وی	و	وی	_	_	
17	کسی	کس	کس	_	_	
18	بر	بر	بر	_	_	
19	قلعت	قلع	قلع	_	_	
20	نتوانستی	نتوانست	توانست#توان	_	_	
21	شد	شد	شد#شو	_	_	
22	.	.	.	_	_	
				_	_	
0	بگتگین	بگتگین	بگتگین	_	_	
1	کدخدای	کدخدا	کدخدا	_	_	
2	خویش	خو	خویش	_	_	
3	را	را	را	_	_	
4	با	با	با	_	_	
5	ایشان	ا	ایشان	_	_	
6	نامزد	نامزد	نامزد	_	_	
7	کرد	کرد	کرد#کن	_	_	
8	و	و	و	_	_	
9	بر	بر	بر	_	_	
10	قلعت	قلع	قلع	_	_	
11	رفتند	رفتند	رفت#رو	_	_	
12	و	و	و	_	_	
13	پیش	پ	پیش	_	_	
14	امیرمحمد	امیرمحمد	امیرمحمد	_	_	
15	شدند	شدند	شد#شو	_	_	
16	و	و	و	_	_	
17	رسم	رس	رسم	_	_	
18	خدمت	خدم	خدمت	_	_	
19	را	را	را	_	_	
20	بجای	بجا	بجا	_	_	
21	آوردند	آوردند	آورد#آور	_	_	
22	،	،	،	_	_	
23	امیر	امیر	امیر	_	_	
24	گفت	گف	گفت#گو	_	_	
25	:	:	:	_	_	
				_	_	
0	خبر	خبر	خبر	_	_	
1	برادرم	برادر	برادر	_	_	
2	چیست	چیس	چیست	_	_	
3	و	و	و	_	_	
4	لشکرکی	لشکرک	لشکرک	_	_	
5	خواهد‌رفت	خواهد‌رف	خواهد‌رفت	_	_	
6	نزدیک	نزدیک	نزدیک	_	_	
7	وی	و	وی	_	_	
8	؟	؟	؟	_	_	
				_	_	
0	گفتند	گفتند	گفت#گو	_	_	
1	:	:	:	_	_	
				_	_	
0	«	«	«	_	_	
1	خبر	خبر	خبر	_	_	
2	خداوند	خداوند	خداوند	_	_	
3	سلطان	سلط	سلطان	_	_	
4	همه	همه	همه	_	_	
5	خیر	خیر	خیر	_	_	
6	است	اس	#است	_	_	
7	،	،	،	_	_	
8	و	و	و	_	_	
9	در	در	در	_	_	
10	این	این	این	_	_	
11	دو	دو	دو	_	_	
12	سه	سه	سه	_	_	
13	روز	روز	روز	_	_	
14	همه	همه	همه	_	_	
15	لشکر	لشکر	لشکر	_	_	
16	بروند	بروند	رفت#رو	_	_	
17	و	و	و	_	_	
18	حاجب	حاجب	حاجب	_	_	
19	بزرگ	بزرگ	بزرگ	_	_	
20	براثر	براثر	براثر	_	_	
21	ایشان	ا	ایشان	_	_	
22	،	،	،	_	_	
23	و	و	و	_	_	
24	بندگان	بندگ	بندگان	_	_	
25	بدین	بدین	بدین	_	_	
26	آمده‌اند	آمده‌اند	آمد#آ	_	_	
27	»	»	»	_	_	
28	،	،	،	_	_	
29	و	و	و	_	_	
30	نامه	نامه	نامه	_	_	
31	به	به	به	_	_	
32	امیر	امیر	امیر	_	_	
33	دادند	دادند	داد#ده	_	_	
34	.	.	.	_	_	
				_	_	
0	بر	بر	بر	_	_	
1	خواند	خواند	خواند#خوان	_	_	
2	و	و	و	_	_	
3	لختی	لخت	لخت	_	_	
4	تاریکی	تاریک	تاریکی	_	_	
5	در	در	در	_	_	
6	وی	و	وی	_	_	
7	پیدا	پیدا	پیدا	_	_	
8	آمد	آمد	آمد#آ	_	_	
9	.	.	.	_	_	
				_	_	
0	نبیه	نبیه	نبیه	_	_	
1	گفت	گف	گفت#گو	_	_	
2	«	«	«	_	_	
3	زندگانی	زندگان	زندگانی	_	_	
4	امیر	امیر	امیر	_	_	
5	دراز	دراز	دراز	_	_	
6	باد	باد	باد	_	_	
7	،	،	،	_	_	
8	سلطان	سلط	سلطان	_	_	
9	که	که	که	_	_	
10	برادر	برادر	برادر	_	_	
11	است	اس	#است	_	_	
12	حق	حق	حق	_	_	
13	امیر	امیر	امیر	_	_	
14	را	را	را	_	_	
15	نگاه	نگاه	نگاه	_	_	
16	دارد	دارد	داشت#دار	_	_	
17	و	و	و	_	_	
18	مهربانی	مهربان	مهربان	_	_	
19	نماید	نماید	نمود#نما	_	_	
20	.	.	.	_	_	
				_	_	
0	دل	دل	دل	_	_	
1	بد	بد	بد	_	_	
2	نباید	نباید	نباید	_	_	
3	کرد	کرد	کرد#کن	_	_	
4	و	و	و	_	_	
5	به‌قضای	به‌قضا	به‌قضای	_	_	
6	خدای	خدا	خدا	_	_	
7	عزوجل	عزوجل	عزوجل	_	_	
8	رضا	رضا	رضا	_	_	
9	باید	باید	باید	_	_	
10	داد	داد	داد	_	_	
11	و	و	و	_	_	
12	از	از	از	_	_	
13	این	این	این	_	_	
14	باب	باب	باب	_	_	
15	بسیار	بسیار	بسیار	_	_	
16	سخن	سخن	سخن	_	_	
17	نیکو	نیکو	نیکو	_	_	
18	گفت	گف	گفت#گو	_	_	
19	،	،	،	_	_	
20	و	و	و	_	_	
21	فذلک	فذلک	فذلک	_	_	
22	آن	آن	آن	_	_	
23	بود	بود	بود#باش	_	_	
24	که	که	که	_	_	
25	بودنی	بودن	بودنی	_	_	
26	بوده‌است	بوده‌اس	بوده‌است	_	_	
27	.	.	.	_	_	
				_	_	
0	به	به	به	_	_	
1	سر	سر	سر	_	_	
2	نشاط	نشاط	نشاط	_	_	
3	بازباید	بازباید	بازباید	_	_	
4	شد	شد	شد#شو	_	_	
5	و	و	و	_	_	
6	امیر	امیر	امیر	_	_	
7	ایشان	ا	ایشان	_	_	
8	را	را	را	_	_	
9	بنواخت	بنواخ	بنواخت	_	_	
10	و	و	و	_	_	
11	گفت	گف	گفت#گو	_	_	
12	«	«	«	_	_	
13	مرا	مرا	مرا	_	_	
14	فراموش	فرامو	فراموش	_	_	
15	مکنید	مکنید	مکنید	_	_	
16	.	.	.	_	_	
17	»	»	»	_	_	
18	و	و	و	_	_	
19	بازگشتند	بازگشتند	بازگشتند	_	_	
20	و	و	و	_	_	
21	آنچه	آنچه	آنچه	_	_	
22	رفته‌بود	رفته‌بود	رفته‌بود	_	_	
23	با	با	با	_	_	
24	حاجب	حاجب	حاجب	_	_	
25	بزرگ	بزرگ	بزرگ	_	_	
26	علی	عل	علی	_	_	
27	گفتند	گفتند	گفت#گو	_	_	
28	.	.	.	_	_	
				_	_	
0	،	،	،	_	_	
1	ای	ا	ای	_	_	
2	که	که	که	_	_	
3	مرا	مرا	مرا	_	_	
4	مایه‌ی	مایه	مایه	_	_	
5	حظی	حظ	حظ	_	_	
6	و	و	و	_	_	
7	سروری	سرور	سرور	_	_	
8	و	و	و	_	_	
9	زهر	زهر	زهر	_	_	
10	عیب	عیب	عیب	_	_	
11	به	به	به	_	_	
12	دوری	دور	دور	_	_	
13	و	و	و	_	_	
14	چو	چو	چو	_	_	
15	یکپارچه	یکپارچه	یکپارچه	_	_	
16	نوری	نور	نوری	_	_	
17	و	و	و	_	_	
18	به	به	به	_	_	
19	دل	دل	دل	_	_	
20	همچو	همچو	همچو	_	_	
21	بلوری	بلور	بلور	_	_	
22	و	و	و	_	_	
23	مبرا	مبرا	مبرا	_	_	
24	ز	ز	ز	_	_	
25	غروری	غرور	غرور	_	_	
26	و	و	و	_	_	
27	پر	پر	پر	_	_	
28	از	از	از	_	_	
29	شعر	شعر	شعر	_	_	
30	و	و	و	_	_	
31	شعوری	شعور	شعور	_	_	
32	،	،	،	_	_	
33	با	با	با	_	_	
34	درودی	درود	درود	_	_	
35	و	و	و	_	_	
36	سلامی	سلام	سلامی	_	_	
37	و	و	و	_	_	
38	نویدی	نوید	نوید	_	_	
39	و	و	و	_	_	
40	پیامی	پیام	پیام	_	_	
41	و	و	و	_	_	
42	حدیثی	حدیث	حدیث	_	_	
43	و	و	و	_	_	
44	کلامی	کلام	کلام	_	_	
45	زره	زره	زره	_	_	
46	دور	دور	دور	_	_	
47	،	،	،	_	_	
48	از	از	از	_	_	
49	این	این	این	_	_	
50	عاشق	عاشق	عاشق	_	_	
51	رنجور	رنجور	رنجور	_	_	
52	،	،	،	_	_	
53	به	به	به	_	_	
54	تو	تو	تو	_	_	
55	ای	ا	ای	_	_	
56	دلبر	دلبر	دلبر	_	_	
57	مهجور	مهجور	مهجور	_	_	
58	،	،	،	_	_	
59	که	که	که	_	_	
60	باشی	باش	بود#باش	_	_	
61	به	به	به	_	_	
62	هنر	هنر	هنر	_	_	
63	شهره	شهره	شهره	_	_	
64	و	و	و	_	_	
65	مشهور	مشهور	مشهور	_	_	
66	و	و	و	_	_	
67	نباشد	نباشد	بود#باش	_	_	
68	به	به	به	_	_	
69	دلت	دل	دل	_	_	
70	جور	جور	جور	_	_	
71	و	و	و	_	_	
72	جفایی	جفا	جفا	_	_	
73	،	،	،	_	_	
74	که	که	که	_	_	
75	تو	تو	تو	_	_	
76	خود	خود	خود	_	_	
77	اصل	اصل	اصل	_	_	
78	وفایی	وفا	وفا	_	_	
79	و	و	و	_	_	
80	بهین	بهین	بهین	_	_	
81	شاعر	شاعر	شاعر	_	_	
82	مایی	ما	ما	_	_	
83	و	و	و	_	_	
84	به	به	به	_	_	
85	درددل	درددل	درددل	_	_	
86	عشاق	عشاق	عشاق	_	_	
87	دوایی	دوا	دوا	_	_	
88	،	،	،	_	_	
89	به	به	به	_	_	
90	چه	چه	چه	_	_	
91	حالی	حال	حال	_	_	
92	و	و	و	_	_	
93	کجایی	کجا	کجا	_	_	
94	،	،	،	_	_	
95	ز	ز	ز	_	_	
96	برم	بر	برد#بر	_	_	
97	دور	دور	دور	_	_	
98	چرایی	چرا	چرایی	_	_	
99	،	،	،	_	_	
100	ارچه	ارچه	ارچه	_	_	
101	ما	ما	ما	_	_	
102	را	را	را	_	_	
103	نبود	نبود	بود#باش	_	_	
104	طاقت	طاق	طاقت	_	_	
105	هجران	هجر	هجران	_	_	
106	رخت	رخ	رخت	_	_	
107	ایمه	ایمه	ایمه	_	_	
108	زیبا	زیبا	زیبا	_	_	
109	،	،	،	_	_	
110	دارم	دار	داشت#دار	_	_	
111	امید	امید	امید	_	_	
112	که	که	که	_	_	
113	لطف	لطف	لطف	_	_	
114	ازلی	ازل	ازل	_	_	
115	در	در	در	_	_	
116	همه	همه	همه	_	_	
117	احوال	احوال	احوال	_	_	
118	بسی	بس	بس	_	_	
119	شامل	شامل	شامل	_	_	
120	حالت	حال	حالت	_	_	
121	شده‌باشد	شده‌باشد	شده‌باشد	_	_	
122	و	و	و	_	_	
123	دگر	دگر	دگر	_	_	
124	همچو	همچو	همچو	_	_	
125	گذشته‌بشوی	گذشته‌بشو	گذشته‌بشوی	_	_	
126	همره	همره	همره	_	_	
127	و	و	و	_	_	
128	مأنوس	مأنوس	مأنوس	_	_	
129	به	به	به	_	_	
130	سلم	سل	سلم	_	_	
131	و	و	و	_	_	
132	خوشی	خوش	خوش	_	_	
133	و	و	و	_	_	
134	صدق	صدق	صدق	_	_	
135	و	و	و	_	_	
136	صفا	صفا	صفا	_	_	
137	و	و	و	_	_	
138	کرم	کر	کرم	_	_	
139	و	و	و	_	_	
140	جود	جود	جود	_	_	
141	و	و	و	_	_	
142	سخا	سخا	سخا	_	_	
143	و	و	و	_	_	
144	دگر	دگر	دگر	_	_	
145	الطاف	الطاف	الطاف	_	_	
146	خدا	خدا	خدا	_	_	
147	دورکند	دورکند	دورکند	_	_	
148	از	از	از	_	_	
149	تن	تن	تن	_	_	
150	تو	تو	تو	_	_	
151	رنج	رنج	رنج	_	_	
152	و	و	و	_	_	
153	بلا	بلا	بلا	_	_	
154	را	را	را	_	_	
155	!	!	!	_	_	
				_	_	
0	الغرض	الغرض	الغرض	_	_	
1	،	،	،	_	_	
2	تاتو	تاتو	تاتو	_	_	
3	در	در	در	_	_	
4	این	این	این	_	_	
5	دهکده‌ی	دهکده	دهکده	_	_	
6	کوچک	کوچک	کوچک	_	_	
7	رایانه‌ای	رایانه	رایانه	_	_	
8	ازبهر	ازبهر	ازبهر	_	_	
9	دل	دل	دل	_	_	
10	ملت	مل	ملت	_	_	
11	بیداردل	بیداردل	بیداردل	_	_	
12	خویش	خو	خویش	_	_	
13	،	،	،	_	_	
14	به	به	به	_	_	
15	افشاگری	افشاگر	افشاگر	_	_	
16	و	و	و	_	_	
17	شوخی	شوخ	شوخ	_	_	
18	و	و	و	_	_	
19	طنازی	طناز	طناز	_	_	
20	و	و	و	_	_	
21	هم	ه	هم	_	_	
22	دادن	دادن	دادن	_	_	
23	آگاهی	آگاه	آگاهی	_	_	
24	از	از	از	_	_	
25	اسرار	اسرار	اسرار	_	_	
26	مگو	مگو	مگو	_	_	
27	دست	دس	دست	_	_	
28	گشودی	گشود	گشود#گشا	_	_	
29	،	،	،	_	_	
30	همگان	همگ	همگان	_	_	
31	را	را	را	_	_	
32	به	به	به	_	_	
33	سخن‌های	سخن	سخن	_	_	
34	پر	پر	پر	_	_	
35	از	از	از	_	_	
36	شهد	شهد	شهد	_	_	
37	و	و	و	_	_	
38	شکر	شکر	شکر	_	_	
39	راغب	راغب	راغب	_	_	
40	و	و	و	_	_	
41	مشتاق	مشتاق	مشتاق	_	_	
42	نمودی	نمود	نمود#نما	_	_	
43	و	و	و	_	_	
44	به	به	به	_	_	
45	نیش	ن	نیش	_	_	
46	قلمت	قلم	قلم	_	_	
47	گردوغبار	گردوغبار	گردوغبار	_	_	
48	از	از	از	_	_	
49	رخ	رخ	رخ	_	_	
50	هر	هر	هر	_	_	
51	ناکس	ناکس	ناکس	_	_	
52	بی‌مغز	بی‌مغز	بی‌مغز	_	_	
53	و	و	و	_	_	
54	خرد	خرد	خرد	_	_	
55	پاک	پاک	پاک	_	_	
56	زدودی	زدود	زدودی	_	_	
57	و	و	و	_	_	
58	هم	ه	هم	_	_	
59	از	از	از	_	_	
60	باطن	باطن	باطن	_	_	
61	بی‌مایه‌ی	بی‌مایه	بی‌مایه	_	_	
62	ارباب	ارباب	ارباب	_	_	
63	زر	زر	زر	_	_	
64	و	و	و	_	_	
65	زور	زور	زور	_	_	
66	و	و	و	_	_	
67	ریا	ریا	ریا	_	_	
68	پرده	پرده	پرده	_	_	
69	گشودی	گشود	گشود#گشا	_	_	
70	.	.	.	_	_	
						