0	﻿مقام	﻿مقا	﻿مقام	﻿مقام	N
1	معظم	معظ	معظم	معظم	AJ
2	رهبری	رهبر	رهبر	رهبری	N
3	در	در	در	در	P
4	دیدار	دیدار	دیدار	دیدار	N
5	رئیس	رئیس	رئیس	رئیس	N
6	و	و	و	و	CONJ
7	مسئولان	مسئول	مسئول	مسئولان	N
8	سازمان	ساز	سازمان	سازمان	N
9	پدافند	پدافند	پدافند	پدافند	N
10	غیرعامل	غیرعامل	غیرعامل	غیرعامل	N
11	اظهار	اظهار	اظهار	اظهار	Ne
12	داشتند	داشتند	داشت#دار	داشتند	V
13	:	:	:	:	PUNC
14	پدافند	پدافند	پدافند	پدافند	N
15	غیرعامل	غیرعامل	غیرعامل	غیرعامل	N
16	در	در	در	در	P
17	مقابل	مقابل	مقابل	مقابل	AJ
18	تهاجم	تهاج	تهاجم	تهاجم	N
19	دشمنان	دشمن	دشمن	دشمنان	N
20	علمی	علم	علم	علمی	AJ
21	،	،	،	،	PUNC
22	جدی	جد	جدی	جدی	AJ
23	و	و	و	و	CONJ
24	همه‌جانبه	همه‌جانبه	همه‌جانبه	همه|جانبه	AJ
25	باشد	باشد	بود#باش	باشد	V
26	.	.	.	.	PUNC

0	به	به	به	به	P
1	گزارش	گزار	گزارش	گزارش	Ne
2	پایگاه	پایگاه	پایگاه	پایگاه	N
3	اطلاع‌رسانی	اطلاع‌رسان	اطلاع‌رسانی	اطلاع|رسانی	N
4	دفتر	دف	دفتر	دفتر	N
5	حفظ	حفظ	حفظ	حفظ	N
6	و	و	و	و	CONJ
7	نشر	نشر	نشر	نشر	N
8	آثار	آثار	آثار	آثار	N
9	رهبر	رهبر	رهبر	رهبر	N
10	معظم	معظ	معظم	معظم	AJ
11	انقلاب	انقلاب	انقلاب	انقلاب	N
12	،	،	،	،	PUNC
13	حضرت	حضر	حضرت	حضرت	N
14	آیت	آ	آیت	آیت	N
15	الله	الله	الله	الله	N
16	خامنه‌ای	خامنه	خامنه	خامنه|ای	N
17	رهبر	رهبر	رهبر	رهبر	N
18	معظم	معظ	معظم	معظم	AJ
19	انقلاب	انقلاب	انقلاب	انقلاب	N
20	اسلامی	اسلام	اسلام	اسلامی	AJ
21	ظهر	ظهر	ظهر	ظهر	N
22	امروز	امروز	امروز	امروز	ADV
23	(	(	(	(	PUNC
24	یکشنبه	یکشنبه	یکشنبه	یکشنبه	N
25	۶	۶	۶	۶	NUM
26	آبان	آب	آبان	آبان	N
27	)	)	)	)	PUNC
28	در	در	در	در	P
29	این	این	این	این	PRO
30	دیدار	دیدار	دیدار	دیدار	N
31	با	با	با	با	P
32	اشاره	اشاره	اشاره	اشاره	N
33	به	به	به	به	P
34	اهمیت	اهم	اهمیت	اهمیت	N
35	روزافزون	روزافزون	روزافزون	روزافزون	AJ
36	پدافند	پدافند	پدافند	پدافند	N
37	غیرعامل	غیرعامل	غیرعامل	غیرعامل	N
38	در	در	در	در	P
39	مقابله	مقابله	مقابله	مقابله	N
40	با	با	با	با	P
41	تهدیدهای	تهدید	تهدید	تهدیدهای	Ne
42	نو	نو	نو	نو	AJ
43	شونده	شونده	شونده	شونده	N
44	دشمنان	دشمن	دشمن	دشمنان	N
45	،	،	،	،	PUNC
46	تأکید	تأکید	تأکید	تأکید	N
47	کردند	کردند	کرد#کن	کردند	V
48	:	:	:	:	PUNC
49	در	در	در	در	P
50	مقابل	مقابل	مقابل	مقابل	AJ
51	شیوه‌های	شیوه	شیوه	شیوه|های	Ne
52	پیچیده	پیچیده	پیچیده	پیچیده	AJ
53	تهاجم	تهاج	تهاجم	تهاجم	N
54	دشمنان	دشمن	دشمن	دشمنان	N
55	،	،	،	،	PUNC
56	پدافند	پدافند	پدافند	پدافند	N
57	غیرعامل	غیرعامل	غیرعامل	غیرعامل	N
58	نیز	نیز	نیز	نیز	CONJ
59	باید	باید	باید	باید	V
60	کاملا	کاملا	کاملا	کاملا	ADV
61	هوشیار	هوشیار	هوشیار	هوشیار	AJ
62	و	و	و	و	CONJ
63	جدی	جد	جدی	جدی	AJ
64	باشد	باشد	بود#باش	باشد	V
65	و	و	و	و	CONJ
66	به	به	به	به	P
67	صورت	صور	صورت	صورت	N
68	علمی	علم	علم	علمی	AJ
69	،	،	،	،	PUNC
70	دقیق	دقیق	دقیق	دقیق	AJ
71	،	،	،	،	PUNC
72	به‌روز	به‌روز	به‌روز	به|روز	AJ
73	و	و	و	و	CONJ
74	همه‌جانبه	همه‌جانبه	همه‌جانبه	همه|جانبه	AJ
75	عمل	عمل	عمل	عمل	N
76	و	و	و	و	CONJ
77	با	با	با	با	P
78	هرگونه	هرگونه	هرگونه	هرگونه	N
79	نفوذ	نفوذ	نفوذ	نفوذ	N
80	مقابله	مقابله	مقابله	مقابله	N
81	کند	کند	کند	کند	V
82	.	.	.	.	PUNC

0	حضرت	حضر	حضرت	حضرت	N
1	آیت	آ	آیت	آیت	N
2	الله	الله	الله	الله	N
3	خامنه‌ای	خامنه	خامنه	خامنه|ای	N
4	توجه	توجه	توجه	توجه	N
5	مسئولان	مسئول	مسئول	مسئولان	N
6	در	در	در	در	P
7	همه	همه	همه	همه	PRO
8	بخشها	بخش	بخش	بخشها	N
9	به	به	به	به	P
10	اهمیت	اهم	اهمیت	اهمیت	N
11	پدافند	پدافند	پدافند	پدافند	N
12	غیرعامل	غیرعامل	غیرعامل	غیرعامل	N
13	را	را	را	را	POSTP
14	لازم	لاز	لازم	لازم	AJ
15	دانستند	دانستند	دانست#دان	دانستند	V
16	و	و	و	و	CONJ
17	افزودند	افزودند	افزود#افزا	افزودند	V
18	:	:	:	:	PUNC
19	اگر	اگر	اگر	اگر	CONJ
20	مدیران	مدیر	مدیر	مدیران	N
21	کشور	کشور	کشور	کشور	N
22	اهمیت	اهم	اهمیت	اهمیت	N
23	این	این	این	این	PRO
24	مسئله	مسئله	مسئله	مسئله	N
25	را	را	را	را	POSTP
26	درک	درک	درک	درک	N
27	نکنند	نکنند	کرد#کن	نکنند	V
28	و	و	و	و	CONJ
29	پدافند	پدافند	پدافند	پدافند	N
30	غیرعامل	غیرعامل	غیرعامل	غیرعامل	N
31	به	به	به	به	P
32	طور	طور	طور	طور	N
33	شایسته	شایسته	شایسته	شایسته	AJ
34	توسعه	توسعه	توسعه	توسعه	N
35	پیدا	پیدا	پیدا	پیدا	AJ
36	نکند	نکند	کرد#کن	نکند	V
37	،	،	،	،	PUNC
38	کشور	کشور	کشور	کشور	N
39	در	در	در	در	P
40	معرض	معرض	معرض	معرض	Ne
41	تهدیدهای	تهدید	تهدید	تهدیدهای	Ne
42	بعضا	بعضا	بعضا	بعضا	ADV
43	غیرقابل	غیرقابل	غیرقابل	غیرقابل	N
44	جبران	جبر	جبران	جبران	N
45	قرار	قرار	قرار	قرار	N
46	خواهد_گرفت	خواهد_گرف	گرفت#گیر	خواهد_گرفت	V
47	،	،	،	،	PUNC
48	بنابراین	بنابراین	بنابراین	بنابراین	CONJ
49	مسئولان	مسئول	مسئول	مسئولان	N
50	بخش‌های	بخش	بخش	بخش|های	N
51	مختلف	مختلف	مختلف	مختلف	AJ
52	کشور	کشور	کشور	کشور	N
53	چه	چه	چه	چه	N
54	بخشهای	بخش	بخش	بخشهای	Ne
55	نظامی	نظام	نظام	نظامی	N
56	و	و	و	و	CONJ
57	چه	چه	چه	چه	N
58	بخشهای	بخش	بخش	بخشهای	Ne
59	غیرنظامی	غیرنظام	غیرنظامی	غیرنظامی	N
60	،	،	،	،	PUNC
61	باید	باید	باید	باید	V
62	با	با	با	با	P
63	پدافند	پدافند	پدافند	پدافند	N
64	غیرعامل	غیرعامل	غیرعامل	غیرعامل	N
65	همکاری	همکار	همکار	همکاری	N
66	کامل	کامل	کامل	کامل	AJ
67	و	و	و	و	CONJ
68	لازم	لاز	لازم	لازم	AJ
69	انجام	انجا	انجام	انجام	N
70	دهند	دهند	داد#ده	دهند	V
71	.	.	.	.	PUNC

0	ایران	ایر	ایران	ایران	N
1	و	و	و	و	CONJ
2	اتحادیه	اتحادیه	اتحادیه	اتحادیه	N
3	اروپا	اروپا	اروپا	اروپا	N
4	برای	برا	برای	برای	Pe
5	رونمایی	رونما	رونما	رونمایی	N
6	از	از	از	از	P
7	یک	یک	یک	یک	NUM
8	تونل	تونل	تونل	تونل	N
9	مالی	مال	مالی	مالی	N
10	ویژه‌	ویژه	ویژه	ویژه|	N
11	،	،	،	،	PUNC
12	با	با	با	با	P
13	هدف	هدف	هدف	هدف	N
14	خنثی‌سازی	خنثی‌ساز	خنثی‌سازی	خنثی|سازی	N
15	اثر	اثر	اثر	اثر	N
16	تحریم‌های	تحریم	تحریم	تحریم|های	N
17	آمریکا	آمریکا	آمریکا	آمریکا	N
18	و	و	و	و	CONJ
19	هموار	هموار	هموار	هموار	AJ
20	شدن	شدن	شدن	شدن	N
21	راه	راه	راه	راه	N
22	تجارت	تجار	تجارت	تجارت	N
23	بین	بین	بین	بین	N
24	کشورمان	کشور	کشور	کشورمان	N
25	با	با	با	با	P
26	جهان	جه	جهان	جهان	N
27	آماده	آماده	آماده	آماده	AJ
28	می‌شوند	می‌شوند	شد#شو	می|شوند	V
29	.	.	.	.	PUNC

0	ایجاد	ایجاد	ایجاد	ایجاد	Ne
1	کانال	کانال	کانال	کانال	N
2	ویژه	ویژه	ویژه	ویژه	AJ
3	مالی	مال	مالی	مالی	N
4	اروپا	اروپا	اروپا	اروپا	N
5	یکی	یک	یک	یکی	NUM
6	از	از	از	از	P
7	گام‌های	گام	گام	گام|های	N
8	عملی	عمل	عملی	عملی	N
9	برای	برا	برای	برای	Pe
10	حفظ	حفظ	حفظ	حفظ	N
11	برجام	برجا	برجا	برجام	N
12	و	و	و	و	CONJ
13	بهره‌مندی	بهره‌مند	بهره‌مندی	بهره|مندی	N
14	ایران	ایر	ایران	ایران	N
15	از	از	از	از	P
16	منافع	منافع	منافع	منافع	N
17	اقتصادی	اقتصاد	اقتصاد	اقتصادی	AJ
18	آن	آن	آن	آن	PRO
19	ازجمله	ازجمله	ازجمله	ازجمله	ADV
20	ایمن	ایمن	ایمن	ایمن	AJ
21	ماندن	ماندن	ماندن	ماندن	N
22	مسیر	مسیر	مسیر	مسیر	N
23	فروش	فرو	فروش	فروش	N
24	نفت	نف	نفت	نفت	N
25	و	و	و	و	CONJ
26	دیگر	دیگر	دیگر	دیگر	PRO
27	کالاهای	کالا	کالا	کالاهای	Ne
28	صادراتی	صادرات	صادرات	صادراتی	AJ
29	به	به	به	به	P
30	اروپا	اروپا	اروپا	اروپا	N
31	و	و	و	و	CONJ
32	البته	البته	البته	البته	ADV
33	سایر	سایر	سایر	سایر	Ne
34	کشورها	کشور	کشور	کشورها	N
35	به‌شمار	به‌شمار	به‌شمار	به|شمار	N
36	می‌رود	می‌رود	رفت#رو	می|رود	V
37	و	و	و	و	CONJ
38	قرار	قرار	قرار	قرار	N
39	است	اس	#است	است	V
40	مبنای	مبنا	مبنا	مبنای	Ne
41	رد	رد	رد	رد	N
42	و	و	و	و	CONJ
43	بدل	بدل	بدل	بدل	N
44	مالی	مال	مالی	مالی	N
45	در	در	در	در	P
46	این	این	این	این	PRO
47	کانال	کانال	کانال	کانال	N
48	ویژه	ویژه	ویژه	ویژه	AJ
49	براساس	براساس	براساس	براساس	N
50	یورو	یورو	یورو	یورو	N
51	و	و	و	و	CONJ
52	نه	نه	نه	نه	ADV
53	دلار	دلار	دلار	دلار	N
54	صورت	صور	صورت	صورت	N
55	گیرد	گیرد	گرفت#گیر	گیرد	V
56	.	.	.	.	PUNC

0	به‌گزارش	به‌گزار	به‌گزارش	به|گزارش	N
1	همشهری	همشهر	همشهری	همشهری	N
2	،	،	،	،	PUNC
3	عبدالناصر	عبدالناصر	عبدالناصر	عبدالناصر	N
4	همتی	همت	همت	همتی	N
5	،	،	،	،	PUNC
6	رئیس‌کل	رئیس‌کل	رئیس‌کل	رئیس|کل	N
7	بانک	بانک	بانک	بانک	N
8	مرکزی	مرکز	مرکزی	مرکزی	AJ
9	ایران	ایر	ایران	ایران	N
10	در	در	در	در	P
11	تازه‌ترین	تازه	تازه	تازه|ترین	AJ
12	واکنش	واکن	واکنش	واکنش	N
13	به	به	به	به	P
14	این	این	این	این	PRO
15	موضوع	موضوع	موضوع	موضوع	N
16	گفته_است	گفته_اس	گفت#گو	گفته_است	V
17	جزئیات	جزئ	جزئیات	جزئیات	N
18	و	و	و	و	CONJ
19	نحوه	نحوه	نحوه	نحوه	Ne
20	استفاده	استفاده	استفاده	استفاده	N
21	از	از	از	از	P
22	کانال	کانال	کانال	کانال	N
23	ویژه	ویژه	ویژه	ویژه	AJ
24	مالی	مال	مالی	مالی	N
25	اروپا	اروپا	اروپا	اروپا	N
26	هفته	هفته	هفته	هفته	N
27	آینده	آینده	آینده	آینده	N
28	در	در	در	در	P
29	جریان	جر	جریان	جریان	N
30	یک	یک	یک	یک	NUM
31	نشست	نشس	نشست	نشست	N
32	که	که	که	که	CONJ
33	در	در	در	در	P
34	شهر	شهر	شهر	شهر	N
35	بروکسل	بروکسل	بروکسل	بروکسل	N
36	بلژیک	بلژیک	بلژیک	بلژیک	N
37	،	،	،	،	PUNC
38	مقر	مقر	مقر	مقر	Ne
39	اتحادیه	اتحادیه	اتحادیه	اتحادیه	N
40	اروپا	اروپا	اروپا	اروپا	N
41	برگزار	برگزار	برگزار	برگزار	AJ
42	می‌شود	می‌شود	شد#شو	می|شود	V
43	،	،	،	،	PUNC
44	نهایی	ن	نهایی	نهایی	AJ
45	خواهد_شد	خواهد_شد	شد#شو	خواهد_شد	V
46	.	.	.	.	PUNC

0	او	او	او	او	PRO
1	وعده	وعده	وعده	وعده	N
2	داده	داده	داده	داده	V
3	جزئیات	جزئ	جزئیات	جزئیات	N
4	این	این	این	این	PRO
5	کانال	کانال	کانال	کانال	N
6	ضد‌تحریم	ضد‌تحر	ضد‌تحریم	ضد|تحریم	N
7	به‌زودی	به‌زود	به‌زودی	به|زودی	ADV
8	اعلام	اعلا	اعلام	اعلام	Ne
9	خواهد_شد	خواهد_شد	شد#شو	خواهد_شد	V
10	.	.	.	.	PUNC

0	به	به	به	به	P
1	گفته	گفته	گفته	گفته	V
2	این	این	این	این	PRO
3	مقام	مقا	مقام	مقام	Ne
4	ارشد	ارشد	ارشد	ارشد	AJ
5	بانک	بانک	بانک	بانک	N
6	مرکزی	مرکز	مرکزی	مرکزی	AJ
7	،	،	،	،	PUNC
8	جزئیات	جزئ	جزئیات	جزئیات	N
9	این	این	این	این	PRO
10	کانال	کانال	کانال	کانال	N
11	هفته	هفته	هفته	هفته	N
12	آینده	آینده	آینده	آینده	N
13	بین	بین	بین	بین	N
14	ایران	ایر	ایران	ایران	N
15	و	و	و	و	CONJ
16	اروپا	اروپا	اروپا	اروپا	N
17	مورد	مورد	مورد	مورد	Ne
18	بررسی	بررس	بررسی	بررسی	Ne
19	نهایی	ن	نهایی	نهایی	AJ
20	قرار	قرار	قرار	قرار	N
21	می‌گیرد	می‌گیرد	گرفت#گیر	می|گیرد	V
22	و	و	و	و	CONJ
23	هدف	هدف	هدف	هدف	N
24	نخست	نخس	نخست	نخست	NUM
25	آن	آن	آن	آن	PRO
26	رفع	رفع	رفع	رفع	Ne
27	مشکلات	مشکل	مشکلات	مشکلات	N
28	مربوط	مربوط	مربوط	مربوط	AJ
29	به	به	به	به	P
30	انجام	انجا	انجام	انجام	N
31	پرداخت‌های	پرداخت	پرداخت	پرداخت|های	N
32	مالی	مال	مالی	مالی	N
33	است	اس	#است	است	V
34	.	.	.	.	PUNC

0	او	او	او	او	PRO
1	در	در	در	در	P
2	صفحه	صفحه	صفحه	صفحه	N
3	اینستاگرام	اینستاگرا	اینستاگرام	اینستاگرام	N
4	خود	خود	خود	خود	PRO
5	نوشته_است	نوشته_اس	نوشت#نویس	نوشته_است	V
6	:	:	:	:	PUNC
7	کانال	کانال	کانال	کانال	N
8	ویژه	ویژه	ویژه	ویژه	AJ
9	مالی	مال	مالی	مالی	N
10	اروپا	اروپا	اروپا	اروپا	N
11	،	،	،	،	PUNC
12	نقش	نق	نقش	نقش	N
13	نوعی	نوع	نوع	نوعی	N
14	پیمان	پ	پیمان	پیمان	N
15	پولی	پول	پول	پولی	N
16	دوجانبه	دوجانبه	دوجانبه	دوجانبه	AJ
17	میان	م	میان	میان	N
18	ایران	ایر	ایران	ایران	N
19	و	و	و	و	CONJ
20	اتحادیه	اتحادیه	اتحادیه	اتحادیه	N
21	اروپا	اروپا	اروپا	اروپا	N
22	را	را	را	را	POSTP
23	ایفا	ایفا	ایفا	ایفا	N
24	خواهد_کرد	خواهد_کرد	کرد#کن	خواهد_کرد	V
25	و	و	و	و	CONJ
26	هر	هر	هر	هر	DET
27	دو	دو	دو	دو	NUM
28	طرف	طرف	طرف	طرف	N
29	بر	بر	بر	بر	P
30	تسریع	تسریع	تسریع	تسریع	N
31	در	در	در	در	P
32	عملیاتی	عملیات	عملیاتی	عملیاتی	N
33	شدن	شدن	شدن	شدن	N
34	این	این	این	این	PRO
35	فرایند	فرایند	فرایند	فرایند	N
36	تأکید	تأکید	تأکید	تأکید	N
37	دارند	دارند	داشت#دار	دارند	V
38	.	.	.	.	PUNC

0	پیش‌تر	پیش	پیش	پیش|تر	N
1	در	در	در	در	P
2	هفته	هفته	هفته	هفته	N
3	نخست	نخس	نخست	نخست	NUM
4	مهرماه	مهرماه	مهرماه	مهرماه	N
5	فدریکا	فدریکا	فدریکا	فدریکا	N
6	موگرینی	موگرین	موگرینی	موگرینی	N
7	،	،	،	،	PUNC
8	مسئول	مسئول	مسئول	مسئول	N
9	سیاست	سیاس	سیاست	سیاست	N
10	خارجی	خارج	خارج	خارجی	AJ
11	اتحادیه	اتحادیه	اتحادیه	اتحادیه	N
12	اروپا	اروپا	اروپا	اروپا	N
13	،	،	،	،	PUNC
14	قول	قول	قول	قول	N
15	داده_بود	داده_بود	داد#ده	داده_بود	V
16	که	که	که	که	CONJ
17	کانال	کانال	کانال	کانال	N
18	ویژه	ویژه	ویژه	ویژه	AJ
19	مالی	مال	مالی	مالی	N
20	اروپا	اروپا	اروپا	اروپا	N
21	تا	تا	تا	تا	P
22	قبل	قبل	قبل	قبل	P
23	از	از	از	از	P
24	۱۰	۱۰	۱۰	۱۰	NUM
25	آبان	آب	آبان	آبان	N
26	یعنی	یعن	یعنی	یعنی	CONJ
27	چند	چند	چند	چند	DET
28	روز	روز	روز	روز	N
29	مانده	مانده	مانده	مانده	Ne
30	به	به	به	به	P
31	اعمال	اعمال	اعمال	اعمال	Ne
32	مرحله	مرحله	مرحله	مرحله	N
33	دوم	دو	دوم	دوم	NUM
34	تحریم‌های	تحریم	تحریم	تحریم|های	N
35	یکجانبه	یکجانبه	یکجانبه	یکجانبه	AJ
36	و	و	و	و	CONJ
37	فراسرزمینی	فراسرزمین	فراسرزمینی	فراسرزمینی	N
38	آمریکا	آمریکا	آمریکا	آمریکا	N
39	علیه	علیه	علیه	علیه	Pe
40	ایران	ایر	ایران	ایران	N
41	ایجاد	ایجاد	ایجاد	ایجاد	Ne
42	شود	شود	شد#شو	شود	V
43	.	.	.	.	PUNC

0	ایجاد	ایجاد	ایجاد	ایجاد	Ne
1	کانال	کانال	کانال	کانال	N
2	ویژه	ویژه	ویژه	ویژه	AJ
3	مالی	مال	مالی	مالی	N
4	بر	بر	بر	بر	P
5	مبنای	مبنا	مبنا	مبنای	Ne
6	الگوی	الگو	الگو	الگوی	Ne
7	پیمان	پ	پیمان	پیمان	N
8	دوجانبه	دوجانبه	دوجانبه	دوجانبه	AJ
9	پولی	پول	پول	پولی	N
10	به	به	به	به	P
11	این	این	این	این	PRO
12	معناست	معناس	معناست	معناست	V
13	که	که	که	که	CONJ
14	بین	بین	بین	بین	N
15	ایران	ایر	ایران	ایران	N
16	به‌عنوان	به‌عنو	به‌عنوان	به|عنوان	N
17	کشور	کشور	کشور	کشور	N
18	صادرکننده	صادرکننده	صادرکننده	صادرکننده	N
19	نفت	نف	نفت	نفت	N
20	و	و	و	و	CONJ
21	سایر	سایر	سایر	سایر	Ne
22	کالاها	کالا	کالا	کالاها	N
23	و	و	و	و	CONJ
24	کشور	کشور	کشور	کشور	N
25	خریدار	خریدار	خریدار	خریدار	N
26	،	،	،	،	PUNC
27	پول	پول	پول	پول	N
28	ملی	مل	ملی	ملی	AJ
29	۲کشور	۲کشور	۲کشور	۲کشور	N
30	مبنای	مبنا	مبنا	مبنای	Ne
31	عمل	عمل	عمل	عمل	N
32	تسویه‌حساب	تسویه‌حساب	تسویه‌حساب	تسویه|حساب	N
33	قرار	قرار	قرار	قرار	N
34	می‌گیرد	می‌گیرد	گرفت#گیر	می|گیرد	V
35	اما	اما	اما	اما	CONJ
36	پیش	پ	پیش	پیش	ADV
37	از	از	از	از	P
38	این	این	این	این	PRO
39	اعلام	اعلا	اعلام	اعلام	Ne
40	شده_بود	شده_بود	شد#شو	شده_بود	V
41	که	که	که	که	CONJ
42	سازوکار	سازوکار	سازوکار	سازوکار	Ne
43	مالی	مال	مالی	مالی	N
44	پیشنهادشده	پیشنهادشده	پیشنهادشده	پیشنهادشده	AJ
45	از	از	از	از	P
46	سوی	سو	سو	سوی	Ne
47	اروپا	اروپا	اروپا	اروپا	N
48	بر	بر	بر	بر	P
49	مبنای	مبنا	مبنا	مبنای	Ne
50	یورو	یورو	یورو	یورو	N
51	به‌معنای	به‌معنا	به‌معنای	به|معنای	N
52	واحد	واحد	واحد	واحد	N
53	پولی	پول	پول	پولی	N
54	این	این	این	این	PRO
55	قاره	قاره	قاره	قاره	N
56	خواهد_بود	خواهد_بود	بود#باش	خواهد_بود	V
57	و	و	و	و	CONJ
58	اجرایی	اجرا	اجرایی	اجرایی	AJ
59	شدن	شدن	شدن	شدن	N
60	آن	آن	آن	آن	PRO
61	مستلزم	مستلز	مستلزم	مستلزم	Ne
62	همکاری	همکار	همکار	همکاری	N
63	بانک‌های	بانک	بانک	بانک|های	N
64	مرکزی	مرکز	مرکزی	مرکزی	AJ
65	ایران	ایر	ایران	ایران	N
66	با	با	با	با	P
67	دیگر	دیگر	دیگر	دیگر	PRO
68	بانک‌های	بانک	بانک	بانک|های	N
69	مرکزی	مرکز	مرکزی	مرکزی	AJ
70	اروپاست	اروپاس	اروپاست	اروپاست	V
71	.	.	.	.	PUNC

0	ایرنا	ایرنا	ایرنا	ایرنا	N
1	گزارش	گزار	گزارش	گزارش	Ne
2	داده	داده	داده	داده	V
3	در	در	در	در	P
4	قالب	قالب	قالب	قالب	N
5	سازوکار	سازوکار	سازوکار	سازوکار	Ne
6	مالی	مال	مالی	مالی	N
7	پیشنهادی	پیشنهاد	پیشنهاد	پیشنهادی	N
8	اروپا	اروپا	اروپا	اروپا	N
9	،	،	،	،	PUNC
10	ایران	ایر	ایران	ایران	N
11	می‌تواند	می‌تواند	توانست#توان	می|تواند	V
12	کالاها	کالا	کالا	کالاها	N
13	ازجمله	ازجمله	ازجمله	ازجمله	ADV
14	نفت	نف	نفت	نفت	N
15	و	و	و	و	CONJ
16	فرآورده‌های	فرآورده	فرآورده	فرآورده|های	Ne
17	نفتی	نفت	نفت	نفتی	AJ
18	را	را	را	را	POSTP
19	به	به	به	به	P
20	اروپا	اروپا	اروپا	اروپا	N
21	صادر	صادر	صادر	صادر	N
22	و	و	و	و	CONJ
23	در	در	در	در	P
24	قبال	قبال	قبال	قبال	Ne
25	آن	آن	آن	آن	PRO
26	کالاها	کالا	کالا	کالاها	N
27	و	و	و	و	CONJ
28	خدمات	خد	خدمات	خدمات	N
29	موردنیاز	موردنیاز	موردنیاز	موردنیاز	N
30	را	را	را	را	POSTP
31	از	از	از	از	P
32	کشورهای	کشور	کشور	کشورهای	Ne
33	اروپایی	اروپا	اروپایی	اروپایی	AJ
34	خریداری	خریدار	خریدار	خریداری	N
35	کند	کند	کند	کند	V
36	و	و	و	و	CONJ
37	تهاتر	ت	تهاتر	تهاتر	N
38	دریافت	دریاف	دریافت	دریافت	N
39	و	و	و	و	CONJ
40	پرداخت‌ها	پرداخت	پرداخت	پرداخت|ها	N
41	بین	بین	بین	بین	N
42	بانک‌های	بانک	بانک	بانک|های	N
43	مرکزی	مرکز	مرکزی	مرکزی	AJ
44	و	و	و	و	CONJ
45	نه	نه	نه	نه	ADV
46	شبکه	شبکه	شبکه	شبکه	N
47	بانکی	بانک	بانک	بانکی	AJ
48	صورت	صور	صورت	صورت	N
49	می‌پذیرد	می‌پذیرد	پذیرفت#پذیر	می|پذیرد	V
50	.	.	.	.	PUNC

0	«	«	«	«	PUNC
1	آلبرت	آلبر	آلبرت	آلبرت	N
2	بغزیان	بغز	بغزیان	بغزیان	N
3	»	»	»	»	PUNC
4	استاد	استاد	استاد	استاد	N
5	اقتصاد	اقتصاد	اقتصاد	اقتصاد	N
6	دانشگاه	دانشگاه	دانشگاه	دانشگاه	N
7	تهران	تهر	تهران	تهران	N
8	می‌گوید	می‌گوید	گفت#گو	می|گوید	V
9	:	:	:	:	PUNC
10	اگر	اگر	اگر	اگر	CONJ
11	اروپا	اروپا	اروپا	اروپا	N
12	بخواهد	بخواهد	خواست#خواه	بخواهد	V
13	و	و	و	و	CONJ
14	از	از	از	از	P
15	آمریکا	آمریکا	آمریکا	آمریکا	N
16	ترس	ترس	ترس	ترس	N
17	نداشته_باشد	نداشته_باشد	داشت#دار	نداشته_باشد	V
18	،	،	،	،	PUNC
19	به‌راحتی	به‌راحت	به‌راحتی	به|راحتی	ADV
20	می‌تواند	می‌تواند	توانست#توان	می|تواند	V
21	این	این	این	این	PRO
22	کانال	کانال	کانال	کانال	N
23	ارتباط	ارتباط	ارتباط	ارتباط	N
24	مالی	مال	مالی	مالی	N
25	یورویی	یورو	یورو	یورویی	N
26	را	را	را	را	POSTP
27	با	با	با	با	P
28	ایران	ایر	ایران	ایران	N
29	برقرار	برقرار	برقرار	برقرار	AJ
30	کند	کند	کند	کند	V
31	؛	؛	؛	؛	PUNC

0	چون	چون	چون	چون	CONJ
1	حساب‌ها	حساب	حساب	حساب|ها	N
2	بر	بر	بر	بر	P
3	پایه	پایه	پایه	پایه	N
4	یورو	یورو	یورو	یورو	N
5	نگهداری	نگهدار	نگهداری	نگهداری	N
6	می‌شود	می‌شود	شد#شو	می|شود	V
7	،	،	،	،	PUNC
8	به‌راحتی	به‌راحت	به‌راحتی	به|راحتی	ADV
9	می‌توان	می‌تو	می‌توان	می|توان	V
10	درآمد	درآمد	درآمد	درآمد	N
11	حاصل	حاصل	حاصل	حاصل	N
12	از	از	از	از	P
13	صادرات	صادر	صادرات	صادرات	N
14	ایران	ایر	ایران	ایران	N
15	را	را	را	را	POSTP
16	با	با	با	با	P
17	واردات	وارد	واردات	واردات	N
18	کالاها	کالا	کالا	کالاها	N
19	و	و	و	و	CONJ
20	خدمات	خد	خدمات	خدمات	N
21	از	از	از	از	P
22	حوزه	حوزه	حوزه	حوزه	N
23	اروپا	اروپا	اروپا	اروپا	N
24	تهاتر	ت	تهاتر	تهاتر	N
25	کرد	کرد	کرد#کن	کرد	V
26	.	.	.	.	PUNC

0	عباس	عباس	عباس	عباس	N
1	هشی	هش	هشی	هشی	N
2	،	،	،	،	PUNC
3	کارشناس	کارشناس	کارشناس	کارشناس	N
4	اقتصادی	اقتصاد	اقتصاد	اقتصادی	AJ
5	هم	ه	هم	هم	CONJ
6	توضیح	توضیح	توضیح	توضیح	N
7	می‌دهد	می‌دهد	داد#ده	می|دهد	V
8	این	این	این	این	PRO
9	کانال	کانال	کانال	کانال	N
10	یورویی	یورو	یورو	یورویی	N
11	اختراع	اختراع	اختراع	اختراع	N
12	جدیدی	جدید	جدید	جدیدی	AJ
13	نیست	نیس	نیست	نیست	V
14	و	و	و	و	CONJ
15	عملکرد	عملکرد	عملکرد	عملکرد	N
16	آن	آن	آن	آن	PRO
17	همچون	همچون	همچون	همچون	ADV
18	اتاق‌های	اتاق	اتاق	اتاق|های	N
19	تسویه	تسویه	تسویه	تسویه	N
20	پایاپای	پایاپا	پایاپای	پایاپای	ADV
21	در	در	در	در	P
22	زمان	ز	زمان	زمان	N
23	جنگ	جنگ	جنگ	جنگ	N
24	تحمیلی	تحمیل	تحمیل	تحمیلی	AJ
25	خواهد_بود	خواهد_بود	بود#باش	خواهد_بود	V
26	.	.	.	.	PUNC

0	معاون	معاون	معاون	معاون	N
1	بین‌الملل	بین‌الملل	بین‌الملل	بین|الملل	AJ
2	بانک	بانک	بانک	بانک	N
3	مرکزی	مرکز	مرکزی	مرکزی	AJ
4	می‌گوید	می‌گوید	گفت#گو	می|گوید	V
5	:	:	:	:	PUNC
6	آمریکایی‌ها	آمریکایی	آمریکایی	آمریکایی|ها	N
7	پیش	پ	پیش	پیش	ADV
8	از	از	از	از	P
9	١٣	١٣	١٣	١٣	N
10	آبان	آب	آبان	آبان	N
11	هرچه	هرچه	هرچه	هرچه	ADV
12	در	در	در	در	P
13	توان	تو	توان	توان	N
14	داشتند	داشتند	داشت#دار	داشتند	V
15	،	،	،	،	PUNC
16	انجام	انجا	انجام	انجام	N
17	دادند	دادند	داد#ده	دادند	V
18	اما	اما	اما	اما	CONJ
19	با	با	با	با	P
20	برنامه‌ریزی‌ها	برنامه‌ریزی	برنامه‌ریزی	برنامه|ریزی|ها	N
21	،	،	،	،	PUNC
22	تلاش	تلا	تلاش	تلاش	N
23	داریم	دار	داشت#دار	داریم	V
24	هزینه‌های	هزینه	هزینه	هزینه|های	Ne
25	تحریم	تحر	تحریم	تحریم	N
26	را	را	را	را	POSTP
27	کاهش	کاه	کاهش	کاهش	N
28	داده	داده	داده	داده	V
29	و	و	و	و	CONJ
30	اجازه	اجازه	اجازه	اجازه	N
31	ندهیم	نده	داد#ده	ندهیم	V
32	جریان	جر	جریان	جریان	N
33	تجاری	تجار	تجار	تجاری	AJ
34	کشور	کشور	کشور	کشور	N
35	متوقف	متوقف	متوقف	متوقف	AJ
36	شود	شود	شد#شو	شود	V
37	؛	؛	؛	؛	PUNC
38	ضمن	ضمن	ضمن	ضمن	N
39	آنکه	آنکه	آنکه	آنکه	CONJ
40	اروپایی‌ها	اروپایی	اروپایی	اروپایی|ها	N
41	به	به	به	به	P
42	چند	چند	چند	چند	DET
43	دلیل	دلیل	دلیل	دلیل	N
44	نمی‌خواهند	نمی‌خواهند	خواست#خواه	نمی|خواهند	V
45	تجارت	تجار	تجارت	تجارت	N
46	با	با	با	با	P
47	ایران	ایر	ایران	ایران	N
48	را	را	را	را	POSTP
49	رها	ر	رها	رها	AJ
50	کنند	کنند	کرد#کن	کنند	V
51	.	.	.	.	PUNC

0	براساس	براساس	براساس	براساس	N
1	اعلام	اعلا	اعلام	اعلام	Ne
2	بانک	بانک	بانک	بانک	N
3	صادرات	صادر	صادرات	صادرات	N
4	ایران	ایر	ایران	ایران	N
5	،	،	،	،	PUNC
6	حسین	حسین	حسین	حسین	N
7	یعقوبی	یعقوب	یعقوب	یعقوبی	N
8	میاب	میاب	میاب	میاب	N
9	تأکید	تأکید	تأکید	تأکید	N
10	می‌کند	می‌کند	کرد#کن	می|کند	V
11	:	:	:	:	PUNC
12	تحریم‌های	تحریم	تحریم	تحریم|های	N
13	اخیر	اخیر	اخیر	اخیر	AJ
14	مانند	مانند	مانند	مانند	ADVe
15	تحریم‌های	تحریم	تحریم	تحریم|های	N
16	سازمان	ساز	سازمان	سازمان	N
17	ملل	ملل	ملل	ملل	N
18	گسترده	گسترده	گسترده	گسترده	AJ
19	نیست	نیس	نیست	نیست	V
20	و	و	و	و	CONJ
21	به	به	به	به	P
22	همین	همین	همین	همین	PRO
23	دلیل	دلیل	دلیل	دلیل	N
24	ابزارهای	ابزار	ابزار	ابزارهای	Ne
25	بهتری	بهتر	بهتر	بهتری	AJ
26	برای	برا	برای	برای	Pe
27	مقابله	مقابله	مقابله	مقابله	N
28	با	با	با	با	P
29	آنها	آن	آن	آنها	PRO
30	در	در	در	در	P
31	اختیار	اختیار	اختیار	اختیار	N
32	داریم	دار	داشت#دار	داریم	V
33	.	.	.	.	PUNC

0	معاون	معاون	معاون	معاون	N
1	بین‌الملل	بین‌الملل	بین‌الملل	بین|الملل	AJ
2	بانک	بانک	بانک	بانک	N
3	مرکزی	مرکز	مرکزی	مرکزی	AJ
4	تأکید	تأکید	تأکید	تأکید	N
5	می‌کند	می‌کند	کرد#کن	می|کند	V
6	:	:	:	:	PUNC
7	دولت	دول	دولت	دولت	N
8	آمریکا	آمریکا	آمریکا	آمریکا	N
9	سعی	سع	سعی	سعی	N
10	کرده_است	کرده_اس	کرد#کن	کرده_است	V
11	با	با	با	با	P
12	خروج	خروج	خروج	خروج	N
13	از	از	از	از	P
14	برجام	برجا	برجا	برجام	N
15	،	،	،	،	PUNC
16	اقتصاد	اقتصاد	اقتصاد	اقتصاد	N
17	ایران	ایر	ایران	ایران	N
18	را	را	را	را	POSTP
19	دچار	دچار	دچار	دچار	AJe
20	اختلال	اختلال	اختلال	اختلال	N
21	کند	کند	کند	کند	V
22	اما	اما	اما	اما	CONJ
23	حضور	حضور	حضور	حضور	N
24	اروپایی‌ها	اروپایی	اروپایی	اروپایی|ها	N
25	و	و	و	و	CONJ
26	تعهداتی	تعهدات	تعهدات	تعهداتی	N
27	که	که	که	که	CONJ
28	دادند	دادند	داد#ده	دادند	V
29	،	،	،	،	PUNC
30	فشار	فشار	فشار	فشار	N
31	را	را	را	را	POSTP
32	کمتر	ک	کمتر	کمتر	AJ
33	کرد	کرد	کرد#کن	کرد	V
34	؛	؛	؛	؛	PUNC
35	تا	تا	تا	تا	P
36	زمانی	زمان	زمان	زمانی	N
37	که	که	که	که	CONJ
38	اروپایی‌ها	اروپایی	اروپایی	اروپایی|ها	N
39	حضور	حضور	حضور	حضور	N
40	دارند	دارند	داشت#دار	دارند	V
41	معافیت‌های	معافیت	معافیت	معافیت|های	N
42	خوب	خوب	خوب	خوب	ADV
43	همچنان	همچن	همچنان	همچنان	ADV
44	وجود	وجود	وجود	وجود	N
45	خواهد_داشت	خواهد_دا	داشت#دار	خواهد_داشت	V
46	.	.	.	.	PUNC

0	یعقوبی	یعقوب	یعقوب	یعقوبی	N
1	می‌افزاید	می‌افزاید	افزود#افزا	می|افزاید	V
2	:	:	:	:	PUNC
3	تصور	تصور	تصور	تصور	N
4	می‌کنم	می‌کن	کرد#کن	می|کنم	V
5	اروپایی‌ها	اروپایی	اروپایی	اروپایی|ها	N
6	به	به	به	به	P
7	۲دلیل	۲دلیل	۲دلیل	۲دلیل	N
8	به‌زودی	به‌زود	به‌زودی	به|زودی	ADV
9	کنار	کنار	کنار	کنار	ADV
10	نخواهند_رفت	نخواهند_رف	رفت#رو	نخواهند_رفت	V
11	؛	؛	؛	؛	PUNC
12	نخست	نخس	نخست	نخست	NUM
13	به‌واسطه	به‌واسطه	به‌واسطه	به|واسطه	N
14	جنگ	جنگ	جنگ	جنگ	N
15	تجاری	تجار	تجار	تجاری	AJ
16	آنها	آن	آن	آنها	PRO
17	با	با	با	با	P
18	آمریکا	آمریکا	آمریکا	آمریکا	N
19	و	و	و	و	CONJ
20	دوم	دو	دوم	دوم	NUM
21	اینکه	اینکه	اینکه	اینکه	CONJ
22	به‌دنبال	به‌دنبال	به‌دنبال	به|دنبال	N
23	تقویت	تقو	تقویت	تقویت	N
24	جایگاه	جایگاه	جایگاه	جایگاه	N
25	اروپا	اروپا	اروپا	اروپا	N
26	در	در	در	در	P
27	فضای	فضا	فضا	فضای	Ne
28	اقتصاد	اقتصاد	اقتصاد	اقتصاد	N
29	بین‌الملل	بین‌الملل	بین‌الملل	بین|الملل	AJ
30	هستند	هستند	#هست	هستند	V
31	.	.	.	.	PUNC

0	رویترز	رویترز	رویترز	رویترز	N
1	به	به	به	به	P
2	نقل	نقل	نقل	نقل	N
3	از	از	از	از	P
4	۳دیپلمات	۳دیپل	۳دیپلمات	۳دیپلمات	N
5	اروپایی	اروپا	اروپایی	اروپایی	AJ
6	گزارش	گزار	گزارش	گزارش	Ne
7	داد	داد	داد	داد	V
8	:	:	:	:	PUNC
9	کانال	کانال	کانال	کانال	N
10	مالی	مال	مالی	مالی	N
11	یا	یا	یا	یا	CONJ
12	سازوکار	سازوکار	سازوکار	سازوکار	Ne
13	اتحادیه	اتحادیه	اتحادیه	اتحادیه	N
14	اروپا	اروپا	اروپا	اروپا	N
15	برای	برا	برای	برای	Pe
16	تسهیل	تسهیل	تسهیل	تسهیل	N
17	پرداخت	پرداخ	پرداخت	پرداخت	Ne
18	پول	پول	پول	پول	N
19	اقلام	اقلا	اقلام	اقلام	Ne
20	صادراتی	صادرات	صادرات	صادراتی	AJ
21	ایران	ایر	ایران	ایران	N
22	به	به	به	به	P
23	اروپا	اروپا	اروپا	اروپا	N
24	با	با	با	با	P
25	هدف	هدف	هدف	هدف	N
26	عبور	عبور	عبور	عبور	N
27	از	از	از	از	P
28	تحریم‌های	تحریم	تحریم	تحریم|های	N
29	آمریکا	آمریکا	آمریکا	آمریکا	N
30	،	،	،	،	PUNC
31	تا	تا	تا	تا	P
32	سیزدهم	سیزده	سیزدهم	سیزدهم	NUM
33	آبان	آب	آبان	آبان	N
34	به	به	به	به	P
35	شکل	شکل	شکل	شکل	N
36	نمادین	نمادین	نمادین	نمادین	AJ
37	آماده	آماده	آماده	آماده	AJ
38	می‌شود	می‌شود	شد#شو	می|شود	V
39	اما	اما	اما	اما	CONJ
40	عملیاتی	عملیات	عملیاتی	عملیاتی	N
41	شدن	شدن	شدن	شدن	N
42	آن	آن	آن	آن	PRO
43	تا	تا	تا	تا	P
44	اوایل	اوایل	اوایل	اوایل	N
45	زمستان	زمس	زمستان	زمستان	N
46	سال‌جاری	سال‌جار	سال‌جاری	سال|جاری	N
47	طول	طول	طول	طول	N
48	می‌کشد	می‌کشد	کشید#کش	می|کشد	V
49	.	.	.	.	PUNC

0	وزیر	وزیر	وزیر	وزیر	N
1	امور	امور	امور	امور	N
2	اقتصادی	اقتصاد	اقتصاد	اقتصادی	AJ
3	و	و	و	و	CONJ
4	دارایی	دارا	دارایی	دارایی	N
5	با	با	با	با	P
6	بیان	ب	بیان	بیان	N
7	اینکه	اینکه	اینکه	اینکه	CONJ
8	تحریمی	تحریم	تحریم	تحریمی	N
9	که	که	که	که	CONJ
10	می‌خواهند	می‌خواهند	خواست#خواه	می|خواهند	V
11	در	در	در	در	P
12	۱۳	۱۳	۱۳	۱۳	NUM
13	آبان	آب	آبان	آبان	N
14	اعلام	اعلا	اعلام	اعلام	Ne
15	کنند	کنند	کرد#کن	کنند	V
16	قبلا	قبلا	قبلا	قبلا	ADV
17	اجرایی	اجرا	اجرایی	اجرایی	AJ
18	کرده‌اند	کرده‌اند	کرد#کن	کرده|اند	V
19	،	،	،	،	PUNC
20	گفت	گف	گفت#گو	گفت	V
21	:	:	:	:	PUNC
22	اولین	اولین	اولین	اولین	NUM
23	برنامه	برنامه	برنامه	برنامه	N
24	مدنظر	مدنظر	مدنظر	مدنظر	N
25	،	،	،	،	PUNC
26	تامین	تامین	تامین	تامین	Ne
27	مالی	مال	مالی	مالی	N
28	اقتصادی	اقتصاد	اقتصاد	اقتصادی	AJ
29	و	و	و	و	CONJ
30	دومین	دومین	دومین	دومین	NUM
31	کار	کار	کار	کار	N
32	بهبود	بهبود	بهبود	بهبود	N
33	فضای	فضا	فضا	فضای	Ne
34	کسب	کسب	کسب	کسب	Ne
35	و	و	و	و	CONJ
36	کار	کار	کار	کار	N
37	اقتصادی	اقتصاد	اقتصاد	اقتصادی	AJ
38	از	از	از	از	P
39	طریق	طریق	طریق	طریق	N
40	تسهیل	تسهیل	تسهیل	تسهیل	N
41	شرایط	شرایط	شرایط	شرایط	N
42	گمرکی	گمرک	گمرک	گمرکی	AJ
43	است	اس	#است	است	V
44	.	.	.	.	PUNC

0	به	به	به	به	P
1	گزارش	گزار	گزارش	گزارش	Ne
2	فارس	فارس	فارس	فارس	N
3	،	،	،	،	PUNC
4	فرهاد	فرهاد	فرهاد	فرهاد	N
5	دژپسند	دژپسند	دژپسند	دژپسند	N
6	وزیر	وزیر	وزیر	وزیر	N
7	امور	امور	امور	امور	N
8	اقتصادی	اقتصاد	اقتصاد	اقتصادی	AJ
9	و	و	و	و	CONJ
10	دارایی	دارا	دارایی	دارایی	N
11	با	با	با	با	P
12	بیان	ب	بیان	بیان	N
13	اینکه	اینکه	اینکه	اینکه	CONJ
14	تحریمی	تحریم	تحریم	تحریمی	N
15	که	که	که	که	CONJ
16	می‌خواهند	می‌خواهند	خواست#خواه	می|خواهند	V
17	در	در	در	در	P
18	۱۳	۱۳	۱۳	۱۳	NUM
19	آبان	آب	آبان	آبان	N
20	اعلام	اعلا	اعلام	اعلام	Ne
21	کنند	کنند	کرد#کن	کنند	V
22	،	،	،	،	PUNC
23	قبلا	قبلا	قبلا	قبلا	ADV
24	اجرایی	اجرا	اجرایی	اجرایی	AJ
25	کرده‌اند	کرده‌اند	کرد#کن	کرده|اند	V
26	،	،	،	،	PUNC
27	گفت	گف	گفت#گو	گفت	V
28	:	:	:	:	PUNC
29	در	در	در	در	P
30	وزارت	وزار	وزارت	وزارت	N
31	امور	امور	امور	امور	N
32	اقتصادی	اقتصاد	اقتصاد	اقتصادی	AJ
33	و	و	و	و	CONJ
34	دارایی	دارا	دارایی	دارایی	N
35	در	در	در	در	P
36	حال	حال	حال	حال	ADV
37	رصد	رصد	رصد	رصد	N
38	برنامه‌های	برنامه	برنامه	برنامه|های	Ne
39	دشمن	دشمن	دشمن	دشمن	N
40	و	و	و	و	CONJ
41	در	در	در	در	P
42	حال	حال	حال	حال	ADV
43	آماده‌سازی	آماده‌ساز	آماده‌ساز	آماده|سازی	N
44	بسته‌هایی	بسته	بسته	بسته|هایی	N
45	برای	برا	برای	برای	Pe
46	مواجهه	مواجهه	مواجهه	مواجهه	N
47	با	با	با	با	P
48	این	این	این	این	PRO
49	دشمنی‌ها	دشمنی	دشمنی‌ها	دشمنی|ها	N
50	هستیم	هست	#هست	هستیم	V
51	.	.	.	.	PUNC

0	دژپسند	دژپسند	دژپسند	دژپسند	N
1	درباره	درباره	درباره	درباره	Pe
2	برنامه‌های	برنامه	برنامه	برنامه|های	Ne
3	اصلی	اصل	اصل	اصلی	AJ
4	خود	خود	خود	خود	PRO
5	در	در	در	در	P
6	وزارت	وزار	وزارت	وزارت	N
7	امور	امور	امور	امور	N
8	اقتصادی	اقتصاد	اقتصاد	اقتصادی	AJ
9	و	و	و	و	CONJ
10	دارایی	دارا	دارایی	دارایی	N
11	گفت	گف	گفت#گو	گفت	V
12	:	:	:	:	PUNC
13	طبیعی	طبیع	طبیعی	طبیعی	AJ
14	است	اس	#است	است	V
15	که	که	که	که	CONJ
16	در	در	در	در	P
17	این	این	این	این	PRO
18	شرایط	شرایط	شرایط	شرایط	N
19	همه	همه	همه	همه	PRO
20	انتظار	انتظار	انتظار	انتظار	N
21	دارند	دارند	داشت#دار	دارند	V
22	که	که	که	که	CONJ
23	با	با	با	با	P
24	توجه	توجه	توجه	توجه	N
25	به	به	به	به	P
26	تحریم‌های	تحریم	تحریم	تحریم|های	N
27	دشمن	دشمن	دشمن	دشمن	N
28	،	،	،	،	PUNC
29	ببینند	ببینند	ببینند	ببینند	V
30	ما	ما	ما	ما	PRO
31	چه	چه	چه	چه	N
32	برنامه‌ای	برنامه	برنامه	برنامه|ای	N
33	را	را	را	را	POSTP
34	تدارک	تدارک	تدارک	تدارک	N
35	دیدیم	دید	دید#بین	دیدیم	V
36	.	.	.	.	PUNC

0	وی	و	وی	وی	PRO
1	افزود	افزود	افزود#افزا	افزود	V
2	:	:	:	:	PUNC
3	اولین	اولین	اولین	اولین	NUM
4	برنامه	برنامه	برنامه	برنامه	N
5	مدنظر	مدنظر	مدنظر	مدنظر	N
6	،	،	،	،	PUNC
7	تامین	تامین	تامین	تامین	Ne
8	مالی	مال	مالی	مالی	N
9	اقتصادی	اقتصاد	اقتصاد	اقتصادی	AJ
10	است	اس	#است	است	V
11	.	.	.	.	PUNC

0	دومین	دومین	دومین	دومین	NUM
1	کار	کار	کار	کار	N
2	بهبود	بهبود	بهبود	بهبود	N
3	فضای	فضا	فضا	فضای	Ne
4	کسب	کسب	کسب	کسب	Ne
5	و	و	و	و	CONJ
6	کار	کار	کار	کار	N
7	اقتصادی	اقتصاد	اقتصاد	اقتصادی	AJ
8	از	از	از	از	P
9	طریق	طریق	طریق	طریق	N
10	تسهیل	تسهیل	تسهیل	تسهیل	N
11	شرایط	شرایط	شرایط	شرایط	N
12	گمرکی	گمرک	گمرک	گمرکی	AJ
13	است	اس	#است	است	V
14	.	.	.	.	PUNC

0	سومین	سومین	سومین	سومین	NUM
1	کار	کار	کار	کار	N
2	این	این	این	این	PRO
3	است	اس	#است	است	V
4	که	که	که	که	CONJ
5	بتوانیم	بتوان	توانست#توان	بتوانیم	V
6	سیاست‌های	سیاست	سیاست	سیاست|های	N
7	خصوصی‌سازی	خصوصی‌ساز	خصوصی‌سازی	خصوصی|سازی	N
8	را	را	را	را	POSTP
9	همان‌طور	همان‌طور	همان‌طور	همان|طور	N
10	که	که	که	که	CONJ
11	در	در	در	در	P
12	اصل	اصل	اصل	اصل	N
13	۴۴	۴۴	۴۴	۴۴	NUM
14	آمده_است	آمده_اس	آمد#آ	آمده_است	V
15	پیاده	پیاده	پیاده	پیاده	AJ
16	کنیم	کن	کرد#کن	کنیم	V
17	و	و	و	و	CONJ
18	در	در	در	در	P
19	نهایت	ن	نهایت	نهایت	N
20	با	با	با	با	P
21	الکترونیکی	الکترونیک	الکترونیک	الکترونیکی	AJ
22	کردن	کردن	کردن	کردن	N
23	و	و	و	و	CONJ
24	ساماندهی	سامانده	ساماندهی	ساماندهی	N
25	مشخص	مشخص	مشخص	مشخص	AJ
26	،	،	،	،	PUNC
27	با	با	با	با	P
28	فساد	فساد	فساد	فساد	N
29	مقابله	مقابله	مقابله	مقابله	N
30	کنیم	کن	کرد#کن	کنیم	V
31	چراکه	چراکه	چراکه	چراکه	CONJ
32	فساد	فساد	فساد	فساد	N
33	،	،	،	،	PUNC
34	اقتصاد	اقتصاد	اقتصاد	اقتصاد	N
35	را	را	را	را	POSTP
36	زمین‌گیر	زمین‌گیر	زمین‌گیر	زمین|گیر	N
37	می‌کند	می‌کند	کرد#کن	می|کند	V
38	.	.	.	.	PUNC

0	امیدوارم	امیدوار	امیدوار	امیدوارم	V
1	در	در	در	در	P
2	این	این	این	این	PRO
3	کارها	کار	کار	کارها	N
4	با	با	با	با	P
5	همکاری	همکار	همکار	همکاری	N
6	دیگران	دیگر	دیگر	دیگران	PRO
7	،	،	،	،	PUNC
8	گام	گا	گام	گام	N
9	بلندی	بلند	بلند	بلندی	N
10	برداریم	بردار	بردار	برداریم	V
11	.	.	.	.	PUNC

0	=======	=======	=======	=======	PUNC
1	﻿مقام	﻿مقا	﻿مقام	﻿مقام	N
2	معظم	معظ	معظم	معظم	AJ
3	رهبری	رهبر	رهبر	رهبری	N
4	در	در	در	در	P
5	دیدار	دیدار	دیدار	دیدار	N
6	رئیس	رئیس	رئیس	رئیس	N
7	و	و	و	و	CONJ
8	مسئولان	مسئول	مسئول	مسئولان	N
9	سازمان	ساز	سازمان	سازمان	N
10	پدافند	پدافند	پدافند	پدافند	N
11	غیرعامل	غیرعامل	غیرعامل	غیرعامل	N
12	اظهار	اظهار	اظهار	اظهار	Ne
13	داشتند	داشتند	داشت#دار	داشتند	V
14	:	:	:	:	PUNC
15	پدافند	پدافند	پدافند	پدافند	N
16	غیرعامل	غیرعامل	غیرعامل	غیرعامل	N
17	در	در	در	در	P
18	مقابل	مقابل	مقابل	مقابل	AJ
19	تهاجم	تهاج	تهاجم	تهاجم	N
20	دشمنان	دشمن	دشمن	دشمنان	N
21	علمی	علم	علم	علمی	AJ
22	،	،	،	،	PUNC
23	جدی	جد	جدی	جدی	AJ
24	و	و	و	و	CONJ
25	همه‌جانبه	همه‌جانبه	همه‌جانبه	همه|جانبه	AJ
26	باشد	باشد	بود#باش	باشد	V
27	.	.	.	.	PUNC

0	به	به	به	به	P
1	گزارش	گزار	گزارش	گزارش	Ne
2	پایگاه	پایگاه	پایگاه	پایگاه	N
3	اطلاع‌رسانی	اطلاع‌رسان	اطلاع‌رسانی	اطلاع|رسانی	N
4	دفتر	دف	دفتر	دفتر	N
5	حفظ	حفظ	حفظ	حفظ	N
6	و	و	و	و	CONJ
7	نشر	نشر	نشر	نشر	N
8	آثار	آثار	آثار	آثار	N
9	رهبر	رهبر	رهبر	رهبر	N
10	معظم	معظ	معظم	معظم	AJ
11	انقلاب	انقلاب	انقلاب	انقلاب	N
12	،	،	،	،	PUNC
13	حضرت	حضر	حضرت	حضرت	N
14	آیت	آ	آیت	آیت	N
15	الله	الله	الله	الله	N
16	خامنه‌ای	خامنه	خامنه	خامنه|ای	N
17	رهبر	رهبر	رهبر	رهبر	N
18	معظم	معظ	معظم	معظم	AJ
19	انقلاب	انقلاب	انقلاب	انقلاب	N
20	اسلامی	اسلام	اسلام	اسلامی	AJ
21	ظهر	ظهر	ظهر	ظهر	N
22	امروز	امروز	امروز	امروز	ADV
23	(	(	(	(	PUNC
24	یکشنبه	یکشنبه	یکشنبه	یکشنبه	N
25	۶	۶	۶	۶	NUM
26	آبان	آب	آبان	آبان	N
27	)	)	)	)	PUNC
28	در	در	در	در	P
29	این	این	این	این	PRO
30	دیدار	دیدار	دیدار	دیدار	N
31	با	با	با	با	P
32	اشاره	اشاره	اشاره	اشاره	N
33	به	به	به	به	P
34	اهمیت	اهم	اهمیت	اهمیت	N
35	روزافزون	روزافزون	روزافزون	روزافزون	AJ
36	پدافند	پدافند	پدافند	پدافند	N
37	غیرعامل	غیرعامل	غیرعامل	غیرعامل	N
38	در	در	در	در	P
39	مقابله	مقابله	مقابله	مقابله	N
40	با	با	با	با	P
41	تهدیدهای	تهدید	تهدید	تهدیدهای	Ne
42	نو	نو	نو	نو	AJ
43	شونده	شونده	شونده	شونده	N
44	دشمنان	دشمن	دشمن	دشمنان	N
45	،	،	،	،	PUNC
46	تأکید	تأکید	تأکید	تأکید	N
47	کردند	کردند	کرد#کن	کردند	V
48	:	:	:	:	PUNC
49	در	در	در	در	P
50	مقابل	مقابل	مقابل	مقابل	AJ
51	شیوه‌های	شیوه	شیوه	شیوه|های	Ne
52	پیچیده	پیچیده	پیچیده	پیچیده	AJ
53	تهاجم	تهاج	تهاجم	تهاجم	N
54	دشمنان	دشمن	دشمن	دشمنان	N
55	،	،	،	،	PUNC
56	پدافند	پدافند	پدافند	پدافند	N
57	غیرعامل	غیرعامل	غیرعامل	غیرعامل	N
58	نیز	نیز	نیز	نیز	CONJ
59	باید	باید	باید	باید	V
60	کاملا	کاملا	کاملا	کاملا	ADV
61	هوشیار	هوشیار	هوشیار	هوشیار	AJ
62	و	و	و	و	CONJ
63	جدی	جد	جدی	جدی	AJ
64	باشد	باشد	بود#باش	باشد	V
65	و	و	و	و	CONJ
66	به	به	به	به	P
67	صورت	صور	صورت	صورت	N
68	علمی	علم	علم	علمی	AJ
69	،	،	،	،	PUNC
70	دقیق	دقیق	دقیق	دقیق	AJ
71	،	،	،	،	PUNC
72	به‌روز	به‌روز	به‌روز	به|روز	AJ
73	و	و	و	و	CONJ
74	همه‌جانبه	همه‌جانبه	همه‌جانبه	همه|جانبه	AJ
75	عمل	عمل	عمل	عمل	N
76	و	و	و	و	CONJ
77	با	با	با	با	P
78	هرگونه	هرگونه	هرگونه	هرگونه	N
79	نفوذ	نفوذ	نفوذ	نفوذ	N
80	مقابله	مقابله	مقابله	مقابله	N
81	کند	کند	کند	کند	V
82	.	.	.	.	PUNC

0	حضرت	حضر	حضرت	حضرت	N
1	آیت	آ	آیت	آیت	N
2	الله	الله	الله	الله	N
3	خامنه‌ای	خامنه	خامنه	خامنه|ای	N
4	توجه	توجه	توجه	توجه	N
5	مسئولان	مسئول	مسئول	مسئولان	N
6	در	در	در	در	P
7	همه	همه	همه	همه	PRO
8	بخشها	بخش	بخش	بخشها	N
9	به	به	به	به	P
10	اهمیت	اهم	اهمیت	اهمیت	N
11	پدافند	پدافند	پدافند	پدافند	N
12	غیرعامل	غیرعامل	غیرعامل	غیرعامل	N
13	را	را	را	را	POSTP
14	لازم	لاز	لازم	لازم	AJ
15	دانستند	دانستند	دانست#دان	دانستند	V
16	و	و	و	و	CONJ
17	افزودند	افزودند	افزود#افزا	افزودند	V
18	:	:	:	:	PUNC
19	اگر	اگر	اگر	اگر	CONJ
20	مدیران	مدیر	مدیر	مدیران	N
21	کشور	کشور	کشور	کشور	N
22	اهمیت	اهم	اهمیت	اهمیت	N
23	این	این	این	این	PRO
24	مسئله	مسئله	مسئله	مسئله	N
25	را	را	را	را	POSTP
26	درک	درک	درک	درک	N
27	نکنند	نکنند	کرد#کن	نکنند	V
28	و	و	و	و	CONJ
29	پدافند	پدافند	پدافند	پدافند	N
30	غیرعامل	غیرعامل	غیرعامل	غیرعامل	N
31	به	به	به	به	P
32	طور	طور	طور	طور	N
33	شایسته	شایسته	شایسته	شایسته	AJ
34	توسعه	توسعه	توسعه	توسعه	N
35	پیدا	پیدا	پیدا	پیدا	AJ
36	نکند	نکند	کرد#کن	نکند	V
37	،	،	،	،	PUNC
38	کشور	کشور	کشور	کشور	N
39	در	در	در	در	P
40	معرض	معرض	معرض	معرض	Ne
41	تهدیدهای	تهدید	تهدید	تهدیدهای	Ne
42	بعضا	بعضا	بعضا	بعضا	ADV
43	غیرقابل	غیرقابل	غیرقابل	غیرقابل	N
44	جبران	جبر	جبران	جبران	N
45	قرار	قرار	قرار	قرار	N
46	خواهد_گرفت	خواهد_گرف	گرفت#گیر	خواهد_گرفت	V
47	،	،	،	،	PUNC
48	بنابراین	بنابراین	بنابراین	بنابراین	CONJ
49	مسئولان	مسئول	مسئول	مسئولان	N
50	بخش‌های	بخش	بخش	بخش|های	N
51	مختلف	مختلف	مختلف	مختلف	AJ
52	کشور	کشور	کشور	کشور	N
53	چه	چه	چه	چه	N
54	بخشهای	بخش	بخش	بخشهای	Ne
55	نظامی	نظام	نظام	نظامی	N
56	و	و	و	و	CONJ
57	چه	چه	چه	چه	N
58	بخشهای	بخش	بخش	بخشهای	Ne
59	غیرنظامی	غیرنظام	غیرنظامی	غیرنظامی	N
60	،	،	،	،	PUNC
61	باید	باید	باید	باید	V
62	با	با	با	با	P
63	پدافند	پدافند	پدافند	پدافند	N
64	غیرعامل	غیرعامل	غیرعامل	غیرعامل	N
65	همکاری	همکار	همکار	همکاری	N
66	کامل	کامل	کامل	کامل	AJ
67	و	و	و	و	CONJ
68	لازم	لاز	لازم	لازم	AJ
69	انجام	انجا	انجام	انجام	N
70	دهند	دهند	داد#ده	دهند	V
71	.	.	.	.	PUNC

0	ایران	ایر	ایران	ایران	N
1	و	و	و	و	CONJ
2	اتحادیه	اتحادیه	اتحادیه	اتحادیه	N
3	اروپا	اروپا	اروپا	اروپا	N
4	برای	برا	برای	برای	Pe
5	رونمایی	رونما	رونما	رونمایی	N
6	از	از	از	از	P
7	یک	یک	یک	یک	NUM
8	تونل	تونل	تونل	تونل	N
9	مالی	مال	مالی	مالی	N
10	ویژه‌	ویژه	ویژه	ویژه|	N
11	،	،	،	،	PUNC
12	با	با	با	با	P
13	هدف	هدف	هدف	هدف	N
14	خنثی‌سازی	خنثی‌ساز	خنثی‌سازی	خنثی|سازی	N
15	اثر	اثر	اثر	اثر	N
16	تحریم‌های	تحریم	تحریم	تحریم|های	N
17	آمریکا	آمریکا	آمریکا	آمریکا	N
18	و	و	و	و	CONJ
19	هموار	هموار	هموار	هموار	AJ
20	شدن	شدن	شدن	شدن	N
21	راه	راه	راه	راه	N
22	تجارت	تجار	تجارت	تجارت	N
23	بین	بین	بین	بین	N
24	کشورمان	کشور	کشور	کشورمان	N
25	با	با	با	با	P
26	جهان	جه	جهان	جهان	N
27	آماده	آماده	آماده	آماده	AJ
28	می‌شوند	می‌شوند	شد#شو	می|شوند	V
29	.	.	.	.	PUNC

0	ایجاد	ایجاد	ایجاد	ایجاد	Ne
1	کانال	کانال	کانال	کانال	N
2	ویژه	ویژه	ویژه	ویژه	AJ
3	مالی	مال	مالی	مالی	N
4	اروپا	اروپا	اروپا	اروپا	N
5	یکی	یک	یک	یکی	NUM
6	از	از	از	از	P
7	گام‌های	گام	گام	گام|های	N
8	عملی	عمل	عملی	عملی	N
9	برای	برا	برای	برای	Pe
10	حفظ	حفظ	حفظ	حفظ	N
11	برجام	برجا	برجا	برجام	N
12	و	و	و	و	CONJ
13	بهره‌مندی	بهره‌مند	بهره‌مندی	بهره|مندی	N
14	ایران	ایر	ایران	ایران	N
15	از	از	از	از	P
16	منافع	منافع	منافع	منافع	N
17	اقتصادی	اقتصاد	اقتصاد	اقتصادی	AJ
18	آن	آن	آن	آن	PRO
19	ازجمله	ازجمله	ازجمله	ازجمله	ADV
20	ایمن	ایمن	ایمن	ایمن	AJ
21	ماندن	ماندن	ماندن	ماندن	N
22	مسیر	مسیر	مسیر	مسیر	N
23	فروش	فرو	فروش	فروش	N
24	نفت	نف	نفت	نفت	N
25	و	و	و	و	CONJ
26	دیگر	دیگر	دیگر	دیگر	PRO
27	کالاهای	کالا	کالا	کالاهای	Ne
28	صادراتی	صادرات	صادرات	صادراتی	AJ
29	به	به	به	به	P
30	اروپا	اروپا	اروپا	اروپا	N
31	و	و	و	و	CONJ
32	البته	البته	البته	البته	ADV
33	سایر	سایر	سایر	سایر	Ne
34	کشورها	کشور	کشور	کشورها	N
35	به‌شمار	به‌شمار	به‌شمار	به|شمار	N
36	می‌رود	می‌رود	رفت#رو	می|رود	V
37	و	و	و	و	CONJ
38	قرار	قرار	قرار	قرار	N
39	است	اس	#است	است	V
40	مبنای	مبنا	مبنا	مبنای	Ne
41	رد	رد	رد	رد	N
42	و	و	و	و	CONJ
43	بدل	بدل	بدل	بدل	N
44	مالی	مال	مالی	مالی	N
45	در	در	در	در	P
46	این	این	این	این	PRO
47	کانال	کانال	کانال	کانال	N
48	ویژه	ویژه	ویژه	ویژه	AJ
49	براساس	براساس	براساس	براساس	N
50	یورو	یورو	یورو	یورو	N
51	و	و	و	و	CONJ
52	نه	نه	نه	نه	ADV
53	دلار	دلار	دلار	دلار	N
54	صورت	صور	صورت	صورت	N
55	گیرد	گیرد	گرفت#گیر	گیرد	V
56	.	.	.	.	PUNC

0	به‌گزارش	به‌گزار	به‌گزارش	به|گزارش	N
1	همشهری	همشهر	همشهری	همشهری	N
2	،	،	،	،	PUNC
3	عبدالناصر	عبدالناصر	عبدالناصر	عبدالناصر	N
4	همتی	همت	همت	همتی	N
5	،	،	،	،	PUNC
6	رئیس‌کل	رئیس‌کل	رئیس‌کل	رئیس|کل	N
7	بانک	بانک	بانک	بانک	N
8	مرکزی	مرکز	مرکزی	مرکزی	AJ
9	ایران	ایر	ایران	ایران	N
10	در	در	در	در	P
11	تازه‌ترین	تازه	تازه	تازه|ترین	AJ
12	واکنش	واکن	واکنش	واکنش	N
13	به	به	به	به	P
14	این	این	این	این	PRO
15	موضوع	موضوع	موضوع	موضوع	N
16	گفته_است	گفته_اس	گفت#گو	گفته_است	V
17	جزئیات	جزئ	جزئیات	جزئیات	N
18	و	و	و	و	CONJ
19	نحوه	نحوه	نحوه	نحوه	Ne
20	استفاده	استفاده	استفاده	استفاده	N
21	از	از	از	از	P
22	کانال	کانال	کانال	کانال	N
23	ویژه	ویژه	ویژه	ویژه	AJ
24	مالی	مال	مالی	مالی	N
25	اروپا	اروپا	اروپا	اروپا	N
26	هفته	هفته	هفته	هفته	N
27	آینده	آینده	آینده	آینده	N
28	در	در	در	در	P
29	جریان	جر	جریان	جریان	N
30	یک	یک	یک	یک	NUM
31	نشست	نشس	نشست	نشست	N
32	که	که	که	که	CONJ
33	در	در	در	در	P
34	شهر	شهر	شهر	شهر	N
35	بروکسل	بروکسل	بروکسل	بروکسل	N
36	بلژیک	بلژیک	بلژیک	بلژیک	N
37	،	،	،	،	PUNC
38	مقر	مقر	مقر	مقر	Ne
39	اتحادیه	اتحادیه	اتحادیه	اتحادیه	N
40	اروپا	اروپا	اروپا	اروپا	N
41	برگزار	برگزار	برگزار	برگزار	AJ
42	می‌شود	می‌شود	شد#شو	می|شود	V
43	،	،	،	،	PUNC
44	نهایی	ن	نهایی	نهایی	AJ
45	خواهد_شد	خواهد_شد	شد#شو	خواهد_شد	V
46	.	.	.	.	PUNC

0	او	او	او	او	PRO
1	وعده	وعده	وعده	وعده	N
2	داده	داده	داده	داده	V
3	جزئیات	جزئ	جزئیات	جزئیات	N
4	این	این	این	این	PRO
5	کانال	کانال	کانال	کانال	N
6	ضد‌تحریم	ضد‌تحر	ضد‌تحریم	ضد|تحریم	N
7	به‌زودی	به‌زود	به‌زودی	به|زودی	ADV
8	اعلام	اعلا	اعلام	اعلام	Ne
9	خواهد_شد	خواهد_شد	شد#شو	خواهد_شد	V
10	.	.	.	.	PUNC

0	به	به	به	به	P
1	گفته	گفته	گفته	گفته	V
2	این	این	این	این	PRO
3	مقام	مقا	مقام	مقام	Ne
4	ارشد	ارشد	ارشد	ارشد	AJ
5	بانک	بانک	بانک	بانک	N
6	مرکزی	مرکز	مرکزی	مرکزی	AJ
7	،	،	،	،	PUNC
8	جزئیات	جزئ	جزئیات	جزئیات	N
9	این	این	این	این	PRO
10	کانال	کانال	کانال	کانال	N
11	هفته	هفته	هفته	هفته	N
12	آینده	آینده	آینده	آینده	N
13	بین	بین	بین	بین	N
14	ایران	ایر	ایران	ایران	N
15	و	و	و	و	CONJ
16	اروپا	اروپا	اروپا	اروپا	N
17	مورد	مورد	مورد	مورد	Ne
18	بررسی	بررس	بررسی	بررسی	Ne
19	نهایی	ن	نهایی	نهایی	AJ
20	قرار	قرار	قرار	قرار	N
21	می‌گیرد	می‌گیرد	گرفت#گیر	می|گیرد	V
22	و	و	و	و	CONJ
23	هدف	هدف	هدف	هدف	N
24	نخست	نخس	نخست	نخست	NUM
25	آن	آن	آن	آن	PRO
26	رفع	رفع	رفع	رفع	Ne
27	مشکلات	مشکل	مشکلات	مشکلات	N
28	مربوط	مربوط	مربوط	مربوط	AJ
29	به	به	به	به	P
30	انجام	انجا	انجام	انجام	N
31	پرداخت‌های	پرداخت	پرداخت	پرداخت|های	N
32	مالی	مال	مالی	مالی	N
33	است	اس	#است	است	V
34	.	.	.	.	PUNC

0	او	او	او	او	PRO
1	در	در	در	در	P
2	صفحه	صفحه	صفحه	صفحه	N
3	اینستاگرام	اینستاگرا	اینستاگرام	اینستاگرام	N
4	خود	خود	خود	خود	PRO
5	نوشته_است	نوشته_اس	نوشت#نویس	نوشته_است	V
6	:	:	:	:	PUNC
7	کانال	کانال	کانال	کانال	N
8	ویژه	ویژه	ویژه	ویژه	AJ
9	مالی	مال	مالی	مالی	N
10	اروپا	اروپا	اروپا	اروپا	N
11	،	،	،	،	PUNC
12	نقش	نق	نقش	نقش	N
13	نوعی	نوع	نوع	نوعی	N
14	پیمان	پ	پیمان	پیمان	N
15	پولی	پول	پول	پولی	N
16	دوجانبه	دوجانبه	دوجانبه	دوجانبه	AJ
17	میان	م	میان	میان	N
18	ایران	ایر	ایران	ایران	N
19	و	و	و	و	CONJ
20	اتحادیه	اتحادیه	اتحادیه	اتحادیه	N
21	اروپا	اروپا	اروپا	اروپا	N
22	را	را	را	را	POSTP
23	ایفا	ایفا	ایفا	ایفا	N
24	خواهد_کرد	خواهد_کرد	کرد#کن	خواهد_کرد	V
25	و	و	و	و	CONJ
26	هر	هر	هر	هر	DET
27	دو	دو	دو	دو	NUM
28	طرف	طرف	طرف	طرف	N
29	بر	بر	بر	بر	P
30	تسریع	تسریع	تسریع	تسریع	N
31	در	در	در	در	P
32	عملیاتی	عملیات	عملیاتی	عملیاتی	N
33	شدن	شدن	شدن	شدن	N
34	این	این	این	این	PRO
35	فرایند	فرایند	فرایند	فرایند	N
36	تأکید	تأکید	تأکید	تأکید	N
37	دارند	دارند	داشت#دار	دارند	V
38	.	.	.	.	PUNC

0	پیش‌تر	پیش	پیش	پیش|تر	N
1	در	در	در	در	P
2	هفته	هفته	هفته	هفته	N
3	نخست	نخس	نخست	نخست	NUM
4	مهرماه	مهرماه	مهرماه	مهرماه	N
5	فدریکا	فدریکا	فدریکا	فدریکا	N
6	موگرینی	موگرین	موگرینی	موگرینی	N
7	،	،	،	،	PUNC
8	مسئول	مسئول	مسئول	مسئول	N
9	سیاست	سیاس	سیاست	سیاست	N
10	خارجی	خارج	خارج	خارجی	AJ
11	اتحادیه	اتحادیه	اتحادیه	اتحادیه	N
12	اروپا	اروپا	اروپا	اروپا	N
13	،	،	،	،	PUNC
14	قول	قول	قول	قول	N
15	داده_بود	داده_بود	داد#ده	داده_بود	V
16	که	که	که	که	CONJ
17	کانال	کانال	کانال	کانال	N
18	ویژه	ویژه	ویژه	ویژه	AJ
19	مالی	مال	مالی	مالی	N
20	اروپا	اروپا	اروپا	اروپا	N
21	تا	تا	تا	تا	P
22	قبل	قبل	قبل	قبل	P
23	از	از	از	از	P
24	۱۰	۱۰	۱۰	۱۰	NUM
25	آبان	آب	آبان	آبان	N
26	یعنی	یعن	یعنی	یعنی	CONJ
27	چند	چند	چند	چند	DET
28	روز	روز	روز	روز	N
29	مانده	مانده	مانده	مانده	Ne
30	به	به	به	به	P
31	اعمال	اعمال	اعمال	اعمال	Ne
32	مرحله	مرحله	مرحله	مرحله	N
33	دوم	دو	دوم	دوم	NUM
34	تحریم‌های	تحریم	تحریم	تحریم|های	N
35	یکجانبه	یکجانبه	یکجانبه	یکجانبه	AJ
36	و	و	و	و	CONJ
37	فراسرزمینی	فراسرزمین	فراسرزمینی	فراسرزمینی	N
38	آمریکا	آمریکا	آمریکا	آمریکا	N
39	علیه	علیه	علیه	علیه	Pe
40	ایران	ایر	ایران	ایران	N
41	ایجاد	ایجاد	ایجاد	ایجاد	Ne
42	شود	شود	شد#شو	شود	V
43	.	.	.	.	PUNC

0	ایجاد	ایجاد	ایجاد	ایجاد	Ne
1	کانال	کانال	کانال	کانال	N
2	ویژه	ویژه	ویژه	ویژه	AJ
3	مالی	مال	مالی	مالی	N
4	بر	بر	بر	بر	P
5	مبنای	مبنا	مبنا	مبنای	Ne
6	الگوی	الگو	الگو	الگوی	Ne
7	پیمان	پ	پیمان	پیمان	N
8	دوجانبه	دوجانبه	دوجانبه	دوجانبه	AJ
9	پولی	پول	پول	پولی	N
10	به	به	به	به	P
11	این	این	این	این	PRO
12	معناست	معناس	معناست	معناست	V
13	که	که	که	که	CONJ
14	بین	بین	بین	بین	N
15	ایران	ایر	ایران	ایران	N
16	به‌عنوان	به‌عنو	به‌عنوان	به|عنوان	N
17	کشور	کشور	کشور	کشور	N
18	صادرکننده	صادرکننده	صادرکننده	صادرکننده	N
19	نفت	نف	نفت	نفت	N
20	و	و	و	و	CONJ
21	سایر	سایر	سایر	سایر	Ne
22	کالاها	کالا	کالا	کالاها	N
23	و	و	و	و	CONJ
24	کشور	کشور	کشور	کشور	N
25	خریدار	خریدار	خریدار	خریدار	N
26	،	،	،	،	PUNC
27	پول	پول	پول	پول	N
28	ملی	مل	ملی	ملی	AJ
29	۲کشور	۲کشور	۲کشور	۲کشور	N
30	مبنای	مبنا	مبنا	مبنای	Ne
31	عمل	عمل	عمل	عمل	N
32	تسویه‌حساب	تسویه‌حساب	تسویه‌حساب	تسویه|حساب	N
33	قرار	قرار	قرار	قرار	N
34	می‌گیرد	می‌گیرد	گرفت#گیر	می|گیرد	V
35	اما	اما	اما	اما	CONJ
36	پیش	پ	پیش	پیش	ADV
37	از	از	از	از	P
38	این	این	این	این	PRO
39	اعلام	اعلا	اعلام	اعلام	Ne
40	شده_بود	شده_بود	شد#شو	شده_بود	V
41	که	که	که	که	CONJ
42	سازوکار	سازوکار	سازوکار	سازوکار	Ne
43	مالی	مال	مالی	مالی	N
44	پیشنهادشده	پیشنهادشده	پیشنهادشده	پیشنهادشده	AJ
45	از	از	از	از	P
46	سوی	سو	سو	سوی	Ne
47	اروپا	اروپا	اروپا	اروپا	N
48	بر	بر	بر	بر	P
49	مبنای	مبنا	مبنا	مبنای	Ne
50	یورو	یورو	یورو	یورو	N
51	به‌معنای	به‌معنا	به‌معنای	به|معنای	N
52	واحد	واحد	واحد	واحد	N
53	پولی	پول	پول	پولی	N
54	این	این	این	این	PRO
55	قاره	قاره	قاره	قاره	N
56	خواهد_بود	خواهد_بود	بود#باش	خواهد_بود	V
57	و	و	و	و	CONJ
58	اجرایی	اجرا	اجرایی	اجرایی	AJ
59	شدن	شدن	شدن	شدن	N
60	آن	آن	آن	آن	PRO
61	مستلزم	مستلز	مستلزم	مستلزم	Ne
62	همکاری	همکار	همکار	همکاری	N
63	بانک‌های	بانک	بانک	بانک|های	N
64	مرکزی	مرکز	مرکزی	مرکزی	AJ
65	ایران	ایر	ایران	ایران	N
66	با	با	با	با	P
67	دیگر	دیگر	دیگر	دیگر	PRO
68	بانک‌های	بانک	بانک	بانک|های	N
69	مرکزی	مرکز	مرکزی	مرکزی	AJ
70	اروپاست	اروپاس	اروپاست	اروپاست	V
71	.	.	.	.	PUNC

0	ایرنا	ایرنا	ایرنا	ایرنا	N
1	گزارش	گزار	گزارش	گزارش	Ne
2	داده	داده	داده	داده	V
3	در	در	در	در	P
4	قالب	قالب	قالب	قالب	N
5	سازوکار	سازوکار	سازوکار	سازوکار	Ne
6	مالی	مال	مالی	مالی	N
7	پیشنهادی	پیشنهاد	پیشنهاد	پیشنهادی	N
8	اروپا	اروپا	اروپا	اروپا	N
9	،	،	،	،	PUNC
10	ایران	ایر	ایران	ایران	N
11	می‌تواند	می‌تواند	توانست#توان	می|تواند	V
12	کالاها	کالا	کالا	کالاها	N
13	ازجمله	ازجمله	ازجمله	ازجمله	ADV
14	نفت	نف	نفت	نفت	N
15	و	و	و	و	CONJ
16	فرآورده‌های	فرآورده	فرآورده	فرآورده|های	Ne
17	نفتی	نفت	نفت	نفتی	AJ
18	را	را	را	را	POSTP
19	به	به	به	به	P
20	اروپا	اروپا	اروپا	اروپا	N
21	صادر	صادر	صادر	صادر	N
22	و	و	و	و	CONJ
23	در	در	در	در	P
24	قبال	قبال	قبال	قبال	Ne
25	آن	آن	آن	آن	PRO
26	کالاها	کالا	کالا	کالاها	N
27	و	و	و	و	CONJ
28	خدمات	خد	خدمات	خدمات	N
29	موردنیاز	موردنیاز	موردنیاز	موردنیاز	N
30	را	را	را	را	POSTP
31	از	از	از	از	P
32	کشورهای	کشور	کشور	کشورهای	Ne
33	اروپایی	اروپا	اروپایی	اروپایی	AJ
34	خریداری	خریدار	خریدار	خریداری	N
35	کند	کند	کند	کند	V
36	و	و	و	و	CONJ
37	تهاتر	ت	تهاتر	تهاتر	N
38	دریافت	دریاف	دریافت	دریافت	N
39	و	و	و	و	CONJ
40	پرداخت‌ها	پرداخت	پرداخت	پرداخت|ها	N
41	بین	بین	بین	بین	N
42	بانک‌های	بانک	بانک	بانک|های	N
43	مرکزی	مرکز	مرکزی	مرکزی	AJ
44	و	و	و	و	CONJ
45	نه	نه	نه	نه	ADV
46	شبکه	شبکه	شبکه	شبکه	N
47	بانکی	بانک	بانک	بانکی	AJ
48	صورت	صور	صورت	صورت	N
49	می‌پذیرد	می‌پذیرد	پذیرفت#پذیر	می|پذیرد	V
50	.	.	.	.	PUNC

0	«	«	«	«	PUNC
1	آلبرت	آلبر	آلبرت	آلبرت	N
2	بغزیان	بغز	بغزیان	بغزیان	N
3	»	»	»	»	PUNC
4	استاد	استاد	استاد	استاد	N
5	اقتصاد	اقتصاد	اقتصاد	اقتصاد	N
6	دانشگاه	دانشگاه	دانشگاه	دانشگاه	N
7	تهران	تهر	تهران	تهران	N
8	می‌گوید	می‌گوید	گفت#گو	می|گوید	V
9	:	:	:	:	PUNC
10	اگر	اگر	اگر	اگر	CONJ
11	اروپا	اروپا	اروپا	اروپا	N
12	بخواهد	بخواهد	خواست#خواه	بخواهد	V
13	و	و	و	و	CONJ
14	از	از	از	از	P
15	آمریکا	آمریکا	آمریکا	آمریکا	N
16	ترس	ترس	ترس	ترس	N
17	نداشته_باشد	نداشته_باشد	داشت#دار	نداشته_باشد	V
18	،	،	،	،	PUNC
19	به‌راحتی	به‌راحت	به‌راحتی	به|راحتی	ADV
20	می‌تواند	می‌تواند	توانست#توان	می|تواند	V
21	این	این	این	این	PRO
22	کانال	کانال	کانال	کانال	N
23	ارتباط	ارتباط	ارتباط	ارتباط	N
24	مالی	مال	مالی	مالی	N
25	یورویی	یورو	یورو	یورویی	N
26	را	را	را	را	POSTP
27	با	با	با	با	P
28	ایران	ایر	ایران	ایران	N
29	برقرار	برقرار	برقرار	برقرار	AJ
30	کند	کند	کند	کند	V
31	؛	؛	؛	؛	PUNC

0	چون	چون	چون	چون	CONJ
1	حساب‌ها	حساب	حساب	حساب|ها	N
2	بر	بر	بر	بر	P
3	پایه	پایه	پایه	پایه	N
4	یورو	یورو	یورو	یورو	N
5	نگهداری	نگهدار	نگهداری	نگهداری	N
6	می‌شود	می‌شود	شد#شو	می|شود	V
7	،	،	،	،	PUNC
8	به‌راحتی	به‌راحت	به‌راحتی	به|راحتی	ADV
9	می‌توان	می‌تو	می‌توان	می|توان	V
10	درآمد	درآمد	درآمد	درآمد	N
11	حاصل	حاصل	حاصل	حاصل	N
12	از	از	از	از	P
13	صادرات	صادر	صادرات	صادرات	N
14	ایران	ایر	ایران	ایران	N
15	را	را	را	را	POSTP
16	با	با	با	با	P
17	واردات	وارد	واردات	واردات	N
18	کالاها	کالا	کالا	کالاها	N
19	و	و	و	و	CONJ
20	خدمات	خد	خدمات	خدمات	N
21	از	از	از	از	P
22	حوزه	حوزه	حوزه	حوزه	N
23	اروپا	اروپا	اروپا	اروپا	N
24	تهاتر	ت	تهاتر	تهاتر	N
25	کرد	کرد	کرد#کن	کرد	V
26	.	.	.	.	PUNC

0	عباس	عباس	عباس	عباس	N
1	هشی	هش	هشی	هشی	N
2	،	،	،	،	PUNC
3	کارشناس	کارشناس	کارشناس	کارشناس	N
4	اقتصادی	اقتصاد	اقتصاد	اقتصادی	AJ
5	هم	ه	هم	هم	CONJ
6	توضیح	توضیح	توضیح	توضیح	N
7	می‌دهد	می‌دهد	داد#ده	می|دهد	V
8	این	این	این	این	PRO
9	کانال	کانال	کانال	کانال	N
10	یورویی	یورو	یورو	یورویی	N
11	اختراع	اختراع	اختراع	اختراع	N
12	جدیدی	جدید	جدید	جدیدی	AJ
13	نیست	نیس	نیست	نیست	V
14	و	و	و	و	CONJ
15	عملکرد	عملکرد	عملکرد	عملکرد	N
16	آن	آن	آن	آن	PRO
17	همچون	همچون	همچون	همچون	ADV
18	اتاق‌های	اتاق	اتاق	اتاق|های	N
19	تسویه	تسویه	تسویه	تسویه	N
20	پایاپای	پایاپا	پایاپای	پایاپای	ADV
21	در	در	در	در	P
22	زمان	ز	زمان	زمان	N
23	جنگ	جنگ	جنگ	جنگ	N
24	تحمیلی	تحمیل	تحمیل	تحمیلی	AJ
25	خواهد_بود	خواهد_بود	بود#باش	خواهد_بود	V
26	.	.	.	.	PUNC

0	معاون	معاون	معاون	معاون	N
1	بین‌الملل	بین‌الملل	بین‌الملل	بین|الملل	AJ
2	بانک	بانک	بانک	بانک	N
3	مرکزی	مرکز	مرکزی	مرکزی	AJ
4	می‌گوید	می‌گوید	گفت#گو	می|گوید	V
5	:	:	:	:	PUNC
6	آمریکایی‌ها	آمریکایی	آمریکایی	آمریکایی|ها	N
7	پیش	پ	پیش	پیش	ADV
8	از	از	از	از	P
9	١٣	١٣	١٣	١٣	N
10	آبان	آب	آبان	آبان	N
11	هرچه	هرچه	هرچه	هرچه	ADV
12	در	در	در	در	P
13	توان	تو	توان	توان	N
14	داشتند	داشتند	داشت#دار	داشتند	V
15	،	،	،	،	PUNC
16	انجام	انجا	انجام	انجام	N
17	دادند	دادند	داد#ده	دادند	V
18	اما	اما	اما	اما	CONJ
19	با	با	با	با	P
20	برنامه‌ریزی‌ها	برنامه‌ریزی	برنامه‌ریزی	برنامه|ریزی|ها	N
21	،	،	،	،	PUNC
22	تلاش	تلا	تلاش	تلاش	N
23	داریم	دار	داشت#دار	داریم	V
24	هزینه‌های	هزینه	هزینه	هزینه|های	Ne
25	تحریم	تحر	تحریم	تحریم	N
26	را	را	را	را	POSTP
27	کاهش	کاه	کاهش	کاهش	N
28	داده	داده	داده	داده	V
29	و	و	و	و	CONJ
30	اجازه	اجازه	اجازه	اجازه	N
31	ندهیم	نده	داد#ده	ندهیم	V
32	جریان	جر	جریان	جریان	N
33	تجاری	تجار	تجار	تجاری	AJ
34	کشور	کشور	کشور	کشور	N
35	متوقف	متوقف	متوقف	متوقف	AJ
36	شود	شود	شد#شو	شود	V
37	؛	؛	؛	؛	PUNC
38	ضمن	ضمن	ضمن	ضمن	N
39	آنکه	آنکه	آنکه	آنکه	CONJ
40	اروپایی‌ها	اروپایی	اروپایی	اروپایی|ها	N
41	به	به	به	به	P
42	چند	چند	چند	چند	DET
43	دلیل	دلیل	دلیل	دلیل	N
44	نمی‌خواهند	نمی‌خواهند	خواست#خواه	نمی|خواهند	V
45	تجارت	تجار	تجارت	تجارت	N
46	با	با	با	با	P
47	ایران	ایر	ایران	ایران	N
48	را	را	را	را	POSTP
49	رها	ر	رها	رها	AJ
50	کنند	کنند	کرد#کن	کنند	V
51	.	.	.	.	PUNC

0	براساس	براساس	براساس	براساس	N
1	اعلام	اعلا	اعلام	اعلام	Ne
2	بانک	بانک	بانک	بانک	N
3	صادرات	صادر	صادرات	صادرات	N
4	ایران	ایر	ایران	ایران	N
5	،	،	،	،	PUNC
6	حسین	حسین	حسین	حسین	N
7	یعقوبی	یعقوب	یعقوب	یعقوبی	N
8	میاب	میاب	میاب	میاب	N
9	تأکید	تأکید	تأکید	تأکید	N
10	می‌کند	می‌کند	کرد#کن	می|کند	V
11	:	:	:	:	PUNC
12	تحریم‌های	تحریم	تحریم	تحریم|های	N
13	اخیر	اخیر	اخیر	اخیر	AJ
14	مانند	مانند	مانند	مانند	ADVe
15	تحریم‌های	تحریم	تحریم	تحریم|های	N
16	سازمان	ساز	سازمان	سازمان	N
17	ملل	ملل	ملل	ملل	N
18	گسترده	گسترده	گسترده	گسترده	AJ
19	نیست	نیس	نیست	نیست	V
20	و	و	و	و	CONJ
21	به	به	به	به	P
22	همین	همین	همین	همین	PRO
23	دلیل	دلیل	دلیل	دلیل	N
24	ابزارهای	ابزار	ابزار	ابزارهای	Ne
25	بهتری	بهتر	بهتر	بهتری	AJ
26	برای	برا	برای	برای	Pe
27	مقابله	مقابله	مقابله	مقابله	N
28	با	با	با	با	P
29	آنها	آن	آن	آنها	PRO
30	در	در	در	در	P
31	اختیار	اختیار	اختیار	اختیار	N
32	داریم	دار	داشت#دار	داریم	V
33	.	.	.	.	PUNC

0	معاون	معاون	معاون	معاون	N
1	بین‌الملل	بین‌الملل	بین‌الملل	بین|الملل	AJ
2	بانک	بانک	بانک	بانک	N
3	مرکزی	مرکز	مرکزی	مرکزی	AJ
4	تأکید	تأکید	تأکید	تأکید	N
5	می‌کند	می‌کند	کرد#کن	می|کند	V
6	:	:	:	:	PUNC
7	دولت	دول	دولت	دولت	N
8	آمریکا	آمریکا	آمریکا	آمریکا	N
9	سعی	سع	سعی	سعی	N
10	کرده_است	کرده_اس	کرد#کن	کرده_است	V
11	با	با	با	با	P
12	خروج	خروج	خروج	خروج	N
13	از	از	از	از	P
14	برجام	برجا	برجا	برجام	N
15	،	،	،	،	PUNC
16	اقتصاد	اقتصاد	اقتصاد	اقتصاد	N
17	ایران	ایر	ایران	ایران	N
18	را	را	را	را	POSTP
19	دچار	دچار	دچار	دچار	AJe
20	اختلال	اختلال	اختلال	اختلال	N
21	کند	کند	کند	کند	V
22	اما	اما	اما	اما	CONJ
23	حضور	حضور	حضور	حضور	N
24	اروپایی‌ها	اروپایی	اروپایی	اروپایی|ها	N
25	و	و	و	و	CONJ
26	تعهداتی	تعهدات	تعهدات	تعهداتی	N
27	که	که	که	که	CONJ
28	دادند	دادند	داد#ده	دادند	V
29	،	،	،	،	PUNC
30	فشار	فشار	فشار	فشار	N
31	را	را	را	را	POSTP
32	کمتر	ک	کمتر	کمتر	AJ
33	کرد	کرد	کرد#کن	کرد	V
34	؛	؛	؛	؛	PUNC
35	تا	تا	تا	تا	P
36	زمانی	زمان	زمان	زمانی	N
37	که	که	که	که	CONJ
38	اروپایی‌ها	اروپایی	اروپایی	اروپایی|ها	N
39	حضور	حضور	حضور	حضور	N
40	دارند	دارند	داشت#دار	دارند	V
41	معافیت‌های	معافیت	معافیت	معافیت|های	N
42	خوب	خوب	خوب	خوب	ADV
43	همچنان	همچن	همچنان	همچنان	ADV
44	وجود	وجود	وجود	وجود	N
45	خواهد_داشت	خواهد_دا	داشت#دار	خواهد_داشت	V
46	.	.	.	.	PUNC

0	یعقوبی	یعقوب	یعقوب	یعقوبی	N
1	می‌افزاید	می‌افزاید	افزود#افزا	می|افزاید	V
2	:	:	:	:	PUNC
3	تصور	تصور	تصور	تصور	N
4	می‌کنم	می‌کن	کرد#کن	می|کنم	V
5	اروپایی‌ها	اروپایی	اروپایی	اروپایی|ها	N
6	به	به	به	به	P
7	۲دلیل	۲دلیل	۲دلیل	۲دلیل	N
8	به‌زودی	به‌زود	به‌زودی	به|زودی	ADV
9	کنار	کنار	کنار	کنار	ADV
10	نخواهند_رفت	نخواهند_رف	رفت#رو	نخواهند_رفت	V
11	؛	؛	؛	؛	PUNC
12	نخست	نخس	نخست	نخست	NUM
13	به‌واسطه	به‌واسطه	به‌واسطه	به|واسطه	N
14	جنگ	جنگ	جنگ	جنگ	N
15	تجاری	تجار	تجار	تجاری	AJ
16	آنها	آن	آن	آنها	PRO
17	با	با	با	با	P
18	آمریکا	آمریکا	آمریکا	آمریکا	N
19	و	و	و	و	CONJ
20	دوم	دو	دوم	دوم	NUM
21	اینکه	اینکه	اینکه	اینکه	CONJ
22	به‌دنبال	به‌دنبال	به‌دنبال	به|دنبال	N
23	تقویت	تقو	تقویت	تقویت	N
24	جایگاه	جایگاه	جایگاه	جایگاه	N
25	اروپا	اروپا	اروپا	اروپا	N
26	در	در	در	در	P
27	فضای	فضا	فضا	فضای	Ne
28	اقتصاد	اقتصاد	اقتصاد	اقتصاد	N
29	بین‌الملل	بین‌الملل	بین‌الملل	بین|الملل	AJ
30	هستند	هستند	#هست	هستند	V
31	.	.	.	.	PUNC

0	رویترز	رویترز	رویترز	رویترز	N
1	به	به	به	به	P
2	نقل	نقل	نقل	نقل	N
3	از	از	از	از	P
4	۳دیپلمات	۳دیپل	۳دیپلمات	۳دیپلمات	N
5	اروپایی	اروپا	اروپایی	اروپایی	AJ
6	گزارش	گزار	گزارش	گزارش	Ne
7	داد	داد	داد	داد	V
8	:	:	:	:	PUNC
9	کانال	کانال	کانال	کانال	N
10	مالی	مال	مالی	مالی	N
11	یا	یا	یا	یا	CONJ
12	سازوکار	سازوکار	سازوکار	سازوکار	Ne
13	اتحادیه	اتحادیه	اتحادیه	اتحادیه	N
14	اروپا	اروپا	اروپا	اروپا	N
15	برای	برا	برای	برای	Pe
16	تسهیل	تسهیل	تسهیل	تسهیل	N
17	پرداخت	پرداخ	پرداخت	پرداخت	Ne
18	پول	پول	پول	پول	N
19	اقلام	اقلا	اقلام	اقلام	Ne
20	صادراتی	صادرات	صادرات	صادراتی	AJ
21	ایران	ایر	ایران	ایران	N
22	به	به	به	به	P
23	اروپا	اروپا	اروپا	اروپا	N
24	با	با	با	با	P
25	هدف	هدف	هدف	هدف	N
26	عبور	عبور	عبور	عبور	N
27	از	از	از	از	P
28	تحریم‌های	تحریم	تحریم	تحریم|های	N
29	آمریکا	آمریکا	آمریکا	آمریکا	N
30	،	،	،	،	PUNC
31	تا	تا	تا	تا	P
32	سیزدهم	سیزده	سیزدهم	سیزدهم	NUM
33	آبان	آب	آبان	آبان	N
34	به	به	به	به	P
35	شکل	شکل	شکل	شکل	N
36	نمادین	نمادین	نمادین	نمادین	AJ
37	آماده	آماده	آماده	آماده	AJ
38	می‌شود	می‌شود	شد#شو	می|شود	V
39	اما	اما	اما	اما	CONJ
40	عملیاتی	عملیات	عملیاتی	عملیاتی	N
41	شدن	شدن	شدن	شدن	N
42	آن	آن	آن	آن	PRO
43	تا	تا	تا	تا	P
44	اوایل	اوایل	اوایل	اوایل	N
45	زمستان	زمس	زمستان	زمستان	N
46	سال‌جاری	سال‌جار	سال‌جاری	سال|جاری	N
47	طول	طول	طول	طول	N
48	می‌کشد	می‌کشد	کشید#کش	می|کشد	V
49	.	.	.	.	PUNC

0	وزیر	وزیر	وزیر	وزیر	N
1	امور	امور	امور	امور	N
2	اقتصادی	اقتصاد	اقتصاد	اقتصادی	AJ
3	و	و	و	و	CONJ
4	دارایی	دارا	دارایی	دارایی	N
5	با	با	با	با	P
6	بیان	ب	بیان	بیان	N
7	اینکه	اینکه	اینکه	اینکه	CONJ
8	تحریمی	تحریم	تحریم	تحریمی	N
9	که	که	که	که	CONJ
10	می‌خواهند	می‌خواهند	خواست#خواه	می|خواهند	V
11	در	در	در	در	P
12	۱۳	۱۳	۱۳	۱۳	NUM
13	آبان	آب	آبان	آبان	N
14	اعلام	اعلا	اعلام	اعلام	Ne
15	کنند	کنند	کرد#کن	کنند	V
16	قبلا	قبلا	قبلا	قبلا	ADV
17	اجرایی	اجرا	اجرایی	اجرایی	AJ
18	کرده‌اند	کرده‌اند	کرد#کن	کرده|اند	V
19	،	،	،	،	PUNC
20	گفت	گف	گفت#گو	گفت	V
21	:	:	:	:	PUNC
22	اولین	اولین	اولین	اولین	NUM
23	برنامه	برنامه	برنامه	برنامه	N
24	مدنظر	مدنظر	مدنظر	مدنظر	N
25	،	،	،	،	PUNC
26	تامین	تامین	تامین	تامین	Ne
27	مالی	مال	مالی	مالی	N
28	اقتصادی	اقتصاد	اقتصاد	اقتصادی	AJ
29	و	و	و	و	CONJ
30	دومین	دومین	دومین	دومین	NUM
31	کار	کار	کار	کار	N
32	بهبود	بهبود	بهبود	بهبود	N
33	فضای	فضا	فضا	فضای	Ne
34	کسب	کسب	کسب	کسب	Ne
35	و	و	و	و	CONJ
36	کار	کار	کار	کار	N
37	اقتصادی	اقتصاد	اقتصاد	اقتصادی	AJ
38	از	از	از	از	P
39	طریق	طریق	طریق	طریق	N
40	تسهیل	تسهیل	تسهیل	تسهیل	N
41	شرایط	شرایط	شرایط	شرایط	N
42	گمرکی	گمرک	گمرک	گمرکی	AJ
43	است	اس	#است	است	V
44	.	.	.	.	PUNC

0	به	به	به	به	P
1	گزارش	گزار	گزارش	گزارش	Ne
2	فارس	فارس	فارس	فارس	N
3	،	،	،	،	PUNC
4	فرهاد	فرهاد	فرهاد	فرهاد	N
5	دژپسند	دژپسند	دژپسند	دژپسند	N
6	وزیر	وزیر	وزیر	وزیر	N
7	امور	امور	امور	امور	N
8	اقتصادی	اقتصاد	اقتصاد	اقتصادی	AJ
9	و	و	و	و	CONJ
10	دارایی	دارا	دارایی	دارایی	N
11	با	با	با	با	P
12	بیان	ب	بیان	بیان	N
13	اینکه	اینکه	اینکه	اینکه	CONJ
14	تحریمی	تحریم	تحریم	تحریمی	N
15	که	که	که	که	CONJ
16	می‌خواهند	می‌خواهند	خواست#خواه	می|خواهند	V
17	در	در	در	در	P
18	۱۳	۱۳	۱۳	۱۳	NUM
19	آبان	آب	آبان	آبان	N
20	اعلام	اعلا	اعلام	اعلام	Ne
21	کنند	کنند	کرد#کن	کنند	V
22	،	،	،	،	PUNC
23	قبلا	قبلا	قبلا	قبلا	ADV
24	اجرایی	اجرا	اجرایی	اجرایی	AJ
25	کرده‌اند	کرده‌اند	کرد#کن	کرده|اند	V
26	،	،	،	،	PUNC
27	گفت	گف	گفت#گو	گفت	V
28	:	:	:	:	PUNC
29	در	در	در	در	P
30	وزارت	وزار	وزارت	وزارت	N
31	امور	امور	امور	امور	N
32	اقتصادی	اقتصاد	اقتصاد	اقتصادی	AJ
33	و	و	و	و	CONJ
34	دارایی	دارا	دارایی	دارایی	N
35	در	در	در	در	P
36	حال	حال	حال	حال	ADV
37	رصد	رصد	رصد	رصد	N
38	برنامه‌های	برنامه	برنامه	برنامه|های	Ne
39	دشمن	دشمن	دشمن	دشمن	N
40	و	و	و	و	CONJ
41	در	در	در	در	P
42	حال	حال	حال	حال	ADV
43	آماده‌سازی	آماده‌ساز	آماده‌ساز	آماده|سازی	N
44	بسته‌هایی	بسته	بسته	بسته|هایی	N
45	برای	برا	برای	برای	Pe
46	مواجهه	مواجهه	مواجهه	مواجهه	N
47	با	با	با	با	P
48	این	این	این	این	PRO
49	دشمنی‌ها	دشمنی	دشمنی‌ها	دشمنی|ها	N
50	هستیم	هست	#هست	هستیم	V
51	.	.	.	.	PUNC

0	دژپسند	دژپسند	دژپسند	دژپسند	N
1	درباره	درباره	درباره	درباره	Pe
2	برنامه‌های	برنامه	برنامه	برنامه|های	Ne
3	اصلی	اصل	اصل	اصلی	AJ
4	خود	خود	خود	خود	PRO
5	در	در	در	در	P
6	وزارت	وزار	وزارت	وزارت	N
7	امور	امور	امور	امور	N
8	اقتصادی	اقتصاد	اقتصاد	اقتصادی	AJ
9	و	و	و	و	CONJ
10	دارایی	دارا	دارایی	دارایی	N
11	گفت	گف	گفت#گو	گفت	V
12	:	:	:	:	PUNC
13	طبیعی	طبیع	طبیعی	طبیعی	AJ
14	است	اس	#است	است	V
15	که	که	که	که	CONJ
16	در	در	در	در	P
17	این	این	این	این	PRO
18	شرایط	شرایط	شرایط	شرایط	N
19	همه	همه	همه	همه	PRO
20	انتظار	انتظار	انتظار	انتظار	N
21	دارند	دارند	داشت#دار	دارند	V
22	که	که	که	که	CONJ
23	با	با	با	با	P
24	توجه	توجه	توجه	توجه	N
25	به	به	به	به	P
26	تحریم‌های	تحریم	تحریم	تحریم|های	N
27	دشمن	دشمن	دشمن	دشمن	N
28	،	،	،	،	PUNC
29	ببینند	ببینند	ببینند	ببینند	V
30	ما	ما	ما	ما	PRO
31	چه	چه	چه	چه	N
32	برنامه‌ای	برنامه	برنامه	برنامه|ای	N
33	را	را	را	را	POSTP
34	تدارک	تدارک	تدارک	تدارک	N
35	دیدیم	دید	دید#بین	دیدیم	V
36	.	.	.	.	PUNC

0	وی	و	وی	وی	PRO
1	افزود	افزود	افزود#افزا	افزود	V
2	:	:	:	:	PUNC
3	اولین	اولین	اولین	اولین	NUM
4	برنامه	برنامه	برنامه	برنامه	N
5	مدنظر	مدنظر	مدنظر	مدنظر	N
6	،	،	،	،	PUNC
7	تامین	تامین	تامین	تامین	Ne
8	مالی	مال	مالی	مالی	N
9	اقتصادی	اقتصاد	اقتصاد	اقتصادی	AJ
10	است	اس	#است	است	V
11	.	.	.	.	PUNC

0	دومین	دومین	دومین	دومین	NUM
1	کار	کار	کار	کار	N
2	بهبود	بهبود	بهبود	بهبود	N
3	فضای	فضا	فضا	فضای	Ne
4	کسب	کسب	کسب	کسب	Ne
5	و	و	و	و	CONJ
6	کار	کار	کار	کار	N
7	اقتصادی	اقتصاد	اقتصاد	اقتصادی	AJ
8	از	از	از	از	P
9	طریق	طریق	طریق	طریق	N
10	تسهیل	تسهیل	تسهیل	تسهیل	N
11	شرایط	شرایط	شرایط	شرایط	N
12	گمرکی	گمرک	گمرک	گمرکی	AJ
13	است	اس	#است	است	V
14	.	.	.	.	PUNC

0	سومین	سومین	سومین	سومین	NUM
1	کار	کار	کار	کار	N
2	این	این	این	این	PRO
3	است	اس	#است	است	V
4	که	که	که	که	CONJ
5	بتوانیم	بتوان	توانست#توان	بتوانیم	V
6	سیاست‌های	سیاست	سیاست	سیاست|های	N
7	خصوصی‌سازی	خصوصی‌ساز	خصوصی‌سازی	خصوصی|سازی	N
8	را	را	را	را	POSTP
9	همان‌طور	همان‌طور	همان‌طور	همان|طور	N
10	که	که	که	که	CONJ
11	در	در	در	در	P
12	اصل	اصل	اصل	اصل	N
13	۴۴	۴۴	۴۴	۴۴	NUM
14	آمده_است	آمده_اس	آمد#آ	آمده_است	V
15	پیاده	پیاده	پیاده	پیاده	AJ
16	کنیم	کن	کرد#کن	کنیم	V
17	و	و	و	و	CONJ
18	در	در	در	در	P
19	نهایت	ن	نهایت	نهایت	N
20	با	با	با	با	P
21	الکترونیکی	الکترونیک	الکترونیک	الکترونیکی	AJ
22	کردن	کردن	کردن	کردن	N
23	و	و	و	و	CONJ
24	ساماندهی	سامانده	ساماندهی	ساماندهی	N
25	مشخص	مشخص	مشخص	مشخص	AJ
26	،	،	،	،	PUNC
27	با	با	با	با	P
28	فساد	فساد	فساد	فساد	N
29	مقابله	مقابله	مقابله	مقابله	N
30	کنیم	کن	کرد#کن	کنیم	V
31	چراکه	چراکه	چراکه	چراکه	CONJ
32	فساد	فساد	فساد	فساد	N
33	،	،	،	،	PUNC
34	اقتصاد	اقتصاد	اقتصاد	اقتصاد	N
35	را	را	را	را	POSTP
36	زمین‌گیر	زمین‌گیر	زمین‌گیر	زمین|گیر	N
37	می‌کند	می‌کند	کرد#کن	می|کند	V
38	.	.	.	.	PUNC

0	امیدوارم	امیدوار	امیدوار	امیدوارم	V
1	در	در	در	در	P
2	این	این	این	این	PRO
3	کارها	کار	کار	کارها	N
4	با	با	با	با	P
5	همکاری	همکار	همکار	همکاری	N
6	دیگران	دیگر	دیگر	دیگران	PRO
7	،	،	،	،	PUNC
8	گام	گا	گام	گام	N
9	بلندی	بلند	بلند	بلندی	N
10	برداریم	بردار	بردار	برداریم	V
11	.	.	.	.	PUNC

