0	در	در	در	در	P
1	هم	ه	هم	هم	CONJ
2	تنیدگی	تنیدگ	تنیدگی	تنیدگی	N
3	کوانتومی	کوانتوم	کوانتوم	کوانتومی	N
4	می‌گوید	می‌گوید	گفت#گو	می|گوید	V
5	«	«	«	«	PUNC
6	در	در	در	در	P
7	سامانه‌های	سامانه	سامانه	سامانه|های	Ne
8	مرکب	مرکب	مرکب	مرکب	N
9	با	با	با	با	P
10	وضعیت‌هایی	وضعیت	وضعیت	وضعیت|هایی	N
11	مواجه	مواجه	مواجه	مواجه	AJ
12	می‌شویم	می‌شو	شد#شو	می|شویم	V
13	که	که	که	که	CONJ
14	در	در	در	در	P
15	آن	آن	آن	آن	PRO
16	اجزای	اجزا	اجزا	اجزای	Ne
17	سامانه	سامانه	سامانه	سامانه	N
18	دارای	دارا	دارا	دارای	AJe
19	هیچ	هیچ	هیچ	هیچ	DET
20	ویژگی	ویژگ	ویژگی	ویژگی	N
21	نیستند	نیستند	#هست	نیستند	V
22	بلکه	بلکه	بلکه	بلکه	CONJ
23	فقط	فقط	فقط	فقط	ADV
24	سامانهٔ	سامانه	سامانه	سامانهٔ	N
25	کل	کل	کل	کل	N
26	دارای	دارا	دارا	دارای	AJe
27	دسته‌ای	دسته	دسته	دسته|ای	N
28	از	از	از	از	P
29	ویژگی‌ها	ویژگی	ویژگی	ویژگی|ها	N
30	است	اس	#است	است	V
31	.	.	.	.	PUNC
32	»	»	»	»	PUNC
33	به	به	به	به	P
34	زبان	زب	زبان	زبان	N
35	ساده	ساده	ساده	ساده	AJ
36	و	و	و	و	CONJ
37	به	به	به	به	P
38	عنوان	عنو	عنوان	عنوان	Ne
39	اولین	اولین	اولین	اولین	NUM
40	مثال	مثال	مثال	مثال	N
41	تاریخی	تاریخ	تاریخ	تاریخی	AJ
42	،	،	،	،	PUNC
43	درهم‌تنیدگی	درهم‌تنیدگ	درهم‌تنیدگی	درهم|تنیدگی	N
44	جفت	جف	جفت	جفت	N
45	شدن	شدن	شدن	شدن	N
46	خواص	خواص	خواص	خواص	N
47	مکانیکی	مکانیک	مکانیک	مکانیکی	AJ
48	دو	دو	دو	دو	NUM
49	ذره	ذره	ذره	ذره	N
50	است	اس	#است	است	V
51	،	،	،	،	PUNC
52	ذراتی	ذرات	ذرات	ذراتی	N
53	که	که	که	که	CONJ
54	پیش‌تر	پیش	پیش	پیش|تر	N
55	با	با	با	با	P
56	یکدیگر	یکدیگر	یکدیگر	یکدیگر	PRO
57	در	در	در	در	P
58	اندرکنش	اندرکن	اندرکنش	اندرکنش	N
59	بوده	بوده	بوده	بوده	V
60	و	و	و	و	CONJ
61	سپس	سپس	سپس	سپس	CONJ
62	از	از	از	از	P
63	یک	یک	یک	یک	NUM
64	دیگر	دیگر	دیگر	دیگر	PRO
65	جدا	جدا	جدا	جدا	AJ
66	شده‌اند	شده‌اند	شد#شو	شده|اند	V
67	.	.	.	.	PUNC

0	در	در	در	در	P
1	هم	ه	هم	هم	CONJ
2	تنیدگی	تنیدگ	تنیدگی	تنیدگی	N
3	برای	برا	برای	برای	Pe
4	ذراتی	ذرات	ذرات	ذراتی	N
5	همچون	همچون	همچون	همچون	ADV
6	فوتونها	فوتون	فوتون	فوتونها	N
7	،	،	،	،	PUNC
8	الکترونها	الکترون	الکترون	الکترونها	N
9	و	و	و	و	CONJ
10	حتی	حت	حتی	حتی	ADV
11	مولکول‌ها	مولکول	مولکول	مولکول|ها	N
12	رخ	رخ	رخ	رخ	N
13	می‌دهد	می‌دهد	داد#ده	می|دهد	V
14	.	.	.	.	PUNC

0	این	این	این	این	PRO
1	اندرکنش	اندرکن	اندرکنش	اندرکنش	N
2	فیزیکی	فیزیک	فیزیکی	فیزیکی	AJ
3	مربوط	مربوط	مربوط	مربوط	AJ
4	به	به	به	به	P
5	خواصی	خواص	خواص	خواصی	N
6	نظیر	نظیر	نظیر	نظیر	ADVe
7	مکان	مک	مکان	مکان	N
8	،	،	،	،	PUNC
9	تکانه	تکانه	تکانه	تکانه	N
10	،	،	،	،	PUNC
11	اسپین	اسپین	اسپین	اسپین	N
12	و	و	و	و	CONJ
13	قطبش	قطب	قطب	قطبش	N
14	و	و	و	و	CONJ
15	…	…	…	…	PUNC
16	است	اس	#است	است	V
17	به	به	به	به	P
18	گونه‌ای	گونه	گونه	گونه|ای	N
19	که	که	که	که	CONJ
20	با	با	با	با	P
21	تعیین	تعیین	تعیین	تعیین	Ne
22	هر	هر	هر	هر	DET
23	یک	یک	یک	یک	NUM
24	از	از	از	از	P
25	خواص	خواص	خواص	خواص	N
26	برای	برا	برای	برای	Pe
27	یکی	یک	یک	یکی	NUM
28	از	از	از	از	P
29	دو	دو	دو	دو	NUM
30	ذره	ذره	ذره	ذره	N
31	همان	ه	همان	همان	DET
32	خاصیت	خاص	خاصیت	خاصیت	N
33	در	در	در	در	P
34	دیگری	دیگر	دیگر	دیگری	PRO
35	تعیین	تعیین	تعیین	تعیین	Ne
36	می‌شود	می‌شود	شد#شو	می|شود	V
37	.	.	.	.	PUNC

0	به	به	به	به	P
1	عبارت	عبار	عبارت	عبارت	N
2	دیگر	دیگر	دیگر	دیگر	PRO
3	هر	هر	هر	هر	DET
4	یک	یک	یک	یک	NUM
5	از	از	از	از	P
6	ذرات	ذر	ذرات	ذرات	N
7	جفت	جف	جفت	جفت	N
8	شده	شده	شده	شده	V
9	به	به	به	به	P
10	خوبی	خوب	خوبی	خوبی	AJ
11	توسط	توسط	توسط	توسط	Pe
12	حالت	حال	حالت	حالت	N
13	کوانتومی	کوانتوم	کوانتوم	کوانتومی	N
14	مشابه	مشابه	مشابه	مشابه	AJ
15	توصیف	توصیف	توصیف	توصیف	N
16	می‌شوند	می‌شوند	شد#شو	می|شوند	V
17	.	.	.	.	PUNC

0	فلسفه‌ای	فلسفه	فلسفه	فلسفه|ای	N
1	که	که	که	که	CONJ
2	منجر	منجر	منجر	منجر	AJ
3	به	به	به	به	P
4	شکل‌گیری	شکل‌گیر	شکل‌گیری	شکل|گیری	N
5	ی		ی	ی	RES
6	زبان‌های	زبان	زبان	زبان|های	N
7	شی	ش	شی	شی	N
8	گرا	گرا	گرا	گرا	N
9	شد	شد	شد#شو	شد	V
10	،	،	،	،	PUNC
11	عبارت	عبار	عبارت	عبارت	N
12	بود	بود	بود#باش	بود	V
13	از	از	از	از	P
14	این	این	این	این	PRO
15	واقعیت	واقع	واقعیت	واقعیت	N
16	که	که	که	که	CONJ
17	نحوهٔ	نحوه	نحوه	نحوهٔ	N
18	عملکرد	عملکرد	عملکرد	عملکرد	N
19	مغز	مغز	مغز	مغز	N
20	و	و	و	و	CONJ
21	شیوهٔ	شیوه	شیوه	شیوهٔ	N
22	دریافت	دریاف	دریافت	دریافت	N
23	اطلاعات	اطلاع	اطلاعات	اطلاعات	N
24	از	از	از	از	P
25	محیط	محیط	محیط	محیط	N
26	پیرامون	پیرامون	پیرامون	پیرامون	N
27	و	و	و	و	CONJ
28	پردازش	پرداز	پردازش	پردازش	N
29	آن	آن	آن	آن	PRO
30	اطلاعات	اطلاع	اطلاعات	اطلاعات	N
31	(	(	(	(	PUNC
32	اندیشیدن	اندیشیدن	اندیشیدن	اندیشیدن	N
33	)	)	)	)	PUNC
34	،	،	،	،	PUNC
35	شیوه‌ای	شیوه	شیوه	شیوه|ای	N
36	شی	ش	شی	شی	N
37	گراست	گراس	گراست	گراست	V
38	،	،	،	،	PUNC
39	از	از	از	از	P
40	همین	همین	همین	همین	PRO
41	روی	رو	روی	روی	N
42	می‌بایستی	می‌بایست	می‌بایستی	می|بایستی	V
43	زبانی	زبان	زبان	زبانی	N
44	تعریف	تعریف	تعریف	تعریف	N
45	می‌شد	می‌شد	شد#شو	می|شد	V
46	که	که	که	که	CONJ
47	همین	همین	همین	همین	PRO
48	شیوه	شیوه	شیوه	شیوه	N
49	را	را	را	را	POSTP
50	مبنای	مبنا	مبنا	مبنای	Ne
51	کار	کار	کار	کار	N
52	خود	خود	خود	خود	PRO
53	قرار	قرار	قرار	قرار	N
54	داده	داده	داده	داده	V
55	و	و	و	و	CONJ
56	بازتولید	بازتولید	بازتولید	بازتولید	Ne
57	می‌کرد	می‌کرد	کرد#کن	می|کرد	V
58	؛	؛	؛	؛	PUNC
59	و	و	و	و	CONJ
60	دقیقا	دقیقا	دقیقا	دقیقا	ADV
61	به	به	به	به	P
62	همان	ه	همان	همان	DET
63	شکل	شکل	شکل	شکل	N
64	که	که	که	که	CONJ
65	اشیا	اشیا	اشیا	اشیا	N
66	در	در	در	در	P
67	جهان	جه	جهان	جهان	N
68	خارج	خارج	خارج	خارج	N
69	،	،	،	،	PUNC
70	دارای	دارا	دارا	دارای	AJe
71	هویت	هو	هویت	هویت	N
72	و	و	و	و	CONJ
73	کارکرد	کارکرد	کارکرد	کارکرد	N
74	مشخص	مشخص	مشخص	مشخص	AJ
75	و	و	و	و	CONJ
76	یگانه	یگانه	یگانه	یگانه	N
77	برای	برا	برای	برای	Pe
78	خود	خود	خود	خود	PRO
79	هستند	هستند	#هست	هستند	V
80	و	و	و	و	CONJ
81	در	در	در	در	P
82	عین	عین	عین	عین	Ne
83	حال	حال	حال	حال	ADV
84	با	با	با	با	P
85	دیگر	دیگر	دیگر	دیگر	PRO
86	اشیا	اشیا	اشیا	اشیا	N
87	در	در	در	در	P
88	ارتباطی	ارتباط	ارتباط	ارتباطی	N
89	تنگاتنگ	تنگاتنگ	تنگاتنگ	تنگاتنگ	AJ
90	و	و	و	و	CONJ
91	مستقیم	مستق	مستقیم	مستقیم	AJ
92	اند	اند	اند	اند	N
93	،	،	،	،	PUNC
94	در	در	در	در	P
95	زبان‌های	زبان	زبان	زبان|های	N
96	برنامه‌نویسی	برنامه‌نویس	برنامه‌نویس	برنامه|نویسی	N
97	نیز	نیز	نیز	نیز	CONJ
98	می‌بایستی	می‌بایست	می‌بایستی	می|بایستی	V
99	این	این	این	این	PRO
100	اصول	اصول	اصول	اصول	N
101	کلی	کل	کلی	کلی	AJ
102	برقرار	برقرار	برقرار	برقرار	AJ
103	می‌شد	می‌شد	شد#شو	می|شد	V
104	.	.	.	.	PUNC

0	تا	تا	تا	تا	P
1	به	به	به	به	P
2	این	این	این	این	PRO
3	شکل	شکل	شکل	شکل	N
4	،	،	،	،	PUNC
5	برنامه‌نویس	برنامه‌نویس	برنامه‌نویس	برنامه|نویس	N
6	بتواند	بتواند	توانست#توان	بتواند	V
7	با	با	با	با	P
8	بهره‌گیری	بهره‌گیر	بهره‌گیری	بهره|گیری	N
9	از	از	از	از	P
10	زبانی	زبان	زبان	زبانی	N
11	که	که	که	که	CONJ
12	به	به	به	به	P
13	روش	رو	روش	روش	N
14	اندیشیدنش	اندیشیدن	اندیشیدن	اندیشیدنش	N
15	،	،	،	،	PUNC
16	نزدیکی	نزدیک	نزدیک	نزدیکی	N
17	بیشتری	بیشتر	بیشتر	بیشتری	AJ
18	دارد	دارد	داشت#دار	دارد	V
19	،	،	،	،	PUNC
20	شی‌های	شی	شی‌های	شی|های	Ne
21	مختلفی	مختلف	مختلف	مختلفی	AJ
22	را	را	را	را	POSTP
23	تعریف	تعریف	تعریف	تعریف	N
24	نموده	نموده	نموده	نموده	V
25	،	،	،	،	PUNC
26	این	این	این	این	PRO
27	شی‌ها	شی	شی‌ها	شی|ها	N
28	را	را	را	را	POSTP
29	در	در	در	در	P
30	ارتباط	ارتباط	ارتباط	ارتباط	N
31	با	با	با	با	P
32	یکدیگر	یکدیگر	یکدیگر	یکدیگر	PRO
33	قرار	قرار	قرار	قرار	N
34	داده	داده	داده	داده	V
35	و	و	و	و	CONJ
36	از	از	از	از	P
37	شی‌های	شی	شی‌های	شی|های	Ne
38	پویای	پویا	پویا	پویای	N
39	تولید	تولید	تولید	تولید	N
40	شده	شده	شده	شده	V
41	برای	برا	برای	برای	Pe
42	حل	حل	حل	حل	N
43	مسئله‌ی	مسئله	مسئله	مسئله|ی	Ne
44	پیش	پ	پیش	پیش	ADV
45	روی	رو	روی	روی	N
46	استفاده	استفاده	استفاده	استفاده	N
47	نماید	نماید	نمود#نما	نماید	V
48	.	.	.	.	PUNC

0	امروزه	امروزه	امروزه	امروزه	ADV
1	اکثر	اکثر	اکثر	اکثر	DETe
2	زبان‌های	زبان	زبان	زبان|های	N
3	دستوری	دستور	دستور	دستوری	N
4	برنامه‌نویسی	برنامه‌نویس	برنامه‌نویس	برنامه|نویسی	N
5	از	از	از	از	P
6	فنون	فنون	فنون	فنون	N
7	شی‌گرایی	شی‌گرا	شی‌گرایی	شی|گرایی	N
8	پشتیبانی	پشتیبان	پشتیبان	پشتیبانی	N
9	می‌کنند	می‌کنند	کرد#کن	می|کنند	V
10	.	.	.	.	PUNC

0	زبان‌هایی	زبان	زبان	زبان|هایی	N
1	مانند	مانند	مانند	مانند	ADVe
2	جاوا	جاوا	جاوا	جاوا	N
3	،	،	،	،	PUNC
4	سی++	سی++	سی++	سی++	PUNC
5	،	،	،	،	PUNC
6	سی	س	سی	سی	NUM
7	شارپ	شارپ	شارپ	شارپ	N
8	،	،	،	،	PUNC
9	دلفی	دلف	دلفی	دلفی	N
10	از	از	از	از	P
11	جمله	جمله	جمله	جمله	N
12	زبان‌های	زبان	زبان	زبان|های	N
13	شی‌گرا	شی‌گرا	شی‌گرا	شی|گرا	AJ
14	هستند	هستند	#هست	هستند	V
15	.	.	.	.	PUNC

0	حتی	حت	حتی	حتی	ADV
1	بسیاری	بسیار	بسیار	بسیاری	PRO
2	از	از	از	از	P
3	زبانهای	زبان	زبان	زبانهای	Ne
4	روال	روال	روال	روال	N
5	گونه	گونه	گونه	گونه	N
6	که	که	که	که	CONJ
7	ساختار	ساختار	ساختار	ساختار	N
8	برنامه‌ها	برنامه	برنامه	برنامه|ها	N
9	در	در	در	در	P
10	آن‌ها	آن	آن	آن|ها	PRO
11	بلوک‌هایی	بلوک	بلوک	بلوک|هایی	N
12	با	با	با	با	P
13	نام	نا	نام	نام	Ne
14	پروسیجر	پروسیجر	پروسیجر	پروسیجر	N
15	است	اس	#است	است	V
16	امروزه	امروزه	امروزه	امروزه	ADV
17	از	از	از	از	P
18	فنون	فنون	فنون	فنون	N
19	شی‌گرایی	شی‌گرا	شی‌گرایی	شی|گرایی	N
20	نیز	نیز	نیز	نیز	CONJ
21	پشتبانی	پشتبان	پشتبانی	پشتبانی	N
22	می‌کنند	می‌کنند	کرد#کن	می|کنند	V
23	.	.	.	.	PUNC

0	زبان‌های	زبان	زبان	زبان|های	N
1	سی++	سی++	سی++	سی++	PUNC
2	و	و	و	و	CONJ
3	پی‌اچ‌پی	پی‌اچ‌پ	پی‌اچ‌پی	پی|اچ|پی	N
4	از	از	از	از	P
5	این	این	این	این	PRO
6	جمله	جمله	جمله	جمله	N
7	هستند	هستند	#هست	هستند	V
8	.	.	.	.	PUNC

0	هر	هر	هر	هر	DET
1	شیء	شیء	شیء	شیء	N
2	یک	یک	یک	یک	NUM
3	سری	سر	سری	سری	N
4	خصوصیت	خصوص	خصوصیت	خصوصیت	N
5	و	و	و	و	CONJ
6	قابلیت	قابل	قابلیت	قابلیت	Ne
7	دارد	دارد	داشت#دار	دارد	V
8	،	،	،	،	PUNC
9	که	که	که	که	CONJ
10	اصطلاحا	اصطلاحا	اصطلاحا	اصطلاحا	ADV
11	Properties	Properties	Properties	Properties	RES
12	و	و	و	و	CONJ
13	Operation	Operation	Operation	Operation	RES
14	خوانده_می‌شوند	خوانده_می‌شوند	خواند#خوان	خوانده_می|شوند	V
15	.	.	.	.	PUNC

0	در	در	در	در	P
1	این	این	این	این	PRO
2	پارادایم	پارادا	پارادایم	پارادایم	N
3	برنامه‌نویسی	برنامه‌نویس	برنامه‌نویس	برنامه|نویسی	N
4	،	،	،	،	PUNC
5	دید	دید	دید	دید	N
6	برنامه‌نویس	برنامه‌نویس	برنامه‌نویس	برنامه|نویس	N
7	به	به	به	به	P
8	سیستم	سیس	سیستم	سیستم	N
9	دید	دید	دید	دید	N
10	شخصی	شخص	شخص	شخصی	N
11	است	اس	#است	است	V
12	که	که	که	که	CONJ
13	سعی	سع	سعی	سعی	N
14	می‌نماید	می‌نماید	نمود#نما	می|نماید	V
15	با	با	با	با	P
16	پیدا	پیدا	پیدا	پیدا	AJ
17	کردن	کردن	کردن	کردن	N
18	اشیاء	اشیاء	اشیاء	اشیاء	N
19	مختلف	مختلف	مختلف	مختلف	AJ
20	در	در	در	در	P
21	سیستم	سیس	سیستم	سیستم	N
22	و	و	و	و	CONJ
23	برقراری	برقرار	برقراری	برقراری	Ne
24	ارتباط	ارتباط	ارتباط	ارتباط	N
25	بین	بین	بین	بین	N
26	آن‌ها	آن	آن	آن|ها	PRO
27	سیستم	سیس	سیستم	سیستم	N
28	را	را	را	را	POSTP
29	تولید	تولید	تولید	تولید	N
30	نماید	نماید	نمود#نما	نماید	V
31	.	.	.	.	PUNC

0	ردیت	رد	رد	ردیت	N
1	یک	یک	یک	یک	NUM
2	وب‌گاه	وب‌گاه	وب‌گاه	وب|گاه	N
3	برای	برا	برای	برای	Pe
4	جمع‌آوری	جمع‌آور	جمع‌آوری	جمع|آوری	N
5	اخبار	اخبار	اخبار	اخبار	N
6	اجتماعی	اجتماع	اجتماع	اجتماعی	AJ
7	که	که	که	که	CONJ
8	در	در	در	در	P
9	آن	آن	آن	آن	PRO
10	کاربران	کاربر	کاربر	کاربران	N
11	ثبت‌نام	ثبت‌نا	ثبت‌نام	ثبت|نام	N
12	کرده	کرده	کرده	کرده	V
13	قادرند	قادرند	قادرند	قادرند	V
14	اخبار	اخبار	اخبار	اخبار	N
15	را	را	را	را	POSTP
16	در	در	در	در	P
17	قالب	قالب	قالب	قالب	N
18	لینک	لینک	لینک	لینک	N
19	یا	یا	یا	یا	CONJ
20	متن	متن	متن	متن	N
21	ارسال	ارسال	ارسال	ارسال	N
22	کنند	کنند	کرد#کن	کنند	V
23	و	و	و	و	CONJ
24	آن	آن	آن	آن	PRO
25	را	را	را	را	POSTP
26	با	با	با	با	P
27	دیگران	دیگر	دیگر	دیگران	PRO
28	به	به	به	به	P
29	اشتراک	اشتراک	اشتراک	اشتراک	N
30	بگذارند	بگذارند	گذاشت#گذار	بگذارند	V
31	.	.	.	.	PUNC

0	کاربران	کاربر	کاربر	کاربران	N
1	می‌توانند	می‌توانند	توانست#توان	می|توانند	V
2	به	به	به	به	P
3	پست	پس	پست	پست	N
4	یا	یا	یا	یا	CONJ
5	گزارش‌های	گزارش	گزارش	گزارش|های	N
6	نوشته	نوشته	نوشته	نوشته	Ne
7	شده	شده	شده	شده	V
8	رأی	رأ	رأی	رأی	N
9	دهند	دهند	داد#ده	دهند	V
10	و	و	و	و	CONJ
11	جایگاه	جایگاه	جایگاه	جایگاه	N
12	آن	آن	آن	آن	PRO
13	خبر	خبر	خبر	خبر	N
14	را	را	را	را	POSTP
15	در	در	در	در	P
16	صفحات	صفح	صفحات	صفحات	N
17	ردیت	رد	رد	ردیت	N
18	و	و	و	و	CONJ
19	صفحهٔ	صفحه	صفحه	صفحهٔ	N
20	اصلی	اصل	اصل	اصلی	AJ
21	مشخص	مشخص	مشخص	مشخص	AJ
22	کنند	کنند	کرد#کن	کنند	V
23	.	.	.	.	PUNC

0	در	در	در	در	P
1	واقع	واقع	واقع	واقع	N
2	کاربران	کاربر	کاربر	کاربران	N
3	هستند	هستند	#هست	هستند	V
4	که	که	که	که	CONJ
5	در	در	در	در	P
6	ردیت	رد	رد	ردیت	N
7	اهمیت	اهم	اهمیت	اهمیت	N
8	خبر	خبر	خبر	خبر	N
9	را	را	را	را	POSTP
10	تعیین	تعیین	تعیین	تعیین	Ne
11	می‌کنند	می‌کنند	کرد#کن	می|کنند	V
12	.	.	.	.	PUNC

0	این	این	این	این	PRO
1	وب‌گاه	وب‌گاه	وب‌گاه	وب|گاه	N
2	در	در	در	در	P
3	سال	سال	سال	سال	N
4	۲۰۰۵	۲۰۰۵	۲۰۰۵	۲۰۰۵	NUM
5	توسط	توسط	توسط	توسط	Pe
6	استیو	استیو	استیو	استیو	N
7	هافمن	هافمن	هافمن	هافمن	N
8	و	و	و	و	CONJ
9	الکسیس	الکسیس	الکسیس	الکسیس	N
10	اوهانیان	اوهان	اوهانیان	اوهانیان	N
11	که	که	که	که	CONJ
12	هر	هر	هر	هر	DET
13	دو	دو	دو	دو	NUM
14	دانش	دان	دانش	دانش	N
15	آموختهٔ	آموخته	آموخته	آموختهٔ	N
16	دانشگاه	دانشگاه	دانشگاه	دانشگاه	N
17	ویرجینیا	ویرجینیا	ویرجینیا	ویرجینیا	N
18	هستند	هستند	#هست	هستند	V
19	تأسیس	تأسیس	تأسیس	تأسیس	N
20	شد	شد	شد#شو	شد	V
21	.	.	.	.	PUNC

0	دفتر	دف	دفتر	دفتر	N
1	مرکزی	مرکز	مرکزی	مرکزی	AJ
2	ردیت	رد	رد	ردیت	N
3	در	در	در	در	P
4	سانفرانسیسکو	سانفرانسیسکو	سانفرانسیسکو	سانفرانسیسکو	N
5	،	،	،	،	PUNC
6	کالیفرنیا	کالیفرنیا	کالیفرنیا	کالیفرنیا	N
7	در	در	در	در	P
8	ایالات	ایال	ایالات	ایالات	N
9	متحده	متحده	متحده	متحده	AJ
10	آمریکا	آمریکا	آمریکا	آمریکا	N
11	است	اس	#است	است	V
12	.	.	.	.	PUNC

0	درخشش	درخش	درخشش	درخشش	N
1	یا	یا	یا	یا	CONJ
2	تلألو	تلألو	تلألو	تلألو	N
3	(	(	(	(	PUNC
4	به	به	به	به	P
5	انگلیسی	انگلیس	انگلیسی	انگلیسی	N
6	:	:	:	:	PUNC
7	The	The	The	The	RES
8	Shining	Shining	Shining	Shining	RES
9	)	)	)	)	PUNC
10	فیلمی	فیلم	فیلم	فیلمی	N
11	در	در	در	در	P
12	سبک	سبک	سبک	سبک	N
13	ترسناک	ترسناک	ترسناک	ترسناک	AJ
14	روانشناسانه	روانشناسانه	روانشناسانه	روانشناسانه	AJ
15	محصول	محصول	محصول	محصول	N
16	آمریکا	آمریکا	آمریکا	آمریکا	N
17	و	و	و	و	CONJ
18	بریتانیا	بریتانیا	بریتانیا	بریتانیا	N
19	به	به	به	به	P
20	کارگردانی	کارگردان	کارگردان	کارگردانی	N
21	و	و	و	و	CONJ
22	تهیه‌کنندگی	تهیه‌کنندگ	تهیه‌کنندگی	تهیه|کنندگی	Ne
23	استنلی	استنل	استنلی	استنلی	N
24	کوبریک	کوبریک	کوبریک	کوبریک	N
25	است	اس	#است	است	V
26	که	که	که	که	CONJ
27	در	در	در	در	P
28	سال	سال	سال	سال	N
29	۱۹۸۰	۱۹۸۰	۱۹۸۰	۱۹۸۰	NUM
30	منتشر	منتشر	منتشر	منتشر	AJ
31	شد	شد	شد#شو	شد	V
32	.	.	.	.	PUNC

0	فیلم‌نامه	فیلم‌نامه	فیلم‌نامه	فیلم|نامه	N
1	این	این	این	این	PRO
2	کار	کار	کار	کار	N
3	را	را	را	را	POSTP
4	کوبریک	کوبریک	کوبریک	کوبریک	N
5	و	و	و	و	CONJ
6	دایان	دا	دایان	دایان	N
7	جانسون	جانسون	جانسون	جانسون	N
8	،	،	،	،	PUNC
9	رمان‌نویس	رمان‌نویس	رمان‌نویس	رمان|نویس	N
10	زاده	زاده	زاده	زاده	N
11	آمریکا	آمریکا	آمریکا	آمریکا	N
12	نوشتند	نوشتند	نوشت#نویس	نوشتند	V
13	.	.	.	.	PUNC

0	در	در	در	در	P
1	این	این	این	این	PRO
2	فیلم	فیل	فیلم	فیلم	N
3	هنرپیشگانی	هنرپیشگان	هنرپیشگانی	هنرپیشگانی	N
4	همچون	همچون	همچون	همچون	ADV
5	جک	جک	جک	جک	N
6	نیکلسون	نیکلسون	نیکلسون	نیکلسون	N
7	،	،	،	،	PUNC
8	شلی	شل	شل	شلی	N
9	دووال	دووال	دووال	دووال	N
10	و	و	و	و	CONJ
11	دنی	دن	دنی	دنی	N
12	لوید	لوید	لوید	لوید	N
13	به	به	به	به	P
14	ایفای	ایفا	ایفا	ایفای	Ne
15	نقش	نق	نقش	نقش	N
16	پرداخته‌اند	پرداخته‌اند	پرداخت#پرداز	پرداخته|اند	V
17	.	.	.	.	PUNC

0	درخشش	درخش	درخشش	درخشش	N
1	تنها	تن	تنها	تنها	ADV
2	فیلم	فیل	فیلم	فیلم	N
3	کوبریک	کوبریک	کوبریک	کوبریک	N
4	در	در	در	در	P
5	ژانر	ژانر	ژانر	ژانر	N
6	وحشت	وح	وحشت	وحشت	N
7	محسوب	محسوب	محسوب	محسوب	AJ
8	می‌شود	می‌شود	شد#شو	می|شود	V
9	.	.	.	.	PUNC

0	فیلم	فیل	فیلم	فیلم	N
1	بر	بر	بر	بر	P
2	اساس	اساس	اساس	اساس	N
3	داستانی	داستان	داستان	داستانی	N
4	به	به	به	به	P
5	همین	همین	همین	همین	PRO
6	نام	نا	نام	نام	Ne
7	از	از	از	از	P
8	استیون	استیون	استیون	استیون	N
9	کینگ	کینگ	کینگ	کینگ	N
10	ساخته_شد	ساخته_شد	ساخت#ساز	ساخته_شد	V
11	.	.	.	.	PUNC

0	جک	جک	جک	جک	N
1	نیکلسون	نیکلسون	نیکلسون	نیکلسون	N
2	در	در	در	در	P
3	معروف‌ترین	معروف	معروف	معروف|ترین	N
4	سکانس	سکانس	سکانس	سکانس	N
5	فیلم	فیل	فیلم	فیلم	N
6	برداشتهای	برداشت	برداشت	برداشتهای	Ne
7	مکرر	مکرر	مکرر	مکرر	ADV
8	کوبریک	کوبریک	کوبریک	کوبریک	N
9	در	در	در	در	P
10	حین	حین	حین	حین	Ne
11	این	این	این	این	PRO
12	فیلم	فیل	فیلم	فیلم	N
13	یکی	یک	یک	یکی	NUM
14	از	از	از	از	P
15	ضرب‌المثلهای	ضرب‌المثل	ضرب‌المثل	ضرب|المثلهای	N
16	صنعت	صنع	صنعت	صنعت	N
17	فیلمسازی	فیلمساز	فیلمسازی	فیلمسازی	N
18	شده‌است	شده‌اس	شده‌است	شده|است	N
19	.	.	.	.	PUNC

0	او	او	او	او	PRO
1	۱۲۷	۱۲۷	۱۲۷	۱۲۷	NUM
2	مرتبه	مرتبه	مرتبه	مرتبه	N
3	از	از	از	از	P
4	شلی	شل	شل	شلی	N
5	دووال	دووال	دووال	دووال	N
6	برای	برا	برای	برای	Pe
7	یکی	یک	یک	یکی	NUM
8	از	از	از	از	P
9	سکانسهای	سکانس	سکانسهای	سکانسهای	N
10	فیلم	فیل	فیلم	فیلم	N
11	فیلمبرداری	فیلمبردار	فیلمبرداری	فیلمبرداری	N
12	کرد	کرد	کرد#کن	کرد	V
13	.	.	.	.	PUNC

0	عصبیت	عصب	عصبیت	عصبیت	N
1	شلی	شل	شل	شلی	N
2	دووال	دووال	دووال	دووال	N
3	در	در	در	در	P
4	فیلم	فیل	فیلم	فیلم	N
5	به	به	به	به	P
6	خوبی	خوب	خوبی	خوبی	AJ
7	مشهود	مشهود	مشهود	مشهود	AJ
8	است	اس	#است	است	V
9	اسکتمن	اسکتمن	اسکتمن	اسکتمن	N
10	کراترز	کراترز	کراترز	کراترز	N
11	به	به	به	به	P
12	نقش	نق	نقش	نقش	N
13	آشپز	آشپز	آشپز	آشپز	N
14	سیاه‌پوست	سیاه‌پوس	سیاه‌پوست	سیاه|پوست	AJ
15	هتل	هتل	هتل	هتل	N
16	مجبور	مجبور	مجبور	مجبور	AJ
17	شد	شد	شد#شو	شد	V
18	۴۰	۴۰	۴۰	۴۰	NUM
19	بار	بار	بار	بار	N
20	صحنه	صحنه	صحنه	صحنه	N
21	درگیری	درگیر	درگیری	درگیری	N
22	با	با	با	با	P
23	تبر	تبر	تبر	تبر	N
24	را	را	را	را	POSTP
25	بازی	باز	بازی	بازی	N
26	کند	کند	کند	کند	V
27	و	و	و	و	CONJ
28	نهایتا	نهایتا	نهایتا	نهایتا	ADV
29	دچار	دچار	دچار	دچار	AJe
30	فروپاشی	فروپاش	فروپاش	فروپاشی	N
31	عصبی	عصب	عصبی	عصبی	AJ
32	شده	شده	شده	شده	V
33	و	و	و	و	CONJ
34	با	با	با	با	P
35	گریه	گریه	گریه	گریه	N
36	به	به	به	به	P
37	کوبریک	کوبریک	کوبریک	کوبریک	N
38	گفت	گف	گفت#گو	گفت	V
39	:	:	:	:	PUNC
40	«	«	«	«	PUNC
41	آقای	آقا	آقا	آقای	Ne
42	کوبریک	کوبریک	کوبریک	کوبریک	N
43	آخه	آخه	آخه	آخه	ADV
44	چی	چ	چی	چی	ADV
45	از	از	از	از	P
46	جونم	جون	جونم	جونم	N
47	میخواین	میخواین	میخواین	میخواین	N
48	؟	؟	؟	؟	PUNC
49	»	»	»	»	PUNC
50	اما	اما	اما	اما	CONJ
51	کوبریک	کوبریک	کوبریک	کوبریک	N
52	سکانس	سکانس	سکانس	سکانس	N
53	خروج	خروج	خروج	خروج	N
54	و	و	و	و	CONJ
55	فوران	فور	فوران	فوران	N
56	خون	خون	خون	خون	N
57	از	از	از	از	P
58	درون	درون	درون	درون	N
59	آسانسور	آسانسور	آسانسور	آسانسور	N
60	هتل	هتل	هتل	هتل	N
61	اورلووک	اورلووک	اورلووک	اورلووک	N
62	را	را	را	را	POSTP
63	تنها	تن	تنها	تنها	ADV
64	سه	سه	سه	سه	NUM
65	مرتبه	مرتبه	مرتبه	مرتبه	N
66	تکرار	تکرار	تکرار	تکرار	N
67	کردو	کردو	کردو	کردو	N
68	علت	عل	علت	علت	Ne
69	به	به	به	به	P
70	سختی	سخت	سختی	سختی	N
71	تکرار	تکرار	تکرار	تکرار	N
72	این	این	این	این	PRO
73	صحنه	صحنه	صحنه	صحنه	N
74	بازمی‌گشت	بازمی‌گ	بازمی‌گشت	بازمی|گشت	V
75	که	که	که	که	CONJ
76	هر	هر	هر	هر	DET
77	بار	بار	بار	بار	N
78	آماده	آماده	آماده	آماده	AJ
79	کردن	کردن	کردن	کردن	N
80	آن	آن	آن	آن	PRO
81	۹	۹	۹	۹	NUM
82	ساعت	ساع	ساعت	ساعت	N
83	طول	طول	طول	طول	N
84	می‌کشید	می‌کشید	کشید#کش	می|کشید	V
85	!	!	!	!	PUNC

0	اما	اما	اما	اما	CONJ
1	کوبریک	کوبریک	کوبریک	کوبریک	N
2	پس	پس	پس	پس	P
3	از	از	از	از	P
4	تماشای	تماشا	تماشا	تماشای	Ne
5	سکانس	سکانس	سکانس	سکانس	N
6	می‌گفت	می‌گف	گفت#گو	می|گفت	V
7	:	:	:	:	PUNC
8	«	«	«	«	PUNC
9	نه	نه	نه	نه	ADV
10	شبیه	شبیه	شبیه	شبیه	AJ
11	خون	خون	خون	خون	N
12	واقعی	واقع	واقعی	واقعی	AJ
13	نشد	نشد	شد#شو	نشد	V
14	.	.	.	.	PUNC
15	»	»	»	»	PUNC
16	نکته	نکته	نکته	نکته	N
17	جالب	جالب	جالب	جالب	AJ
18	در	در	در	در	P
19	مورد	مورد	مورد	مورد	Ne
20	این	این	این	این	PRO
21	صحنه	صحنه	صحنه	صحنه	N
22	این	این	این	این	PRO
23	بود	بود	بود#باش	بود	V
24	که	که	که	که	CONJ
25	اداره	اداره	اداره	اداره	N
26	سانسور	سانسور	سانسور	سانسور	N
27	انگلستان	انگلس	انگلستان	انگلستان	N
28	از	از	از	از	P
29	وفور	وفور	وفور	وفور	N
30	این	این	این	این	PRO
31	همه	همه	همه	همه	PRO
32	خون	خون	خون	خون	N
33	در	در	در	در	P
34	یک	یک	یک	یک	NUM
35	سکانس	سکانس	سکانس	سکانس	N
36	به	به	به	به	P
37	تنگ	تنگ	تنگ	تنگ	AJ
38	آمده	آمده	آمده	آمده	V
39	و	و	و	و	CONJ
40	درجه	درجه	درجه	درجه	N
41	فیلم	فیل	فیلم	فیلم	N
42	را	را	را	را	POSTP
43	فقط	فقط	فقط	فقط	ADV
44	برای	برا	برای	برای	Pe
45	بزرگسالان	بزرگسال	بزرگسالان	بزرگسالان	N
46	اعلام	اعلا	اعلام	اعلام	Ne
47	نموده_بود	نموده_بود	نمود#نما	نموده_بود	V
48	اما	اما	اما	اما	CONJ
49	گویا	گویا	گویا	گویا	ADV
50	کوبریک	کوبریک	کوبریک	کوبریک	N
51	با	با	با	با	P
52	زیرکی	زیرک	زیرک	زیرکی	N
53	آنها	آن	آن	آنها	PRO
54	را	را	را	را	POSTP
55	قانع	قانع	قانع	قانع	AJ
56	کرد	کرد	کرد#کن	کرد	V
57	که	که	که	که	CONJ
58	این	این	این	این	PRO
59	مایع	مایع	مایع	مایع	N
60	لزج	لزج	لزج	لزج	N
61	،	،	،	،	PUNC
62	خون	خون	خون	خون	N
63	نبوده	نبوده	بود#باش	نبوده	V
64	بلکه	بلکه	بلکه	بلکه	CONJ
65	«	«	«	«	PUNC
66	فاضلاب	فاضلاب	فاضلاب	فاضلاب	N
67	»	»	»	»	PUNC
68	است	اس	#است	است	V
69	.	.	.	.	PUNC

0	بازیگر	بازیگر	بازیگر	بازیگر	N
1	نقش	نق	نقش	نقش	N
2	بچه	بچه	بچه	بچه	N
3	فیلم	فیل	فیلم	فیلم	N
4	تا	تا	تا	تا	P
5	۱۲	۱۲	۱۲	۱۲	NUM
6	سالگی	سالگ	سالگی	سالگی	RES
7	نفهمید	نفهمید	فهمید#فهم	نفهمید	V
8	که	که	که	که	CONJ
9	در	در	در	در	P
10	فیلمی	فیلم	فیلم	فیلمی	N
11	ترسناک	ترسناک	ترسناک	ترسناک	AJ
12	بازی	باز	بازی	بازی	N
13	کرده‌است	کرده‌اس	کرده‌است	کرده|است	N
14	.	.	.	.	PUNC

0	در	در	در	در	P
1	صورتی	صورت	صورت	صورتی	N
2	که	که	که	که	CONJ
3	در	در	در	در	P
4	۷	۷	۷	۷	NUM
5	سالگی	سالگ	سالگی	سالگی	RES
6	این	این	این	این	PRO
7	نقش	نق	نقش	نقش	N
8	را	را	را	را	POSTP
9	بازی	باز	بازی	بازی	N
10	کرده_بود	کرده_بود	کرد#کن	کرده_بود	V
11	.	.	.	.	PUNC

0	کوبریک	کوبریک	کوبریک	کوبریک	N
1	حس	حس	حس	حس	N
2	مسئولیت	مسئول	مسئولیت	مسئولیت	N
3	شدیدی	شدید	شدید	شدیدی	AJ
4	در	در	در	در	P
5	این	این	این	این	PRO
6	خصوص	خصوص	خصوص	خصوص	N
7	احساس	احساس	احساس	احساس	Ne
8	می‌کرد	می‌کرد	کرد#کن	می|کرد	V
9	و	و	و	و	CONJ
10	بدین	بدین	بدین	بدین	P
11	لحاظ	لحاظ	لحاظ	لحاظ	N
12	این	این	این	این	PRO
13	امر	امر	امر	امر	N
14	را	را	را	را	POSTP
15	از	از	از	از	P
16	کودک	کودک	کودک	کودک	N
17	هنرمند	هنرمند	هنرمند	هنرمند	N
18	پنهان	پنه	پنهان	پنهان	AJ
19	نگاهداشت	نگاهدا	نگاهداشت	نگاهداشت	V
20	تا	تا	تا	تا	P
21	به	به	به	به	P
22	روحیه	روحیه	روحیه	روحیه	N
23	او	او	او	او	PRO
24	لطمه‌ای	لطمه	لطمه	لطمه|ای	N
25	وارد	وارد	وارد	وارد	N
26	نگردد	نگردد	گشت#گرد	نگردد	V
27	.	.	.	.	PUNC

0	حتی	حت	حتی	حتی	ADV
1	بار	بار	بار	بار	N
2	نخستی	نخست	نخست	نخستی	N
3	که	که	که	که	CONJ
4	دنی	دن	دنی	دنی	N
5	لوید	لوید	لوید	لوید	N
6	این	این	این	این	PRO
7	فیلم	فیل	فیلم	فیلم	N
8	را	را	را	را	POSTP
9	واقعا	واقعا	واقعا	واقعا	ADV
10	تماشا	تماشا	تماشا	تماشا	N
11	کرد	کرد	کرد#کن	کرد	V
12	با	با	با	با	P
13	خود	خود	خود	خود	PRO
14	استنلی	استنل	استنلی	استنلی	N
15	کوبریک	کوبریک	کوبریک	کوبریک	N
16	بود	بود	بود#باش	بود	V
17	.	.	.	.	PUNC

0	زلاتان	زلا	زلاتان	زلاتان	N
1	برای	برا	برای	برای	Pe
2	اولین	اولین	اولین	اولین	NUM
3	بار	بار	بار	بار	N
4	در	در	در	در	P
5	سال	سال	سال	سال	N
6	۱۹۹۶	۱۹۹۶	۱۹۹۶	۱۹۹۶	NUM
7	با	با	با	با	P
8	مالمو	مالمو	مالمو	مالمو	N
9	قرارداد	قرارداد	قرارداد	قرارداد	N
10	بست	بس	بست#بند	بست	N
11	و	و	و	و	CONJ
12	در	در	در	در	P
13	سال	سال	سال	سال	N
14	۱۹۹۹	۱۹۹۹	۱۹۹۹	۱۹۹۹	NUM
15	در	در	در	در	P
16	ترکیب	ترکیب	ترکیب	ترکیب	N
17	تیم	ت	تیم	تیم	N
18	اول	اول	اول	اول	NUM
19	این	این	این	این	PRO
20	تیم	ت	تیم	تیم	N
21	در	در	در	در	P
22	لیگ	لیگ	لیگ	لیگ	N
23	اول	اول	اول	اول	NUM
24	سوئد	سوئد	سوئد	سوئد	N
25	قرار	قرار	قرار	قرار	N
26	گرفت	گرف	گرفت#گیر	گرفت	V
27	که	که	که	که	CONJ
28	در	در	در	در	P
29	این	این	این	این	PRO
30	سال	سال	سال	سال	N
31	این	این	این	این	PRO
32	تیم	ت	تیم	تیم	N
33	با	با	با	با	P
34	رتبه	رتبه	رتبه	رتبه	N
35	سیزدهم	سیزده	سیزدهم	سیزدهم	NUM
36	به	به	به	به	P
37	لیگ	لیگ	لیگ	لیگ	N
38	دوم	دو	دوم	دوم	NUM
39	سقوط	سقوط	سقوط	سقوط	N
40	کرد	کرد	کرد#کن	کرد	V
41	ولی	ول	ولی	ولی	CONJ
42	فصل	فصل	فصل	فصل	N
43	بعد	بعد	بعد	بعد	P
44	به	به	به	به	P
45	لیگ	لیگ	لیگ	لیگ	N
46	اول	اول	اول	اول	NUM
47	بازگشت	بازگ	بازگشت	بازگشت	N
48	.	.	.	.	PUNC

0	پیش	پ	پیش	پیش	ADV
1	از	از	از	از	P
2	آن‌که	آن‌که	آن‌که	آن|که	CONJ
3	لئو	لئو	لئو	لئو	N
4	بینهاکر	بینهاکر	بینهاکر	بینهاکر	N
5	سرمربی	سرمرب	سرمربی	سرمربی	N
6	آژاکس	آژاکس	آژاکس	آژاکس	N
7	علاقه	علاقه	علاقه	علاقه	N
8	خود	خود	خود	خود	PRO
9	را	را	را	را	POSTP
10	برای	برا	برای	برای	Pe
11	جذب	جذب	جذب	جذب	N
12	این	این	این	این	PRO
13	بازیکن	بازیکن	بازیکن	بازیکن	N
14	نشان	ن	نشان	نشان	N
15	دهد	دهد	داد#ده	دهد	V
16	این	این	این	این	PRO
17	آرسن	آرسن	آرسن	آرسن	N
18	ونگر	ونگر	ونگر	ونگر	N
19	بود	بود	بود#باش	بود	V
20	که	که	که	که	CONJ
21	زلاتان	زلا	زلاتان	زلاتان	N
22	را	را	را	را	POSTP
23	کشف	کشف	کشف	کشف	N
24	کرد	کرد	کرد#کن	کرد	V
25	اما	اما	اما	اما	CONJ
26	طی	ط	طی	طی	N
27	تلاشی	تلاش	تلاش	تلاشی	N
28	ناموفق	ناموفق	ناموفق	ناموفق	AJ
29	برای	برا	برای	برای	Pe
30	انتقال	انتقال	انتقال	انتقال	N
31	وی	و	وی	وی	PRO
32	به	به	به	به	P
33	آرسنال	آرسنال	آرسنال	آرسنال	N
34	ابراهیموویچ	ابراهیموویچ	ابراهیموویچ	ابراهیموویچ	N
35	به	به	به	به	P
36	آژاکس	آژاکس	آژاکس	آژاکس	N
37	پیوست	پیوس	پیوست	پیوست	V
38	.	.	.	.	PUNC

0	در	در	در	در	P
1	۲۲	۲۲	۲۲	۲۲	NUM
2	مارس	مارس	مارس	مارس	N
3	۲۰۰۱	۲۰۰۱	۲۰۰۱	۲۰۰۱	NUM
4	ابراهیموویچ	ابراهیموویچ	ابراهیموویچ	ابراهیموویچ	N
5	با	با	با	با	P
6	قرار	قرار	قرار	قرار	N
7	دادی	داد	داد#ده	دادی	N
8	معادل	معادل	معادل	معادل	AJ
9	۸۰	۸۰	۸۰	۸۰	NUM
10	میلیون	میلیون	میلیون	میلیون	NUM
11	کرون	کرون	کرون	کرون	N
12	سوئد	سوئد	سوئد	سوئد	N
13	به	به	به	به	P
14	آژاکس	آژاکس	آژاکس	آژاکس	N
15	پیوست	پیوس	پیوست	پیوست	V
16	.	.	.	.	PUNC

0	«	«	«	«	PUNC
1	قدرت	قدر	قدرت	قدرت	N
2	فقط	فقط	فقط	فقط	ADV
3	نصیب	نصیب	نصیب	نصیب	N
4	کسانی	کسان	کسانی	کسانی	N
5	می‌شود	می‌شود	شد#شو	می|شود	V
6	که	که	که	که	CONJ
7	جرات	جر	جر	جرات	Ne
8	کنند	کنند	کرد#کن	کنند	V
9	خم	خ	خم	خم	N
10	شوند	شوند	شد#شو	شوند	V
11	و	و	و	و	CONJ
12	آن	آن	آن	آن	PRO
13	را	را	را	را	POSTP
14	به	به	به	به	P
15	دقت	دق	دقت	دقت	N
16	بگیرند	بگیرند	گرفت#گیر	بگیرند	V
17	.	.	.	.	PUNC

0	فقط	فقط	فقط	فقط	ADV
1	یک	یک	یک	یک	NUM
2	چیز	چیز	چیز	چیز	N
3	مهم	مه	مهم	مهم	AJ
4	است	اس	#است	است	V
5	:	:	:	:	PUNC
6	باید	باید	باید	باید	V
7	فقط	فقط	فقط	فقط	ADV
8	جرات	جر	جر	جرات	Ne
9	داشت	دا	داشت	داشت	V
10	.	.	.	.	PUNC

0	لازم	لاز	لازم	لازم	AJ
1	بود	بود	بود#باش	بود	V
2	بدانم	بدان	دانست#دان	بدانم	V
3	که	که	که	که	CONJ
4	آیا	آیا	آیا	آیا	ADV
5	من	من	من	من	PRO
6	هم	ه	هم	هم	CONJ
7	مانند	مانند	مانند	مانند	ADVe
8	همهٔ	همه	همه	همهٔ	N
9	مردم	مرد	مردم	مردم	N
10	شپش	شپ	شپش	شپش	N
11	هستم	هس	#هست	هستم	V
12	یا	یا	یا	یا	CONJ
13	انسانم	انسان	انسان	انسانم	N
14	؟	؟	؟	؟	PUNC

0	آیا	آیا	آیا	آیا	ADV
1	من	من	من	من	PRO
2	می‌توانم	می‌توان	توانست#توان	می|توانم	V
3	از	از	از	از	P
4	حد	حد	حد	حد	N
5	معین	معین	معین	معین	N
6	تجاوز	تجاوز	تجاوز	تجاوز	N
7	کنم	کن	کرد#کن	کنم	V
8	،	،	،	،	PUNC
9	یا	یا	یا	یا	CONJ
10	نمی‌توانم	نمی‌توان	توانست#توان	نمی|توانم	V
11	؟	؟	؟	؟	PUNC

0	آیا	آیا	آیا	آیا	ADV
1	جسارت	جسار	جسارت	جسارت	N
2	این	این	این	این	PRO
3	را	را	را	را	POSTP
4	دارم	دار	داشت#دار	دارم	V
5	که	که	که	که	CONJ
6	خم	خ	خم	خم	N
7	شوم	شو	شوم	شوم	V
8	و	و	و	و	CONJ
9	آنچه	آنچه	آنچه	آنچه	PRO
10	را	را	را	را	POSTP
11	می‌خواهم	می‌خواه	خواست#خواه	می|خواهم	V
12	،	،	،	،	PUNC
13	بردارم	بردار	بردار	بردارم	N
14	یا	یا	یا	یا	CONJ
15	نه	نه	نه	نه	ADV
16	.	.	.	.	PUNC

0	آیا	آیا	آیا	آیا	ADV
1	موجودی	موجود	موجود	موجودی	N
2	ترسو	ترسو	ترسو	ترسو	AJ
3	و	و	و	و	CONJ
4	بزدلم	بزدل	بزدل	بزدلم	N
5	یا	یا	یا	یا	CONJ
6	صاحب	صاحب	صاحب	صاحب	N
7	حق	حق	حق	حق	N
8	و	و	و	و	CONJ
9	اختیار	اختیار	اختیار	اختیار	N
10	هستم	هس	#هست	هستم	V
11	؟	؟	؟	؟	PUNC
12	»	»	»	»	PUNC
13	«	«	«	«	PUNC
14	قابل	قابل	قابل	قابل	AJe
15	توجه	توجه	توجه	توجه	N
16	است	اس	#است	است	V
17	که	که	که	که	CONJ
18	بیشتر	ب	بیشتر	بیشتر	AJ
19	اشخاص	اشخاص	اشخاص	اشخاص	N
20	نیکوکار	نیکوکار	نیکوکار	نیکوکار	AJ
21	و	و	و	و	CONJ
22	بنیانگذار	بنیانگذار	بنیانگذار	بنیانگذار	N
23	اصول	اصول	اصول	اصول	N
24	انسانیت	انسان	انسانیت	انسانیت	N
25	،	،	،	،	PUNC
26	مردمانی	مردمان	مردمانی	مردمانی	N
27	بودند	بودند	بود#باش	بودند	V
28	بی‌نهایت	بی‌ن	بی‌نهایت	بی|نهایت	AJ
29	خونریز	خونریز	خونریز	خونریز	N
30	.	.	.	.	PUNC

0	همه	همه	همه	همه	PRO
1	،	،	،	،	PUNC
2	و	و	و	و	CONJ
3	نه	نه	نه	نه	ADV
4	اشخاص	اشخاص	اشخاص	اشخاص	N
5	بزرگ	بزرگ	بزرگ	بزرگ	AJ
6	،	،	،	،	PUNC
7	بلکه	بلکه	بلکه	بلکه	CONJ
8	حتی	حت	حتی	حتی	ADV
9	آن‌هایی	آن	آن	آن|هایی	PRO
10	که	که	که	که	CONJ
11	فقط	فقط	فقط	فقط	ADV
12	کمی	کم	کم	کمی	ADV
13	بیرون	بیرون	بیرون	بیرون	N
14	از	از	از	از	P
15	چهارچوب	چهارچوب	چهارچوب	چهارچوب	N
16	معمول	معمول	معمول	معمول	AJ
17	هستند	هستند	#هست	هستند	V
18	،	،	،	،	PUNC
19	یعنی	یعن	یعنی	یعنی	CONJ
20	حتی	حت	حتی	حتی	ADV
21	آن‌هایی	آن	آن	آن|هایی	PRO
22	که	که	که	که	CONJ
23	اندکی	اندک	اندک	اندکی	AJ
24	توانایی	توانا	توانایی	توانایی	Ne
25	گفتن	گفتن	گفتن	گفتن	N
26	سخن	سخن	سخن	سخن	N
27	نو	نو	نو	نو	AJ
28	را	را	را	را	POSTP
29	دارند	دارند	داشت#دار	دارند	V
30	،	،	،	،	PUNC
31	قاعدتا	قاعدتا	قاعدتا	قاعدتا	ADV
32	باید	باید	باید	باید	V
33	،	،	،	،	PUNC
34	بنا	بنا	بنا	بنا	N
35	بر	بر	بر	بر	P
36	طبیعت	طبیع	طبیعت	طبیعت	N
37	خود	خود	خود	خود	PRO
38	،	،	،	،	PUNC
39	کم	ک	کم	کم	AJ
40	و	و	و	و	CONJ
41	بیش	ب	بیش	بیش	AJ
42	متجاوز	متجاوز	متجاوز	متجاوز	N
43	باشند	باشند	بود#باش	باشند	V
44	.	.	.	.	PUNC

0	اگر	اگر	اگر	اگر	CONJ
1	جز	جز	جز	جز	P
2	این	این	این	این	PRO
3	باشد	باشد	بود#باش	باشد	V
4	مشکل	مشکل	مشکل	مشکل	N
5	است	اس	#است	است	V
6	آن‌ها	آن	آن	آن|ها	PRO
7	از	از	از	از	P
8	چهار	چهار	چهار	چهار	NUM
9	دیوار	دیوار	دیوار	دیوار	N
10	خود	خود	خود	خود	PRO
11	به	به	به	به	P
12	درآیند	درآیند	درآیند	درآیند	V
13	،	،	،	،	PUNC
14	و	و	و	و	CONJ
15	از	از	از	از	P
16	ماندن	ماندن	ماندن	ماندن	N
17	در	در	در	در	P
18	آن	آن	آن	آن	PRO
19	چهارچوب	چهارچوب	چهارچوب	چهارچوب	N
20	به	به	به	به	P
21	خاطر	خاطر	خاطر	خاطر	N
22	طبع	طبع	طبع	طبع	N
23	خود	خود	خود	خود	PRO
24	،	،	،	،	PUNC
25	نمی‌توانند	نمی‌توانند	توانست#توان	نمی|توانند	V
26	راضی	راض	راضی	راضی	AJ
27	باشند	باشند	بود#باش	باشند	V
28	.	.	.	.	PUNC
29	»	»	»	»	PUNC
30	«	«	«	«	PUNC
31	همه	همه	همه	همه	PRO
32	قاتلن	قاتلن	قاتلن	قاتلن	N
33	؛	؛	؛	؛	PUNC
34	همیشه	همیشه	همیشه	همیشه	ADV
35	زمین	زمین	زمین	زمین	N
36	جاری	جار	جاری	جاری	AJ
37	از	از	از	از	P
38	خون	خون	خون	خون	N
39	بوده	بوده	بوده	بوده	V
40	.	.	.	.	PUNC

0	روی	رو	روی	روی	N
1	زمین	زمین	زمین	زمین	N
2	کسایی	کسا	کسا	کسایی	N
3	که	که	که	که	CONJ
4	قتل	قتل	قتل	قتل	N
5	می‌کنن	می‌کنن	می‌کنن	می|کنن	V
6	بعدها	بعد	بعد	بعدها	ADV
7	صاحب	صاحب	صاحب	صاحب	N
8	بزرگ‌ترین	بزرگ	بزرگ	بزرگ|ترین	N
9	افتخارها	افتخار	افتخار	افتخارها	N
10	شدن	شدن	شدن	شدن	N
11	.	.	.	.	PUNC

0	من	من	من	من	PRO
1	فقط	فقط	فقط	فقط	ADV
2	می‌خواستم	می‌خواس	خواست#خواه	می|خواستم	V
3	به	به	به	به	P
4	مردم	مرد	مردم	مردم	N
5	خوبی	خوب	خوبی	خوبی	AJ
6	کنم	کن	کرد#کن	کنم	V
7	.	.	.	.	PUNC

0	کشتن	کشتن	کشتن	کشتن	N
1	یک	یک	یک	یک	NUM
2	پیرزن	پیرزن	پیرزن	پیرزن	N
3	رباخوار	رباخوار	رباخوار	رباخوار	N
4	و	و	و	و	CONJ
5	از	از	از	از	P
6	بین	بین	بین	بین	N
7	بردن	بردن	بردن	بردن	N
8	یک	یک	یک	یک	NUM
9	حشرهٔ	حشره	حشره	حشرهٔ	N
10	کثیف	کثیف	کثیف	کثیف	AJ
11	،	،	،	،	PUNC
12	کجاش	کجا	کجا	کجاش	N
13	جنایته	جنایته	جنایته	جنایته	N
14	؟	؟	؟	؟	PUNC
15	»	»	»	»	PUNC
16	«	«	«	«	PUNC
17	همه	همه	همه	همه	PRO
18	چیزم	چیز	چیز	چیزم	N
19	را	را	را	را	POSTP
20	باخته_بودم	باخته_بود	باخت#باز	باخته_بودم	V
21	.	.	.	.	PUNC

0	همه	همه	همه	همه	PRO
1	چیزم	چیز	چیز	چیزم	N
2	را	را	را	را	POSTP
3	!	!	!	!	PUNC

0	از	از	از	از	P
1	کازینو	کازینو	کازینو	کازینو	N
2	بیرون	بیرون	بیرون	بیرون	N
3	آمدم	آمد	آمد#آ	آمدم	V
4	.	.	.	.	PUNC

0	آن	آن	آن	آن	PRO
1	وقت	وق	وقت	وقت	N
2	دیدم	دید	دید#بین	دیدم	V
3	یک	یک	یک	یک	NUM
4	گولدن	گولدن	گولدن	گولدن	N
5	ته	ته	ته	ته	N
6	جیب	جیب	جیب	جیب	N
7	جلیقه‌ام	جلیقه	جلیقه	جلیقه|ام	N
8	مانده	مانده	مانده	مانده	Ne
9	.	.	.	.	PUNC

0	گفتم	گف	گفت#گو	گفتم	V
1	:	:	:	:	PUNC
2	«	«	«	«	PUNC
3	آه	آه	آه	آه	N
4	پس	پس	پس	پس	P
5	هنوز	هنوز	هنوز	هنوز	ADV
6	می‌توانم	می‌توان	توانست#توان	می|توانم	V
7	غذایی	غذا	غذا	غذایی	AJ
8	بخورم	بخور	خورد#خور	بخورم	V
9	!	!	!	!	PUNC
10	»	»	»	»	PUNC
11	اما	اما	اما	اما	CONJ
12	صد	صد	صد	صد	NUM
13	قدم	قد	قدم	قدم	N
14	نرفته_بودم	نرفته_بود	رفت#رو	نرفته_بودم	V
15	که	که	که	که	CONJ
16	تصمیمم	تصمیم	تصمیم	تصمیمم	N
17	عوض	عوض	عوض	عوض	N
18	شد	شد	شد#شو	شد	V
19	.	.	.	.	PUNC

0	برگشتم	برگ	برگ	برگشتم	V
1	و	و	و	و	CONJ
2	یک	یک	یک	یک	NUM
3	گولدن	گولدن	گولدن	گولدن	N
4	را	را	را	را	POSTP
5	روی	رو	روی	روی	N
6	مانک	مانک	مانک	مانک	N
7	گذاشتم	گذا	گذاشت#گذار	گذاشتم	V
8	(	(	(	(	PUNC
9	بله	بله	بله	بله	RES
10	خوب	خوب	خوب	خوب	ADV
11	به	به	به	به	P
12	یاد	یاد	یاد	یاد	N
13	دارم	دار	داشت#دار	دارم	V
14	.	.	.	.	PUNC

0	روی	رو	روی	روی	N
1	مانک	مانک	مانک	مانک	N
2	)	)	)	)	PUNC
3	و	و	و	و	CONJ
4	جدا	جدا	جدا	جدا	AJ
5	وقتی	وقت	وقت	وقتی	N
6	آدم	آد	آدم	آدم	N
7	در	در	در	در	P
8	کشوری	کشور	کشور	کشوری	N
9	بیگانه	بیگانه	بیگانه	بیگانه	N
10	دور	دور	دور	دور	N
11	از	از	از	از	P
12	وطن	وطن	وطن	وطن	N
13	و	و	و	و	CONJ
14	کس	کس	کس	کس	N
15	و	و	و	و	CONJ
16	کارش	کار	کار	کارش	N
17	تنهاست	تنهاس	تنهاست	تنهاست	V
18	و	و	و	و	CONJ
19	نمی‌داند	نمی‌داند	دانست#دان	نمی|داند	V
20	که	که	که	که	CONJ
21	همان	ه	همان	همان	DET
22	روز	روز	روز	روز	N
23	چه	چه	چه	چه	N
24	خواهد_خورد	خواهد_خورد	خورد#خور	خواهد_خورد	V
25	و	و	و	و	CONJ
26	می‌خواهد	می‌خواهد	خواست#خواه	می|خواهد	V
27	آخرین	آخرین	آخرین	آخرین	NUM
28	گولدن	گولدن	گولدن	گولدن	N
29	خود	خود	خود	خود	PRO
30	را	را	را	را	POSTP
31	آخرینش	آخرین	آخرین	آخرینش	NUM
32	را	را	را	را	POSTP
33	به	به	به	به	P
34	خطر	خطر	خطر	خطر	N
35	اندازد	اندازد	انداخت#انداز	اندازد	V
36	احساس	احساس	احساس	احساس	Ne
37	عجیبی	عجیب	عجیب	عجیبی	AJ
38	دارد	دارد	داشت#دار	دارد	V
39	.	.	.	.	PUNC

0	اما	اما	اما	اما	CONJ
1	خطر	خطر	خطر	خطر	N
2	کردم	کرد	کرد#کن	کردم	V
3	و	و	و	و	CONJ
4	بردم	برد	برد#بر	بردم	V
5	و	و	و	و	CONJ
6	بیست	بیس	بیست	بیست	NUM
7	دقیقه	دقیقه	دقیقه	دقیقه	N
8	بعد	بعد	بعد	بعد	P
9	با	با	با	با	P
10	صد	صد	صد	صد	NUM
11	و	و	و	و	CONJ
12	هفتاد	هفتاد	هفتاد	هفتاد	NUM
13	گولدن	گولدن	گولدن	گولدن	N
14	در	در	در	در	P
15	جیب	جیب	جیب	جیب	N
16	از	از	از	از	P
17	کازینو	کازینو	کازینو	کازینو	N
18	بیرون	بیرون	بیرون	بیرون	N
19	آمدم	آمد	آمد#آ	آمدم	V
20	.	.	.	.	PUNC

0	این	این	این	این	PRO
1	یک	یک	یک	یک	NUM
2	واقعیت	واقع	واقعیت	واقعیت	N
3	است	اس	#است	است	V
4	.	.	.	.	PUNC

0	گاهی	گاه	گاه	گاهی	ADV
1	آخرین	آخرین	آخرین	آخرین	NUM
2	گولدن	گولدن	گولدن	گولدن	N
3	چه	چه	چه	چه	N
4	کارها	کار	کار	کارها	N
5	می‌کند	می‌کند	کرد#کن	می|کند	V
6	!	!	!	!	PUNC

0	اگر	اگر	اگر	اگر	CONJ
1	شکستم	شکس	شکست#شکن	شکستم	N
2	را	را	را	را	POSTP
3	پذیرفته_بودم	پذیرفته_بود	پذیرفت#پذیر	پذیرفته_بودم	V
4	اگر	اگر	اگر	اگر	CONJ
5	جرئت	جرئ	جرئت	جرئت	N
6	تصمیم	تصم	تصمیم	تصمیم	N
7	نمی‌داشتم	نمی‌دا	داشت#دار	نمی|داشتم	V
8	چه	چه	چه	چه	N
9	شده_بود	شده_بود	شد#شو	شده_بود	V
10	؟	؟	؟	؟	PUNC

0	…	…	…	…	PUNC
1	فردا	فردا	فردا	فردا	ADV
2	،	،	،	،	PUNC
3	فردا	فردا	فردا	فردا	ADV
4	،	،	،	،	PUNC
5	همه	همه	همه	همه	PRO
6	چیز	چیز	چیز	چیز	N
7	تمام	تما	تمام	تمام	DETe
8	خواهد_شد	خواهد_شد	شد#شو	خواهد_شد	V
9	.	.	.	.	PUNC
10	»	»	»	»	PUNC

