0	استهزاء	استهزاء	استهزاء	استهزاء	N
1	و	و	و	و	CONJ
2	مسخره	مسخره	مسخره	مسخره	AJ
3	‌کردن	‌کردن	‌کردن	|کردن	PUNC
4	دیگران	دیگر	دیگر	دیگران	PRO
5	موجب	موجب	موجب	موجب	Ne
6	ایجاد	ایجاد	ایجاد	ایجاد	Ne
7	کدورت	کدور	کدورت	کدورت	N
8	بین	بین	بین	بین	N
9	افراد	افراد	افراد	افراد	N
10	می‌شود	می‌شود	شد#شو	می|شود	V
11	.	.	.	.	PUNC

0	تهاتر	ت	تهاتر	تهاتر	N
1	فقط	فقط	فقط	فقط	ADV
2	در	در	در	در	P
3	مورد	مورد	مورد	مورد	Ne
4	دو	دو	دو	دو	NUM
5	دینی	دین	دین	دینی	AJ
6	حاصل	حاصل	حاصل	حاصل	N
7	می‌شود	می‌شود	شد#شو	می|شود	V
8	که	که	که	که	CONJ
9	موضوع	موضوع	موضوع	موضوع	N
10	یکسانی	یکسان	یکسان	یکسانی	AJ
11	داشته_باشند	داشته_باشند	داشت#دار	داشته_باشند	V
12	.	.	.	.	PUNC

0	کاپتان	کاپ	کاپ	کاپتان	N
1	کشتی	کشت	کشتی	کشتی	N
2	جنگی	جنگ	جنگی	جنگی	N
3	دستور	دستور	دستور	دستور	N
4	عقب	عقب	عقب	عقب	ADV
5	نشینی	نشین	نشست#نشین	نشینی	N
6	کردن	کردن	کردن	کردن	N
7	را	را	را	را	POSTP
8	صادر	صادر	صادر	صادر	N
9	کرد	کرد	کرد#کن	کرد	V
10	.	.	.	.	PUNC

0	هرگاه	هرگاه	هرگاه	هرگاه	ADV
1	موصی	موص	موصی	موصی	N
2	پس	پس	پس	پس	P
3	از	از	از	از	P
4	انشاء	انشاء	انشاء	انشاء	N
5	وصیت	وص	وصیت	وصیت	N
6	نامه	نامه	نامه	نامه	N
7	محجور	محجور	محجور	محجور	N
8	شود	شود	شد#شو	شود	V
9	وصیت	وص	وصیت	وصیت	N
10	از	از	از	از	P
11	بین	بین	بین	بین	N
12	نمی‌رود	نمی‌رود	رفت#رو	نمی|رود	V
13	.	.	.	.	PUNC

0	توران	تور	توران	توران	N
1	و	و	و	و	CONJ
2	ایران	ایر	ایران	ایران	N
3	سال	سال	سال	سال	N
4	یان		یان	یان	N
5	دراز	دراز	دراز	دراز	AJ
6	با	با	با	با	P
7	یکدیگر	یکدیگر	یکدیگر	یکدیگر	PRO
8	به	به	به	به	P
9	جنگ	جنگ	جنگ	جنگ	N
10	می‌پرداختند	می‌پرداختند	پرداخت#پرداز	می|پرداختند	V
11	.	.	.	.	PUNC

0	زردگوش	زردگو	زردگوش	زردگوش	N
1	کنایه	کنایه	کنایه	کنایه	N
2	از	از	از	از	P
3	انسان	انس	انسان	انسان	N
4	منافق	منافق	منافق	منافق	N
5	مفسده	مفسده	مفسده	مفسده	N
6	و	و	و	و	CONJ
7	بیکاره	بیکاره	بیکاره	بیکاره	AJ
8	است	اس	#است	است	V
9	.	.	.	.	PUNC

0	خنبانیدن	خنبانیدن	خنبانیدن	خنبانیدن	N
1	تقلید	تقلید	تقلید	تقلید	N
2	کردن	کردن	کردن	کردن	N
3	حرکات	حرک	حرکات	حرکات	Ne
4	و	و	و	و	CONJ
5	سکنات	سکن	سکنات	سکنات	N
6	کسی	کس	کس	کسی	N
7	از	از	از	از	P
8	روی	رو	روی	روی	N
9	ریشخند	ریشخند	ریشخند	ریشخند	N
10	می‌باشد	می‌باشد	بود#باش	می|باشد	V
11	.	.	.	.	PUNC

0	خنده	خنده	خنده	خنده	N
1	بر	بر	بر	بر	P
2	هر	هر	هر	هر	DET
3	درد	درد	درد	درد	N
4	بی	ب	بی	بی	P
5	درمان	در	درمان	درمان	N
6	دواست	دواس	دواست	دواست	N
7	از	از	از	از	P
8	عملکرد	عملکرد	عملکرد	عملکرد	N
9	دانشجویان	دانشجو	دانشجو	دانشجویان	N
10	راضی	راض	راضی	راضی	AJ
11	ام	ا	ام	ام	N
12	.	.	.	.	PUNC

0	کودکان	کودک	کودک	کودکان	N
1	بازی	باز	بازی	بازی	N
2	با	با	با	با	P
3	بادبادک	بادبادک	بادبادک	بادبادک	N
4	را	را	را	را	POSTP
5	خیلی	خیل	خیلی	خیلی	ADV
6	دوست	دوس	دوست	دوست	N
7	دارند	دارند	داشت#دار	دارند	V
8	.	.	.	.	PUNC

0	معلمین	معلمین	معلمین	معلمین	N
1	با	با	با	با	P
2	فراست	فراس	فراست	فراست	N
3	خود	خود	خود	خود	PRO
4	توانستند	توانستند	توانست#توان	توانستند	V
5	مشکلاة	مشکلاة	مشکلاة	مشکلاة	N
6	دانش‌آموزان	دانش‌آموز	دانش‌آموز	دانش|آموزان	N
7	را	را	را	را	POSTP
8	حل‌کنند	حل‌کنند	حل‌کنند	حل|کنند	N
9	.	.	.	.	PUNC

0	نگران	نگر	نگران	نگران	AJ
1	نباش	نبا	بود#باش	نباش	V
2	…	…	…	…	PUNC
3	!؟	!؟	!؟	!؟	PUNC

0	بنده	بنده	بنده	بنده	N
1	هم‌آن	هم‌آن	هم‌آن	هم|آن	N
2	به	به	به	به	P
3	که	که	که	که	CONJ
4	ز	ز	ز	ز	RES
5	تقصیر	تقصیر	تقصیر	تقصیر	N
6	خویش	خو	خویش	خویش	PRO
7	شکر	شکر	شکر	شکر	N
8	به	به	به	به	P
9	درگاه	درگاه	درگاه	درگاه	N
10	خدا	خدا	خدا	خدا	N
11	آورد	آورد	آورد#آور	آورد	V
12	.	.	.	.	PUNC

0	خنده	خنده	خنده	خنده	N
1	حالتی	حالت	حالت	حالتی	N
2	در	در	در	در	P
3	چهرۀ	چهره	چهره	چهرۀ	NUM
4	انسان	انس	انسان	انسان	N
5	به	به	به	به	P
6	‌واسطۀ	‌واسطه	‌واسطۀ	|واسطۀ	PUNC
7	شعف	شعف	شعف	شعف	N
8	خوشحالی	خوشحال	خوشحال	خوشحالی	N
9	یا	یا	یا	یا	CONJ
10	تمسخر	تمسخر	تمسخر	تمسخر	N
11	که	که	که	که	CONJ
12	در	در	در	در	P
13	آن	آن	آن	آن	PRO
14	لب‌ها	لب	لب	لب|ها	N
15	گشوده	گشوده	گشوده	گشوده	V
16	میگردد	میگردد	میگردد	میگردد	V
17	و	و	و	و	CONJ
18	گاه	گاه	گاه	گاه	ADV
19	با	با	با	با	P
20	صدای	صدا	صدا	صدای	Ne
21	مخصوصی	مخصوص	مخصوص	مخصوصی	AJ
22	همراه	همراه	همراه	همراه	N
23	است	اس	#است	است	V
24	.	.	.	.	PUNC

0	ابرنواختر	ابرنواخ	ابرنواختر	ابرنواختر	N
1	ام-	ام-	ام-	ام-	PUNC
2	۸۹	۸۹	۸۹	۸۹	NUM
3	یکی	یک	یک	یکی	NUM
4	از	از	از	از	P
5	انواع	انواع	انواع	انواع	N
6	اجرام	اجرا	اجرام	اجرام	N
7	مسیه	مسیه	مسیه	مسیه	N
8	است	اس	#است	است	V
9	.	.	.	.	PUNC

0	شادروان	شادرو	شادروان	شادروان	N
1	هرگز	هرگز	هرگز	هرگز	ADV
2	چیزی	چیز	چیز	چیزی	N
3	به	به	به	به	P
4	عاریة	عاریة	عاریة	عاریة	N
5	نگرفته_بود	نگرفته_بود	گرفت#گیر	نگرفته_بود	V
6	دخترک	دخترک	دخترک	دخترک	N
7	کبریت	کبر	کبریت	کبریت	N
8	فروش	فرو	فروش	فروش	N
9	از	از	از	از	P
10	شدت	شد	شدت	شدت	N
11	سرما	سرما	سرما	سرما	N
12	چیزی	چیز	چیز	چیزی	N
13	را	را	را	را	POSTP
14	احساس	احساس	احساس	احساس	Ne
15	نمیکرد;نیست	نمیکرد;نیس	نمیکرد;نیست	نمیکرد;نیست	V
16	بر	بر	بر	بر	P
17	ناله‌ی	ناله	ناله	ناله|ی	N
18	افسرده‌دمان	افسرده‌د	افسرده‌دمان	افسرده|دمان	N
19	گوش	گو	گوش	گوش	N
20	مرا	مرا	مرا	مرا	PRO
21	بلبلی	بلبل	بلبل	بلبلی	N
22	کو	کو	کو	کو	ADV
23	که	که	که	که	CONJ
24	صفیرش	صفیر	صفیر	صفیرش	N
25	برد	برد	برد	برد	N
26	از	از	از	از	P
27	هوش	هو	هوش	هوش	N
28	مرا	مرا	مرا	مرا	PRO
29	واخواست	واخواس	واخواست	واخواست	N
30	امتنا	امتنا	امتنا	امتنا	N
31	از	از	از	از	P
32	قبول	قبول	قبول	قبول	AJ
33	یا	یا	یا	یا	CONJ
34	نکول	نکول	نکول	نکول	N
35	اعتراضی	اعتراض	اعتراض	اعتراضی	N
36	است	اس	#است	است	V
37	که	که	که	که	CONJ
38	بر	بر	بر	بر	P
39	اثر	اثر	اثر	اثر	N
40	خودداری	خوددار	خوددار	خودداری	N
41	از	از	از	از	P
42	نوشتن	نوشتن	نوشتن	نوشتن	N
43	از	از	از	از	P
44	طرف	طرف	طرف	طرف	N
45	تأدیه	تأدیه	تأدیه	تأدیه	N
46	کنندهی	کننده	کننده	کنندهی	N
47	برات	بر	برات	برات	N
48	اتفاق	اتفاق	اتفاق	اتفاق	N
49	میافتد	میافتد	میافتد	میافتد	V
50	.	.	.	.	PUNC

0	فرش	فر	فرش	فرش	N
1	دستباف	دستباف	دستباف	دستباف	AJ
2	طرح	طرح	طرح	طرح	N
3	نامی	نام	نامی	نامی	N
4	یکی	یک	یک	یکی	NUM
5	از	از	از	از	P
6	طرحهای	طرح	طرح	طرحهای	Ne
7	معروف	معروف	معروف	معروف	AJ
8	در	در	در	در	P
9	این	این	این	این	PRO
10	حوزه	حوزه	حوزه	حوزه	N
11	می‌باشد	می‌باشد	بود#باش	می|باشد	V
12	دیوان	دیو	دیوان	دیوان	N
13	بین‌المللی	بین‌الملل	بین‌المللی	بین|المللی	AJ
14	لاهه	لاهه	لاهه	لاهه	N
15	به	به	به	به	P
16	شکایة	شکایة	شکایة	شکایة	N
17	کشورهای	کشور	کشور	کشورهای	Ne
18	در	در	در	در	P
19	حال	حال	حال	حال	ADV
20	توسعه	توسعه	توسعه	توسعه	N
21	و	و	و	و	CONJ
22	توسعهیافته	توسعهیافته	توسعهیافته	توسعهیافته	N
23	می‌پردازد	می‌پردازد	پرداخت#پرداز	می|پردازد	V
24	امواج	امواج	امواج	امواج	N
25	رادیواکتیو	رادیواکتیو	رادیواکتیو	رادیواکتیو	N
26	را	را	را	را	POSTP
27	می‌توان	می‌تو	می‌توان	می|توان	V
28	در	در	در	در	P
29	بسیاری	بسیار	بسیار	بسیاری	PRO
30	از	از	از	از	P
31	مصارف	مصارف	مصارف	مصارف	Ne
32	پزشکی	پزشک	پزشک	پزشکی	N
33	استفاده	استفاده	استفاده	استفاده	N
34	کرد	کرد	کرد#کن	کرد	V
35	.	.	.	.	PUNC

0	آراء	آراء	آراء	آراء	N
1	مأخوذة	مأخوذة	مأخوذة	مأخوذة	N
2	تعیین‌کنندهی	تعیین‌کننده	تعیین‌کننده	تعیین|کنندهی	N
3	رجال	رجال	رجال	رجال	N
4	سیاسی	سیاس	سیاسی	سیاسی	AJ
5	است	اس	#است	است	V
6	مناظر	مناظر	مناظر	مناظر	N
7	بکر	بکر	بکر	بکر	N
8	جزایر	جزایر	جزایر	جزایر	N
9	جنوب	جنوب	جنوب	جنوب	N
10	موضوع	موضوع	موضوع	موضوع	N
11	تصاویر	تصاویر	تصاویر	تصاویر	N
12	گرفته	گرفته	گرفته	گرفته	V
13	شده	شده	شده	شده	V
14	توسط	توسط	توسط	توسط	Pe
15	عکاسان	عکاس	عکاس	عکاسان	N
16	حرفه‌ای	حرفه	حرفه‌ای	حرفه|ای	AJ
17	بود	بود	بود#باش	بود	V
18	.	.	.	.	PUNC

0	ادبا	ادبا	ادبا	ادبا	N
1	به	به	به	به	P
2	نقد	نقد	نقد	نقد	N
3	آثار	آثار	آثار	آثار	N
4	ادبی	ادب	ادب	ادبی	AJ
5	وی	و	وی	وی	PRO
6	پرداختند	پرداختند	پرداخت#پرداز	پرداختند	V
7	ائمهی	ائمه	ائمه	ائمهی	N
8	جمعه	جمعه	جمعه	جمعه	N
9	توسط	توسط	توسط	توسط	Pe
10	بنیان	بن	بنیان	بنیان	N
11	گذار	گذار	گذار	گذار	N
12	جمهوری	جمهور	جمهوری	جمهوری	N
13	اسلامی	اسلام	اسلام	اسلامی	AJ
14	ایران	ایر	ایران	ایران	N
15	انتخاب	انتخاب	انتخاب	انتخاب	N
16	شدند	شدند	شد#شو	شدند	V
17	.	.	.	.	PUNC

0	معابد	معابد	معابد	معابد	N
1	و	و	و	و	CONJ
2	مساجد	مساجد	مساجد	مساجد	N
3	اماکن	اماکن	اماکن	اماکن	N
4	مقدسی	مقدس	مقدس	مقدسی	N
5	هستند	هستند	#هست	هستند	V
6	.	.	.	.	PUNC

0	که	که	که	که	CONJ
1	مفاهیم	مفاه	مفاهیم	مفاهیم	N
2	و	و	و	و	CONJ
3	رموز	رموز	رموز	رموز	N
4	معنوی	معنو	معنوی	معنوی	AJ
5	را	را	را	را	POSTP
6	به	به	به	به	P
7	مردم	مرد	مردم	مردم	N
8	منتقل	منتقل	منتقل	منتقل	AJ
9	می‌کنند	می‌کنند	کرد#کن	می|کنند	V
10	.	.	.	.	PUNC

0	حقایق	حقایق	حقایق	حقایق	N
1	عقاید	عقاید	عقاید	عقاید	N
2	فقهای	فق	فقهای	فقهای	Ne
3	پیشین	پیشین	پیشین	پیشین	AJ
4	بر	بر	بر	بر	P
5	ما	ما	ما	ما	PRO
6	پوشیده_است	پوشیده_اس	پوشید#پوش	پوشیده_است	V
7	.	.	.	.	PUNC

0	اسامی	اسام	اسامی	اسامی	N
1	اسرای	اسرا	اسرا	اسرای	Ne
2	تحت	تح	تحت	تحت	Pe
3	امر	امر	امر	امر	N
4	امیر	امیر	امیر	امیر	N
5	اعلام	اعلا	اعلام	اعلام	Ne
6	شدند	شدند	شد#شو	شدند	V
7	.	.	.	.	PUNC

0	پاکروان	پاکرو	پاکروان	پاکروان	N
1	کسی	کس	کس	کسی	N
2	است	اس	#است	است	V
3	که	که	که	که	CONJ
4	روان	رو	روان	روان	N
5	پاکی	پاک	پاک	پاکی	N
6	داشته_باشد	داشته_باشد	داشت#دار	داشته_باشد	V
7	پرندگان	پرندگ	پرندگان	پرندگان	N
8	مهاجر	مهاجر	مهاجر	مهاجر	N
9	همچون	همچون	همچون	همچون	ADV
10	آزادگان	آزادگ	آزادگان	آزادگان	N
11	به	به	به	به	P
12	مرغزار	مرغزار	مرغزار	مرغزار	N
13	بازگشتند	بازگشتند	بازگشتند	بازگشتند	V
14	.	.	.	.	PUNC

0	آیا	آیا	آیا	آیا	ADV
1	مسئولین	مسئولین	مسئولین	مسئولین	N
2	میتوانند	میتوانند	میتوانند	میتوانند	V
3	شایستگیشان	شایستگ	شایستگیشان	شایستگیشان	N
4	را	را	را	را	POSTP
5	نشان	ن	نشان	نشان	N
6	دهند	دهند	داد#ده	دهند	V
7	.	.	.	.	PUNC

0	و	و	و	و	CONJ
1	مسئولیت	مسئول	مسئولیت	مسئولیت	N
2	تصمیمات	تصم	تصمیمات	تصمیمات	N
3	خود	خود	خود	خود	PRO
4	را	را	را	را	POSTP
5	بر	بر	بر	بر	P
6	عهده	عهده	عهده	عهده	N
7	بگیرند	بگیرند	گرفت#گیر	بگیرند	V
8	.	.	.	.	PUNC

0	سبزیجات	سبزیج	سبزیجات	سبزیجات	N
1	و	و	و	و	CONJ
2	صیفیجات	صیفیج	صیفیجات	صیفیجات	N
3	در	در	در	در	P
4	کنار	کنار	کنار	کنار	ADV
5	نشاسته	نشاسته	نشاسته	نشاسته	N
6	و	و	و	و	CONJ
7	غلات	غل	غلات	غلات	N
8	باید	باید	باید	باید	V
9	در	در	در	در	P
10	رژیم	رژ	رژیم	رژیم	N
11	غذایی	غذا	غذا	غذایی	AJ
12	در	در	در	در	P
13	نظر	نظر	نظر	نظر	N
14	گرفته_شود	گرفته_شود	گرفت#گیر	گرفته_شود	V
15	.	.	.	.	PUNC

0	آیندگان	آیندگ	آیندگان	آیندگان	N
1	نیز	نیز	نیز	نیز	CONJ
2	همانند	همانند	همانند	همانند	ADVe
3	گذشتگان	گذشتگ	گذشتگان	گذشتگان	N
4	با	با	با	با	P
5	چالش‌های	چالش	چالش	چالش|های	N
6	فراوانی	فراوان	فراوان	فراوانی	AJ
7	دست	دس	دست	دست	N
8	و	و	و	و	CONJ
9	پنجه	پنجه	پنجه	پنجه	N
10	نرم	نر	نرم	نرم	AJ
11	خواهند_کرد	خواهند_کرد	کرد#کن	خواهند_کرد	V
12	دبیرستان	دبیرس	دبیرستان	دبیرستان	N
13	شایستگان	شایستگ	شایستگان	شایستگان	N
14	یکی	یک	یک	یکی	NUM
15	از	از	از	از	P
16	مدارس	مدارس	مدارس	مدارس	N
17	غیرانتفاعی	غیرانتفاع	غیرانتفاعی	غیرانتفاعی	AJ
18	است	اس	#است	است	V
19	که	که	که	که	CONJ
20	در	در	در	در	P
21	حوزه‌های	حوزه	حوزه	حوزه|های	Ne
22	علوم	علو	علوم	علوم	N
23	انسانی	انسان	انسان	انسانی	N
24	ریاضیات	ریاض	ریاضیات	ریاضیات	N
25	و	و	و	و	CONJ
26	علوم	علو	علوم	علوم	N
27	تجربی	تجرب	تجربی	تجربی	AJ
28	به	به	به	به	P
29	تعلیم	تعل	تعلیم	تعلیم	N
30	و	و	و	و	CONJ
31	تربیت	ترب	تربیت	تربیت	N
32	دانش‌آموزان	دانش‌آموز	دانش‌آموز	دانش|آموزان	N
33	می‌پردازد	می‌پردازد	پرداخت#پرداز	می|پردازد	V
34	آزادگی	آزادگ	آزادگی	آزادگی	N
35	و	و	و	و	CONJ
36	آزاد‌منشی	آزاد‌منش	آزاد‌منشی	آزاد|منشی	N
37	از	از	از	از	P
38	ویژگیهای	ویژگی	ویژگی	ویژگیهای	Ne
39	اصلی	اصل	اصل	اصلی	AJ
40	و	و	و	و	CONJ
41	شاخص	شاخص	شاخص	شاخص	N
42	امامان	اما	اما	امامان	N
43	بود	بود	بود#باش	بود	V
44	.	.	.	.	PUNC

0	امروزه	امروزه	امروزه	امروزه	ADV
1	الگوریتم‌های	الگوریتم	الگوریتم	الگوریتم|های	N
2	فراابتکاری	فراابتکار	فراابتکاری	فراابتکاری	N
3	نقش	نق	نقش	نقش	N
4	مهمی	مهم	مهم	مهمی	AJ
5	در	در	در	در	P
6	حل	حل	حل	حل	N
7	مسائل	مسائل	مسائل	مسائل	N
8	بهینه	بهینه	بهینه	بهینه	AJ
9	سازی	ساز	سازی	سازی	N
10	چند‌هدفه	چند‌هدفه	چند‌هدفه	چند|هدفه	N
11	دارند	دارند	داشت#دار	دارند	V
12	.	.	.	.	PUNC

0	بادکنک	بادکنک	بادکنک	بادکنک	N
1	بوسیلهی	بوسیله	بوسیلهی	بوسیلهی	N
2	گاز	گاز	گاز	گاز	N
3	هلیوم	هلیو	هلیوم	هلیوم	N
4	پرشده	پرشده	پرشده	پرشده	N
5	بود	بود	بود#باش	بود	V
6	بادبادکرانی	بادبادکران	بادبادکرانی	بادبادکرانی	N
7	و	و	و	و	CONJ
8	قایقرانی	قایقران	قایقران	قایقرانی	N
9	شغل	شغل	شغل	شغل	N
10	جالبیست	جالبیس	جالبیست	جالبیست	N
11	.	.	.	.	PUNC

0	که	که	که	که	CONJ
1	نیاز	نیاز	نیاز	نیاز	N
2	به	به	به	به	P
3	مهارت‌های	مهارت	مهارت	مهارت|های	N
4	خاص	خاص	خاص	خاص	AJ
5	خود	خود	خود	خود	PRO
6	را	را	را	را	POSTP
7	دارند	دارند	داشت#دار	دارند	V
8	.	.	.	.	PUNC

0	شنوندگان	شنوندگ	شنوندگان	شنوندگان	N
1	و	و	و	و	CONJ
2	بینندگان	بینندگ	بینندگان	بینندگان	N
3	این	این	این	این	PRO
4	برنامه	برنامه	برنامه	برنامه	N
5	گروه	گروه	گروه	گروه	N
6	سنی	سن	سنی	سنی	N
7	خاصی	خاص	خاص	خاصی	AJ
8	هستند	هستند	#هست	هستند	V
9	.	.	.	.	PUNC

0	فعالیت‌های	فعالیت	فعالیت	فعالیت|های	N
1	مرکز	مرکز	مرکز	مرکز	N
2	مذاهب	مذاهب	مذاهب	مذاهب	N
3	اسلامی	اسلام	اسلام	اسلامی	AJ
4	در	در	در	در	P
5	شانگهای	شانگ	شانگهای	شانگهای	N
6	به	به	به	به	P
7	جویندگان	جویندگ	جویندگان	جویندگان	N
8	اسلام	اسلا	اسلام	اسلام	N
9	معرفی	معرف	معرف	معرفی	Ne
10	شد	شد	شد#شو	شد	V
11	.	.	.	.	PUNC

0	مقالات	مقال	مقالات	مقالات	N
1	و	و	و	و	CONJ
2	تحقیقات	تحقیق	تحقیقات	تحقیقات	N
3	بسیاری	بسیار	بسیار	بسیاری	PRO
4	برای	برا	برای	برای	Pe
5	پیشگیری	پیشگیر	پیشگیر	پیشگیری	N
6	از	از	از	از	P
7	بیماریهای	بیماری	بیماریهای	بیماریهای	Ne
8	عفونی	عفون	عفونی	عفونی	AJ
9	و	و	و	و	CONJ
10	باکتریایی	باکتریا	باکتریایی	باکتریایی	N
11	ارائه	ارائه	ارائه	ارائه	N
12	شده_است	شده_اس	شد#شو	شده_است	V
13	.	.	.	.	PUNC

0	پاکستان	پاکس	پاکستان	پاکستان	N
1	و	و	و	و	CONJ
2	افغانستان	افغانس	افغانستان	افغانستان	N
3	کشورهای	کشور	کشور	کشورهای	Ne
4	همسایه‌ی	همسایه	همسایه	همسایه|ی	N
5	شرقی	شرق	شرق	شرقی	AJ
6	ایران	ایر	ایران	ایران	N
7	هستند	هستند	#هست	هستند	V
8	که	که	که	که	CONJ
9	تضاد	تضاد	تضاد	تضاد	N
10	منافع	منافع	منافع	منافع	N
11	با	با	با	با	P
12	یکدیگر	یکدیگر	یکدیگر	یکدیگر	PRO
13	دارد	دارد	داشت#دار	دارد	V
14	.	.	.	.	PUNC

0	فاطمه	فاطمه	فاطمه	فاطمه	N
1	مراعات	مراع	مراعات	مراعات	N
2	حضور	حضور	حضور	حضور	N
3	مادرش	مادر	مادر	مادرش	N
4	را	را	را	را	POSTP
5	نمی‌کرد	نمی‌کرد	کرد#کن	نمی|کرد	V
6	.	.	.	.	PUNC

0	یکی	یک	یک	یکی	NUM
1	از	از	از	از	P
2	آرایه‌های	آرایه	آرایه	آرایه|های	N
3	ادبی	ادب	ادب	ادبی	AJ
4	مراعات	مراع	مراعات	مراعات	N
5	نظیر	نظیر	نظیر	نظیر	ADVe
6	است	اس	#است	است	V
7	.	.	.	.	PUNC

0	کلان	کل	کلان	کلان	AJ
1	شهر	شهر	شهر	شهر	N
2	اصفهان	اصفه	اصفهان	اصفهان	N
3	مشکلات	مشکل	مشکلات	مشکلات	N
4	و	و	و	و	CONJ
5	معضلات	معضل	معضلات	معضلات	N
6	خود	خود	خود	خود	PRO
7	را	را	را	را	POSTP
8	دارد	دارد	داشت#دار	دارد	V
9	.	.	.	.	PUNC

0	هان	ه	هان	هان	RES
1	ای	ا	ای	ای	INT
2	پسر	پسر	پسر	پسر	N
3	!	!	!	!	PUNC

0	مکان	مک	مکان	مکان	N
1	تاریک	تاریک	تاریک	تاریک	AJ
2	جای	جا	جای	جای	Ne
3	خوبی	خوب	خوبی	خوبی	AJ
4	برای	برا	برای	برای	Pe
5	رشد	رشد	رشد	رشد	N
6	باکتری‌ها	باکتری	باکتری	باکتری|ها	N
7	است	اس	#است	است	V
8	.	.	.	.	PUNC

0	زمان	ز	زمان	زمان	N
1	بازی	باز	بازی	بازی	N
2	فوتبال	فوتبال	فوتبال	فوتبال	N
3	بارسلونا	بارسلونا	بارسلونا	بارسلونا	N
4	و	و	و	و	CONJ
5	رئال	رئال	رئال	رئال	Ne
6	مادرید	مادرید	مادرید	مادرید	N
7	ساعت	ساع	ساعت	ساعت	N
8	۲۰	۲۰	۲۰	۲۰	NUM
9	روز	روز	روز	روز	N
10	هجدهم	هجده	هجدهم	هجدهم	NUM
11	آبان	آب	آبان	آبان	N
12	است	اس	#است	است	V
13	.	.	.	.	PUNC

0	طاووس	طاووس	طاووس	طاووس	N
1	خرامان	خرا	خرامان	خرامان	N
2	،	،	،	،	PUNC
3	خرامان	خرا	خرامان	خرامان	N
4	راه	راه	راه	راه	N
5	می‌رود	می‌رود	رفت#رو	می|رود	V
6	.	.	.	.	PUNC

0	همه‌ی	همه	همه	همه|ی	DETe
1	شهرها	شهر	شهر	شهرها	N
2	یک	یک	یک	یک	NUM
3	میدان	مید	میدان	میدان	N
4	به	به	به	به	P
5	نام	نا	نام	نام	Ne
6	آزادی	آزاد	آزاد	آزادی	N
7	دارند	دارند	داشت#دار	دارند	V
8	.	.	.	.	PUNC

0	علی	عل	علی	علی	N
1	دوان	دو	دوان	دوان	ADV
2	دوان	دو	دوان	دوان	ADV
3	گریان	گر	گریان	گریان	AJ
4	و	و	و	و	CONJ
5	نالان	نال	نالان	نالان	AJ
6	به	به	به	به	P
7	مدرسه	مدرسه	مدرسه	مدرسه	N
8	رفت	رف	رفت#رو	رفت	V
9	.	.	.	.	PUNC

0	کشور	کشور	کشور	کشور	N
1	آلمان	آل	آلمان	آلمان	N
2	در	در	در	در	P
3	قاره‌ی	قاره	قاره	قاره|ی	N
4	سبز	سبز	سبز	سبز	AJ
5	قرار	قرار	قرار	قرار	N
6	دارد	دارد	داشت#دار	دارد	V
7	.	.	.	.	PUNC

0	شکوفه	شکوفه	شکوفه	شکوفه	N
1	خندان	خند	خندان	خندان	AJ
2	با	با	با	با	P
3	شیرینی	شیرین	شیرینی	شیرینی	N
4	وارد	وارد	وارد	وارد	N
5	شد	شد	شد#شو	شد	V
6	.	.	.	.	PUNC

0	امان	ا	امان	امان	N
1	بده	بده	داد#ده	بده	V
2	!!!	!!!	!!!	!!!	RES

0	امارات	امار	امارات	امارات	N
1	متحده	متحده	متحده	متحده	AJ
2	عربی	عرب	عرب	عربی	N
3	یکی	یک	یک	یکی	NUM
4	از	از	از	از	P
5	کشورهای	کشور	کشور	کشورهای	Ne
6	حوزه‌ی	حوزه	حوزه	حوزه|ی	Ne
7	خلیج	خلیج	خلیج	خلیج	N
8	فارس	فارس	فارس	فارس	N
9	است	اس	#است	است	V
10	.	.	.	.	PUNC

0	Emily	Emily	Emily	Emily	RES
1	Rose	Rose	Rose	Rose	RES
2	در	در	در	در	P
3	سال	سال	سال	سال	N
4	۱۹۹۷	۱۹۹۷	۱۹۹۷	۱۹۹۷	NUM
5	جن	جن	جن	جن	N
6	زده_شد	زده_شد	زد#زن	زده_شد	V
7	.	.	.	.	PUNC

0	ناودانی‌ها	ناودانی	ناودانی‌ها	ناودانی|ها	N
1	از	از	از	از	P
2	آشغال	آشغال	آشغال	آشغال	N
3	پرشده	پرشده	پرشده	پرشده	N
4	بود	بود	بود#باش	بود	V
5	.	.	.	.	PUNC

0	نادان	ناد	نادان	نادان	AJ
1	همه	همه	همه	همه	PRO
2	را	را	را	را	POSTP
3	به	به	به	به	P
4	چشم	چ	چشم	چشم	N
5	خویش	خو	خویش	خویش	PRO
6	می‌بیند	می‌بیند	دید#بین	می|بیند	V
7	.	.	.	.	PUNC

0	سعید	سعید	سعید	سعید	N
1	در	در	در	در	P
2	عنفوان	عنفو	عنفوان	عنفوان	N
3	جوانی	جوان	جوان	جوانی	N
4	در	در	در	در	P
5	گذشت	گذ	گذشت#گذر	گذشت	N
6	.	.	.	.	PUNC

0	قوری	قور	قوری	قوری	N
1	گلگلی	گلگل	گلگلی	گلگلی	N
2	شکست	شکس	شکست	شکست	N
3	.	.	.	.	PUNC

0	در	در	در	در	P
1	این	این	این	این	PRO
2	دنیای	دنیا	دنیا	دنیای	Ne
3	وانفساء	وانفساء	وانفساء	وانفساء	N
4	…	…	…	…	PUNC
5	حسرت	حسر	حسرت	حسرت	N
6	زای	زا	زای	زای	N
7	بی	ب	بی	بی	P
8	فردا	فردا	فردا	فردا	ADV
9	خدایا	خدایا	خدایا	خدایا	N
10	عاشقان	عاشق	عاشق	عاشقان	N
11	را	را	را	را	POSTP
12	غم	غ	غم	غم	N
13	مده	مده	مده	مده	V
14	.	.	.	.	PUNC

0	نردبان	نردب	نردبان	نردبان	N
1	ترقی	ترق	ترقی	ترقی	N
2	را	را	را	را	POSTP
3	به	به	به	به	P
4	سرعت	سرع	سرعت	سرعت	N
5	طی	ط	طی	طی	N
6	کرد	کرد	کرد#کن	کرد	V
7	.	.	.	.	PUNC

0	ادبیات	ادب	ادبیات	ادبیات	N
1	پارسی	پارس	پارس	پارسی	AJ
2	تاریخچه‌ی	تاریخچه	تاریخچه	تاریخچه|ی	N
3	دیرینه‌ای	دیرینه	دیرینه	دیرینه|ای	AJ
4	دارد	دارد	داشت#دار	دارد	V
5	.	.	.	.	PUNC

0	شهر	شهر	شهر	شهر	N
1	ابادان	اباد	ابادان	ابادان	N
2	عروس	عروس	عروس	عروس	N
3	ایران	ایر	ایران	ایران	N
4	است	اس	#است	است	V
5	.	.	.	.	PUNC

0	لیوان	لیو	لیوان	لیوان	N
1	پر	پر	پر	پر	AJ
2	از	از	از	از	P
3	چای	چا	چای	چای	N
4	شکست	شکس	شکست	شکست	N
5	و	و	و	و	CONJ
6	او	او	او	او	PRO
7	را	را	را	را	POSTP
8	سوزاند	سوزاند	سوزاند	سوزاند	V
9	.	.	.	.	PUNC

0	واردات	وارد	واردات	واردات	N
1	و	و	و	و	CONJ
2	صادرات	صادر	صادرات	صادرات	N
3	کشمش	کشم	کشمش	کشمش	N
4	سود	سود	سود	سود	N
5	خوبی	خوب	خوبی	خوبی	AJ
6	دارد	دارد	داشت#دار	دارد	V
7	.	.	.	.	PUNC

0	شایان	شا	شایان	شایان	AJe
1	ذکر	ذکر	ذکر	ذکر	N
2	است	اس	#است	است	V
3	که	که	که	که	CONJ
4	رفسنجان	رفسنج	رفسنجان	رفسنجان	N
5	پسته‌ی	پسته	پسته	پسته|ی	N
6	مرغوبی	مرغوب	مرغوب	مرغوبی	N
7	دارد	دارد	داشت#دار	دارد	V
8	.	.	.	.	PUNC

0	باغ	باغ	باغ	باغ	N
1	بی	ب	بی	بی	P
2	برگی	برگ	برگ	برگی	N
3	که	که	که	که	CONJ
4	میگوید	میگوید	میگوید	میگوید	V
5	که	که	که	که	CONJ
6	زیبا	زیبا	زیبا	زیبا	AJ
7	نیست	نیس	نیست	نیست	V
8	.	.	.	.	PUNC

0	شیروان	شیرو	شیروان	شیروان	N
1	یکی	یک	یک	یکی	NUM
2	از	از	از	از	P
3	شهرستانهای	شهرستان	شهرستان	شهرستانهای	Ne
4	کرمانشاه	کرمانشاه	کرمانشاه	کرمانشاه	N
5	است	اس	#است	است	V
6	.	.	.	.	PUNC

0	آسمان	آس	آسمان	آسمان	N
1	آبی	آب	آب	آبی	N
2	زمین	زمین	زمین	زمین	N
3	پاک	پاک	پاک	پاک	AJ
4	…	…	…	…	PUNC
5	…	…	…	…	PUNC
6	…	…	…	…	PUNC
7	.	.	.	.	PUNC

0	شمیران	شمیر	شمیران	شمیران	N
1	نام	نا	نام	نام	Ne
2	منطقه‌ای	منطقه	منطقه	منطقه|ای	N
3	در	در	در	در	P
4	تهران	تهر	تهران	تهران	N
5	است	اس	#است	است	V
6	.	.	.	.	PUNC

0	لیفان	لیف	لیف	لیفان	N
1	یک	یک	یک	یک	NUM
2	خودروی	خودرو	خودرو	خودروی	Ne
3	چینیست	چینیس	چینیست	چینیست	N
4	که	که	که	که	CONJ
5	بدرد	بدرد	بدرد	بدرد	N
6	نمی‌خورد	نمی‌خورد	خورد#خور	نمی|خورد	V
7	.	.	.	.	PUNC

0	ما	ما	ما	ما	PRO
1	باید	باید	باید	باید	V
2	همواره	همواره	همواره	همواره	ADV
3	به	به	به	به	P
4	دنبال	دنبال	دنبال	دنبال	Ne
5	آرمان	آر	آرمان	آرمان	N
6	خود	خود	خود	خود	PRO
7	باشیم	باش	بود#باش	باشیم	V
8	.	.	.	.	PUNC

0	خفتان	خف	خفتان	خفتان	N
1	خود	خود	خود	خود	PRO
2	را	را	را	را	POSTP
3	پوشید	پوشید	پوشید#پوش	پوشید	V
4	و	و	و	و	CONJ
5	به	به	به	به	P
6	میدان	مید	میدان	میدان	N
7	رزم	رز	رزم	رزم	N
8	رفت	رف	رفت#رو	رفت	V
9	.	.	.	.	PUNC

0	ریختن	ریختن	ریختن	ریختن	N
1	زباله	زباله	زباله	زباله	N
2	در	در	در	در	P
3	دامان	دا	دامان	دامان	N
4	طبیعت	طبیع	طبیعت	طبیعت	N
5	بی	ب	بی	بی	P
6	فرهنگی	فرهنگ	فرهنگ	فرهنگی	AJ
7	است	اس	#است	است	V
8	.	.	.	.	PUNC

0	شکلات	شکل	شکلات	شکلات	N
1	فرمند	فرمند	فرمند	فرمند	N
2	یکی	یک	یک	یکی	NUM
3	از	از	از	از	P
4	مرغوبترین	مرغوب	مرغوب	مرغوبترین	N
5	برندها	برند	برندها	برندها	N
6	در	در	در	در	P
7	این	این	این	این	PRO
8	حوزه	حوزه	حوزه	حوزه	N
9	است	اس	#است	است	V
10	.	.	.	.	PUNC

0	خزان	خز	خزان	خزان	N
1	فصلیست	فصلیس	فصلیست	فصلیست	N
2	که	که	که	که	CONJ
3	در	در	در	در	P
4	آن	آن	آن	آن	PRO
5	برگ	برگ	برگ	برگ	N
6	درختان	درخ	درختان	درختان	N
7	زرد	زرد	زرد	زرد	AJ
8	می‌شود	می‌شود	شد#شو	می|شود	V
9	.	.	.	.	PUNC

0	وزیر	وزیر	وزیر	وزیر	N
1	علوم	علو	علوم	علوم	N
2	درجمع	درجمع	درجمع	درجمع	N
3	استادان	استاد	استاد	استادان	N
4	نمونه	نمونه	نمونه	نمونه	N
5	:	:	:	:	PUNC
6	سن	سن	سن	سن	N
7	بازنشستگی	بازنشستگ	بازنشستگی	بازنشستگی	N
8	استادان	استاد	استاد	استادان	N
9	نمونه	نمونه	نمونه	نمونه	N
10	به	به	به	به	P
11	۷۰	۷۰	۷۰	۷۰	NUM
12	سال	سال	سال	سال	N
13	افزایش	افزا	افزایش	افزایش	Ne
14	می‌یابد	می‌یابد	یافت#یاب	می|یابد	V
15	اصوات	اصو	اصوات	اصوات	N
16	وزیدن	وزیدن	وزیدن	وزیدن	N
17	بادما	بادما	بادما	بادما	N
18	را	را	را	را	POSTP
19	ترساند	ترساند	ترساند	ترساند	N
20	.	.	.	.	PUNC

0	دانشگاه	دانشگاه	دانشگاه	دانشگاه	N
1	باید	باید	باید	باید	V
2	مهد	مهد	مهد	مهد	N
3	چالشهای	چالش	چالش	چالشهای	Ne
4	گفتمانی	گفتمان	گفتمان	گفتمانی	N
5	و	و	و	و	CONJ
6	خط	خط	خط	خط	N
7	دهنده	دهنده	دهنده	دهنده	N
8	و	و	و	و	CONJ
9	برنامه‌ریز	برنامه‌ریز	برنامه‌ریز	برنامه|ریز	N
10	جریانات	جر	جریانات	جریانات	N
11	سیاسی	سیاس	سیاسی	سیاسی	AJ
12	باشد	باشد	بود#باش	باشد	V
13	.	.	.	.	PUNC

0	دفاتر	دفا	دفاتر	دفاتر	N
1	سازمانملل	سازمانملل	سازمانملل	سازمانملل	N
2	متحددر	متحددر	متحددر	متحددر	N
3	همه‌ی	همه	همه	همه|ی	DETe
4	پایتختهای	پایتخت	پایتخت	پایتختهای	Ne
5	جهان	جه	جهان	جهان	N
6	هستند	هستند	#هست	هستند	V
7	.	.	.	.	PUNC

0	دختری	دختر	دختر	دختری	N
1	بالباس	بالباس	بالباس	بالباس	N
2	صورتی	صورت	صورت	صورتی	N
3	را	را	را	را	POSTP
4	دیدم	دید	دید#بین	دیدم	V
5	که	که	که	که	CONJ
6	صورتی	صورت	صورت	صورتی	N
7	زیبا	زیبا	زیبا	زیبا	AJ
8	داشت	دا	داشت	داشت	V
9	.	.	.	.	PUNC

0	توصیه	توصیه	توصیه	توصیه	N
1	ما	ما	ما	ما	PRO
2	در	در	در	در	P
3	جهت	جه	جهت	جهت	N
4	تلاش	تلا	تلاش	تلاش	N
5	برای	برا	برای	برای	Pe
6	دانایی	دانا	دانا	دانایی	N
7	محوری	محور	محور	محوری	N
8	و	و	و	و	CONJ
9	توسعه	توسعه	توسعه	توسعه	N
10	گفتمان	گف	گفتمان	گفتمان	N
11	علمی	علم	علم	علمی	AJ
12	به	به	به	به	P
13	معنی	معن	معنی	معنی	N
14	عدم	عد	عدم	عدم	Ne
15	تمایل	تمایل	تمایل	تمایل	N
16	به	به	به	به	P
17	مباحث	مباحث	مباحث	مباحث	N
18	سیاسی	سیاس	سیاسی	سیاسی	AJ
19	نیست	نیس	نیست	نیست	V
20	؛	؛	؛	؛	PUNC
21	بلکه	بلکه	بلکه	بلکه	CONJ
22	بر	بر	بر	بر	P
23	عکس	عکس	عکس	عکس	N
24	،	،	،	،	PUNC
25	دانشگاه	دانشگاه	دانشگاه	دانشگاه	N
26	باید	باید	باید	باید	V
27	مهد	مهد	مهد	مهد	N
28	چالشهای	چالش	چالش	چالشهای	Ne
29	گفتمانی	گفتمان	گفتمان	گفتمانی	N
30	باشد	باشد	بود#باش	باشد	V
31	ولی	ول	ولی	ولی	CONJ
32	این	این	این	این	PRO
33	امر	امر	امر	امر	N
34	،	،	،	،	PUNC
35	بدان	بد	بدان	بدان	P
36	معنی	معن	معنی	معنی	N
37	نیست	نیس	نیست	نیست	V
38	که	که	که	که	CONJ
39	دانشگاه	دانشگاه	دانشگاه	دانشگاه	N
40	،	،	،	،	PUNC
41	ابزار	ابزار	ابزار	ابزار	N
42	دست	دس	دست	دست	N
43	سیاسیون	سیاسیون	سیاسیون	سیاسیون	N
44	قرار	قرار	قرار	قرار	N
45	بگیرد	بگیرد	گرفت#گیر	بگیرد	V
46	.	.	.	.	PUNC

0	وی	و	وی	وی	PRO
1	تأکید	تأکید	تأکید	تأکید	N
2	کرد	کرد	کرد#کن	کرد	V
3	:	:	:	:	PUNC
4	دانشگاه	دانشگاه	دانشگاه	دانشگاه	N
5	نه	نه	نه	نه	ADV
6	تنها	تن	تنها	تنها	ADV
7	نباید	نباید	نباید	نباید	V
8	تحت	تح	تحت	تحت	Pe
9	تأثیر	تأثیر	تأثیر	تأثیر	N
10	القائات	القائ	القائات	القائات	N
11	سیاسی	سیاس	سیاسی	سیاسی	AJ
12	قرار	قرار	قرار	قرار	N
13	بگیرد	بگیرد	گرفت#گیر	بگیرد	V
14	؛	؛	؛	؛	PUNC
15	بلکه	بلکه	بلکه	بلکه	CONJ
16	باید	باید	باید	باید	V
17	خط	خط	خط	خط	N
18	دهنده	دهنده	دهنده	دهنده	N
19	و	و	و	و	CONJ
20	برنامه‌ریز	برنامه‌ریز	برنامه‌ریز	برنامه|ریز	N
21	جریانات	جر	جریانات	جریانات	N
22	سیاسی	سیاس	سیاسی	سیاسی	AJ
23	باشد	باشد	بود#باش	باشد	V
24	و	و	و	و	CONJ
25	مهمترین	مه	مه	مهمترین	AJ
26	عنصر	عنصر	عنصر	عنصر	Ne
27	پیاده	پیاده	پیاده	پیاده	AJ
28	شدن	شدن	شدن	شدن	N
29	این	این	این	این	PRO
30	آرمان	آر	آرمان	آرمان	N
31	،	،	،	،	PUNC
32	دانشجویان	دانشجو	دانشجو	دانشجویان	N
33	و	و	و	و	CONJ
34	اعضای	اعضا	اعضا	اعضای	Ne
35	هیات	ه	هیات	هیات	N
36	علمی	علم	علم	علمی	AJ
37	دانشگاهها	دانشگاه	دانشگاه	دانشگاهها	N
38	و	و	و	و	CONJ
39	در	در	در	در	P
40	رأس	رأس	رأس	رأس	N
41	آنها	آن	آن	آنها	PRO
42	استادان	استاد	استاد	استادان	N
43	نمونه	نمونه	نمونه	نمونه	N
44	هستند	هستند	#هست	هستند	V
45	.	.	.	.	PUNC

0	اگر	اگر	اگر	اگر	CONJ
1	چه	چه	چه	چه	N
2	دانشگاهها	دانشگاه	دانشگاه	دانشگاهها	N
3	باید	باید	باید	باید	V
4	پرچمدار	پرچمدار	پرچمدار	پرچمدار	Ne
5	کرسیهای	کرسی	کرسی	کرسیهای	Ne
6	آزاد	آزاد	آزاد	آزاد	AJ
7	اندیشی	اندیش	اندیشید#اندیش	اندیشی	N
8	و	و	و	و	CONJ
9	حاکمیت	حاکم	حاکمیت	حاکمیت	N
10	دانایی	دانا	دانا	دانایی	N
11	محوری	محور	محور	محوری	N
12	باشند	باشند	بود#باش	باشند	V
13	،	،	،	،	PUNC
14	باید	باید	باید	باید	V
15	توجه	توجه	توجه	توجه	N
16	داشته_باشند	داشته_باشند	داشت#دار	داشته_باشند	V
17	که	که	که	که	CONJ
18	ناخودآگاه	ناخودآگاه	ناخودآگاه	ناخودآگاه	ADV
19	تحت	تح	تحت	تحت	Pe
20	تأثیر	تأثیر	تأثیر	تأثیر	N
21	جوسازیها	جوسازی	جوسازی	جوسازیها	N
22	و	و	و	و	CONJ
23	القائات	القائ	القائات	القائات	N
24	رسانه‌ها	رسانه	رسانه	رسانه|ها	N
25	قرار	قرار	قرار	قرار	N
26	نگیرند	نگیرند	گرفت#گیر	نگیرند	V
27	.	.	.	.	PUNC

0	اقدامات	اقدا	اقدامات	اقدامات	N
1	انجام	انجا	انجام	انجام	N
2	شده	شده	شده	شده	V
3	در	در	در	در	P
4	جهت	جه	جهت	جهت	N
5	ارتقای	ارتقا	ارتقا	ارتقای	Ne
6	جایگاه	جایگاه	جایگاه	جایگاه	N
7	استادان	استاد	استاد	استادان	N
8	نمونه	نمونه	نمونه	نمونه	N
9	اشاره	اشاره	اشاره	اشاره	N
10	کرد	کرد	کرد#کن	کرد	V
11	و	و	و	و	CONJ
12	گفت	گف	گفت#گو	گفت	V
13	:	:	:	:	PUNC
14	در	در	در	در	P
15	بنیاد	بنیاد	بنیاد	بنیاد	N
16	نخبگان	نخبگ	نخبگان	نخبگان	N
17	،	،	،	،	PUNC
18	استادان	استاد	استاد	استادان	N
19	نمونه	نمونه	نمونه	نمونه	N
20	از	از	از	از	P
21	مصادیق	مصادیق	مصادیق	مصادیق	N
22	نخبگان	نخبگ	نخبگان	نخبگان	N
23	شناخته_شدند	شناخته_شدند	شناخت#شناس	شناخته_شدند	V
24	و	و	و	و	CONJ
25	این	این	این	این	PRO
26	امر	امر	امر	امر	N
27	به	به	به	به	P
28	لحاظ	لحاظ	لحاظ	لحاظ	N
29	معنوی	معنو	معنوی	معنوی	AJ
30	،	،	،	،	PUNC
31	اهمیت	اهم	اهمیت	اهمیت	N
32	ویژهای	ویژ	ویژهای	ویژهای	N
33	دارد	دارد	داشت#دار	دارد	V
34	.	.	.	.	PUNC
35	،	،	،	،	PUNC
36	در	در	در	در	P
37	تعریف	تعریف	تعریف	تعریف	N
38	و	و	و	و	CONJ
39	تعیین	تعیین	تعیین	تعیین	Ne
40	شاخصهای	شاخص	شاخص	شاخصهای	Ne
41	لازم	لاز	لازم	لازم	AJ
42	برای	برا	برای	برای	Pe
43	انتخاب	انتخاب	انتخاب	انتخاب	N
44	«	«	«	«	PUNC
45	استاد	استاد	استاد	استاد	N
46	نمونه	نمونه	نمونه	نمونه	N
47	»	»	»	»	PUNC
48	بازنگری	بازنگر	بازنگری	بازنگری	N
49	کنند	کنند	کرد#کن	کنند	V
50	با	با	با	با	P
51	وسواس	وسواس	وسواس	وسواس	N
52	و	و	و	و	CONJ
53	دقت	دق	دقت	دقت	N
54	،	،	،	،	PUNC
55	همچنین	همچنین	همچنین	همچنین	CONJ
56	در	در	در	در	P
57	این	این	این	این	PRO
58	برنامه	برنامه	برنامه	برنامه	N
59	از	از	از	از	P
60	جمعی	جمع	جمع	جمعی	DET
61	از	از	از	از	P
62	دانش	دان	دانش	دانش	N
63	آموختهگان	آموختهگ	آموختهگان	آموختهگان	N
64	نمونه	نمونه	نمونه	نمونه	N
65	و	و	و	و	CONJ
66	استادان	استاد	استاد	استادان	N
67	پیش	پ	پیش	پیش	ADV
68	کسوت	کسو	کسوت	کسوت	Ne
69	این	این	این	این	PRO
70	موسسه	موسسه	موسسه	موسسه	N
71	تقدیر	تقدیر	تقدیر	تقدیر	N
72	می‌شود	می‌شود	شد#شو	می|شود	V
73	.	.	.	.	PUNC

0	سقراط	سقراط	سقراط	سقراط	N
1	به	به	به	به	P
2	دستوردادستان	دستوردادس	دستوردادستان	دستوردادستان	N
3	جام	جا	جام	جام	N
4	شوکران	شوکر	شوکران	شوکران	N
5	را	را	را	را	POSTP
6	نوشید	نوشید	نوشید#نوش	نوشید	V
7	.	.	.	.	PUNC

0	هم	ه	هم	هم	CONJ
1	چنین	چنین	چنین	چنین	PRO
2	نتایج	نتایج	نتایج	نتایج	N
3	مشروطین	مشروطین	مشروطین	مشروطین	N
4	اسفند	اسفند	اسفند	اسفند	N
5	ماه	ماه	ماه	ماه	N
6	۸۲	۸۲	۸۲	۸۲	NUM
7	که	که	که	که	CONJ
8	درس	درس	درس	درس	N
9	مشروطی	مشروط	مشروط	مشروطی	N
10	خود	خود	خود	خود	PRO
11	را	را	را	را	POSTP
12	در	در	در	در	P
13	آزمون	آزمون	آزمون	آزمون	N
14	مرداد	مرداد	مرداد	مرداد	N
15	ماه	ماه	ماه	ماه	N
16	۸۳	۸۳	۸۳	۸۳	NUM
17	امتحان	امتح	امتحان	امتحان	N
18	داده‌اند	داده‌اند	داد#ده	داده|اند	V
19	.	.	.	.	PUNC

0	مردی	مرد	مردی	مردی	N
1	به	به	به	به	P
2	اطفال	اطفال	اطفال	اطفال	N
3	گفت	گف	گفت#گو	گفت	V
4	که	که	که	که	CONJ
5	گلها	گل	گل	گلها	N
6	را	را	را	را	POSTP
7	نکنند	نکنند	کرد#کن	نکنند	V
8	.	.	.	.	PUNC

0	بنا	بنا	بنا	بنا	N
1	به	به	به	به	P
2	دلایل	دلایل	دلایل	دلایل	N
3	معرفی	معرف	معرف	معرفی	Ne
4	شده	شده	شده	شده	V
5	با	با	با	با	P
6	اخذ	اخذ	اخذ	اخذ	Ne
7	نمرات	نمر	نمرات	نمرات	N
8	‌		‌	|	PUNC
9	٢٠	٢٠	٢٠	٢٠	PUNC
10	غیر	غیر	غیر	غیر	N
11	واقعی	واقع	واقعی	واقعی	AJ
12	به	به	به	به	P
13	گروه	گروه	گروه	گروه	N
14	معدل	معدل	معدل	معدل	N
15	بیست‌ها	بیست	بیست	بیست|ها	N
16	پیوسته‌اند	پیوسته‌اند	پیوست#پیوند	پیوسته|اند	V
17	که	که	که	که	CONJ
18	در	در	در	در	P
19	طول	طول	طول	طول	N
20	‌		‌	|	PUNC
21	١۴	١۴	١۴	١۴	NUM
22	سال	سال	سال	سال	N
23	گذشته	گذشته	گذشته	گذشته	N
24	بر	بر	بر	بر	P
25	تعداد	تعداد	تعداد	تعداد	N
26	این	این	این	این	PRO
27	معدل	معدل	معدل	معدل	N
28	بیست‌ها	بیست	بیست	بیست|ها	N
29	به	به	به	به	P
30	طور	طور	طور	طور	N
31	بی‌رویه‌ای	بی‌رویه	بی‌رویه	بی|رویه|ای	N
32	اضافه	اضافه	اضافه	اضافه	AJ
33	شده_است	شده_اس	شد#شو	شده_است	V
34	این	این	این	این	PRO
35	محقق	محقق	محقق	محقق	N
36	تاکید	تاکید	تاکید	تاکید	N
37	دارد	دارد	داشت#دار	دارد	V
38	:	:	:	:	PUNC
39	منطقی‌ترین	منطقی	منطقی‌ترین	منطقی|ترین	AJ
40	روش	رو	روش	روش	N
41	ارزش	ارز	ارزش	ارزش	N
42	یابی	یاب	یافت#یاب	یابی	V
43	سیره	سیره	سیره	سیره	N
44	نبوی	نبو	نبوی	نبوی	N
45	رشته‌های	رشته	رشته	رشته|های	Ne
46	متنوع	متنوع	متنوع	متنوع	AJ
47	دیگری	دیگر	دیگر	دیگری	PRO
48	همچون	همچون	همچون	همچون	ADV
49	وبلاگ	وبلاگ	وبلاگ	وبلاگ	N
50	نویسی	نویس	نوشت#نویس	نویسی	N
51	،	،	،	،	PUNC
52	کتابخوانی	کتابخوان	کتابخوانی	کتابخوانی	N
53	،	،	،	،	PUNC
54	گرافیک	گرافیک	گرافیک	گرافیک	N
55	،	،	،	،	PUNC
56	کاریکاتور	کاریکاتور	کاریکاتور	کاریکاتور	N
57	،	،	،	،	PUNC
58	شعر	شعر	شعر	شعر	N
59	،	،	،	،	PUNC
60	داستان	داس	داستان	داستان	N
61	کوتاه	کوتاه	کوتاه	کوتاه	AJ
62	،	،	،	،	PUNC
63	عکاسی	عکاس	عکاس	عکاسی	N
64	،	،	،	،	PUNC
65	خوشنویسی	خوشنویس	خوشنویس	خوشنویسی	N
66	،	،	،	،	PUNC
67	چهل	چهل	چهل	چهل	NUM
68	حدیث	حدیث	حدیث	حدیث	N
69	نویسی	نویس	نوشت#نویس	نویسی	N
70	،	،	،	،	PUNC
71	نماهنگ	نماهنگ	نماهنگ	نماهنگ	N
72	و	و	و	و	CONJ
73	فیلم	فیل	فیلم	فیلم	N
74	کوتاه	کوتاه	کوتاه	کوتاه	AJ
75	پیش	پ	پیش	پیش	ADV
76	بینی	بین	بینی	بینی	N
77	شده_است	شده_اس	شد#شو	شده_است	V
78	.	.	.	.	PUNC

0	نخستین	نخستین	نخستین	نخستین	AJ
1	مرکز	مرکز	مرکز	مرکز	N
2	آموزش	آموز	آموزش	آموزش	N
3	عالی	عال	عالی	عالی	AJ
4	بین‌المللی	بین‌الملل	بین‌المللی	بین|المللی	AJ
5	دانشگاه	دانشگاه	دانشگاه	دانشگاه	N
6	موناش	مونا	مونا	موناش	N
7	استرالیا	استرالیا	استرالیا	استرالیا	N
8	در	در	در	در	P
9	کیش	ک	کیش	کیش	N
10	آغاز	آغاز	آغاز	آغاز	N
11	به	به	به	به	P
12	کار	کار	کار	کار	N
13	کرد	کرد	کرد#کن	کرد	V
14	.	.	.	.	PUNC

0	وی	و	وی	وی	PRO
1	اعلام	اعلا	اعلام	اعلام	Ne
2	و	و	و	و	CONJ
3	پیش	پ	پیش	پیش	ADV
4	بینی	بین	بینی	بینی	N
5	کرد	کرد	کرد#کن	کرد	V
6	دومین	دومین	دومین	دومین	NUM
7	گردهمآیی	گردهمآ	گردهمآیی	گردهمآیی	N
8	دانشجویان	دانشجو	دانشجو	دانشجویان	N
9	.	.	.	.	PUNC

0	هفتمین	هفتمین	هفتمین	هفتمین	NUM
1	اجلاس	اجلاس	اجلاس	اجلاس	N
2	مشترک	مشترک	مشترک	مشترک	AJ
3	هیاتهای	هیات	هیاتهای	هیاتهای	Ne
4	امنای	امنا	امنا	امنای	Ne
5	دانشگاهها	دانشگاه	دانشگاه	دانشگاهها	N
6	و	و	و	و	CONJ
7	موسسات	موسس	موسسات	موسسات	N
8	آموزش	آموز	آموزش	آموزش	N
9	عالی	عال	عالی	عالی	AJ
10	و	و	و	و	CONJ
11	پژوهشی	پژوهش	پژوهش	پژوهشی	N
12	برگزار	برگزار	برگزار	برگزار	AJ
13	شد	شد	شد#شو	شد	V
14	.	.	.	.	PUNC

0	آیین‌نامه‌های	آیین‌نامه	آیین‌نامه	آیین|نامه|های	Ne
1	مالی	مال	مالی	مالی	N
2	و	و	و	و	CONJ
3	معاملاتی	معاملات	معاملات	معاملاتی	N
4	دانشگاهها	دانشگاه	دانشگاه	دانشگاهها	N
5	برای	برا	برای	برای	Pe
6	رفع	رفع	رفع	رفع	Ne
7	معضلات	معضل	معضلات	معضلات	N
8	معیشتی	معیشت	معیشتی	معیشتی	AJ
9	،	،	،	،	PUNC
10	کارکنان	کارکن	کارکن	کارکنان	N
11	.	.	.	.	PUNC

0	موجب	موجب	موجب	موجب	Ne
1	نگرانی	نگران	نگران	نگرانی	N
2	افکار	افکار	افکار	افکار	N
3	عمومی	عموم	عموم	عمومی	AJ
4	و	و	و	و	CONJ
5	ایجاد	ایجاد	ایجاد	ایجاد	Ne
6	بد	بد	بد	بد	AJ
7	بینی	بین	بینی	بینی	N
8	در	در	در	در	P
9	اذهان	اذه	اذهان	اذهان	N
10	جوانان	جوان	جوان	جوانان	N
11	داوطلب	داوطلب	داوطلب	داوطلب	N
12	ورود	ورود	ورود	ورود	N
13	به	به	به	به	P
14	دانشگاه‌ها	دانشگاه	دانشگاه	دانشگاه|ها	N
15	شده_است	شده_اس	شد#شو	شده_است	V
16	.	.	.	.	PUNC

0	هرگونه	هرگونه	هرگونه	هرگونه	N
1	شائبه‌ای	شائبه	شائبه	شائبه|ای	N
2	به	به	به	به	P
3	دور	دور	دور	دور	N
4	است	اس	#است	است	V
5	و	و	و	و	CONJ
6	به	به	به	به	P
7	هیچ	هیچ	هیچ	هیچ	DET
8	وجه	وجه	وجه	وجه	N
9	ورود	ورود	ورود	ورود	N
10	داوطلبی	داوطلب	داوطلب	داوطلبی	N
11	به	به	به	به	P
12	دانشگاه	دانشگاه	دانشگاه	دانشگاه	N
13	بدون	بدون	بدون	بدون	Pe
14	شرکت	شرک	شرکت	شرکت	N
15	در	در	در	در	P
16	آزمون	آزمون	آزمون	آزمون	N
17	سراسری	سراسر	سراسر	سراسری	AJ
18	و	و	و	و	CONJ
19	کسب	کسب	کسب	کسب	Ne
20	اولویت	اولو	اولویت	اولویت	N
21	علمی	علم	علم	علمی	AJ
22	امکان‌پذیر	امکان‌پذیر	امکان‌پذیر	امکان|پذیر	AJ
23	نبوده	نبوده	بود#باش	نبوده	V
24	و	و	و	و	CONJ
25	نیست	نیس	نیست	نیست	V
26	.	.	.	.	PUNC

0	به	به	به	به	P
1	واحدهای	واحد	واحد	واحدهای	Ne
2	دانشگاهی	دانشگاه	دانشگاه	دانشگاهی	N
3	تهران	تهر	تهران	تهران	N
4	سماء	سماء	سماء	سماء	N
5	،	،	،	،	PUNC
6	آشتیان	آشت	آشتیان	آشتیان	N
7	،	،	،	،	PUNC
8	‌		‌	|	PUNC
9	اراک	اراک	اراک	اراک	N
10	،	،	،	،	PUNC
11	اسلامشهر	اسلامشهر	اسلامشهر	اسلامشهر	N
12	،	،	،	،	PUNC
13	قائم	قائ	قائم	قائم	N
14	شهر	شهر	شهر	شهر	N
15	،	،	،	،	PUNC
16	خوی	خو	خو	خوی	N
17	،	،	،	،	PUNC
18	رودهن	رودهن	رودهن	رودهن	N
19	،	،	،	،	PUNC
20	زرند	زرند	زرند	زرند	N
21	،	،	،	،	PUNC
22	زنجان	زنج	زنجان	زنجان	N
23	،	،	،	،	PUNC
24	سوادکوه	سوادکوه	سوادکوه	سوادکوه	N
25	،	،	،	،	PUNC
26	شاهرود	شاهرود	شاهرود	شاهرود	N
27	،	،	،	،	PUNC
28	شبستر	شبس	شبستر	شبستر	N
29	،	،	،	،	PUNC
30	شهرکرد	شهرکرد	شهرکرد	شهرکرد	N
31	،	،	،	،	PUNC
32	علوم	علو	علوم	علوم	N
33	و	و	و	و	CONJ
34	تحقیقات	تحقیق	تحقیقات	تحقیقات	N
35	تهران	تهر	تهران	تهران	N
36	،	،	،	،	PUNC
37	کاشان	کا	کاشان	کاشان	N
38	،	،	،	،	PUNC
39	کرج	کرج	کرج	کرج	N
40	،	،	،	،	PUNC
41	کرمان	کر	کرمان	کرمان	N
42	،	،	،	،	PUNC
43	مراغه	مراغه	مراغه	مراغه	N
44	،	،	،	،	PUNC
45	میمه	میمه	میمه	میمه	N
46	،	،	،	،	PUNC
47	ورامین	ورامین	ورامین	ورامین	N
48	و	و	و	و	CONJ
49	…	…	…	…	PUNC
50	در	در	در	در	P
51	مقطع	مقطع	مقطع	مقطع	N
52	کارشناسی	کارشناس	کارشناس	کارشناسی	N
53	ارشد	ارشد	ارشد	ارشد	AJ
54	در	در	در	در	P
55	شاخه‌های	شاخه	شاخه	شاخه|های	Ne
56	بیوسیستماتیک	بیوسیستماتیک	بیوسیستماتیک	بیوسیستماتیک	N
57	،	،	،	،	PUNC
58	گیاهی	گیاه	گیاه	گیاهی	N
59	و	و	و	و	CONJ
60	جانوری	جانور	جانور	جانوری	N
61	جنین	جنین	جنین	جنین	N
62	شناسی	شناس	شناخت#شناس	شناسی	N
63	،	،	،	،	PUNC
64	اکولوژی	اکولوژ	اکولوژی	اکولوژی	N
65	،	،	،	،	PUNC
66	فیزیولوژی	فیزیولوژ	فیزیولوژی	فیزیولوژی	N
67	،	،	،	،	PUNC
68	سلولی	سلول	سلول	سلولی	N
69	،	،	،	،	PUNC
70	مولکولی	مولکول	مولکول	مولکولی	N
71	و	و	و	و	CONJ
72	بیوشیمی	بیوشیم	بیوشیمی	بیوشیمی	N
73	و	و	و	و	CONJ
74	در	در	در	در	P
75	دوره‌	دوره	دوره	دوره|	N
76	دکترا	دکترا	دکترا	دکترا	N
77	در	در	در	در	P
78	گرایش	گرا	گرایش	گرایش	N
79	سلولی	سلول	سلول	سلولی	N
80	،	،	،	،	PUNC
81	مولکولی	مولکول	مولکول	مولکولی	N
82	مشغول	مشغول	مشغول	مشغول	AJ
83	به	به	به	به	P
84	تحصیل	تحصیل	تحصیل	تحصیل	N
85	می‌باشند	می‌باشند	بود#باش	می|باشند	V
86	.	.	.	.	PUNC

0	کارخانه‌های	کارخانه	کارخانه	کارخانه|های	Ne
1	مواد	مواد	مواد	مواد	Ne
2	غذایی	غذا	غذا	غذایی	AJ
3	و	و	و	و	CONJ
4	اداره‌های‌	اداره‌های	اداره‌های‌	اداره|های|	N
5	بهداشت	بهدا	بهداشت	بهداشت	N
6	فعالیت	فعال	فعالیت	فعالیت	N
7	کنند	کنند	کرد#کن	کنند	V
8	.	.	.	.	PUNC

0	با	با	با	با	P
1	این	این	این	این	PRO
2	حال	حال	حال	حال	ADV
3	شورای	شورا	شورا	شورای	Ne
4	شهر	شهر	شهر	شهر	N
5	در	در	در	در	P
6	کل	کل	کل	کل	N
7	یک	یک	یک	یک	NUM
8	امر	امر	امر	امر	N
9	سرنوشت	سرنو	سرنوشت	سرنوشت	N
10	ساز	ساز	ساز	ساز	N
11	بوده	بوده	بوده	بوده	V
12	و	و	و	و	CONJ
13	امید	امید	امید	امید	N
14	است	اس	#است	است	V
15	تا	تا	تا	تا	P
16	،	،	،	،	PUNC
17	مشارکت	مشارک	مشارکت	مشارکت	N
18	داشته_باشند	داشته_باشند	داشت#دار	داشته_باشند	V
19	.	.	.	.	PUNC

0	تاکید	تاکید	تاکید	تاکید	N
1	کرد	کرد	کرد#کن	کرد	V
2	:	:	:	:	PUNC
3	اگر	اگر	اگر	اگر	CONJ
4	به	به	به	به	P
5	دانشمندان	دانشمند	دانشمند	دانشمندان	N
6	ارج	ارج	ارج	ارج	N
7	ننهیم	ننه	ننه	ننهیم	V
8	،	،	،	،	PUNC
9	آزادی	آزاد	آزاد	آزادی	N
10	و	و	و	و	CONJ
11	انگیزه	انگیزه	انگیزه	انگیزه	N
12	علمی	علم	علم	علمی	AJ
13	را	را	را	را	POSTP
14	در	در	در	در	P
15	آنان	آن	آن	آنان	PRO
16	تقویت	تقو	تقویت	تقویت	N
17	نکنیم	نکن	کرد#کن	نکنیم	V
18	!	!	!	!	PUNC

0	توسعه	توسعه	توسعه	توسعه	N
1	همه	همه	همه	همه	PRO
2	جانبه	جانبه	جانبه	جانبه	RES
3	کشور	کشور	کشور	کشور	N
4	تحقق	تحقق	تحقق	تحقق	N
5	ناپذیر	ناپذیر	ناپذیر	ناپذیر	N
6	خواهد_ماند	خواهد_ماند	ماند#مان	خواهد_ماند	V
7	.	.	.	.	PUNC

0	اظهار	اظهار	اظهار	اظهار	Ne
1	کرد	کرد	کرد#کن	کرد	V
2	:	:	:	:	PUNC
3	‌		‌	|	PUNC
4	اسم	اس	اسم	اسم	N
5	دانشگاهیا	دانشگاهیا	دانشگاهیا	دانشگاهیا	N
6	مردمان	مرد	مرد	مردمان	N
7	گرگان	گرگ	گرگان	گرگان	N
8	دچاریاس	دچاریاس	دچاریاس	دچاریاس	N
9	شدند	شدند	شد#شو	شدند	V
10	.	.	.	.	PUNC

0	نیاکان	نیاک	نیاکان	نیاکان	N
1	ما	ما	ما	ما	PRO
2	افرادی	افراد	افراد	افرادی	N
3	روشن	روشن	روشن	روشن	AJ
4	ضمیر	ضمیر	ضمیر	ضمیر	N
5	بودند	بودند	بود#باش	بودند	V
6	.	.	.	.	PUNC

0	ن	ن	ن	ن	N
1	برخی	برخ	برخی	برخی	PRO
2	از	از	از	از	P
3	ملاکهای	ملاک	ملاک	ملاکهای	Ne
4	رتبه	رتبه	رتبه	رتبه	N
5	بندی	بند	بست#بند	بندی	N
6	دانشگاههای	دانشگاه	دانشگاه	دانشگاههای	Ne
7	دنیاست	دنیاس	دنیاست	دنیاست	V
8	.	.	.	.	PUNC

0	برنامه	برنامه	برنامه	برنامه	N
1	ریزی	ریز	ریخت#ریز	ریزی	AJ
2	شهری	شهر	شهر	شهری	N
3	،	،	،	،	PUNC
4	فیزیک	فیزیک	فیزیک	فیزیک	N
5	،	،	،	،	PUNC
6	جغرافیای	جغرافیا	جغرافیا	جغرافیای	N
7	انسانی-	انسانی-	انسانی-	انسانی-	PUNC
8	علوم	علو	علوم	علوم	N
9	اقتصادی	اقتصاد	اقتصاد	اقتصادی	AJ
10	،	،	،	،	PUNC
11	جغرافیای	جغرافیا	جغرافیا	جغرافیای	N
12	طبیعی-	طبیعی-	طبیعی-	طبیعی-	PUNC
13	ژئوموفولوژی	ژئوموفولوژ	ژئوموفولوژی	ژئوموفولوژی	N
14	،	،	،	،	PUNC
15	مدیریت	مدیر	مدیریت	مدیریت	N
16	بازرگانی-	بازرگانی-	بازرگانی-	بازرگانی-	V
17	بازاریابی	بازاریاب	بازاریابی	بازاریابی	N
18	،	،	،	،	PUNC
19	جغرافیای	جغرافیا	جغرافیا	جغرافیای	N
20	طبیعی-	طبیعی-	طبیعی-	طبیعی-	PUNC
21	اقلیم	اقل	اقلیم	اقلیم	N
22	شناسی	شناس	شناخت#شناس	شناسی	N
23	،	،	،	،	PUNC
24	مدیریت	مدیر	مدیریت	مدیریت	N
25	بازرگانی-	بازرگانی-	بازرگانی-	بازرگانی-	V
26	رفتار	رفتار	رفتار	رفتار	N
27	سازمانی	سازمان	سازمان	سازمانی	N
28	و	و	و	و	CONJ
29	مدیریت	مدیر	مدیریت	مدیریت	N
30	منابع	منابع	منابع	منابع	N
31	انسانی	انسان	انسان	انسانی	N
32	،	،	،	،	PUNC
33	جامعه	جامعه	جامعه	جامعه	N
34	شناسی	شناس	شناخت#شناس	شناسی	N
35	،	،	،	،	PUNC
36	روانشناسی	روانشناس	روانشناسی	روانشناسی	N
37	عمومی	عموم	عموم	عمومی	AJ
38	،	،	،	،	PUNC
39	فلسفه	فلسفه	فلسفه	فلسفه	N
40	،	،	،	،	PUNC
41	مدیریت	مدیر	مدیریت	مدیریت	N
42	آموزشی	آموزش	آموزش	آموزشی	AJ
43	،	،	،	،	PUNC
44	آموزش	آموز	آموزش	آموزش	N
45	زبان	زب	زبان	زبان	N
46	انگلیسی	انگلیس	انگلیسی	انگلیسی	N
47	،	،	،	،	PUNC
48	برنامه	برنامه	برنامه	برنامه	N
49	ریزی	ریز	ریخت#ریز	ریزی	AJ
50	درسی	درس	درس	درسی	N
51	،	،	،	،	PUNC
52	زبان	زب	زبان	زبان	N
53	و	و	و	و	CONJ
54	ادبیات	ادب	ادبیات	ادبیات	N
55	عرب	عرب	عرب	عرب	N
56	،	،	،	،	PUNC
57	مشاوره	مشاوره	مشاوره	مشاوره	N
58	،	،	،	،	PUNC
59	زبانشناسی	زبانشناس	زبانشناسی	زبانشناسی	N
60	همگانی	همگان	همگانی	همگانی	AJ
61	،	،	،	،	PUNC
62	کامپیوتر-	کامپیوتر-	کامپیوتر-	کامپیوتر-	V
63	نرم	نر	نرم	نرم	AJ
64	افزار	افزار	افزار	افزار	N
65	آمار	آمار	آمار	آمار	N
66	،	،	،	،	PUNC
67	کامپیوتر-	کامپیوتر-	کامپیوتر-	کامپیوتر-	V
68	معماری	معمار	معمار	معماری	N
69	کامپیوتر	کامپیو	کامپیوتر	کامپیوتر	N
70	،	،	،	،	PUNC
71	ریاضی-	ریاضی-	ریاضی-	ریاضی-	PUNC
72	آنالیز	آنالیز	آنالیز	آنالیز	N
73	،	،	،	،	PUNC
74	ریاضی-	ریاضی-	ریاضی-	ریاضی-	PUNC
75	جبر	جبر	جبر	جبر	N
76	،	،	،	،	PUNC
77	زمین	زمین	زمین	زمین	N
78	شناسی-	شناسی-	شناسی-	شناسی-	PUNC
79	چینه	چینه	چینه	چینه	N
80	و	و	و	و	CONJ
81	فسیل	فسیل	فسیل	فسیل	Ne
82	شناسی	شناس	شناخت#شناس	شناسی	N
83	و	و	و	و	CONJ
84	میکروبیولوژی	میکروبیولوژ	میکروبیولوژی	میکروبیولوژی	N
85	دانشجوی	دانشجو	دانشجو	دانشجوی	Ne
86	دکترا	دکترا	دکترا	دکترا	N
87	می‌پذیرد	می‌پذیرد	پذیرفت#پذیر	می|پذیرد	V
88	.	.	.	.	PUNC

0	کسب	کسب	کسب	کسب	Ne
1	حد	حد	حد	حد	N
2	نصاب	نصاب	نصاب	نصاب	N
3	لازم	لاز	لازم	لازم	AJ
4	در	در	در	در	P
5	آزمون	آزمون	آزمون	آزمون	N
6	ورودی	ورود	ورود	ورودی	N
7	به	به	به	به	P
8	دوره‌ی	دوره	دوره	دوره|ی	Ne
9	دکتری	دکتر	دکتری	دکتری	N
10	از	از	از	از	P
11	دیگر	دیگر	دیگر	دیگر	PRO
12	شرایط	شرایط	شرایط	شرایط	N
13	ثبت	ثب	ثبت	ثبت	N
14	نام	نا	نام	نام	Ne
15	است	اس	#است	است	V
16	.	.	.	.	PUNC

0	دانشگاه	دانشگاه	دانشگاه	دانشگاه	N
1	غیر	غیر	غیر	غیر	N
2	مجاز	مجاز	مجاز	مجاز	AJ
3	هاوایی	هاوا	هاوایی	هاوایی	N
4	در	در	در	در	P
5	سال	سال	سال	سال	N
6	‌		‌	|	PUNC
7	۱۳۷۲	۱۳۷۲	۱۳۷۲	۱۳۷۲	NUM
8	تاسیس	تاسیس	تاسیس	تاسیس	N
9	شد	شد	شد#شو	شد	V
10	و	و	و	و	CONJ
11	۵۰۰	۵۰۰	۵۰۰	۵۰۰	NUM
12	فارغ‌التحصیل	فارغ‌التحصیل	فارغ‌التحصیل	فارغ|التحصیل	N
13	بود	بود	بود#باش	بود	V
14	که	که	که	که	CONJ
15	همگی	همگ	همگی	همگی	PRO
16	آنها	آن	آن	آنها	PRO
17	شناسایی	شناسا	شناسایی	شناسایی	N
18	شده‌اند	شده‌اند	شد#شو	شده|اند	V
19	و	و	و	و	CONJ
20	براساس	براساس	براساس	براساس	N
21	کیفرخواست	کیفرخواس	کیفرخواست	کیفرخواست	N
22	حبس	حبس	حبس	حبس	N
23	تعزیری	تعزیر	تعزیر	تعزیری	N
24	(	(	(	(	PUNC
25	بازدارنده	بازدارنده	بازدارنده	بازدارنده	N
26	)	)	)	)	PUNC
27	به	به	به	به	P
28	اتهام	ات	اتهام	اتهام	N
29	کلاهبرداری	کلاهبردار	کلاهبرداری	کلاهبرداری	N
30	تبرئه	تبرئه	تبرئه	تبرئه	N
31	شده	شده	شده	شده	V
32	و	و	و	و	CONJ
33	حکم	حک	حکم	حکم	N
34	۳	۳	۳	۳	NUM
35	سال	سال	سال	سال	N
36	وی	و	وی	وی	PRO
37	نیز	نیز	نیز	نیز	CONJ
38	نقض	نقض	نقض	نقض	N
39	شده_است	شده_اس	شد#شو	شده_است	V
40	.	.	.	.	PUNC

0	در	در	در	در	P
1	صورت	صور	صورت	صورت	N
2	ضرورت	ضرور	ضرورت	ضرورت	N
3	اسامی	اسام	اسامی	اسامی	N
4	فارغ‌التحصیلان	فارغ‌التحصیل	فارغ‌التحصیل	فارغ|التحصیلان	N
5	ذی	ذ	ذی	ذی	AJ
6	نفع	نفع	نفع	نفع	Ne
7	منتشر	منتشر	منتشر	منتشر	AJ
8	می‌شود	می‌شود	شد#شو	می|شود	V
9	.	.	.	.	PUNC

0	تبعات	تبع	تبعات	تبعات	N
1	منفی	منف	منفی	منفی	AJ
2	زیادی	زیاد	زیاد	زیادی	AJ
3	به	به	به	به	P
4	دنبال	دنبال	دنبال	دنبال	Ne
5	خواهد_داشت	خواهد_دا	داشت#دار	خواهد_داشت	V
6	.	.	.	.	PUNC

0	سلام	سلا	سلام	سلام	N
1	به	به	به	به	P
2	همه‌ی	همه	همه	همه|ی	DETe
3	مردم	مرد	مردم	مردم	N
4	ایران	ایر	ایران	ایران	N
5	که	که	که	که	CONJ
6	خوش	خو	خوش	خوش	AJ
7	اخلاق	اخلاق	اخلاق	اخلاق	N
8	هستند	هستند	#هست	هستند	V
9	.	.	.	.	PUNC

0	پلنگی	پلنگ	پلنگ	پلنگی	N
1	با	با	با	با	P
2	پوستی	پوست	پوست	پوستی	N
3	راه	راه	راه	راه	N
4	راه	راه	راه	راه	N
5	دیدم	دید	دید#بین	دیدم	V
6	که	که	که	که	CONJ
7	تند	تند	تند	تند	AJ
8	تند	تند	تند	تند	AJ
9	می‌دوید	می‌دوید	دوید#دو	می|دوید	V
10	و	و	و	و	CONJ
11	من	من	من	من	PRO
12	ترسیدم	ترسید	ترسید#ترس	ترسیدم	V
13	و	و	و	و	CONJ
14	گفتم	گف	گفت#گو	گفتم	V
15	وااای	وااا	وااای	وااای	N
16	.	.	.	.	PUNC

0	محصولاتی	محصولات	محصولات	محصولاتی	N
1	نظیر	نظیر	نظیر	نظیر	ADVe
2	پلاستیک	پلاستیک	پلاستیک	پلاستیک	N
3	،	،	،	،	PUNC
4	دارو	دارو	دارو	دارو	N
5	،	،	،	،	PUNC
6	موادشوینده	موادشوینده	موادشوینده	موادشوینده	N
7	و	و	و	و	CONJ
8	سوخت‌ها	سوخت	سوخت	سوخت|ها	N
9	در	در	در	در	P
10	واحدهای	واحد	واحد	واحدهای	Ne
11	عملی	عمل	عملی	عملی	N
12	استفاده	استفاده	استفاده	استفاده	N
13	می‌کنند	می‌کنند	کرد#کن	می|کنند	V
14	و	و	و	و	CONJ
15	همچنین	همچنین	همچنین	همچنین	CONJ
16	برای	برا	برای	برای	Pe
17	بالابردن	بالابردن	بالابردن	بالابردن	N
18	تولید	تولید	تولید	تولید	N
19	برنامه‌ریزی	برنامه‌ریز	برنامه‌ریزی	برنامه|ریزی	N
20	می‌کند	می‌کند	کرد#کن	می|کند	V
21	.	.	.	.	PUNC

0	انرژی	انرژ	انرژی	انرژی	N
1	هسته‌ای	هسته	هسته‌ای	هسته|ای	AJ
2	،	،	،	،	PUNC
3	صنایع	صنایع	صنایع	صنایع	N
4	غذایی	غذا	غذا	غذایی	AJ
5	،	،	،	،	PUNC
6	توسعه‌ی	توسعه	توسعه	توسعه|ی	Ne
7	منابع	منابع	منابع	منابع	N
8	جدید	جدید	جدید	جدید	AJ
9	انرژی	انرژ	انرژی	انرژی	N
10	،	،	،	،	PUNC
11	تحقیقات	تحقیق	تحقیقات	تحقیقات	N
12	،	،	،	،	PUNC
13	مدیریت	مدیر	مدیریت	مدیریت	N
14	،	،	،	،	PUNC
15	پردازش	پرداز	پردازش	پردازش	N
16	داده‌ها	داده	داده	داده|ها	N
17	و	و	و	و	CONJ
18	میزان	میز	میزان	میزان	N
19	و	و	و	و	CONJ
20	بازار	بازار	بازار	بازار	N
21	فروش	فرو	فروش	فروش	N
22	از	از	از	از	P
23	دیگر	دیگر	دیگر	دیگر	PRO
24	زمینه‌های	زمینه	زمینه	زمینه|های	Ne
25	فعالیت	فعال	فعالیت	فعالیت	N
26	مهندسان	مهندس	مهندس	مهندسان	N
27	شیمی	شیم	شیمی	شیمی	N
28	می‌باشد	می‌باشد	بود#باش	می|باشد	V
29	.	.	.	.	PUNC

0	اما	اما	اما	اما	CONJ
1	قواغنین	قواغنین	قواغنین	قواغنین	N
2	دست	دس	دست	دست	N
3	و	و	و	و	CONJ
4	پاگیر	پاگیر	پاگیر	پاگیر	N
5	دانشگاه	دانشگاه	دانشگاه	دانشگاه	N
6	قم	ق	قم	قم	N
7	،	،	،	،	PUNC
8	چون	چون	چون	چون	CONJ
9	همیشه	همیشه	همیشه	همیشه	ADV
10	انگیزه‌ها	انگیزه	انگیزه	انگیزه|ها	N
11	و	و	و	و	CONJ
12	اراده‌ها	اراده	اراده	اراده|ها	N
13	را	را	را	را	POSTP
14	سرد	سرد	سرد	سرد	AJ
15	و	و	و	و	CONJ
16	بی	ب	بی	بی	P
17	رمق	رمق	رمق	رمق	N
18	می‌نماید	می‌نماید	نمود#نما	می|نماید	V
19	.	.	.	.	PUNC

0	ترافیک	ترافیک	ترافیک	ترافیک	N
1	شدید	شدید	شدید	شدید	AJ
2	در	در	در	در	P
3	اتوبان	اتوب	اتوبان	اتوبان	N
4	چمران	چمر	چمران	چمران	N
5	بسیار	بسیار	بسیار	بسیار	ADV
6	آزار	آزار	آزار	آزار	N
7	دهنده	دهنده	دهنده	دهنده	N
8	بود	بود	بود#باش	بود	V
9	.	.	.	.	PUNC

0	آهنگی	آهنگ	آهنگ	آهنگی	N
1	شنیدم	شنید	شنید#شنو	شنیدم	V
2	که	که	که	که	CONJ
3	خواننده	خواننده	خواننده	خواننده	N
4	با	با	با	با	P
5	صدایی	صدا	صدا	صدایی	N
6	زیبا	زیبا	زیبا	زیبا	AJ
7	و	و	و	و	CONJ
8	رسا	رسا	رسا	رسا	AJ
9	آن	آن	آن	آن	PRO
10	را	را	را	را	POSTP
11	میخواند	میخواند	میخواند	میخواند	V
12	.	.	.	.	PUNC

0	دختری	دختر	دختر	دختری	N
1	با	با	با	با	P
2	کفشهای	کفش	کفش	کفشهای	Ne
3	کتانی	کتان	کتان	کتانی	N
4	دیدم	دید	دید#بین	دیدم	V
5	که	که	که	که	CONJ
6	سبزیجات	سبزیج	سبزیجات	سبزیجات	N
7	میخورد	میخورد	میخورد	میخورد	V
8	.	.	.	.	PUNC

0	واحد	واحد	واحد	واحد	N
1	مرکزی	مرکز	مرکزی	مرکزی	AJ
2	خبر	خبر	خبر	خبر	N
3	اخبار	اخبار	اخبار	اخبار	N
4	جدیدی	جدید	جدید	جدیدی	AJ
5	را	را	را	را	POSTP
6	مخابره	مخابره	مخابره	مخابره	N
7	کرد	کرد	کرد#کن	کرد	V
8	.	.	.	.	PUNC

0	چرا	چرا	چرا	چرا	ADV
1	لباسهای	لباس	لباس	لباسهای	Ne
2	خواهرت	خواهر	خواهر	خواهرت	N
3	را	را	را	را	POSTP
4	اتو	اتو	اتو	اتو	N
5	نکردی	نکرد	کرد#کن	نکردی	V
6	؟	؟	؟	؟	PUNC

0	دشمنان	دشمن	دشمن	دشمنان	N
1	ایران	ایر	ایران	ایران	N
2	در	در	در	در	P
3	همه	همه	همه	همه	PRO
4	نقاط	نقاط	نقاط	نقاط	N
5	جهان	جه	جهان	جهان	N
6	پراکننده	پراکننده	پراکننده	پراکننده	N
7	هستند	هستند	#هست	هستند	V
8	.	.	.	.	PUNC

0	گروه	گروه	گروه	گروه	N
1	بزرگ	بزرگ	بزرگ	بزرگ	AJ
2	موسیقیایی	موسیقیا	موسیقیایی	موسیقیایی	N
3	پاپ	پاپ	پاپ	پاپ	N
4	راک	راک	راک	راک	N
5	در	در	در	در	P
6	کابل	کابل	کابل	کابل	N
7	کنسرت	کنسر	کنسرت	کنسرت	N
8	خواهند_داشت	خواهند_دا	داشت#دار	خواهند_داشت	V
9	.	.	.	.	PUNC

0	دیشب	دیشب	دیشب	دیشب	ADV
1	برنامه	برنامه	برنامه	برنامه	N
2	۹۰	۹۰	۹۰	۹۰	NUM
3	به	به	به	به	P
4	علت	عل	علت	علت	Ne
5	سو	سو	سو	سو	N
6	تفاهم	تفاه	تفاهم	تفاهم	N
7	بین	بین	بین	بین	N
8	دست	دس	دست	دست	N
9	اندر	اندر	اندر	اندر	P
10	کاران	کار	کار	کاران	N
11	پخش	پخ	پخش	پخش	N
12	نشد	نشد	شد#شو	نشد	V
13	.	.	.	.	PUNC

0	ستارگان	ستارگ	ستارگان	ستارگان	N
1	سینمای	سینما	سینما	سینمای	Ne
2	هالیوود	هالیوود	هالیوود	هالیوود	N
3	بسیار	بسیار	بسیار	بسیار	ADV
4	پر	پر	پر	پر	AJ
5	درآمد	درآمد	درآمد	درآمد	N
6	هستند	هستند	#هست	هستند	V
7	.	.	.	.	PUNC

0	سیستم	سیس	سیستم	سیستم	N
1	کامپیوتری	کامپیوتر	کامپیوتری	کامپیوتری	AJ
2	شرکتهای	شرکت	شرکت	شرکتهای	Ne
3	ایرانی	ایران	ایران	ایرانی	AJ
4	قوی	قو	قوی	قوی	AJ
5	نیست	نیس	نیست	نیست	V
6	.	.	.	.	PUNC

0	خواهرم	خواهر	خواهر	خواهرم	N
1	به	به	به	به	P
2	مغازه	مغازه	مغازه	مغازه	N
3	رفت	رف	رفت#رو	رفت	V
4	و	و	و	و	CONJ
5	شکلات	شکل	شکلات	شکلات	N
6	و	و	و	و	CONJ
7	آبنبات	آبنب	آبنبات	آبنبات	N
8	خرید	خرید	خرید	خرید	N
9	.	.	.	.	PUNC

0	او	او	او	او	PRO
1	به	به	به	به	P
2	من	من	من	من	PRO
3	نگاه	نگاه	نگاه	نگاه	N
4	خیلی	خیل	خیلی	خیلی	ADV
5	سنگینی	سنگین	سنگین	سنگینی	Ne
6	کرد	کرد	کرد#کن	کرد	V
7	.	.	.	.	PUNC

0	من	من	من	من	PRO
1	به	به	به	به	P
2	معلمم	معلم	معلم	معلمم	N
3	که	که	که	که	CONJ
4	دست	دس	دست	دست	N
5	به	به	به	به	P
6	سینه	سینه	سینه	سینه	N
7	ایستاده_بود	ایستاده_بود	ایستاد#ایست	ایستاده_بود	V
8	نگاه	نگاه	نگاه	نگاه	N
9	بدی	بد	بدی	بدی	N
10	کردم	کرد	کرد#کن	کردم	V
11	.	.	.	.	PUNC

0	طلاب	طلاب	طلاب	طلاب	N
1	حوزه‌ی	حوزه	حوزه	حوزه|ی	Ne
2	عملیه	عملیه	عملیه	عملیه	N
3	قم	ق	قم	قم	N
4	بسیار	بسیار	بسیار	بسیار	ADV
5	پر	پر	پر	پر	AJ
6	کار	کار	کار	کار	N
7	و	و	و	و	CONJ
8	سخت	سخ	سخت	سخت	AJ
9	کوش	کو	کو	کوش	N
10	هستند	هستند	#هست	هستند	V
11	.	.	.	.	PUNC

0	رانندگی	رانندگ	رانندگی	رانندگی	N
1	با	با	با	با	P
2	سرعت	سرع	سرعت	سرعت	N
3	بالا	بالا	بالا	بالا	AJ
4	برای	برا	برای	برای	Pe
5	سر	سر	سر	سر	N
6	نشینان	نشین	نشینان	نشینان	N
7	و	و	و	و	CONJ
8	راننده	راننده	راننده	راننده	N
9	خطر	خطر	خطر	خطر	N
10	ناک	ناک	ناک	ناک	N
11	است	اس	#است	است	V
12	.	.	.	.	PUNC

0	سه	سه	سه	سه	NUM
1	ماه	ماه	ماه	ماه	N
2	مانده	مانده	مانده	مانده	Ne
3	به	به	به	به	P
4	جشنواره	جشنواره	جشنواره	جشنواره	N
5	فیلم	فیل	فیلم	فیلم	N
6	فجر	فجر	فجر	فجر	N
7	بعضی	بعض	بعضی	بعضی	PRO
8	از	از	از	از	P
9	کار‌گر	کار‌گر	کار‌گر	کار|گر	N
10	دانان	دان	دانان	دانان	N
11	فیلمهای	فیلم	فیلم	فیلمهای	Ne
12	خود	خود	خود	خود	PRO
13	را	را	را	را	POSTP
14	به	به	به	به	P
15	کمیته	کمیته	کمیته	کمیته	N
16	داوران	داور	داور	داوران	N
17	تحویل	تحویل	تحویل	تحویل	N
18	دادند	دادند	داد#ده	دادند	V
19	.	.	.	.	PUNC

0	موسم	موس	موسم	موسم	N
1	بهاران	بهار	بهاران	بهاران	N
2	هوای	هوا	هوا	هوای	Ne
3	شمال	شمال	شمال	شمال	N
4	شهر	شهر	شهر	شهر	N
5	تهران	تهر	تهران	تهران	N
6	بسیار	بسیار	بسیار	بسیار	ADV
7	دل	دل	دل	دل	N
8	ربا	ربا	ربا	ربا	N
9	میشود	میشود	میشود	میشود	V
10	.	.	.	.	PUNC

0	یکی	یک	یک	یکی	NUM
1	از	از	از	از	P
2	آثار	آثار	آثار	آثار	N
3	بشدت	بشد	بشدت	بشدت	ADV
4	دوست	دوس	دوست	دوست	N
5	داشتنی	داشتن	داشتن	داشتنی	N
6	جیم	ج	جیم	جیم	N
7	جارموش	جارمو	جارموش	جارموش	N
8	که	که	که	که	CONJ
9	تماما	تماما	تماما	تماما	ADV
10	حول	حول	حول	حول	Ne
11	محور	محور	محور	محور	N
12	گفتگو	گفتگو	گفتگو	گفتگو	N
13	،	،	،	،	PUNC
14	سیگار	سیگار	سیگار	سیگار	N
15	و	و	و	و	CONJ
16	قهوه	قهوه	قهوه	قهوه	N
17	میگردد	میگردد	میگردد	میگردد	V
18	و	و	و	و	CONJ
19	ادای	ادا	ادا	ادای	Ne
20	دین	دین	دین	دین	N
21	جیم	ج	جیم	جیم	N
22	به	به	به	به	P
23	این	این	این	این	PRO
24	دو	دو	دو	دو	NUM
25	عزیز	عزیز	عزیز	عزیز	N
26	است	اس	#است	است	V
27	.	.	.	.	PUNC

0	صداوسیمای	صداوسیما	صداوسیما	صداوسیمای	N
1	جمهوری	جمهور	جمهوری	جمهوری	N
2	اسلامی	اسلام	اسلام	اسلامی	AJ
3	ایران	ایر	ایران	ایران	N
4	برنامههای	برنامه	برنامه	برنامههای	N
5	جالبی	جالب	جالب	جالبی	AJ
6	ندارد	ندارد	داشت#دار	ندارد	V
7	.	.	.	.	PUNC

0	پرداخت	پرداخ	پرداخت	پرداخت	Ne
1	قبض	قبض	قبض	قبض	Ne
2	به	به	به	به	P
3	صورت	صور	صورت	صورت	N
4	الکترونیکی	الکترونیک	الکترونیک	الکترونیکی	AJ
5	هزینه	هزینه	هزینه	هزینه	N
6	آبونمان	آبون	آبونمان	آبونمان	N
7	را	را	را	را	POSTP
8	کاهش	کاه	کاهش	کاهش	N
9	بسزایی	بسزا	بسزایی	بسزایی	AJ
10	میدهد	میدهد	میدهد	میدهد	V
11	.	.	.	.	PUNC

0	آشپزی	آشپز	آشپز	آشپزی	N
1	در	در	در	در	P
2	رستوران	رستور	رستوران	رستوران	N
3	هنگام	هنگا	هنگام	هنگام	N
4	پخت	پخ	پخت#پز	پخت	N
5	غذا	غذا	غذا	غذا	N
6	دستش	دست	دست	دستش	N
7	سوخت	سوخ	سوخت	سوخت	N
8	.	.	.	.	PUNC

0	ماشین	ماشین	ماشین	ماشین	N
1	آلات	آل	آلات	آلات	N
2	چینی	چین	چینی	چینی	AJ
3	کیفیت	کیف	کیفیت	کیفیت	N
4	مرغوبی	مرغوب	مرغوب	مرغوبی	N
5	ندارند	ندارند	داشت#دار	ندارند	V
6	.	.	.	.	PUNC

0	کردستان	کردس	کردستان	کردستان	N
1	سرزمینی	سرزمین	سرزمین	سرزمینی	N
2	بسیار	بسیار	بسیار	بسیار	ADV
3	دل	دل	دل	دل	N
4	فریب	فریب	فریب	فریب	N
5	میباشد	میباشد	میباشد	میباشد	V
6	.	.	.	.	PUNC

0	الهی	اله	اله	الهی	AJ
1	جانتان	جان	جان	جانتان	N
2	سلامت	سلام	سلامت	سلامت	N
3	و	و	و	و	CONJ
4	تن	تن	تن	تن	N
5	درست	درس	درست	درست	ADV
6	باشد	باشد	بود#باش	باشد	V
7	.	.	.	.	PUNC

0	البسه	البسه	البسه	البسه	N
1	خودتان	خود	خود	خودتان	PRO
2	را	را	را	را	POSTP
3	با	با	با	با	P
4	اتو	اتو	اتو	اتو	N
5	صاف	صاف	صاف	صاف	AJ
6	کنید	کنید	کرد#کن	کنید	V
7	.	.	.	.	PUNC

0	بیماران	بیمار	بیمار	بیماران	N
1	قبلی	قبل	قبل	قبلی	AJ
2	و	و	و	و	CONJ
3	عروقی	عروق	عروق	عروقی	AJ
4	در	در	در	در	P
5	بیمارستان	بیمارس	بیمارستان	بیمارستان	N
6	آبان	آب	آبان	آبان	N
7	بستری	بستر	بستری	بستری	N
8	شدند	شدند	شد#شو	شدند	V
9	.	.	.	.	PUNC

0	سامان	سا	سامان	سامان	N
1	پسری	پسر	پسر	پسری	N
2	هنرمند	هنرمند	هنرمند	هنرمند	N
3	او	او	او	او	PRO
4	موسیقی	موسیق	موسیقی	موسیقی	N
5	دان	د	دان	دان	N
6	است	اس	#است	است	V
7	.	.	.	.	PUNC

0	مجمع	مجمع	مجمع	مجمع	N
1	عمومی	عموم	عموم	عمومی	AJ
2	و	و	و	و	CONJ
3	انتخابات	انتخاب	انتخابات	انتخابات	N
4	شورای	شورا	شورا	شورای	Ne
5	مرکزی	مرکز	مرکزی	مرکزی	AJ
6	و	و	و	و	CONJ
7	بازرسین	بازرسین	بازرسین	بازرسین	N
8	جامعه	جامعه	جامعه	جامعه	N
9	دانش‌آموختگان	دانش‌آموختگ	دانش‌آموختگان	دانش|آموختگان	N
10	دانشگاه	دانشگاه	دانشگاه	دانشگاه	N
11	ظرف	ظرف	ظرف	ظرف	N
12	ماه	ماه	ماه	ماه	N
13	آتی	آت	آتی	آتی	AJ
14	برگزار	برگزار	برگزار	برگزار	AJ
15	میشود	میشود	میشود	میشود	V
16	.	.	.	.	PUNC

