0	آن	آن	آن	آن	PRO
1	روز	روز	روز	روز	N
2	مورخ	مورخ	مورخ	مورخ	Ne
3	۹۷/۷/۲۰	۹۷/۷/۲۰	۹۷/۷/۲۰	۹۷/۷/۲۰	NUM
4	یا	یا	یا	یا	CONJ
5	به	به	به	به	P
6	عبارتی	عبارت	عبارت	عبارتی	N
7	۲۰	۲۰	۲۰	۲۰	NUM
8	مهر	مهر	مهر	مهر	N
9	۹۷	۹۷	۹۷	۹۷	NUM
10	حدود	حدود	حدود	حدود	DETe
11	ساعت	ساع	ساعت	ساعت	N
12	۹:۱۵	۹:۱۵	۹:۱۵	۹:۱۵	NUM
13	در	در	در	در	P
14	کلاس	کلاس	کلاس	کلاس	N
15	مبحثی	مبحث	مبحث	مبحثی	N
16	بیان	ب	بیان	بیان	N
17	شد	شد	شد#شو	شد	V
18	که	که	که	که	CONJ
19	بیانگر	بیانگر	بیانگر	بیانگر	Ne
20	ابهامات	اب	ابهامات	ابهامات	N
21	بسیاری	بسیار	بسیار	بسیاری	PRO
22	بود	بود	بود#باش	بود	V
23	.	.	.	.	PUNC

0	به	به	به	به	P
1	طوری	طور	طوری	طوری	N
2	که	که	که	که	CONJ
3	هر	هر	هر	هر	DET
4	نفر	نفر	نفر	نفر	N
5	پاسخ	پاسخ	پاسخ	پاسخ	N
6	متفاوتی	متفاوت	متفاوت	متفاوتی	AJ
7	داشت	دا	داشت	داشت	V
8	و	و	و	و	CONJ
9	هرکس	هرکس	هرکس	هرکس	N
10	جداگانه	جداگانه	جداگانه	جداگانه	ADV
11	برای	برا	برای	برای	Pe
12	خود	خود	خود	خود	PRO
13	دانش	دان	دانش	دانش	N
14	اندوزی	اندوز	اندوزی	اندوزی	N
15	میکرد	میکرد	میکرد	میکرد	V
16	!	!	!	!	PUNC

0	جواب	جواب	جواب	جواب	N
1	درست	درس	درست	درست	ADV
2	۰٫	۰٫	۰٫	۰٫	NUM
3	۸۹	۸۹	۸۹	۸۹	NUM
4	بودولی	بودول	بودولی	بودولی	N
5	هر	هر	هر	هر	DET
6	کس	کس	کس	کس	N
7	یک	یک	یک	یک	NUM
8	چیزی	چیز	چیز	چیزی	N
9	برای	برا	برای	برای	Pe
10	گفتن	گفتن	گفتن	گفتن	N
11	داشت	دا	داشت	داشت	V
12	!	!	!	!	PUNC

0	مانند	مانند	مانند	مانند	ADVe
1	۳/۴	۳/۴	۳/۴	۳/۴	NUM
2	،	،	،	،	PUNC
3	.	.	.	.	PUNC
4	۳۲	۳۲	۳۲	۳۲	NUM
5	،	،	،	،	PUNC
6	.	.	.	.	PUNC
7	۴	۴	۴	۴	NUM
8	و	و	و	و	CONJ
9	…	…	…	…	PUNC
10	نزدیک‌ترین	نزدیک	نزدیک	نزدیک|ترین	N
11	جواب	جواب	جواب	جواب	N
12	را	را	را	را	POSTP
13	فاطمة	فاطمة	فاطمة	فاطمة	N
14	دادهبود	دادهبود	دادهبود	دادهبود	N
15	،	،	،	،	PUNC
16	۱٫	۱٫	۱٫	۱٫	NUM
17	۱۲	۱۲	۱۲	۱۲	NUM
18	!	!	!	!	PUNC

0	هم	ه	هم	هم	CONJ
1	همه	همه	همه	همه	PRO
2	درگر	درگر	درگر	درگر	N
3	فته	فته	فته	فته	N
4	بودکه	بودکه	بودکه	بودکه	CONJ
5	در	در	در	در	P
6	نه	نه	نه	نه	ADV
7	و	و	و	و	CONJ
8	سی	س	سی	سی	NUM
9	دقیقه	دقیقه	دقیقه	دقیقه	N
10	،	،	،	،	PUNC
11	معلم	معل	معلم	معلم	N
12	رسید	رسید	رسید	رسید	V
13	؛	؛	؛	؛	PUNC
14	همان	ه	همان	همان	DET
15	ابتداپرسید	ابتداپرسید	ابتداپرسید	ابتداپرسید	N
16	:	:	:	:	PUNC
17	«	«	«	«	PUNC
18	پاسخ	پاسخ	پاسخ	پاسخ	N
19	۱٫	۱٫	۱٫	۱٫	NUM
20	۱۲	۱۲	۱۲	۱۲	NUM
21	راچه	راچه	راچه	راچه	N
22	کسی	کس	کس	کسی	N
23	بدست	بدس	بدست	بدست	P
24	آورده	آورده	آورده	آورده	V
25	؟	؟	؟	؟	PUNC

0	اسمی	اسم	اسم	اسمی	N
1	روی	رو	روی	روی	N
2	برگه‌اش	برگه	برگه	برگه|اش	N
3	نبود	نبود	بود#باش	نبود	V
4	!	!	!	!	PUNC
5	»	»	»	»	PUNC
6	همین	همین	همین	همین	PRO
7	جابود	جابود	جابود	جابود	N
8	که	که	که	که	CONJ
9	فاطمة	فاطمة	فاطمة	فاطمة	N
10	فهمیدحق	فهمیدحق	فهمیدحق	فهمیدحق	N
11	با	با	با	با	P
12	اوبوده	اوبوده	اوبوده	اوبوده	N
13	!	!	!	!	PUNC

0	دیگر	دیگر	دیگر	دیگر	PRO
1	ساعت	ساع	ساعت	ساعت	N
2	۱۰	۱۰	۱۰	۱۰	NUM
3	شده_بود	شده_بود	شد#شو	شده_بود	V
4	.	.	.	.	PUNC

0	همه	همه	همه	همه	PRO
1	آرام	آرا	آرام	آرام	AJ
2	شدند	شدند	شد#شو	شدند	V
3	ودیگر	ودیگر	ودیگر	ودیگر	N
4	به	به	به	به	P
5	شدت	شد	شدت	شدت	N
6	شک	شک	شک	شک	N
7	هابرطرف	هابرطرف	هابرطرف	هابرطرف	N
8	شده	شده	شده	شده	V
9	بودو	بودو	بودو	بودو	N
10	برایشان	برا	برایشان	برایشان	P
11	بسیار	بسیار	بسیار	بسیار	ADV
12	تعجب	تعجب	تعجب	تعجب	N
13	آور	آور	آور	آور	N
14	بود…	بود…	بود…	بود…	PUNC
15	همه	همه	همه	همه	PRO
16	با	با	با	با	P
17	کنجکاوی	کنجکاو	کنجکاو	کنجکاوی	N
18	به	به	به	به	P
19	تخته	تخته	تخته	تخته	N
20	نگاه	نگاه	نگاه	نگاه	N
21	می‌کردند	می‌کردند	کرد#کن	می|کردند	V
22	و	و	و	و	CONJ
23	مشتاق	مشتاق	مشتاق	مشتاق	AJ
24	انه	انه	انه	انه	N
25	حرکت	حرک	حرکت	حرکت	N
26	گچ	گچ	گچ	گچ	N
27	روی	رو	روی	روی	N
28	آن	آن	آن	آن	PRO
29	را	را	را	را	POSTP
30	دنبال	دنبال	دنبال	دنبال	Ne
31	،	،	،	،	PUNC
32	تا	تا	تا	تا	P
33	راه	راه	راه	راه	N
34	حل	حل	حل	حل	N
35	را	را	را	را	POSTP
36	ببینند	ببینند	ببینند	ببینند	V
37	که	که	که	که	CONJ
38	ناگهان	ناگه	ناگهان	ناگهان	ADV
39	در	در	در	در	P
40	ساعت	ساع	ساعت	ساعت	N
41	۱۰:۱۵	۱۰:۱۵	۱۰:۱۵	۱۰:۱۵	NUM
42	زنگ	زنگ	زنگ	زنگ	N
43	خورد	خورد	خورد#خور	خورد	V
44	که	که	که	که	CONJ
45	همه	همه	همه	همه	PRO
46	را	را	را	را	POSTP
47	به	به	به	به	P
48	دلیل	دلیل	دلیل	دلیل	N
49	این	این	این	این	PRO
50	یک	یک	یک	یک	NUM
51	ربع	ربع	ربع	ربع	NUM
52	زودتر	زود	زود	زودتر	ADV
53	زنگ	زنگ	زنگ	زنگ	N
54	خوردن	خوردن	خوردن	خوردن	N
55	تعجب	تعجب	تعجب	تعجب	N
56	زده	زده	زده	زده	V
57	کرد	کرد	کرد#کن	کرد	V
58	!	!	!	!	PUNC

0	معلم	معل	معلم	معلم	N
1	به	به	به	به	P
2	نماینده	نماینده	نماینده	نماینده	N
3	گفت	گف	گفت#گو	گفت	V
4	ایمیل	ایمیل	ایمیل	ایمیل	N
5	(	(	(	(	PUNC
6	email	email	email	email	RES
7	)	)	)	)	PUNC
8	همه	همه	همه	همه	PRO
9	دانش	دان	دانش	دانش	N
10	آموزان	آموز	آموزان	آموزان	N
11	را	را	را	را	POSTP
12	بگیرد	بگیرد	گرفت#گیر	بگیرد	V
13	تا	تا	تا	تا	P
14	پاسخ	پاسخ	پاسخ	پاسخ	N
15	را	را	را	را	POSTP
16	به	به	به	به	P
17	آن‌ها	آن	آن	آن|ها	PRO
18	میل	میل	میل	میل	N
19	کند	کند	کند	کند	V
20	.	.	.	.	PUNC

0	ایمیل‌های	ایمیل	ایمیل	ایمیل|های	N
1	جالبی	جالب	جالب	جالبی	AJ
2	شنیده	شنیده	شنیده	شنیده	V
3	میشد	میشد	میشد	میشد	V
4	،	،	،	،	PUNC
5	مثل	مثل	مثل	مثل	ADVe
6	BeFunny@yahoo	BeFunny@yahoo	BeFunny@yahoo	BeFunny@yahoo	PUNC
7	.	.	.	.	PUNC

0	com	com	com	com	RES
1	،	،	،	،	PUNC
2	sara_happy_girl@gmail	sara_happy_girl@gmail	sara_happy_girl@gmail	sara_happy_girl@gmail	PUNC
3	.	.	.	.	PUNC

0	com	com	com	com	RES
1	یا	یا	یا	یا	CONJ
2	lonely	lonely	lonely	lonely	RES
3	.	.	.	.	PUNC

0	girl@gamil	girl@gamil	girl@gamil	girl@gamil	PUNC
1	.	.	.	.	PUNC

0	com	com	com	com	RES
1	و	و	و	و	CONJ
2	…	…	…	…	PUNC
3	که	که	که	که	CONJ
4	تا	تا	تا	تا	P
5	حدودی	حدود	حدود	حدودی	N
6	از	از	از	از	P
7	روی	رو	روی	روی	N
8	این	این	این	این	PRO
9	قبیل	قبیل	قبیل	قبیل	Ne
10	آدرس	آدرس	آدرس	آدرس	Ne
11	ایمیل‌ها	ایمیل	ایمیل	ایمیل|ها	N
12	می‌توان	می‌تو	می‌توان	می|توان	V
13	به	به	به	به	P
14	حال	حال	حال	حال	ADV
15	درونی	درون	درون	درونی	AJ
16	صاحب	صاحب	صاحب	صاحب	N
17	email	email	email	email	RES
18	پی	پ	پی	پی	N
19	برد	برد	برد	برد	N
20	.	.	.	.	PUNC
21	.	.	.	.	PUNC

0	الگوریتم‌های	الگوریتم	الگوریتم	الگوریتم|های	N
1	مختلفی	مختلف	مختلف	مختلفی	AJ
2	وجود	وجود	وجود	وجود	N
3	دارد	دارد	داشت#دار	دارد	V
4	برای	برا	برای	برای	Pe
5	کلاس	کلاس	کلاس	کلاس	N
6	بندی	بند	بست#بند	بندی	N
7	کردن	کردن	کردن	کردن	N
8	داده‌ها	داده	داده	داده|ها	N
9	(	(	(	(	PUNC
10	data	data	data	data	RES
11	)	)	)	)	PUNC
12	؛	؛	؛	؛	PUNC
13	مانند	مانند	مانند	مانند	ADVe
14	کی	ک	کی	کی	ADV
15	.	.	.	.	PUNC

0	ان		ان	ان	N
1	.	.	.	.	PUNC

0	ان		ان	ان	N
1	،	،	،	،	PUNC
2	اس	اس	اس	اس	N
3	.	.	.	.	PUNC

0	وی	و	وی	وی	PRO
1	.	.	.	.	PUNC

0	ام	ا	ام	ام	N
1	،	،	،	،	PUNC
2	سی	س	سی	سی	NUM
3	.	.	.	.	PUNC

0	ان		ان	ان	N
1	.	.	.	.	PUNC

0	ان		ان	ان	N
1	و	و	و	و	CONJ
2	غیره	غیره	غیره	غیره	PRO
3	،	،	،	،	PUNC
4	که	که	که	که	CONJ
5	برای	برا	برای	برای	Pe
6	هر	هر	هر	هر	DET
7	کاربرد	کاربرد	کاربرد	کاربرد	N
8	باید	باید	باید	باید	V
9	بررسی	بررس	بررسی	بررسی	Ne
10	کنیم	کن	کرد#کن	کنیم	V
11	ببینیم	ببین	ببینیم	ببینیم	V
12	کدام	کدا	کدام	کدام	N
13	یک	یک	یک	یک	NUM
14	برای	برا	برای	برای	Pe
15	کارمان	کار	کار	کارمان	N
16	دقت	دق	دقت	دقت	N
17	(	(	(	(	PUNC
18	accuracy	accuracy	accuracy	accuracy	RES
19	)	)	)	)	PUNC
20	بالاتری	بالاتر	بالاتری	بالاتری	AJ
21	دارد	دارد	داشت#دار	دارد	V
22	.	.	.	.	PUNC

0	گاهی	گاه	گاه	گاهی	ADV
1	بیش	ب	بیش	بیش	AJ
2	از	از	از	از	P
3	۰٫۵	۰٫۵	۰٫۵	۰٫۵	NUM
4	درصدازوقت‌های	درصدازوقت	درصدازوقت‌های	درصدازوقت|های	N
5	روز	روز	روز	روز	N
6	مره	مره	مره	مره	N
7	ما	ما	ما	ما	PRO
8	صرف	صرف	صرف	صرف	Ne
9	اتفاقاتی	اتفاقات	اتفاقات	اتفاقاتی	N
10	میشودکه	میشودکه	میشودکه	میشودکه	N
11	هنوزرخ	هنوزرخ	هنوزرخ	هنوزرخ	N
12	نداده‌اند	نداده‌اند	داد#ده	نداده|اند	V
13	و	و	و	و	CONJ
14	ممکن	ممکن	ممکن	ممکن	AJ
15	است	اس	#است	است	V
16	هیچ	هیچ	هیچ	هیچ	DET
17	وقت	وق	وقت	وقت	N
18	هم	ه	هم	هم	CONJ
19	رخ	رخ	رخ	رخ	N
20	ندهند	ندهند	داد#ده	ندهند	V
21	!!	!!	!!	!!	PUNC

0	یادرمقابل	یادرمقابل	یادرمقابل	یادرمقابل	N
1	مروراتفاقاتی	مروراتفاقات	مروراتفاقاتی	مروراتفاقاتی	N
2	که	که	که	که	CONJ
3	پیشامده	پیشامده	پیشامده	پیشامده	N
4	وتمام	وتما	وتمام	وتمام	N
5	شده	شده	شده	شده	V
6	!!	!!	!!	!!	PUNC

0	که	که	که	که	CONJ
1	این‌ها	این	این	این|ها	PRO
2	شاید	شاید	شاید	شاید	ADV
3	حتی	حت	حتی	حتی	ADV
4	آن	آن	آن	آن	PRO
5	قدر	قدر	قدر	قدر	N
6	مهم	مه	مهم	مهم	AJ
7	هم	ه	هم	هم	CONJ
8	نباشند	نباشند	بود#باش	نباشند	V
9	!!	!!	!!	!!	PUNC

0	یعنی	یعن	یعنی	یعنی	CONJ
1	اصلامهم	اصلامه	اصلامهم	اصلامهم	N
2	نباشند	نباشند	بود#باش	نباشند	V
3	!	!	!	!	PUNC

0	مثل	مثل	مثل	مثل	ADVe
1	فکر	فکر	فکر	فکر	N
2	کردن	کردن	کردن	کردن	N
3	به	به	به	به	P
4	این	این	این	این	PRO
5	که	که	که	که	CONJ
6	فلان	فل	فلان	فلان	PRO
7	شخص	شخص	شخص	شخص	N
8	اگر	اگر	اگر	اگر	CONJ
9	ما	ما	ما	ما	PRO
10	فلان	فل	فلان	فلان	PRO
11	کار	کار	کار	کار	N
12	را	را	را	را	POSTP
13	که	که	که	که	CONJ
14	به	به	به	به	P
15	نظرمان	نظر	نظر	نظرمان	N
16	درست	درس	درست	درست	ADV
17	است	اس	#است	است	V
18	را	را	را	را	POSTP
19	انجام	انجا	انجام	انجام	N
20	دهیم	ده	داد#ده	دهیم	V
21	،	،	،	،	PUNC
22	در	در	در	در	P
23	موردماچه	موردماچه	موردماچه	موردماچه	N
24	فکری	فکر	فکر	فکری	N
25	می‌کند	می‌کند	کرد#کن	می|کند	V
26	!!	!!	!!	!!	PUNC

0	چه	چه	چه	چه	N
1	بسا	بسا	بسا	بسا	ADV
2	اصلافلان	اصلافل	اصلافلان	اصلافلان	N
3	شخص	شخص	شخص	شخص	N
4	به	به	به	به	P
5	ذهنش	ذهن	ذهن	ذهنش	N
6	هم	ه	هم	هم	CONJ
7	چنین	چنین	چنین	چنین	PRO
8	فکری	فکر	فکر	فکری	N
9	خطورنکند	خطورنکند	خطورنکند	خطورنکند	N
10	!	!	!	!	PUNC

0	یامثلا	یامثلا	یامثلا	یامثلا	N
1	فکر	فکر	فکر	فکر	N
2	کردن	کردن	کردن	کردن	N
3	به	به	به	به	P
4	اینکه	اینکه	اینکه	اینکه	CONJ
5	اگر	اگر	اگر	اگر	CONJ
6	فلان	فل	فلان	فلان	PRO
7	چیز	چیز	چیز	چیز	N
8	گفته_شود	گفته_شود	گفت#گو	گفته_شود	V
9	ممکن	ممکن	ممکن	ممکن	AJ
10	است	اس	#است	است	V
11	چه	چه	چه	چه	N
12	اتفاقیبیفتد	اتفاقیبیفتد	اتفاقیبیفتد	اتفاقیبیفتد	N
13	یا	یا	یا	یا	CONJ
14	بقیه	بقیه	بقیه	بقیه	N
15	چه	چه	چه	چه	N
16	بگویند	بگویند	گفت#گو	بگویند	V
17	!!	!!	!!	!!	PUNC

0	یا	یا	یا	یا	CONJ
1	مثلا	مثلا	مثلا	مثلا	ADV
2	من	من	من	من	PRO
3	که	که	که	که	CONJ
4	فلان	فل	فلان	فلان	PRO
5	کار	کار	کار	کار	N
6	را	را	را	را	POSTP
7	کردم	کرد	کرد#کن	کردم	V
8	آیا	آیا	آیا	آیا	ADV
9	بهمان	به	بهمان	بهمان	PRO
10	شخص	شخص	شخص	شخص	N
11	ازمن	ازمن	ازمن	ازمن	N
12	ناراحت	ناراح	ناراحت	ناراحت	AJ
13	شده	شده	شده	شده	V
14	یانه	یانه	یانه	یانه	N
15	؟	؟	؟	؟	PUNC

0	گاهی	گاه	گاه	گاهی	ADV
1	با	با	با	با	P
2	یک	یک	یک	یک	NUM
3	بارپرسیدن	بارپرسیدن	بارپرسیدن	بارپرسیدن	N
4	ازآن	ازآن	ازآن	ازآن	N
5	شخص	شخص	شخص	شخص	N
6	،	،	،	،	PUNC
7	یاباصحبت	یاباصحب	یاباصحبت	یاباصحبت	N
8	کردن	کردن	کردن	کردن	N
9	با	با	با	با	P
10	یک	یک	یک	یک	NUM
11	فرد	فرد	فرد	فرد	N
12	که	که	که	که	CONJ
13	مطمئنیم	مطمئن	مطمئن	مطمئنیم	N
14	مارا	مارا	مارا	مارا	N
15	دوست	دوس	دوست	دوست	N
16	دارد	دارد	داشت#دار	دارد	V
17	و	و	و	و	CONJ
18	همچنین	همچنین	همچنین	همچنین	CONJ
19	از	از	از	از	P
20	دیدگاهمان	دیدگاه	دیدگاه	دیدگاهمان	N
21	آگاه	آگاه	آگاه	آگاه	AJ
22	و	و	و	و	CONJ
23	فهمیده_است	فهمیده_اس	فهمید#فهم	فهمیده_است	V
24	،	،	،	،	PUNC
25	می‌توان	می‌تو	می‌توان	می|توان	V
26	خیلی	خیل	خیلی	خیلی	ADV
27	ازآشفتگی‌های	ازآشفتگی	ازآشفتگی‌های	ازآشفتگی|های	N
28	فکری	فکر	فکر	فکری	N
29	و	و	و	و	CONJ
30	بسیاری	بسیار	بسیار	بسیاری	PRO
31	موارد	موارد	موارد	موارد	N
32	که	که	که	که	CONJ
33	فکرما	فکرما	فکرما	فکرما	N
34	را	را	را	را	POSTP
35	مشوش	مشو	مشوش	مشوش	AJ
36	می‌کندرها	می‌کندر	می‌کندرها	می|کندرها	N
37	شد	شد	شد#شو	شد	V
38	؛	؛	؛	؛	PUNC
39	خیلیاز	خیلیاز	خیلیاز	خیلیاز	N
40	مسائل	مسائل	مسائل	مسائل	N
41	را	را	را	را	POSTP
42	می‌توان	می‌تو	می‌توان	می|توان	V
43	حل	حل	حل	حل	N
44	کرد	کرد	کرد#کن	کرد	V
45	و	و	و	و	CONJ
46	به	به	به	به	P
47	دنبال	دنبال	دنبال	دنبال	Ne
48	آن	آن	آن	آن	PRO
49	میتوانیم	میتوان	میتوانیم	میتوانیم	V
50	از	از	از	از	P
51	وقتمان	وق	وقتمان	وقتمان	N
52	مفید	مفید	مفید	مفید	N
53	تراستفاده	تراستفاده	تراستفاده	تراستفاده	N
54	کنیم	کن	کرد#کن	کنیم	V
55	وشادتربه	وشادتربه	وشادتربه	وشادتربه	N
56	زیست	زیس	زیست	زیست	N
57	ن	ن	ن	ن	N
58	خود	خود	خود	خود	PRO
59	ادامه	ادامه	ادامه	ادامه	N
60	دهیم	ده	داد#ده	دهیم	V
61	!!	!!	!!	!!	PUNC

0	در	در	در	در	P
1	پارهای	پار	پار	پارهای	N
2	ازمسائل	ازمسائل	ازمسائل	ازمسائل	N
3	،	،	،	،	PUNC
4	مشکلزمانی	مشکلزمان	مشکلزمانی	مشکلزمانی	N
5	رخمی	رخم	رخمی	رخمی	N
6	دهدکه	دهدکه	دهدکه	دهدکه	N
7	فعل‌های	فعل	فعل	فعل|های	N
8	مرکب	مرکب	مرکب	مرکب	N
9	واردکارمیشوند	واردکارمیشوند	واردکارمیشوند	واردکارمیشوند	V
10	.	.	.	.	PUNC

0	باید	باید	باید	باید	V
1	با	با	با	با	P
2	آنها	آن	آن	آنها	PRO
3	چهطور	چهطور	چهطور	چهطور	N
4	برخورد	برخورد	برخورد	برخورد	N
5	کرد	کرد	کرد#کن	کرد	V
6	؟؟	؟؟	؟؟	؟؟	PUNC

0	فعل	فعل	فعل	فعل	N
1	هایی		هایی	هایی	N
2	مانند	مانند	مانند	مانند	ADVe
3	:	:	:	:	PUNC
4	«	«	«	«	PUNC
5	نگاه	نگاه	نگاه	نگاه	N
6	کردن	کردن	کردن	کردن	N
7	،	،	،	،	PUNC
8	صدازدن	صدازدن	صدازدن	صدازدن	N
9	،	،	،	،	PUNC
10	مشوش	مشو	مشوش	مشوش	AJ
11	شدن	شدن	شدن	شدن	N
12	و	و	و	و	CONJ
13	…	…	…	…	PUNC
14	»	»	»	»	PUNC
15	.	.	.	.	PUNC

0	در۹خردادنودوهفت	در۹خردادنودوهف	در۹خردادنودوهفت	در۹خردادنودوهفت	N
1	(	(	(	(	PUNC
2	۱۳۹۷	۱۳۹۷	۱۳۹۷	۱۳۹۷	NUM
3	٫	٫	٫	٫	PUNC
4	۳.۹	۳.۹	۳.۹	۳.۹	NUM
5	)	)	)	)	PUNC
6	،	،	،	،	PUNC
7	در	در	در	در	P
8	وبلاگی	وبلاگ	وبلاگی	وبلاگی	N
9	نوشته_بودند	نوشته_بودند	نوشت#نویس	نوشته_بودند	V
10	:	:	:	:	PUNC
11	«	«	«	«	PUNC
12	به	به	به	به	P
13	کلمه‌ی	کلمه	کلمه	کلمه|ی	Ne
14	دوم	دو	دوم	دوم	NUM
15	درفعل	درفعل	درفعل	درفعل	N
16	مرکب	مرکب	مرکب	مرکب	N
17	»	»	»	»	PUNC
18	همکرد	همکرد	همکرد	همکرد	N
19	«	«	«	«	PUNC
20	می‌گویند	می‌گویند	گفت#گو	می|گویند	V
21	.	.	.	.	PUNC

0	مثلا	مثلا	مثلا	مثلا	ADV
1	»	»	»	»	PUNC
2	کردن	کردن	کردن	کردن	N
3	«	«	«	«	PUNC
4	در	در	در	در	P
5	»	»	»	»	PUNC
6	کار	کار	کار	کار	N
7	کردن	کردن	کردن	کردن	N
8	«	«	«	«	PUNC
9	و	و	و	و	CONJ
10	»	»	»	»	PUNC
11	دادن	دادن	دادن	دادن	N
12	«	«	«	«	PUNC
13	در	در	در	در	P
14	»	»	»	»	PUNC
15	دستوردادن	دستوردادن	دستوردادن	دستوردادن	N
16	«	«	«	«	PUNC
17	و	و	و	و	CONJ
18	»	»	»	»	PUNC
19	زدن	زدن	زدن	زدن	N
20	«	«	«	«	PUNC
21	در	در	در	در	P
22	»	»	»	»	PUNC
23	دست	دس	دست	دست	N
24	زدن	زدن	زدن	زدن	N
25	«	«	«	«	PUNC
26	و	و	و	و	CONJ
27	»	»	»	»	PUNC
28	نمودن	نمودن	نمودن	نمودن	N
29	«	«	«	«	PUNC
30	در	در	در	در	P
31	»	»	»	»	PUNC
32	صاف	صاف	صاف	صاف	AJ
33	نمودن	نمودن	نمودن	نمودن	N
34	«	«	«	«	PUNC
35	اما	اما	اما	اما	CONJ
36	فعل‌های	فعل	فعل	فعل|های	N
37	مرکب	مرکب	مرکب	مرکب	N
38	درنامه‌های	درنامه	درنامه‌های	درنامه|های	N
39	رسمی	رسم	رسم	رسمی	AJ
40	واداری	وادار	وادار	واداری	N
41	و	و	و	و	CONJ
42	شبهرسمی	شبهرسم	شبهرسمی	شبهرسمی	N
43	،	،	،	،	PUNC
44	ظاهرا	ظاهرا	ظاهرا	ظاهرا	ADV
45	به	به	به	به	P
46	دلیل	دلیل	دلیل	دلیل	N
47	زیاده	زیاده	زیاده	زیاده	N
48	روی	رو	روی	روی	N
49	دررسمی	دررسم	دررسمی	دررسمی	N
50	نوشتن	نوشتن	نوشتن	نوشتن	N
51	و	و	و	و	CONJ
52	تفاخرادبی	تفاخرادب	تفاخرادبی	تفاخرادبی	N
53	و	و	و	و	CONJ
54	دراصل	دراصل	دراصل	دراصل	ADV
55	به	به	به	به	P
56	دلیل	دلیل	دلیل	دلیل	N
57	ضعف	ضعف	ضعف	ضعف	N
58	نگارش	نگار	نگارش	نگارش	N
59	وناآشنا	وناآشنا	وناآشنا	وناآشنا	N
60	یی		یی	یی	N
61	با	با	با	با	P
62	فعلها	فعل	فعل	فعلها	N
63	،	،	،	،	PUNC
64	گاهی	گاه	گاه	گاهی	ADV
65	به	به	به	به	P
66	شکلیناجور	شکلیناجور	شکلیناجور	شکلیناجور	N
67	با	با	با	با	P
68	هم	ه	هم	هم	CONJ
69	قاطیمی	قاطیم	قاطیمی	قاطیمی	N
70	شوند	شوند	شد#شو	شوند	V
71	.	.	.	.	PUNC

0	یعنی	یعن	یعنی	یعنی	CONJ
1	آقا	آقا	آقا	آقا	N
2	یاخانم	یاخان	یاخانم	یاخانم	N
3	نگارنده‌ی	نگارنده	نگارنده	نگارنده|ی	N
4	نامه	نامه	نامه	نامه	N
5	یا	یا	یا	یا	CONJ
6	اعلان	اعل	اعلان	اعلان	N
7	یا	یا	یا	یا	CONJ
8	بیانیه	بیانیه	بیانیه	بیانیه	N
9	یا	یا	یا	یا	CONJ
10	هرچه	هرچه	هرچه	هرچه	ADV
11	،	،	،	،	PUNC
12	همکرد	همکرد	همکرد	همکرد	N
13	یک	یک	یک	یک	NUM
14	فعل	فعل	فعل	فعل	N
15	مرکب	مرکب	مرکب	مرکب	N
16	را	را	را	را	POSTP
17	برمی	برم	برمی	برمی	V
18	دارد	دارد	داشت#دار	دارد	V
19	ومیگذارد	ومیگذارد	ومیگذارد	ومیگذارد	N
20	ته	ته	ته	ته	N
21	دیگری	دیگر	دیگر	دیگری	PRO
22	و	و	و	و	CONJ
23	واژه‌ی	واژه	واژه	واژه|ی	Ne
24	دیگر	دیگر	دیگر	دیگر	PRO
25	آن	آن	آن	آن	PRO
26	یکی	یک	یک	یکی	NUM
27	فعل	فعل	فعل	فعل	N
28	مرکب	مرکب	مرکب	مرکب	N
29	را	را	را	را	POSTP
30	برمی	برم	برمی	برمی	V
31	دارد	دارد	داشت#دار	دارد	V
32	و	و	و	و	CONJ
33	می‌گذارد	می‌گذارد	گذاشت#گذار	می|گذارد	V
34	سر	سر	سر	سر	N
35	همکرد	همکرد	همکرد	همکرد	N
36	دیگری	دیگر	دیگر	دیگری	PRO
37	؛	؛	؛	؛	PUNC
38	یا	یا	یا	یا	CONJ
39	اصلا	اصلا	اصلا	اصلا	ADV
40	کل	کل	کل	کل	N
41	فعل	فعل	فعل	فعل	N
42	مرکب	مرکب	مرکب	مرکب	N
43	را	را	را	را	POSTP
44	اشتباهی	اشتباه	اشتباه	اشتباهی	N
45	به	به	به	به	P
46	جای	جا	جای	جای	Ne
47	فعلی	فعل	فعلی	فعلی	AJ
48	دیگر	دیگر	دیگر	دیگر	PRO
49	به	به	به	به	P
50	کار	کار	کار	کار	N
51	می‌برد	می‌برد	برد#بر	می|برد	V
52	»	»	»	»	PUNC
53	.	.	.	.	PUNC

0	معمولاسیستم	معمولاسیس	معمولاسیستم	معمولاسیستم	N
1	مشخصی	مشخص	مشخص	مشخصی	AJ
2	درنوشتن	درنوشتن	درنوشتن	درنوشتن	N
3	تاریخ	تاریخ	تاریخ	تاریخ	N
4	وجودندارد	وجودندارد	وجودندارد	وجودندارد	N
5	!	!	!	!	PUNC

0	مثلاهمه	مثلاهمه	مثلاهمه	مثلاهمه	N
1	این	این	این	این	PRO
2	مثال‌ها	مثال	مثال	مثال|ها	N
3	بهیک	بهیک	بهیک	بهیک	N
4	تاریخ	تاریخ	تاریخ	تاریخ	N
5	(	(	(	(	PUNC
6	date	date	date	date	RES
7	)	)	)	)	PUNC
8	اشاره	اشاره	اشاره	اشاره	N
9	می‌کنند	می‌کنند	کرد#کن	می|کنند	V
10	:	:	:	:	PUNC
11	۹۷	۹۷	۹۷	۹۷	NUM
12	٫	٫	٫	٫	PUNC
13	۰۷	۰۷	۰۷	۰۷	NUM
14	٫	٫	٫	٫	PUNC
15	۲۰	۲۰	۲۰	۲۰	NUM
16	،	،	،	،	PUNC
17	۲۰	۲۰	۲۰	۲۰	NUM
18	مهر	مهر	مهر	مهر	N
19	نودو	نودو	نودو	نودو	N
20	هفت	هف	هفت	هفت	NUM
21	،	،	،	،	PUNC
22	بیستم	بیس	بیستم	بیستم	NUM
23	مهر	مهر	مهر	مهر	N
24	ماه	ماه	ماه	ماه	N
25	۹۷	۹۷	۹۷	۹۷	NUM
26	یا	یا	یا	یا	CONJ
27	بیستم	بیس	بیستم	بیستم	NUM
28	مهرماه	مهرماه	مهرماه	مهرماه	N
29	هزاروسیسصد	هزاروسیسصد	هزاروسیسصد	هزاروسیسصد	NUM
30	و	و	و	و	CONJ
31	نودو	نودو	نودو	نودو	N
32	هفت	هف	هفت	هفت	NUM
33	!	!	!	!	PUNC

0	این	این	این	این	PRO
1	قبیل	قبیل	قبیل	قبیل	Ne
2	فرمت‌ها	فرمت	فرمت‌ها	فرمت|ها	N
3	(	(	(	(	PUNC
4	formats	formats	formats	formats	RES
5	)	)	)	)	PUNC
6	در	در	در	در	P
7	پاره‌ای	پاره	پاره	پاره|ای	PRO
8	از	از	از	از	P
9	متن‌ها	متن	متن	متن|ها	N
10	،	،	،	،	PUNC
11	ارزیابی	ارزیاب	ارزیاب	ارزیابی	N
12	رادچارمشکل	رادچارمشکل	رادچارمشکل	رادچارمشکل	N
13	می‌کنند	می‌کنند	کرد#کن	می|کنند	V
14	!	!	!	!	PUNC

0	دراینصورت	دراینصور	دراینصورت	دراینصورت	N
1	کاری	کار	کاشت#کار	کاری	N
2	که	که	که	که	CONJ
3	ما	ما	ما	ما	PRO
4	به	به	به	به	P
5	عنوان	عنو	عنوان	عنوان	Ne
6	یک	یک	یک	یک	NUM
7	فرد	فرد	فرد	فرد	N
8	متخصص	متخصص	متخصص	متخصص	N
9	باید	باید	باید	باید	V
10	انجام	انجا	انجام	انجام	N
11	دهیم	ده	داد#ده	دهیم	V
12	،	،	،	،	PUNC
13	یکگونهسازی	یکگونهساز	یکگونهسازی	یکگونهسازی	N
14	این	این	این	این	PRO
15	تاریخهاست	تاریخهاس	تاریخهاست	تاریخهاست	N
16	؛	؛	؛	؛	PUNC
17	در	در	در	در	P
18	اینصورت	اینصور	اینصورت	اینصورت	N
19	هر	هر	هر	هر	DET
20	زمانکه	زمانکه	زمانکه	زمانکه	N
21	هرکدام	هرکدا	هرکدام	هرکدام	N
22	ازاین	ازاین	ازاین	ازاین	N
23	مواردبیاید	مواردبیاید	مواردبیاید	مواردبیاید	N
24	ما	ما	ما	ما	PRO
25	تشخیص	تشخیص	تشخیص	تشخیص	N
26	میدهیم	میده	میدهیم	میدهیم	V
27	تاریخ	تاریخ	تاریخ	تاریخ	N
28	(	(	(	(	PUNC
29	date	date	date	date	RES
30	)	)	)	)	PUNC
31	است	اس	#است	است	V
32	وآن	وآن	وآن	وآن	N
33	را	را	را	را	POSTP
34	به	به	به	به	P
35	یک	یک	یک	یک	NUM
36	شکل	شکل	شکل	شکل	N
37	در	در	در	در	P
38	میاوریم	میاور	میاوریم	میاوریم	V
39	،	،	،	،	PUNC
40	مثلا	مثلا	مثلا	مثلا	ADV
41	همه	همه	همه	همه	PRO
42	را	را	را	را	POSTP
43	به	به	به	به	P
44	شکل	شکل	شکل	شکل	N
45	«	«	«	«	PUNC
46	بیستم	بیس	بیستم	بیستم	NUM
47	مهر	مهر	مهر	مهر	N
48	ماه	ماه	ماه	ماه	N
49	هزار	هزار	هزار	هزار	NUM
50	و	و	و	و	CONJ
51	سیسصدونودوهفت	سیسصدونودوهف	سیسصدونودوهفت	سیسصدونودوهفت	N
52	»	»	»	»	PUNC
53	یا	یا	یا	یا	CONJ
54	«	«	«	«	PUNC
55	۹۷/۷/۲۰	۹۷/۷/۲۰	۹۷/۷/۲۰	۹۷/۷/۲۰	NUM
56	»	»	»	»	PUNC
57	.	.	.	.	PUNC

0	در	در	در	در	P
1	این	این	این	این	PRO
2	صورت	صور	صورت	صورت	N
3	شاید	شاید	شاید	شاید	ADV
4	شاهد	شاهد	شاهد	شاهد	N
5	کاهش	کاه	کاهش	کاهش	N
6	بیش	ب	بیش	بیش	AJ
7	از	از	از	از	P
8	.	.	.	.	PUNC
9	۱	۱	۱	۱	NUM
10	از	از	از	از	P
11	مشکلات	مشکل	مشکلات	مشکلات	N
12	در	در	در	در	P
13	پردازش	پرداز	پردازش	پردازش	N
14	متنشویم	متنشو	متنشویم	متنشویم	N
15	!!!	!!!	!!!	!!!	RES

0	از	از	از	از	P
1	یک	یک	یک	یک	NUM
2	دید	دید	دید	دید	N
3	گاه	گاه	گاه	گاه	ADV
4	میگویند	میگویند	میگویند	میگویند	V
5	برای	برا	برای	برای	Pe
6	ترقی	ترق	ترقی	ترقی	N
7	،	،	،	،	PUNC
8	پیش	پ	پیش	پیش	ADV
9	رفت	رف	رفت#رو	رفت	V
10	و	و	و	و	CONJ
11	رشد	رشد	رشد	رشد	N
12	،	،	،	،	PUNC
13	باید	باید	باید	باید	V
14	دائما	دائما	دائما	دائما	ADV
15	به	به	به	به	P
16	مکان‌های	مکان	مکان	مکان|های	N
17	جدید	جدید	جدید	جدید	AJ
18	رفت	رف	رفت#رو	رفت	V
19	وباافراد	وباافراد	وباافراد	وباافراد	N
20	جدید	جدید	جدید	جدید	AJ
21	آشنا	آشنا	آشنا	آشنا	AJ
22	شد	شد	شد#شو	شد	V
23	؛	؛	؛	؛	PUNC
24	از	از	از	از	P
25	جهاتی	جهات	جهات	جهاتی	N
26	درست	درس	درست	درست	ADV
27	است	اس	#است	است	V
28	،	،	،	،	PUNC
29	مثلا	مثلا	مثلا	مثلا	ADV
30	فرض	فرض	فرض	فرض	N
31	کنید	کنید	کرد#کن	کنید	V
32	شما	شما	شما	شما	PRO
33	تاسال	تاسال	تاسال	تاسال	N
34	یان		یان	یان	N
35	سال	سال	سال	سال	N
36	فقطدرخانه	فقطدرخانه	فقطدرخانه	فقطدرخانه	N
37	باشیدوبا	باشیدوبا	باشیدوبا	باشیدوبا	N
38	تنها	تن	تنها	تنها	ADV
39	کسانی	کسان	کسانی	کسانی	N
40	که	که	که	که	CONJ
41	ارتباط	ارتباط	ارتباط	ارتباط	N
42	برقرار	برقرار	برقرار	برقرار	AJ
43	می‌کنید	می‌کنید	کرد#کن	می|کنید	V
44	خانواده	خانواده	خانواده	خانواده	N
45	تان		تان	تان	N
46	باشد	باشد	بود#باش	باشد	V
47	!!!	!!!	!!!	!!!	RES

0	در	در	در	در	P
1	اینصورت	اینصور	اینصورت	اینصورت	N
2	تنها	تن	تنها	تنها	ADV
3	طیف	طیف	طیف	طیف	N
4	اخلاقی	اخلاق	اخلاق	اخلاقی	AJ
5	آن‌ها	آن	آن	آن|ها	PRO
6	را	را	را	را	POSTP
7	میبینید	میبینید	میبینید	میبینید	V
8	،	،	،	،	PUNC
9	در	در	در	در	P
10	صورتی	صورت	صورت	صورتی	N
11	که	که	که	که	CONJ
12	شاید	شاید	شاید	شاید	ADV
13	اینهاکمتراز	اینهاکمتراز	اینهاکمتراز	اینهاکمتراز	N
14	۰٫	۰٫	۰٫	۰٫	NUM
15	۰۰۱	۰۰۱	۰۰۱	۰۰۱	NUM
16	جامعه	جامعه	جامعه	جامعه	N
17	باشند	باشند	بود#باش	باشند	V
18	!!	!!	!!	!!	PUNC

0	با	با	با	با	P
1	منش‌های	منش	منش	منش|های	N
2	جدیدوخلقو	جدیدوخلقو	جدیدوخلقو	جدیدوخلقو	N
3	خو‌های	خو	خو	خو|های	N
4	متنوعی	متنوع	متنوع	متنوعی	AJ
5	آشنا	آشنا	آشنا	آشنا	AJ
6	نمیشودید	نمیشودید	نمیشودید	نمیشودید	V
7	در	در	در	در	P
8	نتیجه	نتیجه	نتیجه	نتیجه	N
9	شاید	شاید	شاید	شاید	ADV
10	فکر	فکر	فکر	فکر	N
11	کنید	کنید	کرد#کن	کنید	V
12	همین	همین	همین	همین	PRO
13	گونه	گونه	گونه	گونه	N
14	که	که	که	که	CONJ
15	هستیدایده	هستیدایده	هستیدایده	هستیدایده	N
16	آل‌ترین	آل	آل	آل|ترین	N
17	است	اس	#است	است	V
18	و	و	و	و	CONJ
19	همه	همه	همه	همه	PRO
20	چیزخوب	چیزخوب	چیزخوب	چیزخوب	N
21	است	اس	#است	است	V
22	!!	!!	!!	!!	PUNC

0	ساعت	ساع	ساعت	ساعت	N
1	۸:۲۰	۸:۲۰	۸:۲۰	۸:۲۰	NUM
2	صبح	صبح	صبح	صبح	N
3	بود	بود	بود#باش	بود	V
4	؛	؛	؛	؛	PUNC
5	نغمه‌ی	نغمه	نغمه	نغمه|ی	Ne
6	زیبای	زیبا	زیبا	زیبای	N
7	موسیقی	موسیق	موسیقی	موسیقی	N
8	ای	ا	ای	ای	INT
9	ازپنجرهء	ازپنجرهء	ازپنجرهء	ازپنجرهء	N
10	پشتی	پشت	پشت	پشتی	N
11	میامد	میامد	میامد	میامد	V
12	.	.	.	.	PUNC

0	برایم	برا	برایم	برایم	P
1	مسأله	مسأله	مسأله	مسأله	N
2	شده_بود	شده_بود	شد#شو	شده_بود	V
3	که	که	که	که	CONJ
4	به	به	به	به	P
5	این	این	این	این	PRO
6	زیبایی	زیبا	زیبایی	زیبایی	N
7	و	و	و	و	CONJ
8	دقت	دق	دقت	دقت	N
9	،	،	،	،	PUNC
10	چه	چه	چه	چه	N
11	کسی	کس	کس	کسی	N
12	سنتور	سنتور	سنتور	سنتور	N
13	مینوازد	مینوازد	مینوازد	مینوازد	V
14	.	.	.	.	PUNC

0	ساعت	ساع	ساعت	ساعت	N
1	نه	نه	نه	نه	ADV
2	و	و	و	و	CONJ
3	۵۰	۵۰	۵۰	۵۰	NUM
4	دقیقه	دقیقه	دقیقه	دقیقه	N
5	شد	شد	شد#شو	شد	V
6	.	.	.	.	PUNC

0	همچنان	همچن	همچنان	همچنان	ADV
1	صدای	صدا	صدا	صدای	Ne
2	دل	دل	دل	دل	N
3	نواز	نواز	نواز	نواز	N
4	ساز	ساز	ساز	ساز	N
5	میامد	میامد	میامد	میامد	V
6	.	.	.	.	PUNC

0	ساعت	ساع	ساعت	ساعت	N
1	۱۰	۱۰	۱۰	۱۰	NUM
2	و	و	و	و	CONJ
3	پنجاه	پنجاه	پنجاه	پنجاه	NUM
4	و	و	و	و	CONJ
5	پنج	پنج	پنج	پنج	NUM
6	دقیقه	دقیقه	دقیقه	دقیقه	N
7	شد	شد	شد#شو	شد	V
8	و	و	و	و	CONJ
9	باز	باز	باز	باز	ADV
10	همچنان	همچن	همچنان	همچنان	ADV
11	صدا	صدا	صدا	صدا	N
12	می‌آمد	می‌آمد	آمد#آ	می|آمد	V
13	.	.	.	.	PUNC

0	بسیار	بسیار	بسیار	بسیار	ADV
1	مسلط	مسلط	مسلط	مسلط	AJ
2	بود	بود	بود#باش	بود	V
3	.	.	.	.	PUNC

0	دیگر	دیگر	دیگر	دیگر	PRO
1	طاقت	طاق	طاقت	طاقت	N
2	صبر	صبر	صبر	صبر	N
3	کردن	کردن	کردن	کردن	N
4	نداشتم	ندا	داشت#دار	نداشتم	V
5	!!	!!	!!	!!	PUNC

0	دلرابه	دلرابه	دلرابه	دلرابه	N
1	دریا	دریا	دریا	دریا	N
2	زدم	زد	زد#زن	زدم	V
3	و	و	و	و	CONJ
4	رفتم	رف	رفت#رو	رفتم	V
5	در	در	در	در	P
6	خانه	خانه	خانه	خانه	N
7	شان		شان	شان	N
8	؛	؛	؛	؛	PUNC
9	در	در	در	در	P
10	باز	باز	باز	باز	ADV
11	بود	بود	بود#باش	بود	V
12	.	.	.	.	PUNC

0	خانم	خان	خانم	خانم	N
1	میانسالی	میانسال	میانسالی	میانسالی	N
2	بادامن	بادامن	بادامن	بادامن	N
3	گلداری	گلدار	گلداری	گلداری	N
4	که	که	که	که	CONJ
5	رنگ	رنگ	رنگ	رنگ	N
6	و	و	و	و	CONJ
7	لعابش	لعاب	لعاب	لعابش	N
8	هم	ه	هم	هم	CONJ
9	کمی	کم	کم	کمی	ADV
10	رفتهبود	رفتهبود	رفتهبود	رفتهبود	N
11	،	،	،	،	PUNC
12	و	و	و	و	CONJ
13	چهرهء	چهرهء	چهرهء	چهرهء	N
14	گنمدمگونی	گنمدمگون	گنمدمگونی	گنمدمگونی	N
15	که	که	که	که	CONJ
16	سر	سر	سر	سر	N
17	لپ	لپ	لپ	لپ	N
18	هایش		هایش	هایش	N
19	نیز	نیز	نیز	نیز	CONJ
20	گل	گل	گل	گل	N
21	انداخته_بود	انداخته_بود	انداخت#انداز	انداخته_بود	V
22	،	،	،	،	PUNC
23	طوری	طور	طوری	طوری	N
24	باذوق	باذوق	باذوق	باذوق	N
25	و	و	و	و	CONJ
26	هیجان	هیج	هیجان	هیجان	N
27	بر	بر	بر	بر	P
28	سیمها	سیم	سیم	سیمها	N
29	میکوبید	میکوبید	میکوبید	میکوبید	V
30	،	،	،	،	PUNC
31	که	که	که	که	CONJ
32	انگار	انگار	انگار	انگار	ADV
33	بار	بار	بار	بار	N
34	اولیست	اولیس	اولیست	اولیست	N
35	که	که	که	که	CONJ
36	آدم	آد	آدم	آدم	N
37	چیزی	چیز	چیز	چیزی	N
38	را	را	را	را	POSTP
39	یاد	یاد	یاد	یاد	N
40	گرفته	گرفته	گرفته	گرفته	V
41	و	و	و	و	CONJ
42	میخواهد	میخواهد	میخواهد	میخواهد	V
43	با	با	با	با	P
44	ذوق	ذوق	ذوق	ذوق	N
45	برای	برا	برای	برای	Pe
46	عزیزی	عزیز	عزیزی	عزیزی	N
47	بنوازد	بنوازد	بنوازد	بنوازد	V
48	؛	؛	؛	؛	PUNC
49	مثل	مثل	مثل	مثل	ADVe
50	زمانی	زمان	زمان	زمانی	N
51	که	که	که	که	CONJ
52	برای	برا	برای	برای	Pe
53	بار	بار	بار	بار	N
54	اول	اول	اول	اول	NUM
55	خواندن	خواندن	خواندن	خواندن	N
56	یا	یا	یا	یا	CONJ
57	گرفته_بودم	گرفته_بود	گرفت#گیر	گرفته_بودم	V
58	و	و	و	و	CONJ
59	با	با	با	با	P
60	ذوق	ذوق	ذوق	ذوق	N
61	کتاب‌های	کتاب	کتاب	کتاب|های	N
62	مختلف	مختلف	مختلف	مختلف	AJ
63	را	را	را	را	POSTP
64	برگ	برگ	برگ	برگ	N
65	میزدم	میزد	میزدم	میزدم	V
66	و	و	و	و	CONJ
67	برای	برا	برای	برای	Pe
68	پدر	پدر	پدر	پدر	N
69	مادرم	مادر	مادر	مادرم	N
70	میخواندم	میخواند	میخواندم	میخواندم	V
71	.	.	.	.	PUNC

0	به	به	به	به	P
1	خودم	خود	خودم	خودم	PRO
2	آمدم	آمد	آمد#آ	آمدم	V
3	دیدم	دید	دید#بین	دیدم	V
4	ساعت	ساع	ساعت	ساعت	N
5	۱۲	۱۲	۱۲	۱۲	NUM
6	و	و	و	و	CONJ
7	۵۵	۵۵	۵۵	۵۵	NUM
8	دقیقه	دقیقه	دقیقه	دقیقه	N
9	شده_بود	شده_بود	شد#شو	شده_بود	V
10	و	و	و	و	CONJ
11	من	من	من	من	PRO
12	همچنان	همچن	همچنان	همچنان	ADV
13	آنجا	آنجا	آنجا	آنجا	ADV
14	ایستاده_بودم	ایستاده_بود	ایستاد#ایست	ایستاده_بودم	V
15	.	.	.	.	PUNC
16	.	.	.	.	PUNC

0	یعنی	یعن	یعنی	یعنی	CONJ
1	بیش	ب	بیش	بیش	AJ
2	از	از	از	از	P
3	.	.	.	.	PUNC
4	۱۲	۱۲	۱۲	۱۲	NUM
5	از	از	از	از	P
6	یک	یک	یک	یک	NUM
7	روز	روز	روز	روز	N
8	خود	خود	خود	خود	PRO
9	را	را	را	را	POSTP
10	!!	!!	!!	!!	PUNC

0	از	از	از	از	P
1	دیر	دیر	دیر	دیر	ADV
2	باز	باز	باز	باز	ADV
3	تا	تا	تا	تا	P
4	کنون	کنون	کنون	کنون	ADV
5	،	،	،	،	PUNC
6	بازی‌های	بازی	بازی	بازی|های	N
7	زیادی	زیاد	زیاد	زیادی	AJ
8	وجود	وجود	وجود	وجود	N
9	داشته	داشته	داشته	داشته	V
10	که	که	که	که	CONJ
11	یکی	یک	یک	یکی	NUM
12	از	از	از	از	P
13	موردهای	مورد	مورد	موردهای	N
14	جذاب	جذاب	جذاب	جذاب	AJ
15	آن	آن	آن	آن	PRO
16	،	،	،	،	PUNC
17	بازی	باز	بازی	بازی	N
18	هایی		هایی	هایی	N
19	بوده	بوده	بوده	بوده	V
20	که	که	که	که	CONJ
21	یک	یک	یک	یک	NUM
22	متن	متن	متن	متن	N
23	نوشته	نوشته	نوشته	نوشته	Ne
24	میشد	میشد	میشد	میشد	V
25	که	که	که	که	CONJ
26	در	در	در	در	P
27	نگاه	نگاه	نگاه	نگاه	N
28	اول	اول	اول	اول	NUM
29	به	به	به	به	P
30	راحتی	راحت	راحت	راحتی	N
31	قابل	قابل	قابل	قابل	AJe
32	خواندن	خواندن	خواندن	خواندن	N
33	نیست	نیس	نیست	نیست	V
34	؛	؛	؛	؛	PUNC
35	مثلا	مثلا	مثلا	مثلا	ADV
36	«	«	«	«	PUNC
37	صدیقه	صدیقه	صدیقه	صدیقه	N
38	صدیقه	صدیقه	صدیقه	صدیقه	N
39	را	را	را	را	POSTP
40	دوخت	دوخ	دوخت	دوخت	N
41	علی	عل	علی	علی	N
42	علی	عل	علی	علی	N
43	علی	عل	علی	علی	N
44	علی	عل	علی	علی	N
45	علی	عل	علی	علی	N
46	او	او	او	او	PRO
47	را	را	را	را	POSTP
48	فروخت	فروخ	فروخت#فروش	فروخت	V
49	!!	!!	!!	!!	PUNC
50	»	»	»	»	PUNC
51	که	که	که	که	CONJ
52	میشود	میشود	میشود	میشود	V
53	«	«	«	«	PUNC
54	صدیقه	صدیقه	صدیقه	صدیقه	N
55	صد	صد	صد	صد	NUM
56	یقه	یقه	یقه	یقه	N
57	را	را	را	را	POSTP
58	دوخت	دوخ	دوخت	دوخت	N
59	،	،	،	،	PUNC
60	پنج	پنج	پنج	پنج	NUM
61	علی	عل	علی	علی	N
62	او	او	او	او	PRO
63	را	را	را	را	POSTP
64	فروخت	فروخ	فروخت#فروش	فروخت	V
65	!	!	!	!	PUNC
66	»	»	»	»	PUNC
67	یا	یا	یا	یا	CONJ
68	مثلا	مثلا	مثلا	مثلا	ADV
69	«	«	«	«	PUNC
70	دراین	دراین	دراین	دراین	N
71	درگه	درگه	درگه	درگه	N
72	که	که	که	که	CONJ
73	گهگه	گهگه	گهگه	گهگه	N
74	کهکه	کهکه	کهکه	کهکه	CONJ
75	که	که	که	که	CONJ
76	که	که	که	که	CONJ
77	شودناگه	شودناگه	شودناگه	شودناگه	N
78	،	،	،	،	PUNC
79	مشوغره	مشوغره	مشوغره	مشوغره	N
80	به	به	به	به	P
81	امروزت	امروز	امروز	امروزت	N
82	که	که	که	که	CONJ
83	ازفردانهی	ازفردانه	ازفردانهی	ازفردانهی	N
84	آگه	آگه	آگه	آگه	N
85	!!	!!	!!	!!	PUNC
86	»	»	»	»	PUNC
87	که	که	که	که	CONJ
88	میشود	میشود	میشود	میشود	V
89	:	:	:	:	PUNC
90	«	«	«	«	PUNC
91	در	در	در	در	P
92	این	این	این	این	PRO
93	درگه	درگه	درگه	درگه	N
94	که	که	که	که	CONJ
95	گه	گه	گه	گه	ADV
96	گه	گه	گه	گه	ADV
97	،	،	،	،	PUNC
98	که	که	که	که	CONJ
99	که	که	که	که	CONJ
100	که	که	که	که	CONJ
101	که	که	که	که	CONJ
102	شود	شود	شد#شو	شود	V
103	ناگه	ناگه	ناگه	ناگه	ADV
104	،	،	،	،	PUNC
105	مشوغره	مشوغره	مشوغره	مشوغره	N
106	به	به	به	به	P
107	امروزت	امروز	امروز	امروزت	N
108	که	که	که	که	CONJ
109	ازفردانهی	ازفردانه	ازفردانهی	ازفردانهی	N
110	آگه	آگه	آگه	آگه	N
111	!!	!!	!!	!!	PUNC
112	»	»	»	»	PUNC
113	.	.	.	.	PUNC

0	به	به	به	به	P
1	عنوان	عنو	عنوان	عنوان	Ne
2	آخرین	آخرین	آخرین	آخرین	NUM
3	مثال	مثال	مثال	مثال	N
4	«	«	«	«	PUNC
5	در	در	در	در	P
6	لرستان	لرس	لرستان	لرستان	N
7	نه	نه	نه	نه	ADV
8	لرندوهرلری	لرندوهرلر	لرندوهرلری	لرندوهرلری	N
9	نه	نه	نه	نه	ADV
10	نره	نره	نره	نره	N
11	لرنره	لرنره	لرنره	لرنره	N
12	لرچهنره	لرچهنره	لرچهنره	لرچهنره	N
13	لر	لر	لر	لر	AJ
14	،	،	،	،	PUNC
15	هرنره	هرنره	هرنره	هرنره	N
16	لرنه	لرنه	لرنه	لرنه	N
17	نره	نره	نره	نره	N
18	لر	لر	لر	لر	AJ
19	»	»	»	»	PUNC
20	،	،	،	،	PUNC
21	که	که	که	که	CONJ
22	درست	درس	درست	درست	ADV
23	آن	آن	آن	آن	PRO
24	میشود	میشود	میشود	میشود	V
25	:	:	:	:	PUNC
26	«	«	«	«	PUNC
27	در	در	در	در	P
28	لرستان	لرس	لرستان	لرستان	N
29	نه	نه	نه	نه	ADV
30	لرند	لرند	لرند	لرند	N
31	و	و	و	و	CONJ
32	هر	هر	هر	هر	DET
33	لری	لر	لر	لری	N
34	نه	نه	نه	نه	ADV
35	نره	نره	نره	نره	N
36	لر	لر	لر	لر	AJ
37	،	،	،	،	PUNC
38	نره	نره	نره	نره	N
39	لر	لر	لر	لر	AJ
40	چه	چه	چه	چه	N
41	نره	نره	نره	نره	N
42	لر	لر	لر	لر	AJ
43	،	،	،	،	PUNC
44	هر	هر	هر	هر	DET
45	نره	نره	نره	نره	N
46	لر	لر	لر	لر	AJ
47	،	،	،	،	PUNC
48	نه	نه	نه	نه	ADV
49	نره	نره	نره	نره	N
50	لر	لر	لر	لر	AJ
51	»	»	»	»	PUNC
52	؛	؛	؛	؛	PUNC
53	در	در	در	در	P
54	این	این	این	این	PRO
55	نمونه‌ها	نمونه	نمونه	نمونه|ها	N
56	علاوه	علاوه	علاوه	علاوه	N
57	بر	بر	بر	بر	P
58	اینکه	اینکه	اینکه	اینکه	CONJ
59	بیش	ب	بیش	بیش	AJ
60	از	از	از	از	P
61	.	.	.	.	PUNC
62	۵	۵	۵	۵	NUM
63	از	از	از	از	P
64	انسانها	انسان	انسان	انسانها	N
65	اشتباه	اشتباه	اشتباه	اشتباه	N
66	میخوانند	میخوانند	میخوانند	میخوانند	V
67	،	،	،	،	PUNC
68	برای	برا	برای	برای	Pe
69	سیستم‌های	سیستم	سیستم‌های	سیستم|های	N
70	اصلاح	اصلاح	اصلاح	اصلاح	N
71	خودکار	خودکار	خودکار	خودکار	AJ
72	،	،	،	،	PUNC
73	در	در	در	در	P
74	حالت	حال	حالت	حالت	N
75	عدم	عد	عدم	عدم	Ne
76	رعایت	رعا	رعایت	رعایت	Ne
77	فاصله	فاصله	فاصله	فاصله	N
78	و	و	و	و	CONJ
79	نیم	ن	نیم	نیم	NUM
80	فاصله	فاصله	فاصله	فاصله	N
81	،	،	،	،	PUNC
82	کار	کار	کار	کار	N
83	بسیار	بسیار	بسیار	بسیار	ADV
84	دشوار	دشوار	دشوار	دشوار	AJ
85	میشود	میشود	میشود	میشود	V
86	.	.	.	.	PUNC

0	*****	*****	*****	*****	PUNC
1	کارورزیده	کارورزیده	کارورزیده	کارورزیده	N
2	کاراموزانشان	کاراموزان	کاراموزانشان	کاراموزانشان	N
3	گواهینامه	گواهینامه	گواهینامه	گواهینامه	N
4	هایشانید	هایشانید	هایشانید	هایشانید	N
5	نارس‌ترین	نارس	نارس	نارس|ترین	N
6	بپاخواستگان	بپاخواستگ	بپاخواستگان	بپاخواستگان	N
7	دردمندیهایش	دردمندی	دردمندیهایش	دردمندیهایش	N
8	بت	ب	بت	بت	N
9	شکنانید	شکنانید	شکنانید	شکنانید	N
10	همه	همه	همه	همه	PRO
11	فن	فن	فن	فن	N
12	حریفان	حریف	حریف	حریفان	N
13	همه	همه	همه	همه	PRO
14	کاره	کاره	کاره	کاره	N
15	یید	یید	یید	یید	N
16	همه	همه	همه	همه	PRO
17	کس	کس	کس	کس	N
18	شناس	شناس	شناس	شناس	Ne
19	همه	همه	همه	همه	PRO
20	جا	جا	جا	جا	N
21	گرد	گرد	گرد	گرد	N
22	خسته‌ترین	خسته	خسته	خسته|ترین	N
23	هایشانیم	هایشان	هایشانیم	هایشانیم	N
24	افسرده‌ترین	افسرده	افسرده	افسرده|ترین	N
25	هایشانید	هایشانید	هایشانید	هایشانید	N
26	نالان‌ترین	نالان	نالان	نالان|ترین	N
27	کتاب	کتاب	کتاب	کتاب	N
28	دارتان	دار	دار	دارتان	N
29	کتاب	کتاب	کتاب	کتاب	N
30	خانه	خانه	خانه	خانه	N
31	هایم		هایم	هایم	N
32	بپاسخواسته‌اند	بپاسخواسته‌اند	بپاسخواسته‌اند	بپاسخواسته|اند	V
33	میخواهد	میخواهد	میخواهد	میخواهد	V
34	بیاراید	بیاراید	بیاراید	بیاراید	N
35	خواستنی‌ترین	خواستنی	خواستنی	خواستنی|ترین	N
36	کم	ک	کم	کم	AJ
37	روترینید	روترینید	روترینید	روترینید	N
38	پررونق‌تر	پررونق	پررونق	پررونق|تر	N
39	درآشفته‌ترین	درآشفته	درآشفته‌ترین	درآشفته|ترین	N
40	معدنچیان	معدنچ	معدنچیان	معدنچیان	Ne
41	یکدستی	یکدست	یکدستی	یکدستی	N
42	آتشفشانان	آتشفشان	آتشفشانان	آتشفشانان	N
43	خلبانهایتانند	خلبانهایتانند	خلبانهایتانند	خلبانهایتانند	V
44	ناخداهایشانید	ناخداهایشانید	ناخداهایشانید	ناخداهایشانید	N
45	نامردمانتان	نامردمان	نامردمانتان	نامردمانتان	N
46	ناشکری	ناشکر	ناشکر	ناشکری	N
47	هایمان		هایمان	هایمان	N
48	آهنچیان	آهنچ	آهنچیان	آهنچیان	N
49	آهنین	آهنین	آهنین	آهنین	AJ
50	پنجه	پنجه	پنجه	پنجه	N
51	آتشکدگان	آتشکدگ	آتشکدگان	آتشکدگان	N
52	آزرده	آزرده	آزرده	آزرده	AJ
53	خاطر	خاطر	خاطر	خاطر	N
54	فرومایگان	فرومایگ	فرومایگان	فرومایگان	N
55	پاکدلانیم	پاکدلان	پاکدلانیم	پاکدلانیم	N
56	فروپاشیدگان	فروپاشیدگ	فروپاشیدگان	فروپاشیدگان	N
57	ناایستاترین	ناایستا	ناایستاترین	ناایستاترین	N
58	بی	ب	بی	بی	P
59	شیله	شیله	شیله	شیله	N
60	پیلگان	پیلگ	پیلگان	پیلگان	N
61	لب	لب	لب	لب	N
62	ریز	ریز	ریز	ریز	AJ
63	دهان	ده	دهان	دهان	N
64	گشاد	گشاد	گشاد	گشاد	AJ
65	دهان	ده	دهان	دهان	N
66	لقان	لق	لق	لقان	N
67	نرفتگان	نرفتگ	نرفتگان	نرفتگان	N
68	نرو‌ترین	نرو	نرو‌ترین	نرو|ترین	N
69	یکرنگ‌ترین	یکرنگ	یکرنگ	یکرنگ|ترین	NUM
70	سبک	سبک	سبک	سبک	N
71	باران	بار	باران	باران	N
72	گرانقدر	گرانقدر	گرانقدر	گرانقدر	AJ
73	گران	گر	گران	گران	AJ
74	بهاترین	ب	بهاترین	بهاترین	N
75	گران	گر	گران	گران	AJ
76	مایگان	مایگ	مایگان	مایگان	N
77	چشم	چ	چشم	چشم	N
78	تنگان	تنگ	تنگ	تنگان	N
79	دل	دل	دل	دل	N
80	نازک‌ترین	نازک	نازک	نازک|ترین	N
81	سنگ	سنگ	سنگ	سنگ	N
82	دلانید	دلانید	دلانید	دلانید	N
83	بی	ب	بی	بی	P
84	خیالان	خیال	خیال	خیالان	N
85	بی	ب	بی	بی	P
86	رنگ	رنگ	رنگ	رنگ	N
87	ترینانید	ترینانید	ترینانید	ترینانید	N
88	آراسته	آراسته	آراسته	آراسته	N
89	ترینانید	ترینانید	ترینانید	ترینانید	N
90	شاخ	شاخ	شاخ	شاخ	N
91	شمشاد	شمشاد	شمشاد	شمشاد	N
92	نازک	نازک	نازک	نازک	AJ
93	نشمین	نشمین	نشمین	نشمین	N
94	گندمگون	گندمگون	گندمگون	گندمگون	AJ
95	نیکو	نیکو	نیکو	نیکو	AJ
96	سرشت	سر	سرشت	سرشت	N
97	فراخ	فراخ	فراخ	فراخ	AJ
98	بال	بال	بال	بال	N
99	تنگ	تنگ	تنگ	تنگ	AJ
100	دستی	دست	دست	دستی	N
101	تنگ	تنگ	تنگ	تنگ	AJ
102	نظرانند	نظرانند	نظرانند	نظرانند	V
103	نیک	نیک	نیک	نیک	ADV
104	بینانشانید	بینانشانید	بینانشانید	بینانشانید	N
105	نیک	نیک	نیک	نیک	ADV
106	سرشتانشانید	سرشتانشانید	سرشتانشانید	سرشتانشانید	N
107	نیک	نیک	نیک	نیک	ADV
108	اندیشانشانند	اندیشانشانند	اندیشانشانند	اندیشانشانند	V

