0	می‌اندیشم	می‌اند	اندیشید#اندیش	می|اندیشم	V
1	که	که	که	که	CONJ
2	به	به	به	به	P
3	لطایف	لطایف	لطایف	لطایف	N
4	حیل	حیل	حیل	حیل	N
5	و	و	و	و	CONJ
6	بدایع	بدایع	بدایع	بدایع	N
7	تمویهات	تمویه	تمویهات	تمویهات	N
8	گرد	گرد	گرد	گرد	N
9	این	این	این	این	PRO
10	غرض	غرض	غرض	غرض	N
11	درآیم	درآ	درآیم	درآیم	N
12	و	و	و	و	CONJ
13	به	به	به	به	P
14	هر	هر	هر	هر	DET
15	وجه	وجه	وجه	وجه	N
16	که	که	که	که	CONJ
17	ممکن	ممکن	ممکن	ممکن	AJ
18	گردد	گردد	گشت#گرد	گردد	V
19	بکوشم	بکو	کوشید#کوش	بکوشم	V
20	تا	تا	تا	تا	P
21	او	او	او	او	PRO
22	را	را	را	را	POSTP
23	درگردانم	درگردان	درگردانم	درگردانم	N
24	،	،	،	،	PUNC
25	که	که	که	که	CONJ
26	اهمال	اهمال	اهمال	اهمال	N
27	و	و	و	و	CONJ
28	تقصیر	تقصیر	تقصیر	تقصیر	N
29	را	را	را	را	POSTP
30	در	در	در	در	P
31	مذهب	مذهب	مذهب	مذهب	N
32	حمیت	حم	حمیت	حمیت	N
33	رخصت	رخص	رخصت	رخصت	N
34	نبینم	نبین	دید#بین	نبینم	N
35	و	و	و	و	CONJ
36	اگر	اگر	اگر	اگر	CONJ
37	غفلتی	غفلت	غفلت	غفلتی	N
38	روا	روا	روا	روا	AJ
39	دارم	دار	داشت#دار	دارم	V
40	به	به	به	به	P
41	نزدیک	نزدیک	نزدیک	نزدیک	AJ
42	اصحاب	اصحاب	اصحاب	اصحاب	N
43	مروت	مرو	مروت	مروت	N
44	معذور	معذور	معذور	معذور	AJ
45	نباشم	نبا	بود#باش	نباشم	V
46	.	.	.	.	PUNC

0	و	و	و	و	CONJ
1	نیز	نیز	نیز	نیز	CONJ
2	منزلتی	منزلت	منزلت	منزلتی	N
3	تو	تو	تو	تو	PRO
4	نمی‌جویم	نمی‌جو	جست#جو	نمی|جویم	V
5	و	و	و	و	CONJ
6	در	در	در	در	P
7	طلب	طلب	طلب	طلب	Ne
8	زیادتی	زیادت	زیادتی	زیادتی	N
9	قدم	قد	قدم	قدم	N
10	نمی‌گزارم	نمی‌گزار	گزارد#گزار	نمی|گزارم	N
11	که	که	که	که	CONJ
12	به	به	به	به	P
13	حرص	حرص	حرص	حرص	N
14	و	و	و	و	CONJ
15	گرم‌شکمی	گرم‌شکم	گرم‌شکمی	گرم|شکمی	N
16	منسوب	منسوب	منسوب	منسوب	AJ
17	شوم	شو	شوم	شوم	V
18	.	.	.	.	PUNC

0	و	و	و	و	CONJ
1	شاید	شاید	شاید	شاید	ADV
2	بود	بود	بود#باش	بود	V
3	که	که	که	که	CONJ
4	چون	چون	چون	چون	CONJ
5	صورت	صور	صورت	صورت	N
6	حال	حال	حال	حال	ADV
7	بشناخت	بشناخ	بشناخت	بشناخت	N
8	و	و	و	و	CONJ
9	فضیحت	فضیح	فضیحت	فضیحت	N
10	خود	خود	خود	خود	PRO
11	بدید	بدید	بدید	بدید	N
12	به	به	به	به	P
13	مکابره	مکابره	مکابره	مکابره	N
14	در	در	در	در	P
15	آید	آید	آمد#آ	آید	V
16	،	،	،	،	PUNC
17	ساخته	ساخته	ساخته	ساخته	Ne
18	و	و	و	و	CONJ
19	بسیجیده	بسیجیده	بسیجیده	بسیجیده	N
20	جنگ	جنگ	جنگ	جنگ	N
21	آغازد	آغازد	آغازد	آغازد	N
22	،	،	،	،	PUNC
23	یا	یا	یا	یا	CONJ
24	مستعد	مستعد	مستعد	مستعد	AJ
25	و	و	و	و	CONJ
26	متشمر	متشمر	متشمر	متشمر	N
27	روی	رو	روی	روی	N
28	بگرداند	بگرداند	بگرداند	بگرداند	V
29	.	.	.	.	PUNC

0	و	و	و	و	CONJ
1	اصحاب	اصحاب	اصحاب	اصحاب	N
2	حزم	حز	حزم	حزم	N
3	گناه	گناه	گناه	گناه	N
4	ظاهر	ظاهر	ظاهر	ظاهر	N
5	را	را	را	را	POSTP
6	عقوبت	عقوب	عقوبت	عقوبت	N
7	مستور	مستور	مستور	مستور	AJ
8	و	و	و	و	CONJ
9	جرم	جر	جرم	جرم	N
10	مستور	مستور	مستور	مستور	AJ
11	را	را	را	را	POSTP
12	عقوبت	عقوب	عقوبت	عقوبت	N
13	ظاهر	ظاهر	ظاهر	ظاهر	N
14	جایز	جایز	جایز	جایز	AJ
15	نشمرند	نشمرند	نشمرند	نشمرند	V
16	.	.	.	.	PUNC

0	و	و	و	و	CONJ
1	بباید	بباید	بباید	بباید	V
2	شناخت	شناخ	شناخت	شناخت	N
3	که	که	که	که	CONJ
4	عقوبت	عقوب	عقوبت	عقوبت	N
5	غادران	غادر	غادران	غادران	N
6	زود	زود	زود	زود	ADV
7	نازل	نازل	نازل	نازل	AJ
8	گردد	گردد	گشت#گرد	گردد	V
9	،	،	،	،	PUNC
10	و	و	و	و	CONJ
11	سوگند	سوگند	سوگند	سوگند	N
12	دروغ	دروغ	دروغ	دروغ	N
13	قواعد	قواعد	قواعد	قواعد	N
14	عمر	عمر	عمر	عمر	N
15	و	و	و	و	CONJ
16	اساس	اساس	اساس	اساس	N
17	زندگانی	زندگان	زندگانی	زندگانی	N
18	زود	زود	زود	زود	ADV
19	با	با	با	با	P
20	خلل	خلل	خلل	خلل	N
21	کند	کند	کند	کند	V
22	،	،	،	،	PUNC
23	و	و	و	و	CONJ
24	زبان	زب	زبان	زبان	N
25	نبوت	نبو	نبوت	نبوت	N
26	بدین	بدین	بدین	بدین	P
27	دقیقه	دقیقه	دقیقه	دقیقه	N
28	اشارت	اشار	اشارت	اشارت	N
29	کند	کند	کند	کند	V
30	.	.	.	.	PUNC

0	آن	آن	آن	آن	PRO
1	کس	کس	کس	کس	N
2	که	که	که	که	CONJ
3	به	به	به	به	P
4	تواضع	تواضع	تواضع	تواضع	N
5	و	و	و	و	CONJ
6	تضرع	تضرع	تضرع	تضرع	N
7	مقدمات	مقد	مقدمات	مقدمات	N
8	آزار	آزار	آزار	آزار	N
9	فرو	فرو	فرو	فرو	N
10	نتواند	نتواند	توانست#توان	نتواند	V
11	گذاشت	گذا	گذاشت#گذار	گذاشت	V
12	و	و	و	و	CONJ
13	در	در	در	در	P
14	عفو	عفو	عفو	عفو	N
15	و	و	و	و	CONJ
16	تجاوز	تجاوز	تجاوز	تجاوز	N
17	پیش‌دستی	پیش‌دست	پیش‌دستی	پیش|دستی	N
18	و	و	و	و	CONJ
19	مبادرت	مبادر	مبادرت	مبادرت	N
20	نتواند	نتواند	توانست#توان	نتواند	V
21	نمود	نمود	نمود	نمود	N
22	از	از	از	از	P
23	پیرایه	پیرایه	پیرایه	پیرایه	N
24	نیکونامی	نیکونام	نیکونامی	نیکونامی	N
25	عاطل	عاطل	عاطل	عاطل	AJ
26	گردد	گردد	گشت#گرد	گردد	V
27	و	و	و	و	CONJ
28	در	در	در	در	P
29	پیش	پ	پیش	پیش	ADV
30	مردان	مرد	مرد	مردان	N
31	سرافگنده	سرافگنده	سرافگنده	سرافگنده	N
32	ماند	ماند	ماند#مان	ماند	V
33	.	.	.	.	PUNC

0	اینست	اینس	اینست	اینست	V
1	مثل	مثل	مثل	مثل	ADVe
2	خردمند	خردمند	خردمند	خردمند	N
3	روشن	روشن	روشن	روشن	AJ
4	رای	را	را	رای	N
5	که	که	که	که	CONJ
6	فرصت	فرص	فرصت	فرصت	N
7	مصالحت	مصالح	مصالح	مصالحت	N
8	دشمن	دشمن	دشمن	دشمن	N
9	به	به	به	به	P
10	وقت	وق	وقت	وقت	N
11	حاجت	حاج	حاجت	حاجت	N
12	فایت	فا	فایت	فایت	N
13	نگرداند	نگرداند	نگرداند	نگرداند	V
14	و	و	و	و	CONJ
15	پس	پس	پس	پس	P
16	از	از	از	از	P
17	حصول	حصول	حصول	حصول	N
18	غرض	غرض	غرض	غرض	N
19	از	از	از	از	P
20	مراعات	مراع	مراعات	مراعات	N
21	جانب	جانب	جانب	جانب	Ne
22	حزم	حز	حزم	حزم	N
23	و	و	و	و	CONJ
24	احتیاط	احتیاط	احتیاط	احتیاط	N
25	غافل	غافل	غافل	غافل	AJ
26	نباشد	نباشد	بود#باش	نباشد	V
27	.	.	.	.	PUNC

0	سبحان‌الله	سبحان‌الله	سبحان‌الله	سبحان|الله	RES
1	!	!	!	!	PUNC

0	موشی	موش	موش	موشی	N
1	با	با	با	با	P
2	ضعف	ضعف	ضعف	ضعف	N
3	و	و	و	و	CONJ
4	عجز	عجز	عجز	عجز	N
5	خویش	خو	خویش	خویش	PRO
6	چون	چون	چون	چون	CONJ
7	آفات	آف	آفات	آفات	N
8	بدو	بدو	دوید#دو	بدو	P
9	محیط	محیط	محیط	محیط	N
10	گشت	گ	گشت	گشت	V
11	و	و	و	و	CONJ
12	دشمنان	دشمن	دشمن	دشمنان	N
13	غالب	غالب	غالب	غالب	N
14	گرد	گرد	گرد	گرد	N
15	او	او	او	او	PRO
16	درآمدند	درآمدند	درآمدند	درآمدند	V
17	دل	دل	دل	دل	N
18	از	از	از	از	P
19	جای	جا	جای	جای	Ne
20	نبرد	نبرد	نبرد	نبرد	N
21	و	و	و	و	CONJ
22	به	به	به	به	P
23	دقایق	دقایق	دقایق	دقایق	N
24	مخادعت	مخادع	مخادعت	مخادعت	N
25	یکی	یک	یک	یکی	NUM
26	را	را	را	را	POSTP
27	از	از	از	از	P
28	ایشان	ا	ایشان	ایشان	PRO
29	در	در	در	در	P
30	دام	دا	دام	دام	N
31	موافقت	موافق	موافقت	موافقت	N
32	کشید	کشید	کشید#کش	کشید	V
33	،	،	،	،	PUNC
34	تا	تا	تا	تا	P
35	بدان	بد	بدان	بدان	P
36	وثیقت	وثیق	وثیق	وثیقت	N
37	و	و	و	و	CONJ
38	وسیلت	وسیل	وسیلت	وسیلت	N
39	محنت	محن	محنت	محنت	N
40	از	از	از	از	P
41	وی	و	وی	وی	PRO
42	دور	دور	دور	دور	N
43	گشت	گ	گشت	گشت	V
44	،	،	،	،	PUNC
45	و	و	و	و	CONJ
46	از	از	از	از	P
47	عهده	عهده	عهده	عهده	N
48	عهد	عهد	عهد	عهد	N
49	دشمن	دشمن	دشمن	دشمن	N
50	به	به	به	به	P
51	وقت	وق	وقت	وقت	N
52	بیرون	بیرون	بیرون	بیرون	N
53	آمد	آمد	آمد#آ	آمد	V
54	،	،	،	،	PUNC
55	و	و	و	و	CONJ
56	پس	پس	پس	پس	P
57	از	از	از	از	P
58	ادراک	ادراک	ادراک	ادراک	N
59	نهمت	نهم	نهم	نهمت	N
60	در	در	در	در	P
61	تصون	تصون	تصون	تصون	N
62	ذات	ذ	ذات	ذات	N
63	ابواب	ابواب	ابواب	ابواب	N
64	تیقظ	تیقظ	تیقظ	تیقظ	N
65	به	به	به	به	P
66	جای	جا	جای	جای	Ne
67	آورد	آورد	آورد#آور	آورد	V
68	.	.	.	.	PUNC

0	اگر	اگر	اگر	اگر	CONJ
1	اصحاب	اصحاب	اصحاب	اصحاب	N
2	خرد	خرد	خرد	خرد	N
3	و	و	و	و	CONJ
4	کیاست	کیاس	کیاست	کیاست	N
5	و	و	و	و	CONJ
6	ذکا	ذکا	ذکا	ذکا	N
7	و	و	و	و	CONJ
8	فطنت	فطن	فطنت	فطنت	N
9	این	این	این	این	PRO
10	تجارب	تجارب	تجارب	تجارب	N
11	را	را	را	را	POSTP
12	نمودار	نمودار	نمودار	نمودار	N
13	عزایم	عزا	عزایم	عزایم	N
14	خویش	خو	خویش	خویش	PRO
15	گردانند	گردانند	گردانند	گردانند	V
16	و	و	و	و	CONJ
17	در	در	در	در	P
18	تقدیم	تقد	تقدیم	تقدیم	Ne
19	مهمات	مه	مهمات	مهمات	N
20	این	این	این	این	PRO
21	بشارت	بشار	بشارت	بشارت	N
22	را	را	را	را	POSTP
23	امام	اما	امام	امام	N
24	سازند	سازند	ساخت#ساز	سازند	N
25	فواتح	فواتح	فواتح	فواتح	N
26	و	و	و	و	CONJ
27	خواتم	خوا	خواتم	خواتم	N
28	کارهای	کار	کار	کارهای	Ne
29	ایشان	ا	ایشان	ایشان	PRO
30	به	به	به	به	P
31	مزید	مزید	مزید	مزید	Ne
32	دوستکامی	دوستکام	دوستکامی	دوستکامی	N
33	و	و	و	و	CONJ
34	غبط	غبط	غبط	غبط	N
35	مقرون	مقرون	مقرون	مقرون	AJ
36	باشد	باشد	بود#باش	باشد	V
37	و	و	و	و	CONJ
38	سعادت	سعاد	سعادت	سعادت	N
39	عاجل	عاجل	عاجل	عاجل	AJ
40	و	و	و	و	CONJ
41	آجل	آجل	آجل	آجل	N
42	به	به	به	به	P
43	روزگار	روزگار	روزگار	روزگار	N
44	ایشان	ا	ایشان	ایشان	PRO
45	متصل	متصل	متصل	متصل	AJ
46	گردد	گردد	گشت#گرد	گردد	V
47	،	،	،	،	PUNC
48	والله	والله	والله	والله	N
49	ولی	ول	ولی	ولی	CONJ
50	التوفیق	التوفیق	التوفیق	التوفیق	N
51	.	.	.	.	PUNC

0	آنکه	آنکه	آنکه	آنکه	CONJ
1	کشیشان	کش	کش	کشیشان	N
2	و	و	و	و	CONJ
3	رهبانان	رهبان	رهبان	رهبانان	N
4	و	و	و	و	CONJ
5	ملکان	ملک	ملک	ملکان	N
6	و	و	و	و	CONJ
7	ریش‌سفیدان	ریش‌سفید	ریش‌سفید	ریش|سفیدان	N
8	و	و	و	و	CONJ
9	کدخدایان	کدخدا	کدخدا	کدخدایان	N
10	و	و	و	و	CONJ
11	رعایای	رعایا	رعایا	رعایای	Ne
12	ارامنه	ارامنه	ارامنه	ارامنه	N
13	ساکنین	ساکنین	ساکنین	ساکنین	N
14	دارالسلطنه	دارالسلطنه	دارالسلطنه	دارالسلطنه	N
15	اصفهان	اصفه	اصفهان	اصفهان	N
16	بعنایت	بعنا	بعنایت	بعنایت	N
17	بیغایت	بیغا	بیغایت	بیغایت	N
18	شاهانه	شاهانه	شاهانه	شاهانه	AJ
19	و	و	و	و	CONJ
20	شفقت	شفق	شفقت	شفقت	N
21	و	و	و	و	CONJ
22	مرحمت	مرحم	مرحمت	مرحمت	N
23	بینهایت	بین	بین	بینهایت	N
24	پادشاهانه	پادشاهانه	پادشاهانه	پادشاهانه	N
25	مفتخر	مفتخر	مفتخر	مفتخر	AJ
26	و	و	و	و	CONJ
27	سرافراز	سرافراز	سرافراز	سرافراز	AJ
28	و	و	و	و	CONJ
29	مستظهر	مستظهر	مستظهر	مستظهر	N
30	و	و	و	و	CONJ
31	امیدوار	امیدوار	امیدوار	امیدوار	AJ
32	بوده	بوده	بوده	بوده	V
33	بدانند	بدانند	دانست#دان	بدانند	V
34	که	که	که	که	CONJ
35	چون	چون	چون	چون	CONJ
36	میانه	میانه	میانه	میانه	N
37	نواب	نواب	نواب	نواب	N
38	کامیاب	کامیاب	کامیاب	کامیاب	N
39	همایون	همایون	همایون	همایون	N
40	و	و	و	و	CONJ
41	حضرات	حضر	حضرات	حضرات	N
42	سلاطین	سلاطین	سلاطین	سلاطین	N
43	رفیع‌الشأن	رفیع‌الشأن	رفیع‌الشأن	رفیع|الشأن	N
44	مسیحیه	مسیحیه	مسیحیه	مسیحیه	N
45	خصوصا	خصوصا	خصوصا	خصوصا	ADV
46	سلطنت	سلطن	سلطنت	سلطنت	N
47	و	و	و	و	CONJ
48	شوکت	شوک	شوکت	شوکت	N
49	پناهی	پناه	پناهی	پناهی	N
50	قدرة	قدرة	قدرة	قدرة	N
51	السلاطین	السلاطین	السلاطین	السلاطین	N
52	العیسویه	العیسویه	العیسویه	العیسویه	N
53	کمال	کمال	کمال	کمال	N
54	محبت	محب	محبت	محبت	N
55	و	و	و	و	CONJ
56	دوستی	دوست	دوست	دوستی	N
57	است	اس	#است	است	V
58	و	و	و	و	CONJ
59	در	در	در	در	P
60	میانه	میانه	میانه	میانه	N
61	ما	ما	ما	ما	PRO
62	و	و	و	و	CONJ
63	طوایف	طوایف	طوایف	طوایف	N
64	مسیحیه	مسیحیه	مسیحیه	مسیحیه	N
65	یکانکی	یکانک	یکانکی	یکانکی	NUM
66	است	اس	#است	است	V
67	و	و	و	و	CONJ
68	اصلا	اصلا	اصلا	اصلا	ADV
69	جدایی	جدا	جدایی	جدایی	N
70	نیست	نیس	نیست	نیست	V
71	و	و	و	و	CONJ
72	توجه	توجه	توجه	توجه	N
73	خاطر	خاطر	خاطر	خاطر	N
74	اشرف	اشرف	اشرف	اشرف	N
75	به	به	به	به	P
76	آن	آن	آن	آن	PRO
77	متعلق	متعلق	متعلق	متعلق	AJ
78	است	اس	#است	است	V
79	که	که	که	که	CONJ
80	همیشه	همیشه	همیشه	همیشه	ADV
81	طوایف	طوایف	طوایف	طوایف	N
82	مسیحیه	مسیحیه	مسیحیه	مسیحیه	N
83	از	از	از	از	P
84	اطراف	اطراف	اطراف	اطراف	N
85	و	و	و	و	CONJ
86	جوانب	جوانب	جوانب	جوانب	N
87	بدین	بدین	بدین	بدین	P
88	دیار	دیار	دیار	دیار	N
89	آمد	آمد	آمد#آ	آمد	V
90	و	و	و	و	CONJ
91	شد	شد	شد#شو	شد	V
92	نمایند	نمایند	نمود#نما	نمایند	V
93	.	.	.	.	PUNC

0	و	و	و	و	CONJ
1	حال	حال	حال	حال	ADV
2	آنکه	آنکه	آنکه	آنکه	CONJ
3	آن	آن	آن	آن	PRO
4	کودک	کودک	کودک	کودک	N
5	دیگر	دیگر	دیگر	دیگر	PRO
6	مردی	مرد	مردی	مردی	N
7	شده_است	شده_اس	شد#شو	شده_است	V
8	یا	یا	یا	یا	CONJ
9	زنی	زن	زنی	زنی	N
10	؛	؛	؛	؛	PUNC
11	و	و	و	و	CONJ
12	زیباست	زیباس	زیباست	زیباست	V
13	و	و	و	و	CONJ
14	برومند	برومند	برومند	برومند	N
15	؛	؛	؛	؛	PUNC
16	و	و	و	و	CONJ
17	لابد	لابد	لابد	لابد	ADV
18	شوهری	شوهر	شوهر	شوهری	N
19	می‌خواهد	می‌خواهد	خواست#خواه	می|خواهد	V
20	یا	یا	یا	یا	CONJ
21	زنی	زن	زنی	زنی	N
22	؛	؛	؛	؛	PUNC
23	و	و	و	و	CONJ
24	لابد	لابد	لابد	لابد	ADV
25	بچه‌ای	بچه	بچه	بچه|ای	N
26	خواهد_داشت	خواهد_دا	داشت#دار	خواهد_داشت	V
27	و…	و…	و…	و…	PUNC
28	این	این	این	این	PRO
29	جوری	جور	جور	جوری	N
30	بود	بود	بود#باش	بود	V
31	که	که	که	که	CONJ
32	فریادم	فریاد	فریاد	فریادم	N
33	از	از	از	از	P
34	درون	درون	درون	درون	N
35	برخاست	برخاس	برخاست	برخاست	V
36	که	که	که	که	CONJ
37	مگر	مگر	مگر	مگر	ADV
38	دوام	دوا	دوام	دوام	N
39	خلقت	خلق	خلقت	خلقت	N
40	بر	بر	بر	بر	P
41	زمینهٔ	زمینه	زمینه	زمینهٔ	N
42	لق	لق	لق	لق	AJ
43	حسرت‌های	حسرت	حسرت	حسرت|های	N
44	تو	تو	تو	تو	PRO
45	است	اس	#است	است	V
46	احمق	احمق	احمق	احمق	AJ
47	؟	؟	؟	؟	PUNC

0	خیال	خیال	خیال	خیال	N
1	کرده‌ای	کرده	کرد#کن	کرده|ای	V
2	!	!	!	!	PUNC

0	و	و	و	و	CONJ
1	اصلا	اصلا	اصلا	اصلا	ADV
2	ببینم	ببین	ببینم	ببینم	V
3	–	–	–	–	PUNC
4	مگر	مگر	مگر	مگر	ADV
5	کدام	کدا	کدام	کدام	N
6	یک	یک	یک	یک	NUM
7	از	از	از	از	P
8	بچه‌های	بچه	بچه	بچه|های	Ne
9	سر	سر	سر	سر	N
10	راهی	راه	راه	راهی	N
11	و	و	و	و	CONJ
12	یتیم	یت	یتیم	یتیم	N
13	خانه‌ای	خانه	خانه	خانه|ای	N
14	و	و	و	و	CONJ
15	پرورشگاهی	پرورشگاه	پرورشگاه	پرورشگاهی	N
16	به	به	به	به	P
17	دم	د	دم	دم	N
18	روح	روح	روح	روح	N
19	القدس	القدس	القدس	القدس	N
20	در	در	در	در	P
21	مشیمهٔ	مشیمه	مشیمهٔ	مشیمهٔ	N
22	مادرشان	مادر	مادر	مادرشان	N
23	قرار	قرار	قرار	قرار	N
24	گرفته‌اند	گرفته‌اند	گرفت#گیر	گرفته|اند	V
25	؟	؟	؟	؟	PUNC

0	و	و	و	و	CONJ
1	مگر	مگر	مگر	مگر	ADV
2	چه	چه	چه	چه	N
3	فرقی	فرق	فرق	فرقی	N
4	هست	هس	#هست	هست	V
5	میان	م	میان	میان	N
6	یک	یک	یک	یک	NUM
7	پسر	پسر	پسر	پسر	N
8	کاکل‌زری	کاکل‌زر	کاکل‌زری	کاکل|زری	N
9	فلان	فل	فلان	فلان	PRO
10	شازده	شازده	شازده	شازده	N
11	با	با	با	با	P
12	بچهٔ	بچه	بچه	بچهٔ	V
13	فلان	فل	فلان	فلان	PRO
14	میراب	میراب	میراب	میراب	N
15	که	که	که	که	CONJ
16	چون	چون	چون	چون	CONJ
17	برای	برا	برای	برای	Pe
18	بخور	بخور	خورد#خور	بخور	N
19	و	و	و	و	CONJ
20	نمیر	نمیر	مرد#میر	نمیر	N
21	خودش	خود	خودش	خودش	PRO
22	درمانده	درمانده	درمانده	درمانده	AJ
23	بوده	بوده	بوده	بوده	V
24	فرزندش	فرزند	فرزند	فرزندش	N
25	را	را	را	را	POSTP
26	سر	سر	سر	سر	N
27	راه	راه	راه	راه	N
28	گذاشته	گذاشته	گذاشته	گذاشته	V
29	؟	؟	؟	؟	PUNC

0	کارت	کار	کارت	کارت	N
1	به	به	به	به	P
2	کارت	کار	کارت	کارت	N
3	کردن	کردن	کردن	کردن	N
4	.	.	.	.	PUNC

0	در	در	در	در	P
1	اصل	اصل	اصل	اصل	N
2	به	به	به	به	P
3	معنی	معن	معنی	معنی	N
4	انتقال	انتقال	انتقال	انتقال	N
5	وجه	وجه	وجه	وجه	N
6	بین	بین	بین	بین	N
7	کارت‌های	کارت	کارت	کارت|های	N
8	بانکی	بانک	بانک	بانکی	AJ
9	عضو	عضو	عضو	عضو	N
10	شتاب	شتاب	شتاب	شتاب	N
11	است	اس	#است	است	V
12	.	.	.	.	PUNC

0	اما	اما	اما	اما	CONJ
1	در	در	در	در	P
2	اصطلاح	اصطلاح	اصطلاح	اصطلاح	N
3	به	به	به	به	P
4	عنوان	عنو	عنوان	عنوان	Ne
5	رشوه	رشوه	رشوه	رشوه	N
6	دادن	دادن	دادن	دادن	N
7	تلقی	تلق	تلقی	تلقی	N
8	میشود	میشود	میشود	میشود	V
9	.	.	.	.	PUNC

0	داوری	داور	داور	داوری	N
1	بازی	باز	بازی	بازی	N
2	فوتبال	فوتبال	فوتبال	فوتبال	N
3	دیشبو	دیشبو	دیشبو	دیشبو	N
4	دیدی	دید	دید#بین	دیدی	V
5	؟	؟	؟	؟	PUNC

0	آره	آره	آره	آره	RES
1	بابا	بابا	بابا	بابا	N
2	تابلو	تابلو	تابلو	تابلو	N
3	بود	بود	بود#باش	بود	V
4	واسه	واسه	واسه	واسه	P
5	داوره	داوره	داوره	داوره	N
6	کارت	کار	کارت	کارت	N
7	به	به	به	به	P
8	کارت	کار	کارت	کارت	N
9	کردن	کردن	کردن	کردن	N
10	.	.	.	.	PUNC

0	میگن	میگن	میگن	میگن	N
1	مایکروسافت	مایکروساف	مایکروسافت	مایکروسافت	N
2	واسه	واسه	واسه	واسه	P
3	سایت	سا	سایت	سایت	N
4	IGN	IGN	IGN	IGN	N
5	کارت	کار	کارت	کارت	N
6	به	به	به	به	P
7	کارت	کار	کارت	کارت	N
8	کرده	کرده	کرده	کرده	V
9	تا	تا	تا	تا	P
10	امتیاز	امتیاز	امتیاز	امتیاز	N
11	بالایی	بالا	بالا	بالایی	AJ
12	به	به	به	به	P
13	بازی	باز	بازی	بازی	N
14	Halo	Halo	Halo	Halo	RES
15	بده	بده	داد#ده	بده	V
16	.	.	.	.	PUNC

0	مارال	مارال	مارال	مارال	N
1	:	:	:	:	PUNC
2	بچه‌ها	بچه	بچه	بچه|ها	N
3	امروز	امروز	امروز	امروز	ADV
4	تولد	تولد	تولد	تولد	N
5	بهنازه	بهنازه	بهنازه	بهنازه	N
6	،	،	،	،	PUNC
7	دورهمی	دورهم	دورهم	دورهمی	N
8	داریم	دار	داشت#دار	داریم	V
9	.	.	.	.	PUNC

0	حدیثه	حدیثه	حدیثه	حدیثه	N
1	:	:	:	:	PUNC
2	آج	آج	آج	آج	N
3	جون	جون	جون	جون	N
4	،	،	،	،	PUNC
5	دورهمی	دورهم	دورهم	دورهمی	N
6	!	!	!	!	PUNC

0	مارال	مارال	مارال	مارال	N
1	:	:	:	:	PUNC
2	علی	عل	علی	علی	N
3	کجاست	کجاس	کجاست	کجاست	V
4	؟	؟	؟	؟	PUNC

0	کک	کک	کک	کک	N
1	به	به	به	به	P
2	تنبونمون	تنبونمون	تنبونمون	تنبونمون	N
3	انداخت	انداخ	انداخت#انداز	انداخت	V
4	و	و	و	و	CONJ
5	رفت	رف	رفت#رو	رفت	V
6	!	!	!	!	PUNC

0	حدیثه	حدیثه	حدیثه	حدیثه	N
1	:	:	:	:	PUNC
2	خیلی	خیل	خیلی	خیلی	ADV
3	ریلکسه	ریلکسه	ریلکسه	ریلکسه	N
4	!	!	!	!	PUNC

0	الان	ال	الان	الان	ADV
1	قلپ	قلپ	قلپ	قلپ	N
2	دوم	دو	دوم	دوم	NUM
3	چاییشه	چاییشه	چاییشه	چاییشه	N
4	!	!	!	!	PUNC

0	مارال	مارال	مارال	مارال	N
1	:	:	:	:	PUNC
2	تصویرسازیت	تصویرساز	تصویرساز	تصویرسازیت	N
3	تو	تو	تو	تو	PRO
4	حلقم	حلق	حلق	حلقم	N
5	.	.	.	.	PUNC

0	مرضا	مرضا	مرضا	مرضا	N
1	کجاست	کجاس	کجاست	کجاست	V
2	که	که	که	که	CONJ
3	بیاد	بیاد	بیاد	بیاد	V
4	این	این	این	این	PRO
5	اصطلاح	اصطلاح	اصطلاح	اصطلاح	N
6	ادبی	ادب	ادب	ادبی	AJ
7	چاله	چاله	چاله	چاله	N
8	میدونی	میدون	میدونی	میدونی	N
9	رو	رو	رو	رو	N
10	ثبت	ثب	ثبت	ثبت	N
11	کنه	کنه	کنه	کنه	V
12	تو	تو	تو	تو	PRO
13	اون	اون	اون	اون	PRO
14	بیلبیلک	بیلبیلک	بیلبیلک	بیلبیلک	N
15	؟	؟	؟	؟	PUNC

0	(	(	(	(	PUNC
1	سایت	سا	سایت	سایت	N
2	فارسی	فارس	فارس	فارسی	N
3	شهری	شهر	شهر	شهری	N
4	)	)	)	)	PUNC
5	مرسده	مرسده	مرسده	مرسده	N
6	:	:	:	:	PUNC
7	مرضا	مرضا	مرضا	مرضا	N
8	اومد	اومد	اومد	اومد	N
9	ثبت	ثب	ثبت	ثبت	N
10	کنه	کنه	کنه	کنه	V
11	!	!	!	!	PUNC

0	مرضا	مرضا	مرضا	مرضا	N
1	:	:	:	:	PUNC
2	ثبت	ثب	ثبت	ثبت	N
3	شد	شد	شد#شو	شد	V
4	!	!	!	!	PUNC

0	منتظر	منتظر	منتظر	منتظر	AJ
1	تأیید	تأیید	تأیید	تأیید	Ne
2	فارسی	فارس	فارس	فارسی	N
3	شهری	شهر	شهر	شهری	N
4	و	و	و	و	CONJ
5	این	این	این	این	PRO
6	دو	دو	دو	دو	NUM
7	تن	تن	تن	تن	N
8	برفتند	برفتند	برفتند	برفتند	V
9	با	با	با	با	P
10	بگتگین	بگتگین	بگتگین	بگتگین	N
11	بگفتند	بگفتند	بگفتند	بگفتند	V
12	که	که	که	که	CONJ
13	به	به	به	به	P
14	چه	چه	چه	چه	N
15	شغل	شغل	شغل	شغل	N
16	آمده‌اند	آمده‌اند	آمد#آ	آمده|اند	V
17	،	،	،	،	PUNC
18	که	که	که	که	CONJ
19	بی	ب	بی	بی	P
20	مثال	مثال	مثال	مثال	N
21	وی	و	وی	وی	PRO
22	کسی	کس	کس	کسی	N
23	بر	بر	بر	بر	P
24	قلعت	قلع	قلع	قلعت	N
25	نتوانستی	نتوانست	توانست#توان	نتوانستی	V
26	شد	شد	شد#شو	شد	V
27	.	.	.	.	PUNC

0	بگتگین	بگتگین	بگتگین	بگتگین	N
1	کدخدای	کدخدا	کدخدا	کدخدای	N
2	خویش	خو	خویش	خویش	PRO
3	را	را	را	را	POSTP
4	با	با	با	با	P
5	ایشان	ا	ایشان	ایشان	PRO
6	نامزد	نامزد	نامزد	نامزد	N
7	کرد	کرد	کرد#کن	کرد	V
8	و	و	و	و	CONJ
9	بر	بر	بر	بر	P
10	قلعت	قلع	قلع	قلعت	N
11	رفتند	رفتند	رفت#رو	رفتند	V
12	و	و	و	و	CONJ
13	پیش	پ	پیش	پیش	ADV
14	امیر	امیر	امیر	امیر	N
15	محمد	محمد	محمد	محمد	N
16	شدند	شدند	شد#شو	شدند	V
17	و	و	و	و	CONJ
18	رسم	رس	رسم	رسم	N
19	خدمت	خدم	خدمت	خدمت	N
20	را	را	را	را	POSTP
21	بجای	بجا	بجا	بجای	N
22	آوردند	آوردند	آورد#آور	آوردند	V
23	،	،	،	،	PUNC
24	امیر	امیر	امیر	امیر	N
25	گفت	گف	گفت#گو	گفت	V
26	:	:	:	:	PUNC
27	خبر	خبر	خبر	خبر	N
28	برادرم	برادر	برادر	برادرم	N
29	چیست	چیس	چیست	چیست	V
30	و	و	و	و	CONJ
31	لشکرکی	لشکرک	لشکرک	لشکرکی	N
32	خواهد_رفت	خواهد_رف	رفت#رو	خواهد_رفت	V
33	نزدیک	نزدیک	نزدیک	نزدیک	AJ
34	وی	و	وی	وی	PRO
35	؟	؟	؟	؟	PUNC

0	گفتند	گفتند	گفت#گو	گفتند	V
1	:	:	:	:	PUNC
2	«	«	«	«	PUNC
3	خبر	خبر	خبر	خبر	N
4	خداوند	خداوند	خداوند	خداوند	N
5	سلطان	سلط	سلطان	سلطان	N
6	همه	همه	همه	همه	PRO
7	خیر	خیر	خیر	خیر	RES
8	است	اس	#است	است	V
9	،	،	،	،	PUNC
10	و	و	و	و	CONJ
11	در	در	در	در	P
12	این	این	این	این	PRO
13	دو	دو	دو	دو	NUM
14	سه	سه	سه	سه	NUM
15	روز	روز	روز	روز	N
16	همه	همه	همه	همه	PRO
17	لشکر	لشکر	لشکر	لشکر	N
18	بروند	بروند	رفت#رو	بروند	V
19	و	و	و	و	CONJ
20	حاجب	حاجب	حاجب	حاجب	N
21	بزرگ	بزرگ	بزرگ	بزرگ	AJ
22	بر	بر	بر	بر	P
23	اثر	اثر	اثر	اثر	N
24	ایشان	ا	ایشان	ایشان	PRO
25	،	،	،	،	PUNC
26	و	و	و	و	CONJ
27	بندگان	بندگ	بندگان	بندگان	N
28	بدین	بدین	بدین	بدین	P
29	آمده‌اند	آمده‌اند	آمد#آ	آمده|اند	V
30	»	»	»	»	PUNC
31	،	،	،	،	PUNC
32	و	و	و	و	CONJ
33	نامه	نامه	نامه	نامه	N
34	به	به	به	به	P
35	امیر	امیر	امیر	امیر	N
36	دادند	دادند	داد#ده	دادند	V
37	.	.	.	.	PUNC

0	برخواند	برخواند	برخواند	برخواند	V
1	و	و	و	و	CONJ
2	لختی	لخت	لخت	لختی	N
3	تاریکی	تاریک	تاریکی	تاریکی	N
4	در	در	در	در	P
5	وی	و	وی	وی	PRO
6	پیدا	پیدا	پیدا	پیدا	AJ
7	آمد	آمد	آمد#آ	آمد	V
8	.	.	.	.	PUNC

0	نبیه	نبیه	نبیه	نبیه	N
1	گفت	گف	گفت#گو	گفت	V
2	«	«	«	«	PUNC
3	زندگانی	زندگان	زندگانی	زندگانی	N
4	امیر	امیر	امیر	امیر	N
5	دراز	دراز	دراز	دراز	AJ
6	باد	باد	باد	باد	N
7	،	،	،	،	PUNC
8	سلطان	سلط	سلطان	سلطان	N
9	که	که	که	که	CONJ
10	برادر	برادر	برادر	برادر	N
11	است	اس	#است	است	V
12	حق	حق	حق	حق	N
13	امیر	امیر	امیر	امیر	N
14	را	را	را	را	POSTP
15	نگاه	نگاه	نگاه	نگاه	N
16	دارد	دارد	داشت#دار	دارد	V
17	و	و	و	و	CONJ
18	مهربانی	مهربان	مهربان	مهربانی	N
19	نماید	نماید	نمود#نما	نماید	V
20	.	.	.	.	PUNC

0	دل	دل	دل	دل	N
1	بد	بد	بد	بد	AJ
2	نباید	نباید	نباید	نباید	V
3	کرد	کرد	کرد#کن	کرد	V
4	و	و	و	و	CONJ
5	به‌قضای	به‌قضا	به‌قضای	به|قضای	N
6	خدای	خدا	خدا	خدای	Ne
7	عزوجل	عزوجل	عزوجل	عزوجل	N
8	رضا	رضا	رضا	رضا	N
9	باید	باید	باید	باید	V
10	داد	داد	داد	داد	V
11	و	و	و	و	CONJ
12	از	از	از	از	P
13	این	این	این	این	PRO
14	باب	باب	باب	باب	N
15	بسیار	بسیار	بسیار	بسیار	ADV
16	سخن	سخن	سخن	سخن	N
17	نیکو	نیکو	نیکو	نیکو	AJ
18	گفت	گف	گفت#گو	گفت	V
19	،	،	،	،	PUNC
20	و	و	و	و	CONJ
21	فذلک	فذلک	فذلک	فذلک	N
22	آن	آن	آن	آن	PRO
23	بود	بود	بود#باش	بود	V
24	که	که	که	که	CONJ
25	بودنی	بودن	بودنی	بودنی	N
26	بوده_است	بوده_اس	بود#باش	بوده_است	V
27	.	.	.	.	PUNC

0	به	به	به	به	P
1	سر	سر	سر	سر	N
2	نشاط	نشاط	نشاط	نشاط	N
3	باز	باز	باز	باز	ADV
4	باید	باید	باید	باید	V
5	شد	شد	شد#شو	شد	V
6	و	و	و	و	CONJ
7	امیر	امیر	امیر	امیر	N
8	ایشان	ا	ایشان	ایشان	PRO
9	را	را	را	را	POSTP
10	بنواخت	بنواخ	بنواخت	بنواخت	N
11	و	و	و	و	CONJ
12	گفت	گف	گفت#گو	گفت	V
13	«	«	«	«	PUNC
14	مرا	مرا	مرا	مرا	PRO
15	فراموش	فرامو	فراموش	فراموش	AJ
16	مکنید	مکنید	مکنید	مکنید	N
17	.	.	.	.	PUNC
18	»	»	»	»	PUNC
19	و	و	و	و	CONJ
20	بازگشتند	بازگشتند	بازگشتند	بازگشتند	V
21	و	و	و	و	CONJ
22	آنچه	آنچه	آنچه	آنچه	PRO
23	رفته_بود	رفته_بود	رفت#رو	رفته_بود	V
24	با	با	با	با	P
25	حاجب	حاجب	حاجب	حاجب	N
26	بزرگ	بزرگ	بزرگ	بزرگ	AJ
27	علی	عل	علی	علی	N
28	گفتند	گفتند	گفت#گو	گفتند	V
29	.	.	.	.	PUNC

0	،	،	،	،	PUNC
1	ای	ا	ای	ای	INT
2	که	که	که	که	CONJ
3	مرا	مرا	مرا	مرا	PRO
4	مایه‌ی	مایه	مایه	مایه|ی	Ne
5	حظی	حظ	حظ	حظی	N
6	و	و	و	و	CONJ
7	سروری	سرور	سرور	سروری	N
8	و	و	و	و	CONJ
9	ز	ز	ز	ز	RES
10	هر	هر	هر	هر	DET
11	عیب	عیب	عیب	عیب	N
12	به	به	به	به	P
13	دوری	دور	دور	دوری	N
14	و	و	و	و	CONJ
15	چو	چو	چو	چو	CONJ
16	یک	یک	یک	یک	NUM
17	پارچه	پارچه	پارچه	پارچه	N
18	نوری	نور	نوری	نوری	N
19	و	و	و	و	CONJ
20	به	به	به	به	P
21	دل	دل	دل	دل	N
22	همچو	همچو	همچو	همچو	ADV
23	بلوری	بلور	بلور	بلوری	N
24	و	و	و	و	CONJ
25	مبرا	مبرا	مبرا	مبرا	AJ
26	ز	ز	ز	ز	RES
27	غروری	غرور	غرور	غروری	N
28	و	و	و	و	CONJ
29	پر	پر	پر	پر	AJ
30	از	از	از	از	P
31	شعر	شعر	شعر	شعر	N
32	و	و	و	و	CONJ
33	شعوری	شعور	شعور	شعوری	N
34	،	،	،	،	PUNC
35	با	با	با	با	P
36	درودی	درود	درود	درودی	N
37	و	و	و	و	CONJ
38	سلامی	سلام	سلامی	سلامی	N
39	و	و	و	و	CONJ
40	نویدی	نوید	نوید	نویدی	N
41	و	و	و	و	CONJ
42	پیامی	پیام	پیام	پیامی	N
43	و	و	و	و	CONJ
44	حدیثی	حدیث	حدیث	حدیثی	N
45	و	و	و	و	CONJ
46	کلامی	کلام	کلام	کلامی	N
47	ز	ز	ز	ز	RES
48	ره	ره	ره	ره	N
49	دور	دور	دور	دور	N
50	،	،	،	،	PUNC
51	از	از	از	از	P
52	این	این	این	این	PRO
53	عاشق	عاشق	عاشق	عاشق	N
54	رنجور	رنجور	رنجور	رنجور	AJ
55	،	،	،	،	PUNC
56	به	به	به	به	P
57	تو	تو	تو	تو	PRO
58	ای	ا	ای	ای	INT
59	دلبر	دلبر	دلبر	دلبر	N
60	مهجور	مهجور	مهجور	مهجور	N
61	،	،	،	،	PUNC
62	که	که	که	که	CONJ
63	باشی	باش	بود#باش	باشی	V
64	به	به	به	به	P
65	هنر	هنر	هنر	هنر	N
66	شهره	شهره	شهره	شهره	N
67	و	و	و	و	CONJ
68	مشهور	مشهور	مشهور	مشهور	AJ
69	و	و	و	و	CONJ
70	نباشد	نباشد	بود#باش	نباشد	V
71	به	به	به	به	P
72	دلت	دل	دل	دلت	N
73	جور	جور	جور	جور	N
74	و	و	و	و	CONJ
75	جفایی	جفا	جفا	جفایی	N
76	،	،	،	،	PUNC
77	که	که	که	که	CONJ
78	تو	تو	تو	تو	PRO
79	خود	خود	خود	خود	PRO
80	اصل	اصل	اصل	اصل	N
81	وفایی	وفا	وفا	وفایی	N
82	و	و	و	و	CONJ
83	بهین	بهین	بهین	بهین	N
84	شاعر	شاعر	شاعر	شاعر	N
85	مایی	ما	ما	مایی	V
86	و	و	و	و	CONJ
87	به	به	به	به	P
88	درددل	درددل	درددل	درددل	N
89	عشاق	عشاق	عشاق	عشاق	N
90	دوایی	دوا	دوا	دوایی	N
91	،	،	،	،	PUNC
92	به	به	به	به	P
93	چه	چه	چه	چه	N
94	حالی	حال	حال	حالی	N
95	و	و	و	و	CONJ
96	کجایی	کجا	کجا	کجایی	V
97	،	،	،	،	PUNC
98	ز	ز	ز	ز	RES
99	برم	بر	برد#بر	برم	N
100	دور	دور	دور	دور	N
101	چرایی	چرا	چرایی	چرایی	Ne
102	،	،	،	،	PUNC
103	ارچه	ارچه	ارچه	ارچه	N
104	ما	ما	ما	ما	PRO
105	را	را	را	را	POSTP
106	نبود	نبود	بود#باش	نبود	V
107	طاقت	طاق	طاقت	طاقت	N
108	هجران	هجر	هجران	هجران	N
109	رخت	رخ	رخت	رخت	N
110	ای	ا	ای	ای	INT
111	مه	مه	مه	مه	N
112	زیبا	زیبا	زیبا	زیبا	AJ
113	،	،	،	،	PUNC
114	دارم	دار	داشت#دار	دارم	V
115	امید	امید	امید	امید	N
116	که	که	که	که	CONJ
117	لطف	لطف	لطف	لطف	N
118	ازلی	ازل	ازل	ازلی	AJ
119	در	در	در	در	P
120	همه	همه	همه	همه	PRO
121	احوال	احوال	احوال	احوال	N
122	بسی	بس	بس	بسی	ADV
123	شامل	شامل	شامل	شامل	AJe
124	حالت	حال	حالت	حالت	N
125	شده_باشد	شده_باشد	شد#شو	شده_باشد	V
126	و	و	و	و	CONJ
127	دگر	دگر	دگر	دگر	PRO
128	همچو	همچو	همچو	همچو	ADV
129	گذشته	گذشته	گذشته	گذشته	N
130	بشوی	بشو	شد#شو	بشوی	V
131	همره	همره	همره	همره	N
132	و	و	و	و	CONJ
133	مأنوس	مأنوس	مأنوس	مأنوس	AJ
134	به	به	به	به	P
135	سلم	سل	سلم	سلم	N
136	و	و	و	و	CONJ
137	خوشی	خوش	خوش	خوشی	N
138	و	و	و	و	CONJ
139	صدق	صدق	صدق	صدق	N
140	و	و	و	و	CONJ
141	صفا	صفا	صفا	صفا	N
142	و	و	و	و	CONJ
143	کرم	کر	کرم	کرم	N
144	و	و	و	و	CONJ
145	جود	جود	جود	جود	N
146	و	و	و	و	CONJ
147	سخا	سخا	سخا	سخا	N
148	و	و	و	و	CONJ
149	دگر	دگر	دگر	دگر	PRO
150	الطاف	الطاف	الطاف	الطاف	N
151	خدا	خدا	خدا	خدا	N
152	دورکند	دورکند	دورکند	دورکند	V
153	ازتن	ازتن	ازتن	ازتن	N
154	تو	تو	تو	تو	PRO
155	رنج	رنج	رنج	رنج	N
156	و	و	و	و	CONJ
157	بلا	بلا	بلا	بلا	N
158	را	را	را	را	POSTP
159	!	!	!	!	PUNC

0	الغرض	الغرض	الغرض	الغرض	N
1	،	،	،	،	PUNC
2	تا	تا	تا	تا	P
3	تو	تو	تو	تو	PRO
4	در	در	در	در	P
5	این	این	این	این	PRO
6	دهکده‌ی	دهکده	دهکده	دهکده|ی	N
7	کوچک	کوچک	کوچک	کوچک	AJ
8	رایانه‌ای	رایانه	رایانه	رایانه|ای	AJ
9	از	از	از	از	P
10	بهر	بهر	بهر	بهر	Pe
11	دل	دل	دل	دل	N
12	ملت	مل	ملت	ملت	N
13	بیداردل	بیداردل	بیداردل	بیداردل	N
14	خویش	خو	خویش	خویش	PRO
15	،	،	،	،	PUNC
16	به	به	به	به	P
17	افشاگری	افشاگر	افشاگر	افشاگری	N
18	و	و	و	و	CONJ
19	شوخی	شوخ	شوخ	شوخی	N
20	و	و	و	و	CONJ
21	طنازی	طناز	طناز	طنازی	N
22	و	و	و	و	CONJ
23	هم	ه	هم	هم	CONJ
24	دادن	دادن	دادن	دادن	N
25	آگاهی	آگاه	آگاهی	آگاهی	N
26	از	از	از	از	P
27	اسرار	اسرار	اسرار	اسرار	N
28	مگو	مگو	مگو	مگو	V
29	دست	دس	دست	دست	N
30	گشودی	گشود	گشود#گشا	گشودی	V
31	،	،	،	،	PUNC
32	همگان	همگ	همگان	همگان	PRO
33	را	را	را	را	POSTP
34	به	به	به	به	P
35	سخن‌های	سخن	سخن	سخن|های	N
36	پر	پر	پر	پر	AJ
37	از	از	از	از	P
38	شهد	شهد	شهد	شهد	N
39	و	و	و	و	CONJ
40	شکر	شکر	شکر	شکر	N
41	راغب	راغب	راغب	راغب	N
42	و	و	و	و	CONJ
43	مشتاق	مشتاق	مشتاق	مشتاق	AJ
44	نمودی	نمود	نمود#نما	نمودی	N
45	و	و	و	و	CONJ
46	به	به	به	به	P
47	نیش	ن	نیش	نیش	N
48	قلمت	قلم	قلم	قلمت	N
49	گرد	گرد	گرد	گرد	N
50	و	و	و	و	CONJ
51	غبار	غبار	غبار	غبار	N
52	از	از	از	از	P
53	رخ	رخ	رخ	رخ	N
54	هر	هر	هر	هر	DET
55	ناکس	ناکس	ناکس	ناکس	N
56	بی	ب	بی	بی	P
57	مغز	مغز	مغز	مغز	N
58	و	و	و	و	CONJ
59	خرد	خرد	خرد	خرد	N
60	پاک	پاک	پاک	پاک	AJ
61	زدودی	زدود	زدودی	زدودی	N
62	و	و	و	و	CONJ
63	هم	ه	هم	هم	CONJ
64	از	از	از	از	P
65	باطن	باطن	باطن	باطن	N
66	بی	ب	بی	بی	P
67	مایه‌ی	مایه	مایه	مایه|ی	Ne
68	ارباب	ارباب	ارباب	ارباب	N
69	زر	زر	زر	زر	N
70	و	و	و	و	CONJ
71	زور	زور	زور	زور	N
72	و	و	و	و	CONJ
73	ریا	ریا	ریا	ریا	N
74	پرده	پرده	پرده	پرده	N
75	گشودی	گشود	گشود#گشا	گشودی	V
76	.	.	.	.	PUNC

