0	مقام
1	معظم
2	رهبری
3	در
4	دیدار
5	رییس
6	و
7	مسیو
8	لان
9	سازمان
10	پدافند
11	غیرعامل
12	اظهار
13	داشتند
14	:
15	پدافند
16	غیرعامل
17	درمقابل
18	تهاجم
19	دشمنان
20	علمی
21	،
22	جدی
23	و
24	همه‌جانبه
25	باشد
26	.
0	ایران
1	و
2	اتحادیه
3	اروپا
4	برای
5	رونمایی
6	از
7	یک
8	تونل
9	مالی
10	ویژه
11	،
12	با
13	هدف
14	خنثی‌سازی
15	اثر
16	تحریم‌های
17	امریکا
18	و
19	هموار
20	شدن
21	راه
22	تجارت
23	بین
24	کشورمان
25	با
26	جهان
27	آماده
28	می‌شوند
29	.
0	ایجاد
1	کانال
2	ویژه
3	مالی
4	اروپا
5	یکی
6	از
7	گام‌های
8	عملی
9	برای
10	حفظ
11	و
12	بهره‌مندی
13	ایران
14	از
15	منفعت
16	اقتصادی
17	ان
18	ازجمله
19	ایمن
20	ماندن
21	مسیر
22	فروش
23	نفت
24	و
25	دیگر
26	کالاهای
27	صادراتی
28	به
29	اروپا
30	و
31	البته
32	سایر
33	کشورها
34	بهشمار
35	می‌رود
36	و
37	قرار
38	است
39	مبنای
40	ردوبدل
41	مالی
42	در
43	این
44	کانال
45	ویژه
46	براساس
47	یورو
48	و
49	نه
50	دلار
51	صورت
52	گیرد
53	.
0	به‌گزارش
1	همشهری
2	،
3	عبدالناصر
4	همتی
5	،
6	رییس‌کل
7	بانک
8	مرکزی
9	ایران
10	در
11	تازه‌ترین
12	واکنش
13	به
14	این
15	موضوع
16	گفته است
17	جزئیات
18	و
19	نحوه
20	استفاده
21	از
22	کانال
23	ویژه
24	مالی
25	اروپا
26	هفته
27	آینده
28	در
29	جریان
30	یک
31	نشست
32	که
33	در
34	شهر
35	بروکسل
36	بلژیک
37	،
38	مقر
39	اتحادیه
40	اروپا
41	برگزار
42	می‌شود
43	،
44	نهایی
45	خواهد شد
46	.
0	او
1	وعده
2	داده
3	جزئیات
4	این
5	کانال
6	ضد
7	تحریم
8	به‌زودی
9	اعلام
10	خواهد شد
11	.
0	به
1	گفته
2	این
3	مقام
4	ارشد
5	بانک
6	مرکزی
7	،
8	جزئیات
9	این
10	کانال
11	هفته
12	آینده
13	بین
14	ایران
15	و
16	اروپا
17	موردبررسي
18	نهایی
19	قرار
20	می‌گیرد
21	و
22	هدف
23	نخست
24	ان
25	رفع
26	مشکلات
27	مربوط
28	به
29	انجام
30	پرداخت‌های
31	مالی
32	است
33	.
0	او
1	در
2	صفحه
3	خود
4	نوشته است
5	:
6	کانال
7	ویژه
8	مالی
9	اروپا
10	،
11	نقش
12	نوعی
13	پیمان
14	پولی
15	دوجانبه
16	میان
17	ایران
18	و
19	اتحادیه
20	اروپا
21	را
22	ایفا
23	خواهد کرد
24	و
25	هر
26	دو
27	طرف
28	بر
29	تسریع
30	در
31	عملیاتی
32	شدن
33	این
34	فرایند
35	تأکید
36	دارند
37	.
0	پیشتر
1	در
2	هفته
3	نخست
4	مهرماه
5	موگرینی
6	،
7	مسیول
8	سیاست
9	خارجی
10	اتحادیه
11	اروپا
12	،
13	قول
14	داده بود
15	که
16	کانال
17	ویژه
18	مالی
19	اروپا
20	تا
21	قبل‌از
22	۱۰
23	ابان
24	یعنی
25	چند
26	روز
27	مانده
28	به
29	اعمال
30	مرحله
31	دوم
32	تحریم‌های
33	یک‌جانبه
34	و
35	فراسرزمینی
36	امریکا
37	علیه
38	ایران
39	ایجاد
40	شود
41	.
0	ایرنا
1	گزارش
2	داده
3	در
4	قالب
5	سازوکار
6	مالی
7	پیشنهادی
8	اروپا
9	،
10	ایران
11	می‌تواند
12	کالاها
13	ازجمله
14	نفت
15	و
16	فراورده‌های
17	نفتی
18	را
19	به
20	اروپا
21	صادر
22	و
23	درقبال
24	ان
25	کالاها
26	و
27	خدمات
28	موردنیاز
29	را
30	از
31	کشورهای
32	اروپایی
33	خریداری
34	کند
35	و
36	تهاتر
37	دریافت
38	و
39	پرداخت‌ها
40	بین
41	بانک‌های
42	مرکزی
43	و
44	نه
45	شبکه
46	بانکی
47	صورت
48	می‌پذیرد
49	.
0	«
1	آلبرت
2	»
3	استاد
4	اقتصاد
5	دانشگاه
6	تهران
7	می‌گوید
8	:
9	اگر
10	اروپا
11	بخواهد
12	و
13	از
14	امریکا
15	ترس
16	نداشته باشد
17	،
18	به‌راحتی
19	می‌تواند
20	این
21	کانال
22	ارتباط
23	مالی
24	یورویی
25	را
26	با
27	ایران
28	برقرار
29	کند
30	؛
31	چون
32	حساب‌ها
33	بر
34	پایه
35	یورو
36	نگهداری
37	می‌شود
38	،
39	به‌راحتی
40	می‌توان
41	درآمد
42	حاصل
43	از
44	صادرات
45	ایران
46	را
47	با
48	واردات
49	کالاها
50	و
51	خدمات
52	از
53	حوزه
54	اروپا
55	تهاتر
56	کرد
57	.
0	عباس
1	هشی
2	،
3	کارشناس
4	اقتصادی
5	هم
6	توضیح
7	می‌دهد
8	این
9	کانال
10	یورویی
11	اختراع
12	جدیدی
13	نیست
14	و
15	عملکرد
16	ان
17	همچون
18	اتاق‌های
19	تسویه
20	پایاپای
21	در
22	زمان
23	جنگ
24	تحمیلی
25	خواهد بود
26	.
0	معاون
1	بین‌الملل
2	بانک
3	مرکزی
4	می‌گوید
5	:
6	امریکایی‌ها
7	پيش‌از
8	١٣
9	ابان
10	هرچه
11	در
12	توان
13	داشتند
14	،
15	انجام
16	دادند
17	اما
18	با
19	برنامه‌ریزی‌ها
20	،
21	تلاش
22	داریم
23	هزینه‌های
24	تحریم
25	را
26	کاهش
27	داده
28	و
29	اجازه
30	ندهیم
31	جریان
32	تجاری
33	کشور
34	متوقف
35	شود
36	؛
37	ضمن
38	آن‌که
39	اروپایی‌ها
40	به
41	چند
42	دلیل
43	نمی‌خواهند
44	تجارت
45	با
46	ایران
47	را
48	رها
49	کنند
50	.
0	براساس
1	اعلام
2	بانک
3	صادرات
4	ایران
5	،
6	حسین
7	يعقوبي
8	تأکید
9	می‌کند
10	:
11	تحریم‌های
12	اخیر
13	مانند
14	تحریم‌های
15	سازمان
16	ملل
17	گسترده
18	نیست
19	و
20	به
21	همین
22	دلیل
23	ابزارهای
24	بهتری
25	برای
26	مقابله
27	با
28	آن‌ها
29	در
30	اختیار
31	داریم
32	.
0	معاون
1	بین‌الملل
2	بانک
3	مرکزی
4	تأکید
5	می‌کند
6	:
7	دولت
8	امریکا
9	سعی
10	کرده است
11	با
12	خروج
13	از
14	،
15	اقتصاد
16	ایران
17	را
18	دچار
19	اختلال
20	کند
21	اما
22	حضور
23	اروپایی‌ها
24	و
25	تعهداتی
26	که
27	دادند
28	،
29	فشار
30	را
31	کم‌تر
32	کرد
33	؛
34	تا
35	زماني‌كه
36	اروپایی‌ها
37	حضور
38	دارند
39	معافیت‌های
40	خوب
41	همچنان
42	وجود
43	خواهد داشت
44	.
0	یعقوبی
1	می‌افزاید
2	:
3	تصور
4	می‌کنم
5	اروپایی‌ها
6	به
7	۲
8	دلیل
9	به‌زودی
10	کنار
11	نخواهند رفت
12	؛
13	نخست
14	به‌واسطه
15	جنگ
16	تجاری
17	آن‌ها
18	با
19	امریکا
20	و
21	دوم
22	اینکه
23	به‌دنبال
24	تقویت
25	جایگاه
26	اروپا
27	در
28	فضای
29	اقتصاد
30	بین‌الملل
31	هستند
32	.
0	رویترز
1	به
2	نقل
3	از
4	۳
5	دیپلمات
6	اروپایی
7	گزارش
8	داد
9	:
10	کانال
11	مالی
12	یا
13	سازوکار
14	اتحادیه
15	اروپا
16	برای
17	تسهیل
18	پرداخت
19	پول
20	قلم
21	صادراتی
22	ایران
23	به
24	اروپا
25	با
26	هدف
27	عبور
28	از
29	تحریم‌های
30	امریکا
31	،
32	تا
33	سیزدهم
34	ابان
35	به
36	شکل
37	نمادین
38	آماده
39	می‌شود
40	اما
41	عملیاتی
42	شدن
43	ان
44	تا
45	اوایل
46	زمستان
47	طول
48	می‌کشد
49	.
0	وزیر
1	امر
2	اقتصادی
3	و
4	دارایی
5	با
6	بیان
7	اینکه
8	تحریمی
9	که
10	می‌خواهند
11	در
12	۱۳
13	ابان
14	اعلام
15	کنند
16	قبلاً
17	اجرایی
18	کردهاند
19	،
20	گفت
21	:
22	اولین
23	برنامه
24	مدنظر
25	،
26	تامین
27	مالی
28	اقتصادی
29	و
30	دومین
31	کار
32	بهبود
33	فضای
34	كسب‌وكار
35	اقتصادی
36	ازطريق
37	تسهیل
38	شرط
39	گمرکی
40	است
41	.
0	به
1	گزارش
2	فارس
3	،
4	فرهاد
5	دژ
6	پسند
7	وزیر
8	امر
9	اقتصادی
10	و
11	دارایی
12	با
13	بیان
14	اینکه
15	تحریمی
16	که
17	می‌خواهند
18	در
19	۱۳
20	ابان
21	اعلام
22	کنند
23	،
24	قبلاً
25	اجرایی
26	کردهاند
27	،
28	گفت
29	:
30	در
31	وزارت
32	امر
33	اقتصادی
34	و
35	دارایی
36	در
37	حال
38	رصد
39	برنامه‌های
40	دشمن
41	و
42	در
43	حال
44	بسته‌هایی
45	برای
46	مواجهه
47	با
48	این
49	دشمنی‌ها
50	هستیم
51	.
0	دژ
1	پسند
2	درباره
3	برنامه‌های
4	اصلی
5	خود
6	در
7	وزارت
8	امر
9	اقتصادی
10	و
11	دارایی
12	گفت
13	:
14	طبیعی
15	است
16	که
17	در
18	این
19	شرط
20	همه
21	انتظار
22	دارند
23	که
24	باتوجه
25	به
26	تحریم‌های
27	دشمن
28	،
29	ببینند
30	ما
31	چه
32	برنامه‌ای
33	را
34	تدارک
35	دیدیم
36	.
0	وی
1	افزود
2	:
3	اولین
4	برنامه
5	مدنظر
6	،
7	تامین
8	مالی
9	اقتصادی
10	است
11	.
0	دومین
1	کار
2	بهبود
3	فضای
4	كسب‌وكار
5	اقتصادی
6	ازطريق
7	تسهیل
8	شرط
9	گمرکی
10	است
11	.
0	سومین
1	کار
2	این
3	است
4	که
5	بتوانیم
6	سیاست‌های
7	خصوصی‌سازی
8	را
9	که
10	دراصل
11	۴۴
12	امده
13	است
14	پیاده
15	کنیم
16	و
17	درنهايت
18	با
19	الکترونیکی
20	کردن
21	و
22	سامان‌دهی
23	مشخص
24	،
25	با
26	فساد
27	مقابله
28	کنیم
29	چراکه
30	فساد
31	،
32	اقتصاد
33	را
34	زمین‌گیر
35	می‌کند
36	.
0	امیدوارم
1	در
2	این
3	کارها
4	با
5	همکاری
6	دیگران
7	،
8	گام
9	بلندی
10	برداریم
11	.
0	معظم
1	رهبری
2	در
3	دیدار
4	رییس
5	و
6	مسیو
7	لان
8	سازمان
9	پدافند
10	غیرعامل
11	اظهار
12	داشتند
13	:
14	پدافند
15	غیرعامل
16	درمقابل
17	تهاجم
18	دشمنان
19	علمی
20	،
21	جدی
22	و
23	همه‌جانبه
24	باشد
25	.
0	ایران
1	و
2	اتحادیه
3	اروپا
4	برای
5	رونمایی
6	از
7	یک
8	تونل
9	مالی
10	ویژه
11	،
12	با
13	هدف
14	خنثی‌سازی
15	اثر
16	تحریم‌های
17	امریکا
18	و
19	هموار
20	شدن
21	راه
22	تجارت
23	بین
24	کشورمان
25	با
26	جهان
27	آماده
28	می‌شوند
29	.
0	ایجاد
1	کانال
2	ویژه
3	مالی
4	اروپا
5	یکی
6	از
7	گام‌های
8	عملی
9	برای
10	حفظ
11	و
12	بهره‌مندی
13	ایران
14	از
15	منفعت
16	اقتصادی
17	ان
18	ازجمله
19	ایمن
20	ماندن
21	مسیر
22	فروش
23	نفت
24	و
25	دیگر
26	کالاهای
27	صادراتی
28	به
29	اروپا
30	و
31	البته
32	سایر
33	کشورها
34	بهشمار
35	می‌رود
36	و
37	قرار
38	است
39	مبنای
40	ردوبدل
41	مالی
42	در
43	این
44	کانال
45	ویژه
46	براساس
47	یورو
48	و
49	نه
50	دلار
51	صورت
52	گیرد
53	.
0	به‌گزارش
1	همشهری
2	،
3	عبدالناصر
4	همتی
5	،
6	رییس‌کل
7	بانک
8	مرکزی
9	ایران
10	در
11	تازه‌ترین
12	واکنش
13	به
14	این
15	موضوع
16	گفته است
17	جزئیات
18	و
19	نحوه
20	استفاده
21	از
22	کانال
23	ویژه
24	مالی
25	اروپا
26	هفته
27	آینده
28	در
29	جریان
30	یک
31	نشست
32	که
33	در
34	شهر
35	بروکسل
36	بلژیک
37	،
38	مقر
39	اتحادیه
40	اروپا
41	برگزار
42	می‌شود
43	،
44	نهایی
45	خواهد شد
46	.
0	او
1	وعده
2	داده
3	جزئیات
4	این
5	کانال
6	ضد
7	تحریم
8	به‌زودی
9	اعلام
10	خواهد شد
11	.
0	به
1	گفته
2	این
3	مقام
4	ارشد
5	بانک
6	مرکزی
7	،
8	جزئیات
9	این
10	کانال
11	هفته
12	آینده
13	بین
14	ایران
15	و
16	اروپا
17	موردبررسي
18	نهایی
19	قرار
20	می‌گیرد
21	و
22	هدف
23	نخست
24	ان
25	رفع
26	مشکلات
27	مربوط
28	به
29	انجام
30	پرداخت‌های
31	مالی
32	است
33	.
0	او
1	در
2	صفحه
3	خود
4	نوشته است
5	:
6	کانال
7	ویژه
8	مالی
9	اروپا
10	،
11	نقش
12	نوعی
13	پیمان
14	پولی
15	دوجانبه
16	میان
17	ایران
18	و
19	اتحادیه
20	اروپا
21	را
22	ایفا
23	خواهد کرد
24	و
25	هر
26	دو
27	طرف
28	بر
29	تسریع
30	در
31	عملیاتی
32	شدن
33	این
34	فرایند
35	تأکید
36	دارند
37	.
0	پیشتر
1	در
2	هفته
3	نخست
4	مهرماه
5	موگرینی
6	،
7	مسیول
8	سیاست
9	خارجی
10	اتحادیه
11	اروپا
12	،
13	قول
14	داده بود
15	که
16	کانال
17	ویژه
18	مالی
19	اروپا
20	تا
21	قبل‌از
22	۱۰
23	ابان
24	یعنی
25	چند
26	روز
27	مانده
28	به
29	اعمال
30	مرحله
31	دوم
32	تحریم‌های
33	یک‌جانبه
34	و
35	فراسرزمینی
36	امریکا
37	علیه
38	ایران
39	ایجاد
40	شود
41	.
0	ایرنا
1	گزارش
2	داده
3	در
4	قالب
5	سازوکار
6	مالی
7	پیشنهادی
8	اروپا
9	،
10	ایران
11	می‌تواند
12	کالاها
13	ازجمله
14	نفت
15	و
16	فراورده‌های
17	نفتی
18	را
19	به
20	اروپا
21	صادر
22	و
23	درقبال
24	ان
25	کالاها
26	و
27	خدمات
28	موردنیاز
29	را
30	از
31	کشورهای
32	اروپایی
33	خریداری
34	کند
35	و
36	تهاتر
37	دریافت
38	و
39	پرداخت‌ها
40	بین
41	بانک‌های
42	مرکزی
43	و
44	نه
45	شبکه
46	بانکی
47	صورت
48	می‌پذیرد
49	.
0	«
1	آلبرت
2	»
3	استاد
4	اقتصاد
5	دانشگاه
6	تهران
7	می‌گوید
8	:
9	اگر
10	اروپا
11	بخواهد
12	و
13	از
14	امریکا
15	ترس
16	نداشته باشد
17	،
18	به‌راحتی
19	می‌تواند
20	این
21	کانال
22	ارتباط
23	مالی
24	یورویی
25	را
26	با
27	ایران
28	برقرار
29	کند
30	؛
31	چون
32	حساب‌ها
33	بر
34	پایه
35	یورو
36	نگهداری
37	می‌شود
38	،
39	به‌راحتی
40	می‌توان
41	درآمد
42	حاصل
43	از
44	صادرات
45	ایران
46	را
47	با
48	واردات
49	کالاها
50	و
51	خدمات
52	از
53	حوزه
54	اروپا
55	تهاتر
56	کرد
57	.
0	عباس
1	هشی
2	،
3	کارشناس
4	اقتصادی
5	هم
6	توضیح
7	می‌دهد
8	این
9	کانال
10	یورویی
11	اختراع
12	جدیدی
13	نیست
14	و
15	عملکرد
16	ان
17	همچون
18	اتاق‌های
19	تسویه
20	پایاپای
21	در
22	زمان
23	جنگ
24	تحمیلی
25	خواهد بود
26	.
0	معاون
1	بین‌الملل
2	بانک
3	مرکزی
4	می‌گوید
5	:
6	امریکایی‌ها
7	پيش‌از
8	١٣
9	ابان
10	هرچه
11	در
12	توان
13	داشتند
14	،
15	انجام
16	دادند
17	اما
18	با
19	برنامه‌ریزی‌ها
20	،
21	تلاش
22	داریم
23	هزینه‌های
24	تحریم
25	را
26	کاهش
27	داده
28	و
29	اجازه
30	ندهیم
31	جریان
32	تجاری
33	کشور
34	متوقف
35	شود
36	؛
37	ضمن
38	آن‌که
39	اروپایی‌ها
40	به
41	چند
42	دلیل
43	نمی‌خواهند
44	تجارت
45	با
46	ایران
47	را
48	رها
49	کنند
50	.
0	براساس
1	اعلام
2	بانک
3	صادرات
4	ایران
5	،
6	حسین
7	يعقوبي
8	تأکید
9	می‌کند
10	:
11	تحریم‌های
12	اخیر
13	مانند
14	تحریم‌های
15	سازمان
16	ملل
17	گسترده
18	نیست
19	و
20	به
21	همین
22	دلیل
23	ابزارهای
24	بهتری
25	برای
26	مقابله
27	با
28	آن‌ها
29	در
30	اختیار
31	داریم
32	.
0	معاون
1	بین‌الملل
2	بانک
3	مرکزی
4	تأکید
5	می‌کند
6	:
7	دولت
8	امریکا
9	سعی
10	کرده است
11	با
12	خروج
13	از
14	،
15	اقتصاد
16	ایران
17	را
18	دچار
19	اختلال
20	کند
21	اما
22	حضور
23	اروپایی‌ها
24	و
25	تعهداتی
26	که
27	دادند
28	،
29	فشار
30	را
31	کم‌تر
32	کرد
33	؛
34	تا
35	زماني‌كه
36	اروپایی‌ها
37	حضور
38	دارند
39	معافیت‌های
40	خوب
41	همچنان
42	وجود
43	خواهد داشت
44	.
0	یعقوبی
1	می‌افزاید
2	:
3	تصور
4	می‌کنم
5	اروپایی‌ها
6	به
7	۲
8	دلیل
9	به‌زودی
10	کنار
11	نخواهند رفت
12	؛
13	نخست
14	به‌واسطه
15	جنگ
16	تجاری
17	آن‌ها
18	با
19	امریکا
20	و
21	دوم
22	اینکه
23	به‌دنبال
24	تقویت
25	جایگاه
26	اروپا
27	در
28	فضای
29	اقتصاد
30	بین‌الملل
31	هستند
32	.
0	رویترز
1	به
2	نقل
3	از
4	۳
5	دیپلمات
6	اروپایی
7	گزارش
8	داد
9	:
10	کانال
11	مالی
12	یا
13	سازوکار
14	اتحادیه
15	اروپا
16	برای
17	تسهیل
18	پرداخت
19	پول
20	قلم
21	صادراتی
22	ایران
23	به
24	اروپا
25	با
26	هدف
27	عبور
28	از
29	تحریم‌های
30	امریکا
31	،
32	تا
33	سیزدهم
34	ابان
35	به
36	شکل
37	نمادین
38	آماده
39	می‌شود
40	اما
41	عملیاتی
42	شدن
43	ان
44	تا
45	اوایل
46	زمستان
47	طول
48	می‌کشد
49	.
0	وزیر
1	امر
2	اقتصادی
3	و
4	دارایی
5	با
6	بیان
7	اینکه
8	تحریمی
9	که
10	می‌خواهند
11	در
12	۱۳
13	ابان
14	اعلام
15	کنند
16	قبلاً
17	اجرایی
18	کردهاند
19	،
20	گفت
21	:
22	اولین
23	برنامه
24	مدنظر
25	،
26	تامین
27	مالی
28	اقتصادی
29	و
30	دومین
31	کار
32	بهبود
33	فضای
34	كسب‌وكار
35	اقتصادی
36	ازطريق
37	تسهیل
38	شرط
39	گمرکی
40	است
41	.
0	به
1	گزارش
2	فارس
3	،
4	فرهاد
5	دژ
6	پسند
7	وزیر
8	امر
9	اقتصادی
10	و
11	دارایی
12	با
13	بیان
14	اینکه
15	تحریمی
16	که
17	می‌خواهند
18	در
19	۱۳
20	ابان
21	اعلام
22	کنند
23	،
24	قبلاً
25	اجرایی
26	کردهاند
27	،
28	گفت
29	:
30	در
31	وزارت
32	امر
33	اقتصادی
34	و
35	دارایی
36	در
37	حال
38	رصد
39	برنامه‌های
40	دشمن
41	و
42	در
43	حال
44	بسته‌هایی
45	برای
46	مواجهه
47	با
48	این
49	دشمنی‌ها
50	هستیم
51	.
0	دژ
1	پسند
2	درباره
3	برنامه‌های
4	اصلی
5	خود
6	در
7	وزارت
8	امر
9	اقتصادی
10	و
11	دارایی
12	گفت
13	:
14	طبیعی
15	است
16	که
17	در
18	این
19	شرط
20	همه
21	انتظار
22	دارند
23	که
24	باتوجه
25	به
26	تحریم‌های
27	دشمن
28	،
29	ببینند
30	ما
31	چه
32	برنامه‌ای
33	را
34	تدارک
35	دیدیم
36	.
0	وی
1	افزود
2	:
3	اولین
4	برنامه
5	مدنظر
6	،
7	تامین
8	مالی
9	اقتصادی
10	است
11	.
0	دومین
1	کار
2	بهبود
3	فضای
4	كسب‌وكار
5	اقتصادی
6	ازطريق
7	تسهیل
8	شرط
9	گمرکی
10	است
11	.
0	سومین
1	کار
2	این
3	است
4	که
5	بتوانیم
6	سیاست‌های
7	خصوصی‌سازی
8	را
9	که
10	دراصل
11	۴۴
12	امده
13	است
14	پیاده
15	کنیم
16	و
17	درنهايت
18	با
19	الکترونیکی
20	کردن
21	و
22	سامان‌دهی
23	مشخص
24	،
25	با
26	فساد
27	مقابله
28	کنیم
29	چراکه
30	فساد
31	،
32	اقتصاد
33	را
34	زمین‌گیر
35	می‌کند
36	.
0	امیدوارم
1	در
2	این
3	کارها
4	با
5	همکاری
6	دیگران
7	،
8	گام
9	بلندی
10	برداریم
11	.
