0	فارسي
1	درست‌تر
2	می‌نویسیم
3	.
0	به
1	گزارش
2	ایسنا
3	سمینار
4	شیمی
5	الی
6	از
7	امروز
8	۱۱
9	شهریور
10	۱۳۹۶
11	در
12	دانشگاه
13	علم
14	و
15	صنعت
16	ایران
17	آغاز
18	به
19	كاركرد
20	.
0	این
1	سمینار
2	تا
3	۱۳
4	شهریور
5	ادامه
6	می‌یابد
7	.
0	رییس
1	سازمان
2	برنامه
3	و
4	بودجه
5	،
6	برنامه
7	جامع
8	دولت
9	مشتمل
10	بر
11	۱۲
12	بسته
13	برای
14	خنثي‌سازي
15	و
16	تقلیل
17	تحریم‌های
18	امریکا
19	را
20	تشریح
21	کرد
22	.
0	جوانی
1	از
2	یک
3	خانواده
4	فقیر
5	(
6	فرخ
7	)
8	دل‌باخته
9	دختر
10	عمهاش
11	(
12	مهین
13	)
14	از
15	خانواده
16	ای
17	اشرافی
18	و
19	متعین
20	است
21	.
0	پدر
1	مهین
2	به
3	سودای
4	مال
5	و
6	مقام
7	درصدد
8	است
9	دختر
10	را
11	به
12	خواستگار
13	ثروتمند
14	(
15	سیاوش
16	میرزا
17	)
18	بدهد
19	.
0	با
1	طرح
2	تو
3	طیهای
4	فرخ
5	را
6	دستگیر
7	کرده
8	و
9	به
10	تبعید
11	می‌فرستند
12	.
0	فرخ
1	که
2	در
3	این
4	دستگاه
5	سمت
6	مهمی
7	دارد
8	،
9	ظاهراً
10	به
11	آرمان
12	خود
13	برای
14	مبارزه
15	با
16	فساد
17	نایل
18	شده است
19	.
0	وی
1	با
2	بیان
3	اینکه
4	نقدینگی
5	قابل
6	ملاحظهای
7	در
8	کشور
9	وجود
10	دارد
11	که
12	مهار
13	نقدینگی
14	و
15	هدایت
16	ان
17	یکی
18	از
19	بسته‌های
20	دولت
21	در
22	نظر
23	گرفته شد
24	،
25	افزود
26	:
27	۷۶
28	هزار
29	پروژه
30	ناتمام
31	در
32	کشور
33	وجود
34	دارد
35	که
36	دربسته
37	دیگری
38	در
39	کشور
40	مشخص
41	شد
42	که
43	چه
44	راهکارهایی
45	برای
46	اتمام
47	پروژه‌های
48	مهم
49	باید
50	اتخاذ
51	شود
52	و
53	مدلی
54	در
55	قالب
56	مشارکت
57	عمومی
58	خصوصی
59	و
60	در
61	یک
62	بسته
63	تهیه
64	شد
65	.
0	گاهی
1	رویدادهایی
2	موجب
3	می‌شود
4	شما
5	منطق
6	خود
7	را
8	ازدست
9	بدهید
10	براي
11	ازدست
12	دادن
13	ان
14	ندارید
15	.
0	«
1	چنانچه
2	واکنش
3	نابهنجار
4	دربرابر
5	موقعیت
6	نابهنجار
7	،
8	رفتار
9	طبیعی
10	به
11	شمار
12	می‌رود
13	.
0	ما
1	حتي
2	انتظار
3	این
4	را
5	داریم
6	که
7	واکنش‌های
8	یک
9	فرد
10	دربرابر
11	یک
12	امر
13	نابهنجار
14	،
15	ازقبيل
16	فرستادن
17	به
18	تیمارستان
19	،
20	به
21	نسبت
22	درجه
23	بهنجار
24	بودن
25	او
26	نابهنجار
27	باشد
28	.
0	واکنش
1	فردی
2	که
3	به
4	اردوگاه
5	کار
6	اجباری
7	وارد
8	شده است
9	نیز
10	وضع
11	نابهنجار
12	ذهنی
13	او
14	را
15	نشان
16	می‌دهد
17	.
0	صبح
1	زود
2	،
3	وقتي‌كه
4	هوا
5	هنوز
6	گرگ‌وميش
7	بود
8	زندانی
9	با
10	گروهش
11	جلوی
12	در
13	می‌ایستاد
14	و
15	آماده
16	کار
17	بود
18	.
0	با
1	شنیدن
2	صدای
3	فریادی
4	،
5	می‌دید
6	که
7	چگونه
8	رفیقی
9	را
10	نقش
11	زمین
12	می‌کنند
13	و
14	ديگربار
15	او
16	را
17	می‌ایستانند
18	و
19	باز
20	هم
21	تکرار
22	می‌شود
23	،
24	چرا
25	چنین
26	می‌کردند
27	؟
0	برای
1	اينكه
2	تب
3	داشت
4	و
5	بي‌موقع
6	به
7	درمانگاه
8	رفته بود
9	و
10	به
11	خاطر
12	همين‌كه
13	می‌خواست
14	از
15	وظایف
16	روزانهاش
17	رها
18	شود
19	تنبیه
20	می‌شد
21	.
0	رو
1	جلوی
2	خندم
3	رو
4	بگیرم
5	یه
6	دونه
7	با
8	مشت
9	ناخودآگاه
10	زدم
11	به
12	بازوش
13	که
14	با
15	یه
16	لبخند
17	مر
18	موذي
19	کرد
20	.
0	پایهی
1	یه
2	دور
3	دور
4	هستی
5	؟
6	؟
7	؟
8	!
9	!
10	!
0	خندیدم
1	و
2	باذوق
3	تکون
4	دادم
5	و
6	پریدم
7	بالا
8	و
9	شروع
10	کردم
11	
12	…
13	راهنماییم
14	کرد
15	تا
16	رفتیم
17	سمت
18	سعادت‌آباد
19	و
20	کنار
21	اب
22	ميوه‌فروشي
23	ایستادیم
24	.
0	شب
1	بود
2	ستار
3	گان
4	در
5	اسمان
6	،
7	از
8	کاربر
9	می‌برگشتم
10	که
11	برای
12	خانه
13	نانوا
14	نار
15	خرید
16	کردم
17	.
0	ساعت
1	۱۳
2	:
3	۲
4	ب
0	ظهر
1	جا
2	ئی
3	را
4	گشتم
5	نبود
6	و
7	دربه‌در
8	دنبال
9	ان
10	بودم
11	.
0	کوچ
1	نشینان
2	به
3	ییلاق
4	کوچ
5	کردند
6	در
7	مسیر
8	بودند
9	طوفان
10	شن
11	شروع
12	شد
13	،
14	در
15	طوفان
16	گیر
17	کردند
18	.
0	صبح
1	شد
2	هوا
3	شده بود
4	اما
5	گوسفندان
6	همه
7	پراکنده شده بودند
8	.
0	مادر
1	برای
2	خرید
3	پرده
4	به
5	پرده‌سرا
6	رفت
7	ولی
8	پردهی
9	خوبي
10	پیدا
11	نکرد
12	.
0	درصورتی‌که
1	حجم
2	حافظه
3	۱۰
4	ترا
5	بایت
6	یا
7	۱۵‌تر
8	ابایت
9	باشد
10	عالي
11	صورت
12	قابل‌استفاده
13	نمی‌باشد
14	.
0	كسب‌وكار
1	در
2	اقتصاد
3	سرمايه‌داري
4	حکمت
5	فرماست
6	،
7	بیشتر
8	کسب
9	و
10	کارها
11	که
12	مالك
13	بخش
14	خصوصی
15	است
16	برای
17	این
18	ایجاد
19	شدهاند
20	که
21	سود
22	ساز
23	باشند
24	و
25	دارایی
26	صاحب‌شان
27	را
28	بیشتر
29	کنند
30	.
0	کسب
1	و
2	کارها
3	می‌توانند
4	نا
5	سودبر
6	باشند
7	یا
8	مالك
9	دولت
10	باشد
11	.
0	دربر
1	کسب
2	و
3	کاری
4	که
5	چندین
6	فرد
7	در
8	دارایی
9	ان
10	شریک
11	باشند
12	با
13	عنوان
14	شرکت
15	یاد
16	برده می‌ شود
17	،
18	هرچندكه
19	این
20	واژه
21	تعریف
22	دقیق‌تری
23	نیز
24	دارد
25	.
0	و
1	،
2	از
3	صاحب
4	نظران
5	این
6	حوزه
7	،
8	بر
9	این
10	باورند
11	که
12	هر
13	نوع
14	خريدوفروش
15	کسب‌وکار
16	نیست
17	،
18	بلکه
19	کسب‌وکار
20	هر
21	نوع
22	تبادل
23	تکرار
24	شونده
25	و
26	تجديدپذير
27	است
28	.
0	صدها
1	تن
2	از
3	مردها
4	به
5	بیگاری
6	كشيده
7	ده‌ها
8	زن
9	تجاوز
10	شد
11	.
0	فروشند
1	گان
2	کالاهایی
3	را
4	که
5	به
6	فروش
7	نمی‌رسند
8	با
9	قیمت
10	پایین‌تر
11	به
12	حراج
13	می‌گذارند
14	.
0	بر
1	این
2	جنس
3	که
4	سال‌ها
5	پيش‌فروش
6	نرفته‌اند
7	هم
8	در
9	این
10	حراج
11	وجود
12	دارند
13	.
0	سرورهای
1	كيلو
2	تر
3	ابایت
4	حافظه
5	دارند
6	.
0	بت‌پرست
1	پیر
2	آهن
3	را
4	تكه‌تكه
5	کرد
6	.
0	به
1	گزارش
2	شبکه
3	ان
4	بی
5	سی
6	نیوز
7	قایق‌های
8	تندروی
9	نیروی
10	دریایی
11	ایران
12	در
13	اب‌های
14	خليج‌فارس
15	به
16	ناو
17	امريكايي
18	و
19	دیگر
20	کشتی‌های
21	امریکایی
22	نزدیک
23	شدهاند
24	.
0	درحالي‌كه
1	ژنرال
2	جوزف
3	فرمانده
4	مقر
5	مرکزی
6	ارتش
7	امریکا
8	نیز
9	در
10	ناو
11	بوده است
12	.
0	بنابراين
1	گزارش
2	قایق‌های
3	تندروی
4	ایرانی
5	تا
6	فاصله
7	۳۰۰
8	یاردی
9	از
10	به
11	این
12	ناو
13	امریکایی
14	نزدیک
15	شده بودند
16	.
0	یک
1	ملوان
2	ایرانی
3	در
4	یک
5	تماس
6	رادیویی
7	از
8	ناو
9	خواسته بود
10	تا
11	ملیت
12	خود
13	را
14	مشخص
15	کند
16	.
0	در
1	پاسخ
2	به
3	این
4	تماس
5	نیز
6	یک
7	ملوان
8	امریکایی
9	کشتی‌های
10	امریکایی‌ها
11	را
12	برای
13	ایران
14	معرفی
15	کرده
16	و
17	توضیح
18	داده است
19	كه
20	در
21	حال
22	انجام
23	یک
24	ماموریت
25	دریایی
26	هستند
27	.
0	محمدجواد
1	ظریف
2	وزیر
3	امر
4	خارجه
5	ایران
6	نیز
7	پيش‌از
8	این
9	در
10	یک
11	پیام
12	تویی‌تری
13	تاکید
14	کرده بود
15	که
16	نیروی
17	دریایی
18	ایران
19	در
20	خليج‌فارس
21	است
22	نه
23	خلیج
24	مکزیک
25	و
26	سؤال
27	این
28	است
29	که
30	چرا
31	نیروی
32	دریایی
33	امریکا
34	باید
35	جایی
36	هزاران
37	مایل
38	دورتر
39	از
40	کشورش
41	باشد
42	.
0	درحال‌حاضر
1	در
2	کشور
3	ما
4	رشته‌هایی
5	در
6	دوره
7	رزیدنتی
8	پرطرف‌دار
9	هستند
10	که
11	درآمد
12	بالاتری
13	دارند
14	.
0	درواقع
1	اختلاف
2	در
3	امدی
4	بسیار
5	زیاد
6	بین
7	خود
8	رشته‌های
9	تخصص
10	پزشکی
11	سبب
12	جهتگيري
13	انتخاب
14	رشته
15	داوطلبان
16	آزمون
17	دستیاری
18	شده است
19	.
0	طوری
1	که
2	درحال‌حاضر
3	رشته‌های
4	رادیولوژی
5	،
6	چشم
7	،
8	پوست
9	و
10	ارتوپدی
11	پرطرف‌دار
12	ترین
13	رشته‌ها
14	دربين
15	داوطلبین
16	این
17	آزمون
18	می‌باشد
19	.
0	این
1	در
2	حالی
3	است
4	که
5	در
6	کشور
7	امریکا
8	طبق
9	گزارش
10	سال
11	۲۰۱۱
12	Medscape
13	اختلاف
14	درآمد
15	متوسط
16	نوع
17	رشته‌های
18	پزشکی
19	حداکثر
20	۲
21	برابر
22	است
23	.
0	در
1	اینجا
2	اشاره
3	می‌کنم
4	به
5	در
6	امد
7	پزشکان
8	داروساز
9	داروخانه‌دار
10	که
11	به
12	مراتب
13	از
14	همکاران
15	داروساز
16	مسیول
17	فنی
18	داروخانه
19	بیشتر
20	است
21	و
22	تمامی
23	تعرفه
24	نسخ
25	و
26	سودهای
27	دارو
28	و
29	جایزه
30	دارویی
31	و
32	…
33	رابه
34	جیب
35	خود
36	روانه
37	می‌کنند
38	و
39	همیشه
40	از
41	اینکه
42	وضعیت
43	در
44	امدی
45	مناسبی
46	ندارند مینالند
47	جرأت
48	۹۰
49	درصد
50	داروخانه
51	سوددهی
52	فوق‌العادهای
53	دارند
54	.
0	سلام
1	به
2	همه
3	دوستان
4	عزیز
5	.
0	آنچه
1	که
2	بنده
3	در
4	ارتباط
5	با
6	ماشین
7	x
8	۲۲
9	م
10	متذکر
11	بشم
12	.
0	اول
1	اینکه
2	بنده
3	نه
4	فروشنده
5	هستم
6	و
7	نه
8	دلال
9	من
10	هممثل
11	همه
12	شما
13	یک
14	دستگاه
15	از
16	این
17	مدل
18	ماشین
19	در
20	اواخر
21	مرداد
22	۹۶
23	از
24	نمایندگی
25	تحویل
26	گرفتهام
27	و
28	بحمدالله
29	با
30	این
31	ماشین
32	حدود
33	۳۸۶۰۰
34	کیلومتر
35	تو
36	تمام
37	جاده‌های
38	ایران
39	و
40	یک‌بار
41	به
42	اربیل
43	عراق
44	و
45	اخیر
46	هم
47	تازه
48	از
49	ارمنستان
50	با
51	این
52	ماشین
53	رفت
54	و
55	امد
56	داشتهام
57	.
0	و
1	به
2	لحاظ
3	سواری
4	در
5	نوع
6	خودش
7	بي‌نظير
8	بوده
9	و
10	اصلاً
11	احساس
12	خستگی
13	نمی‌کنی
14	.
0	و
1	لزومی
2	هم
3	نبود
4	از
5	ماشین
6	خودم
7	تعریف
8	کنم
9	.
0	بهرحال
1	هرکسی
2	سلیقه
3	خاص
4	خودش
5	را
6	داره
7	.
0	یکی
1	میگه
2	ماشین
3	بدی
4	هست
5	و
6	یکی
7	میگه
8	ماشین
9	خوب
10	.
0	حي‌وحاضر
1	این
2	ماشین
3	در
4	نوع
5	خودش
6	بي‌نظير
7	بوده
8	و
9	تا
10	الان
11	فقط
12	به‌غيراز
13	روغن
14	و
15	فیلتر
16	چیزی
17	تا
18	حال
19	تعویض
20	نکردهام
21	و
22	و
23	به
24	نسبت
25	مصرف
26	سوخت
27	تو
28	جاده‌های
29	ایران
30	و
31	جاده‌های
32	کوهستانی
33	کشورهای
34	همسایه
35	خیلی
36	كم‌مصرف
37	و
38	تو
39	سربالایی
40	خیلی
41	راحت
42	کشش
43	خوبی
44	داشته
45	.
0	شاخص
1	بازار
2	بورس
3	در
4	تمام
5	نقطه
6	دنیا
7	به
8	کف
9	ممکن
10	خودش
11	رسید
12	.
0	بعضی
1	بورس‌ها
2	هم
3	کلا
4	قهر
5	کردن
6	رفتن
7	خونه‌ها
8	شون
9	گفتن
10	ما
11	دیگه
12	!
0	بازي
1	شب
2	دوم
3	هفته
4	دهم
5	رقابت‌های
6	لیگ
7	دسته‌اول
8	اسپانیا
9	(
10	با
11	برتری
12	خانگی
13	۲
14	بر
15	صفر
16	تیم
17	فوتبال
18	مقابل
19	ريال
20	به
21	پایان
22	رسید
23	.
0	سرمربی
1	سابق
2	تیم
3	ملی
4	اسپانیا
5	با
6	رقم
7	زدن
8	یک
9	شروع
10	افتضاح
11	تیمش
12	را
13	در
14	رده
15	نازل
16	هفتم
17	قرار
18	داده
19	و
20	تا
21	اینجا
22	هم
23	به
24	اصرار
25	مدیر
26	ورزشی
27	باشگاه
28	توسط
29	پرس
30	،
31	رییس
32	باشگاه
33	اخراج
34	نشده است
35	اما
36	شاید
37	این
38	،
39	فرصتش
40	باشد
41	.
0	بازیکن
1	سابق
2	بارسلونا
3	می‌تواند
4	به
5	این
6	فرصت
7	به
8	دیده
9	مثبت
10	نگاه
11	کند
12	چون
13	ریال
14	مادرید
15	هرچقدر
16	در
17	این
18	سال‌ها
19	خانگي
20	را
21	باخته
22	در
23	۳
24	جدال
25	اخیر
26	در
27	شکست
28	نخورده است
29	.
0	در
1	طرف
2	مقابل
3	بارسلونا
4	پس‌از
5	۳
6	هفته
7	متوالی
8	ناکامی
9	در
10	کسب
11	پیروزی
12	به
13	اوج
14	برگشت
15	و
16	با
17	برتری
18	بر
19	سویا
20	صدر
21	جدول
22	را
23	در
24	اختیار
25	گرفت
26	اما
27	این
28	موضوع
29	به
30	قیمت
31	ازدست
32	مسي
33	،
34	ستارهاش
35	به
36	مدت
37	۴
38	هفته
39	انجامید
40	و
41	حالا
42	بهترین
43	گل‌زن
44	تاريخ
45	در
46	این
47	نبرد
48	سنتی
49	غایب
50	است
51	.
0	طرح‌های
1	ارايه‌شده
2	برای
3	مهاجرت
4	ماشین
5	مجازی
6	در
7	سه
8	بخش
9	طبقه‌بندی
10	شدهاند
11	:
12	فاصله
13	،
14	مسافت
15	،
16	جزئیات
17	.
0	مطالعات
1	درمورد
2	مهاجرت
3	غيرزنده
4	بسادگی
5	قابل‌انجام
6	است
7	ولی
8	کسانی
9	که
10	برروي
11	مهاجرت
12	زنده
13	مطالعه
14	می‌کنند
15	،
16	بصورت
17	کلی
18	با
19	سه
20	چالش
21	اساسی
22	روبه‌رو
23	می‌شوند
24	:
25	مهاجرت
26	داده‌های
27	حافظه
28	،
29	مهاجرت
30	داده‌های
31	ذخيره‌شده
32	و
33	تداوم
34	برقراری
35	اتصال
36	به
37	شبکه
38	.
0	کارهایی
1	که
2	برای
3	تجزيه‌وتحليل
4	عملکرد
5	و
6	کارایی
7	مهاجرت
8	ماشین
9	مجازی
10	انجام
11	شده است
12	،
13	نیز
14	ذکر
15	شده است
16	.
0	با
1	توسعه
2	و
3	تکامل
4	را
5	یا
6	نشابری
7	،
8	تحرک
9	کاربر
10	،
11	یک
12	انگیزه
13	مهم
14	برای
15	مهاجرت
16	زنده
17	VM
18	در
19	برخی
20	از
21	سناریوها
22	(
23	مانند
24	محاسبات
25	مه
26	خواهد بود
27	.
0	بنابراین
1	مطالعات
2	درمورد
3	پیوند
4	مهاجرت
5	VM
6	،
7	به
8	تحرک
9	کاربران
10	خلاصه
11	شده است
12	.
0	کاربری
1	که
2	دسترسی
3	فیزیکی
4	غیرمجاز
5	به
6	کامپیوتر
7	پیدا
8	کرده باشد
9	،
10	قادر
11	است
12	اطلاعات
13	را
14	از
15	ان
16	کپی
17	کند
18	.
0	حتی
1	اگر
2	سیستم
3	باامنيت
4	استاندارد
5	حفاظت
6	شده باشد
7	،
8	حساب
9	کاربر
10	و
11	پسورد
12	او
13	را
14	می‌توان
15	با
16	از
17	این
18	مکانیسم‌ها
19	و
20	راه‌اندازي
21	سيستم‌عامل
22	دیگر
23	یا
24	ابزاری
25	از
26	CD
27	-
28	ROM
29	برای
30	راه‌اندازي
31	مجدد
32	پسورد
33	سرپرست
34	و
35	تبدیل
36	ان
37	به
38	رشته
39	null
40	،
41	به
42	دست
43	آورد
44	.
0	رمزگذاری
1	ديسكو
2	Trusted
3	Platform
4	برای
5	جلوگیری
6	از
7	چنین
8	حمله‌هایی
9	طراحی
10	شده‌اند
11	.
