0	جملات
1	تست
2	:
3	تخت‌جمشيد
4	،
5	مجموعه‌ای
6	از
7	کاخ‌های
8	بسیار
9	با
10	شکوهی
11	است
12	که
13	ساخت
14	آن‌ها
15	در
16	سالبه
17	۵۱۲
18	قبل‌از
19	میلاد
20	آغاز
21	شد
22	و
23	اتمام
24	ان
25	۱۵۰
26	سالبه
27	طول
28	انجامید
29	.
0	تخت‌جمشید
1	در
2	محوطهی
3	وسیعی
4	واقع‌شده
5	که
6	ازيك‌طرف
7	به
8	کوه
9	رحمت
10	و
11	از
12	طرف
13	دیگر
14	به
15	مرودشت
16	محدود
17	است
18	.
0	این
1	کاخ‌های
2	عظیم
3	سلطنتی
4	در
5	کنار
6	شهر
7	پارسه
8	که
9	یونانیان
10	ان
11	را
12	پرسپولیس
13	خوانده‌اند
14	ساخته شده است
15	.
0	تعداد
1	محدودی
2	از
3	این
4	جوهرات
5	در
6	موزه
7	ملی
8	ایران
9	نگهداری
10	می‌شود
11	.
0	بزرگ‌ترین
1	کاخ
2	در
3	مجموعه
4	تخت‌جمشيد
5	کاخ
6	مشهور
7	به
8	صدستون
9	است
10	که
11	احتمالاً
12	یکی
13	از
14	بزرگ‌ترین
15	اثر
16	معماری
17	دوره
18	هخامنشیان
19	بوده
20	و
21	داریوش
22	اول
23	از
24	ان
25	به
26	عنوان
27	سالن
28	بارعام
29	خود
30	استفاده
31	میکرده است
32	.
0	كه
1	اخترفيزيكدان
2	و
3	مدیر
4	اسمان
5	نمای
6	در
7	موزهی
8	تاریخ
9	طبیعی
10	امریکا
11	است
12	،
13	دوباره
14	قرار
15	است
16	به
17	نشنال
18	باز
19	گردد
20	.
0	علمي‌تخيلي
1	کانال
2	syfy
3	را
4	می‌شناسند
5	.
0	این
1	کانال
2	تا
3	چند
4	سال
5	پیش
6	بانام
7	Scifi
8	برنامه‌هایش
9	
10	می‌کرد
11	،
12	اما
13	بنابه
14	گفتهی
15	خودشان
16	که
17	تصمیم
18	گرفته بودند
19	مخاطب
20	ان
21	ديگري
22	به
23	جز
24	علاقه‌مندان
25	علمی‌تخیلی
26	راهم
27	جذب
28	کنند
29	و
30	برنامه‌های
31	دیگری
32	هم
33	تولید
34	کنند
35	.
0	این
1	برنامه
2	اگرچه
3	اولین
4	تجربهی
5	برنامه
6	شبانهی
7	علم
8	محور
9	با
10	چاشنی
11	طنز
12	و
13	ادبیات
14	عامه
15	در
16	تلویزیون
17	به
18	شمار
19	می‌رود
20	،
21	اما
22	می‌تواند
23	چنين
24	برنامه‌هایی
25	را
26	مشخص
27	کند
28	و
29	موفقیت
30	یا
31	عدم
32	موفقیت
33	ان
34	بيش‌از
35	موفقیت
36	یا
37	شکست
38	یک
39	پروژه
40	در
41	بلندمدت
42	بر
43	حضور
44	علم
45	در
46	نقش
47	اصلی
48	و
49	محوری
50	دنیای
51	رسانه‌های
52	رسمی
53	،
54	تأثیر
55	خواهدگذاشت
56	.
0	اگر
1	به
2	دنیای
3	علمی‌تخیلی
4	و
5	نقطهی
6	که
7	مرزهای
8	ان
9	با
10	دنیای
11	واقعی
12	درهم
13	آمی‌خته می شود
14	علاقه
15	دارید
16	،
17	نام
18	ایلان
19	ماسک
20	را
21	در
22	ذهن
23	داشته باشید
24	.
0	کارآفرینی
1	که
2	اصالتاً
3	اهل
4	افریقای
5	جنوبی
6	است
7	و
8	از
9	او
10	بانام
11	مرد
12	آهنی
13	دنیای
14	واقعی
15	همنام
16	برده می‌ شود
17	و
18	درحال‌حاضر
19	،
20	مشغول
21	ایفا
22	ي
23	نقش
24	توني
25	دنیای
26	ما
27	است
28	.
0	زمان
1	ایدهی
2	قطارهای
3	فوق
4	سریع
5	را
6	مطرح
7	کرده
8	و
9	اکنون
10	به
11	دنبال
12	اینترنت
13	رایگان
14	جهانی
15	است
16	.
0	این
1	سازمان
2	فضایی
3	تاکنون
4	موفق
5	به
6	اثبات
7	۲۵۲۵
8	سیارهی
9	خارجی
10	شده است
11	که
12	از
13	این
14	رقم
15	،
16	ده
17	سیارهی
18	سنگی
19	،
20	هم‌اندازه
21	با
22	زمین
23	و
24	احتمالاً
25	قابل
26	سکونت
27	هستند
28	.
0	شاید
1	برخی
2	نگران
3	باشند
4	سیستم
5	هوش
6	مصنوعي
7	ستاره
8	شناسان
9	را
10	کنار
11	بزند
12	؛
13	اما
14	بهگفتهی
15	ناسا
16	جای
17	نگرانی
18	نیست
19	.
0	چراكه
1	ریاضی
2	زبان
3	فیزیک
4	است
5	،
6	اما
7	از
8	آنجایی
9	که
10	پدیده‌های
11	جهان
12	ابتدا
13	وجود
14	داشتهاند
15	،
16	مشاهده
17	و
18	درک
19	شدهاند
20	و
21	سپس
22	براي
23	مبانی
24	ریاضیاتی
25	تعریف
26	شده است
27	،
28	با
29	اندکی
30	تلاش
31	می‌توان
32	مبحث
33	مربوط
34	به
35	فیزیک
36	کلاسیک
37	را
38	،
39	بااجتناب
40	از
41	وارد
42	شدن
43	در
44	مبانی
45	ریاضی
46	(
47	که
48	هدف
49	تألیف
50	این
51	مجموعه
52	است
53	)
54	توضیح
55	داد
56	.
0	اما
1	وارد
2	شدن
3	به
4	دنیای
5	فیزیک
6	کوانتوم
7	و
8	پرهیز
9	از
10	مبانی
11	ریاضی
12	اجتناب‌ناپذير
13	است
14	.
0	چراكه
1	دنیای
2	فیزیک
3	کوانتوم
4	،
5	به‌غايت
6	ذهنی
7	است
8	.
0	شايد
1	خودتان
2	نیز
3	بدانید
4	،
5	بحث‌ها
6	و
7	منازعات
8	اصلي
9	بزرگ
10	نظیر
11	؛
12	،
13	،
14	بور
15	و
16	…
17	همه
18	و
19	همه
20	در
21	مبانی
22	کوانتوم
23	بوده است
24	و
25	عامل
26	تمامی
27	این
28	اتفاقات
29	یک
30	دلیل
31	ساده
32	است
33	؛
34	فهم
35	کامل
36	فیزیک
37	کوانتوم
38	ناشدنی
39	است
40	!
0	در
1	این
2	قسمت
3	از
4	مجموعه
5	،
6	که
7	به
8	صورت
9	اختصاصی
10	به
11	نا
12	رسایی‌های
13	فیزیک
14	کلاسیک
15	و
16	گام‌های
17	آغازین
18	فیزیک
19	کوانتوم
20	می‌پردازیم
21	،
22	استفاده
23	از
24	ریاضیات
25	بيش‌از
26	پیش
27	حس
28	می‌شد
29	.
0	چراکه
1	در
2	حالت
3	کلی
4	شما
5	،
6	تنها
7	برای
8	درک
9	یک
10	موضوع
11	نیاز
12	به
13	دانستن
14	ريز
15	موضوعات
16	ان
17	مطلب
18	دارید
19	،
20	حال
21	اگر
22	بخواهید
23	،
24	نارسایی
25	موضوعی
26	را
27	پیدا
28	کنید
29	و
30	برای
31	حل
32	ان
33	راه
34	کاری
35	ارایه
36	دهید
37	،
38	بايد
39	بر
40	دانستن
41	صفر
42	تا
43	صد
44	ریز
45	موضوعات
46	بر
47	تمامی
48	مطالب
49	مرتبط
50	با
51	ان
52	موضوع
53	نیز
54	اشراف
55	کامل
56	داشته باشید
57	،
58	که
59	مبانی
60	ریاضی
61	یکی
62	از
63	اصلی
64	ترین
65	ارکان
66	ان
67	است
68	.
0	با
1	این
2	وجود
3	،
4	تمامی
5	تلاش
6	بر
7	این
8	هدف
9	گذاشته شده است
10	،
11	که
12	مخاطبی
13	که
14	به
15	علم
16	علاقه‌مند
17	است
18	و
19	درعين‌حال
20	پایهی
21	ریاضیاتی
22	قوی
23	ندارد
24	،
25	بتواند
26	مفهوم
27	و
28	مبحث
29	مطرح‌شده
30	کند
31	و
32	از
33	فهم
34	لذت
35	ببرد
36	.
0	فاجعهی
1	فرابنفش
2	یا
3	فاجعه
4	به
5	نتیجهای
6	دارد
7	که
8	ناشی
9	از
10	اصول
11	فیزیک
12	کلاسیک
13	تقسیم
14	مساوی
15	انرژی
16	و
17	تابش
18	نوسانگرهای
19	باردار
20	برای
21	توضیح
22	تابش
23	جسم
24	سیاه
25	درطول
26	موج‌های
27	کوتاه
28	است
29	.
0	فرمول
1	پلانک
2	هرچند
3	موفقيت‌آميز
4	بود
5	،
6	اما
7	نتیجه‌گیری
8	ماهیت
9	کوانتومی
10	تابش
11	از
12	ان
13	چندان
14	الزامی
15	نیست
16	.
0	بخش
1	عمدهای
2	در
3	پذیرفتن
4	ان
5	از
6	کار
7	آلبرت
8	حاصل
9	شد
10	،
11	که
12	در
13	سال
14	۱۹۰۵
15	با
16	استفاده
17	از
18	مفهوم
19	ماهیت
20	کوانتومی
21	نور
22	،
23	بعضی
24	از
25	خاصیت‌های
26	ویژه
27	فلزات
28	را
29	وقتی
30	در
31	معرض
32	نور
33	مرئی
34	و
35	فرابنفش
36	قرار
37	می‌گیرند
38	،
39	توضیح
40	داد
41	.
0	کشف
1	اثر
2	فوتو
3	الکتریک
4	با
5	كار
6	هرتز
7	در
8	سال
9	۱۸۸۷
10	آغاز
11	شد
12	.
0	آزمایشی
1	که
2	سر
3	راست‌ترین
4	،
5	مدرک
6	ماهیت
7	ذره‌ای
8	تابش
9	را
10	در
11	اختیار
12	می‌گذارد
13	،
14	اثر
15	است
16	.
0	آرتور
1	هولی
2	کامیون
3	کشف
4	کرد
5	،
6	تابشی
7	با
8	یک
9	طول‌موج
10	معین
11	(
12	در
13	ناحیه
14	پرتو
15	X
16	)
17	که
18	از
19	یک
20	ورقهی
21	فلزي
22	،
23	به
24	گونهای
25	پراکنده می‌ شود
26	که
27	با
28	نظریهی
29	تابش
30	کلاسیک
31	سازگار
32	نیست
33	.
0	بنابه
1	نظریهی
2	کلاسیک
3	،
4	سازوكار
5	این
6	اثر
7	عبارت
8	است
9	،
10	از
11	تابش
12	مجدد
13	نور
14	توسط
15	الکترون‌هایی
16	که
17	با
18	تابش
19	فرودی
20	به
21	نوسان
22	وا
23	داشته شده اند
24	گريس
25	(
26	Grace
27	Brewster
28	Murray
29	Hopper
30	)
31	دانشمند
32	امریکایی
33	علم
34	کامپیوتر
35	بود
36	که
37	نام
38	خودش
39	را
40	به‌عنوان
41	یکی
42	از
43	اولین
44	برنامه‌نویس‌های
45	کامپیوتر
46	مشهور
47	هاروارد
48	مارک
49	جاودانه
50	کرد
51	.
0	او
1	یکی
2	از
3	پیش‌گامان
4	برنامه‌نویسی
5	مدرن
6	بود
7	و
8	اولين
9	برنامه‌نویسی
10	را
11	نیز
12	توسعه
13	داد
14	.
0	ایدهی
1	زبان‌های
2	برنامه‌نویسی
3	مستقل
4	از
5	ماشین
6	از
7	ذهن
8	این
9	دانشمند
10	زاده شد
11	و
12	بعدها
13	به
14	خلق
15	زبان
16	برنامه‌نويسي
17	کوبول
18	انجامید
19	.
0	
1	علاقهی
2	زیادی
3	نیز
4	به
5	ارتش
6	داشت
7	و
8	در
9	دوران
10	جنگ
11	جهانی
12	دوم
13	برای
14	ملحق
15	شدن
16	به
17	ارتش
18	امریکا
19	پیش‌قدم
20	شد
21	.
0	البته
1	او
2	درابتدا
3	از
4	پیوستن
5	به
6	ارتش
7	منع‌شده
8	اما
9	در
10	لیست
11	نیروهای
12	رزرو
13	قرار
14	گرفت
15	.
0	این
1	بانوی
2	دانشمند
3	در
4	توسعهی
5	کامپیوتر
6	UNIVAC
7	I
8	نیز
9	نقش
10	داشته است
11	.
0	تلاش‌های
1	براي
2	توسعهی
3	درجهت
4	این
5	ایده
6	بود
7	که
8	می‌توان
9	به
10	زبان
11	انگلیسی
12	با
13	کامپیوترها
14	صحبت
15	کرد
16	.
0	دستاوردهای
1	گريس
2	و
3	فعالیت
4	او
5	در
6	ارتش
7	باعث
8	شده
9	تا
10	القاب
11	متنوعی
12	از
13	ملکهی
14	برنامه‌نويسي
15	تا
16	گریس
17	شگفت‌انگیز
18	به
19	او
20	داده شود
21	.
0	برخی
1	از
2	موشک‌ها
3	و
4	ابر
5	کامپیوترهای
6	امریکایی
7	نیز
8	به
9	نام
10	این
11	دانشمند
12	ثبت
13	شدهاند
14	.
0	درطول
1	مدت
2	زندگی
3	۴۰
4	جایزه
5	و
6	درجهی
7	افتخاری
8	متنوع
9	دریافت
10	کرد
11	.
0	حتی
1	پس‌از
2	مرگ
3	نیز
4	جایزه‌هایی
5	به
6	او
7	اهدا
8	شد
9	که
10	از
11	این
12	میان
13	می‌توان
14	مدال
15	آزادی
16	سال
17	۲۰۱۶
18	امریکا
19	را
20	نام
21	برد
22	.
0	.
0	.
0	.
0	متن
1	۲۰۰۰
2	کلمه‌ای
3	برای
4	تست
5	-
6	نازنین
7	کریمی
8	مقدم
9	۹۷۴۴۳۳۰۳
10	دارم
11	این
12	متن
13	را
14	تحت
15	فشار
16	عصبی
17	شدیدی
18	می‌نویسم
19	،
20	چراكه
21	پس‌از
22	امشب
23	دیگر
24	وجود
25	نخواهم داشت
26	.
0	تحمل
1	این
2	شکنجه
3	بدون
4	پول
5	دیگر
6	ممکن
7	نیست
8	و
9	من
10	خود
11	را
12	از
13	پنجرهی
14	این
15	،
16	و
17	ذخیرهی
18	دارویم
19	که
20	زندگی
21	را
22	برایم
23	قابل‌تحمل‌تر
24	می‌کرد
25	و
26	حالا
27	ته
28	کشیده است
29	شیروانی
30	به
31	خيابان
32	خواهم انداخت
33	.
0	از
1	اعتیادم
2	به
3	مورفین
4	این‌طور
5	برداشت
6	نکن
7	که
8	آدم
9	ضعیف‌النفس
10	یا
11	بیماری
12	هستم
13	.
0	پس
1	که
2	چرا
3	چارهای
4	جز
5	–
6	هرچند
7	هیچ‌وقت
8	حقیقت
9	را
10	نخواهی دانست
11	–
12	از
13	خواندن
14	این
15	خط
16	که
17	سراسیمه
18	نوشتهام
19	حدس
20	خواهی زد
21	فراموشی
22	یا
23	مرگ
24	ندارم
25	.
0	در
1	یکی
2	از
3	آزاد
4	ترین
5	و
6	کم‌تر
7	دد
8	ترین
9	بخش‌های
10	اقیانوس
11	آرام
12	بود
13	که
14	کشتیای
15	که
16	من
17	مباشرش
18	بودم
19	گرفتار
20	دزدان
21	دریایی
22	المانی
23	شد
24	.
0	جنگ
1	بزرگ
2	تازه
3	درآغاز
4	راه
5	خود
6	بود
7	و
8	نیروی
9	دریایی
10	هنوز
11	چندان
12	دچار
13	ان
14	وحشیگری
15	و
16	فساد
17	نشده
18	بود
19	،
20	به
21	همین
22	دلیل
23	بااينكه
24	کشتی
25	ما
26	بدل
27	به
28	طعمهی
29	لذیذی
30	برای
31	آن‌ها
32	شد
33	،
34	اما
35	با
36	ما
37	افسران
38	کشتی
39	که
40	حالا
41	زندانیان
42	دریایی
43	بودیم
44	با
45	ملاطفت
46	رفتار
47	شد
48	.
0	درحقيقت
1	آن‌ها
2	ما
3	را
4	چنان
5	آزاد
6	گذاشته بودند
7	که
8	پنج
9	روز
10	پس‌از
11	زندانی
12	شدنمان
13	توانستم
14	یک
15	قایق
16	کوچک
17	و
18	اب
19	و
20	غذای
21	چندین
22	روزم
23	را
24	برداشته
25	و
26	فرار
27	کنم
28	.
0	پس‌از
1	ان
2	که
3	خودم
4	را
5	تنها
6	و
7	رها
8	یافتم
9	،
10	هیچ
11	از
12	مکان
13	و
14	پیرامونم
15	نمی‌دانستم
16	.
0	هیچ‌وقت
1	مسیریاب
2	قابلی
3	نبودم
4	و
5	فقط
6	باكمك
7	خورشید
8	و
9	ستاره‌ها
10	،
11	ان
12	هم
13	به
14	دشواری
15	،
16	متوجه
17	شدم
18	احتمالاً
19	پایین‌تر
20	از
21	نصف‌النهار
22	هستم
23	.
0	از
1	طول
2	جغرافیایی
3	مکان
4	خود
5	هیچ
6	اطلاعی
7	نداشتم
8	و
9	تا
10	دوردست‌ها
11	جزیره
12	و
13	ساحلی
14	به
15	چشم
16	.
0	هوا
1	آرام
2	بود
3	و
4	من
5	روزهای
6	بسیار
7	که
8	شمارش
9	از
10	دستانم
11	خارج
12	است
13	،
14	زیر
15	خورشید
16	سوزان
17	سرگردان
18	بودم
19	؛
20	در
21	انتظار
22	کشتیای
23	که
24	از
25	مجاورتم
26	عبور
27	کند
28	یا
29	جزیره‌ای
30	که
31	قابل
32	سکونت
33	باشد
34	.
0	اما
1	نه
2	از
3	کشتی
4	و
5	نه
6	از
7	جزیره
8	خبری
9	نشد
10	و
11	در
12	سنگینی
13	ِ
14	ان
15	ابی
16	ِ
17	بی‌انتها
18	،
19	ناامیدی
20	در
21	تنهاییام
22	ریشه
23	دواند
24	.
0	تغییر
1	،
2	زماني‌كه
3	در
4	خواب
5	بودم
6	رخداد
7	.
0	را
1	هیچ‌وقت
2	نخواهم دانست
3	،
4	زیرا
5	خوابم
6	،
7	هرچند
8	آشفته
9	و
10	آلوده
11	به
12	رؤیا
13	،
14	پیوسته بود
15	.
0	زماني‌كه
1	بالاخره
2	بیدار
3	شدم
4	،
5	خود
6	را
7	تا
8	کمر
9	فرورفته
10	در
11	توده‌ای
12	لزج
13	از
14	لجنی
15	جهنمی
16	و
17	سیاه‌رنگ
18	یافتم
19	که
20	زمین
21	اطرافم
22	را
23	تا
24	چشم
25	کار
26	می‌کرد
27	پوشانده بود
28	.
0	قایقم
1	هم
2	كمي
3	،
4	در
5	همین
6	لجن
7	به
8	زمین
9	نشسته بود
10	.
0	خوانندهی
1	این
2	متن
3	شاید
4	گمان
5	ببرد
6	که
7	نخستین
8	واکنش
9	من
10	باید
11	متحیر
12	شدن
13	از
14	این
15	تغییر
16	عظیم
17	و
18	نامنتظرهی
19	محیط
20	پیرامونم
21	باشد
22	،
23	اما
24	درحقيقت
25	من
26	بيش‌از
27	آن‌که
28	شگفت‌زده
29	باشم
30	،
31	ترسیده بودم
32	؛
33	چراكه
34	در
35	ان
36	هوا
37	و
38	خاک
39	فاسد
40	چنان
41	حالت
42	مخوفی
43	وجود
44	داشت
45	که
46	تا
47	عمق
48	وجودم
49	را
50	می‌لرزاند
51	.
0	زمین
1	پوشیده بود
2	از
3	لاشهی
4	فساد
5	ماهی‌ها
6	و
7	چیزهای
8	وصف‌ناپذیر
9	دیگری
10	که
11	از
12	میان
13	گل‌ولای
14	کریه
15	ِ
16	ان
17	دشت
18	بی‌انتها
19	سر
20	بیرون
21	آورده بودند
22	.
0	نباید
1	امید
2	داشته باشم
3	که
4	بتوانم
5	ان
6	
7	هولناکی
8	که
9	در
10	سکوت
11	محض
12	جای
13	گرفته بود
14	را
15	به
16	قالب
17	کلمات
18	در
19	بیآورم
20	.
0	کم‌ترین
1	صدایی
2	به
3	گوش
4	نمی‌رسید
5	و
6	هيچ‌چيز
7	به
8	چشم
9	،
10	مگر
11	محدودهای
12	وسیع
13	از
14	لجنی
15	سیاه‌رنگ
16	.
0	اما
1	ان
2	حد
3	از
4	سکوت
5	و
6	سکون
7	و
8	یکنواختی
9	منظره
10	،
11	مرا
12	دچار
13	ترسی
14	
15	می‌کرد
16	.
0	خورشید
1	در
2	میان
3	آسمانی
4	وحشی
5	و
6	بی‌ابر
7	می‌تابید
8	که
9	به
10	دید
11	من
12	،
13	انگار
14	سیاه
15	بود
16	.
0	انگار
1	که
2	تصویر
3	گل‌ولای
4	جوهرمانند
5	زیر
6	پاهایم
7	،
8	در
9	اسمان
10	منعکس
11	شده بود
12	.
0	هنگامي‌كه
1	خودم
2	را
3	افتان
4	و
5	خیزان
6	به
7	قایق
8	رساندم
9	،
10	دریافتم
11	که
12	تنها
13	یک
14	نظریه
15	برای
16	توجیه
17	وضعیتم
18	وجود
19	دارد
20	.
0	طی
1	یک
2	فوران
3	نادر
4	آتشفشانی
5	،
6	تکهای
7	از
8	کف
9	اقیانوس
10	بالا
11	امده
12	بود
13	و
14	زمین‌هایی
15	را
16	آش‌کار
17	کرده بود
18	که
19	میلیون‌ها
20	سال
21	در
22	عمق
23	دست‌نیافتنی
24	اب‌ها
25	پنهان
26	مانده بودند
27	.
0	زمینی
1	که
2	در
3	زیر
4	من
5	بالا
6	امده
7	بود
8	چنان
9	وسیع
10	بود
11	که
12	هرچقدر
13	گوش‌هایم
14	را
15	تیز
16	می‌کردم
17	،
18	کم‌ترین
19	صدایی
20	از
21	تلاطم
22	اقیانوس
23	به
24	گوشم
25	نمی‌رسید
26	.
0	
1	مرغان
2	دریایی
3	برای
4	ارتزاق
5	از
6	ماهیان
7	مرده
8	نیامده بودند
9	.
0	ساعت‌ها
1	در
2	قایق
3	که
4	به
5	یک‌سو
6	افتاده
7	و
8	سرپناه
9	مختصری
10	دربرابر
11	آفتاب
12	ارایه
13	کرده بود
14	قرق
15	در
16	فکر
17	و
18	اندیشه
19	نشستم
20	.
0	کمی
1	که
2	از
3	روز
4	گذشت
5	،
6	زمین
7	چسبندگی
8	خود
9	را
10	ازدست
11	داد
12	و
13	به
14	نظر
15	کمی
16	دیگر
17	آماد
18	هي
19	می‌شد
20	.
0	ان
1	شب
2	زمان
3	زیادی
4	نخوابیدم
5	،
6	و
7	فردا
8	برای
9	خودم
10	بستهای
11	شامل
12	اب
13	و
14	غذا
15	فراهم
16	کردم
17	؛
18	توشهای
19	برای
20	یک
21	سفر
22	زمینی
23	در
24	جستجوی
25	دریایی
26	که
27	ناپدید
28	شده بود
29	و
30	احتمالاً
31	راهی
32	برای
33	نجات
34	.
0	روز
1	سوم
2	،
3	زمین
4	را
5	خشک
6	یافتم
7	،
8	طوری
9	که
10	می‌شد
11	رویش
12	بي‌دردسر
13	قدم
14	برداشت
15	.
0	بوی
1	فساد
2	ماهی‌ها
3	جنون
4	اور
5	بود
6	؛
7	اما
8	ذهنم
9	درگیر
10	موضوعاتی
11	چنان
12	حیاتی
13	بود
14	که
15	چنین
16	ازار
17	مختصری
18	را
19	نادیده
20	می‌گرفت
21	،
22	و
23	من
24	جسورانه
25	درپي
26	هدفی
27	نامعلوم
28	سفرم
29	را
30	آغاز
31	کردم
32	.
0	تمام
1	روز
2	را
3	مصمم
4	به
5	سمت
6	غرب
7	رفتم
8	،
9	به
10	سوی
11	تپه‌ای
12	در
13	دوردست
14	که
15	مرتفع‌تر
16	از
17	هر
18	بلندی
19	دیگری
20	بود
21	.
0	شب
1	را
2	در
3	جایی
4	مستقر
5	شدم
6	و
7	روز
8	بعد
9	دوباره
10	به
11	سوی
12	تپه
13	حرکت
14	کردم
15	،
16	هرچندكه
17	چندان
18	بزرگ‌تر
19	از
20	وقتي‌كه
21	نخستین‌بار
22	دیده بودمش
23	به‌نظر
24	.
0	عصر
1	روز
2	چهارم
3	به
4	دامنهی
5	تپه
6	رسیدم
7	،
8	که
9	حالا
10	بسیار
11	بزرگ‌تر
12	از
13	قبل
14	به
15	نظر
16	می‌رسید
17	.
0	تپه
1	در
2	مجاورت
3	درهای
4	بود
5	و
6	این
7	باعث
8	می‌شد
9	دامنهی
10	پرشیبی
11	داشته باشد
12	.
0	خسته‌تر
1	از
2	ان
3	بودم
4	که
5	بالا
6	بروم
7	،
8	پس
9	در
10	سایهی
11	تپه
12	به
13	خواب
14	رفتم
15	.
0	می‌دانم
1	رؤیاهای
2	ان
3	شبم
4	چرا
5	آنچنان
6	دیوانه‌وار
7	بودند
8	.
0	اما
1	پيش‌ازآن‌كه
2	ماه
3	ِ
4	از
5	نیمه
6	گذشته
7	که
8	روبه
9	نازکی
10	می‌رفت
11	بر
12	فراز
13	فلات‌های
14	شرق
15	نمایان
16	شود
17	،
18	من
19	بیدار
20	و
21	خیس
22	از
23	عرق
24	سرد
25	بودم
26	و
27	دیگر
28	قصد
29	خوابیدن
30	نداشتم
31	.
0	مشاهدهی
1	دوبارهی
2	تصاویری
3	که
4	به
5	خواب
6	دیده بودم
7	،
8	از
9	تحملم
10	خارج
11	بود
12	.
0	و
1	در
2	تلألؤ
3	ماه
4	دریافتم
5	که
6	سفر
7	کردن
8	در
9	روز
10	چه
11	انتخاب
12	نابخردانهای
13	بوده است
14	.
0	سفرم
1	بی
2	حضور
3	تابش
4	سوزان
5	خورشید
6	توان
7	کمتری
8	از
9	من
10	می‌گرفت
11	.
0	درحقيقت
1	،
2	حالا
3	حس
4	می‌کردم
5	توان
6	به
7	انجام
8	رساندن
9	صعودی
10	که
11	پیشتر
12	هنگام
13	روز
14	از
15	ان
16	منصرف
17	شده بودم
18	را
19	داشتم
20	.
0	بستهام
1	را
2	برداشتم
3	و
4	به
5	سوی
6	سینهی
7	تپه
8	به
9	راه
10	افتادم
11	.
0	پیشتر
1	گفتم
2	که
3	یکنواختی
4	تزلزل‌ناپذیر
5	محیط
6	پیرامونم
7	برای
8	من
9	به
10	نوعی
11	هراساور
12	بود
13	؛
14	اما
15	احساس
16	می‌کنم
17	زماني‌كه
18	به
19	قلهی
20	تپه
21	رسیدم
22	و
23	به
24	سوی
25	دیگرش
26	نگاه
27	انداخته
28	و
29	دره
30	یا
31	گسلی
32	بی‌اندازه
33	عمیق
34	را
35	دیدم
36	که
37	ماه
38	هنوز
39	آن‌قدر
40	در
41	اسمان
42	بالا
43	نرفته بود
44	تا
45	گوشه
46	و
47	کنارهای
48	تاریکش
49	را
50	روشن
51	کند
52	،
53	وحشتی
54	بسیار
55	بیشتر
56	را
57	متحمل
58	شدم
59	.
0	احساس
1	می‌کردم
2	بر
3	لبهی
4	جهان
5	قرار
6	دارم
7	و
8	چشم
9	به
10	
11	و
12	صعود
13	هولناک
14	شیطان
15	در
16	سرزمین‌های
17	بی‌انتها
18	از
19	شبی
20	ابدی
21	دوختهام
22	.
0	در
1	میانهی
2	وحشت
3	،
4	بخش‌هایی
5	از
6	بی‌قوارهی
7	تاریکی
8	به
9	یادم
10	.
0	ماه
1	که
2	در
3	اسمان
4	بالاتر
5	رفت
6	،
7	دریافتم
8	شیب
9	تپه
10	آنچنان
11	هم
12	که
13	گمان
14	برده بودم
15	تند
16	نبود
17	.
0	لبه‌ها
1	و
2	زا
3	یده‌های
4	تخته‌سنگ‌ها
5	جای
6	پای
7	نسبتاً
8	راحتی
9	برای
10	پايين
11	فراهم
12	می‌کردند
13	؛
14	هرچندكه
15	پس‌از
16	پا
17	پايين
18	،
19	از
20	شیب
21	بسیار
22	کاسته می‌ شد
23	.
0	با
1	شوقی
2	که
3	به
4	هیچ
5	روی
6	دلیلش
7	را
8	نمی‌فهمیدم
9	،
10	به
11	دشواری
12	از
13	صخره‌ها
14	به
15	پایین
16	لغزیدم
17	و
18	روی
19	شیب
20	ملایم
21	ان
22	پایین
23	ایستادم
24	و
25	به
26	ان
27	عمق
28	سراسر
29	سیاه
30	گسل
31	چشم
32	دوختم
33	که
34	هنوز
35	نوری
36	به
37	آن‌ها
38	راه
39	نیافته بود
40	.
0	ناگهان
1	توجهم
2	به
3	يگانه
4	و
5	وسیع
6	جلب
7	شد
8	که
9	بر
10	تپهی
11	دیگری
12	قرار
13	داشت
14	که
15	تقریباً
16	صد
17	یارد
18	جلوتر
19	دوباره
20	از
21	گسل
22	سربلند
23	می‌کرد
24	،
25	که
26	زیر
27	نور
28	تازه‌رسیدهی
29	مهتاب
30	،
31	برق
32	سفیدی
33	داشت
34	.
0	اينكه
1	ان
2	شئ
3	درحقيقت
4	تکه
5	سنگي
6	بود
7	را
8	زود
9	بر
10	ساختهی
11	دست
12	طبیعت
13	باشد
14	.
0	به
1	نحوی
2	آگاه
3	بودم
4	که
5	از
6	مکان
7	و
8	حالتی
9	که
10	داشت
11	انباشته
12	از
13	احساسی
14	کرد
15	که
16	از
17	بیانش
18	عاجزم
19	؛
20	زیرا
21	تقریباً
22	تردید
23	نداشتم
24	که
25	باوجود
26	قد
27	و
28	قوارهی
29	عظیمش
30	و
31	جای
32	گرفتنش
33	درنا
34	کجایی
35	که
36	از
37	آغاز
38	جهان
39	در
40	کف
41	اقیانوس
42	قرار
43	داشت
44	،
45	ان
46	شئ
47	عجیب
48	،
49	تخته‌سنگی
50	خوش‌تراش
51	بود
52	که
53	تن
54	حجیمش
55	دست
56	هنروران
57	و
58	شاید
59	پرستش
60	مر
61	دمانی
62	صاحب
63	هوشمندی
64	را
65	به
66	خود
67	دیده بود
68	.
0	گیج
1	و
2	ترسیده بودم
3	،
4	اما
5	هنوز
6	بارقه‌هایی
7	از
8	شور
9	یک
10	باستان‌شناس
11	یا
12	دانشمند
13	در
14	من
15	بود
16	،
17	پس
18	پیرامونم
19	را
20	بادقت
21	بیشتری
22	بررسی
23	کردم
24	.
0	ماه
1	حالا
2	در
3	مکان
4	سرسو
5	قرار
6	داشت
7	و
8	غریب
9	و
10	زنده
11	بر
12	تپه‌های
13	بلندبالا
14	می‌تابید
15	که
16	دره
17	را
18	در
19	محاصره
20	گرفته بودند
21	،
22	و
23	جریانی
24	از
25	ابرا
26	در
27	انتهای
28	ان
29	درهی
30	عمیق
31	آش‌کار
32	می‌کرد
33	.
0	اب
1	دیوانه‌وار
2	به
3	هر
4	دیوارهی
5	گسل
6	می‌کوبید
7	و
8	چيزي
9	نمانده بود
10	پای
11	مرا
12	که
13	بر
14	دامنهی
15	شیب
16	ایستاده بودم‌تر
17	کند
18	.
0	در
1	دره
2	،
3	موج‌ها
4	پایهی
5	تخته‌سنگ
6	را
7	می‌شستند
8	و
9	من
10	حالا
11	می‌توانستم
12	بر
13	سطح
14	۲
15	ان
16	نوشته‌ها
17	و
18	حکاکی‌هایی
19	بی‌ظرافت
20	را
21	تشخیص
22	دهم
23	.
0	نوشته‌ها
1	به
2	خط‌نگارهای
3	بودند
4	که
5	برای
6	من
7	ناآشنا
8	بود
9	و
10	به
11	هیچ‌کدام
12	از
13	چیزهایی
14	که
15	در
16	کتاب‌ها
17	دیده بودم
18	نیز
19	شباهت
20	نداشت
21	.
0	عموماً
1	از
2	نشانه‌هایی
3	که
4	به
5	دریا
6	یا
7	موجودات
8	ان
9	ربط
10	داشت
11	تشکیل
12	شده بود
13	؛
14	نرم‌تن‌ها
15	و
16	وال‌ها
17	و
18	چیزهایی
19	از
20	این
21	دست
22	.
0	شماری
1	از
2	نشانه‌ها
3	نمایندهی
4	موجوداتی
5	،
6	مانند
7	ماهی‌ها
8	،
9	مارماهی‌ها
10	،
11	هشت‌پاها
12	،
13	میگوها
14	دریازی
15	بودند
16	که
17	جهان
18	مدرن
19	آن‌ها
20	را
21	تابه‌حال
22	به
23	چشم
24	ندیده بود
25	،
26	اما
27	من
28	توانسته بودم
29	جسد
30	فسادشان
31	را
32	روی
33	زمینی
34	که
35	از
36	کف
37	اقیانوس
38	بلند
39	شده بود
40	ببینم
41	.
0	اما
1	آنچه
2	مرا
3	حیرت‌زده
4	برجای
5	گذاشت
6	،
7	حکاکی‌ها
8	بودند
9	.
0	
1	اب‌هایی
2	که
3	میان
4	ما
5	فاصله
6	انداخته بود
7	،
8	پای
9	تخته‌سنگ
10	ردیفی
11	از
12	۳
13	کنده‌کاری‌هایی
14	قرار
15	داشت
16	که
17	احتمالاً
18	حسادت
19	دور
20	ِ
21	ي
22	را
23	می‌برانگیختند
24	.
0	گمان
1	می‌کنم
2	ان
3	حکاکی‌ها
4	قرار
5	بود
6	نمایانگر
7	انسان
8	باشند
9	.
0	ان
1	موجودات
2	كنده‌كاري‌شده
3	داشتند
4	خودستایانه
5	به
6	خویش
7	می‌نگریستند
8	،
9	یا
10	شاید
11	هم
12	به
13	تخته‌سنگ
14	دیگری
15	که
16	در
17	زیر
18	موج‌ها
19	جای
20	داشت
21	نگاه
22	می‌کردند
23	.
0	از
1	جزئیات
2	تن
3	و
4	صورتشان
5	نمی‌توانم
6	چیزی
7	بگویم
8	،
9	چراكه
10	یادآوری
11	آن‌ها
12	نیز
13	سرم
14	را
15	سبک
16	کرده
17	و
18	به
19	دوران
20	می‌اندازد
21	.
0	آنچنان
1	بی‌قواره
2	که
3	حتی
4	پو
5	و
6	بولور
7	نمی‌توانستند
8	چیزی
9	همانندش
10	را
11	تصور
12	کنند
13	.
0	در
1	شمای
2	کلی
3	،
4	سوای
5	انگشتان
6	به
7	هم
8	چسبیدهی
9	دست
10	و
11	پایشان
12	مانند
13	انسان
14	بودند
15	،
16	سوای
17	لب‌های
18	بی‌اندازه
19	پهن
20	و
21	آویز
22	انشان
23	،
24	ان
25	چشمان
26	شیشه‌ای
27	و
28	وق‌زده
29	و
30	جزئیات
31	دیگری
32	که
33	یا
34	داوریشان
35	به
36	هیچ
37	روی
38	خوشایند
39	نیست
40	.
0	کنجکاو
1	شده بودم
2	،
3	زیرا
4	در
5	کنده‌کاری‌ها
6	تناسب
7	ان
8	موجودات
9	با
10	سایر
11	اجزای
12	تصویر
13	رعایت
14	نشده
15	بود
16	.
0	برای
1	مثال
2	،
3	یکی
4	از
5	آن‌ها
6	داشت
7	نهنگی
8	را
9	به
10	قتل
11	می‌رساند
12	که
13	تنها
14	کمی
15	بزرگ‌تر
16	از
17	خودش
18	ترسیم
19	شده بود
20	.
0	كه
1	گفتم
2	اندازهی
3	غریب
4	و
5	شمایل
6	هیولاییشان
7	بيش‌از
8	همه
9	توجهم
10	را
11	جلب
12	کرد
13	،
14	اما
15	لحظه‌ای
16	طول
17	نکشید
18	که
19	اندیشیدم
20	آن‌ها
21	بی‌تردید
22	خدایان
23	ساختگی
24	قومی
25	دریانورد
26	یا
27	ماهیگیر
28	بوده
29	که
30	در
31	زمان‌های
32	دور
33	می‌زیستهاند
34	؛
35	قومی
36	كه
37	بازماندهشان
38	قرن‌ها
39	پيش‌ازآن‌كه
40	نخستین
41	انسان
42	پا
43	به
44	دنیا
45	بگذارد
46	از
47	میان
48	رفته بود
49	.
0	داشتم
1	به
2	گذشتهای
3	نگاه
4	می‌کردم
5	که
6	تاریخش
7	از
8	تصور
9	جسورترین
10	انسان‌شناس
11	نیز
12	دورتر
13	می‌رفت
14	؛
15	حیرت‌زده
16	و
17	سرمست
18	ایستاده بودم
19	و
20	ماه
21	بازتاب‌های
22	غریبی
23	بر
24	توده
25	اب
26	مقابلم
27	می‌انداخت
28	.
0	سپس
1	،
2	ناگهان
3	دیدمش
4	.
0	تنها
1	تکان‌های
2	مختصر
3	اب
4	بود
5	كه
6	به
7	سطح
8	را
9	خبر
10	می‌داد
11	.
0	او
1	از
2	اب‌های
3	تاریک
4	بالا
5	امد
6	،
7	عظیم
8	بود
9	،
10	به
11	
12	می‌مانست
13	.
0	لبریز
1	از
2	تنفر
3	،
4	همچون
5	هیولایی
6	حیرت‌انگیز
7	برخاسته
8	از
9	کابوس‌ها
10	،
11	به
12	سوی
13	مجسمه
14	دوید
15	و
16	بازوان
17	عظيم
18	را
19	اطراف
20	ان
21	تکان
22	داد
23	؛
24	سر
25	هولناکش
26	را
27	خم
28	کرده بود
29	و
30	صداهای
31	از
32	گلو
33	خارج
34	می‌کرد
35	.
0	به
1	نظر
2	ان
3	زمان
4	بود
5	که
6	دیوانه
7	شدم
8	.
0	از
1	صعود
2	دیوانهوارم
3	از
4	ان
5	شیب
6	و
7	صخره‌ها
8	و
9	از
10	بازگشت
11	وهمگینم
12	به
13	سوی
14	قایق
15	به
16	گل
17	نشسته
18	،
19	جز
20	اندک
21	چیزی
22	به
23	خاطر
24	ندارم
25	.
0	میدانم
1	که
2	بسیار
3	آواز
4	خواندم
5	،
6	و
7	زماني‌كه
8	دیگر
9	نتوانستم
10	بخوانم
11	به
12	نحو
13	غریبی
14	خندیدم
15	.
0	تصاویر
1	تمایز
2	ناپذیری
3	از
4	رخداد
5	یک
6	طوفان
7	بزرگ
8	مدتی
9	پس‌ازآن‌كه
10	به
11	قایق
12	رسیده بودم
13	را
14	به
15	خاطر
16	دارم
17	.
0	اما
1	به
2	هر
3	روی
4	،
5	میدانم
6	که
7	صدای
8	غرش
9	تندر
10	و
11	صداهایی
12	دست
13	را
14	شنیدم
15	که
16	طبیعت
17	در
18	دیوانه‌ترین
19	شرطش
20	ساطع
21	می‌کند
22	.
0	هنگامي‌كه
1	از
2	سیاهی‌ها
3	خارج
4	شدم
5	،
6	در
7	بیمارستان
8	سان‌فرانسيسكو
9	بودم
10	.
0	کاپیتان
1	یک
2	کشتی
3	امریکایی
4	که
5	قایقم
6	را
7	در
8	میانهی
9	اقیانوس
10	دیده بود
11	،
12	مرا
13	به
14	آنجا
15	آورده بود
16	.
0	در
1	هذیان‌هایم
2	حرف‌های
3	زیادی
4	زده بودم
5	،
6	اما
7	دریافتم
8	که
9	کم‌ترین
10	توجهی
11	را
12	به
13	آن‌ها
14	روا
15	نداشتهاند
16	.
0	آن‌ها
1	که
2	مرا
3	نجات
4	دادند
5	از
6	بالا
7	كف
8	اقیانوس
9	آرام
10	خبری
11	نداشتند
12	،
13	و
14	من
15	همبر
16	چیزی
17	که
18	می‌دانستم
19	باور
20	نخواهند کرد
21	اصرار
22	نورزیدم
23	.
0	زمانی
1	یک
2	نژادشناس
3	مطرح
4	را
5	جستم
6	و
7	او
8	را
9	با
10	پرسش‌های
11	خودم
12	دربارهی
13	،
14	افسانهی
15	باستانی
16	فلسطینی
17	،
18	ان
19	نیم
20	خداوند
21	و
22	نیم
23	ماهی
24	سر
25	شوق
26	.
0	اما
1	به
2	تندی
3	دریافتم
4	که
5	او
6	فقط
7	ناامیدانه
8	آنچه
9	به
10	چشم
11	می‌دید
12	را
13	می‌پذیرفت
14	،
15	و
16	دست
17	ازپي
18	گرفتن
19	پرسش‌هایم
20	کشیدم
21	.
0	شب‌ها
1	،
2	به
3	ویژه
4	زماني‌كه
5	ماه
6	از
7	نیمه
8	گذشته است
9	و
10	روبه
11	نازکی
12	می‌رود
13	،
14	او
15	را
16	می‌بینم
17	.
0	مورفین
1	را
2	،
3	اما
4	تنها
5	پایانی
6	گذرا
7	به
8	دردهایم
9	بخشیده
10	و
11	درعوض
12	مرا
13	چون
14	بردهای
15	ناتوان
16	در
17	چنگال
18	خویش
19	اسیر
20	کرده است
21	.
0	پس
1	حالا
2	،
3	من
4	به
5	پايان
6	می‌بخشم
7	،
8	حالاكه
9	شرح
10	تمام
11	ماجرا
12	را
13	برای
14	دوستان
15	و
16	اطرافیانم
17	نوشتهام
18	تا
19	از
20	حقیقت
21	آگاه
22	شوند
23	و
24	یا
25	خود
26	را
27	حقیرانه
28	با
29	ان
30	سرگرم
31	کنند
32	.
0	گاه‌وبيگاه
1	از
2	خود
3	می‌پرسم
4	که
5	آيا
6	نمی‌توانسته
7	تماماً
8	وهم
9	بوده باشد
10	؟
0	جنونی
1	ناشی
2	از
3	تب
4	که
5	پس‌از
6	فرار
7	از
8	کشتی
9	المان‌ها
10	،
11	زمانی
12	تصویری
13	زنده
14	و
15	،
16	که
17	گرمازده
18	و
19	پریشان
20	در
21	قایق
22	روباز
23	خود
24	افتاده بودم
25	
26	شده بودم
27	؟
0	این
1	را
2	از
3	خود
4	می‌پرسم
5	و
6	در
7	پاسخ
8	هولناک
9	پيش
10	می‌دود
11	.
0	نمی‌توانم
1	به
2	دریای
3	پرعمق
4	بیاندیشم
5	و
6	از
7	فکر
8	موجودات
9	بی‌نامی
10	که
11	شاید
12	همین
13	لحظه
14	در
15	بستر
16	لزج
17	ان
18	بت‌های
19	باستانی
20	سنگیشان
21	را
22	می‌پرستند
23	و
24	تصویر
25	خود
26	را
27	بر
28	ستون‌های
29	ساخته
30	از
31	گرانیت
32	نم‌کشیدهی
33	زیر
34	دریا
35	می‌تراشند
36	بر
37	،
38	می‌خزند
39	خود
40	نلرزم
41	.
0	در
1	رؤیاهایم
2	روزی
3	را
4	می‌بینم
5	که
6	آن‌ها
7	از
8	سطح
9	اب‌ها
10	بالا
11	تا
12	با
13	پنجه‌های
14	بویناکشان
15	،
16	بازمانده‌های
17	بشری
18	حقیر
19	و
20	خسته
21	از
22	جنگ
23	را
24	با
25	خود
26	به
27	زیر
28	بکشند
29	.
0	رؤیای
1	روزی
2	را
3	که
4	زمین
5	سربه‌سر
6	قرق
7	خواهد شد
8	،
9	و
10	کف
11	تاریک
12	اقیانوس
13	در
14	میانهی
15	ان
16	آشوب
17	جهانی
18	فراز
19	خواهد
20	امد
21	.
0	پایان
1	کار
2	نزدیک
3	است
4	.
0	ازسوي
1	در
2	صدایی
3	می‌شنوم
4	،
5	تو
6	گویی
7	که
8	جسمی
9	لغزان
10	و
11	لزج
12	خود
13	را
14	به
15	ان
16	می‌کوبد
17	.
0	نباید
1	مرا
2	.
0	خدایا
1	،
2	ان
3	دست
4	!
0	پنجره
1	!
0	پنجره
1	!
0	پوریا
1	-
2	لوبیا
3	-
4	مهوش
5	-
6	داستان
7	كوتاه
8	-
9	اثر
10	فيليپس
11	-
12	مترجم
13	بهداد
14	احمدي
