0	
1	و
2	مسخره
3	کردن
4	دیگران
5	موجب
6	ایجاد
7	کدورت
8	بین
9	فرد
10	می‌شود
11	.
0	تهاتر
1	فقط
2	درمورد
3	دود
4	ِ
5	ینی
6	حاصل
7	می‌شود
8	که
9	موضوع
10	یکسانی
11	داشته باشند
12	.
0	کاپتان
1	کشتی
2	جنگی
3	دستور
4	عقب‌نشيني
5	کردن
6	را
7	صادر
8	کرد
9	.
0	هرگاه
1	موصی
2	پس‌از
3	انشا
4	وصيت‌نامه
5	محجور
6	شود
7	وصیت
8	از
9	بین
10	نمی‌رود
11	.
0	توران
1	و
2	ایران
3	سالیان
4	دراز
5	با
6	یکدیگر
7	به
8	جنگ
9	می‌پرداختند
10	.
0	كنايه
1	از
2	انسان
3	منافق
4	مفسده
5	و
6	بیکاره
7	است
8	.
0	تقليد
1	کردن
2	حرکتات
3	و
4	سکنات
5	کسی
6	ازروي
7	ریشخند
8	می‌باشد
9	.
0	خنده
1	بر
2	هر
3	درد
4	بي‌درمان
5	دواست
6	از
7	عملکرد
8	دانشجویان
9	راضی‌ام
10	.
0	کودکان
1	بازی
2	با
3	بادبادک
4	را
5	خیلی
6	دوست
7	دارند
8	.
0	معلمین
1	باف
2	ِ
3	راست
4	خود
5	توانستند
6	را
7	.
0	نگران
1	نباش
2	…
3	!
4	؟
0	بنده
1	همان
2	به
3	که
4	ز
5	تقصیر
6	خویش
7	شکر
8	به
9	درگاه
10	خدا
11	آورد
12	.
0	خنده
1	حالتی
2	در
3	چهرهی
4	انسان
5	به
6	واسطهی
7	شعف
8	خوش‌حالی
9	یا
10	تمسخر
11	که
12	در
13	ان
14	لب‌ها
15	گشوده
16	می‌گردد
17	و
18	گاه
19	با
20	صدای
21	مخصوصی
22	همراه
23	است
24	.
0	ابرنواختر
1	ام
2	-
3	۸۹
4	یکی
5	از
6	نوع
7	اجرام
8	مسیه
9	است
10	.
0	شادروان
1	هرگز
2	چیزی
3	به
4	عاریهی
5	نگرفته بود
6	دخترک
7	کبریت
8	فروش
9	از
10	شدت
11	سرما
12	چیزی
13	را
14	احساس
15	نمی‌کرد
16	؛
17	نیست
18	بر
19	نالهی
20	افسر
21	دهدمان
22	گوش
23	مرا
24	بلبلی
25	کو
26	که
27	صفیرش
28	برد
29	از
30	هوش
31	مرا
32	واخواست
33	از
34	قبول
35	یا
36	نکول
37	اعتراضی
38	است
39	که
40	براثر
41	خودداری
42	از
43	نوشتن
44	از
45	طرف
46	تأدیه
47	کنندهی
48	برات
49	اتفاق
50	می‌افتد
51	.
0	فرش
1	دست‌باف
2	طرح
3	نامی
4	یکی
5	از
6	طرح‌های
7	معروف
8	در
9	این
10	حوزه
11	می‌باشد
12	دیوان
13	بین‌المللی
14	لاهه
15	به
16	
17	کشورهای
18	درحال‌توسعه
19	و
20	توسعه‌یافته
21	می‌پردازد
22	موج
23	رادیواکتیو
24	را
25	می‌توان
26	در
27	بسیاری
28	از
29	مصرف
30	پزشکی
31	استفاده
32	کرد
33	.
0	
1	مأخوذهی
2	تعیین‌کنندهی
3	رجال
4	سیاسی
5	است
6	منظر
7	بکر
8	جزیره
9	جنوب
10	موضوع
11	تصاویر
12	گرفته شده
13	توسط
14	عکاسان
15	حرفه‌ای
16	بود
17	.
0	ادبا
1	به
2	نقد
3	اثر
4	ادبی
5	وی
6	پرداختند
7	ایمهی
8	جمعه
9	توسط
10	بنيانگذار
11	جمهوری
12	اسلامی
13	ایران
14	انتخاب
15	شدند
16	.
0	معبد
1	و
2	مسجد
3	اماکن
4	مقدسی
5	هستند
6	.
0	که
1	مفهوم
2	و
3	رموز
4	معنوی
5	را
6	به
7	مردم
8	منتقل
9	می‌کنند
10	.
0	حقیقت
1	عقاید
2	فقهای
3	پیشین
4	بر
5	ما
6	پوشیده است
7	.
0	اسامی
1	اسرای
2	تحت
3	امر
4	امیر
5	اعلام
6	شدند
7	.
0	پاک‌روان
1	کسی
2	است
3	که
4	روان
5	پاکی
6	داشته باشد
7	پرندگان
8	مهاجر
9	همچون
10	آزادگان
11	به
12	مرغزار
13	بازگشتند
14	.
0	آیا
1	مسیو
2	لین
3	می‌توانند
4	شایستگیشان
5	را
6	نشان
7	دهند
8	.
0	و
1	مسیولیت
2	تصمیمات
3	خود
4	را
5	برعهده
6	بگیرند
7	.
0	سبزیجات
1	و
2	صیفیجات
3	در
4	کنار
5	نشاسته
6	و
7	غلات
8	باید
9	در
10	رژیم
11	غذایی
12	در
13	نظر
14	گرفته شود
15	.
0	نيز
1	همانند
2	گذشتگان
3	با
4	چالش‌های
5	فراوانی
6	دست‌وپنجه
7	نرم
8	خواهند کرد
9	دبیرستان
10	شایستهگان
11	یکی
12	از
13	مدرسه
14	غیرانتفاعی
15	است
16	که
17	در
18	حوزه‌های
19	علم
20	انسانی
21	ریاضیات
22	و
23	علم
24	تجربی
25	به
26	تعليم‌وتربيت
27	
28	می‌پردازد
29	آزادگی
30	و
31	ازا
32	دمنشی
33	از
34	ویژگی‌های
35	اصلی
36	و
37	شاخص
38	بود
39	.
0	امروزه
1	الگو
2	ریتم‌های
3	فراابتکاری
4	نقش
5	مهمی
6	در
7	حل
8	مسئله
9	بهينه‌سازي
10	چند
11	هدفه
12	دارند
13	.
0	بادکنک
1	بوسیلهی
2	گاز
3	هلیوم
4	پرشده
5	بود
6	و
7	قایق‌رانی
8	شغل
9	.
0	که
1	نیاز
2	به
3	مهارتهای
4	خاص
5	خود
6	را
7	دارند
8	.
0	شنوندهگان
1	و
2	بینندهگان
3	این
4	برنامه
5	گروه
6	سنی
7	خاصی
8	هستند
9	.
0	فعالیت‌های
1	مرکز
2	مذهب
3	اسلامی
4	در
5	شانگهای
6	به
7	جویندهگان
8	اسلام
9	معرفی
10	شد
11	.
0	مقالات
1	و
2	تحقیقات
3	بسیاری
4	برای
5	پیشگیری
6	از
7	بیماری‌های
8	عفونی
9	و
10	باکتریایی
11	ارایه
12	شده است
13	.
0	پاکستان
1	و
2	افغانستان
3	کشورهای
4	همسایهی
5	شرقی
6	ایران
7	هستند
8	که
9	تضاد
10	منفعت
11	با
12	یکدیگر
13	دارد
14	.
0	فاطمه
1	مراعات
2	حضور
3	مادرش
4	را
5	نمی‌کرد
6	.
0	یکی
1	از
2	ارایه‌های
3	ادبی
4	مراعات
5	نظیر
6	است
7	.
0	كلان‌شهر
1	اصفهان
2	مشکلات
3	و
4	معضلات
5	خود
6	را
7	دارد
8	.
0	هان
1	ای
2	پسر
3	!
0	مکان
1	تاریک
2	جای
3	خوبی
4	برای
5	رشد
6	باکتری‌ها
7	است
8	.
0	زمان
1	بازی
2	فوتبال
3	بارسلونا
4	و
5	ریال
6	مادرید
7	ساعت
8	۲۰
9	روز
10	هجدهم
11	ابان
12	است
13	.
0	طاووس
1	خرامان
2	،
3	خرامان
4	راه
5	می‌رود
6	.
0	همهی
1	شهرها
2	یک
3	میدان
4	به
5	نام
6	آزادی
7	دارند
8	.
0	علی
1	دوان‌دوان
2	گریان
3	و
4	نالان
5	به
6	مدرسه
7	رفت
8	.
0	کشور
1	المان
2	در
3	قارهی
4	سبز
5	قرار
6	دارد
7	.
0	شکوفه
1	خندان
2	با
3	شیرینی
4	وارد
5	شد
6	.
0	امان
1	بده
2	!
3	!
4	!
0	امارات
1	متحده
2	عربی
3	یکی
4	از
5	کشورهای
6	حوزهی
7	خليج‌فارس
8	است
9	.
0	Emily
1	Rose
2	در
3	سال
4	۱۹۹۷
5	جن
6	زده شد
7	.
0	ناودانی‌ها
1	از
2	اشغال
3	پرشده
4	بود
5	.
0	نادان
1	همه
2	را
3	به
4	چشم
5	خویش
6	می‌بیند
7	.
0	سعید
1	در
2	عنفوان
3	جوانی
4	درگذشت
5	.
0	قوری
1	گل‌گلی
2	شکست
3	.
0	در
1	این
2	دنیای
3	
4	…
5	حسرت
6	زای
7	بی
8	فردا
9	خدایا
10	عاشقان
11	را
12	غم
13	مده
14	.
0	نردبان
1	ترقی
2	را
3	به
4	سرعت
5	طی
6	کرد
7	.
0	ادبیات
1	پارسی
2	تاریخچهی
3	دیرینهای
4	دارد
5	.
0	شهر
1	ابادان
2	عروس
3	ایران
4	است
5	.
0	لیوان
1	پر
2	از
3	چای
4	شکست
5	و
6	او
7	را
8	سوزاند
9	.
0	واردات
1	و
2	صادرات
3	کشمش
4	سود
5	خوبی
6	دارد
7	.
0	شايان‌ذكر
1	است
2	که
3	رفسنجان
4	پستهی
5	مرغوبی
6	دارد
7	.
0	باغ
1	بی
2	برگی
3	که
4	می‌گوید
5	که
6	زیبا
7	نیست
8	.
0	شیروان
1	یکی
2	از
3	شهرستان‌های
4	کرمانشاه
5	است
6	.
0	اسمان
1	ابی
2	زمین
3	پاک
4	…
5	…
6	…
0	شمیران
1	نام
2	منطقه‌ای
3	در
4	تهران
5	است
6	.
0	لیفان
1	یک
2	خودروی
3	چینیست
4	که
5	بدرد
6	نمی‌خورد
7	.
0	ما
1	باید
2	همواره
3	به
4	دنبال
5	آرمان
6	خود
7	باشیم
8	.
0	خفتان
1	خود
2	را
3	پوشید
4	و
5	به
6	میدان
7	رزم
8	رفت
9	.
0	ریختن
1	زباله
2	در
3	دامان
4	طبیعت
5	بي‌فرهنگي
6	است
7	.
0	شکلات
1	فرمند
2	یکی
3	از
4	مرغوب‌ترین
5	برندها
6	در
7	این
8	حوزه
9	است
10	.
0	خزان
1	فصلیست
2	که
3	در
4	ان
5	برگ
6	درختان
7	زرد
8	می‌شود
9	.
0	وزیر
1	علم
2	استادان
3	نمونه
4	:
5	سن
6	بازنشستگی
7	استادان
8	نمونه
9	به
10	۷۰
11	سال
12	افزایش
13	می‌یابد
14	صوت
15	وزیدن
16	بادما
17	را
18	ترساند
19	.
0	دانشگاه
1	باید
2	مهد
3	چالش‌های
4	گفتمانی
5	و
6	خط‌دهنده
7	و
8	برنامه‌ریز
9	جریانات
10	سیاسی
11	باشد
12	.
0	دفتر
1	متحد
2	در
3	همهی
4	پایتخت‌های
5	جهان
6	هستند
7	.
0	دختری
1	بالباس
2	صورتی
3	را
4	دیدم
5	که
6	صورتی
7	زیبا
8	داشت
9	.
0	توصیه
1	ما
2	درجهت
3	تلاش
4	برای
5	دانایی
6	محوری
7	و
8	توسعه
9	گفتمان
10	علمی
11	به
12	معنا
13	عدم
14	تمایل
15	به
16	مبحث
17	سیاسی
18	نیست
19	؛
20	بلکه
21	برعكس
22	،
23	دانشگاه
24	باید
25	مهد
26	چالش‌های
27	گفتمانی
28	باشد
29	ولی
30	این
31	امر
32	،
33	بدان
34	معنا
35	نیست
36	که
37	دانشگاه
38	،
39	ابزار
40	دست
41	سیاسیون
42	قرار
43	بگیرد
44	.
0	وی
1	تأکید
2	کرد
3	:
4	دانشگاه
5	نه‌تنها
6	نباید
7	تحت
8	تأثير
9	سیاسی
10	قرار
11	بگیرد
12	؛
13	بلکه
14	باید
15	خط‌دهنده
16	و
17	برنامه‌ریز
18	جریانات
19	سیاسی
20	باشد
21	و
22	مهم‌ترین
23	عنصر
24	پیاده
25	شدن
26	این
27	آرمان
28	،
29	دانشجویان
30	و
31	اعضای
32	هیئت
33	علمی
34	دانشگاه‌ها
35	و
36	در
37	رأس
38	آن‌ها
39	استادان
40	نمونه
41	هستند
42	.
0	اگرچه
1	دانشگاه‌ها
2	باید
3	پرچمدار
4	کرسی‌های
5	آزادانديشي
6	و
7	حاکمیت
8	دانایی
9	محوری
10	باشند
11	،
12	باید
13	توجه
14	داشته باشند
15	که
16	ناخودآگاه
17	تحت
18	تأثیر
19	جوسازی‌ها
20	و
21	
22	رسانه‌ها
23	قرار
24	نگیرند
25	.
0	اقدامات
1	انجام‌شده
2	درجهت
3	ارتقای
4	جایگاه
5	استادان
6	نمونه
7	اشاره
8	کرد
9	و
10	گفت
11	:
12	در
13	بنیاد
14	نخبگان
15	،
16	استادان
17	نمونه
18	از
19	نخبگان
20	شناخته شدند
21	و
22	این
23	امر
24	به
25	لحاظ
26	معنوی
27	،
28	اهميت
29	دارد
30	.
31	،
32	در
33	تعریف
34	و
35	تعیین
36	شاخص‌های
37	لازم
38	برای
39	انتخاب
40	«
41	استاد
42	نمونه
43	»
44	بازنگری
45	کنند
46	با
47	وسواس
48	و
49	دقت
50	،
51	همچنین
52	در
53	این
54	برنامه
55	از
56	جمعی
57	از
58	دانش
59	نمونه
60	و
61	استادان
62	پيش‌كسوت
63	این
64	مؤسسه
65	تقدیر
66	می‌شود
67	.
0	سقراط
1	به
2	دستور
3	دادستان
4	جام
5	شوکران
6	را
7	نوشید
8	.
0	همچنين
1	نتیجه
2	مشروطین
3	اسفندماه
4	۸۲
5	که
6	درس
7	مشروطی
8	خود
9	را
10	در
11	آزمون
12	مردادماه
13	۸۳
14	امتحان
15	دادهاند
16	.
0	مردی
1	به
2	طفل
3	گفت
4	که
5	گل‌ها
6	را
7	نکنند
8	.
0	نخستین
1	مرکز
2	آموزش
3	عالی
4	بین‌المللی
5	دانشگاه
6	استرالیا
7	در
8	کیش
9	آغاز
10	به
11	كاركرد
12	.
0	وی
1	اعلام
2	و
3	پيش‌بيني
4	کرد
5	دومین
6	گردهمایی
7	دانشجویان
8	.
0	هفتمین
1	اجلاس
2	مشترك
3	امنای
4	دانشگاه‌ها
5	و
6	مؤسسات
7	آموزش
8	عالی
9	و
10	پژوهشی
11	برگزار
12	شد
13	.
0	مالي
1	و
2	معاملاتی
3	دانشگاه‌ها
4	برای
5	رفع
6	معضلات
7	معیشتی
8	،
9	کارکنان
10	.
0	موجب
1	نگرانی
2	فکر
3	عمومی
4	و
5	ایجاد
6	بدبيني
7	در
8	ذهن
9	جوانان
10	داوطلب
11	ورود
12	به
13	دانشگاه‌ها
14	شده است
15	.
0	هرگونه
1	شایبهای
2	به
3	دور
4	است
5	و
6	به
7	هیچ
8	وجه
9	ورود
10	داوطلبی
11	به
12	دانشگاه
13	بدون
14	شرکت
15	در
16	آزمون
17	سراسری
18	و
19	کسب
20	اولویت
21	علمی
22	امکانپذیر
23	نبوده
24	و
25	نیست
26	.
0	کارخانه‌های
1	مواد
2	غذایی
3	و
4	اداره‌های
5	بهداشت
6	فعالیت
7	کنند
8	.
0	با
1	این
2	حال
3	شورای
4	شهر
5	دركل
6	یک
7	امر
8	سرنوشت‌ساز
9	بوده
10	و
11	امید
12	است
13	تا
14	،
15	مشارکت
16	داشته باشند
17	.
0	تاکید
1	کرد
2	:
3	اگر
4	به
5	دانشمندان
6	ارج
7	ننهیم
8	،
9	آزادی
10	و
11	انگیزه
12	علمی
13	را
14	در
15	آنان
16	تقویت
17	نکنیم
18	!
0	توسعه
1	همه‌جانبه
2	کشور
3	تحقق
4	ناپذیر
5	خواهد ماند
6	.
0	اظهار
1	کرد
2	:
3	اسم
4	گرگان
5	دچار
6	یاس
7	شدند
8	.
0	نیاکان
1	ما
2	فردی
3	روشن‌ضمير
4	بودند
5	.
0	ن
1	برخی
2	از
3	ملاک‌های
4	رتبه‌بندي
5	دانشگاه‌های
6	دنیا
7	ست
8	.
0	کسب
1	حدنصاب
2	لازم
3	در
4	آزمون
5	ورودی
6	به
7	دورهی
8	دکتری
9	از
10	دیگر
11	شرط
12	ثبت‌نام
13	است
14	.
0	دانشگاه
1	غيرمجاز
2	هاوایی
3	در
4	سال
5	۱۳۷۲
6	تأسیس
7	شد
8	و
9	۵۰۰
10	فارغ‌التحصیل
11	بود
12	که
13	همگی
14	آن‌ها
15	شناسایی
16	شدهاند
17	و
18	براساس
19	کیفرخواست
20	حبس
21	تعزیری
22	(
23	بازدارنده
24	)
25	به
26	اتهام
27	کلاهبرداری
28	تبریه
29	شده
30	و
31	حکمت
32	۳
33	سال
34	وی
35	نیز
36	نقض
37	شده است
38	.
0	در
1	صورت
2	ضرورت
3	اسامی
4	فارغ‌التحصیلان
5	ذي‌نفع
6	منتشر
7	می‌شود
8	.
0	تبعات
1	منفی
2	زیادی
3	به
4	دنبال
5	خواهد داشت
6	.
0	سلام
1	به
2	همهی
3	مردم
4	ایران
5	که
6	خوش‌خلق
7	هستند
8	.
0	پلنگی
1	با
2	پوستی
3	راه‌راه
4	دیدم
5	که
6	تندتند
7	می‌دوید
8	و
9	من
10	ترسیدم
11	و
12	گفتم
13	.
0	محصولاتی
1	نظیر
2	پلاستیک
3	،
4	دارو
5	،
6	مواد
7	شوینده
8	و
9	در
10	واحدهای
11	عملی
12	استفاده
13	می‌کنند
14	و
15	همچنین
16	برای
17	بالابر
18	دن
19	تولید
20	برنامه‌ریزی
21	می‌کند
22	.
0	انرژی
1	هسته‌ای
2	،
3	صنعت
4	غذایی
5	،
6	توسعهی
7	منبع
8	جدید
9	انرژی
10	،
11	تحقیقات
12	،
13	مدیریت
14	،
15	پردازش
16	داده‌ها
17	و
18	میزان
19	و
20	بازار
21	فروش
22	از
23	دیگر
24	زمینه‌های
25	فعالیت
26	مهندسان
27	شیمی
28	می‌باشد
29	.
0	اما
1	دست‌وپاگير
2	دانشگاه
3	قم
4	،
5	چون
6	همیشه
7	انگیزه‌ها
8	و
9	اراده‌ها
10	را
11	سرد
12	و
13	بي‌رمق
14	می‌نماید
15	.
0	ترافیک
1	شدید
2	در
3	اتوبان
4	چمران
5	بسیار
6	ازار
7	دهنده
8	بود
9	.
0	آهنگی
1	شنیدم
2	که
3	خواننده
4	با
5	صدایی
6	زیبا
7	و
8	رسا
9	ان
10	را
11	می‌خواند
12	.
0	دختری
1	با
2	کفش‌های
3	کتانی
4	دیدم
5	که
6	سبزیجات
7	می‌خورد
8	.
0	واحد
1	مرکزی
2	خبر
3	اخبار
4	جدیدی
5	را
6	مخابره
7	کرد
8	.
0	چرا
1	لباس‌های
2	خواهرت
3	را
4	اتو
5	نکردی
6	؟
0	دشمنان
1	ایران
2	در
3	همه
4	نقطه
5	جهان
6	پراکننده
7	هستند
8	.
0	گروه
1	بزرگ
2	موسیقیایی
3	پاپ
4	راک
5	در
6	کابل
7	کنسرت
8	خواهند داشت
9	.
0	دیشب
1	برنامه
2	۹۰
3	به
4	علت
5	سو
6	تفاهم
7	بین
8	دست
9	اندر
10	کاران
11	پخش
12	نشد
13	.
0	ستارهگان
1	سینمای
2	هالیوود
3	بسیار
4	پردرآمد
5	هستند
6	.
0	سیستم
1	کامپیوتری
2	شرکت‌های
3	ایرانی
4	قوی
5	نیست
6	.
0	خواهرم
1	به
2	مغازه
3	رفت
4	و
5	شکلات
6	و
7	آب‌نبات
8	خرید
9	.
0	او
1	به
2	من
3	نگاه
4	خیلی
5	سنگینی
6	کرد
7	.
0	من
1	به
2	معلمم
3	که
4	دست
5	به
6	سینه
7	ایستاده بود
8	نگاه
9	بدی
10	کردم
11	.
0	طالب
1	حوزهی
2	عملیه
3	قم
4	بسیار
5	پركار
6	و
7	سختكوش
8	هستند
9	.
0	رانندگی
1	با
2	سرعت
3	بالا
4	برای
5	سر
6	نشینان
7	و
8	راننده
9	خطرناك
10	است
11	.
0	سه
1	ماه
2	مانده
3	به
4	جشنواره
5	فیلم
6	فجر
7	بعضی
8	از
9	کار
10	گردانان
11	فیلم‌های
12	خود
13	را
14	به
15	کمیته
16	داوران
17	تحویل
18	دادند
19	.
0	موسم
1	بهاران
2	هوای
3	شمال
4	شهر
5	تهران
6	بسیار
7	دلربا
8	می‌شود
9	.
0	یکی
1	از
2	اثر
3	بشدت
4	دوست‌داشتني
5	جيم
6	که
7	تماماً
8	حول
9	محور
10	گفتگو
11	،
12	سیگار
13	و
14	قهوه
15	می‌گردد
16	و
17	ادای
18	د
19	ِ
20	ین
21	جیم
22	به
23	این
24	دو
25	عزیز
26	است
27	.
0	صداوسیمای
1	جمهوری
2	اسلامی
3	ایران
4	برنامه‌های
5	جالبی
6	ندارد
7	.
0	پرداخت
1	قبض
2	به
3	صورت
4	الکترونیکی
5	هزینه
6	ابونمان
7	را
8	کاهش
9	بسزایی
10	می‌دهد
11	.
0	آشپزی
1	در
2	رستوران
3	هنگام
4	پخت
5	غذا
6	دستش
7	سوخت
8	.
0	ماشین
1	الهات
2	چینی
3	کیفیت
4	مرغوبی
5	ندارند
6	.
0	کردستان
1	سرزمینی
2	بسیار
3	دلفريب
4	می‌باشد
5	.
0	الهی
1	جانتان
2	سلامت
3	و
4	تندرست
5	باشد
6	.
0	البسه
1	خودتان
2	را
3	با
4	اتو
5	صاف
6	کنید
7	.
0	بیماران
1	قبلی
2	و
3	عروقی
4	در
5	بیمارستان
6	ابان
7	بستری
8	شدند
9	.
0	سامان
1	پسری
2	هنرمند
3	او
4	موسيقي‌دان
5	است
6	.
0	مجمع
1	عمومی
2	و
3	انتخابات
4	شورای
5	مرکزی
6	و
7	بازرسین
8	جامعه
9	دانشگاه
10	ظرف
11	ماه
12	آتی
13	برگزار
14	می‌شود
15	.
