
0	دانشکده
1	مدیریت
2	دانشگاه
3	تهران
4	؛
5	داده
6	کاوی
7	چیست
8	و
9	چه
10	فایدهای
11	دارد
12	؟

0	داده
1	کاوی
2	علم
3	و
4	فنی
5	است
6	که
7	در
8	سال‌های
9	اخیر
10	و
11	با
12	گسترش
13	استفاده
14	از
15	فناوری
16	اطلاعات
17	و
18	سیستم‌های
19	اطلاعاتی
20	مورد
21	توجه
22	سازمان‌ها
23	قرار
24	گرفت
25	.

0	داده
1	کاوی
2	کاربردهای
3	مختلفی
4	برای
5	سازمان‌ها
6	دارد
7	و
8	می‌تواند
9	برای
10	شرکت‌ها
11	در
12	زمینه‌های
13	مهمی
14	مثل
15	بازاریابی
16	و
17	فروش
18	بسیار
19	راهگشا
20	و
21	مفید
22	باشد
23	.

0	درادامه
1	با
2	مفهوم
3	داده
4	و
5	اطلاعات
6	آشنا
7	می‌شویم
8	و
9	سپس
10	با
11	معنای
12	داده
13	کاوی
14	و
15	کاربردهای
16	ان
17	بیشتر
18	آشنا
19	خواهیم شد
20	:
21	داده
22	با
23	اطلاعات
24	چه
25	فرقهی
26	دارد
27	؟

0	بسیاری
1	از
2	مردم
3	به
4	اشتباه
5	می‌پندارند
6	که
7	داده
8	با
9	اطلاعات
10	تفاوت
11	ندارد
12	و
13	عموماً
14	این
15	دو
16	واژه
17	را
18	به
19	جای
20	هم
21	استفاده
22	می‌کنند
23	.

0	داده
1	می‌تواند
2	هر
3	نوع
4	از
5	کاراکتر
6	شامل
7	متن
8	،
9	عدد
10	،
11	کلمه
12	،
13	صدا
14	و
15	تصویر
16	باشد
17	و
18	درصورتي‌كه
19	توسط
20	انسان
21	مشاهده
22	شود
23	لزوماً
24	معنای
25	خاصی
26	هم
27	دربر
28	نخواهد داشت
29	.

0	داده‌ها
1	عموماً
2	خام
3	،
4	دسته‌بندي
5	و
6	طبقه‌بندي
7	نشده
8	هستند
9	و
10	درصورتي‌كه
11	بخواهیم
12	از
13	آن‌ها
14	به
15	صورت
16	مستقیم
17	استفاده
18	کنیم
19	عموماً
20	بي‌فايده
21	خواهد بود
22	.

0	حال
1	آن‌که
2	پس‌از
3	طبقه‌بندي
4	،
5	دسته‌بندي
6	و
7	ساختارد
8	هی
9	به
10	داده‌ها
11	اطلاعات
12	به
13	وجود
14	.

0	می‌توان
1	از
2	داده‌ها
3	برای
4	تصميم‌گيري
5	و
6	یا
7	ایجاد
8	دانش
9	درمورد
10	یک
11	مقوله
12	استفاده
13	کرد
14	.

0	اطلاعات
1	عموماً
2	برای
3	کاربر
4	مفهوم
5	دارد
6	و
7	قابل‌استفاده
8	است
9	.

0	مثال
1	:
2	تاریخ
3	دمای
4	سراسر
5	جهان
6	درصد
7	سال
8	گذشته
9	داده است
10	،
11	حال
12	آن‌که
13	روند
14	افزایش
15	یا
16	کاهش
17	دما
18	در
19	این
20	سال‌ها
21	یک
22	اطلاعات
23	است
24	.

0	نمرات
1	دانشجویان
2	یک
3	کلاس
4	داده است
5	،
6	اما
7	ترتیب
8	نمرات
9	،
10	میانگین
11	،
12	و
13	ارتباط
14	نمره
15	این
16	درس
17	با
18	معدل
19	دانشجو
20	یا
21	یک
22	درس
23	دیگر
24	یک
25	نمونه
26	از
27	اطلاعات
28	است
29	.

0	انبوه
1	داده
2	بلای
3	جان
4	سازمان
5	كسب‌وكار
6	فرضی
7	فعال
8	درزمينه
9	فروش
10	را
11	در
12	نظر
13	بگیرید
14	،
15	این
16	سازمان
17	هرروز
18	صدها
19	مورد
20	فروش
21	را
22	از
23	ده‌ها
24	مشتری
25	ثبت
26	می‌کند
27	،
28	تمام
29	داده‌های
30	مربوط
31	به
32	یک
33	خرید
34	ازجمله
35	نام
36	و
37	قیمت
38	و
39	دسته
40	کالاها
41	و
42	اطلاعات
43	مربوط
44	به
45	خریدار
46	را
47	ثبت
48	می‌کند
49	.

0	پس‌از
1	گذشت
2	مدتی
3	این
4	سازمان
5	انبوهی
6	از
7	داده‌ها
8	بي‌معنا
9	دارد
10	که
11	نمی‌تواند
12	از
13	آن‌ها
14	بهره
15	ببرد
16	.

0	داده
1	کاوی
2	چیست
3	؟

0	سازمان‌ها
1	برای
2	تصميم‌گيري
3	و
4	برنامه‌ريزي
5	به
6	اطلاعات
7	نیاز
8	دارند
9	،
10	بخش
11	مهمی
12	از
13	این
14	اطلاعات
15	از
16	خود
17	سازمان
18	ناشی
19	می‌شود
20	،
21	از
22	داده‌های
23	قبلی
24	و
25	الگوهای
26	عملکرد
27	سازمان
28	استخراج
29	می‌شوند
30	،
31	داده‌های
32	خود
33	سازمان
34	نشان‌دهنده
35	رفتار
36	مشتریان
37	و
38	همکاران
39	و
40	بيان‌كننده
41	موفقیت
42	یا
43	شکست
44	سازمان
45	در
46	یک
47	عمل
48	خاص
49	هستند
50	.

0	برای
1	استخراج
2	اطلاعات
3	مفید
4	از
5	میان
6	انبوه
7	حجم
8	داده‌های
9	ثبت‌شده
10	باید
11	از
12	فن
13	داده
14	کاوی
15	استفاده
16	کرد
17	.

0	داده
1	کاوی
2	فنی
3	است
4	که
5	از
6	میان
7	پایگاه
8	داده
9	سازمان
10	،
11	به
12	دنبال
13	الگوهای
14	پنهان
15	در
16	میان
17	داده‌ها
18	،
19	ارتباط
20	میان
21	آن‌ها
22	،
23	روند
24	و
25	الگوی
26	آن‌ها
27	می‌گردد
28	.

0	داده
1	کاوی
2	از
3	تابع
4	و
5	الگو
6	ریتم‌های
7	پیشرفته
8	ریاضی
9	استفاده
10	می‌کند
11	تا
12	ارتباط
13	میان
14	دو
15	دسته
16	از
17	داده
18	و
19	امکان
20	رخ
21	دادن
22	یک
23	نتیجه
24	را
25	در
26	آینده
27	پيش‌بيني
28	کند
29	.

0	داده
1	کاوی
2	چه
3	کاری
4	می‌تواند
5	انجام
6	دهد
7	؟

0	بر
1	این
2	می‌توان
3	شاخص‌هایی
4	مثل
5	رضایت
6	مشتری
7	،
8	درآمد
9	و
10	سود
11	سازمان
12	،
13	مجموع
14	سرمایه
15	درگردش
16	و
17	هزینه‌های
18	جاری
19	و
20	میزان
21	افزایش
22	و
23	کاهش
24	آن‌ها
25	درطول
26	زمان
27	را
28	استخراج
29	کند
30	.

0	به
1	طور
2	مثال
3	شرکت
4	ویدیوی
5	خانگی
6	از
7	داده‌های
8	سابق
9	مشتریان
10	استفاده
11	می‌کند
12	و
13	به
14	آن‌ها
15	ویدیوهایی
16	پیشنهاد
17	می‌دهد
18	تا
19	آن‌ها
20	را
21	تماشا
22	کنند
23	.

0	(
1	بزرگ‌ترین
2	خرده‌فروش
3	زنجیره‌ای
4	جهان
5	)
6	برای
7	بهبود
8	عرضه
9	کنندهگان
10	خود
11	از
12	داده
13	کاوی
14	در
15	مقیاسی
16	وسیع
17	استفاده
18	کرده است
19	.

0	داده‌های
1	۲۹۰۰
2	فروشگاه
3	در
4	۶
5	کشور
6	برای
7	این
8	کار
9	استفاده
10	شده‌اند
11	و
12	درمجموع
13	۷
14	٫
15	۵
16	تر
17	ابایت
18	داده
19	موردبررسي
20	قرار
21	گرفت
22	.

0	۳۵۰۰
1	تأمين‌كننده
2	به
3	داده‌های
4	دسترسی
5	پیدا
6	کردند
7	تا
8	بتوانند
9	الگوهای
10	خرید
11	مشتریان
12	،
13	یک
14	کالا
15	و
16	محصول
17	خاص
18	را
19	بررسی
20	کنند
21	و
22	برنامه‌های
23	خود
24	را
25	بر
26	این
27	پایه
28	و
29	بهبود
30	دهند
31	.

0	استراتژی
1	و
2	داده
3	البته
4	کاربردهای
5	داده
6	کاوی
7	بسیار
8	زیاد
9	است
10	و
11	می‌تواند
12	در
13	شرکت‌ها
14	و
15	سازمان‌ها
16	مختلف
17	متفاوت
18	باشد
19	.

0	آنچه
1	در
2	بالا
3	بیان
4	شد
5	خلاصهای
6	از
7	کاربردهای
8	داده
9	کاوی
10	در
11	بخش
12	فروش
13	و
14	بازاریابی
15	بود
16	.

0	شما
1	می‌توانید
2	با
3	استفاده
4	از
5	داده
6	کاوی
7	در
8	حل
9	مشکلات
10	سازمان
11	مفید
12	واقع
13	شوید
14	.

0	استراتژیست‌های
1	بزرگ
2	موفق
3	برای
4	مستدل
5	و
6	دقیق
7	بودن
8	استراتژی‌ها
9	و
10	برنامه
11	ریزی‌های
12	خود
13	باید
14	از
15	داده
16	کاوی
17	و
18	اطلاعات
19	به
20	دست
21	امده
22	از
23	ان
24	حداكثر
25	استفاده
26	را
27	ببرند
28	.

0	درواقع
1	برنامه‌ريزي
2	استراتژیک
3	بدون
4	استفاده
5	از
6	داده
7	کاوی
8	مثل
9	رانندگی
10	با
11	چشمان
12	بسته است
13	!

0	اگر
1	یک
2	استراتژیست
3	می‌خواهد
4	درزمينه
5	برنامه‌ريزي
6	کاربردی
7	و
8	اجرایی
9	موفق
10	باشد
11	باید
12	از
13	سلاح
14	داده
15	کاوی
16	استفاده
17	کند
18	.

0	داده
1	کای
2	چه
3	فایدهای
4	دارد
5	؟

0	شناخت
1	مشتریان
2	سودآور
3	:
4	می‌توانید
5	مشتریانی
6	که
7	بیشترین
8	سود
9	شما
10	از
11	آن‌ها
12	حاصل‌شده
13	را
14	شناسایی
15	کنید
16	و
17	برای
18	حفظ
19	وفاداری
20	مشتری
21	تلاش
22	کنید
23	.

0	بهينه‌سازي
1	سبد
2	محصول
3	:
4	شناخت
5	محصولات
6	پرفروش
7	،
8	محصولات
9	سودآور
10	محصولات
11	زیان
12	ده
13	از
14	دیگر
15	فواید
16	داده
17	کاوی
18	است
19	.

0	با
1	این
2	کار
3	می‌توانید
4	در
5	بهتر
6	کردن
7	سبد
8	محصول
9	خود
10	اقدام
11	کنید
12	.

0	شناخت
1	مشتریان
2	وفادار
3	و
4	قدیمی
5	:
6	می‌توانید
7	بفهمید
8	مشتریان
9	قدیمی
10	شما
11	چه
12	کسانی
13	هستند
14	و
15	با
16	چه
17	برنامه‌ای
18	خرید
19	می‌کنند
20	،
21	چه
22	کالایی
23	را
24	دوست
25	دارند
26	و
27	چه
28	کالایی
29	باعث
30	وفاداری
31	آن‌ها
32	شده است
33	.

0	بررسی
1	طول
2	عمر
3	مشتری
4	:
5	با
6	استفاده
7	از
8	داده
9	کاوی
10	می‌توانید
11	طول
12	عمر
13	مشتری
14	و
15	چرخه
16	ان
17	،
18	میزان
19	سود
20	حاصل
21	عایده
22	از
23	هر
24	مشتری
25	در
26	هر
27	مرحله
28	را
29	بررسی
30	کنید
31	.
