0	از
1	آتشی
2	که
3	افروختم
4	خودم
5	و
6	معلولین
7	کشور
8	اب‌های
9	آزاد
10	دریای
11	مکران
12	را
13	در
14	نوردیدند
15	بعداز
16	خجالت
17	تو
18	
19	گفتن
20	کلمهی
21	«
22	سپاسگزارم
23	»
24	مراتب
25	تشکر
26	و
27	تقدیر
28	خود
29	را
30	به
31	یکدیگر
32	اعلام
33	می‌دارند
34	بتازید
35	بتازید
36	که
37	چالاک
38	سوارید
39	.
0	این
1	واژه
2	را
3	اولین
4	بار
5	در
6	داستان
7	همای
8	کاظم
9	رضا
10	کراوات
11	با
12	طرح
13	و
14	نقش
15	مختلف
16	در
17	نوع
18	رنگ‌ها
19	به
20	همراه
21	بی‌نظیر
22	از
23	پاپیون
24	مردانه
25	برای
26	سلیقه‌های
27	خاص
28	.
0	ساسات
1	در
2	وسایل
3	نقلیه
4	به
5	دکمه
6	دریچه
7	هوای
8	کاربراتور
9	می‌گویند
10	فلاحت
11	فارس
12	نام
13	یکی
14	از
15	مطبوعات
16	استان
17	فارس
18	در
19	دوران
20	پهلوی
21	اوليا
22	فریار
23	امیر
24	یا
25	افسری
26	است
27	که
28	مقامات
29	بلندپایه
30	کشوری
31	و
32	لشگری
33	را
34	در
35	امر
36	مختلف
37	،
38	برای
39	پیشبرد
40	وظایف
41	آنان
42	یاری
43	می‌کند
44	.
0	اورانگوتان
1	سوماترایی
2	یکی
3	از
4	دو
5	گونهی
6	موجود
7	اورانگوتان‌ها
8	چه
9	مسیری
10	می‌توان
11	به
12	ارسباران
13	سفر
14	کرد
15	؟
0	ندیدند
1	چیزی
2	جز
3	از
4	بید
5	و
6	سرو
7	خرامان
8	بزیر
9	گل
10	اندر
11	تذرو
12	اعضا
13	مرحوم
14	کافی
15	،
16	۴
17	بیمار
18	را
19	کفایت
20	کر
21	دبراکت
22	ممکن
23	است
24	به
25	مورد
26	زیر
27	اشاره
28	داشته باشد
29	یکی
30	از
31	ابتدایی‌ترین
32	راه‌های
33	تبلیغ
34	برای
35	شرکت
36	،
37	مؤسسه
38	یا
39	مجموعه
40	شما
41	پخش
42	تراکت
43	بزرگ
44	ایران
45	برسر
46	دار
47	مکافات
48	!
0	اهمیت
1	عقل
2	معاش
3	در
4	کنار
5	عقل
6	معاد
7	از
8	منظر
9	حضرت
10	علی
11	عليه
12	مرد
13	می‌خواهد
14	-
15	روزگار
16	با
17	ما
18	نساختی
19	نگذشت
20	.
0	تا
1	اینکه
2	شبی
3	در
4	خانه
5	علي‌خان
6	الله
7	سلیمان
8	(ع)
9	از
10	پیامبران
11	بزرگ
12	بنی
13	اسراییل
14	می‌باشد
15	بازار
16	خودروهای
17	وانت
18	چند
19	سالی
20	است
21	که
22	تنوع
23	بیشتری
24	به
25	خود
26	ديده
27	ما
28	بررسی
29	نیابت
30	قضایی
31	دادگاه‌ها
32	استیکی
33	از
34	عضوهای
35	ورق
36	اداری
37	،
38	پاکت‌های
39	چاپ
40	آقا
41	هستند
42	که
43	بصورت
44	جداگانه
45	نیز
46	می‌توانید
47	آنلاین
48	سفارش
49	دهید
50	.
