0	ان
1	روز
2	مور
3	ِ
4	خ
5	۹۷
6	/
7	۷
8	/
9	۲۰
10	یا
11	به
12	عبارتی
13	۲۰
14	مهر
15	۹۷
16	حدود
17	ِ
18	ساعت
19	۹
20	:
21	۱۵
22	درك
23	ِ
24	لاس
25	مبحثی
26	بیان
27	شد
28	ك
29	ِ
30	ه
31	بیانگر
32	ابهامات
33	ب
34	ِ
35	سیاری
36	بود
37	.
0	ب
1	ِ
2	ه
3	طوری
4	که
5	هر
6	نفر
7	پاسخ
8	ِ
9	تی
10	داشت
11	و
12	هرکس
13	جداگانه
14	برای
15	خود
16	دانش‌اندوزي
17	می‌کرد
18	!
0	جواب
1	درست
2	۰
3	.
0	۸۹
1	بودولی
2	هر
3	كسي
4	ِ
5	ك
6	چیزی
7	برای
8	گفتن
9	داشت
10	!
0	مانند
1	۳
2	/
3	۴
4	،
5	.
0	۳۲
1	،
2	.
0	۴
1	و
2	…
3	نزدیک‌ترین
4	جواب
5	را
6	فاطمهی
7	دادهبود
8	،
9	۱
10	.
0	۱۲
1	!
0	همهمه
1	درگرفته
2	بودکه
3	در
4	نه
5	و
6	سی
7	دقیقه
8	،
9	معلم
10	ر
11	ِ
12	سید
13	؛
14	همان
15	ابتدا
16	پرسید
17	:
18	«
19	پاسخ
20	۱
21	.
0	۱۲
1	
2	ِ
3	ه
4	کسی
5	ب
6	ِ
7	دست
8	آورده
9	؟
0	اسمی
1	روی
2	برگ
3	ِ
4	هاش
5	نبود
6	!
0	«
1	همين‌كه
2	فاطمهی
3	فهمید
4	حق
5	با
6	او
7	بوده
8	!
0	دیگر
1	ساعت
2	۱۰
3	شده بود
4	.
0	همه
1	آرام
2	شدند
3	به‌شدت
4	شک‌ها
5	برطرف
6	شده
7	
8	برایشان
9	بسیار
10	تعجب
11	اور
12	هم
13	ِ
14	ه
15	باكنجكاوي
16	به
17	تخته
18	نگاه
19	می‌کردند
20	و
21	مشتاقانه
22	حرکت
23	ِ
24	گچ
25	روی
26	ِ
27	ان
28	را
29	دنبال
30	،
31	تا
32	راه‌حل
33	راب
34	ِ
35	بینند
36	که
37	ناگهان
38	در
39	ساعت
40	۱۰
41	:
42	۱۵
43	زنگ
44	خورد
45	که
46	همه
47	را
48	به
49	دلیل
50	این
51	یک
52	ربع
53	زودتر
54	زنگ
55	خوردن
56	تعجب‌زده
57	کرد
58	!
0	معلم
1	به
2	نماینده
3	گفت
4	ایمیل
5	(
6	email
7	)
8	همه
9	دانش‌آموز
10	ان
11	را
12	بگیرد
13	تا
14	پاسخ
15	را
16	به
17	ميل
18	کند
19	.
0	ایمیل‌های
1	جالبی
2	شنیده می‌شد
3	،
4	مثل
5	BeFunny  
6	yahoo
7	.
0	com
1	،
2	sara
3	_
4	happy
5	_
6	girl  
7	gmail
8	.
0	com
1	یا
2	lonely
3	.
0	girl  
1	gamil
2	.
0	com
1	و
2	…
3	که
4	تاحدودي
5	ازروي
6	این
7	قبیل
8	آدرس
9	ایمیل‌ها
10	می‌توان
11	به
12	حال
13	درونی
14	صاحب
15	email
16	پی
17	برد
18	.
19	.
0	الگو
1	ریتم‌های
2	مختلفی
3	وجود
4	دارد
5	برای
6	كلاس‌بندي
7	کردن
8	داده‌ها
9	(
10	data
11	)
12	؛
13	مانند
14	کی
15	.
0	ان
0	ان
1	،
2	اس
0	وی
1	.
0	ام
1	،
2	سی
0	ان
0	ان
1	و
2	غیره
3	،
4	که
5	برای
6	هر
7	کاربرد
8	باید
9	بررسی
10	کنیم
11	ببینیم
12	كداميك
13	برای
14	کارمان
15	دقت
16	(
17	accuracy
18	)
19	بالاتری
20	دارد
21	.
0	گاهی
1	بيش‌از
2	۰
3	.
0	۵
1	درصد
2	از
3	وقت‌های
4	روزمره
5	ما
6	صرف
7	ِ
8	اتفاقاتی
9	می‌شود
10	که
11	هنوز
12	رخ
13	نداد
14	ِ
15	ه‌اند
16	و
17	
18	ِ
19	ن
20	است
21	هيچوقت
22	هم
23	رخ
24	ندهند
25	!
26	!
0	
1	ِ
2	ل
3	مرور
4	ِ
5	اتفاقاتی
6	ك
7	ِ
8	ه
9	پیشامد
10	ِ
11	ه
12	
13	شده
14	!
15	!
0	که
1	این‌ها
2	شاید
3	حتی
4	ان
5	قدر
6	مهم
7	هم
8	نباشند
9	!
10	!
0	یعنی
1	اصلاً
2	مه
3	ِ
4	م
5	نباشند
6	!
0	مثل
1	ف
2	ِ
3	کر
4	کردن
5	به
6	اينكه
7	ف
8	ِ
9	لان
10	شخص
11	اگر
12	ما
13	ف
14	ِ
15	لان
16	کار
17	راك
18	ِ
19	ه
20	ب
21	ِ
22	ه
23	نظر
24	ِ‌مان
25	درست
26	است
27	را
28	انجام
29	دهیم
30	،
31	در
32	مور
33	دماچه
34	فکری
35	می‌کند
36	!
37	!
0	چ
1	ِ
2	ه
3	بسا
4	اصلاً
5	ف
6	ِ
7	لان
8	شخص
9	ب
10	ِ
11	ه
12	ذهنش
13	همچنين
14	ف
15	ِ
16	كري
17	!
0	یا
1	مثلاً
2	فکر
3	کردن
4	به
5	اینکه
6	اگر
7	فلان
8	چیز
9	گفت
10	ِ
11	ه
12	شود
13	ممکن
14	است
15	چ
16	ِ
17	ه
18	ا
19	ِ
20	يا
21	بقیه
22	چ
23	ِ
24	ه
25	بگویند
26	!
27	!
0	یا
1	مثلاً
2	من
3	که
4	فلان
5	کار
6	را
7	کردم
8	آیا
9	بهمان
10	شخص
11	ناراحت
12	شدهیانه
13	؟
0	گاهی
1	با
2	ي
3	ِ
4	كبار
5	پرسیدن
6	شخص
7	،
8	یا
9	باصحبت
10	کردن
11	با
12	ي
13	ِ
14	ك
15	فرد
16	كه
17	دوست
18	دارد
19	و
20	همچنین
21	از
22	دیدگاهمان
23	آگاه
24	و
25	فهمیده است
26	،
27	می‌توان
28	خ
29	ِ
30	یلی
31	از
32	آشفتگي
33	ِ
34	ف
35	ِ
36	کری
37	و
38	بسیاری
39	مورد
40	كهف
41	ِ
42	را
43	مشوش
44	می‌کند
45	رها
46	شد
47	؛
48	مسئله
49	را
50	می‌توان
51	حل
52	کرد
53	و
54	ب
55	ِ
56	ه
57	دنبال
58	ان
59	می‌توانیم
60	از
61	وقتمان
62	مفیدتر
63	استفاده
64	کنیم
65	و
66	شادتر
67	به
68	زیست
69	نخود
70	ا
71	ِ
72	دامه
73	دهیم
74	!
75	!
0	در
1	پارهای
2	از
3	مسئله
4	،
5	
6	ِ
7	ه
8	فعل‌های
9	مركب
10	.
0	باید
1	با
2	آن‌ها
3	چ
4	ِ
5	برخورد
6	کرد
7	؟
8	؟
0	فعل‌هایی
1	مانند
2	:
3	«
4	ن
5	ِ
6	گاه
7	کردن
8	،
9	ص
10	ِ
11	،
12	مشوش
13	شدن
14	و
15	…
16	»
17	.
0	در
1	۹
2	(
3	۱۳۹۷
4	.
0	۳
1	.
0	۹
1	)
2	،
3	در
4	و
5	ِ
6	بلاگی
7	نوشته
8	بودند
9	:
10	«
11	به
12	کلمهی
13	دوم
14	مرکب
15	»
16	همکرد
17	«
18	می‌گویند
19	.
0	مثلاً
1	«
2	کردن
3	»
4	در
5	«
6	کار
7	کردن
8	»
9	و
10	«
11	دادن
12	»
13	در
14	«
15	دستور
16	دادن
17	»
18	و
19	«
20	زدن
21	»
22	در
23	«
24	دست
25	زدن
26	»
27	و
28	«
29	نمودن
30	»
31	در
32	«
33	صاف
34	نمودن
35	»
36	اما
37	فعل‌های
38	مرکب
39	در
40	نامه‌های
41	رسمی
42	واداری
43	و
44	،
45	ظاهراً
46	ب
47	ِ
48	ه
49	دلیل
50	زياده‌روي
51	در
52	رسمی
53	نوشتن
54	و
55	تفاخر
56	ِ
57	ادبی
58	و
59	دراصل
60	به
61	دلیل
62	ضعف
63	نگارش
64	و
65	ناآشنائي
66	با
67	فعل‌ها
68	،
69	گاهی
70	ب
71	ِ
72	ه
73	شکلینا
74	جور
75	باهم
76	شوند
77	.
0	یعنی
1	آقا
2	یا
3	خانم
4	ِ
5	نگارندهی
6	نامه
7	یا
8	اعلان
9	یا
10	بیانیه
11	یا
12	هرچه
13	،
14	همکرد
15	یک
16	فعل
17	ِ
18	مرکب
19	را
20	برمی
21	دارد
22	و
23	می‌گذارد
24	ته
25	ِ
26	دیگری
27	و
28	واژهی
29	دیگر
30	ِ
31	ان
32	یکی
33	فعل
34	مرکب
35	را
36	برمی
37	دارد
38	و
39	می‌گذارد
40	سر
41	ِ
42	همکرد
43	ِ
44	دیگری
45	؛
46	یا
47	اصلاً
48	کل
49	فعل
50	مرکب
51	را
52	اشتباهی
53	به
54	جای
55	فعلی
56	دیگر
57	به
58	کار
59	می‌برد
60	«
61	.
0	معمولاً
1	سیستم
2	مشخصی
3	درننوشت
4	تاریخ
5	وجودند
6	ارد
7	!
0	مثلاً
1	همه
2	این
3	مثال‌ها
4	تاريخ
5	(
6	date
7	)
8	اشاره
9	می‌کنند
10	:
11	۹۷
12	.
0	۰۷
1	.
0	۲۰
1	،
2	۲۰
3	مهر
4	هفت
5	،
6	بیستم
7	مهرماه
8	۹۷
9	یا
10	بیستم
11	مهرماه
12	و
13	هفت
14	!
0	این
1	قبیل
2	فرمت‌ها
3	(
4	formats
5	)
6	در
7	پاره‌ای
8	از
9	متن‌ها
10	،
11	ارزيابي
12	می‌کنند
13	!
0	دراین‌صورت
1	کاری
2	که
3	ما
4	ب
5	ِ
6	ه
7	عنوان
8	ِ
9	ي
10	ِ
11	ك
12	فرد
13	ِ
14	
15	ِ
16	ص
17	باید
18	انجام
19	دهیم
20	،
21	این
22	تاریخ‌هاست
23	؛
24	در
25	هر
26	زمانکه
27	هرکدام
28	مورد
29	بیآید
30	ما
31	تشخیص
32	می‌دهیم
33	تاریخ
34	(
35	date
36	)
37	است
38	وان
39	راب
40	ِ
41	ه
42	يك‌شكل
43	در
44	،
45	مثلاً
46	همه
47	را
48	به
49	شکل
50	«
51	بیستم
52	مهرماه
53	هزار
54	و
55	»
56	یا
57	«
58	۹۷
59	/
60	۷
61	/
62	۲۰
63	»
64	.
0	دراين‌صورت
1	شاید
2	شاهد
3	کاه
4	ِ
5	ش
6	بيش‌از
7	.
0	۱
1	از
2	مشکلات
3	در
4	پردازش
5	!
6	!
7	!
0	از
1	ي
2	ِ
3	ك
4	ديدگاه
5	می‌گویند
6	برای
7	ترقی
8	،
9	پيشرفت
10	و
11	رشد
12	،
13	باید
14	دایماً
15	به
16	مکان‌های
17	ِ
18	جدید
19	رفت
20	وبا
21	فرد
22	جدید
23	آشنا
24	شد
25	؛
26	از
27	جهاتی
28	درست
29	است
30	،
31	مثلاً
32	فرض
33	کنید
34	شما
35	سال
36	
37	ِ
38	ه
39	باشید
40	وبا
41	تنها
42	کسانی
43	که
44	ارتباط
45	برقرار
46	می‌کنید
47	خانواده‌تان
48	باشد
49	!
50	!
51	!
0	در
1	تنها
2	طیف
3	اخلاقي
4	را
5	می‌بینید
6	،
7	درصورتي‌كه
8	شاید
9	اینها
10	کم‌تر
11	از
12	۰
13	.
0	۰۰۱
1	جامعه
2	باشند
3	!
4	!
0	با
1	منش‌های
2	
3	خوهای
4	متنوعی
5	آشنا
6	ن
7	ِ
8	می‌شود
9	ید
10	درنتيجه
11	شاید
12	ف
13	ِ
14	کر
15	کنید
16	همین
17	گونه
18	ك
19	ِ
20	ه
21	هستید
22	ايده
23	است
24	و
25	همه
26	است
27	!
28	!
0	ساعت
1	۸
2	:
3	۲۰
4	صبح
5	بود
6	؛
7	نغمهی
8	زیبای
9	ِ
10	موسیقی
11	اياز
12	پنجرهی
13	پشتي
14	.
0	برایم
1	مسئله
2	شده بود
3	ك
4	ِ
5	ه
6	ب
7	ِ
8	ه
9	این
10	زیبایی
11	و
12	دقت
13	،
14	چ
15	ِ
16	ه
17	کسی
18	سنتور
19	می‌نوازد
20	.
0	ساعت
1	نه
2	و
3	۵۰
4	دقیقه
5	شد
6	.
0	
1	ِ
2	نان
3	صدای
4	د
5	ِ
6	ل
7	نواز
8	ساز
9	.
0	ساعت
1	۱۰
2	و
3	پنجاه
4	و
5	پنج
6	دقیقه
7	شد
8	و
9	باز
10	همچنان
11	صدا
12	.
0	بسیار
1	مسلط
2	بود
3	.
0	دیگر
1	طاقت
2	صبر
3	کردن
4	نداشتم
5	!
6	!
0	
1	ِ
2	ه
3	دریا
4	زدم
5	و
6	رفتم
7	در
8	خان
9	ِ
10	ه‌شان
11	؛
12	در
13	باز
14	بود
15	.
0	خانم
1	ِ
2	میان‌سالی
3	بادامن
4	گلداری
5	ك
6	ِ
7	ه
8	رنگ
9	و
10	لعابش
11	هم
12	کمی
13	رفتهبود
14	،
15	و
16	چهرهی
17	كه
18	سر
19	لپ‌هایش
20	نیز
21	گل
22	انداخته بود
23	،
24	طوری
25	باذوق
26	و
27	هیجان
28	بر
29	سیم‌ها
30	می‌کوبید
31	،
32	که
33	انگار
34	بار
35	اولیست
36	که
37	آدم
38	چیزی
39	را
40	یاد
41	گ
42	ِ
43	ر
44	ِ
45	فته
46	و
47	می‌خواهد
48	باذوق
49	برای
50	عزیزی
51	ب
52	ِ
53	نوازد
54	؛
55	مثل
56	زماني‌كه
57	برای
58	بار
59	اول
60	خواندن
61	یا
62	گرفته بودم
63	و
64	باذوق
65	کتاب‌های
66	مختلف
67	را
68	برگ
69	می‌زدم
70	و
71	برای
72	پدر
73	مادرم
74	می‌خواندم
75	.
0	ب
1	ِ
2	ه
3	خودم
4	امدم
5	دیدم
6	ساعت
7	۱۲
8	و
9	۵۵
10	دقیقه
11	شد
12	ِ
13	ه
14	بود
15	و
16	من
17	
18	ِ
19	نان
20	آنجا
21	ایستاده بودم
22	.
23	.
0	یعنی
1	بيش‌از
2	.
0	۱۲
1	از
2	ي
3	ِ
4	كروز
5	ِ
6	خود
7	را
8	!
9	!
0	از
1	ديرباز
2	تاكنون
3	،
4	بازی‌های
5	زیادی
6	وجود
7	داشته
8	که
9	ي
10	ِ
11	کی
12	از
13	موردهای
14	جذاب
15	ِ
16	ان
17	،
18	بازی‌هایی
19	بوده
20	که
21	یک
22	متن
23	نوشته می‌شد
24	که
25	در
26	نگاه
27	اوّل
28	به
29	راحتی
30	قاب
31	ِ
32	ل
33	خواندن
34	نیست
35	؛
36	مثلاً
37	«
38	صدیقه
39	صدیقه
40	را
41	دوخت
42	علی
43	علی
44	علی
45	علی
46	علی
47	او
48	را
49	فروخت
50	!
51	!
0	«
1	که
2	می‌شود
3	»
4	صدیقه
5	صدیق
6	ِ
7	ه
8	را
9	دوخت
10	،
11	پنج
12	علی
13	او
14	را
15	فروخت
16	!
0	«
1	یا
2	مثلاً
3	»
4	درگه
5	كه
6	کهکه
7	که
8	که
9	شود
10	ناگه
11	،
12	به
13	امروزت
14	که
15	از
16	فردانهی
17	آگه
18	!
19	!
0	«
1	که
2	می‌شود
3	:
4	»
5	در
6	این
7	درگه
8	ك
9	ِ
10	ه
11	گه
12	گه
13	،
14	که
15	که
16	که
17	که
18	شود
19	ناگه
20	،
21	به
22	امروزت
23	ك
24	ِ
25	ه
26	از
27	فردان
28	ِ
29	هی
30	آگه
31	!
32	!
0	«
1	.
0	به
1	عنوان
2	ِ
3	مثال
4	«
5	در
6	لرستان
7	نه
8	نه
9	نره
10	لر
11	،
12	نره
13	لر
14	»
15	،
16	که
17	درست
18	ان
19	می‌شود
20	:
21	«
22	در
23	لرستان
24	نه
25	لرند
26	و
27	هر
28	لری
29	نه
30	نر
31	ِ
32	ه
33	لر
34	،
35	نر
36	ِ
37	ه
38	لر
39	چ
40	ِ
41	هنر
42	ِ
43	ه
44	لر
45	،
46	هر
47	نر
48	ِ
49	ه
50	لر
51	،
52	نه
53	نر
54	ِ
55	ه
56	لر
57	»
58	؛
59	در
60	این
61	نمونه‌ها
62	
63	ِ
64	ه
65	بر
66	اینکه
67	بيش‌از
68	.
0	۵
1	از
2	انسان‌ها
3	ا
4	ِ
5	
6	ِ
7	باه
8	می‌خوانند
9	،
10	برای
11	سیستم‌های
12	اصلاح
13	ِ
14	خودکار
15	،
16	در
17	حالت
18	ِ
19	عدم
20	ِ
21	رعایت
22	ِ
23	فاصله
24	و
25	نيم
26	ِ
27	له
28	،
29	کار
30	بسیار
31	دشوار
32	می‌شود
33	.
