0	عضو
1	سازمان
2	نظام
3	روانشناسی
4	خاطرنشان
5	کرد
6	:
7	از
8	مهرماه
9	سال
10	گذشته
11	ردصلاحيت
12	رییس
13	سازمان
14	روانشناسی
15	توسط
16	دفتر
17	رييس‌جمهور
18	انجام
19	گرفت
20	،
21	ولی
22	علی‌رغم
23	این
24	ردصلاحيت
25	همچنان
26	عباسعلی
27	اللهیاری
28	در
29	کافه
30	یا
31	تريا
32	سازمان
33	را
34	امضا
35	می‌کرد
36	.
0	پنج
1	شنبه‌ها
2	به‌زودي
3	.
0	دویست
1	و
2	هشتاد
3	و
4	نهمین
5	سمینار
6	ادواری
7	عصب
8	پژوهی
9	اجتماعی
10	به
11	مغز
12	پژوهی
13	رشک
14	و
15	حسد
16	اختصاص
17	دارد
18	.
0	سخنران
1	این
2	نشست
3	که
4	۲۶
5	مهر
6	برگزار
7	می‌شود
8	دکتر
9	آذرخش
10	مکری
11	است
12	.
0	در
1	این
2	سمینار
3	که
4	از
5	ساعت
6	هشت
7	و
8	نیم
9	صبح
10	تا
11	یازده
12	در
13	سالن
14	کنفرانس
15	بیمارستان
16	ایران‌مهر
17	برقرار
18	است
19	صاحب
20	نظران
21	و
22	علاقه‌مندان
23	به
24	موضوع
25	مغز
26	پژوهی
27	رشک
28	و
29	حسد
30	به
31	بحث
32	و
33	تبادل
34	نظر
35	می‌پردازند
36	.
0	ورود
1	برای
2	عموم
3	آزاد
4	است
5	و
6	درباره
7	موضوع
8	با
9	صاحب
10	نظران
11	بحث
12	و
13	گفت‌وگو
14	انجام
15	می‌شود
16	.
0	در
1	کالبدشکافی
2	سایت
3	iFixit
4	،
5	موفق
6	به
7	کشف
8	یک
9	نوار
10	آنتن
11	جدید
12	در
13	بخش
14	پایینی
15	گوشی
16	شدند
17	که
18	قاعدتاً
19	باید
20	منجر
21	به
22	بهبود
23	این
24	گوشی‌ها
25	شود
26	.
0	بعداز
1	تصویب
2	چهارمین
3	لایحه
4	در
5	چارچوب
6	لوایح
7	مرتبط
8	با
9	پول
10	شویی
11	و
12	مبارزه
13	با
14	تروریسم
15	موسوم
16	به
17	FATF
18	،
19	بساط
20	اتهام
21	زنی
22	درمورد
23	پشت‌پرده
24	رشد
25	قیمت
26	دلار
27	بالا
28	گرفته است
29	.
0	علایم
1	سیاسی
2	و
3	رسانه‌ای
4	از
5	بروز
6	یک
7	جنگ
8	ارزی
9	برسر
10	تأیید
11	نهایی
12	FATF
13	در
14	مرجع
15	قانونی
16	حکایت
17	دارد
18	.
0	به‌گزارش
1	همشهری
2	،
3	تریبون‌های
4	سیاسی
5	و
6	رسانه‌ای
7	برخی
8	گروه‌های
9	مخالف
10	دولت
11	،
12	به
13	محل
14	اتهام
15	زنی
16	علیه
17	دولت
18	درمورد
19	افزایش
20	قیمت
21	ارز
22	تبدیل
23	شده است
24	.
0	درطول
1	چند
2	روز
3	گذشته
4	به
5	ویژه
6	بعداز
7	تصویب
8	قانون
9	CFT
10	در
11	مجلس
12	،
13	برخی
14	رسانه‌ها
15	وارد
16	کارزار
17	سیگنال
18	دهی
19	به
20	قیمت
21	ارز
22	در
23	بازار
24	آزاد
25	شدهاند
26	.
0	آن‌ها
1	عامل
2	اصلی
3	افزایش
4	قیمت
5	دلار
6	را
7	دولت
8	و
9	تصویب
10	شدن
11	قانون
12	FATF
13	در
14	مجلس
15	می‌دانند
16	.
0	در
1	روزهای
2	اخیر
3	خبرگزاری
4	فارس
5	و
6	روزنامه
7	کیهان
8	با
9	تیترهایی
10	جهت‌دار
11	،
12	به
13	شکلی
14	آش‌کار
15	رشد
16	قیمت
17	دلار
18	را
19	به
20	دولت
21	و
22	تصویب
23	FATF
24	نسبت
25	دادهاند
26	.
0	شب
1	عید
2	نوروز
3	بود
4	و
5	موقع
6	ترفیع
7	رتبه
8	.
0	در
1	اداره
2	باهم
3	قطارها
4	قرارومدار
5	گذاشته بودیم
6	که
7	هرکس
8	اول
9	ترفیع
10	رتبه
11	یافت
12	،
13	به
14	عنوان
15	ولیمه
16	یک
17	مهمانی
18	دسته‌جمعي
19	کرده
20	،
21	کباب
22	غاز
23	صحیحی
24	بدهد
25	دوستان
26	نوش‌جان
27	نموده
28	به
29	عمر
30	و
31	عزتش
32	دعا
33	کنند
34	.
0	زد
1	و
2	ترفیع
3	رتبه
4	به
5	اسم
6	من
7	در
8	امد
9	.
0	فوراً
1	مهمانی
2	و
3	قرار
4	با
5	رفقا
6	را
7	با
8	عیالم
9	که
10	به
11	تازگی
12	باهم
13	عروسی
14	کرده بودیم
15	در
16	میان
17	گذاشتم
18	.
0	گفت
1	تو
2	شیرینی
3	عروسی
4	هم
5	به
6	دوستانت
7	ندادهای
8	و
9	باید
10	در
11	این
12	موقع
13	درست
14	جلوشان
15	در
16	ایی
17	.
0	ولی
1	چیزی
2	که
3	هست
4	چون
5	ظرف
6	و
7	کارد
8	و
9	چنگال
10	برای
11	دوازده
12	نفر
13	بیشتر
14	نداریم
15	یا
16	باید
17	باز
18	يكدست
19	دیگر
20	خرید
21	و
22	یا
23	باید
24	عدهی
25	مهمان
26	بیشتر
27	از
28	یازده
29	نفر
30	نباشد
31	که
32	با
33	خودت
34	بشود
35	دوازده
36	نفر
37	.
0	گفتم
1	خودت
2	بهتر
3	میدانی
4	که
5	در
6	این
7	شب
8	عیدی
9	مالیه
10	از
11	چه
12	قرار
13	است
14	و
15	بودجه
16	اجازهی
17	خریدن
18	خرت‌وپرت
19	تازه
20	نمی‌دهد
21	و
22	دوستان
23	هم
24	از
25	بیست
26	و
27	سه
28	چهار
29	نفر
30	کم‌تر
31	نمی‌شوند
32	.
0	گفت
1	یک
2	بر
3	نره
4	خر
5	گردن‌كلفت
6	را
7	که
8	نمی‌شود
9	وعده
10	گرفت
11	.
0	تنها
1	همان
2	رتبه‌های
3	بالا
4	را
5	وعده
6	بگیر
7	و
8	مابقی
9	را
10	نقداً
11	خط
12	بکش
13	و
14	بگذار
15	سماق
16	بمکند
17	.
0	گفتم
1	ای
2	بابا
3	،
4	خدا
5	را
6	خوش
7	نمیاید
8	.
0	این
1	بدبخت‌ها
2	سال
3	آزگار
4	یک
5	بار
6	برایشان
7	چنین
8	پایی
9	می‌افتد
10	و
11	شکم‌ها
12	را
13	مدتی
14	است
15	صابون
16	زدهاند
17	كه
18	بخورند
19	و
20	ساعت‌شماري
21	می‌کنند
22	.
0	اگر
1	از
2	زیرش
3	در
4	بروم
5	چشمم
6	را
7	در
8	خواهند آورد
9	و
10	حالاكه
11	خودمانیم
12	،
13	حق
14	هم
15	دارند
16	.
0	چطور
1	است
2	از
3	منزل
4	یکی
5	از
6	دوستان
7	و
8	يكدست
9	دیگر
10	ظرف
11	و
12	لوازم
13	عاریه
14	بگیریم
15	.
0	اینک
1	روز
2	دوم
3	عید
4	است
5	و
6	تدارک
7	پذیرایی
8	ازهرجهت
9	دیده شده است
10	.
0	بر
1	غاز
2	معهود
3	،
4	اش
5	جو
6	اعلا
7	و
8	کباب
9	برهی
10	ممتاز
11	و
12	دو
13	رنگ
14	پلو
15	و
16	چند
17	جور
18	خورش
19	باتمام
20	مخلفات
21	روبه‌راه
22	شده است
23	.
0	در
1	تختخواب
2	گرم‌ونرم
3	و
4	تازهای
5	که
6	از
7	جملهی
8	اسباب
9	جهاز
10	خانم
11	است
12	لم
13	داده
14	و
15	به
16	تفریح
17	تمام
18	مشغول
19	خواندن
20	حکایت‌های
21	بي‌نظير
22	صادق
23	هدایت
24	بودم
25	.
0	درست
1	کیفور
2	شده بودم
3	که
4	عیالم
5	وارد
6	شد
7	و
8	گفت
9	جوان
10	دیلاقی
11	مصطفی
12	نام
13	امده
14	می‌گوید
15	پسرعموی
16	تنی
17	تو
18	است
19	و
20	برای
21	عید
22	مبارکی
23	شرفیاب
24	شده است
25	.
0	مصطفی
1	پسرعموی
2	دختردایی
3	خالهی
4	مادرم
5	می‌شد
6	.
0	جوانی
1	به
2	سن
3	بیست
4	و
5	پنج
6	یا
7	بیست
8	و
9	شش
10	.
0	لات‌ولوت
1	و
2	اسمان
3	جل
4	و
5	بي‌دست‌وپا
6	و
7	پخمه
8	و
9	
10	و
11	تا
12	بخواهی
13	بدریخت
14	و
15	بدقواره
16	.
0	
1	می‌خواست
2	حرفی
3	بزند
4	،
5	رنگ
6	می‌گذاشت
7	و
8	رنگ
9	می‌برداشت
10	و
11	مثل
12	اینکه
13	دسته
14	هاون
15	برنجی
16	در
17	گلویش
18	گیر
19	کرده باشد
20	دهنش
21	باز
22	می‌ماند
23	و
24	به
25	خرخر
26	می‌افتاد
27	.
0	الحمدالله
1	سالی
2	يك‌مرتبه
3	بیشتر
4	از
5	زیارت
6	جمالش
7	مسرور
8	و
9	مشعوف
10	نمی‌شدم
11	.
0	به
1	زنم
2	گفتم
3	تو
4	را
5	به
6	خدا
7	بگو
8	فلانی
9	هنوز
10	از
11	خواب
12	بیدار
13	نشده
14	و
15	شر
16	این
17	غول
18	بی
19	شاخ
20	و
21	دم
22	را
23	ازسر
24	ما
25	بکن
26	و
27	بگذار
28	برود
29	لای
30	دست
31	بابای
32	علی‌ها
33	لر
34	حمهاش
35	.
0	گفت
1	به
2	من
3	دخلی
4	ندارد
5	!
0	مال
1	بد
2	بیخ
3	ریش
4	صاحبش
5	.
0	ماشاء‌الله
1	هفت
2	قران
3	به
4	میان
5	پسرعموی
6	دسته
7	دیزی
8	خودت
9	است
10	.
0	هست
1	به
2	سر
3	خودت
4	بزن
5	.
0	من
1	شرط
2	کردهام
3	با
4	قوم
5	و
6	تو
7	هیچ
8	سر
9	و
10	کاری
11	نداشته باشم
12	؛
13	با
14	چنین
15	لندهور
16	الدنگی
17	.
0	دیدم
1	چارهای
2	نیست
3	و
4	خدا
5	را
6	هم
7	خوش
8	نمیاید
9	این
10	بیچاره
11	که
12	لابد
13	ازراه
14	دورودراز
15	با
16	شکم
17	گرسنه
18	و
19	پای
20	برهنه
21	به
22	امید
23	چند
24	ریال
25	عیدی
26	امده
27	ناامید
28	کنم
29	.
0	پیش
1	خودم
2	گفتم
3	چنین
4	روز
5	مبارکی
6	صلهی
7	
8	نکنی
9	کی
10	خواهی کرد
11	؟
0	لذا
1	صدایش
2	کردم
3	،
4	سرش
5	را
6	خم
7	کرده
8	وارد
9	شد
10	.
0	دیدم
1	ماشاء‌الله
2	چشم
3	بد
4	دور
5	آقا
6	و
7	اتر
8	قیدهاند
9	.
0	قدش
1	درازتر
2	و
3	پک
4	و
5	پوزش
6	کریه‌تر
7	شده است
8	.
0	گردنش
1	مثل
2	گردن
3	همان
4	غاز
5	مادرمردهای
6	که
7	در
8	همان
9	ساعت
10	در
11	دیگ
12	مشغول
13	کباب
14	شدن
15	بود
16	سر
17	از
18	یقهی
19	چرکین
20	بیرون
21	دوانده بود
22	و
23	اگرچه
24	به
25	حساب
26	خودش
27	ریش
28	تراشیده بود
29	،
30	اما
31	پشم‌های
32	زرد
33	و
34	سرخ
35	و
36	خرمایی
37	به
38	بلندی
39	یک
40	انگشت
41	از
42	لا
43	بلای
44	یقهی
45	پیراهن
46	،
47	سر
48	به
49	درآورده
50	و
51	مثل
52	که
53	به
54	مارچوبهی
55	گندیده
56	افتاده باشند
57	درپيرامون
58	گردن
59	و
60	گلو
61	در
62	جنبش
63	و
64	اهتزاز
65	بودند
66	.
0	از
1	توصیف
2	لباسش
3	بهتر
4	است
5	،
6	ولی
7	همین‌قدر
8	می‌دانم
9	که
10	سر
11	زانوهای
12	شلوارش
13	_
14	که
15	از
16	بس
17	شسته شده بودند
18	به‌قدر
19	یک
20	وجب
21	خورد
22	رفته بود
23	چنان
24	باد
25	کرده بود
26	كه
27	تصور
28	کردم
29	دو
30	رأس
31	هندوانه
32	از
33	جایی
34	کش
35	رفته
36	و
37	در
38	آنجا
39	مخفی
40	کرده است
41	.
0	دیدم
1	زیاد
2	پرت
3	و
4	بلا
5	می‌گوید
6	؛
7	خواستم
8	نوکش
9	را
10	چیده
11	،
12	دمش
13	را
14	روی
15	کولش
16	بگذارم
17	و
18	به
19	امان
20	خدا
21	بسپارم
22	.
0	این
1	حرف
2	که
3	در
4	بادی
5	امر
6	زیاد
7	بی‌پا
8	و
9	بی‌معنی
10	به‌نظر
11	،
12	کم‌کم
13	وقتی
14	درست
15	ان
16	را
17	در
18	زاویه
19	و
20	خاطر
21	و
22	مخیله
23	نشخوار
24	کردم
25	،
26	معلوم
27	شد
28	ان
29	قدرها
30	هم
31	نامعقول
32	نیست
33	و
34	نباید
35	زیاد
36	سرسری
37	گرفت
38	.
0	هرچه
1	بیشتر
2	در
3	این
4	باب
5	دقیق
6	شدم
7	یک
8	نوع
9	امیدواری
10	در
11	خود
12	حس
13	نمودم
14	و
15	ستارهی
16	ضعیفی
17	در
18	شبستان
19	تیره
20	و
21	تار
22	درونم
23	درخشیدن
24	گرفت
25	.
0	رفته‌رفته
1	سردماغ
2	امدم
3	و
4	خندان
5	و
6	شادمان
7	روبه
8	مصطفی
9	نموده
10	گفتم
11	اولین
12	بار
13	است
14	که
15	از
16	تو
17	یک
18	کلمه
19	حرف
20	حسابی
21	می‌شنوم
22	ولي
23	این
24	گره
25	فقط
26	به
27	دست
28	خودت
29	گشوده خواهد شد
30	.
0	باید
1	خودت
2	مهارت
3	به
4	خرج
5	بدهی
6	که
7	احدی
8	از
9	مهمانان
10	درصدد
11	به
12	این
13	غاز
14	برنیاید
15	.
0	ان
1	روزبه
2	خاطرم
3	امد
4	که
5	دیروز
6	یکدست
7	از
8	بهترین
9	لباس‌های
10	نو
11	دوز
12	خود
13	را
14	با
15	کلیهی
16	متفرعات
17	به
18	انضمام
19	يعني
20	استادي
21	به
22	دست
23	چلاق‌شدهی
24	خودم
25	از
26	خانه
27	بیرون
28	انداختهام
29	.
0	ولی
1	چون‌كه
2	تیری
3	که
4	از
5	شست
6	رفته
7	باز
8	نمی‌گردد
9	،
10	یک‌بار
11	دیگر
12	به
13	کلام
14	بلندپایهی
15	«
16	از
17	ماست
18	که
19	بر
20	ماست
21	»
22	ايمان
23	و
24	پشت
25	دستم
26	را
27	داغ
28	کردم
29	که
30	تا
31	من
32	باشم
33	دیگر
34	پيرامون
35	نگردم
36	!
