
0	می‌اندیشم
1	که
2	به
3	لطایف
4	حیل
5	و
6	بدايع
7	گرد
8	این
9	غرض
10	درایم
11	و
12	به
13	هر
14	وجه
15	که
16	ممکن
17	گردد
18	بکوشم
19	تا
20	او
21	را
22	درنگردام
23	،
24	که
25	اهمال
26	و
27	تقصیر
28	را
29	در
30	مذهب
31	حمیت
32	رخصت
33	نبینم
34	و
35	اگر
36	غفلتی
37	روا
38	دارم
39	به
40	نزدیک
41	صاحب
42	مروت
43	معذور
44	نباشم
45	.

0	و
1	نیز
2	منزلتی
3	تو
4	نمی‌جویم
5	و
6	در
7	طلب
8	زیادتی
9	قدم
10	نمی‌گزارم
11	که
12	به
13	حرص
14	و
15	منسوب
16	شوم
17	.

0	و
1	شاید
2	بود
3	که
4	چون
5	صورت
6	حال
7	بشناخت
8	و
9	فضیحت
10	خود
11	بدید
12	به
13	
14	دراید
15	،
16	ساخته
17	و
18	بسیجیده
19	جنگ
20	،
21	یا
22	مستعد
23	و
24	روي
25	بگرداند
26	.

0	و
1	صاحب
2	حزم
3	گناه
4	ظاهر
5	را
6	عقوبت
7	مستور
8	و
9	جرم
10	مستور
11	را
12	عقوبت
13	ظاهر
14	جایز
15	نشمرند
16	.

0	و
1	بباید
2	شناخت
3	که
4	عقوبت
5	زود
6	نازل
7	گردد
8	،
9	و
10	سوگند
11	دروغ
12	قواعد
13	عمرو
14	زندگانی
15	زود
16	با
17	خلل
18	کند
19	،
20	و
21	زبان
22	نبوت
23	بدین
24	دقیقه
25	اشارت
26	کند
27	.

0	ان
1	کس
2	که
3	به
4	تواضع
5	و
6	تضرع
7	مقدمات
8	ازار
9	فرو
10	نتواند
11	گذاشت
12	و
13	در
14	عفو
15	و
16	تجاوز
17	پیش‌دستی
18	و
19	مبادرت
20	نتواند
21	نمود
22	از
23	پیرایه
24	نیکونامی
25	عاطل
26	گردد
27	و
28	در
29	پیش
30	مردان
31	ماند
32	.

0	مثل
1	خردمند
2	روشن
3	رأی
4	که
5	فرصت
6	مصالحت
7	دشمن
8	به
9	وقت
10	حاجت
11	فایت
12	نگرداند
13	و
14	پس‌از
15	حصول
16	غرض
17	از
18	مراعات
19	جانب
20	حزم
21	و
22	احتیاط
23	غافل
24	نباشد
25	.

0	!

0	موشی
1	با
2	ضعف
3	و
4	عجز
5	خویش
6	چون
7	افتات
8	بدو
9	محیط
10	گشت
11	و
12	دشمنان
13	غالب
14	گرد
15	او
16	در
17	امدند
18	دل
19	از
20	جای
21	نبرد
22	و
23	به
24	دقايق
25	یکی
26	را
27	از
28	ایشان
29	در
30	دام
31	موافقت
32	کشید
33	،
34	تا
35	بدان
36	وثیقت
37	و
38	وسیلت
39	محنت
40	از
41	وی
42	دور
43	گشت
44	،
45	و
46	از
47	عهده
48	عهد
49	دشمن
50	به
51	وقت
52	بیرون
53	امد
54	،
55	و
56	پس‌از
57	ادراک
58	نهمت
59	در
60	ذات
61	ابواب
62	به
63	جای
64	آورد
65	.

0	اگر
1	صاحب
2	خرد
3	و
4	کیاست
5	و
6	ذکاء
7	و
8	اين
9	تجربه
10	را
11	نمودار
12	عزایم
13	خویش
14	گردانند
15	و
16	در
17	تقدیم
18	مهمات
19	این
20	بشارت
21	را
22	امام
23	سازند
24	و
25	خواتم
26	کارهای
27	ایشان
28	به
29	مزيد
30	و
31	مقرون
32	باشد
33	و
34	سعادت
35	عاجل
36	و
37	اجل
38	به
39	روزگار
40	ایشان
41	متصل
42	گردد
43	،
44	والله
45	ولي
46	.

0	و
1	حال
2	آن‌که
3	ان
4	کودک
5	دیگر
6	مردی
7	شده است
8	یا
9	زنی
10	؛
11	و
12	زیباست
13	و
14	برومند
15	؛
16	و
17	لابد
18	شوهری
19	می‌خواهد
20	یا
21	زنی
22	؛
23	و
24	لابد
25	بچهای
26	خواهد داشت
27	اين‌جوري
28	بود
29	که
30	فریادم
31	از
32	درون
33	برخاست
34	که
35	مگر
36	دوام
37	خلقت
38	بر
39	زمینهی
40	لق
41	حسرت‌های
42	تو
43	است
44	احمق
45	؟

0	خیال
1	کردهای
2	!

0	و
1	اصلاً
2	ببینم
3	–
4	مگر
5	كداميك
6	از
7	بچه‌های
8	سرراهي
9	و
10	یتیم
11	خانهای
12	و
13	پرورشگاهی
14	به
15	دم
16	روح‌القدس
17	در
18	مشیمهی
19	مادرشان
20	قرار
21	گرفتهاند
22	؟

0	و
1	مگر
2	چه
3	فرقهی
4	هست
5	میان
6	یک
7	پسر
8	کاکل‌زری
9	فلان
10	شازده
11	با
12	بچهی
13	فلان
14	میراب
15	که
16	چون
17	برای
18	بخور
19	و
20	میر
21	خودش
22	درمانده بوده
23	فرزندش
24	را
25	سر
26	راه
27	گذاشته
28	؟

0	کارت
1	به
2	کارت
3	کردن
4	.

0	دراصل
1	به
2	معنا
3	انتقال
4	وجه
5	بین
6	کارت‌های
7	بانکی
8	عضو
9	شتاب
10	است
11	.

0	اما
1	در
2	اصطلاح
3	به
4	عنوان
5	رشوه
6	دادن
7	تلقی
8	می‌شود
9	.

0	داوری
1	بازی
2	فوتبال
3	دیدی
4	؟

0	اره
1	بابا
2	تابلو
3	بود
4	واسه
5	داوره
6	کارت
7	به
8	کارت
9	کردن
10	.

0	مايكروسافت
1	واسه
2	سایت
3	IGN
4	کارت
5	به
6	کارت
7	کرده
8	تا
9	امتیاز
10	بالایی
11	به
12	بازی
13	Halo
14	بده
15	.

0	مارال
1	:
2	بچه‌ها
3	امروز
4	تولد
5	،
6	داریم
7	.

0	حدیثه
1	:
2	اج
3	جون
4	،
5	!

0	مارال
1	:
2	علی
3	کجاست
4	؟

0	کک
1	به
2	انداخت
3	و
4	رفت
5	!

0	حدیثه
1	:
2	خيلي
3	!

0	الان
1	قلپ
2	دوم
3	!

0	مارال
1	:
2	تصویرسازیت
3	تو
4	حلقم
5	.

0	مرضا
1	کجاست
2	که
3	بیاد
4	این
5	اصطلاح
6	ِ
7	ادبی
8	ِ
9	چاله
10	رو
11	ثبت
12	کنه
13	تو
14	؟

0	(
1	سایت
2	فارسی
3	شهری
4	)
5	:
6	مرضا
7	ثبت
8	کنه
9	!

0	مرضا
1	:
2	ثبت
3	شد
4	!

0	منتظر
1	تأیید
2	فارسي
3	این
4	دو
5	تن
6	بر
7	فتند
8	با
9	بگفتند
10	که
11	به
12	چه
13	شغل
14	امده‌اند
15	،
16	که
17	بي‌مثال
18	ِ
19	وی
20	کسی
21	بر
22	قلعت
23	نتوانستی
24	شد
25	.

0	
1	کدخدای
2	خویش
3	را
4	با
5	ایشان
6	نامزد
7	کرد
8	و
9	بر
10	قلعت
11	رفتند
12	و
13	پیش
14	اميرمحمد
15	شدند
16	و
17	رسم
18	خدمت
19	را
20	بجای
21	او
22	ردند
23	،
24	امیر
25	گفت
26	:
27	خبر
28	برادرم
29	چیست
30	و
31	لشکرکی
32	خواهد رفت
33	نزدیک
34	وی
35	؟

0	گفتند
1	:
2	«
3	خبر
4	خداوند
5	سلطان
6	همه
7	خیر
8	است
9	،
10	و
11	در
12	این
13	دو
14	سه
15	روز
16	همه
17	لشکر
18	بروند
19	و
20	حاجب
21	بزرگ
22	براثر
23	ایشان
24	،
25	و
26	بندگان
27	بدین
28	امده‌اند
29	»
30	،
31	و
32	نامه
33	به
34	امیر
35	دادند
36	.

0	بر
1	خواند
2	و
3	لختی
4	تاریکی
5	در
6	وی
7	پیدا
8	امد
9	.

0	نبیه
1	گفت
2	«
3	زندگانی
4	امیر
5	دراز
6	باد
7	،
8	سلطان
9	که
10	برادر
11	است
12	حق
13	امیر
14	را
15	نگاه
16	دارد
17	و
18	مهربانی
19	نماید
20	.

0	دل
1	بد
2	نباید
3	کرد
4	و
5	
6	خدای
7	عزوجل
8	رضا
9	باید
10	داد
11	و
12	از
13	این
14	باب
15	بسیار
16	سخن
17	نیکو
18	گفت
19	،
20	و
21	ان
22	بود
23	که
24	بودنی
25	بوده است
26	.

0	الغرض
1	،
2	تاتو
3	در
4	این
5	دهکدهی
6	کوچک
7	ِ
8	رایانه‌ای
9	ازبهر
10	دل
11	ملت
12	بیداردل
13	خویش
14	،
15	به
16	افشاگری
17	و
18	شوخی
19	و
20	طنازی
21	و
22	هم
23	دادن
24	آگاهی
25	ازسر
26	مگو
27	دست
28	گشودی
29	،
30	همگان
31	را
32	به
33	سخن‌های
34	پر
35	از
36	شهد
37	و
38	شکر
39	راغب
40	و
41	مشتاق
42	نمودی
43	و
44	به
45	نیش
46	قلمت
47	گردوغبار
48	از
49	رخ
50	هر
51	ناکس
52	بي‌مغز
53	و
54	خرد
55	پاک
56	زدودی
57	و
58	هم
59	از
60	باطن
61	بی
62	مایهی
63	ارباب
64	زر
65	و
66	زور
67	و
68	ریا
69	پرده
70	گشودی
71	.
