0	تیم‌ایران	_	_	_	_
1	با	_	_	_	_
2	پنج‌سانداکا‌رمرد	_	_	_	_
3	و	_	_	_	_
4	سه	_	_	_	_
5	زن	_	_	_	_
6	در	_	_	_	_
7	جام	_	_	_	_
8	جهانی	_	_	_	_
9	حضوریافته	_	_	_	_
10	است	_	_	_	_
11	.	_	_	_	_

0	در	_	_	_	_
1	رقابت‌های	_	_	_	_
2	نوبت	_	_	_	_
3	صبح‌یکشنبه	_	_	_	_
4	«	_	_	_	_
5	الهه	_	_	_	_
6	منصوریان	_	_	_	_
7	»	_	_	_	_
8	،	_	_	_	_
9	«	_	_	_	_
10	فریناز‌نذیری	_	_	_	_
11	»	_	_	_	_
12	،	_	_	_	_
13	«	_	_	_	_
14	محسن	_	_	_	_
15	محمدسیفی	_	_	_	_
16	»	_	_	_	_
17	و	_	_	_	_
18	«	_	_	_	_
19	میلادعارفی‌مقام	_	_	_	_
20	»	_	_	_	_
21	با	_	_	_	_
22	برتر‌ی	_	_	_	_
23	برابر	_	_	_	_
24	حریفان	_	_	_	_
25	به	_	_	_	_
26	مدال‌طلا	_	_	_	_
27	دست	_	_	_	_
28	یافتند	_	_	_	_
29	تا	_	_	_	_
30	تعداد	_	_	_	_
31	نشان‌های	_	_	_	_
32	زرین‌تیم	_	_	_	_
33	کشورمان	_	_	_	_
34	به	_	_	_	_
35	عدد	_	_	_	_
36	۵	_	_	_	_
37	برسد	_	_	_	_
38	.	_	_	_	_

0	روز	_	_	_	_
1	اول	_	_	_	_
2	نیز	_	_	_	_
3	«	_	_	_	_
4	شهر	_	_	_	_
5	بانو	_	_	_	_
6	منصوریان	_	_	_	_
7	»	_	_	_	_
8	به	_	_	_	_
9	نشان	_	_	_	_
10	طلای	_	_	_	_
11	وزن	_	_	_	_
12	۶۵	_	_	_	_
13	کیلو	_	_	_	_
14	گرم	_	_	_	_
15	رسیده‌	_	_	_	_
16	بود	_	_	_	_
17	.	_	_	_	_

0	لازم	_	_	_	_
1	به	_	_	_	_
2	ذکر	_	_	_	_
3	است	_	_	_	_
4	که	_	_	_	_
5	عصر	_	_	_	_
6	یکشنبه	_	_	_	_
7	«	_	_	_	_
8	یوسف	_	_	_	_
9	صبری	_	_	_	_
10	»	_	_	_	_
11	و	_	_	_	_
12	«	_	_	_	_
13	معین	_	_	_	_
14	تقوی	_	_	_	_
15	»	_	_	_	_
16	هم	_	_	_	_
17	برای	_	_	_	_
18	کسب	_	_	_	_
19	مدال	_	_	_	_
20	طلا	_	_	_	_
21	به	_	_	_	_
22	مصاف	_	_	_	_
23	حریفان	_	_	_	_
24	می‌روند	_	_	_	_
25	.	_	_	_	_

0	تیم	_	_	_	_
1	صدرشیمی	_	_	_	_
2	با	_	_	_	_
3	غلبه	_	_	_	_
4	بر	_	_	_	_
5	همشهری	_	_	_	_
6	مقتدر	_	_	_	_
7	خود	_	_	_	_
8	عنوان	_	_	_	_
9	قهرمانی	_	_	_	_
10	مسابقات	_	_	_	_
11	کشوری	_	_	_	_
12	را	_	_	_	_
13	از	_	_	_	_
14	آن	_	_	_	_
15	خود	_	_	_	_
16	کرد	_	_	_	_
17	.	_	_	_	_

0	در	_	_	_	_
1	دیدار	_	_	_	_
2	فینال‌تیم	_	_	_	_
3	صدر	_	_	_	_
4	شیمی	_	_	_	_
5	یزد	_	_	_	_
6	موفق	_	_	_	_
7	شد	_	_	_	_
8	با	_	_	_	_
9	نتیجه	_	_	_	_
10	۲	_	_	_	_
11	بر	_	_	_	_
12	۱	_	_	_	_
13	تیم	_	_	_	_
14	گلسا	_	_	_	_
15	پوش	_	_	_	_
16	یزد	_	_	_	_
17	را	_	_	_	_
18	که	_	_	_	_
19	از	_	_	_	_
20	بازیکنان	_	_	_	_
21	ملی‌	_	_	_	_
22	پوش	_	_	_	_
23	سود	_	_	_	_
24	می‌برد	_	_	_	_
25	شکست‌داده	_	_	_	_
26	و	_	_	_	_
27	به	_	_	_	_
28	مقام‌قهرمانی	_	_	_	_
29	دست	_	_	_	_
30	یابد	_	_	_	_
31	.	_	_	_	_

0	در	_	_	_	_
1	دیدار	_	_	_	_
2	رده‌بندی	_	_	_	_
3	نیز	_	_	_	_
4	تیم	_	_	_	_
5	پر‌سپولیس	_	_	_	_
6	مرد	_	_	_	_
7	آباد	_	_	_	_
8	با	_	_	_	_
9	شکست	_	_	_	_
10	تیم	_	_	_	_
11	هیات	_	_	_	_
12	روستایی	_	_	_	_
13	خراسان	_	_	_	_
14	شمالی	_	_	_	_
15	مقام	_	_	_	_
16	سوم	_	_	_	_
17	این	_	_	_	_
18	مسابقات	_	_	_	_
19	را	_	_	_	_
20	از	_	_	_	_
21	آن	_	_	_	_
22	خود	_	_	_	_
23	کردبه	_	_	_	_
24	گزارش	_	_	_	_
25	خبرگزاری	_	_	_	_
26	فارس	_	_	_	_
27	،	_	_	_	_
28	سردار	_	_	_	_
29	غلامرضا	_	_	_	_
30	جلالی	_	_	_	_
31	رئیس	_	_	_	_
32	سازمان	_	_	_	_
33	پدافند	_	_	_	_
34	غیر	_	_	_	_
35	عامل	_	_	_	_
36	طی‌نشست	_	_	_	_
37	خبری	_	_	_	_
38	که	_	_	_	_
39	به	_	_	_	_
40	مناسبت	_	_	_	_
41	۸	_	_	_	_
42	آبان	_	_	_	_
43	سال	_	_	_	_
44	روز	_	_	_	_
45	تشکیل	_	_	_	_
46	این	_	_	_	_
47	سازمان	_	_	_	_
48	برگزار	_	_	_	_
49	شد	_	_	_	_
50	،	_	_	_	_
51	ماموریت	_	_	_	_
52	اول	_	_	_	_
53	سازمان	_	_	_	_
54	پدافند	_	_	_	_
55	غیرعامل	_	_	_	_
56	را	_	_	_	_
57	دیده‌بانی	_	_	_	_
58	نسبت	_	_	_	_
59	به	_	_	_	_
60	تهدیدات	_	_	_	_
61	،	_	_	_	_
62	تشخیص‌تهدیدات	_	_	_	_
63	و	_	_	_	_
64	هشدار	_	_	_	_
65	در	_	_	_	_
66	حوزه‌های	_	_	_	_
67	مختلف	_	_	_	_
68	دانست	_	_	_	_
69	و	_	_	_	_
70	اظهار	_	_	_	_
71	داشت	_	_	_	_
72	:	_	_	_	_
73	دومین‌ماموریت	_	_	_	_
74	این	_	_	_	_
75	سازمان	_	_	_	_
76	،	_	_	_	_
77	کاهش	_	_	_	_
78	آسیب‌پذیری	_	_	_	_
79	کل	_	_	_	_
80	زیر	_	_	_	_
81	ساخت‌های‌کشور	_	_	_	_
82	و	_	_	_	_
83	شهرها	_	_	_	_
84	دربرابر	_	_	_	_
85	تهدیدات	_	_	_	_
86	امنیتی	_	_	_	_
87	است	_	_	_	_
88	که	_	_	_	_
89	به	_	_	_	_
90	صورت	_	_	_	_
91	مداوم	_	_	_	_
92	و	_	_	_	_
93	متغیر	_	_	_	_
94	دنبال	_	_	_	_
95	می‌شود	_	_	_	_
96	و	_	_	_	_
97	ماموریت	_	_	_	_
98	سوم	_	_	_	_
99	نیز	_	_	_	_
100	مصون‌	_	_	_	_
101	سازی	_	_	_	_
102	زیر	_	_	_	_
103	ساخت‌های	_	_	_	_
104	کل	_	_	_	_
105	کشور	_	_	_	_
106	است	_	_	_	_
107	.	_	_	_	_

0	وی	_	_	_	_
1	خاطرنشان	_	_	_	_
2	کرد	_	_	_	_
3	:	_	_	_	_
4	در	_	_	_	_
5	مورد‌حضور	_	_	_	_
6	پدافند	_	_	_	_
7	غیر	_	_	_	_
8	عامل	_	_	_	_
9	در	_	_	_	_
10	شورای‌عالی	_	_	_	_
11	فضای	_	_	_	_
12	مجازی	_	_	_	_
13	و	_	_	_	_
14	گردشگری	_	_	_	_
15	با	_	_	_	_
16	رهبری	_	_	_	_
17	نامه	_	_	_	_
18	نگاری	_	_	_	_
19	شده	_	_	_	_
20	که	_	_	_	_
21	مورد	_	_	_	_
22	موافقت	_	_	_	_
23	قرار	_	_	_	_
24	گرفته_است	_	_	_	_
25	.	_	_	_	_

0	جلالی	_	_	_	_
1	با	_	_	_	_
2	بیان	_	_	_	_
3	اینکه	_	_	_	_
4	۶۰	_	_	_	_
5	محصول	_	_	_	_
6	استراتژیک	_	_	_	_
7	پدافند‌	_	_	_	_
8	سایبری	_	_	_	_
9	بومی	_	_	_	_
10	کشور	_	_	_	_
11	را	_	_	_	_
12	ارائه	_	_	_	_
13	خواهیم_داد	_	_	_	_
14	،	_	_	_	_
15	گفت	_	_	_	_
16	:	_	_	_	_
17	۵	_	_	_	_
18	محصول	_	_	_	_
19	اسکادای	_	_	_	_
20	بومی	_	_	_	_
21	نیز	_	_	_	_
22	که	_	_	_	_
23	برای	_	_	_	_
24	کنترل	_	_	_	_
25	و	_	_	_	_
26	دیسپاچینگ	_	_	_	_
27	بکارمی	_	_	_	_
28	رود	_	_	_	_
29	،	_	_	_	_
30	توسط	_	_	_	_
31	متخصصان‌داخلی	_	_	_	_
32	ساخته_شده_است	_	_	_	_
33	.	_	_	_	_

0	یک	_	_	_	_
1	بازدیدکننده	_	_	_	_
2	در	_	_	_	_
3	روز	_	_	_	_
4	افتتاح	_	_	_	_
5	«	_	_	_	_
6	کتابخانه	_	_	_	_
7	حلزونی	_	_	_	_
8	»	_	_	_	_
9	در	_	_	_	_
10	شهر	_	_	_	_
11	هانگ‌ژو	_	_	_	_
12	در	_	_	_	_
13	استان	_	_	_	_
14	ژجیانگ	_	_	_	_
15	در	_	_	_	_
16	چین	_	_	_	_
17	سلفی‌می‌گیرد	_	_	_	_
18	.	_	_	_	_

0	این	_	_	_	_
1	کتاب	_	_	_	_
2	خانه	_	_	_	_
3	با	_	_	_	_
4	هدف	_	_	_	_
5	ارائه	_	_	_	_
6	منابع‌آنلاین	_	_	_	_
7	در	_	_	_	_
8	کنار	_	_	_	_
9	کتابخانه	_	_	_	_
10	و	_	_	_	_
11	منابع	_	_	_	_
12	سنتی	_	_	_	_
13	ایجاد	_	_	_	_
14	شده_است	_	_	_	_
15	.	_	_	_	_

0	کوچک‌	_	_	_	_
1	پا	_	_	_	_
2	،	_	_	_	_
3	داستان	_	_	_	_
4	یک	_	_	_	_
5	«	_	_	_	_
6	یتى	_	_	_	_
7	»	_	_	_	_
8	(	_	_	_	_
9	مرد‌برفى	_	_	_	_
10	)	_	_	_	_
11	دانشمند	_	_	_	_
12	است	_	_	_	_
13	که	_	_	_	_
14	متقاعد	_	_	_	_
15	شده	_	_	_	_
16	موجودات	_	_	_	_
17	نادرى	_	_	_	_
18	که	_	_	_	_
19	با	_	_	_	_
20	نام	_	_	_	_
21	«	_	_	_	_
22	کوچک‌پا	_	_	_	_
23	»	_	_	_	_
24	ها	_	_	_	_
25	(	_	_	_	_
26	انسان‌ها	_	_	_	_
27	»	_	_	_	_
28	،	_	_	_	_
29	واقعا	_	_	_	_
30	وجود	_	_	_	_
31	دارند	_	_	_	_
32	!	_	_	_	_

0	اکران‌جهانى	_	_	_	_
1	این	_	_	_	_
2	انیمیشن	_	_	_	_
3	جذاب	_	_	_	_
4	،	_	_	_	_
5	از	_	_	_	_
6	ششم‌مهر	_	_	_	_
7	آغاز	_	_	_	_
8	شده	_	_	_	_
9	و	_	_	_	_
10	احتمالا	_	_	_	_
11	تا	_	_	_	_
12	مدتى	_	_	_	_
13	دیگر	_	_	_	_
14	نسخه‌ى	_	_	_	_
15	دوبله‌ى	_	_	_	_
16	آن	_	_	_	_
17	به	_	_	_	_
18	سینماها	_	_	_	_
19	و	_	_	_	_
20	شبکه‌ى‌نمایش	_	_	_	_
21	خانگى	_	_	_	_
22	ما	_	_	_	_
23	هم	_	_	_	_
24	مى‌رسد	_	_	_	_
25	.	_	_	_	_

0	به	_	_	_	_
1	همین	_	_	_	_
2	مناسبت	_	_	_	_
3	ترجمه‌ى	_	_	_	_
4	گفت‌	_	_	_	_
5	وگویى	_	_	_	_
6	را	_	_	_	_
7	با	_	_	_	_
8	این	_	_	_	_
9	کارگردان	_	_	_	_
10	براى	_	_	_	_
11	شما	_	_	_	_
12	انتخاب	_	_	_	_
13	کرده‌ایم	_	_	_	_
14	تا	_	_	_	_
15	بیش‌تر	_	_	_	_
16	با	_	_	_	_
17	حال	_	_	_	_
18	و	_	_	_	_
19	هواى	_	_	_	_
20	این	_	_	_	_
21	داستان	_	_	_	_
22	متفاوت	_	_	_	_
23	و	_	_	_	_
24	عجیب	_	_	_	_
25	از	_	_	_	_
26	زندگى	_	_	_	_
27	یتى‌ها	_	_	_	_
28	آشناشویم	_	_	_	_
29	.	_	_	_	_

0	زمانى	_	_	_	_
1	که	_	_	_	_
2	بحث	_	_	_	_
3	هم‌کارى	_	_	_	_
4	با	_	_	_	_
5	پروژه‌ى	_	_	_	_
6	کوچک‌پا	_	_	_	_
7	را	_	_	_	_
8	به	_	_	_	_
9	من	_	_	_	_
10	پیشنهاد	_	_	_	_
11	دادند	_	_	_	_
12	،	_	_	_	_
13	با	_	_	_	_
14	«	_	_	_	_
15	برگزیت	_	_	_	_
16	»	_	_	_	_
17	(	_	_	_	_
18	خروج	_	_	_	_
19	انگلیس	_	_	_	_
20	از	_	_	_	_
21	اتحادیه‌ى‌اروپا	_	_	_	_
22	)	_	_	_	_
23	هم‌	_	_	_	_
24	زمان	_	_	_	_
25	بود	_	_	_	_
26	.	_	_	_	_

0	انتخابات	_	_	_	_
1	برگزار	_	_	_	_
2	شد	_	_	_	_
3	.	_	_	_	_

0	در	_	_	_	_
1	جهان	_	_	_	_
2	موج	_	_	_	_
3	مهاجرت	_	_	_	_
4	آغاز	_	_	_	_
5	شده_بود	_	_	_	_
6	.	_	_	_	_

0	گروهى	_	_	_	_
1	از	_	_	_	_
2	مردم	_	_	_	_
3	روز	_	_	_	_
4	به	_	_	_	_
5	روز	_	_	_	_
6	به	_	_	_	_
7	سمت	_	_	_	_
8	قوم‌	_	_	_	_
9	گرایى	_	_	_	_
10	و	_	_	_	_
11	انزوا	_	_	_	_
12	طلبى	_	_	_	_
13	گرایش	_	_	_	_
14	پیدا	_	_	_	_
15	مى‌کردند	_	_	_	_
16	و	_	_	_	_
17	مذاکرات	_	_	_	_
18	زیادى	_	_	_	_
19	براى	_	_	_	_
20	تقویت	_	_	_	_
21	مرزبندى	_	_	_	_
22	بین	_	_	_	_
23	کشورها	_	_	_	_
24	،	_	_	_	_
25	مثل	_	_	_	_
26	دیوارکشى	_	_	_	_
27	بین	_	_	_	_
28	مکزیک	_	_	_	_
29	و	_	_	_	_
30	آمریکا	_	_	_	_
31	در	_	_	_	_
32	جریان	_	_	_	_
33	بود	_	_	_	_
34	.	_	_	_	_

0	نه	_	_	_	_
1	،	_	_	_	_
2	انیمیشن‌ها	_	_	_	_
3	عموما	_	_	_	_
4	در	_	_	_	_
5	طول	_	_	_	_
6	پروسه‌ى	_	_	_	_
7	تولید	_	_	_	_
8	،	_	_	_	_
9	دست‌خوش	_	_	_	_
10	تغییرات	_	_	_	_
11	زیادى	_	_	_	_
12	مى‌شوند	_	_	_	_
13	.	_	_	_	_

0	درباره‌ى	_	_	_	_
1	این	_	_	_	_
2	فیلم	_	_	_	_
3	هم	_	_	_	_
4	،	_	_	_	_
5	آمدن	_	_	_	_
6	من	_	_	_	_
7	هم‌زمان	_	_	_	_
8	شد	_	_	_	_
9	با	_	_	_	_
10	تغییر	_	_	_	_
11	مدیریت	_	_	_	_
12	در	_	_	_	_
13	بخش	_	_	_	_
14	انیمیشن	_	_	_	_
15	استودیوى	_	_	_	_
16	«	_	_	_	_
17	برادران	_	_	_	_
18	وارنر	_	_	_	_
19	»	_	_	_	_
20	.	_	_	_	_

0	آن‌ها	_	_	_	_
1	کار	_	_	_	_
2	موزیکالى	_	_	_	_
3	را	_	_	_	_
4	از	_	_	_	_
5	من	_	_	_	_
6	در	_	_	_	_
7	«	_	_	_	_
8	برادوی	_	_	_	_
9	»	_	_	_	_
10	دیده_بودند	_	_	_	_
11	و	_	_	_	_
12	خواستند	_	_	_	_
13	که	_	_	_	_
14	کوچک‌پا	_	_	_	_
15	هم	_	_	_	_
16	موزیکال	_	_	_	_
17	شود	_	_	_	_
18	.	_	_	_	_

0	شاید	_	_	_	_
1	سخت	_	_	_	_
2	باشد	_	_	_	_
3	که	_	_	_	_
4	بپذیریم	_	_	_	_
5	استودیوى	_	_	_	_
6	وارنر	_	_	_	_
7	هم	_	_	_	_
8	مى‌تواند	_	_	_	_
9	به‌خوبى	_	_	_	_
10	استودیوهاى	_	_	_	_
11	«	_	_	_	_
12	دیزنی	_	_	_	_
13	»	_	_	_	_
14	،	_	_	_	_
15	«	_	_	_	_
16	پیکسار	_	_	_	_
17	»	_	_	_	_
18	یا	_	_	_	_
19	«	_	_	_	_
20	دریم‌ورکز	_	_	_	_
21	»	_	_	_	_
22	،	_	_	_	_
23	موزیکالى	_	_	_	_
24	موفق	_	_	_	_
25	بسازد	_	_	_	_
26	.	_	_	_	_

0	اما	_	_	_	_
1	با	_	_	_	_
2	تمام	_	_	_	_
3	احترامى	_	_	_	_
4	که	_	_	_	_
5	براى	_	_	_	_
6	کمپانى‌هاى	_	_	_	_
7	دیگر	_	_	_	_
8	قائلم	_	_	_	_
9	باید	_	_	_	_
10	بگویم	_	_	_	_
11	،	_	_	_	_
12	بخش	_	_	_	_
13	بزرگى	_	_	_	_
14	از	_	_	_	_
15	دنیاى	_	_	_	_
16	کودکى	_	_	_	_
17	و	_	_	_	_
18	نوجوانى	_	_	_	_
19	ما	_	_	_	_
20	با	_	_	_	_
21	«	_	_	_	_
22	باگز‌بانى	_	_	_	_
23	»	_	_	_	_
24	،	_	_	_	_
25	«	_	_	_	_
26	دافى‌داک	_	_	_	_
27	»	_	_	_	_
28	و	_	_	_	_
29	«	_	_	_	_
30	چاک‌جونز	_	_	_	_
31	»	_	_	_	_
32	سپرى	_	_	_	_
33	شده	_	_	_	_
34	و	_	_	_	_
35	استودیوى	_	_	_	_
36	وارنر	_	_	_	_
37	خیلى	_	_	_	_
38	پیش‌تر	_	_	_	_
39	از	_	_	_	_
40	این	_	_	_	_
41	،	_	_	_	_
42	قدرتش	_	_	_	_
43	را	_	_	_	_
44	در	_	_	_	_
45	تولید	_	_	_	_
46	انیمیشن‌هاى	_	_	_	_
47	به‌یاد	_	_	_	_
48	ماندنى	_	_	_	_
49	نشان	_	_	_	_
50	داده_است	_	_	_	_
51	.	_	_	_	_

0	این	_	_	_	_
1	را	_	_	_	_
2	به‌خلاقیت	_	_	_	_
3	تدوین‌	_	_	_	_
4	گرمان	_	_	_	_
5	،	_	_	_	_
6	یعنى	_	_	_	_
7	«	_	_	_	_
8	پیتر	_	_	_	_
9	اتینگر	_	_	_	_
10	»	_	_	_	_
11	مدیونیم	_	_	_	_
12	.	_	_	_	_

0	او	_	_	_	_
1	کلمه‌هایى	_	_	_	_
2	را	_	_	_	_
3	تصادفى	_	_	_	_
4	اتنخاب	_	_	_	_
5	مى‌کرد	_	_	_	_
6	و	_	_	_	_
7	گام‌هاى	_	_	_	_
8	آن	_	_	_	_
9	را	_	_	_	_
10	تغییر	_	_	_	_
11	مى‌داد	_	_	_	_
12	.	_	_	_	_

0	او	_	_	_	_
1	به	_	_	_	_
2	فرمولى	_	_	_	_
3	رسید	_	_	_	_
4	و	_	_	_	_
5	آن	_	_	_	_
6	را	_	_	_	_
7	در	_	_	_	_
8	تمام‌انیمیشن	_	_	_	_
9	،	_	_	_	_
10	به‌کار	_	_	_	_
11	برد	_	_	_	_
12	.	_	_	_	_

0	وقتى	_	_	_	_
1	براى	_	_	_	_
2	اولین‌بار	_	_	_	_
3	آن‌ها	_	_	_	_
4	را	_	_	_	_
5	شنیدیم	_	_	_	_
6	همه	_	_	_	_
7	به	_	_	_	_
8	خنده	_	_	_	_
9	افتادیم	_	_	_	_
10	.	_	_	_	_

0	به	_	_	_	_
1	نظرم	_	_	_	_
2	بامزه‌ترین	_	_	_	_
3	دیالوگ	_	_	_	_
4	آن‌جاست	_	_	_	_
5	که	_	_	_	_
6	شخصیت	_	_	_	_
7	«	_	_	_	_
8	پرسى	_	_	_	_
9	»	_	_	_	_
10	مى‌	_	_	_	_
11	گوید	_	_	_	_
12	:	_	_	_	_
13	«	_	_	_	_
14	بگیر-تو-دا-	_	_	_	_
15	بی-لا-	_	_	_	_
16	بو	_	_	_	_
17	!	_	_	_	_
18	»	_	_	_	_
19	با	_	_	_	_
20	شما	_	_	_	_
21	موافقم	_	_	_	_
22	و	_	_	_	_
23	به	_	_	_	_
24	این	_	_	_	_
25	فهرست	_	_	_	_
26	دو	_	_	_	_
27	انیمیشن	_	_	_	_
28	دوست‌	_	_	_	_
29	داشتنى	_	_	_	_
30	«	_	_	_	_
31	لک‌	_	_	_	_
32	لک‌ها	_	_	_	_
33	»	_	_	_	_
34	و	_	_	_	_
35	«	_	_	_	_
36	لگو	_	_	_	_
37	»	_	_	_	_
38	را	_	_	_	_
39	هم	_	_	_	_
40	اضافه‌مى‌کنم	_	_	_	_
41	.	_	_	_	_

0	اما	_	_	_	_
1	برگردیم	_	_	_	_
2	به	_	_	_	_
3	کوچک‌	_	_	_	_
4	پا	_	_	_	_
5	.	_	_	_	_

0	به	_	_	_	_
1	نظرم	_	_	_	_
2	لایه‌هاى	_	_	_	_
3	بسیارى	_	_	_	_
4	در	_	_	_	_
5	این	_	_	_	_
6	انیمیشن	_	_	_	_
7	وجود	_	_	_	_
8	دارد	_	_	_	_
9	؛	_	_	_	_
10	طنز	_	_	_	_
11	،	_	_	_	_
12	موسیقى	_	_	_	_
13	،	_	_	_	_
14	داستان	_	_	_	_
15	،	_	_	_	_
16	پیام‌هایى	_	_	_	_
17	پیرامون	_	_	_	_
18	آفرینش	_	_	_	_
19	،	_	_	_	_
20	کشف	_	_	_	_
21	جهان	_	_	_	_
22	و	_	_	_	_
23	…	_	_	_	_
24	رئیس‌	_	_	_	_
25	جمهور	_	_	_	_
26	بعدی‌گرجستان	_	_	_	_
27	در	_	_	_	_
28	سال	_	_	_	_
29	۲۰۲۴	_	_	_	_
30	میلادی	_	_	_	_
31	توسط	_	_	_	_
32	یک	_	_	_	_
33	کالج	_	_	_	_
34	انتخاباتی	_	_	_	_
35	که	_	_	_	_
36	متشکل	_	_	_	_
37	از	_	_	_	_
38	۳۰۰	_	_	_	_
39	عضو	_	_	_	_
40	است	_	_	_	_
41	،	_	_	_	_
42	انتخاب	_	_	_	_
43	خواهد_شد	_	_	_	_
44	.	_	_	_	_

0	این	_	_	_	_
1	تغییر	_	_	_	_
2	قانون	_	_	_	_
3	اساسی	_	_	_	_
4	در	_	_	_	_
5	سپتامبر	_	_	_	_
6	سال	_	_	_	_
7	۲۰۱۷	_	_	_	_
8	میلادی	_	_	_	_
9	اتخاذ	_	_	_	_
10	شد	_	_	_	_
11	؛	_	_	_	_
12	اقدامی	_	_	_	_
13	که	_	_	_	_
14	از	_	_	_	_
15	سوی	_	_	_	_
16	احزاب	_	_	_	_
17	اپوزیسیون	_	_	_	_
18	موردانتقاد	_	_	_	_
19	قرار	_	_	_	_
20	گرفته	_	_	_	_
21	و	_	_	_	_
22	آن	_	_	_	_
23	را	_	_	_	_
24	به	_	_	_	_
25	عنوان	_	_	_	_
26	اقدامی	_	_	_	_
27	به	_	_	_	_
28	نفع	_	_	_	_
29	حزب	_	_	_	_
30	حاکم	_	_	_	_
31	محکوم‌کردند	_	_	_	_
32	.	_	_	_	_

0	گیورگی	_	_	_	_
1	مارگولاشویلی	_	_	_	_
2	،	_	_	_	_
3	رئیس‌جمهور	_	_	_	_
4	در	_	_	_	_
5	حال	_	_	_	_
6	کناره‌گیری	_	_	_	_
7	گرجستان	_	_	_	_
8	از	_	_	_	_
9	نامزدی	_	_	_	_
10	در	_	_	_	_
11	انتخابات	_	_	_	_
12	برای	_	_	_	_
13	دومین	_	_	_	_
14	دوره	_	_	_	_
15	متوالی	_	_	_	_
16	امتناع	_	_	_	_
17	و	_	_	_	_
18	تاکید‌کرد	_	_	_	_
19	تمایل	_	_	_	_
20	ندارد	_	_	_	_
21	نقشی	_	_	_	_
22	را	_	_	_	_
23	که	_	_	_	_
24	کم	_	_	_	_
25	رنگ‌وتشریفاتی	_	_	_	_
26	شده	_	_	_	_
27	،	_	_	_	_
28	برعهده	_	_	_	_
29	گیرد	_	_	_	_
30	.	_	_	_	_

0	کنگره	_	_	_	_
1	جهانی	_	_	_	_
2	است	_	_	_	_
3	که	_	_	_	_
4	در	_	_	_	_
5	دنیا	_	_	_	_
6	نظیر	_	_	_	_
7	ندارد	_	_	_	_
8	،	_	_	_	_
9	اظهار	_	_	_	_
10	داشت	_	_	_	_
11	:	_	_	_	_
12	دشمنان	_	_	_	_
13	اسلام	_	_	_	_
14	از	_	_	_	_
15	بر	_	_	_	_
16	پایی	_	_	_	_
17	این	_	_	_	_
18	عظمت	_	_	_	_
19	عصبانی	_	_	_	_
20	هستند	_	_	_	_
21	.	_	_	_	_

0	همانطور	_	_	_	_
1	که	_	_	_	_
2	امام‌خمینی	_	_	_	_
3	(	_	_	_	_
4	ره	_	_	_	_
5	)	_	_	_	_
6	فرمودند	_	_	_	_
7	«	_	_	_	_
8	راه	_	_	_	_
9	قدس	_	_	_	_
10	از	_	_	_	_
11	کربلا	_	_	_	_
12	می‌گذرد	_	_	_	_
13	»	_	_	_	_
14	،	_	_	_	_
15	این	_	_	_	_
16	حضور	_	_	_	_
17	میلیونی	_	_	_	_
18	زائران	_	_	_	_
19	اربعین	_	_	_	_
20	زمینه‌	_	_	_	_
21	ساز	_	_	_	_
22	همین	_	_	_	_
23	فرمایش	_	_	_	_
24	ایشان	_	_	_	_
25	است	_	_	_	_
26	.	_	_	_	_

0	وی	_	_	_	_
1	با	_	_	_	_
2	اشاره	_	_	_	_
3	به	_	_	_	_
4	اینکه	_	_	_	_
5	حماسه	_	_	_	_
6	پیاده‌	_	_	_	_
7	روی	_	_	_	_
8	اربعین	_	_	_	_
9	انقدر	_	_	_	_
10	عظیم	_	_	_	_
11	است	_	_	_	_
12	که	_	_	_	_
13	هیچ‌	_	_	_	_
14	گروه	_	_	_	_
15	و	_	_	_	_
16	دولتی	_	_	_	_
17	نمی‌تواند	_	_	_	_
18	مدعی	_	_	_	_
19	باشد	_	_	_	_
20	که	_	_	_	_
21	به	_	_	_	_
22	تنهایی	_	_	_	_
23	این	_	_	_	_
24	حضور	_	_	_	_
25	میلیونی	_	_	_	_
26	را	_	_	_	_
27	اداره	_	_	_	_
28	می‌کند	_	_	_	_
29	،	_	_	_	_
30	افزود	_	_	_	_
31	:	_	_	_	_
32	این	_	_	_	_
33	حماسه	_	_	_	_
34	عظیم	_	_	_	_
35	یک‌	_	_	_	_
36	حرکت	_	_	_	_
37	مردمی	_	_	_	_
38	است	_	_	_	_
39	که	_	_	_	_
40	خود	_	_	_	_
41	مردم	_	_	_	_
42	آن	_	_	_	_
43	را	_	_	_	_
44	اداره	_	_	_	_
45	می‌کنند	_	_	_	_
46	.	_	_	_	_

0	حجت‌	_	_	_	_
1	الاسلام	_	_	_	_
2	نجفی	_	_	_	_
3	با	_	_	_	_
4	بیان	_	_	_	_
5	اینکه	_	_	_	_
6	در	_	_	_	_
7	بازدید	_	_	_	_
8	از	_	_	_	_
9	موکب‌ها	_	_	_	_
10	دیدیم	_	_	_	_
11	که	_	_	_	_
12	خادمان	_	_	_	_
13	و	_	_	_	_
14	زائران	_	_	_	_
15	با	_	_	_	_
16	تمام‌مشکلات	_	_	_	_
17	از	_	_	_	_
18	اقتصادی	_	_	_	_
19	یا	_	_	_	_
20	حتی	_	_	_	_
21	آب	_	_	_	_
22	و‌هوایی	_	_	_	_
23	با	_	_	_	_
24	اخلاص	_	_	_	_
25	به	_	_	_	_
26	خدمت‌رسانی	_	_	_	_
27	مشغول	_	_	_	_
28	هستند	_	_	_	_
29	،	_	_	_	_
30	گفت	_	_	_	_
31	:	_	_	_	_
32	یقین	_	_	_	_
33	دارم	_	_	_	_
34	که	_	_	_	_
35	پیاده‌	_	_	_	_
36	روی	_	_	_	_
37	اربعین	_	_	_	_
38	امسال	_	_	_	_
39	از	_	_	_	_
40	سال‌های	_	_	_	_
41	گذشته	_	_	_	_
42	باشکوه‌‌تر	_	_	_	_
43	خواهد_بود	_	_	_	_
44	و	_	_	_	_
45	هیچ‌کسی	_	_	_	_
46	اجازه	_	_	_	_
47	نمی‌دهد	_	_	_	_
48	که	_	_	_	_
49	این	_	_	_	_
50	حرکت	_	_	_	_
51	عظیم	_	_	_	_
52	کمرنگ	_	_	_	_
53	شود	_	_	_	_
54	.	_	_	_	_

0	نماینده	_	_	_	_
1	مقام	_	_	_	_
2	معظم	_	_	_	_
3	رهبری	_	_	_	_
4	در	_	_	_	_
5	کربلا	_	_	_	_
6	خاطر	_	_	_	_
7	نشان	_	_	_	_
8	کرد	_	_	_	_
9	:	_	_	_	_
10	خدمت	_	_	_	_
11	به	_	_	_	_
12	زائران	_	_	_	_
13	اربعین	_	_	_	_
14	هدیه	_	_	_	_
15	الهی	_	_	_	_
16	است	_	_	_	_
17	که	_	_	_	_
18	نصیب	_	_	_	_
19	محبان	_	_	_	_
20	اهل	_	_	_	_
21	بیت	_	_	_	_
22	(	_	_	_	_
23	ع	_	_	_	_
24	)	_	_	_	_
25	شده_است	_	_	_	_
26	.	_	_	_	_

0	خدا	_	_	_	_
1	را	_	_	_	_
2	شکر	_	_	_	_
3	که	_	_	_	_
4	پرچم	_	_	_	_
5	امام	_	_	_	_
6	حسین	_	_	_	_
7	(	_	_	_	_
8	ع	_	_	_	_
9	)	_	_	_	_
10	بر	_	_	_	_
11	سر	_	_	_	_
12	همه	_	_	_	_
13	ما	_	_	_	_
14	گسترده	_	_	_	_
15	شده_است	_	_	_	_
16	.	_	_	_	_

0	وی	_	_	_	_
1	ضمن	_	_	_	_
2	مثبت	_	_	_	_
3	ارزیابی	_	_	_	_
4	کردن	_	_	_	_
5	خدمات	_	_	_	_
6	ارائه	_	_	_	_
7	شده	_	_	_	_
8	در	_	_	_	_
9	موکب‌‌های	_	_	_	_
10	اربعین	_	_	_	_
11	گفت	_	_	_	_
12	:	_	_	_	_
13	از	_	_	_	_
14	همه	_	_	_	_
15	موکب‌	_	_	_	_
16	داران	_	_	_	_
17	تشکر	_	_	_	_
18	وسلام	_	_	_	_
19	مقام	_	_	_	_
20	معظم	_	_	_	_
21	رهبری	_	_	_	_
22	را	_	_	_	_
23	به	_	_	_	_
24	آنها	_	_	_	_
25	ابلاغ	_	_	_	_
26	می‌	_	_	_	_
27	کنم	_	_	_	_
28	.	_	_	_	_

0	به	_	_	_	_
1	گزارش	_	_	_	_
2	مهر	_	_	_	_
3	،	_	_	_	_
4	محمدرضا	_	_	_	_
5	حسین‌	_	_	_	_
6	زاده	_	_	_	_
7	اظهار	_	_	_	_
8	داشت	_	_	_	_
9	:	_	_	_	_
10	درخواست	_	_	_	_
11	کردیم	_	_	_	_
12	اگر	_	_	_	_
13	اجازه	_	_	_	_
14	افزایش	_	_	_	_
15	تعداد	_	_	_	_
16	باجه‌‌ها	_	_	_	_
17	و	_	_	_	_
18	همچنین	_	_	_	_
19	افزایش	_	_	_	_
20	ساعات‌کار	_	_	_	_
21	و	_	_	_	_
22	شبانه‌	_	_	_	_
23	روزی	_	_	_	_
24	کردن	_	_	_	_
25	آن‌ها	_	_	_	_
26	را	_	_	_	_
27	نمی‌دهند	_	_	_	_
28	،	_	_	_	_
29	لااقل	_	_	_	_
30	اجازه	_	_	_	_
31	بدهند	_	_	_	_
32	دینار	_	_	_	_
33	های‌موجود	_	_	_	_
34	را	_	_	_	_
35	به	_	_	_	_
36	داخل	_	_	_	_
37	مرز	_	_	_	_
38	ایران	_	_	_	_
39	منتقل	_	_	_	_
40	کنیم	_	_	_	_
41	تا	_	_	_	_
42	در	_	_	_	_
43	کشورمان	_	_	_	_
44	و	_	_	_	_
45	در	_	_	_	_
46	لب	_	_	_	_
47	مرز	_	_	_	_
48	به	_	_	_	_
49	زائران	_	_	_	_
50	پرداخت‌شود	_	_	_	_
51	که	_	_	_	_
52	متاسفانه	_	_	_	_
53	طرف	_	_	_	_
54	عراقی	_	_	_	_
55	با	_	_	_	_
56	این	_	_	_	_
57	پیشنهاد	_	_	_	_
58	هم	_	_	_	_
59	موافقت	_	_	_	_
60	نکرده_است	_	_	_	_
61	.	_	_	_	_

