0	﻿مقام	_	_	_	_
1	معظم	_	_	_	_
2	رهبری	_	_	_	_
3	در	_	_	_	_
4	دیدار	_	_	_	_
5	رئیس	_	_	_	_
6	و	_	_	_	_
7	مسئولان	_	_	_	_
8	سازمان	_	_	_	_
9	پدافند	_	_	_	_
10	غیرعامل	_	_	_	_
11	اظهار	_	_	_	_
12	داشتند	_	_	_	_
13	:	_	_	_	_
14	پدافند	_	_	_	_
15	غیرعامل	_	_	_	_
16	در	_	_	_	_
17	مقابل	_	_	_	_
18	تهاجم	_	_	_	_
19	دشمنان	_	_	_	_
20	علمی	_	_	_	_
21	،	_	_	_	_
22	جدی	_	_	_	_
23	و	_	_	_	_
24	همه‌جانبه	_	_	_	_
25	باشد	_	_	_	_
26	.	_	_	_	_

0	به	_	_	_	_
1	گزارش	_	_	_	_
2	پایگاه	_	_	_	_
3	اطلاع‌رسانی	_	_	_	_
4	دفتر	_	_	_	_
5	حفظ	_	_	_	_
6	و	_	_	_	_
7	نشر	_	_	_	_
8	آثار	_	_	_	_
9	رهبر	_	_	_	_
10	معظم	_	_	_	_
11	انقلاب	_	_	_	_
12	،	_	_	_	_
13	حضرت	_	_	_	_
14	آیت	_	_	_	_
15	الله	_	_	_	_
16	خامنه‌ای	_	_	_	_
17	رهبر	_	_	_	_
18	معظم	_	_	_	_
19	انقلاب	_	_	_	_
20	اسلامی	_	_	_	_
21	ظهر	_	_	_	_
22	امروز	_	_	_	_
23	(	_	_	_	_
24	یکشنبه	_	_	_	_
25	۶	_	_	_	_
26	آبان	_	_	_	_
27	)	_	_	_	_
28	در	_	_	_	_
29	این	_	_	_	_
30	دیدار	_	_	_	_
31	با	_	_	_	_
32	اشاره	_	_	_	_
33	به	_	_	_	_
34	اهمیت	_	_	_	_
35	روزافزون	_	_	_	_
36	پدافند	_	_	_	_
37	غیرعامل	_	_	_	_
38	در	_	_	_	_
39	مقابله	_	_	_	_
40	با	_	_	_	_
41	تهدیدهای	_	_	_	_
42	نو	_	_	_	_
43	شونده	_	_	_	_
44	دشمنان	_	_	_	_
45	،	_	_	_	_
46	تأکید	_	_	_	_
47	کردند	_	_	_	_
48	:	_	_	_	_
49	در	_	_	_	_
50	مقابل	_	_	_	_
51	شیوه‌های	_	_	_	_
52	پیچیده	_	_	_	_
53	تهاجم	_	_	_	_
54	دشمنان	_	_	_	_
55	،	_	_	_	_
56	پدافند	_	_	_	_
57	غیرعامل	_	_	_	_
58	نیز	_	_	_	_
59	باید	_	_	_	_
60	کاملا	_	_	_	_
61	هوشیار	_	_	_	_
62	و	_	_	_	_
63	جدی	_	_	_	_
64	باشد	_	_	_	_
65	و	_	_	_	_
66	به	_	_	_	_
67	صورت	_	_	_	_
68	علمی	_	_	_	_
69	،	_	_	_	_
70	دقیق	_	_	_	_
71	،	_	_	_	_
72	به‌روز	_	_	_	_
73	و	_	_	_	_
74	همه‌جانبه	_	_	_	_
75	عمل	_	_	_	_
76	و	_	_	_	_
77	با	_	_	_	_
78	هرگونه	_	_	_	_
79	نفوذ	_	_	_	_
80	مقابله	_	_	_	_
81	کند	_	_	_	_
82	.	_	_	_	_

0	حضرت	_	_	_	_
1	آیت	_	_	_	_
2	الله	_	_	_	_
3	خامنه‌ای	_	_	_	_
4	توجه	_	_	_	_
5	مسئولان	_	_	_	_
6	در	_	_	_	_
7	همه	_	_	_	_
8	بخشها	_	_	_	_
9	به	_	_	_	_
10	اهمیت	_	_	_	_
11	پدافند	_	_	_	_
12	غیرعامل	_	_	_	_
13	را	_	_	_	_
14	لازم	_	_	_	_
15	دانستند	_	_	_	_
16	و	_	_	_	_
17	افزودند	_	_	_	_
18	:	_	_	_	_
19	اگر	_	_	_	_
20	مدیران	_	_	_	_
21	کشور	_	_	_	_
22	اهمیت	_	_	_	_
23	این	_	_	_	_
24	مسئله	_	_	_	_
25	را	_	_	_	_
26	درک	_	_	_	_
27	نکنند	_	_	_	_
28	و	_	_	_	_
29	پدافند	_	_	_	_
30	غیرعامل	_	_	_	_
31	به	_	_	_	_
32	طور	_	_	_	_
33	شایسته	_	_	_	_
34	توسعه	_	_	_	_
35	پیدا	_	_	_	_
36	نکند	_	_	_	_
37	،	_	_	_	_
38	کشور	_	_	_	_
39	در	_	_	_	_
40	معرض	_	_	_	_
41	تهدیدهای	_	_	_	_
42	بعضا	_	_	_	_
43	غیرقابل	_	_	_	_
44	جبران	_	_	_	_
45	قرار	_	_	_	_
46	خواهد_گرفت	_	_	_	_
47	،	_	_	_	_
48	بنابراین	_	_	_	_
49	مسئولان	_	_	_	_
50	بخش‌های	_	_	_	_
51	مختلف	_	_	_	_
52	کشور	_	_	_	_
53	چه	_	_	_	_
54	بخشهای	_	_	_	_
55	نظامی	_	_	_	_
56	و	_	_	_	_
57	چه	_	_	_	_
58	بخشهای	_	_	_	_
59	غیرنظامی	_	_	_	_
60	،	_	_	_	_
61	باید	_	_	_	_
62	با	_	_	_	_
63	پدافند	_	_	_	_
64	غیرعامل	_	_	_	_
65	همکاری	_	_	_	_
66	کامل	_	_	_	_
67	و	_	_	_	_
68	لازم	_	_	_	_
69	انجام	_	_	_	_
70	دهند	_	_	_	_
71	.	_	_	_	_

0	ایران	_	_	_	_
1	و	_	_	_	_
2	اتحادیه	_	_	_	_
3	اروپا	_	_	_	_
4	برای	_	_	_	_
5	رونمایی	_	_	_	_
6	از	_	_	_	_
7	یک	_	_	_	_
8	تونل	_	_	_	_
9	مالی	_	_	_	_
10	ویژه‌	_	_	_	_
11	،	_	_	_	_
12	با	_	_	_	_
13	هدف	_	_	_	_
14	خنثی‌سازی	_	_	_	_
15	اثر	_	_	_	_
16	تحریم‌های	_	_	_	_
17	آمریکا	_	_	_	_
18	و	_	_	_	_
19	هموار	_	_	_	_
20	شدن	_	_	_	_
21	راه	_	_	_	_
22	تجارت	_	_	_	_
23	بین	_	_	_	_
24	کشورمان	_	_	_	_
25	با	_	_	_	_
26	جهان	_	_	_	_
27	آماده	_	_	_	_
28	می‌شوند	_	_	_	_
29	.	_	_	_	_

0	ایجاد	_	_	_	_
1	کانال	_	_	_	_
2	ویژه	_	_	_	_
3	مالی	_	_	_	_
4	اروپا	_	_	_	_
5	یکی	_	_	_	_
6	از	_	_	_	_
7	گام‌های	_	_	_	_
8	عملی	_	_	_	_
9	برای	_	_	_	_
10	حفظ	_	_	_	_
11	برجام	_	_	_	_
12	و	_	_	_	_
13	بهره‌مندی	_	_	_	_
14	ایران	_	_	_	_
15	از	_	_	_	_
16	منافع	_	_	_	_
17	اقتصادی	_	_	_	_
18	آن	_	_	_	_
19	ازجمله	_	_	_	_
20	ایمن	_	_	_	_
21	ماندن	_	_	_	_
22	مسیر	_	_	_	_
23	فروش	_	_	_	_
24	نفت	_	_	_	_
25	و	_	_	_	_
26	دیگر	_	_	_	_
27	کالاهای	_	_	_	_
28	صادراتی	_	_	_	_
29	به	_	_	_	_
30	اروپا	_	_	_	_
31	و	_	_	_	_
32	البته	_	_	_	_
33	سایر	_	_	_	_
34	کشورها	_	_	_	_
35	به‌شمار	_	_	_	_
36	می‌رود	_	_	_	_
37	و	_	_	_	_
38	قرار	_	_	_	_
39	است	_	_	_	_
40	مبنای	_	_	_	_
41	رد	_	_	_	_
42	و	_	_	_	_
43	بدل	_	_	_	_
44	مالی	_	_	_	_
45	در	_	_	_	_
46	این	_	_	_	_
47	کانال	_	_	_	_
48	ویژه	_	_	_	_
49	براساس	_	_	_	_
50	یورو	_	_	_	_
51	و	_	_	_	_
52	نه	_	_	_	_
53	دلار	_	_	_	_
54	صورت	_	_	_	_
55	گیرد	_	_	_	_
56	.	_	_	_	_

0	به‌گزارش	_	_	_	_
1	همشهری	_	_	_	_
2	،	_	_	_	_
3	عبدالناصر	_	_	_	_
4	همتی	_	_	_	_
5	،	_	_	_	_
6	رئیس‌کل	_	_	_	_
7	بانک	_	_	_	_
8	مرکزی	_	_	_	_
9	ایران	_	_	_	_
10	در	_	_	_	_
11	تازه‌ترین	_	_	_	_
12	واکنش	_	_	_	_
13	به	_	_	_	_
14	این	_	_	_	_
15	موضوع	_	_	_	_
16	گفته_است	_	_	_	_
17	جزئیات	_	_	_	_
18	و	_	_	_	_
19	نحوه	_	_	_	_
20	استفاده	_	_	_	_
21	از	_	_	_	_
22	کانال	_	_	_	_
23	ویژه	_	_	_	_
24	مالی	_	_	_	_
25	اروپا	_	_	_	_
26	هفته	_	_	_	_
27	آینده	_	_	_	_
28	در	_	_	_	_
29	جریان	_	_	_	_
30	یک	_	_	_	_
31	نشست	_	_	_	_
32	که	_	_	_	_
33	در	_	_	_	_
34	شهر	_	_	_	_
35	بروکسل	_	_	_	_
36	بلژیک	_	_	_	_
37	،	_	_	_	_
38	مقر	_	_	_	_
39	اتحادیه	_	_	_	_
40	اروپا	_	_	_	_
41	برگزار	_	_	_	_
42	می‌شود	_	_	_	_
43	،	_	_	_	_
44	نهایی	_	_	_	_
45	خواهد_شد	_	_	_	_
46	.	_	_	_	_

0	او	_	_	_	_
1	وعده	_	_	_	_
2	داده	_	_	_	_
3	جزئیات	_	_	_	_
4	این	_	_	_	_
5	کانال	_	_	_	_
6	ضد‌تحریم	_	_	_	_
7	به‌زودی	_	_	_	_
8	اعلام	_	_	_	_
9	خواهد_شد	_	_	_	_
10	.	_	_	_	_

0	به	_	_	_	_
1	گفته	_	_	_	_
2	این	_	_	_	_
3	مقام	_	_	_	_
4	ارشد	_	_	_	_
5	بانک	_	_	_	_
6	مرکزی	_	_	_	_
7	،	_	_	_	_
8	جزئیات	_	_	_	_
9	این	_	_	_	_
10	کانال	_	_	_	_
11	هفته	_	_	_	_
12	آینده	_	_	_	_
13	بین	_	_	_	_
14	ایران	_	_	_	_
15	و	_	_	_	_
16	اروپا	_	_	_	_
17	مورد	_	_	_	_
18	بررسی	_	_	_	_
19	نهایی	_	_	_	_
20	قرار	_	_	_	_
21	می‌گیرد	_	_	_	_
22	و	_	_	_	_
23	هدف	_	_	_	_
24	نخست	_	_	_	_
25	آن	_	_	_	_
26	رفع	_	_	_	_
27	مشکلات	_	_	_	_
28	مربوط	_	_	_	_
29	به	_	_	_	_
30	انجام	_	_	_	_
31	پرداخت‌های	_	_	_	_
32	مالی	_	_	_	_
33	است	_	_	_	_
34	.	_	_	_	_

0	او	_	_	_	_
1	در	_	_	_	_
2	صفحه	_	_	_	_
3	اینستاگرام	_	_	_	_
4	خود	_	_	_	_
5	نوشته_است	_	_	_	_
6	:	_	_	_	_
7	کانال	_	_	_	_
8	ویژه	_	_	_	_
9	مالی	_	_	_	_
10	اروپا	_	_	_	_
11	،	_	_	_	_
12	نقش	_	_	_	_
13	نوعی	_	_	_	_
14	پیمان	_	_	_	_
15	پولی	_	_	_	_
16	دوجانبه	_	_	_	_
17	میان	_	_	_	_
18	ایران	_	_	_	_
19	و	_	_	_	_
20	اتحادیه	_	_	_	_
21	اروپا	_	_	_	_
22	را	_	_	_	_
23	ایفا	_	_	_	_
24	خواهد_کرد	_	_	_	_
25	و	_	_	_	_
26	هر	_	_	_	_
27	دو	_	_	_	_
28	طرف	_	_	_	_
29	بر	_	_	_	_
30	تسریع	_	_	_	_
31	در	_	_	_	_
32	عملیاتی	_	_	_	_
33	شدن	_	_	_	_
34	این	_	_	_	_
35	فرایند	_	_	_	_
36	تأکید	_	_	_	_
37	دارند	_	_	_	_
38	.	_	_	_	_

0	پیش‌تر	_	_	_	_
1	در	_	_	_	_
2	هفته	_	_	_	_
3	نخست	_	_	_	_
4	مهرماه	_	_	_	_
5	فدریکا	_	_	_	_
6	موگرینی	_	_	_	_
7	،	_	_	_	_
8	مسئول	_	_	_	_
9	سیاست	_	_	_	_
10	خارجی	_	_	_	_
11	اتحادیه	_	_	_	_
12	اروپا	_	_	_	_
13	،	_	_	_	_
14	قول	_	_	_	_
15	داده_بود	_	_	_	_
16	که	_	_	_	_
17	کانال	_	_	_	_
18	ویژه	_	_	_	_
19	مالی	_	_	_	_
20	اروپا	_	_	_	_
21	تا	_	_	_	_
22	قبل	_	_	_	_
23	از	_	_	_	_
24	۱۰	_	_	_	_
25	آبان	_	_	_	_
26	یعنی	_	_	_	_
27	چند	_	_	_	_
28	روز	_	_	_	_
29	مانده	_	_	_	_
30	به	_	_	_	_
31	اعمال	_	_	_	_
32	مرحله	_	_	_	_
33	دوم	_	_	_	_
34	تحریم‌های	_	_	_	_
35	یکجانبه	_	_	_	_
36	و	_	_	_	_
37	فراسرزمینی	_	_	_	_
38	آمریکا	_	_	_	_
39	علیه	_	_	_	_
40	ایران	_	_	_	_
41	ایجاد	_	_	_	_
42	شود	_	_	_	_
43	.	_	_	_	_

0	ایجاد	_	_	_	_
1	کانال	_	_	_	_
2	ویژه	_	_	_	_
3	مالی	_	_	_	_
4	بر	_	_	_	_
5	مبنای	_	_	_	_
6	الگوی	_	_	_	_
7	پیمان	_	_	_	_
8	دوجانبه	_	_	_	_
9	پولی	_	_	_	_
10	به	_	_	_	_
11	این	_	_	_	_
12	معناست	_	_	_	_
13	که	_	_	_	_
14	بین	_	_	_	_
15	ایران	_	_	_	_
16	به‌عنوان	_	_	_	_
17	کشور	_	_	_	_
18	صادرکننده	_	_	_	_
19	نفت	_	_	_	_
20	و	_	_	_	_
21	سایر	_	_	_	_
22	کالاها	_	_	_	_
23	و	_	_	_	_
24	کشور	_	_	_	_
25	خریدار	_	_	_	_
26	،	_	_	_	_
27	پول	_	_	_	_
28	ملی	_	_	_	_
29	۲کشور	_	_	_	_
30	مبنای	_	_	_	_
31	عمل	_	_	_	_
32	تسویه‌حساب	_	_	_	_
33	قرار	_	_	_	_
34	می‌گیرد	_	_	_	_
35	اما	_	_	_	_
36	پیش	_	_	_	_
37	از	_	_	_	_
38	این	_	_	_	_
39	اعلام	_	_	_	_
40	شده_بود	_	_	_	_
41	که	_	_	_	_
42	سازوکار	_	_	_	_
43	مالی	_	_	_	_
44	پیشنهادشده	_	_	_	_
45	از	_	_	_	_
46	سوی	_	_	_	_
47	اروپا	_	_	_	_
48	بر	_	_	_	_
49	مبنای	_	_	_	_
50	یورو	_	_	_	_
51	به‌معنای	_	_	_	_
52	واحد	_	_	_	_
53	پولی	_	_	_	_
54	این	_	_	_	_
55	قاره	_	_	_	_
56	خواهد_بود	_	_	_	_
57	و	_	_	_	_
58	اجرایی	_	_	_	_
59	شدن	_	_	_	_
60	آن	_	_	_	_
61	مستلزم	_	_	_	_
62	همکاری	_	_	_	_
63	بانک‌های	_	_	_	_
64	مرکزی	_	_	_	_
65	ایران	_	_	_	_
66	با	_	_	_	_
67	دیگر	_	_	_	_
68	بانک‌های	_	_	_	_
69	مرکزی	_	_	_	_
70	اروپاست	_	_	_	_
71	.	_	_	_	_

0	ایرنا	_	_	_	_
1	گزارش	_	_	_	_
2	داده	_	_	_	_
3	در	_	_	_	_
4	قالب	_	_	_	_
5	سازوکار	_	_	_	_
6	مالی	_	_	_	_
7	پیشنهادی	_	_	_	_
8	اروپا	_	_	_	_
9	،	_	_	_	_
10	ایران	_	_	_	_
11	می‌تواند	_	_	_	_
12	کالاها	_	_	_	_
13	ازجمله	_	_	_	_
14	نفت	_	_	_	_
15	و	_	_	_	_
16	فرآورده‌های	_	_	_	_
17	نفتی	_	_	_	_
18	را	_	_	_	_
19	به	_	_	_	_
20	اروپا	_	_	_	_
21	صادر	_	_	_	_
22	و	_	_	_	_
23	در	_	_	_	_
24	قبال	_	_	_	_
25	آن	_	_	_	_
26	کالاها	_	_	_	_
27	و	_	_	_	_
28	خدمات	_	_	_	_
29	موردنیاز	_	_	_	_
30	را	_	_	_	_
31	از	_	_	_	_
32	کشورهای	_	_	_	_
33	اروپایی	_	_	_	_
34	خریداری	_	_	_	_
35	کند	_	_	_	_
36	و	_	_	_	_
37	تهاتر	_	_	_	_
38	دریافت	_	_	_	_
39	و	_	_	_	_
40	پرداخت‌ها	_	_	_	_
41	بین	_	_	_	_
42	بانک‌های	_	_	_	_
43	مرکزی	_	_	_	_
44	و	_	_	_	_
45	نه	_	_	_	_
46	شبکه	_	_	_	_
47	بانکی	_	_	_	_
48	صورت	_	_	_	_
49	می‌پذیرد	_	_	_	_
50	.	_	_	_	_

0	«	_	_	_	_
1	آلبرت	_	_	_	_
2	بغزیان	_	_	_	_
3	»	_	_	_	_
4	استاد	_	_	_	_
5	اقتصاد	_	_	_	_
6	دانشگاه	_	_	_	_
7	تهران	_	_	_	_
8	می‌گوید	_	_	_	_
9	:	_	_	_	_
10	اگر	_	_	_	_
11	اروپا	_	_	_	_
12	بخواهد	_	_	_	_
13	و	_	_	_	_
14	از	_	_	_	_
15	آمریکا	_	_	_	_
16	ترس	_	_	_	_
17	نداشته_باشد	_	_	_	_
18	،	_	_	_	_
19	به‌راحتی	_	_	_	_
20	می‌تواند	_	_	_	_
21	این	_	_	_	_
22	کانال	_	_	_	_
23	ارتباط	_	_	_	_
24	مالی	_	_	_	_
25	یورویی	_	_	_	_
26	را	_	_	_	_
27	با	_	_	_	_
28	ایران	_	_	_	_
29	برقرار	_	_	_	_
30	کند	_	_	_	_
31	؛	_	_	_	_

0	چون	_	_	_	_
1	حساب‌ها	_	_	_	_
2	بر	_	_	_	_
3	پایه	_	_	_	_
4	یورو	_	_	_	_
5	نگهداری	_	_	_	_
6	می‌شود	_	_	_	_
7	،	_	_	_	_
8	به‌راحتی	_	_	_	_
9	می‌توان	_	_	_	_
10	درآمد	_	_	_	_
11	حاصل	_	_	_	_
12	از	_	_	_	_
13	صادرات	_	_	_	_
14	ایران	_	_	_	_
15	را	_	_	_	_
16	با	_	_	_	_
17	واردات	_	_	_	_
18	کالاها	_	_	_	_
19	و	_	_	_	_
20	خدمات	_	_	_	_
21	از	_	_	_	_
22	حوزه	_	_	_	_
23	اروپا	_	_	_	_
24	تهاتر	_	_	_	_
25	کرد	_	_	_	_
26	.	_	_	_	_

0	عباس	_	_	_	_
1	هشی	_	_	_	_
2	،	_	_	_	_
3	کارشناس	_	_	_	_
4	اقتصادی	_	_	_	_
5	هم	_	_	_	_
6	توضیح	_	_	_	_
7	می‌دهد	_	_	_	_
8	این	_	_	_	_
9	کانال	_	_	_	_
10	یورویی	_	_	_	_
11	اختراع	_	_	_	_
12	جدیدی	_	_	_	_
13	نیست	_	_	_	_
14	و	_	_	_	_
15	عملکرد	_	_	_	_
16	آن	_	_	_	_
17	همچون	_	_	_	_
18	اتاق‌های	_	_	_	_
19	تسویه	_	_	_	_
20	پایاپای	_	_	_	_
21	در	_	_	_	_
22	زمان	_	_	_	_
23	جنگ	_	_	_	_
24	تحمیلی	_	_	_	_
25	خواهد_بود	_	_	_	_
26	.	_	_	_	_

0	معاون	_	_	_	_
1	بین‌الملل	_	_	_	_
2	بانک	_	_	_	_
3	مرکزی	_	_	_	_
4	می‌گوید	_	_	_	_
5	:	_	_	_	_
6	آمریکایی‌ها	_	_	_	_
7	پیش	_	_	_	_
8	از	_	_	_	_
9	١٣	_	_	_	_
10	آبان	_	_	_	_
11	هرچه	_	_	_	_
12	در	_	_	_	_
13	توان	_	_	_	_
14	داشتند	_	_	_	_
15	،	_	_	_	_
16	انجام	_	_	_	_
17	دادند	_	_	_	_
18	اما	_	_	_	_
19	با	_	_	_	_
20	برنامه‌ریزی‌ها	_	_	_	_
21	،	_	_	_	_
22	تلاش	_	_	_	_
23	داریم	_	_	_	_
24	هزینه‌های	_	_	_	_
25	تحریم	_	_	_	_
26	را	_	_	_	_
27	کاهش	_	_	_	_
28	داده	_	_	_	_
29	و	_	_	_	_
30	اجازه	_	_	_	_
31	ندهیم	_	_	_	_
32	جریان	_	_	_	_
33	تجاری	_	_	_	_
34	کشور	_	_	_	_
35	متوقف	_	_	_	_
36	شود	_	_	_	_
37	؛	_	_	_	_
38	ضمن	_	_	_	_
39	آنکه	_	_	_	_
40	اروپایی‌ها	_	_	_	_
41	به	_	_	_	_
42	چند	_	_	_	_
43	دلیل	_	_	_	_
44	نمی‌خواهند	_	_	_	_
45	تجارت	_	_	_	_
46	با	_	_	_	_
47	ایران	_	_	_	_
48	را	_	_	_	_
49	رها	_	_	_	_
50	کنند	_	_	_	_
51	.	_	_	_	_

0	براساس	_	_	_	_
1	اعلام	_	_	_	_
2	بانک	_	_	_	_
3	صادرات	_	_	_	_
4	ایران	_	_	_	_
5	،	_	_	_	_
6	حسین	_	_	_	_
7	یعقوبی	_	_	_	_
8	میاب	_	_	_	_
9	تأکید	_	_	_	_
10	می‌کند	_	_	_	_
11	:	_	_	_	_
12	تحریم‌های	_	_	_	_
13	اخیر	_	_	_	_
14	مانند	_	_	_	_
15	تحریم‌های	_	_	_	_
16	سازمان	_	_	_	_
17	ملل	_	_	_	_
18	گسترده	_	_	_	_
19	نیست	_	_	_	_
20	و	_	_	_	_
21	به	_	_	_	_
22	همین	_	_	_	_
23	دلیل	_	_	_	_
24	ابزارهای	_	_	_	_
25	بهتری	_	_	_	_
26	برای	_	_	_	_
27	مقابله	_	_	_	_
28	با	_	_	_	_
29	آنها	_	_	_	_
30	در	_	_	_	_
31	اختیار	_	_	_	_
32	داریم	_	_	_	_
33	.	_	_	_	_

0	معاون	_	_	_	_
1	بین‌الملل	_	_	_	_
2	بانک	_	_	_	_
3	مرکزی	_	_	_	_
4	تأکید	_	_	_	_
5	می‌کند	_	_	_	_
6	:	_	_	_	_
7	دولت	_	_	_	_
8	آمریکا	_	_	_	_
9	سعی	_	_	_	_
10	کرده_است	_	_	_	_
11	با	_	_	_	_
12	خروج	_	_	_	_
13	از	_	_	_	_
14	برجام	_	_	_	_
15	،	_	_	_	_
16	اقتصاد	_	_	_	_
17	ایران	_	_	_	_
18	را	_	_	_	_
19	دچار	_	_	_	_
20	اختلال	_	_	_	_
21	کند	_	_	_	_
22	اما	_	_	_	_
23	حضور	_	_	_	_
24	اروپایی‌ها	_	_	_	_
25	و	_	_	_	_
26	تعهداتی	_	_	_	_
27	که	_	_	_	_
28	دادند	_	_	_	_
29	،	_	_	_	_
30	فشار	_	_	_	_
31	را	_	_	_	_
32	کمتر	_	_	_	_
33	کرد	_	_	_	_
34	؛	_	_	_	_
35	تا	_	_	_	_
36	زمانی	_	_	_	_
37	که	_	_	_	_
38	اروپایی‌ها	_	_	_	_
39	حضور	_	_	_	_
40	دارند	_	_	_	_
41	معافیت‌های	_	_	_	_
42	خوب	_	_	_	_
43	همچنان	_	_	_	_
44	وجود	_	_	_	_
45	خواهد_داشت	_	_	_	_
46	.	_	_	_	_

0	یعقوبی	_	_	_	_
1	می‌افزاید	_	_	_	_
2	:	_	_	_	_
3	تصور	_	_	_	_
4	می‌کنم	_	_	_	_
5	اروپایی‌ها	_	_	_	_
6	به	_	_	_	_
7	۲دلیل	_	_	_	_
8	به‌زودی	_	_	_	_
9	کنار	_	_	_	_
10	نخواهند_رفت	_	_	_	_
11	؛	_	_	_	_
12	نخست	_	_	_	_
13	به‌واسطه	_	_	_	_
14	جنگ	_	_	_	_
15	تجاری	_	_	_	_
16	آنها	_	_	_	_
17	با	_	_	_	_
18	آمریکا	_	_	_	_
19	و	_	_	_	_
20	دوم	_	_	_	_
21	اینکه	_	_	_	_
22	به‌دنبال	_	_	_	_
23	تقویت	_	_	_	_
24	جایگاه	_	_	_	_
25	اروپا	_	_	_	_
26	در	_	_	_	_
27	فضای	_	_	_	_
28	اقتصاد	_	_	_	_
29	بین‌الملل	_	_	_	_
30	هستند	_	_	_	_
31	.	_	_	_	_

0	رویترز	_	_	_	_
1	به	_	_	_	_
2	نقل	_	_	_	_
3	از	_	_	_	_
4	۳دیپلمات	_	_	_	_
5	اروپایی	_	_	_	_
6	گزارش	_	_	_	_
7	داد	_	_	_	_
8	:	_	_	_	_
9	کانال	_	_	_	_
10	مالی	_	_	_	_
11	یا	_	_	_	_
12	سازوکار	_	_	_	_
13	اتحادیه	_	_	_	_
14	اروپا	_	_	_	_
15	برای	_	_	_	_
16	تسهیل	_	_	_	_
17	پرداخت	_	_	_	_
18	پول	_	_	_	_
19	اقلام	_	_	_	_
20	صادراتی	_	_	_	_
21	ایران	_	_	_	_
22	به	_	_	_	_
23	اروپا	_	_	_	_
24	با	_	_	_	_
25	هدف	_	_	_	_
26	عبور	_	_	_	_
27	از	_	_	_	_
28	تحریم‌های	_	_	_	_
29	آمریکا	_	_	_	_
30	،	_	_	_	_
31	تا	_	_	_	_
32	سیزدهم	_	_	_	_
33	آبان	_	_	_	_
34	به	_	_	_	_
35	شکل	_	_	_	_
36	نمادین	_	_	_	_
37	آماده	_	_	_	_
38	می‌شود	_	_	_	_
39	اما	_	_	_	_
40	عملیاتی	_	_	_	_
41	شدن	_	_	_	_
42	آن	_	_	_	_
43	تا	_	_	_	_
44	اوایل	_	_	_	_
45	زمستان	_	_	_	_
46	سال‌جاری	_	_	_	_
47	طول	_	_	_	_
48	می‌کشد	_	_	_	_
49	.	_	_	_	_

0	وزیر	_	_	_	_
1	امور	_	_	_	_
2	اقتصادی	_	_	_	_
3	و	_	_	_	_
4	دارایی	_	_	_	_
5	با	_	_	_	_
6	بیان	_	_	_	_
7	اینکه	_	_	_	_
8	تحریمی	_	_	_	_
9	که	_	_	_	_
10	می‌خواهند	_	_	_	_
11	در	_	_	_	_
12	۱۳	_	_	_	_
13	آبان	_	_	_	_
14	اعلام	_	_	_	_
15	کنند	_	_	_	_
16	قبلا	_	_	_	_
17	اجرایی	_	_	_	_
18	کرده‌اند	_	_	_	_
19	،	_	_	_	_
20	گفت	_	_	_	_
21	:	_	_	_	_
22	اولین	_	_	_	_
23	برنامه	_	_	_	_
24	مدنظر	_	_	_	_
25	،	_	_	_	_
26	تامین	_	_	_	_
27	مالی	_	_	_	_
28	اقتصادی	_	_	_	_
29	و	_	_	_	_
30	دومین	_	_	_	_
31	کار	_	_	_	_
32	بهبود	_	_	_	_
33	فضای	_	_	_	_
34	کسب	_	_	_	_
35	و	_	_	_	_
36	کار	_	_	_	_
37	اقتصادی	_	_	_	_
38	از	_	_	_	_
39	طریق	_	_	_	_
40	تسهیل	_	_	_	_
41	شرایط	_	_	_	_
42	گمرکی	_	_	_	_
43	است	_	_	_	_
44	.	_	_	_	_

0	به	_	_	_	_
1	گزارش	_	_	_	_
2	فارس	_	_	_	_
3	،	_	_	_	_
4	فرهاد	_	_	_	_
5	دژپسند	_	_	_	_
6	وزیر	_	_	_	_
7	امور	_	_	_	_
8	اقتصادی	_	_	_	_
9	و	_	_	_	_
10	دارایی	_	_	_	_
11	با	_	_	_	_
12	بیان	_	_	_	_
13	اینکه	_	_	_	_
14	تحریمی	_	_	_	_
15	که	_	_	_	_
16	می‌خواهند	_	_	_	_
17	در	_	_	_	_
18	۱۳	_	_	_	_
19	آبان	_	_	_	_
20	اعلام	_	_	_	_
21	کنند	_	_	_	_
22	،	_	_	_	_
23	قبلا	_	_	_	_
24	اجرایی	_	_	_	_
25	کرده‌اند	_	_	_	_
26	،	_	_	_	_
27	گفت	_	_	_	_
28	:	_	_	_	_
29	در	_	_	_	_
30	وزارت	_	_	_	_
31	امور	_	_	_	_
32	اقتصادی	_	_	_	_
33	و	_	_	_	_
34	دارایی	_	_	_	_
35	در	_	_	_	_
36	حال	_	_	_	_
37	رصد	_	_	_	_
38	برنامه‌های	_	_	_	_
39	دشمن	_	_	_	_
40	و	_	_	_	_
41	در	_	_	_	_
42	حال	_	_	_	_
43	آماده‌سازی	_	_	_	_
44	بسته‌هایی	_	_	_	_
45	برای	_	_	_	_
46	مواجهه	_	_	_	_
47	با	_	_	_	_
48	این	_	_	_	_
49	دشمنی‌ها	_	_	_	_
50	هستیم	_	_	_	_
51	.	_	_	_	_

0	دژپسند	_	_	_	_
1	درباره	_	_	_	_
2	برنامه‌های	_	_	_	_
3	اصلی	_	_	_	_
4	خود	_	_	_	_
5	در	_	_	_	_
6	وزارت	_	_	_	_
7	امور	_	_	_	_
8	اقتصادی	_	_	_	_
9	و	_	_	_	_
10	دارایی	_	_	_	_
11	گفت	_	_	_	_
12	:	_	_	_	_
13	طبیعی	_	_	_	_
14	است	_	_	_	_
15	که	_	_	_	_
16	در	_	_	_	_
17	این	_	_	_	_
18	شرایط	_	_	_	_
19	همه	_	_	_	_
20	انتظار	_	_	_	_
21	دارند	_	_	_	_
22	که	_	_	_	_
23	با	_	_	_	_
24	توجه	_	_	_	_
25	به	_	_	_	_
26	تحریم‌های	_	_	_	_
27	دشمن	_	_	_	_
28	،	_	_	_	_
29	ببینند	_	_	_	_
30	ما	_	_	_	_
31	چه	_	_	_	_
32	برنامه‌ای	_	_	_	_
33	را	_	_	_	_
34	تدارک	_	_	_	_
35	دیدیم	_	_	_	_
36	.	_	_	_	_

0	وی	_	_	_	_
1	افزود	_	_	_	_
2	:	_	_	_	_
3	اولین	_	_	_	_
4	برنامه	_	_	_	_
5	مدنظر	_	_	_	_
6	،	_	_	_	_
7	تامین	_	_	_	_
8	مالی	_	_	_	_
9	اقتصادی	_	_	_	_
10	است	_	_	_	_
11	.	_	_	_	_

0	دومین	_	_	_	_
1	کار	_	_	_	_
2	بهبود	_	_	_	_
3	فضای	_	_	_	_
4	کسب	_	_	_	_
5	و	_	_	_	_
6	کار	_	_	_	_
7	اقتصادی	_	_	_	_
8	از	_	_	_	_
9	طریق	_	_	_	_
10	تسهیل	_	_	_	_
11	شرایط	_	_	_	_
12	گمرکی	_	_	_	_
13	است	_	_	_	_
14	.	_	_	_	_

0	سومین	_	_	_	_
1	کار	_	_	_	_
2	این	_	_	_	_
3	است	_	_	_	_
4	که	_	_	_	_
5	بتوانیم	_	_	_	_
6	سیاست‌های	_	_	_	_
7	خصوصی‌سازی	_	_	_	_
8	را	_	_	_	_
9	همان‌طور	_	_	_	_
10	که	_	_	_	_
11	در	_	_	_	_
12	اصل	_	_	_	_
13	۴۴	_	_	_	_
14	آمده_است	_	_	_	_
15	پیاده	_	_	_	_
16	کنیم	_	_	_	_
17	و	_	_	_	_
18	در	_	_	_	_
19	نهایت	_	_	_	_
20	با	_	_	_	_
21	الکترونیکی	_	_	_	_
22	کردن	_	_	_	_
23	و	_	_	_	_
24	ساماندهی	_	_	_	_
25	مشخص	_	_	_	_
26	،	_	_	_	_
27	با	_	_	_	_
28	فساد	_	_	_	_
29	مقابله	_	_	_	_
30	کنیم	_	_	_	_
31	چراکه	_	_	_	_
32	فساد	_	_	_	_
33	،	_	_	_	_
34	اقتصاد	_	_	_	_
35	را	_	_	_	_
36	زمین‌گیر	_	_	_	_
37	می‌کند	_	_	_	_
38	.	_	_	_	_

0	امیدوارم	_	_	_	_
1	در	_	_	_	_
2	این	_	_	_	_
3	کارها	_	_	_	_
4	با	_	_	_	_
5	همکاری	_	_	_	_
6	دیگران	_	_	_	_
7	،	_	_	_	_
8	گام	_	_	_	_
9	بلندی	_	_	_	_
10	برداریم	_	_	_	_
11	.	_	_	_	_

0	=======	_	_	_	_
1	﻿مقام	_	_	_	_
2	معظم	_	_	_	_
3	رهبری	_	_	_	_
4	در	_	_	_	_
5	دیدار	_	_	_	_
6	رئیس	_	_	_	_
7	و	_	_	_	_
8	مسئولان	_	_	_	_
9	سازمان	_	_	_	_
10	پدافند	_	_	_	_
11	غیرعامل	_	_	_	_
12	اظهار	_	_	_	_
13	داشتند	_	_	_	_
14	:	_	_	_	_
15	پدافند	_	_	_	_
16	غیرعامل	_	_	_	_
17	در	_	_	_	_
18	مقابل	_	_	_	_
19	تهاجم	_	_	_	_
20	دشمنان	_	_	_	_
21	علمی	_	_	_	_
22	،	_	_	_	_
23	جدی	_	_	_	_
24	و	_	_	_	_
25	همه‌جانبه	_	_	_	_
26	باشد	_	_	_	_
27	.	_	_	_	_

0	به	_	_	_	_
1	گزارش	_	_	_	_
2	پایگاه	_	_	_	_
3	اطلاع‌رسانی	_	_	_	_
4	دفتر	_	_	_	_
5	حفظ	_	_	_	_
6	و	_	_	_	_
7	نشر	_	_	_	_
8	آثار	_	_	_	_
9	رهبر	_	_	_	_
10	معظم	_	_	_	_
11	انقلاب	_	_	_	_
12	،	_	_	_	_
13	حضرت	_	_	_	_
14	آیت	_	_	_	_
15	الله	_	_	_	_
16	خامنه‌ای	_	_	_	_
17	رهبر	_	_	_	_
18	معظم	_	_	_	_
19	انقلاب	_	_	_	_
20	اسلامی	_	_	_	_
21	ظهر	_	_	_	_
22	امروز	_	_	_	_
23	(	_	_	_	_
24	یکشنبه	_	_	_	_
25	۶	_	_	_	_
26	آبان	_	_	_	_
27	)	_	_	_	_
28	در	_	_	_	_
29	این	_	_	_	_
30	دیدار	_	_	_	_
31	با	_	_	_	_
32	اشاره	_	_	_	_
33	به	_	_	_	_
34	اهمیت	_	_	_	_
35	روزافزون	_	_	_	_
36	پدافند	_	_	_	_
37	غیرعامل	_	_	_	_
38	در	_	_	_	_
39	مقابله	_	_	_	_
40	با	_	_	_	_
41	تهدیدهای	_	_	_	_
42	نو	_	_	_	_
43	شونده	_	_	_	_
44	دشمنان	_	_	_	_
45	،	_	_	_	_
46	تأکید	_	_	_	_
47	کردند	_	_	_	_
48	:	_	_	_	_
49	در	_	_	_	_
50	مقابل	_	_	_	_
51	شیوه‌های	_	_	_	_
52	پیچیده	_	_	_	_
53	تهاجم	_	_	_	_
54	دشمنان	_	_	_	_
55	،	_	_	_	_
56	پدافند	_	_	_	_
57	غیرعامل	_	_	_	_
58	نیز	_	_	_	_
59	باید	_	_	_	_
60	کاملا	_	_	_	_
61	هوشیار	_	_	_	_
62	و	_	_	_	_
63	جدی	_	_	_	_
64	باشد	_	_	_	_
65	و	_	_	_	_
66	به	_	_	_	_
67	صورت	_	_	_	_
68	علمی	_	_	_	_
69	،	_	_	_	_
70	دقیق	_	_	_	_
71	،	_	_	_	_
72	به‌روز	_	_	_	_
73	و	_	_	_	_
74	همه‌جانبه	_	_	_	_
75	عمل	_	_	_	_
76	و	_	_	_	_
77	با	_	_	_	_
78	هرگونه	_	_	_	_
79	نفوذ	_	_	_	_
80	مقابله	_	_	_	_
81	کند	_	_	_	_
82	.	_	_	_	_

0	حضرت	_	_	_	_
1	آیت	_	_	_	_
2	الله	_	_	_	_
3	خامنه‌ای	_	_	_	_
4	توجه	_	_	_	_
5	مسئولان	_	_	_	_
6	در	_	_	_	_
7	همه	_	_	_	_
8	بخشها	_	_	_	_
9	به	_	_	_	_
10	اهمیت	_	_	_	_
11	پدافند	_	_	_	_
12	غیرعامل	_	_	_	_
13	را	_	_	_	_
14	لازم	_	_	_	_
15	دانستند	_	_	_	_
16	و	_	_	_	_
17	افزودند	_	_	_	_
18	:	_	_	_	_
19	اگر	_	_	_	_
20	مدیران	_	_	_	_
21	کشور	_	_	_	_
22	اهمیت	_	_	_	_
23	این	_	_	_	_
24	مسئله	_	_	_	_
25	را	_	_	_	_
26	درک	_	_	_	_
27	نکنند	_	_	_	_
28	و	_	_	_	_
29	پدافند	_	_	_	_
30	غیرعامل	_	_	_	_
31	به	_	_	_	_
32	طور	_	_	_	_
33	شایسته	_	_	_	_
34	توسعه	_	_	_	_
35	پیدا	_	_	_	_
36	نکند	_	_	_	_
37	،	_	_	_	_
38	کشور	_	_	_	_
39	در	_	_	_	_
40	معرض	_	_	_	_
41	تهدیدهای	_	_	_	_
42	بعضا	_	_	_	_
43	غیرقابل	_	_	_	_
44	جبران	_	_	_	_
45	قرار	_	_	_	_
46	خواهد_گرفت	_	_	_	_
47	،	_	_	_	_
48	بنابراین	_	_	_	_
49	مسئولان	_	_	_	_
50	بخش‌های	_	_	_	_
51	مختلف	_	_	_	_
52	کشور	_	_	_	_
53	چه	_	_	_	_
54	بخشهای	_	_	_	_
55	نظامی	_	_	_	_
56	و	_	_	_	_
57	چه	_	_	_	_
58	بخشهای	_	_	_	_
59	غیرنظامی	_	_	_	_
60	،	_	_	_	_
61	باید	_	_	_	_
62	با	_	_	_	_
63	پدافند	_	_	_	_
64	غیرعامل	_	_	_	_
65	همکاری	_	_	_	_
66	کامل	_	_	_	_
67	و	_	_	_	_
68	لازم	_	_	_	_
69	انجام	_	_	_	_
70	دهند	_	_	_	_
71	.	_	_	_	_

0	ایران	_	_	_	_
1	و	_	_	_	_
2	اتحادیه	_	_	_	_
3	اروپا	_	_	_	_
4	برای	_	_	_	_
5	رونمایی	_	_	_	_
6	از	_	_	_	_
7	یک	_	_	_	_
8	تونل	_	_	_	_
9	مالی	_	_	_	_
10	ویژه‌	_	_	_	_
11	،	_	_	_	_
12	با	_	_	_	_
13	هدف	_	_	_	_
14	خنثی‌سازی	_	_	_	_
15	اثر	_	_	_	_
16	تحریم‌های	_	_	_	_
17	آمریکا	_	_	_	_
18	و	_	_	_	_
19	هموار	_	_	_	_
20	شدن	_	_	_	_
21	راه	_	_	_	_
22	تجارت	_	_	_	_
23	بین	_	_	_	_
24	کشورمان	_	_	_	_
25	با	_	_	_	_
26	جهان	_	_	_	_
27	آماده	_	_	_	_
28	می‌شوند	_	_	_	_
29	.	_	_	_	_

0	ایجاد	_	_	_	_
1	کانال	_	_	_	_
2	ویژه	_	_	_	_
3	مالی	_	_	_	_
4	اروپا	_	_	_	_
5	یکی	_	_	_	_
6	از	_	_	_	_
7	گام‌های	_	_	_	_
8	عملی	_	_	_	_
9	برای	_	_	_	_
10	حفظ	_	_	_	_
11	برجام	_	_	_	_
12	و	_	_	_	_
13	بهره‌مندی	_	_	_	_
14	ایران	_	_	_	_
15	از	_	_	_	_
16	منافع	_	_	_	_
17	اقتصادی	_	_	_	_
18	آن	_	_	_	_
19	ازجمله	_	_	_	_
20	ایمن	_	_	_	_
21	ماندن	_	_	_	_
22	مسیر	_	_	_	_
23	فروش	_	_	_	_
24	نفت	_	_	_	_
25	و	_	_	_	_
26	دیگر	_	_	_	_
27	کالاهای	_	_	_	_
28	صادراتی	_	_	_	_
29	به	_	_	_	_
30	اروپا	_	_	_	_
31	و	_	_	_	_
32	البته	_	_	_	_
33	سایر	_	_	_	_
34	کشورها	_	_	_	_
35	به‌شمار	_	_	_	_
36	می‌رود	_	_	_	_
37	و	_	_	_	_
38	قرار	_	_	_	_
39	است	_	_	_	_
40	مبنای	_	_	_	_
41	رد	_	_	_	_
42	و	_	_	_	_
43	بدل	_	_	_	_
44	مالی	_	_	_	_
45	در	_	_	_	_
46	این	_	_	_	_
47	کانال	_	_	_	_
48	ویژه	_	_	_	_
49	براساس	_	_	_	_
50	یورو	_	_	_	_
51	و	_	_	_	_
52	نه	_	_	_	_
53	دلار	_	_	_	_
54	صورت	_	_	_	_
55	گیرد	_	_	_	_
56	.	_	_	_	_

0	به‌گزارش	_	_	_	_
1	همشهری	_	_	_	_
2	،	_	_	_	_
3	عبدالناصر	_	_	_	_
4	همتی	_	_	_	_
5	،	_	_	_	_
6	رئیس‌کل	_	_	_	_
7	بانک	_	_	_	_
8	مرکزی	_	_	_	_
9	ایران	_	_	_	_
10	در	_	_	_	_
11	تازه‌ترین	_	_	_	_
12	واکنش	_	_	_	_
13	به	_	_	_	_
14	این	_	_	_	_
15	موضوع	_	_	_	_
16	گفته_است	_	_	_	_
17	جزئیات	_	_	_	_
18	و	_	_	_	_
19	نحوه	_	_	_	_
20	استفاده	_	_	_	_
21	از	_	_	_	_
22	کانال	_	_	_	_
23	ویژه	_	_	_	_
24	مالی	_	_	_	_
25	اروپا	_	_	_	_
26	هفته	_	_	_	_
27	آینده	_	_	_	_
28	در	_	_	_	_
29	جریان	_	_	_	_
30	یک	_	_	_	_
31	نشست	_	_	_	_
32	که	_	_	_	_
33	در	_	_	_	_
34	شهر	_	_	_	_
35	بروکسل	_	_	_	_
36	بلژیک	_	_	_	_
37	،	_	_	_	_
38	مقر	_	_	_	_
39	اتحادیه	_	_	_	_
40	اروپا	_	_	_	_
41	برگزار	_	_	_	_
42	می‌شود	_	_	_	_
43	،	_	_	_	_
44	نهایی	_	_	_	_
45	خواهد_شد	_	_	_	_
46	.	_	_	_	_

0	او	_	_	_	_
1	وعده	_	_	_	_
2	داده	_	_	_	_
3	جزئیات	_	_	_	_
4	این	_	_	_	_
5	کانال	_	_	_	_
6	ضد‌تحریم	_	_	_	_
7	به‌زودی	_	_	_	_
8	اعلام	_	_	_	_
9	خواهد_شد	_	_	_	_
10	.	_	_	_	_

0	به	_	_	_	_
1	گفته	_	_	_	_
2	این	_	_	_	_
3	مقام	_	_	_	_
4	ارشد	_	_	_	_
5	بانک	_	_	_	_
6	مرکزی	_	_	_	_
7	،	_	_	_	_
8	جزئیات	_	_	_	_
9	این	_	_	_	_
10	کانال	_	_	_	_
11	هفته	_	_	_	_
12	آینده	_	_	_	_
13	بین	_	_	_	_
14	ایران	_	_	_	_
15	و	_	_	_	_
16	اروپا	_	_	_	_
17	مورد	_	_	_	_
18	بررسی	_	_	_	_
19	نهایی	_	_	_	_
20	قرار	_	_	_	_
21	می‌گیرد	_	_	_	_
22	و	_	_	_	_
23	هدف	_	_	_	_
24	نخست	_	_	_	_
25	آن	_	_	_	_
26	رفع	_	_	_	_
27	مشکلات	_	_	_	_
28	مربوط	_	_	_	_
29	به	_	_	_	_
30	انجام	_	_	_	_
31	پرداخت‌های	_	_	_	_
32	مالی	_	_	_	_
33	است	_	_	_	_
34	.	_	_	_	_

0	او	_	_	_	_
1	در	_	_	_	_
2	صفحه	_	_	_	_
3	اینستاگرام	_	_	_	_
4	خود	_	_	_	_
5	نوشته_است	_	_	_	_
6	:	_	_	_	_
7	کانال	_	_	_	_
8	ویژه	_	_	_	_
9	مالی	_	_	_	_
10	اروپا	_	_	_	_
11	،	_	_	_	_
12	نقش	_	_	_	_
13	نوعی	_	_	_	_
14	پیمان	_	_	_	_
15	پولی	_	_	_	_
16	دوجانبه	_	_	_	_
17	میان	_	_	_	_
18	ایران	_	_	_	_
19	و	_	_	_	_
20	اتحادیه	_	_	_	_
21	اروپا	_	_	_	_
22	را	_	_	_	_
23	ایفا	_	_	_	_
24	خواهد_کرد	_	_	_	_
25	و	_	_	_	_
26	هر	_	_	_	_
27	دو	_	_	_	_
28	طرف	_	_	_	_
29	بر	_	_	_	_
30	تسریع	_	_	_	_
31	در	_	_	_	_
32	عملیاتی	_	_	_	_
33	شدن	_	_	_	_
34	این	_	_	_	_
35	فرایند	_	_	_	_
36	تأکید	_	_	_	_
37	دارند	_	_	_	_
38	.	_	_	_	_

0	پیش‌تر	_	_	_	_
1	در	_	_	_	_
2	هفته	_	_	_	_
3	نخست	_	_	_	_
4	مهرماه	_	_	_	_
5	فدریکا	_	_	_	_
6	موگرینی	_	_	_	_
7	،	_	_	_	_
8	مسئول	_	_	_	_
9	سیاست	_	_	_	_
10	خارجی	_	_	_	_
11	اتحادیه	_	_	_	_
12	اروپا	_	_	_	_
13	،	_	_	_	_
14	قول	_	_	_	_
15	داده_بود	_	_	_	_
16	که	_	_	_	_
17	کانال	_	_	_	_
18	ویژه	_	_	_	_
19	مالی	_	_	_	_
20	اروپا	_	_	_	_
21	تا	_	_	_	_
22	قبل	_	_	_	_
23	از	_	_	_	_
24	۱۰	_	_	_	_
25	آبان	_	_	_	_
26	یعنی	_	_	_	_
27	چند	_	_	_	_
28	روز	_	_	_	_
29	مانده	_	_	_	_
30	به	_	_	_	_
31	اعمال	_	_	_	_
32	مرحله	_	_	_	_
33	دوم	_	_	_	_
34	تحریم‌های	_	_	_	_
35	یکجانبه	_	_	_	_
36	و	_	_	_	_
37	فراسرزمینی	_	_	_	_
38	آمریکا	_	_	_	_
39	علیه	_	_	_	_
40	ایران	_	_	_	_
41	ایجاد	_	_	_	_
42	شود	_	_	_	_
43	.	_	_	_	_

0	ایجاد	_	_	_	_
1	کانال	_	_	_	_
2	ویژه	_	_	_	_
3	مالی	_	_	_	_
4	بر	_	_	_	_
5	مبنای	_	_	_	_
6	الگوی	_	_	_	_
7	پیمان	_	_	_	_
8	دوجانبه	_	_	_	_
9	پولی	_	_	_	_
10	به	_	_	_	_
11	این	_	_	_	_
12	معناست	_	_	_	_
13	که	_	_	_	_
14	بین	_	_	_	_
15	ایران	_	_	_	_
16	به‌عنوان	_	_	_	_
17	کشور	_	_	_	_
18	صادرکننده	_	_	_	_
19	نفت	_	_	_	_
20	و	_	_	_	_
21	سایر	_	_	_	_
22	کالاها	_	_	_	_
23	و	_	_	_	_
24	کشور	_	_	_	_
25	خریدار	_	_	_	_
26	،	_	_	_	_
27	پول	_	_	_	_
28	ملی	_	_	_	_
29	۲کشور	_	_	_	_
30	مبنای	_	_	_	_
31	عمل	_	_	_	_
32	تسویه‌حساب	_	_	_	_
33	قرار	_	_	_	_
34	می‌گیرد	_	_	_	_
35	اما	_	_	_	_
36	پیش	_	_	_	_
37	از	_	_	_	_
38	این	_	_	_	_
39	اعلام	_	_	_	_
40	شده_بود	_	_	_	_
41	که	_	_	_	_
42	سازوکار	_	_	_	_
43	مالی	_	_	_	_
44	پیشنهادشده	_	_	_	_
45	از	_	_	_	_
46	سوی	_	_	_	_
47	اروپا	_	_	_	_
48	بر	_	_	_	_
49	مبنای	_	_	_	_
50	یورو	_	_	_	_
51	به‌معنای	_	_	_	_
52	واحد	_	_	_	_
53	پولی	_	_	_	_
54	این	_	_	_	_
55	قاره	_	_	_	_
56	خواهد_بود	_	_	_	_
57	و	_	_	_	_
58	اجرایی	_	_	_	_
59	شدن	_	_	_	_
60	آن	_	_	_	_
61	مستلزم	_	_	_	_
62	همکاری	_	_	_	_
63	بانک‌های	_	_	_	_
64	مرکزی	_	_	_	_
65	ایران	_	_	_	_
66	با	_	_	_	_
67	دیگر	_	_	_	_
68	بانک‌های	_	_	_	_
69	مرکزی	_	_	_	_
70	اروپاست	_	_	_	_
71	.	_	_	_	_

0	ایرنا	_	_	_	_
1	گزارش	_	_	_	_
2	داده	_	_	_	_
3	در	_	_	_	_
4	قالب	_	_	_	_
5	سازوکار	_	_	_	_
6	مالی	_	_	_	_
7	پیشنهادی	_	_	_	_
8	اروپا	_	_	_	_
9	،	_	_	_	_
10	ایران	_	_	_	_
11	می‌تواند	_	_	_	_
12	کالاها	_	_	_	_
13	ازجمله	_	_	_	_
14	نفت	_	_	_	_
15	و	_	_	_	_
16	فرآورده‌های	_	_	_	_
17	نفتی	_	_	_	_
18	را	_	_	_	_
19	به	_	_	_	_
20	اروپا	_	_	_	_
21	صادر	_	_	_	_
22	و	_	_	_	_
23	در	_	_	_	_
24	قبال	_	_	_	_
25	آن	_	_	_	_
26	کالاها	_	_	_	_
27	و	_	_	_	_
28	خدمات	_	_	_	_
29	موردنیاز	_	_	_	_
30	را	_	_	_	_
31	از	_	_	_	_
32	کشورهای	_	_	_	_
33	اروپایی	_	_	_	_
34	خریداری	_	_	_	_
35	کند	_	_	_	_
36	و	_	_	_	_
37	تهاتر	_	_	_	_
38	دریافت	_	_	_	_
39	و	_	_	_	_
40	پرداخت‌ها	_	_	_	_
41	بین	_	_	_	_
42	بانک‌های	_	_	_	_
43	مرکزی	_	_	_	_
44	و	_	_	_	_
45	نه	_	_	_	_
46	شبکه	_	_	_	_
47	بانکی	_	_	_	_
48	صورت	_	_	_	_
49	می‌پذیرد	_	_	_	_
50	.	_	_	_	_

0	«	_	_	_	_
1	آلبرت	_	_	_	_
2	بغزیان	_	_	_	_
3	»	_	_	_	_
4	استاد	_	_	_	_
5	اقتصاد	_	_	_	_
6	دانشگاه	_	_	_	_
7	تهران	_	_	_	_
8	می‌گوید	_	_	_	_
9	:	_	_	_	_
10	اگر	_	_	_	_
11	اروپا	_	_	_	_
12	بخواهد	_	_	_	_
13	و	_	_	_	_
14	از	_	_	_	_
15	آمریکا	_	_	_	_
16	ترس	_	_	_	_
17	نداشته_باشد	_	_	_	_
18	،	_	_	_	_
19	به‌راحتی	_	_	_	_
20	می‌تواند	_	_	_	_
21	این	_	_	_	_
22	کانال	_	_	_	_
23	ارتباط	_	_	_	_
24	مالی	_	_	_	_
25	یورویی	_	_	_	_
26	را	_	_	_	_
27	با	_	_	_	_
28	ایران	_	_	_	_
29	برقرار	_	_	_	_
30	کند	_	_	_	_
31	؛	_	_	_	_

0	چون	_	_	_	_
1	حساب‌ها	_	_	_	_
2	بر	_	_	_	_
3	پایه	_	_	_	_
4	یورو	_	_	_	_
5	نگهداری	_	_	_	_
6	می‌شود	_	_	_	_
7	،	_	_	_	_
8	به‌راحتی	_	_	_	_
9	می‌توان	_	_	_	_
10	درآمد	_	_	_	_
11	حاصل	_	_	_	_
12	از	_	_	_	_
13	صادرات	_	_	_	_
14	ایران	_	_	_	_
15	را	_	_	_	_
16	با	_	_	_	_
17	واردات	_	_	_	_
18	کالاها	_	_	_	_
19	و	_	_	_	_
20	خدمات	_	_	_	_
21	از	_	_	_	_
22	حوزه	_	_	_	_
23	اروپا	_	_	_	_
24	تهاتر	_	_	_	_
25	کرد	_	_	_	_
26	.	_	_	_	_

0	عباس	_	_	_	_
1	هشی	_	_	_	_
2	،	_	_	_	_
3	کارشناس	_	_	_	_
4	اقتصادی	_	_	_	_
5	هم	_	_	_	_
6	توضیح	_	_	_	_
7	می‌دهد	_	_	_	_
8	این	_	_	_	_
9	کانال	_	_	_	_
10	یورویی	_	_	_	_
11	اختراع	_	_	_	_
12	جدیدی	_	_	_	_
13	نیست	_	_	_	_
14	و	_	_	_	_
15	عملکرد	_	_	_	_
16	آن	_	_	_	_
17	همچون	_	_	_	_
18	اتاق‌های	_	_	_	_
19	تسویه	_	_	_	_
20	پایاپای	_	_	_	_
21	در	_	_	_	_
22	زمان	_	_	_	_
23	جنگ	_	_	_	_
24	تحمیلی	_	_	_	_
25	خواهد_بود	_	_	_	_
26	.	_	_	_	_

0	معاون	_	_	_	_
1	بین‌الملل	_	_	_	_
2	بانک	_	_	_	_
3	مرکزی	_	_	_	_
4	می‌گوید	_	_	_	_
5	:	_	_	_	_
6	آمریکایی‌ها	_	_	_	_
7	پیش	_	_	_	_
8	از	_	_	_	_
9	١٣	_	_	_	_
10	آبان	_	_	_	_
11	هرچه	_	_	_	_
12	در	_	_	_	_
13	توان	_	_	_	_
14	داشتند	_	_	_	_
15	،	_	_	_	_
16	انجام	_	_	_	_
17	دادند	_	_	_	_
18	اما	_	_	_	_
19	با	_	_	_	_
20	برنامه‌ریزی‌ها	_	_	_	_
21	،	_	_	_	_
22	تلاش	_	_	_	_
23	داریم	_	_	_	_
24	هزینه‌های	_	_	_	_
25	تحریم	_	_	_	_
26	را	_	_	_	_
27	کاهش	_	_	_	_
28	داده	_	_	_	_
29	و	_	_	_	_
30	اجازه	_	_	_	_
31	ندهیم	_	_	_	_
32	جریان	_	_	_	_
33	تجاری	_	_	_	_
34	کشور	_	_	_	_
35	متوقف	_	_	_	_
36	شود	_	_	_	_
37	؛	_	_	_	_
38	ضمن	_	_	_	_
39	آنکه	_	_	_	_
40	اروپایی‌ها	_	_	_	_
41	به	_	_	_	_
42	چند	_	_	_	_
43	دلیل	_	_	_	_
44	نمی‌خواهند	_	_	_	_
45	تجارت	_	_	_	_
46	با	_	_	_	_
47	ایران	_	_	_	_
48	را	_	_	_	_
49	رها	_	_	_	_
50	کنند	_	_	_	_
51	.	_	_	_	_

0	براساس	_	_	_	_
1	اعلام	_	_	_	_
2	بانک	_	_	_	_
3	صادرات	_	_	_	_
4	ایران	_	_	_	_
5	،	_	_	_	_
6	حسین	_	_	_	_
7	یعقوبی	_	_	_	_
8	میاب	_	_	_	_
9	تأکید	_	_	_	_
10	می‌کند	_	_	_	_
11	:	_	_	_	_
12	تحریم‌های	_	_	_	_
13	اخیر	_	_	_	_
14	مانند	_	_	_	_
15	تحریم‌های	_	_	_	_
16	سازمان	_	_	_	_
17	ملل	_	_	_	_
18	گسترده	_	_	_	_
19	نیست	_	_	_	_
20	و	_	_	_	_
21	به	_	_	_	_
22	همین	_	_	_	_
23	دلیل	_	_	_	_
24	ابزارهای	_	_	_	_
25	بهتری	_	_	_	_
26	برای	_	_	_	_
27	مقابله	_	_	_	_
28	با	_	_	_	_
29	آنها	_	_	_	_
30	در	_	_	_	_
31	اختیار	_	_	_	_
32	داریم	_	_	_	_
33	.	_	_	_	_

0	معاون	_	_	_	_
1	بین‌الملل	_	_	_	_
2	بانک	_	_	_	_
3	مرکزی	_	_	_	_
4	تأکید	_	_	_	_
5	می‌کند	_	_	_	_
6	:	_	_	_	_
7	دولت	_	_	_	_
8	آمریکا	_	_	_	_
9	سعی	_	_	_	_
10	کرده_است	_	_	_	_
11	با	_	_	_	_
12	خروج	_	_	_	_
13	از	_	_	_	_
14	برجام	_	_	_	_
15	،	_	_	_	_
16	اقتصاد	_	_	_	_
17	ایران	_	_	_	_
18	را	_	_	_	_
19	دچار	_	_	_	_
20	اختلال	_	_	_	_
21	کند	_	_	_	_
22	اما	_	_	_	_
23	حضور	_	_	_	_
24	اروپایی‌ها	_	_	_	_
25	و	_	_	_	_
26	تعهداتی	_	_	_	_
27	که	_	_	_	_
28	دادند	_	_	_	_
29	،	_	_	_	_
30	فشار	_	_	_	_
31	را	_	_	_	_
32	کمتر	_	_	_	_
33	کرد	_	_	_	_
34	؛	_	_	_	_
35	تا	_	_	_	_
36	زمانی	_	_	_	_
37	که	_	_	_	_
38	اروپایی‌ها	_	_	_	_
39	حضور	_	_	_	_
40	دارند	_	_	_	_
41	معافیت‌های	_	_	_	_
42	خوب	_	_	_	_
43	همچنان	_	_	_	_
44	وجود	_	_	_	_
45	خواهد_داشت	_	_	_	_
46	.	_	_	_	_

0	یعقوبی	_	_	_	_
1	می‌افزاید	_	_	_	_
2	:	_	_	_	_
3	تصور	_	_	_	_
4	می‌کنم	_	_	_	_
5	اروپایی‌ها	_	_	_	_
6	به	_	_	_	_
7	۲دلیل	_	_	_	_
8	به‌زودی	_	_	_	_
9	کنار	_	_	_	_
10	نخواهند_رفت	_	_	_	_
11	؛	_	_	_	_
12	نخست	_	_	_	_
13	به‌واسطه	_	_	_	_
14	جنگ	_	_	_	_
15	تجاری	_	_	_	_
16	آنها	_	_	_	_
17	با	_	_	_	_
18	آمریکا	_	_	_	_
19	و	_	_	_	_
20	دوم	_	_	_	_
21	اینکه	_	_	_	_
22	به‌دنبال	_	_	_	_
23	تقویت	_	_	_	_
24	جایگاه	_	_	_	_
25	اروپا	_	_	_	_
26	در	_	_	_	_
27	فضای	_	_	_	_
28	اقتصاد	_	_	_	_
29	بین‌الملل	_	_	_	_
30	هستند	_	_	_	_
31	.	_	_	_	_

0	رویترز	_	_	_	_
1	به	_	_	_	_
2	نقل	_	_	_	_
3	از	_	_	_	_
4	۳دیپلمات	_	_	_	_
5	اروپایی	_	_	_	_
6	گزارش	_	_	_	_
7	داد	_	_	_	_
8	:	_	_	_	_
9	کانال	_	_	_	_
10	مالی	_	_	_	_
11	یا	_	_	_	_
12	سازوکار	_	_	_	_
13	اتحادیه	_	_	_	_
14	اروپا	_	_	_	_
15	برای	_	_	_	_
16	تسهیل	_	_	_	_
17	پرداخت	_	_	_	_
18	پول	_	_	_	_
19	اقلام	_	_	_	_
20	صادراتی	_	_	_	_
21	ایران	_	_	_	_
22	به	_	_	_	_
23	اروپا	_	_	_	_
24	با	_	_	_	_
25	هدف	_	_	_	_
26	عبور	_	_	_	_
27	از	_	_	_	_
28	تحریم‌های	_	_	_	_
29	آمریکا	_	_	_	_
30	،	_	_	_	_
31	تا	_	_	_	_
32	سیزدهم	_	_	_	_
33	آبان	_	_	_	_
34	به	_	_	_	_
35	شکل	_	_	_	_
36	نمادین	_	_	_	_
37	آماده	_	_	_	_
38	می‌شود	_	_	_	_
39	اما	_	_	_	_
40	عملیاتی	_	_	_	_
41	شدن	_	_	_	_
42	آن	_	_	_	_
43	تا	_	_	_	_
44	اوایل	_	_	_	_
45	زمستان	_	_	_	_
46	سال‌جاری	_	_	_	_
47	طول	_	_	_	_
48	می‌کشد	_	_	_	_
49	.	_	_	_	_

0	وزیر	_	_	_	_
1	امور	_	_	_	_
2	اقتصادی	_	_	_	_
3	و	_	_	_	_
4	دارایی	_	_	_	_
5	با	_	_	_	_
6	بیان	_	_	_	_
7	اینکه	_	_	_	_
8	تحریمی	_	_	_	_
9	که	_	_	_	_
10	می‌خواهند	_	_	_	_
11	در	_	_	_	_
12	۱۳	_	_	_	_
13	آبان	_	_	_	_
14	اعلام	_	_	_	_
15	کنند	_	_	_	_
16	قبلا	_	_	_	_
17	اجرایی	_	_	_	_
18	کرده‌اند	_	_	_	_
19	،	_	_	_	_
20	گفت	_	_	_	_
21	:	_	_	_	_
22	اولین	_	_	_	_
23	برنامه	_	_	_	_
24	مدنظر	_	_	_	_
25	،	_	_	_	_
26	تامین	_	_	_	_
27	مالی	_	_	_	_
28	اقتصادی	_	_	_	_
29	و	_	_	_	_
30	دومین	_	_	_	_
31	کار	_	_	_	_
32	بهبود	_	_	_	_
33	فضای	_	_	_	_
34	کسب	_	_	_	_
35	و	_	_	_	_
36	کار	_	_	_	_
37	اقتصادی	_	_	_	_
38	از	_	_	_	_
39	طریق	_	_	_	_
40	تسهیل	_	_	_	_
41	شرایط	_	_	_	_
42	گمرکی	_	_	_	_
43	است	_	_	_	_
44	.	_	_	_	_

0	به	_	_	_	_
1	گزارش	_	_	_	_
2	فارس	_	_	_	_
3	،	_	_	_	_
4	فرهاد	_	_	_	_
5	دژپسند	_	_	_	_
6	وزیر	_	_	_	_
7	امور	_	_	_	_
8	اقتصادی	_	_	_	_
9	و	_	_	_	_
10	دارایی	_	_	_	_
11	با	_	_	_	_
12	بیان	_	_	_	_
13	اینکه	_	_	_	_
14	تحریمی	_	_	_	_
15	که	_	_	_	_
16	می‌خواهند	_	_	_	_
17	در	_	_	_	_
18	۱۳	_	_	_	_
19	آبان	_	_	_	_
20	اعلام	_	_	_	_
21	کنند	_	_	_	_
22	،	_	_	_	_
23	قبلا	_	_	_	_
24	اجرایی	_	_	_	_
25	کرده‌اند	_	_	_	_
26	،	_	_	_	_
27	گفت	_	_	_	_
28	:	_	_	_	_
29	در	_	_	_	_
30	وزارت	_	_	_	_
31	امور	_	_	_	_
32	اقتصادی	_	_	_	_
33	و	_	_	_	_
34	دارایی	_	_	_	_
35	در	_	_	_	_
36	حال	_	_	_	_
37	رصد	_	_	_	_
38	برنامه‌های	_	_	_	_
39	دشمن	_	_	_	_
40	و	_	_	_	_
41	در	_	_	_	_
42	حال	_	_	_	_
43	آماده‌سازی	_	_	_	_
44	بسته‌هایی	_	_	_	_
45	برای	_	_	_	_
46	مواجهه	_	_	_	_
47	با	_	_	_	_
48	این	_	_	_	_
49	دشمنی‌ها	_	_	_	_
50	هستیم	_	_	_	_
51	.	_	_	_	_

0	دژپسند	_	_	_	_
1	درباره	_	_	_	_
2	برنامه‌های	_	_	_	_
3	اصلی	_	_	_	_
4	خود	_	_	_	_
5	در	_	_	_	_
6	وزارت	_	_	_	_
7	امور	_	_	_	_
8	اقتصادی	_	_	_	_
9	و	_	_	_	_
10	دارایی	_	_	_	_
11	گفت	_	_	_	_
12	:	_	_	_	_
13	طبیعی	_	_	_	_
14	است	_	_	_	_
15	که	_	_	_	_
16	در	_	_	_	_
17	این	_	_	_	_
18	شرایط	_	_	_	_
19	همه	_	_	_	_
20	انتظار	_	_	_	_
21	دارند	_	_	_	_
22	که	_	_	_	_
23	با	_	_	_	_
24	توجه	_	_	_	_
25	به	_	_	_	_
26	تحریم‌های	_	_	_	_
27	دشمن	_	_	_	_
28	،	_	_	_	_
29	ببینند	_	_	_	_
30	ما	_	_	_	_
31	چه	_	_	_	_
32	برنامه‌ای	_	_	_	_
33	را	_	_	_	_
34	تدارک	_	_	_	_
35	دیدیم	_	_	_	_
36	.	_	_	_	_

0	وی	_	_	_	_
1	افزود	_	_	_	_
2	:	_	_	_	_
3	اولین	_	_	_	_
4	برنامه	_	_	_	_
5	مدنظر	_	_	_	_
6	،	_	_	_	_
7	تامین	_	_	_	_
8	مالی	_	_	_	_
9	اقتصادی	_	_	_	_
10	است	_	_	_	_
11	.	_	_	_	_

0	دومین	_	_	_	_
1	کار	_	_	_	_
2	بهبود	_	_	_	_
3	فضای	_	_	_	_
4	کسب	_	_	_	_
5	و	_	_	_	_
6	کار	_	_	_	_
7	اقتصادی	_	_	_	_
8	از	_	_	_	_
9	طریق	_	_	_	_
10	تسهیل	_	_	_	_
11	شرایط	_	_	_	_
12	گمرکی	_	_	_	_
13	است	_	_	_	_
14	.	_	_	_	_

0	سومین	_	_	_	_
1	کار	_	_	_	_
2	این	_	_	_	_
3	است	_	_	_	_
4	که	_	_	_	_
5	بتوانیم	_	_	_	_
6	سیاست‌های	_	_	_	_
7	خصوصی‌سازی	_	_	_	_
8	را	_	_	_	_
9	همان‌طور	_	_	_	_
10	که	_	_	_	_
11	در	_	_	_	_
12	اصل	_	_	_	_
13	۴۴	_	_	_	_
14	آمده_است	_	_	_	_
15	پیاده	_	_	_	_
16	کنیم	_	_	_	_
17	و	_	_	_	_
18	در	_	_	_	_
19	نهایت	_	_	_	_
20	با	_	_	_	_
21	الکترونیکی	_	_	_	_
22	کردن	_	_	_	_
23	و	_	_	_	_
24	ساماندهی	_	_	_	_
25	مشخص	_	_	_	_
26	،	_	_	_	_
27	با	_	_	_	_
28	فساد	_	_	_	_
29	مقابله	_	_	_	_
30	کنیم	_	_	_	_
31	چراکه	_	_	_	_
32	فساد	_	_	_	_
33	،	_	_	_	_
34	اقتصاد	_	_	_	_
35	را	_	_	_	_
36	زمین‌گیر	_	_	_	_
37	می‌کند	_	_	_	_
38	.	_	_	_	_

0	امیدوارم	_	_	_	_
1	در	_	_	_	_
2	این	_	_	_	_
3	کارها	_	_	_	_
4	با	_	_	_	_
5	همکاری	_	_	_	_
6	دیگران	_	_	_	_
7	،	_	_	_	_
8	گام	_	_	_	_
9	بلندی	_	_	_	_
10	برداریم	_	_	_	_
11	.	_	_	_	_

