0    در
1    هم
2    تنیدگی
3    کوانتومی
4    می‌گوید
5    «
6    در
7    سامانه‌های
8    مرکب
9    با
10    وضعیت‌هایی
11    مواجه
12    می‌شویم
13    که
14    در
15    آن
16    اجزای
17    سامانه
18    دارای
19    هیچ
20    ویژگی
21    نیستند
22    بلکه
23    فقط
24    سامانهٔ
25    کل
26    دارای
27    دسته‌ای
28    از
29    ویژگی‌ها
30    است
31    .
32    »
33    به
34    زبان
35    ساده
36    و
37    به
38    عنوان
39    اولین
40    مثال
41    تاریخی
42    ،
43    درهم‌تنیدگی
44    جفت
45    شدن
46    خواص
47    مکانیکی
48    دو
49    ذره
50    است
51    ،
52    ذراتی
53    که
54    پیش‌تر
55    با
56    یکدیگر
57    در
58    اندرکنش
59    بوده
60    و
61    سپس
62    از
63    یک
64    دیگر
65    جدا
66    شده‌اند
67    .

0    در
1    هم
2    تنیدگی
3    برای
4    ذراتی
5    همچون
6    فوتونها
7    ،
8    الکترونها
9    و
10    حتی
11    مولکول‌ها
12    رخ
13    می‌دهد
14    .

0    این
1    اندرکنش
2    فیزیکی
3    مربوط
4    به
5    خواصی
6    نظیر
7    مکان
8    ،
9    تکانه
10    ،
11    اسپین
12    و
13    قطبش
14    و
15    …
16    است
17    به
18    گونه‌ای
19    که
20    با
21    تعیین
22    هر
23    یک
24    از
25    خواص
26    برای
27    یکی
28    از
29    دو
30    ذره
31    همان
32    خاصیت
33    در
34    دیگری
35    تعیین
36    می‌شود
37    .

0    به
1    عبارت
2    دیگر
3    هر
4    یک
5    از
6    ذرات
7    جفت
8    شده
9    به
10    خوبی
11    توسط
12    حالت
13    کوانتومی
14    مشابه
15    توصیف
16    می‌شوند
17    .

0    فلسفه‌ای
1    که
2    منجر
3    به
4    شکل‌گیری
5    ی
6    زبان‌های
7    شی
8    گرا
9    شد
10    ،
11    عبارت
12    بود
13    از
14    این
15    واقعیت
16    که
17    نحوهٔ
18    عملکرد
19    مغز
20    و
21    شیوهٔ
22    دریافت
23    اطلاعات
24    از
25    محیط
26    پیرامون
27    و
28    پردازش
29    آن
30    اطلاعات
31    (
32    اندیشیدن
33    )
34    ،
35    شیوه‌ای
36    شی
37    گراست
38    ،
39    از
40    همین
41    روی
42    می‌بایستی
43    زبانی
44    تعریف
45    می‌شد
46    که
47    همین
48    شیوه
49    را
50    مبنای
51    کار
52    خود
53    قرار
54    داده
55    و
56    بازتولید
57    می‌کرد
58    ؛
59    و
60    دقیقا
61    به
62    همان
63    شکل
64    که
65    اشیا
66    در
67    جهان
68    خارج
69    ،
70    دارای
71    هویت
72    و
73    کارکرد
74    مشخص
75    و
76    یگانه
77    برای
78    خود
79    هستند
80    و
81    در
82    عین
83    حال
84    با
85    دیگر
86    اشیا
87    در
88    ارتباطی
89    تنگاتنگ
90    و
91    مستقیم
92    اند
93    ،
94    در
95    زبان‌های
96    برنامه‌نویسی
97    نیز
98    می‌بایستی
99    این
100    اصول
101    کلی
102    برقرار
103    می‌شد
104    .

0    تا
1    به
2    این
3    شکل
4    ،
5    برنامه‌نویس
6    بتواند
7    با
8    بهره‌گیری
9    از
10    زبانی
11    که
12    به
13    روش
14    اندیشیدنش
15    ،
16    نزدیکی
17    بیشتری
18    دارد
19    ،
20    شی‌های
21    مختلفی
22    را
23    تعریف
24    نموده
25    ،
26    این
27    شی‌ها
28    را
29    در
30    ارتباط
31    با
32    یکدیگر
33    قرار
34    داده
35    و
36    از
37    شی‌های
38    پویای
39    تولید
40    شده
41    برای
42    حل
43    مسئله‌ی
44    پیش
45    روی
46    استفاده
47    نماید
48    .

0    امروزه
1    اکثر
2    زبان‌های
3    دستوری
4    برنامه‌نویسی
5    از
6    فنون
7    شی‌گرایی
8    پشتیبانی
9    می‌کنند
10    .

0    زبان‌هایی
1    مانند
2    جاوا
3    ،
4    سی++
5    ،
6    سی
7    شارپ
8    ،
9    دلفی
10    از
11    جمله
12    زبان‌های
13    شی‌گرا
14    هستند
15    .

0    حتی
1    بسیاری
2    از
3    زبانهای
4    روال
5    گونه
6    که
7    ساختار
8    برنامه‌ها
9    در
10    آن‌ها
11    بلوک‌هایی
12    با
13    نام
14    پروسیجر
15    است
16    امروزه
17    از
18    فنون
19    شی‌گرایی
20    نیز
21    پشتبانی
22    می‌کنند
23    .

0    زبان‌های
1    سی++
2    و
3    پی‌اچ‌پی
4    از
5    این
6    جمله
7    هستند
8    .

0    هر
1    شیء
2    یک
3    سری
4    خصوصیت
5    و
6    قابلیت
7    دارد
8    ،
9    که
10    اصطلاحا
11    Properties
12    و
13    Operation
14    خوانده_می‌شوند
15    .

0    در
1    این
2    پارادایم
3    برنامه‌نویسی
4    ،
5    دید
6    برنامه‌نویس
7    به
8    سیستم
9    دید
10    شخصی
11    است
12    که
13    سعی
14    می‌نماید
15    با
16    پیدا
17    کردن
18    اشیاء
19    مختلف
20    در
21    سیستم
22    و
23    برقراری
24    ارتباط
25    بین
26    آن‌ها
27    سیستم
28    را
29    تولید
30    نماید
31    .

0    ردیت
1    یک
2    وب‌گاه
3    برای
4    جمع‌آوری
5    اخبار
6    اجتماعی
7    که
8    در
9    آن
10    کاربران
11    ثبت‌نام
12    کرده
13    قادرند
14    اخبار
15    را
16    در
17    قالب
18    لینک
19    یا
20    متن
21    ارسال
22    کنند
23    و
24    آن
25    را
26    با
27    دیگران
28    به
29    اشتراک
30    بگذارند
31    .

0    کاربران
1    می‌توانند
2    به
3    پست
4    یا
5    گزارش‌های
6    نوشته
7    شده
8    رأی
9    دهند
10    و
11    جایگاه
12    آن
13    خبر
14    را
15    در
16    صفحات
17    ردیت
18    و
19    صفحهٔ
20    اصلی
21    مشخص
22    کنند
23    .

0    در
1    واقع
2    کاربران
3    هستند
4    که
5    در
6    ردیت
7    اهمیت
8    خبر
9    را
10    تعیین
11    می‌کنند
12    .

0    این
1    وب‌گاه
2    در
3    سال
4    ۲۰۰۵
5    توسط
6    استیو
7    هافمن
8    و
9    الکسیس
10    اوهانیان
11    که
12    هر
13    دو
14    دانش
15    آموختهٔ
16    دانشگاه
17    ویرجینیا
18    هستند
19    تأسیس
20    شد
21    .

0    دفتر
1    مرکزی
2    ردیت
3    در
4    سانفرانسیسکو
5    ،
6    کالیفرنیا
7    در
8    ایالات
9    متحده
10    آمریکا
11    است
12    .

0    درخشش
1    یا
2    تلألو
3    (
4    به
5    انگلیسی
6    :
7    The
8    Shining
9    )
10    فیلمی
11    در
12    سبک
13    ترسناک
14    روانشناسانه
15    محصول
16    آمریکا
17    و
18    بریتانیا
19    به
20    کارگردانی
21    و
22    تهیه‌کنندگی
23    استنلی
24    کوبریک
25    است
26    که
27    در
28    سال
29    ۱۹۸۰
30    منتشر
31    شد
32    .

0    فیلم‌نامه
1    این
2    کار
3    را
4    کوبریک
5    و
6    دایان
7    جانسون
8    ،
9    رمان‌نویس
10    زاده
11    آمریکا
12    نوشتند
13    .

0    در
1    این
2    فیلم
3    هنرپیشگانی
4    همچون
5    جک
6    نیکلسون
7    ،
8    شلی
9    دووال
10    و
11    دنی
12    لوید
13    به
14    ایفای
15    نقش
16    پرداخته‌اند
17    .

0    درخشش
1    تنها
2    فیلم
3    کوبریک
4    در
5    ژانر
6    وحشت
7    محسوب
8    می‌شود
9    .

0    فیلم
1    بر
2    اساس
3    داستانی
4    به
5    همین
6    نام
7    از
8    استیون
9    کینگ
10    ساخته_شد
11    .

0    جک
1    نیکلسون
2    در
3    معروف‌ترین
4    سکانس
5    فیلم
6    برداشتهای
7    مکرر
8    کوبریک
9    در
10    حین
11    این
12    فیلم
13    یکی
14    از
15    ضرب‌المثلهای
16    صنعت
17    فیلمسازی
18    شده‌است
19    .

0    او
1    ۱۲۷
2    مرتبه
3    از
4    شلی
5    دووال
6    برای
7    یکی
8    از
9    سکانسهای
10    فیلم
11    فیلمبرداری
12    کرد
13    .

0    عصبیت
1    شلی
2    دووال
3    در
4    فیلم
5    به
6    خوبی
7    مشهود
8    است
9    اسکتمن
10    کراترز
11    به
12    نقش
13    آشپز
14    سیاه‌پوست
15    هتل
16    مجبور
17    شد
18    ۴۰
19    بار
20    صحنه
21    درگیری
22    با
23    تبر
24    را
25    بازی
26    کند
27    و
28    نهایتا
29    دچار
30    فروپاشی
31    عصبی
32    شده
33    و
34    با
35    گریه
36    به
37    کوبریک
38    گفت
39    :
40    «
41    آقای
42    کوبریک
43    آخه
44    چی
45    از
46    جونم
47    میخواین
48    ؟
49    »
50    اما
51    کوبریک
52    سکانس
53    خروج
54    و
55    فوران
56    خون
57    از
58    درون
59    آسانسور
60    هتل
61    اورلووک
62    را
63    تنها
64    سه
65    مرتبه
66    تکرار
67    کردو
68    علت
69    به
70    سختی
71    تکرار
72    این
73    صحنه
74    بازمی‌گشت
75    که
76    هر
77    بار
78    آماده
79    کردن
80    آن
81    ۹
82    ساعت
83    طول
84    می‌کشید
85    !

0    اما
1    کوبریک
2    پس
3    از
4    تماشای
5    سکانس
6    می‌گفت
7    :
8    «
9    نه
10    شبیه
11    خون
12    واقعی
13    نشد
14    .
15    »
16    نکته
17    جالب
18    در
19    مورد
20    این
21    صحنه
22    این
23    بود
24    که
25    اداره
26    سانسور
27    انگلستان
28    از
29    وفور
30    این
31    همه
32    خون
33    در
34    یک
35    سکانس
36    به
37    تنگ
38    آمده
39    و
40    درجه
41    فیلم
42    را
43    فقط
44    برای
45    بزرگسالان
46    اعلام
47    نموده_بود
48    اما
49    گویا
50    کوبریک
51    با
52    زیرکی
53    آنها
54    را
55    قانع
56    کرد
57    که
58    این
59    مایع
60    لزج
61    ،
62    خون
63    نبوده
64    بلکه
65    «
66    فاضلاب
67    »
68    است
69    .

0    بازیگر
1    نقش
2    بچه
3    فیلم
4    تا
5    ۱۲
6    سالگی
7    نفهمید
8    که
9    در
10    فیلمی
11    ترسناک
12    بازی
13    کرده‌است
14    .

0    در
1    صورتی
2    که
3    در
4    ۷
5    سالگی
6    این
7    نقش
8    را
9    بازی
10    کرده_بود
11    .

0    کوبریک
1    حس
2    مسئولیت
3    شدیدی
4    در
5    این
6    خصوص
7    احساس
8    می‌کرد
9    و
10    بدین
11    لحاظ
12    این
13    امر
14    را
15    از
16    کودک
17    هنرمند
18    پنهان
19    نگاهداشت
20    تا
21    به
22    روحیه
23    او
24    لطمه‌ای
25    وارد
26    نگردد
27    .

0    حتی
1    بار
2    نخستی
3    که
4    دنی
5    لوید
6    این
7    فیلم
8    را
9    واقعا
10    تماشا
11    کرد
12    با
13    خود
14    استنلی
15    کوبریک
16    بود
17    .

0    زلاتان
1    برای
2    اولین
3    بار
4    در
5    سال
6    ۱۹۹۶
7    با
8    مالمو
9    قرارداد
10    بست
11    و
12    در
13    سال
14    ۱۹۹۹
15    در
16    ترکیب
17    تیم
18    اول
19    این
20    تیم
21    در
22    لیگ
23    اول
24    سوئد
25    قرار
26    گرفت
27    که
28    در
29    این
30    سال
31    این
32    تیم
33    با
34    رتبه
35    سیزدهم
36    به
37    لیگ
38    دوم
39    سقوط
40    کرد
41    ولی
42    فصل
43    بعد
44    به
45    لیگ
46    اول
47    بازگشت
48    .

0    پیش
1    از
2    آن‌که
3    لئو
4    بینهاکر
5    سرمربی
6    آژاکس
7    علاقه
8    خود
9    را
10    برای
11    جذب
12    این
13    بازیکن
14    نشان
15    دهد
16    این
17    آرسن
18    ونگر
19    بود
20    که
21    زلاتان
22    را
23    کشف
24    کرد
25    اما
26    طی
27    تلاشی
28    ناموفق
29    برای
30    انتقال
31    وی
32    به
33    آرسنال
34    ابراهیموویچ
35    به
36    آژاکس
37    پیوست
38    .

0    در
1    ۲۲
2    مارس
3    ۲۰۰۱
4    ابراهیموویچ
5    با
6    قرار
7    دادی
8    معادل
9    ۸۰
10    میلیون
11    کرون
12    سوئد
13    به
14    آژاکس
15    پیوست
16    .

0    «
1    قدرت
2    فقط
3    نصیب
4    کسانی
5    می‌شود
6    که
7    جرات
8    کنند
9    خم
10    شوند
11    و
12    آن
13    را
14    به
15    دقت
16    بگیرند
17    .

0    فقط
1    یک
2    چیز
3    مهم
4    است
5    :
6    باید
7    فقط
8    جرات
9    داشت
10    .

0    لازم
1    بود
2    بدانم
3    که
4    آیا
5    من
6    هم
7    مانند
8    همهٔ
9    مردم
10    شپش
11    هستم
12    یا
13    انسانم
14    ؟

0    آیا
1    من
2    می‌توانم
3    از
4    حد
5    معین
6    تجاوز
7    کنم
8    ،
9    یا
10    نمی‌توانم
11    ؟

0    آیا
1    جسارت
2    این
3    را
4    دارم
5    که
6    خم
7    شوم
8    و
9    آنچه
10    را
11    می‌خواهم
12    ،
13    بردارم
14    یا
15    نه
16    .

0    آیا
1    موجودی
2    ترسو
3    و
4    بزدلم
5    یا
6    صاحب
7    حق
8    و
9    اختیار
10    هستم
11    ؟
12    »
13    «
14    قابل
15    توجه
16    است
17    که
18    بیشتر
19    اشخاص
20    نیکوکار
21    و
22    بنیانگذار
23    اصول
24    انسانیت
25    ،
26    مردمانی
27    بودند
28    بی‌نهایت
29    خونریز
30    .

0    همه
1    ،
2    و
3    نه
4    اشخاص
5    بزرگ
6    ،
7    بلکه
8    حتی
9    آن‌هایی
10    که
11    فقط
12    کمی
13    بیرون
14    از
15    چهارچوب
16    معمول
17    هستند
18    ،
19    یعنی
20    حتی
21    آن‌هایی
22    که
23    اندکی
24    توانایی
25    گفتن
26    سخن
27    نو
28    را
29    دارند
30    ،
31    قاعدتا
32    باید
33    ،
34    بنا
35    بر
36    طبیعت
37    خود
38    ،
39    کم
40    و
41    بیش
42    متجاوز
43    باشند
44    .

0    اگر
1    جز
2    این
3    باشد
4    مشکل
5    است
6    آن‌ها
7    از
8    چهار
9    دیوار
10    خود
11    به
12    درآیند
13    ،
14    و
15    از
16    ماندن
17    در
18    آن
19    چهارچوب
20    به
21    خاطر
22    طبع
23    خود
24    ،
25    نمی‌توانند
26    راضی
27    باشند
28    .
29    »
30    «
31    همه
32    قاتلن
33    ؛
34    همیشه
35    زمین
36    جاری
37    از
38    خون
39    بوده
40    .

0    روی
1    زمین
2    کسایی
3    که
4    قتل
5    می‌کنن
6    بعدها
7    صاحب
8    بزرگ‌ترین
9    افتخارها
10    شدن
11    .

0    من
1    فقط
2    می‌خواستم
3    به
4    مردم
5    خوبی
6    کنم
7    .

0    کشتن
1    یک
2    پیرزن
3    رباخوار
4    و
5    از
6    بین
7    بردن
8    یک
9    حشرهٔ
10    کثیف
11    ،
12    کجاش
13    جنایته
14    ؟
15    »
16    «
17    همه
18    چیزم
19    را
20    باخته_بودم
21    .

0    همه
1    چیزم
2    را
3    !

0    از
1    کازینو
2    بیرون
3    آمدم
4    .

0    آن
1    وقت
2    دیدم
3    یک
4    گولدن
5    ته
6    جیب
7    جلیقه‌ام
8    مانده
9    .

0    گفتم
1    :
2    «
3    آه
4    پس
5    هنوز
6    می‌توانم
7    غذایی
8    بخورم
9    !
10    »
11    اما
12    صد
13    قدم
14    نرفته_بودم
15    که
16    تصمیمم
17    عوض
18    شد
19    .

0    برگشتم
1    و
2    یک
3    گولدن
4    را
5    روی
6    مانک
7    گذاشتم
8    (
9    بله
10    خوب
11    به
12    یاد
13    دارم
14    .

0    روی
1    مانک
2    )
3    و
4    جدا
5    وقتی
6    آدم
7    در
8    کشوری
9    بیگانه
10    دور
11    از
12    وطن
13    و
14    کس
15    و
16    کارش
17    تنهاست
18    و
19    نمی‌داند
20    که
21    همان
22    روز
23    چه
24    خواهد_خورد
25    و
26    می‌خواهد
27    آخرین
28    گولدن
29    خود
30    را
31    آخرینش
32    را
33    به
34    خطر
35    اندازد
36    احساس
37    عجیبی
38    دارد
39    .

0    اما
1    خطر
2    کردم
3    و
4    بردم
5    و
6    بیست
7    دقیقه
8    بعد
9    با
10    صد
11    و
12    هفتاد
13    گولدن
14    در
15    جیب
16    از
17    کازینو
18    بیرون
19    آمدم
20    .

0    این
1    یک
2    واقعیت
3    است
4    .

0    گاهی
1    آخرین
2    گولدن
3    چه
4    کارها
5    می‌کند
6    !

0    اگر
1    شکستم
2    را
3    پذیرفته_بودم
4    اگر
5    جرئت
6    تصمیم
7    نمی‌داشتم
8    چه
9    شده_بود
10    ؟

0    …
1    فردا
2    ،
3    فردا
4    ،
5    همه
6    چیز
7    تمام
8    خواهد_شد
9    .
10    »

