0	﻿جملات	_	_	_	_
1	تست	_	_	_	_
2	:	_	_	_	_

0	تخت	_	_	_	_
1	جمشید	_	_	_	_
2	،	_	_	_	_
3	مجموعه‌ای	_	_	_	_
4	از	_	_	_	_
5	کاخهای	_	_	_	_
6	بسیار	_	_	_	_
7	با	_	_	_	_
8	شکوهی	_	_	_	_
9	است	_	_	_	_
10	که	_	_	_	_
11	ساخت	_	_	_	_
12	آنها	_	_	_	_
13	در	_	_	_	_
14	سال	_	_	_	_
15	به	_	_	_	_
16	۵۱۲	_	_	_	_
17	قبل	_	_	_	_
18	از	_	_	_	_
19	میلاد	_	_	_	_
20	آغاز	_	_	_	_
21	شد	_	_	_	_
22	و	_	_	_	_
23	اتمام	_	_	_	_
24	آن	_	_	_	_
25	۱۵۰	_	_	_	_
26	سال	_	_	_	_
27	به	_	_	_	_
28	طول	_	_	_	_
29	انجامید	_	_	_	_
30	.	_	_	_	_

0	تختجمشید	_	_	_	_
1	در	_	_	_	_
2	محوطة	_	_	_	_
3	وسیعی	_	_	_	_
4	واقع	_	_	_	_
5	شده	_	_	_	_
6	که	_	_	_	_
7	از	_	_	_	_
8	یک	_	_	_	_
9	طرف	_	_	_	_
10	به	_	_	_	_
11	کوه	_	_	_	_
12	رحمت	_	_	_	_
13	و	_	_	_	_
14	از	_	_	_	_
15	طرف	_	_	_	_
16	دیگر	_	_	_	_
17	به	_	_	_	_
18	مرو	_	_	_	_
19	دشت	_	_	_	_
20	محدود	_	_	_	_
21	است	_	_	_	_
22	.	_	_	_	_

0	این	_	_	_	_
1	کاخهای	_	_	_	_
2	عظیم	_	_	_	_
3	سلطنتی	_	_	_	_
4	در	_	_	_	_
5	کنار	_	_	_	_
6	شهر	_	_	_	_
7	پارسه	_	_	_	_
8	که	_	_	_	_
9	یونانیان	_	_	_	_
10	آن	_	_	_	_
11	را	_	_	_	_
12	پرسپولیس	_	_	_	_
13	خوانده‌اند	_	_	_	_
14	ساخته_شده_است	_	_	_	_
15	.	_	_	_	_

0	تعداد	_	_	_	_
1	محدودی	_	_	_	_
2	از	_	_	_	_
3	این	_	_	_	_
4	جواهر	_	_	_	_
5	ات	_	_	_	_
6	در	_	_	_	_
7	موزه	_	_	_	_
8	ملی	_	_	_	_
9	ایران	_	_	_	_
10	نگهداری	_	_	_	_
11	می‌شود	_	_	_	_
12	.	_	_	_	_

0	بزرگترین	_	_	_	_
1	کاخ	_	_	_	_
2	در	_	_	_	_
3	مجموعه	_	_	_	_
4	تخت	_	_	_	_
5	جمشید	_	_	_	_
6	کاخ	_	_	_	_
7	مشهور	_	_	_	_
8	به	_	_	_	_
9	صد	_	_	_	_
10	ستون	_	_	_	_
11	است	_	_	_	_
12	که	_	_	_	_
13	احتمالا	_	_	_	_
14	یکی	_	_	_	_
15	از	_	_	_	_
16	بزرگترین	_	_	_	_
17	آثار	_	_	_	_
18	معماری	_	_	_	_
19	دوره	_	_	_	_
20	هخامنشیان	_	_	_	_
21	بوده	_	_	_	_
22	و	_	_	_	_
23	داریوش	_	_	_	_
24	اول	_	_	_	_
25	از	_	_	_	_
26	آن	_	_	_	_
27	به	_	_	_	_
28	عنوان	_	_	_	_
29	سالن	_	_	_	_
30	بارعام	_	_	_	_
31	خود	_	_	_	_
32	استفاده	_	_	_	_
33	می‌کرده	_	_	_	_
34	است	_	_	_	_
35	.	_	_	_	_

0	تایسون	_	_	_	_
1	که	_	_	_	_
2	اختر	_	_	_	_
3	فیزیک	_	_	_	_
4	‌دان	_	_	_	_
5	و	_	_	_	_
6	مدیر	_	_	_	_
7	آسمان	_	_	_	_
8	‌نمای	_	_	_	_
9	هیدن	_	_	_	_
10	در	_	_	_	_
11	موزه‌ی	_	_	_	_
12	تاریخ	_	_	_	_
13	طبیعی	_	_	_	_
14	آمریکا	_	_	_	_
15	است	_	_	_	_
16	،	_	_	_	_
17	دوباره	_	_	_	_
18	قرار	_	_	_	_
19	است	_	_	_	_
20	به	_	_	_	_
21	نشنال	_	_	_	_
22	جئوگرافیک	_	_	_	_
23	باز	_	_	_	_
24	گردد	_	_	_	_
25	.	_	_	_	_

0	طرفدارانژانر	_	_	_	_
1	علمی‌	_	_	_	_
2	تخیلی	_	_	_	_
3	کانال	_	_	_	_
4	syfy	_	_	_	_
5	را	_	_	_	_
6	می‌شناسند	_	_	_	_
7	.	_	_	_	_

0	این	_	_	_	_
1	کانال	_	_	_	_
2	تا	_	_	_	_
3	چند	_	_	_	_
4	سال	_	_	_	_
5	پیش	_	_	_	_
6	با	_	_	_	_
7	نام	_	_	_	_
8	Scifi	_	_	_	_
9	برنامه	_	_	_	_
10	‌هایش	_	_	_	_
11	راپخش	_	_	_	_
12	می‌کرد	_	_	_	_
13	،	_	_	_	_
14	اما	_	_	_	_
15	بنا	_	_	_	_
16	به	_	_	_	_
17	گفته‌ی	_	_	_	_
18	خودشان	_	_	_	_
19	که	_	_	_	_
20	تصمیم	_	_	_	_
21	گرفته_بودند	_	_	_	_
22	مخاطب	_	_	_	_
23	ان	_	_	_	_
24	دیگر	_	_	_	_
25	ی	_	_	_	_
26	به	_	_	_	_
27	جز	_	_	_	_
28	علاقه‌	_	_	_	_
29	مندان	_	_	_	_
30	علمی‌تخیلی	_	_	_	_
31	راهم	_	_	_	_
32	جذب	_	_	_	_
33	کنند	_	_	_	_
34	و	_	_	_	_
35	برنامه‌های	_	_	_	_
36	دیگری	_	_	_	_
37	هم	_	_	_	_
38	تولیدکنند	_	_	_	_
39	.	_	_	_	_

0	این	_	_	_	_
1	برنامه	_	_	_	_
2	اگرچه	_	_	_	_
3	اولین	_	_	_	_
4	تجربه‌ی	_	_	_	_
5	برنامه	_	_	_	_
6	شبانه‌ی	_	_	_	_
7	علم‌	_	_	_	_
8	محور	_	_	_	_
9	با	_	_	_	_
10	چاشنی	_	_	_	_
11	طنز	_	_	_	_
12	و	_	_	_	_
13	ادبیات	_	_	_	_
14	عامه	_	_	_	_
15	در	_	_	_	_
16	تلویزیون	_	_	_	_
17	به	_	_	_	_
18	شمار	_	_	_	_
19	می‌رود	_	_	_	_
20	،	_	_	_	_
21	اما	_	_	_	_
22	می‌تواند	_	_	_	_
23	آینده‌ی	_	_	_	_
24	چنین	_	_	_	_
25	برنامه‌هایی	_	_	_	_
26	را	_	_	_	_
27	مشخص	_	_	_	_
28	کند	_	_	_	_
29	و	_	_	_	_
30	موفقیت	_	_	_	_
31	یا	_	_	_	_
32	عدم	_	_	_	_
33	‌موفقیت	_	_	_	_
34	آن	_	_	_	_
35	بیش	_	_	_	_
36	از	_	_	_	_
37	موفقیت	_	_	_	_
38	یا	_	_	_	_
39	شکست	_	_	_	_
40	یک	_	_	_	_
41	پروژه	_	_	_	_
42	در	_	_	_	_
43	بلندمدت	_	_	_	_
44	بر	_	_	_	_
45	حضور	_	_	_	_
46	علم	_	_	_	_
47	در	_	_	_	_
48	نقش	_	_	_	_
49	اصلی	_	_	_	_
50	ومحوری	_	_	_	_
51	دنیای	_	_	_	_
52	رسانه‌های	_	_	_	_
53	رسمی	_	_	_	_
54	،	_	_	_	_
55	تأثیرخواهدگذاشت	_	_	_	_
56	.	_	_	_	_

0	اگر	_	_	_	_
1	به	_	_	_	_
2	دنیای	_	_	_	_
3	علمی‌تخیلی	_	_	_	_
4	و	_	_	_	_
5	نقاطی	_	_	_	_
6	که	_	_	_	_
7	مرزهای	_	_	_	_
8	آن	_	_	_	_
9	با	_	_	_	_
10	دنیای	_	_	_	_
11	واقعی	_	_	_	_
12	در	_	_	_	_
13	هم	_	_	_	_
14	‌آمیخته	_	_	_	_
15	می‌شود	_	_	_	_
16	علاقه	_	_	_	_
17	دارید	_	_	_	_
18	،	_	_	_	_
19	نام	_	_	_	_
20	ایلان	_	_	_	_
21	ماسک	_	_	_	_
22	را	_	_	_	_
23	در	_	_	_	_
24	ذهن	_	_	_	_
25	داشته_باشید	_	_	_	_
26	.	_	_	_	_

0	کارآفرینی	_	_	_	_
1	که	_	_	_	_
2	اصالتااهل	_	_	_	_
3	آفریقای	_	_	_	_
4	جنوبی	_	_	_	_
5	است	_	_	_	_
6	و	_	_	_	_
7	از	_	_	_	_
8	او	_	_	_	_
9	با	_	_	_	_
10	نام	_	_	_	_
11	مرد	_	_	_	_
12	آهنی	_	_	_	_
13	دنیای	_	_	_	_
14	واقعی	_	_	_	_
15	هم	_	_	_	_
16	نام	_	_	_	_
17	‌برده	_	_	_	_
18	می‌شود	_	_	_	_
19	و	_	_	_	_
20	در	_	_	_	_
21	حال	_	_	_	_
22	حاضر	_	_	_	_
23	،	_	_	_	_
24	مشغول	_	_	_	_
25	ایفا	_	_	_	_
26	ی	_	_	_	_
27	نقش	_	_	_	_
28	تونی	_	_	_	_
29	استارک	_	_	_	_
30	دنیای	_	_	_	_
31	ما	_	_	_	_
32	است	_	_	_	_
33	.	_	_	_	_

0	اوهم‌	_	_	_	_
1	زمان	_	_	_	_
2	ایده‌ی	_	_	_	_
3	قطارهای	_	_	_	_
4	فوق‌	_	_	_	_
5	سریع	_	_	_	_
6	را	_	_	_	_
7	مطرح	_	_	_	_
8	کرده	_	_	_	_
9	و	_	_	_	_
10	اکنون	_	_	_	_
11	به	_	_	_	_
12	دنبال	_	_	_	_
13	اینترنت	_	_	_	_
14	رایگان	_	_	_	_
15	جهانی	_	_	_	_
16	است	_	_	_	_
17	.	_	_	_	_

0	این	_	_	_	_
1	سازمان	_	_	_	_
2	فضایی	_	_	_	_
3	تاکنون	_	_	_	_
4	موفق	_	_	_	_
5	به	_	_	_	_
6	اثبات	_	_	_	_
7	۲۵۲۵	_	_	_	_
8	سیاره‌ی	_	_	_	_
9	خارجی	_	_	_	_
10	شده_است	_	_	_	_
11	که	_	_	_	_
12	از	_	_	_	_
13	این	_	_	_	_
14	رقم	_	_	_	_
15	،	_	_	_	_
16	ده	_	_	_	_
17	سیاره‌ی	_	_	_	_
18	سنگی	_	_	_	_
19	،	_	_	_	_
20	هم‌	_	_	_	_
21	اندازه	_	_	_	_
22	با	_	_	_	_
23	زمین	_	_	_	_
24	واحتمالا	_	_	_	_
25	قابل	_	_	_	_
26	سکونت	_	_	_	_
27	هستند	_	_	_	_
28	.	_	_	_	_

0	شاید	_	_	_	_
1	برخی	_	_	_	_
2	نگران	_	_	_	_
3	باشند	_	_	_	_
4	سیستم	_	_	_	_
5	هوش	_	_	_	_
6	مصنوعی	_	_	_	_
7	گوگل	_	_	_	_
8	ستاره	_	_	_	_
9	‌شناسان	_	_	_	_
10	راکنار	_	_	_	_
11	بزند	_	_	_	_
12	؛	_	_	_	_
13	اما	_	_	_	_
14	به‌گفته‌ی	_	_	_	_
15	ناسا	_	_	_	_
16	جای	_	_	_	_
17	نگرانی	_	_	_	_
18	نیست	_	_	_	_
19	.	_	_	_	_

0	چرا	_	_	_	_
1	که	_	_	_	_
2	ریاضی	_	_	_	_
3	زبان	_	_	_	_
4	فیزیک	_	_	_	_
5	است	_	_	_	_
6	،	_	_	_	_
7	اما	_	_	_	_
8	از	_	_	_	_
9	آنجایی	_	_	_	_
10	که	_	_	_	_
11	پدیده‌های	_	_	_	_
12	جهان	_	_	_	_
13	ابتدا	_	_	_	_
14	وجود	_	_	_	_
15	داشته‌اند	_	_	_	_
16	،	_	_	_	_
17	مشاهده	_	_	_	_
18	و	_	_	_	_
19	درک	_	_	_	_
20	شده‌اند	_	_	_	_
21	و	_	_	_	_
22	سپس	_	_	_	_
23	برای	_	_	_	_
24	آن‌ها	_	_	_	_
25	مبانی	_	_	_	_
26	ریاضیاتی	_	_	_	_
27	تعریف	_	_	_	_
28	شده_است	_	_	_	_
29	،	_	_	_	_
30	با	_	_	_	_
31	اندکی	_	_	_	_
32	تلاش	_	_	_	_
33	می‌توان	_	_	_	_
34	مباحث	_	_	_	_
35	مربوط	_	_	_	_
36	به	_	_	_	_
37	فیزیک	_	_	_	_
38	کلاسیک	_	_	_	_
39	را	_	_	_	_
40	،	_	_	_	_
41	بااجتناب	_	_	_	_
42	از	_	_	_	_
43	وارد	_	_	_	_
44	شدن	_	_	_	_
45	در	_	_	_	_
46	مبانی	_	_	_	_
47	ریاضی	_	_	_	_
48	(	_	_	_	_
49	که	_	_	_	_
50	هدف	_	_	_	_
51	تالیف	_	_	_	_
52	این	_	_	_	_
53	مجموعه	_	_	_	_
54	است	_	_	_	_
55	)	_	_	_	_
56	توضیح	_	_	_	_
57	داد	_	_	_	_
58	.	_	_	_	_

0	اما	_	_	_	_
1	وارد	_	_	_	_
2	شدن	_	_	_	_
3	به	_	_	_	_
4	دنیای	_	_	_	_
5	فیزیک	_	_	_	_
6	کوانتوم	_	_	_	_
7	و	_	_	_	_
8	پرهیز	_	_	_	_
9	از	_	_	_	_
10	مبانی	_	_	_	_
11	ریاضی	_	_	_	_
12	اجتناب	_	_	_	_
13	ناپذیر	_	_	_	_
14	است	_	_	_	_
15	.	_	_	_	_

0	چرا	_	_	_	_
1	که	_	_	_	_
2	دنیای	_	_	_	_
3	فیزیک	_	_	_	_
4	کوانتوم	_	_	_	_
5	،	_	_	_	_
6	به	_	_	_	_
7	غایت	_	_	_	_
8	انتزاعیو	_	_	_	_
9	ذهنی	_	_	_	_
10	است	_	_	_	_
11	.	_	_	_	_

0	همان‌طورکه	_	_	_	_
1	شاید	_	_	_	_
2	خودتان	_	_	_	_
3	نیزبدانید	_	_	_	_
4	،	_	_	_	_
5	بحث‌ها	_	_	_	_
6	و	_	_	_	_
7	منازعات	_	_	_	_
8	اصلی	_	_	_	_
9	فیزیکدانان	_	_	_	_
10	بزرگ	_	_	_	_
11	نظیر	_	_	_	_
12	؛	_	_	_	_
13	فاینمن	_	_	_	_
14	،	_	_	_	_
15	اینشتین	_	_	_	_
16	،	_	_	_	_
17	بور	_	_	_	_
18	و	_	_	_	_
19	…	_	_	_	_
20	همه	_	_	_	_
21	و	_	_	_	_
22	همه	_	_	_	_
23	در	_	_	_	_
24	مبانی	_	_	_	_
25	کوانتوم	_	_	_	_
26	بوده_است	_	_	_	_
27	و	_	_	_	_
28	عامل	_	_	_	_
29	تمامی	_	_	_	_
30	این	_	_	_	_
31	اتفاقات	_	_	_	_
32	یک	_	_	_	_
33	دلیل	_	_	_	_
34	ساده	_	_	_	_
35	است	_	_	_	_
36	؛	_	_	_	_
37	فهم	_	_	_	_
38	کامل	_	_	_	_
39	فیزیک	_	_	_	_
40	کوانتوم	_	_	_	_
41	نا	_	_	_	_
42	شدنی	_	_	_	_
43	است	_	_	_	_
44	!	_	_	_	_

0	در	_	_	_	_
1	این	_	_	_	_
2	قسمت	_	_	_	_
3	از	_	_	_	_
4	مجموعه	_	_	_	_
5	،	_	_	_	_
6	که	_	_	_	_
7	به	_	_	_	_
8	صورت	_	_	_	_
9	اختصاصی	_	_	_	_
10	به	_	_	_	_
11	نا	_	_	_	_
12	رسایی‌‌های	_	_	_	_
13	فیزیک	_	_	_	_
14	کلاسیک	_	_	_	_
15	و	_	_	_	_
16	گام	_	_	_	_
17	‌های	_	_	_	_
18	آغازین	_	_	_	_
19	فیزیک	_	_	_	_
20	کوانتوم	_	_	_	_
21	می‌‌پردازیم	_	_	_	_
22	،	_	_	_	_
23	استفاده	_	_	_	_
24	از	_	_	_	_
25	ریاضیات	_	_	_	_
26	بیش	_	_	_	_
27	از	_	_	_	_
28	پیش	_	_	_	_
29	حس	_	_	_	_
30	می‌شد	_	_	_	_
31	.	_	_	_	_

0	چراکه	_	_	_	_
1	درحالت	_	_	_	_
2	کلی	_	_	_	_
3	شما	_	_	_	_
4	،	_	_	_	_
5	تنها	_	_	_	_
6	برای	_	_	_	_
7	درک	_	_	_	_
8	یک	_	_	_	_
9	موضوع	_	_	_	_
10	نیاز	_	_	_	_
11	به	_	_	_	_
12	دانستن	_	_	_	_
13	صفرتاصد	_	_	_	_
14	ریز	_	_	_	_
15	موضوعات	_	_	_	_
16	آن	_	_	_	_
17	مطلب	_	_	_	_
18	دارید	_	_	_	_
19	،	_	_	_	_
20	حال	_	_	_	_
21	اگر	_	_	_	_
22	بخواهید	_	_	_	_
23	،	_	_	_	_
24	نا	_	_	_	_
25	رسایی	_	_	_	_
26	موضوعی	_	_	_	_
27	را	_	_	_	_
28	پیدا	_	_	_	_
29	کنید	_	_	_	_
30	و	_	_	_	_
31	برای	_	_	_	_
32	حل	_	_	_	_
33	آن	_	_	_	_
34	راه	_	_	_	_
35	کاری	_	_	_	_
36	ارائه	_	_	_	_
37	دهید	_	_	_	_
38	،	_	_	_	_
39	باید	_	_	_	_
40	علاوه	_	_	_	_
41	بر	_	_	_	_
42	دانستن	_	_	_	_
43	صفر	_	_	_	_
44	تا	_	_	_	_
45	صد	_	_	_	_
46	ریز	_	_	_	_
47	موضوعات	_	_	_	_
48	بر	_	_	_	_
49	تمامی	_	_	_	_
50	مطالب	_	_	_	_
51	مرتبط	_	_	_	_
52	با	_	_	_	_
53	آن	_	_	_	_
54	موضوع	_	_	_	_
55	نیز	_	_	_	_
56	اشراف	_	_	_	_
57	کامل	_	_	_	_
58	داشته_باشید	_	_	_	_
59	،	_	_	_	_
60	که	_	_	_	_
61	مبانی	_	_	_	_
62	ریاضی	_	_	_	_
63	یکی	_	_	_	_
64	ازاصلی	_	_	_	_
65	‌ترین	_	_	_	_
66	ارکان	_	_	_	_
67	آن	_	_	_	_
68	است	_	_	_	_
69	.	_	_	_	_

0	با	_	_	_	_
1	این	_	_	_	_
2	وجود	_	_	_	_
3	،	_	_	_	_
4	تمامی	_	_	_	_
5	تلاش	_	_	_	_
6	بر	_	_	_	_
7	این	_	_	_	_
8	هدف	_	_	_	_
9	گذاشته_شده_است	_	_	_	_
10	،	_	_	_	_
11	که	_	_	_	_
12	مخاطبی	_	_	_	_
13	که	_	_	_	_
14	به	_	_	_	_
15	علم	_	_	_	_
16	علاقه‌مند	_	_	_	_
17	است	_	_	_	_
18	و	_	_	_	_
19	در	_	_	_	_
20	عین	_	_	_	_
21	حال	_	_	_	_
22	پایه‌ی	_	_	_	_
23	ریاضیاتی	_	_	_	_
24	قوی	_	_	_	_
25	ندارد	_	_	_	_
26	،	_	_	_	_
27	بتواند	_	_	_	_
28	مفاهیم	_	_	_	_
29	و	_	_	_	_
30	مباحث	_	_	_	_
31	مطرح	_	_	_	_
32	شده	_	_	_	_
33	رادرک	_	_	_	_
34	کند	_	_	_	_
35	و	_	_	_	_
36	از	_	_	_	_
37	فهم	_	_	_	_
38	آن‌ها	_	_	_	_
39	لذت	_	_	_	_
40	ببرد	_	_	_	_
41	.	_	_	_	_

0	فاجعه‌ی	_	_	_	_
1	فرا	_	_	_	_
2	بنفش	_	_	_	_
3	یا	_	_	_	_
4	فاجعه	_	_	_	_
5	رایلی	_	_	_	_
6	جینزاشاره	_	_	_	_
7	به	_	_	_	_
8	نتیجه‌ای	_	_	_	_
9	دارد	_	_	_	_
10	که	_	_	_	_
11	ناشی	_	_	_	_
12	از	_	_	_	_
13	اصول	_	_	_	_
14	فیزیک	_	_	_	_
15	کلاسیک	_	_	_	_
16	تقسیم	_	_	_	_
17	مساوی	_	_	_	_
18	انرژی	_	_	_	_
19	و	_	_	_	_
20	تابش	_	_	_	_
21	نوسانگرهای	_	_	_	_
22	بار	_	_	_	_
23	دار	_	_	_	_
24	برای	_	_	_	_
25	توضیح	_	_	_	_
26	تابش	_	_	_	_
27	جسم	_	_	_	_
28	سیاه	_	_	_	_
29	در	_	_	_	_
30	طول	_	_	_	_
31	موج‌های	_	_	_	_
32	کوتاه	_	_	_	_
33	است	_	_	_	_
34	.	_	_	_	_

0	فرمول	_	_	_	_
1	پلانک	_	_	_	_
2	هر	_	_	_	_
3	چند	_	_	_	_
4	موفقیت	_	_	_	_
5	آمیز	_	_	_	_
6	بود	_	_	_	_
7	،	_	_	_	_
8	اما	_	_	_	_
9	نتیجه‌گیری	_	_	_	_
10	ماهیت	_	_	_	_
11	کوانتومی	_	_	_	_
12	تابش	_	_	_	_
13	از	_	_	_	_
14	آن	_	_	_	_
15	چندان	_	_	_	_
16	الزامی	_	_	_	_
17	نیست	_	_	_	_
18	.	_	_	_	_

0	بخش	_	_	_	_
1	عمده‌ای	_	_	_	_
2	در	_	_	_	_
3	پذیرفتن	_	_	_	_
4	آن	_	_	_	_
5	از	_	_	_	_
6	کار	_	_	_	_
7	آلبرت	_	_	_	_
8	اینشتین	_	_	_	_
9	حاصل	_	_	_	_
10	شد	_	_	_	_
11	،	_	_	_	_
12	که	_	_	_	_
13	در	_	_	_	_
14	سال	_	_	_	_
15	۱۹۰۵	_	_	_	_
16	با	_	_	_	_
17	استفاده	_	_	_	_
18	از	_	_	_	_
19	مفهوم	_	_	_	_
20	ماهیت	_	_	_	_
21	کوانتومی	_	_	_	_
22	نور	_	_	_	_
23	،	_	_	_	_
24	بعضی	_	_	_	_
25	ازخاصیت‌های	_	_	_	_
26	ویژه	_	_	_	_
27	فلز	_	_	_	_
28	ات	_	_	_	_
29	را	_	_	_	_
30	وقتی	_	_	_	_
31	در	_	_	_	_
32	معرض	_	_	_	_
33	نور	_	_	_	_
34	مرئی	_	_	_	_
35	و	_	_	_	_
36	فرا	_	_	_	_
37	بنفش	_	_	_	_
38	قرار	_	_	_	_
39	می‌گیرند	_	_	_	_
40	،	_	_	_	_
41	توضیح	_	_	_	_
42	داد	_	_	_	_
43	.	_	_	_	_

0	کشف	_	_	_	_
1	اثر	_	_	_	_
2	فوتو	_	_	_	_
3	الکتریک	_	_	_	_
4	با	_	_	_	_
5	کار	_	_	_	_
6	هاینریش	_	_	_	_
7	هرتز	_	_	_	_
8	در	_	_	_	_
9	سال	_	_	_	_
10	۱۸۸۷	_	_	_	_
11	آغاز	_	_	_	_
12	شد	_	_	_	_
13	.	_	_	_	_

0	آزمایشی	_	_	_	_
1	که	_	_	_	_
2	سر	_	_	_	_
3	راست‌ترین	_	_	_	_
4	،	_	_	_	_
5	مدرک	_	_	_	_
6	ماهیت	_	_	_	_
7	ذره‌ای	_	_	_	_
8	تابش	_	_	_	_
9	را	_	_	_	_
10	در	_	_	_	_
11	اختیار	_	_	_	_
12	می‌گذارد	_	_	_	_
13	،	_	_	_	_
14	اثر	_	_	_	_
15	کامپتون	_	_	_	_
16	است	_	_	_	_
17	.	_	_	_	_

0	آرتور	_	_	_	_
1	هولی	_	_	_	_
2	کامیون	_	_	_	_
3	کشف	_	_	_	_
4	کرد	_	_	_	_
5	،	_	_	_	_
6	تابشی	_	_	_	_
7	با	_	_	_	_
8	یک	_	_	_	_
9	طول	_	_	_	_
10	موج	_	_	_	_
11	معین	_	_	_	_
12	(	_	_	_	_
13	در	_	_	_	_
14	ناحیه	_	_	_	_
15	پرتو	_	_	_	_
16	X	_	_	_	_
17	)	_	_	_	_
18	که	_	_	_	_
19	از	_	_	_	_
20	یک	_	_	_	_
21	ورقه‌ی	_	_	_	_
22	فلزی	_	_	_	_
23	می‌گذرد	_	_	_	_
24	،	_	_	_	_
25	به	_	_	_	_
26	گونه‌ای	_	_	_	_
27	پراکنده_می‌شود	_	_	_	_
28	که	_	_	_	_
29	با	_	_	_	_
30	نظریه‌ی	_	_	_	_
31	تابش	_	_	_	_
32	کلاسیک	_	_	_	_
33	سازگار	_	_	_	_
34	نیست	_	_	_	_
35	.	_	_	_	_

0	بنا	_	_	_	_
1	به	_	_	_	_
2	نظریه‌ی	_	_	_	_
3	کلاسیک	_	_	_	_
4	،	_	_	_	_
5	ساز	_	_	_	_
6	و	_	_	_	_
7	کار	_	_	_	_
8	این	_	_	_	_
9	اثر	_	_	_	_
10	عبارت	_	_	_	_
11	است	_	_	_	_
12	،	_	_	_	_
13	از	_	_	_	_
14	تابش	_	_	_	_
15	مجدد	_	_	_	_
16	نور	_	_	_	_
17	توسط	_	_	_	_
18	الکترون‌هایی	_	_	_	_
19	که	_	_	_	_
20	با	_	_	_	_
21	تابش	_	_	_	_
22	فرودی	_	_	_	_
23	به	_	_	_	_
24	نوسان	_	_	_	_
25	وا	_	_	_	_
26	داشته	_	_	_	_
27	شده‌اند	_	_	_	_
28	گریس	_	_	_	_
29	هاپر	_	_	_	_
30	(	_	_	_	_
31	Grace	_	_	_	_
32	Brewster	_	_	_	_
33	Murray	_	_	_	_
34	Hopper	_	_	_	_
35	)	_	_	_	_
36	دانشمند	_	_	_	_
37	آمریکایی	_	_	_	_
38	علوم	_	_	_	_
39	کامپیوتر	_	_	_	_
40	بود	_	_	_	_
41	که	_	_	_	_
42	نام	_	_	_	_
43	خودش	_	_	_	_
44	را	_	_	_	_
45	به‌عنوان	_	_	_	_
46	یکی	_	_	_	_
47	از	_	_	_	_
48	اولین	_	_	_	_
49	برنامه‌نویس‌های	_	_	_	_
50	کامپیوتر	_	_	_	_
51	مشهور	_	_	_	_
52	هاروارد	_	_	_	_
53	مارک	_	_	_	_
54	جاودانه	_	_	_	_
55	کرد	_	_	_	_
56	.	_	_	_	_

0	او	_	_	_	_
1	یکی	_	_	_	_
2	از	_	_	_	_
3	پیشگامان	_	_	_	_
4	برنامه‌نویسی	_	_	_	_
5	مدرن	_	_	_	_
6	بود	_	_	_	_
7	و	_	_	_	_
8	اولین	_	_	_	_
9	کامپایلر	_	_	_	_
10	برنامه‌نویسی	_	_	_	_
11	را	_	_	_	_
12	نیز	_	_	_	_
13	توسعه	_	_	_	_
14	داد	_	_	_	_
15	.	_	_	_	_

0	ایده‌ی	_	_	_	_
1	زبان‌های	_	_	_	_
2	برنامه‌نویسی	_	_	_	_
3	مستقل	_	_	_	_
4	از	_	_	_	_
5	ماشین	_	_	_	_
6	از	_	_	_	_
7	ذهن	_	_	_	_
8	این	_	_	_	_
9	دانشمند	_	_	_	_
10	زاده	_	_	_	_
11	شد	_	_	_	_
12	و	_	_	_	_
13	بعد‌ها	_	_	_	_
14	به	_	_	_	_
15	خلق	_	_	_	_
16	زبان	_	_	_	_
17	برنامه	_	_	_	_
18	‌نویسی	_	_	_	_
19	کوبول	_	_	_	_
20	انجامید	_	_	_	_
21	.	_	_	_	_

0	هاپر	_	_	_	_
1	علاقه‌ی	_	_	_	_
2	زیادی	_	_	_	_
3	نیز	_	_	_	_
4	به	_	_	_	_
5	ارتش	_	_	_	_
6	داشت	_	_	_	_
7	و	_	_	_	_
8	در	_	_	_	_
9	دوران	_	_	_	_
10	جنگ	_	_	_	_
11	جهانی	_	_	_	_
12	دوم	_	_	_	_
13	برای	_	_	_	_
14	ملحق	_	_	_	_
15	شدن	_	_	_	_
16	به	_	_	_	_
17	ارتش	_	_	_	_
18	آمریکا	_	_	_	_
19	پیش‌قدم	_	_	_	_
20	شد	_	_	_	_
21	.	_	_	_	_

0	البته	_	_	_	_
1	او	_	_	_	_
2	در	_	_	_	_
3	ابتدا	_	_	_	_
4	از	_	_	_	_
5	پیوستن	_	_	_	_
6	به	_	_	_	_
7	ارتش	_	_	_	_
8	منع	_	_	_	_
9	شده	_	_	_	_
10	اما	_	_	_	_
11	در	_	_	_	_
12	لیست	_	_	_	_
13	نیروهای	_	_	_	_
14	رزرو	_	_	_	_
15	قرار	_	_	_	_
16	گرفت	_	_	_	_
17	.	_	_	_	_

0	این	_	_	_	_
1	بانوی	_	_	_	_
2	دانشمند	_	_	_	_
3	در	_	_	_	_
4	توسعه‌ی	_	_	_	_
5	کامپیوتر	_	_	_	_
6	UNIVAC	_	_	_	_
7	I	_	_	_	_
8	نیز	_	_	_	_
9	نقش	_	_	_	_
10	داشته_است	_	_	_	_
11	.	_	_	_	_

0	تلاش‌های	_	_	_	_
1	هاپر	_	_	_	_
2	برای	_	_	_	_
3	توسعه‌ی	_	_	_	_
4	کامپایلر	_	_	_	_
5	در	_	_	_	_
6	جهت	_	_	_	_
7	این	_	_	_	_
8	ایده	_	_	_	_
9	بود	_	_	_	_
10	که	_	_	_	_
11	می‌توان	_	_	_	_
12	به	_	_	_	_
13	زبان	_	_	_	_
14	انگلیسی	_	_	_	_
15	با	_	_	_	_
16	کامپیوترها	_	_	_	_
17	صحبت	_	_	_	_
18	کرد	_	_	_	_
19	.	_	_	_	_

0	دستاوردهای	_	_	_	_
1	گریس	_	_	_	_
2	هاپر	_	_	_	_
3	و	_	_	_	_
4	فعالیت	_	_	_	_
5	او	_	_	_	_
6	در	_	_	_	_
7	ارتش	_	_	_	_
8	باعث	_	_	_	_
9	شده	_	_	_	_
10	تا	_	_	_	_
11	القاب	_	_	_	_
12	متنوعی	_	_	_	_
13	از	_	_	_	_
14	ملکه‌ی	_	_	_	_
15	برنامه‌	_	_	_	_
16	نویسی	_	_	_	_
17	تا	_	_	_	_
18	گریس	_	_	_	_
19	شگفت‌انگیز	_	_	_	_
20	به	_	_	_	_
21	او	_	_	_	_
22	داده_شود	_	_	_	_
23	.	_	_	_	_

0	برخی	_	_	_	_
1	از	_	_	_	_
2	موشک‌ها	_	_	_	_
3	و	_	_	_	_
4	ابر	_	_	_	_
5	کامپیوتر‌های	_	_	_	_
6	آمریکایی	_	_	_	_
7	نیز	_	_	_	_
8	به	_	_	_	_
9	نام	_	_	_	_
10	این	_	_	_	_
11	دانشمند	_	_	_	_
12	ثبت	_	_	_	_
13	شده‌اند	_	_	_	_
14	.	_	_	_	_

0	هاپر	_	_	_	_
1	در	_	_	_	_
2	طول	_	_	_	_
3	مدت	_	_	_	_
4	زندگی	_	_	_	_
5	۴۰	_	_	_	_
6	جایزه	_	_	_	_
7	و	_	_	_	_
8	درجه‌ی	_	_	_	_
9	افتخاری	_	_	_	_
10	متنوع	_	_	_	_
11	دریافت	_	_	_	_
12	کرد	_	_	_	_
13	.	_	_	_	_

0	حتی	_	_	_	_
1	پس	_	_	_	_
2	از	_	_	_	_
3	مرگ	_	_	_	_
4	هاپر	_	_	_	_
5	نیز	_	_	_	_
6	جایزه‌هایی	_	_	_	_
7	به	_	_	_	_
8	او	_	_	_	_
9	اهدا	_	_	_	_
10	شد	_	_	_	_
11	که	_	_	_	_
12	از	_	_	_	_
13	این	_	_	_	_
14	میان	_	_	_	_
15	می‌توان	_	_	_	_
16	مدال	_	_	_	_
17	آزادی	_	_	_	_
18	سال	_	_	_	_
19	۲۰۱۶	_	_	_	_
20	آمریکا	_	_	_	_
21	را	_	_	_	_
22	نام	_	_	_	_
23	برد	_	_	_	_
24	.	_	_	_	_

0	تعدادروزهایسالسیصدوشصتوپنجروزمیباشد	_	_	_	_
1	.	_	_	_	_

0	رومینادخترخیلیگلیاست	_	_	_	_
1	.	_	_	_	_

0	ایده‌یزبان‌هایبرنامه‌نویسیمستقلازماشینازذهنایندانشمندزادهشدوبعدهابهخلقزبانبرنامه‌نویسیکوبولانجامید	_	_	_	_
1	.	_	_	_	_

0	تابشفرودیبهنوسانواداشتهشده‌اند	_	_	_	_
1	.	_	_	_	_

0	کشفاثرفوتوالکتریکباکارهاینریشهرتزدرسال	_	_	_	_
1	۱۸۸۷	_	_	_	_
2	آغازشد	_	_	_	_
3	.	_	_	_	_

0	متن	_	_	_	_
1	۲۰۰۰	_	_	_	_
2	کلمه‌ای	_	_	_	_
3	برای	_	_	_	_
4	تست	_	_	_	_
5	-	_	_	_	_
6	نازنین	_	_	_	_
7	کریمی	_	_	_	_
8	مقدم	_	_	_	_
9	۹۷۴۴۳۳۰۳	_	_	_	_
10	دارم	_	_	_	_
11	این	_	_	_	_
12	متن	_	_	_	_
13	را	_	_	_	_
14	تحت	_	_	_	_
15	فشار	_	_	_	_
16	عصبی	_	_	_	_
17	شدیدی	_	_	_	_
18	مینویسم	_	_	_	_
19	،	_	_	_	_
20	چرا	_	_	_	_
21	که	_	_	_	_
22	پس	_	_	_	_
23	از	_	_	_	_
24	امشب	_	_	_	_
25	دیگر	_	_	_	_
26	وجود	_	_	_	_
27	نخواهم_داشت	_	_	_	_
28	.	_	_	_	_

0	تحمل	_	_	_	_
1	این	_	_	_	_
2	شکنجه	_	_	_	_
3	بدون	_	_	_	_
4	پول	_	_	_	_
5	دیگر	_	_	_	_
6	ممکن	_	_	_	_
7	نیست	_	_	_	_
8	و	_	_	_	_
9	من	_	_	_	_
10	خود	_	_	_	_
11	را	_	_	_	_
12	از	_	_	_	_
13	پنجره‌ی	_	_	_	_
14	این	_	_	_	_
15	،	_	_	_	_
16	و	_	_	_	_
17	ذخیره‌ی	_	_	_	_
18	دارویم	_	_	_	_
19	که	_	_	_	_
20	زندگی	_	_	_	_
21	را	_	_	_	_
22	برایم	_	_	_	_
23	قابل	_	_	_	_
24	تحمل‌تر	_	_	_	_
25	میکرد	_	_	_	_
26	و	_	_	_	_
27	حالا	_	_	_	_
28	ته	_	_	_	_
29	کشیده_است	_	_	_	_
30	شیروانی	_	_	_	_
31	به	_	_	_	_
32	خیابان	_	_	_	_
33	نکبت‌زده	_	_	_	_
34	خواهم_انداخت	_	_	_	_
35	.	_	_	_	_

0	از	_	_	_	_
1	اعتیادم	_	_	_	_
2	به	_	_	_	_
3	مورفین	_	_	_	_
4	اینطور	_	_	_	_
5	برداشت	_	_	_	_
6	نکن	_	_	_	_
7	که	_	_	_	_
8	آدم	_	_	_	_
9	ضعیف‌النفس	_	_	_	_
10	یا	_	_	_	_
11	بیماری	_	_	_	_
12	هستم	_	_	_	_
13	.	_	_	_	_

0	پس	_	_	_	_
1	که	_	_	_	_
2	چرا	_	_	_	_
3	چاره‌ای	_	_	_	_
4	جز	_	_	_	_
5	–	_	_	_	_
6	هرچند	_	_	_	_
7	هیچوقت	_	_	_	_
8	حقیقت	_	_	_	_
9	را	_	_	_	_
10	نخواهی_دانست	_	_	_	_
11	–	_	_	_	_
12	از	_	_	_	_
13	خواندن	_	_	_	_
14	این	_	_	_	_
15	خطوط	_	_	_	_
16	که	_	_	_	_
17	سراسیمه	_	_	_	_
18	نوشته‌ام	_	_	_	_
19	حدس	_	_	_	_
20	خواهی_زد	_	_	_	_
21	فراموشی	_	_	_	_
22	یا	_	_	_	_
23	مرگ	_	_	_	_
24	ندارم	_	_	_	_
25	.	_	_	_	_

0	در	_	_	_	_
1	یکی	_	_	_	_
2	از	_	_	_	_
3	آزادترین	_	_	_	_
4	و	_	_	_	_
5	کم‌ترددترین	_	_	_	_
6	بخشهای	_	_	_	_
7	اقیانوس	_	_	_	_
8	آرام	_	_	_	_
9	بود	_	_	_	_
10	که	_	_	_	_
11	کشتی‌ای	_	_	_	_
12	که	_	_	_	_
13	من	_	_	_	_
14	مباشرش	_	_	_	_
15	بودم	_	_	_	_
16	گرفتار	_	_	_	_
17	دزدان	_	_	_	_
18	دریایی	_	_	_	_
19	آلمانی	_	_	_	_
20	شد	_	_	_	_
21	.	_	_	_	_

0	جنگ	_	_	_	_
1	بزرگ	_	_	_	_
2	آن‌زمان	_	_	_	_
3	تازه	_	_	_	_
4	در	_	_	_	_
5	آغاز	_	_	_	_
6	راه	_	_	_	_
7	خود	_	_	_	_
8	بود	_	_	_	_
9	و	_	_	_	_
10	نیروی	_	_	_	_
11	دریایی	_	_	_	_
12	هنوز	_	_	_	_
13	چندان	_	_	_	_
14	دچار	_	_	_	_
15	آن	_	_	_	_
16	وحشیگری	_	_	_	_
17	و	_	_	_	_
18	فساد	_	_	_	_
19	نشده_بود	_	_	_	_
20	،	_	_	_	_
21	به	_	_	_	_
22	همین	_	_	_	_
23	دلیل	_	_	_	_
24	با	_	_	_	_
25	این	_	_	_	_
26	که	_	_	_	_
27	کشتی	_	_	_	_
28	ما	_	_	_	_
29	بدل	_	_	_	_
30	به	_	_	_	_
31	طعمه‌ی	_	_	_	_
32	لذیذی	_	_	_	_
33	برای	_	_	_	_
34	آنها	_	_	_	_
35	شد	_	_	_	_
36	،	_	_	_	_
37	اما	_	_	_	_
38	با	_	_	_	_
39	ما	_	_	_	_
40	افسران	_	_	_	_
41	کشتی	_	_	_	_
42	که	_	_	_	_
43	حالا	_	_	_	_
44	زندانیان	_	_	_	_
45	دریایی	_	_	_	_
46	بودیم	_	_	_	_
47	با	_	_	_	_
48	ملاطفت	_	_	_	_
49	رفتار	_	_	_	_
50	شد	_	_	_	_
51	.	_	_	_	_

0	در	_	_	_	_
1	حقیقت	_	_	_	_
2	آنها	_	_	_	_
3	ما	_	_	_	_
4	را	_	_	_	_
5	چنان	_	_	_	_
6	آزاد	_	_	_	_
7	گذاشته_بودند	_	_	_	_
8	که	_	_	_	_
9	پنج	_	_	_	_
10	روز	_	_	_	_
11	پس	_	_	_	_
12	از	_	_	_	_
13	زندانی	_	_	_	_
14	شدنمان	_	_	_	_
15	توانستم	_	_	_	_
16	یک	_	_	_	_
17	قایق	_	_	_	_
18	کوچک	_	_	_	_
19	و	_	_	_	_
20	آب	_	_	_	_
21	و	_	_	_	_
22	غذای	_	_	_	_
23	چندین	_	_	_	_
24	روزم	_	_	_	_
25	را	_	_	_	_
26	برداشته	_	_	_	_
27	و	_	_	_	_
28	فرار	_	_	_	_
29	کنم	_	_	_	_
30	.	_	_	_	_

0	پس	_	_	_	_
1	از	_	_	_	_
2	آن	_	_	_	_
3	که	_	_	_	_
4	خودم	_	_	_	_
5	را	_	_	_	_
6	تنها	_	_	_	_
7	و	_	_	_	_
8	رها	_	_	_	_
9	یافتم	_	_	_	_
10	،	_	_	_	_
11	هیچ	_	_	_	_
12	از	_	_	_	_
13	مکان	_	_	_	_
14	و	_	_	_	_
15	پیرامونم	_	_	_	_
16	نمیدانستم	_	_	_	_
17	.	_	_	_	_

0	هیچوقت	_	_	_	_
1	مسیریاب	_	_	_	_
2	قابلی	_	_	_	_
3	نبودم	_	_	_	_
4	و	_	_	_	_
5	فقط	_	_	_	_
6	با	_	_	_	_
7	کمک	_	_	_	_
8	خورشید	_	_	_	_
9	و	_	_	_	_
10	ستاره‌ها	_	_	_	_
11	،	_	_	_	_
12	آن	_	_	_	_
13	هم	_	_	_	_
14	به	_	_	_	_
15	دشواری	_	_	_	_
16	،	_	_	_	_
17	متوجه	_	_	_	_
18	شدم	_	_	_	_
19	احتمالا	_	_	_	_
20	پایینتر	_	_	_	_
21	از	_	_	_	_
22	نصف‌النهار	_	_	_	_
23	هستم	_	_	_	_
24	.	_	_	_	_

0	از	_	_	_	_
1	طول	_	_	_	_
2	جغرافیایی	_	_	_	_
3	مکان	_	_	_	_
4	خود	_	_	_	_
5	هیچ	_	_	_	_
6	اطلاعی	_	_	_	_
7	نداشتم	_	_	_	_
8	و	_	_	_	_
9	تا	_	_	_	_
10	دوردستها	_	_	_	_
11	جزیره	_	_	_	_
12	و	_	_	_	_
13	ساحلی	_	_	_	_
14	به	_	_	_	_
15	چشم	_	_	_	_
16	نمی‌آمد	_	_	_	_
17	.	_	_	_	_

0	هوا	_	_	_	_
1	آرام	_	_	_	_
2	بود	_	_	_	_
3	و	_	_	_	_
4	من	_	_	_	_
5	روزهای	_	_	_	_
6	بسیار	_	_	_	_
7	که	_	_	_	_
8	شمارش	_	_	_	_
9	از	_	_	_	_
10	دستانم	_	_	_	_
11	خارج	_	_	_	_
12	است	_	_	_	_
13	،	_	_	_	_
14	زیر	_	_	_	_
15	خورشید	_	_	_	_
16	سوزان	_	_	_	_
17	سرگردان	_	_	_	_
18	بودم	_	_	_	_
19	؛	_	_	_	_
20	در	_	_	_	_
21	انتظار	_	_	_	_
22	کشتی‌ای	_	_	_	_
23	که	_	_	_	_
24	از	_	_	_	_
25	مجاورتم	_	_	_	_
26	عبور	_	_	_	_
27	کند	_	_	_	_
28	یا	_	_	_	_
29	جزیرهای	_	_	_	_
30	که	_	_	_	_
31	قابل	_	_	_	_
32	سکونت	_	_	_	_
33	باشد	_	_	_	_
34	.	_	_	_	_

0	اما	_	_	_	_
1	نه	_	_	_	_
2	از	_	_	_	_
3	کشتی	_	_	_	_
4	و	_	_	_	_
5	نه	_	_	_	_
6	از	_	_	_	_
7	جزیره	_	_	_	_
8	خبری	_	_	_	_
9	نشد	_	_	_	_
10	و	_	_	_	_
11	در	_	_	_	_
12	سنگینی	_	_	_	_
13	آن	_	_	_	_
14	آبی	_	_	_	_
15	بی‌انتها	_	_	_	_
16	،	_	_	_	_
17	ناامیدی	_	_	_	_
18	در	_	_	_	_
19	تنهایی‌ام	_	_	_	_
20	ریشه	_	_	_	_
21	دواند	_	_	_	_
22	.	_	_	_	_

0	تغییر	_	_	_	_
1	،	_	_	_	_
2	زمانی	_	_	_	_
3	که	_	_	_	_
4	در	_	_	_	_
5	خواب	_	_	_	_
6	بودم	_	_	_	_
7	رخ	_	_	_	_
8	داد	_	_	_	_
9	.	_	_	_	_

0	جزئیاتش	_	_	_	_
1	را	_	_	_	_
2	هیچوقت	_	_	_	_
3	نخواهم_دانست	_	_	_	_
4	،	_	_	_	_
5	زیرا	_	_	_	_
6	خوابم	_	_	_	_
7	،	_	_	_	_
8	هرچند	_	_	_	_
9	آشفته	_	_	_	_
10	و	_	_	_	_
11	آلوده	_	_	_	_
12	به	_	_	_	_
13	رویا	_	_	_	_
14	،	_	_	_	_
15	پیوسته_بود	_	_	_	_
16	.	_	_	_	_

0	زمانی	_	_	_	_
1	که	_	_	_	_
2	بالآخره	_	_	_	_
3	بیدار	_	_	_	_
4	شدم	_	_	_	_
5	،	_	_	_	_
6	خود	_	_	_	_
7	را	_	_	_	_
8	تا	_	_	_	_
9	کمر	_	_	_	_
10	فرو	_	_	_	_
11	رفته	_	_	_	_
12	در	_	_	_	_
13	توده‌ای	_	_	_	_
14	لزج	_	_	_	_
15	از	_	_	_	_
16	لجنی	_	_	_	_
17	جهنمی	_	_	_	_
18	و	_	_	_	_
19	سیاهرنگ	_	_	_	_
20	یافتم	_	_	_	_
21	که	_	_	_	_
22	زمین	_	_	_	_
23	اطرافم	_	_	_	_
24	را	_	_	_	_
25	تا	_	_	_	_
26	چشم	_	_	_	_
27	کار	_	_	_	_
28	میکرد	_	_	_	_
29	پوشانده_بود	_	_	_	_
30	.	_	_	_	_

0	قایقم	_	_	_	_
1	هم	_	_	_	_
2	کمی	_	_	_	_
3	آن‌طرفتر	_	_	_	_
4	،	_	_	_	_
5	در	_	_	_	_
6	همین	_	_	_	_
7	لجن	_	_	_	_
8	به	_	_	_	_
9	زمین	_	_	_	_
10	نشسته_بود	_	_	_	_
11	.	_	_	_	_

0	خواننده‌ی	_	_	_	_
1	این	_	_	_	_
2	متن	_	_	_	_
3	شاید	_	_	_	_
4	گمان	_	_	_	_
5	ببرد	_	_	_	_
6	که	_	_	_	_
7	نخستین	_	_	_	_
8	واکنش	_	_	_	_
9	من	_	_	_	_
10	باید	_	_	_	_
11	متحیر	_	_	_	_
12	شدن	_	_	_	_
13	از	_	_	_	_
14	این	_	_	_	_
15	تغییر	_	_	_	_
16	عظیم	_	_	_	_
17	و	_	_	_	_
18	نامنتظره‌ی	_	_	_	_
19	محیط	_	_	_	_
20	پیرامونم	_	_	_	_
21	باشد	_	_	_	_
22	،	_	_	_	_
23	اما	_	_	_	_
24	در	_	_	_	_
25	حقیقت	_	_	_	_
26	من	_	_	_	_
27	بیش	_	_	_	_
28	از	_	_	_	_
29	آنکه	_	_	_	_
30	شگفت‌زده	_	_	_	_
31	باشم	_	_	_	_
32	،	_	_	_	_
33	ترسیده_بودم	_	_	_	_
34	؛	_	_	_	_
35	چرا	_	_	_	_
36	که	_	_	_	_
37	در	_	_	_	_
38	آن	_	_	_	_
39	هوا	_	_	_	_
40	و	_	_	_	_
41	خاک	_	_	_	_
42	فاسد	_	_	_	_
43	چنان	_	_	_	_
44	حالت	_	_	_	_
45	مخوفی	_	_	_	_
46	وجود	_	_	_	_
47	داشت	_	_	_	_
48	که	_	_	_	_
49	تا	_	_	_	_
50	عمق	_	_	_	_
51	وجودم	_	_	_	_
52	را	_	_	_	_
53	میلرزاند	_	_	_	_
54	.	_	_	_	_

0	زمین	_	_	_	_
1	پوشیده_بود	_	_	_	_
2	از	_	_	_	_
3	لاشه‌ی	_	_	_	_
4	درحال	_	_	_	_
5	فساد	_	_	_	_
6	ماهیها	_	_	_	_
7	و	_	_	_	_
8	چیزهای	_	_	_	_
9	وصف‌ناپذیر	_	_	_	_
10	دیگری	_	_	_	_
11	که	_	_	_	_
12	از	_	_	_	_
13	میان	_	_	_	_
14	گل‌ولای	_	_	_	_
15	کریه	_	_	_	_
16	آن	_	_	_	_
17	دشت	_	_	_	_
18	بی‌انتها	_	_	_	_
19	سر	_	_	_	_
20	بیرون	_	_	_	_
21	آورده_بودند	_	_	_	_
22	.	_	_	_	_

0	نباید	_	_	_	_
1	امید	_	_	_	_
2	داشته_باشم	_	_	_	_
3	که	_	_	_	_
4	بتوانم	_	_	_	_
5	آن	_	_	_	_
6	مخافت	_	_	_	_
7	هولناکی	_	_	_	_
8	که	_	_	_	_
9	در	_	_	_	_
10	سکوت	_	_	_	_
11	محض	_	_	_	_
12	جای	_	_	_	_
13	گرفته_بود	_	_	_	_
14	را	_	_	_	_
15	به	_	_	_	_
16	قالب	_	_	_	_
17	کلمات	_	_	_	_
18	در	_	_	_	_
19	بیاورم	_	_	_	_
20	.	_	_	_	_

0	کمترین	_	_	_	_
1	صدایی	_	_	_	_
2	به	_	_	_	_
3	گوش	_	_	_	_
4	نمی‌رسید	_	_	_	_
5	و	_	_	_	_
6	هیچ	_	_	_	_
7	چیز	_	_	_	_
8	به	_	_	_	_
9	چشم	_	_	_	_
10	نمی‌آمد	_	_	_	_
11	،	_	_	_	_
12	مگر	_	_	_	_
13	محدودهای	_	_	_	_
14	وسیع	_	_	_	_
15	از	_	_	_	_
16	لجنی	_	_	_	_
17	سیاهرنگ	_	_	_	_
18	.	_	_	_	_

0	اما	_	_	_	_
1	آن	_	_	_	_
2	حد	_	_	_	_
3	از	_	_	_	_
4	سکوت	_	_	_	_
5	و	_	_	_	_
6	سکون	_	_	_	_
7	و	_	_	_	_
8	یکنواختی	_	_	_	_
9	منظره	_	_	_	_
10	،	_	_	_	_
11	مرا	_	_	_	_
12	دچار	_	_	_	_
13	ترسی	_	_	_	_
14	تهوع‌آور	_	_	_	_
15	می‌کرد	_	_	_	_
16	.	_	_	_	_

0	خورشید	_	_	_	_
1	در	_	_	_	_
2	میان	_	_	_	_
3	آسمانی	_	_	_	_
4	وحشی	_	_	_	_
5	و	_	_	_	_
6	بی‌ابر	_	_	_	_
7	می‌تابید	_	_	_	_
8	که	_	_	_	_
9	به	_	_	_	_
10	دید	_	_	_	_
11	من	_	_	_	_
12	،	_	_	_	_
13	انگار	_	_	_	_
14	سیاه	_	_	_	_
15	بود	_	_	_	_
16	.	_	_	_	_

0	انگار	_	_	_	_
1	که	_	_	_	_
2	تصویر	_	_	_	_
3	گل‌ولای	_	_	_	_
4	جوهرمانند	_	_	_	_
5	زیر	_	_	_	_
6	پاهایم	_	_	_	_
7	،	_	_	_	_
8	در	_	_	_	_
9	آسمان	_	_	_	_
10	منعکس	_	_	_	_
11	شده_بود	_	_	_	_
12	.	_	_	_	_

0	هنگامی	_	_	_	_
1	که	_	_	_	_
2	خودم	_	_	_	_
3	را	_	_	_	_
4	افتان	_	_	_	_
5	و	_	_	_	_
6	خیزان	_	_	_	_
7	به	_	_	_	_
8	قایق	_	_	_	_
9	رساندم	_	_	_	_
10	،	_	_	_	_
11	دریافتم	_	_	_	_
12	که	_	_	_	_
13	تنها	_	_	_	_
14	یک	_	_	_	_
15	نظریه	_	_	_	_
16	برای	_	_	_	_
17	توجیه	_	_	_	_
18	وضعیتم	_	_	_	_
19	وجود	_	_	_	_
20	دارد	_	_	_	_
21	.	_	_	_	_

0	طی	_	_	_	_
1	یک	_	_	_	_
2	فوران	_	_	_	_
3	نادر	_	_	_	_
4	آتشفشانی	_	_	_	_
5	،	_	_	_	_
6	تکه‌ای	_	_	_	_
7	از	_	_	_	_
8	کف	_	_	_	_
9	اقیانوس	_	_	_	_
10	بالا	_	_	_	_
11	آمده_بود	_	_	_	_
12	و	_	_	_	_
13	زمین‌هایی	_	_	_	_
14	را	_	_	_	_
15	آشکار	_	_	_	_
16	کرده_بود	_	_	_	_
17	که	_	_	_	_
18	میلیونها	_	_	_	_
19	سال	_	_	_	_
20	در	_	_	_	_
21	اعماق	_	_	_	_
22	دست‌نیافتنی	_	_	_	_
23	آبها	_	_	_	_
24	پنهان	_	_	_	_
25	مانده_بودند	_	_	_	_
26	.	_	_	_	_

0	زمینی	_	_	_	_
1	که	_	_	_	_
2	در	_	_	_	_
3	زیر	_	_	_	_
4	من	_	_	_	_
5	بالا	_	_	_	_
6	آمده_بود	_	_	_	_
7	چنان	_	_	_	_
8	وسیع	_	_	_	_
9	بود	_	_	_	_
10	که	_	_	_	_
11	هرچقدر	_	_	_	_
12	گوشهایم	_	_	_	_
13	را	_	_	_	_
14	تیز	_	_	_	_
15	می‌کردم	_	_	_	_
16	،	_	_	_	_
17	کمترین	_	_	_	_
18	صدایی	_	_	_	_
19	از	_	_	_	_
20	تلاطم	_	_	_	_
21	اقیانوس	_	_	_	_
22	به	_	_	_	_
23	گوشم	_	_	_	_
24	نمی‌رسید	_	_	_	_
25	.	_	_	_	_

0	حتا	_	_	_	_
1	مرغان	_	_	_	_
2	دریایی	_	_	_	_
3	برای	_	_	_	_
4	ارتزاق	_	_	_	_
5	از	_	_	_	_
6	ماهیان	_	_	_	_
7	مرده	_	_	_	_
8	نیامده	_	_	_	_
9	بودند	_	_	_	_
10	.	_	_	_	_

0	ساعتها	_	_	_	_
1	در	_	_	_	_
2	قایق	_	_	_	_
3	که	_	_	_	_
4	به	_	_	_	_
5	یکسو	_	_	_	_
6	افتاده	_	_	_	_
7	و	_	_	_	_
8	سرپناه	_	_	_	_
9	مختصری	_	_	_	_
10	در	_	_	_	_
11	برابر	_	_	_	_
12	آفتاب	_	_	_	_
13	ارائه	_	_	_	_
14	کرده_بود	_	_	_	_
15	غرق	_	_	_	_
16	در	_	_	_	_
17	فکر	_	_	_	_
18	و	_	_	_	_
19	اندیشه	_	_	_	_
20	نشستم	_	_	_	_
21	.	_	_	_	_

0	کمی	_	_	_	_
1	که	_	_	_	_
2	از	_	_	_	_
3	روز	_	_	_	_
4	گذشت	_	_	_	_
5	،	_	_	_	_
6	زمین	_	_	_	_
7	چسبندگی	_	_	_	_
8	خود	_	_	_	_
9	را	_	_	_	_
10	از	_	_	_	_
11	دست	_	_	_	_
12	داد	_	_	_	_
13	و	_	_	_	_
14	به	_	_	_	_
15	نظر	_	_	_	_
16	کمی	_	_	_	_
17	دیگر	_	_	_	_
18	آماده‌ی	_	_	_	_
19	قدم‌زدن	_	_	_	_
20	میشد	_	_	_	_
21	.	_	_	_	_

0	آن	_	_	_	_
1	شب	_	_	_	_
2	زمان	_	_	_	_
3	زیادی	_	_	_	_
4	نخوابیدم	_	_	_	_
5	،	_	_	_	_
6	و	_	_	_	_
7	فردا	_	_	_	_
8	برای	_	_	_	_
9	خودم	_	_	_	_
10	بسته‌ای	_	_	_	_
11	شامل	_	_	_	_
12	آب	_	_	_	_
13	و	_	_	_	_
14	غذا	_	_	_	_
15	فراهم	_	_	_	_
16	کردم	_	_	_	_
17	؛	_	_	_	_
18	توشه‌ای	_	_	_	_
19	برای	_	_	_	_
20	یک	_	_	_	_
21	سفر	_	_	_	_
22	زمینی	_	_	_	_
23	در	_	_	_	_
24	جستجوی	_	_	_	_
25	دریایی	_	_	_	_
26	که	_	_	_	_
27	ناپدید	_	_	_	_
28	شده_بود	_	_	_	_
29	و	_	_	_	_
30	احتمالا	_	_	_	_
31	راهی	_	_	_	_
32	برای	_	_	_	_
33	نجات	_	_	_	_
34	.	_	_	_	_

0	روز	_	_	_	_
1	سوم	_	_	_	_
2	،	_	_	_	_
3	زمین	_	_	_	_
4	را	_	_	_	_
5	خشک	_	_	_	_
6	یافتم	_	_	_	_
7	،	_	_	_	_
8	طوری	_	_	_	_
9	که	_	_	_	_
10	میشد	_	_	_	_
11	رویش	_	_	_	_
12	بی	_	_	_	_
13	دردسر	_	_	_	_
14	قدم	_	_	_	_
15	برداشت	_	_	_	_
16	.	_	_	_	_

0	بوی	_	_	_	_
1	فساد	_	_	_	_
2	ماهی‌ها	_	_	_	_
3	جنون	_	_	_	_
4	آور	_	_	_	_
5	بود	_	_	_	_
6	؛	_	_	_	_
7	اما	_	_	_	_
8	ذهنم	_	_	_	_
9	درگیر	_	_	_	_
10	موضوعاتی	_	_	_	_
11	چنان	_	_	_	_
12	حیاتی	_	_	_	_
13	بود	_	_	_	_
14	که	_	_	_	_
15	چنین	_	_	_	_
16	آزار	_	_	_	_
17	مختصری	_	_	_	_
18	را	_	_	_	_
19	نادیده	_	_	_	_
20	می‌گرفت	_	_	_	_
21	،	_	_	_	_
22	و	_	_	_	_
23	من	_	_	_	_
24	جسورانه	_	_	_	_
25	در	_	_	_	_
26	پی	_	_	_	_
27	هدفی	_	_	_	_
28	نامعلوم	_	_	_	_
29	سفرم	_	_	_	_
30	را	_	_	_	_
31	آغاز	_	_	_	_
32	کردم	_	_	_	_
33	.	_	_	_	_

0	تمام	_	_	_	_
1	روز	_	_	_	_
2	را	_	_	_	_
3	مصمم	_	_	_	_
4	به	_	_	_	_
5	سمت	_	_	_	_
6	غرب	_	_	_	_
7	رفتم	_	_	_	_
8	،	_	_	_	_
9	به	_	_	_	_
10	سوی	_	_	_	_
11	تپه‌ای	_	_	_	_
12	در	_	_	_	_
13	دوردست	_	_	_	_
14	که	_	_	_	_
15	مرتفع‌تر	_	_	_	_
16	از	_	_	_	_
17	هر	_	_	_	_
18	بلندی	_	_	_	_
19	دیگری	_	_	_	_
20	بود	_	_	_	_
21	.	_	_	_	_

0	شب	_	_	_	_
1	را	_	_	_	_
2	در	_	_	_	_
3	جایی	_	_	_	_
4	مستقر	_	_	_	_
5	شدم	_	_	_	_
6	و	_	_	_	_
7	روز	_	_	_	_
8	بعد	_	_	_	_
9	دوباره	_	_	_	_
10	به	_	_	_	_
11	سوی	_	_	_	_
12	تپه	_	_	_	_
13	حرکت	_	_	_	_
14	کردم	_	_	_	_
15	،	_	_	_	_
16	هرچند	_	_	_	_
17	که	_	_	_	_
18	چندان	_	_	_	_
19	بزرگتر	_	_	_	_
20	از	_	_	_	_
21	وقتی	_	_	_	_
22	که	_	_	_	_
23	نخستین‌بار	_	_	_	_
24	دیده	_	_	_	_
25	بودمش	_	_	_	_
26	به	_	_	_	_
27	نظر	_	_	_	_
28	نمی‌آمد	_	_	_	_
29	.	_	_	_	_

0	عصر	_	_	_	_
1	روز	_	_	_	_
2	چهارم	_	_	_	_
3	به	_	_	_	_
4	دامنه‌ی	_	_	_	_
5	تپه	_	_	_	_
6	رسیدم	_	_	_	_
7	،	_	_	_	_
8	که	_	_	_	_
9	حالا	_	_	_	_
10	بسیار	_	_	_	_
11	بزرگتر	_	_	_	_
12	از	_	_	_	_
13	قبل	_	_	_	_
14	به	_	_	_	_
15	نظر	_	_	_	_
16	می‌رسید	_	_	_	_
17	.	_	_	_	_

0	تپه	_	_	_	_
1	در	_	_	_	_
2	مجاورت	_	_	_	_
3	دره‌ای	_	_	_	_
4	بود	_	_	_	_
5	و	_	_	_	_
6	این	_	_	_	_
7	باعث	_	_	_	_
8	می‌شد	_	_	_	_
9	دامنه‌ی	_	_	_	_
10	پرشیبی	_	_	_	_
11	داشته_باشد	_	_	_	_
12	.	_	_	_	_

0	خسته‌تر	_	_	_	_
1	از	_	_	_	_
2	آن	_	_	_	_
3	بودم	_	_	_	_
4	که	_	_	_	_
5	بالا	_	_	_	_
6	بروم	_	_	_	_
7	،	_	_	_	_
8	پس	_	_	_	_
9	در	_	_	_	_
10	سایه‌ی	_	_	_	_
11	تپه	_	_	_	_
12	به	_	_	_	_
13	خواب	_	_	_	_
14	رفتم	_	_	_	_
15	.	_	_	_	_

0	نمیدانم	_	_	_	_
1	رویاهای	_	_	_	_
2	آن	_	_	_	_
3	شبم	_	_	_	_
4	چرا	_	_	_	_
5	آنچنان	_	_	_	_
6	دیوانه‌وار	_	_	_	_
7	بودند	_	_	_	_
8	.	_	_	_	_

0	اما	_	_	_	_
1	پیش	_	_	_	_
2	از	_	_	_	_
3	آنکه	_	_	_	_
4	ماه	_	_	_	_
5	از	_	_	_	_
6	نیمه	_	_	_	_
7	گذشته	_	_	_	_
8	که	_	_	_	_
9	رو	_	_	_	_
10	به	_	_	_	_
11	نازکی	_	_	_	_
12	می‌رفت	_	_	_	_
13	بر	_	_	_	_
14	فراز	_	_	_	_
15	فلات‌های	_	_	_	_
16	شرق	_	_	_	_
17	نمایان	_	_	_	_
18	شود	_	_	_	_
19	،	_	_	_	_
20	من	_	_	_	_
21	بیدار	_	_	_	_
22	و	_	_	_	_
23	خیس	_	_	_	_
24	از	_	_	_	_
25	عرق	_	_	_	_
26	سرد	_	_	_	_
27	بودم	_	_	_	_
28	و	_	_	_	_
29	دیگر	_	_	_	_
30	قصد	_	_	_	_
31	خوابیدن	_	_	_	_
32	نداشتم	_	_	_	_
33	.	_	_	_	_

0	مشاهده‌ی	_	_	_	_
1	دوباره‌ی	_	_	_	_
2	تصاویری	_	_	_	_
3	که	_	_	_	_
4	به	_	_	_	_
5	خواب	_	_	_	_
6	دیده_بودم	_	_	_	_
7	،	_	_	_	_
8	از	_	_	_	_
9	تحملم	_	_	_	_
10	خارج	_	_	_	_
11	بود	_	_	_	_
12	.	_	_	_	_

0	و	_	_	_	_
1	در	_	_	_	_
2	تلألو	_	_	_	_
3	ماه	_	_	_	_
4	دریافتم	_	_	_	_
5	که	_	_	_	_
6	سفر	_	_	_	_
7	کردن	_	_	_	_
8	در	_	_	_	_
9	روز	_	_	_	_
10	چه	_	_	_	_
11	انتخاب	_	_	_	_
12	نابخردانه‌ای	_	_	_	_
13	بوده_است	_	_	_	_
14	.	_	_	_	_

0	سفرم	_	_	_	_
1	بی	_	_	_	_
2	حضور	_	_	_	_
3	تابش	_	_	_	_
4	سوزان	_	_	_	_
5	خورشید	_	_	_	_
6	توان	_	_	_	_
7	کمتری	_	_	_	_
8	از	_	_	_	_
9	من	_	_	_	_
10	می‌گرفت	_	_	_	_
11	.	_	_	_	_

0	در	_	_	_	_
1	حقیقت	_	_	_	_
2	،	_	_	_	_
3	حالا	_	_	_	_
4	حس	_	_	_	_
5	می‌کردم	_	_	_	_
6	توان	_	_	_	_
7	به	_	_	_	_
8	انجام	_	_	_	_
9	رساندن	_	_	_	_
10	صعودی	_	_	_	_
11	که	_	_	_	_
12	پیشتر	_	_	_	_
13	هنگام	_	_	_	_
14	روز	_	_	_	_
15	از	_	_	_	_
16	آن	_	_	_	_
17	منصرف	_	_	_	_
18	شده_بودم	_	_	_	_
19	را	_	_	_	_
20	داشتم	_	_	_	_
21	.	_	_	_	_

0	بسته‌ام	_	_	_	_
1	را	_	_	_	_
2	برداشتم	_	_	_	_
3	و	_	_	_	_
4	به	_	_	_	_
5	سوی	_	_	_	_
6	سینه‌ی	_	_	_	_
7	تپه	_	_	_	_
8	به	_	_	_	_
9	راه	_	_	_	_
10	افتادم	_	_	_	_
11	.	_	_	_	_

0	پیشتر	_	_	_	_
1	گفتم	_	_	_	_
2	که	_	_	_	_
3	یکنواختی	_	_	_	_
4	تزلزل‌ناپذیر	_	_	_	_
5	محیط	_	_	_	_
6	پیرامونم	_	_	_	_
7	برای	_	_	_	_
8	من	_	_	_	_
9	به	_	_	_	_
10	نوعی	_	_	_	_
11	هراس‌آور	_	_	_	_
12	بود	_	_	_	_
13	؛	_	_	_	_
14	اما	_	_	_	_
15	احساس	_	_	_	_
16	میکنم	_	_	_	_
17	زمانی	_	_	_	_
18	که	_	_	_	_
19	به	_	_	_	_
20	قله‌ی	_	_	_	_
21	تپه	_	_	_	_
22	رسیدم	_	_	_	_
23	و	_	_	_	_
24	به	_	_	_	_
25	سوی	_	_	_	_
26	دیگرش	_	_	_	_
27	نگاه	_	_	_	_
28	انداخته	_	_	_	_
29	و	_	_	_	_
30	دره	_	_	_	_
31	یا	_	_	_	_
32	گسلی	_	_	_	_
33	بی‌اندازه	_	_	_	_
34	عمیق	_	_	_	_
35	را	_	_	_	_
36	دیدم	_	_	_	_
37	که	_	_	_	_
38	ماه	_	_	_	_
39	هنوز	_	_	_	_
40	آنقدر	_	_	_	_
41	در	_	_	_	_
42	آسمان	_	_	_	_
43	بالا	_	_	_	_
44	نرفته_بود	_	_	_	_
45	تا	_	_	_	_
46	گوشه	_	_	_	_
47	و	_	_	_	_
48	کنارهای	_	_	_	_
49	تاریکش	_	_	_	_
50	را	_	_	_	_
51	روشن	_	_	_	_
52	کند	_	_	_	_
53	،	_	_	_	_
54	وحشتی	_	_	_	_
55	بسیار	_	_	_	_
56	بیشتر	_	_	_	_
57	را	_	_	_	_
58	متحمل	_	_	_	_
59	شدم	_	_	_	_
60	.	_	_	_	_

0	احساس	_	_	_	_
1	میکردم	_	_	_	_
2	بر	_	_	_	_
3	لبه‌ی	_	_	_	_
4	جهان	_	_	_	_
5	قرار	_	_	_	_
6	دارم	_	_	_	_
7	و	_	_	_	_
8	چشم	_	_	_	_
9	به	_	_	_	_
10	آشوبی	_	_	_	_
11	و	_	_	_	_
12	صعود	_	_	_	_
13	هولناک	_	_	_	_
14	شیطان	_	_	_	_
15	در	_	_	_	_
16	سرزمین‌های	_	_	_	_
17	بی‌انتها	_	_	_	_
18	از	_	_	_	_
19	شبی	_	_	_	_
20	ابدی	_	_	_	_
21	دوخته‌ام	_	_	_	_
22	.	_	_	_	_

0	در	_	_	_	_
1	میانه‌ی	_	_	_	_
2	وحشت	_	_	_	_
3	،	_	_	_	_
4	بخش‌هایی	_	_	_	_
5	از	_	_	_	_
6	بیقواره‌ی	_	_	_	_
7	تاریکی	_	_	_	_
8	به	_	_	_	_
9	یادم	_	_	_	_
10	می‌آمد	_	_	_	_
11	.	_	_	_	_

0	ماه	_	_	_	_
1	که	_	_	_	_
2	در	_	_	_	_
3	آسمان	_	_	_	_
4	بالاتر	_	_	_	_
5	رفت	_	_	_	_
6	،	_	_	_	_
7	دریافتم	_	_	_	_
8	شیب	_	_	_	_
9	تپه	_	_	_	_
10	آنچنان	_	_	_	_
11	هم	_	_	_	_
12	که	_	_	_	_
13	گمان	_	_	_	_
14	برده_بودم	_	_	_	_
15	تند	_	_	_	_
16	نبود	_	_	_	_
17	.	_	_	_	_

0	لبه‌ها	_	_	_	_
1	و	_	_	_	_
2	زائده‌های	_	_	_	_
3	تخته‌سنگها	_	_	_	_
4	جای	_	_	_	_
5	پای	_	_	_	_
6	نسبتا	_	_	_	_
7	راحتی	_	_	_	_
8	برای	_	_	_	_
9	پایین	_	_	_	_
10	آمدن	_	_	_	_
11	فراهم	_	_	_	_
12	می‌کردند	_	_	_	_
13	؛	_	_	_	_
14	هرچند	_	_	_	_
15	که	_	_	_	_
16	پس	_	_	_	_
17	از	_	_	_	_
18	چندصد	_	_	_	_
19	پا	_	_	_	_
20	پایین	_	_	_	_
21	آمدن	_	_	_	_
22	،	_	_	_	_
23	از	_	_	_	_
24	شیب	_	_	_	_
25	بسیار	_	_	_	_
26	کاسته_می‌شد	_	_	_	_
27	.	_	_	_	_

0	با	_	_	_	_
1	شوقی	_	_	_	_
2	که	_	_	_	_
3	به	_	_	_	_
4	هیچ	_	_	_	_
5	روی	_	_	_	_
6	دلیلش	_	_	_	_
7	را	_	_	_	_
8	نمی‌فهمیدم	_	_	_	_
9	،	_	_	_	_
10	به	_	_	_	_
11	دشواری	_	_	_	_
12	از	_	_	_	_
13	صخره‌ها	_	_	_	_
14	به	_	_	_	_
15	پایین	_	_	_	_
16	لغزیدم	_	_	_	_
17	و	_	_	_	_
18	روی	_	_	_	_
19	شیب	_	_	_	_
20	ملایم	_	_	_	_
21	آن	_	_	_	_
22	پایین	_	_	_	_
23	ایستادم	_	_	_	_
24	و	_	_	_	_
25	به	_	_	_	_
26	آن	_	_	_	_
27	اعماق	_	_	_	_
28	سراسر	_	_	_	_
29	سیاه	_	_	_	_
30	گسل	_	_	_	_
31	چشم	_	_	_	_
32	دوختم	_	_	_	_
33	که	_	_	_	_
34	هنوز	_	_	_	_
35	نوری	_	_	_	_
36	به	_	_	_	_
37	آنها	_	_	_	_
38	راه	_	_	_	_
39	نیافته_بود	_	_	_	_
40	.	_	_	_	_

0	ناگهان	_	_	_	_
1	توجهم	_	_	_	_
2	به	_	_	_	_
3	شئی	_	_	_	_
4	یگانه	_	_	_	_
5	و	_	_	_	_
6	وسیع	_	_	_	_
7	جلب	_	_	_	_
8	شد	_	_	_	_
9	که	_	_	_	_
10	بر	_	_	_	_
11	تپه‌ی	_	_	_	_
12	دیگری	_	_	_	_
13	قرار	_	_	_	_
14	داشت	_	_	_	_
15	که	_	_	_	_
16	تقریبا	_	_	_	_
17	صد	_	_	_	_
18	یارد	_	_	_	_
19	جلوتر	_	_	_	_
20	دوباره	_	_	_	_
21	از	_	_	_	_
22	آن‌سوی	_	_	_	_
23	گسل	_	_	_	_
24	سر	_	_	_	_
25	بلند	_	_	_	_
26	می‌کرد	_	_	_	_
27	،	_	_	_	_
28	شئی	_	_	_	_
29	که	_	_	_	_
30	زیر	_	_	_	_
31	نور	_	_	_	_
32	تازه‌رسیده‌ی	_	_	_	_
33	مهتاب	_	_	_	_
34	،	_	_	_	_
35	برق	_	_	_	_
36	سفیدی	_	_	_	_
37	داشت	_	_	_	_
38	.	_	_	_	_

0	این	_	_	_	_
1	که	_	_	_	_
2	آن	_	_	_	_
3	شئ	_	_	_	_
4	در	_	_	_	_
5	حقیقت	_	_	_	_
6	تکه	_	_	_	_
7	سنگی	_	_	_	_
8	غول‌آسا	_	_	_	_
9	بود	_	_	_	_
10	را	_	_	_	_
11	زود	_	_	_	_
12	بر	_	_	_	_
13	نمی‌آمد	_	_	_	_
14	ساخته‌ی	_	_	_	_
15	دست	_	_	_	_
16	طبیعت	_	_	_	_
17	باشد	_	_	_	_
18	.	_	_	_	_

0	به	_	_	_	_
1	نحوی	_	_	_	_
2	آگاه	_	_	_	_
3	بودم	_	_	_	_
4	که	_	_	_	_
5	از	_	_	_	_
6	مکان	_	_	_	_
7	و	_	_	_	_
8	حالتی	_	_	_	_
9	که	_	_	_	_
10	داشت	_	_	_	_
11	انباشته	_	_	_	_
12	از	_	_	_	_
13	احساسی	_	_	_	_
14	کرد	_	_	_	_
15	که	_	_	_	_
16	از	_	_	_	_
17	بیانش	_	_	_	_
18	عاجزم	_	_	_	_
19	؛	_	_	_	_
20	زیرا	_	_	_	_
21	تقریبا	_	_	_	_
22	تردید	_	_	_	_
23	نداشتم	_	_	_	_
24	که	_	_	_	_
25	با	_	_	_	_
26	وجود	_	_	_	_
27	قد	_	_	_	_
28	و	_	_	_	_
29	قواره‌ی	_	_	_	_
30	عظیمش	_	_	_	_
31	و	_	_	_	_
32	جای	_	_	_	_
33	گرفتنش	_	_	_	_
34	در	_	_	_	_
35	ناکجایی	_	_	_	_
36	که	_	_	_	_
37	از	_	_	_	_
38	آغاز	_	_	_	_
39	جهان	_	_	_	_
40	در	_	_	_	_
41	کف	_	_	_	_
42	اقیانوس	_	_	_	_
43	قرار	_	_	_	_
44	داشت	_	_	_	_
45	،	_	_	_	_
46	آن	_	_	_	_
47	شئ	_	_	_	_
48	عجیب	_	_	_	_
49	،	_	_	_	_
50	تخته‌سنگی	_	_	_	_
51	خوش‌تراش	_	_	_	_
52	بود	_	_	_	_
53	که	_	_	_	_
54	تن	_	_	_	_
55	حجیمش	_	_	_	_
56	دست	_	_	_	_
57	هنروران	_	_	_	_
58	و	_	_	_	_
59	شاید	_	_	_	_
60	پرستش	_	_	_	_
61	مردمانی	_	_	_	_
62	صاحب	_	_	_	_
63	هوشمندی	_	_	_	_
64	را	_	_	_	_
65	به	_	_	_	_
66	خود	_	_	_	_
67	دیده_بود	_	_	_	_
68	.	_	_	_	_

0	گیج	_	_	_	_
1	و	_	_	_	_
2	ترسیده_بودم	_	_	_	_
3	،	_	_	_	_
4	اما	_	_	_	_
5	هنوز	_	_	_	_
6	بارقه‌هایی	_	_	_	_
7	از	_	_	_	_
8	شور	_	_	_	_
9	یک	_	_	_	_
10	باستان‌شناس	_	_	_	_
11	یا	_	_	_	_
12	دانشمند	_	_	_	_
13	در	_	_	_	_
14	من	_	_	_	_
15	بود	_	_	_	_
16	،	_	_	_	_
17	پس	_	_	_	_
18	پیرامونم	_	_	_	_
19	را	_	_	_	_
20	با	_	_	_	_
21	دقت	_	_	_	_
22	بیشتری	_	_	_	_
23	بررسی	_	_	_	_
24	کردم	_	_	_	_
25	.	_	_	_	_

0	ماه	_	_	_	_
1	حالا	_	_	_	_
2	در	_	_	_	_
3	مکان	_	_	_	_
4	سرسو	_	_	_	_
5	قرار	_	_	_	_
6	داشت	_	_	_	_
7	و	_	_	_	_
8	غریب	_	_	_	_
9	و	_	_	_	_
10	زنده	_	_	_	_
11	بر	_	_	_	_
12	تپه‌های	_	_	_	_
13	بلندبالا	_	_	_	_
14	می‌تابید	_	_	_	_
15	که	_	_	_	_
16	دره	_	_	_	_
17	را	_	_	_	_
18	در	_	_	_	_
19	محاصره	_	_	_	_
20	گرفته_بودند	_	_	_	_
21	،	_	_	_	_
22	و	_	_	_	_
23	جریانی	_	_	_	_
24	از	_	_	_	_
25	آب	_	_	_	_
26	را	_	_	_	_
27	در	_	_	_	_
28	انتهای	_	_	_	_
29	آن	_	_	_	_
30	دره‌ی	_	_	_	_
31	عمیق	_	_	_	_
32	آشکار	_	_	_	_
33	می‌کرد	_	_	_	_
34	.	_	_	_	_

0	آب	_	_	_	_
1	دیوانه‌وار	_	_	_	_
2	به	_	_	_	_
3	هردیواره‌ی	_	_	_	_
4	گسل	_	_	_	_
5	میکوبید	_	_	_	_
6	و	_	_	_	_
7	حتا	_	_	_	_
8	چیزی	_	_	_	_
9	نمانده_بود	_	_	_	_
10	پای	_	_	_	_
11	مرا	_	_	_	_
12	که	_	_	_	_
13	بر	_	_	_	_
14	دامنه‌ی	_	_	_	_
15	شیب	_	_	_	_
16	ایستاده	_	_	_	_
17	بودم‌تر	_	_	_	_
18	کند	_	_	_	_
19	.	_	_	_	_

0	در	_	_	_	_
1	آن‌سوی	_	_	_	_
2	دره	_	_	_	_
3	،	_	_	_	_
4	موجها	_	_	_	_
5	پایه‌ی	_	_	_	_
6	تخته‌سنگ	_	_	_	_
7	غول‌آسا	_	_	_	_
8	را	_	_	_	_
9	می‌شستند	_	_	_	_
10	و	_	_	_	_
11	من	_	_	_	_
12	حالا	_	_	_	_
13	میتوانستم	_	_	_	_
14	بر	_	_	_	_
15	سطح	_	_	_	_
16	۲	_	_	_	_
17	آن	_	_	_	_
18	نوشته‌ها	_	_	_	_
19	و	_	_	_	_
20	حکاکی‌هایی	_	_	_	_
21	بی‌ظرافت	_	_	_	_
22	را	_	_	_	_
23	تشخیص	_	_	_	_
24	دهم	_	_	_	_
25	.	_	_	_	_

0	نوشته‌ها	_	_	_	_
1	به	_	_	_	_
2	خط‌نگارهای	_	_	_	_
3	بودند	_	_	_	_
4	که	_	_	_	_
5	برای	_	_	_	_
6	من	_	_	_	_
7	ناآشنا	_	_	_	_
8	بود	_	_	_	_
9	و	_	_	_	_
10	به	_	_	_	_
11	هیچکدام	_	_	_	_
12	از	_	_	_	_
13	چیزهایی	_	_	_	_
14	که	_	_	_	_
15	درکتابها	_	_	_	_
16	دیده_بودم	_	_	_	_
17	نیز	_	_	_	_
18	شباهت	_	_	_	_
19	نداشت	_	_	_	_
20	.	_	_	_	_

0	عموما	_	_	_	_
1	از	_	_	_	_
2	نشانه‌هایی	_	_	_	_
3	که	_	_	_	_
4	به	_	_	_	_
5	دریا	_	_	_	_
6	یا	_	_	_	_
7	موجودات	_	_	_	_
8	آن	_	_	_	_
9	ربط	_	_	_	_
10	داشت	_	_	_	_
11	تشکیل	_	_	_	_
12	شده_بود	_	_	_	_
13	؛	_	_	_	_
14	نرم‌تن‌ها	_	_	_	_
15	و	_	_	_	_
16	والها	_	_	_	_
17	و	_	_	_	_
18	چیزهایی	_	_	_	_
19	از	_	_	_	_
20	این	_	_	_	_
21	دست	_	_	_	_
22	.	_	_	_	_

0	شماری	_	_	_	_
1	از	_	_	_	_
2	نشانه‌ها	_	_	_	_
3	نماینده‌ی	_	_	_	_
4	موجوداتی	_	_	_	_
5	،	_	_	_	_
6	مانند	_	_	_	_
7	ماهیها	_	_	_	_
8	،	_	_	_	_
9	مارماهیها	_	_	_	_
10	،	_	_	_	_
11	هشت‌پاها	_	_	_	_
12	،	_	_	_	_
13	میگوها	_	_	_	_
14	دریازی	_	_	_	_
15	بودند	_	_	_	_
16	که	_	_	_	_
17	جهان	_	_	_	_
18	مدرن	_	_	_	_
19	آنها	_	_	_	_
20	را	_	_	_	_
21	تا	_	_	_	_
22	به	_	_	_	_
23	حال	_	_	_	_
24	به	_	_	_	_
25	چشم	_	_	_	_
26	ندیده_بود	_	_	_	_
27	،	_	_	_	_
28	اما	_	_	_	_
29	من	_	_	_	_
30	توانسته_بودم	_	_	_	_
31	اجساد	_	_	_	_
32	درحال	_	_	_	_
33	فسادشان	_	_	_	_
34	را	_	_	_	_
35	روی	_	_	_	_
36	زمینی	_	_	_	_
37	که	_	_	_	_
38	از	_	_	_	_
39	کف	_	_	_	_
40	اقیانوس	_	_	_	_
41	بلند	_	_	_	_
42	شده_بود	_	_	_	_
43	ببینم	_	_	_	_
44	.	_	_	_	_

0	اما	_	_	_	_
1	آنچه	_	_	_	_
2	مرا	_	_	_	_
3	حیرت‌زده	_	_	_	_
4	برجای	_	_	_	_
5	گذاشت	_	_	_	_
6	،	_	_	_	_
7	حکاکی‌ها	_	_	_	_
8	بودند	_	_	_	_
9	.	_	_	_	_

0	آن‌سوی	_	_	_	_
1	آب‌هایی	_	_	_	_
2	که	_	_	_	_
3	میان	_	_	_	_
4	ما	_	_	_	_
5	فاصله	_	_	_	_
6	انداخته_بود	_	_	_	_
7	،	_	_	_	_
8	پای	_	_	_	_
9	تخته‌سنگ	_	_	_	_
10	ردیفی	_	_	_	_
11	از	_	_	_	_
12	۳	_	_	_	_
13	کنده‌کاری‌هایی	_	_	_	_
14	قرار	_	_	_	_
15	داشت	_	_	_	_
16	که	_	_	_	_
17	احتمالا	_	_	_	_
18	حسادت	_	_	_	_
19	دوری	_	_	_	_
20	را	_	_	_	_
21	برمی‌انگیختند	_	_	_	_
22	.	_	_	_	_

0	گمان	_	_	_	_
1	می‌کنم	_	_	_	_
2	آن	_	_	_	_
3	حکاکی‌ها	_	_	_	_
4	قرار	_	_	_	_
5	بود	_	_	_	_
6	نمایانگر	_	_	_	_
7	انسان	_	_	_	_
8	باشند	_	_	_	_
9	.	_	_	_	_

0	آن	_	_	_	_
1	موجودات	_	_	_	_
2	کنده‌کاری	_	_	_	_
3	شده	_	_	_	_
4	داشتند	_	_	_	_
5	خودستایانه	_	_	_	_
6	به	_	_	_	_
7	خویش	_	_	_	_
8	می‌نگریستند	_	_	_	_
9	،	_	_	_	_
10	یا	_	_	_	_
11	شاید	_	_	_	_
12	هم	_	_	_	_
13	به	_	_	_	_
14	تخته‌سنگ	_	_	_	_
15	غول‌آسای	_	_	_	_
16	دیگری	_	_	_	_
17	که	_	_	_	_
18	در	_	_	_	_
19	زیر	_	_	_	_
20	موج‌ها	_	_	_	_
21	جای	_	_	_	_
22	داشت	_	_	_	_
23	نگاه	_	_	_	_
24	می‌کردند	_	_	_	_
25	.	_	_	_	_

0	از	_	_	_	_
1	جزئیات	_	_	_	_
2	تن	_	_	_	_
3	و	_	_	_	_
4	صورتشان	_	_	_	_
5	نمیتوانم	_	_	_	_
6	چیزی	_	_	_	_
7	بگویم	_	_	_	_
8	،	_	_	_	_
9	چرا	_	_	_	_
10	که	_	_	_	_
11	حتا	_	_	_	_
12	یادآوری	_	_	_	_
13	آنها	_	_	_	_
14	نیز	_	_	_	_
15	سرم	_	_	_	_
16	را	_	_	_	_
17	سبک	_	_	_	_
18	کرده	_	_	_	_
19	و	_	_	_	_
20	به	_	_	_	_
21	دوران	_	_	_	_
22	می‌اندازد	_	_	_	_
23	.	_	_	_	_

0	آنچنان	_	_	_	_
1	بیقواره	_	_	_	_
2	که	_	_	_	_
3	حتی	_	_	_	_
4	پو	_	_	_	_
5	و	_	_	_	_
6	بولور	_	_	_	_
7	نمیتوانستند	_	_	_	_
8	چیزی	_	_	_	_
9	همانندش	_	_	_	_
10	را	_	_	_	_
11	تصور	_	_	_	_
12	کنند	_	_	_	_
13	.	_	_	_	_

0	در	_	_	_	_
1	شمای	_	_	_	_
2	کلی	_	_	_	_
3	،	_	_	_	_
4	سوای	_	_	_	_
5	انگشتان	_	_	_	_
6	به	_	_	_	_
7	هم	_	_	_	_
8	چسبیده‌ی	_	_	_	_
9	دست	_	_	_	_
10	و	_	_	_	_
11	پایشان	_	_	_	_
12	مانند	_	_	_	_
13	انسان	_	_	_	_
14	بودند	_	_	_	_
15	،	_	_	_	_
16	سوای	_	_	_	_
17	لبهای	_	_	_	_
18	بیاندازه	_	_	_	_
19	پهن	_	_	_	_
20	و	_	_	_	_
21	آویزانشان	_	_	_	_
22	،	_	_	_	_
23	آن	_	_	_	_
24	چشمان	_	_	_	_
25	شیشهای	_	_	_	_
26	و	_	_	_	_
27	وقزده	_	_	_	_
28	و	_	_	_	_
29	جزئیات	_	_	_	_
30	دیگری	_	_	_	_
31	که	_	_	_	_
32	یادآوریشان	_	_	_	_
33	به	_	_	_	_
34	هیچ	_	_	_	_
35	روی	_	_	_	_
36	خوشآیند	_	_	_	_
37	نیست	_	_	_	_
38	.	_	_	_	_

0	کنجکاو	_	_	_	_
1	شده_بودم	_	_	_	_
2	،	_	_	_	_
3	زیرا	_	_	_	_
4	در	_	_	_	_
5	کنده‌کاریها	_	_	_	_
6	تناسب	_	_	_	_
7	آن	_	_	_	_
8	موجودات	_	_	_	_
9	با	_	_	_	_
10	سایر	_	_	_	_
11	اجزای	_	_	_	_
12	تصویر	_	_	_	_
13	رعایت	_	_	_	_
14	نشده_بود	_	_	_	_
15	.	_	_	_	_

0	برای	_	_	_	_
1	مثال	_	_	_	_
2	،	_	_	_	_
3	یکی	_	_	_	_
4	از	_	_	_	_
5	آنها	_	_	_	_
6	داشت	_	_	_	_
7	نهنگی	_	_	_	_
8	را	_	_	_	_
9	به	_	_	_	_
10	قتل	_	_	_	_
11	می‌رساند	_	_	_	_
12	که	_	_	_	_
13	تنها	_	_	_	_
14	کمی	_	_	_	_
15	بزرگتر	_	_	_	_
16	از	_	_	_	_
17	خودش	_	_	_	_
18	ترسیم	_	_	_	_
19	شده_بود	_	_	_	_
20	.	_	_	_	_

0	همانطور	_	_	_	_
1	که	_	_	_	_
2	گفتم	_	_	_	_
3	اندازه‌ی	_	_	_	_
4	غریب	_	_	_	_
5	و	_	_	_	_
6	شمایل	_	_	_	_
7	هیولاییشان	_	_	_	_
8	بیش	_	_	_	_
9	از	_	_	_	_
10	همه	_	_	_	_
11	توجهم	_	_	_	_
12	را	_	_	_	_
13	جلب	_	_	_	_
14	کرد	_	_	_	_
15	،	_	_	_	_
16	اما	_	_	_	_
17	لحظه‌ای	_	_	_	_
18	طول	_	_	_	_
19	نکشید	_	_	_	_
20	که	_	_	_	_
21	اندیشیدم	_	_	_	_
22	آنها	_	_	_	_
23	بی‌تردید	_	_	_	_
24	خدایان	_	_	_	_
25	ساختگی	_	_	_	_
26	قومی	_	_	_	_
27	دریانورد	_	_	_	_
28	یا	_	_	_	_
29	ماهیگیر	_	_	_	_
30	بوده	_	_	_	_
31	که	_	_	_	_
32	در	_	_	_	_
33	زمانهای	_	_	_	_
34	دور	_	_	_	_
35	می‌زیستهاند	_	_	_	_
36	؛	_	_	_	_
37	قومی	_	_	_	_
38	که	_	_	_	_
39	آخرین	_	_	_	_
40	بازمانده‌شان	_	_	_	_
41	قرنها	_	_	_	_
42	پیش	_	_	_	_
43	از	_	_	_	_
44	آنکه	_	_	_	_
45	نخستین	_	_	_	_
46	انسان	_	_	_	_
47	پا	_	_	_	_
48	به	_	_	_	_
49	دنیا	_	_	_	_
50	بگذارد	_	_	_	_
51	از	_	_	_	_
52	میان	_	_	_	_
53	رفته_بود	_	_	_	_
54	.	_	_	_	_

0	داشتم	_	_	_	_
1	به	_	_	_	_
2	گذشته‌ای	_	_	_	_
3	نگاه	_	_	_	_
4	میکردم	_	_	_	_
5	که	_	_	_	_
6	تاریخش	_	_	_	_
7	از	_	_	_	_
8	تصور	_	_	_	_
9	جسورترین	_	_	_	_
10	انسان‌شناس	_	_	_	_
11	نیز	_	_	_	_
12	دورتر	_	_	_	_
13	می‌رفت	_	_	_	_
14	؛	_	_	_	_
15	حیرتزده	_	_	_	_
16	و	_	_	_	_
17	سرمست	_	_	_	_
18	ایستاده_بودم	_	_	_	_
19	و	_	_	_	_
20	ماه	_	_	_	_
21	بازتابهای	_	_	_	_
22	غریبی	_	_	_	_
23	بر	_	_	_	_
24	توده	_	_	_	_
25	آب	_	_	_	_
26	بیصدای	_	_	_	_
27	مقابلم	_	_	_	_
28	می‌انداخت	_	_	_	_
29	.	_	_	_	_

0	سپس	_	_	_	_
1	،	_	_	_	_
2	ناگهان	_	_	_	_
3	دیدمش	_	_	_	_
4	.	_	_	_	_

0	تنها	_	_	_	_
1	تکانهای	_	_	_	_
2	مختصر	_	_	_	_
3	آب	_	_	_	_
4	بود	_	_	_	_
5	که	_	_	_	_
6	آمدنش	_	_	_	_
7	به	_	_	_	_
8	سطح	_	_	_	_
9	را	_	_	_	_
10	خبر	_	_	_	_
11	می‌داد	_	_	_	_
12	.	_	_	_	_

0	او	_	_	_	_
1	از	_	_	_	_
2	آبهای	_	_	_	_
3	تاریک	_	_	_	_
4	بالا	_	_	_	_
5	آمد	_	_	_	_
6	،	_	_	_	_
7	عظیم	_	_	_	_
8	بود	_	_	_	_
9	،	_	_	_	_
10	به	_	_	_	_
11	پلیفموس	_	_	_	_
12	می‌مانست	_	_	_	_
13	.	_	_	_	_

0	لبریز	_	_	_	_
1	از	_	_	_	_
2	تنفر	_	_	_	_
3	،	_	_	_	_
4	همچون	_	_	_	_
5	هیولایی	_	_	_	_
6	حیرت‌انگیز	_	_	_	_
7	برخاسته	_	_	_	_
8	از	_	_	_	_
9	کابوسها	_	_	_	_
10	،	_	_	_	_
11	به	_	_	_	_
12	سوی	_	_	_	_
13	مجسمه	_	_	_	_
14	دوید	_	_	_	_
15	و	_	_	_	_
16	بازوان	_	_	_	_
17	عظیم	_	_	_	_
18	فلسپوشش	_	_	_	_
19	را	_	_	_	_
20	اطراف	_	_	_	_
21	آن	_	_	_	_
22	تکان	_	_	_	_
23	داد	_	_	_	_
24	؛	_	_	_	_
25	سر	_	_	_	_
26	هولناکش	_	_	_	_
27	را	_	_	_	_
28	خم	_	_	_	_
29	کرده_بود	_	_	_	_
30	و	_	_	_	_
31	صداهای	_	_	_	_
32	آهنگینی	_	_	_	_
33	از	_	_	_	_
34	گلو	_	_	_	_
35	خارج	_	_	_	_
36	میکرد	_	_	_	_
37	.	_	_	_	_

0	به	_	_	_	_
1	نظر	_	_	_	_
2	آن	_	_	_	_
3	زمان	_	_	_	_
4	بود	_	_	_	_
5	که	_	_	_	_
6	دیوانه	_	_	_	_
7	شدم	_	_	_	_
8	.	_	_	_	_

0	از	_	_	_	_
1	صعود	_	_	_	_
2	دیوانه‌وارم	_	_	_	_
3	از	_	_	_	_
4	آن	_	_	_	_
5	شیب	_	_	_	_
6	و	_	_	_	_
7	صخره‌ها	_	_	_	_
8	و	_	_	_	_
9	از	_	_	_	_
10	بازگشت	_	_	_	_
11	وهمگینم	_	_	_	_
12	به	_	_	_	_
13	سوی	_	_	_	_
14	قایق	_	_	_	_
15	به	_	_	_	_
16	گل	_	_	_	_
17	نشسته	_	_	_	_
18	،	_	_	_	_
19	جز	_	_	_	_
20	اندک	_	_	_	_
21	چیزی	_	_	_	_
22	به	_	_	_	_
23	خاطر	_	_	_	_
24	ندارم	_	_	_	_
25	.	_	_	_	_

0	میدانم	_	_	_	_
1	که	_	_	_	_
2	بسیار	_	_	_	_
3	آواز	_	_	_	_
4	خواندم	_	_	_	_
5	،	_	_	_	_
6	و	_	_	_	_
7	زمانی	_	_	_	_
8	که	_	_	_	_
9	دیگر	_	_	_	_
10	نتوانستم	_	_	_	_
11	بخوانم	_	_	_	_
12	به	_	_	_	_
13	نحو	_	_	_	_
14	غریبی	_	_	_	_
15	خندیدم	_	_	_	_
16	.	_	_	_	_

0	تصاویر	_	_	_	_
1	تمایزناپذیری	_	_	_	_
2	از	_	_	_	_
3	رخداد	_	_	_	_
4	یک	_	_	_	_
5	طوفان	_	_	_	_
6	بزرگ	_	_	_	_
7	مدتی	_	_	_	_
8	پس	_	_	_	_
9	از	_	_	_	_
10	آنکه	_	_	_	_
11	به	_	_	_	_
12	قایق	_	_	_	_
13	رسیده_بودم	_	_	_	_
14	را	_	_	_	_
15	به	_	_	_	_
16	خاطر	_	_	_	_
17	دارم	_	_	_	_
18	.	_	_	_	_

0	اما	_	_	_	_
1	به	_	_	_	_
2	هر	_	_	_	_
3	روی	_	_	_	_
4	،	_	_	_	_
5	میدانم	_	_	_	_
6	که	_	_	_	_
7	صدای	_	_	_	_
8	غرش	_	_	_	_
9	تندر	_	_	_	_
10	و	_	_	_	_
11	صداهایی	_	_	_	_
12	ازین	_	_	_	_
13	دست	_	_	_	_
14	را	_	_	_	_
15	شنیدم	_	_	_	_
16	که	_	_	_	_
17	طبیعت	_	_	_	_
18	در	_	_	_	_
19	دیوانه‌ترین	_	_	_	_
20	شرایطش	_	_	_	_
21	ساطع	_	_	_	_
22	می‌کند	_	_	_	_
23	.	_	_	_	_

0	هنگامی	_	_	_	_
1	که	_	_	_	_
2	از	_	_	_	_
3	سیاهی‌ها	_	_	_	_
4	خارج	_	_	_	_
5	شدم	_	_	_	_
6	،	_	_	_	_
7	در	_	_	_	_
8	بیمارستان	_	_	_	_
9	سان	_	_	_	_
10	فرانسیسکو	_	_	_	_
11	بودم	_	_	_	_
12	.	_	_	_	_

0	کاپیتان	_	_	_	_
1	یک	_	_	_	_
2	کشتی	_	_	_	_
3	آمریکایی	_	_	_	_
4	که	_	_	_	_
5	قایقم	_	_	_	_
6	را	_	_	_	_
7	در	_	_	_	_
8	میانه‌ی	_	_	_	_
9	اقیانوس	_	_	_	_
10	دیده_بود	_	_	_	_
11	،	_	_	_	_
12	مرا	_	_	_	_
13	به	_	_	_	_
14	آنجا	_	_	_	_
15	آورده_بود	_	_	_	_
16	.	_	_	_	_

0	در	_	_	_	_
1	هذیانهایم	_	_	_	_
2	حرفهای	_	_	_	_
3	زیادی	_	_	_	_
4	زده_بودم	_	_	_	_
5	،	_	_	_	_
6	اما	_	_	_	_
7	دریافتم	_	_	_	_
8	که	_	_	_	_
9	کمترین	_	_	_	_
10	توجهی	_	_	_	_
11	را	_	_	_	_
12	به	_	_	_	_
13	آنها	_	_	_	_
14	روا	_	_	_	_
15	نداشته‌اند	_	_	_	_
16	.	_	_	_	_

0	آنها	_	_	_	_
1	که	_	_	_	_
2	مرا	_	_	_	_
3	نجات	_	_	_	_
4	دادند	_	_	_	_
5	از	_	_	_	_
6	بالا	_	_	_	_
7	آمدن	_	_	_	_
8	کف	_	_	_	_
9	هیچ‌کجای	_	_	_	_
10	اقیانوس	_	_	_	_
11	آرام	_	_	_	_
12	خبری	_	_	_	_
13	نداشتند	_	_	_	_
14	،	_	_	_	_
15	و	_	_	_	_
16	من	_	_	_	_
17	هم	_	_	_	_
18	بر	_	_	_	_
19	چیزی	_	_	_	_
20	که	_	_	_	_
21	میدانستم	_	_	_	_
22	باور	_	_	_	_
23	نخواهند_کرد	_	_	_	_
24	اصرار	_	_	_	_
25	نورزیدم	_	_	_	_
26	.	_	_	_	_

0	زمانی	_	_	_	_
1	یک	_	_	_	_
2	نژادشناس	_	_	_	_
3	مطرح	_	_	_	_
4	را	_	_	_	_
5	جستم	_	_	_	_
6	و	_	_	_	_
7	او	_	_	_	_
8	را	_	_	_	_
9	با	_	_	_	_
10	پرسشهای	_	_	_	_
11	خودم	_	_	_	_
12	درباره‌ی	_	_	_	_
13	داگون	_	_	_	_
14	،	_	_	_	_
15	افسانه‌ی	_	_	_	_
16	باستانی	_	_	_	_
17	فلسطینی	_	_	_	_
18	،	_	_	_	_
19	آن	_	_	_	_
20	نیم	_	_	_	_
21	خداوند	_	_	_	_
22	و	_	_	_	_
23	نیم	_	_	_	_
24	ماهی	_	_	_	_
25	سر	_	_	_	_
26	شوق	_	_	_	_
27	آوردم	_	_	_	_
28	.	_	_	_	_

0	اما	_	_	_	_
1	به	_	_	_	_
2	تندی	_	_	_	_
3	دریافتم	_	_	_	_
4	که	_	_	_	_
5	او	_	_	_	_
6	فقط	_	_	_	_
7	ناامیدانه	_	_	_	_
8	آنچه	_	_	_	_
9	به	_	_	_	_
10	چشم	_	_	_	_
11	می‌دید	_	_	_	_
12	را	_	_	_	_
13	میپذیرفت	_	_	_	_
14	،	_	_	_	_
15	و	_	_	_	_
16	دست	_	_	_	_
17	از	_	_	_	_
18	پی	_	_	_	_
19	گرفتن	_	_	_	_
20	پرسشهایم	_	_	_	_
21	کشیدم	_	_	_	_
22	.	_	_	_	_

0	شبها	_	_	_	_
1	،	_	_	_	_
2	به	_	_	_	_
3	ویژه	_	_	_	_
4	زمانی	_	_	_	_
5	که	_	_	_	_
6	ماه	_	_	_	_
7	از	_	_	_	_
8	نیمه	_	_	_	_
9	گذشته_است	_	_	_	_
10	و	_	_	_	_
11	رو	_	_	_	_
12	به	_	_	_	_
13	نازکی	_	_	_	_
14	میرود	_	_	_	_
15	،	_	_	_	_
16	او	_	_	_	_
17	را	_	_	_	_
18	میبینم	_	_	_	_
19	.	_	_	_	_

0	مورفین	_	_	_	_
1	را	_	_	_	_
2	آزموده‌ام	_	_	_	_
3	،	_	_	_	_
4	اما	_	_	_	_
5	تنها	_	_	_	_
6	پایانی	_	_	_	_
7	گذرا	_	_	_	_
8	به	_	_	_	_
9	دردهایم	_	_	_	_
10	بخشیده	_	_	_	_
11	و	_	_	_	_
12	در	_	_	_	_
13	عوض	_	_	_	_
14	مرا	_	_	_	_
15	چون	_	_	_	_
16	برده‌ای	_	_	_	_
17	ناتوان	_	_	_	_
18	در	_	_	_	_
19	چنگال	_	_	_	_
20	خویش	_	_	_	_
21	اسیر	_	_	_	_
22	کرده_است	_	_	_	_
23	.	_	_	_	_

0	پس	_	_	_	_
1	حالا	_	_	_	_
2	،	_	_	_	_
3	من	_	_	_	_
4	به	_	_	_	_
5	همه‌چیز	_	_	_	_
6	پایان	_	_	_	_
7	میبخشم	_	_	_	_
8	،	_	_	_	_
9	حالا	_	_	_	_
10	که	_	_	_	_
11	شرح	_	_	_	_
12	تمام	_	_	_	_
13	ماجرا	_	_	_	_
14	را	_	_	_	_
15	برای	_	_	_	_
16	دوستان	_	_	_	_
17	و	_	_	_	_
18	اطرافیانم	_	_	_	_
19	نوشته‌ام	_	_	_	_
20	تا	_	_	_	_
21	از	_	_	_	_
22	حقیقت	_	_	_	_
23	آگاه	_	_	_	_
24	شوند	_	_	_	_
25	و	_	_	_	_
26	یا	_	_	_	_
27	خود	_	_	_	_
28	را	_	_	_	_
29	حقیرانه	_	_	_	_
30	با	_	_	_	_
31	آن	_	_	_	_
32	سرگرم	_	_	_	_
33	کنند	_	_	_	_
34	.	_	_	_	_

0	گاه	_	_	_	_
1	و	_	_	_	_
2	بیگاه	_	_	_	_
3	از	_	_	_	_
4	خود	_	_	_	_
5	می‌پرسم	_	_	_	_
6	که	_	_	_	_
7	آیا	_	_	_	_
8	همه‌چیز	_	_	_	_
9	نمیتوانسته	_	_	_	_
10	تماما	_	_	_	_
11	وهم	_	_	_	_
12	بوده_باشد	_	_	_	_
13	؟	_	_	_	_

0	جنونی	_	_	_	_
1	ناشی	_	_	_	_
2	از	_	_	_	_
3	تب	_	_	_	_
4	که	_	_	_	_
5	پس	_	_	_	_
6	از	_	_	_	_
7	فرار	_	_	_	_
8	از	_	_	_	_
9	کشتی	_	_	_	_
10	آلمانها	_	_	_	_
11	،	_	_	_	_
12	زمانی	_	_	_	_
13	تصویری	_	_	_	_
14	زنده	_	_	_	_
15	و	_	_	_	_
16	،	_	_	_	_
17	که	_	_	_	_
18	گرمازده	_	_	_	_
19	و	_	_	_	_
20	پریشان	_	_	_	_
21	در	_	_	_	_
22	قایق	_	_	_	_
23	روباز	_	_	_	_
24	خود	_	_	_	_
25	افتاده_بودم	_	_	_	_
26	دچارش	_	_	_	_
27	شده_بودم	_	_	_	_
28	؟	_	_	_	_

0	این	_	_	_	_
1	را	_	_	_	_
2	از	_	_	_	_
3	خود	_	_	_	_
4	می‌پرسم	_	_	_	_
5	و	_	_	_	_
6	هربار	_	_	_	_
7	در	_	_	_	_
8	پاسخ	_	_	_	_
9	هولناک	_	_	_	_
10	پیش	_	_	_	_
11	چشمانم	_	_	_	_
12	می‌دود	_	_	_	_
13	.	_	_	_	_

0	نمی‌توانم	_	_	_	_
1	به	_	_	_	_
2	دریای	_	_	_	_
3	پرعمق	_	_	_	_
4	بیاندیشم	_	_	_	_
5	و	_	_	_	_
6	از	_	_	_	_
7	فکر	_	_	_	_
8	موجودات	_	_	_	_
9	بی‌نامی	_	_	_	_
10	که	_	_	_	_
11	شاید	_	_	_	_
12	همین	_	_	_	_
13	لحظه	_	_	_	_
14	در	_	_	_	_
15	بستر	_	_	_	_
16	لزج	_	_	_	_
17	آن	_	_	_	_
18	بت‌های	_	_	_	_
19	باستانی	_	_	_	_
20	سنگیشان	_	_	_	_
21	را	_	_	_	_
22	می‌پرستند	_	_	_	_
23	و	_	_	_	_
24	تصویر	_	_	_	_
25	خود	_	_	_	_
26	را	_	_	_	_
27	بر	_	_	_	_
28	ستونهای	_	_	_	_
29	ساخته	_	_	_	_
30	از	_	_	_	_
31	گرانیت	_	_	_	_
32	نم‌کشیده‌ی	_	_	_	_
33	زیر	_	_	_	_
34	دریا	_	_	_	_
35	میتراشند	_	_	_	_
36	بر	_	_	_	_
37	،	_	_	_	_
38	میخزند	_	_	_	_
39	خود	_	_	_	_
40	نلرزم	_	_	_	_
41	.	_	_	_	_

0	در	_	_	_	_
1	رویاهایم	_	_	_	_
2	روزی	_	_	_	_
3	را	_	_	_	_
4	میبینم	_	_	_	_
5	که	_	_	_	_
6	آنها	_	_	_	_
7	از	_	_	_	_
8	سطح	_	_	_	_
9	آبها	_	_	_	_
10	بالا	_	_	_	_
11	می‌آیند	_	_	_	_
12	تا	_	_	_	_
13	با	_	_	_	_
14	پنجه‌های	_	_	_	_
15	بویناکشان	_	_	_	_
16	،	_	_	_	_
17	بازمانده‌های	_	_	_	_
18	بشری	_	_	_	_
19	حقیر	_	_	_	_
20	و	_	_	_	_
21	خسته	_	_	_	_
22	از	_	_	_	_
23	جنگ	_	_	_	_
24	را	_	_	_	_
25	با	_	_	_	_
26	خود	_	_	_	_
27	به	_	_	_	_
28	زیر	_	_	_	_
29	بکشند	_	_	_	_
30	.	_	_	_	_

0	رویای	_	_	_	_
1	روزی	_	_	_	_
2	را	_	_	_	_
3	که	_	_	_	_
4	زمین	_	_	_	_
5	سر	_	_	_	_
6	به	_	_	_	_
7	سر	_	_	_	_
8	غرق	_	_	_	_
9	خواهد_شد	_	_	_	_
10	،	_	_	_	_
11	و	_	_	_	_
12	کف	_	_	_	_
13	تاریک	_	_	_	_
14	اقیانوس	_	_	_	_
15	در	_	_	_	_
16	میانه‌ی	_	_	_	_
17	آن	_	_	_	_
18	آشوب	_	_	_	_
19	جهانی	_	_	_	_
20	فراز	_	_	_	_
21	خواهد_آمد	_	_	_	_
22	.	_	_	_	_

0	پایان	_	_	_	_
1	کار	_	_	_	_
2	نزدیک	_	_	_	_
3	است	_	_	_	_
4	.	_	_	_	_

0	از	_	_	_	_
1	سوی	_	_	_	_
2	در	_	_	_	_
3	صدایی	_	_	_	_
4	میشنوم	_	_	_	_
5	،	_	_	_	_
6	تو	_	_	_	_
7	گویی	_	_	_	_
8	که	_	_	_	_
9	جسمی	_	_	_	_
10	لغزان	_	_	_	_
11	و	_	_	_	_
12	لزج	_	_	_	_
13	خود	_	_	_	_
14	را	_	_	_	_
15	به	_	_	_	_
16	آن	_	_	_	_
17	میکوبد	_	_	_	_
18	.	_	_	_	_

0	نباید	_	_	_	_
1	مرا	_	_	_	_
2	بیابد	_	_	_	_
3	.	_	_	_	_

0	خدایا	_	_	_	_
1	،	_	_	_	_
2	آن	_	_	_	_
3	دست	_	_	_	_
4	!	_	_	_	_

0	پنجره	_	_	_	_
1	!	_	_	_	_

0	پنجره	_	_	_	_
1	!	_	_	_	_

0	پوریا	_	_	_	_
1	-	_	_	_	_
2	لوبیا	_	_	_	_
3	-	_	_	_	_
4	مهوش	_	_	_	_
5	-	_	_	_	_
6	داستان	_	_	_	_
7	کوتاه	_	_	_	_
8	داگون	_	_	_	_
9	-	_	_	_	_
10	اثر	_	_	_	_
11	هوارد	_	_	_	_
12	فیلیپس	_	_	_	_
13	لاوکرفت	_	_	_	_
14	-	_	_	_	_
15	مترجم	_	_	_	_
16	بهداد	_	_	_	_
17	احمدی	_	_	_	_

