0	﻿دانشکده	_	_	_	_
1	مدیریت	_	_	_	_
2	دانشگاه	_	_	_	_
3	تهران	_	_	_	_
4	؛	_	_	_	_
5	داده	_	_	_	_
6	کاوی	_	_	_	_
7	چیست	_	_	_	_
8	و	_	_	_	_
9	چه	_	_	_	_
10	فایده‌ای	_	_	_	_
11	دارد	_	_	_	_
12	؟	_	_	_	_

0	داده	_	_	_	_
1	کاوی	_	_	_	_
2	علم	_	_	_	_
3	و	_	_	_	_
4	فنی	_	_	_	_
5	است	_	_	_	_
6	که	_	_	_	_
7	در	_	_	_	_
8	سالهای	_	_	_	_
9	اخیر	_	_	_	_
10	و	_	_	_	_
11	با	_	_	_	_
12	گسترش	_	_	_	_
13	استفاده	_	_	_	_
14	از	_	_	_	_
15	فناوری	_	_	_	_
16	اطلاعات	_	_	_	_
17	و	_	_	_	_
18	سیستم‌های	_	_	_	_
19	اطلاعاتی	_	_	_	_
20	مورد	_	_	_	_
21	توجه	_	_	_	_
22	سازمان‌ها	_	_	_	_
23	قرار	_	_	_	_
24	گرفت	_	_	_	_
25	.	_	_	_	_

0	داده	_	_	_	_
1	کاوی	_	_	_	_
2	کاربردهای	_	_	_	_
3	مختلفی	_	_	_	_
4	برای	_	_	_	_
5	سازمان‌ها	_	_	_	_
6	دارد	_	_	_	_
7	و	_	_	_	_
8	می‌تواند	_	_	_	_
9	برای	_	_	_	_
10	شرکت‌ها	_	_	_	_
11	در	_	_	_	_
12	زمینه‌های	_	_	_	_
13	مهمی	_	_	_	_
14	مثل	_	_	_	_
15	بازاریابی	_	_	_	_
16	و	_	_	_	_
17	فروش	_	_	_	_
18	بسیار	_	_	_	_
19	راهگشا	_	_	_	_
20	و	_	_	_	_
21	مفید	_	_	_	_
22	باشد	_	_	_	_
23	.	_	_	_	_

0	در	_	_	_	_
1	ادامه	_	_	_	_
2	با	_	_	_	_
3	مفهوم	_	_	_	_
4	داده	_	_	_	_
5	و	_	_	_	_
6	اطلاعات	_	_	_	_
7	آشنا	_	_	_	_
8	میشویم	_	_	_	_
9	و	_	_	_	_
10	سپس	_	_	_	_
11	با	_	_	_	_
12	معنای	_	_	_	_
13	داده	_	_	_	_
14	کاوی	_	_	_	_
15	و	_	_	_	_
16	کاربردهای	_	_	_	_
17	آن	_	_	_	_
18	بیشتر	_	_	_	_
19	آشنا	_	_	_	_
20	خواهیم_شد	_	_	_	_
21	:	_	_	_	_
22	داده	_	_	_	_
23	با	_	_	_	_
24	اطلاعات	_	_	_	_
25	چه	_	_	_	_
26	فرقی	_	_	_	_
27	دارد	_	_	_	_
28	؟	_	_	_	_

0	بسیاری	_	_	_	_
1	از	_	_	_	_
2	مردم	_	_	_	_
3	به	_	_	_	_
4	اشتباه	_	_	_	_
5	می‌پندارند	_	_	_	_
6	که	_	_	_	_
7	داده	_	_	_	_
8	با	_	_	_	_
9	اطلاعات	_	_	_	_
10	تفاوت	_	_	_	_
11	ندارد	_	_	_	_
12	و	_	_	_	_
13	عموما	_	_	_	_
14	این	_	_	_	_
15	دو	_	_	_	_
16	واژه	_	_	_	_
17	را	_	_	_	_
18	به	_	_	_	_
19	جای	_	_	_	_
20	هم	_	_	_	_
21	استفاده	_	_	_	_
22	می‌کنند	_	_	_	_
23	.	_	_	_	_

0	داده	_	_	_	_
1	می‌تواند	_	_	_	_
2	هر	_	_	_	_
3	نوع	_	_	_	_
4	از	_	_	_	_
5	کاراکتر	_	_	_	_
6	شامل	_	_	_	_
7	متن	_	_	_	_
8	،	_	_	_	_
9	عدد	_	_	_	_
10	،	_	_	_	_
11	کلمه	_	_	_	_
12	،	_	_	_	_
13	صدا	_	_	_	_
14	و	_	_	_	_
15	تصویر	_	_	_	_
16	باشد	_	_	_	_
17	و	_	_	_	_
18	در	_	_	_	_
19	صورتی	_	_	_	_
20	که	_	_	_	_
21	توسط	_	_	_	_
22	انسان	_	_	_	_
23	مشاهده	_	_	_	_
24	شود	_	_	_	_
25	لزوما	_	_	_	_
26	معنای	_	_	_	_
27	خاصی	_	_	_	_
28	هم	_	_	_	_
29	در	_	_	_	_
30	بر	_	_	_	_
31	نخواهد_داشت	_	_	_	_
32	.	_	_	_	_

0	داده‌ها	_	_	_	_
1	عموما	_	_	_	_
2	خام	_	_	_	_
3	،	_	_	_	_
4	دسته	_	_	_	_
5	بندی	_	_	_	_
6	و	_	_	_	_
7	طبقه	_	_	_	_
8	بندی	_	_	_	_
9	نشده	_	_	_	_
10	هستند	_	_	_	_
11	و	_	_	_	_
12	در	_	_	_	_
13	صورتی	_	_	_	_
14	که	_	_	_	_
15	بخواهیم	_	_	_	_
16	از	_	_	_	_
17	آنها	_	_	_	_
18	به	_	_	_	_
19	صورت	_	_	_	_
20	مستقیم	_	_	_	_
21	استفاده	_	_	_	_
22	کنیم	_	_	_	_
23	عموما	_	_	_	_
24	بی	_	_	_	_
25	فایده	_	_	_	_
26	خواهد_بود	_	_	_	_
27	.	_	_	_	_

0	حال	_	_	_	_
1	آنکه	_	_	_	_
2	پس	_	_	_	_
3	از	_	_	_	_
4	طبقه	_	_	_	_
5	بندی	_	_	_	_
6	،	_	_	_	_
7	دسته	_	_	_	_
8	بندی	_	_	_	_
9	و	_	_	_	_
10	ساختاردهی	_	_	_	_
11	به	_	_	_	_
12	داده‌ها	_	_	_	_
13	اطلاعات	_	_	_	_
14	به	_	_	_	_
15	وجود	_	_	_	_
16	می‌آید	_	_	_	_
17	.	_	_	_	_

0	می‌توان	_	_	_	_
1	از	_	_	_	_
2	داده‌ها	_	_	_	_
3	برای	_	_	_	_
4	تصمیم	_	_	_	_
5	گیری	_	_	_	_
6	و	_	_	_	_
7	یا	_	_	_	_
8	ایجاد	_	_	_	_
9	دانش	_	_	_	_
10	در	_	_	_	_
11	مورد	_	_	_	_
12	یک	_	_	_	_
13	مقوله	_	_	_	_
14	استفاده	_	_	_	_
15	کرد	_	_	_	_
16	.	_	_	_	_

0	اطلاعات	_	_	_	_
1	عموما	_	_	_	_
2	برای	_	_	_	_
3	کاربر	_	_	_	_
4	مفهوم	_	_	_	_
5	دارد	_	_	_	_
6	و	_	_	_	_
7	قابل	_	_	_	_
8	استفاده	_	_	_	_
9	است	_	_	_	_
10	.	_	_	_	_

0	مثال	_	_	_	_
1	:	_	_	_	_
2	تاریخ	_	_	_	_
3	دمای	_	_	_	_
4	سراسر	_	_	_	_
5	جهان	_	_	_	_
6	در	_	_	_	_
7	صد	_	_	_	_
8	سال	_	_	_	_
9	گذشته	_	_	_	_
10	داده_است	_	_	_	_
11	،	_	_	_	_
12	حال	_	_	_	_
13	آنکه	_	_	_	_
14	روند	_	_	_	_
15	افزایش	_	_	_	_
16	یا	_	_	_	_
17	کاهش	_	_	_	_
18	دما	_	_	_	_
19	در	_	_	_	_
20	این	_	_	_	_
21	سالها	_	_	_	_
22	یک	_	_	_	_
23	اطلاعات	_	_	_	_
24	است	_	_	_	_
25	.	_	_	_	_

0	نمرات	_	_	_	_
1	دانشجویان	_	_	_	_
2	یک	_	_	_	_
3	کلاس	_	_	_	_
4	داده_است	_	_	_	_
5	،	_	_	_	_
6	اما	_	_	_	_
7	ترتیب	_	_	_	_
8	نمرات	_	_	_	_
9	،	_	_	_	_
10	میانگین	_	_	_	_
11	،	_	_	_	_
12	و	_	_	_	_
13	ارتباط	_	_	_	_
14	نمره	_	_	_	_
15	این	_	_	_	_
16	درس	_	_	_	_
17	با	_	_	_	_
18	معدل	_	_	_	_
19	دانشجو	_	_	_	_
20	یا	_	_	_	_
21	یک	_	_	_	_
22	درس	_	_	_	_
23	دیگر	_	_	_	_
24	یک	_	_	_	_
25	نمونه	_	_	_	_
26	از	_	_	_	_
27	اطلاعات	_	_	_	_
28	است	_	_	_	_
29	.	_	_	_	_

0	انبوه	_	_	_	_
1	داده	_	_	_	_
2	بلای	_	_	_	_
3	جان	_	_	_	_
4	سازمان‌ها	_	_	_	_
5	یک	_	_	_	_
6	کسب	_	_	_	_
7	و	_	_	_	_
8	کار	_	_	_	_
9	فرضی	_	_	_	_
10	فعال	_	_	_	_
11	در	_	_	_	_
12	زمینه	_	_	_	_
13	فروش	_	_	_	_
14	را	_	_	_	_
15	در	_	_	_	_
16	نظر	_	_	_	_
17	بگیرید	_	_	_	_
18	،	_	_	_	_
19	این	_	_	_	_
20	سازمان	_	_	_	_
21	هر	_	_	_	_
22	روز	_	_	_	_
23	صدها	_	_	_	_
24	مورد	_	_	_	_
25	فروش	_	_	_	_
26	را	_	_	_	_
27	از	_	_	_	_
28	دهها	_	_	_	_
29	مشتری	_	_	_	_
30	ثبت	_	_	_	_
31	می‌کند	_	_	_	_
32	،	_	_	_	_
33	تمام	_	_	_	_
34	داده‌های	_	_	_	_
35	مربوط	_	_	_	_
36	به	_	_	_	_
37	یک	_	_	_	_
38	خرید	_	_	_	_
39	از	_	_	_	_
40	جمله	_	_	_	_
41	نام	_	_	_	_
42	و	_	_	_	_
43	قیمت	_	_	_	_
44	و	_	_	_	_
45	دسته	_	_	_	_
46	کالاها	_	_	_	_
47	و	_	_	_	_
48	اطلاعات	_	_	_	_
49	مربوط	_	_	_	_
50	به	_	_	_	_
51	خریدار	_	_	_	_
52	را	_	_	_	_
53	ثبت	_	_	_	_
54	می‌کند	_	_	_	_
55	.	_	_	_	_

0	پس	_	_	_	_
1	از	_	_	_	_
2	گذشت	_	_	_	_
3	مدتی	_	_	_	_
4	این	_	_	_	_
5	سازمان	_	_	_	_
6	انبوهی	_	_	_	_
7	از	_	_	_	_
8	داده‌ها	_	_	_	_
9	بی	_	_	_	_
10	معنا	_	_	_	_
11	دارد	_	_	_	_
12	که	_	_	_	_
13	نمی‌تواند	_	_	_	_
14	از	_	_	_	_
15	آنها	_	_	_	_
16	بهره	_	_	_	_
17	ببرد	_	_	_	_
18	.	_	_	_	_

0	این	_	_	_	_
1	سازمان	_	_	_	_
2	اگر	_	_	_	_
3	بخواهد	_	_	_	_
4	بفهمد	_	_	_	_
5	کدام	_	_	_	_
6	مشتریان	_	_	_	_
7	از	_	_	_	_
8	چه	_	_	_	_
9	کالایی	_	_	_	_
10	بیشتر	_	_	_	_
11	خوششان	_	_	_	_
12	آمده	_	_	_	_
13	راهی	_	_	_	_
14	ندارد	_	_	_	_
15	،	_	_	_	_
16	نمی‌تواند	_	_	_	_
17	بفهمد	_	_	_	_
18	خریداران	_	_	_	_
19	با	_	_	_	_
20	هزینه	_	_	_	_
21	بالا	_	_	_	_
22	از	_	_	_	_
23	چه	_	_	_	_
24	کالایی	_	_	_	_
25	خرید	_	_	_	_
26	می‌کنند	_	_	_	_
27	و	_	_	_	_
28	خریداران	_	_	_	_
29	با	_	_	_	_
30	سبد	_	_	_	_
31	قیمتی	_	_	_	_
32	پایین	_	_	_	_
33	چه	_	_	_	_
34	کالایی	_	_	_	_
35	را	_	_	_	_
36	می‌پسندند	_	_	_	_
37	؛	_	_	_	_
38	نمی‌داند	_	_	_	_
39	کدام	_	_	_	_
40	کالا	_	_	_	_
41	فروش	_	_	_	_
42	بهتری	_	_	_	_
43	دارد	_	_	_	_
44	،	_	_	_	_
45	چه	_	_	_	_
46	کالایی	_	_	_	_
47	در	_	_	_	_
48	انبار	_	_	_	_
49	می‌ماند	_	_	_	_
50	،	_	_	_	_
51	چه	_	_	_	_
52	کالایی	_	_	_	_
53	حجم	_	_	_	_
54	سرمایه	_	_	_	_
55	سازمان	_	_	_	_
56	را	_	_	_	_
57	درگیر	_	_	_	_
58	می‌کند	_	_	_	_
59	و	_	_	_	_
60	در	_	_	_	_
61	یک	_	_	_	_
62	کلام	_	_	_	_
63	:	_	_	_	_
64	از	_	_	_	_
65	میان	_	_	_	_
66	انبوه	_	_	_	_
67	داده	_	_	_	_
68	هیچ	_	_	_	_
69	دانش	_	_	_	_
70	مفیدی	_	_	_	_
71	استخراج	_	_	_	_
72	نمی‌کند	_	_	_	_
73	.	_	_	_	_

0	داده	_	_	_	_
1	کاوی	_	_	_	_
2	چیست	_	_	_	_
3	؟	_	_	_	_

0	سازمان‌ها	_	_	_	_
1	برای	_	_	_	_
2	تصمیم	_	_	_	_
3	گیری	_	_	_	_
4	و	_	_	_	_
5	برنامه	_	_	_	_
6	ریزی	_	_	_	_
7	به	_	_	_	_
8	اطلاعات	_	_	_	_
9	نیاز	_	_	_	_
10	دارند	_	_	_	_
11	،	_	_	_	_
12	بخش	_	_	_	_
13	مهمی	_	_	_	_
14	از	_	_	_	_
15	این	_	_	_	_
16	اطلاعات	_	_	_	_
17	از	_	_	_	_
18	خود	_	_	_	_
19	سازمان	_	_	_	_
20	ناشی	_	_	_	_
21	می‌شود	_	_	_	_
22	،	_	_	_	_
23	از	_	_	_	_
24	داده‌های	_	_	_	_
25	قبلی	_	_	_	_
26	و	_	_	_	_
27	الگوهای	_	_	_	_
28	عملکرد	_	_	_	_
29	سازمان	_	_	_	_
30	استخراج	_	_	_	_
31	می‌شوند	_	_	_	_
32	،	_	_	_	_
33	داده‌های	_	_	_	_
34	خود	_	_	_	_
35	سازمان	_	_	_	_
36	نشان	_	_	_	_
37	دهنده	_	_	_	_
38	رفتار	_	_	_	_
39	مشتریان	_	_	_	_
40	و	_	_	_	_
41	همکاران	_	_	_	_
42	و	_	_	_	_
43	بیان	_	_	_	_
44	کننده	_	_	_	_
45	موفقیت	_	_	_	_
46	یا	_	_	_	_
47	شکست	_	_	_	_
48	سازمان	_	_	_	_
49	در	_	_	_	_
50	یک	_	_	_	_
51	عمل	_	_	_	_
52	خاص	_	_	_	_
53	هستند	_	_	_	_
54	.	_	_	_	_

0	برای	_	_	_	_
1	استخراج	_	_	_	_
2	اطلاعات	_	_	_	_
3	مفید	_	_	_	_
4	از	_	_	_	_
5	میان	_	_	_	_
6	انبوه	_	_	_	_
7	حجم	_	_	_	_
8	داده‌های	_	_	_	_
9	ثبت	_	_	_	_
10	شده	_	_	_	_
11	باید	_	_	_	_
12	از	_	_	_	_
13	فن	_	_	_	_
14	داده	_	_	_	_
15	کاوی	_	_	_	_
16	استفاده	_	_	_	_
17	کرد	_	_	_	_
18	.	_	_	_	_

0	داده	_	_	_	_
1	کاوی	_	_	_	_
2	فنی	_	_	_	_
3	است	_	_	_	_
4	که	_	_	_	_
5	از	_	_	_	_
6	میان	_	_	_	_
7	پایگاه	_	_	_	_
8	داده	_	_	_	_
9	سازمان	_	_	_	_
10	،	_	_	_	_
11	به	_	_	_	_
12	دنبال	_	_	_	_
13	الگوهای	_	_	_	_
14	پنهان	_	_	_	_
15	در	_	_	_	_
16	میان	_	_	_	_
17	داده‌ها	_	_	_	_
18	،	_	_	_	_
19	ارتباط	_	_	_	_
20	میان	_	_	_	_
21	آنها	_	_	_	_
22	،	_	_	_	_
23	روند	_	_	_	_
24	و	_	_	_	_
25	الگوی	_	_	_	_
26	آنها	_	_	_	_
27	می‌گردد	_	_	_	_
28	.	_	_	_	_

0	داده	_	_	_	_
1	کاوی	_	_	_	_
2	از	_	_	_	_
3	توابع	_	_	_	_
4	و	_	_	_	_
5	الگوریتم‌های	_	_	_	_
6	پیشرفته	_	_	_	_
7	ریاضی	_	_	_	_
8	استفاده	_	_	_	_
9	می‌کند	_	_	_	_
10	تا	_	_	_	_
11	ارتباط	_	_	_	_
12	میان	_	_	_	_
13	دو	_	_	_	_
14	دسته	_	_	_	_
15	از	_	_	_	_
16	داده	_	_	_	_
17	و	_	_	_	_
18	امکان	_	_	_	_
19	رخ	_	_	_	_
20	دادن	_	_	_	_
21	یک	_	_	_	_
22	نتیجه	_	_	_	_
23	را	_	_	_	_
24	در	_	_	_	_
25	آینده	_	_	_	_
26	پیش	_	_	_	_
27	بینی	_	_	_	_
28	کند	_	_	_	_
29	.	_	_	_	_

0	داده	_	_	_	_
1	کاوی	_	_	_	_
2	چه	_	_	_	_
3	کاری	_	_	_	_
4	می‌تواند	_	_	_	_
5	انجام	_	_	_	_
6	دهد	_	_	_	_
7	؟	_	_	_	_

0	داده	_	_	_	_
1	کاوی	_	_	_	_
2	عموما	_	_	_	_
3	توسط	_	_	_	_
4	سازمان‌های	_	_	_	_
5	مشتری	_	_	_	_
6	محور	_	_	_	_
7	استفاده	_	_	_	_
8	می‌شود	_	_	_	_
9	،	_	_	_	_
10	این	_	_	_	_
11	سازمان‌ها	_	_	_	_
12	(	_	_	_	_
13	فروشگاه‌ها	_	_	_	_
14	،	_	_	_	_
15	تولید	_	_	_	_
16	کنندگان	_	_	_	_
17	،	_	_	_	_
18	خرده	_	_	_	_
19	فروشان	_	_	_	_
20	و	_	_	_	_
21	فروشگاه‌های	_	_	_	_
22	اینترنتی	_	_	_	_
23	)	_	_	_	_
24	می‌توانند	_	_	_	_
25	با	_	_	_	_
26	استفاده	_	_	_	_
27	از	_	_	_	_
28	داده	_	_	_	_
29	کاوی	_	_	_	_
30	ارتباط	_	_	_	_
31	میان	_	_	_	_
32	اقدامات	_	_	_	_
33	خود	_	_	_	_
34	و	_	_	_	_
35	عوامل	_	_	_	_
36	درونی	_	_	_	_
37	سازمان	_	_	_	_
38	مثل	_	_	_	_
39	قیمت	_	_	_	_
40	کالاها	_	_	_	_
41	،	_	_	_	_
42	تخفیفات	_	_	_	_
43	،	_	_	_	_
44	هزینه	_	_	_	_
45	تبلیغات	_	_	_	_
46	و	_	_	_	_
47	دیگر	_	_	_	_
48	عوامل	_	_	_	_
49	داخلی	_	_	_	_
50	را	_	_	_	_
51	با	_	_	_	_
52	عوامل	_	_	_	_
53	بیرونی	_	_	_	_
54	مثل	_	_	_	_
55	مشخصات	_	_	_	_
56	مشتریان	_	_	_	_
57	(	_	_	_	_
58	سن	_	_	_	_
59	،	_	_	_	_
60	جنسیت	_	_	_	_
61	،	_	_	_	_
62	درآمد	_	_	_	_
63	و	_	_	_	_
64	محل	_	_	_	_
65	سکونت	_	_	_	_
66	)	_	_	_	_
67	،	_	_	_	_
68	رقبا	_	_	_	_
69	و	_	_	_	_
70	عوامل	_	_	_	_
71	عمومی	_	_	_	_
72	بازار	_	_	_	_
73	(	_	_	_	_
74	سطح	_	_	_	_
75	درآمد	_	_	_	_
76	جامعه	_	_	_	_
77	،	_	_	_	_
78	وضعیت	_	_	_	_
79	رونق	_	_	_	_
80	و	_	_	_	_
81	رکود	_	_	_	_
82	اقتصادی	_	_	_	_
83	)	_	_	_	_
84	را	_	_	_	_
85	پیدا	_	_	_	_
86	کنند	_	_	_	_
87	.	_	_	_	_

0	علاوه	_	_	_	_
1	بر	_	_	_	_
2	این	_	_	_	_
3	می‌توان	_	_	_	_
4	شاخص	_	_	_	_
5	هایی	_	_	_	_
6	مثل	_	_	_	_
7	رضایت	_	_	_	_
8	مشتری	_	_	_	_
9	،	_	_	_	_
10	درآمد	_	_	_	_
11	و	_	_	_	_
12	سود	_	_	_	_
13	سازمان	_	_	_	_
14	،	_	_	_	_
15	مجموع	_	_	_	_
16	سرمایه	_	_	_	_
17	درگردش	_	_	_	_
18	و	_	_	_	_
19	هزینه‌های	_	_	_	_
20	جاری	_	_	_	_
21	و	_	_	_	_
22	میزان	_	_	_	_
23	افزایش	_	_	_	_
24	و	_	_	_	_
25	کاهش	_	_	_	_
26	آنها	_	_	_	_
27	در	_	_	_	_
28	طول	_	_	_	_
29	زمان	_	_	_	_
30	را	_	_	_	_
31	استخراج	_	_	_	_
32	کند	_	_	_	_
33	.	_	_	_	_

0	به	_	_	_	_
1	طور	_	_	_	_
2	مثال	_	_	_	_
3	شرکت	_	_	_	_
4	ویدئوی	_	_	_	_
5	خانگی	_	_	_	_
6	از	_	_	_	_
7	داده‌های	_	_	_	_
8	سابق	_	_	_	_
9	مشتریان	_	_	_	_
10	استفاده	_	_	_	_
11	میکند	_	_	_	_
12	و	_	_	_	_
13	به	_	_	_	_
14	انها	_	_	_	_
15	ویدئوهایی	_	_	_	_
16	پیشنهاد	_	_	_	_
17	می‌دهد	_	_	_	_
18	تا	_	_	_	_
19	آنها	_	_	_	_
20	را	_	_	_	_
21	تماشا	_	_	_	_
22	کنند	_	_	_	_
23	.	_	_	_	_

0	والمارت	_	_	_	_
1	(	_	_	_	_
2	بزرگترین	_	_	_	_
3	خرده	_	_	_	_
4	فروش	_	_	_	_
5	زنجیره‌ای	_	_	_	_
6	جهان	_	_	_	_
7	)	_	_	_	_
8	برای	_	_	_	_
9	بهبود	_	_	_	_
10	عمکلرد	_	_	_	_
11	عرضه	_	_	_	_
12	کنندگان	_	_	_	_
13	خود	_	_	_	_
14	از	_	_	_	_
15	داده	_	_	_	_
16	کاوی	_	_	_	_
17	در	_	_	_	_
18	مقیاسی	_	_	_	_
19	وسیع	_	_	_	_
20	استفاده	_	_	_	_
21	کرده_است	_	_	_	_
22	.	_	_	_	_

0	داده‌های	_	_	_	_
1	۲۹۰۰	_	_	_	_
2	فروشگاه	_	_	_	_
3	در	_	_	_	_
4	۶	_	_	_	_
5	کشور	_	_	_	_
6	برای	_	_	_	_
7	این	_	_	_	_
8	کار	_	_	_	_
9	استفاده	_	_	_	_
10	شده‌اند	_	_	_	_
11	و	_	_	_	_
12	در	_	_	_	_
13	مجموع	_	_	_	_
14	۷٫۵	_	_	_	_
15	ترابایت	_	_	_	_
16	داده	_	_	_	_
17	مورد	_	_	_	_
18	بررسی	_	_	_	_
19	قرار	_	_	_	_
20	گرفت	_	_	_	_
21	.	_	_	_	_

0	۳۵۰۰	_	_	_	_
1	تامین	_	_	_	_
2	کننده	_	_	_	_
3	به	_	_	_	_
4	داده‌های	_	_	_	_
5	دسترسی	_	_	_	_
6	پیدا	_	_	_	_
7	کردند	_	_	_	_
8	تا	_	_	_	_
9	بتوانند	_	_	_	_
10	الگوهای	_	_	_	_
11	خرید	_	_	_	_
12	مشتریان	_	_	_	_
13	،	_	_	_	_
14	عمکلرد	_	_	_	_
15	یک	_	_	_	_
16	کالا	_	_	_	_
17	و	_	_	_	_
18	محصول	_	_	_	_
19	خاص	_	_	_	_
20	را	_	_	_	_
21	بررسی	_	_	_	_
22	کنند	_	_	_	_
23	و	_	_	_	_
24	برنامه‌های	_	_	_	_
25	خود	_	_	_	_
26	را	_	_	_	_
27	بر	_	_	_	_
28	این	_	_	_	_
29	پایه	_	_	_	_
30	و	_	_	_	_
31	اساس	_	_	_	_
32	بهبود	_	_	_	_
33	دهند	_	_	_	_
34	.	_	_	_	_

0	استراتژی	_	_	_	_
1	و	_	_	_	_
2	داده	_	_	_	_
3	کاوی	_	_	_	_
4	صد	_	_	_	_
5	البته	_	_	_	_
6	کاربرد‌های	_	_	_	_
7	داده	_	_	_	_
8	کاوی	_	_	_	_
9	بسیار	_	_	_	_
10	زیاد	_	_	_	_
11	است	_	_	_	_
12	و	_	_	_	_
13	می‌تواند	_	_	_	_
14	در	_	_	_	_
15	شرکت‌ها	_	_	_	_
16	و	_	_	_	_
17	سازمان‌ها	_	_	_	_
18	مختلف	_	_	_	_
19	متفاوت	_	_	_	_
20	باشد	_	_	_	_
21	.	_	_	_	_

0	آنچه	_	_	_	_
1	در	_	_	_	_
2	بالا	_	_	_	_
3	بیان	_	_	_	_
4	شد	_	_	_	_
5	خلاصه‌ای	_	_	_	_
6	از	_	_	_	_
7	کاربردهای	_	_	_	_
8	داده	_	_	_	_
9	کاوی	_	_	_	_
10	در	_	_	_	_
11	بخش	_	_	_	_
12	فروش	_	_	_	_
13	و	_	_	_	_
14	بازاریابی	_	_	_	_
15	بود	_	_	_	_
16	.	_	_	_	_

0	شما	_	_	_	_
1	می‌توانید	_	_	_	_
2	با	_	_	_	_
3	استفاده	_	_	_	_
4	از	_	_	_	_
5	داده	_	_	_	_
6	کاوی	_	_	_	_
7	در	_	_	_	_
8	حل	_	_	_	_
9	مشکلات	_	_	_	_
10	سازمان	_	_	_	_
11	مفید	_	_	_	_
12	واقع	_	_	_	_
13	شوید	_	_	_	_
14	.	_	_	_	_

0	استراتژیست‌های	_	_	_	_
1	بزرگ	_	_	_	_
2	موفق	_	_	_	_
3	برای	_	_	_	_
4	مستدل	_	_	_	_
5	و	_	_	_	_
6	دقیق	_	_	_	_
7	بودن	_	_	_	_
8	استراتژی‌ها	_	_	_	_
9	و	_	_	_	_
10	برنامه	_	_	_	_
11	ریزی‌های	_	_	_	_
12	خود	_	_	_	_
13	باید	_	_	_	_
14	از	_	_	_	_
15	داده	_	_	_	_
16	کاوی	_	_	_	_
17	و	_	_	_	_
18	اطلاعات	_	_	_	_
19	به	_	_	_	_
20	دست	_	_	_	_
21	آمده	_	_	_	_
22	از	_	_	_	_
23	آن	_	_	_	_
24	حد	_	_	_	_
25	اکثر	_	_	_	_
26	استفاده	_	_	_	_
27	را	_	_	_	_
28	ببرند	_	_	_	_
29	.	_	_	_	_

0	در	_	_	_	_
1	واقع	_	_	_	_
2	برنامه	_	_	_	_
3	ریزی	_	_	_	_
4	استراتژیک	_	_	_	_
5	بدون	_	_	_	_
6	استفاده	_	_	_	_
7	از	_	_	_	_
8	داده	_	_	_	_
9	کاوی	_	_	_	_
10	مثل	_	_	_	_
11	رانندگی	_	_	_	_
12	با	_	_	_	_
13	چشمان	_	_	_	_
14	بسته_است	_	_	_	_
15	!	_	_	_	_

0	اگر	_	_	_	_
1	یک	_	_	_	_
2	استراتژیست	_	_	_	_
3	می‌خواهد	_	_	_	_
4	در	_	_	_	_
5	زمینه	_	_	_	_
6	برنامه	_	_	_	_
7	ریزی	_	_	_	_
8	کاربردی	_	_	_	_
9	و	_	_	_	_
10	اجرایی	_	_	_	_
11	موفق	_	_	_	_
12	باشد	_	_	_	_
13	باید	_	_	_	_
14	از	_	_	_	_
15	سلاح	_	_	_	_
16	داده	_	_	_	_
17	کاوی	_	_	_	_
18	استفاده	_	_	_	_
19	کند	_	_	_	_
20	.	_	_	_	_

0	داده	_	_	_	_
1	کای	_	_	_	_
2	چه	_	_	_	_
3	فایده‌ای	_	_	_	_
4	دارد	_	_	_	_
5	؟	_	_	_	_

0	شناخت	_	_	_	_
1	مشتریان	_	_	_	_
2	سودآور	_	_	_	_
3	:	_	_	_	_
4	می‌توانید	_	_	_	_
5	مشتریانی	_	_	_	_
6	که	_	_	_	_
7	بیشترین	_	_	_	_
8	سود	_	_	_	_
9	شما	_	_	_	_
10	از	_	_	_	_
11	آنها	_	_	_	_
12	حاصل	_	_	_	_
13	شده	_	_	_	_
14	را	_	_	_	_
15	شناسایی	_	_	_	_
16	کنید	_	_	_	_
17	و	_	_	_	_
18	برای	_	_	_	_
19	حفظ	_	_	_	_
20	وفاداری	_	_	_	_
21	مشتری	_	_	_	_
22	تلاش	_	_	_	_
23	کنید	_	_	_	_
24	.	_	_	_	_

0	بهینه	_	_	_	_
1	سازی	_	_	_	_
2	سبد	_	_	_	_
3	محصول	_	_	_	_
4	:	_	_	_	_
5	شناخت	_	_	_	_
6	محصولات	_	_	_	_
7	پر	_	_	_	_
8	فروش	_	_	_	_
9	،	_	_	_	_
10	محصولات	_	_	_	_
11	سودآور	_	_	_	_
12	محصولات	_	_	_	_
13	زیان	_	_	_	_
14	ده	_	_	_	_
15	از	_	_	_	_
16	دیگر	_	_	_	_
17	فواید	_	_	_	_
18	داده	_	_	_	_
19	کاوی	_	_	_	_
20	است	_	_	_	_
21	.	_	_	_	_

0	با	_	_	_	_
1	این	_	_	_	_
2	کار	_	_	_	_
3	می‌توانید	_	_	_	_
4	در	_	_	_	_
5	بهتر	_	_	_	_
6	کردن	_	_	_	_
7	سبد	_	_	_	_
8	محصول	_	_	_	_
9	خود	_	_	_	_
10	اقدام	_	_	_	_
11	کنید	_	_	_	_
12	.	_	_	_	_

0	شناخت	_	_	_	_
1	مشتریان	_	_	_	_
2	وفادار	_	_	_	_
3	و	_	_	_	_
4	قدیمی	_	_	_	_
5	:	_	_	_	_
6	می‌توانید	_	_	_	_
7	بفهمید	_	_	_	_
8	مشتریان	_	_	_	_
9	قدیمی	_	_	_	_
10	شما	_	_	_	_
11	چه	_	_	_	_
12	کسانی	_	_	_	_
13	هستند	_	_	_	_
14	و	_	_	_	_
15	با	_	_	_	_
16	چه	_	_	_	_
17	برنامه‌ای	_	_	_	_
18	خرید	_	_	_	_
19	می‌کنند	_	_	_	_
20	،	_	_	_	_
21	چه	_	_	_	_
22	کالایی	_	_	_	_
23	را	_	_	_	_
24	دوست	_	_	_	_
25	دارند	_	_	_	_
26	و	_	_	_	_
27	چه	_	_	_	_
28	کالایی	_	_	_	_
29	باعث	_	_	_	_
30	وفاداری	_	_	_	_
31	آنها	_	_	_	_
32	شده_است	_	_	_	_
33	.	_	_	_	_

0	بررسی	_	_	_	_
1	طول	_	_	_	_
2	عمر	_	_	_	_
3	مشتری	_	_	_	_
4	:	_	_	_	_
5	با	_	_	_	_
6	استفاده	_	_	_	_
7	از	_	_	_	_
8	داده	_	_	_	_
9	کاوی	_	_	_	_
10	می‌توانید	_	_	_	_
11	طول	_	_	_	_
12	عمر	_	_	_	_
13	مشتری	_	_	_	_
14	و	_	_	_	_
15	چرخه	_	_	_	_
16	آن	_	_	_	_
17	،	_	_	_	_
18	میزان	_	_	_	_
19	سود	_	_	_	_
20	حاصل	_	_	_	_
21	عایده	_	_	_	_
22	از	_	_	_	_
23	هر	_	_	_	_
24	مشتری	_	_	_	_
25	در	_	_	_	_
26	هر	_	_	_	_
27	مرحله	_	_	_	_
28	را	_	_	_	_
29	بررسی	_	_	_	_
30	کنید	_	_	_	_
31	.	_	_	_	_

