0	از	_	_	_	_
1	آتشی	_	_	_	_
2	که	_	_	_	_
3	افروختم	_	_	_	_
4	خودم	_	_	_	_
5	سوختم	_	_	_	_
6	جانبازان	_	_	_	_
7	و	_	_	_	_
8	معلولین	_	_	_	_
9	کشور	_	_	_	_
10	آب‌‌های	_	_	_	_
11	آزاد	_	_	_	_
12	دریای	_	_	_	_
13	مکران	_	_	_	_
14	را	_	_	_	_
15	درنوردیدند	_	_	_	_
16	بعدا	_	_	_	_
17	ز	_	_	_	_
18	خجالت	_	_	_	_
19	تو	_	_	_	_
20	درمی‌آیم	_	_	_	_
21	با	_	_	_	_
22	گفتن	_	_	_	_
23	کلمه‌ی	_	_	_	_
24	«	_	_	_	_
25	سپاسگزارم	_	_	_	_
26	»	_	_	_	_
27	مراتب	_	_	_	_
28	تشکر	_	_	_	_
29	و	_	_	_	_
30	تقدیر	_	_	_	_
31	خود	_	_	_	_
32	را	_	_	_	_
33	به	_	_	_	_
34	یکدیگر	_	_	_	_
35	اعلام	_	_	_	_
36	می‌دارند	_	_	_	_
37	بتازید	_	_	_	_
38	بتازید	_	_	_	_
39	که	_	_	_	_
40	چالاک	_	_	_	_
41	سوارید	_	_	_	_
42	.	_	_	_	_

0	بنازید	_	_	_	_
1	بنازید	_	_	_	_
2	که	_	_	_	_
3	خوبان	_	_	_	_
4	جهانید	_	_	_	_
5	در	_	_	_	_
6	سلسله	_	_	_	_
7	مراتب	_	_	_	_
8	دانشگاه	_	_	_	_
9	چهار	_	_	_	_
10	رده	_	_	_	_
11	مربی	_	_	_	_
12	،	_	_	_	_
13	استادیار	_	_	_	_
14	،	_	_	_	_
15	دانشیار	_	_	_	_
16	و	_	_	_	_
17	استاد	_	_	_	_
18	تمامی	_	_	_	_
19	وجود	_	_	_	_
20	دارد	_	_	_	_
21	که	_	_	_	_
22	مرتبه	_	_	_	_
23	آخر	_	_	_	_
24	در	_	_	_	_
25	خارج	_	_	_	_
26	از	_	_	_	_
27	کشور	_	_	_	_
28	«	_	_	_	_
29	پرفسور	_	_	_	_
30	»	_	_	_	_
31	نامیده_می‌شود	_	_	_	_
32	در	_	_	_	_
33	کاربرد	_	_	_	_
34	امروزی	_	_	_	_
35	وزارت	_	_	_	_
36	یکی	_	_	_	_
37	از	_	_	_	_
38	اجزای	_	_	_	_
39	ساختار	_	_	_	_
40	دولت	_	_	_	_
41	است	_	_	_	_
42	آموزش	_	_	_	_
43	آشپزی	_	_	_	_
44	در	_	_	_	_
45	دستپخت	_	_	_	_
46	در	_	_	_	_
47	قالب	_	_	_	_
48	دستور	_	_	_	_
49	پخت	_	_	_	_
50	۴	_	_	_	_
51	گروه	_	_	_	_
52	غذای	_	_	_	_
53	ایرانی	_	_	_	_
54	غذای	_	_	_	_
55	ملل	_	_	_	_
56	فست	_	_	_	_
57	فود	_	_	_	_
58	و	_	_	_	_
59	فینگر	_	_	_	_
60	فود	_	_	_	_
61	و	_	_	_	_
62	نان-قنادی-دسر	_	_	_	_
63	و	_	_	_	_
64	البته	_	_	_	_
65	مسابقه	_	_	_	_
66	آشپزی	_	_	_	_
67	ارائه	_	_	_	_
68	میشود	_	_	_	_
69	توزیع	_	_	_	_
70	یکنواخت	_	_	_	_
71	:	_	_	_	_
72	توزیعی	_	_	_	_
73	که	_	_	_	_
74	در	_	_	_	_
75	حالت	_	_	_	_
76	پیوسته	_	_	_	_
77	دارای	_	_	_	_
78	چگالی	_	_	_	_
79	ثابتی	_	_	_	_
80	بر	_	_	_	_
81	مجموعه‌ای	_	_	_	_
82	مفروض	_	_	_	_
83	است	_	_	_	_
84	و	_	_	_	_
85	در	_	_	_	_
86	حالت	_	_	_	_
87	گسسته	_	_	_	_
88	احتمالی	_	_	_	_
89	یکسان	_	_	_	_
90	را	_	_	_	_
91	به	_	_	_	_
92	هر	_	_	_	_
93	مقدار	_	_	_	_
94	برد	_	_	_	_
95	خود	_	_	_	_
96	تخصیص	_	_	_	_
97	می‌دهد	_	_	_	_
98	دولت	_	_	_	_
99	کرخت	_	_	_	_
100	و	_	_	_	_
101	گیج	_	_	_	_
102	است	_	_	_	_
103	تاخت	_	_	_	_
104	اسب	_	_	_	_
105	یا	_	_	_	_
106	دیگر	_	_	_	_
107	چهارپایان	_	_	_	_
108	به	_	_	_	_
109	دو	_	_	_	_
110	شکل	_	_	_	_
111	است	_	_	_	_
112	سیاحت	_	_	_	_
113	غرب	_	_	_	_
114	یا	_	_	_	_
115	سرنوشت	_	_	_	_
116	ارواح	_	_	_	_
117	پس	_	_	_	_
118	از	_	_	_	_
119	مرگ	_	_	_	_
120	کتابی	_	_	_	_
121	اثر	_	_	_	_
122	آقا	_	_	_	_
123	نجفی	_	_	_	_
124	قوچانی	_	_	_	_
125	است	_	_	_	_
126	مهابت	_	_	_	_
127	.	_	_	_	_

0	این	_	_	_	_
1	واژه	_	_	_	_
2	را	_	_	_	_
3	اولین	_	_	_	_
4	بار	_	_	_	_
5	در	_	_	_	_
6	داستان	_	_	_	_
7	همای	_	_	_	_
8	کاظم	_	_	_	_
9	رضا	_	_	_	_
10	دیدم	_	_	_	_
11	انواع	_	_	_	_
12	کراوات	_	_	_	_
13	با	_	_	_	_
14	طرح	_	_	_	_
15	و	_	_	_	_
16	نقش	_	_	_	_
17	مختلف	_	_	_	_
18	در	_	_	_	_
19	انواع	_	_	_	_
20	رنگ‌ها	_	_	_	_
21	به	_	_	_	_
22	همراه	_	_	_	_
23	کالکشن	_	_	_	_
24	بی‌نظیر	_	_	_	_
25	از	_	_	_	_
26	پاپیون	_	_	_	_
27	‌مردانه	_	_	_	_
28	برای	_	_	_	_
29	سلیقه‌های	_	_	_	_
30	خاص	_	_	_	_
31	.	_	_	_	_

0	ساسات	_	_	_	_
1	در	_	_	_	_
2	وسائل	_	_	_	_
3	نقلیه	_	_	_	_
4	به	_	_	_	_
5	دکمه	_	_	_	_
6	دریچه	_	_	_	_
7	هوای	_	_	_	_
8	کاربراتور	_	_	_	_
9	می‌گویند	_	_	_	_
10	فلاحت	_	_	_	_
11	فارس	_	_	_	_
12	نام	_	_	_	_
13	یکی	_	_	_	_
14	از	_	_	_	_
15	مطبوعات	_	_	_	_
16	استان	_	_	_	_
17	فارس	_	_	_	_
18	در	_	_	_	_
19	دوران	_	_	_	_
20	پهلوی	_	_	_	_
21	اول	_	_	_	_
22	است	_	_	_	_
23	آجودان	_	_	_	_
24	یا	_	_	_	_
25	فریار	_	_	_	_
26	امیر	_	_	_	_
27	یا	_	_	_	_
28	افسری	_	_	_	_
29	است	_	_	_	_
30	که	_	_	_	_
31	مقامات	_	_	_	_
32	بلندپایه	_	_	_	_
33	کشوری	_	_	_	_
34	و	_	_	_	_
35	لشگری	_	_	_	_
36	را	_	_	_	_
37	در	_	_	_	_
38	امور	_	_	_	_
39	مختلف	_	_	_	_
40	،	_	_	_	_
41	برای	_	_	_	_
42	پیشبرد	_	_	_	_
43	وظایف	_	_	_	_
44	آنان	_	_	_	_
45	یاری	_	_	_	_
46	می‌کند	_	_	_	_
47	.	_	_	_	_

0	اورانگوتان	_	_	_	_
1	سوماترایی	_	_	_	_
2	یکی	_	_	_	_
3	از	_	_	_	_
4	دو	_	_	_	_
5	گونهٔ	_	_	_	_
6	موجود	_	_	_	_
7	اورانگوتانها	_	_	_	_
8	است	_	_	_	_
9	از	_	_	_	_
10	چه	_	_	_	_
11	مسیری	_	_	_	_
12	می‌توان	_	_	_	_
13	به	_	_	_	_
14	ارسباران	_	_	_	_
15	سفر	_	_	_	_
16	کرد	_	_	_	_
17	؟	_	_	_	_

0	ویدئوی	_	_	_	_
1	زیبا	_	_	_	_
2	از	_	_	_	_
3	حضور	_	_	_	_
4	شکوهمند	_	_	_	_
5	مردم	_	_	_	_
6	مشهد	_	_	_	_
7	در	_	_	_	_
8	راهپیمایی	_	_	_	_
9	بزرگ	_	_	_	_
10	بیعت	_	_	_	_
11	با	_	_	_	_
12	ولایت	_	_	_	_
13	رجب	_	_	_	_
14	طیب	_	_	_	_
15	اردوغان	_	_	_	_
16	،	_	_	_	_
17	رئیس	_	_	_	_
18	جمهوری	_	_	_	_
19	ترکیه	_	_	_	_
20	اعلام	_	_	_	_
21	کرد	_	_	_	_
22	که	_	_	_	_
23	کشورش	_	_	_	_
24	صلح	_	_	_	_
25	و	_	_	_	_
26	امنیت	_	_	_	_
27	را	_	_	_	_
28	در	_	_	_	_
29	عراق	_	_	_	_
30	و	_	_	_	_
31	سوریه	_	_	_	_
32	و	_	_	_	_
33	مناطقی	_	_	_	_
34	که	_	_	_	_
35	تحت	_	_	_	_
36	کنترل	_	_	_	_
37	ترکیه	_	_	_	_
38	نیست	_	_	_	_
39	برقرار	_	_	_	_
40	می‌کند	_	_	_	_
41	وجه	_	_	_	_
42	اول	_	_	_	_
43	آن	_	_	_	_
44	این	_	_	_	_
45	است	_	_	_	_
46	که	_	_	_	_
47	در	_	_	_	_
48	برخی	_	_	_	_
49	از	_	_	_	_
50	مناطق	_	_	_	_
51	شهر	_	_	_	_
52	تهران	_	_	_	_
53	ازجمله	_	_	_	_
54	خیابانی	_	_	_	_
55	در	_	_	_	_
56	منطقه	_	_	_	_
57	۱۵	_	_	_	_
58	با	_	_	_	_
59	وضعیت	_	_	_	_
60	بد	_	_	_	_
61	دستفروشی	_	_	_	_
62	مواجه	_	_	_	_
63	هستیم	_	_	_	_
64	که	_	_	_	_
65	مردم	_	_	_	_
66	گله‌مند	_	_	_	_
67	بوده	_	_	_	_
68	مسجد	_	_	_	_
69	جمکران	_	_	_	_
70	،	_	_	_	_
71	مسجدی	_	_	_	_
72	منسوب	_	_	_	_
73	به	_	_	_	_
74	امام	_	_	_	_
75	زمان	_	_	_	_
76	،	_	_	_	_
77	دوازدهمین	_	_	_	_
78	امام	_	_	_	_
79	شیعیان	_	_	_	_
80	،	_	_	_	_
81	در	_	_	_	_
82	حاشیه	_	_	_	_
83	شهر	_	_	_	_
84	قم	_	_	_	_
85	که	_	_	_	_
86	گفته	_	_	_	_
87	شده	_	_	_	_
88	در	_	_	_	_
89	قرن	_	_	_	_
90	چهارم	_	_	_	_
91	قمری	_	_	_	_
92	به‌دستور	_	_	_	_
93	وی	_	_	_	_
94	ساخته_شده_است	_	_	_	_
95	تفاوت	_	_	_	_
96	هواکش	_	_	_	_
97	و	_	_	_	_
98	دمنده	_	_	_	_
99	در	_	_	_	_
100	چیست	_	_	_	_
101	؟	_	_	_	_

0	ندیدند	_	_	_	_
1	چیزی	_	_	_	_
2	جز	_	_	_	_
3	از	_	_	_	_
4	بید	_	_	_	_
5	و	_	_	_	_
6	سرو	_	_	_	_
7	خرامان	_	_	_	_
8	بزیر	_	_	_	_
9	گل	_	_	_	_
10	اندر	_	_	_	_
11	تذرو	_	_	_	_
12	اعضا	_	_	_	_
13	مرحوم	_	_	_	_
14	کافی	_	_	_	_
15	،	_	_	_	_
16	۴	_	_	_	_
17	بیمار	_	_	_	_
18	را	_	_	_	_
19	کفایت	_	_	_	_
20	کرد	_	_	_	_
21	براکت	_	_	_	_
22	ممکن	_	_	_	_
23	است	_	_	_	_
24	به	_	_	_	_
25	موارد	_	_	_	_
26	زیر	_	_	_	_
27	اشاره	_	_	_	_
28	داشته_باشد	_	_	_	_
29	یکی	_	_	_	_
30	از	_	_	_	_
31	ابتدایی‌ترین	_	_	_	_
32	راه‌های	_	_	_	_
33	تبلیغ	_	_	_	_
34	برای	_	_	_	_
35	شرکت	_	_	_	_
36	،	_	_	_	_
37	موسسه	_	_	_	_
38	یا	_	_	_	_
39	مجموعه	_	_	_	_
40	شما	_	_	_	_
41	پخش	_	_	_	_
42	تراکت	_	_	_	_
43	است	_	_	_	_
44	ستاره	_	_	_	_
45	بزرگ	_	_	_	_
46	ایران	_	_	_	_
47	بر	_	_	_	_
48	سر	_	_	_	_
49	دار	_	_	_	_
50	مکافات	_	_	_	_
51	!	_	_	_	_

0	اهمیت	_	_	_	_
1	عقل	_	_	_	_
2	معاش	_	_	_	_
3	در	_	_	_	_
4	کنار	_	_	_	_
5	عقل	_	_	_	_
6	معاد	_	_	_	_
7	از	_	_	_	_
8	منظر	_	_	_	_
9	حضرت	_	_	_	_
10	علی	_	_	_	_
11	علیه	_	_	_	_
12	السلام	_	_	_	_
13	رفافت	_	_	_	_
14	مرد	_	_	_	_
15	میخواهد	_	_	_	_
16	-	_	_	_	_
17	روزگار	_	_	_	_
18	با	_	_	_	_
19	ما	_	_	_	_
20	نساختی	_	_	_	_
21	نگذشت	_	_	_	_
22	.	_	_	_	_

0	سرایت	_	_	_	_
1	جنایات	_	_	_	_
2	در	_	_	_	_
3	اصطلاح	_	_	_	_
4	یعنی	_	_	_	_
5	هر	_	_	_	_
6	جنایتی	_	_	_	_
7	که	_	_	_	_
8	بر	_	_	_	_
9	تمامیت	_	_	_	_
10	جسمانی	_	_	_	_
11	افراد	_	_	_	_
12	وارد	_	_	_	_
13	شود	_	_	_	_
14	این	_	_	_	_
15	نوشتار	_	_	_	_
16	ترانه‌ها	_	_	_	_
17	و	_	_	_	_
18	آلبوم‌های	_	_	_	_
19	مرجان	_	_	_	_
20	را	_	_	_	_
21	فهرست	_	_	_	_
22	می‌کند	_	_	_	_
23	در	_	_	_	_
24	برنامه	_	_	_	_
25	امشب	_	_	_	_
26	قاب	_	_	_	_
27	نقد	_	_	_	_
28	مجموعه	_	_	_	_
29	تلویزیونی	_	_	_	_
30	سایه	_	_	_	_
31	بان	_	_	_	_
32	به	_	_	_	_
33	کارگردانی	_	_	_	_
34	جمشید	_	_	_	_
35	محمودی	_	_	_	_
36	که	_	_	_	_
37	به	_	_	_	_
38	تازگی	_	_	_	_
39	پخش	_	_	_	_
40	آن	_	_	_	_
41	از	_	_	_	_
42	شبکه	_	_	_	_
43	دو	_	_	_	_
44	سیما	_	_	_	_
45	به	_	_	_	_
46	پایان	_	_	_	_
47	رسیده_است	_	_	_	_
48	،	_	_	_	_
49	بررسی	_	_	_	_
50	می‌شود	_	_	_	_
51	در	_	_	_	_
52	زیر	_	_	_	_
53	فهرست	_	_	_	_
54	کارگردانان	_	_	_	_
55	ایرانی‌تبار	_	_	_	_
56	سینما	_	_	_	_
57	،	_	_	_	_
58	تلویزیون	_	_	_	_
59	و	_	_	_	_
60	تئاتر	_	_	_	_
61	ایران	_	_	_	_
62	(	_	_	_	_
63	و	_	_	_	_
64	جهان	_	_	_	_
65	)	_	_	_	_
66	به	_	_	_	_
67	ترتیب	_	_	_	_
68	نام	_	_	_	_
69	خانوادگی	_	_	_	_
70	و	_	_	_	_
71	اطلاعاتی	_	_	_	_
72	از	_	_	_	_
73	آنها	_	_	_	_
74	آمده‌است	_	_	_	_
75	.	_	_	_	_

0	قسطنطنیه	_	_	_	_
1	عربی‌شدهٔ	_	_	_	_
2	کنستانتینوپول	_	_	_	_
3	(	_	_	_	_
4	شهر	_	_	_	_
5	کنستانتین	_	_	_	_
6	)	_	_	_	_
7	،	_	_	_	_
8	نام	_	_	_	_
9	پیشین	_	_	_	_
10	استانبول	_	_	_	_
11	که	_	_	_	_
12	به	_	_	_	_
13	افتخار	_	_	_	_
14	قیصر	_	_	_	_
15	روم	_	_	_	_
16	کنستانتین	_	_	_	_
17	یکم	_	_	_	_
18	بدین	_	_	_	_
19	نام	_	_	_	_
20	نامیده_شد	_	_	_	_
21	همه‌ی	_	_	_	_
22	ما	_	_	_	_
23	دوست	_	_	_	_
24	داریم	_	_	_	_
25	که	_	_	_	_
26	برنده	_	_	_	_
27	باشیم	_	_	_	_
28	و	_	_	_	_
29	نه	_	_	_	_
30	بازنده	_	_	_	_
31	فروشنده	_	_	_	_
32	روایتگر	_	_	_	_
33	داستان	_	_	_	_
34	زوج	_	_	_	_
35	جوانی	_	_	_	_
36	است	_	_	_	_
37	که	_	_	_	_
38	در	_	_	_	_
39	حال	_	_	_	_
40	اجرای	_	_	_	_
41	نمایشنامه	_	_	_	_
42	مرگ	_	_	_	_
43	فروشنده	_	_	_	_
44	آرتور	_	_	_	_
45	میلر	_	_	_	_
46	هستند	_	_	_	_
47	در	_	_	_	_
48	زبان	_	_	_	_
49	فارسی	_	_	_	_
50	این	_	_	_	_
51	ایل	_	_	_	_
52	را	_	_	_	_
53	به	_	_	_	_
54	اسم	_	_	_	_
55	ترکاشوند	_	_	_	_
56	می‌شناسند	_	_	_	_
57	اگر	_	_	_	_
58	می‌خواهید	_	_	_	_
59	در	_	_	_	_
60	منطقه	_	_	_	_
61	چمستان	_	_	_	_
62	ویلا	_	_	_	_
63	بخرید	_	_	_	_
64	یا	_	_	_	_
65	ساخت	_	_	_	_
66	و	_	_	_	_
67	ساز	_	_	_	_
68	کنید	_	_	_	_
69	،	_	_	_	_
70	به	_	_	_	_
71	نتیجه‌گیری	_	_	_	_
72	ما	_	_	_	_
73	توجه	_	_	_	_
74	کنید	_	_	_	_
75	تمام	_	_	_	_
76	آهنگ‌های	_	_	_	_
77	سیروان	_	_	_	_
78	خسروی	_	_	_	_
79	بهمراه	_	_	_	_
80	آلبوم‌ها	_	_	_	_
81	و	_	_	_	_
82	فول	_	_	_	_
83	آلبوم	_	_	_	_
84	آهنگ‌های	_	_	_	_
85	سیروان	_	_	_	_
86	خسروی	_	_	_	_
87	و	_	_	_	_
88	متن	_	_	_	_
89	ترانه‌ها	_	_	_	_
90	و	_	_	_	_
91	موزیک‌ها	_	_	_	_
92	در	_	_	_	_
93	ادامه	_	_	_	_
94	قرار	_	_	_	_
95	دارد	_	_	_	_
96	شرکت	_	_	_	_
97	مهاجرتی	_	_	_	_
98	کنکاش	_	_	_	_
99	ارائه	_	_	_	_
100	دهنده	_	_	_	_
101	خدمات	_	_	_	_
102	مهاجرت	_	_	_	_
103	به	_	_	_	_
104	کانادا	_	_	_	_
105	و	_	_	_	_
106	اقامت	_	_	_	_
107	کانادا	_	_	_	_
108	جدیدترین	_	_	_	_
109	دست‌پخت	_	_	_	_
110	خودروسازی	_	_	_	_
111	ایران	_	_	_	_
112	برای	_	_	_	_
113	صنعت	_	_	_	_
114	و	_	_	_	_
115	مردم	_	_	_	_
116	کشور	_	_	_	_
117	،	_	_	_	_
118	یک	_	_	_	_
119	سدان	_	_	_	_
120	کامپکت	_	_	_	_
121	با	_	_	_	_
122	نام	_	_	_	_
123	رهام	_	_	_	_
124	است	_	_	_	_
125	شرکت	_	_	_	_
126	بهنوش	_	_	_	_
127	ایران	_	_	_	_
128	اولین	_	_	_	_
129	تولیدکننده	_	_	_	_
130	ماءالشعیر	_	_	_	_
131	در	_	_	_	_
132	ایران	_	_	_	_
133	است	_	_	_	_
134	نام	_	_	_	_
135	پدر	_	_	_	_
136	ماهدخت	_	_	_	_
137	علی	_	_	_	_
138	خان	_	_	_	_
139	بود	_	_	_	_
140	.	_	_	_	_

0	تا	_	_	_	_
1	اینکه	_	_	_	_
2	شبی	_	_	_	_
3	در	_	_	_	_
4	خانه	_	_	_	_
5	علی	_	_	_	_
6	خان	_	_	_	_
7	بودیم	_	_	_	_
8	نبی	_	_	_	_
9	الله	_	_	_	_
10	سلیمان	_	_	_	_
11	(	_	_	_	_
12	ع	_	_	_	_
13	)	_	_	_	_
14	از	_	_	_	_
15	پیامبران	_	_	_	_
16	بزرگ	_	_	_	_
17	بنی	_	_	_	_
18	اسرائیل	_	_	_	_
19	می‌باشد	_	_	_	_
20	بازار	_	_	_	_
21	خودروهای	_	_	_	_
22	وانت	_	_	_	_
23	چند	_	_	_	_
24	سالی	_	_	_	_
25	است	_	_	_	_
26	که	_	_	_	_
27	تنوع	_	_	_	_
28	بیشتری	_	_	_	_
29	به	_	_	_	_
30	خود	_	_	_	_
31	دیده_است	_	_	_	_
32	قصد	_	_	_	_
33	ما	_	_	_	_
34	بررسی	_	_	_	_
35	نیابت	_	_	_	_
36	قضایی	_	_	_	_
37	دادگاه‌ها	_	_	_	_
38	است	_	_	_	_
39	یکی	_	_	_	_
40	از	_	_	_	_
41	عضوهای	_	_	_	_
42	اوراق	_	_	_	_
43	اداری	_	_	_	_
44	،	_	_	_	_
45	پاکت‌های	_	_	_	_
46	چاپ	_	_	_	_
47	آقا	_	_	_	_
48	هستند	_	_	_	_
49	که	_	_	_	_
50	بصورت	_	_	_	_
51	جداگانه	_	_	_	_
52	نیز	_	_	_	_
53	میتوانید	_	_	_	_
54	آنلاین	_	_	_	_
55	سفارش	_	_	_	_
56	دهید	_	_	_	_
57	.	_	_	_	_

0	نامیرا	_	_	_	_
1	نام	_	_	_	_
2	رمانی	_	_	_	_
3	از	_	_	_	_
4	صادق	_	_	_	_
5	کرمیار	_	_	_	_
6	است	_	_	_	_
7	که	_	_	_	_
8	روایتگر	_	_	_	_
9	واقعه	_	_	_	_
10	عاشورا	_	_	_	_
11	است	_	_	_	_
12	کمیته	_	_	_	_
13	ملی	_	_	_	_
14	المپیک	_	_	_	_
15	به	_	_	_	_
16	سهراب	_	_	_	_
17	مرادی	_	_	_	_
18	بابت	_	_	_	_
19	رکوردشکنی	_	_	_	_
20	پاداش	_	_	_	_
21	داد	_	_	_	_
22	به	_	_	_	_
23	نظر	_	_	_	_
24	نادم	_	_	_	_
25	هیچ	_	_	_	_
26	کار	_	_	_	_
27	ناشدنی	_	_	_	_
28	در	_	_	_	_
29	دنیا	_	_	_	_
30	نیست	_	_	_	_
31	بادمجان	_	_	_	_
32	یکی	_	_	_	_
33	از	_	_	_	_
34	صیفی	_	_	_	_
35	جاتی	_	_	_	_
36	است	_	_	_	_
37	که	_	_	_	_
38	در	_	_	_	_
39	تمام	_	_	_	_
40	فصول	_	_	_	_
41	سال	_	_	_	_
42	وجود	_	_	_	_
43	دارد	_	_	_	_
44	ناصر	_	_	_	_
45	ابراهیم‌نژاد	_	_	_	_
46	با	_	_	_	_
47	نام	_	_	_	_
48	هنری	_	_	_	_
49	کیوان	_	_	_	_
50	از	_	_	_	_
51	خوانندگان	_	_	_	_
52	سبک	_	_	_	_
53	پاپ	_	_	_	_
54	اهل	_	_	_	_
55	ایران	_	_	_	_
56	است	_	_	_	_
57	خون‌آشام	_	_	_	_
58	در	_	_	_	_
59	افسانه‌ها	_	_	_	_
60	و	_	_	_	_
61	فرهنگ	_	_	_	_
62	فولکلوریک	_	_	_	_
63	مردم	_	_	_	_
64	اروپا	_	_	_	_
65	،	_	_	_	_
66	موجودی	_	_	_	_
67	زنده‌است	_	_	_	_
68	که	_	_	_	_
69	شب‌ها	_	_	_	_
70	از	_	_	_	_
71	گور	_	_	_	_
72	بیرون	_	_	_	_
73	آمده	_	_	_	_
74	و	_	_	_	_
75	برای	_	_	_	_
76	تغذیه	_	_	_	_
77	خود	_	_	_	_
78	از	_	_	_	_
79	خون	_	_	_	_
80	مردم	_	_	_	_
81	می‌مکد	_	_	_	_
82	قابلیت	_	_	_	_
83	اطمینان	_	_	_	_
84	در	_	_	_	_
85	حقیقت	_	_	_	_
86	احتمال	_	_	_	_
87	موفقیت	_	_	_	_
88	در	_	_	_	_
89	انجام	_	_	_	_
90	وظیفه	_	_	_	_
91	است	_	_	_	_
92	با	_	_	_	_
93	سنگ	_	_	_	_
94	صافی	_	_	_	_
95	که	_	_	_	_
96	پای	_	_	_	_
97	در	_	_	_	_
98	نشیمن	_	_	_	_
99	به	_	_	_	_
100	راهرو	_	_	_	_
101	بود	_	_	_	_
102	می‌شکستیمشان	_	_	_	_
103	می‌خوردیمشان	_	_	_	_
104	یواش	_	_	_	_
105	یواش	_	_	_	_
106	مدتها	_	_	_	_
107	از	_	_	_	_
108	زمانی	_	_	_	_
109	که	_	_	_	_
110	اعلام	_	_	_	_
111	شد	_	_	_	_
112	فعالیت	_	_	_	_
113	پارکبان‌ها	_	_	_	_
114	قانونی	_	_	_	_
115	نیست	_	_	_	_
116	همرفت	_	_	_	_
117	انتقال	_	_	_	_
118	گرمایی	_	_	_	_
119	از	_	_	_	_
120	طریق	_	_	_	_
121	حرکت	_	_	_	_
122	سیالی	_	_	_	_
123	مانند	_	_	_	_
124	هوا	_	_	_	_
125	یا	_	_	_	_
126	آب	_	_	_	_
127	است	_	_	_	_
128	زکام	_	_	_	_
129	در	_	_	_	_
130	زبان	_	_	_	_
131	عربی	_	_	_	_
132	همان	_	_	_	_
133	سرماخوردگی	_	_	_	_
134	است	_	_	_	_
135	اما	_	_	_	_
136	در	_	_	_	_
137	اصطلاح	_	_	_	_
138	طب	_	_	_	_
139	سنتی	_	_	_	_
140	زکام	_	_	_	_
141	یا	_	_	_	_
142	نزلة	_	_	_	_
143	یا	_	_	_	_
144	چایمان	_	_	_	_
145	به	_	_	_	_
146	معنی	_	_	_	_
147	التهاب	_	_	_	_
148	بافت	_	_	_	_
149	مخاطی	_	_	_	_
150	بینی	_	_	_	_
151	است	_	_	_	_
152	واتیکان	_	_	_	_
153	دولت‌شهری	_	_	_	_
154	مستقل	_	_	_	_
155	است	_	_	_	_
156	که	_	_	_	_
157	در	_	_	_	_
158	درون	_	_	_	_
159	شهر	_	_	_	_
160	رم	_	_	_	_
161	در	_	_	_	_
162	کشور	_	_	_	_
163	ایتالیا	_	_	_	_
164	جای	_	_	_	_
165	دارد	_	_	_	_
166	در	_	_	_	_
167	صورت	_	_	_	_
168	نشت	_	_	_	_
169	گاز	_	_	_	_
170	و	_	_	_	_
171	یا	_	_	_	_
172	استشمام	_	_	_	_
173	بوی	_	_	_	_
174	آن	_	_	_	_
175	،	_	_	_	_
176	قبل	_	_	_	_
177	از	_	_	_	_
178	هر	_	_	_	_
179	کاری	_	_	_	_
180	باید	_	_	_	_
181	دقت	_	_	_	_
182	کرد	_	_	_	_
183	که	_	_	_	_
184	در	_	_	_	_
185	آن	_	_	_	_
186	محل	_	_	_	_
187	هیچگونه	_	_	_	_
188	جرقه‌ای	_	_	_	_
189	زده_نشود	_	_	_	_
190	پرهام	_	_	_	_
191	،	_	_	_	_
192	یکی	_	_	_	_
193	از	_	_	_	_
194	قدیمی‌ترین	_	_	_	_
195	نام‌های	_	_	_	_
196	پارسی	_	_	_	_
197	به	_	_	_	_
198	معنی	_	_	_	_
199	فرشته	_	_	_	_
200	خوبی	_	_	_	_
201	است	_	_	_	_
202	بدون	_	_	_	_
203	شک	_	_	_	_
204	به	_	_	_	_
205	شما	_	_	_	_
206	نیز	_	_	_	_
207	گفته	_	_	_	_
208	شده	_	_	_	_
209	که	_	_	_	_
210	اژدها	_	_	_	_
211	موجودی	_	_	_	_
212	افسانه‌ای	_	_	_	_
213	بوده	_	_	_	_
214	و	_	_	_	_
215	هیچگاه	_	_	_	_
216	وجود	_	_	_	_
217	خارجی	_	_	_	_
218	نداشته_است	_	_	_	_
219	فصل	_	_	_	_
220	باران	_	_	_	_
221	است	_	_	_	_
222	بارانی	_	_	_	_
223	شویم	_	_	_	_
224	از	_	_	_	_
225	درون	_	_	_	_
226	جوشیم	_	_	_	_
227	و	_	_	_	_
228	طوفانی	_	_	_	_
229	شویم	_	_	_	_
230	چهارگوش	_	_	_	_
231	یه	_	_	_	_
232	بازی	_	_	_	_
233	معمایی	_	_	_	_
234	هست	_	_	_	_
235	که	_	_	_	_
236	رد	_	_	_	_
237	کردن	_	_	_	_
238	مرحله	_	_	_	_
239	هایش	_	_	_	_
240	وقت	_	_	_	_
241	و	_	_	_	_
242	تمرکز	_	_	_	_
243	زیادی	_	_	_	_
244	می‌طلبد	_	_	_	_
245	آزمودگی	_	_	_	_
246	یا	_	_	_	_
247	آروین	_	_	_	_
248	در	_	_	_	_
249	مفهوم	_	_	_	_
250	عمومی	_	_	_	_
251	به	_	_	_	_
252	همه	_	_	_	_
253	مهارت‌ها	_	_	_	_
254	و	_	_	_	_
255	دانسته‌ها	_	_	_	_
256	،	_	_	_	_
257	از	_	_	_	_
258	برخی	_	_	_	_
259	پدیده‌ها	_	_	_	_
260	و	_	_	_	_
261	موضوعات	_	_	_	_
262	که	_	_	_	_
263	ناشی	_	_	_	_
264	از	_	_	_	_
265	برخورد	_	_	_	_
266	با	_	_	_	_
267	آن	_	_	_	_
268	موضوع	_	_	_	_
269	و	_	_	_	_
270	درگیری	_	_	_	_
271	با	_	_	_	_
272	آن	_	_	_	_
273	پدیده	_	_	_	_
274	در	_	_	_	_
275	خلال	_	_	_	_
276	دورانی	_	_	_	_
277	معین	_	_	_	_
278	است	_	_	_	_

