0	آن	_	_	_	_
1	روز	_	_	_	_
2	مورخ	_	_	_	_
3	۹۷/۷/۲۰	_	_	_	_
4	یا	_	_	_	_
5	به	_	_	_	_
6	عبارتی	_	_	_	_
7	۲۰	_	_	_	_
8	مهر	_	_	_	_
9	۹۷	_	_	_	_
10	حدود	_	_	_	_
11	ساعت	_	_	_	_
12	۹:۱۵	_	_	_	_
13	در	_	_	_	_
14	کلاس	_	_	_	_
15	مبحثی	_	_	_	_
16	بیان	_	_	_	_
17	شد	_	_	_	_
18	که	_	_	_	_
19	بیانگر	_	_	_	_
20	ابهامات	_	_	_	_
21	بسیاری	_	_	_	_
22	بود	_	_	_	_
23	.	_	_	_	_

0	به	_	_	_	_
1	طوری	_	_	_	_
2	که	_	_	_	_
3	هر	_	_	_	_
4	نفر	_	_	_	_
5	پاسخ	_	_	_	_
6	متفاوتی	_	_	_	_
7	داشت	_	_	_	_
8	و	_	_	_	_
9	هرکس	_	_	_	_
10	جداگانه	_	_	_	_
11	برای	_	_	_	_
12	خود	_	_	_	_
13	دانش	_	_	_	_
14	اندوزی	_	_	_	_
15	میکرد	_	_	_	_
16	!	_	_	_	_

0	جواب	_	_	_	_
1	درست	_	_	_	_
2	۰٫	_	_	_	_
3	۸۹	_	_	_	_
4	بودولی	_	_	_	_
5	هر	_	_	_	_
6	کس	_	_	_	_
7	یک	_	_	_	_
8	چیزی	_	_	_	_
9	برای	_	_	_	_
10	گفتن	_	_	_	_
11	داشت	_	_	_	_
12	!	_	_	_	_

0	مانند	_	_	_	_
1	۳/۴	_	_	_	_
2	،	_	_	_	_
3	.	_	_	_	_
4	۳۲	_	_	_	_
5	،	_	_	_	_
6	.	_	_	_	_
7	۴	_	_	_	_
8	و	_	_	_	_
9	…	_	_	_	_
10	نزدیک‌ترین	_	_	_	_
11	جواب	_	_	_	_
12	را	_	_	_	_
13	فاطمة	_	_	_	_
14	دادهبود	_	_	_	_
15	،	_	_	_	_
16	۱٫	_	_	_	_
17	۱۲	_	_	_	_
18	!	_	_	_	_

0	هم	_	_	_	_
1	همه	_	_	_	_
2	درگر	_	_	_	_
3	فته	_	_	_	_
4	بودکه	_	_	_	_
5	در	_	_	_	_
6	نه	_	_	_	_
7	و	_	_	_	_
8	سی	_	_	_	_
9	دقیقه	_	_	_	_
10	،	_	_	_	_
11	معلم	_	_	_	_
12	رسید	_	_	_	_
13	؛	_	_	_	_
14	همان	_	_	_	_
15	ابتداپرسید	_	_	_	_
16	:	_	_	_	_
17	«	_	_	_	_
18	پاسخ	_	_	_	_
19	۱٫	_	_	_	_
20	۱۲	_	_	_	_
21	راچه	_	_	_	_
22	کسی	_	_	_	_
23	بدست	_	_	_	_
24	آورده	_	_	_	_
25	؟	_	_	_	_

0	اسمی	_	_	_	_
1	روی	_	_	_	_
2	برگه‌اش	_	_	_	_
3	نبود	_	_	_	_
4	!	_	_	_	_
5	»	_	_	_	_
6	همین	_	_	_	_
7	جابود	_	_	_	_
8	که	_	_	_	_
9	فاطمة	_	_	_	_
10	فهمیدحق	_	_	_	_
11	با	_	_	_	_
12	اوبوده	_	_	_	_
13	!	_	_	_	_

0	دیگر	_	_	_	_
1	ساعت	_	_	_	_
2	۱۰	_	_	_	_
3	شده_بود	_	_	_	_
4	.	_	_	_	_

0	همه	_	_	_	_
1	آرام	_	_	_	_
2	شدند	_	_	_	_
3	ودیگر	_	_	_	_
4	به	_	_	_	_
5	شدت	_	_	_	_
6	شک	_	_	_	_
7	هابرطرف	_	_	_	_
8	شده	_	_	_	_
9	بودو	_	_	_	_
10	برایشان	_	_	_	_
11	بسیار	_	_	_	_
12	تعجب	_	_	_	_
13	آور	_	_	_	_
14	بود…	_	_	_	_
15	همه	_	_	_	_
16	با	_	_	_	_
17	کنجکاوی	_	_	_	_
18	به	_	_	_	_
19	تخته	_	_	_	_
20	نگاه	_	_	_	_
21	می‌کردند	_	_	_	_
22	و	_	_	_	_
23	مشتاق	_	_	_	_
24	انه	_	_	_	_
25	حرکت	_	_	_	_
26	گچ	_	_	_	_
27	روی	_	_	_	_
28	آن	_	_	_	_
29	را	_	_	_	_
30	دنبال	_	_	_	_
31	،	_	_	_	_
32	تا	_	_	_	_
33	راه	_	_	_	_
34	حل	_	_	_	_
35	را	_	_	_	_
36	ببینند	_	_	_	_
37	که	_	_	_	_
38	ناگهان	_	_	_	_
39	در	_	_	_	_
40	ساعت	_	_	_	_
41	۱۰:۱۵	_	_	_	_
42	زنگ	_	_	_	_
43	خورد	_	_	_	_
44	که	_	_	_	_
45	همه	_	_	_	_
46	را	_	_	_	_
47	به	_	_	_	_
48	دلیل	_	_	_	_
49	این	_	_	_	_
50	یک	_	_	_	_
51	ربع	_	_	_	_
52	زودتر	_	_	_	_
53	زنگ	_	_	_	_
54	خوردن	_	_	_	_
55	تعجب	_	_	_	_
56	زده	_	_	_	_
57	کرد	_	_	_	_
58	!	_	_	_	_

0	معلم	_	_	_	_
1	به	_	_	_	_
2	نماینده	_	_	_	_
3	گفت	_	_	_	_
4	ایمیل	_	_	_	_
5	(	_	_	_	_
6	email	_	_	_	_
7	)	_	_	_	_
8	همه	_	_	_	_
9	دانش	_	_	_	_
10	آموزان	_	_	_	_
11	را	_	_	_	_
12	بگیرد	_	_	_	_
13	تا	_	_	_	_
14	پاسخ	_	_	_	_
15	را	_	_	_	_
16	به	_	_	_	_
17	آن‌ها	_	_	_	_
18	میل	_	_	_	_
19	کند	_	_	_	_
20	.	_	_	_	_

0	ایمیل‌های	_	_	_	_
1	جالبی	_	_	_	_
2	شنیده	_	_	_	_
3	میشد	_	_	_	_
4	،	_	_	_	_
5	مثل	_	_	_	_
6	BeFunny@yahoo	_	_	_	_
7	.	_	_	_	_

0	com	_	_	_	_
1	،	_	_	_	_
2	sara_happy_girl@gmail	_	_	_	_
3	.	_	_	_	_

0	com	_	_	_	_
1	یا	_	_	_	_
2	lonely	_	_	_	_
3	.	_	_	_	_

0	girl@gamil	_	_	_	_
1	.	_	_	_	_

0	com	_	_	_	_
1	و	_	_	_	_
2	…	_	_	_	_
3	که	_	_	_	_
4	تا	_	_	_	_
5	حدودی	_	_	_	_
6	از	_	_	_	_
7	روی	_	_	_	_
8	این	_	_	_	_
9	قبیل	_	_	_	_
10	آدرس	_	_	_	_
11	ایمیل‌ها	_	_	_	_
12	می‌توان	_	_	_	_
13	به	_	_	_	_
14	حال	_	_	_	_
15	درونی	_	_	_	_
16	صاحب	_	_	_	_
17	email	_	_	_	_
18	پی	_	_	_	_
19	برد	_	_	_	_
20	.	_	_	_	_
21	.	_	_	_	_

0	الگوریتم‌های	_	_	_	_
1	مختلفی	_	_	_	_
2	وجود	_	_	_	_
3	دارد	_	_	_	_
4	برای	_	_	_	_
5	کلاس	_	_	_	_
6	بندی	_	_	_	_
7	کردن	_	_	_	_
8	داده‌ها	_	_	_	_
9	(	_	_	_	_
10	data	_	_	_	_
11	)	_	_	_	_
12	؛	_	_	_	_
13	مانند	_	_	_	_
14	کی	_	_	_	_
15	.	_	_	_	_

0	ان	_	_	_	_
1	.	_	_	_	_

0	ان	_	_	_	_
1	،	_	_	_	_
2	اس	_	_	_	_
3	.	_	_	_	_

0	وی	_	_	_	_
1	.	_	_	_	_

0	ام	_	_	_	_
1	،	_	_	_	_
2	سی	_	_	_	_
3	.	_	_	_	_

0	ان	_	_	_	_
1	.	_	_	_	_

0	ان	_	_	_	_
1	و	_	_	_	_
2	غیره	_	_	_	_
3	،	_	_	_	_
4	که	_	_	_	_
5	برای	_	_	_	_
6	هر	_	_	_	_
7	کاربرد	_	_	_	_
8	باید	_	_	_	_
9	بررسی	_	_	_	_
10	کنیم	_	_	_	_
11	ببینیم	_	_	_	_
12	کدام	_	_	_	_
13	یک	_	_	_	_
14	برای	_	_	_	_
15	کارمان	_	_	_	_
16	دقت	_	_	_	_
17	(	_	_	_	_
18	accuracy	_	_	_	_
19	)	_	_	_	_
20	بالاتری	_	_	_	_
21	دارد	_	_	_	_
22	.	_	_	_	_

0	گاهی	_	_	_	_
1	بیش	_	_	_	_
2	از	_	_	_	_
3	۰٫۵	_	_	_	_
4	درصدازوقت‌های	_	_	_	_
5	روز	_	_	_	_
6	مره	_	_	_	_
7	ما	_	_	_	_
8	صرف	_	_	_	_
9	اتفاقاتی	_	_	_	_
10	میشودکه	_	_	_	_
11	هنوزرخ	_	_	_	_
12	نداده‌اند	_	_	_	_
13	و	_	_	_	_
14	ممکن	_	_	_	_
15	است	_	_	_	_
16	هیچ	_	_	_	_
17	وقت	_	_	_	_
18	هم	_	_	_	_
19	رخ	_	_	_	_
20	ندهند	_	_	_	_
21	!!	_	_	_	_

0	یادرمقابل	_	_	_	_
1	مروراتفاقاتی	_	_	_	_
2	که	_	_	_	_
3	پیشامده	_	_	_	_
4	وتمام	_	_	_	_
5	شده	_	_	_	_
6	!!	_	_	_	_

0	که	_	_	_	_
1	این‌ها	_	_	_	_
2	شاید	_	_	_	_
3	حتی	_	_	_	_
4	آن	_	_	_	_
5	قدر	_	_	_	_
6	مهم	_	_	_	_
7	هم	_	_	_	_
8	نباشند	_	_	_	_
9	!!	_	_	_	_

0	یعنی	_	_	_	_
1	اصلامهم	_	_	_	_
2	نباشند	_	_	_	_
3	!	_	_	_	_

0	مثل	_	_	_	_
1	فکر	_	_	_	_
2	کردن	_	_	_	_
3	به	_	_	_	_
4	این	_	_	_	_
5	که	_	_	_	_
6	فلان	_	_	_	_
7	شخص	_	_	_	_
8	اگر	_	_	_	_
9	ما	_	_	_	_
10	فلان	_	_	_	_
11	کار	_	_	_	_
12	را	_	_	_	_
13	که	_	_	_	_
14	به	_	_	_	_
15	نظرمان	_	_	_	_
16	درست	_	_	_	_
17	است	_	_	_	_
18	را	_	_	_	_
19	انجام	_	_	_	_
20	دهیم	_	_	_	_
21	،	_	_	_	_
22	در	_	_	_	_
23	موردماچه	_	_	_	_
24	فکری	_	_	_	_
25	می‌کند	_	_	_	_
26	!!	_	_	_	_

0	چه	_	_	_	_
1	بسا	_	_	_	_
2	اصلافلان	_	_	_	_
3	شخص	_	_	_	_
4	به	_	_	_	_
5	ذهنش	_	_	_	_
6	هم	_	_	_	_
7	چنین	_	_	_	_
8	فکری	_	_	_	_
9	خطورنکند	_	_	_	_
10	!	_	_	_	_

0	یامثلا	_	_	_	_
1	فکر	_	_	_	_
2	کردن	_	_	_	_
3	به	_	_	_	_
4	اینکه	_	_	_	_
5	اگر	_	_	_	_
6	فلان	_	_	_	_
7	چیز	_	_	_	_
8	گفته_شود	_	_	_	_
9	ممکن	_	_	_	_
10	است	_	_	_	_
11	چه	_	_	_	_
12	اتفاقیبیفتد	_	_	_	_
13	یا	_	_	_	_
14	بقیه	_	_	_	_
15	چه	_	_	_	_
16	بگویند	_	_	_	_
17	!!	_	_	_	_

0	یا	_	_	_	_
1	مثلا	_	_	_	_
2	من	_	_	_	_
3	که	_	_	_	_
4	فلان	_	_	_	_
5	کار	_	_	_	_
6	را	_	_	_	_
7	کردم	_	_	_	_
8	آیا	_	_	_	_
9	بهمان	_	_	_	_
10	شخص	_	_	_	_
11	ازمن	_	_	_	_
12	ناراحت	_	_	_	_
13	شده	_	_	_	_
14	یانه	_	_	_	_
15	؟	_	_	_	_

0	گاهی	_	_	_	_
1	با	_	_	_	_
2	یک	_	_	_	_
3	بارپرسیدن	_	_	_	_
4	ازآن	_	_	_	_
5	شخص	_	_	_	_
6	،	_	_	_	_
7	یاباصحبت	_	_	_	_
8	کردن	_	_	_	_
9	با	_	_	_	_
10	یک	_	_	_	_
11	فرد	_	_	_	_
12	که	_	_	_	_
13	مطمئنیم	_	_	_	_
14	مارا	_	_	_	_
15	دوست	_	_	_	_
16	دارد	_	_	_	_
17	و	_	_	_	_
18	همچنین	_	_	_	_
19	از	_	_	_	_
20	دیدگاهمان	_	_	_	_
21	آگاه	_	_	_	_
22	و	_	_	_	_
23	فهمیده_است	_	_	_	_
24	،	_	_	_	_
25	می‌توان	_	_	_	_
26	خیلی	_	_	_	_
27	ازآشفتگی‌های	_	_	_	_
28	فکری	_	_	_	_
29	و	_	_	_	_
30	بسیاری	_	_	_	_
31	موارد	_	_	_	_
32	که	_	_	_	_
33	فکرما	_	_	_	_
34	را	_	_	_	_
35	مشوش	_	_	_	_
36	می‌کندرها	_	_	_	_
37	شد	_	_	_	_
38	؛	_	_	_	_
39	خیلیاز	_	_	_	_
40	مسائل	_	_	_	_
41	را	_	_	_	_
42	می‌توان	_	_	_	_
43	حل	_	_	_	_
44	کرد	_	_	_	_
45	و	_	_	_	_
46	به	_	_	_	_
47	دنبال	_	_	_	_
48	آن	_	_	_	_
49	میتوانیم	_	_	_	_
50	از	_	_	_	_
51	وقتمان	_	_	_	_
52	مفید	_	_	_	_
53	تراستفاده	_	_	_	_
54	کنیم	_	_	_	_
55	وشادتربه	_	_	_	_
56	زیست	_	_	_	_
57	ن	_	_	_	_
58	خود	_	_	_	_
59	ادامه	_	_	_	_
60	دهیم	_	_	_	_
61	!!	_	_	_	_

0	در	_	_	_	_
1	پارهای	_	_	_	_
2	ازمسائل	_	_	_	_
3	،	_	_	_	_
4	مشکلزمانی	_	_	_	_
5	رخمی	_	_	_	_
6	دهدکه	_	_	_	_
7	فعل‌های	_	_	_	_
8	مرکب	_	_	_	_
9	واردکارمیشوند	_	_	_	_
10	.	_	_	_	_

0	باید	_	_	_	_
1	با	_	_	_	_
2	آنها	_	_	_	_
3	چهطور	_	_	_	_
4	برخورد	_	_	_	_
5	کرد	_	_	_	_
6	؟؟	_	_	_	_

0	فعل	_	_	_	_
1	هایی	_	_	_	_
2	مانند	_	_	_	_
3	:	_	_	_	_
4	«	_	_	_	_
5	نگاه	_	_	_	_
6	کردن	_	_	_	_
7	،	_	_	_	_
8	صدازدن	_	_	_	_
9	،	_	_	_	_
10	مشوش	_	_	_	_
11	شدن	_	_	_	_
12	و	_	_	_	_
13	…	_	_	_	_
14	»	_	_	_	_
15	.	_	_	_	_

0	در۹خردادنودوهفت	_	_	_	_
1	(	_	_	_	_
2	۱۳۹۷	_	_	_	_
3	٫	_	_	_	_
4	۳.۹	_	_	_	_
5	)	_	_	_	_
6	،	_	_	_	_
7	در	_	_	_	_
8	وبلاگی	_	_	_	_
9	نوشته_بودند	_	_	_	_
10	:	_	_	_	_
11	«	_	_	_	_
12	به	_	_	_	_
13	کلمه‌ی	_	_	_	_
14	دوم	_	_	_	_
15	درفعل	_	_	_	_
16	مرکب	_	_	_	_
17	»	_	_	_	_
18	همکرد	_	_	_	_
19	«	_	_	_	_
20	می‌گویند	_	_	_	_
21	.	_	_	_	_

0	مثلا	_	_	_	_
1	»	_	_	_	_
2	کردن	_	_	_	_
3	«	_	_	_	_
4	در	_	_	_	_
5	»	_	_	_	_
6	کار	_	_	_	_
7	کردن	_	_	_	_
8	«	_	_	_	_
9	و	_	_	_	_
10	»	_	_	_	_
11	دادن	_	_	_	_
12	«	_	_	_	_
13	در	_	_	_	_
14	»	_	_	_	_
15	دستوردادن	_	_	_	_
16	«	_	_	_	_
17	و	_	_	_	_
18	»	_	_	_	_
19	زدن	_	_	_	_
20	«	_	_	_	_
21	در	_	_	_	_
22	»	_	_	_	_
23	دست	_	_	_	_
24	زدن	_	_	_	_
25	«	_	_	_	_
26	و	_	_	_	_
27	»	_	_	_	_
28	نمودن	_	_	_	_
29	«	_	_	_	_
30	در	_	_	_	_
31	»	_	_	_	_
32	صاف	_	_	_	_
33	نمودن	_	_	_	_
34	«	_	_	_	_
35	اما	_	_	_	_
36	فعل‌های	_	_	_	_
37	مرکب	_	_	_	_
38	درنامه‌های	_	_	_	_
39	رسمی	_	_	_	_
40	واداری	_	_	_	_
41	و	_	_	_	_
42	شبهرسمی	_	_	_	_
43	،	_	_	_	_
44	ظاهرا	_	_	_	_
45	به	_	_	_	_
46	دلیل	_	_	_	_
47	زیاده	_	_	_	_
48	روی	_	_	_	_
49	دررسمی	_	_	_	_
50	نوشتن	_	_	_	_
51	و	_	_	_	_
52	تفاخرادبی	_	_	_	_
53	و	_	_	_	_
54	دراصل	_	_	_	_
55	به	_	_	_	_
56	دلیل	_	_	_	_
57	ضعف	_	_	_	_
58	نگارش	_	_	_	_
59	وناآشنا	_	_	_	_
60	یی	_	_	_	_
61	با	_	_	_	_
62	فعلها	_	_	_	_
63	،	_	_	_	_
64	گاهی	_	_	_	_
65	به	_	_	_	_
66	شکلیناجور	_	_	_	_
67	با	_	_	_	_
68	هم	_	_	_	_
69	قاطیمی	_	_	_	_
70	شوند	_	_	_	_
71	.	_	_	_	_

0	یعنی	_	_	_	_
1	آقا	_	_	_	_
2	یاخانم	_	_	_	_
3	نگارنده‌ی	_	_	_	_
4	نامه	_	_	_	_
5	یا	_	_	_	_
6	اعلان	_	_	_	_
7	یا	_	_	_	_
8	بیانیه	_	_	_	_
9	یا	_	_	_	_
10	هرچه	_	_	_	_
11	،	_	_	_	_
12	همکرد	_	_	_	_
13	یک	_	_	_	_
14	فعل	_	_	_	_
15	مرکب	_	_	_	_
16	را	_	_	_	_
17	برمی	_	_	_	_
18	دارد	_	_	_	_
19	ومیگذارد	_	_	_	_
20	ته	_	_	_	_
21	دیگری	_	_	_	_
22	و	_	_	_	_
23	واژه‌ی	_	_	_	_
24	دیگر	_	_	_	_
25	آن	_	_	_	_
26	یکی	_	_	_	_
27	فعل	_	_	_	_
28	مرکب	_	_	_	_
29	را	_	_	_	_
30	برمی	_	_	_	_
31	دارد	_	_	_	_
32	و	_	_	_	_
33	می‌گذارد	_	_	_	_
34	سر	_	_	_	_
35	همکرد	_	_	_	_
36	دیگری	_	_	_	_
37	؛	_	_	_	_
38	یا	_	_	_	_
39	اصلا	_	_	_	_
40	کل	_	_	_	_
41	فعل	_	_	_	_
42	مرکب	_	_	_	_
43	را	_	_	_	_
44	اشتباهی	_	_	_	_
45	به	_	_	_	_
46	جای	_	_	_	_
47	فعلی	_	_	_	_
48	دیگر	_	_	_	_
49	به	_	_	_	_
50	کار	_	_	_	_
51	می‌برد	_	_	_	_
52	»	_	_	_	_
53	.	_	_	_	_

0	معمولاسیستم	_	_	_	_
1	مشخصی	_	_	_	_
2	درنوشتن	_	_	_	_
3	تاریخ	_	_	_	_
4	وجودندارد	_	_	_	_
5	!	_	_	_	_

0	مثلاهمه	_	_	_	_
1	این	_	_	_	_
2	مثال‌ها	_	_	_	_
3	بهیک	_	_	_	_
4	تاریخ	_	_	_	_
5	(	_	_	_	_
6	date	_	_	_	_
7	)	_	_	_	_
8	اشاره	_	_	_	_
9	می‌کنند	_	_	_	_
10	:	_	_	_	_
11	۹۷	_	_	_	_
12	٫	_	_	_	_
13	۰۷	_	_	_	_
14	٫	_	_	_	_
15	۲۰	_	_	_	_
16	،	_	_	_	_
17	۲۰	_	_	_	_
18	مهر	_	_	_	_
19	نودو	_	_	_	_
20	هفت	_	_	_	_
21	،	_	_	_	_
22	بیستم	_	_	_	_
23	مهر	_	_	_	_
24	ماه	_	_	_	_
25	۹۷	_	_	_	_
26	یا	_	_	_	_
27	بیستم	_	_	_	_
28	مهرماه	_	_	_	_
29	هزاروسیسصد	_	_	_	_
30	و	_	_	_	_
31	نودو	_	_	_	_
32	هفت	_	_	_	_
33	!	_	_	_	_

0	این	_	_	_	_
1	قبیل	_	_	_	_
2	فرمت‌ها	_	_	_	_
3	(	_	_	_	_
4	formats	_	_	_	_
5	)	_	_	_	_
6	در	_	_	_	_
7	پاره‌ای	_	_	_	_
8	از	_	_	_	_
9	متن‌ها	_	_	_	_
10	،	_	_	_	_
11	ارزیابی	_	_	_	_
12	رادچارمشکل	_	_	_	_
13	می‌کنند	_	_	_	_
14	!	_	_	_	_

0	دراینصورت	_	_	_	_
1	کاری	_	_	_	_
2	که	_	_	_	_
3	ما	_	_	_	_
4	به	_	_	_	_
5	عنوان	_	_	_	_
6	یک	_	_	_	_
7	فرد	_	_	_	_
8	متخصص	_	_	_	_
9	باید	_	_	_	_
10	انجام	_	_	_	_
11	دهیم	_	_	_	_
12	،	_	_	_	_
13	یکگونهسازی	_	_	_	_
14	این	_	_	_	_
15	تاریخهاست	_	_	_	_
16	؛	_	_	_	_
17	در	_	_	_	_
18	اینصورت	_	_	_	_
19	هر	_	_	_	_
20	زمانکه	_	_	_	_
21	هرکدام	_	_	_	_
22	ازاین	_	_	_	_
23	مواردبیاید	_	_	_	_
24	ما	_	_	_	_
25	تشخیص	_	_	_	_
26	میدهیم	_	_	_	_
27	تاریخ	_	_	_	_
28	(	_	_	_	_
29	date	_	_	_	_
30	)	_	_	_	_
31	است	_	_	_	_
32	وآن	_	_	_	_
33	را	_	_	_	_
34	به	_	_	_	_
35	یک	_	_	_	_
36	شکل	_	_	_	_
37	در	_	_	_	_
38	میاوریم	_	_	_	_
39	،	_	_	_	_
40	مثلا	_	_	_	_
41	همه	_	_	_	_
42	را	_	_	_	_
43	به	_	_	_	_
44	شکل	_	_	_	_
45	«	_	_	_	_
46	بیستم	_	_	_	_
47	مهر	_	_	_	_
48	ماه	_	_	_	_
49	هزار	_	_	_	_
50	و	_	_	_	_
51	سیسصدونودوهفت	_	_	_	_
52	»	_	_	_	_
53	یا	_	_	_	_
54	«	_	_	_	_
55	۹۷/۷/۲۰	_	_	_	_
56	»	_	_	_	_
57	.	_	_	_	_

0	در	_	_	_	_
1	این	_	_	_	_
2	صورت	_	_	_	_
3	شاید	_	_	_	_
4	شاهد	_	_	_	_
5	کاهش	_	_	_	_
6	بیش	_	_	_	_
7	از	_	_	_	_
8	.	_	_	_	_
9	۱	_	_	_	_
10	از	_	_	_	_
11	مشکلات	_	_	_	_
12	در	_	_	_	_
13	پردازش	_	_	_	_
14	متنشویم	_	_	_	_
15	!!!	_	_	_	_

0	از	_	_	_	_
1	یک	_	_	_	_
2	دید	_	_	_	_
3	گاه	_	_	_	_
4	میگویند	_	_	_	_
5	برای	_	_	_	_
6	ترقی	_	_	_	_
7	،	_	_	_	_
8	پیش	_	_	_	_
9	رفت	_	_	_	_
10	و	_	_	_	_
11	رشد	_	_	_	_
12	،	_	_	_	_
13	باید	_	_	_	_
14	دائما	_	_	_	_
15	به	_	_	_	_
16	مکان‌های	_	_	_	_
17	جدید	_	_	_	_
18	رفت	_	_	_	_
19	وباافراد	_	_	_	_
20	جدید	_	_	_	_
21	آشنا	_	_	_	_
22	شد	_	_	_	_
23	؛	_	_	_	_
24	از	_	_	_	_
25	جهاتی	_	_	_	_
26	درست	_	_	_	_
27	است	_	_	_	_
28	،	_	_	_	_
29	مثلا	_	_	_	_
30	فرض	_	_	_	_
31	کنید	_	_	_	_
32	شما	_	_	_	_
33	تاسال	_	_	_	_
34	یان	_	_	_	_
35	سال	_	_	_	_
36	فقطدرخانه	_	_	_	_
37	باشیدوبا	_	_	_	_
38	تنها	_	_	_	_
39	کسانی	_	_	_	_
40	که	_	_	_	_
41	ارتباط	_	_	_	_
42	برقرار	_	_	_	_
43	می‌کنید	_	_	_	_
44	خانواده	_	_	_	_
45	تان	_	_	_	_
46	باشد	_	_	_	_
47	!!!	_	_	_	_

0	در	_	_	_	_
1	اینصورت	_	_	_	_
2	تنها	_	_	_	_
3	طیف	_	_	_	_
4	اخلاقی	_	_	_	_
5	آن‌ها	_	_	_	_
6	را	_	_	_	_
7	میبینید	_	_	_	_
8	،	_	_	_	_
9	در	_	_	_	_
10	صورتی	_	_	_	_
11	که	_	_	_	_
12	شاید	_	_	_	_
13	اینهاکمتراز	_	_	_	_
14	۰٫	_	_	_	_
15	۰۰۱	_	_	_	_
16	جامعه	_	_	_	_
17	باشند	_	_	_	_
18	!!	_	_	_	_

0	با	_	_	_	_
1	منش‌های	_	_	_	_
2	جدیدوخلقو	_	_	_	_
3	خو‌های	_	_	_	_
4	متنوعی	_	_	_	_
5	آشنا	_	_	_	_
6	نمیشودید	_	_	_	_
7	در	_	_	_	_
8	نتیجه	_	_	_	_
9	شاید	_	_	_	_
10	فکر	_	_	_	_
11	کنید	_	_	_	_
12	همین	_	_	_	_
13	گونه	_	_	_	_
14	که	_	_	_	_
15	هستیدایده	_	_	_	_
16	آل‌ترین	_	_	_	_
17	است	_	_	_	_
18	و	_	_	_	_
19	همه	_	_	_	_
20	چیزخوب	_	_	_	_
21	است	_	_	_	_
22	!!	_	_	_	_

0	ساعت	_	_	_	_
1	۸:۲۰	_	_	_	_
2	صبح	_	_	_	_
3	بود	_	_	_	_
4	؛	_	_	_	_
5	نغمه‌ی	_	_	_	_
6	زیبای	_	_	_	_
7	موسیقی	_	_	_	_
8	ای	_	_	_	_
9	ازپنجرهء	_	_	_	_
10	پشتی	_	_	_	_
11	میامد	_	_	_	_
12	.	_	_	_	_

0	برایم	_	_	_	_
1	مسأله	_	_	_	_
2	شده_بود	_	_	_	_
3	که	_	_	_	_
4	به	_	_	_	_
5	این	_	_	_	_
6	زیبایی	_	_	_	_
7	و	_	_	_	_
8	دقت	_	_	_	_
9	،	_	_	_	_
10	چه	_	_	_	_
11	کسی	_	_	_	_
12	سنتور	_	_	_	_
13	مینوازد	_	_	_	_
14	.	_	_	_	_

0	ساعت	_	_	_	_
1	نه	_	_	_	_
2	و	_	_	_	_
3	۵۰	_	_	_	_
4	دقیقه	_	_	_	_
5	شد	_	_	_	_
6	.	_	_	_	_

0	همچنان	_	_	_	_
1	صدای	_	_	_	_
2	دل	_	_	_	_
3	نواز	_	_	_	_
4	ساز	_	_	_	_
5	میامد	_	_	_	_
6	.	_	_	_	_

0	ساعت	_	_	_	_
1	۱۰	_	_	_	_
2	و	_	_	_	_
3	پنجاه	_	_	_	_
4	و	_	_	_	_
5	پنج	_	_	_	_
6	دقیقه	_	_	_	_
7	شد	_	_	_	_
8	و	_	_	_	_
9	باز	_	_	_	_
10	همچنان	_	_	_	_
11	صدا	_	_	_	_
12	می‌آمد	_	_	_	_
13	.	_	_	_	_

0	بسیار	_	_	_	_
1	مسلط	_	_	_	_
2	بود	_	_	_	_
3	.	_	_	_	_

0	دیگر	_	_	_	_
1	طاقت	_	_	_	_
2	صبر	_	_	_	_
3	کردن	_	_	_	_
4	نداشتم	_	_	_	_
5	!!	_	_	_	_

0	دلرابه	_	_	_	_
1	دریا	_	_	_	_
2	زدم	_	_	_	_
3	و	_	_	_	_
4	رفتم	_	_	_	_
5	در	_	_	_	_
6	خانه	_	_	_	_
7	شان	_	_	_	_
8	؛	_	_	_	_
9	در	_	_	_	_
10	باز	_	_	_	_
11	بود	_	_	_	_
12	.	_	_	_	_

0	خانم	_	_	_	_
1	میانسالی	_	_	_	_
2	بادامن	_	_	_	_
3	گلداری	_	_	_	_
4	که	_	_	_	_
5	رنگ	_	_	_	_
6	و	_	_	_	_
7	لعابش	_	_	_	_
8	هم	_	_	_	_
9	کمی	_	_	_	_
10	رفتهبود	_	_	_	_
11	،	_	_	_	_
12	و	_	_	_	_
13	چهرهء	_	_	_	_
14	گنمدمگونی	_	_	_	_
15	که	_	_	_	_
16	سر	_	_	_	_
17	لپ	_	_	_	_
18	هایش	_	_	_	_
19	نیز	_	_	_	_
20	گل	_	_	_	_
21	انداخته_بود	_	_	_	_
22	،	_	_	_	_
23	طوری	_	_	_	_
24	باذوق	_	_	_	_
25	و	_	_	_	_
26	هیجان	_	_	_	_
27	بر	_	_	_	_
28	سیمها	_	_	_	_
29	میکوبید	_	_	_	_
30	،	_	_	_	_
31	که	_	_	_	_
32	انگار	_	_	_	_
33	بار	_	_	_	_
34	اولیست	_	_	_	_
35	که	_	_	_	_
36	آدم	_	_	_	_
37	چیزی	_	_	_	_
38	را	_	_	_	_
39	یاد	_	_	_	_
40	گرفته	_	_	_	_
41	و	_	_	_	_
42	میخواهد	_	_	_	_
43	با	_	_	_	_
44	ذوق	_	_	_	_
45	برای	_	_	_	_
46	عزیزی	_	_	_	_
47	بنوازد	_	_	_	_
48	؛	_	_	_	_
49	مثل	_	_	_	_
50	زمانی	_	_	_	_
51	که	_	_	_	_
52	برای	_	_	_	_
53	بار	_	_	_	_
54	اول	_	_	_	_
55	خواندن	_	_	_	_
56	یا	_	_	_	_
57	گرفته_بودم	_	_	_	_
58	و	_	_	_	_
59	با	_	_	_	_
60	ذوق	_	_	_	_
61	کتاب‌های	_	_	_	_
62	مختلف	_	_	_	_
63	را	_	_	_	_
64	برگ	_	_	_	_
65	میزدم	_	_	_	_
66	و	_	_	_	_
67	برای	_	_	_	_
68	پدر	_	_	_	_
69	مادرم	_	_	_	_
70	میخواندم	_	_	_	_
71	.	_	_	_	_

0	به	_	_	_	_
1	خودم	_	_	_	_
2	آمدم	_	_	_	_
3	دیدم	_	_	_	_
4	ساعت	_	_	_	_
5	۱۲	_	_	_	_
6	و	_	_	_	_
7	۵۵	_	_	_	_
8	دقیقه	_	_	_	_
9	شده_بود	_	_	_	_
10	و	_	_	_	_
11	من	_	_	_	_
12	همچنان	_	_	_	_
13	آنجا	_	_	_	_
14	ایستاده_بودم	_	_	_	_
15	.	_	_	_	_
16	.	_	_	_	_

0	یعنی	_	_	_	_
1	بیش	_	_	_	_
2	از	_	_	_	_
3	.	_	_	_	_
4	۱۲	_	_	_	_
5	از	_	_	_	_
6	یک	_	_	_	_
7	روز	_	_	_	_
8	خود	_	_	_	_
9	را	_	_	_	_
10	!!	_	_	_	_

0	از	_	_	_	_
1	دیر	_	_	_	_
2	باز	_	_	_	_
3	تا	_	_	_	_
4	کنون	_	_	_	_
5	،	_	_	_	_
6	بازی‌های	_	_	_	_
7	زیادی	_	_	_	_
8	وجود	_	_	_	_
9	داشته	_	_	_	_
10	که	_	_	_	_
11	یکی	_	_	_	_
12	از	_	_	_	_
13	موردهای	_	_	_	_
14	جذاب	_	_	_	_
15	آن	_	_	_	_
16	،	_	_	_	_
17	بازی	_	_	_	_
18	هایی	_	_	_	_
19	بوده	_	_	_	_
20	که	_	_	_	_
21	یک	_	_	_	_
22	متن	_	_	_	_
23	نوشته	_	_	_	_
24	میشد	_	_	_	_
25	که	_	_	_	_
26	در	_	_	_	_
27	نگاه	_	_	_	_
28	اول	_	_	_	_
29	به	_	_	_	_
30	راحتی	_	_	_	_
31	قابل	_	_	_	_
32	خواندن	_	_	_	_
33	نیست	_	_	_	_
34	؛	_	_	_	_
35	مثلا	_	_	_	_
36	«	_	_	_	_
37	صدیقه	_	_	_	_
38	صدیقه	_	_	_	_
39	را	_	_	_	_
40	دوخت	_	_	_	_
41	علی	_	_	_	_
42	علی	_	_	_	_
43	علی	_	_	_	_
44	علی	_	_	_	_
45	علی	_	_	_	_
46	او	_	_	_	_
47	را	_	_	_	_
48	فروخت	_	_	_	_
49	!!	_	_	_	_
50	»	_	_	_	_
51	که	_	_	_	_
52	میشود	_	_	_	_
53	«	_	_	_	_
54	صدیقه	_	_	_	_
55	صد	_	_	_	_
56	یقه	_	_	_	_
57	را	_	_	_	_
58	دوخت	_	_	_	_
59	،	_	_	_	_
60	پنج	_	_	_	_
61	علی	_	_	_	_
62	او	_	_	_	_
63	را	_	_	_	_
64	فروخت	_	_	_	_
65	!	_	_	_	_
66	»	_	_	_	_
67	یا	_	_	_	_
68	مثلا	_	_	_	_
69	«	_	_	_	_
70	دراین	_	_	_	_
71	درگه	_	_	_	_
72	که	_	_	_	_
73	گهگه	_	_	_	_
74	کهکه	_	_	_	_
75	که	_	_	_	_
76	که	_	_	_	_
77	شودناگه	_	_	_	_
78	،	_	_	_	_
79	مشوغره	_	_	_	_
80	به	_	_	_	_
81	امروزت	_	_	_	_
82	که	_	_	_	_
83	ازفردانهی	_	_	_	_
84	آگه	_	_	_	_
85	!!	_	_	_	_
86	»	_	_	_	_
87	که	_	_	_	_
88	میشود	_	_	_	_
89	:	_	_	_	_
90	«	_	_	_	_
91	در	_	_	_	_
92	این	_	_	_	_
93	درگه	_	_	_	_
94	که	_	_	_	_
95	گه	_	_	_	_
96	گه	_	_	_	_
97	،	_	_	_	_
98	که	_	_	_	_
99	که	_	_	_	_
100	که	_	_	_	_
101	که	_	_	_	_
102	شود	_	_	_	_
103	ناگه	_	_	_	_
104	،	_	_	_	_
105	مشوغره	_	_	_	_
106	به	_	_	_	_
107	امروزت	_	_	_	_
108	که	_	_	_	_
109	ازفردانهی	_	_	_	_
110	آگه	_	_	_	_
111	!!	_	_	_	_
112	»	_	_	_	_
113	.	_	_	_	_

0	به	_	_	_	_
1	عنوان	_	_	_	_
2	آخرین	_	_	_	_
3	مثال	_	_	_	_
4	«	_	_	_	_
5	در	_	_	_	_
6	لرستان	_	_	_	_
7	نه	_	_	_	_
8	لرندوهرلری	_	_	_	_
9	نه	_	_	_	_
10	نره	_	_	_	_
11	لرنره	_	_	_	_
12	لرچهنره	_	_	_	_
13	لر	_	_	_	_
14	،	_	_	_	_
15	هرنره	_	_	_	_
16	لرنه	_	_	_	_
17	نره	_	_	_	_
18	لر	_	_	_	_
19	»	_	_	_	_
20	،	_	_	_	_
21	که	_	_	_	_
22	درست	_	_	_	_
23	آن	_	_	_	_
24	میشود	_	_	_	_
25	:	_	_	_	_
26	«	_	_	_	_
27	در	_	_	_	_
28	لرستان	_	_	_	_
29	نه	_	_	_	_
30	لرند	_	_	_	_
31	و	_	_	_	_
32	هر	_	_	_	_
33	لری	_	_	_	_
34	نه	_	_	_	_
35	نره	_	_	_	_
36	لر	_	_	_	_
37	،	_	_	_	_
38	نره	_	_	_	_
39	لر	_	_	_	_
40	چه	_	_	_	_
41	نره	_	_	_	_
42	لر	_	_	_	_
43	،	_	_	_	_
44	هر	_	_	_	_
45	نره	_	_	_	_
46	لر	_	_	_	_
47	،	_	_	_	_
48	نه	_	_	_	_
49	نره	_	_	_	_
50	لر	_	_	_	_
51	»	_	_	_	_
52	؛	_	_	_	_
53	در	_	_	_	_
54	این	_	_	_	_
55	نمونه‌ها	_	_	_	_
56	علاوه	_	_	_	_
57	بر	_	_	_	_
58	اینکه	_	_	_	_
59	بیش	_	_	_	_
60	از	_	_	_	_
61	.	_	_	_	_
62	۵	_	_	_	_
63	از	_	_	_	_
64	انسانها	_	_	_	_
65	اشتباه	_	_	_	_
66	میخوانند	_	_	_	_
67	،	_	_	_	_
68	برای	_	_	_	_
69	سیستم‌های	_	_	_	_
70	اصلاح	_	_	_	_
71	خودکار	_	_	_	_
72	،	_	_	_	_
73	در	_	_	_	_
74	حالت	_	_	_	_
75	عدم	_	_	_	_
76	رعایت	_	_	_	_
77	فاصله	_	_	_	_
78	و	_	_	_	_
79	نیم	_	_	_	_
80	فاصله	_	_	_	_
81	،	_	_	_	_
82	کار	_	_	_	_
83	بسیار	_	_	_	_
84	دشوار	_	_	_	_
85	میشود	_	_	_	_
86	.	_	_	_	_

0	*****	_	_	_	_
1	کارورزیده	_	_	_	_
2	کاراموزانشان	_	_	_	_
3	گواهینامه	_	_	_	_
4	هایشانید	_	_	_	_
5	نارس‌ترین	_	_	_	_
6	بپاخواستگان	_	_	_	_
7	دردمندیهایش	_	_	_	_
8	بت	_	_	_	_
9	شکنانید	_	_	_	_
10	همه	_	_	_	_
11	فن	_	_	_	_
12	حریفان	_	_	_	_
13	همه	_	_	_	_
14	کاره	_	_	_	_
15	یید	_	_	_	_
16	همه	_	_	_	_
17	کس	_	_	_	_
18	شناس	_	_	_	_
19	همه	_	_	_	_
20	جا	_	_	_	_
21	گرد	_	_	_	_
22	خسته‌ترین	_	_	_	_
23	هایشانیم	_	_	_	_
24	افسرده‌ترین	_	_	_	_
25	هایشانید	_	_	_	_
26	نالان‌ترین	_	_	_	_
27	کتاب	_	_	_	_
28	دارتان	_	_	_	_
29	کتاب	_	_	_	_
30	خانه	_	_	_	_
31	هایم	_	_	_	_
32	بپاسخواسته‌اند	_	_	_	_
33	میخواهد	_	_	_	_
34	بیاراید	_	_	_	_
35	خواستنی‌ترین	_	_	_	_
36	کم	_	_	_	_
37	روترینید	_	_	_	_
38	پررونق‌تر	_	_	_	_
39	درآشفته‌ترین	_	_	_	_
40	معدنچیان	_	_	_	_
41	یکدستی	_	_	_	_
42	آتشفشانان	_	_	_	_
43	خلبانهایتانند	_	_	_	_
44	ناخداهایشانید	_	_	_	_
45	نامردمانتان	_	_	_	_
46	ناشکری	_	_	_	_
47	هایمان	_	_	_	_
48	آهنچیان	_	_	_	_
49	آهنین	_	_	_	_
50	پنجه	_	_	_	_
51	آتشکدگان	_	_	_	_
52	آزرده	_	_	_	_
53	خاطر	_	_	_	_
54	فرومایگان	_	_	_	_
55	پاکدلانیم	_	_	_	_
56	فروپاشیدگان	_	_	_	_
57	ناایستاترین	_	_	_	_
58	بی	_	_	_	_
59	شیله	_	_	_	_
60	پیلگان	_	_	_	_
61	لب	_	_	_	_
62	ریز	_	_	_	_
63	دهان	_	_	_	_
64	گشاد	_	_	_	_
65	دهان	_	_	_	_
66	لقان	_	_	_	_
67	نرفتگان	_	_	_	_
68	نرو‌ترین	_	_	_	_
69	یکرنگ‌ترین	_	_	_	_
70	سبک	_	_	_	_
71	باران	_	_	_	_
72	گرانقدر	_	_	_	_
73	گران	_	_	_	_
74	بهاترین	_	_	_	_
75	گران	_	_	_	_
76	مایگان	_	_	_	_
77	چشم	_	_	_	_
78	تنگان	_	_	_	_
79	دل	_	_	_	_
80	نازک‌ترین	_	_	_	_
81	سنگ	_	_	_	_
82	دلانید	_	_	_	_
83	بی	_	_	_	_
84	خیالان	_	_	_	_
85	بی	_	_	_	_
86	رنگ	_	_	_	_
87	ترینانید	_	_	_	_
88	آراسته	_	_	_	_
89	ترینانید	_	_	_	_
90	شاخ	_	_	_	_
91	شمشاد	_	_	_	_
92	نازک	_	_	_	_
93	نشمین	_	_	_	_
94	گندمگون	_	_	_	_
95	نیکو	_	_	_	_
96	سرشت	_	_	_	_
97	فراخ	_	_	_	_
98	بال	_	_	_	_
99	تنگ	_	_	_	_
100	دستی	_	_	_	_
101	تنگ	_	_	_	_
102	نظرانند	_	_	_	_
103	نیک	_	_	_	_
104	بینانشانید	_	_	_	_
105	نیک	_	_	_	_
106	سرشتانشانید	_	_	_	_
107	نیک	_	_	_	_
108	اندیشانشانند	_	_	_	_

