0	به	_	_	_	_
1	نام	_	_	_	_
2	خدا	_	_	_	_
3	روزی	_	_	_	_
4	روزگاری	_	_	_	_
5	سگ	_	_	_	_
6	سنگی	_	_	_	_
7	را	_	_	_	_
8	بلند	_	_	_	_
9	کرد	_	_	_	_
10	و	_	_	_	_
11	با	_	_	_	_
12	پوزه	_	_	_	_
13	خود	_	_	_	_
14	به	_	_	_	_
15	این	_	_	_	_
16	ور	_	_	_	_
17	و	_	_	_	_
18	آن	_	_	_	_
19	ور	_	_	_	_
20	پر	_	_	_	_
21	تاب	_	_	_	_
22	میکرد	_	_	_	_
23	من	_	_	_	_
24	که	_	_	_	_
25	زنم	_	_	_	_
26	در	_	_	_	_
27	کنار	_	_	_	_
28	م	_	_	_	_
29	ایستادﺓ	_	_	_	_
30	بود	_	_	_	_
31	و	_	_	_	_
32	گزی	_	_	_	_
33	در	_	_	_	_
34	دستم	_	_	_	_
35	بود	_	_	_	_
36	بﺓ	_	_	_	_
37	سگ	_	_	_	_
38	زنگین	_	_	_	_
39	رنگ	_	_	_	_
40	آشت	_	_	_	_
41	را	_	_	_	_
42	تعارف	_	_	_	_
43	کردم	_	_	_	_
44	او	_	_	_	_
45	که	_	_	_	_
46	از	_	_	_	_
47	این	_	_	_	_
48	کار	_	_	_	_
49	آتشین	_	_	_	_
50	شده_بود	_	_	_	_
51	بﺓ	_	_	_	_
52	ﺓمه‌ی	_	_	_	_
53	کاخ	_	_	_	_
54	نشینان	_	_	_	_
55	فریاد	_	_	_	_
56	برد	_	_	_	_
57	و	_	_	_	_
58	خودش	_	_	_	_
59	را	_	_	_	_
60	پاک	_	_	_	_
61	کرد	_	_	_	_
62	و	_	_	_	_
63	هوایی	_	_	_	_
64	شده	_	_	_	_
65	و	_	_	_	_
66	به	_	_	_	_
67	دشت	_	_	_	_
68	آﺓوان	_	_	_	_
69	زد	_	_	_	_
70	.	_	_	_	_

0	پتو	_	_	_	_
1	دور	_	_	_	_
2	او	_	_	_	_
3	نبود	_	_	_	_
4	و	_	_	_	_
5	توپش	_	_	_	_
6	را	_	_	_	_
7	در	_	_	_	_
8	دستم	_	_	_	_
9	داشتم	_	_	_	_
10	از	_	_	_	_
11	شﺓر	_	_	_	_
12	شهرری	_	_	_	_
13	راحت	_	_	_	_
14	شده_بودم	_	_	_	_
15	و	_	_	_	_
16	ریش	_	_	_	_
17	گذاشته_بودم	_	_	_	_
18	شیری	_	_	_	_
19	شیرین	_	_	_	_
20	و	_	_	_	_
21	دلپذیر	_	_	_	_
22	در	_	_	_	_
23	مقابل	_	_	_	_
24	آن	_	_	_	_
25	شیر	_	_	_	_
26	قرار	_	_	_	_
27	داشت	_	_	_	_
28	اما	_	_	_	_
29	فک‌های	_	_	_	_
30	دریایی	_	_	_	_
31	شک	_	_	_	_
32	کردﺓ	_	_	_	_
33	بودند	_	_	_	_
34	.	_	_	_	_

0	کفی	_	_	_	_
1	کفش	_	_	_	_
2	من	_	_	_	_
3	ﺓم	_	_	_	_
4	کاشف	_	_	_	_
5	اکتشافات	_	_	_	_
6	یک	_	_	_	_
7	کشف	_	_	_	_
8	بزرگ	_	_	_	_
9	که	_	_	_	_
10	در	_	_	_	_
11	سر	_	_	_	_
12	و	_	_	_	_
13	ر	_	_	_	_
14	خ	_	_	_	_
15	و	_	_	_	_
16	سینه	_	_	_	_
17	و	_	_	_	_
18	غیره‌ی	_	_	_	_
19	سرخ	_	_	_	_
20	منبه	_	_	_	_
21	کرات	_	_	_	_
22	نمایان	_	_	_	_
23	بود	_	_	_	_
24	.	_	_	_	_

0	خرسی	_	_	_	_
1	بدذات	_	_	_	_
2	به	_	_	_	_
3	دل	_	_	_	_
4	آب	_	_	_	_
5	زد	_	_	_	_
6	و	_	_	_	_
7	…	_	_	_	_
8	با	_	_	_	_
9	باد	_	_	_	_
10	ﺓمراﺓ	_	_	_	_
11	شد	_	_	_	_
12	!	_	_	_	_
13	.	_	_	_	_
14	.	_	_	_	_

0	ادبیاتکه	_	_	_	_
1	تا	_	_	_	_
2	ابد	_	_	_	_
3	چین	_	_	_	_
4	دار	_	_	_	_
5	و	_	_	_	_
6	استاد	_	_	_	_
7	حفظ	_	_	_	_
8	و	_	_	_	_
9	حافظه	_	_	_	_
10	منافع	_	_	_	_
11	مورد	_	_	_	_
12	حفاظت	_	_	_	_
13	دانشجواست	_	_	_	_
14	،	_	_	_	_
15	پریان	_	_	_	_
16	پیرین	_	_	_	_
17	همکه	_	_	_	_
18	پنیر	_	_	_	_
19	را	_	_	_	_
20	برداشته	_	_	_	_
21	و	_	_	_	_
22	شنا	_	_	_	_
23	کنان	_	_	_	_
24	با	_	_	_	_
25	آشنایی	_	_	_	_
26	به	_	_	_	_
27	مزه	_	_	_	_
28	،	_	_	_	_
29	آن	_	_	_	_
30	را	_	_	_	_
31	لیمو	_	_	_	_
32	زدند	_	_	_	_
33	.	_	_	_	_

0	آنها	_	_	_	_
1	میل	_	_	_	_
2	به	_	_	_	_
3	لی	_	_	_	_
4	مو	_	_	_	_
5	نداشتند	_	_	_	_
6	اما	_	_	_	_
7	سایه	_	_	_	_
8	ﺓای	_	_	_	_
9	سیاﺓین	_	_	_	_
10	بازآمدﺓ	_	_	_	_
11	و	_	_	_	_
12	بازی	_	_	_	_
13	زیبایی	_	_	_	_
14	را	_	_	_	_
15	بین	_	_	_	_
16	آنان	_	_	_	_
17	و	_	_	_	_
18	آدمآن	_	_	_	_
19	بﺓ	_	_	_	_
20	راﺓ	_	_	_	_
21	انداخته	_	_	_	_
22	بودندودما	_	_	_	_
23	بالا	_	_	_	_
24	رفته_بود	_	_	_	_
25	:	_	_	_	_
26	دامهادیگر	_	_	_	_
27	تاب	_	_	_	_
28	این	_	_	_	_
29	را	_	_	_	_
30	نداشتند	_	_	_	_
31	.	_	_	_	_

0	نبات	_	_	_	_
1	و	_	_	_	_
2	برنج	_	_	_	_
3	و	_	_	_	_
4	…	_	_	_	_
5	…	_	_	_	_
6	.	_	_	_	_

0	را	_	_	_	_
1	به	_	_	_	_
2	برج	_	_	_	_
3	بردم	_	_	_	_
4	مشک	_	_	_	_
5	مشکین	_	_	_	_
6	را	_	_	_	_
7	پر	_	_	_	_
8	از	_	_	_	_
9	آبی	_	_	_	_
10	کردم	_	_	_	_
11	تا	_	_	_	_
12	شکمش	_	_	_	_
13	را	_	_	_	_
14	مانند	_	_	_	_
15	تشت	_	_	_	_
16	پر	_	_	_	_
17	کنم	_	_	_	_
18	اما	_	_	_	_
19	شوش	_	_	_	_
20	تشکش	_	_	_	_
21	خیس	_	_	_	_
22	شد	_	_	_	_
23	.	_	_	_	_

0	تمشک	_	_	_	_
1	ﺓارمز	_	_	_	_
2	رزمندگی	_	_	_	_
3	در	_	_	_	_
4	مرزﺓای	_	_	_	_
5	ترمز	_	_	_	_
6	بریدن	_	_	_	_
7	یاران	_	_	_	_
8	در	_	_	_	_
9	برابر	_	_	_	_
10	کلم	_	_	_	_
11	برای	_	_	_	_
12	کلمن	_	_	_	_
13	است	_	_	_	_
14	.	_	_	_	_

0	ملکی	_	_	_	_
1	کﺓ	_	_	_	_
2	برای	_	_	_	_
3	ملکﺓهههها	_	_	_	_
4	آماده	_	_	_	_
5	شده_بود	_	_	_	_
6	اما	_	_	_	_
7	ملکهها	_	_	_	_
8	در	_	_	_	_
9	آن	_	_	_	_
10	نرفتند	_	_	_	_
11	اگر	_	_	_	_
12	پاکان	_	_	_	_
13	هنر	_	_	_	_
14	خود	_	_	_	_
15	را	_	_	_	_
16	در	_	_	_	_
17	پاکت	_	_	_	_
18	شان	_	_	_	_
19	قرار	_	_	_	_
20	داده	_	_	_	_
21	و	_	_	_	_
22	هنری	_	_	_	_
23	از	_	_	_	_
24	خود	_	_	_	_
25	نشان	_	_	_	_
26	دهند	_	_	_	_
27	در	_	_	_	_
28	قرون	_	_	_	_
29	وسطا	_	_	_	_
30	شهرهای	_	_	_	_
31	یزد	_	_	_	_
32	نقرﺓ	_	_	_	_
33	و	_	_	_	_
34	سیمین	_	_	_	_
35	و	_	_	_	_
36	زرین	_	_	_	_
37	بافتﺓ	_	_	_	_
38	ﺓا	_	_	_	_
39	را	_	_	_	_
40	می‌یابند	_	_	_	_
41	.	_	_	_	_

0	کاه	_	_	_	_
1	که	_	_	_	_
2	از	_	_	_	_
3	آههای	_	_	_	_
4	به	_	_	_	_
5	هم	_	_	_	_
6	پیوستﺓ	_	_	_	_
7	بﺓ	_	_	_	_
8	وجود	_	_	_	_
9	آمده	_	_	_	_
10	ارزش	_	_	_	_
11	کاهو	_	_	_	_
12	ندارد	_	_	_	_
13	و	_	_	_	_
14	ما	_	_	_	_
15	به	_	_	_	_
16	صدمین	_	_	_	_
17	لغت	_	_	_	_
18	از	_	_	_	_
19	کلمه‌ها	_	_	_	_
20	و	_	_	_	_
21	لغات	_	_	_	_
22	رسیدیم	_	_	_	_
23	!!	_	_	_	_

0	وتا	_	_	_	_
1	۱۰۰۰	_	_	_	_
2	هابار	_	_	_	_
3	رفتیم	_	_	_	_
4	؟!	_	_	_	_

0	پیراﺓنش	_	_	_	_
1	را	_	_	_	_
2	با	_	_	_	_
3	دارچین	_	_	_	_
4	در	_	_	_	_
5	کابینت	_	_	_	_
6	کﺓ	_	_	_	_
7	جنگندﺔ	_	_	_	_
8	پسرش	_	_	_	_
9	که	_	_	_	_
10	در	_	_	_	_
11	شومینﺔ	_	_	_	_
12	افتاده_بود	_	_	_	_
13	آنجا	_	_	_	_
14	بودگذاریده	_	_	_	_
15	و	_	_	_	_
16	باخمپاره	_	_	_	_
17	نمکدان	_	_	_	_
18	را	_	_	_	_
19	برداشت	_	_	_	_
20	.	_	_	_	_

0	صبحانهبا	_	_	_	_
1	سلیمان	_	_	_	_
2	و	_	_	_	_
3	سیمان	_	_	_	_
4	باقلوا	_	_	_	_
5	بود	_	_	_	_
6	.	_	_	_	_

0	شمعدان	_	_	_	_
1	گردگیری	_	_	_	_
2	شهریور	_	_	_	_
3	سرزمینی	_	_	_	_
4	بی	_	_	_	_
5	نگهبان	_	_	_	_
6	استآیا	_	_	_	_
7	تو	_	_	_	_
8	شلوارکشی	_	_	_	_
9	که	_	_	_	_
10	سیاهرگ	_	_	_	_
11	میبری	_	_	_	_
12	؟	_	_	_	_

0	کهنسالی	_	_	_	_
1	بلندگو	_	_	_	_
2	را	_	_	_	_
3	برداشت	_	_	_	_
4	…	_	_	_	_
5	.	_	_	_	_
6	.	_	_	_	_

0	گلوبند	_	_	_	_
1	را	_	_	_	_
2	دست	_	_	_	_
3	و	_	_	_	_
4	مهتابی	_	_	_	_
5	را	_	_	_	_
6	.	_	_	_	_

0	برد	_	_	_	_
1	و	_	_	_	_
2	سر	_	_	_	_
3	گاومیش	_	_	_	_
4	زدآن	_	_	_	_
5	پسر	_	_	_	_
6	بد	_	_	_	_
7	هی	_	_	_	_
8	بار	_	_	_	_
9	می‌آورد	_	_	_	_
10	.	_	_	_	_

0	پسرک	_	_	_	_
1	هوش	_	_	_	_
2	یار	_	_	_	_
3	را	_	_	_	_
4	می‌سنجید	_	_	_	_
5	سوزن	_	_	_	_
6	بان	_	_	_	_
7	قصه	_	_	_	_
8	بادمجان	_	_	_	_
9	را	_	_	_	_
10	با	_	_	_	_
11	دم	_	_	_	_
12	جانممقایسه	_	_	_	_
13	کرد	_	_	_	_
14	.	_	_	_	_

0	صندوقچه	_	_	_	_
1	را	_	_	_	_
2	درآورد	_	_	_	_
3	صندوقچه	_	_	_	_
4	کاری	_	_	_	_
5	انجام	_	_	_	_
6	میدهد	_	_	_	_
7	؟	_	_	_	_

0	ماهیگیر	_	_	_	_
1	دیگر	_	_	_	_
2	گیرهای	_	_	_	_
3	نداشت	_	_	_	_
4	و	_	_	_	_
5	فرنی	_	_	_	_
6	خود	_	_	_	_
7	را	_	_	_	_
8	حروف	_	_	_	_
9	چین	_	_	_	_
10	کرد	_	_	_	_
11	.	_	_	_	_

0	روزی	_	_	_	_
1	اختاپوست	_	_	_	_
2	خم	_	_	_	_
3	کرد	_	_	_	_
4	.	_	_	_	_

0	جالباسی	_	_	_	_
1	هنرپیشه	_	_	_	_
2	دو	_	_	_	_
3	عنوان	_	_	_	_
4	؟!	_	_	_	_

0	‌	_	_	_	_
1	که	_	_	_	_
2	در	_	_	_	_
3	بست	_	_	_	_
4	به	_	_	_	_
5	آزادی	_	_	_	_
6	می‌روند	_	_	_	_
7	.	_	_	_	_

0	با	_	_	_	_
1	انبردستش	_	_	_	_
2	زخمی	_	_	_	_
3	شد	_	_	_	_
4	پنجشنبﺔ	_	_	_	_
5	روز	_	_	_	_
6	فرماندﺔان	_	_	_	_
7	در	_	_	_	_
8	خاوران	_	_	_	_
9	با	_	_	_	_
10	دوکان	_	_	_	_
11	و	_	_	_	_
12	کتان‌و‌شال	_	_	_	_
13	گردن	_	_	_	_
14	است	_	_	_	_
15	.	_	_	_	_

0	شالیزار	_	_	_	_
1	پر	_	_	_	_
2	از	_	_	_	_
3	بلدرچین	_	_	_	_
4	ﺔای	_	_	_	_
5	کماندار	_	_	_	_
6	دانمارک	_	_	_	_
7	که	_	_	_	_
8	آمده_بودند	_	_	_	_
9	شده_بود	_	_	_	_
10	کﺔ	_	_	_	_
11	چلو	_	_	_	_
12	کباب	_	_	_	_
13	شد	_	_	_	_
14	و	_	_	_	_
15	من	_	_	_	_
16	بﺔ	_	_	_	_
17	ستوان	_	_	_	_
18	نگفتم	_	_	_	_
19	.	_	_	_	_

0	استوانﺔ	_	_	_	_
1	شکل	_	_	_	_
2	بیضی	_	_	_	_
3	دارددد	_	_	_	_
4	.	_	_	_	_
5	.	_	_	_	_

0	رفسنجان	_	_	_	_
1	در	_	_	_	_
2	فسنجان	_	_	_	_
3	فقط	_	_	_	_
4	یک	_	_	_	_
5	را	_	_	_	_
6	کم	_	_	_	_
7	دارد	_	_	_	_
8	.	_	_	_	_

0	مخابره	_	_	_	_
1	و	_	_	_	_
2	مخابرات	_	_	_	_
3	شنوایی	_	_	_	_
4	و	_	_	_	_
5	روشنایی	_	_	_	_
6	در	_	_	_	_
7	شیروانی	_	_	_	_
8	از	_	_	_	_
9	من	_	_	_	_
10	می‌گیرند	_	_	_	_
11	اردوگاه	_	_	_	_
12	درگاهی	_	_	_	_
13	بر	_	_	_	_
14	برای	_	_	_	_
15	کارنامه	_	_	_	_
16	ارزان	_	_	_	_
17	رایانه	_	_	_	_
18	است	_	_	_	_
19	به	_	_	_	_
20	قبرستان	_	_	_	_
21	پیش	_	_	_	_
22	نهادثروتمند	_	_	_	_
23	سرخ	_	_	_	_
24	پوست	_	_	_	_
25	سرسخت	_	_	_	_
26	کلاه	_	_	_	_
27	خود	_	_	_	_
28	خود	_	_	_	_
29	را	_	_	_	_
30	در	_	_	_	_
31	داشبورد	_	_	_	_
32	گارانتی	_	_	_	_
33	کرد	_	_	_	_
34	این	_	_	_	_
35	سنگاپور	_	_	_	_
36	علیست	_	_	_	_
37	چون	_	_	_	_
38	او	_	_	_	_
39	همیشه‌ام	_	_	_	_
40	.	_	_	_	_

0	ار	_	_	_	_
1	.	_	_	_	_

0	ای	_	_	_	_
1	اش	_	_	_	_
2	را	_	_	_	_
3	در	_	_	_	_
4	بیمارستان	_	_	_	_
5	اغول	_	_	_	_
6	.	_	_	_	_

0	باغول	_	_	_	_
1	.	_	_	_	_

0	دیغ	_	_	_	_
1	از	_	_	_	_
2	۱۰	_	_	_	_
3	٫۵	_	_	_	_
4	سال	_	_	_	_
5	پیش	_	_	_	_
6	تا	_	_	_	_
7	به	_	_	_	_
8	حال	_	_	_	_
9	که	_	_	_	_
10	شده	_	_	_	_
11	۱۲	_	_	_	_
12	ونیم	_	_	_	_
13	سال	_	_	_	_
14	می‌گیرد	_	_	_	_
15	.	_	_	_	_
16	.	_	_	_	_

0	قلم	_	_	_	_
1	کاری	_	_	_	_
2	برای	_	_	_	_
3	قطعنامه	_	_	_	_
4	مثل	_	_	_	_
5	بادبزن	_	_	_	_
6	برای	_	_	_	_
7	بند	_	_	_	_
8	باز	_	_	_	_
9	هخامنشی	_	_	_	_
10	و	_	_	_	_
11	هر	_	_	_	_
12	دو	_	_	_	_
13	همانند	_	_	_	_
14	است	_	_	_	_
15	.	_	_	_	_

0	ورزشکار	_	_	_	_
1	آرامبخش	_	_	_	_
2	بسکتبال	_	_	_	_
3	و	_	_	_	_
4	بسکتکار	_	_	_	_
5	پیشکسوت	_	_	_	_
6	میگراید	_	_	_	_
7	.	_	_	_	_

0	سیلن	_	_	_	_
1	در	_	_	_	_
2	آن	_	_	_	_
3	کار	_	_	_	_
4	میکند	_	_	_	_
5	.	_	_	_	_

0	بندباز	_	_	_	_
1	منشی	_	_	_	_
2	عجیب	_	_	_	_
3	داشت	_	_	_	_
4	.	_	_	_	_

0	اینجانب	_	_	_	_
1	امیدوارم	_	_	_	_
2	خنده	_	_	_	_
3	بور	_	_	_	_
4	شده_باشیم	_	_	_	_
5	نه	_	_	_	_
6	خنده	_	_	_	_
7	بر	_	_	_	_
8	یا	_	_	_	_
9	خندهبر	_	_	_	_
10	یا	_	_	_	_
11	خنده‌بر	_	_	_	_
12	یا	_	_	_	_
13	هرکدام	_	_	_	_
14	.	_	_	_	_

0	از	_	_	_	_
1	آن‌جا	_	_	_	_
2	آنجا	_	_	_	_
3	برای	_	_	_	_
4	ﺓمه‌ی	_	_	_	_
5	ما	_	_	_	_
6	مشخص	_	_	_	_
7	است	_	_	_	_
8	در	_	_	_	_
9	این	_	_	_	_
10	جملات	_	_	_	_
11	نیز	_	_	_	_
12	مانند	_	_	_	_
13	استاندارد	_	_	_	_
14	نباید	_	_	_	_
15	استان	_	_	_	_
16	دارد	_	_	_	_
17	و	_	_	_	_
18	استان‌دارد	_	_	_	_
19	اشتباه	_	_	_	_
20	بنویسیمم	_	_	_	_
21	.	_	_	_	_

0	هم	_	_	_	_
1	چنین	_	_	_	_
2	نباید	_	_	_	_
3	هم‌چنین	_	_	_	_
4	کرد	_	_	_	_
5	کﺓ	_	_	_	_
6	کلمات‌مانند‌این‌قسمت‌اینطور‌پشت‌به‌پشت‌هم‌باشد	_	_	_	_
7	.	_	_	_	_

0	با	_	_	_	_
1	تمام	_	_	_	_
2	این	_	_	_	_
3	تفاسیر	_	_	_	_
4	؟!	_	_	_	_

0	‌	_	_	_	_
1	قلط	_	_	_	_
2	املایی	_	_	_	_
3	هم	_	_	_	_
4	خود	_	_	_	_
5	عجیب	_	_	_	_
6	قریب	_	_	_	_
7	شده_است	_	_	_	_
8	!	_	_	_	_

0	.	_	_	_	_

0	در	_	_	_	_
1	این	_	_	_	_
2	متن	_	_	_	_
3	غلط	_	_	_	_
4	املایی	_	_	_	_
5	هم	_	_	_	_
6	هست	_	_	_	_
7	.	_	_	_	_

0	نمیدونیم	_	_	_	_
1	چرا	_	_	_	_
2	؟	_	_	_	_
3	.	_	_	_	_
4	!	_	_	_	_

0	در	_	_	_	_
1	این	_	_	_	_
2	متن	_	_	_	_
3	ه	_	_	_	_
4	ها	_	_	_	_
5	و	_	_	_	_
6	ک	_	_	_	_
7	ها	_	_	_	_
8	و	_	_	_	_
9	ی	_	_	_	_
10	ها	_	_	_	_
11	در	_	_	_	_
12	مدل‌های	_	_	_	_
13	مختلف	_	_	_	_
14	به	_	_	_	_
15	در	_	_	_	_
16	واحد	_	_	_	_
17	بررسی	_	_	_	_
18	به	_	_	_	_
19	اختصار	_	_	_	_
20	ی	_	_	_	_
21	.	_	_	_	_

0	ک	_	_	_	_
1	.	_	_	_	_

0	ه	_	_	_	_
1	حضور	_	_	_	_
2	دارند	_	_	_	_
3	.	_	_	_	_

0	در	_	_	_	_
1	این	_	_	_	_
2	متن	_	_	_	_
3	اسپیس	_	_	_	_
4	و	_	_	_	_
5	فاصله	_	_	_	_
6	أصلا	_	_	_	_
7	خراب‌هستند	_	_	_	_
8	به	_	_	_	_
9	دفعات	_	_	_	_
10	.	_	_	_	_

0	در	_	_	_	_
1	این	_	_	_	_
2	متن	_	_	_	_
3	نقطه	_	_	_	_
4	یعنی	_	_	_	_
5	همین	_	_	_	_
6	.	_	_	_	_

0	أصلا	_	_	_	_
1	معلوم	_	_	_	_
2	نیست	_	_	_	_
3	چه	_	_	_	_
4	چیزی	_	_	_	_
5	می‌گوید	_	_	_	_
6	در	_	_	_	_
7	این	_	_	_	_
8	متن	_	_	_	_
9	علایم	_	_	_	_
10	و	_	_	_	_
11	علائم	_	_	_	_
12	نگارشی	_	_	_	_
13	معنا	_	_	_	_
14	ندارد	_	_	_	_
15	.	_	_	_	_

0	حال	_	_	_	_
1	برای	_	_	_	_
2	بررسی	_	_	_	_
3	کلمات	_	_	_	_
4	دیگر	_	_	_	_
5	به	_	_	_	_
6	چند	_	_	_	_
7	نمونه	_	_	_	_
8	از	_	_	_	_
9	سری	_	_	_	_
10	عبارات	_	_	_	_
11	دیگگگر	_	_	_	_
12	روی	_	_	_	_
13	می‌آوریم	_	_	_	_
14	که	_	_	_	_
15	تاریخ	_	_	_	_
16	دارند	_	_	_	_
17	!	_	_	_	_
18	؛	_	_	_	_

0	من	_	_	_	_
1	و	_	_	_	_
2	دوستم	_	_	_	_
3	در	_	_	_	_
4	تاریخ	_	_	_	_
5	۱۲	_	_	_	_
6	٫	_	_	_	_
7	۳.۹۷	_	_	_	_
8	یا	_	_	_	_
9	شاید	_	_	_	_
10	۹۷	_	_	_	_
11	٫	_	_	_	_
12	۱۲	_	_	_	_
13	٫۳	_	_	_	_
14	که	_	_	_	_
15	در	_	_	_	_
16	یاد	_	_	_	_
17	ندارم	_	_	_	_
18	به	_	_	_	_
19	یک	_	_	_	_
20	مغازه	_	_	_	_
21	رفتیم	_	_	_	_
22	که	_	_	_	_
23	۱۲	_	_	_	_
24	٫۵	_	_	_	_
25	بشقاب	_	_	_	_
26	بخریم	_	_	_	_
27	.	_	_	_	_

0	دوستم	_	_	_	_
1	در	_	_	_	_
2	همان	_	_	_	_
3	وضعیت	_	_	_	_
4	در	_	_	_	_
5	۱۲/۵/۱۳۹۷	_	_	_	_
6	باز	_	_	_	_
7	به	_	_	_	_
8	مغازه	_	_	_	_
9	مذکور	_	_	_	_
10	مراجعه	_	_	_	_
11	کرد	_	_	_	_
12	!!!!!!!	_	_	_	_

0	به	_	_	_	_
1	دوست	_	_	_	_
2	خود	_	_	_	_
3	گفتم	_	_	_	_
4	چرا	_	_	_	_
5	۱۳۹۷/۵/۱۲	_	_	_	_
6	نرفتی	_	_	_	_
7	که	_	_	_	_
8	گفت	_	_	_	_
9	به	_	_	_	_
10	تو	_	_	_	_
11	چه	_	_	_	_
12	!!!!!؟	_	_	_	_

0	من	_	_	_	_
1	هم	_	_	_	_
2	که	_	_	_	_
3	ناراحت	_	_	_	_
4	بودم	_	_	_	_
5	در	_	_	_	_
6	حساب	_	_	_	_
7	بانکی	_	_	_	_
8	ام	_	_	_	_
9	به	_	_	_	_
10	شماره	_	_	_	_
11	۴۳۵	_	_	_	_
12	،	_	_	_	_
13	۲۳	_	_	_	_
14	،	_	_	_	_
15	۲۴۲۳۴۲۵	_	_	_	_
16	۱۲	_	_	_	_
17	،	_	_	_	_
18	۱۲۳۱۴	_	_	_	_
19	،	_	_	_	_
20	۱۲۳۱۲	_	_	_	_
21	تومان	_	_	_	_
22	پول	_	_	_	_
23	ریختم	_	_	_	_
24	بعد	_	_	_	_
25	رفتم	_	_	_	_
26	و	_	_	_	_
27	۱۲۳	_	_	_	_
28	٫	_	_	_	_
29	۱۲۳	_	_	_	_
30	٫	_	_	_	_
31	۲۳۵.	_	_	_	_

0	۳۴۵	_	_	_	_
1	٫	_	_	_	_
2	۳۴۵	_	_	_	_
3	را	_	_	_	_
4	که	_	_	_	_
5	به	_	_	_	_
6	﷼	_	_	_	_
7	بود	_	_	_	_
8	به	_	_	_	_
9	دلار	_	_	_	_
10	کردم	_	_	_	_
11	شد	_	_	_	_
12	۲‌$	_	_	_	_
13	و	_	_	_	_
14	از	_	_	_	_
15	تعجب	_	_	_	_
16	بی‌هوش	_	_	_	_
17	شدم	_	_	_	_
18	!	_	_	_	_

0	در	_	_	_	_
1	همین	_	_	_	_
2	حین	_	_	_	_
3	فکر	_	_	_	_
4	کردم	_	_	_	_
5	شاید	_	_	_	_
6	بهتر	_	_	_	_
7	بود	_	_	_	_
8	و	_	_	_	_
9	۱۲۳	_	_	_	_
10	،	_	_	_	_
11	۱۲۳	_	_	_	_
12	،	_	_	_	_
13	۲۳۵	_	_	_	_
14	،	_	_	_	_
15	۳۴۵	_	_	_	_
16	،	_	_	_	_
17	۳۴۵	_	_	_	_
18	تومان	_	_	_	_
19	را	_	_	_	_
20	آدامس	_	_	_	_
21	می‌خریدم	_	_	_	_
22	!	_	_	_	_

0	اما	_	_	_	_
1	متوجه	_	_	_	_
2	شدم	_	_	_	_
3	بهترین	_	_	_	_
4	کار	_	_	_	_
5	آنست	_	_	_	_
6	که	_	_	_	_
7	و	_	_	_	_
8	۱۲۳/۱۲۳/۲۳۵/	_	_	_	_
9	۳۴۵/۳۴۵	_	_	_	_
10	﷼	_	_	_	_
11	را	_	_	_	_
12	به	_	_	_	_
13	دوست	_	_	_	_
14	دیگرم	_	_	_	_
15	که	_	_	_	_
16	۱۲۳/۱۲۳/۲۳۵/	_	_	_	_
17	۳۴۵/۳۴۵	_	_	_	_
18	﷼	_	_	_	_
19	می‌خواهد	_	_	_	_
20	بدهم	_	_	_	_
21	و	_	_	_	_
22	همین	_	_	_	_
23	شد	_	_	_	_
24	که	_	_	_	_
25	برگشتم	_	_	_	_
26	و	_	_	_	_
27	دلار	_	_	_	_
28	خود	_	_	_	_
29	را	_	_	_	_
30	ریال	_	_	_	_
31	کردم	_	_	_	_
32	اما	_	_	_	_
33	باز	_	_	_	_
34	به	_	_	_	_
35	من	_	_	_	_
36	۲٫۵	_	_	_	_
37	میلیون	_	_	_	_
38	﷼	_	_	_	_
39	دادند	_	_	_	_
40	و	_	_	_	_
41	بقیه	_	_	_	_
42	را	_	_	_	_
43	با	_	_	_	_
44	کلاهم	_	_	_	_
45	برداشتند	_	_	_	_
46	و	_	_	_	_
47	بردند	_	_	_	_
48	!	_	_	_	_

0	حالا	_	_	_	_
1	من	_	_	_	_
2	با	_	_	_	_
3	۲	_	_	_	_
4	،	_	_	_	_
5	۵	_	_	_	_
6	میلیون	_	_	_	_
7	﷼	_	_	_	_
8	که	_	_	_	_
9	می‌شود	_	_	_	_
10	۰/۲۵	_	_	_	_
11	یا	_	_	_	_
12	۲۵/۰	_	_	_	_
13	میلیون	_	_	_	_
14	تومان	_	_	_	_
15	دیگر	_	_	_	_
16	کاری	_	_	_	_
17	نمی‌توانم	_	_	_	_
18	انجام	_	_	_	_
19	بدهم	_	_	_	_
20	.	_	_	_	_

0	به	_	_	_	_
1	خانه	_	_	_	_
2	رفتم	_	_	_	_
3	و	_	_	_	_
4	دومینو	_	_	_	_
5	را	_	_	_	_
6	برداشتم	_	_	_	_
7	در	_	_	_	_
8	آشپزخانه	_	_	_	_
9	تاس	_	_	_	_
10	کباب	_	_	_	_
11	را	_	_	_	_
12	با	_	_	_	_
13	زخم	_	_	_	_
14	زبان	_	_	_	_
15	و	_	_	_	_
16	سیرابی	_	_	_	_
17	درست	_	_	_	_
18	کردم	_	_	_	_
19	.	_	_	_	_

0	با	_	_	_	_
1	وجود	_	_	_	_
2	چین	_	_	_	_
3	و	_	_	_	_
4	چروک	_	_	_	_
5	بسیار	_	_	_	_
6	فیلم	_	_	_	_
7	ماتریکس	_	_	_	_
8	را	_	_	_	_
9	که	_	_	_	_
10	موجوداتی	_	_	_	_
11	عجیب	_	_	_	_
12	در	_	_	_	_
13	آن	_	_	_	_
14	بودند	_	_	_	_
15	گذاشتم	_	_	_	_
16	و	_	_	_	_
17	مشغول	_	_	_	_
18	دیدن	_	_	_	_
19	هفتیر	_	_	_	_
20	کش‌ها	_	_	_	_
21	شدم	_	_	_	_
22	روی	_	_	_	_
23	گاز	_	_	_	_
24	چای	_	_	_	_
25	گل	_	_	_	_
26	گاوزبان	_	_	_	_
27	دم	_	_	_	_
28	کرده_بود	_	_	_	_
29	.	_	_	_	_

0	و	_	_	_	_
1	روی	_	_	_	_
2	میز	_	_	_	_
3	شیر	_	_	_	_
4	تو	_	_	_	_
5	شیر	_	_	_	_
6	و	_	_	_	_
7	پر	_	_	_	_
8	از	_	_	_	_
9	خیار	_	_	_	_
10	مجلسی	_	_	_	_
11	و	_	_	_	_
12	در	_	_	_	_
13	کنار	_	_	_	_
14	موز	_	_	_	_
15	مار	_	_	_	_
16	قرار	_	_	_	_
17	داشت	_	_	_	_
18	.	_	_	_	_

0	سررسید	_	_	_	_
1	بدهکاریهایم	_	_	_	_
2	از	_	_	_	_
3	بیکاری	_	_	_	_
4	زیاد	_	_	_	_
5	و	_	_	_	_
6	رودربایستی	_	_	_	_
7	با	_	_	_	_
8	کسانی	_	_	_	_
9	که	_	_	_	_
10	به	_	_	_	_
11	آنها	_	_	_	_
12	پول	_	_	_	_
13	قرض	_	_	_	_
14	داده_بودم	_	_	_	_
15	سر	_	_	_	_
16	رسیده_بود	_	_	_	_
17	.	_	_	_	_

0	برای	_	_	_	_
1	خود	_	_	_	_
2	که	_	_	_	_
3	از	_	_	_	_
4	گذشته	_	_	_	_
5	قبر	_	_	_	_
6	ی	_	_	_	_
7	کنده	_	_	_	_
8	بودم	_	_	_	_
9	اما	_	_	_	_
10	در	_	_	_	_
11	آن	_	_	_	_
12	گور	_	_	_	_
13	خری	_	_	_	_
14	خوابیده_بود	_	_	_	_
15	.	_	_	_	_

0	پیتزا	_	_	_	_
1	را	_	_	_	_
2	خریدم	_	_	_	_
3	و	_	_	_	_
4	روی	_	_	_	_
5	ان	_	_	_	_
6	سس	_	_	_	_
7	خر	_	_	_	_
8	دل	_	_	_	_
9	بر	_	_	_	_
10	رویش	_	_	_	_
11	نون	_	_	_	_
12	کنجدی	_	_	_	_
13	جا	_	_	_	_
14	خوش	_	_	_	_
15	کرده_بود	_	_	_	_
16	.	_	_	_	_

0	شروع	_	_	_	_
1	به	_	_	_	_
2	درست	_	_	_	_
3	کردن	_	_	_	_
4	کاردستی‌های	_	_	_	_
5	عجیب	_	_	_	_
6	کردم	_	_	_	_
7	.	_	_	_	_

0	کتاب	_	_	_	_
1	حیدر	_	_	_	_
2	بابا	_	_	_	_
3	در	_	_	_	_
4	کتابخانه	_	_	_	_
5	خاک	_	_	_	_
6	گرفته_بود	_	_	_	_
7	،	_	_	_	_
8	،	_	_	_	_
9	آخرین	_	_	_	_
10	بار	_	_	_	_
11	آن	_	_	_	_
12	را	_	_	_	_
13	از	_	_	_	_
14	یک	_	_	_	_
15	آب	_	_	_	_
16	زیر	_	_	_	_
17	کاه	_	_	_	_
18	لیموزین	_	_	_	_
19	سوار	_	_	_	_
20	گرفتم	_	_	_	_
21	.	_	_	_	_

0	بعضی	_	_	_	_
1	می‌گویند	_	_	_	_
2	در	_	_	_	_
3	ماهشهر	_	_	_	_
4	پرچین	_	_	_	_
5	و	_	_	_	_
6	چهارچوب	_	_	_	_
7	وجود	_	_	_	_
8	ندارد	_	_	_	_
9	و	_	_	_	_
10	برخی	_	_	_	_
11	دنبال	_	_	_	_
12	ستاره	_	_	_	_
13	دنباله	_	_	_	_
14	دار	_	_	_	_
15	در	_	_	_	_
16	به	_	_	_	_
17	در	_	_	_	_
18	شدندولی	_	_	_	_
19	من	_	_	_	_
20	شنیدم	_	_	_	_
21	«	_	_	_	_
22	دود	_	_	_	_
23	از	_	_	_	_
24	کنده	_	_	_	_
25	بلند	_	_	_	_
26	میشه	_	_	_	_
27	»	_	_	_	_
28	(	_	_	_	_
29	عجیب‌به‌نظر	_	_	_	_
30	می‌آید	_	_	_	_
31	)	_	_	_	_
32	.	_	_	_	_

0	راستی	_	_	_	_
1	برای	_	_	_	_
2	ارقام	_	_	_	_
3	عربی	_	_	_	_
4	دقت	_	_	_	_
5	کنید	_	_	_	_
6	که	_	_	_	_
7	به	_	_	_	_
8	قسمت	_	_	_	_
9	تنظیمات	_	_	_	_
10	ورد	_	_	_	_
11	بروید	_	_	_	_
12	.	_	_	_	_

0	برای	_	_	_	_
1	این	_	_	_	_
2	کار	_	_	_	_
3	:	_	_	_	_
4	در	_	_	_	_
5	ورد	_	_	_	_
6	۲۰۱۰:	_	_	_	_
7	روی	_	_	_	_
8	نوار	_	_	_	_
9	File	_	_	_	_
10	کلیک	_	_	_	_
11	کنید	_	_	_	_
12	،	_	_	_	_
13	و	_	_	_	_
14	از	_	_	_	_
15	منوی	_	_	_	_
16	سمت	_	_	_	_
17	چپ	_	_	_	_
18	،	_	_	_	_
19	را	_	_	_	_
20	انتخاب	_	_	_	_
21	کنید	_	_	_	_
22	.	_	_	_	_

0	در	_	_	_	_
1	ورد	_	_	_	_
2	۲۰۰۷:	_	_	_	_
3	روی	_	_	_	_
4	آیکون	_	_	_	_
5	گرد	_	_	_	_
6	آفیس	_	_	_	_
7	در	_	_	_	_
8	سمت	_	_	_	_
9	بالا-چپ	_	_	_	_
10	کلیک	_	_	_	_
11	کنید	_	_	_	_
12	و	_	_	_	_
13	از	_	_	_	_
14	منوی	_	_	_	_
15	باز	_	_	_	_
16	شده	_	_	_	_
17	،	_	_	_	_
18	از	_	_	_	_
19	پایین	_	_	_	_
20	منو	_	_	_	_
21	،	_	_	_	_
22	دکمه‌ی	_	_	_	_
23	را	_	_	_	_
24	انتخاب	_	_	_	_
25	کنید	_	_	_	_
26	.	_	_	_	_

0	در	_	_	_	_
1	ورد	_	_	_	_
2	۲۰۰۳:	_	_	_	_
3	از	_	_	_	_
4	منوی	_	_	_	_
5	بالا	_	_	_	_
6	را	_	_	_	_
7	انتخاب	_	_	_	_
8	کنید	_	_	_	_
9	.	_	_	_	_

0	اینم	_	_	_	_
1	که	_	_	_	_
2	اینجا	_	_	_	_
3	میبینی	_	_	_	_
4	یه	_	_	_	_
5	سری	_	_	_	_
6	از	_	_	_	_
7	نمونه	_	_	_	_
8	اعداده	_	_	_	_
9	که	_	_	_	_
10	من	_	_	_	_
11	براتون	_	_	_	_
12	گذاشتم	_	_	_	_
13	حالشو	_	_	_	_
14	ببرین	_	_	_	_
15	هورااااا	_	_	_	_
16	*	_	_	_	_
17	٠	_	_	_	_
18	۰	_	_	_	_
19	١	_	_	_	_
20	۱	_	_	_	_
21	٢	_	_	_	_
22	۲	_	_	_	_
23	٣	_	_	_	_
24	۳	_	_	_	_
25	٤	_	_	_	_
26	۳	_	_	_	_
27	۴	_	_	_	_
28	٥	_	_	_	_
29	۵	_	_	_	_
30	٦	_	_	_	_
31	۶	_	_	_	_
32	٧	_	_	_	_
33	۳	_	_	_	_
34	۷	_	_	_	_
35	٨	_	_	_	_
36	۸	_	_	_	_
37	٩	_	_	_	_
38	۳	_	_	_	_
39	۹	_	_	_	_
40	١٠	_	_	_	_
41	۳	_	_	_	_
42	۱۰	_	_	_	_

