0	در	_	_	_	_
1	شب	_	_	_	_
2	شبنم	_	_	_	_
3	نم	_	_	_	_
4	نم	_	_	_	_
5	نم	_	_	_	_
6	را	_	_	_	_
7	بر	_	_	_	_
8	تن	_	_	_	_
9	گلبرگ	_	_	_	_
10	پوشاند	_	_	_	_
11	.	_	_	_	_

0	سخنان	_	_	_	_
1	خاطر	_	_	_	_
2	پریشان	_	_	_	_
3	خاطرم	_	_	_	_
4	را	_	_	_	_
5	پریشان	_	_	_	_
6	می‌کند	_	_	_	_
7	.	_	_	_	_

0	به	_	_	_	_
1	خاطر	_	_	_	_
2	زیادی	_	_	_	_
3	رویش	_	_	_	_
4	رویش	_	_	_	_
5	از	_	_	_	_
6	رویش	_	_	_	_
7	ریش	_	_	_	_
8	کم	_	_	_	_
9	شد	_	_	_	_
10	.	_	_	_	_

0	دانه	_	_	_	_
1	دانست	_	_	_	_
2	که	_	_	_	_
3	دانه	_	_	_	_
4	ست	_	_	_	_
5	و	_	_	_	_
6	می‌روید	_	_	_	_
7	که	_	_	_	_
8	به	_	_	_	_
9	زیر	_	_	_	_
10	رفت	_	_	_	_
11	شما	_	_	_	_
12	چرا	_	_	_	_
13	می‌روید	_	_	_	_
14	.	_	_	_	_

0	بی	_	_	_	_
1	تا	_	_	_	_
2	بی	_	_	_	_
3	تابی	_	_	_	_
4	می‌کرد	_	_	_	_
5	چون	_	_	_	_
6	بی	_	_	_	_
7	تا	_	_	_	_
8	نبود	_	_	_	_
9	.	_	_	_	_

0	سه	_	_	_	_
1	تا	_	_	_	_
2	سه	_	_	_	_
3	تا	_	_	_	_
4	سه	_	_	_	_
5	تار	_	_	_	_
6	سه	_	_	_	_
7	تار	_	_	_	_
8	را	_	_	_	_
9	برداشت	_	_	_	_
10	.	_	_	_	_

0	شهره	_	_	_	_
1	شهره	_	_	_	_
2	شهر	_	_	_	_
3	است	_	_	_	_
4	.	_	_	_	_

0	در	_	_	_	_
1	این	_	_	_	_
2	درگه	_	_	_	_
3	که	_	_	_	_
4	گه	_	_	_	_
5	گه	_	_	_	_
6	که	_	_	_	_
7	که	_	_	_	_
8	و	_	_	_	_
9	که	_	_	_	_
10	که	_	_	_	_
11	شود	_	_	_	_
12	ناگه	_	_	_	_
13	مشو	_	_	_	_
14	غره	_	_	_	_
15	به	_	_	_	_
16	امروزت	_	_	_	_
17	که	_	_	_	_
18	از	_	_	_	_
19	فردا	_	_	_	_
20	نه	_	_	_	_
21	ایی	_	_	_	_
22	آگه	_	_	_	_
23	.	_	_	_	_

0	تو	_	_	_	_
1	خود	_	_	_	_
2	ناگه	_	_	_	_
3	وصالم	_	_	_	_
4	داده	_	_	_	_
5	ایی	_	_	_	_
6	بر	_	_	_	_
7	درگه	_	_	_	_
8	فضلت	_	_	_	_
9	که	_	_	_	_
10	گه	_	_	_	_
11	گه	_	_	_	_
12	دل	_	_	_	_
13	کجا	_	_	_	_
14	آگه	_	_	_	_
15	شود	_	_	_	_
16	از	_	_	_	_
17	در	_	_	_	_
18	گهت	_	_	_	_
19	هر	_	_	_	_
20	گه	_	_	_	_
21	.	_	_	_	_

0	صدیقه	_	_	_	_
1	صدیقه	_	_	_	_
2	دوخت	_	_	_	_
3	.	_	_	_	_

0	آنقدر	_	_	_	_
1	بست	_	_	_	_
2	نشست	_	_	_	_
3	تا	_	_	_	_
4	آب	_	_	_	_
5	را	_	_	_	_
6	بست	_	_	_	_
7	.	_	_	_	_

0	دوش	_	_	_	_
1	دوشش	_	_	_	_
2	را	_	_	_	_
3	بست	_	_	_	_
4	و	_	_	_	_
5	بر	_	_	_	_
6	دوشش	_	_	_	_
7	گذاشت	_	_	_	_
8	و	_	_	_	_
9	گاو	_	_	_	_
10	را	_	_	_	_
11	دوشید	_	_	_	_
12	.	_	_	_	_

0	مه	_	_	_	_
1	مه	_	_	_	_
2	را	_	_	_	_
3	مهار	_	_	_	_
4	کرد	_	_	_	_
5	.	_	_	_	_

0	ما	_	_	_	_
1	زیاد	_	_	_	_
2	زیاد	_	_	_	_
3	می‌رویم	_	_	_	_
4	.	_	_	_	_

0	پرسید	_	_	_	_
1	برای	_	_	_	_
2	شام	_	_	_	_
3	چه	_	_	_	_
4	شامی	_	_	_	_
5	داریم	_	_	_	_
6	گفتم	_	_	_	_
7	شامی	_	_	_	_
8	.	_	_	_	_

0	با	_	_	_	_
1	صدای	_	_	_	_
2	بلند	_	_	_	_
3	آواز	_	_	_	_
4	سرداد	_	_	_	_
5	که	_	_	_	_
6	هوای	_	_	_	_
7	سرد	_	_	_	_
8	سردرد	_	_	_	_
9	می‌آورد	_	_	_	_
10	.	_	_	_	_

0	سبک	_	_	_	_
1	سبکی	_	_	_	_
2	را	_	_	_	_
3	برای	_	_	_	_
4	نوشتن	_	_	_	_
5	دارد	_	_	_	_
6	.	_	_	_	_

0	شعر	_	_	_	_
1	را	_	_	_	_
2	از	_	_	_	_
3	بر	_	_	_	_
4	خواند	_	_	_	_
5	.	_	_	_	_

0	به	_	_	_	_
1	را	_	_	_	_
2	خورد	_	_	_	_
3	و	_	_	_	_
4	گفت	_	_	_	_
5	به	_	_	_	_
6	به	_	_	_	_
7	به	_	_	_	_
8	این	_	_	_	_
9	به	_	_	_	_
10	!	_	_	_	_

0	درست	_	_	_	_
1	درست	_	_	_	_
2	را	_	_	_	_
3	بخوان	_	_	_	_
4	.	_	_	_	_

0	چوب	_	_	_	_
1	خط	_	_	_	_
2	خطی	_	_	_	_
3	پر	_	_	_	_
4	از	_	_	_	_
5	چوب	_	_	_	_
6	خط	_	_	_	_
7	بود	_	_	_	_
8	.	_	_	_	_

0	چهار	_	_	_	_
1	پایان	_	_	_	_
2	پایان	_	_	_	_
3	راه	_	_	_	_
4	را	_	_	_	_
5	پاییدند	_	_	_	_
6	.	_	_	_	_

0	یک	_	_	_	_
1	فرد	_	_	_	_
2	با	_	_	_	_
3	لباس	_	_	_	_
4	راه	_	_	_	_
5	راه	_	_	_	_
6	راه	_	_	_	_
7	بندان	_	_	_	_
8	به	_	_	_	_
9	راه	_	_	_	_
10	انداخته_بود	_	_	_	_
11	.	_	_	_	_

0	نم	_	_	_	_
1	نمک	_	_	_	_
2	نمک	_	_	_	_
3	را	_	_	_	_
4	به	_	_	_	_
5	غذا	_	_	_	_
6	اضافه	_	_	_	_
7	کن	_	_	_	_
8	.	_	_	_	_

0	چون	_	_	_	_
1	هوا	_	_	_	_
2	تاریک	_	_	_	_
3	است	_	_	_	_
4	در	_	_	_	_
5	بامداد	_	_	_	_
6	بامداد	_	_	_	_
7	بنویس	_	_	_	_
8	تا	_	_	_	_
9	بتوانی	_	_	_	_
10	با	_	_	_	_
11	پاک	_	_	_	_
12	کن	_	_	_	_
13	آن	_	_	_	_
14	را	_	_	_	_
15	پاک	_	_	_	_
16	کنی	_	_	_	_
17	.	_	_	_	_

0	از	_	_	_	_
1	بس	_	_	_	_
2	به	_	_	_	_
3	من	_	_	_	_
4	گفت	_	_	_	_
5	نترس	_	_	_	_
6	!	_	_	_	_

0	تا	_	_	_	_
1	من	_	_	_	_
2	نترس	_	_	_	_
3	به	_	_	_	_
4	بار	_	_	_	_
5	آمدم	_	_	_	_
6	.	_	_	_	_

0	حس	_	_	_	_
1	کردم	_	_	_	_
2	دستم	_	_	_	_
3	بی	_	_	_	_
4	حس	_	_	_	_
5	شده_است	_	_	_	_
6	.	_	_	_	_

0	گزیده	_	_	_	_
1	حرفش	_	_	_	_
2	این	_	_	_	_
3	بود	_	_	_	_
4	که	_	_	_	_
5	ما	_	_	_	_
6	را	_	_	_	_
7	مار	_	_	_	_
8	گزیده	_	_	_	_
9	است	_	_	_	_
10	.	_	_	_	_

0	با	_	_	_	_
1	گویش	_	_	_	_
2	خاصی	_	_	_	_
3	گفت	_	_	_	_
4	گویش	_	_	_	_
5	را	_	_	_	_
6	بردار	_	_	_	_
7	.	_	_	_	_

0	با	_	_	_	_
1	آن	_	_	_	_
2	که	_	_	_	_
3	اتاق	_	_	_	_
4	سوت	_	_	_	_
5	و	_	_	_	_
6	کور	_	_	_	_
7	بود	_	_	_	_
8	باز	_	_	_	_
9	هم	_	_	_	_
10	صدایی	_	_	_	_
11	شنیده_نمی‌شد	_	_	_	_
12	.	_	_	_	_

0	قدم	_	_	_	_
1	قدم	_	_	_	_
2	جلو	_	_	_	_
3	رفتم	_	_	_	_
4	و	_	_	_	_
5	قدم	_	_	_	_
6	را	_	_	_	_
7	خم	_	_	_	_
8	کردم	_	_	_	_
9	.	_	_	_	_

0	سرو	_	_	_	_
1	صورتش	_	_	_	_
2	را	_	_	_	_
3	سایه	_	_	_	_
4	انداخته_بود	_	_	_	_
5	.	_	_	_	_

0	یک	_	_	_	_
1	ماهی	_	_	_	_
2	ماهی	_	_	_	_
3	چندین	_	_	_	_
4	لیتر	_	_	_	_
5	آب	_	_	_	_
6	می‌خورد	_	_	_	_
7	.	_	_	_	_

0	سراسیمه	_	_	_	_
1	گفت	_	_	_	_
2	کی	_	_	_	_
3	برد	_	_	_	_
4	را	_	_	_	_
5	کی	_	_	_	_
6	برد	_	_	_	_
7	؟	_	_	_	_

0	به	_	_	_	_
1	پایان	_	_	_	_
2	آمد	_	_	_	_
3	این	_	_	_	_
4	دفتر	_	_	_	_
5	حکایت	_	_	_	_
6	همچنان	_	_	_	_
7	باقیست	_	_	_	_
8	.	_	_	_	_

0	هرچه	_	_	_	_
1	در	_	_	_	_
2	سر	_	_	_	_
3	داشت	_	_	_	_
4	را	_	_	_	_
5	به	_	_	_	_
6	کار	_	_	_	_
7	گرفت	_	_	_	_
8	.	_	_	_	_

0	مادر	_	_	_	_
1	بی	_	_	_	_
2	تو	_	_	_	_
3	مادرمانده‌ایم	_	_	_	_
4	.	_	_	_	_

0	با	_	_	_	_
1	هر	_	_	_	_
2	که	_	_	_	_
3	گشتم	_	_	_	_
4	دیوانه	_	_	_	_
5	گشتم	_	_	_	_
6	.	_	_	_	_

0	حالا	_	_	_	_
1	که	_	_	_	_
2	خوب	_	_	_	_
3	فکر	_	_	_	_
4	می‌کنم	_	_	_	_
5	او	_	_	_	_
6	پر	_	_	_	_
7	بی	_	_	_	_
8	راه	_	_	_	_
9	نمی‌گفت	_	_	_	_
10	.	_	_	_	_

0	با	_	_	_	_
1	تکان	_	_	_	_
2	دادن	_	_	_	_
3	لب	_	_	_	_
4	لب	_	_	_	_
5	کلام	_	_	_	_
6	را	_	_	_	_
7	گفت	_	_	_	_
8	.	_	_	_	_

0	او	_	_	_	_
1	را	_	_	_	_
2	ضمیر	_	_	_	_
3	ناخود	_	_	_	_
4	آگاهش	_	_	_	_
5	آگاهش	_	_	_	_
6	کرد	_	_	_	_
7	.	_	_	_	_

0	او	_	_	_	_
1	خودکار	_	_	_	_
2	خودکار	_	_	_	_
3	خودکارش	_	_	_	_
4	را	_	_	_	_
5	انجام	_	_	_	_
6	می‌داد	_	_	_	_
7	.	_	_	_	_

0	دزد	_	_	_	_
1	به	_	_	_	_
2	قصد	_	_	_	_
3	دست	_	_	_	_
4	برد	_	_	_	_
5	به	_	_	_	_
6	سمت	_	_	_	_
7	کیف	_	_	_	_
8	دست	_	_	_	_
9	برد	_	_	_	_
10	.	_	_	_	_

0	روش	_	_	_	_
1	و	_	_	_	_
2	سنت	_	_	_	_
3	اینجا	_	_	_	_
4	اینگونه	_	_	_	_
5	است	_	_	_	_
6	که	_	_	_	_
7	باید	_	_	_	_
8	سنت	_	_	_	_
9	را	_	_	_	_
10	بگویی	_	_	_	_
11	.	_	_	_	_

0	شاهی	_	_	_	_
1	را	_	_	_	_
2	دیدم	_	_	_	_
3	که	_	_	_	_
4	حتی	_	_	_	_
5	یک	_	_	_	_
6	شاهی	_	_	_	_
7	راهم	_	_	_	_
8	هدیه	_	_	_	_
9	نمی‌داد	_	_	_	_
10	.	_	_	_	_

0	راهم	_	_	_	_
1	راهم	_	_	_	_
2	بستند	_	_	_	_
3	.	_	_	_	_

0	تشکر	_	_	_	_
1	زبانی	_	_	_	_
2	زبانی	_	_	_	_
3	این	_	_	_	_
4	مجلس	_	_	_	_
5	کافی	_	_	_	_
6	نیست	_	_	_	_
7	.	_	_	_	_

0	نقاش	_	_	_	_
1	بعد	_	_	_	_
2	از	_	_	_	_
3	اینکه	_	_	_	_
4	یک	_	_	_	_
5	دست	_	_	_	_
6	کشید	_	_	_	_
7	از	_	_	_	_
8	کارش	_	_	_	_
9	دست	_	_	_	_
10	کشید	_	_	_	_
11	.	_	_	_	_

0	معلم	_	_	_	_
1	در	_	_	_	_
2	کلاس	_	_	_	_
3	زیست	_	_	_	_
4	بی	_	_	_	_
5	هوا	_	_	_	_
6	گفت	_	_	_	_
7	بی	_	_	_	_
8	هوا	_	_	_	_
9	نمی‌توان	_	_	_	_
10	زیست	_	_	_	_
11	.	_	_	_	_

0	تحقیقات	_	_	_	_
1	سری	_	_	_	_
2	خاطر	_	_	_	_
3	نشان	_	_	_	_
4	کرده‌اند	_	_	_	_
5	که	_	_	_	_
6	موهای	_	_	_	_
7	کمند	_	_	_	_
8	کمند	_	_	_	_
9	.	_	_	_	_

0	مار	_	_	_	_
1	سمی	_	_	_	_
2	سمش	_	_	_	_
3	سمی	_	_	_	_
4	کشنده	_	_	_	_
5	است	_	_	_	_
6	.	_	_	_	_

0	گوسفند	_	_	_	_
1	سمش	_	_	_	_
2	را	_	_	_	_
3	به	_	_	_	_
4	زمین	_	_	_	_
5	کوبید	_	_	_	_
6	.	_	_	_	_

0	باد	_	_	_	_
1	ابرها	_	_	_	_
2	را	_	_	_	_
3	پراکنده	_	_	_	_
4	ساخت	_	_	_	_
5	.	_	_	_	_

0	ابرابری	_	_	_	_
1	در	_	_	_	_
2	آسمان	_	_	_	_
3	سایه	_	_	_	_
4	گسترانید	_	_	_	_
5	.	_	_	_	_

0	با	_	_	_	_
1	بارش	_	_	_	_
2	باران	_	_	_	_
3	او	_	_	_	_
4	هم	_	_	_	_
5	کما	_	_	_	_
6	بیش‌تر	_	_	_	_
7	شد	_	_	_	_
8	.	_	_	_	_

0	در	_	_	_	_
1	انتهای	_	_	_	_
2	مسابقه	_	_	_	_
3	مهره	_	_	_	_
4	آسمان	_	_	_	_
5	را	_	_	_	_
6	رو	_	_	_	_
7	کردیم	_	_	_	_
8	.	_	_	_	_

0	او	_	_	_	_
1	خود	_	_	_	_
2	را	_	_	_	_
3	سیر	_	_	_	_
4	کرد	_	_	_	_
5	و	_	_	_	_
6	در	_	_	_	_
7	اطراف	_	_	_	_
8	سیر	_	_	_	_
9	کرد	_	_	_	_
10	.	_	_	_	_

0	ادب	_	_	_	_
1	آداب	_	_	_	_
2	دارد	_	_	_	_
3	.	_	_	_	_

0	با	_	_	_	_
1	دیدن	_	_	_	_
2	صحنه	_	_	_	_
3	دهانش	_	_	_	_
4	باز	_	_	_	_
5	ماند	_	_	_	_
6	چرا	_	_	_	_
7	که	_	_	_	_
8	بزرگش	_	_	_	_
9	را	_	_	_	_
10	زد	_	_	_	_
11	.	_	_	_	_

0	خیزید	_	_	_	_
1	و	_	_	_	_
2	خز	_	_	_	_
3	آرید	_	_	_	_
4	که	_	_	_	_
5	هنگام	_	_	_	_
6	خزان	_	_	_	_
7	است	_	_	_	_
8	باد	_	_	_	_
9	خنک	_	_	_	_
10	از	_	_	_	_
11	جانب	_	_	_	_
12	خوارزم	_	_	_	_
13	وزان	_	_	_	_
14	است	_	_	_	_
15	.	_	_	_	_

0	نیایش	_	_	_	_
1	به	_	_	_	_
2	همراه	_	_	_	_
3	نیایش	_	_	_	_
4	در	_	_	_	_
5	مراسم	_	_	_	_
6	شرکت	_	_	_	_
7	کرد	_	_	_	_
8	.	_	_	_	_

0	آرایشگر	_	_	_	_
1	گفت	_	_	_	_
2	تنها	_	_	_	_
3	فرق	_	_	_	_
4	سر	_	_	_	_
5	او	_	_	_	_
6	با	_	_	_	_
7	من	_	_	_	_
8	در	_	_	_	_
9	داشتن	_	_	_	_
10	فرق	_	_	_	_
11	سر	_	_	_	_
12	است	_	_	_	_
13	.	_	_	_	_

0	کاچی	_	_	_	_
1	به	_	_	_	_
2	از	_	_	_	_
3	هیچی	_	_	_	_
4	.	_	_	_	_

0	تاکسی	_	_	_	_
1	تاکسی	_	_	_	_
2	تاکسی	_	_	_	_
3	نخواست	_	_	_	_
4	نایست	_	_	_	_
5	.	_	_	_	_

0	او	_	_	_	_
1	بروروی	_	_	_	_
2	زیبایی	_	_	_	_
3	داشت	_	_	_	_
4	.	_	_	_	_

0	وندادم	_	_	_	_
1	در	_	_	_	_
2	راهی	_	_	_	_
3	بود	_	_	_	_
4	.	_	_	_	_

0	لبو	_	_	_	_
1	دهنش	_	_	_	_
2	را	_	_	_	_
3	سرخ	_	_	_	_
4	کرد	_	_	_	_
5	.	_	_	_	_

0	سرما	_	_	_	_
1	سرمایی	_	_	_	_
2	که	_	_	_	_
3	بالای	_	_	_	_
4	سرما	_	_	_	_
5	بود	_	_	_	_
6	را	_	_	_	_
7	سرد	_	_	_	_
8	کرد	_	_	_	_
9	.	_	_	_	_

0	سرما	_	_	_	_
1	سرما	_	_	_	_
2	را	_	_	_	_
3	سر	_	_	_	_
4	کرد	_	_	_	_
5	.	_	_	_	_

0	سردردش	_	_	_	_
1	او	_	_	_	_
2	به	_	_	_	_
3	دردسر	_	_	_	_
4	انداخت	_	_	_	_
5	.	_	_	_	_

0	زهرروی	_	_	_	_
1	کار	_	_	_	_
2	او	_	_	_	_
3	نادرست	_	_	_	_
4	بود	_	_	_	_
5	.	_	_	_	_

0	او	_	_	_	_
1	از	_	_	_	_
2	سرکه	_	_	_	_
3	هیچ	_	_	_	_
4	شانسی	_	_	_	_
5	نیاورد	_	_	_	_
6	.	_	_	_	_

0	میزبان	_	_	_	_
1	گفت	_	_	_	_
2	قدمتان	_	_	_	_
3	میمون	_	_	_	_
4	و	_	_	_	_
5	مبارک	_	_	_	_
6	پی	_	_	_	_
7	است	_	_	_	_
8	.	_	_	_	_

0	او	_	_	_	_
1	لکنت	_	_	_	_
2	شدیدی	_	_	_	_
3	داشت	_	_	_	_
4	و	_	_	_	_
5	همیشه	_	_	_	_
6	من	_	_	_	_
7	و	_	_	_	_
8	من	_	_	_	_
9	می‌کرد	_	_	_	_
10	و	_	_	_	_
11	به	_	_	_	_
12	تت	_	_	_	_
13	و	_	_	_	_
14	پت	_	_	_	_
15	می‌افتاد	_	_	_	_
16	.	_	_	_	_

0	چونین	_	_	_	_
1	بود	_	_	_	_
2	که	_	_	_	_
3	دیگر	_	_	_	_
4	کسی	_	_	_	_
5	احترامش	_	_	_	_
6	نمی‌کرد	_	_	_	_
7	.	_	_	_	_

0	او	_	_	_	_
1	مشتاق	_	_	_	_
2	گفت	_	_	_	_
3	و	_	_	_	_
4	شنود	_	_	_	_
5	بین	_	_	_	_
6	ما	_	_	_	_
7	بود	_	_	_	_
8	.	_	_	_	_

0	روان	_	_	_	_
1	شناس	_	_	_	_
2	علت	_	_	_	_
3	خواب	_	_	_	_
4	گفت‌های	_	_	_	_
5	شبانه	_	_	_	_
6	او	_	_	_	_
7	را	_	_	_	_
8	کشف	_	_	_	_
9	کرد	_	_	_	_
10	.	_	_	_	_

0	شعبه	_	_	_	_
1	باز	_	_	_	_
2	با	_	_	_	_
3	سیاه	_	_	_	_
4	بازی	_	_	_	_
5	خاصی	_	_	_	_
6	تمام	_	_	_	_
7	حاضران	_	_	_	_
8	را	_	_	_	_
9	فریب	_	_	_	_
10	داد	_	_	_	_
11	.	_	_	_	_

0	صورتش	_	_	_	_
1	در	_	_	_	_
2	تاریکی	_	_	_	_
3	سیاه	_	_	_	_
4	و	_	_	_	_
5	اغبر	_	_	_	_
6	دیده_می‌شد	_	_	_	_
7	.	_	_	_	_

0	آن	_	_	_	_
1	قدر	_	_	_	_
2	تلاش	_	_	_	_
3	کرد	_	_	_	_
4	تا	_	_	_	_
5	دوستش	_	_	_	_
6	ترش	_	_	_	_
7	رویش	_	_	_	_
8	بالاخره	_	_	_	_
9	به	_	_	_	_
10	خنده	_	_	_	_
11	افتاد	_	_	_	_
12	.	_	_	_	_

0	من	_	_	_	_
1	چو	_	_	_	_
2	لب	_	_	_	_
3	ژاله	_	_	_	_
4	شدم	_	_	_	_
5	خنده	_	_	_	_
6	ناک	_	_	_	_
7	،	_	_	_	_
8	جامه	_	_	_	_
9	به	_	_	_	_
10	صد	_	_	_	_
11	جای	_	_	_	_
12	چو	_	_	_	_
13	گل	_	_	_	_
14	کرده	_	_	_	_
15	چاک	_	_	_	_
16	.	_	_	_	_

0	لشکر	_	_	_	_
1	دشمن	_	_	_	_
2	ما	_	_	_	_
3	را	_	_	_	_
4	به	_	_	_	_
5	انهزام	_	_	_	_
6	واداشت	_	_	_	_
7	.	_	_	_	_

0	از	_	_	_	_
1	وقتی	_	_	_	_
2	که	_	_	_	_
3	او	_	_	_	_
4	را	_	_	_	_
5	دید	_	_	_	_
6	شیدا	_	_	_	_
7	شد	_	_	_	_
8	.	_	_	_	_

0	کسی	_	_	_	_
1	کاندر	_	_	_	_
2	آب	_	_	_	_
3	است	_	_	_	_
4	و	_	_	_	_
5	آب	_	_	_	_
6	آشناست	_	_	_	_
7	از	_	_	_	_
8	آب	_	_	_	_
9	ار	_	_	_	_
10	چو	_	_	_	_
11	آتش	_	_	_	_
12	بترسد	_	_	_	_
13	رواست	_	_	_	_
14	.	_	_	_	_

0	آب	_	_	_	_
1	دریا	_	_	_	_
2	شور	_	_	_	_
3	بود	_	_	_	_
4	و	_	_	_	_
5	او	_	_	_	_
6	ناچار	_	_	_	_
7	شد	_	_	_	_
8	آن	_	_	_	_
9	را	_	_	_	_
10	بجوشاند	_	_	_	_
11	تا	_	_	_	_
12	آب	_	_	_	_
13	مقطر	_	_	_	_
14	درست	_	_	_	_
15	کند	_	_	_	_
16	.	_	_	_	_

0	پدرش	_	_	_	_
1	برایش	_	_	_	_
2	آستین	_	_	_	_
3	بالا	_	_	_	_
4	زد	_	_	_	_
5	.	_	_	_	_

0	مراسم	_	_	_	_
1	جشن	_	_	_	_
2	درسالن	_	_	_	_
3	آمفی	_	_	_	_
4	تاتر	_	_	_	_
5	دانشکده	_	_	_	_
6	برگزار	_	_	_	_
7	شد	_	_	_	_
8	.	_	_	_	_

0	بالاخانه‌ها	_	_	_	_
1	را	_	_	_	_
2	معمولا	_	_	_	_
3	برای	_	_	_	_
4	دراویش	_	_	_	_
5	و	_	_	_	_
6	پیرمرادها	_	_	_	_
7	و	_	_	_	_
8	بصورت	_	_	_	_
9	نذر	_	_	_	_
10	جهت	_	_	_	_
11	فقرا	_	_	_	_
12	و	_	_	_	_
13	مانند	_	_	_	_
14	آن	_	_	_	_
15	می‌ساختند	_	_	_	_
16	.	_	_	_	_

0	علت	_	_	_	_
1	این	_	_	_	_
2	همه	_	_	_	_
3	پا	_	_	_	_
4	به	_	_	_	_
5	پا	_	_	_	_
6	کردنش	_	_	_	_
7	را	_	_	_	_
8	نفهمیدم	_	_	_	_
9	.	_	_	_	_

0	او	_	_	_	_
1	ما	_	_	_	_
2	را	_	_	_	_
3	پا	_	_	_	_
4	در	_	_	_	_
5	هوا	_	_	_	_
6	رها	_	_	_	_
7	کرد	_	_	_	_
8	و	_	_	_	_
9	رفت	_	_	_	_
10	.	_	_	_	_

0	ماجراجوئی	_	_	_	_
1	و	_	_	_	_
2	پرشروشور	_	_	_	_
3	بودن	_	_	_	_
4	کوری	_	_	_	_
5	مقابل	_	_	_	_
6	آرامش	_	_	_	_
7	و	_	_	_	_
8	خونسردی	_	_	_	_
9	پل	_	_	_	_
10	(	_	_	_	_
11	که	_	_	_	_
12	وکیل	_	_	_	_
13	دعاوی	_	_	_	_
14	تازه‌کار	_	_	_	_
15	است	_	_	_	_
16	)	_	_	_	_
17	،	_	_	_	_
18	به	_	_	_	_
19	همراه	_	_	_	_
20	شرایط	_	_	_	_
21	نامساعد	_	_	_	_
22	خانه	_	_	_	_
23	،	_	_	_	_
24	همسایه‌های	_	_	_	_
25	عجیب‌وغریب	_	_	_	_
26	و	_	_	_	_
27	به‌خصوص	_	_	_	_
28	،	_	_	_	_
29	به	_	_	_	_
30	دعوائی	_	_	_	_
31	سخت	_	_	_	_
32	و	_	_	_	_
33	رفتن	_	_	_	_
34	شوهر	_	_	_	_
35	از	_	_	_	_
36	خانه	_	_	_	_
37	منجر	_	_	_	_
38	می‌شود	_	_	_	_
39	.	_	_	_	_

0	پنجه	_	_	_	_
1	بوکس	_	_	_	_
2	یکی	_	_	_	_
3	از	_	_	_	_
4	انواع	_	_	_	_
5	سلاح‌های	_	_	_	_
6	سرد	_	_	_	_
7	است	_	_	_	_
8	که	_	_	_	_
9	از	_	_	_	_
10	آن	_	_	_	_
11	در	_	_	_	_
12	نزاع‌های	_	_	_	_
13	خیابانی	_	_	_	_
14	استفاده	_	_	_	_
15	می‌کنند	_	_	_	_
16	.	_	_	_	_

0	تب	_	_	_	_
1	زرد	_	_	_	_
2	نوعی	_	_	_	_
3	بیماری	_	_	_	_
4	تب	_	_	_	_
5	زاست	_	_	_	_
6	که	_	_	_	_
7	در	_	_	_	_
8	معده	_	_	_	_
9	و	_	_	_	_
10	امعا	_	_	_	_
11	تولید	_	_	_	_
12	عفونت	_	_	_	_
13	می‌کند	_	_	_	_
14	و	_	_	_	_
15	بر	_	_	_	_
16	اثر	_	_	_	_
17	گزیدگی	_	_	_	_
18	یک	_	_	_	_
19	نوع	_	_	_	_
20	پشه	_	_	_	_
21	در	_	_	_	_
22	انسان	_	_	_	_
23	حادث	_	_	_	_
24	می‌شود	_	_	_	_
25	.	_	_	_	_

0	چگونه	_	_	_	_
1	است	_	_	_	_
2	که	_	_	_	_
3	کار	_	_	_	_
4	خود	_	_	_	_
5	را	_	_	_	_
6	جد	_	_	_	_
7	دانی	_	_	_	_
8	و	_	_	_	_
9	پساپیش	_	_	_	_
10	کارهای	_	_	_	_
11	خود	_	_	_	_
12	را	_	_	_	_
13	نگاه	_	_	_	_
14	میداری	_	_	_	_
15	.	_	_	_	_

0	این	_	_	_	_
1	قوم	_	_	_	_
2	بعد	_	_	_	_
3	از	_	_	_	_
4	کسری	_	_	_	_
5	و	_	_	_	_
6	پرویز	_	_	_	_
7	بوده‌اند	_	_	_	_
8	در	_	_	_	_
9	مدت	_	_	_	_
10	چهار	_	_	_	_
11	سال	_	_	_	_
12	و	_	_	_	_
13	پنج	_	_	_	_
14	کمابیش	_	_	_	_
15	پادشاهی	_	_	_	_
16	کرده‌اند	_	_	_	_
17	.	_	_	_	_

0	هوا	_	_	_	_
1	کم	_	_	_	_
2	کم	_	_	_	_
3	داشت	_	_	_	_
4	گرگ	_	_	_	_
5	و	_	_	_	_
6	میش	_	_	_	_
7	می‌شد	_	_	_	_
8	.	_	_	_	_

0	جنگ	_	_	_	_
1	زرگری	_	_	_	_
2	میانجی	_	_	_	_
3	نخواهد_.	_	_	_	_

0	غارت	_	_	_	_
1	جهان	_	_	_	_
2	سوم	_	_	_	_
3	نام	_	_	_	_
4	یک	_	_	_	_
5	کتاب	_	_	_	_
6	ادبی	_	_	_	_
7	است	_	_	_	_
8	که	_	_	_	_
9	توسط	_	_	_	_
10	نویسنده	_	_	_	_
11	اهل	_	_	_	_
12	فرانسه	_	_	_	_
13	نوشته_شده_است	_	_	_	_
14	.	_	_	_	_

0	نام	_	_	_	_
1	دیگر	_	_	_	_
2	خرچنگ	_	_	_	_
3	چنگار	_	_	_	_
4	است	_	_	_	_
5	.	_	_	_	_

0	همه	_	_	_	_
1	جا	_	_	_	_
2	چو	_	_	_	_
3	افتاد	_	_	_	_
4	که	_	_	_	_
5	او	_	_	_	_
6	نمی‌آید	_	_	_	_
7	.	_	_	_	_

0	خال	_	_	_	_
1	بینی	_	_	_	_
2	نوعی	_	_	_	_
3	از	_	_	_	_
4	پیشگوییست	_	_	_	_
5	که	_	_	_	_
6	با	_	_	_	_
7	دیدن	_	_	_	_
8	خال	_	_	_	_
9	بدن	_	_	_	_
10	انجام	_	_	_	_
11	می‌گیرد	_	_	_	_
12	.	_	_	_	_

0	او	_	_	_	_
1	در	_	_	_	_
2	جوانی	_	_	_	_
3	بسیار	_	_	_	_
4	خام	_	_	_	_
5	رای	_	_	_	_
6	و	_	_	_	_
7	خام	_	_	_	_
8	عقل	_	_	_	_
9	بود	_	_	_	_
10	.	_	_	_	_

0	در	_	_	_	_
1	زمان	_	_	_	_
2	قدیم	_	_	_	_
3	؛	_	_	_	_
4	پادشاهان	_	_	_	_
5	به	_	_	_	_
6	بهترین	_	_	_	_
7	زنشان	_	_	_	_
8	که	_	_	_	_
9	از	_	_	_	_
10	لحاظ	_	_	_	_
11	زیبارویی	_	_	_	_
12	و	_	_	_	_
13	رهبری	_	_	_	_
14	از	_	_	_	_
15	دیگران	_	_	_	_
16	،	_	_	_	_
17	سرتر	_	_	_	_
18	و	_	_	_	_
19	آس‌تر	_	_	_	_
20	بود	_	_	_	_
21	لقب	_	_	_	_
22	خانم	_	_	_	_
23	خانما	_	_	_	_
24	را	_	_	_	_
25	نسبت	_	_	_	_
26	می‌دادند	_	_	_	_
27	.	_	_	_	_

0	ادبا	_	_	_	_
1	در	_	_	_	_
2	مجمع	_	_	_	_
3	سازمان	_	_	_	_
4	ملل	_	_	_	_
5	سخنرانی	_	_	_	_
6	کردند	_	_	_	_
7	.	_	_	_	_

0	به	_	_	_	_
1	دستور	_	_	_	_
2	او	_	_	_	_
3	تمام	_	_	_	_
4	اسرا	_	_	_	_
5	را	_	_	_	_
6	از	_	_	_	_
7	داخل	_	_	_	_
8	خزائن	_	_	_	_
9	آزاد	_	_	_	_
10	کردند	_	_	_	_
11	.	_	_	_	_

0	استاد	_	_	_	_
1	اسامی	_	_	_	_
2	دانشجویان	_	_	_	_
3	به	_	_	_	_
4	همراه	_	_	_	_
5	آرا	_	_	_	_
6	آن‌ها	_	_	_	_
7	را	_	_	_	_
8	خواند	_	_	_	_
9	.	_	_	_	_

0	هنوز	_	_	_	_
1	هم	_	_	_	_
2	علل	_	_	_	_
3	بسیاری	_	_	_	_
4	از	_	_	_	_
5	امراض	_	_	_	_
6	ناشناخته	_	_	_	_
7	است	_	_	_	_
8	.	_	_	_	_

0	در	_	_	_	_
1	رانندگی	_	_	_	_
2	باید	_	_	_	_
3	به	_	_	_	_
4	علائم	_	_	_	_
5	هشدار	_	_	_	_
6	توجه	_	_	_	_
7	داشت	_	_	_	_
8	.	_	_	_	_

0	جزه	_	_	_	_
1	درس	_	_	_	_
2	پردازش	_	_	_	_
3	زبان‌های	_	_	_	_
4	طبیعیش	_	_	_	_
5	را	_	_	_	_
6	همراه	_	_	_	_
7	نداشت	_	_	_	_
8	.	_	_	_	_

0	با	_	_	_	_
1	آن	_	_	_	_
2	ضربه	_	_	_	_
3	دردم	_	_	_	_
4	دردم	_	_	_	_
5	آمد	_	_	_	_
6	.	_	_	_	_

0	نوشته	_	_	_	_
1	هایش	_	_	_	_
2	درهم	_	_	_	_
3	و	_	_	_	_
4	برهم	_	_	_	_
5	بود	_	_	_	_
6	.	_	_	_	_

0	او	_	_	_	_
1	از	_	_	_	_
2	حمله	_	_	_	_
3	دشمن	_	_	_	_
4	درامان	_	_	_	_
5	ماند	_	_	_	_
6	.	_	_	_	_

0	کتابش	_	_	_	_
1	دوصد	_	_	_	_
2	صفحه	_	_	_	_
3	داشت	_	_	_	_
4	.	_	_	_	_

0	دوستش	_	_	_	_
1	بسیار	_	_	_	_
2	نرم	_	_	_	_
3	دل	_	_	_	_
4	و	_	_	_	_
5	رقیق	_	_	_	_
6	القلب	_	_	_	_
7	بود	_	_	_	_
8	.	_	_	_	_

0	چوب	_	_	_	_
1	نیاز	_	_	_	_
2	به	_	_	_	_
3	رنده	_	_	_	_
4	و	_	_	_	_
5	رنده	_	_	_	_
6	کاری	_	_	_	_
7	و	_	_	_	_
8	رنده	_	_	_	_
9	کردن	_	_	_	_
10	داشت	_	_	_	_
11	.	_	_	_	_

0	آهن	_	_	_	_
1	در	_	_	_	_
2	مجاورت	_	_	_	_
3	با	_	_	_	_
4	اکسیژن	_	_	_	_
5	شروع	_	_	_	_
6	به	_	_	_	_
7	زنگ	_	_	_	_
8	زدن	_	_	_	_
9	می‌کند	_	_	_	_
10	.	_	_	_	_

0	جرات	_	_	_	_
1	نداشت	_	_	_	_
2	حرفش	_	_	_	_
3	را	_	_	_	_
4	رودررو	_	_	_	_
5	به	_	_	_	_
6	رویش	_	_	_	_
7	آورد	_	_	_	_
8	.	_	_	_	_

0	او	_	_	_	_
1	را	_	_	_	_
2	روانه	_	_	_	_
3	کرد	_	_	_	_
4	تا	_	_	_	_
5	به	_	_	_	_
6	کارش	_	_	_	_
7	برسد	_	_	_	_
8	.	_	_	_	_

0	او	_	_	_	_
1	در	_	_	_	_
2	بستر	_	_	_	_
3	افتاده_بود	_	_	_	_
4	و	_	_	_	_
5	روبه	_	_	_	_
6	مرگ	_	_	_	_
7	بود	_	_	_	_
8	.	_	_	_	_

0	کارهایش	_	_	_	_
1	بسیار	_	_	_	_
2	روح	_	_	_	_
3	فرسا	_	_	_	_
4	و	_	_	_	_
5	عذاب	_	_	_	_
6	آور	_	_	_	_
7	بود	_	_	_	_
8	.	_	_	_	_

