0	ما	_	_	_	_
1	قادر	_	_	_	_
2	به	_	_	_	_
3	ارائهٔ	_	_	_	_
4	پاسخی	_	_	_	_
5	مطمئن	_	_	_	_
6	نیستیم	_	_	_	_
7	.	_	_	_	_

0	فهرست	_	_	_	_
1	خصوصیاتی	_	_	_	_
2	که	_	_	_	_
3	حوزهٔ	_	_	_	_
4	رده‌بندی	_	_	_	_
5	گیاهان	_	_	_	_
6	را	_	_	_	_
7	از	_	_	_	_
8	سایر	_	_	_	_
9	حوزه‌ها	_	_	_	_
10	ی	_	_	_	_
11	زیست‌شناسی	_	_	_	_
12	جدا	_	_	_	_
13	می‌کند	_	_	_	_
14	حد	_	_	_	_
15	اقل	_	_	_	_
16	یک	_	_	_	_
17	تعریف	_	_	_	_
18	فنی	_	_	_	_
19	ارائه	_	_	_	_
20	می‌کند	_	_	_	_
21	اما	_	_	_	_
22	این	_	_	_	_
23	تعریف	_	_	_	_
24	مورد	_	_	_	_
25	پسند	_	_	_	_
26	همگان	_	_	_	_
27	قرار	_	_	_	_
28	نمی‌گیرد	_	_	_	_
29	؛	_	_	_	_
30	بنابراین	_	_	_	_
31	تعریف	_	_	_	_
32	اصطلاح	_	_	_	_
33	گیاه	_	_	_	_
34	همیشه	_	_	_	_
35	به	_	_	_	_
36	معنی	_	_	_	_
37	بیشتر	_	_	_	_
38	موجودات	_	_	_	_
39	زنده	_	_	_	_
40	طبقه‌بندی	_	_	_	_
41	شده	_	_	_	_
42	در	_	_	_	_
43	محدودهٔ	_	_	_	_
44	رده‌بندی	_	_	_	_
45	گیاهان	_	_	_	_
46	می‌باشد	_	_	_	_
47	.	_	_	_	_

0	مثلا	_	_	_	_
1	«	_	_	_	_
2	اگر	_	_	_	_
3	جلبک‌های	_	_	_	_
4	سبز	_	_	_	_
5	به	_	_	_	_
6	وضوح	_	_	_	_
7	گیاهانی	_	_	_	_
8	جزو	_	_	_	_
9	رده‌بندی	_	_	_	_
10	گیاهان	_	_	_	_
11	هستند	_	_	_	_
12	،	_	_	_	_
13	پس	_	_	_	_
14	بیشتر	_	_	_	_
15	مردم	_	_	_	_
16	اکثر	_	_	_	_
17	خزه‌های	_	_	_	_
18	دریایی	_	_	_	_
19	را	_	_	_	_
20	هم	_	_	_	_
21	که	_	_	_	_
22	جزئی	_	_	_	_
23	از	_	_	_	_
24	(	_	_	_	_
25	حوزه	_	_	_	_
26	آغازیان	_	_	_	_
27	)	_	_	_	_
28	هستند	_	_	_	_
29	،	_	_	_	_
30	جزو	_	_	_	_
31	جلبک‌های	_	_	_	_
32	سبز	_	_	_	_
33	در	_	_	_	_
34	نظر	_	_	_	_
35	می‌گیرند	_	_	_	_
36	.	_	_	_	_

0	مشکل	_	_	_	_
1	عدم	_	_	_	_
2	وجود	_	_	_	_
3	دقت	_	_	_	_
4	یا	_	_	_	_
5	توافق	_	_	_	_
6	که	_	_	_	_
7	در	_	_	_	_
8	تعریف	_	_	_	_
9	گیاه	_	_	_	_
10	وجود	_	_	_	_
11	دارد	_	_	_	_
12	یکی	_	_	_	_
13	از	_	_	_	_
14	گفته‌های	_	_	_	_
15	مورد	_	_	_	_
16	تفاهم	_	_	_	_
17	است	_	_	_	_
18	که	_	_	_	_
19	اغلب	_	_	_	_
20	در	_	_	_	_
21	مقالات	_	_	_	_
22	با	_	_	_	_
23	آن	_	_	_	_
24	مواجه	_	_	_	_
25	می‌شوند	_	_	_	_
26	.	_	_	_	_

0	خاصیت	_	_	_	_
1	ذره‌	_	_	_	_
2	ای	_	_	_	_
3	و	_	_	_	_
4	موجی	_	_	_	_
5	نور	_	_	_	_
6	که	_	_	_	_
7	یک	_	_	_	_
8	پدیدهٔ	_	_	_	_
9	فیزیکی	_	_	_	_
10	الکترومغناطیسی	_	_	_	_
11	است	_	_	_	_
12	و	_	_	_	_
13	در	_	_	_	_
14	نتیجهٔ	_	_	_	_
15	برخورد	_	_	_	_
16	نور	_	_	_	_
17	به	_	_	_	_
18	سطح	_	_	_	_
19	اشیاء	_	_	_	_
20	و	_	_	_	_
21	باز	_	_	_	_
22	تاب	_	_	_	_
23	ویژهٔ	_	_	_	_
24	طول	_	_	_	_
25	موجی	_	_	_	_
26	این	_	_	_	_
27	تابش	_	_	_	_
28	نور	_	_	_	_
29	و	_	_	_	_
30	شدت	_	_	_	_
31	آن	_	_	_	_
32	،	_	_	_	_
33	توسط	_	_	_	_
34	چشم	_	_	_	_
35	احساس	_	_	_	_
36	و	_	_	_	_
37	پردازش	_	_	_	_
38	شده	_	_	_	_
39	،	_	_	_	_
40	و	_	_	_	_
41	به	_	_	_	_
42	عنوان	_	_	_	_
43	مفهوم	_	_	_	_
44	رنگ	_	_	_	_
45	آن	_	_	_	_
46	در	_	_	_	_
47	ذهن	_	_	_	_
48	شناخته_می‌شود	_	_	_	_
49	.	_	_	_	_

0	تجزیهٔ	_	_	_	_
1	نور	_	_	_	_
2	سفید	_	_	_	_
3	توسط	_	_	_	_
4	یک	_	_	_	_
5	منشور	_	_	_	_
6	نیز	_	_	_	_
7	یک	_	_	_	_
8	خاصیت	_	_	_	_
9	فیزیکی	_	_	_	_
10	است	_	_	_	_
11	که	_	_	_	_
12	با	_	_	_	_
13	این	_	_	_	_
14	عمل	_	_	_	_
15	هفت	_	_	_	_
16	رنگ	_	_	_	_
17	طیف	_	_	_	_
18	بدست	_	_	_	_
19	می‌آید	_	_	_	_
20	:	_	_	_	_
21	شامل	_	_	_	_
22	بنفش	_	_	_	_
23	،	_	_	_	_
24	نیلی	_	_	_	_
25	،	_	_	_	_
26	آبی	_	_	_	_
27	،	_	_	_	_
28	سبز	_	_	_	_
29	،	_	_	_	_
30	زرد	_	_	_	_
31	،	_	_	_	_
32	نارنجی	_	_	_	_
33	و	_	_	_	_
34	قرمز	_	_	_	_
35	است	_	_	_	_
36	؛	_	_	_	_
37	بنابراین	_	_	_	_
38	رنگ‌ها	_	_	_	_
39	ناشی	_	_	_	_
40	از	_	_	_	_
41	امواج	_	_	_	_
42	نور	_	_	_	_
43	هستند	_	_	_	_
44	و	_	_	_	_
45	چشم	_	_	_	_
46	انسان	_	_	_	_
47	قادر	_	_	_	_
48	است	_	_	_	_
49	رنگ‌هایی	_	_	_	_
50	را	_	_	_	_
51	که	_	_	_	_
52	طول	_	_	_	_
53	موج	_	_	_	_
54	آن‌ها	_	_	_	_
55	بین	_	_	_	_
56	۴۰۰	_	_	_	_
57	تا	_	_	_	_
58	۷۰۰	_	_	_	_
59	میلی	_	_	_	_
60	میکرون	_	_	_	_
61	است	_	_	_	_
62	ببیند	_	_	_	_
63	.	_	_	_	_

0	(	_	_	_	_
1	میلی	_	_	_	_
2	میکرون	_	_	_	_
3	واحدی	_	_	_	_
4	است	_	_	_	_
5	برای	_	_	_	_
6	اندازه‌گیری	_	_	_	_
7	امواج	_	_	_	_
8	که	_	_	_	_
9	معادل	_	_	_	_
10	یک	_	_	_	_
11	میلیونوم	_	_	_	_
12	میلی‌متر	_	_	_	_
13	است	_	_	_	_
14	)	_	_	_	_
15	.	_	_	_	_

0	در	_	_	_	_
1	قرن	_	_	_	_
2	هفدهم	_	_	_	_
3	میلادی	_	_	_	_
4	نیوتن	_	_	_	_
5	موفق	_	_	_	_
6	شد	_	_	_	_
7	با	_	_	_	_
8	تجزیه	_	_	_	_
9	نور	_	_	_	_
10	سفید	_	_	_	_
11	طیف	_	_	_	_
12	رنگ‌ها	_	_	_	_
13	را	_	_	_	_
14	به	_	_	_	_
15	دست	_	_	_	_
16	آورد	_	_	_	_
17	.	_	_	_	_

0	او	_	_	_	_
1	کشف	_	_	_	_
2	نمود	_	_	_	_
3	که	_	_	_	_
4	نور	_	_	_	_
5	سفید	_	_	_	_
6	شامل	_	_	_	_
7	انواع	_	_	_	_
8	اشعه	_	_	_	_
9	است	_	_	_	_
10	که	_	_	_	_
11	هرگاه	_	_	_	_
12	به‌طور	_	_	_	_
13	جداگانه‌ای	_	_	_	_
14	با	_	_	_	_
15	شبکهٔ	_	_	_	_
16	چشم	_	_	_	_
17	انسان	_	_	_	_
18	برخورد	_	_	_	_
19	کند	_	_	_	_
20	احساس	_	_	_	_
21	یک	_	_	_	_
22	رنگ	_	_	_	_
23	مجزا	_	_	_	_
24	را	_	_	_	_
25	به	_	_	_	_
26	وجود	_	_	_	_
27	خواهد_آورد	_	_	_	_
28	و	_	_	_	_
29	اختلاط	_	_	_	_
30	این	_	_	_	_
31	اشعه‌ها	_	_	_	_
32	بر	_	_	_	_
33	روی	_	_	_	_
34	شبکهٔ	_	_	_	_
35	چشم	_	_	_	_
36	،	_	_	_	_
37	رنگ	_	_	_	_
38	سفید	_	_	_	_
39	را	_	_	_	_
40	محسوس	_	_	_	_
41	می‌‌سازد	_	_	_	_
42	.	_	_	_	_

0	دربارهٔ	_	_	_	_
1	واژهٔ	_	_	_	_
2	تاریخ	_	_	_	_
3	و	_	_	_	_
4	منشأ	_	_	_	_
5	آن	_	_	_	_
6	،	_	_	_	_
7	گزارش‌های	_	_	_	_
8	مختلف	_	_	_	_
9	و	_	_	_	_
10	گوناگونی	_	_	_	_
11	وجود	_	_	_	_
12	دارد	_	_	_	_
13	.	_	_	_	_

0	برخی	_	_	_	_
1	ریشهٔ	_	_	_	_
2	واژهٔ	_	_	_	_
3	تاریخ	_	_	_	_
4	را	_	_	_	_
5	در	_	_	_	_
6	زبان	_	_	_	_
7	فارسی	_	_	_	_
8	و	_	_	_	_
9	مفهوم	_	_	_	_
10	«	_	_	_	_
11	ماه	_	_	_	_
12	روز	_	_	_	_
13	»	_	_	_	_
14	جستجو	_	_	_	_
15	نموده‌اند	_	_	_	_
16	.	_	_	_	_

0	واژهٔ	_	_	_	_
1	)	_	_	_	_
2	ماه	_	_	_	_
3	روز	_	_	_	_
4	»	_	_	_	_
5	در	_	_	_	_
6	ایران	_	_	_	_
7	باستان	_	_	_	_
8	به	_	_	_	_
9	معنای	_	_	_	_
10	«	_	_	_	_
11	تعیین	_	_	_	_
12	روزی	_	_	_	_
13	که	_	_	_	_
14	در	_	_	_	_
15	آن	_	_	_	_
16	امری	_	_	_	_
17	مشهور	_	_	_	_
18	بین	_	_	_	_
19	ملت	_	_	_	_
20	یا	_	_	_	_
21	دولتی	_	_	_	_
22	آشکار	_	_	_	_
23	شده	_	_	_	_
24	یا	_	_	_	_
25	آنکه	_	_	_	_
26	در	_	_	_	_
27	آن	_	_	_	_
28	روز	_	_	_	_
29	واقعهٔ	_	_	_	_
30	ترسناکی	_	_	_	_
31	چون	_	_	_	_
32	زلزله	_	_	_	_
33	یا	_	_	_	_
34	طوفان	_	_	_	_
35	حادث	_	_	_	_
36	گردیده	_	_	_	_
37	است	_	_	_	_
38	.	_	_	_	_
39	»	_	_	_	_
40	بنابراین	_	_	_	_
41	آنچه	_	_	_	_
42	در	_	_	_	_
43	این	_	_	_	_
44	مفهوم	_	_	_	_
45	دارای	_	_	_	_
46	حضور	_	_	_	_
47	و	_	_	_	_
48	نمود	_	_	_	_
49	بیش‌تری	_	_	_	_
50	بوده	_	_	_	_
51	،	_	_	_	_
52	توجه	_	_	_	_
53	به	_	_	_	_
54	رخدادها	_	_	_	_
55	و	_	_	_	_
56	حوادث	_	_	_	_
57	در	_	_	_	_
58	قالب	_	_	_	_
59	مکانی	_	_	_	_
60	و	_	_	_	_
61	زمانی	_	_	_	_
62	است	_	_	_	_
63	.	_	_	_	_

0	در	_	_	_	_
1	برخی	_	_	_	_
2	از	_	_	_	_
3	گزارش‌ها	_	_	_	_
4	آمده‌است	_	_	_	_
5	که	_	_	_	_
6	چون	_	_	_	_
7	عمر	_	_	_	_
8	بن	_	_	_	_
9	خطاب	_	_	_	_
10	در	_	_	_	_
11	تعیین	_	_	_	_
12	مبدأ	_	_	_	_
13	محاسبهٔ	_	_	_	_
14	زمان	_	_	_	_
15	دچار	_	_	_	_
16	مشکل	_	_	_	_
17	شد	_	_	_	_
18	،	_	_	_	_
19	به	_	_	_	_
20	پیشنهاد	_	_	_	_
21	هرمزان	_	_	_	_
22	(	_	_	_	_
23	از	_	_	_	_
24	موالی	_	_	_	_
25	ایرانی	_	_	_	_
26	ساکن	_	_	_	_
27	در	_	_	_	_
28	مدینه	_	_	_	_
29	)	_	_	_	_
30	از	_	_	_	_
31	تعریب	_	_	_	_
32	ترکیب	_	_	_	_
33	فارسی	_	_	_	_
34	«	_	_	_	_
35	ماه	_	_	_	_
36	روز	_	_	_	_
37	»	_	_	_	_
38	،	_	_	_	_
39	واژهٔ	_	_	_	_
40	«	_	_	_	_
41	مورخ	_	_	_	_
42	»	_	_	_	_
43	را	_	_	_	_
44	ساختند	_	_	_	_
45	و	_	_	_	_
46	مصدرش	_	_	_	_
47	را	_	_	_	_
48	«	_	_	_	_
49	تأریخ	_	_	_	_
50	»	_	_	_	_
51	قرار	_	_	_	_
52	دادند	_	_	_	_
53	.	_	_	_	_

0	در	_	_	_	_
1	خصوص	_	_	_	_
2	تعریب	_	_	_	_
3	و	_	_	_	_
4	معرب	_	_	_	_
5	بودن	_	_	_	_
6	واژهٔ	_	_	_	_
7	تاریخ	_	_	_	_
8	باید	_	_	_	_
9	توجه	_	_	_	_
10	داشت	_	_	_	_
11	که	_	_	_	_
12	کمترین	_	_	_	_
13	شباهت	_	_	_	_
14	آوایی	_	_	_	_
15	و	_	_	_	_
16	قرابت	_	_	_	_
17	واکه‌ای	_	_	_	_
18	یا	_	_	_	_
19	هم‌آهنگی	_	_	_	_
20	واکه‌ای	_	_	_	_
21	،	_	_	_	_
22	تشابه	_	_	_	_
23	صرفی	_	_	_	_
24	یا	_	_	_	_
25	تکواژی	_	_	_	_
26	بین	_	_	_	_
27	«	_	_	_	_
28	ماه	_	_	_	_
29	روز	_	_	_	_
30	»	_	_	_	_
31	و	_	_	_	_
32	«	_	_	_	_
33	تاریخ	_	_	_	_
34	»	_	_	_	_
35	وجود	_	_	_	_
36	ندارد	_	_	_	_
37	و	_	_	_	_
38	به	_	_	_	_
39	همین	_	_	_	_
40	دلیل	_	_	_	_
41	،	_	_	_	_
42	آن	_	_	_	_
43	را	_	_	_	_
44	تعرب	_	_	_	_
45	غریبی	_	_	_	_
46	می‌	_	_	_	_
47	دانند	_	_	_	_
48	.	_	_	_	_

0	امواج	_	_	_	_
1	موجود	_	_	_	_
2	در	_	_	_	_
3	فضا	_	_	_	_
4	توسط	_	_	_	_
5	آنتن	_	_	_	_
6	موبایل	_	_	_	_
7	دریافت	_	_	_	_
8	شده	_	_	_	_
9	و	_	_	_	_
10	وارد	_	_	_	_
11	قطعه‌ای	_	_	_	_
12	به	_	_	_	_
13	نام	_	_	_	_
14	آنتن	_	_	_	_
15	سوییچ	_	_	_	_
16	می‌شوند	_	_	_	_
17	.	_	_	_	_

0	آنتن	_	_	_	_
1	سوییچ	_	_	_	_
2	وظیفه	_	_	_	_
3	تعیین	_	_	_	_
4	حالت	_	_	_	_
5	فرستندگی	_	_	_	_
6	یا	_	_	_	_
7	گیرندگی	_	_	_	_
8	آنتن	_	_	_	_
9	را	_	_	_	_
10	به	_	_	_	_
11	عهده	_	_	_	_
12	دارد	_	_	_	_
13	.	_	_	_	_

0	بسته	_	_	_	_
1	به	_	_	_	_
2	این	_	_	_	_
3	که	_	_	_	_
4	موبایل	_	_	_	_
5	سازگار	_	_	_	_
6	با	_	_	_	_
7	چند	_	_	_	_
8	باند	_	_	_	_
9	GSM	_	_	_	_
10	باشد	_	_	_	_
11	،	_	_	_	_
12	تعداد	_	_	_	_
13	پایه‌های	_	_	_	_
14	آنتن	_	_	_	_
15	سوییچ	_	_	_	_
16	متفاوت	_	_	_	_
17	خواهد_بود	_	_	_	_
18	.	_	_	_	_

0	آنتن	_	_	_	_
1	سوییچ	_	_	_	_
2	برای	_	_	_	_
3	هر	_	_	_	_
4	باند	_	_	_	_
5	GSM	_	_	_	_
6	،	_	_	_	_
7	آنتن	_	_	_	_
8	را	_	_	_	_
9	به	_	_	_	_
10	یک	_	_	_	_
11	خروجی	_	_	_	_
12	به	_	_	_	_
13	نام	_	_	_	_
14	RX	_	_	_	_
15	و	_	_	_	_
16	یک	_	_	_	_
17	ورودی	_	_	_	_
18	به	_	_	_	_
19	نام	_	_	_	_
20	TX	_	_	_	_
21	وصل	_	_	_	_
22	می‌کند	_	_	_	_
23	.	_	_	_	_

0	در	_	_	_	_
1	حقیقت	_	_	_	_
2	آنتن	_	_	_	_
3	سوییچ	_	_	_	_
4	مانند	_	_	_	_
5	یک	_	_	_	_
6	کلید	_	_	_	_
7	است	_	_	_	_
8	که	_	_	_	_
9	با	_	_	_	_
10	فرمان‌هایی	_	_	_	_
11	آنتن	_	_	_	_
12	را	_	_	_	_
13	مرتبا	_	_	_	_
14	به	_	_	_	_
15	خط	_	_	_	_
16	RX	_	_	_	_
17	یا	_	_	_	_
18	به	_	_	_	_
19	TX	_	_	_	_
20	متصل	_	_	_	_
21	می‌کند	_	_	_	_
22	.	_	_	_	_

0	در	_	_	_	_
1	بلوکی	_	_	_	_
2	که	_	_	_	_
3	مشاهده	_	_	_	_
4	کردید	_	_	_	_
5	،	_	_	_	_
6	موبایل	_	_	_	_
7	قابلیت	_	_	_	_
8	کار	_	_	_	_
9	با	_	_	_	_
10	دو	_	_	_	_
11	باند	_	_	_	_
12	GSM	_	_	_	_
13	۹۰۰	_	_	_	_
14	و	_	_	_	_
15	GSM	_	_	_	_
16	۱۸۰۰	_	_	_	_
17	را	_	_	_	_
18	دارد	_	_	_	_
19	؛	_	_	_	_
20	بنابراین	_	_	_	_
21	آنتن	_	_	_	_
22	سوییچ	_	_	_	_
23	دو	_	_	_	_
24	خروجی	_	_	_	_
25	RX	_	_	_	_
26	و	_	_	_	_
27	دو	_	_	_	_
28	ورودی	_	_	_	_
29	TX	_	_	_	_
30	خواهند_داشت	_	_	_	_
31	که	_	_	_	_
32	در	_	_	_	_
33	شبکه‌‌ها	_	_	_	_
34	ی	_	_	_	_
35	تلفن	_	_	_	_
36	ایران	_	_	_	_
37	از	_	_	_	_
38	آن	_	_	_	_
39	جایی	_	_	_	_
40	که	_	_	_	_
41	GSM	_	_	_	_
42	۹۰۰	_	_	_	_
43	است	_	_	_	_
44	خط	_	_	_	_
45	RX	_	_	_	_
46	و	_	_	_	_
47	TX	_	_	_	_
48	باند	_	_	_	_
49	۱۸۰۰	_	_	_	_
50	بدون	_	_	_	_
51	استفاده	_	_	_	_
52	خواهد_بود	_	_	_	_
53	.	_	_	_	_

0	آنتن	_	_	_	_
1	سوییچ	_	_	_	_
2	یکی	_	_	_	_
3	از	_	_	_	_
4	قطعات	_	_	_	_
5	حساس	_	_	_	_
6	برد	_	_	_	_
7	موبایل	_	_	_	_
8	است	_	_	_	_
9	و	_	_	_	_
10	خرابی	_	_	_	_
11	در	_	_	_	_
12	آن	_	_	_	_
13	باعث	_	_	_	_
14	به	_	_	_	_
15	وجود	_	_	_	_
16	آمدن	_	_	_	_
17	عیوبی	_	_	_	_
18	از	_	_	_	_
19	قبیل	_	_	_	_
20	پرش	_	_	_	_
21	آنتن	_	_	_	_
22	یا	_	_	_	_
23	نداشتن	_	_	_	_
24	دریافت	_	_	_	_
25	یا	_	_	_	_
26	ارسال	_	_	_	_
27	خواهد_شد	_	_	_	_
28	.	_	_	_	_

0	در	_	_	_	_
1	مورد	_	_	_	_
2	سلف	_	_	_	_
3	و	_	_	_	_
4	خازن	_	_	_	_
5	قبل	_	_	_	_
6	از	_	_	_	_
7	اتصال	_	_	_	_
8	آنتن	_	_	_	_
9	به	_	_	_	_
10	آنتن	_	_	_	_
11	سوییچ	_	_	_	_
12	نیز	_	_	_	_
13	از	_	_	_	_
14	آن	_	_	_	_
15	جایی	_	_	_	_
16	که	_	_	_	_
17	امپدانس	_	_	_	_
18	خروجی	_	_	_	_
19	آنتن	_	_	_	_
20	بسیار	_	_	_	_
21	کم	_	_	_	_
22	است	_	_	_	_
23	و	_	_	_	_
24	از	_	_	_	_
25	طرفی	_	_	_	_
26	امپدانس	_	_	_	_
27	ورودی	_	_	_	_
28	آنتن	_	_	_	_
29	زیاد	_	_	_	_
30	است	_	_	_	_
31	،	_	_	_	_
32	باید	_	_	_	_
33	قبل	_	_	_	_
34	از	_	_	_	_
35	اتصال	_	_	_	_
36	این	_	_	_	_
37	دو	_	_	_	_
38	،	_	_	_	_
39	عمل	_	_	_	_
40	تطبیق	_	_	_	_
41	امپدانس	_	_	_	_
42	توسط	_	_	_	_
43	قطعه‌ای	_	_	_	_
44	انجام	_	_	_	_
45	شود	_	_	_	_
46	.	_	_	_	_

0	معمولا	_	_	_	_
1	در	_	_	_	_
2	مدارات	_	_	_	_
3	،	_	_	_	_
4	قسمت	_	_	_	_
5	آنتن	_	_	_	_
6	موبایل	_	_	_	_
7	از	_	_	_	_
8	یک	_	_	_	_
9	سلف	_	_	_	_
10	که	_	_	_	_
11	به	_	_	_	_
12	صورت	_	_	_	_
13	موازی	_	_	_	_
14	بین	_	_	_	_
15	آنتن	_	_	_	_
16	و	_	_	_	_
17	زمین	_	_	_	_
18	بسته_می‌شود	_	_	_	_
19	استفاده	_	_	_	_
20	تشکیل	_	_	_	_
21	می‌شود	_	_	_	_
22	.	_	_	_	_

0	این	_	_	_	_
1	سلف	_	_	_	_
2	می‌تواند	_	_	_	_
3	باعث	_	_	_	_
4	عمل	_	_	_	_
5	تطبیق	_	_	_	_
6	امپدانس	_	_	_	_
7	بین	_	_	_	_
8	آنتن	_	_	_	_
9	و	_	_	_	_
10	آنتن	_	_	_	_
11	سوییچ	_	_	_	_
12	شده	_	_	_	_
13	و	_	_	_	_
14	مانع	_	_	_	_
15	از	_	_	_	_
16	هدایت	_	_	_	_
17	جریان	_	_	_	_
18	DC	_	_	_	_
19	بین	_	_	_	_
20	این	_	_	_	_
21	دو	_	_	_	_
22	واحد	_	_	_	_
23	گردد	_	_	_	_
24	تا	_	_	_	_
25	این	_	_	_	_
26	دو	_	_	_	_
27	واحد	_	_	_	_
28	اثر	_	_	_	_
29	منفی	_	_	_	_
30	در	_	_	_	_
31	عملکرد	_	_	_	_
32	یکدیگر	_	_	_	_
33	نداشته_باشند	_	_	_	_
34	.	_	_	_	_

0	وظیفه	_	_	_	_
1	فیلتر	_	_	_	_
2	SAW	_	_	_	_
3	حذف	_	_	_	_
4	فرکانس‌های	_	_	_	_
5	کانال	_	_	_	_
6	همسایه	_	_	_	_
7	و	_	_	_	_
8	فرکانس‌های	_	_	_	_
9	مزاحم	_	_	_	_
10	است	_	_	_	_
11	.	_	_	_	_

0	خط	_	_	_	_
1	خروجی	_	_	_	_
2	RX	_	_	_	_
3	از	_	_	_	_
4	آنتن	_	_	_	_
5	سوئیچ	_	_	_	_
6	وارد	_	_	_	_
7	SAW	_	_	_	_
8	شده	_	_	_	_
9	و	_	_	_	_
10	بعد	_	_	_	_
11	از	_	_	_	_
12	آن	_	_	_	_
13	فرکانس‌های	_	_	_	_
14	مزاحم	_	_	_	_
15	حذف	_	_	_	_
16	می‌شود	_	_	_	_
17	و	_	_	_	_
18	فقط	_	_	_	_
19	فرکانس‌های	_	_	_	_
20	باند	_	_	_	_
21	GSM	_	_	_	_
22	در	_	_	_	_
23	خروجی	_	_	_	_
24	آن	_	_	_	_
25	دیده_می‌شود	_	_	_	_
26	.	_	_	_	_

0	SAW	_	_	_	_
1	همان‌گونه	_	_	_	_
2	که	_	_	_	_
3	فرکانس‌های	_	_	_	_
4	مزاحم	_	_	_	_
5	را	_	_	_	_
6	حذف	_	_	_	_
7	می‌کند	_	_	_	_
8	،	_	_	_	_
9	فرکانس‌های	_	_	_	_
10	اصلی	_	_	_	_
11	GSM	_	_	_	_
12	را	_	_	_	_
13	هم	_	_	_	_
14	خیلی	_	_	_	_
15	ضعیف	_	_	_	_
16	می‌کند	_	_	_	_
17	.	_	_	_	_

0	برای	_	_	_	_
1	تقویت	_	_	_	_
2	سیگنال‌های	_	_	_	_
3	دریافتی	_	_	_	_
4	GSM	_	_	_	_
5	بعد	_	_	_	_
6	از	_	_	_	_
7	SAW	_	_	_	_
8	از	_	_	_	_
9	یک	_	_	_	_
10	تقویت‌کننده	_	_	_	_
11	به	_	_	_	_
12	نام	_	_	_	_
13	LNA	_	_	_	_
14	استفاده	_	_	_	_
15	می‌شود	_	_	_	_
16	.	_	_	_	_

0	قلب	_	_	_	_
1	در	_	_	_	_
2	لغت	_	_	_	_
3	به	_	_	_	_
4	معنی	_	_	_	_
5	دگرگونی	_	_	_	_
6	است	_	_	_	_
7	قلب	_	_	_	_
8	از	_	_	_	_
9	لحاظ	_	_	_	_
10	علمی	_	_	_	_
11	اندامی	_	_	_	_
12	است	_	_	_	_
13	که	_	_	_	_
14	در	_	_	_	_
15	مرکز	_	_	_	_
16	قفسهٔ	_	_	_	_
17	سینه	_	_	_	_
18	(	_	_	_	_
19	متمایل	_	_	_	_
20	به	_	_	_	_
21	سمت	_	_	_	_
22	چپ	_	_	_	_
23	)	_	_	_	_
24	واقع	_	_	_	_
25	شده‌است	_	_	_	_
26	،	_	_	_	_
27	و	_	_	_	_
28	وزن	_	_	_	_
29	آن	_	_	_	_
30	۳۰۰	_	_	_	_
31	گرم	_	_	_	_
32	است	_	_	_	_
33	و	_	_	_	_
34	خون	_	_	_	_
35	را	_	_	_	_
36	پمپاژ	_	_	_	_
37	می‌کند	_	_	_	_
38	نام	_	_	_	_
39	این	_	_	_	_
40	عضو	_	_	_	_
41	به	_	_	_	_
42	علت	_	_	_	_
43	اینکه	_	_	_	_
44	باعث	_	_	_	_
45	دگرگونی	_	_	_	_
46	خون	_	_	_	_
47	و	_	_	_	_
48	تبدیل	_	_	_	_
49	خون	_	_	_	_
50	کثیف	_	_	_	_
51	به	_	_	_	_
52	خون	_	_	_	_
53	تمیز	_	_	_	_
54	می‌شود	_	_	_	_
55	قلب	_	_	_	_
56	نام‌گذاری	_	_	_	_
57	شده‌است	_	_	_	_
58	در	_	_	_	_
59	دگرگون	_	_	_	_
60	کردن	_	_	_	_
61	خون	_	_	_	_
62	،	_	_	_	_
63	قلب	_	_	_	_
64	مانند	_	_	_	_
65	یک	_	_	_	_
66	تلمبه	_	_	_	_
67	عمل	_	_	_	_
68	می‌کند	_	_	_	_
69	ایا	_	_	_	_
70	دی‌ان‌ای	_	_	_	_
71	فرق	_	_	_	_
72	موجودات	_	_	_	_
73	زنده	_	_	_	_
74	با	_	_	_	_
75	غیر	_	_	_	_
76	زنده	_	_	_	_
77	است	_	_	_	_
78	؟	_	_	_	_

0	آیا	_	_	_	_
1	ساختاری	_	_	_	_
2	هوشمند	_	_	_	_
3	(	_	_	_	_
4	وجود	_	_	_	_
5	نظم	_	_	_	_
6	بین	_	_	_	_
7	سلول‌ها	_	_	_	_
8	و	_	_	_	_
9	اجزای	_	_	_	_
10	مختلف	_	_	_	_
11	)	_	_	_	_
12	،	_	_	_	_
13	موجود	_	_	_	_
14	زنده	_	_	_	_
15	را	_	_	_	_
16	تشکیل	_	_	_	_
17	می‌دهد	_	_	_	_
18	!؟	_	_	_	_

0	که	_	_	_	_
1	البته	_	_	_	_
2	سلول‌های	_	_	_	_
3	سرطانی	_	_	_	_
4	این	_	_	_	_
5	موضوع	_	_	_	_
6	را	_	_	_	_
7	رد	_	_	_	_
8	می‌کنند	_	_	_	_
9	زیرا	_	_	_	_
10	در	_	_	_	_
11	مقابل	_	_	_	_
12	از	_	_	_	_
13	بین	_	_	_	_
14	رفتنشان	_	_	_	_
15	مقاومت	_	_	_	_
16	می‌کنند	_	_	_	_
17	و	_	_	_	_
18	مانع	_	_	_	_
19	از	_	_	_	_
20	درست	_	_	_	_
21	کار	_	_	_	_
22	کرد	_	_	_	_
23	بدن	_	_	_	_
24	می‌شوند	_	_	_	_
25	(	_	_	_	_
26	سلول‌ها	_	_	_	_
27	بعد	_	_	_	_
28	از	_	_	_	_
29	پایان	_	_	_	_
30	عمر	_	_	_	_
31	،	_	_	_	_
32	باید	_	_	_	_
33	با	_	_	_	_
34	سلول‌‌ها	_	_	_	_
35	یی	_	_	_	_
36	جدید	_	_	_	_
37	جایگزین	_	_	_	_
38	شوند	_	_	_	_
39	)	_	_	_	_
40	.	_	_	_	_

0	به	_	_	_	_
1	زبانی	_	_	_	_
2	دیگر	_	_	_	_
3	سلولهای	_	_	_	_
4	یک	_	_	_	_
5	فرد	_	_	_	_
6	سرطانی	_	_	_	_
7	نامیرا	_	_	_	_
8	شده	_	_	_	_
9	و	_	_	_	_
10	در	_	_	_	_
11	مقابل	_	_	_	_
12	مرگ	_	_	_	_
13	خود	_	_	_	_
14	و	_	_	_	_
15	فرمان	_	_	_	_
16	طبیعی	_	_	_	_
17	بدن	_	_	_	_
18	مقاومت	_	_	_	_
19	می‌کنند	_	_	_	_
20	ولی	_	_	_	_
21	فرد	_	_	_	_
22	سرطانی	_	_	_	_
23	فردی	_	_	_	_
24	زنده	_	_	_	_
25	است	_	_	_	_
26	با	_	_	_	_
27	اینکه	_	_	_	_
28	برخی	_	_	_	_
29	از	_	_	_	_
30	اعضای	_	_	_	_
31	بدنش	_	_	_	_
32	درست	_	_	_	_
33	کار	_	_	_	_
34	نمی‌‌کند	_	_	_	_
35	.	_	_	_	_

0	زندگی	_	_	_	_
1	ممکن	_	_	_	_
2	است	_	_	_	_
3	به	_	_	_	_
4	خاطر	_	_	_	_
5	سلول‌های	_	_	_	_
6	عصبی	_	_	_	_
7	و	_	_	_	_
8	مغزی	_	_	_	_
9	باشد	_	_	_	_
10	که	_	_	_	_
11	در	_	_	_	_
12	طول	_	_	_	_
13	زندگی	_	_	_	_
14	جایگزین	_	_	_	_
15	نمی‌شوند	_	_	_	_
16	و	_	_	_	_
17	فقط	_	_	_	_
18	رشد	_	_	_	_
19	می‌کنند	_	_	_	_
20	و	_	_	_	_
21	می‌دانیم	_	_	_	_
22	که	_	_	_	_
23	اگر	_	_	_	_
24	فردی	_	_	_	_
25	اعضای	_	_	_	_
26	بدنش	_	_	_	_
27	را	_	_	_	_
28	اهدا	_	_	_	_
29	کند	_	_	_	_
30	خودش	_	_	_	_
31	باقی	_	_	_	_
32	میماند	_	_	_	_
33	و	_	_	_	_
34	از	_	_	_	_
35	خودش	_	_	_	_
36	کم	_	_	_	_
37	نمی‌شود	_	_	_	_
38	ولی	_	_	_	_
39	کسی	_	_	_	_
40	نمی‌تواند	_	_	_	_
41	مغزش	_	_	_	_
42	را	_	_	_	_
43	عوض	_	_	_	_
44	کند	_	_	_	_
45	.	_	_	_	_

0	به	_	_	_	_
1	تعریفی	_	_	_	_
2	دیگر	_	_	_	_
3	حیات	_	_	_	_
4	نحوهٔ	_	_	_	_
5	خاص	_	_	_	_
6	از	_	_	_	_
7	هستی	_	_	_	_
8	است	_	_	_	_
9	که	_	_	_	_
10	مبدأ	_	_	_	_
11	ظهور	_	_	_	_
12	علم	_	_	_	_
13	و	_	_	_	_
14	قدرت	_	_	_	_
15	شده	_	_	_	_
16	و	_	_	_	_
17	عامل	_	_	_	_
18	هماهنگ	_	_	_	_
19	کننده	_	_	_	_
20	«	_	_	_	_
21	اندیشه	_	_	_	_
22	علمی	_	_	_	_
23	»	_	_	_	_
24	و	_	_	_	_
25	«	_	_	_	_
26	انگیزه	_	_	_	_
27	عملی	_	_	_	_
28	»	_	_	_	_
29	است	_	_	_	_
30	،	_	_	_	_
31	به	_	_	_	_
32	طوری	_	_	_	_
33	که	_	_	_	_
34	اندیشه	_	_	_	_
35	علمی	_	_	_	_
36	بر	_	_	_	_
37	انگیزه	_	_	_	_
38	عملی	_	_	_	_
39	اشراف	_	_	_	_
40	و	_	_	_	_
41	نظارت	_	_	_	_
42	داشته	_	_	_	_
43	و	_	_	_	_
44	انگیزه	_	_	_	_
45	عملی	_	_	_	_
46	تحت	_	_	_	_
47	هدایت	_	_	_	_
48	اندیشه	_	_	_	_
49	علمی	_	_	_	_
50	،	_	_	_	_
51	به	_	_	_	_
52	صورت	_	_	_	_
53	کوشش	_	_	_	_
54	عینی	_	_	_	_
55	ظهور	_	_	_	_
56	یابد	_	_	_	_
57	.	_	_	_	_

