0	آن
1	روز
2	مورخ
3	۹۷/۷/۲۰
4	یا
5	به
6	عبارتی
7	۲۰
8	مهر
9	۹۷
10	حدود
11	ساعت
12	۹:۱۵
13	در
14	کلاس
15	مبحثی
16	بیان
17	شد
18	که
19	بیانگر
20	ابهامات
21	بسیاری
22	بود
23	.

0	به
1	طوری
2	که
3	هر
4	نفر
5	پاسخ
6	متفاوتی
7	داشت
8	و
9	هرکس
10	جداگانه
11	برای
12	خود
13	دانش
14	اندوزی
15	میکرد
16	!

0	جواب
1	درست
2	۰٫
3	۸۹
4	بودولی
5	هر
6	کس
7	یک
8	چیزی
9	برای
10	گفتن
11	داشت
12	!

0	مانند
1	۳/۴
2	،
3	.
4	۳۲
5	،
6	.
7	۴
8	و
9	…
10	نزدیک‌ترین
11	جواب
12	را
13	فاطمة
14	دادهبود
15	،
16	۱٫
17	۱۲
18	!

0	هم
1	همه
2	درگر
3	فته
4	بودکه
5	در
6	نه
7	و
8	سی
9	دقیقه
10	،
11	معلم
12	رسید
13	؛
14	همان
15	ابتداپرسید
16	:
17	«
18	پاسخ
19	۱٫
20	۱۲
21	راچه
22	کسی
23	بدست
24	آورده
25	؟

0	اسمی
1	روی
2	برگه‌اش
3	نبود
4	!
5	»
6	همین
7	جابود
8	که
9	فاطمة
10	فهمیدحق
11	با
12	اوبوده
13	!

0	دیگر
1	ساعت
2	۱۰
3	شده_بود
4	.

0	همه
1	آرام
2	شدند
3	ودیگر
4	به
5	شدت
6	شک
7	هابرطرف
8	شده
9	بودو
10	برایشان
11	بسیار
12	تعجب
13	آور
14	بود…
15	همه
16	با
17	کنجکاوی
18	به
19	تخته
20	نگاه
21	می‌کردند
22	و
23	مشتاق
24	انه
25	حرکت
26	گچ
27	روی
28	آن
29	را
30	دنبال
31	،
32	تا
33	راه
34	حل
35	را
36	ببینند
37	که
38	ناگهان
39	در
40	ساعت
41	۱۰:۱۵
42	زنگ
43	خورد
44	که
45	همه
46	را
47	به
48	دلیل
49	این
50	یک
51	ربع
52	زودتر
53	زنگ
54	خوردن
55	تعجب
56	زده
57	کرد
58	!

0	معلم
1	به
2	نماینده
3	گفت
4	ایمیل
5	(
6	email
7	)
8	همه
9	دانش
10	آموزان
11	را
12	بگیرد
13	تا
14	پاسخ
15	را
16	به
17	آن‌ها
18	میل
19	کند
20	.

0	ایمیل‌های
1	جالبی
2	شنیده
3	میشد
4	،
5	مثل
6	BeFunny@yahoo
7	.

0	com
1	،
2	sara_happy_girl@gmail
3	.

0	com
1	یا
2	lonely
3	.

0	girl@gamil
1	.

0	com
1	و
2	…
3	که
4	تا
5	حدودی
6	از
7	روی
8	این
9	قبیل
10	آدرس
11	ایمیل‌ها
12	می‌توان
13	به
14	حال
15	درونی
16	صاحب
17	email
18	پی
19	برد
20	.
21	.

0	الگوریتم‌های
1	مختلفی
2	وجود
3	دارد
4	برای
5	کلاس
6	بندی
7	کردن
8	داده‌ها
9	(
10	data
11	)
12	؛
13	مانند
14	کی
15	.

0	ان
1	.

0	ان
1	،
2	اس
3	.

0	وی
1	.

0	ام
1	،
2	سی
3	.

0	ان
1	.

0	ان
1	و
2	غیره
3	،
4	که
5	برای
6	هر
7	کاربرد
8	باید
9	بررسی
10	کنیم
11	ببینیم
12	کدام
13	یک
14	برای
15	کارمان
16	دقت
17	(
18	accuracy
19	)
20	بالاتری
21	دارد
22	.

0	گاهی
1	بیش
2	از
3	۰٫۵
4	درصدازوقت‌های
5	روز
6	مره
7	ما
8	صرف
9	اتفاقاتی
10	میشودکه
11	هنوزرخ
12	نداده‌اند
13	و
14	ممکن
15	است
16	هیچ
17	وقت
18	هم
19	رخ
20	ندهند
21	!!

0	یادرمقابل
1	مروراتفاقاتی
2	که
3	پیشامده
4	وتمام
5	شده
6	!!

0	که
1	این‌ها
2	شاید
3	حتی
4	آن
5	قدر
6	مهم
7	هم
8	نباشند
9	!!

0	یعنی
1	اصلامهم
2	نباشند
3	!

0	مثل
1	فکر
2	کردن
3	به
4	این
5	که
6	فلان
7	شخص
8	اگر
9	ما
10	فلان
11	کار
12	را
13	که
14	به
15	نظرمان
16	درست
17	است
18	را
19	انجام
20	دهیم
21	،
22	در
23	موردماچه
24	فکری
25	می‌کند
26	!!

0	چه
1	بسا
2	اصلافلان
3	شخص
4	به
5	ذهنش
6	هم
7	چنین
8	فکری
9	خطورنکند
10	!

0	یامثلا
1	فکر
2	کردن
3	به
4	اینکه
5	اگر
6	فلان
7	چیز
8	گفته_شود
9	ممکن
10	است
11	چه
12	اتفاقیبیفتد
13	یا
14	بقیه
15	چه
16	بگویند
17	!!

0	یا
1	مثلا
2	من
3	که
4	فلان
5	کار
6	را
7	کردم
8	آیا
9	بهمان
10	شخص
11	ازمن
12	ناراحت
13	شده
14	یانه
15	؟

0	گاهی
1	با
2	یک
3	بارپرسیدن
4	ازآن
5	شخص
6	،
7	یاباصحبت
8	کردن
9	با
10	یک
11	فرد
12	که
13	مطمئنیم
14	مارا
15	دوست
16	دارد
17	و
18	همچنین
19	از
20	دیدگاهمان
21	آگاه
22	و
23	فهمیده_است
24	،
25	می‌توان
26	خیلی
27	ازآشفتگی‌های
28	فکری
29	و
30	بسیاری
31	موارد
32	که
33	فکرما
34	را
35	مشوش
36	می‌کندرها
37	شد
38	؛
39	خیلیاز
40	مسائل
41	را
42	می‌توان
43	حل
44	کرد
45	و
46	به
47	دنبال
48	آن
49	میتوانیم
50	از
51	وقتمان
52	مفید
53	تراستفاده
54	کنیم
55	وشادتربه
56	زیست
57	ن
58	خود
59	ادامه
60	دهیم
61	!!

0	در
1	پارهای
2	ازمسائل
3	،
4	مشکلزمانی
5	رخمی
6	دهدکه
7	فعل‌های
8	مرکب
9	واردکارمیشوند
10	.

0	باید
1	با
2	آنها
3	چهطور
4	برخورد
5	کرد
6	؟؟

0	فعل
1	هایی
2	مانند
3	:
4	«
5	نگاه
6	کردن
7	،
8	صدازدن
9	،
10	مشوش
11	شدن
12	و
13	…
14	»
15	.

0	در۹خردادنودوهفت
1	(
2	۱۳۹۷
3	٫
4	۳.۹
5	)
6	،
7	در
8	وبلاگی
9	نوشته_بودند
10	:
11	«
12	به
13	کلمه‌ی
14	دوم
15	درفعل
16	مرکب
17	»
18	همکرد
19	«
20	می‌گویند
21	.

0	مثلا
1	»
2	کردن
3	«
4	در
5	»
6	کار
7	کردن
8	«
9	و
10	»
11	دادن
12	«
13	در
14	»
15	دستوردادن
16	«
17	و
18	»
19	زدن
20	«
21	در
22	»
23	دست
24	زدن
25	«
26	و
27	»
28	نمودن
29	«
30	در
31	»
32	صاف
33	نمودن
34	«
35	اما
36	فعل‌های
37	مرکب
38	درنامه‌های
39	رسمی
40	واداری
41	و
42	شبهرسمی
43	،
44	ظاهرا
45	به
46	دلیل
47	زیاده
48	روی
49	دررسمی
50	نوشتن
51	و
52	تفاخرادبی
53	و
54	دراصل
55	به
56	دلیل
57	ضعف
58	نگارش
59	وناآشنا
60	یی
61	با
62	فعلها
63	،
64	گاهی
65	به
66	شکلیناجور
67	با
68	هم
69	قاطیمی
70	شوند
71	.

0	یعنی
1	آقا
2	یاخانم
3	نگارنده‌ی
4	نامه
5	یا
6	اعلان
7	یا
8	بیانیه
9	یا
10	هرچه
11	،
12	همکرد
13	یک
14	فعل
15	مرکب
16	را
17	برمی
18	دارد
19	ومیگذارد
20	ته
21	دیگری
22	و
23	واژه‌ی
24	دیگر
25	آن
26	یکی
27	فعل
28	مرکب
29	را
30	برمی
31	دارد
32	و
33	می‌گذارد
34	سر
35	همکرد
36	دیگری
37	؛
38	یا
39	اصلا
40	کل
41	فعل
42	مرکب
43	را
44	اشتباهی
45	به
46	جای
47	فعلی
48	دیگر
49	به
50	کار
51	می‌برد
52	»
53	.

0	معمولاسیستم
1	مشخصی
2	درنوشتن
3	تاریخ
4	وجودندارد
5	!

0	مثلاهمه
1	این
2	مثال‌ها
3	بهیک
4	تاریخ
5	(
6	date
7	)
8	اشاره
9	می‌کنند
10	:
11	۹۷
12	٫
13	۰۷
14	٫
15	۲۰
16	،
17	۲۰
18	مهر
19	نودو
20	هفت
21	،
22	بیستم
23	مهر
24	ماه
25	۹۷
26	یا
27	بیستم
28	مهرماه
29	هزاروسیسصد
30	و
31	نودو
32	هفت
33	!

0	این
1	قبیل
2	فرمت‌ها
3	(
4	formats
5	)
6	در
7	پاره‌ای
8	از
9	متن‌ها
10	،
11	ارزیابی
12	رادچارمشکل
13	می‌کنند
14	!

0	دراینصورت
1	کاری
2	که
3	ما
4	به
5	عنوان
6	یک
7	فرد
8	متخصص
9	باید
10	انجام
11	دهیم
12	،
13	یکگونهسازی
14	این
15	تاریخهاست
16	؛
17	در
18	اینصورت
19	هر
20	زمانکه
21	هرکدام
22	ازاین
23	مواردبیاید
24	ما
25	تشخیص
26	میدهیم
27	تاریخ
28	(
29	date
30	)
31	است
32	وآن
33	را
34	به
35	یک
36	شکل
37	در
38	میاوریم
39	،
40	مثلا
41	همه
42	را
43	به
44	شکل
45	«
46	بیستم
47	مهر
48	ماه
49	هزار
50	و
51	سیسصدونودوهفت
52	»
53	یا
54	«
55	۹۷/۷/۲۰
56	»
57	.

0	در
1	این
2	صورت
3	شاید
4	شاهد
5	کاهش
6	بیش
7	از
8	.
9	۱
10	از
11	مشکلات
12	در
13	پردازش
14	متنشویم
15	!!!

0	از
1	یک
2	دید
3	گاه
4	میگویند
5	برای
6	ترقی
7	،
8	پیش
9	رفت
10	و
11	رشد
12	،
13	باید
14	دائما
15	به
16	مکان‌های
17	جدید
18	رفت
19	وباافراد
20	جدید
21	آشنا
22	شد
23	؛
24	از
25	جهاتی
26	درست
27	است
28	،
29	مثلا
30	فرض
31	کنید
32	شما
33	تاسال
34	یان
35	سال
36	فقطدرخانه
37	باشیدوبا
38	تنها
39	کسانی
40	که
41	ارتباط
42	برقرار
43	می‌کنید
44	خانواده
45	تان
46	باشد
47	!!!

0	در
1	اینصورت
2	تنها
3	طیف
4	اخلاقی
5	آن‌ها
6	را
7	میبینید
8	،
9	در
10	صورتی
11	که
12	شاید
13	اینهاکمتراز
14	۰٫
15	۰۰۱
16	جامعه
17	باشند
18	!!

0	با
1	منش‌های
2	جدیدوخلقو
3	خو‌های
4	متنوعی
5	آشنا
6	نمیشودید
7	در
8	نتیجه
9	شاید
10	فکر
11	کنید
12	همین
13	گونه
14	که
15	هستیدایده
16	آل‌ترین
17	است
18	و
19	همه
20	چیزخوب
21	است
22	!!

0	ساعت
1	۸:۲۰
2	صبح
3	بود
4	؛
5	نغمه‌ی
6	زیبای
7	موسیقی
8	ای
9	ازپنجرهء
10	پشتی
11	میامد
12	.

0	برایم
1	مسأله
2	شده_بود
3	که
4	به
5	این
6	زیبایی
7	و
8	دقت
9	،
10	چه
11	کسی
12	سنتور
13	مینوازد
14	.

0	ساعت
1	نه
2	و
3	۵۰
4	دقیقه
5	شد
6	.

0	همچنان
1	صدای
2	دل
3	نواز
4	ساز
5	میامد
6	.

0	ساعت
1	۱۰
2	و
3	پنجاه
4	و
5	پنج
6	دقیقه
7	شد
8	و
9	باز
10	همچنان
11	صدا
12	می‌آمد
13	.

0	بسیار
1	مسلط
2	بود
3	.

0	دیگر
1	طاقت
2	صبر
3	کردن
4	نداشتم
5	!!

0	دلرابه
1	دریا
2	زدم
3	و
4	رفتم
5	در
6	خانه
7	شان
8	؛
9	در
10	باز
11	بود
12	.

0	خانم
1	میانسالی
2	بادامن
3	گلداری
4	که
5	رنگ
6	و
7	لعابش
8	هم
9	کمی
10	رفتهبود
11	،
12	و
13	چهرهء
14	گنمدمگونی
15	که
16	سر
17	لپ
18	هایش
19	نیز
20	گل
21	انداخته_بود
22	،
23	طوری
24	باذوق
25	و
26	هیجان
27	بر
28	سیمها
29	میکوبید
30	،
31	که
32	انگار
33	بار
34	اولیست
35	که
36	آدم
37	چیزی
38	را
39	یاد
40	گرفته
41	و
42	میخواهد
43	با
44	ذوق
45	برای
46	عزیزی
47	بنوازد
48	؛
49	مثل
50	زمانی
51	که
52	برای
53	بار
54	اول
55	خواندن
56	یا
57	گرفته_بودم
58	و
59	با
60	ذوق
61	کتاب‌های
62	مختلف
63	را
64	برگ
65	میزدم
66	و
67	برای
68	پدر
69	مادرم
70	میخواندم
71	.

0	به
1	خودم
2	آمدم
3	دیدم
4	ساعت
5	۱۲
6	و
7	۵۵
8	دقیقه
9	شده_بود
10	و
11	من
12	همچنان
13	آنجا
14	ایستاده_بودم
15	.
16	.

0	یعنی
1	بیش
2	از
3	.
4	۱۲
5	از
6	یک
7	روز
8	خود
9	را
10	!!

0	از
1	دیر
2	باز
3	تا
4	کنون
5	،
6	بازی‌های
7	زیادی
8	وجود
9	داشته
10	که
11	یکی
12	از
13	موردهای
14	جذاب
15	آن
16	،
17	بازی
18	هایی
19	بوده
20	که
21	یک
22	متن
23	نوشته
24	میشد
25	که
26	در
27	نگاه
28	اول
29	به
30	راحتی
31	قابل
32	خواندن
33	نیست
34	؛
35	مثلا
36	«
37	صدیقه
38	صدیقه
39	را
40	دوخت
41	علی
42	علی
43	علی
44	علی
45	علی
46	او
47	را
48	فروخت
49	!!
50	»
51	که
52	میشود
53	«
54	صدیقه
55	صد
56	یقه
57	را
58	دوخت
59	،
60	پنج
61	علی
62	او
63	را
64	فروخت
65	!
66	»
67	یا
68	مثلا
69	«
70	دراین
71	درگه
72	که
73	گهگه
74	کهکه
75	که
76	که
77	شودناگه
78	،
79	مشوغره
80	به
81	امروزت
82	که
83	ازفردانهی
84	آگه
85	!!
86	»
87	که
88	میشود
89	:
90	«
91	در
92	این
93	درگه
94	که
95	گه
96	گه
97	،
98	که
99	که
100	که
101	که
102	شود
103	ناگه
104	،
105	مشوغره
106	به
107	امروزت
108	که
109	ازفردانهی
110	آگه
111	!!
112	»
113	.

0	به
1	عنوان
2	آخرین
3	مثال
4	«
5	در
6	لرستان
7	نه
8	لرندوهرلری
9	نه
10	نره
11	لرنره
12	لرچهنره
13	لر
14	،
15	هرنره
16	لرنه
17	نره
18	لر
19	»
20	،
21	که
22	درست
23	آن
24	میشود
25	:
26	«
27	در
28	لرستان
29	نه
30	لرند
31	و
32	هر
33	لری
34	نه
35	نره
36	لر
37	،
38	نره
39	لر
40	چه
41	نره
42	لر
43	،
44	هر
45	نره
46	لر
47	،
48	نه
49	نره
50	لر
51	»
52	؛
53	در
54	این
55	نمونه‌ها
56	علاوه
57	بر
58	اینکه
59	بیش
60	از
61	.
62	۵
63	از
64	انسانها
65	اشتباه
66	میخوانند
67	،
68	برای
69	سیستم‌های
70	اصلاح
71	خودکار
72	،
73	در
74	حالت
75	عدم
76	رعایت
77	فاصله
78	و
79	نیم
80	فاصله
81	،
82	کار
83	بسیار
84	دشوار
85	میشود
86	.

0	*****
1	کارورزیده
2	کاراموزانشان
3	گواهینامه
4	هایشانید
5	نارس‌ترین
6	بپاخواستگان
7	دردمندیهایش
8	بت
9	شکنانید
10	همه
11	فن
12	حریفان
13	همه
14	کاره
15	یید
16	همه
17	کس
18	شناس
19	همه
20	جا
21	گرد
22	خسته‌ترین
23	هایشانیم
24	افسرده‌ترین
25	هایشانید
26	نالان‌ترین
27	کتاب
28	دارتان
29	کتاب
30	خانه
31	هایم
32	بپاسخواسته‌اند
33	میخواهد
34	بیاراید
35	خواستنی‌ترین
36	کم
37	روترینید
38	پررونق‌تر
39	درآشفته‌ترین
40	معدنچیان
41	یکدستی
42	آتشفشانان
43	خلبانهایتانند
44	ناخداهایشانید
45	نامردمانتان
46	ناشکری
47	هایمان
48	آهنچیان
49	آهنین
50	پنجه
51	آتشکدگان
52	آزرده
53	خاطر
54	فرومایگان
55	پاکدلانیم
56	فروپاشیدگان
57	ناایستاترین
58	بی
59	شیله
60	پیلگان
61	لب
62	ریز
63	دهان
64	گشاد
65	دهان
66	لقان
67	نرفتگان
68	نرو‌ترین
69	یکرنگ‌ترین
70	سبک
71	باران
72	گرانقدر
73	گران
74	بهاترین
75	گران
76	مایگان
77	چشم
78	تنگان
79	دل
80	نازک‌ترین
81	سنگ
82	دلانید
83	بی
84	خیالان
85	بی
86	رنگ
87	ترینانید
88	آراسته
89	ترینانید
90	شاخ
91	شمشاد
92	نازک
93	نشمین
94	گندمگون
95	نیکو
96	سرشت
97	فراخ
98	بال
99	تنگ
100	دستی
101	تنگ
102	نظرانند
103	نیک
104	بینانشانید
105	نیک
106	سرشتانشانید
107	نیک
108	اندیشانشانند

