0	ما
1	قادر
2	به
3	ارائهٔ
4	پاسخی
5	مطمئن
6	نیستیم
7	.

0	فهرست
1	خصوصیاتی
2	که
3	حوزهٔ
4	رده‌بندی
5	گیاهان
6	را
7	از
8	سایر
9	حوزه‌ها
10	ی
11	زیست‌شناسی
12	جدا
13	می‌کند
14	حد
15	اقل
16	یک
17	تعریف
18	فنی
19	ارائه
20	می‌کند
21	اما
22	این
23	تعریف
24	مورد
25	پسند
26	همگان
27	قرار
28	نمی‌گیرد
29	؛
30	بنابراین
31	تعریف
32	اصطلاح
33	گیاه
34	همیشه
35	به
36	معنی
37	بیشتر
38	موجودات
39	زنده
40	طبقه‌بندی
41	شده
42	در
43	محدودهٔ
44	رده‌بندی
45	گیاهان
46	می‌باشد
47	.

0	مثلا
1	«
2	اگر
3	جلبک‌های
4	سبز
5	به
6	وضوح
7	گیاهانی
8	جزو
9	رده‌بندی
10	گیاهان
11	هستند
12	،
13	پس
14	بیشتر
15	مردم
16	اکثر
17	خزه‌های
18	دریایی
19	را
20	هم
21	که
22	جزئی
23	از
24	(
25	حوزه
26	آغازیان
27	)
28	هستند
29	،
30	جزو
31	جلبک‌های
32	سبز
33	در
34	نظر
35	می‌گیرند
36	.

0	مشکل
1	عدم
2	وجود
3	دقت
4	یا
5	توافق
6	که
7	در
8	تعریف
9	گیاه
10	وجود
11	دارد
12	یکی
13	از
14	گفته‌های
15	مورد
16	تفاهم
17	است
18	که
19	اغلب
20	در
21	مقالات
22	با
23	آن
24	مواجه
25	می‌شوند
26	.

0	خاصیت
1	ذره‌
2	ای
3	و
4	موجی
5	نور
6	که
7	یک
8	پدیدهٔ
9	فیزیکی
10	الکترومغناطیسی
11	است
12	و
13	در
14	نتیجهٔ
15	برخورد
16	نور
17	به
18	سطح
19	اشیاء
20	و
21	باز
22	تاب
23	ویژهٔ
24	طول
25	موجی
26	این
27	تابش
28	نور
29	و
30	شدت
31	آن
32	،
33	توسط
34	چشم
35	احساس
36	و
37	پردازش
38	شده
39	،
40	و
41	به
42	عنوان
43	مفهوم
44	رنگ
45	آن
46	در
47	ذهن
48	شناخته_می‌شود
49	.

0	تجزیهٔ
1	نور
2	سفید
3	توسط
4	یک
5	منشور
6	نیز
7	یک
8	خاصیت
9	فیزیکی
10	است
11	که
12	با
13	این
14	عمل
15	هفت
16	رنگ
17	طیف
18	بدست
19	می‌آید
20	:
21	شامل
22	بنفش
23	،
24	نیلی
25	،
26	آبی
27	،
28	سبز
29	،
30	زرد
31	،
32	نارنجی
33	و
34	قرمز
35	است
36	؛
37	بنابراین
38	رنگ‌ها
39	ناشی
40	از
41	امواج
42	نور
43	هستند
44	و
45	چشم
46	انسان
47	قادر
48	است
49	رنگ‌هایی
50	را
51	که
52	طول
53	موج
54	آن‌ها
55	بین
56	۴۰۰
57	تا
58	۷۰۰
59	میلی
60	میکرون
61	است
62	ببیند
63	.

0	(
1	میلی
2	میکرون
3	واحدی
4	است
5	برای
6	اندازه‌گیری
7	امواج
8	که
9	معادل
10	یک
11	میلیونوم
12	میلی‌متر
13	است
14	)
15	.

0	در
1	قرن
2	هفدهم
3	میلادی
4	نیوتن
5	موفق
6	شد
7	با
8	تجزیه
9	نور
10	سفید
11	طیف
12	رنگ‌ها
13	را
14	به
15	دست
16	آورد
17	.

0	او
1	کشف
2	نمود
3	که
4	نور
5	سفید
6	شامل
7	انواع
8	اشعه
9	است
10	که
11	هرگاه
12	به‌طور
13	جداگانه‌ای
14	با
15	شبکهٔ
16	چشم
17	انسان
18	برخورد
19	کند
20	احساس
21	یک
22	رنگ
23	مجزا
24	را
25	به
26	وجود
27	خواهد_آورد
28	و
29	اختلاط
30	این
31	اشعه‌ها
32	بر
33	روی
34	شبکهٔ
35	چشم
36	،
37	رنگ
38	سفید
39	را
40	محسوس
41	می‌‌سازد
42	.

0	دربارهٔ
1	واژهٔ
2	تاریخ
3	و
4	منشأ
5	آن
6	،
7	گزارش‌های
8	مختلف
9	و
10	گوناگونی
11	وجود
12	دارد
13	.

0	برخی
1	ریشهٔ
2	واژهٔ
3	تاریخ
4	را
5	در
6	زبان
7	فارسی
8	و
9	مفهوم
10	«
11	ماه
12	روز
13	»
14	جستجو
15	نموده‌اند
16	.

0	واژهٔ
1	)
2	ماه
3	روز
4	»
5	در
6	ایران
7	باستان
8	به
9	معنای
10	«
11	تعیین
12	روزی
13	که
14	در
15	آن
16	امری
17	مشهور
18	بین
19	ملت
20	یا
21	دولتی
22	آشکار
23	شده
24	یا
25	آنکه
26	در
27	آن
28	روز
29	واقعهٔ
30	ترسناکی
31	چون
32	زلزله
33	یا
34	طوفان
35	حادث
36	گردیده
37	است
38	.
39	»
40	بنابراین
41	آنچه
42	در
43	این
44	مفهوم
45	دارای
46	حضور
47	و
48	نمود
49	بیش‌تری
50	بوده
51	،
52	توجه
53	به
54	رخدادها
55	و
56	حوادث
57	در
58	قالب
59	مکانی
60	و
61	زمانی
62	است
63	.

0	در
1	برخی
2	از
3	گزارش‌ها
4	آمده‌است
5	که
6	چون
7	عمر
8	بن
9	خطاب
10	در
11	تعیین
12	مبدأ
13	محاسبهٔ
14	زمان
15	دچار
16	مشکل
17	شد
18	،
19	به
20	پیشنهاد
21	هرمزان
22	(
23	از
24	موالی
25	ایرانی
26	ساکن
27	در
28	مدینه
29	)
30	از
31	تعریب
32	ترکیب
33	فارسی
34	«
35	ماه
36	روز
37	»
38	،
39	واژهٔ
40	«
41	مورخ
42	»
43	را
44	ساختند
45	و
46	مصدرش
47	را
48	«
49	تأریخ
50	»
51	قرار
52	دادند
53	.

0	در
1	خصوص
2	تعریب
3	و
4	معرب
5	بودن
6	واژهٔ
7	تاریخ
8	باید
9	توجه
10	داشت
11	که
12	کمترین
13	شباهت
14	آوایی
15	و
16	قرابت
17	واکه‌ای
18	یا
19	هم‌آهنگی
20	واکه‌ای
21	،
22	تشابه
23	صرفی
24	یا
25	تکواژی
26	بین
27	«
28	ماه
29	روز
30	»
31	و
32	«
33	تاریخ
34	»
35	وجود
36	ندارد
37	و
38	به
39	همین
40	دلیل
41	،
42	آن
43	را
44	تعرب
45	غریبی
46	می‌
47	دانند
48	.

0	امواج
1	موجود
2	در
3	فضا
4	توسط
5	آنتن
6	موبایل
7	دریافت
8	شده
9	و
10	وارد
11	قطعه‌ای
12	به
13	نام
14	آنتن
15	سوییچ
16	می‌شوند
17	.

0	آنتن
1	سوییچ
2	وظیفه
3	تعیین
4	حالت
5	فرستندگی
6	یا
7	گیرندگی
8	آنتن
9	را
10	به
11	عهده
12	دارد
13	.

0	بسته
1	به
2	این
3	که
4	موبایل
5	سازگار
6	با
7	چند
8	باند
9	GSM
10	باشد
11	،
12	تعداد
13	پایه‌های
14	آنتن
15	سوییچ
16	متفاوت
17	خواهد_بود
18	.

0	آنتن
1	سوییچ
2	برای
3	هر
4	باند
5	GSM
6	،
7	آنتن
8	را
9	به
10	یک
11	خروجی
12	به
13	نام
14	RX
15	و
16	یک
17	ورودی
18	به
19	نام
20	TX
21	وصل
22	می‌کند
23	.

0	در
1	حقیقت
2	آنتن
3	سوییچ
4	مانند
5	یک
6	کلید
7	است
8	که
9	با
10	فرمان‌هایی
11	آنتن
12	را
13	مرتبا
14	به
15	خط
16	RX
17	یا
18	به
19	TX
20	متصل
21	می‌کند
22	.

0	در
1	بلوکی
2	که
3	مشاهده
4	کردید
5	،
6	موبایل
7	قابلیت
8	کار
9	با
10	دو
11	باند
12	GSM
13	۹۰۰
14	و
15	GSM
16	۱۸۰۰
17	را
18	دارد
19	؛
20	بنابراین
21	آنتن
22	سوییچ
23	دو
24	خروجی
25	RX
26	و
27	دو
28	ورودی
29	TX
30	خواهند_داشت
31	که
32	در
33	شبکه‌‌ها
34	ی
35	تلفن
36	ایران
37	از
38	آن
39	جایی
40	که
41	GSM
42	۹۰۰
43	است
44	خط
45	RX
46	و
47	TX
48	باند
49	۱۸۰۰
50	بدون
51	استفاده
52	خواهد_بود
53	.

0	آنتن
1	سوییچ
2	یکی
3	از
4	قطعات
5	حساس
6	برد
7	موبایل
8	است
9	و
10	خرابی
11	در
12	آن
13	باعث
14	به
15	وجود
16	آمدن
17	عیوبی
18	از
19	قبیل
20	پرش
21	آنتن
22	یا
23	نداشتن
24	دریافت
25	یا
26	ارسال
27	خواهد_شد
28	.

0	در
1	مورد
2	سلف
3	و
4	خازن
5	قبل
6	از
7	اتصال
8	آنتن
9	به
10	آنتن
11	سوییچ
12	نیز
13	از
14	آن
15	جایی
16	که
17	امپدانس
18	خروجی
19	آنتن
20	بسیار
21	کم
22	است
23	و
24	از
25	طرفی
26	امپدانس
27	ورودی
28	آنتن
29	زیاد
30	است
31	،
32	باید
33	قبل
34	از
35	اتصال
36	این
37	دو
38	،
39	عمل
40	تطبیق
41	امپدانس
42	توسط
43	قطعه‌ای
44	انجام
45	شود
46	.

0	معمولا
1	در
2	مدارات
3	،
4	قسمت
5	آنتن
6	موبایل
7	از
8	یک
9	سلف
10	که
11	به
12	صورت
13	موازی
14	بین
15	آنتن
16	و
17	زمین
18	بسته_می‌شود
19	استفاده
20	تشکیل
21	می‌شود
22	.

0	این
1	سلف
2	می‌تواند
3	باعث
4	عمل
5	تطبیق
6	امپدانس
7	بین
8	آنتن
9	و
10	آنتن
11	سوییچ
12	شده
13	و
14	مانع
15	از
16	هدایت
17	جریان
18	DC
19	بین
20	این
21	دو
22	واحد
23	گردد
24	تا
25	این
26	دو
27	واحد
28	اثر
29	منفی
30	در
31	عملکرد
32	یکدیگر
33	نداشته_باشند
34	.

0	وظیفه
1	فیلتر
2	SAW
3	حذف
4	فرکانس‌های
5	کانال
6	همسایه
7	و
8	فرکانس‌های
9	مزاحم
10	است
11	.

0	خط
1	خروجی
2	RX
3	از
4	آنتن
5	سوئیچ
6	وارد
7	SAW
8	شده
9	و
10	بعد
11	از
12	آن
13	فرکانس‌های
14	مزاحم
15	حذف
16	می‌شود
17	و
18	فقط
19	فرکانس‌های
20	باند
21	GSM
22	در
23	خروجی
24	آن
25	دیده_می‌شود
26	.

0	SAW
1	همان‌گونه
2	که
3	فرکانس‌های
4	مزاحم
5	را
6	حذف
7	می‌کند
8	،
9	فرکانس‌های
10	اصلی
11	GSM
12	را
13	هم
14	خیلی
15	ضعیف
16	می‌کند
17	.

0	برای
1	تقویت
2	سیگنال‌های
3	دریافتی
4	GSM
5	بعد
6	از
7	SAW
8	از
9	یک
10	تقویت‌کننده
11	به
12	نام
13	LNA
14	استفاده
15	می‌شود
16	.

0	قلب
1	در
2	لغت
3	به
4	معنی
5	دگرگونی
6	است
7	قلب
8	از
9	لحاظ
10	علمی
11	اندامی
12	است
13	که
14	در
15	مرکز
16	قفسهٔ
17	سینه
18	(
19	متمایل
20	به
21	سمت
22	چپ
23	)
24	واقع
25	شده‌است
26	،
27	و
28	وزن
29	آن
30	۳۰۰
31	گرم
32	است
33	و
34	خون
35	را
36	پمپاژ
37	می‌کند
38	نام
39	این
40	عضو
41	به
42	علت
43	اینکه
44	باعث
45	دگرگونی
46	خون
47	و
48	تبدیل
49	خون
50	کثیف
51	به
52	خون
53	تمیز
54	می‌شود
55	قلب
56	نام‌گذاری
57	شده‌است
58	در
59	دگرگون
60	کردن
61	خون
62	،
63	قلب
64	مانند
65	یک
66	تلمبه
67	عمل
68	می‌کند
69	ایا
70	دی‌ان‌ای
71	فرق
72	موجودات
73	زنده
74	با
75	غیر
76	زنده
77	است
78	؟

0	آیا
1	ساختاری
2	هوشمند
3	(
4	وجود
5	نظم
6	بین
7	سلول‌ها
8	و
9	اجزای
10	مختلف
11	)
12	،
13	موجود
14	زنده
15	را
16	تشکیل
17	می‌دهد
18	!؟

0	که
1	البته
2	سلول‌های
3	سرطانی
4	این
5	موضوع
6	را
7	رد
8	می‌کنند
9	زیرا
10	در
11	مقابل
12	از
13	بین
14	رفتنشان
15	مقاومت
16	می‌کنند
17	و
18	مانع
19	از
20	درست
21	کار
22	کرد
23	بدن
24	می‌شوند
25	(
26	سلول‌ها
27	بعد
28	از
29	پایان
30	عمر
31	،
32	باید
33	با
34	سلول‌‌ها
35	یی
36	جدید
37	جایگزین
38	شوند
39	)
40	.

0	به
1	زبانی
2	دیگر
3	سلولهای
4	یک
5	فرد
6	سرطانی
7	نامیرا
8	شده
9	و
10	در
11	مقابل
12	مرگ
13	خود
14	و
15	فرمان
16	طبیعی
17	بدن
18	مقاومت
19	می‌کنند
20	ولی
21	فرد
22	سرطانی
23	فردی
24	زنده
25	است
26	با
27	اینکه
28	برخی
29	از
30	اعضای
31	بدنش
32	درست
33	کار
34	نمی‌‌کند
35	.

0	زندگی
1	ممکن
2	است
3	به
4	خاطر
5	سلول‌های
6	عصبی
7	و
8	مغزی
9	باشد
10	که
11	در
12	طول
13	زندگی
14	جایگزین
15	نمی‌شوند
16	و
17	فقط
18	رشد
19	می‌کنند
20	و
21	می‌دانیم
22	که
23	اگر
24	فردی
25	اعضای
26	بدنش
27	را
28	اهدا
29	کند
30	خودش
31	باقی
32	میماند
33	و
34	از
35	خودش
36	کم
37	نمی‌شود
38	ولی
39	کسی
40	نمی‌تواند
41	مغزش
42	را
43	عوض
44	کند
45	.

0	به
1	تعریفی
2	دیگر
3	حیات
4	نحوهٔ
5	خاص
6	از
7	هستی
8	است
9	که
10	مبدأ
11	ظهور
12	علم
13	و
14	قدرت
15	شده
16	و
17	عامل
18	هماهنگ
19	کننده
20	«
21	اندیشه
22	علمی
23	»
24	و
25	«
26	انگیزه
27	عملی
28	»
29	است
30	،
31	به
32	طوری
33	که
34	اندیشه
35	علمی
36	بر
37	انگیزه
38	عملی
39	اشراف
40	و
41	نظارت
42	داشته
43	و
44	انگیزه
45	عملی
46	تحت
47	هدایت
48	اندیشه
49	علمی
50	،
51	به
52	صورت
53	کوشش
54	عینی
55	ظهور
56	یابد
57	.

