0	﻿دانشکده
1	مدیریت
2	دانشگاه
3	تهران
4	؛
5	داده
6	کاوی
7	چیست
8	و
9	چه
10	فایده‌ای
11	دارد
12	؟
13	داده
14	کاوی
15	علم
16	و
17	فنی
18	است
19	که
20	در
21	سالهای
22	اخیر
23	و
24	با
25	گسترش
26	استفاده
27	از
28	فناوری
29	اطلاعات
30	و
31	سیستم‌های
32	اطلاعاتی
33	مورد
34	توجه
35	سازمان‌ها
36	قرار
37	گرفت
38	.

0	داده
1	کاوی
2	کاربردهای
3	مختلفی
4	برای
5	سازمان‌ها
6	دارد
7	و
8	می‌تواند
9	برای
10	شرکت‌ها
11	در
12	زمینه‌های
13	مهمی
14	مثل
15	بازاریابی
16	و
17	فروش
18	بسیار
19	راهگشا
20	و
21	مفید
22	باشد
23	.

0	در
1	ادامه
2	با
3	مفهوم
4	داده
5	و
6	اطلاعات
7	آشنا
8	میشویم
9	و
10	سپس
11	با
12	معنای
13	داده
14	کاوی
15	و
16	کاربردهای
17	آن
18	بیشتر
19	آشنا
20	خواهیم_شد
21	:
22	داده
23	با
24	اطلاعات
25	چه
26	فرقی
27	دارد
28	؟
29	بسیاری
30	از
31	مردم
32	به
33	اشتباه
34	می‌پندارند
35	که
36	داده
37	با
38	اطلاعات
39	تفاوت
40	ندارد
41	و
42	عموما
43	این
44	دو
45	واژه
46	را
47	به
48	جای
49	هم
50	استفاده
51	می‌کنند
52	.

0	داده
1	می‌تواند
2	هر
3	نوع
4	از
5	کاراکتر
6	شامل
7	متن
8	،
9	عدد
10	،
11	کلمه
12	،
13	صدا
14	و
15	تصویر
16	باشد
17	و
18	در
19	صورتی
20	که
21	توسط
22	انسان
23	مشاهده
24	شود
25	لزوما
26	معنای
27	خاصی
28	هم
29	در
30	بر
31	نخواهد_داشت
32	.

0	داده‌ها
1	عموما
2	خام
3	،
4	دسته
5	بندی
6	و
7	طبقه
8	بندی
9	نشده
10	هستند
11	و
12	در
13	صورتی
14	که
15	بخواهیم
16	از
17	آنها
18	به
19	صورت
20	مستقیم
21	استفاده
22	کنیم
23	عموما
24	بی
25	فایده
26	خواهد_بود
27	.

0	حال
1	آنکه
2	پس
3	از
4	طبقه
5	بندی
6	،
7	دسته
8	بندی
9	و
10	ساختاردهی
11	به
12	داده‌ها
13	اطلاعات
14	به
15	وجود
16	می‌آید
17	.

0	می‌توان
1	از
2	داده‌ها
3	برای
4	تصمیم
5	گیری
6	و
7	یا
8	ایجاد
9	دانش
10	در
11	مورد
12	یک
13	مقوله
14	استفاده
15	کرد
16	.

0	اطلاعات
1	عموما
2	برای
3	کاربر
4	مفهوم
5	دارد
6	و
7	قابل
8	استفاده
9	است
10	.

0	مثال
1	:
2	تاریخ
3	دمای
4	سراسر
5	جهان
6	در
7	صد
8	سال
9	گذشته
10	داده_است
11	،
12	حال
13	آنکه
14	روند
15	افزایش
16	یا
17	کاهش
18	دما
19	در
20	این
21	سالها
22	یک
23	اطلاعات
24	است
25	.

0	نمرات
1	دانشجویان
2	یک
3	کلاس
4	داده_است
5	،
6	اما
7	ترتیب
8	نمرات
9	،
10	میانگین
11	،
12	و
13	ارتباط
14	نمره
15	این
16	درس
17	با
18	معدل
19	دانشجو
20	یا
21	یک
22	درس
23	دیگر
24	یک
25	نمونه
26	از
27	اطلاعات
28	است
29	.

0	انبوه
1	داده
2	بلای
3	جان
4	سازمان‌ها
5	یک
6	کسب
7	و
8	کار
9	فرضی
10	فعال
11	در
12	زمینه
13	فروش
14	را
15	در
16	نظر
17	بگیرید
18	،
19	این
20	سازمان
21	هر
22	روز
23	صدها
24	مورد
25	فروش
26	را
27	از
28	دهها
29	مشتری
30	ثبت
31	می‌کند
32	،
33	تمام
34	داده‌های
35	مربوط
36	به
37	یک
38	خرید
39	از
40	جمله
41	نام
42	و
43	قیمت
44	و
45	دسته
46	کالاها
47	و
48	اطلاعات
49	مربوط
50	به
51	خریدار
52	را
53	ثبت
54	می‌کند
55	.

0	پس
1	از
2	گذشت
3	مدتی
4	این
5	سازمان
6	انبوهی
7	از
8	داده‌ها
9	بی
10	معنا
11	دارد
12	که
13	نمی‌تواند
14	از
15	آنها
16	بهره
17	ببرد
18	.

0	این
1	سازمان
2	اگر
3	بخواهد
4	بفهمد
5	کدام
6	مشتریان
7	از
8	چه
9	کالایی
10	بیشتر
11	خوششان
12	آمده
13	راهی
14	ندارد
15	،
16	نمی‌تواند
17	بفهمد
18	خریداران
19	با
20	هزینه
21	بالا
22	از
23	چه
24	کالایی
25	خرید
26	می‌کنند
27	و
28	خریداران
29	با
30	سبد
31	قیمتی
32	پایین
33	چه
34	کالایی
35	را
36	می‌پسندند
37	؛
38	نمی‌داند
39	کدام
40	کالا
41	فروش
42	بهتری
43	دارد
44	،
45	چه
46	کالایی
47	در
48	انبار
49	می‌ماند
50	،
51	چه
52	کالایی
53	حجم
54	سرمایه
55	سازمان
56	را
57	درگیر
58	می‌کند
59	و
60	در
61	یک
62	کلام
63	:
64	از
65	میان
66	انبوه
67	داده
68	هیچ
69	دانش
70	مفیدی
71	استخراج
72	نمی‌کند
73	.

0	داده
1	کاوی
2	چیست
3	؟
4	سازمان‌ها
5	برای
6	تصمیم
7	گیری
8	و
9	برنامه
10	ریزی
11	به
12	اطلاعات
13	نیاز
14	دارند
15	،
16	بخش
17	مهمی
18	از
19	این
20	اطلاعات
21	از
22	خود
23	سازمان
24	ناشی
25	می‌شود
26	،
27	از
28	داده‌های
29	قبلی
30	و
31	الگوهای
32	عملکرد
33	سازمان
34	استخراج
35	می‌شوند
36	،
37	داده‌های
38	خود
39	سازمان
40	نشان
41	دهنده
42	رفتار
43	مشتریان
44	و
45	همکاران
46	و
47	بیان
48	کننده
49	موفقیت
50	یا
51	شکست
52	سازمان
53	در
54	یک
55	عمل
56	خاص
57	هستند
58	.

0	برای
1	استخراج
2	اطلاعات
3	مفید
4	از
5	میان
6	انبوه
7	حجم
8	داده‌های
9	ثبت
10	شده
11	باید
12	از
13	فن
14	داده
15	کاوی
16	استفاده
17	کرد
18	.

0	داده
1	کاوی
2	فنی
3	است
4	که
5	از
6	میان
7	پایگاه
8	داده
9	سازمان
10	،
11	به
12	دنبال
13	الگوهای
14	پنهان
15	در
16	میان
17	داده‌ها
18	،
19	ارتباط
20	میان
21	آنها
22	،
23	روند
24	و
25	الگوی
26	آنها
27	می‌گردد
28	.

0	داده
1	کاوی
2	از
3	توابع
4	و
5	الگوریتم‌های
6	پیشرفته
7	ریاضی
8	استفاده
9	می‌کند
10	تا
11	ارتباط
12	میان
13	دو
14	دسته
15	از
16	داده
17	و
18	امکان
19	رخ
20	دادن
21	یک
22	نتیجه
23	را
24	در
25	آینده
26	پیش
27	بینی
28	کند
29	.

0	داده
1	کاوی
2	چه
3	کاری
4	می‌تواند
5	انجام
6	دهد
7	؟
8	داده
9	کاوی
10	عموما
11	توسط
12	سازمان‌های
13	مشتری
14	محور
15	استفاده
16	می‌شود
17	،
18	این
19	سازمان‌ها
20	(
21	فروشگاه‌ها
22	،
23	تولید
24	کنندگان
25	،
26	خرده
27	فروشان
28	و
29	فروشگاه‌های
30	اینترنتی
31	)
32	می‌توانند
33	با
34	استفاده
35	از
36	داده
37	کاوی
38	ارتباط
39	میان
40	اقدامات
41	خود
42	و
43	عوامل
44	درونی
45	سازمان
46	مثل
47	قیمت
48	کالاها
49	،
50	تخفیفات
51	،
52	هزینه
53	تبلیغات
54	و
55	دیگر
56	عوامل
57	داخلی
58	را
59	با
60	عوامل
61	بیرونی
62	مثل
63	مشخصات
64	مشتریان
65	(
66	سن
67	،
68	جنسیت
69	،
70	درآمد
71	و
72	محل
73	سکونت
74	)
75	،
76	رقبا
77	و
78	عوامل
79	عمومی
80	بازار
81	(
82	سطح
83	درآمد
84	جامعه
85	،
86	وضعیت
87	رونق
88	و
89	رکود
90	اقتصادی
91	)
92	را
93	پیدا
94	کنند
95	.

0	علاوه
1	بر
2	این
3	می‌توان
4	شاخص‌هایی
5	مثل
6	رضایت
7	مشتری
8	،
9	درآمد
10	و
11	سود
12	سازمان
13	،
14	مجموع
15	سرمایه
16	درگردش
17	و
18	هزینه‌های
19	جاری
20	و
21	میزان
22	افزایش
23	و
24	کاهش
25	آنها
26	در
27	طول
28	زمان
29	را
30	استخراج
31	کند
32	.

0	به
1	طور
2	مثال
3	شرکت
4	ویدئوی
5	خانگی
6	از
7	داده‌های
8	سابق
9	مشتریان
10	استفاده
11	می‌کند
12	و
13	به
14	انها
15	ویدئوهایی
16	پیشنهاد
17	می‌دهد
18	تا
19	آنها
20	را
21	تماشا
22	کنند
23	.

0	والمارت
1	(
2	بزرگترین
3	خرده
4	فروش
5	زنجیره‌ای
6	جهان
7	)
8	برای
9	بهبود
10	عمکلرد
11	عرضه
12	کنندگان
13	خود
14	از
15	داده
16	کاوی
17	در
18	مقیاسی
19	وسیع
20	استفاده
21	کرده_است
22	.

0	داده‌های
1	۲۹۰۰
2	فروشگاه
3	در
4	۶
5	کشور
6	برای
7	این
8	کار
9	استفاده
10	شده‌اند
11	و
12	در
13	مجموع
14	۷٫۵
15	ترابایت
16	داده
17	مورد
18	بررسی
19	قرار
20	گرفت
21	.

0	۳۵۰۰
1	تامین
2	کننده
3	به
4	داده‌های
5	دسترسی
6	پیدا
7	کردند
8	تا
9	بتوانند
10	الگوهای
11	خرید
12	مشتریان
13	،
14	عمکلرد
15	یک
16	کالا
17	و
18	محصول
19	خاص
20	را
21	بررسی
22	کنند
23	و
24	برنامه‌های
25	خود
26	را
27	بر
28	این
29	پایه
30	و
31	اساس
32	بهبود
33	دهند
34	.

0	استراتژی
1	و
2	داده
3	کاوی
4	صد
5	البته
6	کاربرد‌های
7	داده
8	کاوی
9	بسیار
10	زیاد
11	است
12	و
13	می‌تواند
14	در
15	شرکت‌ها
16	و
17	سازمان‌ها
18	مختلف
19	متفاوت
20	باشد
21	.

0	آنچه
1	در
2	بالا
3	بیان
4	شد
5	خلاصه‌ای
6	از
7	کاربردهای
8	داده
9	کاوی
10	در
11	بخش
12	فروش
13	و
14	بازاریابی
15	بود
16	.

0	شما
1	می‌توانید
2	با
3	استفاده
4	از
5	داده
6	کاوی
7	در
8	حل
9	مشکلات
10	سازمان
11	مفید
12	واقع
13	شوید
14	.

0	استراتژیست‌های
1	بزرگ
2	موفق
3	برای
4	مستدل
5	و
6	دقیق
7	بودن
8	استراتژی‌ها
9	و
10	برنامه
11	ریزی‌های
12	خود
13	باید
14	از
15	داده
16	کاوی
17	و
18	اطلاعات
19	به
20	دست
21	آمده
22	از
23	آن
24	حد
25	اکثر
26	استفاده
27	را
28	ببرند
29	.

0	در
1	واقع
2	برنامه
3	ریزی
4	استراتژیک
5	بدون
6	استفاده
7	از
8	داده
9	کاوی
10	مثل
11	رانندگی
12	با
13	چشمان
14	بسته_است
15	!

0	اگر
1	یک
2	استراتژیست
3	می‌خواهد
4	در
5	زمینه
6	برنامه
7	ریزی
8	کاربردی
9	و
10	اجرایی
11	موفق
12	باشد
13	باید
14	از
15	سلاح
16	داده
17	کاوی
18	استفاده
19	کند
20	.

0	داده
1	کای
2	چه
3	فایده‌ای
4	دارد
5	؟
6	شناخت
7	مشتریان
8	سودآور
9	:
10	می‌توانید
11	مشتریانی
12	که
13	بیشترین
14	سود
15	شما
16	از
17	آنها
18	حاصل
19	شده
20	را
21	شناسایی
22	کنید
23	و
24	برای
25	حفظ
26	وفاداری
27	مشتری
28	تلاش
29	کنید
30	.

0	بهینه
1	سازی
2	سبد
3	محصول
4	:
5	شناخت
6	محصولات
7	پر
8	فروش
9	،
10	محصولات
11	سودآور
12	محصولات
13	زیان
14	ده
15	از
16	دیگر
17	فواید
18	داده
19	کاوی
20	است
21	.

0	با
1	این
2	کار
3	می‌توانید
4	در
5	بهتر
6	کردن
7	سبد
8	محصول
9	خود
10	اقدام
11	کنید
12	.

0	شناخت
1	مشتریان
2	وفادار
3	و
4	قدیمی
5	:
6	می‌توانید
7	بفهمید
8	مشتریان
9	قدیمی
10	شما
11	چه
12	کسانی
13	هستند
14	و
15	با
16	چه
17	برنامه‌ای
18	خرید
19	می‌کنند
20	،
21	چه
22	کالایی
23	را
24	دوست
25	دارند
26	و
27	چه
28	کالایی
29	باعث
30	وفاداری
31	آنها
32	شده_است
33	.

0	بررسی
1	طول
2	عمر
3	مشتری
4	:
5	با
6	استفاده
7	از
8	داده
9	کاوی
10	می‌توانید
11	طول
12	عمر
13	مشتری
14	و
15	چرخه
16	آن
17	،
18	میزان
19	سود
20	حاصل
21	عایده
22	از
23	هر
24	مشتری
25	در
26	هر
27	مرحله
28	را
29	بررسی
30	کنید
31	.

