0	﻿هزار
1	سال
2	است
3	که
4	مردم
5	فارسی
6	زبان
7	و
8	فارسی‌دان
9	و
10	فارسی‌خوان
11	در
12	قلمرو
13	زبان
14	فارسی
15	با
16	شاهنامه
17	این
18	سند
19	لیاقت
20	زبان
21	فارسی
22	،
23	این
24	گنجینه
25	معارف
26	ایرانی
27	و
28	اسلامی
29	و
30	این
31	فرهنگ
32	ایران
33	به
34	معنی
35	وسیع
36	کلمه
37	از
38	آغاز
39	تا
40	پایان
41	قرن
42	چهارم
43	هجری
44	آشنایی
45	دارند
46	و
47	آن
48	را
49	خوانده
50	و
51	بهره‌ها
52	برده‌اند
53	و
54	یا
55	در
56	مجامع
57	عمومی
58	از
59	زبان
60	راویان
61	نقال
62	و
63	در
64	محافل
65	خصوصی
66	از
67	دو
68	لب
69	شاهنامه‌خوانان
70	داستان‌هایی
71	مهیج
72	و
73	سرگذشت‌های
74	عبرت‌آموز
75	آن
76	را
77	شنیده
78	و
79	ذوق‌ها
80	کرده‌اند
81	و
82	سخن‌شناسان
83	نکته‌سنج
84	و
85	نقادان
86	موشکاف
87	و
88	آگاهان
89	بر
90	رمز
91	و
92	راز
93	داستان‌های
94	حماسی
95	به
96	شاهکار
97	بودن
98	آن
99	گنجینه
100	هنر
101	در
102	توصیف
103	و
104	آموزنده
105	بودن
106	آن
107	در
108	مسائل
109	اجتماعی
110	و
111	اخلاقی
112	و
113	اعتقادی
114	و
115	ایمانی
116	و
117	ممتاز
118	و
119	برتر
120	بودن
121	آن
122	از
123	دیگر
124	آثار
125	حماسی
126	جهان
127	و
128	والایی
129	و
130	ماندگاری
131	مقام
132	بلند
133	سراینده
134	گشاده‌زبان
135	و
136	باریک
137	اندیش
138	آن
139	هم‌داستان
140	گشته‌اند
141	همچنان‌که
142	عرضه
143	شدن
144	متن
145	شاهنامه
146	در
147	۲۶
148	جزوه
149	به
150	قطع
151	کوچک
152	با
153	توضیحات
154	لغوی
155	زیر
156	صفحات
157	خواندن
158	آن
159	کتاب
160	عظیم
161	جلیل‌القدر
162	را
163	در
164	هر
165	حال
166	و
167	هر
168	جای
169	برای
170	همه
171	کس
172	آسان
173	ساخته_است
174	برگردان
175	روایت‌گونه
176	آن
177	نیز
178	به
179	سهولت
180	اطلاع
181	بر
182	محتوای
183	شاهنامه
184	را
185	فراهم
186	آورده_است
187	و
188	راه‌گشای
189	خواندن
190	متن
191	شاهنامه
192	به
193	روانی
194	و
195	آسانی
196	است
197	شاهنامه
198	نامه‌ای
199	است
200	پندمند
201	.

0	سرگذشت
1	تاریخی
2	ملتی
3	است
4	که
5	شکست‌ها
6	و
7	پیروزی‌های
8	بسیاری
9	را
10	تجربه
11	کرده
12	اما
13	همواره
14	بر
15	پای
16	ایستاده
17	و
18	در
19	برابر
20	همه‌ی
21	حوادث
22	سربلند
23	و
24	سرافراز
25	بیرون
26	آمده_است
27	.

0	شاهنامه
1	کامرانی‌ها
2	و
3	ناکامی‌ها
4	،
5	مرادی‌ها
6	و
7	نامرادی‌های
8	تاریخ
9	ایران
10	را
11	بیان
12	کرده_است
13	.

0	راوی
1	صادقی
2	است
3	که
4	شکست‌ها
5	را
6	بیان
7	کرده
8	و
9	البته
10	دردناک
11	به
12	آن
13	نگریسته
14	و
15	در
16	عین
17	حال
18	به
19	پیروزی‌ها
20	افتخار
21	کرده_است
22	.

0	دشمنانی
1	چون
2	افراسیاب
3	و
4	تورانیان
5	را
6	بزرگ
7	خطاب
8	کرده
9	و
10	از
11	بیان
12	آن
13	ابایی
14	نداشته_است
15	،
16	پس
17	دلیلی
18	ندارد
19	که
20	آخر
21	شاهنامه
22	به
23	دلیل
24	پیروزی
25	اعراب
26	خوش
27	نباشد
28	.

0	او
1	می‌آموزد
2	که
3	تاریخ
4	اینجا
5	تمام
6	نخواهد_شد
7	.

0	آخر
1	شاهنامه
2	آخر
3	تاریخ
4	نیست
5	.

0	پیروزی
1	و
2	شکست
3	لازمه‌ی
4	وجود
5	هر
6	جامعه‌ای
7	هست
8	.

0	روزگارانی
1	دیگر
2	تقدیر
3	تاریخ
4	به
5	گونه‌ای
6	دیگر
7	رقم
8	خواهد_خورد
9	.

0	قطعا
1	در
2	گذر
3	تاریخ
4	باز
5	هم
6	جنگ‌هایی
7	خواهد_بود
8	.

0	باز
1	هم
2	شکست‌ها
3	و
4	پیروزی‌هایی
5	نصیب
6	ما
7	خواهد_شد
8	و
9	به
10	راستی
11	که
12	مگر
13	شکست
14	از
15	اعراب
16	نخستین
17	شکست
18	ما
19	بوده
20	و
21	یا
22	قرار
23	است
24	آخرین
25	شکست
26	ما
27	باشد
28	مگر
29	تاریخ
30	امروز
31	ما
32	به
33	همین
34	جایی
35	که
36	هستیم
37	منتهی
38	خواهد_شد
39	و
40	پایان
41	خواهد_پذیرفت
42	اگر
43	خوش
44	بودن
45	یا
46	ناخوش
47	بودن
48	را
49	به
50	پیروزی
51	یا
52	شکست
53	منحصر
54	کنیم
55	،
56	آنگاه
57	ابتدای
58	شاهنامه
59	هم
60	که
61	پیروزی
62	ضحاک
63	است
64	غم
65	انگیز
66	است
67	.

0	وسط
1	شاهنامه
2	که
3	شکست
4	از
5	توران
6	،
7	روم
8	و…
9	است
10	نیز
11	دردناک
12	همچنان
13	که
14	پیروزی
15	بر
16	ضحاک
17	،
18	توران
19	و
20	روم
21	و…
22	شیرین
23	است
24	!

0	تاریخ
1	کدام
2	ملتی
3	را
4	می‌شناسیم
5	که
6	بدون
7	شکست
8	باشد
9	؟
10	بالأخره
11	فردوسی
12	یک
13	جایی
14	باید
15	شاهنامه
16	را
17	تمام
18	می‌کرد
19	.

0	پیروزی
1	یا
2	شکست
3	از
4	روم
5	.

0	پیروزی
1	یا
2	شکست
3	از
4	توران
5	زمین
6	و…
7	شاهنامه
8	هر
9	کجا
10	تمام
11	می‌شد
12	،
13	این
14	قصه
15	نا
16	تمام
17	بود
18	و
19	ناتمام
20	نیز
21	می‌ماند
22	و
23	البته
24	تا
25	پایان
26	تاریخ
27	هم
28	ناتمام
29	خواهد_ماند
30	شاهنامه
31	،
32	اثر
33	حکیم
34	ابوالقاسم
35	فردوسی
36	،
37	یکی
38	از
39	بزرگ‌ترین
40	حماسه‌های
41	جهان
42	،
43	مهم‌ترین
44	نامهٔ
45	اندیشهٔ
46	سیاسی
47	ایران‌شهری
48	در
49	دورهٔ
50	اسلامی
51	،
52	شاهکار
53	حماسی
54	زبان
55	فارسی
56	و
57	حماسهٔ
58	ملی
59	ایرانیان
60	و
61	نیز
62	بزرگ‌ترین
63	سند
64	هویت
65	ایشان
66	است
67	،
68	چنان
69	که
70	ضیاءالدین
71	ابن
72	اثیر
73	آن
74	را
75	قرآن
76	ایرانیان
77	خوانده‌است
78	مأخذ
79	اصلی
80	فردوسی
81	در
82	به‌نظم
83	کشیدن
84	داستانها
85	،
86	شاهنامهٔ
87	منثور
88	ابومنصوری
89	بود
90	که
91	چندی
92	پیش
93	از
94	آن
95	توسط
96	یکی
97	از
98	سپهداران
99	ایران‌دوست
100	خراسان
101	از
102	روی
103	آثار
104	و
105	روایات
106	موجود
107	گردآوری
108	شده_بود
109	.

0	فردوسی
1	در
2	شاهنامه
3	از
4	پنج
5	راوی
6	شفاهی
7	نیز
8	به
9	نامهای
10	آزادسرو
11	،
12	شادان
13	برزین
14	،
15	ماخ
16	پیر
17	خراسانی
18	،
19	بهرام
20	و
21	شاهوی
22	یاد
23	کرده
24	که
25	او
26	را
27	در
28	بازگو
29	کردن
30	داستانها
31	یاری
32	رسانده‌اند
33	اما
34	ذبیح‌اله
35	صفا
36	استدلال
37	کرده‌است
38	که
39	به
40	احتمال
41	فراوان
42	راویان
43	یادشده
44	مربوط
45	به
46	روزگاران
47	پیشین
48	بوداند
49	و
50	فردوسی
51	به
52	جهت
53	احترام
54	از
55	آنان
56	سخن
57	به
58	زبان
59	آورده
60	و
61	هیچ‌کدام
62	معاصر
63	با
64	حکیم
65	توس
66	نبوده‌اند
67	آخرین
68	ویرایشهای
69	فردوسی
70	در
71	شاهنامه
72	در
73	سالهای
74	۴۰۰
75	و
76	۴۰۱
77	هجری
78	قمری
79	روی‌داد
80	متون
81	کلاسیک
82	در
83	گذر
84	زمان
85	بر
86	اثر
87	حوادث
88	تاریخی
89	،
90	گرایش‌های
91	حاکمان
92	و
93	کاتبان
94	و
95	علل
96	دیگر
97	دستخوش
98	تغییر
99	و
100	تحولات
101	متعددی
102	می‌شوند
103	.

0	پیگیری
1	این
2	تحولات
3	و
4	مقایسه‌ی
5	نسخه‌های
6	متعدد
7	به‌جا
8	مانده
9	از
10	متون
11	کلاسیک
12	و
13	ارائه‌ی
14	متنی
15	تا
16	حد
17	ممکن
18	اصیل
19	دغدغه‌ی
20	اصلی
21	کسانی‌ست
22	که
23	تصحیح
24	متون
25	کلاسیک
26	را
27	به‌عنوان
28	فعالیتی
29	ادبی
30	پیشه‌ی
31	خود
32	می‌کنند
33	.

0	مهری
1	بهفر
2	بیش
3	از
4	یک
5	دهه
6	است
7	که
8	کار
9	خود
10	را
11	معطوف
12	به
13	تصحیح
14	شاهنامه
15	کرده_است
16	.

0	پروژه‌ی
1	تصحیح
2	او
3	با
4	شرح
5	یکایک
6	ابیات
7	،
8	مقایسه‌ی
9	درونمایه‌ی
10	داستان‌ها
11	و
12	شخصیت‌های
13	شاهنامه
14	با
15	مابه‌ازاهای
16	اساطیری‌شان
17	در
18	ادبیات
19	اسطوره‌
20	ای
21	و
22	حماسی
23	جهان
24	و
25	ضمائمی
26	دیگر
27	همراه
28	شده_است
29	که
30	مجموع
31	آن
32	به
33	تخمین
34	خودش
35	مشتمل
36	بر
37	بیست
38	جلد
39	خواهدشد
40	.

0	تا
1	به
2	حال
3	سه
4	دفتر
5	از
6	این
7	مجموعه
8	منتشر
9	شده_است
10	.

0	انتشار
1	دفتر
2	سوم
3	بهانه‌ای
4	شد
5	تا
6	پای
7	صحبت
8	مهری
9	بهفر
10	بنشینیم
11	تا
12	از
13	چند
14	و
15	چون
16	تألیف
17	و
18	انتشار
19	این
20	مجموعه
21	برای‌مان
22	بگوید
23	وقتی
24	کشورت
25	را
26	اشغال
27	کرده_باشند
28	زبانت
29	را
30	در
31	شرف
32	نابودی
33	قرار
34	داده_باشند
35	،
36	کتاب‌هایت
37	را
38	سوزانده
39	باشند
40	،
41	فرهنگت
42	را
43	از
44	بین
45	برده_باشند
46	،
47	تاریخت
48	را
49	تحریف
50	کرده_باشند
51	و
52	هویت
53	ملی‌ات
54	را
55	به
56	دست
57	فراموشی
58	سپرده_باشند
59	،
60	چه
61	کاری
62	می‌تواند
63	شیرین‌تر
64	و
65	پر
66	اهمیت‌تر
67	از
68	این
69	تلقی
70	شود
71	که
72	بتوانی
73	زبانت
74	را
75	زنده
76	کنی
77	،
78	تاریخت
79	را
80	از
81	دست
82	فراموشی
83	نجات
84	دهی
85	،
86	غرور
87	ملی‌ات
88	را
89	بازسازی
90	نمایی
91	،
92	فرهنگت
93	را
94	بازیابی
95	کنی
96	،
97	…
98	و
99	چه
100	کاری
101	بالاتر
102	از
103	این
104	و
105	چه
106	پیروزی‌ای
107	خوش‌تر
108	از
109	این
110	؟
111	این
112	حقیقت
113	را
114	نیز
115	باید
116	بدانیم
117	که
118	تخیلات
119	همیشه
120	پوچ
121	و
122	بی
123	مصرف
124	نیستند
125	.

0	خلاقیتهای
1	هنری
2	که
3	خاستگاهشان
4	نفس
5	تخیل
6	است
7	،
8	ازاین
9	قاعده
10	مستثنایند
11	.

0	ازضرورتها
1	و
2	نیاز
3	امروز
4	جهان
5	است
6	که
7	هنروران
8	و
9	آنان
10	که
11	در
12	تولید
13	هنر
14	و
15	مشاغل
16	هنری
17	فعالند
18	همواره
19	مترصد
20	آن
21	باشند
22	که
23	در
24	خلاقیتهای
25	خود
26	،
27	عناصر
28	تعقل
29	و
30	تفکر
31	منطقی
32	را
33	نیز
34	ملحوظ
35	و
36	منظور
37	دارند
38	.

0	پا
1	ازحد
2	مجاز
3	و
4	مفید
5	فراتر
6	نگذارند
7	.

0	در
1	شعر
2	،
3	ادب
4	،
5	موسیقی
6	،
7	نقاشی
8	،
9	سینما
10	،
11	تآتر
12	،
13	انیمیشنها
14	و
15	برنامه‌های
16	ادبی
17	و
18	هنری
19	که
20	ترتیب
21	میدهند
22	،
23	تا
24	آنجا
25	به
26	تخیلات
27	اجازه‌ی
28	فعالیت
29	دهند
30	که
31	از
32	مرز
33	مجاز
34	تجاوز
35	و
36	تخطی
37	نکنند
38	.

0	ازبدآموزی
1	،
2	به
3	غلط
4	افتادنهای
5	افکار
6	،
7	اذهان
8	،
9	باورها
10	و
11	از
12	افراط
13	و
14	تفریط
15	در
16	هر
17	زمینه
18	و
19	پدیده‌ی
20	هنری
21	پرهیز
22	شود
23	.

0	در
1	رمانها
2	،
3	داستانها
4	و
5	افسانه‌هائی
6	که
7	بضرورت
8	ساخته
9	یا
10	مقالاتی
11	که
12	نوشته
13	می‌شوند
14	،
15	چشم
16	عقل
17	و
18	مقررات
19	علمی
20	و
21	منطقی
22	را
23	بر
24	جوانب
25	هنری
26	آن
27	آثار
28	،
29	بیدار
30	و
31	هوشیار
32	بدارند
33	زندگی
34	امروز
35	با
36	حضور
37	علوم
38	جدید
39	و
40	دستاوردهای
41	علمی
42	و
43	تکنیکی
44	جاری
45	،
46	ورود
47	تخیل
48	و
49	توهمات
50	پوچ
51	را
52	به
53	حیطه‌ی
54	حیات
55	انسان
56	،
57	جایز
58	نمیشمرد
59	.

0	درست
1	است
2	که
3	اوهام
4	و
5	خرافات
6	ناشی
7	از
8	تخیلات
9	واهی
10	در
11	زوایای
12	زندگی
13	آدمی
14	راه
15	یافته‌اند
16	و
17	هستند
18	و
19	«
20	هرکه
21	آمد
22	بر
23	آن
24	مزیدی
25	کرد
26	تا
27	به
28	این
29	غایت
30	رسید
31	»
32	اما
33	نباید
34	باشند
35	.

0	اما
1	حضورشان
2	در
3	زندگی
4	مردم
5	جهان
6	مجاز
7	نیست
8	.

0	این
1	فتوای
2	عقل
3	،
4	علم
5	و
6	منطق
7	است
8	.

0	در
1	زمانیکه
2	تلسکوپهای
3	نیرومند
4	،
5	کره‌ی
6	زمین
7	را
8	در
9	فاصله‌ی
10	شش
11	میلیارد
12	کیلومتری
13	بصورت
14	نقطه‌ای
15	آبی
16	رنگ
17	،
18	معلق
19	در
20	فضای
21	لایتناها
22	نشان
23	میدهند
24	و
25	هرکس
26	می‌تواند
27	-
28	بیاری
29	اینترنت
30	-
31	بشرح
32	ویدئوئی
33	خدمات
34	دانشمندان
35	در
36	این
37	زمینه‌ی
38	علمی
39	بنگرد
40	و
41	گوش
42	دهد
43	،
44	دیگر
45	نمی‌توان
46	پذیرفت
47	که
48	انسانهای
49	متوهم
50	در
51	توهمات
52	خود
53	،
54	صادقند
55	در
56	شبی
57	طولانی
58	و
59	بدون
60	مهتاب
61	،
62	شاعر
63	از
64	خواب
65	برمی‌خیزد
66	و
67	دل‌آزرده
68	از
69	این
70	شب
71	تیره
72	و
73	دلگیر
74	،
75	یارش
76	را
77	بیدار
78	می‌کند
79	.

0	او
1	چون
2	بی‌خواب
3	شده_است
4	از
5	دلبرش
6	می‌خواهد
7	که
8	برایش
9	بزمی
10	بیاراید
11	و
12	چنگ
13	بنوازد
14	پس
15	از
16	کامجویی
17	از
18	آن
19	بزم
20	،
21	شاعر
22	از
23	یارش
24	می‌خواهد
25	که
26	از
27	دفتر
28	پهلوی
29	(
30	تاریخ
31	شاهان
32	باستان
33	ایران
34	زمین
35	)
36	داستانی
37	را
38	بخواند
39	تا
40	او
41	به
42	شعر
43	آورد
44	.

0	داستان
1	از
2	بزمی
3	در
4	حضور
5	کیخسرو
6	شروع
7	می‌شود
8	.

0	ناگهان
1	خبر
2	می‌آورند
3	ارمنیان
4	که
5	در
6	مرز
7	ایران
8	و
9	توران
10	زندگی
11	می‌کنند
12	به
13	دادخواهی
14	آمده‌اند
15	.

0	آنان
1	زاری‌کنان
2	می‌گویند
3	که
4	گله‌ای
5	از
6	گرازان
7	به
8	بیشه‌ای
9	که
10	کشتزار
11	و
12	باغ‌هایشان
13	آنجاست
14	،
15	حمله
16	کرده‌اند
17	و
18	محصولات
19	و
20	دام‌های
21	آنان
22	را
23	نابود
24	می‌کنند
25	.

0	کیخسرو
1	دستور
2	می‌دهد
3	ظرف
4	زرین
5	بزرگی
6	را
7	در
8	میان
9	مجلس
10	قرار
11	داده
12	و
13	آن
14	را
15	لبریز
16	از
17	گوهرهای
18	گرانبها
19	کنند
20	و
21	می‌گوید
22	:
23	«
24	کدام
25	دلاوری
26	داوطلب
27	از
28	بین
29	بردن
30	گرازهاست
31	تا
32	این
33	گنج
34	را
35	پاداش
36	بگیرد
37	»
38	کسی
39	پاسخ
40	نمی‌دهد
41	تا
42	اینکه
43	بیژن
44	(
45	فرزند
46	گیو
47	و
48	نوه‌ی
49	دختری
50	رستم
51	)
52	پیشقدم
53	می‌شود
54	،
55	اما
56	پدرش
57	او
58	را
59	بر
60	این
61	جسارت
62	ملامت
63	می‌کند
64	که
65	:
66	«
67	بی‌تجربه
68	هستی
69	و
70	توانایی
71	این
72	کار
73	را
74	نداری
75	»
76	بیژن
77	که
78	جوانی
79	جویای
80	نام
81	است
82	،
83	بر
84	ادعایش
85	اصرار
86	می‌ورزد
87	.

0	شاه
1	این
2	مأموریت
3	را
4	برعهده‌ی
5	بیژن
6	می‌گذارد
7	و
8	گرگین
9	که
10	سرداری
11	با
12	تجربه
13	است
14	را
15	برای
16	راهنمایی‌اش
17	در
18	این
19	سفر
20	،
21	با
22	او
23	همراه
24	می‌کند
25	پیران
26	که
27	روی
28	کودک
29	را
30	دید
31	به
32	یاد
33	سیاوش
34	افتاد
35	و
36	گریه
37	کرد
38	زیرا
39	کودک
40	چنان
41	بود
42	که
43	گویی
44	سیاوش
45	بار
46	دیگر
47	به
48	دنیا
49	آمده_است
50	پیران
51	کودک
52	را
53	نزد
54	افراسیاب
55	برد
56	و
57	او
58	را
59	ستایش
60	کرد
61	و
62	سپس
63	خبر
64	تولد
65	فرزند
66	فرنگیس
67	(
68	نوه
69	افراسیاب
70	)
71	را
72	به
73	او
74	داد
75	و
76	گفت
77	«
78	این
79	کودک
80	از
81	خوبی
82	به
83	تو
84	مانند
85	است
86	،
87	از
88	پهلوانی
89	به
90	فریدون
91	و
92	زیبایی
93	اش
94	تور
95	(
96	نیاکان
97	افراسیاب
98	)
99	را
100	به
101	یاد
102	می‌آورد
103	.

0	نظر
1	من
2	این
3	است
4	که
5	گذشته
6	را
7	فراموش
8	کنی
9	و
10	مهر
11	کودک
12	را
13	در
14	دل
15	پرورش
16	دهی
17	او
18	را
19	به
20	چوپانان
21	بسپری
22	تا
23	دور
24	از
25	دربار
26	و
27	بدون
28	آگاهی
29	از
30	اصل
31	و
32	نژاد
33	خود
34	بزرگ
35	شود
36	.

0	»
1	گردآفرید
2	نخستین
3	شیرزن
4	حماسه
5	ملی
6	ایران
7	است
8	گردآفرید
9	دلربا
10	و
11	چالاک
12	با
13	این
14	که
15	در
16	شاهنامه
17	حضوری
18	کوتاه
19	دارد
20	و
21	شکست
22	هم
23	می‌خورد
24	بسیار
25	برجسته
26	است
27	و
28	یکی
29	از
30	گیراترین
31	زنان
32	شاهنامه
33	وی
34	را
35	می‌توان
36	مانند
37	فرانک
38	ارنواز
39	و
40	شهرناز
41	،
42	نمونه
43	زن
44	اصیل
45	ایرانی
46	دانست
47	.

0	او
1	در
2	جنگاوری
3	بی‌همتاست
4	در
5	رهسپاری
6	سهراب
7	از
8	توران
9	به
10	ایران
11	،
12	هنگامی
13	که
14	وی
15	در
16	جستجوی
17	پدرش
18	رستم
19	است
20	،
21	با
22	او
23	آشنا
24	می‌شویم
25	.

0	در
1	مرز
2	توران
3	و
4	ایران
5	،
6	دژی
7	به
8	نام
9	سپیددژ
10	هست
11	.

0	گژدهم
1	که
2	یک
3	ایرانی
4	سالخورده
5	است
6	بر
7	آن
8	فرمان
9	می‌راند
10	و
11	همواره
12	در
13	برابر
14	دشمن
15	پایداری
16	سرسختانه‌ای
17	می‌ورزد
18	و
19	با
20	این
21	کار
22	دل
23	همه
24	ایرانیان
25	را
26	به
27	آن
28	دژ
29	امیدوار
30	می‌سازد
31	.

0	گژدهم
1	پیر
2	،
3	پسری
4	خرد
5	به
6	نام
7	گستهم
8	دارد
9	،
10	و
11	دختری
12	به
13	نام
14	گردآفرید
15	.

0	سهراب
1	ناچار
2	است
3	پیش
4	از
5	درآمدن
6	به
7	خاک
8	ایران
9	از
10	این
11	دژ
12	بگذرد
13	.

0	در
1	نبرد
2	میان
3	سهراب
4	و
5	هژیر
6	،
7	فرمانده
8	دژ
9	،
10	سهراب
11	بر
12	او
13	پیروز
14	می‌گردد
15	.

0	سهراب
1	،
2	نخست
3	می‌خواهد
4	او
5	را
6	بکشد
7	،
8	اما
9	سپس
10	او
11	را
12	اسیر
13	کرده
14	راهی
15	سپاه
16	خود
17	می‌کند
18	.

0	آگاهی
1	از
2	این
3	رویداد
4	،
5	دژنشینان
6	را
7	سراسیمه
8	می‌سازد
9	،
10	اما
11	گردآفرید
12	چنان
13	این
14	را
15	مایه
16	ننگ
17	می‌داند
18	که
19	بر
20	آن
21	می‌شود
22	خود
23	به
24	نبرد
25	او
26	رود
27	.

0	سهراب
1	در
2	پی
3	چالش
4	آن
5	شیرزن
6	به
7	رزمگاه
8	درمی‌آید
9	و
10	آن
11	دو
12	به
13	پرخاش
14	و
15	نبرد
16	درمی‌آیند
17	.

0	سهراب
1	در
2	برابر
3	باران
4	تیر
5	گردآفرید
6	،
7	ناچار
8	سپرش
9	را
10	به
11	کار
12	درمی‌آورد
13	وی
14	جنگ‌کنان
15	نزدیک
16	گردآفرید
17	می‌شود
18	و
19	نیزه
20	او
21	را
22	می‌گیرد
23	.

0	با
1	نیزه
2	جامه
3	جنگی
4	او
5	را
6	می‌درد
7	،
8	گردآفرید
9	شمشیر
10	می‌کشد
11	و
12	با
13	فرود
14	آوردن
15	آن
16	نیزه
17	سهراب
18	را
19	می‌شکند
20	.

0	سرانجام
1	می‌بیند
2	که
3	توان
4	رویارویی
5	با
6	سهراب
7	را
8	ندارد
9	و
10	می‌کوشد
11	سوی
12	دژ
13	بگریزد
14	.

0	اما
1	سهراب
2	به
3	او
4	می‌رسد
5	و
6	کلاه‌خودش
7	را
8	برمی‌گیرد
9	.

0	تازه
1	می‌بیند
2	که
3	آن
4	پیکارگر
5	نه
6	مرد
7	،
8	بلکه
9	دختری
10	زیباروی
11	است
12	گردآفرید
13	به
14	نیرنگ
15	دست
16	می‌یازد
17	و
18	به
19	سهراب
20	می‌گوید
21	که
22	خوب
23	نیست
24	رزمندگان
25	ببینند
26	که
27	وی
28	در
29	نبرد
30	با
31	یک
32	دختر
33	به
34	چنین
35	کوشش
36	و
37	رنجی
38	گرفتار
39	آمده
40	و
41	به
42	او
43	پیشنهاد
44	می‌کند
45	که
46	همراهش
47	به
48	درون
49	دژ
50	برود
51	و
52	دژ
53	در
54	چنگ
55	اوست
56	.

0	روزی
1	رستم
2	هوای
3	رفتن
4	به
5	شکار
6	کرد
7	و
8	با
9	رخش
10	به
11	سوی
12	مرز
13	توران
14	رفت
15	پس
16	آنجا
17	را
18	پر
19	از
20	گورخر
21	دید
22	شاد
23	شد
24	و
25	شکاری
26	زد
27	و
28	آتش
29	بیفروخت
30	.

0	درختی
1	را
2	کند
3	و
4	در
5	گورخری
6	که
7	شکار
8	کرده_بود
9	چون
10	سیخی
11	فرو
12	برد
13	و
14	بر
15	آتش
16	گذاشت
17	.

0	پس
1	از
2	صرف
3	غذا
4	و
5	نوشیدن
6	آب
7	خوابید
8	.

0	هفت
1	هشت
2	تن
3	از
4	سواران
5	ترک
6	رخش
7	را
8	دیدند
9	و
10	او
11	را
12	دنبال
13	کردند
14	.

0	رخش
1	دوتا
2	از
3	آنها
4	را
5	با
6	لگد
7	کوبید
8	و
9	سر
10	یکی
11	را
12	از
13	تن
14	جدا
15	کرد
16	.

0	پس
1	آنها
2	با
3	کمند
4	گردن
5	او
6	را
7	به
8	بند
9	آوردند
10	و
11	به
12	شهر
13	بردند
14	وقتی
15	رستم
16	برخاست
17	و
18	رخش
19	را
20	ندید
21	غمگین
22	شد
23	و
24	پیاده
25	به
26	سوی
27	سمنگان
28	رفت
29	تا
30	مگر
31	نشانی
32	از
33	او
34	بیابد
35	وقتی
36	صبح
37	شد
38	بر
39	بازوی
40	رستم
41	مهره‌ای
42	قرار
43	داشت
44	که
45	آن
46	مهره
47	را
48	در
49	همه
50	جهان
51	می‌شناختند
52	.

0	آن
1	را
2	به
3	تهمینه
4	داد
5	و
6	گفت
7	اگر
8	دختردار
9	شدی
10	این
11	را
12	به
13	گیسوی
14	او
15	ببند
16	و
17	اگر
18	پسردار
19	شدی
20	آن
21	را
22	به
23	بازویش
24	ببند
25	و
26	سپس
27	از
28	او
29	خداحافظی
30	کرد
31	و
32	به
33	سوی
34	شاه
35	سمنگان
36	رفت
37	پس
38	او
39	مژده
40	داد
41	که
42	رخش
43	را
44	یافته_است
45	.

0	رستم
1	سوار
2	رخش
3	شد
4	و
5	شاد
6	و
7	سرحال
8	به
9	سوی
10	ایران
11	و
12	از
13	آنجا
14	به
15	زابلستان
16	رفت
17	.

0	بعد
1	از
2	گذشت
3	نه
4	ماه
5	تهمینه
6	پسری
7	به
8	دنیا
9	آورد
10	زیبارو
11	چون
12	رستم
13	که
14	نامش
15	را
16	سهراب
17	نهادند
18	.

0	وقتی
1	یکماهه
2	شد
3	مانند
4	کودک
5	یک
6	ساله
7	بود
8	و
9	در
10	سه
11	سالگی
12	به
13	میدان
14	قدم
15	نهاد
16	و
17	در
18	پنج
19	سالگی
20	چون
21	شیرمردان
22	شده_بود
23	و
24	در
25	ده
26	سالگی
27	کسی
28	نمی‌توانست
29	با
30	او
31	نبرد
32	کند
33	.

0	روزی
1	نزد
2	مادر
3	رفت
4	و
5	گفت
6	پدر
7	من
8	کیست
9	؟
10	اگر
11	کسی
12	بپرسد
13	چه
14	پاسخ
15	دهم
16	؟
17	مادر
18	گفت
19	تو
20	پسر
21	پهلوان
22	پیلتن
23	رستم
24	هستی
25	و
26	از
27	نوادگان
28	سام
29	و
30	زال
31	می‌باشی
32	.

0	نامه‌ای
1	از
2	رستم
3	به
4	او
5	نشان
6	داد
7	با
8	سه
9	یاقوت
10	رخشان
11	و
12	سه
13	کیسه
14	زر
15	که
16	پدرش
17	زمانیکه
18	او
19	بدنیا
20	آمده_بود
21	فرستاده_بود
22	.

0	تهمینه
1	گفت
2	افراسیاب
3	نباید
4	در
5	این
6	مورد
7	چیزی
8	بداند
9	زیرا
10	او
11	دشمن
12	پدرت
13	است
14	و
15	اگر
16	هم
17	پدرت
18	بداند
19	که
20	تو
21	چنین
22	یلی
23	شده‌ای
24	تو
25	را
26	نزد
27	خودش
28	می‌برد
29	و
30	من
31	از
32	دوری
33	تو
34	ملول
35	می‌شوم
36	.

0	اما
1	سهراب
2	گفت
3	این
4	سخنی
5	نیست
6	که
7	آن
8	را
9	پنهان
10	کنم
11	و
12	تو
13	نباید
14	این
15	را
16	پنهان
17	می‌کردی
18	.

0	اکنون
1	من
2	از
3	ترکان
4	سپاهی
5	آماده
6	می‌کنم
7	و
8	به
9	ایران
10	می‌روم
11	و
12	کاووس
13	را
14	از
15	تخت
16	به
17	زیر
18	میاورم
19	و
20	طوس
21	و
22	گرگین
23	و
24	گودرز
25	و
26	گیو
27	و
28	گستهم
29	و
30	نوذر
31	و
32	بهرام
33	را
34	نابود
35	می‌کنم
36	و
37	بعد
38	رستم
39	را
40	به
41	جای
42	کاووس
43	می‌نشانم
44	سپس
45	به
46	توران
47	رفته
48	و
49	افراسیاب
50	را
51	به
52	زیر
53	می‌کشم
54	و
55	تو
56	را
57	بانوی
58	شهر
59	ایران
60	می‌کنم
61	.

0	سپس
1	خواست
2	اسبی
3	پیدا
4	کند
5	که
6	تهمینه
7	به
8	چوپان
9	گفت
10	هرچه
11	اسب
12	هست
13	بیار
14	تا
15	او
16	انتخاب
17	کند
18	.

0	اما
1	هر
2	اسبی
3	می‌آوردند
4	تاب
5	تحمل
6	دست
7	سهراب
8	را
9	هم
10	نداشت
11	یکی
12	از
13	دلیران
14	آمد
15	و
16	گفت
17	من
18	کره‌ای
19	از
20	نژاد
21	رخش
22	دارم
23	.

0	سهراب
1	شاد
2	شد
3	و
4	آن
5	اسب
6	را
7	آزمایش
8	کرد
9	و
10	انتخاب
11	نمود
12	.

0	سپس
1	نزد
2	شاه
3	سمنگان
4	رفت
5	و
6	از
7	او
8	کمک
9	خواست
10	و
11	او
12	نیز
13	هرچه
14	خواست
15	به
16	او
17	داد
18	و
19	مجهز
20	روانه‌اش
21	کرد
22	علی
23	را
24	دیدم
25	که
26	درحال
27	بازی
28	کردن
29	بود
30	و
31	ناگهان
32	سرش
33	به
34	میزی
35	که
36	تازه
37	خریده_بودند
38	خورد
39	و
40	پدرش
41	که
42	تازه
43	از
44	سرکار
45	آمده_بود
46	او
47	را
48	به
49	بیمارستانی
50	که
51	نزدیک
52	خانه‌ی
53	مادر
54	بزرگش
55	که
56	تازه
57	از
58	دنیا
59	رفته_بود
60	برد
61	*****
62	پررنگتر
63	قرمزتر
64	واژگون
65	نیلگون
66	لاابالی
67	شن
68	و
69	ماسه
70	گل
71	سر
72	پژواک
73	بازگشت
74	مارمولکی
75	میخچه
76	مخچه
77	آب
78	نبات
79	کولاکیترینی
80	خفنترینم
81	خفتگان
82	رفته‌گر
83	سشواری
84	جاکیفی
85	خیار
86	پلاستیکی
87	کندوان
88	کهگیلویه
89	و
90	بویراحمد
91	ارمنستان
92	شکرستان
93	میز
94	آرایش
95	هزار
96	دستان
97	پرتوان
98	خراسان
99	مژگان
100	رضوان
101	موضوعات
102	محوشدگان
103	دیگران
104	زندان
105	بازیکنان
106	یارا
107	کاراندیش
108	گیسوان
109	فراخ
110	شکم
111	فراخ
112	شلوار
113	فراخ
114	کام
115	فراخ
116	کندوری
117	فراخور
118	فراروی
119	فرخ
120	پی
121	فرخ
122	دیم
123	فرخاردیس
124	فرمان
125	روا
126	فرمگین
127	فروداشت
128	فرونهادن
129	فروتن
130	فروخت
131	فروختن
132	فرودست
133	فروزانفر
134	فروغمند
135	فروکش
136	فروگذاشت
137	فرومایه
138	فروهیده
139	فره
140	مند
141	فژاک
142	فژاگین
143	فغواره
144	فکنده
145	سرین
146	قاش
147	قاقم
148	عارض
149	قدیم
150	و
151	ندیم
152	قره
153	قاطی
154	قوزو
155	کاخ
156	نشین
157	کارآگاه
158	کارروا
159	کارکرد
160	کارکیا
161	کارمند
162	کاروانسالار
163	کاسه
164	سیاه
165	کاشت
166	کافرمژه
167	کامیاب
168	کاولی
169	ساز
170	کاه
171	دزد
172	کت
173	و
174	کلفت
175	کج
176	پلاس
177	کج
178	خلق
179	کج
180	کلاه
181	کج
182	نهاد
183	کجواج
184	کدبانو
185	کدخدا
186	کدیور
187	کرد
188	کرد
189	و
190	مرد
191	کرده
192	کار
193	کرمند
194	کرمو
195	کژباز
196	کشت
197	کشتبان
198	کشتی
199	بان
200	کلاغ
201	پر
202	کلاه
203	گوشه
204	کله
205	پوک
206	کله
207	خر
208	کله
209	خشک
210	کله
211	شق
212	کله
213	گنده
214	کله
215	معلق
216	کم
217	دل
218	کم
219	کار
220	کمبود
221	کمیاب
222	کندذهن
223	کندمند
224	کنگره
225	دار
226	کوژپشت
227	کهربارنگ
228	کهن
229	سال
230	کیارنگ
231	کیازند
232	کیاگن
233	کیفور
234	کینه
235	توز
236	گاوچشم
237	گاودل
238	گاورنگ
239	گاوسر
240	گاوگون
241	گاویار
242	گاهبد
243	گذارد
244	گذربان
245	گذشتگان
246	گران
247	پایه
248	گران
249	جان
250	گران
251	سایه
252	گران
253	سر
254	گران
255	سرشت
256	گران
257	سنگ
258	گران
259	قدر
260	گرانبار
261	گرانبها
262	گرانمایه
263	گربه
264	چشم
265	گربه
266	کوره
267	گربه
268	گون
269	گرد
270	پیری
271	گرد
272	و
273	قلنبه
274	گرداگرد
275	گردالی
276	گردمشت
277	گردن
278	برده
279	گردن
280	شق
281	گردوغند
282	گرسنه
283	چشم
284	گرفت
285	گرگ
286	بند
287	گرگ
288	میش
289	گرگ
290	و
291	میش
292	گرگین
293	گرم
294	خو
295	گرم
296	سخن
297	گسی
298	بنده
299	گشاده
300	گشاده
301	دل
302	گشاده
303	کار
304	گشت
305	گفت
306	گل
307	چهره
308	گل
309	ریزان
310	گل
311	سرسبد
312	گل
313	و
314	گشاد
315	گلرنگ
316	گلفام
317	گلگون
318	گم
319	و
320	گور
321	گمراه
322	گمنام
323	گنجشک
324	دل
325	گندم
326	گون
327	گنده
328	پیر
329	گوارد
330	گوانجی
331	گوبروت
332	گور
333	به
334	گور
335	گوریش
336	گوزو
337	گوش
338	بدر
339	گوش
340	به
341	زنگ
342	گوشت
343	تلخ
344	گوشتالو
345	گوشوان
346	گوشه
347	دار
348	گوناگون
349	گهبد
350	لابرلا
351	لابلا
352	لات
353	و
354	لوت
355	لاجون
356	لاش
357	و
358	ماش
359	لال
360	و
361	پتی
362	لب
363	به
364	لب
365	لب
366	سنگ
367	لب
368	شور
369	لبالب
370	لبچور
371	لت
372	انبار
373	لت
374	انبان
375	لت
376	لت
377	لت
378	و
379	پار
380	لش
381	و
382	لوش
383	لشک
384	لشک
385	لغسر
386	لک
387	و
388	پک
389	لنگ
390	و
391	لوک
392	لنگه
393	به
394	لنگه
395	لوت
396	باره
397	لوش
398	لوش
399	له
400	و
401	لورده
402	مادرانه
403	مال
404	رو
405	مالامال
406	ماهپاره
407	مردانه
408	مرداوژن
409	مشک
410	فام
411	ملی
412	گرا
413	موی
414	کالیده
415	مهپاره
416	مهر
417	دهان
418	مهربخت
419	میرپنج
420	میرزا
421	قشمشم
422	میرزا
423	قلمدان
424	میرزابنویس
425	میرشکار
426	ناجوانمرد
427	ناخن
428	خشک
429	ناخودآگاه
430	نارپستان
431	نازک
432	دل
433	نازک
434	نارنجی
435	نازک
436	نی
437	نافه
438	گشا
439	ناقلا
440	نام
441	آور
442	نامه
443	سفید
444	نامه
445	سیاه
446	نان
447	کور
448	ناوخدا
449	ناودیس
450	نبود
451	نخچیروال
452	نخچیروان
453	ندید
454	بدید
455	نساسالار
456	نشیب
457	و
458	فراز
459	نق
460	نقو
461	نگون
462	بخت
463	نگون
464	طشت
465	نگونسار
466	نوپا
467	نوخط
468	نوش
469	لب
470	نوکیسه
471	نوگند
472	نونوار
473	نیست
474	نیک
475	اختر
476	نیک
477	انجام
478	نیک
479	پی
480	نیک
481	روز
482	نیکوسگال
483	نیل
484	فام
485	نیلگون
486	نیم
487	بسمل
488	نیم
489	بند
490	نیم
491	ته
492	نیمدار
493	نیمرو
494	واخواست
495	وادید
496	واگشت
497	واگفت
498	والاتبار
499	والاجاه
500	والاحضرت
501	وانمود
502	ولنگ
503	و
504	واز
505	هت
506	ومت
507	هرروزه
508	هرزه
509	مرس
510	هرکن
511	پرکن
512	هروشر
513	هفت
514	ماهه
515	هم
516	آغوش
517	هم
518	دوره
519	هم
520	کار
521	همآویز
522	همدرد
523	همدل
524	همدم
525	همه
526	کاره
527	هوشمند
528	هیچ
529	کاره
530	یارانه
531	یارمند
532	یخ
533	شکن
534	یده
535	چی
536	یک
537	انداز
538	یک
539	تیغ
540	یک
541	دل
542	یک
543	دنده
544	یک
545	رو
546	یک
547	زخم
548	یک
549	سان
550	یک
551	کاره
552	یک
553	گره
554	یک
555	لاقبا
556	یک
557	لخت
558	یک
559	نورد
560	یک
561	هوا
562	یکتا
563	یکتاپرست
564	یکدانه
565	یکدله
566	یکه
567	بزن
568	یکه
569	سوار
570	یکه
571	شناس
572	یگانه
573	آب
574	اندام
575	آب
576	ریخته
577	آب
578	کور
579	آب
580	گردش
581	آب
582	لمبو
583	آب
584	نکشیده
585	آبتاب
586	آبخورد
587	آبدست
588	آبدیده
589	آبکار
590	آبگز
591	آبیار
592	آتشبان
593	آتشپا
594	آتشین
595	پنجه
596	آخرسالار
597	آخورچرب
598	آخورخشک
599	آدمیزاد
600	آذرگون
601	آذرنگ
602	آذریون
603	آرزومند
604	آروبند
605	آزادمرد
606	آزادوار
607	آزرده
608	جان
609	آزرده
610	دل
611	آزرمگین
612	آزمند
613	آسبان
614	آسوده
615	دل
616	آسیمه
617	سر
618	آش
619	خور
620	آش
621	دهن
622	سوز
623	آشفته
624	دل
625	آشفته
626	روز
627	آشفته
628	سامان
629	آشمال
630	آشناوری
631	آفتاب
632	زده
633	آفتابه
634	دزد
635	آکنده
636	پهلو
637	آکنده
638	گوش
639	آلاخون
640	والاخون
641	آمد
642	آمد
643	شد
644	آمد
645	نیامد
646	آمد
647	و
648	رفت
649	آمیزه
650	آمیزه
651	مو
652	آهمند
653	آهن
654	پوش
655	آهن
656	خا
657	آهن
658	رگ
659	آهن
660	گذار
661	آهوپا
662	آهوتک
663	آهوچشم
664	آهودل
665	آهوفغند
666	آهومند
667	آهون
668	بر
669	آیینه
670	دار
671	ابرآلود
672	ابرقدرت
673	ابرناک
674	ابرو
675	ابرو
676	قیطانی
677	ابرو
678	کمانی
679	ابزارمند
680	ابله
681	گونه
682	ابنه
683	زده
684	اپیشه
685	اجل
686	معلق
687	اخترسوخته
688	اخترمار
689	اخمالو
690	اره
691	از
692	جان
693	گذشته
694	از
695	خود
696	راضی
697	ازدر
698	اسفل
699	السافلین
700	اسفهسالار
701	اشتربان
702	امیدوار
703	انداخت
704	اندوهگین
705	اندوهناک
706	اندیشمند
707	انگشت
708	پیچ
709	انگشت
710	کش
711	انگشت
712	نشان
713	انگشت
714	نما
715	(
716	ی
717	)
718	با
719	آب
720	و
721	تاب
722	با
723	آب
724	و
725	رنگ
726	باآبرو
727	باادب
728	بااستخوان
729	باب
730	دندان
731	بابرکت
732	باج
733	بگیر
734	باجربزه
735	باد
736	به
737	دست
738	باد
739	گرفته
740	باد
741	نشسته
742	بادپیما
743	باددست
744	بادریش
745	بادسار
746	بارور
747	بازارگان
748	بازارگرمی
749	بازخرید
750	بازخواست
751	بازداشت
752	بازدید
753	بازگشت
754	بازیافت
755	بازیگوش
756	باژگون
757	باشکوه
758	بافت
759	باوقار
760	باهوش
761	بایگان
762	ببر
763	بپا
764	بختیار
765	بخرد
766	بدانجام
767	بدپیله
768	بدخوی
769	بددل
770	بدرام
771	بدزهره
772	بدعنق
773	بدکاره
774	بدگل
775	بدگمان
776	بدگوهر
777	بدلگام
778	بدمسب
779	بدمست
780	بدمهر
781	بدنام
782	بدنما
783	برآورد
784	برابر
785	برخورد
786	برداشت
787	بردبار
788	برگشت
789	برهم
790	بزدل
791	بزرگ
792	سال
793	بزرگوار
794	بسامان
795	بسامد
796	بست
797	بستوه
798	بسزا
799	بسغده
800	بلکامه
801	بلندآوازه
802	بلندبالا
803	بلندپایه
804	بلندپرواز
805	بن
806	بست
807	بندار
808	بنساله
809	بنوان
810	بود
811	بویناک
812	به
813	غایت
814	بهبود
815	بهره
816	ور
817	بهم
818	بهمنش
819	بی
820	اندام
821	بی
822	باک
823	بی
824	برگ
825	بی
826	بند
827	و
828	بار
829	بی
830	بها
831	بی
832	پروا
833	بی
834	تا
835	بی
836	چون
837	بی
838	حد
839	بی
840	خود
841	بی
842	خیال
843	بی
844	دستگاه
845	بی
846	رگ
847	بی
848	رنگ
849	بی
850	ریش
851	بی
852	سامان
853	بی
854	سر
855	و
856	پا
857	بی
858	سنگ
859	بی
860	قرار
861	بی
862	کار
863	بی
864	کاره
865	بی
866	مر
867	بی
868	ناخن
869	بی
870	نمک
871	بی
872	نوا
873	بی
874	همال
875	بی
876	هوش
877	بیابان
878	گرد
879	بیخو
880	بیداردل
881	بیدل
882	بیراه
883	بیشمار
884	بیکران
885	بیمارغنج
886	بیمناک
887	پا
888	به
889	ماه
890	پا
891	در
892	گل
893	پا
894	در
895	هوا
896	پا
897	کوتاه
898	پابرجا
899	پابرهنه
900	پابست
901	پاپتی
902	پاچالدار
903	پاچه
904	گیر
905	پاچه
906	ورمالیده
907	پارچه
908	پارچه
909	پارسی
910	زبان
911	پاره
912	پاره
913	پاس
914	بخش
915	پاسبز
916	پاشنه
917	بلند
918	پاشنه
919	خواب
920	پاک
921	دامن
922	پاک
923	سرشت
924	پاک
925	و
926	پوست
927	کنده
928	پاکار
929	پاکباز
930	پاک‌دل
931	پاکوب
932	پاکیزه
933	پالان
934	ساییده
935	پامس
936	پانویس
937	پای
938	آور
939	پایزن
940	پخته
941	پدرام
942	پدرخوانده
943	پدیدار
944	پذرفت
945	پر
946	پراگنده
947	دل
948	پرباد
949	پرپشت
950	پرتاب
951	پرتاب
952	و
953	توان
954	پرچانه
955	پرچین
956	پرخواسته
957	پرداخت
958	پررو
959	پرشور
960	پرکار
961	پرماز
962	پرمایه
963	پرمنش
964	پرندآور
965	پرهنر
966	پری
967	بند
968	پری
969	چهر
970	پری
971	نژاد
972	پریسای
973	پریوش
974	پژاگن
975	پشت
976	ماهی
977	پشتوار
978	پشتوان
979	پلیدازار
980	پنبه
981	درگوش
982	پنجگانه
983	پنجه
984	طلایی
985	پندآگین
986	پوست
987	کلفت
988	پول
989	دار
990	پهلودار
991	پی
992	سپید
993	پی
994	فراخ
995	پی
996	گرد
997	پی
998	گم
999	پیچ
1000	پیچ
1001	پیچ
1002	واپیچ
1003	پیچاپیچ
1004	پیروزه
1005	فام
1006	پیرهن
1007	چاک
1008	پیزی
1009	گشاد
1010	پیش
1011	پیش
1012	مرگ
1013	پیشاهنگ
1014	پیشداد
1015	پیشرفت
1016	پیشوا
1017	پیشه
1018	ور
1019	پیشیار
1020	پیل
1021	سم
1022	پیلبان
1023	پیلتن
1024	پیلگون
1025	تابناک
1026	تاجور
1027	تار
1028	و
1029	تور
1030	تاریک
1031	دل
1032	تازه
1033	خط
1034	ترت
1035	و
1036	مرت
1037	ترخون
1038	تردامن
1039	تردست
1040	تردماغ
1041	ترزبان
1042	ترسناک
1043	ترش
1044	رو
1045	ترگل
1046	ور
1047	گل
1048	ترونده
1049	تکاور
1050	تکه
1051	تکه
1052	تن
1053	آسان
1054	تناور
1055	تند
1056	و
1057	خند
1058	تندخو
1059	(
1060	ی
1061	)
1062	(
1063	(
1064	(
1065	.

0	)
1	تندرست
2	تنگ
3	چشم
4	تنگاتنگ
5	تنگبار
6	تنگدست
7	تنگدل
8	تنگیاب
9	تنومند
10	ته
11	نشست
12	تهمتن
13	تهیدست
14	تی
15	تیش
16	مامانی
17	تیره
18	روز
19	تیزپا
20	تیزتاو
21	تیزدست
22	تیزدندان
23	تیزمغز
24	تیزهوش
25	جان
26	جانی
27	جان
28	سخت
29	جاودان
30	جاودانه
31	جداگانه
32	جرت
33	و
34	قوز
35	جره
36	جگر
37	جنگل
38	بان
39	جوانمرد
40	جوشیده
41	مغز
42	جهان
43	پهلوان
44	جهانبان
45	جهاندیده
46	چابک
47	دست
48	چابک
49	سوار
50	چادرچاقچوری
51	چادرنشین
52	چاکاچاک
53	چرب
54	ترازو
55	چرب
56	زبان
57	چربدست
58	چس
59	نفس
60	چسبناک
61	چشم
62	به
63	راه
64	چشم
65	پیش
66	چشم
67	تنگ
68	چشم
69	دریده
70	چشم
71	زاغ
72	چشم
73	سپید
74	چشم
75	شور
76	چشمه
77	چشمه
78	چل
79	تاج
80	چل
81	تکه
82	چل
83	کلید
84	چلمن
85	چماق
86	لو
87	چوبک
88	زن
89	چهارشانه
90	چهل
91	ستون
92	چیره
93	دست
94	حروف
95	حساب
96	حق
97	به
98	جانب
99	خاکرو
100	خاکسار
101	خاکسترنشین
102	خاله
103	زنک
104	خام
105	طبع
106	خام
107	طمع
108	خامدست
109	خانه
110	به
111	دوش
112	خانه
113	دار
114	خانه
115	شاگرد
116	خدابیامرز
117	خرپول
118	خردسال
119	خشک
120	خشک
121	سر
122	خشمگین
123	خنده
124	خریش
125	خنده
126	رو
127	خنگ
128	و
129	لوک
130	خنگسار
131	خواجه
132	سرا
133	خواست
134	خواهشمند
135	خوب
136	رو
137	(
138	ی
139	)
140	خودرای
141	خودسر
142	خودکار
143	خودکام
144	خوش
145	آمد
146	خوش
147	خوراک
148	خوش
149	خیم
150	خوش
151	مزه
152	خوشاب
153	خوشبخت
154	خوشگل
155	خوشنوا
156	خوک
157	دانی
158	خون
159	گرم
160	خوندگار
161	خونسرد
162	خونین
163	جگر
164	داد
165	دادگاهی
166	دادور
167	داشت
168	داغسر
169	دامن
170	دامنه
171	دار
172	دامیار
173	دانشمند
174	دانشور
175	دانشومند
176	در
177	در
178	به
179	در
180	درخواست
181	درخورد
182	دردمند
183	دردناک
184	درشت
185	خو
186	درگذشت
187	دروا
188	دریافت
189	دزدافشار
190	دژآباد
191	دژآگاه
192	دژآهنگ
193	دژبرو
194	دژخیم
195	دژکام
196	دژم
197	دژمان
198	دژنام
199	دست
200	پاچه
201	دست
202	تنگ
203	دست
204	چین
205	دست
206	خوش
207	دست
208	کج
209	دست
210	نویس
211	دستبرد
212	دشت
213	بان
214	دق
215	دلی
216	دق
217	و
218	لق
219	دل
220	افگار
221	دل
222	پر
223	دل
224	خسته
225	دل
226	مرده
227	دلارام
228	دلباز
229	دلبند
230	دل‌پاک
231	دلخور
232	دلریش
233	دلسرد
234	دلگرم
235	دلواپس
236	دله
237	دزد
238	دم
239	بخت
240	دم
241	کل
242	دم
243	کلفت
244	دو
245	به
246	هم
247	زن
248	دو
249	پهلو
250	دو
251	تا
252	دو
253	دل
254	دوال
255	دوبرجی
256	دوتخمه
257	دوتهی
258	دوخت
259	دودگون
260	دودوزه
261	بازی
262	کردن
263	دورگه
264	دوستدار
265	دوستکام
266	دوسره
267	دید
268	دیرکرد
269	دیرگاه
270	دیگرگون
271	دیوانگی
272	دیوانه
273	دیوجان
274	دیودل
275	دیوسار
276	دیوکلوچ
277	رادمنش
278	رازبان
279	راست
280	خانه
281	راست
282	راستکی
283	رامیار
284	راه
285	نرفته
286	راهگان
287	راهنمون
288	راهوار
289	رایگان
290	رزبان
291	رستار
292	رسید
293	رشکور
294	رفت
295	وآمد
296	رفت
297	وروب
298	رنجور
299	رنگ
300	آور
301	رنگ
302	به
303	رنگ
304	رنگ
305	رنگ
306	رنگ
307	وارنگ
308	رو
309	به
310	راه
311	روباز
312	روخ
313	چکاد
314	روده
315	روزافزون
316	روزانه
317	روزبان
318	روزبه
319	روزپیکر
320	روزگار
321	رفته
322	روسفید
323	روسیاه
324	روشندل
325	رومی
326	خو
327	رویین
328	تن
329	رهوار
330	ریخت
331	و
332	پاش
333	ریش
334	ریش
335	ریش
336	سفید
337	ریشمال
338	ریشو
339	زادخرد
340	زار
341	و
342	نزار
343	زاغ
344	دل
345	زاغ
346	رنگ
347	زاغ
348	زبان
349	زاغ
350	سار
351	زاغه
352	نشین
353	زبان
354	آور
355	زبان
356	دراز
357	زخم
358	و
359	زیلی
360	زرخیز
361	زردفام
362	زردگوش
363	زرفین
364	وار
365	زرگون
366	زریون
367	زن
368	به
369	مزد
370	زنباره
371	زنجیربان
372	زندانبان
373	زندواف
374	زنده
375	زوار
376	دررفته
377	زودباور
378	زودرنج
379	زهرآگین
380	زیر
381	و
382	بالا
383	زیردست
384	زیرک
385	سار
386	زیست
387	سابیدن
388	ساخت
389	ساخته
390	رنگ
391	ساخته
392	کاچار
393	ساده
394	تن
395	ساده
396	جگر
397	ساده
398	دل
399	ساده
400	رخ
401	ساده
402	رنگ
403	ساده
404	رو
405	ساده
406	زنخ
407	ساده
408	کار
409	ساده
410	نمک
411	سازمند
412	سازور
413	سالار
414	سالخداه
415	سالخرد
416	سالمند
417	سایه
418	خشک
419	سبزپا
420	سبزفام
421	سبک
422	دست
423	سبک
424	سایه
425	سبک
426	سنگ
427	سبک
428	سنگین
429	کردن
430	سبک
431	مغز
432	سبکبار
433	سبکبال
434	سبکپا
435	سبکسر
436	سبیلو
437	سپندآسا
438	سپیدبخت
439	سپیدپا
440	سپیددست
441	سپیده
442	ستبر
443	روی
444	ستوان
445	ستوربان
446	سخت
447	پا
448	سخت
449	پیشانی
450	سخت
451	جان
452	سخت
453	رو
454	سخت
455	کمان
456	سخت
457	لگام
458	سخنور
459	سر
460	سر
461	به
462	سر
463	به
464	نیست
465	سر
466	و
467	مر
468	سرآزاد
469	سرآمد
470	سرازیر
471	سراسیمه
472	سراشیب
473	سرانداز
474	سراندرون
475	سرباز
476	سربتو
477	سربلند
478	سربه
479	مهر
480	سرپر
481	سرپرست
482	سرتیز
483	سرحال
484	سرخانه
485	سرخر
486	سرخوش
487	سرخیل
488	سرداور
489	سردرگم
490	سردماغ
491	سرراست
492	سرزنده
493	سرسبز
494	سرسخت
495	سرسنگین
496	سرشار
497	سرشناس
498	سرگران
499	سرگردان
500	سرگرم
501	سرمست
502	سرنگون
503	سروا
504	سرور
505	سره
506	مرد
507	سرهال
508	سزاوار
509	سست
510	رگ
511	سست
512	ریش
513	سست
514	زخم
515	سفیدبخت
516	سفیدکاسه
517	سگدل
518	سگرو
519	سگسار
520	سلنج
521	سمنبر
522	سنگدل
523	سوت
524	و
525	کور
526	سوداگر
527	سوزنبان
528	سوک
529	ریش
530	سوگوار
531	سه
532	پایه
533	سهمناک
534	سیاه
535	بند
536	سیاه
537	پستان
538	سیاه
539	چرده
540	سیاه
541	دست
542	سیاه
543	دل
544	سیاه
545	رو
546	سیاه
547	سر
548	سیاه
549	سوخته
550	سیاه
551	گلیم
552	سیاه
553	مست
554	سیاهکاسه
555	سیخ
556	پر
557	سیراب
558	سیم
559	تن
560	سیماب
561	پا
562	سیماب
563	دل
564	سیمابگون
565	سیماب‌گون
566	سیمبر
567	سیمگون
568	سیمه
569	سار
570	سینه
571	باز
572	سینه
573	چاک
574	استادانتان
575	له
576	شده
577	ترینم
578	نالانترینی
579	شاعران
580	خستگان
581	آزادگان
582	تابلوهایش
583	شیشه‌ها
584	کاسه‌ها
585	روپوش‌ها
586	مادرهایمان
587	مادران
588	آزادگانیم
589	پدرانمان
590	معلم‌هایشان
591	زنانیم
592	زندگان
593	گذشتگان
594	فرشتگان
595	خفتگان
596	خستگانیم
597	گرسنگان
598	تشنگانند
599	پرندگانیم
600	برگشت
601	برنگشتم
602	برمی
603	گشتم
604	برنمی
605	گشتم
606	برگشتی
607	برنگشتی
608	برمی
609	گشتی
610	برنمی
611	گشتی
612	برگشت
613	برنگشت
614	برمی
615	گشت
616	برنمی
617	گشت
618	برگشتیم
619	برنگشتیم
620	برمی
621	گشتیم
622	برنمی
623	گشتیم
624	برگشتید
625	برنگشتید
626	برمی
627	گشتید
628	برنمی
629	گشتید
630	برگشتند
631	برمی
632	گشتند
633	برنمی
634	گشتند
635	میوجات
636	روزنامجات
637	دستجات
638	کارخانجات
639	مشمولان
640	زائران
641	منتخبان
642	برگزیدگان
643	مدعوان
644	مهمانان
645	ماهان
646	روحانیان
647	مسؤولان
648	آموزگاران
649	کارگردان
650	گریزان
651	بهاران
652	پریشانترینم
653	کشاورزان
654	ناامیدترینهایشانیم
655	رفته_باشید
656	رفته‌اند
657	خواهید_رفت
658	دارید
659	می‌روید
660	خواهند_دید
661	بروی
662	رود
663	بروند
664	دارم
665	می‌روم
666	دارند
667	می‌روند
668	بسته
669	بستگان
670	بیاموزمی
671	می
672	‌بدانید
673	می
674	‌اندیش
675	پیچدهمی
676	برفتمانی
677	بگرفتندشان
678	نماند
679	براندی
680	می
681	‌بسوخت
682	گردانیدن
683	برآمده
684	باشد
685	برفتمشان
686	وادارکردمتان
687	ببخشیدشان
688	سخت
689	کوششترینهایشانم
690	برافراشتیشان
691	میخوردمت
692	نگاه
693	کردمش
694	کثیفترینهایشانیم
695	نیاموخته‌هایت
696	موهایشان
697	آفتابگردان
698	واژه‌ها
699	فارسی
700	بزگترهایشان
701	خوبترم
702	مدرسان
703	نخبگان
704	آرزومند
705	بینابین
706	خودکاری
707	خوشحالتریم
708	کارگردانان
709	اردگک
710	کتابخانه
711	آب
712	خانوار
713	پیوستگی
714	افسرده‌ای
715	رفته‌ام
716	عمویش
717	آباده‌ای
718	خزانه‌ای
719	چگونه
720	رزمایش
721	دانایان
722	سخنگویان
723	جوی‌ها
724	جای‌ها
725	پندیات
726	دستجات
727	مشناکم
728	موزگک
729	آذربایجان
730	قستنطنیه
731	فلاسفه
732	حسنات
733	چینی
734	شکارچیان
735	نرم
736	انسدادی
737	لرزشی
738	فراکردی
739	لبالب
740	چهلچراغ
741	گلباران
742	خرگوشان
743	رده
744	دیدمشان
745	خواندمشان
746	کجات
747	آوردمشان
748	آمدوشد
749	پیروجوان
750	جانا
751	مهمانخانه
752	ناامیدترین‌هایشان
753	بازاری
754	پسند
755	حرص
756	خوردن
757	آتیش
758	پاره
759	عقب
760	افتادگی
761	کلاه
762	دردسرها
763	معلم
764	معلمیم
765	درسخوانترین
766	مرده
767	نبودنش
768	چهارمین‌ها
769	پاک
770	کن
771	چوب
772	بری‌ها
773	بن
774	بست
775	نشستن
776	بیاساییم
777	ابرکوه‌ها
778	شبه
779	سنگ
780	فضانوردانه
781	چشمک
782	درشکه
783	غیرارادی
784	کلیدواژه
785	وب
786	بهینه
787	ادغام
788	گردهمایی
789	سیه
790	جست
791	شعرسرایی
792	ناخنک
793	زدن
794	نقشه
795	میانجیگری
796	نمایه
797	رتبه
798	تصویربرداری
799	نشانه
800	ابراهیمی
801	خطی
802	وبلاگ
803	قانون
804	رهاسازها
805	دفترچه
806	برنامه
807	پردندانه
