0	﻿آن
1	روز
2	مورخ
3	۹۷/۷/۲۰
4	یا
5	به
6	عبارتی
7	۲۰
8	مهر
9	۹۷
10	حدود
11	ساعت
12	۹:۱۵
13	در
14	کلاس
15	مبحثی
16	بیان
17	شد
18	که
19	بیانگر
20	ابهامات
21	بسیاری
22	بود
23	.

0	به
1	طوری
2	که
3	هر
4	نفر
5	پاسخ
6	متفاوتی
7	داشت
8	و
9	هرکس
10	جداگانه
11	برای
12	خود
13	دانش
14	اندوزی
15	میکرد
16	!

0	جواب
1	درست
2	۰٫
3	۸۹
4	بودولی
5	هر
6	کس
7	یک
8	چیزی
9	برای
10	گفتن
11	داشت
12	!

0	مانند
1	۳/۴
2	،
3	.

0	۳۲
1	،
2	.

0	۴
1	و
2	…
3	نزدیک‌ترین
4	جواب
5	را
6	فاطمة
7	دادهبود
8	،
9	۱٫
10	۱۲
11	!

0	هم
1	همه
2	درگر
3	فته
4	بودکه
5	در
6	نه
7	و
8	سی
9	دقیقه
10	،
11	معلم
12	رسید
13	؛
14	همان
15	ابتداپرسید
16	:
17	«
18	پاسخ
19	۱٫
20	۱۲
21	راچه
22	کسی
23	بدست
24	آورده
25	؟
26	اسمی
27	روی
28	برگه‌اش
29	نبود
30	!

0	»
1	همین
2	جابود
3	که
4	فاطمة
5	فهمیدحق
6	با
7	اوبوده
8	!

0	دیگر
1	ساعت
2	۱۰
3	شده_بود
4	.

0	همه
1	آرام
2	شدند
3	ودیگر
4	به
5	شدت
6	شک‌هابرطرف
7	شده
8	بودو
9	برایشان
10	بسیار
11	تعجب
12	آور
13	بود…
14	همه
15	با
16	کنجکاوی
17	به
18	تخته
19	نگاه
20	می‌کردند
21	و
22	مشتاق
23	انه
24	حرکت
25	گچ
26	روی
27	آن
28	را
29	دنبال
30	،
31	تا
32	راه
33	حل
34	را
35	ببینند
36	که
37	ناگهان
38	در
39	ساعت
40	۱۰:۱۵
41	زنگ
42	خورد
43	که
44	همه
45	را
46	به
47	دلیل
48	این
49	یک
50	ربع
51	زودتر
52	زنگ
53	خوردن
54	تعجب
55	زده
56	کرد
57	!

0	معلم
1	به
2	نماینده
3	گفت
4	ایمیل
5	(
6	email
7	)
8	همه
9	دانش
10	آموزان
11	را
12	بگیرد
13	تا
14	پاسخ
15	را
16	به
17	آن‌ها
18	میل
19	کند
20	.

0	ایمیل‌های
1	جالبی
2	شنیده
3	میشد
4	،
5	مثل
6	BeFunny@yahoo
7	.

0	com
1	،
2	sara_happy_girl@gmail
3	.

0	com
1	یا
2	lonely
3	.

0	girl@gamil
1	.

0	com
1	و
2	…
3	که
4	تا
5	حدودی
6	از
7	روی
8	این
9	قبیل
10	آدرس
11	ایمیل‌ها
12	می‌توان
13	به
14	حال
15	درونی
16	صاحب
17	email
18	پی
19	برد
20	.

0	.

0	الگوریتم‌های
1	مختلفی
2	وجود
3	دارد
4	برای
5	کلاس
6	بندی
7	کردن
8	داده‌ها
9	(
10	data
11	)
12	؛
13	مانند
14	کی
15	.

0	ان
1	.

0	ان
1	،
2	اس
3	.

0	وی
1	.

0	ام
1	،
2	سی
3	.

0	ان
1	.

0	ان
1	و
2	غیره
3	،
4	که
5	برای
6	هر
7	کاربرد
8	باید
9	بررسی
10	کنیم
11	ببینیم
12	کدام
13	یک
14	برای
15	کارمان
16	دقت
17	(
18	accuracy
19	)
20	بالاتری
21	دارد
22	.

0	گاهی
1	بیش
2	از
3	۰٫۵
4	درصدازوقت‌های
5	روز
6	مره
7	ما
8	صرف
9	اتفاقاتی
10	میشودکه
11	هنوزرخ
12	نداده‌اند
13	و
14	ممکن
15	است
16	هیچ
17	وقت
18	هم
19	رخ
20	ندهند
21	!!
22	یادرمقابل
23	مروراتفاقاتی
24	که
25	پیشامده
26	وتمام
27	شده
28	!!
29	که
30	این‌ها
31	شاید
32	حتی
33	آن
34	قدر
35	مهم
36	هم
37	نباشند
38	!!
39	یعنی
40	اصلامهم
41	نباشند
42	!

0	مثل
1	فکر
2	کردن
3	به
4	این
5	که
6	فلان
7	شخص
8	اگر
9	ما
10	فلان
11	کار
12	را
13	که
14	به
15	نظرمان
16	درست
17	است
18	را
19	انجام
20	دهیم
21	،
22	در
23	موردماچه
24	فکری
25	می‌کند
26	!!
27	چه
28	بسا
29	اصلافلان
30	شخص
31	به
32	ذهنش
33	هم
34	چنین
35	فکری
36	خطورنکند
37	!

0	یامثلا
1	فکر
2	کردن
3	به
4	اینکه
5	اگر
6	فلان
7	چیز
8	گفته_شود
9	ممکن
10	است
11	چه
12	اتفاقیبیفتد
13	یا
14	بقیه
15	چه
16	بگویند
17	!!
18	یا
19	مثلا
20	من
21	که
22	فلان
23	کار
24	را
25	کردم
26	آیا
27	بهمان
28	شخص
29	ازمن
30	ناراحت
31	شده
32	یانه
33	؟
34	گاهی
35	با
36	یک
37	بارپرسیدن
38	ازآن
39	شخص
40	،
41	یاباصحبت
42	کردن
43	با
44	یک
45	فرد
46	که
47	مطمئنیم
48	مارا
49	دوست
50	دارد
51	و
52	همچنین
53	از
54	دیدگاهمان
55	آگاه
56	و
57	فهمیده_است
58	،
59	می‌توان
60	خیلی
61	ازآشفتگی‌های
62	فکری
63	و
64	بسیاری
65	موارد
66	که
67	فکرما
68	را
69	مشوش
70	می‌کندرها
71	شد
72	؛
73	خیلیاز
74	مسائل
75	را
76	می‌توان
77	حل
78	کرد
79	و
80	به
81	دنبال
82	آن
83	میتوانیم
84	از
85	وقتمان
86	مفید
87	تراستفاده
88	کنیم
89	وشادتربه
90	زیست
91	ن
92	خود
93	ادامه
94	دهیم
95	!!
96	در
97	پارهای
98	ازمسائل
99	،
100	مشکلزمانی
101	رخمی
102	دهدکه
103	فعل‌های
104	مرکب
105	واردکارمیشوند
106	.

0	باید
1	با
2	آنها
3	چهطور
4	برخورد
5	کرد
6	؟؟
7	فعل‌هایی
8	مانند
9	:
10	«
11	نگاه
12	کردن
13	،
14	صدازدن
15	،
16	مشوش
17	شدن
18	و
19	…
20	»
21	.

0	در۹خردادنودوهفت
1	(
2	۱۳۹۷
3	٫
4	۳.۹
5	)
6	،
7	در
8	وبلاگی
9	نوشته_بودند
10	:
11	«
12	به
13	کلمه‌ی
14	دوم
15	درفعل
16	مرکب
17	»
18	همکرد
19	«
20	می‌گویند
21	.

0	مثلا
1	»
2	کردن
3	«
4	در
5	»
6	کار
7	کردن
8	«
9	و
10	»
11	دادن
12	«
13	در
14	»
15	دستوردادن
16	«
17	و
18	»
19	زدن
20	«
21	در
22	»
23	دست
24	زدن
25	«
26	و
27	»
28	نمودن
29	«
30	در
31	»
32	صاف
33	نمودن
34	«
35	اما
36	فعل‌های
37	مرکب
38	درنامه‌های
39	رسمی
40	واداری
41	و
42	شبهرسمی
43	،
44	ظاهرا
45	به
46	دلیل
47	زیاده
48	روی
49	دررسمی
50	نوشتن
51	و
52	تفاخرادبی
53	و
54	دراصل
55	به
56	دلیل
57	ضعف
58	نگارش
59	وناآشنا
60	یی
61	با
62	فعلها
63	،
64	گاهی
65	به
66	شکلیناجور
67	با
68	هم
69	قاطیمی
70	شوند
71	.

0	یعنی
1	آقا
2	یاخانم
3	نگارنده‌ی
4	نامه
5	یا
6	اعلان
7	یا
8	بیانیه
9	یا
10	هرچه
11	،
12	همکرد
13	یک
14	فعل
15	مرکب
16	را
17	برمی
18	دارد
19	ومیگذارد
20	ته
21	دیگری
22	و
23	واژه‌ی
24	دیگر
25	آن
26	یکی
27	فعل
28	مرکب
29	را
30	برمی
31	دارد
32	و
33	می‌گذارد
34	سر
35	همکرد
36	دیگری
37	؛
38	یا
39	اصلا
40	کل
41	فعل
42	مرکب
43	را
44	اشتباهی
45	به
46	جای
47	فعلی
48	دیگر
49	به
50	کار
51	می‌برد
52	»
53	.

0	معمولاسیستم
1	مشخصی
2	درنوشتن
3	تاریخ
4	وجودندارد
5	!

0	مثلاهمه
1	این
2	مثال‌ها
3	بهیک
4	تاریخ
5	(
6	date
7	)
8	اشاره
9	می‌کنند
10	:
11	۹۷
12	٫
13	۰۷
14	٫
15	۲۰
16	،
17	۲۰
18	مهر
19	نودو
20	هفت
21	،
22	بیستم
23	مهر
24	ماه
25	۹۷
26	یا
27	بیستم
28	مهرماه
29	هزاروسیسصد
30	و
31	نودو
32	هفت
33	!

0	این
1	قبیل
2	فرمت‌ها
3	(
4	formats
5	)
6	در
7	پاره‌ای
8	از
9	متن‌ها
10	،
11	ارزیابی
12	رادچارمشکل
13	می‌کنند
14	!

0	دراینصورت
1	کاری
2	که
3	ما
4	به
5	عنوان
6	یک
7	فرد
8	متخصص
9	باید
10	انجام
11	دهیم
12	،
13	یکگونهسازی
14	این
15	تاریخهاست
16	؛
17	در
18	اینصورت
19	هر
20	زمانکه
21	هرکدام
22	ازاین
23	مواردبیاید
24	ما
25	تشخیص
26	میدهیم
27	تاریخ
28	(
29	date
30	)
31	است
32	وآن
33	را
34	به
35	یک
36	شکل
37	در
38	میاوریم
39	،
40	مثلا
41	همه
42	را
43	به
44	شکل
45	«
46	بیستم
47	مهر
48	ماه
49	هزار
50	و
51	سیسصدونودوهفت
52	»
53	یا
54	«
55	۹۷/۷/۲۰
56	»
57	.

0	در
1	این
2	صورت
3	شاید
4	شاهد
5	کاهش
6	بیش
7	از
8	.

0	۱
1	از
2	مشکلات
3	در
4	پردازش
5	متنشویم
6	!!!
7	از
8	یک
9	دید
10	گاه
11	می‌گویند
12	برای
13	ترقی
14	،
15	پیش
16	رفت
17	و
18	رشد
19	،
20	باید
21	دائما
22	به
23	مکان‌های
24	جدید
25	رفت
26	وباافراد
27	جدید
28	آشنا
29	شد
30	؛
31	از
32	جهاتی
33	درست
34	است
35	،
36	مثلا
37	فرض
38	کنید
39	شما
40	تاسال
41	یان
42	سال
43	فقطدرخانه
44	باشیدوبا
45	تنها
46	کسانی
47	که
48	ارتباط
49	برقرار
50	می‌کنید
51	خانواده
52	تان
53	باشد
54	!!!
55	در
56	اینصورت
57	تنها
58	طیف
59	اخلاقی
60	آن‌ها
61	را
62	میبینید
63	،
64	در
65	صورتی
66	که
67	شاید
68	اینهاکمتراز
69	۰٫
70	۰۰۱
71	جامعه
72	باشند
73	!!
74	با
75	منش‌های
76	جدیدوخلقو
77	خو‌های
78	متنوعی
79	آشنا
80	نمیشودید
81	در
82	نتیجه
83	شاید
84	فکر
85	کنید
86	همین
87	گونه
88	که
89	هستیدایده
90	آل‌ترین
91	است
92	و
93	همه
94	چیزخوب
95	است
96	!!
97	ساعت
98	۸:۲۰
99	صبح
100	بود
101	؛
102	نغمه‌ی
103	زیبای
104	موسیقی
105	ای
106	ازپنجره‌ی
107	پشتی
108	میامد
109	.

0	برایم
1	مسأله
2	شده_بود
3	که
4	به
5	این
6	زیبایی
7	و
8	دقت
9	،
10	چه
11	کسی
12	سنتور
13	مینوازد
14	.

0	ساعت
1	نه
2	و
3	۵۰
4	دقیقه
5	شد
6	.

0	همچنان
1	صدای
2	دل
3	نواز
4	ساز
5	میامد
6	.

0	ساعت
1	۱۰
2	و
3	پنجاه
4	و
5	پنج
6	دقیقه
7	شد
8	و
9	باز
10	همچنان
11	صدا
12	می‌آمد
13	.

0	بسیار
1	مسلط
2	بود
3	.

0	دیگر
1	طاقت
2	صبر
3	کردن
4	نداشتم
5	!!
6	دلرابه
7	دریا
8	زدم
9	و
10	رفتم
11	در
12	خانه
13	شان
14	؛
15	در
16	باز
17	بود
18	.

0	خانم
1	میانسالی
2	بادامن
3	گلداری
4	که
5	رنگ
6	و
7	لعابش
8	هم
9	کمی
10	رفتهبود
11	،
12	و
13	چهره‌ی
14	گنمدمگونی
15	که
16	سر
17	لپ‌هایش
18	نیز
19	گل
20	انداخته_بود
21	،
22	طوری
23	باذوق
24	و
25	هیجان
26	بر
27	سیمها
28	میکوبید
29	،
30	که
31	انگار
32	بار
33	اولیست
34	که
35	آدم
36	چیزی
37	را
38	یاد
39	گرفته
40	و
41	میخواهد
42	با
43	ذوق
44	برای
45	عزیزی
46	بنوازد
47	؛
48	مثل
49	زمانی
50	که
51	برای
52	بار
53	اول
54	خواندن
55	یا
56	گرفته_بودم
57	و
58	با
59	ذوق
60	کتاب‌های
61	مختلف
62	را
63	برگ
64	میزدم
65	و
66	برای
67	پدر
68	مادرم
69	میخواندم
70	.

0	به
1	خودم
2	آمدم
3	دیدم
4	ساعت
5	۱۲
6	و
7	۵۵
8	دقیقه
9	شده_بود
10	و
11	من
12	همچنان
13	آنجا
14	ایستاده_بودم
15	.

0	.

0	یعنی
1	بیش
2	از
3	.

0	۱۲
1	از
2	یک
3	روز
4	خود
5	را
6	!!
7	از
8	دیر
9	باز
10	تا
11	کنون
12	،
13	بازی‌های
14	زیادی
15	وجود
16	داشته
17	که
18	یکی
19	از
20	موردهای
21	جذاب
22	آن
23	،
24	بازی‌هایی
25	بوده
26	که
27	یک
28	متن
29	نوشته
30	میشد
31	که
32	در
33	نگاه
34	اول
35	به
36	راحتی
37	قابل
38	خواندن
39	نیست
40	؛
41	مثلا
42	«
43	صدیقه
44	صدیقه
45	را
46	دوخت
47	علی
48	علی
49	علی
50	علی
51	علی
52	او
53	را
54	فروخت
55	!!
56	»
57	که
58	میشود
59	«
60	صدیقه
61	صد
62	یقه
63	را
64	دوخت
65	،
66	پنج
67	علی
68	او
69	را
70	فروخت
71	!

0	»
1	یا
2	مثلا
3	«
4	دراین
5	درگه
6	که
7	گهگه
8	کهکه
9	که
10	که
11	شودناگه
12	،
13	مشوغره
14	به
15	امروزت
16	که
17	ازفردانهی
18	آگه
19	!!
20	»
21	که
22	میشود
23	:
24	«
25	در
26	این
27	درگه
28	که
29	گه
30	گه
31	،
32	که
33	که
34	که
35	که
36	شود
37	ناگه
38	،
39	مشوغره
40	به
41	امروزت
42	که
43	ازفردانهی
44	آگه
45	!!
46	»
47	.

0	به
1	عنوان
2	آخرین
3	مثال
4	«
5	در
6	لرستان
7	نه
8	لرندوهرلری
9	نه
10	نره
11	لرنره
12	لرچهنره
13	لر
14	،
15	هرنره
16	لرنه
17	نره
18	لر
19	»
20	،
21	که
22	درست
23	آن
24	میشود
25	:
26	«
27	در
28	لرستان
29	نه
30	لرند
31	و
32	هر
33	لری
34	نه
35	نره
36	لر
37	،
38	نره
39	لر
40	چه
41	نره
42	لر
43	،
44	هر
45	نره
46	لر
47	،
48	نه
49	نره
50	لر
51	»
52	؛
53	در
54	این
55	نمونه‌ها
56	علاوه
57	بر
58	اینکه
59	بیش
60	از
61	.

0	۵
1	از
2	انسانها
3	اشتباه
4	میخوانند
5	،
6	برای
7	سیستم‌های
8	اصلاح
9	خودکار
10	،
11	در
12	حالت
13	عدم
14	رعایت
15	فاصله
16	و
17	نیم
18	فاصله
19	،
20	کار
21	بسیار
22	دشوار
23	میشود
24	.

0	*****
1	کارورزیده
2	کاراموزانشان
3	گواهینامه‌هایشانید
4	نارس‌ترین
5	بپاخواستگان
6	دردمندیهایش
7	بت
8	شکنانید
9	همه
10	فن
11	حریفان
12	همه
13	کاره
14	یید
15	همه
16	کس
17	شناس
18	همه
19	جا
20	گرد
21	خسته‌ترین‌هایشانیم
22	افسرده‌ترین‌هایشانید
23	نالان‌ترین
24	کتاب
25	دارتان
26	کتاب
27	خانه‌هایم
28	بپاسخواسته‌اند
29	میخواهد
30	بیاراید
31	خواستنی‌ترین
32	کم
33	روترینید
34	پررونق‌تر
35	درآشفته‌ترین
36	معدنچیان
37	یکدستی
38	آتشفشانان
39	خلبانهایتانند
40	ناخداهایشانید
41	نامردمانتان
42	ناشکری‌هایمان
43	آهنچیان
44	آهنین
45	پنجه
46	آتشکدگان
47	آزرده
48	خاطر
49	فرومایگان
50	پاکدلانیم
51	فروپاشیدگان
52	ناایستاترین
53	بی
54	شیله
55	پیلگان
56	لب
57	ریز
58	دهان
59	گشاد
60	دهان
61	لقان
62	نرفتگان
63	نرو‌ترین
64	یکرنگ‌ترین
65	سبک
66	باران
67	گرانقدر
68	گران
69	بهاترین
70	گران
71	مایگان
72	چشم
73	تنگان
74	دل
75	نازک‌ترین
76	سنگ
77	دلانید
78	بی
79	خیالان
80	بی
81	رنگ
82	ترینانید
83	آراسته
84	ترینانید
85	شاخ
86	شمشاد
87	نازک
88	نشمین
89	گندمگون
90	نیکو
91	سرشت
92	فراخ
93	بال
94	تنگ
95	دستی
96	تنگ
97	نظرانند
98	نیک
99	بینانشانید
100	نیک
101	سرشتانشانید
102	نیک
103	اندیشانشانند
