0	تیم‌ایران	تيم‌اير	تيم‌ايران	_	_
1	با	با	با	_	_
2	پنج‌سانداکا‌رمرد	پنج‌سانداکا‌رمرد	پنج‌سانداکا‌رمرد	_	_
3	و	و	و	_	_
4	سه	سه	سه	_	_
5	زن	زن	زن	_	_
6	در	در	در	_	_
7	جام	جا	جام	_	_
8	جهانی	جهاني	جهاني	_	_
9	حضوریافته	حضوريافته	حضوريافته	_	_
10	است	است		_	_
11	.	.	.	_	_
12	در	در	در	_	_
13	رقابت‌های	رقابت‌هاي	رقابت‌هاي	_	_
14	نوبت	نوبت	نوبت	_	_
15	صبح‌یکشنبه	صبح‌يكشنبه	صبح‌يكشنبه	_	_
16	«	«	«	_	_
17	الهه	الهه	الهه	_	_
18	منصوریان	منصوري	منصوريان	_	_
19	»	»	»	_	_
20	،	،	،	_	_
21	«	«	«	_	_
22	فریناز‌نذیری	فريناز‌نذيري	فريناز‌نذيري	_	_
23	»	»	»	_	_
24	،	،	،	_	_
25	«	«	«	_	_
26	محسن	محسن	محسن	_	_
27	محمدسیفی	محمدسيفي	محمدسيفي	_	_
28	»	»	»	_	_
29	و	و	و	_	_
30	«	«	«	_	_
31	میلادعارفی‌مقام	ميلادعارفي‌مقا	ميلادعارفي‌مقام	_	_
32	»	»	»	_	_
33	با	با	با	_	_
34	برتر‌ی	برتر‌ي	برتر‌ي	_	_
35	برابر	برابر	برابر	_	_
36	حریفان	حريف	حريفان	_	_
37	به	به	به	_	_
38	مدال‌طلا	مدال‌طلا	مدال‌طلا	_	_
39	دست	دست	دست	_	_
40	یافتند	يافتند	يافتند	_	_
41	تا	تا	تا	_	_
42	تعداد	تعداد	تعداد	_	_
43	نشان‌های	نشان‌هاي	نشان‌هاي	_	_
44	زرین‌تیم	زرين‌تي	زرين‌تيم	_	_
45	کشورمان	کشور	کشور	_	_
46	به	به	به	_	_
47	عدد	عدد	عدد	_	_
48	۵	5	5	_	_
49	برسد	برسد	رسید	_	_
50	.	.	.	_	_
51	روز	روز	روز	_	_
52	اول	اول	اول	_	_
53	نیز	نيز	نيز	_	_
54	«	«	«	_	_
55	شهر	شهر	شهر	_	_
56	بانو	بانو	بانو	_	_
57	منصوریان	منصوري	منصوريان	_	_
58	»	»	»	_	_
59	به	به	به	_	_
60	نشان	نشان	نشان	_	_
61	طلای	طلاي	طلاي	_	_
62	وزن	وزن	وزن	_	_
63	۶۵	65	65	_	_
64	کیلو	کيلو	کيلو	_	_
65	گرم	گر	گرم	_	_
66	رسیده‌	رسيده	رسيده‌	_	_
67	بود	بود	بود	_	_
68	.	.	.	_	_

0	لازم	لازم	لازم	_	_
1	به	به	به	_	_
2	ذکر	ذكر	ذكر	_	_
3	است	است		_	_
4	که	كه	كه	_	_
5	عصر	عصر	عصر	_	_
6	یکشنبه	يكشنبه	يكشنبه	_	_
7	«	«	«	_	_
8	یوسف	يوسف	يوسف	_	_
9	صبری	صبري	صبري	_	_
10	»	»	»	_	_
11	و	و	و	_	_
12	«	«	«	_	_
13	معین	معين	معين	_	_
14	تقوی	تقوي	تقوي	_	_
15	»	»	»	_	_
16	هم	هم	هم	_	_
17	برای	براي	براي	_	_
18	کسب	کسب	کسب	_	_
19	مدال	مدال	مدال	_	_
20	طلا	طلا	طلا	_	_
21	به	به	به	_	_
22	مصاف	مصاف	مصاف	_	_
23	حریفان	حريف	حريفان	_	_
24	می‌روند	مي‌روند	مي‌روند	_	_
25	.	.	.	_	_

0	تیم	ت	تیم	_	_
1	صدرشیمی	صدرشیم	صدرشیمی	_	_
2	با	با	با	_	_
3	غلبه	غلبه	غلبه	_	_
4	بر	بر	بر	_	_
5	همشهری	همشهری	همشهری	_	_
6	مقتدر	مقتدر	مقتدر	_	_
7	خود	خود	خود	_	_
8	عنوان	عنوان	عنوان	_	_
9	قهرمانی	قهرمان	قهرمان	_	_
10	مسابقات	مسابقات	مسابقات	_	_
11	کشوری	کشور	کشور	_	_
12	را	را	را	_	_
13	از	از	از	_	_
14	آن	آن	آن	_	_
15	خود	خود	خود	_	_
16	کرد	کرد	کرد	_	_
17	.	.	.	_	_
18	در	در	در	_	_
19	دیدار	دیدار	دیدار	_	_
20	فینال‌تیم	فینال‌ت	فینال‌تیم	_	_
21	صدر	صدر	صدر	_	_
22	شیمی	شیمی	شیمی	_	_
23	یزد	يزد	يزد	_	_
24	موفق	موفق	موفق	_	_
25	شد	شد	شد	_	_
26	با	با	با	_	_
27	نتیجه	نتیجه	نتیجه	_	_
28	۲	۲	۲	_	_
29	بر	بر	بر	_	_
30	۱	۱	۱	_	_
31	تیم	ت	تیم	_	_
32	گلسا	گلسا	گلسا	_	_
33	پوش	پوش	پوش	_	_
34	یزد	یزد	یزد	_	_
35	را	را	را	_	_
36	که	که	که	_	_
37	از	از	از	_	_
38	بازیکنان	بازیکن	بازیکن	_	_
39	ملی‌	ملی	ملی	_	_
40	پوش	پوش	پوش	_	_
41	سود	سود	سود	_	_
42	می‌برد	می‌برد	برد	_	_
43	شکست‌داده	شکست‌داده	شکست‌داده	_	_
44	و	و	و	_	_
45	به	به	به	_	_
46	مقام‌قهرمانی	مقام‌قهرمان	مقام‌قهرمانی	_	_
47	دست	دست	دست	_	_
48	یابد	یابد	یافت	_	_
49	.	.	.	_	_

0	در	در	در	_	_
1	دیدار	دیدار	دیدار	_	_
2	رده‌بندی	رده‌بندی	رده‌بندی	_	_
3	نیز	نیز	نیز	_	_
4	تیم	ت	تیم	_	_
5	پر‌سپولیس	پر‌سپولیس	پر‌سپولیس	_	_
6	مرد	مرد	مرد	_	_
7	آباد	آباد	آباد	_	_
8	با	با	با	_	_
9	شکست	شکست	شکست	_	_
10	تیم	ت	تیم	_	_
11	هیات	ه	هیات	_	_
12	روستایی	روستا	روستا	_	_
13	خراسان	خراسان	خراسان	_	_
14	شمالی	شمال	شمال	_	_
15	مقام	مقام	مقام	_	_
16	سوم	سو	سوم	_	_
17	این	این	این	_	_
18	مسابقات	مسابقات	مسابقات	_	_
19	را	را	را	_	_
20	از	از	از	_	_
21	آن	آن	آن	_	_
22	خود	خود	خود	_	_
23	کردبه	کردبه	کردبه	_	_
24	گزارش	گزارش	گزارش	_	_
25	خبرگزاری	خبرگزاری	خبرگزاری	_	_
26	فارس	فارس	فارس	_	_
27	،	،	،	_	_
28	سردار	سردار	سردار	_	_
29	غلامرضا	غلامرضا	غلامرضا	_	_
30	جلالی	جلال	جلال	_	_
31	رئیس	رئیس	رئیس	_	_
32	سازمان	سازمان	سازمان	_	_
33	پدافند	پدافند	پدافند	_	_
34	غیر	غیر	غیر	_	_
35	عامل	عامل	عامل	_	_
36	طی‌نشست	طی‌نشس	طی‌نشست	_	_
37	خبری	خبر	خبر	_	_
38	که	که	که	_	_
39	به	به	به	_	_
40	مناسبت	مناسب	مناسبت	_	_
41	۸	8	8	_	_
42	آبان	آب	آبان	_	_
43	سال	سال	سال	_	_
44	روز	روز	روز	_	_
45	تشکیل	تشکیل	تشکیل	_	_
46	این	این	این	_	_
47	سازمان	سازمان	سازمان	_	_
48	برگزار	برگزار	برگزار	_	_
49	شد	شد	شد	_	_
50	،	،	،	_	_
51	ماموریت	مامور	ماموریت	_	_
52	اول	اول	اول	_	_
53	سازمان	سازمان	سازمان	_	_
54	پدافند	پدافند	پدافند	_	_
55	غیرعامل	غیرعامل	غیرعامل	_	_
56	را	را	را	_	_
57	دیده‌بانی	دیده‌بان	دیده‌بان	_	_
58	نسبت	نسب	نسبت	_	_
59	به	به	به	_	_
60	تهدیدات	تهدید	تهدیدات	_	_
61	،	،	،	_	_
62	تشخیص‌تهدیدات	تشخیص‌تهدید	تشخیص‌تهدیدات	_	_
63	و	و	و	_	_
64	هشدار	هشدار	هشدار	_	_
65	در	در	در	_	_
66	حوزه	حوزه	حوزه	_	_
67	های		های	_	_
68	مختلف	مختلف	مختلف	_	_
69	دانست	دانست	دانست	_	_
70	و	و	و	_	_
71	اظهار	اظهار	اظهار	_	_
72	داشت	داش	داشت	_	_
73	:	:	:	_	_
74	دومین‌ماموریت	دومین‌مامور	دومین‌ماموریت	_	_
75	این	این	این	_	_
76	سازمان	سازمان	سازمان	_	_
77	،	،	،	_	_
78	کاهش	کاه	کاهش	_	_
79	آسیب‌پذیری	آسیب‌پذیر	آسیب‌پذیری	_	_
80	کل	کل	کل	_	_
81	زیر	زیر	زیر	_	_
82	ساخت‌های‌کشور	ساخت‌های‌کشور	ساخت‌های‌کشور	_	_
83	و	و	و	_	_
84	شهرها	شهر	شهر	_	_
85	دربرابر	دربرابر	دربرابر	_	_
86	تهدیدات	تهدید	تهدیدات	_	_
87	امنیتی	امنیت	امنیت	_	_
88	است	است		_	_
89	که	که	که	_	_
90	به	به	به	_	_
91	صورت	صور	صورت	_	_
92	مداوم	مداوم	مداوم	_	_
93	و	و	و	_	_
94	متغیر	متغیر	متغیر	_	_
95	دنبال	دنبال	دنبال	_	_
96	می	می	می	_	_
97	شود	شود	شد	_	_
98	و	و	و	_	_
99	ماموریت	مامور	ماموریت	_	_
100	سوم	سو	سوم	_	_
101	نیز	نیز	نیز	_	_
102	مصون‌	مصون	مصون	_	_
103	سازی	ساز	سازی	_	_
104	زیر	زیر	زیر	_	_
105	ساخت	ساخت	ساخت	_	_
106	های		های	_	_
107	کل	کل	کل	_	_
108	کشور	کشور	کشور	_	_
109	است	است		_	_
110	.	.	.	_	_

0	وی	و	وی	_	_
1	خاطرنشان	خاطرنشان	خاطرنشان	_	_
2	کرد	کرد	کرد	_	_
3	:	:	:	_	_
4	در	در	در	_	_
5	مورد‌حضور	مورد‌حضور	مورد‌حضور	_	_
6	پدافند	پدافند	پدافند	_	_
7	غیر	غیر	غیر	_	_
8	عامل	عامل	عامل	_	_
9	در	در	در	_	_
10	شورای‌عالی	شورای‌عال	شورای‌عالی	_	_
11	فضای	فضا	فضا	_	_
12	مجازی	مجاز	مجاز	_	_
13	و	و	و	_	_
14	گردشگری	گردشگر	گردشگری	_	_
15	با	با	با	_	_
16	رهبری	رهبر	رهبر	_	_
17	نامه	نامه	نامه	_	_
18	نگاری	نگار	نگار	_	_
19	شده	شده	شده	_	_
20	که	که	که	_	_
21	مورد	مورد	مورد	_	_
22	موافقت	موافق	موافقت	_	_
23	قرار	قرار	قرار	_	_
24	گرفته‌است	گرفته‌است	گرفت	_	_
25	.	.	.	_	_

0	جلالی	جلال	جلال	_	_
1	با	با	با	_	_
2	بیان	بی	بیان	_	_
3	اینکه	اینکه	اینکه	_	_
4	۶۰	60	60	_	_
5	محصول	محصول	محصول	_	_
6	استراتژیک	استراتژیک	استراتژیک	_	_
7	پدافند‌	پدافند	پدافند	_	_
8	سایبری	سایبر	سایبر	_	_
9	بومی	بوم	بومی	_	_
10	کشور	کشور	کشور	_	_
11	را	را	را	_	_
12	ارائه	ارائه	ارائه	_	_
13	خواهیم‌داد	خواهیم‌داد	داد	_	_
14	،	،	،	_	_
15	گفت	گفت	گفت	_	_
16	:	:	:	_	_
17	۵	5	5	_	_
18	محصول	محصول	محصول	_	_
19	اسکادای	اسکادا	اسکادای	_	_
20	بومی	بوم	بومی	_	_
21	نیز	نیز	نیز	_	_
22	که	که	که	_	_
23	برای	برای	برای	_	_
24	کنترل	کنترل	کنترل	_	_
25	و	و	و	_	_
26	دیسپاچینگ	دیسپاچینگ	دیسپاچینگ	_	_
27	بکارمی	بکارم	بکارمی	_	_
28	رود	رود	رود	_	_
29	،	،	،	_	_
30	توسط	توسط	توسط	_	_
31	متخصصان‌داخلی	متخصصان‌داخل	متخصصان‌داخلی	_	_
32	ساخته‌شده‌است	ساخته‌شده‌اس	ساخت	_	_
33	.	.	.	_	_

0	یک	یک	یک	_	_
1	بازدیدکننده	بازدیدکننده	بازدیدکننده	_	_
2	در	در	در	_	_
3	روز	روز	روز	_	_
4	افتتاح	افتتاح	افتتاح	_	_
5	«	«	«	_	_
6	کتابخانه	کتابخانه	کتابخانه	_	_
7	حلزونی	حلزون	حلزون	_	_
8	»	»	»	_	_
9	در	در	در	_	_
10	شهر	شهر	شهر	_	_
11	هانگ‌ژو	هانگ‌ژو	هانگ‌ژو	_	_
12	در	در	در	_	_
13	استان	است	استان	_	_
14	ژجیانگ	ژجیانگ	ژجیانگ	_	_
15	در	در	در	_	_
16	چین	چین	چین	_	_
17	سلفی‌می‌گیرد	سلفی‌می‌گیرد	سلفی‌می‌گیرد	_	_
18	.	.	.	_	_

0	این	این	این	_	_
1	کتاب	کتاب	کتاب	_	_
2	خانه	خانه	خانه	_	_
3	با	با	با	_	_
4	هدف	هدف	هدف	_	_
5	ارائه	ارائه	ارائه	_	_
6	منابع‌آنلاین	منابع‌آنلا	منابع‌آنلاین	_	_
7	در	در	در	_	_
8	کنار	کنار	کنار	_	_
9	کتابخانه	کتابخانه	کتابخانه	_	_
10	و	و	و	_	_
11	منابع	منابع	منابع	_	_
12	سنتی	سنت	سنت	_	_
13	ایجاد	ایجاد	ایجاد	_	_
14	شده‌است	شده‌است	شد	_	_
15	.	.	.	_	_

0	کوچک‌	كوچك	كوچك‌	_	_
1	پا	پا	پا	_	_
2	،	،	،	_	_
3	داستان	داستان	داستان	_	_
4	یک	يك	يك	_	_
5	«	«	«	_	_
6	یتى	يتى	يتى	_	_
7	»	»	»	_	_
8	(	(	(	_	_
9	مرد‌برفى	مرد‌برفى	مرد‌برفى	_	_
10	)	)	)	_	_
11	دانشمند	دانشمند	دانشمند	_	_
12	است	است		_	_
13	که	که	که	_	_
14	متقاعد	متقاعد	متقاعد	_	_
15	شده	شده	شده	_	_
16	موجودات	موجود	موجودات	_	_
17	نادرى	نادرى	نادرى	_	_
18	که	که	که	_	_
19	با	با	با	_	_
20	نام	نا	نام	_	_
21	«	«	«	_	_
22	کوچک‌پا	كوچك‌پا	كوچك‌پا	_	_
23	»	»	»	_	_
24	ها		ها	_	_
25	(	(	(	_	_
26	انسان‌ها	انسان	انسان	_	_
27	»	»	»	_	_
28	،	،	،	_	_
29	واقعا	واقعاً	واقعاً	_	_
30	وجود	وجود	وجود	_	_
31	دارند	دارند	داشت	_	_
32	!	!	!	_	_

0	اکران‌جهانى	اكران‌جهانى	اكران‌جهانى	_	_
1	این	اين	اين	_	_
2	انیمیشن	انيميشن	انيميشن	_	_
3	جذاب	جذاب	جذاب	_	_
4	،	،	،	_	_
5	از	از	از	_	_
6	ششم‌مهر	ششم‌مهر	ششم‌مهر	_	_
7	آغاز	آغاز	آغاز	_	_
8	شده	شده	شده	_	_
9	و	و	و	_	_
10	احتمالا	احتمالاً	احتمالاً	_	_
11	تا	تا	تا	_	_
12	مدتى	مدتى	مدتى	_	_
13	دیگر	ديگر	ديگر	_	_
14	نسخه‌ى	نسخه‌ى	نسخه‌ى	_	_
15	دوبله‌ى	دوبله‌ى	دوبله‌ى	_	_
16	آن	آن	آن	_	_
17	به	به	به	_	_
18	سینماها	سينما	سينماها	_	_
19	و	و	و	_	_
20	شبکه‌ى‌نمایش	شبكه‌ى‌نماي	شبكه‌ى‌نمايش	_	_
21	خانگى	خانگى	خانگى	_	_
22	ما	ما	ما	_	_
23	هم	هم	هم	_	_
24	مى‌رسد	مى‌رسد	مى‌رسد	_	_
25	.	.	.	_	_

0	به	به	به	_	_
1	همین	همين	همين	_	_
2	مناسبت	مناسب	مناسبت	_	_
3	ترجمه‌ى	ترجمه‌ى	ترجمه‌ى	_	_
4	گفت‌	گفت	گفت‌	_	_
5	وگویى	وگويى	وگويى	_	_
6	را	را	را	_	_
7	با	با	با	_	_
8	این	اين	اين	_	_
9	کارگردان	كارگرد	كارگردان	_	_
10	براى	براى	براى	_	_
11	شما	شما	شما	_	_
12	انتخاب	انتخاب	انتخاب	_	_
13	کرده‌ایم	كرده‌اي	كرده‌ايم	_	_
14	تا	تا	تا	_	_
15	بیش‌تر	بيش	بيش‌تر	_	_
16	با	با	با	_	_
17	حال	حال	حال	_	_
18	و	و	و	_	_
19	هواى	هواى	هواى	_	_
20	این	اين	اين	_	_
21	داستان	داستان	داستان	_	_
22	متفاوت	متفاوت	متفاوت	_	_
23	و	و	و	_	_
24	عجیب	عجيب	عجيب	_	_
25	از	از	از	_	_
26	زندگى	زندگى	زندگى	_	_
27	یتى‌ها	يتى	يتى‌ها	_	_
28	آشناشویم	آشناشوي	آشناشويم	_	_
29	.	.	.	_	_

0	زمانى	زمانى	زمانى	_	_
1	که	كه	كه	_	_
2	بحث	بحث	بحث	_	_
3	هم‌کارى	هم‌کارى	هم‌کارى	_	_
4	با	با	با	_	_
5	پروژه‌ى	پروژه‌ى	پروژه‌ى	_	_
6	کوچک‌پا	كوچك‌پا	كوچك‌پا	_	_
7	را	را	را	_	_
8	به	به	به	_	_
9	من	من	من	_	_
10	پیشنهاد	پيشنهاد	پيشنهاد	_	_
11	دادند	دادند	داد	_	_
12	،	،	،	_	_
13	با	با	با	_	_
14	«	«	«	_	_
15	برگزیت	بِرِگزي	بِرِگزيت	_	_
16	»	»	»	_	_
17	(	(	(	_	_
18	خروج	خروج	خروج	_	_
19	انگلیس	انگليس	انگليس	_	_
20	از	از	از	_	_
21	اتحادیه‌ى‌اروپا	اتحاديه‌ى‌اروپا	اتحاديه‌ى‌اروپا	_	_
22	)	)	)	_	_
23	هم‌	هم	هم	_	_
24	زمان	زمان	زمان	_	_
25	بود	بود	بود	_	_
26	.	.	.	_	_

0	انتخابات	انتخاب	انتخابات	_	_
1	برگزار	برگزار	برگزار	_	_
2	شد	شد	شد	_	_
3	.	.	.	_	_

0	در	در	در	_	_
1	جهان	جهان	جهان	_	_
2	موج	موج	موج	_	_
3	مهاجرت	مهاجر	مهاجرت	_	_
4	آغاز	آغاز	آغاز	_	_
5	شده‌بود	شده‌بود	شد	_	_
6	.	.	.	_	_

0	گروهى	گروهى	گروهى	_	_
1	از	از	از	_	_
2	مردم	مرد	مردم	_	_
3	روز	روز	روز	_	_
4	به	به	به	_	_
5	روز	روز	روز	_	_
6	به	به	به	_	_
7	سمت	سم	سمت	_	_
8	قوم‌	قوم	قوم	_	_
9	گرایى	گرايى	گرايى	_	_
10	و	و	و	_	_
11	انزوا	انزوا	انزوا	_	_
12	طلبى	طلبى	طلبى	_	_
13	گرایش	گراي	گرايش	_	_
14	پیدا	پيدا	پيدا	_	_
15	مى‌کردند	مى‌کردند	مى‌کردند	_	_
16	و	و	و	_	_
17	مذاکرات	مذاکرات	مذاکرات	_	_
18	زیادى	زيادى	زيادى	_	_
19	براى	براى	براى	_	_
20	تقویت	تقوي	تقويت	_	_
21	مرزبندى	مرزبندى	مرزبندى	_	_
22	بین	بين	بين	_	_
23	کشورها	کشور	کشور	_	_
24	،	،	،	_	_
25	مثل	مثل	مثل	_	_
26	دیوارکشى	ديوارکشى	ديوارکشى	_	_
27	بین	بين	بين	_	_
28	مکزیک	مکزيک	مکزيک	_	_
29	و	و	و	_	_
30	آمریکا	آمريکا	آمريکا	_	_
31	در	در	در	_	_
32	جریان	جري	جريان	_	_
33	بود	بود	بود	_	_
34	.	.	.	_	_

0	نه	نه	نه	_	_
1	،	،	،	_	_
2	انیمیشن‌ها	انيميشن	انيميشن‌ها	_	_
3	عموما	عموماً	عموماً	_	_
4	در	در	در	_	_
5	طول	طول	طول	_	_
6	پروسه‌ى	پروسه‌ى	پروسه‌ى	_	_
7	تولید	توليد	توليد	_	_
8	،	،	،	_	_
9	دست‌خوش	دست‌خوش	دست‌خوش	_	_
10	تغییرات	تغيير	تغييرات	_	_
11	زیادى	زيادى	زيادى	_	_
12	مى‌شوند	مى‌شوند	مى‌شوند	_	_
13	.	.	.	_	_

0	درباره‌ى	درباره‌ى	درباره‌ى	_	_
1	این	اين	اين	_	_
2	فیلم	فيل	فيلم	_	_
3	هم	هم	هم	_	_
4	،	،	،	_	_
5	آمدن	آمدن	آمدن	_	_
6	من	من	من	_	_
7	هم‌زمان	هم‌زمان	هم‌زمان	_	_
8	شد	شد	شد	_	_
9	با	با	با	_	_
10	تغییر	تغيير	تغيير	_	_
11	مدیریت	مديري	مديريت	_	_
12	در	در	در	_	_
13	بخش	بخش	بخش	_	_
14	انیمیشن	انيميشن	انيميشن	_	_
15	استودیوى	استوديوى	استوديوى	_	_
16	«	«	«	_	_
17	برادران	برادر	برادر	_	_
18	وارنر	وارنر	وارنر	_	_
19	»	»	»	_	_
20	.	.	.	_	_

0	آن‌ها	آن	آن	_	_
1	کار	کار	کار	_	_
2	موزیکالى	موزيکالى	موزيکالى	_	_
3	را	را	را	_	_
4	از	از	از	_	_
5	من	من	من	_	_
6	در	در	در	_	_
7	«	«	«	_	_
8	برادوی	برادوِي	برادوِي	_	_
9	»	»	»	_	_
10	دیده	ديده	ديده	_	_
11	بودند	بودند	بود	_	_
12	و	و	و	_	_
13	خواستند	خواستند	خواست	_	_
14	که	كه	كه	_	_
15	کوچک‌پا	كوچك‌پا	كوچك‌پا	_	_
16	هم	هم	هم	_	_
17	موزیکال	موزيکال	موزيکال	_	_
18	شود	شود	شد	_	_
19	.	.	.	_	_

0	شاید	شايد	شايد	_	_
1	سخت	سخت	سخت	_	_
2	باشد	باشد	بود	_	_
3	که	که	که	_	_
4	بپذیریم	بپذيري	بپذيريم	_	_
5	استودیوى	استوديوى	استوديوى	_	_
6	وارنر	وارنر	وارنر	_	_
7	هم	هم	هم	_	_
8	مى‌تواند	مى‌تواند	مى‌تواند	_	_
9	به‌خوبى	به‌خوبى	به‌خوبى	_	_
10	استودیوهاى	استوديوهاى	استوديوهاى	_	_
11	«	«	«	_	_
12	دیزنی	ديزني	ديزني	_	_
13	»	»	»	_	_
14	،	،	،	_	_
15	«	«	«	_	_
16	پیکسار	پيکسار	پيکسار	_	_
17	»	»	»	_	_
18	یا	يا	يا	_	_
19	«	«	«	_	_
20	دریم‌ورکز	دريم‌ورکز	دريم‌ورکز	_	_
21	»	»	»	_	_
22	،	،	،	_	_
23	موزیکالى	موزيکالى	موزيکالى	_	_
24	موفق	موفق	موفق	_	_
25	بسازد	بسازد	ساخت	_	_
26	.	.	.	_	_

0	اما	اما	اما	_	_
1	با	با	با	_	_
2	تمام	تمام	تمام	_	_
3	احترامى	احترامى	احترامى	_	_
4	که	که	که	_	_
5	براى	براى	براى	_	_
6	کمپانى‌هاى	کمپانى‌هاى	کمپانى‌هاى	_	_
7	دیگر	ديگر	ديگر	_	_
8	قائلم	قائل	قائل	_	_
9	باید	بايد	بايد	_	_
10	بگویم	بگوي	بگويم	_	_
11	،	،	،	_	_
12	بخش	بخش	بخش	_	_
13	بزرگى	بزرگى	بزرگى	_	_
14	از	از	از	_	_
15	دنیاى	دنياى	دنياى	_	_
16	کودکى	کودکى	کودکى	_	_
17	و	و	و	_	_
18	نوجوانى	نوجوانى	نوجوانى	_	_
19	ما	ما	ما	_	_
20	با	با	با	_	_
21	«	«	«	_	_
22	باگز‌بانى	باگز‌بانى	باگز‌بانى	_	_
23	»	»	»	_	_
24	،	،	،	_	_
25	«	«	«	_	_
26	دافى‌داک	دافى‌داک	دافى‌داک	_	_
27	»	»	»	_	_
28	و	و	و	_	_
29	«	«	«	_	_
30	چاک‌جونز	چاک‌جونز	چاک‌جونز	_	_
31	»	»	»	_	_
32	سپرى	سپرى	سپرى	_	_
33	شده	شده	شده	_	_
34	و	و	و	_	_
35	استودیوى	استوديوى	استوديوى	_	_
36	وارنر	وارنر	وارنر	_	_
37	خیلى	خيلى	خيلى	_	_
38	پیش‌تر	پيش	پيش‌تر	_	_
39	از	از	از	_	_
40	این	اين	اين	_	_
41	،	،	،	_	_
42	قدرتش	قدرت	قدرت	_	_
43	را	را	را	_	_
44	در	در	در	_	_
45	تولید	توليد	توليد	_	_
46	انیمیشن‌هاى	انيميشن‌هاى	انيميشن‌هاى	_	_
47	به‌یاد	به‌ياد	به‌ياد	_	_
48	ماندنى	ماندنى	ماندنى	_	_
49	نشان	نشان	نشان	_	_
50	داده‌است	داده‌است	داد	_	_
51	.	.	.	_	_

0	این	اين	اين	_	_
1	را	را	را	_	_
2	به‌خلاقیت	به‌خلاقي	به‌خلاقيت	_	_
3	تدوین‌	تدوين	تدوين‌	_	_
4	گرمان	گر	گر	_	_
5	،	،	،	_	_
6	یعنى	يعنى	يعنى	_	_
7	«	«	«	_	_
8	پیتر	پي	پيتر	_	_
9	اتینگر	اتينگر	اتينگر	_	_
10	»	»	»	_	_
11	مدیونیم	مديوني	مديونيم	_	_
12	.	.	.	_	_

0	او	او	او	_	_
1	کلمه‌هایى	کلمه‌هايى	کلمه‌هايى	_	_
2	را	را	را	_	_
3	تصادفى	تصادفى	تصادفى	_	_
4	اتنخاب	اتنخاب	اتنخاب	_	_
5	مى‌کرد	مى‌کرد	مى‌کرد	_	_
6	و	و	و	_	_
7	گام‌هاى	گام‌هاى	گام‌هاى	_	_
8	آن	آن	آن	_	_
9	را	را	را	_	_
10	تغییر	تغيير	تغيير	_	_
11	مى‌داد	مى‌داد	مى‌داد	_	_
12	.	.	.	_	_

0	او	او	او	_	_
1	به	به	به	_	_
2	فرمولى	فرمولى	فرمولى	_	_
3	رسید	رسيد	رسيد	_	_
4	و	و	و	_	_
5	آن	آن	آن	_	_
6	را	را	را	_	_
7	در	در	در	_	_
8	تمام‌انیمیشن	تمام‌انيميشن	تمام‌انيميشن	_	_
9	،	،	،	_	_
10	به‌کار	به‌کار	به‌کار	_	_
11	برد	برد	برد	_	_
12	.	.	.	_	_

0	وقتى	وقتى	وقتى	_	_
1	براى	براى	براى	_	_
2	اولین‌بار	اولين‌بار	اولين‌بار	_	_
3	آن‌ها	آن	آن	_	_
4	را	را	را	_	_
5	شنیدیم	شنيدي	شنيديم	_	_
6	همه	همه	همه	_	_
7	به	به	به	_	_
8	خنده	خنده	خنده	_	_
9	افتادیم	افتادي	افتاديم	_	_
10	.	.	.	_	_

0	به	به	به	_	_
1	نظرم	نظر	نظر	_	_
2	بامزه‌ترین	بامزه‌ترين	بامزه‌ترين	_	_
3	دیالوگ	ديالوگ	ديالوگ	_	_
4	آن‌جاست	آن‌جاس	آن‌جاست	_	_
5	که	که	که	_	_
6	شخصیت	شخصي	شخصيت	_	_
7	«	«	«	_	_
8	پرسى	پرسى	پرسى	_	_
9	»	»	»	_	_
10	مى‌	مى	مى‌	_	_
11	گوید	گويد	گويد	_	_
12	:	:	:	_	_
13	«	«	«	_	_
14	بگیر-تو-دا-	بگير-تو-دا-	بگير-تو-دا-	_	_
15	بی-لا-	بي-لا-	بي-لا-	_	_
16	بو	بو	بو	_	_
17	!	!	!	_	_
18	»	»	»	_	_
19	با	با	با	_	_
20	شما	شما	شما	_	_
21	موافقم	موافق	موافق	_	_
22	و	و	و	_	_
23	به	به	به	_	_
24	این	اين	اين	_	_
25	فهرست	فهرست	فهرست	_	_
26	دو	دو	دو	_	_
27	انیمیشن	انيميشن	انيميشن	_	_
28	دوست‌	دوست	دوست	_	_
29	داشتنى	داشتنى	داشتنى	_	_
30	«	«	«	_	_
31	لک‌	لك	لك‌	_	_
32	لک‌ها	لك	لك‌ها	_	_
33	»	»	»	_	_
34	و	و	و	_	_
35	«	«	«	_	_
36	لگو	لگو	لگو	_	_
37	»	»	»	_	_
38	را	را	را	_	_
39	هم	هم	هم	_	_
40	اضافه‌مى‌کنم	اضافه‌مى‌کن	اضافه‌مى‌کنم	_	_
41	.	.	.	_	_

0	اما	اما	اما	_	_
1	برگردیم	برگردي	برگرديم	_	_
2	به	به	به	_	_
3	کوچک‌	كوچك	كوچك‌	_	_
4	پا	پا	پا	_	_
5	.	.	.	_	_

0	به	به	به	_	_
1	نظرم	نظر	نظر	_	_
2	لایه‌هاى	لايه‌هاى	لايه‌هاى	_	_
3	بسیارى	بسيارى	بسيارى	_	_
4	در	در	در	_	_
5	این	اين	اين	_	_
6	انیمیشن	انيميشن	انيميشن	_	_
7	وجود	وجود	وجود	_	_
8	دارد	دارد	داشت	_	_
9	؛	؛	؛	_	_
10	طنز	طنز	طنز	_	_
11	،	،	،	_	_
12	موسیقى	موسيقى	موسيقى	_	_
13	،	،	،	_	_
14	داستان	داستان	داستان	_	_
15	،	،	،	_	_
16	پیام‌هایى	پيام‌هايى	پيام‌هايى	_	_
17	پیرامون	پيرامون	پيرامون	_	_
18	آفرینش	آفرين	آفرينش	_	_
19	،	،	،	_	_
20	کشف	کشف	کشف	_	_
21	جهان	جهان	جهان	_	_
22	و	و	و	_	_
23	.	.	.	_	_
24	.	.	.	_	_
25	.	.	.	_	_

0	رئیس‌	رئیس	رئیس	_	_
1	جمهور	جمهور	جمهور	_	_
2	بعدی‌گرجستان	بعدی‌گرجس	بعدی‌گرجستان	_	_
3	در	در	در	_	_
4	سال	سال	سال	_	_
5	۲۰۲۴	۲۰۲۴	۲۰۲۴	_	_
6	میلادی	میلاد	میلاد	_	_
7	توسط	توسط	توسط	_	_
8	یک	یک	یک	_	_
9	کالج	کالج	کالج	_	_
10	انتخاباتی	انتخابات	انتخاباتی	_	_
11	که	که	که	_	_
12	متشکل	متشکل	متشکل	_	_
13	از	از	از	_	_
14	۳۰۰	۳۰۰	۳۰۰	_	_
15	عضو	عضو	عضو	_	_
16	است	است		_	_
17	،	،	،	_	_
18	انتخاب	انتخاب	انتخاب	_	_
19	خواهد‌شد	خواهد‌شد	شد	_	_
20	.	.	.	_	_

0	این	این	این	_	_
1	تغییر	تغییر	تغییر	_	_
2	قانون	قانون	قانون	_	_
3	اساسی	اساس	اساس	_	_
4	در	در	در	_	_
5	سپتامبر	سپتامبر	سپتامبر	_	_
6	سال	سال	سال	_	_
7	۲۰۱۷	۲۰۱۷	۲۰۱۷	_	_
8	میلادی	میلاد	میلاد	_	_
9	اتخاذ	اتخاذ	اتخاذ	_	_
10	شد	شد	شد	_	_
11	؛	؛	؛	_	_
12	اقدامی	اقدام	اقدام	_	_
13	که	که	که	_	_
14	از	از	از	_	_
15	سوی	سو	سو	_	_
16	احزاب	احزاب	احزاب	_	_
17	اپوزیسیون	اپوزیسیون	اپوزیسیون	_	_
18	موردانتقاد	موردانتقاد	موردانتقاد	_	_
19	قرار	قرار	قرار	_	_
20	گرفته	گرفته	گرفته	_	_
21	و	و	و	_	_
22	آن	آن	آن	_	_
23	را	را	را	_	_
24	به	به	به	_	_
25	عنوان	عنوان	عنوان	_	_
26	اقدامی	اقدام	اقدام	_	_
27	به	به	به	_	_
28	نفع	نفع	نفع	_	_
29	حزب	حزب	حزب	_	_
30	حاکم	حاکم	حاکم	_	_
31	محکوم‌کردند	محکوم‌کردند	محکوم‌کردند	_	_
32	.	.	.	_	_

0	گیورگی	گیورگ	گیورگی	_	_
1	مارگولاشویلی	مارگولاشویل	مارگولاشویلی	_	_
2	،	،	،	_	_
3	رئیس‌جمهور	رئیس‌جمهور	رئیس‌جمهور	_	_
4	در	در	در	_	_
5	حال	حال	حال	_	_
6	کناره‌گیری	کناره‌گیری	کناره‌گیری	_	_
7	گرجستان	گرجستان	گرجستان	_	_
8	از	از	از	_	_
9	نامزدی	نامزد	نامزد	_	_
10	در	در	در	_	_
11	انتخابات	انتخاب	انتخابات	_	_
12	برای	برای	برای	_	_
13	دومین	دو	دومین	_	_
14	دوره	دوره	دوره	_	_
15	متوالی	متوالی	متوالی	_	_
16	امتناع	امتناع	امتناع	_	_
17	و	و	و	_	_
18	تاکید‌کرد	تاکید‌کرد	تاکید‌کرد	_	_
19	تمایل	تمایل	تمایل	_	_
20	ندارد	ندارد	داشت	_	_
21	نقشی	نقش	نقش	_	_
22	را	را	را	_	_
23	که	که	که	_	_
24	کم	کم	کم	_	_
25	رنگ‌وتشریفاتی	رنگ‌وتشریفات	رنگ‌وتشریفاتی	_	_
26	شده	شده	شده	_	_
27	،	،	،	_	_
28	برعهده	برعهده	برعهده	_	_
29	گیرد	گیرد	گرفت	_	_
30	.	.	.	_	_

0	کنگره	کنگره	کنگره	_	_
1	جهانی	جهان	جهانی	_	_
2	است	است		_	_
3	که	که	که	_	_
4	در	در	در	_	_
5	دنیا	دنیا	دنیا	_	_
6	نظیر	نظیر	نظیر	_	_
7	ندارد	ندارد	داشت	_	_
8	،	،	،	_	_
9	اظهار	اظهار	اظهار	_	_
10	داشت	داش	داشت	_	_
11	:	:	:	_	_
12	دشمنان	دشمن	دشمن	_	_
13	اسلام	اسلام	اسلام	_	_
14	از	از	از	_	_
15	بر	بر	بر	_	_
16	پایی	پا	پایی	_	_
17	این	این	این	_	_
18	عظمت	عظمت	عظمت	_	_
19	عصبانی	عصبانی	عصبانی	_	_
20	هستند	هستند		_	_
21	.	.	.	_	_

0	همانطور	همانطور	همانطور	_	_
1	که	که	که	_	_
2	امام‌خمینی	امام‌خمین	امام‌خمینی	_	_
3	(	(	(	_	_
4	ره	ره	ره	_	_
5	)	)	)	_	_
6	فرمودند	فرمودند	فرمود	_	_
7	«	«	«	_	_
8	راه	راه	راه	_	_
9	قدس	قدس	قدس	_	_
10	از	از	از	_	_
11	کربلا	کربلا	کربلا	_	_
12	می‌گذرد	می‌گذرد	گذشت	_	_
13	»	»	»	_	_
14	،	،	،	_	_
15	این	این	این	_	_
16	حضور	حضور	حضور	_	_
17	میلیونی	میلیون	میلیون	_	_
18	زائران	زائر	زائر	_	_
19	اربعین	اربعین	اربعین	_	_
20	زمینه‌	زمینه	زمینه	_	_
21	ساز	ساز	ساز	_	_
22	همین	هم	همین	_	_
23	فرمایش	فرمایش	فرمایش	_	_
24	ایشان	ایشان	ایشان	_	_
25	است	است		_	_
26	.	.	.	_	_

0	وی	و	وی	_	_
1	با	با	با	_	_
2	اشاره	اشاره	اشاره	_	_
3	به	به	به	_	_
4	اینکه	اینکه	اینکه	_	_
5	حماسه	حماسه	حماسه	_	_
6	پیاده‌	پیاده	پیاده	_	_
7	روی	رو	روی	_	_
8	اربعین	اربعین	اربعین	_	_
9	انقدر	انقدر	انقدر	_	_
10	عظیم	عظیم	عظیم	_	_
11	است	است		_	_
12	که	که	که	_	_
13	هیچ‌	هیچ	هیچ	_	_
14	گروه	گروه	گروه	_	_
15	و	و	و	_	_
16	دولتی	دولت	دولت	_	_
17	نمی‌تواند	نمی‌تواند	توانست	_	_
18	مدعی	مدعی	مدعی	_	_
19	باشد	باشد	بود	_	_
20	که	که	که	_	_
21	به	به	به	_	_
22	تنهایی	تنها	تنها	_	_
23	این	این	این	_	_
24	حضور	حضور	حضور	_	_
25	میلیونی	میلیون	میلیون	_	_
26	را	را	را	_	_
27	اداره	اداره	اداره	_	_
28	می‌کند	می‌کند	کرد	_	_
29	،	،	،	_	_
30	افزود	افزود	افزود	_	_
31	:	:	:	_	_
32	این	این	این	_	_
33	حماسه	حماسه	حماسه	_	_
34	عظیم	عظیم	عظیم	_	_
35	یک‌	یک	یک	_	_
36	حرکت	حرکت	حرکت	_	_
37	مردمی	مردم	مردمی	_	_
38	است	است		_	_
39	که	که	که	_	_
40	خود	خود	خود	_	_
41	مردم	مرد	مردم	_	_
42	آن	آن	آن	_	_
43	را	را	را	_	_
44	اداره	اداره	اداره	_	_
45	می‌کنند	می‌کنند	کرد	_	_
46	.	.	.	_	_

0	حجت‌	حجت	حجت	_	_
1	الاسلام	الاسلام	الاسلام	_	_
2	نجفی	نجف	نجف	_	_
3	با	با	با	_	_
4	بیان	بی	بیان	_	_
5	اینکه	اینکه	اینکه	_	_
6	در	در	در	_	_
7	بازدید	بازدید	بازدید	_	_
8	از	از	از	_	_
9	موکب‌ها	موکب	موکب	_	_
10	دیدیم	دید	دید	_	_
11	که	که	که	_	_
12	خادمان	خادم	خادم	_	_
13	و	و	و	_	_
14	زائران	زائر	زائر	_	_
15	با	با	با	_	_
16	تمام‌مشکلات	تمام‌مشکل	تمام‌مشکلات	_	_
17	از	از	از	_	_
18	اقتصادی	اقتصاد	اقتصاد	_	_
19	یا	یا	یا	_	_
20	حتی	حتی	حتی	_	_
21	آب	آب	آب	_	_
22	و‌هوایی	و‌هوا	و‌هوایی	_	_
23	با	با	با	_	_
24	اخلاص	اخلاص	اخلاص	_	_
25	به	به	به	_	_
26	خدمت‌رسانی	خدمت‌رسانی	خدمت‌رسانی	_	_
27	مشغول	مشغول	مشغول	_	_
28	هستند	هستند		_	_
29	،	،	،	_	_
30	گفت	گفت	گفت	_	_
31	:	:	:	_	_
32	یقین	یقین	یقین	_	_
33	دارم	دار	داشت	_	_
34	که	که	که	_	_
35	پیاده‌	پیاده	پیاده	_	_
36	روی	رو	روی	_	_
37	اربعین	اربعین	اربعین	_	_
38	امسال	امسال	امسال	_	_
39	از	از	از	_	_
40	سال‌های	سال‌های	سال‌های	_	_
41	گذشته	گذشته	گذشته	_	_
42	باشکوه‌	باشکوه	باشکوه	_	_
43	تر	تر	تر	_	_
44	خواهد‌بود	خواهد‌بود	بود	_	_
45	و	و	و	_	_
46	هیچ‌کسی	هیچ‌کس	هیچ‌کس	_	_
47	اجازه	اجازه	اجازه	_	_
48	نمی‌دهد	نمی‌دهد	داد	_	_
49	که	که	که	_	_
50	این	این	این	_	_
51	حرکت	حرکت	حرکت	_	_
52	عظیم	عظیم	عظیم	_	_
53	کمرنگ	کمرنگ	کمرنگ	_	_
54	شود	شود	شد	_	_
55	.	.	.	_	_

0	نماینده	نماینده	نماینده	_	_
1	مقام	مقام	مقام	_	_
2	معظم	معظم	معظم	_	_
3	رهبری	رهبر	رهبر	_	_
4	در	در	در	_	_
5	کربلا	کربلا	کربلا	_	_
6	خاطر	خاطر	خاطر	_	_
7	نشان	نشان	نشان	_	_
8	کرد	کرد	کرد	_	_
9	:	:	:	_	_
10	خدمت	خدم	خدمت	_	_
11	به	به	به	_	_
12	زائران	زائر	زائر	_	_
13	اربعین	اربعین	اربعین	_	_
14	هدیه	هدیه	هدیه	_	_
15	الهی	اله	اله	_	_
16	است	است		_	_
17	که	که	که	_	_
18	نصیب	نصیب	نصیب	_	_
19	محبان	محب	محب	_	_
20	اهل	اهل	اهل	_	_
21	بیت	بی	بیت	_	_
22	(	(	(	_	_
23	ع	ع	ع	_	_
24	)	)	)	_	_
25	شده‌است	شده‌است	شد	_	_
26	.	.	.	_	_

0	خدا	خدا	خدا	_	_
1	را	را	را	_	_
2	شکر	شکر	شکر	_	_
3	که	که	که	_	_
4	پرچم	پرچ	پرچم	_	_
5	امام	اما	امام	_	_
6	حسین	حس	حسین	_	_
7	(	(	(	_	_
8	ع	ع	ع	_	_
9	)	)	)	_	_
10	بر	بر	بر	_	_
11	سر	سر	سر	_	_
12	همه	همه	همه	_	_
13	ما	ما	ما	_	_
14	گسترده	گسترده	گسترده	_	_
15	شده‌است	شده‌است	شد	_	_
16	.	.	.	_	_

0	وی	و	وی	_	_
1	ضمن	ضمن	ضمن	_	_
2	مثبت	مثبت	مثبت	_	_
3	ارزیابی	ارزیاب	ارزیاب	_	_
4	کردن	کردن	کردن	_	_
5	خدمات	خدمت	خدمات	_	_
6	ارائه	ارائه	ارائه	_	_
7	شده	شده	شده	_	_
8	در	در	در	_	_
9	موکب‌	موکب	موکب	_	_
10	های		های	_	_
11	اربعین	اربعین	اربعین	_	_
12	گفت	گفت	گفت	_	_
13	:	:	:	_	_
14	از	از	از	_	_
15	همه	همه	همه	_	_
16	موکب‌	موکب	موکب	_	_
17	داران	دار	دار	_	_
18	تشکر	تشکر	تشکر	_	_
19	وسلام	وسلا	وسلام	_	_
20	مقام	مقام	مقام	_	_
21	معظم	معظم	معظم	_	_
22	رهبری	رهبر	رهبر	_	_
23	را	را	را	_	_
24	به	به	به	_	_
25	آنها	آن	آن	_	_
26	ابلاغ	ابلاغ	ابلاغ	_	_
27	می‌	می	می	_	_
28	کنم	کن	کرد	_	_
29	.	.	.	_	_

0	به	به	به	_	_
1	گزارش	گزارش	گزارش	_	_
2	مهر	مهر	مهر	_	_
3	،	،	،	_	_
4	محمدرضا	محمدرضا	محمدرضا	_	_
5	حسین‌	حسین	حسین	_	_
6	زاده	زاده	زاده	_	_
7	اظهار	اظهار	اظهار	_	_
8	داشت	داش	داشت	_	_
9	:	:	:	_	_
10	درخواست	درخواست	درخواست	_	_
11	کردیم	کرد	کرد	_	_
12	اگر	اگر	اگر	_	_
13	اجازه	اجازه	اجازه	_	_
14	افزایش	افزایش	افزایش	_	_
15	تعداد	تعداد	تعداد	_	_
16	باجه‌	باجه	باجه	_	_
17	ها		ها	_	_
18	و	و	و	_	_
19	همچنین	همچنین	همچنین	_	_
20	افزایش	افزایش	افزایش	_	_
21	ساعات‌کار	ساعات‌کار	ساعات‌کار	_	_
22	و	و	و	_	_
23	شبانه‌	شبانه	شبانه	_	_
24	روزی	روز	روز	_	_
25	کردن	کردن	کردن	_	_
26	آن‌ها	آن	آن	_	_
27	را	را	را	_	_
28	نمی‌دهند	نمی‌دهند	داد	_	_
29	،	،	،	_	_
30	لااقل	لااقل	لااقل	_	_
31	اجازه	اجازه	اجازه	_	_
32	بدهند	بدهند	داد	_	_
33	دینار	دینار	دینار	_	_
34	های‌موجود	های‌موجود	های‌موجود	_	_
35	را	را	را	_	_
36	به	به	به	_	_
37	داخل	داخل	داخل	_	_
38	مرز	مرز	مرز	_	_
39	ایران	ایران	ایران	_	_
40	منتقل	منتقل	منتقل	_	_
41	کنیم	کنیم	کرد	_	_
42	تا	تا	تا	_	_
43	در	در	در	_	_
44	کشورمان	کشور	کشور	_	_
45	و	و	و	_	_
46	در	در	در	_	_
47	لب	لب	لب	_	_
48	مرز	مرز	مرز	_	_
49	به	به	به	_	_
50	زائران	زائر	زائر	_	_
51	پرداخت‌شود	پرداخت‌شود	پرداخت‌شود	_	_
52	که	که	که	_	_
53	متاسفانه	متاسفانه	متاسفانه	_	_
54	طرف	طرف	طرف	_	_
55	عراقی	عراق	عراق	_	_
56	با	با	با	_	_
57	این	این	این	_	_
58	پیشنهاد	پیشنهاد	پیشنهاد	_	_
59	هم	هم	هم	_	_
60	موافقت	موافق	موافقت	_	_
61	نکرده‌است	نکرده‌اس	کرد	_	_
62	.	.	.	_	_

