0	فارسی	فارسي	فارسي	_	_
1	راکمی	راكم	راكمی	_	_
2	درست	درس	درست	_	_
3	تر	تر	تر	_	_
4	می	می	می	_	_
5	نویسیم	نويسي	نويسيم	_	_
6	.	.	.	_	_

0	به	به	به	_	_
1	گزارش	گزارش	گزارش	_	_
2	ایسنا	ایسنا	ایسنا	_	_
3	سمینار	سمینار	سمینار	_	_
4	شیمی	شیمی	شیمی	_	_
5	آلی	آل	آلی	_	_
6	از	از	از	_	_
7	امروز	امروز	امروز	_	_
8	۱۱	۱۱	۱۱	_	_
9	شهریور	شهریور	شهریور	_	_
10	۱۳۹۶	۱۳۹۶	۱۳۹۶	_	_
11	در	در	در	_	_
12	دانشگاه	دانشگاه	دانشگاه	_	_
13	علم	علم	علم	_	_
14	و	و	و	_	_
15	صنعت	صنع	صنعت	_	_
16	ایران	ایران	ایران	_	_
17	آغاز	آغاز	آغاز	_	_
18	به	به	به	_	_
19	کار	کار	کار	_	_
20	کرد	کرد	کرد	_	_
21	.	.	.	_	_

0	این	این	این	_	_
1	سمینار	سمینار	سمینار	_	_
2	تا	تا	تا	_	_
3	۱۳	۱۳	۱۳	_	_
4	شهریور	شهریور	شهریور	_	_
5	ادامه	ادامه	ادامه	_	_
6	می	می	می	_	_
7	یابد	یابد	یافت	_	_
8	.	.	.	_	_

0	رئیس	رئیس	رئیس	_	_
1	سازمان	سازمان	سازمان	_	_
2	برنامه	برنامه	برنامه	_	_
3	و	و	و	_	_
4	بودجه	بودجه	بودجه	_	_
5	،	،	،	_	_
6	برنامه	برنامه	برنامه	_	_
7	جامع	جامع	جامع	_	_
8	دولت	دول	دولت	_	_
9	مشتمل	مشتمل	مشتمل	_	_
10	بر	بر	بر	_	_
11	۱۲	۱۲	۱۲	_	_
12	بسته	بسته	بسته	_	_
13	برای	برای	برای	_	_
14	خنثی	خنثی	خنثی	_	_
15	سازی	ساز	سازی	_	_
16	و	و	و	_	_
17	تقلیل	تقلیل	تقلیل	_	_
18	تحریم‌	تحریم	تحریم	_	_
19	های		های	_	_
20	آمریکا	آمریکا	آمریکا	_	_
21	را	را	را	_	_
22	تشریح	تشریح	تشریح	_	_
23	کرد	کرد	کرد	_	_
24	.	.	.	_	_

0	خانه	خانه	خانه	_	_
1	ملت	مل	ملت	_	_
2	نوشت	نو	نوشت	_	_
3	:	:	:	_	_
4	محمدباقر	محمدباقر	محمدباقر	_	_
5	نوبخت	نوبخت	نوبخت	_	_
6	رئیس	رئیس	رئیس	_	_
7	سازمان	سازمان	سازمان	_	_
8	برنامه	برنامه	برنامه	_	_
9	و	و	و	_	_
10	بودجه	بودجه	بودجه	_	_
11	در	در	در	_	_
12	نشست	نشست	نشست	_	_
13	مشترک	مشترک	مشترک	_	_
14	رؤسای	رؤسا	رؤسا	_	_
15	کمیسیون‌	کمیسیون	کمیسیون‌	_	_
16	های		های	_	_
17	تخصصی	تخصص	تخصص	_	_
18	مجلس	مجلس	مجلس	_	_
19	با	با	با	_	_
20	بیان	بی	بیان	_	_
21	اینکه	اینکه	اینکه	_	_
22	از	از	از	_	_
23	زمان	زمان	زمان	_	_
24	مشخص	مشخص	مشخص	_	_
25	شدن	شدن	شدن	_	_
26	اعمال	اعمال	اعمال	_	_
27	تحریم‌های	تحریم	تحریم	_	_
28	۹۰	۹۰	۹۰	_	_
29	روزه	روزه	روزه	_	_
30	و	و	و	_	_
31	۱۸۰	۱۸۰	۱۸۰	_	_
32	روزه	روزه	روزه	_	_
33	آمریکا	آمریکا	آمریکا	_	_
34	علیه	علیه	علیه	_	_
35	ایران	ایران	ایران	_	_
36	سازمان	سازمان	سازمان	_	_
37	برنامه	برنامه	برنامه	_	_
38	و	و	و	_	_
39	بودجه	بودجه	بودجه	_	_
40	به	به	به	_	_
41	صورت	صور	صورت	_	_
42	دقیق	دقیق	دقیق	_	_
43	حوزه	حوزه	حوزه	_	_
44	های		های	_	_
45	این	این	این	_	_
46	تحریم	تحری	تحریم	_	_
47	ها		ها	_	_
48	را	را	را	_	_
49	مشخص	مشخص	مشخص	_	_
50	کرد	کرد	کرد	_	_
51	،	،	،	_	_
52	گفت	گفت	گفت	_	_
53	:	:	:	_	_
54	برای	برای	برای	_	_
55	خنثی	خنثی	خنثی	_	_
56	سازی	ساز	سازی	_	_
57	و	و	و	_	_
58	به	به	به	_	_
59	حداقل	حداقل	حداقل	_	_
60	رسیدن	رسیدن	رسیدن	_	_
61	این	این	این	_	_
62	تحریم	تحری	تحریم	_	_
63	ها		ها	_	_
64	یک	یک	یک	_	_
65	برنامه	برنامه	برنامه	_	_
66	جامع	جامع	جامع	_	_
67	مشتمل	مشتمل	مشتمل	_	_
68	بر	بر	بر	_	_
69	۱۲	۱۲	۱۲	_	_
70	بسته	بسته	بسته	_	_
71	در	در	در	_	_
72	سازمان	سازمان	سازمان	_	_
73	طراحی	طراح	طراح	_	_
74	و	و	و	_	_
75	مشخص	مشخص	مشخص	_	_
76	شد	شد	شد	_	_
77	که	که	که	_	_
78	هر	هر	هر	_	_
79	یک	یک	یک	_	_
80	از	از	از	_	_
81	دستگاه	دستگاه	دستگاه	_	_
82	های		های	_	_
83	موجود	موجود	موجود	_	_
84	در	در	در	_	_
85	وزارتخانه	وزارتخانه	وزارتخانه	_	_
86	ها		ها	_	_
87	با	با	با	_	_
88	اعمال	اعمال	اعمال	_	_
89	تحریم	تحری	تحریم	_	_
90	های		های	_	_
91	۹۰	۹۰	۹۰	_	_
92	روزه	روزه	روزه	_	_
93	و	و	و	_	_
94	۱۸۰	۱۸۰	۱۸۰	_	_
95	روزه	روزه	روزه	_	_
96	چه	چه	چه	_	_
97	آسیب	آسیب	آسیب	_	_
98	هایی	هایی	هایی	_	_
99	می	می	می	_	_
100	بینند	بینند	دید	_	_
101	و	و	و	_	_
102	در	در	در	_	_
103	کوتاه	کوتاه	کوتاه	_	_
104	مدت	مد	مدت	_	_
105	،	،	،	_	_
106	میان	می	میان	_	_
107	مدت	مد	مدت	_	_
108	و	و	و	_	_
109	بلند	بلند	بلند	_	_
110	مدت	مد	مدت	_	_
111	باید	باید	باید	_	_
112	چه	چه	چه	_	_
113	برنامه	برنامه	برنامه	_	_
114	هایی	هایی	هایی	_	_
115	اعمال	اعمال	اعمال	_	_
116	شود	شود	شد	_	_
117	که	که	که	_	_
118	تکلیف	تکلیف	تکلیف	_	_
119	وزارت	وزارت	وزارت	_	_
120	خانه	خانه	خانه	_	_
121	ها		ها	_	_
122	در	در	در	_	_
123	این	این	این	_	_
124	حوزه	حوزه	حوزه	_	_
125	مشخص	مشخص	مشخص	_	_
126	شد	شد	شد	_	_
127	.	.	.	_	_

0	جوانی	جوان	جوان	_	_
1	از	از	از	_	_
2	یک	یك	یك	_	_
3	خانواده	خانواده	خانواده	_	_
4	فقیر	فقیر	فقیر	_	_
5	(	(	(	_	_
6	فرخ	فرخ	فرخ	_	_
7	)	)	)	_	_
8	دل	دل	دل	_	_
9	باخته	باخته	باخته	_	_
10	دختر	دختر	دختر	_	_
11	عمه‌اش	عمه	عمه	_	_
12	(	(	(	_	_
13	مهین	مه	مهین	_	_
14	)	)	)	_	_
15	از	از	از	_	_
16	خانواده‌	خانواده	خانواده	_	_
17	ای	ای	ای	_	_
18	اشرافی	اشراف	اشراف	_	_
19	و	و	و	_	_
20	متعین	متع	متعین	_	_
21	است	است		_	_
22	.	.	.	_	_

0	پدر	پدر	پدر	_	_
1	مهین	مه	مهین	_	_
2	به	به	به	_	_
3	سودای	سودا	سودا	_	_
4	مال	مال	مال	_	_
5	و	و	و	_	_
6	مقام	مقام	مقام	_	_
7	در	در	در	_	_
8	صدد	صدد	صدد	_	_
9	است	است		_	_
10	دختر	دختر	دختر	_	_
11	را	را	را	_	_
12	به	به	به	_	_
13	خواستگار	خواستگار	خواستگار	_	_
14	ثروتمند	ثروتمند	ثروتمند	_	_
15	(	(	(	_	_
16	سیاوش	سیاوش	سیاوش	_	_
17	میرزا	میرزا	میرزا	_	_
18	)	)	)	_	_
19	بدهد	بدهد	داد	_	_
20	.	.	.	_	_

0	با	با	با	_	_
1	طرح	طرح	طرح	_	_
2	توطئه‌ای	توطئه	توطئه	_	_
3	فرخ	فرخ	فرخ	_	_
4	را	را	را	_	_
5	دستگیر	دستگیر	دستگیر	_	_
6	کرده	كرده	كرده	_	_
7	و	و	و	_	_
8	به	به	به	_	_
9	تبعید	تبعید	تبعید	_	_
10	می‌فرستند	می‌فرستند	فرستاد	_	_
11	.	.	.	_	_
12	فرخ	فرخ	فرخ	_	_
13	که	كه	كه	_	_
14	در	در	در	_	_
15	این	این	این	_	_
16	دستگاه	دستگاه	دستگاه	_	_
17	سمت	سم	سمت	_	_
18	مهمی	مهم	مهم	_	_
19	دارد	دارد	داشت	_	_
20	،	،	،	_	_
21	ظاهرا	ظاهراً	ظاهراً	_	_
22	به	به	به	_	_
23	آرمان	آرم	آرمان	_	_
24	خود	خود	خود	_	_
25	برای	برای	برای	_	_
26	مبارزه	مبارزه	مبارزه	_	_
27	با	با	با	_	_
28	فساد	فساد	فساد	_	_
29	نائل	نائل	نائل	_	_
30	شده‌است	شده‌است	شد	_	_
31	.	.	.	_	_

0	وی	و	وی	_	_
1	با	با	با	_	_
2	بیان	بی	بیان	_	_
3	اینکه	اینکه	اینکه	_	_
4	نقدینگی	نقدینگی	نقدینگی	_	_
5	قابل	قابل	قابل	_	_
6	ملاحظه	ملاحظه	ملاحظه	_	_
7	ای	ای	ای	_	_
8	در	در	در	_	_
9	کشور	کشور	کشور	_	_
10	وجود	وجود	وجود	_	_
11	دارد	دارد	داشت	_	_
12	که	که	که	_	_
13	مهار	مهار	مهار	_	_
14	نقدینگی	نقدینگی	نقدینگی	_	_
15	و	و	و	_	_
16	هدایت	هدایت	هدایت	_	_
17	آن	آن	آن	_	_
18	یکی	یک	یک	_	_
19	از	از	از	_	_
20	بسته‌های	بسته	بسته	_	_
21	دولت	دول	دولت	_	_
22	در	در	در	_	_
23	نظر	نظر	نظر	_	_
24	گرفته‌شد	گرفته‌شد	گرفت	_	_
25	،	،	،	_	_
26	افزود	افزود	افزود	_	_
27	:	:	:	_	_
28	۷۶	۷۶	۷۶	_	_
29	هزار	هزار	هزار	_	_
30	پروژه	پروژه	پروژه	_	_
31	ناتمام	ناتمام	ناتمام	_	_
32	در	در	در	_	_
33	کشور	کشور	کشور	_	_
34	وجود	وجود	وجود	_	_
35	دارد	دارد	داشت	_	_
36	که	که	که	_	_
37	در	در	در	_	_
38	بسته	بسته	بسته	_	_
39	دیگری	دیگر	دیگر	_	_
40	در	در	در	_	_
41	کشور	کشور	کشور	_	_
42	مشخص	مشخص	مشخص	_	_
43	شد	شد	شد	_	_
44	که	که	که	_	_
45	چه	چه	چه	_	_
46	راهکارهایی	راهکار	راهکار	_	_
47	برای	برای	برای	_	_
48	اتمام	اتمام	اتمام	_	_
49	پروژه	پروژه	پروژه	_	_
50	های		های	_	_
51	مهم	مه	مهم	_	_
52	باید	باید	باید	_	_
53	اتخاذ	اتخاذ	اتخاذ	_	_
54	شود	شود	شد	_	_
55	و	و	و	_	_
56	مدلی	مدل	مدلی	_	_
57	در	در	در	_	_
58	قالب	قالب	قالب	_	_
59	مشارکت	مشارکت	مشارکت	_	_
60	عمومی	عموم	عموم	_	_
61	خصوصی	خصوص	خصوصی	_	_
62	و	و	و	_	_
63	در	در	در	_	_
64	یک	یک	یک	_	_
65	بسته	بسته	بسته	_	_
66	تهیه	تهیه	تهیه	_	_
67	شد	شد	شد	_	_
68	.	.	.	_	_

0	گاهی	گاه	گاه	_	_
1	رویدادهایی	رویداد	رویداد	_	_
2	موجب	موجب	موجب	_	_
3	می	می	می	_	_
4	شود	شود	شد	_	_
5	شما	شما	شما	_	_
6	منطق	منطق	منطق	_	_
7	خود	خود	خود	_	_
8	را	را	را	_	_
9	از	از	از	_	_
10	دست	دست	دست	_	_
11	بدهید	بدهید	داد	_	_
12	وگرنه	وگرنه	وگرنه	_	_
13	دلیل	دلیل	دلیل	_	_
14	برای	براي	براي	_	_
15	از	از	از	_	_
16	دست	دست	دست	_	_
17	دادن	دادن	دادن	_	_
18	آن	آن	آن	_	_
19	ندارید	ندارید	داشت	_	_
20	.	.	.	_	_

0	«	«	«	_	_
1	چنآنچه	چنآنچه	چنآنچه	_	_
2	واکنش	واکنش	واکنش	_	_
3	نابهنجار	نابهنجار	نابهنجار	_	_
4	در	در	در	_	_
5	برابر	برابر	برابر	_	_
6	موقعیت	موقعیت	موقعیت	_	_
7	نابهنجار	نابهنجار	نابهنجار	_	_
8	،	،	،	_	_
9	رفتار	رفتار	رفتار	_	_
10	طبیعی	طبیعی	طبیعی	_	_
11	به	به	به	_	_
12	شمار	شمار	شمار	_	_
13	می	می	می	_	_
14	رود	رود	رود	_	_
15	.	.	.	_	_

0	ما	ما	ما	_	_
1	روانپزشکان	روانپزشک	روانپزشکان	_	_
2	حتی	حتی	حتی	_	_
3	انتظار	انتظار	انتظار	_	_
4	این	این	این	_	_
5	را	را	را	_	_
6	داریم	داریم	داشت	_	_
7	که	که	که	_	_
8	واکنش	واکنش	واکنش	_	_
9	های	هاي	هاي	_	_
10	یک	یک	یک	_	_
11	فرد	فرد	فرد	_	_
12	در	در	در	_	_
13	برابر	برابر	برابر	_	_
14	یک	یک	یک	_	_
15	امر	امر	امر	_	_
16	نابهنجار	نابهنجار	نابهنجار	_	_
17	،	،	،	_	_
18	از	از	از	_	_
19	قبیل	قبیل	قبیل	_	_
20	فرستادن	فرستادن	فرستادن	_	_
21	به	به	به	_	_
22	تیمارستان	تیمارستان	تیمارستان	_	_
23	،	،	،	_	_
24	به	به	به	_	_
25	نسبت	نسب	نسبت	_	_
26	درجه	درجه	درجه	_	_
27	بهنجار	بهنجار	بهنجار	_	_
28	بودن	بودن	بودن	_	_
29	او	او	او	_	_
30	نابهنجار	نابهنجار	نابهنجار	_	_
31	باشد	باشد	بود	_	_
32	.	.	.	_	_

0	واکنش	واکنش	واکنش	_	_
1	فردی	فردي	فردي	_	_
2	که	که	که	_	_
3	به	به	به	_	_
4	اردوگاه	اردوگاه	اردوگاه	_	_
5	کار	کار	کار	_	_
6	اجباری	اجباري	اجباري	_	_
7	وارد	وارد	وارد	_	_
8	شده‌است	شده‌است	شد	_	_
9	نیز	نیز	نیز	_	_
10	وضع	وضع	وضع	_	_
11	نابهنجار	نابهنجار	نابهنجار	_	_
12	ذهنی	ذهن	ذهن	_	_
13	او	او	او	_	_
14	را	را	را	_	_
15	نشان	نشان	نشان	_	_
16	می	می	می	_	_
17	دهد	دهد	داد	_	_
18	.	.	.	_	_

0	صبح	صبح	صبح	_	_
1	زود	زود	زود	_	_
2	،	،	،	_	_
3	وقتی	وقت	وقت	_	_
4	که	که	که	_	_
5	هوا	هوا	هوا	_	_
6	هنوز	هنوز	هنوز	_	_
7	گرگ	گرگ	گرگ	_	_
8	و	و	و	_	_
9	میش	می	میش	_	_
10	بود	بود	بود	_	_
11	زندانی	زندان	زندان	_	_
12	با	با	با	_	_
13	گروهش	گروه	گروه	_	_
14	جلوی	جلوي	جلوي	_	_
15	در	در	در	_	_
16	می	می	می	_	_
17	ایستاد	ایستاد	ایستاد	_	_
18	و	و	و	_	_
19	آماده	آماده	آماده	_	_
20	کار	کار	کار	_	_
21	بود	بود	بود	_	_
22	.	.	.	_	_

0	با	با	با	_	_
1	شنیدن	شنیدن	شنیدن	_	_
2	صدای	صداي	صداي	_	_
3	فریادی	فریادي	فریادي	_	_
4	،	،	،	_	_
5	می	می	می	_	_
6	دید	دید	دید	_	_
7	که	که	که	_	_
8	چگونه	چگونه	چگونه	_	_
9	رفیقی	رفیق	رفیق	_	_
10	را	را	را	_	_
11	نقش	نق	نقش	_	_
12	زمین	زمین	زمین	_	_
13	می	می	می	_	_
14	کنند	کنند	کرد	_	_
15	و	و	و	_	_
16	دیگر	دیگر	دیگر	_	_
17	بار	بار	بار	_	_
18	او	او	او	_	_
19	را	را	را	_	_
20	می	می	می	_	_
21	ایستانند	ایستانند	ایستانند	_	_
22	و	و	و	_	_
23	باز	باز	باز	_	_
24	هم	هم	هم	_	_
25	اینکار	اینکار	اینکار	_	_
26	تکرار	تکرار	تکرار	_	_
27	می	می	می	_	_
28	شود	شود	شد	_	_
29	،	،	،	_	_
30	چرا	چرا	چرا	_	_
31	چنین	چنین	چنین	_	_
32	می	می	می	_	_
33	کردند	کردند	کرد	_	_
34	؟	؟	؟	_	_

0	برای	براي	براي	_	_
1	این	این	این	_	_
2	که	که	که	_	_
3	تب	تب	تب	_	_
4	داشت	داش	داشت	_	_
5	و	و	و	_	_
6	بی	بی	بی	_	_
7	موقع	موقع	موقع	_	_
8	به	به	به	_	_
9	درمانگاه	درمانگاه	درمانگاه	_	_
10	رفته‌بود	رفته‌بود	رفت	_	_
11	و	و	و	_	_
12	به	به	به	_	_
13	خاطر	خاطر	خاطر	_	_
14	همین	هم	همین	_	_
15	که	که	که	_	_
16	می	می	می	_	_
17	خواست	خواست	خواست	_	_
18	از	از	از	_	_
19	وظایف	وظایف	وظایف	_	_
20	روزانه	روزانه	روزانه	_	_
21	اش	اش	اش	_	_
22	رها	رها	رها	_	_
23	شود	شود	شد	_	_
24	تنبیه	تنبیه	تنبیه	_	_
25	می	می	می	_	_
26	شد	شد	شد	_	_
27	.	.	.	_	_

0	اینبار	اينبار	اينبار	_	_
1	نتونستم	نتونس	نتونستم	_	_
2	جلوی	جلوي	جلوي	_	_
3	خندم	خند	خندید	_	_
4	رو	رو	رو	_	_
5	بگیرم	بگير	بگيرم	_	_
6	یه	يه	يه	_	_
7	دونه	دونه	دونه	_	_
8	با	با	با	_	_
9	مشت	مش	مشت	_	_
10	ناخود	ناخود	ناخود	_	_
11	آگاه	آگاه	آگاه	_	_
12	زدم	زد	زد	_	_
13	به	به	به	_	_
14	بازوش	بازو	بازو	_	_
15	که	كه	كه	_	_
16	با	با	با	_	_
17	یه	يه	يه	_	_
18	لبخند	لبخند	لبخند	_	_
19	مرموذی	مرموذي	مرموذي	_	_
20	نگام	نگا	نگام	_	_
21	کرد	كرد	كرد	_	_
22	.	.	.	_	_

0	پایه	پايه	پايه	_	_
1	ی	ي	ي	_	_
2	یه	يه	يه	_	_
3	دور	دور	دور	_	_
4	دور	دور	دور	_	_
5	هستی	هستي	هستي	_	_
6	؟؟؟!!!	؟؟؟!!!	؟؟؟!!!	_	_

0	خندیدم	خنديد	خنديدم	_	_
1	و	و	و	_	_
2	سرمو	سرمو	سرمو	_	_
3	با	با	با	_	_
4	ذوق	ذوق	ذوق	_	_
5	تکون	تكون	تكون	_	_
6	دادم	داد	داد	_	_
7	و	و	و	_	_
8	پریدم	پريد	پريدم	_	_
9	بالا	بالا	بالا	_	_
10	و	و	و	_	_
11	شروع	شروع	شروع	_	_
12	کردم	كرد	كردم	_	_
13	روندن	روندن	روندن	_	_
14	.	.	.	_	_
15	.	.	.	_	_
16	.	.	.	_	_

0	راهنماییم	راهنمايي	راهنماييم	_	_
1	کرد	كرد	كرد	_	_
2	تا	تا	تا	_	_
3	رفتیم	رفتي	رفتيم	_	_
4	سمت	سم	سمت	_	_
5	سعادت	سعادت	سعادت	_	_
6	آباد	آباد	آباد	_	_
7	و	و	و	_	_
8	کنارآب	کنارآب	کنارآب	_	_
9	میوه	میوه	میوه	_	_
10	فروشی	فروش	فروشی	_	_
11	ایستادیم	ایستاد	ایستاد	_	_
12	.	.	.	_	_

0	شب	شب	شب	_	_
1	بود	بود	بود	_	_
2	ستار	ستار	ستار	_	_
3	گان	گ	گان	_	_
4	در	در	در	_	_
5	آسمان	آسم	آسمان	_	_
6	میدر	میدر	میدر	_	_
7	خشنیدند	خشنیدند	خشنیدند	_	_
8	،	،	،	_	_
9	از	از	از	_	_
10	کاربربرمیگشتم	کاربربرمیگ	کاربربرمیگشتم	_	_
11	که	که	که	_	_
12	برای	برای	برای	_	_
13	خانه	خانه	خانه	_	_
14	نان	نان	نان	_	_
15	و	و	و	_	_
16	ا	ا	ا	_	_
17	نار	نار	نار	_	_
18	خرید	خرید	خرید	_	_
19	کردم	کرد	کرد	_	_
20	.	.	.	_	_

0	ساعت	ساعت	ساعت	_	_
1	۱۳	13	13	_	_
2	:	:	:	_	_
3	۲ب	2ب	2ب	_	_
4	.	.	.	_	_

0	ظ	ظ	ظ	_	_
1	هر	هر	هر	_	_
2	جا	جا	جا	_	_
3	یی		یی	_	_
4	را	را	را	_	_
5	گشتم	گشت	گشت	_	_
6	نبود	نبود	بود	_	_
7	و	و	و	_	_
8	دربه	دربه	دربه	_	_
9	دردنبال	دردنبال	دردنبال	_	_
10	آن	آن	آن	_	_
11	بودم	بود	بود	_	_
12	.	.	.	_	_

0	کوچ	کوچ	کوچ	_	_
1	نشینان	نشین	نشینان	_	_
2	به	به	به	_	_
3	ییلاق	ییلاق	ییلاق	_	_
4	کوچ	کوچ	کوچ	_	_
5	کردند	کردند	کرد	_	_
6	در	در	در	_	_
7	مسیر	مسیر	مسیر	_	_
8	بودندطوفان	بودندطوف	بودندطوفان	_	_
9	شن	شن	شن	_	_
10	شروع	شروع	شروع	_	_
11	شد	شد	شد	_	_
12	،	،	،	_	_
13	درطوفان	درطوف	درطوفان	_	_
14	گیر	گیر	گیر	_	_
15	کردند	کردند	کرد	_	_
16	.	.	.	_	_
17	صبح	صبح	صبح	_	_
18	شد	شد	شد	_	_
19	هوا	هوا	هوا	_	_
20	آروم	آرو	آروم	_	_
21	شده‌بود	شده‌بود	شد	_	_
22	اما	اما	اما	_	_
23	گوسفندان	گوسفند	گوسفند	_	_
24	همه	همه	همه	_	_
25	پراکنده‌شده‌بودند	پراکنده‌شده‌بودند	پراکند	_	_
26	.	.	.	_	_

0	زمان	زمان	زمان	_	_
1	جانشینی	جانشین	جانشین	_	_
2	فرارسید	فرارسید	فرارسید	_	_
3	برادردربرابربرادرقرارگرفته	برادردربرابربرادرقرارگرفته	برادردربرابربرادرقرارگرفته	_	_
4	بود	بود	بود	_	_
5	.	.	.	_	_

0	مادر	مادر	مادر	_	_
1	برای	برای	برای	_	_
2	خرید	خرید	خرید	_	_
3	پرده	پرده	پرده	_	_
4	به	به	به	_	_
5	پر	پر	پر	_	_
6	ده	ده	ده	_	_
7	سرا	سرا	سرا	_	_
8	رفت	رف	رفت	_	_
9	ولی	ول	ولی	_	_
10	پرده	پرده	پرده	_	_
11	ی		ی	_	_
12	خو	خو	خو	_	_
13	بی	بی	بی	_	_
14	پیدانکرد	پیدانکرد	پیدانکرد	_	_
15	.	.	.	_	_

0	درصورتی‌که	درصورتی‌که	درصورتی‌که	_	_
1	حجم	حج	حجم	_	_
2	حافظه	حافظه	حافظه	_	_
3	۱۰	10	10	_	_
4	ترا	ترا	ترا	_	_
5	بایت	بایت	بایت	_	_
6	یا	یا	یا	_	_
7	۱۵	15	15	_	_
8	ترابایت	ترابا	ترابایت	_	_
9	باشد	باشد	بود	_	_
10	عالی	عالی	عالی	_	_
11	میشوددرغیراین	میشوددرغیرا	میشوددرغیراین	_	_
12	صورت	صور	صورت	_	_
13	قابل	قابل	قابل	_	_
14	استفاده	استفاده	استفاده	_	_
15	نمی	نم	نم	_	_
16	باشد	باشد	بود	_	_
17	.	.	.	_	_

0	کسب	کسب	کسب	_	_
1	و	و	و	_	_
2	کار	کار	کار	_	_
3	در	در	در	_	_
4	اقتصاد	اقتصاد	اقتصاد	_	_
5	سرمایه	سرمایه	سرمایه	_	_
6	‌داری	‌دار	‌داری	_	_
7	حکم‌	حکم	حکم	_	_
8	فرماست	فرماس	فرماست	_	_
9	،	،	،	_	_
10	بیشتر	بی	بیشتر	_	_
11	کسب	کسب	کسب	_	_
12	و	و	و	_	_
13	کار	کار	کار	_	_
14	ها		ها	_	_
15	که	که	که	_	_
16	مالک	مالک	مالک	_	_
17	آن‌	آن	آن	_	_
18	ها		ها	_	_
19	بخش	بخش	بخش	_	_
20	خصوصی	خصوص	خصوصی	_	_
21	است	است		_	_
22	برای	برای	برای	_	_
23	این	این	این	_	_
24	ایجاد	ایجاد	ایجاد	_	_
25	شده‌اند	شده‌اند	شد	_	_
26	که	که	که	_	_
27	سود	سود	سود	_	_
28	ساز	ساز	ساز	_	_
29	باشند	باشند	بود	_	_
30	و	و	و	_	_
31	دارایی	دارا	دارایی	_	_
32	صاحب‌	صاحب	صاحب	_	_
33	شان	شان	شان	_	_
34	را	را	را	_	_
35	بیشتر	بی	بیشتر	_	_
36	کنند	کنند	کرد	_	_
37	.	.	.	_	_

0	کسب	کسب	کسب	_	_
1	و	و	و	_	_
2	کارها	کار	کار	_	_
3	می‌توانند	می‌توانند	توانست	_	_
4	نا	نا	نا	_	_
5	سودبر	سودبر	سودبر	_	_
6	باشند	باشند	بود	_	_
7	یا	یا	یا	_	_
8	مالک	مالک	مالک	_	_
9	آن‌ها	آن	آن	_	_
10	دولت	دول	دولت	_	_
11	باشد	باشد	بود	_	_
12	.	.	.	_	_

0	از	از	از	_	_
1	کسب	کسب	کسب	_	_
2	و	و	و	_	_
3	کاری	کار	کاشت	_	_
4	که	که	که	_	_
5	چندین	چند	چندین	_	_
6	فرد	فرد	فرد	_	_
7	در	در	در	_	_
8	دارایی	دارا	دارایی	_	_
9	آن	آن	آن	_	_
10	شریک	شریک	شریک	_	_
11	باشند	باشند	بود	_	_
12	با	با	با	_	_
13	عنوان	عنوان	عنوان	_	_
14	شرکت	شرک	شرکت	_	_
15	یاد	یاد	یاد	_	_
16	برده‌می‌شود	برده‌می‌شود	برد	_	_
17	،	،	،	_	_
18	هر	هر	هر	_	_
19	چند	چند	چند	_	_
20	که	که	که	_	_
21	این	این	این	_	_
22	واژه	واژه	واژه	_	_
23	تعریف	تعریف	تعریف	_	_
24	دقیق‌	دقیق	دقیق	_	_
25	تری	تر	تر	_	_
26	نیز	نیز	نیز	_	_
27	دارد	دارد	داشت	_	_
28	.	.	.	_	_

0	پترس	پترس	پترس	_	_
1	و	و	و	_	_
2	پلومن	پلومن	پلومن	_	_
3	،	،	،	_	_
4	از	از	از	_	_
5	صاحب	صاحب	صاحب	_	_
6	نظران	نظر	نظر	_	_
7	این	این	این	_	_
8	حوزه	حوزه	حوزه	_	_
9	،	،	،	_	_
10	بر	بر	بر	_	_
11	این	این	این	_	_
12	باورند	باورند	باورند	_	_
13	که	که	که	_	_
14	هر	هر	هر	_	_
15	نوع	نوع	نوع	_	_
16	خرید	خرید	خرید	_	_
17	و	و	و	_	_
18	فروش	فرو	فروش	_	_
19	کسب	کسب	کسب	_	_
20	وکار	وکار	وکار	_	_
21	نیست	نیست	نیست	_	_
22	،	،	،	_	_
23	بلکه	بلکه	بلکه	_	_
24	کسب	کسب	کسب	_	_
25	وکار	وکار	وکار	_	_
26	هر	هر	هر	_	_
27	نوع	نوع	نوع	_	_
28	تبادل	تبادل	تبادل	_	_
29	تکرار	تکرار	تکرار	_	_
30	شونده	شونده	شونده	_	_
31	و	و	و	_	_
32	تجدید	تجدید	تجدید	_	_
33	پذیر	پذیر	پذیر	_	_
34	است	است		_	_
35	.	.	.	_	_

0	صد	صد	صد	_	_
1	ها		ها	_	_
2	تن	تن	تن	_	_
3	از	از	از	_	_
4	مرد	مرد	مرد	_	_
5	ها		ها	_	_
6	به	به	به	_	_
7	بیگاری	بیگار	بیگاری	_	_
8	کشیده	کشیده	کشیده	_	_
9	شدندوبه	شدندوبه	شدندوبه	_	_
10	ده	ده	ده	_	_
11	ها		ها	_	_
12	زن	زن	زن	_	_
13	تجاوز	تجاوز	تجاوز	_	_
14	شد	شد	شد	_	_
15	.	.	.	_	_

0	فروشند	فروشند	فروخت	_	_
1	گان	گ	گان	_	_
2	کالا	کالا	کالا	_	_
3	هایی	هایی	هایی	_	_
4	را	را	را	_	_
5	که	که	که	_	_
6	به	به	به	_	_
7	فروش	فرو	فروش	_	_
8	نمیرسند	نمیرسند	نمیرسند	_	_
9	با	با	با	_	_
10	قیمت	قیم	قیمت	_	_
11	پایین	پا	پایین	_	_
12	تر	تر	تر	_	_
13	به	به	به	_	_
14	حراج	حراج	حراج	_	_
15	میگذارند	میگذارند	میگذارند	_	_
16	.	.	.	_	_
17	علاوه	علاوه	علاوه	_	_
18	بر	بر	بر	_	_
19	این	این	این	_	_
20	اجناس	اجناس	اجناس	_	_
21	که	که	که	_	_
22	سال	سال	سال	_	_
23	ها		ها	_	_
24	پیش	پی	پیش	_	_
25	فروش	فرو	فروش	_	_
26	نرفته‌اند	نرفته‌اند	رفت	_	_
27	هم	هم	هم	_	_
28	در	در	در	_	_
29	این	این	این	_	_
30	حراج	حراج	حراج	_	_
31	وجود	وجود	وجود	_	_
32	دارند	دارند	داشت	_	_
33	.	.	.	_	_

0	سرور	سرور	سرور	_	_
1	های		های	_	_
2	گوگل	گوگل	گوگل	_	_
3	کیلو	کیلو	کیلو	_	_
4	ترابایت	ترابا	ترابایت	_	_
5	حافظه	حافظه	حافظه	_	_
6	دارند	دارند	داشت	_	_
7	.	.	.	_	_

0	بت	بت	بت	_	_
1	پرست	پرس	پرس	_	_
2	پیر	پیر	پیر	_	_
3	اهن	اهن	اهن	_	_
4	را	را	را	_	_
5	تکه	تکه	تکه	_	_
6	تکه	تکه	تکه	_	_
7	کرد	کرد	کرد	_	_
8	.	.	.	_	_

0	به	به	به	_	_
1	گزارش	گزارش	گزارش	_	_
2	شبکه	شبکه	شبکه	_	_
3	ان		ان	_	_
4	بی	بی	بی	_	_
5	سی	سی	سی	_	_
6	نیوز	نیوز	نیوز	_	_
7	قایق‌های	قایق	قایق	_	_
8	تندروی	تندرو	تندروی	_	_
9	نیروی	نیرو	نیرو	_	_
10	دریایی	دریا	دریا	_	_
11	ایران	ایران	ایران	_	_
12	در	در	در	_	_
13	آب‌های	آب	آب	_	_
14	خلیج	خلیج	خلیج	_	_
15	فارس	فارس	فارس	_	_
16	به	به	به	_	_
17	ناو	ناو	ناو	_	_
18	آمریکایی	آمریکا	آمریکایی	_	_
19	اسکس	اسکس	اسکس	_	_
20	و	و	و	_	_
21	دیگر	دیگر	دیگر	_	_
22	کشتی‌های	کشتی	کشتی	_	_
23	آمریکایی	آمریکا	آمریکایی	_	_
24	نزدیک	نزدیک	نزدیک	_	_
25	شده‌اند	شده‌اند	شد	_	_
26	.	.	.	_	_

0	در	در	در	_	_
1	حالی	حال	حال	_	_
2	که	که	که	_	_
3	ژنرال	ژنرال	ژنرال	_	_
4	جوزف	جوزف	جوزف	_	_
5	ووتل	ووتل	ووتل	_	_
6	فرمانده	فرمانده	فرمانده	_	_
7	مقر	مقر	مقر	_	_
8	مرکزی	مرکز	مرکزی	_	_
9	ارتش	ارتش	ارتش	_	_
10	آمریکا	آمریکا	آمریکا	_	_
11	نیز	نیز	نیز	_	_
12	در	در	در	_	_
13	ناو	ناو	ناو	_	_
14	اسکس	اسکس	اسکس	_	_
15	بوده‌است	بوده‌است	بود	_	_
16	.	.	.	_	_

0	بنابر	بنابر	بنابر	_	_
1	این	این	این	_	_
2	گزارش	گزارش	گزارش	_	_
3	قایق‌های	قایق	قایق	_	_
4	تندروی	تندرو	تندروی	_	_
5	ایرانی	ایران	ایران	_	_
6	تا	تا	تا	_	_
7	فاصله	فاصله	فاصله	_	_
8	۳۰۰	300	300	_	_
9	یاردی	یارد	یارد	_	_
10	از	از	از	_	_
11	اسکس	اسکس	اسکس	_	_
12	به	به	به	_	_
13	این	این	این	_	_
14	ناو	ناو	ناو	_	_
15	آمریکایی	آمریکا	آمریکایی	_	_
16	نزدیک	نزدیک	نزدیک	_	_
17	شده‌بودند	شده‌بودند	شد	_	_
18	.	.	.	_	_

0	یک	یک	یک	_	_
1	ملوان	ملوان	ملوان	_	_
2	ایرانی	ایران	ایران	_	_
3	در	در	در	_	_
4	یک	یک	یک	_	_
5	تماس	تماس	تماس	_	_
6	رادیویی	رادیو	رادیو	_	_
7	از	از	از	_	_
8	ناو	ناو	ناو	_	_
9	اسکس	اسکس	اسکس	_	_
10	خواسته‌بود	خواسته‌بود	خواست	_	_
11	تا	تا	تا	_	_
12	ملیت	مل	ملیت	_	_
13	خود	خود	خود	_	_
14	را	را	را	_	_
15	مشخص	مشخص	مشخص	_	_
16	کند	کند	کند	_	_
17	.	.	.	_	_

0	در	در	در	_	_
1	پاسخ	پاسخ	پاسخ	_	_
2	به	به	به	_	_
3	این	این	این	_	_
4	تماس	تماس	تماس	_	_
5	نیز	نیز	نیز	_	_
6	یک	یک	یک	_	_
7	ملوان	ملوان	ملوان	_	_
8	آمریکایی	آمریکا	آمریکایی	_	_
9	کشتی‌های	کشتی	کشتی	_	_
10	آمریکایی‌ها	آمریکایی	آمریکایی	_	_
11	را	را	را	_	_
12	برای	برای	برای	_	_
13	ایران	ایران	ایران	_	_
14	معرفی	معرف	معرف	_	_
15	کرده	کرده	کرده	_	_
16	و	و	و	_	_
17	توضیح	توضیح	توضیح	_	_
18	داده‌است	داده‌است	داد	_	_
19	که	که	که	_	_
20	آن‌ها	آن	آن	_	_
21	در	در	در	_	_
22	حال	حال	حال	_	_
23	انجام	انجام	انجام	_	_
24	یک	یک	یک	_	_
25	ماموریت	مامور	ماموریت	_	_
26	دریایی	دریا	دریا	_	_
27	هستند	هستند		_	_
28	.	.	.	_	_

0	محمدجواد	محمدجواد	محمدجواد	_	_
1	ظریف	ظریف	ظریف	_	_
2	وزیر	وزیر	وزیر	_	_
3	امور	امور	امور	_	_
4	خارجه	خارجه	خارجه	_	_
5	ایران	ایران	ایران	_	_
6	نیز	نیز	نیز	_	_
7	پیش	پی	پیش	_	_
8	از	از	از	_	_
9	این	این	این	_	_
10	در	در	در	_	_
11	یک	یک	یک	_	_
12	پیام	پیام	پیام	_	_
13	توییتری	توییتر	توییتری	_	_
14	تاکید	تاکید	تاکید	_	_
15	کرده‌بود	کرده‌بود	کرد	_	_
16	که	که	که	_	_
17	نیروی	نیرو	نیرو	_	_
18	دریایی	دریا	دریا	_	_
19	ایران	ایران	ایران	_	_
20	در	در	در	_	_
21	خلیج	خلیج	خلیج	_	_
22	فارس	فارس	فارس	_	_
23	است	است		_	_
24	نه	نه	نه	_	_
25	خلیج	خلیج	خلیج	_	_
26	مکزیک	مکزیک	مکزیک	_	_
27	و	و	و	_	_
28	سوال	سوال	سوال	_	_
29	این	این	این	_	_
30	است	است		_	_
31	که	که	که	_	_
32	چرا	چرا	چرا	_	_
33	نیروی	نیرو	نیرو	_	_
34	دریایی	دریا	دریا	_	_
35	آمریکا	آمریکا	آمریکا	_	_
36	باید	باید	باید	_	_
37	جایی	جا	جا	_	_
38	هزاران	هزار	هزار	_	_
39	مایل	مایل	مایل	_	_
40	دورتر	دور	دور	_	_
41	از	از	از	_	_
42	کشورش	کشور	کشور	_	_
43	باشد	باشد	بود	_	_
44	.	.	.	_	_

0	در	در	در	_	_
1	حال	حال	حال	_	_
2	حاضر	حاضر	حاضر	_	_
3	در	در	در	_	_
4	کشور	کشور	کشور	_	_
5	ما	ما	ما	_	_
6	رشته	رشته	رشته	_	_
7	هایی	هایی	هایی	_	_
8	در	در	در	_	_
9	دوره	دوره	دوره	_	_
10	رزیدنتی	رزیدنت	رزیدنت	_	_
11	پرطرفدار	پرطرفدار	پرطرفدار	_	_
12	هستند	هستند		_	_
13	که	که	که	_	_
14	درآمد	درآمد	درآمد	_	_
15	بالاتری	بالاتر	بالاتری	_	_
16	دارند	دارند	داشت	_	_
17	.	.	.	_	_

0	در	در	در	_	_
1	واقع	واقع	واقع	_	_
2	اختلاف	اختلاف	اختلاف	_	_
3	درآمدی	درآمد	درآمدی	_	_
4	بسیار	بسیار	بسیار	_	_
5	زیاد	زیاد	زیاد	_	_
6	بین	بین	بین	_	_
7	خود	خود	خود	_	_
8	رشته	رشته	رشته	_	_
9	های		های	_	_
10	تخصص	تخصص	تخصص	_	_
11	پزشکی	پزشک	پزشک	_	_
12	سبب	سبب	سبب	_	_
13	جهت	جهت	جهت	_	_
14	گیری	گیر	گرفت	_	_
15	انتخاب	انتخاب	انتخاب	_	_
16	رشته	رشته	رشته	_	_
17	داوطلبان	داوطلب	داوطلب	_	_
18	آزمون	آزمون	آزمون	_	_
19	دستیاری	دستیار	دستیار	_	_
20	شده‌است	شده‌است	شد	_	_
21	.	.	.	_	_

0	طوری	طور	طوری	_	_
1	که	که	که	_	_
2	در	در	در	_	_
3	حال	حال	حال	_	_
4	حاضر	حاضر	حاضر	_	_
5	رشته	رشته	رشته	_	_
6	های		های	_	_
7	رادیولوژی	رادیولوژ	رادیولوژی	_	_
8	،	،	،	_	_
9	چشم	چشم	چشم	_	_
10	،	،	،	_	_
11	پوست	پوست	پوست	_	_
12	و	و	و	_	_
13	ارتوپدی	ارتوپد	ارتوپد	_	_
14	پرطرفدار	پرطرفدار	پرطرفدار	_	_
15	ترین	تر	تر	_	_
16	رشته	رشته	رشته	_	_
17	ها		ها	_	_
18	در	در	در	_	_
19	بین	بین	بین	_	_
20	داوطلبین	داوطلب	داوطلبین	_	_
21	این	این	این	_	_
22	آزمون	آزمون	آزمون	_	_
23	می	می	می	_	_
24	باشد	باشد	بود	_	_
25	.	.	.	_	_

0	این	این	این	_	_
1	در	در	در	_	_
2	حالی	حال	حال	_	_
3	است	است		_	_
4	که	که	که	_	_
5	در	در	در	_	_
6	کشور	کشور	کشور	_	_
7	آمریکا	آمریکا	آمریکا	_	_
8	طبق	طبق	طبق	_	_
9	گزارش	گزارش	گزارش	_	_
10	سال	سال	سال	_	_
11	۲۰۱۱	2011	2011	_	_
12	Medscape	Medscape	Medscape	_	_
13	اختلاف	اختلاف	اختلاف	_	_
14	درآمد	درآمد	درآمد	_	_
15	متوسط	متوسط	متوسط	_	_
16	انواع	انواع	انواع	_	_
17	رشته	رشته	رشته	_	_
18	های		های	_	_
19	پزشکی	پزشک	پزشک	_	_
20	حداکثر	حداکثر	حداکثر	_	_
21	۲	2	2	_	_
22	برابر	برابر	برابر	_	_
23	است	است		_	_
24	.	.	.	_	_

0	در	در	در	_	_
1	اینجا	اینجا	اینجا	_	_
2	اشاره	اشاره	اشاره	_	_
3	میکنم	میکن	میکنم	_	_
4	به	به	به	_	_
5	در	در	در	_	_
6	آمد	آمد	آمد	_	_
7	پزشکان	پزشک	پزشک	_	_
8	دارو	دارو	دارو	_	_
9	ساز	ساز	ساز	_	_
10	دارو	دارو	دارو	_	_
11	خانه	خانه	خانه	_	_
12	دار	دار	دار	_	_
13	که	که	که	_	_
14	به	به	به	_	_
15	مراتب	مراتب	مراتب	_	_
16	از	از	از	_	_
17	همکاران	همکار	همکار	_	_
18	داروسازمسئول	داروسازمسئول	داروسازمسئول	_	_
19	فنی	فن	فن	_	_
20	دارو	دارو	دارو	_	_
21	خانه	خانه	خانه	_	_
22	بیشتر	بی	بیشتر	_	_
23	است	است		_	_
24	وتمامی	وتمام	وتمامی	_	_
25	تعرفه	تعرفه	تعرفه	_	_
26	نسخ	نسخ	نسخ	_	_
27	و	و	و	_	_
28	سودهای	سود	سود	_	_
29	دارو	دارو	دارو	_	_
30	و	و	و	_	_
31	جوائز	جوائز	جوائز	_	_
32	داروئی	داروئ	داروئی	_	_
33	و	و	و	_	_
34	.	.	.	_	_
35	.	.	.	_	_
36	.	.	.	_	_

0	رابه	رابه	رابه	_	_
1	جیب	جیب	جیب	_	_
2	خود	خود	خود	_	_
3	روانه	روانه	روانه	_	_
4	میکنند	میکنند	میکنند	_	_
5	وهمیشه	وهمیشه	وهمیشه	_	_
6	ازاینکه	ازاینکه	ازاینکه	_	_
7	وضعیت	وضعیت	وضعیت	_	_
8	درآمدی	درآمد	درآمدی	_	_
9	مناسبی	مناسب	مناسب	_	_
10	ندارند	ندارند	داشت	_	_
11	مینالند	مینالند	مینالند	_	_
12	وبه	وبه	وبه	_	_
13	جرات	جر	جر	_	_
14	۹۰	90	90	_	_
15	درصد	درصد	درصد	_	_
16	داروخانه	داروخانه	داروخانه	_	_
17	سوددهی	سوددهی	سوددهی	_	_
18	فوق	فوق	فوق	_	_
19	العاده	العاده	العاده	_	_
20	ای	ای	ای	_	_
21	دارند	دارند	داشت	_	_
22	.	.	.	_	_

0	سلام	سلام	سلام	_	_
1	به	به	به	_	_
2	همه	همه	همه	_	_
3	دوستان	دوست	دوستان	_	_
4	عزیز	عزیز	عزیز	_	_
5	.	.	.	_	_

0	انچه	انچه	انچه	_	_
1	که	که	که	_	_
2	بنده	بنده	بنده	_	_
3	در	در	در	_	_
4	ارتباط	ارتباط	ارتباط	_	_
5	با	با	با	_	_
6	ماشین	ما	ماشین	_	_
7	x	x	x	_	_
8	۲۲	22	22	_	_
9	م		م	_	_
10	میخوام	میخوا	میخوام	_	_
11	متذکر	متذکر	متذکر	_	_
12	بشم	ب	بشم	_	_
13	.	.	.	_	_

0	اول	اول	اول	_	_
1	اینکه	اینکه	اینکه	_	_
2	بنده	بنده	بنده	_	_
3	نه	نه	نه	_	_
4	فروشنده	فروشنده	فروشنده	_	_
5	هستم	هس		_	_
6	و	و	و	_	_
7	نه	نه	نه	_	_
8	دلال	دلال	دلال	_	_
9	من	من	من	_	_
10	هممثل	هممثل	هممثل	_	_
11	همه	همه	همه	_	_
12	شما	شما	شما	_	_
13	یک	یک	یک	_	_
14	دستگاه	دستگاه	دستگاه	_	_
15	از	از	از	_	_
16	این	این	این	_	_
17	مدل	مدل	مدل	_	_
18	ماشین	ما	ماشین	_	_
19	در	در	در	_	_
20	اواخر	اواخر	اواخر	_	_
21	مرداد	مرداد	مرداد	_	_
22	۹۶	96	96	_	_
23	از	از	از	_	_
24	نمایندگی	نمایندگی	نمایندگی	_	_
25	تحویل	تحویل	تحویل	_	_
26	گرفته‌ام	گرفته‌ا	گرفت	_	_
27	و	و	و	_	_
28	بحمدالله	بحمدالله	بحمدالله	_	_
29	با	با	با	_	_
30	این	این	این	_	_
31	ماشین	ما	ماشین	_	_
32	حدود	حدود	حدود	_	_
33	۳۸۶۰۰	38600	38600	_	_
34	کیلومتر	کیلومتر	کیلومتر	_	_
35	تو	تو	تو	_	_
36	تمام	تمام	تمام	_	_
37	جاده	جاده	جاده	_	_
38	های		های	_	_
39	ایران	ایران	ایران	_	_
40	و	و	و	_	_
41	یکبار	یکبار	یکبار	_	_
42	به	به	به	_	_
43	اربیل	اربیل	اربیل	_	_
44	عراق	عراق	عراق	_	_
45	و	و	و	_	_
46	اخیر	اخیر	اخیر	_	_
47	هم	هم	هم	_	_
48	تازه	تازه	تازه	_	_
49	از	از	از	_	_
50	ارمنستان	ارمنستان	ارمنستان	_	_
51	با	با	با	_	_
52	این	این	این	_	_
53	ماشین	ما	ماشین	_	_
54	رفت	رف	رفت	_	_
55	و	و	و	_	_
56	آمد	آمد	آمد	_	_
57	داشته‌ام	داشته‌ا	داشت	_	_
58	.	.	.	_	_

0	و	و	و	_	_
1	به	به	به	_	_
2	لحاظ	لحاظ	لحاظ	_	_
3	سواری	سوار	سوار	_	_
4	در	در	در	_	_
5	نوع	نوع	نوع	_	_
6	خودش	خود	خودش	_	_
7	بی	بی	بی	_	_
8	نظیر	نظیر	نظیر	_	_
9	بوده	بوده	بوده	_	_
10	و	و	و	_	_
11	اصلا	اصلا	اصلا	_	_
12	احساس	احساس	احساس	_	_
13	خستگی	خستگی	خستگی	_	_
14	نمیکنی	نمیکن	نمیکنی	_	_
15	.	.	.	_	_

0	و	و	و	_	_
1	لزومی	لزوم	لزوم	_	_
2	هم	هم	هم	_	_
3	نبود	نبود	بود	_	_
4	از	از	از	_	_
5	ماشین	ما	ماشین	_	_
6	خودم	خود	خودم	_	_
7	تعریف	تعریف	تعریف	_	_
8	کنم	کن	کرد	_	_
9	.	.	.	_	_

0	بهر	بهر	بهر	_	_
1	حال	حال	حال	_	_
2	هرکسی	هرکس	هرکس	_	_
3	سلیقه	سلیقه	سلیقه	_	_
4	خاص	خاص	خاص	_	_
5	خودش	خود	خودش	_	_
6	را	را	را	_	_
7	داره	داره	داره	_	_
8	.	.	.	_	_

0	یکی	یک	یک	_	_
1	میگه	میگه	میگه	_	_
2	ماشین	ما	ماشین	_	_
3	بدی	بد	بدی	_	_
4	هست	هس		_	_
5	و	و	و	_	_
6	یکی	یک	یک	_	_
7	میگه	میگه	میگه	_	_
8	ماشین	ما	ماشین	_	_
9	خوب	خوب	خوب	_	_
10	.	.	.	_	_

0	حی	حی	حی	_	_
1	و	و	و	_	_
2	حاضر	حاضر	حاضر	_	_
3	این	این	این	_	_
4	ماشین	ما	ماشین	_	_
5	در	در	در	_	_
6	نوع	نوع	نوع	_	_
7	خودش	خود	خودش	_	_
8	بی	بی	بی	_	_
9	نظیر	نظیر	نظیر	_	_
10	بوده	بوده	بوده	_	_
11	و	و	و	_	_
12	تا	تا	تا	_	_
13	الان	ال	الان	_	_
14	فقط	فقط	فقط	_	_
15	به	به	به	_	_
16	غیر	غیر	غیر	_	_
17	از	از	از	_	_
18	روغن	روغن	روغن	_	_
19	و	و	و	_	_
20	فیلتر	فیل	فیل	_	_
21	چیزی	چیز	چیز	_	_
22	تا	تا	تا	_	_
23	حال	حال	حال	_	_
24	تعویض	تعویض	تعویض	_	_
25	نکرده‌ام	نکرده‌ا	کرد	_	_
26	و	و	و	_	_
27	و	و	و	_	_
28	به	به	به	_	_
29	نسبت	نسب	نسبت	_	_
30	مصرف	مصرف	مصرف	_	_
31	سوخت	سوخت	سوخت	_	_
32	تو	تو	تو	_	_
33	جاده	جاده	جاده	_	_
34	های		های	_	_
35	ایران	ایران	ایران	_	_
36	و	و	و	_	_
37	جاده	جاده	جاده	_	_
38	های		های	_	_
39	کوهستانی	کوهستان	کوهستان	_	_
40	کشورهای	کشور	کشور	_	_
41	همسایه	همسایه	همسایه	_	_
42	خیلی	خیل	خیلی	_	_
43	کم	کم	کم	_	_
44	مصرف	مصرف	مصرف	_	_
45	و	و	و	_	_
46	تو	تو	تو	_	_
47	سربالایی	سربالا	سربالا	_	_
48	خیلی	خیل	خیلی	_	_
49	راحت	راح	راحت	_	_
50	کشش	کش	کشش	_	_
51	خوبی	خوب	خوبی	_	_
52	داشته	داشته	داشته	_	_
53	.	.	.	_	_

0	شاخص	شاخص	شاخص	_	_
1	بازار	بازار	بازار	_	_
2	بورس	بورس	بورس	_	_
3	در	در	در	_	_
4	تمام	تمام	تمام	_	_
5	نقاط	نقاط	نقاط	_	_
6	دنیا	دنیا	دنیا	_	_
7	به	به	به	_	_
8	کف	کف	کف	_	_
9	ممکن	ممکن	ممکن	_	_
10	خودش	خود	خودش	_	_
11	رسید	رسید	رسید	_	_
12	.	.	.	_	_

0	بعضی	بعض	بعضی	_	_
1	بورس‌ها	بورس	بورس‌ها	_	_
2	هم	هم	هم	_	_
3	کلا	کلا	کلا	_	_
4	قهر	قهر	قهر	_	_
5	کردن	کردن	کردن	_	_
6	رفتن	رفتن	رفتن	_	_
7	خونه‌هاشون	خونه‌هاشون	خونه‌هاشون	_	_
8	گفتن	گفتن	گفتن	_	_
9	ما	ما	ما	_	_
10	دیگه	دیگه	دیگه	_	_
11	نمی‌تونیم	نمی‌تون	نمی‌تونیم	_	_
12	!	!	!	_	_

0	آخرین	آخر	آخرین	_	_
1	بازی	باز	بازی	_	_
2	شب	شب	شب	_	_
3	دوم	دو	دوم	_	_
4	هفته	هفته	هفته	_	_
5	دهم	ده	دهم	_	_
6	رقابت‌های	رقابت	رقابت	_	_
7	لیگ	لیگ	لیگ	_	_
8	دسته	دسته	دسته	_	_
9	اول	اول	اول	_	_
10	اسپانیا	اسپانیا	اسپانیا	_	_
11	(	(	(	_	_
12	لالیگا	لالیگا	لالیگا	_	_
13	)	)	)	_	_
14	با	با	با	_	_
15	برتری	برتر	برتر	_	_
16	خانگی	خانگی	خانگی	_	_
17	۲	2	2	_	_
18	بر	بر	بر	_	_
19	صفر	صفر	صفر	_	_
20	تیم	ت	تیم	_	_
21	فوتبال	فوتبال	فوتبال	_	_
22	اتلتیکومادرید	اتلتیکومادرید	اتلتیکومادرید	_	_
23	مقابل	مقابل	مقابل	_	_
24	رئال	رئال	رئال	_	_
25	سوسیداد	سوسیداد	سوسیداد	_	_
26	به	به	به	_	_
27	پایان	پا	پایان	_	_
28	رسید	رسید	رسید	_	_
29	.	.	.	_	_

0	سرمربی	سرمربی	سرمربی	_	_
1	سابق	سابق	سابق	_	_
2	تیم	ت	تیم	_	_
3	ملی	مل	ملی	_	_
4	اسپانیا	اسپانیا	اسپانیا	_	_
5	با	با	با	_	_
6	رقم	رقم	رقم	_	_
7	زدن	زدن	زدن	_	_
8	یک	یک	یک	_	_
9	شروع	شروع	شروع	_	_
10	افتضاح	افتضاح	افتضاح	_	_
11	تیمش	تیم	تیمش	_	_
12	را	را	را	_	_
13	در	در	در	_	_
14	رده	رده	رده	_	_
15	نازل	نازل	نازل	_	_
16	هفتم	هفت	هفتم	_	_
17	قرار	قرار	قرار	_	_
18	داده	داده	داده	_	_
19	و	و	و	_	_
20	تا	تا	تا	_	_
21	اینجا	اینجا	اینجا	_	_
22	هم	هم	هم	_	_
23	به	به	به	_	_
24	اصرار	اصرار	اصرار	_	_
25	مدیر	مدیر	مدیر	_	_
26	ورزشی	ورزش	ورزش	_	_
27	باشگاه	باشگاه	باشگاه	_	_
28	توسط	توسط	توسط	_	_
29	فلورنتینو	فلورنتینو	فلورنتینو	_	_
30	پرس	پرس	پرس	_	_
31	،	،	،	_	_
32	رئیس	رئیس	رئیس	_	_
33	باشگاه	باشگاه	باشگاه	_	_
34	اخراج	اخراج	اخراج	_	_
35	نشده‌است	نشده‌اس	شد	_	_
36	اما	اما	اما	_	_
37	شاید	شاید	شاید	_	_
38	این	این	این	_	_
39	،	،	،	_	_
40	آخرین	آخر	آخرین	_	_
41	فرصتش	فرصت	فرصت	_	_
42	باشد	باشد	بود	_	_
43	.	.	.	_	_

0	بازیکن	بازیکن	بازیکن	_	_
1	سابق	سابق	سابق	_	_
2	بارسلونا	بارسلونا	بارسلونا	_	_
3	می‌تواند	می‌تواند	توانست	_	_
4	به	به	به	_	_
5	این	این	این	_	_
6	فرصت	فرصت	فرصت	_	_
7	به	به	به	_	_
8	دیده	دیده	دیده	_	_
9	مثبت	مثبت	مثبت	_	_
10	نگاه	نگاه	نگاه	_	_
11	کند	کند	کند	_	_
12	چون	چون	چون	_	_
13	رئال	رئال	رئال	_	_
14	مادرید	مادرید	مادرید	_	_
15	هر	هر	هر	_	_
16	چقدر	چقدر	چقدر	_	_
17	در	در	در	_	_
18	این	این	این	_	_
19	سال‌ها	سال	سال	_	_
20	ال‌کلاسیکوهای	ال‌کلاسیکو	ال‌کلاسیکوهای	_	_
21	خانگی	خانگی	خانگی	_	_
22	را	را	را	_	_
23	باخته	باخته	باخته	_	_
24	در	در	در	_	_
25	۳	3	3	_	_
26	جدال	جدال	جدال	_	_
27	اخیر	اخیر	اخیر	_	_
28	در	در	در	_	_
29	نوکمپ	نوکمپ	نوکمپ	_	_
30	شکست	شکست	شکست	_	_
31	نخورده‌است	نخورده‌اس	خورد	_	_
32	.	.	.	_	_

0	در	در	در	_	_
1	طرف	طرف	طرف	_	_
2	مقابل	مقابل	مقابل	_	_
3	بارسلونا	بارسلونا	بارسلونا	_	_
4	پس	پس	پس	_	_
5	از	از	از	_	_
6	۳	3	3	_	_
7	هفته	هفته	هفته	_	_
8	متوالی	متوالی	متوالی	_	_
9	ناکامی	ناکام	ناکام	_	_
10	در	در	در	_	_
11	کسب	کسب	کسب	_	_
12	پیروزی	پیروز	پیروزی	_	_
13	به	به	به	_	_
14	اوج	اوج	اوج	_	_
15	برگشت	برگ	برگ	_	_
16	و	و	و	_	_
17	با	با	با	_	_
18	برتری	برتر	برتر	_	_
19	بر	بر	بر	_	_
20	سویا	سویا	سویا	_	_
21	صدر	صدر	صدر	_	_
22	جدول	جدول	جدول	_	_
23	را	را	را	_	_
24	در	در	در	_	_
25	اختیار	اختیار	اختیار	_	_
26	گرفت	گرفت	گرفت	_	_
27	اما	اما	اما	_	_
28	این	این	این	_	_
29	موضوع	موضوع	موضوع	_	_
30	به	به	به	_	_
31	قیمت	قیم	قیمت	_	_
32	از	از	از	_	_
33	دست	دست	دست	_	_
34	ادن	ادن	ادن	_	_
35	لیونل	لیونل	لیونل	_	_
36	مسی	مس	مس	_	_
37	،	،	،	_	_
38	ستاره‌اش	ستاره	ستاره	_	_
39	به	به	به	_	_
40	مدت	مد	مدت	_	_
41	۴	4	4	_	_
42	هفته	هفته	هفته	_	_
43	انجامید	انجامید	انجامید	_	_
44	و	و	و	_	_
45	حالا	حالا	حالا	_	_
46	بهترین	به	بهترین	_	_
47	گلزن	گلزن	گلزن	_	_
48	تاریخ	تاریخ	تاریخ	_	_
49	ال‌کلاسیکو	ال‌کلاسیکو	ال‌کلاسیکو	_	_
50	در	در	در	_	_
51	این	این	این	_	_
52	نبرد	نبرد	نبرد	_	_
53	سنتی	سنت	سنت	_	_
54	غایب	غایب	غایب	_	_
55	است	است		_	_
56	.	.	.	_	_

0	طرح‌های	طرح	طرح	_	_
1	ارائه	ارائه	ارائه	_	_
2	شده	شده	شده	_	_
3	برای	برای	برای	_	_
4	مهاجرت	مهاجر	مهاجرت	_	_
5	ماشین	ما	ماشین	_	_
6	مجازی	مجاز	مجاز	_	_
7	در	در	در	_	_
8	سه	سه	سه	_	_
9	بخش	بخش	بخش	_	_
10	طبقه‌بندی	طبقه‌بندی	طبقه‌بندی	_	_
11	شده‌اند	شده‌اند	شد	_	_
12	:	:	:	_	_
13	فاصله	فاصله	فاصله	_	_
14	،	،	،	_	_
15	مسافت	مسافت	مسافت	_	_
16	،	،	،	_	_
17	جزئیات	جزء	جزئیات	_	_
18	.	.	.	_	_

0	مطالعات	مطالعات	مطالعات	_	_
1	در	در	در	_	_
2	مورد	مورد	مورد	_	_
3	مهاجرت	مهاجر	مهاجرت	_	_
4	غیر	غیر	غیر	_	_
5	زنده	زنده	زنده	_	_
6	بسادگی	بسادگ	بسادگی	_	_
7	قابل	قابل	قابل	_	_
8	انجام	انجام	انجام	_	_
9	است	است		_	_
10	ولی	ول	ولی	_	_
11	کسانی	کسانی	کسانی	_	_
12	که	که	که	_	_
13	بر	بر	بر	_	_
14	روی	رو	روی	_	_
15	مهاجرت	مهاجر	مهاجرت	_	_
16	زنده	زنده	زنده	_	_
17	مطالعه	مطالعه	مطالعه	_	_
18	می‌کنند	می‌کنند	کرد	_	_
19	،	،	،	_	_
20	بصورت	بصور	بصورت	_	_
21	کلی	کل	کلی	_	_
22	با	با	با	_	_
23	سه	سه	سه	_	_
24	چالش	چال	چالش	_	_
25	اساسی	اساس	اساس	_	_
26	روبرو	روبرو	روبرو	_	_
27	می‌شوند	می‌شوند	شد	_	_
28	:	:	:	_	_
29	مهاجرت	مهاجر	مهاجرت	_	_
30	داده‌های	داده	داده	_	_
31	حافظه	حافظه	حافظه	_	_
32	،	،	،	_	_
33	مهاجرت	مهاجر	مهاجرت	_	_
34	داده‌های	داده	داده	_	_
35	ذخیره	ذخیره	ذخیره	_	_
36	شده	شده	شده	_	_
37	و	و	و	_	_
38	تداوم	تداوم	تداوم	_	_
39	برقراری	برقرار	برقراری	_	_
40	اتصال	اتصال	اتصال	_	_
41	به	به	به	_	_
42	شبکه	شبکه	شبکه	_	_
43	.	.	.	_	_

0	کارهایی	کار	کار	_	_
1	که	که	که	_	_
2	برای	برای	برای	_	_
3	تجزیه	تجزیه	تجزیه	_	_
4	و	و	و	_	_
5	تحلیل	تحلیل	تحلیل	_	_
6	عملکرد	عملکرد	عملکرد	_	_
7	و	و	و	_	_
8	کارایی	کارا	کارا	_	_
9	مهاجرت	مهاجر	مهاجرت	_	_
10	ماشین	ما	ماشین	_	_
11	مجازی	مجاز	مجاز	_	_
12	انجام	انجام	انجام	_	_
13	شده‌است	شده‌است	شد	_	_
14	،	،	،	_	_
15	نیز	نیز	نیز	_	_
16	ذکر	ذکر	ذکر	_	_
17	شده‌است	شده‌است	شد	_	_
18	.	.	.	_	_

0	با	با	با	_	_
1	توسعه	توسعه	توسعه	_	_
2	و	و	و	_	_
3	تکامل	تکامل	تکامل	_	_
4	رایانش‌ابری	رایانش‌ابر	رایانش‌ابری	_	_
5	،	،	،	_	_
6	تحرک	تحرک	تحرک	_	_
7	کاربر	کاربر	کاربر	_	_
8	،	،	،	_	_
9	یک	یک	یک	_	_
10	انگیزه	انگیزه	انگیزه	_	_
11	مهم	مه	مهم	_	_
12	برای	برای	برای	_	_
13	مهاجرت	مهاجر	مهاجرت	_	_
14	زنده	زنده	زنده	_	_
15	VM	VM	VM	_	_
16	در	در	در	_	_
17	برخی	برخی	برخی	_	_
18	از	از	از	_	_
19	سناریوها	سناریو	سناریوها	_	_
20	(	(	(	_	_
21	مانند	مانند	مانند	_	_
22	محاسبات	محاسب	محاسبات	_	_
23	مه	مه	مه	_	_
24	خواهد‌بود	خواهد‌بود	بود	_	_
25	.	.	.	_	_

0	بنابراین	بنابراین	بنابراین	_	_
1	مطالعات	مطالعات	مطالعات	_	_
2	در	در	در	_	_
3	مورد	مورد	مورد	_	_
4	پیوند	پیوند	پیوند	_	_
5	مهاجرت	مهاجر	مهاجرت	_	_
6	VM	VM	VM	_	_
7	،	،	،	_	_
8	به	به	به	_	_
9	تحرک	تحرک	تحرک	_	_
10	کاربران	کاربر	کاربر	_	_
11	خلاصه	خلاصه	خلاصه	_	_
12	شده‌است	شده‌است	شد	_	_
13	.	.	.	_	_

0	کاربری	کاربر	کاربر	_	_
1	که	که	که	_	_
2	دسترسی	دسترس	دسترس	_	_
3	فیزیکی	فیزیک	فیزیکی	_	_
4	غیرمجاز	غیرمجاز	غیرمجاز	_	_
5	به	به	به	_	_
6	کامپیوتر	کامپیو	کامپیوتر	_	_
7	پیدا	پیدا	پیدا	_	_
8	کرده‌باشد	کرده‌باشد	کرد	_	_
9	،	،	،	_	_
10	قادر	قادر	قادر	_	_
11	است	است		_	_
12	اطلاعات	اطلاع	اطلاعات	_	_
13	را	را	را	_	_
14	از	از	از	_	_
15	آن	آن	آن	_	_
16	کپی	کپ	کپی	_	_
17	کند	کند	کند	_	_
18	.	.	.	_	_

0	حتی	حتی	حتی	_	_
1	اگر	اگر	اگر	_	_
2	سیستم	سیس	سیستم	_	_
3	با	با	با	_	_
4	امنیت	امنیت	امنیت	_	_
5	استاندارد	استاندارد	استاندارد	_	_
6	حفاظت	حفاظ	حفاظت	_	_
7	شده‌باشد	شده‌باشد	شد	_	_
8	،	،	،	_	_
9	حساب	حساب	حساب	_	_
10	کاربر	کاربر	کاربر	_	_
11	و	و	و	_	_
12	پسورد	پسورد	پسورد	_	_
13	او	او	او	_	_
14	را	را	را	_	_
15	می‌توان	می‌توان	می‌توان	_	_
16	با	با	با	_	_
17	گذر	گذر	گذر	_	_
18	از	از	از	_	_
19	این	این	این	_	_
20	مکانیسم‌ها	مکانیسم	مکانیسم‌ها	_	_
21	و	و	و	_	_
22	راه	راه	راه	_	_
23	اندازی	انداز	انداخت	_	_
24	سیستم	سیس	سیستم	_	_
25	عامل	عامل	عامل	_	_
26	دیگر	دیگر	دیگر	_	_
27	یا	یا	یا	_	_
28	ابزاری	ابزار	ابزار	_	_
29	از	از	از	_	_
30	CD-ROM	CD-ROM	CD-ROM	_	_
31	برای	برای	برای	_	_
32	راه	راه	راه	_	_
33	اندازی	انداز	انداخت	_	_
34	مجدد	مجدد	مجدد	_	_
35	پسورد	پسورد	پسورد	_	_
36	سرپرست	سرپرست	سرپرست	_	_
37	و	و	و	_	_
38	تبدیل	تبدیل	تبدیل	_	_
39	آن	آن	آن	_	_
40	به	به	به	_	_
41	رشته	رشته	رشته	_	_
42	null	null	null	_	_
43	،	،	،	_	_
44	به	به	به	_	_
45	دست	دست	دست	_	_
46	آورد	آورد	آورد	_	_
47	.	.	.	_	_

0	رمزگذاری	رمزگذار	رمزگذاری	_	_
1	دیسک	دیسک	دیسک	_	_
2	و	و	و	_	_
3	ماژول	ماژول	ماژول	_	_
4	Trusted	Trusted	Trusted	_	_
5	Platform	Platform	Platform	_	_
6	برای	برای	برای	_	_
7	جلوگیری	جلوگیری	جلوگیری	_	_
8	از	از	از	_	_
9	چنین	چنین	چنین	_	_
10	حمله‌هایی	حمله	حمله	_	_
11	طراحی	طراح	طراح	_	_
12	شده‌اند	شده‌اند	شد	_	_
13	.	.	.	_	_

