0	استهزاء	استهزاء	استهزاء	_	_
1	و	و	و	_	_
2	مسخره	مسخره	مسخره	_	_
3	‌کردن	‌کردن	‌کردن	_	_
4	دیگران	دیگر	دیگر	_	_
5	موجب	موجب	موجب	_	_
6	ایجاد	ایجاد	ایجاد	_	_
7	کدورت	کدورت	کدورت	_	_
8	بین	بین	بین	_	_
9	افراد	افراد	افراد	_	_
10	می	می	می	_	_
11	شود	شود	شد	_	_
12	.	.	.	_	_

0	تهاتر	تهاتر	تهاتر	_	_
1	فقط	فقط	فقط	_	_
2	در	در	در	_	_
3	مورد	مورد	مورد	_	_
4	دو	دو	دو	_	_
5	دینی	دِیني	دِیني	_	_
6	حاصل	حاصل	حاصل	_	_
7	می	می	می	_	_
8	شود	شود	شد	_	_
9	که	که	که	_	_
10	موضوع	موضوع	موضوع	_	_
11	یکسانی	یکساني	یکساني	_	_
12	داشته‌باشند	داشته‌باشند	داشت	_	_
13	.	.	.	_	_

0	کاپتان	کاپ	کاپ	_	_
1	کشتی	کشت	کشتی	_	_
2	جنگی	جنگ	جنگی	_	_
3	دستور	دستور	دستور	_	_
4	عقب	عقب	عقب	_	_
5	نشینی	نشین	نشست	_	_
6	کردن	کردن	کردن	_	_
7	را	را	را	_	_
8	صادر	صادر	صادر	_	_
9	کرد	کرد	کرد	_	_
10	.	.	.	_	_

0	هرگاه	هرگاه	هرگاه	_	_
1	موصی	موصي	موصي	_	_
2	پس	پس	پس	_	_
3	از	از	از	_	_
4	انشاء	انشاء	انشاء	_	_
5	وصیت	وصی	وصیت	_	_
6	نامه	نامه	نامه	_	_
7	محجور	محجور	محجور	_	_
8	شود	شود	شد	_	_
9	وصیت	وصی	وصیت	_	_
10	از	از	از	_	_
11	بین	بین	بین	_	_
12	نمی	نم	نم	_	_
13	رود	رود	رود	_	_
14	.	.	.	_	_

0	توران	تور	توران	_	_
1	و	و	و	_	_
2	ایران	ایران	ایران	_	_
3	سال	سال	سال	_	_
4	یان		یان	_	_
5	دراز	دراز	دراز	_	_
6	با	با	با	_	_
7	یکدیگر	یکدیگر	یکدیگر	_	_
8	به	به	به	_	_
9	جنگ	جنگ	جنگ	_	_
10	می	می	می	_	_
11	پرداختند	پرداختند	پرداخت	_	_
12	.	.	.	_	_

0	زردگوش	زردگو	زردگوش	_	_
1	کنایه	کنایه	کنایه	_	_
2	از	از	از	_	_
3	انسان	انس	انسان	_	_
4	منافق	منافق	منافق	_	_
5	مفسده	مفسده	مفسده	_	_
6	و	و	و	_	_
7	بیکاره	بیکاره	بیکاره	_	_
8	است	است		_	_
9	.	.	.	_	_

0	خنبانیدن	خنبانیدن	خنبانیدن	_	_
1	تقلید	تقلید	تقلید	_	_
2	کردن	کردن	کردن	_	_
3	حرکات	حر	حرکات	_	_
4	و	و	و	_	_
5	سکنات	سکنات	سکنات	_	_
6	کسی	کس	کس	_	_
7	از	از	از	_	_
8	روی	رو	روی	_	_
9	ریشخند	ریشخند	ریشخند	_	_
10	می	می	می	_	_
11	باشد	باشد	بود	_	_
12	.	.	.	_	_

0	خنده	خنده	خنده	_	_
1	بر	بر	بر	_	_
2	هر	هر	هر	_	_
3	درد	درد	درد	_	_
4	بی	بی	بی	_	_
5	درمان	درمان	درمان	_	_
6	دواست	دواس	دواست	_	_
7	از	از	از	_	_
8	عملکرد	عملکرد	عملکرد	_	_
9	دانشجویان	دانشجو	دانشجو	_	_
10	راضی	راضی	راضی	_	_
11	ام	ا	ام	_	_
12	.	.	.	_	_

0	کودکان	کودک	کودک	_	_
1	بازی	باز	بازی	_	_
2	با	با	با	_	_
3	بادبادک	بادبادك	بادبادك	_	_
4	را	را	را	_	_
5	خیلی	خیلي	خیلي	_	_
6	دوست	دوست	دوست	_	_
7	دارند	دارند	داشت	_	_
8	.	.	.	_	_

0	معلمین	معلم	معلمین	_	_
1	با	با	با	_	_
2	فراست	فِراس	فِراست	_	_
3	خود	خود	خود	_	_
4	توانستند	توانستند	توانست	_	_
5	مشکلاة	مشکلاة	مشکلاة	_	_
6	دانش‌آموزان	دانش‌آموز	دانش‌آموز	_	_
7	را	را	را	_	_
8	حل‌کنند	حل‌کنند	حل‌کنند	_	_
9	.	.	.	_	_
10	نگران	نگران	نگران	_	_
11	نباش	نبا	بود	_	_
12	.	.	.	_	_
13	.	.	.	_	_
14	.	.	.	_	_
15	!؟	!؟	!؟	_	_

0	بنده	بنده	بنده	_	_
1	هم‌آن	هم‌آن	هم‌آن	_	_
2	به	به	به	_	_
3	که	که	که	_	_
4	ز	ز	ز	_	_
5	تقصیر	تقصیر	تقصیر	_	_
6	خویش	خویش	خویش	_	_
7	شکر	شکر	شکر	_	_
8	به	به	به	_	_
9	درگاه	درگاه	درگاه	_	_
10	خدا	خدا	خدا	_	_
11	آورد	آورد	آورد	_	_
12	.	.	.	_	_

0	خنده	خنده	خنده	_	_
1	حالتی	حالت	حالت	_	_
2	در	در	در	_	_
3	چهرۀ	چهره	چهره	_	_
4	انسان	انس	انسان	_	_
5	به	به	به	_	_
6	‌واسطۀ	‌واسطه	‌واسطۀ	_	_
7	شعف	شعف	شعف	_	_
8	خوشحالی	خوشحال	خوشحال	_	_
9	یا	یا	یا	_	_
10	تمسخر	تمسخر	تمسخر	_	_
11	که	که	که	_	_
12	در	در	در	_	_
13	آن	آن	آن	_	_
14	لب‌ها	لب	لب	_	_
15	گشوده	گشوده	گشوده	_	_
16	میگردد	میگردد	میگردد	_	_
17	و	و	و	_	_
18	گاه	گاه	گاه	_	_
19	با	با	با	_	_
20	صدای	صدا	صدا	_	_
21	مخصوصی	مخصوصي	مخصوصي	_	_
22	همراه	همراه	همراه	_	_
23	است	است		_	_
24	.	.	.	_	_

0	ابرنواختر	اَبَرنواخ	اَبَرنواختر	_	_
1	ام-	ام-	ام-	_	_
2	۸۹	۸۹	۸۹	_	_
3	یکی	یک	یک	_	_
4	از	از	از	_	_
5	انواع	انواع	انواع	_	_
6	اجرام	جر	اجرام	_	_
7	مسیه	مسیه	مسیه	_	_
8	است	است		_	_
9	.	.	.	_	_

0	شادروان	شادروان	شادروان	_	_
1	هرگز	هرگز	هرگز	_	_
2	چیزی	چیز	چیز	_	_
3	به	به	به	_	_
4	عاریة	عاریة	عاریة	_	_
5	نگرفته‌بود	نگرفته‌بود	گرفت	_	_
6	دخترک	دخترك	دخترك	_	_
7	کبریت	کبریت	کبریت	_	_
8	فروش	فرو	فروش	_	_
9	از	از	از	_	_
10	شدت	شدّت	شدّت	_	_
11	سرما	سرما	سرما	_	_
12	چیزی	چیز	چیز	_	_
13	را	را	را	_	_
14	احساس	احساس	احساس	_	_
15	نمیکرد;نیست	نمیکرد;نیس	نمیکرد;نیست	_	_
16	بر	بر	بر	_	_
17	ناله	ناله	ناله	_	_
18	ی		ی	_	_
19	افسرده‌دمان	افسرده‌د	افسرده‌دمان	_	_
20	گوش	گوش	گوش	_	_
21	مرا	مرا	مرا	_	_
22	بلبلی	بلبل	بلبل	_	_
23	کو	کو	کو	_	_
24	که	که	که	_	_
25	صفیرش	صفیر	صفیر	_	_
26	برد	بَرَد	بَرَد	_	_
27	از	از	از	_	_
28	هوش	هوش	هوش	_	_
29	مرا	مرا	مرا	_	_
30	واخواست	واخواس	واخواست	_	_
31	امتنا	امتنا	امتنا	_	_
32	از	از	از	_	_
33	قبول	قبول	قبول	_	_
34	یا	یا	یا	_	_
35	نکول	نکول	نکول	_	_
36	اعتراضی	اعتراض	اعتراض	_	_
37	است	است		_	_
38	که	که	که	_	_
39	بر	بر	بر	_	_
40	اثر	اثر	اثر	_	_
41	خودداری	خوددار	خوددار	_	_
42	از	از	از	_	_
43	نوشتن	نوشتن	نوشتن	_	_
44	از	از	از	_	_
45	طرف	طرف	طرف	_	_
46	تأدیه	تأدیه	تأدیه	_	_
47	کنندهی	کننده	کننده	_	_
48	برات	بر	برات	_	_
49	اتفاق	اتفاق	اتفاق	_	_
50	میافتد	میافتد	میافتد	_	_
51	.	.	.	_	_
52	فرش	فر	فرش	_	_
53	دستباف	دستباف	دستباف	_	_
54	طرح	طرح	طرح	_	_
55	نامی	نام	نامی	_	_
56	یکی	یک	یک	_	_
57	از	از	از	_	_
58	طرحهای	طرحهاي	طرحهاي	_	_
59	معروف	معروف	معروف	_	_
60	در	در	در	_	_
61	این	این	این	_	_
62	حوزه	حوزه	حوزه	_	_
63	می	می	می	_	_
64	باشد	باشد	بود	_	_
65	دیوان	دیو	دیوان	_	_
66	بین‌المللی	بین‌المللي	بین‌المللي	_	_
67	لاهه	لاهه	لاهه	_	_
68	به	به	به	_	_
69	شکایة	شکایة	شکایة	_	_
70	کشورهای	کشور	کشور	_	_
71	در	در	در	_	_
72	حال	حال	حال	_	_
73	توسعه	توسعه	توسعه	_	_
74	و	و	و	_	_
75	توسعهیافته	توسعهیافته	توسعهیافته	_	_
76	می	می	می	_	_
77	پردازد	پردازد	پرداخت	_	_
78	امواج	امواج	امواج	_	_
79	رادیواکتیو	رادیواکتیو	رادیواکتیو	_	_
80	را	را	را	_	_
81	می	می	می	_	_
82	توان	تو	توان	_	_
83	در	در	در	_	_
84	بسیاری	بسیار	بسیار	_	_
85	از	از	از	_	_
86	مصارف	مصارف	مصارف	_	_
87	پزشکی	پزشک	پزشک	_	_
88	استفاده	استفاده	استفاده	_	_
89	کرد	کرد	کرد	_	_
90	.	.	.	_	_

0	آراء	آراء	آراء	_	_
1	مأخوذة	مأخوذة	مأخوذة	_	_
2	تعیین‌کنندهی	تعیین‌کننده	تعیین‌کننده	_	_
3	رجال	رجال	رجال	_	_
4	سیاسی	سیاسی	سیاسی	_	_
5	است	است		_	_
6	مناظر	مناظر	مناظر	_	_
7	بکر	بکر	بکر	_	_
8	جزایر	جزایر	جزایر	_	_
9	جنوب	جنوب	جنوب	_	_
10	موضوع	موضوع	موضوع	_	_
11	تصاویر	تصاویر	تصاویر	_	_
12	گرفته	گرفته	گرفته	_	_
13	شده	شده	شده	_	_
14	توسط	توسط	توسط	_	_
15	عکاسان	عکاس	عکاس	_	_
16	حرفه	حرفه	حرفه	_	_
17	ای	ای	ای	_	_
18	بود	بود	بود	_	_
19	.	.	.	_	_

0	ادبا	ادبا	ادبا	_	_
1	به	به	به	_	_
2	نقد	نقد	نقد	_	_
3	آثار	آثار	آثار	_	_
4	ادبی	ادب	ادب	_	_
5	وی	و	وی	_	_
6	پرداختند	پرداختند	پرداخت	_	_
7	ائمهی	ائمه	ائمه	_	_
8	جمعه	جمعه	جمعه	_	_
9	توسط	توسط	توسط	_	_
10	بنیان	بنیان	بنیان	_	_
11	گذار	گذار	گذار	_	_
12	جمهوری	جمهور	جمهوری	_	_
13	اسلامی	اسلام	اسلام	_	_
14	ایران	ایران	ایران	_	_
15	انتخاب	انتخاب	انتخاب	_	_
16	شدند	شدند	شد	_	_
17	.	.	.	_	_

0	معابد	معابد	معابد	_	_
1	و	و	و	_	_
2	مساجد	مساجد	مساجد	_	_
3	اماکن	اماکن	اماکن	_	_
4	مقدسی	مقدّس	مقدّس	_	_
5	هستند	هستند		_	_
6	.	.	.	_	_

0	که	که	که	_	_
1	مفاهیم	مفهوم	مفاهیم	_	_
2	و	و	و	_	_
3	رموز	رموز	رموز	_	_
4	معنوی	معنوی	معنوی	_	_
5	را	را	را	_	_
6	به	به	به	_	_
7	مردم	مرد	مردم	_	_
8	منتقل	منتقل	منتقل	_	_
9	می	می	می	_	_
10	کنند	کنند	کرد	_	_
11	.	.	.	_	_

0	حقایق	حقایق	حقایق	_	_
1	عقاید	عقاید	عقاید	_	_
2	فقهای	فقیه	فقیه	_	_
3	پیشین	پی	پیشین	_	_
4	بر	بر	بر	_	_
5	ما	ما	ما	_	_
6	پوشیده‌است	پوشیده‌اس	پوشید	_	_
7	.	.	.	_	_

0	اسامی	اسم	اسامی	_	_
1	اسرای	اسرا	اسرا	_	_
2	تحت	تحت	تحت	_	_
3	امر	امر	امر	_	_
4	امیر	امیر	امیر	_	_
5	اعلام	اعلا	اعلام	_	_
6	شدند	شدند	شد	_	_
7	.	.	.	_	_

0	پاکروان	پاکروان	پاکروان	_	_
1	کسی	کس	کس	_	_
2	است	است		_	_
3	که	که	که	_	_
4	روان	رو	روان	_	_
5	پاکی	پاک	پاک	_	_
6	داشته‌باشد	داشته‌باشد	داشت	_	_
7	پرندگان	پرندگان	پرندگان	_	_
8	مهاجر	مهاجر	مهاجر	_	_
9	همچون	همچون	همچون	_	_
10	آزادگان	آزادگان	آزادگان	_	_
11	به	به	به	_	_
12	مرغزار	مرغزار	مرغزار	_	_
13	بازگشتند	بازگشتند	بازگشتند	_	_
14	.	.	.	_	_

0	آیا	آیا	آیا	_	_
1	مسئولین	مسئول	مسئولین	_	_
2	میتوانند	میتوانند	میتوانند	_	_
3	شایستگیشان	شایستگی	شایستگی	_	_
4	را	را	را	_	_
5	نشان	نشان	نشان	_	_
6	دهند	دهند	داد	_	_
7	.	.	.	_	_
8	و	و	و	_	_
9	مسئولیت	مسئولیت	مسئولیت	_	_
10	تصمیمات	تصمیم	تصمیمات	_	_
11	خود	خود	خود	_	_
12	را	را	را	_	_
13	بر	بر	بر	_	_
14	عهده	عهده	عهده	_	_
15	بگیرند	بگیرند	گرفت	_	_
16	.	.	.	_	_

0	سبزیجات	سبزیجات	سبزیجات	_	_
1	و	و	و	_	_
2	صیفیجات	صیفیج	صیفیجات	_	_
3	در	در	در	_	_
4	کنار	کنار	کنار	_	_
5	نشاسته	نشاسته	نشاسته	_	_
6	و	و	و	_	_
7	غلات	غله	غلات	_	_
8	باید	باید	باید	_	_
9	در	در	در	_	_
10	رژیم	رژیم	رژیم	_	_
11	غذایی	غذا	غذا	_	_
12	در	در	در	_	_
13	نظر	نظر	نظر	_	_
14	گرفته‌شود	گرفته‌شود	گرفت	_	_
15	.	.	.	_	_

0	آیندگان	آیندگان	آیندگان	_	_
1	نیز	نیز	نیز	_	_
2	همانند	همانند	همانند	_	_
3	گذشتگان	گذشتگان	گذشتگان	_	_
4	با	با	با	_	_
5	چالش‌های	چالش	چالش	_	_
6	فراوانی	فراوان	فراوان	_	_
7	دست	دست	دست	_	_
8	و	و	و	_	_
9	پنجه	پنجه	پنجه	_	_
10	نرم	نر	نرم	_	_
11	خواهند‌کرد	خواهند‌کرد	کرد	_	_
12	دبیرستان	دبیرستان	دبیرستان	_	_
13	شایستگان	شایستگ	شایستگان	_	_
14	یکی	یک	یک	_	_
15	از	از	از	_	_
16	مدارس	مدارس	مدارس	_	_
17	غیرانتفاعی	غیرانتفاعی	غیرانتفاعی	_	_
18	است	است		_	_
19	که	که	که	_	_
20	در	در	در	_	_
21	حوزه	حوزه	حوزه	_	_
22	های		های	_	_
23	علوم	علم	علوم	_	_
24	انسانی	انسان	انسان	_	_
25	ریاضیات	ریاض	ریاضیات	_	_
26	و	و	و	_	_
27	علوم	علم	علوم	_	_
28	تجربی	تجربی	تجربی	_	_
29	به	به	به	_	_
30	تعلیم	تعلیم	تعلیم	_	_
31	و	و	و	_	_
32	تربیت	تربیت	تربیت	_	_
33	دانش‌آموزان	دانش‌آموز	دانش‌آموز	_	_
34	می	می	می	_	_
35	پردازد	پردازد	پرداخت	_	_
36	آزادگی	آزادگی	آزادگی	_	_
37	و	و	و	_	_
38	آزاد‌منشی	آزاد‌منش	آزاد‌منشی	_	_
39	از	از	از	_	_
40	ویژگیهای	ویژگی	ویژگی	_	_
41	اصلی	اصل	اصل	_	_
42	و	و	و	_	_
43	شاخص	شاخص	شاخص	_	_
44	امامان	امام	امام	_	_
45	بود	بود	بود	_	_
46	.	.	.	_	_

0	امروزه	امروزه	امروزه	_	_
1	الگوریتم‌های	الگوریتم	الگوریتم	_	_
2	فراابتکاری	فراابتکار	فراابتکاری	_	_
3	نقش	نق	نقش	_	_
4	مهمی	مهم	مهم	_	_
5	در	در	در	_	_
6	حل	حل	حل	_	_
7	مسائل	مسائل	مسائل	_	_
8	بهینه	بهینه	بهینه	_	_
9	سازی	ساز	سازی	_	_
10	چند‌هدفه	چند‌هدفه	چند‌هدفه	_	_
11	دارند	دارند	داشت	_	_
12	.	.	.	_	_
13	بادکنک	بادکنک	بادکنک	_	_
14	بوسیلهی	بوسیله	بوسیلهی	_	_
15	گاز	گاز	گاز	_	_
16	هلیوم	هلیوم	هلیوم	_	_
17	پرشده	پرشده	پرشده	_	_
18	بود	بود	بود	_	_
19	بادبادکرانی	بادبادکران	بادبادکرانی	_	_
20	و	و	و	_	_
21	قایقرانی	قایقران	قایقران	_	_
22	شغل	شغل	شغل	_	_
23	جالبیست	جالبیس	جالبیست	_	_
24	.	.	.	_	_

0	که	که	که	_	_
1	نیاز	نیاز	نیاز	_	_
2	به	به	به	_	_
3	مهارت‌های	مهارت	مهارت	_	_
4	خاص	خاص	خاص	_	_
5	خود	خود	خود	_	_
6	را	را	را	_	_
7	دارند	دارند	داشت	_	_
8	.	.	.	_	_

0	شنوندگان	شنوندگ	شنوندگان	_	_
1	و	و	و	_	_
2	بینندگان	بینندگان	بینندگان	_	_
3	این	این	این	_	_
4	برنامه	برنامه	برنامه	_	_
5	گروه	گروه	گروه	_	_
6	سنی	سن	سنی	_	_
7	خاصی	خاص	خاص	_	_
8	هستند	هستند		_	_
9	.	.	.	_	_

0	فعالیت‌های	فعالیت	فعالیت	_	_
1	مرکز	مرکز	مرکز	_	_
2	مذاهب	مذاهب	مذاهب	_	_
3	اسلامی	اسلام	اسلام	_	_
4	در	در	در	_	_
5	شانگهای	شانگهای	شانگهای	_	_
6	به	به	به	_	_
7	جویندگان	جویندگ	جویندگان	_	_
8	اسلام	اسلام	اسلام	_	_
9	معرفی	معرف	معرف	_	_
10	شد	شد	شد	_	_
11	.	.	.	_	_

0	مقالات	مقال	مقالات	_	_
1	و	و	و	_	_
2	تحقیقات	تحقیق	تحقیقات	_	_
3	بسیاری	بسیار	بسیار	_	_
4	برای	برای	برای	_	_
5	پیشگیری	پیشگیر	پیشگیر	_	_
6	از	از	از	_	_
7	بیماریهای	بیماری	بیماریهای	_	_
8	عفونی	عفونی	عفونی	_	_
9	و	و	و	_	_
10	باکتریایی	باکتریا	باکتریایی	_	_
11	ارائه	ارائه	ارائه	_	_
12	شده‌است	شده‌است	شد	_	_
13	.	.	.	_	_

0	پاکستان	پاکستان	پاکستان	_	_
1	و	و	و	_	_
2	افغانستان	افغانستان	افغانستان	_	_
3	کشورهای	کشور	کشور	_	_
4	همسایه	همسایه	همسایه	_	_
5	ی		ی	_	_
6	شرقی	شرق	شرق	_	_
7	ایران	ایران	ایران	_	_
8	هستند	هستند		_	_
9	که	که	که	_	_
10	تضاد	تضاد	تضاد	_	_
11	منافع	منافع	منافع	_	_
12	با	با	با	_	_
13	یکدیگر	یکدیگر	یکدیگر	_	_
14	دارد	دارد	داشت	_	_
15	.	.	.	_	_

0	فاطمه	فاطمه	فاطمه	_	_
1	مراعات	مراعات	مراعات	_	_
2	حضور	حضور	حضور	_	_
3	مادرش	مادر	مادر	_	_
4	را	را	را	_	_
5	نمی	نم	نم	_	_
6	کرد	کرد	کرد	_	_
7	.	.	.	_	_

0	یکی	یک	یک	_	_
1	از	از	از	_	_
2	آرایه	آرایه	آرایه	_	_
3	های		های	_	_
4	ادبی	ادب	ادب	_	_
5	مراعات	مراعات	مراعات	_	_
6	نظیر	نظیر	نظیر	_	_
7	است	است		_	_
8	.	.	.	_	_

0	کلان	کل	کلان	_	_
1	شهر	شهر	شهر	_	_
2	اصفهان	اصفهان	اصفهان	_	_
3	مشکلات	مشکل	مشکلات	_	_
4	و	و	و	_	_
5	معضلات	معضل	معضلات	_	_
6	خود	خود	خود	_	_
7	را	را	را	_	_
8	دارد	دارد	داشت	_	_
9	.	.	.	_	_
10	هان	هان	هان	_	_
11	ای	ای	ای	_	_
12	پسر	پسر	پسر	_	_
13	!	!	!	_	_

0	مکان	مکان	مکان	_	_
1	تاریک	تاریک	تاریک	_	_
2	جای	جا	جای	_	_
3	خوبی	خوب	خوبی	_	_
4	برای	برای	برای	_	_
5	رشد	رشد	رشد	_	_
6	باکتری	باکتری	باکتری	_	_
7	ها		ها	_	_
8	است	است		_	_
9	.	.	.	_	_

0	زمان	زمان	زمان	_	_
1	بازی	باز	بازی	_	_
2	فوتبال	فوتبال	فوتبال	_	_
3	بارسلونا	بارسلونا	بارسلونا	_	_
4	و	و	و	_	_
5	رئال	رئال	رئال	_	_
6	مادرید	مادرید	مادرید	_	_
7	ساعت	ساعت	ساعت	_	_
8	۲۰	20	20	_	_
9	روز	روز	روز	_	_
10	هجدهم	هجده	هجدهم	_	_
11	آبان	آب	آبان	_	_
12	است	است		_	_
13	.	.	.	_	_

0	طاووس	طاووس	طاووس	_	_
1	خرامان	خرامان	خرامان	_	_
2	،	،	،	_	_
3	خرامان	خرامان	خرامان	_	_
4	راه	راه	راه	_	_
5	می	می	می	_	_
6	رود	رود	رود	_	_
7	.	.	.	_	_

0	همه	همه	همه	_	_
1	ی		ی	_	_
2	شهرها	شهر	شهر	_	_
3	یک	یک	یک	_	_
4	میدان	میدان	میدان	_	_
5	به	به	به	_	_
6	نام	نا	نام	_	_
7	آزادی	آزاد	آزاد	_	_
8	دارند	دارند	داشت	_	_
9	.	.	.	_	_

0	علی	علی	علی	_	_
1	دوان	دو	دوان	_	_
2	دوان	دو	دوان	_	_
3	گریان	گریان	گریان	_	_
4	و	و	و	_	_
5	نالان	نال	نالان	_	_
6	به	به	به	_	_
7	مدرسه	مدرسه	مدرسه	_	_
8	رفت	رف	رفت	_	_
9	.	.	.	_	_

0	کشور	کشور	کشور	_	_
1	آلمان	آلمان	آلمان	_	_
2	در	در	در	_	_
3	قاره	قاره	قاره	_	_
4	ی		ی	_	_
5	سبز	سبز	سبز	_	_
6	قرار	قرار	قرار	_	_
7	دارد	دارد	داشت	_	_
8	.	.	.	_	_

0	شکوفه	شکوفه	شکوفه	_	_
1	خندان	خندان	خندان	_	_
2	با	با	با	_	_
3	شیرینی	شیرین	شیرینی	_	_
4	وارد	وارد	وارد	_	_
5	شد	شد	شد	_	_
6	.	.	.	_	_
7	امان	امان	امان	_	_
8	بده	بده	داد	_	_
9	!!!	!!!	!!!	_	_

0	امارات	امارات	امارات	_	_
1	متحده	متحده	متحده	_	_
2	عربی	عرب	عرب	_	_
3	یکی	یک	یک	_	_
4	از	از	از	_	_
5	کشورهای	کشور	کشور	_	_
6	حوزه	حوزه	حوزه	_	_
7	ی		ی	_	_
8	خلیج	خلیج	خلیج	_	_
9	فارس	فارس	فارس	_	_
10	است	است		_	_
11	.	.	.	_	_

0	Emily	Emily	Emily	_	_
1	Rose	Rose	Rose	_	_
2	در	در	در	_	_
3	سال	سال	سال	_	_
4	۱۹۹۷	1997	1997	_	_
5	جن	جن	جن	_	_
6	زده‌شد	زده‌شد	زد	_	_
7	.	.	.	_	_
8	ناودانی	ناودان	ناودان	_	_
9	ها		ها	_	_
10	از	از	از	_	_
11	آشغال	آشغال	آشغال	_	_
12	پرشده	پرشده	پرشده	_	_
13	بود	بود	بود	_	_
14	.	.	.	_	_
15	نادان	نادان	نادان	_	_
16	همه	همه	همه	_	_
17	را	را	را	_	_
18	به	به	به	_	_
19	چشم	چشم	چشم	_	_
20	خویش	خویش	خویش	_	_
21	می	می	می	_	_
22	بیند	بیند	دید	_	_
23	.	.	.	_	_

0	سعید	سعید	سعید	_	_
1	در	در	در	_	_
2	عنفوان	عنفوان	عنفوان	_	_
3	جوانی	جوان	جوان	_	_
4	در	در	در	_	_
5	گذشت	گذ	گذشت	_	_
6	.	.	.	_	_

0	قوری	قوری	قوری	_	_
1	گلگلی	گلگل	گلگلی	_	_
2	شکست	شکست	شکست	_	_
3	.	.	.	_	_
4	در	در	در	_	_
5	این	این	این	_	_
6	دنیای	دنیا	دنیا	_	_
7	وانفساء	وانفساء	وانفساء	_	_
8	.	.	.	_	_
9	.	.	.	_	_
10	.	.	.	_	_

0	حسرت	حسرت	حسرت	_	_
1	زای	زا	زای	_	_
2	بی	بی	بی	_	_
3	فردا	فردا	فردا	_	_
4	خدایا	خدایا	خدایا	_	_
5	عاشقان	عاشق	عاشق	_	_
6	را	را	را	_	_
7	غم	غم	غم	_	_
8	مده	مده	مده	_	_
9	.	.	.	_	_
10	نردبان	نردبان	نردبان	_	_
11	ترقی	ترقی	ترقی	_	_
12	را	را	را	_	_
13	به	به	به	_	_
14	سرعت	سرعت	سرعت	_	_
15	طی	طی	طی	_	_
16	کرد	کرد	کرد	_	_
17	.	.	.	_	_

0	ادبیات	ادبیات	ادبیات	_	_
1	پارسی	پارس	پارس	_	_
2	تاریخچه	تاریخچه	تاریخچه	_	_
3	ی		ی	_	_
4	دیرینه	دیرینه	دیرینه	_	_
5	ای	ای	ای	_	_
6	دارد	دارد	داشت	_	_
7	.	.	.	_	_

0	شهر	شهر	شهر	_	_
1	ابادان	اباد	ابادان	_	_
2	عروس	عروس	عروس	_	_
3	ایران	ایران	ایران	_	_
4	است	است		_	_
5	.	.	.	_	_

0	لیوان	لیوان	لیوان	_	_
1	پر	پر	پر	_	_
2	از	از	از	_	_
3	چای	چای	چای	_	_
4	شکست	شکست	شکست	_	_
5	و	و	و	_	_
6	او	او	او	_	_
7	را	را	را	_	_
8	سوزاند	سوزاند	سوزاند	_	_
9	.	.	.	_	_

0	واردات	وارد	واردات	_	_
1	و	و	و	_	_
2	صادرات	صادر	صادرات	_	_
3	کشمش	کشمش	کشمش	_	_
4	سود	سود	سود	_	_
5	خوبی	خوب	خوبی	_	_
6	دارد	دارد	داشت	_	_
7	.	.	.	_	_

0	شایان	شایان	شایان	_	_
1	ذکر	ذکر	ذکر	_	_
2	است	است		_	_
3	که	که	که	_	_
4	رفسنجان	رفسنجان	رفسنجان	_	_
5	پسته	پسته	پسته	_	_
6	ی		ی	_	_
7	مرغوبی	مرغوب	مرغوب	_	_
8	دارد	دارد	داشت	_	_
9	.	.	.	_	_

0	باغ	باغ	باغ	_	_
1	بی	بی	بی	_	_
2	برگی	برگ	برگ	_	_
3	که	که	که	_	_
4	میگوید	میگوید	میگوید	_	_
5	که	که	که	_	_
6	زیبا	زیبا	زیبا	_	_
7	نیست	نیست	نیست	_	_
8	.	.	.	_	_

0	شیروان	شیروان	شیروان	_	_
1	یکی	یک	یک	_	_
2	از	از	از	_	_
3	شهرستانهای	شهرستان	شهرستان	_	_
4	کرمانشاه	کرمانشاه	کرمانشاه	_	_
5	است	است		_	_
6	.	.	.	_	_

0	آسمان	آسم	آسمان	_	_
1	آبی	آب	آب	_	_
2	زمین	زمین	زمین	_	_
3	پاک	پاک	پاک	_	_
4	.	.	.	_	_
5	.	.	.	_	_
6	.	.	.	_	_
7	.	.	.	_	_
8	.	.	.	_	_
9	.	.	.	_	_
10	.	.	.	_	_
11	.	.	.	_	_
12	.	.	.	_	_
13	.	.	.	_	_

0	شمیران	شمیران	شمیران	_	_
1	نام	نا	نام	_	_
2	منطقه	منطقه	منطقه	_	_
3	ای	ای	ای	_	_
4	در	در	در	_	_
5	تهران	تهران	تهران	_	_
6	است	است		_	_
7	.	.	.	_	_

0	لیفان	لیف	لیف	_	_
1	یک	یک	یک	_	_
2	خودروی	خودرو	خودرو	_	_
3	چینیست	چینیس	چینیست	_	_
4	که	که	که	_	_
5	بدرد	بدرد	بدرد	_	_
6	نمی	نم	نم	_	_
7	خورد	خورد	خورد	_	_
8	.	.	.	_	_

0	ما	ما	ما	_	_
1	باید	باید	باید	_	_
2	همواره	همواره	همواره	_	_
3	به	به	به	_	_
4	دنبال	دنبال	دنبال	_	_
5	آرمان	آرم	آرمان	_	_
6	خود	خود	خود	_	_
7	باشیم	باش	بود	_	_
8	.	.	.	_	_

0	خفتان	خفت	خفت	_	_
1	خود	خود	خود	_	_
2	را	را	را	_	_
3	پوشید	پوشید	پوشید	_	_
4	و	و	و	_	_
5	به	به	به	_	_
6	میدان	میدان	میدان	_	_
7	رزم	رز	رزم	_	_
8	رفت	رف	رفت	_	_
9	.	.	.	_	_

0	ریختن	ریختن	ریختن	_	_
1	زباله	زباله	زباله	_	_
2	در	در	در	_	_
3	دامان	دام	دامان	_	_
4	طبیعت	طبیعت	طبیعت	_	_
5	بی	بی	بی	_	_
6	فرهنگی	فرهنگ	فرهنگ	_	_
7	است	است		_	_
8	.	.	.	_	_

0	شکلات	شکل	شکلات	_	_
1	فرمند	فرمند	فرمند	_	_
2	یکی	یک	یک	_	_
3	از	از	از	_	_
4	مرغوبترین	مرغوب	مرغوب	_	_
5	برندها	برند	برندها	_	_
6	در	در	در	_	_
7	این	این	این	_	_
8	حوزه	حوزه	حوزه	_	_
9	است	است		_	_
10	.	.	.	_	_

0	خزان	خز	خزان	_	_
1	فصلیست	فصلیس	فصلیست	_	_
2	که	که	که	_	_
3	در	در	در	_	_
4	آن	آن	آن	_	_
5	برگ	برگ	برگ	_	_
6	درختان	درخت	درخت	_	_
7	زرد	زرد	زرد	_	_
8	می	می	می	_	_
9	شود	شود	شد	_	_
10	.	.	.	_	_

0	وزیر	وزير	وزير	_	_
1	علوم	علم	علوم	_	_
2	درجمع	درجمع	درجمع	_	_
3	استادان	استاد	استاد	_	_
4	نمونه	نمونه	نمونه	_	_
5	:	:	:	_	_
6	سن	سن	سن	_	_
7	بازنشستگی	بازنشستگي	بازنشستگي	_	_
8	استادان	استاد	استاد	_	_
9	نمونه	نمونه	نمونه	_	_
10	به	به	به	_	_
11	۷۰	70	70	_	_
12	سال	سال	سال	_	_
13	افزایش	افزاي	افزايش	_	_
14	می‌یابد	مي‌يابد	مي‌يابد	_	_
15	اصوات	صوت	اصوات	_	_
16	وزیدن	وزیدن	وزیدن	_	_
17	بادما	بادما	بادما	_	_
18	را	را	را	_	_
19	ترساند	ترساند	ترساند	_	_
20	.	.	.	_	_

0	دانشگاه	دانشگاه	دانشگاه	_	_
1	باید	بايد	بايد	_	_
2	مهد	مهد	مهد	_	_
3	چالشهای	چالشهاي	چالشهاي	_	_
4	گفتمانی	گفتماني	گفتماني	_	_
5	و	و	و	_	_
6	خط	خط	خط	_	_
7	دهنده	دهنده	دهنده	_	_
8	و	و	و	_	_
9	برنامه‌ریز	برنامه‌ريز	برنامه‌ريز	_	_
10	جریانات	جري	جريانات	_	_
11	سیاسی	سياسي	سياسي	_	_
12	باشد	باشد	بود	_	_
13	.	.	.	_	_

0	دفاتر	دف	دفاتر	_	_
1	سازمانملل	سازمانملل	سازمانملل	_	_
2	متحددر	متحددر	متحددر	_	_
3	همه	همه	همه	_	_
4	ی		ی	_	_
5	پایتختهای	پایتخت	پایتخت	_	_
6	جهان	جهان	جهان	_	_
7	هستند	هستند		_	_
8	.	.	.	_	_

0	دختری	دختر	دختر	_	_
1	بالباس	بالباس	بالباس	_	_
2	صورتی	صورت	صورت	_	_
3	را	را	را	_	_
4	دیدم	دید	دید	_	_
5	که	که	که	_	_
6	صورتی	صورت	صورت	_	_
7	زیبا	زیبا	زیبا	_	_
8	داشت	داش	داشت	_	_
9	.	.	.	_	_

0	توصیه	توصيه	توصيه	_	_
1	ما	ما	ما	_	_
2	در	در	در	_	_
3	جهت	جهت	جهت	_	_
4	تلاش	تلاش	تلاش	_	_
5	برای	براي	براي	_	_
6	دانایی	دانايي	دانايي	_	_
7	محوری	محوري	محوري	_	_
8	و	و	و	_	_
9	توسعه	توسعه	توسعه	_	_
10	گفتمان	گفتمان	گفتمان	_	_
11	علمی	علمي	علمي	_	_
12	به	به	به	_	_
13	معنی	معني	معني	_	_
14	عدم	عدم	عدم	_	_
15	تمایل	تمايل	تمايل	_	_
16	به	به	به	_	_
17	مباحث	مباحث	مباحث	_	_
18	سیاسی	سياسي	سياسي	_	_
19	نیست	نيس	نيست	_	_
20	؛	؛	؛	_	_
21	بلکه	بلكه	بلكه	_	_
22	بر	بر	بر	_	_
23	عکس	عكس	عكس	_	_
24	،	،	،	_	_
25	دانشگاه	دانشگاه	دانشگاه	_	_
26	باید	بايد	بايد	_	_
27	مهد	مهد	مهد	_	_
28	چالشهای	چالشهاي	چالشهاي	_	_
29	گفتمانی	گفتماني	گفتماني	_	_
30	باشد	باشد	بود	_	_
31	ولی	ولي	ولي	_	_
32	این	اين	اين	_	_
33	امر	امر	امر	_	_
34	،	،	،	_	_
35	بدان	بد	بدان	_	_
36	معنی	معني	معني	_	_
37	نیست	نيس	نيست	_	_
38	که	كه	كه	_	_
39	دانشگاه	دانشگاه	دانشگاه	_	_
40	،	،	،	_	_
41	ابزار	ابزار	ابزار	_	_
42	دست	دست	دست	_	_
43	سیاسیون	سياسيون	سياسيون	_	_
44	قرار	قرار	قرار	_	_
45	بگیرد	بگيرد	بگيرد	_	_
46	.	.	.	_	_

0	وی	وي	وي	_	_
1	تأکید	تأكيد	تأكيد	_	_
2	کرد	كرد	كرد	_	_
3	:	:	:	_	_
4	دانشگاه	دانشگاه	دانشگاه	_	_
5	نه	نه	نه	_	_
6	تنها	تنها	تنها	_	_
7	نباید	نبايد	نبايد	_	_
8	تحت	تحت	تحت	_	_
9	تأثیر	تأثير	تأثير	_	_
10	القائات	القائات	القائات	_	_
11	سیاسی	سياسي	سياسي	_	_
12	قرار	قرار	قرار	_	_
13	بگیرد	بگيرد	بگيرد	_	_
14	؛	؛	؛	_	_
15	بلکه	بلكه	بلكه	_	_
16	باید	بايد	بايد	_	_
17	خط	خط	خط	_	_
18	دهنده	دهنده	دهنده	_	_
19	و	و	و	_	_
20	برنامه‌ریز	برنامه‌ريز	برنامه‌ريز	_	_
21	جریانات	جري	جريانات	_	_
22	سیاسی	سياسي	سياسي	_	_
23	باشد	باشد	بود	_	_
24	و	و	و	_	_
25	مهمترین	مهمترين	مهمترين	_	_
26	عنصر	عنصر	عنصر	_	_
27	پیاده	پياده	پياده	_	_
28	شدن	شدن	شدن	_	_
29	این	اين	اين	_	_
30	آرمان	آرم	آرمان	_	_
31	،	،	،	_	_
32	دانشجویان	دانشجوي	دانشجويان	_	_
33	و	و	و	_	_
34	اعضای	اعضاي	اعضاي	_	_
35	هیات	هي	هيات	_	_
36	علمی	علمي	علمي	_	_
37	دانشگاهها	دانشگاه	دانشگاه	_	_
38	و	و	و	_	_
39	در	در	در	_	_
40	رأس	رأس	رأس	_	_
41	آنها	آن	آن	_	_
42	استادان	استاد	استاد	_	_
43	نمونه	نمونه	نمونه	_	_
44	هستند	هستند		_	_
45	.	.	.	_	_

0	اگر	اگر	اگر	_	_
1	چه	چه	چه	_	_
2	دانشگاهها	دانشگاه	دانشگاه	_	_
3	باید	بايد	بايد	_	_
4	پرچمدار	پرچمدار	پرچمدار	_	_
5	کرسیهای	كرسيهاي	كرسيهاي	_	_
6	آزاد	آزاد	آزاد	_	_
7	اندیشی	انديشي	انديشي	_	_
8	و	و	و	_	_
9	حاکمیت	حاكمي	حاكميت	_	_
10	دانایی	دانايي	دانايي	_	_
11	محوری	محوري	محوري	_	_
12	باشند	باشند	بود	_	_
13	،	،	،	_	_
14	باید	بايد	بايد	_	_
15	توجه	توجه	توجه	_	_
16	داشته‌باشند	داشته‌باشند	داشت	_	_
17	که	كه	كه	_	_
18	ناخودآگاه	ناخودآگاه	ناخودآگاه	_	_
19	تحت	تحت	تحت	_	_
20	تأثیر	تأثير	تأثير	_	_
21	جوسازیها	جوسازي	جوسازيها	_	_
22	و	و	و	_	_
23	القائات	القائات	القائات	_	_
24	رسانه‌ها	رسانه	رسانه	_	_
25	قرار	قرار	قرار	_	_
26	نگیرند	نگيرند	نگيرند	_	_
27	.	.	.	_	_

0	اقدامات	اقدام	اقدامات	_	_
1	انجام	انجام	انجام	_	_
2	شده	شده	شده	_	_
3	در	در	در	_	_
4	جهت	جهت	جهت	_	_
5	ارتقای	ارتقاي	ارتقاي	_	_
6	جایگاه	جايگاه	جايگاه	_	_
7	استادان	استاد	استاد	_	_
8	نمونه	نمونه	نمونه	_	_
9	اشاره	اشاره	اشاره	_	_
10	کرد	كرد	كرد	_	_
11	و	و	و	_	_
12	گفت	گفت	گفت	_	_
13	:	:	:	_	_
14	در	در	در	_	_
15	بنیاد	بنياد	بنياد	_	_
16	نخبگان	نخبگ	نخبگان	_	_
17	،	،	،	_	_
18	استادان	استاد	استاد	_	_
19	نمونه	نمونه	نمونه	_	_
20	از	از	از	_	_
21	مصادیق	مصاديق	مصاديق	_	_
22	نخبگان	نخبگ	نخبگان	_	_
23	شناخته‌شدند	شناخته‌شدند	شناخت	_	_
24	و	و	و	_	_
25	این	اين	اين	_	_
26	امر	امر	امر	_	_
27	به	به	به	_	_
28	لحاظ	لحاظ	لحاظ	_	_
29	معنوی	معنوي	معنوي	_	_
30	،	،	،	_	_
31	اهمیت	اهمي	اهميت	_	_
32	ویژهای	ويژهاي	ويژهاي	_	_
33	دارد	دارد	داشت	_	_
34	.	.	.	_	_
35	،	،	،	_	_
36	در	در	در	_	_
37	تعریف	تعريف	تعريف	_	_
38	و	و	و	_	_
39	تعیین	تعيين	تعيين	_	_
40	شاخصهای	شاخصهاي	شاخصهاي	_	_
41	لازم	لازم	لازم	_	_
42	برای	براي	براي	_	_
43	انتخاب	انتخاب	انتخاب	_	_
44	"	"	"	_	_
45	استاد	استاد	استاد	_	_
46	نمونه	نمونه	نمونه	_	_
47	"	"	"	_	_
48	بازنگری	بازنگري	بازنگري	_	_
49	کنند	كنند	كنند	_	_
50	با	با	با	_	_
51	وسواس	وسواس	وسواس	_	_
52	و	و	و	_	_
53	دقت	دق	دقت	_	_
54	،	،	،	_	_
55	همچنین	همچنين	همچنين	_	_
56	در	در	در	_	_
57	این	اين	اين	_	_
58	برنامه	برنامه	برنامه	_	_
59	از	از	از	_	_
60	جمعی	جمعي	جمعي	_	_
61	از	از	از	_	_
62	دانش	دانش	دانش	_	_
63	آموختهگان	آموختهگ	آموختهگان	_	_
64	نمونه	نمونه	نمونه	_	_
65	و	و	و	_	_
66	استادان	استاد	استاد	_	_
67	پیش	پي	پيش	_	_
68	کسوت	كسو	كسوت	_	_
69	این	اين	اين	_	_
70	موسسه	موسسه	موسسه	_	_
71	تقدیر	تقدير	تقدير	_	_
72	می‌شود	مي‌شود	مي‌شود	_	_
73	.	.	.	_	_

0	سقراط	سقراط	سقراط	_	_
1	به	به	به	_	_
2	دستوردادستان	دستوردادس	دستوردادستان	_	_
3	جام	جا	جام	_	_
4	شوکران	شوکر	شوکران	_	_
5	را	را	را	_	_
6	نوشید	نوشید	نوشید	_	_
7	.	.	.	_	_

0	هم	هم	هم	_	_
1	چنین	چنين	چنين	_	_
2	نتایج	نتايج	نتايج	_	_
3	مشروطین	مشروطين	مشروطين	_	_
4	اسفند	اسفند	اسفند	_	_
5	ماه	ماه	ماه	_	_
6	۸۲	82	82	_	_
7	که	كه	كه	_	_
8	درس	درس	درس	_	_
9	مشروطی	مشروطي	مشروطي	_	_
10	خود	خود	خود	_	_
11	را	را	را	_	_
12	در	در	در	_	_
13	آزمون	آزمون	آزمون	_	_
14	مرداد	مرداد	مرداد	_	_
15	ماه	ماه	ماه	_	_
16	۸۳	83	83	_	_
17	امتحان	امتحان	امتحان	_	_
18	داده‌اند	داده‌اند	داد	_	_
19	.	.	.	_	_

0	مردی	مرد	مردی	_	_
1	به	به	به	_	_
2	اطفال	اطفال	اطفال	_	_
3	گفت	گفت	گفت	_	_
4	که	که	که	_	_
5	گلها	گل	گل	_	_
6	را	را	را	_	_
7	نکنند	نکنند	کرد	_	_
8	.	.	.	_	_

0	بنا	بنا	بنا	_	_
1	به	به	به	_	_
2	دلایل	دلايل	دلايل	_	_
3	معرفی	معرفي	معرفي	_	_
4	شده	شده	شده	_	_
5	با	با	با	_	_
6	اخذ	اخذ	اخذ	_	_
7	نمرات	نمرات	نمرات	_	_
8	‌		‌	_	_
9	٢٠	٢٠	٢٠	_	_
10	غیر	غير	غير	_	_
11	واقعی	واقعي	واقعي	_	_
12	به	به	به	_	_
13	گروه	گروه	گروه	_	_
14	معدل	معدل	معدل	_	_
15	بیست‌ها	بيست	بيست‌ها	_	_
16	پیوسته‌اند	پيوسته‌اند	پيوسته‌اند	_	_
17	که	كه	كه	_	_
18	در	در	در	_	_
19	طول	طول	طول	_	_
20	‌		‌	_	_
21	١٤	١٤	١٤	_	_
22	سال	سال	سال	_	_
23	گذشته	گذشته	گذشته	_	_
24	بر	بر	بر	_	_
25	تعداد	تعداد	تعداد	_	_
26	این	اين	اين	_	_
27	معدل	معدل	معدل	_	_
28	بیست‌ها	بيست	بيست‌ها	_	_
29	به	به	به	_	_
30	طور	طور	طور	_	_
31	بی‌رویه‌ای	بي‌رويه‌اي	بي‌رويه‌اي	_	_
32	اضافه	اضافه	اضافه	_	_
33	شده‌است	شده‌است	شد	_	_
34	این	اين	اين	_	_
35	محقق	محقق	محقق	_	_
36	تاکید	تاكيد	تاكيد	_	_
37	دارد	دارد	داشت	_	_
38	:	:	:	_	_
39	منطقی‌ترین	منطقي‌ترين	منطقي‌ترين	_	_
40	روش	رو	روش	_	_
41	ارزش	ارز	ارزش	_	_
42	یابی	يابي	يابي	_	_
43	سیره	سيره	سيره	_	_
44	نبوی	نبوي	نبوي	_	_
45	رشته‌های	رشته‌هاي	رشته‌هاي	_	_
46	متنوع	متنوع	متنوع	_	_
47	دیگری	ديگري	ديگري	_	_
48	همچون	همچون	همچون	_	_
49	وبلاگ	وبلاگ	وبلاگ	_	_
50	نویسی	نويسي	نويسي	_	_
51	،	،	،	_	_
52	کتابخوانی	كتابخواني	كتابخواني	_	_
53	،	،	،	_	_
54	گرافیک	گرافيك	گرافيك	_	_
55	،	،	،	_	_
56	کاریکاتور	كاريكاتور	كاريكاتور	_	_
57	،	،	،	_	_
58	شعر	شعر	شعر	_	_
59	،	،	،	_	_
60	داستان	داستان	داستان	_	_
61	کوتاه	كوتاه	كوتاه	_	_
62	،	،	،	_	_
63	عکاسی	عكاسي	عكاسي	_	_
64	،	،	،	_	_
65	خوشنویسی	خوشنويسي	خوشنويسي	_	_
66	،	،	،	_	_
67	چهل	چهل	چهل	_	_
68	حدیث	حديث	حديث	_	_
69	نویسی	نويسي	نويسي	_	_
70	،	،	،	_	_
71	نماهنگ	نماهنگ	نماهنگ	_	_
72	و	و	و	_	_
73	فیلم	فيل	فيلم	_	_
74	کوتاه	كوتاه	كوتاه	_	_
75	پیش	پي	پيش	_	_
76	بینی	بيني	بيني	_	_
77	شده‌است	شده‌است	شد	_	_
78	.	.	.	_	_

0	نخستین	نخستين	نخستين	_	_
1	مرکز	مركز	مركز	_	_
2	آموزش	آموزش	آموزش	_	_
3	عالی	عالي	عالي	_	_
4	بین‌المللی	بين‌المللي	بين‌المللي	_	_
5	دانشگاه	دانشگاه	دانشگاه	_	_
6	موناش	مونا	مونا	_	_
7	استرالیا	استراليا	استراليا	_	_
8	در	در	در	_	_
9	کیش	كي	كيش	_	_
10	آغاز	آغاز	آغاز	_	_
11	به	به	به	_	_
12	کار	كار	كار	_	_
13	کرد	كرد	كرد	_	_
14	.	.	.	_	_
15	وی	و	وی	_	_
16	اعلام	اعلا	اعلام	_	_
17	و	و	و	_	_
18	پیش	پي	پيش	_	_
19	بینی	بيني	بيني	_	_
20	کرد	كرد	كرد	_	_
21	دومین	دومين	دومين	_	_
22	گردهمآیی	گردهمآيي	گردهمآيي	_	_
23	دانشجویان	دانشجو	دانشجو	_	_
24	.	.	.	_	_

0	هفتمین	هفتمين	هفتمين	_	_
1	اجلاس	اجلاس	اجلاس	_	_
2	مشترک	مشترك	مشترك	_	_
3	هیاتهای	هياتهاي	هياتهاي	_	_
4	امنای	امناي	امناي	_	_
5	دانشگاهها	دانشگاه	دانشگاه	_	_
6	و	و	و	_	_
7	موسسات	موسسه	موسسه	_	_
8	آموزش	آموزش	آموزش	_	_
9	عالی	عالي	عالي	_	_
10	و	و	و	_	_
11	پژوهشی	پژوهشي	پژوهشي	_	_
12	برگزار	برگزار	برگزار	_	_
13	شد	شد	شد	_	_
14	.	.	.	_	_
15	آیین‌نامه	آيين‌نامه	آيين‌نامه	_	_
16	های		های	_	_
17	مالی	مالي	مالي	_	_
18	و	و	و	_	_
19	معاملاتی	معاملاتي	معاملاتي	_	_
20	دانشگاهها	دانشگاه	دانشگاه	_	_
21	برای	برای	برای	_	_
22	رفع	رفع	رفع	_	_
23	معضلات	معضل	معضلات	_	_
24	معیشتی	معيشتي	معيشتي	_	_
25	،	،	،	_	_
26	کارکنان	كاركن	كاركنان	_	_
27	.	.	.	_	_

0	موجب	موجب	موجب	_	_
1	نگرانی	نگراني	نگراني	_	_
2	افکار	افكار	افكار	_	_
3	عمومی	عمومي	عمومي	_	_
4	و	و	و	_	_
5	ایجاد	ايجاد	ايجاد	_	_
6	بد	بد	بد	_	_
7	بینی	بيني	بيني	_	_
8	در	در	در	_	_
9	اذهان	ذهن	اذهان	_	_
10	جوانان	جوان	جوان	_	_
11	داوطلب	داوطلب	داوطلب	_	_
12	ورود	ورود	ورود	_	_
13	به	به	به	_	_
14	دانشگاه‌ها	دانشگاه	دانشگاه	_	_
15	شده‌است	شده‌است	شد	_	_
16	.	.	.	_	_

0	هرگونه	هرگونه	هرگونه	_	_
1	شائبه‌ای	شائبه‌اي	شائبه‌اي	_	_
2	به	به	به	_	_
3	دور	دور	دور	_	_
4	است	است		_	_
5	و	و	و	_	_
6	به	به	به	_	_
7	هیچ	هيچ	هيچ	_	_
8	وجه	وجه	وجه	_	_
9	ورود	ورود	ورود	_	_
10	داوطلبی	داوطلبي	داوطلبي	_	_
11	به	به	به	_	_
12	دانشگاه	دانشگاه	دانشگاه	_	_
13	بدون	بدون	بدون	_	_
14	شرکت	شرك	شركت	_	_
15	در	در	در	_	_
16	آزمون	آزمون	آزمون	_	_
17	سراسری	سراسري	سراسري	_	_
18	و	و	و	_	_
19	کسب	كسب	كسب	_	_
20	اولویت	اولوي	اولويت	_	_
21	علمی	علمي	علمي	_	_
22	امکان‌پذیر	امكان‌پذير	امكان‌پذير	_	_
23	نبوده	نبوده	بود	_	_
24	و	و	و	_	_
25	نیست	نيس	نيست	_	_
26	.	.	.	_	_

0	به	به	به	_	_
1	واحدهای	واحدهاي	واحدهاي	_	_
2	دانشگاهی	دانشگاهي	دانشگاهي	_	_
3	تهران	تهران	تهران	_	_
4	سماء	سماء	سماء	_	_
5	،	،	،	_	_
6	آشتیان	آشتي	آشتيان	_	_
7	،	،	،	_	_
8	‌		‌	_	_
9	اراک	اراك	اراك	_	_
10	،	،	،	_	_
11	اسلامشهر	اسلامشهر	اسلامشهر	_	_
12	،	،	،	_	_
13	قائم	قائم	قائم	_	_
14	شهر	شهر	شهر	_	_
15	،	،	،	_	_
16	خوی	خوي	خوي	_	_
17	،	،	،	_	_
18	رودهن	رودهن	رودهن	_	_
19	،	،	،	_	_
20	زرند	زرند	زرند	_	_
21	،	،	،	_	_
22	زنجان	زنجان	زنجان	_	_
23	،	،	،	_	_
24	سوادکوه	سوادكوه	سوادكوه	_	_
25	،	،	،	_	_
26	شاهرود	شاهرود	شاهرود	_	_
27	،	،	،	_	_
28	شبستر	شبستر	شبستر	_	_
29	،	،	،	_	_
30	شهرکرد	شهركرد	شهركرد	_	_
31	،	،	،	_	_
32	علوم	علم	علوم	_	_
33	و	و	و	_	_
34	تحقیقات	تحقيق	تحقيقات	_	_
35	تهران	تهران	تهران	_	_
36	،	،	،	_	_
37	کاشان	كا	كاشان	_	_
38	،	،	،	_	_
39	کرج	كرج	كرج	_	_
40	،	،	،	_	_
41	کرمان	كر	كرمان	_	_
42	،	،	،	_	_
43	مراغه	مراغه	مراغه	_	_
44	،	،	،	_	_
45	میمه	ميمه	ميمه	_	_
46	،	،	،	_	_
47	ورامین	ورامين	ورامين	_	_
48	و	و	و	_	_
49	.	.	.	_	_
50	.	.	.	_	_
51	.	.	.	_	_

0	در	در	در	_	_
1	مقطع	مقطع	مقطع	_	_
2	کارشناسی	كارشناسي	كارشناسي	_	_
3	ارشد	ارشد	ارشد	_	_
4	در	در	در	_	_
5	شاخه‌های	شاخه‌هاي	شاخه‌هاي	_	_
6	بیوسیستماتیک	بيوسيستماتيك	بيوسيستماتيك	_	_
7	،	،	،	_	_
8	گیاهی	گياهي	گياهي	_	_
9	و	و	و	_	_
10	جانوری	جانوري	جانوري	_	_
11	جنین	جنين	جنين	_	_
12	شناسی	شناسي	شناسي	_	_
13	،	،	،	_	_
14	اکولوژی	اكولوژي	اكولوژي	_	_
15	،	،	،	_	_
16	فیزیولوژی	فيزيولوژي	فيزيولوژي	_	_
17	،	،	،	_	_
18	سلولی	سلولي	سلولي	_	_
19	،	،	،	_	_
20	مولکولی	مولكولي	مولكولي	_	_
21	و	و	و	_	_
22	بیوشیمی	بيوشيمي	بيوشيمي	_	_
23	و	و	و	_	_
24	در	در	در	_	_
25	دوره‌	دوره	دوره	_	_
26	دکترا	دكترا	دكترا	_	_
27	در	در	در	_	_
28	گرایش	گراي	گرايش	_	_
29	سلولی	سلولي	سلولي	_	_
30	،	،	،	_	_
31	مولکولی	مولكولي	مولكولي	_	_
32	مشغول	مشغول	مشغول	_	_
33	به	به	به	_	_
34	تحصیل	تحصيل	تحصيل	_	_
35	می‌باشند	مي‌باشند	مي‌باشند	_	_
36	.	.	.	_	_

0	کارخانه‌های	كارخانه‌هاي	كارخانه‌هاي	_	_
1	مواد	مواد	مواد	_	_
2	غذایی	غذايي	غذايي	_	_
3	و	و	و	_	_
4	اداره‌های‌	اداره‌هاي	اداره‌هاي‌	_	_
5	بهداشت	بهداشت	بهداشت	_	_
6	فعالیت	فعالي	فعاليت	_	_
7	کنند	كنند	كنند	_	_
8	.	.	.	_	_
9	با	با	با	_	_
10	این	اين	اين	_	_
11	حال	حال	حال	_	_
12	شورای	شوراي	شوراي	_	_
13	شهر	شهر	شهر	_	_
14	در	در	در	_	_
15	کل	كل	كل	_	_
16	یک	يك	يك	_	_
17	امر	امر	امر	_	_
18	سرنوشت	سرنوشت	سرنوشت	_	_
19	ساز	ساز	ساز	_	_
20	بوده	بوده	بوده	_	_
21	و	و	و	_	_
22	امید	اميد	اميد	_	_
23	است	است		_	_
24	تا	تا	تا	_	_
25	،	،	،	_	_
26	مشارکت	مشارك	مشاركت	_	_
27	داشته‌باشند	داشته‌باشند	داشت	_	_
28	.	.	.	_	_
29	تاکید	تاكيد	تاكيد	_	_
30	کرد	كرد	كرد	_	_
31	:	:	:	_	_
32	اگر	اگر	اگر	_	_
33	به	به	به	_	_
34	دانشمندان	دانشمند	دانشمند	_	_
35	ارج	ارج	ارج	_	_
36	ننهیم	ننهي	ننهيم	_	_
37	،	،	،	_	_
38	آزادی	آزادي	آزادي	_	_
39	و	و	و	_	_
40	انگیزه	انگيزه	انگيزه	_	_
41	علمی	علمي	علمي	_	_
42	را	را	را	_	_
43	در	در	در	_	_
44	آنان	آن	آن	_	_
45	تقویت	تقوي	تقويت	_	_
46	نکنیم	نكني	نكنيم	_	_
47	!	!	!	_	_

0	توسعه	توسعه	توسعه	_	_
1	همه	همه	همه	_	_
2	جانبه	جانبه	جانبه	_	_
3	کشور	كشور	كشور	_	_
4	تحقق	تحقق	تحقق	_	_
5	ناپذیر	ناپذير	ناپذير	_	_
6	خواهد‌ماند	خواهد‌ماند	ماند	_	_
7	.	.	.	_	_

0	اظهار	اظهار	اظهار	_	_
1	کرد	كرد	كرد	_	_
2	:	:	:	_	_
3	‌		‌	_	_
4	اسم	اسم	اسم	_	_
5	دانشگاهیا	دانشگاهيا	دانشگاهيا	_	_
6	مردمان	مرد	مرد	_	_
7	گرگان	گرگ	گرگان	_	_
8	دچاریاس	دچاریاس	دچاریاس	_	_
9	شدند	شدند	شد	_	_
10	.	.	.	_	_

0	نیاکان	نیاکان	نیاکان	_	_
1	ما	ما	ما	_	_
2	افرادی	افراد	افراد	_	_
3	روشن	روشن	روشن	_	_
4	ضمیر	ضمیر	ضمیر	_	_
5	بودند	بودند	بود	_	_
6	.	.	.	_	_
7	ن	ن	ن	_	_
8	برخی	برخي	برخي	_	_
9	از	از	از	_	_
10	ملاکهای	ملاكهاي	ملاكهاي	_	_
11	رتبه	رتبه	رتبه	_	_
12	بندی	بندي	بندي	_	_
13	دانشگاههای	دانشگاههاي	دانشگاههاي	_	_
14	دنیاست	دنياس	دنياست	_	_
15	.	.	.	_	_

0	برنامه	برنامه	برنامه	_	_
1	ریزی	ريزي	ريزي	_	_
2	شهری	شهري	شهري	_	_
3	،	،	،	_	_
4	فیزیک	فيزيک	فيزيک	_	_
5	،	،	،	_	_
6	جغرافیای	جغرافياي	جغرافياي	_	_
7	انسانی-	انساني-	انساني-	_	_
8	علوم	علم	علوم	_	_
9	اقتصادی	اقتصادي	اقتصادي	_	_
10	،	،	،	_	_
11	جغرافیای	جغرافياي	جغرافياي	_	_
12	طبیعی-	طبيعي-	طبيعي-	_	_
13	ژئوموفولوژی	ژئوموفولوژي	ژئوموفولوژي	_	_
14	،	،	،	_	_
15	مدیریت	مديري	مديريت	_	_
16	بازرگانی-	بازرگاني-	بازرگاني-	_	_
17	بازاریابی	بازاريابي	بازاريابي	_	_
18	،	،	،	_	_
19	جغرافیای	جغرافياي	جغرافياي	_	_
20	طبیعی-	طبيعي-	طبيعي-	_	_
21	اقلیم	اقلي	اقليم	_	_
22	شناسی	شناسي	شناسي	_	_
23	،	،	،	_	_
24	مدیریت	مديري	مديريت	_	_
25	بازرگانی-	بازرگاني-	بازرگاني-	_	_
26	رفتار	رفتار	رفتار	_	_
27	سازمانی	سازماني	سازماني	_	_
28	و	و	و	_	_
29	مدیریت	مديري	مديريت	_	_
30	منابع	منابع	منابع	_	_
31	انسانی	انساني	انساني	_	_
32	،	،	،	_	_
33	جامعه	جامعه	جامعه	_	_
34	شناسی	شناسي	شناسي	_	_
35	،	،	،	_	_
36	روانشناسی	روانشناسي	روانشناسي	_	_
37	عمومی	عمومي	عمومي	_	_
38	،	،	،	_	_
39	فلسفه	فلسفه	فلسفه	_	_
40	،	،	،	_	_
41	مدیریت	مديري	مديريت	_	_
42	آموزشی	آموزشي	آموزشي	_	_
43	،	،	،	_	_
44	آموزش	آموزش	آموزش	_	_
45	زبان	زبان	زبان	_	_
46	انگلیسی	انگليسي	انگليسي	_	_
47	،	،	،	_	_
48	برنامه	برنامه	برنامه	_	_
49	ریزی	ريزي	ريزي	_	_
50	درسی	درسي	درسي	_	_
51	،	،	،	_	_
52	زبان	زبان	زبان	_	_
53	و	و	و	_	_
54	ادبیات	ادبي	ادبيات	_	_
55	عرب	عرب	عرب	_	_
56	،	،	،	_	_
57	مشاوره	مشاوره	مشاوره	_	_
58	،	،	،	_	_
59	زبانشناسی	زبانشناسي	زبانشناسي	_	_
60	همگانی	همگاني	همگاني	_	_
61	،	،	،	_	_
62	کامپیوتر-	کامپيوتر-	کامپيوتر-	_	_
63	نرم	نر	نرم	_	_
64	افزار	افزار	افزار	_	_
65	آمار	آمار	آمار	_	_
66	،	،	،	_	_
67	کامپیوتر-	کامپيوتر-	کامپيوتر-	_	_
68	معماری	معماري	معماري	_	_
69	کامپیوتر	کامپيو	کامپيوتر	_	_
70	،	،	،	_	_
71	ریاضی-	رياضي-	رياضي-	_	_
72	آنالیز	آناليز	آناليز	_	_
73	،	،	،	_	_
74	ریاضی-	رياضي-	رياضي-	_	_
75	جبر	جبر	جبر	_	_
76	،	،	،	_	_
77	زمین	زمين	زمين	_	_
78	شناسی-	شناسي-	شناسي-	_	_
79	چینه	چينه	چينه	_	_
80	و	و	و	_	_
81	فسیل	فسيل	فسيل	_	_
82	شناسی	شناسي	شناسي	_	_
83	و	و	و	_	_
84	میکروبیولوژی	ميکروبيولوژي	ميکروبيولوژي	_	_
85	دانشجوی	دانشجوي	دانشجوي	_	_
86	دکترا	دكترا	دكترا	_	_
87	می‌پذیرد	مي‌پذيرد	مي‌پذيرد	_	_
88	.	.	.	_	_

0	کسب	كسب	كسب	_	_
1	حد	حد	حد	_	_
2	نصاب	نصاب	نصاب	_	_
3	لازم	لازم	لازم	_	_
4	در	در	در	_	_
5	آزمون	آزمون	آزمون	_	_
6	ورودی	ورودي	ورودي	_	_
7	به	به	به	_	_
8	دوره‌ی	دوره‌ي	دوره‌ي	_	_
9	دکتری	دكتري	دكتري	_	_
10	از	از	از	_	_
11	دیگر	ديگر	ديگر	_	_
12	شرایط	شرايط	شرايط	_	_
13	ثبت	ثبت	ثبت	_	_
14	نام	نا	نام	_	_
15	است	است		_	_
16	.	.	.	_	_

0	دانشگاه	دانشگاه	دانشگاه	_	_
1	غیر	غير	غير	_	_
2	مجاز	مجاز	مجاز	_	_
3	هاوایی	هاوايي	هاوايي	_	_
4	در	در	در	_	_
5	سال	سال	سال	_	_
6	‌		‌	_	_
7	۱۳۷۲	1372	1372	_	_
8	تاسیس	تاسيس	تاسيس	_	_
9	شد	شد	شد	_	_
10	و	و	و	_	_
11	۵۰۰	500	500	_	_
12	فارغ‌التحصیل	فارغ‌التحصيل	فارغ‌التحصيل	_	_
13	بود	بود	بود	_	_
14	که	كه	كه	_	_
15	همگی	همگي	همگي	_	_
16	آنها	آن	آن	_	_
17	شناسایی	شناسايي	شناسايي	_	_
18	شده‌اند	شده‌اند	شد	_	_
19	و	و	و	_	_
20	براساس	براساس	براساس	_	_
21	کیفرخواست	كيفرخواس	كيفرخواست	_	_
22	حبس	حبس	حبس	_	_
23	تعزیری	تعزيري	تعزيري	_	_
24	(	(	(	_	_
25	بازدارنده	بازدارنده	بازدارنده	_	_
26	)	)	)	_	_
27	به	به	به	_	_
28	اتهام	اتهام	اتهام	_	_
29	کلاهبرداری	کلاهبرداري	کلاهبرداري	_	_
30	تبرئه	تبرئه	تبرئه	_	_
31	شده	شده	شده	_	_
32	و	و	و	_	_
33	حکم	حک	حکم	_	_
34	۳	3	3	_	_
35	سال	سال	سال	_	_
36	وی	وي	وي	_	_
37	نیز	نيز	نيز	_	_
38	نقض	نقض	نقض	_	_
39	شده‌است	شده‌است	شد	_	_
40	.	.	.	_	_
41	در	در	در	_	_
42	صورت	صور	صورت	_	_
43	ضرورت	ضرورت	ضرورت	_	_
44	اسامی	اسامي	اسامي	_	_
45	فارغ‌التحصیلان	فارغ‌التحصيل	فارغ‌التحصيلان	_	_
46	ذی	ذي	ذي	_	_
47	نفع	نفع	نفع	_	_
48	منتشر	منتشر	منتشر	_	_
49	می‌شود	مي‌شود	مي‌شود	_	_
50	.	.	.	_	_

0	تبعات	تبع	تبعات	_	_
1	منفی	منفي	منفي	_	_
2	زیادی	زيادي	زيادي	_	_
3	به	به	به	_	_
4	دنبال	دنبال	دنبال	_	_
5	خواهد‌داشت	خواهد‌دا	داشت	_	_
6	.	.	.	_	_

0	سلام	سلام	سلام	_	_
1	به	به	به	_	_
2	همه	همه	همه	_	_
3	ی		ی	_	_
4	مردم	مرد	مردم	_	_
5	ایران	ایران	ایران	_	_
6	که	که	که	_	_
7	خوش	خو	خوش	_	_
8	اخلاق	اخلاق	اخلاق	_	_
9	هستند	هستند		_	_
10	.	.	.	_	_

0	پلنگی	پلنگ	پلنگ	_	_
1	با	با	با	_	_
2	پوستی	پوست	پوست	_	_
3	راه	راه	راه	_	_
4	راه	راه	راه	_	_
5	دیدم	دید	دید	_	_
6	که	که	که	_	_
7	تند	تند	تند	_	_
8	تند	تند	تند	_	_
9	می	می	می	_	_
10	دوید	دوید	دوید	_	_
11	و	و	و	_	_
12	من	من	من	_	_
13	ترسیدم	ترسید	ترسید	_	_
14	و	و	و	_	_
15	گفتم	گفت	گفت	_	_
16	وااای	وااا	وااای	_	_
17	.	.	.	_	_

0	محصولاتی	محصولاتي	محصولاتي	_	_
1	نظیر	نظير	نظير	_	_
2	پلاستیک	پلاستيك	پلاستيك	_	_
3	،	،	،	_	_
4	دارو	دارو	دارو	_	_
5	،	،	،	_	_
6	موادشوینده	موادشوينده	موادشوينده	_	_
7	و	و	و	_	_
8	سوخت‌ها	سوخت	سوخت	_	_
9	در	در	در	_	_
10	واحدهای	واحدهاي	واحدهاي	_	_
11	عملی	عملي	عملي	_	_
12	استفاده	استفاده	استفاده	_	_
13	می	مي	مي	_	_
14	کنند	كنند	كنند	_	_
15	و	و	و	_	_
16	همچنین	همچنين	همچنين	_	_
17	برای	براي	براي	_	_
18	بالابردن	بالابردن	بالابردن	_	_
19	تولید	توليد	توليد	_	_
20	برنامه‌ریزی	برنامه‌ريزي	برنامه‌ريزي	_	_
21	می‌کند	مي‌كند	مي‌كند	_	_
22	.	.	.	_	_

0	انرژی	انرژي	انرژي	_	_
1	هسته‌ای	هسته‌اي	هسته‌اي	_	_
2	،	،	،	_	_
3	صنایع	صنايع	صنايع	_	_
4	غذایی	غذايي	غذايي	_	_
5	،	،	،	_	_
6	توسعه‌ی	توسعه‌ي	توسعه‌ي	_	_
7	منابع	منابع	منابع	_	_
8	جدید	جديد	جديد	_	_
9	انرژی	انرژي	انرژي	_	_
10	،	،	،	_	_
11	تحقیقات	تحقيق	تحقيقات	_	_
12	،	،	،	_	_
13	مدیریت	مديري	مديريت	_	_
14	،	،	،	_	_
15	پردازش	پردازش	پردازش	_	_
16	داده‌ها	داده	داده	_	_
17	و	و	و	_	_
18	میزان	ميز	ميزان	_	_
19	و	و	و	_	_
20	بازار	بازار	بازار	_	_
21	فروش	فرو	فروش	_	_
22	از	از	از	_	_
23	دیگر	ديگر	ديگر	_	_
24	زمینه‌های	زمينه‌هاي	زمينه‌هاي	_	_
25	فعالیت	فعالي	فعاليت	_	_
26	مهندسان	مهندس	مهندس	_	_
27	شیمی	شيمي	شيمي	_	_
28	می‌باشد	مي‌باشد	مي‌باشد	_	_
29	.	.	.	_	_

0	اما	اما	اما	_	_
1	قواغنین	قواغنين	قواغنين	_	_
2	دست	دست	دست	_	_
3	و	و	و	_	_
4	پاگیر	پاگير	پاگير	_	_
5	دانشگاه	دانشگاه	دانشگاه	_	_
6	قم	قم	قم	_	_
7	،	،	،	_	_
8	چون	چون	چون	_	_
9	همیشه	هميشه	هميشه	_	_
10	انگیزه	انگيزه	انگيزه	_	_
11	ها		ها	_	_
12	و	و	و	_	_
13	اراده‌ها	اراده	اراده	_	_
14	را	را	را	_	_
15	سرد	سرد	سرد	_	_
16	و	و	و	_	_
17	بی	بي	بي	_	_
18	رمق	رمق	رمق	_	_
19	می‌نماید	مي‌نمايد	مي‌نمايد	_	_
20	.	.	.	_	_

0	ترافیک	ترافیک	ترافیک	_	_
1	شدید	شدید	شدید	_	_
2	در	در	در	_	_
3	اتوبان	اتوبان	اتوبان	_	_
4	چمران	چمران	چمران	_	_
5	بسیار	بسیار	بسیار	_	_
6	آزار	آزار	آزار	_	_
7	دهنده	دهنده	دهنده	_	_
8	بود	بود	بود	_	_
9	.	.	.	_	_

0	آهنگی	آهنگ	آهنگ	_	_
1	شنیدم	شنید	شنید	_	_
2	که	که	که	_	_
3	خواننده	خواننده	خواننده	_	_
4	با	با	با	_	_
5	صدایی	صدا	صدا	_	_
6	زیبا	زیبا	زیبا	_	_
7	و	و	و	_	_
8	رسا	رسا	رسا	_	_
9	آن	آن	آن	_	_
10	را	را	را	_	_
11	میخواند	میخواند	میخواند	_	_
12	.	.	.	_	_

0	دختری	دختر	دختر	_	_
1	با	با	با	_	_
2	کفشهای	کفش	کفش	_	_
3	کتانی	کتان	کتان	_	_
4	دیدم	دید	دید	_	_
5	که	که	که	_	_
6	سبزیجات	سبزیجات	سبزیجات	_	_
7	میخورد	میخورد	میخورد	_	_
8	.	.	.	_	_

0	واحد	واحد	واحد	_	_
1	مرکزی	مرکز	مرکزی	_	_
2	خبر	خبر	خبر	_	_
3	اخبار	اخبار	اخبار	_	_
4	جدیدی	جدید	جدید	_	_
5	را	را	را	_	_
6	مخابره	مخابره	مخابره	_	_
7	کرد	کرد	کرد	_	_
8	.	.	.	_	_

0	چرا	چرا	چرا	_	_
1	لباسهای	لباس	لباس	_	_
2	خواهرت	خواهر	خواهر	_	_
3	را	را	را	_	_
4	اتو	اتو	اتو	_	_
5	نکردی	نکرد	کرد	_	_
6	؟	؟	؟	_	_

0	دشمنان	دشمن	دشمن	_	_
1	ایران	ایران	ایران	_	_
2	در	در	در	_	_
3	همه	همه	همه	_	_
4	نقاط	نقاط	نقاط	_	_
5	جهان	جهان	جهان	_	_
6	پراکننده	پراکننده	پراکننده	_	_
7	هستند	هستند		_	_
8	.	.	.	_	_

0	گروه	گروه	گروه	_	_
1	بزرگ	بزرگ	بزرگ	_	_
2	موسیقیایی	موسیقیایی	موسیقیایی	_	_
3	پاپ	پاپ	پاپ	_	_
4	راک	راک	راک	_	_
5	در	در	در	_	_
6	کابل	کابل	کابل	_	_
7	کنسرت	کنسرت	کنسرت	_	_
8	خواهند‌داشت	خواهند‌دا	داشت	_	_
9	.	.	.	_	_

0	دیشب	دیشب	دیشب	_	_
1	برنامه	برنامه	برنامه	_	_
2	۹۰	۹۰	۹۰	_	_
3	به	به	به	_	_
4	علت	علت	علت	_	_
5	سو	سو	سو	_	_
6	تفاهم	تفاهم	تفاهم	_	_
7	بین	بین	بین	_	_
8	دست	دست	دست	_	_
9	اندر	اندر	اندر	_	_
10	کاران	کار	کار	_	_
11	پخش	پخ	پخش	_	_
12	نشد	نشد	شد	_	_
13	.	.	.	_	_

0	ستارگان	ستارگان	ستارگان	_	_
1	سینمای	سینما	سینما	_	_
2	هالیوود	هالیوود	هالیوود	_	_
3	بسیار	بسیار	بسیار	_	_
4	پر	پر	پر	_	_
5	درآمد	درآمد	درآمد	_	_
6	هستند	هستند		_	_
7	.	.	.	_	_

0	سیستم	سیس	سیستم	_	_
1	کامپیوتری	کامپیوتر	کامپیوتری	_	_
2	شرکتهای	شرکت	شرکت	_	_
3	ایرانی	ایران	ایران	_	_
4	قوی	قو	قوی	_	_
5	نیست	نیست	نیست	_	_
6	.	.	.	_	_

0	خواهرم	خواهر	خواهر	_	_
1	به	به	به	_	_
2	مغازه	مغازه	مغازه	_	_
3	رفت	رف	رفت	_	_
4	و	و	و	_	_
5	شکلات	شکل	شکلات	_	_
6	و	و	و	_	_
7	آبنبات	آبنب	آبنبات	_	_
8	خرید	خرید	خرید	_	_
9	.	.	.	_	_

0	او	او	او	_	_
1	به	به	به	_	_
2	من	من	من	_	_
3	نگاه	نگاه	نگاه	_	_
4	خیلی	خیل	خیلی	_	_
5	سنگینی	سنگین	سنگین	_	_
6	کرد	کرد	کرد	_	_
7	.	.	.	_	_

0	من	من	من	_	_
1	به	به	به	_	_
2	معلمم	معلم	معلم	_	_
3	که	که	که	_	_
4	دست	دست	دست	_	_
5	به	به	به	_	_
6	سینه	سینه	سینه	_	_
7	ایستاده‌بود	ایستاده‌بود	ایستاد	_	_
8	نگاه	نگاه	نگاه	_	_
9	بدی	بد	بدی	_	_
10	کردم	کرد	کرد	_	_
11	.	.	.	_	_

0	طلاب	طلاب	طلاب	_	_
1	حوزه	حوزه	حوزه	_	_
2	ی		ی	_	_
3	عملیه	عملیه	عملیه	_	_
4	قم	قم	قم	_	_
5	بسیار	بسیار	بسیار	_	_
6	پر	پر	پر	_	_
7	کار	کار	کار	_	_
8	و	و	و	_	_
9	سخت	سخت	سخت	_	_
10	کوش	کو	کو	_	_
11	هستند	هستند		_	_
12	.	.	.	_	_

0	رانندگی	رانندگی	رانندگی	_	_
1	با	با	با	_	_
2	سرعت	سرعت	سرعت	_	_
3	بالا	بالا	بالا	_	_
4	برای	برای	برای	_	_
5	سر	سر	سر	_	_
6	نشینان	نشین	نشینان	_	_
7	و	و	و	_	_
8	راننده	راننده	راننده	_	_
9	خطر	خطر	خطر	_	_
10	ناک	ناک	ناک	_	_
11	است	است		_	_
12	.	.	.	_	_

0	سه	سه	سه	_	_
1	ماه	ماه	ماه	_	_
2	مانده	مانده	مانده	_	_
3	به	به	به	_	_
4	جشنواره	جشنواره	جشنواره	_	_
5	فیلم	فیل	فیلم	_	_
6	فجر	فجر	فجر	_	_
7	بعضی	بعض	بعضی	_	_
8	از	از	از	_	_
9	کار	کار	کار	_	_
10	گر	گر	گر	_	_
11	دانان	دان	دانان	_	_
12	فیلمهای	فیلم	فیلم	_	_
13	خود	خود	خود	_	_
14	را	را	را	_	_
15	به	به	به	_	_
16	کمیته	کمیته	کمیته	_	_
17	داوران	داور	داور	_	_
18	تحویل	تحویل	تحویل	_	_
19	دادند	دادند	داد	_	_
20	.	.	.	_	_

0	موسم	موسم	موسم	_	_
1	بهاران	بهار	بهاران	_	_
2	هوای	هوا	هوا	_	_
3	شمال	شمال	شمال	_	_
4	شهر	شهر	شهر	_	_
5	تهران	تهران	تهران	_	_
6	بسیار	بسیار	بسیار	_	_
7	دل	دل	دل	_	_
8	ربا	ربا	ربا	_	_
9	میشود	میشود	میشود	_	_
10	.	.	.	_	_

0	یکی	یک	یک	_	_
1	از	از	از	_	_
2	آثار	آثار	آثار	_	_
3	بشدت	بشد	بشدت	_	_
4	دوست	دوست	دوست	_	_
5	داشتنی	داشتن	داشتن	_	_
6	جیم	جی	جیم	_	_
7	جارموش	جارمو	جارموش	_	_
8	که	که	که	_	_
9	تماما	تماما	تماما	_	_
10	حول	حول	حول	_	_
11	محور	محور	محور	_	_
12	گفتگو	گفتگو	گفتگو	_	_
13	،	،	،	_	_
14	سیگار	سیگار	سیگار	_	_
15	و	و	و	_	_
16	قهوه	قهوه	قهوه	_	_
17	میگردد	میگردد	میگردد	_	_
18	و	و	و	_	_
19	ادای	ادا	ادا	_	_
20	دین	دِ	دِین	_	_
21	جیم	جی	جیم	_	_
22	به	به	به	_	_
23	این	این	این	_	_
24	دو	دو	دو	_	_
25	عزیز	عزیز	عزیز	_	_
26	است	است		_	_
27	.	.	.	_	_

0	صداوسیمای	صداوسیما	صداوسیما	_	_
1	جمهوری	جمهور	جمهوری	_	_
2	اسلامی	اسلام	اسلام	_	_
3	ایران	ایران	ایران	_	_
4	برنامههای	برنامه	برنامه	_	_
5	جالبی	جالب	جالب	_	_
6	ندارد	ندارد	داشت	_	_
7	.	.	.	_	_
8	پرداخت	پرداخت	پرداخت	_	_
9	قبض	قبض	قبض	_	_
10	به	به	به	_	_
11	صورت	صور	صورت	_	_
12	الکترونیکی	الکترونیک	الکترونیک	_	_
13	هزینه	هزینه	هزینه	_	_
14	آبونمان	آبونمان	آبونمان	_	_
15	را	را	را	_	_
16	کاهش	کاه	کاهش	_	_
17	بسزایی	بسزا	بسزایی	_	_
18	میدهد	میدهد	میدهد	_	_
19	.	.	.	_	_
20	آشپزی	آشپز	آشپز	_	_
21	در	در	در	_	_
22	رستوران	رستوران	رستوران	_	_
23	هنگام	هنگام	هنگام	_	_
24	پخت	پخ	پخت	_	_
25	غذا	غذا	غذا	_	_
26	دستش	دست	دست	_	_
27	سوخت	سوخت	سوخت	_	_
28	.	.	.	_	_
29	ماشین	ما	ماشین	_	_
30	آلات	آل	آلات	_	_
31	چینی	چین	چینی	_	_
32	کیفیت	کیف	کیفیت	_	_
33	مرغوبی	مرغوب	مرغوب	_	_
34	ندارند	ندارند	داشت	_	_
35	.	.	.	_	_

0	کردستان	کردستان	کردستان	_	_
1	سرزمینی	سرزمین	سرزمین	_	_
2	بسیار	بسیار	بسیار	_	_
3	دل	دل	دل	_	_
4	فریب	فریب	فریب	_	_
5	میباشد	میباشد	میباشد	_	_
6	.	.	.	_	_
7	الهی	اله	اله	_	_
8	جانتان	جان	جان	_	_
9	سلامت	سلام	سلامت	_	_
10	و	و	و	_	_
11	تن	تن	تن	_	_
12	درست	درس	درست	_	_
13	باشد	باشد	بود	_	_
14	.	.	.	_	_
15	البسه	البسه	البسه	_	_
16	خودتان	خود	خود	_	_
17	را	را	را	_	_
18	با	با	با	_	_
19	اتو	اتو	اتو	_	_
20	صاف	صاف	صاف	_	_
21	کنید	کنید	کرد	_	_
22	.	.	.	_	_
23	بیماران	بیمار	بیمار	_	_
24	قبلی	قبل	قبل	_	_
25	و	و	و	_	_
26	عروقی	عروق	عروق	_	_
27	در	در	در	_	_
28	بیمارستان	بیمارستان	بیمارستان	_	_
29	آبان	آب	آبان	_	_
30	بستری	بستر	بستری	_	_
31	شدند	شدند	شد	_	_
32	.	.	.	_	_
33	سامان	سام	سامان	_	_
34	پسری	پسر	پسر	_	_
35	هنرمند	هنرمند	هنرمند	_	_
36	او	او	او	_	_
37	موسیقی	موسیقی	موسیقی	_	_
38	دان	د	دان	_	_
39	است	است		_	_
40	.	.	.	_	_
41	مجمع	مجمع	مجمع	_	_
42	عمومی	عموم	عموم	_	_
43	و	و	و	_	_
44	انتخابات	انتخاب	انتخابات	_	_
45	شورای	شورا	شورا	_	_
46	مرکزی	مرکز	مرکزی	_	_
47	و	و	و	_	_
48	بازرسین	بازرس	بازرسین	_	_
49	جامعه	جامعه	جامعه	_	_
50	دانش‌آموختگان	دانش‌آموختگ	دانش‌آموختگان	_	_
51	دانشگاه	دانشگاه	دانشگاه	_	_
52	ظرف	ظرف	ظرف	_	_
53	ماه	ماه	ماه	_	_
54	آتی	آتی	آتی	_	_
55	برگزار	برگزار	برگزار	_	_
56	میشود	میشود	میشود	_	_
57	.	.	.	_	_

