0	﻿دانشکده	﻿دانشکده	﻿دانشکده	_	_
1	مدیریت	مدیریت	مدیریت	_	_
2	دانشگاه	دانشگاه	دانشگاه	_	_
3	تهران	تهران	تهران	_	_
4	؛	؛	؛	_	_
5	داده	داده	داده	_	_
6	کاوی	کاو	کاو	_	_
7	چیست	چیست	چیست	_	_
8	و	و	و	_	_
9	چه	چه	چه	_	_
10	فایده	فایده	فایده	_	_
11	ای	ای	ای	_	_
12	دارد	دارد	داشت	_	_
13	؟	؟	؟	_	_

0	داده	داده	داده	_	_
1	کاوی	کاو	کاو	_	_
2	علم	علم	علم	_	_
3	و	و	و	_	_
4	فنی	فن	فن	_	_
5	است	است		_	_
6	که	که	که	_	_
7	در	در	در	_	_
8	سالهای	سالهای	سالهای	_	_
9	اخیر	اخیر	اخیر	_	_
10	و	و	و	_	_
11	با	با	با	_	_
12	گسترش	گسترش	گسترش	_	_
13	استفاده	استفاده	استفاده	_	_
14	از	از	از	_	_
15	فناوری	فناوری	فناوری	_	_
16	اطلاعات	اطلاع	اطلاعات	_	_
17	و	و	و	_	_
18	سیستم	سیس	سیستم	_	_
19	های		های	_	_
20	اطلاعاتی	اطلاعات	اطلاعات	_	_
21	مورد	مورد	مورد	_	_
22	توجه	توجه	توجه	_	_
23	سازمان	سازمان	سازمان	_	_
24	ها		ها	_	_
25	قرار	قرار	قرار	_	_
26	گرفت	گرفت	گرفت	_	_
27	.	.	.	_	_

0	داده	داده	داده	_	_
1	کاوی	کاو	کاو	_	_
2	کاربردهای	کاربرد	کاربرد	_	_
3	مختلفی	مختلف	مختلف	_	_
4	برای	برای	برای	_	_
5	سازمان	سازمان	سازمان	_	_
6	ها		ها	_	_
7	دارد	دارد	داشت	_	_
8	و	و	و	_	_
9	می	می	می	_	_
10	تواند	تواند	توانست	_	_
11	برای	برای	برای	_	_
12	شرکت	شرک	شرکت	_	_
13	ها		ها	_	_
14	در	در	در	_	_
15	زمینه	زمینه	زمینه	_	_
16	های		های	_	_
17	مهمی	مهم	مهم	_	_
18	مثل	مثل	مثل	_	_
19	بازاریابی	بازاریاب	بازاریابی	_	_
20	و	و	و	_	_
21	فروش	فرو	فروش	_	_
22	بسیار	بسیار	بسیار	_	_
23	راهگشا	راهگشا	راهگشا	_	_
24	و	و	و	_	_
25	مفید	مفید	مفید	_	_
26	باشد	باشد	بود	_	_
27	.	.	.	_	_

0	در	در	در	_	_
1	ادامه	ادامه	ادامه	_	_
2	با	با	با	_	_
3	مفهوم	مفهوم	مفهوم	_	_
4	داده	داده	داده	_	_
5	و	و	و	_	_
6	اطلاعات	اطلاع	اطلاعات	_	_
7	آشنا	آشنا	آشنا	_	_
8	میشویم	میشو	میشویم	_	_
9	و	و	و	_	_
10	سپس	سپس	سپس	_	_
11	با	با	با	_	_
12	معنای	معنا	معنا	_	_
13	داده	داده	داده	_	_
14	کاوی	کاو	کاو	_	_
15	و	و	و	_	_
16	کاربردهای	کاربرد	کاربرد	_	_
17	آن	آن	آن	_	_
18	بیشتر	بی	بیشتر	_	_
19	آشنا	آشنا	آشنا	_	_
20	خواهیم‌شد	خواهیم‌شد	شد	_	_
21	:	:	:	_	_
22	داده	داده	داده	_	_
23	با	با	با	_	_
24	اطلاعات	اطلاع	اطلاعات	_	_
25	چه	چه	چه	_	_
26	فرقی	فرق	فرق	_	_
27	دارد	دارد	داشت	_	_
28	؟	؟	؟	_	_

0	بسیاری	بسیار	بسیار	_	_
1	از	از	از	_	_
2	مردم	مرد	مردم	_	_
3	به	به	به	_	_
4	اشتباه	اشتباه	اشتباه	_	_
5	می	می	می	_	_
6	پندارند	پندارند	پندارند	_	_
7	که	که	که	_	_
8	داده	داده	داده	_	_
9	با	با	با	_	_
10	اطلاعات	اطلاع	اطلاعات	_	_
11	تفاوت	تفاوت	تفاوت	_	_
12	ندارد	ندارد	داشت	_	_
13	و	و	و	_	_
14	عموما	عموما	عموما	_	_
15	این	این	این	_	_
16	دو	دو	دو	_	_
17	واژه	واژه	واژه	_	_
18	را	را	را	_	_
19	به	به	به	_	_
20	جای	جا	جای	_	_
21	هم	هم	هم	_	_
22	استفاده	استفاده	استفاده	_	_
23	می	می	می	_	_
24	کنند	کنند	کرد	_	_
25	.	.	.	_	_

0	داده	داده	داده	_	_
1	می	می	می	_	_
2	تواند	تواند	توانست	_	_
3	هر	هر	هر	_	_
4	نوع	نوع	نوع	_	_
5	از	از	از	_	_
6	کاراکتر	کاراک	کاراکتر	_	_
7	شامل	شامل	شامل	_	_
8	متن	متن	متن	_	_
9	،	،	،	_	_
10	عدد	عدد	عدد	_	_
11	،	،	،	_	_
12	کلمه	کلمه	کلمه	_	_
13	،	،	،	_	_
14	صدا	صدا	صدا	_	_
15	و	و	و	_	_
16	تصویر	تصویر	تصویر	_	_
17	باشد	باشد	بود	_	_
18	و	و	و	_	_
19	در	در	در	_	_
20	صورتی	صورت	صورت	_	_
21	که	که	که	_	_
22	توسط	توسط	توسط	_	_
23	انسان	انس	انسان	_	_
24	مشاهده	مشاهده	مشاهده	_	_
25	شود	شود	شد	_	_
26	لزوما	لزوما	لزوما	_	_
27	معنای	معنا	معنا	_	_
28	خاصی	خاص	خاص	_	_
29	هم	هم	هم	_	_
30	در	در	در	_	_
31	بر	بر	بر	_	_
32	نخواهد‌داشت	نخواهد‌دا	داشت	_	_
33	.	.	.	_	_

0	داده	داده	داده	_	_
1	ها		ها	_	_
2	عموما	عموما	عموما	_	_
3	خام	خام	خام	_	_
4	،	،	،	_	_
5	دسته	دسته	دسته	_	_
6	بندی	بند	بست	_	_
7	و	و	و	_	_
8	طبقه	طبقه	طبقه	_	_
9	بندی	بند	بست	_	_
10	نشده	نشده	شد	_	_
11	هستند	هستند		_	_
12	و	و	و	_	_
13	در	در	در	_	_
14	صورتی	صورت	صورت	_	_
15	که	که	که	_	_
16	بخواهیم	بخواه	خواست	_	_
17	از	از	از	_	_
18	آنها	آن	آن	_	_
19	به	به	به	_	_
20	صورت	صور	صورت	_	_
21	مستقیم	مستقیم	مستقیم	_	_
22	استفاده	استفاده	استفاده	_	_
23	کنیم	کنیم	کرد	_	_
24	عموما	عموما	عموما	_	_
25	بی	بی	بی	_	_
26	فایده	فایده	فایده	_	_
27	خواهد‌بود	خواهد‌بود	بود	_	_
28	.	.	.	_	_

0	حال	حال	حال	_	_
1	آنکه	آنکه	آنکه	_	_
2	پس	پس	پس	_	_
3	از	از	از	_	_
4	طبقه	طبقه	طبقه	_	_
5	بندی	بند	بست	_	_
6	،	،	،	_	_
7	دسته	دسته	دسته	_	_
8	بندی	بند	بست	_	_
9	و	و	و	_	_
10	ساختاردهی	ساختارده	ساختاردهی	_	_
11	به	به	به	_	_
12	داده	داده	داده	_	_
13	ها		ها	_	_
14	اطلاعات	اطلاع	اطلاعات	_	_
15	به	به	به	_	_
16	وجود	وجود	وجود	_	_
17	می	می	می	_	_
18	آید	آید	آمد	_	_
19	.	.	.	_	_

0	می	می	می	_	_
1	توان	تو	توان	_	_
2	از	از	از	_	_
3	داده	داده	داده	_	_
4	ها		ها	_	_
5	برای	برای	برای	_	_
6	تصمیم	تصمیم	تصمیم	_	_
7	گیری	گیر	گرفت	_	_
8	و	و	و	_	_
9	یا	یا	یا	_	_
10	ایجاد	ایجاد	ایجاد	_	_
11	دانش	دانش	دانش	_	_
12	در	در	در	_	_
13	مورد	مورد	مورد	_	_
14	یک	یک	یک	_	_
15	مقوله	مقوله	مقوله	_	_
16	استفاده	استفاده	استفاده	_	_
17	کرد	کرد	کرد	_	_
18	.	.	.	_	_

0	اطلاعات	اطلاع	اطلاعات	_	_
1	عموما	عموما	عموما	_	_
2	برای	برای	برای	_	_
3	کاربر	کاربر	کاربر	_	_
4	مفهوم	مفهوم	مفهوم	_	_
5	دارد	دارد	داشت	_	_
6	و	و	و	_	_
7	قابل	قابل	قابل	_	_
8	استفاده	استفاده	استفاده	_	_
9	است	است		_	_
10	.	.	.	_	_

0	مثال	مثال	مثال	_	_
1	:	:	:	_	_
2	تاریخ	تاریخ	تاریخ	_	_
3	دمای	دما	دما	_	_
4	سراسر	سراسر	سراسر	_	_
5	جهان	جهان	جهان	_	_
6	در	در	در	_	_
7	صد	صد	صد	_	_
8	سال	سال	سال	_	_
9	گذشته	گذشته	گذشته	_	_
10	داده‌است	داده‌است	داد	_	_
11	،	،	،	_	_
12	حال	حال	حال	_	_
13	آنکه	آنکه	آنکه	_	_
14	روند	روند	روند	_	_
15	افزایش	افزایش	افزایش	_	_
16	یا	یا	یا	_	_
17	کاهش	کاه	کاهش	_	_
18	دما	دما	دما	_	_
19	در	در	در	_	_
20	این	این	این	_	_
21	سالها	سال	سال	_	_
22	یک	یک	یک	_	_
23	اطلاعات	اطلاع	اطلاعات	_	_
24	است	است		_	_
25	.	.	.	_	_

0	نمرات	نمرات	نمرات	_	_
1	دانشجویان	دانشجو	دانشجو	_	_
2	یک	یک	یک	_	_
3	کلاس	کلاس	کلاس	_	_
4	داده‌است	داده‌است	داد	_	_
5	،	،	،	_	_
6	اما	اما	اما	_	_
7	ترتیب	ترتیب	ترتیب	_	_
8	نمرات	نمرات	نمرات	_	_
9	،	،	،	_	_
10	میانگین	میانگین	میانگین	_	_
11	،	،	،	_	_
12	و	و	و	_	_
13	ارتباط	ارتباط	ارتباط	_	_
14	نمره	نمره	نمره	_	_
15	این	این	این	_	_
16	درس	درس	درس	_	_
17	با	با	با	_	_
18	معدل	معدل	معدل	_	_
19	دانشجو	دانشجو	دانشجو	_	_
20	یا	یا	یا	_	_
21	یک	یک	یک	_	_
22	درس	درس	درس	_	_
23	دیگر	دیگر	دیگر	_	_
24	یک	یک	یک	_	_
25	نمونه	نمونه	نمونه	_	_
26	از	از	از	_	_
27	اطلاعات	اطلاع	اطلاعات	_	_
28	است	است		_	_
29	.	.	.	_	_

0	انبوه	انبوه	انبوه	_	_
1	داده	داده	داده	_	_
2	بلای	بلا	بلا	_	_
3	جان	جان	جان	_	_
4	سازمان	سازمان	سازمان	_	_
5	ها		ها	_	_
6	یک	یک	یک	_	_
7	کسب	کسب	کسب	_	_
8	و	و	و	_	_
9	کار	کار	کار	_	_
10	فرضی	فرض	فرضی	_	_
11	فعال	فعال	فعال	_	_
12	در	در	در	_	_
13	زمینه	زمینه	زمینه	_	_
14	فروش	فرو	فروش	_	_
15	را	را	را	_	_
16	در	در	در	_	_
17	نظر	نظر	نظر	_	_
18	بگیرید	بگیرید	گرفت	_	_
19	،	،	،	_	_
20	این	این	این	_	_
21	سازمان	سازمان	سازمان	_	_
22	هر	هر	هر	_	_
23	روز	روز	روز	_	_
24	صدها	صد	صد	_	_
25	مورد	مورد	مورد	_	_
26	فروش	فرو	فروش	_	_
27	را	را	را	_	_
28	از	از	از	_	_
29	دهها	ده	ده	_	_
30	مشتری	مشتری	مشتری	_	_
31	ثبت	ثبت	ثبت	_	_
32	می	می	می	_	_
33	کند	کند	کند	_	_
34	،	،	،	_	_
35	تمام	تمام	تمام	_	_
36	داده	داده	داده	_	_
37	های		های	_	_
38	مربوط	مربوط	مربوط	_	_
39	به	به	به	_	_
40	یک	یک	یک	_	_
41	خرید	خرید	خرید	_	_
42	از	از	از	_	_
43	جمله	جمله	جمله	_	_
44	نام	نا	نام	_	_
45	و	و	و	_	_
46	قیمت	قیم	قیمت	_	_
47	و	و	و	_	_
48	دسته	دسته	دسته	_	_
49	کالاها	کالا	کالا	_	_
50	و	و	و	_	_
51	اطلاعات	اطلاع	اطلاعات	_	_
52	مربوط	مربوط	مربوط	_	_
53	به	به	به	_	_
54	خریدار	خریدار	خریدار	_	_
55	را	را	را	_	_
56	ثبت	ثبت	ثبت	_	_
57	می	می	می	_	_
58	کند	کند	کند	_	_
59	.	.	.	_	_

0	پس	پس	پس	_	_
1	از	از	از	_	_
2	گذشت	گذ	گذشت	_	_
3	مدتی	مدت	مدت	_	_
4	این	این	این	_	_
5	سازمان	سازمان	سازمان	_	_
6	انبوهی	انبوه	انبوه	_	_
7	از	از	از	_	_
8	داده	داده	داده	_	_
9	ها		ها	_	_
10	بی	بی	بی	_	_
11	معنا	معنا	معنا	_	_
12	دارد	دارد	داشت	_	_
13	که	که	که	_	_
14	نمی	نم	نم	_	_
15	تواند	تواند	توانست	_	_
16	از	از	از	_	_
17	آنها	آن	آن	_	_
18	بهره	بهره	بهره	_	_
19	ببرد	ببرد	ببرد	_	_
20	.	.	.	_	_

0	این	این	این	_	_
1	سازمان	سازمان	سازمان	_	_
2	اگر	اگر	اگر	_	_
3	بخواهد	بخواهد	خواست	_	_
4	بفهمد	بفهمد	فهمید	_	_
5	کدام	کدام	کدام	_	_
6	مشتریان	مشتری	مشتری	_	_
7	از	از	از	_	_
8	چه	چه	چه	_	_
9	کالایی	کالا	کالا	_	_
10	بیشتر	بی	بیشتر	_	_
11	خوششان	خوش	خوش	_	_
12	آمده	آمده	آمده	_	_
13	راهی	راه	راه	_	_
14	ندارد	ندارد	داشت	_	_
15	،	،	،	_	_
16	نمی	نم	نم	_	_
17	تواند	تواند	توانست	_	_
18	بفهمد	بفهمد	فهمید	_	_
19	خریداران	خریدار	خریدار	_	_
20	با	با	با	_	_
21	هزینه	هزینه	هزینه	_	_
22	بالا	بالا	بالا	_	_
23	از	از	از	_	_
24	چه	چه	چه	_	_
25	کالایی	کالا	کالا	_	_
26	خرید	خرید	خرید	_	_
27	می	می	می	_	_
28	کنند	کنند	کرد	_	_
29	و	و	و	_	_
30	خریداران	خریدار	خریدار	_	_
31	با	با	با	_	_
32	سبد	سبد	سبد	_	_
33	قیمتی	قیمت	قیمت	_	_
34	پایین	پا	پایین	_	_
35	چه	چه	چه	_	_
36	کالایی	کالا	کالا	_	_
37	را	را	را	_	_
38	می	می	می	_	_
39	پسندند	پسندند	پسندید	_	_
40	؛	؛	؛	_	_
41	نمی	نم	نم	_	_
42	داند	داند	دانست	_	_
43	کدام	کدام	کدام	_	_
44	کالا	کالا	کالا	_	_
45	فروش	فرو	فروش	_	_
46	بهتری	بهتر	بهتر	_	_
47	دارد	دارد	داشت	_	_
48	،	،	،	_	_
49	چه	چه	چه	_	_
50	کالایی	کالا	کالا	_	_
51	در	در	در	_	_
52	انبار	انبار	انبار	_	_
53	می	می	می	_	_
54	ماند	ماند	ماند	_	_
55	،	،	،	_	_
56	چه	چه	چه	_	_
57	کالایی	کالا	کالا	_	_
58	حجم	حج	حجم	_	_
59	سرمایه	سرمایه	سرمایه	_	_
60	سازمان	سازمان	سازمان	_	_
61	را	را	را	_	_
62	درگیر	درگیر	درگیر	_	_
63	می	می	می	_	_
64	کند	کند	کند	_	_
65	و	و	و	_	_
66	در	در	در	_	_
67	یک	یک	یک	_	_
68	کلام	کلام	کلام	_	_
69	:	:	:	_	_
70	از	از	از	_	_
71	میان	می	میان	_	_
72	انبوه	انبوه	انبوه	_	_
73	داده	داده	داده	_	_
74	هیچ	هیچ	هیچ	_	_
75	دانش	دانش	دانش	_	_
76	مفیدی	مفید	مفید	_	_
77	استخراج	استخراج	استخراج	_	_
78	نمی	نم	نم	_	_
79	کند	کند	کند	_	_
80	.	.	.	_	_

0	داده	داده	داده	_	_
1	کاوی	کاو	کاو	_	_
2	چیست	چیست	چیست	_	_
3	؟	؟	؟	_	_

0	سازمان	سازمان	سازمان	_	_
1	ها		ها	_	_
2	برای	برای	برای	_	_
3	تصمیم	تصمیم	تصمیم	_	_
4	گیری	گیر	گرفت	_	_
5	و	و	و	_	_
6	برنامه	برنامه	برنامه	_	_
7	ریزی	ریز	ریخت	_	_
8	به	به	به	_	_
9	اطلاعات	اطلاع	اطلاعات	_	_
10	نیاز	نیاز	نیاز	_	_
11	دارند	دارند	داشت	_	_
12	،	،	،	_	_
13	بخش	بخش	بخش	_	_
14	مهمی	مهم	مهم	_	_
15	از	از	از	_	_
16	این	این	این	_	_
17	اطلاعات	اطلاع	اطلاعات	_	_
18	از	از	از	_	_
19	خود	خود	خود	_	_
20	سازمان	سازمان	سازمان	_	_
21	ناشی	ناشی	ناشی	_	_
22	می	می	می	_	_
23	شود	شود	شد	_	_
24	،	،	،	_	_
25	از	از	از	_	_
26	داده	داده	داده	_	_
27	های		های	_	_
28	قبلی	قبل	قبل	_	_
29	و	و	و	_	_
30	الگوهای	الگو	الگو	_	_
31	عملکرد	عملکرد	عملکرد	_	_
32	سازمان	سازمان	سازمان	_	_
33	استخراج	استخراج	استخراج	_	_
34	می	می	می	_	_
35	شوند	شوند	شد	_	_
36	،	،	،	_	_
37	داده	داده	داده	_	_
38	های		های	_	_
39	خود	خود	خود	_	_
40	سازمان	سازمان	سازمان	_	_
41	نشان	نشان	نشان	_	_
42	دهنده	دهنده	دهنده	_	_
43	رفتار	رفتار	رفتار	_	_
44	مشتریان	مشتری	مشتری	_	_
45	و	و	و	_	_
46	همکاران	همکار	همکار	_	_
47	و	و	و	_	_
48	بیان	بی	بیان	_	_
49	کننده	کننده	کننده	_	_
50	موفقیت	موفقیت	موفقیت	_	_
51	یا	یا	یا	_	_
52	شکست	شکست	شکست	_	_
53	سازمان	سازمان	سازمان	_	_
54	در	در	در	_	_
55	یک	یک	یک	_	_
56	عمل	عمل	عمل	_	_
57	خاص	خاص	خاص	_	_
58	هستند	هستند		_	_
59	.	.	.	_	_

0	برای	برای	برای	_	_
1	استخراج	استخراج	استخراج	_	_
2	اطلاعات	اطلاع	اطلاعات	_	_
3	مفید	مفید	مفید	_	_
4	از	از	از	_	_
5	میان	می	میان	_	_
6	انبوه	انبوه	انبوه	_	_
7	حجم	حج	حجم	_	_
8	داده	داده	داده	_	_
9	های		های	_	_
10	ثبت	ثبت	ثبت	_	_
11	شده	شده	شده	_	_
12	باید	باید	باید	_	_
13	از	از	از	_	_
14	فن	فن	فن	_	_
15	داده	داده	داده	_	_
16	کاوی	کاو	کاو	_	_
17	استفاده	استفاده	استفاده	_	_
18	کرد	کرد	کرد	_	_
19	.	.	.	_	_

0	داده	داده	داده	_	_
1	کاوی	کاو	کاو	_	_
2	فنی	فن	فن	_	_
3	است	است		_	_
4	که	که	که	_	_
5	از	از	از	_	_
6	میان	می	میان	_	_
7	پایگاه	پایگاه	پایگاه	_	_
8	داده	داده	داده	_	_
9	سازمان	سازمان	سازمان	_	_
10	،	،	،	_	_
11	به	به	به	_	_
12	دنبال	دنبال	دنبال	_	_
13	الگوهای	الگو	الگو	_	_
14	پنهان	پنهان	پنهان	_	_
15	در	در	در	_	_
16	میان	می	میان	_	_
17	داده	داده	داده	_	_
18	ها		ها	_	_
19	،	،	،	_	_
20	ارتباط	ارتباط	ارتباط	_	_
21	میان	می	میان	_	_
22	آنها	آن	آن	_	_
23	،	،	،	_	_
24	روند	روند	روند	_	_
25	و	و	و	_	_
26	الگوی	الگو	الگو	_	_
27	آنها	آن	آن	_	_
28	می	می	می	_	_
29	گردد	گردد	گشت	_	_
30	.	.	.	_	_

0	داده	داده	داده	_	_
1	کاوی	کاو	کاو	_	_
2	از	از	از	_	_
3	توابع	توابع	توابع	_	_
4	و	و	و	_	_
5	الگوریتم	الگوریتم	الگوریتم	_	_
6	های		های	_	_
7	پیشرفته	پیشرفته	پیشرفته	_	_
8	ریاضی	ریاض	ریاضی	_	_
9	استفاده	استفاده	استفاده	_	_
10	می	می	می	_	_
11	کند	کند	کند	_	_
12	تا	تا	تا	_	_
13	ارتباط	ارتباط	ارتباط	_	_
14	میان	می	میان	_	_
15	دو	دو	دو	_	_
16	دسته	دسته	دسته	_	_
17	از	از	از	_	_
18	داده	داده	داده	_	_
19	و	و	و	_	_
20	امکان	امکان	امکان	_	_
21	رخ	رخ	رخ	_	_
22	دادن	دادن	دادن	_	_
23	یک	یک	یک	_	_
24	نتیجه	نتیجه	نتیجه	_	_
25	را	را	را	_	_
26	در	در	در	_	_
27	آینده	آینده	آینده	_	_
28	پیش	پی	پیش	_	_
29	بینی	بین	بینی	_	_
30	کند	کند	کند	_	_
31	.	.	.	_	_

0	داده	داده	داده	_	_
1	کاوی	کاو	کاو	_	_
2	چه	چه	چه	_	_
3	کاری	کار	کاشت	_	_
4	می	می	می	_	_
5	تواند	تواند	توانست	_	_
6	انجام	انجام	انجام	_	_
7	دهد	دهد	داد	_	_
8	؟	؟	؟	_	_

0	داده	داده	داده	_	_
1	کاوی	کاو	کاو	_	_
2	عموما	عموما	عموما	_	_
3	توسط	توسط	توسط	_	_
4	سازمان	سازمان	سازمان	_	_
5	های		های	_	_
6	مشتری	مشتری	مشتری	_	_
7	محور	محور	محور	_	_
8	استفاده	استفاده	استفاده	_	_
9	می	می	می	_	_
10	شود	شود	شد	_	_
11	،	،	،	_	_
12	این	این	این	_	_
13	سازمان	سازمان	سازمان	_	_
14	ها		ها	_	_
15	(	(	(	_	_
16	فروشگاه	فروشگاه	فروشگاه	_	_
17	ها		ها	_	_
18	،	،	،	_	_
19	تولید	تولید	تولید	_	_
20	کنندگان	کنندگان	کنندگان	_	_
21	،	،	،	_	_
22	خرده	خرده	خرده	_	_
23	فروشان	فرو	فرو	_	_
24	و	و	و	_	_
25	فروشگاه	فروشگاه	فروشگاه	_	_
26	های		های	_	_
27	اینترنتی	اینترنت	اینترنت	_	_
28	)	)	)	_	_
29	می	می	می	_	_
30	توانند	توانند	توانست	_	_
31	با	با	با	_	_
32	استفاده	استفاده	استفاده	_	_
33	از	از	از	_	_
34	داده	داده	داده	_	_
35	کاوی	کاو	کاو	_	_
36	ارتباط	ارتباط	ارتباط	_	_
37	میان	می	میان	_	_
38	اقدامات	اقدام	اقدامات	_	_
39	خود	خود	خود	_	_
40	و	و	و	_	_
41	عوامل	عوامل	عوامل	_	_
42	درونی	درون	درون	_	_
43	سازمان	سازمان	سازمان	_	_
44	مثل	مثل	مثل	_	_
45	قیمت	قیم	قیمت	_	_
46	کالاها	کالا	کالا	_	_
47	،	،	،	_	_
48	تخفیفات	تخفیف	تخفیف	_	_
49	،	،	،	_	_
50	هزینه	هزینه	هزینه	_	_
51	تبلیغات	تبلیغ	تبلیغات	_	_
52	و	و	و	_	_
53	دیگر	دیگر	دیگر	_	_
54	عوامل	عوامل	عوامل	_	_
55	داخلی	داخل	داخل	_	_
56	را	را	را	_	_
57	با	با	با	_	_
58	عوامل	عوامل	عوامل	_	_
59	بیرونی	بیرون	بیرونی	_	_
60	مثل	مثل	مثل	_	_
61	مشخصات	مشخص	مشخصات	_	_
62	مشتریان	مشتری	مشتری	_	_
63	(	(	(	_	_
64	سن	سن	سن	_	_
65	،	،	،	_	_
66	جنسیت	جنسیت	جنسیت	_	_
67	،	،	،	_	_
68	درآمد	درآمد	درآمد	_	_
69	و	و	و	_	_
70	محل	محل	محل	_	_
71	سکونت	سکون	سکونت	_	_
72	)	)	)	_	_
73	،	،	،	_	_
74	رقبا	رقبا	رقبا	_	_
75	و	و	و	_	_
76	عوامل	عوامل	عوامل	_	_
77	عمومی	عموم	عموم	_	_
78	بازار	بازار	بازار	_	_
79	(	(	(	_	_
80	سطح	سطح	سطح	_	_
81	درآمد	درآمد	درآمد	_	_
82	جامعه	جامعه	جامعه	_	_
83	،	،	،	_	_
84	وضعیت	وضعیت	وضعیت	_	_
85	رونق	رونق	رونق	_	_
86	و	و	و	_	_
87	رکود	رکود	رکود	_	_
88	اقتصادی	اقتصاد	اقتصاد	_	_
89	)	)	)	_	_
90	را	را	را	_	_
91	پیدا	پیدا	پیدا	_	_
92	کنند	کنند	کرد	_	_
93	.	.	.	_	_

0	علاوه	علاوه	علاوه	_	_
1	بر	بر	بر	_	_
2	این	این	این	_	_
3	می	می	می	_	_
4	توان	تو	توان	_	_
5	شاخص	شاخص	شاخص	_	_
6	هایی	هایی	هایی	_	_
7	مثل	مثل	مثل	_	_
8	رضایت	رضایت	رضایت	_	_
9	مشتری	مشتری	مشتری	_	_
10	،	،	،	_	_
11	درآمد	درآمد	درآمد	_	_
12	و	و	و	_	_
13	سود	سود	سود	_	_
14	سازمان	سازمان	سازمان	_	_
15	،	،	،	_	_
16	مجموع	مجموع	مجموع	_	_
17	سرمایه	سرمایه	سرمایه	_	_
18	درگردش	درگرد	درگردش	_	_
19	و	و	و	_	_
20	هزینه	هزینه	هزینه	_	_
21	های		های	_	_
22	جاری	جار	جاری	_	_
23	و	و	و	_	_
24	میزان	میز	میزان	_	_
25	افزایش	افزایش	افزایش	_	_
26	و	و	و	_	_
27	کاهش	کاه	کاهش	_	_
28	آنها	آن	آن	_	_
29	در	در	در	_	_
30	طول	طول	طول	_	_
31	زمان	زمان	زمان	_	_
32	را	را	را	_	_
33	استخراج	استخراج	استخراج	_	_
34	کند	کند	کند	_	_
35	.	.	.	_	_

0	به	به	به	_	_
1	طور	طور	طور	_	_
2	مثال	مثال	مثال	_	_
3	شرکت	شرک	شرکت	_	_
4	ویدئوی	ویدئو	ویدئو	_	_
5	خانگی	خانگی	خانگی	_	_
6	از	از	از	_	_
7	داده	داده	داده	_	_
8	های		های	_	_
9	سابق	سابق	سابق	_	_
10	مشتریان	مشتری	مشتری	_	_
11	استفاده	استفاده	استفاده	_	_
12	میکند	میکند	میکند	_	_
13	و	و	و	_	_
14	به	به	به	_	_
15	انها	ان	انها	_	_
16	ویدئوهایی	ویدئو	ویدئو	_	_
17	پیشنهاد	پیشنهاد	پیشنهاد	_	_
18	می	می	می	_	_
19	دهد	دهد	داد	_	_
20	تا	تا	تا	_	_
21	آنها	آن	آن	_	_
22	را	را	را	_	_
23	تماشا	تماشا	تماشا	_	_
24	کنند	کنند	کرد	_	_
25	.	.	.	_	_

0	والمارت	والمار	والمارت	_	_
1	(	(	(	_	_
2	بزرگترین	بزرگ	بزرگ	_	_
3	خرده	خرده	خرده	_	_
4	فروش	فرو	فروش	_	_
5	زنجیره	زنجیره	زنجیره	_	_
6	ای	ای	ای	_	_
7	جهان	جهان	جهان	_	_
8	)	)	)	_	_
9	برای	برای	برای	_	_
10	بهبود	بهبود	بهبود	_	_
11	عمکلرد	عمکلرد	عمکلرد	_	_
12	عرضه	عرضه	عرضه	_	_
13	کنندگان	کنندگان	کنندگان	_	_
14	خود	خود	خود	_	_
15	از	از	از	_	_
16	داده	داده	داده	_	_
17	کاوی	کاو	کاو	_	_
18	در	در	در	_	_
19	مقیاسی	مقیاس	مقیاس	_	_
20	وسیع	وسیع	وسیع	_	_
21	استفاده	استفاده	استفاده	_	_
22	کرده‌است	کرده‌است	کرد	_	_
23	.	.	.	_	_

0	داده	داده	داده	_	_
1	های		های	_	_
2	۲۹۰۰	۲۹۰۰	۲۹۰۰	_	_
3	فروشگاه	فروشگاه	فروشگاه	_	_
4	در	در	در	_	_
5	۶	۶	۶	_	_
6	کشور	کشور	کشور	_	_
7	برای	برای	برای	_	_
8	این	این	این	_	_
9	کار	کار	کار	_	_
10	استفاده	استفاده	استفاده	_	_
11	شده‌اند	شده‌اند	شد	_	_
12	و	و	و	_	_
13	در	در	در	_	_
14	مجموع	مجموع	مجموع	_	_
15	۷٫۵	۷٫۵	۷٫۵	_	_
16	ترابایت	ترابا	ترابایت	_	_
17	داده	داده	داده	_	_
18	مورد	مورد	مورد	_	_
19	بررسی	بررسی	بررسی	_	_
20	قرار	قرار	قرار	_	_
21	گرفت	گرفت	گرفت	_	_
22	.	.	.	_	_

0	۳۵۰۰	۳۵۰۰	۳۵۰۰	_	_
1	تامین	تا	تا	_	_
2	کننده	کننده	کننده	_	_
3	به	به	به	_	_
4	داده	داده	داده	_	_
5	های		های	_	_
6	دسترسی	دسترس	دسترس	_	_
7	پیدا	پیدا	پیدا	_	_
8	کردند	کردند	کرد	_	_
9	تا	تا	تا	_	_
10	بتوانند	بتوانند	توانست	_	_
11	الگوهای	الگو	الگو	_	_
12	خرید	خرید	خرید	_	_
13	مشتریان	مشتری	مشتری	_	_
14	،	،	،	_	_
15	عمکلرد	عمکلرد	عمکلرد	_	_
16	یک	یک	یک	_	_
17	کالا	کالا	کالا	_	_
18	و	و	و	_	_
19	محصول	محصول	محصول	_	_
20	خاص	خاص	خاص	_	_
21	را	را	را	_	_
22	بررسی	بررسی	بررسی	_	_
23	کنند	کنند	کرد	_	_
24	و	و	و	_	_
25	برنامه	برنامه	برنامه	_	_
26	های		های	_	_
27	خود	خود	خود	_	_
28	را	را	را	_	_
29	بر	بر	بر	_	_
30	این	این	این	_	_
31	پایه	پایه	پایه	_	_
32	و	و	و	_	_
33	اساس	اساس	اساس	_	_
34	بهبود	بهبود	بهبود	_	_
35	دهند	دهند	داد	_	_
36	.	.	.	_	_

0	استراتژی	استراتژ	استراتژی	_	_
1	و	و	و	_	_
2	داده	داده	داده	_	_
3	کاوی	کاو	کاو	_	_
4	صد	صد	صد	_	_
5	البته	البته	البته	_	_
6	کاربرد	کاربرد	کاربرد	_	_
7	های		های	_	_
8	داده	داده	داده	_	_
9	کاوی	کاو	کاو	_	_
10	بسیار	بسیار	بسیار	_	_
11	زیاد	زیاد	زیاد	_	_
12	است	است		_	_
13	و	و	و	_	_
14	می	می	می	_	_
15	تواند	تواند	توانست	_	_
16	در	در	در	_	_
17	شرکت	شرک	شرکت	_	_
18	ها		ها	_	_
19	و	و	و	_	_
20	سازمان	سازمان	سازمان	_	_
21	ها		ها	_	_
22	مختلف	مختلف	مختلف	_	_
23	متفاوت	متفاوت	متفاوت	_	_
24	باشد	باشد	بود	_	_
25	.	.	.	_	_

0	آنچه	آنچه	آنچه	_	_
1	در	در	در	_	_
2	بالا	بالا	بالا	_	_
3	بیان	بی	بیان	_	_
4	شد	شد	شد	_	_
5	خلاصه	خلاصه	خلاصه	_	_
6	ای	ای	ای	_	_
7	از	از	از	_	_
8	کاربردهای	کاربرد	کاربرد	_	_
9	داده	داده	داده	_	_
10	کاوی	کاو	کاو	_	_
11	در	در	در	_	_
12	بخش	بخش	بخش	_	_
13	فروش	فرو	فروش	_	_
14	و	و	و	_	_
15	بازاریابی	بازاریاب	بازاریابی	_	_
16	بود	بود	بود	_	_
17	.	.	.	_	_

0	شما	شما	شما	_	_
1	می	می	می	_	_
2	توانید	توانید	توانست	_	_
3	با	با	با	_	_
4	استفاده	استفاده	استفاده	_	_
5	از	از	از	_	_
6	داده	داده	داده	_	_
7	کاوی	کاو	کاو	_	_
8	در	در	در	_	_
9	حل	حل	حل	_	_
10	مشکلات	مشکل	مشکلات	_	_
11	سازمان	سازمان	سازمان	_	_
12	مفید	مفید	مفید	_	_
13	واقع	واقع	واقع	_	_
14	شوید	شوید	شد	_	_
15	.	.	.	_	_

0	استراتژیست	استراتژیس	استراتژیست	_	_
1	های		های	_	_
2	بزرگ	بزرگ	بزرگ	_	_
3	موفق	موفق	موفق	_	_
4	برای	برای	برای	_	_
5	مستدل	مستدل	مستدل	_	_
6	و	و	و	_	_
7	دقیق	دقیق	دقیق	_	_
8	بودن	بودن	بودن	_	_
9	استراتژی	استراتژ	استراتژی	_	_
10	ها		ها	_	_
11	و	و	و	_	_
12	برنامه	برنامه	برنامه	_	_
13	ریزی	ریز	ریخت	_	_
14	های		های	_	_
15	خود	خود	خود	_	_
16	باید	باید	باید	_	_
17	از	از	از	_	_
18	داده	داده	داده	_	_
19	کاوی	کاو	کاو	_	_
20	و	و	و	_	_
21	اطلاعات	اطلاع	اطلاعات	_	_
22	به	به	به	_	_
23	دست	دست	دست	_	_
24	آمده	آمده	آمده	_	_
25	از	از	از	_	_
26	آن	آن	آن	_	_
27	حد	حد	حد	_	_
28	اکثر	اکثر	اکثر	_	_
29	استفاده	استفاده	استفاده	_	_
30	را	را	را	_	_
31	ببرند	ببرند	ببرند	_	_
32	.	.	.	_	_

0	در	در	در	_	_
1	واقع	واقع	واقع	_	_
2	برنامه	برنامه	برنامه	_	_
3	ریزی	ریز	ریخت	_	_
4	استراتژیک	استراتژیک	استراتژیک	_	_
5	بدون	بدون	بدون	_	_
6	استفاده	استفاده	استفاده	_	_
7	از	از	از	_	_
8	داده	داده	داده	_	_
9	کاوی	کاو	کاو	_	_
10	مثل	مثل	مثل	_	_
11	رانندگی	رانندگی	رانندگی	_	_
12	با	با	با	_	_
13	چشمان	چشم	چشم	_	_
14	بسته‌است	بسته‌اس	بست	_	_
15	!	!	!	_	_

0	اگر	اگر	اگر	_	_
1	یک	یک	یک	_	_
2	استراتژیست	استراتژیس	استراتژیست	_	_
3	می	می	می	_	_
4	خواهد‌در	خواهد‌در	خواهد_در	_	_
5	زمینه	زمینه	زمینه	_	_
6	برنامه	برنامه	برنامه	_	_
7	ریزی	ریز	ریخت	_	_
8	کاربردی	کاربرد	کاربرد	_	_
9	و	و	و	_	_
10	اجرایی	اجرا	اجرایی	_	_
11	موفق	موفق	موفق	_	_
12	باشد	باشد	بود	_	_
13	باید	باید	باید	_	_
14	از	از	از	_	_
15	سلاح	سلاح	سلاح	_	_
16	داده	داده	داده	_	_
17	کاوی	کاو	کاو	_	_
18	استفاده	استفاده	استفاده	_	_
19	کند	کند	کند	_	_
20	.	.	.	_	_

0	داده	داده	داده	_	_
1	کای	کا	کای	_	_
2	چه	چه	چه	_	_
3	فایده	فایده	فایده	_	_
4	ای	ای	ای	_	_
5	دارد	دارد	داشت	_	_
6	؟	؟	؟	_	_

0	شناخت	شناخت	شناخت	_	_
1	مشتریان	مشتری	مشتری	_	_
2	سودآور	سودآور	سودآور	_	_
3	:	:	:	_	_
4	می	می	می	_	_
5	توانید	توانید	توانست	_	_
6	مشتریانی	مشتریان	مشتریانی	_	_
7	که	که	که	_	_
8	بیشترین	بی	بی	_	_
9	سود	سود	سود	_	_
10	شما	شما	شما	_	_
11	از	از	از	_	_
12	آنها	آن	آن	_	_
13	حاصل	حاصل	حاصل	_	_
14	شده	شده	شده	_	_
15	را	را	را	_	_
16	شناسایی	شناسایی	شناسایی	_	_
17	کنید	کنید	کرد	_	_
18	و	و	و	_	_
19	برای	برای	برای	_	_
20	حفظ	حفظ	حفظ	_	_
21	وفاداری	وفادار	وفاداری	_	_
22	مشتری	مشتری	مشتری	_	_
23	تلاش	تلاش	تلاش	_	_
24	کنید	کنید	کرد	_	_
25	.	.	.	_	_

0	بهینه	بهینه	بهینه	_	_
1	سازی	ساز	سازی	_	_
2	سبد	سبد	سبد	_	_
3	محصول	محصول	محصول	_	_
4	:	:	:	_	_
5	شناخت	شناخت	شناخت	_	_
6	محصولات	محصول	محصولات	_	_
7	پر	پر	پر	_	_
8	فروش	فرو	فروش	_	_
9	،	،	،	_	_
10	محصولات	محصول	محصولات	_	_
11	سودآور	سودآور	سودآور	_	_
12	محصولات	محصول	محصولات	_	_
13	زیان	زیان	زیان	_	_
14	ده	ده	ده	_	_
15	از	از	از	_	_
16	دیگر	دیگر	دیگر	_	_
17	فواید	فواید	فواید	_	_
18	داده	داده	داده	_	_
19	کاوی	کاو	کاو	_	_
20	است	است		_	_
21	.	.	.	_	_

0	با	با	با	_	_
1	این	این	این	_	_
2	کار	کار	کار	_	_
3	می	می	می	_	_
4	توانید	توانید	توانست	_	_
5	در	در	در	_	_
6	بهتر	به	بهتر	_	_
7	کردن	کردن	کردن	_	_
8	سبد	سبد	سبد	_	_
9	محصول	محصول	محصول	_	_
10	خود	خود	خود	_	_
11	اقدام	اقدام	اقدام	_	_
12	کنید	کنید	کرد	_	_
13	.	.	.	_	_

0	شناخت	شناخت	شناخت	_	_
1	مشتریان	مشتری	مشتری	_	_
2	وفادار	وفادار	وفادار	_	_
3	و	و	و	_	_
4	قدیمی	قدیم	قدیم	_	_
5	:	:	:	_	_
6	می	می	می	_	_
7	توانید	توانید	توانست	_	_
8	بفهمید	بفهمید	فهمید	_	_
9	مشتریان	مشتری	مشتری	_	_
10	قدیمی	قدیم	قدیم	_	_
11	شما	شما	شما	_	_
12	چه	چه	چه	_	_
13	کسانی	کسانی	کسانی	_	_
14	هستند	هستند		_	_
15	و	و	و	_	_
16	با	با	با	_	_
17	چه	چه	چه	_	_
18	برنامه	برنامه	برنامه	_	_
19	ای	ای	ای	_	_
20	خرید	خرید	خرید	_	_
21	می	می	می	_	_
22	کنند	کنند	کرد	_	_
23	،	،	،	_	_
24	چه	چه	چه	_	_
25	کالایی	کالا	کالا	_	_
26	را	را	را	_	_
27	دوست	دوست	دوست	_	_
28	دارند	دارند	داشت	_	_
29	و	و	و	_	_
30	چه	چه	چه	_	_
31	کالایی	کالا	کالا	_	_
32	باعث	باعث	باعث	_	_
33	وفاداری	وفادار	وفاداری	_	_
34	آنها	آن	آن	_	_
35	شده‌است	شده‌است	شد	_	_
36	.	.	.	_	_

0	بررسی	بررسی	بررسی	_	_
1	طول	طول	طول	_	_
2	عمر	عمر	عمر	_	_
3	مشتری	مشتری	مشتری	_	_
4	:	:	:	_	_
5	با	با	با	_	_
6	استفاده	استفاده	استفاده	_	_
7	از	از	از	_	_
8	داده	داده	داده	_	_
9	کاوی	کاو	کاو	_	_
10	می	می	می	_	_
11	توانید	توانید	توانست	_	_
12	طول	طول	طول	_	_
13	عمر	عمر	عمر	_	_
14	مشتری	مشتری	مشتری	_	_
15	و	و	و	_	_
16	چرخه	چرخه	چرخه	_	_
17	آن	آن	آن	_	_
18	،	،	،	_	_
19	میزان	میز	میزان	_	_
20	سود	سود	سود	_	_
21	حاصل	حاصل	حاصل	_	_
22	عایده	عایده	عایده	_	_
23	از	از	از	_	_
24	هر	هر	هر	_	_
25	مشتری	مشتری	مشتری	_	_
26	در	در	در	_	_
27	هر	هر	هر	_	_
28	مرحله	مرحله	مرحله	_	_
29	را	را	را	_	_
30	بررسی	بررسی	بررسی	_	_
31	کنید	کنید	کرد	_	_
32	.	.	.	_	_

