0	در	در	در	_	_
1	شب	شب	شب	_	_
2	شبنم	شبنم	شبنم	_	_
3	نم	نم	نم	_	_
4	نم	نم	نم	_	_
5	نم	نم	نم	_	_
6	را	را	را	_	_
7	بر	بر	بر	_	_
8	تن	تن	تن	_	_
9	گلبرگ	گلبرگ	گلبرگ	_	_
10	پوشاند	پوشاند	پوشاند	_	_
11	.	.	.	_	_

0	سخنان	سخن	سخن	_	_
1	خاطر	خاطر	خاطر	_	_
2	پریشان	پر	پریشان	_	_
3	خاطرم	خاطر	خاطر	_	_
4	را	را	را	_	_
5	پریشان	پر	پریشان	_	_
6	می	می	می	_	_
7	کند	کند	کند	_	_
8	.	.	.	_	_

0	به	به	به	_	_
1	خاطر	خاطر	خاطر	_	_
2	زیادی	زیاد	زیاد	_	_
3	رویش	رو	رویش	_	_
4	رویش	رو	رویش	_	_
5	از	از	از	_	_
6	رویش	رو	رویش	_	_
7	ریش	ری	ریش	_	_
8	کم	کم	کم	_	_
9	شد	شد	شد	_	_
10	.	.	.	_	_

0	دانه	دانه	دانه	_	_
1	دانست	دانست	دانست	_	_
2	که	که	که	_	_
3	دانه	دانه	دانه	_	_
4	ست	ست	ست	_	_
5	و	و	و	_	_
6	می	می	می	_	_
7	روید	روید	رفت	_	_
8	که	که	که	_	_
9	به	به	به	_	_
10	زیر	زیر	زیر	_	_
11	رفت	رف	رفت	_	_
12	شما	شما	شما	_	_
13	چرا	چرا	چرا	_	_
14	می	می	می	_	_
15	روید	روید	رفت	_	_
16	.	.	.	_	_

0	بی	بی	بی	_	_
1	تا	تا	تا	_	_
2	بی	بی	بی	_	_
3	تابی	تاب	تاب	_	_
4	می	می	می	_	_
5	کرد	کرد	کرد	_	_
6	چون	چون	چون	_	_
7	بی	بی	بی	_	_
8	تا	تا	تا	_	_
9	نبود	نبود	بود	_	_
10	.	.	.	_	_

0	سه	سه	سه	_	_
1	تا	تا	تا	_	_
2	سه	سه	سه	_	_
3	تا	تا	تا	_	_
4	سه	سه	سه	_	_
5	تار	تار	تار	_	_
6	سه	سه	سه	_	_
7	تار	تار	تار	_	_
8	را	را	را	_	_
9	برداشت	برداشت	برداشت	_	_
10	.	.	.	_	_

0	شهره	شهره	شهره	_	_
1	شهره	شهره	شهره	_	_
2	شهر	شهر	شهر	_	_
3	است	است		_	_
4	.	.	.	_	_

0	در	در	در	_	_
1	این	این	این	_	_
2	درگه	درگه	درگه	_	_
3	که	که	که	_	_
4	گه	گه	گه	_	_
5	گه	گه	گه	_	_
6	که	که	که	_	_
7	که	که	که	_	_
8	و	و	و	_	_
9	که	که	که	_	_
10	که	که	که	_	_
11	شود	شود	شد	_	_
12	ناگه	ناگه	ناگه	_	_
13	مشو	مشو	مشو	_	_
14	غره	غره	غره	_	_
15	به	به	به	_	_
16	امروزت	امروز	امروز	_	_
17	که	که	که	_	_
18	از	از	از	_	_
19	فردا	فردا	فردا	_	_
20	نه	نه	نه	_	_
21	ایی	ا	ایی	_	_
22	آگه	آگه	آگه	_	_
23	.	.	.	_	_

0	تو	تو	تو	_	_
1	خود	خود	خود	_	_
2	ناگه	ناگه	ناگه	_	_
3	وصالم	وصال	وصال	_	_
4	داده	داده	داده	_	_
5	ایی	ا	ایی	_	_
6	بر	بر	بر	_	_
7	درگه	درگه	درگه	_	_
8	فضلت	فضل	فضل	_	_
9	که	که	که	_	_
10	گه	گه	گه	_	_
11	گه	گه	گه	_	_
12	دل	دل	دل	_	_
13	کجا	کجا	کجا	_	_
14	آگه	آگه	آگه	_	_
15	شود	شود	شد	_	_
16	از	از	از	_	_
17	در	در	در	_	_
18	گهت	گه	گه	_	_
19	هر	هر	هر	_	_
20	گه	گه	گه	_	_
21	.	.	.	_	_

0	صدیقه	صدیقه	صدیقه	_	_
1	صدیقه	صدیقه	صدیقه	_	_
2	دوخت	دوخت	دوخت	_	_
3	.	.	.	_	_

0	آنقدر	آنقدر	آنقدر	_	_
1	بست	بس	بست	_	_
2	نشست	نشست	نشست	_	_
3	تا	تا	تا	_	_
4	آب	آب	آب	_	_
5	را	را	را	_	_
6	بست	بس	بست	_	_
7	.	.	.	_	_

0	دوش	دو	دوش	_	_
1	دوشش	دوش	دوش	_	_
2	را	را	را	_	_
3	بست	بس	بست	_	_
4	و	و	و	_	_
5	بر	بر	بر	_	_
6	دوشش	دوش	دوش	_	_
7	گذاشت	گذا	گذاشت	_	_
8	و	و	و	_	_
9	گاو	گاو	گاو	_	_
10	را	را	را	_	_
11	دوشید	دوشید	دوشید	_	_
12	.	.	.	_	_

0	مه	مه	مه	_	_
1	مه	مه	مه	_	_
2	را	را	را	_	_
3	مهار	مهار	مهار	_	_
4	کرد	کرد	کرد	_	_
5	.	.	.	_	_

0	ما	ما	ما	_	_
1	زیاد	زیاد	زیاد	_	_
2	زیاد	زیاد	زیاد	_	_
3	می	می	می	_	_
4	رویم	رو	رفت	_	_
5	.	.	.	_	_

0	پرسید	پرسید	پرسید	_	_
1	برای	برای	برای	_	_
2	شام	شام	شام	_	_
3	چه	چه	چه	_	_
4	شامی	شام	شامی	_	_
5	داریم	داریم	داشت	_	_
6	گفتم	گفت	گفت	_	_
7	شامی	شام	شامی	_	_
8	.	.	.	_	_

0	با	با	با	_	_
1	صدای	صدا	صدا	_	_
2	بلند	بلند	بلند	_	_
3	آواز	آواز	آواز	_	_
4	سرداد	سرداد	سرداد	_	_
5	که	که	که	_	_
6	هوای	هوا	هوا	_	_
7	سرد	سرد	سرد	_	_
8	سردرد	سردرد	سردرد	_	_
9	می	می	می	_	_
10	آورد	آورد	آورد	_	_
11	.	.	.	_	_

0	سبک	سبک	سبک	_	_
1	سبکی	سبک	سبک	_	_
2	را	را	را	_	_
3	برای	برای	برای	_	_
4	نوشتن	نوشتن	نوشتن	_	_
5	دارد	دارد	داشت	_	_
6	.	.	.	_	_

0	شعر	شعر	شعر	_	_
1	را	را	را	_	_
2	از	از	از	_	_
3	بر	بر	بر	_	_
4	خواند	خواند	خواند	_	_
5	.	.	.	_	_

0	به	به	به	_	_
1	را	را	را	_	_
2	خورد	خورد	خورد	_	_
3	و	و	و	_	_
4	گفت	گفت	گفت	_	_
5	به	به	به	_	_
6	به	به	به	_	_
7	به	به	به	_	_
8	این	این	این	_	_
9	به	به	به	_	_
10	!	!	!	_	_

0	درست	درس	درست	_	_
1	درست	درس	درست	_	_
2	را	را	را	_	_
3	بخوان	بخو	خواند	_	_
4	.	.	.	_	_

0	چوب	چوب	چوب	_	_
1	خط	خط	خط	_	_
2	خطی	خط	خط	_	_
3	پر	پر	پر	_	_
4	از	از	از	_	_
5	چوب	چوب	چوب	_	_
6	خط	خط	خط	_	_
7	بود	بود	بود	_	_
8	.	.	.	_	_

0	چهار	چهار	چهار	_	_
1	پایان	پا	پایان	_	_
2	پایان	پا	پایان	_	_
3	راه	راه	راه	_	_
4	را	را	را	_	_
5	پاییدند	پاییدند	پاییدند	_	_
6	.	.	.	_	_

0	یک	یک	یک	_	_
1	فرد	فرد	فرد	_	_
2	با	با	با	_	_
3	لباس	لباس	لباس	_	_
4	راه	راه	راه	_	_
5	راه	راه	راه	_	_
6	راه	راه	راه	_	_
7	بندان	بند	بند	_	_
8	به	به	به	_	_
9	راه	راه	راه	_	_
10	انداخته‌بود	انداخته‌بود	انداخت	_	_
11	.	.	.	_	_

0	نم	نم	نم	_	_
1	نمک	نمک	نمک	_	_
2	نمک	نمک	نمک	_	_
3	را	را	را	_	_
4	به	به	به	_	_
5	غذا	غذا	غذا	_	_
6	اضافه	اضافه	اضافه	_	_
7	کن	کن	کن	_	_
8	.	.	.	_	_

0	چون	چون	چون	_	_
1	هوا	هوا	هوا	_	_
2	تاریک	تاریک	تاریک	_	_
3	است	است		_	_
4	در	در	در	_	_
5	بامداد	بامداد	بامداد	_	_
6	بامداد	بامداد	بامداد	_	_
7	بنویس	بنویس	نوشت	_	_
8	تا	تا	تا	_	_
9	بتوانی	بتوان	توانست	_	_
10	با	با	با	_	_
11	پاک	پاک	پاک	_	_
12	کن	کن	کن	_	_
13	آن	آن	آن	_	_
14	را	را	را	_	_
15	پاک	پاک	پاک	_	_
16	کنی	کن	کرد	_	_
17	.	.	.	_	_

0	از	از	از	_	_
1	بس	بس	بس	_	_
2	به	به	به	_	_
3	من	من	من	_	_
4	گفت	گفت	گفت	_	_
5	نترس	نترس	نترس	_	_
6	!	!	!	_	_

0	تا	تا	تا	_	_
1	من	من	من	_	_
2	نترس	نترس	نترس	_	_
3	به	به	به	_	_
4	بار	بار	بار	_	_
5	آمدم	آمد	آمد	_	_
6	.	.	.	_	_

0	حس	حس	حس	_	_
1	کردم	کرد	کرد	_	_
2	دستم	دست	دست	_	_
3	بی	بی	بی	_	_
4	حس	حس	حس	_	_
5	شده‌است	شده‌است	شد	_	_
6	.	.	.	_	_

0	گزیده	گزیده	گزیده	_	_
1	حرفش	حرف	حرف	_	_
2	این	این	این	_	_
3	بود	بود	بود	_	_
4	که	که	که	_	_
5	ما	ما	ما	_	_
6	را	را	را	_	_
7	مار	مار	مار	_	_
8	گزیده	گزیده	گزیده	_	_
9	است	است		_	_
10	.	.	.	_	_

0	با	با	با	_	_
1	گویش	گوی	گویش	_	_
2	خاصی	خاص	خاص	_	_
3	گفت	گفت	گفت	_	_
4	گویش	گوی	گویش	_	_
5	را	را	را	_	_
6	بردار	بردار	بردار	_	_
7	.	.	.	_	_

0	با	با	با	_	_
1	آن	آن	آن	_	_
2	که	که	که	_	_
3	اتاق	اتاق	اتاق	_	_
4	سوت	سو	سوت	_	_
5	و	و	و	_	_
6	کور	کور	کور	_	_
7	بود	بود	بود	_	_
8	باز	باز	باز	_	_
9	هم	هم	هم	_	_
10	صدایی	صدا	صدا	_	_
11	شنیده	شنیده	شنیده	_	_
12	نمی	نم	نم	_	_
13	شد	شد	شد	_	_
14	.	.	.	_	_

0	قدم	قد	قدم	_	_
1	قدم	قد	قدم	_	_
2	جلو	جلو	جلو	_	_
3	رفتم	رف	رفت	_	_
4	و	و	و	_	_
5	قدم	قد	قدم	_	_
6	را	را	را	_	_
7	خم	خم	خم	_	_
8	کردم	کرد	کرد	_	_
9	.	.	.	_	_

0	سرو	سرو	سرو	_	_
1	صورتش	صورت	صورت	_	_
2	را	را	را	_	_
3	سایه	سایه	سایه	_	_
4	انداخته‌بود	انداخته‌بود	انداخت	_	_
5	.	.	.	_	_

0	یک	یک	یک	_	_
1	ماهی	ماه	ماه	_	_
2	ماهی	ماه	ماه	_	_
3	چندین	چند	چندین	_	_
4	لیتر	لیتر	لیتر	_	_
5	آب	آب	آب	_	_
6	می	می	می	_	_
7	خورد	خورد	خورد	_	_
8	.	.	.	_	_

0	سراسیمه	سراسیمه	سراسیمه	_	_
1	گفت	گفت	گفت	_	_
2	کی	کی	کی	_	_
3	برد	برد	برد	_	_
4	را	را	را	_	_
5	کی	کی	کی	_	_
6	برد	برد	برد	_	_
7	؟	؟	؟	_	_

0	به	به	به	_	_
1	پایان	پا	پایان	_	_
2	آمد	آمد	آمد	_	_
3	این	این	این	_	_
4	دفتر	دف	دفتر	_	_
5	حکایت	حکایت	حکایت	_	_
6	همچنان	همچنان	همچنان	_	_
7	باقیست	باقیس	باقیست	_	_
8	.	.	.	_	_

0	هرچه	هرچه	هرچه	_	_
1	در	در	در	_	_
2	سر	سر	سر	_	_
3	داشت	داش	داشت	_	_
4	را	را	را	_	_
5	به	به	به	_	_
6	کار	کار	کار	_	_
7	گرفت	گرفت	گرفت	_	_
8	.	.	.	_	_

0	مادر	مادر	مادر	_	_
1	بی	بی	بی	_	_
2	تو	تو	تو	_	_
3	مادرمانده	مادرمانده	مادرمانده	_	_
4	ایم	ای	ای	_	_
5	.	.	.	_	_

0	با	با	با	_	_
1	هر	هر	هر	_	_
2	که	که	که	_	_
3	گشتم	گشت	گشت	_	_
4	دیوانه	دیوانه	دیوانه	_	_
5	گشتم	گشت	گشت	_	_
6	.	.	.	_	_

0	حالا	حالا	حالا	_	_
1	که	که	که	_	_
2	خوب	خوب	خوب	_	_
3	فکر	فکر	فکر	_	_
4	می	می	می	_	_
5	کنم	کن	کرد	_	_
6	او	او	او	_	_
7	پر	پر	پر	_	_
8	بی	بی	بی	_	_
9	راه	راه	راه	_	_
10	نمی	نم	نم	_	_
11	گفت	گفت	گفت	_	_
12	.	.	.	_	_

0	با	با	با	_	_
1	تکان	تک	تکان	_	_
2	دادن	دادن	دادن	_	_
3	لب	لب	لب	_	_
4	لب	لب	لب	_	_
5	کلام	کلام	کلام	_	_
6	را	را	را	_	_
7	گفت	گفت	گفت	_	_
8	.	.	.	_	_

0	او	او	او	_	_
1	را	را	را	_	_
2	ضمیر	ضمیر	ضمیر	_	_
3	ناخود	ناخود	ناخود	_	_
4	آگاهش	آگاه	آگاه	_	_
5	آگاهش	آگاه	آگاه	_	_
6	کرد	کرد	کرد	_	_
7	.	.	.	_	_

0	او	او	او	_	_
1	خودکار	خودکار	خودکار	_	_
2	خودکار	خودکار	خودکار	_	_
3	خودکارش	خودکار	خودکار	_	_
4	را	را	را	_	_
5	انجام	انجام	انجام	_	_
6	می	می	می	_	_
7	داد	داد	داد	_	_
8	.	.	.	_	_

0	دزد	دزد	دزد	_	_
1	به	به	به	_	_
2	قصد	قصد	قصد	_	_
3	دست	دست	دست	_	_
4	برد	برد	برد	_	_
5	به	به	به	_	_
6	سمت	سم	سمت	_	_
7	کیف	کیف	کیف	_	_
8	دست	دست	دست	_	_
9	برد	برد	برد	_	_
10	.	.	.	_	_

0	روش	رو	روش	_	_
1	و	و	و	_	_
2	سنت	سن	سنت	_	_
3	اینجا	اینجا	اینجا	_	_
4	اینگونه	اینگونه	اینگونه	_	_
5	است	است		_	_
6	که	که	که	_	_
7	باید	باید	باید	_	_
8	سنت	سن	سنت	_	_
9	را	را	را	_	_
10	بگویی	بگو	گفت	_	_
11	.	.	.	_	_

0	شاهی	شاه	شاه	_	_
1	را	را	را	_	_
2	دیدم	دید	دید	_	_
3	که	که	که	_	_
4	حتی	حتی	حتی	_	_
5	یک	یک	یک	_	_
6	شاهی	شاه	شاه	_	_
7	راهم	راه	راه	_	_
8	هدیه	هدیه	هدیه	_	_
9	نمی	نم	نم	_	_
10	داد	داد	داد	_	_
11	.	.	.	_	_

0	راهم	راه	راه	_	_
1	راهم	راه	راه	_	_
2	بستند	بستند	بست	_	_
3	.	.	.	_	_

0	تشکر	تشکر	تشکر	_	_
1	زبانی	زبان	زبان	_	_
2	زبانی	زبان	زبان	_	_
3	این	این	این	_	_
4	مجلس	مجلس	مجلس	_	_
5	کافی	کافی	کافی	_	_
6	نیست	نیست	نیست	_	_
7	.	.	.	_	_

0	نقاش	نقاش	نقاش	_	_
1	بعد	بعد	بعد	_	_
2	از	از	از	_	_
3	اینکه	اینکه	اینکه	_	_
4	یک	یک	یک	_	_
5	دست	دست	دست	_	_
6	کشید	کشید	کشید	_	_
7	از	از	از	_	_
8	کارش	کار	کار	_	_
9	دست	دست	دست	_	_
10	کشید	کشید	کشید	_	_
11	.	.	.	_	_

0	معلم	معلم	معلم	_	_
1	در	در	در	_	_
2	کلاس	کلاس	کلاس	_	_
3	زیست	زیس	زیست	_	_
4	بی	بی	بی	_	_
5	هوا	هوا	هوا	_	_
6	گفت	گفت	گفت	_	_
7	بی	بی	بی	_	_
8	هوا	هوا	هوا	_	_
9	نمی	نم	نم	_	_
10	توان	تو	توان	_	_
11	زیست	زیس	زیست	_	_
12	.	.	.	_	_

0	تحقیقات	تحقیق	تحقیقات	_	_
1	سری	سر	سری	_	_
2	خاطر	خاطر	خاطر	_	_
3	نشان	نشان	نشان	_	_
4	کرده‌اند	کرده‌اند	کرد	_	_
5	که	که	که	_	_
6	موهای	مو	مو	_	_
7	کمند	کمند	کمند	_	_
8	کمند	کمند	کمند	_	_
9	.	.	.	_	_

0	مار	مار	مار	_	_
1	سمی	سم	سم	_	_
2	سمش	سم	سم	_	_
3	سمی	سم	سم	_	_
4	کشنده	کشنده	کشنده	_	_
5	است	است		_	_
6	.	.	.	_	_

0	گوسفند	گوسفند	گوسفند	_	_
1	سمش	سم	سم	_	_
2	را	را	را	_	_
3	به	به	به	_	_
4	زمین	زمین	زمین	_	_
5	کوبید	کوبید	کوبید	_	_
6	.	.	.	_	_

0	باد	باد	باد	_	_
1	ابرها	ابر	ابر	_	_
2	را	را	را	_	_
3	پراکنده	پراکنده	پراکنده	_	_
4	ساخت	ساخت	ساخت	_	_
5	.	.	.	_	_

0	ابرابری	ابرابر	ابرابری	_	_
1	در	در	در	_	_
2	آسمان	آسم	آسمان	_	_
3	سایه	سایه	سایه	_	_
4	گسترانید	گسترانید	گسترانید	_	_
5	.	.	.	_	_

0	با	با	با	_	_
1	بارش	بار	بارش	_	_
2	باران	بار	باران	_	_
3	او	او	او	_	_
4	هم	هم	هم	_	_
5	کما	کما	کما	_	_
6	بیش	بی	بیش	_	_
7	تر	تر	تر	_	_
8	شد	شد	شد	_	_
9	.	.	.	_	_

0	در	در	در	_	_
1	انتهای	انتها	انتها	_	_
2	مسابقه	مسابقه	مسابقه	_	_
3	مهره	مهره	مهره	_	_
4	آسمان	آسم	آسمان	_	_
5	را	را	را	_	_
6	رو	رو	رو	_	_
7	کردیم	کرد	کرد	_	_
8	.	.	.	_	_

0	او	او	او	_	_
1	خود	خود	خود	_	_
2	را	را	را	_	_
3	سیر	سیر	سیر	_	_
4	کرد	کرد	کرد	_	_
5	و	و	و	_	_
6	در	در	در	_	_
7	اطراف	اطراف	اطراف	_	_
8	سیر	سیر	سیر	_	_
9	کرد	کرد	کرد	_	_
10	.	.	.	_	_

0	ادب	ادب	ادب	_	_
1	آداب	آداب	آداب	_	_
2	دارد	دارد	داشت	_	_
3	.	.	.	_	_

0	با	با	با	_	_
1	دیدن	دیدن	دیدن	_	_
2	صحنه	صحنه	صحنه	_	_
3	دهانش	دهان	دهان	_	_
4	باز	باز	باز	_	_
5	ماند	ماند	ماند	_	_
6	چرا	چرا	چرا	_	_
7	که	که	که	_	_
8	بزرگش	بزرگ	بزرگ	_	_
9	را	را	را	_	_
10	زد	زد	زد	_	_
11	.	.	.	_	_

0	خیزید	خیزید	خیزید	_	_
1	و	و	و	_	_
2	خز	خز	خز	_	_
3	آرید	آرید	آرید	_	_
4	که	که	که	_	_
5	هنگام	هنگام	هنگام	_	_
6	خزان	خز	خزان	_	_
7	است	است		_	_
8	باد	باد	باد	_	_
9	خنک	خنک	خنک	_	_
10	از	از	از	_	_
11	جانب	جانب	جانب	_	_
12	خوارزم	خوارزم	خوارزم	_	_
13	وزان	وز	وزان	_	_
14	است	است		_	_
15	.	.	.	_	_

0	نیایش	نیایش	نیایش	_	_
1	به	به	به	_	_
2	همراه	همراه	همراه	_	_
3	نیایش	نیایش	نیایش	_	_
4	در	در	در	_	_
5	مراسم	مراسم	مراسم	_	_
6	شرکت	شرک	شرکت	_	_
7	کرد	کرد	کرد	_	_
8	.	.	.	_	_

0	آرایشگر	آرایشگر	آرایشگر	_	_
1	گفت	گفت	گفت	_	_
2	تنها	تنها	تنها	_	_
3	فرق	فرق	فرق	_	_
4	سر	سر	سر	_	_
5	او	او	او	_	_
6	با	با	با	_	_
7	من	من	من	_	_
8	در	در	در	_	_
9	داشتن	داشتن	داشتن	_	_
10	فرق	فرق	فرق	_	_
11	سر	سر	سر	_	_
12	است	است		_	_
13	.	.	.	_	_

0	کاچی	کاچ	کاچی	_	_
1	به	به	به	_	_
2	از	از	از	_	_
3	هیچی	هیچ	هیچ	_	_
4	.	.	.	_	_

0	تاکسی	تاکس	تاکسی	_	_
1	تاکسی	تاکس	تاکسی	_	_
2	تاکسی	تاکس	تاکسی	_	_
3	نخواست	نخواس	خواست	_	_
4	نایست	نایس	ایستاد	_	_
5	.	.	.	_	_

0	او	او	او	_	_
1	بروروی	برورو	بروروی	_	_
2	زیبایی	زیبا	زیبایی	_	_
3	داشت	داش	داشت	_	_
4	.	.	.	_	_

0	وندادم	ونداد	وندادم	_	_
1	در	در	در	_	_
2	راهی	راه	راه	_	_
3	بود	بود	بود	_	_
4	.	.	.	_	_

0	لبو	لبو	لبو	_	_
1	دهنش	دهن	دهنش	_	_
2	را	را	را	_	_
3	سرخ	سرخ	سرخ	_	_
4	کرد	کرد	کرد	_	_
5	.	.	.	_	_

0	سرما	سرما	سرما	_	_
1	سرمایی	سرما	سرما	_	_
2	که	که	که	_	_
3	بالای	بالا	بالا	_	_
4	سرما	سرما	سرما	_	_
5	بود	بود	بود	_	_
6	را	را	را	_	_
7	سرد	سرد	سرد	_	_
8	کرد	کرد	کرد	_	_
9	.	.	.	_	_

0	سرما	سرما	سرما	_	_
1	سرما	سرما	سرما	_	_
2	را	را	را	_	_
3	سر	سر	سر	_	_
4	کرد	کرد	کرد	_	_
5	.	.	.	_	_

0	سردردش	سردرد	سردرد	_	_
1	او	او	او	_	_
2	به	به	به	_	_
3	دردسر	دردسر	دردسر	_	_
4	انداخت	انداخ	انداخت	_	_
5	.	.	.	_	_

0	زهرروی	زهررو	زهرروی	_	_
1	کار	کار	کار	_	_
2	او	او	او	_	_
3	نادرست	نادرست	نادرست	_	_
4	بود	بود	بود	_	_
5	.	.	.	_	_

0	او	او	او	_	_
1	از	از	از	_	_
2	سرکه	سرکه	سرکه	_	_
3	هیچ	هیچ	هیچ	_	_
4	شانسی	شانس	شانس	_	_
5	نیاورد	نیاورد	آورد	_	_
6	.	.	.	_	_

0	میزبان	میزبان	میزبان	_	_
1	گفت	گفت	گفت	_	_
2	قدمتان	قدم	قدم	_	_
3	میمون	میمون	میمون	_	_
4	و	و	و	_	_
5	مبارک	مبارک	مبارک	_	_
6	پی	پی	پی	_	_
7	است	است		_	_
8	.	.	.	_	_

0	او	او	او	_	_
1	لکنت	لکن	لکنت	_	_
2	شدیدی	شدید	شدید	_	_
3	داشت	داش	داشت	_	_
4	و	و	و	_	_
5	همیشه	همیشه	همیشه	_	_
6	من	من	من	_	_
7	و	و	و	_	_
8	من	من	من	_	_
9	می	می	می	_	_
10	کرد	کرد	کرد	_	_
11	و	و	و	_	_
12	به	به	به	_	_
13	تت	ت	تت	_	_
14	و	و	و	_	_
15	پت	پ	پت	_	_
16	می	می	می	_	_
17	افتاد	افتاد	افتاد	_	_
18	.	.	.	_	_

0	چونین	چون	چون	_	_
1	بود	بود	بود	_	_
2	که	که	که	_	_
3	دیگر	دیگر	دیگر	_	_
4	کسی	کس	کس	_	_
5	احترامش	احترام	احترام	_	_
6	نمی	نم	نم	_	_
7	کرد	کرد	کرد	_	_
8	.	.	.	_	_

0	او	او	او	_	_
1	مشتاق	مشتاق	مشتاق	_	_
2	گفت	گفت	گفت	_	_
3	و	و	و	_	_
4	شنود	شنود	شنود	_	_
5	بین	بین	بین	_	_
6	ما	ما	ما	_	_
7	بود	بود	بود	_	_
8	.	.	.	_	_

0	روان	رو	روان	_	_
1	شناس	شناس	شناس	_	_
2	علت	علت	علت	_	_
3	خواب	خواب	خواب	_	_
4	گفت	گفت	گفت	_	_
5	های		های	_	_
6	شبانه	شبانه	شبانه	_	_
7	او	او	او	_	_
8	را	را	را	_	_
9	کشف	کشف	کشف	_	_
10	کرد	کرد	کرد	_	_
11	.	.	.	_	_

0	شعبه	شعبه	شعبه	_	_
1	باز	باز	باز	_	_
2	با	با	با	_	_
3	سیاه	سیاه	سیاه	_	_
4	بازی	باز	بازی	_	_
5	خاصی	خاص	خاص	_	_
6	تمام	تمام	تمام	_	_
7	حاضران	حاضر	حاضر	_	_
8	را	را	را	_	_
9	فریب	فریب	فریب	_	_
10	داد	داد	داد	_	_
11	.	.	.	_	_

0	صورتش	صورت	صورت	_	_
1	در	در	در	_	_
2	تاریکی	تاریک	تاریکی	_	_
3	سیاه	سیاه	سیاه	_	_
4	و	و	و	_	_
5	اغبر	اغبر	اغبر	_	_
6	دیده	دیده	دیده	_	_
7	می	می	می	_	_
8	شد	شد	شد	_	_
9	.	.	.	_	_

0	آن	آن	آن	_	_
1	قدر	قدر	قدر	_	_
2	تلاش	تلاش	تلاش	_	_
3	کرد	کرد	کرد	_	_
4	تا	تا	تا	_	_
5	دوستش	دوست	دوست	_	_
6	ترش	تر	ترش	_	_
7	رویش	رو	رویش	_	_
8	بالاخره	بالاخره	بالاخره	_	_
9	به	به	به	_	_
10	خنده	خنده	خنده	_	_
11	افتاد	افتاد	افتاد	_	_
12	.	.	.	_	_

0	من	من	من	_	_
1	چو	چو	چو	_	_
2	لب	لب	لب	_	_
3	ژاله	ژاله	ژاله	_	_
4	شدم	شد	شد	_	_
5	خنده	خنده	خنده	_	_
6	ناک	ناک	ناک	_	_
7	،	،	،	_	_
8	جامه	جامه	جامه	_	_
9	به	به	به	_	_
10	صد	صد	صد	_	_
11	جای	جا	جای	_	_
12	چو	چو	چو	_	_
13	گل	گل	گل	_	_
14	کرده	کرده	کرده	_	_
15	چاک	چاک	چاک	_	_
16	.	.	.	_	_

0	لشکر	لشکر	لشکر	_	_
1	دشمن	دشمن	دشمن	_	_
2	ما	ما	ما	_	_
3	را	را	را	_	_
4	به	به	به	_	_
5	انهزام	انهزا	انهزام	_	_
6	واداشت	وادا	واداشت	_	_
7	.	.	.	_	_

0	از	از	از	_	_
1	وقتی	وقت	وقت	_	_
2	که	که	که	_	_
3	او	او	او	_	_
4	را	را	را	_	_
5	دید	دید	دید	_	_
6	شیدا	شیدا	شیدا	_	_
7	شد	شد	شد	_	_
8	.	.	.	_	_

0	کسی	کس	کس	_	_
1	کاندر	کاندر	کاندر	_	_
2	آب	آب	آب	_	_
3	است	است		_	_
4	و	و	و	_	_
5	آب	آب	آب	_	_
6	آشناست	آشناس	آشناست	_	_
7	از	از	از	_	_
8	آب	آب	آب	_	_
9	ار	ار	ار	_	_
10	چو	چو	چو	_	_
11	آتش	آتش	آتش	_	_
12	بترسد	بترسد	ترسید	_	_
13	رواست	رواس	رواست	_	_
14	.	.	.	_	_

0	آب	آب	آب	_	_
1	دریا	دریا	دریا	_	_
2	شور	شور	شور	_	_
3	بود	بود	بود	_	_
4	و	و	و	_	_
5	او	او	او	_	_
6	ناچار	ناچار	ناچار	_	_
7	شد	شد	شد	_	_
8	آن	آن	آن	_	_
9	را	را	را	_	_
10	بجوشاند	بجوشاند	بجوشاند	_	_
11	تا	تا	تا	_	_
12	آب	آب	آب	_	_
13	مقطر	مقطر	مقطر	_	_
14	درست	درس	درست	_	_
15	کند	کند	کند	_	_
16	.	.	.	_	_

0	پدرش	پدر	پدر	_	_
1	برایش	برای	برای	_	_
2	آستین	آستین	آستین	_	_
3	بالا	بالا	بالا	_	_
4	زد	زد	زد	_	_
5	.	.	.	_	_

0	مراسم	مراسم	مراسم	_	_
1	جشن	جشن	جشن	_	_
2	درسالن	درسالن	درسالن	_	_
3	آمفی	آمف	آمفی	_	_
4	تاتر	تا	تا	_	_
5	دانشکده	دانشکده	دانشکده	_	_
6	برگزار	برگزار	برگزار	_	_
7	شد	شد	شد	_	_
8	.	.	.	_	_

0	بالاخانه	بالاخانه	بالاخانه	_	_
1	ها		ها	_	_
2	را	را	را	_	_
3	معمولا	معمولاٌ	معمولاٌ	_	_
4	برای	برای	برای	_	_
5	دراویش	دراویش	دراویش	_	_
6	و	و	و	_	_
7	پیرمرادها	پیرمراد	پیرمراد	_	_
8	و	و	و	_	_
9	بصورت	بصور	بصورت	_	_
10	نذر	نذر	نذر	_	_
11	جهت	جهت	جهت	_	_
12	فقرا	فقرا	فقرا	_	_
13	و	و	و	_	_
14	مانند	مانند	مانند	_	_
15	آن	آن	آن	_	_
16	می	می	می	_	_
17	ساختند	ساختند	ساخت	_	_
18	.	.	.	_	_

0	علت	علت	علت	_	_
1	این	این	این	_	_
2	همه	همه	همه	_	_
3	پا	پا	پا	_	_
4	به	به	به	_	_
5	پا	پا	پا	_	_
6	کردنش	کردن	کردن	_	_
7	را	را	را	_	_
8	نفهمیدم	نفهمید	فهمید	_	_
9	.	.	.	_	_

0	او	او	او	_	_
1	ما	ما	ما	_	_
2	را	را	را	_	_
3	پا	پا	پا	_	_
4	در	در	در	_	_
5	هوا	هوا	هوا	_	_
6	رها	رها	رها	_	_
7	کرد	کرد	کرد	_	_
8	و	و	و	_	_
9	رفت	رف	رفت	_	_
10	.	.	.	_	_

0	ماجراجوئی	ماجراجوئ	ماجراجوئی	_	_
1	و	و	و	_	_
2	پرشروشور	پرشروشور	پرشروشور	_	_
3	بودن	بودن	بودن	_	_
4	کوری	کور	کور	_	_
5	مقابل	مقابل	مقابل	_	_
6	آرامش	آرام	آرامش	_	_
7	و	و	و	_	_
8	خونسردی	خونسرد	خونسرد	_	_
9	پل	پل	پل	_	_
10	(	(	(	_	_
11	که	که	که	_	_
12	وکیل	وکیل	وکیل	_	_
13	دعاوی	دعوا	دعاوی	_	_
14	تازه‌کار	تازه‌کار	تازه‌کار	_	_
15	است	است		_	_
16	)	)	)	_	_
17	،	،	،	_	_
18	به	به	به	_	_
19	همراه	همراه	همراه	_	_
20	شرایط	شرایط	شرایط	_	_
21	نامساعد	نامساعد	نامساعد	_	_
22	خانه	خانه	خانه	_	_
23	،	،	،	_	_
24	همسایه‌های	همسایه	همسایه	_	_
25	عجیب‌وغریب	عجیب‌وغریب	عجیب‌وغریب	_	_
26	و	و	و	_	_
27	به‌خصوص	به‌خصوص	به‌خصوص	_	_
28	،	،	،	_	_
29	به	به	به	_	_
30	دعوائی	دعوائ	دعوائی	_	_
31	سخت	سخت	سخت	_	_
32	و	و	و	_	_
33	رفتن	رفتن	رفتن	_	_
34	شوهر	شوهر	شوهر	_	_
35	از	از	از	_	_
36	خانه	خانه	خانه	_	_
37	منجر	منجر	منجر	_	_
38	می‌شود	می‌شود	شد	_	_
39	.	.	.	_	_

0	پنجه	پنجه	پنجه	_	_
1	بوکس	بوکس	بوکس	_	_
2	یکی	یک	یک	_	_
3	از	از	از	_	_
4	انواع	انواع	انواع	_	_
5	سلاح	سلاح	سلاح	_	_
6	های		های	_	_
7	سرد	سرد	سرد	_	_
8	است	است		_	_
9	که	که	که	_	_
10	از	از	از	_	_
11	آن	آن	آن	_	_
12	در	در	در	_	_
13	نزاع	نزاع	نزاع	_	_
14	های		های	_	_
15	خیابانی	خیابان	خیابان	_	_
16	استفاده	استفاده	استفاده	_	_
17	می	می	می	_	_
18	کنند	کنند	کرد	_	_
19	.	.	.	_	_

0	تب	تب	تب	_	_
1	زرد	زرد	زرد	_	_
2	نوعی	نوع	نوع	_	_
3	بیماری	بیمار	بیمار	_	_
4	تب	تب	تب	_	_
5	زاست	زاس	زاست	_	_
6	که	که	که	_	_
7	در	در	در	_	_
8	معده	معده	معده	_	_
9	و	و	و	_	_
10	امعا	امعا	امعا	_	_
11	تولید	تولید	تولید	_	_
12	عفونت	عفونت	عفونت	_	_
13	می	می	می	_	_
14	کند	کند	کند	_	_
15	و	و	و	_	_
16	بر	بر	بر	_	_
17	اثر	اثر	اثر	_	_
18	گزیدگی	گزیدگی	گزیدگی	_	_
19	یک	یک	یک	_	_
20	نوع	نوع	نوع	_	_
21	پشه	پشه	پشه	_	_
22	در	در	در	_	_
23	انسان	انس	انسان	_	_
24	حادث	حادث	حادث	_	_
25	می	می	می	_	_
26	شود	شود	شد	_	_
27	.	.	.	_	_

0	چگونه	چگونه	چگونه	_	_
1	است	است		_	_
2	که	که	که	_	_
3	کار	کار	کار	_	_
4	خود	خود	خود	_	_
5	را	را	را	_	_
6	جد	جد	جد	_	_
7	دانی	دان	دانست	_	_
8	و	و	و	_	_
9	پساپیش	پساپ	پساپیش	_	_
10	کارهای	کار	کار	_	_
11	خود	خود	خود	_	_
12	را	را	را	_	_
13	نگاه	نگاه	نگاه	_	_
14	میداری	میدار	میداری	_	_
15	.	.	.	_	_

0	این	این	این	_	_
1	قوم	قو	قوم	_	_
2	بعد	بعد	بعد	_	_
3	از	از	از	_	_
4	کسری	کسر	کسر	_	_
5	و	و	و	_	_
6	پرویز	پرویز	پرویز	_	_
7	بوده‌اند	بوده‌اند	بود	_	_
8	در	در	در	_	_
9	مدت	مد	مدت	_	_
10	چهار	چهار	چهار	_	_
11	سال	سال	سال	_	_
12	و	و	و	_	_
13	پنج	پنج	پنج	_	_
14	کمابیش	کمابیش	کمابیش	_	_
15	پادشاهی	پادشاه	پادشاه	_	_
16	کرده‌اند	کرده‌اند	کرد	_	_
17	.	.	.	_	_

0	هوا	هوا	هوا	_	_
1	کم	کم	کم	_	_
2	کم	کم	کم	_	_
3	داشت	داش	داشت	_	_
4	گرگ	گرگ	گرگ	_	_
5	و	و	و	_	_
6	میش	می	میش	_	_
7	می	می	می	_	_
8	شد	شد	شد	_	_
9	.	.	.	_	_

0	جنگ	جنگ	جنگ	_	_
1	زرگری	زرگر	زرگر	_	_
2	میانجی	میانجی	میانجی	_	_
3	نخواهد‌.	نخواهد‌.	نخواهد_.	_	_

0	غارت	غار	غارت	_	_
1	جهان	جهان	جهان	_	_
2	سوم	سو	سوم	_	_
3	نام	نا	نام	_	_
4	یک	یک	یک	_	_
5	کتاب	کتاب	کتاب	_	_
6	ادبی	ادب	ادب	_	_
7	است	است		_	_
8	که	که	که	_	_
9	توسط	توسط	توسط	_	_
10	نویسنده	نویسنده	نویسنده	_	_
11	اهل	اهل	اهل	_	_
12	فرانسه	فرانسه	فرانسه	_	_
13	نوشته‌شده‌است	نوشته‌شده‌اس	نوشت	_	_
14	.	.	.	_	_

0	نام	نا	نام	_	_
1	دیگر	دیگر	دیگر	_	_
2	خرچنگ	خرچنگ	خرچنگ	_	_
3	چنگار	چنگار	چنگار	_	_
4	است	است		_	_
5	.	.	.	_	_

0	همه	همه	همه	_	_
1	جا	جا	جا	_	_
2	چو	چو	چو	_	_
3	افتاد	افتاد	افتاد	_	_
4	که	که	که	_	_
5	او	او	او	_	_
6	نمی	نم	نم	_	_
7	آید	آید	آمد	_	_
8	.	.	.	_	_

0	خال	خال	خال	_	_
1	بینی	بین	بینی	_	_
2	نوعی	نوع	نوع	_	_
3	از	از	از	_	_
4	پیشگوییست	پیشگوییس	پیشگوییست	_	_
5	که	که	که	_	_
6	با	با	با	_	_
7	دیدن	دیدن	دیدن	_	_
8	خال	خال	خال	_	_
9	بدن	بدن	بدن	_	_
10	انجام	انجام	انجام	_	_
11	می	می	می	_	_
12	گیرد	گیرد	گرفت	_	_
13	.	.	.	_	_

0	او	او	او	_	_
1	در	در	در	_	_
2	جوانی	جوان	جوان	_	_
3	بسیار	بسیار	بسیار	_	_
4	خام	خام	خام	_	_
5	رای	را	را	_	_
6	و	و	و	_	_
7	خام	خام	خام	_	_
8	عقل	عقل	عقل	_	_
9	بود	بود	بود	_	_
10	.	.	.	_	_

0	در	در	در	_	_
1	زمان	زمان	زمان	_	_
2	قدیم	قدیم	قدیم	_	_
3	؛	؛	؛	_	_
4	پادشاهان	پادشاه	پادشاه	_	_
5	به	به	به	_	_
6	بهترین	به	بهترین	_	_
7	زنشان	زن	زن	_	_
8	که	که	که	_	_
9	از	از	از	_	_
10	لحاظ	لحاظ	لحاظ	_	_
11	زیبارویی	زیبارو	زیبارو	_	_
12	و	و	و	_	_
13	رهبری	رهبر	رهبر	_	_
14	از	از	از	_	_
15	دیگران	دیگر	دیگر	_	_
16	،	،	،	_	_
17	سرتر	سر	سر	_	_
18	و	و	و	_	_
19	آس	آس	آس	_	_
20	تر	تر	تر	_	_
21	بود	بود	بود	_	_
22	لقب	لقب	لقب	_	_
23	خانم	خان	خانم	_	_
24	خانما	خانما	خانما	_	_
25	را	را	را	_	_
26	نسبت	نسب	نسبت	_	_
27	می	می	می	_	_
28	دادند	دادند	داد	_	_
29	.	.	.	_	_
30	ادبا	ادبا	ادبا	_	_
31	در	در	در	_	_
32	مجمع	مجمع	مجمع	_	_
33	سازمان	سازمان	سازمان	_	_
34	ملل	ملل	ملل	_	_
35	سخنرانی	سخنران	سخنران	_	_
36	کردند	کردند	کرد	_	_
37	.	.	.	_	_

0	به	به	به	_	_
1	دستور	دستور	دستور	_	_
2	او	او	او	_	_
3	تمام	تمام	تمام	_	_
4	اسرا	اسرا	اسرا	_	_
5	را	را	را	_	_
6	از	از	از	_	_
7	داخل	داخل	داخل	_	_
8	خزائن	خزائن	خزائن	_	_
9	آزاد	آزاد	آزاد	_	_
10	کردند	کردند	کرد	_	_
11	.	.	.	_	_

0	استاد	استاد	استاد	_	_
1	اسامی	اسم	اسامی	_	_
2	دانشجویان	دانشجو	دانشجو	_	_
3	به	به	به	_	_
4	همراه	همراه	همراه	_	_
5	آرا	آرا	آرا	_	_
6	آن	آن	آن	_	_
7	ها		ها	_	_
8	را	را	را	_	_
9	خواند	خواند	خواند	_	_
10	.	.	.	_	_

0	هنوز	هنوز	هنوز	_	_
1	هم	هم	هم	_	_
2	علل	علل	علل	_	_
3	بسیاری	بسیار	بسیار	_	_
4	از	از	از	_	_
5	امراض	امراض	امراض	_	_
6	ناشناخته	ناشناخته	ناشناخته	_	_
7	است	است		_	_
8	.	.	.	_	_

0	در	در	در	_	_
1	رانندگی	رانندگی	رانندگی	_	_
2	باید	باید	باید	_	_
3	به	به	به	_	_
4	علائم	علامت	علائم	_	_
5	هشدار	هشدار	هشدار	_	_
6	توجه	توجه	توجه	_	_
7	داشت	داش	داشت	_	_
8	.	.	.	_	_

0	جزه	جزه	جزه	_	_
1	درس	درس	درس	_	_
2	پردازش	پردازش	پردازش	_	_
3	زبان	زبان	زبان	_	_
4	های		های	_	_
5	طبیعیش	طبیعی	طبیعی	_	_
6	را	را	را	_	_
7	همراه	همراه	همراه	_	_
8	نداشت	ندا	داشت	_	_
9	.	.	.	_	_

0	با	با	با	_	_
1	آن	آن	آن	_	_
2	ضربه	ضربه	ضربه	_	_
3	دردم	درد	درد	_	_
4	دردم	درد	درد	_	_
5	آمد	آمد	آمد	_	_
6	.	.	.	_	_

0	نوشته	نوشته	نوشته	_	_
1	هایش		هایش	_	_
2	درهم	دره	درهم	_	_
3	و	و	و	_	_
4	برهم	بره	بره	_	_
5	بود	بود	بود	_	_
6	.	.	.	_	_

0	او	او	او	_	_
1	از	از	از	_	_
2	حمله	حمله	حمله	_	_
3	دشمن	دشمن	دشمن	_	_
4	درامان	درا	درامان	_	_
5	ماند	ماند	ماند	_	_
6	.	.	.	_	_

0	کتابش	کتاب	کتاب	_	_
1	دوصد	دوصد	دوصد	_	_
2	صفحه	صفحه	صفحه	_	_
3	داشت	داش	داشت	_	_
4	.	.	.	_	_

0	دوستش	دوست	دوست	_	_
1	بسیار	بسیار	بسیار	_	_
2	نرم	نر	نرم	_	_
3	دل	دل	دل	_	_
4	و	و	و	_	_
5	رقیق	رقیق	رقیق	_	_
6	القلب	القلب	القلب	_	_
7	بود	بود	بود	_	_
8	.	.	.	_	_

0	چوب	چوب	چوب	_	_
1	نیاز	نیاز	نیاز	_	_
2	به	به	به	_	_
3	رنده	رنده	رنده	_	_
4	و	و	و	_	_
5	رنده	رنده	رنده	_	_
6	کاری	کار	کاشت	_	_
7	و	و	و	_	_
8	رنده	رنده	رنده	_	_
9	کردن	کردن	کردن	_	_
10	داشت	داش	داشت	_	_
11	.	.	.	_	_

0	آهن	آهن	آهن	_	_
1	در	در	در	_	_
2	مجاورت	مجاور	مجاورت	_	_
3	با	با	با	_	_
4	اکسیژن	اکسیژن	اکسیژن	_	_
5	شروع	شروع	شروع	_	_
6	به	به	به	_	_
7	زنگ	زنگ	زنگ	_	_
8	زدن	زدن	زدن	_	_
9	می	می	می	_	_
10	کند	کند	کند	_	_
11	.	.	.	_	_

0	جرات	جر	جر	_	_
1	نداشت	ندا	داشت	_	_
2	حرفش	حرف	حرف	_	_
3	را	را	را	_	_
4	رودررو	رودررو	رودررو	_	_
5	به	به	به	_	_
6	رویش	رو	رویش	_	_
7	آورد	آورد	آورد	_	_
8	.	.	.	_	_

0	او	او	او	_	_
1	را	را	را	_	_
2	روانه	روانه	روانه	_	_
3	کرد	کرد	کرد	_	_
4	تا	تا	تا	_	_
5	به	به	به	_	_
6	کارش	کار	کار	_	_
7	برسد	برسد	رسید	_	_
8	.	.	.	_	_

0	او	او	او	_	_
1	در	در	در	_	_
2	بستر	بس	بستر	_	_
3	افتاده‌بود	افتاده‌بود	افتاد	_	_
4	و	و	و	_	_
5	روبه	روبه	روبه	_	_
6	مرگ	مرگ	مرگ	_	_
7	بود	بود	بود	_	_
8	.	.	.	_	_

0	کارهایش	کار	کار	_	_
1	بسیار	بسیار	بسیار	_	_
2	روح	روح	روح	_	_
3	فرسا	فرسا	فرسا	_	_
4	و	و	و	_	_
5	عذاب	عذاب	عذاب	_	_
6	آور	آور	آور	_	_
7	بود	بود	بود	_	_
8	.	.	.	_	_

