0	﻿وی	﻿و	﻿وی	_	_
1	افزود	افزود	افزود	_	_
2	:	:	:	_	_
3	در	در	در	_	_
4	سال	سال	سال	_	_
5	۹۵	۹۵	۹۵	_	_
6	نیز	نیز	نیز	_	_
7	آقای	آقا	آقا	_	_
8	اللهیاری	اللهیار	اللهیاری	_	_
9	برای	برای	برای	_	_
10	چند	چند	چند	_	_
11	روز	روز	روز	_	_
12	بازداشت	بازداشت	بازداشت	_	_
13	شده‌بود	شده‌بود	شد	_	_
14	که	که	که	_	_
15	با	با	با	_	_
16	ضمانت	ضمان	ضمانت	_	_
17	ملکی	ملک	ملک	_	_
18	معاونش	معاون	معاون	_	_
19	از	از	از	_	_
20	زندان	زند	زندان	_	_
21	آزاد	آزاد	آزاد	_	_
22	شد	شد	شد	_	_
23	،	،	،	_	_
24	ولی	ول	ولی	_	_
25	از	از	از	_	_
26	آن	آن	آن	_	_
27	زمان	زمان	زمان	_	_
28	تا	تا	تا	_	_
29	کنون	کنون	کنون	_	_
30	بقیه	بقیه	بقیه	_	_
31	پرونده‌ها	پرونده	پرونده	_	_
32	در	در	در	_	_
33	سازمان	سازمان	سازمان	_	_
34	نظام	نظام	نظام	_	_
35	روانشناسی	روانشناس	روانشناسی	_	_
36	مسکوت	مسکو	مسکوت	_	_
37	مانده‌بود	مانده‌بود	ماند	_	_
38	.	.	.	_	_

0	عضو	عضو	عضو	_	_
1	سازمان	سازمان	سازمان	_	_
2	نظام	نظام	نظام	_	_
3	روانشناسی	روانشناس	روانشناسی	_	_
4	خاطرنشان	خاطرنشان	خاطرنشان	_	_
5	کرد	کرد	کرد	_	_
6	:	:	:	_	_
7	از	از	از	_	_
8	مهر	مهر	مهر	_	_
9	ماه	ماه	ماه	_	_
10	سال	سال	سال	_	_
11	گذشته	گذشته	گذشته	_	_
12	رد	رد	رد	_	_
13	صلاحیت	صلاحیت	صلاحیت	_	_
14	رئیس	رئیس	رئیس	_	_
15	سازمان	سازمان	سازمان	_	_
16	روانشناسی	روانشناس	روانشناسی	_	_
17	توسط	توسط	توسط	_	_
18	دفتر	دف	دفتر	_	_
19	رئیس	رئیس	رئیس	_	_
20	جمهور	جمهور	جمهور	_	_
21	انجام	انجام	انجام	_	_
22	گرفت	گرفت	گرفت	_	_
23	،	،	،	_	_
24	ولی	ول	ولی	_	_
25	علی‌رغم	علی‌رغم	علی‌رغم	_	_
26	این	این	این	_	_
27	رد	رد	رد	_	_
28	صلاحیت	صلاحیت	صلاحیت	_	_
29	همچنان	همچنان	همچنان	_	_
30	عباسعلی	عباسعلی	عباسعلی	_	_
31	اللهیاری	اللهیار	اللهیاری	_	_
32	در	در	در	_	_
33	کافه	کافه	کافه	_	_
34	یا	یا	یا	_	_
35	تریا	تریا	تریا	_	_
36	کارتابل	کارتابل	کارتابل	_	_
37	سازمان	سازمان	سازمان	_	_
38	را	را	را	_	_
39	امضا	امضا	امضا	_	_
40	می‌کرد	مي‌کرد	مي‌کرد	_	_
41	.	.	.	_	_

0	پنج	پنج	پنج	_	_
1	شنبه	شنبه	شنبه	_	_
2	ها		ها	_	_
3	به	به	به	_	_
4	زودی	زود	زود	_	_
5	می	مي	مي	_	_
6	گذرند	گذرند	گذشت	_	_
7	.	.	.	_	_

0	دویست‌	دویست	دویست	_	_
1	و	و	و	_	_
2	هشتاد	هشتاد	هشتاد	_	_
3	و	و	و	_	_
4	نهمین	نه	نهمین	_	_
5	سمینار	سمینار	سمینار	_	_
6	ادواری	ادوار	ادوار	_	_
7	عصب	عصب	عصب	_	_
8	پژوهی	پژوه	پژوهی	_	_
9	اجتماعی	اجتماع	اجتماع	_	_
10	به	به	به	_	_
11	مغزپژوهی	مغزپژوه	مغزپژوهی	_	_
12	رشک	رشک	رشک	_	_
13	و	و	و	_	_
14	حسد	حسد	حسد	_	_
15	اختصاص	اختصاص	اختصاص	_	_
16	دارد	دارد	داشت	_	_
17	.	.	.	_	_

0	سخنران	سخنران	سخنران	_	_
1	این	اين	اين	_	_
2	نشست	نشست	نشست	_	_
3	که	كه	كه	_	_
4	۲۶	26	26	_	_
5	مهر	مهر	مهر	_	_
6	برگزار	برگزار	برگزار	_	_
7	می‌شود	مي‌شود	مي‌شود	_	_
8	دکتر	دك	دكتر	_	_
9	آذرخش	آذرخش	آذرخش	_	_
10	مکری	مكري	مكري	_	_
11	است	است		_	_
12	.	.	.	_	_

0	در	در	در	_	_
1	این	اين	اين	_	_
2	سمینار	سمينار	سمينار	_	_
3	که	كه	كه	_	_
4	از	از	از	_	_
5	ساعت	ساعت	ساعت	_	_
6	هشت	هشت	هشت	_	_
7	و	و	و	_	_
8	نیم	ني	نيم	_	_
9	صبح	صبح	صبح	_	_
10	تا	تا	تا	_	_
11	یازده	يازده	يازده	_	_
12	در	در	در	_	_
13	سالن	سالن	سالن	_	_
14	کنفرانس	كنفرانس	كنفرانس	_	_
15	بیمارستان	بيمارس	بيمارستان	_	_
16	ایرانمهر	ايرانمهر	ايرانمهر	_	_
17	برقرار	برقرار	برقرار	_	_
18	است	است		_	_
19	صاحب	صاحب	صاحب	_	_
20	نظران	نظر	نظر	_	_
21	و	و	و	_	_
22	علاقه	علاقه	علاقه	_	_
23	مندان	مند	مندان	_	_
24	به	به	به	_	_
25	موضوع	موضوع	موضوع	_	_
26	مغز	مغز	مغز	_	_
27	پژوهی	پژوهي	پژوهي	_	_
28	رشک	رشك	رشك	_	_
29	و	و	و	_	_
30	حسد	حسد	حسد	_	_
31	به	به	به	_	_
32	بحث	بحث	بحث	_	_
33	و	و	و	_	_
34	تبادل	تبادل	تبادل	_	_
35	نظر	نظر	نظر	_	_
36	می‌پردازند	مي‌پردازند	مي‌پردازند	_	_
37	.	.	.	_	_

0	ورود	ورود	ورود	_	_
1	برای	براي	براي	_	_
2	عموم	عمو	عموم	_	_
3	آزاد	آزاد	آزاد	_	_
4	است	است		_	_
5	و	و	و	_	_
6	درباره	درباره	درباره	_	_
7	موضوع	موضوع	موضوع	_	_
8	با	با	با	_	_
9	صاحب	صاحب	صاحب	_	_
10	نظران	نظر	نظر	_	_
11	بحث	بحث	بحث	_	_
12	و	و	و	_	_
13	گفت	گفت	گفت	_	_
14	و	و	و	_	_
15	گو	گو	گو	_	_
16	انجام	انجام	انجام	_	_
17	می‌شود	مي‌شود	مي‌شود	_	_
18	.	.	.	_	_

0	در	در	در	_	_
1	کالبدشکافی	کالبدشکاف	کالبدشکافی	_	_
2	سایت	سا	سایت	_	_
3	iFixit	iFixit	iFixit	_	_
4	،	،	،	_	_
5	آن‌ها	آن	آن	_	_
6	موفق	موفق	موفق	_	_
7	به	به	به	_	_
8	کشف	کشف	کشف	_	_
9	یک	یک	یک	_	_
10	نوار	نوار	نوار	_	_
11	آنتن	آنتن	آنتن	_	_
12	جدید	جدید	جدید	_	_
13	در	در	در	_	_
14	بخش	بخش	بخش	_	_
15	پایینی	پایین	پایین	_	_
16	گوشی	گوش	گوش	_	_
17	شدند	شدند	شد	_	_
18	که	که	که	_	_
19	قاعدتا	قاعدتا	قاعدتا	_	_
20	باید	باید	باید	_	_
21	منجر	منجر	منجر	_	_
22	به	به	به	_	_
23	بهبود	بهبود	بهبود	_	_
24	آنتن‌دهی	آنتن‌ده	آنتن‌دهی	_	_
25	این	این	این	_	_
26	گوشی‌ها	گوشی	گوشی‌ها	_	_
27	شود	شود	شد	_	_
28	.	.	.	_	_

0	کاربران	کاربر	کاربر	_	_
1	برای	برای	برای	_	_
2	توضیح	توضیح	توضیح	_	_
3	این	این	این	_	_
4	مشکل	مشکل	مشکل	_	_
5	تئوری‌های	تئوری	تئوری‌های	_	_
6	مختلفی	مختلف	مختلف	_	_
7	را	را	را	_	_
8	مطرح	مطرح	مطرح	_	_
9	کرده‌اند	کرده‌اند	کرد	_	_
10	و	و	و	_	_
11	برخی	برخی	برخی	_	_
12	از	از	از	_	_
13	آن‌ها	آن	آن	_	_
14	شبکه‌های	شبکه	شبکه	_	_
15	تلفن	تلفن	تلفن	_	_
16	همراه	همراه	همراه	_	_
17	را	را	را	_	_
18	مقصر	مقصر	مقصر	_	_
19	این	این	این	_	_
20	موضوع	موضوع	موضوع	_	_
21	می‌دانند	می‌دانند	دانست	_	_
22	ولی	ول	ولی	_	_
23	برخی	برخی	برخی	_	_
24	دیگر	دیگر	دیگر	_	_
25	اعلام	اعلا	اعلام	_	_
26	کرده‌اند	کرده‌اند	کرد	_	_
27	که	که	که	_	_
28	این	این	این	_	_
29	مساله	مساله	مساله	_	_
30	یادآور	یادآور	یادآور	_	_
31	مشکل	مشکل	مشکل	_	_
32	مربوط	مربوط	مربوط	_	_
33	به	به	به	_	_
34	آنتن‌های	آنتن	آنتن	_	_
35	آیفون	آیفون	آیفون	_	_
36	۴	۴	۴	_	_
37	است	است		_	_
38	که	که	که	_	_
39	در	در	در	_	_
40	آن	آن	آن	_	_
41	زمان	زمان	زمان	_	_
42	سر	سر	سر	_	_
43	و	و	و	_	_
44	صدای	صدا	صدا	_	_
45	بسیار	بسیار	بسیار	_	_
46	زیادی	زیاد	زیاد	_	_
47	به	به	به	_	_
48	راه	راه	راه	_	_
49	انداخت	انداخ	انداخت	_	_
50	.	.	.	_	_

0	چندروز	چندروز	چندروز	_	_
1	بعد	بعد	بعد	_	_
2	از	از	از	_	_
3	تصویب	تصویب	تصویب	_	_
4	چهارمین	چهار	چهارمین	_	_
5	لایحه	لایحه	لایحه	_	_
6	در	در	در	_	_
7	چارچوب	چارچوب	چارچوب	_	_
8	لوایح	لوایح	لوایح	_	_
9	مرتبط	مرتبط	مرتبط	_	_
10	با	با	با	_	_
11	پول	پول	پول	_	_
12	شویی	شو	شویی	_	_
13	و	و	و	_	_
14	مبارزه	مبارزه	مبارزه	_	_
15	با	با	با	_	_
16	تروریسم	تروریس	تروریسم	_	_
17	موسوم	موسوم	موسوم	_	_
18	به	به	به	_	_
19	FATF	FATF	FATF	_	_
20	،	،	،	_	_
21	بساط	بساط	بساط	_	_
22	اتهام	اتهام	اتهام	_	_
23	زنی	زن	زنی	_	_
24	در	در	در	_	_
25	مورد	مورد	مورد	_	_
26	پشت	پشت	پشت	_	_
27	پرده	پرده	پرده	_	_
28	رشد	رشد	رشد	_	_
29	قیمت	قیم	قیمت	_	_
30	دلار	دلار	دلار	_	_
31	بالا	بالا	بالا	_	_
32	گرفته‌است	گرفته‌است	گرفت	_	_
33	.	.	.	_	_

0	علائم	علامت	علائم	_	_
1	سیاسی	سیاسی	سیاسی	_	_
2	و	و	و	_	_
3	رسانه‌ای	رسانه	رسانه	_	_
4	از	از	از	_	_
5	بروز	بروز	بروز	_	_
6	یک	یک	یک	_	_
7	جنگ	جنگ	جنگ	_	_
8	ارزی	ارز	ارزی	_	_
9	بر	بر	بر	_	_
10	سر	سر	سر	_	_
11	تأیید	تأیید	تأیید	_	_
12	نهایی	نهایی	نهایی	_	_
13	FATF	FATF	FATF	_	_
14	در	در	در	_	_
15	مراجع	مراجع	مراجع	_	_
16	قانونی	قانون	قانون	_	_
17	حکایت	حکایت	حکایت	_	_
18	دارد	دارد	داشت	_	_
19	.	.	.	_	_

0	به‌گزارش	به‌گزار	به‌گزارش	_	_
1	همشهری	همشهری	همشهری	_	_
2	،	،	،	_	_
3	تریبون‌های	تریبون	تریبون‌های	_	_
4	سیاسی	سیاسی	سیاسی	_	_
5	و	و	و	_	_
6	رسانه‌ای	رسانه	رسانه	_	_
7	برخی	برخی	برخی	_	_
8	گروه‌های	گروه	گروه	_	_
9	مخالف	مخالف	مخالف	_	_
10	دولت	دول	دولت	_	_
11	،	،	،	_	_
12	به	به	به	_	_
13	محل	محل	محل	_	_
14	اتهام	اتهام	اتهام	_	_
15	زنی	زن	زنی	_	_
16	علیه	علیه	علیه	_	_
17	دولت	دول	دولت	_	_
18	در	در	در	_	_
19	مورد	مورد	مورد	_	_
20	افزایش	افزایش	افزایش	_	_
21	قیمت	قیم	قیمت	_	_
22	ارز	ارز	ارز	_	_
23	تبدیل	تبدیل	تبدیل	_	_
24	شده‌است	شده‌است	شد	_	_
25	.	.	.	_	_

0	در	در	در	_	_
1	طول	طول	طول	_	_
2	چند	چند	چند	_	_
3	روز	روز	روز	_	_
4	گذشته	گذشته	گذشته	_	_
5	به	به	به	_	_
6	ویژه	ویژه	ویژه	_	_
7	بعد	بعد	بعد	_	_
8	از	از	از	_	_
9	تصویب	تصویب	تصویب	_	_
10	قانون	قانون	قانون	_	_
11	CFT	CFT	CFT	_	_
12	در	در	در	_	_
13	مجلس	مجلس	مجلس	_	_
14	،	،	،	_	_
15	برخی	برخی	برخی	_	_
16	رسانه	رسانه	رسانه	_	_
17	ها		ها	_	_
18	وارد	وارد	وارد	_	_
19	کارزار	کارزار	کارزار	_	_
20	سیگنال	سیگنال	سیگنال	_	_
21	دهی	ده	داد	_	_
22	به	به	به	_	_
23	قیمت	قیم	قیمت	_	_
24	ارز	ارز	ارز	_	_
25	در	در	در	_	_
26	بازار	بازار	بازار	_	_
27	آزاد	آزاد	آزاد	_	_
28	شده‌اند	شده‌اند	شد	_	_
29	.	.	.	_	_

0	آنها	آن	آن	_	_
1	عامل	عامل	عامل	_	_
2	اصلی	اصل	اصل	_	_
3	افزایش	افزایش	افزایش	_	_
4	قیمت	قیم	قیمت	_	_
5	دلار	دلار	دلار	_	_
6	را	را	را	_	_
7	دولت	دول	دولت	_	_
8	و	و	و	_	_
9	تصویب	تصویب	تصویب	_	_
10	شدن	شدن	شدن	_	_
11	قانون	قانون	قانون	_	_
12	FATF	FATF	FATF	_	_
13	در	در	در	_	_
14	مجلس	مجلس	مجلس	_	_
15	می‌دانند	می‌دانند	دانست	_	_
16	.	.	.	_	_

0	در	در	در	_	_
1	روزهای	روز	روز	_	_
2	اخیر	اخیر	اخیر	_	_
3	خبرگزاری	خبرگزاری	خبرگزاری	_	_
4	فارس	فارس	فارس	_	_
5	و	و	و	_	_
6	روزنامه	روزنامه	روزنامه	_	_
7	کیهان	کیهان	کیهان	_	_
8	با	با	با	_	_
9	تیترهایی	تیتر	تیتر	_	_
10	جهت	جهت	جهت	_	_
11	دار	دار	دار	_	_
12	،	،	،	_	_
13	به	به	به	_	_
14	شکلی	شکل	شکل	_	_
15	آشکار	آشکار	آشکار	_	_
16	رشد	رشد	رشد	_	_
17	قیمت	قیم	قیمت	_	_
18	دلار	دلار	دلار	_	_
19	را	را	را	_	_
20	به	به	به	_	_
21	دولت	دول	دولت	_	_
22	و	و	و	_	_
23	تصویب	تصویب	تصویب	_	_
24	FATF	FATF	FATF	_	_
25	نسبت	نسب	نسبت	_	_
26	داده‌اند	داده‌اند	داد	_	_
27	.	.	.	_	_

0	خاشقجی	خاشقج	خاشقجی	_	_
1	که	که	که	_	_
2	سابقه	سابقه	سابقه	_	_
3	گفتگو	گفتگو	گفتگو	_	_
4	با	با	با	_	_
5	بن	بن	بن	_	_
6	لادن	لادن	لادن	_	_
7	را	را	را	_	_
8	نیز	نیز	نیز	_	_
9	در	در	در	_	_
10	کارنامه	کارنامه	کارنامه	_	_
11	خود	خود	خود	_	_
12	دارد	دارد	داشت	_	_
13	و	و	و	_	_
14	پیش‌تر	پیش	پیش	_	_
15	هم	هم	هم	_	_
16	مشاور	مشاور	مشاور	_	_
17	دولت	دول	دولت	_	_
18	عربستان	عربستان	عربستان	_	_
19	بوده	بوده	بوده	_	_
20	و	و	و	_	_
21	رابطه	رابطه	رابطه	_	_
22	بسیار	بسیار	بسیار	_	_
23	خوبی	خوب	خوبی	_	_
24	با	با	با	_	_
25	شاهزادگان	شاهزادگ	شاهزادگان	_	_
26	سعودی	سعود	سعودی	_	_
27	علی	علي	علي	_	_
28	الخصوص	الخصوص	الخصوص	_	_
29	محمد	محمد	محمد	_	_
30	بن	بن	بن	_	_
31	نایف	نایف	نایف	_	_
32	ولیعهد	ولیعهد	ولیعهد	_	_
33	برکنار	برکنار	برکنار	_	_
34	شده	شده	شده	_	_
35	سعودی	سعود	سعودی	_	_
36	داشته‌است	داشته‌است	داشت	_	_
37	در	در	در	_	_
38	سال	سال	سال	_	_
39	۲۰۱۷	2017	2017	_	_
40	در	در	در	_	_
41	پی	پی	پی	_	_
42	طرح	طرح	طرح	_	_
43	انتقادهایی	انتقاد	انتقاد	_	_
44	نسبت	نسب	نسبت	_	_
45	به	به	به	_	_
46	سیاست‌های	سیاست	سیاست	_	_
47	محمد	محمد	محمد	_	_
48	بن	بن	بن	_	_
49	سلمان	سل	سلمان	_	_
50	،	،	،	_	_
51	ولیعهد	ولیعهد	ولیعهد	_	_
52	عربستان	عربستان	عربستان	_	_
53	و	و	و	_	_
54	نیز	نیز	نیز	_	_
55	زیر	زیر	زیر	_	_
56	سوال	سوال	سوال	_	_
57	بردن	بردن	بردن	_	_
58	مداخله	مداخله	مداخله	_	_
59	نظامی	نظام	نظام	_	_
60	عربستان	عربستان	عربستان	_	_
61	در	در	در	_	_
62	یمن	یمن	یمن	_	_
63	،	،	،	_	_
64	از	از	از	_	_
65	بیم	بی	بیم	_	_
66	دستگیری	دستگیر	دستگیر	_	_
67	عربستان	عربستان	عربستان	_	_
68	را	را	را	_	_
69	ترک	ترک	ترک	_	_
70	کرد	کرد	کرد	_	_
71	و	و	و	_	_
72	به	به	به	_	_
73	آمریکا	آمریکا	آمریکا	_	_
74	رفت	رف	رفت	_	_
75	.	.	.	_	_

0	شب	شب	شب	_	_
1	عید	عید	عید	_	_
2	نوروز	نوروز	نوروز	_	_
3	بود	بود	بود	_	_
4	و	و	و	_	_
5	موقع	موقع	موقع	_	_
6	ترفیع	ترفیع	ترفیع	_	_
7	رتبه	رتبه	رتبه	_	_
8	.	.	.	_	_

0	در	در	در	_	_
1	اداره	اداره	اداره	_	_
2	با	با	با	_	_
3	هم	هم	هم	_	_
4	قطارها	قطار	قطار	_	_
5	قرار	قرار	قرار	_	_
6	و	و	و	_	_
7	مدار	مدار	مدار	_	_
8	گذاشته‌بودیم	گذاشته‌بود	گذاشت	_	_
9	که	که	که	_	_
10	هرکس	هرکس	هرکس	_	_
11	اول	اول	اول	_	_
12	ترفیع	ترفیع	ترفیع	_	_
13	رتبه	رتبه	رتبه	_	_
14	یافت	یافت	یافت	_	_
15	،	،	،	_	_
16	به	به	به	_	_
17	عنوان	عنوان	عنوان	_	_
18	ولیمه	ولیمه	ولیمه	_	_
19	یک	یک	یک	_	_
20	مهمانی	مهمان	مهمان	_	_
21	دسته	دسته	دسته	_	_
22	جمعی	جمع	جمع	_	_
23	کرده	کرده	کرده	_	_
24	،	،	،	_	_
25	کباب	کباب	کباب	_	_
26	غاز	غاز	غاز	_	_
27	صحیحی	صحیح	صحیح	_	_
28	بدهد	بدهد	داد	_	_
29	دوستان	دوست	دوستان	_	_
30	نوش	نو	نوش	_	_
31	جان	جان	جان	_	_
32	نموده	نموده	نموده	_	_
33	به	به	به	_	_
34	عمر	عمر	عمر	_	_
35	و	و	و	_	_
36	عزتش	عزت	عزت	_	_
37	دعا	دعا	دعا	_	_
38	کنند	کنند	کرد	_	_
39	.	.	.	_	_

0	زد	زد	زد	_	_
1	و	و	و	_	_
2	ترفیع	ترفیع	ترفیع	_	_
3	رتبه	رتبه	رتبه	_	_
4	به	به	به	_	_
5	اسم	اسم	اسم	_	_
6	من	من	من	_	_
7	در	در	در	_	_
8	آمد	آمد	آمد	_	_
9	.	.	.	_	_

0	فورا	فوراً	فوراً	_	_
1	مساله	مساله	مساله	_	_
2	ی		ی	_	_
3	مهمانی	مهمان	مهمان	_	_
4	و	و	و	_	_
5	قرار	قرار	قرار	_	_
6	با	با	با	_	_
7	رفقا	رفقا	رفقا	_	_
8	را	را	را	_	_
9	با	با	با	_	_
10	عیالم	عیال	عیال	_	_
11	که	که	که	_	_
12	به	به	به	_	_
13	تازگی	تازگی	تازگی	_	_
14	با	با	با	_	_
15	هم	هم	هم	_	_
16	عروسی	عروس	عروس	_	_
17	کرده‌بودیم	کرده‌بود	کرد	_	_
18	در	در	در	_	_
19	میان	می	میان	_	_
20	گذاشتم	گذا	گذاشت	_	_
21	.	.	.	_	_

0	گفت	گفت	گفت	_	_
1	تو	تو	تو	_	_
2	شیرینی	شیرین	شیرینی	_	_
3	عروسی	عروس	عروس	_	_
4	هم	هم	هم	_	_
5	به	به	به	_	_
6	دوستانت	دوستان	دوستان	_	_
7	نداده‌ای	نداده‌ا	داد	_	_
8	و	و	و	_	_
9	باید	باید	باید	_	_
10	در	در	در	_	_
11	این	این	این	_	_
12	موقع	موقع	موقع	_	_
13	درست	درس	درست	_	_
14	جلوشان	جلو	جلو	_	_
15	در	در	در	_	_
16	آیی	آ	آمد	_	_
17	.	.	.	_	_

0	ولی	ول	ولی	_	_
1	چیزی	چیز	چیز	_	_
2	که	که	که	_	_
3	هست	هس		_	_
4	چون	چون	چون	_	_
5	ظرف	ظرف	ظرف	_	_
6	و	و	و	_	_
7	کارد	کارد	کارد	_	_
8	و	و	و	_	_
9	چنگال	چنگال	چنگال	_	_
10	برای	برای	برای	_	_
11	دوازده	دوازده	دوازده	_	_
12	نفر	نفر	نفر	_	_
13	بیش	بی	بیش	_	_
14	تر	تر	تر	_	_
15	نداریم	ندار	داشت	_	_
16	یا	یا	یا	_	_
17	باید	باید	باید	_	_
18	باز	باز	باز	_	_
19	یک	یک	یک	_	_
20	دست	دست	دست	_	_
21	دیگر	دیگر	دیگر	_	_
22	خرید	خرید	خرید	_	_
23	و	و	و	_	_
24	یا	یا	یا	_	_
25	باید	باید	باید	_	_
26	عده‌ی	عده	عده	_	_
27	مهمان	مه	مهمان	_	_
28	بیشتر	بی	بیشتر	_	_
29	از	از	از	_	_
30	یازده	یازده	یازده	_	_
31	نفر	نفر	نفر	_	_
32	نباشد	نباشد	بود	_	_
33	که	که	که	_	_
34	با	با	با	_	_
35	خودت	خود	خود	_	_
36	بشود	بشود	شد	_	_
37	دوازده	دوازده	دوازده	_	_
38	نفر	نفر	نفر	_	_
39	.	.	.	_	_

0	گفتم	گفت	گفت	_	_
1	خودت	خود	خود	_	_
2	بهتر	به	بهتر	_	_
3	می‌دانی	می‌دان	دانست	_	_
4	که	که	که	_	_
5	در	در	در	_	_
6	این	این	این	_	_
7	شب	شب	شب	_	_
8	عیدی	عید	عید	_	_
9	مالیه	مالیه	مالیه	_	_
10	از	از	از	_	_
11	چه	چه	چه	_	_
12	قرار	قرار	قرار	_	_
13	است	است		_	_
14	و	و	و	_	_
15	بودجه	بودجه	بودجه	_	_
16	ابدن	ابدن	ابدن	_	_
17	اجازه‌ی	اجازه	اجازه	_	_
18	خریدن	خریدن	خریدن	_	_
19	خرت	خر	خرت	_	_
20	و	و	و	_	_
21	پرت	پر	پرت	_	_
22	تازه	تازه	تازه	_	_
23	نمی	نم	نم	_	_
24	دهد	دهد	داد	_	_
25	و	و	و	_	_
26	دوستان	دوست	دوستان	_	_
27	هم	هم	هم	_	_
28	از	از	از	_	_
29	بیست	بیست	بیست	_	_
30	و	و	و	_	_
31	سه‌	سه	سه	_	_
32	چهار	چهار	چهار	_	_
33	نفر	نفر	نفر	_	_
34	کم‌تر	کم‌تر	کم‌تر	_	_
35	نمی‌شوند	نمی‌شوند	شد	_	_
36	.	.	.	_	_

0	گفت	گفت	گفت	_	_
1	یک	یک	یک	_	_
2	بر	بر	بر	_	_
3	نره	نره	نره	_	_
4	خر	خر	خر	_	_
5	گردن	گردن	گردن	_	_
6	کلفت	کلفت	کلفت	_	_
7	را	را	را	_	_
8	که	که	که	_	_
9	نمی‌شود	نمی‌شود	شد	_	_
10	وعده	وعده	وعده	_	_
11	گرفت	گرفت	گرفت	_	_
12	.	.	.	_	_

0	تنها	تنها	تنها	_	_
1	همان	هم	همان	_	_
2	رتبه‌های	رتبه‌هاي	رتبه‌هاي	_	_
3	بالا	بالا	بالا	_	_
4	را	را	را	_	_
5	وعده	وعده	وعده	_	_
6	بگیر	بگیر	گرفت	_	_
7	و	و	و	_	_
8	مابقی	مابقی	مابقی	_	_
9	را	را	را	_	_
10	نقدا	نقداً	نقداً	_	_
11	خط	خط	خط	_	_
12	بکش	بک	کشید	_	_
13	و	و	و	_	_
14	بگذار	بگذار	گذاشت	_	_
15	سماق	سماق	سماق	_	_
16	بمکند	بمکند	بمکند	_	_
17	.	.	.	_	_

0	گفتم	گفت	گفت	_	_
1	ای	ای	ای	_	_
2	بابا	بابا	بابا	_	_
3	،	،	،	_	_
4	خدا	خدا	خدا	_	_
5	را	را	را	_	_
6	خوش	خو	خوش	_	_
7	نمی‌آید	نمی‌آید	آمد	_	_
8	.	.	.	_	_

0	این	این	این	_	_
1	بدبخت‌ها	بدبخت	بدبخت	_	_
2	سال	سال	سال	_	_
3	آزگار	آزگار	آزگار	_	_
4	یک	یک	یک	_	_
5	بار	بار	بار	_	_
6	برایشان	برای	برای	_	_
7	چنین	چنین	چنین	_	_
8	پایی	پا	پایی	_	_
9	می‌افتد	می‌افتد	افتاد	_	_
10	و	و	و	_	_
11	شکم‌ها	شکم	شکم	_	_
12	را	را	را	_	_
13	مدتی	مدت	مدت	_	_
14	است	است		_	_
15	صابون	صابون	صابون	_	_
16	زده‌اند	زده‌اند	زد	_	_
17	که	که	که	_	_
18	کباب‌غاز	کباب‌غاز	کباب‌غاز	_	_
19	بخورند	بخورند	خورد	_	_
20	و	و	و	_	_
21	ساعت	ساعت	ساعت	_	_
22	شماری	شمار	شمرد	_	_
23	می‌کنند	می‌کنند	کرد	_	_
24	.	.	.	_	_

0	اگر	اگر	اگر	_	_
1	از	از	از	_	_
2	زیرش	زیر	زیر	_	_
3	در	در	در	_	_
4	بروم	برو	رفت	_	_
5	چشمم	چشم	چشم	_	_
6	را	را	را	_	_
7	در	در	در	_	_
8	خواهند‌آورد	خواهند‌آورد	آورد	_	_
9	و	و	و	_	_
10	حالا	حالا	حالا	_	_
11	که	که	که	_	_
12	خودمانیم	خودمانی	خودمانی	_	_
13	،	،	،	_	_
14	حق	حق	حق	_	_
15	هم	هم	هم	_	_
16	دارند	دارند	داشت	_	_
17	.	.	.	_	_

0	چطور	چطور	چطور	_	_
1	است	است		_	_
2	از	از	از	_	_
3	منزل	منزل	منزل	_	_
4	یکی	یک	یک	_	_
5	از	از	از	_	_
6	دوستان	دوست	دوستان	_	_
7	و	و	و	_	_
8	آشنایان	آشنا	آشنا	_	_
9	یک‌دست	یک‌دس	یک‌دست	_	_
10	دیگر	دیگر	دیگر	_	_
11	ظرف	ظرف	ظرف	_	_
12	و	و	و	_	_
13	لوازم	لوازم	لوازم	_	_
14	عاریه	عاریه	عاریه	_	_
15	بگیریم	بگیر	گرفت	_	_
16	.	.	.	_	_

0	اینک	اینک	اینک	_	_
1	روز	روز	روز	_	_
2	دوم	دو	دوم	_	_
3	عید	عید	عید	_	_
4	است	است		_	_
5	و	و	و	_	_
6	تدارک	تدارک	تدارک	_	_
7	پذیرایی	پذیرا	پذیرایی	_	_
8	از	از	از	_	_
9	هرجهت	هرجه	هرجهت	_	_
10	دیده‌شده‌است	دیده‌شده‌اس	دید	_	_
11	.	.	.	_	_

0	علاوه	علاوه	علاوه	_	_
1	بر	بر	بر	_	_
2	غاز	غاز	غاز	_	_
3	معهود	معهود	معهود	_	_
4	،	،	،	_	_
5	آش	آش	آش	_	_
6	جو	جو	جو	_	_
7	اعلا	اعلا	اعلا	_	_
8	و	و	و	_	_
9	کباب	کباب	کباب	_	_
10	بره‌ی	بره	بره	_	_
11	ممتاز	ممتاز	ممتاز	_	_
12	و	و	و	_	_
13	دو	دو	دو	_	_
14	رنگ	رنگ	رنگ	_	_
15	پلو	پلو	پلو	_	_
16	و	و	و	_	_
17	چند	چند	چند	_	_
18	جور	جور	جور	_	_
19	خورش	خورش	خورش	_	_
20	با	با	با	_	_
21	تمام	تمام	تمام	_	_
22	مخلفات	مخلفات	مخلفات	_	_
23	رو	رو	رو	_	_
24	به	به	به	_	_
25	راه	راه	راه	_	_
26	شده‌است	شده‌است	شد	_	_
27	.	.	.	_	_

0	در	در	در	_	_
1	تختخواب	تختخواب	تختخواب	_	_
2	گرم	گر	گرم	_	_
3	و	و	و	_	_
4	نرم	نر	نرم	_	_
5	و	و	و	_	_
6	تازه‌ای	تازه	تازه	_	_
7	که	که	که	_	_
8	از	از	از	_	_
9	جمله‌ی	جمله	جمله	_	_
10	اسباب	اسباب	اسباب	_	_
11	جهاز	جهاز	جهاز	_	_
12	خانم	خان	خانم	_	_
13	است	است		_	_
14	لم	ل	لم	_	_
15	داده	داده	داده	_	_
16	و	و	و	_	_
17	به	به	به	_	_
18	تفریح	تفریح	تفریح	_	_
19	تمام	تمام	تمام	_	_
20	مشغول	مشغول	مشغول	_	_
21	خواندن	خواندن	خواندن	_	_
22	حکایت‌های	حکایت	حکایت	_	_
23	بی	بی	بی	_	_
24	نظیر	نظیر	نظیر	_	_
25	صادق	صادق	صادق	_	_
26	هدایت	هدایت	هدایت	_	_
27	بودم	بود	بود	_	_
28	.	.	.	_	_

0	درست	درس	درست	_	_
1	کیفور	کیفور	کیفور	_	_
2	شده‌بودم	شده‌بود	شد	_	_
3	که	که	که	_	_
4	عیالم	عیال	عیال	_	_
5	وارد	وارد	وارد	_	_
6	شد	شد	شد	_	_
7	و	و	و	_	_
8	گفت	گفت	گفت	_	_
9	جوان	جو	جوان	_	_
10	دیلاقی	دیلاقي	دیلاقي	_	_
11	مصطفی	مصطفي	مصطفي	_	_
12	‌نام	‌نا	‌نام	_	_
13	آمده	آمده	آمده	_	_
14	می‌گوید	می‌گوید	گفت	_	_
15	پسرعموی	پسرعمو	پسرعموی	_	_
16	تنی	تنی	تنی	_	_
17	تو	تو	تو	_	_
18	است	است		_	_
19	و	و	و	_	_
20	برای	برای	برای	_	_
21	عید	عید	عید	_	_
22	مبارکی	مبارک	مبارک	_	_
23	شرفیاب	شرفیاب	شرفیاب	_	_
24	شده‌است	شده‌است	شد	_	_
25	.	.	.	_	_

0	مصطفی	مصطفی	مصطفی	_	_
1	پسرعموی	پسرعمو	پسرعموی	_	_
2	دختردایی	دختردا	دختردایی	_	_
3	خاله‌ی	خاله	خاله	_	_
4	مادرم	مادر	مادر	_	_
5	می‌شد	می‌شد	شد	_	_
6	.	.	.	_	_

0	جوانی	جوان	جوان	_	_
1	به	به	به	_	_
2	سن	سن	سن	_	_
3	بیست	بیست	بیست	_	_
4	و	و	و	_	_
5	پنج	پنج	پنج	_	_
6	یا	یا	یا	_	_
7	بیست	بیست	بیست	_	_
8	و	و	و	_	_
9	شش	شش	شش	_	_
10	.	.	.	_	_

0	لات	لا	لات	_	_
1	و	و	و	_	_
2	لوت	لو	لوت	_	_
3	و	و	و	_	_
4	آسمان	آسم	آسمان	_	_
5	جل	جل	جل	_	_
6	و	و	و	_	_
7	بی‌دست	بی‌دس	بی‌دست	_	_
8	و	و	و	_	_
9	پا	پا	پا	_	_
10	و	و	و	_	_
11	پخمه	پخمه	پخمه	_	_
12	و	و	و	_	_
13	گاگول	گاگول	گاگول	_	_
14	و	و	و	_	_
15	تا	تا	تا	_	_
16	بخواهی	بخواه	خواست	_	_
17	بدریخت	بدریخت	بدریخت	_	_
18	و	و	و	_	_
19	بدقواره	بدقواره	بدقواره	_	_
20	.	.	.	_	_

0	هروقت	هروق	هروقت	_	_
1	می‌خواست	می‌خواس	خواست	_	_
2	حرفی	حرف	حرف	_	_
3	بزند	بزند	زد	_	_
4	،	،	،	_	_
5	رنگ	رنگ	رنگ	_	_
6	می‌گذاشت	می‌گذا	گذاشت	_	_
7	و	و	و	_	_
8	رنگ	رنگ	رنگ	_	_
9	برمی‌داشت	برمی‌دا	برمی‌داشت	_	_
10	و	و	و	_	_
11	مثل	مثل	مثل	_	_
12	این‌که	این‌که	این‌که	_	_
13	دسته	دسته	دسته	_	_
14	هاون	هاون	هاون	_	_
15	برنجی	برنج	برنجی	_	_
16	در	در	در	_	_
17	گلویش	گلو	گلو	_	_
18	گیر	گیر	گیر	_	_
19	کرده‌باشد	کرده‌باشد	کرد	_	_
20	دهنش	دهن	دهنش	_	_
21	باز	باز	باز	_	_
22	می‌ماند	می‌ماند	ماند	_	_
23	و	و	و	_	_
24	به	به	به	_	_
25	خرخر	خرخر	خرخر	_	_
26	می‌افتاد	می‌افتاد	افتاد	_	_
27	.	.	.	_	_

0	الحمدالله	الحمدالله	الحمدالله	_	_
1	سالی	سال	سال	_	_
2	یک	یک	یک	_	_
3	مرتبه	مرتبه	مرتبه	_	_
4	بیش‌تر	بیش	بیش	_	_
5	از	از	از	_	_
6	زیارت	زیارت	زیارت	_	_
7	جمالش	جمال	جمال	_	_
8	مسرور	مسرور	مسرور	_	_
9	و	و	و	_	_
10	مشعوف	مشعوف	مشعوف	_	_
11	نمی‌شدم	نمی‌شد	شد	_	_
12	.	.	.	_	_

0	به	به	به	_	_
1	زنم	زن	زد	_	_
2	گفتم	گفت	گفت	_	_
3	تو	تو	تو	_	_
4	را	را	را	_	_
5	به	به	به	_	_
6	خدا	خدا	خدا	_	_
7	بگو	بگو	گفت	_	_
8	فلانی	فلان	فلان	_	_
9	هنوز	هنوز	هنوز	_	_
10	از	از	از	_	_
11	خواب	خواب	خواب	_	_
12	بیدار	بیدار	بیدار	_	_
13	نشده	نشده	شد	_	_
14	و	و	و	_	_
15	شر	شر	شر	_	_
16	این	این	این	_	_
17	غول	غول	غول	_	_
18	بی	بی	بی	_	_
19	شاخ	شاخ	شاخ	_	_
20	و	و	و	_	_
21	دم	دم	دم	_	_
22	را	را	را	_	_
23	از	از	از	_	_
24	سر	سر	سر	_	_
25	ما	ما	ما	_	_
26	بکن	بکن	کرد	_	_
27	و	و	و	_	_
28	بگذار	بگذار	گذاشت	_	_
29	برود	برود	رفت	_	_
30	لای	لا	لا	_	_
31	دست	دست	دست	_	_
32	بابای	بابا	بابا	_	_
33	علیه‌الرحمه‌اش	علیه‌الرحمه	علیه‌الرحمه‌اش	_	_
34	.	.	.	_	_

0	گفت	گفت	گفت	_	_
1	به	به	به	_	_
2	من	من	من	_	_
3	دخلی	دخل	دخل	_	_
4	ندارد	ندارد	داشت	_	_
5	!	!	!	_	_

0	مال	مال	مال	_	_
1	بد	بد	بد	_	_
2	بیخ	بیخ	بیخ	_	_
3	ریش	ری	ریش	_	_
4	صاحبش	صاحب	صاحب	_	_
5	.	.	.	_	_

0	ماشاء‌الله	ماشاء‌الله	ماشاء‌الله	_	_
1	هفت	هفت	هفت	_	_
2	قرآن	قرآن	قرآن	_	_
3	به	به	به	_	_
4	میان	می	میان	_	_
5	پسرعموی	پسرعمو	پسرعموی	_	_
6	دسته	دسته	دسته	_	_
7	دیزی	دیزی	دیزی	_	_
8	خودت	خود	خود	_	_
9	است	است		_	_
10	.	.	.	_	_

0	هرگلی	هرگل	هرگلی	_	_
1	هست	هس		_	_
2	به	به	به	_	_
3	سر	سر	سر	_	_
4	خودت	خود	خود	_	_
5	بزن	بزن	زد	_	_
6	.	.	.	_	_

0	من	من	من	_	_
1	اساسن	اساسن	اساسن	_	_
2	شرط	شرط	شرط	_	_
3	کرده‌ام	کرده‌ا	کرد	_	_
4	با	با	با	_	_
5	قوم	قو	قوم	_	_
6	و	و	و	_	_
7	خویش	خویش	خویش	_	_
8	های		های	_	_
9	ددری	ددر	ددری	_	_
10	تو	تو	تو	_	_
11	هیچ	هیچ	هیچ	_	_
12	سر	سر	سر	_	_
13	و	و	و	_	_
14	کاری	کار	کاشت	_	_
15	نداشته‌باشم	نداشته‌با	داشت	_	_
16	؛	؛	؛	_	_
17	آن‌هم	آن‌ه	آن‌هم	_	_
18	با	با	با	_	_
19	چنین	چنین	چنین	_	_
20	لندهور	لندهور	لندهور	_	_
21	الدنگی	الدنگ	الدنگ	_	_
22	.	.	.	_	_

0	دیدم	دید	دید	_	_
1	چاره‌ای	چاره	چاره	_	_
2	نیست	نیست	نیست	_	_
3	و	و	و	_	_
4	خدا	خدا	خدا	_	_
5	را	را	را	_	_
6	هم	هم	هم	_	_
7	خوش	خو	خوش	_	_
8	نمی‌آید	نمی‌آید	آمد	_	_
9	این	این	این	_	_
10	بیچاره	بیچاره	بیچاره	_	_
11	که	که	که	_	_
12	لابد	لابد	لابد	_	_
13	از	از	از	_	_
14	راه	راه	راه	_	_
15	دور	دور	دور	_	_
16	و	و	و	_	_
17	دراز	دراز	دراز	_	_
18	با	با	با	_	_
19	شکم	شک	شکم	_	_
20	گرسنه	گرسنه	گرسنه	_	_
21	و	و	و	_	_
22	پای	پا	پای	_	_
23	برهنه	برهنه	برهنه	_	_
24	به	به	به	_	_
25	امید	امید	امید	_	_
26	چند	چند	چند	_	_
27	ریال	ریال	ریال	_	_
28	عیدی	عید	عید	_	_
29	آمده	آمده	آمده	_	_
30	ناامید	ناامید	ناامید	_	_
31	کنم	کن	کرد	_	_
32	.	.	.	_	_

0	پیش	پی	پیش	_	_
1	خودم	خود	خودم	_	_
2	گفتم	گفت	گفت	_	_
3	چنین	چنین	چنین	_	_
4	روز	روز	روز	_	_
5	مبارکی	مبارک	مبارک	_	_
6	صله‌ی	صله	صله	_	_
7	ارحام	ارحام	ارحام	_	_
8	نکنی	نکن	کرد	_	_
9	کی	کی	کی	_	_
10	خواهی‌کرد	خواهی‌کرد	کرد	_	_
11	؟	؟	؟	_	_

0	لذا	لذا	لذا	_	_
1	صدایش	صدا	صدا	_	_
2	کردم	کرد	کرد	_	_
3	،	،	،	_	_
4	سرش	سر	سر	_	_
5	را	را	را	_	_
6	خم	خم	خم	_	_
7	کرده	کرده	کرده	_	_
8	وارد	وارد	وارد	_	_
9	شد	شد	شد	_	_
10	.	.	.	_	_

0	دیدم	دید	دید	_	_
1	ماشاء‌الله	ماشاء‌الله	ماشاء‌الله	_	_
2	چشم	چشم	چشم	_	_
3	بد	بد	بد	_	_
4	دور	دور	دور	_	_
5	آقا	آقا	آقا	_	_
6	واترقیده‌اند	واترقیده‌اند	واترقیده‌اند	_	_
7	.	.	.	_	_

0	قدش	قد	قد	_	_
1	درازتر	دراز	دراز	_	_
2	و	و	و	_	_
3	پک	پک	پک	_	_
4	و	و	و	_	_
5	پوزش	پوز	پوزش	_	_
6	کریه	کریه	کریه	_	_
7	‌تر		‌تر	_	_
8	شده‌است	شده‌است	شد	_	_
9	.	.	.	_	_

0	گردنش	گردن	گردن	_	_
1	مثل	مثل	مثل	_	_
2	گردن	گردن	گردن	_	_
3	همان	هم	همان	_	_
4	غاز	غاز	غاز	_	_
5	مادرمرده‌ای	مادرمرده	مادرمرده	_	_
6	که	که	که	_	_
7	در	در	در	_	_
8	همان	هم	همان	_	_
9	ساعت	ساعت	ساعت	_	_
10	در	در	در	_	_
11	دیگ	دیگ	دیگ	_	_
12	مشغول	مشغول	مشغول	_	_
13	کباب	کباب	کباب	_	_
14	شدن	شدن	شدن	_	_
15	بود	بود	بود	_	_
16	سر	سر	سر	_	_
17	از	از	از	_	_
18	یقه‌ی	یقه	یقه	_	_
19	چرکین	چرک	چرکین	_	_
20	بیرون	بیرون	بیرون	_	_
21	دوانده	دوانده	دوانده	_	_
22	بود	بود	بود	_	_
23	و	و	و	_	_
24	اگرچه	اگرچه	اگرچه	_	_
25	به	به	به	_	_
26	حساب	حساب	حساب	_	_
27	خودش	خود	خودش	_	_
28	ریش	ری	ریش	_	_
29	تراشیده	تراشیده	تراشیده	_	_
30	بود	بود	بود	_	_
31	،	،	،	_	_
32	اما	اما	اما	_	_
33	پشم‌های	پشم	پشم	_	_
34	زرد	زرد	زرد	_	_
35	و	و	و	_	_
36	سرخ	سرخ	سرخ	_	_
37	و	و	و	_	_
38	خرمایی	خرما	خرما	_	_
39	به	به	به	_	_
40	بلندی	بلند	بلند	_	_
41	یک	یک	یک	_	_
42	انگشت	انگشت	انگشت	_	_
43	از	از	از	_	_
44	لابلای	لابلا	لابلای	_	_
45	یقه‌ی	یقه	یقه	_	_
46	پیراهن	پیراهن	پیراهن	_	_
47	،	،	،	_	_
48	سر	سر	سر	_	_
49	به	به	به	_	_
50	در	در	در	_	_
51	آورده	آورده	آورده	_	_
52	و	و	و	_	_
53	مثل	مثل	مثل	_	_
54	کزم‌هایی	کزم	کزم‌هایی	_	_
55	که	که	که	_	_
56	به	به	به	_	_
57	مارچوبه‌ی	مارچوبه	مارچوبه	_	_
58	گندیده	گندیده	گندیده	_	_
59	افتاده‌باشند	افتاده‌باشند	افتاد	_	_
60	در	در	در	_	_
61	پیرامون	پیرامون	پیرامون	_	_
62	گردن	گردن	گردن	_	_
63	و	و	و	_	_
64	گلو	گلو	گلو	_	_
65	در	در	در	_	_
66	جنبش	جنب	جنبش	_	_
67	و	و	و	_	_
68	اهتزاز	اهتزاز	اهتزاز	_	_
69	بودند	بودند	بود	_	_
70	.	.	.	_	_

0	از	از	از	_	_
1	توصیف	توصیف	توصیف	_	_
2	لباسش	لباس	لباس	_	_
3	بهتر	به	بهتر	_	_
4	است	است		_	_
5	بگذرم	بگذر	گذشت	_	_
6	،	،	،	_	_
7	ولی	ول	ولی	_	_
8	همین‌قدر	همین‌قدر	همین‌قدر	_	_
9	می‌دانم	می‌دان	دانست	_	_
10	که	که	که	_	_
11	سر	سر	سر	_	_
12	زانوهای	زانو	زانو	_	_
13	شلوارش‌	شلوارش‌	شلوارش_	_	_
14	که	که	که	_	_
15	از	از	از	_	_
16	بس	بس	بس	_	_
17	شسته	شسته	شسته	_	_
18	شده‌بودند	شده‌بودند	شد	_	_
19	به‌قدر	به‌قدر	به‌قدر	_	_
20	یک	یک	یک	_	_
21	وجب	وجب	وجب	_	_
22	خورد	خورد	خورد	_	_
23	رفته‌بود	رفته‌بود	رفت	_	_
24	چنان	چنان	چنان	_	_
25	باد	باد	باد	_	_
26	کرده‌بود	کرده‌بود	کرد	_	_
27	که	که	که	_	_
28	راستی‌راستی	راستی‌راست	راستی‌راستی	_	_
29	تصور	تصور	تصور	_	_
30	کردم	کرد	کرد	_	_
31	دو	دو	دو	_	_
32	رأس	رأس	رأس	_	_
33	هندوانه	هندوانه	هندوانه	_	_
34	از	از	از	_	_
35	جایی	جا	جا	_	_
36	کش	کش	کش	_	_
37	رفته	رفته	رفته	_	_
38	و	و	و	_	_
39	در	در	در	_	_
40	آنجا	آنجا	آنجا	_	_
41	مخفی	مخفی	مخفی	_	_
42	کرده‌است	کرده‌است	کرد	_	_
43	.	.	.	_	_

0	دیدم	دید	دید	_	_
1	زیاد	زیاد	زیاد	_	_
2	پرت‌	پرت	پرت	_	_
3	و	و	و	_	_
4	بلا	بلا	بلا	_	_
5	می‌گوید	می‌گوید	گفت	_	_
6	؛	؛	؛	_	_
7	خواستم	خواست	خواست	_	_
8	نوکش	نوک	نوک	_	_
9	را	را	را	_	_
10	چیده	چیده	چیده	_	_
11	،	،	،	_	_
12	دمش	دم	دم	_	_
13	را	را	را	_	_
14	روی	رو	روی	_	_
15	کولش	کول	کول	_	_
16	بگذارم	بگذار	گذاشت	_	_
17	و	و	و	_	_
18	به	به	به	_	_
19	امان	امان	امان	_	_
20	خدا	خدا	خدا	_	_
21	بسپارم	بسپار	سپارد	_	_
22	.	.	.	_	_

0	این	این	این	_	_
1	حرف	حرف	حرف	_	_
2	که	که	که	_	_
3	در	در	در	_	_
4	بادی	باد	باد	_	_
5	امر	امر	امر	_	_
6	زیاد	زیاد	زیاد	_	_
7	بی‌پا	بی‌پا	بی‌پا	_	_
8	و	و	و	_	_
9	بی‌معنی	بی‌معنی	بی‌معنی	_	_
10	به‌نظر	به‌نظر	به‌نظر	_	_
11	می‌آمد	می‌آمد	آمد	_	_
12	،	،	،	_	_
13	کم‌کم	کم‌کم	کم‌کم	_	_
14	وقتی	وقت	وقت	_	_
15	درست	درس	درست	_	_
16	آن	آن	آن	_	_
17	را	را	را	_	_
18	در	در	در	_	_
19	زوایا	زوایا	زوایا	_	_
20	و	و	و	_	_
21	خفایای	خفایا	خفایا	_	_
22	خاطر	خاطر	خاطر	_	_
23	و	و	و	_	_
24	مخیله	مخیله	مخیله	_	_
25	نشخوار	نشخوار	نشخوار	_	_
26	کردم	کرد	کرد	_	_
27	،	،	،	_	_
28	معلوم	معلوم	معلوم	_	_
29	شد	شد	شد	_	_
30	آن	آن	آن	_	_
31	قدرها	قدر	قدر	_	_
32	هم	هم	هم	_	_
33	نامعقول	نامعقول	نامعقول	_	_
34	نیست	نیست	نیست	_	_
35	و	و	و	_	_
36	نباید	نباید	نباید	_	_
37	زیاد	زیاد	زیاد	_	_
38	سرسری	سرسری	سرسری	_	_
39	گرفت	گرفت	گرفت	_	_
40	.	.	.	_	_

0	هرچه	هرچه	هرچه	_	_
1	بیش‌تر	بیش	بیش	_	_
2	در	در	در	_	_
3	این	این	این	_	_
4	باب	باب	باب	_	_
5	دقیق	دقیق	دقیق	_	_
6	شدم	شد	شد	_	_
7	یک	یک	یک	_	_
8	نوع	نوع	نوع	_	_
9	امیدواری	امیدوار	امیدوار	_	_
10	در	در	در	_	_
11	خود	خود	خود	_	_
12	حس	حس	حس	_	_
13	نمودم	نمود	نمود	_	_
14	و	و	و	_	_
15	ستاره‌ی	ستاره	ستاره	_	_
16	ضعیفی	ضعیف	ضعیف	_	_
17	در	در	در	_	_
18	شبستان	شبستان	شبستان	_	_
19	تیره	تیره	تیره	_	_
20	و	و	و	_	_
21	تار	تار	تار	_	_
22	درونم	درون	درون	_	_
23	درخشیدن	درخشیدن	درخشیدن	_	_
24	گرفت	گرفت	گرفت	_	_
25	.	.	.	_	_

0	رفته	رفته	رفته	_	_
1	رفته	رفته	رفته	_	_
2	سر	سر	سر	_	_
3	دماغ	دماغ	دماغ	_	_
4	آمدم	آمد	آمد	_	_
5	و	و	و	_	_
6	خندان	خندان	خندان	_	_
7	و	و	و	_	_
8	شادمان	شادمان	شادمان	_	_
9	رو	رو	رو	_	_
10	به	به	به	_	_
11	مصطفی	مصطفی	مصطفی	_	_
12	نموده	نموده	نموده	_	_
13	گفتم	گفت	گفت	_	_
14	اولین	اول	اولین	_	_
15	بار	بار	بار	_	_
16	است	است		_	_
17	که	که	که	_	_
18	از	از	از	_	_
19	تو	تو	تو	_	_
20	یک	یک	یک	_	_
21	کلمه	کلمه	کلمه	_	_
22	حرف	حرف	حرف	_	_
23	حسابی	حساب	حساب	_	_
24	می‌شنوم	می‌شنو	شنید	_	_
25	ولی	ول	ولی	_	_
26	به‌نظرم	به‌نظر	به‌نظرم	_	_
27	این	این	این	_	_
28	گره	گره	گره	_	_
29	فقط	فقط	فقط	_	_
30	به	به	به	_	_
31	دست	دست	دست	_	_
32	خودت	خود	خود	_	_
33	گشوده‌خواهد‌شد	گشوده‌خواهد‌شد	گشود	_	_
34	.	.	.	_	_

0	باید	باید	باید	_	_
1	خودت	خود	خود	_	_
2	مهارت	مهار	مهارت	_	_
3	به	به	به	_	_
4	خرج	خرج	خرج	_	_
5	بدهی	بدهی	بدهی	_	_
6	که	که	که	_	_
7	احدی	احد	احدی	_	_
8	از	از	از	_	_
9	مهمانان	مهمان	مهمان	_	_
10	در	در	در	_	_
11	صدد	صدد	صدد	_	_
12	دست‌زدن	دست‌زدن	دست‌زدن	_	_
13	به	به	به	_	_
14	این	این	این	_	_
15	غاز	غاز	غاز	_	_
16	برنیاید	برنیاید	برنیاید	_	_
17	.	.	.	_	_

0	فردای	فردا	فردا	_	_
1	آن	آن	آن	_	_
2	روز	روز	روز	_	_
3	به	به	به	_	_
4	خاطرم	خاطر	خاطر	_	_
5	آمد	آمد	آمد	_	_
6	که	که	که	_	_
7	دیروز	دیروز	دیروز	_	_
8	یک‌دست	یک‌دس	یک‌دست	_	_
9	از	از	از	_	_
10	بهترین	به	بهترین	_	_
11	لباس‌های	لباس	لباس	_	_
12	نو	نو	نو	_	_
13	دوز	دوز	دوز	_	_
14	خود	خود	خود	_	_
15	را	را	را	_	_
16	با	با	با	_	_
17	کلیه‌ی	کلیه	کلیه	_	_
18	متفرعات	متفرع	متفرعات	_	_
19	به	به	به	_	_
20	انضمام	انضمام	انضمام	_	_
21	مایحتوی	مایحتو	مایحتوی	_	_
22	یعنی	یعنی	یعنی	_	_
23	آقای	آقا	آقا	_	_
24	استادی	استاد	استاد	_	_
25	مصطفی‌خان	مصطفی‌خ	مصطفی‌خان	_	_
26	به	به	به	_	_
27	دست	دست	دست	_	_
28	چلاق‌شده‌ی	چلاق‌شده	چلاق‌شده‌ی	_	_
29	خودم	خود	خودم	_	_
30	از	از	از	_	_
31	خانه	خانه	خانه	_	_
32	بیرون	بیرون	بیرون	_	_
33	انداخته‌ام	انداخته	انداخت	_	_
34	.	.	.	_	_

0	ولی	ول	ولی	_	_
1	چون	چون	چون	_	_
2	که	که	که	_	_
3	تیری	تیر	تیر	_	_
4	که	که	که	_	_
5	از	از	از	_	_
6	شست	شست	شست	_	_
7	رفته	رفته	رفته	_	_
8	باز	باز	باز	_	_
9	نمی‌گردد	نمی‌گردد	گشت	_	_
10	،	،	،	_	_
11	یک‌بار	یک‌بار	یک‌بار	_	_
12	دیگر	دیگر	دیگر	_	_
13	به	به	به	_	_
14	کلام	کلام	کلام	_	_
15	بلندپایه‌ی	بلندپایه	بلندپایه	_	_
16	"	"	"	_	_
17	از	از	از	_	_
18	ماست	ماست	ماست	_	_
19	که	که	که	_	_
20	بر	بر	بر	_	_
21	ماست	ماست	ماست	_	_
22	"	"	"	_	_
23	ایمان	ایمان	ایمان	_	_
24	آوردم	آورد	آورد	_	_
25	و	و	و	_	_
26	پشت	پشت	پشت	_	_
27	دستم	دست	دست	_	_
28	را	را	را	_	_
29	داغ	داغ	داغ	_	_
30	کردم	کرد	کرد	_	_
31	که	که	که	_	_
32	تا	تا	تا	_	_
33	من	من	من	_	_
34	باشم	با	بود	_	_
35	دیگر	دیگر	دیگر	_	_
36	پیرامون	پیرامون	پیرامون	_	_
37	ترفیع‌رتبه	ترفیع‌رتبه	ترفیع‌رتبه	_	_
38	نگردم	نگرد	گشت	_	_
39	!	!	!	_	_

0	*****	*****	*****	_	_
1	واتراقیده‌اند	واتراقیده‌اند	واتراقیده‌اند	_	_
2	مفتخرترینهایشانند	مفتخرترينهایشانند	مفتخرترينهایشانند	_	_
3	درصدداند	درصدداند	درصدداند	_	_
4	مشتق‌پذیرند	مشتق‌پذیرند	مشتق‌پذیرند	_	_
5	رفت	رف	رفت	_	_
6	وآمدشان	وآمد	وآمدشان	_	_
7	گفتوگویمان	گفتوگو	گفتوگویمان	_	_
8	عبورومرور	عبورومرور	عبورومرور	_	_
9	متلاشی‌کنندگانیم	متلاشی‌کنندگان	متلاشی‌کنندگانیم	_	_
10	پراستفاده‌ترین	پراستفاده	پراستفاده	_	_
11	خویشتنداران	خویشتندار	خویشتنداران	_	_
12	اشتباهاتتان	اشتباهات	اشتباهات	_	_
13	پراشتباه	پراشتباه	پراشتباه	_	_
14	تریم	تر	تر	_	_

