0	ما	ما	ما	_	_
1	قادر	قادر	قادر	_	_
2	به	به	به	_	_
3	ارائهٔ	ارائه	ارائه	_	_
4	پاسخی	پاسخ	پاسخ	_	_
5	مطمئن	مطمئن	مطمئن	_	_
6	نیستیم	نیست		_	_
7	.	.	.	_	_

0	فهرست	فهرست	فهرست	_	_
1	خصوصیاتی	خصوصیات	خصوصیات	_	_
2	که	که	که	_	_
3	حوزهٔ	حوزه	حوزه	_	_
4	رده‌بندی	رده‌بندی	رده‌بندی	_	_
5	گیاهان	گیاه	گیاه	_	_
6	را	را	را	_	_
7	از	از	از	_	_
8	سایر	سایر	سایر	_	_
9	حوزه‌ها	حوزه	حوزه	_	_
10	ی		ی	_	_
11	زیست‌شناسی	زیست‌شناس	زیست‌شناس	_	_
12	جدا	جدا	جدا	_	_
13	می‌کند	می‌کند	کرد	_	_
14	حد	حد	حد	_	_
15	اقل	اقل	اقل	_	_
16	یک	یک	یک	_	_
17	تعریف	تعریف	تعریف	_	_
18	فنی	فن	فن	_	_
19	ارائه	ارائه	ارائه	_	_
20	می‌کند	می‌کند	کرد	_	_
21	اما	اما	اما	_	_
22	این	این	این	_	_
23	تعریف	تعریف	تعریف	_	_
24	مورد	مورد	مورد	_	_
25	پسند	پسند	پسند	_	_
26	همگان	همگان	همگان	_	_
27	قرار	قرار	قرار	_	_
28	نمی‌گیرد	نمی‌گیرد	گرفت	_	_
29	؛	؛	؛	_	_
30	بنابراین	بنابراین	بنابراین	_	_
31	تعریف	تعریف	تعریف	_	_
32	اصطلاح	اصطلاح	اصطلاح	_	_
33	گیاه	گیاه	گیاه	_	_
34	همیشه	همیشه	همیشه	_	_
35	به	به	به	_	_
36	معنی	معنی	معنی	_	_
37	بیشتر	بی	بیشتر	_	_
38	موجودات	موجود	موجودات	_	_
39	زنده	زنده	زنده	_	_
40	طبقه‌بندی	طبقه‌بندی	طبقه‌بندی	_	_
41	شده	شده	شده	_	_
42	در	در	در	_	_
43	محدودهٔ	محدوده	محدوده	_	_
44	رده‌بندی	رده‌بندی	رده‌بندی	_	_
45	گیاهان	گیاه	گیاه	_	_
46	می‌باشد	می‌باشد	بود	_	_
47	.	.	.	_	_

0	مثلا	مثلاً	مثلاً	_	_
1	«	«	«	_	_
2	اگر	اگر	اگر	_	_
3	جلبک‌های	جلبک	جلبک	_	_
4	سبز	سبز	سبز	_	_
5	به	به	به	_	_
6	وضوح	وضوح	وضوح	_	_
7	گیاهانی	گیاهان	گیاهانی	_	_
8	جزو	جزو	جزو	_	_
9	رده‌بندی	رده‌بندی	رده‌بندی	_	_
10	گیاهان	گیاه	گیاه	_	_
11	هستند	هستند		_	_
12	،	،	،	_	_
13	پس	پس	پس	_	_
14	بیشتر	بی	بیشتر	_	_
15	مردم	مرد	مردم	_	_
16	اکثر	اکثر	اکثر	_	_
17	خزه‌های	خزه	خزه	_	_
18	دریایی	دریا	دریا	_	_
19	را	را	را	_	_
20	هم	هم	هم	_	_
21	که	که	که	_	_
22	جزئی	جزئی	جزئی	_	_
23	از	از	از	_	_
24	(	(	(	_	_
25	حوزه	حوزه	حوزه	_	_
26	آغازیان	آغاز	آغاز	_	_
27	)	)	)	_	_
28	هستند	هستند		_	_
29	،	،	،	_	_
30	جزو	جزو	جزو	_	_
31	جلبک‌های	جلبک	جلبک	_	_
32	سبز	سبز	سبز	_	_
33	در	در	در	_	_
34	نظر	نظر	نظر	_	_
35	می‌گیرند	می‌گیرند	گرفت	_	_
36	.	.	.	_	_

0	مشکل	مشکل	مشکل	_	_
1	عدم	عدم	عدم	_	_
2	وجود	وجود	وجود	_	_
3	دقت	دق	دقت	_	_
4	یا	یا	یا	_	_
5	توافق	توافق	توافق	_	_
6	که	که	که	_	_
7	در	در	در	_	_
8	تعریف	تعریف	تعریف	_	_
9	گیاه	گیاه	گیاه	_	_
10	وجود	وجود	وجود	_	_
11	دارد	دارد	داشت	_	_
12	یکی	یک	یک	_	_
13	از	از	از	_	_
14	گفته‌های	گفته	گفته	_	_
15	مورد	مورد	مورد	_	_
16	تفاهم	تفاهم	تفاهم	_	_
17	است	است		_	_
18	که	که	که	_	_
19	اغلب	اغلب	اغلب	_	_
20	در	در	در	_	_
21	مقالات	مقال	مقالات	_	_
22	با	با	با	_	_
23	آن	آن	آن	_	_
24	مواجه	مواجه	مواجه	_	_
25	می	می	می	_	_
26	شوند	شوند	شد	_	_
27	.	.	.	_	_

0	خاصیت	خاصیت	خاصیت	_	_
1	ذره‌	ذره	ذره	_	_
2	ای	ای	ای	_	_
3	و	و	و	_	_
4	موجی	موج	موج	_	_
5	نور	نور	نور	_	_
6	که	که	که	_	_
7	یک	یک	یک	_	_
8	پدیدهٔ	پدیده	پدیده	_	_
9	فیزیکی	فیزیک	فیزیکی	_	_
10	الکترومغناطیسی	الکترومغناطیس	الکترومغناطیس	_	_
11	است	است		_	_
12	و	و	و	_	_
13	در	در	در	_	_
14	نتیجهٔ	نتیجه	نتیجه	_	_
15	برخورد	برخورد	برخورد	_	_
16	نور	نور	نور	_	_
17	به	به	به	_	_
18	سطح	سطح	سطح	_	_
19	اشیاء	اشیاء	اشیاء	_	_
20	و	و	و	_	_
21	باز	باز	باز	_	_
22	تاب	تاب	تاب	_	_
23	ویژهٔ	ویژه	ویژه	_	_
24	طول	طول	طول	_	_
25	موجی	موج	موج	_	_
26	این	این	این	_	_
27	تابش	تاب	تابش	_	_
28	نور	نور	نور	_	_
29	و	و	و	_	_
30	شدت	شد	شدت	_	_
31	آن	آن	آن	_	_
32	،	،	،	_	_
33	توسط	توسط	توسط	_	_
34	چشم	چشم	چشم	_	_
35	احساس	احساس	احساس	_	_
36	و	و	و	_	_
37	پردازش	پردازش	پردازش	_	_
38	شده	شده	شده	_	_
39	،	،	،	_	_
40	و	و	و	_	_
41	به	به	به	_	_
42	عنوان	عنوان	عنوان	_	_
43	مفهوم	مفهوم	مفهوم	_	_
44	رنگ	رنگ	رنگ	_	_
45	آن	آن	آن	_	_
46	در	در	در	_	_
47	ذهن	ذهن	ذهن	_	_
48	شناخته‌می‌شود	شناخته‌می‌شود	شناخت	_	_
49	.	.	.	_	_

0	تجزیهٔ	تجزیه	تجزیه	_	_
1	نور	نور	نور	_	_
2	سفید	سفید	سفید	_	_
3	توسط	توسط	توسط	_	_
4	یک	یک	یک	_	_
5	منشور	منشور	منشور	_	_
6	نیز	نیز	نیز	_	_
7	یک	یک	یک	_	_
8	خاصیت	خاصیت	خاصیت	_	_
9	فیزیکی	فیزیک	فیزیکی	_	_
10	است	است		_	_
11	که	که	که	_	_
12	با	با	با	_	_
13	این	این	این	_	_
14	عمل	عمل	عمل	_	_
15	هفت	هفت	هفت	_	_
16	رنگ	رنگ	رنگ	_	_
17	طیف	طیف	طیف	_	_
18	بدست	بدس	بدست	_	_
19	می‌آید	می‌آید	آمد	_	_
20	:	:	:	_	_
21	شامل	شامل	شامل	_	_
22	بنفش	بنفش	بنفش	_	_
23	،	،	،	_	_
24	نیلی	نیل	نیلی	_	_
25	،	،	،	_	_
26	آبی	آب	آب	_	_
27	،	،	،	_	_
28	سبز	سبز	سبز	_	_
29	،	،	،	_	_
30	زرد	زرد	زرد	_	_
31	،	،	،	_	_
32	نارنجی	نارنج	نارنج	_	_
33	و	و	و	_	_
34	قرمز	قرمز	قرمز	_	_
35	است	است		_	_
36	؛	؛	؛	_	_
37	بنابراین	بنابراین	بنابراین	_	_
38	رنگ‌ها	رنگ	رنگ	_	_
39	ناشی	ناشی	ناشی	_	_
40	از	از	از	_	_
41	امواج	امواج	امواج	_	_
42	نور	نور	نور	_	_
43	هستند	هستند		_	_
44	و	و	و	_	_
45	چشم	چشم	چشم	_	_
46	انسان	انس	انسان	_	_
47	قادر	قادر	قادر	_	_
48	است	است		_	_
49	رنگ‌هایی	رنگ	رنگ	_	_
50	را	را	را	_	_
51	که	که	که	_	_
52	طول	طول	طول	_	_
53	موج	موج	موج	_	_
54	آن‌ها	آن	آن	_	_
55	بین	بین	بین	_	_
56	۴۰۰	۴۰۰	۴۰۰	_	_
57	تا	تا	تا	_	_
58	۷۰۰	۷۰۰	۷۰۰	_	_
59	میلی	میل	میلی	_	_
60	میکرون	میکرون	میکرون	_	_
61	است	است		_	_
62	ببیند	ببیند	ببیند	_	_
63	.	.	.	_	_

0	(	(	(	_	_
1	میلی	میل	میلی	_	_
2	میکرون	میکرون	میکرون	_	_
3	واحدی	واحد	واحد	_	_
4	است	است		_	_
5	برای	برای	برای	_	_
6	اندازه‌گیری	اندازه‌گیری	اندازه‌گیری	_	_
7	امواج	امواج	امواج	_	_
8	که	که	که	_	_
9	معادل	معادل	معادل	_	_
10	یک	یک	یک	_	_
11	میلیونوم	میلیونو	میلیونوم	_	_
12	میلی‌متر	میلی‌متر	میلی‌متر	_	_
13	است	است		_	_
14	)	)	)	_	_
15	.	.	.	_	_

0	در	در	در	_	_
1	قرن	قرن	قرن	_	_
2	هفدهم	هفده	هفدهم	_	_
3	میلادی	میلاد	میلاد	_	_
4	نیوتن	نیوتن	نیوتن	_	_
5	موفق	موفق	موفق	_	_
6	شد	شد	شد	_	_
7	با	با	با	_	_
8	تجزیه	تجزیه	تجزیه	_	_
9	نور	نور	نور	_	_
10	سفید	سفید	سفید	_	_
11	طیف	طیف	طیف	_	_
12	رنگ‌ها	رنگ	رنگ	_	_
13	را	را	را	_	_
14	به	به	به	_	_
15	دست	دست	دست	_	_
16	آورد	آورد	آورد	_	_
17	.	.	.	_	_

0	او	او	او	_	_
1	کشف	کشف	کشف	_	_
2	نمود	نمود	نمود	_	_
3	که	که	که	_	_
4	نور	نور	نور	_	_
5	سفید	سفید	سفید	_	_
6	شامل	شامل	شامل	_	_
7	انواع	انواع	انواع	_	_
8	اشعه	اشعه	اشعه	_	_
9	است	است		_	_
10	که	که	که	_	_
11	هرگاه	هرگاه	هرگاه	_	_
12	به‌طور	به‌طور	به‌طور	_	_
13	جداگانه‌ای	جداگانه	جداگانه	_	_
14	با	با	با	_	_
15	شبکهٔ	شبکه	شبکه	_	_
16	چشم	چشم	چشم	_	_
17	انسان	انس	انسان	_	_
18	برخورد	برخورد	برخورد	_	_
19	کند	کند	کند	_	_
20	احساس	احساس	احساس	_	_
21	یک	یک	یک	_	_
22	رنگ	رنگ	رنگ	_	_
23	مجزا	مجزا	مجزا	_	_
24	را	را	را	_	_
25	به	به	به	_	_
26	وجود	وجود	وجود	_	_
27	خواهد‌آورد	خواهد‌آورد	آورد	_	_
28	و	و	و	_	_
29	اختلاط	اختلاط	اختلاط	_	_
30	این	این	این	_	_
31	اشعه‌ها	اشعه	اشعه	_	_
32	بر	بر	بر	_	_
33	روی	رو	روی	_	_
34	شبکهٔ	شبکه	شبکه	_	_
35	چشم	چشم	چشم	_	_
36	،	،	،	_	_
37	رنگ	رنگ	رنگ	_	_
38	سفید	سفید	سفید	_	_
39	را	را	را	_	_
40	محسوس	محسوس	محسوس	_	_
41	می	می	می	_	_
42	‌سازد	‌سازد	‌سازد	_	_
43	.	.	.	_	_

0	دربارهٔ	درباره	درباره	_	_
1	واژهٔ	واژه	واژه	_	_
2	تاریخ	تاریخ	تاریخ	_	_
3	و	و	و	_	_
4	منشأ	منشأ	منشأ	_	_
5	آن	آن	آن	_	_
6	،	،	،	_	_
7	گزارش‌های	گزارش	گزارش	_	_
8	مختلف	مختلف	مختلف	_	_
9	و	و	و	_	_
10	گوناگونی	گوناگون	گوناگون	_	_
11	وجود	وجود	وجود	_	_
12	دارد	دارد	داشت	_	_
13	.	.	.	_	_

0	برخی	برخی	برخی	_	_
1	ریشهٔ	ریشه	ریشه	_	_
2	واژهٔ	واژه	واژه	_	_
3	تاریخ	تاریخ	تاریخ	_	_
4	را	را	را	_	_
5	در	در	در	_	_
6	زبان	زبان	زبان	_	_
7	فارسی	فارس	فارس	_	_
8	و	و	و	_	_
9	مفهوم	مفهوم	مفهوم	_	_
10	«	«	«	_	_
11	ماه	ماه	ماه	_	_
12	روز	روز	روز	_	_
13	»	»	»	_	_
14	جستجو	جستجو	جستجو	_	_
15	نموده‌اند	نموده‌اند	نمود	_	_
16	.	.	.	_	_

0	واژهٔ	واژه	واژه	_	_
1	)	)	)	_	_
2	ماه	ماه	ماه	_	_
3	روز	روز	روز	_	_
4	»	»	»	_	_
5	در	در	در	_	_
6	ایران	ایران	ایران	_	_
7	باستان	باستان	باستان	_	_
8	به	به	به	_	_
9	معنای	معنا	معنا	_	_
10	«	«	«	_	_
11	تعیین	تعیین	تعیین	_	_
12	روزی	روز	روز	_	_
13	که	که	که	_	_
14	در	در	در	_	_
15	آن	آن	آن	_	_
16	امری	امر	امر	_	_
17	مشهور	مشهور	مشهور	_	_
18	بین	بین	بین	_	_
19	ملت	مل	ملت	_	_
20	یا	یا	یا	_	_
21	دولتی	دولت	دولت	_	_
22	آشکار	آشکار	آشکار	_	_
23	شده	شده	شده	_	_
24	یا	یا	یا	_	_
25	آنکه	آنکه	آنکه	_	_
26	در	در	در	_	_
27	آن	آن	آن	_	_
28	روز	روز	روز	_	_
29	واقعهٔ	واقعه	واقعه	_	_
30	ترسناکی	ترسناک	ترسناک	_	_
31	چون	چون	چون	_	_
32	زلزله	زلزله	زلزله	_	_
33	یا	یا	یا	_	_
34	طوفان	طوف	طوفان	_	_
35	حادث	حادث	حادث	_	_
36	گردیده	گردیده	گردیده	_	_
37	است	است		_	_
38	.	.	.	_	_
39	»	»	»	_	_
40	بنابراین	بنابراین	بنابراین	_	_
41	آنچه	آنچه	آنچه	_	_
42	در	در	در	_	_
43	این	این	این	_	_
44	مفهوم	مفهوم	مفهوم	_	_
45	دارای	دارا	دارا	_	_
46	حضور	حضور	حضور	_	_
47	و	و	و	_	_
48	نمود	نمود	نمود	_	_
49	بیش‌تری	بیش‌تر	بیش‌تری	_	_
50	بوده	بوده	بوده	_	_
51	،	،	،	_	_
52	توجه	توجه	توجه	_	_
53	به	به	به	_	_
54	رخدادها	رخداد	رخداد	_	_
55	و	و	و	_	_
56	حوادث	حوادث	حوادث	_	_
57	در	در	در	_	_
58	قالب	قالب	قالب	_	_
59	مکانی	مکان	مکان	_	_
60	و	و	و	_	_
61	زمانی	زمان	زمان	_	_
62	است	است		_	_
63	.	.	.	_	_

0	در	در	در	_	_
1	برخی	برخی	برخی	_	_
2	از	از	از	_	_
3	گزارش‌ها	گزارش	گزارش	_	_
4	آمده‌است	آمده‌اس	آمده‌است	_	_
5	که	که	که	_	_
6	چون	چون	چون	_	_
7	عمر	عمر	عمر	_	_
8	بن	بن	بن	_	_
9	خطاب	خطاب	خطاب	_	_
10	در	در	در	_	_
11	تعیین	تعیین	تعیین	_	_
12	مبدأ	مبدأ	مبدأ	_	_
13	محاسبهٔ	محاسبه	محاسبه	_	_
14	زمان	زمان	زمان	_	_
15	دچار	دچار	دچار	_	_
16	مشکل	مشکل	مشکل	_	_
17	شد	شد	شد	_	_
18	،	،	،	_	_
19	به	به	به	_	_
20	پیشنهاد	پیشنهاد	پیشنهاد	_	_
21	هرمزان	هرمز	هرمز	_	_
22	(	(	(	_	_
23	از	از	از	_	_
24	موالی	مول	مول	_	_
25	ایرانی	ایران	ایران	_	_
26	ساکن	ساکن	ساکن	_	_
27	در	در	در	_	_
28	مدینه	مدینه	مدینه	_	_
29	)	)	)	_	_
30	از	از	از	_	_
31	تعریب	تعریب	تعریب	_	_
32	ترکیب	ترکیب	ترکیب	_	_
33	فارسی	فارس	فارس	_	_
34	«	«	«	_	_
35	ماه	ماه	ماه	_	_
36	روز	روز	روز	_	_
37	»	»	»	_	_
38	،	،	،	_	_
39	واژهٔ	واژه	واژه	_	_
40	«	«	«	_	_
41	مورخ	مورَّخ	مورَّخ	_	_
42	»	»	»	_	_
43	را	را	را	_	_
44	ساختند	ساختند	ساخت	_	_
45	و	و	و	_	_
46	مصدرش	مصدر	مصدر	_	_
47	را	را	را	_	_
48	«	«	«	_	_
49	تأریخ	تأریخ	تأریخ	_	_
50	»	»	»	_	_
51	قرار	قرار	قرار	_	_
52	دادند	دادند	داد	_	_
53	.	.	.	_	_

0	در	در	در	_	_
1	خصوص	خصوص	خصوص	_	_
2	تعریب	تعریب	تعریب	_	_
3	و	و	و	_	_
4	معرب	معرب	معرب	_	_
5	بودن	بودن	بودن	_	_
6	واژهٔ	واژه	واژه	_	_
7	تاریخ	تاریخ	تاریخ	_	_
8	باید	باید	باید	_	_
9	توجه	توجه	توجه	_	_
10	داشت	داش	داشت	_	_
11	که	که	که	_	_
12	کمترین	کم	کمترین	_	_
13	شباهت	شباهت	شباهت	_	_
14	آوایی	آوا	آوا	_	_
15	و	و	و	_	_
16	قرابت	قرابت	قرابت	_	_
17	واکه‌ای	واکه	واکه	_	_
18	یا	یا	یا	_	_
19	هم‌آهنگی	هم‌آهنگ	هم‌آهنگی	_	_
20	واکه‌ای	واکه	واکه	_	_
21	،	،	،	_	_
22	تشابه	تشابه	تشابه	_	_
23	صرفی	صرف	صرف	_	_
24	یا	یا	یا	_	_
25	تکواژی	تکواژ	تکواژ	_	_
26	بین	بین	بین	_	_
27	«	«	«	_	_
28	ماه	ماه	ماه	_	_
29	روز	روز	روز	_	_
30	»	»	»	_	_
31	و	و	و	_	_
32	«	«	«	_	_
33	تاریخ	تاریخ	تاریخ	_	_
34	»	»	»	_	_
35	وجود	وجود	وجود	_	_
36	ندارد	ندارد	داشت	_	_
37	و	و	و	_	_
38	به	به	به	_	_
39	همین	هم	همین	_	_
40	دلیل	دلیل	دلیل	_	_
41	،	،	،	_	_
42	آن	آن	آن	_	_
43	را	را	را	_	_
44	تعرب	تعرب	تعرب	_	_
45	غریبی	غریب	غریب	_	_
46	می‌	می	می	_	_
47	دانند	دانند	دانست	_	_
48	.	.	.	_	_

0	امواج	امواج	امواج	_	_
1	موجود	موجود	موجود	_	_
2	در	در	در	_	_
3	فضا	فضا	فضا	_	_
4	توسط	توسط	توسط	_	_
5	آنتن	آنتن	آنتن	_	_
6	موبایل	موبایل	موبایل	_	_
7	دریافت	دریافت	دریافت	_	_
8	شده	شده	شده	_	_
9	و	و	و	_	_
10	وارد	وارد	وارد	_	_
11	قطعه‌ای	قطعه	قطعه	_	_
12	به	به	به	_	_
13	نام	نا	نام	_	_
14	آنتن	آنتن	آنتن	_	_
15	سوییچ	سوییچ	سوییچ	_	_
16	می‌شوند	می‌شوند	شد	_	_
17	.	.	.	_	_

0	آنتن	آنتن	آنتن	_	_
1	سوییچ	سوییچ	سوییچ	_	_
2	وظیفه	وظیفه	وظیفه	_	_
3	تعیین	تعیین	تعیین	_	_
4	حالت	حال	حالت	_	_
5	فرستندگی	فرستندگ	فرستندگی	_	_
6	یا	یا	یا	_	_
7	گیرندگی	گیرندگ	گیرندگی	_	_
8	آنتن	آنتن	آنتن	_	_
9	را	را	را	_	_
10	به	به	به	_	_
11	عهده	عهده	عهده	_	_
12	دارد	دارد	داشت	_	_
13	.	.	.	_	_

0	بسته	بسته	بسته	_	_
1	به	به	به	_	_
2	این	این	این	_	_
3	که	که	که	_	_
4	موبایل	موبایل	موبایل	_	_
5	سازگار	سازگار	سازگار	_	_
6	با	با	با	_	_
7	چند	چند	چند	_	_
8	باند	باند	باند	_	_
9	GSM	GSM	GSM	_	_
10	باشد	باشد	بود	_	_
11	،	،	،	_	_
12	تعداد	تعداد	تعداد	_	_
13	پایه‌های	پایه	پایه	_	_
14	آنتن	آنتن	آنتن	_	_
15	سوییچ	سوییچ	سوییچ	_	_
16	متفاوت	متفاوت	متفاوت	_	_
17	خواهد‌بود	خواهد‌بود	بود	_	_
18	.	.	.	_	_

0	آنتن	آنتن	آنتن	_	_
1	سوییچ	سوییچ	سوییچ	_	_
2	برای	برای	برای	_	_
3	هر	هر	هر	_	_
4	باند	باند	باند	_	_
5	GSM	GSM	GSM	_	_
6	،	،	،	_	_
7	آنتن	آنتن	آنتن	_	_
8	را	را	را	_	_
9	به	به	به	_	_
10	یک	یک	یک	_	_
11	خروجی	خروج	خروج	_	_
12	به	به	به	_	_
13	نام	نا	نام	_	_
14	RX	RX	RX	_	_
15	و	و	و	_	_
16	یک	یک	یک	_	_
17	ورودی	ورود	ورود	_	_
18	به	به	به	_	_
19	نام	نا	نام	_	_
20	TX	TX	TX	_	_
21	وصل	وصل	وصل	_	_
22	می‌کند	می‌کند	کرد	_	_
23	.	.	.	_	_

0	در	در	در	_	_
1	حقیقت	حقیقت	حقیقت	_	_
2	آنتن	آنتن	آنتن	_	_
3	سوییچ	سوییچ	سوییچ	_	_
4	مانند	مانند	مانند	_	_
5	یک	یک	یک	_	_
6	کلید	کلید	کلید	_	_
7	است	است		_	_
8	که	که	که	_	_
9	با	با	با	_	_
10	فرمان‌هایی	فرمان	فرمان	_	_
11	آنتن	آنتن	آنتن	_	_
12	را	را	را	_	_
13	مرتبا	مرتباً	مرتباً	_	_
14	به	به	به	_	_
15	خط	خط	خط	_	_
16	RX	RX	RX	_	_
17	یا	یا	یا	_	_
18	به	به	به	_	_
19	TX	TX	TX	_	_
20	متصل	متصل	متصل	_	_
21	می‌کند	می‌کند	کرد	_	_
22	.	.	.	_	_

0	در	در	در	_	_
1	بلوکی	بلوک	بلوک	_	_
2	که	که	که	_	_
3	مشاهده	مشاهده	مشاهده	_	_
4	کردید	کردید	کرد	_	_
5	،	،	،	_	_
6	موبایل	موبایل	موبایل	_	_
7	قابلیت	قابلیت	قابلیت	_	_
8	کار	کار	کار	_	_
9	با	با	با	_	_
10	دو	دو	دو	_	_
11	باند	باند	باند	_	_
12	GSM	GSM	GSM	_	_
13	۹۰۰	900	900	_	_
14	و	و	و	_	_
15	GSM	GSM	GSM	_	_
16	۱۸۰۰	1800	1800	_	_
17	را	را	را	_	_
18	دارد	دارد	داشت	_	_
19	؛	؛	؛	_	_
20	بنابراین	بنابراین	بنابراین	_	_
21	آنتن	آنتن	آنتن	_	_
22	سوییچ	سوییچ	سوییچ	_	_
23	دو	دو	دو	_	_
24	خروجی	خروج	خروج	_	_
25	RX	RX	RX	_	_
26	و	و	و	_	_
27	دو	دو	دو	_	_
28	ورودی	ورود	ورود	_	_
29	TX	TX	TX	_	_
30	خواهند‌داشت	خواهند‌دا	داشت	_	_
31	که	که	که	_	_
32	در	در	در	_	_
33	شبکه‌	شبکه	شبکه	_	_
34	ها		ها	_	_
35	ی		ی	_	_
36	تلفن	تلفن	تلفن	_	_
37	ایران	ایران	ایران	_	_
38	از	از	از	_	_
39	آن	آن	آن	_	_
40	جایی	جا	جا	_	_
41	که	که	که	_	_
42	GSM	GSM	GSM	_	_
43	۹۰۰	900	900	_	_
44	است	است		_	_
45	خط	خط	خط	_	_
46	RX	RX	RX	_	_
47	و	و	و	_	_
48	TX	TX	TX	_	_
49	باند	باند	باند	_	_
50	۱۸۰۰	۱۸۰۰	۱۸۰۰	_	_
51	بدون	بدون	بدون	_	_
52	استفاده	استفاده	استفاده	_	_
53	خواهد‌بود	خواهد‌بود	بود	_	_
54	.	.	.	_	_

0	آنتن	آنتن	آنتن	_	_
1	سوییچ	سوییچ	سوییچ	_	_
2	یکی	یک	یک	_	_
3	از	از	از	_	_
4	قطعات	قطعه	قطعات	_	_
5	حساس	حساس	حساس	_	_
6	برد	برد	برد	_	_
7	موبایل	موبایل	موبایل	_	_
8	است	است		_	_
9	و	و	و	_	_
10	خرابی	خراب	خراب	_	_
11	در	در	در	_	_
12	آن	آن	آن	_	_
13	باعث	باعث	باعث	_	_
14	به	به	به	_	_
15	وجود	وجود	وجود	_	_
16	آمدن	آمدن	آمدن	_	_
17	عیوبی	عیوب	عیوب	_	_
18	از	از	از	_	_
19	قبیل	قبیل	قبیل	_	_
20	پرش	پر	پرش	_	_
21	آنتن	آنتن	آنتن	_	_
22	یا	یا	یا	_	_
23	نداشتن	نداشتن	نداشتن	_	_
24	دریافت	دریافت	دریافت	_	_
25	یا	یا	یا	_	_
26	ارسال	ارسال	ارسال	_	_
27	خواهد‌شد	خواهد‌شد	شد	_	_
28	.	.	.	_	_

0	در	در	در	_	_
1	مورد	مورد	مورد	_	_
2	سلف	سلف	سلف	_	_
3	و	و	و	_	_
4	خازن	خازن	خازن	_	_
5	قبل	قبل	قبل	_	_
6	از	از	از	_	_
7	اتصال	اتصال	اتصال	_	_
8	آنتن	آنتن	آنتن	_	_
9	به	به	به	_	_
10	آنتن	آنتن	آنتن	_	_
11	سوییچ	سوییچ	سوییچ	_	_
12	نیز	نیز	نیز	_	_
13	از	از	از	_	_
14	آن	آن	آن	_	_
15	جایی	جا	جا	_	_
16	که	که	که	_	_
17	امپدانس	امپدانس	امپدانس	_	_
18	خروجی	خروج	خروج	_	_
19	آنتن	آنتن	آنتن	_	_
20	بسیار	بسیار	بسیار	_	_
21	کم	کم	کم	_	_
22	است	است		_	_
23	و	و	و	_	_
24	از	از	از	_	_
25	طرفی	طرف	طرف	_	_
26	امپدانس	امپدانس	امپدانس	_	_
27	ورودی	ورود	ورود	_	_
28	آنتن	آنتن	آنتن	_	_
29	زیاد	زیاد	زیاد	_	_
30	است	است		_	_
31	،	،	،	_	_
32	باید	باید	باید	_	_
33	قبل	قبل	قبل	_	_
34	از	از	از	_	_
35	اتصال	اتصال	اتصال	_	_
36	این	این	این	_	_
37	دو	دو	دو	_	_
38	،	،	،	_	_
39	عمل	عمل	عمل	_	_
40	تطبیق	تطبیق	تطبیق	_	_
41	امپدانس	امپدانس	امپدانس	_	_
42	توسط	توسط	توسط	_	_
43	قطعه‌ای	قطعه	قطعه	_	_
44	انجام	انجام	انجام	_	_
45	شود	شود	شد	_	_
46	.	.	.	_	_

0	معمولا	معمولاً	معمولاً	_	_
1	در	در	در	_	_
2	مدارات	مدار	مدارات	_	_
3	،	،	،	_	_
4	قسمت	قسم	قسمت	_	_
5	آنتن	آنتن	آنتن	_	_
6	موبایل	موبایل	موبایل	_	_
7	از	از	از	_	_
8	یک	یک	یک	_	_
9	سلف	سلف	سلف	_	_
10	که	که	که	_	_
11	به	به	به	_	_
12	صورت	صور	صورت	_	_
13	موازی	موازی	موازی	_	_
14	بین	بین	بین	_	_
15	آنتن	آنتن	آنتن	_	_
16	و	و	و	_	_
17	زمین	زمین	زمین	_	_
18	بسته‌می‌شود	بسته‌می‌شود	بست	_	_
19	استفاده	استفاده	استفاده	_	_
20	تشکیل	تشکیل	تشکیل	_	_
21	می‌شود	می‌شود	شد	_	_
22	.	.	.	_	_

0	این	این	این	_	_
1	سلف	سلف	سلف	_	_
2	می‌تواند	می‌تواند	توانست	_	_
3	باعث	باعث	باعث	_	_
4	عمل	عمل	عمل	_	_
5	تطبیق	تطبیق	تطبیق	_	_
6	امپدانس	امپدانس	امپدانس	_	_
7	بین	بین	بین	_	_
8	آنتن	آنتن	آنتن	_	_
9	و	و	و	_	_
10	آنتن	آنتن	آنتن	_	_
11	سوییچ	سوییچ	سوییچ	_	_
12	شده	شده	شده	_	_
13	و	و	و	_	_
14	مانع	مانع	مانع	_	_
15	از	از	از	_	_
16	هدایت	هدایت	هدایت	_	_
17	جریان	جر	جریان	_	_
18	DC	DC	DC	_	_
19	بین	بین	بین	_	_
20	این	این	این	_	_
21	دو	دو	دو	_	_
22	واحد	واحد	واحد	_	_
23	گردد	گردد	گشت	_	_
24	تا	تا	تا	_	_
25	این	این	این	_	_
26	دو	دو	دو	_	_
27	واحد	واحد	واحد	_	_
28	اثر	اثر	اثر	_	_
29	منفی	منفی	منفی	_	_
30	در	در	در	_	_
31	عملکرد	عملکرد	عملکرد	_	_
32	یکدیگر	یکدیگر	یکدیگر	_	_
33	نداشته‌باشند	نداشته‌باشند	داشت	_	_
34	.	.	.	_	_

0	وظیفه	وظیفه	وظیفه	_	_
1	فیلتر	فیل	فیل	_	_
2	SAW	SAW	SAW	_	_
3	حذف	حذف	حذف	_	_
4	فرکانس‌های	فرکانس	فرکانس	_	_
5	کانال	کانال	کانال	_	_
6	همسایه	همسایه	همسایه	_	_
7	و	و	و	_	_
8	فرکانس‌های	فرکانس	فرکانس	_	_
9	مزاحم	مزاح	مزاحم	_	_
10	است	است		_	_
11	.	.	.	_	_

0	خط	خط	خط	_	_
1	خروجی	خروج	خروج	_	_
2	RX	RX	RX	_	_
3	از	از	از	_	_
4	آنتن	آنتن	آنتن	_	_
5	سوئیچ	سوئیچ	سوئیچ	_	_
6	وارد	وارد	وارد	_	_
7	SAW	SAW	SAW	_	_
8	شده	شده	شده	_	_
9	و	و	و	_	_
10	بعد	بعد	بعد	_	_
11	از	از	از	_	_
12	آن	آن	آن	_	_
13	فرکانس‌های	فرکانس	فرکانس	_	_
14	مزاحم	مزاح	مزاحم	_	_
15	حذف	حذف	حذف	_	_
16	می‌شود	می‌شود	شد	_	_
17	و	و	و	_	_
18	فقط	فقط	فقط	_	_
19	فرکانس‌های	فرکانس	فرکانس	_	_
20	باند	باند	باند	_	_
21	GSM	GSM	GSM	_	_
22	در	در	در	_	_
23	خروجی	خروج	خروج	_	_
24	آن	آن	آن	_	_
25	دیده‌می‌شود	دیده‌می‌شود	دید	_	_
26	.	.	.	_	_

0	SAW	SAW	SAW	_	_
1	همان‌گونه	همان‌گونه	همان‌گونه	_	_
2	که	که	که	_	_
3	فرکانس‌های	فرکانس	فرکانس	_	_
4	مزاحم	مزاح	مزاحم	_	_
5	را	را	را	_	_
6	حذف	حذف	حذف	_	_
7	می‌کند	می‌کند	کرد	_	_
8	،	،	،	_	_
9	فرکانس‌های	فرکانس	فرکانس	_	_
10	اصلی	اصل	اصل	_	_
11	GSM	GSM	GSM	_	_
12	را	را	را	_	_
13	هم	هم	هم	_	_
14	خیلی	خیل	خیلی	_	_
15	ضعیف	ضعیف	ضعیف	_	_
16	می‌کند	می‌کند	کرد	_	_
17	.	.	.	_	_

0	برای	برای	برای	_	_
1	تقویت	تقویت	تقویت	_	_
2	سیگنال‌های	سیگنال	سیگنال‌های	_	_
3	دریافتی	دریافت	دریافتی	_	_
4	GSM	GSM	GSM	_	_
5	بعد	بعد	بعد	_	_
6	از	از	از	_	_
7	SAW	SAW	SAW	_	_
8	از	از	از	_	_
9	یک	یک	یک	_	_
10	تقویت‌کننده	تقویت‌کننده	تقویت‌کننده	_	_
11	به	به	به	_	_
12	نام	نا	نام	_	_
13	LNA	LNA	LNA	_	_
14	استفاده	استفاده	استفاده	_	_
15	می‌شود	می‌شود	شد	_	_
16	.	.	.	_	_

0	قلب	قلب	قلب	_	_
1	در	در	در	_	_
2	لغت	لغت	لغت	_	_
3	به	به	به	_	_
4	معنی	معنی	معنی	_	_
5	دگرگونی	دگرگون	دگرگون	_	_
6	است	است		_	_
7	قلب	قلب	قلب	_	_
8	از	از	از	_	_
9	لحاظ	لحاظ	لحاظ	_	_
10	علمی	علم	علم	_	_
11	اندامی	اندام	اندام	_	_
12	است	است		_	_
13	که	که	که	_	_
14	در	در	در	_	_
15	مرکز	مرکز	مرکز	_	_
16	قفسهٔ	قفسه	قفسه	_	_
17	سینه	سینه	سینه	_	_
18	(	(	(	_	_
19	متمایل	متمایل	متمایل	_	_
20	به	به	به	_	_
21	سمت	سم	سمت	_	_
22	چپ	چپ	چپ	_	_
23	)	)	)	_	_
24	واقع	واقع	واقع	_	_
25	شده‌است	شده‌اس	شده‌است	_	_
26	،	،	،	_	_
27	و	و	و	_	_
28	وزن	وزن	وزن	_	_
29	آن	آن	آن	_	_
30	۳۰۰	۳۰۰	۳۰۰	_	_
31	گرم	گر	گرم	_	_
32	است	است		_	_
33	و	و	و	_	_
34	خون	خون	خون	_	_
35	را	را	را	_	_
36	پمپاژ	پمپاژ	پمپاژ	_	_
37	می‌کند	می‌کند	کرد	_	_
38	نام	نا	نام	_	_
39	این	این	این	_	_
40	عضو	عضو	عضو	_	_
41	به	به	به	_	_
42	علت	علت	علت	_	_
43	اینکه	اینکه	اینکه	_	_
44	باعث	باعث	باعث	_	_
45	دگرگونی	دگرگون	دگرگون	_	_
46	خون	خون	خون	_	_
47	و	و	و	_	_
48	تبدیل	تبدیل	تبدیل	_	_
49	خون	خون	خون	_	_
50	کثیف	کثیف	کثیف	_	_
51	به	به	به	_	_
52	خون	خون	خون	_	_
53	تمیز	تمیز	تمیز	_	_
54	می‌شود	می‌شود	شد	_	_
55	قلب	قلب	قلب	_	_
56	نام‌گذاری	نام‌گذاری	نام‌گذاری	_	_
57	شده‌است	شده‌اس	شده‌است	_	_
58	در	در	در	_	_
59	دگرگون	دگرگون	دگرگون	_	_
60	کردن	کردن	کردن	_	_
61	خون	خون	خون	_	_
62	،	،	،	_	_
63	قلب	قلب	قلب	_	_
64	مانند	مانند	مانند	_	_
65	یک	یک	یک	_	_
66	تلمبه	تلمبه	تلمبه	_	_
67	عمل	عمل	عمل	_	_
68	می‌کند	می‌کند	کرد	_	_
69	ایا	ایا	ایا	_	_
70	دی‌ان‌ای	دی‌ان‌ای	دی‌ان‌ای	_	_
71	فرق	فرق	فرق	_	_
72	موجودات	موجود	موجودات	_	_
73	زنده	زنده	زنده	_	_
74	با	با	با	_	_
75	غیر	غیر	غیر	_	_
76	زنده	زنده	زنده	_	_
77	است	است		_	_
78	؟	؟	؟	_	_

0	آیا	آیا	آیا	_	_
1	ساختاری	ساختار	ساختار	_	_
2	هوشمند	هوشمند	هوشمند	_	_
3	(	(	(	_	_
4	وجود	وجود	وجود	_	_
5	نظم	نظم	نظم	_	_
6	بین	بین	بین	_	_
7	سلول‌ها	سلول	سلول	_	_
8	و	و	و	_	_
9	اجزای	اجزا	اجزا	_	_
10	مختلف	مختلف	مختلف	_	_
11	)	)	)	_	_
12	،	،	،	_	_
13	موجود	موجود	موجود	_	_
14	زنده	زنده	زنده	_	_
15	را	را	را	_	_
16	تشکیل	تشکیل	تشکیل	_	_
17	می‌دهد	می‌دهد	داد	_	_
18	!؟	!؟	!؟	_	_

0	که	که	که	_	_
1	البته	البته	البته	_	_
2	سلول‌های	سلول	سلول	_	_
3	سرطانی	سرطان	سرطان	_	_
4	این	این	این	_	_
5	موضوع	موضوع	موضوع	_	_
6	را	را	را	_	_
7	رد	رد	رد	_	_
8	می‌کنند	می‌کنند	کرد	_	_
9	زیرا	زیرا	زیرا	_	_
10	در	در	در	_	_
11	مقابل	مقابل	مقابل	_	_
12	از	از	از	_	_
13	بین	بین	بین	_	_
14	رفتنشان	رفتن	رفتن	_	_
15	مقاومت	مقاوم	مقاومت	_	_
16	می‌کنند	می‌کنند	کرد	_	_
17	و	و	و	_	_
18	مانع	مانع	مانع	_	_
19	از	از	از	_	_
20	درست	درس	درست	_	_
21	کار	کار	کار	_	_
22	کرد	کرد	کرد	_	_
23	بدن	بدن	بدن	_	_
24	می‌شوند	می‌شوند	شد	_	_
25	(	(	(	_	_
26	سلول‌ها	سلول	سلول	_	_
27	بعد	بعد	بعد	_	_
28	از	از	از	_	_
29	پایان	پا	پایان	_	_
30	عمر	عمر	عمر	_	_
31	،	،	،	_	_
32	باید	باید	باید	_	_
33	با	با	با	_	_
34	سلول‌	سلول	سلول	_	_
35	ها		ها	_	_
36	یی		یی	_	_
37	جدید	جدید	جدید	_	_
38	جایگزین	جایگزین	جایگزین	_	_
39	شوند	شوند	شد	_	_
40	)	)	)	_	_
41	.	.	.	_	_

0	به	به	به	_	_
1	زبانی	زبان	زبان	_	_
2	دیگر	دیگر	دیگر	_	_
3	سلولهای	سلول	سلول	_	_
4	یک	یک	یک	_	_
5	فرد	فرد	فرد	_	_
6	سرطانی	سرطان	سرطان	_	_
7	نامیرا	نامیرا	نامیرا	_	_
8	شده	شده	شده	_	_
9	و	و	و	_	_
10	در	در	در	_	_
11	مقابل	مقابل	مقابل	_	_
12	مرگ	مرگ	مرگ	_	_
13	خود	خود	خود	_	_
14	و	و	و	_	_
15	فرمان	فرمان	فرمان	_	_
16	طبیعی	طبیعی	طبیعی	_	_
17	بدن	بدن	بدن	_	_
18	مقاومت	مقاوم	مقاومت	_	_
19	می‌کنند	می‌کنند	کرد	_	_
20	ولی	ول	ولی	_	_
21	فرد	فرد	فرد	_	_
22	سرطانی	سرطان	سرطان	_	_
23	فردی	فرد	فرد	_	_
24	زنده	زنده	زنده	_	_
25	است	است		_	_
26	با	با	با	_	_
27	اینکه	اینکه	اینکه	_	_
28	برخی	برخی	برخی	_	_
29	از	از	از	_	_
30	اعضای	اعضا	اعضا	_	_
31	بدنش	بدن	بدن	_	_
32	درست	درس	درست	_	_
33	کار	کار	کار	_	_
34	نمی	نم	نم	_	_
35	‌کند	‌کند	‌کند	_	_
36	.	.	.	_	_

0	زندگی	زندگی	زندگی	_	_
1	ممکن	ممکن	ممکن	_	_
2	است	است		_	_
3	به	به	به	_	_
4	خاطر	خاطر	خاطر	_	_
5	سلول‌های	سلول	سلول	_	_
6	عصبی	عصب	عصبی	_	_
7	و	و	و	_	_
8	مغزی	مغز	مغز	_	_
9	باشد	باشد	بود	_	_
10	که	که	که	_	_
11	در	در	در	_	_
12	طول	طول	طول	_	_
13	زندگی	زندگی	زندگی	_	_
14	جایگزین	جایگزین	جایگزین	_	_
15	نمی‌شوند	نمی‌شوند	شد	_	_
16	و	و	و	_	_
17	فقط	فقط	فقط	_	_
18	رشد	رشد	رشد	_	_
19	می‌کنند	می‌کنند	کرد	_	_
20	و	و	و	_	_
21	می‌دانیم	می‌دان	دانست	_	_
22	که	که	که	_	_
23	اگر	اگر	اگر	_	_
24	فردی	فرد	فرد	_	_
25	اعضای	اعضا	اعضا	_	_
26	بدنش	بدن	بدن	_	_
27	را	را	را	_	_
28	اهدا	اهدا	اهدا	_	_
29	کند	کند	کند	_	_
30	خودش	خود	خودش	_	_
31	باقی	باقی	باقی	_	_
32	میماند	میماند	میماند	_	_
33	و	و	و	_	_
34	از	از	از	_	_
35	خودش	خود	خودش	_	_
36	کم	کم	کم	_	_
37	نمی‌شود	نمی‌شود	شد	_	_
38	ولی	ول	ولی	_	_
39	کسی	کس	کس	_	_
40	نمی‌تواند	نمی‌تواند	توانست	_	_
41	مغزش	مغز	مغز	_	_
42	را	را	را	_	_
43	عوض	عوض	عوض	_	_
44	کند	کند	کند	_	_
45	.	.	.	_	_

0	به	به	به	_	_
1	تعریفی	تعریف	تعریف	_	_
2	دیگر	دیگر	دیگر	_	_
3	حیات	حی	حیات	_	_
4	نحوهٔ	نحوه	نحوه	_	_
5	خاص	خاص	خاص	_	_
6	از	از	از	_	_
7	هستی	هستی	هستی	_	_
8	است	است		_	_
9	که	که	که	_	_
10	مبدأ	مبدأ	مبدأ	_	_
11	ظهور	ظهور	ظهور	_	_
12	علم	علم	علم	_	_
13	و	و	و	_	_
14	قدرت	قدر	قدرت	_	_
15	شده	شده	شده	_	_
16	و	و	و	_	_
17	عامل	عامل	عامل	_	_
18	هماهنگ	هماهنگ	هماهنگ	_	_
19	کننده	کننده	کننده	_	_
20	"	"	"	_	_
21	اندیشه	اندیشه	اندیشه	_	_
22	علمی	علم	علم	_	_
23	"	"	"	_	_
24	و	و	و	_	_
25	"	"	"	_	_
26	انگیزه	انگیزه	انگیزه	_	_
27	عملی	عمل	عملی	_	_
28	"	"	"	_	_
29	است	است		_	_
30	،	،	،	_	_
31	به	به	به	_	_
32	طوری	طور	طوری	_	_
33	که	که	که	_	_
34	اندیشه	اندیشه	اندیشه	_	_
35	علمی	علم	علم	_	_
36	بر	بر	بر	_	_
37	انگیزه	انگیزه	انگیزه	_	_
38	عملی	عمل	عملی	_	_
39	اشراف	اشراف	اشراف	_	_
40	و	و	و	_	_
41	نظارت	نظارت	نظارت	_	_
42	داشته	داشته	داشته	_	_
43	و	و	و	_	_
44	انگیزه	انگیزه	انگیزه	_	_
45	عملی	عمل	عملی	_	_
46	تحت	تحت	تحت	_	_
47	هدایت	هدایت	هدایت	_	_
48	اندیشه	اندیشه	اندیشه	_	_
49	علمی	علم	علم	_	_
50	،	،	،	_	_
51	به	به	به	_	_
52	صورت	صور	صورت	_	_
53	کوشش	کوشش	کوشش	_	_
54	عینی	عین	عین	_	_
55	ظهور	ظهور	ظهور	_	_
56	یابد	یابد	یافت	_	_
57	.	.	.	_	_

